<?xml version="1.0" encoding="UTF-8"?>
<testsuite xmlns:xsi="http://www.w3.org/2001/XMLSchema-instance" xsi:noNamespaceSchemaLocation="https://maven.apache.org/surefire/maven-surefire-plugin/xsd/surefire-test-report.xsd" name="org.apache.hadoop.ozone.client.rpc.TestOzoneClientRetriesOnException" time="384.052" tests="2" errors="1" skipped="0" failures="0">
  <properties>
    <property name="awt.toolkit" value="sun.awt.X11.XToolkit"/>
    <property name="file.encoding.pkg" value="sun.io"/>
    <property name="java.specification.version" value="1.8"/>
    <property name="sun.cpu.isalist" value=""/>
    <property name="sun.jnu.encoding" value="UTF-8"/>
    <property name="java.class.path" value="/workdir/hadoop-ozone/integration-test/target/test-classes:/workdir/hadoop-ozone/integration-test/target/classes:/home/user/.m2/repository/org/apache/hadoop/hadoop-ozone-common/0.5.0-SNAPSHOT/hadoop-ozone-common-0.5.0-SNAPSHOT.jar:/home/user/.m2/repository/org/apache/commons/commons-compress/1.4.1/commons-compress-1.4.1.jar:/home/user/.m2/repository/org/tukaani/xz/1.0/xz-1.0.jar:/home/user/.m2/repository/org/apache/hadoop/hadoop-common/3.2.0/hadoop-common-3.2.0.jar:/home/user/.m2/repository/org/apache/hadoop/hadoop-hdfs/3.2.0/hadoop-hdfs-3.2.0.jar:/home/user/.m2/repository/org/apache/hadoop/hadoop-hdfs-client/3.2.0/hadoop-hdfs-client-3.2.0.jar:/home/user/.m2/repository/com/fasterxml/jackson/core/jackson-annotations/2.9.5/jackson-annotations-2.9.5.jar:/home/user/.m2/repository/org/apache/hadoop/hadoop-hdds-common/0.5.0-SNAPSHOT/hadoop-hdds-common-0.5.0-SNAPSHOT.jar:/home/user/.m2/repository/javax/annotation/javax.annotation-api/1.2/javax.annotation-api-1.2.jar:/home/user/.m2/repository/org/apache/ratis/ratis-server/0.4.0-2337318-SNAPSHOT/ratis-server-0.4.0-2337318-SNAPSHOT.jar:/home/user/.m2/repository/org/apache/ratis/ratis-thirdparty-misc/0.2.0/ratis-thirdparty-misc-0.2.0.jar:/home/user/.m2/repository/org/apache/ratis/ratis-proto/0.4.0-2337318-SNAPSHOT/ratis-proto-0.4.0-2337318-SNAPSHOT.jar:/home/user/.m2/repository/org/apache/ratis/ratis-common/0.4.0-2337318-SNAPSHOT/ratis-common-0.4.0-2337318-SNAPSHOT.jar:/home/user/.m2/repository/org/apache/ratis/ratis-client/0.4.0-2337318-SNAPSHOT/ratis-client-0.4.0-2337318-SNAPSHOT.jar:/home/user/.m2/repository/org/apache/ratis/ratis-metrics/0.4.0-2337318-SNAPSHOT/ratis-metrics-0.4.0-2337318-SNAPSHOT.jar:/home/user/.m2/repository/org/apache/ratis/ratis-netty/0.4.0-2337318-SNAPSHOT/ratis-netty-0.4.0-2337318-SNAPSHOT.jar:/home/user/.m2/repository/org/apache/ratis/ratis-grpc/0.4.0-2337318-SNAPSHOT/ratis-grpc-0.4.0-2337318-SNAPSHOT.jar:/home/user/.m2/repository/org/rocksdb/rocksdbjni/6.0.1/rocksdbjni-6.0.1.jar:/home/user/.m2/repository/org/apache/logging/log4j/log4j-api/2.11.0/log4j-api-2.11.0.jar:/home/user/.m2/repository/org/apache/logging/log4j/log4j-core/2.11.0/log4j-core-2.11.0.jar:/home/user/.m2/repository/com/lmax/disruptor/3.4.2/disruptor-3.4.2.jar:/home/user/.m2/repository/org/apache/commons/commons-pool2/2.6.0/commons-pool2-2.6.0.jar:/home/user/.m2/repository/org/bouncycastle/bcpkix-jdk15on/1.60/bcpkix-jdk15on-1.60.jar:/home/user/.m2/repository/commons-validator/commons-validator/1.6/commons-validator-1.6.jar:/home/user/.m2/repository/commons-digester/commons-digester/1.8.1/commons-digester-1.8.1.jar:/home/user/.m2/repository/io/jaegertracing/jaeger-client/0.33.1/jaeger-client-0.33.1.jar:/home/user/.m2/repository/io/jaegertracing/jaeger-thrift/0.33.1/jaeger-thrift-0.33.1.jar:/home/user/.m2/repository/org/apache/thrift/libthrift/0.11.0/libthrift-0.11.0.jar:/home/user/.m2/repository/com/squareup/okhttp3/okhttp/3.9.0/okhttp-3.9.0.jar:/home/user/.m2/repository/com/squareup/okio/okio/1.13.0/okio-1.13.0.jar:/home/user/.m2/repository/io/jaegertracing/jaeger-core/0.33.1/jaeger-core-0.33.1.jar:/home/user/.m2/repository/io/jaegertracing/jaeger-tracerresolver/0.33.1/jaeger-tracerresolver-0.33.1.jar:/home/user/.m2/repository/io/opentracing/contrib/opentracing-tracerresolver/0.1.5/opentracing-tracerresolver-0.1.5.jar:/home/user/.m2/repository/io/opentracing/opentracing-util/0.31.0/opentracing-util-0.31.0.jar:/home/user/.m2/repository/io/opentracing/opentracing-api/0.31.0/opentracing-api-0.31.0.jar:/home/user/.m2/repository/io/opentracing/opentracing-noop/0.31.0/opentracing-noop-0.31.0.jar:/home/user/.m2/repository/org/apache/hadoop/hadoop-hdds-server-framework/0.5.0-SNAPSHOT/hadoop-hdds-server-framework-0.5.0-SNAPSHOT.jar:/home/user/.m2/repository/org/apache/hadoop/hadoop-hdds-container-service/0.5.0-SNAPSHOT/hadoop-hdds-container-service-0.5.0-SNAPSHOT.jar:/home/user/.m2/repository/org/apache/hadoop/hadoop-hdds-client/0.5.0-SNAPSHOT/hadoop-hdds-client-0.5.0-SNAPSHOT.jar:/home/user/.m2/repository/org/apache/hadoop/hadoop-hdds-tools/0.5.0-SNAPSHOT/hadoop-hdds-tools-0.5.0-SNAPSHOT.jar:/home/user/.m2/repository/org/apache/hadoop/hadoop-hdds-server-scm/0.5.0-SNAPSHOT/hadoop-hdds-server-scm-0.5.0-SNAPSHOT.jar:/home/user/.m2/repository/org/apache/hadoop/hadoop-hdds-docs/0.5.0-SNAPSHOT/hadoop-hdds-docs-0.5.0-SNAPSHOT.jar:/home/user/.m2/repository/io/dropwizard/metrics/metrics-core/3.2.4/metrics-core-3.2.4.jar:/home/user/.m2/repository/org/hamcrest/hamcrest-all/1.3/hamcrest-all-1.3.jar:/home/user/.m2/repository/org/bouncycastle/bcprov-jdk15on/1.60/bcprov-jdk15on-1.60.jar:/home/user/.m2/repository/info/picocli/picocli/3.9.6/picocli-3.9.6.jar:/home/user/.m2/repository/com/google/protobuf/protobuf-java/2.5.0/protobuf-java-2.5.0.jar:/home/user/.m2/repository/com/google/guava/guava/11.0.2/guava-11.0.2.jar:/home/user/.m2/repository/org/apache/hadoop/hadoop-ozone-ozone-manager/0.5.0-SNAPSHOT/hadoop-ozone-ozone-manager-0.5.0-SNAPSHOT.jar:/home/user/.m2/repository/org/apache/hadoop/hadoop-minikdc/3.2.0/hadoop-minikdc-3.2.0.jar:/home/user/.m2/repository/commons-io/commons-io/2.5/commons-io-2.5.jar:/home/user/.m2/repository/org/apache/kerby/kerb-simplekdc/1.0.1/kerb-simplekdc-1.0.1.jar:/home/user/.m2/repository/org/apache/kerby/kerb-client/1.0.1/kerb-client-1.0.1.jar:/home/user/.m2/repository/org/apache/kerby/kerby-config/1.0.1/kerby-config-1.0.1.jar:/home/user/.m2/repository/org/apache/kerby/kerb-core/1.0.1/kerb-core-1.0.1.jar:/home/user/.m2/repository/org/apache/kerby/kerby-pkix/1.0.1/kerby-pkix-1.0.1.jar:/home/user/.m2/repository/org/apache/kerby/kerby-asn1/1.0.1/kerby-asn1-1.0.1.jar:/home/user/.m2/repository/org/apache/kerby/kerby-util/1.0.1/kerby-util-1.0.1.jar:/home/user/.m2/repository/org/apache/kerby/kerb-common/1.0.1/kerb-common-1.0.1.jar:/home/user/.m2/repository/org/apache/kerby/kerb-crypto/1.0.1/kerb-crypto-1.0.1.jar:/home/user/.m2/repository/org/apache/kerby/kerb-util/1.0.1/kerb-util-1.0.1.jar:/home/user/.m2/repository/org/apache/kerby/token-provider/1.0.1/token-provider-1.0.1.jar:/home/user/.m2/repository/org/apache/kerby/kerb-admin/1.0.1/kerb-admin-1.0.1.jar:/home/user/.m2/repository/org/apache/kerby/kerb-server/1.0.1/kerb-server-1.0.1.jar:/home/user/.m2/repository/org/apache/kerby/kerb-identity/1.0.1/kerb-identity-1.0.1.jar:/home/user/.m2/repository/org/apache/kerby/kerby-xdr/1.0.1/kerby-xdr-1.0.1.jar:/home/user/.m2/repository/org/slf4j/slf4j-log4j12/1.7.25/slf4j-log4j12-1.7.25.jar:/home/user/.m2/repository/org/apache/hadoop/hadoop-ozone-objectstore-service/0.5.0-SNAPSHOT/hadoop-ozone-objectstore-service-0.5.0-SNAPSHOT.jar:/home/user/.m2/repository/org/apache/hadoop/hadoop-ozone-s3gateway/0.5.0-SNAPSHOT/hadoop-ozone-s3gateway-0.5.0-SNAPSHOT.jar:/home/user/.m2/repository/org/jboss/weld/servlet/weld-servlet/2.4.7.Final/weld-servlet-2.4.7.Final.jar:/home/user/.m2/repository/org/glassfish/jersey/containers/jersey-container-servlet-core/2.27/jersey-container-servlet-core-2.27.jar:/home/user/.m2/repository/org/glassfish/hk2/external/javax.inject/2.5.0-b42/javax.inject-2.5.0-b42.jar:/home/user/.m2/repository/org/glassfish/jersey/core/jersey-common/2.27/jersey-common-2.27.jar:/home/user/.m2/repository/org/glassfish/hk2/osgi-resource-locator/1.0.1/osgi-resource-locator-1.0.1.jar:/home/user/.m2/repository/javax/ws/rs/javax.ws.rs-api/2.1/javax.ws.rs-api-2.1.jar:/home/user/.m2/repository/org/glassfish/jersey/ext/cdi/jersey-cdi1x/2.27/jersey-cdi1x-2.27.jar:/home/user/.m2/repository/org/glassfish/jersey/inject/jersey-hk2/2.27/jersey-hk2-2.27.jar:/home/user/.m2/repository/org/glassfish/hk2/hk2-locator/2.5.0-b42/hk2-locator-2.5.0-b42.jar:/home/user/.m2/repository/org/javassist/javassist/3.22.0-CR2/javassist-3.22.0-CR2.jar:/home/user/.m2/repository/org/glassfish/hk2/hk2-api/2.5.0/hk2-api-2.5.0.jar:/home/user/.m2/repository/org/glassfish/hk2/external/jakarta.inject/2.5.0/jakarta.inject-2.5.0.jar:/home/user/.m2/repository/org/glassfish/hk2/hk2-utils/2.5.0/hk2-utils-2.5.0.jar:/home/user/.m2/repository/jakarta/annotation/jakarta.annotation-api/1.3.4/jakarta.annotation-api-1.3.4.jar:/home/user/.m2/repository/org/glassfish/hk2/external/aopalliance-repackaged/2.5.0/aopalliance-repackaged-2.5.0.jar:/home/user/.m2/repository/com/fasterxml/jackson/dataformat/jackson-dataformat-xml/2.9.0/jackson-dataformat-xml-2.9.0.jar:/home/user/.m2/repository/com/fasterxml/jackson/core/jackson-core/2.9.5/jackson-core-2.9.5.jar:/home/user/.m2/repository/com/fasterxml/jackson/module/jackson-module-jaxb-annotations/2.9.5/jackson-module-jaxb-annotations-2.9.5.jar:/home/user/.m2/repository/javax/enterprise/cdi-api/1.2/cdi-api-1.2.jar:/home/user/.m2/repository/javax/el/javax.el-api/3.0.0/javax.el-api-3.0.0.jar:/home/user/.m2/repository/javax/interceptor/javax.interceptor-api/1.2/javax.interceptor-api-1.2.jar:/home/user/.m2/repository/javax/inject/javax.inject/1/javax.inject-1.jar:/home/user/.m2/repository/com/sun/xml/bind/jaxb-impl/2.3.0.1/jaxb-impl-2.3.0.1.jar:/home/user/.m2/repository/com/sun/xml/bind/jaxb-core/2.3.0.1/jaxb-core-2.3.0.1.jar:/home/user/.m2/repository/javax/xml/bind/jaxb-api/2.3.0/jaxb-api-2.3.0.jar:/home/user/.m2/repository/javax/activation/activation/1.1.1/activation-1.1.1.jar:/home/user/.m2/repository/org/apache/hadoop/hadoop-ozone-csi/0.5.0-SNAPSHOT/hadoop-ozone-csi-0.5.0-SNAPSHOT.jar:/home/user/.m2/repository/com/google/protobuf/protobuf-java-util/3.5.1/protobuf-java-util-3.5.1.jar:/home/user/.m2/repository/org/apache/hadoop/hadoop-hdds-config/0.5.0-SNAPSHOT/hadoop-hdds-config-0.5.0-SNAPSHOT.jar:/home/user/.m2/repository/io/grpc/grpc-netty/1.17.1/grpc-netty-1.17.1.jar:/home/user/.m2/repository/io/grpc/grpc-core/1.17.1/grpc-core-1.17.1.jar:/home/user/.m2/repository/io/grpc/grpc-context/1.17.1/grpc-context-1.17.1.jar:/home/user/.m2/repository/com/google/errorprone/error_prone_annotations/2.2.0/error_prone_annotations-2.2.0.jar:/home/user/.m2/repository/org/codehaus/mojo/animal-sniffer-annotations/1.17/animal-sniffer-annotations-1.17.jar:/home/user/.m2/repository/io/opencensus/opencensus-api/0.17.0/opencensus-api-0.17.0.jar:/home/user/.m2/repository/io/opencensus/opencensus-contrib-grpc-metrics/0.17.0/opencensus-contrib-grpc-metrics-0.17.0.jar:/home/user/.m2/repository/io/netty/netty-codec-http2/4.1.30.Final/netty-codec-http2-4.1.30.Final.jar:/home/user/.m2/repository/io/netty/netty-codec-http/4.1.30.Final/netty-codec-http-4.1.30.Final.jar:/home/user/.m2/repository/io/netty/netty-codec/4.1.30.Final/netty-codec-4.1.30.Final.jar:/home/user/.m2/repository/io/netty/netty-handler/4.1.30.Final/netty-handler-4.1.30.Final.jar:/home/user/.m2/repository/io/netty/netty-handler-proxy/4.1.30.Final/netty-handler-proxy-4.1.30.Final.jar:/home/user/.m2/repository/io/netty/netty-codec-socks/4.1.30.Final/netty-codec-socks-4.1.30.Final.jar:/home/user/.m2/repository/io/netty/netty-transport-native-epoll/4.1.30.Final/netty-transport-native-epoll-4.1.30.Final.jar:/home/user/.m2/repository/io/netty/netty-common/4.1.30.Final/netty-common-4.1.30.Final.jar:/home/user/.m2/repository/io/netty/netty-buffer/4.1.30.Final/netty-buffer-4.1.30.Final.jar:/home/user/.m2/repository/io/netty/netty-transport/4.1.30.Final/netty-transport-4.1.30.Final.jar:/home/user/.m2/repository/io/netty/netty-resolver/4.1.30.Final/netty-resolver-4.1.30.Final.jar:/home/user/.m2/repository/io/netty/netty-transport-native-unix-common/4.1.30.Final/netty-transport-native-unix-common-4.1.30.Final.jar:/home/user/.m2/repository/io/grpc/grpc-protobuf/1.17.1/grpc-protobuf-1.17.1.jar:/home/user/.m2/repository/com/google/api/grpc/proto-google-common-protos/1.0.0/proto-google-common-protos-1.0.0.jar:/home/user/.m2/repository/io/grpc/grpc-protobuf-lite/1.17.1/grpc-protobuf-lite-1.17.1.jar:/home/user/.m2/repository/io/grpc/grpc-stub/1.17.1/grpc-stub-1.17.1.jar:/home/user/.m2/repository/org/apache/hadoop/hadoop-ozone-recon/0.5.0-SNAPSHOT/hadoop-ozone-recon-0.5.0-SNAPSHOT.jar:/home/user/.m2/repository/org/apache/hadoop/hadoop-ozone-reconcodegen/0.5.0-SNAPSHOT/hadoop-ozone-reconcodegen-0.5.0-SNAPSHOT.jar:/home/user/.m2/repository/com/google/inject/extensions/guice-multibindings/4.0/guice-multibindings-4.0.jar:/home/user/.m2/repository/com/google/inject/guice/4.0/guice-4.0.jar:/home/user/.m2/repository/aopalliance/aopalliance/1.0/aopalliance-1.0.jar:/home/user/.m2/repository/com/google/inject/extensions/guice-servlet/4.0/guice-servlet-4.0.jar:/home/user/.m2/repository/org/glassfish/jersey/containers/jersey-container-servlet/2.27/jersey-container-servlet-2.27.jar:/home/user/.m2/repository/org/glassfish/hk2/guice-bridge/2.5.0/guice-bridge-2.5.0.jar:/home/user/.m2/repository/org/glassfish/jersey/core/jersey-server/2.27/jersey-server-2.27.jar:/home/user/.m2/repository/org/glassfish/jersey/core/jersey-client/2.27/jersey-client-2.27.jar:/home/user/.m2/repository/org/glassfish/jersey/media/jersey-media-jaxb/2.27/jersey-media-jaxb-2.27.jar:/home/user/.m2/repository/javax/validation/validation-api/1.1.0.Final/validation-api-1.1.0.Final.jar:/home/user/.m2/repository/org/glassfish/jersey/media/jersey-media-json-jackson/2.27/jersey-media-json-jackson-2.27.jar:/home/user/.m2/repository/org/glassfish/jersey/ext/jersey-entity-filtering/2.27/jersey-entity-filtering-2.27.jar:/home/user/.m2/repository/com/google/inject/extensions/guice-assistedinject/4.0/guice-assistedinject-4.0.jar:/home/user/.m2/repository/org/jooq/jooq/3.11.10/jooq-3.11.10.jar:/home/user/.m2/repository/org/jooq/jooq-meta/3.11.10/jooq-meta-3.11.10.jar:/home/user/.m2/repository/org/jooq/jooq-codegen/3.11.10/jooq-codegen-3.11.10.jar:/home/user/.m2/repository/com/jolbox/bonecp/0.8.0.RELEASE/bonecp-0.8.0.RELEASE.jar:/home/user/.m2/repository/org/xerial/sqlite-jdbc/3.25.2/sqlite-jdbc-3.25.2.jar:/home/user/.m2/repository/org/springframework/spring-jdbc/5.1.3.RELEASE/spring-jdbc-5.1.3.RELEASE.jar:/home/user/.m2/repository/org/springframework/spring-beans/5.1.3.RELEASE/spring-beans-5.1.3.RELEASE.jar:/home/user/.m2/repository/org/springframework/spring-core/5.1.3.RELEASE/spring-core-5.1.3.RELEASE.jar:/home/user/.m2/repository/org/springframework/spring-jcl/5.1.3.RELEASE/spring-jcl-5.1.3.RELEASE.jar:/home/user/.m2/repository/org/springframework/spring-tx/5.1.3.RELEASE/spring-tx-5.1.3.RELEASE.jar:/home/user/.m2/repository/org/apache/hadoop/hadoop-ozone-client/0.5.0-SNAPSHOT/hadoop-ozone-client-0.5.0-SNAPSHOT.jar:/home/user/.m2/repository/commons-lang/commons-lang/2.6/commons-lang-2.6.jar:/home/user/.m2/repository/org/apache/hadoop/hadoop-ozone-ozone-manager/0.5.0-SNAPSHOT/hadoop-ozone-ozone-manager-0.5.0-SNAPSHOT-tests.jar:/home/user/.m2/repository/junit/junit/4.11/junit-4.11.jar:/home/user/.m2/repository/org/hamcrest/hamcrest-core/1.3/hamcrest-core-1.3.jar:/home/user/.m2/repository/org/openjdk/jmh/jmh-core/1.19/jmh-core-1.19.jar:/home/user/.m2/repository/net/sf/jopt-simple/jopt-simple/4.6/jopt-simple-4.6.jar:/home/user/.m2/repository/org/apache/commons/commons-math3/3.1.1/commons-math3-3.1.1.jar:/home/user/.m2/repository/org/openjdk/jmh/jmh-generator-annprocess/1.19/jmh-generator-annprocess-1.19.jar:/home/user/.m2/repository/org/mockito/mockito-all/1.8.5/mockito-all-1.8.5.jar:/home/user/.m2/repository/org/apache/hadoop/hadoop-kms/3.2.0/hadoop-kms-3.2.0.jar:/home/user/.m2/repository/org/apache/hadoop/hadoop-auth/3.2.0/hadoop-auth-3.2.0.jar:/home/user/.m2/repository/com/nimbusds/nimbus-jose-jwt/4.41.1/nimbus-jose-jwt-4.41.1.jar:/home/user/.m2/repository/com/github/stephenc/jcip/jcip-annotations/1.0-1/jcip-annotations-1.0-1.jar:/home/user/.m2/repository/net/minidev/json-smart/2.3/json-smart-2.3.jar:/home/user/.m2/repository/net/minidev/accessors-smart/1.2/accessors-smart-1.2.jar:/home/user/.m2/repository/org/ow2/asm/asm/5.0.4/asm-5.0.4.jar:/home/user/.m2/repository/org/apache/curator/curator-framework/2.12.0/curator-framework-2.12.0.jar:/home/user/.m2/repository/com/sun/jersey/jersey-core/1.19/jersey-core-1.19.jar:/home/user/.m2/repository/javax/ws/rs/jsr311-api/1.1.1/jsr311-api-1.1.1.jar:/home/user/.m2/repository/com/sun/jersey/jersey-server/1.19/jersey-server-1.19.jar:/home/user/.m2/repository/javax/servlet/javax.servlet-api/3.1.0/javax.servlet-api-3.1.0.jar:/home/user/.m2/repository/org/eclipse/jetty/jetty-server/9.3.24.v20180605/jetty-server-9.3.24.v20180605.jar:/home/user/.m2/repository/org/eclipse/jetty/jetty-http/9.3.24.v20180605/jetty-http-9.3.24.v20180605.jar:/home/user/.m2/repository/org/eclipse/jetty/jetty-io/9.3.24.v20180605/jetty-io-9.3.24.v20180605.jar:/home/user/.m2/repository/org/eclipse/jetty/jetty-webapp/9.3.24.v20180605/jetty-webapp-9.3.24.v20180605.jar:/home/user/.m2/repository/org/eclipse/jetty/jetty-xml/9.3.24.v20180605/jetty-xml-9.3.24.v20180605.jar:/home/user/.m2/repository/log4j/log4j/1.2.17/log4j-1.2.17.jar:/home/user/.m2/repository/org/slf4j/slf4j-api/1.7.25/slf4j-api-1.7.25.jar:/home/user/.m2/repository/org/slf4j/jul-to-slf4j/1.7.25/jul-to-slf4j-1.7.25.jar:/home/user/.m2/repository/org/eclipse/jetty/jetty-util/9.3.24.v20180605/jetty-util-9.3.24.v20180605.jar:/home/user/.m2/repository/com/fasterxml/jackson/core/jackson-databind/2.9.5/jackson-databind-2.9.5.jar:/home/user/.m2/repository/org/apache/hadoop/hadoop-kms/3.2.0/hadoop-kms-3.2.0-tests.jar:/home/user/.m2/repository/org/apache/hadoop/hadoop-hdds-server-scm/0.5.0-SNAPSHOT/hadoop-hdds-server-scm-0.5.0-SNAPSHOT-tests.jar:/home/user/.m2/repository/org/apache/hadoop/hadoop-hdds-container-service/0.5.0-SNAPSHOT/hadoop-hdds-container-service-0.5.0-SNAPSHOT-tests.jar:/home/user/.m2/repository/org/yaml/snakeyaml/1.16/snakeyaml-1.16.jar:/home/user/.m2/repository/org/apache/hadoop/hadoop-common/3.2.0/hadoop-common-3.2.0-tests.jar:/home/user/.m2/repository/org/apache/hadoop/hadoop-annotations/3.2.0/hadoop-annotations-3.2.0.jar:/usr/lib/jvm/java-1.8-openjdk/jre/../lib/tools.jar:/home/user/.m2/repository/commons-cli/commons-cli/1.2/commons-cli-1.2.jar:/home/user/.m2/repository/org/apache/httpcomponents/httpclient/4.5.2/httpclient-4.5.2.jar:/home/user/.m2/repository/org/apache/httpcomponents/httpcore/4.4.4/httpcore-4.4.4.jar:/home/user/.m2/repository/commons-codec/commons-codec/1.11/commons-codec-1.11.jar:/home/user/.m2/repository/commons-net/commons-net/3.6/commons-net-3.6.jar:/home/user/.m2/repository/commons-collections/commons-collections/3.2.2/commons-collections-3.2.2.jar:/home/user/.m2/repository/org/eclipse/jetty/jetty-servlet/9.3.24.v20180605/jetty-servlet-9.3.24.v20180605.jar:/home/user/.m2/repository/org/eclipse/jetty/jetty-security/9.3.24.v20180605/jetty-security-9.3.24.v20180605.jar:/home/user/.m2/repository/javax/servlet/jsp/jsp-api/2.1/jsp-api-2.1.jar:/home/user/.m2/repository/com/sun/jersey/jersey-servlet/1.19/jersey-servlet-1.19.jar:/home/user/.m2/repository/com/sun/jersey/jersey-json/1.19/jersey-json-1.19.jar:/home/user/.m2/repository/org/codehaus/jettison/jettison/1.1/jettison-1.1.jar:/home/user/.m2/repository/org/codehaus/jackson/jackson-core-asl/1.9.13/jackson-core-asl-1.9.13.jar:/home/user/.m2/repository/org/codehaus/jackson/jackson-mapper-asl/1.9.13/jackson-mapper-asl-1.9.13.jar:/home/user/.m2/repository/org/codehaus/jackson/jackson-jaxrs/1.9.13/jackson-jaxrs-1.9.13.jar:/home/user/.m2/repository/org/codehaus/jackson/jackson-xc/1.9.13/jackson-xc-1.9.13.jar:/home/user/.m2/repository/commons-logging/commons-logging/1.1.3/commons-logging-1.1.3.jar:/home/user/.m2/repository/commons-beanutils/commons-beanutils/1.9.3/commons-beanutils-1.9.3.jar:/home/user/.m2/repository/org/apache/commons/commons-configuration2/2.1.1/commons-configuration2-2.1.1.jar:/home/user/.m2/repository/org/apache/commons/commons-lang3/3.7/commons-lang3-3.7.jar:/home/user/.m2/repository/org/apache/commons/commons-text/1.4/commons-text-1.4.jar:/home/user/.m2/repository/org/apache/avro/avro/1.7.7/avro-1.7.7.jar:/home/user/.m2/repository/com/thoughtworks/paranamer/paranamer/2.3/paranamer-2.3.jar:/home/user/.m2/repository/org/xerial/snappy/snappy-java/1.0.5/snappy-java-1.0.5.jar:/home/user/.m2/repository/com/google/re2j/re2j/1.1/re2j-1.1.jar:/home/user/.m2/repository/com/google/code/gson/gson/2.2.4/gson-2.2.4.jar:/home/user/.m2/repository/com/jcraft/jsch/0.1.54/jsch-0.1.54.jar:/home/user/.m2/repository/org/apache/curator/curator-client/2.12.0/curator-client-2.12.0.jar:/home/user/.m2/repository/org/apache/curator/curator-recipes/2.12.0/curator-recipes-2.12.0.jar:/home/user/.m2/repository/com/google/code/findbugs/jsr305/3.0.0/jsr305-3.0.0.jar:/home/user/.m2/repository/org/apache/htrace/htrace-core4/4.1.0-incubating/htrace-core4-4.1.0-incubating.jar:/home/user/.m2/repository/org/apache/zookeeper/zookeeper/3.4.13/zookeeper-3.4.13.jar:/home/user/.m2/repository/org/apache/yetus/audience-annotations/0.5.0/audience-annotations-0.5.0.jar:/home/user/.m2/repository/org/codehaus/woodstox/stax2-api/3.1.4/stax2-api-3.1.4.jar:/home/user/.m2/repository/com/fasterxml/woodstox/woodstox-core/5.0.3/woodstox-core-5.0.3.jar:/home/user/.m2/repository/dnsjava/dnsjava/2.1.7/dnsjava-2.1.7.jar:/home/user/.m2/repository/org/apache/hadoop/hadoop-hdfs/3.2.0/hadoop-hdfs-3.2.0-tests.jar:/home/user/.m2/repository/org/eclipse/jetty/jetty-util-ajax/9.3.24.v20180605/jetty-util-ajax-9.3.24.v20180605.jar:/home/user/.m2/repository/commons-daemon/commons-daemon/1.0.13/commons-daemon-1.0.13.jar:/home/user/.m2/repository/io/netty/netty/3.10.5.Final/netty-3.10.5.Final.jar:/home/user/.m2/repository/io/netty/netty-all/4.0.52.Final/netty-all-4.0.52.Final.jar:/home/user/.m2/repository/org/fusesource/leveldbjni/leveldbjni-all/1.8/leveldbjni-all-1.8.jar:"/>
    <property name="java.vm.vendor" value="IcedTea"/>
    <property name="sun.arch.data.model" value="64"/>
    <property name="test.build.dir" value="/workdir/hadoop-ozone/integration-test/target/test-dir"/>
    <property name="test.cache.data" value=""/>
    <property name="java.vendor.url" value="https://icedtea.classpath.org"/>
    <property name="user.timezone" value=""/>
    <property name="java.vm.specification.version" value="1.8"/>
    <property name="os.name" value="Linux"/>
    <property name="test.build.data" value="/workdir/hadoop-ozone/integration-test/target/test-dir"/>
    <property name="user.country" value="US"/>
    <property name="sun.java.launcher" value="SUN_STANDARD"/>
    <property name="sun.boot.library.path" value="/usr/lib/jvm/java-1.8-openjdk/jre/lib/amd64"/>
    <property name="sun.java.command" value="/workdir/hadoop-ozone/integration-test/target/surefire/surefirebooter4154093375483951369.jar /workdir/hadoop-ozone/integration-test/target/surefire 2019-09-03T08-56-51_186-jvmRun1 surefire6268981805823090984tmp surefire_375259378912955750988tmp"/>
    <property name="test" value="!TestMiniChaosOzoneCluster"/>
    <property name="surefire.test.class.path" value="/workdir/hadoop-ozone/integration-test/target/test-classes:/workdir/hadoop-ozone/integration-test/target/classes:/home/user/.m2/repository/org/apache/hadoop/hadoop-ozone-common/0.5.0-SNAPSHOT/hadoop-ozone-common-0.5.0-SNAPSHOT.jar:/home/user/.m2/repository/org/apache/commons/commons-compress/1.4.1/commons-compress-1.4.1.jar:/home/user/.m2/repository/org/tukaani/xz/1.0/xz-1.0.jar:/home/user/.m2/repository/org/apache/hadoop/hadoop-common/3.2.0/hadoop-common-3.2.0.jar:/home/user/.m2/repository/org/apache/hadoop/hadoop-hdfs/3.2.0/hadoop-hdfs-3.2.0.jar:/home/user/.m2/repository/org/apache/hadoop/hadoop-hdfs-client/3.2.0/hadoop-hdfs-client-3.2.0.jar:/home/user/.m2/repository/com/fasterxml/jackson/core/jackson-annotations/2.9.5/jackson-annotations-2.9.5.jar:/home/user/.m2/repository/org/apache/hadoop/hadoop-hdds-common/0.5.0-SNAPSHOT/hadoop-hdds-common-0.5.0-SNAPSHOT.jar:/home/user/.m2/repository/javax/annotation/javax.annotation-api/1.2/javax.annotation-api-1.2.jar:/home/user/.m2/repository/org/apache/ratis/ratis-server/0.4.0-2337318-SNAPSHOT/ratis-server-0.4.0-2337318-SNAPSHOT.jar:/home/user/.m2/repository/org/apache/ratis/ratis-thirdparty-misc/0.2.0/ratis-thirdparty-misc-0.2.0.jar:/home/user/.m2/repository/org/apache/ratis/ratis-proto/0.4.0-2337318-SNAPSHOT/ratis-proto-0.4.0-2337318-SNAPSHOT.jar:/home/user/.m2/repository/org/apache/ratis/ratis-common/0.4.0-2337318-SNAPSHOT/ratis-common-0.4.0-2337318-SNAPSHOT.jar:/home/user/.m2/repository/org/apache/ratis/ratis-client/0.4.0-2337318-SNAPSHOT/ratis-client-0.4.0-2337318-SNAPSHOT.jar:/home/user/.m2/repository/org/apache/ratis/ratis-metrics/0.4.0-2337318-SNAPSHOT/ratis-metrics-0.4.0-2337318-SNAPSHOT.jar:/home/user/.m2/repository/org/apache/ratis/ratis-netty/0.4.0-2337318-SNAPSHOT/ratis-netty-0.4.0-2337318-SNAPSHOT.jar:/home/user/.m2/repository/org/apache/ratis/ratis-grpc/0.4.0-2337318-SNAPSHOT/ratis-grpc-0.4.0-2337318-SNAPSHOT.jar:/home/user/.m2/repository/org/rocksdb/rocksdbjni/6.0.1/rocksdbjni-6.0.1.jar:/home/user/.m2/repository/org/apache/logging/log4j/log4j-api/2.11.0/log4j-api-2.11.0.jar:/home/user/.m2/repository/org/apache/logging/log4j/log4j-core/2.11.0/log4j-core-2.11.0.jar:/home/user/.m2/repository/com/lmax/disruptor/3.4.2/disruptor-3.4.2.jar:/home/user/.m2/repository/org/apache/commons/commons-pool2/2.6.0/commons-pool2-2.6.0.jar:/home/user/.m2/repository/org/bouncycastle/bcpkix-jdk15on/1.60/bcpkix-jdk15on-1.60.jar:/home/user/.m2/repository/commons-validator/commons-validator/1.6/commons-validator-1.6.jar:/home/user/.m2/repository/commons-digester/commons-digester/1.8.1/commons-digester-1.8.1.jar:/home/user/.m2/repository/io/jaegertracing/jaeger-client/0.33.1/jaeger-client-0.33.1.jar:/home/user/.m2/repository/io/jaegertracing/jaeger-thrift/0.33.1/jaeger-thrift-0.33.1.jar:/home/user/.m2/repository/org/apache/thrift/libthrift/0.11.0/libthrift-0.11.0.jar:/home/user/.m2/repository/com/squareup/okhttp3/okhttp/3.9.0/okhttp-3.9.0.jar:/home/user/.m2/repository/com/squareup/okio/okio/1.13.0/okio-1.13.0.jar:/home/user/.m2/repository/io/jaegertracing/jaeger-core/0.33.1/jaeger-core-0.33.1.jar:/home/user/.m2/repository/io/jaegertracing/jaeger-tracerresolver/0.33.1/jaeger-tracerresolver-0.33.1.jar:/home/user/.m2/repository/io/opentracing/contrib/opentracing-tracerresolver/0.1.5/opentracing-tracerresolver-0.1.5.jar:/home/user/.m2/repository/io/opentracing/opentracing-util/0.31.0/opentracing-util-0.31.0.jar:/home/user/.m2/repository/io/opentracing/opentracing-api/0.31.0/opentracing-api-0.31.0.jar:/home/user/.m2/repository/io/opentracing/opentracing-noop/0.31.0/opentracing-noop-0.31.0.jar:/home/user/.m2/repository/org/apache/hadoop/hadoop-hdds-server-framework/0.5.0-SNAPSHOT/hadoop-hdds-server-framework-0.5.0-SNAPSHOT.jar:/home/user/.m2/repository/org/apache/hadoop/hadoop-hdds-container-service/0.5.0-SNAPSHOT/hadoop-hdds-container-service-0.5.0-SNAPSHOT.jar:/home/user/.m2/repository/org/apache/hadoop/hadoop-hdds-client/0.5.0-SNAPSHOT/hadoop-hdds-client-0.5.0-SNAPSHOT.jar:/home/user/.m2/repository/org/apache/hadoop/hadoop-hdds-tools/0.5.0-SNAPSHOT/hadoop-hdds-tools-0.5.0-SNAPSHOT.jar:/home/user/.m2/repository/org/apache/hadoop/hadoop-hdds-server-scm/0.5.0-SNAPSHOT/hadoop-hdds-server-scm-0.5.0-SNAPSHOT.jar:/home/user/.m2/repository/org/apache/hadoop/hadoop-hdds-docs/0.5.0-SNAPSHOT/hadoop-hdds-docs-0.5.0-SNAPSHOT.jar:/home/user/.m2/repository/io/dropwizard/metrics/metrics-core/3.2.4/metrics-core-3.2.4.jar:/home/user/.m2/repository/org/hamcrest/hamcrest-all/1.3/hamcrest-all-1.3.jar:/home/user/.m2/repository/org/bouncycastle/bcprov-jdk15on/1.60/bcprov-jdk15on-1.60.jar:/home/user/.m2/repository/info/picocli/picocli/3.9.6/picocli-3.9.6.jar:/home/user/.m2/repository/com/google/protobuf/protobuf-java/2.5.0/protobuf-java-2.5.0.jar:/home/user/.m2/repository/com/google/guava/guava/11.0.2/guava-11.0.2.jar:/home/user/.m2/repository/org/apache/hadoop/hadoop-ozone-ozone-manager/0.5.0-SNAPSHOT/hadoop-ozone-ozone-manager-0.5.0-SNAPSHOT.jar:/home/user/.m2/repository/org/apache/hadoop/hadoop-minikdc/3.2.0/hadoop-minikdc-3.2.0.jar:/home/user/.m2/repository/commons-io/commons-io/2.5/commons-io-2.5.jar:/home/user/.m2/repository/org/apache/kerby/kerb-simplekdc/1.0.1/kerb-simplekdc-1.0.1.jar:/home/user/.m2/repository/org/apache/kerby/kerb-client/1.0.1/kerb-client-1.0.1.jar:/home/user/.m2/repository/org/apache/kerby/kerby-config/1.0.1/kerby-config-1.0.1.jar:/home/user/.m2/repository/org/apache/kerby/kerb-core/1.0.1/kerb-core-1.0.1.jar:/home/user/.m2/repository/org/apache/kerby/kerby-pkix/1.0.1/kerby-pkix-1.0.1.jar:/home/user/.m2/repository/org/apache/kerby/kerby-asn1/1.0.1/kerby-asn1-1.0.1.jar:/home/user/.m2/repository/org/apache/kerby/kerby-util/1.0.1/kerby-util-1.0.1.jar:/home/user/.m2/repository/org/apache/kerby/kerb-common/1.0.1/kerb-common-1.0.1.jar:/home/user/.m2/repository/org/apache/kerby/kerb-crypto/1.0.1/kerb-crypto-1.0.1.jar:/home/user/.m2/repository/org/apache/kerby/kerb-util/1.0.1/kerb-util-1.0.1.jar:/home/user/.m2/repository/org/apache/kerby/token-provider/1.0.1/token-provider-1.0.1.jar:/home/user/.m2/repository/org/apache/kerby/kerb-admin/1.0.1/kerb-admin-1.0.1.jar:/home/user/.m2/repository/org/apache/kerby/kerb-server/1.0.1/kerb-server-1.0.1.jar:/home/user/.m2/repository/org/apache/kerby/kerb-identity/1.0.1/kerb-identity-1.0.1.jar:/home/user/.m2/repository/org/apache/kerby/kerby-xdr/1.0.1/kerby-xdr-1.0.1.jar:/home/user/.m2/repository/org/slf4j/slf4j-log4j12/1.7.25/slf4j-log4j12-1.7.25.jar:/home/user/.m2/repository/org/apache/hadoop/hadoop-ozone-objectstore-service/0.5.0-SNAPSHOT/hadoop-ozone-objectstore-service-0.5.0-SNAPSHOT.jar:/home/user/.m2/repository/org/apache/hadoop/hadoop-ozone-s3gateway/0.5.0-SNAPSHOT/hadoop-ozone-s3gateway-0.5.0-SNAPSHOT.jar:/home/user/.m2/repository/org/jboss/weld/servlet/weld-servlet/2.4.7.Final/weld-servlet-2.4.7.Final.jar:/home/user/.m2/repository/org/glassfish/jersey/containers/jersey-container-servlet-core/2.27/jersey-container-servlet-core-2.27.jar:/home/user/.m2/repository/org/glassfish/hk2/external/javax.inject/2.5.0-b42/javax.inject-2.5.0-b42.jar:/home/user/.m2/repository/org/glassfish/jersey/core/jersey-common/2.27/jersey-common-2.27.jar:/home/user/.m2/repository/org/glassfish/hk2/osgi-resource-locator/1.0.1/osgi-resource-locator-1.0.1.jar:/home/user/.m2/repository/javax/ws/rs/javax.ws.rs-api/2.1/javax.ws.rs-api-2.1.jar:/home/user/.m2/repository/org/glassfish/jersey/ext/cdi/jersey-cdi1x/2.27/jersey-cdi1x-2.27.jar:/home/user/.m2/repository/org/glassfish/jersey/inject/jersey-hk2/2.27/jersey-hk2-2.27.jar:/home/user/.m2/repository/org/glassfish/hk2/hk2-locator/2.5.0-b42/hk2-locator-2.5.0-b42.jar:/home/user/.m2/repository/org/javassist/javassist/3.22.0-CR2/javassist-3.22.0-CR2.jar:/home/user/.m2/repository/org/glassfish/hk2/hk2-api/2.5.0/hk2-api-2.5.0.jar:/home/user/.m2/repository/org/glassfish/hk2/external/jakarta.inject/2.5.0/jakarta.inject-2.5.0.jar:/home/user/.m2/repository/org/glassfish/hk2/hk2-utils/2.5.0/hk2-utils-2.5.0.jar:/home/user/.m2/repository/jakarta/annotation/jakarta.annotation-api/1.3.4/jakarta.annotation-api-1.3.4.jar:/home/user/.m2/repository/org/glassfish/hk2/external/aopalliance-repackaged/2.5.0/aopalliance-repackaged-2.5.0.jar:/home/user/.m2/repository/com/fasterxml/jackson/dataformat/jackson-dataformat-xml/2.9.0/jackson-dataformat-xml-2.9.0.jar:/home/user/.m2/repository/com/fasterxml/jackson/core/jackson-core/2.9.5/jackson-core-2.9.5.jar:/home/user/.m2/repository/com/fasterxml/jackson/module/jackson-module-jaxb-annotations/2.9.5/jackson-module-jaxb-annotations-2.9.5.jar:/home/user/.m2/repository/javax/enterprise/cdi-api/1.2/cdi-api-1.2.jar:/home/user/.m2/repository/javax/el/javax.el-api/3.0.0/javax.el-api-3.0.0.jar:/home/user/.m2/repository/javax/interceptor/javax.interceptor-api/1.2/javax.interceptor-api-1.2.jar:/home/user/.m2/repository/javax/inject/javax.inject/1/javax.inject-1.jar:/home/user/.m2/repository/com/sun/xml/bind/jaxb-impl/2.3.0.1/jaxb-impl-2.3.0.1.jar:/home/user/.m2/repository/com/sun/xml/bind/jaxb-core/2.3.0.1/jaxb-core-2.3.0.1.jar:/home/user/.m2/repository/javax/xml/bind/jaxb-api/2.3.0/jaxb-api-2.3.0.jar:/home/user/.m2/repository/javax/activation/activation/1.1.1/activation-1.1.1.jar:/home/user/.m2/repository/org/apache/hadoop/hadoop-ozone-csi/0.5.0-SNAPSHOT/hadoop-ozone-csi-0.5.0-SNAPSHOT.jar:/home/user/.m2/repository/com/google/protobuf/protobuf-java-util/3.5.1/protobuf-java-util-3.5.1.jar:/home/user/.m2/repository/org/apache/hadoop/hadoop-hdds-config/0.5.0-SNAPSHOT/hadoop-hdds-config-0.5.0-SNAPSHOT.jar:/home/user/.m2/repository/io/grpc/grpc-netty/1.17.1/grpc-netty-1.17.1.jar:/home/user/.m2/repository/io/grpc/grpc-core/1.17.1/grpc-core-1.17.1.jar:/home/user/.m2/repository/io/grpc/grpc-context/1.17.1/grpc-context-1.17.1.jar:/home/user/.m2/repository/com/google/errorprone/error_prone_annotations/2.2.0/error_prone_annotations-2.2.0.jar:/home/user/.m2/repository/org/codehaus/mojo/animal-sniffer-annotations/1.17/animal-sniffer-annotations-1.17.jar:/home/user/.m2/repository/io/opencensus/opencensus-api/0.17.0/opencensus-api-0.17.0.jar:/home/user/.m2/repository/io/opencensus/opencensus-contrib-grpc-metrics/0.17.0/opencensus-contrib-grpc-metrics-0.17.0.jar:/home/user/.m2/repository/io/netty/netty-codec-http2/4.1.30.Final/netty-codec-http2-4.1.30.Final.jar:/home/user/.m2/repository/io/netty/netty-codec-http/4.1.30.Final/netty-codec-http-4.1.30.Final.jar:/home/user/.m2/repository/io/netty/netty-codec/4.1.30.Final/netty-codec-4.1.30.Final.jar:/home/user/.m2/repository/io/netty/netty-handler/4.1.30.Final/netty-handler-4.1.30.Final.jar:/home/user/.m2/repository/io/netty/netty-handler-proxy/4.1.30.Final/netty-handler-proxy-4.1.30.Final.jar:/home/user/.m2/repository/io/netty/netty-codec-socks/4.1.30.Final/netty-codec-socks-4.1.30.Final.jar:/home/user/.m2/repository/io/netty/netty-transport-native-epoll/4.1.30.Final/netty-transport-native-epoll-4.1.30.Final.jar:/home/user/.m2/repository/io/netty/netty-common/4.1.30.Final/netty-common-4.1.30.Final.jar:/home/user/.m2/repository/io/netty/netty-buffer/4.1.30.Final/netty-buffer-4.1.30.Final.jar:/home/user/.m2/repository/io/netty/netty-transport/4.1.30.Final/netty-transport-4.1.30.Final.jar:/home/user/.m2/repository/io/netty/netty-resolver/4.1.30.Final/netty-resolver-4.1.30.Final.jar:/home/user/.m2/repository/io/netty/netty-transport-native-unix-common/4.1.30.Final/netty-transport-native-unix-common-4.1.30.Final.jar:/home/user/.m2/repository/io/grpc/grpc-protobuf/1.17.1/grpc-protobuf-1.17.1.jar:/home/user/.m2/repository/com/google/api/grpc/proto-google-common-protos/1.0.0/proto-google-common-protos-1.0.0.jar:/home/user/.m2/repository/io/grpc/grpc-protobuf-lite/1.17.1/grpc-protobuf-lite-1.17.1.jar:/home/user/.m2/repository/io/grpc/grpc-stub/1.17.1/grpc-stub-1.17.1.jar:/home/user/.m2/repository/org/apache/hadoop/hadoop-ozone-recon/0.5.0-SNAPSHOT/hadoop-ozone-recon-0.5.0-SNAPSHOT.jar:/home/user/.m2/repository/org/apache/hadoop/hadoop-ozone-reconcodegen/0.5.0-SNAPSHOT/hadoop-ozone-reconcodegen-0.5.0-SNAPSHOT.jar:/home/user/.m2/repository/com/google/inject/extensions/guice-multibindings/4.0/guice-multibindings-4.0.jar:/home/user/.m2/repository/com/google/inject/guice/4.0/guice-4.0.jar:/home/user/.m2/repository/aopalliance/aopalliance/1.0/aopalliance-1.0.jar:/home/user/.m2/repository/com/google/inject/extensions/guice-servlet/4.0/guice-servlet-4.0.jar:/home/user/.m2/repository/org/glassfish/jersey/containers/jersey-container-servlet/2.27/jersey-container-servlet-2.27.jar:/home/user/.m2/repository/org/glassfish/hk2/guice-bridge/2.5.0/guice-bridge-2.5.0.jar:/home/user/.m2/repository/org/glassfish/jersey/core/jersey-server/2.27/jersey-server-2.27.jar:/home/user/.m2/repository/org/glassfish/jersey/core/jersey-client/2.27/jersey-client-2.27.jar:/home/user/.m2/repository/org/glassfish/jersey/media/jersey-media-jaxb/2.27/jersey-media-jaxb-2.27.jar:/home/user/.m2/repository/javax/validation/validation-api/1.1.0.Final/validation-api-1.1.0.Final.jar:/home/user/.m2/repository/org/glassfish/jersey/media/jersey-media-json-jackson/2.27/jersey-media-json-jackson-2.27.jar:/home/user/.m2/repository/org/glassfish/jersey/ext/jersey-entity-filtering/2.27/jersey-entity-filtering-2.27.jar:/home/user/.m2/repository/com/google/inject/extensions/guice-assistedinject/4.0/guice-assistedinject-4.0.jar:/home/user/.m2/repository/org/jooq/jooq/3.11.10/jooq-3.11.10.jar:/home/user/.m2/repository/org/jooq/jooq-meta/3.11.10/jooq-meta-3.11.10.jar:/home/user/.m2/repository/org/jooq/jooq-codegen/3.11.10/jooq-codegen-3.11.10.jar:/home/user/.m2/repository/com/jolbox/bonecp/0.8.0.RELEASE/bonecp-0.8.0.RELEASE.jar:/home/user/.m2/repository/org/xerial/sqlite-jdbc/3.25.2/sqlite-jdbc-3.25.2.jar:/home/user/.m2/repository/org/springframework/spring-jdbc/5.1.3.RELEASE/spring-jdbc-5.1.3.RELEASE.jar:/home/user/.m2/repository/org/springframework/spring-beans/5.1.3.RELEASE/spring-beans-5.1.3.RELEASE.jar:/home/user/.m2/repository/org/springframework/spring-core/5.1.3.RELEASE/spring-core-5.1.3.RELEASE.jar:/home/user/.m2/repository/org/springframework/spring-jcl/5.1.3.RELEASE/spring-jcl-5.1.3.RELEASE.jar:/home/user/.m2/repository/org/springframework/spring-tx/5.1.3.RELEASE/spring-tx-5.1.3.RELEASE.jar:/home/user/.m2/repository/org/apache/hadoop/hadoop-ozone-client/0.5.0-SNAPSHOT/hadoop-ozone-client-0.5.0-SNAPSHOT.jar:/home/user/.m2/repository/commons-lang/commons-lang/2.6/commons-lang-2.6.jar:/home/user/.m2/repository/org/apache/hadoop/hadoop-ozone-ozone-manager/0.5.0-SNAPSHOT/hadoop-ozone-ozone-manager-0.5.0-SNAPSHOT-tests.jar:/home/user/.m2/repository/junit/junit/4.11/junit-4.11.jar:/home/user/.m2/repository/org/hamcrest/hamcrest-core/1.3/hamcrest-core-1.3.jar:/home/user/.m2/repository/org/openjdk/jmh/jmh-core/1.19/jmh-core-1.19.jar:/home/user/.m2/repository/net/sf/jopt-simple/jopt-simple/4.6/jopt-simple-4.6.jar:/home/user/.m2/repository/org/apache/commons/commons-math3/3.1.1/commons-math3-3.1.1.jar:/home/user/.m2/repository/org/openjdk/jmh/jmh-generator-annprocess/1.19/jmh-generator-annprocess-1.19.jar:/home/user/.m2/repository/org/mockito/mockito-all/1.8.5/mockito-all-1.8.5.jar:/home/user/.m2/repository/org/apache/hadoop/hadoop-kms/3.2.0/hadoop-kms-3.2.0.jar:/home/user/.m2/repository/org/apache/hadoop/hadoop-auth/3.2.0/hadoop-auth-3.2.0.jar:/home/user/.m2/repository/com/nimbusds/nimbus-jose-jwt/4.41.1/nimbus-jose-jwt-4.41.1.jar:/home/user/.m2/repository/com/github/stephenc/jcip/jcip-annotations/1.0-1/jcip-annotations-1.0-1.jar:/home/user/.m2/repository/net/minidev/json-smart/2.3/json-smart-2.3.jar:/home/user/.m2/repository/net/minidev/accessors-smart/1.2/accessors-smart-1.2.jar:/home/user/.m2/repository/org/ow2/asm/asm/5.0.4/asm-5.0.4.jar:/home/user/.m2/repository/org/apache/curator/curator-framework/2.12.0/curator-framework-2.12.0.jar:/home/user/.m2/repository/com/sun/jersey/jersey-core/1.19/jersey-core-1.19.jar:/home/user/.m2/repository/javax/ws/rs/jsr311-api/1.1.1/jsr311-api-1.1.1.jar:/home/user/.m2/repository/com/sun/jersey/jersey-server/1.19/jersey-server-1.19.jar:/home/user/.m2/repository/javax/servlet/javax.servlet-api/3.1.0/javax.servlet-api-3.1.0.jar:/home/user/.m2/repository/org/eclipse/jetty/jetty-server/9.3.24.v20180605/jetty-server-9.3.24.v20180605.jar:/home/user/.m2/repository/org/eclipse/jetty/jetty-http/9.3.24.v20180605/jetty-http-9.3.24.v20180605.jar:/home/user/.m2/repository/org/eclipse/jetty/jetty-io/9.3.24.v20180605/jetty-io-9.3.24.v20180605.jar:/home/user/.m2/repository/org/eclipse/jetty/jetty-webapp/9.3.24.v20180605/jetty-webapp-9.3.24.v20180605.jar:/home/user/.m2/repository/org/eclipse/jetty/jetty-xml/9.3.24.v20180605/jetty-xml-9.3.24.v20180605.jar:/home/user/.m2/repository/log4j/log4j/1.2.17/log4j-1.2.17.jar:/home/user/.m2/repository/org/slf4j/slf4j-api/1.7.25/slf4j-api-1.7.25.jar:/home/user/.m2/repository/org/slf4j/jul-to-slf4j/1.7.25/jul-to-slf4j-1.7.25.jar:/home/user/.m2/repository/org/eclipse/jetty/jetty-util/9.3.24.v20180605/jetty-util-9.3.24.v20180605.jar:/home/user/.m2/repository/com/fasterxml/jackson/core/jackson-databind/2.9.5/jackson-databind-2.9.5.jar:/home/user/.m2/repository/org/apache/hadoop/hadoop-kms/3.2.0/hadoop-kms-3.2.0-tests.jar:/home/user/.m2/repository/org/apache/hadoop/hadoop-hdds-server-scm/0.5.0-SNAPSHOT/hadoop-hdds-server-scm-0.5.0-SNAPSHOT-tests.jar:/home/user/.m2/repository/org/apache/hadoop/hadoop-hdds-container-service/0.5.0-SNAPSHOT/hadoop-hdds-container-service-0.5.0-SNAPSHOT-tests.jar:/home/user/.m2/repository/org/yaml/snakeyaml/1.16/snakeyaml-1.16.jar:/home/user/.m2/repository/org/apache/hadoop/hadoop-common/3.2.0/hadoop-common-3.2.0-tests.jar:/home/user/.m2/repository/org/apache/hadoop/hadoop-annotations/3.2.0/hadoop-annotations-3.2.0.jar:/usr/lib/jvm/java-1.8-openjdk/jre/../lib/tools.jar:/home/user/.m2/repository/commons-cli/commons-cli/1.2/commons-cli-1.2.jar:/home/user/.m2/repository/org/apache/httpcomponents/httpclient/4.5.2/httpclient-4.5.2.jar:/home/user/.m2/repository/org/apache/httpcomponents/httpcore/4.4.4/httpcore-4.4.4.jar:/home/user/.m2/repository/commons-codec/commons-codec/1.11/commons-codec-1.11.jar:/home/user/.m2/repository/commons-net/commons-net/3.6/commons-net-3.6.jar:/home/user/.m2/repository/commons-collections/commons-collections/3.2.2/commons-collections-3.2.2.jar:/home/user/.m2/repository/org/eclipse/jetty/jetty-servlet/9.3.24.v20180605/jetty-servlet-9.3.24.v20180605.jar:/home/user/.m2/repository/org/eclipse/jetty/jetty-security/9.3.24.v20180605/jetty-security-9.3.24.v20180605.jar:/home/user/.m2/repository/javax/servlet/jsp/jsp-api/2.1/jsp-api-2.1.jar:/home/user/.m2/repository/com/sun/jersey/jersey-servlet/1.19/jersey-servlet-1.19.jar:/home/user/.m2/repository/com/sun/jersey/jersey-json/1.19/jersey-json-1.19.jar:/home/user/.m2/repository/org/codehaus/jettison/jettison/1.1/jettison-1.1.jar:/home/user/.m2/repository/org/codehaus/jackson/jackson-core-asl/1.9.13/jackson-core-asl-1.9.13.jar:/home/user/.m2/repository/org/codehaus/jackson/jackson-mapper-asl/1.9.13/jackson-mapper-asl-1.9.13.jar:/home/user/.m2/repository/org/codehaus/jackson/jackson-jaxrs/1.9.13/jackson-jaxrs-1.9.13.jar:/home/user/.m2/repository/org/codehaus/jackson/jackson-xc/1.9.13/jackson-xc-1.9.13.jar:/home/user/.m2/repository/commons-logging/commons-logging/1.1.3/commons-logging-1.1.3.jar:/home/user/.m2/repository/commons-beanutils/commons-beanutils/1.9.3/commons-beanutils-1.9.3.jar:/home/user/.m2/repository/org/apache/commons/commons-configuration2/2.1.1/commons-configuration2-2.1.1.jar:/home/user/.m2/repository/org/apache/commons/commons-lang3/3.7/commons-lang3-3.7.jar:/home/user/.m2/repository/org/apache/commons/commons-text/1.4/commons-text-1.4.jar:/home/user/.m2/repository/org/apache/avro/avro/1.7.7/avro-1.7.7.jar:/home/user/.m2/repository/com/thoughtworks/paranamer/paranamer/2.3/paranamer-2.3.jar:/home/user/.m2/repository/org/xerial/snappy/snappy-java/1.0.5/snappy-java-1.0.5.jar:/home/user/.m2/repository/com/google/re2j/re2j/1.1/re2j-1.1.jar:/home/user/.m2/repository/com/google/code/gson/gson/2.2.4/gson-2.2.4.jar:/home/user/.m2/repository/com/jcraft/jsch/0.1.54/jsch-0.1.54.jar:/home/user/.m2/repository/org/apache/curator/curator-client/2.12.0/curator-client-2.12.0.jar:/home/user/.m2/repository/org/apache/curator/curator-recipes/2.12.0/curator-recipes-2.12.0.jar:/home/user/.m2/repository/com/google/code/findbugs/jsr305/3.0.0/jsr305-3.0.0.jar:/home/user/.m2/repository/org/apache/htrace/htrace-core4/4.1.0-incubating/htrace-core4-4.1.0-incubating.jar:/home/user/.m2/repository/org/apache/zookeeper/zookeeper/3.4.13/zookeeper-3.4.13.jar:/home/user/.m2/repository/org/apache/yetus/audience-annotations/0.5.0/audience-annotations-0.5.0.jar:/home/user/.m2/repository/org/codehaus/woodstox/stax2-api/3.1.4/stax2-api-3.1.4.jar:/home/user/.m2/repository/com/fasterxml/woodstox/woodstox-core/5.0.3/woodstox-core-5.0.3.jar:/home/user/.m2/repository/dnsjava/dnsjava/2.1.7/dnsjava-2.1.7.jar:/home/user/.m2/repository/org/apache/hadoop/hadoop-hdfs/3.2.0/hadoop-hdfs-3.2.0-tests.jar:/home/user/.m2/repository/org/eclipse/jetty/jetty-util-ajax/9.3.24.v20180605/jetty-util-ajax-9.3.24.v20180605.jar:/home/user/.m2/repository/commons-daemon/commons-daemon/1.0.13/commons-daemon-1.0.13.jar:/home/user/.m2/repository/io/netty/netty/3.10.5.Final/netty-3.10.5.Final.jar:/home/user/.m2/repository/io/netty/netty-all/4.0.52.Final/netty-all-4.0.52.Final.jar:/home/user/.m2/repository/org/fusesource/leveldbjni/leveldbjni-all/1.8/leveldbjni-all-1.8.jar:"/>
    <property name="sun.cpu.endian" value="little"/>
    <property name="user.home" value="/home/user"/>
    <property name="user.language" value="en"/>
    <property name="java.specification.vendor" value="Oracle Corporation"/>
    <property name="java.home" value="/usr/lib/jvm/java-1.8-openjdk/jre"/>
    <property name="java.security.krb5.conf" value="/workdir/hadoop-ozone/integration-test/target/test-classes/krb5.conf"/>
    <property name="basedir" value="/workdir/hadoop-ozone/integration-test"/>
    <property name="file.separator" value="/"/>
    <property name="line.separator" value="&#10;"/>
    <property name="java.vm.specification.vendor" value="Oracle Corporation"/>
    <property name="java.specification.name" value="Java Platform API Specification"/>
    <property name="java.awt.graphicsenv" value="sun.awt.X11GraphicsEnvironment"/>
    <property name="surefire.real.class.path" value="/workdir/hadoop-ozone/integration-test/target/surefire/surefirebooter4154093375483951369.jar"/>
    <property name="hadoop.log.dir" value="/workdir/hadoop-ozone/integration-test/target/log"/>
    <property name="sun.boot.class.path" value="/usr/lib/jvm/java-1.8-openjdk/jre/lib/resources.jar:/usr/lib/jvm/java-1.8-openjdk/jre/lib/rt.jar:/usr/lib/jvm/java-1.8-openjdk/jre/lib/sunrsasign.jar:/usr/lib/jvm/java-1.8-openjdk/jre/lib/jsse.jar:/usr/lib/jvm/java-1.8-openjdk/jre/lib/jce.jar:/usr/lib/jvm/java-1.8-openjdk/jre/lib/charsets.jar:/usr/lib/jvm/java-1.8-openjdk/jre/lib/jfr.jar:/usr/lib/jvm/java-1.8-openjdk/jre/classes"/>
    <property name="sun.management.compiler" value="HotSpot 64-Bit Tiered Compilers"/>
    <property name="java.runtime.version" value="1.8.0_212-b04"/>
    <property name="java.net.preferIPv4Stack" value="true"/>
    <property name="user.name" value="jenkins1000"/>
    <property name="path.separator" value=":"/>
    <property name="java.security.egd" value="file:///dev/urandom"/>
    <property name="os.version" value="3.10.0-957.12.2.el7.x86_64"/>
    <property name="java.endorsed.dirs" value="/usr/lib/jvm/java-1.8-openjdk/jre/lib/endorsed"/>
    <property name="java.runtime.name" value="OpenJDK Runtime Environment"/>
    <property name="file.encoding" value="UTF-8"/>
    <property name="java.vm.name" value="OpenJDK 64-Bit Server VM"/>
    <property name="test.build.webapps" value=""/>
    <property name="localRepository" value="/home/user/.m2/repository"/>
    <property name="java.vendor.url.bug" value="https://icedtea.classpath.org/bugzilla"/>
    <property name="java.io.tmpdir" value="/tmp"/>
    <property name="require.test.libhadoop" value=""/>
    <property name="java.version" value="1.8.0_212"/>
    <property name="user.dir" value="/workdir/hadoop-ozone/integration-test"/>
    <property name="os.arch" value="amd64"/>
    <property name="java.vm.specification.name" value="Java Virtual Machine Specification"/>
    <property name="test.build.classes" value="/workdir/hadoop-ozone/integration-test/target/test-classes"/>
    <property name="java.awt.printerjob" value="sun.print.PSPrinterJob"/>
    <property name="sun.os.patch.level" value="unknown"/>
    <property name="hadoop.tmp.dir" value="/workdir/hadoop-ozone/integration-test/target/tmp"/>
    <property name="java.library.path" value="/usr/lib/jvm/java-1.8-openjdk/jre/lib/amd64/server:/usr/lib/jvm/java-1.8-openjdk/jre/lib/amd64:/usr/lib/jvm/java-1.8-openjdk/jre/../lib/amd64:/workdir/hadoop-ozone/integration-test/target/native/target/usr/local/lib:/workdir/hadoop-ozone/integration-test/../../hadoop-common-project/hadoop-common/target/native/target/usr/local/lib:/usr/java/packages/lib/amd64:/usr/lib64:/lib64:/lib:/usr/lib"/>
    <property name="java.vm.info" value="mixed mode"/>
    <property name="java.vendor" value="IcedTea"/>
    <property name="java.vm.version" value="25.212-b04"/>
    <property name="java.ext.dirs" value="/usr/lib/jvm/java-1.8-openjdk/jre/lib/ext:/usr/java/packages/lib/ext"/>
    <property name="sun.io.unicode.encoding" value="UnicodeLittle"/>
    <property name="java.class.version" value="52.0"/>
  </properties>
  <testcase name="testGroupMismatchExceptionHandling" classname="org.apache.hadoop.ozone.client.rpc.TestOzoneClientRetriesOnException" time="47.241"/>
  <testcase name="testMaxRetriesByOzoneClient" classname="org.apache.hadoop.ozone.client.rpc.TestOzoneClientRetriesOnException" time="336.556">
    <error message="Failed to command cmdType: CreateContainer&#10;containerID: 1&#10;datanodeUuid: &quot;a24a5d44-532e-4ff6-8e9a-f2506e5c1784&quot;&#10;createContainer {&#10;}&#10;" type="java.io.IOException">java.io.IOException: 
Failed to command cmdType: CreateContainer
containerID: 1
datanodeUuid: "a24a5d44-532e-4ff6-8e9a-f2506e5c1784"
createContainer {
}

	at org.apache.hadoop.hdds.scm.XceiverClientSpi.sendCommand(XceiverClientSpi.java:113)
	at org.apache.hadoop.ozone.client.rpc.TestOzoneClientRetriesOnException.testMaxRetriesByOzoneClient(TestOzoneClientRetriesOnException.java:190)
	at sun.reflect.NativeMethodAccessorImpl.invoke0(Native Method)
	at sun.reflect.NativeMethodAccessorImpl.invoke(NativeMethodAccessorImpl.java:62)
	at sun.reflect.DelegatingMethodAccessorImpl.invoke(DelegatingMethodAccessorImpl.java:43)
	at java.lang.reflect.Method.invoke(Method.java:498)
	at org.junit.runners.model.FrameworkMethod$1.runReflectiveCall(FrameworkMethod.java:47)
	at org.junit.internal.runners.model.ReflectiveCallable.run(ReflectiveCallable.java:12)
	at org.junit.runners.model.FrameworkMethod.invokeExplosively(FrameworkMethod.java:44)
	at org.junit.internal.runners.statements.InvokeMethod.evaluate(InvokeMethod.java:17)
	at org.junit.internal.runners.statements.RunBefores.evaluate(RunBefores.java:26)
	at org.junit.internal.runners.statements.RunAfters.evaluate(RunAfters.java:27)
	at org.junit.runners.ParentRunner.runLeaf(ParentRunner.java:271)
	at org.junit.runners.BlockJUnit4ClassRunner.runChild(BlockJUnit4ClassRunner.java:70)
	at org.junit.runners.BlockJUnit4ClassRunner.runChild(BlockJUnit4ClassRunner.java:50)
	at org.junit.runners.ParentRunner$3.run(ParentRunner.java:238)
	at org.junit.runners.ParentRunner$1.schedule(ParentRunner.java:63)
	at org.junit.runners.ParentRunner.runChildren(ParentRunner.java:236)
	at org.junit.runners.ParentRunner.access$000(ParentRunner.java:53)
	at org.junit.runners.ParentRunner$2.evaluate(ParentRunner.java:229)
	at org.junit.runners.ParentRunner.run(ParentRunner.java:309)
	at org.apache.maven.surefire.junit4.JUnit4Provider.execute(JUnit4Provider.java:365)
	at org.apache.maven.surefire.junit4.JUnit4Provider.executeWithRerun(JUnit4Provider.java:273)
	at org.apache.maven.surefire.junit4.JUnit4Provider.executeTestSet(JUnit4Provider.java:238)
	at org.apache.maven.surefire.junit4.JUnit4Provider.invoke(JUnit4Provider.java:159)
	at org.apache.maven.surefire.booter.ForkedBooter.invokeProviderInSameClassLoader(ForkedBooter.java:384)
	at org.apache.maven.surefire.booter.ForkedBooter.runSuitesInProcess(ForkedBooter.java:345)
	at org.apache.maven.surefire.booter.ForkedBooter.execute(ForkedBooter.java:126)
	at org.apache.maven.surefire.booter.ForkedBooter.main(ForkedBooter.java:418)
Caused by: java.util.concurrent.ExecutionException: org.apache.ratis.protocol.RaftRetryFailureException: Failed RaftClientRequest:client-411D9B923220->54a7770c-e3e5-4c4a-b2d5-1e155816e439@group-A3ADB0FA2990, cid=48, seq=4*, RW, org.apache.hadoop.hdds.scm.XceiverClientRatis$$Lambda$315/2109182431@35a67b4 for 180 attempts with RetryLimited(maxAttempts=180, sleepTime=1000ms)
	at java.util.concurrent.CompletableFuture.reportGet(CompletableFuture.java:357)
	at java.util.concurrent.CompletableFuture.get(CompletableFuture.java:1895)
	at org.apache.hadoop.hdds.scm.XceiverClientSpi.sendCommand(XceiverClientSpi.java:110)
	... 28 more
Caused by: org.apache.ratis.protocol.RaftRetryFailureException: Failed RaftClientRequest:client-411D9B923220->54a7770c-e3e5-4c4a-b2d5-1e155816e439@group-A3ADB0FA2990, cid=48, seq=4*, RW, org.apache.hadoop.hdds.scm.XceiverClientRatis$$Lambda$315/2109182431@35a67b4 for 180 attempts with RetryLimited(maxAttempts=180, sleepTime=1000ms)
	at org.apache.ratis.client.impl.RaftClientImpl.noMoreRetries(RaftClientImpl.java:272)
	at org.apache.ratis.client.impl.OrderedAsync.handleAsyncRetryFailure(OrderedAsync.java:138)
	at org.apache.ratis.client.impl.OrderedAsync.lambda$sendRequest$10(OrderedAsync.java:230)
	at java.util.concurrent.CompletableFuture.uniExceptionally(CompletableFuture.java:870)
	at java.util.concurrent.CompletableFuture$UniExceptionally.tryFire(CompletableFuture.java:852)
	at java.util.concurrent.CompletableFuture.postComplete(CompletableFuture.java:474)
	at java.util.concurrent.CompletableFuture.completeExceptionally(CompletableFuture.java:1977)
	at org.apache.ratis.grpc.client.GrpcClientProtocolClient$AsyncStreamObservers.completeReplyExceptionally(GrpcClientProtocolClient.java:330)
	at org.apache.ratis.grpc.client.GrpcClientProtocolClient$AsyncStreamObservers.access$000(GrpcClientProtocolClient.java:246)
	at org.apache.ratis.grpc.client.GrpcClientProtocolClient$AsyncStreamObservers$1.onNext(GrpcClientProtocolClient.java:258)
	at org.apache.ratis.grpc.client.GrpcClientProtocolClient$AsyncStreamObservers$1.onNext(GrpcClientProtocolClient.java:249)
	at org.apache.ratis.thirdparty.io.grpc.stub.ClientCalls$StreamObserverToCallListenerAdapter.onMessage(ClientCalls.java:421)
	at org.apache.ratis.thirdparty.io.grpc.ForwardingClientCallListener.onMessage(ForwardingClientCallListener.java:33)
	at org.apache.ratis.thirdparty.io.grpc.ForwardingClientCallListener.onMessage(ForwardingClientCallListener.java:33)
	at org.apache.ratis.thirdparty.io.grpc.internal.ClientCallImpl$ClientStreamListenerImpl$1MessagesAvailable.runInContext(ClientCallImpl.java:519)
	at org.apache.ratis.thirdparty.io.grpc.internal.ContextRunnable.run(ContextRunnable.java:37)
	at org.apache.ratis.thirdparty.io.grpc.internal.SerializingExecutor.run(SerializingExecutor.java:123)
	at java.util.concurrent.ThreadPoolExecutor.runWorker(ThreadPoolExecutor.java:1149)
	at java.util.concurrent.ThreadPoolExecutor$Worker.run(ThreadPoolExecutor.java:624)
	at java.lang.Thread.run(Thread.java:748)
Caused by: org.apache.ratis.protocol.NotLeaderException: Server 54a7770c-e3e5-4c4a-b2d5-1e155816e439 is not the leader (a24a5d44-532e-4ff6-8e9a-f2506e5c1784:192.168.69.126:37019). Request must be sent to leader.
	at org.apache.ratis.client.impl.ClientProtoUtils.toRaftClientReply(ClientProtoUtils.java:242)
	at org.apache.ratis.grpc.client.GrpcClientProtocolClient$AsyncStreamObservers$1.onNext(GrpcClientProtocolClient.java:254)
	... 10 more
</error>
    <system-out><![CDATA[2019-09-03 09:40:05,750 [main] WARN  server.ServerUtils (ServerUtils.java:getScmDbDir(145)) - ozone.scm.db.dirs is not configured. We recommend adding this setting. Falling back to ozone.metadata.dirs instead.
2019-09-03 09:40:05,792 [main] WARN  server.ServerUtils (ServerUtils.java:getScmDbDir(145)) - ozone.scm.db.dirs is not configured. We recommend adding this setting. Falling back to ozone.metadata.dirs instead.
2019-09-03 09:40:05,792 [main] WARN  server.ServerUtils (ServerUtils.java:getScmDbDir(145)) - ozone.scm.db.dirs is not configured. We recommend adding this setting. Falling back to ozone.metadata.dirs instead.
2019-09-03 09:40:05,793 [main] INFO  db.DBStoreBuilder (DBStoreBuilder.java:addTable(110)) - using custom profile for table: deletedBlocks
2019-09-03 09:40:05,793 [main] INFO  db.DBStoreBuilder (DBStoreBuilder.java:processTables(161)) - Using default column profile:DBProfile.DISK for Table:deletedBlocks
2019-09-03 09:40:05,794 [main] INFO  db.DBStoreBuilder (DBStoreBuilder.java:addTable(110)) - using custom profile for table: validCerts
2019-09-03 09:40:05,794 [main] INFO  db.DBStoreBuilder (DBStoreBuilder.java:processTables(161)) - Using default column profile:DBProfile.DISK for Table:validCerts
2019-09-03 09:40:05,795 [main] INFO  db.DBStoreBuilder (DBStoreBuilder.java:addTable(110)) - using custom profile for table: revokedCerts
2019-09-03 09:40:05,795 [main] INFO  db.DBStoreBuilder (DBStoreBuilder.java:processTables(161)) - Using default column profile:DBProfile.DISK for Table:revokedCerts
2019-09-03 09:40:05,796 [main] INFO  db.DBStoreBuilder (DBStoreBuilder.java:addTable(110)) - using custom profile for table: default
2019-09-03 09:40:05,796 [main] INFO  db.DBStoreBuilder (DBStoreBuilder.java:processTables(167)) - Using default column profile:DBProfile.DISK for Table:default
2019-09-03 09:40:05,796 [main] INFO  db.DBStoreBuilder (DBStoreBuilder.java:getDbProfile(198)) - Using default options. DBProfile.DISK
2019-09-03 09:40:06,067 [main] INFO  net.NodeSchemaLoader (NodeSchemaLoader.java:loadSchemaFromFile(125)) - Loading file from sun.misc.CompoundEnumeration@14485747
2019-09-03 09:40:06,068 [main] INFO  net.NodeSchemaLoader (NodeSchemaLoader.java:loadSchema(171)) - Loading network topology layer schema file
2019-09-03 09:40:06,075 [main] WARN  server.ServerUtils (ServerUtils.java:sanitizeUserArgs(70)) - ozone.scm.stale.node.interval value = 300000 is larger than max = 100000 based on the key value of ozone.scm.heartbeat.thread.interval, reset to the max value 100000.
2019-09-03 09:40:06,076 [main] WARN  server.ServerUtils (ServerUtils.java:sanitizeUserArgs(70)) - ozone.scm.stale.node.interval value = 300000 is larger than max = 100000 based on the key value of ozone.scm.heartbeat.thread.interval, reset to the max value 100000.
2019-09-03 09:40:06,076 [main] INFO  node.SCMNodeManager (SCMNodeManager.java:<init>(121)) - Entering startup safe mode.
2019-09-03 09:40:06,077 [main] INFO  placement.ContainerPlacementPolicyFactory (ContainerPlacementPolicyFactory.java:getPolicy(55)) - Create container placement policy of type org.apache.hadoop.hdds.scm.placement.SCMContainerPlacementRandom
2019-09-03 09:40:06,078 [main] WARN  server.ServerUtils (ServerUtils.java:getScmDbDir(145)) - ozone.scm.db.dirs is not configured. We recommend adding this setting. Falling back to ozone.metadata.dirs instead.
2019-09-03 09:40:06,185 [main] INFO  pipeline.SCMPipelineManager (SCMPipelineManager.java:initializePipelineState(126)) - No pipeline exists in current db
2019-09-03 09:40:06,186 [main] WARN  server.ServerUtils (ServerUtils.java:getScmDbDir(145)) - ozone.scm.db.dirs is not configured. We recommend adding this setting. Falling back to ozone.metadata.dirs instead.
2019-09-03 09:40:06,300 [main] WARN  events.EventQueue (EventQueue.java:fireEvent(175)) - No event handler registered for event TypedEvent{payloadType=SafeModeStatus, name='SafeModeStatus'}
2019-09-03 09:40:06,301 [main] INFO  ipc.CallQueueManager (CallQueueManager.java:<init>(84)) - Using callQueue: class java.util.concurrent.LinkedBlockingQueue, queueCapacity: 2000, scheduler: class org.apache.hadoop.ipc.DefaultRpcScheduler, ipcBackoff: false.
2019-09-03 09:40:06,303 [Socket Reader #1 for port 37613] INFO  ipc.Server (Server.java:run(1074)) - Starting Socket Reader #1 for port 37613
2019-09-03 09:40:06,306 [main] INFO  ipc.CallQueueManager (CallQueueManager.java:<init>(84)) - Using callQueue: class java.util.concurrent.LinkedBlockingQueue, queueCapacity: 2000, scheduler: class org.apache.hadoop.ipc.DefaultRpcScheduler, ipcBackoff: false.
2019-09-03 09:40:06,307 [Socket Reader #1 for port 35550] INFO  ipc.Server (Server.java:run(1074)) - Starting Socket Reader #1 for port 35550
2019-09-03 09:40:06,309 [main] INFO  ipc.CallQueueManager (CallQueueManager.java:<init>(84)) - Using callQueue: class java.util.concurrent.LinkedBlockingQueue, queueCapacity: 2000, scheduler: class org.apache.hadoop.ipc.DefaultRpcScheduler, ipcBackoff: false.
2019-09-03 09:40:06,310 [Socket Reader #1 for port 33128] INFO  ipc.Server (Server.java:run(1074)) - Starting Socket Reader #1 for port 33128
2019-09-03 09:40:06,313 [main] INFO  hdfs.DFSUtil (DFSUtil.java:httpServerTemplateForNNAndJN(1641)) - Starting Web-server for scm at: http://0.0.0.0:0
2019-09-03 09:40:06,317 [main] INFO  server.AuthenticationFilter (AuthenticationFilter.java:constructSecretProvider(240)) - Unable to initialize FileSignerSecretProvider, falling back to use random secrets.
2019-09-03 09:40:06,318 [main] WARN  http.HttpRequestLog (HttpRequestLog.java:getRequestLog(97)) - Jetty request log can only be enabled using Log4j
2019-09-03 09:40:06,321 [main] INFO  http.HttpServer2 (HttpServer2.java:addGlobalFilter(975)) - Added global filter 'safety' (class=org.apache.hadoop.http.HttpServer2$QuotingInputFilter)
2019-09-03 09:40:06,322 [main] INFO  http.HttpServer2 (HttpServer2.java:addFilter(948)) - Added filter static_user_filter (class=org.apache.hadoop.http.lib.StaticUserWebFilter$StaticUserFilter) to context scm
2019-09-03 09:40:06,322 [main] INFO  http.HttpServer2 (HttpServer2.java:addFilter(958)) - Added filter static_user_filter (class=org.apache.hadoop.http.lib.StaticUserWebFilter$StaticUserFilter) to context static
2019-09-03 09:40:06,322 [main] INFO  http.HttpServer2 (HttpServer2.java:addFilter(958)) - Added filter static_user_filter (class=org.apache.hadoop.http.lib.StaticUserWebFilter$StaticUserFilter) to context logs
2019-09-03 09:40:06,327 [main] INFO  server.StorageContainerManager (StorageContainerManager.java:start(759)) - StorageContainerLocationProtocol RPC server is listening at /0.0.0.0:33128
2019-09-03 09:40:06,330 [main] WARN  impl.MetricsConfig (MetricsConfig.java:loadFirst(134)) - Cannot locate configuration: tried hadoop-metrics2-storagecontainermanager.properties,hadoop-metrics2.properties
2019-09-03 09:40:06,331 [main] INFO  impl.MetricsSystemImpl (MetricsSystemImpl.java:startTimer(374)) - Scheduled Metric snapshot period at 10 second(s).
2019-09-03 09:40:06,331 [main] INFO  impl.MetricsSystemImpl (MetricsSystemImpl.java:start(191)) - StorageContainerManager metrics system started
2019-09-03 09:40:06,406 [main] INFO  server.SCMClientProtocolServer (SCMClientProtocolServer.java:start(151)) - RPC server for Client  is listening at /0.0.0.0:33128
2019-09-03 09:40:06,406 [IPC Server Responder] INFO  ipc.Server (Server.java:run(1314)) - IPC Server Responder: starting
2019-09-03 09:40:06,407 [IPC Server listener on 33128] INFO  ipc.Server (Server.java:run(1153)) - IPC Server listener on 33128: starting
2019-09-03 09:40:06,412 [main] INFO  server.StorageContainerManager (StorageContainerManager.java:start(769)) - ScmBlockLocationProtocol RPC server is listening at /0.0.0.0:35550
2019-09-03 09:40:06,413 [main] INFO  server.SCMBlockProtocolServer (SCMBlockProtocolServer.java:start(140)) - RPC server for Block Protocol is listening at /0.0.0.0:35550
2019-09-03 09:40:06,413 [IPC Server Responder] INFO  ipc.Server (Server.java:run(1314)) - IPC Server Responder: starting
2019-09-03 09:40:06,413 [IPC Server listener on 35550] INFO  ipc.Server (Server.java:run(1153)) - IPC Server listener on 35550: starting
2019-09-03 09:40:06,418 [main] INFO  server.StorageContainerManager (StorageContainerManager.java:start(773)) - ScmDatanodeProtocl RPC server is listening at /0.0.0.0:37613
2019-09-03 09:40:06,419 [main] INFO  server.SCMDatanodeProtocolServer (SCMDatanodeProtocolServer.java:start(191)) - RPC server for DataNodes is listening at /0.0.0.0:37613
2019-09-03 09:40:06,419 [IPC Server Responder] INFO  ipc.Server (Server.java:run(1314)) - IPC Server Responder: starting
2019-09-03 09:40:06,419 [IPC Server listener on 37613] INFO  ipc.Server (Server.java:run(1153)) - IPC Server listener on 37613: starting
2019-09-03 09:40:06,425 [main] INFO  http.HttpServer2 (HttpServer2.java:bindListener(1191)) - Jetty bound to port 45121
2019-09-03 09:40:06,425 [main] INFO  server.Server (Server.java:doStart(351)) - jetty-9.3.24.v20180605, build timestamp: 2018-06-05T17:11:56Z, git hash: 84205aa28f11a4f31f2a3b86d1bba2cc8ab69827
2019-09-03 09:40:06,427 [main] INFO  handler.ContextHandler (ContextHandler.java:doStart(781)) - Started o.e.j.s.ServletContextHandler@2bf3ec4{/logs,file:///workdir/hadoop-ozone/integration-test/target/log,AVAILABLE}
2019-09-03 09:40:06,428 [main] INFO  handler.ContextHandler (ContextHandler.java:doStart(781)) - Started o.e.j.s.ServletContextHandler@2c9cafa5{/static,file:///workdir/hadoop-ozone/integration-test/target/test-classes/webapps/static,AVAILABLE}
2019-09-03 09:40:06,435 [main] INFO  handler.ContextHandler (ContextHandler.java:doStart(781)) - Started o.e.j.w.WebAppContext@f4f843f{/,file:///workdir/hadoop-ozone/integration-test/target/test-classes/webapps/scm/,AVAILABLE}{/scm}
2019-09-03 09:40:06,436 [main] INFO  server.AbstractConnector (AbstractConnector.java:doStart(278)) - Started ServerConnector@7b5833ee{HTTP/1.1,[http/1.1]}{0.0.0.0:45121}
2019-09-03 09:40:06,437 [main] INFO  server.Server (Server.java:doStart(419)) - Started @48580ms
2019-09-03 09:40:06,438 [main] INFO  server.BaseHttpServer (BaseHttpServer.java:updateConnectorAddress(213)) - HTTP server of SCM is listening at http://0.0.0.0:45121
2019-09-03 09:40:06,440 [org.apache.hadoop.util.JvmPauseMonitor$Monitor@27261190] INFO  util.JvmPauseMonitor (JvmPauseMonitor.java:run(188)) - Starting JVM pause monitor
2019-09-03 09:40:06,440 [main] WARN  server.ServerUtils (ServerUtils.java:getDBPath(222)) - ozone.om.db.dirs is not configured. We recommend adding this setting. Falling back to ozone.metadata.dirs instead.
2019-09-03 09:40:06,464 [main] WARN  server.ServerUtils (ServerUtils.java:getDBPath(222)) - ozone.om.db.dirs is not configured. We recommend adding this setting. Falling back to ozone.metadata.dirs instead.
2019-09-03 09:40:06,465 [main] WARN  server.ServerUtils (ServerUtils.java:getDBPath(222)) - ozone.om.db.dirs is not configured. We recommend adding this setting. Falling back to ozone.metadata.dirs instead.
2019-09-03 09:40:06,465 [main] INFO  om.OzoneManager (OzoneManager.java:setOMNodeDetails(645)) - OM Service ID is not set. Setting it to the default ID: omServiceIdDefault
2019-09-03 09:40:06,465 [main] INFO  om.OzoneManager (OzoneManager.java:setOMNodeDetails(651)) - OM Node ID is not set. Setting it to the OmStorage's OmID: 7673a487-a1f1-4a8c-b7da-1071a28ac3d1
2019-09-03 09:40:06,466 [main] INFO  om.OzoneManager (OzoneManager.java:loadOMHAConfigs(602)) - Found matching OM address with OMServiceId: null, OMNodeId: null, RPC Address: localhost:0 and Ratis port: 9872
2019-09-03 09:40:06,472 | INFO  | SCMAudit | user=jenkins1000 | ip=192.168.69.126 | op=GET_SCM_INFO null | ret=SUCCESS |  
2019-09-03 09:40:06,476 [main] WARN  server.ServerUtils (ServerUtils.java:getDBPath(222)) - ozone.om.db.dirs is not configured. We recommend adding this setting. Falling back to ozone.metadata.dirs instead.
2019-09-03 09:40:06,477 [main] INFO  db.DBStoreBuilder (DBStoreBuilder.java:addTable(110)) - using custom profile for table: userTable
2019-09-03 09:40:06,477 [main] INFO  db.DBStoreBuilder (DBStoreBuilder.java:processTables(161)) - Using default column profile:DBProfile.DISK for Table:userTable
2019-09-03 09:40:06,477 [main] INFO  db.DBStoreBuilder (DBStoreBuilder.java:addTable(110)) - using custom profile for table: volumeTable
2019-09-03 09:40:06,478 [main] INFO  db.DBStoreBuilder (DBStoreBuilder.java:processTables(161)) - Using default column profile:DBProfile.DISK for Table:volumeTable
2019-09-03 09:40:06,478 [main] INFO  db.DBStoreBuilder (DBStoreBuilder.java:addTable(110)) - using custom profile for table: bucketTable
2019-09-03 09:40:06,478 [main] INFO  db.DBStoreBuilder (DBStoreBuilder.java:processTables(161)) - Using default column profile:DBProfile.DISK for Table:bucketTable
2019-09-03 09:40:06,479 [main] INFO  db.DBStoreBuilder (DBStoreBuilder.java:addTable(110)) - using custom profile for table: keyTable
2019-09-03 09:40:06,479 [main] INFO  db.DBStoreBuilder (DBStoreBuilder.java:processTables(161)) - Using default column profile:DBProfile.DISK for Table:keyTable
2019-09-03 09:40:06,479 [main] INFO  db.DBStoreBuilder (DBStoreBuilder.java:addTable(110)) - using custom profile for table: deletedTable
2019-09-03 09:40:06,479 [main] INFO  db.DBStoreBuilder (DBStoreBuilder.java:processTables(161)) - Using default column profile:DBProfile.DISK for Table:deletedTable
2019-09-03 09:40:06,480 [main] INFO  db.DBStoreBuilder (DBStoreBuilder.java:addTable(110)) - using custom profile for table: openKeyTable
2019-09-03 09:40:06,480 [main] INFO  db.DBStoreBuilder (DBStoreBuilder.java:processTables(161)) - Using default column profile:DBProfile.DISK for Table:openKeyTable
2019-09-03 09:40:06,480 [main] INFO  db.DBStoreBuilder (DBStoreBuilder.java:addTable(110)) - using custom profile for table: s3Table
2019-09-03 09:40:06,481 [main] INFO  db.DBStoreBuilder (DBStoreBuilder.java:processTables(161)) - Using default column profile:DBProfile.DISK for Table:s3Table
2019-09-03 09:40:06,481 [main] INFO  db.DBStoreBuilder (DBStoreBuilder.java:addTable(110)) - using custom profile for table: multipartInfoTable
2019-09-03 09:40:06,481 [main] INFO  db.DBStoreBuilder (DBStoreBuilder.java:processTables(161)) - Using default column profile:DBProfile.DISK for Table:multipartInfoTable
2019-09-03 09:40:06,482 [main] INFO  db.DBStoreBuilder (DBStoreBuilder.java:addTable(110)) - using custom profile for table: dTokenTable
2019-09-03 09:40:06,482 [main] INFO  db.DBStoreBuilder (DBStoreBuilder.java:processTables(161)) - Using default column profile:DBProfile.DISK for Table:dTokenTable
2019-09-03 09:40:06,482 [main] INFO  db.DBStoreBuilder (DBStoreBuilder.java:addTable(110)) - using custom profile for table: s3SecretTable
2019-09-03 09:40:06,482 [main] INFO  db.DBStoreBuilder (DBStoreBuilder.java:processTables(161)) - Using default column profile:DBProfile.DISK for Table:s3SecretTable
2019-09-03 09:40:06,483 [main] INFO  db.DBStoreBuilder (DBStoreBuilder.java:addTable(110)) - using custom profile for table: prefixTable
2019-09-03 09:40:06,483 [main] INFO  db.DBStoreBuilder (DBStoreBuilder.java:processTables(161)) - Using default column profile:DBProfile.DISK for Table:prefixTable
2019-09-03 09:40:06,483 [main] INFO  db.DBStoreBuilder (DBStoreBuilder.java:addTable(110)) - using custom profile for table: default
2019-09-03 09:40:06,484 [main] INFO  db.DBStoreBuilder (DBStoreBuilder.java:processTables(167)) - Using default column profile:DBProfile.DISK for Table:default
2019-09-03 09:40:06,484 [main] INFO  db.DBStoreBuilder (DBStoreBuilder.java:getDbProfile(198)) - Using default options. DBProfile.DISK
2019-09-03 09:40:07,249 [main] INFO  ipc.CallQueueManager (CallQueueManager.java:<init>(84)) - Using callQueue: class java.util.concurrent.LinkedBlockingQueue, queueCapacity: 2000, scheduler: class org.apache.hadoop.ipc.DefaultRpcScheduler, ipcBackoff: false.
2019-09-03 09:40:07,250 [Socket Reader #1 for port 33017] INFO  ipc.Server (Server.java:run(1074)) - Starting Socket Reader #1 for port 33017
2019-09-03 09:40:07,265 [main] INFO  om.OzoneManager (OzoneManager.java:start(1256)) - OzoneManager RPC server is listening at localhost/127.0.0.1:33017
2019-09-03 09:40:07,265 [main] INFO  impl.MetricsSystemImpl (MetricsSystemImpl.java:init(158)) - OzoneManager metrics system started (again)
2019-09-03 09:40:07,266 [IPC Server Responder] INFO  ipc.Server (Server.java:run(1314)) - IPC Server Responder: starting
2019-09-03 09:40:07,266 [IPC Server listener on 33017] INFO  ipc.Server (Server.java:run(1153)) - IPC Server listener on 33017: starting
2019-09-03 09:40:07,272 [main] INFO  hdfs.DFSUtil (DFSUtil.java:httpServerTemplateForNNAndJN(1641)) - Starting Web-server for ozoneManager at: http://0.0.0.0:0
2019-09-03 09:40:07,274 [main] INFO  server.AuthenticationFilter (AuthenticationFilter.java:constructSecretProvider(240)) - Unable to initialize FileSignerSecretProvider, falling back to use random secrets.
2019-09-03 09:40:07,274 [main] WARN  http.HttpRequestLog (HttpRequestLog.java:getRequestLog(97)) - Jetty request log can only be enabled using Log4j
2019-09-03 09:40:07,276 [main] INFO  http.HttpServer2 (HttpServer2.java:addGlobalFilter(975)) - Added global filter 'safety' (class=org.apache.hadoop.http.HttpServer2$QuotingInputFilter)
2019-09-03 09:40:07,277 [main] INFO  http.HttpServer2 (HttpServer2.java:addFilter(948)) - Added filter static_user_filter (class=org.apache.hadoop.http.lib.StaticUserWebFilter$StaticUserFilter) to context ozoneManager
2019-09-03 09:40:07,277 [main] INFO  http.HttpServer2 (HttpServer2.java:addFilter(958)) - Added filter static_user_filter (class=org.apache.hadoop.http.lib.StaticUserWebFilter$StaticUserFilter) to context logs
2019-09-03 09:40:07,277 [main] INFO  http.HttpServer2 (HttpServer2.java:addFilter(958)) - Added filter static_user_filter (class=org.apache.hadoop.http.lib.StaticUserWebFilter$StaticUserFilter) to context static
2019-09-03 09:40:07,278 [main] INFO  http.HttpServer2 (HttpServer2.java:bindListener(1191)) - Jetty bound to port 41140
2019-09-03 09:40:07,278 [main] INFO  server.Server (Server.java:doStart(351)) - jetty-9.3.24.v20180605, build timestamp: 2018-06-05T17:11:56Z, git hash: 84205aa28f11a4f31f2a3b86d1bba2cc8ab69827
2019-09-03 09:40:07,280 [main] INFO  handler.ContextHandler (ContextHandler.java:doStart(781)) - Started o.e.j.s.ServletContextHandler@60ed0b9d{/logs,file:///workdir/hadoop-ozone/integration-test/target/log,AVAILABLE}
2019-09-03 09:40:07,281 [main] INFO  handler.ContextHandler (ContextHandler.java:doStart(781)) - Started o.e.j.s.ServletContextHandler@2c674d58{/static,file:///workdir/hadoop-ozone/integration-test/target/test-classes/webapps/static,AVAILABLE}
2019-09-03 09:40:07,286 [main] INFO  handler.ContextHandler (ContextHandler.java:doStart(781)) - Started o.e.j.w.WebAppContext@12448de1{/,file:///workdir/hadoop-ozone/integration-test/target/test-classes/webapps/ozoneManager/,AVAILABLE}{/ozoneManager}
2019-09-03 09:40:07,287 [main] INFO  server.AbstractConnector (AbstractConnector.java:doStart(278)) - Started ServerConnector@2b35c7aa{HTTP/1.1,[http/1.1]}{0.0.0.0:41140}
2019-09-03 09:40:07,287 [main] INFO  server.Server (Server.java:doStart(419)) - Started @49430ms
2019-09-03 09:40:07,288 [main] INFO  server.BaseHttpServer (BaseHttpServer.java:updateConnectorAddress(213)) - HTTP server of OZONEMANAGER is listening at http://0.0.0.0:41140
2019-09-03 09:40:07,302 [main] INFO  impl.MetricsSystemImpl (MetricsSystemImpl.java:init(158)) - HddsDatanode metrics system started (again)
2019-09-03 09:40:07,304 [main] INFO  ozone.HddsDatanodeService (HddsDatanodeService.java:start(184)) - HddsDatanodeService host:pr-hdds-1571-4wx6z-2437996338 ip:192.168.69.126
2019-09-03 09:40:07,311 [main] INFO  volume.HddsVolume (HddsVolume.java:<init>(176)) - Creating Volume: /workdir/hadoop-ozone/integration-test/target/test-dir/MiniOzoneClusterImpl-6c7229d4-44ec-4a7a-8c6b-4592cedbafbd/datanode-0/data/containers/hdds of  storage type : DISK and capacity : 1482555576320
2019-09-03 09:40:07,312 [main] INFO  volume.VolumeSet (VolumeSet.java:initializeVolumeSet(170)) - Added Volume : /workdir/hadoop-ozone/integration-test/target/test-dir/MiniOzoneClusterImpl-6c7229d4-44ec-4a7a-8c6b-4592cedbafbd/datanode-0/data/containers/hdds to VolumeSet
2019-09-03 09:40:07,312 [main] INFO  volume.ThrottledAsyncChecker (ThrottledAsyncChecker.java:schedule(140)) - Scheduling a check for org.apache.hadoop.ozone.container.common.volume.HddsVolume@6f289728
2019-09-03 09:40:07,312 [main] INFO  volume.HddsVolumeChecker (HddsVolumeChecker.java:checkAllVolumes(203)) - Scheduled health check for volume org.apache.hadoop.ozone.container.common.volume.HddsVolume@6f289728
2019-09-03 09:40:07,326 [main] INFO  impl.RaftServerProxy (ConfUtils.java:logGet(43)) - raft.rpc.type = GRPC (default)
2019-09-03 09:40:07,327 [main] INFO  grpc.GrpcFactory (GrpcFactory.java:checkPooledByteBufAllocatorUseCacheForAllThreads(45)) - PERFORMANCE WARNING: useCacheForAllThreads is true that may cause Netty to create a lot garbage objects and, as a result, trigger GC.
	It is recommended to disable useCacheForAllThreads by setting -Dorg.apache.ratis.thirdparty.io.netty.allocator.useCacheForAllThreads=false in command line.
2019-09-03 09:40:07,327 [main] INFO  grpc.GrpcConfigKeys$Server (ConfUtils.java:logGet(43)) - raft.grpc.server.port = 0 (default)
2019-09-03 09:40:07,327 [main] INFO  server.GrpcService (ConfUtils.java:logGet(43)) - raft.grpc.message.size.max = 33570816 (custom)
2019-09-03 09:40:07,327 [main] INFO  server.RaftServerConfigKeys (ConfUtils.java:logGet(43)) - raft.server.log.appender.buffer.byte-limit = 33554432 (custom)
2019-09-03 09:40:07,327 [main] INFO  server.GrpcService (ConfUtils.java:logGet(43)) - raft.grpc.flow.control.window = 1MB (=1048576) (default)
2019-09-03 09:40:07,328 [main] INFO  server.RaftServerConfigKeys (ConfUtils.java:logGet(43)) - raft.server.rpc.request.timeout = 3000ms (default)
2019-09-03 09:40:07,328 [main] INFO  server.RaftServerConfigKeys (ConfUtils.java:logGet(43)) - raft.server.storage.dir = [/workdir/hadoop-ozone/integration-test/target/test-dir/MiniOzoneClusterImpl-6c7229d4-44ec-4a7a-8c6b-4592cedbafbd/datanode-0/data/ratis] (custom)
2019-09-03 09:40:07,329 [main] INFO  replication.SimpleContainerDownloader (SimpleContainerDownloader.java:<init>(72)) - Starting container downloader service to copy containers to replicate.
2019-09-03 09:40:07,330 [main] INFO  hdfs.DFSUtil (DFSUtil.java:httpServerTemplateForNNAndJN(1641)) - Starting Web-server for hddsDatanode at: http://0.0.0.0:0
2019-09-03 09:40:07,331 [main] INFO  server.AuthenticationFilter (AuthenticationFilter.java:constructSecretProvider(240)) - Unable to initialize FileSignerSecretProvider, falling back to use random secrets.
2019-09-03 09:40:07,331 [main] WARN  http.HttpRequestLog (HttpRequestLog.java:getRequestLog(97)) - Jetty request log can only be enabled using Log4j
2019-09-03 09:40:07,333 [main] INFO  http.HttpServer2 (HttpServer2.java:addGlobalFilter(975)) - Added global filter 'safety' (class=org.apache.hadoop.http.HttpServer2$QuotingInputFilter)
2019-09-03 09:40:07,333 [main] INFO  http.HttpServer2 (HttpServer2.java:addFilter(948)) - Added filter static_user_filter (class=org.apache.hadoop.http.lib.StaticUserWebFilter$StaticUserFilter) to context hddsDatanode
2019-09-03 09:40:07,333 [main] INFO  http.HttpServer2 (HttpServer2.java:addFilter(958)) - Added filter static_user_filter (class=org.apache.hadoop.http.lib.StaticUserWebFilter$StaticUserFilter) to context static
2019-09-03 09:40:07,333 [main] INFO  http.HttpServer2 (HttpServer2.java:addFilter(958)) - Added filter static_user_filter (class=org.apache.hadoop.http.lib.StaticUserWebFilter$StaticUserFilter) to context logs
2019-09-03 09:40:07,334 [main] INFO  http.HttpServer2 (HttpServer2.java:bindListener(1191)) - Jetty bound to port 41262
2019-09-03 09:40:07,334 [main] INFO  server.Server (Server.java:doStart(351)) - jetty-9.3.24.v20180605, build timestamp: 2018-06-05T17:11:56Z, git hash: 84205aa28f11a4f31f2a3b86d1bba2cc8ab69827
2019-09-03 09:40:07,336 [main] INFO  handler.ContextHandler (ContextHandler.java:doStart(781)) - Started o.e.j.s.ServletContextHandler@315b5913{/logs,file:///workdir/hadoop-ozone/integration-test/target/log,AVAILABLE}
2019-09-03 09:40:07,337 [main] INFO  handler.ContextHandler (ContextHandler.java:doStart(781)) - Started o.e.j.s.ServletContextHandler@5423a17{/static,jar:file:/home/user/.m2/repository/org/apache/hadoop/hadoop-hdds-container-service/0.5.0-SNAPSHOT/hadoop-hdds-container-service-0.5.0-SNAPSHOT.jar!/webapps/static,AVAILABLE}
2019-09-03 09:40:07,370 [main] INFO  handler.ContextHandler (ContextHandler.java:doStart(781)) - Started o.e.j.w.WebAppContext@4f402027{/,file:///tmp/jetty-0.0.0.0-41262-hddsDatanode-_-any-9046065368961396853.dir/webapp/,AVAILABLE}{/hddsDatanode}
2019-09-03 09:40:07,370 [main] INFO  server.AbstractConnector (AbstractConnector.java:doStart(278)) - Started ServerConnector@22aee519{HTTP/1.1,[http/1.1]}{0.0.0.0:41262}
2019-09-03 09:40:07,372 [main] INFO  server.Server (Server.java:doStart(419)) - Started @49514ms
2019-09-03 09:40:07,372 [main] INFO  server.BaseHttpServer (BaseHttpServer.java:updateConnectorAddress(213)) - HTTP server of HDDSDATANODE is listening at http://0.0.0.0:41262
2019-09-03 09:40:07,528 | INFO  | ObjectStoreRestHttpServer | Listening HDDS REST traffic on /0.0.0.0:39546 |  
2019-09-03 09:40:07,528 [main] INFO  ozone.HddsDatanodeService (HddsDatanodeService.java:startPlugins(395)) - Started plug-in org.apache.hadoop.ozone.web.OzoneHddsDatanodeService@632c3f55
2019-09-03 09:40:07,529 [main] INFO  impl.MetricsSystemImpl (MetricsSystemImpl.java:init(158)) - HddsDatanode metrics system started (again)
2019-09-03 09:40:07,532 [org.apache.hadoop.util.JvmPauseMonitor$Monitor@2bd3a6d0] INFO  util.JvmPauseMonitor (JvmPauseMonitor.java:run(188)) - Starting JVM pause monitor
2019-09-03 09:40:07,532 [main] INFO  ozone.HddsDatanodeService (HddsDatanodeService.java:start(184)) - HddsDatanodeService host:pr-hdds-1571-4wx6z-2437996338 ip:192.168.69.126
2019-09-03 09:40:07,534 [Datanode State Machine Thread - 0] INFO  datanode.InitDatanodeState (InitDatanodeState.java:persistContainerDatanodeDetails(140)) - DatanodeDetails is persisted to /workdir/hadoop-ozone/integration-test/target/test-dir/MiniOzoneClusterImpl-6c7229d4-44ec-4a7a-8c6b-4592cedbafbd/datanode-0/meta/datanode.id
2019-09-03 09:40:07,540 [main] INFO  volume.HddsVolume (HddsVolume.java:<init>(176)) - Creating Volume: /workdir/hadoop-ozone/integration-test/target/test-dir/MiniOzoneClusterImpl-6c7229d4-44ec-4a7a-8c6b-4592cedbafbd/datanode-1/data/containers/hdds of  storage type : DISK and capacity : 1482555576320
2019-09-03 09:40:07,540 [main] INFO  volume.VolumeSet (VolumeSet.java:initializeVolumeSet(170)) - Added Volume : /workdir/hadoop-ozone/integration-test/target/test-dir/MiniOzoneClusterImpl-6c7229d4-44ec-4a7a-8c6b-4592cedbafbd/datanode-1/data/containers/hdds to VolumeSet
2019-09-03 09:40:07,540 [main] INFO  volume.ThrottledAsyncChecker (ThrottledAsyncChecker.java:schedule(140)) - Scheduling a check for org.apache.hadoop.ozone.container.common.volume.HddsVolume@dd20ebc
2019-09-03 09:40:07,541 [main] INFO  volume.HddsVolumeChecker (HddsVolumeChecker.java:checkAllVolumes(203)) - Scheduled health check for volume org.apache.hadoop.ozone.container.common.volume.HddsVolume@dd20ebc
2019-09-03 09:40:07,556 [main] INFO  impl.RaftServerProxy (ConfUtils.java:logGet(43)) - raft.rpc.type = GRPC (default)
2019-09-03 09:40:07,557 [main] INFO  grpc.GrpcFactory (GrpcFactory.java:checkPooledByteBufAllocatorUseCacheForAllThreads(45)) - PERFORMANCE WARNING: useCacheForAllThreads is true that may cause Netty to create a lot garbage objects and, as a result, trigger GC.
	It is recommended to disable useCacheForAllThreads by setting -Dorg.apache.ratis.thirdparty.io.netty.allocator.useCacheForAllThreads=false in command line.
2019-09-03 09:40:07,557 [main] INFO  grpc.GrpcConfigKeys$Server (ConfUtils.java:logGet(43)) - raft.grpc.server.port = 0 (default)
2019-09-03 09:40:07,557 [main] INFO  server.GrpcService (ConfUtils.java:logGet(43)) - raft.grpc.message.size.max = 33570816 (custom)
2019-09-03 09:40:07,557 [main] INFO  server.RaftServerConfigKeys (ConfUtils.java:logGet(43)) - raft.server.log.appender.buffer.byte-limit = 33554432 (custom)
2019-09-03 09:40:07,558 [main] INFO  server.GrpcService (ConfUtils.java:logGet(43)) - raft.grpc.flow.control.window = 1MB (=1048576) (default)
2019-09-03 09:40:07,558 [main] INFO  server.RaftServerConfigKeys (ConfUtils.java:logGet(43)) - raft.server.rpc.request.timeout = 3000ms (default)
2019-09-03 09:40:07,559 [main] INFO  server.RaftServerConfigKeys (ConfUtils.java:logGet(43)) - raft.server.storage.dir = [/workdir/hadoop-ozone/integration-test/target/test-dir/MiniOzoneClusterImpl-6c7229d4-44ec-4a7a-8c6b-4592cedbafbd/datanode-1/data/ratis] (custom)
2019-09-03 09:40:07,559 [main] INFO  replication.SimpleContainerDownloader (SimpleContainerDownloader.java:<init>(72)) - Starting container downloader service to copy containers to replicate.
2019-09-03 09:40:07,562 [main] INFO  hdfs.DFSUtil (DFSUtil.java:httpServerTemplateForNNAndJN(1641)) - Starting Web-server for hddsDatanode at: http://0.0.0.0:0
2019-09-03 09:40:07,563 [main] INFO  server.AuthenticationFilter (AuthenticationFilter.java:constructSecretProvider(240)) - Unable to initialize FileSignerSecretProvider, falling back to use random secrets.
2019-09-03 09:40:07,564 [main] WARN  http.HttpRequestLog (HttpRequestLog.java:getRequestLog(97)) - Jetty request log can only be enabled using Log4j
2019-09-03 09:40:07,565 [main] INFO  http.HttpServer2 (HttpServer2.java:addGlobalFilter(975)) - Added global filter 'safety' (class=org.apache.hadoop.http.HttpServer2$QuotingInputFilter)
2019-09-03 09:40:07,566 [main] INFO  http.HttpServer2 (HttpServer2.java:addFilter(948)) - Added filter static_user_filter (class=org.apache.hadoop.http.lib.StaticUserWebFilter$StaticUserFilter) to context hddsDatanode
2019-09-03 09:40:07,566 [main] INFO  http.HttpServer2 (HttpServer2.java:addFilter(958)) - Added filter static_user_filter (class=org.apache.hadoop.http.lib.StaticUserWebFilter$StaticUserFilter) to context static
2019-09-03 09:40:07,566 [main] INFO  http.HttpServer2 (HttpServer2.java:addFilter(958)) - Added filter static_user_filter (class=org.apache.hadoop.http.lib.StaticUserWebFilter$StaticUserFilter) to context logs
2019-09-03 09:40:07,567 [main] INFO  http.HttpServer2 (HttpServer2.java:bindListener(1191)) - Jetty bound to port 37005
2019-09-03 09:40:07,567 [main] INFO  server.Server (Server.java:doStart(351)) - jetty-9.3.24.v20180605, build timestamp: 2018-06-05T17:11:56Z, git hash: 84205aa28f11a4f31f2a3b86d1bba2cc8ab69827
2019-09-03 09:40:07,569 [main] INFO  handler.ContextHandler (ContextHandler.java:doStart(781)) - Started o.e.j.s.ServletContextHandler@29b8df5{/logs,file:///workdir/hadoop-ozone/integration-test/target/log,AVAILABLE}
2019-09-03 09:40:07,569 [main] INFO  handler.ContextHandler (ContextHandler.java:doStart(781)) - Started o.e.j.s.ServletContextHandler@70a24f9{/static,jar:file:/home/user/.m2/repository/org/apache/hadoop/hadoop-hdds-container-service/0.5.0-SNAPSHOT/hadoop-hdds-container-service-0.5.0-SNAPSHOT.jar!/webapps/static,AVAILABLE}
2019-09-03 09:40:07,597 [main] INFO  handler.ContextHandler (ContextHandler.java:doStart(781)) - Started o.e.j.w.WebAppContext@3e04abc5{/,file:///tmp/jetty-0.0.0.0-37005-hddsDatanode-_-any-2668990643734630196.dir/webapp/,AVAILABLE}{/hddsDatanode}
2019-09-03 09:40:07,597 [main] INFO  server.AbstractConnector (AbstractConnector.java:doStart(278)) - Started ServerConnector@1008df1e{HTTP/1.1,[http/1.1]}{0.0.0.0:37005}
2019-09-03 09:40:07,599 [main] INFO  server.Server (Server.java:doStart(419)) - Started @49742ms
2019-09-03 09:40:07,599 [main] INFO  server.BaseHttpServer (BaseHttpServer.java:updateConnectorAddress(213)) - HTTP server of HDDSDATANODE is listening at http://0.0.0.0:37005
2019-09-03 09:40:07,729 | INFO  | ObjectStoreRestHttpServer | Listening HDDS REST traffic on /0.0.0.0:39348 |  
2019-09-03 09:40:07,729 [main] INFO  ozone.HddsDatanodeService (HddsDatanodeService.java:startPlugins(395)) - Started plug-in org.apache.hadoop.ozone.web.OzoneHddsDatanodeService@61c4cebd
2019-09-03 09:40:07,730 [main] INFO  impl.MetricsSystemImpl (MetricsSystemImpl.java:init(158)) - HddsDatanode metrics system started (again)
2019-09-03 09:40:07,733 [main] INFO  ozone.HddsDatanodeService (HddsDatanodeService.java:start(184)) - HddsDatanodeService host:pr-hdds-1571-4wx6z-2437996338 ip:192.168.69.126
2019-09-03 09:40:07,733 [org.apache.hadoop.util.JvmPauseMonitor$Monitor@4c5be381] INFO  util.JvmPauseMonitor (JvmPauseMonitor.java:run(188)) - Starting JVM pause monitor
2019-09-03 09:40:07,735 [Datanode State Machine Thread - 0] INFO  datanode.InitDatanodeState (InitDatanodeState.java:persistContainerDatanodeDetails(140)) - DatanodeDetails is persisted to /workdir/hadoop-ozone/integration-test/target/test-dir/MiniOzoneClusterImpl-6c7229d4-44ec-4a7a-8c6b-4592cedbafbd/datanode-1/meta/datanode.id
2019-09-03 09:40:07,740 [main] INFO  volume.HddsVolume (HddsVolume.java:<init>(176)) - Creating Volume: /workdir/hadoop-ozone/integration-test/target/test-dir/MiniOzoneClusterImpl-6c7229d4-44ec-4a7a-8c6b-4592cedbafbd/datanode-2/data/containers/hdds of  storage type : DISK and capacity : 1482555576320
2019-09-03 09:40:07,741 [main] INFO  volume.VolumeSet (VolumeSet.java:initializeVolumeSet(170)) - Added Volume : /workdir/hadoop-ozone/integration-test/target/test-dir/MiniOzoneClusterImpl-6c7229d4-44ec-4a7a-8c6b-4592cedbafbd/datanode-2/data/containers/hdds to VolumeSet
2019-09-03 09:40:07,741 [main] INFO  volume.ThrottledAsyncChecker (ThrottledAsyncChecker.java:schedule(140)) - Scheduling a check for org.apache.hadoop.ozone.container.common.volume.HddsVolume@4489f60f
2019-09-03 09:40:07,741 [main] INFO  volume.HddsVolumeChecker (HddsVolumeChecker.java:checkAllVolumes(203)) - Scheduled health check for volume org.apache.hadoop.ozone.container.common.volume.HddsVolume@4489f60f
2019-09-03 09:40:07,761 [main] INFO  impl.RaftServerProxy (ConfUtils.java:logGet(43)) - raft.rpc.type = GRPC (default)
2019-09-03 09:40:07,761 [main] INFO  grpc.GrpcFactory (GrpcFactory.java:checkPooledByteBufAllocatorUseCacheForAllThreads(45)) - PERFORMANCE WARNING: useCacheForAllThreads is true that may cause Netty to create a lot garbage objects and, as a result, trigger GC.
	It is recommended to disable useCacheForAllThreads by setting -Dorg.apache.ratis.thirdparty.io.netty.allocator.useCacheForAllThreads=false in command line.
2019-09-03 09:40:07,761 [main] INFO  grpc.GrpcConfigKeys$Server (ConfUtils.java:logGet(43)) - raft.grpc.server.port = 0 (default)
2019-09-03 09:40:07,762 [main] INFO  server.GrpcService (ConfUtils.java:logGet(43)) - raft.grpc.message.size.max = 33570816 (custom)
2019-09-03 09:40:07,762 [main] INFO  server.RaftServerConfigKeys (ConfUtils.java:logGet(43)) - raft.server.log.appender.buffer.byte-limit = 33554432 (custom)
2019-09-03 09:40:07,762 [main] INFO  server.GrpcService (ConfUtils.java:logGet(43)) - raft.grpc.flow.control.window = 1MB (=1048576) (default)
2019-09-03 09:40:07,762 [main] INFO  server.RaftServerConfigKeys (ConfUtils.java:logGet(43)) - raft.server.rpc.request.timeout = 3000ms (default)
2019-09-03 09:40:07,763 [main] INFO  server.RaftServerConfigKeys (ConfUtils.java:logGet(43)) - raft.server.storage.dir = [/workdir/hadoop-ozone/integration-test/target/test-dir/MiniOzoneClusterImpl-6c7229d4-44ec-4a7a-8c6b-4592cedbafbd/datanode-2/data/ratis] (custom)
2019-09-03 09:40:07,763 [main] INFO  replication.SimpleContainerDownloader (SimpleContainerDownloader.java:<init>(72)) - Starting container downloader service to copy containers to replicate.
2019-09-03 09:40:07,765 [main] INFO  hdfs.DFSUtil (DFSUtil.java:httpServerTemplateForNNAndJN(1641)) - Starting Web-server for hddsDatanode at: http://0.0.0.0:0
2019-09-03 09:40:07,766 [main] INFO  server.AuthenticationFilter (AuthenticationFilter.java:constructSecretProvider(240)) - Unable to initialize FileSignerSecretProvider, falling back to use random secrets.
2019-09-03 09:40:07,767 [main] WARN  http.HttpRequestLog (HttpRequestLog.java:getRequestLog(97)) - Jetty request log can only be enabled using Log4j
2019-09-03 09:40:07,768 [main] INFO  http.HttpServer2 (HttpServer2.java:addGlobalFilter(975)) - Added global filter 'safety' (class=org.apache.hadoop.http.HttpServer2$QuotingInputFilter)
2019-09-03 09:40:07,769 [main] INFO  http.HttpServer2 (HttpServer2.java:addFilter(948)) - Added filter static_user_filter (class=org.apache.hadoop.http.lib.StaticUserWebFilter$StaticUserFilter) to context hddsDatanode
2019-09-03 09:40:07,769 [main] INFO  http.HttpServer2 (HttpServer2.java:addFilter(958)) - Added filter static_user_filter (class=org.apache.hadoop.http.lib.StaticUserWebFilter$StaticUserFilter) to context logs
2019-09-03 09:40:07,769 [main] INFO  http.HttpServer2 (HttpServer2.java:addFilter(958)) - Added filter static_user_filter (class=org.apache.hadoop.http.lib.StaticUserWebFilter$StaticUserFilter) to context static
2019-09-03 09:40:07,770 [main] INFO  http.HttpServer2 (HttpServer2.java:bindListener(1191)) - Jetty bound to port 41980
2019-09-03 09:40:07,770 [main] INFO  server.Server (Server.java:doStart(351)) - jetty-9.3.24.v20180605, build timestamp: 2018-06-05T17:11:56Z, git hash: 84205aa28f11a4f31f2a3b86d1bba2cc8ab69827
2019-09-03 09:40:07,772 [main] INFO  handler.ContextHandler (ContextHandler.java:doStart(781)) - Started o.e.j.s.ServletContextHandler@4ab455e2{/logs,file:///workdir/hadoop-ozone/integration-test/target/log,AVAILABLE}
2019-09-03 09:40:07,772 [main] INFO  handler.ContextHandler (ContextHandler.java:doStart(781)) - Started o.e.j.s.ServletContextHandler@7ac685ef{/static,jar:file:/home/user/.m2/repository/org/apache/hadoop/hadoop-hdds-container-service/0.5.0-SNAPSHOT/hadoop-hdds-container-service-0.5.0-SNAPSHOT.jar!/webapps/static,AVAILABLE}
2019-09-03 09:40:07,800 [main] INFO  handler.ContextHandler (ContextHandler.java:doStart(781)) - Started o.e.j.w.WebAppContext@27e21083{/,file:///tmp/jetty-0.0.0.0-41980-hddsDatanode-_-any-1770365778600536138.dir/webapp/,AVAILABLE}{/hddsDatanode}
2019-09-03 09:40:07,800 [main] INFO  server.AbstractConnector (AbstractConnector.java:doStart(278)) - Started ServerConnector@67a6a2d0{HTTP/1.1,[http/1.1]}{0.0.0.0:41980}
2019-09-03 09:40:07,802 [main] INFO  server.Server (Server.java:doStart(419)) - Started @49945ms
2019-09-03 09:40:07,802 [main] INFO  server.BaseHttpServer (BaseHttpServer.java:updateConnectorAddress(213)) - HTTP server of HDDSDATANODE is listening at http://0.0.0.0:41980
2019-09-03 09:40:07,983 | INFO  | ObjectStoreRestHttpServer | Listening HDDS REST traffic on /0.0.0.0:39682 |  
2019-09-03 09:40:07,983 [main] INFO  ozone.HddsDatanodeService (HddsDatanodeService.java:startPlugins(395)) - Started plug-in org.apache.hadoop.ozone.web.OzoneHddsDatanodeService@751686aa
2019-09-03 09:40:07,983 [main] INFO  impl.MetricsSystemImpl (MetricsSystemImpl.java:init(158)) - HddsDatanode metrics system started (again)
2019-09-03 09:40:07,987 [org.apache.hadoop.util.JvmPauseMonitor$Monitor@5d857d33] INFO  util.JvmPauseMonitor (JvmPauseMonitor.java:run(188)) - Starting JVM pause monitor
2019-09-03 09:40:07,988 [main] INFO  ozone.HddsDatanodeService (HddsDatanodeService.java:start(184)) - HddsDatanodeService host:pr-hdds-1571-4wx6z-2437996338 ip:192.168.69.126
2019-09-03 09:40:07,990 [Datanode State Machine Thread - 0] INFO  datanode.InitDatanodeState (InitDatanodeState.java:persistContainerDatanodeDetails(140)) - DatanodeDetails is persisted to /workdir/hadoop-ozone/integration-test/target/test-dir/MiniOzoneClusterImpl-6c7229d4-44ec-4a7a-8c6b-4592cedbafbd/datanode-2/meta/datanode.id
2019-09-03 09:40:07,996 [main] INFO  volume.HddsVolume (HddsVolume.java:<init>(176)) - Creating Volume: /workdir/hadoop-ozone/integration-test/target/test-dir/MiniOzoneClusterImpl-6c7229d4-44ec-4a7a-8c6b-4592cedbafbd/datanode-3/data/containers/hdds of  storage type : DISK and capacity : 1482555576320
2019-09-03 09:40:07,997 [main] INFO  volume.VolumeSet (VolumeSet.java:initializeVolumeSet(170)) - Added Volume : /workdir/hadoop-ozone/integration-test/target/test-dir/MiniOzoneClusterImpl-6c7229d4-44ec-4a7a-8c6b-4592cedbafbd/datanode-3/data/containers/hdds to VolumeSet
2019-09-03 09:40:07,997 [main] INFO  volume.ThrottledAsyncChecker (ThrottledAsyncChecker.java:schedule(140)) - Scheduling a check for org.apache.hadoop.ozone.container.common.volume.HddsVolume@533e2f4
2019-09-03 09:40:07,997 [main] INFO  volume.HddsVolumeChecker (HddsVolumeChecker.java:checkAllVolumes(203)) - Scheduled health check for volume org.apache.hadoop.ozone.container.common.volume.HddsVolume@533e2f4
2019-09-03 09:40:08,016 [main] INFO  impl.RaftServerProxy (ConfUtils.java:logGet(43)) - raft.rpc.type = GRPC (default)
2019-09-03 09:40:08,016 [main] INFO  grpc.GrpcFactory (GrpcFactory.java:checkPooledByteBufAllocatorUseCacheForAllThreads(45)) - PERFORMANCE WARNING: useCacheForAllThreads is true that may cause Netty to create a lot garbage objects and, as a result, trigger GC.
	It is recommended to disable useCacheForAllThreads by setting -Dorg.apache.ratis.thirdparty.io.netty.allocator.useCacheForAllThreads=false in command line.
2019-09-03 09:40:08,016 [main] INFO  grpc.GrpcConfigKeys$Server (ConfUtils.java:logGet(43)) - raft.grpc.server.port = 0 (default)
2019-09-03 09:40:08,016 [main] INFO  server.GrpcService (ConfUtils.java:logGet(43)) - raft.grpc.message.size.max = 33570816 (custom)
2019-09-03 09:40:08,016 [main] INFO  server.RaftServerConfigKeys (ConfUtils.java:logGet(43)) - raft.server.log.appender.buffer.byte-limit = 33554432 (custom)
2019-09-03 09:40:08,017 [main] INFO  server.GrpcService (ConfUtils.java:logGet(43)) - raft.grpc.flow.control.window = 1MB (=1048576) (default)
2019-09-03 09:40:08,017 [main] INFO  server.RaftServerConfigKeys (ConfUtils.java:logGet(43)) - raft.server.rpc.request.timeout = 3000ms (default)
2019-09-03 09:40:08,017 [main] INFO  server.RaftServerConfigKeys (ConfUtils.java:logGet(43)) - raft.server.storage.dir = [/workdir/hadoop-ozone/integration-test/target/test-dir/MiniOzoneClusterImpl-6c7229d4-44ec-4a7a-8c6b-4592cedbafbd/datanode-3/data/ratis] (custom)
2019-09-03 09:40:08,018 [main] INFO  replication.SimpleContainerDownloader (SimpleContainerDownloader.java:<init>(72)) - Starting container downloader service to copy containers to replicate.
2019-09-03 09:40:08,019 [main] INFO  hdfs.DFSUtil (DFSUtil.java:httpServerTemplateForNNAndJN(1641)) - Starting Web-server for hddsDatanode at: http://0.0.0.0:0
2019-09-03 09:40:08,020 [main] INFO  server.AuthenticationFilter (AuthenticationFilter.java:constructSecretProvider(240)) - Unable to initialize FileSignerSecretProvider, falling back to use random secrets.
2019-09-03 09:40:08,021 [main] WARN  http.HttpRequestLog (HttpRequestLog.java:getRequestLog(97)) - Jetty request log can only be enabled using Log4j
2019-09-03 09:40:08,022 [main] INFO  http.HttpServer2 (HttpServer2.java:addGlobalFilter(975)) - Added global filter 'safety' (class=org.apache.hadoop.http.HttpServer2$QuotingInputFilter)
2019-09-03 09:40:08,023 [main] INFO  http.HttpServer2 (HttpServer2.java:addFilter(948)) - Added filter static_user_filter (class=org.apache.hadoop.http.lib.StaticUserWebFilter$StaticUserFilter) to context hddsDatanode
2019-09-03 09:40:08,023 [main] INFO  http.HttpServer2 (HttpServer2.java:addFilter(958)) - Added filter static_user_filter (class=org.apache.hadoop.http.lib.StaticUserWebFilter$StaticUserFilter) to context logs
2019-09-03 09:40:08,023 [main] INFO  http.HttpServer2 (HttpServer2.java:addFilter(958)) - Added filter static_user_filter (class=org.apache.hadoop.http.lib.StaticUserWebFilter$StaticUserFilter) to context static
2019-09-03 09:40:08,024 [main] INFO  http.HttpServer2 (HttpServer2.java:bindListener(1191)) - Jetty bound to port 33131
2019-09-03 09:40:08,024 [main] INFO  server.Server (Server.java:doStart(351)) - jetty-9.3.24.v20180605, build timestamp: 2018-06-05T17:11:56Z, git hash: 84205aa28f11a4f31f2a3b86d1bba2cc8ab69827
2019-09-03 09:40:08,026 [main] INFO  handler.ContextHandler (ContextHandler.java:doStart(781)) - Started o.e.j.s.ServletContextHandler@2a54c92e{/logs,file:///workdir/hadoop-ozone/integration-test/target/log,AVAILABLE}
2019-09-03 09:40:08,026 [main] INFO  handler.ContextHandler (ContextHandler.java:doStart(781)) - Started o.e.j.s.ServletContextHandler@1fb71788{/static,jar:file:/home/user/.m2/repository/org/apache/hadoop/hadoop-hdds-container-service/0.5.0-SNAPSHOT/hadoop-hdds-container-service-0.5.0-SNAPSHOT.jar!/webapps/static,AVAILABLE}
2019-09-03 09:40:08,071 [main] INFO  handler.ContextHandler (ContextHandler.java:doStart(781)) - Started o.e.j.w.WebAppContext@3ccfac29{/,file:///tmp/jetty-0.0.0.0-33131-hddsDatanode-_-any-3846878537207434256.dir/webapp/,AVAILABLE}{/hddsDatanode}
2019-09-03 09:40:08,072 [main] INFO  server.AbstractConnector (AbstractConnector.java:doStart(278)) - Started ServerConnector@5c41b8d8{HTTP/1.1,[http/1.1]}{0.0.0.0:33131}
2019-09-03 09:40:08,074 [main] INFO  server.Server (Server.java:doStart(419)) - Started @50217ms
2019-09-03 09:40:08,075 [main] INFO  server.BaseHttpServer (BaseHttpServer.java:updateConnectorAddress(213)) - HTTP server of HDDSDATANODE is listening at http://0.0.0.0:33131
2019-09-03 09:40:08,244 | INFO  | ObjectStoreRestHttpServer | Listening HDDS REST traffic on /0.0.0.0:37951 |  
2019-09-03 09:40:08,244 [main] INFO  ozone.HddsDatanodeService (HddsDatanodeService.java:startPlugins(395)) - Started plug-in org.apache.hadoop.ozone.web.OzoneHddsDatanodeService@2a661215
2019-09-03 09:40:08,245 [main] INFO  impl.MetricsSystemImpl (MetricsSystemImpl.java:init(158)) - HddsDatanode metrics system started (again)
2019-09-03 09:40:08,248 [org.apache.hadoop.util.JvmPauseMonitor$Monitor@6f2e76db] INFO  util.JvmPauseMonitor (JvmPauseMonitor.java:run(188)) - Starting JVM pause monitor
2019-09-03 09:40:08,249 [main] INFO  ozone.HddsDatanodeService (HddsDatanodeService.java:start(184)) - HddsDatanodeService host:pr-hdds-1571-4wx6z-2437996338 ip:192.168.69.126
2019-09-03 09:40:08,250 [Datanode State Machine Thread - 0] INFO  datanode.InitDatanodeState (InitDatanodeState.java:persistContainerDatanodeDetails(140)) - DatanodeDetails is persisted to /workdir/hadoop-ozone/integration-test/target/test-dir/MiniOzoneClusterImpl-6c7229d4-44ec-4a7a-8c6b-4592cedbafbd/datanode-3/meta/datanode.id
2019-09-03 09:40:08,257 [main] INFO  volume.HddsVolume (HddsVolume.java:<init>(176)) - Creating Volume: /workdir/hadoop-ozone/integration-test/target/test-dir/MiniOzoneClusterImpl-6c7229d4-44ec-4a7a-8c6b-4592cedbafbd/datanode-4/data/containers/hdds of  storage type : DISK and capacity : 1482555576320
2019-09-03 09:40:08,258 [main] INFO  volume.VolumeSet (VolumeSet.java:initializeVolumeSet(170)) - Added Volume : /workdir/hadoop-ozone/integration-test/target/test-dir/MiniOzoneClusterImpl-6c7229d4-44ec-4a7a-8c6b-4592cedbafbd/datanode-4/data/containers/hdds to VolumeSet
2019-09-03 09:40:08,258 [main] INFO  volume.ThrottledAsyncChecker (ThrottledAsyncChecker.java:schedule(140)) - Scheduling a check for org.apache.hadoop.ozone.container.common.volume.HddsVolume@5e681097
2019-09-03 09:40:08,258 [main] INFO  volume.HddsVolumeChecker (HddsVolumeChecker.java:checkAllVolumes(203)) - Scheduled health check for volume org.apache.hadoop.ozone.container.common.volume.HddsVolume@5e681097
2019-09-03 09:40:08,273 [main] INFO  impl.RaftServerProxy (ConfUtils.java:logGet(43)) - raft.rpc.type = GRPC (default)
2019-09-03 09:40:08,273 [main] INFO  grpc.GrpcFactory (GrpcFactory.java:checkPooledByteBufAllocatorUseCacheForAllThreads(45)) - PERFORMANCE WARNING: useCacheForAllThreads is true that may cause Netty to create a lot garbage objects and, as a result, trigger GC.
	It is recommended to disable useCacheForAllThreads by setting -Dorg.apache.ratis.thirdparty.io.netty.allocator.useCacheForAllThreads=false in command line.
2019-09-03 09:40:08,273 [main] INFO  grpc.GrpcConfigKeys$Server (ConfUtils.java:logGet(43)) - raft.grpc.server.port = 0 (default)
2019-09-03 09:40:08,273 [main] INFO  server.GrpcService (ConfUtils.java:logGet(43)) - raft.grpc.message.size.max = 33570816 (custom)
2019-09-03 09:40:08,274 [main] INFO  server.RaftServerConfigKeys (ConfUtils.java:logGet(43)) - raft.server.log.appender.buffer.byte-limit = 33554432 (custom)
2019-09-03 09:40:08,274 [main] INFO  server.GrpcService (ConfUtils.java:logGet(43)) - raft.grpc.flow.control.window = 1MB (=1048576) (default)
2019-09-03 09:40:08,274 [main] INFO  server.RaftServerConfigKeys (ConfUtils.java:logGet(43)) - raft.server.rpc.request.timeout = 3000ms (default)
2019-09-03 09:40:08,274 [main] INFO  server.RaftServerConfigKeys (ConfUtils.java:logGet(43)) - raft.server.storage.dir = [/workdir/hadoop-ozone/integration-test/target/test-dir/MiniOzoneClusterImpl-6c7229d4-44ec-4a7a-8c6b-4592cedbafbd/datanode-4/data/ratis] (custom)
2019-09-03 09:40:08,275 [main] INFO  replication.SimpleContainerDownloader (SimpleContainerDownloader.java:<init>(72)) - Starting container downloader service to copy containers to replicate.
2019-09-03 09:40:08,276 [main] INFO  hdfs.DFSUtil (DFSUtil.java:httpServerTemplateForNNAndJN(1641)) - Starting Web-server for hddsDatanode at: http://0.0.0.0:0
2019-09-03 09:40:08,279 [main] INFO  server.AuthenticationFilter (AuthenticationFilter.java:constructSecretProvider(240)) - Unable to initialize FileSignerSecretProvider, falling back to use random secrets.
2019-09-03 09:40:08,280 [main] WARN  http.HttpRequestLog (HttpRequestLog.java:getRequestLog(97)) - Jetty request log can only be enabled using Log4j
2019-09-03 09:40:08,282 [main] INFO  http.HttpServer2 (HttpServer2.java:addGlobalFilter(975)) - Added global filter 'safety' (class=org.apache.hadoop.http.HttpServer2$QuotingInputFilter)
2019-09-03 09:40:08,284 [main] INFO  http.HttpServer2 (HttpServer2.java:addFilter(948)) - Added filter static_user_filter (class=org.apache.hadoop.http.lib.StaticUserWebFilter$StaticUserFilter) to context hddsDatanode
2019-09-03 09:40:08,284 [main] INFO  http.HttpServer2 (HttpServer2.java:addFilter(958)) - Added filter static_user_filter (class=org.apache.hadoop.http.lib.StaticUserWebFilter$StaticUserFilter) to context logs
2019-09-03 09:40:08,285 [main] INFO  http.HttpServer2 (HttpServer2.java:addFilter(958)) - Added filter static_user_filter (class=org.apache.hadoop.http.lib.StaticUserWebFilter$StaticUserFilter) to context static
2019-09-03 09:40:08,286 [main] INFO  http.HttpServer2 (HttpServer2.java:bindListener(1191)) - Jetty bound to port 38911
2019-09-03 09:40:08,286 [main] INFO  server.Server (Server.java:doStart(351)) - jetty-9.3.24.v20180605, build timestamp: 2018-06-05T17:11:56Z, git hash: 84205aa28f11a4f31f2a3b86d1bba2cc8ab69827
2019-09-03 09:40:08,289 [main] INFO  handler.ContextHandler (ContextHandler.java:doStart(781)) - Started o.e.j.s.ServletContextHandler@647ff23e{/logs,file:///workdir/hadoop-ozone/integration-test/target/log,AVAILABLE}
2019-09-03 09:40:08,290 [main] INFO  handler.ContextHandler (ContextHandler.java:doStart(781)) - Started o.e.j.s.ServletContextHandler@35a9e665{/static,jar:file:/home/user/.m2/repository/org/apache/hadoop/hadoop-hdds-container-service/0.5.0-SNAPSHOT/hadoop-hdds-container-service-0.5.0-SNAPSHOT.jar!/webapps/static,AVAILABLE}
2019-09-03 09:40:08,331 [main] INFO  handler.ContextHandler (ContextHandler.java:doStart(781)) - Started o.e.j.w.WebAppContext@54286339{/,file:///tmp/jetty-0.0.0.0-38911-hddsDatanode-_-any-2584133969947724934.dir/webapp/,AVAILABLE}{/hddsDatanode}
2019-09-03 09:40:08,333 [main] INFO  server.AbstractConnector (AbstractConnector.java:doStart(278)) - Started ServerConnector@507f47f9{HTTP/1.1,[http/1.1]}{0.0.0.0:38911}
2019-09-03 09:40:08,333 [main] INFO  server.Server (Server.java:doStart(419)) - Started @50476ms
2019-09-03 09:40:08,334 [main] INFO  server.BaseHttpServer (BaseHttpServer.java:updateConnectorAddress(213)) - HTTP server of HDDSDATANODE is listening at http://0.0.0.0:38911
2019-09-03 09:40:08,709 | INFO  | ObjectStoreRestHttpServer | Listening HDDS REST traffic on /0.0.0.0:36372 |  
2019-09-03 09:40:08,710 [main] INFO  ozone.HddsDatanodeService (HddsDatanodeService.java:startPlugins(395)) - Started plug-in org.apache.hadoop.ozone.web.OzoneHddsDatanodeService@31443680
2019-09-03 09:40:08,710 [main] INFO  impl.MetricsSystemImpl (MetricsSystemImpl.java:init(158)) - HddsDatanode metrics system started (again)
2019-09-03 09:40:08,714 [org.apache.hadoop.util.JvmPauseMonitor$Monitor@28226308] INFO  util.JvmPauseMonitor (JvmPauseMonitor.java:run(188)) - Starting JVM pause monitor
2019-09-03 09:40:08,714 [main] INFO  ozone.HddsDatanodeService (HddsDatanodeService.java:start(184)) - HddsDatanodeService host:pr-hdds-1571-4wx6z-2437996338 ip:192.168.69.126
2019-09-03 09:40:08,716 [Datanode State Machine Thread - 0] INFO  datanode.InitDatanodeState (InitDatanodeState.java:persistContainerDatanodeDetails(140)) - DatanodeDetails is persisted to /workdir/hadoop-ozone/integration-test/target/test-dir/MiniOzoneClusterImpl-6c7229d4-44ec-4a7a-8c6b-4592cedbafbd/datanode-4/meta/datanode.id
2019-09-03 09:40:08,723 [main] INFO  volume.HddsVolume (HddsVolume.java:<init>(176)) - Creating Volume: /workdir/hadoop-ozone/integration-test/target/test-dir/MiniOzoneClusterImpl-6c7229d4-44ec-4a7a-8c6b-4592cedbafbd/datanode-5/data/containers/hdds of  storage type : DISK and capacity : 1482555576320
2019-09-03 09:40:08,724 [main] INFO  volume.VolumeSet (VolumeSet.java:initializeVolumeSet(170)) - Added Volume : /workdir/hadoop-ozone/integration-test/target/test-dir/MiniOzoneClusterImpl-6c7229d4-44ec-4a7a-8c6b-4592cedbafbd/datanode-5/data/containers/hdds to VolumeSet
2019-09-03 09:40:08,724 [main] INFO  volume.ThrottledAsyncChecker (ThrottledAsyncChecker.java:schedule(140)) - Scheduling a check for org.apache.hadoop.ozone.container.common.volume.HddsVolume@2d4a0671
2019-09-03 09:40:08,725 [main] INFO  volume.HddsVolumeChecker (HddsVolumeChecker.java:checkAllVolumes(203)) - Scheduled health check for volume org.apache.hadoop.ozone.container.common.volume.HddsVolume@2d4a0671
2019-09-03 09:40:08,749 [main] INFO  impl.RaftServerProxy (ConfUtils.java:logGet(43)) - raft.rpc.type = GRPC (default)
2019-09-03 09:40:08,749 [main] INFO  grpc.GrpcFactory (GrpcFactory.java:checkPooledByteBufAllocatorUseCacheForAllThreads(45)) - PERFORMANCE WARNING: useCacheForAllThreads is true that may cause Netty to create a lot garbage objects and, as a result, trigger GC.
	It is recommended to disable useCacheForAllThreads by setting -Dorg.apache.ratis.thirdparty.io.netty.allocator.useCacheForAllThreads=false in command line.
2019-09-03 09:40:08,749 [main] INFO  grpc.GrpcConfigKeys$Server (ConfUtils.java:logGet(43)) - raft.grpc.server.port = 0 (default)
2019-09-03 09:40:08,750 [main] INFO  server.GrpcService (ConfUtils.java:logGet(43)) - raft.grpc.message.size.max = 33570816 (custom)
2019-09-03 09:40:08,750 [main] INFO  server.RaftServerConfigKeys (ConfUtils.java:logGet(43)) - raft.server.log.appender.buffer.byte-limit = 33554432 (custom)
2019-09-03 09:40:08,750 [main] INFO  server.GrpcService (ConfUtils.java:logGet(43)) - raft.grpc.flow.control.window = 1MB (=1048576) (default)
2019-09-03 09:40:08,751 [main] INFO  server.RaftServerConfigKeys (ConfUtils.java:logGet(43)) - raft.server.rpc.request.timeout = 3000ms (default)
2019-09-03 09:40:08,751 [main] INFO  server.RaftServerConfigKeys (ConfUtils.java:logGet(43)) - raft.server.storage.dir = [/workdir/hadoop-ozone/integration-test/target/test-dir/MiniOzoneClusterImpl-6c7229d4-44ec-4a7a-8c6b-4592cedbafbd/datanode-5/data/ratis] (custom)
2019-09-03 09:40:08,752 [main] INFO  replication.SimpleContainerDownloader (SimpleContainerDownloader.java:<init>(72)) - Starting container downloader service to copy containers to replicate.
2019-09-03 09:40:08,753 [main] INFO  hdfs.DFSUtil (DFSUtil.java:httpServerTemplateForNNAndJN(1641)) - Starting Web-server for hddsDatanode at: http://0.0.0.0:0
2019-09-03 09:40:08,755 [main] INFO  server.AuthenticationFilter (AuthenticationFilter.java:constructSecretProvider(240)) - Unable to initialize FileSignerSecretProvider, falling back to use random secrets.
2019-09-03 09:40:08,756 [main] WARN  http.HttpRequestLog (HttpRequestLog.java:getRequestLog(97)) - Jetty request log can only be enabled using Log4j
2019-09-03 09:40:08,758 [main] INFO  http.HttpServer2 (HttpServer2.java:addGlobalFilter(975)) - Added global filter 'safety' (class=org.apache.hadoop.http.HttpServer2$QuotingInputFilter)
2019-09-03 09:40:08,759 [main] INFO  http.HttpServer2 (HttpServer2.java:addFilter(948)) - Added filter static_user_filter (class=org.apache.hadoop.http.lib.StaticUserWebFilter$StaticUserFilter) to context hddsDatanode
2019-09-03 09:40:08,759 [main] INFO  http.HttpServer2 (HttpServer2.java:addFilter(958)) - Added filter static_user_filter (class=org.apache.hadoop.http.lib.StaticUserWebFilter$StaticUserFilter) to context static
2019-09-03 09:40:08,759 [main] INFO  http.HttpServer2 (HttpServer2.java:addFilter(958)) - Added filter static_user_filter (class=org.apache.hadoop.http.lib.StaticUserWebFilter$StaticUserFilter) to context logs
2019-09-03 09:40:08,760 [main] INFO  http.HttpServer2 (HttpServer2.java:bindListener(1191)) - Jetty bound to port 34081
2019-09-03 09:40:08,761 [main] INFO  server.Server (Server.java:doStart(351)) - jetty-9.3.24.v20180605, build timestamp: 2018-06-05T17:11:56Z, git hash: 84205aa28f11a4f31f2a3b86d1bba2cc8ab69827
2019-09-03 09:40:08,763 [main] INFO  handler.ContextHandler (ContextHandler.java:doStart(781)) - Started o.e.j.s.ServletContextHandler@63f3366a{/logs,file:///workdir/hadoop-ozone/integration-test/target/log,AVAILABLE}
2019-09-03 09:40:08,764 [main] INFO  handler.ContextHandler (ContextHandler.java:doStart(781)) - Started o.e.j.s.ServletContextHandler@56f84c9b{/static,jar:file:/home/user/.m2/repository/org/apache/hadoop/hadoop-hdds-container-service/0.5.0-SNAPSHOT/hadoop-hdds-container-service-0.5.0-SNAPSHOT.jar!/webapps/static,AVAILABLE}
2019-09-03 09:40:08,802 [main] INFO  handler.ContextHandler (ContextHandler.java:doStart(781)) - Started o.e.j.w.WebAppContext@6c36051c{/,file:///tmp/jetty-0.0.0.0-34081-hddsDatanode-_-any-1395740472065119674.dir/webapp/,AVAILABLE}{/hddsDatanode}
2019-09-03 09:40:08,803 [main] INFO  server.AbstractConnector (AbstractConnector.java:doStart(278)) - Started ServerConnector@45d46254{HTTP/1.1,[http/1.1]}{0.0.0.0:34081}
2019-09-03 09:40:08,804 [main] INFO  server.Server (Server.java:doStart(419)) - Started @50947ms
2019-09-03 09:40:08,805 [main] INFO  server.BaseHttpServer (BaseHttpServer.java:updateConnectorAddress(213)) - HTTP server of HDDSDATANODE is listening at http://0.0.0.0:34081
2019-09-03 09:40:08,965 | INFO  | ObjectStoreRestHttpServer | Listening HDDS REST traffic on /0.0.0.0:38562 |  
2019-09-03 09:40:08,965 [main] INFO  ozone.HddsDatanodeService (HddsDatanodeService.java:startPlugins(395)) - Started plug-in org.apache.hadoop.ozone.web.OzoneHddsDatanodeService@5da3f32a
2019-09-03 09:40:08,966 [main] INFO  impl.MetricsSystemImpl (MetricsSystemImpl.java:init(158)) - HddsDatanode metrics system started (again)
2019-09-03 09:40:08,970 [org.apache.hadoop.util.JvmPauseMonitor$Monitor@16ce93f2] INFO  util.JvmPauseMonitor (JvmPauseMonitor.java:run(188)) - Starting JVM pause monitor
2019-09-03 09:40:08,971 [main] INFO  ozone.HddsDatanodeService (HddsDatanodeService.java:start(184)) - HddsDatanodeService host:pr-hdds-1571-4wx6z-2437996338 ip:192.168.69.126
2019-09-03 09:40:08,972 [Datanode State Machine Thread - 0] INFO  datanode.InitDatanodeState (InitDatanodeState.java:persistContainerDatanodeDetails(140)) - DatanodeDetails is persisted to /workdir/hadoop-ozone/integration-test/target/test-dir/MiniOzoneClusterImpl-6c7229d4-44ec-4a7a-8c6b-4592cedbafbd/datanode-5/meta/datanode.id
2019-09-03 09:40:08,981 [main] INFO  volume.HddsVolume (HddsVolume.java:<init>(176)) - Creating Volume: /workdir/hadoop-ozone/integration-test/target/test-dir/MiniOzoneClusterImpl-6c7229d4-44ec-4a7a-8c6b-4592cedbafbd/datanode-6/data/containers/hdds of  storage type : DISK and capacity : 1482555576320
2019-09-03 09:40:08,981 [main] INFO  volume.VolumeSet (VolumeSet.java:initializeVolumeSet(170)) - Added Volume : /workdir/hadoop-ozone/integration-test/target/test-dir/MiniOzoneClusterImpl-6c7229d4-44ec-4a7a-8c6b-4592cedbafbd/datanode-6/data/containers/hdds to VolumeSet
2019-09-03 09:40:08,981 [main] INFO  volume.ThrottledAsyncChecker (ThrottledAsyncChecker.java:schedule(140)) - Scheduling a check for org.apache.hadoop.ozone.container.common.volume.HddsVolume@4efe014f
2019-09-03 09:40:08,982 [main] INFO  volume.HddsVolumeChecker (HddsVolumeChecker.java:checkAllVolumes(203)) - Scheduled health check for volume org.apache.hadoop.ozone.container.common.volume.HddsVolume@4efe014f
2019-09-03 09:40:08,999 [main] INFO  impl.RaftServerProxy (ConfUtils.java:logGet(43)) - raft.rpc.type = GRPC (default)
2019-09-03 09:40:09,000 [main] INFO  grpc.GrpcFactory (GrpcFactory.java:checkPooledByteBufAllocatorUseCacheForAllThreads(45)) - PERFORMANCE WARNING: useCacheForAllThreads is true that may cause Netty to create a lot garbage objects and, as a result, trigger GC.
	It is recommended to disable useCacheForAllThreads by setting -Dorg.apache.ratis.thirdparty.io.netty.allocator.useCacheForAllThreads=false in command line.
2019-09-03 09:40:09,000 [main] INFO  grpc.GrpcConfigKeys$Server (ConfUtils.java:logGet(43)) - raft.grpc.server.port = 0 (default)
2019-09-03 09:40:09,000 [main] INFO  server.GrpcService (ConfUtils.java:logGet(43)) - raft.grpc.message.size.max = 33570816 (custom)
2019-09-03 09:40:09,000 [main] INFO  server.RaftServerConfigKeys (ConfUtils.java:logGet(43)) - raft.server.log.appender.buffer.byte-limit = 33554432 (custom)
2019-09-03 09:40:09,000 [main] INFO  server.GrpcService (ConfUtils.java:logGet(43)) - raft.grpc.flow.control.window = 1MB (=1048576) (default)
2019-09-03 09:40:09,001 [main] INFO  server.RaftServerConfigKeys (ConfUtils.java:logGet(43)) - raft.server.rpc.request.timeout = 3000ms (default)
2019-09-03 09:40:09,001 [main] INFO  server.RaftServerConfigKeys (ConfUtils.java:logGet(43)) - raft.server.storage.dir = [/workdir/hadoop-ozone/integration-test/target/test-dir/MiniOzoneClusterImpl-6c7229d4-44ec-4a7a-8c6b-4592cedbafbd/datanode-6/data/ratis] (custom)
2019-09-03 09:40:09,002 [main] INFO  replication.SimpleContainerDownloader (SimpleContainerDownloader.java:<init>(72)) - Starting container downloader service to copy containers to replicate.
2019-09-03 09:40:09,003 [main] INFO  hdfs.DFSUtil (DFSUtil.java:httpServerTemplateForNNAndJN(1641)) - Starting Web-server for hddsDatanode at: http://0.0.0.0:0
2019-09-03 09:40:09,004 [main] INFO  server.AuthenticationFilter (AuthenticationFilter.java:constructSecretProvider(240)) - Unable to initialize FileSignerSecretProvider, falling back to use random secrets.
2019-09-03 09:40:09,005 [main] WARN  http.HttpRequestLog (HttpRequestLog.java:getRequestLog(97)) - Jetty request log can only be enabled using Log4j
2019-09-03 09:40:09,006 [main] INFO  http.HttpServer2 (HttpServer2.java:addGlobalFilter(975)) - Added global filter 'safety' (class=org.apache.hadoop.http.HttpServer2$QuotingInputFilter)
2019-09-03 09:40:09,007 [main] INFO  http.HttpServer2 (HttpServer2.java:addFilter(948)) - Added filter static_user_filter (class=org.apache.hadoop.http.lib.StaticUserWebFilter$StaticUserFilter) to context hddsDatanode
2019-09-03 09:40:09,007 [main] INFO  http.HttpServer2 (HttpServer2.java:addFilter(958)) - Added filter static_user_filter (class=org.apache.hadoop.http.lib.StaticUserWebFilter$StaticUserFilter) to context static
2019-09-03 09:40:09,007 [main] INFO  http.HttpServer2 (HttpServer2.java:addFilter(958)) - Added filter static_user_filter (class=org.apache.hadoop.http.lib.StaticUserWebFilter$StaticUserFilter) to context logs
2019-09-03 09:40:09,008 [main] INFO  http.HttpServer2 (HttpServer2.java:bindListener(1191)) - Jetty bound to port 32806
2019-09-03 09:40:09,008 [main] INFO  server.Server (Server.java:doStart(351)) - jetty-9.3.24.v20180605, build timestamp: 2018-06-05T17:11:56Z, git hash: 84205aa28f11a4f31f2a3b86d1bba2cc8ab69827
2019-09-03 09:40:09,010 [main] INFO  handler.ContextHandler (ContextHandler.java:doStart(781)) - Started o.e.j.s.ServletContextHandler@215a0264{/logs,file:///workdir/hadoop-ozone/integration-test/target/log,AVAILABLE}
2019-09-03 09:40:09,011 [main] INFO  handler.ContextHandler (ContextHandler.java:doStart(781)) - Started o.e.j.s.ServletContextHandler@103478b8{/static,jar:file:/home/user/.m2/repository/org/apache/hadoop/hadoop-hdds-container-service/0.5.0-SNAPSHOT/hadoop-hdds-container-service-0.5.0-SNAPSHOT.jar!/webapps/static,AVAILABLE}
2019-09-03 09:40:09,040 [main] INFO  handler.ContextHandler (ContextHandler.java:doStart(781)) - Started o.e.j.w.WebAppContext@5f82209e{/,file:///tmp/jetty-0.0.0.0-32806-hddsDatanode-_-any-8077913754692369271.dir/webapp/,AVAILABLE}{/hddsDatanode}
2019-09-03 09:40:09,040 [main] INFO  server.AbstractConnector (AbstractConnector.java:doStart(278)) - Started ServerConnector@515c732d{HTTP/1.1,[http/1.1]}{0.0.0.0:32806}
2019-09-03 09:40:09,042 [main] INFO  server.Server (Server.java:doStart(419)) - Started @51185ms
2019-09-03 09:40:09,043 [main] INFO  server.BaseHttpServer (BaseHttpServer.java:updateConnectorAddress(213)) - HTTP server of HDDSDATANODE is listening at http://0.0.0.0:32806
2019-09-03 09:40:09,171 | INFO  | ObjectStoreRestHttpServer | Listening HDDS REST traffic on /0.0.0.0:44762 |  
2019-09-03 09:40:09,171 [main] INFO  ozone.HddsDatanodeService (HddsDatanodeService.java:startPlugins(395)) - Started plug-in org.apache.hadoop.ozone.web.OzoneHddsDatanodeService@ec3944
2019-09-03 09:40:09,171 [main] INFO  ozone.MiniOzoneClusterImpl (MiniOzoneClusterImpl.java:lambda$waitForClusterToBeReady$0(142)) - Waiting for cluster to be ready. Got 0 of 7 DN Heartbeats.
2019-09-03 09:40:09,173 [org.apache.hadoop.util.JvmPauseMonitor$Monitor@384824eb] INFO  util.JvmPauseMonitor (JvmPauseMonitor.java:run(188)) - Starting JVM pause monitor
2019-09-03 09:40:09,174 [Datanode State Machine Thread - 0] INFO  datanode.InitDatanodeState (InitDatanodeState.java:persistContainerDatanodeDetails(140)) - DatanodeDetails is persisted to /workdir/hadoop-ozone/integration-test/target/test-dir/MiniOzoneClusterImpl-6c7229d4-44ec-4a7a-8c6b-4592cedbafbd/datanode-6/meta/datanode.id
2019-09-03 09:40:09,541 | INFO  | SCMAudit | user=jenkins1000 | ip=192.168.69.126 | op=GET_VERSION null | ret=SUCCESS |  
2019-09-03 09:40:09,569 [Datanode State Machine Thread - 0] INFO  ozoneimpl.OzoneContainer (OzoneContainer.java:start(186)) - Attempting to start container services.
2019-09-03 09:40:09,570 [Datanode State Machine Thread - 0] INFO  ozoneimpl.OzoneContainer (OzoneContainer.java:startContainerScrub(160)) - Background container scrubber has been disabled by hdds.containerscrub.enabled
2019-09-03 09:40:09,570 [Datanode State Machine Thread - 0] INFO  ratis.XceiverServerRatis (XceiverServerRatis.java:start(404)) - Starting XceiverServerRatis 5f62d077-1cb0-4aa3-be9b-0f443f88c284 at port 0
2019-09-03 09:40:09,576 [Datanode State Machine Thread - 0] INFO  impl.RaftServerProxy (RaftServerProxy.java:lambda$start$3(299)) - 5f62d077-1cb0-4aa3-be9b-0f443f88c284: start RPC server
2019-09-03 09:40:09,578 [Datanode State Machine Thread - 0] INFO  server.GrpcService (GrpcService.java:startImpl(149)) - 5f62d077-1cb0-4aa3-be9b-0f443f88c284: GrpcService started, listening on 0.0.0.0/0.0.0.0:43193
2019-09-03 09:40:09,578 [Datanode State Machine Thread - 0] INFO  ratis.XceiverServerRatis (XceiverServerRatis.java:start(414)) - XceiverServerRatis 5f62d077-1cb0-4aa3-be9b-0f443f88c284 is started using port 43193
2019-09-03 09:40:09,580 [Datanode State Machine Thread - 0] INFO  server.XceiverServerGrpc (XceiverServerGrpc.java:start(163)) - XceiverServerGrpc 5f62d077-1cb0-4aa3-be9b-0f443f88c284 is started using port 36938
2019-09-03 09:40:09,733 | INFO  | SCMAudit | user=jenkins1000 | ip=192.168.69.126 | op=GET_VERSION null | ret=SUCCESS |  
2019-09-03 09:40:09,768 [Datanode State Machine Thread - 0] INFO  ozoneimpl.OzoneContainer (OzoneContainer.java:start(186)) - Attempting to start container services.
2019-09-03 09:40:09,768 [Datanode State Machine Thread - 0] INFO  ozoneimpl.OzoneContainer (OzoneContainer.java:startContainerScrub(160)) - Background container scrubber has been disabled by hdds.containerscrub.enabled
2019-09-03 09:40:09,769 [Datanode State Machine Thread - 0] INFO  ratis.XceiverServerRatis (XceiverServerRatis.java:start(404)) - Starting XceiverServerRatis f1e690fe-d9d6-4f9a-b28d-4fa21d7465dc at port 0
2019-09-03 09:40:09,776 [Datanode State Machine Thread - 0] INFO  impl.RaftServerProxy (RaftServerProxy.java:lambda$start$3(299)) - f1e690fe-d9d6-4f9a-b28d-4fa21d7465dc: start RPC server
2019-09-03 09:40:09,777 [Datanode State Machine Thread - 0] INFO  server.GrpcService (GrpcService.java:startImpl(149)) - f1e690fe-d9d6-4f9a-b28d-4fa21d7465dc: GrpcService started, listening on 0.0.0.0/0.0.0.0:42648
2019-09-03 09:40:09,777 [Datanode State Machine Thread - 0] INFO  ratis.XceiverServerRatis (XceiverServerRatis.java:start(414)) - XceiverServerRatis f1e690fe-d9d6-4f9a-b28d-4fa21d7465dc is started using port 42648
2019-09-03 09:40:09,778 [Datanode State Machine Thread - 0] INFO  server.XceiverServerGrpc (XceiverServerGrpc.java:start(163)) - XceiverServerGrpc f1e690fe-d9d6-4f9a-b28d-4fa21d7465dc is started using port 36531
2019-09-03 09:40:09,988 | INFO  | SCMAudit | user=jenkins1000 | ip=192.168.69.126 | op=GET_VERSION null | ret=SUCCESS |  
2019-09-03 09:40:10,172 [main] INFO  ozone.MiniOzoneClusterImpl (MiniOzoneClusterImpl.java:lambda$waitForClusterToBeReady$0(142)) - Waiting for cluster to be ready. Got 0 of 7 DN Heartbeats.
2019-09-03 09:40:10,249 | INFO  | SCMAudit | user=jenkins1000 | ip=192.168.69.126 | op=GET_VERSION null | ret=SUCCESS |  
2019-09-03 09:40:10,534 [Datanode State Machine Thread - 0] INFO  ozoneimpl.OzoneContainer (OzoneContainer.java:start(186)) - Attempting to start container services.
2019-09-03 09:40:10,534 [Datanode State Machine Thread - 0] INFO  ozoneimpl.OzoneContainer (OzoneContainer.java:start(186)) - Attempting to start container services.
2019-09-03 09:40:10,534 [Datanode State Machine Thread - 0] INFO  ozoneimpl.OzoneContainer (OzoneContainer.java:startContainerScrub(160)) - Background container scrubber has been disabled by hdds.containerscrub.enabled
2019-09-03 09:40:10,534 [Datanode State Machine Thread - 0] INFO  ozoneimpl.OzoneContainer (OzoneContainer.java:startContainerScrub(160)) - Background container scrubber has been disabled by hdds.containerscrub.enabled
2019-09-03 09:40:10,534 [Datanode State Machine Thread - 0] INFO  ratis.XceiverServerRatis (XceiverServerRatis.java:start(404)) - Starting XceiverServerRatis 30b1b43b-2ac1-4227-ba9d-0d794daadc3a at port 0
2019-09-03 09:40:10,534 [Datanode State Machine Thread - 0] INFO  ratis.XceiverServerRatis (XceiverServerRatis.java:start(404)) - Starting XceiverServerRatis 54a7770c-e3e5-4c4a-b2d5-1e155816e439 at port 0
2019-09-03 09:40:10,549 [Datanode State Machine Thread - 0] INFO  impl.RaftServerProxy (RaftServerProxy.java:lambda$start$3(299)) - 54a7770c-e3e5-4c4a-b2d5-1e155816e439: start RPC server
2019-09-03 09:40:10,549 [Datanode State Machine Thread - 0] INFO  impl.RaftServerProxy (RaftServerProxy.java:lambda$start$3(299)) - 30b1b43b-2ac1-4227-ba9d-0d794daadc3a: start RPC server
2019-09-03 09:40:10,565 [Datanode State Machine Thread - 0] INFO  server.GrpcService (GrpcService.java:startImpl(149)) - 54a7770c-e3e5-4c4a-b2d5-1e155816e439: GrpcService started, listening on 0.0.0.0/0.0.0.0:34394
2019-09-03 09:40:10,567 [Datanode State Machine Thread - 0] INFO  ratis.XceiverServerRatis (XceiverServerRatis.java:start(414)) - XceiverServerRatis 54a7770c-e3e5-4c4a-b2d5-1e155816e439 is started using port 34394
2019-09-03 09:40:10,567 [Datanode State Machine Thread - 0] INFO  server.GrpcService (GrpcService.java:startImpl(149)) - 30b1b43b-2ac1-4227-ba9d-0d794daadc3a: GrpcService started, listening on 0.0.0.0/0.0.0.0:44438
2019-09-03 09:40:10,568 [Datanode State Machine Thread - 0] INFO  ratis.XceiverServerRatis (XceiverServerRatis.java:start(414)) - XceiverServerRatis 30b1b43b-2ac1-4227-ba9d-0d794daadc3a is started using port 44438
2019-09-03 09:40:10,568 [Datanode State Machine Thread - 0] INFO  server.XceiverServerGrpc (XceiverServerGrpc.java:start(163)) - XceiverServerGrpc 54a7770c-e3e5-4c4a-b2d5-1e155816e439 is started using port 37542
2019-09-03 09:40:10,569 [Datanode State Machine Thread - 0] INFO  server.XceiverServerGrpc (XceiverServerGrpc.java:start(163)) - XceiverServerGrpc 30b1b43b-2ac1-4227-ba9d-0d794daadc3a is started using port 40314
2019-09-03 09:40:10,715 | INFO  | SCMAudit | user=jenkins1000 | ip=192.168.69.126 | op=GET_VERSION null | ret=SUCCESS |  
2019-09-03 09:40:10,734 [Datanode State Machine Thread - 0] INFO  ozoneimpl.OzoneContainer (OzoneContainer.java:start(186)) - Attempting to start container services.
2019-09-03 09:40:10,734 [Datanode State Machine Thread - 0] INFO  ozoneimpl.OzoneContainer (OzoneContainer.java:startContainerScrub(160)) - Background container scrubber has been disabled by hdds.containerscrub.enabled
2019-09-03 09:40:10,734 [Datanode State Machine Thread - 0] INFO  ratis.XceiverServerRatis (XceiverServerRatis.java:start(404)) - Starting XceiverServerRatis dc57de79-aaca-47f1-971f-bd2f7461306f at port 0
2019-09-03 09:40:10,741 [Datanode State Machine Thread - 0] INFO  impl.RaftServerProxy (RaftServerProxy.java:lambda$start$3(299)) - dc57de79-aaca-47f1-971f-bd2f7461306f: start RPC server
2019-09-03 09:40:10,743 [Datanode State Machine Thread - 0] INFO  server.GrpcService (GrpcService.java:startImpl(149)) - dc57de79-aaca-47f1-971f-bd2f7461306f: GrpcService started, listening on 0.0.0.0/0.0.0.0:40126
2019-09-03 09:40:10,743 [Datanode State Machine Thread - 0] INFO  ratis.XceiverServerRatis (XceiverServerRatis.java:start(414)) - XceiverServerRatis dc57de79-aaca-47f1-971f-bd2f7461306f is started using port 40126
2019-09-03 09:40:10,743 [Datanode State Machine Thread - 0] INFO  server.XceiverServerGrpc (XceiverServerGrpc.java:start(163)) - XceiverServerGrpc dc57de79-aaca-47f1-971f-bd2f7461306f is started using port 45514
2019-09-03 09:40:10,971 | INFO  | SCMAudit | user=jenkins1000 | ip=192.168.69.126 | op=GET_VERSION null | ret=SUCCESS |  
2019-09-03 09:40:10,993 [Datanode State Machine Thread - 0] INFO  ozoneimpl.OzoneContainer (OzoneContainer.java:start(186)) - Attempting to start container services.
2019-09-03 09:40:10,993 [Datanode State Machine Thread - 0] INFO  ozoneimpl.OzoneContainer (OzoneContainer.java:startContainerScrub(160)) - Background container scrubber has been disabled by hdds.containerscrub.enabled
2019-09-03 09:40:10,993 [Datanode State Machine Thread - 0] INFO  ratis.XceiverServerRatis (XceiverServerRatis.java:start(404)) - Starting XceiverServerRatis a24a5d44-532e-4ff6-8e9a-f2506e5c1784 at port 0
2019-09-03 09:40:11,000 [Datanode State Machine Thread - 0] INFO  impl.RaftServerProxy (RaftServerProxy.java:lambda$start$3(299)) - a24a5d44-532e-4ff6-8e9a-f2506e5c1784: start RPC server
2019-09-03 09:40:11,001 [Datanode State Machine Thread - 0] INFO  server.GrpcService (GrpcService.java:startImpl(149)) - a24a5d44-532e-4ff6-8e9a-f2506e5c1784: GrpcService started, listening on 0.0.0.0/0.0.0.0:37019
2019-09-03 09:40:11,001 [Datanode State Machine Thread - 0] INFO  ratis.XceiverServerRatis (XceiverServerRatis.java:start(414)) - XceiverServerRatis a24a5d44-532e-4ff6-8e9a-f2506e5c1784 is started using port 37019
2019-09-03 09:40:11,002 [Datanode State Machine Thread - 0] INFO  server.XceiverServerGrpc (XceiverServerGrpc.java:start(163)) - XceiverServerGrpc a24a5d44-532e-4ff6-8e9a-f2506e5c1784 is started using port 36983
2019-09-03 09:40:11,172 [main] INFO  ozone.MiniOzoneClusterImpl (MiniOzoneClusterImpl.java:lambda$waitForClusterToBeReady$0(142)) - Waiting for cluster to be ready. Got 0 of 7 DN Heartbeats.
2019-09-03 09:40:11,174 | INFO  | SCMAudit | user=jenkins1000 | ip=192.168.69.126 | op=GET_VERSION null | ret=SUCCESS |  
2019-09-03 09:40:11,218 [Datanode State Machine Thread - 0] INFO  ozoneimpl.OzoneContainer (OzoneContainer.java:start(186)) - Attempting to start container services.
2019-09-03 09:40:11,218 [Datanode State Machine Thread - 0] INFO  ozoneimpl.OzoneContainer (OzoneContainer.java:startContainerScrub(160)) - Background container scrubber has been disabled by hdds.containerscrub.enabled
2019-09-03 09:40:11,219 [Datanode State Machine Thread - 0] INFO  ratis.XceiverServerRatis (XceiverServerRatis.java:start(404)) - Starting XceiverServerRatis fbf90420-a45e-48ce-b982-ff6e0a18d7ed at port 0
2019-09-03 09:40:11,226 [Datanode State Machine Thread - 0] INFO  impl.RaftServerProxy (RaftServerProxy.java:lambda$start$3(299)) - fbf90420-a45e-48ce-b982-ff6e0a18d7ed: start RPC server
2019-09-03 09:40:11,227 [Datanode State Machine Thread - 0] INFO  server.GrpcService (GrpcService.java:startImpl(149)) - fbf90420-a45e-48ce-b982-ff6e0a18d7ed: GrpcService started, listening on 0.0.0.0/0.0.0.0:35390
2019-09-03 09:40:11,227 [Datanode State Machine Thread - 0] INFO  ratis.XceiverServerRatis (XceiverServerRatis.java:start(414)) - XceiverServerRatis fbf90420-a45e-48ce-b982-ff6e0a18d7ed is started using port 35390
2019-09-03 09:40:11,228 [Datanode State Machine Thread - 0] INFO  server.XceiverServerGrpc (XceiverServerGrpc.java:start(163)) - XceiverServerGrpc fbf90420-a45e-48ce-b982-ff6e0a18d7ed is started using port 36815
2019-09-03 09:40:11,541 [IPC Server handler 7 on 37613] INFO  net.NetworkTopology (NetworkTopologyImpl.java:add(110)) - Added a new node: /default-rack/5f62d077-1cb0-4aa3-be9b-0f443f88c284
2019-09-03 09:40:11,543 [IPC Server handler 7 on 37613] INFO  node.SCMNodeManager (SCMNodeManager.java:register(273)) - Registered Data node : 5f62d077-1cb0-4aa3-be9b-0f443f88c284{ip: 192.168.69.126, host: pr-hdds-1571-4wx6z-2437996338, networkLocation: /default-rack, certSerialId: null}
2019-09-03 09:40:11,544 [EventQueue-NodeRegistrationContainerReportForDataNodeSafeModeRule] INFO  safemode.SCMSafeModeManager (DataNodeSafeModeRule.java:process(71)) - SCM in safe mode. 1 DataNodes registered, 1 required.
2019-09-03 09:40:11,546 [EventQueue-NodeRegistrationContainerReportForDataNodeSafeModeRule] INFO  safemode.SCMSafeModeManager (SCMSafeModeManager.java:validateSafeModeExitRules(177)) - ScmSafeModeManager, all rules are successfully validated
2019-09-03 09:40:11,546 | INFO  | SCMAudit | user=jenkins1000 | ip=192.168.69.126 | op=REGISTER {datanodeDetails=5f62d077-1cb0-4aa3-be9b-0f443f88c284{ip: 192.168.69.126, host: pr-hdds-1571-4wx6z-2437996338, networkLocation: /default-rack, certSerialId: null}} | ret=SUCCESS |  
2019-09-03 09:40:11,546 [EventQueue-NodeRegistrationContainerReportForDataNodeSafeModeRule] INFO  safemode.SCMSafeModeManager (SCMSafeModeManager.java:exitSafeMode(193)) - SCM exiting safe mode.
2019-09-03 09:40:11,557 [grpc-default-executor-1] INFO  impl.RaftServerProxy (RaftServerProxy.java:addNew(89)) - 5f62d077-1cb0-4aa3-be9b-0f443f88c284: addNew group-407C2B9AE355:[5f62d077-1cb0-4aa3-be9b-0f443f88c284:192.168.69.126:43193] returns group-407C2B9AE355:java.util.concurrent.CompletableFuture@56888d6b[Not completed]
2019-09-03 09:40:11,559 [pool-126-thread-1] INFO  impl.RaftServerImpl (RaftServerImpl.java:<init>(93)) - 5f62d077-1cb0-4aa3-be9b-0f443f88c284: new RaftServerImpl for group-407C2B9AE355:[5f62d077-1cb0-4aa3-be9b-0f443f88c284:192.168.69.126:43193] with ContainerStateMachine:uninitialized
2019-09-03 09:40:11,559 [pool-126-thread-1] INFO  server.RaftServerConfigKeys (ConfUtils.java:logGet(43)) - raft.server.rpc.timeout.min = 5s (custom)
2019-09-03 09:40:11,560 [pool-126-thread-1] INFO  server.RaftServerConfigKeys (ConfUtils.java:logGet(43)) - raft.server.rpc.timeout.max = 5200ms (custom)
2019-09-03 09:40:11,560 [pool-126-thread-1] INFO  server.RaftServerConfigKeys (ConfUtils.java:logGet(43)) - raft.server.rpcslowness.timeout = 120s (custom)
2019-09-03 09:40:11,560 [pool-126-thread-1] INFO  server.RaftServerConfigKeys (ConfUtils.java:logGet(43)) - raft.server.sleep.deviation.threshold = 300 (default)
2019-09-03 09:40:11,560 [pool-126-thread-1] INFO  server.RaftServerConfigKeys (ConfUtils.java:logGet(43)) - raft.server.log.appender.install.snapshot.enabled = false (custom)
2019-09-03 09:40:11,560 [pool-126-thread-1] INFO  impl.RaftServerImpl (ServerState.java:<init>(105)) - 5f62d077-1cb0-4aa3-be9b-0f443f88c284:group-407C2B9AE355 ConfigurationManager, init=-1: [5f62d077-1cb0-4aa3-be9b-0f443f88c284:192.168.69.126:43193], old=null, confs=<EMPTY_MAP>
2019-09-03 09:40:11,560 [pool-126-thread-1] INFO  server.RaftServerConfigKeys (ConfUtils.java:logGet(43)) - raft.server.storage.dir = [/workdir/hadoop-ozone/integration-test/target/test-dir/MiniOzoneClusterImpl-6c7229d4-44ec-4a7a-8c6b-4592cedbafbd/datanode-0/data/ratis] (custom)
2019-09-03 09:40:11,561 [pool-126-thread-1] INFO  storage.RaftStorageDirectory (RaftStorageDirectory.java:analyzeStorage(246)) - The storage directory /workdir/hadoop-ozone/integration-test/target/test-dir/MiniOzoneClusterImpl-6c7229d4-44ec-4a7a-8c6b-4592cedbafbd/datanode-0/data/ratis/fbb1d1f4-a5a9-48b0-b599-407c2b9ae355 does not exist. Creating ...
2019-09-03 09:40:11,593 [pool-126-thread-1] INFO  storage.RaftStorageDirectory (RaftStorageDirectory.java:tryLock(328)) - Lock on /workdir/hadoop-ozone/integration-test/target/test-dir/MiniOzoneClusterImpl-6c7229d4-44ec-4a7a-8c6b-4592cedbafbd/datanode-0/data/ratis/fbb1d1f4-a5a9-48b0-b599-407c2b9ae355/in_use.lock acquired by nodename 3807@pr-hdds-1571-4wx6z-2437996338
2019-09-03 09:40:11,611 [pool-126-thread-1] INFO  storage.RaftStorage (RaftStorage.java:format(72)) - Storage directory /workdir/hadoop-ozone/integration-test/target/test-dir/MiniOzoneClusterImpl-6c7229d4-44ec-4a7a-8c6b-4592cedbafbd/datanode-0/data/ratis/fbb1d1f4-a5a9-48b0-b599-407c2b9ae355 has been successfully formatted.
2019-09-03 09:40:11,611 [pool-126-thread-1] INFO  ratis.ContainerStateMachine (ContainerStateMachine.java:loadSnapshot(226)) - group-407C2B9AE355: The snapshot info is null. Setting the last applied indexto:(t:0, i:~)
2019-09-03 09:40:11,611 [pool-126-thread-1] INFO  server.RaftServerConfigKeys (ConfUtils.java:logGet(43)) - raft.server.leader.election.timeout = 120s (custom)
2019-09-03 09:40:11,612 [pool-126-thread-1] INFO  server.RaftServerConfigKeys (ConfUtils.java:logGet(43)) - raft.server.log.use.memory = false (default)
2019-09-03 09:40:11,612 [pool-126-thread-1] INFO  server.RaftServerConfigKeys (ConfUtils.java:logGet(43)) - raft.server.log.purge.gap = 1000000 (custom)
2019-09-03 09:40:11,612 [pool-126-thread-1] INFO  server.RaftServerConfigKeys (ConfUtils.java:logGet(43)) - raft.server.log.appender.buffer.byte-limit = 33554432 (custom)
2019-09-03 09:40:11,612 [pool-126-thread-1] INFO  server.RaftServerConfigKeys (ConfUtils.java:logGet(43)) - raft.server.log.segment.size.max = 1048576 (custom)
2019-09-03 09:40:11,612 [pool-126-thread-1] INFO  server.RaftServerConfigKeys (ConfUtils.java:logGet(43)) - raft.server.log.segment.cache.num.max = 2 (custom)
2019-09-03 09:40:11,613 [pool-126-thread-1] INFO  segmented.SegmentedRaftLogWorker (SegmentedRaftLogWorker.java:<init>(172)) - new 5f62d077-1cb0-4aa3-be9b-0f443f88c284-SegmentedRaftLogWorker:Storage Directory /workdir/hadoop-ozone/integration-test/target/test-dir/MiniOzoneClusterImpl-6c7229d4-44ec-4a7a-8c6b-4592cedbafbd/datanode-0/data/ratis/fbb1d1f4-a5a9-48b0-b599-407c2b9ae355 for RaftStorage:Storage Directory /workdir/hadoop-ozone/integration-test/target/test-dir/MiniOzoneClusterImpl-6c7229d4-44ec-4a7a-8c6b-4592cedbafbd/datanode-0/data/ratis/fbb1d1f4-a5a9-48b0-b599-407c2b9ae355
2019-09-03 09:40:11,613 [pool-126-thread-1] INFO  server.RaftServerConfigKeys (ConfUtils.java:logGet(43)) - raft.server.log.queue.byte-limit = 2147483647 (custom)
2019-09-03 09:40:11,613 [pool-126-thread-1] INFO  server.RaftServerConfigKeys (ConfUtils.java:logGet(43)) - raft.server.log.queue.element-limit = 1024 (custom)
2019-09-03 09:40:11,614 [pool-126-thread-1] INFO  server.RaftServerConfigKeys (ConfUtils.java:logGet(43)) - raft.server.log.segment.size.max = 1048576 (custom)
2019-09-03 09:40:11,614 [pool-126-thread-1] INFO  server.RaftServerConfigKeys (ConfUtils.java:logGet(43)) - raft.server.log.preallocated.size = 16384 (custom)
2019-09-03 09:40:11,614 [pool-126-thread-1] INFO  server.RaftServerConfigKeys (ConfUtils.java:logGet(43)) - raft.server.log.write.buffer.size = 33554432 (custom)
2019-09-03 09:40:11,615 [pool-126-thread-1] INFO  server.RaftServerConfigKeys (ConfUtils.java:logGet(43)) - raft.server.log.force.sync.num = 128 (default)
2019-09-03 09:40:11,615 [pool-126-thread-1] INFO  server.RaftServerConfigKeys (ConfUtils.java:logGet(43)) - raft.server.log.statemachine.data.sync = true (default)
2019-09-03 09:40:11,615 [pool-126-thread-1] INFO  server.RaftServerConfigKeys (ConfUtils.java:logGet(43)) - raft.server.log.statemachine.data.sync.timeout = 10s (default)
2019-09-03 09:40:11,615 [pool-126-thread-1] INFO  server.RaftServerConfigKeys (ConfUtils.java:logGet(43)) - raft.server.log.statemachine.data.sync.timeout.retry = -1 (default)
2019-09-03 09:40:11,616 [pool-126-thread-1] INFO  server.RaftServerConfigKeys (ConfUtils.java:logGet(43)) - raft.server.log.statemachine.data.caching.enabled = true (custom)
2019-09-03 09:40:11,616 [pool-126-thread-1] INFO  segmented.SegmentedRaftLogWorker (SegmentedRaftLogWorker.java:lambda$new$0(132)) - 5f62d077-1cb0-4aa3-be9b-0f443f88c284-SegmentedRaftLogWorker:Storage Directory /workdir/hadoop-ozone/integration-test/target/test-dir/MiniOzoneClusterImpl-6c7229d4-44ec-4a7a-8c6b-4592cedbafbd/datanode-0/data/ratis/fbb1d1f4-a5a9-48b0-b599-407c2b9ae355: flushIndex: setUnconditionally 0 -> -1
2019-09-03 09:40:11,616 [pool-126-thread-1] INFO  server.RaftServerConfigKeys (ConfUtils.java:logGet(43)) - raft.server.snapshot.auto.trigger.enabled = true (custom)
2019-09-03 09:40:11,616 [pool-126-thread-1] INFO  server.RaftServerConfigKeys (ConfUtils.java:logGet(43)) - raft.server.snapshot.auto.trigger.threshold = 10000 (custom)
2019-09-03 09:40:11,616 [pool-126-thread-1] INFO  server.RaftServerConfigKeys (ConfUtils.java:logGet(43)) - raft.server.retrycache.expirytime = 600000ms (custom)
2019-09-03 09:40:11,617 [pool-126-thread-1] INFO  impl.RaftServerImpl (RaftServerImpl.java:start(180)) - 5f62d077-1cb0-4aa3-be9b-0f443f88c284: start group-407C2B9AE355
2019-09-03 09:40:11,617 [pool-126-thread-1] INFO  impl.RaftServerImpl (RaftServerImpl.java:setRole(171)) - 5f62d077-1cb0-4aa3-be9b-0f443f88c284:group-407C2B9AE355 changes role from null to FOLLOWER at term 0 for startAsFollower
2019-09-03 09:40:11,617 [pool-126-thread-1] INFO  impl.RoleInfo (RoleInfo.java:updateAndGet(143)) - 5f62d077-1cb0-4aa3-be9b-0f443f88c284: start FollowerState
2019-09-03 09:40:11,618 [pool-126-thread-1] INFO  util.JmxRegister (JmxRegister.java:tryRegister(44)) - Successfully registered JMX Bean with object name Ratis:service=RaftServer,group=group-407C2B9AE355,id=5f62d077-1cb0-4aa3-be9b-0f443f88c284
2019-09-03 09:40:11,621 [RatisPipelineUtilsThread] INFO  pipeline.PipelineStateManager (PipelineStateManager.java:addPipeline(56)) - Created pipeline Pipeline[ Id: fbb1d1f4-a5a9-48b0-b599-407c2b9ae355, Nodes: 5f62d077-1cb0-4aa3-be9b-0f443f88c284{ip: 192.168.69.126, host: pr-hdds-1571-4wx6z-2437996338, networkLocation: /default-rack, certSerialId: null}, Type:RATIS, Factor:ONE, State:OPEN]
2019-09-03 09:40:11,734 [IPC Server handler 17 on 37613] INFO  net.NetworkTopology (NetworkTopologyImpl.java:add(110)) - Added a new node: /default-rack/f1e690fe-d9d6-4f9a-b28d-4fa21d7465dc
2019-09-03 09:40:11,734 [IPC Server handler 17 on 37613] INFO  node.SCMNodeManager (SCMNodeManager.java:register(273)) - Registered Data node : f1e690fe-d9d6-4f9a-b28d-4fa21d7465dc{ip: 192.168.69.126, host: pr-hdds-1571-4wx6z-2437996338, networkLocation: /default-rack, certSerialId: null}
2019-09-03 09:40:11,735 | INFO  | SCMAudit | user=jenkins1000 | ip=192.168.69.126 | op=REGISTER {datanodeDetails=f1e690fe-d9d6-4f9a-b28d-4fa21d7465dc{ip: 192.168.69.126, host: pr-hdds-1571-4wx6z-2437996338, networkLocation: /default-rack, certSerialId: null}} | ret=SUCCESS |  
2019-09-03 09:40:11,746 [grpc-default-executor-1] INFO  impl.RaftServerProxy (RaftServerProxy.java:addNew(89)) - f1e690fe-d9d6-4f9a-b28d-4fa21d7465dc: addNew group-53CBB38386A2:[f1e690fe-d9d6-4f9a-b28d-4fa21d7465dc:192.168.69.126:42648] returns group-53CBB38386A2:java.util.concurrent.CompletableFuture@2d9ba7f2[Not completed]
2019-09-03 09:40:11,747 [pool-137-thread-1] INFO  impl.RaftServerImpl (RaftServerImpl.java:<init>(93)) - f1e690fe-d9d6-4f9a-b28d-4fa21d7465dc: new RaftServerImpl for group-53CBB38386A2:[f1e690fe-d9d6-4f9a-b28d-4fa21d7465dc:192.168.69.126:42648] with ContainerStateMachine:uninitialized
2019-09-03 09:40:11,748 [pool-137-thread-1] INFO  server.RaftServerConfigKeys (ConfUtils.java:logGet(43)) - raft.server.rpc.timeout.min = 5s (custom)
2019-09-03 09:40:11,748 [pool-137-thread-1] INFO  server.RaftServerConfigKeys (ConfUtils.java:logGet(43)) - raft.server.rpc.timeout.max = 5200ms (custom)
2019-09-03 09:40:11,748 [pool-137-thread-1] INFO  server.RaftServerConfigKeys (ConfUtils.java:logGet(43)) - raft.server.rpcslowness.timeout = 120s (custom)
2019-09-03 09:40:11,748 [pool-137-thread-1] INFO  server.RaftServerConfigKeys (ConfUtils.java:logGet(43)) - raft.server.sleep.deviation.threshold = 300 (default)
2019-09-03 09:40:11,748 [pool-137-thread-1] INFO  server.RaftServerConfigKeys (ConfUtils.java:logGet(43)) - raft.server.log.appender.install.snapshot.enabled = false (custom)
2019-09-03 09:40:11,748 [pool-137-thread-1] INFO  impl.RaftServerImpl (ServerState.java:<init>(105)) - f1e690fe-d9d6-4f9a-b28d-4fa21d7465dc:group-53CBB38386A2 ConfigurationManager, init=-1: [f1e690fe-d9d6-4f9a-b28d-4fa21d7465dc:192.168.69.126:42648], old=null, confs=<EMPTY_MAP>
2019-09-03 09:40:11,748 [pool-137-thread-1] INFO  server.RaftServerConfigKeys (ConfUtils.java:logGet(43)) - raft.server.storage.dir = [/workdir/hadoop-ozone/integration-test/target/test-dir/MiniOzoneClusterImpl-6c7229d4-44ec-4a7a-8c6b-4592cedbafbd/datanode-1/data/ratis] (custom)
2019-09-03 09:40:11,749 [pool-137-thread-1] INFO  storage.RaftStorageDirectory (RaftStorageDirectory.java:analyzeStorage(246)) - The storage directory /workdir/hadoop-ozone/integration-test/target/test-dir/MiniOzoneClusterImpl-6c7229d4-44ec-4a7a-8c6b-4592cedbafbd/datanode-1/data/ratis/69e2ed3a-01a5-44c8-9202-53cbb38386a2 does not exist. Creating ...
2019-09-03 09:40:11,774 [pool-137-thread-1] INFO  storage.RaftStorageDirectory (RaftStorageDirectory.java:tryLock(328)) - Lock on /workdir/hadoop-ozone/integration-test/target/test-dir/MiniOzoneClusterImpl-6c7229d4-44ec-4a7a-8c6b-4592cedbafbd/datanode-1/data/ratis/69e2ed3a-01a5-44c8-9202-53cbb38386a2/in_use.lock acquired by nodename 3807@pr-hdds-1571-4wx6z-2437996338
2019-09-03 09:40:11,810 [pool-137-thread-1] INFO  storage.RaftStorage (RaftStorage.java:format(72)) - Storage directory /workdir/hadoop-ozone/integration-test/target/test-dir/MiniOzoneClusterImpl-6c7229d4-44ec-4a7a-8c6b-4592cedbafbd/datanode-1/data/ratis/69e2ed3a-01a5-44c8-9202-53cbb38386a2 has been successfully formatted.
2019-09-03 09:40:11,810 [pool-137-thread-1] INFO  ratis.ContainerStateMachine (ContainerStateMachine.java:loadSnapshot(226)) - group-53CBB38386A2: The snapshot info is null. Setting the last applied indexto:(t:0, i:~)
2019-09-03 09:40:11,810 [pool-137-thread-1] INFO  server.RaftServerConfigKeys (ConfUtils.java:logGet(43)) - raft.server.leader.election.timeout = 120s (custom)
2019-09-03 09:40:11,811 [pool-137-thread-1] INFO  server.RaftServerConfigKeys (ConfUtils.java:logGet(43)) - raft.server.log.use.memory = false (default)
2019-09-03 09:40:11,811 [pool-137-thread-1] INFO  server.RaftServerConfigKeys (ConfUtils.java:logGet(43)) - raft.server.log.purge.gap = 1000000 (custom)
2019-09-03 09:40:11,811 [pool-137-thread-1] INFO  server.RaftServerConfigKeys (ConfUtils.java:logGet(43)) - raft.server.log.appender.buffer.byte-limit = 33554432 (custom)
2019-09-03 09:40:11,811 [pool-137-thread-1] INFO  server.RaftServerConfigKeys (ConfUtils.java:logGet(43)) - raft.server.log.segment.size.max = 1048576 (custom)
2019-09-03 09:40:11,811 [pool-137-thread-1] INFO  server.RaftServerConfigKeys (ConfUtils.java:logGet(43)) - raft.server.log.segment.cache.num.max = 2 (custom)
2019-09-03 09:40:11,812 [pool-137-thread-1] INFO  segmented.SegmentedRaftLogWorker (SegmentedRaftLogWorker.java:<init>(172)) - new f1e690fe-d9d6-4f9a-b28d-4fa21d7465dc-SegmentedRaftLogWorker:Storage Directory /workdir/hadoop-ozone/integration-test/target/test-dir/MiniOzoneClusterImpl-6c7229d4-44ec-4a7a-8c6b-4592cedbafbd/datanode-1/data/ratis/69e2ed3a-01a5-44c8-9202-53cbb38386a2 for RaftStorage:Storage Directory /workdir/hadoop-ozone/integration-test/target/test-dir/MiniOzoneClusterImpl-6c7229d4-44ec-4a7a-8c6b-4592cedbafbd/datanode-1/data/ratis/69e2ed3a-01a5-44c8-9202-53cbb38386a2
2019-09-03 09:40:11,812 [pool-137-thread-1] INFO  server.RaftServerConfigKeys (ConfUtils.java:logGet(43)) - raft.server.log.queue.byte-limit = 2147483647 (custom)
2019-09-03 09:40:11,812 [pool-137-thread-1] INFO  server.RaftServerConfigKeys (ConfUtils.java:logGet(43)) - raft.server.log.queue.element-limit = 1024 (custom)
2019-09-03 09:40:11,813 [pool-137-thread-1] INFO  server.RaftServerConfigKeys (ConfUtils.java:logGet(43)) - raft.server.log.segment.size.max = 1048576 (custom)
2019-09-03 09:40:11,813 [pool-137-thread-1] INFO  server.RaftServerConfigKeys (ConfUtils.java:logGet(43)) - raft.server.log.preallocated.size = 16384 (custom)
2019-09-03 09:40:11,813 [pool-137-thread-1] INFO  server.RaftServerConfigKeys (ConfUtils.java:logGet(43)) - raft.server.log.write.buffer.size = 33554432 (custom)
2019-09-03 09:40:11,813 [pool-137-thread-1] INFO  server.RaftServerConfigKeys (ConfUtils.java:logGet(43)) - raft.server.log.force.sync.num = 128 (default)
2019-09-03 09:40:11,813 [pool-137-thread-1] INFO  server.RaftServerConfigKeys (ConfUtils.java:logGet(43)) - raft.server.log.statemachine.data.sync = true (default)
2019-09-03 09:40:11,814 [pool-137-thread-1] INFO  server.RaftServerConfigKeys (ConfUtils.java:logGet(43)) - raft.server.log.statemachine.data.sync.timeout = 10s (default)
2019-09-03 09:40:11,814 [pool-137-thread-1] INFO  server.RaftServerConfigKeys (ConfUtils.java:logGet(43)) - raft.server.log.statemachine.data.sync.timeout.retry = -1 (default)
2019-09-03 09:40:11,814 [pool-137-thread-1] INFO  server.RaftServerConfigKeys (ConfUtils.java:logGet(43)) - raft.server.log.statemachine.data.caching.enabled = true (custom)
2019-09-03 09:40:11,814 [pool-137-thread-1] INFO  segmented.SegmentedRaftLogWorker (SegmentedRaftLogWorker.java:lambda$new$0(132)) - f1e690fe-d9d6-4f9a-b28d-4fa21d7465dc-SegmentedRaftLogWorker:Storage Directory /workdir/hadoop-ozone/integration-test/target/test-dir/MiniOzoneClusterImpl-6c7229d4-44ec-4a7a-8c6b-4592cedbafbd/datanode-1/data/ratis/69e2ed3a-01a5-44c8-9202-53cbb38386a2: flushIndex: setUnconditionally 0 -> -1
2019-09-03 09:40:11,815 [pool-137-thread-1] INFO  server.RaftServerConfigKeys (ConfUtils.java:logGet(43)) - raft.server.snapshot.auto.trigger.enabled = true (custom)
2019-09-03 09:40:11,815 [pool-137-thread-1] INFO  server.RaftServerConfigKeys (ConfUtils.java:logGet(43)) - raft.server.snapshot.auto.trigger.threshold = 10000 (custom)
2019-09-03 09:40:11,815 [pool-137-thread-1] INFO  server.RaftServerConfigKeys (ConfUtils.java:logGet(43)) - raft.server.retrycache.expirytime = 600000ms (custom)
2019-09-03 09:40:11,815 [pool-137-thread-1] INFO  impl.RaftServerImpl (RaftServerImpl.java:start(180)) - f1e690fe-d9d6-4f9a-b28d-4fa21d7465dc: start group-53CBB38386A2
2019-09-03 09:40:11,816 [pool-137-thread-1] INFO  impl.RaftServerImpl (RaftServerImpl.java:setRole(171)) - f1e690fe-d9d6-4f9a-b28d-4fa21d7465dc:group-53CBB38386A2 changes role from null to FOLLOWER at term 0 for startAsFollower
2019-09-03 09:40:11,816 [pool-137-thread-1] INFO  impl.RoleInfo (RoleInfo.java:updateAndGet(143)) - f1e690fe-d9d6-4f9a-b28d-4fa21d7465dc: start FollowerState
2019-09-03 09:40:11,816 [pool-137-thread-1] INFO  util.JmxRegister (JmxRegister.java:tryRegister(44)) - Successfully registered JMX Bean with object name Ratis:service=RaftServer,group=group-53CBB38386A2,id=f1e690fe-d9d6-4f9a-b28d-4fa21d7465dc
2019-09-03 09:40:11,819 [RatisPipelineUtilsThread] INFO  pipeline.PipelineStateManager (PipelineStateManager.java:addPipeline(56)) - Created pipeline Pipeline[ Id: 69e2ed3a-01a5-44c8-9202-53cbb38386a2, Nodes: f1e690fe-d9d6-4f9a-b28d-4fa21d7465dc{ip: 192.168.69.126, host: pr-hdds-1571-4wx6z-2437996338, networkLocation: /default-rack, certSerialId: null}, Type:RATIS, Factor:ONE, State:OPEN]
2019-09-03 09:40:11,989 [IPC Server handler 16 on 37613] INFO  net.NetworkTopology (NetworkTopologyImpl.java:add(110)) - Added a new node: /default-rack/30b1b43b-2ac1-4227-ba9d-0d794daadc3a
2019-09-03 09:40:11,989 [IPC Server handler 16 on 37613] INFO  node.SCMNodeManager (SCMNodeManager.java:register(273)) - Registered Data node : 30b1b43b-2ac1-4227-ba9d-0d794daadc3a{ip: 192.168.69.126, host: pr-hdds-1571-4wx6z-2437996338, networkLocation: /default-rack, certSerialId: null}
2019-09-03 09:40:11,990 | INFO  | SCMAudit | user=jenkins1000 | ip=192.168.69.126 | op=REGISTER {datanodeDetails=30b1b43b-2ac1-4227-ba9d-0d794daadc3a{ip: 192.168.69.126, host: pr-hdds-1571-4wx6z-2437996338, networkLocation: /default-rack, certSerialId: null}} | ret=SUCCESS |  
2019-09-03 09:40:12,002 [grpc-default-executor-1] INFO  impl.RaftServerProxy (RaftServerProxy.java:addNew(89)) - 30b1b43b-2ac1-4227-ba9d-0d794daadc3a: addNew group-584E22C08759:[30b1b43b-2ac1-4227-ba9d-0d794daadc3a:192.168.69.126:44438] returns group-584E22C08759:java.util.concurrent.CompletableFuture@353a9b6b[Not completed]
2019-09-03 09:40:12,004 [pool-148-thread-1] INFO  impl.RaftServerImpl (RaftServerImpl.java:<init>(93)) - 30b1b43b-2ac1-4227-ba9d-0d794daadc3a: new RaftServerImpl for group-584E22C08759:[30b1b43b-2ac1-4227-ba9d-0d794daadc3a:192.168.69.126:44438] with ContainerStateMachine:uninitialized
2019-09-03 09:40:12,004 [pool-148-thread-1] INFO  server.RaftServerConfigKeys (ConfUtils.java:logGet(43)) - raft.server.rpc.timeout.min = 5s (custom)
2019-09-03 09:40:12,005 [pool-148-thread-1] INFO  server.RaftServerConfigKeys (ConfUtils.java:logGet(43)) - raft.server.rpc.timeout.max = 5200ms (custom)
2019-09-03 09:40:12,005 [pool-148-thread-1] INFO  server.RaftServerConfigKeys (ConfUtils.java:logGet(43)) - raft.server.rpcslowness.timeout = 120s (custom)
2019-09-03 09:40:12,005 [pool-148-thread-1] INFO  server.RaftServerConfigKeys (ConfUtils.java:logGet(43)) - raft.server.sleep.deviation.threshold = 300 (default)
2019-09-03 09:40:12,005 [pool-148-thread-1] INFO  server.RaftServerConfigKeys (ConfUtils.java:logGet(43)) - raft.server.log.appender.install.snapshot.enabled = false (custom)
2019-09-03 09:40:12,005 [pool-148-thread-1] INFO  impl.RaftServerImpl (ServerState.java:<init>(105)) - 30b1b43b-2ac1-4227-ba9d-0d794daadc3a:group-584E22C08759 ConfigurationManager, init=-1: [30b1b43b-2ac1-4227-ba9d-0d794daadc3a:192.168.69.126:44438], old=null, confs=<EMPTY_MAP>
2019-09-03 09:40:12,006 [pool-148-thread-1] INFO  server.RaftServerConfigKeys (ConfUtils.java:logGet(43)) - raft.server.storage.dir = [/workdir/hadoop-ozone/integration-test/target/test-dir/MiniOzoneClusterImpl-6c7229d4-44ec-4a7a-8c6b-4592cedbafbd/datanode-2/data/ratis] (custom)
2019-09-03 09:40:12,006 [pool-148-thread-1] INFO  storage.RaftStorageDirectory (RaftStorageDirectory.java:analyzeStorage(246)) - The storage directory /workdir/hadoop-ozone/integration-test/target/test-dir/MiniOzoneClusterImpl-6c7229d4-44ec-4a7a-8c6b-4592cedbafbd/datanode-2/data/ratis/720c5b55-8746-43c2-a9b1-584e22c08759 does not exist. Creating ...
2019-09-03 09:40:12,020 [pool-148-thread-1] INFO  storage.RaftStorageDirectory (RaftStorageDirectory.java:tryLock(328)) - Lock on /workdir/hadoop-ozone/integration-test/target/test-dir/MiniOzoneClusterImpl-6c7229d4-44ec-4a7a-8c6b-4592cedbafbd/datanode-2/data/ratis/720c5b55-8746-43c2-a9b1-584e22c08759/in_use.lock acquired by nodename 3807@pr-hdds-1571-4wx6z-2437996338
2019-09-03 09:40:12,050 [pool-148-thread-1] INFO  storage.RaftStorage (RaftStorage.java:format(72)) - Storage directory /workdir/hadoop-ozone/integration-test/target/test-dir/MiniOzoneClusterImpl-6c7229d4-44ec-4a7a-8c6b-4592cedbafbd/datanode-2/data/ratis/720c5b55-8746-43c2-a9b1-584e22c08759 has been successfully formatted.
2019-09-03 09:40:12,050 [pool-148-thread-1] INFO  ratis.ContainerStateMachine (ContainerStateMachine.java:loadSnapshot(226)) - group-584E22C08759: The snapshot info is null. Setting the last applied indexto:(t:0, i:~)
2019-09-03 09:40:12,050 [pool-148-thread-1] INFO  server.RaftServerConfigKeys (ConfUtils.java:logGet(43)) - raft.server.leader.election.timeout = 120s (custom)
2019-09-03 09:40:12,051 [pool-148-thread-1] INFO  server.RaftServerConfigKeys (ConfUtils.java:logGet(43)) - raft.server.log.use.memory = false (default)
2019-09-03 09:40:12,051 [pool-148-thread-1] INFO  server.RaftServerConfigKeys (ConfUtils.java:logGet(43)) - raft.server.log.purge.gap = 1000000 (custom)
2019-09-03 09:40:12,051 [pool-148-thread-1] INFO  server.RaftServerConfigKeys (ConfUtils.java:logGet(43)) - raft.server.log.appender.buffer.byte-limit = 33554432 (custom)
2019-09-03 09:40:12,051 [pool-148-thread-1] INFO  server.RaftServerConfigKeys (ConfUtils.java:logGet(43)) - raft.server.log.segment.size.max = 1048576 (custom)
2019-09-03 09:40:12,051 [pool-148-thread-1] INFO  server.RaftServerConfigKeys (ConfUtils.java:logGet(43)) - raft.server.log.segment.cache.num.max = 2 (custom)
2019-09-03 09:40:12,052 [pool-148-thread-1] INFO  segmented.SegmentedRaftLogWorker (SegmentedRaftLogWorker.java:<init>(172)) - new 30b1b43b-2ac1-4227-ba9d-0d794daadc3a-SegmentedRaftLogWorker:Storage Directory /workdir/hadoop-ozone/integration-test/target/test-dir/MiniOzoneClusterImpl-6c7229d4-44ec-4a7a-8c6b-4592cedbafbd/datanode-2/data/ratis/720c5b55-8746-43c2-a9b1-584e22c08759 for RaftStorage:Storage Directory /workdir/hadoop-ozone/integration-test/target/test-dir/MiniOzoneClusterImpl-6c7229d4-44ec-4a7a-8c6b-4592cedbafbd/datanode-2/data/ratis/720c5b55-8746-43c2-a9b1-584e22c08759
2019-09-03 09:40:12,052 [pool-148-thread-1] INFO  server.RaftServerConfigKeys (ConfUtils.java:logGet(43)) - raft.server.log.queue.byte-limit = 2147483647 (custom)
2019-09-03 09:40:12,052 [pool-148-thread-1] INFO  server.RaftServerConfigKeys (ConfUtils.java:logGet(43)) - raft.server.log.queue.element-limit = 1024 (custom)
2019-09-03 09:40:12,053 [pool-148-thread-1] INFO  server.RaftServerConfigKeys (ConfUtils.java:logGet(43)) - raft.server.log.segment.size.max = 1048576 (custom)
2019-09-03 09:40:12,053 [pool-148-thread-1] INFO  server.RaftServerConfigKeys (ConfUtils.java:logGet(43)) - raft.server.log.preallocated.size = 16384 (custom)
2019-09-03 09:40:12,053 [pool-148-thread-1] INFO  server.RaftServerConfigKeys (ConfUtils.java:logGet(43)) - raft.server.log.write.buffer.size = 33554432 (custom)
2019-09-03 09:40:12,053 [pool-148-thread-1] INFO  server.RaftServerConfigKeys (ConfUtils.java:logGet(43)) - raft.server.log.force.sync.num = 128 (default)
2019-09-03 09:40:12,053 [pool-148-thread-1] INFO  server.RaftServerConfigKeys (ConfUtils.java:logGet(43)) - raft.server.log.statemachine.data.sync = true (default)
2019-09-03 09:40:12,054 [pool-148-thread-1] INFO  server.RaftServerConfigKeys (ConfUtils.java:logGet(43)) - raft.server.log.statemachine.data.sync.timeout = 10s (default)
2019-09-03 09:40:12,054 [pool-148-thread-1] INFO  server.RaftServerConfigKeys (ConfUtils.java:logGet(43)) - raft.server.log.statemachine.data.sync.timeout.retry = -1 (default)
2019-09-03 09:40:12,054 [pool-148-thread-1] INFO  server.RaftServerConfigKeys (ConfUtils.java:logGet(43)) - raft.server.log.statemachine.data.caching.enabled = true (custom)
2019-09-03 09:40:12,055 [pool-148-thread-1] INFO  segmented.SegmentedRaftLogWorker (SegmentedRaftLogWorker.java:lambda$new$0(132)) - 30b1b43b-2ac1-4227-ba9d-0d794daadc3a-SegmentedRaftLogWorker:Storage Directory /workdir/hadoop-ozone/integration-test/target/test-dir/MiniOzoneClusterImpl-6c7229d4-44ec-4a7a-8c6b-4592cedbafbd/datanode-2/data/ratis/720c5b55-8746-43c2-a9b1-584e22c08759: flushIndex: setUnconditionally 0 -> -1
2019-09-03 09:40:12,055 [pool-148-thread-1] INFO  server.RaftServerConfigKeys (ConfUtils.java:logGet(43)) - raft.server.snapshot.auto.trigger.enabled = true (custom)
2019-09-03 09:40:12,055 [pool-148-thread-1] INFO  server.RaftServerConfigKeys (ConfUtils.java:logGet(43)) - raft.server.snapshot.auto.trigger.threshold = 10000 (custom)
2019-09-03 09:40:12,056 [pool-148-thread-1] INFO  server.RaftServerConfigKeys (ConfUtils.java:logGet(43)) - raft.server.retrycache.expirytime = 600000ms (custom)
2019-09-03 09:40:12,056 [pool-148-thread-1] INFO  impl.RaftServerImpl (RaftServerImpl.java:start(180)) - 30b1b43b-2ac1-4227-ba9d-0d794daadc3a: start group-584E22C08759
2019-09-03 09:40:12,056 [pool-148-thread-1] INFO  impl.RaftServerImpl (RaftServerImpl.java:setRole(171)) - 30b1b43b-2ac1-4227-ba9d-0d794daadc3a:group-584E22C08759 changes role from null to FOLLOWER at term 0 for startAsFollower
2019-09-03 09:40:12,057 [pool-148-thread-1] INFO  impl.RoleInfo (RoleInfo.java:updateAndGet(143)) - 30b1b43b-2ac1-4227-ba9d-0d794daadc3a: start FollowerState
2019-09-03 09:40:12,057 [pool-148-thread-1] INFO  util.JmxRegister (JmxRegister.java:tryRegister(44)) - Successfully registered JMX Bean with object name Ratis:service=RaftServer,group=group-584E22C08759,id=30b1b43b-2ac1-4227-ba9d-0d794daadc3a
2019-09-03 09:40:12,061 [RatisPipelineUtilsThread] INFO  pipeline.PipelineStateManager (PipelineStateManager.java:addPipeline(56)) - Created pipeline Pipeline[ Id: 720c5b55-8746-43c2-a9b1-584e22c08759, Nodes: 30b1b43b-2ac1-4227-ba9d-0d794daadc3a{ip: 192.168.69.126, host: pr-hdds-1571-4wx6z-2437996338, networkLocation: /default-rack, certSerialId: null}, Type:RATIS, Factor:ONE, State:OPEN]
2019-09-03 09:40:12,079 [grpc-default-executor-4] INFO  impl.RaftServerProxy (RaftServerProxy.java:addNew(89)) - 30b1b43b-2ac1-4227-ba9d-0d794daadc3a: addNew group-4F2D5274CA82:[f1e690fe-d9d6-4f9a-b28d-4fa21d7465dc:192.168.69.126:42648, 5f62d077-1cb0-4aa3-be9b-0f443f88c284:192.168.69.126:43193, 30b1b43b-2ac1-4227-ba9d-0d794daadc3a:192.168.69.126:44438] returns group-4F2D5274CA82:java.util.concurrent.CompletableFuture@2f84b41a[Not completed]
2019-09-03 09:40:12,079 [grpc-default-executor-1] INFO  impl.RaftServerProxy (RaftServerProxy.java:addNew(89)) - 5f62d077-1cb0-4aa3-be9b-0f443f88c284: addNew group-4F2D5274CA82:[f1e690fe-d9d6-4f9a-b28d-4fa21d7465dc:192.168.69.126:42648, 5f62d077-1cb0-4aa3-be9b-0f443f88c284:192.168.69.126:43193, 30b1b43b-2ac1-4227-ba9d-0d794daadc3a:192.168.69.126:44438] returns group-4F2D5274CA82:java.util.concurrent.CompletableFuture@2ec8b737[Not completed]
2019-09-03 09:40:12,079 [grpc-default-executor-3] INFO  impl.RaftServerProxy (RaftServerProxy.java:addNew(89)) - f1e690fe-d9d6-4f9a-b28d-4fa21d7465dc: addNew group-4F2D5274CA82:[f1e690fe-d9d6-4f9a-b28d-4fa21d7465dc:192.168.69.126:42648, 5f62d077-1cb0-4aa3-be9b-0f443f88c284:192.168.69.126:43193, 30b1b43b-2ac1-4227-ba9d-0d794daadc3a:192.168.69.126:44438] returns group-4F2D5274CA82:java.util.concurrent.CompletableFuture@6aad1e67[Not completed]
2019-09-03 09:40:12,081 [pool-148-thread-1] INFO  impl.RaftServerImpl (RaftServerImpl.java:<init>(93)) - 30b1b43b-2ac1-4227-ba9d-0d794daadc3a: new RaftServerImpl for group-4F2D5274CA82:[f1e690fe-d9d6-4f9a-b28d-4fa21d7465dc:192.168.69.126:42648, 5f62d077-1cb0-4aa3-be9b-0f443f88c284:192.168.69.126:43193, 30b1b43b-2ac1-4227-ba9d-0d794daadc3a:192.168.69.126:44438] with ContainerStateMachine:uninitialized
2019-09-03 09:40:12,081 [pool-148-thread-1] INFO  server.RaftServerConfigKeys (ConfUtils.java:logGet(43)) - raft.server.rpc.timeout.min = 5s (custom)
2019-09-03 09:40:12,081 [pool-148-thread-1] INFO  server.RaftServerConfigKeys (ConfUtils.java:logGet(43)) - raft.server.rpc.timeout.max = 5200ms (custom)
2019-09-03 09:40:12,082 [pool-148-thread-1] INFO  server.RaftServerConfigKeys (ConfUtils.java:logGet(43)) - raft.server.rpcslowness.timeout = 120s (custom)
2019-09-03 09:40:12,082 [pool-148-thread-1] INFO  server.RaftServerConfigKeys (ConfUtils.java:logGet(43)) - raft.server.sleep.deviation.threshold = 300 (default)
2019-09-03 09:40:12,082 [pool-148-thread-1] INFO  server.RaftServerConfigKeys (ConfUtils.java:logGet(43)) - raft.server.log.appender.install.snapshot.enabled = false (custom)
2019-09-03 09:40:12,082 [pool-137-thread-1] INFO  impl.RaftServerImpl (RaftServerImpl.java:<init>(93)) - f1e690fe-d9d6-4f9a-b28d-4fa21d7465dc: new RaftServerImpl for group-4F2D5274CA82:[f1e690fe-d9d6-4f9a-b28d-4fa21d7465dc:192.168.69.126:42648, 5f62d077-1cb0-4aa3-be9b-0f443f88c284:192.168.69.126:43193, 30b1b43b-2ac1-4227-ba9d-0d794daadc3a:192.168.69.126:44438] with ContainerStateMachine:uninitialized
2019-09-03 09:40:12,082 [pool-148-thread-1] INFO  impl.RaftServerImpl (ServerState.java:<init>(105)) - 30b1b43b-2ac1-4227-ba9d-0d794daadc3a:group-4F2D5274CA82 ConfigurationManager, init=-1: [f1e690fe-d9d6-4f9a-b28d-4fa21d7465dc:192.168.69.126:42648, 5f62d077-1cb0-4aa3-be9b-0f443f88c284:192.168.69.126:43193, 30b1b43b-2ac1-4227-ba9d-0d794daadc3a:192.168.69.126:44438], old=null, confs=<EMPTY_MAP>
2019-09-03 09:40:12,082 [pool-137-thread-1] INFO  server.RaftServerConfigKeys (ConfUtils.java:logGet(43)) - raft.server.rpc.timeout.min = 5s (custom)
2019-09-03 09:40:12,082 [pool-148-thread-1] INFO  server.RaftServerConfigKeys (ConfUtils.java:logGet(43)) - raft.server.storage.dir = [/workdir/hadoop-ozone/integration-test/target/test-dir/MiniOzoneClusterImpl-6c7229d4-44ec-4a7a-8c6b-4592cedbafbd/datanode-2/data/ratis] (custom)
2019-09-03 09:40:12,083 [pool-137-thread-1] INFO  server.RaftServerConfigKeys (ConfUtils.java:logGet(43)) - raft.server.rpc.timeout.max = 5200ms (custom)
2019-09-03 09:40:12,083 [pool-126-thread-1] INFO  impl.RaftServerImpl (RaftServerImpl.java:<init>(93)) - 5f62d077-1cb0-4aa3-be9b-0f443f88c284: new RaftServerImpl for group-4F2D5274CA82:[f1e690fe-d9d6-4f9a-b28d-4fa21d7465dc:192.168.69.126:42648, 5f62d077-1cb0-4aa3-be9b-0f443f88c284:192.168.69.126:43193, 30b1b43b-2ac1-4227-ba9d-0d794daadc3a:192.168.69.126:44438] with ContainerStateMachine:uninitialized
2019-09-03 09:40:12,083 [pool-148-thread-1] INFO  storage.RaftStorageDirectory (RaftStorageDirectory.java:analyzeStorage(246)) - The storage directory /workdir/hadoop-ozone/integration-test/target/test-dir/MiniOzoneClusterImpl-6c7229d4-44ec-4a7a-8c6b-4592cedbafbd/datanode-2/data/ratis/1cc44003-04a7-4216-8053-4f2d5274ca82 does not exist. Creating ...
2019-09-03 09:40:12,083 [pool-137-thread-1] INFO  server.RaftServerConfigKeys (ConfUtils.java:logGet(43)) - raft.server.rpcslowness.timeout = 120s (custom)
2019-09-03 09:40:12,083 [pool-126-thread-1] INFO  server.RaftServerConfigKeys (ConfUtils.java:logGet(43)) - raft.server.rpc.timeout.min = 5s (custom)
2019-09-03 09:40:12,084 [pool-137-thread-1] INFO  server.RaftServerConfigKeys (ConfUtils.java:logGet(43)) - raft.server.sleep.deviation.threshold = 300 (default)
2019-09-03 09:40:12,084 [pool-126-thread-1] INFO  server.RaftServerConfigKeys (ConfUtils.java:logGet(43)) - raft.server.rpc.timeout.max = 5200ms (custom)
2019-09-03 09:40:12,084 [pool-137-thread-1] INFO  server.RaftServerConfigKeys (ConfUtils.java:logGet(43)) - raft.server.log.appender.install.snapshot.enabled = false (custom)
2019-09-03 09:40:12,084 [pool-126-thread-1] INFO  server.RaftServerConfigKeys (ConfUtils.java:logGet(43)) - raft.server.rpcslowness.timeout = 120s (custom)
2019-09-03 09:40:12,084 [pool-137-thread-1] INFO  impl.RaftServerImpl (ServerState.java:<init>(105)) - f1e690fe-d9d6-4f9a-b28d-4fa21d7465dc:group-4F2D5274CA82 ConfigurationManager, init=-1: [f1e690fe-d9d6-4f9a-b28d-4fa21d7465dc:192.168.69.126:42648, 5f62d077-1cb0-4aa3-be9b-0f443f88c284:192.168.69.126:43193, 30b1b43b-2ac1-4227-ba9d-0d794daadc3a:192.168.69.126:44438], old=null, confs=<EMPTY_MAP>
2019-09-03 09:40:12,084 [pool-126-thread-1] INFO  server.RaftServerConfigKeys (ConfUtils.java:logGet(43)) - raft.server.sleep.deviation.threshold = 300 (default)
2019-09-03 09:40:12,085 [pool-137-thread-1] INFO  server.RaftServerConfigKeys (ConfUtils.java:logGet(43)) - raft.server.storage.dir = [/workdir/hadoop-ozone/integration-test/target/test-dir/MiniOzoneClusterImpl-6c7229d4-44ec-4a7a-8c6b-4592cedbafbd/datanode-1/data/ratis] (custom)
2019-09-03 09:40:12,085 [pool-126-thread-1] INFO  server.RaftServerConfigKeys (ConfUtils.java:logGet(43)) - raft.server.log.appender.install.snapshot.enabled = false (custom)
2019-09-03 09:40:12,085 [pool-126-thread-1] INFO  impl.RaftServerImpl (ServerState.java:<init>(105)) - 5f62d077-1cb0-4aa3-be9b-0f443f88c284:group-4F2D5274CA82 ConfigurationManager, init=-1: [f1e690fe-d9d6-4f9a-b28d-4fa21d7465dc:192.168.69.126:42648, 5f62d077-1cb0-4aa3-be9b-0f443f88c284:192.168.69.126:43193, 30b1b43b-2ac1-4227-ba9d-0d794daadc3a:192.168.69.126:44438], old=null, confs=<EMPTY_MAP>
2019-09-03 09:40:12,085 [pool-137-thread-1] INFO  storage.RaftStorageDirectory (RaftStorageDirectory.java:analyzeStorage(246)) - The storage directory /workdir/hadoop-ozone/integration-test/target/test-dir/MiniOzoneClusterImpl-6c7229d4-44ec-4a7a-8c6b-4592cedbafbd/datanode-1/data/ratis/1cc44003-04a7-4216-8053-4f2d5274ca82 does not exist. Creating ...
2019-09-03 09:40:12,086 [pool-126-thread-1] INFO  server.RaftServerConfigKeys (ConfUtils.java:logGet(43)) - raft.server.storage.dir = [/workdir/hadoop-ozone/integration-test/target/test-dir/MiniOzoneClusterImpl-6c7229d4-44ec-4a7a-8c6b-4592cedbafbd/datanode-0/data/ratis] (custom)
2019-09-03 09:40:12,086 [pool-126-thread-1] INFO  storage.RaftStorageDirectory (RaftStorageDirectory.java:analyzeStorage(246)) - The storage directory /workdir/hadoop-ozone/integration-test/target/test-dir/MiniOzoneClusterImpl-6c7229d4-44ec-4a7a-8c6b-4592cedbafbd/datanode-0/data/ratis/1cc44003-04a7-4216-8053-4f2d5274ca82 does not exist. Creating ...
2019-09-03 09:40:12,107 [pool-137-thread-1] INFO  storage.RaftStorageDirectory (RaftStorageDirectory.java:tryLock(328)) - Lock on /workdir/hadoop-ozone/integration-test/target/test-dir/MiniOzoneClusterImpl-6c7229d4-44ec-4a7a-8c6b-4592cedbafbd/datanode-1/data/ratis/1cc44003-04a7-4216-8053-4f2d5274ca82/in_use.lock acquired by nodename 3807@pr-hdds-1571-4wx6z-2437996338
2019-09-03 09:40:12,107 [pool-126-thread-1] INFO  storage.RaftStorageDirectory (RaftStorageDirectory.java:tryLock(328)) - Lock on /workdir/hadoop-ozone/integration-test/target/test-dir/MiniOzoneClusterImpl-6c7229d4-44ec-4a7a-8c6b-4592cedbafbd/datanode-0/data/ratis/1cc44003-04a7-4216-8053-4f2d5274ca82/in_use.lock acquired by nodename 3807@pr-hdds-1571-4wx6z-2437996338
2019-09-03 09:40:12,107 [pool-148-thread-1] INFO  storage.RaftStorageDirectory (RaftStorageDirectory.java:tryLock(328)) - Lock on /workdir/hadoop-ozone/integration-test/target/test-dir/MiniOzoneClusterImpl-6c7229d4-44ec-4a7a-8c6b-4592cedbafbd/datanode-2/data/ratis/1cc44003-04a7-4216-8053-4f2d5274ca82/in_use.lock acquired by nodename 3807@pr-hdds-1571-4wx6z-2437996338
2019-09-03 09:40:12,122 [pool-137-thread-1] INFO  storage.RaftStorage (RaftStorage.java:format(72)) - Storage directory /workdir/hadoop-ozone/integration-test/target/test-dir/MiniOzoneClusterImpl-6c7229d4-44ec-4a7a-8c6b-4592cedbafbd/datanode-1/data/ratis/1cc44003-04a7-4216-8053-4f2d5274ca82 has been successfully formatted.
2019-09-03 09:40:12,122 [pool-126-thread-1] INFO  storage.RaftStorage (RaftStorage.java:format(72)) - Storage directory /workdir/hadoop-ozone/integration-test/target/test-dir/MiniOzoneClusterImpl-6c7229d4-44ec-4a7a-8c6b-4592cedbafbd/datanode-0/data/ratis/1cc44003-04a7-4216-8053-4f2d5274ca82 has been successfully formatted.
2019-09-03 09:40:12,122 [pool-148-thread-1] INFO  storage.RaftStorage (RaftStorage.java:format(72)) - Storage directory /workdir/hadoop-ozone/integration-test/target/test-dir/MiniOzoneClusterImpl-6c7229d4-44ec-4a7a-8c6b-4592cedbafbd/datanode-2/data/ratis/1cc44003-04a7-4216-8053-4f2d5274ca82 has been successfully formatted.
2019-09-03 09:40:12,122 [pool-126-thread-1] INFO  ratis.ContainerStateMachine (ContainerStateMachine.java:loadSnapshot(226)) - group-4F2D5274CA82: The snapshot info is null. Setting the last applied indexto:(t:0, i:~)
2019-09-03 09:40:12,122 [pool-148-thread-1] INFO  ratis.ContainerStateMachine (ContainerStateMachine.java:loadSnapshot(226)) - group-4F2D5274CA82: The snapshot info is null. Setting the last applied indexto:(t:0, i:~)
2019-09-03 09:40:12,122 [pool-137-thread-1] INFO  ratis.ContainerStateMachine (ContainerStateMachine.java:loadSnapshot(226)) - group-4F2D5274CA82: The snapshot info is null. Setting the last applied indexto:(t:0, i:~)
2019-09-03 09:40:12,123 [pool-148-thread-1] INFO  server.RaftServerConfigKeys (ConfUtils.java:logGet(43)) - raft.server.leader.election.timeout = 120s (custom)
2019-09-03 09:40:12,123 [pool-126-thread-1] INFO  server.RaftServerConfigKeys (ConfUtils.java:logGet(43)) - raft.server.leader.election.timeout = 120s (custom)
2019-09-03 09:40:12,123 [pool-148-thread-1] INFO  server.RaftServerConfigKeys (ConfUtils.java:logGet(43)) - raft.server.log.use.memory = false (default)
2019-09-03 09:40:12,123 [pool-137-thread-1] INFO  server.RaftServerConfigKeys (ConfUtils.java:logGet(43)) - raft.server.leader.election.timeout = 120s (custom)
2019-09-03 09:40:12,123 [pool-148-thread-1] INFO  server.RaftServerConfigKeys (ConfUtils.java:logGet(43)) - raft.server.log.purge.gap = 1000000 (custom)
2019-09-03 09:40:12,123 [pool-126-thread-1] INFO  server.RaftServerConfigKeys (ConfUtils.java:logGet(43)) - raft.server.log.use.memory = false (default)
2019-09-03 09:40:12,124 [pool-148-thread-1] INFO  server.RaftServerConfigKeys (ConfUtils.java:logGet(43)) - raft.server.log.appender.buffer.byte-limit = 33554432 (custom)
2019-09-03 09:40:12,123 [pool-137-thread-1] INFO  server.RaftServerConfigKeys (ConfUtils.java:logGet(43)) - raft.server.log.use.memory = false (default)
2019-09-03 09:40:12,124 [pool-148-thread-1] INFO  server.RaftServerConfigKeys (ConfUtils.java:logGet(43)) - raft.server.log.segment.size.max = 1048576 (custom)
2019-09-03 09:40:12,124 [pool-126-thread-1] INFO  server.RaftServerConfigKeys (ConfUtils.java:logGet(43)) - raft.server.log.purge.gap = 1000000 (custom)
2019-09-03 09:40:12,124 [pool-148-thread-1] INFO  server.RaftServerConfigKeys (ConfUtils.java:logGet(43)) - raft.server.log.segment.cache.num.max = 2 (custom)
2019-09-03 09:40:12,124 [pool-137-thread-1] INFO  server.RaftServerConfigKeys (ConfUtils.java:logGet(43)) - raft.server.log.purge.gap = 1000000 (custom)
2019-09-03 09:40:12,125 [pool-148-thread-1] INFO  segmented.SegmentedRaftLogWorker (SegmentedRaftLogWorker.java:<init>(172)) - new 30b1b43b-2ac1-4227-ba9d-0d794daadc3a-SegmentedRaftLogWorker:Storage Directory /workdir/hadoop-ozone/integration-test/target/test-dir/MiniOzoneClusterImpl-6c7229d4-44ec-4a7a-8c6b-4592cedbafbd/datanode-2/data/ratis/1cc44003-04a7-4216-8053-4f2d5274ca82 for RaftStorage:Storage Directory /workdir/hadoop-ozone/integration-test/target/test-dir/MiniOzoneClusterImpl-6c7229d4-44ec-4a7a-8c6b-4592cedbafbd/datanode-2/data/ratis/1cc44003-04a7-4216-8053-4f2d5274ca82
2019-09-03 09:40:12,125 [pool-126-thread-1] INFO  server.RaftServerConfigKeys (ConfUtils.java:logGet(43)) - raft.server.log.appender.buffer.byte-limit = 33554432 (custom)
2019-09-03 09:40:12,125 [pool-148-thread-1] INFO  server.RaftServerConfigKeys (ConfUtils.java:logGet(43)) - raft.server.log.queue.byte-limit = 2147483647 (custom)
2019-09-03 09:40:12,125 [pool-137-thread-1] INFO  server.RaftServerConfigKeys (ConfUtils.java:logGet(43)) - raft.server.log.appender.buffer.byte-limit = 33554432 (custom)
2019-09-03 09:40:12,126 [pool-148-thread-1] INFO  server.RaftServerConfigKeys (ConfUtils.java:logGet(43)) - raft.server.log.queue.element-limit = 1024 (custom)
2019-09-03 09:40:12,125 [pool-126-thread-1] INFO  server.RaftServerConfigKeys (ConfUtils.java:logGet(43)) - raft.server.log.segment.size.max = 1048576 (custom)
2019-09-03 09:40:12,126 [pool-148-thread-1] INFO  server.RaftServerConfigKeys (ConfUtils.java:logGet(43)) - raft.server.log.segment.size.max = 1048576 (custom)
2019-09-03 09:40:12,126 [pool-137-thread-1] INFO  server.RaftServerConfigKeys (ConfUtils.java:logGet(43)) - raft.server.log.segment.size.max = 1048576 (custom)
2019-09-03 09:40:12,126 [pool-148-thread-1] INFO  server.RaftServerConfigKeys (ConfUtils.java:logGet(43)) - raft.server.log.preallocated.size = 16384 (custom)
2019-09-03 09:40:12,127 [pool-148-thread-1] INFO  server.RaftServerConfigKeys (ConfUtils.java:logGet(43)) - raft.server.log.write.buffer.size = 33554432 (custom)
2019-09-03 09:40:12,126 [pool-126-thread-1] INFO  server.RaftServerConfigKeys (ConfUtils.java:logGet(43)) - raft.server.log.segment.cache.num.max = 2 (custom)
2019-09-03 09:40:12,127 [pool-148-thread-1] INFO  server.RaftServerConfigKeys (ConfUtils.java:logGet(43)) - raft.server.log.force.sync.num = 128 (default)
2019-09-03 09:40:12,127 [pool-137-thread-1] INFO  server.RaftServerConfigKeys (ConfUtils.java:logGet(43)) - raft.server.log.segment.cache.num.max = 2 (custom)
2019-09-03 09:40:12,127 [pool-148-thread-1] INFO  server.RaftServerConfigKeys (ConfUtils.java:logGet(43)) - raft.server.log.statemachine.data.sync = true (default)
2019-09-03 09:40:12,127 [pool-126-thread-1] INFO  segmented.SegmentedRaftLogWorker (SegmentedRaftLogWorker.java:<init>(172)) - new 5f62d077-1cb0-4aa3-be9b-0f443f88c284-SegmentedRaftLogWorker:Storage Directory /workdir/hadoop-ozone/integration-test/target/test-dir/MiniOzoneClusterImpl-6c7229d4-44ec-4a7a-8c6b-4592cedbafbd/datanode-0/data/ratis/1cc44003-04a7-4216-8053-4f2d5274ca82 for RaftStorage:Storage Directory /workdir/hadoop-ozone/integration-test/target/test-dir/MiniOzoneClusterImpl-6c7229d4-44ec-4a7a-8c6b-4592cedbafbd/datanode-0/data/ratis/1cc44003-04a7-4216-8053-4f2d5274ca82
2019-09-03 09:40:12,128 [pool-148-thread-1] INFO  server.RaftServerConfigKeys (ConfUtils.java:logGet(43)) - raft.server.log.statemachine.data.sync.timeout = 10s (default)
2019-09-03 09:40:12,127 [pool-137-thread-1] INFO  segmented.SegmentedRaftLogWorker (SegmentedRaftLogWorker.java:<init>(172)) - new f1e690fe-d9d6-4f9a-b28d-4fa21d7465dc-SegmentedRaftLogWorker:Storage Directory /workdir/hadoop-ozone/integration-test/target/test-dir/MiniOzoneClusterImpl-6c7229d4-44ec-4a7a-8c6b-4592cedbafbd/datanode-1/data/ratis/1cc44003-04a7-4216-8053-4f2d5274ca82 for RaftStorage:Storage Directory /workdir/hadoop-ozone/integration-test/target/test-dir/MiniOzoneClusterImpl-6c7229d4-44ec-4a7a-8c6b-4592cedbafbd/datanode-1/data/ratis/1cc44003-04a7-4216-8053-4f2d5274ca82
2019-09-03 09:40:12,128 [pool-148-thread-1] INFO  server.RaftServerConfigKeys (ConfUtils.java:logGet(43)) - raft.server.log.statemachine.data.sync.timeout.retry = -1 (default)
2019-09-03 09:40:12,128 [pool-126-thread-1] INFO  server.RaftServerConfigKeys (ConfUtils.java:logGet(43)) - raft.server.log.queue.byte-limit = 2147483647 (custom)
2019-09-03 09:40:12,128 [pool-148-thread-1] INFO  server.RaftServerConfigKeys (ConfUtils.java:logGet(43)) - raft.server.log.statemachine.data.caching.enabled = true (custom)
2019-09-03 09:40:12,128 [pool-137-thread-1] INFO  server.RaftServerConfigKeys (ConfUtils.java:logGet(43)) - raft.server.log.queue.byte-limit = 2147483647 (custom)
2019-09-03 09:40:12,129 [pool-126-thread-1] INFO  server.RaftServerConfigKeys (ConfUtils.java:logGet(43)) - raft.server.log.queue.element-limit = 1024 (custom)
2019-09-03 09:40:12,129 [pool-137-thread-1] INFO  server.RaftServerConfigKeys (ConfUtils.java:logGet(43)) - raft.server.log.queue.element-limit = 1024 (custom)
2019-09-03 09:40:12,129 [pool-148-thread-1] INFO  segmented.SegmentedRaftLogWorker (SegmentedRaftLogWorker.java:lambda$new$0(132)) - 30b1b43b-2ac1-4227-ba9d-0d794daadc3a-SegmentedRaftLogWorker:Storage Directory /workdir/hadoop-ozone/integration-test/target/test-dir/MiniOzoneClusterImpl-6c7229d4-44ec-4a7a-8c6b-4592cedbafbd/datanode-2/data/ratis/1cc44003-04a7-4216-8053-4f2d5274ca82: flushIndex: setUnconditionally 0 -> -1
2019-09-03 09:40:12,129 [pool-137-thread-1] INFO  server.RaftServerConfigKeys (ConfUtils.java:logGet(43)) - raft.server.log.segment.size.max = 1048576 (custom)
2019-09-03 09:40:12,129 [pool-126-thread-1] INFO  server.RaftServerConfigKeys (ConfUtils.java:logGet(43)) - raft.server.log.segment.size.max = 1048576 (custom)
2019-09-03 09:40:12,130 [pool-148-thread-1] INFO  server.RaftServerConfigKeys (ConfUtils.java:logGet(43)) - raft.server.snapshot.auto.trigger.enabled = true (custom)
2019-09-03 09:40:12,130 [pool-137-thread-1] INFO  server.RaftServerConfigKeys (ConfUtils.java:logGet(43)) - raft.server.log.preallocated.size = 16384 (custom)
2019-09-03 09:40:12,130 [pool-148-thread-1] INFO  server.RaftServerConfigKeys (ConfUtils.java:logGet(43)) - raft.server.snapshot.auto.trigger.threshold = 10000 (custom)
2019-09-03 09:40:12,130 [pool-126-thread-1] INFO  server.RaftServerConfigKeys (ConfUtils.java:logGet(43)) - raft.server.log.preallocated.size = 16384 (custom)
2019-09-03 09:40:12,131 [pool-148-thread-1] INFO  server.RaftServerConfigKeys (ConfUtils.java:logGet(43)) - raft.server.retrycache.expirytime = 600000ms (custom)
2019-09-03 09:40:12,130 [pool-137-thread-1] INFO  server.RaftServerConfigKeys (ConfUtils.java:logGet(43)) - raft.server.log.write.buffer.size = 33554432 (custom)
2019-09-03 09:40:12,131 [pool-148-thread-1] INFO  impl.RaftServerImpl (RaftServerImpl.java:start(180)) - 30b1b43b-2ac1-4227-ba9d-0d794daadc3a: start group-4F2D5274CA82
2019-09-03 09:40:12,131 [pool-148-thread-1] INFO  impl.RaftServerImpl (RaftServerImpl.java:setRole(171)) - 30b1b43b-2ac1-4227-ba9d-0d794daadc3a:group-4F2D5274CA82 changes role from null to FOLLOWER at term 0 for startAsFollower
2019-09-03 09:40:12,131 [pool-126-thread-1] INFO  server.RaftServerConfigKeys (ConfUtils.java:logGet(43)) - raft.server.log.write.buffer.size = 33554432 (custom)
2019-09-03 09:40:12,131 [pool-148-thread-1] INFO  impl.RoleInfo (RoleInfo.java:updateAndGet(143)) - 30b1b43b-2ac1-4227-ba9d-0d794daadc3a: start FollowerState
2019-09-03 09:40:12,131 [pool-137-thread-1] INFO  server.RaftServerConfigKeys (ConfUtils.java:logGet(43)) - raft.server.log.force.sync.num = 128 (default)
2019-09-03 09:40:12,132 [pool-126-thread-1] INFO  server.RaftServerConfigKeys (ConfUtils.java:logGet(43)) - raft.server.log.force.sync.num = 128 (default)
2019-09-03 09:40:12,132 [pool-137-thread-1] INFO  server.RaftServerConfigKeys (ConfUtils.java:logGet(43)) - raft.server.log.statemachine.data.sync = true (default)
2019-09-03 09:40:12,153 [pool-148-thread-1] INFO  util.JmxRegister (JmxRegister.java:tryRegister(44)) - Successfully registered JMX Bean with object name Ratis:service=RaftServer,group=group-4F2D5274CA82,id=30b1b43b-2ac1-4227-ba9d-0d794daadc3a
2019-09-03 09:40:12,132 [pool-126-thread-1] INFO  server.RaftServerConfigKeys (ConfUtils.java:logGet(43)) - raft.server.log.statemachine.data.sync = true (default)
2019-09-03 09:40:12,154 [pool-137-thread-1] INFO  server.RaftServerConfigKeys (ConfUtils.java:logGet(43)) - raft.server.log.statemachine.data.sync.timeout = 10s (default)
2019-09-03 09:40:12,154 [pool-126-thread-1] INFO  server.RaftServerConfigKeys (ConfUtils.java:logGet(43)) - raft.server.log.statemachine.data.sync.timeout = 10s (default)
2019-09-03 09:40:12,154 [pool-137-thread-1] INFO  server.RaftServerConfigKeys (ConfUtils.java:logGet(43)) - raft.server.log.statemachine.data.sync.timeout.retry = -1 (default)
2019-09-03 09:40:12,162 [pool-126-thread-1] INFO  server.RaftServerConfigKeys (ConfUtils.java:logGet(43)) - raft.server.log.statemachine.data.sync.timeout.retry = -1 (default)
2019-09-03 09:40:12,163 [pool-137-thread-1] INFO  server.RaftServerConfigKeys (ConfUtils.java:logGet(43)) - raft.server.log.statemachine.data.caching.enabled = true (custom)
2019-09-03 09:40:12,163 [pool-126-thread-1] INFO  server.RaftServerConfigKeys (ConfUtils.java:logGet(43)) - raft.server.log.statemachine.data.caching.enabled = true (custom)
2019-09-03 09:40:12,163 [pool-137-thread-1] INFO  segmented.SegmentedRaftLogWorker (SegmentedRaftLogWorker.java:lambda$new$0(132)) - f1e690fe-d9d6-4f9a-b28d-4fa21d7465dc-SegmentedRaftLogWorker:Storage Directory /workdir/hadoop-ozone/integration-test/target/test-dir/MiniOzoneClusterImpl-6c7229d4-44ec-4a7a-8c6b-4592cedbafbd/datanode-1/data/ratis/1cc44003-04a7-4216-8053-4f2d5274ca82: flushIndex: setUnconditionally 0 -> -1
2019-09-03 09:40:12,163 [pool-126-thread-1] INFO  segmented.SegmentedRaftLogWorker (SegmentedRaftLogWorker.java:lambda$new$0(132)) - 5f62d077-1cb0-4aa3-be9b-0f443f88c284-SegmentedRaftLogWorker:Storage Directory /workdir/hadoop-ozone/integration-test/target/test-dir/MiniOzoneClusterImpl-6c7229d4-44ec-4a7a-8c6b-4592cedbafbd/datanode-0/data/ratis/1cc44003-04a7-4216-8053-4f2d5274ca82: flushIndex: setUnconditionally 0 -> -1
2019-09-03 09:40:12,164 [pool-137-thread-1] INFO  server.RaftServerConfigKeys (ConfUtils.java:logGet(43)) - raft.server.snapshot.auto.trigger.enabled = true (custom)
2019-09-03 09:40:12,164 [pool-126-thread-1] INFO  server.RaftServerConfigKeys (ConfUtils.java:logGet(43)) - raft.server.snapshot.auto.trigger.enabled = true (custom)
2019-09-03 09:40:12,164 [pool-137-thread-1] INFO  server.RaftServerConfigKeys (ConfUtils.java:logGet(43)) - raft.server.snapshot.auto.trigger.threshold = 10000 (custom)
2019-09-03 09:40:12,164 [pool-126-thread-1] INFO  server.RaftServerConfigKeys (ConfUtils.java:logGet(43)) - raft.server.snapshot.auto.trigger.threshold = 10000 (custom)
2019-09-03 09:40:12,164 [pool-137-thread-1] INFO  server.RaftServerConfigKeys (ConfUtils.java:logGet(43)) - raft.server.retrycache.expirytime = 600000ms (custom)
2019-09-03 09:40:12,164 [pool-126-thread-1] INFO  server.RaftServerConfigKeys (ConfUtils.java:logGet(43)) - raft.server.retrycache.expirytime = 600000ms (custom)
2019-09-03 09:40:12,165 [pool-137-thread-1] INFO  impl.RaftServerImpl (RaftServerImpl.java:start(180)) - f1e690fe-d9d6-4f9a-b28d-4fa21d7465dc: start group-4F2D5274CA82
2019-09-03 09:40:12,165 [pool-126-thread-1] INFO  impl.RaftServerImpl (RaftServerImpl.java:start(180)) - 5f62d077-1cb0-4aa3-be9b-0f443f88c284: start group-4F2D5274CA82
2019-09-03 09:40:12,165 [pool-137-thread-1] INFO  impl.RaftServerImpl (RaftServerImpl.java:setRole(171)) - f1e690fe-d9d6-4f9a-b28d-4fa21d7465dc:group-4F2D5274CA82 changes role from null to FOLLOWER at term 0 for startAsFollower
2019-09-03 09:40:12,165 [pool-126-thread-1] INFO  impl.RaftServerImpl (RaftServerImpl.java:setRole(171)) - 5f62d077-1cb0-4aa3-be9b-0f443f88c284:group-4F2D5274CA82 changes role from null to FOLLOWER at term 0 for startAsFollower
2019-09-03 09:40:12,165 [pool-137-thread-1] INFO  impl.RoleInfo (RoleInfo.java:updateAndGet(143)) - f1e690fe-d9d6-4f9a-b28d-4fa21d7465dc: start FollowerState
2019-09-03 09:40:12,165 [pool-126-thread-1] INFO  impl.RoleInfo (RoleInfo.java:updateAndGet(143)) - 5f62d077-1cb0-4aa3-be9b-0f443f88c284: start FollowerState
2019-09-03 09:40:12,166 [pool-137-thread-1] INFO  util.JmxRegister (JmxRegister.java:tryRegister(44)) - Successfully registered JMX Bean with object name Ratis:service=RaftServer,group=group-4F2D5274CA82,id=f1e690fe-d9d6-4f9a-b28d-4fa21d7465dc
2019-09-03 09:40:12,166 [pool-126-thread-1] INFO  util.JmxRegister (JmxRegister.java:tryRegister(44)) - Successfully registered JMX Bean with object name Ratis:service=RaftServer,group=group-4F2D5274CA82,id=5f62d077-1cb0-4aa3-be9b-0f443f88c284
2019-09-03 09:40:12,170 [RatisPipelineUtilsThread] INFO  pipeline.PipelineStateManager (PipelineStateManager.java:addPipeline(56)) - Created pipeline Pipeline[ Id: 1cc44003-04a7-4216-8053-4f2d5274ca82, Nodes: f1e690fe-d9d6-4f9a-b28d-4fa21d7465dc{ip: 192.168.69.126, host: pr-hdds-1571-4wx6z-2437996338, networkLocation: /default-rack, certSerialId: null}5f62d077-1cb0-4aa3-be9b-0f443f88c284{ip: 192.168.69.126, host: pr-hdds-1571-4wx6z-2437996338, networkLocation: /default-rack, certSerialId: null}30b1b43b-2ac1-4227-ba9d-0d794daadc3a{ip: 192.168.69.126, host: pr-hdds-1571-4wx6z-2437996338, networkLocation: /default-rack, certSerialId: null}, Type:RATIS, Factor:THREE, State:OPEN]
2019-09-03 09:40:12,179 [main] INFO  ozone.MiniOzoneClusterImpl (MiniOzoneClusterImpl.java:lambda$waitForClusterToBeReady$0(142)) - Waiting for cluster to be ready. Got 3 of 7 DN Heartbeats.
2019-09-03 09:40:12,249 [IPC Server handler 15 on 37613] INFO  net.NetworkTopology (NetworkTopologyImpl.java:add(110)) - Added a new node: /default-rack/54a7770c-e3e5-4c4a-b2d5-1e155816e439
2019-09-03 09:40:12,250 [IPC Server handler 15 on 37613] INFO  node.SCMNodeManager (SCMNodeManager.java:register(273)) - Registered Data node : 54a7770c-e3e5-4c4a-b2d5-1e155816e439{ip: 192.168.69.126, host: pr-hdds-1571-4wx6z-2437996338, networkLocation: /default-rack, certSerialId: null}
2019-09-03 09:40:12,250 | INFO  | SCMAudit | user=jenkins1000 | ip=192.168.69.126 | op=REGISTER {datanodeDetails=54a7770c-e3e5-4c4a-b2d5-1e155816e439{ip: 192.168.69.126, host: pr-hdds-1571-4wx6z-2437996338, networkLocation: /default-rack, certSerialId: null}} | ret=SUCCESS |  
2019-09-03 09:40:12,260 [grpc-default-executor-3] INFO  impl.RaftServerProxy (RaftServerProxy.java:addNew(89)) - 54a7770c-e3e5-4c4a-b2d5-1e155816e439: addNew group-8C7445D889B3:[54a7770c-e3e5-4c4a-b2d5-1e155816e439:192.168.69.126:34394] returns group-8C7445D889B3:java.util.concurrent.CompletableFuture@7b07aa58[Not completed]
2019-09-03 09:40:12,262 [pool-159-thread-1] INFO  impl.RaftServerImpl (RaftServerImpl.java:<init>(93)) - 54a7770c-e3e5-4c4a-b2d5-1e155816e439: new RaftServerImpl for group-8C7445D889B3:[54a7770c-e3e5-4c4a-b2d5-1e155816e439:192.168.69.126:34394] with ContainerStateMachine:uninitialized
2019-09-03 09:40:12,262 [pool-159-thread-1] INFO  server.RaftServerConfigKeys (ConfUtils.java:logGet(43)) - raft.server.rpc.timeout.min = 5s (custom)
2019-09-03 09:40:12,263 [pool-159-thread-1] INFO  server.RaftServerConfigKeys (ConfUtils.java:logGet(43)) - raft.server.rpc.timeout.max = 5200ms (custom)
2019-09-03 09:40:12,263 [pool-159-thread-1] INFO  server.RaftServerConfigKeys (ConfUtils.java:logGet(43)) - raft.server.rpcslowness.timeout = 120s (custom)
2019-09-03 09:40:12,263 [pool-159-thread-1] INFO  server.RaftServerConfigKeys (ConfUtils.java:logGet(43)) - raft.server.sleep.deviation.threshold = 300 (default)
2019-09-03 09:40:12,263 [pool-159-thread-1] INFO  server.RaftServerConfigKeys (ConfUtils.java:logGet(43)) - raft.server.log.appender.install.snapshot.enabled = false (custom)
2019-09-03 09:40:12,263 [pool-159-thread-1] INFO  impl.RaftServerImpl (ServerState.java:<init>(105)) - 54a7770c-e3e5-4c4a-b2d5-1e155816e439:group-8C7445D889B3 ConfigurationManager, init=-1: [54a7770c-e3e5-4c4a-b2d5-1e155816e439:192.168.69.126:34394], old=null, confs=<EMPTY_MAP>
2019-09-03 09:40:12,263 [pool-159-thread-1] INFO  server.RaftServerConfigKeys (ConfUtils.java:logGet(43)) - raft.server.storage.dir = [/workdir/hadoop-ozone/integration-test/target/test-dir/MiniOzoneClusterImpl-6c7229d4-44ec-4a7a-8c6b-4592cedbafbd/datanode-3/data/ratis] (custom)
2019-09-03 09:40:12,264 [pool-159-thread-1] INFO  storage.RaftStorageDirectory (RaftStorageDirectory.java:analyzeStorage(246)) - The storage directory /workdir/hadoop-ozone/integration-test/target/test-dir/MiniOzoneClusterImpl-6c7229d4-44ec-4a7a-8c6b-4592cedbafbd/datanode-3/data/ratis/091b47be-a6d4-46b8-abd2-8c7445d889b3 does not exist. Creating ...
2019-09-03 09:40:12,287 [pool-159-thread-1] INFO  storage.RaftStorageDirectory (RaftStorageDirectory.java:tryLock(328)) - Lock on /workdir/hadoop-ozone/integration-test/target/test-dir/MiniOzoneClusterImpl-6c7229d4-44ec-4a7a-8c6b-4592cedbafbd/datanode-3/data/ratis/091b47be-a6d4-46b8-abd2-8c7445d889b3/in_use.lock acquired by nodename 3807@pr-hdds-1571-4wx6z-2437996338
2019-09-03 09:40:12,323 [pool-159-thread-1] INFO  storage.RaftStorage (RaftStorage.java:format(72)) - Storage directory /workdir/hadoop-ozone/integration-test/target/test-dir/MiniOzoneClusterImpl-6c7229d4-44ec-4a7a-8c6b-4592cedbafbd/datanode-3/data/ratis/091b47be-a6d4-46b8-abd2-8c7445d889b3 has been successfully formatted.
2019-09-03 09:40:12,324 [pool-159-thread-1] INFO  ratis.ContainerStateMachine (ContainerStateMachine.java:loadSnapshot(226)) - group-8C7445D889B3: The snapshot info is null. Setting the last applied indexto:(t:0, i:~)
2019-09-03 09:40:12,324 [pool-159-thread-1] INFO  server.RaftServerConfigKeys (ConfUtils.java:logGet(43)) - raft.server.leader.election.timeout = 120s (custom)
2019-09-03 09:40:12,324 [pool-159-thread-1] INFO  server.RaftServerConfigKeys (ConfUtils.java:logGet(43)) - raft.server.log.use.memory = false (default)
2019-09-03 09:40:12,324 [pool-159-thread-1] INFO  server.RaftServerConfigKeys (ConfUtils.java:logGet(43)) - raft.server.log.purge.gap = 1000000 (custom)
2019-09-03 09:40:12,325 [pool-159-thread-1] INFO  server.RaftServerConfigKeys (ConfUtils.java:logGet(43)) - raft.server.log.appender.buffer.byte-limit = 33554432 (custom)
2019-09-03 09:40:12,325 [pool-159-thread-1] INFO  server.RaftServerConfigKeys (ConfUtils.java:logGet(43)) - raft.server.log.segment.size.max = 1048576 (custom)
2019-09-03 09:40:12,325 [pool-159-thread-1] INFO  server.RaftServerConfigKeys (ConfUtils.java:logGet(43)) - raft.server.log.segment.cache.num.max = 2 (custom)
2019-09-03 09:40:12,325 [pool-159-thread-1] INFO  segmented.SegmentedRaftLogWorker (SegmentedRaftLogWorker.java:<init>(172)) - new 54a7770c-e3e5-4c4a-b2d5-1e155816e439-SegmentedRaftLogWorker:Storage Directory /workdir/hadoop-ozone/integration-test/target/test-dir/MiniOzoneClusterImpl-6c7229d4-44ec-4a7a-8c6b-4592cedbafbd/datanode-3/data/ratis/091b47be-a6d4-46b8-abd2-8c7445d889b3 for RaftStorage:Storage Directory /workdir/hadoop-ozone/integration-test/target/test-dir/MiniOzoneClusterImpl-6c7229d4-44ec-4a7a-8c6b-4592cedbafbd/datanode-3/data/ratis/091b47be-a6d4-46b8-abd2-8c7445d889b3
2019-09-03 09:40:12,325 [pool-159-thread-1] INFO  server.RaftServerConfigKeys (ConfUtils.java:logGet(43)) - raft.server.log.queue.byte-limit = 2147483647 (custom)
2019-09-03 09:40:12,326 [pool-159-thread-1] INFO  server.RaftServerConfigKeys (ConfUtils.java:logGet(43)) - raft.server.log.queue.element-limit = 1024 (custom)
2019-09-03 09:40:12,326 [pool-159-thread-1] INFO  server.RaftServerConfigKeys (ConfUtils.java:logGet(43)) - raft.server.log.segment.size.max = 1048576 (custom)
2019-09-03 09:40:12,326 [pool-159-thread-1] INFO  server.RaftServerConfigKeys (ConfUtils.java:logGet(43)) - raft.server.log.preallocated.size = 16384 (custom)
2019-09-03 09:40:12,326 [pool-159-thread-1] INFO  server.RaftServerConfigKeys (ConfUtils.java:logGet(43)) - raft.server.log.write.buffer.size = 33554432 (custom)
2019-09-03 09:40:12,327 [pool-159-thread-1] INFO  server.RaftServerConfigKeys (ConfUtils.java:logGet(43)) - raft.server.log.force.sync.num = 128 (default)
2019-09-03 09:40:12,327 [pool-159-thread-1] INFO  server.RaftServerConfigKeys (ConfUtils.java:logGet(43)) - raft.server.log.statemachine.data.sync = true (default)
2019-09-03 09:40:12,327 [pool-159-thread-1] INFO  server.RaftServerConfigKeys (ConfUtils.java:logGet(43)) - raft.server.log.statemachine.data.sync.timeout = 10s (default)
2019-09-03 09:40:12,327 [pool-159-thread-1] INFO  server.RaftServerConfigKeys (ConfUtils.java:logGet(43)) - raft.server.log.statemachine.data.sync.timeout.retry = -1 (default)
2019-09-03 09:40:12,328 [pool-159-thread-1] INFO  server.RaftServerConfigKeys (ConfUtils.java:logGet(43)) - raft.server.log.statemachine.data.caching.enabled = true (custom)
2019-09-03 09:40:12,328 [pool-159-thread-1] INFO  segmented.SegmentedRaftLogWorker (SegmentedRaftLogWorker.java:lambda$new$0(132)) - 54a7770c-e3e5-4c4a-b2d5-1e155816e439-SegmentedRaftLogWorker:Storage Directory /workdir/hadoop-ozone/integration-test/target/test-dir/MiniOzoneClusterImpl-6c7229d4-44ec-4a7a-8c6b-4592cedbafbd/datanode-3/data/ratis/091b47be-a6d4-46b8-abd2-8c7445d889b3: flushIndex: setUnconditionally 0 -> -1
2019-09-03 09:40:12,328 [pool-159-thread-1] INFO  server.RaftServerConfigKeys (ConfUtils.java:logGet(43)) - raft.server.snapshot.auto.trigger.enabled = true (custom)
2019-09-03 09:40:12,329 [pool-159-thread-1] INFO  server.RaftServerConfigKeys (ConfUtils.java:logGet(43)) - raft.server.snapshot.auto.trigger.threshold = 10000 (custom)
2019-09-03 09:40:12,329 [pool-159-thread-1] INFO  server.RaftServerConfigKeys (ConfUtils.java:logGet(43)) - raft.server.retrycache.expirytime = 600000ms (custom)
2019-09-03 09:40:12,329 [pool-159-thread-1] INFO  impl.RaftServerImpl (RaftServerImpl.java:start(180)) - 54a7770c-e3e5-4c4a-b2d5-1e155816e439: start group-8C7445D889B3
2019-09-03 09:40:12,329 [pool-159-thread-1] INFO  impl.RaftServerImpl (RaftServerImpl.java:setRole(171)) - 54a7770c-e3e5-4c4a-b2d5-1e155816e439:group-8C7445D889B3 changes role from null to FOLLOWER at term 0 for startAsFollower
2019-09-03 09:40:12,330 [pool-159-thread-1] INFO  impl.RoleInfo (RoleInfo.java:updateAndGet(143)) - 54a7770c-e3e5-4c4a-b2d5-1e155816e439: start FollowerState
2019-09-03 09:40:12,330 [pool-159-thread-1] INFO  util.JmxRegister (JmxRegister.java:tryRegister(44)) - Successfully registered JMX Bean with object name Ratis:service=RaftServer,group=group-8C7445D889B3,id=54a7770c-e3e5-4c4a-b2d5-1e155816e439
2019-09-03 09:40:12,333 [RatisPipelineUtilsThread] INFO  pipeline.PipelineStateManager (PipelineStateManager.java:addPipeline(56)) - Created pipeline Pipeline[ Id: 091b47be-a6d4-46b8-abd2-8c7445d889b3, Nodes: 54a7770c-e3e5-4c4a-b2d5-1e155816e439{ip: 192.168.69.126, host: pr-hdds-1571-4wx6z-2437996338, networkLocation: /default-rack, certSerialId: null}, Type:RATIS, Factor:ONE, State:OPEN]
2019-09-03 09:40:12,716 [IPC Server handler 18 on 37613] INFO  net.NetworkTopology (NetworkTopologyImpl.java:add(110)) - Added a new node: /default-rack/dc57de79-aaca-47f1-971f-bd2f7461306f
2019-09-03 09:40:12,716 [IPC Server handler 18 on 37613] INFO  node.SCMNodeManager (SCMNodeManager.java:register(273)) - Registered Data node : dc57de79-aaca-47f1-971f-bd2f7461306f{ip: 192.168.69.126, host: pr-hdds-1571-4wx6z-2437996338, networkLocation: /default-rack, certSerialId: null}
2019-09-03 09:40:12,716 | INFO  | SCMAudit | user=jenkins1000 | ip=192.168.69.126 | op=REGISTER {datanodeDetails=dc57de79-aaca-47f1-971f-bd2f7461306f{ip: 192.168.69.126, host: pr-hdds-1571-4wx6z-2437996338, networkLocation: /default-rack, certSerialId: null}} | ret=SUCCESS |  
2019-09-03 09:40:12,728 [grpc-default-executor-3] INFO  impl.RaftServerProxy (RaftServerProxy.java:addNew(89)) - dc57de79-aaca-47f1-971f-bd2f7461306f: addNew group-F4ABFC8764A7:[dc57de79-aaca-47f1-971f-bd2f7461306f:192.168.69.126:40126] returns group-F4ABFC8764A7:java.util.concurrent.CompletableFuture@5ecb93f0[Not completed]
2019-09-03 09:40:12,730 [pool-170-thread-1] INFO  impl.RaftServerImpl (RaftServerImpl.java:<init>(93)) - dc57de79-aaca-47f1-971f-bd2f7461306f: new RaftServerImpl for group-F4ABFC8764A7:[dc57de79-aaca-47f1-971f-bd2f7461306f:192.168.69.126:40126] with ContainerStateMachine:uninitialized
2019-09-03 09:40:12,731 [pool-170-thread-1] INFO  server.RaftServerConfigKeys (ConfUtils.java:logGet(43)) - raft.server.rpc.timeout.min = 5s (custom)
2019-09-03 09:40:12,731 [pool-170-thread-1] INFO  server.RaftServerConfigKeys (ConfUtils.java:logGet(43)) - raft.server.rpc.timeout.max = 5200ms (custom)
2019-09-03 09:40:12,731 [pool-170-thread-1] INFO  server.RaftServerConfigKeys (ConfUtils.java:logGet(43)) - raft.server.rpcslowness.timeout = 120s (custom)
2019-09-03 09:40:12,731 [pool-170-thread-1] INFO  server.RaftServerConfigKeys (ConfUtils.java:logGet(43)) - raft.server.sleep.deviation.threshold = 300 (default)
2019-09-03 09:40:12,731 [pool-170-thread-1] INFO  server.RaftServerConfigKeys (ConfUtils.java:logGet(43)) - raft.server.log.appender.install.snapshot.enabled = false (custom)
2019-09-03 09:40:12,731 [pool-170-thread-1] INFO  impl.RaftServerImpl (ServerState.java:<init>(105)) - dc57de79-aaca-47f1-971f-bd2f7461306f:group-F4ABFC8764A7 ConfigurationManager, init=-1: [dc57de79-aaca-47f1-971f-bd2f7461306f:192.168.69.126:40126], old=null, confs=<EMPTY_MAP>
2019-09-03 09:40:12,732 [pool-170-thread-1] INFO  server.RaftServerConfigKeys (ConfUtils.java:logGet(43)) - raft.server.storage.dir = [/workdir/hadoop-ozone/integration-test/target/test-dir/MiniOzoneClusterImpl-6c7229d4-44ec-4a7a-8c6b-4592cedbafbd/datanode-4/data/ratis] (custom)
2019-09-03 09:40:12,732 [pool-170-thread-1] INFO  storage.RaftStorageDirectory (RaftStorageDirectory.java:analyzeStorage(246)) - The storage directory /workdir/hadoop-ozone/integration-test/target/test-dir/MiniOzoneClusterImpl-6c7229d4-44ec-4a7a-8c6b-4592cedbafbd/datanode-4/data/ratis/bd86651e-2d37-4fa7-b337-f4abfc8764a7 does not exist. Creating ...
2019-09-03 09:40:12,765 [pool-170-thread-1] INFO  storage.RaftStorageDirectory (RaftStorageDirectory.java:tryLock(328)) - Lock on /workdir/hadoop-ozone/integration-test/target/test-dir/MiniOzoneClusterImpl-6c7229d4-44ec-4a7a-8c6b-4592cedbafbd/datanode-4/data/ratis/bd86651e-2d37-4fa7-b337-f4abfc8764a7/in_use.lock acquired by nodename 3807@pr-hdds-1571-4wx6z-2437996338
2019-09-03 09:40:12,791 [pool-170-thread-1] INFO  storage.RaftStorage (RaftStorage.java:format(72)) - Storage directory /workdir/hadoop-ozone/integration-test/target/test-dir/MiniOzoneClusterImpl-6c7229d4-44ec-4a7a-8c6b-4592cedbafbd/datanode-4/data/ratis/bd86651e-2d37-4fa7-b337-f4abfc8764a7 has been successfully formatted.
2019-09-03 09:40:12,791 [pool-170-thread-1] INFO  ratis.ContainerStateMachine (ContainerStateMachine.java:loadSnapshot(226)) - group-F4ABFC8764A7: The snapshot info is null. Setting the last applied indexto:(t:0, i:~)
2019-09-03 09:40:12,791 [pool-170-thread-1] INFO  server.RaftServerConfigKeys (ConfUtils.java:logGet(43)) - raft.server.leader.election.timeout = 120s (custom)
2019-09-03 09:40:12,792 [pool-170-thread-1] INFO  server.RaftServerConfigKeys (ConfUtils.java:logGet(43)) - raft.server.log.use.memory = false (default)
2019-09-03 09:40:12,792 [pool-170-thread-1] INFO  server.RaftServerConfigKeys (ConfUtils.java:logGet(43)) - raft.server.log.purge.gap = 1000000 (custom)
2019-09-03 09:40:12,792 [pool-170-thread-1] INFO  server.RaftServerConfigKeys (ConfUtils.java:logGet(43)) - raft.server.log.appender.buffer.byte-limit = 33554432 (custom)
2019-09-03 09:40:12,792 [pool-170-thread-1] INFO  server.RaftServerConfigKeys (ConfUtils.java:logGet(43)) - raft.server.log.segment.size.max = 1048576 (custom)
2019-09-03 09:40:12,792 [pool-170-thread-1] INFO  server.RaftServerConfigKeys (ConfUtils.java:logGet(43)) - raft.server.log.segment.cache.num.max = 2 (custom)
2019-09-03 09:40:12,793 [pool-170-thread-1] INFO  segmented.SegmentedRaftLogWorker (SegmentedRaftLogWorker.java:<init>(172)) - new dc57de79-aaca-47f1-971f-bd2f7461306f-SegmentedRaftLogWorker:Storage Directory /workdir/hadoop-ozone/integration-test/target/test-dir/MiniOzoneClusterImpl-6c7229d4-44ec-4a7a-8c6b-4592cedbafbd/datanode-4/data/ratis/bd86651e-2d37-4fa7-b337-f4abfc8764a7 for RaftStorage:Storage Directory /workdir/hadoop-ozone/integration-test/target/test-dir/MiniOzoneClusterImpl-6c7229d4-44ec-4a7a-8c6b-4592cedbafbd/datanode-4/data/ratis/bd86651e-2d37-4fa7-b337-f4abfc8764a7
2019-09-03 09:40:12,793 [pool-170-thread-1] INFO  server.RaftServerConfigKeys (ConfUtils.java:logGet(43)) - raft.server.log.queue.byte-limit = 2147483647 (custom)
2019-09-03 09:40:12,793 [pool-170-thread-1] INFO  server.RaftServerConfigKeys (ConfUtils.java:logGet(43)) - raft.server.log.queue.element-limit = 1024 (custom)
2019-09-03 09:40:12,794 [pool-170-thread-1] INFO  server.RaftServerConfigKeys (ConfUtils.java:logGet(43)) - raft.server.log.segment.size.max = 1048576 (custom)
2019-09-03 09:40:12,794 [pool-170-thread-1] INFO  server.RaftServerConfigKeys (ConfUtils.java:logGet(43)) - raft.server.log.preallocated.size = 16384 (custom)
2019-09-03 09:40:12,794 [pool-170-thread-1] INFO  server.RaftServerConfigKeys (ConfUtils.java:logGet(43)) - raft.server.log.write.buffer.size = 33554432 (custom)
2019-09-03 09:40:12,794 [pool-170-thread-1] INFO  server.RaftServerConfigKeys (ConfUtils.java:logGet(43)) - raft.server.log.force.sync.num = 128 (default)
2019-09-03 09:40:12,794 [pool-170-thread-1] INFO  server.RaftServerConfigKeys (ConfUtils.java:logGet(43)) - raft.server.log.statemachine.data.sync = true (default)
2019-09-03 09:40:12,795 [pool-170-thread-1] INFO  server.RaftServerConfigKeys (ConfUtils.java:logGet(43)) - raft.server.log.statemachine.data.sync.timeout = 10s (default)
2019-09-03 09:40:12,795 [pool-170-thread-1] INFO  server.RaftServerConfigKeys (ConfUtils.java:logGet(43)) - raft.server.log.statemachine.data.sync.timeout.retry = -1 (default)
2019-09-03 09:40:12,795 [pool-170-thread-1] INFO  server.RaftServerConfigKeys (ConfUtils.java:logGet(43)) - raft.server.log.statemachine.data.caching.enabled = true (custom)
2019-09-03 09:40:12,796 [pool-170-thread-1] INFO  segmented.SegmentedRaftLogWorker (SegmentedRaftLogWorker.java:lambda$new$0(132)) - dc57de79-aaca-47f1-971f-bd2f7461306f-SegmentedRaftLogWorker:Storage Directory /workdir/hadoop-ozone/integration-test/target/test-dir/MiniOzoneClusterImpl-6c7229d4-44ec-4a7a-8c6b-4592cedbafbd/datanode-4/data/ratis/bd86651e-2d37-4fa7-b337-f4abfc8764a7: flushIndex: setUnconditionally 0 -> -1
2019-09-03 09:40:12,796 [pool-170-thread-1] INFO  server.RaftServerConfigKeys (ConfUtils.java:logGet(43)) - raft.server.snapshot.auto.trigger.enabled = true (custom)
2019-09-03 09:40:12,796 [pool-170-thread-1] INFO  server.RaftServerConfigKeys (ConfUtils.java:logGet(43)) - raft.server.snapshot.auto.trigger.threshold = 10000 (custom)
2019-09-03 09:40:12,796 [pool-170-thread-1] INFO  server.RaftServerConfigKeys (ConfUtils.java:logGet(43)) - raft.server.retrycache.expirytime = 600000ms (custom)
2019-09-03 09:40:12,797 [pool-170-thread-1] INFO  impl.RaftServerImpl (RaftServerImpl.java:start(180)) - dc57de79-aaca-47f1-971f-bd2f7461306f: start group-F4ABFC8764A7
2019-09-03 09:40:12,797 [pool-170-thread-1] INFO  impl.RaftServerImpl (RaftServerImpl.java:setRole(171)) - dc57de79-aaca-47f1-971f-bd2f7461306f:group-F4ABFC8764A7 changes role from null to FOLLOWER at term 0 for startAsFollower
2019-09-03 09:40:12,797 [pool-170-thread-1] INFO  impl.RoleInfo (RoleInfo.java:updateAndGet(143)) - dc57de79-aaca-47f1-971f-bd2f7461306f: start FollowerState
2019-09-03 09:40:12,798 [pool-170-thread-1] INFO  util.JmxRegister (JmxRegister.java:tryRegister(44)) - Successfully registered JMX Bean with object name Ratis:service=RaftServer,group=group-F4ABFC8764A7,id=dc57de79-aaca-47f1-971f-bd2f7461306f
2019-09-03 09:40:12,801 [RatisPipelineUtilsThread] INFO  pipeline.PipelineStateManager (PipelineStateManager.java:addPipeline(56)) - Created pipeline Pipeline[ Id: bd86651e-2d37-4fa7-b337-f4abfc8764a7, Nodes: dc57de79-aaca-47f1-971f-bd2f7461306f{ip: 192.168.69.126, host: pr-hdds-1571-4wx6z-2437996338, networkLocation: /default-rack, certSerialId: null}, Type:RATIS, Factor:ONE, State:OPEN]
2019-09-03 09:40:12,971 [IPC Server handler 16 on 37613] INFO  net.NetworkTopology (NetworkTopologyImpl.java:add(110)) - Added a new node: /default-rack/a24a5d44-532e-4ff6-8e9a-f2506e5c1784
2019-09-03 09:40:12,972 [IPC Server handler 16 on 37613] INFO  node.SCMNodeManager (SCMNodeManager.java:register(273)) - Registered Data node : a24a5d44-532e-4ff6-8e9a-f2506e5c1784{ip: 192.168.69.126, host: pr-hdds-1571-4wx6z-2437996338, networkLocation: /default-rack, certSerialId: null}
2019-09-03 09:40:12,976 | INFO  | SCMAudit | user=jenkins1000 | ip=192.168.69.126 | op=REGISTER {datanodeDetails=a24a5d44-532e-4ff6-8e9a-f2506e5c1784{ip: 192.168.69.126, host: pr-hdds-1571-4wx6z-2437996338, networkLocation: /default-rack, certSerialId: null}} | ret=SUCCESS |  
2019-09-03 09:40:12,985 [grpc-default-executor-3] INFO  impl.RaftServerProxy (RaftServerProxy.java:addNew(89)) - a24a5d44-532e-4ff6-8e9a-f2506e5c1784: addNew group-7558881FF90F:[a24a5d44-532e-4ff6-8e9a-f2506e5c1784:192.168.69.126:37019] returns group-7558881FF90F:java.util.concurrent.CompletableFuture@65448bc7[Not completed]
2019-09-03 09:40:12,987 [pool-181-thread-1] INFO  impl.RaftServerImpl (RaftServerImpl.java:<init>(93)) - a24a5d44-532e-4ff6-8e9a-f2506e5c1784: new RaftServerImpl for group-7558881FF90F:[a24a5d44-532e-4ff6-8e9a-f2506e5c1784:192.168.69.126:37019] with ContainerStateMachine:uninitialized
2019-09-03 09:40:12,987 [pool-181-thread-1] INFO  server.RaftServerConfigKeys (ConfUtils.java:logGet(43)) - raft.server.rpc.timeout.min = 5s (custom)
2019-09-03 09:40:12,987 [pool-181-thread-1] INFO  server.RaftServerConfigKeys (ConfUtils.java:logGet(43)) - raft.server.rpc.timeout.max = 5200ms (custom)
2019-09-03 09:40:12,988 [pool-181-thread-1] INFO  server.RaftServerConfigKeys (ConfUtils.java:logGet(43)) - raft.server.rpcslowness.timeout = 120s (custom)
2019-09-03 09:40:12,988 [pool-181-thread-1] INFO  server.RaftServerConfigKeys (ConfUtils.java:logGet(43)) - raft.server.sleep.deviation.threshold = 300 (default)
2019-09-03 09:40:12,988 [pool-181-thread-1] INFO  server.RaftServerConfigKeys (ConfUtils.java:logGet(43)) - raft.server.log.appender.install.snapshot.enabled = false (custom)
2019-09-03 09:40:12,988 [pool-181-thread-1] INFO  impl.RaftServerImpl (ServerState.java:<init>(105)) - a24a5d44-532e-4ff6-8e9a-f2506e5c1784:group-7558881FF90F ConfigurationManager, init=-1: [a24a5d44-532e-4ff6-8e9a-f2506e5c1784:192.168.69.126:37019], old=null, confs=<EMPTY_MAP>
2019-09-03 09:40:12,988 [pool-181-thread-1] INFO  server.RaftServerConfigKeys (ConfUtils.java:logGet(43)) - raft.server.storage.dir = [/workdir/hadoop-ozone/integration-test/target/test-dir/MiniOzoneClusterImpl-6c7229d4-44ec-4a7a-8c6b-4592cedbafbd/datanode-5/data/ratis] (custom)
2019-09-03 09:40:12,989 [pool-181-thread-1] INFO  storage.RaftStorageDirectory (RaftStorageDirectory.java:analyzeStorage(246)) - The storage directory /workdir/hadoop-ozone/integration-test/target/test-dir/MiniOzoneClusterImpl-6c7229d4-44ec-4a7a-8c6b-4592cedbafbd/datanode-5/data/ratis/c5c69703-0435-4b45-b774-7558881ff90f does not exist. Creating ...
2019-09-03 09:40:13,016 [pool-181-thread-1] INFO  storage.RaftStorageDirectory (RaftStorageDirectory.java:tryLock(328)) - Lock on /workdir/hadoop-ozone/integration-test/target/test-dir/MiniOzoneClusterImpl-6c7229d4-44ec-4a7a-8c6b-4592cedbafbd/datanode-5/data/ratis/c5c69703-0435-4b45-b774-7558881ff90f/in_use.lock acquired by nodename 3807@pr-hdds-1571-4wx6z-2437996338
2019-09-03 09:40:13,042 [pool-181-thread-1] INFO  storage.RaftStorage (RaftStorage.java:format(72)) - Storage directory /workdir/hadoop-ozone/integration-test/target/test-dir/MiniOzoneClusterImpl-6c7229d4-44ec-4a7a-8c6b-4592cedbafbd/datanode-5/data/ratis/c5c69703-0435-4b45-b774-7558881ff90f has been successfully formatted.
2019-09-03 09:40:13,042 [pool-181-thread-1] INFO  ratis.ContainerStateMachine (ContainerStateMachine.java:loadSnapshot(226)) - group-7558881FF90F: The snapshot info is null. Setting the last applied indexto:(t:0, i:~)
2019-09-03 09:40:13,042 [pool-181-thread-1] INFO  server.RaftServerConfigKeys (ConfUtils.java:logGet(43)) - raft.server.leader.election.timeout = 120s (custom)
2019-09-03 09:40:13,042 [pool-181-thread-1] INFO  server.RaftServerConfigKeys (ConfUtils.java:logGet(43)) - raft.server.log.use.memory = false (default)
2019-09-03 09:40:13,042 [pool-181-thread-1] INFO  server.RaftServerConfigKeys (ConfUtils.java:logGet(43)) - raft.server.log.purge.gap = 1000000 (custom)
2019-09-03 09:40:13,043 [pool-181-thread-1] INFO  server.RaftServerConfigKeys (ConfUtils.java:logGet(43)) - raft.server.log.appender.buffer.byte-limit = 33554432 (custom)
2019-09-03 09:40:13,043 [pool-181-thread-1] INFO  server.RaftServerConfigKeys (ConfUtils.java:logGet(43)) - raft.server.log.segment.size.max = 1048576 (custom)
2019-09-03 09:40:13,043 [pool-181-thread-1] INFO  server.RaftServerConfigKeys (ConfUtils.java:logGet(43)) - raft.server.log.segment.cache.num.max = 2 (custom)
2019-09-03 09:40:13,043 [pool-181-thread-1] INFO  segmented.SegmentedRaftLogWorker (SegmentedRaftLogWorker.java:<init>(172)) - new a24a5d44-532e-4ff6-8e9a-f2506e5c1784-SegmentedRaftLogWorker:Storage Directory /workdir/hadoop-ozone/integration-test/target/test-dir/MiniOzoneClusterImpl-6c7229d4-44ec-4a7a-8c6b-4592cedbafbd/datanode-5/data/ratis/c5c69703-0435-4b45-b774-7558881ff90f for RaftStorage:Storage Directory /workdir/hadoop-ozone/integration-test/target/test-dir/MiniOzoneClusterImpl-6c7229d4-44ec-4a7a-8c6b-4592cedbafbd/datanode-5/data/ratis/c5c69703-0435-4b45-b774-7558881ff90f
2019-09-03 09:40:13,043 [pool-181-thread-1] INFO  server.RaftServerConfigKeys (ConfUtils.java:logGet(43)) - raft.server.log.queue.byte-limit = 2147483647 (custom)
2019-09-03 09:40:13,043 [pool-181-thread-1] INFO  server.RaftServerConfigKeys (ConfUtils.java:logGet(43)) - raft.server.log.queue.element-limit = 1024 (custom)
2019-09-03 09:40:13,044 [pool-181-thread-1] INFO  server.RaftServerConfigKeys (ConfUtils.java:logGet(43)) - raft.server.log.segment.size.max = 1048576 (custom)
2019-09-03 09:40:13,044 [pool-181-thread-1] INFO  server.RaftServerConfigKeys (ConfUtils.java:logGet(43)) - raft.server.log.preallocated.size = 16384 (custom)
2019-09-03 09:40:13,044 [pool-181-thread-1] INFO  server.RaftServerConfigKeys (ConfUtils.java:logGet(43)) - raft.server.log.write.buffer.size = 33554432 (custom)
2019-09-03 09:40:13,044 [pool-181-thread-1] INFO  server.RaftServerConfigKeys (ConfUtils.java:logGet(43)) - raft.server.log.force.sync.num = 128 (default)
2019-09-03 09:40:13,044 [pool-181-thread-1] INFO  server.RaftServerConfigKeys (ConfUtils.java:logGet(43)) - raft.server.log.statemachine.data.sync = true (default)
2019-09-03 09:40:13,045 [pool-181-thread-1] INFO  server.RaftServerConfigKeys (ConfUtils.java:logGet(43)) - raft.server.log.statemachine.data.sync.timeout = 10s (default)
2019-09-03 09:40:13,045 [pool-181-thread-1] INFO  server.RaftServerConfigKeys (ConfUtils.java:logGet(43)) - raft.server.log.statemachine.data.sync.timeout.retry = -1 (default)
2019-09-03 09:40:13,045 [pool-181-thread-1] INFO  server.RaftServerConfigKeys (ConfUtils.java:logGet(43)) - raft.server.log.statemachine.data.caching.enabled = true (custom)
2019-09-03 09:40:13,045 [pool-181-thread-1] INFO  segmented.SegmentedRaftLogWorker (SegmentedRaftLogWorker.java:lambda$new$0(132)) - a24a5d44-532e-4ff6-8e9a-f2506e5c1784-SegmentedRaftLogWorker:Storage Directory /workdir/hadoop-ozone/integration-test/target/test-dir/MiniOzoneClusterImpl-6c7229d4-44ec-4a7a-8c6b-4592cedbafbd/datanode-5/data/ratis/c5c69703-0435-4b45-b774-7558881ff90f: flushIndex: setUnconditionally 0 -> -1
2019-09-03 09:40:13,046 [pool-181-thread-1] INFO  server.RaftServerConfigKeys (ConfUtils.java:logGet(43)) - raft.server.snapshot.auto.trigger.enabled = true (custom)
2019-09-03 09:40:13,046 [pool-181-thread-1] INFO  server.RaftServerConfigKeys (ConfUtils.java:logGet(43)) - raft.server.snapshot.auto.trigger.threshold = 10000 (custom)
2019-09-03 09:40:13,046 [pool-181-thread-1] INFO  server.RaftServerConfigKeys (ConfUtils.java:logGet(43)) - raft.server.retrycache.expirytime = 600000ms (custom)
2019-09-03 09:40:13,046 [pool-181-thread-1] INFO  impl.RaftServerImpl (RaftServerImpl.java:start(180)) - a24a5d44-532e-4ff6-8e9a-f2506e5c1784: start group-7558881FF90F
2019-09-03 09:40:13,046 [pool-181-thread-1] INFO  impl.RaftServerImpl (RaftServerImpl.java:setRole(171)) - a24a5d44-532e-4ff6-8e9a-f2506e5c1784:group-7558881FF90F changes role from null to FOLLOWER at term 0 for startAsFollower
2019-09-03 09:40:13,047 [pool-181-thread-1] INFO  impl.RoleInfo (RoleInfo.java:updateAndGet(143)) - a24a5d44-532e-4ff6-8e9a-f2506e5c1784: start FollowerState
2019-09-03 09:40:13,047 [pool-181-thread-1] INFO  util.JmxRegister (JmxRegister.java:tryRegister(44)) - Successfully registered JMX Bean with object name Ratis:service=RaftServer,group=group-7558881FF90F,id=a24a5d44-532e-4ff6-8e9a-f2506e5c1784
2019-09-03 09:40:13,051 [RatisPipelineUtilsThread] INFO  pipeline.PipelineStateManager (PipelineStateManager.java:addPipeline(56)) - Created pipeline Pipeline[ Id: c5c69703-0435-4b45-b774-7558881ff90f, Nodes: a24a5d44-532e-4ff6-8e9a-f2506e5c1784{ip: 192.168.69.126, host: pr-hdds-1571-4wx6z-2437996338, networkLocation: /default-rack, certSerialId: null}, Type:RATIS, Factor:ONE, State:OPEN]
2019-09-03 09:40:13,077 [grpc-default-executor-4] INFO  impl.RaftServerProxy (RaftServerProxy.java:addNew(89)) - 54a7770c-e3e5-4c4a-b2d5-1e155816e439: addNew group-A3ADB0FA2990:[54a7770c-e3e5-4c4a-b2d5-1e155816e439:192.168.69.126:34394, dc57de79-aaca-47f1-971f-bd2f7461306f:192.168.69.126:40126, a24a5d44-532e-4ff6-8e9a-f2506e5c1784:192.168.69.126:37019] returns group-A3ADB0FA2990:java.util.concurrent.CompletableFuture@610fa2b0[Not completed]
2019-09-03 09:40:13,078 [grpc-default-executor-3] INFO  impl.RaftServerProxy (RaftServerProxy.java:addNew(89)) - dc57de79-aaca-47f1-971f-bd2f7461306f: addNew group-A3ADB0FA2990:[54a7770c-e3e5-4c4a-b2d5-1e155816e439:192.168.69.126:34394, dc57de79-aaca-47f1-971f-bd2f7461306f:192.168.69.126:40126, a24a5d44-532e-4ff6-8e9a-f2506e5c1784:192.168.69.126:37019] returns group-A3ADB0FA2990:java.util.concurrent.CompletableFuture@3a2fd30a[Not completed]
2019-09-03 09:40:13,078 [grpc-default-executor-1] INFO  impl.RaftServerProxy (RaftServerProxy.java:addNew(89)) - a24a5d44-532e-4ff6-8e9a-f2506e5c1784: addNew group-A3ADB0FA2990:[54a7770c-e3e5-4c4a-b2d5-1e155816e439:192.168.69.126:34394, dc57de79-aaca-47f1-971f-bd2f7461306f:192.168.69.126:40126, a24a5d44-532e-4ff6-8e9a-f2506e5c1784:192.168.69.126:37019] returns group-A3ADB0FA2990:java.util.concurrent.CompletableFuture@2803683a[Not completed]
2019-09-03 09:40:13,079 [pool-159-thread-1] INFO  impl.RaftServerImpl (RaftServerImpl.java:<init>(93)) - 54a7770c-e3e5-4c4a-b2d5-1e155816e439: new RaftServerImpl for group-A3ADB0FA2990:[54a7770c-e3e5-4c4a-b2d5-1e155816e439:192.168.69.126:34394, dc57de79-aaca-47f1-971f-bd2f7461306f:192.168.69.126:40126, a24a5d44-532e-4ff6-8e9a-f2506e5c1784:192.168.69.126:37019] with ContainerStateMachine:uninitialized
2019-09-03 09:40:13,079 [pool-159-thread-1] INFO  server.RaftServerConfigKeys (ConfUtils.java:logGet(43)) - raft.server.rpc.timeout.min = 5s (custom)
2019-09-03 09:40:13,079 [pool-159-thread-1] INFO  server.RaftServerConfigKeys (ConfUtils.java:logGet(43)) - raft.server.rpc.timeout.max = 5200ms (custom)
2019-09-03 09:40:13,080 [pool-159-thread-1] INFO  server.RaftServerConfigKeys (ConfUtils.java:logGet(43)) - raft.server.rpcslowness.timeout = 120s (custom)
2019-09-03 09:40:13,080 [pool-159-thread-1] INFO  server.RaftServerConfigKeys (ConfUtils.java:logGet(43)) - raft.server.sleep.deviation.threshold = 300 (default)
2019-09-03 09:40:13,080 [pool-159-thread-1] INFO  server.RaftServerConfigKeys (ConfUtils.java:logGet(43)) - raft.server.log.appender.install.snapshot.enabled = false (custom)
2019-09-03 09:40:13,080 [pool-159-thread-1] INFO  impl.RaftServerImpl (ServerState.java:<init>(105)) - 54a7770c-e3e5-4c4a-b2d5-1e155816e439:group-A3ADB0FA2990 ConfigurationManager, init=-1: [54a7770c-e3e5-4c4a-b2d5-1e155816e439:192.168.69.126:34394, dc57de79-aaca-47f1-971f-bd2f7461306f:192.168.69.126:40126, a24a5d44-532e-4ff6-8e9a-f2506e5c1784:192.168.69.126:37019], old=null, confs=<EMPTY_MAP>
2019-09-03 09:40:13,080 [pool-159-thread-1] INFO  server.RaftServerConfigKeys (ConfUtils.java:logGet(43)) - raft.server.storage.dir = [/workdir/hadoop-ozone/integration-test/target/test-dir/MiniOzoneClusterImpl-6c7229d4-44ec-4a7a-8c6b-4592cedbafbd/datanode-3/data/ratis] (custom)
2019-09-03 09:40:13,081 [pool-159-thread-1] INFO  storage.RaftStorageDirectory (RaftStorageDirectory.java:analyzeStorage(246)) - The storage directory /workdir/hadoop-ozone/integration-test/target/test-dir/MiniOzoneClusterImpl-6c7229d4-44ec-4a7a-8c6b-4592cedbafbd/datanode-3/data/ratis/30439fe9-c3be-4dd2-8b3c-a3adb0fa2990 does not exist. Creating ...
2019-09-03 09:40:13,081 [pool-181-thread-1] INFO  impl.RaftServerImpl (RaftServerImpl.java:<init>(93)) - a24a5d44-532e-4ff6-8e9a-f2506e5c1784: new RaftServerImpl for group-A3ADB0FA2990:[54a7770c-e3e5-4c4a-b2d5-1e155816e439:192.168.69.126:34394, dc57de79-aaca-47f1-971f-bd2f7461306f:192.168.69.126:40126, a24a5d44-532e-4ff6-8e9a-f2506e5c1784:192.168.69.126:37019] with ContainerStateMachine:uninitialized
2019-09-03 09:40:13,082 [pool-181-thread-1] INFO  server.RaftServerConfigKeys (ConfUtils.java:logGet(43)) - raft.server.rpc.timeout.min = 5s (custom)
2019-09-03 09:40:13,082 [pool-181-thread-1] INFO  server.RaftServerConfigKeys (ConfUtils.java:logGet(43)) - raft.server.rpc.timeout.max = 5200ms (custom)
2019-09-03 09:40:13,082 [pool-181-thread-1] INFO  server.RaftServerConfigKeys (ConfUtils.java:logGet(43)) - raft.server.rpcslowness.timeout = 120s (custom)
2019-09-03 09:40:13,082 [pool-181-thread-1] INFO  server.RaftServerConfigKeys (ConfUtils.java:logGet(43)) - raft.server.sleep.deviation.threshold = 300 (default)
2019-09-03 09:40:13,082 [pool-181-thread-1] INFO  server.RaftServerConfigKeys (ConfUtils.java:logGet(43)) - raft.server.log.appender.install.snapshot.enabled = false (custom)
2019-09-03 09:40:13,082 [pool-181-thread-1] INFO  impl.RaftServerImpl (ServerState.java:<init>(105)) - a24a5d44-532e-4ff6-8e9a-f2506e5c1784:group-A3ADB0FA2990 ConfigurationManager, init=-1: [54a7770c-e3e5-4c4a-b2d5-1e155816e439:192.168.69.126:34394, dc57de79-aaca-47f1-971f-bd2f7461306f:192.168.69.126:40126, a24a5d44-532e-4ff6-8e9a-f2506e5c1784:192.168.69.126:37019], old=null, confs=<EMPTY_MAP>
2019-09-03 09:40:13,082 [pool-170-thread-1] INFO  impl.RaftServerImpl (RaftServerImpl.java:<init>(93)) - dc57de79-aaca-47f1-971f-bd2f7461306f: new RaftServerImpl for group-A3ADB0FA2990:[54a7770c-e3e5-4c4a-b2d5-1e155816e439:192.168.69.126:34394, dc57de79-aaca-47f1-971f-bd2f7461306f:192.168.69.126:40126, a24a5d44-532e-4ff6-8e9a-f2506e5c1784:192.168.69.126:37019] with ContainerStateMachine:uninitialized
2019-09-03 09:40:13,082 [pool-181-thread-1] INFO  server.RaftServerConfigKeys (ConfUtils.java:logGet(43)) - raft.server.storage.dir = [/workdir/hadoop-ozone/integration-test/target/test-dir/MiniOzoneClusterImpl-6c7229d4-44ec-4a7a-8c6b-4592cedbafbd/datanode-5/data/ratis] (custom)
2019-09-03 09:40:13,083 [pool-170-thread-1] INFO  server.RaftServerConfigKeys (ConfUtils.java:logGet(43)) - raft.server.rpc.timeout.min = 5s (custom)
2019-09-03 09:40:13,083 [pool-181-thread-1] INFO  storage.RaftStorageDirectory (RaftStorageDirectory.java:analyzeStorage(246)) - The storage directory /workdir/hadoop-ozone/integration-test/target/test-dir/MiniOzoneClusterImpl-6c7229d4-44ec-4a7a-8c6b-4592cedbafbd/datanode-5/data/ratis/30439fe9-c3be-4dd2-8b3c-a3adb0fa2990 does not exist. Creating ...
2019-09-03 09:40:13,083 [pool-170-thread-1] INFO  server.RaftServerConfigKeys (ConfUtils.java:logGet(43)) - raft.server.rpc.timeout.max = 5200ms (custom)
2019-09-03 09:40:13,083 [pool-170-thread-1] INFO  server.RaftServerConfigKeys (ConfUtils.java:logGet(43)) - raft.server.rpcslowness.timeout = 120s (custom)
2019-09-03 09:40:13,083 [pool-170-thread-1] INFO  server.RaftServerConfigKeys (ConfUtils.java:logGet(43)) - raft.server.sleep.deviation.threshold = 300 (default)
2019-09-03 09:40:13,084 [pool-170-thread-1] INFO  server.RaftServerConfigKeys (ConfUtils.java:logGet(43)) - raft.server.log.appender.install.snapshot.enabled = false (custom)
2019-09-03 09:40:13,084 [pool-170-thread-1] INFO  impl.RaftServerImpl (ServerState.java:<init>(105)) - dc57de79-aaca-47f1-971f-bd2f7461306f:group-A3ADB0FA2990 ConfigurationManager, init=-1: [54a7770c-e3e5-4c4a-b2d5-1e155816e439:192.168.69.126:34394, dc57de79-aaca-47f1-971f-bd2f7461306f:192.168.69.126:40126, a24a5d44-532e-4ff6-8e9a-f2506e5c1784:192.168.69.126:37019], old=null, confs=<EMPTY_MAP>
2019-09-03 09:40:13,084 [pool-170-thread-1] INFO  server.RaftServerConfigKeys (ConfUtils.java:logGet(43)) - raft.server.storage.dir = [/workdir/hadoop-ozone/integration-test/target/test-dir/MiniOzoneClusterImpl-6c7229d4-44ec-4a7a-8c6b-4592cedbafbd/datanode-4/data/ratis] (custom)
2019-09-03 09:40:13,084 [pool-170-thread-1] INFO  storage.RaftStorageDirectory (RaftStorageDirectory.java:analyzeStorage(246)) - The storage directory /workdir/hadoop-ozone/integration-test/target/test-dir/MiniOzoneClusterImpl-6c7229d4-44ec-4a7a-8c6b-4592cedbafbd/datanode-4/data/ratis/30439fe9-c3be-4dd2-8b3c-a3adb0fa2990 does not exist. Creating ...
2019-09-03 09:40:13,109 [pool-159-thread-1] INFO  storage.RaftStorageDirectory (RaftStorageDirectory.java:tryLock(328)) - Lock on /workdir/hadoop-ozone/integration-test/target/test-dir/MiniOzoneClusterImpl-6c7229d4-44ec-4a7a-8c6b-4592cedbafbd/datanode-3/data/ratis/30439fe9-c3be-4dd2-8b3c-a3adb0fa2990/in_use.lock acquired by nodename 3807@pr-hdds-1571-4wx6z-2437996338
2019-09-03 09:40:13,109 [pool-170-thread-1] INFO  storage.RaftStorageDirectory (RaftStorageDirectory.java:tryLock(328)) - Lock on /workdir/hadoop-ozone/integration-test/target/test-dir/MiniOzoneClusterImpl-6c7229d4-44ec-4a7a-8c6b-4592cedbafbd/datanode-4/data/ratis/30439fe9-c3be-4dd2-8b3c-a3adb0fa2990/in_use.lock acquired by nodename 3807@pr-hdds-1571-4wx6z-2437996338
2019-09-03 09:40:13,109 [pool-181-thread-1] INFO  storage.RaftStorageDirectory (RaftStorageDirectory.java:tryLock(328)) - Lock on /workdir/hadoop-ozone/integration-test/target/test-dir/MiniOzoneClusterImpl-6c7229d4-44ec-4a7a-8c6b-4592cedbafbd/datanode-5/data/ratis/30439fe9-c3be-4dd2-8b3c-a3adb0fa2990/in_use.lock acquired by nodename 3807@pr-hdds-1571-4wx6z-2437996338
2019-09-03 09:40:13,126 [pool-159-thread-1] INFO  storage.RaftStorage (RaftStorage.java:format(72)) - Storage directory /workdir/hadoop-ozone/integration-test/target/test-dir/MiniOzoneClusterImpl-6c7229d4-44ec-4a7a-8c6b-4592cedbafbd/datanode-3/data/ratis/30439fe9-c3be-4dd2-8b3c-a3adb0fa2990 has been successfully formatted.
2019-09-03 09:40:13,127 [pool-170-thread-1] INFO  storage.RaftStorage (RaftStorage.java:format(72)) - Storage directory /workdir/hadoop-ozone/integration-test/target/test-dir/MiniOzoneClusterImpl-6c7229d4-44ec-4a7a-8c6b-4592cedbafbd/datanode-4/data/ratis/30439fe9-c3be-4dd2-8b3c-a3adb0fa2990 has been successfully formatted.
2019-09-03 09:40:13,127 [pool-159-thread-1] INFO  ratis.ContainerStateMachine (ContainerStateMachine.java:loadSnapshot(226)) - group-A3ADB0FA2990: The snapshot info is null. Setting the last applied indexto:(t:0, i:~)
2019-09-03 09:40:13,126 [pool-181-thread-1] INFO  storage.RaftStorage (RaftStorage.java:format(72)) - Storage directory /workdir/hadoop-ozone/integration-test/target/test-dir/MiniOzoneClusterImpl-6c7229d4-44ec-4a7a-8c6b-4592cedbafbd/datanode-5/data/ratis/30439fe9-c3be-4dd2-8b3c-a3adb0fa2990 has been successfully formatted.
2019-09-03 09:40:13,127 [pool-170-thread-1] INFO  ratis.ContainerStateMachine (ContainerStateMachine.java:loadSnapshot(226)) - group-A3ADB0FA2990: The snapshot info is null. Setting the last applied indexto:(t:0, i:~)
2019-09-03 09:40:13,127 [pool-181-thread-1] INFO  ratis.ContainerStateMachine (ContainerStateMachine.java:loadSnapshot(226)) - group-A3ADB0FA2990: The snapshot info is null. Setting the last applied indexto:(t:0, i:~)
2019-09-03 09:40:13,127 [pool-159-thread-1] INFO  server.RaftServerConfigKeys (ConfUtils.java:logGet(43)) - raft.server.leader.election.timeout = 120s (custom)
2019-09-03 09:40:13,127 [pool-181-thread-1] INFO  server.RaftServerConfigKeys (ConfUtils.java:logGet(43)) - raft.server.leader.election.timeout = 120s (custom)
2019-09-03 09:40:13,127 [pool-170-thread-1] INFO  server.RaftServerConfigKeys (ConfUtils.java:logGet(43)) - raft.server.leader.election.timeout = 120s (custom)
2019-09-03 09:40:13,128 [pool-181-thread-1] INFO  server.RaftServerConfigKeys (ConfUtils.java:logGet(43)) - raft.server.log.use.memory = false (default)
2019-09-03 09:40:13,127 [pool-159-thread-1] INFO  server.RaftServerConfigKeys (ConfUtils.java:logGet(43)) - raft.server.log.use.memory = false (default)
2019-09-03 09:40:13,128 [pool-181-thread-1] INFO  server.RaftServerConfigKeys (ConfUtils.java:logGet(43)) - raft.server.log.purge.gap = 1000000 (custom)
2019-09-03 09:40:13,128 [pool-170-thread-1] INFO  server.RaftServerConfigKeys (ConfUtils.java:logGet(43)) - raft.server.log.use.memory = false (default)
2019-09-03 09:40:13,128 [pool-181-thread-1] INFO  server.RaftServerConfigKeys (ConfUtils.java:logGet(43)) - raft.server.log.appender.buffer.byte-limit = 33554432 (custom)
2019-09-03 09:40:13,128 [pool-159-thread-1] INFO  server.RaftServerConfigKeys (ConfUtils.java:logGet(43)) - raft.server.log.purge.gap = 1000000 (custom)
2019-09-03 09:40:13,128 [pool-181-thread-1] INFO  server.RaftServerConfigKeys (ConfUtils.java:logGet(43)) - raft.server.log.segment.size.max = 1048576 (custom)
2019-09-03 09:40:13,128 [pool-170-thread-1] INFO  server.RaftServerConfigKeys (ConfUtils.java:logGet(43)) - raft.server.log.purge.gap = 1000000 (custom)
2019-09-03 09:40:13,129 [pool-181-thread-1] INFO  server.RaftServerConfigKeys (ConfUtils.java:logGet(43)) - raft.server.log.segment.cache.num.max = 2 (custom)
2019-09-03 09:40:13,128 [pool-159-thread-1] INFO  server.RaftServerConfigKeys (ConfUtils.java:logGet(43)) - raft.server.log.appender.buffer.byte-limit = 33554432 (custom)
2019-09-03 09:40:13,129 [pool-181-thread-1] INFO  segmented.SegmentedRaftLogWorker (SegmentedRaftLogWorker.java:<init>(172)) - new a24a5d44-532e-4ff6-8e9a-f2506e5c1784-SegmentedRaftLogWorker:Storage Directory /workdir/hadoop-ozone/integration-test/target/test-dir/MiniOzoneClusterImpl-6c7229d4-44ec-4a7a-8c6b-4592cedbafbd/datanode-5/data/ratis/30439fe9-c3be-4dd2-8b3c-a3adb0fa2990 for RaftStorage:Storage Directory /workdir/hadoop-ozone/integration-test/target/test-dir/MiniOzoneClusterImpl-6c7229d4-44ec-4a7a-8c6b-4592cedbafbd/datanode-5/data/ratis/30439fe9-c3be-4dd2-8b3c-a3adb0fa2990
2019-09-03 09:40:13,129 [pool-170-thread-1] INFO  server.RaftServerConfigKeys (ConfUtils.java:logGet(43)) - raft.server.log.appender.buffer.byte-limit = 33554432 (custom)
2019-09-03 09:40:13,129 [pool-181-thread-1] INFO  server.RaftServerConfigKeys (ConfUtils.java:logGet(43)) - raft.server.log.queue.byte-limit = 2147483647 (custom)
2019-09-03 09:40:13,129 [pool-159-thread-1] INFO  server.RaftServerConfigKeys (ConfUtils.java:logGet(43)) - raft.server.log.segment.size.max = 1048576 (custom)
2019-09-03 09:40:13,129 [pool-181-thread-1] INFO  server.RaftServerConfigKeys (ConfUtils.java:logGet(43)) - raft.server.log.queue.element-limit = 1024 (custom)
2019-09-03 09:40:13,129 [pool-170-thread-1] INFO  server.RaftServerConfigKeys (ConfUtils.java:logGet(43)) - raft.server.log.segment.size.max = 1048576 (custom)
2019-09-03 09:40:13,130 [pool-181-thread-1] INFO  server.RaftServerConfigKeys (ConfUtils.java:logGet(43)) - raft.server.log.segment.size.max = 1048576 (custom)
2019-09-03 09:40:13,129 [pool-159-thread-1] INFO  server.RaftServerConfigKeys (ConfUtils.java:logGet(43)) - raft.server.log.segment.cache.num.max = 2 (custom)
2019-09-03 09:40:13,130 [pool-181-thread-1] INFO  server.RaftServerConfigKeys (ConfUtils.java:logGet(43)) - raft.server.log.preallocated.size = 16384 (custom)
2019-09-03 09:40:13,130 [pool-181-thread-1] INFO  server.RaftServerConfigKeys (ConfUtils.java:logGet(43)) - raft.server.log.write.buffer.size = 33554432 (custom)
2019-09-03 09:40:13,130 [pool-170-thread-1] INFO  server.RaftServerConfigKeys (ConfUtils.java:logGet(43)) - raft.server.log.segment.cache.num.max = 2 (custom)
2019-09-03 09:40:13,130 [pool-181-thread-1] INFO  server.RaftServerConfigKeys (ConfUtils.java:logGet(43)) - raft.server.log.force.sync.num = 128 (default)
2019-09-03 09:40:13,130 [pool-159-thread-1] INFO  segmented.SegmentedRaftLogWorker (SegmentedRaftLogWorker.java:<init>(172)) - new 54a7770c-e3e5-4c4a-b2d5-1e155816e439-SegmentedRaftLogWorker:Storage Directory /workdir/hadoop-ozone/integration-test/target/test-dir/MiniOzoneClusterImpl-6c7229d4-44ec-4a7a-8c6b-4592cedbafbd/datanode-3/data/ratis/30439fe9-c3be-4dd2-8b3c-a3adb0fa2990 for RaftStorage:Storage Directory /workdir/hadoop-ozone/integration-test/target/test-dir/MiniOzoneClusterImpl-6c7229d4-44ec-4a7a-8c6b-4592cedbafbd/datanode-3/data/ratis/30439fe9-c3be-4dd2-8b3c-a3adb0fa2990
2019-09-03 09:40:13,131 [pool-181-thread-1] INFO  server.RaftServerConfigKeys (ConfUtils.java:logGet(43)) - raft.server.log.statemachine.data.sync = true (default)
2019-09-03 09:40:13,130 [pool-170-thread-1] INFO  segmented.SegmentedRaftLogWorker (SegmentedRaftLogWorker.java:<init>(172)) - new dc57de79-aaca-47f1-971f-bd2f7461306f-SegmentedRaftLogWorker:Storage Directory /workdir/hadoop-ozone/integration-test/target/test-dir/MiniOzoneClusterImpl-6c7229d4-44ec-4a7a-8c6b-4592cedbafbd/datanode-4/data/ratis/30439fe9-c3be-4dd2-8b3c-a3adb0fa2990 for RaftStorage:Storage Directory /workdir/hadoop-ozone/integration-test/target/test-dir/MiniOzoneClusterImpl-6c7229d4-44ec-4a7a-8c6b-4592cedbafbd/datanode-4/data/ratis/30439fe9-c3be-4dd2-8b3c-a3adb0fa2990
2019-09-03 09:40:13,131 [pool-181-thread-1] INFO  server.RaftServerConfigKeys (ConfUtils.java:logGet(43)) - raft.server.log.statemachine.data.sync.timeout = 10s (default)
2019-09-03 09:40:13,131 [pool-159-thread-1] INFO  server.RaftServerConfigKeys (ConfUtils.java:logGet(43)) - raft.server.log.queue.byte-limit = 2147483647 (custom)
2019-09-03 09:40:13,131 [pool-181-thread-1] INFO  server.RaftServerConfigKeys (ConfUtils.java:logGet(43)) - raft.server.log.statemachine.data.sync.timeout.retry = -1 (default)
2019-09-03 09:40:13,131 [pool-170-thread-1] INFO  server.RaftServerConfigKeys (ConfUtils.java:logGet(43)) - raft.server.log.queue.byte-limit = 2147483647 (custom)
2019-09-03 09:40:13,131 [pool-181-thread-1] INFO  server.RaftServerConfigKeys (ConfUtils.java:logGet(43)) - raft.server.log.statemachine.data.caching.enabled = true (custom)
2019-09-03 09:40:13,131 [pool-159-thread-1] INFO  server.RaftServerConfigKeys (ConfUtils.java:logGet(43)) - raft.server.log.queue.element-limit = 1024 (custom)
2019-09-03 09:40:13,131 [pool-170-thread-1] INFO  server.RaftServerConfigKeys (ConfUtils.java:logGet(43)) - raft.server.log.queue.element-limit = 1024 (custom)
2019-09-03 09:40:13,132 [pool-159-thread-1] INFO  server.RaftServerConfigKeys (ConfUtils.java:logGet(43)) - raft.server.log.segment.size.max = 1048576 (custom)
2019-09-03 09:40:13,132 [pool-181-thread-1] INFO  segmented.SegmentedRaftLogWorker (SegmentedRaftLogWorker.java:lambda$new$0(132)) - a24a5d44-532e-4ff6-8e9a-f2506e5c1784-SegmentedRaftLogWorker:Storage Directory /workdir/hadoop-ozone/integration-test/target/test-dir/MiniOzoneClusterImpl-6c7229d4-44ec-4a7a-8c6b-4592cedbafbd/datanode-5/data/ratis/30439fe9-c3be-4dd2-8b3c-a3adb0fa2990: flushIndex: setUnconditionally 0 -> -1
2019-09-03 09:40:13,132 [pool-159-thread-1] INFO  server.RaftServerConfigKeys (ConfUtils.java:logGet(43)) - raft.server.log.preallocated.size = 16384 (custom)
2019-09-03 09:40:13,132 [pool-170-thread-1] INFO  server.RaftServerConfigKeys (ConfUtils.java:logGet(43)) - raft.server.log.segment.size.max = 1048576 (custom)
2019-09-03 09:40:13,132 [pool-181-thread-1] INFO  server.RaftServerConfigKeys (ConfUtils.java:logGet(43)) - raft.server.snapshot.auto.trigger.enabled = true (custom)
2019-09-03 09:40:13,132 [pool-159-thread-1] INFO  server.RaftServerConfigKeys (ConfUtils.java:logGet(43)) - raft.server.log.write.buffer.size = 33554432 (custom)
2019-09-03 09:40:13,133 [pool-181-thread-1] INFO  server.RaftServerConfigKeys (ConfUtils.java:logGet(43)) - raft.server.snapshot.auto.trigger.threshold = 10000 (custom)
2019-09-03 09:40:13,132 [pool-170-thread-1] INFO  server.RaftServerConfigKeys (ConfUtils.java:logGet(43)) - raft.server.log.preallocated.size = 16384 (custom)
2019-09-03 09:40:13,133 [pool-181-thread-1] INFO  server.RaftServerConfigKeys (ConfUtils.java:logGet(43)) - raft.server.retrycache.expirytime = 600000ms (custom)
2019-09-03 09:40:13,133 [pool-159-thread-1] INFO  server.RaftServerConfigKeys (ConfUtils.java:logGet(43)) - raft.server.log.force.sync.num = 128 (default)
2019-09-03 09:40:13,133 [pool-181-thread-1] INFO  impl.RaftServerImpl (RaftServerImpl.java:start(180)) - a24a5d44-532e-4ff6-8e9a-f2506e5c1784: start group-A3ADB0FA2990
2019-09-03 09:40:13,133 [pool-170-thread-1] INFO  server.RaftServerConfigKeys (ConfUtils.java:logGet(43)) - raft.server.log.write.buffer.size = 33554432 (custom)
2019-09-03 09:40:13,133 [pool-181-thread-1] INFO  impl.RaftServerImpl (RaftServerImpl.java:setRole(171)) - a24a5d44-532e-4ff6-8e9a-f2506e5c1784:group-A3ADB0FA2990 changes role from null to FOLLOWER at term 0 for startAsFollower
2019-09-03 09:40:13,133 [pool-159-thread-1] INFO  server.RaftServerConfigKeys (ConfUtils.java:logGet(43)) - raft.server.log.statemachine.data.sync = true (default)
2019-09-03 09:40:13,134 [pool-181-thread-1] INFO  impl.RoleInfo (RoleInfo.java:updateAndGet(143)) - a24a5d44-532e-4ff6-8e9a-f2506e5c1784: start FollowerState
2019-09-03 09:40:13,134 [pool-170-thread-1] INFO  server.RaftServerConfigKeys (ConfUtils.java:logGet(43)) - raft.server.log.force.sync.num = 128 (default)
2019-09-03 09:40:13,134 [pool-159-thread-1] INFO  server.RaftServerConfigKeys (ConfUtils.java:logGet(43)) - raft.server.log.statemachine.data.sync.timeout = 10s (default)
2019-09-03 09:40:13,134 [pool-170-thread-1] INFO  server.RaftServerConfigKeys (ConfUtils.java:logGet(43)) - raft.server.log.statemachine.data.sync = true (default)
2019-09-03 09:40:13,134 [pool-159-thread-1] INFO  server.RaftServerConfigKeys (ConfUtils.java:logGet(43)) - raft.server.log.statemachine.data.sync.timeout.retry = -1 (default)
2019-09-03 09:40:13,134 [pool-181-thread-1] INFO  util.JmxRegister (JmxRegister.java:tryRegister(44)) - Successfully registered JMX Bean with object name Ratis:service=RaftServer,group=group-A3ADB0FA2990,id=a24a5d44-532e-4ff6-8e9a-f2506e5c1784
2019-09-03 09:40:13,135 [pool-159-thread-1] INFO  server.RaftServerConfigKeys (ConfUtils.java:logGet(43)) - raft.server.log.statemachine.data.caching.enabled = true (custom)
2019-09-03 09:40:13,134 [pool-170-thread-1] INFO  server.RaftServerConfigKeys (ConfUtils.java:logGet(43)) - raft.server.log.statemachine.data.sync.timeout = 10s (default)
2019-09-03 09:40:13,135 [pool-159-thread-1] INFO  segmented.SegmentedRaftLogWorker (SegmentedRaftLogWorker.java:lambda$new$0(132)) - 54a7770c-e3e5-4c4a-b2d5-1e155816e439-SegmentedRaftLogWorker:Storage Directory /workdir/hadoop-ozone/integration-test/target/test-dir/MiniOzoneClusterImpl-6c7229d4-44ec-4a7a-8c6b-4592cedbafbd/datanode-3/data/ratis/30439fe9-c3be-4dd2-8b3c-a3adb0fa2990: flushIndex: setUnconditionally 0 -> -1
2019-09-03 09:40:13,135 [pool-170-thread-1] INFO  server.RaftServerConfigKeys (ConfUtils.java:logGet(43)) - raft.server.log.statemachine.data.sync.timeout.retry = -1 (default)
2019-09-03 09:40:13,135 [pool-159-thread-1] INFO  server.RaftServerConfigKeys (ConfUtils.java:logGet(43)) - raft.server.snapshot.auto.trigger.enabled = true (custom)
2019-09-03 09:40:13,135 [pool-170-thread-1] INFO  server.RaftServerConfigKeys (ConfUtils.java:logGet(43)) - raft.server.log.statemachine.data.caching.enabled = true (custom)
2019-09-03 09:40:13,135 [pool-159-thread-1] INFO  server.RaftServerConfigKeys (ConfUtils.java:logGet(43)) - raft.server.snapshot.auto.trigger.threshold = 10000 (custom)
2019-09-03 09:40:13,136 [pool-159-thread-1] INFO  server.RaftServerConfigKeys (ConfUtils.java:logGet(43)) - raft.server.retrycache.expirytime = 600000ms (custom)
2019-09-03 09:40:13,136 [pool-170-thread-1] INFO  segmented.SegmentedRaftLogWorker (SegmentedRaftLogWorker.java:lambda$new$0(132)) - dc57de79-aaca-47f1-971f-bd2f7461306f-SegmentedRaftLogWorker:Storage Directory /workdir/hadoop-ozone/integration-test/target/test-dir/MiniOzoneClusterImpl-6c7229d4-44ec-4a7a-8c6b-4592cedbafbd/datanode-4/data/ratis/30439fe9-c3be-4dd2-8b3c-a3adb0fa2990: flushIndex: setUnconditionally 0 -> -1
2019-09-03 09:40:13,136 [pool-159-thread-1] INFO  impl.RaftServerImpl (RaftServerImpl.java:start(180)) - 54a7770c-e3e5-4c4a-b2d5-1e155816e439: start group-A3ADB0FA2990
2019-09-03 09:40:13,136 [pool-159-thread-1] INFO  impl.RaftServerImpl (RaftServerImpl.java:setRole(171)) - 54a7770c-e3e5-4c4a-b2d5-1e155816e439:group-A3ADB0FA2990 changes role from null to FOLLOWER at term 0 for startAsFollower
2019-09-03 09:40:13,136 [pool-170-thread-1] INFO  server.RaftServerConfigKeys (ConfUtils.java:logGet(43)) - raft.server.snapshot.auto.trigger.enabled = true (custom)
2019-09-03 09:40:13,136 [pool-159-thread-1] INFO  impl.RoleInfo (RoleInfo.java:updateAndGet(143)) - 54a7770c-e3e5-4c4a-b2d5-1e155816e439: start FollowerState
2019-09-03 09:40:13,136 [pool-170-thread-1] INFO  server.RaftServerConfigKeys (ConfUtils.java:logGet(43)) - raft.server.snapshot.auto.trigger.threshold = 10000 (custom)
2019-09-03 09:40:13,137 [pool-170-thread-1] INFO  server.RaftServerConfigKeys (ConfUtils.java:logGet(43)) - raft.server.retrycache.expirytime = 600000ms (custom)
2019-09-03 09:40:13,137 [pool-159-thread-1] INFO  util.JmxRegister (JmxRegister.java:tryRegister(44)) - Successfully registered JMX Bean with object name Ratis:service=RaftServer,group=group-A3ADB0FA2990,id=54a7770c-e3e5-4c4a-b2d5-1e155816e439
2019-09-03 09:40:13,137 [pool-170-thread-1] INFO  impl.RaftServerImpl (RaftServerImpl.java:start(180)) - dc57de79-aaca-47f1-971f-bd2f7461306f: start group-A3ADB0FA2990
2019-09-03 09:40:13,137 [pool-170-thread-1] INFO  impl.RaftServerImpl (RaftServerImpl.java:setRole(171)) - dc57de79-aaca-47f1-971f-bd2f7461306f:group-A3ADB0FA2990 changes role from null to FOLLOWER at term 0 for startAsFollower
2019-09-03 09:40:13,137 [pool-170-thread-1] INFO  impl.RoleInfo (RoleInfo.java:updateAndGet(143)) - dc57de79-aaca-47f1-971f-bd2f7461306f: start FollowerState
2019-09-03 09:40:13,138 [pool-170-thread-1] INFO  util.JmxRegister (JmxRegister.java:tryRegister(44)) - Successfully registered JMX Bean with object name Ratis:service=RaftServer,group=group-A3ADB0FA2990,id=dc57de79-aaca-47f1-971f-bd2f7461306f
2019-09-03 09:40:13,140 [RatisPipelineUtilsThread] INFO  pipeline.PipelineStateManager (PipelineStateManager.java:addPipeline(56)) - Created pipeline Pipeline[ Id: 30439fe9-c3be-4dd2-8b3c-a3adb0fa2990, Nodes: a24a5d44-532e-4ff6-8e9a-f2506e5c1784{ip: 192.168.69.126, host: pr-hdds-1571-4wx6z-2437996338, networkLocation: /default-rack, certSerialId: null}54a7770c-e3e5-4c4a-b2d5-1e155816e439{ip: 192.168.69.126, host: pr-hdds-1571-4wx6z-2437996338, networkLocation: /default-rack, certSerialId: null}dc57de79-aaca-47f1-971f-bd2f7461306f{ip: 192.168.69.126, host: pr-hdds-1571-4wx6z-2437996338, networkLocation: /default-rack, certSerialId: null}, Type:RATIS, Factor:THREE, State:OPEN]
2019-09-03 09:40:13,174 [IPC Server handler 15 on 37613] INFO  net.NetworkTopology (NetworkTopologyImpl.java:add(110)) - Added a new node: /default-rack/fbf90420-a45e-48ce-b982-ff6e0a18d7ed
2019-09-03 09:40:13,174 [IPC Server handler 15 on 37613] INFO  node.SCMNodeManager (SCMNodeManager.java:register(273)) - Registered Data node : fbf90420-a45e-48ce-b982-ff6e0a18d7ed{ip: 192.168.69.126, host: pr-hdds-1571-4wx6z-2437996338, networkLocation: /default-rack, certSerialId: null}
2019-09-03 09:40:13,174 | INFO  | SCMAudit | user=jenkins1000 | ip=192.168.69.126 | op=REGISTER {datanodeDetails=fbf90420-a45e-48ce-b982-ff6e0a18d7ed{ip: 192.168.69.126, host: pr-hdds-1571-4wx6z-2437996338, networkLocation: /default-rack, certSerialId: null}} | ret=SUCCESS |  
2019-09-03 09:40:13,180 [main] INFO  ozone.MiniOzoneClusterImpl (MiniOzoneClusterImpl.java:lambda$waitForClusterToBeReady$0(142)) - Cluster is ready. Got 7 of 7 DN Heartbeats.
2019-09-03 09:40:13,185 [grpc-default-executor-1] INFO  impl.RaftServerProxy (RaftServerProxy.java:addNew(89)) - fbf90420-a45e-48ce-b982-ff6e0a18d7ed: addNew group-E575BFD4F848:[fbf90420-a45e-48ce-b982-ff6e0a18d7ed:192.168.69.126:35390] returns group-E575BFD4F848:java.util.concurrent.CompletableFuture@257f1bcf[Not completed]
2019-09-03 09:40:13,187 [pool-192-thread-1] INFO  impl.RaftServerImpl (RaftServerImpl.java:<init>(93)) - fbf90420-a45e-48ce-b982-ff6e0a18d7ed: new RaftServerImpl for group-E575BFD4F848:[fbf90420-a45e-48ce-b982-ff6e0a18d7ed:192.168.69.126:35390] with ContainerStateMachine:uninitialized
2019-09-03 09:40:13,187 [pool-192-thread-1] INFO  server.RaftServerConfigKeys (ConfUtils.java:logGet(43)) - raft.server.rpc.timeout.min = 5s (custom)
2019-09-03 09:40:13,187 [pool-192-thread-1] INFO  server.RaftServerConfigKeys (ConfUtils.java:logGet(43)) - raft.server.rpc.timeout.max = 5200ms (custom)
2019-09-03 09:40:13,188 [pool-192-thread-1] INFO  server.RaftServerConfigKeys (ConfUtils.java:logGet(43)) - raft.server.rpcslowness.timeout = 120s (custom)
2019-09-03 09:40:13,188 [pool-192-thread-1] INFO  server.RaftServerConfigKeys (ConfUtils.java:logGet(43)) - raft.server.sleep.deviation.threshold = 300 (default)
2019-09-03 09:40:13,188 [pool-192-thread-1] INFO  server.RaftServerConfigKeys (ConfUtils.java:logGet(43)) - raft.server.log.appender.install.snapshot.enabled = false (custom)
2019-09-03 09:40:13,195 [pool-192-thread-1] INFO  impl.RaftServerImpl (ServerState.java:<init>(105)) - fbf90420-a45e-48ce-b982-ff6e0a18d7ed:group-E575BFD4F848 ConfigurationManager, init=-1: [fbf90420-a45e-48ce-b982-ff6e0a18d7ed:192.168.69.126:35390], old=null, confs=<EMPTY_MAP>
2019-09-03 09:40:13,195 [pool-192-thread-1] INFO  server.RaftServerConfigKeys (ConfUtils.java:logGet(43)) - raft.server.storage.dir = [/workdir/hadoop-ozone/integration-test/target/test-dir/MiniOzoneClusterImpl-6c7229d4-44ec-4a7a-8c6b-4592cedbafbd/datanode-6/data/ratis] (custom)
2019-09-03 09:40:13,196 [pool-192-thread-1] INFO  storage.RaftStorageDirectory (RaftStorageDirectory.java:analyzeStorage(246)) - The storage directory /workdir/hadoop-ozone/integration-test/target/test-dir/MiniOzoneClusterImpl-6c7229d4-44ec-4a7a-8c6b-4592cedbafbd/datanode-6/data/ratis/608a66cc-a049-405c-8517-e575bfd4f848 does not exist. Creating ...
2019-09-03 09:40:13,219 [pool-192-thread-1] INFO  storage.RaftStorageDirectory (RaftStorageDirectory.java:tryLock(328)) - Lock on /workdir/hadoop-ozone/integration-test/target/test-dir/MiniOzoneClusterImpl-6c7229d4-44ec-4a7a-8c6b-4592cedbafbd/datanode-6/data/ratis/608a66cc-a049-405c-8517-e575bfd4f848/in_use.lock acquired by nodename 3807@pr-hdds-1571-4wx6z-2437996338
2019-09-03 09:40:13,230 [main] INFO  rpc.RpcClient (RpcClient.java:createVolume(293)) - Creating Volume: testblockoutputstreamwithretries, with jenkins1000 as owner.
2019-09-03 09:40:13,233 | INFO  | OMAudit | user=jenkins1000 | ip=127.0.0.1 | op=CREATE_VOLUME {admin=jenkins1000, owner=jenkins1000, volume=testblockoutputstreamwithretries, creationTime=1567503613232, quotaInBytes=1152921504606846976} | ret=SUCCESS |  
2019-09-03 09:40:13,237 [pool-192-thread-1] INFO  storage.RaftStorage (RaftStorage.java:format(72)) - Storage directory /workdir/hadoop-ozone/integration-test/target/test-dir/MiniOzoneClusterImpl-6c7229d4-44ec-4a7a-8c6b-4592cedbafbd/datanode-6/data/ratis/608a66cc-a049-405c-8517-e575bfd4f848 has been successfully formatted.
2019-09-03 09:40:13,237 [pool-192-thread-1] INFO  ratis.ContainerStateMachine (ContainerStateMachine.java:loadSnapshot(226)) - group-E575BFD4F848: The snapshot info is null. Setting the last applied indexto:(t:0, i:~)
2019-09-03 09:40:13,237 [pool-192-thread-1] INFO  server.RaftServerConfigKeys (ConfUtils.java:logGet(43)) - raft.server.leader.election.timeout = 120s (custom)
2019-09-03 09:40:13,237 [pool-192-thread-1] INFO  server.RaftServerConfigKeys (ConfUtils.java:logGet(43)) - raft.server.log.use.memory = false (default)
2019-09-03 09:40:13,238 [pool-192-thread-1] INFO  server.RaftServerConfigKeys (ConfUtils.java:logGet(43)) - raft.server.log.purge.gap = 1000000 (custom)
2019-09-03 09:40:13,238 [pool-192-thread-1] INFO  server.RaftServerConfigKeys (ConfUtils.java:logGet(43)) - raft.server.log.appender.buffer.byte-limit = 33554432 (custom)
2019-09-03 09:40:13,243 [pool-192-thread-1] INFO  server.RaftServerConfigKeys (ConfUtils.java:logGet(43)) - raft.server.log.segment.size.max = 1048576 (custom)
2019-09-03 09:40:13,245 | INFO  | OMAudit | user=jenkins1000 | ip=127.0.0.1 | op=READ_VOLUME {volume=testblockoutputstreamwithretries} | ret=SUCCESS |  
2019-09-03 09:40:13,245 [pool-192-thread-1] INFO  server.RaftServerConfigKeys (ConfUtils.java:logGet(43)) - raft.server.log.segment.cache.num.max = 2 (custom)
2019-09-03 09:40:13,245 [pool-192-thread-1] INFO  segmented.SegmentedRaftLogWorker (SegmentedRaftLogWorker.java:<init>(172)) - new fbf90420-a45e-48ce-b982-ff6e0a18d7ed-SegmentedRaftLogWorker:Storage Directory /workdir/hadoop-ozone/integration-test/target/test-dir/MiniOzoneClusterImpl-6c7229d4-44ec-4a7a-8c6b-4592cedbafbd/datanode-6/data/ratis/608a66cc-a049-405c-8517-e575bfd4f848 for RaftStorage:Storage Directory /workdir/hadoop-ozone/integration-test/target/test-dir/MiniOzoneClusterImpl-6c7229d4-44ec-4a7a-8c6b-4592cedbafbd/datanode-6/data/ratis/608a66cc-a049-405c-8517-e575bfd4f848
2019-09-03 09:40:13,245 [pool-192-thread-1] INFO  server.RaftServerConfigKeys (ConfUtils.java:logGet(43)) - raft.server.log.queue.byte-limit = 2147483647 (custom)
2019-09-03 09:40:13,245 [pool-192-thread-1] INFO  server.RaftServerConfigKeys (ConfUtils.java:logGet(43)) - raft.server.log.queue.element-limit = 1024 (custom)
2019-09-03 09:40:13,246 [main] INFO  rpc.RpcClient (RpcClient.java:createBucket(432)) - Creating Bucket: testblockoutputstreamwithretries/testblockoutputstreamwithretries, with Versioning false and Storage Type set to DISK and Encryption set to false 
2019-09-03 09:40:13,246 [pool-192-thread-1] INFO  server.RaftServerConfigKeys (ConfUtils.java:logGet(43)) - raft.server.log.segment.size.max = 1048576 (custom)
2019-09-03 09:40:13,246 [pool-192-thread-1] INFO  server.RaftServerConfigKeys (ConfUtils.java:logGet(43)) - raft.server.log.preallocated.size = 16384 (custom)
2019-09-03 09:40:13,246 [pool-192-thread-1] INFO  server.RaftServerConfigKeys (ConfUtils.java:logGet(43)) - raft.server.log.write.buffer.size = 33554432 (custom)
2019-09-03 09:40:13,246 [pool-192-thread-1] INFO  server.RaftServerConfigKeys (ConfUtils.java:logGet(43)) - raft.server.log.force.sync.num = 128 (default)
2019-09-03 09:40:13,247 [pool-192-thread-1] INFO  server.RaftServerConfigKeys (ConfUtils.java:logGet(43)) - raft.server.log.statemachine.data.sync = true (default)
2019-09-03 09:40:13,247 [pool-192-thread-1] INFO  server.RaftServerConfigKeys (ConfUtils.java:logGet(43)) - raft.server.log.statemachine.data.sync.timeout = 10s (default)
2019-09-03 09:40:13,247 [pool-192-thread-1] INFO  server.RaftServerConfigKeys (ConfUtils.java:logGet(43)) - raft.server.log.statemachine.data.sync.timeout.retry = -1 (default)
2019-09-03 09:40:13,247 [pool-192-thread-1] INFO  server.RaftServerConfigKeys (ConfUtils.java:logGet(43)) - raft.server.log.statemachine.data.caching.enabled = true (custom)
2019-09-03 09:40:13,248 [pool-192-thread-1] INFO  segmented.SegmentedRaftLogWorker (SegmentedRaftLogWorker.java:lambda$new$0(132)) - fbf90420-a45e-48ce-b982-ff6e0a18d7ed-SegmentedRaftLogWorker:Storage Directory /workdir/hadoop-ozone/integration-test/target/test-dir/MiniOzoneClusterImpl-6c7229d4-44ec-4a7a-8c6b-4592cedbafbd/datanode-6/data/ratis/608a66cc-a049-405c-8517-e575bfd4f848: flushIndex: setUnconditionally 0 -> -1
2019-09-03 09:40:13,250 [pool-192-thread-1] INFO  server.RaftServerConfigKeys (ConfUtils.java:logGet(43)) - raft.server.snapshot.auto.trigger.enabled = true (custom)
2019-09-03 09:40:13,250 [pool-192-thread-1] INFO  server.RaftServerConfigKeys (ConfUtils.java:logGet(43)) - raft.server.snapshot.auto.trigger.threshold = 10000 (custom)
2019-09-03 09:40:13,250 [pool-192-thread-1] INFO  server.RaftServerConfigKeys (ConfUtils.java:logGet(43)) - raft.server.retrycache.expirytime = 600000ms (custom)
2019-09-03 09:40:13,250 | INFO  | OMAudit | user=jenkins1000 | ip=127.0.0.1 | op=CREATE_BUCKET {volume=testblockoutputstreamwithretries, bucket=testblockoutputstreamwithretries, acls=[user:jenkins1000:a[ACCESS], group:default:a[ACCESS]], isVersionEnabled=false, storageType=DISK, creationTime=0} | ret=SUCCESS |  
2019-09-03 09:40:13,250 [pool-192-thread-1] INFO  impl.RaftServerImpl (RaftServerImpl.java:start(180)) - fbf90420-a45e-48ce-b982-ff6e0a18d7ed: start group-E575BFD4F848
2019-09-03 09:40:13,250 [pool-192-thread-1] INFO  impl.RaftServerImpl (RaftServerImpl.java:setRole(171)) - fbf90420-a45e-48ce-b982-ff6e0a18d7ed:group-E575BFD4F848 changes role from null to FOLLOWER at term 0 for startAsFollower
2019-09-03 09:40:13,250 [pool-192-thread-1] INFO  impl.RoleInfo (RoleInfo.java:updateAndGet(143)) - fbf90420-a45e-48ce-b982-ff6e0a18d7ed: start FollowerState
2019-09-03 09:40:13,251 [pool-192-thread-1] INFO  util.JmxRegister (JmxRegister.java:tryRegister(44)) - Successfully registered JMX Bean with object name Ratis:service=RaftServer,group=group-E575BFD4F848,id=fbf90420-a45e-48ce-b982-ff6e0a18d7ed
2019-09-03 09:40:13,252 | INFO  | OMAudit | user=jenkins1000 | ip=127.0.0.1 | op=READ_VOLUME {volume=testblockoutputstreamwithretries} | ret=SUCCESS |  
2019-09-03 09:40:13,255 | INFO  | OMAudit | user=jenkins1000 | ip=127.0.0.1 | op=READ_BUCKET {volume=testblockoutputstreamwithretries, bucket=testblockoutputstreamwithretries} | ret=SUCCESS |  
2019-09-03 09:40:13,256 [RatisPipelineUtilsThread] INFO  pipeline.PipelineStateManager (PipelineStateManager.java:addPipeline(56)) - Created pipeline Pipeline[ Id: 608a66cc-a049-405c-8517-e575bfd4f848, Nodes: fbf90420-a45e-48ce-b982-ff6e0a18d7ed{ip: 192.168.69.126, host: pr-hdds-1571-4wx6z-2437996338, networkLocation: /default-rack, certSerialId: null}, Type:RATIS, Factor:ONE, State:OPEN]
2019-09-03 09:40:13,272 | INFO  | SCMAudit | user=jenkins1000 | ip=192.168.69.126 | op=ALLOCATE_BLOCK {owner=7673a487-a1f1-4a8c-b7da-1071a28ac3d1, size=800, type=RATIS, factor=THREE} | ret=SUCCESS |  
2019-09-03 09:40:13,275 | INFO  | OMAudit | user=jenkins1000 | ip=127.0.0.1 | op=ALLOCATE_KEY {volume=testblockoutputstreamwithretries, bucket=testblockoutputstreamwithretries, key=797107d1-099f-479f-8d79-98abaabc5359, dataSize=3200, replicationType=RATIS, replicationFactor=THREE, keyLocationInfo=null} | ret=SUCCESS |  
2019-09-03 09:40:13,291 [grpc-default-executor-1] INFO  client.GrpcClientProtocolClient (GrpcClientProtocolClient.java:onNext(255)) - client-411D9B923220->a24a5d44-532e-4ff6-8e9a-f2506e5c1784: receive RaftClientReply:client-411D9B923220->a24a5d44-532e-4ff6-8e9a-f2506e5c1784@group-A3ADB0FA2990, cid=45, FAILED org.apache.ratis.protocol.NotLeaderException: Server a24a5d44-532e-4ff6-8e9a-f2506e5c1784 is not the leader (null). Request must be sent to leader., logIndex=0, commits[a24a5d44-532e-4ff6-8e9a-f2506e5c1784:c-1]
2019-09-03 09:40:13,534 | INFO  | SCMAudit | user=jenkins1000 | ip=192.168.69.126 | op=SEND_HEARTBEAT {datanodeUUID=5f62d077-1cb0-4aa3-be9b-0f443f88c284, command=[]} | ret=SUCCESS |  
2019-09-03 09:40:13,735 | INFO  | SCMAudit | user=jenkins1000 | ip=192.168.69.126 | op=SEND_HEARTBEAT {datanodeUUID=f1e690fe-d9d6-4f9a-b28d-4fa21d7465dc, command=[]} | ret=SUCCESS |  
2019-09-03 09:40:13,989 | INFO  | SCMAudit | user=jenkins1000 | ip=192.168.69.126 | op=SEND_HEARTBEAT {datanodeUUID=30b1b43b-2ac1-4227-ba9d-0d794daadc3a, command=[]} | ret=SUCCESS |  
2019-09-03 09:40:14,249 | INFO  | SCMAudit | user=jenkins1000 | ip=192.168.69.126 | op=SEND_HEARTBEAT {datanodeUUID=54a7770c-e3e5-4c4a-b2d5-1e155816e439, command=[]} | ret=SUCCESS |  
2019-09-03 09:40:14,318 [grpc-default-executor-3] INFO  client.GrpcClientProtocolClient (GrpcClientProtocolClient.java:onNext(255)) - client-411D9B923220->dc57de79-aaca-47f1-971f-bd2f7461306f: receive RaftClientReply:client-411D9B923220->dc57de79-aaca-47f1-971f-bd2f7461306f@group-A3ADB0FA2990, cid=45, FAILED org.apache.ratis.protocol.NotLeaderException: Server dc57de79-aaca-47f1-971f-bd2f7461306f is not the leader (null). Request must be sent to leader., logIndex=0, commits[dc57de79-aaca-47f1-971f-bd2f7461306f:c-1]
2019-09-03 09:40:14,534 | INFO  | SCMAudit | user=jenkins1000 | ip=192.168.69.126 | op=SEND_HEARTBEAT {datanodeUUID=5f62d077-1cb0-4aa3-be9b-0f443f88c284, command=[]} | ret=SUCCESS |  
2019-09-03 09:40:14,547 [Thread-724] INFO  container.ReplicationManager (ReplicationManager.java:start(151)) - Starting Replication Monitor Thread.
2019-09-03 09:40:14,551 [ReplicationMonitor] INFO  container.ReplicationManager (ReplicationManager.java:run(214)) - Replication Monitor Thread took 1 milliseconds for processing 3 containers.
2019-09-03 09:40:14,715 | INFO  | SCMAudit | user=jenkins1000 | ip=192.168.69.126 | op=SEND_HEARTBEAT {datanodeUUID=dc57de79-aaca-47f1-971f-bd2f7461306f, command=[]} | ret=SUCCESS |  
2019-09-03 09:40:14,734 | INFO  | SCMAudit | user=jenkins1000 | ip=192.168.69.126 | op=SEND_HEARTBEAT {datanodeUUID=f1e690fe-d9d6-4f9a-b28d-4fa21d7465dc, command=[]} | ret=SUCCESS |  
2019-09-03 09:40:14,971 | INFO  | SCMAudit | user=jenkins1000 | ip=192.168.69.126 | op=SEND_HEARTBEAT {datanodeUUID=a24a5d44-532e-4ff6-8e9a-f2506e5c1784, command=[]} | ret=SUCCESS |  
2019-09-03 09:40:14,989 | INFO  | SCMAudit | user=jenkins1000 | ip=192.168.69.126 | op=SEND_HEARTBEAT {datanodeUUID=30b1b43b-2ac1-4227-ba9d-0d794daadc3a, command=[]} | ret=SUCCESS |  
2019-09-03 09:40:15,173 | INFO  | SCMAudit | user=jenkins1000 | ip=192.168.69.126 | op=SEND_HEARTBEAT {datanodeUUID=fbf90420-a45e-48ce-b982-ff6e0a18d7ed, command=[]} | ret=SUCCESS |  
2019-09-03 09:40:15,249 | INFO  | SCMAudit | user=jenkins1000 | ip=192.168.69.126 | op=SEND_HEARTBEAT {datanodeUUID=54a7770c-e3e5-4c4a-b2d5-1e155816e439, command=[]} | ret=SUCCESS |  
2019-09-03 09:40:15,339 [grpc-default-executor-3] INFO  client.GrpcClientProtocolClient (GrpcClientProtocolClient.java:onNext(255)) - client-411D9B923220->54a7770c-e3e5-4c4a-b2d5-1e155816e439: receive RaftClientReply:client-411D9B923220->54a7770c-e3e5-4c4a-b2d5-1e155816e439@group-A3ADB0FA2990, cid=45, FAILED org.apache.ratis.protocol.NotLeaderException: Server 54a7770c-e3e5-4c4a-b2d5-1e155816e439 is not the leader (null). Request must be sent to leader., logIndex=0, commits[54a7770c-e3e5-4c4a-b2d5-1e155816e439:c-1]
2019-09-03 09:40:15,533 | INFO  | SCMAudit | user=jenkins1000 | ip=192.168.69.126 | op=SEND_HEARTBEAT {datanodeUUID=5f62d077-1cb0-4aa3-be9b-0f443f88c284, command=[]} | ret=SUCCESS |  
2019-09-03 09:40:15,715 | INFO  | SCMAudit | user=jenkins1000 | ip=192.168.69.126 | op=SEND_HEARTBEAT {datanodeUUID=dc57de79-aaca-47f1-971f-bd2f7461306f, command=[]} | ret=SUCCESS |  
2019-09-03 09:40:15,735 | INFO  | SCMAudit | user=jenkins1000 | ip=192.168.69.126 | op=SEND_HEARTBEAT {datanodeUUID=f1e690fe-d9d6-4f9a-b28d-4fa21d7465dc, command=[]} | ret=SUCCESS |  
2019-09-03 09:40:15,971 | INFO  | SCMAudit | user=jenkins1000 | ip=192.168.69.126 | op=SEND_HEARTBEAT {datanodeUUID=a24a5d44-532e-4ff6-8e9a-f2506e5c1784, command=[]} | ret=SUCCESS |  
2019-09-03 09:40:15,989 | INFO  | SCMAudit | user=jenkins1000 | ip=192.168.69.126 | op=SEND_HEARTBEAT {datanodeUUID=30b1b43b-2ac1-4227-ba9d-0d794daadc3a, command=[]} | ret=SUCCESS |  
2019-09-03 09:40:16,174 | INFO  | SCMAudit | user=jenkins1000 | ip=192.168.69.126 | op=SEND_HEARTBEAT {datanodeUUID=fbf90420-a45e-48ce-b982-ff6e0a18d7ed, command=[]} | ret=SUCCESS |  
2019-09-03 09:40:16,249 | INFO  | SCMAudit | user=jenkins1000 | ip=192.168.69.126 | op=SEND_HEARTBEAT {datanodeUUID=54a7770c-e3e5-4c4a-b2d5-1e155816e439, command=[]} | ret=SUCCESS |  
2019-09-03 09:40:16,359 [grpc-default-executor-1] INFO  client.GrpcClientProtocolClient (GrpcClientProtocolClient.java:onNext(255)) - client-411D9B923220->dc57de79-aaca-47f1-971f-bd2f7461306f: receive RaftClientReply:client-411D9B923220->dc57de79-aaca-47f1-971f-bd2f7461306f@group-A3ADB0FA2990, cid=45, FAILED org.apache.ratis.protocol.NotLeaderException: Server dc57de79-aaca-47f1-971f-bd2f7461306f is not the leader (null). Request must be sent to leader., logIndex=0, commits[dc57de79-aaca-47f1-971f-bd2f7461306f:c-1]
2019-09-03 09:40:16,533 | INFO  | SCMAudit | user=jenkins1000 | ip=192.168.69.126 | op=SEND_HEARTBEAT {datanodeUUID=5f62d077-1cb0-4aa3-be9b-0f443f88c284, command=[]} | ret=SUCCESS |  
2019-09-03 09:40:16,618 [Thread-726] INFO  impl.FollowerState (FollowerState.java:run(106)) - 5f62d077-1cb0-4aa3-be9b-0f443f88c284:group-407C2B9AE355 changes to CANDIDATE, lastRpcTime:5000, electionTimeout:5000ms
2019-09-03 09:40:16,618 [Thread-726] INFO  impl.RoleInfo (RoleInfo.java:shutdownFollowerState(121)) - 5f62d077-1cb0-4aa3-be9b-0f443f88c284: shutdown FollowerState
2019-09-03 09:40:16,618 [Thread-726] INFO  impl.RaftServerImpl (RaftServerImpl.java:setRole(171)) - 5f62d077-1cb0-4aa3-be9b-0f443f88c284:group-407C2B9AE355 changes role from FOLLOWER to CANDIDATE at term 0 for changeToCandidate
2019-09-03 09:40:16,618 [Thread-726] INFO  impl.RoleInfo (RoleInfo.java:updateAndGet(143)) - 5f62d077-1cb0-4aa3-be9b-0f443f88c284: start LeaderElection
2019-09-03 09:40:16,664 [5f62d077-1cb0-4aa3-be9b-0f443f88c284:group-407C2B9AE355:LeaderElection15] INFO  impl.LeaderElection (LeaderElection.java:askForVotes(181)) - 5f62d077-1cb0-4aa3-be9b-0f443f88c284:group-407C2B9AE355:LeaderElection15: begin an election at term 1 for -1: [5f62d077-1cb0-4aa3-be9b-0f443f88c284:192.168.69.126:43193], old=null
2019-09-03 09:40:16,664 [5f62d077-1cb0-4aa3-be9b-0f443f88c284:group-407C2B9AE355:LeaderElection15] INFO  impl.RoleInfo (RoleInfo.java:shutdownLeaderElection(134)) - 5f62d077-1cb0-4aa3-be9b-0f443f88c284: shutdown LeaderElection
2019-09-03 09:40:16,664 [5f62d077-1cb0-4aa3-be9b-0f443f88c284:group-407C2B9AE355:LeaderElection15] INFO  impl.RaftServerImpl (RaftServerImpl.java:setRole(171)) - 5f62d077-1cb0-4aa3-be9b-0f443f88c284:group-407C2B9AE355 changes role from CANDIDATE to LEADER at term 1 for changeToLeader
2019-09-03 09:40:16,664 [5f62d077-1cb0-4aa3-be9b-0f443f88c284:group-407C2B9AE355:LeaderElection15] INFO  impl.RaftServerImpl (ServerState.java:setLeader(263)) - 5f62d077-1cb0-4aa3-be9b-0f443f88c284:group-407C2B9AE355 change Leader from null to 5f62d077-1cb0-4aa3-be9b-0f443f88c284 at term 1 for becomeLeader, leader elected after 5053ms
2019-09-03 09:40:16,665 [5f62d077-1cb0-4aa3-be9b-0f443f88c284:group-407C2B9AE355:LeaderElection15] INFO  server.RaftServerConfigKeys (ConfUtils.java:logGet(43)) - raft.server.staging.catchup.gap = 1000 (default)
2019-09-03 09:40:16,665 [5f62d077-1cb0-4aa3-be9b-0f443f88c284:group-407C2B9AE355:LeaderElection15] INFO  server.RaftServerConfigKeys (ConfUtils.java:logGet(43)) - raft.server.rpc.sleep.time = 25ms (default)
2019-09-03 09:40:16,665 [5f62d077-1cb0-4aa3-be9b-0f443f88c284:group-407C2B9AE355:LeaderElection15] INFO  server.RaftServerConfigKeys (ConfUtils.java:logGet(43)) - raft.server.write.element-limit = 4096 (default)
2019-09-03 09:40:16,666 [5f62d077-1cb0-4aa3-be9b-0f443f88c284:group-407C2B9AE355:LeaderElection15] INFO  server.RaftServerConfigKeys (ConfUtils.java:logGet(43)) - raft.server.watch.timeout = 10s (default)
2019-09-03 09:40:16,666 [5f62d077-1cb0-4aa3-be9b-0f443f88c284:group-407C2B9AE355:LeaderElection15] INFO  server.RaftServerConfigKeys (ConfUtils.java:logGet(43)) - raft.server.watch.timeout.denomination = 1s (default)
2019-09-03 09:40:16,666 [5f62d077-1cb0-4aa3-be9b-0f443f88c284:group-407C2B9AE355:LeaderElection15] INFO  server.RaftServerConfigKeys (ConfUtils.java:logGet(43)) - raft.server.watch.element-limit = 65536 (default)
2019-09-03 09:40:16,666 [5f62d077-1cb0-4aa3-be9b-0f443f88c284:group-407C2B9AE355:LeaderElection15] INFO  impl.RoleInfo (RoleInfo.java:updateAndGet(143)) - 5f62d077-1cb0-4aa3-be9b-0f443f88c284: start LeaderState
2019-09-03 09:40:16,667 [5f62d077-1cb0-4aa3-be9b-0f443f88c284:group-407C2B9AE355:LeaderElection15] INFO  segmented.SegmentedRaftLogWorker (SegmentedRaftLogWorker.java:startLogSegment(380)) - 5f62d077-1cb0-4aa3-be9b-0f443f88c284-SegmentedRaftLogWorker:Storage Directory /workdir/hadoop-ozone/integration-test/target/test-dir/MiniOzoneClusterImpl-6c7229d4-44ec-4a7a-8c6b-4592cedbafbd/datanode-0/data/ratis/fbb1d1f4-a5a9-48b0-b599-407c2b9ae355: Starting segment from index:0
2019-09-03 09:40:16,668 [5f62d077-1cb0-4aa3-be9b-0f443f88c284:group-407C2B9AE355:LeaderElection15] INFO  impl.RaftServerImpl (ServerState.java:setRaftConf(361)) - 5f62d077-1cb0-4aa3-be9b-0f443f88c284:group-407C2B9AE355 set configuration 0: [5f62d077-1cb0-4aa3-be9b-0f443f88c284:192.168.69.126:43193], old=null at 0
2019-09-03 09:40:16,715 | INFO  | SCMAudit | user=jenkins1000 | ip=192.168.69.126 | op=SEND_HEARTBEAT {datanodeUUID=dc57de79-aaca-47f1-971f-bd2f7461306f, command=[]} | ret=SUCCESS |  
2019-09-03 09:40:16,728 [5f62d077-1cb0-4aa3-be9b-0f443f88c284-SegmentedRaftLogWorker:Storage Directory /workdir/hadoop-ozone/integration-test/target/test-dir/MiniOzoneClusterImpl-6c7229d4-44ec-4a7a-8c6b-4592cedbafbd/datanode-0/data/ratis/fbb1d1f4-a5a9-48b0-b599-407c2b9ae355] INFO  segmented.SegmentedRaftLogWorker (SegmentedRaftLogWorker.java:execute(569)) - 5f62d077-1cb0-4aa3-be9b-0f443f88c284-SegmentedRaftLogWorker:Storage Directory /workdir/hadoop-ozone/integration-test/target/test-dir/MiniOzoneClusterImpl-6c7229d4-44ec-4a7a-8c6b-4592cedbafbd/datanode-0/data/ratis/fbb1d1f4-a5a9-48b0-b599-407c2b9ae355: created new log segment /workdir/hadoop-ozone/integration-test/target/test-dir/MiniOzoneClusterImpl-6c7229d4-44ec-4a7a-8c6b-4592cedbafbd/datanode-0/data/ratis/fbb1d1f4-a5a9-48b0-b599-407c2b9ae355/current/log_inprogress_0
2019-09-03 09:40:16,735 | INFO  | SCMAudit | user=jenkins1000 | ip=192.168.69.126 | op=SEND_HEARTBEAT {datanodeUUID=f1e690fe-d9d6-4f9a-b28d-4fa21d7465dc, command=[]} | ret=SUCCESS |  
2019-09-03 09:40:16,839 [Thread-729] INFO  impl.FollowerState (FollowerState.java:run(106)) - f1e690fe-d9d6-4f9a-b28d-4fa21d7465dc:group-53CBB38386A2 changes to CANDIDATE, lastRpcTime:5023, electionTimeout:5023ms
2019-09-03 09:40:16,840 [Thread-729] INFO  impl.RoleInfo (RoleInfo.java:shutdownFollowerState(121)) - f1e690fe-d9d6-4f9a-b28d-4fa21d7465dc: shutdown FollowerState
2019-09-03 09:40:16,840 [Thread-729] INFO  impl.RaftServerImpl (RaftServerImpl.java:setRole(171)) - f1e690fe-d9d6-4f9a-b28d-4fa21d7465dc:group-53CBB38386A2 changes role from FOLLOWER to CANDIDATE at term 0 for changeToCandidate
2019-09-03 09:40:16,840 [Thread-729] INFO  impl.RoleInfo (RoleInfo.java:updateAndGet(143)) - f1e690fe-d9d6-4f9a-b28d-4fa21d7465dc: start LeaderElection
2019-09-03 09:40:16,870 [f1e690fe-d9d6-4f9a-b28d-4fa21d7465dc:group-53CBB38386A2:LeaderElection16] INFO  impl.LeaderElection (LeaderElection.java:askForVotes(181)) - f1e690fe-d9d6-4f9a-b28d-4fa21d7465dc:group-53CBB38386A2:LeaderElection16: begin an election at term 1 for -1: [f1e690fe-d9d6-4f9a-b28d-4fa21d7465dc:192.168.69.126:42648], old=null
2019-09-03 09:40:16,870 [f1e690fe-d9d6-4f9a-b28d-4fa21d7465dc:group-53CBB38386A2:LeaderElection16] INFO  impl.RoleInfo (RoleInfo.java:shutdownLeaderElection(134)) - f1e690fe-d9d6-4f9a-b28d-4fa21d7465dc: shutdown LeaderElection
2019-09-03 09:40:16,870 [f1e690fe-d9d6-4f9a-b28d-4fa21d7465dc:group-53CBB38386A2:LeaderElection16] INFO  impl.RaftServerImpl (RaftServerImpl.java:setRole(171)) - f1e690fe-d9d6-4f9a-b28d-4fa21d7465dc:group-53CBB38386A2 changes role from CANDIDATE to LEADER at term 1 for changeToLeader
2019-09-03 09:40:16,870 [f1e690fe-d9d6-4f9a-b28d-4fa21d7465dc:group-53CBB38386A2:LeaderElection16] INFO  impl.RaftServerImpl (ServerState.java:setLeader(263)) - f1e690fe-d9d6-4f9a-b28d-4fa21d7465dc:group-53CBB38386A2 change Leader from null to f1e690fe-d9d6-4f9a-b28d-4fa21d7465dc at term 1 for becomeLeader, leader elected after 5059ms
2019-09-03 09:40:16,870 [f1e690fe-d9d6-4f9a-b28d-4fa21d7465dc:group-53CBB38386A2:LeaderElection16] INFO  server.RaftServerConfigKeys (ConfUtils.java:logGet(43)) - raft.server.staging.catchup.gap = 1000 (default)
2019-09-03 09:40:16,870 [f1e690fe-d9d6-4f9a-b28d-4fa21d7465dc:group-53CBB38386A2:LeaderElection16] INFO  server.RaftServerConfigKeys (ConfUtils.java:logGet(43)) - raft.server.rpc.sleep.time = 25ms (default)
2019-09-03 09:40:16,871 [f1e690fe-d9d6-4f9a-b28d-4fa21d7465dc:group-53CBB38386A2:LeaderElection16] INFO  server.RaftServerConfigKeys (ConfUtils.java:logGet(43)) - raft.server.write.element-limit = 4096 (default)
2019-09-03 09:40:16,871 [f1e690fe-d9d6-4f9a-b28d-4fa21d7465dc:group-53CBB38386A2:LeaderElection16] INFO  server.RaftServerConfigKeys (ConfUtils.java:logGet(43)) - raft.server.watch.timeout = 10s (default)
2019-09-03 09:40:16,871 [f1e690fe-d9d6-4f9a-b28d-4fa21d7465dc:group-53CBB38386A2:LeaderElection16] INFO  server.RaftServerConfigKeys (ConfUtils.java:logGet(43)) - raft.server.watch.timeout.denomination = 1s (default)
2019-09-03 09:40:16,871 [f1e690fe-d9d6-4f9a-b28d-4fa21d7465dc:group-53CBB38386A2:LeaderElection16] INFO  server.RaftServerConfigKeys (ConfUtils.java:logGet(43)) - raft.server.watch.element-limit = 65536 (default)
2019-09-03 09:40:16,871 [f1e690fe-d9d6-4f9a-b28d-4fa21d7465dc:group-53CBB38386A2:LeaderElection16] INFO  impl.RoleInfo (RoleInfo.java:updateAndGet(143)) - f1e690fe-d9d6-4f9a-b28d-4fa21d7465dc: start LeaderState
2019-09-03 09:40:16,871 [f1e690fe-d9d6-4f9a-b28d-4fa21d7465dc:group-53CBB38386A2:LeaderElection16] INFO  segmented.SegmentedRaftLogWorker (SegmentedRaftLogWorker.java:startLogSegment(380)) - f1e690fe-d9d6-4f9a-b28d-4fa21d7465dc-SegmentedRaftLogWorker:Storage Directory /workdir/hadoop-ozone/integration-test/target/test-dir/MiniOzoneClusterImpl-6c7229d4-44ec-4a7a-8c6b-4592cedbafbd/datanode-1/data/ratis/69e2ed3a-01a5-44c8-9202-53cbb38386a2: Starting segment from index:0
2019-09-03 09:40:16,872 [f1e690fe-d9d6-4f9a-b28d-4fa21d7465dc:group-53CBB38386A2:LeaderElection16] INFO  impl.RaftServerImpl (ServerState.java:setRaftConf(361)) - f1e690fe-d9d6-4f9a-b28d-4fa21d7465dc:group-53CBB38386A2 set configuration 0: [f1e690fe-d9d6-4f9a-b28d-4fa21d7465dc:192.168.69.126:42648], old=null at 0
2019-09-03 09:40:16,920 [f1e690fe-d9d6-4f9a-b28d-4fa21d7465dc-SegmentedRaftLogWorker:Storage Directory /workdir/hadoop-ozone/integration-test/target/test-dir/MiniOzoneClusterImpl-6c7229d4-44ec-4a7a-8c6b-4592cedbafbd/datanode-1/data/ratis/69e2ed3a-01a5-44c8-9202-53cbb38386a2] INFO  segmented.SegmentedRaftLogWorker (SegmentedRaftLogWorker.java:execute(569)) - f1e690fe-d9d6-4f9a-b28d-4fa21d7465dc-SegmentedRaftLogWorker:Storage Directory /workdir/hadoop-ozone/integration-test/target/test-dir/MiniOzoneClusterImpl-6c7229d4-44ec-4a7a-8c6b-4592cedbafbd/datanode-1/data/ratis/69e2ed3a-01a5-44c8-9202-53cbb38386a2: created new log segment /workdir/hadoop-ozone/integration-test/target/test-dir/MiniOzoneClusterImpl-6c7229d4-44ec-4a7a-8c6b-4592cedbafbd/datanode-1/data/ratis/69e2ed3a-01a5-44c8-9202-53cbb38386a2/current/log_inprogress_0
2019-09-03 09:40:16,971 | INFO  | SCMAudit | user=jenkins1000 | ip=192.168.69.126 | op=SEND_HEARTBEAT {datanodeUUID=a24a5d44-532e-4ff6-8e9a-f2506e5c1784, command=[]} | ret=SUCCESS |  
2019-09-03 09:40:16,988 | INFO  | SCMAudit | user=jenkins1000 | ip=192.168.69.126 | op=SEND_HEARTBEAT {datanodeUUID=30b1b43b-2ac1-4227-ba9d-0d794daadc3a, command=[]} | ret=SUCCESS |  
2019-09-03 09:40:17,124 [Thread-732] INFO  impl.FollowerState (FollowerState.java:run(106)) - 30b1b43b-2ac1-4227-ba9d-0d794daadc3a:group-584E22C08759 changes to CANDIDATE, lastRpcTime:5067, electionTimeout:5067ms
2019-09-03 09:40:17,125 [Thread-732] INFO  impl.RoleInfo (RoleInfo.java:shutdownFollowerState(121)) - 30b1b43b-2ac1-4227-ba9d-0d794daadc3a: shutdown FollowerState
2019-09-03 09:40:17,125 [Thread-732] INFO  impl.RaftServerImpl (RaftServerImpl.java:setRole(171)) - 30b1b43b-2ac1-4227-ba9d-0d794daadc3a:group-584E22C08759 changes role from FOLLOWER to CANDIDATE at term 0 for changeToCandidate
2019-09-03 09:40:17,125 [Thread-732] INFO  impl.RoleInfo (RoleInfo.java:updateAndGet(143)) - 30b1b43b-2ac1-4227-ba9d-0d794daadc3a: start LeaderElection
2019-09-03 09:40:17,144 [30b1b43b-2ac1-4227-ba9d-0d794daadc3a:group-584E22C08759:LeaderElection17] INFO  impl.LeaderElection (LeaderElection.java:askForVotes(181)) - 30b1b43b-2ac1-4227-ba9d-0d794daadc3a:group-584E22C08759:LeaderElection17: begin an election at term 1 for -1: [30b1b43b-2ac1-4227-ba9d-0d794daadc3a:192.168.69.126:44438], old=null
2019-09-03 09:40:17,144 [30b1b43b-2ac1-4227-ba9d-0d794daadc3a:group-584E22C08759:LeaderElection17] INFO  impl.RoleInfo (RoleInfo.java:shutdownLeaderElection(134)) - 30b1b43b-2ac1-4227-ba9d-0d794daadc3a: shutdown LeaderElection
2019-09-03 09:40:17,144 [30b1b43b-2ac1-4227-ba9d-0d794daadc3a:group-584E22C08759:LeaderElection17] INFO  impl.RaftServerImpl (RaftServerImpl.java:setRole(171)) - 30b1b43b-2ac1-4227-ba9d-0d794daadc3a:group-584E22C08759 changes role from CANDIDATE to LEADER at term 1 for changeToLeader
2019-09-03 09:40:17,145 [30b1b43b-2ac1-4227-ba9d-0d794daadc3a:group-584E22C08759:LeaderElection17] INFO  impl.RaftServerImpl (ServerState.java:setLeader(263)) - 30b1b43b-2ac1-4227-ba9d-0d794daadc3a:group-584E22C08759 change Leader from null to 30b1b43b-2ac1-4227-ba9d-0d794daadc3a at term 1 for becomeLeader, leader elected after 5094ms
2019-09-03 09:40:17,145 [30b1b43b-2ac1-4227-ba9d-0d794daadc3a:group-584E22C08759:LeaderElection17] INFO  server.RaftServerConfigKeys (ConfUtils.java:logGet(43)) - raft.server.staging.catchup.gap = 1000 (default)
2019-09-03 09:40:17,145 [30b1b43b-2ac1-4227-ba9d-0d794daadc3a:group-584E22C08759:LeaderElection17] INFO  server.RaftServerConfigKeys (ConfUtils.java:logGet(43)) - raft.server.rpc.sleep.time = 25ms (default)
2019-09-03 09:40:17,145 [30b1b43b-2ac1-4227-ba9d-0d794daadc3a:group-584E22C08759:LeaderElection17] INFO  server.RaftServerConfigKeys (ConfUtils.java:logGet(43)) - raft.server.write.element-limit = 4096 (default)
2019-09-03 09:40:17,145 [30b1b43b-2ac1-4227-ba9d-0d794daadc3a:group-584E22C08759:LeaderElection17] INFO  server.RaftServerConfigKeys (ConfUtils.java:logGet(43)) - raft.server.watch.timeout = 10s (default)
2019-09-03 09:40:17,146 [30b1b43b-2ac1-4227-ba9d-0d794daadc3a:group-584E22C08759:LeaderElection17] INFO  server.RaftServerConfigKeys (ConfUtils.java:logGet(43)) - raft.server.watch.timeout.denomination = 1s (default)
2019-09-03 09:40:17,146 [30b1b43b-2ac1-4227-ba9d-0d794daadc3a:group-584E22C08759:LeaderElection17] INFO  server.RaftServerConfigKeys (ConfUtils.java:logGet(43)) - raft.server.watch.element-limit = 65536 (default)
2019-09-03 09:40:17,146 [30b1b43b-2ac1-4227-ba9d-0d794daadc3a:group-584E22C08759:LeaderElection17] INFO  impl.RoleInfo (RoleInfo.java:updateAndGet(143)) - 30b1b43b-2ac1-4227-ba9d-0d794daadc3a: start LeaderState
2019-09-03 09:40:17,146 [30b1b43b-2ac1-4227-ba9d-0d794daadc3a:group-584E22C08759:LeaderElection17] INFO  segmented.SegmentedRaftLogWorker (SegmentedRaftLogWorker.java:startLogSegment(380)) - 30b1b43b-2ac1-4227-ba9d-0d794daadc3a-SegmentedRaftLogWorker:Storage Directory /workdir/hadoop-ozone/integration-test/target/test-dir/MiniOzoneClusterImpl-6c7229d4-44ec-4a7a-8c6b-4592cedbafbd/datanode-2/data/ratis/720c5b55-8746-43c2-a9b1-584e22c08759: Starting segment from index:0
2019-09-03 09:40:17,147 [30b1b43b-2ac1-4227-ba9d-0d794daadc3a:group-584E22C08759:LeaderElection17] INFO  impl.RaftServerImpl (ServerState.java:setRaftConf(361)) - 30b1b43b-2ac1-4227-ba9d-0d794daadc3a:group-584E22C08759 set configuration 0: [30b1b43b-2ac1-4227-ba9d-0d794daadc3a:192.168.69.126:44438], old=null at 0
2019-09-03 09:40:17,187 [Thread-735] INFO  impl.FollowerState (FollowerState.java:run(106)) - 30b1b43b-2ac1-4227-ba9d-0d794daadc3a:group-4F2D5274CA82 changes to CANDIDATE, lastRpcTime:5055, electionTimeout:5046ms
2019-09-03 09:40:17,187 [Thread-735] INFO  impl.RoleInfo (RoleInfo.java:shutdownFollowerState(121)) - 30b1b43b-2ac1-4227-ba9d-0d794daadc3a: shutdown FollowerState
2019-09-03 09:40:17,187 [Thread-735] INFO  impl.RaftServerImpl (RaftServerImpl.java:setRole(171)) - 30b1b43b-2ac1-4227-ba9d-0d794daadc3a:group-4F2D5274CA82 changes role from FOLLOWER to CANDIDATE at term 0 for changeToCandidate
2019-09-03 09:40:17,187 [Thread-735] INFO  impl.RoleInfo (RoleInfo.java:updateAndGet(143)) - 30b1b43b-2ac1-4227-ba9d-0d794daadc3a: start LeaderElection
2019-09-03 09:40:17,200 | INFO  | SCMAudit | user=jenkins1000 | ip=192.168.69.126 | op=SEND_HEARTBEAT {datanodeUUID=fbf90420-a45e-48ce-b982-ff6e0a18d7ed, command=[]} | ret=SUCCESS |  
2019-09-03 09:40:17,210 [30b1b43b-2ac1-4227-ba9d-0d794daadc3a-SegmentedRaftLogWorker:Storage Directory /workdir/hadoop-ozone/integration-test/target/test-dir/MiniOzoneClusterImpl-6c7229d4-44ec-4a7a-8c6b-4592cedbafbd/datanode-2/data/ratis/720c5b55-8746-43c2-a9b1-584e22c08759] INFO  segmented.SegmentedRaftLogWorker (SegmentedRaftLogWorker.java:execute(569)) - 30b1b43b-2ac1-4227-ba9d-0d794daadc3a-SegmentedRaftLogWorker:Storage Directory /workdir/hadoop-ozone/integration-test/target/test-dir/MiniOzoneClusterImpl-6c7229d4-44ec-4a7a-8c6b-4592cedbafbd/datanode-2/data/ratis/720c5b55-8746-43c2-a9b1-584e22c08759: created new log segment /workdir/hadoop-ozone/integration-test/target/test-dir/MiniOzoneClusterImpl-6c7229d4-44ec-4a7a-8c6b-4592cedbafbd/datanode-2/data/ratis/720c5b55-8746-43c2-a9b1-584e22c08759/current/log_inprogress_0
2019-09-03 09:40:17,217 [Thread-740] INFO  impl.FollowerState (FollowerState.java:run(106)) - 5f62d077-1cb0-4aa3-be9b-0f443f88c284:group-4F2D5274CA82 changes to CANDIDATE, lastRpcTime:5051, electionTimeout:5051ms
2019-09-03 09:40:17,217 [Thread-740] INFO  impl.RoleInfo (RoleInfo.java:shutdownFollowerState(121)) - 5f62d077-1cb0-4aa3-be9b-0f443f88c284: shutdown FollowerState
2019-09-03 09:40:17,217 [Thread-740] INFO  impl.RaftServerImpl (RaftServerImpl.java:setRole(171)) - 5f62d077-1cb0-4aa3-be9b-0f443f88c284:group-4F2D5274CA82 changes role from FOLLOWER to CANDIDATE at term 0 for changeToCandidate
2019-09-03 09:40:17,218 [Thread-740] INFO  impl.RoleInfo (RoleInfo.java:updateAndGet(143)) - 5f62d077-1cb0-4aa3-be9b-0f443f88c284: start LeaderElection
2019-09-03 09:40:17,224 [30b1b43b-2ac1-4227-ba9d-0d794daadc3a:group-4F2D5274CA82:LeaderElection18] INFO  impl.LeaderElection (LeaderElection.java:askForVotes(181)) - 30b1b43b-2ac1-4227-ba9d-0d794daadc3a:group-4F2D5274CA82:LeaderElection18: begin an election at term 1 for -1: [f1e690fe-d9d6-4f9a-b28d-4fa21d7465dc:192.168.69.126:42648, 5f62d077-1cb0-4aa3-be9b-0f443f88c284:192.168.69.126:43193, 30b1b43b-2ac1-4227-ba9d-0d794daadc3a:192.168.69.126:44438], old=null
2019-09-03 09:40:17,232 [grpc-default-executor-3] INFO  impl.RaftServerImpl (RaftServerImpl.java:setRole(171)) - f1e690fe-d9d6-4f9a-b28d-4fa21d7465dc:group-4F2D5274CA82 changes role from FOLLOWER to FOLLOWER at term 1 for recognizeCandidate:30b1b43b-2ac1-4227-ba9d-0d794daadc3a
2019-09-03 09:40:17,233 [grpc-default-executor-3] INFO  impl.RoleInfo (RoleInfo.java:shutdownFollowerState(121)) - f1e690fe-d9d6-4f9a-b28d-4fa21d7465dc: shutdown FollowerState
2019-09-03 09:40:17,233 [grpc-default-executor-3] INFO  impl.RoleInfo (RoleInfo.java:updateAndGet(143)) - f1e690fe-d9d6-4f9a-b28d-4fa21d7465dc: start FollowerState
2019-09-03 09:40:17,233 [Thread-739] INFO  impl.FollowerState (FollowerState.java:run(114)) - f1e690fe-d9d6-4f9a-b28d-4fa21d7465dc: FollowerState was interrupted: java.lang.InterruptedException: sleep interrupted
2019-09-03 09:40:17,249 | INFO  | SCMAudit | user=jenkins1000 | ip=192.168.69.126 | op=SEND_HEARTBEAT {datanodeUUID=54a7770c-e3e5-4c4a-b2d5-1e155816e439, command=[]} | ret=SUCCESS |  
2019-09-03 09:40:17,256 [5f62d077-1cb0-4aa3-be9b-0f443f88c284:group-4F2D5274CA82:LeaderElection19] INFO  impl.LeaderElection (LeaderElection.java:askForVotes(181)) - 5f62d077-1cb0-4aa3-be9b-0f443f88c284:group-4F2D5274CA82:LeaderElection19: begin an election at term 1 for -1: [f1e690fe-d9d6-4f9a-b28d-4fa21d7465dc:192.168.69.126:42648, 5f62d077-1cb0-4aa3-be9b-0f443f88c284:192.168.69.126:43193, 30b1b43b-2ac1-4227-ba9d-0d794daadc3a:192.168.69.126:44438], old=null
2019-09-03 09:40:17,276 [5f62d077-1cb0-4aa3-be9b-0f443f88c284:group-4F2D5274CA82:LeaderElection19] INFO  impl.LeaderElection (LeaderElection.java:logAndReturn(56)) - 5f62d077-1cb0-4aa3-be9b-0f443f88c284:group-4F2D5274CA82:LeaderElection19: Election REJECTED; received 2 response(s) [5f62d077-1cb0-4aa3-be9b-0f443f88c284<-f1e690fe-d9d6-4f9a-b28d-4fa21d7465dc#0:FAIL-t1, 5f62d077-1cb0-4aa3-be9b-0f443f88c284<-30b1b43b-2ac1-4227-ba9d-0d794daadc3a#0:FAIL-t1] and 0 exception(s); 5f62d077-1cb0-4aa3-be9b-0f443f88c284:t1, leader=null, voted=5f62d077-1cb0-4aa3-be9b-0f443f88c284, raftlog=5f62d077-1cb0-4aa3-be9b-0f443f88c284-SegmentedRaftLog:OPENED:c-1,f-1,i0, conf=-1: [f1e690fe-d9d6-4f9a-b28d-4fa21d7465dc:192.168.69.126:42648, 5f62d077-1cb0-4aa3-be9b-0f443f88c284:192.168.69.126:43193, 30b1b43b-2ac1-4227-ba9d-0d794daadc3a:192.168.69.126:44438], old=null
2019-09-03 09:40:17,276 [30b1b43b-2ac1-4227-ba9d-0d794daadc3a:group-4F2D5274CA82:LeaderElection18] INFO  impl.LeaderElection (LeaderElection.java:logAndReturn(56)) - 30b1b43b-2ac1-4227-ba9d-0d794daadc3a:group-4F2D5274CA82:LeaderElection18: Election PASSED; received 2 response(s) [30b1b43b-2ac1-4227-ba9d-0d794daadc3a<-f1e690fe-d9d6-4f9a-b28d-4fa21d7465dc#0:OK-t1, 30b1b43b-2ac1-4227-ba9d-0d794daadc3a<-5f62d077-1cb0-4aa3-be9b-0f443f88c284#0:FAIL-t1] and 0 exception(s); 30b1b43b-2ac1-4227-ba9d-0d794daadc3a:t1, leader=null, voted=30b1b43b-2ac1-4227-ba9d-0d794daadc3a, raftlog=30b1b43b-2ac1-4227-ba9d-0d794daadc3a-SegmentedRaftLog:OPENED:c-1,f-1,i0, conf=-1: [f1e690fe-d9d6-4f9a-b28d-4fa21d7465dc:192.168.69.126:42648, 5f62d077-1cb0-4aa3-be9b-0f443f88c284:192.168.69.126:43193, 30b1b43b-2ac1-4227-ba9d-0d794daadc3a:192.168.69.126:44438], old=null
2019-09-03 09:40:17,277 [5f62d077-1cb0-4aa3-be9b-0f443f88c284:group-4F2D5274CA82:LeaderElection19] INFO  impl.RaftServerImpl (RaftServerImpl.java:setRole(171)) - 5f62d077-1cb0-4aa3-be9b-0f443f88c284:group-4F2D5274CA82 changes role from CANDIDATE to FOLLOWER at term 1 for DISCOVERED_A_NEW_TERM
2019-09-03 09:40:17,277 [30b1b43b-2ac1-4227-ba9d-0d794daadc3a:group-4F2D5274CA82:LeaderElection18] INFO  impl.RoleInfo (RoleInfo.java:shutdownLeaderElection(134)) - 30b1b43b-2ac1-4227-ba9d-0d794daadc3a: shutdown LeaderElection
2019-09-03 09:40:17,277 [5f62d077-1cb0-4aa3-be9b-0f443f88c284:group-4F2D5274CA82:LeaderElection19] INFO  impl.RoleInfo (RoleInfo.java:shutdownLeaderElection(134)) - 5f62d077-1cb0-4aa3-be9b-0f443f88c284: shutdown LeaderElection
2019-09-03 09:40:17,277 [30b1b43b-2ac1-4227-ba9d-0d794daadc3a:group-4F2D5274CA82:LeaderElection18] INFO  impl.RaftServerImpl (RaftServerImpl.java:setRole(171)) - 30b1b43b-2ac1-4227-ba9d-0d794daadc3a:group-4F2D5274CA82 changes role from CANDIDATE to LEADER at term 1 for changeToLeader
2019-09-03 09:40:17,277 [5f62d077-1cb0-4aa3-be9b-0f443f88c284:group-4F2D5274CA82:LeaderElection19] INFO  impl.RoleInfo (RoleInfo.java:updateAndGet(143)) - 5f62d077-1cb0-4aa3-be9b-0f443f88c284: start FollowerState
2019-09-03 09:40:17,277 [30b1b43b-2ac1-4227-ba9d-0d794daadc3a:group-4F2D5274CA82:LeaderElection18] INFO  impl.RaftServerImpl (ServerState.java:setLeader(263)) - 30b1b43b-2ac1-4227-ba9d-0d794daadc3a:group-4F2D5274CA82 change Leader from null to 30b1b43b-2ac1-4227-ba9d-0d794daadc3a at term 1 for becomeLeader, leader elected after 5154ms
2019-09-03 09:40:17,278 [30b1b43b-2ac1-4227-ba9d-0d794daadc3a:group-4F2D5274CA82:LeaderElection18] INFO  server.RaftServerConfigKeys (ConfUtils.java:logGet(43)) - raft.server.staging.catchup.gap = 1000 (default)
2019-09-03 09:40:17,278 [30b1b43b-2ac1-4227-ba9d-0d794daadc3a:group-4F2D5274CA82:LeaderElection18] INFO  server.RaftServerConfigKeys (ConfUtils.java:logGet(43)) - raft.server.rpc.sleep.time = 25ms (default)
2019-09-03 09:40:17,278 [30b1b43b-2ac1-4227-ba9d-0d794daadc3a:group-4F2D5274CA82:LeaderElection18] INFO  server.RaftServerConfigKeys (ConfUtils.java:logGet(43)) - raft.server.write.element-limit = 4096 (default)
2019-09-03 09:40:17,279 [30b1b43b-2ac1-4227-ba9d-0d794daadc3a:group-4F2D5274CA82:LeaderElection18] INFO  server.RaftServerConfigKeys (ConfUtils.java:logGet(43)) - raft.server.watch.timeout = 10s (default)
2019-09-03 09:40:17,279 [30b1b43b-2ac1-4227-ba9d-0d794daadc3a:group-4F2D5274CA82:LeaderElection18] INFO  server.RaftServerConfigKeys (ConfUtils.java:logGet(43)) - raft.server.watch.timeout.denomination = 1s (default)
2019-09-03 09:40:17,279 [30b1b43b-2ac1-4227-ba9d-0d794daadc3a:group-4F2D5274CA82:LeaderElection18] INFO  server.RaftServerConfigKeys (ConfUtils.java:logGet(43)) - raft.server.watch.element-limit = 65536 (default)
2019-09-03 09:40:17,279 [30b1b43b-2ac1-4227-ba9d-0d794daadc3a:group-4F2D5274CA82:LeaderElection18] INFO  server.RaftServerConfigKeys (ConfUtils.java:logGet(43)) - raft.server.log.appender.snapshot.chunk.size.max = 16MB (=16777216) (default)
2019-09-03 09:40:17,280 [30b1b43b-2ac1-4227-ba9d-0d794daadc3a:group-4F2D5274CA82:LeaderElection18] INFO  server.RaftServerConfigKeys (ConfUtils.java:logGet(43)) - raft.server.log.appender.buffer.byte-limit = 33554432 (custom)
2019-09-03 09:40:17,280 [30b1b43b-2ac1-4227-ba9d-0d794daadc3a:group-4F2D5274CA82:LeaderElection18] INFO  server.RaftServerConfigKeys (ConfUtils.java:logGet(43)) - raft.server.log.appender.buffer.element-limit = 1 (custom)
2019-09-03 09:40:17,280 [30b1b43b-2ac1-4227-ba9d-0d794daadc3a:group-4F2D5274CA82:LeaderElection18] INFO  grpc.GrpcConfigKeys$Server (ConfUtils.java:logGet(43)) - raft.grpc.server.leader.outstanding.appends.max = 128 (default)
2019-09-03 09:40:17,280 [30b1b43b-2ac1-4227-ba9d-0d794daadc3a:group-4F2D5274CA82:LeaderElection18] INFO  server.RaftServerConfigKeys (ConfUtils.java:logGet(43)) - raft.server.rpc.request.timeout = 3000ms (default)
2019-09-03 09:40:17,281 [30b1b43b-2ac1-4227-ba9d-0d794daadc3a:group-4F2D5274CA82:LeaderElection18] INFO  server.RaftServerConfigKeys (ConfUtils.java:logGet(43)) - raft.server.log.appender.install.snapshot.enabled = false (custom)
2019-09-03 09:40:17,281 [30b1b43b-2ac1-4227-ba9d-0d794daadc3a:group-4F2D5274CA82:LeaderElection18] INFO  server.RaftServerConfigKeys (ConfUtils.java:logGet(43)) - raft.server.log.appender.snapshot.chunk.size.max = 16MB (=16777216) (default)
2019-09-03 09:40:17,281 [30b1b43b-2ac1-4227-ba9d-0d794daadc3a:group-4F2D5274CA82:LeaderElection18] INFO  server.RaftServerConfigKeys (ConfUtils.java:logGet(43)) - raft.server.log.appender.buffer.byte-limit = 33554432 (custom)
2019-09-03 09:40:17,281 [30b1b43b-2ac1-4227-ba9d-0d794daadc3a:group-4F2D5274CA82:LeaderElection18] INFO  server.RaftServerConfigKeys (ConfUtils.java:logGet(43)) - raft.server.log.appender.buffer.element-limit = 1 (custom)
2019-09-03 09:40:17,281 [30b1b43b-2ac1-4227-ba9d-0d794daadc3a:group-4F2D5274CA82:LeaderElection18] INFO  grpc.GrpcConfigKeys$Server (ConfUtils.java:logGet(43)) - raft.grpc.server.leader.outstanding.appends.max = 128 (default)
2019-09-03 09:40:17,282 [30b1b43b-2ac1-4227-ba9d-0d794daadc3a:group-4F2D5274CA82:LeaderElection18] INFO  server.RaftServerConfigKeys (ConfUtils.java:logGet(43)) - raft.server.rpc.request.timeout = 3000ms (default)
2019-09-03 09:40:17,282 [30b1b43b-2ac1-4227-ba9d-0d794daadc3a:group-4F2D5274CA82:LeaderElection18] INFO  server.RaftServerConfigKeys (ConfUtils.java:logGet(43)) - raft.server.log.appender.install.snapshot.enabled = false (custom)
2019-09-03 09:40:17,282 [30b1b43b-2ac1-4227-ba9d-0d794daadc3a:group-4F2D5274CA82:LeaderElection18] INFO  impl.RoleInfo (RoleInfo.java:updateAndGet(143)) - 30b1b43b-2ac1-4227-ba9d-0d794daadc3a: start LeaderState
2019-09-03 09:40:17,283 [30b1b43b-2ac1-4227-ba9d-0d794daadc3a:group-4F2D5274CA82:LeaderElection18] INFO  segmented.SegmentedRaftLogWorker (SegmentedRaftLogWorker.java:startLogSegment(380)) - 30b1b43b-2ac1-4227-ba9d-0d794daadc3a-SegmentedRaftLogWorker:Storage Directory /workdir/hadoop-ozone/integration-test/target/test-dir/MiniOzoneClusterImpl-6c7229d4-44ec-4a7a-8c6b-4592cedbafbd/datanode-2/data/ratis/1cc44003-04a7-4216-8053-4f2d5274ca82: Starting segment from index:0
2019-09-03 09:40:17,283 [30b1b43b-2ac1-4227-ba9d-0d794daadc3a:group-4F2D5274CA82:LeaderElection18] INFO  impl.RaftServerImpl (ServerState.java:setRaftConf(361)) - 30b1b43b-2ac1-4227-ba9d-0d794daadc3a:group-4F2D5274CA82 set configuration 0: [f1e690fe-d9d6-4f9a-b28d-4fa21d7465dc:192.168.69.126:42648, 5f62d077-1cb0-4aa3-be9b-0f443f88c284:192.168.69.126:43193, 30b1b43b-2ac1-4227-ba9d-0d794daadc3a:192.168.69.126:44438], old=null at 0
2019-09-03 09:40:17,285 [grpc-default-executor-3] INFO  impl.RaftServerImpl (ServerState.java:setLeader(263)) - 5f62d077-1cb0-4aa3-be9b-0f443f88c284:group-4F2D5274CA82 change Leader from null to 30b1b43b-2ac1-4227-ba9d-0d794daadc3a at term 1 for appendEntries, leader elected after 5162ms
2019-09-03 09:40:17,286 [grpc-default-executor-4] INFO  impl.RaftServerImpl (ServerState.java:setLeader(263)) - f1e690fe-d9d6-4f9a-b28d-4fa21d7465dc:group-4F2D5274CA82 change Leader from null to 30b1b43b-2ac1-4227-ba9d-0d794daadc3a at term 1 for appendEntries, leader elected after 5163ms
2019-09-03 09:40:17,289 [grpc-default-executor-3] INFO  impl.RaftServerImpl (ServerState.java:setRaftConf(361)) - f1e690fe-d9d6-4f9a-b28d-4fa21d7465dc:group-4F2D5274CA82 set configuration 0: [f1e690fe-d9d6-4f9a-b28d-4fa21d7465dc:192.168.69.126:42648, 5f62d077-1cb0-4aa3-be9b-0f443f88c284:192.168.69.126:43193, 30b1b43b-2ac1-4227-ba9d-0d794daadc3a:192.168.69.126:44438], old=null at 0
2019-09-03 09:40:17,289 [grpc-default-executor-4] INFO  impl.RaftServerImpl (ServerState.java:setRaftConf(361)) - 5f62d077-1cb0-4aa3-be9b-0f443f88c284:group-4F2D5274CA82 set configuration 0: [f1e690fe-d9d6-4f9a-b28d-4fa21d7465dc:192.168.69.126:42648, 5f62d077-1cb0-4aa3-be9b-0f443f88c284:192.168.69.126:43193, 30b1b43b-2ac1-4227-ba9d-0d794daadc3a:192.168.69.126:44438], old=null at 0
2019-09-03 09:40:17,289 [grpc-default-executor-3] INFO  segmented.SegmentedRaftLogWorker (SegmentedRaftLogWorker.java:startLogSegment(380)) - f1e690fe-d9d6-4f9a-b28d-4fa21d7465dc-SegmentedRaftLogWorker:Storage Directory /workdir/hadoop-ozone/integration-test/target/test-dir/MiniOzoneClusterImpl-6c7229d4-44ec-4a7a-8c6b-4592cedbafbd/datanode-1/data/ratis/1cc44003-04a7-4216-8053-4f2d5274ca82: Starting segment from index:0
2019-09-03 09:40:17,290 [grpc-default-executor-4] INFO  segmented.SegmentedRaftLogWorker (SegmentedRaftLogWorker.java:startLogSegment(380)) - 5f62d077-1cb0-4aa3-be9b-0f443f88c284-SegmentedRaftLogWorker:Storage Directory /workdir/hadoop-ozone/integration-test/target/test-dir/MiniOzoneClusterImpl-6c7229d4-44ec-4a7a-8c6b-4592cedbafbd/datanode-0/data/ratis/1cc44003-04a7-4216-8053-4f2d5274ca82: Starting segment from index:0
2019-09-03 09:40:17,348 [Thread-744] INFO  impl.FollowerState (FollowerState.java:run(106)) - 54a7770c-e3e5-4c4a-b2d5-1e155816e439:group-8C7445D889B3 changes to CANDIDATE, lastRpcTime:5018, electionTimeout:5018ms
2019-09-03 09:40:17,348 [Thread-744] INFO  impl.RoleInfo (RoleInfo.java:shutdownFollowerState(121)) - 54a7770c-e3e5-4c4a-b2d5-1e155816e439: shutdown FollowerState
2019-09-03 09:40:17,348 [Thread-744] INFO  impl.RaftServerImpl (RaftServerImpl.java:setRole(171)) - 54a7770c-e3e5-4c4a-b2d5-1e155816e439:group-8C7445D889B3 changes role from FOLLOWER to CANDIDATE at term 0 for changeToCandidate
2019-09-03 09:40:17,349 [Thread-744] INFO  impl.RoleInfo (RoleInfo.java:updateAndGet(143)) - 54a7770c-e3e5-4c4a-b2d5-1e155816e439: start LeaderElection
2019-09-03 09:40:17,357 [30b1b43b-2ac1-4227-ba9d-0d794daadc3a-SegmentedRaftLogWorker:Storage Directory /workdir/hadoop-ozone/integration-test/target/test-dir/MiniOzoneClusterImpl-6c7229d4-44ec-4a7a-8c6b-4592cedbafbd/datanode-2/data/ratis/1cc44003-04a7-4216-8053-4f2d5274ca82] INFO  segmented.SegmentedRaftLogWorker (SegmentedRaftLogWorker.java:execute(569)) - 30b1b43b-2ac1-4227-ba9d-0d794daadc3a-SegmentedRaftLogWorker:Storage Directory /workdir/hadoop-ozone/integration-test/target/test-dir/MiniOzoneClusterImpl-6c7229d4-44ec-4a7a-8c6b-4592cedbafbd/datanode-2/data/ratis/1cc44003-04a7-4216-8053-4f2d5274ca82: created new log segment /workdir/hadoop-ozone/integration-test/target/test-dir/MiniOzoneClusterImpl-6c7229d4-44ec-4a7a-8c6b-4592cedbafbd/datanode-2/data/ratis/1cc44003-04a7-4216-8053-4f2d5274ca82/current/log_inprogress_0
2019-09-03 09:40:17,357 [f1e690fe-d9d6-4f9a-b28d-4fa21d7465dc-SegmentedRaftLogWorker:Storage Directory /workdir/hadoop-ozone/integration-test/target/test-dir/MiniOzoneClusterImpl-6c7229d4-44ec-4a7a-8c6b-4592cedbafbd/datanode-1/data/ratis/1cc44003-04a7-4216-8053-4f2d5274ca82] INFO  segmented.SegmentedRaftLogWorker (SegmentedRaftLogWorker.java:execute(569)) - f1e690fe-d9d6-4f9a-b28d-4fa21d7465dc-SegmentedRaftLogWorker:Storage Directory /workdir/hadoop-ozone/integration-test/target/test-dir/MiniOzoneClusterImpl-6c7229d4-44ec-4a7a-8c6b-4592cedbafbd/datanode-1/data/ratis/1cc44003-04a7-4216-8053-4f2d5274ca82: created new log segment /workdir/hadoop-ozone/integration-test/target/test-dir/MiniOzoneClusterImpl-6c7229d4-44ec-4a7a-8c6b-4592cedbafbd/datanode-1/data/ratis/1cc44003-04a7-4216-8053-4f2d5274ca82/current/log_inprogress_0
2019-09-03 09:40:17,357 [5f62d077-1cb0-4aa3-be9b-0f443f88c284-SegmentedRaftLogWorker:Storage Directory /workdir/hadoop-ozone/integration-test/target/test-dir/MiniOzoneClusterImpl-6c7229d4-44ec-4a7a-8c6b-4592cedbafbd/datanode-0/data/ratis/1cc44003-04a7-4216-8053-4f2d5274ca82] INFO  segmented.SegmentedRaftLogWorker (SegmentedRaftLogWorker.java:execute(569)) - 5f62d077-1cb0-4aa3-be9b-0f443f88c284-SegmentedRaftLogWorker:Storage Directory /workdir/hadoop-ozone/integration-test/target/test-dir/MiniOzoneClusterImpl-6c7229d4-44ec-4a7a-8c6b-4592cedbafbd/datanode-0/data/ratis/1cc44003-04a7-4216-8053-4f2d5274ca82: created new log segment /workdir/hadoop-ozone/integration-test/target/test-dir/MiniOzoneClusterImpl-6c7229d4-44ec-4a7a-8c6b-4592cedbafbd/datanode-0/data/ratis/1cc44003-04a7-4216-8053-4f2d5274ca82/current/log_inprogress_0
2019-09-03 09:40:17,374 [54a7770c-e3e5-4c4a-b2d5-1e155816e439:group-8C7445D889B3:LeaderElection20] INFO  impl.LeaderElection (LeaderElection.java:askForVotes(181)) - 54a7770c-e3e5-4c4a-b2d5-1e155816e439:group-8C7445D889B3:LeaderElection20: begin an election at term 1 for -1: [54a7770c-e3e5-4c4a-b2d5-1e155816e439:192.168.69.126:34394], old=null
2019-09-03 09:40:17,374 [54a7770c-e3e5-4c4a-b2d5-1e155816e439:group-8C7445D889B3:LeaderElection20] INFO  impl.RoleInfo (RoleInfo.java:shutdownLeaderElection(134)) - 54a7770c-e3e5-4c4a-b2d5-1e155816e439: shutdown LeaderElection
2019-09-03 09:40:17,375 [54a7770c-e3e5-4c4a-b2d5-1e155816e439:group-8C7445D889B3:LeaderElection20] INFO  impl.RaftServerImpl (RaftServerImpl.java:setRole(171)) - 54a7770c-e3e5-4c4a-b2d5-1e155816e439:group-8C7445D889B3 changes role from CANDIDATE to LEADER at term 1 for changeToLeader
2019-09-03 09:40:17,375 [54a7770c-e3e5-4c4a-b2d5-1e155816e439:group-8C7445D889B3:LeaderElection20] INFO  impl.RaftServerImpl (ServerState.java:setLeader(263)) - 54a7770c-e3e5-4c4a-b2d5-1e155816e439:group-8C7445D889B3 change Leader from null to 54a7770c-e3e5-4c4a-b2d5-1e155816e439 at term 1 for becomeLeader, leader elected after 5050ms
2019-09-03 09:40:17,375 [54a7770c-e3e5-4c4a-b2d5-1e155816e439:group-8C7445D889B3:LeaderElection20] INFO  server.RaftServerConfigKeys (ConfUtils.java:logGet(43)) - raft.server.staging.catchup.gap = 1000 (default)
2019-09-03 09:40:17,375 [54a7770c-e3e5-4c4a-b2d5-1e155816e439:group-8C7445D889B3:LeaderElection20] INFO  server.RaftServerConfigKeys (ConfUtils.java:logGet(43)) - raft.server.rpc.sleep.time = 25ms (default)
2019-09-03 09:40:17,376 [54a7770c-e3e5-4c4a-b2d5-1e155816e439:group-8C7445D889B3:LeaderElection20] INFO  server.RaftServerConfigKeys (ConfUtils.java:logGet(43)) - raft.server.write.element-limit = 4096 (default)
2019-09-03 09:40:17,379 [54a7770c-e3e5-4c4a-b2d5-1e155816e439:group-8C7445D889B3:LeaderElection20] INFO  server.RaftServerConfigKeys (ConfUtils.java:logGet(43)) - raft.server.watch.timeout = 10s (default)
2019-09-03 09:40:17,379 [54a7770c-e3e5-4c4a-b2d5-1e155816e439:group-8C7445D889B3:LeaderElection20] INFO  server.RaftServerConfigKeys (ConfUtils.java:logGet(43)) - raft.server.watch.timeout.denomination = 1s (default)
2019-09-03 09:40:17,379 [54a7770c-e3e5-4c4a-b2d5-1e155816e439:group-8C7445D889B3:LeaderElection20] INFO  server.RaftServerConfigKeys (ConfUtils.java:logGet(43)) - raft.server.watch.element-limit = 65536 (default)
2019-09-03 09:40:17,379 [54a7770c-e3e5-4c4a-b2d5-1e155816e439:group-8C7445D889B3:LeaderElection20] INFO  impl.RoleInfo (RoleInfo.java:updateAndGet(143)) - 54a7770c-e3e5-4c4a-b2d5-1e155816e439: start LeaderState
2019-09-03 09:40:17,379 [54a7770c-e3e5-4c4a-b2d5-1e155816e439:group-8C7445D889B3:LeaderElection20] INFO  segmented.SegmentedRaftLogWorker (SegmentedRaftLogWorker.java:startLogSegment(380)) - 54a7770c-e3e5-4c4a-b2d5-1e155816e439-SegmentedRaftLogWorker:Storage Directory /workdir/hadoop-ozone/integration-test/target/test-dir/MiniOzoneClusterImpl-6c7229d4-44ec-4a7a-8c6b-4592cedbafbd/datanode-3/data/ratis/091b47be-a6d4-46b8-abd2-8c7445d889b3: Starting segment from index:0
2019-09-03 09:40:17,380 [54a7770c-e3e5-4c4a-b2d5-1e155816e439:group-8C7445D889B3:LeaderElection20] INFO  impl.RaftServerImpl (ServerState.java:setRaftConf(361)) - 54a7770c-e3e5-4c4a-b2d5-1e155816e439:group-8C7445D889B3 set configuration 0: [54a7770c-e3e5-4c4a-b2d5-1e155816e439:192.168.69.126:34394], old=null at 0
2019-09-03 09:40:17,382 [grpc-default-executor-4] INFO  client.GrpcClientProtocolClient (GrpcClientProtocolClient.java:onNext(255)) - client-411D9B923220->54a7770c-e3e5-4c4a-b2d5-1e155816e439: receive RaftClientReply:client-411D9B923220->54a7770c-e3e5-4c4a-b2d5-1e155816e439@group-A3ADB0FA2990, cid=45, FAILED org.apache.ratis.protocol.NotLeaderException: Server 54a7770c-e3e5-4c4a-b2d5-1e155816e439 is not the leader (null). Request must be sent to leader., logIndex=0, commits[54a7770c-e3e5-4c4a-b2d5-1e155816e439:c-1]
2019-09-03 09:40:17,449 [54a7770c-e3e5-4c4a-b2d5-1e155816e439-SegmentedRaftLogWorker:Storage Directory /workdir/hadoop-ozone/integration-test/target/test-dir/MiniOzoneClusterImpl-6c7229d4-44ec-4a7a-8c6b-4592cedbafbd/datanode-3/data/ratis/091b47be-a6d4-46b8-abd2-8c7445d889b3] INFO  segmented.SegmentedRaftLogWorker (SegmentedRaftLogWorker.java:execute(569)) - 54a7770c-e3e5-4c4a-b2d5-1e155816e439-SegmentedRaftLogWorker:Storage Directory /workdir/hadoop-ozone/integration-test/target/test-dir/MiniOzoneClusterImpl-6c7229d4-44ec-4a7a-8c6b-4592cedbafbd/datanode-3/data/ratis/091b47be-a6d4-46b8-abd2-8c7445d889b3: created new log segment /workdir/hadoop-ozone/integration-test/target/test-dir/MiniOzoneClusterImpl-6c7229d4-44ec-4a7a-8c6b-4592cedbafbd/datanode-3/data/ratis/091b47be-a6d4-46b8-abd2-8c7445d889b3/current/log_inprogress_0
2019-09-03 09:40:17,534 | INFO  | SCMAudit | user=jenkins1000 | ip=192.168.69.126 | op=SEND_HEARTBEAT {datanodeUUID=5f62d077-1cb0-4aa3-be9b-0f443f88c284, command=[]} | ret=SUCCESS |  
2019-09-03 09:40:17,715 | INFO  | SCMAudit | user=jenkins1000 | ip=192.168.69.126 | op=SEND_HEARTBEAT {datanodeUUID=dc57de79-aaca-47f1-971f-bd2f7461306f, command=[]} | ret=SUCCESS |  
2019-09-03 09:40:17,735 | INFO  | SCMAudit | user=jenkins1000 | ip=192.168.69.126 | op=SEND_HEARTBEAT {datanodeUUID=f1e690fe-d9d6-4f9a-b28d-4fa21d7465dc, command=[]} | ret=SUCCESS |  
2019-09-03 09:40:17,954 [Thread-747] INFO  impl.FollowerState (FollowerState.java:run(106)) - dc57de79-aaca-47f1-971f-bd2f7461306f:group-F4ABFC8764A7 changes to CANDIDATE, lastRpcTime:5156, electionTimeout:5156ms
2019-09-03 09:40:17,954 [Thread-747] INFO  impl.RoleInfo (RoleInfo.java:shutdownFollowerState(121)) - dc57de79-aaca-47f1-971f-bd2f7461306f: shutdown FollowerState
2019-09-03 09:40:17,954 [Thread-747] INFO  impl.RaftServerImpl (RaftServerImpl.java:setRole(171)) - dc57de79-aaca-47f1-971f-bd2f7461306f:group-F4ABFC8764A7 changes role from FOLLOWER to CANDIDATE at term 0 for changeToCandidate
2019-09-03 09:40:17,954 [Thread-747] INFO  impl.RoleInfo (RoleInfo.java:updateAndGet(143)) - dc57de79-aaca-47f1-971f-bd2f7461306f: start LeaderElection
2019-09-03 09:40:17,971 | INFO  | SCMAudit | user=jenkins1000 | ip=192.168.69.126 | op=SEND_HEARTBEAT {datanodeUUID=a24a5d44-532e-4ff6-8e9a-f2506e5c1784, command=[]} | ret=SUCCESS |  
2019-09-03 09:40:17,989 | INFO  | SCMAudit | user=jenkins1000 | ip=192.168.69.126 | op=SEND_HEARTBEAT {datanodeUUID=30b1b43b-2ac1-4227-ba9d-0d794daadc3a, command=[]} | ret=SUCCESS |  
2019-09-03 09:40:17,992 [dc57de79-aaca-47f1-971f-bd2f7461306f:group-F4ABFC8764A7:LeaderElection21] INFO  impl.LeaderElection (LeaderElection.java:askForVotes(181)) - dc57de79-aaca-47f1-971f-bd2f7461306f:group-F4ABFC8764A7:LeaderElection21: begin an election at term 1 for -1: [dc57de79-aaca-47f1-971f-bd2f7461306f:192.168.69.126:40126], old=null
2019-09-03 09:40:17,992 [dc57de79-aaca-47f1-971f-bd2f7461306f:group-F4ABFC8764A7:LeaderElection21] INFO  impl.RoleInfo (RoleInfo.java:shutdownLeaderElection(134)) - dc57de79-aaca-47f1-971f-bd2f7461306f: shutdown LeaderElection
2019-09-03 09:40:17,992 [dc57de79-aaca-47f1-971f-bd2f7461306f:group-F4ABFC8764A7:LeaderElection21] INFO  impl.RaftServerImpl (RaftServerImpl.java:setRole(171)) - dc57de79-aaca-47f1-971f-bd2f7461306f:group-F4ABFC8764A7 changes role from CANDIDATE to LEADER at term 1 for changeToLeader
2019-09-03 09:40:17,992 [dc57de79-aaca-47f1-971f-bd2f7461306f:group-F4ABFC8764A7:LeaderElection21] INFO  impl.RaftServerImpl (ServerState.java:setLeader(263)) - dc57de79-aaca-47f1-971f-bd2f7461306f:group-F4ABFC8764A7 change Leader from null to dc57de79-aaca-47f1-971f-bd2f7461306f at term 1 for becomeLeader, leader elected after 5200ms
2019-09-03 09:40:17,992 [dc57de79-aaca-47f1-971f-bd2f7461306f:group-F4ABFC8764A7:LeaderElection21] INFO  server.RaftServerConfigKeys (ConfUtils.java:logGet(43)) - raft.server.staging.catchup.gap = 1000 (default)
2019-09-03 09:40:17,993 [dc57de79-aaca-47f1-971f-bd2f7461306f:group-F4ABFC8764A7:LeaderElection21] INFO  server.RaftServerConfigKeys (ConfUtils.java:logGet(43)) - raft.server.rpc.sleep.time = 25ms (default)
2019-09-03 09:40:17,993 [dc57de79-aaca-47f1-971f-bd2f7461306f:group-F4ABFC8764A7:LeaderElection21] INFO  server.RaftServerConfigKeys (ConfUtils.java:logGet(43)) - raft.server.write.element-limit = 4096 (default)
2019-09-03 09:40:17,993 [dc57de79-aaca-47f1-971f-bd2f7461306f:group-F4ABFC8764A7:LeaderElection21] INFO  server.RaftServerConfigKeys (ConfUtils.java:logGet(43)) - raft.server.watch.timeout = 10s (default)
2019-09-03 09:40:17,993 [dc57de79-aaca-47f1-971f-bd2f7461306f:group-F4ABFC8764A7:LeaderElection21] INFO  server.RaftServerConfigKeys (ConfUtils.java:logGet(43)) - raft.server.watch.timeout.denomination = 1s (default)
2019-09-03 09:40:17,993 [dc57de79-aaca-47f1-971f-bd2f7461306f:group-F4ABFC8764A7:LeaderElection21] INFO  server.RaftServerConfigKeys (ConfUtils.java:logGet(43)) - raft.server.watch.element-limit = 65536 (default)
2019-09-03 09:40:17,994 [dc57de79-aaca-47f1-971f-bd2f7461306f:group-F4ABFC8764A7:LeaderElection21] INFO  impl.RoleInfo (RoleInfo.java:updateAndGet(143)) - dc57de79-aaca-47f1-971f-bd2f7461306f: start LeaderState
2019-09-03 09:40:17,994 [dc57de79-aaca-47f1-971f-bd2f7461306f:group-F4ABFC8764A7:LeaderElection21] INFO  segmented.SegmentedRaftLogWorker (SegmentedRaftLogWorker.java:startLogSegment(380)) - dc57de79-aaca-47f1-971f-bd2f7461306f-SegmentedRaftLogWorker:Storage Directory /workdir/hadoop-ozone/integration-test/target/test-dir/MiniOzoneClusterImpl-6c7229d4-44ec-4a7a-8c6b-4592cedbafbd/datanode-4/data/ratis/bd86651e-2d37-4fa7-b337-f4abfc8764a7: Starting segment from index:0
2019-09-03 09:40:17,995 [dc57de79-aaca-47f1-971f-bd2f7461306f:group-F4ABFC8764A7:LeaderElection21] INFO  impl.RaftServerImpl (ServerState.java:setRaftConf(361)) - dc57de79-aaca-47f1-971f-bd2f7461306f:group-F4ABFC8764A7 set configuration 0: [dc57de79-aaca-47f1-971f-bd2f7461306f:192.168.69.126:40126], old=null at 0
2019-09-03 09:40:18,059 [dc57de79-aaca-47f1-971f-bd2f7461306f-SegmentedRaftLogWorker:Storage Directory /workdir/hadoop-ozone/integration-test/target/test-dir/MiniOzoneClusterImpl-6c7229d4-44ec-4a7a-8c6b-4592cedbafbd/datanode-4/data/ratis/bd86651e-2d37-4fa7-b337-f4abfc8764a7] INFO  segmented.SegmentedRaftLogWorker (SegmentedRaftLogWorker.java:execute(569)) - dc57de79-aaca-47f1-971f-bd2f7461306f-SegmentedRaftLogWorker:Storage Directory /workdir/hadoop-ozone/integration-test/target/test-dir/MiniOzoneClusterImpl-6c7229d4-44ec-4a7a-8c6b-4592cedbafbd/datanode-4/data/ratis/bd86651e-2d37-4fa7-b337-f4abfc8764a7: created new log segment /workdir/hadoop-ozone/integration-test/target/test-dir/MiniOzoneClusterImpl-6c7229d4-44ec-4a7a-8c6b-4592cedbafbd/datanode-4/data/ratis/bd86651e-2d37-4fa7-b337-f4abfc8764a7/current/log_inprogress_0
2019-09-03 09:40:18,160 [Thread-753] INFO  impl.FollowerState (FollowerState.java:run(106)) - a24a5d44-532e-4ff6-8e9a-f2506e5c1784:group-A3ADB0FA2990 changes to CANDIDATE, lastRpcTime:5026, electionTimeout:5026ms
2019-09-03 09:40:18,161 [Thread-753] INFO  impl.RoleInfo (RoleInfo.java:shutdownFollowerState(121)) - a24a5d44-532e-4ff6-8e9a-f2506e5c1784: shutdown FollowerState
2019-09-03 09:40:18,161 [Thread-753] INFO  impl.RaftServerImpl (RaftServerImpl.java:setRole(171)) - a24a5d44-532e-4ff6-8e9a-f2506e5c1784:group-A3ADB0FA2990 changes role from FOLLOWER to CANDIDATE at term 0 for changeToCandidate
2019-09-03 09:40:18,161 [Thread-753] INFO  impl.RoleInfo (RoleInfo.java:updateAndGet(143)) - a24a5d44-532e-4ff6-8e9a-f2506e5c1784: start LeaderElection
2019-09-03 09:40:18,189 | INFO  | SCMAudit | user=jenkins1000 | ip=192.168.69.126 | op=SEND_HEARTBEAT {datanodeUUID=fbf90420-a45e-48ce-b982-ff6e0a18d7ed, command=[]} | ret=SUCCESS |  
2019-09-03 09:40:18,192 [a24a5d44-532e-4ff6-8e9a-f2506e5c1784:group-A3ADB0FA2990:LeaderElection22] INFO  impl.LeaderElection (LeaderElection.java:askForVotes(181)) - a24a5d44-532e-4ff6-8e9a-f2506e5c1784:group-A3ADB0FA2990:LeaderElection22: begin an election at term 1 for -1: [54a7770c-e3e5-4c4a-b2d5-1e155816e439:192.168.69.126:34394, dc57de79-aaca-47f1-971f-bd2f7461306f:192.168.69.126:40126, a24a5d44-532e-4ff6-8e9a-f2506e5c1784:192.168.69.126:37019], old=null
2019-09-03 09:40:18,201 [grpc-default-executor-4] INFO  impl.RaftServerImpl (RaftServerImpl.java:setRole(171)) - dc57de79-aaca-47f1-971f-bd2f7461306f:group-A3ADB0FA2990 changes role from FOLLOWER to FOLLOWER at term 1 for recognizeCandidate:a24a5d44-532e-4ff6-8e9a-f2506e5c1784
2019-09-03 09:40:18,202 [grpc-default-executor-4] INFO  impl.RoleInfo (RoleInfo.java:shutdownFollowerState(121)) - dc57de79-aaca-47f1-971f-bd2f7461306f: shutdown FollowerState
2019-09-03 09:40:18,202 [grpc-default-executor-4] INFO  impl.RoleInfo (RoleInfo.java:updateAndGet(143)) - dc57de79-aaca-47f1-971f-bd2f7461306f: start FollowerState
2019-09-03 09:40:18,202 [Thread-759] INFO  impl.FollowerState (FollowerState.java:run(114)) - dc57de79-aaca-47f1-971f-bd2f7461306f: FollowerState was interrupted: java.lang.InterruptedException: sleep interrupted
2019-09-03 09:40:18,208 [Thread-750] INFO  impl.FollowerState (FollowerState.java:run(106)) - a24a5d44-532e-4ff6-8e9a-f2506e5c1784:group-7558881FF90F changes to CANDIDATE, lastRpcTime:5161, electionTimeout:5160ms
2019-09-03 09:40:18,208 [Thread-750] INFO  impl.RoleInfo (RoleInfo.java:shutdownFollowerState(121)) - a24a5d44-532e-4ff6-8e9a-f2506e5c1784: shutdown FollowerState
2019-09-03 09:40:18,208 [grpc-default-executor-3] INFO  impl.RaftServerImpl (RaftServerImpl.java:setRole(171)) - 54a7770c-e3e5-4c4a-b2d5-1e155816e439:group-A3ADB0FA2990 changes role from FOLLOWER to FOLLOWER at term 1 for recognizeCandidate:a24a5d44-532e-4ff6-8e9a-f2506e5c1784
2019-09-03 09:40:18,208 [Thread-750] INFO  impl.RaftServerImpl (RaftServerImpl.java:setRole(171)) - a24a5d44-532e-4ff6-8e9a-f2506e5c1784:group-7558881FF90F changes role from FOLLOWER to CANDIDATE at term 0 for changeToCandidate
2019-09-03 09:40:18,208 [grpc-default-executor-3] INFO  impl.RoleInfo (RoleInfo.java:shutdownFollowerState(121)) - 54a7770c-e3e5-4c4a-b2d5-1e155816e439: shutdown FollowerState
2019-09-03 09:40:18,209 [Thread-750] INFO  impl.RoleInfo (RoleInfo.java:updateAndGet(143)) - a24a5d44-532e-4ff6-8e9a-f2506e5c1784: start LeaderElection
2019-09-03 09:40:18,209 [grpc-default-executor-3] INFO  impl.RoleInfo (RoleInfo.java:updateAndGet(143)) - 54a7770c-e3e5-4c4a-b2d5-1e155816e439: start FollowerState
2019-09-03 09:40:18,209 [Thread-756] INFO  impl.FollowerState (FollowerState.java:run(114)) - 54a7770c-e3e5-4c4a-b2d5-1e155816e439: FollowerState was interrupted: java.lang.InterruptedException: sleep interrupted
2019-09-03 09:40:18,226 [a24a5d44-532e-4ff6-8e9a-f2506e5c1784:group-7558881FF90F:LeaderElection23] INFO  impl.LeaderElection (LeaderElection.java:askForVotes(181)) - a24a5d44-532e-4ff6-8e9a-f2506e5c1784:group-7558881FF90F:LeaderElection23: begin an election at term 1 for -1: [a24a5d44-532e-4ff6-8e9a-f2506e5c1784:192.168.69.126:37019], old=null
2019-09-03 09:40:18,226 [a24a5d44-532e-4ff6-8e9a-f2506e5c1784:group-7558881FF90F:LeaderElection23] INFO  impl.RoleInfo (RoleInfo.java:shutdownLeaderElection(134)) - a24a5d44-532e-4ff6-8e9a-f2506e5c1784: shutdown LeaderElection
2019-09-03 09:40:18,227 [a24a5d44-532e-4ff6-8e9a-f2506e5c1784:group-7558881FF90F:LeaderElection23] INFO  impl.RaftServerImpl (RaftServerImpl.java:setRole(171)) - a24a5d44-532e-4ff6-8e9a-f2506e5c1784:group-7558881FF90F changes role from CANDIDATE to LEADER at term 1 for changeToLeader
2019-09-03 09:40:18,227 [a24a5d44-532e-4ff6-8e9a-f2506e5c1784:group-7558881FF90F:LeaderElection23] INFO  impl.RaftServerImpl (ServerState.java:setLeader(263)) - a24a5d44-532e-4ff6-8e9a-f2506e5c1784:group-7558881FF90F change Leader from null to a24a5d44-532e-4ff6-8e9a-f2506e5c1784 at term 1 for becomeLeader, leader elected after 5184ms
2019-09-03 09:40:18,227 [a24a5d44-532e-4ff6-8e9a-f2506e5c1784:group-7558881FF90F:LeaderElection23] INFO  server.RaftServerConfigKeys (ConfUtils.java:logGet(43)) - raft.server.staging.catchup.gap = 1000 (default)
2019-09-03 09:40:18,227 [a24a5d44-532e-4ff6-8e9a-f2506e5c1784:group-7558881FF90F:LeaderElection23] INFO  server.RaftServerConfigKeys (ConfUtils.java:logGet(43)) - raft.server.rpc.sleep.time = 25ms (default)
2019-09-03 09:40:18,228 [a24a5d44-532e-4ff6-8e9a-f2506e5c1784:group-7558881FF90F:LeaderElection23] INFO  server.RaftServerConfigKeys (ConfUtils.java:logGet(43)) - raft.server.write.element-limit = 4096 (default)
2019-09-03 09:40:18,228 [a24a5d44-532e-4ff6-8e9a-f2506e5c1784:group-7558881FF90F:LeaderElection23] INFO  server.RaftServerConfigKeys (ConfUtils.java:logGet(43)) - raft.server.watch.timeout = 10s (default)
2019-09-03 09:40:18,228 [a24a5d44-532e-4ff6-8e9a-f2506e5c1784:group-7558881FF90F:LeaderElection23] INFO  server.RaftServerConfigKeys (ConfUtils.java:logGet(43)) - raft.server.watch.timeout.denomination = 1s (default)
2019-09-03 09:40:18,228 [a24a5d44-532e-4ff6-8e9a-f2506e5c1784:group-A3ADB0FA2990:LeaderElection22] INFO  impl.LeaderElection (LeaderElection.java:logAndReturn(56)) - a24a5d44-532e-4ff6-8e9a-f2506e5c1784:group-A3ADB0FA2990:LeaderElection22: Election PASSED; received 1 response(s) [a24a5d44-532e-4ff6-8e9a-f2506e5c1784<-54a7770c-e3e5-4c4a-b2d5-1e155816e439#0:OK-t1] and 0 exception(s); a24a5d44-532e-4ff6-8e9a-f2506e5c1784:t1, leader=null, voted=a24a5d44-532e-4ff6-8e9a-f2506e5c1784, raftlog=a24a5d44-532e-4ff6-8e9a-f2506e5c1784-SegmentedRaftLog:OPENED:c-1,f-1,i0, conf=-1: [54a7770c-e3e5-4c4a-b2d5-1e155816e439:192.168.69.126:34394, dc57de79-aaca-47f1-971f-bd2f7461306f:192.168.69.126:40126, a24a5d44-532e-4ff6-8e9a-f2506e5c1784:192.168.69.126:37019], old=null
2019-09-03 09:40:18,228 [a24a5d44-532e-4ff6-8e9a-f2506e5c1784:group-7558881FF90F:LeaderElection23] INFO  server.RaftServerConfigKeys (ConfUtils.java:logGet(43)) - raft.server.watch.element-limit = 65536 (default)
2019-09-03 09:40:18,228 [a24a5d44-532e-4ff6-8e9a-f2506e5c1784:group-A3ADB0FA2990:LeaderElection22] INFO  impl.RoleInfo (RoleInfo.java:shutdownLeaderElection(134)) - a24a5d44-532e-4ff6-8e9a-f2506e5c1784: shutdown LeaderElection
2019-09-03 09:40:18,229 [a24a5d44-532e-4ff6-8e9a-f2506e5c1784:group-A3ADB0FA2990:LeaderElection22] INFO  impl.RaftServerImpl (RaftServerImpl.java:setRole(171)) - a24a5d44-532e-4ff6-8e9a-f2506e5c1784:group-A3ADB0FA2990 changes role from CANDIDATE to LEADER at term 1 for changeToLeader
2019-09-03 09:40:18,229 [a24a5d44-532e-4ff6-8e9a-f2506e5c1784:group-7558881FF90F:LeaderElection23] INFO  impl.RoleInfo (RoleInfo.java:updateAndGet(143)) - a24a5d44-532e-4ff6-8e9a-f2506e5c1784: start LeaderState
2019-09-03 09:40:18,229 [a24a5d44-532e-4ff6-8e9a-f2506e5c1784:group-A3ADB0FA2990:LeaderElection22] INFO  impl.RaftServerImpl (ServerState.java:setLeader(263)) - a24a5d44-532e-4ff6-8e9a-f2506e5c1784:group-A3ADB0FA2990 change Leader from null to a24a5d44-532e-4ff6-8e9a-f2506e5c1784 at term 1 for becomeLeader, leader elected after 5101ms
2019-09-03 09:40:18,229 [a24a5d44-532e-4ff6-8e9a-f2506e5c1784:group-7558881FF90F:LeaderElection23] INFO  segmented.SegmentedRaftLogWorker (SegmentedRaftLogWorker.java:startLogSegment(380)) - a24a5d44-532e-4ff6-8e9a-f2506e5c1784-SegmentedRaftLogWorker:Storage Directory /workdir/hadoop-ozone/integration-test/target/test-dir/MiniOzoneClusterImpl-6c7229d4-44ec-4a7a-8c6b-4592cedbafbd/datanode-5/data/ratis/c5c69703-0435-4b45-b774-7558881ff90f: Starting segment from index:0
2019-09-03 09:40:18,229 [a24a5d44-532e-4ff6-8e9a-f2506e5c1784:group-A3ADB0FA2990:LeaderElection22] INFO  server.RaftServerConfigKeys (ConfUtils.java:logGet(43)) - raft.server.staging.catchup.gap = 1000 (default)
2019-09-03 09:40:18,230 [a24a5d44-532e-4ff6-8e9a-f2506e5c1784:group-A3ADB0FA2990:LeaderElection22] INFO  server.RaftServerConfigKeys (ConfUtils.java:logGet(43)) - raft.server.rpc.sleep.time = 25ms (default)
2019-09-03 09:40:18,230 [a24a5d44-532e-4ff6-8e9a-f2506e5c1784:group-A3ADB0FA2990:LeaderElection22] INFO  server.RaftServerConfigKeys (ConfUtils.java:logGet(43)) - raft.server.write.element-limit = 4096 (default)
2019-09-03 09:40:18,230 [a24a5d44-532e-4ff6-8e9a-f2506e5c1784:group-7558881FF90F:LeaderElection23] INFO  impl.RaftServerImpl (ServerState.java:setRaftConf(361)) - a24a5d44-532e-4ff6-8e9a-f2506e5c1784:group-7558881FF90F set configuration 0: [a24a5d44-532e-4ff6-8e9a-f2506e5c1784:192.168.69.126:37019], old=null at 0
2019-09-03 09:40:18,230 [a24a5d44-532e-4ff6-8e9a-f2506e5c1784:group-A3ADB0FA2990:LeaderElection22] INFO  server.RaftServerConfigKeys (ConfUtils.java:logGet(43)) - raft.server.watch.timeout = 10s (default)
2019-09-03 09:40:18,273 [a24a5d44-532e-4ff6-8e9a-f2506e5c1784:group-A3ADB0FA2990:LeaderElection22] INFO  server.RaftServerConfigKeys (ConfUtils.java:logGet(43)) - raft.server.watch.timeout.denomination = 1s (default)
2019-09-03 09:40:18,273 [a24a5d44-532e-4ff6-8e9a-f2506e5c1784:group-A3ADB0FA2990:LeaderElection22] INFO  server.RaftServerConfigKeys (ConfUtils.java:logGet(43)) - raft.server.watch.element-limit = 65536 (default)
2019-09-03 09:40:18,273 [a24a5d44-532e-4ff6-8e9a-f2506e5c1784:group-A3ADB0FA2990:LeaderElection22] INFO  server.RaftServerConfigKeys (ConfUtils.java:logGet(43)) - raft.server.log.appender.snapshot.chunk.size.max = 16MB (=16777216) (default)
2019-09-03 09:40:18,273 [a24a5d44-532e-4ff6-8e9a-f2506e5c1784:group-A3ADB0FA2990:LeaderElection22] INFO  server.RaftServerConfigKeys (ConfUtils.java:logGet(43)) - raft.server.log.appender.buffer.byte-limit = 33554432 (custom)
2019-09-03 09:40:18,274 [a24a5d44-532e-4ff6-8e9a-f2506e5c1784:group-A3ADB0FA2990:LeaderElection22] INFO  server.RaftServerConfigKeys (ConfUtils.java:logGet(43)) - raft.server.log.appender.buffer.element-limit = 1 (custom)
2019-09-03 09:40:18,274 | INFO  | SCMAudit | user=jenkins1000 | ip=192.168.69.126 | op=SEND_HEARTBEAT {datanodeUUID=54a7770c-e3e5-4c4a-b2d5-1e155816e439, command=[]} | ret=SUCCESS |  
2019-09-03 09:40:18,274 [a24a5d44-532e-4ff6-8e9a-f2506e5c1784:group-A3ADB0FA2990:LeaderElection22] INFO  grpc.GrpcConfigKeys$Server (ConfUtils.java:logGet(43)) - raft.grpc.server.leader.outstanding.appends.max = 128 (default)
2019-09-03 09:40:18,274 [a24a5d44-532e-4ff6-8e9a-f2506e5c1784:group-A3ADB0FA2990:LeaderElection22] INFO  server.RaftServerConfigKeys (ConfUtils.java:logGet(43)) - raft.server.rpc.request.timeout = 3000ms (default)
2019-09-03 09:40:18,275 [a24a5d44-532e-4ff6-8e9a-f2506e5c1784:group-A3ADB0FA2990:LeaderElection22] INFO  server.RaftServerConfigKeys (ConfUtils.java:logGet(43)) - raft.server.log.appender.install.snapshot.enabled = false (custom)
2019-09-03 09:40:18,275 [a24a5d44-532e-4ff6-8e9a-f2506e5c1784:group-A3ADB0FA2990:LeaderElection22] INFO  server.RaftServerConfigKeys (ConfUtils.java:logGet(43)) - raft.server.log.appender.snapshot.chunk.size.max = 16MB (=16777216) (default)
2019-09-03 09:40:18,275 [a24a5d44-532e-4ff6-8e9a-f2506e5c1784:group-A3ADB0FA2990:LeaderElection22] INFO  server.RaftServerConfigKeys (ConfUtils.java:logGet(43)) - raft.server.log.appender.buffer.byte-limit = 33554432 (custom)
2019-09-03 09:40:18,275 [a24a5d44-532e-4ff6-8e9a-f2506e5c1784:group-A3ADB0FA2990:LeaderElection22] INFO  server.RaftServerConfigKeys (ConfUtils.java:logGet(43)) - raft.server.log.appender.buffer.element-limit = 1 (custom)
2019-09-03 09:40:18,276 [a24a5d44-532e-4ff6-8e9a-f2506e5c1784:group-A3ADB0FA2990:LeaderElection22] INFO  grpc.GrpcConfigKeys$Server (ConfUtils.java:logGet(43)) - raft.grpc.server.leader.outstanding.appends.max = 128 (default)
2019-09-03 09:40:18,276 [a24a5d44-532e-4ff6-8e9a-f2506e5c1784:group-A3ADB0FA2990:LeaderElection22] INFO  server.RaftServerConfigKeys (ConfUtils.java:logGet(43)) - raft.server.rpc.request.timeout = 3000ms (default)
2019-09-03 09:40:18,276 [a24a5d44-532e-4ff6-8e9a-f2506e5c1784:group-A3ADB0FA2990:LeaderElection22] INFO  server.RaftServerConfigKeys (ConfUtils.java:logGet(43)) - raft.server.log.appender.install.snapshot.enabled = false (custom)
2019-09-03 09:40:18,276 [a24a5d44-532e-4ff6-8e9a-f2506e5c1784:group-A3ADB0FA2990:LeaderElection22] INFO  impl.RoleInfo (RoleInfo.java:updateAndGet(143)) - a24a5d44-532e-4ff6-8e9a-f2506e5c1784: start LeaderState
2019-09-03 09:40:18,277 [a24a5d44-532e-4ff6-8e9a-f2506e5c1784:group-A3ADB0FA2990:LeaderElection22] INFO  segmented.SegmentedRaftLogWorker (SegmentedRaftLogWorker.java:startLogSegment(380)) - a24a5d44-532e-4ff6-8e9a-f2506e5c1784-SegmentedRaftLogWorker:Storage Directory /workdir/hadoop-ozone/integration-test/target/test-dir/MiniOzoneClusterImpl-6c7229d4-44ec-4a7a-8c6b-4592cedbafbd/datanode-5/data/ratis/30439fe9-c3be-4dd2-8b3c-a3adb0fa2990: Starting segment from index:0
2019-09-03 09:40:18,278 [a24a5d44-532e-4ff6-8e9a-f2506e5c1784:group-A3ADB0FA2990:LeaderElection22] INFO  impl.RaftServerImpl (ServerState.java:setRaftConf(361)) - a24a5d44-532e-4ff6-8e9a-f2506e5c1784:group-A3ADB0FA2990 set configuration 0: [54a7770c-e3e5-4c4a-b2d5-1e155816e439:192.168.69.126:34394, dc57de79-aaca-47f1-971f-bd2f7461306f:192.168.69.126:40126, a24a5d44-532e-4ff6-8e9a-f2506e5c1784:192.168.69.126:37019], old=null at 0
2019-09-03 09:40:18,280 [grpc-default-executor-3] INFO  impl.RaftServerImpl (ServerState.java:setLeader(263)) - 54a7770c-e3e5-4c4a-b2d5-1e155816e439:group-A3ADB0FA2990 change Leader from null to a24a5d44-532e-4ff6-8e9a-f2506e5c1784 at term 1 for appendEntries, leader elected after 5153ms
2019-09-03 09:40:18,281 [grpc-default-executor-4] INFO  impl.RaftServerImpl (ServerState.java:setLeader(263)) - dc57de79-aaca-47f1-971f-bd2f7461306f:group-A3ADB0FA2990 change Leader from null to a24a5d44-532e-4ff6-8e9a-f2506e5c1784 at term 1 for appendEntries, leader elected after 5154ms
2019-09-03 09:40:18,320 [a24a5d44-532e-4ff6-8e9a-f2506e5c1784-SegmentedRaftLogWorker:Storage Directory /workdir/hadoop-ozone/integration-test/target/test-dir/MiniOzoneClusterImpl-6c7229d4-44ec-4a7a-8c6b-4592cedbafbd/datanode-5/data/ratis/c5c69703-0435-4b45-b774-7558881ff90f] INFO  segmented.SegmentedRaftLogWorker (SegmentedRaftLogWorker.java:execute(569)) - a24a5d44-532e-4ff6-8e9a-f2506e5c1784-SegmentedRaftLogWorker:Storage Directory /workdir/hadoop-ozone/integration-test/target/test-dir/MiniOzoneClusterImpl-6c7229d4-44ec-4a7a-8c6b-4592cedbafbd/datanode-5/data/ratis/c5c69703-0435-4b45-b774-7558881ff90f: created new log segment /workdir/hadoop-ozone/integration-test/target/test-dir/MiniOzoneClusterImpl-6c7229d4-44ec-4a7a-8c6b-4592cedbafbd/datanode-5/data/ratis/c5c69703-0435-4b45-b774-7558881ff90f/current/log_inprogress_0
2019-09-03 09:40:18,325 [grpc-default-executor-3] INFO  impl.RaftServerImpl (ServerState.java:setRaftConf(361)) - 54a7770c-e3e5-4c4a-b2d5-1e155816e439:group-A3ADB0FA2990 set configuration 0: [54a7770c-e3e5-4c4a-b2d5-1e155816e439:192.168.69.126:34394, dc57de79-aaca-47f1-971f-bd2f7461306f:192.168.69.126:40126, a24a5d44-532e-4ff6-8e9a-f2506e5c1784:192.168.69.126:37019], old=null at 0
2019-09-03 09:40:18,326 [grpc-default-executor-4] INFO  impl.RaftServerImpl (ServerState.java:setRaftConf(361)) - dc57de79-aaca-47f1-971f-bd2f7461306f:group-A3ADB0FA2990 set configuration 0: [54a7770c-e3e5-4c4a-b2d5-1e155816e439:192.168.69.126:34394, dc57de79-aaca-47f1-971f-bd2f7461306f:192.168.69.126:40126, a24a5d44-532e-4ff6-8e9a-f2506e5c1784:192.168.69.126:37019], old=null at 0
2019-09-03 09:40:18,326 [grpc-default-executor-3] INFO  segmented.SegmentedRaftLogWorker (SegmentedRaftLogWorker.java:startLogSegment(380)) - 54a7770c-e3e5-4c4a-b2d5-1e155816e439-SegmentedRaftLogWorker:Storage Directory /workdir/hadoop-ozone/integration-test/target/test-dir/MiniOzoneClusterImpl-6c7229d4-44ec-4a7a-8c6b-4592cedbafbd/datanode-3/data/ratis/30439fe9-c3be-4dd2-8b3c-a3adb0fa2990: Starting segment from index:0
2019-09-03 09:40:18,326 [grpc-default-executor-4] INFO  segmented.SegmentedRaftLogWorker (SegmentedRaftLogWorker.java:startLogSegment(380)) - dc57de79-aaca-47f1-971f-bd2f7461306f-SegmentedRaftLogWorker:Storage Directory /workdir/hadoop-ozone/integration-test/target/test-dir/MiniOzoneClusterImpl-6c7229d4-44ec-4a7a-8c6b-4592cedbafbd/datanode-4/data/ratis/30439fe9-c3be-4dd2-8b3c-a3adb0fa2990: Starting segment from index:0
2019-09-03 09:40:18,360 [a24a5d44-532e-4ff6-8e9a-f2506e5c1784-SegmentedRaftLogWorker:Storage Directory /workdir/hadoop-ozone/integration-test/target/test-dir/MiniOzoneClusterImpl-6c7229d4-44ec-4a7a-8c6b-4592cedbafbd/datanode-5/data/ratis/30439fe9-c3be-4dd2-8b3c-a3adb0fa2990] INFO  segmented.SegmentedRaftLogWorker (SegmentedRaftLogWorker.java:execute(569)) - a24a5d44-532e-4ff6-8e9a-f2506e5c1784-SegmentedRaftLogWorker:Storage Directory /workdir/hadoop-ozone/integration-test/target/test-dir/MiniOzoneClusterImpl-6c7229d4-44ec-4a7a-8c6b-4592cedbafbd/datanode-5/data/ratis/30439fe9-c3be-4dd2-8b3c-a3adb0fa2990: created new log segment /workdir/hadoop-ozone/integration-test/target/test-dir/MiniOzoneClusterImpl-6c7229d4-44ec-4a7a-8c6b-4592cedbafbd/datanode-5/data/ratis/30439fe9-c3be-4dd2-8b3c-a3adb0fa2990/current/log_inprogress_0
2019-09-03 09:40:18,371 [Thread-764] INFO  impl.FollowerState (FollowerState.java:run(106)) - fbf90420-a45e-48ce-b982-ff6e0a18d7ed:group-E575BFD4F848 changes to CANDIDATE, lastRpcTime:5120, electionTimeout:5120ms
2019-09-03 09:40:18,371 [Thread-764] INFO  impl.RoleInfo (RoleInfo.java:shutdownFollowerState(121)) - fbf90420-a45e-48ce-b982-ff6e0a18d7ed: shutdown FollowerState
2019-09-03 09:40:18,371 [Thread-764] INFO  impl.RaftServerImpl (RaftServerImpl.java:setRole(171)) - fbf90420-a45e-48ce-b982-ff6e0a18d7ed:group-E575BFD4F848 changes role from FOLLOWER to CANDIDATE at term 0 for changeToCandidate
2019-09-03 09:40:18,372 [Thread-764] INFO  impl.RoleInfo (RoleInfo.java:updateAndGet(143)) - fbf90420-a45e-48ce-b982-ff6e0a18d7ed: start LeaderElection
2019-09-03 09:40:18,403 [54a7770c-e3e5-4c4a-b2d5-1e155816e439-SegmentedRaftLogWorker:Storage Directory /workdir/hadoop-ozone/integration-test/target/test-dir/MiniOzoneClusterImpl-6c7229d4-44ec-4a7a-8c6b-4592cedbafbd/datanode-3/data/ratis/30439fe9-c3be-4dd2-8b3c-a3adb0fa2990] INFO  segmented.SegmentedRaftLogWorker (SegmentedRaftLogWorker.java:execute(569)) - 54a7770c-e3e5-4c4a-b2d5-1e155816e439-SegmentedRaftLogWorker:Storage Directory /workdir/hadoop-ozone/integration-test/target/test-dir/MiniOzoneClusterImpl-6c7229d4-44ec-4a7a-8c6b-4592cedbafbd/datanode-3/data/ratis/30439fe9-c3be-4dd2-8b3c-a3adb0fa2990: created new log segment /workdir/hadoop-ozone/integration-test/target/test-dir/MiniOzoneClusterImpl-6c7229d4-44ec-4a7a-8c6b-4592cedbafbd/datanode-3/data/ratis/30439fe9-c3be-4dd2-8b3c-a3adb0fa2990/current/log_inprogress_0
2019-09-03 09:40:18,420 [dc57de79-aaca-47f1-971f-bd2f7461306f-SegmentedRaftLogWorker:Storage Directory /workdir/hadoop-ozone/integration-test/target/test-dir/MiniOzoneClusterImpl-6c7229d4-44ec-4a7a-8c6b-4592cedbafbd/datanode-4/data/ratis/30439fe9-c3be-4dd2-8b3c-a3adb0fa2990] INFO  segmented.SegmentedRaftLogWorker (SegmentedRaftLogWorker.java:execute(569)) - dc57de79-aaca-47f1-971f-bd2f7461306f-SegmentedRaftLogWorker:Storage Directory /workdir/hadoop-ozone/integration-test/target/test-dir/MiniOzoneClusterImpl-6c7229d4-44ec-4a7a-8c6b-4592cedbafbd/datanode-4/data/ratis/30439fe9-c3be-4dd2-8b3c-a3adb0fa2990: created new log segment /workdir/hadoop-ozone/integration-test/target/test-dir/MiniOzoneClusterImpl-6c7229d4-44ec-4a7a-8c6b-4592cedbafbd/datanode-4/data/ratis/30439fe9-c3be-4dd2-8b3c-a3adb0fa2990/current/log_inprogress_0
2019-09-03 09:40:18,420 [fbf90420-a45e-48ce-b982-ff6e0a18d7ed:group-E575BFD4F848:LeaderElection24] INFO  impl.LeaderElection (LeaderElection.java:askForVotes(181)) - fbf90420-a45e-48ce-b982-ff6e0a18d7ed:group-E575BFD4F848:LeaderElection24: begin an election at term 1 for -1: [fbf90420-a45e-48ce-b982-ff6e0a18d7ed:192.168.69.126:35390], old=null
2019-09-03 09:40:18,420 [fbf90420-a45e-48ce-b982-ff6e0a18d7ed:group-E575BFD4F848:LeaderElection24] INFO  impl.RoleInfo (RoleInfo.java:shutdownLeaderElection(134)) - fbf90420-a45e-48ce-b982-ff6e0a18d7ed: shutdown LeaderElection
2019-09-03 09:40:18,420 [fbf90420-a45e-48ce-b982-ff6e0a18d7ed:group-E575BFD4F848:LeaderElection24] INFO  impl.RaftServerImpl (RaftServerImpl.java:setRole(171)) - fbf90420-a45e-48ce-b982-ff6e0a18d7ed:group-E575BFD4F848 changes role from CANDIDATE to LEADER at term 1 for changeToLeader
2019-09-03 09:40:18,420 [fbf90420-a45e-48ce-b982-ff6e0a18d7ed:group-E575BFD4F848:LeaderElection24] INFO  impl.RaftServerImpl (ServerState.java:setLeader(263)) - fbf90420-a45e-48ce-b982-ff6e0a18d7ed:group-E575BFD4F848 change Leader from null to fbf90420-a45e-48ce-b982-ff6e0a18d7ed at term 1 for becomeLeader, leader elected after 5183ms
2019-09-03 09:40:18,421 [fbf90420-a45e-48ce-b982-ff6e0a18d7ed:group-E575BFD4F848:LeaderElection24] INFO  server.RaftServerConfigKeys (ConfUtils.java:logGet(43)) - raft.server.staging.catchup.gap = 1000 (default)
2019-09-03 09:40:18,421 [fbf90420-a45e-48ce-b982-ff6e0a18d7ed:group-E575BFD4F848:LeaderElection24] INFO  server.RaftServerConfigKeys (ConfUtils.java:logGet(43)) - raft.server.rpc.sleep.time = 25ms (default)
2019-09-03 09:40:18,421 [fbf90420-a45e-48ce-b982-ff6e0a18d7ed:group-E575BFD4F848:LeaderElection24] INFO  server.RaftServerConfigKeys (ConfUtils.java:logGet(43)) - raft.server.write.element-limit = 4096 (default)
2019-09-03 09:40:18,421 [fbf90420-a45e-48ce-b982-ff6e0a18d7ed:group-E575BFD4F848:LeaderElection24] INFO  server.RaftServerConfigKeys (ConfUtils.java:logGet(43)) - raft.server.watch.timeout = 10s (default)
2019-09-03 09:40:18,421 [fbf90420-a45e-48ce-b982-ff6e0a18d7ed:group-E575BFD4F848:LeaderElection24] INFO  server.RaftServerConfigKeys (ConfUtils.java:logGet(43)) - raft.server.watch.timeout.denomination = 1s (default)
2019-09-03 09:40:18,421 [fbf90420-a45e-48ce-b982-ff6e0a18d7ed:group-E575BFD4F848:LeaderElection24] INFO  server.RaftServerConfigKeys (ConfUtils.java:logGet(43)) - raft.server.watch.element-limit = 65536 (default)
2019-09-03 09:40:18,422 [fbf90420-a45e-48ce-b982-ff6e0a18d7ed:group-E575BFD4F848:LeaderElection24] INFO  impl.RoleInfo (RoleInfo.java:updateAndGet(143)) - fbf90420-a45e-48ce-b982-ff6e0a18d7ed: start LeaderState
2019-09-03 09:40:18,422 [fbf90420-a45e-48ce-b982-ff6e0a18d7ed:group-E575BFD4F848:LeaderElection24] INFO  segmented.SegmentedRaftLogWorker (SegmentedRaftLogWorker.java:startLogSegment(380)) - fbf90420-a45e-48ce-b982-ff6e0a18d7ed-SegmentedRaftLogWorker:Storage Directory /workdir/hadoop-ozone/integration-test/target/test-dir/MiniOzoneClusterImpl-6c7229d4-44ec-4a7a-8c6b-4592cedbafbd/datanode-6/data/ratis/608a66cc-a049-405c-8517-e575bfd4f848: Starting segment from index:0
2019-09-03 09:40:18,423 [fbf90420-a45e-48ce-b982-ff6e0a18d7ed:group-E575BFD4F848:LeaderElection24] INFO  impl.RaftServerImpl (ServerState.java:setRaftConf(361)) - fbf90420-a45e-48ce-b982-ff6e0a18d7ed:group-E575BFD4F848 set configuration 0: [fbf90420-a45e-48ce-b982-ff6e0a18d7ed:192.168.69.126:35390], old=null at 0
2019-09-03 09:40:18,481 [fbf90420-a45e-48ce-b982-ff6e0a18d7ed-SegmentedRaftLogWorker:Storage Directory /workdir/hadoop-ozone/integration-test/target/test-dir/MiniOzoneClusterImpl-6c7229d4-44ec-4a7a-8c6b-4592cedbafbd/datanode-6/data/ratis/608a66cc-a049-405c-8517-e575bfd4f848] INFO  segmented.SegmentedRaftLogWorker (SegmentedRaftLogWorker.java:execute(569)) - fbf90420-a45e-48ce-b982-ff6e0a18d7ed-SegmentedRaftLogWorker:Storage Directory /workdir/hadoop-ozone/integration-test/target/test-dir/MiniOzoneClusterImpl-6c7229d4-44ec-4a7a-8c6b-4592cedbafbd/datanode-6/data/ratis/608a66cc-a049-405c-8517-e575bfd4f848: created new log segment /workdir/hadoop-ozone/integration-test/target/test-dir/MiniOzoneClusterImpl-6c7229d4-44ec-4a7a-8c6b-4592cedbafbd/datanode-6/data/ratis/608a66cc-a049-405c-8517-e575bfd4f848/current/log_inprogress_0
2019-09-03 09:40:18,483 [grpc-default-executor-4] INFO  client.GrpcClientProtocolClient (GrpcClientProtocolClient.java:onNext(255)) - client-411D9B923220->dc57de79-aaca-47f1-971f-bd2f7461306f: receive RaftClientReply:client-411D9B923220->dc57de79-aaca-47f1-971f-bd2f7461306f@group-A3ADB0FA2990, cid=45, FAILED org.apache.ratis.protocol.NotLeaderException: Server dc57de79-aaca-47f1-971f-bd2f7461306f is not the leader (a24a5d44-532e-4ff6-8e9a-f2506e5c1784:192.168.69.126:37019). Request must be sent to leader., logIndex=0, commits[dc57de79-aaca-47f1-971f-bd2f7461306f:c-1, 54a7770c-e3e5-4c4a-b2d5-1e155816e439:c-1, a24a5d44-532e-4ff6-8e9a-f2506e5c1784:c-1]
2019-09-03 09:40:18,534 | INFO  | SCMAudit | user=jenkins1000 | ip=192.168.69.126 | op=SEND_HEARTBEAT {datanodeUUID=5f62d077-1cb0-4aa3-be9b-0f443f88c284, command=[]} | ret=SUCCESS |  
2019-09-03 09:40:18,656 | INFO  | DNAudit | user=null | ip=null | op=CREATE_CONTAINER {containerID=1, containerType=KeyValueContainer} | ret=SUCCESS |  
2019-09-03 09:40:18,664 | INFO  | SCMAudit | user=jenkins1000 | ip=192.168.69.126 | op=SEND_HEARTBEAT {datanodeUUID=a24a5d44-532e-4ff6-8e9a-f2506e5c1784, command=[]} | ret=SUCCESS |  
2019-09-03 09:40:18,664 [grpc-default-executor-3] INFO  client.GrpcClientProtocolClient (GrpcClientProtocolClient.java:onNext(255)) - client-411D9B923220->a24a5d44-532e-4ff6-8e9a-f2506e5c1784: receive RaftClientReply:client-411D9B923220->a24a5d44-532e-4ff6-8e9a-f2506e5c1784@group-A3ADB0FA2990, cid=45, SUCCESS, logIndex=1, commits[a24a5d44-532e-4ff6-8e9a-f2506e5c1784:c2, 54a7770c-e3e5-4c4a-b2d5-1e155816e439:c1, dc57de79-aaca-47f1-971f-bd2f7461306f:c1]
2019-09-03 09:40:18,674 | INFO  | DNAudit | user=null | ip=null | op=CREATE_CONTAINER {containerID=1, containerType=KeyValueContainer} | ret=SUCCESS |  
2019-09-03 09:40:18,675 | INFO  | SCMAudit | user=jenkins1000 | ip=192.168.69.126 | op=SEND_HEARTBEAT {datanodeUUID=54a7770c-e3e5-4c4a-b2d5-1e155816e439, command=[]} | ret=SUCCESS |  
2019-09-03 09:40:18,697 | INFO  | DNAudit | user=null | ip=null | op=CREATE_CONTAINER {containerID=1, containerType=KeyValueContainer} | ret=SUCCESS |  
2019-09-03 09:40:18,698 | INFO  | SCMAudit | user=jenkins1000 | ip=192.168.69.126 | op=SEND_HEARTBEAT {datanodeUUID=dc57de79-aaca-47f1-971f-bd2f7461306f, command=[]} | ret=SUCCESS |  
2019-09-03 09:40:18,735 | INFO  | SCMAudit | user=jenkins1000 | ip=192.168.69.126 | op=SEND_HEARTBEAT {datanodeUUID=f1e690fe-d9d6-4f9a-b28d-4fa21d7465dc, command=[]} | ret=SUCCESS |  
2019-09-03 09:40:18,839 | INFO  | DNAudit | user=null | ip=null | op=CREATE_CONTAINER {containerID=2, containerType=KeyValueContainer} | ret=SUCCESS |  
2019-09-03 09:40:18,839 | INFO  | DNAudit | user=null | ip=null | op=CREATE_CONTAINER {containerID=2, containerType=KeyValueContainer} | ret=SUCCESS |  
2019-09-03 09:40:18,851 | INFO  | SCMAudit | user=jenkins1000 | ip=192.168.69.126 | op=SEND_HEARTBEAT {datanodeUUID=54a7770c-e3e5-4c4a-b2d5-1e155816e439, command=[]} | ret=SUCCESS |  
2019-09-03 09:40:18,851 | INFO  | SCMAudit | user=jenkins1000 | ip=192.168.69.126 | op=SEND_HEARTBEAT {datanodeUUID=a24a5d44-532e-4ff6-8e9a-f2506e5c1784, command=[]} | ret=SUCCESS |  
2019-09-03 09:40:18,851 [grpc-default-executor-3] INFO  client.GrpcClientProtocolClient (GrpcClientProtocolClient.java:onNext(255)) - client-411D9B923220->a24a5d44-532e-4ff6-8e9a-f2506e5c1784: receive RaftClientReply:client-411D9B923220->a24a5d44-532e-4ff6-8e9a-f2506e5c1784@group-A3ADB0FA2990, cid=46, SUCCESS, logIndex=3, commits[a24a5d44-532e-4ff6-8e9a-f2506e5c1784:c4, 54a7770c-e3e5-4c4a-b2d5-1e155816e439:c3, dc57de79-aaca-47f1-971f-bd2f7461306f:c3]
2019-09-03 09:40:18,865 | INFO  | DNAudit | user=null | ip=null | op=CREATE_CONTAINER {containerID=2, containerType=KeyValueContainer} | ret=SUCCESS |  
2019-09-03 09:40:18,869 | INFO  | SCMAudit | user=jenkins1000 | ip=192.168.69.126 | op=SEND_HEARTBEAT {datanodeUUID=dc57de79-aaca-47f1-971f-bd2f7461306f, command=[]} | ret=SUCCESS |  
2019-09-03 09:40:18,985 | INFO  | DNAudit | user=null | ip=null | op=CREATE_CONTAINER {containerID=3, containerType=KeyValueContainer} | ret=SUCCESS |  
2019-09-03 09:40:18,986 | INFO  | SCMAudit | user=jenkins1000 | ip=192.168.69.126 | op=SEND_HEARTBEAT {datanodeUUID=54a7770c-e3e5-4c4a-b2d5-1e155816e439, command=[]} | ret=SUCCESS |  
2019-09-03 09:40:18,989 | INFO  | SCMAudit | user=jenkins1000 | ip=192.168.69.126 | op=SEND_HEARTBEAT {datanodeUUID=30b1b43b-2ac1-4227-ba9d-0d794daadc3a, command=[]} | ret=SUCCESS |  
2019-09-03 09:40:19,028 | INFO  | DNAudit | user=null | ip=null | op=CREATE_CONTAINER {containerID=3, containerType=KeyValueContainer} | ret=SUCCESS |  
2019-09-03 09:40:19,028 | INFO  | DNAudit | user=null | ip=null | op=CREATE_CONTAINER {containerID=3, containerType=KeyValueContainer} | ret=SUCCESS |  
2019-09-03 09:40:19,029 | INFO  | SCMAudit | user=jenkins1000 | ip=192.168.69.126 | op=SEND_HEARTBEAT {datanodeUUID=a24a5d44-532e-4ff6-8e9a-f2506e5c1784, command=[]} | ret=SUCCESS |  
2019-09-03 09:40:19,030 | INFO  | SCMAudit | user=jenkins1000 | ip=192.168.69.126 | op=SEND_HEARTBEAT {datanodeUUID=dc57de79-aaca-47f1-971f-bd2f7461306f, command=[]} | ret=SUCCESS |  
2019-09-03 09:40:19,031 [grpc-default-executor-3] INFO  client.GrpcClientProtocolClient (GrpcClientProtocolClient.java:onNext(255)) - client-411D9B923220->a24a5d44-532e-4ff6-8e9a-f2506e5c1784: receive RaftClientReply:client-411D9B923220->a24a5d44-532e-4ff6-8e9a-f2506e5c1784@group-A3ADB0FA2990, cid=47, SUCCESS, logIndex=5, commits[a24a5d44-532e-4ff6-8e9a-f2506e5c1784:c6, 54a7770c-e3e5-4c4a-b2d5-1e155816e439:c5, dc57de79-aaca-47f1-971f-bd2f7461306f:c5]
2019-09-03 09:40:19,188 | INFO  | SCMAudit | user=jenkins1000 | ip=192.168.69.126 | op=SEND_HEARTBEAT {datanodeUUID=fbf90420-a45e-48ce-b982-ff6e0a18d7ed, command=[]} | ret=SUCCESS |  
2019-09-03 09:40:19,534 | INFO  | SCMAudit | user=jenkins1000 | ip=192.168.69.126 | op=SEND_HEARTBEAT {datanodeUUID=5f62d077-1cb0-4aa3-be9b-0f443f88c284, command=[]} | ret=SUCCESS |  
2019-09-03 09:40:19,736 | INFO  | SCMAudit | user=jenkins1000 | ip=192.168.69.126 | op=SEND_HEARTBEAT {datanodeUUID=f1e690fe-d9d6-4f9a-b28d-4fa21d7465dc, command=[]} | ret=SUCCESS |  
2019-09-03 09:40:19,988 | INFO  | SCMAudit | user=jenkins1000 | ip=192.168.69.126 | op=SEND_HEARTBEAT {datanodeUUID=54a7770c-e3e5-4c4a-b2d5-1e155816e439, command=[]} | ret=SUCCESS |  
2019-09-03 09:40:19,988 | INFO  | SCMAudit | user=jenkins1000 | ip=192.168.69.126 | op=SEND_HEARTBEAT {datanodeUUID=30b1b43b-2ac1-4227-ba9d-0d794daadc3a, command=[]} | ret=SUCCESS |  
2019-09-03 09:40:20,029 | INFO  | SCMAudit | user=jenkins1000 | ip=192.168.69.126 | op=SEND_HEARTBEAT {datanodeUUID=a24a5d44-532e-4ff6-8e9a-f2506e5c1784, command=[]} | ret=SUCCESS |  
2019-09-03 09:40:20,029 | INFO  | SCMAudit | user=jenkins1000 | ip=192.168.69.126 | op=SEND_HEARTBEAT {datanodeUUID=dc57de79-aaca-47f1-971f-bd2f7461306f, command=[]} | ret=SUCCESS |  
2019-09-03 09:40:20,187 | INFO  | SCMAudit | user=jenkins1000 | ip=192.168.69.126 | op=SEND_HEARTBEAT {datanodeUUID=fbf90420-a45e-48ce-b982-ff6e0a18d7ed, command=[]} | ret=SUCCESS |  
2019-09-03 09:40:20,534 | INFO  | SCMAudit | user=jenkins1000 | ip=192.168.69.126 | op=SEND_HEARTBEAT {datanodeUUID=5f62d077-1cb0-4aa3-be9b-0f443f88c284, command=[]} | ret=SUCCESS |  
2019-09-03 09:40:20,736 | INFO  | SCMAudit | user=jenkins1000 | ip=192.168.69.126 | op=SEND_HEARTBEAT {datanodeUUID=f1e690fe-d9d6-4f9a-b28d-4fa21d7465dc, command=[]} | ret=SUCCESS |  
2019-09-03 09:40:20,988 | INFO  | SCMAudit | user=jenkins1000 | ip=192.168.69.126 | op=SEND_HEARTBEAT {datanodeUUID=54a7770c-e3e5-4c4a-b2d5-1e155816e439, command=[]} | ret=SUCCESS |  
2019-09-03 09:40:20,989 | INFO  | SCMAudit | user=jenkins1000 | ip=192.168.69.126 | op=SEND_HEARTBEAT {datanodeUUID=30b1b43b-2ac1-4227-ba9d-0d794daadc3a, command=[]} | ret=SUCCESS |  
2019-09-03 09:40:21,031 | INFO  | SCMAudit | user=jenkins1000 | ip=192.168.69.126 | op=SEND_HEARTBEAT {datanodeUUID=dc57de79-aaca-47f1-971f-bd2f7461306f, command=[]} | ret=SUCCESS |  
2019-09-03 09:40:21,031 | INFO  | SCMAudit | user=jenkins1000 | ip=192.168.69.126 | op=SEND_HEARTBEAT {datanodeUUID=a24a5d44-532e-4ff6-8e9a-f2506e5c1784, command=[]} | ret=SUCCESS |  
2019-09-03 09:40:21,189 | INFO  | SCMAudit | user=jenkins1000 | ip=192.168.69.126 | op=SEND_HEARTBEAT {datanodeUUID=fbf90420-a45e-48ce-b982-ff6e0a18d7ed, command=[]} | ret=SUCCESS |  
2019-09-03 09:40:21,534 | INFO  | SCMAudit | user=jenkins1000 | ip=192.168.69.126 | op=SEND_HEARTBEAT {datanodeUUID=5f62d077-1cb0-4aa3-be9b-0f443f88c284, command=[]} | ret=SUCCESS |  
2019-09-03 09:40:21,736 | INFO  | SCMAudit | user=jenkins1000 | ip=192.168.69.126 | op=SEND_HEARTBEAT {datanodeUUID=f1e690fe-d9d6-4f9a-b28d-4fa21d7465dc, command=[]} | ret=SUCCESS |  
2019-09-03 09:40:21,988 | INFO  | SCMAudit | user=jenkins1000 | ip=192.168.69.126 | op=SEND_HEARTBEAT {datanodeUUID=54a7770c-e3e5-4c4a-b2d5-1e155816e439, command=[]} | ret=SUCCESS |  
2019-09-03 09:40:21,989 | INFO  | SCMAudit | user=jenkins1000 | ip=192.168.69.126 | op=SEND_HEARTBEAT {datanodeUUID=30b1b43b-2ac1-4227-ba9d-0d794daadc3a, command=[]} | ret=SUCCESS |  
2019-09-03 09:40:22,029 | INFO  | SCMAudit | user=jenkins1000 | ip=192.168.69.126 | op=SEND_HEARTBEAT {datanodeUUID=dc57de79-aaca-47f1-971f-bd2f7461306f, command=[]} | ret=SUCCESS |  
2019-09-03 09:40:22,029 | INFO  | SCMAudit | user=jenkins1000 | ip=192.168.69.126 | op=SEND_HEARTBEAT {datanodeUUID=a24a5d44-532e-4ff6-8e9a-f2506e5c1784, command=[]} | ret=SUCCESS |  
2019-09-03 09:40:22,188 | INFO  | SCMAudit | user=jenkins1000 | ip=192.168.69.126 | op=SEND_HEARTBEAT {datanodeUUID=fbf90420-a45e-48ce-b982-ff6e0a18d7ed, command=[]} | ret=SUCCESS |  
2019-09-03 09:40:22,534 | INFO  | SCMAudit | user=jenkins1000 | ip=192.168.69.126 | op=SEND_HEARTBEAT {datanodeUUID=5f62d077-1cb0-4aa3-be9b-0f443f88c284, command=[]} | ret=SUCCESS |  
2019-09-03 09:40:22,736 | INFO  | SCMAudit | user=jenkins1000 | ip=192.168.69.126 | op=SEND_HEARTBEAT {datanodeUUID=f1e690fe-d9d6-4f9a-b28d-4fa21d7465dc, command=[]} | ret=SUCCESS |  
2019-09-03 09:40:22,988 | INFO  | SCMAudit | user=jenkins1000 | ip=192.168.69.126 | op=SEND_HEARTBEAT {datanodeUUID=54a7770c-e3e5-4c4a-b2d5-1e155816e439, command=[]} | ret=SUCCESS |  
2019-09-03 09:40:22,988 | INFO  | SCMAudit | user=jenkins1000 | ip=192.168.69.126 | op=SEND_HEARTBEAT {datanodeUUID=30b1b43b-2ac1-4227-ba9d-0d794daadc3a, command=[]} | ret=SUCCESS |  
2019-09-03 09:40:23,029 | INFO  | SCMAudit | user=jenkins1000 | ip=192.168.69.126 | op=SEND_HEARTBEAT {datanodeUUID=a24a5d44-532e-4ff6-8e9a-f2506e5c1784, command=[]} | ret=SUCCESS |  
2019-09-03 09:40:23,030 | INFO  | SCMAudit | user=jenkins1000 | ip=192.168.69.126 | op=SEND_HEARTBEAT {datanodeUUID=dc57de79-aaca-47f1-971f-bd2f7461306f, command=[]} | ret=SUCCESS |  
2019-09-03 09:40:23,189 | INFO  | SCMAudit | user=jenkins1000 | ip=192.168.69.126 | op=SEND_HEARTBEAT {datanodeUUID=fbf90420-a45e-48ce-b982-ff6e0a18d7ed, command=[]} | ret=SUCCESS |  
2019-09-03 09:40:23,534 | INFO  | SCMAudit | user=jenkins1000 | ip=192.168.69.126 | op=SEND_HEARTBEAT {datanodeUUID=5f62d077-1cb0-4aa3-be9b-0f443f88c284, command=[]} | ret=SUCCESS |  
2019-09-03 09:40:23,736 | INFO  | SCMAudit | user=jenkins1000 | ip=192.168.69.126 | op=SEND_HEARTBEAT {datanodeUUID=f1e690fe-d9d6-4f9a-b28d-4fa21d7465dc, command=[]} | ret=SUCCESS |  
2019-09-03 09:40:23,988 | INFO  | SCMAudit | user=jenkins1000 | ip=192.168.69.126 | op=SEND_HEARTBEAT {datanodeUUID=54a7770c-e3e5-4c4a-b2d5-1e155816e439, command=[]} | ret=SUCCESS |  
2019-09-03 09:40:23,988 | INFO  | SCMAudit | user=jenkins1000 | ip=192.168.69.126 | op=SEND_HEARTBEAT {datanodeUUID=30b1b43b-2ac1-4227-ba9d-0d794daadc3a, command=[]} | ret=SUCCESS |  
2019-09-03 09:40:24,030 | INFO  | SCMAudit | user=jenkins1000 | ip=192.168.69.126 | op=SEND_HEARTBEAT {datanodeUUID=a24a5d44-532e-4ff6-8e9a-f2506e5c1784, command=[]} | ret=SUCCESS |  
2019-09-03 09:40:24,030 | INFO  | SCMAudit | user=jenkins1000 | ip=192.168.69.126 | op=SEND_HEARTBEAT {datanodeUUID=dc57de79-aaca-47f1-971f-bd2f7461306f, command=[]} | ret=SUCCESS |  
2019-09-03 09:40:24,093 [grpc-default-executor-3] INFO  client.GrpcClientProtocolClient (GrpcClientProtocolClient.java:onNext(255)) - client-411D9B923220->54a7770c-e3e5-4c4a-b2d5-1e155816e439: receive RaftClientReply:client-411D9B923220->54a7770c-e3e5-4c4a-b2d5-1e155816e439@group-A3ADB0FA2990, cid=48, FAILED org.apache.ratis.protocol.NotLeaderException: Server 54a7770c-e3e5-4c4a-b2d5-1e155816e439 is not the leader (a24a5d44-532e-4ff6-8e9a-f2506e5c1784:192.168.69.126:37019). Request must be sent to leader., logIndex=0, commits[54a7770c-e3e5-4c4a-b2d5-1e155816e439:c8, dc57de79-aaca-47f1-971f-bd2f7461306f:c8, a24a5d44-532e-4ff6-8e9a-f2506e5c1784:c8]
2019-09-03 09:40:24,189 | INFO  | SCMAudit | user=jenkins1000 | ip=192.168.69.126 | op=SEND_HEARTBEAT {datanodeUUID=fbf90420-a45e-48ce-b982-ff6e0a18d7ed, command=[]} | ret=SUCCESS |  
2019-09-03 09:40:24,534 | INFO  | SCMAudit | user=jenkins1000 | ip=192.168.69.126 | op=SEND_HEARTBEAT {datanodeUUID=5f62d077-1cb0-4aa3-be9b-0f443f88c284, command=[]} | ret=SUCCESS |  
2019-09-03 09:40:24,736 | INFO  | SCMAudit | user=jenkins1000 | ip=192.168.69.126 | op=SEND_HEARTBEAT {datanodeUUID=f1e690fe-d9d6-4f9a-b28d-4fa21d7465dc, command=[]} | ret=SUCCESS |  
2019-09-03 09:40:24,988 | INFO  | SCMAudit | user=jenkins1000 | ip=192.168.69.126 | op=SEND_HEARTBEAT {datanodeUUID=54a7770c-e3e5-4c4a-b2d5-1e155816e439, command=[]} | ret=SUCCESS |  
2019-09-03 09:40:24,988 | INFO  | SCMAudit | user=jenkins1000 | ip=192.168.69.126 | op=SEND_HEARTBEAT {datanodeUUID=30b1b43b-2ac1-4227-ba9d-0d794daadc3a, command=[]} | ret=SUCCESS |  
2019-09-03 09:40:25,030 | INFO  | SCMAudit | user=jenkins1000 | ip=192.168.69.126 | op=SEND_HEARTBEAT {datanodeUUID=a24a5d44-532e-4ff6-8e9a-f2506e5c1784, command=[]} | ret=SUCCESS |  
2019-09-03 09:40:25,031 | INFO  | SCMAudit | user=jenkins1000 | ip=192.168.69.126 | op=SEND_HEARTBEAT {datanodeUUID=dc57de79-aaca-47f1-971f-bd2f7461306f, command=[]} | ret=SUCCESS |  
2019-09-03 09:40:25,189 | INFO  | SCMAudit | user=jenkins1000 | ip=192.168.69.126 | op=SEND_HEARTBEAT {datanodeUUID=fbf90420-a45e-48ce-b982-ff6e0a18d7ed, command=[]} | ret=SUCCESS |  
2019-09-03 09:40:25,534 | INFO  | SCMAudit | user=jenkins1000 | ip=192.168.69.126 | op=SEND_HEARTBEAT {datanodeUUID=5f62d077-1cb0-4aa3-be9b-0f443f88c284, command=[]} | ret=SUCCESS |  
2019-09-03 09:40:25,736 | INFO  | SCMAudit | user=jenkins1000 | ip=192.168.69.126 | op=SEND_HEARTBEAT {datanodeUUID=f1e690fe-d9d6-4f9a-b28d-4fa21d7465dc, command=[]} | ret=SUCCESS |  
2019-09-03 09:40:25,988 | INFO  | SCMAudit | user=jenkins1000 | ip=192.168.69.126 | op=SEND_HEARTBEAT {datanodeUUID=54a7770c-e3e5-4c4a-b2d5-1e155816e439, command=[]} | ret=SUCCESS |  
2019-09-03 09:40:25,989 | INFO  | SCMAudit | user=jenkins1000 | ip=192.168.69.126 | op=SEND_HEARTBEAT {datanodeUUID=30b1b43b-2ac1-4227-ba9d-0d794daadc3a, command=[]} | ret=SUCCESS |  
2019-09-03 09:40:26,029 | INFO  | SCMAudit | user=jenkins1000 | ip=192.168.69.126 | op=SEND_HEARTBEAT {datanodeUUID=a24a5d44-532e-4ff6-8e9a-f2506e5c1784, command=[]} | ret=SUCCESS |  
2019-09-03 09:40:26,031 | INFO  | SCMAudit | user=jenkins1000 | ip=192.168.69.126 | op=SEND_HEARTBEAT {datanodeUUID=dc57de79-aaca-47f1-971f-bd2f7461306f, command=[]} | ret=SUCCESS |  
2019-09-03 09:40:26,189 | INFO  | SCMAudit | user=jenkins1000 | ip=192.168.69.126 | op=SEND_HEARTBEAT {datanodeUUID=fbf90420-a45e-48ce-b982-ff6e0a18d7ed, command=[]} | ret=SUCCESS |  
2019-09-03 09:40:26,534 | INFO  | SCMAudit | user=jenkins1000 | ip=192.168.69.126 | op=SEND_HEARTBEAT {datanodeUUID=5f62d077-1cb0-4aa3-be9b-0f443f88c284, command=[]} | ret=SUCCESS |  
2019-09-03 09:40:26,736 | INFO  | SCMAudit | user=jenkins1000 | ip=192.168.69.126 | op=SEND_HEARTBEAT {datanodeUUID=f1e690fe-d9d6-4f9a-b28d-4fa21d7465dc, command=[]} | ret=SUCCESS |  
2019-09-03 09:40:26,988 | INFO  | SCMAudit | user=jenkins1000 | ip=192.168.69.126 | op=SEND_HEARTBEAT {datanodeUUID=54a7770c-e3e5-4c4a-b2d5-1e155816e439, command=[]} | ret=SUCCESS |  
2019-09-03 09:40:26,989 | INFO  | SCMAudit | user=jenkins1000 | ip=192.168.69.126 | op=SEND_HEARTBEAT {datanodeUUID=30b1b43b-2ac1-4227-ba9d-0d794daadc3a, command=[]} | ret=SUCCESS |  
2019-09-03 09:40:27,030 | INFO  | SCMAudit | user=jenkins1000 | ip=192.168.69.126 | op=SEND_HEARTBEAT {datanodeUUID=a24a5d44-532e-4ff6-8e9a-f2506e5c1784, command=[]} | ret=SUCCESS |  
2019-09-03 09:40:27,031 | INFO  | SCMAudit | user=jenkins1000 | ip=192.168.69.126 | op=SEND_HEARTBEAT {datanodeUUID=dc57de79-aaca-47f1-971f-bd2f7461306f, command=[]} | ret=SUCCESS |  
2019-09-03 09:40:27,189 | INFO  | SCMAudit | user=jenkins1000 | ip=192.168.69.126 | op=SEND_HEARTBEAT {datanodeUUID=fbf90420-a45e-48ce-b982-ff6e0a18d7ed, command=[]} | ret=SUCCESS |  
2019-09-03 09:40:27,535 | INFO  | SCMAudit | user=jenkins1000 | ip=192.168.69.126 | op=SEND_HEARTBEAT {datanodeUUID=5f62d077-1cb0-4aa3-be9b-0f443f88c284, command=[]} | ret=SUCCESS |  
2019-09-03 09:40:27,736 | INFO  | SCMAudit | user=jenkins1000 | ip=192.168.69.126 | op=SEND_HEARTBEAT {datanodeUUID=f1e690fe-d9d6-4f9a-b28d-4fa21d7465dc, command=[]} | ret=SUCCESS |  
2019-09-03 09:40:27,988 | INFO  | SCMAudit | user=jenkins1000 | ip=192.168.69.126 | op=SEND_HEARTBEAT {datanodeUUID=54a7770c-e3e5-4c4a-b2d5-1e155816e439, command=[]} | ret=SUCCESS |  
2019-09-03 09:40:27,988 | INFO  | SCMAudit | user=jenkins1000 | ip=192.168.69.126 | op=SEND_HEARTBEAT {datanodeUUID=30b1b43b-2ac1-4227-ba9d-0d794daadc3a, command=[]} | ret=SUCCESS |  
2019-09-03 09:40:28,031 | INFO  | SCMAudit | user=jenkins1000 | ip=192.168.69.126 | op=SEND_HEARTBEAT {datanodeUUID=a24a5d44-532e-4ff6-8e9a-f2506e5c1784, command=[]} | ret=SUCCESS |  
2019-09-03 09:40:28,031 | INFO  | SCMAudit | user=jenkins1000 | ip=192.168.69.126 | op=SEND_HEARTBEAT {datanodeUUID=dc57de79-aaca-47f1-971f-bd2f7461306f, command=[]} | ret=SUCCESS |  
2019-09-03 09:40:28,189 | INFO  | SCMAudit | user=jenkins1000 | ip=192.168.69.126 | op=SEND_HEARTBEAT {datanodeUUID=fbf90420-a45e-48ce-b982-ff6e0a18d7ed, command=[]} | ret=SUCCESS |  
2019-09-03 09:40:28,534 | INFO  | SCMAudit | user=jenkins1000 | ip=192.168.69.126 | op=SEND_HEARTBEAT {datanodeUUID=5f62d077-1cb0-4aa3-be9b-0f443f88c284, command=[]} | ret=SUCCESS |  
2019-09-03 09:40:28,736 | INFO  | SCMAudit | user=jenkins1000 | ip=192.168.69.126 | op=SEND_HEARTBEAT {datanodeUUID=f1e690fe-d9d6-4f9a-b28d-4fa21d7465dc, command=[]} | ret=SUCCESS |  
2019-09-03 09:40:28,988 | INFO  | SCMAudit | user=jenkins1000 | ip=192.168.69.126 | op=SEND_HEARTBEAT {datanodeUUID=54a7770c-e3e5-4c4a-b2d5-1e155816e439, command=[]} | ret=SUCCESS |  
2019-09-03 09:40:28,989 | INFO  | SCMAudit | user=jenkins1000 | ip=192.168.69.126 | op=SEND_HEARTBEAT {datanodeUUID=30b1b43b-2ac1-4227-ba9d-0d794daadc3a, command=[]} | ret=SUCCESS |  
2019-09-03 09:40:29,031 | INFO  | SCMAudit | user=jenkins1000 | ip=192.168.69.126 | op=SEND_HEARTBEAT {datanodeUUID=a24a5d44-532e-4ff6-8e9a-f2506e5c1784, command=[]} | ret=SUCCESS |  
2019-09-03 09:40:29,032 | INFO  | SCMAudit | user=jenkins1000 | ip=192.168.69.126 | op=SEND_HEARTBEAT {datanodeUUID=dc57de79-aaca-47f1-971f-bd2f7461306f, command=[]} | ret=SUCCESS |  
2019-09-03 09:40:29,138 [grpc-default-executor-3] INFO  client.GrpcClientProtocolClient (GrpcClientProtocolClient.java:onNext(255)) - client-411D9B923220->54a7770c-e3e5-4c4a-b2d5-1e155816e439: receive RaftClientReply:client-411D9B923220->54a7770c-e3e5-4c4a-b2d5-1e155816e439@group-A3ADB0FA2990, cid=48, FAILED org.apache.ratis.protocol.NotLeaderException: Server 54a7770c-e3e5-4c4a-b2d5-1e155816e439 is not the leader (a24a5d44-532e-4ff6-8e9a-f2506e5c1784:192.168.69.126:37019). Request must be sent to leader., logIndex=0, commits[54a7770c-e3e5-4c4a-b2d5-1e155816e439:c8, dc57de79-aaca-47f1-971f-bd2f7461306f:c8, a24a5d44-532e-4ff6-8e9a-f2506e5c1784:c8]
2019-09-03 09:40:29,189 | INFO  | SCMAudit | user=jenkins1000 | ip=192.168.69.126 | op=SEND_HEARTBEAT {datanodeUUID=fbf90420-a45e-48ce-b982-ff6e0a18d7ed, command=[]} | ret=SUCCESS |  
2019-09-03 09:40:29,534 | INFO  | SCMAudit | user=jenkins1000 | ip=192.168.69.126 | op=SEND_HEARTBEAT {datanodeUUID=5f62d077-1cb0-4aa3-be9b-0f443f88c284, command=[]} | ret=SUCCESS |  
2019-09-03 09:40:29,736 | INFO  | SCMAudit | user=jenkins1000 | ip=192.168.69.126 | op=SEND_HEARTBEAT {datanodeUUID=f1e690fe-d9d6-4f9a-b28d-4fa21d7465dc, command=[]} | ret=SUCCESS |  
2019-09-03 09:40:29,988 | INFO  | SCMAudit | user=jenkins1000 | ip=192.168.69.126 | op=SEND_HEARTBEAT {datanodeUUID=54a7770c-e3e5-4c4a-b2d5-1e155816e439, command=[]} | ret=SUCCESS |  
2019-09-03 09:40:29,989 | INFO  | SCMAudit | user=jenkins1000 | ip=192.168.69.126 | op=SEND_HEARTBEAT {datanodeUUID=30b1b43b-2ac1-4227-ba9d-0d794daadc3a, command=[]} | ret=SUCCESS |  
2019-09-03 09:40:30,030 | INFO  | SCMAudit | user=jenkins1000 | ip=192.168.69.126 | op=SEND_HEARTBEAT {datanodeUUID=a24a5d44-532e-4ff6-8e9a-f2506e5c1784, command=[]} | ret=SUCCESS |  
2019-09-03 09:40:30,033 | INFO  | SCMAudit | user=jenkins1000 | ip=192.168.69.126 | op=SEND_HEARTBEAT {datanodeUUID=dc57de79-aaca-47f1-971f-bd2f7461306f, command=[]} | ret=SUCCESS |  
2019-09-03 09:40:30,189 | INFO  | SCMAudit | user=jenkins1000 | ip=192.168.69.126 | op=SEND_HEARTBEAT {datanodeUUID=fbf90420-a45e-48ce-b982-ff6e0a18d7ed, command=[]} | ret=SUCCESS |  
2019-09-03 09:40:30,533 | INFO  | SCMAudit | user=jenkins1000 | ip=192.168.69.126 | op=SEND_HEARTBEAT {datanodeUUID=5f62d077-1cb0-4aa3-be9b-0f443f88c284, command=[]} | ret=SUCCESS |  
2019-09-03 09:40:30,736 | INFO  | SCMAudit | user=jenkins1000 | ip=192.168.69.126 | op=SEND_HEARTBEAT {datanodeUUID=f1e690fe-d9d6-4f9a-b28d-4fa21d7465dc, command=[]} | ret=SUCCESS |  
2019-09-03 09:40:30,988 | INFO  | SCMAudit | user=jenkins1000 | ip=192.168.69.126 | op=SEND_HEARTBEAT {datanodeUUID=54a7770c-e3e5-4c4a-b2d5-1e155816e439, command=[]} | ret=SUCCESS |  
2019-09-03 09:40:30,988 | INFO  | SCMAudit | user=jenkins1000 | ip=192.168.69.126 | op=SEND_HEARTBEAT {datanodeUUID=30b1b43b-2ac1-4227-ba9d-0d794daadc3a, command=[]} | ret=SUCCESS |  
2019-09-03 09:40:31,031 | INFO  | SCMAudit | user=jenkins1000 | ip=192.168.69.126 | op=SEND_HEARTBEAT {datanodeUUID=a24a5d44-532e-4ff6-8e9a-f2506e5c1784, command=[]} | ret=SUCCESS |  
2019-09-03 09:40:31,032 | INFO  | SCMAudit | user=jenkins1000 | ip=192.168.69.126 | op=SEND_HEARTBEAT {datanodeUUID=dc57de79-aaca-47f1-971f-bd2f7461306f, command=[]} | ret=SUCCESS |  
2019-09-03 09:40:31,190 | INFO  | SCMAudit | user=jenkins1000 | ip=192.168.69.126 | op=SEND_HEARTBEAT {datanodeUUID=fbf90420-a45e-48ce-b982-ff6e0a18d7ed, command=[]} | ret=SUCCESS |  
2019-09-03 09:40:31,534 | INFO  | SCMAudit | user=jenkins1000 | ip=192.168.69.126 | op=SEND_HEARTBEAT {datanodeUUID=5f62d077-1cb0-4aa3-be9b-0f443f88c284, command=[]} | ret=SUCCESS |  
2019-09-03 09:40:31,736 | INFO  | SCMAudit | user=jenkins1000 | ip=192.168.69.126 | op=SEND_HEARTBEAT {datanodeUUID=f1e690fe-d9d6-4f9a-b28d-4fa21d7465dc, command=[]} | ret=SUCCESS |  
2019-09-03 09:40:31,988 | INFO  | SCMAudit | user=jenkins1000 | ip=192.168.69.126 | op=SEND_HEARTBEAT {datanodeUUID=54a7770c-e3e5-4c4a-b2d5-1e155816e439, command=[]} | ret=SUCCESS |  
2019-09-03 09:40:31,989 | INFO  | SCMAudit | user=jenkins1000 | ip=192.168.69.126 | op=SEND_HEARTBEAT {datanodeUUID=30b1b43b-2ac1-4227-ba9d-0d794daadc3a, command=[]} | ret=SUCCESS |  
2019-09-03 09:40:32,031 | INFO  | SCMAudit | user=jenkins1000 | ip=192.168.69.126 | op=SEND_HEARTBEAT {datanodeUUID=a24a5d44-532e-4ff6-8e9a-f2506e5c1784, command=[]} | ret=SUCCESS |  
2019-09-03 09:40:32,033 | INFO  | SCMAudit | user=jenkins1000 | ip=192.168.69.126 | op=SEND_HEARTBEAT {datanodeUUID=dc57de79-aaca-47f1-971f-bd2f7461306f, command=[]} | ret=SUCCESS |  
2019-09-03 09:40:32,190 | INFO  | SCMAudit | user=jenkins1000 | ip=192.168.69.126 | op=SEND_HEARTBEAT {datanodeUUID=fbf90420-a45e-48ce-b982-ff6e0a18d7ed, command=[]} | ret=SUCCESS |  
2019-09-03 09:40:32,534 | INFO  | SCMAudit | user=jenkins1000 | ip=192.168.69.126 | op=SEND_HEARTBEAT {datanodeUUID=5f62d077-1cb0-4aa3-be9b-0f443f88c284, command=[]} | ret=SUCCESS |  
2019-09-03 09:40:32,735 | INFO  | SCMAudit | user=jenkins1000 | ip=192.168.69.126 | op=SEND_HEARTBEAT {datanodeUUID=f1e690fe-d9d6-4f9a-b28d-4fa21d7465dc, command=[]} | ret=SUCCESS |  
2019-09-03 09:40:32,988 | INFO  | SCMAudit | user=jenkins1000 | ip=192.168.69.126 | op=SEND_HEARTBEAT {datanodeUUID=54a7770c-e3e5-4c4a-b2d5-1e155816e439, command=[]} | ret=SUCCESS |  
2019-09-03 09:40:32,988 | INFO  | SCMAudit | user=jenkins1000 | ip=192.168.69.126 | op=SEND_HEARTBEAT {datanodeUUID=30b1b43b-2ac1-4227-ba9d-0d794daadc3a, command=[]} | ret=SUCCESS |  
2019-09-03 09:40:33,032 | INFO  | SCMAudit | user=jenkins1000 | ip=192.168.69.126 | op=SEND_HEARTBEAT {datanodeUUID=a24a5d44-532e-4ff6-8e9a-f2506e5c1784, command=[]} | ret=SUCCESS |  
2019-09-03 09:40:33,032 | INFO  | SCMAudit | user=jenkins1000 | ip=192.168.69.126 | op=SEND_HEARTBEAT {datanodeUUID=dc57de79-aaca-47f1-971f-bd2f7461306f, command=[]} | ret=SUCCESS |  
2019-09-03 09:40:33,189 | INFO  | SCMAudit | user=jenkins1000 | ip=192.168.69.126 | op=SEND_HEARTBEAT {datanodeUUID=fbf90420-a45e-48ce-b982-ff6e0a18d7ed, command=[]} | ret=SUCCESS |  
2019-09-03 09:40:33,535 | INFO  | SCMAudit | user=jenkins1000 | ip=192.168.69.126 | op=SEND_HEARTBEAT {datanodeUUID=5f62d077-1cb0-4aa3-be9b-0f443f88c284, command=[]} | ret=SUCCESS |  
2019-09-03 09:40:33,736 | INFO  | SCMAudit | user=jenkins1000 | ip=192.168.69.126 | op=SEND_HEARTBEAT {datanodeUUID=f1e690fe-d9d6-4f9a-b28d-4fa21d7465dc, command=[]} | ret=SUCCESS |  
2019-09-03 09:40:33,988 | INFO  | SCMAudit | user=jenkins1000 | ip=192.168.69.126 | op=SEND_HEARTBEAT {datanodeUUID=30b1b43b-2ac1-4227-ba9d-0d794daadc3a, command=[]} | ret=SUCCESS |  
2019-09-03 09:40:33,988 | INFO  | SCMAudit | user=jenkins1000 | ip=192.168.69.126 | op=SEND_HEARTBEAT {datanodeUUID=54a7770c-e3e5-4c4a-b2d5-1e155816e439, command=[]} | ret=SUCCESS |  
2019-09-03 09:40:34,033 | INFO  | SCMAudit | user=jenkins1000 | ip=192.168.69.126 | op=SEND_HEARTBEAT {datanodeUUID=dc57de79-aaca-47f1-971f-bd2f7461306f, command=[]} | ret=SUCCESS |  
2019-09-03 09:40:34,033 | INFO  | SCMAudit | user=jenkins1000 | ip=192.168.69.126 | op=SEND_HEARTBEAT {datanodeUUID=a24a5d44-532e-4ff6-8e9a-f2506e5c1784, command=[]} | ret=SUCCESS |  
2019-09-03 09:40:34,185 [grpc-default-executor-4] INFO  client.GrpcClientProtocolClient (GrpcClientProtocolClient.java:onNext(255)) - client-411D9B923220->54a7770c-e3e5-4c4a-b2d5-1e155816e439: receive RaftClientReply:client-411D9B923220->54a7770c-e3e5-4c4a-b2d5-1e155816e439@group-A3ADB0FA2990, cid=48, FAILED org.apache.ratis.protocol.NotLeaderException: Server 54a7770c-e3e5-4c4a-b2d5-1e155816e439 is not the leader (a24a5d44-532e-4ff6-8e9a-f2506e5c1784:192.168.69.126:37019). Request must be sent to leader., logIndex=0, commits[54a7770c-e3e5-4c4a-b2d5-1e155816e439:c8, dc57de79-aaca-47f1-971f-bd2f7461306f:c8, a24a5d44-532e-4ff6-8e9a-f2506e5c1784:c8]
2019-09-03 09:40:34,193 | INFO  | SCMAudit | user=jenkins1000 | ip=192.168.69.126 | op=SEND_HEARTBEAT {datanodeUUID=fbf90420-a45e-48ce-b982-ff6e0a18d7ed, command=[]} | ret=SUCCESS |  
2019-09-03 09:40:34,535 | INFO  | SCMAudit | user=jenkins1000 | ip=192.168.69.126 | op=SEND_HEARTBEAT {datanodeUUID=5f62d077-1cb0-4aa3-be9b-0f443f88c284, command=[]} | ret=SUCCESS |  
2019-09-03 09:40:34,736 | INFO  | SCMAudit | user=jenkins1000 | ip=192.168.69.126 | op=SEND_HEARTBEAT {datanodeUUID=f1e690fe-d9d6-4f9a-b28d-4fa21d7465dc, command=[]} | ret=SUCCESS |  
2019-09-03 09:40:34,989 | INFO  | SCMAudit | user=jenkins1000 | ip=192.168.69.126 | op=SEND_HEARTBEAT {datanodeUUID=30b1b43b-2ac1-4227-ba9d-0d794daadc3a, command=[]} | ret=SUCCESS |  
2019-09-03 09:40:34,989 | INFO  | SCMAudit | user=jenkins1000 | ip=192.168.69.126 | op=SEND_HEARTBEAT {datanodeUUID=54a7770c-e3e5-4c4a-b2d5-1e155816e439, command=[]} | ret=SUCCESS |  
2019-09-03 09:40:35,032 | INFO  | SCMAudit | user=jenkins1000 | ip=192.168.69.126 | op=SEND_HEARTBEAT {datanodeUUID=a24a5d44-532e-4ff6-8e9a-f2506e5c1784, command=[]} | ret=SUCCESS |  
2019-09-03 09:40:35,033 | INFO  | SCMAudit | user=jenkins1000 | ip=192.168.69.126 | op=SEND_HEARTBEAT {datanodeUUID=dc57de79-aaca-47f1-971f-bd2f7461306f, command=[]} | ret=SUCCESS |  
2019-09-03 09:40:35,191 | INFO  | SCMAudit | user=jenkins1000 | ip=192.168.69.126 | op=SEND_HEARTBEAT {datanodeUUID=fbf90420-a45e-48ce-b982-ff6e0a18d7ed, command=[]} | ret=SUCCESS |  
2019-09-03 09:40:35,536 | INFO  | SCMAudit | user=jenkins1000 | ip=192.168.69.126 | op=SEND_HEARTBEAT {datanodeUUID=5f62d077-1cb0-4aa3-be9b-0f443f88c284, command=[]} | ret=SUCCESS |  
2019-09-03 09:40:35,736 | INFO  | SCMAudit | user=jenkins1000 | ip=192.168.69.126 | op=SEND_HEARTBEAT {datanodeUUID=f1e690fe-d9d6-4f9a-b28d-4fa21d7465dc, command=[]} | ret=SUCCESS |  
2019-09-03 09:40:35,989 | INFO  | SCMAudit | user=jenkins1000 | ip=192.168.69.126 | op=SEND_HEARTBEAT {datanodeUUID=54a7770c-e3e5-4c4a-b2d5-1e155816e439, command=[]} | ret=SUCCESS |  
2019-09-03 09:40:35,989 | INFO  | SCMAudit | user=jenkins1000 | ip=192.168.69.126 | op=SEND_HEARTBEAT {datanodeUUID=30b1b43b-2ac1-4227-ba9d-0d794daadc3a, command=[]} | ret=SUCCESS |  
2019-09-03 09:40:36,032 | INFO  | SCMAudit | user=jenkins1000 | ip=192.168.69.126 | op=SEND_HEARTBEAT {datanodeUUID=dc57de79-aaca-47f1-971f-bd2f7461306f, command=[]} | ret=SUCCESS |  
2019-09-03 09:40:36,032 | INFO  | SCMAudit | user=jenkins1000 | ip=192.168.69.126 | op=SEND_HEARTBEAT {datanodeUUID=a24a5d44-532e-4ff6-8e9a-f2506e5c1784, command=[]} | ret=SUCCESS |  
2019-09-03 09:40:36,190 | INFO  | SCMAudit | user=jenkins1000 | ip=192.168.69.126 | op=SEND_HEARTBEAT {datanodeUUID=fbf90420-a45e-48ce-b982-ff6e0a18d7ed, command=[]} | ret=SUCCESS |  
2019-09-03 09:40:36,535 | INFO  | SCMAudit | user=jenkins1000 | ip=192.168.69.126 | op=SEND_HEARTBEAT {datanodeUUID=5f62d077-1cb0-4aa3-be9b-0f443f88c284, command=[]} | ret=SUCCESS |  
2019-09-03 09:40:36,735 | INFO  | SCMAudit | user=jenkins1000 | ip=192.168.69.126 | op=SEND_HEARTBEAT {datanodeUUID=f1e690fe-d9d6-4f9a-b28d-4fa21d7465dc, command=[]} | ret=SUCCESS |  
2019-09-03 09:40:36,989 | INFO  | SCMAudit | user=jenkins1000 | ip=192.168.69.126 | op=SEND_HEARTBEAT {datanodeUUID=30b1b43b-2ac1-4227-ba9d-0d794daadc3a, command=[]} | ret=SUCCESS |  
2019-09-03 09:40:36,989 | INFO  | SCMAudit | user=jenkins1000 | ip=192.168.69.126 | op=SEND_HEARTBEAT {datanodeUUID=54a7770c-e3e5-4c4a-b2d5-1e155816e439, command=[]} | ret=SUCCESS |  
2019-09-03 09:40:37,033 | INFO  | SCMAudit | user=jenkins1000 | ip=192.168.69.126 | op=SEND_HEARTBEAT {datanodeUUID=dc57de79-aaca-47f1-971f-bd2f7461306f, command=[]} | ret=SUCCESS |  
2019-09-03 09:40:37,033 | INFO  | SCMAudit | user=jenkins1000 | ip=192.168.69.126 | op=SEND_HEARTBEAT {datanodeUUID=a24a5d44-532e-4ff6-8e9a-f2506e5c1784, command=[]} | ret=SUCCESS |  
2019-09-03 09:40:37,191 | INFO  | SCMAudit | user=jenkins1000 | ip=192.168.69.126 | op=SEND_HEARTBEAT {datanodeUUID=fbf90420-a45e-48ce-b982-ff6e0a18d7ed, command=[]} | ret=SUCCESS |  
2019-09-03 09:40:37,535 | INFO  | SCMAudit | user=jenkins1000 | ip=192.168.69.126 | op=SEND_HEARTBEAT {datanodeUUID=5f62d077-1cb0-4aa3-be9b-0f443f88c284, command=[]} | ret=SUCCESS |  
2019-09-03 09:40:37,735 | INFO  | SCMAudit | user=jenkins1000 | ip=192.168.69.126 | op=SEND_HEARTBEAT {datanodeUUID=f1e690fe-d9d6-4f9a-b28d-4fa21d7465dc, command=[]} | ret=SUCCESS |  
2019-09-03 09:40:37,989 | INFO  | SCMAudit | user=jenkins1000 | ip=192.168.69.126 | op=SEND_HEARTBEAT {datanodeUUID=30b1b43b-2ac1-4227-ba9d-0d794daadc3a, command=[]} | ret=SUCCESS |  
2019-09-03 09:40:37,989 | INFO  | SCMAudit | user=jenkins1000 | ip=192.168.69.126 | op=SEND_HEARTBEAT {datanodeUUID=54a7770c-e3e5-4c4a-b2d5-1e155816e439, command=[]} | ret=SUCCESS |  
2019-09-03 09:40:38,032 | INFO  | SCMAudit | user=jenkins1000 | ip=192.168.69.126 | op=SEND_HEARTBEAT {datanodeUUID=dc57de79-aaca-47f1-971f-bd2f7461306f, command=[]} | ret=SUCCESS |  
2019-09-03 09:40:38,032 | INFO  | SCMAudit | user=jenkins1000 | ip=192.168.69.126 | op=SEND_HEARTBEAT {datanodeUUID=a24a5d44-532e-4ff6-8e9a-f2506e5c1784, command=[]} | ret=SUCCESS |  
2019-09-03 09:40:38,192 | INFO  | SCMAudit | user=jenkins1000 | ip=192.168.69.126 | op=SEND_HEARTBEAT {datanodeUUID=fbf90420-a45e-48ce-b982-ff6e0a18d7ed, command=[]} | ret=SUCCESS |  
2019-09-03 09:40:38,535 | INFO  | SCMAudit | user=jenkins1000 | ip=192.168.69.126 | op=SEND_HEARTBEAT {datanodeUUID=5f62d077-1cb0-4aa3-be9b-0f443f88c284, command=[]} | ret=SUCCESS |  
2019-09-03 09:40:38,736 | INFO  | SCMAudit | user=jenkins1000 | ip=192.168.69.126 | op=SEND_HEARTBEAT {datanodeUUID=f1e690fe-d9d6-4f9a-b28d-4fa21d7465dc, command=[]} | ret=SUCCESS |  
2019-09-03 09:40:38,990 | INFO  | SCMAudit | user=jenkins1000 | ip=192.168.69.126 | op=SEND_HEARTBEAT {datanodeUUID=30b1b43b-2ac1-4227-ba9d-0d794daadc3a, command=[]} | ret=SUCCESS |  
2019-09-03 09:40:38,990 | INFO  | SCMAudit | user=jenkins1000 | ip=192.168.69.126 | op=SEND_HEARTBEAT {datanodeUUID=54a7770c-e3e5-4c4a-b2d5-1e155816e439, command=[]} | ret=SUCCESS |  
2019-09-03 09:40:39,032 | INFO  | SCMAudit | user=jenkins1000 | ip=192.168.69.126 | op=SEND_HEARTBEAT {datanodeUUID=dc57de79-aaca-47f1-971f-bd2f7461306f, command=[]} | ret=SUCCESS |  
2019-09-03 09:40:39,032 | INFO  | SCMAudit | user=jenkins1000 | ip=192.168.69.126 | op=SEND_HEARTBEAT {datanodeUUID=a24a5d44-532e-4ff6-8e9a-f2506e5c1784, command=[]} | ret=SUCCESS |  
2019-09-03 09:40:39,192 | INFO  | SCMAudit | user=jenkins1000 | ip=192.168.69.126 | op=SEND_HEARTBEAT {datanodeUUID=fbf90420-a45e-48ce-b982-ff6e0a18d7ed, command=[]} | ret=SUCCESS |  
2019-09-03 09:40:39,229 [grpc-default-executor-3] INFO  client.GrpcClientProtocolClient (GrpcClientProtocolClient.java:onNext(255)) - client-411D9B923220->dc57de79-aaca-47f1-971f-bd2f7461306f: receive RaftClientReply:client-411D9B923220->dc57de79-aaca-47f1-971f-bd2f7461306f@group-A3ADB0FA2990, cid=48, FAILED org.apache.ratis.protocol.NotLeaderException: Server dc57de79-aaca-47f1-971f-bd2f7461306f is not the leader (a24a5d44-532e-4ff6-8e9a-f2506e5c1784:192.168.69.126:37019). Request must be sent to leader., logIndex=0, commits[dc57de79-aaca-47f1-971f-bd2f7461306f:c8, 54a7770c-e3e5-4c4a-b2d5-1e155816e439:c8, a24a5d44-532e-4ff6-8e9a-f2506e5c1784:c8]
2019-09-03 09:40:39,535 | INFO  | SCMAudit | user=jenkins1000 | ip=192.168.69.126 | op=SEND_HEARTBEAT {datanodeUUID=5f62d077-1cb0-4aa3-be9b-0f443f88c284, command=[]} | ret=SUCCESS |  
2019-09-03 09:40:39,735 | INFO  | SCMAudit | user=jenkins1000 | ip=192.168.69.126 | op=SEND_HEARTBEAT {datanodeUUID=f1e690fe-d9d6-4f9a-b28d-4fa21d7465dc, command=[]} | ret=SUCCESS |  
2019-09-03 09:40:39,990 | INFO  | SCMAudit | user=jenkins1000 | ip=192.168.69.126 | op=SEND_HEARTBEAT {datanodeUUID=54a7770c-e3e5-4c4a-b2d5-1e155816e439, command=[]} | ret=SUCCESS |  
2019-09-03 09:40:39,990 | INFO  | SCMAudit | user=jenkins1000 | ip=192.168.69.126 | op=SEND_HEARTBEAT {datanodeUUID=30b1b43b-2ac1-4227-ba9d-0d794daadc3a, command=[]} | ret=SUCCESS |  
2019-09-03 09:40:40,032 | INFO  | SCMAudit | user=jenkins1000 | ip=192.168.69.126 | op=SEND_HEARTBEAT {datanodeUUID=dc57de79-aaca-47f1-971f-bd2f7461306f, command=[]} | ret=SUCCESS |  
2019-09-03 09:40:40,032 | INFO  | SCMAudit | user=jenkins1000 | ip=192.168.69.126 | op=SEND_HEARTBEAT {datanodeUUID=a24a5d44-532e-4ff6-8e9a-f2506e5c1784, command=[]} | ret=SUCCESS |  
2019-09-03 09:40:40,192 | INFO  | SCMAudit | user=jenkins1000 | ip=192.168.69.126 | op=SEND_HEARTBEAT {datanodeUUID=fbf90420-a45e-48ce-b982-ff6e0a18d7ed, command=[]} | ret=SUCCESS |  
2019-09-03 09:40:40,535 | INFO  | SCMAudit | user=jenkins1000 | ip=192.168.69.126 | op=SEND_HEARTBEAT {datanodeUUID=5f62d077-1cb0-4aa3-be9b-0f443f88c284, command=[]} | ret=SUCCESS |  
2019-09-03 09:40:40,736 | INFO  | SCMAudit | user=jenkins1000 | ip=192.168.69.126 | op=SEND_HEARTBEAT {datanodeUUID=f1e690fe-d9d6-4f9a-b28d-4fa21d7465dc, command=[]} | ret=SUCCESS |  
2019-09-03 09:40:40,991 | INFO  | SCMAudit | user=jenkins1000 | ip=192.168.69.126 | op=SEND_HEARTBEAT {datanodeUUID=30b1b43b-2ac1-4227-ba9d-0d794daadc3a, command=[]} | ret=SUCCESS |  
2019-09-03 09:40:40,991 | INFO  | SCMAudit | user=jenkins1000 | ip=192.168.69.126 | op=SEND_HEARTBEAT {datanodeUUID=54a7770c-e3e5-4c4a-b2d5-1e155816e439, command=[]} | ret=SUCCESS |  
2019-09-03 09:40:41,032 | INFO  | SCMAudit | user=jenkins1000 | ip=192.168.69.126 | op=SEND_HEARTBEAT {datanodeUUID=dc57de79-aaca-47f1-971f-bd2f7461306f, command=[]} | ret=SUCCESS |  
2019-09-03 09:40:41,032 | INFO  | SCMAudit | user=jenkins1000 | ip=192.168.69.126 | op=SEND_HEARTBEAT {datanodeUUID=a24a5d44-532e-4ff6-8e9a-f2506e5c1784, command=[]} | ret=SUCCESS |  
2019-09-03 09:40:41,191 | INFO  | SCMAudit | user=jenkins1000 | ip=192.168.69.126 | op=SEND_HEARTBEAT {datanodeUUID=fbf90420-a45e-48ce-b982-ff6e0a18d7ed, command=[]} | ret=SUCCESS |  
2019-09-03 09:40:41,534 | INFO  | SCMAudit | user=jenkins1000 | ip=192.168.69.126 | op=SEND_HEARTBEAT {datanodeUUID=5f62d077-1cb0-4aa3-be9b-0f443f88c284, command=[]} | ret=SUCCESS |  
2019-09-03 09:40:41,736 | INFO  | SCMAudit | user=jenkins1000 | ip=192.168.69.126 | op=SEND_HEARTBEAT {datanodeUUID=f1e690fe-d9d6-4f9a-b28d-4fa21d7465dc, command=[]} | ret=SUCCESS |  
2019-09-03 09:40:41,991 | INFO  | SCMAudit | user=jenkins1000 | ip=192.168.69.126 | op=SEND_HEARTBEAT {datanodeUUID=30b1b43b-2ac1-4227-ba9d-0d794daadc3a, command=[]} | ret=SUCCESS |  
2019-09-03 09:40:41,991 | INFO  | SCMAudit | user=jenkins1000 | ip=192.168.69.126 | op=SEND_HEARTBEAT {datanodeUUID=54a7770c-e3e5-4c4a-b2d5-1e155816e439, command=[]} | ret=SUCCESS |  
2019-09-03 09:40:42,032 | INFO  | SCMAudit | user=jenkins1000 | ip=192.168.69.126 | op=SEND_HEARTBEAT {datanodeUUID=a24a5d44-532e-4ff6-8e9a-f2506e5c1784, command=[]} | ret=SUCCESS |  
2019-09-03 09:40:42,032 | INFO  | SCMAudit | user=jenkins1000 | ip=192.168.69.126 | op=SEND_HEARTBEAT {datanodeUUID=dc57de79-aaca-47f1-971f-bd2f7461306f, command=[]} | ret=SUCCESS |  
2019-09-03 09:40:42,192 | INFO  | SCMAudit | user=jenkins1000 | ip=192.168.69.126 | op=SEND_HEARTBEAT {datanodeUUID=fbf90420-a45e-48ce-b982-ff6e0a18d7ed, command=[]} | ret=SUCCESS |  
2019-09-03 09:40:42,535 | INFO  | SCMAudit | user=jenkins1000 | ip=192.168.69.126 | op=SEND_HEARTBEAT {datanodeUUID=5f62d077-1cb0-4aa3-be9b-0f443f88c284, command=[]} | ret=SUCCESS |  
2019-09-03 09:40:42,735 | INFO  | SCMAudit | user=jenkins1000 | ip=192.168.69.126 | op=SEND_HEARTBEAT {datanodeUUID=f1e690fe-d9d6-4f9a-b28d-4fa21d7465dc, command=[]} | ret=SUCCESS |  
2019-09-03 09:40:42,991 | INFO  | SCMAudit | user=jenkins1000 | ip=192.168.69.126 | op=SEND_HEARTBEAT {datanodeUUID=54a7770c-e3e5-4c4a-b2d5-1e155816e439, command=[]} | ret=SUCCESS |  
2019-09-03 09:40:42,991 | INFO  | SCMAudit | user=jenkins1000 | ip=192.168.69.126 | op=SEND_HEARTBEAT {datanodeUUID=30b1b43b-2ac1-4227-ba9d-0d794daadc3a, command=[]} | ret=SUCCESS |  
2019-09-03 09:40:43,032 | INFO  | SCMAudit | user=jenkins1000 | ip=192.168.69.126 | op=SEND_HEARTBEAT {datanodeUUID=a24a5d44-532e-4ff6-8e9a-f2506e5c1784, command=[]} | ret=SUCCESS |  
2019-09-03 09:40:43,032 | INFO  | SCMAudit | user=jenkins1000 | ip=192.168.69.126 | op=SEND_HEARTBEAT {datanodeUUID=dc57de79-aaca-47f1-971f-bd2f7461306f, command=[]} | ret=SUCCESS |  
2019-09-03 09:40:43,192 | INFO  | SCMAudit | user=jenkins1000 | ip=192.168.69.126 | op=SEND_HEARTBEAT {datanodeUUID=fbf90420-a45e-48ce-b982-ff6e0a18d7ed, command=[]} | ret=SUCCESS |  
2019-09-03 09:40:43,536 | INFO  | SCMAudit | user=jenkins1000 | ip=192.168.69.126 | op=SEND_HEARTBEAT {datanodeUUID=5f62d077-1cb0-4aa3-be9b-0f443f88c284, command=[]} | ret=SUCCESS |  
2019-09-03 09:40:43,736 | INFO  | SCMAudit | user=jenkins1000 | ip=192.168.69.126 | op=SEND_HEARTBEAT {datanodeUUID=f1e690fe-d9d6-4f9a-b28d-4fa21d7465dc, command=[]} | ret=SUCCESS |  
2019-09-03 09:40:43,991 | INFO  | SCMAudit | user=jenkins1000 | ip=192.168.69.126 | op=SEND_HEARTBEAT {datanodeUUID=54a7770c-e3e5-4c4a-b2d5-1e155816e439, command=[]} | ret=SUCCESS |  
2019-09-03 09:40:43,991 | INFO  | SCMAudit | user=jenkins1000 | ip=192.168.69.126 | op=SEND_HEARTBEAT {datanodeUUID=30b1b43b-2ac1-4227-ba9d-0d794daadc3a, command=[]} | ret=SUCCESS |  
2019-09-03 09:40:44,032 | INFO  | SCMAudit | user=jenkins1000 | ip=192.168.69.126 | op=SEND_HEARTBEAT {datanodeUUID=a24a5d44-532e-4ff6-8e9a-f2506e5c1784, command=[]} | ret=SUCCESS |  
2019-09-03 09:40:44,032 | INFO  | SCMAudit | user=jenkins1000 | ip=192.168.69.126 | op=SEND_HEARTBEAT {datanodeUUID=dc57de79-aaca-47f1-971f-bd2f7461306f, command=[]} | ret=SUCCESS |  
2019-09-03 09:40:44,192 | INFO  | SCMAudit | user=jenkins1000 | ip=192.168.69.126 | op=SEND_HEARTBEAT {datanodeUUID=fbf90420-a45e-48ce-b982-ff6e0a18d7ed, command=[]} | ret=SUCCESS |  
2019-09-03 09:40:44,273 [grpc-default-executor-3] INFO  client.GrpcClientProtocolClient (GrpcClientProtocolClient.java:onNext(255)) - client-411D9B923220->dc57de79-aaca-47f1-971f-bd2f7461306f: receive RaftClientReply:client-411D9B923220->dc57de79-aaca-47f1-971f-bd2f7461306f@group-A3ADB0FA2990, cid=48, FAILED org.apache.ratis.protocol.NotLeaderException: Server dc57de79-aaca-47f1-971f-bd2f7461306f is not the leader (a24a5d44-532e-4ff6-8e9a-f2506e5c1784:192.168.69.126:37019). Request must be sent to leader., logIndex=0, commits[dc57de79-aaca-47f1-971f-bd2f7461306f:c8, 54a7770c-e3e5-4c4a-b2d5-1e155816e439:c8, a24a5d44-532e-4ff6-8e9a-f2506e5c1784:c8]
2019-09-03 09:40:44,536 | INFO  | SCMAudit | user=jenkins1000 | ip=192.168.69.126 | op=SEND_HEARTBEAT {datanodeUUID=5f62d077-1cb0-4aa3-be9b-0f443f88c284, command=[]} | ret=SUCCESS |  
2019-09-03 09:40:44,736 | INFO  | SCMAudit | user=jenkins1000 | ip=192.168.69.126 | op=SEND_HEARTBEAT {datanodeUUID=f1e690fe-d9d6-4f9a-b28d-4fa21d7465dc, command=[]} | ret=SUCCESS |  
2019-09-03 09:40:44,991 | INFO  | SCMAudit | user=jenkins1000 | ip=192.168.69.126 | op=SEND_HEARTBEAT {datanodeUUID=30b1b43b-2ac1-4227-ba9d-0d794daadc3a, command=[]} | ret=SUCCESS |  
2019-09-03 09:40:44,991 | INFO  | SCMAudit | user=jenkins1000 | ip=192.168.69.126 | op=SEND_HEARTBEAT {datanodeUUID=54a7770c-e3e5-4c4a-b2d5-1e155816e439, command=[]} | ret=SUCCESS |  
2019-09-03 09:40:45,033 | INFO  | SCMAudit | user=jenkins1000 | ip=192.168.69.126 | op=SEND_HEARTBEAT {datanodeUUID=a24a5d44-532e-4ff6-8e9a-f2506e5c1784, command=[]} | ret=SUCCESS |  
2019-09-03 09:40:45,033 | INFO  | SCMAudit | user=jenkins1000 | ip=192.168.69.126 | op=SEND_HEARTBEAT {datanodeUUID=dc57de79-aaca-47f1-971f-bd2f7461306f, command=[]} | ret=SUCCESS |  
2019-09-03 09:40:45,192 | INFO  | SCMAudit | user=jenkins1000 | ip=192.168.69.126 | op=SEND_HEARTBEAT {datanodeUUID=fbf90420-a45e-48ce-b982-ff6e0a18d7ed, command=[]} | ret=SUCCESS |  
2019-09-03 09:40:45,536 | INFO  | SCMAudit | user=jenkins1000 | ip=192.168.69.126 | op=SEND_HEARTBEAT {datanodeUUID=5f62d077-1cb0-4aa3-be9b-0f443f88c284, command=[]} | ret=SUCCESS |  
2019-09-03 09:40:45,737 | INFO  | SCMAudit | user=jenkins1000 | ip=192.168.69.126 | op=SEND_HEARTBEAT {datanodeUUID=f1e690fe-d9d6-4f9a-b28d-4fa21d7465dc, command=[]} | ret=SUCCESS |  
2019-09-03 09:40:45,990 | INFO  | SCMAudit | user=jenkins1000 | ip=192.168.69.126 | op=SEND_HEARTBEAT {datanodeUUID=30b1b43b-2ac1-4227-ba9d-0d794daadc3a, command=[]} | ret=SUCCESS |  
2019-09-03 09:40:45,990 | INFO  | SCMAudit | user=jenkins1000 | ip=192.168.69.126 | op=SEND_HEARTBEAT {datanodeUUID=54a7770c-e3e5-4c4a-b2d5-1e155816e439, command=[]} | ret=SUCCESS |  
2019-09-03 09:40:46,033 | INFO  | SCMAudit | user=jenkins1000 | ip=192.168.69.126 | op=SEND_HEARTBEAT {datanodeUUID=a24a5d44-532e-4ff6-8e9a-f2506e5c1784, command=[]} | ret=SUCCESS |  
2019-09-03 09:40:46,033 | INFO  | SCMAudit | user=jenkins1000 | ip=192.168.69.126 | op=SEND_HEARTBEAT {datanodeUUID=dc57de79-aaca-47f1-971f-bd2f7461306f, command=[]} | ret=SUCCESS |  
2019-09-03 09:40:46,191 | INFO  | SCMAudit | user=jenkins1000 | ip=192.168.69.126 | op=SEND_HEARTBEAT {datanodeUUID=fbf90420-a45e-48ce-b982-ff6e0a18d7ed, command=[]} | ret=SUCCESS |  
2019-09-03 09:40:46,536 | INFO  | SCMAudit | user=jenkins1000 | ip=192.168.69.126 | op=SEND_HEARTBEAT {datanodeUUID=5f62d077-1cb0-4aa3-be9b-0f443f88c284, command=[]} | ret=SUCCESS |  
2019-09-03 09:40:46,736 | INFO  | SCMAudit | user=jenkins1000 | ip=192.168.69.126 | op=SEND_HEARTBEAT {datanodeUUID=f1e690fe-d9d6-4f9a-b28d-4fa21d7465dc, command=[]} | ret=SUCCESS |  
2019-09-03 09:40:46,991 | INFO  | SCMAudit | user=jenkins1000 | ip=192.168.69.126 | op=SEND_HEARTBEAT {datanodeUUID=30b1b43b-2ac1-4227-ba9d-0d794daadc3a, command=[]} | ret=SUCCESS |  
2019-09-03 09:40:46,991 | INFO  | SCMAudit | user=jenkins1000 | ip=192.168.69.126 | op=SEND_HEARTBEAT {datanodeUUID=54a7770c-e3e5-4c4a-b2d5-1e155816e439, command=[]} | ret=SUCCESS |  
2019-09-03 09:40:47,032 | INFO  | SCMAudit | user=jenkins1000 | ip=192.168.69.126 | op=SEND_HEARTBEAT {datanodeUUID=a24a5d44-532e-4ff6-8e9a-f2506e5c1784, command=[]} | ret=SUCCESS |  
2019-09-03 09:40:47,032 | INFO  | SCMAudit | user=jenkins1000 | ip=192.168.69.126 | op=SEND_HEARTBEAT {datanodeUUID=dc57de79-aaca-47f1-971f-bd2f7461306f, command=[]} | ret=SUCCESS |  
2019-09-03 09:40:47,192 | INFO  | SCMAudit | user=jenkins1000 | ip=192.168.69.126 | op=SEND_HEARTBEAT {datanodeUUID=fbf90420-a45e-48ce-b982-ff6e0a18d7ed, command=[]} | ret=SUCCESS |  
2019-09-03 09:40:47,536 | INFO  | SCMAudit | user=jenkins1000 | ip=192.168.69.126 | op=SEND_HEARTBEAT {datanodeUUID=5f62d077-1cb0-4aa3-be9b-0f443f88c284, command=[]} | ret=SUCCESS |  
2019-09-03 09:40:47,736 | INFO  | SCMAudit | user=jenkins1000 | ip=192.168.69.126 | op=SEND_HEARTBEAT {datanodeUUID=f1e690fe-d9d6-4f9a-b28d-4fa21d7465dc, command=[]} | ret=SUCCESS |  
2019-09-03 09:40:47,992 | INFO  | SCMAudit | user=jenkins1000 | ip=192.168.69.126 | op=SEND_HEARTBEAT {datanodeUUID=54a7770c-e3e5-4c4a-b2d5-1e155816e439, command=[]} | ret=SUCCESS |  
2019-09-03 09:40:47,992 | INFO  | SCMAudit | user=jenkins1000 | ip=192.168.69.126 | op=SEND_HEARTBEAT {datanodeUUID=30b1b43b-2ac1-4227-ba9d-0d794daadc3a, command=[]} | ret=SUCCESS |  
2019-09-03 09:40:48,032 | INFO  | SCMAudit | user=jenkins1000 | ip=192.168.69.126 | op=SEND_HEARTBEAT {datanodeUUID=dc57de79-aaca-47f1-971f-bd2f7461306f, command=[]} | ret=SUCCESS |  
2019-09-03 09:40:48,032 | INFO  | SCMAudit | user=jenkins1000 | ip=192.168.69.126 | op=SEND_HEARTBEAT {datanodeUUID=a24a5d44-532e-4ff6-8e9a-f2506e5c1784, command=[]} | ret=SUCCESS |  
2019-09-03 09:40:48,191 | INFO  | SCMAudit | user=jenkins1000 | ip=192.168.69.126 | op=SEND_HEARTBEAT {datanodeUUID=fbf90420-a45e-48ce-b982-ff6e0a18d7ed, command=[]} | ret=SUCCESS |  
2019-09-03 09:40:48,536 | INFO  | SCMAudit | user=jenkins1000 | ip=192.168.69.126 | op=SEND_HEARTBEAT {datanodeUUID=5f62d077-1cb0-4aa3-be9b-0f443f88c284, command=[]} | ret=SUCCESS |  
2019-09-03 09:40:48,737 | INFO  | SCMAudit | user=jenkins1000 | ip=192.168.69.126 | op=SEND_HEARTBEAT {datanodeUUID=f1e690fe-d9d6-4f9a-b28d-4fa21d7465dc, command=[]} | ret=SUCCESS |  
2019-09-03 09:40:48,992 | INFO  | SCMAudit | user=jenkins1000 | ip=192.168.69.126 | op=SEND_HEARTBEAT {datanodeUUID=30b1b43b-2ac1-4227-ba9d-0d794daadc3a, command=[]} | ret=SUCCESS |  
2019-09-03 09:40:48,993 | INFO  | SCMAudit | user=jenkins1000 | ip=192.168.69.126 | op=SEND_HEARTBEAT {datanodeUUID=54a7770c-e3e5-4c4a-b2d5-1e155816e439, command=[]} | ret=SUCCESS |  
2019-09-03 09:40:49,032 | INFO  | SCMAudit | user=jenkins1000 | ip=192.168.69.126 | op=SEND_HEARTBEAT {datanodeUUID=a24a5d44-532e-4ff6-8e9a-f2506e5c1784, command=[]} | ret=SUCCESS |  
2019-09-03 09:40:49,032 | INFO  | SCMAudit | user=jenkins1000 | ip=192.168.69.126 | op=SEND_HEARTBEAT {datanodeUUID=dc57de79-aaca-47f1-971f-bd2f7461306f, command=[]} | ret=SUCCESS |  
2019-09-03 09:40:49,191 | INFO  | SCMAudit | user=jenkins1000 | ip=192.168.69.126 | op=SEND_HEARTBEAT {datanodeUUID=fbf90420-a45e-48ce-b982-ff6e0a18d7ed, command=[]} | ret=SUCCESS |  
2019-09-03 09:40:49,315 [grpc-default-executor-3] INFO  client.GrpcClientProtocolClient (GrpcClientProtocolClient.java:onNext(255)) - client-411D9B923220->54a7770c-e3e5-4c4a-b2d5-1e155816e439: receive RaftClientReply:client-411D9B923220->54a7770c-e3e5-4c4a-b2d5-1e155816e439@group-A3ADB0FA2990, cid=48, FAILED org.apache.ratis.protocol.NotLeaderException: Server 54a7770c-e3e5-4c4a-b2d5-1e155816e439 is not the leader (a24a5d44-532e-4ff6-8e9a-f2506e5c1784:192.168.69.126:37019). Request must be sent to leader., logIndex=0, commits[54a7770c-e3e5-4c4a-b2d5-1e155816e439:c8, dc57de79-aaca-47f1-971f-bd2f7461306f:c8, a24a5d44-532e-4ff6-8e9a-f2506e5c1784:c8]
2019-09-03 09:40:49,536 | INFO  | SCMAudit | user=jenkins1000 | ip=192.168.69.126 | op=SEND_HEARTBEAT {datanodeUUID=5f62d077-1cb0-4aa3-be9b-0f443f88c284, command=[]} | ret=SUCCESS |  
2019-09-03 09:40:49,737 | INFO  | SCMAudit | user=jenkins1000 | ip=192.168.69.126 | op=SEND_HEARTBEAT {datanodeUUID=f1e690fe-d9d6-4f9a-b28d-4fa21d7465dc, command=[]} | ret=SUCCESS |  
2019-09-03 09:40:49,992 | INFO  | SCMAudit | user=jenkins1000 | ip=192.168.69.126 | op=SEND_HEARTBEAT {datanodeUUID=30b1b43b-2ac1-4227-ba9d-0d794daadc3a, command=[]} | ret=SUCCESS |  
2019-09-03 09:40:49,992 | INFO  | SCMAudit | user=jenkins1000 | ip=192.168.69.126 | op=SEND_HEARTBEAT {datanodeUUID=54a7770c-e3e5-4c4a-b2d5-1e155816e439, command=[]} | ret=SUCCESS |  
2019-09-03 09:40:50,032 | INFO  | SCMAudit | user=jenkins1000 | ip=192.168.69.126 | op=SEND_HEARTBEAT {datanodeUUID=dc57de79-aaca-47f1-971f-bd2f7461306f, command=[]} | ret=SUCCESS |  
2019-09-03 09:40:50,033 | INFO  | SCMAudit | user=jenkins1000 | ip=192.168.69.126 | op=SEND_HEARTBEAT {datanodeUUID=a24a5d44-532e-4ff6-8e9a-f2506e5c1784, command=[]} | ret=SUCCESS |  
2019-09-03 09:40:50,192 | INFO  | SCMAudit | user=jenkins1000 | ip=192.168.69.126 | op=SEND_HEARTBEAT {datanodeUUID=fbf90420-a45e-48ce-b982-ff6e0a18d7ed, command=[]} | ret=SUCCESS |  
2019-09-03 09:40:50,535 | INFO  | SCMAudit | user=jenkins1000 | ip=192.168.69.126 | op=SEND_HEARTBEAT {datanodeUUID=5f62d077-1cb0-4aa3-be9b-0f443f88c284, command=[]} | ret=SUCCESS |  
2019-09-03 09:40:50,736 | INFO  | SCMAudit | user=jenkins1000 | ip=192.168.69.126 | op=SEND_HEARTBEAT {datanodeUUID=f1e690fe-d9d6-4f9a-b28d-4fa21d7465dc, command=[]} | ret=SUCCESS |  
2019-09-03 09:40:50,991 | INFO  | SCMAudit | user=jenkins1000 | ip=192.168.69.126 | op=SEND_HEARTBEAT {datanodeUUID=30b1b43b-2ac1-4227-ba9d-0d794daadc3a, command=[]} | ret=SUCCESS |  
2019-09-03 09:40:50,992 | INFO  | SCMAudit | user=jenkins1000 | ip=192.168.69.126 | op=SEND_HEARTBEAT {datanodeUUID=54a7770c-e3e5-4c4a-b2d5-1e155816e439, command=[]} | ret=SUCCESS |  
2019-09-03 09:40:51,032 | INFO  | SCMAudit | user=jenkins1000 | ip=192.168.69.126 | op=SEND_HEARTBEAT {datanodeUUID=dc57de79-aaca-47f1-971f-bd2f7461306f, command=[]} | ret=SUCCESS |  
2019-09-03 09:40:51,033 | INFO  | SCMAudit | user=jenkins1000 | ip=192.168.69.126 | op=SEND_HEARTBEAT {datanodeUUID=a24a5d44-532e-4ff6-8e9a-f2506e5c1784, command=[]} | ret=SUCCESS |  
2019-09-03 09:40:51,191 | INFO  | SCMAudit | user=jenkins1000 | ip=192.168.69.126 | op=SEND_HEARTBEAT {datanodeUUID=fbf90420-a45e-48ce-b982-ff6e0a18d7ed, command=[]} | ret=SUCCESS |  
2019-09-03 09:40:51,535 | INFO  | SCMAudit | user=jenkins1000 | ip=192.168.69.126 | op=SEND_HEARTBEAT {datanodeUUID=5f62d077-1cb0-4aa3-be9b-0f443f88c284, command=[]} | ret=SUCCESS |  
2019-09-03 09:40:51,737 | INFO  | SCMAudit | user=jenkins1000 | ip=192.168.69.126 | op=SEND_HEARTBEAT {datanodeUUID=f1e690fe-d9d6-4f9a-b28d-4fa21d7465dc, command=[]} | ret=SUCCESS |  
2019-09-03 09:40:51,992 | INFO  | SCMAudit | user=jenkins1000 | ip=192.168.69.126 | op=SEND_HEARTBEAT {datanodeUUID=54a7770c-e3e5-4c4a-b2d5-1e155816e439, command=[]} | ret=SUCCESS |  
2019-09-03 09:40:51,992 | INFO  | SCMAudit | user=jenkins1000 | ip=192.168.69.126 | op=SEND_HEARTBEAT {datanodeUUID=30b1b43b-2ac1-4227-ba9d-0d794daadc3a, command=[]} | ret=SUCCESS |  
2019-09-03 09:40:52,032 | INFO  | SCMAudit | user=jenkins1000 | ip=192.168.69.126 | op=SEND_HEARTBEAT {datanodeUUID=dc57de79-aaca-47f1-971f-bd2f7461306f, command=[]} | ret=SUCCESS |  
2019-09-03 09:40:52,033 | INFO  | SCMAudit | user=jenkins1000 | ip=192.168.69.126 | op=SEND_HEARTBEAT {datanodeUUID=a24a5d44-532e-4ff6-8e9a-f2506e5c1784, command=[]} | ret=SUCCESS |  
2019-09-03 09:40:52,192 | INFO  | SCMAudit | user=jenkins1000 | ip=192.168.69.126 | op=SEND_HEARTBEAT {datanodeUUID=fbf90420-a45e-48ce-b982-ff6e0a18d7ed, command=[]} | ret=SUCCESS |  
2019-09-03 09:40:52,536 | INFO  | SCMAudit | user=jenkins1000 | ip=192.168.69.126 | op=SEND_HEARTBEAT {datanodeUUID=5f62d077-1cb0-4aa3-be9b-0f443f88c284, command=[]} | ret=SUCCESS |  
2019-09-03 09:40:52,736 | INFO  | SCMAudit | user=jenkins1000 | ip=192.168.69.126 | op=SEND_HEARTBEAT {datanodeUUID=f1e690fe-d9d6-4f9a-b28d-4fa21d7465dc, command=[]} | ret=SUCCESS |  
2019-09-03 09:40:52,993 | INFO  | SCMAudit | user=jenkins1000 | ip=192.168.69.126 | op=SEND_HEARTBEAT {datanodeUUID=54a7770c-e3e5-4c4a-b2d5-1e155816e439, command=[]} | ret=SUCCESS |  
2019-09-03 09:40:52,993 | INFO  | SCMAudit | user=jenkins1000 | ip=192.168.69.126 | op=SEND_HEARTBEAT {datanodeUUID=30b1b43b-2ac1-4227-ba9d-0d794daadc3a, command=[]} | ret=SUCCESS |  
2019-09-03 09:40:53,033 | INFO  | SCMAudit | user=jenkins1000 | ip=192.168.69.126 | op=SEND_HEARTBEAT {datanodeUUID=dc57de79-aaca-47f1-971f-bd2f7461306f, command=[]} | ret=SUCCESS |  
2019-09-03 09:40:53,033 | INFO  | SCMAudit | user=jenkins1000 | ip=192.168.69.126 | op=SEND_HEARTBEAT {datanodeUUID=a24a5d44-532e-4ff6-8e9a-f2506e5c1784, command=[]} | ret=SUCCESS |  
2019-09-03 09:40:53,192 | INFO  | SCMAudit | user=jenkins1000 | ip=192.168.69.126 | op=SEND_HEARTBEAT {datanodeUUID=fbf90420-a45e-48ce-b982-ff6e0a18d7ed, command=[]} | ret=SUCCESS |  
2019-09-03 09:40:53,536 | INFO  | SCMAudit | user=jenkins1000 | ip=192.168.69.126 | op=SEND_HEARTBEAT {datanodeUUID=5f62d077-1cb0-4aa3-be9b-0f443f88c284, command=[]} | ret=SUCCESS |  
2019-09-03 09:40:53,737 | INFO  | SCMAudit | user=jenkins1000 | ip=192.168.69.126 | op=SEND_HEARTBEAT {datanodeUUID=f1e690fe-d9d6-4f9a-b28d-4fa21d7465dc, command=[]} | ret=SUCCESS |  
2019-09-03 09:40:53,993 | INFO  | SCMAudit | user=jenkins1000 | ip=192.168.69.126 | op=SEND_HEARTBEAT {datanodeUUID=54a7770c-e3e5-4c4a-b2d5-1e155816e439, command=[]} | ret=SUCCESS |  
2019-09-03 09:40:53,993 | INFO  | SCMAudit | user=jenkins1000 | ip=192.168.69.126 | op=SEND_HEARTBEAT {datanodeUUID=30b1b43b-2ac1-4227-ba9d-0d794daadc3a, command=[]} | ret=SUCCESS |  
2019-09-03 09:40:54,032 | INFO  | SCMAudit | user=jenkins1000 | ip=192.168.69.126 | op=SEND_HEARTBEAT {datanodeUUID=dc57de79-aaca-47f1-971f-bd2f7461306f, command=[]} | ret=SUCCESS |  
2019-09-03 09:40:54,034 | INFO  | SCMAudit | user=jenkins1000 | ip=192.168.69.126 | op=SEND_HEARTBEAT {datanodeUUID=a24a5d44-532e-4ff6-8e9a-f2506e5c1784, command=[]} | ret=SUCCESS |  
2019-09-03 09:40:54,192 | INFO  | SCMAudit | user=jenkins1000 | ip=192.168.69.126 | op=SEND_HEARTBEAT {datanodeUUID=fbf90420-a45e-48ce-b982-ff6e0a18d7ed, command=[]} | ret=SUCCESS |  
2019-09-03 09:40:54,362 [grpc-default-executor-4] INFO  client.GrpcClientProtocolClient (GrpcClientProtocolClient.java:onNext(255)) - client-411D9B923220->54a7770c-e3e5-4c4a-b2d5-1e155816e439: receive RaftClientReply:client-411D9B923220->54a7770c-e3e5-4c4a-b2d5-1e155816e439@group-A3ADB0FA2990, cid=48, FAILED org.apache.ratis.protocol.NotLeaderException: Server 54a7770c-e3e5-4c4a-b2d5-1e155816e439 is not the leader (a24a5d44-532e-4ff6-8e9a-f2506e5c1784:192.168.69.126:37019). Request must be sent to leader., logIndex=0, commits[54a7770c-e3e5-4c4a-b2d5-1e155816e439:c8, dc57de79-aaca-47f1-971f-bd2f7461306f:c8, a24a5d44-532e-4ff6-8e9a-f2506e5c1784:c8]
2019-09-03 09:40:54,535 | INFO  | SCMAudit | user=jenkins1000 | ip=192.168.69.126 | op=SEND_HEARTBEAT {datanodeUUID=5f62d077-1cb0-4aa3-be9b-0f443f88c284, command=[]} | ret=SUCCESS |  
2019-09-03 09:40:54,738 | INFO  | SCMAudit | user=jenkins1000 | ip=192.168.69.126 | op=SEND_HEARTBEAT {datanodeUUID=f1e690fe-d9d6-4f9a-b28d-4fa21d7465dc, command=[]} | ret=SUCCESS |  
2019-09-03 09:40:54,993 | INFO  | SCMAudit | user=jenkins1000 | ip=192.168.69.126 | op=SEND_HEARTBEAT {datanodeUUID=30b1b43b-2ac1-4227-ba9d-0d794daadc3a, command=[]} | ret=SUCCESS |  
2019-09-03 09:40:54,993 | INFO  | SCMAudit | user=jenkins1000 | ip=192.168.69.126 | op=SEND_HEARTBEAT {datanodeUUID=54a7770c-e3e5-4c4a-b2d5-1e155816e439, command=[]} | ret=SUCCESS |  
2019-09-03 09:40:55,033 | INFO  | SCMAudit | user=jenkins1000 | ip=192.168.69.126 | op=SEND_HEARTBEAT {datanodeUUID=dc57de79-aaca-47f1-971f-bd2f7461306f, command=[]} | ret=SUCCESS |  
2019-09-03 09:40:55,034 | INFO  | SCMAudit | user=jenkins1000 | ip=192.168.69.126 | op=SEND_HEARTBEAT {datanodeUUID=a24a5d44-532e-4ff6-8e9a-f2506e5c1784, command=[]} | ret=SUCCESS |  
2019-09-03 09:40:55,193 | INFO  | SCMAudit | user=jenkins1000 | ip=192.168.69.126 | op=SEND_HEARTBEAT {datanodeUUID=fbf90420-a45e-48ce-b982-ff6e0a18d7ed, command=[]} | ret=SUCCESS |  
2019-09-03 09:40:55,535 | INFO  | SCMAudit | user=jenkins1000 | ip=192.168.69.126 | op=SEND_HEARTBEAT {datanodeUUID=5f62d077-1cb0-4aa3-be9b-0f443f88c284, command=[]} | ret=SUCCESS |  
2019-09-03 09:40:55,739 | INFO  | SCMAudit | user=jenkins1000 | ip=192.168.69.126 | op=SEND_HEARTBEAT {datanodeUUID=f1e690fe-d9d6-4f9a-b28d-4fa21d7465dc, command=[]} | ret=SUCCESS |  
2019-09-03 09:40:55,993 | INFO  | SCMAudit | user=jenkins1000 | ip=192.168.69.126 | op=SEND_HEARTBEAT {datanodeUUID=30b1b43b-2ac1-4227-ba9d-0d794daadc3a, command=[]} | ret=SUCCESS |  
2019-09-03 09:40:55,993 | INFO  | SCMAudit | user=jenkins1000 | ip=192.168.69.126 | op=SEND_HEARTBEAT {datanodeUUID=54a7770c-e3e5-4c4a-b2d5-1e155816e439, command=[]} | ret=SUCCESS |  
2019-09-03 09:40:56,035 | INFO  | SCMAudit | user=jenkins1000 | ip=192.168.69.126 | op=SEND_HEARTBEAT {datanodeUUID=dc57de79-aaca-47f1-971f-bd2f7461306f, command=[]} | ret=SUCCESS |  
2019-09-03 09:40:56,035 | INFO  | SCMAudit | user=jenkins1000 | ip=192.168.69.126 | op=SEND_HEARTBEAT {datanodeUUID=a24a5d44-532e-4ff6-8e9a-f2506e5c1784, command=[]} | ret=SUCCESS |  
2019-09-03 09:40:56,192 | INFO  | SCMAudit | user=jenkins1000 | ip=192.168.69.126 | op=SEND_HEARTBEAT {datanodeUUID=fbf90420-a45e-48ce-b982-ff6e0a18d7ed, command=[]} | ret=SUCCESS |  
2019-09-03 09:40:56,536 | INFO  | SCMAudit | user=jenkins1000 | ip=192.168.69.126 | op=SEND_HEARTBEAT {datanodeUUID=5f62d077-1cb0-4aa3-be9b-0f443f88c284, command=[]} | ret=SUCCESS |  
2019-09-03 09:40:56,739 | INFO  | SCMAudit | user=jenkins1000 | ip=192.168.69.126 | op=SEND_HEARTBEAT {datanodeUUID=f1e690fe-d9d6-4f9a-b28d-4fa21d7465dc, command=[]} | ret=SUCCESS |  
2019-09-03 09:40:56,993 | INFO  | SCMAudit | user=jenkins1000 | ip=192.168.69.126 | op=SEND_HEARTBEAT {datanodeUUID=30b1b43b-2ac1-4227-ba9d-0d794daadc3a, command=[]} | ret=SUCCESS |  
2019-09-03 09:40:56,993 | INFO  | SCMAudit | user=jenkins1000 | ip=192.168.69.126 | op=SEND_HEARTBEAT {datanodeUUID=54a7770c-e3e5-4c4a-b2d5-1e155816e439, command=[]} | ret=SUCCESS |  
2019-09-03 09:40:57,034 | INFO  | SCMAudit | user=jenkins1000 | ip=192.168.69.126 | op=SEND_HEARTBEAT {datanodeUUID=dc57de79-aaca-47f1-971f-bd2f7461306f, command=[]} | ret=SUCCESS |  
2019-09-03 09:40:57,035 | INFO  | SCMAudit | user=jenkins1000 | ip=192.168.69.126 | op=SEND_HEARTBEAT {datanodeUUID=a24a5d44-532e-4ff6-8e9a-f2506e5c1784, command=[]} | ret=SUCCESS |  
2019-09-03 09:40:57,192 | INFO  | SCMAudit | user=jenkins1000 | ip=192.168.69.126 | op=SEND_HEARTBEAT {datanodeUUID=fbf90420-a45e-48ce-b982-ff6e0a18d7ed, command=[]} | ret=SUCCESS |  
2019-09-03 09:40:57,537 | INFO  | SCMAudit | user=jenkins1000 | ip=192.168.69.126 | op=SEND_HEARTBEAT {datanodeUUID=5f62d077-1cb0-4aa3-be9b-0f443f88c284, command=[]} | ret=SUCCESS |  
2019-09-03 09:40:57,738 | INFO  | SCMAudit | user=jenkins1000 | ip=192.168.69.126 | op=SEND_HEARTBEAT {datanodeUUID=f1e690fe-d9d6-4f9a-b28d-4fa21d7465dc, command=[]} | ret=SUCCESS |  
2019-09-03 09:40:57,993 | INFO  | SCMAudit | user=jenkins1000 | ip=192.168.69.126 | op=SEND_HEARTBEAT {datanodeUUID=54a7770c-e3e5-4c4a-b2d5-1e155816e439, command=[]} | ret=SUCCESS |  
2019-09-03 09:40:57,993 | INFO  | SCMAudit | user=jenkins1000 | ip=192.168.69.126 | op=SEND_HEARTBEAT {datanodeUUID=30b1b43b-2ac1-4227-ba9d-0d794daadc3a, command=[]} | ret=SUCCESS |  
2019-09-03 09:40:58,035 | INFO  | SCMAudit | user=jenkins1000 | ip=192.168.69.126 | op=SEND_HEARTBEAT {datanodeUUID=dc57de79-aaca-47f1-971f-bd2f7461306f, command=[]} | ret=SUCCESS |  
2019-09-03 09:40:58,035 | INFO  | SCMAudit | user=jenkins1000 | ip=192.168.69.126 | op=SEND_HEARTBEAT {datanodeUUID=a24a5d44-532e-4ff6-8e9a-f2506e5c1784, command=[]} | ret=SUCCESS |  
2019-09-03 09:40:58,192 | INFO  | SCMAudit | user=jenkins1000 | ip=192.168.69.126 | op=SEND_HEARTBEAT {datanodeUUID=fbf90420-a45e-48ce-b982-ff6e0a18d7ed, command=[]} | ret=SUCCESS |  
2019-09-03 09:40:58,536 | INFO  | SCMAudit | user=jenkins1000 | ip=192.168.69.126 | op=SEND_HEARTBEAT {datanodeUUID=5f62d077-1cb0-4aa3-be9b-0f443f88c284, command=[]} | ret=SUCCESS |  
2019-09-03 09:40:58,738 | INFO  | SCMAudit | user=jenkins1000 | ip=192.168.69.126 | op=SEND_HEARTBEAT {datanodeUUID=f1e690fe-d9d6-4f9a-b28d-4fa21d7465dc, command=[]} | ret=SUCCESS |  
2019-09-03 09:40:58,993 | INFO  | SCMAudit | user=jenkins1000 | ip=192.168.69.126 | op=SEND_HEARTBEAT {datanodeUUID=30b1b43b-2ac1-4227-ba9d-0d794daadc3a, command=[]} | ret=SUCCESS |  
2019-09-03 09:40:58,993 | INFO  | SCMAudit | user=jenkins1000 | ip=192.168.69.126 | op=SEND_HEARTBEAT {datanodeUUID=54a7770c-e3e5-4c4a-b2d5-1e155816e439, command=[]} | ret=SUCCESS |  
2019-09-03 09:40:59,034 | INFO  | SCMAudit | user=jenkins1000 | ip=192.168.69.126 | op=SEND_HEARTBEAT {datanodeUUID=dc57de79-aaca-47f1-971f-bd2f7461306f, command=[]} | ret=SUCCESS |  
2019-09-03 09:40:59,035 | INFO  | SCMAudit | user=jenkins1000 | ip=192.168.69.126 | op=SEND_HEARTBEAT {datanodeUUID=a24a5d44-532e-4ff6-8e9a-f2506e5c1784, command=[]} | ret=SUCCESS |  
2019-09-03 09:40:59,192 | INFO  | SCMAudit | user=jenkins1000 | ip=192.168.69.126 | op=SEND_HEARTBEAT {datanodeUUID=fbf90420-a45e-48ce-b982-ff6e0a18d7ed, command=[]} | ret=SUCCESS |  
2019-09-03 09:40:59,406 [grpc-default-executor-4] INFO  client.GrpcClientProtocolClient (GrpcClientProtocolClient.java:onNext(255)) - client-411D9B923220->54a7770c-e3e5-4c4a-b2d5-1e155816e439: receive RaftClientReply:client-411D9B923220->54a7770c-e3e5-4c4a-b2d5-1e155816e439@group-A3ADB0FA2990, cid=48, FAILED org.apache.ratis.protocol.NotLeaderException: Server 54a7770c-e3e5-4c4a-b2d5-1e155816e439 is not the leader (a24a5d44-532e-4ff6-8e9a-f2506e5c1784:192.168.69.126:37019). Request must be sent to leader., logIndex=0, commits[54a7770c-e3e5-4c4a-b2d5-1e155816e439:c8, dc57de79-aaca-47f1-971f-bd2f7461306f:c8, a24a5d44-532e-4ff6-8e9a-f2506e5c1784:c8]
2019-09-03 09:40:59,537 | INFO  | SCMAudit | user=jenkins1000 | ip=192.168.69.126 | op=SEND_HEARTBEAT {datanodeUUID=5f62d077-1cb0-4aa3-be9b-0f443f88c284, command=[]} | ret=SUCCESS |  
2019-09-03 09:40:59,739 | INFO  | SCMAudit | user=jenkins1000 | ip=192.168.69.126 | op=SEND_HEARTBEAT {datanodeUUID=f1e690fe-d9d6-4f9a-b28d-4fa21d7465dc, command=[]} | ret=SUCCESS |  
2019-09-03 09:40:59,993 | INFO  | SCMAudit | user=jenkins1000 | ip=192.168.69.126 | op=SEND_HEARTBEAT {datanodeUUID=54a7770c-e3e5-4c4a-b2d5-1e155816e439, command=[]} | ret=SUCCESS |  
2019-09-03 09:40:59,993 | INFO  | SCMAudit | user=jenkins1000 | ip=192.168.69.126 | op=SEND_HEARTBEAT {datanodeUUID=30b1b43b-2ac1-4227-ba9d-0d794daadc3a, command=[]} | ret=SUCCESS |  
2019-09-03 09:41:00,034 | INFO  | SCMAudit | user=jenkins1000 | ip=192.168.69.126 | op=SEND_HEARTBEAT {datanodeUUID=dc57de79-aaca-47f1-971f-bd2f7461306f, command=[]} | ret=SUCCESS |  
2019-09-03 09:41:00,035 | INFO  | SCMAudit | user=jenkins1000 | ip=192.168.69.126 | op=SEND_HEARTBEAT {datanodeUUID=a24a5d44-532e-4ff6-8e9a-f2506e5c1784, command=[]} | ret=SUCCESS |  
2019-09-03 09:41:00,193 | INFO  | SCMAudit | user=jenkins1000 | ip=192.168.69.126 | op=SEND_HEARTBEAT {datanodeUUID=fbf90420-a45e-48ce-b982-ff6e0a18d7ed, command=[]} | ret=SUCCESS |  
2019-09-03 09:41:00,537 | INFO  | SCMAudit | user=jenkins1000 | ip=192.168.69.126 | op=SEND_HEARTBEAT {datanodeUUID=5f62d077-1cb0-4aa3-be9b-0f443f88c284, command=[]} | ret=SUCCESS |  
2019-09-03 09:41:00,739 | INFO  | SCMAudit | user=jenkins1000 | ip=192.168.69.126 | op=SEND_HEARTBEAT {datanodeUUID=f1e690fe-d9d6-4f9a-b28d-4fa21d7465dc, command=[]} | ret=SUCCESS |  
2019-09-03 09:41:00,992 | INFO  | SCMAudit | user=jenkins1000 | ip=192.168.69.126 | op=SEND_HEARTBEAT {datanodeUUID=54a7770c-e3e5-4c4a-b2d5-1e155816e439, command=[]} | ret=SUCCESS |  
2019-09-03 09:41:00,992 | INFO  | SCMAudit | user=jenkins1000 | ip=192.168.69.126 | op=SEND_HEARTBEAT {datanodeUUID=30b1b43b-2ac1-4227-ba9d-0d794daadc3a, command=[]} | ret=SUCCESS |  
2019-09-03 09:41:01,035 | INFO  | SCMAudit | user=jenkins1000 | ip=192.168.69.126 | op=SEND_HEARTBEAT {datanodeUUID=dc57de79-aaca-47f1-971f-bd2f7461306f, command=[]} | ret=SUCCESS |  
2019-09-03 09:41:01,035 | INFO  | SCMAudit | user=jenkins1000 | ip=192.168.69.126 | op=SEND_HEARTBEAT {datanodeUUID=a24a5d44-532e-4ff6-8e9a-f2506e5c1784, command=[]} | ret=SUCCESS |  
2019-09-03 09:41:01,193 | INFO  | SCMAudit | user=jenkins1000 | ip=192.168.69.126 | op=SEND_HEARTBEAT {datanodeUUID=fbf90420-a45e-48ce-b982-ff6e0a18d7ed, command=[]} | ret=SUCCESS |  
2019-09-03 09:41:01,538 | INFO  | SCMAudit | user=jenkins1000 | ip=192.168.69.126 | op=SEND_HEARTBEAT {datanodeUUID=5f62d077-1cb0-4aa3-be9b-0f443f88c284, command=[]} | ret=SUCCESS |  
2019-09-03 09:41:01,740 | INFO  | SCMAudit | user=jenkins1000 | ip=192.168.69.126 | op=SEND_HEARTBEAT {datanodeUUID=f1e690fe-d9d6-4f9a-b28d-4fa21d7465dc, command=[]} | ret=SUCCESS |  
2019-09-03 09:41:01,992 | INFO  | SCMAudit | user=jenkins1000 | ip=192.168.69.126 | op=SEND_HEARTBEAT {datanodeUUID=30b1b43b-2ac1-4227-ba9d-0d794daadc3a, command=[]} | ret=SUCCESS |  
2019-09-03 09:41:01,992 | INFO  | SCMAudit | user=jenkins1000 | ip=192.168.69.126 | op=SEND_HEARTBEAT {datanodeUUID=54a7770c-e3e5-4c4a-b2d5-1e155816e439, command=[]} | ret=SUCCESS |  
2019-09-03 09:41:02,034 | INFO  | SCMAudit | user=jenkins1000 | ip=192.168.69.126 | op=SEND_HEARTBEAT {datanodeUUID=dc57de79-aaca-47f1-971f-bd2f7461306f, command=[]} | ret=SUCCESS |  
2019-09-03 09:41:02,035 | INFO  | SCMAudit | user=jenkins1000 | ip=192.168.69.126 | op=SEND_HEARTBEAT {datanodeUUID=a24a5d44-532e-4ff6-8e9a-f2506e5c1784, command=[]} | ret=SUCCESS |  
2019-09-03 09:41:02,193 | INFO  | SCMAudit | user=jenkins1000 | ip=192.168.69.126 | op=SEND_HEARTBEAT {datanodeUUID=fbf90420-a45e-48ce-b982-ff6e0a18d7ed, command=[]} | ret=SUCCESS |  
2019-09-03 09:41:02,538 | INFO  | SCMAudit | user=jenkins1000 | ip=192.168.69.126 | op=SEND_HEARTBEAT {datanodeUUID=5f62d077-1cb0-4aa3-be9b-0f443f88c284, command=[]} | ret=SUCCESS |  
2019-09-03 09:41:02,740 | INFO  | SCMAudit | user=jenkins1000 | ip=192.168.69.126 | op=SEND_HEARTBEAT {datanodeUUID=f1e690fe-d9d6-4f9a-b28d-4fa21d7465dc, command=[]} | ret=SUCCESS |  
2019-09-03 09:41:02,993 | INFO  | SCMAudit | user=jenkins1000 | ip=192.168.69.126 | op=SEND_HEARTBEAT {datanodeUUID=54a7770c-e3e5-4c4a-b2d5-1e155816e439, command=[]} | ret=SUCCESS |  
2019-09-03 09:41:02,993 | INFO  | SCMAudit | user=jenkins1000 | ip=192.168.69.126 | op=SEND_HEARTBEAT {datanodeUUID=30b1b43b-2ac1-4227-ba9d-0d794daadc3a, command=[]} | ret=SUCCESS |  
2019-09-03 09:41:03,034 | INFO  | SCMAudit | user=jenkins1000 | ip=192.168.69.126 | op=SEND_HEARTBEAT {datanodeUUID=dc57de79-aaca-47f1-971f-bd2f7461306f, command=[]} | ret=SUCCESS |  
2019-09-03 09:41:03,035 | INFO  | SCMAudit | user=jenkins1000 | ip=192.168.69.126 | op=SEND_HEARTBEAT {datanodeUUID=a24a5d44-532e-4ff6-8e9a-f2506e5c1784, command=[]} | ret=SUCCESS |  
2019-09-03 09:41:03,193 | INFO  | SCMAudit | user=jenkins1000 | ip=192.168.69.126 | op=SEND_HEARTBEAT {datanodeUUID=fbf90420-a45e-48ce-b982-ff6e0a18d7ed, command=[]} | ret=SUCCESS |  
2019-09-03 09:41:03,538 | INFO  | SCMAudit | user=jenkins1000 | ip=192.168.69.126 | op=SEND_HEARTBEAT {datanodeUUID=5f62d077-1cb0-4aa3-be9b-0f443f88c284, command=[]} | ret=SUCCESS |  
2019-09-03 09:41:03,740 | INFO  | SCMAudit | user=jenkins1000 | ip=192.168.69.126 | op=SEND_HEARTBEAT {datanodeUUID=f1e690fe-d9d6-4f9a-b28d-4fa21d7465dc, command=[]} | ret=SUCCESS |  
2019-09-03 09:41:03,994 | INFO  | SCMAudit | user=jenkins1000 | ip=192.168.69.126 | op=SEND_HEARTBEAT {datanodeUUID=54a7770c-e3e5-4c4a-b2d5-1e155816e439, command=[]} | ret=SUCCESS |  
2019-09-03 09:41:03,994 | INFO  | SCMAudit | user=jenkins1000 | ip=192.168.69.126 | op=SEND_HEARTBEAT {datanodeUUID=30b1b43b-2ac1-4227-ba9d-0d794daadc3a, command=[]} | ret=SUCCESS |  
2019-09-03 09:41:04,035 | INFO  | SCMAudit | user=jenkins1000 | ip=192.168.69.126 | op=SEND_HEARTBEAT {datanodeUUID=dc57de79-aaca-47f1-971f-bd2f7461306f, command=[]} | ret=SUCCESS |  
2019-09-03 09:41:04,035 | INFO  | SCMAudit | user=jenkins1000 | ip=192.168.69.126 | op=SEND_HEARTBEAT {datanodeUUID=a24a5d44-532e-4ff6-8e9a-f2506e5c1784, command=[]} | ret=SUCCESS |  
2019-09-03 09:41:04,194 | INFO  | SCMAudit | user=jenkins1000 | ip=192.168.69.126 | op=SEND_HEARTBEAT {datanodeUUID=fbf90420-a45e-48ce-b982-ff6e0a18d7ed, command=[]} | ret=SUCCESS |  
2019-09-03 09:41:04,471 [grpc-default-executor-3] INFO  client.GrpcClientProtocolClient (GrpcClientProtocolClient.java:onNext(255)) - client-411D9B923220->dc57de79-aaca-47f1-971f-bd2f7461306f: receive RaftClientReply:client-411D9B923220->dc57de79-aaca-47f1-971f-bd2f7461306f@group-A3ADB0FA2990, cid=48, FAILED org.apache.ratis.protocol.NotLeaderException: Server dc57de79-aaca-47f1-971f-bd2f7461306f is not the leader (a24a5d44-532e-4ff6-8e9a-f2506e5c1784:192.168.69.126:37019). Request must be sent to leader., logIndex=0, commits[dc57de79-aaca-47f1-971f-bd2f7461306f:c8, 54a7770c-e3e5-4c4a-b2d5-1e155816e439:c8, a24a5d44-532e-4ff6-8e9a-f2506e5c1784:c8]
2019-09-03 09:41:04,538 | INFO  | SCMAudit | user=jenkins1000 | ip=192.168.69.126 | op=SEND_HEARTBEAT {datanodeUUID=5f62d077-1cb0-4aa3-be9b-0f443f88c284, command=[]} | ret=SUCCESS |  
2019-09-03 09:41:04,740 | INFO  | SCMAudit | user=jenkins1000 | ip=192.168.69.126 | op=SEND_HEARTBEAT {datanodeUUID=f1e690fe-d9d6-4f9a-b28d-4fa21d7465dc, command=[]} | ret=SUCCESS |  
2019-09-03 09:41:04,994 | INFO  | SCMAudit | user=jenkins1000 | ip=192.168.69.126 | op=SEND_HEARTBEAT {datanodeUUID=54a7770c-e3e5-4c4a-b2d5-1e155816e439, command=[]} | ret=SUCCESS |  
2019-09-03 09:41:04,994 | INFO  | SCMAudit | user=jenkins1000 | ip=192.168.69.126 | op=SEND_HEARTBEAT {datanodeUUID=30b1b43b-2ac1-4227-ba9d-0d794daadc3a, command=[]} | ret=SUCCESS |  
2019-09-03 09:41:05,034 | INFO  | SCMAudit | user=jenkins1000 | ip=192.168.69.126 | op=SEND_HEARTBEAT {datanodeUUID=dc57de79-aaca-47f1-971f-bd2f7461306f, command=[]} | ret=SUCCESS |  
2019-09-03 09:41:05,035 | INFO  | SCMAudit | user=jenkins1000 | ip=192.168.69.126 | op=SEND_HEARTBEAT {datanodeUUID=a24a5d44-532e-4ff6-8e9a-f2506e5c1784, command=[]} | ret=SUCCESS |  
2019-09-03 09:41:05,193 | INFO  | SCMAudit | user=jenkins1000 | ip=192.168.69.126 | op=SEND_HEARTBEAT {datanodeUUID=fbf90420-a45e-48ce-b982-ff6e0a18d7ed, command=[]} | ret=SUCCESS |  
2019-09-03 09:41:05,539 | INFO  | SCMAudit | user=jenkins1000 | ip=192.168.69.126 | op=SEND_HEARTBEAT {datanodeUUID=5f62d077-1cb0-4aa3-be9b-0f443f88c284, command=[]} | ret=SUCCESS |  
2019-09-03 09:41:05,740 | INFO  | SCMAudit | user=jenkins1000 | ip=192.168.69.126 | op=SEND_HEARTBEAT {datanodeUUID=f1e690fe-d9d6-4f9a-b28d-4fa21d7465dc, command=[]} | ret=SUCCESS |  
2019-09-03 09:41:05,994 | INFO  | SCMAudit | user=jenkins1000 | ip=192.168.69.126 | op=SEND_HEARTBEAT {datanodeUUID=30b1b43b-2ac1-4227-ba9d-0d794daadc3a, command=[]} | ret=SUCCESS |  
2019-09-03 09:41:05,994 | INFO  | SCMAudit | user=jenkins1000 | ip=192.168.69.126 | op=SEND_HEARTBEAT {datanodeUUID=54a7770c-e3e5-4c4a-b2d5-1e155816e439, command=[]} | ret=SUCCESS |  
2019-09-03 09:41:06,035 | INFO  | SCMAudit | user=jenkins1000 | ip=192.168.69.126 | op=SEND_HEARTBEAT {datanodeUUID=dc57de79-aaca-47f1-971f-bd2f7461306f, command=[]} | ret=SUCCESS |  
2019-09-03 09:41:06,035 | INFO  | SCMAudit | user=jenkins1000 | ip=192.168.69.126 | op=SEND_HEARTBEAT {datanodeUUID=a24a5d44-532e-4ff6-8e9a-f2506e5c1784, command=[]} | ret=SUCCESS |  
2019-09-03 09:41:06,193 | INFO  | SCMAudit | user=jenkins1000 | ip=192.168.69.126 | op=SEND_HEARTBEAT {datanodeUUID=fbf90420-a45e-48ce-b982-ff6e0a18d7ed, command=[]} | ret=SUCCESS |  
2019-09-03 09:41:06,538 | INFO  | SCMAudit | user=jenkins1000 | ip=192.168.69.126 | op=SEND_HEARTBEAT {datanodeUUID=5f62d077-1cb0-4aa3-be9b-0f443f88c284, command=[]} | ret=SUCCESS |  
2019-09-03 09:41:06,739 | INFO  | SCMAudit | user=jenkins1000 | ip=192.168.69.126 | op=SEND_HEARTBEAT {datanodeUUID=f1e690fe-d9d6-4f9a-b28d-4fa21d7465dc, command=[]} | ret=SUCCESS |  
2019-09-03 09:41:06,994 | INFO  | SCMAudit | user=jenkins1000 | ip=192.168.69.126 | op=SEND_HEARTBEAT {datanodeUUID=54a7770c-e3e5-4c4a-b2d5-1e155816e439, command=[]} | ret=SUCCESS |  
2019-09-03 09:41:06,994 | INFO  | SCMAudit | user=jenkins1000 | ip=192.168.69.126 | op=SEND_HEARTBEAT {datanodeUUID=30b1b43b-2ac1-4227-ba9d-0d794daadc3a, command=[]} | ret=SUCCESS |  
2019-09-03 09:41:07,035 | INFO  | SCMAudit | user=jenkins1000 | ip=192.168.69.126 | op=SEND_HEARTBEAT {datanodeUUID=a24a5d44-532e-4ff6-8e9a-f2506e5c1784, command=[]} | ret=SUCCESS |  
2019-09-03 09:41:07,035 | INFO  | SCMAudit | user=jenkins1000 | ip=192.168.69.126 | op=SEND_HEARTBEAT {datanodeUUID=dc57de79-aaca-47f1-971f-bd2f7461306f, command=[]} | ret=SUCCESS |  
2019-09-03 09:41:07,194 | INFO  | SCMAudit | user=jenkins1000 | ip=192.168.69.126 | op=SEND_HEARTBEAT {datanodeUUID=fbf90420-a45e-48ce-b982-ff6e0a18d7ed, command=[]} | ret=SUCCESS |  
2019-09-03 09:41:07,540 | INFO  | SCMAudit | user=jenkins1000 | ip=192.168.69.126 | op=SEND_HEARTBEAT {datanodeUUID=5f62d077-1cb0-4aa3-be9b-0f443f88c284, command=[]} | ret=SUCCESS |  
2019-09-03 09:41:07,740 | INFO  | SCMAudit | user=jenkins1000 | ip=192.168.69.126 | op=SEND_HEARTBEAT {datanodeUUID=f1e690fe-d9d6-4f9a-b28d-4fa21d7465dc, command=[]} | ret=SUCCESS |  
2019-09-03 09:41:07,993 | INFO  | SCMAudit | user=jenkins1000 | ip=192.168.69.126 | op=SEND_HEARTBEAT {datanodeUUID=54a7770c-e3e5-4c4a-b2d5-1e155816e439, command=[]} | ret=SUCCESS |  
2019-09-03 09:41:07,993 | INFO  | SCMAudit | user=jenkins1000 | ip=192.168.69.126 | op=SEND_HEARTBEAT {datanodeUUID=30b1b43b-2ac1-4227-ba9d-0d794daadc3a, command=[]} | ret=SUCCESS |  
2019-09-03 09:41:08,035 | INFO  | SCMAudit | user=jenkins1000 | ip=192.168.69.126 | op=SEND_HEARTBEAT {datanodeUUID=a24a5d44-532e-4ff6-8e9a-f2506e5c1784, command=[]} | ret=SUCCESS |  
2019-09-03 09:41:08,035 | INFO  | SCMAudit | user=jenkins1000 | ip=192.168.69.126 | op=SEND_HEARTBEAT {datanodeUUID=dc57de79-aaca-47f1-971f-bd2f7461306f, command=[]} | ret=SUCCESS |  
2019-09-03 09:41:08,193 | INFO  | SCMAudit | user=jenkins1000 | ip=192.168.69.126 | op=SEND_HEARTBEAT {datanodeUUID=fbf90420-a45e-48ce-b982-ff6e0a18d7ed, command=[]} | ret=SUCCESS |  
2019-09-03 09:41:08,538 | INFO  | SCMAudit | user=jenkins1000 | ip=192.168.69.126 | op=SEND_HEARTBEAT {datanodeUUID=5f62d077-1cb0-4aa3-be9b-0f443f88c284, command=[]} | ret=SUCCESS |  
2019-09-03 09:41:08,742 | INFO  | SCMAudit | user=jenkins1000 | ip=192.168.69.126 | op=SEND_HEARTBEAT {datanodeUUID=f1e690fe-d9d6-4f9a-b28d-4fa21d7465dc, command=[]} | ret=SUCCESS |  
2019-09-03 09:41:08,993 | INFO  | SCMAudit | user=jenkins1000 | ip=192.168.69.126 | op=SEND_HEARTBEAT {datanodeUUID=30b1b43b-2ac1-4227-ba9d-0d794daadc3a, command=[]} | ret=SUCCESS |  
2019-09-03 09:41:08,993 | INFO  | SCMAudit | user=jenkins1000 | ip=192.168.69.126 | op=SEND_HEARTBEAT {datanodeUUID=54a7770c-e3e5-4c4a-b2d5-1e155816e439, command=[]} | ret=SUCCESS |  
2019-09-03 09:41:09,035 | INFO  | SCMAudit | user=jenkins1000 | ip=192.168.69.126 | op=SEND_HEARTBEAT {datanodeUUID=a24a5d44-532e-4ff6-8e9a-f2506e5c1784, command=[]} | ret=SUCCESS |  
2019-09-03 09:41:09,035 | INFO  | SCMAudit | user=jenkins1000 | ip=192.168.69.126 | op=SEND_HEARTBEAT {datanodeUUID=dc57de79-aaca-47f1-971f-bd2f7461306f, command=[]} | ret=SUCCESS |  
2019-09-03 09:41:09,193 | INFO  | SCMAudit | user=jenkins1000 | ip=192.168.69.126 | op=SEND_HEARTBEAT {datanodeUUID=fbf90420-a45e-48ce-b982-ff6e0a18d7ed, command=[]} | ret=SUCCESS |  
2019-09-03 09:41:09,511 [grpc-default-executor-3] INFO  client.GrpcClientProtocolClient (GrpcClientProtocolClient.java:onNext(255)) - client-411D9B923220->54a7770c-e3e5-4c4a-b2d5-1e155816e439: receive RaftClientReply:client-411D9B923220->54a7770c-e3e5-4c4a-b2d5-1e155816e439@group-A3ADB0FA2990, cid=48, FAILED org.apache.ratis.protocol.NotLeaderException: Server 54a7770c-e3e5-4c4a-b2d5-1e155816e439 is not the leader (a24a5d44-532e-4ff6-8e9a-f2506e5c1784:192.168.69.126:37019). Request must be sent to leader., logIndex=0, commits[54a7770c-e3e5-4c4a-b2d5-1e155816e439:c8, dc57de79-aaca-47f1-971f-bd2f7461306f:c8, a24a5d44-532e-4ff6-8e9a-f2506e5c1784:c8]
2019-09-03 09:41:09,539 | INFO  | SCMAudit | user=jenkins1000 | ip=192.168.69.126 | op=SEND_HEARTBEAT {datanodeUUID=5f62d077-1cb0-4aa3-be9b-0f443f88c284, command=[]} | ret=SUCCESS |  
2019-09-03 09:41:09,739 | INFO  | SCMAudit | user=jenkins1000 | ip=192.168.69.126 | op=SEND_HEARTBEAT {datanodeUUID=f1e690fe-d9d6-4f9a-b28d-4fa21d7465dc, command=[]} | ret=SUCCESS |  
2019-09-03 09:41:09,994 | INFO  | SCMAudit | user=jenkins1000 | ip=192.168.69.126 | op=SEND_HEARTBEAT {datanodeUUID=54a7770c-e3e5-4c4a-b2d5-1e155816e439, command=[]} | ret=SUCCESS |  
2019-09-03 09:41:09,994 | INFO  | SCMAudit | user=jenkins1000 | ip=192.168.69.126 | op=SEND_HEARTBEAT {datanodeUUID=30b1b43b-2ac1-4227-ba9d-0d794daadc3a, command=[]} | ret=SUCCESS |  
2019-09-03 09:41:10,036 | INFO  | SCMAudit | user=jenkins1000 | ip=192.168.69.126 | op=SEND_HEARTBEAT {datanodeUUID=dc57de79-aaca-47f1-971f-bd2f7461306f, command=[]} | ret=SUCCESS |  
2019-09-03 09:41:10,036 | INFO  | SCMAudit | user=jenkins1000 | ip=192.168.69.126 | op=SEND_HEARTBEAT {datanodeUUID=a24a5d44-532e-4ff6-8e9a-f2506e5c1784, command=[]} | ret=SUCCESS |  
2019-09-03 09:41:10,194 | INFO  | SCMAudit | user=jenkins1000 | ip=192.168.69.126 | op=SEND_HEARTBEAT {datanodeUUID=fbf90420-a45e-48ce-b982-ff6e0a18d7ed, command=[]} | ret=SUCCESS |  
2019-09-03 09:41:10,540 | INFO  | SCMAudit | user=jenkins1000 | ip=192.168.69.126 | op=SEND_HEARTBEAT {datanodeUUID=5f62d077-1cb0-4aa3-be9b-0f443f88c284, command=[]} | ret=SUCCESS |  
2019-09-03 09:41:10,739 | INFO  | SCMAudit | user=jenkins1000 | ip=192.168.69.126 | op=SEND_HEARTBEAT {datanodeUUID=f1e690fe-d9d6-4f9a-b28d-4fa21d7465dc, command=[]} | ret=SUCCESS |  
2019-09-03 09:41:10,993 | INFO  | SCMAudit | user=jenkins1000 | ip=192.168.69.126 | op=SEND_HEARTBEAT {datanodeUUID=30b1b43b-2ac1-4227-ba9d-0d794daadc3a, command=[]} | ret=SUCCESS |  
2019-09-03 09:41:10,993 | INFO  | SCMAudit | user=jenkins1000 | ip=192.168.69.126 | op=SEND_HEARTBEAT {datanodeUUID=54a7770c-e3e5-4c4a-b2d5-1e155816e439, command=[]} | ret=SUCCESS |  
2019-09-03 09:41:11,035 | INFO  | SCMAudit | user=jenkins1000 | ip=192.168.69.126 | op=SEND_HEARTBEAT {datanodeUUID=a24a5d44-532e-4ff6-8e9a-f2506e5c1784, command=[]} | ret=SUCCESS |  
2019-09-03 09:41:11,036 | INFO  | SCMAudit | user=jenkins1000 | ip=192.168.69.126 | op=SEND_HEARTBEAT {datanodeUUID=dc57de79-aaca-47f1-971f-bd2f7461306f, command=[]} | ret=SUCCESS |  
2019-09-03 09:41:11,193 | INFO  | SCMAudit | user=jenkins1000 | ip=192.168.69.126 | op=SEND_HEARTBEAT {datanodeUUID=fbf90420-a45e-48ce-b982-ff6e0a18d7ed, command=[]} | ret=SUCCESS |  
2019-09-03 09:41:11,539 | INFO  | SCMAudit | user=jenkins1000 | ip=192.168.69.126 | op=SEND_HEARTBEAT {datanodeUUID=5f62d077-1cb0-4aa3-be9b-0f443f88c284, command=[]} | ret=SUCCESS |  
2019-09-03 09:41:11,739 | INFO  | SCMAudit | user=jenkins1000 | ip=192.168.69.126 | op=SEND_HEARTBEAT {datanodeUUID=f1e690fe-d9d6-4f9a-b28d-4fa21d7465dc, command=[]} | ret=SUCCESS |  
2019-09-03 09:41:11,994 | INFO  | SCMAudit | user=jenkins1000 | ip=192.168.69.126 | op=SEND_HEARTBEAT {datanodeUUID=54a7770c-e3e5-4c4a-b2d5-1e155816e439, command=[]} | ret=SUCCESS |  
2019-09-03 09:41:11,994 | INFO  | SCMAudit | user=jenkins1000 | ip=192.168.69.126 | op=SEND_HEARTBEAT {datanodeUUID=30b1b43b-2ac1-4227-ba9d-0d794daadc3a, command=[]} | ret=SUCCESS |  
2019-09-03 09:41:12,035 | INFO  | SCMAudit | user=jenkins1000 | ip=192.168.69.126 | op=SEND_HEARTBEAT {datanodeUUID=a24a5d44-532e-4ff6-8e9a-f2506e5c1784, command=[]} | ret=SUCCESS |  
2019-09-03 09:41:12,036 | INFO  | SCMAudit | user=jenkins1000 | ip=192.168.69.126 | op=SEND_HEARTBEAT {datanodeUUID=dc57de79-aaca-47f1-971f-bd2f7461306f, command=[]} | ret=SUCCESS |  
2019-09-03 09:41:12,193 | INFO  | SCMAudit | user=jenkins1000 | ip=192.168.69.126 | op=SEND_HEARTBEAT {datanodeUUID=fbf90420-a45e-48ce-b982-ff6e0a18d7ed, command=[]} | ret=SUCCESS |  
2019-09-03 09:41:12,540 | INFO  | SCMAudit | user=jenkins1000 | ip=192.168.69.126 | op=SEND_HEARTBEAT {datanodeUUID=5f62d077-1cb0-4aa3-be9b-0f443f88c284, command=[]} | ret=SUCCESS |  
2019-09-03 09:41:12,740 | INFO  | SCMAudit | user=jenkins1000 | ip=192.168.69.126 | op=SEND_HEARTBEAT {datanodeUUID=f1e690fe-d9d6-4f9a-b28d-4fa21d7465dc, command=[]} | ret=SUCCESS |  
2019-09-03 09:41:12,993 | INFO  | SCMAudit | user=jenkins1000 | ip=192.168.69.126 | op=SEND_HEARTBEAT {datanodeUUID=30b1b43b-2ac1-4227-ba9d-0d794daadc3a, command=[]} | ret=SUCCESS |  
2019-09-03 09:41:12,993 | INFO  | SCMAudit | user=jenkins1000 | ip=192.168.69.126 | op=SEND_HEARTBEAT {datanodeUUID=54a7770c-e3e5-4c4a-b2d5-1e155816e439, command=[]} | ret=SUCCESS |  
2019-09-03 09:41:13,035 | INFO  | SCMAudit | user=jenkins1000 | ip=192.168.69.126 | op=SEND_HEARTBEAT {datanodeUUID=a24a5d44-532e-4ff6-8e9a-f2506e5c1784, command=[]} | ret=SUCCESS |  
2019-09-03 09:41:13,036 | INFO  | SCMAudit | user=jenkins1000 | ip=192.168.69.126 | op=SEND_HEARTBEAT {datanodeUUID=dc57de79-aaca-47f1-971f-bd2f7461306f, command=[]} | ret=SUCCESS |  
2019-09-03 09:41:13,193 | INFO  | SCMAudit | user=jenkins1000 | ip=192.168.69.126 | op=SEND_HEARTBEAT {datanodeUUID=fbf90420-a45e-48ce-b982-ff6e0a18d7ed, command=[]} | ret=SUCCESS |  
2019-09-03 09:41:13,539 | INFO  | SCMAudit | user=jenkins1000 | ip=192.168.69.126 | op=SEND_HEARTBEAT {datanodeUUID=5f62d077-1cb0-4aa3-be9b-0f443f88c284, command=[]} | ret=SUCCESS |  
2019-09-03 09:41:13,740 | INFO  | SCMAudit | user=jenkins1000 | ip=192.168.69.126 | op=SEND_HEARTBEAT {datanodeUUID=f1e690fe-d9d6-4f9a-b28d-4fa21d7465dc, command=[]} | ret=SUCCESS |  
2019-09-03 09:41:13,993 | INFO  | SCMAudit | user=jenkins1000 | ip=192.168.69.126 | op=SEND_HEARTBEAT {datanodeUUID=54a7770c-e3e5-4c4a-b2d5-1e155816e439, command=[]} | ret=SUCCESS |  
2019-09-03 09:41:13,994 | INFO  | SCMAudit | user=jenkins1000 | ip=192.168.69.126 | op=SEND_HEARTBEAT {datanodeUUID=30b1b43b-2ac1-4227-ba9d-0d794daadc3a, command=[]} | ret=SUCCESS |  
2019-09-03 09:41:14,036 | INFO  | SCMAudit | user=jenkins1000 | ip=192.168.69.126 | op=SEND_HEARTBEAT {datanodeUUID=a24a5d44-532e-4ff6-8e9a-f2506e5c1784, command=[]} | ret=SUCCESS |  
2019-09-03 09:41:14,037 | INFO  | SCMAudit | user=jenkins1000 | ip=192.168.69.126 | op=SEND_HEARTBEAT {datanodeUUID=dc57de79-aaca-47f1-971f-bd2f7461306f, command=[]} | ret=SUCCESS |  
2019-09-03 09:41:14,193 | INFO  | SCMAudit | user=jenkins1000 | ip=192.168.69.126 | op=SEND_HEARTBEAT {datanodeUUID=fbf90420-a45e-48ce-b982-ff6e0a18d7ed, command=[]} | ret=SUCCESS |  
2019-09-03 09:41:14,541 | INFO  | SCMAudit | user=jenkins1000 | ip=192.168.69.126 | op=SEND_HEARTBEAT {datanodeUUID=5f62d077-1cb0-4aa3-be9b-0f443f88c284, command=[]} | ret=SUCCESS |  
2019-09-03 09:41:14,554 [grpc-default-executor-4] INFO  client.GrpcClientProtocolClient (GrpcClientProtocolClient.java:onNext(255)) - client-411D9B923220->54a7770c-e3e5-4c4a-b2d5-1e155816e439: receive RaftClientReply:client-411D9B923220->54a7770c-e3e5-4c4a-b2d5-1e155816e439@group-A3ADB0FA2990, cid=48, FAILED org.apache.ratis.protocol.NotLeaderException: Server 54a7770c-e3e5-4c4a-b2d5-1e155816e439 is not the leader (a24a5d44-532e-4ff6-8e9a-f2506e5c1784:192.168.69.126:37019). Request must be sent to leader., logIndex=0, commits[54a7770c-e3e5-4c4a-b2d5-1e155816e439:c8, dc57de79-aaca-47f1-971f-bd2f7461306f:c8, a24a5d44-532e-4ff6-8e9a-f2506e5c1784:c8]
2019-09-03 09:41:14,740 | INFO  | SCMAudit | user=jenkins1000 | ip=192.168.69.126 | op=SEND_HEARTBEAT {datanodeUUID=f1e690fe-d9d6-4f9a-b28d-4fa21d7465dc, command=[]} | ret=SUCCESS |  
2019-09-03 09:41:14,993 | INFO  | SCMAudit | user=jenkins1000 | ip=192.168.69.126 | op=SEND_HEARTBEAT {datanodeUUID=54a7770c-e3e5-4c4a-b2d5-1e155816e439, command=[]} | ret=SUCCESS |  
2019-09-03 09:41:14,994 | INFO  | SCMAudit | user=jenkins1000 | ip=192.168.69.126 | op=SEND_HEARTBEAT {datanodeUUID=30b1b43b-2ac1-4227-ba9d-0d794daadc3a, command=[]} | ret=SUCCESS |  
2019-09-03 09:41:15,036 | INFO  | SCMAudit | user=jenkins1000 | ip=192.168.69.126 | op=SEND_HEARTBEAT {datanodeUUID=a24a5d44-532e-4ff6-8e9a-f2506e5c1784, command=[]} | ret=SUCCESS |  
2019-09-03 09:41:15,037 | INFO  | SCMAudit | user=jenkins1000 | ip=192.168.69.126 | op=SEND_HEARTBEAT {datanodeUUID=dc57de79-aaca-47f1-971f-bd2f7461306f, command=[]} | ret=SUCCESS |  
2019-09-03 09:41:15,194 | INFO  | SCMAudit | user=jenkins1000 | ip=192.168.69.126 | op=SEND_HEARTBEAT {datanodeUUID=fbf90420-a45e-48ce-b982-ff6e0a18d7ed, command=[]} | ret=SUCCESS |  
2019-09-03 09:41:15,541 | INFO  | SCMAudit | user=jenkins1000 | ip=192.168.69.126 | op=SEND_HEARTBEAT {datanodeUUID=5f62d077-1cb0-4aa3-be9b-0f443f88c284, command=[]} | ret=SUCCESS |  
2019-09-03 09:41:15,740 | INFO  | SCMAudit | user=jenkins1000 | ip=192.168.69.126 | op=SEND_HEARTBEAT {datanodeUUID=f1e690fe-d9d6-4f9a-b28d-4fa21d7465dc, command=[]} | ret=SUCCESS |  
2019-09-03 09:41:15,993 | INFO  | SCMAudit | user=jenkins1000 | ip=192.168.69.126 | op=SEND_HEARTBEAT {datanodeUUID=54a7770c-e3e5-4c4a-b2d5-1e155816e439, command=[]} | ret=SUCCESS |  
2019-09-03 09:41:15,994 | INFO  | SCMAudit | user=jenkins1000 | ip=192.168.69.126 | op=SEND_HEARTBEAT {datanodeUUID=30b1b43b-2ac1-4227-ba9d-0d794daadc3a, command=[]} | ret=SUCCESS |  
2019-09-03 09:41:16,037 | INFO  | SCMAudit | user=jenkins1000 | ip=192.168.69.126 | op=SEND_HEARTBEAT {datanodeUUID=a24a5d44-532e-4ff6-8e9a-f2506e5c1784, command=[]} | ret=SUCCESS |  
2019-09-03 09:41:16,037 | INFO  | SCMAudit | user=jenkins1000 | ip=192.168.69.126 | op=SEND_HEARTBEAT {datanodeUUID=dc57de79-aaca-47f1-971f-bd2f7461306f, command=[]} | ret=SUCCESS |  
2019-09-03 09:41:16,193 | INFO  | SCMAudit | user=jenkins1000 | ip=192.168.69.126 | op=SEND_HEARTBEAT {datanodeUUID=fbf90420-a45e-48ce-b982-ff6e0a18d7ed, command=[]} | ret=SUCCESS |  
2019-09-03 09:41:16,540 | INFO  | SCMAudit | user=jenkins1000 | ip=192.168.69.126 | op=SEND_HEARTBEAT {datanodeUUID=5f62d077-1cb0-4aa3-be9b-0f443f88c284, command=[]} | ret=SUCCESS |  
2019-09-03 09:41:16,739 | INFO  | SCMAudit | user=jenkins1000 | ip=192.168.69.126 | op=SEND_HEARTBEAT {datanodeUUID=f1e690fe-d9d6-4f9a-b28d-4fa21d7465dc, command=[]} | ret=SUCCESS |  
2019-09-03 09:41:16,993 | INFO  | SCMAudit | user=jenkins1000 | ip=192.168.69.126 | op=SEND_HEARTBEAT {datanodeUUID=54a7770c-e3e5-4c4a-b2d5-1e155816e439, command=[]} | ret=SUCCESS |  
2019-09-03 09:41:16,994 | INFO  | SCMAudit | user=jenkins1000 | ip=192.168.69.126 | op=SEND_HEARTBEAT {datanodeUUID=30b1b43b-2ac1-4227-ba9d-0d794daadc3a, command=[]} | ret=SUCCESS |  
2019-09-03 09:41:17,038 | INFO  | SCMAudit | user=jenkins1000 | ip=192.168.69.126 | op=SEND_HEARTBEAT {datanodeUUID=a24a5d44-532e-4ff6-8e9a-f2506e5c1784, command=[]} | ret=SUCCESS |  
2019-09-03 09:41:17,038 | INFO  | SCMAudit | user=jenkins1000 | ip=192.168.69.126 | op=SEND_HEARTBEAT {datanodeUUID=dc57de79-aaca-47f1-971f-bd2f7461306f, command=[]} | ret=SUCCESS |  
2019-09-03 09:41:17,194 | INFO  | SCMAudit | user=jenkins1000 | ip=192.168.69.126 | op=SEND_HEARTBEAT {datanodeUUID=fbf90420-a45e-48ce-b982-ff6e0a18d7ed, command=[]} | ret=SUCCESS |  
2019-09-03 09:41:17,540 | INFO  | SCMAudit | user=jenkins1000 | ip=192.168.69.126 | op=SEND_HEARTBEAT {datanodeUUID=5f62d077-1cb0-4aa3-be9b-0f443f88c284, command=[]} | ret=SUCCESS |  
2019-09-03 09:41:17,739 | INFO  | SCMAudit | user=jenkins1000 | ip=192.168.69.126 | op=SEND_HEARTBEAT {datanodeUUID=f1e690fe-d9d6-4f9a-b28d-4fa21d7465dc, command=[]} | ret=SUCCESS |  
2019-09-03 09:41:17,994 | INFO  | SCMAudit | user=jenkins1000 | ip=192.168.69.126 | op=SEND_HEARTBEAT {datanodeUUID=54a7770c-e3e5-4c4a-b2d5-1e155816e439, command=[]} | ret=SUCCESS |  
2019-09-03 09:41:17,995 | INFO  | SCMAudit | user=jenkins1000 | ip=192.168.69.126 | op=SEND_HEARTBEAT {datanodeUUID=30b1b43b-2ac1-4227-ba9d-0d794daadc3a, command=[]} | ret=SUCCESS |  
2019-09-03 09:41:18,037 | INFO  | SCMAudit | user=jenkins1000 | ip=192.168.69.126 | op=SEND_HEARTBEAT {datanodeUUID=dc57de79-aaca-47f1-971f-bd2f7461306f, command=[]} | ret=SUCCESS |  
2019-09-03 09:41:18,037 | INFO  | SCMAudit | user=jenkins1000 | ip=192.168.69.126 | op=SEND_HEARTBEAT {datanodeUUID=a24a5d44-532e-4ff6-8e9a-f2506e5c1784, command=[]} | ret=SUCCESS |  
2019-09-03 09:41:18,193 | INFO  | SCMAudit | user=jenkins1000 | ip=192.168.69.126 | op=SEND_HEARTBEAT {datanodeUUID=fbf90420-a45e-48ce-b982-ff6e0a18d7ed, command=[]} | ret=SUCCESS |  
2019-09-03 09:41:18,541 | INFO  | SCMAudit | user=jenkins1000 | ip=192.168.69.126 | op=SEND_HEARTBEAT {datanodeUUID=5f62d077-1cb0-4aa3-be9b-0f443f88c284, command=[]} | ret=SUCCESS |  
2019-09-03 09:41:18,740 | INFO  | SCMAudit | user=jenkins1000 | ip=192.168.69.126 | op=SEND_HEARTBEAT {datanodeUUID=f1e690fe-d9d6-4f9a-b28d-4fa21d7465dc, command=[]} | ret=SUCCESS |  
2019-09-03 09:41:18,993 | INFO  | SCMAudit | user=jenkins1000 | ip=192.168.69.126 | op=SEND_HEARTBEAT {datanodeUUID=54a7770c-e3e5-4c4a-b2d5-1e155816e439, command=[]} | ret=SUCCESS |  
2019-09-03 09:41:18,994 | INFO  | SCMAudit | user=jenkins1000 | ip=192.168.69.126 | op=SEND_HEARTBEAT {datanodeUUID=30b1b43b-2ac1-4227-ba9d-0d794daadc3a, command=[]} | ret=SUCCESS |  
2019-09-03 09:41:19,037 | INFO  | SCMAudit | user=jenkins1000 | ip=192.168.69.126 | op=SEND_HEARTBEAT {datanodeUUID=dc57de79-aaca-47f1-971f-bd2f7461306f, command=[]} | ret=SUCCESS |  
2019-09-03 09:41:19,037 | INFO  | SCMAudit | user=jenkins1000 | ip=192.168.69.126 | op=SEND_HEARTBEAT {datanodeUUID=a24a5d44-532e-4ff6-8e9a-f2506e5c1784, command=[]} | ret=SUCCESS |  
2019-09-03 09:41:19,194 | INFO  | SCMAudit | user=jenkins1000 | ip=192.168.69.126 | op=SEND_HEARTBEAT {datanodeUUID=fbf90420-a45e-48ce-b982-ff6e0a18d7ed, command=[]} | ret=SUCCESS |  
2019-09-03 09:41:19,540 | INFO  | SCMAudit | user=jenkins1000 | ip=192.168.69.126 | op=SEND_HEARTBEAT {datanodeUUID=5f62d077-1cb0-4aa3-be9b-0f443f88c284, command=[]} | ret=SUCCESS |  
2019-09-03 09:41:19,599 [grpc-default-executor-3] INFO  client.GrpcClientProtocolClient (GrpcClientProtocolClient.java:onNext(255)) - client-411D9B923220->54a7770c-e3e5-4c4a-b2d5-1e155816e439: receive RaftClientReply:client-411D9B923220->54a7770c-e3e5-4c4a-b2d5-1e155816e439@group-A3ADB0FA2990, cid=48, FAILED org.apache.ratis.protocol.NotLeaderException: Server 54a7770c-e3e5-4c4a-b2d5-1e155816e439 is not the leader (a24a5d44-532e-4ff6-8e9a-f2506e5c1784:192.168.69.126:37019). Request must be sent to leader., logIndex=0, commits[54a7770c-e3e5-4c4a-b2d5-1e155816e439:c8, dc57de79-aaca-47f1-971f-bd2f7461306f:c8, a24a5d44-532e-4ff6-8e9a-f2506e5c1784:c8]
2019-09-03 09:41:19,740 | INFO  | SCMAudit | user=jenkins1000 | ip=192.168.69.126 | op=SEND_HEARTBEAT {datanodeUUID=f1e690fe-d9d6-4f9a-b28d-4fa21d7465dc, command=[]} | ret=SUCCESS |  
2019-09-03 09:41:19,994 | INFO  | SCMAudit | user=jenkins1000 | ip=192.168.69.126 | op=SEND_HEARTBEAT {datanodeUUID=54a7770c-e3e5-4c4a-b2d5-1e155816e439, command=[]} | ret=SUCCESS |  
2019-09-03 09:41:19,994 | INFO  | SCMAudit | user=jenkins1000 | ip=192.168.69.126 | op=SEND_HEARTBEAT {datanodeUUID=30b1b43b-2ac1-4227-ba9d-0d794daadc3a, command=[]} | ret=SUCCESS |  
2019-09-03 09:41:20,038 | INFO  | SCMAudit | user=jenkins1000 | ip=192.168.69.126 | op=SEND_HEARTBEAT {datanodeUUID=dc57de79-aaca-47f1-971f-bd2f7461306f, command=[]} | ret=SUCCESS |  
2019-09-03 09:41:20,038 | INFO  | SCMAudit | user=jenkins1000 | ip=192.168.69.126 | op=SEND_HEARTBEAT {datanodeUUID=a24a5d44-532e-4ff6-8e9a-f2506e5c1784, command=[]} | ret=SUCCESS |  
2019-09-03 09:41:20,195 | INFO  | SCMAudit | user=jenkins1000 | ip=192.168.69.126 | op=SEND_HEARTBEAT {datanodeUUID=fbf90420-a45e-48ce-b982-ff6e0a18d7ed, command=[]} | ret=SUCCESS |  
2019-09-03 09:41:20,541 | INFO  | SCMAudit | user=jenkins1000 | ip=192.168.69.126 | op=SEND_HEARTBEAT {datanodeUUID=5f62d077-1cb0-4aa3-be9b-0f443f88c284, command=[]} | ret=SUCCESS |  
2019-09-03 09:41:20,741 | INFO  | SCMAudit | user=jenkins1000 | ip=192.168.69.126 | op=SEND_HEARTBEAT {datanodeUUID=f1e690fe-d9d6-4f9a-b28d-4fa21d7465dc, command=[]} | ret=SUCCESS |  
2019-09-03 09:41:20,994 | INFO  | SCMAudit | user=jenkins1000 | ip=192.168.69.126 | op=SEND_HEARTBEAT {datanodeUUID=30b1b43b-2ac1-4227-ba9d-0d794daadc3a, command=[]} | ret=SUCCESS |  
2019-09-03 09:41:20,994 | INFO  | SCMAudit | user=jenkins1000 | ip=192.168.69.126 | op=SEND_HEARTBEAT {datanodeUUID=54a7770c-e3e5-4c4a-b2d5-1e155816e439, command=[]} | ret=SUCCESS |  
2019-09-03 09:41:21,037 | INFO  | SCMAudit | user=jenkins1000 | ip=192.168.69.126 | op=SEND_HEARTBEAT {datanodeUUID=dc57de79-aaca-47f1-971f-bd2f7461306f, command=[]} | ret=SUCCESS |  
2019-09-03 09:41:21,039 | INFO  | SCMAudit | user=jenkins1000 | ip=192.168.69.126 | op=SEND_HEARTBEAT {datanodeUUID=a24a5d44-532e-4ff6-8e9a-f2506e5c1784, command=[]} | ret=SUCCESS |  
2019-09-03 09:41:21,193 | INFO  | SCMAudit | user=jenkins1000 | ip=192.168.69.126 | op=SEND_HEARTBEAT {datanodeUUID=fbf90420-a45e-48ce-b982-ff6e0a18d7ed, command=[]} | ret=SUCCESS |  
2019-09-03 09:41:21,541 | INFO  | SCMAudit | user=jenkins1000 | ip=192.168.69.126 | op=SEND_HEARTBEAT {datanodeUUID=5f62d077-1cb0-4aa3-be9b-0f443f88c284, command=[]} | ret=SUCCESS |  
2019-09-03 09:41:21,741 | INFO  | SCMAudit | user=jenkins1000 | ip=192.168.69.126 | op=SEND_HEARTBEAT {datanodeUUID=f1e690fe-d9d6-4f9a-b28d-4fa21d7465dc, command=[]} | ret=SUCCESS |  
2019-09-03 09:41:21,995 | INFO  | SCMAudit | user=jenkins1000 | ip=192.168.69.126 | op=SEND_HEARTBEAT {datanodeUUID=54a7770c-e3e5-4c4a-b2d5-1e155816e439, command=[]} | ret=SUCCESS |  
2019-09-03 09:41:21,995 | INFO  | SCMAudit | user=jenkins1000 | ip=192.168.69.126 | op=SEND_HEARTBEAT {datanodeUUID=30b1b43b-2ac1-4227-ba9d-0d794daadc3a, command=[]} | ret=SUCCESS |  
2019-09-03 09:41:22,037 | INFO  | SCMAudit | user=jenkins1000 | ip=192.168.69.126 | op=SEND_HEARTBEAT {datanodeUUID=dc57de79-aaca-47f1-971f-bd2f7461306f, command=[]} | ret=SUCCESS |  
2019-09-03 09:41:22,039 | INFO  | SCMAudit | user=jenkins1000 | ip=192.168.69.126 | op=SEND_HEARTBEAT {datanodeUUID=a24a5d44-532e-4ff6-8e9a-f2506e5c1784, command=[]} | ret=SUCCESS |  
2019-09-03 09:41:22,194 | INFO  | SCMAudit | user=jenkins1000 | ip=192.168.69.126 | op=SEND_HEARTBEAT {datanodeUUID=fbf90420-a45e-48ce-b982-ff6e0a18d7ed, command=[]} | ret=SUCCESS |  
2019-09-03 09:41:22,542 | INFO  | SCMAudit | user=jenkins1000 | ip=192.168.69.126 | op=SEND_HEARTBEAT {datanodeUUID=5f62d077-1cb0-4aa3-be9b-0f443f88c284, command=[]} | ret=SUCCESS |  
2019-09-03 09:41:22,742 | INFO  | SCMAudit | user=jenkins1000 | ip=192.168.69.126 | op=SEND_HEARTBEAT {datanodeUUID=f1e690fe-d9d6-4f9a-b28d-4fa21d7465dc, command=[]} | ret=SUCCESS |  
2019-09-03 09:41:22,994 | INFO  | SCMAudit | user=jenkins1000 | ip=192.168.69.126 | op=SEND_HEARTBEAT {datanodeUUID=54a7770c-e3e5-4c4a-b2d5-1e155816e439, command=[]} | ret=SUCCESS |  
2019-09-03 09:41:22,994 | INFO  | SCMAudit | user=jenkins1000 | ip=192.168.69.126 | op=SEND_HEARTBEAT {datanodeUUID=30b1b43b-2ac1-4227-ba9d-0d794daadc3a, command=[]} | ret=SUCCESS |  
2019-09-03 09:41:23,038 | INFO  | SCMAudit | user=jenkins1000 | ip=192.168.69.126 | op=SEND_HEARTBEAT {datanodeUUID=dc57de79-aaca-47f1-971f-bd2f7461306f, command=[]} | ret=SUCCESS |  
2019-09-03 09:41:23,039 | INFO  | SCMAudit | user=jenkins1000 | ip=192.168.69.126 | op=SEND_HEARTBEAT {datanodeUUID=a24a5d44-532e-4ff6-8e9a-f2506e5c1784, command=[]} | ret=SUCCESS |  
2019-09-03 09:41:23,194 | INFO  | SCMAudit | user=jenkins1000 | ip=192.168.69.126 | op=SEND_HEARTBEAT {datanodeUUID=fbf90420-a45e-48ce-b982-ff6e0a18d7ed, command=[]} | ret=SUCCESS |  
2019-09-03 09:41:23,543 | INFO  | SCMAudit | user=jenkins1000 | ip=192.168.69.126 | op=SEND_HEARTBEAT {datanodeUUID=5f62d077-1cb0-4aa3-be9b-0f443f88c284, command=[]} | ret=SUCCESS |  
2019-09-03 09:41:23,741 | INFO  | SCMAudit | user=jenkins1000 | ip=192.168.69.126 | op=SEND_HEARTBEAT {datanodeUUID=f1e690fe-d9d6-4f9a-b28d-4fa21d7465dc, command=[]} | ret=SUCCESS |  
2019-09-03 09:41:23,995 | INFO  | SCMAudit | user=jenkins1000 | ip=192.168.69.126 | op=SEND_HEARTBEAT {datanodeUUID=30b1b43b-2ac1-4227-ba9d-0d794daadc3a, command=[]} | ret=SUCCESS |  
2019-09-03 09:41:23,995 | INFO  | SCMAudit | user=jenkins1000 | ip=192.168.69.126 | op=SEND_HEARTBEAT {datanodeUUID=54a7770c-e3e5-4c4a-b2d5-1e155816e439, command=[]} | ret=SUCCESS |  
2019-09-03 09:41:24,037 | INFO  | SCMAudit | user=jenkins1000 | ip=192.168.69.126 | op=SEND_HEARTBEAT {datanodeUUID=dc57de79-aaca-47f1-971f-bd2f7461306f, command=[]} | ret=SUCCESS |  
2019-09-03 09:41:24,039 | INFO  | SCMAudit | user=jenkins1000 | ip=192.168.69.126 | op=SEND_HEARTBEAT {datanodeUUID=a24a5d44-532e-4ff6-8e9a-f2506e5c1784, command=[]} | ret=SUCCESS |  
2019-09-03 09:41:24,195 | INFO  | SCMAudit | user=jenkins1000 | ip=192.168.69.126 | op=SEND_HEARTBEAT {datanodeUUID=fbf90420-a45e-48ce-b982-ff6e0a18d7ed, command=[]} | ret=SUCCESS |  
2019-09-03 09:41:24,542 | INFO  | SCMAudit | user=jenkins1000 | ip=192.168.69.126 | op=SEND_HEARTBEAT {datanodeUUID=5f62d077-1cb0-4aa3-be9b-0f443f88c284, command=[]} | ret=SUCCESS |  
2019-09-03 09:41:24,642 [grpc-default-executor-3] INFO  client.GrpcClientProtocolClient (GrpcClientProtocolClient.java:onNext(255)) - client-411D9B923220->dc57de79-aaca-47f1-971f-bd2f7461306f: receive RaftClientReply:client-411D9B923220->dc57de79-aaca-47f1-971f-bd2f7461306f@group-A3ADB0FA2990, cid=48, FAILED org.apache.ratis.protocol.NotLeaderException: Server dc57de79-aaca-47f1-971f-bd2f7461306f is not the leader (a24a5d44-532e-4ff6-8e9a-f2506e5c1784:192.168.69.126:37019). Request must be sent to leader., logIndex=0, commits[dc57de79-aaca-47f1-971f-bd2f7461306f:c8, 54a7770c-e3e5-4c4a-b2d5-1e155816e439:c8, a24a5d44-532e-4ff6-8e9a-f2506e5c1784:c8]
2019-09-03 09:41:24,742 | INFO  | SCMAudit | user=jenkins1000 | ip=192.168.69.126 | op=SEND_HEARTBEAT {datanodeUUID=f1e690fe-d9d6-4f9a-b28d-4fa21d7465dc, command=[]} | ret=SUCCESS |  
2019-09-03 09:41:24,995 | INFO  | SCMAudit | user=jenkins1000 | ip=192.168.69.126 | op=SEND_HEARTBEAT {datanodeUUID=30b1b43b-2ac1-4227-ba9d-0d794daadc3a, command=[]} | ret=SUCCESS |  
2019-09-03 09:41:24,995 | INFO  | SCMAudit | user=jenkins1000 | ip=192.168.69.126 | op=SEND_HEARTBEAT {datanodeUUID=54a7770c-e3e5-4c4a-b2d5-1e155816e439, command=[]} | ret=SUCCESS |  
2019-09-03 09:41:25,037 | INFO  | SCMAudit | user=jenkins1000 | ip=192.168.69.126 | op=SEND_HEARTBEAT {datanodeUUID=dc57de79-aaca-47f1-971f-bd2f7461306f, command=[]} | ret=SUCCESS |  
2019-09-03 09:41:25,039 | INFO  | SCMAudit | user=jenkins1000 | ip=192.168.69.126 | op=SEND_HEARTBEAT {datanodeUUID=a24a5d44-532e-4ff6-8e9a-f2506e5c1784, command=[]} | ret=SUCCESS |  
2019-09-03 09:41:25,194 | INFO  | SCMAudit | user=jenkins1000 | ip=192.168.69.126 | op=SEND_HEARTBEAT {datanodeUUID=fbf90420-a45e-48ce-b982-ff6e0a18d7ed, command=[]} | ret=SUCCESS |  
2019-09-03 09:41:25,543 | INFO  | SCMAudit | user=jenkins1000 | ip=192.168.69.126 | op=SEND_HEARTBEAT {datanodeUUID=5f62d077-1cb0-4aa3-be9b-0f443f88c284, command=[]} | ret=SUCCESS |  
2019-09-03 09:41:25,743 | INFO  | SCMAudit | user=jenkins1000 | ip=192.168.69.126 | op=SEND_HEARTBEAT {datanodeUUID=f1e690fe-d9d6-4f9a-b28d-4fa21d7465dc, command=[]} | ret=SUCCESS |  
2019-09-03 09:41:25,994 | INFO  | SCMAudit | user=jenkins1000 | ip=192.168.69.126 | op=SEND_HEARTBEAT {datanodeUUID=30b1b43b-2ac1-4227-ba9d-0d794daadc3a, command=[]} | ret=SUCCESS |  
2019-09-03 09:41:25,994 | INFO  | SCMAudit | user=jenkins1000 | ip=192.168.69.126 | op=SEND_HEARTBEAT {datanodeUUID=54a7770c-e3e5-4c4a-b2d5-1e155816e439, command=[]} | ret=SUCCESS |  
2019-09-03 09:41:26,038 | INFO  | SCMAudit | user=jenkins1000 | ip=192.168.69.126 | op=SEND_HEARTBEAT {datanodeUUID=dc57de79-aaca-47f1-971f-bd2f7461306f, command=[]} | ret=SUCCESS |  
2019-09-03 09:41:26,039 | INFO  | SCMAudit | user=jenkins1000 | ip=192.168.69.126 | op=SEND_HEARTBEAT {datanodeUUID=a24a5d44-532e-4ff6-8e9a-f2506e5c1784, command=[]} | ret=SUCCESS |  
2019-09-03 09:41:26,195 | INFO  | SCMAudit | user=jenkins1000 | ip=192.168.69.126 | op=SEND_HEARTBEAT {datanodeUUID=fbf90420-a45e-48ce-b982-ff6e0a18d7ed, command=[]} | ret=SUCCESS |  
2019-09-03 09:41:26,543 | INFO  | SCMAudit | user=jenkins1000 | ip=192.168.69.126 | op=SEND_HEARTBEAT {datanodeUUID=5f62d077-1cb0-4aa3-be9b-0f443f88c284, command=[]} | ret=SUCCESS |  
2019-09-03 09:41:26,742 | INFO  | SCMAudit | user=jenkins1000 | ip=192.168.69.126 | op=SEND_HEARTBEAT {datanodeUUID=f1e690fe-d9d6-4f9a-b28d-4fa21d7465dc, command=[]} | ret=SUCCESS |  
2019-09-03 09:41:26,995 | INFO  | SCMAudit | user=jenkins1000 | ip=192.168.69.126 | op=SEND_HEARTBEAT {datanodeUUID=30b1b43b-2ac1-4227-ba9d-0d794daadc3a, command=[]} | ret=SUCCESS |  
2019-09-03 09:41:26,995 | INFO  | SCMAudit | user=jenkins1000 | ip=192.168.69.126 | op=SEND_HEARTBEAT {datanodeUUID=54a7770c-e3e5-4c4a-b2d5-1e155816e439, command=[]} | ret=SUCCESS |  
2019-09-03 09:41:27,037 | INFO  | SCMAudit | user=jenkins1000 | ip=192.168.69.126 | op=SEND_HEARTBEAT {datanodeUUID=dc57de79-aaca-47f1-971f-bd2f7461306f, command=[]} | ret=SUCCESS |  
2019-09-03 09:41:27,039 | INFO  | SCMAudit | user=jenkins1000 | ip=192.168.69.126 | op=SEND_HEARTBEAT {datanodeUUID=a24a5d44-532e-4ff6-8e9a-f2506e5c1784, command=[]} | ret=SUCCESS |  
2019-09-03 09:41:27,194 | INFO  | SCMAudit | user=jenkins1000 | ip=192.168.69.126 | op=SEND_HEARTBEAT {datanodeUUID=fbf90420-a45e-48ce-b982-ff6e0a18d7ed, command=[]} | ret=SUCCESS |  
2019-09-03 09:41:27,543 | INFO  | SCMAudit | user=jenkins1000 | ip=192.168.69.126 | op=SEND_HEARTBEAT {datanodeUUID=5f62d077-1cb0-4aa3-be9b-0f443f88c284, command=[]} | ret=SUCCESS |  
2019-09-03 09:41:27,743 | INFO  | SCMAudit | user=jenkins1000 | ip=192.168.69.126 | op=SEND_HEARTBEAT {datanodeUUID=f1e690fe-d9d6-4f9a-b28d-4fa21d7465dc, command=[]} | ret=SUCCESS |  
2019-09-03 09:41:27,994 | INFO  | SCMAudit | user=jenkins1000 | ip=192.168.69.126 | op=SEND_HEARTBEAT {datanodeUUID=54a7770c-e3e5-4c4a-b2d5-1e155816e439, command=[]} | ret=SUCCESS |  
2019-09-03 09:41:27,994 | INFO  | SCMAudit | user=jenkins1000 | ip=192.168.69.126 | op=SEND_HEARTBEAT {datanodeUUID=30b1b43b-2ac1-4227-ba9d-0d794daadc3a, command=[]} | ret=SUCCESS |  
2019-09-03 09:41:28,038 | INFO  | SCMAudit | user=jenkins1000 | ip=192.168.69.126 | op=SEND_HEARTBEAT {datanodeUUID=dc57de79-aaca-47f1-971f-bd2f7461306f, command=[]} | ret=SUCCESS |  
2019-09-03 09:41:28,039 | INFO  | SCMAudit | user=jenkins1000 | ip=192.168.69.126 | op=SEND_HEARTBEAT {datanodeUUID=a24a5d44-532e-4ff6-8e9a-f2506e5c1784, command=[]} | ret=SUCCESS |  
2019-09-03 09:41:28,194 | INFO  | SCMAudit | user=jenkins1000 | ip=192.168.69.126 | op=SEND_HEARTBEAT {datanodeUUID=fbf90420-a45e-48ce-b982-ff6e0a18d7ed, command=[]} | ret=SUCCESS |  
2019-09-03 09:41:28,544 | INFO  | SCMAudit | user=jenkins1000 | ip=192.168.69.126 | op=SEND_HEARTBEAT {datanodeUUID=5f62d077-1cb0-4aa3-be9b-0f443f88c284, command=[]} | ret=SUCCESS |  
2019-09-03 09:41:28,742 | INFO  | SCMAudit | user=jenkins1000 | ip=192.168.69.126 | op=SEND_HEARTBEAT {datanodeUUID=f1e690fe-d9d6-4f9a-b28d-4fa21d7465dc, command=[]} | ret=SUCCESS |  
2019-09-03 09:41:28,995 | INFO  | SCMAudit | user=jenkins1000 | ip=192.168.69.126 | op=SEND_HEARTBEAT {datanodeUUID=30b1b43b-2ac1-4227-ba9d-0d794daadc3a, command=[]} | ret=SUCCESS |  
2019-09-03 09:41:28,995 | INFO  | SCMAudit | user=jenkins1000 | ip=192.168.69.126 | op=SEND_HEARTBEAT {datanodeUUID=54a7770c-e3e5-4c4a-b2d5-1e155816e439, command=[]} | ret=SUCCESS |  
2019-09-03 09:41:29,037 | INFO  | SCMAudit | user=jenkins1000 | ip=192.168.69.126 | op=SEND_HEARTBEAT {datanodeUUID=dc57de79-aaca-47f1-971f-bd2f7461306f, command=[]} | ret=SUCCESS |  
2019-09-03 09:41:29,040 | INFO  | SCMAudit | user=jenkins1000 | ip=192.168.69.126 | op=SEND_HEARTBEAT {datanodeUUID=a24a5d44-532e-4ff6-8e9a-f2506e5c1784, command=[]} | ret=SUCCESS |  
2019-09-03 09:41:29,195 | INFO  | SCMAudit | user=jenkins1000 | ip=192.168.69.126 | op=SEND_HEARTBEAT {datanodeUUID=fbf90420-a45e-48ce-b982-ff6e0a18d7ed, command=[]} | ret=SUCCESS |  
2019-09-03 09:41:29,545 | INFO  | SCMAudit | user=jenkins1000 | ip=192.168.69.126 | op=SEND_HEARTBEAT {datanodeUUID=5f62d077-1cb0-4aa3-be9b-0f443f88c284, command=[]} | ret=SUCCESS |  
2019-09-03 09:41:29,681 [grpc-default-executor-4] INFO  client.GrpcClientProtocolClient (GrpcClientProtocolClient.java:onNext(255)) - client-411D9B923220->dc57de79-aaca-47f1-971f-bd2f7461306f: receive RaftClientReply:client-411D9B923220->dc57de79-aaca-47f1-971f-bd2f7461306f@group-A3ADB0FA2990, cid=48, FAILED org.apache.ratis.protocol.NotLeaderException: Server dc57de79-aaca-47f1-971f-bd2f7461306f is not the leader (a24a5d44-532e-4ff6-8e9a-f2506e5c1784:192.168.69.126:37019). Request must be sent to leader., logIndex=0, commits[dc57de79-aaca-47f1-971f-bd2f7461306f:c8, 54a7770c-e3e5-4c4a-b2d5-1e155816e439:c8, a24a5d44-532e-4ff6-8e9a-f2506e5c1784:c8]
2019-09-03 09:41:29,743 | INFO  | SCMAudit | user=jenkins1000 | ip=192.168.69.126 | op=SEND_HEARTBEAT {datanodeUUID=f1e690fe-d9d6-4f9a-b28d-4fa21d7465dc, command=[]} | ret=SUCCESS |  
2019-09-03 09:41:29,995 | INFO  | SCMAudit | user=jenkins1000 | ip=192.168.69.126 | op=SEND_HEARTBEAT {datanodeUUID=30b1b43b-2ac1-4227-ba9d-0d794daadc3a, command=[]} | ret=SUCCESS |  
2019-09-03 09:41:29,995 | INFO  | SCMAudit | user=jenkins1000 | ip=192.168.69.126 | op=SEND_HEARTBEAT {datanodeUUID=54a7770c-e3e5-4c4a-b2d5-1e155816e439, command=[]} | ret=SUCCESS |  
2019-09-03 09:41:30,037 | INFO  | SCMAudit | user=jenkins1000 | ip=192.168.69.126 | op=SEND_HEARTBEAT {datanodeUUID=dc57de79-aaca-47f1-971f-bd2f7461306f, command=[]} | ret=SUCCESS |  
2019-09-03 09:41:30,040 | INFO  | SCMAudit | user=jenkins1000 | ip=192.168.69.126 | op=SEND_HEARTBEAT {datanodeUUID=a24a5d44-532e-4ff6-8e9a-f2506e5c1784, command=[]} | ret=SUCCESS |  
2019-09-03 09:41:30,194 | INFO  | SCMAudit | user=jenkins1000 | ip=192.168.69.126 | op=SEND_HEARTBEAT {datanodeUUID=fbf90420-a45e-48ce-b982-ff6e0a18d7ed, command=[]} | ret=SUCCESS |  
2019-09-03 09:41:30,544 | INFO  | SCMAudit | user=jenkins1000 | ip=192.168.69.126 | op=SEND_HEARTBEAT {datanodeUUID=5f62d077-1cb0-4aa3-be9b-0f443f88c284, command=[]} | ret=SUCCESS |  
2019-09-03 09:41:30,748 | INFO  | SCMAudit | user=jenkins1000 | ip=192.168.69.126 | op=SEND_HEARTBEAT {datanodeUUID=f1e690fe-d9d6-4f9a-b28d-4fa21d7465dc, command=[]} | ret=SUCCESS |  
2019-09-03 09:41:30,995 | INFO  | SCMAudit | user=jenkins1000 | ip=192.168.69.126 | op=SEND_HEARTBEAT {datanodeUUID=54a7770c-e3e5-4c4a-b2d5-1e155816e439, command=[]} | ret=SUCCESS |  
2019-09-03 09:41:30,995 | INFO  | SCMAudit | user=jenkins1000 | ip=192.168.69.126 | op=SEND_HEARTBEAT {datanodeUUID=30b1b43b-2ac1-4227-ba9d-0d794daadc3a, command=[]} | ret=SUCCESS |  
2019-09-03 09:41:31,038 | INFO  | SCMAudit | user=jenkins1000 | ip=192.168.69.126 | op=SEND_HEARTBEAT {datanodeUUID=dc57de79-aaca-47f1-971f-bd2f7461306f, command=[]} | ret=SUCCESS |  
2019-09-03 09:41:31,040 | INFO  | SCMAudit | user=jenkins1000 | ip=192.168.69.126 | op=SEND_HEARTBEAT {datanodeUUID=a24a5d44-532e-4ff6-8e9a-f2506e5c1784, command=[]} | ret=SUCCESS |  
2019-09-03 09:41:31,194 | INFO  | SCMAudit | user=jenkins1000 | ip=192.168.69.126 | op=SEND_HEARTBEAT {datanodeUUID=fbf90420-a45e-48ce-b982-ff6e0a18d7ed, command=[]} | ret=SUCCESS |  
2019-09-03 09:41:31,545 | INFO  | SCMAudit | user=jenkins1000 | ip=192.168.69.126 | op=SEND_HEARTBEAT {datanodeUUID=5f62d077-1cb0-4aa3-be9b-0f443f88c284, command=[]} | ret=SUCCESS |  
2019-09-03 09:41:31,743 | INFO  | SCMAudit | user=jenkins1000 | ip=192.168.69.126 | op=SEND_HEARTBEAT {datanodeUUID=f1e690fe-d9d6-4f9a-b28d-4fa21d7465dc, command=[]} | ret=SUCCESS |  
2019-09-03 09:41:31,994 | INFO  | SCMAudit | user=jenkins1000 | ip=192.168.69.126 | op=SEND_HEARTBEAT {datanodeUUID=54a7770c-e3e5-4c4a-b2d5-1e155816e439, command=[]} | ret=SUCCESS |  
2019-09-03 09:41:31,994 | INFO  | SCMAudit | user=jenkins1000 | ip=192.168.69.126 | op=SEND_HEARTBEAT {datanodeUUID=30b1b43b-2ac1-4227-ba9d-0d794daadc3a, command=[]} | ret=SUCCESS |  
2019-09-03 09:41:32,037 | INFO  | SCMAudit | user=jenkins1000 | ip=192.168.69.126 | op=SEND_HEARTBEAT {datanodeUUID=dc57de79-aaca-47f1-971f-bd2f7461306f, command=[]} | ret=SUCCESS |  
2019-09-03 09:41:32,040 | INFO  | SCMAudit | user=jenkins1000 | ip=192.168.69.126 | op=SEND_HEARTBEAT {datanodeUUID=a24a5d44-532e-4ff6-8e9a-f2506e5c1784, command=[]} | ret=SUCCESS |  
2019-09-03 09:41:32,195 | INFO  | SCMAudit | user=jenkins1000 | ip=192.168.69.126 | op=SEND_HEARTBEAT {datanodeUUID=fbf90420-a45e-48ce-b982-ff6e0a18d7ed, command=[]} | ret=SUCCESS |  
2019-09-03 09:41:32,544 | INFO  | SCMAudit | user=jenkins1000 | ip=192.168.69.126 | op=SEND_HEARTBEAT {datanodeUUID=5f62d077-1cb0-4aa3-be9b-0f443f88c284, command=[]} | ret=SUCCESS |  
2019-09-03 09:41:32,743 | INFO  | SCMAudit | user=jenkins1000 | ip=192.168.69.126 | op=SEND_HEARTBEAT {datanodeUUID=f1e690fe-d9d6-4f9a-b28d-4fa21d7465dc, command=[]} | ret=SUCCESS |  
2019-09-03 09:41:32,994 | INFO  | SCMAudit | user=jenkins1000 | ip=192.168.69.126 | op=SEND_HEARTBEAT {datanodeUUID=30b1b43b-2ac1-4227-ba9d-0d794daadc3a, command=[]} | ret=SUCCESS |  
2019-09-03 09:41:32,994 | INFO  | SCMAudit | user=jenkins1000 | ip=192.168.69.126 | op=SEND_HEARTBEAT {datanodeUUID=54a7770c-e3e5-4c4a-b2d5-1e155816e439, command=[]} | ret=SUCCESS |  
2019-09-03 09:41:33,037 | INFO  | SCMAudit | user=jenkins1000 | ip=192.168.69.126 | op=SEND_HEARTBEAT {datanodeUUID=dc57de79-aaca-47f1-971f-bd2f7461306f, command=[]} | ret=SUCCESS |  
2019-09-03 09:41:33,040 | INFO  | SCMAudit | user=jenkins1000 | ip=192.168.69.126 | op=SEND_HEARTBEAT {datanodeUUID=a24a5d44-532e-4ff6-8e9a-f2506e5c1784, command=[]} | ret=SUCCESS |  
2019-09-03 09:41:33,194 | INFO  | SCMAudit | user=jenkins1000 | ip=192.168.69.126 | op=SEND_HEARTBEAT {datanodeUUID=fbf90420-a45e-48ce-b982-ff6e0a18d7ed, command=[]} | ret=SUCCESS |  
2019-09-03 09:41:33,545 | INFO  | SCMAudit | user=jenkins1000 | ip=192.168.69.126 | op=SEND_HEARTBEAT {datanodeUUID=5f62d077-1cb0-4aa3-be9b-0f443f88c284, command=[]} | ret=SUCCESS |  
2019-09-03 09:41:33,744 | INFO  | SCMAudit | user=jenkins1000 | ip=192.168.69.126 | op=SEND_HEARTBEAT {datanodeUUID=f1e690fe-d9d6-4f9a-b28d-4fa21d7465dc, command=[]} | ret=SUCCESS |  
2019-09-03 09:41:33,994 | INFO  | SCMAudit | user=jenkins1000 | ip=192.168.69.126 | op=SEND_HEARTBEAT {datanodeUUID=54a7770c-e3e5-4c4a-b2d5-1e155816e439, command=[]} | ret=SUCCESS |  
2019-09-03 09:41:33,994 | INFO  | SCMAudit | user=jenkins1000 | ip=192.168.69.126 | op=SEND_HEARTBEAT {datanodeUUID=30b1b43b-2ac1-4227-ba9d-0d794daadc3a, command=[]} | ret=SUCCESS |  
2019-09-03 09:41:34,038 | INFO  | SCMAudit | user=jenkins1000 | ip=192.168.69.126 | op=SEND_HEARTBEAT {datanodeUUID=dc57de79-aaca-47f1-971f-bd2f7461306f, command=[]} | ret=SUCCESS |  
2019-09-03 09:41:34,040 | INFO  | SCMAudit | user=jenkins1000 | ip=192.168.69.126 | op=SEND_HEARTBEAT {datanodeUUID=a24a5d44-532e-4ff6-8e9a-f2506e5c1784, command=[]} | ret=SUCCESS |  
2019-09-03 09:41:34,194 | INFO  | SCMAudit | user=jenkins1000 | ip=192.168.69.126 | op=SEND_HEARTBEAT {datanodeUUID=fbf90420-a45e-48ce-b982-ff6e0a18d7ed, command=[]} | ret=SUCCESS |  
2019-09-03 09:41:34,544 | INFO  | SCMAudit | user=jenkins1000 | ip=192.168.69.126 | op=SEND_HEARTBEAT {datanodeUUID=5f62d077-1cb0-4aa3-be9b-0f443f88c284, command=[]} | ret=SUCCESS |  
2019-09-03 09:41:34,738 [grpc-default-executor-4] INFO  client.GrpcClientProtocolClient (GrpcClientProtocolClient.java:onNext(255)) - client-411D9B923220->54a7770c-e3e5-4c4a-b2d5-1e155816e439: receive RaftClientReply:client-411D9B923220->54a7770c-e3e5-4c4a-b2d5-1e155816e439@group-A3ADB0FA2990, cid=48, FAILED org.apache.ratis.protocol.NotLeaderException: Server 54a7770c-e3e5-4c4a-b2d5-1e155816e439 is not the leader (a24a5d44-532e-4ff6-8e9a-f2506e5c1784:192.168.69.126:37019). Request must be sent to leader., logIndex=0, commits[54a7770c-e3e5-4c4a-b2d5-1e155816e439:c8, dc57de79-aaca-47f1-971f-bd2f7461306f:c8, a24a5d44-532e-4ff6-8e9a-f2506e5c1784:c8]
2019-09-03 09:41:34,749 | INFO  | SCMAudit | user=jenkins1000 | ip=192.168.69.126 | op=SEND_HEARTBEAT {datanodeUUID=f1e690fe-d9d6-4f9a-b28d-4fa21d7465dc, command=[]} | ret=SUCCESS |  
2019-09-03 09:41:34,995 | INFO  | SCMAudit | user=jenkins1000 | ip=192.168.69.126 | op=SEND_HEARTBEAT {datanodeUUID=54a7770c-e3e5-4c4a-b2d5-1e155816e439, command=[]} | ret=SUCCESS |  
2019-09-03 09:41:34,995 | INFO  | SCMAudit | user=jenkins1000 | ip=192.168.69.126 | op=SEND_HEARTBEAT {datanodeUUID=30b1b43b-2ac1-4227-ba9d-0d794daadc3a, command=[]} | ret=SUCCESS |  
2019-09-03 09:41:35,038 | INFO  | SCMAudit | user=jenkins1000 | ip=192.168.69.126 | op=SEND_HEARTBEAT {datanodeUUID=dc57de79-aaca-47f1-971f-bd2f7461306f, command=[]} | ret=SUCCESS |  
2019-09-03 09:41:35,040 | INFO  | SCMAudit | user=jenkins1000 | ip=192.168.69.126 | op=SEND_HEARTBEAT {datanodeUUID=a24a5d44-532e-4ff6-8e9a-f2506e5c1784, command=[]} | ret=SUCCESS |  
2019-09-03 09:41:35,195 | INFO  | SCMAudit | user=jenkins1000 | ip=192.168.69.126 | op=SEND_HEARTBEAT {datanodeUUID=fbf90420-a45e-48ce-b982-ff6e0a18d7ed, command=[]} | ret=SUCCESS |  
2019-09-03 09:41:35,545 | INFO  | SCMAudit | user=jenkins1000 | ip=192.168.69.126 | op=SEND_HEARTBEAT {datanodeUUID=5f62d077-1cb0-4aa3-be9b-0f443f88c284, command=[]} | ret=SUCCESS |  
2019-09-03 09:41:35,745 | INFO  | SCMAudit | user=jenkins1000 | ip=192.168.69.126 | op=SEND_HEARTBEAT {datanodeUUID=f1e690fe-d9d6-4f9a-b28d-4fa21d7465dc, command=[]} | ret=SUCCESS |  
2019-09-03 09:41:35,994 | INFO  | SCMAudit | user=jenkins1000 | ip=192.168.69.126 | op=SEND_HEARTBEAT {datanodeUUID=54a7770c-e3e5-4c4a-b2d5-1e155816e439, command=[]} | ret=SUCCESS |  
2019-09-03 09:41:35,994 | INFO  | SCMAudit | user=jenkins1000 | ip=192.168.69.126 | op=SEND_HEARTBEAT {datanodeUUID=30b1b43b-2ac1-4227-ba9d-0d794daadc3a, command=[]} | ret=SUCCESS |  
2019-09-03 09:41:36,038 | INFO  | SCMAudit | user=jenkins1000 | ip=192.168.69.126 | op=SEND_HEARTBEAT {datanodeUUID=dc57de79-aaca-47f1-971f-bd2f7461306f, command=[]} | ret=SUCCESS |  
2019-09-03 09:41:36,042 | INFO  | SCMAudit | user=jenkins1000 | ip=192.168.69.126 | op=SEND_HEARTBEAT {datanodeUUID=a24a5d44-532e-4ff6-8e9a-f2506e5c1784, command=[]} | ret=SUCCESS |  
2019-09-03 09:41:36,194 | INFO  | SCMAudit | user=jenkins1000 | ip=192.168.69.126 | op=SEND_HEARTBEAT {datanodeUUID=fbf90420-a45e-48ce-b982-ff6e0a18d7ed, command=[]} | ret=SUCCESS |  
2019-09-03 09:41:36,544 | INFO  | SCMAudit | user=jenkins1000 | ip=192.168.69.126 | op=SEND_HEARTBEAT {datanodeUUID=5f62d077-1cb0-4aa3-be9b-0f443f88c284, command=[]} | ret=SUCCESS |  
2019-09-03 09:41:36,746 | INFO  | SCMAudit | user=jenkins1000 | ip=192.168.69.126 | op=SEND_HEARTBEAT {datanodeUUID=f1e690fe-d9d6-4f9a-b28d-4fa21d7465dc, command=[]} | ret=SUCCESS |  
2019-09-03 09:41:36,994 | INFO  | SCMAudit | user=jenkins1000 | ip=192.168.69.126 | op=SEND_HEARTBEAT {datanodeUUID=30b1b43b-2ac1-4227-ba9d-0d794daadc3a, command=[]} | ret=SUCCESS |  
2019-09-03 09:41:36,994 | INFO  | SCMAudit | user=jenkins1000 | ip=192.168.69.126 | op=SEND_HEARTBEAT {datanodeUUID=54a7770c-e3e5-4c4a-b2d5-1e155816e439, command=[]} | ret=SUCCESS |  
2019-09-03 09:41:37,039 | INFO  | SCMAudit | user=jenkins1000 | ip=192.168.69.126 | op=SEND_HEARTBEAT {datanodeUUID=dc57de79-aaca-47f1-971f-bd2f7461306f, command=[]} | ret=SUCCESS |  
2019-09-03 09:41:37,042 | INFO  | SCMAudit | user=jenkins1000 | ip=192.168.69.126 | op=SEND_HEARTBEAT {datanodeUUID=a24a5d44-532e-4ff6-8e9a-f2506e5c1784, command=[]} | ret=SUCCESS |  
2019-09-03 09:41:37,194 | INFO  | SCMAudit | user=jenkins1000 | ip=192.168.69.126 | op=SEND_HEARTBEAT {datanodeUUID=fbf90420-a45e-48ce-b982-ff6e0a18d7ed, command=[]} | ret=SUCCESS |  
2019-09-03 09:41:37,544 | INFO  | SCMAudit | user=jenkins1000 | ip=192.168.69.126 | op=SEND_HEARTBEAT {datanodeUUID=5f62d077-1cb0-4aa3-be9b-0f443f88c284, command=[]} | ret=SUCCESS |  
2019-09-03 09:41:37,745 | INFO  | SCMAudit | user=jenkins1000 | ip=192.168.69.126 | op=SEND_HEARTBEAT {datanodeUUID=f1e690fe-d9d6-4f9a-b28d-4fa21d7465dc, command=[]} | ret=SUCCESS |  
2019-09-03 09:41:37,995 | INFO  | SCMAudit | user=jenkins1000 | ip=192.168.69.126 | op=SEND_HEARTBEAT {datanodeUUID=54a7770c-e3e5-4c4a-b2d5-1e155816e439, command=[]} | ret=SUCCESS |  
2019-09-03 09:41:37,995 | INFO  | SCMAudit | user=jenkins1000 | ip=192.168.69.126 | op=SEND_HEARTBEAT {datanodeUUID=30b1b43b-2ac1-4227-ba9d-0d794daadc3a, command=[]} | ret=SUCCESS |  
2019-09-03 09:41:38,038 | INFO  | SCMAudit | user=jenkins1000 | ip=192.168.69.126 | op=SEND_HEARTBEAT {datanodeUUID=dc57de79-aaca-47f1-971f-bd2f7461306f, command=[]} | ret=SUCCESS |  
2019-09-03 09:41:38,042 | INFO  | SCMAudit | user=jenkins1000 | ip=192.168.69.126 | op=SEND_HEARTBEAT {datanodeUUID=a24a5d44-532e-4ff6-8e9a-f2506e5c1784, command=[]} | ret=SUCCESS |  
2019-09-03 09:41:38,195 | INFO  | SCMAudit | user=jenkins1000 | ip=192.168.69.126 | op=SEND_HEARTBEAT {datanodeUUID=fbf90420-a45e-48ce-b982-ff6e0a18d7ed, command=[]} | ret=SUCCESS |  
2019-09-03 09:41:38,544 | INFO  | SCMAudit | user=jenkins1000 | ip=192.168.69.126 | op=SEND_HEARTBEAT {datanodeUUID=5f62d077-1cb0-4aa3-be9b-0f443f88c284, command=[]} | ret=SUCCESS |  
2019-09-03 09:41:38,745 | INFO  | SCMAudit | user=jenkins1000 | ip=192.168.69.126 | op=SEND_HEARTBEAT {datanodeUUID=f1e690fe-d9d6-4f9a-b28d-4fa21d7465dc, command=[]} | ret=SUCCESS |  
2019-09-03 09:41:38,995 | INFO  | SCMAudit | user=jenkins1000 | ip=192.168.69.126 | op=SEND_HEARTBEAT {datanodeUUID=54a7770c-e3e5-4c4a-b2d5-1e155816e439, command=[]} | ret=SUCCESS |  
2019-09-03 09:41:38,995 | INFO  | SCMAudit | user=jenkins1000 | ip=192.168.69.126 | op=SEND_HEARTBEAT {datanodeUUID=30b1b43b-2ac1-4227-ba9d-0d794daadc3a, command=[]} | ret=SUCCESS |  
2019-09-03 09:41:39,038 | INFO  | SCMAudit | user=jenkins1000 | ip=192.168.69.126 | op=SEND_HEARTBEAT {datanodeUUID=dc57de79-aaca-47f1-971f-bd2f7461306f, command=[]} | ret=SUCCESS |  
2019-09-03 09:41:39,042 | INFO  | SCMAudit | user=jenkins1000 | ip=192.168.69.126 | op=SEND_HEARTBEAT {datanodeUUID=a24a5d44-532e-4ff6-8e9a-f2506e5c1784, command=[]} | ret=SUCCESS |  
2019-09-03 09:41:39,195 | INFO  | SCMAudit | user=jenkins1000 | ip=192.168.69.126 | op=SEND_HEARTBEAT {datanodeUUID=fbf90420-a45e-48ce-b982-ff6e0a18d7ed, command=[]} | ret=SUCCESS |  
2019-09-03 09:41:39,545 | INFO  | SCMAudit | user=jenkins1000 | ip=192.168.69.126 | op=SEND_HEARTBEAT {datanodeUUID=5f62d077-1cb0-4aa3-be9b-0f443f88c284, command=[]} | ret=SUCCESS |  
2019-09-03 09:41:39,746 | INFO  | SCMAudit | user=jenkins1000 | ip=192.168.69.126 | op=SEND_HEARTBEAT {datanodeUUID=f1e690fe-d9d6-4f9a-b28d-4fa21d7465dc, command=[]} | ret=SUCCESS |  
2019-09-03 09:41:39,783 [grpc-default-executor-3] INFO  client.GrpcClientProtocolClient (GrpcClientProtocolClient.java:onNext(255)) - client-411D9B923220->54a7770c-e3e5-4c4a-b2d5-1e155816e439: receive RaftClientReply:client-411D9B923220->54a7770c-e3e5-4c4a-b2d5-1e155816e439@group-A3ADB0FA2990, cid=48, FAILED org.apache.ratis.protocol.NotLeaderException: Server 54a7770c-e3e5-4c4a-b2d5-1e155816e439 is not the leader (a24a5d44-532e-4ff6-8e9a-f2506e5c1784:192.168.69.126:37019). Request must be sent to leader., logIndex=0, commits[54a7770c-e3e5-4c4a-b2d5-1e155816e439:c8, dc57de79-aaca-47f1-971f-bd2f7461306f:c8, a24a5d44-532e-4ff6-8e9a-f2506e5c1784:c8]
2019-09-03 09:41:39,995 | INFO  | SCMAudit | user=jenkins1000 | ip=192.168.69.126 | op=SEND_HEARTBEAT {datanodeUUID=30b1b43b-2ac1-4227-ba9d-0d794daadc3a, command=[]} | ret=SUCCESS |  
2019-09-03 09:41:39,995 | INFO  | SCMAudit | user=jenkins1000 | ip=192.168.69.126 | op=SEND_HEARTBEAT {datanodeUUID=54a7770c-e3e5-4c4a-b2d5-1e155816e439, command=[]} | ret=SUCCESS |  
2019-09-03 09:41:40,038 | INFO  | SCMAudit | user=jenkins1000 | ip=192.168.69.126 | op=SEND_HEARTBEAT {datanodeUUID=dc57de79-aaca-47f1-971f-bd2f7461306f, command=[]} | ret=SUCCESS |  
2019-09-03 09:41:40,042 | INFO  | SCMAudit | user=jenkins1000 | ip=192.168.69.126 | op=SEND_HEARTBEAT {datanodeUUID=a24a5d44-532e-4ff6-8e9a-f2506e5c1784, command=[]} | ret=SUCCESS |  
2019-09-03 09:41:40,195 | INFO  | SCMAudit | user=jenkins1000 | ip=192.168.69.126 | op=SEND_HEARTBEAT {datanodeUUID=fbf90420-a45e-48ce-b982-ff6e0a18d7ed, command=[]} | ret=SUCCESS |  
2019-09-03 09:41:40,545 | INFO  | SCMAudit | user=jenkins1000 | ip=192.168.69.126 | op=SEND_HEARTBEAT {datanodeUUID=5f62d077-1cb0-4aa3-be9b-0f443f88c284, command=[]} | ret=SUCCESS |  
2019-09-03 09:41:40,746 | INFO  | SCMAudit | user=jenkins1000 | ip=192.168.69.126 | op=SEND_HEARTBEAT {datanodeUUID=f1e690fe-d9d6-4f9a-b28d-4fa21d7465dc, command=[]} | ret=SUCCESS |  
2019-09-03 09:41:40,995 | INFO  | SCMAudit | user=jenkins1000 | ip=192.168.69.126 | op=SEND_HEARTBEAT {datanodeUUID=54a7770c-e3e5-4c4a-b2d5-1e155816e439, command=[]} | ret=SUCCESS |  
2019-09-03 09:41:40,995 | INFO  | SCMAudit | user=jenkins1000 | ip=192.168.69.126 | op=SEND_HEARTBEAT {datanodeUUID=30b1b43b-2ac1-4227-ba9d-0d794daadc3a, command=[]} | ret=SUCCESS |  
2019-09-03 09:41:41,038 | INFO  | SCMAudit | user=jenkins1000 | ip=192.168.69.126 | op=SEND_HEARTBEAT {datanodeUUID=dc57de79-aaca-47f1-971f-bd2f7461306f, command=[]} | ret=SUCCESS |  
2019-09-03 09:41:41,043 | INFO  | SCMAudit | user=jenkins1000 | ip=192.168.69.126 | op=SEND_HEARTBEAT {datanodeUUID=a24a5d44-532e-4ff6-8e9a-f2506e5c1784, command=[]} | ret=SUCCESS |  
2019-09-03 09:41:41,196 | INFO  | SCMAudit | user=jenkins1000 | ip=192.168.69.126 | op=SEND_HEARTBEAT {datanodeUUID=fbf90420-a45e-48ce-b982-ff6e0a18d7ed, command=[]} | ret=SUCCESS |  
2019-09-03 09:41:41,546 | INFO  | SCMAudit | user=jenkins1000 | ip=192.168.69.126 | op=SEND_HEARTBEAT {datanodeUUID=5f62d077-1cb0-4aa3-be9b-0f443f88c284, command=[]} | ret=SUCCESS |  
2019-09-03 09:41:41,747 | INFO  | SCMAudit | user=jenkins1000 | ip=192.168.69.126 | op=SEND_HEARTBEAT {datanodeUUID=f1e690fe-d9d6-4f9a-b28d-4fa21d7465dc, command=[]} | ret=SUCCESS |  
2019-09-03 09:41:41,995 | INFO  | SCMAudit | user=jenkins1000 | ip=192.168.69.126 | op=SEND_HEARTBEAT {datanodeUUID=30b1b43b-2ac1-4227-ba9d-0d794daadc3a, command=[]} | ret=SUCCESS |  
2019-09-03 09:41:41,995 | INFO  | SCMAudit | user=jenkins1000 | ip=192.168.69.126 | op=SEND_HEARTBEAT {datanodeUUID=54a7770c-e3e5-4c4a-b2d5-1e155816e439, command=[]} | ret=SUCCESS |  
2019-09-03 09:41:42,039 | INFO  | SCMAudit | user=jenkins1000 | ip=192.168.69.126 | op=SEND_HEARTBEAT {datanodeUUID=dc57de79-aaca-47f1-971f-bd2f7461306f, command=[]} | ret=SUCCESS |  
2019-09-03 09:41:42,043 | INFO  | SCMAudit | user=jenkins1000 | ip=192.168.69.126 | op=SEND_HEARTBEAT {datanodeUUID=a24a5d44-532e-4ff6-8e9a-f2506e5c1784, command=[]} | ret=SUCCESS |  
2019-09-03 09:41:42,196 | INFO  | SCMAudit | user=jenkins1000 | ip=192.168.69.126 | op=SEND_HEARTBEAT {datanodeUUID=fbf90420-a45e-48ce-b982-ff6e0a18d7ed, command=[]} | ret=SUCCESS |  
2019-09-03 09:41:42,545 | INFO  | SCMAudit | user=jenkins1000 | ip=192.168.69.126 | op=SEND_HEARTBEAT {datanodeUUID=5f62d077-1cb0-4aa3-be9b-0f443f88c284, command=[]} | ret=SUCCESS |  
2019-09-03 09:41:42,747 | INFO  | SCMAudit | user=jenkins1000 | ip=192.168.69.126 | op=SEND_HEARTBEAT {datanodeUUID=f1e690fe-d9d6-4f9a-b28d-4fa21d7465dc, command=[]} | ret=SUCCESS |  
2019-09-03 09:41:42,996 | INFO  | SCMAudit | user=jenkins1000 | ip=192.168.69.126 | op=SEND_HEARTBEAT {datanodeUUID=30b1b43b-2ac1-4227-ba9d-0d794daadc3a, command=[]} | ret=SUCCESS |  
2019-09-03 09:41:42,996 | INFO  | SCMAudit | user=jenkins1000 | ip=192.168.69.126 | op=SEND_HEARTBEAT {datanodeUUID=54a7770c-e3e5-4c4a-b2d5-1e155816e439, command=[]} | ret=SUCCESS |  
2019-09-03 09:41:43,039 | INFO  | SCMAudit | user=jenkins1000 | ip=192.168.69.126 | op=SEND_HEARTBEAT {datanodeUUID=dc57de79-aaca-47f1-971f-bd2f7461306f, command=[]} | ret=SUCCESS |  
2019-09-03 09:41:43,044 | INFO  | SCMAudit | user=jenkins1000 | ip=192.168.69.126 | op=SEND_HEARTBEAT {datanodeUUID=a24a5d44-532e-4ff6-8e9a-f2506e5c1784, command=[]} | ret=SUCCESS |  
2019-09-03 09:41:43,197 | INFO  | SCMAudit | user=jenkins1000 | ip=192.168.69.126 | op=SEND_HEARTBEAT {datanodeUUID=fbf90420-a45e-48ce-b982-ff6e0a18d7ed, command=[]} | ret=SUCCESS |  
2019-09-03 09:41:43,546 | INFO  | SCMAudit | user=jenkins1000 | ip=192.168.69.126 | op=SEND_HEARTBEAT {datanodeUUID=5f62d077-1cb0-4aa3-be9b-0f443f88c284, command=[]} | ret=SUCCESS |  
2019-09-03 09:41:43,747 | INFO  | SCMAudit | user=jenkins1000 | ip=192.168.69.126 | op=SEND_HEARTBEAT {datanodeUUID=f1e690fe-d9d6-4f9a-b28d-4fa21d7465dc, command=[]} | ret=SUCCESS |  
2019-09-03 09:41:43,995 | INFO  | SCMAudit | user=jenkins1000 | ip=192.168.69.126 | op=SEND_HEARTBEAT {datanodeUUID=54a7770c-e3e5-4c4a-b2d5-1e155816e439, command=[]} | ret=SUCCESS |  
2019-09-03 09:41:43,995 | INFO  | SCMAudit | user=jenkins1000 | ip=192.168.69.126 | op=SEND_HEARTBEAT {datanodeUUID=30b1b43b-2ac1-4227-ba9d-0d794daadc3a, command=[]} | ret=SUCCESS |  
2019-09-03 09:41:44,039 | INFO  | SCMAudit | user=jenkins1000 | ip=192.168.69.126 | op=SEND_HEARTBEAT {datanodeUUID=dc57de79-aaca-47f1-971f-bd2f7461306f, command=[]} | ret=SUCCESS |  
2019-09-03 09:41:44,043 | INFO  | SCMAudit | user=jenkins1000 | ip=192.168.69.126 | op=SEND_HEARTBEAT {datanodeUUID=a24a5d44-532e-4ff6-8e9a-f2506e5c1784, command=[]} | ret=SUCCESS |  
2019-09-03 09:41:44,196 | INFO  | SCMAudit | user=jenkins1000 | ip=192.168.69.126 | op=SEND_HEARTBEAT {datanodeUUID=fbf90420-a45e-48ce-b982-ff6e0a18d7ed, command=[]} | ret=SUCCESS |  
2019-09-03 09:41:44,545 | INFO  | SCMAudit | user=jenkins1000 | ip=192.168.69.126 | op=SEND_HEARTBEAT {datanodeUUID=5f62d077-1cb0-4aa3-be9b-0f443f88c284, command=[]} | ret=SUCCESS |  
2019-09-03 09:41:44,747 | INFO  | SCMAudit | user=jenkins1000 | ip=192.168.69.126 | op=SEND_HEARTBEAT {datanodeUUID=f1e690fe-d9d6-4f9a-b28d-4fa21d7465dc, command=[]} | ret=SUCCESS |  
2019-09-03 09:41:44,818 [grpc-default-executor-3] INFO  client.GrpcClientProtocolClient (GrpcClientProtocolClient.java:onNext(255)) - client-411D9B923220->dc57de79-aaca-47f1-971f-bd2f7461306f: receive RaftClientReply:client-411D9B923220->dc57de79-aaca-47f1-971f-bd2f7461306f@group-A3ADB0FA2990, cid=48, FAILED org.apache.ratis.protocol.NotLeaderException: Server dc57de79-aaca-47f1-971f-bd2f7461306f is not the leader (a24a5d44-532e-4ff6-8e9a-f2506e5c1784:192.168.69.126:37019). Request must be sent to leader., logIndex=0, commits[dc57de79-aaca-47f1-971f-bd2f7461306f:c8, 54a7770c-e3e5-4c4a-b2d5-1e155816e439:c8, a24a5d44-532e-4ff6-8e9a-f2506e5c1784:c8]
2019-09-03 09:41:44,995 | INFO  | SCMAudit | user=jenkins1000 | ip=192.168.69.126 | op=SEND_HEARTBEAT {datanodeUUID=54a7770c-e3e5-4c4a-b2d5-1e155816e439, command=[]} | ret=SUCCESS |  
2019-09-03 09:41:44,995 | INFO  | SCMAudit | user=jenkins1000 | ip=192.168.69.126 | op=SEND_HEARTBEAT {datanodeUUID=30b1b43b-2ac1-4227-ba9d-0d794daadc3a, command=[]} | ret=SUCCESS |  
2019-09-03 09:41:45,039 | INFO  | SCMAudit | user=jenkins1000 | ip=192.168.69.126 | op=SEND_HEARTBEAT {datanodeUUID=dc57de79-aaca-47f1-971f-bd2f7461306f, command=[]} | ret=SUCCESS |  
2019-09-03 09:41:45,043 | INFO  | SCMAudit | user=jenkins1000 | ip=192.168.69.126 | op=SEND_HEARTBEAT {datanodeUUID=a24a5d44-532e-4ff6-8e9a-f2506e5c1784, command=[]} | ret=SUCCESS |  
2019-09-03 09:41:45,196 | INFO  | SCMAudit | user=jenkins1000 | ip=192.168.69.126 | op=SEND_HEARTBEAT {datanodeUUID=fbf90420-a45e-48ce-b982-ff6e0a18d7ed, command=[]} | ret=SUCCESS |  
2019-09-03 09:41:45,546 | INFO  | SCMAudit | user=jenkins1000 | ip=192.168.69.126 | op=SEND_HEARTBEAT {datanodeUUID=5f62d077-1cb0-4aa3-be9b-0f443f88c284, command=[]} | ret=SUCCESS |  
2019-09-03 09:41:45,748 | INFO  | SCMAudit | user=jenkins1000 | ip=192.168.69.126 | op=SEND_HEARTBEAT {datanodeUUID=f1e690fe-d9d6-4f9a-b28d-4fa21d7465dc, command=[]} | ret=SUCCESS |  
2019-09-03 09:41:45,996 | INFO  | SCMAudit | user=jenkins1000 | ip=192.168.69.126 | op=SEND_HEARTBEAT {datanodeUUID=30b1b43b-2ac1-4227-ba9d-0d794daadc3a, command=[]} | ret=SUCCESS |  
2019-09-03 09:41:45,996 | INFO  | SCMAudit | user=jenkins1000 | ip=192.168.69.126 | op=SEND_HEARTBEAT {datanodeUUID=54a7770c-e3e5-4c4a-b2d5-1e155816e439, command=[]} | ret=SUCCESS |  
2019-09-03 09:41:46,039 | INFO  | SCMAudit | user=jenkins1000 | ip=192.168.69.126 | op=SEND_HEARTBEAT {datanodeUUID=dc57de79-aaca-47f1-971f-bd2f7461306f, command=[]} | ret=SUCCESS |  
2019-09-03 09:41:46,043 | INFO  | SCMAudit | user=jenkins1000 | ip=192.168.69.126 | op=SEND_HEARTBEAT {datanodeUUID=a24a5d44-532e-4ff6-8e9a-f2506e5c1784, command=[]} | ret=SUCCESS |  
2019-09-03 09:41:46,196 | INFO  | SCMAudit | user=jenkins1000 | ip=192.168.69.126 | op=SEND_HEARTBEAT {datanodeUUID=fbf90420-a45e-48ce-b982-ff6e0a18d7ed, command=[]} | ret=SUCCESS |  
2019-09-03 09:41:46,545 | INFO  | SCMAudit | user=jenkins1000 | ip=192.168.69.126 | op=SEND_HEARTBEAT {datanodeUUID=5f62d077-1cb0-4aa3-be9b-0f443f88c284, command=[]} | ret=SUCCESS |  
2019-09-03 09:41:46,747 | INFO  | SCMAudit | user=jenkins1000 | ip=192.168.69.126 | op=SEND_HEARTBEAT {datanodeUUID=f1e690fe-d9d6-4f9a-b28d-4fa21d7465dc, command=[]} | ret=SUCCESS |  
2019-09-03 09:41:46,995 | INFO  | SCMAudit | user=jenkins1000 | ip=192.168.69.126 | op=SEND_HEARTBEAT {datanodeUUID=30b1b43b-2ac1-4227-ba9d-0d794daadc3a, command=[]} | ret=SUCCESS |  
2019-09-03 09:41:46,995 | INFO  | SCMAudit | user=jenkins1000 | ip=192.168.69.126 | op=SEND_HEARTBEAT {datanodeUUID=54a7770c-e3e5-4c4a-b2d5-1e155816e439, command=[]} | ret=SUCCESS |  
2019-09-03 09:41:47,039 | INFO  | SCMAudit | user=jenkins1000 | ip=192.168.69.126 | op=SEND_HEARTBEAT {datanodeUUID=dc57de79-aaca-47f1-971f-bd2f7461306f, command=[]} | ret=SUCCESS |  
2019-09-03 09:41:47,044 | INFO  | SCMAudit | user=jenkins1000 | ip=192.168.69.126 | op=SEND_HEARTBEAT {datanodeUUID=a24a5d44-532e-4ff6-8e9a-f2506e5c1784, command=[]} | ret=SUCCESS |  
2019-09-03 09:41:47,196 | INFO  | SCMAudit | user=jenkins1000 | ip=192.168.69.126 | op=SEND_HEARTBEAT {datanodeUUID=fbf90420-a45e-48ce-b982-ff6e0a18d7ed, command=[]} | ret=SUCCESS |  
2019-09-03 09:41:47,545 | INFO  | SCMAudit | user=jenkins1000 | ip=192.168.69.126 | op=SEND_HEARTBEAT {datanodeUUID=5f62d077-1cb0-4aa3-be9b-0f443f88c284, command=[]} | ret=SUCCESS |  
2019-09-03 09:41:47,748 | INFO  | SCMAudit | user=jenkins1000 | ip=192.168.69.126 | op=SEND_HEARTBEAT {datanodeUUID=f1e690fe-d9d6-4f9a-b28d-4fa21d7465dc, command=[]} | ret=SUCCESS |  
2019-09-03 09:41:47,995 | INFO  | SCMAudit | user=jenkins1000 | ip=192.168.69.126 | op=SEND_HEARTBEAT {datanodeUUID=30b1b43b-2ac1-4227-ba9d-0d794daadc3a, command=[]} | ret=SUCCESS |  
2019-09-03 09:41:47,996 | INFO  | SCMAudit | user=jenkins1000 | ip=192.168.69.126 | op=SEND_HEARTBEAT {datanodeUUID=54a7770c-e3e5-4c4a-b2d5-1e155816e439, command=[]} | ret=SUCCESS |  
2019-09-03 09:41:48,039 | INFO  | SCMAudit | user=jenkins1000 | ip=192.168.69.126 | op=SEND_HEARTBEAT {datanodeUUID=dc57de79-aaca-47f1-971f-bd2f7461306f, command=[]} | ret=SUCCESS |  
2019-09-03 09:41:48,044 | INFO  | SCMAudit | user=jenkins1000 | ip=192.168.69.126 | op=SEND_HEARTBEAT {datanodeUUID=a24a5d44-532e-4ff6-8e9a-f2506e5c1784, command=[]} | ret=SUCCESS |  
2019-09-03 09:41:48,196 | INFO  | SCMAudit | user=jenkins1000 | ip=192.168.69.126 | op=SEND_HEARTBEAT {datanodeUUID=fbf90420-a45e-48ce-b982-ff6e0a18d7ed, command=[]} | ret=SUCCESS |  
2019-09-03 09:41:48,546 | INFO  | SCMAudit | user=jenkins1000 | ip=192.168.69.126 | op=SEND_HEARTBEAT {datanodeUUID=5f62d077-1cb0-4aa3-be9b-0f443f88c284, command=[]} | ret=SUCCESS |  
2019-09-03 09:41:48,747 | INFO  | SCMAudit | user=jenkins1000 | ip=192.168.69.126 | op=SEND_HEARTBEAT {datanodeUUID=f1e690fe-d9d6-4f9a-b28d-4fa21d7465dc, command=[]} | ret=SUCCESS |  
2019-09-03 09:41:48,996 | INFO  | SCMAudit | user=jenkins1000 | ip=192.168.69.126 | op=SEND_HEARTBEAT {datanodeUUID=54a7770c-e3e5-4c4a-b2d5-1e155816e439, command=[]} | ret=SUCCESS |  
2019-09-03 09:41:48,996 | INFO  | SCMAudit | user=jenkins1000 | ip=192.168.69.126 | op=SEND_HEARTBEAT {datanodeUUID=30b1b43b-2ac1-4227-ba9d-0d794daadc3a, command=[]} | ret=SUCCESS |  
2019-09-03 09:41:49,040 | INFO  | SCMAudit | user=jenkins1000 | ip=192.168.69.126 | op=SEND_HEARTBEAT {datanodeUUID=dc57de79-aaca-47f1-971f-bd2f7461306f, command=[]} | ret=SUCCESS |  
2019-09-03 09:41:49,044 | INFO  | SCMAudit | user=jenkins1000 | ip=192.168.69.126 | op=SEND_HEARTBEAT {datanodeUUID=a24a5d44-532e-4ff6-8e9a-f2506e5c1784, command=[]} | ret=SUCCESS |  
2019-09-03 09:41:49,196 | INFO  | SCMAudit | user=jenkins1000 | ip=192.168.69.126 | op=SEND_HEARTBEAT {datanodeUUID=fbf90420-a45e-48ce-b982-ff6e0a18d7ed, command=[]} | ret=SUCCESS |  
2019-09-03 09:41:49,546 | INFO  | SCMAudit | user=jenkins1000 | ip=192.168.69.126 | op=SEND_HEARTBEAT {datanodeUUID=5f62d077-1cb0-4aa3-be9b-0f443f88c284, command=[]} | ret=SUCCESS |  
2019-09-03 09:41:49,748 | INFO  | SCMAudit | user=jenkins1000 | ip=192.168.69.126 | op=SEND_HEARTBEAT {datanodeUUID=f1e690fe-d9d6-4f9a-b28d-4fa21d7465dc, command=[]} | ret=SUCCESS |  
2019-09-03 09:41:49,862 [grpc-default-executor-4] INFO  client.GrpcClientProtocolClient (GrpcClientProtocolClient.java:onNext(255)) - client-411D9B923220->dc57de79-aaca-47f1-971f-bd2f7461306f: receive RaftClientReply:client-411D9B923220->dc57de79-aaca-47f1-971f-bd2f7461306f@group-A3ADB0FA2990, cid=48, FAILED org.apache.ratis.protocol.NotLeaderException: Server dc57de79-aaca-47f1-971f-bd2f7461306f is not the leader (a24a5d44-532e-4ff6-8e9a-f2506e5c1784:192.168.69.126:37019). Request must be sent to leader., logIndex=0, commits[dc57de79-aaca-47f1-971f-bd2f7461306f:c8, 54a7770c-e3e5-4c4a-b2d5-1e155816e439:c8, a24a5d44-532e-4ff6-8e9a-f2506e5c1784:c8]
2019-09-03 09:41:49,995 | INFO  | SCMAudit | user=jenkins1000 | ip=192.168.69.126 | op=SEND_HEARTBEAT {datanodeUUID=54a7770c-e3e5-4c4a-b2d5-1e155816e439, command=[]} | ret=SUCCESS |  
2019-09-03 09:41:49,996 | INFO  | SCMAudit | user=jenkins1000 | ip=192.168.69.126 | op=SEND_HEARTBEAT {datanodeUUID=30b1b43b-2ac1-4227-ba9d-0d794daadc3a, command=[]} | ret=SUCCESS |  
2019-09-03 09:41:50,040 | INFO  | SCMAudit | user=jenkins1000 | ip=192.168.69.126 | op=SEND_HEARTBEAT {datanodeUUID=dc57de79-aaca-47f1-971f-bd2f7461306f, command=[]} | ret=SUCCESS |  
2019-09-03 09:41:50,044 | INFO  | SCMAudit | user=jenkins1000 | ip=192.168.69.126 | op=SEND_HEARTBEAT {datanodeUUID=a24a5d44-532e-4ff6-8e9a-f2506e5c1784, command=[]} | ret=SUCCESS |  
2019-09-03 09:41:50,197 | INFO  | SCMAudit | user=jenkins1000 | ip=192.168.69.126 | op=SEND_HEARTBEAT {datanodeUUID=fbf90420-a45e-48ce-b982-ff6e0a18d7ed, command=[]} | ret=SUCCESS |  
2019-09-03 09:41:50,547 | INFO  | SCMAudit | user=jenkins1000 | ip=192.168.69.126 | op=SEND_HEARTBEAT {datanodeUUID=5f62d077-1cb0-4aa3-be9b-0f443f88c284, command=[]} | ret=SUCCESS |  
2019-09-03 09:41:50,747 | INFO  | SCMAudit | user=jenkins1000 | ip=192.168.69.126 | op=SEND_HEARTBEAT {datanodeUUID=f1e690fe-d9d6-4f9a-b28d-4fa21d7465dc, command=[]} | ret=SUCCESS |  
2019-09-03 09:41:50,996 | INFO  | SCMAudit | user=jenkins1000 | ip=192.168.69.126 | op=SEND_HEARTBEAT {datanodeUUID=54a7770c-e3e5-4c4a-b2d5-1e155816e439, command=[]} | ret=SUCCESS |  
2019-09-03 09:41:50,996 | INFO  | SCMAudit | user=jenkins1000 | ip=192.168.69.126 | op=SEND_HEARTBEAT {datanodeUUID=30b1b43b-2ac1-4227-ba9d-0d794daadc3a, command=[]} | ret=SUCCESS |  
2019-09-03 09:41:51,040 | INFO  | SCMAudit | user=jenkins1000 | ip=192.168.69.126 | op=SEND_HEARTBEAT {datanodeUUID=dc57de79-aaca-47f1-971f-bd2f7461306f, command=[]} | ret=SUCCESS |  
2019-09-03 09:41:51,044 | INFO  | SCMAudit | user=jenkins1000 | ip=192.168.69.126 | op=SEND_HEARTBEAT {datanodeUUID=a24a5d44-532e-4ff6-8e9a-f2506e5c1784, command=[]} | ret=SUCCESS |  
2019-09-03 09:41:51,196 | INFO  | SCMAudit | user=jenkins1000 | ip=192.168.69.126 | op=SEND_HEARTBEAT {datanodeUUID=fbf90420-a45e-48ce-b982-ff6e0a18d7ed, command=[]} | ret=SUCCESS |  
2019-09-03 09:41:51,546 | INFO  | SCMAudit | user=jenkins1000 | ip=192.168.69.126 | op=SEND_HEARTBEAT {datanodeUUID=5f62d077-1cb0-4aa3-be9b-0f443f88c284, command=[]} | ret=SUCCESS |  
2019-09-03 09:41:51,748 | INFO  | SCMAudit | user=jenkins1000 | ip=192.168.69.126 | op=SEND_HEARTBEAT {datanodeUUID=f1e690fe-d9d6-4f9a-b28d-4fa21d7465dc, command=[]} | ret=SUCCESS |  
2019-09-03 09:41:51,995 | INFO  | SCMAudit | user=jenkins1000 | ip=192.168.69.126 | op=SEND_HEARTBEAT {datanodeUUID=54a7770c-e3e5-4c4a-b2d5-1e155816e439, command=[]} | ret=SUCCESS |  
2019-09-03 09:41:51,996 | INFO  | SCMAudit | user=jenkins1000 | ip=192.168.69.126 | op=SEND_HEARTBEAT {datanodeUUID=30b1b43b-2ac1-4227-ba9d-0d794daadc3a, command=[]} | ret=SUCCESS |  
2019-09-03 09:41:52,040 | INFO  | SCMAudit | user=jenkins1000 | ip=192.168.69.126 | op=SEND_HEARTBEAT {datanodeUUID=dc57de79-aaca-47f1-971f-bd2f7461306f, command=[]} | ret=SUCCESS |  
2019-09-03 09:41:52,044 | INFO  | SCMAudit | user=jenkins1000 | ip=192.168.69.126 | op=SEND_HEARTBEAT {datanodeUUID=a24a5d44-532e-4ff6-8e9a-f2506e5c1784, command=[]} | ret=SUCCESS |  
2019-09-03 09:41:52,196 | INFO  | SCMAudit | user=jenkins1000 | ip=192.168.69.126 | op=SEND_HEARTBEAT {datanodeUUID=fbf90420-a45e-48ce-b982-ff6e0a18d7ed, command=[]} | ret=SUCCESS |  
2019-09-03 09:41:52,546 | INFO  | SCMAudit | user=jenkins1000 | ip=192.168.69.126 | op=SEND_HEARTBEAT {datanodeUUID=5f62d077-1cb0-4aa3-be9b-0f443f88c284, command=[]} | ret=SUCCESS |  
2019-09-03 09:41:52,748 | INFO  | SCMAudit | user=jenkins1000 | ip=192.168.69.126 | op=SEND_HEARTBEAT {datanodeUUID=f1e690fe-d9d6-4f9a-b28d-4fa21d7465dc, command=[]} | ret=SUCCESS |  
2019-09-03 09:41:52,995 | INFO  | SCMAudit | user=jenkins1000 | ip=192.168.69.126 | op=SEND_HEARTBEAT {datanodeUUID=54a7770c-e3e5-4c4a-b2d5-1e155816e439, command=[]} | ret=SUCCESS |  
2019-09-03 09:41:52,996 | INFO  | SCMAudit | user=jenkins1000 | ip=192.168.69.126 | op=SEND_HEARTBEAT {datanodeUUID=30b1b43b-2ac1-4227-ba9d-0d794daadc3a, command=[]} | ret=SUCCESS |  
2019-09-03 09:41:53,040 | INFO  | SCMAudit | user=jenkins1000 | ip=192.168.69.126 | op=SEND_HEARTBEAT {datanodeUUID=dc57de79-aaca-47f1-971f-bd2f7461306f, command=[]} | ret=SUCCESS |  
2019-09-03 09:41:53,045 | INFO  | SCMAudit | user=jenkins1000 | ip=192.168.69.126 | op=SEND_HEARTBEAT {datanodeUUID=a24a5d44-532e-4ff6-8e9a-f2506e5c1784, command=[]} | ret=SUCCESS |  
2019-09-03 09:41:53,197 | INFO  | SCMAudit | user=jenkins1000 | ip=192.168.69.126 | op=SEND_HEARTBEAT {datanodeUUID=fbf90420-a45e-48ce-b982-ff6e0a18d7ed, command=[]} | ret=SUCCESS |  
2019-09-03 09:41:53,547 | INFO  | SCMAudit | user=jenkins1000 | ip=192.168.69.126 | op=SEND_HEARTBEAT {datanodeUUID=5f62d077-1cb0-4aa3-be9b-0f443f88c284, command=[]} | ret=SUCCESS |  
2019-09-03 09:41:53,748 | INFO  | SCMAudit | user=jenkins1000 | ip=192.168.69.126 | op=SEND_HEARTBEAT {datanodeUUID=f1e690fe-d9d6-4f9a-b28d-4fa21d7465dc, command=[]} | ret=SUCCESS |  
2019-09-03 09:41:53,995 | INFO  | SCMAudit | user=jenkins1000 | ip=192.168.69.126 | op=SEND_HEARTBEAT {datanodeUUID=54a7770c-e3e5-4c4a-b2d5-1e155816e439, command=[]} | ret=SUCCESS |  
2019-09-03 09:41:53,997 | INFO  | SCMAudit | user=jenkins1000 | ip=192.168.69.126 | op=SEND_HEARTBEAT {datanodeUUID=30b1b43b-2ac1-4227-ba9d-0d794daadc3a, command=[]} | ret=SUCCESS |  
2019-09-03 09:41:54,040 | INFO  | SCMAudit | user=jenkins1000 | ip=192.168.69.126 | op=SEND_HEARTBEAT {datanodeUUID=dc57de79-aaca-47f1-971f-bd2f7461306f, command=[]} | ret=SUCCESS |  
2019-09-03 09:41:54,046 | INFO  | SCMAudit | user=jenkins1000 | ip=192.168.69.126 | op=SEND_HEARTBEAT {datanodeUUID=a24a5d44-532e-4ff6-8e9a-f2506e5c1784, command=[]} | ret=SUCCESS |  
2019-09-03 09:41:54,196 | INFO  | SCMAudit | user=jenkins1000 | ip=192.168.69.126 | op=SEND_HEARTBEAT {datanodeUUID=fbf90420-a45e-48ce-b982-ff6e0a18d7ed, command=[]} | ret=SUCCESS |  
2019-09-03 09:41:54,546 | INFO  | SCMAudit | user=jenkins1000 | ip=192.168.69.126 | op=SEND_HEARTBEAT {datanodeUUID=5f62d077-1cb0-4aa3-be9b-0f443f88c284, command=[]} | ret=SUCCESS |  
2019-09-03 09:41:54,749 | INFO  | SCMAudit | user=jenkins1000 | ip=192.168.69.126 | op=SEND_HEARTBEAT {datanodeUUID=f1e690fe-d9d6-4f9a-b28d-4fa21d7465dc, command=[]} | ret=SUCCESS |  
2019-09-03 09:41:54,901 [grpc-default-executor-3] INFO  client.GrpcClientProtocolClient (GrpcClientProtocolClient.java:onNext(255)) - client-411D9B923220->54a7770c-e3e5-4c4a-b2d5-1e155816e439: receive RaftClientReply:client-411D9B923220->54a7770c-e3e5-4c4a-b2d5-1e155816e439@group-A3ADB0FA2990, cid=48, FAILED org.apache.ratis.protocol.NotLeaderException: Server 54a7770c-e3e5-4c4a-b2d5-1e155816e439 is not the leader (a24a5d44-532e-4ff6-8e9a-f2506e5c1784:192.168.69.126:37019). Request must be sent to leader., logIndex=0, commits[54a7770c-e3e5-4c4a-b2d5-1e155816e439:c8, dc57de79-aaca-47f1-971f-bd2f7461306f:c8, a24a5d44-532e-4ff6-8e9a-f2506e5c1784:c8]
2019-09-03 09:41:54,996 | INFO  | SCMAudit | user=jenkins1000 | ip=192.168.69.126 | op=SEND_HEARTBEAT {datanodeUUID=54a7770c-e3e5-4c4a-b2d5-1e155816e439, command=[]} | ret=SUCCESS |  
2019-09-03 09:41:54,997 | INFO  | SCMAudit | user=jenkins1000 | ip=192.168.69.126 | op=SEND_HEARTBEAT {datanodeUUID=30b1b43b-2ac1-4227-ba9d-0d794daadc3a, command=[]} | ret=SUCCESS |  
2019-09-03 09:41:55,041 | INFO  | SCMAudit | user=jenkins1000 | ip=192.168.69.126 | op=SEND_HEARTBEAT {datanodeUUID=dc57de79-aaca-47f1-971f-bd2f7461306f, command=[]} | ret=SUCCESS |  
2019-09-03 09:41:55,046 | INFO  | SCMAudit | user=jenkins1000 | ip=192.168.69.126 | op=SEND_HEARTBEAT {datanodeUUID=a24a5d44-532e-4ff6-8e9a-f2506e5c1784, command=[]} | ret=SUCCESS |  
2019-09-03 09:41:55,196 | INFO  | SCMAudit | user=jenkins1000 | ip=192.168.69.126 | op=SEND_HEARTBEAT {datanodeUUID=fbf90420-a45e-48ce-b982-ff6e0a18d7ed, command=[]} | ret=SUCCESS |  
2019-09-03 09:41:55,547 | INFO  | SCMAudit | user=jenkins1000 | ip=192.168.69.126 | op=SEND_HEARTBEAT {datanodeUUID=5f62d077-1cb0-4aa3-be9b-0f443f88c284, command=[]} | ret=SUCCESS |  
2019-09-03 09:41:55,749 | INFO  | SCMAudit | user=jenkins1000 | ip=192.168.69.126 | op=SEND_HEARTBEAT {datanodeUUID=f1e690fe-d9d6-4f9a-b28d-4fa21d7465dc, command=[]} | ret=SUCCESS |  
2019-09-03 09:41:55,996 | INFO  | SCMAudit | user=jenkins1000 | ip=192.168.69.126 | op=SEND_HEARTBEAT {datanodeUUID=54a7770c-e3e5-4c4a-b2d5-1e155816e439, command=[]} | ret=SUCCESS |  
2019-09-03 09:41:55,997 | INFO  | SCMAudit | user=jenkins1000 | ip=192.168.69.126 | op=SEND_HEARTBEAT {datanodeUUID=30b1b43b-2ac1-4227-ba9d-0d794daadc3a, command=[]} | ret=SUCCESS |  
2019-09-03 09:41:56,040 | INFO  | SCMAudit | user=jenkins1000 | ip=192.168.69.126 | op=SEND_HEARTBEAT {datanodeUUID=dc57de79-aaca-47f1-971f-bd2f7461306f, command=[]} | ret=SUCCESS |  
2019-09-03 09:41:56,046 | INFO  | SCMAudit | user=jenkins1000 | ip=192.168.69.126 | op=SEND_HEARTBEAT {datanodeUUID=a24a5d44-532e-4ff6-8e9a-f2506e5c1784, command=[]} | ret=SUCCESS |  
2019-09-03 09:41:56,196 | INFO  | SCMAudit | user=jenkins1000 | ip=192.168.69.126 | op=SEND_HEARTBEAT {datanodeUUID=fbf90420-a45e-48ce-b982-ff6e0a18d7ed, command=[]} | ret=SUCCESS |  
2019-09-03 09:41:56,546 | INFO  | SCMAudit | user=jenkins1000 | ip=192.168.69.126 | op=SEND_HEARTBEAT {datanodeUUID=5f62d077-1cb0-4aa3-be9b-0f443f88c284, command=[]} | ret=SUCCESS |  
2019-09-03 09:41:56,750 | INFO  | SCMAudit | user=jenkins1000 | ip=192.168.69.126 | op=SEND_HEARTBEAT {datanodeUUID=f1e690fe-d9d6-4f9a-b28d-4fa21d7465dc, command=[]} | ret=SUCCESS |  
2019-09-03 09:41:56,997 | INFO  | SCMAudit | user=jenkins1000 | ip=192.168.69.126 | op=SEND_HEARTBEAT {datanodeUUID=54a7770c-e3e5-4c4a-b2d5-1e155816e439, command=[]} | ret=SUCCESS |  
2019-09-03 09:41:56,997 | INFO  | SCMAudit | user=jenkins1000 | ip=192.168.69.126 | op=SEND_HEARTBEAT {datanodeUUID=30b1b43b-2ac1-4227-ba9d-0d794daadc3a, command=[]} | ret=SUCCESS |  
2019-09-03 09:41:57,040 | INFO  | SCMAudit | user=jenkins1000 | ip=192.168.69.126 | op=SEND_HEARTBEAT {datanodeUUID=dc57de79-aaca-47f1-971f-bd2f7461306f, command=[]} | ret=SUCCESS |  
2019-09-03 09:41:57,047 | INFO  | SCMAudit | user=jenkins1000 | ip=192.168.69.126 | op=SEND_HEARTBEAT {datanodeUUID=a24a5d44-532e-4ff6-8e9a-f2506e5c1784, command=[]} | ret=SUCCESS |  
2019-09-03 09:41:57,196 | INFO  | SCMAudit | user=jenkins1000 | ip=192.168.69.126 | op=SEND_HEARTBEAT {datanodeUUID=fbf90420-a45e-48ce-b982-ff6e0a18d7ed, command=[]} | ret=SUCCESS |  
2019-09-03 09:41:57,547 | INFO  | SCMAudit | user=jenkins1000 | ip=192.168.69.126 | op=SEND_HEARTBEAT {datanodeUUID=5f62d077-1cb0-4aa3-be9b-0f443f88c284, command=[]} | ret=SUCCESS |  
2019-09-03 09:41:57,749 | INFO  | SCMAudit | user=jenkins1000 | ip=192.168.69.126 | op=SEND_HEARTBEAT {datanodeUUID=f1e690fe-d9d6-4f9a-b28d-4fa21d7465dc, command=[]} | ret=SUCCESS |  
2019-09-03 09:41:57,997 | INFO  | SCMAudit | user=jenkins1000 | ip=192.168.69.126 | op=SEND_HEARTBEAT {datanodeUUID=54a7770c-e3e5-4c4a-b2d5-1e155816e439, command=[]} | ret=SUCCESS |  
2019-09-03 09:41:57,997 | INFO  | SCMAudit | user=jenkins1000 | ip=192.168.69.126 | op=SEND_HEARTBEAT {datanodeUUID=30b1b43b-2ac1-4227-ba9d-0d794daadc3a, command=[]} | ret=SUCCESS |  
2019-09-03 09:41:58,040 | INFO  | SCMAudit | user=jenkins1000 | ip=192.168.69.126 | op=SEND_HEARTBEAT {datanodeUUID=dc57de79-aaca-47f1-971f-bd2f7461306f, command=[]} | ret=SUCCESS |  
2019-09-03 09:41:58,046 | INFO  | SCMAudit | user=jenkins1000 | ip=192.168.69.126 | op=SEND_HEARTBEAT {datanodeUUID=a24a5d44-532e-4ff6-8e9a-f2506e5c1784, command=[]} | ret=SUCCESS |  
2019-09-03 09:41:58,196 | INFO  | SCMAudit | user=jenkins1000 | ip=192.168.69.126 | op=SEND_HEARTBEAT {datanodeUUID=fbf90420-a45e-48ce-b982-ff6e0a18d7ed, command=[]} | ret=SUCCESS |  
2019-09-03 09:41:58,546 | INFO  | SCMAudit | user=jenkins1000 | ip=192.168.69.126 | op=SEND_HEARTBEAT {datanodeUUID=5f62d077-1cb0-4aa3-be9b-0f443f88c284, command=[]} | ret=SUCCESS |  
2019-09-03 09:41:58,750 | INFO  | SCMAudit | user=jenkins1000 | ip=192.168.69.126 | op=SEND_HEARTBEAT {datanodeUUID=f1e690fe-d9d6-4f9a-b28d-4fa21d7465dc, command=[]} | ret=SUCCESS |  
2019-09-03 09:41:58,997 | INFO  | SCMAudit | user=jenkins1000 | ip=192.168.69.126 | op=SEND_HEARTBEAT {datanodeUUID=30b1b43b-2ac1-4227-ba9d-0d794daadc3a, command=[]} | ret=SUCCESS |  
2019-09-03 09:41:58,997 | INFO  | SCMAudit | user=jenkins1000 | ip=192.168.69.126 | op=SEND_HEARTBEAT {datanodeUUID=54a7770c-e3e5-4c4a-b2d5-1e155816e439, command=[]} | ret=SUCCESS |  
2019-09-03 09:41:59,041 | INFO  | SCMAudit | user=jenkins1000 | ip=192.168.69.126 | op=SEND_HEARTBEAT {datanodeUUID=dc57de79-aaca-47f1-971f-bd2f7461306f, command=[]} | ret=SUCCESS |  
2019-09-03 09:41:59,046 | INFO  | SCMAudit | user=jenkins1000 | ip=192.168.69.126 | op=SEND_HEARTBEAT {datanodeUUID=a24a5d44-532e-4ff6-8e9a-f2506e5c1784, command=[]} | ret=SUCCESS |  
2019-09-03 09:41:59,197 | INFO  | SCMAudit | user=jenkins1000 | ip=192.168.69.126 | op=SEND_HEARTBEAT {datanodeUUID=fbf90420-a45e-48ce-b982-ff6e0a18d7ed, command=[]} | ret=SUCCESS |  
2019-09-03 09:41:59,547 | INFO  | SCMAudit | user=jenkins1000 | ip=192.168.69.126 | op=SEND_HEARTBEAT {datanodeUUID=5f62d077-1cb0-4aa3-be9b-0f443f88c284, command=[]} | ret=SUCCESS |  
2019-09-03 09:41:59,749 | INFO  | SCMAudit | user=jenkins1000 | ip=192.168.69.126 | op=SEND_HEARTBEAT {datanodeUUID=f1e690fe-d9d6-4f9a-b28d-4fa21d7465dc, command=[]} | ret=SUCCESS |  
2019-09-03 09:41:59,963 [grpc-default-executor-4] INFO  client.GrpcClientProtocolClient (GrpcClientProtocolClient.java:onNext(255)) - client-411D9B923220->dc57de79-aaca-47f1-971f-bd2f7461306f: receive RaftClientReply:client-411D9B923220->dc57de79-aaca-47f1-971f-bd2f7461306f@group-A3ADB0FA2990, cid=48, FAILED org.apache.ratis.protocol.NotLeaderException: Server dc57de79-aaca-47f1-971f-bd2f7461306f is not the leader (a24a5d44-532e-4ff6-8e9a-f2506e5c1784:192.168.69.126:37019). Request must be sent to leader., logIndex=0, commits[dc57de79-aaca-47f1-971f-bd2f7461306f:c8, 54a7770c-e3e5-4c4a-b2d5-1e155816e439:c8, a24a5d44-532e-4ff6-8e9a-f2506e5c1784:c8]
2019-09-03 09:41:59,997 | INFO  | SCMAudit | user=jenkins1000 | ip=192.168.69.126 | op=SEND_HEARTBEAT {datanodeUUID=54a7770c-e3e5-4c4a-b2d5-1e155816e439, command=[]} | ret=SUCCESS |  
2019-09-03 09:41:59,997 | INFO  | SCMAudit | user=jenkins1000 | ip=192.168.69.126 | op=SEND_HEARTBEAT {datanodeUUID=30b1b43b-2ac1-4227-ba9d-0d794daadc3a, command=[]} | ret=SUCCESS |  
2019-09-03 09:42:00,040 | INFO  | SCMAudit | user=jenkins1000 | ip=192.168.69.126 | op=SEND_HEARTBEAT {datanodeUUID=dc57de79-aaca-47f1-971f-bd2f7461306f, command=[]} | ret=SUCCESS |  
2019-09-03 09:42:00,046 | INFO  | SCMAudit | user=jenkins1000 | ip=192.168.69.126 | op=SEND_HEARTBEAT {datanodeUUID=a24a5d44-532e-4ff6-8e9a-f2506e5c1784, command=[]} | ret=SUCCESS |  
2019-09-03 09:42:00,196 | INFO  | SCMAudit | user=jenkins1000 | ip=192.168.69.126 | op=SEND_HEARTBEAT {datanodeUUID=fbf90420-a45e-48ce-b982-ff6e0a18d7ed, command=[]} | ret=SUCCESS |  
2019-09-03 09:42:00,546 | INFO  | SCMAudit | user=jenkins1000 | ip=192.168.69.126 | op=SEND_HEARTBEAT {datanodeUUID=5f62d077-1cb0-4aa3-be9b-0f443f88c284, command=[]} | ret=SUCCESS |  
2019-09-03 09:42:00,750 | INFO  | SCMAudit | user=jenkins1000 | ip=192.168.69.126 | op=SEND_HEARTBEAT {datanodeUUID=f1e690fe-d9d6-4f9a-b28d-4fa21d7465dc, command=[]} | ret=SUCCESS |  
2019-09-03 09:42:00,997 | INFO  | SCMAudit | user=jenkins1000 | ip=192.168.69.126 | op=SEND_HEARTBEAT {datanodeUUID=30b1b43b-2ac1-4227-ba9d-0d794daadc3a, command=[]} | ret=SUCCESS |  
2019-09-03 09:42:00,997 | INFO  | SCMAudit | user=jenkins1000 | ip=192.168.69.126 | op=SEND_HEARTBEAT {datanodeUUID=54a7770c-e3e5-4c4a-b2d5-1e155816e439, command=[]} | ret=SUCCESS |  
2019-09-03 09:42:01,040 | INFO  | SCMAudit | user=jenkins1000 | ip=192.168.69.126 | op=SEND_HEARTBEAT {datanodeUUID=dc57de79-aaca-47f1-971f-bd2f7461306f, command=[]} | ret=SUCCESS |  
2019-09-03 09:42:01,047 | INFO  | SCMAudit | user=jenkins1000 | ip=192.168.69.126 | op=SEND_HEARTBEAT {datanodeUUID=a24a5d44-532e-4ff6-8e9a-f2506e5c1784, command=[]} | ret=SUCCESS |  
2019-09-03 09:42:01,196 | INFO  | SCMAudit | user=jenkins1000 | ip=192.168.69.126 | op=SEND_HEARTBEAT {datanodeUUID=fbf90420-a45e-48ce-b982-ff6e0a18d7ed, command=[]} | ret=SUCCESS |  
2019-09-03 09:42:01,546 | INFO  | SCMAudit | user=jenkins1000 | ip=192.168.69.126 | op=SEND_HEARTBEAT {datanodeUUID=5f62d077-1cb0-4aa3-be9b-0f443f88c284, command=[]} | ret=SUCCESS |  
2019-09-03 09:42:01,749 | INFO  | SCMAudit | user=jenkins1000 | ip=192.168.69.126 | op=SEND_HEARTBEAT {datanodeUUID=f1e690fe-d9d6-4f9a-b28d-4fa21d7465dc, command=[]} | ret=SUCCESS |  
2019-09-03 09:42:01,998 | INFO  | SCMAudit | user=jenkins1000 | ip=192.168.69.126 | op=SEND_HEARTBEAT {datanodeUUID=30b1b43b-2ac1-4227-ba9d-0d794daadc3a, command=[]} | ret=SUCCESS |  
2019-09-03 09:42:01,998 | INFO  | SCMAudit | user=jenkins1000 | ip=192.168.69.126 | op=SEND_HEARTBEAT {datanodeUUID=54a7770c-e3e5-4c4a-b2d5-1e155816e439, command=[]} | ret=SUCCESS |  
2019-09-03 09:42:02,040 | INFO  | SCMAudit | user=jenkins1000 | ip=192.168.69.126 | op=SEND_HEARTBEAT {datanodeUUID=dc57de79-aaca-47f1-971f-bd2f7461306f, command=[]} | ret=SUCCESS |  
2019-09-03 09:42:02,046 | INFO  | SCMAudit | user=jenkins1000 | ip=192.168.69.126 | op=SEND_HEARTBEAT {datanodeUUID=a24a5d44-532e-4ff6-8e9a-f2506e5c1784, command=[]} | ret=SUCCESS |  
2019-09-03 09:42:02,196 | INFO  | SCMAudit | user=jenkins1000 | ip=192.168.69.126 | op=SEND_HEARTBEAT {datanodeUUID=fbf90420-a45e-48ce-b982-ff6e0a18d7ed, command=[]} | ret=SUCCESS |  
2019-09-03 09:42:02,547 | INFO  | SCMAudit | user=jenkins1000 | ip=192.168.69.126 | op=SEND_HEARTBEAT {datanodeUUID=5f62d077-1cb0-4aa3-be9b-0f443f88c284, command=[]} | ret=SUCCESS |  
2019-09-03 09:42:02,750 | INFO  | SCMAudit | user=jenkins1000 | ip=192.168.69.126 | op=SEND_HEARTBEAT {datanodeUUID=f1e690fe-d9d6-4f9a-b28d-4fa21d7465dc, command=[]} | ret=SUCCESS |  
2019-09-03 09:42:02,998 | INFO  | SCMAudit | user=jenkins1000 | ip=192.168.69.126 | op=SEND_HEARTBEAT {datanodeUUID=30b1b43b-2ac1-4227-ba9d-0d794daadc3a, command=[]} | ret=SUCCESS |  
2019-09-03 09:42:02,998 | INFO  | SCMAudit | user=jenkins1000 | ip=192.168.69.126 | op=SEND_HEARTBEAT {datanodeUUID=54a7770c-e3e5-4c4a-b2d5-1e155816e439, command=[]} | ret=SUCCESS |  
2019-09-03 09:42:03,040 | INFO  | SCMAudit | user=jenkins1000 | ip=192.168.69.126 | op=SEND_HEARTBEAT {datanodeUUID=dc57de79-aaca-47f1-971f-bd2f7461306f, command=[]} | ret=SUCCESS |  
2019-09-03 09:42:03,046 | INFO  | SCMAudit | user=jenkins1000 | ip=192.168.69.126 | op=SEND_HEARTBEAT {datanodeUUID=a24a5d44-532e-4ff6-8e9a-f2506e5c1784, command=[]} | ret=SUCCESS |  
2019-09-03 09:42:03,197 | INFO  | SCMAudit | user=jenkins1000 | ip=192.168.69.126 | op=SEND_HEARTBEAT {datanodeUUID=fbf90420-a45e-48ce-b982-ff6e0a18d7ed, command=[]} | ret=SUCCESS |  
2019-09-03 09:42:03,547 | INFO  | SCMAudit | user=jenkins1000 | ip=192.168.69.126 | op=SEND_HEARTBEAT {datanodeUUID=5f62d077-1cb0-4aa3-be9b-0f443f88c284, command=[]} | ret=SUCCESS |  
2019-09-03 09:42:03,749 | INFO  | SCMAudit | user=jenkins1000 | ip=192.168.69.126 | op=SEND_HEARTBEAT {datanodeUUID=f1e690fe-d9d6-4f9a-b28d-4fa21d7465dc, command=[]} | ret=SUCCESS |  
2019-09-03 09:42:03,998 | INFO  | SCMAudit | user=jenkins1000 | ip=192.168.69.126 | op=SEND_HEARTBEAT {datanodeUUID=54a7770c-e3e5-4c4a-b2d5-1e155816e439, command=[]} | ret=SUCCESS |  
2019-09-03 09:42:03,999 | INFO  | SCMAudit | user=jenkins1000 | ip=192.168.69.126 | op=SEND_HEARTBEAT {datanodeUUID=30b1b43b-2ac1-4227-ba9d-0d794daadc3a, command=[]} | ret=SUCCESS |  
2019-09-03 09:42:04,041 | INFO  | SCMAudit | user=jenkins1000 | ip=192.168.69.126 | op=SEND_HEARTBEAT {datanodeUUID=dc57de79-aaca-47f1-971f-bd2f7461306f, command=[]} | ret=SUCCESS |  
2019-09-03 09:42:04,046 | INFO  | SCMAudit | user=jenkins1000 | ip=192.168.69.126 | op=SEND_HEARTBEAT {datanodeUUID=a24a5d44-532e-4ff6-8e9a-f2506e5c1784, command=[]} | ret=SUCCESS |  
2019-09-03 09:42:04,197 | INFO  | SCMAudit | user=jenkins1000 | ip=192.168.69.126 | op=SEND_HEARTBEAT {datanodeUUID=fbf90420-a45e-48ce-b982-ff6e0a18d7ed, command=[]} | ret=SUCCESS |  
2019-09-03 09:42:04,548 | INFO  | SCMAudit | user=jenkins1000 | ip=192.168.69.126 | op=SEND_HEARTBEAT {datanodeUUID=5f62d077-1cb0-4aa3-be9b-0f443f88c284, command=[]} | ret=SUCCESS |  
2019-09-03 09:42:04,750 | INFO  | SCMAudit | user=jenkins1000 | ip=192.168.69.126 | op=SEND_HEARTBEAT {datanodeUUID=f1e690fe-d9d6-4f9a-b28d-4fa21d7465dc, command=[]} | ret=SUCCESS |  
2019-09-03 09:42:05,000 | INFO  | SCMAudit | user=jenkins1000 | ip=192.168.69.126 | op=SEND_HEARTBEAT {datanodeUUID=54a7770c-e3e5-4c4a-b2d5-1e155816e439, command=[]} | ret=SUCCESS |  
2019-09-03 09:42:05,000 | INFO  | SCMAudit | user=jenkins1000 | ip=192.168.69.126 | op=SEND_HEARTBEAT {datanodeUUID=30b1b43b-2ac1-4227-ba9d-0d794daadc3a, command=[]} | ret=SUCCESS |  
2019-09-03 09:42:05,009 [grpc-default-executor-3] INFO  client.GrpcClientProtocolClient (GrpcClientProtocolClient.java:onNext(255)) - client-411D9B923220->54a7770c-e3e5-4c4a-b2d5-1e155816e439: receive RaftClientReply:client-411D9B923220->54a7770c-e3e5-4c4a-b2d5-1e155816e439@group-A3ADB0FA2990, cid=48, FAILED org.apache.ratis.protocol.NotLeaderException: Server 54a7770c-e3e5-4c4a-b2d5-1e155816e439 is not the leader (a24a5d44-532e-4ff6-8e9a-f2506e5c1784:192.168.69.126:37019). Request must be sent to leader., logIndex=0, commits[54a7770c-e3e5-4c4a-b2d5-1e155816e439:c8, dc57de79-aaca-47f1-971f-bd2f7461306f:c8, a24a5d44-532e-4ff6-8e9a-f2506e5c1784:c8]
2019-09-03 09:42:05,040 | INFO  | SCMAudit | user=jenkins1000 | ip=192.168.69.126 | op=SEND_HEARTBEAT {datanodeUUID=dc57de79-aaca-47f1-971f-bd2f7461306f, command=[]} | ret=SUCCESS |  
2019-09-03 09:42:05,046 | INFO  | SCMAudit | user=jenkins1000 | ip=192.168.69.126 | op=SEND_HEARTBEAT {datanodeUUID=a24a5d44-532e-4ff6-8e9a-f2506e5c1784, command=[]} | ret=SUCCESS |  
2019-09-03 09:42:05,197 | INFO  | SCMAudit | user=jenkins1000 | ip=192.168.69.126 | op=SEND_HEARTBEAT {datanodeUUID=fbf90420-a45e-48ce-b982-ff6e0a18d7ed, command=[]} | ret=SUCCESS |  
2019-09-03 09:42:05,547 | INFO  | SCMAudit | user=jenkins1000 | ip=192.168.69.126 | op=SEND_HEARTBEAT {datanodeUUID=5f62d077-1cb0-4aa3-be9b-0f443f88c284, command=[]} | ret=SUCCESS |  
2019-09-03 09:42:05,751 | INFO  | SCMAudit | user=jenkins1000 | ip=192.168.69.126 | op=SEND_HEARTBEAT {datanodeUUID=f1e690fe-d9d6-4f9a-b28d-4fa21d7465dc, command=[]} | ret=SUCCESS |  
2019-09-03 09:42:05,999 | INFO  | SCMAudit | user=jenkins1000 | ip=192.168.69.126 | op=SEND_HEARTBEAT {datanodeUUID=30b1b43b-2ac1-4227-ba9d-0d794daadc3a, command=[]} | ret=SUCCESS |  
2019-09-03 09:42:05,999 | INFO  | SCMAudit | user=jenkins1000 | ip=192.168.69.126 | op=SEND_HEARTBEAT {datanodeUUID=54a7770c-e3e5-4c4a-b2d5-1e155816e439, command=[]} | ret=SUCCESS |  
2019-09-03 09:42:06,040 | INFO  | SCMAudit | user=jenkins1000 | ip=192.168.69.126 | op=SEND_HEARTBEAT {datanodeUUID=dc57de79-aaca-47f1-971f-bd2f7461306f, command=[]} | ret=SUCCESS |  
2019-09-03 09:42:06,046 | INFO  | SCMAudit | user=jenkins1000 | ip=192.168.69.126 | op=SEND_HEARTBEAT {datanodeUUID=a24a5d44-532e-4ff6-8e9a-f2506e5c1784, command=[]} | ret=SUCCESS |  
2019-09-03 09:42:06,198 | INFO  | SCMAudit | user=jenkins1000 | ip=192.168.69.126 | op=SEND_HEARTBEAT {datanodeUUID=fbf90420-a45e-48ce-b982-ff6e0a18d7ed, command=[]} | ret=SUCCESS |  
2019-09-03 09:42:06,548 | INFO  | SCMAudit | user=jenkins1000 | ip=192.168.69.126 | op=SEND_HEARTBEAT {datanodeUUID=5f62d077-1cb0-4aa3-be9b-0f443f88c284, command=[]} | ret=SUCCESS |  
2019-09-03 09:42:06,750 | INFO  | SCMAudit | user=jenkins1000 | ip=192.168.69.126 | op=SEND_HEARTBEAT {datanodeUUID=f1e690fe-d9d6-4f9a-b28d-4fa21d7465dc, command=[]} | ret=SUCCESS |  
2019-09-03 09:42:07,000 | INFO  | SCMAudit | user=jenkins1000 | ip=192.168.69.126 | op=SEND_HEARTBEAT {datanodeUUID=54a7770c-e3e5-4c4a-b2d5-1e155816e439, command=[]} | ret=SUCCESS |  
2019-09-03 09:42:07,000 | INFO  | SCMAudit | user=jenkins1000 | ip=192.168.69.126 | op=SEND_HEARTBEAT {datanodeUUID=30b1b43b-2ac1-4227-ba9d-0d794daadc3a, command=[]} | ret=SUCCESS |  
2019-09-03 09:42:07,040 | INFO  | SCMAudit | user=jenkins1000 | ip=192.168.69.126 | op=SEND_HEARTBEAT {datanodeUUID=dc57de79-aaca-47f1-971f-bd2f7461306f, command=[]} | ret=SUCCESS |  
2019-09-03 09:42:07,047 | INFO  | SCMAudit | user=jenkins1000 | ip=192.168.69.126 | op=SEND_HEARTBEAT {datanodeUUID=a24a5d44-532e-4ff6-8e9a-f2506e5c1784, command=[]} | ret=SUCCESS |  
2019-09-03 09:42:07,197 | INFO  | SCMAudit | user=jenkins1000 | ip=192.168.69.126 | op=SEND_HEARTBEAT {datanodeUUID=fbf90420-a45e-48ce-b982-ff6e0a18d7ed, command=[]} | ret=SUCCESS |  
2019-09-03 09:42:07,547 | INFO  | SCMAudit | user=jenkins1000 | ip=192.168.69.126 | op=SEND_HEARTBEAT {datanodeUUID=5f62d077-1cb0-4aa3-be9b-0f443f88c284, command=[]} | ret=SUCCESS |  
2019-09-03 09:42:07,751 | INFO  | SCMAudit | user=jenkins1000 | ip=192.168.69.126 | op=SEND_HEARTBEAT {datanodeUUID=f1e690fe-d9d6-4f9a-b28d-4fa21d7465dc, command=[]} | ret=SUCCESS |  
2019-09-03 09:42:08,000 | INFO  | SCMAudit | user=jenkins1000 | ip=192.168.69.126 | op=SEND_HEARTBEAT {datanodeUUID=54a7770c-e3e5-4c4a-b2d5-1e155816e439, command=[]} | ret=SUCCESS |  
2019-09-03 09:42:08,000 | INFO  | SCMAudit | user=jenkins1000 | ip=192.168.69.126 | op=SEND_HEARTBEAT {datanodeUUID=30b1b43b-2ac1-4227-ba9d-0d794daadc3a, command=[]} | ret=SUCCESS |  
2019-09-03 09:42:08,040 | INFO  | SCMAudit | user=jenkins1000 | ip=192.168.69.126 | op=SEND_HEARTBEAT {datanodeUUID=dc57de79-aaca-47f1-971f-bd2f7461306f, command=[]} | ret=SUCCESS |  
2019-09-03 09:42:08,047 | INFO  | SCMAudit | user=jenkins1000 | ip=192.168.69.126 | op=SEND_HEARTBEAT {datanodeUUID=a24a5d44-532e-4ff6-8e9a-f2506e5c1784, command=[]} | ret=SUCCESS |  
2019-09-03 09:42:08,197 | INFO  | SCMAudit | user=jenkins1000 | ip=192.168.69.126 | op=SEND_HEARTBEAT {datanodeUUID=fbf90420-a45e-48ce-b982-ff6e0a18d7ed, command=[]} | ret=SUCCESS |  
2019-09-03 09:42:08,547 | INFO  | SCMAudit | user=jenkins1000 | ip=192.168.69.126 | op=SEND_HEARTBEAT {datanodeUUID=5f62d077-1cb0-4aa3-be9b-0f443f88c284, command=[]} | ret=SUCCESS |  
2019-09-03 09:42:08,752 | INFO  | SCMAudit | user=jenkins1000 | ip=192.168.69.126 | op=SEND_HEARTBEAT {datanodeUUID=f1e690fe-d9d6-4f9a-b28d-4fa21d7465dc, command=[]} | ret=SUCCESS |  
2019-09-03 09:42:09,003 | INFO  | SCMAudit | user=jenkins1000 | ip=192.168.69.126 | op=SEND_HEARTBEAT {datanodeUUID=54a7770c-e3e5-4c4a-b2d5-1e155816e439, command=[]} | ret=SUCCESS |  
2019-09-03 09:42:09,003 | INFO  | SCMAudit | user=jenkins1000 | ip=192.168.69.126 | op=SEND_HEARTBEAT {datanodeUUID=30b1b43b-2ac1-4227-ba9d-0d794daadc3a, command=[]} | ret=SUCCESS |  
2019-09-03 09:42:09,041 | INFO  | SCMAudit | user=jenkins1000 | ip=192.168.69.126 | op=SEND_HEARTBEAT {datanodeUUID=dc57de79-aaca-47f1-971f-bd2f7461306f, command=[]} | ret=SUCCESS |  
2019-09-03 09:42:09,047 | INFO  | SCMAudit | user=jenkins1000 | ip=192.168.69.126 | op=SEND_HEARTBEAT {datanodeUUID=a24a5d44-532e-4ff6-8e9a-f2506e5c1784, command=[]} | ret=SUCCESS |  
2019-09-03 09:42:09,198 | INFO  | SCMAudit | user=jenkins1000 | ip=192.168.69.126 | op=SEND_HEARTBEAT {datanodeUUID=fbf90420-a45e-48ce-b982-ff6e0a18d7ed, command=[]} | ret=SUCCESS |  
2019-09-03 09:42:09,547 | INFO  | SCMAudit | user=jenkins1000 | ip=192.168.69.126 | op=SEND_HEARTBEAT {datanodeUUID=5f62d077-1cb0-4aa3-be9b-0f443f88c284, command=[]} | ret=SUCCESS |  
2019-09-03 09:42:09,751 | INFO  | SCMAudit | user=jenkins1000 | ip=192.168.69.126 | op=SEND_HEARTBEAT {datanodeUUID=f1e690fe-d9d6-4f9a-b28d-4fa21d7465dc, command=[]} | ret=SUCCESS |  
2019-09-03 09:42:10,003 | INFO  | SCMAudit | user=jenkins1000 | ip=192.168.69.126 | op=SEND_HEARTBEAT {datanodeUUID=30b1b43b-2ac1-4227-ba9d-0d794daadc3a, command=[]} | ret=SUCCESS |  
2019-09-03 09:42:10,003 | INFO  | SCMAudit | user=jenkins1000 | ip=192.168.69.126 | op=SEND_HEARTBEAT {datanodeUUID=54a7770c-e3e5-4c4a-b2d5-1e155816e439, command=[]} | ret=SUCCESS |  
2019-09-03 09:42:10,045 | INFO  | SCMAudit | user=jenkins1000 | ip=192.168.69.126 | op=SEND_HEARTBEAT {datanodeUUID=dc57de79-aaca-47f1-971f-bd2f7461306f, command=[]} | ret=SUCCESS |  
2019-09-03 09:42:10,046 [grpc-default-executor-4] INFO  client.GrpcClientProtocolClient (GrpcClientProtocolClient.java:onNext(255)) - client-411D9B923220->54a7770c-e3e5-4c4a-b2d5-1e155816e439: receive RaftClientReply:client-411D9B923220->54a7770c-e3e5-4c4a-b2d5-1e155816e439@group-A3ADB0FA2990, cid=48, FAILED org.apache.ratis.protocol.NotLeaderException: Server 54a7770c-e3e5-4c4a-b2d5-1e155816e439 is not the leader (a24a5d44-532e-4ff6-8e9a-f2506e5c1784:192.168.69.126:37019). Request must be sent to leader., logIndex=0, commits[54a7770c-e3e5-4c4a-b2d5-1e155816e439:c8, dc57de79-aaca-47f1-971f-bd2f7461306f:c8, a24a5d44-532e-4ff6-8e9a-f2506e5c1784:c8]
2019-09-03 09:42:10,055 | INFO  | SCMAudit | user=jenkins1000 | ip=192.168.69.126 | op=SEND_HEARTBEAT {datanodeUUID=a24a5d44-532e-4ff6-8e9a-f2506e5c1784, command=[]} | ret=SUCCESS |  
2019-09-03 09:42:10,198 | INFO  | SCMAudit | user=jenkins1000 | ip=192.168.69.126 | op=SEND_HEARTBEAT {datanodeUUID=fbf90420-a45e-48ce-b982-ff6e0a18d7ed, command=[]} | ret=SUCCESS |  
2019-09-03 09:42:10,547 | INFO  | SCMAudit | user=jenkins1000 | ip=192.168.69.126 | op=SEND_HEARTBEAT {datanodeUUID=5f62d077-1cb0-4aa3-be9b-0f443f88c284, command=[]} | ret=SUCCESS |  
2019-09-03 09:42:10,751 | INFO  | SCMAudit | user=jenkins1000 | ip=192.168.69.126 | op=SEND_HEARTBEAT {datanodeUUID=f1e690fe-d9d6-4f9a-b28d-4fa21d7465dc, command=[]} | ret=SUCCESS |  
2019-09-03 09:42:11,004 | INFO  | SCMAudit | user=jenkins1000 | ip=192.168.69.126 | op=SEND_HEARTBEAT {datanodeUUID=54a7770c-e3e5-4c4a-b2d5-1e155816e439, command=[]} | ret=SUCCESS |  
2019-09-03 09:42:11,004 | INFO  | SCMAudit | user=jenkins1000 | ip=192.168.69.126 | op=SEND_HEARTBEAT {datanodeUUID=30b1b43b-2ac1-4227-ba9d-0d794daadc3a, command=[]} | ret=SUCCESS |  
2019-09-03 09:42:11,041 | INFO  | SCMAudit | user=jenkins1000 | ip=192.168.69.126 | op=SEND_HEARTBEAT {datanodeUUID=dc57de79-aaca-47f1-971f-bd2f7461306f, command=[]} | ret=SUCCESS |  
2019-09-03 09:42:11,050 | INFO  | SCMAudit | user=jenkins1000 | ip=192.168.69.126 | op=SEND_HEARTBEAT {datanodeUUID=a24a5d44-532e-4ff6-8e9a-f2506e5c1784, command=[]} | ret=SUCCESS |  
2019-09-03 09:42:11,198 | INFO  | SCMAudit | user=jenkins1000 | ip=192.168.69.126 | op=SEND_HEARTBEAT {datanodeUUID=fbf90420-a45e-48ce-b982-ff6e0a18d7ed, command=[]} | ret=SUCCESS |  
2019-09-03 09:42:11,548 | INFO  | SCMAudit | user=jenkins1000 | ip=192.168.69.126 | op=SEND_HEARTBEAT {datanodeUUID=5f62d077-1cb0-4aa3-be9b-0f443f88c284, command=[]} | ret=SUCCESS |  
2019-09-03 09:42:11,752 | INFO  | SCMAudit | user=jenkins1000 | ip=192.168.69.126 | op=SEND_HEARTBEAT {datanodeUUID=f1e690fe-d9d6-4f9a-b28d-4fa21d7465dc, command=[]} | ret=SUCCESS |  
2019-09-03 09:42:12,003 | INFO  | SCMAudit | user=jenkins1000 | ip=192.168.69.126 | op=SEND_HEARTBEAT {datanodeUUID=30b1b43b-2ac1-4227-ba9d-0d794daadc3a, command=[]} | ret=SUCCESS |  
2019-09-03 09:42:12,003 | INFO  | SCMAudit | user=jenkins1000 | ip=192.168.69.126 | op=SEND_HEARTBEAT {datanodeUUID=54a7770c-e3e5-4c4a-b2d5-1e155816e439, command=[]} | ret=SUCCESS |  
2019-09-03 09:42:12,041 | INFO  | SCMAudit | user=jenkins1000 | ip=192.168.69.126 | op=SEND_HEARTBEAT {datanodeUUID=dc57de79-aaca-47f1-971f-bd2f7461306f, command=[]} | ret=SUCCESS |  
2019-09-03 09:42:12,051 | INFO  | SCMAudit | user=jenkins1000 | ip=192.168.69.126 | op=SEND_HEARTBEAT {datanodeUUID=a24a5d44-532e-4ff6-8e9a-f2506e5c1784, command=[]} | ret=SUCCESS |  
2019-09-03 09:42:12,199 | INFO  | SCMAudit | user=jenkins1000 | ip=192.168.69.126 | op=SEND_HEARTBEAT {datanodeUUID=fbf90420-a45e-48ce-b982-ff6e0a18d7ed, command=[]} | ret=SUCCESS |  
2019-09-03 09:42:12,548 | INFO  | SCMAudit | user=jenkins1000 | ip=192.168.69.126 | op=SEND_HEARTBEAT {datanodeUUID=5f62d077-1cb0-4aa3-be9b-0f443f88c284, command=[]} | ret=SUCCESS |  
2019-09-03 09:42:12,752 | INFO  | SCMAudit | user=jenkins1000 | ip=192.168.69.126 | op=SEND_HEARTBEAT {datanodeUUID=f1e690fe-d9d6-4f9a-b28d-4fa21d7465dc, command=[]} | ret=SUCCESS |  
2019-09-03 09:42:13,004 | INFO  | SCMAudit | user=jenkins1000 | ip=192.168.69.126 | op=SEND_HEARTBEAT {datanodeUUID=54a7770c-e3e5-4c4a-b2d5-1e155816e439, command=[]} | ret=SUCCESS |  
2019-09-03 09:42:13,004 | INFO  | SCMAudit | user=jenkins1000 | ip=192.168.69.126 | op=SEND_HEARTBEAT {datanodeUUID=30b1b43b-2ac1-4227-ba9d-0d794daadc3a, command=[]} | ret=SUCCESS |  
2019-09-03 09:42:13,041 | INFO  | SCMAudit | user=jenkins1000 | ip=192.168.69.126 | op=SEND_HEARTBEAT {datanodeUUID=dc57de79-aaca-47f1-971f-bd2f7461306f, command=[]} | ret=SUCCESS |  
2019-09-03 09:42:13,051 | INFO  | SCMAudit | user=jenkins1000 | ip=192.168.69.126 | op=SEND_HEARTBEAT {datanodeUUID=a24a5d44-532e-4ff6-8e9a-f2506e5c1784, command=[]} | ret=SUCCESS |  
2019-09-03 09:42:13,199 | INFO  | SCMAudit | user=jenkins1000 | ip=192.168.69.126 | op=SEND_HEARTBEAT {datanodeUUID=fbf90420-a45e-48ce-b982-ff6e0a18d7ed, command=[]} | ret=SUCCESS |  
2019-09-03 09:42:13,548 | INFO  | SCMAudit | user=jenkins1000 | ip=192.168.69.126 | op=SEND_HEARTBEAT {datanodeUUID=5f62d077-1cb0-4aa3-be9b-0f443f88c284, command=[]} | ret=SUCCESS |  
2019-09-03 09:42:13,752 | INFO  | SCMAudit | user=jenkins1000 | ip=192.168.69.126 | op=SEND_HEARTBEAT {datanodeUUID=f1e690fe-d9d6-4f9a-b28d-4fa21d7465dc, command=[]} | ret=SUCCESS |  
2019-09-03 09:42:14,003 | INFO  | SCMAudit | user=jenkins1000 | ip=192.168.69.126 | op=SEND_HEARTBEAT {datanodeUUID=30b1b43b-2ac1-4227-ba9d-0d794daadc3a, command=[]} | ret=SUCCESS |  
2019-09-03 09:42:14,004 | INFO  | SCMAudit | user=jenkins1000 | ip=192.168.69.126 | op=SEND_HEARTBEAT {datanodeUUID=54a7770c-e3e5-4c4a-b2d5-1e155816e439, command=[]} | ret=SUCCESS |  
2019-09-03 09:42:14,041 | INFO  | SCMAudit | user=jenkins1000 | ip=192.168.69.126 | op=SEND_HEARTBEAT {datanodeUUID=dc57de79-aaca-47f1-971f-bd2f7461306f, command=[]} | ret=SUCCESS |  
2019-09-03 09:42:14,051 | INFO  | SCMAudit | user=jenkins1000 | ip=192.168.69.126 | op=SEND_HEARTBEAT {datanodeUUID=a24a5d44-532e-4ff6-8e9a-f2506e5c1784, command=[]} | ret=SUCCESS |  
2019-09-03 09:42:14,200 | INFO  | SCMAudit | user=jenkins1000 | ip=192.168.69.126 | op=SEND_HEARTBEAT {datanodeUUID=fbf90420-a45e-48ce-b982-ff6e0a18d7ed, command=[]} | ret=SUCCESS |  
2019-09-03 09:42:14,548 | INFO  | SCMAudit | user=jenkins1000 | ip=192.168.69.126 | op=SEND_HEARTBEAT {datanodeUUID=5f62d077-1cb0-4aa3-be9b-0f443f88c284, command=[]} | ret=SUCCESS |  
2019-09-03 09:42:14,752 | INFO  | SCMAudit | user=jenkins1000 | ip=192.168.69.126 | op=SEND_HEARTBEAT {datanodeUUID=f1e690fe-d9d6-4f9a-b28d-4fa21d7465dc, command=[]} | ret=SUCCESS |  
2019-09-03 09:42:15,004 | INFO  | SCMAudit | user=jenkins1000 | ip=192.168.69.126 | op=SEND_HEARTBEAT {datanodeUUID=30b1b43b-2ac1-4227-ba9d-0d794daadc3a, command=[]} | ret=SUCCESS |  
2019-09-03 09:42:15,004 | INFO  | SCMAudit | user=jenkins1000 | ip=192.168.69.126 | op=SEND_HEARTBEAT {datanodeUUID=54a7770c-e3e5-4c4a-b2d5-1e155816e439, command=[]} | ret=SUCCESS |  
2019-09-03 09:42:15,041 | INFO  | SCMAudit | user=jenkins1000 | ip=192.168.69.126 | op=SEND_HEARTBEAT {datanodeUUID=dc57de79-aaca-47f1-971f-bd2f7461306f, command=[]} | ret=SUCCESS |  
2019-09-03 09:42:15,051 | INFO  | SCMAudit | user=jenkins1000 | ip=192.168.69.126 | op=SEND_HEARTBEAT {datanodeUUID=a24a5d44-532e-4ff6-8e9a-f2506e5c1784, command=[]} | ret=SUCCESS |  
2019-09-03 09:42:15,096 [grpc-default-executor-6] INFO  client.GrpcClientProtocolClient (GrpcClientProtocolClient.java:onNext(255)) - client-411D9B923220->dc57de79-aaca-47f1-971f-bd2f7461306f: receive RaftClientReply:client-411D9B923220->dc57de79-aaca-47f1-971f-bd2f7461306f@group-A3ADB0FA2990, cid=48, FAILED org.apache.ratis.protocol.NotLeaderException: Server dc57de79-aaca-47f1-971f-bd2f7461306f is not the leader (a24a5d44-532e-4ff6-8e9a-f2506e5c1784:192.168.69.126:37019). Request must be sent to leader., logIndex=0, commits[dc57de79-aaca-47f1-971f-bd2f7461306f:c8, 54a7770c-e3e5-4c4a-b2d5-1e155816e439:c8, a24a5d44-532e-4ff6-8e9a-f2506e5c1784:c8]
2019-09-03 09:42:15,199 | INFO  | SCMAudit | user=jenkins1000 | ip=192.168.69.126 | op=SEND_HEARTBEAT {datanodeUUID=fbf90420-a45e-48ce-b982-ff6e0a18d7ed, command=[]} | ret=SUCCESS |  
2019-09-03 09:42:15,549 | INFO  | SCMAudit | user=jenkins1000 | ip=192.168.69.126 | op=SEND_HEARTBEAT {datanodeUUID=5f62d077-1cb0-4aa3-be9b-0f443f88c284, command=[]} | ret=SUCCESS |  
2019-09-03 09:42:15,752 | INFO  | SCMAudit | user=jenkins1000 | ip=192.168.69.126 | op=SEND_HEARTBEAT {datanodeUUID=f1e690fe-d9d6-4f9a-b28d-4fa21d7465dc, command=[]} | ret=SUCCESS |  
2019-09-03 09:42:16,003 | INFO  | SCMAudit | user=jenkins1000 | ip=192.168.69.126 | op=SEND_HEARTBEAT {datanodeUUID=30b1b43b-2ac1-4227-ba9d-0d794daadc3a, command=[]} | ret=SUCCESS |  
2019-09-03 09:42:16,004 | INFO  | SCMAudit | user=jenkins1000 | ip=192.168.69.126 | op=SEND_HEARTBEAT {datanodeUUID=54a7770c-e3e5-4c4a-b2d5-1e155816e439, command=[]} | ret=SUCCESS |  
2019-09-03 09:42:16,043 | INFO  | SCMAudit | user=jenkins1000 | ip=192.168.69.126 | op=SEND_HEARTBEAT {datanodeUUID=dc57de79-aaca-47f1-971f-bd2f7461306f, command=[]} | ret=SUCCESS |  
2019-09-03 09:42:16,051 | INFO  | SCMAudit | user=jenkins1000 | ip=192.168.69.126 | op=SEND_HEARTBEAT {datanodeUUID=a24a5d44-532e-4ff6-8e9a-f2506e5c1784, command=[]} | ret=SUCCESS |  
2019-09-03 09:42:16,199 | INFO  | SCMAudit | user=jenkins1000 | ip=192.168.69.126 | op=SEND_HEARTBEAT {datanodeUUID=fbf90420-a45e-48ce-b982-ff6e0a18d7ed, command=[]} | ret=SUCCESS |  
2019-09-03 09:42:16,550 | INFO  | SCMAudit | user=jenkins1000 | ip=192.168.69.126 | op=SEND_HEARTBEAT {datanodeUUID=5f62d077-1cb0-4aa3-be9b-0f443f88c284, command=[]} | ret=SUCCESS |  
2019-09-03 09:42:16,753 | INFO  | SCMAudit | user=jenkins1000 | ip=192.168.69.126 | op=SEND_HEARTBEAT {datanodeUUID=f1e690fe-d9d6-4f9a-b28d-4fa21d7465dc, command=[]} | ret=SUCCESS |  
2019-09-03 09:42:17,004 | INFO  | SCMAudit | user=jenkins1000 | ip=192.168.69.126 | op=SEND_HEARTBEAT {datanodeUUID=30b1b43b-2ac1-4227-ba9d-0d794daadc3a, command=[]} | ret=SUCCESS |  
2019-09-03 09:42:17,004 | INFO  | SCMAudit | user=jenkins1000 | ip=192.168.69.126 | op=SEND_HEARTBEAT {datanodeUUID=54a7770c-e3e5-4c4a-b2d5-1e155816e439, command=[]} | ret=SUCCESS |  
2019-09-03 09:42:17,043 | INFO  | SCMAudit | user=jenkins1000 | ip=192.168.69.126 | op=SEND_HEARTBEAT {datanodeUUID=dc57de79-aaca-47f1-971f-bd2f7461306f, command=[]} | ret=SUCCESS |  
2019-09-03 09:42:17,052 | INFO  | SCMAudit | user=jenkins1000 | ip=192.168.69.126 | op=SEND_HEARTBEAT {datanodeUUID=a24a5d44-532e-4ff6-8e9a-f2506e5c1784, command=[]} | ret=SUCCESS |  
2019-09-03 09:42:17,200 | INFO  | SCMAudit | user=jenkins1000 | ip=192.168.69.126 | op=SEND_HEARTBEAT {datanodeUUID=fbf90420-a45e-48ce-b982-ff6e0a18d7ed, command=[]} | ret=SUCCESS |  
2019-09-03 09:42:17,549 | INFO  | SCMAudit | user=jenkins1000 | ip=192.168.69.126 | op=SEND_HEARTBEAT {datanodeUUID=5f62d077-1cb0-4aa3-be9b-0f443f88c284, command=[]} | ret=SUCCESS |  
2019-09-03 09:42:17,753 | INFO  | SCMAudit | user=jenkins1000 | ip=192.168.69.126 | op=SEND_HEARTBEAT {datanodeUUID=f1e690fe-d9d6-4f9a-b28d-4fa21d7465dc, command=[]} | ret=SUCCESS |  
2019-09-03 09:42:18,003 | INFO  | SCMAudit | user=jenkins1000 | ip=192.168.69.126 | op=SEND_HEARTBEAT {datanodeUUID=30b1b43b-2ac1-4227-ba9d-0d794daadc3a, command=[]} | ret=SUCCESS |  
2019-09-03 09:42:18,004 | INFO  | SCMAudit | user=jenkins1000 | ip=192.168.69.126 | op=SEND_HEARTBEAT {datanodeUUID=54a7770c-e3e5-4c4a-b2d5-1e155816e439, command=[]} | ret=SUCCESS |  
2019-09-03 09:42:18,043 | INFO  | SCMAudit | user=jenkins1000 | ip=192.168.69.126 | op=SEND_HEARTBEAT {datanodeUUID=dc57de79-aaca-47f1-971f-bd2f7461306f, command=[]} | ret=SUCCESS |  
2019-09-03 09:42:18,051 | INFO  | SCMAudit | user=jenkins1000 | ip=192.168.69.126 | op=SEND_HEARTBEAT {datanodeUUID=a24a5d44-532e-4ff6-8e9a-f2506e5c1784, command=[]} | ret=SUCCESS |  
2019-09-03 09:42:18,199 | INFO  | SCMAudit | user=jenkins1000 | ip=192.168.69.126 | op=SEND_HEARTBEAT {datanodeUUID=fbf90420-a45e-48ce-b982-ff6e0a18d7ed, command=[]} | ret=SUCCESS |  
2019-09-03 09:42:18,550 | INFO  | SCMAudit | user=jenkins1000 | ip=192.168.69.126 | op=SEND_HEARTBEAT {datanodeUUID=5f62d077-1cb0-4aa3-be9b-0f443f88c284, command=[]} | ret=SUCCESS |  
2019-09-03 09:42:18,754 | INFO  | SCMAudit | user=jenkins1000 | ip=192.168.69.126 | op=SEND_HEARTBEAT {datanodeUUID=f1e690fe-d9d6-4f9a-b28d-4fa21d7465dc, command=[]} | ret=SUCCESS |  
2019-09-03 09:42:19,004 | INFO  | SCMAudit | user=jenkins1000 | ip=192.168.69.126 | op=SEND_HEARTBEAT {datanodeUUID=30b1b43b-2ac1-4227-ba9d-0d794daadc3a, command=[]} | ret=SUCCESS |  
2019-09-03 09:42:19,005 | INFO  | SCMAudit | user=jenkins1000 | ip=192.168.69.126 | op=SEND_HEARTBEAT {datanodeUUID=54a7770c-e3e5-4c4a-b2d5-1e155816e439, command=[]} | ret=SUCCESS |  
2019-09-03 09:42:19,044 | INFO  | SCMAudit | user=jenkins1000 | ip=192.168.69.126 | op=SEND_HEARTBEAT {datanodeUUID=dc57de79-aaca-47f1-971f-bd2f7461306f, command=[]} | ret=SUCCESS |  
2019-09-03 09:42:19,051 | INFO  | SCMAudit | user=jenkins1000 | ip=192.168.69.126 | op=SEND_HEARTBEAT {datanodeUUID=a24a5d44-532e-4ff6-8e9a-f2506e5c1784, command=[]} | ret=SUCCESS |  
2019-09-03 09:42:19,200 | INFO  | SCMAudit | user=jenkins1000 | ip=192.168.69.126 | op=SEND_HEARTBEAT {datanodeUUID=fbf90420-a45e-48ce-b982-ff6e0a18d7ed, command=[]} | ret=SUCCESS |  
2019-09-03 09:42:19,550 | INFO  | SCMAudit | user=jenkins1000 | ip=192.168.69.126 | op=SEND_HEARTBEAT {datanodeUUID=5f62d077-1cb0-4aa3-be9b-0f443f88c284, command=[]} | ret=SUCCESS |  
2019-09-03 09:42:19,754 | INFO  | SCMAudit | user=jenkins1000 | ip=192.168.69.126 | op=SEND_HEARTBEAT {datanodeUUID=f1e690fe-d9d6-4f9a-b28d-4fa21d7465dc, command=[]} | ret=SUCCESS |  
2019-09-03 09:42:20,004 | INFO  | SCMAudit | user=jenkins1000 | ip=192.168.69.126 | op=SEND_HEARTBEAT {datanodeUUID=54a7770c-e3e5-4c4a-b2d5-1e155816e439, command=[]} | ret=SUCCESS |  
2019-09-03 09:42:20,004 | INFO  | SCMAudit | user=jenkins1000 | ip=192.168.69.126 | op=SEND_HEARTBEAT {datanodeUUID=30b1b43b-2ac1-4227-ba9d-0d794daadc3a, command=[]} | ret=SUCCESS |  
2019-09-03 09:42:20,044 | INFO  | SCMAudit | user=jenkins1000 | ip=192.168.69.126 | op=SEND_HEARTBEAT {datanodeUUID=dc57de79-aaca-47f1-971f-bd2f7461306f, command=[]} | ret=SUCCESS |  
2019-09-03 09:42:20,051 | INFO  | SCMAudit | user=jenkins1000 | ip=192.168.69.126 | op=SEND_HEARTBEAT {datanodeUUID=a24a5d44-532e-4ff6-8e9a-f2506e5c1784, command=[]} | ret=SUCCESS |  
2019-09-03 09:42:20,141 [grpc-default-executor-4] INFO  client.GrpcClientProtocolClient (GrpcClientProtocolClient.java:onNext(255)) - client-411D9B923220->54a7770c-e3e5-4c4a-b2d5-1e155816e439: receive RaftClientReply:client-411D9B923220->54a7770c-e3e5-4c4a-b2d5-1e155816e439@group-A3ADB0FA2990, cid=48, FAILED org.apache.ratis.protocol.NotLeaderException: Server 54a7770c-e3e5-4c4a-b2d5-1e155816e439 is not the leader (a24a5d44-532e-4ff6-8e9a-f2506e5c1784:192.168.69.126:37019). Request must be sent to leader., logIndex=0, commits[54a7770c-e3e5-4c4a-b2d5-1e155816e439:c8, dc57de79-aaca-47f1-971f-bd2f7461306f:c8, a24a5d44-532e-4ff6-8e9a-f2506e5c1784:c8]
2019-09-03 09:42:20,200 | INFO  | SCMAudit | user=jenkins1000 | ip=192.168.69.126 | op=SEND_HEARTBEAT {datanodeUUID=fbf90420-a45e-48ce-b982-ff6e0a18d7ed, command=[]} | ret=SUCCESS |  
2019-09-03 09:42:20,550 | INFO  | SCMAudit | user=jenkins1000 | ip=192.168.69.126 | op=SEND_HEARTBEAT {datanodeUUID=5f62d077-1cb0-4aa3-be9b-0f443f88c284, command=[]} | ret=SUCCESS |  
2019-09-03 09:42:20,753 | INFO  | SCMAudit | user=jenkins1000 | ip=192.168.69.126 | op=SEND_HEARTBEAT {datanodeUUID=f1e690fe-d9d6-4f9a-b28d-4fa21d7465dc, command=[]} | ret=SUCCESS |  
2019-09-03 09:42:21,005 | INFO  | SCMAudit | user=jenkins1000 | ip=192.168.69.126 | op=SEND_HEARTBEAT {datanodeUUID=30b1b43b-2ac1-4227-ba9d-0d794daadc3a, command=[]} | ret=SUCCESS |  
2019-09-03 09:42:21,005 | INFO  | SCMAudit | user=jenkins1000 | ip=192.168.69.126 | op=SEND_HEARTBEAT {datanodeUUID=54a7770c-e3e5-4c4a-b2d5-1e155816e439, command=[]} | ret=SUCCESS |  
2019-09-03 09:42:21,044 | INFO  | SCMAudit | user=jenkins1000 | ip=192.168.69.126 | op=SEND_HEARTBEAT {datanodeUUID=dc57de79-aaca-47f1-971f-bd2f7461306f, command=[]} | ret=SUCCESS |  
2019-09-03 09:42:21,051 | INFO  | SCMAudit | user=jenkins1000 | ip=192.168.69.126 | op=SEND_HEARTBEAT {datanodeUUID=a24a5d44-532e-4ff6-8e9a-f2506e5c1784, command=[]} | ret=SUCCESS |  
2019-09-03 09:42:21,200 | INFO  | SCMAudit | user=jenkins1000 | ip=192.168.69.126 | op=SEND_HEARTBEAT {datanodeUUID=fbf90420-a45e-48ce-b982-ff6e0a18d7ed, command=[]} | ret=SUCCESS |  
2019-09-03 09:42:21,551 | INFO  | SCMAudit | user=jenkins1000 | ip=192.168.69.126 | op=SEND_HEARTBEAT {datanodeUUID=5f62d077-1cb0-4aa3-be9b-0f443f88c284, command=[]} | ret=SUCCESS |  
2019-09-03 09:42:21,754 | INFO  | SCMAudit | user=jenkins1000 | ip=192.168.69.126 | op=SEND_HEARTBEAT {datanodeUUID=f1e690fe-d9d6-4f9a-b28d-4fa21d7465dc, command=[]} | ret=SUCCESS |  
2019-09-03 09:42:22,004 | INFO  | SCMAudit | user=jenkins1000 | ip=192.168.69.126 | op=SEND_HEARTBEAT {datanodeUUID=30b1b43b-2ac1-4227-ba9d-0d794daadc3a, command=[]} | ret=SUCCESS |  
2019-09-03 09:42:22,004 | INFO  | SCMAudit | user=jenkins1000 | ip=192.168.69.126 | op=SEND_HEARTBEAT {datanodeUUID=54a7770c-e3e5-4c4a-b2d5-1e155816e439, command=[]} | ret=SUCCESS |  
2019-09-03 09:42:22,044 | INFO  | SCMAudit | user=jenkins1000 | ip=192.168.69.126 | op=SEND_HEARTBEAT {datanodeUUID=dc57de79-aaca-47f1-971f-bd2f7461306f, command=[]} | ret=SUCCESS |  
2019-09-03 09:42:22,051 | INFO  | SCMAudit | user=jenkins1000 | ip=192.168.69.126 | op=SEND_HEARTBEAT {datanodeUUID=a24a5d44-532e-4ff6-8e9a-f2506e5c1784, command=[]} | ret=SUCCESS |  
2019-09-03 09:42:22,201 | INFO  | SCMAudit | user=jenkins1000 | ip=192.168.69.126 | op=SEND_HEARTBEAT {datanodeUUID=fbf90420-a45e-48ce-b982-ff6e0a18d7ed, command=[]} | ret=SUCCESS |  
2019-09-03 09:42:22,550 | INFO  | SCMAudit | user=jenkins1000 | ip=192.168.69.126 | op=SEND_HEARTBEAT {datanodeUUID=5f62d077-1cb0-4aa3-be9b-0f443f88c284, command=[]} | ret=SUCCESS |  
2019-09-03 09:42:22,754 | INFO  | SCMAudit | user=jenkins1000 | ip=192.168.69.126 | op=SEND_HEARTBEAT {datanodeUUID=f1e690fe-d9d6-4f9a-b28d-4fa21d7465dc, command=[]} | ret=SUCCESS |  
2019-09-03 09:42:23,004 | INFO  | SCMAudit | user=jenkins1000 | ip=192.168.69.126 | op=SEND_HEARTBEAT {datanodeUUID=54a7770c-e3e5-4c4a-b2d5-1e155816e439, command=[]} | ret=SUCCESS |  
2019-09-03 09:42:23,005 | INFO  | SCMAudit | user=jenkins1000 | ip=192.168.69.126 | op=SEND_HEARTBEAT {datanodeUUID=30b1b43b-2ac1-4227-ba9d-0d794daadc3a, command=[]} | ret=SUCCESS |  
2019-09-03 09:42:23,044 | INFO  | SCMAudit | user=jenkins1000 | ip=192.168.69.126 | op=SEND_HEARTBEAT {datanodeUUID=dc57de79-aaca-47f1-971f-bd2f7461306f, command=[]} | ret=SUCCESS |  
2019-09-03 09:42:23,051 | INFO  | SCMAudit | user=jenkins1000 | ip=192.168.69.126 | op=SEND_HEARTBEAT {datanodeUUID=a24a5d44-532e-4ff6-8e9a-f2506e5c1784, command=[]} | ret=SUCCESS |  
2019-09-03 09:42:23,201 | INFO  | SCMAudit | user=jenkins1000 | ip=192.168.69.126 | op=SEND_HEARTBEAT {datanodeUUID=fbf90420-a45e-48ce-b982-ff6e0a18d7ed, command=[]} | ret=SUCCESS |  
2019-09-03 09:42:23,551 | INFO  | SCMAudit | user=jenkins1000 | ip=192.168.69.126 | op=SEND_HEARTBEAT {datanodeUUID=5f62d077-1cb0-4aa3-be9b-0f443f88c284, command=[]} | ret=SUCCESS |  
2019-09-03 09:42:23,755 | INFO  | SCMAudit | user=jenkins1000 | ip=192.168.69.126 | op=SEND_HEARTBEAT {datanodeUUID=f1e690fe-d9d6-4f9a-b28d-4fa21d7465dc, command=[]} | ret=SUCCESS |  
2019-09-03 09:42:24,004 | INFO  | SCMAudit | user=jenkins1000 | ip=192.168.69.126 | op=SEND_HEARTBEAT {datanodeUUID=30b1b43b-2ac1-4227-ba9d-0d794daadc3a, command=[]} | ret=SUCCESS |  
2019-09-03 09:42:24,005 | INFO  | SCMAudit | user=jenkins1000 | ip=192.168.69.126 | op=SEND_HEARTBEAT {datanodeUUID=54a7770c-e3e5-4c4a-b2d5-1e155816e439, command=[]} | ret=SUCCESS |  
2019-09-03 09:42:24,044 | INFO  | SCMAudit | user=jenkins1000 | ip=192.168.69.126 | op=SEND_HEARTBEAT {datanodeUUID=dc57de79-aaca-47f1-971f-bd2f7461306f, command=[]} | ret=SUCCESS |  
2019-09-03 09:42:24,053 | INFO  | SCMAudit | user=jenkins1000 | ip=192.168.69.126 | op=SEND_HEARTBEAT {datanodeUUID=a24a5d44-532e-4ff6-8e9a-f2506e5c1784, command=[]} | ret=SUCCESS |  
2019-09-03 09:42:24,201 | INFO  | SCMAudit | user=jenkins1000 | ip=192.168.69.126 | op=SEND_HEARTBEAT {datanodeUUID=fbf90420-a45e-48ce-b982-ff6e0a18d7ed, command=[]} | ret=SUCCESS |  
2019-09-03 09:42:24,550 | INFO  | SCMAudit | user=jenkins1000 | ip=192.168.69.126 | op=SEND_HEARTBEAT {datanodeUUID=5f62d077-1cb0-4aa3-be9b-0f443f88c284, command=[]} | ret=SUCCESS |  
2019-09-03 09:42:24,756 | INFO  | SCMAudit | user=jenkins1000 | ip=192.168.69.126 | op=SEND_HEARTBEAT {datanodeUUID=f1e690fe-d9d6-4f9a-b28d-4fa21d7465dc, command=[]} | ret=SUCCESS |  
2019-09-03 09:42:25,004 | INFO  | SCMAudit | user=jenkins1000 | ip=192.168.69.126 | op=SEND_HEARTBEAT {datanodeUUID=30b1b43b-2ac1-4227-ba9d-0d794daadc3a, command=[]} | ret=SUCCESS |  
2019-09-03 09:42:25,005 | INFO  | SCMAudit | user=jenkins1000 | ip=192.168.69.126 | op=SEND_HEARTBEAT {datanodeUUID=54a7770c-e3e5-4c4a-b2d5-1e155816e439, command=[]} | ret=SUCCESS |  
2019-09-03 09:42:25,044 | INFO  | SCMAudit | user=jenkins1000 | ip=192.168.69.126 | op=SEND_HEARTBEAT {datanodeUUID=dc57de79-aaca-47f1-971f-bd2f7461306f, command=[]} | ret=SUCCESS |  
2019-09-03 09:42:25,053 | INFO  | SCMAudit | user=jenkins1000 | ip=192.168.69.126 | op=SEND_HEARTBEAT {datanodeUUID=a24a5d44-532e-4ff6-8e9a-f2506e5c1784, command=[]} | ret=SUCCESS |  
2019-09-03 09:42:25,195 [grpc-default-executor-6] INFO  client.GrpcClientProtocolClient (GrpcClientProtocolClient.java:onNext(255)) - client-411D9B923220->54a7770c-e3e5-4c4a-b2d5-1e155816e439: receive RaftClientReply:client-411D9B923220->54a7770c-e3e5-4c4a-b2d5-1e155816e439@group-A3ADB0FA2990, cid=48, FAILED org.apache.ratis.protocol.NotLeaderException: Server 54a7770c-e3e5-4c4a-b2d5-1e155816e439 is not the leader (a24a5d44-532e-4ff6-8e9a-f2506e5c1784:192.168.69.126:37019). Request must be sent to leader., logIndex=0, commits[54a7770c-e3e5-4c4a-b2d5-1e155816e439:c8, dc57de79-aaca-47f1-971f-bd2f7461306f:c8, a24a5d44-532e-4ff6-8e9a-f2506e5c1784:c8]
2019-09-03 09:42:25,204 | INFO  | SCMAudit | user=jenkins1000 | ip=192.168.69.126 | op=SEND_HEARTBEAT {datanodeUUID=fbf90420-a45e-48ce-b982-ff6e0a18d7ed, command=[]} | ret=SUCCESS |  
2019-09-03 09:42:25,551 | INFO  | SCMAudit | user=jenkins1000 | ip=192.168.69.126 | op=SEND_HEARTBEAT {datanodeUUID=5f62d077-1cb0-4aa3-be9b-0f443f88c284, command=[]} | ret=SUCCESS |  
2019-09-03 09:42:25,755 | INFO  | SCMAudit | user=jenkins1000 | ip=192.168.69.126 | op=SEND_HEARTBEAT {datanodeUUID=f1e690fe-d9d6-4f9a-b28d-4fa21d7465dc, command=[]} | ret=SUCCESS |  
2019-09-03 09:42:26,004 | INFO  | SCMAudit | user=jenkins1000 | ip=192.168.69.126 | op=SEND_HEARTBEAT {datanodeUUID=30b1b43b-2ac1-4227-ba9d-0d794daadc3a, command=[]} | ret=SUCCESS |  
2019-09-03 09:42:26,005 | INFO  | SCMAudit | user=jenkins1000 | ip=192.168.69.126 | op=SEND_HEARTBEAT {datanodeUUID=54a7770c-e3e5-4c4a-b2d5-1e155816e439, command=[]} | ret=SUCCESS |  
2019-09-03 09:42:26,044 | INFO  | SCMAudit | user=jenkins1000 | ip=192.168.69.126 | op=SEND_HEARTBEAT {datanodeUUID=dc57de79-aaca-47f1-971f-bd2f7461306f, command=[]} | ret=SUCCESS |  
2019-09-03 09:42:26,053 | INFO  | SCMAudit | user=jenkins1000 | ip=192.168.69.126 | op=SEND_HEARTBEAT {datanodeUUID=a24a5d44-532e-4ff6-8e9a-f2506e5c1784, command=[]} | ret=SUCCESS |  
2019-09-03 09:42:26,202 | INFO  | SCMAudit | user=jenkins1000 | ip=192.168.69.126 | op=SEND_HEARTBEAT {datanodeUUID=fbf90420-a45e-48ce-b982-ff6e0a18d7ed, command=[]} | ret=SUCCESS |  
2019-09-03 09:42:26,551 | INFO  | SCMAudit | user=jenkins1000 | ip=192.168.69.126 | op=SEND_HEARTBEAT {datanodeUUID=5f62d077-1cb0-4aa3-be9b-0f443f88c284, command=[]} | ret=SUCCESS |  
2019-09-03 09:42:26,756 | INFO  | SCMAudit | user=jenkins1000 | ip=192.168.69.126 | op=SEND_HEARTBEAT {datanodeUUID=f1e690fe-d9d6-4f9a-b28d-4fa21d7465dc, command=[]} | ret=SUCCESS |  
2019-09-03 09:42:27,005 | INFO  | SCMAudit | user=jenkins1000 | ip=192.168.69.126 | op=SEND_HEARTBEAT {datanodeUUID=30b1b43b-2ac1-4227-ba9d-0d794daadc3a, command=[]} | ret=SUCCESS |  
2019-09-03 09:42:27,005 | INFO  | SCMAudit | user=jenkins1000 | ip=192.168.69.126 | op=SEND_HEARTBEAT {datanodeUUID=54a7770c-e3e5-4c4a-b2d5-1e155816e439, command=[]} | ret=SUCCESS |  
2019-09-03 09:42:27,045 | INFO  | SCMAudit | user=jenkins1000 | ip=192.168.69.126 | op=SEND_HEARTBEAT {datanodeUUID=dc57de79-aaca-47f1-971f-bd2f7461306f, command=[]} | ret=SUCCESS |  
2019-09-03 09:42:27,053 | INFO  | SCMAudit | user=jenkins1000 | ip=192.168.69.126 | op=SEND_HEARTBEAT {datanodeUUID=a24a5d44-532e-4ff6-8e9a-f2506e5c1784, command=[]} | ret=SUCCESS |  
2019-09-03 09:42:27,202 | INFO  | SCMAudit | user=jenkins1000 | ip=192.168.69.126 | op=SEND_HEARTBEAT {datanodeUUID=fbf90420-a45e-48ce-b982-ff6e0a18d7ed, command=[]} | ret=SUCCESS |  
2019-09-03 09:42:27,552 | INFO  | SCMAudit | user=jenkins1000 | ip=192.168.69.126 | op=SEND_HEARTBEAT {datanodeUUID=5f62d077-1cb0-4aa3-be9b-0f443f88c284, command=[]} | ret=SUCCESS |  
2019-09-03 09:42:27,755 | INFO  | SCMAudit | user=jenkins1000 | ip=192.168.69.126 | op=SEND_HEARTBEAT {datanodeUUID=f1e690fe-d9d6-4f9a-b28d-4fa21d7465dc, command=[]} | ret=SUCCESS |  
2019-09-03 09:42:28,004 | INFO  | SCMAudit | user=jenkins1000 | ip=192.168.69.126 | op=SEND_HEARTBEAT {datanodeUUID=30b1b43b-2ac1-4227-ba9d-0d794daadc3a, command=[]} | ret=SUCCESS |  
2019-09-03 09:42:28,005 | INFO  | SCMAudit | user=jenkins1000 | ip=192.168.69.126 | op=SEND_HEARTBEAT {datanodeUUID=54a7770c-e3e5-4c4a-b2d5-1e155816e439, command=[]} | ret=SUCCESS |  
2019-09-03 09:42:28,045 | INFO  | SCMAudit | user=jenkins1000 | ip=192.168.69.126 | op=SEND_HEARTBEAT {datanodeUUID=dc57de79-aaca-47f1-971f-bd2f7461306f, command=[]} | ret=SUCCESS |  
2019-09-03 09:42:28,053 | INFO  | SCMAudit | user=jenkins1000 | ip=192.168.69.126 | op=SEND_HEARTBEAT {datanodeUUID=a24a5d44-532e-4ff6-8e9a-f2506e5c1784, command=[]} | ret=SUCCESS |  
2019-09-03 09:42:28,203 | INFO  | SCMAudit | user=jenkins1000 | ip=192.168.69.126 | op=SEND_HEARTBEAT {datanodeUUID=fbf90420-a45e-48ce-b982-ff6e0a18d7ed, command=[]} | ret=SUCCESS |  
2019-09-03 09:42:28,552 | INFO  | SCMAudit | user=jenkins1000 | ip=192.168.69.126 | op=SEND_HEARTBEAT {datanodeUUID=5f62d077-1cb0-4aa3-be9b-0f443f88c284, command=[]} | ret=SUCCESS |  
2019-09-03 09:42:28,756 | INFO  | SCMAudit | user=jenkins1000 | ip=192.168.69.126 | op=SEND_HEARTBEAT {datanodeUUID=f1e690fe-d9d6-4f9a-b28d-4fa21d7465dc, command=[]} | ret=SUCCESS |  
2019-09-03 09:42:29,005 | INFO  | SCMAudit | user=jenkins1000 | ip=192.168.69.126 | op=SEND_HEARTBEAT {datanodeUUID=30b1b43b-2ac1-4227-ba9d-0d794daadc3a, command=[]} | ret=SUCCESS |  
2019-09-03 09:42:29,005 | INFO  | SCMAudit | user=jenkins1000 | ip=192.168.69.126 | op=SEND_HEARTBEAT {datanodeUUID=54a7770c-e3e5-4c4a-b2d5-1e155816e439, command=[]} | ret=SUCCESS |  
2019-09-03 09:42:29,045 | INFO  | SCMAudit | user=jenkins1000 | ip=192.168.69.126 | op=SEND_HEARTBEAT {datanodeUUID=dc57de79-aaca-47f1-971f-bd2f7461306f, command=[]} | ret=SUCCESS |  
2019-09-03 09:42:29,053 | INFO  | SCMAudit | user=jenkins1000 | ip=192.168.69.126 | op=SEND_HEARTBEAT {datanodeUUID=a24a5d44-532e-4ff6-8e9a-f2506e5c1784, command=[]} | ret=SUCCESS |  
2019-09-03 09:42:29,203 | INFO  | SCMAudit | user=jenkins1000 | ip=192.168.69.126 | op=SEND_HEARTBEAT {datanodeUUID=fbf90420-a45e-48ce-b982-ff6e0a18d7ed, command=[]} | ret=SUCCESS |  
2019-09-03 09:42:29,553 | INFO  | SCMAudit | user=jenkins1000 | ip=192.168.69.126 | op=SEND_HEARTBEAT {datanodeUUID=5f62d077-1cb0-4aa3-be9b-0f443f88c284, command=[]} | ret=SUCCESS |  
2019-09-03 09:42:29,756 | INFO  | SCMAudit | user=jenkins1000 | ip=192.168.69.126 | op=SEND_HEARTBEAT {datanodeUUID=f1e690fe-d9d6-4f9a-b28d-4fa21d7465dc, command=[]} | ret=SUCCESS |  
2019-09-03 09:42:30,004 | INFO  | SCMAudit | user=jenkins1000 | ip=192.168.69.126 | op=SEND_HEARTBEAT {datanodeUUID=30b1b43b-2ac1-4227-ba9d-0d794daadc3a, command=[]} | ret=SUCCESS |  
2019-09-03 09:42:30,005 | INFO  | SCMAudit | user=jenkins1000 | ip=192.168.69.126 | op=SEND_HEARTBEAT {datanodeUUID=54a7770c-e3e5-4c4a-b2d5-1e155816e439, command=[]} | ret=SUCCESS |  
2019-09-03 09:42:30,046 | INFO  | SCMAudit | user=jenkins1000 | ip=192.168.69.126 | op=SEND_HEARTBEAT {datanodeUUID=dc57de79-aaca-47f1-971f-bd2f7461306f, command=[]} | ret=SUCCESS |  
2019-09-03 09:42:30,053 | INFO  | SCMAudit | user=jenkins1000 | ip=192.168.69.126 | op=SEND_HEARTBEAT {datanodeUUID=a24a5d44-532e-4ff6-8e9a-f2506e5c1784, command=[]} | ret=SUCCESS |  
2019-09-03 09:42:30,203 | INFO  | SCMAudit | user=jenkins1000 | ip=192.168.69.126 | op=SEND_HEARTBEAT {datanodeUUID=fbf90420-a45e-48ce-b982-ff6e0a18d7ed, command=[]} | ret=SUCCESS |  
2019-09-03 09:42:30,233 [grpc-default-executor-6] INFO  client.GrpcClientProtocolClient (GrpcClientProtocolClient.java:onNext(255)) - client-411D9B923220->dc57de79-aaca-47f1-971f-bd2f7461306f: receive RaftClientReply:client-411D9B923220->dc57de79-aaca-47f1-971f-bd2f7461306f@group-A3ADB0FA2990, cid=48, FAILED org.apache.ratis.protocol.NotLeaderException: Server dc57de79-aaca-47f1-971f-bd2f7461306f is not the leader (a24a5d44-532e-4ff6-8e9a-f2506e5c1784:192.168.69.126:37019). Request must be sent to leader., logIndex=0, commits[dc57de79-aaca-47f1-971f-bd2f7461306f:c8, 54a7770c-e3e5-4c4a-b2d5-1e155816e439:c8, a24a5d44-532e-4ff6-8e9a-f2506e5c1784:c8]
2019-09-03 09:42:30,553 | INFO  | SCMAudit | user=jenkins1000 | ip=192.168.69.126 | op=SEND_HEARTBEAT {datanodeUUID=5f62d077-1cb0-4aa3-be9b-0f443f88c284, command=[]} | ret=SUCCESS |  
2019-09-03 09:42:30,757 | INFO  | SCMAudit | user=jenkins1000 | ip=192.168.69.126 | op=SEND_HEARTBEAT {datanodeUUID=f1e690fe-d9d6-4f9a-b28d-4fa21d7465dc, command=[]} | ret=SUCCESS |  
2019-09-03 09:42:31,004 | INFO  | SCMAudit | user=jenkins1000 | ip=192.168.69.126 | op=SEND_HEARTBEAT {datanodeUUID=30b1b43b-2ac1-4227-ba9d-0d794daadc3a, command=[]} | ret=SUCCESS |  
2019-09-03 09:42:31,005 | INFO  | SCMAudit | user=jenkins1000 | ip=192.168.69.126 | op=SEND_HEARTBEAT {datanodeUUID=54a7770c-e3e5-4c4a-b2d5-1e155816e439, command=[]} | ret=SUCCESS |  
2019-09-03 09:42:31,045 | INFO  | SCMAudit | user=jenkins1000 | ip=192.168.69.126 | op=SEND_HEARTBEAT {datanodeUUID=dc57de79-aaca-47f1-971f-bd2f7461306f, command=[]} | ret=SUCCESS |  
2019-09-03 09:42:31,053 | INFO  | SCMAudit | user=jenkins1000 | ip=192.168.69.126 | op=SEND_HEARTBEAT {datanodeUUID=a24a5d44-532e-4ff6-8e9a-f2506e5c1784, command=[]} | ret=SUCCESS |  
2019-09-03 09:42:31,204 | INFO  | SCMAudit | user=jenkins1000 | ip=192.168.69.126 | op=SEND_HEARTBEAT {datanodeUUID=fbf90420-a45e-48ce-b982-ff6e0a18d7ed, command=[]} | ret=SUCCESS |  
2019-09-03 09:42:31,552 | INFO  | SCMAudit | user=jenkins1000 | ip=192.168.69.126 | op=SEND_HEARTBEAT {datanodeUUID=5f62d077-1cb0-4aa3-be9b-0f443f88c284, command=[]} | ret=SUCCESS |  
2019-09-03 09:42:31,757 | INFO  | SCMAudit | user=jenkins1000 | ip=192.168.69.126 | op=SEND_HEARTBEAT {datanodeUUID=f1e690fe-d9d6-4f9a-b28d-4fa21d7465dc, command=[]} | ret=SUCCESS |  
2019-09-03 09:42:32,005 | INFO  | SCMAudit | user=jenkins1000 | ip=192.168.69.126 | op=SEND_HEARTBEAT {datanodeUUID=30b1b43b-2ac1-4227-ba9d-0d794daadc3a, command=[]} | ret=SUCCESS |  
2019-09-03 09:42:32,005 | INFO  | SCMAudit | user=jenkins1000 | ip=192.168.69.126 | op=SEND_HEARTBEAT {datanodeUUID=54a7770c-e3e5-4c4a-b2d5-1e155816e439, command=[]} | ret=SUCCESS |  
2019-09-03 09:42:32,045 | INFO  | SCMAudit | user=jenkins1000 | ip=192.168.69.126 | op=SEND_HEARTBEAT {datanodeUUID=dc57de79-aaca-47f1-971f-bd2f7461306f, command=[]} | ret=SUCCESS |  
2019-09-03 09:42:32,053 | INFO  | SCMAudit | user=jenkins1000 | ip=192.168.69.126 | op=SEND_HEARTBEAT {datanodeUUID=a24a5d44-532e-4ff6-8e9a-f2506e5c1784, command=[]} | ret=SUCCESS |  
2019-09-03 09:42:32,203 | INFO  | SCMAudit | user=jenkins1000 | ip=192.168.69.126 | op=SEND_HEARTBEAT {datanodeUUID=fbf90420-a45e-48ce-b982-ff6e0a18d7ed, command=[]} | ret=SUCCESS |  
2019-09-03 09:42:32,553 | INFO  | SCMAudit | user=jenkins1000 | ip=192.168.69.126 | op=SEND_HEARTBEAT {datanodeUUID=5f62d077-1cb0-4aa3-be9b-0f443f88c284, command=[]} | ret=SUCCESS |  
2019-09-03 09:42:32,758 | INFO  | SCMAudit | user=jenkins1000 | ip=192.168.69.126 | op=SEND_HEARTBEAT {datanodeUUID=f1e690fe-d9d6-4f9a-b28d-4fa21d7465dc, command=[]} | ret=SUCCESS |  
2019-09-03 09:42:33,005 | INFO  | SCMAudit | user=jenkins1000 | ip=192.168.69.126 | op=SEND_HEARTBEAT {datanodeUUID=30b1b43b-2ac1-4227-ba9d-0d794daadc3a, command=[]} | ret=SUCCESS |  
2019-09-03 09:42:33,006 | INFO  | SCMAudit | user=jenkins1000 | ip=192.168.69.126 | op=SEND_HEARTBEAT {datanodeUUID=54a7770c-e3e5-4c4a-b2d5-1e155816e439, command=[]} | ret=SUCCESS |  
2019-09-03 09:42:33,045 | INFO  | SCMAudit | user=jenkins1000 | ip=192.168.69.126 | op=SEND_HEARTBEAT {datanodeUUID=dc57de79-aaca-47f1-971f-bd2f7461306f, command=[]} | ret=SUCCESS |  
2019-09-03 09:42:33,054 | INFO  | SCMAudit | user=jenkins1000 | ip=192.168.69.126 | op=SEND_HEARTBEAT {datanodeUUID=a24a5d44-532e-4ff6-8e9a-f2506e5c1784, command=[]} | ret=SUCCESS |  
2019-09-03 09:42:33,204 | INFO  | SCMAudit | user=jenkins1000 | ip=192.168.69.126 | op=SEND_HEARTBEAT {datanodeUUID=fbf90420-a45e-48ce-b982-ff6e0a18d7ed, command=[]} | ret=SUCCESS |  
2019-09-03 09:42:33,552 | INFO  | SCMAudit | user=jenkins1000 | ip=192.168.69.126 | op=SEND_HEARTBEAT {datanodeUUID=5f62d077-1cb0-4aa3-be9b-0f443f88c284, command=[]} | ret=SUCCESS |  
2019-09-03 09:42:33,758 | INFO  | SCMAudit | user=jenkins1000 | ip=192.168.69.126 | op=SEND_HEARTBEAT {datanodeUUID=f1e690fe-d9d6-4f9a-b28d-4fa21d7465dc, command=[]} | ret=SUCCESS |  
2019-09-03 09:42:34,004 | INFO  | SCMAudit | user=jenkins1000 | ip=192.168.69.126 | op=SEND_HEARTBEAT {datanodeUUID=30b1b43b-2ac1-4227-ba9d-0d794daadc3a, command=[]} | ret=SUCCESS |  
2019-09-03 09:42:34,006 | INFO  | SCMAudit | user=jenkins1000 | ip=192.168.69.126 | op=SEND_HEARTBEAT {datanodeUUID=54a7770c-e3e5-4c4a-b2d5-1e155816e439, command=[]} | ret=SUCCESS |  
2019-09-03 09:42:34,046 | INFO  | SCMAudit | user=jenkins1000 | ip=192.168.69.126 | op=SEND_HEARTBEAT {datanodeUUID=dc57de79-aaca-47f1-971f-bd2f7461306f, command=[]} | ret=SUCCESS |  
2019-09-03 09:42:34,054 | INFO  | SCMAudit | user=jenkins1000 | ip=192.168.69.126 | op=SEND_HEARTBEAT {datanodeUUID=a24a5d44-532e-4ff6-8e9a-f2506e5c1784, command=[]} | ret=SUCCESS |  
2019-09-03 09:42:34,203 | INFO  | SCMAudit | user=jenkins1000 | ip=192.168.69.126 | op=SEND_HEARTBEAT {datanodeUUID=fbf90420-a45e-48ce-b982-ff6e0a18d7ed, command=[]} | ret=SUCCESS |  
2019-09-03 09:42:34,553 | INFO  | SCMAudit | user=jenkins1000 | ip=192.168.69.126 | op=SEND_HEARTBEAT {datanodeUUID=5f62d077-1cb0-4aa3-be9b-0f443f88c284, command=[]} | ret=SUCCESS |  
2019-09-03 09:42:34,757 | INFO  | SCMAudit | user=jenkins1000 | ip=192.168.69.126 | op=SEND_HEARTBEAT {datanodeUUID=f1e690fe-d9d6-4f9a-b28d-4fa21d7465dc, command=[]} | ret=SUCCESS |  
2019-09-03 09:42:35,005 | INFO  | SCMAudit | user=jenkins1000 | ip=192.168.69.126 | op=SEND_HEARTBEAT {datanodeUUID=30b1b43b-2ac1-4227-ba9d-0d794daadc3a, command=[]} | ret=SUCCESS |  
2019-09-03 09:42:35,006 | INFO  | SCMAudit | user=jenkins1000 | ip=192.168.69.126 | op=SEND_HEARTBEAT {datanodeUUID=54a7770c-e3e5-4c4a-b2d5-1e155816e439, command=[]} | ret=SUCCESS |  
2019-09-03 09:42:35,046 | INFO  | SCMAudit | user=jenkins1000 | ip=192.168.69.126 | op=SEND_HEARTBEAT {datanodeUUID=dc57de79-aaca-47f1-971f-bd2f7461306f, command=[]} | ret=SUCCESS |  
2019-09-03 09:42:35,054 | INFO  | SCMAudit | user=jenkins1000 | ip=192.168.69.126 | op=SEND_HEARTBEAT {datanodeUUID=a24a5d44-532e-4ff6-8e9a-f2506e5c1784, command=[]} | ret=SUCCESS |  
2019-09-03 09:42:35,203 | INFO  | SCMAudit | user=jenkins1000 | ip=192.168.69.126 | op=SEND_HEARTBEAT {datanodeUUID=fbf90420-a45e-48ce-b982-ff6e0a18d7ed, command=[]} | ret=SUCCESS |  
2019-09-03 09:42:35,281 [grpc-default-executor-3] INFO  client.GrpcClientProtocolClient (GrpcClientProtocolClient.java:onNext(255)) - client-411D9B923220->54a7770c-e3e5-4c4a-b2d5-1e155816e439: receive RaftClientReply:client-411D9B923220->54a7770c-e3e5-4c4a-b2d5-1e155816e439@group-A3ADB0FA2990, cid=48, FAILED org.apache.ratis.protocol.NotLeaderException: Server 54a7770c-e3e5-4c4a-b2d5-1e155816e439 is not the leader (a24a5d44-532e-4ff6-8e9a-f2506e5c1784:192.168.69.126:37019). Request must be sent to leader., logIndex=0, commits[54a7770c-e3e5-4c4a-b2d5-1e155816e439:c8, dc57de79-aaca-47f1-971f-bd2f7461306f:c8, a24a5d44-532e-4ff6-8e9a-f2506e5c1784:c8]
2019-09-03 09:42:35,553 | INFO  | SCMAudit | user=jenkins1000 | ip=192.168.69.126 | op=SEND_HEARTBEAT {datanodeUUID=5f62d077-1cb0-4aa3-be9b-0f443f88c284, command=[]} | ret=SUCCESS |  
2019-09-03 09:42:35,758 | INFO  | SCMAudit | user=jenkins1000 | ip=192.168.69.126 | op=SEND_HEARTBEAT {datanodeUUID=f1e690fe-d9d6-4f9a-b28d-4fa21d7465dc, command=[]} | ret=SUCCESS |  
2019-09-03 09:42:36,004 | INFO  | SCMAudit | user=jenkins1000 | ip=192.168.69.126 | op=SEND_HEARTBEAT {datanodeUUID=30b1b43b-2ac1-4227-ba9d-0d794daadc3a, command=[]} | ret=SUCCESS |  
2019-09-03 09:42:36,007 | INFO  | SCMAudit | user=jenkins1000 | ip=192.168.69.126 | op=SEND_HEARTBEAT {datanodeUUID=54a7770c-e3e5-4c4a-b2d5-1e155816e439, command=[]} | ret=SUCCESS |  
2019-09-03 09:42:36,046 | INFO  | SCMAudit | user=jenkins1000 | ip=192.168.69.126 | op=SEND_HEARTBEAT {datanodeUUID=dc57de79-aaca-47f1-971f-bd2f7461306f, command=[]} | ret=SUCCESS |  
2019-09-03 09:42:36,055 | INFO  | SCMAudit | user=jenkins1000 | ip=192.168.69.126 | op=SEND_HEARTBEAT {datanodeUUID=a24a5d44-532e-4ff6-8e9a-f2506e5c1784, command=[]} | ret=SUCCESS |  
2019-09-03 09:42:36,204 | INFO  | SCMAudit | user=jenkins1000 | ip=192.168.69.126 | op=SEND_HEARTBEAT {datanodeUUID=fbf90420-a45e-48ce-b982-ff6e0a18d7ed, command=[]} | ret=SUCCESS |  
2019-09-03 09:42:36,554 | INFO  | SCMAudit | user=jenkins1000 | ip=192.168.69.126 | op=SEND_HEARTBEAT {datanodeUUID=5f62d077-1cb0-4aa3-be9b-0f443f88c284, command=[]} | ret=SUCCESS |  
2019-09-03 09:42:36,757 | INFO  | SCMAudit | user=jenkins1000 | ip=192.168.69.126 | op=SEND_HEARTBEAT {datanodeUUID=f1e690fe-d9d6-4f9a-b28d-4fa21d7465dc, command=[]} | ret=SUCCESS |  
2019-09-03 09:42:37,005 | INFO  | SCMAudit | user=jenkins1000 | ip=192.168.69.126 | op=SEND_HEARTBEAT {datanodeUUID=30b1b43b-2ac1-4227-ba9d-0d794daadc3a, command=[]} | ret=SUCCESS |  
2019-09-03 09:42:37,006 | INFO  | SCMAudit | user=jenkins1000 | ip=192.168.69.126 | op=SEND_HEARTBEAT {datanodeUUID=54a7770c-e3e5-4c4a-b2d5-1e155816e439, command=[]} | ret=SUCCESS |  
2019-09-03 09:42:37,046 | INFO  | SCMAudit | user=jenkins1000 | ip=192.168.69.126 | op=SEND_HEARTBEAT {datanodeUUID=dc57de79-aaca-47f1-971f-bd2f7461306f, command=[]} | ret=SUCCESS |  
2019-09-03 09:42:37,054 | INFO  | SCMAudit | user=jenkins1000 | ip=192.168.69.126 | op=SEND_HEARTBEAT {datanodeUUID=a24a5d44-532e-4ff6-8e9a-f2506e5c1784, command=[]} | ret=SUCCESS |  
2019-09-03 09:42:37,205 | INFO  | SCMAudit | user=jenkins1000 | ip=192.168.69.126 | op=SEND_HEARTBEAT {datanodeUUID=fbf90420-a45e-48ce-b982-ff6e0a18d7ed, command=[]} | ret=SUCCESS |  
2019-09-03 09:42:37,554 | INFO  | SCMAudit | user=jenkins1000 | ip=192.168.69.126 | op=SEND_HEARTBEAT {datanodeUUID=5f62d077-1cb0-4aa3-be9b-0f443f88c284, command=[]} | ret=SUCCESS |  
2019-09-03 09:42:37,758 | INFO  | SCMAudit | user=jenkins1000 | ip=192.168.69.126 | op=SEND_HEARTBEAT {datanodeUUID=f1e690fe-d9d6-4f9a-b28d-4fa21d7465dc, command=[]} | ret=SUCCESS |  
2019-09-03 09:42:38,004 | INFO  | SCMAudit | user=jenkins1000 | ip=192.168.69.126 | op=SEND_HEARTBEAT {datanodeUUID=30b1b43b-2ac1-4227-ba9d-0d794daadc3a, command=[]} | ret=SUCCESS |  
2019-09-03 09:42:38,006 | INFO  | SCMAudit | user=jenkins1000 | ip=192.168.69.126 | op=SEND_HEARTBEAT {datanodeUUID=54a7770c-e3e5-4c4a-b2d5-1e155816e439, command=[]} | ret=SUCCESS |  
2019-09-03 09:42:38,047 | INFO  | SCMAudit | user=jenkins1000 | ip=192.168.69.126 | op=SEND_HEARTBEAT {datanodeUUID=dc57de79-aaca-47f1-971f-bd2f7461306f, command=[]} | ret=SUCCESS |  
2019-09-03 09:42:38,054 | INFO  | SCMAudit | user=jenkins1000 | ip=192.168.69.126 | op=SEND_HEARTBEAT {datanodeUUID=a24a5d44-532e-4ff6-8e9a-f2506e5c1784, command=[]} | ret=SUCCESS |  
2019-09-03 09:42:38,204 | INFO  | SCMAudit | user=jenkins1000 | ip=192.168.69.126 | op=SEND_HEARTBEAT {datanodeUUID=fbf90420-a45e-48ce-b982-ff6e0a18d7ed, command=[]} | ret=SUCCESS |  
2019-09-03 09:42:38,554 | INFO  | SCMAudit | user=jenkins1000 | ip=192.168.69.126 | op=SEND_HEARTBEAT {datanodeUUID=5f62d077-1cb0-4aa3-be9b-0f443f88c284, command=[]} | ret=SUCCESS |  
2019-09-03 09:42:38,757 | INFO  | SCMAudit | user=jenkins1000 | ip=192.168.69.126 | op=SEND_HEARTBEAT {datanodeUUID=f1e690fe-d9d6-4f9a-b28d-4fa21d7465dc, command=[]} | ret=SUCCESS |  
2019-09-03 09:42:39,005 | INFO  | SCMAudit | user=jenkins1000 | ip=192.168.69.126 | op=SEND_HEARTBEAT {datanodeUUID=30b1b43b-2ac1-4227-ba9d-0d794daadc3a, command=[]} | ret=SUCCESS |  
2019-09-03 09:42:39,006 | INFO  | SCMAudit | user=jenkins1000 | ip=192.168.69.126 | op=SEND_HEARTBEAT {datanodeUUID=54a7770c-e3e5-4c4a-b2d5-1e155816e439, command=[]} | ret=SUCCESS |  
2019-09-03 09:42:39,047 | INFO  | SCMAudit | user=jenkins1000 | ip=192.168.69.126 | op=SEND_HEARTBEAT {datanodeUUID=dc57de79-aaca-47f1-971f-bd2f7461306f, command=[]} | ret=SUCCESS |  
2019-09-03 09:42:39,054 | INFO  | SCMAudit | user=jenkins1000 | ip=192.168.69.126 | op=SEND_HEARTBEAT {datanodeUUID=a24a5d44-532e-4ff6-8e9a-f2506e5c1784, command=[]} | ret=SUCCESS |  
2019-09-03 09:42:39,205 | INFO  | SCMAudit | user=jenkins1000 | ip=192.168.69.126 | op=SEND_HEARTBEAT {datanodeUUID=fbf90420-a45e-48ce-b982-ff6e0a18d7ed, command=[]} | ret=SUCCESS |  
2019-09-03 09:42:39,555 | INFO  | SCMAudit | user=jenkins1000 | ip=192.168.69.126 | op=SEND_HEARTBEAT {datanodeUUID=5f62d077-1cb0-4aa3-be9b-0f443f88c284, command=[]} | ret=SUCCESS |  
2019-09-03 09:42:39,758 | INFO  | SCMAudit | user=jenkins1000 | ip=192.168.69.126 | op=SEND_HEARTBEAT {datanodeUUID=f1e690fe-d9d6-4f9a-b28d-4fa21d7465dc, command=[]} | ret=SUCCESS |  
2019-09-03 09:42:40,004 | INFO  | SCMAudit | user=jenkins1000 | ip=192.168.69.126 | op=SEND_HEARTBEAT {datanodeUUID=30b1b43b-2ac1-4227-ba9d-0d794daadc3a, command=[]} | ret=SUCCESS |  
2019-09-03 09:42:40,007 | INFO  | SCMAudit | user=jenkins1000 | ip=192.168.69.126 | op=SEND_HEARTBEAT {datanodeUUID=54a7770c-e3e5-4c4a-b2d5-1e155816e439, command=[]} | ret=SUCCESS |  
2019-09-03 09:42:40,047 | INFO  | SCMAudit | user=jenkins1000 | ip=192.168.69.126 | op=SEND_HEARTBEAT {datanodeUUID=dc57de79-aaca-47f1-971f-bd2f7461306f, command=[]} | ret=SUCCESS |  
2019-09-03 09:42:40,054 | INFO  | SCMAudit | user=jenkins1000 | ip=192.168.69.126 | op=SEND_HEARTBEAT {datanodeUUID=a24a5d44-532e-4ff6-8e9a-f2506e5c1784, command=[]} | ret=SUCCESS |  
2019-09-03 09:42:40,204 | INFO  | SCMAudit | user=jenkins1000 | ip=192.168.69.126 | op=SEND_HEARTBEAT {datanodeUUID=fbf90420-a45e-48ce-b982-ff6e0a18d7ed, command=[]} | ret=SUCCESS |  
2019-09-03 09:42:40,324 [grpc-default-executor-3] INFO  client.GrpcClientProtocolClient (GrpcClientProtocolClient.java:onNext(255)) - client-411D9B923220->dc57de79-aaca-47f1-971f-bd2f7461306f: receive RaftClientReply:client-411D9B923220->dc57de79-aaca-47f1-971f-bd2f7461306f@group-A3ADB0FA2990, cid=48, FAILED org.apache.ratis.protocol.NotLeaderException: Server dc57de79-aaca-47f1-971f-bd2f7461306f is not the leader (a24a5d44-532e-4ff6-8e9a-f2506e5c1784:192.168.69.126:37019). Request must be sent to leader., logIndex=0, commits[dc57de79-aaca-47f1-971f-bd2f7461306f:c8, 54a7770c-e3e5-4c4a-b2d5-1e155816e439:c8, a24a5d44-532e-4ff6-8e9a-f2506e5c1784:c8]
2019-09-03 09:42:40,554 | INFO  | SCMAudit | user=jenkins1000 | ip=192.168.69.126 | op=SEND_HEARTBEAT {datanodeUUID=5f62d077-1cb0-4aa3-be9b-0f443f88c284, command=[]} | ret=SUCCESS |  
2019-09-03 09:42:40,757 | INFO  | SCMAudit | user=jenkins1000 | ip=192.168.69.126 | op=SEND_HEARTBEAT {datanodeUUID=f1e690fe-d9d6-4f9a-b28d-4fa21d7465dc, command=[]} | ret=SUCCESS |  
2019-09-03 09:42:41,005 | INFO  | SCMAudit | user=jenkins1000 | ip=192.168.69.126 | op=SEND_HEARTBEAT {datanodeUUID=30b1b43b-2ac1-4227-ba9d-0d794daadc3a, command=[]} | ret=SUCCESS |  
2019-09-03 09:42:41,006 | INFO  | SCMAudit | user=jenkins1000 | ip=192.168.69.126 | op=SEND_HEARTBEAT {datanodeUUID=54a7770c-e3e5-4c4a-b2d5-1e155816e439, command=[]} | ret=SUCCESS |  
2019-09-03 09:42:41,048 | INFO  | SCMAudit | user=jenkins1000 | ip=192.168.69.126 | op=SEND_HEARTBEAT {datanodeUUID=dc57de79-aaca-47f1-971f-bd2f7461306f, command=[]} | ret=SUCCESS |  
2019-09-03 09:42:41,054 | INFO  | SCMAudit | user=jenkins1000 | ip=192.168.69.126 | op=SEND_HEARTBEAT {datanodeUUID=a24a5d44-532e-4ff6-8e9a-f2506e5c1784, command=[]} | ret=SUCCESS |  
2019-09-03 09:42:41,204 | INFO  | SCMAudit | user=jenkins1000 | ip=192.168.69.126 | op=SEND_HEARTBEAT {datanodeUUID=fbf90420-a45e-48ce-b982-ff6e0a18d7ed, command=[]} | ret=SUCCESS |  
2019-09-03 09:42:41,555 | INFO  | SCMAudit | user=jenkins1000 | ip=192.168.69.126 | op=SEND_HEARTBEAT {datanodeUUID=5f62d077-1cb0-4aa3-be9b-0f443f88c284, command=[]} | ret=SUCCESS |  
2019-09-03 09:42:41,758 | INFO  | SCMAudit | user=jenkins1000 | ip=192.168.69.126 | op=SEND_HEARTBEAT {datanodeUUID=f1e690fe-d9d6-4f9a-b28d-4fa21d7465dc, command=[]} | ret=SUCCESS |  
2019-09-03 09:42:42,004 | INFO  | SCMAudit | user=jenkins1000 | ip=192.168.69.126 | op=SEND_HEARTBEAT {datanodeUUID=30b1b43b-2ac1-4227-ba9d-0d794daadc3a, command=[]} | ret=SUCCESS |  
2019-09-03 09:42:42,006 | INFO  | SCMAudit | user=jenkins1000 | ip=192.168.69.126 | op=SEND_HEARTBEAT {datanodeUUID=54a7770c-e3e5-4c4a-b2d5-1e155816e439, command=[]} | ret=SUCCESS |  
2019-09-03 09:42:42,048 | INFO  | SCMAudit | user=jenkins1000 | ip=192.168.69.126 | op=SEND_HEARTBEAT {datanodeUUID=dc57de79-aaca-47f1-971f-bd2f7461306f, command=[]} | ret=SUCCESS |  
2019-09-03 09:42:42,054 | INFO  | SCMAudit | user=jenkins1000 | ip=192.168.69.126 | op=SEND_HEARTBEAT {datanodeUUID=a24a5d44-532e-4ff6-8e9a-f2506e5c1784, command=[]} | ret=SUCCESS |  
2019-09-03 09:42:42,205 | INFO  | SCMAudit | user=jenkins1000 | ip=192.168.69.126 | op=SEND_HEARTBEAT {datanodeUUID=fbf90420-a45e-48ce-b982-ff6e0a18d7ed, command=[]} | ret=SUCCESS |  
2019-09-03 09:42:42,554 | INFO  | SCMAudit | user=jenkins1000 | ip=192.168.69.126 | op=SEND_HEARTBEAT {datanodeUUID=5f62d077-1cb0-4aa3-be9b-0f443f88c284, command=[]} | ret=SUCCESS |  
2019-09-03 09:42:42,757 | INFO  | SCMAudit | user=jenkins1000 | ip=192.168.69.126 | op=SEND_HEARTBEAT {datanodeUUID=f1e690fe-d9d6-4f9a-b28d-4fa21d7465dc, command=[]} | ret=SUCCESS |  
2019-09-03 09:42:43,005 | INFO  | SCMAudit | user=jenkins1000 | ip=192.168.69.126 | op=SEND_HEARTBEAT {datanodeUUID=30b1b43b-2ac1-4227-ba9d-0d794daadc3a, command=[]} | ret=SUCCESS |  
2019-09-03 09:42:43,006 | INFO  | SCMAudit | user=jenkins1000 | ip=192.168.69.126 | op=SEND_HEARTBEAT {datanodeUUID=54a7770c-e3e5-4c4a-b2d5-1e155816e439, command=[]} | ret=SUCCESS |  
2019-09-03 09:42:43,048 | INFO  | SCMAudit | user=jenkins1000 | ip=192.168.69.126 | op=SEND_HEARTBEAT {datanodeUUID=dc57de79-aaca-47f1-971f-bd2f7461306f, command=[]} | ret=SUCCESS |  
2019-09-03 09:42:43,055 | INFO  | SCMAudit | user=jenkins1000 | ip=192.168.69.126 | op=SEND_HEARTBEAT {datanodeUUID=a24a5d44-532e-4ff6-8e9a-f2506e5c1784, command=[]} | ret=SUCCESS |  
2019-09-03 09:42:43,205 | INFO  | SCMAudit | user=jenkins1000 | ip=192.168.69.126 | op=SEND_HEARTBEAT {datanodeUUID=fbf90420-a45e-48ce-b982-ff6e0a18d7ed, command=[]} | ret=SUCCESS |  
2019-09-03 09:42:43,555 | INFO  | SCMAudit | user=jenkins1000 | ip=192.168.69.126 | op=SEND_HEARTBEAT {datanodeUUID=5f62d077-1cb0-4aa3-be9b-0f443f88c284, command=[]} | ret=SUCCESS |  
2019-09-03 09:42:43,758 | INFO  | SCMAudit | user=jenkins1000 | ip=192.168.69.126 | op=SEND_HEARTBEAT {datanodeUUID=f1e690fe-d9d6-4f9a-b28d-4fa21d7465dc, command=[]} | ret=SUCCESS |  
2019-09-03 09:42:44,005 | INFO  | SCMAudit | user=jenkins1000 | ip=192.168.69.126 | op=SEND_HEARTBEAT {datanodeUUID=30b1b43b-2ac1-4227-ba9d-0d794daadc3a, command=[]} | ret=SUCCESS |  
2019-09-03 09:42:44,007 | INFO  | SCMAudit | user=jenkins1000 | ip=192.168.69.126 | op=SEND_HEARTBEAT {datanodeUUID=54a7770c-e3e5-4c4a-b2d5-1e155816e439, command=[]} | ret=SUCCESS |  
2019-09-03 09:42:44,049 | INFO  | SCMAudit | user=jenkins1000 | ip=192.168.69.126 | op=SEND_HEARTBEAT {datanodeUUID=dc57de79-aaca-47f1-971f-bd2f7461306f, command=[]} | ret=SUCCESS |  
2019-09-03 09:42:44,055 | INFO  | SCMAudit | user=jenkins1000 | ip=192.168.69.126 | op=SEND_HEARTBEAT {datanodeUUID=a24a5d44-532e-4ff6-8e9a-f2506e5c1784, command=[]} | ret=SUCCESS |  
2019-09-03 09:42:44,205 | INFO  | SCMAudit | user=jenkins1000 | ip=192.168.69.126 | op=SEND_HEARTBEAT {datanodeUUID=fbf90420-a45e-48ce-b982-ff6e0a18d7ed, command=[]} | ret=SUCCESS |  
2019-09-03 09:42:44,554 | INFO  | SCMAudit | user=jenkins1000 | ip=192.168.69.126 | op=SEND_HEARTBEAT {datanodeUUID=5f62d077-1cb0-4aa3-be9b-0f443f88c284, command=[]} | ret=SUCCESS |  
2019-09-03 09:42:44,759 | INFO  | SCMAudit | user=jenkins1000 | ip=192.168.69.126 | op=SEND_HEARTBEAT {datanodeUUID=f1e690fe-d9d6-4f9a-b28d-4fa21d7465dc, command=[]} | ret=SUCCESS |  
2019-09-03 09:42:45,004 | INFO  | SCMAudit | user=jenkins1000 | ip=192.168.69.126 | op=SEND_HEARTBEAT {datanodeUUID=30b1b43b-2ac1-4227-ba9d-0d794daadc3a, command=[]} | ret=SUCCESS |  
2019-09-03 09:42:45,007 | INFO  | SCMAudit | user=jenkins1000 | ip=192.168.69.126 | op=SEND_HEARTBEAT {datanodeUUID=54a7770c-e3e5-4c4a-b2d5-1e155816e439, command=[]} | ret=SUCCESS |  
2019-09-03 09:42:45,048 | INFO  | SCMAudit | user=jenkins1000 | ip=192.168.69.126 | op=SEND_HEARTBEAT {datanodeUUID=dc57de79-aaca-47f1-971f-bd2f7461306f, command=[]} | ret=SUCCESS |  
2019-09-03 09:42:45,055 | INFO  | SCMAudit | user=jenkins1000 | ip=192.168.69.126 | op=SEND_HEARTBEAT {datanodeUUID=a24a5d44-532e-4ff6-8e9a-f2506e5c1784, command=[]} | ret=SUCCESS |  
2019-09-03 09:42:45,205 | INFO  | SCMAudit | user=jenkins1000 | ip=192.168.69.126 | op=SEND_HEARTBEAT {datanodeUUID=fbf90420-a45e-48ce-b982-ff6e0a18d7ed, command=[]} | ret=SUCCESS |  
2019-09-03 09:42:45,385 [grpc-default-executor-6] INFO  client.GrpcClientProtocolClient (GrpcClientProtocolClient.java:onNext(255)) - client-411D9B923220->54a7770c-e3e5-4c4a-b2d5-1e155816e439: receive RaftClientReply:client-411D9B923220->54a7770c-e3e5-4c4a-b2d5-1e155816e439@group-A3ADB0FA2990, cid=48, FAILED org.apache.ratis.protocol.NotLeaderException: Server 54a7770c-e3e5-4c4a-b2d5-1e155816e439 is not the leader (a24a5d44-532e-4ff6-8e9a-f2506e5c1784:192.168.69.126:37019). Request must be sent to leader., logIndex=0, commits[54a7770c-e3e5-4c4a-b2d5-1e155816e439:c8, dc57de79-aaca-47f1-971f-bd2f7461306f:c8, a24a5d44-532e-4ff6-8e9a-f2506e5c1784:c8]
2019-09-03 09:42:45,555 | INFO  | SCMAudit | user=jenkins1000 | ip=192.168.69.126 | op=SEND_HEARTBEAT {datanodeUUID=5f62d077-1cb0-4aa3-be9b-0f443f88c284, command=[]} | ret=SUCCESS |  
2019-09-03 09:42:45,758 | INFO  | SCMAudit | user=jenkins1000 | ip=192.168.69.126 | op=SEND_HEARTBEAT {datanodeUUID=f1e690fe-d9d6-4f9a-b28d-4fa21d7465dc, command=[]} | ret=SUCCESS |  
2019-09-03 09:42:46,005 | INFO  | SCMAudit | user=jenkins1000 | ip=192.168.69.126 | op=SEND_HEARTBEAT {datanodeUUID=30b1b43b-2ac1-4227-ba9d-0d794daadc3a, command=[]} | ret=SUCCESS |  
2019-09-03 09:42:46,007 | INFO  | SCMAudit | user=jenkins1000 | ip=192.168.69.126 | op=SEND_HEARTBEAT {datanodeUUID=54a7770c-e3e5-4c4a-b2d5-1e155816e439, command=[]} | ret=SUCCESS |  
2019-09-03 09:42:46,048 | INFO  | SCMAudit | user=jenkins1000 | ip=192.168.69.126 | op=SEND_HEARTBEAT {datanodeUUID=dc57de79-aaca-47f1-971f-bd2f7461306f, command=[]} | ret=SUCCESS |  
2019-09-03 09:42:46,055 | INFO  | SCMAudit | user=jenkins1000 | ip=192.168.69.126 | op=SEND_HEARTBEAT {datanodeUUID=a24a5d44-532e-4ff6-8e9a-f2506e5c1784, command=[]} | ret=SUCCESS |  
2019-09-03 09:42:46,206 | INFO  | SCMAudit | user=jenkins1000 | ip=192.168.69.126 | op=SEND_HEARTBEAT {datanodeUUID=fbf90420-a45e-48ce-b982-ff6e0a18d7ed, command=[]} | ret=SUCCESS |  
2019-09-03 09:42:46,554 | INFO  | SCMAudit | user=jenkins1000 | ip=192.168.69.126 | op=SEND_HEARTBEAT {datanodeUUID=5f62d077-1cb0-4aa3-be9b-0f443f88c284, command=[]} | ret=SUCCESS |  
2019-09-03 09:42:46,759 | INFO  | SCMAudit | user=jenkins1000 | ip=192.168.69.126 | op=SEND_HEARTBEAT {datanodeUUID=f1e690fe-d9d6-4f9a-b28d-4fa21d7465dc, command=[]} | ret=SUCCESS |  
2019-09-03 09:42:47,004 | INFO  | SCMAudit | user=jenkins1000 | ip=192.168.69.126 | op=SEND_HEARTBEAT {datanodeUUID=30b1b43b-2ac1-4227-ba9d-0d794daadc3a, command=[]} | ret=SUCCESS |  
2019-09-03 09:42:47,007 | INFO  | SCMAudit | user=jenkins1000 | ip=192.168.69.126 | op=SEND_HEARTBEAT {datanodeUUID=54a7770c-e3e5-4c4a-b2d5-1e155816e439, command=[]} | ret=SUCCESS |  
2019-09-03 09:42:47,049 | INFO  | SCMAudit | user=jenkins1000 | ip=192.168.69.126 | op=SEND_HEARTBEAT {datanodeUUID=dc57de79-aaca-47f1-971f-bd2f7461306f, command=[]} | ret=SUCCESS |  
2019-09-03 09:42:47,056 | INFO  | SCMAudit | user=jenkins1000 | ip=192.168.69.126 | op=SEND_HEARTBEAT {datanodeUUID=a24a5d44-532e-4ff6-8e9a-f2506e5c1784, command=[]} | ret=SUCCESS |  
2019-09-03 09:42:47,205 | INFO  | SCMAudit | user=jenkins1000 | ip=192.168.69.126 | op=SEND_HEARTBEAT {datanodeUUID=fbf90420-a45e-48ce-b982-ff6e0a18d7ed, command=[]} | ret=SUCCESS |  
2019-09-03 09:42:47,554 | INFO  | SCMAudit | user=jenkins1000 | ip=192.168.69.126 | op=SEND_HEARTBEAT {datanodeUUID=5f62d077-1cb0-4aa3-be9b-0f443f88c284, command=[]} | ret=SUCCESS |  
2019-09-03 09:42:47,758 | INFO  | SCMAudit | user=jenkins1000 | ip=192.168.69.126 | op=SEND_HEARTBEAT {datanodeUUID=f1e690fe-d9d6-4f9a-b28d-4fa21d7465dc, command=[]} | ret=SUCCESS |  
2019-09-03 09:42:48,005 | INFO  | SCMAudit | user=jenkins1000 | ip=192.168.69.126 | op=SEND_HEARTBEAT {datanodeUUID=30b1b43b-2ac1-4227-ba9d-0d794daadc3a, command=[]} | ret=SUCCESS |  
2019-09-03 09:42:48,007 | INFO  | SCMAudit | user=jenkins1000 | ip=192.168.69.126 | op=SEND_HEARTBEAT {datanodeUUID=54a7770c-e3e5-4c4a-b2d5-1e155816e439, command=[]} | ret=SUCCESS |  
2019-09-03 09:42:48,048 | INFO  | SCMAudit | user=jenkins1000 | ip=192.168.69.126 | op=SEND_HEARTBEAT {datanodeUUID=dc57de79-aaca-47f1-971f-bd2f7461306f, command=[]} | ret=SUCCESS |  
2019-09-03 09:42:48,055 | INFO  | SCMAudit | user=jenkins1000 | ip=192.168.69.126 | op=SEND_HEARTBEAT {datanodeUUID=a24a5d44-532e-4ff6-8e9a-f2506e5c1784, command=[]} | ret=SUCCESS |  
2019-09-03 09:42:48,205 | INFO  | SCMAudit | user=jenkins1000 | ip=192.168.69.126 | op=SEND_HEARTBEAT {datanodeUUID=fbf90420-a45e-48ce-b982-ff6e0a18d7ed, command=[]} | ret=SUCCESS |  
2019-09-03 09:42:48,555 | INFO  | SCMAudit | user=jenkins1000 | ip=192.168.69.126 | op=SEND_HEARTBEAT {datanodeUUID=5f62d077-1cb0-4aa3-be9b-0f443f88c284, command=[]} | ret=SUCCESS |  
2019-09-03 09:42:48,759 | INFO  | SCMAudit | user=jenkins1000 | ip=192.168.69.126 | op=SEND_HEARTBEAT {datanodeUUID=f1e690fe-d9d6-4f9a-b28d-4fa21d7465dc, command=[]} | ret=SUCCESS |  
2019-09-03 09:42:49,004 | INFO  | SCMAudit | user=jenkins1000 | ip=192.168.69.126 | op=SEND_HEARTBEAT {datanodeUUID=30b1b43b-2ac1-4227-ba9d-0d794daadc3a, command=[]} | ret=SUCCESS |  
2019-09-03 09:42:49,007 | INFO  | SCMAudit | user=jenkins1000 | ip=192.168.69.126 | op=SEND_HEARTBEAT {datanodeUUID=54a7770c-e3e5-4c4a-b2d5-1e155816e439, command=[]} | ret=SUCCESS |  
2019-09-03 09:42:49,048 | INFO  | SCMAudit | user=jenkins1000 | ip=192.168.69.126 | op=SEND_HEARTBEAT {datanodeUUID=dc57de79-aaca-47f1-971f-bd2f7461306f, command=[]} | ret=SUCCESS |  
2019-09-03 09:42:49,055 | INFO  | SCMAudit | user=jenkins1000 | ip=192.168.69.126 | op=SEND_HEARTBEAT {datanodeUUID=a24a5d44-532e-4ff6-8e9a-f2506e5c1784, command=[]} | ret=SUCCESS |  
2019-09-03 09:42:49,206 | INFO  | SCMAudit | user=jenkins1000 | ip=192.168.69.126 | op=SEND_HEARTBEAT {datanodeUUID=fbf90420-a45e-48ce-b982-ff6e0a18d7ed, command=[]} | ret=SUCCESS |  
2019-09-03 09:42:49,554 | INFO  | SCMAudit | user=jenkins1000 | ip=192.168.69.126 | op=SEND_HEARTBEAT {datanodeUUID=5f62d077-1cb0-4aa3-be9b-0f443f88c284, command=[]} | ret=SUCCESS |  
2019-09-03 09:42:49,758 | INFO  | SCMAudit | user=jenkins1000 | ip=192.168.69.126 | op=SEND_HEARTBEAT {datanodeUUID=f1e690fe-d9d6-4f9a-b28d-4fa21d7465dc, command=[]} | ret=SUCCESS |  
2019-09-03 09:42:50,005 | INFO  | SCMAudit | user=jenkins1000 | ip=192.168.69.126 | op=SEND_HEARTBEAT {datanodeUUID=30b1b43b-2ac1-4227-ba9d-0d794daadc3a, command=[]} | ret=SUCCESS |  
2019-09-03 09:42:50,007 | INFO  | SCMAudit | user=jenkins1000 | ip=192.168.69.126 | op=SEND_HEARTBEAT {datanodeUUID=54a7770c-e3e5-4c4a-b2d5-1e155816e439, command=[]} | ret=SUCCESS |  
2019-09-03 09:42:50,049 | INFO  | SCMAudit | user=jenkins1000 | ip=192.168.69.126 | op=SEND_HEARTBEAT {datanodeUUID=dc57de79-aaca-47f1-971f-bd2f7461306f, command=[]} | ret=SUCCESS |  
2019-09-03 09:42:50,055 | INFO  | SCMAudit | user=jenkins1000 | ip=192.168.69.126 | op=SEND_HEARTBEAT {datanodeUUID=a24a5d44-532e-4ff6-8e9a-f2506e5c1784, command=[]} | ret=SUCCESS |  
2019-09-03 09:42:50,205 | INFO  | SCMAudit | user=jenkins1000 | ip=192.168.69.126 | op=SEND_HEARTBEAT {datanodeUUID=fbf90420-a45e-48ce-b982-ff6e0a18d7ed, command=[]} | ret=SUCCESS |  
2019-09-03 09:42:50,433 [grpc-default-executor-6] INFO  client.GrpcClientProtocolClient (GrpcClientProtocolClient.java:onNext(255)) - client-411D9B923220->dc57de79-aaca-47f1-971f-bd2f7461306f: receive RaftClientReply:client-411D9B923220->dc57de79-aaca-47f1-971f-bd2f7461306f@group-A3ADB0FA2990, cid=48, FAILED org.apache.ratis.protocol.NotLeaderException: Server dc57de79-aaca-47f1-971f-bd2f7461306f is not the leader (a24a5d44-532e-4ff6-8e9a-f2506e5c1784:192.168.69.126:37019). Request must be sent to leader., logIndex=0, commits[dc57de79-aaca-47f1-971f-bd2f7461306f:c8, 54a7770c-e3e5-4c4a-b2d5-1e155816e439:c8, a24a5d44-532e-4ff6-8e9a-f2506e5c1784:c8]
2019-09-03 09:42:50,556 | INFO  | SCMAudit | user=jenkins1000 | ip=192.168.69.126 | op=SEND_HEARTBEAT {datanodeUUID=5f62d077-1cb0-4aa3-be9b-0f443f88c284, command=[]} | ret=SUCCESS |  
2019-09-03 09:42:50,758 | INFO  | SCMAudit | user=jenkins1000 | ip=192.168.69.126 | op=SEND_HEARTBEAT {datanodeUUID=f1e690fe-d9d6-4f9a-b28d-4fa21d7465dc, command=[]} | ret=SUCCESS |  
2019-09-03 09:42:51,005 | INFO  | SCMAudit | user=jenkins1000 | ip=192.168.69.126 | op=SEND_HEARTBEAT {datanodeUUID=30b1b43b-2ac1-4227-ba9d-0d794daadc3a, command=[]} | ret=SUCCESS |  
2019-09-03 09:42:51,008 | INFO  | SCMAudit | user=jenkins1000 | ip=192.168.69.126 | op=SEND_HEARTBEAT {datanodeUUID=54a7770c-e3e5-4c4a-b2d5-1e155816e439, command=[]} | ret=SUCCESS |  
2019-09-03 09:42:51,048 | INFO  | SCMAudit | user=jenkins1000 | ip=192.168.69.126 | op=SEND_HEARTBEAT {datanodeUUID=dc57de79-aaca-47f1-971f-bd2f7461306f, command=[]} | ret=SUCCESS |  
2019-09-03 09:42:51,055 | INFO  | SCMAudit | user=jenkins1000 | ip=192.168.69.126 | op=SEND_HEARTBEAT {datanodeUUID=a24a5d44-532e-4ff6-8e9a-f2506e5c1784, command=[]} | ret=SUCCESS |  
2019-09-03 09:42:51,205 | INFO  | SCMAudit | user=jenkins1000 | ip=192.168.69.126 | op=SEND_HEARTBEAT {datanodeUUID=fbf90420-a45e-48ce-b982-ff6e0a18d7ed, command=[]} | ret=SUCCESS |  
2019-09-03 09:42:51,555 | INFO  | SCMAudit | user=jenkins1000 | ip=192.168.69.126 | op=SEND_HEARTBEAT {datanodeUUID=5f62d077-1cb0-4aa3-be9b-0f443f88c284, command=[]} | ret=SUCCESS |  
2019-09-03 09:42:51,759 | INFO  | SCMAudit | user=jenkins1000 | ip=192.168.69.126 | op=SEND_HEARTBEAT {datanodeUUID=f1e690fe-d9d6-4f9a-b28d-4fa21d7465dc, command=[]} | ret=SUCCESS |  
2019-09-03 09:42:52,006 | INFO  | SCMAudit | user=jenkins1000 | ip=192.168.69.126 | op=SEND_HEARTBEAT {datanodeUUID=30b1b43b-2ac1-4227-ba9d-0d794daadc3a, command=[]} | ret=SUCCESS |  
2019-09-03 09:42:52,008 | INFO  | SCMAudit | user=jenkins1000 | ip=192.168.69.126 | op=SEND_HEARTBEAT {datanodeUUID=54a7770c-e3e5-4c4a-b2d5-1e155816e439, command=[]} | ret=SUCCESS |  
2019-09-03 09:42:52,048 | INFO  | SCMAudit | user=jenkins1000 | ip=192.168.69.126 | op=SEND_HEARTBEAT {datanodeUUID=dc57de79-aaca-47f1-971f-bd2f7461306f, command=[]} | ret=SUCCESS |  
2019-09-03 09:42:52,056 | INFO  | SCMAudit | user=jenkins1000 | ip=192.168.69.126 | op=SEND_HEARTBEAT {datanodeUUID=a24a5d44-532e-4ff6-8e9a-f2506e5c1784, command=[]} | ret=SUCCESS |  
2019-09-03 09:42:52,205 | INFO  | SCMAudit | user=jenkins1000 | ip=192.168.69.126 | op=SEND_HEARTBEAT {datanodeUUID=fbf90420-a45e-48ce-b982-ff6e0a18d7ed, command=[]} | ret=SUCCESS |  
2019-09-03 09:42:52,556 | INFO  | SCMAudit | user=jenkins1000 | ip=192.168.69.126 | op=SEND_HEARTBEAT {datanodeUUID=5f62d077-1cb0-4aa3-be9b-0f443f88c284, command=[]} | ret=SUCCESS |  
2019-09-03 09:42:52,759 | INFO  | SCMAudit | user=jenkins1000 | ip=192.168.69.126 | op=SEND_HEARTBEAT {datanodeUUID=f1e690fe-d9d6-4f9a-b28d-4fa21d7465dc, command=[]} | ret=SUCCESS |  
2019-09-03 09:42:53,006 | INFO  | SCMAudit | user=jenkins1000 | ip=192.168.69.126 | op=SEND_HEARTBEAT {datanodeUUID=30b1b43b-2ac1-4227-ba9d-0d794daadc3a, command=[]} | ret=SUCCESS |  
2019-09-03 09:42:53,009 | INFO  | SCMAudit | user=jenkins1000 | ip=192.168.69.126 | op=SEND_HEARTBEAT {datanodeUUID=54a7770c-e3e5-4c4a-b2d5-1e155816e439, command=[]} | ret=SUCCESS |  
2019-09-03 09:42:53,048 | INFO  | SCMAudit | user=jenkins1000 | ip=192.168.69.126 | op=SEND_HEARTBEAT {datanodeUUID=dc57de79-aaca-47f1-971f-bd2f7461306f, command=[]} | ret=SUCCESS |  
2019-09-03 09:42:53,056 | INFO  | SCMAudit | user=jenkins1000 | ip=192.168.69.126 | op=SEND_HEARTBEAT {datanodeUUID=a24a5d44-532e-4ff6-8e9a-f2506e5c1784, command=[]} | ret=SUCCESS |  
2019-09-03 09:42:53,206 | INFO  | SCMAudit | user=jenkins1000 | ip=192.168.69.126 | op=SEND_HEARTBEAT {datanodeUUID=fbf90420-a45e-48ce-b982-ff6e0a18d7ed, command=[]} | ret=SUCCESS |  
2019-09-03 09:42:53,555 | INFO  | SCMAudit | user=jenkins1000 | ip=192.168.69.126 | op=SEND_HEARTBEAT {datanodeUUID=5f62d077-1cb0-4aa3-be9b-0f443f88c284, command=[]} | ret=SUCCESS |  
2019-09-03 09:42:53,762 | INFO  | SCMAudit | user=jenkins1000 | ip=192.168.69.126 | op=SEND_HEARTBEAT {datanodeUUID=f1e690fe-d9d6-4f9a-b28d-4fa21d7465dc, command=[]} | ret=SUCCESS |  
2019-09-03 09:42:54,007 | INFO  | SCMAudit | user=jenkins1000 | ip=192.168.69.126 | op=SEND_HEARTBEAT {datanodeUUID=30b1b43b-2ac1-4227-ba9d-0d794daadc3a, command=[]} | ret=SUCCESS |  
2019-09-03 09:42:54,008 | INFO  | SCMAudit | user=jenkins1000 | ip=192.168.69.126 | op=SEND_HEARTBEAT {datanodeUUID=54a7770c-e3e5-4c4a-b2d5-1e155816e439, command=[]} | ret=SUCCESS |  
2019-09-03 09:42:54,048 | INFO  | SCMAudit | user=jenkins1000 | ip=192.168.69.126 | op=SEND_HEARTBEAT {datanodeUUID=dc57de79-aaca-47f1-971f-bd2f7461306f, command=[]} | ret=SUCCESS |  
2019-09-03 09:42:54,056 | INFO  | SCMAudit | user=jenkins1000 | ip=192.168.69.126 | op=SEND_HEARTBEAT {datanodeUUID=a24a5d44-532e-4ff6-8e9a-f2506e5c1784, command=[]} | ret=SUCCESS |  
2019-09-03 09:42:54,206 | INFO  | SCMAudit | user=jenkins1000 | ip=192.168.69.126 | op=SEND_HEARTBEAT {datanodeUUID=fbf90420-a45e-48ce-b982-ff6e0a18d7ed, command=[]} | ret=SUCCESS |  
2019-09-03 09:42:54,555 | INFO  | SCMAudit | user=jenkins1000 | ip=192.168.69.126 | op=SEND_HEARTBEAT {datanodeUUID=5f62d077-1cb0-4aa3-be9b-0f443f88c284, command=[]} | ret=SUCCESS |  
2019-09-03 09:42:54,759 | INFO  | SCMAudit | user=jenkins1000 | ip=192.168.69.126 | op=SEND_HEARTBEAT {datanodeUUID=f1e690fe-d9d6-4f9a-b28d-4fa21d7465dc, command=[]} | ret=SUCCESS |  
2019-09-03 09:42:55,006 | INFO  | SCMAudit | user=jenkins1000 | ip=192.168.69.126 | op=SEND_HEARTBEAT {datanodeUUID=30b1b43b-2ac1-4227-ba9d-0d794daadc3a, command=[]} | ret=SUCCESS |  
2019-09-03 09:42:55,008 | INFO  | SCMAudit | user=jenkins1000 | ip=192.168.69.126 | op=SEND_HEARTBEAT {datanodeUUID=54a7770c-e3e5-4c4a-b2d5-1e155816e439, command=[]} | ret=SUCCESS |  
2019-09-03 09:42:55,049 | INFO  | SCMAudit | user=jenkins1000 | ip=192.168.69.126 | op=SEND_HEARTBEAT {datanodeUUID=dc57de79-aaca-47f1-971f-bd2f7461306f, command=[]} | ret=SUCCESS |  
2019-09-03 09:42:55,056 | INFO  | SCMAudit | user=jenkins1000 | ip=192.168.69.126 | op=SEND_HEARTBEAT {datanodeUUID=a24a5d44-532e-4ff6-8e9a-f2506e5c1784, command=[]} | ret=SUCCESS |  
2019-09-03 09:42:55,206 | INFO  | SCMAudit | user=jenkins1000 | ip=192.168.69.126 | op=SEND_HEARTBEAT {datanodeUUID=fbf90420-a45e-48ce-b982-ff6e0a18d7ed, command=[]} | ret=SUCCESS |  
2019-09-03 09:42:55,478 [grpc-default-executor-3] INFO  client.GrpcClientProtocolClient (GrpcClientProtocolClient.java:onNext(255)) - client-411D9B923220->54a7770c-e3e5-4c4a-b2d5-1e155816e439: receive RaftClientReply:client-411D9B923220->54a7770c-e3e5-4c4a-b2d5-1e155816e439@group-A3ADB0FA2990, cid=48, FAILED org.apache.ratis.protocol.NotLeaderException: Server 54a7770c-e3e5-4c4a-b2d5-1e155816e439 is not the leader (a24a5d44-532e-4ff6-8e9a-f2506e5c1784:192.168.69.126:37019). Request must be sent to leader., logIndex=0, commits[54a7770c-e3e5-4c4a-b2d5-1e155816e439:c8, dc57de79-aaca-47f1-971f-bd2f7461306f:c8, a24a5d44-532e-4ff6-8e9a-f2506e5c1784:c8]
2019-09-03 09:42:55,556 | INFO  | SCMAudit | user=jenkins1000 | ip=192.168.69.126 | op=SEND_HEARTBEAT {datanodeUUID=5f62d077-1cb0-4aa3-be9b-0f443f88c284, command=[]} | ret=SUCCESS |  
2019-09-03 09:42:55,760 | INFO  | SCMAudit | user=jenkins1000 | ip=192.168.69.126 | op=SEND_HEARTBEAT {datanodeUUID=f1e690fe-d9d6-4f9a-b28d-4fa21d7465dc, command=[]} | ret=SUCCESS |  
2019-09-03 09:42:56,007 | INFO  | SCMAudit | user=jenkins1000 | ip=192.168.69.126 | op=SEND_HEARTBEAT {datanodeUUID=30b1b43b-2ac1-4227-ba9d-0d794daadc3a, command=[]} | ret=SUCCESS |  
2019-09-03 09:42:56,009 | INFO  | SCMAudit | user=jenkins1000 | ip=192.168.69.126 | op=SEND_HEARTBEAT {datanodeUUID=54a7770c-e3e5-4c4a-b2d5-1e155816e439, command=[]} | ret=SUCCESS |  
2019-09-03 09:42:56,048 | INFO  | SCMAudit | user=jenkins1000 | ip=192.168.69.126 | op=SEND_HEARTBEAT {datanodeUUID=dc57de79-aaca-47f1-971f-bd2f7461306f, command=[]} | ret=SUCCESS |  
2019-09-03 09:42:56,056 | INFO  | SCMAudit | user=jenkins1000 | ip=192.168.69.126 | op=SEND_HEARTBEAT {datanodeUUID=a24a5d44-532e-4ff6-8e9a-f2506e5c1784, command=[]} | ret=SUCCESS |  
2019-09-03 09:42:56,206 | INFO  | SCMAudit | user=jenkins1000 | ip=192.168.69.126 | op=SEND_HEARTBEAT {datanodeUUID=fbf90420-a45e-48ce-b982-ff6e0a18d7ed, command=[]} | ret=SUCCESS |  
2019-09-03 09:42:56,555 | INFO  | SCMAudit | user=jenkins1000 | ip=192.168.69.126 | op=SEND_HEARTBEAT {datanodeUUID=5f62d077-1cb0-4aa3-be9b-0f443f88c284, command=[]} | ret=SUCCESS |  
2019-09-03 09:42:56,759 | INFO  | SCMAudit | user=jenkins1000 | ip=192.168.69.126 | op=SEND_HEARTBEAT {datanodeUUID=f1e690fe-d9d6-4f9a-b28d-4fa21d7465dc, command=[]} | ret=SUCCESS |  
2019-09-03 09:42:57,006 | INFO  | SCMAudit | user=jenkins1000 | ip=192.168.69.126 | op=SEND_HEARTBEAT {datanodeUUID=30b1b43b-2ac1-4227-ba9d-0d794daadc3a, command=[]} | ret=SUCCESS |  
2019-09-03 09:42:57,008 | INFO  | SCMAudit | user=jenkins1000 | ip=192.168.69.126 | op=SEND_HEARTBEAT {datanodeUUID=54a7770c-e3e5-4c4a-b2d5-1e155816e439, command=[]} | ret=SUCCESS |  
2019-09-03 09:42:57,048 | INFO  | SCMAudit | user=jenkins1000 | ip=192.168.69.126 | op=SEND_HEARTBEAT {datanodeUUID=dc57de79-aaca-47f1-971f-bd2f7461306f, command=[]} | ret=SUCCESS |  
2019-09-03 09:42:57,057 | INFO  | SCMAudit | user=jenkins1000 | ip=192.168.69.126 | op=SEND_HEARTBEAT {datanodeUUID=a24a5d44-532e-4ff6-8e9a-f2506e5c1784, command=[]} | ret=SUCCESS |  
2019-09-03 09:42:57,206 | INFO  | SCMAudit | user=jenkins1000 | ip=192.168.69.126 | op=SEND_HEARTBEAT {datanodeUUID=fbf90420-a45e-48ce-b982-ff6e0a18d7ed, command=[]} | ret=SUCCESS |  
2019-09-03 09:42:57,556 | INFO  | SCMAudit | user=jenkins1000 | ip=192.168.69.126 | op=SEND_HEARTBEAT {datanodeUUID=5f62d077-1cb0-4aa3-be9b-0f443f88c284, command=[]} | ret=SUCCESS |  
2019-09-03 09:42:57,759 | INFO  | SCMAudit | user=jenkins1000 | ip=192.168.69.126 | op=SEND_HEARTBEAT {datanodeUUID=f1e690fe-d9d6-4f9a-b28d-4fa21d7465dc, command=[]} | ret=SUCCESS |  
2019-09-03 09:42:58,007 | INFO  | SCMAudit | user=jenkins1000 | ip=192.168.69.126 | op=SEND_HEARTBEAT {datanodeUUID=30b1b43b-2ac1-4227-ba9d-0d794daadc3a, command=[]} | ret=SUCCESS |  
2019-09-03 09:42:58,008 | INFO  | SCMAudit | user=jenkins1000 | ip=192.168.69.126 | op=SEND_HEARTBEAT {datanodeUUID=54a7770c-e3e5-4c4a-b2d5-1e155816e439, command=[]} | ret=SUCCESS |  
2019-09-03 09:42:58,049 | INFO  | SCMAudit | user=jenkins1000 | ip=192.168.69.126 | op=SEND_HEARTBEAT {datanodeUUID=dc57de79-aaca-47f1-971f-bd2f7461306f, command=[]} | ret=SUCCESS |  
2019-09-03 09:42:58,056 | INFO  | SCMAudit | user=jenkins1000 | ip=192.168.69.126 | op=SEND_HEARTBEAT {datanodeUUID=a24a5d44-532e-4ff6-8e9a-f2506e5c1784, command=[]} | ret=SUCCESS |  
2019-09-03 09:42:58,207 | INFO  | SCMAudit | user=jenkins1000 | ip=192.168.69.126 | op=SEND_HEARTBEAT {datanodeUUID=fbf90420-a45e-48ce-b982-ff6e0a18d7ed, command=[]} | ret=SUCCESS |  
2019-09-03 09:42:58,557 | INFO  | SCMAudit | user=jenkins1000 | ip=192.168.69.126 | op=SEND_HEARTBEAT {datanodeUUID=5f62d077-1cb0-4aa3-be9b-0f443f88c284, command=[]} | ret=SUCCESS |  
2019-09-03 09:42:58,760 | INFO  | SCMAudit | user=jenkins1000 | ip=192.168.69.126 | op=SEND_HEARTBEAT {datanodeUUID=f1e690fe-d9d6-4f9a-b28d-4fa21d7465dc, command=[]} | ret=SUCCESS |  
2019-09-03 09:42:59,007 | INFO  | SCMAudit | user=jenkins1000 | ip=192.168.69.126 | op=SEND_HEARTBEAT {datanodeUUID=30b1b43b-2ac1-4227-ba9d-0d794daadc3a, command=[]} | ret=SUCCESS |  
2019-09-03 09:42:59,008 | INFO  | SCMAudit | user=jenkins1000 | ip=192.168.69.126 | op=SEND_HEARTBEAT {datanodeUUID=54a7770c-e3e5-4c4a-b2d5-1e155816e439, command=[]} | ret=SUCCESS |  
2019-09-03 09:42:59,049 | INFO  | SCMAudit | user=jenkins1000 | ip=192.168.69.126 | op=SEND_HEARTBEAT {datanodeUUID=dc57de79-aaca-47f1-971f-bd2f7461306f, command=[]} | ret=SUCCESS |  
2019-09-03 09:42:59,056 | INFO  | SCMAudit | user=jenkins1000 | ip=192.168.69.126 | op=SEND_HEARTBEAT {datanodeUUID=a24a5d44-532e-4ff6-8e9a-f2506e5c1784, command=[]} | ret=SUCCESS |  
2019-09-03 09:42:59,206 | INFO  | SCMAudit | user=jenkins1000 | ip=192.168.69.126 | op=SEND_HEARTBEAT {datanodeUUID=fbf90420-a45e-48ce-b982-ff6e0a18d7ed, command=[]} | ret=SUCCESS |  
2019-09-03 09:42:59,556 | INFO  | SCMAudit | user=jenkins1000 | ip=192.168.69.126 | op=SEND_HEARTBEAT {datanodeUUID=5f62d077-1cb0-4aa3-be9b-0f443f88c284, command=[]} | ret=SUCCESS |  
2019-09-03 09:42:59,760 | INFO  | SCMAudit | user=jenkins1000 | ip=192.168.69.126 | op=SEND_HEARTBEAT {datanodeUUID=f1e690fe-d9d6-4f9a-b28d-4fa21d7465dc, command=[]} | ret=SUCCESS |  
2019-09-03 09:43:00,006 | INFO  | SCMAudit | user=jenkins1000 | ip=192.168.69.126 | op=SEND_HEARTBEAT {datanodeUUID=30b1b43b-2ac1-4227-ba9d-0d794daadc3a, command=[]} | ret=SUCCESS |  
2019-09-03 09:43:00,008 | INFO  | SCMAudit | user=jenkins1000 | ip=192.168.69.126 | op=SEND_HEARTBEAT {datanodeUUID=54a7770c-e3e5-4c4a-b2d5-1e155816e439, command=[]} | ret=SUCCESS |  
2019-09-03 09:43:00,049 | INFO  | SCMAudit | user=jenkins1000 | ip=192.168.69.126 | op=SEND_HEARTBEAT {datanodeUUID=dc57de79-aaca-47f1-971f-bd2f7461306f, command=[]} | ret=SUCCESS |  
2019-09-03 09:43:00,056 | INFO  | SCMAudit | user=jenkins1000 | ip=192.168.69.126 | op=SEND_HEARTBEAT {datanodeUUID=a24a5d44-532e-4ff6-8e9a-f2506e5c1784, command=[]} | ret=SUCCESS |  
2019-09-03 09:43:00,206 | INFO  | SCMAudit | user=jenkins1000 | ip=192.168.69.126 | op=SEND_HEARTBEAT {datanodeUUID=fbf90420-a45e-48ce-b982-ff6e0a18d7ed, command=[]} | ret=SUCCESS |  
2019-09-03 09:43:00,523 [grpc-default-executor-6] INFO  client.GrpcClientProtocolClient (GrpcClientProtocolClient.java:onNext(255)) - client-411D9B923220->dc57de79-aaca-47f1-971f-bd2f7461306f: receive RaftClientReply:client-411D9B923220->dc57de79-aaca-47f1-971f-bd2f7461306f@group-A3ADB0FA2990, cid=48, FAILED org.apache.ratis.protocol.NotLeaderException: Server dc57de79-aaca-47f1-971f-bd2f7461306f is not the leader (a24a5d44-532e-4ff6-8e9a-f2506e5c1784:192.168.69.126:37019). Request must be sent to leader., logIndex=0, commits[dc57de79-aaca-47f1-971f-bd2f7461306f:c8, 54a7770c-e3e5-4c4a-b2d5-1e155816e439:c8, a24a5d44-532e-4ff6-8e9a-f2506e5c1784:c8]
2019-09-03 09:43:00,557 | INFO  | SCMAudit | user=jenkins1000 | ip=192.168.69.126 | op=SEND_HEARTBEAT {datanodeUUID=5f62d077-1cb0-4aa3-be9b-0f443f88c284, command=[]} | ret=SUCCESS |  
2019-09-03 09:43:00,760 | INFO  | SCMAudit | user=jenkins1000 | ip=192.168.69.126 | op=SEND_HEARTBEAT {datanodeUUID=f1e690fe-d9d6-4f9a-b28d-4fa21d7465dc, command=[]} | ret=SUCCESS |  
2019-09-03 09:43:01,006 | INFO  | SCMAudit | user=jenkins1000 | ip=192.168.69.126 | op=SEND_HEARTBEAT {datanodeUUID=30b1b43b-2ac1-4227-ba9d-0d794daadc3a, command=[]} | ret=SUCCESS |  
2019-09-03 09:43:01,009 | INFO  | SCMAudit | user=jenkins1000 | ip=192.168.69.126 | op=SEND_HEARTBEAT {datanodeUUID=54a7770c-e3e5-4c4a-b2d5-1e155816e439, command=[]} | ret=SUCCESS |  
2019-09-03 09:43:01,050 | INFO  | SCMAudit | user=jenkins1000 | ip=192.168.69.126 | op=SEND_HEARTBEAT {datanodeUUID=dc57de79-aaca-47f1-971f-bd2f7461306f, command=[]} | ret=SUCCESS |  
2019-09-03 09:43:01,056 | INFO  | SCMAudit | user=jenkins1000 | ip=192.168.69.126 | op=SEND_HEARTBEAT {datanodeUUID=a24a5d44-532e-4ff6-8e9a-f2506e5c1784, command=[]} | ret=SUCCESS |  
2019-09-03 09:43:01,206 | INFO  | SCMAudit | user=jenkins1000 | ip=192.168.69.126 | op=SEND_HEARTBEAT {datanodeUUID=fbf90420-a45e-48ce-b982-ff6e0a18d7ed, command=[]} | ret=SUCCESS |  
2019-09-03 09:43:01,558 | INFO  | SCMAudit | user=jenkins1000 | ip=192.168.69.126 | op=SEND_HEARTBEAT {datanodeUUID=5f62d077-1cb0-4aa3-be9b-0f443f88c284, command=[]} | ret=SUCCESS |  
2019-09-03 09:43:01,761 | INFO  | SCMAudit | user=jenkins1000 | ip=192.168.69.126 | op=SEND_HEARTBEAT {datanodeUUID=f1e690fe-d9d6-4f9a-b28d-4fa21d7465dc, command=[]} | ret=SUCCESS |  
2019-09-03 09:43:02,006 | INFO  | SCMAudit | user=jenkins1000 | ip=192.168.69.126 | op=SEND_HEARTBEAT {datanodeUUID=30b1b43b-2ac1-4227-ba9d-0d794daadc3a, command=[]} | ret=SUCCESS |  
2019-09-03 09:43:02,008 | INFO  | SCMAudit | user=jenkins1000 | ip=192.168.69.126 | op=SEND_HEARTBEAT {datanodeUUID=54a7770c-e3e5-4c4a-b2d5-1e155816e439, command=[]} | ret=SUCCESS |  
2019-09-03 09:43:02,049 | INFO  | SCMAudit | user=jenkins1000 | ip=192.168.69.126 | op=SEND_HEARTBEAT {datanodeUUID=dc57de79-aaca-47f1-971f-bd2f7461306f, command=[]} | ret=SUCCESS |  
2019-09-03 09:43:02,057 | INFO  | SCMAudit | user=jenkins1000 | ip=192.168.69.126 | op=SEND_HEARTBEAT {datanodeUUID=a24a5d44-532e-4ff6-8e9a-f2506e5c1784, command=[]} | ret=SUCCESS |  
2019-09-03 09:43:02,207 | INFO  | SCMAudit | user=jenkins1000 | ip=192.168.69.126 | op=SEND_HEARTBEAT {datanodeUUID=fbf90420-a45e-48ce-b982-ff6e0a18d7ed, command=[]} | ret=SUCCESS |  
2019-09-03 09:43:02,557 | INFO  | SCMAudit | user=jenkins1000 | ip=192.168.69.126 | op=SEND_HEARTBEAT {datanodeUUID=5f62d077-1cb0-4aa3-be9b-0f443f88c284, command=[]} | ret=SUCCESS |  
2019-09-03 09:43:02,760 | INFO  | SCMAudit | user=jenkins1000 | ip=192.168.69.126 | op=SEND_HEARTBEAT {datanodeUUID=f1e690fe-d9d6-4f9a-b28d-4fa21d7465dc, command=[]} | ret=SUCCESS |  
2019-09-03 09:43:03,006 | INFO  | SCMAudit | user=jenkins1000 | ip=192.168.69.126 | op=SEND_HEARTBEAT {datanodeUUID=30b1b43b-2ac1-4227-ba9d-0d794daadc3a, command=[]} | ret=SUCCESS |  
2019-09-03 09:43:03,008 | INFO  | SCMAudit | user=jenkins1000 | ip=192.168.69.126 | op=SEND_HEARTBEAT {datanodeUUID=54a7770c-e3e5-4c4a-b2d5-1e155816e439, command=[]} | ret=SUCCESS |  
2019-09-03 09:43:03,049 | INFO  | SCMAudit | user=jenkins1000 | ip=192.168.69.126 | op=SEND_HEARTBEAT {datanodeUUID=dc57de79-aaca-47f1-971f-bd2f7461306f, command=[]} | ret=SUCCESS |  
2019-09-03 09:43:03,057 | INFO  | SCMAudit | user=jenkins1000 | ip=192.168.69.126 | op=SEND_HEARTBEAT {datanodeUUID=a24a5d44-532e-4ff6-8e9a-f2506e5c1784, command=[]} | ret=SUCCESS |  
2019-09-03 09:43:03,206 | INFO  | SCMAudit | user=jenkins1000 | ip=192.168.69.126 | op=SEND_HEARTBEAT {datanodeUUID=fbf90420-a45e-48ce-b982-ff6e0a18d7ed, command=[]} | ret=SUCCESS |  
2019-09-03 09:43:03,557 | INFO  | SCMAudit | user=jenkins1000 | ip=192.168.69.126 | op=SEND_HEARTBEAT {datanodeUUID=5f62d077-1cb0-4aa3-be9b-0f443f88c284, command=[]} | ret=SUCCESS |  
2019-09-03 09:43:03,760 | INFO  | SCMAudit | user=jenkins1000 | ip=192.168.69.126 | op=SEND_HEARTBEAT {datanodeUUID=f1e690fe-d9d6-4f9a-b28d-4fa21d7465dc, command=[]} | ret=SUCCESS |  
2019-09-03 09:43:04,007 | INFO  | SCMAudit | user=jenkins1000 | ip=192.168.69.126 | op=SEND_HEARTBEAT {datanodeUUID=30b1b43b-2ac1-4227-ba9d-0d794daadc3a, command=[]} | ret=SUCCESS |  
2019-09-03 09:43:04,008 | INFO  | SCMAudit | user=jenkins1000 | ip=192.168.69.126 | op=SEND_HEARTBEAT {datanodeUUID=54a7770c-e3e5-4c4a-b2d5-1e155816e439, command=[]} | ret=SUCCESS |  
2019-09-03 09:43:04,049 | INFO  | SCMAudit | user=jenkins1000 | ip=192.168.69.126 | op=SEND_HEARTBEAT {datanodeUUID=dc57de79-aaca-47f1-971f-bd2f7461306f, command=[]} | ret=SUCCESS |  
2019-09-03 09:43:04,057 | INFO  | SCMAudit | user=jenkins1000 | ip=192.168.69.126 | op=SEND_HEARTBEAT {datanodeUUID=a24a5d44-532e-4ff6-8e9a-f2506e5c1784, command=[]} | ret=SUCCESS |  
2019-09-03 09:43:04,206 | INFO  | SCMAudit | user=jenkins1000 | ip=192.168.69.126 | op=SEND_HEARTBEAT {datanodeUUID=fbf90420-a45e-48ce-b982-ff6e0a18d7ed, command=[]} | ret=SUCCESS |  
2019-09-03 09:43:04,558 | INFO  | SCMAudit | user=jenkins1000 | ip=192.168.69.126 | op=SEND_HEARTBEAT {datanodeUUID=5f62d077-1cb0-4aa3-be9b-0f443f88c284, command=[]} | ret=SUCCESS |  
2019-09-03 09:43:04,761 | INFO  | SCMAudit | user=jenkins1000 | ip=192.168.69.126 | op=SEND_HEARTBEAT {datanodeUUID=f1e690fe-d9d6-4f9a-b28d-4fa21d7465dc, command=[]} | ret=SUCCESS |  
2019-09-03 09:43:05,006 | INFO  | SCMAudit | user=jenkins1000 | ip=192.168.69.126 | op=SEND_HEARTBEAT {datanodeUUID=30b1b43b-2ac1-4227-ba9d-0d794daadc3a, command=[]} | ret=SUCCESS |  
2019-09-03 09:43:05,008 | INFO  | SCMAudit | user=jenkins1000 | ip=192.168.69.126 | op=SEND_HEARTBEAT {datanodeUUID=54a7770c-e3e5-4c4a-b2d5-1e155816e439, command=[]} | ret=SUCCESS |  
2019-09-03 09:43:05,049 | INFO  | SCMAudit | user=jenkins1000 | ip=192.168.69.126 | op=SEND_HEARTBEAT {datanodeUUID=dc57de79-aaca-47f1-971f-bd2f7461306f, command=[]} | ret=SUCCESS |  
2019-09-03 09:43:05,057 | INFO  | SCMAudit | user=jenkins1000 | ip=192.168.69.126 | op=SEND_HEARTBEAT {datanodeUUID=a24a5d44-532e-4ff6-8e9a-f2506e5c1784, command=[]} | ret=SUCCESS |  
2019-09-03 09:43:05,206 | INFO  | SCMAudit | user=jenkins1000 | ip=192.168.69.126 | op=SEND_HEARTBEAT {datanodeUUID=fbf90420-a45e-48ce-b982-ff6e0a18d7ed, command=[]} | ret=SUCCESS |  
2019-09-03 09:43:05,557 | INFO  | SCMAudit | user=jenkins1000 | ip=192.168.69.126 | op=SEND_HEARTBEAT {datanodeUUID=5f62d077-1cb0-4aa3-be9b-0f443f88c284, command=[]} | ret=SUCCESS |  
2019-09-03 09:43:05,563 [grpc-default-executor-5] INFO  client.GrpcClientProtocolClient (GrpcClientProtocolClient.java:onNext(255)) - client-411D9B923220->dc57de79-aaca-47f1-971f-bd2f7461306f: receive RaftClientReply:client-411D9B923220->dc57de79-aaca-47f1-971f-bd2f7461306f@group-A3ADB0FA2990, cid=48, FAILED org.apache.ratis.protocol.NotLeaderException: Server dc57de79-aaca-47f1-971f-bd2f7461306f is not the leader (a24a5d44-532e-4ff6-8e9a-f2506e5c1784:192.168.69.126:37019). Request must be sent to leader., logIndex=0, commits[dc57de79-aaca-47f1-971f-bd2f7461306f:c8, 54a7770c-e3e5-4c4a-b2d5-1e155816e439:c8, a24a5d44-532e-4ff6-8e9a-f2506e5c1784:c8]
2019-09-03 09:43:05,761 | INFO  | SCMAudit | user=jenkins1000 | ip=192.168.69.126 | op=SEND_HEARTBEAT {datanodeUUID=f1e690fe-d9d6-4f9a-b28d-4fa21d7465dc, command=[]} | ret=SUCCESS |  
2019-09-03 09:43:06,007 | INFO  | SCMAudit | user=jenkins1000 | ip=192.168.69.126 | op=SEND_HEARTBEAT {datanodeUUID=30b1b43b-2ac1-4227-ba9d-0d794daadc3a, command=[]} | ret=SUCCESS |  
2019-09-03 09:43:06,008 | INFO  | SCMAudit | user=jenkins1000 | ip=192.168.69.126 | op=SEND_HEARTBEAT {datanodeUUID=54a7770c-e3e5-4c4a-b2d5-1e155816e439, command=[]} | ret=SUCCESS |  
2019-09-03 09:43:06,051 | INFO  | SCMAudit | user=jenkins1000 | ip=192.168.69.126 | op=SEND_HEARTBEAT {datanodeUUID=dc57de79-aaca-47f1-971f-bd2f7461306f, command=[]} | ret=SUCCESS |  
2019-09-03 09:43:06,057 | INFO  | SCMAudit | user=jenkins1000 | ip=192.168.69.126 | op=SEND_HEARTBEAT {datanodeUUID=a24a5d44-532e-4ff6-8e9a-f2506e5c1784, command=[]} | ret=SUCCESS |  
2019-09-03 09:43:06,206 | INFO  | SCMAudit | user=jenkins1000 | ip=192.168.69.126 | op=SEND_HEARTBEAT {datanodeUUID=fbf90420-a45e-48ce-b982-ff6e0a18d7ed, command=[]} | ret=SUCCESS |  
2019-09-03 09:43:06,557 | INFO  | SCMAudit | user=jenkins1000 | ip=192.168.69.126 | op=SEND_HEARTBEAT {datanodeUUID=5f62d077-1cb0-4aa3-be9b-0f443f88c284, command=[]} | ret=SUCCESS |  
2019-09-03 09:43:06,761 | INFO  | SCMAudit | user=jenkins1000 | ip=192.168.69.126 | op=SEND_HEARTBEAT {datanodeUUID=f1e690fe-d9d6-4f9a-b28d-4fa21d7465dc, command=[]} | ret=SUCCESS |  
2019-09-03 09:43:07,006 | INFO  | SCMAudit | user=jenkins1000 | ip=192.168.69.126 | op=SEND_HEARTBEAT {datanodeUUID=30b1b43b-2ac1-4227-ba9d-0d794daadc3a, command=[]} | ret=SUCCESS |  
2019-09-03 09:43:07,008 | INFO  | SCMAudit | user=jenkins1000 | ip=192.168.69.126 | op=SEND_HEARTBEAT {datanodeUUID=54a7770c-e3e5-4c4a-b2d5-1e155816e439, command=[]} | ret=SUCCESS |  
2019-09-03 09:43:07,051 | INFO  | SCMAudit | user=jenkins1000 | ip=192.168.69.126 | op=SEND_HEARTBEAT {datanodeUUID=dc57de79-aaca-47f1-971f-bd2f7461306f, command=[]} | ret=SUCCESS |  
2019-09-03 09:43:07,057 | INFO  | SCMAudit | user=jenkins1000 | ip=192.168.69.126 | op=SEND_HEARTBEAT {datanodeUUID=a24a5d44-532e-4ff6-8e9a-f2506e5c1784, command=[]} | ret=SUCCESS |  
2019-09-03 09:43:07,207 | INFO  | SCMAudit | user=jenkins1000 | ip=192.168.69.126 | op=SEND_HEARTBEAT {datanodeUUID=fbf90420-a45e-48ce-b982-ff6e0a18d7ed, command=[]} | ret=SUCCESS |  
2019-09-03 09:43:07,558 | INFO  | SCMAudit | user=jenkins1000 | ip=192.168.69.126 | op=SEND_HEARTBEAT {datanodeUUID=5f62d077-1cb0-4aa3-be9b-0f443f88c284, command=[]} | ret=SUCCESS |  
2019-09-03 09:43:07,763 | INFO  | SCMAudit | user=jenkins1000 | ip=192.168.69.126 | op=SEND_HEARTBEAT {datanodeUUID=f1e690fe-d9d6-4f9a-b28d-4fa21d7465dc, command=[]} | ret=SUCCESS |  
2019-09-03 09:43:08,007 | INFO  | SCMAudit | user=jenkins1000 | ip=192.168.69.126 | op=SEND_HEARTBEAT {datanodeUUID=30b1b43b-2ac1-4227-ba9d-0d794daadc3a, command=[]} | ret=SUCCESS |  
2019-09-03 09:43:08,008 | INFO  | SCMAudit | user=jenkins1000 | ip=192.168.69.126 | op=SEND_HEARTBEAT {datanodeUUID=54a7770c-e3e5-4c4a-b2d5-1e155816e439, command=[]} | ret=SUCCESS |  
2019-09-03 09:43:08,051 | INFO  | SCMAudit | user=jenkins1000 | ip=192.168.69.126 | op=SEND_HEARTBEAT {datanodeUUID=dc57de79-aaca-47f1-971f-bd2f7461306f, command=[]} | ret=SUCCESS |  
2019-09-03 09:43:08,057 | INFO  | SCMAudit | user=jenkins1000 | ip=192.168.69.126 | op=SEND_HEARTBEAT {datanodeUUID=a24a5d44-532e-4ff6-8e9a-f2506e5c1784, command=[]} | ret=SUCCESS |  
2019-09-03 09:43:08,206 | INFO  | SCMAudit | user=jenkins1000 | ip=192.168.69.126 | op=SEND_HEARTBEAT {datanodeUUID=fbf90420-a45e-48ce-b982-ff6e0a18d7ed, command=[]} | ret=SUCCESS |  
2019-09-03 09:43:08,560 | INFO  | SCMAudit | user=jenkins1000 | ip=192.168.69.126 | op=SEND_HEARTBEAT {datanodeUUID=5f62d077-1cb0-4aa3-be9b-0f443f88c284, command=[]} | ret=SUCCESS |  
2019-09-03 09:43:08,762 | INFO  | SCMAudit | user=jenkins1000 | ip=192.168.69.126 | op=SEND_HEARTBEAT {datanodeUUID=f1e690fe-d9d6-4f9a-b28d-4fa21d7465dc, command=[]} | ret=SUCCESS |  
2019-09-03 09:43:09,006 | INFO  | SCMAudit | user=jenkins1000 | ip=192.168.69.126 | op=SEND_HEARTBEAT {datanodeUUID=30b1b43b-2ac1-4227-ba9d-0d794daadc3a, command=[]} | ret=SUCCESS |  
2019-09-03 09:43:09,009 | INFO  | SCMAudit | user=jenkins1000 | ip=192.168.69.126 | op=SEND_HEARTBEAT {datanodeUUID=54a7770c-e3e5-4c4a-b2d5-1e155816e439, command=[]} | ret=SUCCESS |  
2019-09-03 09:43:09,052 | INFO  | SCMAudit | user=jenkins1000 | ip=192.168.69.126 | op=SEND_HEARTBEAT {datanodeUUID=dc57de79-aaca-47f1-971f-bd2f7461306f, command=[]} | ret=SUCCESS |  
2019-09-03 09:43:09,058 | INFO  | SCMAudit | user=jenkins1000 | ip=192.168.69.126 | op=SEND_HEARTBEAT {datanodeUUID=a24a5d44-532e-4ff6-8e9a-f2506e5c1784, command=[]} | ret=SUCCESS |  
2019-09-03 09:43:09,207 | INFO  | SCMAudit | user=jenkins1000 | ip=192.168.69.126 | op=SEND_HEARTBEAT {datanodeUUID=fbf90420-a45e-48ce-b982-ff6e0a18d7ed, command=[]} | ret=SUCCESS |  
2019-09-03 09:43:09,559 | INFO  | SCMAudit | user=jenkins1000 | ip=192.168.69.126 | op=SEND_HEARTBEAT {datanodeUUID=5f62d077-1cb0-4aa3-be9b-0f443f88c284, command=[]} | ret=SUCCESS |  
2019-09-03 09:43:09,762 | INFO  | SCMAudit | user=jenkins1000 | ip=192.168.69.126 | op=SEND_HEARTBEAT {datanodeUUID=f1e690fe-d9d6-4f9a-b28d-4fa21d7465dc, command=[]} | ret=SUCCESS |  
2019-09-03 09:43:10,006 | INFO  | SCMAudit | user=jenkins1000 | ip=192.168.69.126 | op=SEND_HEARTBEAT {datanodeUUID=30b1b43b-2ac1-4227-ba9d-0d794daadc3a, command=[]} | ret=SUCCESS |  
2019-09-03 09:43:10,009 | INFO  | SCMAudit | user=jenkins1000 | ip=192.168.69.126 | op=SEND_HEARTBEAT {datanodeUUID=54a7770c-e3e5-4c4a-b2d5-1e155816e439, command=[]} | ret=SUCCESS |  
2019-09-03 09:43:10,051 | INFO  | SCMAudit | user=jenkins1000 | ip=192.168.69.126 | op=SEND_HEARTBEAT {datanodeUUID=dc57de79-aaca-47f1-971f-bd2f7461306f, command=[]} | ret=SUCCESS |  
2019-09-03 09:43:10,057 | INFO  | SCMAudit | user=jenkins1000 | ip=192.168.69.126 | op=SEND_HEARTBEAT {datanodeUUID=a24a5d44-532e-4ff6-8e9a-f2506e5c1784, command=[]} | ret=SUCCESS |  
2019-09-03 09:43:10,206 | INFO  | SCMAudit | user=jenkins1000 | ip=192.168.69.126 | op=SEND_HEARTBEAT {datanodeUUID=fbf90420-a45e-48ce-b982-ff6e0a18d7ed, command=[]} | ret=SUCCESS |  
2019-09-03 09:43:10,560 | INFO  | SCMAudit | user=jenkins1000 | ip=192.168.69.126 | op=SEND_HEARTBEAT {datanodeUUID=5f62d077-1cb0-4aa3-be9b-0f443f88c284, command=[]} | ret=SUCCESS |  
2019-09-03 09:43:10,603 [grpc-default-executor-5] INFO  client.GrpcClientProtocolClient (GrpcClientProtocolClient.java:onNext(255)) - client-411D9B923220->54a7770c-e3e5-4c4a-b2d5-1e155816e439: receive RaftClientReply:client-411D9B923220->54a7770c-e3e5-4c4a-b2d5-1e155816e439@group-A3ADB0FA2990, cid=48, FAILED org.apache.ratis.protocol.NotLeaderException: Server 54a7770c-e3e5-4c4a-b2d5-1e155816e439 is not the leader (a24a5d44-532e-4ff6-8e9a-f2506e5c1784:192.168.69.126:37019). Request must be sent to leader., logIndex=0, commits[54a7770c-e3e5-4c4a-b2d5-1e155816e439:c8, dc57de79-aaca-47f1-971f-bd2f7461306f:c8, a24a5d44-532e-4ff6-8e9a-f2506e5c1784:c8]
2019-09-03 09:43:10,763 | INFO  | SCMAudit | user=jenkins1000 | ip=192.168.69.126 | op=SEND_HEARTBEAT {datanodeUUID=f1e690fe-d9d6-4f9a-b28d-4fa21d7465dc, command=[]} | ret=SUCCESS |  
2019-09-03 09:43:11,007 | INFO  | SCMAudit | user=jenkins1000 | ip=192.168.69.126 | op=SEND_HEARTBEAT {datanodeUUID=30b1b43b-2ac1-4227-ba9d-0d794daadc3a, command=[]} | ret=SUCCESS |  
2019-09-03 09:43:11,010 | INFO  | SCMAudit | user=jenkins1000 | ip=192.168.69.126 | op=SEND_HEARTBEAT {datanodeUUID=54a7770c-e3e5-4c4a-b2d5-1e155816e439, command=[]} | ret=SUCCESS |  
2019-09-03 09:43:11,051 | INFO  | SCMAudit | user=jenkins1000 | ip=192.168.69.126 | op=SEND_HEARTBEAT {datanodeUUID=dc57de79-aaca-47f1-971f-bd2f7461306f, command=[]} | ret=SUCCESS |  
2019-09-03 09:43:11,057 | INFO  | SCMAudit | user=jenkins1000 | ip=192.168.69.126 | op=SEND_HEARTBEAT {datanodeUUID=a24a5d44-532e-4ff6-8e9a-f2506e5c1784, command=[]} | ret=SUCCESS |  
2019-09-03 09:43:11,207 | INFO  | SCMAudit | user=jenkins1000 | ip=192.168.69.126 | op=SEND_HEARTBEAT {datanodeUUID=fbf90420-a45e-48ce-b982-ff6e0a18d7ed, command=[]} | ret=SUCCESS |  
2019-09-03 09:43:11,559 | INFO  | SCMAudit | user=jenkins1000 | ip=192.168.69.126 | op=SEND_HEARTBEAT {datanodeUUID=5f62d077-1cb0-4aa3-be9b-0f443f88c284, command=[]} | ret=SUCCESS |  
2019-09-03 09:43:11,763 | INFO  | SCMAudit | user=jenkins1000 | ip=192.168.69.126 | op=SEND_HEARTBEAT {datanodeUUID=f1e690fe-d9d6-4f9a-b28d-4fa21d7465dc, command=[]} | ret=SUCCESS |  
2019-09-03 09:43:12,007 | INFO  | SCMAudit | user=jenkins1000 | ip=192.168.69.126 | op=SEND_HEARTBEAT {datanodeUUID=30b1b43b-2ac1-4227-ba9d-0d794daadc3a, command=[]} | ret=SUCCESS |  
2019-09-03 09:43:12,009 | INFO  | SCMAudit | user=jenkins1000 | ip=192.168.69.126 | op=SEND_HEARTBEAT {datanodeUUID=54a7770c-e3e5-4c4a-b2d5-1e155816e439, command=[]} | ret=SUCCESS |  
2019-09-03 09:43:12,051 | INFO  | SCMAudit | user=jenkins1000 | ip=192.168.69.126 | op=SEND_HEARTBEAT {datanodeUUID=dc57de79-aaca-47f1-971f-bd2f7461306f, command=[]} | ret=SUCCESS |  
2019-09-03 09:43:12,057 | INFO  | SCMAudit | user=jenkins1000 | ip=192.168.69.126 | op=SEND_HEARTBEAT {datanodeUUID=a24a5d44-532e-4ff6-8e9a-f2506e5c1784, command=[]} | ret=SUCCESS |  
2019-09-03 09:43:12,207 | INFO  | SCMAudit | user=jenkins1000 | ip=192.168.69.126 | op=SEND_HEARTBEAT {datanodeUUID=fbf90420-a45e-48ce-b982-ff6e0a18d7ed, command=[]} | ret=SUCCESS |  
2019-09-03 09:43:12,560 | INFO  | SCMAudit | user=jenkins1000 | ip=192.168.69.126 | op=SEND_HEARTBEAT {datanodeUUID=5f62d077-1cb0-4aa3-be9b-0f443f88c284, command=[]} | ret=SUCCESS |  
2019-09-03 09:43:12,763 | INFO  | SCMAudit | user=jenkins1000 | ip=192.168.69.126 | op=SEND_HEARTBEAT {datanodeUUID=f1e690fe-d9d6-4f9a-b28d-4fa21d7465dc, command=[]} | ret=SUCCESS |  
2019-09-03 09:43:13,008 | INFO  | SCMAudit | user=jenkins1000 | ip=192.168.69.126 | op=SEND_HEARTBEAT {datanodeUUID=30b1b43b-2ac1-4227-ba9d-0d794daadc3a, command=[]} | ret=SUCCESS |  
2019-09-03 09:43:13,009 | INFO  | SCMAudit | user=jenkins1000 | ip=192.168.69.126 | op=SEND_HEARTBEAT {datanodeUUID=54a7770c-e3e5-4c4a-b2d5-1e155816e439, command=[]} | ret=SUCCESS |  
2019-09-03 09:43:13,052 | INFO  | SCMAudit | user=jenkins1000 | ip=192.168.69.126 | op=SEND_HEARTBEAT {datanodeUUID=dc57de79-aaca-47f1-971f-bd2f7461306f, command=[]} | ret=SUCCESS |  
2019-09-03 09:43:13,058 | INFO  | SCMAudit | user=jenkins1000 | ip=192.168.69.126 | op=SEND_HEARTBEAT {datanodeUUID=a24a5d44-532e-4ff6-8e9a-f2506e5c1784, command=[]} | ret=SUCCESS |  
2019-09-03 09:43:13,207 | INFO  | SCMAudit | user=jenkins1000 | ip=192.168.69.126 | op=SEND_HEARTBEAT {datanodeUUID=fbf90420-a45e-48ce-b982-ff6e0a18d7ed, command=[]} | ret=SUCCESS |  
2019-09-03 09:43:13,560 | INFO  | SCMAudit | user=jenkins1000 | ip=192.168.69.126 | op=SEND_HEARTBEAT {datanodeUUID=5f62d077-1cb0-4aa3-be9b-0f443f88c284, command=[]} | ret=SUCCESS |  
2019-09-03 09:43:13,763 | INFO  | SCMAudit | user=jenkins1000 | ip=192.168.69.126 | op=SEND_HEARTBEAT {datanodeUUID=f1e690fe-d9d6-4f9a-b28d-4fa21d7465dc, command=[]} | ret=SUCCESS |  
2019-09-03 09:43:14,007 | INFO  | SCMAudit | user=jenkins1000 | ip=192.168.69.126 | op=SEND_HEARTBEAT {datanodeUUID=30b1b43b-2ac1-4227-ba9d-0d794daadc3a, command=[]} | ret=SUCCESS |  
2019-09-03 09:43:14,009 | INFO  | SCMAudit | user=jenkins1000 | ip=192.168.69.126 | op=SEND_HEARTBEAT {datanodeUUID=54a7770c-e3e5-4c4a-b2d5-1e155816e439, command=[]} | ret=SUCCESS |  
2019-09-03 09:43:14,052 | INFO  | SCMAudit | user=jenkins1000 | ip=192.168.69.126 | op=SEND_HEARTBEAT {datanodeUUID=dc57de79-aaca-47f1-971f-bd2f7461306f, command=[]} | ret=SUCCESS |  
2019-09-03 09:43:14,058 | INFO  | SCMAudit | user=jenkins1000 | ip=192.168.69.126 | op=SEND_HEARTBEAT {datanodeUUID=a24a5d44-532e-4ff6-8e9a-f2506e5c1784, command=[]} | ret=SUCCESS |  
2019-09-03 09:43:14,207 | INFO  | SCMAudit | user=jenkins1000 | ip=192.168.69.126 | op=SEND_HEARTBEAT {datanodeUUID=fbf90420-a45e-48ce-b982-ff6e0a18d7ed, command=[]} | ret=SUCCESS |  
2019-09-03 09:43:14,561 | INFO  | SCMAudit | user=jenkins1000 | ip=192.168.69.126 | op=SEND_HEARTBEAT {datanodeUUID=5f62d077-1cb0-4aa3-be9b-0f443f88c284, command=[]} | ret=SUCCESS |  
2019-09-03 09:43:14,764 | INFO  | SCMAudit | user=jenkins1000 | ip=192.168.69.126 | op=SEND_HEARTBEAT {datanodeUUID=f1e690fe-d9d6-4f9a-b28d-4fa21d7465dc, command=[]} | ret=SUCCESS |  
2019-09-03 09:43:15,008 | INFO  | SCMAudit | user=jenkins1000 | ip=192.168.69.126 | op=SEND_HEARTBEAT {datanodeUUID=30b1b43b-2ac1-4227-ba9d-0d794daadc3a, command=[]} | ret=SUCCESS |  
2019-09-03 09:43:15,009 | INFO  | SCMAudit | user=jenkins1000 | ip=192.168.69.126 | op=SEND_HEARTBEAT {datanodeUUID=54a7770c-e3e5-4c4a-b2d5-1e155816e439, command=[]} | ret=SUCCESS |  
2019-09-03 09:43:15,052 | INFO  | SCMAudit | user=jenkins1000 | ip=192.168.69.126 | op=SEND_HEARTBEAT {datanodeUUID=dc57de79-aaca-47f1-971f-bd2f7461306f, command=[]} | ret=SUCCESS |  
2019-09-03 09:43:15,058 | INFO  | SCMAudit | user=jenkins1000 | ip=192.168.69.126 | op=SEND_HEARTBEAT {datanodeUUID=a24a5d44-532e-4ff6-8e9a-f2506e5c1784, command=[]} | ret=SUCCESS |  
2019-09-03 09:43:15,207 | INFO  | SCMAudit | user=jenkins1000 | ip=192.168.69.126 | op=SEND_HEARTBEAT {datanodeUUID=fbf90420-a45e-48ce-b982-ff6e0a18d7ed, command=[]} | ret=SUCCESS |  
2019-09-03 09:43:15,560 | INFO  | SCMAudit | user=jenkins1000 | ip=192.168.69.126 | op=SEND_HEARTBEAT {datanodeUUID=5f62d077-1cb0-4aa3-be9b-0f443f88c284, command=[]} | ret=SUCCESS |  
2019-09-03 09:43:15,647 [grpc-default-executor-5] INFO  client.GrpcClientProtocolClient (GrpcClientProtocolClient.java:onNext(255)) - client-411D9B923220->dc57de79-aaca-47f1-971f-bd2f7461306f: receive RaftClientReply:client-411D9B923220->dc57de79-aaca-47f1-971f-bd2f7461306f@group-A3ADB0FA2990, cid=48, FAILED org.apache.ratis.protocol.NotLeaderException: Server dc57de79-aaca-47f1-971f-bd2f7461306f is not the leader (a24a5d44-532e-4ff6-8e9a-f2506e5c1784:192.168.69.126:37019). Request must be sent to leader., logIndex=0, commits[dc57de79-aaca-47f1-971f-bd2f7461306f:c8, 54a7770c-e3e5-4c4a-b2d5-1e155816e439:c8, a24a5d44-532e-4ff6-8e9a-f2506e5c1784:c8]
2019-09-03 09:43:15,764 | INFO  | SCMAudit | user=jenkins1000 | ip=192.168.69.126 | op=SEND_HEARTBEAT {datanodeUUID=f1e690fe-d9d6-4f9a-b28d-4fa21d7465dc, command=[]} | ret=SUCCESS |  
2019-09-03 09:43:16,008 | INFO  | SCMAudit | user=jenkins1000 | ip=192.168.69.126 | op=SEND_HEARTBEAT {datanodeUUID=30b1b43b-2ac1-4227-ba9d-0d794daadc3a, command=[]} | ret=SUCCESS |  
2019-09-03 09:43:16,009 | INFO  | SCMAudit | user=jenkins1000 | ip=192.168.69.126 | op=SEND_HEARTBEAT {datanodeUUID=54a7770c-e3e5-4c4a-b2d5-1e155816e439, command=[]} | ret=SUCCESS |  
2019-09-03 09:43:16,053 | INFO  | SCMAudit | user=jenkins1000 | ip=192.168.69.126 | op=SEND_HEARTBEAT {datanodeUUID=dc57de79-aaca-47f1-971f-bd2f7461306f, command=[]} | ret=SUCCESS |  
2019-09-03 09:43:16,058 | INFO  | SCMAudit | user=jenkins1000 | ip=192.168.69.126 | op=SEND_HEARTBEAT {datanodeUUID=a24a5d44-532e-4ff6-8e9a-f2506e5c1784, command=[]} | ret=SUCCESS |  
2019-09-03 09:43:16,207 | INFO  | SCMAudit | user=jenkins1000 | ip=192.168.69.126 | op=SEND_HEARTBEAT {datanodeUUID=fbf90420-a45e-48ce-b982-ff6e0a18d7ed, command=[]} | ret=SUCCESS |  
2019-09-03 09:43:16,560 | INFO  | SCMAudit | user=jenkins1000 | ip=192.168.69.126 | op=SEND_HEARTBEAT {datanodeUUID=5f62d077-1cb0-4aa3-be9b-0f443f88c284, command=[]} | ret=SUCCESS |  
2019-09-03 09:43:16,765 | INFO  | SCMAudit | user=jenkins1000 | ip=192.168.69.126 | op=SEND_HEARTBEAT {datanodeUUID=f1e690fe-d9d6-4f9a-b28d-4fa21d7465dc, command=[]} | ret=SUCCESS |  
2019-09-03 09:43:17,008 | INFO  | SCMAudit | user=jenkins1000 | ip=192.168.69.126 | op=SEND_HEARTBEAT {datanodeUUID=30b1b43b-2ac1-4227-ba9d-0d794daadc3a, command=[]} | ret=SUCCESS |  
2019-09-03 09:43:17,008 | INFO  | SCMAudit | user=jenkins1000 | ip=192.168.69.126 | op=SEND_HEARTBEAT {datanodeUUID=54a7770c-e3e5-4c4a-b2d5-1e155816e439, command=[]} | ret=SUCCESS |  
2019-09-03 09:43:17,053 | INFO  | SCMAudit | user=jenkins1000 | ip=192.168.69.126 | op=SEND_HEARTBEAT {datanodeUUID=dc57de79-aaca-47f1-971f-bd2f7461306f, command=[]} | ret=SUCCESS |  
2019-09-03 09:43:17,058 | INFO  | SCMAudit | user=jenkins1000 | ip=192.168.69.126 | op=SEND_HEARTBEAT {datanodeUUID=a24a5d44-532e-4ff6-8e9a-f2506e5c1784, command=[]} | ret=SUCCESS |  
2019-09-03 09:43:17,208 | INFO  | SCMAudit | user=jenkins1000 | ip=192.168.69.126 | op=SEND_HEARTBEAT {datanodeUUID=fbf90420-a45e-48ce-b982-ff6e0a18d7ed, command=[]} | ret=SUCCESS |  
2019-09-03 09:43:17,561 | INFO  | SCMAudit | user=jenkins1000 | ip=192.168.69.126 | op=SEND_HEARTBEAT {datanodeUUID=5f62d077-1cb0-4aa3-be9b-0f443f88c284, command=[]} | ret=SUCCESS |  
2019-09-03 09:43:17,764 | INFO  | SCMAudit | user=jenkins1000 | ip=192.168.69.126 | op=SEND_HEARTBEAT {datanodeUUID=f1e690fe-d9d6-4f9a-b28d-4fa21d7465dc, command=[]} | ret=SUCCESS |  
2019-09-03 09:43:18,008 | INFO  | SCMAudit | user=jenkins1000 | ip=192.168.69.126 | op=SEND_HEARTBEAT {datanodeUUID=30b1b43b-2ac1-4227-ba9d-0d794daadc3a, command=[]} | ret=SUCCESS |  
2019-09-03 09:43:18,010 | INFO  | SCMAudit | user=jenkins1000 | ip=192.168.69.126 | op=SEND_HEARTBEAT {datanodeUUID=54a7770c-e3e5-4c4a-b2d5-1e155816e439, command=[]} | ret=SUCCESS |  
2019-09-03 09:43:18,053 | INFO  | SCMAudit | user=jenkins1000 | ip=192.168.69.126 | op=SEND_HEARTBEAT {datanodeUUID=dc57de79-aaca-47f1-971f-bd2f7461306f, command=[]} | ret=SUCCESS |  
2019-09-03 09:43:18,058 | INFO  | SCMAudit | user=jenkins1000 | ip=192.168.69.126 | op=SEND_HEARTBEAT {datanodeUUID=a24a5d44-532e-4ff6-8e9a-f2506e5c1784, command=[]} | ret=SUCCESS |  
2019-09-03 09:43:18,208 | INFO  | SCMAudit | user=jenkins1000 | ip=192.168.69.126 | op=SEND_HEARTBEAT {datanodeUUID=fbf90420-a45e-48ce-b982-ff6e0a18d7ed, command=[]} | ret=SUCCESS |  
2019-09-03 09:43:18,561 | INFO  | SCMAudit | user=jenkins1000 | ip=192.168.69.126 | op=SEND_HEARTBEAT {datanodeUUID=5f62d077-1cb0-4aa3-be9b-0f443f88c284, command=[]} | ret=SUCCESS |  
2019-09-03 09:43:18,764 | INFO  | SCMAudit | user=jenkins1000 | ip=192.168.69.126 | op=SEND_HEARTBEAT {datanodeUUID=f1e690fe-d9d6-4f9a-b28d-4fa21d7465dc, command=[]} | ret=SUCCESS |  
2019-09-03 09:43:19,009 | INFO  | SCMAudit | user=jenkins1000 | ip=192.168.69.126 | op=SEND_HEARTBEAT {datanodeUUID=30b1b43b-2ac1-4227-ba9d-0d794daadc3a, command=[]} | ret=SUCCESS |  
2019-09-03 09:43:19,010 | INFO  | SCMAudit | user=jenkins1000 | ip=192.168.69.126 | op=SEND_HEARTBEAT {datanodeUUID=54a7770c-e3e5-4c4a-b2d5-1e155816e439, command=[]} | ret=SUCCESS |  
2019-09-03 09:43:19,054 | INFO  | SCMAudit | user=jenkins1000 | ip=192.168.69.126 | op=SEND_HEARTBEAT {datanodeUUID=dc57de79-aaca-47f1-971f-bd2f7461306f, command=[]} | ret=SUCCESS |  
2019-09-03 09:43:19,059 | INFO  | SCMAudit | user=jenkins1000 | ip=192.168.69.126 | op=SEND_HEARTBEAT {datanodeUUID=a24a5d44-532e-4ff6-8e9a-f2506e5c1784, command=[]} | ret=SUCCESS |  
2019-09-03 09:43:19,208 | INFO  | SCMAudit | user=jenkins1000 | ip=192.168.69.126 | op=SEND_HEARTBEAT {datanodeUUID=fbf90420-a45e-48ce-b982-ff6e0a18d7ed, command=[]} | ret=SUCCESS |  
2019-09-03 09:43:19,562 | INFO  | SCMAudit | user=jenkins1000 | ip=192.168.69.126 | op=SEND_HEARTBEAT {datanodeUUID=5f62d077-1cb0-4aa3-be9b-0f443f88c284, command=[]} | ret=SUCCESS |  
2019-09-03 09:43:19,765 | INFO  | SCMAudit | user=jenkins1000 | ip=192.168.69.126 | op=SEND_HEARTBEAT {datanodeUUID=f1e690fe-d9d6-4f9a-b28d-4fa21d7465dc, command=[]} | ret=SUCCESS |  
2019-09-03 09:43:20,009 | INFO  | SCMAudit | user=jenkins1000 | ip=192.168.69.126 | op=SEND_HEARTBEAT {datanodeUUID=30b1b43b-2ac1-4227-ba9d-0d794daadc3a, command=[]} | ret=SUCCESS |  
2019-09-03 09:43:20,011 | INFO  | SCMAudit | user=jenkins1000 | ip=192.168.69.126 | op=SEND_HEARTBEAT {datanodeUUID=54a7770c-e3e5-4c4a-b2d5-1e155816e439, command=[]} | ret=SUCCESS |  
2019-09-03 09:43:20,053 | INFO  | SCMAudit | user=jenkins1000 | ip=192.168.69.126 | op=SEND_HEARTBEAT {datanodeUUID=dc57de79-aaca-47f1-971f-bd2f7461306f, command=[]} | ret=SUCCESS |  
2019-09-03 09:43:20,059 | INFO  | SCMAudit | user=jenkins1000 | ip=192.168.69.126 | op=SEND_HEARTBEAT {datanodeUUID=a24a5d44-532e-4ff6-8e9a-f2506e5c1784, command=[]} | ret=SUCCESS |  
2019-09-03 09:43:20,209 | INFO  | SCMAudit | user=jenkins1000 | ip=192.168.69.126 | op=SEND_HEARTBEAT {datanodeUUID=fbf90420-a45e-48ce-b982-ff6e0a18d7ed, command=[]} | ret=SUCCESS |  
2019-09-03 09:43:20,562 | INFO  | SCMAudit | user=jenkins1000 | ip=192.168.69.126 | op=SEND_HEARTBEAT {datanodeUUID=5f62d077-1cb0-4aa3-be9b-0f443f88c284, command=[]} | ret=SUCCESS |  
2019-09-03 09:43:20,687 [grpc-default-executor-5] INFO  client.GrpcClientProtocolClient (GrpcClientProtocolClient.java:onNext(255)) - client-411D9B923220->dc57de79-aaca-47f1-971f-bd2f7461306f: receive RaftClientReply:client-411D9B923220->dc57de79-aaca-47f1-971f-bd2f7461306f@group-A3ADB0FA2990, cid=48, FAILED org.apache.ratis.protocol.NotLeaderException: Server dc57de79-aaca-47f1-971f-bd2f7461306f is not the leader (a24a5d44-532e-4ff6-8e9a-f2506e5c1784:192.168.69.126:37019). Request must be sent to leader., logIndex=0, commits[dc57de79-aaca-47f1-971f-bd2f7461306f:c8, 54a7770c-e3e5-4c4a-b2d5-1e155816e439:c8, a24a5d44-532e-4ff6-8e9a-f2506e5c1784:c8]
2019-09-03 09:43:20,765 | INFO  | SCMAudit | user=jenkins1000 | ip=192.168.69.126 | op=SEND_HEARTBEAT {datanodeUUID=f1e690fe-d9d6-4f9a-b28d-4fa21d7465dc, command=[]} | ret=SUCCESS |  
2019-09-03 09:43:21,010 | INFO  | SCMAudit | user=jenkins1000 | ip=192.168.69.126 | op=SEND_HEARTBEAT {datanodeUUID=30b1b43b-2ac1-4227-ba9d-0d794daadc3a, command=[]} | ret=SUCCESS |  
2019-09-03 09:43:21,010 | INFO  | SCMAudit | user=jenkins1000 | ip=192.168.69.126 | op=SEND_HEARTBEAT {datanodeUUID=54a7770c-e3e5-4c4a-b2d5-1e155816e439, command=[]} | ret=SUCCESS |  
2019-09-03 09:43:21,053 | INFO  | SCMAudit | user=jenkins1000 | ip=192.168.69.126 | op=SEND_HEARTBEAT {datanodeUUID=dc57de79-aaca-47f1-971f-bd2f7461306f, command=[]} | ret=SUCCESS |  
2019-09-03 09:43:21,060 | INFO  | SCMAudit | user=jenkins1000 | ip=192.168.69.126 | op=SEND_HEARTBEAT {datanodeUUID=a24a5d44-532e-4ff6-8e9a-f2506e5c1784, command=[]} | ret=SUCCESS |  
2019-09-03 09:43:21,209 | INFO  | SCMAudit | user=jenkins1000 | ip=192.168.69.126 | op=SEND_HEARTBEAT {datanodeUUID=fbf90420-a45e-48ce-b982-ff6e0a18d7ed, command=[]} | ret=SUCCESS |  
2019-09-03 09:43:21,563 | INFO  | SCMAudit | user=jenkins1000 | ip=192.168.69.126 | op=SEND_HEARTBEAT {datanodeUUID=5f62d077-1cb0-4aa3-be9b-0f443f88c284, command=[]} | ret=SUCCESS |  
2019-09-03 09:43:21,766 | INFO  | SCMAudit | user=jenkins1000 | ip=192.168.69.126 | op=SEND_HEARTBEAT {datanodeUUID=f1e690fe-d9d6-4f9a-b28d-4fa21d7465dc, command=[]} | ret=SUCCESS |  
2019-09-03 09:43:22,009 | INFO  | SCMAudit | user=jenkins1000 | ip=192.168.69.126 | op=SEND_HEARTBEAT {datanodeUUID=30b1b43b-2ac1-4227-ba9d-0d794daadc3a, command=[]} | ret=SUCCESS |  
2019-09-03 09:43:22,010 | INFO  | SCMAudit | user=jenkins1000 | ip=192.168.69.126 | op=SEND_HEARTBEAT {datanodeUUID=54a7770c-e3e5-4c4a-b2d5-1e155816e439, command=[]} | ret=SUCCESS |  
2019-09-03 09:43:22,054 | INFO  | SCMAudit | user=jenkins1000 | ip=192.168.69.126 | op=SEND_HEARTBEAT {datanodeUUID=dc57de79-aaca-47f1-971f-bd2f7461306f, command=[]} | ret=SUCCESS |  
2019-09-03 09:43:22,065 | INFO  | SCMAudit | user=jenkins1000 | ip=192.168.69.126 | op=SEND_HEARTBEAT {datanodeUUID=a24a5d44-532e-4ff6-8e9a-f2506e5c1784, command=[]} | ret=SUCCESS |  
2019-09-03 09:43:22,210 | INFO  | SCMAudit | user=jenkins1000 | ip=192.168.69.126 | op=SEND_HEARTBEAT {datanodeUUID=fbf90420-a45e-48ce-b982-ff6e0a18d7ed, command=[]} | ret=SUCCESS |  
2019-09-03 09:43:22,563 | INFO  | SCMAudit | user=jenkins1000 | ip=192.168.69.126 | op=SEND_HEARTBEAT {datanodeUUID=5f62d077-1cb0-4aa3-be9b-0f443f88c284, command=[]} | ret=SUCCESS |  
2019-09-03 09:43:22,766 | INFO  | SCMAudit | user=jenkins1000 | ip=192.168.69.126 | op=SEND_HEARTBEAT {datanodeUUID=f1e690fe-d9d6-4f9a-b28d-4fa21d7465dc, command=[]} | ret=SUCCESS |  
2019-09-03 09:43:23,010 | INFO  | SCMAudit | user=jenkins1000 | ip=192.168.69.126 | op=SEND_HEARTBEAT {datanodeUUID=30b1b43b-2ac1-4227-ba9d-0d794daadc3a, command=[]} | ret=SUCCESS |  
2019-09-03 09:43:23,010 | INFO  | SCMAudit | user=jenkins1000 | ip=192.168.69.126 | op=SEND_HEARTBEAT {datanodeUUID=54a7770c-e3e5-4c4a-b2d5-1e155816e439, command=[]} | ret=SUCCESS |  
2019-09-03 09:43:23,053 | INFO  | SCMAudit | user=jenkins1000 | ip=192.168.69.126 | op=SEND_HEARTBEAT {datanodeUUID=dc57de79-aaca-47f1-971f-bd2f7461306f, command=[]} | ret=SUCCESS |  
2019-09-03 09:43:23,065 | INFO  | SCMAudit | user=jenkins1000 | ip=192.168.69.126 | op=SEND_HEARTBEAT {datanodeUUID=a24a5d44-532e-4ff6-8e9a-f2506e5c1784, command=[]} | ret=SUCCESS |  
2019-09-03 09:43:23,210 | INFO  | SCMAudit | user=jenkins1000 | ip=192.168.69.126 | op=SEND_HEARTBEAT {datanodeUUID=fbf90420-a45e-48ce-b982-ff6e0a18d7ed, command=[]} | ret=SUCCESS |  
2019-09-03 09:43:23,564 | INFO  | SCMAudit | user=jenkins1000 | ip=192.168.69.126 | op=SEND_HEARTBEAT {datanodeUUID=5f62d077-1cb0-4aa3-be9b-0f443f88c284, command=[]} | ret=SUCCESS |  
2019-09-03 09:43:23,766 | INFO  | SCMAudit | user=jenkins1000 | ip=192.168.69.126 | op=SEND_HEARTBEAT {datanodeUUID=f1e690fe-d9d6-4f9a-b28d-4fa21d7465dc, command=[]} | ret=SUCCESS |  
2019-09-03 09:43:24,010 | INFO  | SCMAudit | user=jenkins1000 | ip=192.168.69.126 | op=SEND_HEARTBEAT {datanodeUUID=54a7770c-e3e5-4c4a-b2d5-1e155816e439, command=[]} | ret=SUCCESS |  
2019-09-03 09:43:24,010 | INFO  | SCMAudit | user=jenkins1000 | ip=192.168.69.126 | op=SEND_HEARTBEAT {datanodeUUID=30b1b43b-2ac1-4227-ba9d-0d794daadc3a, command=[]} | ret=SUCCESS |  
2019-09-03 09:43:24,053 | INFO  | SCMAudit | user=jenkins1000 | ip=192.168.69.126 | op=SEND_HEARTBEAT {datanodeUUID=dc57de79-aaca-47f1-971f-bd2f7461306f, command=[]} | ret=SUCCESS |  
2019-09-03 09:43:24,065 | INFO  | SCMAudit | user=jenkins1000 | ip=192.168.69.126 | op=SEND_HEARTBEAT {datanodeUUID=a24a5d44-532e-4ff6-8e9a-f2506e5c1784, command=[]} | ret=SUCCESS |  
2019-09-03 09:43:24,210 | INFO  | SCMAudit | user=jenkins1000 | ip=192.168.69.126 | op=SEND_HEARTBEAT {datanodeUUID=fbf90420-a45e-48ce-b982-ff6e0a18d7ed, command=[]} | ret=SUCCESS |  
2019-09-03 09:43:24,563 | INFO  | SCMAudit | user=jenkins1000 | ip=192.168.69.126 | op=SEND_HEARTBEAT {datanodeUUID=5f62d077-1cb0-4aa3-be9b-0f443f88c284, command=[]} | ret=SUCCESS |  
2019-09-03 09:43:24,767 | INFO  | SCMAudit | user=jenkins1000 | ip=192.168.69.126 | op=SEND_HEARTBEAT {datanodeUUID=f1e690fe-d9d6-4f9a-b28d-4fa21d7465dc, command=[]} | ret=SUCCESS |  
2019-09-03 09:43:25,011 | INFO  | SCMAudit | user=jenkins1000 | ip=192.168.69.126 | op=SEND_HEARTBEAT {datanodeUUID=30b1b43b-2ac1-4227-ba9d-0d794daadc3a, command=[]} | ret=SUCCESS |  
2019-09-03 09:43:25,011 | INFO  | SCMAudit | user=jenkins1000 | ip=192.168.69.126 | op=SEND_HEARTBEAT {datanodeUUID=54a7770c-e3e5-4c4a-b2d5-1e155816e439, command=[]} | ret=SUCCESS |  
2019-09-03 09:43:25,053 | INFO  | SCMAudit | user=jenkins1000 | ip=192.168.69.126 | op=SEND_HEARTBEAT {datanodeUUID=dc57de79-aaca-47f1-971f-bd2f7461306f, command=[]} | ret=SUCCESS |  
2019-09-03 09:43:25,065 | INFO  | SCMAudit | user=jenkins1000 | ip=192.168.69.126 | op=SEND_HEARTBEAT {datanodeUUID=a24a5d44-532e-4ff6-8e9a-f2506e5c1784, command=[]} | ret=SUCCESS |  
2019-09-03 09:43:25,211 | INFO  | SCMAudit | user=jenkins1000 | ip=192.168.69.126 | op=SEND_HEARTBEAT {datanodeUUID=fbf90420-a45e-48ce-b982-ff6e0a18d7ed, command=[]} | ret=SUCCESS |  
2019-09-03 09:43:25,563 | INFO  | SCMAudit | user=jenkins1000 | ip=192.168.69.126 | op=SEND_HEARTBEAT {datanodeUUID=5f62d077-1cb0-4aa3-be9b-0f443f88c284, command=[]} | ret=SUCCESS |  
2019-09-03 09:43:25,734 [grpc-default-executor-6] INFO  client.GrpcClientProtocolClient (GrpcClientProtocolClient.java:onNext(255)) - client-411D9B923220->dc57de79-aaca-47f1-971f-bd2f7461306f: receive RaftClientReply:client-411D9B923220->dc57de79-aaca-47f1-971f-bd2f7461306f@group-A3ADB0FA2990, cid=48, FAILED org.apache.ratis.protocol.NotLeaderException: Server dc57de79-aaca-47f1-971f-bd2f7461306f is not the leader (a24a5d44-532e-4ff6-8e9a-f2506e5c1784:192.168.69.126:37019). Request must be sent to leader., logIndex=0, commits[dc57de79-aaca-47f1-971f-bd2f7461306f:c8, 54a7770c-e3e5-4c4a-b2d5-1e155816e439:c8, a24a5d44-532e-4ff6-8e9a-f2506e5c1784:c8]
2019-09-03 09:43:25,767 | INFO  | SCMAudit | user=jenkins1000 | ip=192.168.69.126 | op=SEND_HEARTBEAT {datanodeUUID=f1e690fe-d9d6-4f9a-b28d-4fa21d7465dc, command=[]} | ret=SUCCESS |  
2019-09-03 09:43:26,011 | INFO  | SCMAudit | user=jenkins1000 | ip=192.168.69.126 | op=SEND_HEARTBEAT {datanodeUUID=54a7770c-e3e5-4c4a-b2d5-1e155816e439, command=[]} | ret=SUCCESS |  
2019-09-03 09:43:26,011 | INFO  | SCMAudit | user=jenkins1000 | ip=192.168.69.126 | op=SEND_HEARTBEAT {datanodeUUID=30b1b43b-2ac1-4227-ba9d-0d794daadc3a, command=[]} | ret=SUCCESS |  
2019-09-03 09:43:26,053 | INFO  | SCMAudit | user=jenkins1000 | ip=192.168.69.126 | op=SEND_HEARTBEAT {datanodeUUID=dc57de79-aaca-47f1-971f-bd2f7461306f, command=[]} | ret=SUCCESS |  
2019-09-03 09:43:26,065 | INFO  | SCMAudit | user=jenkins1000 | ip=192.168.69.126 | op=SEND_HEARTBEAT {datanodeUUID=a24a5d44-532e-4ff6-8e9a-f2506e5c1784, command=[]} | ret=SUCCESS |  
2019-09-03 09:43:26,210 | INFO  | SCMAudit | user=jenkins1000 | ip=192.168.69.126 | op=SEND_HEARTBEAT {datanodeUUID=fbf90420-a45e-48ce-b982-ff6e0a18d7ed, command=[]} | ret=SUCCESS |  
2019-09-03 09:43:26,563 | INFO  | SCMAudit | user=jenkins1000 | ip=192.168.69.126 | op=SEND_HEARTBEAT {datanodeUUID=5f62d077-1cb0-4aa3-be9b-0f443f88c284, command=[]} | ret=SUCCESS |  
2019-09-03 09:43:26,767 | INFO  | SCMAudit | user=jenkins1000 | ip=192.168.69.126 | op=SEND_HEARTBEAT {datanodeUUID=f1e690fe-d9d6-4f9a-b28d-4fa21d7465dc, command=[]} | ret=SUCCESS |  
2019-09-03 09:43:27,011 | INFO  | SCMAudit | user=jenkins1000 | ip=192.168.69.126 | op=SEND_HEARTBEAT {datanodeUUID=30b1b43b-2ac1-4227-ba9d-0d794daadc3a, command=[]} | ret=SUCCESS |  
2019-09-03 09:43:27,011 | INFO  | SCMAudit | user=jenkins1000 | ip=192.168.69.126 | op=SEND_HEARTBEAT {datanodeUUID=54a7770c-e3e5-4c4a-b2d5-1e155816e439, command=[]} | ret=SUCCESS |  
2019-09-03 09:43:27,053 | INFO  | SCMAudit | user=jenkins1000 | ip=192.168.69.126 | op=SEND_HEARTBEAT {datanodeUUID=dc57de79-aaca-47f1-971f-bd2f7461306f, command=[]} | ret=SUCCESS |  
2019-09-03 09:43:27,065 | INFO  | SCMAudit | user=jenkins1000 | ip=192.168.69.126 | op=SEND_HEARTBEAT {datanodeUUID=a24a5d44-532e-4ff6-8e9a-f2506e5c1784, command=[]} | ret=SUCCESS |  
2019-09-03 09:43:27,210 | INFO  | SCMAudit | user=jenkins1000 | ip=192.168.69.126 | op=SEND_HEARTBEAT {datanodeUUID=fbf90420-a45e-48ce-b982-ff6e0a18d7ed, command=[]} | ret=SUCCESS |  
2019-09-03 09:43:27,563 | INFO  | SCMAudit | user=jenkins1000 | ip=192.168.69.126 | op=SEND_HEARTBEAT {datanodeUUID=5f62d077-1cb0-4aa3-be9b-0f443f88c284, command=[]} | ret=SUCCESS |  
2019-09-03 09:43:27,767 | INFO  | SCMAudit | user=jenkins1000 | ip=192.168.69.126 | op=SEND_HEARTBEAT {datanodeUUID=f1e690fe-d9d6-4f9a-b28d-4fa21d7465dc, command=[]} | ret=SUCCESS |  
2019-09-03 09:43:28,012 | INFO  | SCMAudit | user=jenkins1000 | ip=192.168.69.126 | op=SEND_HEARTBEAT {datanodeUUID=54a7770c-e3e5-4c4a-b2d5-1e155816e439, command=[]} | ret=SUCCESS |  
2019-09-03 09:43:28,012 | INFO  | SCMAudit | user=jenkins1000 | ip=192.168.69.126 | op=SEND_HEARTBEAT {datanodeUUID=30b1b43b-2ac1-4227-ba9d-0d794daadc3a, command=[]} | ret=SUCCESS |  
2019-09-03 09:43:28,054 | INFO  | SCMAudit | user=jenkins1000 | ip=192.168.69.126 | op=SEND_HEARTBEAT {datanodeUUID=dc57de79-aaca-47f1-971f-bd2f7461306f, command=[]} | ret=SUCCESS |  
2019-09-03 09:43:28,065 | INFO  | SCMAudit | user=jenkins1000 | ip=192.168.69.126 | op=SEND_HEARTBEAT {datanodeUUID=a24a5d44-532e-4ff6-8e9a-f2506e5c1784, command=[]} | ret=SUCCESS |  
2019-09-03 09:43:28,210 | INFO  | SCMAudit | user=jenkins1000 | ip=192.168.69.126 | op=SEND_HEARTBEAT {datanodeUUID=fbf90420-a45e-48ce-b982-ff6e0a18d7ed, command=[]} | ret=SUCCESS |  
2019-09-03 09:43:28,563 | INFO  | SCMAudit | user=jenkins1000 | ip=192.168.69.126 | op=SEND_HEARTBEAT {datanodeUUID=5f62d077-1cb0-4aa3-be9b-0f443f88c284, command=[]} | ret=SUCCESS |  
2019-09-03 09:43:28,768 | INFO  | SCMAudit | user=jenkins1000 | ip=192.168.69.126 | op=SEND_HEARTBEAT {datanodeUUID=f1e690fe-d9d6-4f9a-b28d-4fa21d7465dc, command=[]} | ret=SUCCESS |  
2019-09-03 09:43:29,011 | INFO  | SCMAudit | user=jenkins1000 | ip=192.168.69.126 | op=SEND_HEARTBEAT {datanodeUUID=54a7770c-e3e5-4c4a-b2d5-1e155816e439, command=[]} | ret=SUCCESS |  
2019-09-03 09:43:29,011 | INFO  | SCMAudit | user=jenkins1000 | ip=192.168.69.126 | op=SEND_HEARTBEAT {datanodeUUID=30b1b43b-2ac1-4227-ba9d-0d794daadc3a, command=[]} | ret=SUCCESS |  
2019-09-03 09:43:29,054 | INFO  | SCMAudit | user=jenkins1000 | ip=192.168.69.126 | op=SEND_HEARTBEAT {datanodeUUID=dc57de79-aaca-47f1-971f-bd2f7461306f, command=[]} | ret=SUCCESS |  
2019-09-03 09:43:29,065 | INFO  | SCMAudit | user=jenkins1000 | ip=192.168.69.126 | op=SEND_HEARTBEAT {datanodeUUID=a24a5d44-532e-4ff6-8e9a-f2506e5c1784, command=[]} | ret=SUCCESS |  
2019-09-03 09:43:29,211 | INFO  | SCMAudit | user=jenkins1000 | ip=192.168.69.126 | op=SEND_HEARTBEAT {datanodeUUID=fbf90420-a45e-48ce-b982-ff6e0a18d7ed, command=[]} | ret=SUCCESS |  
2019-09-03 09:43:29,563 | INFO  | SCMAudit | user=jenkins1000 | ip=192.168.69.126 | op=SEND_HEARTBEAT {datanodeUUID=5f62d077-1cb0-4aa3-be9b-0f443f88c284, command=[]} | ret=SUCCESS |  
2019-09-03 09:43:29,781 | INFO  | SCMAudit | user=jenkins1000 | ip=192.168.69.126 | op=SEND_HEARTBEAT {datanodeUUID=f1e690fe-d9d6-4f9a-b28d-4fa21d7465dc, command=[]} | ret=SUCCESS |  
2019-09-03 09:43:30,012 | INFO  | SCMAudit | user=jenkins1000 | ip=192.168.69.126 | op=SEND_HEARTBEAT {datanodeUUID=30b1b43b-2ac1-4227-ba9d-0d794daadc3a, command=[]} | ret=SUCCESS |  
2019-09-03 09:43:30,012 | INFO  | SCMAudit | user=jenkins1000 | ip=192.168.69.126 | op=SEND_HEARTBEAT {datanodeUUID=54a7770c-e3e5-4c4a-b2d5-1e155816e439, command=[]} | ret=SUCCESS |  
2019-09-03 09:43:30,055 | INFO  | SCMAudit | user=jenkins1000 | ip=192.168.69.126 | op=SEND_HEARTBEAT {datanodeUUID=dc57de79-aaca-47f1-971f-bd2f7461306f, command=[]} | ret=SUCCESS |  
2019-09-03 09:43:30,065 | INFO  | SCMAudit | user=jenkins1000 | ip=192.168.69.126 | op=SEND_HEARTBEAT {datanodeUUID=a24a5d44-532e-4ff6-8e9a-f2506e5c1784, command=[]} | ret=SUCCESS |  
2019-09-03 09:43:30,211 | INFO  | SCMAudit | user=jenkins1000 | ip=192.168.69.126 | op=SEND_HEARTBEAT {datanodeUUID=fbf90420-a45e-48ce-b982-ff6e0a18d7ed, command=[]} | ret=SUCCESS |  
2019-09-03 09:43:30,564 | INFO  | SCMAudit | user=jenkins1000 | ip=192.168.69.126 | op=SEND_HEARTBEAT {datanodeUUID=5f62d077-1cb0-4aa3-be9b-0f443f88c284, command=[]} | ret=SUCCESS |  
2019-09-03 09:43:30,781 | INFO  | SCMAudit | user=jenkins1000 | ip=192.168.69.126 | op=SEND_HEARTBEAT {datanodeUUID=f1e690fe-d9d6-4f9a-b28d-4fa21d7465dc, command=[]} | ret=SUCCESS |  
2019-09-03 09:43:30,797 [grpc-default-executor-5] INFO  client.GrpcClientProtocolClient (GrpcClientProtocolClient.java:onNext(255)) - client-411D9B923220->54a7770c-e3e5-4c4a-b2d5-1e155816e439: receive RaftClientReply:client-411D9B923220->54a7770c-e3e5-4c4a-b2d5-1e155816e439@group-A3ADB0FA2990, cid=48, FAILED org.apache.ratis.protocol.NotLeaderException: Server 54a7770c-e3e5-4c4a-b2d5-1e155816e439 is not the leader (a24a5d44-532e-4ff6-8e9a-f2506e5c1784:192.168.69.126:37019). Request must be sent to leader., logIndex=0, commits[54a7770c-e3e5-4c4a-b2d5-1e155816e439:c8, dc57de79-aaca-47f1-971f-bd2f7461306f:c8, a24a5d44-532e-4ff6-8e9a-f2506e5c1784:c8]
2019-09-03 09:43:31,011 | INFO  | SCMAudit | user=jenkins1000 | ip=192.168.69.126 | op=SEND_HEARTBEAT {datanodeUUID=30b1b43b-2ac1-4227-ba9d-0d794daadc3a, command=[]} | ret=SUCCESS |  
2019-09-03 09:43:31,011 | INFO  | SCMAudit | user=jenkins1000 | ip=192.168.69.126 | op=SEND_HEARTBEAT {datanodeUUID=54a7770c-e3e5-4c4a-b2d5-1e155816e439, command=[]} | ret=SUCCESS |  
2019-09-03 09:43:31,055 | INFO  | SCMAudit | user=jenkins1000 | ip=192.168.69.126 | op=SEND_HEARTBEAT {datanodeUUID=dc57de79-aaca-47f1-971f-bd2f7461306f, command=[]} | ret=SUCCESS |  
2019-09-03 09:43:31,065 | INFO  | SCMAudit | user=jenkins1000 | ip=192.168.69.126 | op=SEND_HEARTBEAT {datanodeUUID=a24a5d44-532e-4ff6-8e9a-f2506e5c1784, command=[]} | ret=SUCCESS |  
2019-09-03 09:43:31,210 | INFO  | SCMAudit | user=jenkins1000 | ip=192.168.69.126 | op=SEND_HEARTBEAT {datanodeUUID=fbf90420-a45e-48ce-b982-ff6e0a18d7ed, command=[]} | ret=SUCCESS |  
2019-09-03 09:43:31,563 | INFO  | SCMAudit | user=jenkins1000 | ip=192.168.69.126 | op=SEND_HEARTBEAT {datanodeUUID=5f62d077-1cb0-4aa3-be9b-0f443f88c284, command=[]} | ret=SUCCESS |  
2019-09-03 09:43:31,782 | INFO  | SCMAudit | user=jenkins1000 | ip=192.168.69.126 | op=SEND_HEARTBEAT {datanodeUUID=f1e690fe-d9d6-4f9a-b28d-4fa21d7465dc, command=[]} | ret=SUCCESS |  
2019-09-03 09:43:32,011 | INFO  | SCMAudit | user=jenkins1000 | ip=192.168.69.126 | op=SEND_HEARTBEAT {datanodeUUID=54a7770c-e3e5-4c4a-b2d5-1e155816e439, command=[]} | ret=SUCCESS |  
2019-09-03 09:43:32,011 | INFO  | SCMAudit | user=jenkins1000 | ip=192.168.69.126 | op=SEND_HEARTBEAT {datanodeUUID=30b1b43b-2ac1-4227-ba9d-0d794daadc3a, command=[]} | ret=SUCCESS |  
2019-09-03 09:43:32,056 | INFO  | SCMAudit | user=jenkins1000 | ip=192.168.69.126 | op=SEND_HEARTBEAT {datanodeUUID=dc57de79-aaca-47f1-971f-bd2f7461306f, command=[]} | ret=SUCCESS |  
2019-09-03 09:43:32,065 | INFO  | SCMAudit | user=jenkins1000 | ip=192.168.69.126 | op=SEND_HEARTBEAT {datanodeUUID=a24a5d44-532e-4ff6-8e9a-f2506e5c1784, command=[]} | ret=SUCCESS |  
2019-09-03 09:43:32,210 | INFO  | SCMAudit | user=jenkins1000 | ip=192.168.69.126 | op=SEND_HEARTBEAT {datanodeUUID=fbf90420-a45e-48ce-b982-ff6e0a18d7ed, command=[]} | ret=SUCCESS |  
2019-09-03 09:43:32,563 | INFO  | SCMAudit | user=jenkins1000 | ip=192.168.69.126 | op=SEND_HEARTBEAT {datanodeUUID=5f62d077-1cb0-4aa3-be9b-0f443f88c284, command=[]} | ret=SUCCESS |  
2019-09-03 09:43:32,782 | INFO  | SCMAudit | user=jenkins1000 | ip=192.168.69.126 | op=SEND_HEARTBEAT {datanodeUUID=f1e690fe-d9d6-4f9a-b28d-4fa21d7465dc, command=[]} | ret=SUCCESS |  
2019-09-03 09:43:33,012 | INFO  | SCMAudit | user=jenkins1000 | ip=192.168.69.126 | op=SEND_HEARTBEAT {datanodeUUID=54a7770c-e3e5-4c4a-b2d5-1e155816e439, command=[]} | ret=SUCCESS |  
2019-09-03 09:43:33,012 | INFO  | SCMAudit | user=jenkins1000 | ip=192.168.69.126 | op=SEND_HEARTBEAT {datanodeUUID=30b1b43b-2ac1-4227-ba9d-0d794daadc3a, command=[]} | ret=SUCCESS |  
2019-09-03 09:43:33,055 | INFO  | SCMAudit | user=jenkins1000 | ip=192.168.69.126 | op=SEND_HEARTBEAT {datanodeUUID=dc57de79-aaca-47f1-971f-bd2f7461306f, command=[]} | ret=SUCCESS |  
2019-09-03 09:43:33,065 | INFO  | SCMAudit | user=jenkins1000 | ip=192.168.69.126 | op=SEND_HEARTBEAT {datanodeUUID=a24a5d44-532e-4ff6-8e9a-f2506e5c1784, command=[]} | ret=SUCCESS |  
2019-09-03 09:43:33,210 | INFO  | SCMAudit | user=jenkins1000 | ip=192.168.69.126 | op=SEND_HEARTBEAT {datanodeUUID=fbf90420-a45e-48ce-b982-ff6e0a18d7ed, command=[]} | ret=SUCCESS |  
2019-09-03 09:43:33,564 | INFO  | SCMAudit | user=jenkins1000 | ip=192.168.69.126 | op=SEND_HEARTBEAT {datanodeUUID=5f62d077-1cb0-4aa3-be9b-0f443f88c284, command=[]} | ret=SUCCESS |  
2019-09-03 09:43:33,783 | INFO  | SCMAudit | user=jenkins1000 | ip=192.168.69.126 | op=SEND_HEARTBEAT {datanodeUUID=f1e690fe-d9d6-4f9a-b28d-4fa21d7465dc, command=[]} | ret=SUCCESS |  
2019-09-03 09:43:34,011 | INFO  | SCMAudit | user=jenkins1000 | ip=192.168.69.126 | op=SEND_HEARTBEAT {datanodeUUID=30b1b43b-2ac1-4227-ba9d-0d794daadc3a, command=[]} | ret=SUCCESS |  
2019-09-03 09:43:34,011 | INFO  | SCMAudit | user=jenkins1000 | ip=192.168.69.126 | op=SEND_HEARTBEAT {datanodeUUID=54a7770c-e3e5-4c4a-b2d5-1e155816e439, command=[]} | ret=SUCCESS |  
2019-09-03 09:43:34,055 | INFO  | SCMAudit | user=jenkins1000 | ip=192.168.69.126 | op=SEND_HEARTBEAT {datanodeUUID=dc57de79-aaca-47f1-971f-bd2f7461306f, command=[]} | ret=SUCCESS |  
2019-09-03 09:43:34,065 | INFO  | SCMAudit | user=jenkins1000 | ip=192.168.69.126 | op=SEND_HEARTBEAT {datanodeUUID=a24a5d44-532e-4ff6-8e9a-f2506e5c1784, command=[]} | ret=SUCCESS |  
2019-09-03 09:43:34,210 | INFO  | SCMAudit | user=jenkins1000 | ip=192.168.69.126 | op=SEND_HEARTBEAT {datanodeUUID=fbf90420-a45e-48ce-b982-ff6e0a18d7ed, command=[]} | ret=SUCCESS |  
2019-09-03 09:43:34,563 | INFO  | SCMAudit | user=jenkins1000 | ip=192.168.69.126 | op=SEND_HEARTBEAT {datanodeUUID=5f62d077-1cb0-4aa3-be9b-0f443f88c284, command=[]} | ret=SUCCESS |  
2019-09-03 09:43:34,782 | INFO  | SCMAudit | user=jenkins1000 | ip=192.168.69.126 | op=SEND_HEARTBEAT {datanodeUUID=f1e690fe-d9d6-4f9a-b28d-4fa21d7465dc, command=[]} | ret=SUCCESS |  
2019-09-03 09:43:35,012 | INFO  | SCMAudit | user=jenkins1000 | ip=192.168.69.126 | op=SEND_HEARTBEAT {datanodeUUID=54a7770c-e3e5-4c4a-b2d5-1e155816e439, command=[]} | ret=SUCCESS |  
2019-09-03 09:43:35,012 | INFO  | SCMAudit | user=jenkins1000 | ip=192.168.69.126 | op=SEND_HEARTBEAT {datanodeUUID=30b1b43b-2ac1-4227-ba9d-0d794daadc3a, command=[]} | ret=SUCCESS |  
2019-09-03 09:43:35,056 | INFO  | SCMAudit | user=jenkins1000 | ip=192.168.69.126 | op=SEND_HEARTBEAT {datanodeUUID=dc57de79-aaca-47f1-971f-bd2f7461306f, command=[]} | ret=SUCCESS |  
2019-09-03 09:43:35,065 | INFO  | SCMAudit | user=jenkins1000 | ip=192.168.69.126 | op=SEND_HEARTBEAT {datanodeUUID=a24a5d44-532e-4ff6-8e9a-f2506e5c1784, command=[]} | ret=SUCCESS |  
2019-09-03 09:43:35,210 | INFO  | SCMAudit | user=jenkins1000 | ip=192.168.69.126 | op=SEND_HEARTBEAT {datanodeUUID=fbf90420-a45e-48ce-b982-ff6e0a18d7ed, command=[]} | ret=SUCCESS |  
2019-09-03 09:43:35,564 | INFO  | SCMAudit | user=jenkins1000 | ip=192.168.69.126 | op=SEND_HEARTBEAT {datanodeUUID=5f62d077-1cb0-4aa3-be9b-0f443f88c284, command=[]} | ret=SUCCESS |  
2019-09-03 09:43:35,782 | INFO  | SCMAudit | user=jenkins1000 | ip=192.168.69.126 | op=SEND_HEARTBEAT {datanodeUUID=f1e690fe-d9d6-4f9a-b28d-4fa21d7465dc, command=[]} | ret=SUCCESS |  
2019-09-03 09:43:35,839 [grpc-default-executor-5] INFO  client.GrpcClientProtocolClient (GrpcClientProtocolClient.java:onNext(255)) - client-411D9B923220->54a7770c-e3e5-4c4a-b2d5-1e155816e439: receive RaftClientReply:client-411D9B923220->54a7770c-e3e5-4c4a-b2d5-1e155816e439@group-A3ADB0FA2990, cid=48, FAILED org.apache.ratis.protocol.NotLeaderException: Server 54a7770c-e3e5-4c4a-b2d5-1e155816e439 is not the leader (a24a5d44-532e-4ff6-8e9a-f2506e5c1784:192.168.69.126:37019). Request must be sent to leader., logIndex=0, commits[54a7770c-e3e5-4c4a-b2d5-1e155816e439:c8, dc57de79-aaca-47f1-971f-bd2f7461306f:c8, a24a5d44-532e-4ff6-8e9a-f2506e5c1784:c8]
2019-09-03 09:43:36,011 | INFO  | SCMAudit | user=jenkins1000 | ip=192.168.69.126 | op=SEND_HEARTBEAT {datanodeUUID=30b1b43b-2ac1-4227-ba9d-0d794daadc3a, command=[]} | ret=SUCCESS |  
2019-09-03 09:43:36,011 | INFO  | SCMAudit | user=jenkins1000 | ip=192.168.69.126 | op=SEND_HEARTBEAT {datanodeUUID=54a7770c-e3e5-4c4a-b2d5-1e155816e439, command=[]} | ret=SUCCESS |  
2019-09-03 09:43:36,056 | INFO  | SCMAudit | user=jenkins1000 | ip=192.168.69.126 | op=SEND_HEARTBEAT {datanodeUUID=dc57de79-aaca-47f1-971f-bd2f7461306f, command=[]} | ret=SUCCESS |  
2019-09-03 09:43:36,065 | INFO  | SCMAudit | user=jenkins1000 | ip=192.168.69.126 | op=SEND_HEARTBEAT {datanodeUUID=a24a5d44-532e-4ff6-8e9a-f2506e5c1784, command=[]} | ret=SUCCESS |  
2019-09-03 09:43:36,211 | INFO  | SCMAudit | user=jenkins1000 | ip=192.168.69.126 | op=SEND_HEARTBEAT {datanodeUUID=fbf90420-a45e-48ce-b982-ff6e0a18d7ed, command=[]} | ret=SUCCESS |  
2019-09-03 09:43:36,563 | INFO  | SCMAudit | user=jenkins1000 | ip=192.168.69.126 | op=SEND_HEARTBEAT {datanodeUUID=5f62d077-1cb0-4aa3-be9b-0f443f88c284, command=[]} | ret=SUCCESS |  
2019-09-03 09:43:36,783 | INFO  | SCMAudit | user=jenkins1000 | ip=192.168.69.126 | op=SEND_HEARTBEAT {datanodeUUID=f1e690fe-d9d6-4f9a-b28d-4fa21d7465dc, command=[]} | ret=SUCCESS |  
2019-09-03 09:43:37,013 | INFO  | SCMAudit | user=jenkins1000 | ip=192.168.69.126 | op=SEND_HEARTBEAT {datanodeUUID=30b1b43b-2ac1-4227-ba9d-0d794daadc3a, command=[]} | ret=SUCCESS |  
2019-09-03 09:43:37,013 | INFO  | SCMAudit | user=jenkins1000 | ip=192.168.69.126 | op=SEND_HEARTBEAT {datanodeUUID=54a7770c-e3e5-4c4a-b2d5-1e155816e439, command=[]} | ret=SUCCESS |  
2019-09-03 09:43:37,056 | INFO  | SCMAudit | user=jenkins1000 | ip=192.168.69.126 | op=SEND_HEARTBEAT {datanodeUUID=dc57de79-aaca-47f1-971f-bd2f7461306f, command=[]} | ret=SUCCESS |  
2019-09-03 09:43:37,065 | INFO  | SCMAudit | user=jenkins1000 | ip=192.168.69.126 | op=SEND_HEARTBEAT {datanodeUUID=a24a5d44-532e-4ff6-8e9a-f2506e5c1784, command=[]} | ret=SUCCESS |  
2019-09-03 09:43:37,211 | INFO  | SCMAudit | user=jenkins1000 | ip=192.168.69.126 | op=SEND_HEARTBEAT {datanodeUUID=fbf90420-a45e-48ce-b982-ff6e0a18d7ed, command=[]} | ret=SUCCESS |  
2019-09-03 09:43:37,564 | INFO  | SCMAudit | user=jenkins1000 | ip=192.168.69.126 | op=SEND_HEARTBEAT {datanodeUUID=5f62d077-1cb0-4aa3-be9b-0f443f88c284, command=[]} | ret=SUCCESS |  
2019-09-03 09:43:37,783 | INFO  | SCMAudit | user=jenkins1000 | ip=192.168.69.126 | op=SEND_HEARTBEAT {datanodeUUID=f1e690fe-d9d6-4f9a-b28d-4fa21d7465dc, command=[]} | ret=SUCCESS |  
2019-09-03 09:43:38,011 | INFO  | SCMAudit | user=jenkins1000 | ip=192.168.69.126 | op=SEND_HEARTBEAT {datanodeUUID=30b1b43b-2ac1-4227-ba9d-0d794daadc3a, command=[]} | ret=SUCCESS |  
2019-09-03 09:43:38,011 | INFO  | SCMAudit | user=jenkins1000 | ip=192.168.69.126 | op=SEND_HEARTBEAT {datanodeUUID=54a7770c-e3e5-4c4a-b2d5-1e155816e439, command=[]} | ret=SUCCESS |  
2019-09-03 09:43:38,056 | INFO  | SCMAudit | user=jenkins1000 | ip=192.168.69.126 | op=SEND_HEARTBEAT {datanodeUUID=dc57de79-aaca-47f1-971f-bd2f7461306f, command=[]} | ret=SUCCESS |  
2019-09-03 09:43:38,066 | INFO  | SCMAudit | user=jenkins1000 | ip=192.168.69.126 | op=SEND_HEARTBEAT {datanodeUUID=a24a5d44-532e-4ff6-8e9a-f2506e5c1784, command=[]} | ret=SUCCESS |  
2019-09-03 09:43:38,211 | INFO  | SCMAudit | user=jenkins1000 | ip=192.168.69.126 | op=SEND_HEARTBEAT {datanodeUUID=fbf90420-a45e-48ce-b982-ff6e0a18d7ed, command=[]} | ret=SUCCESS |  
2019-09-03 09:43:38,563 | INFO  | SCMAudit | user=jenkins1000 | ip=192.168.69.126 | op=SEND_HEARTBEAT {datanodeUUID=5f62d077-1cb0-4aa3-be9b-0f443f88c284, command=[]} | ret=SUCCESS |  
2019-09-03 09:43:38,784 | INFO  | SCMAudit | user=jenkins1000 | ip=192.168.69.126 | op=SEND_HEARTBEAT {datanodeUUID=f1e690fe-d9d6-4f9a-b28d-4fa21d7465dc, command=[]} | ret=SUCCESS |  
2019-09-03 09:43:39,012 | INFO  | SCMAudit | user=jenkins1000 | ip=192.168.69.126 | op=SEND_HEARTBEAT {datanodeUUID=30b1b43b-2ac1-4227-ba9d-0d794daadc3a, command=[]} | ret=SUCCESS |  
2019-09-03 09:43:39,012 | INFO  | SCMAudit | user=jenkins1000 | ip=192.168.69.126 | op=SEND_HEARTBEAT {datanodeUUID=54a7770c-e3e5-4c4a-b2d5-1e155816e439, command=[]} | ret=SUCCESS |  
2019-09-03 09:43:39,057 | INFO  | SCMAudit | user=jenkins1000 | ip=192.168.69.126 | op=SEND_HEARTBEAT {datanodeUUID=dc57de79-aaca-47f1-971f-bd2f7461306f, command=[]} | ret=SUCCESS |  
2019-09-03 09:43:39,066 | INFO  | SCMAudit | user=jenkins1000 | ip=192.168.69.126 | op=SEND_HEARTBEAT {datanodeUUID=a24a5d44-532e-4ff6-8e9a-f2506e5c1784, command=[]} | ret=SUCCESS |  
2019-09-03 09:43:39,212 | INFO  | SCMAudit | user=jenkins1000 | ip=192.168.69.126 | op=SEND_HEARTBEAT {datanodeUUID=fbf90420-a45e-48ce-b982-ff6e0a18d7ed, command=[]} | ret=SUCCESS |  
2019-09-03 09:43:39,564 | INFO  | SCMAudit | user=jenkins1000 | ip=192.168.69.126 | op=SEND_HEARTBEAT {datanodeUUID=5f62d077-1cb0-4aa3-be9b-0f443f88c284, command=[]} | ret=SUCCESS |  
2019-09-03 09:43:39,784 | INFO  | SCMAudit | user=jenkins1000 | ip=192.168.69.126 | op=SEND_HEARTBEAT {datanodeUUID=f1e690fe-d9d6-4f9a-b28d-4fa21d7465dc, command=[]} | ret=SUCCESS |  
2019-09-03 09:43:40,012 | INFO  | SCMAudit | user=jenkins1000 | ip=192.168.69.126 | op=SEND_HEARTBEAT {datanodeUUID=30b1b43b-2ac1-4227-ba9d-0d794daadc3a, command=[]} | ret=SUCCESS |  
2019-09-03 09:43:40,012 | INFO  | SCMAudit | user=jenkins1000 | ip=192.168.69.126 | op=SEND_HEARTBEAT {datanodeUUID=54a7770c-e3e5-4c4a-b2d5-1e155816e439, command=[]} | ret=SUCCESS |  
2019-09-03 09:43:40,056 | INFO  | SCMAudit | user=jenkins1000 | ip=192.168.69.126 | op=SEND_HEARTBEAT {datanodeUUID=dc57de79-aaca-47f1-971f-bd2f7461306f, command=[]} | ret=SUCCESS |  
2019-09-03 09:43:40,066 | INFO  | SCMAudit | user=jenkins1000 | ip=192.168.69.126 | op=SEND_HEARTBEAT {datanodeUUID=a24a5d44-532e-4ff6-8e9a-f2506e5c1784, command=[]} | ret=SUCCESS |  
2019-09-03 09:43:40,212 | INFO  | SCMAudit | user=jenkins1000 | ip=192.168.69.126 | op=SEND_HEARTBEAT {datanodeUUID=fbf90420-a45e-48ce-b982-ff6e0a18d7ed, command=[]} | ret=SUCCESS |  
2019-09-03 09:43:40,563 | INFO  | SCMAudit | user=jenkins1000 | ip=192.168.69.126 | op=SEND_HEARTBEAT {datanodeUUID=5f62d077-1cb0-4aa3-be9b-0f443f88c284, command=[]} | ret=SUCCESS |  
2019-09-03 09:43:40,785 | INFO  | SCMAudit | user=jenkins1000 | ip=192.168.69.126 | op=SEND_HEARTBEAT {datanodeUUID=f1e690fe-d9d6-4f9a-b28d-4fa21d7465dc, command=[]} | ret=SUCCESS |  
2019-09-03 09:43:40,889 [grpc-default-executor-6] INFO  client.GrpcClientProtocolClient (GrpcClientProtocolClient.java:onNext(255)) - client-411D9B923220->54a7770c-e3e5-4c4a-b2d5-1e155816e439: receive RaftClientReply:client-411D9B923220->54a7770c-e3e5-4c4a-b2d5-1e155816e439@group-A3ADB0FA2990, cid=48, FAILED org.apache.ratis.protocol.NotLeaderException: Server 54a7770c-e3e5-4c4a-b2d5-1e155816e439 is not the leader (a24a5d44-532e-4ff6-8e9a-f2506e5c1784:192.168.69.126:37019). Request must be sent to leader., logIndex=0, commits[54a7770c-e3e5-4c4a-b2d5-1e155816e439:c8, dc57de79-aaca-47f1-971f-bd2f7461306f:c8, a24a5d44-532e-4ff6-8e9a-f2506e5c1784:c8]
2019-09-03 09:43:41,011 | INFO  | SCMAudit | user=jenkins1000 | ip=192.168.69.126 | op=SEND_HEARTBEAT {datanodeUUID=54a7770c-e3e5-4c4a-b2d5-1e155816e439, command=[]} | ret=SUCCESS |  
2019-09-03 09:43:41,011 | INFO  | SCMAudit | user=jenkins1000 | ip=192.168.69.126 | op=SEND_HEARTBEAT {datanodeUUID=30b1b43b-2ac1-4227-ba9d-0d794daadc3a, command=[]} | ret=SUCCESS |  
2019-09-03 09:43:41,057 | INFO  | SCMAudit | user=jenkins1000 | ip=192.168.69.126 | op=SEND_HEARTBEAT {datanodeUUID=dc57de79-aaca-47f1-971f-bd2f7461306f, command=[]} | ret=SUCCESS |  
2019-09-03 09:43:41,066 | INFO  | SCMAudit | user=jenkins1000 | ip=192.168.69.126 | op=SEND_HEARTBEAT {datanodeUUID=a24a5d44-532e-4ff6-8e9a-f2506e5c1784, command=[]} | ret=SUCCESS |  
2019-09-03 09:43:41,212 | INFO  | SCMAudit | user=jenkins1000 | ip=192.168.69.126 | op=SEND_HEARTBEAT {datanodeUUID=fbf90420-a45e-48ce-b982-ff6e0a18d7ed, command=[]} | ret=SUCCESS |  
2019-09-03 09:43:41,564 | INFO  | SCMAudit | user=jenkins1000 | ip=192.168.69.126 | op=SEND_HEARTBEAT {datanodeUUID=5f62d077-1cb0-4aa3-be9b-0f443f88c284, command=[]} | ret=SUCCESS |  
2019-09-03 09:43:41,785 | INFO  | SCMAudit | user=jenkins1000 | ip=192.168.69.126 | op=SEND_HEARTBEAT {datanodeUUID=f1e690fe-d9d6-4f9a-b28d-4fa21d7465dc, command=[]} | ret=SUCCESS |  
2019-09-03 09:43:42,012 | INFO  | SCMAudit | user=jenkins1000 | ip=192.168.69.126 | op=SEND_HEARTBEAT {datanodeUUID=30b1b43b-2ac1-4227-ba9d-0d794daadc3a, command=[]} | ret=SUCCESS |  
2019-09-03 09:43:42,012 | INFO  | SCMAudit | user=jenkins1000 | ip=192.168.69.126 | op=SEND_HEARTBEAT {datanodeUUID=54a7770c-e3e5-4c4a-b2d5-1e155816e439, command=[]} | ret=SUCCESS |  
2019-09-03 09:43:42,056 | INFO  | SCMAudit | user=jenkins1000 | ip=192.168.69.126 | op=SEND_HEARTBEAT {datanodeUUID=dc57de79-aaca-47f1-971f-bd2f7461306f, command=[]} | ret=SUCCESS |  
2019-09-03 09:43:42,066 | INFO  | SCMAudit | user=jenkins1000 | ip=192.168.69.126 | op=SEND_HEARTBEAT {datanodeUUID=a24a5d44-532e-4ff6-8e9a-f2506e5c1784, command=[]} | ret=SUCCESS |  
2019-09-03 09:43:42,212 | INFO  | SCMAudit | user=jenkins1000 | ip=192.168.69.126 | op=SEND_HEARTBEAT {datanodeUUID=fbf90420-a45e-48ce-b982-ff6e0a18d7ed, command=[]} | ret=SUCCESS |  
2019-09-03 09:43:42,564 | INFO  | SCMAudit | user=jenkins1000 | ip=192.168.69.126 | op=SEND_HEARTBEAT {datanodeUUID=5f62d077-1cb0-4aa3-be9b-0f443f88c284, command=[]} | ret=SUCCESS |  
2019-09-03 09:43:42,784 | INFO  | SCMAudit | user=jenkins1000 | ip=192.168.69.126 | op=SEND_HEARTBEAT {datanodeUUID=f1e690fe-d9d6-4f9a-b28d-4fa21d7465dc, command=[]} | ret=SUCCESS |  
2019-09-03 09:43:43,011 | INFO  | SCMAudit | user=jenkins1000 | ip=192.168.69.126 | op=SEND_HEARTBEAT {datanodeUUID=30b1b43b-2ac1-4227-ba9d-0d794daadc3a, command=[]} | ret=SUCCESS |  
2019-09-03 09:43:43,011 | INFO  | SCMAudit | user=jenkins1000 | ip=192.168.69.126 | op=SEND_HEARTBEAT {datanodeUUID=54a7770c-e3e5-4c4a-b2d5-1e155816e439, command=[]} | ret=SUCCESS |  
2019-09-03 09:43:43,056 | INFO  | SCMAudit | user=jenkins1000 | ip=192.168.69.126 | op=SEND_HEARTBEAT {datanodeUUID=dc57de79-aaca-47f1-971f-bd2f7461306f, command=[]} | ret=SUCCESS |  
2019-09-03 09:43:43,066 | INFO  | SCMAudit | user=jenkins1000 | ip=192.168.69.126 | op=SEND_HEARTBEAT {datanodeUUID=a24a5d44-532e-4ff6-8e9a-f2506e5c1784, command=[]} | ret=SUCCESS |  
2019-09-03 09:43:43,214 | INFO  | SCMAudit | user=jenkins1000 | ip=192.168.69.126 | op=SEND_HEARTBEAT {datanodeUUID=fbf90420-a45e-48ce-b982-ff6e0a18d7ed, command=[]} | ret=SUCCESS |  
2019-09-03 09:43:43,565 | INFO  | SCMAudit | user=jenkins1000 | ip=192.168.69.126 | op=SEND_HEARTBEAT {datanodeUUID=5f62d077-1cb0-4aa3-be9b-0f443f88c284, command=[]} | ret=SUCCESS |  
2019-09-03 09:43:43,785 | INFO  | SCMAudit | user=jenkins1000 | ip=192.168.69.126 | op=SEND_HEARTBEAT {datanodeUUID=f1e690fe-d9d6-4f9a-b28d-4fa21d7465dc, command=[]} | ret=SUCCESS |  
2019-09-03 09:43:44,013 | INFO  | SCMAudit | user=jenkins1000 | ip=192.168.69.126 | op=SEND_HEARTBEAT {datanodeUUID=54a7770c-e3e5-4c4a-b2d5-1e155816e439, command=[]} | ret=SUCCESS |  
2019-09-03 09:43:44,013 | INFO  | SCMAudit | user=jenkins1000 | ip=192.168.69.126 | op=SEND_HEARTBEAT {datanodeUUID=30b1b43b-2ac1-4227-ba9d-0d794daadc3a, command=[]} | ret=SUCCESS |  
2019-09-03 09:43:44,056 | INFO  | SCMAudit | user=jenkins1000 | ip=192.168.69.126 | op=SEND_HEARTBEAT {datanodeUUID=dc57de79-aaca-47f1-971f-bd2f7461306f, command=[]} | ret=SUCCESS |  
2019-09-03 09:43:44,066 | INFO  | SCMAudit | user=jenkins1000 | ip=192.168.69.126 | op=SEND_HEARTBEAT {datanodeUUID=a24a5d44-532e-4ff6-8e9a-f2506e5c1784, command=[]} | ret=SUCCESS |  
2019-09-03 09:43:44,212 | INFO  | SCMAudit | user=jenkins1000 | ip=192.168.69.126 | op=SEND_HEARTBEAT {datanodeUUID=fbf90420-a45e-48ce-b982-ff6e0a18d7ed, command=[]} | ret=SUCCESS |  
2019-09-03 09:43:44,564 | INFO  | SCMAudit | user=jenkins1000 | ip=192.168.69.126 | op=SEND_HEARTBEAT {datanodeUUID=5f62d077-1cb0-4aa3-be9b-0f443f88c284, command=[]} | ret=SUCCESS |  
2019-09-03 09:43:44,784 | INFO  | SCMAudit | user=jenkins1000 | ip=192.168.69.126 | op=SEND_HEARTBEAT {datanodeUUID=f1e690fe-d9d6-4f9a-b28d-4fa21d7465dc, command=[]} | ret=SUCCESS |  
2019-09-03 09:43:45,011 | INFO  | SCMAudit | user=jenkins1000 | ip=192.168.69.126 | op=SEND_HEARTBEAT {datanodeUUID=54a7770c-e3e5-4c4a-b2d5-1e155816e439, command=[]} | ret=SUCCESS |  
2019-09-03 09:43:45,011 | INFO  | SCMAudit | user=jenkins1000 | ip=192.168.69.126 | op=SEND_HEARTBEAT {datanodeUUID=30b1b43b-2ac1-4227-ba9d-0d794daadc3a, command=[]} | ret=SUCCESS |  
2019-09-03 09:43:45,056 | INFO  | SCMAudit | user=jenkins1000 | ip=192.168.69.126 | op=SEND_HEARTBEAT {datanodeUUID=dc57de79-aaca-47f1-971f-bd2f7461306f, command=[]} | ret=SUCCESS |  
2019-09-03 09:43:45,066 | INFO  | SCMAudit | user=jenkins1000 | ip=192.168.69.126 | op=SEND_HEARTBEAT {datanodeUUID=a24a5d44-532e-4ff6-8e9a-f2506e5c1784, command=[]} | ret=SUCCESS |  
2019-09-03 09:43:45,212 | INFO  | SCMAudit | user=jenkins1000 | ip=192.168.69.126 | op=SEND_HEARTBEAT {datanodeUUID=fbf90420-a45e-48ce-b982-ff6e0a18d7ed, command=[]} | ret=SUCCESS |  
2019-09-03 09:43:45,564 | INFO  | SCMAudit | user=jenkins1000 | ip=192.168.69.126 | op=SEND_HEARTBEAT {datanodeUUID=5f62d077-1cb0-4aa3-be9b-0f443f88c284, command=[]} | ret=SUCCESS |  
2019-09-03 09:43:45,785 | INFO  | SCMAudit | user=jenkins1000 | ip=192.168.69.126 | op=SEND_HEARTBEAT {datanodeUUID=f1e690fe-d9d6-4f9a-b28d-4fa21d7465dc, command=[]} | ret=SUCCESS |  
2019-09-03 09:43:45,927 [grpc-default-executor-5] INFO  client.GrpcClientProtocolClient (GrpcClientProtocolClient.java:onNext(255)) - client-411D9B923220->54a7770c-e3e5-4c4a-b2d5-1e155816e439: receive RaftClientReply:client-411D9B923220->54a7770c-e3e5-4c4a-b2d5-1e155816e439@group-A3ADB0FA2990, cid=48, FAILED org.apache.ratis.protocol.NotLeaderException: Server 54a7770c-e3e5-4c4a-b2d5-1e155816e439 is not the leader (a24a5d44-532e-4ff6-8e9a-f2506e5c1784:192.168.69.126:37019). Request must be sent to leader., logIndex=0, commits[54a7770c-e3e5-4c4a-b2d5-1e155816e439:c8, dc57de79-aaca-47f1-971f-bd2f7461306f:c8, a24a5d44-532e-4ff6-8e9a-f2506e5c1784:c8]
2019-09-03 09:43:46,012 | INFO  | SCMAudit | user=jenkins1000 | ip=192.168.69.126 | op=SEND_HEARTBEAT {datanodeUUID=30b1b43b-2ac1-4227-ba9d-0d794daadc3a, command=[]} | ret=SUCCESS |  
2019-09-03 09:43:46,012 | INFO  | SCMAudit | user=jenkins1000 | ip=192.168.69.126 | op=SEND_HEARTBEAT {datanodeUUID=54a7770c-e3e5-4c4a-b2d5-1e155816e439, command=[]} | ret=SUCCESS |  
2019-09-03 09:43:46,056 | INFO  | SCMAudit | user=jenkins1000 | ip=192.168.69.126 | op=SEND_HEARTBEAT {datanodeUUID=dc57de79-aaca-47f1-971f-bd2f7461306f, command=[]} | ret=SUCCESS |  
2019-09-03 09:43:46,066 | INFO  | SCMAudit | user=jenkins1000 | ip=192.168.69.126 | op=SEND_HEARTBEAT {datanodeUUID=a24a5d44-532e-4ff6-8e9a-f2506e5c1784, command=[]} | ret=SUCCESS |  
2019-09-03 09:43:46,212 | INFO  | SCMAudit | user=jenkins1000 | ip=192.168.69.126 | op=SEND_HEARTBEAT {datanodeUUID=fbf90420-a45e-48ce-b982-ff6e0a18d7ed, command=[]} | ret=SUCCESS |  
2019-09-03 09:43:46,564 | INFO  | SCMAudit | user=jenkins1000 | ip=192.168.69.126 | op=SEND_HEARTBEAT {datanodeUUID=5f62d077-1cb0-4aa3-be9b-0f443f88c284, command=[]} | ret=SUCCESS |  
2019-09-03 09:43:46,784 | INFO  | SCMAudit | user=jenkins1000 | ip=192.168.69.126 | op=SEND_HEARTBEAT {datanodeUUID=f1e690fe-d9d6-4f9a-b28d-4fa21d7465dc, command=[]} | ret=SUCCESS |  
2019-09-03 09:43:47,011 | INFO  | SCMAudit | user=jenkins1000 | ip=192.168.69.126 | op=SEND_HEARTBEAT {datanodeUUID=54a7770c-e3e5-4c4a-b2d5-1e155816e439, command=[]} | ret=SUCCESS |  
2019-09-03 09:43:47,011 | INFO  | SCMAudit | user=jenkins1000 | ip=192.168.69.126 | op=SEND_HEARTBEAT {datanodeUUID=30b1b43b-2ac1-4227-ba9d-0d794daadc3a, command=[]} | ret=SUCCESS |  
2019-09-03 09:43:47,057 | INFO  | SCMAudit | user=jenkins1000 | ip=192.168.69.126 | op=SEND_HEARTBEAT {datanodeUUID=dc57de79-aaca-47f1-971f-bd2f7461306f, command=[]} | ret=SUCCESS |  
2019-09-03 09:43:47,066 | INFO  | SCMAudit | user=jenkins1000 | ip=192.168.69.126 | op=SEND_HEARTBEAT {datanodeUUID=a24a5d44-532e-4ff6-8e9a-f2506e5c1784, command=[]} | ret=SUCCESS |  
2019-09-03 09:43:47,212 | INFO  | SCMAudit | user=jenkins1000 | ip=192.168.69.126 | op=SEND_HEARTBEAT {datanodeUUID=fbf90420-a45e-48ce-b982-ff6e0a18d7ed, command=[]} | ret=SUCCESS |  
2019-09-03 09:43:47,565 | INFO  | SCMAudit | user=jenkins1000 | ip=192.168.69.126 | op=SEND_HEARTBEAT {datanodeUUID=5f62d077-1cb0-4aa3-be9b-0f443f88c284, command=[]} | ret=SUCCESS |  
2019-09-03 09:43:47,784 | INFO  | SCMAudit | user=jenkins1000 | ip=192.168.69.126 | op=SEND_HEARTBEAT {datanodeUUID=f1e690fe-d9d6-4f9a-b28d-4fa21d7465dc, command=[]} | ret=SUCCESS |  
2019-09-03 09:43:48,012 | INFO  | SCMAudit | user=jenkins1000 | ip=192.168.69.126 | op=SEND_HEARTBEAT {datanodeUUID=30b1b43b-2ac1-4227-ba9d-0d794daadc3a, command=[]} | ret=SUCCESS |  
2019-09-03 09:43:48,012 | INFO  | SCMAudit | user=jenkins1000 | ip=192.168.69.126 | op=SEND_HEARTBEAT {datanodeUUID=54a7770c-e3e5-4c4a-b2d5-1e155816e439, command=[]} | ret=SUCCESS |  
2019-09-03 09:43:48,056 | INFO  | SCMAudit | user=jenkins1000 | ip=192.168.69.126 | op=SEND_HEARTBEAT {datanodeUUID=dc57de79-aaca-47f1-971f-bd2f7461306f, command=[]} | ret=SUCCESS |  
2019-09-03 09:43:48,066 | INFO  | SCMAudit | user=jenkins1000 | ip=192.168.69.126 | op=SEND_HEARTBEAT {datanodeUUID=a24a5d44-532e-4ff6-8e9a-f2506e5c1784, command=[]} | ret=SUCCESS |  
2019-09-03 09:43:48,212 | INFO  | SCMAudit | user=jenkins1000 | ip=192.168.69.126 | op=SEND_HEARTBEAT {datanodeUUID=fbf90420-a45e-48ce-b982-ff6e0a18d7ed, command=[]} | ret=SUCCESS |  
2019-09-03 09:43:48,564 | INFO  | SCMAudit | user=jenkins1000 | ip=192.168.69.126 | op=SEND_HEARTBEAT {datanodeUUID=5f62d077-1cb0-4aa3-be9b-0f443f88c284, command=[]} | ret=SUCCESS |  
2019-09-03 09:43:48,785 | INFO  | SCMAudit | user=jenkins1000 | ip=192.168.69.126 | op=SEND_HEARTBEAT {datanodeUUID=f1e690fe-d9d6-4f9a-b28d-4fa21d7465dc, command=[]} | ret=SUCCESS |  
2019-09-03 09:43:49,011 | INFO  | SCMAudit | user=jenkins1000 | ip=192.168.69.126 | op=SEND_HEARTBEAT {datanodeUUID=54a7770c-e3e5-4c4a-b2d5-1e155816e439, command=[]} | ret=SUCCESS |  
2019-09-03 09:43:49,011 | INFO  | SCMAudit | user=jenkins1000 | ip=192.168.69.126 | op=SEND_HEARTBEAT {datanodeUUID=30b1b43b-2ac1-4227-ba9d-0d794daadc3a, command=[]} | ret=SUCCESS |  
2019-09-03 09:43:49,056 | INFO  | SCMAudit | user=jenkins1000 | ip=192.168.69.126 | op=SEND_HEARTBEAT {datanodeUUID=dc57de79-aaca-47f1-971f-bd2f7461306f, command=[]} | ret=SUCCESS |  
2019-09-03 09:43:49,066 | INFO  | SCMAudit | user=jenkins1000 | ip=192.168.69.126 | op=SEND_HEARTBEAT {datanodeUUID=a24a5d44-532e-4ff6-8e9a-f2506e5c1784, command=[]} | ret=SUCCESS |  
2019-09-03 09:43:49,213 | INFO  | SCMAudit | user=jenkins1000 | ip=192.168.69.126 | op=SEND_HEARTBEAT {datanodeUUID=fbf90420-a45e-48ce-b982-ff6e0a18d7ed, command=[]} | ret=SUCCESS |  
2019-09-03 09:43:49,567 | INFO  | SCMAudit | user=jenkins1000 | ip=192.168.69.126 | op=SEND_HEARTBEAT {datanodeUUID=5f62d077-1cb0-4aa3-be9b-0f443f88c284, command=[]} | ret=SUCCESS |  
2019-09-03 09:43:49,785 | INFO  | SCMAudit | user=jenkins1000 | ip=192.168.69.126 | op=SEND_HEARTBEAT {datanodeUUID=f1e690fe-d9d6-4f9a-b28d-4fa21d7465dc, command=[]} | ret=SUCCESS |  
2019-09-03 09:43:50,011 | INFO  | SCMAudit | user=jenkins1000 | ip=192.168.69.126 | op=SEND_HEARTBEAT {datanodeUUID=30b1b43b-2ac1-4227-ba9d-0d794daadc3a, command=[]} | ret=SUCCESS |  
2019-09-03 09:43:50,011 | INFO  | SCMAudit | user=jenkins1000 | ip=192.168.69.126 | op=SEND_HEARTBEAT {datanodeUUID=54a7770c-e3e5-4c4a-b2d5-1e155816e439, command=[]} | ret=SUCCESS |  
2019-09-03 09:43:50,056 | INFO  | SCMAudit | user=jenkins1000 | ip=192.168.69.126 | op=SEND_HEARTBEAT {datanodeUUID=dc57de79-aaca-47f1-971f-bd2f7461306f, command=[]} | ret=SUCCESS |  
2019-09-03 09:43:50,066 | INFO  | SCMAudit | user=jenkins1000 | ip=192.168.69.126 | op=SEND_HEARTBEAT {datanodeUUID=a24a5d44-532e-4ff6-8e9a-f2506e5c1784, command=[]} | ret=SUCCESS |  
2019-09-03 09:43:50,213 | INFO  | SCMAudit | user=jenkins1000 | ip=192.168.69.126 | op=SEND_HEARTBEAT {datanodeUUID=fbf90420-a45e-48ce-b982-ff6e0a18d7ed, command=[]} | ret=SUCCESS |  
2019-09-03 09:43:50,565 | INFO  | SCMAudit | user=jenkins1000 | ip=192.168.69.126 | op=SEND_HEARTBEAT {datanodeUUID=5f62d077-1cb0-4aa3-be9b-0f443f88c284, command=[]} | ret=SUCCESS |  
2019-09-03 09:43:50,785 | INFO  | SCMAudit | user=jenkins1000 | ip=192.168.69.126 | op=SEND_HEARTBEAT {datanodeUUID=f1e690fe-d9d6-4f9a-b28d-4fa21d7465dc, command=[]} | ret=SUCCESS |  
2019-09-03 09:43:50,971 [grpc-default-executor-6] INFO  client.GrpcClientProtocolClient (GrpcClientProtocolClient.java:onNext(255)) - client-411D9B923220->54a7770c-e3e5-4c4a-b2d5-1e155816e439: receive RaftClientReply:client-411D9B923220->54a7770c-e3e5-4c4a-b2d5-1e155816e439@group-A3ADB0FA2990, cid=48, FAILED org.apache.ratis.protocol.NotLeaderException: Server 54a7770c-e3e5-4c4a-b2d5-1e155816e439 is not the leader (a24a5d44-532e-4ff6-8e9a-f2506e5c1784:192.168.69.126:37019). Request must be sent to leader., logIndex=0, commits[54a7770c-e3e5-4c4a-b2d5-1e155816e439:c8, dc57de79-aaca-47f1-971f-bd2f7461306f:c8, a24a5d44-532e-4ff6-8e9a-f2506e5c1784:c8]
2019-09-03 09:43:51,012 | INFO  | SCMAudit | user=jenkins1000 | ip=192.168.69.126 | op=SEND_HEARTBEAT {datanodeUUID=30b1b43b-2ac1-4227-ba9d-0d794daadc3a, command=[]} | ret=SUCCESS |  
2019-09-03 09:43:51,012 | INFO  | SCMAudit | user=jenkins1000 | ip=192.168.69.126 | op=SEND_HEARTBEAT {datanodeUUID=54a7770c-e3e5-4c4a-b2d5-1e155816e439, command=[]} | ret=SUCCESS |  
2019-09-03 09:43:51,057 | INFO  | SCMAudit | user=jenkins1000 | ip=192.168.69.126 | op=SEND_HEARTBEAT {datanodeUUID=dc57de79-aaca-47f1-971f-bd2f7461306f, command=[]} | ret=SUCCESS |  
2019-09-03 09:43:51,066 | INFO  | SCMAudit | user=jenkins1000 | ip=192.168.69.126 | op=SEND_HEARTBEAT {datanodeUUID=a24a5d44-532e-4ff6-8e9a-f2506e5c1784, command=[]} | ret=SUCCESS |  
2019-09-03 09:43:51,213 | INFO  | SCMAudit | user=jenkins1000 | ip=192.168.69.126 | op=SEND_HEARTBEAT {datanodeUUID=fbf90420-a45e-48ce-b982-ff6e0a18d7ed, command=[]} | ret=SUCCESS |  
2019-09-03 09:43:51,564 | INFO  | SCMAudit | user=jenkins1000 | ip=192.168.69.126 | op=SEND_HEARTBEAT {datanodeUUID=5f62d077-1cb0-4aa3-be9b-0f443f88c284, command=[]} | ret=SUCCESS |  
2019-09-03 09:43:51,784 | INFO  | SCMAudit | user=jenkins1000 | ip=192.168.69.126 | op=SEND_HEARTBEAT {datanodeUUID=f1e690fe-d9d6-4f9a-b28d-4fa21d7465dc, command=[]} | ret=SUCCESS |  
2019-09-03 09:43:52,011 | INFO  | SCMAudit | user=jenkins1000 | ip=192.168.69.126 | op=SEND_HEARTBEAT {datanodeUUID=30b1b43b-2ac1-4227-ba9d-0d794daadc3a, command=[]} | ret=SUCCESS |  
2019-09-03 09:43:52,011 | INFO  | SCMAudit | user=jenkins1000 | ip=192.168.69.126 | op=SEND_HEARTBEAT {datanodeUUID=54a7770c-e3e5-4c4a-b2d5-1e155816e439, command=[]} | ret=SUCCESS |  
2019-09-03 09:43:52,056 | INFO  | SCMAudit | user=jenkins1000 | ip=192.168.69.126 | op=SEND_HEARTBEAT {datanodeUUID=dc57de79-aaca-47f1-971f-bd2f7461306f, command=[]} | ret=SUCCESS |  
2019-09-03 09:43:52,066 | INFO  | SCMAudit | user=jenkins1000 | ip=192.168.69.126 | op=SEND_HEARTBEAT {datanodeUUID=a24a5d44-532e-4ff6-8e9a-f2506e5c1784, command=[]} | ret=SUCCESS |  
2019-09-03 09:43:52,214 | INFO  | SCMAudit | user=jenkins1000 | ip=192.168.69.126 | op=SEND_HEARTBEAT {datanodeUUID=fbf90420-a45e-48ce-b982-ff6e0a18d7ed, command=[]} | ret=SUCCESS |  
2019-09-03 09:43:52,565 | INFO  | SCMAudit | user=jenkins1000 | ip=192.168.69.126 | op=SEND_HEARTBEAT {datanodeUUID=5f62d077-1cb0-4aa3-be9b-0f443f88c284, command=[]} | ret=SUCCESS |  
2019-09-03 09:43:52,784 | INFO  | SCMAudit | user=jenkins1000 | ip=192.168.69.126 | op=SEND_HEARTBEAT {datanodeUUID=f1e690fe-d9d6-4f9a-b28d-4fa21d7465dc, command=[]} | ret=SUCCESS |  
2019-09-03 09:43:53,012 | INFO  | SCMAudit | user=jenkins1000 | ip=192.168.69.126 | op=SEND_HEARTBEAT {datanodeUUID=30b1b43b-2ac1-4227-ba9d-0d794daadc3a, command=[]} | ret=SUCCESS |  
2019-09-03 09:43:53,012 | INFO  | SCMAudit | user=jenkins1000 | ip=192.168.69.126 | op=SEND_HEARTBEAT {datanodeUUID=54a7770c-e3e5-4c4a-b2d5-1e155816e439, command=[]} | ret=SUCCESS |  
2019-09-03 09:43:53,056 | INFO  | SCMAudit | user=jenkins1000 | ip=192.168.69.126 | op=SEND_HEARTBEAT {datanodeUUID=dc57de79-aaca-47f1-971f-bd2f7461306f, command=[]} | ret=SUCCESS |  
2019-09-03 09:43:53,067 | INFO  | SCMAudit | user=jenkins1000 | ip=192.168.69.126 | op=SEND_HEARTBEAT {datanodeUUID=a24a5d44-532e-4ff6-8e9a-f2506e5c1784, command=[]} | ret=SUCCESS |  
2019-09-03 09:43:53,214 | INFO  | SCMAudit | user=jenkins1000 | ip=192.168.69.126 | op=SEND_HEARTBEAT {datanodeUUID=fbf90420-a45e-48ce-b982-ff6e0a18d7ed, command=[]} | ret=SUCCESS |  
2019-09-03 09:43:53,565 | INFO  | SCMAudit | user=jenkins1000 | ip=192.168.69.126 | op=SEND_HEARTBEAT {datanodeUUID=5f62d077-1cb0-4aa3-be9b-0f443f88c284, command=[]} | ret=SUCCESS |  
2019-09-03 09:43:53,785 | INFO  | SCMAudit | user=jenkins1000 | ip=192.168.69.126 | op=SEND_HEARTBEAT {datanodeUUID=f1e690fe-d9d6-4f9a-b28d-4fa21d7465dc, command=[]} | ret=SUCCESS |  
2019-09-03 09:43:54,011 | INFO  | SCMAudit | user=jenkins1000 | ip=192.168.69.126 | op=SEND_HEARTBEAT {datanodeUUID=30b1b43b-2ac1-4227-ba9d-0d794daadc3a, command=[]} | ret=SUCCESS |  
2019-09-03 09:43:54,011 | INFO  | SCMAudit | user=jenkins1000 | ip=192.168.69.126 | op=SEND_HEARTBEAT {datanodeUUID=54a7770c-e3e5-4c4a-b2d5-1e155816e439, command=[]} | ret=SUCCESS |  
2019-09-03 09:43:54,057 | INFO  | SCMAudit | user=jenkins1000 | ip=192.168.69.126 | op=SEND_HEARTBEAT {datanodeUUID=dc57de79-aaca-47f1-971f-bd2f7461306f, command=[]} | ret=SUCCESS |  
2019-09-03 09:43:54,068 | INFO  | SCMAudit | user=jenkins1000 | ip=192.168.69.126 | op=SEND_HEARTBEAT {datanodeUUID=a24a5d44-532e-4ff6-8e9a-f2506e5c1784, command=[]} | ret=SUCCESS |  
2019-09-03 09:43:54,214 | INFO  | SCMAudit | user=jenkins1000 | ip=192.168.69.126 | op=SEND_HEARTBEAT {datanodeUUID=fbf90420-a45e-48ce-b982-ff6e0a18d7ed, command=[]} | ret=SUCCESS |  
2019-09-03 09:43:54,566 | INFO  | SCMAudit | user=jenkins1000 | ip=192.168.69.126 | op=SEND_HEARTBEAT {datanodeUUID=5f62d077-1cb0-4aa3-be9b-0f443f88c284, command=[]} | ret=SUCCESS |  
2019-09-03 09:43:54,784 | INFO  | SCMAudit | user=jenkins1000 | ip=192.168.69.126 | op=SEND_HEARTBEAT {datanodeUUID=f1e690fe-d9d6-4f9a-b28d-4fa21d7465dc, command=[]} | ret=SUCCESS |  
2019-09-03 09:43:55,012 | INFO  | SCMAudit | user=jenkins1000 | ip=192.168.69.126 | op=SEND_HEARTBEAT {datanodeUUID=30b1b43b-2ac1-4227-ba9d-0d794daadc3a, command=[]} | ret=SUCCESS |  
2019-09-03 09:43:55,012 | INFO  | SCMAudit | user=jenkins1000 | ip=192.168.69.126 | op=SEND_HEARTBEAT {datanodeUUID=54a7770c-e3e5-4c4a-b2d5-1e155816e439, command=[]} | ret=SUCCESS |  
2019-09-03 09:43:55,057 | INFO  | SCMAudit | user=jenkins1000 | ip=192.168.69.126 | op=SEND_HEARTBEAT {datanodeUUID=dc57de79-aaca-47f1-971f-bd2f7461306f, command=[]} | ret=SUCCESS |  
2019-09-03 09:43:55,068 | INFO  | SCMAudit | user=jenkins1000 | ip=192.168.69.126 | op=SEND_HEARTBEAT {datanodeUUID=a24a5d44-532e-4ff6-8e9a-f2506e5c1784, command=[]} | ret=SUCCESS |  
2019-09-03 09:43:55,215 | INFO  | SCMAudit | user=jenkins1000 | ip=192.168.69.126 | op=SEND_HEARTBEAT {datanodeUUID=fbf90420-a45e-48ce-b982-ff6e0a18d7ed, command=[]} | ret=SUCCESS |  
2019-09-03 09:43:55,565 | INFO  | SCMAudit | user=jenkins1000 | ip=192.168.69.126 | op=SEND_HEARTBEAT {datanodeUUID=5f62d077-1cb0-4aa3-be9b-0f443f88c284, command=[]} | ret=SUCCESS |  
2019-09-03 09:43:55,785 | INFO  | SCMAudit | user=jenkins1000 | ip=192.168.69.126 | op=SEND_HEARTBEAT {datanodeUUID=f1e690fe-d9d6-4f9a-b28d-4fa21d7465dc, command=[]} | ret=SUCCESS |  
2019-09-03 09:43:56,011 | INFO  | SCMAudit | user=jenkins1000 | ip=192.168.69.126 | op=SEND_HEARTBEAT {datanodeUUID=54a7770c-e3e5-4c4a-b2d5-1e155816e439, command=[]} | ret=SUCCESS |  
2019-09-03 09:43:56,011 | INFO  | SCMAudit | user=jenkins1000 | ip=192.168.69.126 | op=SEND_HEARTBEAT {datanodeUUID=30b1b43b-2ac1-4227-ba9d-0d794daadc3a, command=[]} | ret=SUCCESS |  
2019-09-03 09:43:56,011 [grpc-default-executor-6] INFO  client.GrpcClientProtocolClient (GrpcClientProtocolClient.java:onNext(255)) - client-411D9B923220->54a7770c-e3e5-4c4a-b2d5-1e155816e439: receive RaftClientReply:client-411D9B923220->54a7770c-e3e5-4c4a-b2d5-1e155816e439@group-A3ADB0FA2990, cid=48, FAILED org.apache.ratis.protocol.NotLeaderException: Server 54a7770c-e3e5-4c4a-b2d5-1e155816e439 is not the leader (a24a5d44-532e-4ff6-8e9a-f2506e5c1784:192.168.69.126:37019). Request must be sent to leader., logIndex=0, commits[54a7770c-e3e5-4c4a-b2d5-1e155816e439:c8, dc57de79-aaca-47f1-971f-bd2f7461306f:c8, a24a5d44-532e-4ff6-8e9a-f2506e5c1784:c8]
2019-09-03 09:43:56,057 | INFO  | SCMAudit | user=jenkins1000 | ip=192.168.69.126 | op=SEND_HEARTBEAT {datanodeUUID=dc57de79-aaca-47f1-971f-bd2f7461306f, command=[]} | ret=SUCCESS |  
2019-09-03 09:43:56,068 | INFO  | SCMAudit | user=jenkins1000 | ip=192.168.69.126 | op=SEND_HEARTBEAT {datanodeUUID=a24a5d44-532e-4ff6-8e9a-f2506e5c1784, command=[]} | ret=SUCCESS |  
2019-09-03 09:43:56,214 | INFO  | SCMAudit | user=jenkins1000 | ip=192.168.69.126 | op=SEND_HEARTBEAT {datanodeUUID=fbf90420-a45e-48ce-b982-ff6e0a18d7ed, command=[]} | ret=SUCCESS |  
2019-09-03 09:43:56,566 | INFO  | SCMAudit | user=jenkins1000 | ip=192.168.69.126 | op=SEND_HEARTBEAT {datanodeUUID=5f62d077-1cb0-4aa3-be9b-0f443f88c284, command=[]} | ret=SUCCESS |  
2019-09-03 09:43:56,785 | INFO  | SCMAudit | user=jenkins1000 | ip=192.168.69.126 | op=SEND_HEARTBEAT {datanodeUUID=f1e690fe-d9d6-4f9a-b28d-4fa21d7465dc, command=[]} | ret=SUCCESS |  
2019-09-03 09:43:57,012 | INFO  | SCMAudit | user=jenkins1000 | ip=192.168.69.126 | op=SEND_HEARTBEAT {datanodeUUID=54a7770c-e3e5-4c4a-b2d5-1e155816e439, command=[]} | ret=SUCCESS |  
2019-09-03 09:43:57,012 | INFO  | SCMAudit | user=jenkins1000 | ip=192.168.69.126 | op=SEND_HEARTBEAT {datanodeUUID=30b1b43b-2ac1-4227-ba9d-0d794daadc3a, command=[]} | ret=SUCCESS |  
2019-09-03 09:43:57,057 | INFO  | SCMAudit | user=jenkins1000 | ip=192.168.69.126 | op=SEND_HEARTBEAT {datanodeUUID=dc57de79-aaca-47f1-971f-bd2f7461306f, command=[]} | ret=SUCCESS |  
2019-09-03 09:43:57,068 | INFO  | SCMAudit | user=jenkins1000 | ip=192.168.69.126 | op=SEND_HEARTBEAT {datanodeUUID=a24a5d44-532e-4ff6-8e9a-f2506e5c1784, command=[]} | ret=SUCCESS |  
2019-09-03 09:43:57,214 | INFO  | SCMAudit | user=jenkins1000 | ip=192.168.69.126 | op=SEND_HEARTBEAT {datanodeUUID=fbf90420-a45e-48ce-b982-ff6e0a18d7ed, command=[]} | ret=SUCCESS |  
2019-09-03 09:43:57,565 | INFO  | SCMAudit | user=jenkins1000 | ip=192.168.69.126 | op=SEND_HEARTBEAT {datanodeUUID=5f62d077-1cb0-4aa3-be9b-0f443f88c284, command=[]} | ret=SUCCESS |  
2019-09-03 09:43:57,784 | INFO  | SCMAudit | user=jenkins1000 | ip=192.168.69.126 | op=SEND_HEARTBEAT {datanodeUUID=f1e690fe-d9d6-4f9a-b28d-4fa21d7465dc, command=[]} | ret=SUCCESS |  
2019-09-03 09:43:58,011 | INFO  | SCMAudit | user=jenkins1000 | ip=192.168.69.126 | op=SEND_HEARTBEAT {datanodeUUID=54a7770c-e3e5-4c4a-b2d5-1e155816e439, command=[]} | ret=SUCCESS |  
2019-09-03 09:43:58,011 | INFO  | SCMAudit | user=jenkins1000 | ip=192.168.69.126 | op=SEND_HEARTBEAT {datanodeUUID=30b1b43b-2ac1-4227-ba9d-0d794daadc3a, command=[]} | ret=SUCCESS |  
2019-09-03 09:43:58,058 | INFO  | SCMAudit | user=jenkins1000 | ip=192.168.69.126 | op=SEND_HEARTBEAT {datanodeUUID=dc57de79-aaca-47f1-971f-bd2f7461306f, command=[]} | ret=SUCCESS |  
2019-09-03 09:43:58,068 | INFO  | SCMAudit | user=jenkins1000 | ip=192.168.69.126 | op=SEND_HEARTBEAT {datanodeUUID=a24a5d44-532e-4ff6-8e9a-f2506e5c1784, command=[]} | ret=SUCCESS |  
2019-09-03 09:43:58,214 | INFO  | SCMAudit | user=jenkins1000 | ip=192.168.69.126 | op=SEND_HEARTBEAT {datanodeUUID=fbf90420-a45e-48ce-b982-ff6e0a18d7ed, command=[]} | ret=SUCCESS |  
2019-09-03 09:43:58,565 | INFO  | SCMAudit | user=jenkins1000 | ip=192.168.69.126 | op=SEND_HEARTBEAT {datanodeUUID=5f62d077-1cb0-4aa3-be9b-0f443f88c284, command=[]} | ret=SUCCESS |  
2019-09-03 09:43:58,784 | INFO  | SCMAudit | user=jenkins1000 | ip=192.168.69.126 | op=SEND_HEARTBEAT {datanodeUUID=f1e690fe-d9d6-4f9a-b28d-4fa21d7465dc, command=[]} | ret=SUCCESS |  
2019-09-03 09:43:59,011 | INFO  | SCMAudit | user=jenkins1000 | ip=192.168.69.126 | op=SEND_HEARTBEAT {datanodeUUID=54a7770c-e3e5-4c4a-b2d5-1e155816e439, command=[]} | ret=SUCCESS |  
2019-09-03 09:43:59,011 | INFO  | SCMAudit | user=jenkins1000 | ip=192.168.69.126 | op=SEND_HEARTBEAT {datanodeUUID=30b1b43b-2ac1-4227-ba9d-0d794daadc3a, command=[]} | ret=SUCCESS |  
2019-09-03 09:43:59,057 | INFO  | SCMAudit | user=jenkins1000 | ip=192.168.69.126 | op=SEND_HEARTBEAT {datanodeUUID=dc57de79-aaca-47f1-971f-bd2f7461306f, command=[]} | ret=SUCCESS |  
2019-09-03 09:43:59,068 | INFO  | SCMAudit | user=jenkins1000 | ip=192.168.69.126 | op=SEND_HEARTBEAT {datanodeUUID=a24a5d44-532e-4ff6-8e9a-f2506e5c1784, command=[]} | ret=SUCCESS |  
2019-09-03 09:43:59,215 | INFO  | SCMAudit | user=jenkins1000 | ip=192.168.69.126 | op=SEND_HEARTBEAT {datanodeUUID=fbf90420-a45e-48ce-b982-ff6e0a18d7ed, command=[]} | ret=SUCCESS |  
2019-09-03 09:43:59,566 | INFO  | SCMAudit | user=jenkins1000 | ip=192.168.69.126 | op=SEND_HEARTBEAT {datanodeUUID=5f62d077-1cb0-4aa3-be9b-0f443f88c284, command=[]} | ret=SUCCESS |  
2019-09-03 09:43:59,785 | INFO  | SCMAudit | user=jenkins1000 | ip=192.168.69.126 | op=SEND_HEARTBEAT {datanodeUUID=f1e690fe-d9d6-4f9a-b28d-4fa21d7465dc, command=[]} | ret=SUCCESS |  
2019-09-03 09:44:00,011 | INFO  | SCMAudit | user=jenkins1000 | ip=192.168.69.126 | op=SEND_HEARTBEAT {datanodeUUID=54a7770c-e3e5-4c4a-b2d5-1e155816e439, command=[]} | ret=SUCCESS |  
2019-09-03 09:44:00,012 | INFO  | SCMAudit | user=jenkins1000 | ip=192.168.69.126 | op=SEND_HEARTBEAT {datanodeUUID=30b1b43b-2ac1-4227-ba9d-0d794daadc3a, command=[]} | ret=SUCCESS |  
2019-09-03 09:44:00,065 | INFO  | SCMAudit | user=jenkins1000 | ip=192.168.69.126 | op=SEND_HEARTBEAT {datanodeUUID=dc57de79-aaca-47f1-971f-bd2f7461306f, command=[]} | ret=SUCCESS |  
2019-09-03 09:44:00,070 | INFO  | SCMAudit | user=jenkins1000 | ip=192.168.69.126 | op=SEND_HEARTBEAT {datanodeUUID=a24a5d44-532e-4ff6-8e9a-f2506e5c1784, command=[]} | ret=SUCCESS |  
2019-09-03 09:44:00,214 | INFO  | SCMAudit | user=jenkins1000 | ip=192.168.69.126 | op=SEND_HEARTBEAT {datanodeUUID=fbf90420-a45e-48ce-b982-ff6e0a18d7ed, command=[]} | ret=SUCCESS |  
2019-09-03 09:44:00,565 | INFO  | SCMAudit | user=jenkins1000 | ip=192.168.69.126 | op=SEND_HEARTBEAT {datanodeUUID=5f62d077-1cb0-4aa3-be9b-0f443f88c284, command=[]} | ret=SUCCESS |  
2019-09-03 09:44:00,786 | INFO  | SCMAudit | user=jenkins1000 | ip=192.168.69.126 | op=SEND_HEARTBEAT {datanodeUUID=f1e690fe-d9d6-4f9a-b28d-4fa21d7465dc, command=[]} | ret=SUCCESS |  
2019-09-03 09:44:01,011 | INFO  | SCMAudit | user=jenkins1000 | ip=192.168.69.126 | op=SEND_HEARTBEAT {datanodeUUID=54a7770c-e3e5-4c4a-b2d5-1e155816e439, command=[]} | ret=SUCCESS |  
2019-09-03 09:44:01,013 | INFO  | SCMAudit | user=jenkins1000 | ip=192.168.69.126 | op=SEND_HEARTBEAT {datanodeUUID=30b1b43b-2ac1-4227-ba9d-0d794daadc3a, command=[]} | ret=SUCCESS |  
2019-09-03 09:44:01,065 | INFO  | SCMAudit | user=jenkins1000 | ip=192.168.69.126 | op=SEND_HEARTBEAT {datanodeUUID=dc57de79-aaca-47f1-971f-bd2f7461306f, command=[]} | ret=SUCCESS |  
2019-09-03 09:44:01,068 | INFO  | SCMAudit | user=jenkins1000 | ip=192.168.69.126 | op=SEND_HEARTBEAT {datanodeUUID=a24a5d44-532e-4ff6-8e9a-f2506e5c1784, command=[]} | ret=SUCCESS |  
2019-09-03 09:44:01,081 [grpc-default-executor-5] INFO  client.GrpcClientProtocolClient (GrpcClientProtocolClient.java:onNext(255)) - client-411D9B923220->54a7770c-e3e5-4c4a-b2d5-1e155816e439: receive RaftClientReply:client-411D9B923220->54a7770c-e3e5-4c4a-b2d5-1e155816e439@group-A3ADB0FA2990, cid=48, FAILED org.apache.ratis.protocol.NotLeaderException: Server 54a7770c-e3e5-4c4a-b2d5-1e155816e439 is not the leader (a24a5d44-532e-4ff6-8e9a-f2506e5c1784:192.168.69.126:37019). Request must be sent to leader., logIndex=0, commits[54a7770c-e3e5-4c4a-b2d5-1e155816e439:c8, dc57de79-aaca-47f1-971f-bd2f7461306f:c8, a24a5d44-532e-4ff6-8e9a-f2506e5c1784:c8]
2019-09-03 09:44:01,214 | INFO  | SCMAudit | user=jenkins1000 | ip=192.168.69.126 | op=SEND_HEARTBEAT {datanodeUUID=fbf90420-a45e-48ce-b982-ff6e0a18d7ed, command=[]} | ret=SUCCESS |  
2019-09-03 09:44:01,565 | INFO  | SCMAudit | user=jenkins1000 | ip=192.168.69.126 | op=SEND_HEARTBEAT {datanodeUUID=5f62d077-1cb0-4aa3-be9b-0f443f88c284, command=[]} | ret=SUCCESS |  
2019-09-03 09:44:01,785 | INFO  | SCMAudit | user=jenkins1000 | ip=192.168.69.126 | op=SEND_HEARTBEAT {datanodeUUID=f1e690fe-d9d6-4f9a-b28d-4fa21d7465dc, command=[]} | ret=SUCCESS |  
2019-09-03 09:44:02,011 | INFO  | SCMAudit | user=jenkins1000 | ip=192.168.69.126 | op=SEND_HEARTBEAT {datanodeUUID=54a7770c-e3e5-4c4a-b2d5-1e155816e439, command=[]} | ret=SUCCESS |  
2019-09-03 09:44:02,013 | INFO  | SCMAudit | user=jenkins1000 | ip=192.168.69.126 | op=SEND_HEARTBEAT {datanodeUUID=30b1b43b-2ac1-4227-ba9d-0d794daadc3a, command=[]} | ret=SUCCESS |  
2019-09-03 09:44:02,065 | INFO  | SCMAudit | user=jenkins1000 | ip=192.168.69.126 | op=SEND_HEARTBEAT {datanodeUUID=dc57de79-aaca-47f1-971f-bd2f7461306f, command=[]} | ret=SUCCESS |  
2019-09-03 09:44:02,068 | INFO  | SCMAudit | user=jenkins1000 | ip=192.168.69.126 | op=SEND_HEARTBEAT {datanodeUUID=a24a5d44-532e-4ff6-8e9a-f2506e5c1784, command=[]} | ret=SUCCESS |  
2019-09-03 09:44:02,215 | INFO  | SCMAudit | user=jenkins1000 | ip=192.168.69.126 | op=SEND_HEARTBEAT {datanodeUUID=fbf90420-a45e-48ce-b982-ff6e0a18d7ed, command=[]} | ret=SUCCESS |  
2019-09-03 09:44:02,566 | INFO  | SCMAudit | user=jenkins1000 | ip=192.168.69.126 | op=SEND_HEARTBEAT {datanodeUUID=5f62d077-1cb0-4aa3-be9b-0f443f88c284, command=[]} | ret=SUCCESS |  
2019-09-03 09:44:02,786 | INFO  | SCMAudit | user=jenkins1000 | ip=192.168.69.126 | op=SEND_HEARTBEAT {datanodeUUID=f1e690fe-d9d6-4f9a-b28d-4fa21d7465dc, command=[]} | ret=SUCCESS |  
2019-09-03 09:44:03,011 | INFO  | SCMAudit | user=jenkins1000 | ip=192.168.69.126 | op=SEND_HEARTBEAT {datanodeUUID=54a7770c-e3e5-4c4a-b2d5-1e155816e439, command=[]} | ret=SUCCESS |  
2019-09-03 09:44:03,013 | INFO  | SCMAudit | user=jenkins1000 | ip=192.168.69.126 | op=SEND_HEARTBEAT {datanodeUUID=30b1b43b-2ac1-4227-ba9d-0d794daadc3a, command=[]} | ret=SUCCESS |  
2019-09-03 09:44:03,066 | INFO  | SCMAudit | user=jenkins1000 | ip=192.168.69.126 | op=SEND_HEARTBEAT {datanodeUUID=dc57de79-aaca-47f1-971f-bd2f7461306f, command=[]} | ret=SUCCESS |  
2019-09-03 09:44:03,068 | INFO  | SCMAudit | user=jenkins1000 | ip=192.168.69.126 | op=SEND_HEARTBEAT {datanodeUUID=a24a5d44-532e-4ff6-8e9a-f2506e5c1784, command=[]} | ret=SUCCESS |  
2019-09-03 09:44:03,215 | INFO  | SCMAudit | user=jenkins1000 | ip=192.168.69.126 | op=SEND_HEARTBEAT {datanodeUUID=fbf90420-a45e-48ce-b982-ff6e0a18d7ed, command=[]} | ret=SUCCESS |  
2019-09-03 09:44:03,565 | INFO  | SCMAudit | user=jenkins1000 | ip=192.168.69.126 | op=SEND_HEARTBEAT {datanodeUUID=5f62d077-1cb0-4aa3-be9b-0f443f88c284, command=[]} | ret=SUCCESS |  
2019-09-03 09:44:03,785 | INFO  | SCMAudit | user=jenkins1000 | ip=192.168.69.126 | op=SEND_HEARTBEAT {datanodeUUID=f1e690fe-d9d6-4f9a-b28d-4fa21d7465dc, command=[]} | ret=SUCCESS |  
2019-09-03 09:44:04,012 | INFO  | SCMAudit | user=jenkins1000 | ip=192.168.69.126 | op=SEND_HEARTBEAT {datanodeUUID=54a7770c-e3e5-4c4a-b2d5-1e155816e439, command=[]} | ret=SUCCESS |  
2019-09-03 09:44:04,013 | INFO  | SCMAudit | user=jenkins1000 | ip=192.168.69.126 | op=SEND_HEARTBEAT {datanodeUUID=30b1b43b-2ac1-4227-ba9d-0d794daadc3a, command=[]} | ret=SUCCESS |  
2019-09-03 09:44:04,066 | INFO  | SCMAudit | user=jenkins1000 | ip=192.168.69.126 | op=SEND_HEARTBEAT {datanodeUUID=dc57de79-aaca-47f1-971f-bd2f7461306f, command=[]} | ret=SUCCESS |  
2019-09-03 09:44:04,068 | INFO  | SCMAudit | user=jenkins1000 | ip=192.168.69.126 | op=SEND_HEARTBEAT {datanodeUUID=a24a5d44-532e-4ff6-8e9a-f2506e5c1784, command=[]} | ret=SUCCESS |  
2019-09-03 09:44:04,215 | INFO  | SCMAudit | user=jenkins1000 | ip=192.168.69.126 | op=SEND_HEARTBEAT {datanodeUUID=fbf90420-a45e-48ce-b982-ff6e0a18d7ed, command=[]} | ret=SUCCESS |  
2019-09-03 09:44:04,566 | INFO  | SCMAudit | user=jenkins1000 | ip=192.168.69.126 | op=SEND_HEARTBEAT {datanodeUUID=5f62d077-1cb0-4aa3-be9b-0f443f88c284, command=[]} | ret=SUCCESS |  
2019-09-03 09:44:04,786 | INFO  | SCMAudit | user=jenkins1000 | ip=192.168.69.126 | op=SEND_HEARTBEAT {datanodeUUID=f1e690fe-d9d6-4f9a-b28d-4fa21d7465dc, command=[]} | ret=SUCCESS |  
2019-09-03 09:44:05,012 | INFO  | SCMAudit | user=jenkins1000 | ip=192.168.69.126 | op=SEND_HEARTBEAT {datanodeUUID=54a7770c-e3e5-4c4a-b2d5-1e155816e439, command=[]} | ret=SUCCESS |  
2019-09-03 09:44:05,014 | INFO  | SCMAudit | user=jenkins1000 | ip=192.168.69.126 | op=SEND_HEARTBEAT {datanodeUUID=30b1b43b-2ac1-4227-ba9d-0d794daadc3a, command=[]} | ret=SUCCESS |  
2019-09-03 09:44:05,066 | INFO  | SCMAudit | user=jenkins1000 | ip=192.168.69.126 | op=SEND_HEARTBEAT {datanodeUUID=dc57de79-aaca-47f1-971f-bd2f7461306f, command=[]} | ret=SUCCESS |  
2019-09-03 09:44:05,068 | INFO  | SCMAudit | user=jenkins1000 | ip=192.168.69.126 | op=SEND_HEARTBEAT {datanodeUUID=a24a5d44-532e-4ff6-8e9a-f2506e5c1784, command=[]} | ret=SUCCESS |  
2019-09-03 09:44:05,215 | INFO  | SCMAudit | user=jenkins1000 | ip=192.168.69.126 | op=SEND_HEARTBEAT {datanodeUUID=fbf90420-a45e-48ce-b982-ff6e0a18d7ed, command=[]} | ret=SUCCESS |  
2019-09-03 09:44:05,565 | INFO  | SCMAudit | user=jenkins1000 | ip=192.168.69.126 | op=SEND_HEARTBEAT {datanodeUUID=5f62d077-1cb0-4aa3-be9b-0f443f88c284, command=[]} | ret=SUCCESS |  
2019-09-03 09:44:05,785 | INFO  | SCMAudit | user=jenkins1000 | ip=192.168.69.126 | op=SEND_HEARTBEAT {datanodeUUID=f1e690fe-d9d6-4f9a-b28d-4fa21d7465dc, command=[]} | ret=SUCCESS |  
2019-09-03 09:44:06,012 | INFO  | SCMAudit | user=jenkins1000 | ip=192.168.69.126 | op=SEND_HEARTBEAT {datanodeUUID=54a7770c-e3e5-4c4a-b2d5-1e155816e439, command=[]} | ret=SUCCESS |  
2019-09-03 09:44:06,014 | INFO  | SCMAudit | user=jenkins1000 | ip=192.168.69.126 | op=SEND_HEARTBEAT {datanodeUUID=30b1b43b-2ac1-4227-ba9d-0d794daadc3a, command=[]} | ret=SUCCESS |  
2019-09-03 09:44:06,066 | INFO  | SCMAudit | user=jenkins1000 | ip=192.168.69.126 | op=SEND_HEARTBEAT {datanodeUUID=dc57de79-aaca-47f1-971f-bd2f7461306f, command=[]} | ret=SUCCESS |  
2019-09-03 09:44:06,068 | INFO  | SCMAudit | user=jenkins1000 | ip=192.168.69.126 | op=SEND_HEARTBEAT {datanodeUUID=a24a5d44-532e-4ff6-8e9a-f2506e5c1784, command=[]} | ret=SUCCESS |  
2019-09-03 09:44:06,119 [grpc-default-executor-5] INFO  client.GrpcClientProtocolClient (GrpcClientProtocolClient.java:onNext(255)) - client-411D9B923220->dc57de79-aaca-47f1-971f-bd2f7461306f: receive RaftClientReply:client-411D9B923220->dc57de79-aaca-47f1-971f-bd2f7461306f@group-A3ADB0FA2990, cid=48, FAILED org.apache.ratis.protocol.NotLeaderException: Server dc57de79-aaca-47f1-971f-bd2f7461306f is not the leader (a24a5d44-532e-4ff6-8e9a-f2506e5c1784:192.168.69.126:37019). Request must be sent to leader., logIndex=0, commits[dc57de79-aaca-47f1-971f-bd2f7461306f:c8, 54a7770c-e3e5-4c4a-b2d5-1e155816e439:c8, a24a5d44-532e-4ff6-8e9a-f2506e5c1784:c8]
2019-09-03 09:44:06,215 | INFO  | SCMAudit | user=jenkins1000 | ip=192.168.69.126 | op=SEND_HEARTBEAT {datanodeUUID=fbf90420-a45e-48ce-b982-ff6e0a18d7ed, command=[]} | ret=SUCCESS |  
2019-09-03 09:44:06,565 | INFO  | SCMAudit | user=jenkins1000 | ip=192.168.69.126 | op=SEND_HEARTBEAT {datanodeUUID=5f62d077-1cb0-4aa3-be9b-0f443f88c284, command=[]} | ret=SUCCESS |  
2019-09-03 09:44:06,785 | INFO  | SCMAudit | user=jenkins1000 | ip=192.168.69.126 | op=SEND_HEARTBEAT {datanodeUUID=f1e690fe-d9d6-4f9a-b28d-4fa21d7465dc, command=[]} | ret=SUCCESS |  
2019-09-03 09:44:07,012 | INFO  | SCMAudit | user=jenkins1000 | ip=192.168.69.126 | op=SEND_HEARTBEAT {datanodeUUID=54a7770c-e3e5-4c4a-b2d5-1e155816e439, command=[]} | ret=SUCCESS |  
2019-09-03 09:44:07,014 | INFO  | SCMAudit | user=jenkins1000 | ip=192.168.69.126 | op=SEND_HEARTBEAT {datanodeUUID=30b1b43b-2ac1-4227-ba9d-0d794daadc3a, command=[]} | ret=SUCCESS |  
2019-09-03 09:44:07,066 | INFO  | SCMAudit | user=jenkins1000 | ip=192.168.69.126 | op=SEND_HEARTBEAT {datanodeUUID=dc57de79-aaca-47f1-971f-bd2f7461306f, command=[]} | ret=SUCCESS |  
2019-09-03 09:44:07,070 | INFO  | SCMAudit | user=jenkins1000 | ip=192.168.69.126 | op=SEND_HEARTBEAT {datanodeUUID=a24a5d44-532e-4ff6-8e9a-f2506e5c1784, command=[]} | ret=SUCCESS |  
2019-09-03 09:44:07,215 | INFO  | SCMAudit | user=jenkins1000 | ip=192.168.69.126 | op=SEND_HEARTBEAT {datanodeUUID=fbf90420-a45e-48ce-b982-ff6e0a18d7ed, command=[]} | ret=SUCCESS |  
2019-09-03 09:44:07,566 | INFO  | SCMAudit | user=jenkins1000 | ip=192.168.69.126 | op=SEND_HEARTBEAT {datanodeUUID=5f62d077-1cb0-4aa3-be9b-0f443f88c284, command=[]} | ret=SUCCESS |  
2019-09-03 09:44:07,786 | INFO  | SCMAudit | user=jenkins1000 | ip=192.168.69.126 | op=SEND_HEARTBEAT {datanodeUUID=f1e690fe-d9d6-4f9a-b28d-4fa21d7465dc, command=[]} | ret=SUCCESS |  
2019-09-03 09:44:08,012 | INFO  | SCMAudit | user=jenkins1000 | ip=192.168.69.126 | op=SEND_HEARTBEAT {datanodeUUID=54a7770c-e3e5-4c4a-b2d5-1e155816e439, command=[]} | ret=SUCCESS |  
2019-09-03 09:44:08,015 | INFO  | SCMAudit | user=jenkins1000 | ip=192.168.69.126 | op=SEND_HEARTBEAT {datanodeUUID=30b1b43b-2ac1-4227-ba9d-0d794daadc3a, command=[]} | ret=SUCCESS |  
2019-09-03 09:44:08,066 | INFO  | SCMAudit | user=jenkins1000 | ip=192.168.69.126 | op=SEND_HEARTBEAT {datanodeUUID=dc57de79-aaca-47f1-971f-bd2f7461306f, command=[]} | ret=SUCCESS |  
2019-09-03 09:44:08,070 | INFO  | SCMAudit | user=jenkins1000 | ip=192.168.69.126 | op=SEND_HEARTBEAT {datanodeUUID=a24a5d44-532e-4ff6-8e9a-f2506e5c1784, command=[]} | ret=SUCCESS |  
2019-09-03 09:44:08,215 | INFO  | SCMAudit | user=jenkins1000 | ip=192.168.69.126 | op=SEND_HEARTBEAT {datanodeUUID=fbf90420-a45e-48ce-b982-ff6e0a18d7ed, command=[]} | ret=SUCCESS |  
2019-09-03 09:44:08,566 | INFO  | SCMAudit | user=jenkins1000 | ip=192.168.69.126 | op=SEND_HEARTBEAT {datanodeUUID=5f62d077-1cb0-4aa3-be9b-0f443f88c284, command=[]} | ret=SUCCESS |  
2019-09-03 09:44:08,786 | INFO  | SCMAudit | user=jenkins1000 | ip=192.168.69.126 | op=SEND_HEARTBEAT {datanodeUUID=f1e690fe-d9d6-4f9a-b28d-4fa21d7465dc, command=[]} | ret=SUCCESS |  
2019-09-03 09:44:09,013 | INFO  | SCMAudit | user=jenkins1000 | ip=192.168.69.126 | op=SEND_HEARTBEAT {datanodeUUID=54a7770c-e3e5-4c4a-b2d5-1e155816e439, command=[]} | ret=SUCCESS |  
2019-09-03 09:44:09,014 | INFO  | SCMAudit | user=jenkins1000 | ip=192.168.69.126 | op=SEND_HEARTBEAT {datanodeUUID=30b1b43b-2ac1-4227-ba9d-0d794daadc3a, command=[]} | ret=SUCCESS |  
2019-09-03 09:44:09,067 | INFO  | SCMAudit | user=jenkins1000 | ip=192.168.69.126 | op=SEND_HEARTBEAT {datanodeUUID=dc57de79-aaca-47f1-971f-bd2f7461306f, command=[]} | ret=SUCCESS |  
2019-09-03 09:44:09,070 | INFO  | SCMAudit | user=jenkins1000 | ip=192.168.69.126 | op=SEND_HEARTBEAT {datanodeUUID=a24a5d44-532e-4ff6-8e9a-f2506e5c1784, command=[]} | ret=SUCCESS |  
2019-09-03 09:44:09,216 | INFO  | SCMAudit | user=jenkins1000 | ip=192.168.69.126 | op=SEND_HEARTBEAT {datanodeUUID=fbf90420-a45e-48ce-b982-ff6e0a18d7ed, command=[]} | ret=SUCCESS |  
2019-09-03 09:44:09,565 | INFO  | SCMAudit | user=jenkins1000 | ip=192.168.69.126 | op=SEND_HEARTBEAT {datanodeUUID=5f62d077-1cb0-4aa3-be9b-0f443f88c284, command=[]} | ret=SUCCESS |  
2019-09-03 09:44:09,787 | INFO  | SCMAudit | user=jenkins1000 | ip=192.168.69.126 | op=SEND_HEARTBEAT {datanodeUUID=f1e690fe-d9d6-4f9a-b28d-4fa21d7465dc, command=[]} | ret=SUCCESS |  
2019-09-03 09:44:10,012 | INFO  | SCMAudit | user=jenkins1000 | ip=192.168.69.126 | op=SEND_HEARTBEAT {datanodeUUID=54a7770c-e3e5-4c4a-b2d5-1e155816e439, command=[]} | ret=SUCCESS |  
2019-09-03 09:44:10,014 | INFO  | SCMAudit | user=jenkins1000 | ip=192.168.69.126 | op=SEND_HEARTBEAT {datanodeUUID=30b1b43b-2ac1-4227-ba9d-0d794daadc3a, command=[]} | ret=SUCCESS |  
2019-09-03 09:44:10,066 | INFO  | SCMAudit | user=jenkins1000 | ip=192.168.69.126 | op=SEND_HEARTBEAT {datanodeUUID=dc57de79-aaca-47f1-971f-bd2f7461306f, command=[]} | ret=SUCCESS |  
2019-09-03 09:44:10,071 | INFO  | SCMAudit | user=jenkins1000 | ip=192.168.69.126 | op=SEND_HEARTBEAT {datanodeUUID=a24a5d44-532e-4ff6-8e9a-f2506e5c1784, command=[]} | ret=SUCCESS |  
2019-09-03 09:44:10,216 | INFO  | SCMAudit | user=jenkins1000 | ip=192.168.69.126 | op=SEND_HEARTBEAT {datanodeUUID=fbf90420-a45e-48ce-b982-ff6e0a18d7ed, command=[]} | ret=SUCCESS |  
2019-09-03 09:44:10,566 | INFO  | SCMAudit | user=jenkins1000 | ip=192.168.69.126 | op=SEND_HEARTBEAT {datanodeUUID=5f62d077-1cb0-4aa3-be9b-0f443f88c284, command=[]} | ret=SUCCESS |  
2019-09-03 09:44:10,786 | INFO  | SCMAudit | user=jenkins1000 | ip=192.168.69.126 | op=SEND_HEARTBEAT {datanodeUUID=f1e690fe-d9d6-4f9a-b28d-4fa21d7465dc, command=[]} | ret=SUCCESS |  
2019-09-03 09:44:11,012 | INFO  | SCMAudit | user=jenkins1000 | ip=192.168.69.126 | op=SEND_HEARTBEAT {datanodeUUID=54a7770c-e3e5-4c4a-b2d5-1e155816e439, command=[]} | ret=SUCCESS |  
2019-09-03 09:44:11,014 | INFO  | SCMAudit | user=jenkins1000 | ip=192.168.69.126 | op=SEND_HEARTBEAT {datanodeUUID=30b1b43b-2ac1-4227-ba9d-0d794daadc3a, command=[]} | ret=SUCCESS |  
2019-09-03 09:44:11,066 | INFO  | SCMAudit | user=jenkins1000 | ip=192.168.69.126 | op=SEND_HEARTBEAT {datanodeUUID=dc57de79-aaca-47f1-971f-bd2f7461306f, command=[]} | ret=SUCCESS |  
2019-09-03 09:44:11,070 | INFO  | SCMAudit | user=jenkins1000 | ip=192.168.69.126 | op=SEND_HEARTBEAT {datanodeUUID=a24a5d44-532e-4ff6-8e9a-f2506e5c1784, command=[]} | ret=SUCCESS |  
2019-09-03 09:44:11,158 [grpc-default-executor-5] INFO  client.GrpcClientProtocolClient (GrpcClientProtocolClient.java:onNext(255)) - client-411D9B923220->54a7770c-e3e5-4c4a-b2d5-1e155816e439: receive RaftClientReply:client-411D9B923220->54a7770c-e3e5-4c4a-b2d5-1e155816e439@group-A3ADB0FA2990, cid=48, FAILED org.apache.ratis.protocol.NotLeaderException: Server 54a7770c-e3e5-4c4a-b2d5-1e155816e439 is not the leader (a24a5d44-532e-4ff6-8e9a-f2506e5c1784:192.168.69.126:37019). Request must be sent to leader., logIndex=0, commits[54a7770c-e3e5-4c4a-b2d5-1e155816e439:c8, dc57de79-aaca-47f1-971f-bd2f7461306f:c8, a24a5d44-532e-4ff6-8e9a-f2506e5c1784:c8]
2019-09-03 09:44:11,216 | INFO  | SCMAudit | user=jenkins1000 | ip=192.168.69.126 | op=SEND_HEARTBEAT {datanodeUUID=fbf90420-a45e-48ce-b982-ff6e0a18d7ed, command=[]} | ret=SUCCESS |  
2019-09-03 09:44:11,565 | INFO  | SCMAudit | user=jenkins1000 | ip=192.168.69.126 | op=SEND_HEARTBEAT {datanodeUUID=5f62d077-1cb0-4aa3-be9b-0f443f88c284, command=[]} | ret=SUCCESS |  
2019-09-03 09:44:11,786 | INFO  | SCMAudit | user=jenkins1000 | ip=192.168.69.126 | op=SEND_HEARTBEAT {datanodeUUID=f1e690fe-d9d6-4f9a-b28d-4fa21d7465dc, command=[]} | ret=SUCCESS |  
2019-09-03 09:44:12,013 | INFO  | SCMAudit | user=jenkins1000 | ip=192.168.69.126 | op=SEND_HEARTBEAT {datanodeUUID=54a7770c-e3e5-4c4a-b2d5-1e155816e439, command=[]} | ret=SUCCESS |  
2019-09-03 09:44:12,014 | INFO  | SCMAudit | user=jenkins1000 | ip=192.168.69.126 | op=SEND_HEARTBEAT {datanodeUUID=30b1b43b-2ac1-4227-ba9d-0d794daadc3a, command=[]} | ret=SUCCESS |  
2019-09-03 09:44:12,066 | INFO  | SCMAudit | user=jenkins1000 | ip=192.168.69.126 | op=SEND_HEARTBEAT {datanodeUUID=dc57de79-aaca-47f1-971f-bd2f7461306f, command=[]} | ret=SUCCESS |  
2019-09-03 09:44:12,070 | INFO  | SCMAudit | user=jenkins1000 | ip=192.168.69.126 | op=SEND_HEARTBEAT {datanodeUUID=a24a5d44-532e-4ff6-8e9a-f2506e5c1784, command=[]} | ret=SUCCESS |  
2019-09-03 09:44:12,216 | INFO  | SCMAudit | user=jenkins1000 | ip=192.168.69.126 | op=SEND_HEARTBEAT {datanodeUUID=fbf90420-a45e-48ce-b982-ff6e0a18d7ed, command=[]} | ret=SUCCESS |  
2019-09-03 09:44:12,566 | INFO  | SCMAudit | user=jenkins1000 | ip=192.168.69.126 | op=SEND_HEARTBEAT {datanodeUUID=5f62d077-1cb0-4aa3-be9b-0f443f88c284, command=[]} | ret=SUCCESS |  
2019-09-03 09:44:12,787 | INFO  | SCMAudit | user=jenkins1000 | ip=192.168.69.126 | op=SEND_HEARTBEAT {datanodeUUID=f1e690fe-d9d6-4f9a-b28d-4fa21d7465dc, command=[]} | ret=SUCCESS |  
2019-09-03 09:44:13,013 | INFO  | SCMAudit | user=jenkins1000 | ip=192.168.69.126 | op=SEND_HEARTBEAT {datanodeUUID=54a7770c-e3e5-4c4a-b2d5-1e155816e439, command=[]} | ret=SUCCESS |  
2019-09-03 09:44:13,014 | INFO  | SCMAudit | user=jenkins1000 | ip=192.168.69.126 | op=SEND_HEARTBEAT {datanodeUUID=30b1b43b-2ac1-4227-ba9d-0d794daadc3a, command=[]} | ret=SUCCESS |  
2019-09-03 09:44:13,066 | INFO  | SCMAudit | user=jenkins1000 | ip=192.168.69.126 | op=SEND_HEARTBEAT {datanodeUUID=dc57de79-aaca-47f1-971f-bd2f7461306f, command=[]} | ret=SUCCESS |  
2019-09-03 09:44:13,071 | INFO  | SCMAudit | user=jenkins1000 | ip=192.168.69.126 | op=SEND_HEARTBEAT {datanodeUUID=a24a5d44-532e-4ff6-8e9a-f2506e5c1784, command=[]} | ret=SUCCESS |  
2019-09-03 09:44:13,216 | INFO  | SCMAudit | user=jenkins1000 | ip=192.168.69.126 | op=SEND_HEARTBEAT {datanodeUUID=fbf90420-a45e-48ce-b982-ff6e0a18d7ed, command=[]} | ret=SUCCESS |  
2019-09-03 09:44:13,565 | INFO  | SCMAudit | user=jenkins1000 | ip=192.168.69.126 | op=SEND_HEARTBEAT {datanodeUUID=5f62d077-1cb0-4aa3-be9b-0f443f88c284, command=[]} | ret=SUCCESS |  
2019-09-03 09:44:13,787 | INFO  | SCMAudit | user=jenkins1000 | ip=192.168.69.126 | op=SEND_HEARTBEAT {datanodeUUID=f1e690fe-d9d6-4f9a-b28d-4fa21d7465dc, command=[]} | ret=SUCCESS |  
2019-09-03 09:44:14,014 | INFO  | SCMAudit | user=jenkins1000 | ip=192.168.69.126 | op=SEND_HEARTBEAT {datanodeUUID=54a7770c-e3e5-4c4a-b2d5-1e155816e439, command=[]} | ret=SUCCESS |  
2019-09-03 09:44:14,014 | INFO  | SCMAudit | user=jenkins1000 | ip=192.168.69.126 | op=SEND_HEARTBEAT {datanodeUUID=30b1b43b-2ac1-4227-ba9d-0d794daadc3a, command=[]} | ret=SUCCESS |  
2019-09-03 09:44:14,066 | INFO  | SCMAudit | user=jenkins1000 | ip=192.168.69.126 | op=SEND_HEARTBEAT {datanodeUUID=dc57de79-aaca-47f1-971f-bd2f7461306f, command=[]} | ret=SUCCESS |  
2019-09-03 09:44:14,070 | INFO  | SCMAudit | user=jenkins1000 | ip=192.168.69.126 | op=SEND_HEARTBEAT {datanodeUUID=a24a5d44-532e-4ff6-8e9a-f2506e5c1784, command=[]} | ret=SUCCESS |  
2019-09-03 09:44:14,216 | INFO  | SCMAudit | user=jenkins1000 | ip=192.168.69.126 | op=SEND_HEARTBEAT {datanodeUUID=fbf90420-a45e-48ce-b982-ff6e0a18d7ed, command=[]} | ret=SUCCESS |  
2019-09-03 09:44:14,565 | INFO  | SCMAudit | user=jenkins1000 | ip=192.168.69.126 | op=SEND_HEARTBEAT {datanodeUUID=5f62d077-1cb0-4aa3-be9b-0f443f88c284, command=[]} | ret=SUCCESS |  
2019-09-03 09:44:14,787 | INFO  | SCMAudit | user=jenkins1000 | ip=192.168.69.126 | op=SEND_HEARTBEAT {datanodeUUID=f1e690fe-d9d6-4f9a-b28d-4fa21d7465dc, command=[]} | ret=SUCCESS |  
2019-09-03 09:44:15,013 | INFO  | SCMAudit | user=jenkins1000 | ip=192.168.69.126 | op=SEND_HEARTBEAT {datanodeUUID=54a7770c-e3e5-4c4a-b2d5-1e155816e439, command=[]} | ret=SUCCESS |  
2019-09-03 09:44:15,014 | INFO  | SCMAudit | user=jenkins1000 | ip=192.168.69.126 | op=SEND_HEARTBEAT {datanodeUUID=30b1b43b-2ac1-4227-ba9d-0d794daadc3a, command=[]} | ret=SUCCESS |  
2019-09-03 09:44:15,066 | INFO  | SCMAudit | user=jenkins1000 | ip=192.168.69.126 | op=SEND_HEARTBEAT {datanodeUUID=dc57de79-aaca-47f1-971f-bd2f7461306f, command=[]} | ret=SUCCESS |  
2019-09-03 09:44:15,070 | INFO  | SCMAudit | user=jenkins1000 | ip=192.168.69.126 | op=SEND_HEARTBEAT {datanodeUUID=a24a5d44-532e-4ff6-8e9a-f2506e5c1784, command=[]} | ret=SUCCESS |  
2019-09-03 09:44:15,216 | INFO  | SCMAudit | user=jenkins1000 | ip=192.168.69.126 | op=SEND_HEARTBEAT {datanodeUUID=fbf90420-a45e-48ce-b982-ff6e0a18d7ed, command=[]} | ret=SUCCESS |  
2019-09-03 09:44:15,567 | INFO  | SCMAudit | user=jenkins1000 | ip=192.168.69.126 | op=SEND_HEARTBEAT {datanodeUUID=5f62d077-1cb0-4aa3-be9b-0f443f88c284, command=[]} | ret=SUCCESS |  
2019-09-03 09:44:15,788 | INFO  | SCMAudit | user=jenkins1000 | ip=192.168.69.126 | op=SEND_HEARTBEAT {datanodeUUID=f1e690fe-d9d6-4f9a-b28d-4fa21d7465dc, command=[]} | ret=SUCCESS |  
2019-09-03 09:44:16,013 | INFO  | SCMAudit | user=jenkins1000 | ip=192.168.69.126 | op=SEND_HEARTBEAT {datanodeUUID=54a7770c-e3e5-4c4a-b2d5-1e155816e439, command=[]} | ret=SUCCESS |  
2019-09-03 09:44:16,014 | INFO  | SCMAudit | user=jenkins1000 | ip=192.168.69.126 | op=SEND_HEARTBEAT {datanodeUUID=30b1b43b-2ac1-4227-ba9d-0d794daadc3a, command=[]} | ret=SUCCESS |  
2019-09-03 09:44:16,066 | INFO  | SCMAudit | user=jenkins1000 | ip=192.168.69.126 | op=SEND_HEARTBEAT {datanodeUUID=dc57de79-aaca-47f1-971f-bd2f7461306f, command=[]} | ret=SUCCESS |  
2019-09-03 09:44:16,070 | INFO  | SCMAudit | user=jenkins1000 | ip=192.168.69.126 | op=SEND_HEARTBEAT {datanodeUUID=a24a5d44-532e-4ff6-8e9a-f2506e5c1784, command=[]} | ret=SUCCESS |  
2019-09-03 09:44:16,202 [grpc-default-executor-6] INFO  client.GrpcClientProtocolClient (GrpcClientProtocolClient.java:onNext(255)) - client-411D9B923220->dc57de79-aaca-47f1-971f-bd2f7461306f: receive RaftClientReply:client-411D9B923220->dc57de79-aaca-47f1-971f-bd2f7461306f@group-A3ADB0FA2990, cid=48, FAILED org.apache.ratis.protocol.NotLeaderException: Server dc57de79-aaca-47f1-971f-bd2f7461306f is not the leader (a24a5d44-532e-4ff6-8e9a-f2506e5c1784:192.168.69.126:37019). Request must be sent to leader., logIndex=0, commits[dc57de79-aaca-47f1-971f-bd2f7461306f:c8, 54a7770c-e3e5-4c4a-b2d5-1e155816e439:c8, a24a5d44-532e-4ff6-8e9a-f2506e5c1784:c8]
2019-09-03 09:44:16,217 | INFO  | SCMAudit | user=jenkins1000 | ip=192.168.69.126 | op=SEND_HEARTBEAT {datanodeUUID=fbf90420-a45e-48ce-b982-ff6e0a18d7ed, command=[]} | ret=SUCCESS |  
2019-09-03 09:44:16,565 | INFO  | SCMAudit | user=jenkins1000 | ip=192.168.69.126 | op=SEND_HEARTBEAT {datanodeUUID=5f62d077-1cb0-4aa3-be9b-0f443f88c284, command=[]} | ret=SUCCESS |  
2019-09-03 09:44:16,788 | INFO  | SCMAudit | user=jenkins1000 | ip=192.168.69.126 | op=SEND_HEARTBEAT {datanodeUUID=f1e690fe-d9d6-4f9a-b28d-4fa21d7465dc, command=[]} | ret=SUCCESS |  
2019-09-03 09:44:17,014 | INFO  | SCMAudit | user=jenkins1000 | ip=192.168.69.126 | op=SEND_HEARTBEAT {datanodeUUID=54a7770c-e3e5-4c4a-b2d5-1e155816e439, command=[]} | ret=SUCCESS |  
2019-09-03 09:44:17,014 | INFO  | SCMAudit | user=jenkins1000 | ip=192.168.69.126 | op=SEND_HEARTBEAT {datanodeUUID=30b1b43b-2ac1-4227-ba9d-0d794daadc3a, command=[]} | ret=SUCCESS |  
2019-09-03 09:44:17,066 | INFO  | SCMAudit | user=jenkins1000 | ip=192.168.69.126 | op=SEND_HEARTBEAT {datanodeUUID=dc57de79-aaca-47f1-971f-bd2f7461306f, command=[]} | ret=SUCCESS |  
2019-09-03 09:44:17,070 | INFO  | SCMAudit | user=jenkins1000 | ip=192.168.69.126 | op=SEND_HEARTBEAT {datanodeUUID=a24a5d44-532e-4ff6-8e9a-f2506e5c1784, command=[]} | ret=SUCCESS |  
2019-09-03 09:44:17,217 | INFO  | SCMAudit | user=jenkins1000 | ip=192.168.69.126 | op=SEND_HEARTBEAT {datanodeUUID=fbf90420-a45e-48ce-b982-ff6e0a18d7ed, command=[]} | ret=SUCCESS |  
2019-09-03 09:44:17,566 | INFO  | SCMAudit | user=jenkins1000 | ip=192.168.69.126 | op=SEND_HEARTBEAT {datanodeUUID=5f62d077-1cb0-4aa3-be9b-0f443f88c284, command=[]} | ret=SUCCESS |  
2019-09-03 09:44:17,788 | INFO  | SCMAudit | user=jenkins1000 | ip=192.168.69.126 | op=SEND_HEARTBEAT {datanodeUUID=f1e690fe-d9d6-4f9a-b28d-4fa21d7465dc, command=[]} | ret=SUCCESS |  
2019-09-03 09:44:18,014 | INFO  | SCMAudit | user=jenkins1000 | ip=192.168.69.126 | op=SEND_HEARTBEAT {datanodeUUID=54a7770c-e3e5-4c4a-b2d5-1e155816e439, command=[]} | ret=SUCCESS |  
2019-09-03 09:44:18,014 | INFO  | SCMAudit | user=jenkins1000 | ip=192.168.69.126 | op=SEND_HEARTBEAT {datanodeUUID=30b1b43b-2ac1-4227-ba9d-0d794daadc3a, command=[]} | ret=SUCCESS |  
2019-09-03 09:44:18,067 | INFO  | SCMAudit | user=jenkins1000 | ip=192.168.69.126 | op=SEND_HEARTBEAT {datanodeUUID=dc57de79-aaca-47f1-971f-bd2f7461306f, command=[]} | ret=SUCCESS |  
2019-09-03 09:44:18,070 | INFO  | SCMAudit | user=jenkins1000 | ip=192.168.69.126 | op=SEND_HEARTBEAT {datanodeUUID=a24a5d44-532e-4ff6-8e9a-f2506e5c1784, command=[]} | ret=SUCCESS |  
2019-09-03 09:44:18,218 | INFO  | SCMAudit | user=jenkins1000 | ip=192.168.69.126 | op=SEND_HEARTBEAT {datanodeUUID=fbf90420-a45e-48ce-b982-ff6e0a18d7ed, command=[]} | ret=SUCCESS |  
2019-09-03 09:44:18,565 | INFO  | SCMAudit | user=jenkins1000 | ip=192.168.69.126 | op=SEND_HEARTBEAT {datanodeUUID=5f62d077-1cb0-4aa3-be9b-0f443f88c284, command=[]} | ret=SUCCESS |  
2019-09-03 09:44:18,789 | INFO  | SCMAudit | user=jenkins1000 | ip=192.168.69.126 | op=SEND_HEARTBEAT {datanodeUUID=f1e690fe-d9d6-4f9a-b28d-4fa21d7465dc, command=[]} | ret=SUCCESS |  
2019-09-03 09:44:19,014 | INFO  | SCMAudit | user=jenkins1000 | ip=192.168.69.126 | op=SEND_HEARTBEAT {datanodeUUID=54a7770c-e3e5-4c4a-b2d5-1e155816e439, command=[]} | ret=SUCCESS |  
2019-09-03 09:44:19,014 | INFO  | SCMAudit | user=jenkins1000 | ip=192.168.69.126 | op=SEND_HEARTBEAT {datanodeUUID=30b1b43b-2ac1-4227-ba9d-0d794daadc3a, command=[]} | ret=SUCCESS |  
2019-09-03 09:44:19,067 | INFO  | SCMAudit | user=jenkins1000 | ip=192.168.69.126 | op=SEND_HEARTBEAT {datanodeUUID=dc57de79-aaca-47f1-971f-bd2f7461306f, command=[]} | ret=SUCCESS |  
2019-09-03 09:44:19,070 | INFO  | SCMAudit | user=jenkins1000 | ip=192.168.69.126 | op=SEND_HEARTBEAT {datanodeUUID=a24a5d44-532e-4ff6-8e9a-f2506e5c1784, command=[]} | ret=SUCCESS |  
2019-09-03 09:44:19,217 | INFO  | SCMAudit | user=jenkins1000 | ip=192.168.69.126 | op=SEND_HEARTBEAT {datanodeUUID=fbf90420-a45e-48ce-b982-ff6e0a18d7ed, command=[]} | ret=SUCCESS |  
2019-09-03 09:44:19,565 | INFO  | SCMAudit | user=jenkins1000 | ip=192.168.69.126 | op=SEND_HEARTBEAT {datanodeUUID=5f62d077-1cb0-4aa3-be9b-0f443f88c284, command=[]} | ret=SUCCESS |  
2019-09-03 09:44:19,788 | INFO  | SCMAudit | user=jenkins1000 | ip=192.168.69.126 | op=SEND_HEARTBEAT {datanodeUUID=f1e690fe-d9d6-4f9a-b28d-4fa21d7465dc, command=[]} | ret=SUCCESS |  
2019-09-03 09:44:20,015 | INFO  | SCMAudit | user=jenkins1000 | ip=192.168.69.126 | op=SEND_HEARTBEAT {datanodeUUID=30b1b43b-2ac1-4227-ba9d-0d794daadc3a, command=[]} | ret=SUCCESS |  
2019-09-03 09:44:20,015 | INFO  | SCMAudit | user=jenkins1000 | ip=192.168.69.126 | op=SEND_HEARTBEAT {datanodeUUID=54a7770c-e3e5-4c4a-b2d5-1e155816e439, command=[]} | ret=SUCCESS |  
2019-09-03 09:44:20,067 | INFO  | SCMAudit | user=jenkins1000 | ip=192.168.69.126 | op=SEND_HEARTBEAT {datanodeUUID=dc57de79-aaca-47f1-971f-bd2f7461306f, command=[]} | ret=SUCCESS |  
2019-09-03 09:44:20,070 | INFO  | SCMAudit | user=jenkins1000 | ip=192.168.69.126 | op=SEND_HEARTBEAT {datanodeUUID=a24a5d44-532e-4ff6-8e9a-f2506e5c1784, command=[]} | ret=SUCCESS |  
2019-09-03 09:44:20,222 | INFO  | SCMAudit | user=jenkins1000 | ip=192.168.69.126 | op=SEND_HEARTBEAT {datanodeUUID=fbf90420-a45e-48ce-b982-ff6e0a18d7ed, command=[]} | ret=SUCCESS |  
2019-09-03 09:44:20,566 | INFO  | SCMAudit | user=jenkins1000 | ip=192.168.69.126 | op=SEND_HEARTBEAT {datanodeUUID=5f62d077-1cb0-4aa3-be9b-0f443f88c284, command=[]} | ret=SUCCESS |  
2019-09-03 09:44:20,788 | INFO  | SCMAudit | user=jenkins1000 | ip=192.168.69.126 | op=SEND_HEARTBEAT {datanodeUUID=f1e690fe-d9d6-4f9a-b28d-4fa21d7465dc, command=[]} | ret=SUCCESS |  
2019-09-03 09:44:21,014 | INFO  | SCMAudit | user=jenkins1000 | ip=192.168.69.126 | op=SEND_HEARTBEAT {datanodeUUID=30b1b43b-2ac1-4227-ba9d-0d794daadc3a, command=[]} | ret=SUCCESS |  
2019-09-03 09:44:21,014 | INFO  | SCMAudit | user=jenkins1000 | ip=192.168.69.126 | op=SEND_HEARTBEAT {datanodeUUID=54a7770c-e3e5-4c4a-b2d5-1e155816e439, command=[]} | ret=SUCCESS |  
2019-09-03 09:44:21,067 | INFO  | SCMAudit | user=jenkins1000 | ip=192.168.69.126 | op=SEND_HEARTBEAT {datanodeUUID=dc57de79-aaca-47f1-971f-bd2f7461306f, command=[]} | ret=SUCCESS |  
2019-09-03 09:44:21,070 | INFO  | SCMAudit | user=jenkins1000 | ip=192.168.69.126 | op=SEND_HEARTBEAT {datanodeUUID=a24a5d44-532e-4ff6-8e9a-f2506e5c1784, command=[]} | ret=SUCCESS |  
2019-09-03 09:44:21,219 | INFO  | SCMAudit | user=jenkins1000 | ip=192.168.69.126 | op=SEND_HEARTBEAT {datanodeUUID=fbf90420-a45e-48ce-b982-ff6e0a18d7ed, command=[]} | ret=SUCCESS |  
2019-09-03 09:44:21,239 [grpc-default-executor-7] INFO  client.GrpcClientProtocolClient (GrpcClientProtocolClient.java:onNext(255)) - client-411D9B923220->54a7770c-e3e5-4c4a-b2d5-1e155816e439: receive RaftClientReply:client-411D9B923220->54a7770c-e3e5-4c4a-b2d5-1e155816e439@group-A3ADB0FA2990, cid=48, FAILED org.apache.ratis.protocol.NotLeaderException: Server 54a7770c-e3e5-4c4a-b2d5-1e155816e439 is not the leader (a24a5d44-532e-4ff6-8e9a-f2506e5c1784:192.168.69.126:37019). Request must be sent to leader., logIndex=0, commits[54a7770c-e3e5-4c4a-b2d5-1e155816e439:c8, dc57de79-aaca-47f1-971f-bd2f7461306f:c8, a24a5d44-532e-4ff6-8e9a-f2506e5c1784:c8]
2019-09-03 09:44:21,565 | INFO  | SCMAudit | user=jenkins1000 | ip=192.168.69.126 | op=SEND_HEARTBEAT {datanodeUUID=5f62d077-1cb0-4aa3-be9b-0f443f88c284, command=[]} | ret=SUCCESS |  
2019-09-03 09:44:21,788 | INFO  | SCMAudit | user=jenkins1000 | ip=192.168.69.126 | op=SEND_HEARTBEAT {datanodeUUID=f1e690fe-d9d6-4f9a-b28d-4fa21d7465dc, command=[]} | ret=SUCCESS |  
2019-09-03 09:44:22,014 | INFO  | SCMAudit | user=jenkins1000 | ip=192.168.69.126 | op=SEND_HEARTBEAT {datanodeUUID=54a7770c-e3e5-4c4a-b2d5-1e155816e439, command=[]} | ret=SUCCESS |  
2019-09-03 09:44:22,014 | INFO  | SCMAudit | user=jenkins1000 | ip=192.168.69.126 | op=SEND_HEARTBEAT {datanodeUUID=30b1b43b-2ac1-4227-ba9d-0d794daadc3a, command=[]} | ret=SUCCESS |  
2019-09-03 09:44:22,068 | INFO  | SCMAudit | user=jenkins1000 | ip=192.168.69.126 | op=SEND_HEARTBEAT {datanodeUUID=dc57de79-aaca-47f1-971f-bd2f7461306f, command=[]} | ret=SUCCESS |  
2019-09-03 09:44:22,070 | INFO  | SCMAudit | user=jenkins1000 | ip=192.168.69.126 | op=SEND_HEARTBEAT {datanodeUUID=a24a5d44-532e-4ff6-8e9a-f2506e5c1784, command=[]} | ret=SUCCESS |  
2019-09-03 09:44:22,219 | INFO  | SCMAudit | user=jenkins1000 | ip=192.168.69.126 | op=SEND_HEARTBEAT {datanodeUUID=fbf90420-a45e-48ce-b982-ff6e0a18d7ed, command=[]} | ret=SUCCESS |  
2019-09-03 09:44:22,565 | INFO  | SCMAudit | user=jenkins1000 | ip=192.168.69.126 | op=SEND_HEARTBEAT {datanodeUUID=5f62d077-1cb0-4aa3-be9b-0f443f88c284, command=[]} | ret=SUCCESS |  
2019-09-03 09:44:22,789 | INFO  | SCMAudit | user=jenkins1000 | ip=192.168.69.126 | op=SEND_HEARTBEAT {datanodeUUID=f1e690fe-d9d6-4f9a-b28d-4fa21d7465dc, command=[]} | ret=SUCCESS |  
2019-09-03 09:44:23,014 | INFO  | SCMAudit | user=jenkins1000 | ip=192.168.69.126 | op=SEND_HEARTBEAT {datanodeUUID=54a7770c-e3e5-4c4a-b2d5-1e155816e439, command=[]} | ret=SUCCESS |  
2019-09-03 09:44:23,014 | INFO  | SCMAudit | user=jenkins1000 | ip=192.168.69.126 | op=SEND_HEARTBEAT {datanodeUUID=30b1b43b-2ac1-4227-ba9d-0d794daadc3a, command=[]} | ret=SUCCESS |  
2019-09-03 09:44:23,068 | INFO  | SCMAudit | user=jenkins1000 | ip=192.168.69.126 | op=SEND_HEARTBEAT {datanodeUUID=dc57de79-aaca-47f1-971f-bd2f7461306f, command=[]} | ret=SUCCESS |  
2019-09-03 09:44:23,070 | INFO  | SCMAudit | user=jenkins1000 | ip=192.168.69.126 | op=SEND_HEARTBEAT {datanodeUUID=a24a5d44-532e-4ff6-8e9a-f2506e5c1784, command=[]} | ret=SUCCESS |  
2019-09-03 09:44:23,219 | INFO  | SCMAudit | user=jenkins1000 | ip=192.168.69.126 | op=SEND_HEARTBEAT {datanodeUUID=fbf90420-a45e-48ce-b982-ff6e0a18d7ed, command=[]} | ret=SUCCESS |  
2019-09-03 09:44:23,565 | INFO  | SCMAudit | user=jenkins1000 | ip=192.168.69.126 | op=SEND_HEARTBEAT {datanodeUUID=5f62d077-1cb0-4aa3-be9b-0f443f88c284, command=[]} | ret=SUCCESS |  
2019-09-03 09:44:23,789 | INFO  | SCMAudit | user=jenkins1000 | ip=192.168.69.126 | op=SEND_HEARTBEAT {datanodeUUID=f1e690fe-d9d6-4f9a-b28d-4fa21d7465dc, command=[]} | ret=SUCCESS |  
2019-09-03 09:44:24,015 | INFO  | SCMAudit | user=jenkins1000 | ip=192.168.69.126 | op=SEND_HEARTBEAT {datanodeUUID=30b1b43b-2ac1-4227-ba9d-0d794daadc3a, command=[]} | ret=SUCCESS |  
2019-09-03 09:44:24,015 | INFO  | SCMAudit | user=jenkins1000 | ip=192.168.69.126 | op=SEND_HEARTBEAT {datanodeUUID=54a7770c-e3e5-4c4a-b2d5-1e155816e439, command=[]} | ret=SUCCESS |  
2019-09-03 09:44:24,069 | INFO  | SCMAudit | user=jenkins1000 | ip=192.168.69.126 | op=SEND_HEARTBEAT {datanodeUUID=dc57de79-aaca-47f1-971f-bd2f7461306f, command=[]} | ret=SUCCESS |  
2019-09-03 09:44:24,070 | INFO  | SCMAudit | user=jenkins1000 | ip=192.168.69.126 | op=SEND_HEARTBEAT {datanodeUUID=a24a5d44-532e-4ff6-8e9a-f2506e5c1784, command=[]} | ret=SUCCESS |  
2019-09-03 09:44:24,220 | INFO  | SCMAudit | user=jenkins1000 | ip=192.168.69.126 | op=SEND_HEARTBEAT {datanodeUUID=fbf90420-a45e-48ce-b982-ff6e0a18d7ed, command=[]} | ret=SUCCESS |  
2019-09-03 09:44:24,566 | INFO  | SCMAudit | user=jenkins1000 | ip=192.168.69.126 | op=SEND_HEARTBEAT {datanodeUUID=5f62d077-1cb0-4aa3-be9b-0f443f88c284, command=[]} | ret=SUCCESS |  
2019-09-03 09:44:24,790 | INFO  | SCMAudit | user=jenkins1000 | ip=192.168.69.126 | op=SEND_HEARTBEAT {datanodeUUID=f1e690fe-d9d6-4f9a-b28d-4fa21d7465dc, command=[]} | ret=SUCCESS |  
2019-09-03 09:44:25,014 | INFO  | SCMAudit | user=jenkins1000 | ip=192.168.69.126 | op=SEND_HEARTBEAT {datanodeUUID=54a7770c-e3e5-4c4a-b2d5-1e155816e439, command=[]} | ret=SUCCESS |  
2019-09-03 09:44:25,014 | INFO  | SCMAudit | user=jenkins1000 | ip=192.168.69.126 | op=SEND_HEARTBEAT {datanodeUUID=30b1b43b-2ac1-4227-ba9d-0d794daadc3a, command=[]} | ret=SUCCESS |  
2019-09-03 09:44:25,068 | INFO  | SCMAudit | user=jenkins1000 | ip=192.168.69.126 | op=SEND_HEARTBEAT {datanodeUUID=dc57de79-aaca-47f1-971f-bd2f7461306f, command=[]} | ret=SUCCESS |  
2019-09-03 09:44:25,071 | INFO  | SCMAudit | user=jenkins1000 | ip=192.168.69.126 | op=SEND_HEARTBEAT {datanodeUUID=a24a5d44-532e-4ff6-8e9a-f2506e5c1784, command=[]} | ret=SUCCESS |  
2019-09-03 09:44:25,220 | INFO  | SCMAudit | user=jenkins1000 | ip=192.168.69.126 | op=SEND_HEARTBEAT {datanodeUUID=fbf90420-a45e-48ce-b982-ff6e0a18d7ed, command=[]} | ret=SUCCESS |  
2019-09-03 09:44:25,566 | INFO  | SCMAudit | user=jenkins1000 | ip=192.168.69.126 | op=SEND_HEARTBEAT {datanodeUUID=5f62d077-1cb0-4aa3-be9b-0f443f88c284, command=[]} | ret=SUCCESS |  
2019-09-03 09:44:25,789 | INFO  | SCMAudit | user=jenkins1000 | ip=192.168.69.126 | op=SEND_HEARTBEAT {datanodeUUID=f1e690fe-d9d6-4f9a-b28d-4fa21d7465dc, command=[]} | ret=SUCCESS |  
2019-09-03 09:44:26,014 | INFO  | SCMAudit | user=jenkins1000 | ip=192.168.69.126 | op=SEND_HEARTBEAT {datanodeUUID=30b1b43b-2ac1-4227-ba9d-0d794daadc3a, command=[]} | ret=SUCCESS |  
2019-09-03 09:44:26,014 | INFO  | SCMAudit | user=jenkins1000 | ip=192.168.69.126 | op=SEND_HEARTBEAT {datanodeUUID=54a7770c-e3e5-4c4a-b2d5-1e155816e439, command=[]} | ret=SUCCESS |  
2019-09-03 09:44:26,068 | INFO  | SCMAudit | user=jenkins1000 | ip=192.168.69.126 | op=SEND_HEARTBEAT {datanodeUUID=dc57de79-aaca-47f1-971f-bd2f7461306f, command=[]} | ret=SUCCESS |  
2019-09-03 09:44:26,071 | INFO  | SCMAudit | user=jenkins1000 | ip=192.168.69.126 | op=SEND_HEARTBEAT {datanodeUUID=a24a5d44-532e-4ff6-8e9a-f2506e5c1784, command=[]} | ret=SUCCESS |  
2019-09-03 09:44:26,220 | INFO  | SCMAudit | user=jenkins1000 | ip=192.168.69.126 | op=SEND_HEARTBEAT {datanodeUUID=fbf90420-a45e-48ce-b982-ff6e0a18d7ed, command=[]} | ret=SUCCESS |  
2019-09-03 09:44:26,303 [grpc-default-executor-7] INFO  client.GrpcClientProtocolClient (GrpcClientProtocolClient.java:onNext(255)) - client-411D9B923220->54a7770c-e3e5-4c4a-b2d5-1e155816e439: receive RaftClientReply:client-411D9B923220->54a7770c-e3e5-4c4a-b2d5-1e155816e439@group-A3ADB0FA2990, cid=48, FAILED org.apache.ratis.protocol.NotLeaderException: Server 54a7770c-e3e5-4c4a-b2d5-1e155816e439 is not the leader (a24a5d44-532e-4ff6-8e9a-f2506e5c1784:192.168.69.126:37019). Request must be sent to leader., logIndex=0, commits[54a7770c-e3e5-4c4a-b2d5-1e155816e439:c8, dc57de79-aaca-47f1-971f-bd2f7461306f:c8, a24a5d44-532e-4ff6-8e9a-f2506e5c1784:c8]
2019-09-03 09:44:26,566 | INFO  | SCMAudit | user=jenkins1000 | ip=192.168.69.126 | op=SEND_HEARTBEAT {datanodeUUID=5f62d077-1cb0-4aa3-be9b-0f443f88c284, command=[]} | ret=SUCCESS |  
2019-09-03 09:44:26,790 | INFO  | SCMAudit | user=jenkins1000 | ip=192.168.69.126 | op=SEND_HEARTBEAT {datanodeUUID=f1e690fe-d9d6-4f9a-b28d-4fa21d7465dc, command=[]} | ret=SUCCESS |  
2019-09-03 09:44:27,015 | INFO  | SCMAudit | user=jenkins1000 | ip=192.168.69.126 | op=SEND_HEARTBEAT {datanodeUUID=54a7770c-e3e5-4c4a-b2d5-1e155816e439, command=[]} | ret=SUCCESS |  
2019-09-03 09:44:27,015 | INFO  | SCMAudit | user=jenkins1000 | ip=192.168.69.126 | op=SEND_HEARTBEAT {datanodeUUID=30b1b43b-2ac1-4227-ba9d-0d794daadc3a, command=[]} | ret=SUCCESS |  
2019-09-03 09:44:27,068 | INFO  | SCMAudit | user=jenkins1000 | ip=192.168.69.126 | op=SEND_HEARTBEAT {datanodeUUID=dc57de79-aaca-47f1-971f-bd2f7461306f, command=[]} | ret=SUCCESS |  
2019-09-03 09:44:27,071 | INFO  | SCMAudit | user=jenkins1000 | ip=192.168.69.126 | op=SEND_HEARTBEAT {datanodeUUID=a24a5d44-532e-4ff6-8e9a-f2506e5c1784, command=[]} | ret=SUCCESS |  
2019-09-03 09:44:27,221 | INFO  | SCMAudit | user=jenkins1000 | ip=192.168.69.126 | op=SEND_HEARTBEAT {datanodeUUID=fbf90420-a45e-48ce-b982-ff6e0a18d7ed, command=[]} | ret=SUCCESS |  
2019-09-03 09:44:27,566 | INFO  | SCMAudit | user=jenkins1000 | ip=192.168.69.126 | op=SEND_HEARTBEAT {datanodeUUID=5f62d077-1cb0-4aa3-be9b-0f443f88c284, command=[]} | ret=SUCCESS |  
2019-09-03 09:44:27,789 | INFO  | SCMAudit | user=jenkins1000 | ip=192.168.69.126 | op=SEND_HEARTBEAT {datanodeUUID=f1e690fe-d9d6-4f9a-b28d-4fa21d7465dc, command=[]} | ret=SUCCESS |  
2019-09-03 09:44:28,014 | INFO  | SCMAudit | user=jenkins1000 | ip=192.168.69.126 | op=SEND_HEARTBEAT {datanodeUUID=30b1b43b-2ac1-4227-ba9d-0d794daadc3a, command=[]} | ret=SUCCESS |  
2019-09-03 09:44:28,014 | INFO  | SCMAudit | user=jenkins1000 | ip=192.168.69.126 | op=SEND_HEARTBEAT {datanodeUUID=54a7770c-e3e5-4c4a-b2d5-1e155816e439, command=[]} | ret=SUCCESS |  
2019-09-03 09:44:28,068 | INFO  | SCMAudit | user=jenkins1000 | ip=192.168.69.126 | op=SEND_HEARTBEAT {datanodeUUID=dc57de79-aaca-47f1-971f-bd2f7461306f, command=[]} | ret=SUCCESS |  
2019-09-03 09:44:28,071 | INFO  | SCMAudit | user=jenkins1000 | ip=192.168.69.126 | op=SEND_HEARTBEAT {datanodeUUID=a24a5d44-532e-4ff6-8e9a-f2506e5c1784, command=[]} | ret=SUCCESS |  
2019-09-03 09:44:28,221 | INFO  | SCMAudit | user=jenkins1000 | ip=192.168.69.126 | op=SEND_HEARTBEAT {datanodeUUID=fbf90420-a45e-48ce-b982-ff6e0a18d7ed, command=[]} | ret=SUCCESS |  
2019-09-03 09:44:28,566 | INFO  | SCMAudit | user=jenkins1000 | ip=192.168.69.126 | op=SEND_HEARTBEAT {datanodeUUID=5f62d077-1cb0-4aa3-be9b-0f443f88c284, command=[]} | ret=SUCCESS |  
2019-09-03 09:44:28,789 | INFO  | SCMAudit | user=jenkins1000 | ip=192.168.69.126 | op=SEND_HEARTBEAT {datanodeUUID=f1e690fe-d9d6-4f9a-b28d-4fa21d7465dc, command=[]} | ret=SUCCESS |  
2019-09-03 09:44:29,014 | INFO  | SCMAudit | user=jenkins1000 | ip=192.168.69.126 | op=SEND_HEARTBEAT {datanodeUUID=54a7770c-e3e5-4c4a-b2d5-1e155816e439, command=[]} | ret=SUCCESS |  
2019-09-03 09:44:29,014 | INFO  | SCMAudit | user=jenkins1000 | ip=192.168.69.126 | op=SEND_HEARTBEAT {datanodeUUID=30b1b43b-2ac1-4227-ba9d-0d794daadc3a, command=[]} | ret=SUCCESS |  
2019-09-03 09:44:29,069 | INFO  | SCMAudit | user=jenkins1000 | ip=192.168.69.126 | op=SEND_HEARTBEAT {datanodeUUID=dc57de79-aaca-47f1-971f-bd2f7461306f, command=[]} | ret=SUCCESS |  
2019-09-03 09:44:29,071 | INFO  | SCMAudit | user=jenkins1000 | ip=192.168.69.126 | op=SEND_HEARTBEAT {datanodeUUID=a24a5d44-532e-4ff6-8e9a-f2506e5c1784, command=[]} | ret=SUCCESS |  
2019-09-03 09:44:29,221 | INFO  | SCMAudit | user=jenkins1000 | ip=192.168.69.126 | op=SEND_HEARTBEAT {datanodeUUID=fbf90420-a45e-48ce-b982-ff6e0a18d7ed, command=[]} | ret=SUCCESS |  
2019-09-03 09:44:29,567 | INFO  | SCMAudit | user=jenkins1000 | ip=192.168.69.126 | op=SEND_HEARTBEAT {datanodeUUID=5f62d077-1cb0-4aa3-be9b-0f443f88c284, command=[]} | ret=SUCCESS |  
2019-09-03 09:44:29,790 | INFO  | SCMAudit | user=jenkins1000 | ip=192.168.69.126 | op=SEND_HEARTBEAT {datanodeUUID=f1e690fe-d9d6-4f9a-b28d-4fa21d7465dc, command=[]} | ret=SUCCESS |  
2019-09-03 09:44:30,015 | INFO  | SCMAudit | user=jenkins1000 | ip=192.168.69.126 | op=SEND_HEARTBEAT {datanodeUUID=30b1b43b-2ac1-4227-ba9d-0d794daadc3a, command=[]} | ret=SUCCESS |  
2019-09-03 09:44:30,015 | INFO  | SCMAudit | user=jenkins1000 | ip=192.168.69.126 | op=SEND_HEARTBEAT {datanodeUUID=54a7770c-e3e5-4c4a-b2d5-1e155816e439, command=[]} | ret=SUCCESS |  
2019-09-03 09:44:30,069 | INFO  | SCMAudit | user=jenkins1000 | ip=192.168.69.126 | op=SEND_HEARTBEAT {datanodeUUID=dc57de79-aaca-47f1-971f-bd2f7461306f, command=[]} | ret=SUCCESS |  
2019-09-03 09:44:30,072 | INFO  | SCMAudit | user=jenkins1000 | ip=192.168.69.126 | op=SEND_HEARTBEAT {datanodeUUID=a24a5d44-532e-4ff6-8e9a-f2506e5c1784, command=[]} | ret=SUCCESS |  
2019-09-03 09:44:30,221 | INFO  | SCMAudit | user=jenkins1000 | ip=192.168.69.126 | op=SEND_HEARTBEAT {datanodeUUID=fbf90420-a45e-48ce-b982-ff6e0a18d7ed, command=[]} | ret=SUCCESS |  
2019-09-03 09:44:30,567 | INFO  | SCMAudit | user=jenkins1000 | ip=192.168.69.126 | op=SEND_HEARTBEAT {datanodeUUID=5f62d077-1cb0-4aa3-be9b-0f443f88c284, command=[]} | ret=SUCCESS |  
2019-09-03 09:44:30,790 | INFO  | SCMAudit | user=jenkins1000 | ip=192.168.69.126 | op=SEND_HEARTBEAT {datanodeUUID=f1e690fe-d9d6-4f9a-b28d-4fa21d7465dc, command=[]} | ret=SUCCESS |  
2019-09-03 09:44:31,015 | INFO  | SCMAudit | user=jenkins1000 | ip=192.168.69.126 | op=SEND_HEARTBEAT {datanodeUUID=30b1b43b-2ac1-4227-ba9d-0d794daadc3a, command=[]} | ret=SUCCESS |  
2019-09-03 09:44:31,015 | INFO  | SCMAudit | user=jenkins1000 | ip=192.168.69.126 | op=SEND_HEARTBEAT {datanodeUUID=54a7770c-e3e5-4c4a-b2d5-1e155816e439, command=[]} | ret=SUCCESS |  
2019-09-03 09:44:31,069 | INFO  | SCMAudit | user=jenkins1000 | ip=192.168.69.126 | op=SEND_HEARTBEAT {datanodeUUID=dc57de79-aaca-47f1-971f-bd2f7461306f, command=[]} | ret=SUCCESS |  
2019-09-03 09:44:31,072 | INFO  | SCMAudit | user=jenkins1000 | ip=192.168.69.126 | op=SEND_HEARTBEAT {datanodeUUID=a24a5d44-532e-4ff6-8e9a-f2506e5c1784, command=[]} | ret=SUCCESS |  
2019-09-03 09:44:31,222 | INFO  | SCMAudit | user=jenkins1000 | ip=192.168.69.126 | op=SEND_HEARTBEAT {datanodeUUID=fbf90420-a45e-48ce-b982-ff6e0a18d7ed, command=[]} | ret=SUCCESS |  
2019-09-03 09:44:31,341 [grpc-default-executor-7] INFO  client.GrpcClientProtocolClient (GrpcClientProtocolClient.java:onNext(255)) - client-411D9B923220->dc57de79-aaca-47f1-971f-bd2f7461306f: receive RaftClientReply:client-411D9B923220->dc57de79-aaca-47f1-971f-bd2f7461306f@group-A3ADB0FA2990, cid=48, FAILED org.apache.ratis.protocol.NotLeaderException: Server dc57de79-aaca-47f1-971f-bd2f7461306f is not the leader (a24a5d44-532e-4ff6-8e9a-f2506e5c1784:192.168.69.126:37019). Request must be sent to leader., logIndex=0, commits[dc57de79-aaca-47f1-971f-bd2f7461306f:c8, 54a7770c-e3e5-4c4a-b2d5-1e155816e439:c8, a24a5d44-532e-4ff6-8e9a-f2506e5c1784:c8]
2019-09-03 09:44:31,567 | INFO  | SCMAudit | user=jenkins1000 | ip=192.168.69.126 | op=SEND_HEARTBEAT {datanodeUUID=5f62d077-1cb0-4aa3-be9b-0f443f88c284, command=[]} | ret=SUCCESS |  
2019-09-03 09:44:31,791 | INFO  | SCMAudit | user=jenkins1000 | ip=192.168.69.126 | op=SEND_HEARTBEAT {datanodeUUID=f1e690fe-d9d6-4f9a-b28d-4fa21d7465dc, command=[]} | ret=SUCCESS |  
2019-09-03 09:44:32,015 | INFO  | SCMAudit | user=jenkins1000 | ip=192.168.69.126 | op=SEND_HEARTBEAT {datanodeUUID=54a7770c-e3e5-4c4a-b2d5-1e155816e439, command=[]} | ret=SUCCESS |  
2019-09-03 09:44:32,016 | INFO  | SCMAudit | user=jenkins1000 | ip=192.168.69.126 | op=SEND_HEARTBEAT {datanodeUUID=30b1b43b-2ac1-4227-ba9d-0d794daadc3a, command=[]} | ret=SUCCESS |  
2019-09-03 09:44:32,069 | INFO  | SCMAudit | user=jenkins1000 | ip=192.168.69.126 | op=SEND_HEARTBEAT {datanodeUUID=dc57de79-aaca-47f1-971f-bd2f7461306f, command=[]} | ret=SUCCESS |  
2019-09-03 09:44:32,072 | INFO  | SCMAudit | user=jenkins1000 | ip=192.168.69.126 | op=SEND_HEARTBEAT {datanodeUUID=a24a5d44-532e-4ff6-8e9a-f2506e5c1784, command=[]} | ret=SUCCESS |  
2019-09-03 09:44:32,222 | INFO  | SCMAudit | user=jenkins1000 | ip=192.168.69.126 | op=SEND_HEARTBEAT {datanodeUUID=fbf90420-a45e-48ce-b982-ff6e0a18d7ed, command=[]} | ret=SUCCESS |  
2019-09-03 09:44:32,567 | INFO  | SCMAudit | user=jenkins1000 | ip=192.168.69.126 | op=SEND_HEARTBEAT {datanodeUUID=5f62d077-1cb0-4aa3-be9b-0f443f88c284, command=[]} | ret=SUCCESS |  
2019-09-03 09:44:32,791 | INFO  | SCMAudit | user=jenkins1000 | ip=192.168.69.126 | op=SEND_HEARTBEAT {datanodeUUID=f1e690fe-d9d6-4f9a-b28d-4fa21d7465dc, command=[]} | ret=SUCCESS |  
2019-09-03 09:44:33,016 | INFO  | SCMAudit | user=jenkins1000 | ip=192.168.69.126 | op=SEND_HEARTBEAT {datanodeUUID=30b1b43b-2ac1-4227-ba9d-0d794daadc3a, command=[]} | ret=SUCCESS |  
2019-09-03 09:44:33,017 | INFO  | SCMAudit | user=jenkins1000 | ip=192.168.69.126 | op=SEND_HEARTBEAT {datanodeUUID=54a7770c-e3e5-4c4a-b2d5-1e155816e439, command=[]} | ret=SUCCESS |  
2019-09-03 09:44:33,069 | INFO  | SCMAudit | user=jenkins1000 | ip=192.168.69.126 | op=SEND_HEARTBEAT {datanodeUUID=dc57de79-aaca-47f1-971f-bd2f7461306f, command=[]} | ret=SUCCESS |  
2019-09-03 09:44:33,072 | INFO  | SCMAudit | user=jenkins1000 | ip=192.168.69.126 | op=SEND_HEARTBEAT {datanodeUUID=a24a5d44-532e-4ff6-8e9a-f2506e5c1784, command=[]} | ret=SUCCESS |  
2019-09-03 09:44:33,222 | INFO  | SCMAudit | user=jenkins1000 | ip=192.168.69.126 | op=SEND_HEARTBEAT {datanodeUUID=fbf90420-a45e-48ce-b982-ff6e0a18d7ed, command=[]} | ret=SUCCESS |  
2019-09-03 09:44:33,568 | INFO  | SCMAudit | user=jenkins1000 | ip=192.168.69.126 | op=SEND_HEARTBEAT {datanodeUUID=5f62d077-1cb0-4aa3-be9b-0f443f88c284, command=[]} | ret=SUCCESS |  
2019-09-03 09:44:33,791 | INFO  | SCMAudit | user=jenkins1000 | ip=192.168.69.126 | op=SEND_HEARTBEAT {datanodeUUID=f1e690fe-d9d6-4f9a-b28d-4fa21d7465dc, command=[]} | ret=SUCCESS |  
2019-09-03 09:44:34,016 | INFO  | SCMAudit | user=jenkins1000 | ip=192.168.69.126 | op=SEND_HEARTBEAT {datanodeUUID=30b1b43b-2ac1-4227-ba9d-0d794daadc3a, command=[]} | ret=SUCCESS |  
2019-09-03 09:44:34,017 | INFO  | SCMAudit | user=jenkins1000 | ip=192.168.69.126 | op=SEND_HEARTBEAT {datanodeUUID=54a7770c-e3e5-4c4a-b2d5-1e155816e439, command=[]} | ret=SUCCESS |  
2019-09-03 09:44:34,069 | INFO  | SCMAudit | user=jenkins1000 | ip=192.168.69.126 | op=SEND_HEARTBEAT {datanodeUUID=dc57de79-aaca-47f1-971f-bd2f7461306f, command=[]} | ret=SUCCESS |  
2019-09-03 09:44:34,072 | INFO  | SCMAudit | user=jenkins1000 | ip=192.168.69.126 | op=SEND_HEARTBEAT {datanodeUUID=a24a5d44-532e-4ff6-8e9a-f2506e5c1784, command=[]} | ret=SUCCESS |  
2019-09-03 09:44:34,222 | INFO  | SCMAudit | user=jenkins1000 | ip=192.168.69.126 | op=SEND_HEARTBEAT {datanodeUUID=fbf90420-a45e-48ce-b982-ff6e0a18d7ed, command=[]} | ret=SUCCESS |  
2019-09-03 09:44:34,567 | INFO  | SCMAudit | user=jenkins1000 | ip=192.168.69.126 | op=SEND_HEARTBEAT {datanodeUUID=5f62d077-1cb0-4aa3-be9b-0f443f88c284, command=[]} | ret=SUCCESS |  
2019-09-03 09:44:34,792 | INFO  | SCMAudit | user=jenkins1000 | ip=192.168.69.126 | op=SEND_HEARTBEAT {datanodeUUID=f1e690fe-d9d6-4f9a-b28d-4fa21d7465dc, command=[]} | ret=SUCCESS |  
2019-09-03 09:44:35,017 | INFO  | SCMAudit | user=jenkins1000 | ip=192.168.69.126 | op=SEND_HEARTBEAT {datanodeUUID=30b1b43b-2ac1-4227-ba9d-0d794daadc3a, command=[]} | ret=SUCCESS |  
2019-09-03 09:44:35,017 | INFO  | SCMAudit | user=jenkins1000 | ip=192.168.69.126 | op=SEND_HEARTBEAT {datanodeUUID=54a7770c-e3e5-4c4a-b2d5-1e155816e439, command=[]} | ret=SUCCESS |  
2019-09-03 09:44:35,070 | INFO  | SCMAudit | user=jenkins1000 | ip=192.168.69.126 | op=SEND_HEARTBEAT {datanodeUUID=dc57de79-aaca-47f1-971f-bd2f7461306f, command=[]} | ret=SUCCESS |  
2019-09-03 09:44:35,072 | INFO  | SCMAudit | user=jenkins1000 | ip=192.168.69.126 | op=SEND_HEARTBEAT {datanodeUUID=a24a5d44-532e-4ff6-8e9a-f2506e5c1784, command=[]} | ret=SUCCESS |  
2019-09-03 09:44:35,222 | INFO  | SCMAudit | user=jenkins1000 | ip=192.168.69.126 | op=SEND_HEARTBEAT {datanodeUUID=fbf90420-a45e-48ce-b982-ff6e0a18d7ed, command=[]} | ret=SUCCESS |  
2019-09-03 09:44:35,567 | INFO  | SCMAudit | user=jenkins1000 | ip=192.168.69.126 | op=SEND_HEARTBEAT {datanodeUUID=5f62d077-1cb0-4aa3-be9b-0f443f88c284, command=[]} | ret=SUCCESS |  
2019-09-03 09:44:35,792 | INFO  | SCMAudit | user=jenkins1000 | ip=192.168.69.126 | op=SEND_HEARTBEAT {datanodeUUID=f1e690fe-d9d6-4f9a-b28d-4fa21d7465dc, command=[]} | ret=SUCCESS |  
2019-09-03 09:44:36,016 | INFO  | SCMAudit | user=jenkins1000 | ip=192.168.69.126 | op=SEND_HEARTBEAT {datanodeUUID=30b1b43b-2ac1-4227-ba9d-0d794daadc3a, command=[]} | ret=SUCCESS |  
2019-09-03 09:44:36,017 | INFO  | SCMAudit | user=jenkins1000 | ip=192.168.69.126 | op=SEND_HEARTBEAT {datanodeUUID=54a7770c-e3e5-4c4a-b2d5-1e155816e439, command=[]} | ret=SUCCESS |  
2019-09-03 09:44:36,070 | INFO  | SCMAudit | user=jenkins1000 | ip=192.168.69.126 | op=SEND_HEARTBEAT {datanodeUUID=dc57de79-aaca-47f1-971f-bd2f7461306f, command=[]} | ret=SUCCESS |  
2019-09-03 09:44:36,072 | INFO  | SCMAudit | user=jenkins1000 | ip=192.168.69.126 | op=SEND_HEARTBEAT {datanodeUUID=a24a5d44-532e-4ff6-8e9a-f2506e5c1784, command=[]} | ret=SUCCESS |  
2019-09-03 09:44:36,222 | INFO  | SCMAudit | user=jenkins1000 | ip=192.168.69.126 | op=SEND_HEARTBEAT {datanodeUUID=fbf90420-a45e-48ce-b982-ff6e0a18d7ed, command=[]} | ret=SUCCESS |  
2019-09-03 09:44:36,379 [grpc-default-executor-7] INFO  client.GrpcClientProtocolClient (GrpcClientProtocolClient.java:onNext(255)) - client-411D9B923220->dc57de79-aaca-47f1-971f-bd2f7461306f: receive RaftClientReply:client-411D9B923220->dc57de79-aaca-47f1-971f-bd2f7461306f@group-A3ADB0FA2990, cid=48, FAILED org.apache.ratis.protocol.NotLeaderException: Server dc57de79-aaca-47f1-971f-bd2f7461306f is not the leader (a24a5d44-532e-4ff6-8e9a-f2506e5c1784:192.168.69.126:37019). Request must be sent to leader., logIndex=0, commits[dc57de79-aaca-47f1-971f-bd2f7461306f:c8, 54a7770c-e3e5-4c4a-b2d5-1e155816e439:c8, a24a5d44-532e-4ff6-8e9a-f2506e5c1784:c8]
2019-09-03 09:44:36,567 | INFO  | SCMAudit | user=jenkins1000 | ip=192.168.69.126 | op=SEND_HEARTBEAT {datanodeUUID=5f62d077-1cb0-4aa3-be9b-0f443f88c284, command=[]} | ret=SUCCESS |  
2019-09-03 09:44:36,793 | INFO  | SCMAudit | user=jenkins1000 | ip=192.168.69.126 | op=SEND_HEARTBEAT {datanodeUUID=f1e690fe-d9d6-4f9a-b28d-4fa21d7465dc, command=[]} | ret=SUCCESS |  
2019-09-03 09:44:37,016 | INFO  | SCMAudit | user=jenkins1000 | ip=192.168.69.126 | op=SEND_HEARTBEAT {datanodeUUID=30b1b43b-2ac1-4227-ba9d-0d794daadc3a, command=[]} | ret=SUCCESS |  
2019-09-03 09:44:37,017 | INFO  | SCMAudit | user=jenkins1000 | ip=192.168.69.126 | op=SEND_HEARTBEAT {datanodeUUID=54a7770c-e3e5-4c4a-b2d5-1e155816e439, command=[]} | ret=SUCCESS |  
2019-09-03 09:44:37,070 | INFO  | SCMAudit | user=jenkins1000 | ip=192.168.69.126 | op=SEND_HEARTBEAT {datanodeUUID=dc57de79-aaca-47f1-971f-bd2f7461306f, command=[]} | ret=SUCCESS |  
2019-09-03 09:44:37,073 | INFO  | SCMAudit | user=jenkins1000 | ip=192.168.69.126 | op=SEND_HEARTBEAT {datanodeUUID=a24a5d44-532e-4ff6-8e9a-f2506e5c1784, command=[]} | ret=SUCCESS |  
2019-09-03 09:44:37,222 | INFO  | SCMAudit | user=jenkins1000 | ip=192.168.69.126 | op=SEND_HEARTBEAT {datanodeUUID=fbf90420-a45e-48ce-b982-ff6e0a18d7ed, command=[]} | ret=SUCCESS |  
2019-09-03 09:44:37,567 | INFO  | SCMAudit | user=jenkins1000 | ip=192.168.69.126 | op=SEND_HEARTBEAT {datanodeUUID=5f62d077-1cb0-4aa3-be9b-0f443f88c284, command=[]} | ret=SUCCESS |  
2019-09-03 09:44:37,793 | INFO  | SCMAudit | user=jenkins1000 | ip=192.168.69.126 | op=SEND_HEARTBEAT {datanodeUUID=f1e690fe-d9d6-4f9a-b28d-4fa21d7465dc, command=[]} | ret=SUCCESS |  
2019-09-03 09:44:38,017 | INFO  | SCMAudit | user=jenkins1000 | ip=192.168.69.126 | op=SEND_HEARTBEAT {datanodeUUID=30b1b43b-2ac1-4227-ba9d-0d794daadc3a, command=[]} | ret=SUCCESS |  
2019-09-03 09:44:38,017 | INFO  | SCMAudit | user=jenkins1000 | ip=192.168.69.126 | op=SEND_HEARTBEAT {datanodeUUID=54a7770c-e3e5-4c4a-b2d5-1e155816e439, command=[]} | ret=SUCCESS |  
2019-09-03 09:44:38,070 | INFO  | SCMAudit | user=jenkins1000 | ip=192.168.69.126 | op=SEND_HEARTBEAT {datanodeUUID=dc57de79-aaca-47f1-971f-bd2f7461306f, command=[]} | ret=SUCCESS |  
2019-09-03 09:44:38,074 | INFO  | SCMAudit | user=jenkins1000 | ip=192.168.69.126 | op=SEND_HEARTBEAT {datanodeUUID=a24a5d44-532e-4ff6-8e9a-f2506e5c1784, command=[]} | ret=SUCCESS |  
2019-09-03 09:44:38,222 | INFO  | SCMAudit | user=jenkins1000 | ip=192.168.69.126 | op=SEND_HEARTBEAT {datanodeUUID=fbf90420-a45e-48ce-b982-ff6e0a18d7ed, command=[]} | ret=SUCCESS |  
2019-09-03 09:44:38,568 | INFO  | SCMAudit | user=jenkins1000 | ip=192.168.69.126 | op=SEND_HEARTBEAT {datanodeUUID=5f62d077-1cb0-4aa3-be9b-0f443f88c284, command=[]} | ret=SUCCESS |  
2019-09-03 09:44:38,794 | INFO  | SCMAudit | user=jenkins1000 | ip=192.168.69.126 | op=SEND_HEARTBEAT {datanodeUUID=f1e690fe-d9d6-4f9a-b28d-4fa21d7465dc, command=[]} | ret=SUCCESS |  
2019-09-03 09:44:39,016 | INFO  | SCMAudit | user=jenkins1000 | ip=192.168.69.126 | op=SEND_HEARTBEAT {datanodeUUID=30b1b43b-2ac1-4227-ba9d-0d794daadc3a, command=[]} | ret=SUCCESS |  
2019-09-03 09:44:39,017 | INFO  | SCMAudit | user=jenkins1000 | ip=192.168.69.126 | op=SEND_HEARTBEAT {datanodeUUID=54a7770c-e3e5-4c4a-b2d5-1e155816e439, command=[]} | ret=SUCCESS |  
2019-09-03 09:44:39,070 | INFO  | SCMAudit | user=jenkins1000 | ip=192.168.69.126 | op=SEND_HEARTBEAT {datanodeUUID=dc57de79-aaca-47f1-971f-bd2f7461306f, command=[]} | ret=SUCCESS |  
2019-09-03 09:44:39,074 | INFO  | SCMAudit | user=jenkins1000 | ip=192.168.69.126 | op=SEND_HEARTBEAT {datanodeUUID=a24a5d44-532e-4ff6-8e9a-f2506e5c1784, command=[]} | ret=SUCCESS |  
2019-09-03 09:44:39,222 | INFO  | SCMAudit | user=jenkins1000 | ip=192.168.69.126 | op=SEND_HEARTBEAT {datanodeUUID=fbf90420-a45e-48ce-b982-ff6e0a18d7ed, command=[]} | ret=SUCCESS |  
2019-09-03 09:44:39,567 | INFO  | SCMAudit | user=jenkins1000 | ip=192.168.69.126 | op=SEND_HEARTBEAT {datanodeUUID=5f62d077-1cb0-4aa3-be9b-0f443f88c284, command=[]} | ret=SUCCESS |  
2019-09-03 09:44:39,795 | INFO  | SCMAudit | user=jenkins1000 | ip=192.168.69.126 | op=SEND_HEARTBEAT {datanodeUUID=f1e690fe-d9d6-4f9a-b28d-4fa21d7465dc, command=[]} | ret=SUCCESS |  
2019-09-03 09:44:40,016 | INFO  | SCMAudit | user=jenkins1000 | ip=192.168.69.126 | op=SEND_HEARTBEAT {datanodeUUID=30b1b43b-2ac1-4227-ba9d-0d794daadc3a, command=[]} | ret=SUCCESS |  
2019-09-03 09:44:40,017 | INFO  | SCMAudit | user=jenkins1000 | ip=192.168.69.126 | op=SEND_HEARTBEAT {datanodeUUID=54a7770c-e3e5-4c4a-b2d5-1e155816e439, command=[]} | ret=SUCCESS |  
2019-09-03 09:44:40,071 | INFO  | SCMAudit | user=jenkins1000 | ip=192.168.69.126 | op=SEND_HEARTBEAT {datanodeUUID=dc57de79-aaca-47f1-971f-bd2f7461306f, command=[]} | ret=SUCCESS |  
2019-09-03 09:44:40,074 | INFO  | SCMAudit | user=jenkins1000 | ip=192.168.69.126 | op=SEND_HEARTBEAT {datanodeUUID=a24a5d44-532e-4ff6-8e9a-f2506e5c1784, command=[]} | ret=SUCCESS |  
2019-09-03 09:44:40,222 | INFO  | SCMAudit | user=jenkins1000 | ip=192.168.69.126 | op=SEND_HEARTBEAT {datanodeUUID=fbf90420-a45e-48ce-b982-ff6e0a18d7ed, command=[]} | ret=SUCCESS |  
2019-09-03 09:44:40,567 | INFO  | SCMAudit | user=jenkins1000 | ip=192.168.69.126 | op=SEND_HEARTBEAT {datanodeUUID=5f62d077-1cb0-4aa3-be9b-0f443f88c284, command=[]} | ret=SUCCESS |  
2019-09-03 09:44:40,794 | INFO  | SCMAudit | user=jenkins1000 | ip=192.168.69.126 | op=SEND_HEARTBEAT {datanodeUUID=f1e690fe-d9d6-4f9a-b28d-4fa21d7465dc, command=[]} | ret=SUCCESS |  
2019-09-03 09:44:41,017 | INFO  | SCMAudit | user=jenkins1000 | ip=192.168.69.126 | op=SEND_HEARTBEAT {datanodeUUID=30b1b43b-2ac1-4227-ba9d-0d794daadc3a, command=[]} | ret=SUCCESS |  
2019-09-03 09:44:41,017 | INFO  | SCMAudit | user=jenkins1000 | ip=192.168.69.126 | op=SEND_HEARTBEAT {datanodeUUID=54a7770c-e3e5-4c4a-b2d5-1e155816e439, command=[]} | ret=SUCCESS |  
2019-09-03 09:44:41,071 | INFO  | SCMAudit | user=jenkins1000 | ip=192.168.69.126 | op=SEND_HEARTBEAT {datanodeUUID=dc57de79-aaca-47f1-971f-bd2f7461306f, command=[]} | ret=SUCCESS |  
2019-09-03 09:44:41,074 | INFO  | SCMAudit | user=jenkins1000 | ip=192.168.69.126 | op=SEND_HEARTBEAT {datanodeUUID=a24a5d44-532e-4ff6-8e9a-f2506e5c1784, command=[]} | ret=SUCCESS |  
2019-09-03 09:44:41,222 | INFO  | SCMAudit | user=jenkins1000 | ip=192.168.69.126 | op=SEND_HEARTBEAT {datanodeUUID=fbf90420-a45e-48ce-b982-ff6e0a18d7ed, command=[]} | ret=SUCCESS |  
2019-09-03 09:44:41,432 [grpc-default-executor-7] INFO  client.GrpcClientProtocolClient (GrpcClientProtocolClient.java:onNext(255)) - client-411D9B923220->54a7770c-e3e5-4c4a-b2d5-1e155816e439: receive RaftClientReply:client-411D9B923220->54a7770c-e3e5-4c4a-b2d5-1e155816e439@group-A3ADB0FA2990, cid=48, FAILED org.apache.ratis.protocol.NotLeaderException: Server 54a7770c-e3e5-4c4a-b2d5-1e155816e439 is not the leader (a24a5d44-532e-4ff6-8e9a-f2506e5c1784:192.168.69.126:37019). Request must be sent to leader., logIndex=0, commits[54a7770c-e3e5-4c4a-b2d5-1e155816e439:c8, dc57de79-aaca-47f1-971f-bd2f7461306f:c8, a24a5d44-532e-4ff6-8e9a-f2506e5c1784:c8]
2019-09-03 09:44:41,567 | INFO  | SCMAudit | user=jenkins1000 | ip=192.168.69.126 | op=SEND_HEARTBEAT {datanodeUUID=5f62d077-1cb0-4aa3-be9b-0f443f88c284, command=[]} | ret=SUCCESS |  
2019-09-03 09:44:41,795 | INFO  | SCMAudit | user=jenkins1000 | ip=192.168.69.126 | op=SEND_HEARTBEAT {datanodeUUID=f1e690fe-d9d6-4f9a-b28d-4fa21d7465dc, command=[]} | ret=SUCCESS |  
2019-09-03 09:44:42,017 | INFO  | SCMAudit | user=jenkins1000 | ip=192.168.69.126 | op=SEND_HEARTBEAT {datanodeUUID=54a7770c-e3e5-4c4a-b2d5-1e155816e439, command=[]} | ret=SUCCESS |  
2019-09-03 09:44:42,017 | INFO  | SCMAudit | user=jenkins1000 | ip=192.168.69.126 | op=SEND_HEARTBEAT {datanodeUUID=30b1b43b-2ac1-4227-ba9d-0d794daadc3a, command=[]} | ret=SUCCESS |  
2019-09-03 09:44:42,071 | INFO  | SCMAudit | user=jenkins1000 | ip=192.168.69.126 | op=SEND_HEARTBEAT {datanodeUUID=dc57de79-aaca-47f1-971f-bd2f7461306f, command=[]} | ret=SUCCESS |  
2019-09-03 09:44:42,074 | INFO  | SCMAudit | user=jenkins1000 | ip=192.168.69.126 | op=SEND_HEARTBEAT {datanodeUUID=a24a5d44-532e-4ff6-8e9a-f2506e5c1784, command=[]} | ret=SUCCESS |  
2019-09-03 09:44:42,222 | INFO  | SCMAudit | user=jenkins1000 | ip=192.168.69.126 | op=SEND_HEARTBEAT {datanodeUUID=fbf90420-a45e-48ce-b982-ff6e0a18d7ed, command=[]} | ret=SUCCESS |  
2019-09-03 09:44:42,568 | INFO  | SCMAudit | user=jenkins1000 | ip=192.168.69.126 | op=SEND_HEARTBEAT {datanodeUUID=5f62d077-1cb0-4aa3-be9b-0f443f88c284, command=[]} | ret=SUCCESS |  
2019-09-03 09:44:42,794 | INFO  | SCMAudit | user=jenkins1000 | ip=192.168.69.126 | op=SEND_HEARTBEAT {datanodeUUID=f1e690fe-d9d6-4f9a-b28d-4fa21d7465dc, command=[]} | ret=SUCCESS |  
2019-09-03 09:44:43,018 | INFO  | SCMAudit | user=jenkins1000 | ip=192.168.69.126 | op=SEND_HEARTBEAT {datanodeUUID=54a7770c-e3e5-4c4a-b2d5-1e155816e439, command=[]} | ret=SUCCESS |  
2019-09-03 09:44:43,018 | INFO  | SCMAudit | user=jenkins1000 | ip=192.168.69.126 | op=SEND_HEARTBEAT {datanodeUUID=30b1b43b-2ac1-4227-ba9d-0d794daadc3a, command=[]} | ret=SUCCESS |  
2019-09-03 09:44:43,071 | INFO  | SCMAudit | user=jenkins1000 | ip=192.168.69.126 | op=SEND_HEARTBEAT {datanodeUUID=dc57de79-aaca-47f1-971f-bd2f7461306f, command=[]} | ret=SUCCESS |  
2019-09-03 09:44:43,074 | INFO  | SCMAudit | user=jenkins1000 | ip=192.168.69.126 | op=SEND_HEARTBEAT {datanodeUUID=a24a5d44-532e-4ff6-8e9a-f2506e5c1784, command=[]} | ret=SUCCESS |  
2019-09-03 09:44:43,223 | INFO  | SCMAudit | user=jenkins1000 | ip=192.168.69.126 | op=SEND_HEARTBEAT {datanodeUUID=fbf90420-a45e-48ce-b982-ff6e0a18d7ed, command=[]} | ret=SUCCESS |  
2019-09-03 09:44:43,567 | INFO  | SCMAudit | user=jenkins1000 | ip=192.168.69.126 | op=SEND_HEARTBEAT {datanodeUUID=5f62d077-1cb0-4aa3-be9b-0f443f88c284, command=[]} | ret=SUCCESS |  
2019-09-03 09:44:43,795 | INFO  | SCMAudit | user=jenkins1000 | ip=192.168.69.126 | op=SEND_HEARTBEAT {datanodeUUID=f1e690fe-d9d6-4f9a-b28d-4fa21d7465dc, command=[]} | ret=SUCCESS |  
2019-09-03 09:44:44,018 | INFO  | SCMAudit | user=jenkins1000 | ip=192.168.69.126 | op=SEND_HEARTBEAT {datanodeUUID=30b1b43b-2ac1-4227-ba9d-0d794daadc3a, command=[]} | ret=SUCCESS |  
2019-09-03 09:44:44,018 | INFO  | SCMAudit | user=jenkins1000 | ip=192.168.69.126 | op=SEND_HEARTBEAT {datanodeUUID=54a7770c-e3e5-4c4a-b2d5-1e155816e439, command=[]} | ret=SUCCESS |  
2019-09-03 09:44:44,071 | INFO  | SCMAudit | user=jenkins1000 | ip=192.168.69.126 | op=SEND_HEARTBEAT {datanodeUUID=dc57de79-aaca-47f1-971f-bd2f7461306f, command=[]} | ret=SUCCESS |  
2019-09-03 09:44:44,074 | INFO  | SCMAudit | user=jenkins1000 | ip=192.168.69.126 | op=SEND_HEARTBEAT {datanodeUUID=a24a5d44-532e-4ff6-8e9a-f2506e5c1784, command=[]} | ret=SUCCESS |  
2019-09-03 09:44:44,223 | INFO  | SCMAudit | user=jenkins1000 | ip=192.168.69.126 | op=SEND_HEARTBEAT {datanodeUUID=fbf90420-a45e-48ce-b982-ff6e0a18d7ed, command=[]} | ret=SUCCESS |  
2019-09-03 09:44:44,568 | INFO  | SCMAudit | user=jenkins1000 | ip=192.168.69.126 | op=SEND_HEARTBEAT {datanodeUUID=5f62d077-1cb0-4aa3-be9b-0f443f88c284, command=[]} | ret=SUCCESS |  
2019-09-03 09:44:44,795 | INFO  | SCMAudit | user=jenkins1000 | ip=192.168.69.126 | op=SEND_HEARTBEAT {datanodeUUID=f1e690fe-d9d6-4f9a-b28d-4fa21d7465dc, command=[]} | ret=SUCCESS |  
2019-09-03 09:44:45,018 | INFO  | SCMAudit | user=jenkins1000 | ip=192.168.69.126 | op=SEND_HEARTBEAT {datanodeUUID=30b1b43b-2ac1-4227-ba9d-0d794daadc3a, command=[]} | ret=SUCCESS |  
2019-09-03 09:44:45,018 | INFO  | SCMAudit | user=jenkins1000 | ip=192.168.69.126 | op=SEND_HEARTBEAT {datanodeUUID=54a7770c-e3e5-4c4a-b2d5-1e155816e439, command=[]} | ret=SUCCESS |  
2019-09-03 09:44:45,071 | INFO  | SCMAudit | user=jenkins1000 | ip=192.168.69.126 | op=SEND_HEARTBEAT {datanodeUUID=dc57de79-aaca-47f1-971f-bd2f7461306f, command=[]} | ret=SUCCESS |  
2019-09-03 09:44:45,074 | INFO  | SCMAudit | user=jenkins1000 | ip=192.168.69.126 | op=SEND_HEARTBEAT {datanodeUUID=a24a5d44-532e-4ff6-8e9a-f2506e5c1784, command=[]} | ret=SUCCESS |  
2019-09-03 09:44:45,223 | INFO  | SCMAudit | user=jenkins1000 | ip=192.168.69.126 | op=SEND_HEARTBEAT {datanodeUUID=fbf90420-a45e-48ce-b982-ff6e0a18d7ed, command=[]} | ret=SUCCESS |  
2019-09-03 09:44:45,567 | INFO  | SCMAudit | user=jenkins1000 | ip=192.168.69.126 | op=SEND_HEARTBEAT {datanodeUUID=5f62d077-1cb0-4aa3-be9b-0f443f88c284, command=[]} | ret=SUCCESS |  
2019-09-03 09:44:45,796 | INFO  | SCMAudit | user=jenkins1000 | ip=192.168.69.126 | op=SEND_HEARTBEAT {datanodeUUID=f1e690fe-d9d6-4f9a-b28d-4fa21d7465dc, command=[]} | ret=SUCCESS |  
2019-09-03 09:44:46,018 | INFO  | SCMAudit | user=jenkins1000 | ip=192.168.69.126 | op=SEND_HEARTBEAT {datanodeUUID=54a7770c-e3e5-4c4a-b2d5-1e155816e439, command=[]} | ret=SUCCESS |  
2019-09-03 09:44:46,018 | INFO  | SCMAudit | user=jenkins1000 | ip=192.168.69.126 | op=SEND_HEARTBEAT {datanodeUUID=30b1b43b-2ac1-4227-ba9d-0d794daadc3a, command=[]} | ret=SUCCESS |  
2019-09-03 09:44:46,071 | INFO  | SCMAudit | user=jenkins1000 | ip=192.168.69.126 | op=SEND_HEARTBEAT {datanodeUUID=dc57de79-aaca-47f1-971f-bd2f7461306f, command=[]} | ret=SUCCESS |  
2019-09-03 09:44:46,074 | INFO  | SCMAudit | user=jenkins1000 | ip=192.168.69.126 | op=SEND_HEARTBEAT {datanodeUUID=a24a5d44-532e-4ff6-8e9a-f2506e5c1784, command=[]} | ret=SUCCESS |  
2019-09-03 09:44:46,223 | INFO  | SCMAudit | user=jenkins1000 | ip=192.168.69.126 | op=SEND_HEARTBEAT {datanodeUUID=fbf90420-a45e-48ce-b982-ff6e0a18d7ed, command=[]} | ret=SUCCESS |  
2019-09-03 09:44:46,474 [grpc-default-executor-6] INFO  client.GrpcClientProtocolClient (GrpcClientProtocolClient.java:onNext(255)) - client-411D9B923220->dc57de79-aaca-47f1-971f-bd2f7461306f: receive RaftClientReply:client-411D9B923220->dc57de79-aaca-47f1-971f-bd2f7461306f@group-A3ADB0FA2990, cid=48, FAILED org.apache.ratis.protocol.NotLeaderException: Server dc57de79-aaca-47f1-971f-bd2f7461306f is not the leader (a24a5d44-532e-4ff6-8e9a-f2506e5c1784:192.168.69.126:37019). Request must be sent to leader., logIndex=0, commits[dc57de79-aaca-47f1-971f-bd2f7461306f:c8, 54a7770c-e3e5-4c4a-b2d5-1e155816e439:c8, a24a5d44-532e-4ff6-8e9a-f2506e5c1784:c8]
2019-09-03 09:44:46,567 | INFO  | SCMAudit | user=jenkins1000 | ip=192.168.69.126 | op=SEND_HEARTBEAT {datanodeUUID=5f62d077-1cb0-4aa3-be9b-0f443f88c284, command=[]} | ret=SUCCESS |  
2019-09-03 09:44:46,795 | INFO  | SCMAudit | user=jenkins1000 | ip=192.168.69.126 | op=SEND_HEARTBEAT {datanodeUUID=f1e690fe-d9d6-4f9a-b28d-4fa21d7465dc, command=[]} | ret=SUCCESS |  
2019-09-03 09:44:47,018 | INFO  | SCMAudit | user=jenkins1000 | ip=192.168.69.126 | op=SEND_HEARTBEAT {datanodeUUID=54a7770c-e3e5-4c4a-b2d5-1e155816e439, command=[]} | ret=SUCCESS |  
2019-09-03 09:44:47,019 | INFO  | SCMAudit | user=jenkins1000 | ip=192.168.69.126 | op=SEND_HEARTBEAT {datanodeUUID=30b1b43b-2ac1-4227-ba9d-0d794daadc3a, command=[]} | ret=SUCCESS |  
2019-09-03 09:44:47,072 | INFO  | SCMAudit | user=jenkins1000 | ip=192.168.69.126 | op=SEND_HEARTBEAT {datanodeUUID=dc57de79-aaca-47f1-971f-bd2f7461306f, command=[]} | ret=SUCCESS |  
2019-09-03 09:44:47,074 | INFO  | SCMAudit | user=jenkins1000 | ip=192.168.69.126 | op=SEND_HEARTBEAT {datanodeUUID=a24a5d44-532e-4ff6-8e9a-f2506e5c1784, command=[]} | ret=SUCCESS |  
2019-09-03 09:44:47,224 | INFO  | SCMAudit | user=jenkins1000 | ip=192.168.69.126 | op=SEND_HEARTBEAT {datanodeUUID=fbf90420-a45e-48ce-b982-ff6e0a18d7ed, command=[]} | ret=SUCCESS |  
2019-09-03 09:44:47,568 | INFO  | SCMAudit | user=jenkins1000 | ip=192.168.69.126 | op=SEND_HEARTBEAT {datanodeUUID=5f62d077-1cb0-4aa3-be9b-0f443f88c284, command=[]} | ret=SUCCESS |  
2019-09-03 09:44:47,795 | INFO  | SCMAudit | user=jenkins1000 | ip=192.168.69.126 | op=SEND_HEARTBEAT {datanodeUUID=f1e690fe-d9d6-4f9a-b28d-4fa21d7465dc, command=[]} | ret=SUCCESS |  
2019-09-03 09:44:48,018 | INFO  | SCMAudit | user=jenkins1000 | ip=192.168.69.126 | op=SEND_HEARTBEAT {datanodeUUID=54a7770c-e3e5-4c4a-b2d5-1e155816e439, command=[]} | ret=SUCCESS |  
2019-09-03 09:44:48,020 | INFO  | SCMAudit | user=jenkins1000 | ip=192.168.69.126 | op=SEND_HEARTBEAT {datanodeUUID=30b1b43b-2ac1-4227-ba9d-0d794daadc3a, command=[]} | ret=SUCCESS |  
2019-09-03 09:44:48,072 | INFO  | SCMAudit | user=jenkins1000 | ip=192.168.69.126 | op=SEND_HEARTBEAT {datanodeUUID=dc57de79-aaca-47f1-971f-bd2f7461306f, command=[]} | ret=SUCCESS |  
2019-09-03 09:44:48,076 | INFO  | SCMAudit | user=jenkins1000 | ip=192.168.69.126 | op=SEND_HEARTBEAT {datanodeUUID=a24a5d44-532e-4ff6-8e9a-f2506e5c1784, command=[]} | ret=SUCCESS |  
2019-09-03 09:44:48,223 | INFO  | SCMAudit | user=jenkins1000 | ip=192.168.69.126 | op=SEND_HEARTBEAT {datanodeUUID=fbf90420-a45e-48ce-b982-ff6e0a18d7ed, command=[]} | ret=SUCCESS |  
2019-09-03 09:44:48,568 | INFO  | SCMAudit | user=jenkins1000 | ip=192.168.69.126 | op=SEND_HEARTBEAT {datanodeUUID=5f62d077-1cb0-4aa3-be9b-0f443f88c284, command=[]} | ret=SUCCESS |  
2019-09-03 09:44:48,795 | INFO  | SCMAudit | user=jenkins1000 | ip=192.168.69.126 | op=SEND_HEARTBEAT {datanodeUUID=f1e690fe-d9d6-4f9a-b28d-4fa21d7465dc, command=[]} | ret=SUCCESS |  
2019-09-03 09:44:49,018 | INFO  | SCMAudit | user=jenkins1000 | ip=192.168.69.126 | op=SEND_HEARTBEAT {datanodeUUID=54a7770c-e3e5-4c4a-b2d5-1e155816e439, command=[]} | ret=SUCCESS |  
2019-09-03 09:44:49,020 | INFO  | SCMAudit | user=jenkins1000 | ip=192.168.69.126 | op=SEND_HEARTBEAT {datanodeUUID=30b1b43b-2ac1-4227-ba9d-0d794daadc3a, command=[]} | ret=SUCCESS |  
2019-09-03 09:44:49,072 | INFO  | SCMAudit | user=jenkins1000 | ip=192.168.69.126 | op=SEND_HEARTBEAT {datanodeUUID=dc57de79-aaca-47f1-971f-bd2f7461306f, command=[]} | ret=SUCCESS |  
2019-09-03 09:44:49,075 | INFO  | SCMAudit | user=jenkins1000 | ip=192.168.69.126 | op=SEND_HEARTBEAT {datanodeUUID=a24a5d44-532e-4ff6-8e9a-f2506e5c1784, command=[]} | ret=SUCCESS |  
2019-09-03 09:44:49,223 | INFO  | SCMAudit | user=jenkins1000 | ip=192.168.69.126 | op=SEND_HEARTBEAT {datanodeUUID=fbf90420-a45e-48ce-b982-ff6e0a18d7ed, command=[]} | ret=SUCCESS |  
2019-09-03 09:44:49,569 | INFO  | SCMAudit | user=jenkins1000 | ip=192.168.69.126 | op=SEND_HEARTBEAT {datanodeUUID=5f62d077-1cb0-4aa3-be9b-0f443f88c284, command=[]} | ret=SUCCESS |  
2019-09-03 09:44:49,796 | INFO  | SCMAudit | user=jenkins1000 | ip=192.168.69.126 | op=SEND_HEARTBEAT {datanodeUUID=f1e690fe-d9d6-4f9a-b28d-4fa21d7465dc, command=[]} | ret=SUCCESS |  
2019-09-03 09:44:50,019 | INFO  | SCMAudit | user=jenkins1000 | ip=192.168.69.126 | op=SEND_HEARTBEAT {datanodeUUID=54a7770c-e3e5-4c4a-b2d5-1e155816e439, command=[]} | ret=SUCCESS |  
2019-09-03 09:44:50,020 | INFO  | SCMAudit | user=jenkins1000 | ip=192.168.69.126 | op=SEND_HEARTBEAT {datanodeUUID=30b1b43b-2ac1-4227-ba9d-0d794daadc3a, command=[]} | ret=SUCCESS |  
2019-09-03 09:44:50,072 | INFO  | SCMAudit | user=jenkins1000 | ip=192.168.69.126 | op=SEND_HEARTBEAT {datanodeUUID=dc57de79-aaca-47f1-971f-bd2f7461306f, command=[]} | ret=SUCCESS |  
2019-09-03 09:44:50,075 | INFO  | SCMAudit | user=jenkins1000 | ip=192.168.69.126 | op=SEND_HEARTBEAT {datanodeUUID=a24a5d44-532e-4ff6-8e9a-f2506e5c1784, command=[]} | ret=SUCCESS |  
2019-09-03 09:44:50,223 | INFO  | SCMAudit | user=jenkins1000 | ip=192.168.69.126 | op=SEND_HEARTBEAT {datanodeUUID=fbf90420-a45e-48ce-b982-ff6e0a18d7ed, command=[]} | ret=SUCCESS |  
2019-09-03 09:44:50,568 | INFO  | SCMAudit | user=jenkins1000 | ip=192.168.69.126 | op=SEND_HEARTBEAT {datanodeUUID=5f62d077-1cb0-4aa3-be9b-0f443f88c284, command=[]} | ret=SUCCESS |  
2019-09-03 09:44:50,797 | INFO  | SCMAudit | user=jenkins1000 | ip=192.168.69.126 | op=SEND_HEARTBEAT {datanodeUUID=f1e690fe-d9d6-4f9a-b28d-4fa21d7465dc, command=[]} | ret=SUCCESS |  
2019-09-03 09:44:51,019 | INFO  | SCMAudit | user=jenkins1000 | ip=192.168.69.126 | op=SEND_HEARTBEAT {datanodeUUID=54a7770c-e3e5-4c4a-b2d5-1e155816e439, command=[]} | ret=SUCCESS |  
2019-09-03 09:44:51,020 | INFO  | SCMAudit | user=jenkins1000 | ip=192.168.69.126 | op=SEND_HEARTBEAT {datanodeUUID=30b1b43b-2ac1-4227-ba9d-0d794daadc3a, command=[]} | ret=SUCCESS |  
2019-09-03 09:44:51,072 | INFO  | SCMAudit | user=jenkins1000 | ip=192.168.69.126 | op=SEND_HEARTBEAT {datanodeUUID=dc57de79-aaca-47f1-971f-bd2f7461306f, command=[]} | ret=SUCCESS |  
2019-09-03 09:44:51,075 | INFO  | SCMAudit | user=jenkins1000 | ip=192.168.69.126 | op=SEND_HEARTBEAT {datanodeUUID=a24a5d44-532e-4ff6-8e9a-f2506e5c1784, command=[]} | ret=SUCCESS |  
2019-09-03 09:44:51,223 | INFO  | SCMAudit | user=jenkins1000 | ip=192.168.69.126 | op=SEND_HEARTBEAT {datanodeUUID=fbf90420-a45e-48ce-b982-ff6e0a18d7ed, command=[]} | ret=SUCCESS |  
2019-09-03 09:44:51,508 [grpc-default-executor-7] INFO  client.GrpcClientProtocolClient (GrpcClientProtocolClient.java:onNext(255)) - client-411D9B923220->54a7770c-e3e5-4c4a-b2d5-1e155816e439: receive RaftClientReply:client-411D9B923220->54a7770c-e3e5-4c4a-b2d5-1e155816e439@group-A3ADB0FA2990, cid=48, FAILED org.apache.ratis.protocol.NotLeaderException: Server 54a7770c-e3e5-4c4a-b2d5-1e155816e439 is not the leader (a24a5d44-532e-4ff6-8e9a-f2506e5c1784:192.168.69.126:37019). Request must be sent to leader., logIndex=0, commits[54a7770c-e3e5-4c4a-b2d5-1e155816e439:c8, dc57de79-aaca-47f1-971f-bd2f7461306f:c8, a24a5d44-532e-4ff6-8e9a-f2506e5c1784:c8]
2019-09-03 09:44:51,568 | INFO  | SCMAudit | user=jenkins1000 | ip=192.168.69.126 | op=SEND_HEARTBEAT {datanodeUUID=5f62d077-1cb0-4aa3-be9b-0f443f88c284, command=[]} | ret=SUCCESS |  
2019-09-03 09:44:51,796 | INFO  | SCMAudit | user=jenkins1000 | ip=192.168.69.126 | op=SEND_HEARTBEAT {datanodeUUID=f1e690fe-d9d6-4f9a-b28d-4fa21d7465dc, command=[]} | ret=SUCCESS |  
2019-09-03 09:44:52,020 | INFO  | SCMAudit | user=jenkins1000 | ip=192.168.69.126 | op=SEND_HEARTBEAT {datanodeUUID=54a7770c-e3e5-4c4a-b2d5-1e155816e439, command=[]} | ret=SUCCESS |  
2019-09-03 09:44:52,020 | INFO  | SCMAudit | user=jenkins1000 | ip=192.168.69.126 | op=SEND_HEARTBEAT {datanodeUUID=30b1b43b-2ac1-4227-ba9d-0d794daadc3a, command=[]} | ret=SUCCESS |  
2019-09-03 09:44:52,072 | INFO  | SCMAudit | user=jenkins1000 | ip=192.168.69.126 | op=SEND_HEARTBEAT {datanodeUUID=dc57de79-aaca-47f1-971f-bd2f7461306f, command=[]} | ret=SUCCESS |  
2019-09-03 09:44:52,075 | INFO  | SCMAudit | user=jenkins1000 | ip=192.168.69.126 | op=SEND_HEARTBEAT {datanodeUUID=a24a5d44-532e-4ff6-8e9a-f2506e5c1784, command=[]} | ret=SUCCESS |  
2019-09-03 09:44:52,223 | INFO  | SCMAudit | user=jenkins1000 | ip=192.168.69.126 | op=SEND_HEARTBEAT {datanodeUUID=fbf90420-a45e-48ce-b982-ff6e0a18d7ed, command=[]} | ret=SUCCESS |  
2019-09-03 09:44:52,568 | INFO  | SCMAudit | user=jenkins1000 | ip=192.168.69.126 | op=SEND_HEARTBEAT {datanodeUUID=5f62d077-1cb0-4aa3-be9b-0f443f88c284, command=[]} | ret=SUCCESS |  
2019-09-03 09:44:52,796 | INFO  | SCMAudit | user=jenkins1000 | ip=192.168.69.126 | op=SEND_HEARTBEAT {datanodeUUID=f1e690fe-d9d6-4f9a-b28d-4fa21d7465dc, command=[]} | ret=SUCCESS |  
2019-09-03 09:44:53,019 | INFO  | SCMAudit | user=jenkins1000 | ip=192.168.69.126 | op=SEND_HEARTBEAT {datanodeUUID=54a7770c-e3e5-4c4a-b2d5-1e155816e439, command=[]} | ret=SUCCESS |  
2019-09-03 09:44:53,020 | INFO  | SCMAudit | user=jenkins1000 | ip=192.168.69.126 | op=SEND_HEARTBEAT {datanodeUUID=30b1b43b-2ac1-4227-ba9d-0d794daadc3a, command=[]} | ret=SUCCESS |  
2019-09-03 09:44:53,072 | INFO  | SCMAudit | user=jenkins1000 | ip=192.168.69.126 | op=SEND_HEARTBEAT {datanodeUUID=dc57de79-aaca-47f1-971f-bd2f7461306f, command=[]} | ret=SUCCESS |  
2019-09-03 09:44:53,075 | INFO  | SCMAudit | user=jenkins1000 | ip=192.168.69.126 | op=SEND_HEARTBEAT {datanodeUUID=a24a5d44-532e-4ff6-8e9a-f2506e5c1784, command=[]} | ret=SUCCESS |  
2019-09-03 09:44:53,224 | INFO  | SCMAudit | user=jenkins1000 | ip=192.168.69.126 | op=SEND_HEARTBEAT {datanodeUUID=fbf90420-a45e-48ce-b982-ff6e0a18d7ed, command=[]} | ret=SUCCESS |  
2019-09-03 09:44:53,569 | INFO  | SCMAudit | user=jenkins1000 | ip=192.168.69.126 | op=SEND_HEARTBEAT {datanodeUUID=5f62d077-1cb0-4aa3-be9b-0f443f88c284, command=[]} | ret=SUCCESS |  
2019-09-03 09:44:53,797 | INFO  | SCMAudit | user=jenkins1000 | ip=192.168.69.126 | op=SEND_HEARTBEAT {datanodeUUID=f1e690fe-d9d6-4f9a-b28d-4fa21d7465dc, command=[]} | ret=SUCCESS |  
2019-09-03 09:44:54,020 | INFO  | SCMAudit | user=jenkins1000 | ip=192.168.69.126 | op=SEND_HEARTBEAT {datanodeUUID=54a7770c-e3e5-4c4a-b2d5-1e155816e439, command=[]} | ret=SUCCESS |  
2019-09-03 09:44:54,020 | INFO  | SCMAudit | user=jenkins1000 | ip=192.168.69.126 | op=SEND_HEARTBEAT {datanodeUUID=30b1b43b-2ac1-4227-ba9d-0d794daadc3a, command=[]} | ret=SUCCESS |  
2019-09-03 09:44:54,072 | INFO  | SCMAudit | user=jenkins1000 | ip=192.168.69.126 | op=SEND_HEARTBEAT {datanodeUUID=dc57de79-aaca-47f1-971f-bd2f7461306f, command=[]} | ret=SUCCESS |  
2019-09-03 09:44:54,075 | INFO  | SCMAudit | user=jenkins1000 | ip=192.168.69.126 | op=SEND_HEARTBEAT {datanodeUUID=a24a5d44-532e-4ff6-8e9a-f2506e5c1784, command=[]} | ret=SUCCESS |  
2019-09-03 09:44:54,224 | INFO  | SCMAudit | user=jenkins1000 | ip=192.168.69.126 | op=SEND_HEARTBEAT {datanodeUUID=fbf90420-a45e-48ce-b982-ff6e0a18d7ed, command=[]} | ret=SUCCESS |  
2019-09-03 09:44:54,569 | INFO  | SCMAudit | user=jenkins1000 | ip=192.168.69.126 | op=SEND_HEARTBEAT {datanodeUUID=5f62d077-1cb0-4aa3-be9b-0f443f88c284, command=[]} | ret=SUCCESS |  
2019-09-03 09:44:54,796 | INFO  | SCMAudit | user=jenkins1000 | ip=192.168.69.126 | op=SEND_HEARTBEAT {datanodeUUID=f1e690fe-d9d6-4f9a-b28d-4fa21d7465dc, command=[]} | ret=SUCCESS |  
2019-09-03 09:44:55,019 | INFO  | SCMAudit | user=jenkins1000 | ip=192.168.69.126 | op=SEND_HEARTBEAT {datanodeUUID=54a7770c-e3e5-4c4a-b2d5-1e155816e439, command=[]} | ret=SUCCESS |  
2019-09-03 09:44:55,020 | INFO  | SCMAudit | user=jenkins1000 | ip=192.168.69.126 | op=SEND_HEARTBEAT {datanodeUUID=30b1b43b-2ac1-4227-ba9d-0d794daadc3a, command=[]} | ret=SUCCESS |  
2019-09-03 09:44:55,072 | INFO  | SCMAudit | user=jenkins1000 | ip=192.168.69.126 | op=SEND_HEARTBEAT {datanodeUUID=dc57de79-aaca-47f1-971f-bd2f7461306f, command=[]} | ret=SUCCESS |  
2019-09-03 09:44:55,075 | INFO  | SCMAudit | user=jenkins1000 | ip=192.168.69.126 | op=SEND_HEARTBEAT {datanodeUUID=a24a5d44-532e-4ff6-8e9a-f2506e5c1784, command=[]} | ret=SUCCESS |  
2019-09-03 09:44:55,224 | INFO  | SCMAudit | user=jenkins1000 | ip=192.168.69.126 | op=SEND_HEARTBEAT {datanodeUUID=fbf90420-a45e-48ce-b982-ff6e0a18d7ed, command=[]} | ret=SUCCESS |  
2019-09-03 09:44:55,569 | INFO  | SCMAudit | user=jenkins1000 | ip=192.168.69.126 | op=SEND_HEARTBEAT {datanodeUUID=5f62d077-1cb0-4aa3-be9b-0f443f88c284, command=[]} | ret=SUCCESS |  
2019-09-03 09:44:55,797 | INFO  | SCMAudit | user=jenkins1000 | ip=192.168.69.126 | op=SEND_HEARTBEAT {datanodeUUID=f1e690fe-d9d6-4f9a-b28d-4fa21d7465dc, command=[]} | ret=SUCCESS |  
2019-09-03 09:44:56,019 | INFO  | SCMAudit | user=jenkins1000 | ip=192.168.69.126 | op=SEND_HEARTBEAT {datanodeUUID=54a7770c-e3e5-4c4a-b2d5-1e155816e439, command=[]} | ret=SUCCESS |  
2019-09-03 09:44:56,020 | INFO  | SCMAudit | user=jenkins1000 | ip=192.168.69.126 | op=SEND_HEARTBEAT {datanodeUUID=30b1b43b-2ac1-4227-ba9d-0d794daadc3a, command=[]} | ret=SUCCESS |  
2019-09-03 09:44:56,073 | INFO  | SCMAudit | user=jenkins1000 | ip=192.168.69.126 | op=SEND_HEARTBEAT {datanodeUUID=dc57de79-aaca-47f1-971f-bd2f7461306f, command=[]} | ret=SUCCESS |  
2019-09-03 09:44:56,075 | INFO  | SCMAudit | user=jenkins1000 | ip=192.168.69.126 | op=SEND_HEARTBEAT {datanodeUUID=a24a5d44-532e-4ff6-8e9a-f2506e5c1784, command=[]} | ret=SUCCESS |  
2019-09-03 09:44:56,224 | INFO  | SCMAudit | user=jenkins1000 | ip=192.168.69.126 | op=SEND_HEARTBEAT {datanodeUUID=fbf90420-a45e-48ce-b982-ff6e0a18d7ed, command=[]} | ret=SUCCESS |  
2019-09-03 09:44:56,539 [grpc-default-executor-7] INFO  client.GrpcClientProtocolClient (GrpcClientProtocolClient.java:onNext(255)) - client-411D9B923220->dc57de79-aaca-47f1-971f-bd2f7461306f: receive RaftClientReply:client-411D9B923220->dc57de79-aaca-47f1-971f-bd2f7461306f@group-A3ADB0FA2990, cid=48, FAILED org.apache.ratis.protocol.NotLeaderException: Server dc57de79-aaca-47f1-971f-bd2f7461306f is not the leader (a24a5d44-532e-4ff6-8e9a-f2506e5c1784:192.168.69.126:37019). Request must be sent to leader., logIndex=0, commits[dc57de79-aaca-47f1-971f-bd2f7461306f:c8, 54a7770c-e3e5-4c4a-b2d5-1e155816e439:c8, a24a5d44-532e-4ff6-8e9a-f2506e5c1784:c8]
2019-09-03 09:44:56,570 | INFO  | SCMAudit | user=jenkins1000 | ip=192.168.69.126 | op=SEND_HEARTBEAT {datanodeUUID=5f62d077-1cb0-4aa3-be9b-0f443f88c284, command=[]} | ret=SUCCESS |  
2019-09-03 09:44:56,798 | INFO  | SCMAudit | user=jenkins1000 | ip=192.168.69.126 | op=SEND_HEARTBEAT {datanodeUUID=f1e690fe-d9d6-4f9a-b28d-4fa21d7465dc, command=[]} | ret=SUCCESS |  
2019-09-03 09:44:57,020 | INFO  | SCMAudit | user=jenkins1000 | ip=192.168.69.126 | op=SEND_HEARTBEAT {datanodeUUID=54a7770c-e3e5-4c4a-b2d5-1e155816e439, command=[]} | ret=SUCCESS |  
2019-09-03 09:44:57,020 | INFO  | SCMAudit | user=jenkins1000 | ip=192.168.69.126 | op=SEND_HEARTBEAT {datanodeUUID=30b1b43b-2ac1-4227-ba9d-0d794daadc3a, command=[]} | ret=SUCCESS |  
2019-09-03 09:44:57,073 | INFO  | SCMAudit | user=jenkins1000 | ip=192.168.69.126 | op=SEND_HEARTBEAT {datanodeUUID=dc57de79-aaca-47f1-971f-bd2f7461306f, command=[]} | ret=SUCCESS |  
2019-09-03 09:44:57,075 | INFO  | SCMAudit | user=jenkins1000 | ip=192.168.69.126 | op=SEND_HEARTBEAT {datanodeUUID=a24a5d44-532e-4ff6-8e9a-f2506e5c1784, command=[]} | ret=SUCCESS |  
2019-09-03 09:44:57,224 | INFO  | SCMAudit | user=jenkins1000 | ip=192.168.69.126 | op=SEND_HEARTBEAT {datanodeUUID=fbf90420-a45e-48ce-b982-ff6e0a18d7ed, command=[]} | ret=SUCCESS |  
2019-09-03 09:44:57,569 | INFO  | SCMAudit | user=jenkins1000 | ip=192.168.69.126 | op=SEND_HEARTBEAT {datanodeUUID=5f62d077-1cb0-4aa3-be9b-0f443f88c284, command=[]} | ret=SUCCESS |  
2019-09-03 09:44:57,798 | INFO  | SCMAudit | user=jenkins1000 | ip=192.168.69.126 | op=SEND_HEARTBEAT {datanodeUUID=f1e690fe-d9d6-4f9a-b28d-4fa21d7465dc, command=[]} | ret=SUCCESS |  
2019-09-03 09:44:58,020 | INFO  | SCMAudit | user=jenkins1000 | ip=192.168.69.126 | op=SEND_HEARTBEAT {datanodeUUID=54a7770c-e3e5-4c4a-b2d5-1e155816e439, command=[]} | ret=SUCCESS |  
2019-09-03 09:44:58,021 | INFO  | SCMAudit | user=jenkins1000 | ip=192.168.69.126 | op=SEND_HEARTBEAT {datanodeUUID=30b1b43b-2ac1-4227-ba9d-0d794daadc3a, command=[]} | ret=SUCCESS |  
2019-09-03 09:44:58,073 | INFO  | SCMAudit | user=jenkins1000 | ip=192.168.69.126 | op=SEND_HEARTBEAT {datanodeUUID=dc57de79-aaca-47f1-971f-bd2f7461306f, command=[]} | ret=SUCCESS |  
2019-09-03 09:44:58,075 | INFO  | SCMAudit | user=jenkins1000 | ip=192.168.69.126 | op=SEND_HEARTBEAT {datanodeUUID=a24a5d44-532e-4ff6-8e9a-f2506e5c1784, command=[]} | ret=SUCCESS |  
2019-09-03 09:44:58,224 | INFO  | SCMAudit | user=jenkins1000 | ip=192.168.69.126 | op=SEND_HEARTBEAT {datanodeUUID=fbf90420-a45e-48ce-b982-ff6e0a18d7ed, command=[]} | ret=SUCCESS |  
2019-09-03 09:44:58,569 | INFO  | SCMAudit | user=jenkins1000 | ip=192.168.69.126 | op=SEND_HEARTBEAT {datanodeUUID=5f62d077-1cb0-4aa3-be9b-0f443f88c284, command=[]} | ret=SUCCESS |  
2019-09-03 09:44:58,797 | INFO  | SCMAudit | user=jenkins1000 | ip=192.168.69.126 | op=SEND_HEARTBEAT {datanodeUUID=f1e690fe-d9d6-4f9a-b28d-4fa21d7465dc, command=[]} | ret=SUCCESS |  
2019-09-03 09:44:59,020 | INFO  | SCMAudit | user=jenkins1000 | ip=192.168.69.126 | op=SEND_HEARTBEAT {datanodeUUID=30b1b43b-2ac1-4227-ba9d-0d794daadc3a, command=[]} | ret=SUCCESS |  
2019-09-03 09:44:59,020 | INFO  | SCMAudit | user=jenkins1000 | ip=192.168.69.126 | op=SEND_HEARTBEAT {datanodeUUID=54a7770c-e3e5-4c4a-b2d5-1e155816e439, command=[]} | ret=SUCCESS |  
2019-09-03 09:44:59,073 | INFO  | SCMAudit | user=jenkins1000 | ip=192.168.69.126 | op=SEND_HEARTBEAT {datanodeUUID=dc57de79-aaca-47f1-971f-bd2f7461306f, command=[]} | ret=SUCCESS |  
2019-09-03 09:44:59,079 | INFO  | SCMAudit | user=jenkins1000 | ip=192.168.69.126 | op=SEND_HEARTBEAT {datanodeUUID=a24a5d44-532e-4ff6-8e9a-f2506e5c1784, command=[]} | ret=SUCCESS |  
2019-09-03 09:44:59,224 | INFO  | SCMAudit | user=jenkins1000 | ip=192.168.69.126 | op=SEND_HEARTBEAT {datanodeUUID=fbf90420-a45e-48ce-b982-ff6e0a18d7ed, command=[]} | ret=SUCCESS |  
2019-09-03 09:44:59,571 | INFO  | SCMAudit | user=jenkins1000 | ip=192.168.69.126 | op=SEND_HEARTBEAT {datanodeUUID=5f62d077-1cb0-4aa3-be9b-0f443f88c284, command=[]} | ret=SUCCESS |  
2019-09-03 09:44:59,798 | INFO  | SCMAudit | user=jenkins1000 | ip=192.168.69.126 | op=SEND_HEARTBEAT {datanodeUUID=f1e690fe-d9d6-4f9a-b28d-4fa21d7465dc, command=[]} | ret=SUCCESS |  
2019-09-03 09:45:00,021 | INFO  | SCMAudit | user=jenkins1000 | ip=192.168.69.126 | op=SEND_HEARTBEAT {datanodeUUID=30b1b43b-2ac1-4227-ba9d-0d794daadc3a, command=[]} | ret=SUCCESS |  
2019-09-03 09:45:00,021 | INFO  | SCMAudit | user=jenkins1000 | ip=192.168.69.126 | op=SEND_HEARTBEAT {datanodeUUID=54a7770c-e3e5-4c4a-b2d5-1e155816e439, command=[]} | ret=SUCCESS |  
2019-09-03 09:45:00,073 | INFO  | SCMAudit | user=jenkins1000 | ip=192.168.69.126 | op=SEND_HEARTBEAT {datanodeUUID=dc57de79-aaca-47f1-971f-bd2f7461306f, command=[]} | ret=SUCCESS |  
2019-09-03 09:45:00,079 | INFO  | SCMAudit | user=jenkins1000 | ip=192.168.69.126 | op=SEND_HEARTBEAT {datanodeUUID=a24a5d44-532e-4ff6-8e9a-f2506e5c1784, command=[]} | ret=SUCCESS |  
2019-09-03 09:45:00,225 | INFO  | SCMAudit | user=jenkins1000 | ip=192.168.69.126 | op=SEND_HEARTBEAT {datanodeUUID=fbf90420-a45e-48ce-b982-ff6e0a18d7ed, command=[]} | ret=SUCCESS |  
2019-09-03 09:45:00,570 | INFO  | SCMAudit | user=jenkins1000 | ip=192.168.69.126 | op=SEND_HEARTBEAT {datanodeUUID=5f62d077-1cb0-4aa3-be9b-0f443f88c284, command=[]} | ret=SUCCESS |  
2019-09-03 09:45:00,797 | INFO  | SCMAudit | user=jenkins1000 | ip=192.168.69.126 | op=SEND_HEARTBEAT {datanodeUUID=f1e690fe-d9d6-4f9a-b28d-4fa21d7465dc, command=[]} | ret=SUCCESS |  
2019-09-03 09:45:01,020 | INFO  | SCMAudit | user=jenkins1000 | ip=192.168.69.126 | op=SEND_HEARTBEAT {datanodeUUID=54a7770c-e3e5-4c4a-b2d5-1e155816e439, command=[]} | ret=SUCCESS |  
2019-09-03 09:45:01,020 | INFO  | SCMAudit | user=jenkins1000 | ip=192.168.69.126 | op=SEND_HEARTBEAT {datanodeUUID=30b1b43b-2ac1-4227-ba9d-0d794daadc3a, command=[]} | ret=SUCCESS |  
2019-09-03 09:45:01,074 | INFO  | SCMAudit | user=jenkins1000 | ip=192.168.69.126 | op=SEND_HEARTBEAT {datanodeUUID=dc57de79-aaca-47f1-971f-bd2f7461306f, command=[]} | ret=SUCCESS |  
2019-09-03 09:45:01,079 | INFO  | SCMAudit | user=jenkins1000 | ip=192.168.69.126 | op=SEND_HEARTBEAT {datanodeUUID=a24a5d44-532e-4ff6-8e9a-f2506e5c1784, command=[]} | ret=SUCCESS |  
2019-09-03 09:45:01,225 | INFO  | SCMAudit | user=jenkins1000 | ip=192.168.69.126 | op=SEND_HEARTBEAT {datanodeUUID=fbf90420-a45e-48ce-b982-ff6e0a18d7ed, command=[]} | ret=SUCCESS |  
2019-09-03 09:45:01,572 | INFO  | SCMAudit | user=jenkins1000 | ip=192.168.69.126 | op=SEND_HEARTBEAT {datanodeUUID=5f62d077-1cb0-4aa3-be9b-0f443f88c284, command=[]} | ret=SUCCESS |  
2019-09-03 09:45:01,586 [grpc-default-executor-6] INFO  client.GrpcClientProtocolClient (GrpcClientProtocolClient.java:onNext(255)) - client-411D9B923220->dc57de79-aaca-47f1-971f-bd2f7461306f: receive RaftClientReply:client-411D9B923220->dc57de79-aaca-47f1-971f-bd2f7461306f@group-A3ADB0FA2990, cid=48, FAILED org.apache.ratis.protocol.NotLeaderException: Server dc57de79-aaca-47f1-971f-bd2f7461306f is not the leader (a24a5d44-532e-4ff6-8e9a-f2506e5c1784:192.168.69.126:37019). Request must be sent to leader., logIndex=0, commits[dc57de79-aaca-47f1-971f-bd2f7461306f:c8, 54a7770c-e3e5-4c4a-b2d5-1e155816e439:c8, a24a5d44-532e-4ff6-8e9a-f2506e5c1784:c8]
2019-09-03 09:45:01,799 | INFO  | SCMAudit | user=jenkins1000 | ip=192.168.69.126 | op=SEND_HEARTBEAT {datanodeUUID=f1e690fe-d9d6-4f9a-b28d-4fa21d7465dc, command=[]} | ret=SUCCESS |  
2019-09-03 09:45:02,021 | INFO  | SCMAudit | user=jenkins1000 | ip=192.168.69.126 | op=SEND_HEARTBEAT {datanodeUUID=54a7770c-e3e5-4c4a-b2d5-1e155816e439, command=[]} | ret=SUCCESS |  
2019-09-03 09:45:02,021 | INFO  | SCMAudit | user=jenkins1000 | ip=192.168.69.126 | op=SEND_HEARTBEAT {datanodeUUID=30b1b43b-2ac1-4227-ba9d-0d794daadc3a, command=[]} | ret=SUCCESS |  
2019-09-03 09:45:02,074 | INFO  | SCMAudit | user=jenkins1000 | ip=192.168.69.126 | op=SEND_HEARTBEAT {datanodeUUID=dc57de79-aaca-47f1-971f-bd2f7461306f, command=[]} | ret=SUCCESS |  
2019-09-03 09:45:02,079 | INFO  | SCMAudit | user=jenkins1000 | ip=192.168.69.126 | op=SEND_HEARTBEAT {datanodeUUID=a24a5d44-532e-4ff6-8e9a-f2506e5c1784, command=[]} | ret=SUCCESS |  
2019-09-03 09:45:02,225 | INFO  | SCMAudit | user=jenkins1000 | ip=192.168.69.126 | op=SEND_HEARTBEAT {datanodeUUID=fbf90420-a45e-48ce-b982-ff6e0a18d7ed, command=[]} | ret=SUCCESS |  
2019-09-03 09:45:02,570 | INFO  | SCMAudit | user=jenkins1000 | ip=192.168.69.126 | op=SEND_HEARTBEAT {datanodeUUID=5f62d077-1cb0-4aa3-be9b-0f443f88c284, command=[]} | ret=SUCCESS |  
2019-09-03 09:45:02,798 | INFO  | SCMAudit | user=jenkins1000 | ip=192.168.69.126 | op=SEND_HEARTBEAT {datanodeUUID=f1e690fe-d9d6-4f9a-b28d-4fa21d7465dc, command=[]} | ret=SUCCESS |  
2019-09-03 09:45:03,020 | INFO  | SCMAudit | user=jenkins1000 | ip=192.168.69.126 | op=SEND_HEARTBEAT {datanodeUUID=54a7770c-e3e5-4c4a-b2d5-1e155816e439, command=[]} | ret=SUCCESS |  
2019-09-03 09:45:03,020 | INFO  | SCMAudit | user=jenkins1000 | ip=192.168.69.126 | op=SEND_HEARTBEAT {datanodeUUID=30b1b43b-2ac1-4227-ba9d-0d794daadc3a, command=[]} | ret=SUCCESS |  
2019-09-03 09:45:03,074 | INFO  | SCMAudit | user=jenkins1000 | ip=192.168.69.126 | op=SEND_HEARTBEAT {datanodeUUID=dc57de79-aaca-47f1-971f-bd2f7461306f, command=[]} | ret=SUCCESS |  
2019-09-03 09:45:03,079 | INFO  | SCMAudit | user=jenkins1000 | ip=192.168.69.126 | op=SEND_HEARTBEAT {datanodeUUID=a24a5d44-532e-4ff6-8e9a-f2506e5c1784, command=[]} | ret=SUCCESS |  
2019-09-03 09:45:03,225 | INFO  | SCMAudit | user=jenkins1000 | ip=192.168.69.126 | op=SEND_HEARTBEAT {datanodeUUID=fbf90420-a45e-48ce-b982-ff6e0a18d7ed, command=[]} | ret=SUCCESS |  
2019-09-03 09:45:03,571 | INFO  | SCMAudit | user=jenkins1000 | ip=192.168.69.126 | op=SEND_HEARTBEAT {datanodeUUID=5f62d077-1cb0-4aa3-be9b-0f443f88c284, command=[]} | ret=SUCCESS |  
2019-09-03 09:45:03,799 | INFO  | SCMAudit | user=jenkins1000 | ip=192.168.69.126 | op=SEND_HEARTBEAT {datanodeUUID=f1e690fe-d9d6-4f9a-b28d-4fa21d7465dc, command=[]} | ret=SUCCESS |  
2019-09-03 09:45:04,020 | INFO  | SCMAudit | user=jenkins1000 | ip=192.168.69.126 | op=SEND_HEARTBEAT {datanodeUUID=54a7770c-e3e5-4c4a-b2d5-1e155816e439, command=[]} | ret=SUCCESS |  
2019-09-03 09:45:04,020 | INFO  | SCMAudit | user=jenkins1000 | ip=192.168.69.126 | op=SEND_HEARTBEAT {datanodeUUID=30b1b43b-2ac1-4227-ba9d-0d794daadc3a, command=[]} | ret=SUCCESS |  
2019-09-03 09:45:04,074 | INFO  | SCMAudit | user=jenkins1000 | ip=192.168.69.126 | op=SEND_HEARTBEAT {datanodeUUID=dc57de79-aaca-47f1-971f-bd2f7461306f, command=[]} | ret=SUCCESS |  
2019-09-03 09:45:04,079 | INFO  | SCMAudit | user=jenkins1000 | ip=192.168.69.126 | op=SEND_HEARTBEAT {datanodeUUID=a24a5d44-532e-4ff6-8e9a-f2506e5c1784, command=[]} | ret=SUCCESS |  
2019-09-03 09:45:04,226 | INFO  | SCMAudit | user=jenkins1000 | ip=192.168.69.126 | op=SEND_HEARTBEAT {datanodeUUID=fbf90420-a45e-48ce-b982-ff6e0a18d7ed, command=[]} | ret=SUCCESS |  
2019-09-03 09:45:04,571 | INFO  | SCMAudit | user=jenkins1000 | ip=192.168.69.126 | op=SEND_HEARTBEAT {datanodeUUID=5f62d077-1cb0-4aa3-be9b-0f443f88c284, command=[]} | ret=SUCCESS |  
2019-09-03 09:45:04,798 | INFO  | SCMAudit | user=jenkins1000 | ip=192.168.69.126 | op=SEND_HEARTBEAT {datanodeUUID=f1e690fe-d9d6-4f9a-b28d-4fa21d7465dc, command=[]} | ret=SUCCESS |  
2019-09-03 09:45:05,020 | INFO  | SCMAudit | user=jenkins1000 | ip=192.168.69.126 | op=SEND_HEARTBEAT {datanodeUUID=54a7770c-e3e5-4c4a-b2d5-1e155816e439, command=[]} | ret=SUCCESS |  
2019-09-03 09:45:05,020 | INFO  | SCMAudit | user=jenkins1000 | ip=192.168.69.126 | op=SEND_HEARTBEAT {datanodeUUID=30b1b43b-2ac1-4227-ba9d-0d794daadc3a, command=[]} | ret=SUCCESS |  
2019-09-03 09:45:05,074 | INFO  | SCMAudit | user=jenkins1000 | ip=192.168.69.126 | op=SEND_HEARTBEAT {datanodeUUID=dc57de79-aaca-47f1-971f-bd2f7461306f, command=[]} | ret=SUCCESS |  
2019-09-03 09:45:05,079 | INFO  | SCMAudit | user=jenkins1000 | ip=192.168.69.126 | op=SEND_HEARTBEAT {datanodeUUID=a24a5d44-532e-4ff6-8e9a-f2506e5c1784, command=[]} | ret=SUCCESS |  
2019-09-03 09:45:05,225 | INFO  | SCMAudit | user=jenkins1000 | ip=192.168.69.126 | op=SEND_HEARTBEAT {datanodeUUID=fbf90420-a45e-48ce-b982-ff6e0a18d7ed, command=[]} | ret=SUCCESS |  
2019-09-03 09:45:05,572 | INFO  | SCMAudit | user=jenkins1000 | ip=192.168.69.126 | op=SEND_HEARTBEAT {datanodeUUID=5f62d077-1cb0-4aa3-be9b-0f443f88c284, command=[]} | ret=SUCCESS |  
2019-09-03 09:45:05,798 | INFO  | SCMAudit | user=jenkins1000 | ip=192.168.69.126 | op=SEND_HEARTBEAT {datanodeUUID=f1e690fe-d9d6-4f9a-b28d-4fa21d7465dc, command=[]} | ret=SUCCESS |  
2019-09-03 09:45:06,021 | INFO  | SCMAudit | user=jenkins1000 | ip=192.168.69.126 | op=SEND_HEARTBEAT {datanodeUUID=54a7770c-e3e5-4c4a-b2d5-1e155816e439, command=[]} | ret=SUCCESS |  
2019-09-03 09:45:06,021 | INFO  | SCMAudit | user=jenkins1000 | ip=192.168.69.126 | op=SEND_HEARTBEAT {datanodeUUID=30b1b43b-2ac1-4227-ba9d-0d794daadc3a, command=[]} | ret=SUCCESS |  
2019-09-03 09:45:06,075 | INFO  | SCMAudit | user=jenkins1000 | ip=192.168.69.126 | op=SEND_HEARTBEAT {datanodeUUID=dc57de79-aaca-47f1-971f-bd2f7461306f, command=[]} | ret=SUCCESS |  
2019-09-03 09:45:06,079 | INFO  | SCMAudit | user=jenkins1000 | ip=192.168.69.126 | op=SEND_HEARTBEAT {datanodeUUID=a24a5d44-532e-4ff6-8e9a-f2506e5c1784, command=[]} | ret=SUCCESS |  
2019-09-03 09:45:06,225 | INFO  | SCMAudit | user=jenkins1000 | ip=192.168.69.126 | op=SEND_HEARTBEAT {datanodeUUID=fbf90420-a45e-48ce-b982-ff6e0a18d7ed, command=[]} | ret=SUCCESS |  
2019-09-03 09:45:06,571 | INFO  | SCMAudit | user=jenkins1000 | ip=192.168.69.126 | op=SEND_HEARTBEAT {datanodeUUID=5f62d077-1cb0-4aa3-be9b-0f443f88c284, command=[]} | ret=SUCCESS |  
2019-09-03 09:45:06,624 [grpc-default-executor-6] INFO  client.GrpcClientProtocolClient (GrpcClientProtocolClient.java:onNext(255)) - client-411D9B923220->dc57de79-aaca-47f1-971f-bd2f7461306f: receive RaftClientReply:client-411D9B923220->dc57de79-aaca-47f1-971f-bd2f7461306f@group-A3ADB0FA2990, cid=48, FAILED org.apache.ratis.protocol.NotLeaderException: Server dc57de79-aaca-47f1-971f-bd2f7461306f is not the leader (a24a5d44-532e-4ff6-8e9a-f2506e5c1784:192.168.69.126:37019). Request must be sent to leader., logIndex=0, commits[dc57de79-aaca-47f1-971f-bd2f7461306f:c8, 54a7770c-e3e5-4c4a-b2d5-1e155816e439:c8, a24a5d44-532e-4ff6-8e9a-f2506e5c1784:c8]
2019-09-03 09:45:06,799 | INFO  | SCMAudit | user=jenkins1000 | ip=192.168.69.126 | op=SEND_HEARTBEAT {datanodeUUID=f1e690fe-d9d6-4f9a-b28d-4fa21d7465dc, command=[]} | ret=SUCCESS |  
2019-09-03 09:45:07,021 | INFO  | SCMAudit | user=jenkins1000 | ip=192.168.69.126 | op=SEND_HEARTBEAT {datanodeUUID=30b1b43b-2ac1-4227-ba9d-0d794daadc3a, command=[]} | ret=SUCCESS |  
2019-09-03 09:45:07,021 | INFO  | SCMAudit | user=jenkins1000 | ip=192.168.69.126 | op=SEND_HEARTBEAT {datanodeUUID=54a7770c-e3e5-4c4a-b2d5-1e155816e439, command=[]} | ret=SUCCESS |  
2019-09-03 09:45:07,075 | INFO  | SCMAudit | user=jenkins1000 | ip=192.168.69.126 | op=SEND_HEARTBEAT {datanodeUUID=dc57de79-aaca-47f1-971f-bd2f7461306f, command=[]} | ret=SUCCESS |  
2019-09-03 09:45:07,079 | INFO  | SCMAudit | user=jenkins1000 | ip=192.168.69.126 | op=SEND_HEARTBEAT {datanodeUUID=a24a5d44-532e-4ff6-8e9a-f2506e5c1784, command=[]} | ret=SUCCESS |  
2019-09-03 09:45:07,225 | INFO  | SCMAudit | user=jenkins1000 | ip=192.168.69.126 | op=SEND_HEARTBEAT {datanodeUUID=fbf90420-a45e-48ce-b982-ff6e0a18d7ed, command=[]} | ret=SUCCESS |  
2019-09-03 09:45:07,572 | INFO  | SCMAudit | user=jenkins1000 | ip=192.168.69.126 | op=SEND_HEARTBEAT {datanodeUUID=5f62d077-1cb0-4aa3-be9b-0f443f88c284, command=[]} | ret=SUCCESS |  
2019-09-03 09:45:07,799 | INFO  | SCMAudit | user=jenkins1000 | ip=192.168.69.126 | op=SEND_HEARTBEAT {datanodeUUID=f1e690fe-d9d6-4f9a-b28d-4fa21d7465dc, command=[]} | ret=SUCCESS |  
2019-09-03 09:45:08,021 | INFO  | SCMAudit | user=jenkins1000 | ip=192.168.69.126 | op=SEND_HEARTBEAT {datanodeUUID=54a7770c-e3e5-4c4a-b2d5-1e155816e439, command=[]} | ret=SUCCESS |  
2019-09-03 09:45:08,021 | INFO  | SCMAudit | user=jenkins1000 | ip=192.168.69.126 | op=SEND_HEARTBEAT {datanodeUUID=30b1b43b-2ac1-4227-ba9d-0d794daadc3a, command=[]} | ret=SUCCESS |  
2019-09-03 09:45:08,075 | INFO  | SCMAudit | user=jenkins1000 | ip=192.168.69.126 | op=SEND_HEARTBEAT {datanodeUUID=dc57de79-aaca-47f1-971f-bd2f7461306f, command=[]} | ret=SUCCESS |  
2019-09-03 09:45:08,079 | INFO  | SCMAudit | user=jenkins1000 | ip=192.168.69.126 | op=SEND_HEARTBEAT {datanodeUUID=a24a5d44-532e-4ff6-8e9a-f2506e5c1784, command=[]} | ret=SUCCESS |  
2019-09-03 09:45:08,225 | INFO  | SCMAudit | user=jenkins1000 | ip=192.168.69.126 | op=SEND_HEARTBEAT {datanodeUUID=fbf90420-a45e-48ce-b982-ff6e0a18d7ed, command=[]} | ret=SUCCESS |  
2019-09-03 09:45:08,571 | INFO  | SCMAudit | user=jenkins1000 | ip=192.168.69.126 | op=SEND_HEARTBEAT {datanodeUUID=5f62d077-1cb0-4aa3-be9b-0f443f88c284, command=[]} | ret=SUCCESS |  
2019-09-03 09:45:08,799 | INFO  | SCMAudit | user=jenkins1000 | ip=192.168.69.126 | op=SEND_HEARTBEAT {datanodeUUID=f1e690fe-d9d6-4f9a-b28d-4fa21d7465dc, command=[]} | ret=SUCCESS |  
2019-09-03 09:45:09,021 | INFO  | SCMAudit | user=jenkins1000 | ip=192.168.69.126 | op=SEND_HEARTBEAT {datanodeUUID=30b1b43b-2ac1-4227-ba9d-0d794daadc3a, command=[]} | ret=SUCCESS |  
2019-09-03 09:45:09,022 | INFO  | SCMAudit | user=jenkins1000 | ip=192.168.69.126 | op=SEND_HEARTBEAT {datanodeUUID=54a7770c-e3e5-4c4a-b2d5-1e155816e439, command=[]} | ret=SUCCESS |  
2019-09-03 09:45:09,075 | INFO  | SCMAudit | user=jenkins1000 | ip=192.168.69.126 | op=SEND_HEARTBEAT {datanodeUUID=dc57de79-aaca-47f1-971f-bd2f7461306f, command=[]} | ret=SUCCESS |  
2019-09-03 09:45:09,080 | INFO  | SCMAudit | user=jenkins1000 | ip=192.168.69.126 | op=SEND_HEARTBEAT {datanodeUUID=a24a5d44-532e-4ff6-8e9a-f2506e5c1784, command=[]} | ret=SUCCESS |  
2019-09-03 09:45:09,225 | INFO  | SCMAudit | user=jenkins1000 | ip=192.168.69.126 | op=SEND_HEARTBEAT {datanodeUUID=fbf90420-a45e-48ce-b982-ff6e0a18d7ed, command=[]} | ret=SUCCESS |  
2019-09-03 09:45:09,572 | INFO  | SCMAudit | user=jenkins1000 | ip=192.168.69.126 | op=SEND_HEARTBEAT {datanodeUUID=5f62d077-1cb0-4aa3-be9b-0f443f88c284, command=[]} | ret=SUCCESS |  
2019-09-03 09:45:09,800 | INFO  | SCMAudit | user=jenkins1000 | ip=192.168.69.126 | op=SEND_HEARTBEAT {datanodeUUID=f1e690fe-d9d6-4f9a-b28d-4fa21d7465dc, command=[]} | ret=SUCCESS |  
2019-09-03 09:45:10,022 | INFO  | SCMAudit | user=jenkins1000 | ip=192.168.69.126 | op=SEND_HEARTBEAT {datanodeUUID=30b1b43b-2ac1-4227-ba9d-0d794daadc3a, command=[]} | ret=SUCCESS |  
2019-09-03 09:45:10,022 | INFO  | SCMAudit | user=jenkins1000 | ip=192.168.69.126 | op=SEND_HEARTBEAT {datanodeUUID=54a7770c-e3e5-4c4a-b2d5-1e155816e439, command=[]} | ret=SUCCESS |  
2019-09-03 09:45:10,076 | INFO  | SCMAudit | user=jenkins1000 | ip=192.168.69.126 | op=SEND_HEARTBEAT {datanodeUUID=dc57de79-aaca-47f1-971f-bd2f7461306f, command=[]} | ret=SUCCESS |  
2019-09-03 09:45:10,079 | INFO  | SCMAudit | user=jenkins1000 | ip=192.168.69.126 | op=SEND_HEARTBEAT {datanodeUUID=a24a5d44-532e-4ff6-8e9a-f2506e5c1784, command=[]} | ret=SUCCESS |  
2019-09-03 09:45:10,225 | INFO  | SCMAudit | user=jenkins1000 | ip=192.168.69.126 | op=SEND_HEARTBEAT {datanodeUUID=fbf90420-a45e-48ce-b982-ff6e0a18d7ed, command=[]} | ret=SUCCESS |  
2019-09-03 09:45:10,571 | INFO  | SCMAudit | user=jenkins1000 | ip=192.168.69.126 | op=SEND_HEARTBEAT {datanodeUUID=5f62d077-1cb0-4aa3-be9b-0f443f88c284, command=[]} | ret=SUCCESS |  
2019-09-03 09:45:10,800 | INFO  | SCMAudit | user=jenkins1000 | ip=192.168.69.126 | op=SEND_HEARTBEAT {datanodeUUID=f1e690fe-d9d6-4f9a-b28d-4fa21d7465dc, command=[]} | ret=SUCCESS |  
2019-09-03 09:45:11,022 | INFO  | SCMAudit | user=jenkins1000 | ip=192.168.69.126 | op=SEND_HEARTBEAT {datanodeUUID=54a7770c-e3e5-4c4a-b2d5-1e155816e439, command=[]} | ret=SUCCESS |  
2019-09-03 09:45:11,022 | INFO  | SCMAudit | user=jenkins1000 | ip=192.168.69.126 | op=SEND_HEARTBEAT {datanodeUUID=30b1b43b-2ac1-4227-ba9d-0d794daadc3a, command=[]} | ret=SUCCESS |  
2019-09-03 09:45:11,076 | INFO  | SCMAudit | user=jenkins1000 | ip=192.168.69.126 | op=SEND_HEARTBEAT {datanodeUUID=dc57de79-aaca-47f1-971f-bd2f7461306f, command=[]} | ret=SUCCESS |  
2019-09-03 09:45:11,079 | INFO  | SCMAudit | user=jenkins1000 | ip=192.168.69.126 | op=SEND_HEARTBEAT {datanodeUUID=a24a5d44-532e-4ff6-8e9a-f2506e5c1784, command=[]} | ret=SUCCESS |  
2019-09-03 09:45:11,225 | INFO  | SCMAudit | user=jenkins1000 | ip=192.168.69.126 | op=SEND_HEARTBEAT {datanodeUUID=fbf90420-a45e-48ce-b982-ff6e0a18d7ed, command=[]} | ret=SUCCESS |  
2019-09-03 09:45:11,572 | INFO  | SCMAudit | user=jenkins1000 | ip=192.168.69.126 | op=SEND_HEARTBEAT {datanodeUUID=5f62d077-1cb0-4aa3-be9b-0f443f88c284, command=[]} | ret=SUCCESS |  
2019-09-03 09:45:11,681 [grpc-default-executor-7] INFO  client.GrpcClientProtocolClient (GrpcClientProtocolClient.java:onNext(255)) - client-411D9B923220->54a7770c-e3e5-4c4a-b2d5-1e155816e439: receive RaftClientReply:client-411D9B923220->54a7770c-e3e5-4c4a-b2d5-1e155816e439@group-A3ADB0FA2990, cid=48, FAILED org.apache.ratis.protocol.NotLeaderException: Server 54a7770c-e3e5-4c4a-b2d5-1e155816e439 is not the leader (a24a5d44-532e-4ff6-8e9a-f2506e5c1784:192.168.69.126:37019). Request must be sent to leader., logIndex=0, commits[54a7770c-e3e5-4c4a-b2d5-1e155816e439:c8, dc57de79-aaca-47f1-971f-bd2f7461306f:c8, a24a5d44-532e-4ff6-8e9a-f2506e5c1784:c8]
2019-09-03 09:45:11,800 | INFO  | SCMAudit | user=jenkins1000 | ip=192.168.69.126 | op=SEND_HEARTBEAT {datanodeUUID=f1e690fe-d9d6-4f9a-b28d-4fa21d7465dc, command=[]} | ret=SUCCESS |  
2019-09-03 09:45:12,022 | INFO  | SCMAudit | user=jenkins1000 | ip=192.168.69.126 | op=SEND_HEARTBEAT {datanodeUUID=30b1b43b-2ac1-4227-ba9d-0d794daadc3a, command=[]} | ret=SUCCESS |  
2019-09-03 09:45:12,022 | INFO  | SCMAudit | user=jenkins1000 | ip=192.168.69.126 | op=SEND_HEARTBEAT {datanodeUUID=54a7770c-e3e5-4c4a-b2d5-1e155816e439, command=[]} | ret=SUCCESS |  
2019-09-03 09:45:12,076 | INFO  | SCMAudit | user=jenkins1000 | ip=192.168.69.126 | op=SEND_HEARTBEAT {datanodeUUID=dc57de79-aaca-47f1-971f-bd2f7461306f, command=[]} | ret=SUCCESS |  
2019-09-03 09:45:12,079 | INFO  | SCMAudit | user=jenkins1000 | ip=192.168.69.126 | op=SEND_HEARTBEAT {datanodeUUID=a24a5d44-532e-4ff6-8e9a-f2506e5c1784, command=[]} | ret=SUCCESS |  
2019-09-03 09:45:12,226 | INFO  | SCMAudit | user=jenkins1000 | ip=192.168.69.126 | op=SEND_HEARTBEAT {datanodeUUID=fbf90420-a45e-48ce-b982-ff6e0a18d7ed, command=[]} | ret=SUCCESS |  
2019-09-03 09:45:12,571 | INFO  | SCMAudit | user=jenkins1000 | ip=192.168.69.126 | op=SEND_HEARTBEAT {datanodeUUID=5f62d077-1cb0-4aa3-be9b-0f443f88c284, command=[]} | ret=SUCCESS |  
2019-09-03 09:45:12,800 | INFO  | SCMAudit | user=jenkins1000 | ip=192.168.69.126 | op=SEND_HEARTBEAT {datanodeUUID=f1e690fe-d9d6-4f9a-b28d-4fa21d7465dc, command=[]} | ret=SUCCESS |  
2019-09-03 09:45:13,022 | INFO  | SCMAudit | user=jenkins1000 | ip=192.168.69.126 | op=SEND_HEARTBEAT {datanodeUUID=54a7770c-e3e5-4c4a-b2d5-1e155816e439, command=[]} | ret=SUCCESS |  
2019-09-03 09:45:13,022 | INFO  | SCMAudit | user=jenkins1000 | ip=192.168.69.126 | op=SEND_HEARTBEAT {datanodeUUID=30b1b43b-2ac1-4227-ba9d-0d794daadc3a, command=[]} | ret=SUCCESS |  
2019-09-03 09:45:13,077 | INFO  | SCMAudit | user=jenkins1000 | ip=192.168.69.126 | op=SEND_HEARTBEAT {datanodeUUID=dc57de79-aaca-47f1-971f-bd2f7461306f, command=[]} | ret=SUCCESS |  
2019-09-03 09:45:13,079 | INFO  | SCMAudit | user=jenkins1000 | ip=192.168.69.126 | op=SEND_HEARTBEAT {datanodeUUID=a24a5d44-532e-4ff6-8e9a-f2506e5c1784, command=[]} | ret=SUCCESS |  
2019-09-03 09:45:13,225 | INFO  | SCMAudit | user=jenkins1000 | ip=192.168.69.126 | op=SEND_HEARTBEAT {datanodeUUID=fbf90420-a45e-48ce-b982-ff6e0a18d7ed, command=[]} | ret=SUCCESS |  
2019-09-03 09:45:13,572 | INFO  | SCMAudit | user=jenkins1000 | ip=192.168.69.126 | op=SEND_HEARTBEAT {datanodeUUID=5f62d077-1cb0-4aa3-be9b-0f443f88c284, command=[]} | ret=SUCCESS |  
2019-09-03 09:45:13,800 | INFO  | SCMAudit | user=jenkins1000 | ip=192.168.69.126 | op=SEND_HEARTBEAT {datanodeUUID=f1e690fe-d9d6-4f9a-b28d-4fa21d7465dc, command=[]} | ret=SUCCESS |  
2019-09-03 09:45:14,022 | INFO  | SCMAudit | user=jenkins1000 | ip=192.168.69.126 | op=SEND_HEARTBEAT {datanodeUUID=54a7770c-e3e5-4c4a-b2d5-1e155816e439, command=[]} | ret=SUCCESS |  
2019-09-03 09:45:14,022 | INFO  | SCMAudit | user=jenkins1000 | ip=192.168.69.126 | op=SEND_HEARTBEAT {datanodeUUID=30b1b43b-2ac1-4227-ba9d-0d794daadc3a, command=[]} | ret=SUCCESS |  
2019-09-03 09:45:14,077 | INFO  | SCMAudit | user=jenkins1000 | ip=192.168.69.126 | op=SEND_HEARTBEAT {datanodeUUID=dc57de79-aaca-47f1-971f-bd2f7461306f, command=[]} | ret=SUCCESS |  
2019-09-03 09:45:14,079 | INFO  | SCMAudit | user=jenkins1000 | ip=192.168.69.126 | op=SEND_HEARTBEAT {datanodeUUID=a24a5d44-532e-4ff6-8e9a-f2506e5c1784, command=[]} | ret=SUCCESS |  
2019-09-03 09:45:14,225 | INFO  | SCMAudit | user=jenkins1000 | ip=192.168.69.126 | op=SEND_HEARTBEAT {datanodeUUID=fbf90420-a45e-48ce-b982-ff6e0a18d7ed, command=[]} | ret=SUCCESS |  
2019-09-03 09:45:14,552 [ReplicationMonitor] INFO  container.ReplicationManager (ReplicationManager.java:run(214)) - Replication Monitor Thread took 1 milliseconds for processing 3 containers.
2019-09-03 09:45:14,571 | INFO  | SCMAudit | user=jenkins1000 | ip=192.168.69.126 | op=SEND_HEARTBEAT {datanodeUUID=5f62d077-1cb0-4aa3-be9b-0f443f88c284, command=[]} | ret=SUCCESS |  
2019-09-03 09:45:14,800 | INFO  | SCMAudit | user=jenkins1000 | ip=192.168.69.126 | op=SEND_HEARTBEAT {datanodeUUID=f1e690fe-d9d6-4f9a-b28d-4fa21d7465dc, command=[]} | ret=SUCCESS |  
2019-09-03 09:45:15,023 | INFO  | SCMAudit | user=jenkins1000 | ip=192.168.69.126 | op=SEND_HEARTBEAT {datanodeUUID=30b1b43b-2ac1-4227-ba9d-0d794daadc3a, command=[]} | ret=SUCCESS |  
2019-09-03 09:45:15,023 | INFO  | SCMAudit | user=jenkins1000 | ip=192.168.69.126 | op=SEND_HEARTBEAT {datanodeUUID=54a7770c-e3e5-4c4a-b2d5-1e155816e439, command=[]} | ret=SUCCESS |  
2019-09-03 09:45:15,077 | INFO  | SCMAudit | user=jenkins1000 | ip=192.168.69.126 | op=SEND_HEARTBEAT {datanodeUUID=dc57de79-aaca-47f1-971f-bd2f7461306f, command=[]} | ret=SUCCESS |  
2019-09-03 09:45:15,079 | INFO  | SCMAudit | user=jenkins1000 | ip=192.168.69.126 | op=SEND_HEARTBEAT {datanodeUUID=a24a5d44-532e-4ff6-8e9a-f2506e5c1784, command=[]} | ret=SUCCESS |  
2019-09-03 09:45:15,225 | INFO  | SCMAudit | user=jenkins1000 | ip=192.168.69.126 | op=SEND_HEARTBEAT {datanodeUUID=fbf90420-a45e-48ce-b982-ff6e0a18d7ed, command=[]} | ret=SUCCESS |  
2019-09-03 09:45:15,571 | INFO  | SCMAudit | user=jenkins1000 | ip=192.168.69.126 | op=SEND_HEARTBEAT {datanodeUUID=5f62d077-1cb0-4aa3-be9b-0f443f88c284, command=[]} | ret=SUCCESS |  
2019-09-03 09:45:15,801 | INFO  | SCMAudit | user=jenkins1000 | ip=192.168.69.126 | op=SEND_HEARTBEAT {datanodeUUID=f1e690fe-d9d6-4f9a-b28d-4fa21d7465dc, command=[]} | ret=SUCCESS |  
2019-09-03 09:45:16,022 | INFO  | SCMAudit | user=jenkins1000 | ip=192.168.69.126 | op=SEND_HEARTBEAT {datanodeUUID=30b1b43b-2ac1-4227-ba9d-0d794daadc3a, command=[]} | ret=SUCCESS |  
2019-09-03 09:45:16,022 | INFO  | SCMAudit | user=jenkins1000 | ip=192.168.69.126 | op=SEND_HEARTBEAT {datanodeUUID=54a7770c-e3e5-4c4a-b2d5-1e155816e439, command=[]} | ret=SUCCESS |  
2019-09-03 09:45:16,078 | INFO  | SCMAudit | user=jenkins1000 | ip=192.168.69.126 | op=SEND_HEARTBEAT {datanodeUUID=dc57de79-aaca-47f1-971f-bd2f7461306f, command=[]} | ret=SUCCESS |  
2019-09-03 09:45:16,079 | INFO  | SCMAudit | user=jenkins1000 | ip=192.168.69.126 | op=SEND_HEARTBEAT {datanodeUUID=a24a5d44-532e-4ff6-8e9a-f2506e5c1784, command=[]} | ret=SUCCESS |  
2019-09-03 09:45:16,225 | INFO  | SCMAudit | user=jenkins1000 | ip=192.168.69.126 | op=SEND_HEARTBEAT {datanodeUUID=fbf90420-a45e-48ce-b982-ff6e0a18d7ed, command=[]} | ret=SUCCESS |  
2019-09-03 09:45:16,572 | INFO  | SCMAudit | user=jenkins1000 | ip=192.168.69.126 | op=SEND_HEARTBEAT {datanodeUUID=5f62d077-1cb0-4aa3-be9b-0f443f88c284, command=[]} | ret=SUCCESS |  
2019-09-03 09:45:16,718 [grpc-default-executor-7] INFO  client.GrpcClientProtocolClient (GrpcClientProtocolClient.java:onNext(255)) - client-411D9B923220->dc57de79-aaca-47f1-971f-bd2f7461306f: receive RaftClientReply:client-411D9B923220->dc57de79-aaca-47f1-971f-bd2f7461306f@group-A3ADB0FA2990, cid=48, FAILED org.apache.ratis.protocol.NotLeaderException: Server dc57de79-aaca-47f1-971f-bd2f7461306f is not the leader (a24a5d44-532e-4ff6-8e9a-f2506e5c1784:192.168.69.126:37019). Request must be sent to leader., logIndex=0, commits[dc57de79-aaca-47f1-971f-bd2f7461306f:c8, 54a7770c-e3e5-4c4a-b2d5-1e155816e439:c8, a24a5d44-532e-4ff6-8e9a-f2506e5c1784:c8]
2019-09-03 09:45:16,800 | INFO  | SCMAudit | user=jenkins1000 | ip=192.168.69.126 | op=SEND_HEARTBEAT {datanodeUUID=f1e690fe-d9d6-4f9a-b28d-4fa21d7465dc, command=[]} | ret=SUCCESS |  
2019-09-03 09:45:17,022 | INFO  | SCMAudit | user=jenkins1000 | ip=192.168.69.126 | op=SEND_HEARTBEAT {datanodeUUID=54a7770c-e3e5-4c4a-b2d5-1e155816e439, command=[]} | ret=SUCCESS |  
2019-09-03 09:45:17,022 | INFO  | SCMAudit | user=jenkins1000 | ip=192.168.69.126 | op=SEND_HEARTBEAT {datanodeUUID=30b1b43b-2ac1-4227-ba9d-0d794daadc3a, command=[]} | ret=SUCCESS |  
2019-09-03 09:45:17,077 | INFO  | SCMAudit | user=jenkins1000 | ip=192.168.69.126 | op=SEND_HEARTBEAT {datanodeUUID=dc57de79-aaca-47f1-971f-bd2f7461306f, command=[]} | ret=SUCCESS |  
2019-09-03 09:45:17,080 | INFO  | SCMAudit | user=jenkins1000 | ip=192.168.69.126 | op=SEND_HEARTBEAT {datanodeUUID=a24a5d44-532e-4ff6-8e9a-f2506e5c1784, command=[]} | ret=SUCCESS |  
2019-09-03 09:45:17,226 | INFO  | SCMAudit | user=jenkins1000 | ip=192.168.69.126 | op=SEND_HEARTBEAT {datanodeUUID=fbf90420-a45e-48ce-b982-ff6e0a18d7ed, command=[]} | ret=SUCCESS |  
2019-09-03 09:45:17,571 | INFO  | SCMAudit | user=jenkins1000 | ip=192.168.69.126 | op=SEND_HEARTBEAT {datanodeUUID=5f62d077-1cb0-4aa3-be9b-0f443f88c284, command=[]} | ret=SUCCESS |  
2019-09-03 09:45:17,800 | INFO  | SCMAudit | user=jenkins1000 | ip=192.168.69.126 | op=SEND_HEARTBEAT {datanodeUUID=f1e690fe-d9d6-4f9a-b28d-4fa21d7465dc, command=[]} | ret=SUCCESS |  
2019-09-03 09:45:18,023 | INFO  | SCMAudit | user=jenkins1000 | ip=192.168.69.126 | op=SEND_HEARTBEAT {datanodeUUID=54a7770c-e3e5-4c4a-b2d5-1e155816e439, command=[]} | ret=SUCCESS |  
2019-09-03 09:45:18,023 | INFO  | SCMAudit | user=jenkins1000 | ip=192.168.69.126 | op=SEND_HEARTBEAT {datanodeUUID=30b1b43b-2ac1-4227-ba9d-0d794daadc3a, command=[]} | ret=SUCCESS |  
2019-09-03 09:45:18,077 | INFO  | SCMAudit | user=jenkins1000 | ip=192.168.69.126 | op=SEND_HEARTBEAT {datanodeUUID=dc57de79-aaca-47f1-971f-bd2f7461306f, command=[]} | ret=SUCCESS |  
2019-09-03 09:45:18,080 | INFO  | SCMAudit | user=jenkins1000 | ip=192.168.69.126 | op=SEND_HEARTBEAT {datanodeUUID=a24a5d44-532e-4ff6-8e9a-f2506e5c1784, command=[]} | ret=SUCCESS |  
2019-09-03 09:45:18,225 | INFO  | SCMAudit | user=jenkins1000 | ip=192.168.69.126 | op=SEND_HEARTBEAT {datanodeUUID=fbf90420-a45e-48ce-b982-ff6e0a18d7ed, command=[]} | ret=SUCCESS |  
2019-09-03 09:45:18,571 | INFO  | SCMAudit | user=jenkins1000 | ip=192.168.69.126 | op=SEND_HEARTBEAT {datanodeUUID=5f62d077-1cb0-4aa3-be9b-0f443f88c284, command=[]} | ret=SUCCESS |  
2019-09-03 09:45:18,800 | INFO  | SCMAudit | user=jenkins1000 | ip=192.168.69.126 | op=SEND_HEARTBEAT {datanodeUUID=f1e690fe-d9d6-4f9a-b28d-4fa21d7465dc, command=[]} | ret=SUCCESS |  
2019-09-03 09:45:19,023 | INFO  | SCMAudit | user=jenkins1000 | ip=192.168.69.126 | op=SEND_HEARTBEAT {datanodeUUID=54a7770c-e3e5-4c4a-b2d5-1e155816e439, command=[]} | ret=SUCCESS |  
2019-09-03 09:45:19,023 | INFO  | SCMAudit | user=jenkins1000 | ip=192.168.69.126 | op=SEND_HEARTBEAT {datanodeUUID=30b1b43b-2ac1-4227-ba9d-0d794daadc3a, command=[]} | ret=SUCCESS |  
2019-09-03 09:45:19,078 | INFO  | SCMAudit | user=jenkins1000 | ip=192.168.69.126 | op=SEND_HEARTBEAT {datanodeUUID=dc57de79-aaca-47f1-971f-bd2f7461306f, command=[]} | ret=SUCCESS |  
2019-09-03 09:45:19,080 | INFO  | SCMAudit | user=jenkins1000 | ip=192.168.69.126 | op=SEND_HEARTBEAT {datanodeUUID=a24a5d44-532e-4ff6-8e9a-f2506e5c1784, command=[]} | ret=SUCCESS |  
2019-09-03 09:45:19,225 | INFO  | SCMAudit | user=jenkins1000 | ip=192.168.69.126 | op=SEND_HEARTBEAT {datanodeUUID=fbf90420-a45e-48ce-b982-ff6e0a18d7ed, command=[]} | ret=SUCCESS |  
2019-09-03 09:45:19,572 | INFO  | SCMAudit | user=jenkins1000 | ip=192.168.69.126 | op=SEND_HEARTBEAT {datanodeUUID=5f62d077-1cb0-4aa3-be9b-0f443f88c284, command=[]} | ret=SUCCESS |  
2019-09-03 09:45:19,800 | INFO  | SCMAudit | user=jenkins1000 | ip=192.168.69.126 | op=SEND_HEARTBEAT {datanodeUUID=f1e690fe-d9d6-4f9a-b28d-4fa21d7465dc, command=[]} | ret=SUCCESS |  
2019-09-03 09:45:20,024 | INFO  | SCMAudit | user=jenkins1000 | ip=192.168.69.126 | op=SEND_HEARTBEAT {datanodeUUID=54a7770c-e3e5-4c4a-b2d5-1e155816e439, command=[]} | ret=SUCCESS |  
2019-09-03 09:45:20,024 | INFO  | SCMAudit | user=jenkins1000 | ip=192.168.69.126 | op=SEND_HEARTBEAT {datanodeUUID=30b1b43b-2ac1-4227-ba9d-0d794daadc3a, command=[]} | ret=SUCCESS |  
2019-09-03 09:45:20,077 | INFO  | SCMAudit | user=jenkins1000 | ip=192.168.69.126 | op=SEND_HEARTBEAT {datanodeUUID=dc57de79-aaca-47f1-971f-bd2f7461306f, command=[]} | ret=SUCCESS |  
2019-09-03 09:45:20,080 | INFO  | SCMAudit | user=jenkins1000 | ip=192.168.69.126 | op=SEND_HEARTBEAT {datanodeUUID=a24a5d44-532e-4ff6-8e9a-f2506e5c1784, command=[]} | ret=SUCCESS |  
2019-09-03 09:45:20,225 | INFO  | SCMAudit | user=jenkins1000 | ip=192.168.69.126 | op=SEND_HEARTBEAT {datanodeUUID=fbf90420-a45e-48ce-b982-ff6e0a18d7ed, command=[]} | ret=SUCCESS |  
2019-09-03 09:45:20,571 | INFO  | SCMAudit | user=jenkins1000 | ip=192.168.69.126 | op=SEND_HEARTBEAT {datanodeUUID=5f62d077-1cb0-4aa3-be9b-0f443f88c284, command=[]} | ret=SUCCESS |  
2019-09-03 09:45:20,800 | INFO  | SCMAudit | user=jenkins1000 | ip=192.168.69.126 | op=SEND_HEARTBEAT {datanodeUUID=f1e690fe-d9d6-4f9a-b28d-4fa21d7465dc, command=[]} | ret=SUCCESS |  
2019-09-03 09:45:21,023 | INFO  | SCMAudit | user=jenkins1000 | ip=192.168.69.126 | op=SEND_HEARTBEAT {datanodeUUID=30b1b43b-2ac1-4227-ba9d-0d794daadc3a, command=[]} | ret=SUCCESS |  
2019-09-03 09:45:21,024 | INFO  | SCMAudit | user=jenkins1000 | ip=192.168.69.126 | op=SEND_HEARTBEAT {datanodeUUID=54a7770c-e3e5-4c4a-b2d5-1e155816e439, command=[]} | ret=SUCCESS |  
2019-09-03 09:45:21,077 | INFO  | SCMAudit | user=jenkins1000 | ip=192.168.69.126 | op=SEND_HEARTBEAT {datanodeUUID=dc57de79-aaca-47f1-971f-bd2f7461306f, command=[]} | ret=SUCCESS |  
2019-09-03 09:45:21,080 | INFO  | SCMAudit | user=jenkins1000 | ip=192.168.69.126 | op=SEND_HEARTBEAT {datanodeUUID=a24a5d44-532e-4ff6-8e9a-f2506e5c1784, command=[]} | ret=SUCCESS |  
2019-09-03 09:45:21,226 | INFO  | SCMAudit | user=jenkins1000 | ip=192.168.69.126 | op=SEND_HEARTBEAT {datanodeUUID=fbf90420-a45e-48ce-b982-ff6e0a18d7ed, command=[]} | ret=SUCCESS |  
2019-09-03 09:45:21,571 | INFO  | SCMAudit | user=jenkins1000 | ip=192.168.69.126 | op=SEND_HEARTBEAT {datanodeUUID=5f62d077-1cb0-4aa3-be9b-0f443f88c284, command=[]} | ret=SUCCESS |  
2019-09-03 09:45:21,757 [grpc-default-executor-7] INFO  client.GrpcClientProtocolClient (GrpcClientProtocolClient.java:onNext(255)) - client-411D9B923220->54a7770c-e3e5-4c4a-b2d5-1e155816e439: receive RaftClientReply:client-411D9B923220->54a7770c-e3e5-4c4a-b2d5-1e155816e439@group-A3ADB0FA2990, cid=48, FAILED org.apache.ratis.protocol.NotLeaderException: Server 54a7770c-e3e5-4c4a-b2d5-1e155816e439 is not the leader (a24a5d44-532e-4ff6-8e9a-f2506e5c1784:192.168.69.126:37019). Request must be sent to leader., logIndex=0, commits[54a7770c-e3e5-4c4a-b2d5-1e155816e439:c8, dc57de79-aaca-47f1-971f-bd2f7461306f:c8, a24a5d44-532e-4ff6-8e9a-f2506e5c1784:c8]
2019-09-03 09:45:21,770 [main] INFO  ozone.MiniOzoneClusterImpl (MiniOzoneClusterImpl.java:shutdown(321)) - Shutting down the Mini Ozone Cluster
2019-09-03 09:45:21,771 | INFO  | SCMAudit | user=null | ip=null | op=GET_SCM_INFO null | ret=SUCCESS |  
2019-09-03 09:45:21,771 [main] INFO  ozone.MiniOzoneClusterImpl (MiniOzoneClusterImpl.java:stop(336)) - Stopping the Mini Ozone Cluster
2019-09-03 09:45:21,771 [main] INFO  ozone.MiniOzoneClusterImpl (MiniOzoneClusterImpl.java:stop(338)) - Stopping the OzoneManager
2019-09-03 09:45:21,771 [main] INFO  ipc.Server (Server.java:stop(3082)) - Stopping server on 33017
2019-09-03 09:45:21,791 [main] INFO  ratis.OzoneManagerDoubleBuffer (OzoneManagerDoubleBuffer.java:stop(248)) - Stopping OMDoubleBuffer flush thread
2019-09-03 09:45:21,794 [IPC Server Responder] INFO  ipc.Server (Server.java:run(1319)) - Stopping IPC Server Responder
2019-09-03 09:45:21,793 [IPC Server listener on 33017] INFO  ipc.Server (Server.java:run(1185)) - Stopping IPC Server listener on 33017
2019-09-03 09:45:21,818 [OMDoubleBufferFlushThread] INFO  ratis.OzoneManagerDoubleBuffer (OzoneManagerDoubleBuffer.java:flushTransactions(191)) - OMDoubleBuffer flush thread OMDoubleBufferFlushThread is interrupted and will exit. OMDoubleBufferFlushThread
2019-09-03 09:45:21,821 | INFO  | SCMAudit | user=jenkins1000 | ip=192.168.69.126 | op=SEND_HEARTBEAT {datanodeUUID=f1e690fe-d9d6-4f9a-b28d-4fa21d7465dc, command=[]} | ret=SUCCESS |  
2019-09-03 09:45:21,822 [main] INFO  utils.BackgroundService (BackgroundService.java:shutdown(148)) - Shutting down service KeyDeletingService
2019-09-03 09:45:21,824 [main] INFO  handler.ContextHandler (ContextHandler.java:doStop(910)) - Stopped o.e.j.w.WebAppContext@12448de1{/,null,UNAVAILABLE}{/ozoneManager}
2019-09-03 09:45:21,825 [main] INFO  server.AbstractConnector (AbstractConnector.java:doStop(318)) - Stopped ServerConnector@2b35c7aa{HTTP/1.1,[http/1.1]}{0.0.0.0:0}
2019-09-03 09:45:21,826 [main] INFO  handler.ContextHandler (ContextHandler.java:doStop(910)) - Stopped o.e.j.s.ServletContextHandler@2c674d58{/static,file:///workdir/hadoop-ozone/integration-test/target/test-classes/webapps/static,UNAVAILABLE}
2019-09-03 09:45:21,826 [main] INFO  handler.ContextHandler (ContextHandler.java:doStop(910)) - Stopped o.e.j.s.ServletContextHandler@60ed0b9d{/logs,file:///workdir/hadoop-ozone/integration-test/target/log,UNAVAILABLE}
2019-09-03 09:45:21,830 [main] INFO  ozone.MiniOzoneClusterImpl (MiniOzoneClusterImpl.java:stop(344)) - Shutting the HddsDatanodes
2019-09-03 09:45:21,831 [main] INFO  datanode.ObjectStoreHandler (ObjectStoreHandler.java:close(155)) - Closing ObjectStoreHandler.
2019-09-03 09:45:21,831 [ForkJoinPool.commonPool-worker-0] INFO  datanode.ObjectStoreHandler (ObjectStoreHandler.java:close(155)) - Closing ObjectStoreHandler.
2019-09-03 09:45:21,833 [main] INFO  ozone.HddsDatanodeService (HddsDatanodeService.java:stop(451)) - Stopped plug-in org.apache.hadoop.ozone.web.OzoneHddsDatanodeService@31443680
2019-09-03 09:45:21,833 [ForkJoinPool.commonPool-worker-0] INFO  ozone.HddsDatanodeService (HddsDatanodeService.java:stop(451)) - Stopped plug-in org.apache.hadoop.ozone.web.OzoneHddsDatanodeService@61c4cebd
2019-09-03 09:45:22,024 | INFO  | SCMAudit | user=jenkins1000 | ip=192.168.69.126 | op=SEND_HEARTBEAT {datanodeUUID=54a7770c-e3e5-4c4a-b2d5-1e155816e439, command=[]} | ret=SUCCESS |  
2019-09-03 09:45:22,024 | INFO  | SCMAudit | user=jenkins1000 | ip=192.168.69.126 | op=SEND_HEARTBEAT {datanodeUUID=30b1b43b-2ac1-4227-ba9d-0d794daadc3a, command=[]} | ret=SUCCESS |  
2019-09-03 09:45:22,077 [Datanode State Machine Thread - 0] INFO  statemachine.DatanodeStateMachine (DatanodeStateMachine.java:lambda$startDaemon$0(350)) - Ozone container server started.
2019-09-03 09:45:22,080 | INFO  | SCMAudit | user=jenkins1000 | ip=192.168.69.126 | op=SEND_HEARTBEAT {datanodeUUID=a24a5d44-532e-4ff6-8e9a-f2506e5c1784, command=[]} | ret=SUCCESS |  
2019-09-03 09:45:22,225 | INFO  | SCMAudit | user=jenkins1000 | ip=192.168.69.126 | op=SEND_HEARTBEAT {datanodeUUID=fbf90420-a45e-48ce-b982-ff6e0a18d7ed, command=[]} | ret=SUCCESS |  
2019-09-03 09:45:22,571 | INFO  | SCMAudit | user=jenkins1000 | ip=192.168.69.126 | op=SEND_HEARTBEAT {datanodeUUID=5f62d077-1cb0-4aa3-be9b-0f443f88c284, command=[]} | ret=SUCCESS |  
2019-09-03 09:45:22,801 [Datanode State Machine Thread - 0] INFO  statemachine.DatanodeStateMachine (DatanodeStateMachine.java:lambda$startDaemon$0(350)) - Ozone container server started.
2019-09-03 09:45:23,023 | INFO  | SCMAudit | user=jenkins1000 | ip=192.168.69.126 | op=SEND_HEARTBEAT {datanodeUUID=54a7770c-e3e5-4c4a-b2d5-1e155816e439, command=[]} | ret=SUCCESS |  
2019-09-03 09:45:23,024 | INFO  | SCMAudit | user=jenkins1000 | ip=192.168.69.126 | op=SEND_HEARTBEAT {datanodeUUID=30b1b43b-2ac1-4227-ba9d-0d794daadc3a, command=[]} | ret=SUCCESS |  
2019-09-03 09:45:23,080 | INFO  | SCMAudit | user=jenkins1000 | ip=192.168.69.126 | op=SEND_HEARTBEAT {datanodeUUID=a24a5d44-532e-4ff6-8e9a-f2506e5c1784, command=[]} | ret=SUCCESS |  
2019-09-03 09:45:23,225 | INFO  | SCMAudit | user=jenkins1000 | ip=192.168.69.126 | op=SEND_HEARTBEAT {datanodeUUID=fbf90420-a45e-48ce-b982-ff6e0a18d7ed, command=[]} | ret=SUCCESS |  
2019-09-03 09:45:23,572 | INFO  | SCMAudit | user=jenkins1000 | ip=192.168.69.126 | op=SEND_HEARTBEAT {datanodeUUID=5f62d077-1cb0-4aa3-be9b-0f443f88c284, command=[]} | ret=SUCCESS |  
2019-09-03 09:45:24,024 | INFO  | SCMAudit | user=jenkins1000 | ip=192.168.69.126 | op=SEND_HEARTBEAT {datanodeUUID=54a7770c-e3e5-4c4a-b2d5-1e155816e439, command=[]} | ret=SUCCESS |  
2019-09-03 09:45:24,024 | INFO  | SCMAudit | user=jenkins1000 | ip=192.168.69.126 | op=SEND_HEARTBEAT {datanodeUUID=30b1b43b-2ac1-4227-ba9d-0d794daadc3a, command=[]} | ret=SUCCESS |  
2019-09-03 09:45:24,080 | INFO  | SCMAudit | user=jenkins1000 | ip=192.168.69.126 | op=SEND_HEARTBEAT {datanodeUUID=a24a5d44-532e-4ff6-8e9a-f2506e5c1784, command=[]} | ret=SUCCESS |  
2019-09-03 09:45:24,225 | INFO  | SCMAudit | user=jenkins1000 | ip=192.168.69.126 | op=SEND_HEARTBEAT {datanodeUUID=fbf90420-a45e-48ce-b982-ff6e0a18d7ed, command=[]} | ret=SUCCESS |  
2019-09-03 09:45:24,572 | INFO  | SCMAudit | user=jenkins1000 | ip=192.168.69.126 | op=SEND_HEARTBEAT {datanodeUUID=5f62d077-1cb0-4aa3-be9b-0f443f88c284, command=[]} | ret=SUCCESS |  
2019-09-03 09:45:25,024 | INFO  | SCMAudit | user=jenkins1000 | ip=192.168.69.126 | op=SEND_HEARTBEAT {datanodeUUID=54a7770c-e3e5-4c4a-b2d5-1e155816e439, command=[]} | ret=SUCCESS |  
2019-09-03 09:45:25,024 | INFO  | SCMAudit | user=jenkins1000 | ip=192.168.69.126 | op=SEND_HEARTBEAT {datanodeUUID=30b1b43b-2ac1-4227-ba9d-0d794daadc3a, command=[]} | ret=SUCCESS |  
2019-09-03 09:45:25,080 | INFO  | SCMAudit | user=jenkins1000 | ip=192.168.69.126 | op=SEND_HEARTBEAT {datanodeUUID=a24a5d44-532e-4ff6-8e9a-f2506e5c1784, command=[]} | ret=SUCCESS |  
2019-09-03 09:45:25,225 | INFO  | SCMAudit | user=jenkins1000 | ip=192.168.69.126 | op=SEND_HEARTBEAT {datanodeUUID=fbf90420-a45e-48ce-b982-ff6e0a18d7ed, command=[]} | ret=SUCCESS |  
2019-09-03 09:45:25,573 | INFO  | SCMAudit | user=jenkins1000 | ip=192.168.69.126 | op=SEND_HEARTBEAT {datanodeUUID=5f62d077-1cb0-4aa3-be9b-0f443f88c284, command=[]} | ret=SUCCESS |  
2019-09-03 09:45:26,024 | INFO  | SCMAudit | user=jenkins1000 | ip=192.168.69.126 | op=SEND_HEARTBEAT {datanodeUUID=54a7770c-e3e5-4c4a-b2d5-1e155816e439, command=[]} | ret=SUCCESS |  
2019-09-03 09:45:26,024 | INFO  | SCMAudit | user=jenkins1000 | ip=192.168.69.126 | op=SEND_HEARTBEAT {datanodeUUID=30b1b43b-2ac1-4227-ba9d-0d794daadc3a, command=[]} | ret=SUCCESS |  
2019-09-03 09:45:26,081 | INFO  | SCMAudit | user=jenkins1000 | ip=192.168.69.126 | op=SEND_HEARTBEAT {datanodeUUID=a24a5d44-532e-4ff6-8e9a-f2506e5c1784, command=[]} | ret=SUCCESS |  
2019-09-03 09:45:26,225 | INFO  | SCMAudit | user=jenkins1000 | ip=192.168.69.126 | op=SEND_HEARTBEAT {datanodeUUID=fbf90420-a45e-48ce-b982-ff6e0a18d7ed, command=[]} | ret=SUCCESS |  
2019-09-03 09:45:26,572 | INFO  | SCMAudit | user=jenkins1000 | ip=192.168.69.126 | op=SEND_HEARTBEAT {datanodeUUID=5f62d077-1cb0-4aa3-be9b-0f443f88c284, command=[]} | ret=SUCCESS |  
2019-09-03 09:45:26,834 [main] INFO  ozoneimpl.OzoneContainer (OzoneContainer.java:stop(199)) - Attempting to stop container services.
2019-09-03 09:45:26,834 [ForkJoinPool.commonPool-worker-0] INFO  ozoneimpl.OzoneContainer (OzoneContainer.java:stop(199)) - Attempting to stop container services.
2019-09-03 09:45:26,835 [main] INFO  impl.RaftServerProxy (RaftServerProxy.java:lambda$close$4(314)) - dc57de79-aaca-47f1-971f-bd2f7461306f: close
2019-09-03 09:45:26,835 [ForkJoinPool.commonPool-worker-0] INFO  impl.RaftServerProxy (RaftServerProxy.java:lambda$close$4(314)) - f1e690fe-d9d6-4f9a-b28d-4fa21d7465dc: close
2019-09-03 09:45:26,836 [main] INFO  impl.RaftServerImpl (RaftServerImpl.java:lambda$shutdown$3(245)) - dc57de79-aaca-47f1-971f-bd2f7461306f: shutdown group-F4ABFC8764A7
2019-09-03 09:45:26,836 [ForkJoinPool.commonPool-worker-0] INFO  impl.RaftServerImpl (RaftServerImpl.java:lambda$shutdown$3(245)) - f1e690fe-d9d6-4f9a-b28d-4fa21d7465dc: shutdown group-53CBB38386A2
2019-09-03 09:45:26,836 [main] INFO  util.JmxRegister (JmxRegister.java:unregister(73)) - Successfully un-registered JMX Bean with object name Ratis:service=RaftServer,group=group-F4ABFC8764A7,id=dc57de79-aaca-47f1-971f-bd2f7461306f
2019-09-03 09:45:26,837 [main] INFO  impl.RoleInfo (RoleInfo.java:shutdownLeaderState(104)) - dc57de79-aaca-47f1-971f-bd2f7461306f: shutdown LeaderState
2019-09-03 09:45:26,837 [ForkJoinPool.commonPool-worker-0] INFO  util.JmxRegister (JmxRegister.java:unregister(73)) - Successfully un-registered JMX Bean with object name Ratis:service=RaftServer,group=group-53CBB38386A2,id=f1e690fe-d9d6-4f9a-b28d-4fa21d7465dc
2019-09-03 09:45:26,838 [main] INFO  impl.PendingRequests (PendingRequests.java:sendNotLeaderResponses(202)) - dc57de79-aaca-47f1-971f-bd2f7461306f-PendingRequests: sendNotLeaderResponses
2019-09-03 09:45:26,838 [ForkJoinPool.commonPool-worker-0] INFO  impl.RoleInfo (RoleInfo.java:shutdownLeaderState(104)) - f1e690fe-d9d6-4f9a-b28d-4fa21d7465dc: shutdown LeaderState
2019-09-03 09:45:26,839 [main] INFO  impl.StateMachineUpdater (StateMachineUpdater.java:stopAndJoin(115)) - StateMachineUpdater:dc57de79-aaca-47f1-971f-bd2f7461306f:group-F4ABFC8764A7: set stopIndex = 0
2019-09-03 09:45:26,839 [ForkJoinPool.commonPool-worker-0] INFO  impl.PendingRequests (PendingRequests.java:sendNotLeaderResponses(202)) - f1e690fe-d9d6-4f9a-b28d-4fa21d7465dc-PendingRequests: sendNotLeaderResponses
2019-09-03 09:45:26,839 [main] INFO  impl.RaftServerImpl (ServerState.java:close(394)) - dc57de79-aaca-47f1-971f-bd2f7461306f:group-F4ABFC8764A7 closes. The last applied log index is 0
2019-09-03 09:45:26,840 [ForkJoinPool.commonPool-worker-0] INFO  impl.StateMachineUpdater (StateMachineUpdater.java:stopAndJoin(115)) - StateMachineUpdater:f1e690fe-d9d6-4f9a-b28d-4fa21d7465dc:group-53CBB38386A2: set stopIndex = 0
2019-09-03 09:45:26,841 [ForkJoinPool.commonPool-worker-0] INFO  impl.RaftServerImpl (ServerState.java:close(394)) - f1e690fe-d9d6-4f9a-b28d-4fa21d7465dc:group-53CBB38386A2 closes. The last applied log index is 0
2019-09-03 09:45:26,841 [dc57de79-aaca-47f1-971f-bd2f7461306f-SegmentedRaftLogWorker:Storage Directory /workdir/hadoop-ozone/integration-test/target/test-dir/MiniOzoneClusterImpl-6c7229d4-44ec-4a7a-8c6b-4592cedbafbd/datanode-4/data/ratis/bd86651e-2d37-4fa7-b337-f4abfc8764a7] INFO  segmented.SegmentedRaftLogWorker (SegmentedRaftLogWorker.java:run(313)) - dc57de79-aaca-47f1-971f-bd2f7461306f-SegmentedRaftLogWorker:Storage Directory /workdir/hadoop-ozone/integration-test/target/test-dir/MiniOzoneClusterImpl-6c7229d4-44ec-4a7a-8c6b-4592cedbafbd/datanode-4/data/ratis/bd86651e-2d37-4fa7-b337-f4abfc8764a7 was interrupted, exiting. There are 0 tasks remaining in the queue.
2019-09-03 09:45:26,841 [f1e690fe-d9d6-4f9a-b28d-4fa21d7465dc-SegmentedRaftLogWorker:Storage Directory /workdir/hadoop-ozone/integration-test/target/test-dir/MiniOzoneClusterImpl-6c7229d4-44ec-4a7a-8c6b-4592cedbafbd/datanode-1/data/ratis/69e2ed3a-01a5-44c8-9202-53cbb38386a2] INFO  segmented.SegmentedRaftLogWorker (SegmentedRaftLogWorker.java:run(313)) - f1e690fe-d9d6-4f9a-b28d-4fa21d7465dc-SegmentedRaftLogWorker:Storage Directory /workdir/hadoop-ozone/integration-test/target/test-dir/MiniOzoneClusterImpl-6c7229d4-44ec-4a7a-8c6b-4592cedbafbd/datanode-1/data/ratis/69e2ed3a-01a5-44c8-9202-53cbb38386a2 was interrupted, exiting. There are 0 tasks remaining in the queue.
2019-09-03 09:45:26,848 [main] INFO  segmented.SegmentedRaftLogWorker (SegmentedRaftLogWorker.java:close(228)) - dc57de79-aaca-47f1-971f-bd2f7461306f-SegmentedRaftLogWorker:Storage Directory /workdir/hadoop-ozone/integration-test/target/test-dir/MiniOzoneClusterImpl-6c7229d4-44ec-4a7a-8c6b-4592cedbafbd/datanode-4/data/ratis/bd86651e-2d37-4fa7-b337-f4abfc8764a7 close()
2019-09-03 09:45:26,853 [main] INFO  impl.RaftServerImpl (RaftServerImpl.java:lambda$shutdown$3(245)) - dc57de79-aaca-47f1-971f-bd2f7461306f: shutdown group-A3ADB0FA2990
2019-09-03 09:45:26,854 [main] INFO  util.JmxRegister (JmxRegister.java:unregister(73)) - Successfully un-registered JMX Bean with object name Ratis:service=RaftServer,group=group-A3ADB0FA2990,id=dc57de79-aaca-47f1-971f-bd2f7461306f
2019-09-03 09:45:26,854 [main] INFO  impl.RoleInfo (RoleInfo.java:shutdownFollowerState(121)) - dc57de79-aaca-47f1-971f-bd2f7461306f: shutdown FollowerState
2019-09-03 09:45:26,855 [main] INFO  impl.StateMachineUpdater (StateMachineUpdater.java:stopAndJoin(115)) - StateMachineUpdater:dc57de79-aaca-47f1-971f-bd2f7461306f:group-A3ADB0FA2990: set stopIndex = 8
2019-09-03 09:45:26,855 [StateMachineUpdater:dc57de79-aaca-47f1-971f-bd2f7461306f:group-A3ADB0FA2990] INFO  ratis.ContainerStateMachine (ContainerStateMachine.java:takeSnapshot(283)) - group-A3ADB0FA2990: Taking a snapshot at:(t:1, i:5) file /workdir/hadoop-ozone/integration-test/target/test-dir/MiniOzoneClusterImpl-6c7229d4-44ec-4a7a-8c6b-4592cedbafbd/datanode-4/data/ratis/30439fe9-c3be-4dd2-8b3c-a3adb0fa2990/sm/snapshot.1_5
2019-09-03 09:45:26,855 [Thread-812] INFO  impl.FollowerState (FollowerState.java:run(114)) - dc57de79-aaca-47f1-971f-bd2f7461306f: FollowerState was interrupted: java.lang.InterruptedException: sleep interrupted
2019-09-03 09:45:26,858 [ForkJoinPool.commonPool-worker-0] INFO  segmented.SegmentedRaftLogWorker (SegmentedRaftLogWorker.java:close(228)) - f1e690fe-d9d6-4f9a-b28d-4fa21d7465dc-SegmentedRaftLogWorker:Storage Directory /workdir/hadoop-ozone/integration-test/target/test-dir/MiniOzoneClusterImpl-6c7229d4-44ec-4a7a-8c6b-4592cedbafbd/datanode-1/data/ratis/69e2ed3a-01a5-44c8-9202-53cbb38386a2 close()
2019-09-03 09:45:26,863 [ForkJoinPool.commonPool-worker-0] INFO  impl.RaftServerImpl (RaftServerImpl.java:lambda$shutdown$3(245)) - f1e690fe-d9d6-4f9a-b28d-4fa21d7465dc: shutdown group-4F2D5274CA82
2019-09-03 09:45:26,863 [ForkJoinPool.commonPool-worker-0] INFO  util.JmxRegister (JmxRegister.java:unregister(73)) - Successfully un-registered JMX Bean with object name Ratis:service=RaftServer,group=group-4F2D5274CA82,id=f1e690fe-d9d6-4f9a-b28d-4fa21d7465dc
2019-09-03 09:45:26,863 [ForkJoinPool.commonPool-worker-0] INFO  impl.RoleInfo (RoleInfo.java:shutdownFollowerState(121)) - f1e690fe-d9d6-4f9a-b28d-4fa21d7465dc: shutdown FollowerState
2019-09-03 09:45:26,864 [ForkJoinPool.commonPool-worker-0] INFO  impl.StateMachineUpdater (StateMachineUpdater.java:stopAndJoin(115)) - StateMachineUpdater:f1e690fe-d9d6-4f9a-b28d-4fa21d7465dc:group-4F2D5274CA82: set stopIndex = 0
2019-09-03 09:45:26,864 [Thread-789] INFO  impl.FollowerState (FollowerState.java:run(114)) - f1e690fe-d9d6-4f9a-b28d-4fa21d7465dc: FollowerState was interrupted: java.lang.InterruptedException: sleep interrupted
2019-09-03 09:45:26,864 [ForkJoinPool.commonPool-worker-0] INFO  impl.RaftServerImpl (ServerState.java:close(394)) - f1e690fe-d9d6-4f9a-b28d-4fa21d7465dc:group-4F2D5274CA82 closes. The last applied log index is 0
2019-09-03 09:45:26,867 [f1e690fe-d9d6-4f9a-b28d-4fa21d7465dc-SegmentedRaftLogWorker:Storage Directory /workdir/hadoop-ozone/integration-test/target/test-dir/MiniOzoneClusterImpl-6c7229d4-44ec-4a7a-8c6b-4592cedbafbd/datanode-1/data/ratis/1cc44003-04a7-4216-8053-4f2d5274ca82] INFO  segmented.SegmentedRaftLogWorker (SegmentedRaftLogWorker.java:run(313)) - f1e690fe-d9d6-4f9a-b28d-4fa21d7465dc-SegmentedRaftLogWorker:Storage Directory /workdir/hadoop-ozone/integration-test/target/test-dir/MiniOzoneClusterImpl-6c7229d4-44ec-4a7a-8c6b-4592cedbafbd/datanode-1/data/ratis/1cc44003-04a7-4216-8053-4f2d5274ca82 was interrupted, exiting. There are 0 tasks remaining in the queue.
2019-09-03 09:45:26,870 [StateMachineUpdater:dc57de79-aaca-47f1-971f-bd2f7461306f:group-A3ADB0FA2990] INFO  ratis.ContainerStateMachine (ContainerStateMachine.java:takeSnapshot(294)) - group-A3ADB0FA2990: Finished taking a snapshot at:(t:1, i:5) file:/workdir/hadoop-ozone/integration-test/target/test-dir/MiniOzoneClusterImpl-6c7229d4-44ec-4a7a-8c6b-4592cedbafbd/datanode-4/data/ratis/30439fe9-c3be-4dd2-8b3c-a3adb0fa2990/sm/snapshot.1_5 time:15
2019-09-03 09:45:26,870 [ForkJoinPool.commonPool-worker-0] INFO  segmented.SegmentedRaftLogWorker (SegmentedRaftLogWorker.java:close(228)) - f1e690fe-d9d6-4f9a-b28d-4fa21d7465dc-SegmentedRaftLogWorker:Storage Directory /workdir/hadoop-ozone/integration-test/target/test-dir/MiniOzoneClusterImpl-6c7229d4-44ec-4a7a-8c6b-4592cedbafbd/datanode-1/data/ratis/1cc44003-04a7-4216-8053-4f2d5274ca82 close()
2019-09-03 09:45:26,870 [StateMachineUpdater:dc57de79-aaca-47f1-971f-bd2f7461306f:group-A3ADB0FA2990] INFO  impl.StateMachineUpdater (StateMachineUpdater.java:takeSnapshot(242)) - StateMachineUpdater:dc57de79-aaca-47f1-971f-bd2f7461306f:group-A3ADB0FA2990: Took a snapshot at index 5
2019-09-03 09:45:26,875 [ForkJoinPool.commonPool-worker-0] INFO  server.GrpcService (GrpcService.java:closeImpl(155)) - f1e690fe-d9d6-4f9a-b28d-4fa21d7465dc: shutdown server with port 42648 now
2019-09-03 09:45:26,875 [StateMachineUpdater:dc57de79-aaca-47f1-971f-bd2f7461306f:group-A3ADB0FA2990] INFO  impl.StateMachineUpdater (StateMachineUpdater.java:lambda$new$0(80)) - StateMachineUpdater:dc57de79-aaca-47f1-971f-bd2f7461306f:group-A3ADB0FA2990: snapshotIndex: updateIncreasingly -1 -> 5
2019-09-03 09:45:26,876 [main] INFO  impl.RaftServerImpl (ServerState.java:close(394)) - dc57de79-aaca-47f1-971f-bd2f7461306f:group-A3ADB0FA2990 closes. The last applied log index is 8
2019-09-03 09:45:26,876 [grpc-default-executor-7] WARN  server.GrpcServerProtocolService (LogUtils.java:warn(134)) - f1e690fe-d9d6-4f9a-b28d-4fa21d7465dc: appendEntries onError: org.apache.ratis.thirdparty.io.grpc.StatusRuntimeException: CANCELLED: cancelled before receiving half close
2019-09-03 09:45:26,877 [grpc-default-executor-9] WARN  server.GrpcLogAppender (LogUtils.java:warn(134)) - 30b1b43b-2ac1-4227-ba9d-0d794daadc3a->f1e690fe-d9d6-4f9a-b28d-4fa21d7465dc: Failed appendEntries: org.apache.ratis.thirdparty.io.grpc.StatusRuntimeException: CANCELLED: HTTP/2 error code: CANCEL
Received Rst Stream
2019-09-03 09:45:26,876 [dc57de79-aaca-47f1-971f-bd2f7461306f-SegmentedRaftLogWorker:Storage Directory /workdir/hadoop-ozone/integration-test/target/test-dir/MiniOzoneClusterImpl-6c7229d4-44ec-4a7a-8c6b-4592cedbafbd/datanode-4/data/ratis/30439fe9-c3be-4dd2-8b3c-a3adb0fa2990] INFO  segmented.SegmentedRaftLogWorker (SegmentedRaftLogWorker.java:run(313)) - dc57de79-aaca-47f1-971f-bd2f7461306f-SegmentedRaftLogWorker:Storage Directory /workdir/hadoop-ozone/integration-test/target/test-dir/MiniOzoneClusterImpl-6c7229d4-44ec-4a7a-8c6b-4592cedbafbd/datanode-4/data/ratis/30439fe9-c3be-4dd2-8b3c-a3adb0fa2990 was interrupted, exiting. There are 0 tasks remaining in the queue.
2019-09-03 09:45:26,876 [ForkJoinPool.commonPool-worker-0] INFO  server.GrpcService (GrpcService.java:closeImpl(163)) - f1e690fe-d9d6-4f9a-b28d-4fa21d7465dc: shutdown server with port 42648 successfully
2019-09-03 09:45:26,882 [main] INFO  segmented.SegmentedRaftLogWorker (SegmentedRaftLogWorker.java:close(228)) - dc57de79-aaca-47f1-971f-bd2f7461306f-SegmentedRaftLogWorker:Storage Directory /workdir/hadoop-ozone/integration-test/target/test-dir/MiniOzoneClusterImpl-6c7229d4-44ec-4a7a-8c6b-4592cedbafbd/datanode-4/data/ratis/30439fe9-c3be-4dd2-8b3c-a3adb0fa2990 close()
2019-09-03 09:45:26,880 [grpc-default-executor-9] INFO  impl.FollowerInfo (FollowerInfo.java:lambda$new$0(50)) - 30b1b43b-2ac1-4227-ba9d-0d794daadc3a->f1e690fe-d9d6-4f9a-b28d-4fa21d7465dc: nextIndex: updateUnconditionally 1 -> 0
2019-09-03 09:45:26,899 [main] INFO  server.GrpcService (GrpcService.java:closeImpl(155)) - dc57de79-aaca-47f1-971f-bd2f7461306f: shutdown server with port 40126 now
2019-09-03 09:45:26,900 [ForkJoinPool.commonPool-worker-0] INFO  utils.BackgroundService (BackgroundService.java:shutdown(148)) - Shutting down service BlockDeletingService
2019-09-03 09:45:26,901 [grpc-default-executor-7] WARN  server.GrpcServerProtocolService (LogUtils.java:warn(134)) - dc57de79-aaca-47f1-971f-bd2f7461306f: appendEntries onError: org.apache.ratis.thirdparty.io.grpc.StatusRuntimeException: CANCELLED: cancelled before receiving half close
2019-09-03 09:45:26,901 [main] INFO  server.GrpcService (GrpcService.java:closeImpl(163)) - dc57de79-aaca-47f1-971f-bd2f7461306f: shutdown server with port 40126 successfully
2019-09-03 09:45:26,901 [grpc-default-executor-8] WARN  server.GrpcLogAppender (LogUtils.java:warn(134)) - a24a5d44-532e-4ff6-8e9a-f2506e5c1784->dc57de79-aaca-47f1-971f-bd2f7461306f: Failed appendEntries: org.apache.ratis.thirdparty.io.grpc.StatusRuntimeException: CANCELLED: HTTP/2 error code: CANCEL
Received Rst Stream
2019-09-03 09:45:26,905 [grpc-default-executor-8] INFO  impl.FollowerInfo (FollowerInfo.java:lambda$new$0(50)) - a24a5d44-532e-4ff6-8e9a-f2506e5c1784->dc57de79-aaca-47f1-971f-bd2f7461306f: nextIndex: updateUnconditionally 9 -> 8
2019-09-03 09:45:26,907 [refreshUsed-/workdir/hadoop-ozone/integration-test/target/test-dir/MiniOzoneClusterImpl-6c7229d4-44ec-4a7a-8c6b-4592cedbafbd/datanode-1/data/containers] WARN  fs.CachingGetSpaceUsed (CachingGetSpaceUsed.java:run(183)) - Thread Interrupted waiting to refresh disk information: sleep interrupted
2019-09-03 09:45:26,908 [main] INFO  utils.BackgroundService (BackgroundService.java:shutdown(148)) - Shutting down service BlockDeletingService
2019-09-03 09:45:26,911 [refreshUsed-/workdir/hadoop-ozone/integration-test/target/test-dir/MiniOzoneClusterImpl-6c7229d4-44ec-4a7a-8c6b-4592cedbafbd/datanode-4/data/containers] WARN  fs.CachingGetSpaceUsed (CachingGetSpaceUsed.java:run(183)) - Thread Interrupted waiting to refresh disk information: sleep interrupted
2019-09-03 09:45:26,937 [ForkJoinPool.commonPool-worker-0] INFO  statemachine.DatanodeStateMachine (DatanodeStateMachine.java:stopDaemon(395)) - Ozone container server stopped.
2019-09-03 09:45:26,943 [main] INFO  statemachine.DatanodeStateMachine (DatanodeStateMachine.java:stopDaemon(395)) - Ozone container server stopped.
2019-09-03 09:45:26,946 [main] INFO  handler.ContextHandler (ContextHandler.java:doStop(910)) - Stopped o.e.j.w.WebAppContext@54286339{/,null,UNAVAILABLE}{/hddsDatanode}
2019-09-03 09:45:26,946 [ForkJoinPool.commonPool-worker-0] INFO  handler.ContextHandler (ContextHandler.java:doStop(910)) - Stopped o.e.j.w.WebAppContext@3e04abc5{/,null,UNAVAILABLE}{/hddsDatanode}
2019-09-03 09:45:26,947 [main] INFO  server.AbstractConnector (AbstractConnector.java:doStop(318)) - Stopped ServerConnector@507f47f9{HTTP/1.1,[http/1.1]}{0.0.0.0:0}
2019-09-03 09:45:26,947 [ForkJoinPool.commonPool-worker-0] INFO  server.AbstractConnector (AbstractConnector.java:doStop(318)) - Stopped ServerConnector@1008df1e{HTTP/1.1,[http/1.1]}{0.0.0.0:0}
2019-09-03 09:45:26,947 [main] INFO  handler.ContextHandler (ContextHandler.java:doStop(910)) - Stopped o.e.j.s.ServletContextHandler@35a9e665{/static,jar:file:/home/user/.m2/repository/org/apache/hadoop/hadoop-hdds-container-service/0.5.0-SNAPSHOT/hadoop-hdds-container-service-0.5.0-SNAPSHOT.jar!/webapps/static,UNAVAILABLE}
2019-09-03 09:45:26,949 [ForkJoinPool.commonPool-worker-0] INFO  handler.ContextHandler (ContextHandler.java:doStop(910)) - Stopped o.e.j.s.ServletContextHandler@70a24f9{/static,jar:file:/home/user/.m2/repository/org/apache/hadoop/hadoop-hdds-container-service/0.5.0-SNAPSHOT/hadoop-hdds-container-service-0.5.0-SNAPSHOT.jar!/webapps/static,UNAVAILABLE}
2019-09-03 09:45:26,949 [main] INFO  handler.ContextHandler (ContextHandler.java:doStop(910)) - Stopped o.e.j.s.ServletContextHandler@647ff23e{/logs,file:///workdir/hadoop-ozone/integration-test/target/log,UNAVAILABLE}
2019-09-03 09:45:26,951 [ForkJoinPool.commonPool-worker-0] INFO  handler.ContextHandler (ContextHandler.java:doStop(910)) - Stopped o.e.j.s.ServletContextHandler@29b8df5{/logs,file:///workdir/hadoop-ozone/integration-test/target/log,UNAVAILABLE}
2019-09-03 09:45:26,953 [main] INFO  datanode.ObjectStoreHandler (ObjectStoreHandler.java:close(155)) - Closing ObjectStoreHandler.
2019-09-03 09:45:26,953 [ForkJoinPool.commonPool-worker-0] INFO  datanode.ObjectStoreHandler (ObjectStoreHandler.java:close(155)) - Closing ObjectStoreHandler.
2019-09-03 09:45:26,954 [main] INFO  ozone.HddsDatanodeService (HddsDatanodeService.java:stop(451)) - Stopped plug-in org.apache.hadoop.ozone.web.OzoneHddsDatanodeService@2a661215
2019-09-03 09:45:26,954 [ForkJoinPool.commonPool-worker-0] INFO  ozone.HddsDatanodeService (HddsDatanodeService.java:stop(451)) - Stopped plug-in org.apache.hadoop.ozone.web.OzoneHddsDatanodeService@751686aa
2019-09-03 09:45:26,960 [grpc-default-executor-9] WARN  server.GrpcLogAppender (LogUtils.java:warn(134)) - a24a5d44-532e-4ff6-8e9a-f2506e5c1784->dc57de79-aaca-47f1-971f-bd2f7461306f: Failed appendEntries: org.apache.ratis.thirdparty.io.grpc.StatusRuntimeException: UNAVAILABLE: io exception
2019-09-03 09:45:26,962 [grpc-default-executor-9] INFO  impl.FollowerInfo (FollowerInfo.java:lambda$new$0(50)) - a24a5d44-532e-4ff6-8e9a-f2506e5c1784->dc57de79-aaca-47f1-971f-bd2f7461306f: nextIndex: updateUnconditionally 8 -> 7
2019-09-03 09:45:27,024 [Datanode State Machine Thread - 0] INFO  statemachine.DatanodeStateMachine (DatanodeStateMachine.java:lambda$startDaemon$0(350)) - Ozone container server started.
2019-09-03 09:45:27,024 [Datanode State Machine Thread - 0] INFO  statemachine.DatanodeStateMachine (DatanodeStateMachine.java:lambda$startDaemon$0(350)) - Ozone container server started.
2019-09-03 09:45:27,081 | INFO  | SCMAudit | user=jenkins1000 | ip=192.168.69.126 | op=SEND_HEARTBEAT {datanodeUUID=a24a5d44-532e-4ff6-8e9a-f2506e5c1784, command=[]} | ret=SUCCESS |  
2019-09-03 09:45:27,226 | INFO  | SCMAudit | user=jenkins1000 | ip=192.168.69.126 | op=SEND_HEARTBEAT {datanodeUUID=fbf90420-a45e-48ce-b982-ff6e0a18d7ed, command=[]} | ret=SUCCESS |  
2019-09-03 09:45:27,572 | INFO  | SCMAudit | user=jenkins1000 | ip=192.168.69.126 | op=SEND_HEARTBEAT {datanodeUUID=5f62d077-1cb0-4aa3-be9b-0f443f88c284, command=[]} | ret=SUCCESS |  
2019-09-03 09:45:27,764 [grpc-default-executor-7] WARN  server.GrpcLogAppender (LogUtils.java:warn(134)) - 30b1b43b-2ac1-4227-ba9d-0d794daadc3a->f1e690fe-d9d6-4f9a-b28d-4fa21d7465dc: Failed appendEntries: org.apache.ratis.thirdparty.io.grpc.StatusRuntimeException: UNAVAILABLE: io exception
2019-09-03 09:45:27,768 [grpc-default-executor-7] INFO  impl.FollowerInfo (FollowerInfo.java:lambda$new$0(50)) - 30b1b43b-2ac1-4227-ba9d-0d794daadc3a->f1e690fe-d9d6-4f9a-b28d-4fa21d7465dc: nextIndex: updateUnconditionally 0 -> 0
2019-09-03 09:45:28,082 | INFO  | SCMAudit | user=jenkins1000 | ip=192.168.69.126 | op=SEND_HEARTBEAT {datanodeUUID=a24a5d44-532e-4ff6-8e9a-f2506e5c1784, command=[]} | ret=SUCCESS |  
2019-09-03 09:45:28,226 | INFO  | SCMAudit | user=jenkins1000 | ip=192.168.69.126 | op=SEND_HEARTBEAT {datanodeUUID=fbf90420-a45e-48ce-b982-ff6e0a18d7ed, command=[]} | ret=SUCCESS |  
2019-09-03 09:45:28,573 | INFO  | SCMAudit | user=jenkins1000 | ip=192.168.69.126 | op=SEND_HEARTBEAT {datanodeUUID=5f62d077-1cb0-4aa3-be9b-0f443f88c284, command=[]} | ret=SUCCESS |  
2019-09-03 09:45:29,082 | INFO  | SCMAudit | user=jenkins1000 | ip=192.168.69.126 | op=SEND_HEARTBEAT {datanodeUUID=a24a5d44-532e-4ff6-8e9a-f2506e5c1784, command=[]} | ret=SUCCESS |  
2019-09-03 09:45:29,226 | INFO  | SCMAudit | user=jenkins1000 | ip=192.168.69.126 | op=SEND_HEARTBEAT {datanodeUUID=fbf90420-a45e-48ce-b982-ff6e0a18d7ed, command=[]} | ret=SUCCESS |  
2019-09-03 09:45:29,461 [grpc-default-executor-9] WARN  server.GrpcLogAppender (LogUtils.java:warn(134)) - a24a5d44-532e-4ff6-8e9a-f2506e5c1784->dc57de79-aaca-47f1-971f-bd2f7461306f: Failed appendEntries: org.apache.ratis.thirdparty.io.grpc.StatusRuntimeException: UNAVAILABLE: io exception
2019-09-03 09:45:29,464 [grpc-default-executor-9] INFO  impl.FollowerInfo (FollowerInfo.java:lambda$new$0(50)) - a24a5d44-532e-4ff6-8e9a-f2506e5c1784->dc57de79-aaca-47f1-971f-bd2f7461306f: nextIndex: updateUnconditionally 7 -> 6
2019-09-03 09:45:29,573 | INFO  | SCMAudit | user=jenkins1000 | ip=192.168.69.126 | op=SEND_HEARTBEAT {datanodeUUID=5f62d077-1cb0-4aa3-be9b-0f443f88c284, command=[]} | ret=SUCCESS |  
2019-09-03 09:45:30,083 | INFO  | SCMAudit | user=jenkins1000 | ip=192.168.69.126 | op=SEND_HEARTBEAT {datanodeUUID=a24a5d44-532e-4ff6-8e9a-f2506e5c1784, command=[]} | ret=SUCCESS |  
2019-09-03 09:45:30,227 | INFO  | SCMAudit | user=jenkins1000 | ip=192.168.69.126 | op=SEND_HEARTBEAT {datanodeUUID=fbf90420-a45e-48ce-b982-ff6e0a18d7ed, command=[]} | ret=SUCCESS |  
2019-09-03 09:45:30,266 [grpc-default-executor-7] WARN  server.GrpcLogAppender (LogUtils.java:warn(134)) - 30b1b43b-2ac1-4227-ba9d-0d794daadc3a->f1e690fe-d9d6-4f9a-b28d-4fa21d7465dc: Failed appendEntries: org.apache.ratis.thirdparty.io.grpc.StatusRuntimeException: UNAVAILABLE: io exception
2019-09-03 09:45:30,269 [grpc-default-executor-7] INFO  impl.FollowerInfo (FollowerInfo.java:lambda$new$0(50)) - 30b1b43b-2ac1-4227-ba9d-0d794daadc3a->f1e690fe-d9d6-4f9a-b28d-4fa21d7465dc: nextIndex: updateUnconditionally 0 -> 0
2019-09-03 09:45:30,573 | INFO  | SCMAudit | user=jenkins1000 | ip=192.168.69.126 | op=SEND_HEARTBEAT {datanodeUUID=5f62d077-1cb0-4aa3-be9b-0f443f88c284, command=[]} | ret=SUCCESS |  
2019-09-03 09:45:31,084 | INFO  | SCMAudit | user=jenkins1000 | ip=192.168.69.126 | op=SEND_HEARTBEAT {datanodeUUID=a24a5d44-532e-4ff6-8e9a-f2506e5c1784, command=[]} | ret=SUCCESS |  
2019-09-03 09:45:31,227 | INFO  | SCMAudit | user=jenkins1000 | ip=192.168.69.126 | op=SEND_HEARTBEAT {datanodeUUID=fbf90420-a45e-48ce-b982-ff6e0a18d7ed, command=[]} | ret=SUCCESS |  
2019-09-03 09:45:31,573 | INFO  | SCMAudit | user=jenkins1000 | ip=192.168.69.126 | op=SEND_HEARTBEAT {datanodeUUID=5f62d077-1cb0-4aa3-be9b-0f443f88c284, command=[]} | ret=SUCCESS |  
2019-09-03 09:45:31,955 [main] INFO  ozoneimpl.OzoneContainer (OzoneContainer.java:stop(199)) - Attempting to stop container services.
2019-09-03 09:45:31,955 [ForkJoinPool.commonPool-worker-0] INFO  ozoneimpl.OzoneContainer (OzoneContainer.java:stop(199)) - Attempting to stop container services.
2019-09-03 09:45:31,955 [main] INFO  impl.RaftServerProxy (RaftServerProxy.java:lambda$close$4(314)) - 54a7770c-e3e5-4c4a-b2d5-1e155816e439: close
2019-09-03 09:45:31,956 [ForkJoinPool.commonPool-worker-0] INFO  impl.RaftServerProxy (RaftServerProxy.java:lambda$close$4(314)) - 30b1b43b-2ac1-4227-ba9d-0d794daadc3a: close
2019-09-03 09:45:31,956 [main] INFO  impl.RaftServerImpl (RaftServerImpl.java:lambda$shutdown$3(245)) - 54a7770c-e3e5-4c4a-b2d5-1e155816e439: shutdown group-8C7445D889B3
2019-09-03 09:45:31,956 [ForkJoinPool.commonPool-worker-0] INFO  impl.RaftServerImpl (RaftServerImpl.java:lambda$shutdown$3(245)) - 30b1b43b-2ac1-4227-ba9d-0d794daadc3a: shutdown group-584E22C08759
2019-09-03 09:45:31,957 [main] INFO  util.JmxRegister (JmxRegister.java:unregister(73)) - Successfully un-registered JMX Bean with object name Ratis:service=RaftServer,group=group-8C7445D889B3,id=54a7770c-e3e5-4c4a-b2d5-1e155816e439
2019-09-03 09:45:31,957 [ForkJoinPool.commonPool-worker-0] INFO  util.JmxRegister (JmxRegister.java:unregister(73)) - Successfully un-registered JMX Bean with object name Ratis:service=RaftServer,group=group-584E22C08759,id=30b1b43b-2ac1-4227-ba9d-0d794daadc3a
2019-09-03 09:45:31,958 [ForkJoinPool.commonPool-worker-0] INFO  impl.RoleInfo (RoleInfo.java:shutdownLeaderState(104)) - 30b1b43b-2ac1-4227-ba9d-0d794daadc3a: shutdown LeaderState
2019-09-03 09:45:31,957 [main] INFO  impl.RoleInfo (RoleInfo.java:shutdownLeaderState(104)) - 54a7770c-e3e5-4c4a-b2d5-1e155816e439: shutdown LeaderState
2019-09-03 09:45:31,958 [ForkJoinPool.commonPool-worker-0] INFO  impl.PendingRequests (PendingRequests.java:sendNotLeaderResponses(202)) - 30b1b43b-2ac1-4227-ba9d-0d794daadc3a-PendingRequests: sendNotLeaderResponses
2019-09-03 09:45:31,959 [main] INFO  impl.PendingRequests (PendingRequests.java:sendNotLeaderResponses(202)) - 54a7770c-e3e5-4c4a-b2d5-1e155816e439-PendingRequests: sendNotLeaderResponses
2019-09-03 09:45:31,959 [ForkJoinPool.commonPool-worker-0] INFO  impl.StateMachineUpdater (StateMachineUpdater.java:stopAndJoin(115)) - StateMachineUpdater:30b1b43b-2ac1-4227-ba9d-0d794daadc3a:group-584E22C08759: set stopIndex = 0
2019-09-03 09:45:31,959 [main] INFO  impl.StateMachineUpdater (StateMachineUpdater.java:stopAndJoin(115)) - StateMachineUpdater:54a7770c-e3e5-4c4a-b2d5-1e155816e439:group-8C7445D889B3: set stopIndex = 0
2019-09-03 09:45:31,960 [ForkJoinPool.commonPool-worker-0] INFO  impl.RaftServerImpl (ServerState.java:close(394)) - 30b1b43b-2ac1-4227-ba9d-0d794daadc3a:group-584E22C08759 closes. The last applied log index is 0
2019-09-03 09:45:31,960 [main] INFO  impl.RaftServerImpl (ServerState.java:close(394)) - 54a7770c-e3e5-4c4a-b2d5-1e155816e439:group-8C7445D889B3 closes. The last applied log index is 0
2019-09-03 09:45:31,961 [30b1b43b-2ac1-4227-ba9d-0d794daadc3a-SegmentedRaftLogWorker:Storage Directory /workdir/hadoop-ozone/integration-test/target/test-dir/MiniOzoneClusterImpl-6c7229d4-44ec-4a7a-8c6b-4592cedbafbd/datanode-2/data/ratis/720c5b55-8746-43c2-a9b1-584e22c08759] INFO  segmented.SegmentedRaftLogWorker (SegmentedRaftLogWorker.java:run(313)) - 30b1b43b-2ac1-4227-ba9d-0d794daadc3a-SegmentedRaftLogWorker:Storage Directory /workdir/hadoop-ozone/integration-test/target/test-dir/MiniOzoneClusterImpl-6c7229d4-44ec-4a7a-8c6b-4592cedbafbd/datanode-2/data/ratis/720c5b55-8746-43c2-a9b1-584e22c08759 was interrupted, exiting. There are 0 tasks remaining in the queue.
2019-09-03 09:45:31,964 [54a7770c-e3e5-4c4a-b2d5-1e155816e439-SegmentedRaftLogWorker:Storage Directory /workdir/hadoop-ozone/integration-test/target/test-dir/MiniOzoneClusterImpl-6c7229d4-44ec-4a7a-8c6b-4592cedbafbd/datanode-3/data/ratis/091b47be-a6d4-46b8-abd2-8c7445d889b3] INFO  segmented.SegmentedRaftLogWorker (SegmentedRaftLogWorker.java:run(313)) - 54a7770c-e3e5-4c4a-b2d5-1e155816e439-SegmentedRaftLogWorker:Storage Directory /workdir/hadoop-ozone/integration-test/target/test-dir/MiniOzoneClusterImpl-6c7229d4-44ec-4a7a-8c6b-4592cedbafbd/datanode-3/data/ratis/091b47be-a6d4-46b8-abd2-8c7445d889b3 was interrupted, exiting. There are 0 tasks remaining in the queue.
2019-09-03 09:45:31,964 [ForkJoinPool.commonPool-worker-0] INFO  segmented.SegmentedRaftLogWorker (SegmentedRaftLogWorker.java:close(228)) - 30b1b43b-2ac1-4227-ba9d-0d794daadc3a-SegmentedRaftLogWorker:Storage Directory /workdir/hadoop-ozone/integration-test/target/test-dir/MiniOzoneClusterImpl-6c7229d4-44ec-4a7a-8c6b-4592cedbafbd/datanode-2/data/ratis/720c5b55-8746-43c2-a9b1-584e22c08759 close()
2019-09-03 09:45:31,967 [main] INFO  segmented.SegmentedRaftLogWorker (SegmentedRaftLogWorker.java:close(228)) - 54a7770c-e3e5-4c4a-b2d5-1e155816e439-SegmentedRaftLogWorker:Storage Directory /workdir/hadoop-ozone/integration-test/target/test-dir/MiniOzoneClusterImpl-6c7229d4-44ec-4a7a-8c6b-4592cedbafbd/datanode-3/data/ratis/091b47be-a6d4-46b8-abd2-8c7445d889b3 close()
2019-09-03 09:45:31,965 [grpc-default-executor-7] WARN  server.GrpcLogAppender (LogUtils.java:warn(134)) - a24a5d44-532e-4ff6-8e9a-f2506e5c1784->dc57de79-aaca-47f1-971f-bd2f7461306f: Failed appendEntries: org.apache.ratis.thirdparty.io.grpc.StatusRuntimeException: UNAVAILABLE: io exception
2019-09-03 09:45:31,972 [main] INFO  impl.RaftServerImpl (RaftServerImpl.java:lambda$shutdown$3(245)) - 54a7770c-e3e5-4c4a-b2d5-1e155816e439: shutdown group-A3ADB0FA2990
2019-09-03 09:45:31,969 [ForkJoinPool.commonPool-worker-0] INFO  impl.RaftServerImpl (RaftServerImpl.java:lambda$shutdown$3(245)) - 30b1b43b-2ac1-4227-ba9d-0d794daadc3a: shutdown group-4F2D5274CA82
2019-09-03 09:45:31,974 [main] INFO  util.JmxRegister (JmxRegister.java:unregister(73)) - Successfully un-registered JMX Bean with object name Ratis:service=RaftServer,group=group-A3ADB0FA2990,id=54a7770c-e3e5-4c4a-b2d5-1e155816e439
2019-09-03 09:45:31,974 [grpc-default-executor-7] INFO  impl.FollowerInfo (FollowerInfo.java:lambda$new$0(50)) - a24a5d44-532e-4ff6-8e9a-f2506e5c1784->dc57de79-aaca-47f1-971f-bd2f7461306f: nextIndex: updateUnconditionally 6 -> 5
2019-09-03 09:45:31,975 [main] INFO  impl.RoleInfo (RoleInfo.java:shutdownFollowerState(121)) - 54a7770c-e3e5-4c4a-b2d5-1e155816e439: shutdown FollowerState
2019-09-03 09:45:31,975 [ForkJoinPool.commonPool-worker-0] INFO  util.JmxRegister (JmxRegister.java:unregister(73)) - Successfully un-registered JMX Bean with object name Ratis:service=RaftServer,group=group-4F2D5274CA82,id=30b1b43b-2ac1-4227-ba9d-0d794daadc3a
2019-09-03 09:45:31,976 [StateMachineUpdater:54a7770c-e3e5-4c4a-b2d5-1e155816e439:group-A3ADB0FA2990] INFO  ratis.ContainerStateMachine (ContainerStateMachine.java:takeSnapshot(283)) - group-A3ADB0FA2990: Taking a snapshot at:(t:1, i:5) file /workdir/hadoop-ozone/integration-test/target/test-dir/MiniOzoneClusterImpl-6c7229d4-44ec-4a7a-8c6b-4592cedbafbd/datanode-3/data/ratis/30439fe9-c3be-4dd2-8b3c-a3adb0fa2990/sm/snapshot.1_5
2019-09-03 09:45:31,976 [Thread-814] INFO  impl.FollowerState (FollowerState.java:run(114)) - 54a7770c-e3e5-4c4a-b2d5-1e155816e439: FollowerState was interrupted: java.lang.InterruptedException: sleep interrupted
2019-09-03 09:45:31,976 [main] INFO  impl.StateMachineUpdater (StateMachineUpdater.java:stopAndJoin(115)) - StateMachineUpdater:54a7770c-e3e5-4c4a-b2d5-1e155816e439:group-A3ADB0FA2990: set stopIndex = 8
2019-09-03 09:45:31,976 [ForkJoinPool.commonPool-worker-0] INFO  impl.RoleInfo (RoleInfo.java:shutdownLeaderState(104)) - 30b1b43b-2ac1-4227-ba9d-0d794daadc3a: shutdown LeaderState
2019-09-03 09:45:31,982 [ForkJoinPool.commonPool-worker-0] INFO  impl.PendingRequests (PendingRequests.java:sendNotLeaderResponses(202)) - 30b1b43b-2ac1-4227-ba9d-0d794daadc3a-PendingRequests: sendNotLeaderResponses
2019-09-03 09:45:31,983 [org.apache.ratis.server.impl.LogAppender$AppenderDaemon$$Lambda$486/339904905@30fc8a98] WARN  server.GrpcLogAppender (GrpcLogAppender.java:mayWait(143)) - GrpcLogAppender(30b1b43b-2ac1-4227-ba9d-0d794daadc3a->5f62d077-1cb0-4aa3-be9b-0f443f88c284): Wait interrupted by java.lang.InterruptedException
2019-09-03 09:45:31,983 [ForkJoinPool.commonPool-worker-0] INFO  impl.StateMachineUpdater (StateMachineUpdater.java:stopAndJoin(115)) - StateMachineUpdater:30b1b43b-2ac1-4227-ba9d-0d794daadc3a:group-4F2D5274CA82: set stopIndex = 0
2019-09-03 09:45:31,983 [ForkJoinPool.commonPool-worker-0] INFO  impl.RaftServerImpl (ServerState.java:close(394)) - 30b1b43b-2ac1-4227-ba9d-0d794daadc3a:group-4F2D5274CA82 closes. The last applied log index is 0
2019-09-03 09:45:31,983 [org.apache.ratis.server.impl.LogAppender$AppenderDaemon$$Lambda$486/339904905@75fe1a43] WARN  server.GrpcLogAppender (GrpcLogAppender.java:mayWait(143)) - GrpcLogAppender(30b1b43b-2ac1-4227-ba9d-0d794daadc3a->f1e690fe-d9d6-4f9a-b28d-4fa21d7465dc): Wait interrupted by java.lang.InterruptedException
2019-09-03 09:45:31,983 [grpc-default-executor-7] INFO  server.GrpcServerProtocolService (GrpcServerProtocolService.java:onCompleted(104)) - 5f62d077-1cb0-4aa3-be9b-0f443f88c284: appendEntries completed
2019-09-03 09:45:31,984 [30b1b43b-2ac1-4227-ba9d-0d794daadc3a-SegmentedRaftLogWorker:Storage Directory /workdir/hadoop-ozone/integration-test/target/test-dir/MiniOzoneClusterImpl-6c7229d4-44ec-4a7a-8c6b-4592cedbafbd/datanode-2/data/ratis/1cc44003-04a7-4216-8053-4f2d5274ca82] INFO  segmented.SegmentedRaftLogWorker (SegmentedRaftLogWorker.java:run(313)) - 30b1b43b-2ac1-4227-ba9d-0d794daadc3a-SegmentedRaftLogWorker:Storage Directory /workdir/hadoop-ozone/integration-test/target/test-dir/MiniOzoneClusterImpl-6c7229d4-44ec-4a7a-8c6b-4592cedbafbd/datanode-2/data/ratis/1cc44003-04a7-4216-8053-4f2d5274ca82 was interrupted, exiting. There are 0 tasks remaining in the queue.
2019-09-03 09:45:31,986 [grpc-default-executor-7] INFO  server.GrpcLogAppender (GrpcLogAppender.java:onCompleted(292)) - 30b1b43b-2ac1-4227-ba9d-0d794daadc3a->5f62d077-1cb0-4aa3-be9b-0f443f88c284: follower responses appendEntries COMPLETED
2019-09-03 09:45:31,988 [grpc-default-executor-7] INFO  impl.FollowerInfo (FollowerInfo.java:lambda$new$0(50)) - 30b1b43b-2ac1-4227-ba9d-0d794daadc3a->5f62d077-1cb0-4aa3-be9b-0f443f88c284: nextIndex: updateUnconditionally 1 -> 0
2019-09-03 09:45:31,989 [ForkJoinPool.commonPool-worker-0] INFO  segmented.SegmentedRaftLogWorker (SegmentedRaftLogWorker.java:close(228)) - 30b1b43b-2ac1-4227-ba9d-0d794daadc3a-SegmentedRaftLogWorker:Storage Directory /workdir/hadoop-ozone/integration-test/target/test-dir/MiniOzoneClusterImpl-6c7229d4-44ec-4a7a-8c6b-4592cedbafbd/datanode-2/data/ratis/1cc44003-04a7-4216-8053-4f2d5274ca82 close()
2019-09-03 09:45:31,992 [StateMachineUpdater:54a7770c-e3e5-4c4a-b2d5-1e155816e439:group-A3ADB0FA2990] INFO  ratis.ContainerStateMachine (ContainerStateMachine.java:takeSnapshot(294)) - group-A3ADB0FA2990: Finished taking a snapshot at:(t:1, i:5) file:/workdir/hadoop-ozone/integration-test/target/test-dir/MiniOzoneClusterImpl-6c7229d4-44ec-4a7a-8c6b-4592cedbafbd/datanode-3/data/ratis/30439fe9-c3be-4dd2-8b3c-a3adb0fa2990/sm/snapshot.1_5 time:15
2019-09-03 09:45:31,992 [ForkJoinPool.commonPool-worker-0] INFO  server.GrpcService (GrpcService.java:closeImpl(155)) - 30b1b43b-2ac1-4227-ba9d-0d794daadc3a: shutdown server with port 44438 now
2019-09-03 09:45:31,992 [StateMachineUpdater:54a7770c-e3e5-4c4a-b2d5-1e155816e439:group-A3ADB0FA2990] INFO  impl.StateMachineUpdater (StateMachineUpdater.java:takeSnapshot(242)) - StateMachineUpdater:54a7770c-e3e5-4c4a-b2d5-1e155816e439:group-A3ADB0FA2990: Took a snapshot at index 5
2019-09-03 09:45:31,992 [StateMachineUpdater:54a7770c-e3e5-4c4a-b2d5-1e155816e439:group-A3ADB0FA2990] INFO  impl.StateMachineUpdater (StateMachineUpdater.java:lambda$new$0(80)) - StateMachineUpdater:54a7770c-e3e5-4c4a-b2d5-1e155816e439:group-A3ADB0FA2990: snapshotIndex: updateIncreasingly -1 -> 5
2019-09-03 09:45:31,993 [ForkJoinPool.commonPool-worker-0] INFO  server.GrpcService (GrpcService.java:closeImpl(163)) - 30b1b43b-2ac1-4227-ba9d-0d794daadc3a: shutdown server with port 44438 successfully
2019-09-03 09:45:31,993 [main] INFO  impl.RaftServerImpl (ServerState.java:close(394)) - 54a7770c-e3e5-4c4a-b2d5-1e155816e439:group-A3ADB0FA2990 closes. The last applied log index is 8
2019-09-03 09:45:31,994 [54a7770c-e3e5-4c4a-b2d5-1e155816e439-SegmentedRaftLogWorker:Storage Directory /workdir/hadoop-ozone/integration-test/target/test-dir/MiniOzoneClusterImpl-6c7229d4-44ec-4a7a-8c6b-4592cedbafbd/datanode-3/data/ratis/30439fe9-c3be-4dd2-8b3c-a3adb0fa2990] INFO  segmented.SegmentedRaftLogWorker (SegmentedRaftLogWorker.java:run(313)) - 54a7770c-e3e5-4c4a-b2d5-1e155816e439-SegmentedRaftLogWorker:Storage Directory /workdir/hadoop-ozone/integration-test/target/test-dir/MiniOzoneClusterImpl-6c7229d4-44ec-4a7a-8c6b-4592cedbafbd/datanode-3/data/ratis/30439fe9-c3be-4dd2-8b3c-a3adb0fa2990 was interrupted, exiting. There are 0 tasks remaining in the queue.
2019-09-03 09:45:31,996 [main] INFO  segmented.SegmentedRaftLogWorker (SegmentedRaftLogWorker.java:close(228)) - 54a7770c-e3e5-4c4a-b2d5-1e155816e439-SegmentedRaftLogWorker:Storage Directory /workdir/hadoop-ozone/integration-test/target/test-dir/MiniOzoneClusterImpl-6c7229d4-44ec-4a7a-8c6b-4592cedbafbd/datanode-3/data/ratis/30439fe9-c3be-4dd2-8b3c-a3adb0fa2990 close()
2019-09-03 09:45:31,997 [ForkJoinPool.commonPool-worker-0] INFO  utils.BackgroundService (BackgroundService.java:shutdown(148)) - Shutting down service BlockDeletingService
2019-09-03 09:45:31,999 [main] INFO  server.GrpcService (GrpcService.java:closeImpl(155)) - 54a7770c-e3e5-4c4a-b2d5-1e155816e439: shutdown server with port 34394 now
2019-09-03 09:45:32,000 [grpc-default-executor-8] WARN  server.GrpcServerProtocolService (LogUtils.java:warn(134)) - 54a7770c-e3e5-4c4a-b2d5-1e155816e439: appendEntries onError: org.apache.ratis.thirdparty.io.grpc.StatusRuntimeException: CANCELLED: cancelled before receiving half close
2019-09-03 09:45:32,000 [main] INFO  server.GrpcService (GrpcService.java:closeImpl(163)) - 54a7770c-e3e5-4c4a-b2d5-1e155816e439: shutdown server with port 34394 successfully
2019-09-03 09:45:32,001 [grpc-default-executor-10] WARN  server.GrpcLogAppender (LogUtils.java:warn(134)) - a24a5d44-532e-4ff6-8e9a-f2506e5c1784->54a7770c-e3e5-4c4a-b2d5-1e155816e439: Failed appendEntries: org.apache.ratis.thirdparty.io.grpc.StatusRuntimeException: CANCELLED: HTTP/2 error code: CANCEL
Received Rst Stream
2019-09-03 09:45:32,002 [refreshUsed-/workdir/hadoop-ozone/integration-test/target/test-dir/MiniOzoneClusterImpl-6c7229d4-44ec-4a7a-8c6b-4592cedbafbd/datanode-2/data/containers] WARN  fs.CachingGetSpaceUsed (CachingGetSpaceUsed.java:run(183)) - Thread Interrupted waiting to refresh disk information: sleep interrupted
2019-09-03 09:45:32,004 [grpc-default-executor-10] INFO  impl.FollowerInfo (FollowerInfo.java:lambda$new$0(50)) - a24a5d44-532e-4ff6-8e9a-f2506e5c1784->54a7770c-e3e5-4c4a-b2d5-1e155816e439: nextIndex: updateUnconditionally 9 -> 8
2019-09-03 09:45:32,005 [grpc-default-executor-9] WARN  client.GrpcClientProtocolService (LogUtils.java:warn(134)) - 35-OrderedRequestStreamObserver35: onError: org.apache.ratis.thirdparty.io.grpc.StatusRuntimeException: CANCELLED: cancelled before receiving half close
2019-09-03 09:45:32,006 [main] INFO  utils.BackgroundService (BackgroundService.java:shutdown(148)) - Shutting down service BlockDeletingService
2019-09-03 09:45:32,010 [refreshUsed-/workdir/hadoop-ozone/integration-test/target/test-dir/MiniOzoneClusterImpl-6c7229d4-44ec-4a7a-8c6b-4592cedbafbd/datanode-3/data/containers] WARN  fs.CachingGetSpaceUsed (CachingGetSpaceUsed.java:run(183)) - Thread Interrupted waiting to refresh disk information: sleep interrupted
2019-09-03 09:45:32,033 [ForkJoinPool.commonPool-worker-0] INFO  statemachine.DatanodeStateMachine (DatanodeStateMachine.java:stopDaemon(395)) - Ozone container server stopped.
2019-09-03 09:45:32,034 [main] INFO  statemachine.DatanodeStateMachine (DatanodeStateMachine.java:stopDaemon(395)) - Ozone container server stopped.
2019-09-03 09:45:32,040 [main] INFO  handler.ContextHandler (ContextHandler.java:doStop(910)) - Stopped o.e.j.w.WebAppContext@3ccfac29{/,null,UNAVAILABLE}{/hddsDatanode}
2019-09-03 09:45:32,040 [ForkJoinPool.commonPool-worker-0] INFO  handler.ContextHandler (ContextHandler.java:doStop(910)) - Stopped o.e.j.w.WebAppContext@27e21083{/,null,UNAVAILABLE}{/hddsDatanode}
2019-09-03 09:45:32,041 [main] INFO  server.AbstractConnector (AbstractConnector.java:doStop(318)) - Stopped ServerConnector@5c41b8d8{HTTP/1.1,[http/1.1]}{0.0.0.0:0}
2019-09-03 09:45:32,041 [ForkJoinPool.commonPool-worker-0] INFO  server.AbstractConnector (AbstractConnector.java:doStop(318)) - Stopped ServerConnector@67a6a2d0{HTTP/1.1,[http/1.1]}{0.0.0.0:0}
2019-09-03 09:45:32,041 [main] INFO  handler.ContextHandler (ContextHandler.java:doStop(910)) - Stopped o.e.j.s.ServletContextHandler@1fb71788{/static,jar:file:/home/user/.m2/repository/org/apache/hadoop/hadoop-hdds-container-service/0.5.0-SNAPSHOT/hadoop-hdds-container-service-0.5.0-SNAPSHOT.jar!/webapps/static,UNAVAILABLE}
2019-09-03 09:45:32,043 [ForkJoinPool.commonPool-worker-0] INFO  handler.ContextHandler (ContextHandler.java:doStop(910)) - Stopped o.e.j.s.ServletContextHandler@7ac685ef{/static,jar:file:/home/user/.m2/repository/org/apache/hadoop/hadoop-hdds-container-service/0.5.0-SNAPSHOT/hadoop-hdds-container-service-0.5.0-SNAPSHOT.jar!/webapps/static,UNAVAILABLE}
2019-09-03 09:45:32,043 [main] INFO  handler.ContextHandler (ContextHandler.java:doStop(910)) - Stopped o.e.j.s.ServletContextHandler@2a54c92e{/logs,file:///workdir/hadoop-ozone/integration-test/target/log,UNAVAILABLE}
2019-09-03 09:45:32,045 [ForkJoinPool.commonPool-worker-0] INFO  handler.ContextHandler (ContextHandler.java:doStop(910)) - Stopped o.e.j.s.ServletContextHandler@4ab455e2{/logs,file:///workdir/hadoop-ozone/integration-test/target/log,UNAVAILABLE}
2019-09-03 09:45:32,046 [main] INFO  datanode.ObjectStoreHandler (ObjectStoreHandler.java:close(155)) - Closing ObjectStoreHandler.
2019-09-03 09:45:32,047 [ForkJoinPool.commonPool-worker-0] INFO  datanode.ObjectStoreHandler (ObjectStoreHandler.java:close(155)) - Closing ObjectStoreHandler.
2019-09-03 09:45:32,047 [main] INFO  ozone.HddsDatanodeService (HddsDatanodeService.java:stop(451)) - Stopped plug-in org.apache.hadoop.ozone.web.OzoneHddsDatanodeService@ec3944
2019-09-03 09:45:32,047 [ForkJoinPool.commonPool-worker-0] INFO  ozone.HddsDatanodeService (HddsDatanodeService.java:stop(451)) - Stopped plug-in org.apache.hadoop.ozone.web.OzoneHddsDatanodeService@632c3f55
2019-09-03 09:45:32,083 | INFO  | SCMAudit | user=jenkins1000 | ip=192.168.69.126 | op=SEND_HEARTBEAT {datanodeUUID=a24a5d44-532e-4ff6-8e9a-f2506e5c1784, command=[]} | ret=SUCCESS |  
2019-09-03 09:45:32,227 [Datanode State Machine Thread - 0] INFO  statemachine.DatanodeStateMachine (DatanodeStateMachine.java:lambda$startDaemon$0(350)) - Ozone container server started.
2019-09-03 09:45:32,573 [Datanode State Machine Thread - 0] INFO  statemachine.DatanodeStateMachine (DatanodeStateMachine.java:lambda$startDaemon$0(350)) - Ozone container server started.
2019-09-03 09:45:33,083 | INFO  | SCMAudit | user=jenkins1000 | ip=192.168.69.126 | op=SEND_HEARTBEAT {datanodeUUID=a24a5d44-532e-4ff6-8e9a-f2506e5c1784, command=[]} | ret=SUCCESS |  
2019-09-03 09:45:34,083 | INFO  | SCMAudit | user=jenkins1000 | ip=192.168.69.126 | op=SEND_HEARTBEAT {datanodeUUID=a24a5d44-532e-4ff6-8e9a-f2506e5c1784, command=[]} | ret=SUCCESS |  
2019-09-03 09:45:34,463 [grpc-default-executor-7] WARN  server.GrpcLogAppender (LogUtils.java:warn(134)) - a24a5d44-532e-4ff6-8e9a-f2506e5c1784->dc57de79-aaca-47f1-971f-bd2f7461306f: Failed appendEntries: org.apache.ratis.thirdparty.io.grpc.StatusRuntimeException: UNAVAILABLE: io exception
2019-09-03 09:45:34,465 [grpc-default-executor-7] INFO  impl.FollowerInfo (FollowerInfo.java:lambda$new$0(50)) - a24a5d44-532e-4ff6-8e9a-f2506e5c1784->dc57de79-aaca-47f1-971f-bd2f7461306f: nextIndex: updateUnconditionally 5 -> 4
2019-09-03 09:45:34,478 [grpc-default-executor-9] WARN  server.GrpcLogAppender (LogUtils.java:warn(134)) - a24a5d44-532e-4ff6-8e9a-f2506e5c1784->54a7770c-e3e5-4c4a-b2d5-1e155816e439: Failed appendEntries: org.apache.ratis.thirdparty.io.grpc.StatusRuntimeException: UNAVAILABLE: io exception
2019-09-03 09:45:34,480 [grpc-default-executor-9] INFO  impl.FollowerInfo (FollowerInfo.java:lambda$new$0(50)) - a24a5d44-532e-4ff6-8e9a-f2506e5c1784->54a7770c-e3e5-4c4a-b2d5-1e155816e439: nextIndex: updateUnconditionally 8 -> 7
2019-09-03 09:45:35,084 | INFO  | SCMAudit | user=jenkins1000 | ip=192.168.69.126 | op=SEND_HEARTBEAT {datanodeUUID=a24a5d44-532e-4ff6-8e9a-f2506e5c1784, command=[]} | ret=SUCCESS |  
2019-09-03 09:45:36,083 | INFO  | SCMAudit | user=jenkins1000 | ip=192.168.69.126 | op=SEND_HEARTBEAT {datanodeUUID=a24a5d44-532e-4ff6-8e9a-f2506e5c1784, command=[]} | ret=SUCCESS |  
2019-09-03 09:45:36,964 [grpc-default-executor-10] WARN  server.GrpcLogAppender (LogUtils.java:warn(134)) - a24a5d44-532e-4ff6-8e9a-f2506e5c1784->dc57de79-aaca-47f1-971f-bd2f7461306f: Failed appendEntries: org.apache.ratis.thirdparty.io.grpc.StatusRuntimeException: UNAVAILABLE: io exception
2019-09-03 09:45:36,967 [grpc-default-executor-10] INFO  impl.FollowerInfo (FollowerInfo.java:lambda$new$0(50)) - a24a5d44-532e-4ff6-8e9a-f2506e5c1784->dc57de79-aaca-47f1-971f-bd2f7461306f: nextIndex: updateUnconditionally 4 -> 3
2019-09-03 09:45:36,978 [grpc-default-executor-7] WARN  server.GrpcLogAppender (LogUtils.java:warn(134)) - a24a5d44-532e-4ff6-8e9a-f2506e5c1784->54a7770c-e3e5-4c4a-b2d5-1e155816e439: Failed appendEntries: org.apache.ratis.thirdparty.io.grpc.StatusRuntimeException: UNAVAILABLE: io exception
2019-09-03 09:45:36,983 [grpc-default-executor-7] INFO  impl.FollowerInfo (FollowerInfo.java:lambda$new$0(50)) - a24a5d44-532e-4ff6-8e9a-f2506e5c1784->54a7770c-e3e5-4c4a-b2d5-1e155816e439: nextIndex: updateUnconditionally 7 -> 6
2019-09-03 09:45:37,048 [main] INFO  ozoneimpl.OzoneContainer (OzoneContainer.java:stop(199)) - Attempting to stop container services.
2019-09-03 09:45:37,048 [ForkJoinPool.commonPool-worker-0] INFO  ozoneimpl.OzoneContainer (OzoneContainer.java:stop(199)) - Attempting to stop container services.
2019-09-03 09:45:37,049 [main] INFO  impl.RaftServerProxy (RaftServerProxy.java:lambda$close$4(314)) - fbf90420-a45e-48ce-b982-ff6e0a18d7ed: close
2019-09-03 09:45:37,049 [ForkJoinPool.commonPool-worker-0] INFO  impl.RaftServerProxy (RaftServerProxy.java:lambda$close$4(314)) - 5f62d077-1cb0-4aa3-be9b-0f443f88c284: close
2019-09-03 09:45:37,049 [main] INFO  impl.RaftServerImpl (RaftServerImpl.java:lambda$shutdown$3(245)) - fbf90420-a45e-48ce-b982-ff6e0a18d7ed: shutdown group-E575BFD4F848
2019-09-03 09:45:37,050 [main] INFO  util.JmxRegister (JmxRegister.java:unregister(73)) - Successfully un-registered JMX Bean with object name Ratis:service=RaftServer,group=group-E575BFD4F848,id=fbf90420-a45e-48ce-b982-ff6e0a18d7ed
2019-09-03 09:45:37,050 [main] INFO  impl.RoleInfo (RoleInfo.java:shutdownLeaderState(104)) - fbf90420-a45e-48ce-b982-ff6e0a18d7ed: shutdown LeaderState
2019-09-03 09:45:37,049 [ForkJoinPool.commonPool-worker-0] INFO  impl.RaftServerImpl (RaftServerImpl.java:lambda$shutdown$3(245)) - 5f62d077-1cb0-4aa3-be9b-0f443f88c284: shutdown group-407C2B9AE355
2019-09-03 09:45:37,050 [main] INFO  impl.PendingRequests (PendingRequests.java:sendNotLeaderResponses(202)) - fbf90420-a45e-48ce-b982-ff6e0a18d7ed-PendingRequests: sendNotLeaderResponses
2019-09-03 09:45:37,051 [ForkJoinPool.commonPool-worker-0] INFO  util.JmxRegister (JmxRegister.java:unregister(73)) - Successfully un-registered JMX Bean with object name Ratis:service=RaftServer,group=group-407C2B9AE355,id=5f62d077-1cb0-4aa3-be9b-0f443f88c284
2019-09-03 09:45:37,051 [main] INFO  impl.StateMachineUpdater (StateMachineUpdater.java:stopAndJoin(115)) - StateMachineUpdater:fbf90420-a45e-48ce-b982-ff6e0a18d7ed:group-E575BFD4F848: set stopIndex = 0
2019-09-03 09:45:37,052 [main] INFO  impl.RaftServerImpl (ServerState.java:close(394)) - fbf90420-a45e-48ce-b982-ff6e0a18d7ed:group-E575BFD4F848 closes. The last applied log index is 0
2019-09-03 09:45:37,051 [ForkJoinPool.commonPool-worker-0] INFO  impl.RoleInfo (RoleInfo.java:shutdownLeaderState(104)) - 5f62d077-1cb0-4aa3-be9b-0f443f88c284: shutdown LeaderState
2019-09-03 09:45:37,052 [fbf90420-a45e-48ce-b982-ff6e0a18d7ed-SegmentedRaftLogWorker:Storage Directory /workdir/hadoop-ozone/integration-test/target/test-dir/MiniOzoneClusterImpl-6c7229d4-44ec-4a7a-8c6b-4592cedbafbd/datanode-6/data/ratis/608a66cc-a049-405c-8517-e575bfd4f848] INFO  segmented.SegmentedRaftLogWorker (SegmentedRaftLogWorker.java:run(313)) - fbf90420-a45e-48ce-b982-ff6e0a18d7ed-SegmentedRaftLogWorker:Storage Directory /workdir/hadoop-ozone/integration-test/target/test-dir/MiniOzoneClusterImpl-6c7229d4-44ec-4a7a-8c6b-4592cedbafbd/datanode-6/data/ratis/608a66cc-a049-405c-8517-e575bfd4f848 was interrupted, exiting. There are 0 tasks remaining in the queue.
2019-09-03 09:45:37,053 [ForkJoinPool.commonPool-worker-0] INFO  impl.PendingRequests (PendingRequests.java:sendNotLeaderResponses(202)) - 5f62d077-1cb0-4aa3-be9b-0f443f88c284-PendingRequests: sendNotLeaderResponses
2019-09-03 09:45:37,055 [main] INFO  segmented.SegmentedRaftLogWorker (SegmentedRaftLogWorker.java:close(228)) - fbf90420-a45e-48ce-b982-ff6e0a18d7ed-SegmentedRaftLogWorker:Storage Directory /workdir/hadoop-ozone/integration-test/target/test-dir/MiniOzoneClusterImpl-6c7229d4-44ec-4a7a-8c6b-4592cedbafbd/datanode-6/data/ratis/608a66cc-a049-405c-8517-e575bfd4f848 close()
2019-09-03 09:45:37,055 [ForkJoinPool.commonPool-worker-0] INFO  impl.StateMachineUpdater (StateMachineUpdater.java:stopAndJoin(115)) - StateMachineUpdater:5f62d077-1cb0-4aa3-be9b-0f443f88c284:group-407C2B9AE355: set stopIndex = 0
2019-09-03 09:45:37,057 [main] INFO  server.GrpcService (GrpcService.java:closeImpl(155)) - fbf90420-a45e-48ce-b982-ff6e0a18d7ed: shutdown server with port 35390 now
2019-09-03 09:45:37,057 [ForkJoinPool.commonPool-worker-0] INFO  impl.RaftServerImpl (ServerState.java:close(394)) - 5f62d077-1cb0-4aa3-be9b-0f443f88c284:group-407C2B9AE355 closes. The last applied log index is 0
2019-09-03 09:45:37,063 [main] INFO  server.GrpcService (GrpcService.java:closeImpl(163)) - fbf90420-a45e-48ce-b982-ff6e0a18d7ed: shutdown server with port 35390 successfully
2019-09-03 09:45:37,063 [5f62d077-1cb0-4aa3-be9b-0f443f88c284-SegmentedRaftLogWorker:Storage Directory /workdir/hadoop-ozone/integration-test/target/test-dir/MiniOzoneClusterImpl-6c7229d4-44ec-4a7a-8c6b-4592cedbafbd/datanode-0/data/ratis/fbb1d1f4-a5a9-48b0-b599-407c2b9ae355] INFO  segmented.SegmentedRaftLogWorker (SegmentedRaftLogWorker.java:run(313)) - 5f62d077-1cb0-4aa3-be9b-0f443f88c284-SegmentedRaftLogWorker:Storage Directory /workdir/hadoop-ozone/integration-test/target/test-dir/MiniOzoneClusterImpl-6c7229d4-44ec-4a7a-8c6b-4592cedbafbd/datanode-0/data/ratis/fbb1d1f4-a5a9-48b0-b599-407c2b9ae355 was interrupted, exiting. There are 0 tasks remaining in the queue.
2019-09-03 09:45:37,065 [ForkJoinPool.commonPool-worker-0] INFO  segmented.SegmentedRaftLogWorker (SegmentedRaftLogWorker.java:close(228)) - 5f62d077-1cb0-4aa3-be9b-0f443f88c284-SegmentedRaftLogWorker:Storage Directory /workdir/hadoop-ozone/integration-test/target/test-dir/MiniOzoneClusterImpl-6c7229d4-44ec-4a7a-8c6b-4592cedbafbd/datanode-0/data/ratis/fbb1d1f4-a5a9-48b0-b599-407c2b9ae355 close()
2019-09-03 09:45:37,069 [ForkJoinPool.commonPool-worker-0] INFO  impl.RaftServerImpl (RaftServerImpl.java:lambda$shutdown$3(245)) - 5f62d077-1cb0-4aa3-be9b-0f443f88c284: shutdown group-4F2D5274CA82
2019-09-03 09:45:37,069 [main] INFO  utils.BackgroundService (BackgroundService.java:shutdown(148)) - Shutting down service BlockDeletingService
2019-09-03 09:45:37,069 [ForkJoinPool.commonPool-worker-0] INFO  util.JmxRegister (JmxRegister.java:unregister(73)) - Successfully un-registered JMX Bean with object name Ratis:service=RaftServer,group=group-4F2D5274CA82,id=5f62d077-1cb0-4aa3-be9b-0f443f88c284
2019-09-03 09:45:37,070 [ForkJoinPool.commonPool-worker-0] INFO  impl.RoleInfo (RoleInfo.java:shutdownFollowerState(121)) - 5f62d077-1cb0-4aa3-be9b-0f443f88c284: shutdown FollowerState
2019-09-03 09:45:37,071 [Thread-792] INFO  impl.FollowerState (FollowerState.java:run(114)) - 5f62d077-1cb0-4aa3-be9b-0f443f88c284: FollowerState was interrupted: java.lang.InterruptedException: sleep interrupted
2019-09-03 09:45:37,071 [ForkJoinPool.commonPool-worker-0] INFO  impl.StateMachineUpdater (StateMachineUpdater.java:stopAndJoin(115)) - StateMachineUpdater:5f62d077-1cb0-4aa3-be9b-0f443f88c284:group-4F2D5274CA82: set stopIndex = 0
2019-09-03 09:45:37,072 [ForkJoinPool.commonPool-worker-0] INFO  impl.RaftServerImpl (ServerState.java:close(394)) - 5f62d077-1cb0-4aa3-be9b-0f443f88c284:group-4F2D5274CA82 closes. The last applied log index is 0
2019-09-03 09:45:37,073 [5f62d077-1cb0-4aa3-be9b-0f443f88c284-SegmentedRaftLogWorker:Storage Directory /workdir/hadoop-ozone/integration-test/target/test-dir/MiniOzoneClusterImpl-6c7229d4-44ec-4a7a-8c6b-4592cedbafbd/datanode-0/data/ratis/1cc44003-04a7-4216-8053-4f2d5274ca82] INFO  segmented.SegmentedRaftLogWorker (SegmentedRaftLogWorker.java:run(313)) - 5f62d077-1cb0-4aa3-be9b-0f443f88c284-SegmentedRaftLogWorker:Storage Directory /workdir/hadoop-ozone/integration-test/target/test-dir/MiniOzoneClusterImpl-6c7229d4-44ec-4a7a-8c6b-4592cedbafbd/datanode-0/data/ratis/1cc44003-04a7-4216-8053-4f2d5274ca82 was interrupted, exiting. There are 0 tasks remaining in the queue.
2019-09-03 09:45:37,074 [ForkJoinPool.commonPool-worker-0] INFO  segmented.SegmentedRaftLogWorker (SegmentedRaftLogWorker.java:close(228)) - 5f62d077-1cb0-4aa3-be9b-0f443f88c284-SegmentedRaftLogWorker:Storage Directory /workdir/hadoop-ozone/integration-test/target/test-dir/MiniOzoneClusterImpl-6c7229d4-44ec-4a7a-8c6b-4592cedbafbd/datanode-0/data/ratis/1cc44003-04a7-4216-8053-4f2d5274ca82 close()
2019-09-03 09:45:37,074 [ForkJoinPool.commonPool-worker-0] INFO  server.GrpcService (GrpcService.java:closeImpl(155)) - 5f62d077-1cb0-4aa3-be9b-0f443f88c284: shutdown server with port 43193 now
2019-09-03 09:45:37,075 [ForkJoinPool.commonPool-worker-0] INFO  server.GrpcService (GrpcService.java:closeImpl(163)) - 5f62d077-1cb0-4aa3-be9b-0f443f88c284: shutdown server with port 43193 successfully
2019-09-03 09:45:37,075 [refreshUsed-/workdir/hadoop-ozone/integration-test/target/test-dir/MiniOzoneClusterImpl-6c7229d4-44ec-4a7a-8c6b-4592cedbafbd/datanode-6/data/containers] WARN  fs.CachingGetSpaceUsed (CachingGetSpaceUsed.java:run(183)) - Thread Interrupted waiting to refresh disk information: sleep interrupted
2019-09-03 09:45:37,078 [ForkJoinPool.commonPool-worker-0] INFO  utils.BackgroundService (BackgroundService.java:shutdown(148)) - Shutting down service BlockDeletingService
2019-09-03 09:45:37,080 [refreshUsed-/workdir/hadoop-ozone/integration-test/target/test-dir/MiniOzoneClusterImpl-6c7229d4-44ec-4a7a-8c6b-4592cedbafbd/datanode-0/data/containers] WARN  fs.CachingGetSpaceUsed (CachingGetSpaceUsed.java:run(183)) - Thread Interrupted waiting to refresh disk information: sleep interrupted
2019-09-03 09:45:37,084 | INFO  | SCMAudit | user=jenkins1000 | ip=192.168.69.126 | op=SEND_HEARTBEAT {datanodeUUID=a24a5d44-532e-4ff6-8e9a-f2506e5c1784, command=[]} | ret=SUCCESS |  
2019-09-03 09:45:37,094 [main] INFO  statemachine.DatanodeStateMachine (DatanodeStateMachine.java:stopDaemon(395)) - Ozone container server stopped.
2019-09-03 09:45:37,095 [main] INFO  handler.ContextHandler (ContextHandler.java:doStop(910)) - Stopped o.e.j.w.WebAppContext@5f82209e{/,null,UNAVAILABLE}{/hddsDatanode}
2019-09-03 09:45:37,096 [main] INFO  server.AbstractConnector (AbstractConnector.java:doStop(318)) - Stopped ServerConnector@515c732d{HTTP/1.1,[http/1.1]}{0.0.0.0:0}
2019-09-03 09:45:37,096 [main] INFO  handler.ContextHandler (ContextHandler.java:doStop(910)) - Stopped o.e.j.s.ServletContextHandler@103478b8{/static,jar:file:/home/user/.m2/repository/org/apache/hadoop/hadoop-hdds-container-service/0.5.0-SNAPSHOT/hadoop-hdds-container-service-0.5.0-SNAPSHOT.jar!/webapps/static,UNAVAILABLE}
2019-09-03 09:45:37,096 [main] INFO  handler.ContextHandler (ContextHandler.java:doStop(910)) - Stopped o.e.j.s.ServletContextHandler@215a0264{/logs,file:///workdir/hadoop-ozone/integration-test/target/log,UNAVAILABLE}
2019-09-03 09:45:37,097 [main] INFO  datanode.ObjectStoreHandler (ObjectStoreHandler.java:close(155)) - Closing ObjectStoreHandler.
2019-09-03 09:45:37,098 [main] INFO  ozone.HddsDatanodeService (HddsDatanodeService.java:stop(451)) - Stopped plug-in org.apache.hadoop.ozone.web.OzoneHddsDatanodeService@5da3f32a
2019-09-03 09:45:37,100 [ForkJoinPool.commonPool-worker-0] INFO  statemachine.DatanodeStateMachine (DatanodeStateMachine.java:stopDaemon(395)) - Ozone container server stopped.
2019-09-03 09:45:37,103 [ForkJoinPool.commonPool-worker-0] INFO  handler.ContextHandler (ContextHandler.java:doStop(910)) - Stopped o.e.j.w.WebAppContext@4f402027{/,null,UNAVAILABLE}{/hddsDatanode}
2019-09-03 09:45:37,104 [ForkJoinPool.commonPool-worker-0] INFO  server.AbstractConnector (AbstractConnector.java:doStop(318)) - Stopped ServerConnector@22aee519{HTTP/1.1,[http/1.1]}{0.0.0.0:0}
2019-09-03 09:45:37,107 [ForkJoinPool.commonPool-worker-0] INFO  handler.ContextHandler (ContextHandler.java:doStop(910)) - Stopped o.e.j.s.ServletContextHandler@5423a17{/static,jar:file:/home/user/.m2/repository/org/apache/hadoop/hadoop-hdds-container-service/0.5.0-SNAPSHOT/hadoop-hdds-container-service-0.5.0-SNAPSHOT.jar!/webapps/static,UNAVAILABLE}
2019-09-03 09:45:37,107 [ForkJoinPool.commonPool-worker-0] INFO  handler.ContextHandler (ContextHandler.java:doStop(910)) - Stopped o.e.j.s.ServletContextHandler@315b5913{/logs,file:///workdir/hadoop-ozone/integration-test/target/log,UNAVAILABLE}
2019-09-03 09:45:38,083 [Datanode State Machine Thread - 0] INFO  statemachine.DatanodeStateMachine (DatanodeStateMachine.java:lambda$startDaemon$0(350)) - Ozone container server started.
2019-09-03 09:45:39,465 [grpc-default-executor-7] WARN  server.GrpcLogAppender (LogUtils.java:warn(134)) - a24a5d44-532e-4ff6-8e9a-f2506e5c1784->dc57de79-aaca-47f1-971f-bd2f7461306f: Failed appendEntries: org.apache.ratis.thirdparty.io.grpc.StatusRuntimeException: UNAVAILABLE: io exception
2019-09-03 09:45:39,467 [grpc-default-executor-7] INFO  impl.FollowerInfo (FollowerInfo.java:lambda$new$0(50)) - a24a5d44-532e-4ff6-8e9a-f2506e5c1784->dc57de79-aaca-47f1-971f-bd2f7461306f: nextIndex: updateUnconditionally 3 -> 2
2019-09-03 09:45:39,478 [grpc-default-executor-9] WARN  server.GrpcLogAppender (LogUtils.java:warn(134)) - a24a5d44-532e-4ff6-8e9a-f2506e5c1784->54a7770c-e3e5-4c4a-b2d5-1e155816e439: Failed appendEntries: org.apache.ratis.thirdparty.io.grpc.StatusRuntimeException: UNAVAILABLE: io exception
2019-09-03 09:45:39,479 [grpc-default-executor-9] INFO  impl.FollowerInfo (FollowerInfo.java:lambda$new$0(50)) - a24a5d44-532e-4ff6-8e9a-f2506e5c1784->54a7770c-e3e5-4c4a-b2d5-1e155816e439: nextIndex: updateUnconditionally 6 -> 5
2019-09-03 09:45:41,966 [grpc-default-executor-10] WARN  server.GrpcLogAppender (LogUtils.java:warn(134)) - a24a5d44-532e-4ff6-8e9a-f2506e5c1784->dc57de79-aaca-47f1-971f-bd2f7461306f: Failed appendEntries: org.apache.ratis.thirdparty.io.grpc.StatusRuntimeException: UNAVAILABLE: io exception
2019-09-03 09:45:41,968 [grpc-default-executor-10] INFO  impl.FollowerInfo (FollowerInfo.java:lambda$new$0(50)) - a24a5d44-532e-4ff6-8e9a-f2506e5c1784->dc57de79-aaca-47f1-971f-bd2f7461306f: nextIndex: updateUnconditionally 2 -> 1
2019-09-03 09:45:41,979 [grpc-default-executor-7] WARN  server.GrpcLogAppender (LogUtils.java:warn(134)) - a24a5d44-532e-4ff6-8e9a-f2506e5c1784->54a7770c-e3e5-4c4a-b2d5-1e155816e439: Failed appendEntries: org.apache.ratis.thirdparty.io.grpc.StatusRuntimeException: UNAVAILABLE: io exception
2019-09-03 09:45:41,980 [grpc-default-executor-7] INFO  impl.FollowerInfo (FollowerInfo.java:lambda$new$0(50)) - a24a5d44-532e-4ff6-8e9a-f2506e5c1784->54a7770c-e3e5-4c4a-b2d5-1e155816e439: nextIndex: updateUnconditionally 5 -> 4
2019-09-03 09:45:42,099 [main] INFO  ozoneimpl.OzoneContainer (OzoneContainer.java:stop(199)) - Attempting to stop container services.
2019-09-03 09:45:42,100 [main] INFO  impl.RaftServerProxy (RaftServerProxy.java:lambda$close$4(314)) - a24a5d44-532e-4ff6-8e9a-f2506e5c1784: close
2019-09-03 09:45:42,100 [main] INFO  impl.RaftServerImpl (RaftServerImpl.java:lambda$shutdown$3(245)) - a24a5d44-532e-4ff6-8e9a-f2506e5c1784: shutdown group-7558881FF90F
2019-09-03 09:45:42,101 [main] INFO  util.JmxRegister (JmxRegister.java:unregister(73)) - Successfully un-registered JMX Bean with object name Ratis:service=RaftServer,group=group-7558881FF90F,id=a24a5d44-532e-4ff6-8e9a-f2506e5c1784
2019-09-03 09:45:42,101 [main] INFO  impl.RoleInfo (RoleInfo.java:shutdownLeaderState(104)) - a24a5d44-532e-4ff6-8e9a-f2506e5c1784: shutdown LeaderState
2019-09-03 09:45:42,102 [main] INFO  impl.PendingRequests (PendingRequests.java:sendNotLeaderResponses(202)) - a24a5d44-532e-4ff6-8e9a-f2506e5c1784-PendingRequests: sendNotLeaderResponses
2019-09-03 09:45:42,103 [main] INFO  impl.StateMachineUpdater (StateMachineUpdater.java:stopAndJoin(115)) - StateMachineUpdater:a24a5d44-532e-4ff6-8e9a-f2506e5c1784:group-7558881FF90F: set stopIndex = 0
2019-09-03 09:45:42,103 [main] INFO  impl.RaftServerImpl (ServerState.java:close(394)) - a24a5d44-532e-4ff6-8e9a-f2506e5c1784:group-7558881FF90F closes. The last applied log index is 0
2019-09-03 09:45:42,104 [a24a5d44-532e-4ff6-8e9a-f2506e5c1784-SegmentedRaftLogWorker:Storage Directory /workdir/hadoop-ozone/integration-test/target/test-dir/MiniOzoneClusterImpl-6c7229d4-44ec-4a7a-8c6b-4592cedbafbd/datanode-5/data/ratis/c5c69703-0435-4b45-b774-7558881ff90f] INFO  segmented.SegmentedRaftLogWorker (SegmentedRaftLogWorker.java:run(313)) - a24a5d44-532e-4ff6-8e9a-f2506e5c1784-SegmentedRaftLogWorker:Storage Directory /workdir/hadoop-ozone/integration-test/target/test-dir/MiniOzoneClusterImpl-6c7229d4-44ec-4a7a-8c6b-4592cedbafbd/datanode-5/data/ratis/c5c69703-0435-4b45-b774-7558881ff90f was interrupted, exiting. There are 0 tasks remaining in the queue.
2019-09-03 09:45:42,104 [main] INFO  segmented.SegmentedRaftLogWorker (SegmentedRaftLogWorker.java:close(228)) - a24a5d44-532e-4ff6-8e9a-f2506e5c1784-SegmentedRaftLogWorker:Storage Directory /workdir/hadoop-ozone/integration-test/target/test-dir/MiniOzoneClusterImpl-6c7229d4-44ec-4a7a-8c6b-4592cedbafbd/datanode-5/data/ratis/c5c69703-0435-4b45-b774-7558881ff90f close()
2019-09-03 09:45:42,105 [main] INFO  impl.RaftServerImpl (RaftServerImpl.java:lambda$shutdown$3(245)) - a24a5d44-532e-4ff6-8e9a-f2506e5c1784: shutdown group-A3ADB0FA2990
2019-09-03 09:45:42,105 [main] INFO  util.JmxRegister (JmxRegister.java:unregister(73)) - Successfully un-registered JMX Bean with object name Ratis:service=RaftServer,group=group-A3ADB0FA2990,id=a24a5d44-532e-4ff6-8e9a-f2506e5c1784
2019-09-03 09:45:42,106 [main] INFO  impl.RoleInfo (RoleInfo.java:shutdownLeaderState(104)) - a24a5d44-532e-4ff6-8e9a-f2506e5c1784: shutdown LeaderState
2019-09-03 09:45:42,108 [main] INFO  impl.PendingRequests (PendingRequests.java:sendNotLeaderResponses(202)) - a24a5d44-532e-4ff6-8e9a-f2506e5c1784-PendingRequests: sendNotLeaderResponses
2019-09-03 09:45:42,108 [org.apache.ratis.server.impl.LogAppender$AppenderDaemon$$Lambda$486/339904905@58c1e8a6] WARN  server.GrpcLogAppender (GrpcLogAppender.java:mayWait(143)) - GrpcLogAppender(a24a5d44-532e-4ff6-8e9a-f2506e5c1784->54a7770c-e3e5-4c4a-b2d5-1e155816e439): Wait interrupted by java.lang.InterruptedException
2019-09-03 09:45:42,108 [org.apache.ratis.server.impl.LogAppender$AppenderDaemon$$Lambda$486/339904905@1dc36dda] WARN  server.GrpcLogAppender (GrpcLogAppender.java:mayWait(143)) - GrpcLogAppender(a24a5d44-532e-4ff6-8e9a-f2506e5c1784->dc57de79-aaca-47f1-971f-bd2f7461306f): Wait interrupted by java.lang.InterruptedException
2019-09-03 09:45:42,112 [main] INFO  impl.StateMachineUpdater (StateMachineUpdater.java:stopAndJoin(115)) - StateMachineUpdater:a24a5d44-532e-4ff6-8e9a-f2506e5c1784:group-A3ADB0FA2990: set stopIndex = 8
2019-09-03 09:45:42,112 [StateMachineUpdater:a24a5d44-532e-4ff6-8e9a-f2506e5c1784:group-A3ADB0FA2990] INFO  ratis.ContainerStateMachine (ContainerStateMachine.java:takeSnapshot(283)) - group-A3ADB0FA2990: Taking a snapshot at:(t:1, i:6) file /workdir/hadoop-ozone/integration-test/target/test-dir/MiniOzoneClusterImpl-6c7229d4-44ec-4a7a-8c6b-4592cedbafbd/datanode-5/data/ratis/30439fe9-c3be-4dd2-8b3c-a3adb0fa2990/sm/snapshot.1_6
2019-09-03 09:45:42,126 [StateMachineUpdater:a24a5d44-532e-4ff6-8e9a-f2506e5c1784:group-A3ADB0FA2990] INFO  ratis.ContainerStateMachine (ContainerStateMachine.java:takeSnapshot(294)) - group-A3ADB0FA2990: Finished taking a snapshot at:(t:1, i:6) file:/workdir/hadoop-ozone/integration-test/target/test-dir/MiniOzoneClusterImpl-6c7229d4-44ec-4a7a-8c6b-4592cedbafbd/datanode-5/data/ratis/30439fe9-c3be-4dd2-8b3c-a3adb0fa2990/sm/snapshot.1_6 time:14
2019-09-03 09:45:42,126 [StateMachineUpdater:a24a5d44-532e-4ff6-8e9a-f2506e5c1784:group-A3ADB0FA2990] INFO  impl.StateMachineUpdater (StateMachineUpdater.java:takeSnapshot(242)) - StateMachineUpdater:a24a5d44-532e-4ff6-8e9a-f2506e5c1784:group-A3ADB0FA2990: Took a snapshot at index 6
2019-09-03 09:45:42,126 [StateMachineUpdater:a24a5d44-532e-4ff6-8e9a-f2506e5c1784:group-A3ADB0FA2990] INFO  impl.StateMachineUpdater (StateMachineUpdater.java:lambda$new$0(80)) - StateMachineUpdater:a24a5d44-532e-4ff6-8e9a-f2506e5c1784:group-A3ADB0FA2990: snapshotIndex: updateIncreasingly -1 -> 6
2019-09-03 09:45:42,127 [main] INFO  impl.RaftServerImpl (ServerState.java:close(394)) - a24a5d44-532e-4ff6-8e9a-f2506e5c1784:group-A3ADB0FA2990 closes. The last applied log index is 8
2019-09-03 09:45:42,127 [a24a5d44-532e-4ff6-8e9a-f2506e5c1784-SegmentedRaftLogWorker:Storage Directory /workdir/hadoop-ozone/integration-test/target/test-dir/MiniOzoneClusterImpl-6c7229d4-44ec-4a7a-8c6b-4592cedbafbd/datanode-5/data/ratis/30439fe9-c3be-4dd2-8b3c-a3adb0fa2990] INFO  segmented.SegmentedRaftLogWorker (SegmentedRaftLogWorker.java:run(313)) - a24a5d44-532e-4ff6-8e9a-f2506e5c1784-SegmentedRaftLogWorker:Storage Directory /workdir/hadoop-ozone/integration-test/target/test-dir/MiniOzoneClusterImpl-6c7229d4-44ec-4a7a-8c6b-4592cedbafbd/datanode-5/data/ratis/30439fe9-c3be-4dd2-8b3c-a3adb0fa2990 was interrupted, exiting. There are 0 tasks remaining in the queue.
2019-09-03 09:45:42,128 [main] INFO  segmented.SegmentedRaftLogWorker (SegmentedRaftLogWorker.java:close(228)) - a24a5d44-532e-4ff6-8e9a-f2506e5c1784-SegmentedRaftLogWorker:Storage Directory /workdir/hadoop-ozone/integration-test/target/test-dir/MiniOzoneClusterImpl-6c7229d4-44ec-4a7a-8c6b-4592cedbafbd/datanode-5/data/ratis/30439fe9-c3be-4dd2-8b3c-a3adb0fa2990 close()
2019-09-03 09:45:42,128 [main] INFO  server.GrpcService (GrpcService.java:closeImpl(155)) - a24a5d44-532e-4ff6-8e9a-f2506e5c1784: shutdown server with port 37019 now
2019-09-03 09:45:42,129 [main] INFO  server.GrpcService (GrpcService.java:closeImpl(163)) - a24a5d44-532e-4ff6-8e9a-f2506e5c1784: shutdown server with port 37019 successfully
2019-09-03 09:45:42,134 [main] INFO  utils.BackgroundService (BackgroundService.java:shutdown(148)) - Shutting down service BlockDeletingService
2019-09-03 09:45:42,137 [refreshUsed-/workdir/hadoop-ozone/integration-test/target/test-dir/MiniOzoneClusterImpl-6c7229d4-44ec-4a7a-8c6b-4592cedbafbd/datanode-5/data/containers] WARN  fs.CachingGetSpaceUsed (CachingGetSpaceUsed.java:run(183)) - Thread Interrupted waiting to refresh disk information: sleep interrupted
2019-09-03 09:45:42,157 [main] INFO  statemachine.DatanodeStateMachine (DatanodeStateMachine.java:stopDaemon(395)) - Ozone container server stopped.
2019-09-03 09:45:42,158 [main] INFO  handler.ContextHandler (ContextHandler.java:doStop(910)) - Stopped o.e.j.w.WebAppContext@6c36051c{/,null,UNAVAILABLE}{/hddsDatanode}
2019-09-03 09:45:42,159 [main] INFO  server.AbstractConnector (AbstractConnector.java:doStop(318)) - Stopped ServerConnector@45d46254{HTTP/1.1,[http/1.1]}{0.0.0.0:0}
2019-09-03 09:45:42,160 [main] INFO  handler.ContextHandler (ContextHandler.java:doStop(910)) - Stopped o.e.j.s.ServletContextHandler@56f84c9b{/static,jar:file:/home/user/.m2/repository/org/apache/hadoop/hadoop-hdds-container-service/0.5.0-SNAPSHOT/hadoop-hdds-container-service-0.5.0-SNAPSHOT.jar!/webapps/static,UNAVAILABLE}
2019-09-03 09:45:42,160 [main] INFO  handler.ContextHandler (ContextHandler.java:doStop(910)) - Stopped o.e.j.s.ServletContextHandler@63f3366a{/logs,file:///workdir/hadoop-ozone/integration-test/target/log,UNAVAILABLE}
2019-09-03 09:45:42,162 [main] INFO  ozone.MiniOzoneClusterImpl (MiniOzoneClusterImpl.java:stop(353)) - Stopping the StorageContainerManager
2019-09-03 09:45:42,162 [main] INFO  server.StorageContainerManager (StorageContainerManager.java:stop(797)) - Stopping Replication Manager Service.
2019-09-03 09:45:42,162 [main] INFO  container.ReplicationManager (ReplicationManager.java:stop(192)) - Stopping Replication Monitor Thread.
2019-09-03 09:45:42,163 [main] INFO  server.StorageContainerManager (StorageContainerManager.java:stop(804)) - Stopping Lease Manager of the command watchers
2019-09-03 09:45:42,163 [main] INFO  server.StorageContainerManager (StorageContainerManager.java:stop(811)) - Stopping datanode service RPC server
2019-09-03 09:45:42,163 [main] INFO  server.SCMDatanodeProtocolServer (SCMDatanodeProtocolServer.java:stop(367)) - Stopping the RPC server for DataNodes
2019-09-03 09:45:42,163 [main] INFO  ipc.Server (Server.java:stop(3082)) - Stopping server on 37613
2019-09-03 09:45:42,167 [IPC Server listener on 37613] INFO  ipc.Server (Server.java:run(1185)) - Stopping IPC Server listener on 37613
2019-09-03 09:45:42,168 [IPC Server Responder] INFO  ipc.Server (Server.java:run(1319)) - Stopping IPC Server Responder
2019-09-03 09:45:42,220 [SCM Heartbeat Processing Thread - 0] WARN  node.NodeStateManager (NodeStateManager.java:scheduleNextHealthCheck(646)) - Current Thread is interrupted, shutting down HB processing thread for Node Manager.
2019-09-03 09:45:42,220 [main] INFO  server.StorageContainerManager (StorageContainerManager.java:stop(819)) - Stopping block service RPC server
2019-09-03 09:45:42,220 [main] INFO  server.SCMBlockProtocolServer (SCMBlockProtocolServer.java:stop(148)) - Stopping the RPC server for Block Protocol
2019-09-03 09:45:42,220 [main] INFO  ipc.Server (Server.java:stop(3082)) - Stopping server on 35550
2019-09-03 09:45:42,224 [IPC Server listener on 35550] INFO  ipc.Server (Server.java:run(1185)) - Stopping IPC Server listener on 35550
2019-09-03 09:45:42,224 [main] INFO  server.StorageContainerManager (StorageContainerManager.java:stop(826)) - Stopping the StorageContainerLocationProtocol RPC server
2019-09-03 09:45:42,224 [IPC Server Responder] INFO  ipc.Server (Server.java:run(1319)) - Stopping IPC Server Responder
2019-09-03 09:45:42,225 [main] INFO  server.SCMClientProtocolServer (SCMClientProtocolServer.java:stop(159)) - Stopping the RPC server for Client Protocol
2019-09-03 09:45:42,225 [main] INFO  ipc.Server (Server.java:stop(3082)) - Stopping server on 33128
2019-09-03 09:45:42,228 [IPC Server listener on 33128] INFO  ipc.Server (Server.java:run(1185)) - Stopping IPC Server listener on 33128
2019-09-03 09:45:42,228 [main] INFO  server.StorageContainerManager (StorageContainerManager.java:stop(833)) - Stopping Storage Container Manager HTTP server.
2019-09-03 09:45:42,228 [IPC Server Responder] INFO  ipc.Server (Server.java:run(1319)) - Stopping IPC Server Responder
2019-09-03 09:45:42,230 [main] INFO  handler.ContextHandler (ContextHandler.java:doStop(910)) - Stopped o.e.j.w.WebAppContext@f4f843f{/,null,UNAVAILABLE}{/scm}
2019-09-03 09:45:42,230 [main] INFO  server.AbstractConnector (AbstractConnector.java:doStop(318)) - Stopped ServerConnector@7b5833ee{HTTP/1.1,[http/1.1]}{0.0.0.0:0}
2019-09-03 09:45:42,231 [main] INFO  handler.ContextHandler (ContextHandler.java:doStop(910)) - Stopped o.e.j.s.ServletContextHandler@2c9cafa5{/static,file:///workdir/hadoop-ozone/integration-test/target/test-classes/webapps/static,UNAVAILABLE}
2019-09-03 09:45:42,231 [main] INFO  handler.ContextHandler (ContextHandler.java:doStop(910)) - Stopped o.e.j.s.ServletContextHandler@2bf3ec4{/logs,file:///workdir/hadoop-ozone/integration-test/target/log,UNAVAILABLE}
2019-09-03 09:45:42,232 [main] INFO  server.StorageContainerManager (StorageContainerManager.java:stop(844)) - Stopping Block Manager Service.
2019-09-03 09:45:42,232 [main] INFO  utils.BackgroundService (BackgroundService.java:shutdown(148)) - Shutting down service SCMBlockDeletingService
2019-09-03 09:45:42,233 [main] INFO  utils.BackgroundService (BackgroundService.java:shutdown(148)) - Shutting down service SCMBlockDeletingService
2019-09-03 09:45:42,233 [main] INFO  server.StorageContainerManager (StorageContainerManager.java:stop(866)) - Stopping SCM Event Queue.
2019-09-03 09:45:42,238 [main] INFO  impl.MetricsSystemImpl (MetricsSystemImpl.java:stop(210)) - Stopping HddsDatanode metrics system...
2019-09-03 09:45:42,245 [main] INFO  impl.MetricsSystemImpl (MetricsSystemImpl.java:stop(216)) - HddsDatanode metrics system stopped.
]]></system-out>
    <system-err><![CDATA[Sep 03, 2019 9:40:07 AM com.sun.jersey.server.impl.application.WebApplicationImpl _initiate
INFO: Initiating Jersey application, version 'Jersey: 1.19 02/11/2015 03:25 AM'
Sep 03, 2019 9:40:07 AM com.sun.jersey.server.impl.application.WebApplicationImpl _initiate
INFO: Initiating Jersey application, version 'Jersey: 1.19 02/11/2015 03:25 AM'
Sep 03, 2019 9:40:07 AM com.sun.jersey.server.impl.application.WebApplicationImpl _initiate
INFO: Initiating Jersey application, version 'Jersey: 1.19 02/11/2015 03:25 AM'
Sep 03, 2019 9:40:08 AM com.sun.jersey.server.impl.application.WebApplicationImpl _initiate
INFO: Initiating Jersey application, version 'Jersey: 1.19 02/11/2015 03:25 AM'
Sep 03, 2019 9:40:08 AM com.sun.jersey.server.impl.application.WebApplicationImpl _initiate
INFO: Initiating Jersey application, version 'Jersey: 1.19 02/11/2015 03:25 AM'
Sep 03, 2019 9:40:08 AM com.sun.jersey.server.impl.application.WebApplicationImpl _initiate
INFO: Initiating Jersey application, version 'Jersey: 1.19 02/11/2015 03:25 AM'
Sep 03, 2019 9:40:09 AM com.sun.jersey.server.impl.application.WebApplicationImpl _initiate
INFO: Initiating Jersey application, version 'Jersey: 1.19 02/11/2015 03:25 AM'
]]></system-err>
  </testcase>
</testsuite>