<?xml version="1.0" encoding="UTF-8"?>
<testsuite xmlns:xsi="http://www.w3.org/2001/XMLSchema-instance" xsi:noNamespaceSchemaLocation="https://maven.apache.org/surefire/maven-surefire-plugin/xsd/surefire-test-report.xsd" name="org.apache.hadoop.ozone.freon.TestFreonWithPipelineDestroy" time="30.752" tests="1" errors="1" skipped="0" failures="0">
  <properties>
    <property name="awt.toolkit" value="sun.awt.X11.XToolkit"/>
    <property name="file.encoding.pkg" value="sun.io"/>
    <property name="java.specification.version" value="1.8"/>
    <property name="sun.cpu.isalist" value=""/>
    <property name="sun.jnu.encoding" value="UTF-8"/>
    <property name="java.class.path" value="/tmp/workdir/hadoop-ozone/tools/target/test-classes:/tmp/workdir/hadoop-ozone/tools/target/classes:/tmp/workdir/hadoop-ozone/ozone-manager/target/classes:/tmp/workdir/hadoop-hdds/docs/target/classes:/home/user/.m2/repository/org/bouncycastle/bcprov-jdk15on/1.60/bcprov-jdk15on-1.60.jar:/tmp/workdir/hadoop-ozone/common/target/classes:/home/user/.m2/repository/org/apache/commons/commons-compress/1.4.1/commons-compress-1.4.1.jar:/home/user/.m2/repository/org/tukaani/xz/1.0/xz-1.0.jar:/home/user/.m2/repository/org/apache/hadoop/hadoop-hdfs-client/3.2.0/hadoop-hdfs-client-3.2.0.jar:/home/user/.m2/repository/com/fasterxml/jackson/core/jackson-annotations/2.9.5/jackson-annotations-2.9.5.jar:/tmp/workdir/hadoop-hdds/common/target/classes:/tmp/workdir/hadoop-hdds/config/target/classes:/home/user/.m2/repository/javax/annotation/javax.annotation-api/1.2/javax.annotation-api-1.2.jar:/home/user/.m2/repository/org/apache/ratis/ratis-server/0.4.0-2337318-SNAPSHOT/ratis-server-0.4.0-2337318-SNAPSHOT.jar:/home/user/.m2/repository/org/apache/ratis/ratis-thirdparty-misc/0.2.0/ratis-thirdparty-misc-0.2.0.jar:/home/user/.m2/repository/org/apache/ratis/ratis-proto/0.4.0-2337318-SNAPSHOT/ratis-proto-0.4.0-2337318-SNAPSHOT.jar:/home/user/.m2/repository/org/apache/ratis/ratis-common/0.4.0-2337318-SNAPSHOT/ratis-common-0.4.0-2337318-SNAPSHOT.jar:/home/user/.m2/repository/org/apache/ratis/ratis-client/0.4.0-2337318-SNAPSHOT/ratis-client-0.4.0-2337318-SNAPSHOT.jar:/home/user/.m2/repository/org/apache/ratis/ratis-metrics/0.4.0-2337318-SNAPSHOT/ratis-metrics-0.4.0-2337318-SNAPSHOT.jar:/home/user/.m2/repository/org/apache/ratis/ratis-netty/0.4.0-2337318-SNAPSHOT/ratis-netty-0.4.0-2337318-SNAPSHOT.jar:/home/user/.m2/repository/org/apache/ratis/ratis-grpc/0.4.0-2337318-SNAPSHOT/ratis-grpc-0.4.0-2337318-SNAPSHOT.jar:/home/user/.m2/repository/org/rocksdb/rocksdbjni/6.0.1/rocksdbjni-6.0.1.jar:/home/user/.m2/repository/org/apache/logging/log4j/log4j-api/2.11.0/log4j-api-2.11.0.jar:/home/user/.m2/repository/org/apache/logging/log4j/log4j-core/2.11.0/log4j-core-2.11.0.jar:/home/user/.m2/repository/com/lmax/disruptor/3.4.2/disruptor-3.4.2.jar:/home/user/.m2/repository/org/apache/commons/commons-pool2/2.6.0/commons-pool2-2.6.0.jar:/home/user/.m2/repository/org/bouncycastle/bcpkix-jdk15on/1.60/bcpkix-jdk15on-1.60.jar:/home/user/.m2/repository/commons-validator/commons-validator/1.6/commons-validator-1.6.jar:/home/user/.m2/repository/commons-digester/commons-digester/1.8.1/commons-digester-1.8.1.jar:/home/user/.m2/repository/io/jaegertracing/jaeger-client/0.33.1/jaeger-client-0.33.1.jar:/home/user/.m2/repository/io/jaegertracing/jaeger-thrift/0.33.1/jaeger-thrift-0.33.1.jar:/home/user/.m2/repository/org/apache/thrift/libthrift/0.11.0/libthrift-0.11.0.jar:/home/user/.m2/repository/com/squareup/okhttp3/okhttp/3.9.0/okhttp-3.9.0.jar:/home/user/.m2/repository/com/squareup/okio/okio/1.13.0/okio-1.13.0.jar:/home/user/.m2/repository/io/jaegertracing/jaeger-core/0.33.1/jaeger-core-0.33.1.jar:/home/user/.m2/repository/io/jaegertracing/jaeger-tracerresolver/0.33.1/jaeger-tracerresolver-0.33.1.jar:/home/user/.m2/repository/io/opentracing/contrib/opentracing-tracerresolver/0.1.5/opentracing-tracerresolver-0.1.5.jar:/home/user/.m2/repository/io/opentracing/opentracing-util/0.31.0/opentracing-util-0.31.0.jar:/home/user/.m2/repository/io/opentracing/opentracing-api/0.31.0/opentracing-api-0.31.0.jar:/home/user/.m2/repository/io/opentracing/opentracing-noop/0.31.0/opentracing-noop-0.31.0.jar:/home/user/.m2/repository/org/yaml/snakeyaml/1.16/snakeyaml-1.16.jar:/tmp/workdir/hadoop-hdds/container-service/target/classes:/tmp/workdir/hadoop-hdds/client/target/classes:/tmp/workdir/hadoop-hdds/tools/target/classes:/home/user/.m2/repository/org/xerial/sqlite-jdbc/3.25.2/sqlite-jdbc-3.25.2.jar:/tmp/workdir/hadoop-hdds/server-scm/target/classes:/home/user/.m2/repository/org/hamcrest/hamcrest-all/1.3/hamcrest-all-1.3.jar:/home/user/.m2/repository/info/picocli/picocli/3.9.6/picocli-3.9.6.jar:/home/user/.m2/repository/com/google/protobuf/protobuf-java/2.5.0/protobuf-java-2.5.0.jar:/home/user/.m2/repository/com/google/guava/guava/11.0.2/guava-11.0.2.jar:/tmp/workdir/hadoop-ozone/client/target/classes:/home/user/.m2/repository/org/apache/hadoop/hadoop-ozone-filesystem/0.5.0-SNAPSHOT/hadoop-ozone-filesystem-0.5.0-SNAPSHOT.jar:/tmp/workdir/hadoop-hdds/framework/target/classes:/home/user/.m2/repository/org/apache/hadoop/hadoop-common/3.2.0/hadoop-common-3.2.0.jar:/home/user/.m2/repository/org/apache/hadoop/hadoop-annotations/3.2.0/hadoop-annotations-3.2.0.jar:/usr/lib/jvm/java-1.8-openjdk/jre/../lib/tools.jar:/home/user/.m2/repository/commons-cli/commons-cli/1.2/commons-cli-1.2.jar:/home/user/.m2/repository/org/apache/commons/commons-math3/3.1.1/commons-math3-3.1.1.jar:/home/user/.m2/repository/org/apache/httpcomponents/httpclient/4.5.2/httpclient-4.5.2.jar:/home/user/.m2/repository/org/apache/httpcomponents/httpcore/4.4.4/httpcore-4.4.4.jar:/home/user/.m2/repository/commons-codec/commons-codec/1.11/commons-codec-1.11.jar:/home/user/.m2/repository/commons-io/commons-io/2.5/commons-io-2.5.jar:/home/user/.m2/repository/commons-net/commons-net/3.6/commons-net-3.6.jar:/home/user/.m2/repository/commons-collections/commons-collections/3.2.2/commons-collections-3.2.2.jar:/home/user/.m2/repository/javax/servlet/javax.servlet-api/3.1.0/javax.servlet-api-3.1.0.jar:/home/user/.m2/repository/org/eclipse/jetty/jetty-server/9.3.24.v20180605/jetty-server-9.3.24.v20180605.jar:/home/user/.m2/repository/org/eclipse/jetty/jetty-http/9.3.24.v20180605/jetty-http-9.3.24.v20180605.jar:/home/user/.m2/repository/org/eclipse/jetty/jetty-io/9.3.24.v20180605/jetty-io-9.3.24.v20180605.jar:/home/user/.m2/repository/org/eclipse/jetty/jetty-util/9.3.24.v20180605/jetty-util-9.3.24.v20180605.jar:/home/user/.m2/repository/org/eclipse/jetty/jetty-servlet/9.3.24.v20180605/jetty-servlet-9.3.24.v20180605.jar:/home/user/.m2/repository/org/eclipse/jetty/jetty-security/9.3.24.v20180605/jetty-security-9.3.24.v20180605.jar:/home/user/.m2/repository/org/eclipse/jetty/jetty-webapp/9.3.24.v20180605/jetty-webapp-9.3.24.v20180605.jar:/home/user/.m2/repository/org/eclipse/jetty/jetty-xml/9.3.24.v20180605/jetty-xml-9.3.24.v20180605.jar:/home/user/.m2/repository/javax/servlet/jsp/jsp-api/2.1/jsp-api-2.1.jar:/home/user/.m2/repository/com/sun/jersey/jersey-core/1.19/jersey-core-1.19.jar:/home/user/.m2/repository/javax/ws/rs/jsr311-api/1.1.1/jsr311-api-1.1.1.jar:/home/user/.m2/repository/com/sun/jersey/jersey-servlet/1.19/jersey-servlet-1.19.jar:/home/user/.m2/repository/com/sun/jersey/jersey-json/1.19/jersey-json-1.19.jar:/home/user/.m2/repository/org/codehaus/jettison/jettison/1.1/jettison-1.1.jar:/home/user/.m2/repository/com/sun/xml/bind/jaxb-impl/2.3.0.1/jaxb-impl-2.3.0.1.jar:/home/user/.m2/repository/org/codehaus/jackson/jackson-core-asl/1.9.13/jackson-core-asl-1.9.13.jar:/home/user/.m2/repository/org/codehaus/jackson/jackson-mapper-asl/1.9.13/jackson-mapper-asl-1.9.13.jar:/home/user/.m2/repository/org/codehaus/jackson/jackson-jaxrs/1.9.13/jackson-jaxrs-1.9.13.jar:/home/user/.m2/repository/org/codehaus/jackson/jackson-xc/1.9.13/jackson-xc-1.9.13.jar:/home/user/.m2/repository/com/sun/jersey/jersey-server/1.19/jersey-server-1.19.jar:/home/user/.m2/repository/commons-logging/commons-logging/1.1.3/commons-logging-1.1.3.jar:/home/user/.m2/repository/log4j/log4j/1.2.17/log4j-1.2.17.jar:/home/user/.m2/repository/commons-beanutils/commons-beanutils/1.9.3/commons-beanutils-1.9.3.jar:/home/user/.m2/repository/org/apache/commons/commons-configuration2/2.1.1/commons-configuration2-2.1.1.jar:/home/user/.m2/repository/org/apache/commons/commons-lang3/3.7/commons-lang3-3.7.jar:/home/user/.m2/repository/org/apache/commons/commons-text/1.4/commons-text-1.4.jar:/home/user/.m2/repository/org/slf4j/slf4j-api/1.7.25/slf4j-api-1.7.25.jar:/home/user/.m2/repository/org/slf4j/slf4j-log4j12/1.7.25/slf4j-log4j12-1.7.25.jar:/home/user/.m2/repository/org/apache/avro/avro/1.7.7/avro-1.7.7.jar:/home/user/.m2/repository/com/thoughtworks/paranamer/paranamer/2.3/paranamer-2.3.jar:/home/user/.m2/repository/org/xerial/snappy/snappy-java/1.0.5/snappy-java-1.0.5.jar:/home/user/.m2/repository/com/google/re2j/re2j/1.1/re2j-1.1.jar:/home/user/.m2/repository/com/google/code/gson/gson/2.2.4/gson-2.2.4.jar:/home/user/.m2/repository/org/apache/hadoop/hadoop-auth/3.2.0/hadoop-auth-3.2.0.jar:/home/user/.m2/repository/com/nimbusds/nimbus-jose-jwt/4.41.1/nimbus-jose-jwt-4.41.1.jar:/home/user/.m2/repository/com/github/stephenc/jcip/jcip-annotations/1.0-1/jcip-annotations-1.0-1.jar:/home/user/.m2/repository/net/minidev/json-smart/2.3/json-smart-2.3.jar:/home/user/.m2/repository/net/minidev/accessors-smart/1.2/accessors-smart-1.2.jar:/home/user/.m2/repository/org/apache/curator/curator-framework/2.12.0/curator-framework-2.12.0.jar:/home/user/.m2/repository/com/jcraft/jsch/0.1.54/jsch-0.1.54.jar:/home/user/.m2/repository/org/apache/curator/curator-client/2.12.0/curator-client-2.12.0.jar:/home/user/.m2/repository/org/apache/curator/curator-recipes/2.12.0/curator-recipes-2.12.0.jar:/home/user/.m2/repository/com/google/code/findbugs/jsr305/3.0.0/jsr305-3.0.0.jar:/home/user/.m2/repository/org/apache/htrace/htrace-core4/4.1.0-incubating/htrace-core4-4.1.0-incubating.jar:/home/user/.m2/repository/org/apache/zookeeper/zookeeper/3.4.13/zookeeper-3.4.13.jar:/home/user/.m2/repository/org/apache/yetus/audience-annotations/0.5.0/audience-annotations-0.5.0.jar:/home/user/.m2/repository/org/apache/kerby/kerb-simplekdc/1.0.1/kerb-simplekdc-1.0.1.jar:/home/user/.m2/repository/org/apache/kerby/kerb-client/1.0.1/kerb-client-1.0.1.jar:/home/user/.m2/repository/org/apache/kerby/kerby-config/1.0.1/kerby-config-1.0.1.jar:/home/user/.m2/repository/org/apache/kerby/kerb-core/1.0.1/kerb-core-1.0.1.jar:/home/user/.m2/repository/org/apache/kerby/kerby-pkix/1.0.1/kerby-pkix-1.0.1.jar:/home/user/.m2/repository/org/apache/kerby/kerby-asn1/1.0.1/kerby-asn1-1.0.1.jar:/home/user/.m2/repository/org/apache/kerby/kerby-util/1.0.1/kerby-util-1.0.1.jar:/home/user/.m2/repository/org/apache/kerby/kerb-common/1.0.1/kerb-common-1.0.1.jar:/home/user/.m2/repository/org/apache/kerby/kerb-crypto/1.0.1/kerb-crypto-1.0.1.jar:/home/user/.m2/repository/org/apache/kerby/kerb-util/1.0.1/kerb-util-1.0.1.jar:/home/user/.m2/repository/org/apache/kerby/token-provider/1.0.1/token-provider-1.0.1.jar:/home/user/.m2/repository/org/apache/kerby/kerb-admin/1.0.1/kerb-admin-1.0.1.jar:/home/user/.m2/repository/org/apache/kerby/kerb-server/1.0.1/kerb-server-1.0.1.jar:/home/user/.m2/repository/org/apache/kerby/kerb-identity/1.0.1/kerb-identity-1.0.1.jar:/home/user/.m2/repository/org/apache/kerby/kerby-xdr/1.0.1/kerby-xdr-1.0.1.jar:/home/user/.m2/repository/com/fasterxml/jackson/core/jackson-databind/2.9.5/jackson-databind-2.9.5.jar:/home/user/.m2/repository/com/fasterxml/jackson/core/jackson-core/2.9.5/jackson-core-2.9.5.jar:/home/user/.m2/repository/org/codehaus/woodstox/stax2-api/3.1.4/stax2-api-3.1.4.jar:/home/user/.m2/repository/com/fasterxml/woodstox/woodstox-core/5.0.3/woodstox-core-5.0.3.jar:/home/user/.m2/repository/dnsjava/dnsjava/2.1.7/dnsjava-2.1.7.jar:/home/user/.m2/repository/org/apache/hadoop/hadoop-hdfs/3.2.0/hadoop-hdfs-3.2.0.jar:/home/user/.m2/repository/org/eclipse/jetty/jetty-util-ajax/9.3.24.v20180605/jetty-util-ajax-9.3.24.v20180605.jar:/home/user/.m2/repository/commons-daemon/commons-daemon/1.0.13/commons-daemon-1.0.13.jar:/home/user/.m2/repository/io/netty/netty/3.10.5.Final/netty-3.10.5.Final.jar:/home/user/.m2/repository/io/netty/netty-all/4.0.52.Final/netty-all-4.0.52.Final.jar:/home/user/.m2/repository/org/fusesource/leveldbjni/leveldbjni-all/1.8/leveldbjni-all-1.8.jar:/home/user/.m2/repository/com/sun/xml/bind/jaxb-core/2.3.0.1/jaxb-core-2.3.0.1.jar:/home/user/.m2/repository/javax/xml/bind/jaxb-api/2.3.0/jaxb-api-2.3.0.jar:/home/user/.m2/repository/javax/activation/activation/1.1.1/activation-1.1.1.jar:/home/user/.m2/repository/io/dropwizard/metrics/metrics-core/3.2.4/metrics-core-3.2.4.jar:/home/user/.m2/repository/org/openjdk/jmh/jmh-core/1.19/jmh-core-1.19.jar:/home/user/.m2/repository/net/sf/jopt-simple/jopt-simple/4.6/jopt-simple-4.6.jar:/home/user/.m2/repository/org/openjdk/jmh/jmh-generator-annprocess/1.19/jmh-generator-annprocess-1.19.jar:/home/user/.m2/repository/com/google/code/findbugs/findbugs/3.0.1/findbugs-3.0.1.jar:/home/user/.m2/repository/net/jcip/jcip-annotations/1.0/jcip-annotations-1.0.jar:/home/user/.m2/repository/com/google/code/findbugs/bcel-findbugs/6.0/bcel-findbugs-6.0.jar:/home/user/.m2/repository/com/google/code/findbugs/jFormatString/2.0.1/jFormatString-2.0.1.jar:/home/user/.m2/repository/dom4j/dom4j/1.6.1/dom4j-1.6.1.jar:/home/user/.m2/repository/xml-apis/xml-apis/1.0.b2/xml-apis-1.0.b2.jar:/home/user/.m2/repository/org/ow2/asm/asm-debug-all/5.0.2/asm-debug-all-5.0.2.jar:/home/user/.m2/repository/org/ow2/asm/asm-commons/5.0.2/asm-commons-5.0.2.jar:/home/user/.m2/repository/org/ow2/asm/asm-tree/5.0.2/asm-tree-5.0.2.jar:/home/user/.m2/repository/org/ow2/asm/asm/5.0.4/asm-5.0.4.jar:/home/user/.m2/repository/commons-lang/commons-lang/2.6/commons-lang-2.6.jar:/home/user/.m2/repository/com/apple/AppleJavaExtensions/1.4/AppleJavaExtensions-1.4.jar:/home/user/.m2/repository/jaxen/jaxen/1.1.6/jaxen-1.1.6.jar:/home/user/.m2/repository/junit/junit/4.11/junit-4.11.jar:/home/user/.m2/repository/org/hamcrest/hamcrest-core/1.3/hamcrest-core-1.3.jar:/home/user/.m2/repository/org/apache/hadoop/hadoop-common/3.2.0/hadoop-common-3.2.0-tests.jar:/home/user/.m2/repository/org/apache/hadoop/hadoop-ozone-integration-test/0.5.0-SNAPSHOT/hadoop-ozone-integration-test-0.5.0-SNAPSHOT-tests.jar:/tmp/workdir/hadoop-ozone/objectstore-service/target/classes:/tmp/workdir/hadoop-ozone/s3gateway/target/classes:/home/user/.m2/repository/org/jboss/weld/servlet/weld-servlet/2.4.7.Final/weld-servlet-2.4.7.Final.jar:/home/user/.m2/repository/org/glassfish/jersey/containers/jersey-container-servlet-core/2.27/jersey-container-servlet-core-2.27.jar:/home/user/.m2/repository/org/glassfish/hk2/external/javax.inject/2.5.0-b42/javax.inject-2.5.0-b42.jar:/home/user/.m2/repository/org/glassfish/jersey/core/jersey-common/2.27/jersey-common-2.27.jar:/home/user/.m2/repository/org/glassfish/hk2/osgi-resource-locator/1.0.1/osgi-resource-locator-1.0.1.jar:/home/user/.m2/repository/javax/ws/rs/javax.ws.rs-api/2.1/javax.ws.rs-api-2.1.jar:/home/user/.m2/repository/org/glassfish/jersey/ext/cdi/jersey-cdi1x/2.27/jersey-cdi1x-2.27.jar:/home/user/.m2/repository/org/glassfish/jersey/inject/jersey-hk2/2.27/jersey-hk2-2.27.jar:/home/user/.m2/repository/org/glassfish/hk2/hk2-locator/2.5.0-b42/hk2-locator-2.5.0-b42.jar:/home/user/.m2/repository/org/javassist/javassist/3.22.0-CR2/javassist-3.22.0-CR2.jar:/home/user/.m2/repository/org/glassfish/hk2/hk2-api/2.5.0/hk2-api-2.5.0.jar:/home/user/.m2/repository/org/glassfish/hk2/external/jakarta.inject/2.5.0/jakarta.inject-2.5.0.jar:/home/user/.m2/repository/org/glassfish/hk2/hk2-utils/2.5.0/hk2-utils-2.5.0.jar:/home/user/.m2/repository/jakarta/annotation/jakarta.annotation-api/1.3.4/jakarta.annotation-api-1.3.4.jar:/home/user/.m2/repository/org/glassfish/hk2/external/aopalliance-repackaged/2.5.0/aopalliance-repackaged-2.5.0.jar:/home/user/.m2/repository/com/fasterxml/jackson/dataformat/jackson-dataformat-xml/2.9.0/jackson-dataformat-xml-2.9.0.jar:/home/user/.m2/repository/com/fasterxml/jackson/module/jackson-module-jaxb-annotations/2.9.5/jackson-module-jaxb-annotations-2.9.5.jar:/home/user/.m2/repository/javax/enterprise/cdi-api/1.2/cdi-api-1.2.jar:/home/user/.m2/repository/javax/el/javax.el-api/3.0.0/javax.el-api-3.0.0.jar:/home/user/.m2/repository/javax/interceptor/javax.interceptor-api/1.2/javax.interceptor-api-1.2.jar:/home/user/.m2/repository/javax/inject/javax.inject/1/javax.inject-1.jar:/tmp/workdir/hadoop-ozone/csi/target/classes:/home/user/.m2/repository/com/google/protobuf/protobuf-java-util/3.5.1/protobuf-java-util-3.5.1.jar:/home/user/.m2/repository/io/grpc/grpc-netty/1.17.1/grpc-netty-1.17.1.jar:/home/user/.m2/repository/io/grpc/grpc-core/1.17.1/grpc-core-1.17.1.jar:/home/user/.m2/repository/io/grpc/grpc-context/1.17.1/grpc-context-1.17.1.jar:/home/user/.m2/repository/com/google/errorprone/error_prone_annotations/2.2.0/error_prone_annotations-2.2.0.jar:/home/user/.m2/repository/org/codehaus/mojo/animal-sniffer-annotations/1.17/animal-sniffer-annotations-1.17.jar:/home/user/.m2/repository/io/opencensus/opencensus-api/0.17.0/opencensus-api-0.17.0.jar:/home/user/.m2/repository/io/opencensus/opencensus-contrib-grpc-metrics/0.17.0/opencensus-contrib-grpc-metrics-0.17.0.jar:/home/user/.m2/repository/io/netty/netty-codec-http2/4.1.30.Final/netty-codec-http2-4.1.30.Final.jar:/home/user/.m2/repository/io/netty/netty-codec-http/4.1.30.Final/netty-codec-http-4.1.30.Final.jar:/home/user/.m2/repository/io/netty/netty-codec/4.1.30.Final/netty-codec-4.1.30.Final.jar:/home/user/.m2/repository/io/netty/netty-handler/4.1.30.Final/netty-handler-4.1.30.Final.jar:/home/user/.m2/repository/io/netty/netty-handler-proxy/4.1.30.Final/netty-handler-proxy-4.1.30.Final.jar:/home/user/.m2/repository/io/netty/netty-codec-socks/4.1.30.Final/netty-codec-socks-4.1.30.Final.jar:/home/user/.m2/repository/io/netty/netty-transport-native-epoll/4.1.30.Final/netty-transport-native-epoll-4.1.30.Final.jar:/home/user/.m2/repository/io/netty/netty-common/4.1.30.Final/netty-common-4.1.30.Final.jar:/home/user/.m2/repository/io/netty/netty-buffer/4.1.30.Final/netty-buffer-4.1.30.Final.jar:/home/user/.m2/repository/io/netty/netty-transport/4.1.30.Final/netty-transport-4.1.30.Final.jar:/home/user/.m2/repository/io/netty/netty-resolver/4.1.30.Final/netty-resolver-4.1.30.Final.jar:/home/user/.m2/repository/io/netty/netty-transport-native-unix-common/4.1.30.Final/netty-transport-native-unix-common-4.1.30.Final.jar:/home/user/.m2/repository/io/grpc/grpc-protobuf/1.17.1/grpc-protobuf-1.17.1.jar:/home/user/.m2/repository/com/google/api/grpc/proto-google-common-protos/1.0.0/proto-google-common-protos-1.0.0.jar:/home/user/.m2/repository/io/grpc/grpc-protobuf-lite/1.17.1/grpc-protobuf-lite-1.17.1.jar:/home/user/.m2/repository/io/grpc/grpc-stub/1.17.1/grpc-stub-1.17.1.jar:/tmp/workdir/hadoop-ozone/ozone-recon/target/classes:/tmp/workdir/hadoop-ozone/ozone-recon-codegen/target/classes:/home/user/.m2/repository/com/google/inject/extensions/guice-multibindings/4.0/guice-multibindings-4.0.jar:/home/user/.m2/repository/com/google/inject/guice/4.0/guice-4.0.jar:/home/user/.m2/repository/aopalliance/aopalliance/1.0/aopalliance-1.0.jar:/home/user/.m2/repository/com/google/inject/extensions/guice-servlet/4.0/guice-servlet-4.0.jar:/home/user/.m2/repository/org/glassfish/jersey/containers/jersey-container-servlet/2.27/jersey-container-servlet-2.27.jar:/home/user/.m2/repository/org/glassfish/hk2/guice-bridge/2.5.0/guice-bridge-2.5.0.jar:/home/user/.m2/repository/org/glassfish/jersey/core/jersey-server/2.27/jersey-server-2.27.jar:/home/user/.m2/repository/org/glassfish/jersey/core/jersey-client/2.27/jersey-client-2.27.jar:/home/user/.m2/repository/org/glassfish/jersey/media/jersey-media-jaxb/2.27/jersey-media-jaxb-2.27.jar:/home/user/.m2/repository/javax/validation/validation-api/1.1.0.Final/validation-api-1.1.0.Final.jar:/home/user/.m2/repository/org/glassfish/jersey/media/jersey-media-json-jackson/2.27/jersey-media-json-jackson-2.27.jar:/home/user/.m2/repository/org/glassfish/jersey/ext/jersey-entity-filtering/2.27/jersey-entity-filtering-2.27.jar:/home/user/.m2/repository/com/google/inject/extensions/guice-assistedinject/4.0/guice-assistedinject-4.0.jar:/home/user/.m2/repository/org/jooq/jooq/3.11.10/jooq-3.11.10.jar:/home/user/.m2/repository/org/jooq/jooq-meta/3.11.10/jooq-meta-3.11.10.jar:/home/user/.m2/repository/org/jooq/jooq-codegen/3.11.10/jooq-codegen-3.11.10.jar:/home/user/.m2/repository/com/jolbox/bonecp/0.8.0.RELEASE/bonecp-0.8.0.RELEASE.jar:/home/user/.m2/repository/org/springframework/spring-jdbc/5.1.3.RELEASE/spring-jdbc-5.1.3.RELEASE.jar:/home/user/.m2/repository/org/springframework/spring-beans/5.1.3.RELEASE/spring-beans-5.1.3.RELEASE.jar:/home/user/.m2/repository/org/springframework/spring-core/5.1.3.RELEASE/spring-core-5.1.3.RELEASE.jar:/home/user/.m2/repository/org/springframework/spring-jcl/5.1.3.RELEASE/spring-jcl-5.1.3.RELEASE.jar:/home/user/.m2/repository/org/springframework/spring-tx/5.1.3.RELEASE/spring-tx-5.1.3.RELEASE.jar:/home/user/.m2/repository/org/mockito/mockito-core/2.15.0/mockito-core-2.15.0.jar:/home/user/.m2/repository/net/bytebuddy/byte-buddy/1.7.9/byte-buddy-1.7.9.jar:/home/user/.m2/repository/net/bytebuddy/byte-buddy-agent/1.7.9/byte-buddy-agent-1.7.9.jar:/home/user/.m2/repository/org/objenesis/objenesis/1.0/objenesis-1.0.jar:"/>
    <property name="java.vm.vendor" value="IcedTea"/>
    <property name="sun.arch.data.model" value="64"/>
    <property name="test.build.dir" value="/tmp/workdir/hadoop-ozone/tools/target/test-dir"/>
    <property name="test.cache.data" value=""/>
    <property name="java.vendor.url" value="https://icedtea.classpath.org"/>
    <property name="user.timezone" value=""/>
    <property name="java.vm.specification.version" value="1.8"/>
    <property name="os.name" value="Linux"/>
    <property name="test.build.data" value="/tmp/workdir/hadoop-ozone/tools/target/test-dir"/>
    <property name="user.country" value="US"/>
    <property name="sun.java.launcher" value="SUN_STANDARD"/>
    <property name="sun.boot.library.path" value="/usr/lib/jvm/java-1.8-openjdk/jre/lib/amd64"/>
    <property name="sun.java.command" value="/tmp/workdir/hadoop-ozone/tools/target/surefire/surefirebooter8699931050543684066.jar /tmp/workdir/hadoop-ozone/tools/target/surefire 2019-07-10T04-43-09_242-jvmRun1 surefire3064818052547753798tmp surefire_1012248066856646100941tmp"/>
    <property name="surefire.test.class.path" value="/tmp/workdir/hadoop-ozone/tools/target/test-classes:/tmp/workdir/hadoop-ozone/tools/target/classes:/tmp/workdir/hadoop-ozone/ozone-manager/target/classes:/tmp/workdir/hadoop-hdds/docs/target/classes:/home/user/.m2/repository/org/bouncycastle/bcprov-jdk15on/1.60/bcprov-jdk15on-1.60.jar:/tmp/workdir/hadoop-ozone/common/target/classes:/home/user/.m2/repository/org/apache/commons/commons-compress/1.4.1/commons-compress-1.4.1.jar:/home/user/.m2/repository/org/tukaani/xz/1.0/xz-1.0.jar:/home/user/.m2/repository/org/apache/hadoop/hadoop-hdfs-client/3.2.0/hadoop-hdfs-client-3.2.0.jar:/home/user/.m2/repository/com/fasterxml/jackson/core/jackson-annotations/2.9.5/jackson-annotations-2.9.5.jar:/tmp/workdir/hadoop-hdds/common/target/classes:/tmp/workdir/hadoop-hdds/config/target/classes:/home/user/.m2/repository/javax/annotation/javax.annotation-api/1.2/javax.annotation-api-1.2.jar:/home/user/.m2/repository/org/apache/ratis/ratis-server/0.4.0-2337318-SNAPSHOT/ratis-server-0.4.0-2337318-SNAPSHOT.jar:/home/user/.m2/repository/org/apache/ratis/ratis-thirdparty-misc/0.2.0/ratis-thirdparty-misc-0.2.0.jar:/home/user/.m2/repository/org/apache/ratis/ratis-proto/0.4.0-2337318-SNAPSHOT/ratis-proto-0.4.0-2337318-SNAPSHOT.jar:/home/user/.m2/repository/org/apache/ratis/ratis-common/0.4.0-2337318-SNAPSHOT/ratis-common-0.4.0-2337318-SNAPSHOT.jar:/home/user/.m2/repository/org/apache/ratis/ratis-client/0.4.0-2337318-SNAPSHOT/ratis-client-0.4.0-2337318-SNAPSHOT.jar:/home/user/.m2/repository/org/apache/ratis/ratis-metrics/0.4.0-2337318-SNAPSHOT/ratis-metrics-0.4.0-2337318-SNAPSHOT.jar:/home/user/.m2/repository/org/apache/ratis/ratis-netty/0.4.0-2337318-SNAPSHOT/ratis-netty-0.4.0-2337318-SNAPSHOT.jar:/home/user/.m2/repository/org/apache/ratis/ratis-grpc/0.4.0-2337318-SNAPSHOT/ratis-grpc-0.4.0-2337318-SNAPSHOT.jar:/home/user/.m2/repository/org/rocksdb/rocksdbjni/6.0.1/rocksdbjni-6.0.1.jar:/home/user/.m2/repository/org/apache/logging/log4j/log4j-api/2.11.0/log4j-api-2.11.0.jar:/home/user/.m2/repository/org/apache/logging/log4j/log4j-core/2.11.0/log4j-core-2.11.0.jar:/home/user/.m2/repository/com/lmax/disruptor/3.4.2/disruptor-3.4.2.jar:/home/user/.m2/repository/org/apache/commons/commons-pool2/2.6.0/commons-pool2-2.6.0.jar:/home/user/.m2/repository/org/bouncycastle/bcpkix-jdk15on/1.60/bcpkix-jdk15on-1.60.jar:/home/user/.m2/repository/commons-validator/commons-validator/1.6/commons-validator-1.6.jar:/home/user/.m2/repository/commons-digester/commons-digester/1.8.1/commons-digester-1.8.1.jar:/home/user/.m2/repository/io/jaegertracing/jaeger-client/0.33.1/jaeger-client-0.33.1.jar:/home/user/.m2/repository/io/jaegertracing/jaeger-thrift/0.33.1/jaeger-thrift-0.33.1.jar:/home/user/.m2/repository/org/apache/thrift/libthrift/0.11.0/libthrift-0.11.0.jar:/home/user/.m2/repository/com/squareup/okhttp3/okhttp/3.9.0/okhttp-3.9.0.jar:/home/user/.m2/repository/com/squareup/okio/okio/1.13.0/okio-1.13.0.jar:/home/user/.m2/repository/io/jaegertracing/jaeger-core/0.33.1/jaeger-core-0.33.1.jar:/home/user/.m2/repository/io/jaegertracing/jaeger-tracerresolver/0.33.1/jaeger-tracerresolver-0.33.1.jar:/home/user/.m2/repository/io/opentracing/contrib/opentracing-tracerresolver/0.1.5/opentracing-tracerresolver-0.1.5.jar:/home/user/.m2/repository/io/opentracing/opentracing-util/0.31.0/opentracing-util-0.31.0.jar:/home/user/.m2/repository/io/opentracing/opentracing-api/0.31.0/opentracing-api-0.31.0.jar:/home/user/.m2/repository/io/opentracing/opentracing-noop/0.31.0/opentracing-noop-0.31.0.jar:/home/user/.m2/repository/org/yaml/snakeyaml/1.16/snakeyaml-1.16.jar:/tmp/workdir/hadoop-hdds/container-service/target/classes:/tmp/workdir/hadoop-hdds/client/target/classes:/tmp/workdir/hadoop-hdds/tools/target/classes:/home/user/.m2/repository/org/xerial/sqlite-jdbc/3.25.2/sqlite-jdbc-3.25.2.jar:/tmp/workdir/hadoop-hdds/server-scm/target/classes:/home/user/.m2/repository/org/hamcrest/hamcrest-all/1.3/hamcrest-all-1.3.jar:/home/user/.m2/repository/info/picocli/picocli/3.9.6/picocli-3.9.6.jar:/home/user/.m2/repository/com/google/protobuf/protobuf-java/2.5.0/protobuf-java-2.5.0.jar:/home/user/.m2/repository/com/google/guava/guava/11.0.2/guava-11.0.2.jar:/tmp/workdir/hadoop-ozone/client/target/classes:/home/user/.m2/repository/org/apache/hadoop/hadoop-ozone-filesystem/0.5.0-SNAPSHOT/hadoop-ozone-filesystem-0.5.0-SNAPSHOT.jar:/tmp/workdir/hadoop-hdds/framework/target/classes:/home/user/.m2/repository/org/apache/hadoop/hadoop-common/3.2.0/hadoop-common-3.2.0.jar:/home/user/.m2/repository/org/apache/hadoop/hadoop-annotations/3.2.0/hadoop-annotations-3.2.0.jar:/usr/lib/jvm/java-1.8-openjdk/jre/../lib/tools.jar:/home/user/.m2/repository/commons-cli/commons-cli/1.2/commons-cli-1.2.jar:/home/user/.m2/repository/org/apache/commons/commons-math3/3.1.1/commons-math3-3.1.1.jar:/home/user/.m2/repository/org/apache/httpcomponents/httpclient/4.5.2/httpclient-4.5.2.jar:/home/user/.m2/repository/org/apache/httpcomponents/httpcore/4.4.4/httpcore-4.4.4.jar:/home/user/.m2/repository/commons-codec/commons-codec/1.11/commons-codec-1.11.jar:/home/user/.m2/repository/commons-io/commons-io/2.5/commons-io-2.5.jar:/home/user/.m2/repository/commons-net/commons-net/3.6/commons-net-3.6.jar:/home/user/.m2/repository/commons-collections/commons-collections/3.2.2/commons-collections-3.2.2.jar:/home/user/.m2/repository/javax/servlet/javax.servlet-api/3.1.0/javax.servlet-api-3.1.0.jar:/home/user/.m2/repository/org/eclipse/jetty/jetty-server/9.3.24.v20180605/jetty-server-9.3.24.v20180605.jar:/home/user/.m2/repository/org/eclipse/jetty/jetty-http/9.3.24.v20180605/jetty-http-9.3.24.v20180605.jar:/home/user/.m2/repository/org/eclipse/jetty/jetty-io/9.3.24.v20180605/jetty-io-9.3.24.v20180605.jar:/home/user/.m2/repository/org/eclipse/jetty/jetty-util/9.3.24.v20180605/jetty-util-9.3.24.v20180605.jar:/home/user/.m2/repository/org/eclipse/jetty/jetty-servlet/9.3.24.v20180605/jetty-servlet-9.3.24.v20180605.jar:/home/user/.m2/repository/org/eclipse/jetty/jetty-security/9.3.24.v20180605/jetty-security-9.3.24.v20180605.jar:/home/user/.m2/repository/org/eclipse/jetty/jetty-webapp/9.3.24.v20180605/jetty-webapp-9.3.24.v20180605.jar:/home/user/.m2/repository/org/eclipse/jetty/jetty-xml/9.3.24.v20180605/jetty-xml-9.3.24.v20180605.jar:/home/user/.m2/repository/javax/servlet/jsp/jsp-api/2.1/jsp-api-2.1.jar:/home/user/.m2/repository/com/sun/jersey/jersey-core/1.19/jersey-core-1.19.jar:/home/user/.m2/repository/javax/ws/rs/jsr311-api/1.1.1/jsr311-api-1.1.1.jar:/home/user/.m2/repository/com/sun/jersey/jersey-servlet/1.19/jersey-servlet-1.19.jar:/home/user/.m2/repository/com/sun/jersey/jersey-json/1.19/jersey-json-1.19.jar:/home/user/.m2/repository/org/codehaus/jettison/jettison/1.1/jettison-1.1.jar:/home/user/.m2/repository/com/sun/xml/bind/jaxb-impl/2.3.0.1/jaxb-impl-2.3.0.1.jar:/home/user/.m2/repository/org/codehaus/jackson/jackson-core-asl/1.9.13/jackson-core-asl-1.9.13.jar:/home/user/.m2/repository/org/codehaus/jackson/jackson-mapper-asl/1.9.13/jackson-mapper-asl-1.9.13.jar:/home/user/.m2/repository/org/codehaus/jackson/jackson-jaxrs/1.9.13/jackson-jaxrs-1.9.13.jar:/home/user/.m2/repository/org/codehaus/jackson/jackson-xc/1.9.13/jackson-xc-1.9.13.jar:/home/user/.m2/repository/com/sun/jersey/jersey-server/1.19/jersey-server-1.19.jar:/home/user/.m2/repository/commons-logging/commons-logging/1.1.3/commons-logging-1.1.3.jar:/home/user/.m2/repository/log4j/log4j/1.2.17/log4j-1.2.17.jar:/home/user/.m2/repository/commons-beanutils/commons-beanutils/1.9.3/commons-beanutils-1.9.3.jar:/home/user/.m2/repository/org/apache/commons/commons-configuration2/2.1.1/commons-configuration2-2.1.1.jar:/home/user/.m2/repository/org/apache/commons/commons-lang3/3.7/commons-lang3-3.7.jar:/home/user/.m2/repository/org/apache/commons/commons-text/1.4/commons-text-1.4.jar:/home/user/.m2/repository/org/slf4j/slf4j-api/1.7.25/slf4j-api-1.7.25.jar:/home/user/.m2/repository/org/slf4j/slf4j-log4j12/1.7.25/slf4j-log4j12-1.7.25.jar:/home/user/.m2/repository/org/apache/avro/avro/1.7.7/avro-1.7.7.jar:/home/user/.m2/repository/com/thoughtworks/paranamer/paranamer/2.3/paranamer-2.3.jar:/home/user/.m2/repository/org/xerial/snappy/snappy-java/1.0.5/snappy-java-1.0.5.jar:/home/user/.m2/repository/com/google/re2j/re2j/1.1/re2j-1.1.jar:/home/user/.m2/repository/com/google/code/gson/gson/2.2.4/gson-2.2.4.jar:/home/user/.m2/repository/org/apache/hadoop/hadoop-auth/3.2.0/hadoop-auth-3.2.0.jar:/home/user/.m2/repository/com/nimbusds/nimbus-jose-jwt/4.41.1/nimbus-jose-jwt-4.41.1.jar:/home/user/.m2/repository/com/github/stephenc/jcip/jcip-annotations/1.0-1/jcip-annotations-1.0-1.jar:/home/user/.m2/repository/net/minidev/json-smart/2.3/json-smart-2.3.jar:/home/user/.m2/repository/net/minidev/accessors-smart/1.2/accessors-smart-1.2.jar:/home/user/.m2/repository/org/apache/curator/curator-framework/2.12.0/curator-framework-2.12.0.jar:/home/user/.m2/repository/com/jcraft/jsch/0.1.54/jsch-0.1.54.jar:/home/user/.m2/repository/org/apache/curator/curator-client/2.12.0/curator-client-2.12.0.jar:/home/user/.m2/repository/org/apache/curator/curator-recipes/2.12.0/curator-recipes-2.12.0.jar:/home/user/.m2/repository/com/google/code/findbugs/jsr305/3.0.0/jsr305-3.0.0.jar:/home/user/.m2/repository/org/apache/htrace/htrace-core4/4.1.0-incubating/htrace-core4-4.1.0-incubating.jar:/home/user/.m2/repository/org/apache/zookeeper/zookeeper/3.4.13/zookeeper-3.4.13.jar:/home/user/.m2/repository/org/apache/yetus/audience-annotations/0.5.0/audience-annotations-0.5.0.jar:/home/user/.m2/repository/org/apache/kerby/kerb-simplekdc/1.0.1/kerb-simplekdc-1.0.1.jar:/home/user/.m2/repository/org/apache/kerby/kerb-client/1.0.1/kerb-client-1.0.1.jar:/home/user/.m2/repository/org/apache/kerby/kerby-config/1.0.1/kerby-config-1.0.1.jar:/home/user/.m2/repository/org/apache/kerby/kerb-core/1.0.1/kerb-core-1.0.1.jar:/home/user/.m2/repository/org/apache/kerby/kerby-pkix/1.0.1/kerby-pkix-1.0.1.jar:/home/user/.m2/repository/org/apache/kerby/kerby-asn1/1.0.1/kerby-asn1-1.0.1.jar:/home/user/.m2/repository/org/apache/kerby/kerby-util/1.0.1/kerby-util-1.0.1.jar:/home/user/.m2/repository/org/apache/kerby/kerb-common/1.0.1/kerb-common-1.0.1.jar:/home/user/.m2/repository/org/apache/kerby/kerb-crypto/1.0.1/kerb-crypto-1.0.1.jar:/home/user/.m2/repository/org/apache/kerby/kerb-util/1.0.1/kerb-util-1.0.1.jar:/home/user/.m2/repository/org/apache/kerby/token-provider/1.0.1/token-provider-1.0.1.jar:/home/user/.m2/repository/org/apache/kerby/kerb-admin/1.0.1/kerb-admin-1.0.1.jar:/home/user/.m2/repository/org/apache/kerby/kerb-server/1.0.1/kerb-server-1.0.1.jar:/home/user/.m2/repository/org/apache/kerby/kerb-identity/1.0.1/kerb-identity-1.0.1.jar:/home/user/.m2/repository/org/apache/kerby/kerby-xdr/1.0.1/kerby-xdr-1.0.1.jar:/home/user/.m2/repository/com/fasterxml/jackson/core/jackson-databind/2.9.5/jackson-databind-2.9.5.jar:/home/user/.m2/repository/com/fasterxml/jackson/core/jackson-core/2.9.5/jackson-core-2.9.5.jar:/home/user/.m2/repository/org/codehaus/woodstox/stax2-api/3.1.4/stax2-api-3.1.4.jar:/home/user/.m2/repository/com/fasterxml/woodstox/woodstox-core/5.0.3/woodstox-core-5.0.3.jar:/home/user/.m2/repository/dnsjava/dnsjava/2.1.7/dnsjava-2.1.7.jar:/home/user/.m2/repository/org/apache/hadoop/hadoop-hdfs/3.2.0/hadoop-hdfs-3.2.0.jar:/home/user/.m2/repository/org/eclipse/jetty/jetty-util-ajax/9.3.24.v20180605/jetty-util-ajax-9.3.24.v20180605.jar:/home/user/.m2/repository/commons-daemon/commons-daemon/1.0.13/commons-daemon-1.0.13.jar:/home/user/.m2/repository/io/netty/netty/3.10.5.Final/netty-3.10.5.Final.jar:/home/user/.m2/repository/io/netty/netty-all/4.0.52.Final/netty-all-4.0.52.Final.jar:/home/user/.m2/repository/org/fusesource/leveldbjni/leveldbjni-all/1.8/leveldbjni-all-1.8.jar:/home/user/.m2/repository/com/sun/xml/bind/jaxb-core/2.3.0.1/jaxb-core-2.3.0.1.jar:/home/user/.m2/repository/javax/xml/bind/jaxb-api/2.3.0/jaxb-api-2.3.0.jar:/home/user/.m2/repository/javax/activation/activation/1.1.1/activation-1.1.1.jar:/home/user/.m2/repository/io/dropwizard/metrics/metrics-core/3.2.4/metrics-core-3.2.4.jar:/home/user/.m2/repository/org/openjdk/jmh/jmh-core/1.19/jmh-core-1.19.jar:/home/user/.m2/repository/net/sf/jopt-simple/jopt-simple/4.6/jopt-simple-4.6.jar:/home/user/.m2/repository/org/openjdk/jmh/jmh-generator-annprocess/1.19/jmh-generator-annprocess-1.19.jar:/home/user/.m2/repository/com/google/code/findbugs/findbugs/3.0.1/findbugs-3.0.1.jar:/home/user/.m2/repository/net/jcip/jcip-annotations/1.0/jcip-annotations-1.0.jar:/home/user/.m2/repository/com/google/code/findbugs/bcel-findbugs/6.0/bcel-findbugs-6.0.jar:/home/user/.m2/repository/com/google/code/findbugs/jFormatString/2.0.1/jFormatString-2.0.1.jar:/home/user/.m2/repository/dom4j/dom4j/1.6.1/dom4j-1.6.1.jar:/home/user/.m2/repository/xml-apis/xml-apis/1.0.b2/xml-apis-1.0.b2.jar:/home/user/.m2/repository/org/ow2/asm/asm-debug-all/5.0.2/asm-debug-all-5.0.2.jar:/home/user/.m2/repository/org/ow2/asm/asm-commons/5.0.2/asm-commons-5.0.2.jar:/home/user/.m2/repository/org/ow2/asm/asm-tree/5.0.2/asm-tree-5.0.2.jar:/home/user/.m2/repository/org/ow2/asm/asm/5.0.4/asm-5.0.4.jar:/home/user/.m2/repository/commons-lang/commons-lang/2.6/commons-lang-2.6.jar:/home/user/.m2/repository/com/apple/AppleJavaExtensions/1.4/AppleJavaExtensions-1.4.jar:/home/user/.m2/repository/jaxen/jaxen/1.1.6/jaxen-1.1.6.jar:/home/user/.m2/repository/junit/junit/4.11/junit-4.11.jar:/home/user/.m2/repository/org/hamcrest/hamcrest-core/1.3/hamcrest-core-1.3.jar:/home/user/.m2/repository/org/apache/hadoop/hadoop-common/3.2.0/hadoop-common-3.2.0-tests.jar:/home/user/.m2/repository/org/apache/hadoop/hadoop-ozone-integration-test/0.5.0-SNAPSHOT/hadoop-ozone-integration-test-0.5.0-SNAPSHOT-tests.jar:/tmp/workdir/hadoop-ozone/objectstore-service/target/classes:/tmp/workdir/hadoop-ozone/s3gateway/target/classes:/home/user/.m2/repository/org/jboss/weld/servlet/weld-servlet/2.4.7.Final/weld-servlet-2.4.7.Final.jar:/home/user/.m2/repository/org/glassfish/jersey/containers/jersey-container-servlet-core/2.27/jersey-container-servlet-core-2.27.jar:/home/user/.m2/repository/org/glassfish/hk2/external/javax.inject/2.5.0-b42/javax.inject-2.5.0-b42.jar:/home/user/.m2/repository/org/glassfish/jersey/core/jersey-common/2.27/jersey-common-2.27.jar:/home/user/.m2/repository/org/glassfish/hk2/osgi-resource-locator/1.0.1/osgi-resource-locator-1.0.1.jar:/home/user/.m2/repository/javax/ws/rs/javax.ws.rs-api/2.1/javax.ws.rs-api-2.1.jar:/home/user/.m2/repository/org/glassfish/jersey/ext/cdi/jersey-cdi1x/2.27/jersey-cdi1x-2.27.jar:/home/user/.m2/repository/org/glassfish/jersey/inject/jersey-hk2/2.27/jersey-hk2-2.27.jar:/home/user/.m2/repository/org/glassfish/hk2/hk2-locator/2.5.0-b42/hk2-locator-2.5.0-b42.jar:/home/user/.m2/repository/org/javassist/javassist/3.22.0-CR2/javassist-3.22.0-CR2.jar:/home/user/.m2/repository/org/glassfish/hk2/hk2-api/2.5.0/hk2-api-2.5.0.jar:/home/user/.m2/repository/org/glassfish/hk2/external/jakarta.inject/2.5.0/jakarta.inject-2.5.0.jar:/home/user/.m2/repository/org/glassfish/hk2/hk2-utils/2.5.0/hk2-utils-2.5.0.jar:/home/user/.m2/repository/jakarta/annotation/jakarta.annotation-api/1.3.4/jakarta.annotation-api-1.3.4.jar:/home/user/.m2/repository/org/glassfish/hk2/external/aopalliance-repackaged/2.5.0/aopalliance-repackaged-2.5.0.jar:/home/user/.m2/repository/com/fasterxml/jackson/dataformat/jackson-dataformat-xml/2.9.0/jackson-dataformat-xml-2.9.0.jar:/home/user/.m2/repository/com/fasterxml/jackson/module/jackson-module-jaxb-annotations/2.9.5/jackson-module-jaxb-annotations-2.9.5.jar:/home/user/.m2/repository/javax/enterprise/cdi-api/1.2/cdi-api-1.2.jar:/home/user/.m2/repository/javax/el/javax.el-api/3.0.0/javax.el-api-3.0.0.jar:/home/user/.m2/repository/javax/interceptor/javax.interceptor-api/1.2/javax.interceptor-api-1.2.jar:/home/user/.m2/repository/javax/inject/javax.inject/1/javax.inject-1.jar:/tmp/workdir/hadoop-ozone/csi/target/classes:/home/user/.m2/repository/com/google/protobuf/protobuf-java-util/3.5.1/protobuf-java-util-3.5.1.jar:/home/user/.m2/repository/io/grpc/grpc-netty/1.17.1/grpc-netty-1.17.1.jar:/home/user/.m2/repository/io/grpc/grpc-core/1.17.1/grpc-core-1.17.1.jar:/home/user/.m2/repository/io/grpc/grpc-context/1.17.1/grpc-context-1.17.1.jar:/home/user/.m2/repository/com/google/errorprone/error_prone_annotations/2.2.0/error_prone_annotations-2.2.0.jar:/home/user/.m2/repository/org/codehaus/mojo/animal-sniffer-annotations/1.17/animal-sniffer-annotations-1.17.jar:/home/user/.m2/repository/io/opencensus/opencensus-api/0.17.0/opencensus-api-0.17.0.jar:/home/user/.m2/repository/io/opencensus/opencensus-contrib-grpc-metrics/0.17.0/opencensus-contrib-grpc-metrics-0.17.0.jar:/home/user/.m2/repository/io/netty/netty-codec-http2/4.1.30.Final/netty-codec-http2-4.1.30.Final.jar:/home/user/.m2/repository/io/netty/netty-codec-http/4.1.30.Final/netty-codec-http-4.1.30.Final.jar:/home/user/.m2/repository/io/netty/netty-codec/4.1.30.Final/netty-codec-4.1.30.Final.jar:/home/user/.m2/repository/io/netty/netty-handler/4.1.30.Final/netty-handler-4.1.30.Final.jar:/home/user/.m2/repository/io/netty/netty-handler-proxy/4.1.30.Final/netty-handler-proxy-4.1.30.Final.jar:/home/user/.m2/repository/io/netty/netty-codec-socks/4.1.30.Final/netty-codec-socks-4.1.30.Final.jar:/home/user/.m2/repository/io/netty/netty-transport-native-epoll/4.1.30.Final/netty-transport-native-epoll-4.1.30.Final.jar:/home/user/.m2/repository/io/netty/netty-common/4.1.30.Final/netty-common-4.1.30.Final.jar:/home/user/.m2/repository/io/netty/netty-buffer/4.1.30.Final/netty-buffer-4.1.30.Final.jar:/home/user/.m2/repository/io/netty/netty-transport/4.1.30.Final/netty-transport-4.1.30.Final.jar:/home/user/.m2/repository/io/netty/netty-resolver/4.1.30.Final/netty-resolver-4.1.30.Final.jar:/home/user/.m2/repository/io/netty/netty-transport-native-unix-common/4.1.30.Final/netty-transport-native-unix-common-4.1.30.Final.jar:/home/user/.m2/repository/io/grpc/grpc-protobuf/1.17.1/grpc-protobuf-1.17.1.jar:/home/user/.m2/repository/com/google/api/grpc/proto-google-common-protos/1.0.0/proto-google-common-protos-1.0.0.jar:/home/user/.m2/repository/io/grpc/grpc-protobuf-lite/1.17.1/grpc-protobuf-lite-1.17.1.jar:/home/user/.m2/repository/io/grpc/grpc-stub/1.17.1/grpc-stub-1.17.1.jar:/tmp/workdir/hadoop-ozone/ozone-recon/target/classes:/tmp/workdir/hadoop-ozone/ozone-recon-codegen/target/classes:/home/user/.m2/repository/com/google/inject/extensions/guice-multibindings/4.0/guice-multibindings-4.0.jar:/home/user/.m2/repository/com/google/inject/guice/4.0/guice-4.0.jar:/home/user/.m2/repository/aopalliance/aopalliance/1.0/aopalliance-1.0.jar:/home/user/.m2/repository/com/google/inject/extensions/guice-servlet/4.0/guice-servlet-4.0.jar:/home/user/.m2/repository/org/glassfish/jersey/containers/jersey-container-servlet/2.27/jersey-container-servlet-2.27.jar:/home/user/.m2/repository/org/glassfish/hk2/guice-bridge/2.5.0/guice-bridge-2.5.0.jar:/home/user/.m2/repository/org/glassfish/jersey/core/jersey-server/2.27/jersey-server-2.27.jar:/home/user/.m2/repository/org/glassfish/jersey/core/jersey-client/2.27/jersey-client-2.27.jar:/home/user/.m2/repository/org/glassfish/jersey/media/jersey-media-jaxb/2.27/jersey-media-jaxb-2.27.jar:/home/user/.m2/repository/javax/validation/validation-api/1.1.0.Final/validation-api-1.1.0.Final.jar:/home/user/.m2/repository/org/glassfish/jersey/media/jersey-media-json-jackson/2.27/jersey-media-json-jackson-2.27.jar:/home/user/.m2/repository/org/glassfish/jersey/ext/jersey-entity-filtering/2.27/jersey-entity-filtering-2.27.jar:/home/user/.m2/repository/com/google/inject/extensions/guice-assistedinject/4.0/guice-assistedinject-4.0.jar:/home/user/.m2/repository/org/jooq/jooq/3.11.10/jooq-3.11.10.jar:/home/user/.m2/repository/org/jooq/jooq-meta/3.11.10/jooq-meta-3.11.10.jar:/home/user/.m2/repository/org/jooq/jooq-codegen/3.11.10/jooq-codegen-3.11.10.jar:/home/user/.m2/repository/com/jolbox/bonecp/0.8.0.RELEASE/bonecp-0.8.0.RELEASE.jar:/home/user/.m2/repository/org/springframework/spring-jdbc/5.1.3.RELEASE/spring-jdbc-5.1.3.RELEASE.jar:/home/user/.m2/repository/org/springframework/spring-beans/5.1.3.RELEASE/spring-beans-5.1.3.RELEASE.jar:/home/user/.m2/repository/org/springframework/spring-core/5.1.3.RELEASE/spring-core-5.1.3.RELEASE.jar:/home/user/.m2/repository/org/springframework/spring-jcl/5.1.3.RELEASE/spring-jcl-5.1.3.RELEASE.jar:/home/user/.m2/repository/org/springframework/spring-tx/5.1.3.RELEASE/spring-tx-5.1.3.RELEASE.jar:/home/user/.m2/repository/org/mockito/mockito-core/2.15.0/mockito-core-2.15.0.jar:/home/user/.m2/repository/net/bytebuddy/byte-buddy/1.7.9/byte-buddy-1.7.9.jar:/home/user/.m2/repository/net/bytebuddy/byte-buddy-agent/1.7.9/byte-buddy-agent-1.7.9.jar:/home/user/.m2/repository/org/objenesis/objenesis/1.0/objenesis-1.0.jar:"/>
    <property name="sun.cpu.endian" value="little"/>
    <property name="user.home" value="/home/user"/>
    <property name="user.language" value="en"/>
    <property name="java.specification.vendor" value="Oracle Corporation"/>
    <property name="java.home" value="/usr/lib/jvm/java-1.8-openjdk/jre"/>
    <property name="java.security.krb5.conf" value="/tmp/workdir/hadoop-ozone/tools/target/test-classes/krb5.conf"/>
    <property name="basedir" value="/tmp/workdir/hadoop-ozone/tools"/>
    <property name="file.separator" value="/"/>
    <property name="line.separator" value="&#10;"/>
    <property name="java.vm.specification.vendor" value="Oracle Corporation"/>
    <property name="java.specification.name" value="Java Platform API Specification"/>
    <property name="java.awt.graphicsenv" value="sun.awt.X11GraphicsEnvironment"/>
    <property name="surefire.real.class.path" value="/tmp/workdir/hadoop-ozone/tools/target/surefire/surefirebooter8699931050543684066.jar"/>
    <property name="hadoop.log.dir" value="/tmp/workdir/hadoop-ozone/tools/target/log"/>
    <property name="sun.boot.class.path" value="/usr/lib/jvm/java-1.8-openjdk/jre/lib/resources.jar:/usr/lib/jvm/java-1.8-openjdk/jre/lib/rt.jar:/usr/lib/jvm/java-1.8-openjdk/jre/lib/sunrsasign.jar:/usr/lib/jvm/java-1.8-openjdk/jre/lib/jsse.jar:/usr/lib/jvm/java-1.8-openjdk/jre/lib/jce.jar:/usr/lib/jvm/java-1.8-openjdk/jre/lib/charsets.jar:/usr/lib/jvm/java-1.8-openjdk/jre/lib/jfr.jar:/usr/lib/jvm/java-1.8-openjdk/jre/classes"/>
    <property name="sun.management.compiler" value="HotSpot 64-Bit Tiered Compilers"/>
    <property name="java.runtime.version" value="1.8.0_212-b04"/>
    <property name="java.net.preferIPv4Stack" value="true"/>
    <property name="user.name" value="jenkins1000"/>
    <property name="path.separator" value=":"/>
    <property name="java.security.egd" value="file:///dev/urandom"/>
    <property name="os.version" value="3.10.0-957.12.2.el7.x86_64"/>
    <property name="java.endorsed.dirs" value="/usr/lib/jvm/java-1.8-openjdk/jre/lib/endorsed"/>
    <property name="java.runtime.name" value="OpenJDK Runtime Environment"/>
    <property name="file.encoding" value="UTF-8"/>
    <property name="java.vm.name" value="OpenJDK 64-Bit Server VM"/>
    <property name="test.build.webapps" value=""/>
    <property name="localRepository" value="/home/user/.m2/repository"/>
    <property name="java.vendor.url.bug" value="https://icedtea.classpath.org/bugzilla"/>
    <property name="java.io.tmpdir" value="/tmp"/>
    <property name="require.test.libhadoop" value=""/>
    <property name="java.version" value="1.8.0_212"/>
    <property name="user.dir" value="/tmp/workdir/hadoop-ozone/tools"/>
    <property name="os.arch" value="amd64"/>
    <property name="java.vm.specification.name" value="Java Virtual Machine Specification"/>
    <property name="test.build.classes" value="/tmp/workdir/hadoop-ozone/tools/target/test-classes"/>
    <property name="java.awt.printerjob" value="sun.print.PSPrinterJob"/>
    <property name="sun.os.patch.level" value="unknown"/>
    <property name="hadoop.tmp.dir" value="/tmp/workdir/hadoop-ozone/tools/target/tmp"/>
    <property name="java.library.path" value="/usr/lib/jvm/java-1.8-openjdk/jre/lib/amd64/server:/usr/lib/jvm/java-1.8-openjdk/jre/lib/amd64:/usr/lib/jvm/java-1.8-openjdk/jre/../lib/amd64:/tmp/workdir/hadoop-ozone/tools/target/native/target/usr/local/lib:/tmp/workdir/hadoop-ozone/tools/../../hadoop-common-project/hadoop-common/target/native/target/usr/local/lib:/usr/java/packages/lib/amd64:/usr/lib64:/lib64:/lib:/usr/lib"/>
    <property name="java.vm.info" value="mixed mode"/>
    <property name="java.vendor" value="IcedTea"/>
    <property name="java.vm.version" value="25.212-b04"/>
    <property name="java.ext.dirs" value="/usr/lib/jvm/java-1.8-openjdk/jre/lib/ext:/usr/java/packages/lib/ext"/>
    <property name="sun.io.unicode.encoding" value="UnicodeLittle"/>
    <property name="java.class.version" value="52.0"/>
  </properties>
  <testcase name="testRestart" classname="org.apache.hadoop.ozone.freon.TestFreonWithPipelineDestroy" time="19.168">
    <error message="Unexpected Storage Container Exception: org.apache.hadoop.hdds.scm.container.common.helpers.StorageContainerException: ContainerID 5 does not exist" type="java.io.IOException">java.io.IOException: Unexpected Storage Container Exception: org.apache.hadoop.hdds.scm.container.common.helpers.StorageContainerException: ContainerID 5 does not exist
	at org.apache.hadoop.hdds.scm.storage.BlockOutputStream.setIoException(BlockOutputStream.java:548)
	at org.apache.hadoop.hdds.scm.storage.BlockOutputStream.validateResponse(BlockOutputStream.java:539)
	at org.apache.hadoop.hdds.scm.storage.BlockOutputStream.lambda$writeChunkToContainer$2(BlockOutputStream.java:614)
	at java.util.concurrent.CompletableFuture.uniApply(CompletableFuture.java:602)
	at java.util.concurrent.CompletableFuture$UniApply.tryFire(CompletableFuture.java:577)
	at java.util.concurrent.CompletableFuture$Completion.run(CompletableFuture.java:442)
	at java.util.concurrent.ThreadPoolExecutor.runWorker(ThreadPoolExecutor.java:1149)
	at java.util.concurrent.ThreadPoolExecutor$Worker.run(ThreadPoolExecutor.java:624)
	at java.lang.Thread.run(Thread.java:748)
Caused by: org.apache.hadoop.hdds.scm.container.common.helpers.StorageContainerException: ContainerID 5 does not exist
	at org.apache.hadoop.hdds.scm.storage.ContainerProtocolCalls.validateContainerResponse(ContainerProtocolCalls.java:536)
	at org.apache.hadoop.hdds.scm.storage.BlockOutputStream.validateResponse(BlockOutputStream.java:536)
	... 7 more
</error>
    <system-out><![CDATA[2019-07-10 04:52:09,206 WARN  server.ServerUtils (ServerUtils.java:getScmDbDir(145)) - ozone.scm.db.dirs is not configured. We recommend adding this setting. Falling back to ozone.metadata.dirs instead.
2019-07-10 04:52:09,303 WARN  server.ServerUtils (ServerUtils.java:getScmDbDir(145)) - ozone.scm.db.dirs is not configured. We recommend adding this setting. Falling back to ozone.metadata.dirs instead.
2019-07-10 04:52:09,306 WARN  server.ServerUtils (ServerUtils.java:getScmDbDir(145)) - ozone.scm.db.dirs is not configured. We recommend adding this setting. Falling back to ozone.metadata.dirs instead.
2019-07-10 04:52:09,321 INFO  util.log (Log.java:initialized(192)) - Logging initialized @884ms
2019-07-10 04:52:09,401 INFO  db.DBStoreBuilder (DBStoreBuilder.java:addTable(110)) - using custom profile for table: deletedBlocks
2019-07-10 04:52:09,401 INFO  db.DBStoreBuilder (DBStoreBuilder.java:processTables(161)) - Using default column profile:DBProfile.DISK for Table:deletedBlocks
2019-07-10 04:52:09,402 INFO  db.DBStoreBuilder (DBStoreBuilder.java:addTable(110)) - using custom profile for table: validCerts
2019-07-10 04:52:09,402 INFO  db.DBStoreBuilder (DBStoreBuilder.java:processTables(161)) - Using default column profile:DBProfile.DISK for Table:validCerts
2019-07-10 04:52:09,402 INFO  db.DBStoreBuilder (DBStoreBuilder.java:addTable(110)) - using custom profile for table: revokedCerts
2019-07-10 04:52:09,402 INFO  db.DBStoreBuilder (DBStoreBuilder.java:processTables(161)) - Using default column profile:DBProfile.DISK for Table:revokedCerts
2019-07-10 04:52:09,413 INFO  db.DBStoreBuilder (DBStoreBuilder.java:addTable(110)) - using custom profile for table: default
2019-07-10 04:52:09,413 INFO  db.DBStoreBuilder (DBStoreBuilder.java:processTables(167)) - Using default column profile:DBProfile.DISK for Table:default
2019-07-10 04:52:09,414 INFO  db.DBStoreBuilder (DBStoreBuilder.java:getDbProfile(198)) - Using default options. DBProfile.DISK
2019-07-10 04:52:09,567 INFO  net.NodeSchemaLoader (NodeSchemaLoader.java:loadSchemaFromFile(125)) - Loading file from sun.misc.CompoundEnumeration@12b0404f
2019-07-10 04:52:09,568 INFO  net.NodeSchemaLoader (NodeSchemaLoader.java:loadSchema(171)) - Loading network topology layer schema file
2019-07-10 04:52:09,660 INFO  node.SCMNodeManager (SCMNodeManager.java:<init>(119)) - Entering startup safe mode.
2019-07-10 04:52:09,746 WARN  server.ServerUtils (ServerUtils.java:getScmDbDir(145)) - ozone.scm.db.dirs is not configured. We recommend adding this setting. Falling back to ozone.metadata.dirs instead.
2019-07-10 04:52:09,804 INFO  pipeline.SCMPipelineManager (SCMPipelineManager.java:initializePipelineState(126)) - No pipeline exists in current db
2019-07-10 04:52:09,806 WARN  server.ServerUtils (ServerUtils.java:getScmDbDir(145)) - ozone.scm.db.dirs is not configured. We recommend adding this setting. Falling back to ozone.metadata.dirs instead.
2019-07-10 04:52:09,904 WARN  events.EventQueue (EventQueue.java:fireEvent(175)) - No event handler registered for event TypedEvent{payloadType=SafeModeStatus, name='SafeModeStatus'}
2019-07-10 04:52:10,265 INFO  ipc.CallQueueManager (CallQueueManager.java:<init>(84)) - Using callQueue: class java.util.concurrent.LinkedBlockingQueue, queueCapacity: 2000, scheduler: class org.apache.hadoop.ipc.DefaultRpcScheduler, ipcBackoff: false.
2019-07-10 04:52:10,294 INFO  ipc.Server (Server.java:run(1074)) - Starting Socket Reader #1 for port 46766
2019-07-10 04:52:10,319 INFO  ipc.CallQueueManager (CallQueueManager.java:<init>(84)) - Using callQueue: class java.util.concurrent.LinkedBlockingQueue, queueCapacity: 2000, scheduler: class org.apache.hadoop.ipc.DefaultRpcScheduler, ipcBackoff: false.
2019-07-10 04:52:10,320 INFO  ipc.Server (Server.java:run(1074)) - Starting Socket Reader #1 for port 46779
2019-07-10 04:52:10,326 INFO  ipc.CallQueueManager (CallQueueManager.java:<init>(84)) - Using callQueue: class java.util.concurrent.LinkedBlockingQueue, queueCapacity: 2000, scheduler: class org.apache.hadoop.ipc.DefaultRpcScheduler, ipcBackoff: false.
2019-07-10 04:52:10,327 INFO  ipc.Server (Server.java:run(1074)) - Starting Socket Reader #1 for port 40742
2019-07-10 04:52:10,459 INFO  hdfs.DFSUtil (DFSUtil.java:httpServerTemplateForNNAndJN(1641)) - Starting Web-server for scm at: http://0.0.0.0:0
2019-07-10 04:52:10,601 INFO  server.AuthenticationFilter (AuthenticationFilter.java:constructSecretProvider(240)) - Unable to initialize FileSignerSecretProvider, falling back to use random secrets.
2019-07-10 04:52:10,618 WARN  http.HttpRequestLog (HttpRequestLog.java:getRequestLog(97)) - Jetty request log can only be enabled using Log4j
2019-07-10 04:52:10,626 INFO  http.HttpServer2 (HttpServer2.java:addGlobalFilter(975)) - Added global filter 'safety' (class=org.apache.hadoop.http.HttpServer2$QuotingInputFilter)
2019-07-10 04:52:10,629 INFO  http.HttpServer2 (HttpServer2.java:addFilter(948)) - Added filter static_user_filter (class=org.apache.hadoop.http.lib.StaticUserWebFilter$StaticUserFilter) to context scm
2019-07-10 04:52:10,629 INFO  http.HttpServer2 (HttpServer2.java:addFilter(958)) - Added filter static_user_filter (class=org.apache.hadoop.http.lib.StaticUserWebFilter$StaticUserFilter) to context logs
2019-07-10 04:52:10,629 INFO  http.HttpServer2 (HttpServer2.java:addFilter(958)) - Added filter static_user_filter (class=org.apache.hadoop.http.lib.StaticUserWebFilter$StaticUserFilter) to context static
2019-07-10 04:52:10,657 INFO  server.StorageContainerManager (StorageContainerManager.java:start(753)) - StorageContainerLocationProtocol RPC server is listening at /0.0.0.0:40742
2019-07-10 04:52:10,719 WARN  impl.MetricsConfig (MetricsConfig.java:loadFirst(134)) - Cannot locate configuration: tried hadoop-metrics2-storagecontainermanager.properties,hadoop-metrics2.properties
2019-07-10 04:52:10,742 INFO  impl.MetricsSystemImpl (MetricsSystemImpl.java:startTimer(374)) - Scheduled Metric snapshot period at 10 second(s).
2019-07-10 04:52:10,742 INFO  impl.MetricsSystemImpl (MetricsSystemImpl.java:start(191)) - StorageContainerManager metrics system started
2019-07-10 04:52:10,984 INFO  server.SCMClientProtocolServer (SCMClientProtocolServer.java:start(149)) - RPC server for Client  is listening at /0.0.0.0:40742
2019-07-10 04:52:10,985 INFO  ipc.Server (Server.java:run(1153)) - IPC Server listener on 40742: starting
2019-07-10 04:52:10,985 INFO  ipc.Server (Server.java:run(1314)) - IPC Server Responder: starting
2019-07-10 04:52:10,989 INFO  server.StorageContainerManager (StorageContainerManager.java:start(762)) - ScmBlockLocationProtocol RPC server is listening at /0.0.0.0:46779
2019-07-10 04:52:10,990 INFO  server.SCMBlockProtocolServer (SCMBlockProtocolServer.java:start(137)) - RPC server for Block Protocol is listening at /0.0.0.0:46779
2019-07-10 04:52:10,991 INFO  ipc.Server (Server.java:run(1314)) - IPC Server Responder: starting
2019-07-10 04:52:10,991 INFO  ipc.Server (Server.java:run(1153)) - IPC Server listener on 46779: starting
2019-07-10 04:52:10,999 INFO  server.StorageContainerManager (StorageContainerManager.java:start(766)) - ScmDatanodeProtocl RPC server is listening at /0.0.0.0:46766
2019-07-10 04:52:11,000 INFO  server.SCMDatanodeProtocolServer (SCMDatanodeProtocolServer.java:start(191)) - RPC server for DataNodes is listening at /0.0.0.0:46766
2019-07-10 04:52:11,000 INFO  ipc.Server (Server.java:run(1314)) - IPC Server Responder: starting
2019-07-10 04:52:11,001 INFO  ipc.Server (Server.java:run(1153)) - IPC Server listener on 46766: starting
2019-07-10 04:52:11,014 INFO  http.HttpServer2 (HttpServer2.java:bindListener(1191)) - Jetty bound to port 39058
2019-07-10 04:52:11,017 INFO  server.Server (Server.java:doStart(351)) - jetty-9.3.24.v20180605, build timestamp: 2018-06-05T17:11:56Z, git hash: 84205aa28f11a4f31f2a3b86d1bba2cc8ab69827
2019-07-10 04:52:11,065 INFO  handler.ContextHandler (ContextHandler.java:doStart(781)) - Started o.e.j.s.ServletContextHandler@413f69cc{/logs,file:///tmp/workdir/hadoop-ozone/tools/target/log,AVAILABLE}
2019-07-10 04:52:11,066 INFO  handler.ContextHandler (ContextHandler.java:doStart(781)) - Started o.e.j.s.ServletContextHandler@1b75c2e3{/static,file:///tmp/workdir/hadoop-hdds/server-scm/target/classes/webapps/static/,AVAILABLE}
2019-07-10 04:52:11,099 INFO  handler.ContextHandler (ContextHandler.java:doStart(781)) - Started o.e.j.w.WebAppContext@3918c187{/,file:///tmp/workdir/hadoop-hdds/server-scm/target/classes/webapps/scm/,AVAILABLE}{/scm}
2019-07-10 04:52:11,104 INFO  server.AbstractConnector (AbstractConnector.java:doStart(278)) - Started ServerConnector@11eadcba{HTTP/1.1,[http/1.1]}{0.0.0.0:39058}
2019-07-10 04:52:11,104 INFO  server.Server (Server.java:doStart(419)) - Started @2667ms
2019-07-10 04:52:11,105 INFO  server.BaseHttpServer (BaseHttpServer.java:updateConnectorAddress(207)) - HTTP server of SCM is listening at http://0.0.0.0:39058
2019-07-10 04:52:11,114 INFO  util.JvmPauseMonitor (JvmPauseMonitor.java:run(188)) - Starting JVM pause monitor
2019-07-10 04:52:11,115 WARN  server.ServerUtils (ServerUtils.java:getDBPath(222)) - ozone.om.db.dirs is not configured. We recommend adding this setting. Falling back to ozone.metadata.dirs instead.
2019-07-10 04:52:11,213 WARN  server.ServerUtils (ServerUtils.java:getDBPath(222)) - ozone.om.db.dirs is not configured. We recommend adding this setting. Falling back to ozone.metadata.dirs instead.
2019-07-10 04:52:11,215 INFO  om.OzoneManager (OzoneManager.java:setOMNodeDetails(621)) - OM Service ID is not set. Setting it to the default ID: omServiceIdDefault
2019-07-10 04:52:11,215 INFO  om.OzoneManager (OzoneManager.java:setOMNodeDetails(627)) - OM Node ID is not set. Setting it to the OmStorage's OmID: b6bcd065-86d8-4bd7-a8e5-3cf7beeda5c9
2019-07-10 04:52:11,216 INFO  om.OzoneManager (OzoneManager.java:loadOMHAConfigs(578)) - Found matching OM address with OMServiceId: null, OMNodeId: null, RPC Address: localhost:0 and Ratis port: 9872
2019-07-10 04:52:11,476 WARN  server.ServerUtils (ServerUtils.java:getDBPath(222)) - ozone.om.db.dirs is not configured. We recommend adding this setting. Falling back to ozone.metadata.dirs instead.
2019-07-10 04:52:11,487 INFO  db.DBStoreBuilder (DBStoreBuilder.java:addTable(110)) - using custom profile for table: userTable
2019-07-10 04:52:11,487 INFO  db.DBStoreBuilder (DBStoreBuilder.java:processTables(161)) - Using default column profile:DBProfile.DISK for Table:userTable
2019-07-10 04:52:11,488 INFO  db.DBStoreBuilder (DBStoreBuilder.java:addTable(110)) - using custom profile for table: volumeTable
2019-07-10 04:52:11,488 INFO  db.DBStoreBuilder (DBStoreBuilder.java:processTables(161)) - Using default column profile:DBProfile.DISK for Table:volumeTable
2019-07-10 04:52:11,489 INFO  db.DBStoreBuilder (DBStoreBuilder.java:addTable(110)) - using custom profile for table: bucketTable
2019-07-10 04:52:11,489 INFO  db.DBStoreBuilder (DBStoreBuilder.java:processTables(161)) - Using default column profile:DBProfile.DISK for Table:bucketTable
2019-07-10 04:52:11,489 INFO  db.DBStoreBuilder (DBStoreBuilder.java:addTable(110)) - using custom profile for table: keyTable
2019-07-10 04:52:11,490 INFO  db.DBStoreBuilder (DBStoreBuilder.java:processTables(161)) - Using default column profile:DBProfile.DISK for Table:keyTable
2019-07-10 04:52:11,490 INFO  db.DBStoreBuilder (DBStoreBuilder.java:addTable(110)) - using custom profile for table: deletedTable
2019-07-10 04:52:11,490 INFO  db.DBStoreBuilder (DBStoreBuilder.java:processTables(161)) - Using default column profile:DBProfile.DISK for Table:deletedTable
2019-07-10 04:52:11,491 INFO  db.DBStoreBuilder (DBStoreBuilder.java:addTable(110)) - using custom profile for table: openKeyTable
2019-07-10 04:52:11,491 INFO  db.DBStoreBuilder (DBStoreBuilder.java:processTables(161)) - Using default column profile:DBProfile.DISK for Table:openKeyTable
2019-07-10 04:52:11,492 INFO  db.DBStoreBuilder (DBStoreBuilder.java:addTable(110)) - using custom profile for table: s3Table
2019-07-10 04:52:11,492 INFO  db.DBStoreBuilder (DBStoreBuilder.java:processTables(161)) - Using default column profile:DBProfile.DISK for Table:s3Table
2019-07-10 04:52:11,492 INFO  db.DBStoreBuilder (DBStoreBuilder.java:addTable(110)) - using custom profile for table: multipartInfoTable
2019-07-10 04:52:11,493 INFO  db.DBStoreBuilder (DBStoreBuilder.java:processTables(161)) - Using default column profile:DBProfile.DISK for Table:multipartInfoTable
2019-07-10 04:52:11,493 INFO  db.DBStoreBuilder (DBStoreBuilder.java:addTable(110)) - using custom profile for table: dTokenTable
2019-07-10 04:52:11,493 INFO  db.DBStoreBuilder (DBStoreBuilder.java:processTables(161)) - Using default column profile:DBProfile.DISK for Table:dTokenTable
2019-07-10 04:52:11,494 INFO  db.DBStoreBuilder (DBStoreBuilder.java:addTable(110)) - using custom profile for table: s3SecretTable
2019-07-10 04:52:11,494 INFO  db.DBStoreBuilder (DBStoreBuilder.java:processTables(161)) - Using default column profile:DBProfile.DISK for Table:s3SecretTable
2019-07-10 04:52:11,495 INFO  db.DBStoreBuilder (DBStoreBuilder.java:addTable(110)) - using custom profile for table: prefixTable
2019-07-10 04:52:11,495 INFO  db.DBStoreBuilder (DBStoreBuilder.java:processTables(161)) - Using default column profile:DBProfile.DISK for Table:prefixTable
2019-07-10 04:52:11,495 INFO  db.DBStoreBuilder (DBStoreBuilder.java:addTable(110)) - using custom profile for table: default
2019-07-10 04:52:11,496 INFO  db.DBStoreBuilder (DBStoreBuilder.java:processTables(167)) - Using default column profile:DBProfile.DISK for Table:default
2019-07-10 04:52:11,496 INFO  db.DBStoreBuilder (DBStoreBuilder.java:getDbProfile(198)) - Using default options. DBProfile.DISK
2019-07-10 04:52:12,369 INFO  ipc.CallQueueManager (CallQueueManager.java:<init>(84)) - Using callQueue: class java.util.concurrent.LinkedBlockingQueue, queueCapacity: 2000, scheduler: class org.apache.hadoop.ipc.DefaultRpcScheduler, ipcBackoff: false.
2019-07-10 04:52:12,371 INFO  ipc.Server (Server.java:run(1074)) - Starting Socket Reader #1 for port 33091
2019-07-10 04:52:12,400 WARN  server.ServerUtils (ServerUtils.java:getDBPath(222)) - ozone.om.db.dirs is not configured. We recommend adding this setting. Falling back to ozone.metadata.dirs instead.
2019-07-10 04:52:12,401 INFO  om.OzoneManager (OzoneManager.java:start(1219)) - OzoneManager RPC server is listening at localhost/127.0.0.1:33091
2019-07-10 04:52:12,401 INFO  impl.MetricsSystemImpl (MetricsSystemImpl.java:init(158)) - OzoneManager metrics system started (again)
2019-07-10 04:52:12,403 INFO  ipc.Server (Server.java:run(1314)) - IPC Server Responder: starting
2019-07-10 04:52:12,404 INFO  ipc.Server (Server.java:run(1153)) - IPC Server listener on 33091: starting
2019-07-10 04:52:12,417 INFO  hdfs.DFSUtil (DFSUtil.java:httpServerTemplateForNNAndJN(1641)) - Starting Web-server for ozoneManager at: http://0.0.0.0:0
2019-07-10 04:52:12,420 INFO  server.AuthenticationFilter (AuthenticationFilter.java:constructSecretProvider(240)) - Unable to initialize FileSignerSecretProvider, falling back to use random secrets.
2019-07-10 04:52:12,421 WARN  http.HttpRequestLog (HttpRequestLog.java:getRequestLog(97)) - Jetty request log can only be enabled using Log4j
2019-07-10 04:52:12,425 INFO  http.HttpServer2 (HttpServer2.java:addGlobalFilter(975)) - Added global filter 'safety' (class=org.apache.hadoop.http.HttpServer2$QuotingInputFilter)
2019-07-10 04:52:12,426 INFO  http.HttpServer2 (HttpServer2.java:addFilter(948)) - Added filter static_user_filter (class=org.apache.hadoop.http.lib.StaticUserWebFilter$StaticUserFilter) to context ozoneManager
2019-07-10 04:52:12,427 INFO  http.HttpServer2 (HttpServer2.java:addFilter(958)) - Added filter static_user_filter (class=org.apache.hadoop.http.lib.StaticUserWebFilter$StaticUserFilter) to context static
2019-07-10 04:52:12,427 INFO  http.HttpServer2 (HttpServer2.java:addFilter(958)) - Added filter static_user_filter (class=org.apache.hadoop.http.lib.StaticUserWebFilter$StaticUserFilter) to context logs
2019-07-10 04:52:12,430 INFO  http.HttpServer2 (HttpServer2.java:bindListener(1191)) - Jetty bound to port 33367
2019-07-10 04:52:12,430 INFO  server.Server (Server.java:doStart(351)) - jetty-9.3.24.v20180605, build timestamp: 2018-06-05T17:11:56Z, git hash: 84205aa28f11a4f31f2a3b86d1bba2cc8ab69827
2019-07-10 04:52:12,433 INFO  handler.ContextHandler (ContextHandler.java:doStart(781)) - Started o.e.j.s.ServletContextHandler@85ec632{/logs,file:///tmp/workdir/hadoop-ozone/tools/target/log,AVAILABLE}
2019-07-10 04:52:12,434 INFO  handler.ContextHandler (ContextHandler.java:doStart(781)) - Started o.e.j.s.ServletContextHandler@65ef722a{/static,file:///tmp/workdir/hadoop-ozone/ozone-manager/target/classes/webapps/static/,AVAILABLE}
2019-07-10 04:52:12,441 INFO  handler.ContextHandler (ContextHandler.java:doStart(781)) - Started o.e.j.w.WebAppContext@1c65121{/,file:///tmp/workdir/hadoop-ozone/ozone-manager/target/classes/webapps/ozoneManager/,AVAILABLE}{/ozoneManager}
2019-07-10 04:52:12,442 INFO  server.AbstractConnector (AbstractConnector.java:doStart(278)) - Started ServerConnector@159e366{HTTP/1.1,[http/1.1]}{0.0.0.0:33367}
2019-07-10 04:52:12,442 INFO  server.Server (Server.java:doStart(419)) - Started @4005ms
2019-07-10 04:52:12,443 INFO  server.BaseHttpServer (BaseHttpServer.java:updateConnectorAddress(207)) - HTTP server of OZONEMANAGER is listening at http://0.0.0.0:33367
2019-07-10 04:52:12,772 INFO  impl.MetricsSystemImpl (MetricsSystemImpl.java:init(158)) - HddsDatanode metrics system started (again)
2019-07-10 04:52:12,887 INFO  ozone.HddsDatanodeService (HddsDatanodeService.java:start(185)) - HddsDatanodeService host:hdds1735-7x7gx-353634902 ip:192.168.69.122
2019-07-10 04:52:12,922 INFO  volume.HddsVolume (HddsVolume.java:<init>(176)) - Creating Volume: /tmp/workdir/hadoop-ozone/tools/target/test-dir/MiniOzoneClusterImpl-570ecddb-4f6d-4d38-b3da-667f6a65466b/datanode-0/data/containers/hdds of  storage type : DISK and capacity : 52710309888
2019-07-10 04:52:12,924 INFO  volume.VolumeSet (VolumeSet.java:initializeVolumeSet(170)) - Added Volume : /tmp/workdir/hadoop-ozone/tools/target/test-dir/MiniOzoneClusterImpl-570ecddb-4f6d-4d38-b3da-667f6a65466b/datanode-0/data/containers/hdds to VolumeSet
2019-07-10 04:52:12,927 INFO  volume.ThrottledAsyncChecker (ThrottledAsyncChecker.java:schedule(140)) - Scheduling a check for org.apache.hadoop.ozone.container.common.volume.HddsVolume@3122b117
2019-07-10 04:52:12,945 INFO  volume.HddsVolumeChecker (HddsVolumeChecker.java:checkAllVolumes(203)) - Scheduled health check for volume org.apache.hadoop.ozone.container.common.volume.HddsVolume@3122b117
2019-07-10 04:52:12,990 INFO  ratis.XceiverServerRatis (XceiverServerRatis.java:newXceiverServerRatis(411)) - Found a free port for the server : 45642
2019-07-10 04:52:13,058 INFO  impl.RaftServerProxy (ConfUtils.java:logGet(43)) - raft.rpc.type = GRPC (default)
2019-07-10 04:52:13,125 INFO  grpc.GrpcFactory (GrpcFactory.java:checkPooledByteBufAllocatorUseCacheForAllThreads(45)) - PERFORMANCE WARNING: useCacheForAllThreads is true that may cause Netty to create a lot garbage objects and, as a result, trigger GC.
	It is recommended to disable useCacheForAllThreads by setting -Dorg.apache.ratis.thirdparty.io.netty.allocator.useCacheForAllThreads=false in command line.
2019-07-10 04:52:13,129 INFO  grpc.GrpcConfigKeys$Server (ConfUtils.java:logGet(43)) - raft.grpc.server.port = 45642 (custom)
2019-07-10 04:52:13,130 INFO  server.GrpcService (ConfUtils.java:logGet(43)) - raft.grpc.message.size.max = 33570816 (custom)
2019-07-10 04:52:13,132 INFO  server.RaftServerConfigKeys (ConfUtils.java:logGet(43)) - raft.server.log.appender.buffer.byte-limit = 33554432 (custom)
2019-07-10 04:52:13,132 INFO  server.GrpcService (ConfUtils.java:logGet(43)) - raft.grpc.flow.control.window = 1MB (=1048576) (default)
2019-07-10 04:52:13,133 INFO  server.RaftServerConfigKeys (ConfUtils.java:logGet(43)) - raft.server.rpc.request.timeout = 3000ms (default)
2019-07-10 04:52:13,294 INFO  server.RaftServerConfigKeys (ConfUtils.java:logGet(43)) - raft.server.storage.dir = [/tmp/workdir/hadoop-ozone/tools/target/test-dir/MiniOzoneClusterImpl-570ecddb-4f6d-4d38-b3da-667f6a65466b/datanode-0/data/ratis] (custom)
2019-07-10 04:52:13,300 INFO  server.XceiverServerGrpc (XceiverServerGrpc.java:<init>(97)) - Found a free port for the server : 45448
2019-07-10 04:52:13,325 INFO  replication.SimpleContainerDownloader (SimpleContainerDownloader.java:<init>(72)) - Starting container downloader service to copy containers to replicate.
2019-07-10 04:52:13,336 INFO  hdfs.DFSUtil (DFSUtil.java:httpServerTemplateForNNAndJN(1641)) - Starting Web-server for hddsDatanode at: http://0.0.0.0:0
2019-07-10 04:52:13,339 INFO  server.AuthenticationFilter (AuthenticationFilter.java:constructSecretProvider(240)) - Unable to initialize FileSignerSecretProvider, falling back to use random secrets.
2019-07-10 04:52:13,340 WARN  http.HttpRequestLog (HttpRequestLog.java:getRequestLog(97)) - Jetty request log can only be enabled using Log4j
2019-07-10 04:52:13,344 INFO  http.HttpServer2 (HttpServer2.java:addGlobalFilter(975)) - Added global filter 'safety' (class=org.apache.hadoop.http.HttpServer2$QuotingInputFilter)
2019-07-10 04:52:13,346 INFO  http.HttpServer2 (HttpServer2.java:addFilter(948)) - Added filter static_user_filter (class=org.apache.hadoop.http.lib.StaticUserWebFilter$StaticUserFilter) to context hddsDatanode
2019-07-10 04:52:13,346 INFO  http.HttpServer2 (HttpServer2.java:addFilter(958)) - Added filter static_user_filter (class=org.apache.hadoop.http.lib.StaticUserWebFilter$StaticUserFilter) to context static
2019-07-10 04:52:13,347 INFO  http.HttpServer2 (HttpServer2.java:addFilter(958)) - Added filter static_user_filter (class=org.apache.hadoop.http.lib.StaticUserWebFilter$StaticUserFilter) to context logs
2019-07-10 04:52:13,348 INFO  http.HttpServer2 (HttpServer2.java:bindListener(1191)) - Jetty bound to port 40795
2019-07-10 04:52:13,349 INFO  server.Server (Server.java:doStart(351)) - jetty-9.3.24.v20180605, build timestamp: 2018-06-05T17:11:56Z, git hash: 84205aa28f11a4f31f2a3b86d1bba2cc8ab69827
2019-07-10 04:52:13,352 INFO  handler.ContextHandler (ContextHandler.java:doStart(781)) - Started o.e.j.s.ServletContextHandler@3f4cd155{/logs,file:///tmp/workdir/hadoop-ozone/tools/target/log,AVAILABLE}
2019-07-10 04:52:13,353 INFO  handler.ContextHandler (ContextHandler.java:doStart(781)) - Started o.e.j.s.ServletContextHandler@506dcf55{/static,file:///tmp/workdir/hadoop-hdds/container-service/target/classes/webapps/static,AVAILABLE}
2019-07-10 04:52:13,361 INFO  handler.ContextHandler (ContextHandler.java:doStart(781)) - Started o.e.j.w.WebAppContext@6145b81e{/,file:///tmp/workdir/hadoop-hdds/container-service/target/classes/webapps/hddsDatanode/,AVAILABLE}{/hddsDatanode}
2019-07-10 04:52:13,362 INFO  server.AbstractConnector (AbstractConnector.java:doStart(278)) - Started ServerConnector@64355120{HTTP/1.1,[http/1.1]}{0.0.0.0:40795}
2019-07-10 04:52:13,363 INFO  server.Server (Server.java:doStart(419)) - Started @4925ms
2019-07-10 04:52:13,364 INFO  server.BaseHttpServer (BaseHttpServer.java:updateConnectorAddress(207)) - HTTP server of HDDSDATANODE is listening at http://0.0.0.0:40795
2019-07-10 04:52:14,545 INFO  ozone.HddsDatanodeService (HddsDatanodeService.java:startPlugins(396)) - Started plug-in org.apache.hadoop.ozone.web.OzoneHddsDatanodeService@6bee793f
2019-07-10 04:52:14,547 INFO  impl.MetricsSystemImpl (MetricsSystemImpl.java:init(158)) - HddsDatanode metrics system started (again)
2019-07-10 04:52:14,548 INFO  ozone.HddsDatanodeService (HddsDatanodeService.java:start(185)) - HddsDatanodeService host:hdds1735-7x7gx-353634902 ip:192.168.69.122
2019-07-10 04:52:14,553 INFO  util.JvmPauseMonitor (JvmPauseMonitor.java:run(188)) - Starting JVM pause monitor
2019-07-10 04:52:14,561 INFO  volume.HddsVolume (HddsVolume.java:<init>(176)) - Creating Volume: /tmp/workdir/hadoop-ozone/tools/target/test-dir/MiniOzoneClusterImpl-570ecddb-4f6d-4d38-b3da-667f6a65466b/datanode-1/data/containers/hdds of  storage type : DISK and capacity : 52710309888
2019-07-10 04:52:14,561 INFO  volume.VolumeSet (VolumeSet.java:initializeVolumeSet(170)) - Added Volume : /tmp/workdir/hadoop-ozone/tools/target/test-dir/MiniOzoneClusterImpl-570ecddb-4f6d-4d38-b3da-667f6a65466b/datanode-1/data/containers/hdds to VolumeSet
2019-07-10 04:52:14,562 INFO  volume.ThrottledAsyncChecker (ThrottledAsyncChecker.java:schedule(140)) - Scheduling a check for org.apache.hadoop.ozone.container.common.volume.HddsVolume@39c96e48
2019-07-10 04:52:14,563 INFO  volume.HddsVolumeChecker (HddsVolumeChecker.java:checkAllVolumes(203)) - Scheduled health check for volume org.apache.hadoop.ozone.container.common.volume.HddsVolume@39c96e48
2019-07-10 04:52:14,589 INFO  ratis.XceiverServerRatis (XceiverServerRatis.java:newXceiverServerRatis(411)) - Found a free port for the server : 45878
2019-07-10 04:52:14,592 INFO  impl.RaftServerProxy (ConfUtils.java:logGet(43)) - raft.rpc.type = GRPC (default)
2019-07-10 04:52:14,592 INFO  grpc.GrpcFactory (GrpcFactory.java:checkPooledByteBufAllocatorUseCacheForAllThreads(45)) - PERFORMANCE WARNING: useCacheForAllThreads is true that may cause Netty to create a lot garbage objects and, as a result, trigger GC.
	It is recommended to disable useCacheForAllThreads by setting -Dorg.apache.ratis.thirdparty.io.netty.allocator.useCacheForAllThreads=false in command line.
2019-07-10 04:52:14,592 INFO  grpc.GrpcConfigKeys$Server (ConfUtils.java:logGet(43)) - raft.grpc.server.port = 45878 (custom)
2019-07-10 04:52:14,593 INFO  server.GrpcService (ConfUtils.java:logGet(43)) - raft.grpc.message.size.max = 33570816 (custom)
2019-07-10 04:52:14,593 INFO  server.RaftServerConfigKeys (ConfUtils.java:logGet(43)) - raft.server.log.appender.buffer.byte-limit = 33554432 (custom)
2019-07-10 04:52:14,593 INFO  server.GrpcService (ConfUtils.java:logGet(43)) - raft.grpc.flow.control.window = 1MB (=1048576) (default)
2019-07-10 04:52:14,594 INFO  server.RaftServerConfigKeys (ConfUtils.java:logGet(43)) - raft.server.rpc.request.timeout = 3000ms (default)
2019-07-10 04:52:14,595 INFO  server.RaftServerConfigKeys (ConfUtils.java:logGet(43)) - raft.server.storage.dir = [/tmp/workdir/hadoop-ozone/tools/target/test-dir/MiniOzoneClusterImpl-570ecddb-4f6d-4d38-b3da-667f6a65466b/datanode-1/data/ratis] (custom)
2019-07-10 04:52:14,596 INFO  server.XceiverServerGrpc (XceiverServerGrpc.java:<init>(97)) - Found a free port for the server : 45666
2019-07-10 04:52:14,596 INFO  replication.SimpleContainerDownloader (SimpleContainerDownloader.java:<init>(72)) - Starting container downloader service to copy containers to replicate.
2019-07-10 04:52:14,598 INFO  hdfs.DFSUtil (DFSUtil.java:httpServerTemplateForNNAndJN(1641)) - Starting Web-server for hddsDatanode at: http://0.0.0.0:0
2019-07-10 04:52:14,601 INFO  server.AuthenticationFilter (AuthenticationFilter.java:constructSecretProvider(240)) - Unable to initialize FileSignerSecretProvider, falling back to use random secrets.
2019-07-10 04:52:14,603 WARN  http.HttpRequestLog (HttpRequestLog.java:getRequestLog(97)) - Jetty request log can only be enabled using Log4j
2019-07-10 04:52:14,607 INFO  http.HttpServer2 (HttpServer2.java:addGlobalFilter(975)) - Added global filter 'safety' (class=org.apache.hadoop.http.HttpServer2$QuotingInputFilter)
2019-07-10 04:52:14,608 INFO  http.HttpServer2 (HttpServer2.java:addFilter(948)) - Added filter static_user_filter (class=org.apache.hadoop.http.lib.StaticUserWebFilter$StaticUserFilter) to context hddsDatanode
2019-07-10 04:52:14,608 INFO  http.HttpServer2 (HttpServer2.java:addFilter(958)) - Added filter static_user_filter (class=org.apache.hadoop.http.lib.StaticUserWebFilter$StaticUserFilter) to context static
2019-07-10 04:52:14,608 INFO  http.HttpServer2 (HttpServer2.java:addFilter(958)) - Added filter static_user_filter (class=org.apache.hadoop.http.lib.StaticUserWebFilter$StaticUserFilter) to context logs
2019-07-10 04:52:14,609 INFO  http.HttpServer2 (HttpServer2.java:bindListener(1191)) - Jetty bound to port 33766
2019-07-10 04:52:14,610 INFO  server.Server (Server.java:doStart(351)) - jetty-9.3.24.v20180605, build timestamp: 2018-06-05T17:11:56Z, git hash: 84205aa28f11a4f31f2a3b86d1bba2cc8ab69827
2019-07-10 04:52:14,612 INFO  handler.ContextHandler (ContextHandler.java:doStart(781)) - Started o.e.j.s.ServletContextHandler@5de5e95{/logs,file:///tmp/workdir/hadoop-ozone/tools/target/log,AVAILABLE}
2019-07-10 04:52:14,613 INFO  handler.ContextHandler (ContextHandler.java:doStart(781)) - Started o.e.j.s.ServletContextHandler@303c55fa{/static,file:///tmp/workdir/hadoop-hdds/container-service/target/classes/webapps/static,AVAILABLE}
2019-07-10 04:52:14,621 INFO  handler.ContextHandler (ContextHandler.java:doStart(781)) - Started o.e.j.w.WebAppContext@75156240{/,file:///tmp/workdir/hadoop-hdds/container-service/target/classes/webapps/hddsDatanode/,AVAILABLE}{/hddsDatanode}
2019-07-10 04:52:14,621 INFO  server.AbstractConnector (AbstractConnector.java:doStart(278)) - Started ServerConnector@6198e9b5{HTTP/1.1,[http/1.1]}{0.0.0.0:33766}
2019-07-10 04:52:14,623 INFO  server.Server (Server.java:doStart(419)) - Started @6185ms
2019-07-10 04:52:14,624 INFO  server.BaseHttpServer (BaseHttpServer.java:updateConnectorAddress(207)) - HTTP server of HDDSDATANODE is listening at http://0.0.0.0:33766
2019-07-10 04:52:14,679 INFO  datanode.InitDatanodeState (InitDatanodeState.java:persistContainerDatanodeDetails(140)) - DatanodeDetails is persisted to /tmp/workdir/hadoop-ozone/tools/target/test-dir/MiniOzoneClusterImpl-570ecddb-4f6d-4d38-b3da-667f6a65466b/datanode-0/meta/datanode.id
2019-07-10 04:52:14,777 INFO  ozone.HddsDatanodeService (HddsDatanodeService.java:startPlugins(396)) - Started plug-in org.apache.hadoop.ozone.web.OzoneHddsDatanodeService@7d986d83
2019-07-10 04:52:14,777 INFO  impl.MetricsSystemImpl (MetricsSystemImpl.java:init(158)) - HddsDatanode metrics system started (again)
2019-07-10 04:52:14,778 INFO  ozone.HddsDatanodeService (HddsDatanodeService.java:start(185)) - HddsDatanodeService host:hdds1735-7x7gx-353634902 ip:192.168.69.122
2019-07-10 04:52:14,780 INFO  util.JvmPauseMonitor (JvmPauseMonitor.java:run(188)) - Starting JVM pause monitor
2019-07-10 04:52:14,789 INFO  volume.HddsVolume (HddsVolume.java:<init>(176)) - Creating Volume: /tmp/workdir/hadoop-ozone/tools/target/test-dir/MiniOzoneClusterImpl-570ecddb-4f6d-4d38-b3da-667f6a65466b/datanode-2/data/containers/hdds of  storage type : DISK and capacity : 52710309888
2019-07-10 04:52:14,789 INFO  volume.VolumeSet (VolumeSet.java:initializeVolumeSet(170)) - Added Volume : /tmp/workdir/hadoop-ozone/tools/target/test-dir/MiniOzoneClusterImpl-570ecddb-4f6d-4d38-b3da-667f6a65466b/datanode-2/data/containers/hdds to VolumeSet
2019-07-10 04:52:14,789 INFO  volume.ThrottledAsyncChecker (ThrottledAsyncChecker.java:schedule(140)) - Scheduling a check for org.apache.hadoop.ozone.container.common.volume.HddsVolume@5568c66f
2019-07-10 04:52:14,790 INFO  volume.HddsVolumeChecker (HddsVolumeChecker.java:checkAllVolumes(203)) - Scheduled health check for volume org.apache.hadoop.ozone.container.common.volume.HddsVolume@5568c66f
2019-07-10 04:52:14,791 INFO  datanode.InitDatanodeState (InitDatanodeState.java:persistContainerDatanodeDetails(140)) - DatanodeDetails is persisted to /tmp/workdir/hadoop-ozone/tools/target/test-dir/MiniOzoneClusterImpl-570ecddb-4f6d-4d38-b3da-667f6a65466b/datanode-1/meta/datanode.id
2019-07-10 04:52:14,803 INFO  ratis.XceiverServerRatis (XceiverServerRatis.java:newXceiverServerRatis(411)) - Found a free port for the server : 44601
2019-07-10 04:52:14,805 INFO  impl.RaftServerProxy (ConfUtils.java:logGet(43)) - raft.rpc.type = GRPC (default)
2019-07-10 04:52:14,805 INFO  grpc.GrpcFactory (GrpcFactory.java:checkPooledByteBufAllocatorUseCacheForAllThreads(45)) - PERFORMANCE WARNING: useCacheForAllThreads is true that may cause Netty to create a lot garbage objects and, as a result, trigger GC.
	It is recommended to disable useCacheForAllThreads by setting -Dorg.apache.ratis.thirdparty.io.netty.allocator.useCacheForAllThreads=false in command line.
2019-07-10 04:52:14,805 INFO  grpc.GrpcConfigKeys$Server (ConfUtils.java:logGet(43)) - raft.grpc.server.port = 44601 (custom)
2019-07-10 04:52:14,805 INFO  server.GrpcService (ConfUtils.java:logGet(43)) - raft.grpc.message.size.max = 33570816 (custom)
2019-07-10 04:52:14,805 INFO  server.RaftServerConfigKeys (ConfUtils.java:logGet(43)) - raft.server.log.appender.buffer.byte-limit = 33554432 (custom)
2019-07-10 04:52:14,806 INFO  server.GrpcService (ConfUtils.java:logGet(43)) - raft.grpc.flow.control.window = 1MB (=1048576) (default)
2019-07-10 04:52:14,806 INFO  server.RaftServerConfigKeys (ConfUtils.java:logGet(43)) - raft.server.rpc.request.timeout = 3000ms (default)
2019-07-10 04:52:14,806 INFO  server.RaftServerConfigKeys (ConfUtils.java:logGet(43)) - raft.server.storage.dir = [/tmp/workdir/hadoop-ozone/tools/target/test-dir/MiniOzoneClusterImpl-570ecddb-4f6d-4d38-b3da-667f6a65466b/datanode-2/data/ratis] (custom)
2019-07-10 04:52:14,807 INFO  server.XceiverServerGrpc (XceiverServerGrpc.java:<init>(97)) - Found a free port for the server : 44962
2019-07-10 04:52:14,807 INFO  replication.SimpleContainerDownloader (SimpleContainerDownloader.java:<init>(72)) - Starting container downloader service to copy containers to replicate.
2019-07-10 04:52:14,809 INFO  hdfs.DFSUtil (DFSUtil.java:httpServerTemplateForNNAndJN(1641)) - Starting Web-server for hddsDatanode at: http://0.0.0.0:0
2019-07-10 04:52:14,810 INFO  server.AuthenticationFilter (AuthenticationFilter.java:constructSecretProvider(240)) - Unable to initialize FileSignerSecretProvider, falling back to use random secrets.
2019-07-10 04:52:14,811 WARN  http.HttpRequestLog (HttpRequestLog.java:getRequestLog(97)) - Jetty request log can only be enabled using Log4j
2019-07-10 04:52:14,813 INFO  http.HttpServer2 (HttpServer2.java:addGlobalFilter(975)) - Added global filter 'safety' (class=org.apache.hadoop.http.HttpServer2$QuotingInputFilter)
2019-07-10 04:52:14,814 INFO  http.HttpServer2 (HttpServer2.java:addFilter(948)) - Added filter static_user_filter (class=org.apache.hadoop.http.lib.StaticUserWebFilter$StaticUserFilter) to context hddsDatanode
2019-07-10 04:52:14,815 INFO  http.HttpServer2 (HttpServer2.java:addFilter(958)) - Added filter static_user_filter (class=org.apache.hadoop.http.lib.StaticUserWebFilter$StaticUserFilter) to context logs
2019-07-10 04:52:14,815 INFO  http.HttpServer2 (HttpServer2.java:addFilter(958)) - Added filter static_user_filter (class=org.apache.hadoop.http.lib.StaticUserWebFilter$StaticUserFilter) to context static
2019-07-10 04:52:14,816 INFO  http.HttpServer2 (HttpServer2.java:bindListener(1191)) - Jetty bound to port 43440
2019-07-10 04:52:14,816 INFO  server.Server (Server.java:doStart(351)) - jetty-9.3.24.v20180605, build timestamp: 2018-06-05T17:11:56Z, git hash: 84205aa28f11a4f31f2a3b86d1bba2cc8ab69827
2019-07-10 04:52:14,819 INFO  handler.ContextHandler (ContextHandler.java:doStart(781)) - Started o.e.j.s.ServletContextHandler@39f5b723{/logs,file:///tmp/workdir/hadoop-ozone/tools/target/log,AVAILABLE}
2019-07-10 04:52:14,820 INFO  handler.ContextHandler (ContextHandler.java:doStart(781)) - Started o.e.j.s.ServletContextHandler@2404b5a{/static,file:///tmp/workdir/hadoop-hdds/container-service/target/classes/webapps/static,AVAILABLE}
2019-07-10 04:52:14,825 INFO  handler.ContextHandler (ContextHandler.java:doStart(781)) - Started o.e.j.w.WebAppContext@550e9be6{/,file:///tmp/workdir/hadoop-hdds/container-service/target/classes/webapps/hddsDatanode/,AVAILABLE}{/hddsDatanode}
2019-07-10 04:52:14,827 INFO  server.AbstractConnector (AbstractConnector.java:doStart(278)) - Started ServerConnector@3f96f020{HTTP/1.1,[http/1.1]}{0.0.0.0:43440}
2019-07-10 04:52:14,827 INFO  server.Server (Server.java:doStart(419)) - Started @6390ms
2019-07-10 04:52:14,829 INFO  server.BaseHttpServer (BaseHttpServer.java:updateConnectorAddress(207)) - HTTP server of HDDSDATANODE is listening at http://0.0.0.0:43440
2019-07-10 04:52:14,976 INFO  ozone.HddsDatanodeService (HddsDatanodeService.java:startPlugins(396)) - Started plug-in org.apache.hadoop.ozone.web.OzoneHddsDatanodeService@661fe025
2019-07-10 04:52:14,978 INFO  ozone.MiniOzoneClusterImpl (MiniOzoneClusterImpl.java:lambda$waitForClusterToBeReady$0(142)) - Waiting for cluster to be ready. Got 0 of 3 DN Heartbeats.
2019-07-10 04:52:14,980 INFO  util.JvmPauseMonitor (JvmPauseMonitor.java:run(188)) - Starting JVM pause monitor
2019-07-10 04:52:14,982 INFO  datanode.InitDatanodeState (InitDatanodeState.java:persistContainerDatanodeDetails(140)) - DatanodeDetails is persisted to /tmp/workdir/hadoop-ozone/tools/target/test-dir/MiniOzoneClusterImpl-570ecddb-4f6d-4d38-b3da-667f6a65466b/datanode-2/meta/datanode.id
2019-07-10 04:52:15,978 INFO  ozone.MiniOzoneClusterImpl (MiniOzoneClusterImpl.java:lambda$waitForClusterToBeReady$0(142)) - Waiting for cluster to be ready. Got 0 of 3 DN Heartbeats.
2019-07-10 04:52:16,621 INFO  ozoneimpl.OzoneContainer (OzoneContainer.java:start(186)) - Attempting to start container services.
2019-07-10 04:52:16,623 INFO  ozoneimpl.OzoneContainer (OzoneContainer.java:startContainerScrub(160)) - Background container scrubber has been disabled by hdds.containerscrub.enabled
2019-07-10 04:52:16,624 INFO  ratis.XceiverServerRatis (XceiverServerRatis.java:start(428)) - Starting XceiverServerRatis a7250395-42a7-4287-8341-025ad29f298b at port 45642
2019-07-10 04:52:16,657 INFO  impl.RaftServerProxy (RaftServerProxy.java:lambda$start$3(299)) - a7250395-42a7-4287-8341-025ad29f298b: start RPC server
2019-07-10 04:52:16,798 INFO  ozoneimpl.OzoneContainer (OzoneContainer.java:start(186)) - Attempting to start container services.
2019-07-10 04:52:16,801 INFO  ozoneimpl.OzoneContainer (OzoneContainer.java:startContainerScrub(160)) - Background container scrubber has been disabled by hdds.containerscrub.enabled
2019-07-10 04:52:16,801 INFO  ratis.XceiverServerRatis (XceiverServerRatis.java:start(428)) - Starting XceiverServerRatis cb1fbf23-5aa1-4405-87d5-e2661ec793bc at port 45878
2019-07-10 04:52:16,801 INFO  server.GrpcService (GrpcService.java:startImpl(149)) - a7250395-42a7-4287-8341-025ad29f298b: GrpcService started, listening on 0.0.0.0/0.0.0.0:45642
2019-07-10 04:52:16,814 INFO  impl.RaftServerProxy (RaftServerProxy.java:lambda$start$3(299)) - cb1fbf23-5aa1-4405-87d5-e2661ec793bc: start RPC server
2019-07-10 04:52:16,818 INFO  server.GrpcService (GrpcService.java:startImpl(149)) - cb1fbf23-5aa1-4405-87d5-e2661ec793bc: GrpcService started, listening on 0.0.0.0/0.0.0.0:45878
2019-07-10 04:52:16,979 INFO  ozone.MiniOzoneClusterImpl (MiniOzoneClusterImpl.java:lambda$waitForClusterToBeReady$0(142)) - Waiting for cluster to be ready. Got 0 of 3 DN Heartbeats.
2019-07-10 04:52:16,998 INFO  ozoneimpl.OzoneContainer (OzoneContainer.java:start(186)) - Attempting to start container services.
2019-07-10 04:52:17,000 INFO  ozoneimpl.OzoneContainer (OzoneContainer.java:startContainerScrub(160)) - Background container scrubber has been disabled by hdds.containerscrub.enabled
2019-07-10 04:52:17,000 INFO  ratis.XceiverServerRatis (XceiverServerRatis.java:start(428)) - Starting XceiverServerRatis 417cb9e5-c49d-4ae9-8366-358494735e98 at port 44601
2019-07-10 04:52:17,068 INFO  impl.RaftServerProxy (RaftServerProxy.java:lambda$start$3(299)) - 417cb9e5-c49d-4ae9-8366-358494735e98: start RPC server
2019-07-10 04:52:17,074 INFO  server.GrpcService (GrpcService.java:startImpl(149)) - 417cb9e5-c49d-4ae9-8366-358494735e98: GrpcService started, listening on 0.0.0.0/0.0.0.0:44601
2019-07-10 04:52:17,980 INFO  ozone.MiniOzoneClusterImpl (MiniOzoneClusterImpl.java:lambda$waitForClusterToBeReady$0(142)) - Waiting for cluster to be ready. Got 0 of 3 DN Heartbeats.
2019-07-10 04:52:18,598 INFO  net.NetworkTopology (NetworkTopologyImpl.java:add(109)) - Added a new node: /default-rack/192.168.69.122
2019-07-10 04:52:18,599 INFO  node.SCMNodeManager (SCMNodeManager.java:register(268)) - Registered Data node : a7250395-42a7-4287-8341-025ad29f298b{ip: 192.168.69.122, host: hdds1735-7x7gx-353634902, networkLocation: /default-rack, certSerialId: null}
2019-07-10 04:52:18,604 INFO  safemode.SCMSafeModeManager (DataNodeSafeModeRule.java:process(71)) - SCM in safe mode. 1 DataNodes registered, 1 required.
2019-07-10 04:52:18,604 INFO  safemode.SCMSafeModeManager (SCMSafeModeManager.java:validateSafeModeExitRules(177)) - ScmSafeModeManager, all rules are successfully validated
2019-07-10 04:52:18,604 INFO  safemode.SCMSafeModeManager (SCMSafeModeManager.java:exitSafeMode(193)) - SCM exiting safe mode.
2019-07-10 04:52:18,784 INFO  node.SCMNodeManager (SCMNodeManager.java:register(268)) - Registered Data node : cb1fbf23-5aa1-4405-87d5-e2661ec793bc{ip: 192.168.69.122, host: hdds1735-7x7gx-353634902, networkLocation: /default-rack, certSerialId: null}
2019-07-10 04:52:18,980 INFO  ozone.MiniOzoneClusterImpl (MiniOzoneClusterImpl.java:lambda$waitForClusterToBeReady$0(142)) - Waiting for cluster to be ready. Got 2 of 3 DN Heartbeats.
2019-07-10 04:52:18,982 INFO  node.SCMNodeManager (SCMNodeManager.java:register(268)) - Registered Data node : 417cb9e5-c49d-4ae9-8366-358494735e98{ip: 192.168.69.122, host: hdds1735-7x7gx-353634902, networkLocation: /default-rack, certSerialId: null}
2019-07-10 04:52:19,183 INFO  impl.RaftServerProxy (RaftServerProxy.java:addNew(89)) - a7250395-42a7-4287-8341-025ad29f298b: addNew group-2C432E9F58C8:[a7250395-42a7-4287-8341-025ad29f298b:192.168.69.122:45642] returns group-2C432E9F58C8:java.util.concurrent.CompletableFuture@2bf4bd3a[Not completed]
2019-07-10 04:52:19,198 INFO  impl.RaftServerImpl (RaftServerImpl.java:<init>(93)) - a7250395-42a7-4287-8341-025ad29f298b: new RaftServerImpl for group-2C432E9F58C8:[a7250395-42a7-4287-8341-025ad29f298b:192.168.69.122:45642] with ContainerStateMachine:uninitialized
2019-07-10 04:52:19,201 INFO  server.RaftServerConfigKeys (ConfUtils.java:logGet(43)) - raft.server.rpc.timeout.min = 1s (custom)
2019-07-10 04:52:19,203 INFO  server.RaftServerConfigKeys (ConfUtils.java:logGet(43)) - raft.server.rpc.timeout.max = 1200ms (custom)
2019-07-10 04:52:19,203 INFO  server.RaftServerConfigKeys (ConfUtils.java:logGet(43)) - raft.server.rpcslowness.timeout = 120s (custom)
2019-07-10 04:52:19,205 INFO  server.RaftServerConfigKeys (ConfUtils.java:logGet(43)) - raft.server.sleep.deviation.threshold = 300 (default)
2019-07-10 04:52:19,206 INFO  server.RaftServerConfigKeys (ConfUtils.java:logGet(43)) - raft.server.log.appender.install.snapshot.enabled = false (custom)
2019-07-10 04:52:19,216 INFO  impl.RaftServerImpl (ServerState.java:<init>(105)) - a7250395-42a7-4287-8341-025ad29f298b:group-2C432E9F58C8 ConfigurationManager, init=-1: [a7250395-42a7-4287-8341-025ad29f298b:192.168.69.122:45642], old=null, confs=<EMPTY_MAP>
2019-07-10 04:52:19,217 INFO  server.RaftServerConfigKeys (ConfUtils.java:logGet(43)) - raft.server.storage.dir = [/tmp/workdir/hadoop-ozone/tools/target/test-dir/MiniOzoneClusterImpl-570ecddb-4f6d-4d38-b3da-667f6a65466b/datanode-0/data/ratis] (custom)
2019-07-10 04:52:19,226 INFO  storage.RaftStorageDirectory (RaftStorageDirectory.java:analyzeStorage(246)) - The storage directory /tmp/workdir/hadoop-ozone/tools/target/test-dir/MiniOzoneClusterImpl-570ecddb-4f6d-4d38-b3da-667f6a65466b/datanode-0/data/ratis/6ca58aed-833b-4633-95df-2c432e9f58c8 does not exist. Creating ...
2019-07-10 04:52:19,246 INFO  storage.RaftStorageDirectory (RaftStorageDirectory.java:tryLock(328)) - Lock on /tmp/workdir/hadoop-ozone/tools/target/test-dir/MiniOzoneClusterImpl-570ecddb-4f6d-4d38-b3da-667f6a65466b/datanode-0/data/ratis/6ca58aed-833b-4633-95df-2c432e9f58c8/in_use.lock acquired by nodename 21137@hdds1735-7x7gx-353634902
2019-07-10 04:52:19,262 INFO  storage.RaftStorage (RaftStorage.java:format(72)) - Storage directory /tmp/workdir/hadoop-ozone/tools/target/test-dir/MiniOzoneClusterImpl-570ecddb-4f6d-4d38-b3da-667f6a65466b/datanode-0/data/ratis/6ca58aed-833b-4633-95df-2c432e9f58c8 has been successfully formatted.
2019-07-10 04:52:19,265 INFO  ratis.ContainerStateMachine (ContainerStateMachine.java:loadSnapshot(198)) - The snapshot info is null.Setting the last applied index to:(t:0, i:~)
2019-07-10 04:52:19,265 INFO  server.RaftServerConfigKeys (ConfUtils.java:logGet(43)) - raft.server.leader.election.timeout = 120s (custom)
2019-07-10 04:52:19,268 INFO  server.RaftServerConfigKeys (ConfUtils.java:logGet(43)) - raft.server.log.use.memory = false (default)
2019-07-10 04:52:19,276 INFO  server.RaftServerConfigKeys (ConfUtils.java:logGet(43)) - raft.server.log.purge.gap = 1000000000 (custom)
2019-07-10 04:52:19,276 INFO  server.RaftServerConfigKeys (ConfUtils.java:logGet(43)) - raft.server.log.appender.buffer.byte-limit = 33554432 (custom)
2019-07-10 04:52:19,278 INFO  server.RaftServerConfigKeys (ConfUtils.java:logGet(43)) - raft.server.log.segment.size.max = 1048576 (custom)
2019-07-10 04:52:19,284 INFO  server.RaftServerConfigKeys (ConfUtils.java:logGet(43)) - raft.server.log.segment.cache.num.max = 2 (custom)
2019-07-10 04:52:19,292 INFO  segmented.SegmentedRaftLogWorker (SegmentedRaftLogWorker.java:<init>(172)) - new a7250395-42a7-4287-8341-025ad29f298b-SegmentedRaftLogWorker:Storage Directory /tmp/workdir/hadoop-ozone/tools/target/test-dir/MiniOzoneClusterImpl-570ecddb-4f6d-4d38-b3da-667f6a65466b/datanode-0/data/ratis/6ca58aed-833b-4633-95df-2c432e9f58c8 for RaftStorage:Storage Directory /tmp/workdir/hadoop-ozone/tools/target/test-dir/MiniOzoneClusterImpl-570ecddb-4f6d-4d38-b3da-667f6a65466b/datanode-0/data/ratis/6ca58aed-833b-4633-95df-2c432e9f58c8
2019-07-10 04:52:19,309 INFO  server.RaftServerConfigKeys (ConfUtils.java:logGet(43)) - raft.server.log.queue.byte-limit = 2147483647 (custom)
2019-07-10 04:52:19,309 INFO  server.RaftServerConfigKeys (ConfUtils.java:logGet(43)) - raft.server.log.queue.element-limit = 1024 (custom)
2019-07-10 04:52:19,316 INFO  server.RaftServerConfigKeys (ConfUtils.java:logGet(43)) - raft.server.log.segment.size.max = 1048576 (custom)
2019-07-10 04:52:19,316 INFO  server.RaftServerConfigKeys (ConfUtils.java:logGet(43)) - raft.server.log.preallocated.size = 16384 (custom)
2019-07-10 04:52:19,317 INFO  server.RaftServerConfigKeys (ConfUtils.java:logGet(43)) - raft.server.log.write.buffer.size = 33554432 (custom)
2019-07-10 04:52:19,317 INFO  server.RaftServerConfigKeys (ConfUtils.java:logGet(43)) - raft.server.log.force.sync.num = 128 (default)
2019-07-10 04:52:19,319 INFO  server.RaftServerConfigKeys (ConfUtils.java:logGet(43)) - raft.server.log.statemachine.data.sync = true (default)
2019-07-10 04:52:19,319 INFO  server.RaftServerConfigKeys (ConfUtils.java:logGet(43)) - raft.server.log.statemachine.data.sync.timeout = 10s (default)
2019-07-10 04:52:19,319 INFO  server.RaftServerConfigKeys (ConfUtils.java:logGet(43)) - raft.server.log.statemachine.data.sync.timeout.retry = -1 (default)
2019-07-10 04:52:19,332 INFO  server.RaftServerConfigKeys (ConfUtils.java:logGet(43)) - raft.server.log.statemachine.data.caching.enabled = true (custom)
2019-07-10 04:52:19,337 INFO  segmented.SegmentedRaftLogWorker (SegmentedRaftLogWorker.java:lambda$new$0(132)) - a7250395-42a7-4287-8341-025ad29f298b-SegmentedRaftLogWorker:Storage Directory /tmp/workdir/hadoop-ozone/tools/target/test-dir/MiniOzoneClusterImpl-570ecddb-4f6d-4d38-b3da-667f6a65466b/datanode-0/data/ratis/6ca58aed-833b-4633-95df-2c432e9f58c8: flushIndex: setUnconditionally 0 -> -1
2019-07-10 04:52:19,342 INFO  server.RaftServerConfigKeys (ConfUtils.java:logGet(43)) - raft.server.snapshot.auto.trigger.enabled = true (custom)
2019-07-10 04:52:19,342 INFO  server.RaftServerConfigKeys (ConfUtils.java:logGet(43)) - raft.server.snapshot.auto.trigger.threshold = 10000 (custom)
2019-07-10 04:52:19,343 INFO  server.RaftServerConfigKeys (ConfUtils.java:logGet(43)) - raft.server.retrycache.expirytime = 600000ms (custom)
2019-07-10 04:52:19,668 INFO  impl.RaftServerImpl (RaftServerImpl.java:start(180)) - a7250395-42a7-4287-8341-025ad29f298b: start group-2C432E9F58C8
2019-07-10 04:52:19,669 INFO  impl.RaftServerImpl (RaftServerImpl.java:setRole(171)) - a7250395-42a7-4287-8341-025ad29f298b:group-2C432E9F58C8 changes role from null to FOLLOWER at term 0 for startAsFollower
2019-07-10 04:52:19,671 INFO  impl.RoleInfo (RoleInfo.java:updateAndGet(143)) - a7250395-42a7-4287-8341-025ad29f298b: start FollowerState
2019-07-10 04:52:19,674 INFO  util.JmxRegister (JmxRegister.java:tryRegister(44)) - Successfully registered JMX Bean with object name Ratis:service=RaftServer,group=group-2C432E9F58C8,id=a7250395-42a7-4287-8341-025ad29f298b
2019-07-10 04:52:19,745 INFO  pipeline.PipelineStateManager (PipelineStateManager.java:addPipeline(56)) - Created pipeline Pipeline[ Id: 6ca58aed-833b-4633-95df-2c432e9f58c8, Nodes: a7250395-42a7-4287-8341-025ad29f298b{ip: 192.168.69.122, host: hdds1735-7x7gx-353634902, networkLocation: /default-rack, certSerialId: null}, Type:RATIS, Factor:ONE, State:OPEN]
2019-07-10 04:52:19,769 INFO  impl.RaftServerProxy (RaftServerProxy.java:addNew(89)) - cb1fbf23-5aa1-4405-87d5-e2661ec793bc: addNew group-0983CAA15E7C:[cb1fbf23-5aa1-4405-87d5-e2661ec793bc:192.168.69.122:45878] returns group-0983CAA15E7C:java.util.concurrent.CompletableFuture@16ab318[Not completed]
2019-07-10 04:52:19,800 INFO  impl.RaftServerImpl (RaftServerImpl.java:<init>(93)) - cb1fbf23-5aa1-4405-87d5-e2661ec793bc: new RaftServerImpl for group-0983CAA15E7C:[cb1fbf23-5aa1-4405-87d5-e2661ec793bc:192.168.69.122:45878] with ContainerStateMachine:uninitialized
2019-07-10 04:52:19,802 INFO  server.RaftServerConfigKeys (ConfUtils.java:logGet(43)) - raft.server.rpc.timeout.min = 1s (custom)
2019-07-10 04:52:19,803 INFO  server.RaftServerConfigKeys (ConfUtils.java:logGet(43)) - raft.server.rpc.timeout.max = 1200ms (custom)
2019-07-10 04:52:19,803 INFO  server.RaftServerConfigKeys (ConfUtils.java:logGet(43)) - raft.server.rpcslowness.timeout = 120s (custom)
2019-07-10 04:52:19,803 INFO  server.RaftServerConfigKeys (ConfUtils.java:logGet(43)) - raft.server.sleep.deviation.threshold = 300 (default)
2019-07-10 04:52:19,803 INFO  server.RaftServerConfigKeys (ConfUtils.java:logGet(43)) - raft.server.log.appender.install.snapshot.enabled = false (custom)
2019-07-10 04:52:19,804 INFO  impl.RaftServerImpl (ServerState.java:<init>(105)) - cb1fbf23-5aa1-4405-87d5-e2661ec793bc:group-0983CAA15E7C ConfigurationManager, init=-1: [cb1fbf23-5aa1-4405-87d5-e2661ec793bc:192.168.69.122:45878], old=null, confs=<EMPTY_MAP>
2019-07-10 04:52:19,804 INFO  server.RaftServerConfigKeys (ConfUtils.java:logGet(43)) - raft.server.storage.dir = [/tmp/workdir/hadoop-ozone/tools/target/test-dir/MiniOzoneClusterImpl-570ecddb-4f6d-4d38-b3da-667f6a65466b/datanode-1/data/ratis] (custom)
2019-07-10 04:52:19,805 INFO  storage.RaftStorageDirectory (RaftStorageDirectory.java:analyzeStorage(246)) - The storage directory /tmp/workdir/hadoop-ozone/tools/target/test-dir/MiniOzoneClusterImpl-570ecddb-4f6d-4d38-b3da-667f6a65466b/datanode-1/data/ratis/9c21fa88-b1c8-4be2-bd5c-0983caa15e7c does not exist. Creating ...
2019-07-10 04:52:19,819 INFO  storage.RaftStorageDirectory (RaftStorageDirectory.java:tryLock(328)) - Lock on /tmp/workdir/hadoop-ozone/tools/target/test-dir/MiniOzoneClusterImpl-570ecddb-4f6d-4d38-b3da-667f6a65466b/datanode-1/data/ratis/9c21fa88-b1c8-4be2-bd5c-0983caa15e7c/in_use.lock acquired by nodename 21137@hdds1735-7x7gx-353634902
2019-07-10 04:52:19,833 INFO  storage.RaftStorage (RaftStorage.java:format(72)) - Storage directory /tmp/workdir/hadoop-ozone/tools/target/test-dir/MiniOzoneClusterImpl-570ecddb-4f6d-4d38-b3da-667f6a65466b/datanode-1/data/ratis/9c21fa88-b1c8-4be2-bd5c-0983caa15e7c has been successfully formatted.
2019-07-10 04:52:19,834 INFO  ratis.ContainerStateMachine (ContainerStateMachine.java:loadSnapshot(198)) - The snapshot info is null.Setting the last applied index to:(t:0, i:~)
2019-07-10 04:52:19,835 INFO  server.RaftServerConfigKeys (ConfUtils.java:logGet(43)) - raft.server.leader.election.timeout = 120s (custom)
2019-07-10 04:52:19,835 INFO  server.RaftServerConfigKeys (ConfUtils.java:logGet(43)) - raft.server.log.use.memory = false (default)
2019-07-10 04:52:19,836 INFO  server.RaftServerConfigKeys (ConfUtils.java:logGet(43)) - raft.server.log.purge.gap = 1000000000 (custom)
2019-07-10 04:52:19,836 INFO  server.RaftServerConfigKeys (ConfUtils.java:logGet(43)) - raft.server.log.appender.buffer.byte-limit = 33554432 (custom)
2019-07-10 04:52:19,836 INFO  server.RaftServerConfigKeys (ConfUtils.java:logGet(43)) - raft.server.log.segment.size.max = 1048576 (custom)
2019-07-10 04:52:19,836 INFO  server.RaftServerConfigKeys (ConfUtils.java:logGet(43)) - raft.server.log.segment.cache.num.max = 2 (custom)
2019-07-10 04:52:19,836 INFO  segmented.SegmentedRaftLogWorker (SegmentedRaftLogWorker.java:<init>(172)) - new cb1fbf23-5aa1-4405-87d5-e2661ec793bc-SegmentedRaftLogWorker:Storage Directory /tmp/workdir/hadoop-ozone/tools/target/test-dir/MiniOzoneClusterImpl-570ecddb-4f6d-4d38-b3da-667f6a65466b/datanode-1/data/ratis/9c21fa88-b1c8-4be2-bd5c-0983caa15e7c for RaftStorage:Storage Directory /tmp/workdir/hadoop-ozone/tools/target/test-dir/MiniOzoneClusterImpl-570ecddb-4f6d-4d38-b3da-667f6a65466b/datanode-1/data/ratis/9c21fa88-b1c8-4be2-bd5c-0983caa15e7c
2019-07-10 04:52:19,838 INFO  server.RaftServerConfigKeys (ConfUtils.java:logGet(43)) - raft.server.log.queue.byte-limit = 2147483647 (custom)
2019-07-10 04:52:19,838 INFO  server.RaftServerConfigKeys (ConfUtils.java:logGet(43)) - raft.server.log.queue.element-limit = 1024 (custom)
2019-07-10 04:52:19,839 INFO  server.RaftServerConfigKeys (ConfUtils.java:logGet(43)) - raft.server.log.segment.size.max = 1048576 (custom)
2019-07-10 04:52:19,839 INFO  server.RaftServerConfigKeys (ConfUtils.java:logGet(43)) - raft.server.log.preallocated.size = 16384 (custom)
2019-07-10 04:52:19,839 INFO  server.RaftServerConfigKeys (ConfUtils.java:logGet(43)) - raft.server.log.write.buffer.size = 33554432 (custom)
2019-07-10 04:52:19,839 INFO  server.RaftServerConfigKeys (ConfUtils.java:logGet(43)) - raft.server.log.force.sync.num = 128 (default)
2019-07-10 04:52:19,840 INFO  server.RaftServerConfigKeys (ConfUtils.java:logGet(43)) - raft.server.log.statemachine.data.sync = true (default)
2019-07-10 04:52:19,840 INFO  server.RaftServerConfigKeys (ConfUtils.java:logGet(43)) - raft.server.log.statemachine.data.sync.timeout = 10s (default)
2019-07-10 04:52:19,840 INFO  server.RaftServerConfigKeys (ConfUtils.java:logGet(43)) - raft.server.log.statemachine.data.sync.timeout.retry = -1 (default)
2019-07-10 04:52:19,840 INFO  server.RaftServerConfigKeys (ConfUtils.java:logGet(43)) - raft.server.log.statemachine.data.caching.enabled = true (custom)
2019-07-10 04:52:19,841 INFO  segmented.SegmentedRaftLogWorker (SegmentedRaftLogWorker.java:lambda$new$0(132)) - cb1fbf23-5aa1-4405-87d5-e2661ec793bc-SegmentedRaftLogWorker:Storage Directory /tmp/workdir/hadoop-ozone/tools/target/test-dir/MiniOzoneClusterImpl-570ecddb-4f6d-4d38-b3da-667f6a65466b/datanode-1/data/ratis/9c21fa88-b1c8-4be2-bd5c-0983caa15e7c: flushIndex: setUnconditionally 0 -> -1
2019-07-10 04:52:19,841 INFO  server.RaftServerConfigKeys (ConfUtils.java:logGet(43)) - raft.server.snapshot.auto.trigger.enabled = true (custom)
2019-07-10 04:52:19,842 INFO  server.RaftServerConfigKeys (ConfUtils.java:logGet(43)) - raft.server.snapshot.auto.trigger.threshold = 10000 (custom)
2019-07-10 04:52:19,842 INFO  server.RaftServerConfigKeys (ConfUtils.java:logGet(43)) - raft.server.retrycache.expirytime = 600000ms (custom)
2019-07-10 04:52:19,842 INFO  impl.RaftServerImpl (RaftServerImpl.java:start(180)) - cb1fbf23-5aa1-4405-87d5-e2661ec793bc: start group-0983CAA15E7C
2019-07-10 04:52:19,842 INFO  impl.RaftServerImpl (RaftServerImpl.java:setRole(171)) - cb1fbf23-5aa1-4405-87d5-e2661ec793bc:group-0983CAA15E7C changes role from null to FOLLOWER at term 0 for startAsFollower
2019-07-10 04:52:19,843 INFO  impl.RoleInfo (RoleInfo.java:updateAndGet(143)) - cb1fbf23-5aa1-4405-87d5-e2661ec793bc: start FollowerState
2019-07-10 04:52:19,844 INFO  util.JmxRegister (JmxRegister.java:tryRegister(44)) - Successfully registered JMX Bean with object name Ratis:service=RaftServer,group=group-0983CAA15E7C,id=cb1fbf23-5aa1-4405-87d5-e2661ec793bc
2019-07-10 04:52:19,858 INFO  pipeline.PipelineStateManager (PipelineStateManager.java:addPipeline(56)) - Created pipeline Pipeline[ Id: 9c21fa88-b1c8-4be2-bd5c-0983caa15e7c, Nodes: cb1fbf23-5aa1-4405-87d5-e2661ec793bc{ip: 192.168.69.122, host: hdds1735-7x7gx-353634902, networkLocation: /default-rack, certSerialId: null}, Type:RATIS, Factor:ONE, State:OPEN]
2019-07-10 04:52:19,883 INFO  impl.RaftServerProxy (RaftServerProxy.java:addNew(89)) - 417cb9e5-c49d-4ae9-8366-358494735e98: addNew group-E880C4F4A241:[417cb9e5-c49d-4ae9-8366-358494735e98:192.168.69.122:44601] returns group-E880C4F4A241:java.util.concurrent.CompletableFuture@67c7413c[Not completed]
2019-07-10 04:52:19,887 INFO  impl.RaftServerImpl (RaftServerImpl.java:<init>(93)) - 417cb9e5-c49d-4ae9-8366-358494735e98: new RaftServerImpl for group-E880C4F4A241:[417cb9e5-c49d-4ae9-8366-358494735e98:192.168.69.122:44601] with ContainerStateMachine:uninitialized
2019-07-10 04:52:19,888 INFO  server.RaftServerConfigKeys (ConfUtils.java:logGet(43)) - raft.server.rpc.timeout.min = 1s (custom)
2019-07-10 04:52:19,888 INFO  server.RaftServerConfigKeys (ConfUtils.java:logGet(43)) - raft.server.rpc.timeout.max = 1200ms (custom)
2019-07-10 04:52:19,888 INFO  server.RaftServerConfigKeys (ConfUtils.java:logGet(43)) - raft.server.rpcslowness.timeout = 120s (custom)
2019-07-10 04:52:19,888 INFO  server.RaftServerConfigKeys (ConfUtils.java:logGet(43)) - raft.server.sleep.deviation.threshold = 300 (default)
2019-07-10 04:52:19,888 INFO  server.RaftServerConfigKeys (ConfUtils.java:logGet(43)) - raft.server.log.appender.install.snapshot.enabled = false (custom)
2019-07-10 04:52:19,889 INFO  impl.RaftServerImpl (ServerState.java:<init>(105)) - 417cb9e5-c49d-4ae9-8366-358494735e98:group-E880C4F4A241 ConfigurationManager, init=-1: [417cb9e5-c49d-4ae9-8366-358494735e98:192.168.69.122:44601], old=null, confs=<EMPTY_MAP>
2019-07-10 04:52:19,889 INFO  server.RaftServerConfigKeys (ConfUtils.java:logGet(43)) - raft.server.storage.dir = [/tmp/workdir/hadoop-ozone/tools/target/test-dir/MiniOzoneClusterImpl-570ecddb-4f6d-4d38-b3da-667f6a65466b/datanode-2/data/ratis] (custom)
2019-07-10 04:52:19,889 INFO  storage.RaftStorageDirectory (RaftStorageDirectory.java:analyzeStorage(246)) - The storage directory /tmp/workdir/hadoop-ozone/tools/target/test-dir/MiniOzoneClusterImpl-570ecddb-4f6d-4d38-b3da-667f6a65466b/datanode-2/data/ratis/2855fdd9-da1d-4b2c-aacb-e880c4f4a241 does not exist. Creating ...
2019-07-10 04:52:19,898 INFO  storage.RaftStorageDirectory (RaftStorageDirectory.java:tryLock(328)) - Lock on /tmp/workdir/hadoop-ozone/tools/target/test-dir/MiniOzoneClusterImpl-570ecddb-4f6d-4d38-b3da-667f6a65466b/datanode-2/data/ratis/2855fdd9-da1d-4b2c-aacb-e880c4f4a241/in_use.lock acquired by nodename 21137@hdds1735-7x7gx-353634902
2019-07-10 04:52:19,911 INFO  storage.RaftStorage (RaftStorage.java:format(72)) - Storage directory /tmp/workdir/hadoop-ozone/tools/target/test-dir/MiniOzoneClusterImpl-570ecddb-4f6d-4d38-b3da-667f6a65466b/datanode-2/data/ratis/2855fdd9-da1d-4b2c-aacb-e880c4f4a241 has been successfully formatted.
2019-07-10 04:52:19,911 INFO  ratis.ContainerStateMachine (ContainerStateMachine.java:loadSnapshot(198)) - The snapshot info is null.Setting the last applied index to:(t:0, i:~)
2019-07-10 04:52:19,912 INFO  server.RaftServerConfigKeys (ConfUtils.java:logGet(43)) - raft.server.leader.election.timeout = 120s (custom)
2019-07-10 04:52:19,912 INFO  server.RaftServerConfigKeys (ConfUtils.java:logGet(43)) - raft.server.log.use.memory = false (default)
2019-07-10 04:52:19,912 INFO  server.RaftServerConfigKeys (ConfUtils.java:logGet(43)) - raft.server.log.purge.gap = 1000000000 (custom)
2019-07-10 04:52:19,912 INFO  server.RaftServerConfigKeys (ConfUtils.java:logGet(43)) - raft.server.log.appender.buffer.byte-limit = 33554432 (custom)
2019-07-10 04:52:19,912 INFO  server.RaftServerConfigKeys (ConfUtils.java:logGet(43)) - raft.server.log.segment.size.max = 1048576 (custom)
2019-07-10 04:52:19,912 INFO  server.RaftServerConfigKeys (ConfUtils.java:logGet(43)) - raft.server.log.segment.cache.num.max = 2 (custom)
2019-07-10 04:52:19,913 INFO  segmented.SegmentedRaftLogWorker (SegmentedRaftLogWorker.java:<init>(172)) - new 417cb9e5-c49d-4ae9-8366-358494735e98-SegmentedRaftLogWorker:Storage Directory /tmp/workdir/hadoop-ozone/tools/target/test-dir/MiniOzoneClusterImpl-570ecddb-4f6d-4d38-b3da-667f6a65466b/datanode-2/data/ratis/2855fdd9-da1d-4b2c-aacb-e880c4f4a241 for RaftStorage:Storage Directory /tmp/workdir/hadoop-ozone/tools/target/test-dir/MiniOzoneClusterImpl-570ecddb-4f6d-4d38-b3da-667f6a65466b/datanode-2/data/ratis/2855fdd9-da1d-4b2c-aacb-e880c4f4a241
2019-07-10 04:52:19,913 INFO  server.RaftServerConfigKeys (ConfUtils.java:logGet(43)) - raft.server.log.queue.byte-limit = 2147483647 (custom)
2019-07-10 04:52:19,913 INFO  server.RaftServerConfigKeys (ConfUtils.java:logGet(43)) - raft.server.log.queue.element-limit = 1024 (custom)
2019-07-10 04:52:19,913 INFO  server.RaftServerConfigKeys (ConfUtils.java:logGet(43)) - raft.server.log.segment.size.max = 1048576 (custom)
2019-07-10 04:52:19,914 INFO  server.RaftServerConfigKeys (ConfUtils.java:logGet(43)) - raft.server.log.preallocated.size = 16384 (custom)
2019-07-10 04:52:19,914 INFO  server.RaftServerConfigKeys (ConfUtils.java:logGet(43)) - raft.server.log.write.buffer.size = 33554432 (custom)
2019-07-10 04:52:19,914 INFO  server.RaftServerConfigKeys (ConfUtils.java:logGet(43)) - raft.server.log.force.sync.num = 128 (default)
2019-07-10 04:52:19,914 INFO  server.RaftServerConfigKeys (ConfUtils.java:logGet(43)) - raft.server.log.statemachine.data.sync = true (default)
2019-07-10 04:52:19,914 INFO  server.RaftServerConfigKeys (ConfUtils.java:logGet(43)) - raft.server.log.statemachine.data.sync.timeout = 10s (default)
2019-07-10 04:52:19,914 INFO  server.RaftServerConfigKeys (ConfUtils.java:logGet(43)) - raft.server.log.statemachine.data.sync.timeout.retry = -1 (default)
2019-07-10 04:52:19,915 INFO  server.RaftServerConfigKeys (ConfUtils.java:logGet(43)) - raft.server.log.statemachine.data.caching.enabled = true (custom)
2019-07-10 04:52:19,915 INFO  segmented.SegmentedRaftLogWorker (SegmentedRaftLogWorker.java:lambda$new$0(132)) - 417cb9e5-c49d-4ae9-8366-358494735e98-SegmentedRaftLogWorker:Storage Directory /tmp/workdir/hadoop-ozone/tools/target/test-dir/MiniOzoneClusterImpl-570ecddb-4f6d-4d38-b3da-667f6a65466b/datanode-2/data/ratis/2855fdd9-da1d-4b2c-aacb-e880c4f4a241: flushIndex: setUnconditionally 0 -> -1
2019-07-10 04:52:19,915 INFO  server.RaftServerConfigKeys (ConfUtils.java:logGet(43)) - raft.server.snapshot.auto.trigger.enabled = true (custom)
2019-07-10 04:52:19,916 INFO  server.RaftServerConfigKeys (ConfUtils.java:logGet(43)) - raft.server.snapshot.auto.trigger.threshold = 10000 (custom)
2019-07-10 04:52:19,916 INFO  server.RaftServerConfigKeys (ConfUtils.java:logGet(43)) - raft.server.retrycache.expirytime = 600000ms (custom)
2019-07-10 04:52:19,916 INFO  impl.RaftServerImpl (RaftServerImpl.java:start(180)) - 417cb9e5-c49d-4ae9-8366-358494735e98: start group-E880C4F4A241
2019-07-10 04:52:19,916 INFO  impl.RaftServerImpl (RaftServerImpl.java:setRole(171)) - 417cb9e5-c49d-4ae9-8366-358494735e98:group-E880C4F4A241 changes role from null to FOLLOWER at term 0 for startAsFollower
2019-07-10 04:52:19,916 INFO  impl.RoleInfo (RoleInfo.java:updateAndGet(143)) - 417cb9e5-c49d-4ae9-8366-358494735e98: start FollowerState
2019-07-10 04:52:19,917 INFO  util.JmxRegister (JmxRegister.java:tryRegister(44)) - Successfully registered JMX Bean with object name Ratis:service=RaftServer,group=group-E880C4F4A241,id=417cb9e5-c49d-4ae9-8366-358494735e98
2019-07-10 04:52:19,929 INFO  pipeline.PipelineStateManager (PipelineStateManager.java:addPipeline(56)) - Created pipeline Pipeline[ Id: 2855fdd9-da1d-4b2c-aacb-e880c4f4a241, Nodes: 417cb9e5-c49d-4ae9-8366-358494735e98{ip: 192.168.69.122, host: hdds1735-7x7gx-353634902, networkLocation: /default-rack, certSerialId: null}, Type:RATIS, Factor:ONE, State:OPEN]
2019-07-10 04:52:19,980 INFO  impl.RaftServerProxy (RaftServerProxy.java:addNew(89)) - cb1fbf23-5aa1-4405-87d5-e2661ec793bc: addNew group-7EB902CF0E9A:[a7250395-42a7-4287-8341-025ad29f298b:192.168.69.122:45642, 417cb9e5-c49d-4ae9-8366-358494735e98:192.168.69.122:44601, cb1fbf23-5aa1-4405-87d5-e2661ec793bc:192.168.69.122:45878] returns group-7EB902CF0E9A:java.util.concurrent.CompletableFuture@755fefe7[Not completed]
2019-07-10 04:52:19,980 INFO  impl.RaftServerProxy (RaftServerProxy.java:addNew(89)) - 417cb9e5-c49d-4ae9-8366-358494735e98: addNew group-7EB902CF0E9A:[a7250395-42a7-4287-8341-025ad29f298b:192.168.69.122:45642, 417cb9e5-c49d-4ae9-8366-358494735e98:192.168.69.122:44601, cb1fbf23-5aa1-4405-87d5-e2661ec793bc:192.168.69.122:45878] returns group-7EB902CF0E9A:java.util.concurrent.CompletableFuture@260f534d[Not completed]
2019-07-10 04:52:19,980 INFO  impl.RaftServerProxy (RaftServerProxy.java:addNew(89)) - a7250395-42a7-4287-8341-025ad29f298b: addNew group-7EB902CF0E9A:[a7250395-42a7-4287-8341-025ad29f298b:192.168.69.122:45642, 417cb9e5-c49d-4ae9-8366-358494735e98:192.168.69.122:44601, cb1fbf23-5aa1-4405-87d5-e2661ec793bc:192.168.69.122:45878] returns group-7EB902CF0E9A:java.util.concurrent.CompletableFuture@49bc6ff6[Not completed]
2019-07-10 04:52:19,981 INFO  impl.RaftServerImpl (RaftServerImpl.java:<init>(93)) - cb1fbf23-5aa1-4405-87d5-e2661ec793bc: new RaftServerImpl for group-7EB902CF0E9A:[a7250395-42a7-4287-8341-025ad29f298b:192.168.69.122:45642, 417cb9e5-c49d-4ae9-8366-358494735e98:192.168.69.122:44601, cb1fbf23-5aa1-4405-87d5-e2661ec793bc:192.168.69.122:45878] with ContainerStateMachine:uninitialized
2019-07-10 04:52:19,981 INFO  server.RaftServerConfigKeys (ConfUtils.java:logGet(43)) - raft.server.rpc.timeout.min = 1s (custom)
2019-07-10 04:52:19,982 INFO  server.RaftServerConfigKeys (ConfUtils.java:logGet(43)) - raft.server.rpc.timeout.max = 1200ms (custom)
2019-07-10 04:52:19,982 INFO  ozone.MiniOzoneClusterImpl (MiniOzoneClusterImpl.java:lambda$waitForClusterToBeReady$0(142)) - Cluster is ready. Got 3 of 3 DN Heartbeats.
2019-07-10 04:52:19,982 INFO  server.RaftServerConfigKeys (ConfUtils.java:logGet(43)) - raft.server.rpcslowness.timeout = 120s (custom)
2019-07-10 04:52:19,982 INFO  server.RaftServerConfigKeys (ConfUtils.java:logGet(43)) - raft.server.sleep.deviation.threshold = 300 (default)
2019-07-10 04:52:19,982 INFO  impl.RaftServerImpl (RaftServerImpl.java:<init>(93)) - a7250395-42a7-4287-8341-025ad29f298b: new RaftServerImpl for group-7EB902CF0E9A:[a7250395-42a7-4287-8341-025ad29f298b:192.168.69.122:45642, 417cb9e5-c49d-4ae9-8366-358494735e98:192.168.69.122:44601, cb1fbf23-5aa1-4405-87d5-e2661ec793bc:192.168.69.122:45878] with ContainerStateMachine:uninitialized
2019-07-10 04:52:19,982 INFO  server.RaftServerConfigKeys (ConfUtils.java:logGet(43)) - raft.server.log.appender.install.snapshot.enabled = false (custom)
2019-07-10 04:52:19,983 INFO  server.RaftServerConfigKeys (ConfUtils.java:logGet(43)) - raft.server.rpc.timeout.min = 1s (custom)
2019-07-10 04:52:19,983 INFO  impl.RaftServerImpl (RaftServerImpl.java:<init>(93)) - 417cb9e5-c49d-4ae9-8366-358494735e98: new RaftServerImpl for group-7EB902CF0E9A:[a7250395-42a7-4287-8341-025ad29f298b:192.168.69.122:45642, 417cb9e5-c49d-4ae9-8366-358494735e98:192.168.69.122:44601, cb1fbf23-5aa1-4405-87d5-e2661ec793bc:192.168.69.122:45878] with ContainerStateMachine:uninitialized
2019-07-10 04:52:19,983 INFO  impl.RaftServerImpl (ServerState.java:<init>(105)) - cb1fbf23-5aa1-4405-87d5-e2661ec793bc:group-7EB902CF0E9A ConfigurationManager, init=-1: [a7250395-42a7-4287-8341-025ad29f298b:192.168.69.122:45642, 417cb9e5-c49d-4ae9-8366-358494735e98:192.168.69.122:44601, cb1fbf23-5aa1-4405-87d5-e2661ec793bc:192.168.69.122:45878], old=null, confs=<EMPTY_MAP>
2019-07-10 04:52:19,983 INFO  server.RaftServerConfigKeys (ConfUtils.java:logGet(43)) - raft.server.rpc.timeout.min = 1s (custom)
2019-07-10 04:52:19,983 INFO  server.RaftServerConfigKeys (ConfUtils.java:logGet(43)) - raft.server.rpc.timeout.max = 1200ms (custom)
2019-07-10 04:52:19,983 INFO  server.RaftServerConfigKeys (ConfUtils.java:logGet(43)) - raft.server.rpc.timeout.max = 1200ms (custom)
2019-07-10 04:52:19,983 INFO  server.RaftServerConfigKeys (ConfUtils.java:logGet(43)) - raft.server.storage.dir = [/tmp/workdir/hadoop-ozone/tools/target/test-dir/MiniOzoneClusterImpl-570ecddb-4f6d-4d38-b3da-667f6a65466b/datanode-1/data/ratis] (custom)
2019-07-10 04:52:19,984 INFO  server.RaftServerConfigKeys (ConfUtils.java:logGet(43)) - raft.server.rpcslowness.timeout = 120s (custom)
2019-07-10 04:52:19,984 INFO  server.RaftServerConfigKeys (ConfUtils.java:logGet(43)) - raft.server.rpcslowness.timeout = 120s (custom)
2019-07-10 04:52:19,984 INFO  server.RaftServerConfigKeys (ConfUtils.java:logGet(43)) - raft.server.sleep.deviation.threshold = 300 (default)
2019-07-10 04:52:19,984 INFO  storage.RaftStorageDirectory (RaftStorageDirectory.java:analyzeStorage(246)) - The storage directory /tmp/workdir/hadoop-ozone/tools/target/test-dir/MiniOzoneClusterImpl-570ecddb-4f6d-4d38-b3da-667f6a65466b/datanode-1/data/ratis/033512d4-a86d-4a1f-9997-7eb902cf0e9a does not exist. Creating ...
2019-07-10 04:52:19,984 INFO  server.RaftServerConfigKeys (ConfUtils.java:logGet(43)) - raft.server.sleep.deviation.threshold = 300 (default)
2019-07-10 04:52:19,984 INFO  server.RaftServerConfigKeys (ConfUtils.java:logGet(43)) - raft.server.log.appender.install.snapshot.enabled = false (custom)
2019-07-10 04:52:19,985 INFO  server.RaftServerConfigKeys (ConfUtils.java:logGet(43)) - raft.server.log.appender.install.snapshot.enabled = false (custom)
2019-07-10 04:52:19,985 INFO  impl.RaftServerImpl (ServerState.java:<init>(105)) - 417cb9e5-c49d-4ae9-8366-358494735e98:group-7EB902CF0E9A ConfigurationManager, init=-1: [a7250395-42a7-4287-8341-025ad29f298b:192.168.69.122:45642, 417cb9e5-c49d-4ae9-8366-358494735e98:192.168.69.122:44601, cb1fbf23-5aa1-4405-87d5-e2661ec793bc:192.168.69.122:45878], old=null, confs=<EMPTY_MAP>
2019-07-10 04:52:19,985 INFO  impl.RaftServerImpl (ServerState.java:<init>(105)) - a7250395-42a7-4287-8341-025ad29f298b:group-7EB902CF0E9A ConfigurationManager, init=-1: [a7250395-42a7-4287-8341-025ad29f298b:192.168.69.122:45642, 417cb9e5-c49d-4ae9-8366-358494735e98:192.168.69.122:44601, cb1fbf23-5aa1-4405-87d5-e2661ec793bc:192.168.69.122:45878], old=null, confs=<EMPTY_MAP>
2019-07-10 04:52:19,985 INFO  server.RaftServerConfigKeys (ConfUtils.java:logGet(43)) - raft.server.storage.dir = [/tmp/workdir/hadoop-ozone/tools/target/test-dir/MiniOzoneClusterImpl-570ecddb-4f6d-4d38-b3da-667f6a65466b/datanode-2/data/ratis] (custom)
2019-07-10 04:52:19,985 INFO  server.RaftServerConfigKeys (ConfUtils.java:logGet(43)) - raft.server.storage.dir = [/tmp/workdir/hadoop-ozone/tools/target/test-dir/MiniOzoneClusterImpl-570ecddb-4f6d-4d38-b3da-667f6a65466b/datanode-0/data/ratis] (custom)
2019-07-10 04:52:19,986 INFO  storage.RaftStorageDirectory (RaftStorageDirectory.java:analyzeStorage(246)) - The storage directory /tmp/workdir/hadoop-ozone/tools/target/test-dir/MiniOzoneClusterImpl-570ecddb-4f6d-4d38-b3da-667f6a65466b/datanode-2/data/ratis/033512d4-a86d-4a1f-9997-7eb902cf0e9a does not exist. Creating ...
2019-07-10 04:52:19,986 INFO  storage.RaftStorageDirectory (RaftStorageDirectory.java:analyzeStorage(246)) - The storage directory /tmp/workdir/hadoop-ozone/tools/target/test-dir/MiniOzoneClusterImpl-570ecddb-4f6d-4d38-b3da-667f6a65466b/datanode-0/data/ratis/033512d4-a86d-4a1f-9997-7eb902cf0e9a does not exist. Creating ...
2019-07-10 04:52:19,998 INFO  storage.RaftStorageDirectory (RaftStorageDirectory.java:tryLock(328)) - Lock on /tmp/workdir/hadoop-ozone/tools/target/test-dir/MiniOzoneClusterImpl-570ecddb-4f6d-4d38-b3da-667f6a65466b/datanode-0/data/ratis/033512d4-a86d-4a1f-9997-7eb902cf0e9a/in_use.lock acquired by nodename 21137@hdds1735-7x7gx-353634902
2019-07-10 04:52:19,998 INFO  storage.RaftStorageDirectory (RaftStorageDirectory.java:tryLock(328)) - Lock on /tmp/workdir/hadoop-ozone/tools/target/test-dir/MiniOzoneClusterImpl-570ecddb-4f6d-4d38-b3da-667f6a65466b/datanode-1/data/ratis/033512d4-a86d-4a1f-9997-7eb902cf0e9a/in_use.lock acquired by nodename 21137@hdds1735-7x7gx-353634902
2019-07-10 04:52:19,998 INFO  storage.RaftStorageDirectory (RaftStorageDirectory.java:tryLock(328)) - Lock on /tmp/workdir/hadoop-ozone/tools/target/test-dir/MiniOzoneClusterImpl-570ecddb-4f6d-4d38-b3da-667f6a65466b/datanode-2/data/ratis/033512d4-a86d-4a1f-9997-7eb902cf0e9a/in_use.lock acquired by nodename 21137@hdds1735-7x7gx-353634902
2019-07-10 04:52:20,012 INFO  storage.RaftStorage (RaftStorage.java:format(72)) - Storage directory /tmp/workdir/hadoop-ozone/tools/target/test-dir/MiniOzoneClusterImpl-570ecddb-4f6d-4d38-b3da-667f6a65466b/datanode-1/data/ratis/033512d4-a86d-4a1f-9997-7eb902cf0e9a has been successfully formatted.
2019-07-10 04:52:20,012 INFO  storage.RaftStorage (RaftStorage.java:format(72)) - Storage directory /tmp/workdir/hadoop-ozone/tools/target/test-dir/MiniOzoneClusterImpl-570ecddb-4f6d-4d38-b3da-667f6a65466b/datanode-2/data/ratis/033512d4-a86d-4a1f-9997-7eb902cf0e9a has been successfully formatted.
2019-07-10 04:52:20,012 INFO  ratis.ContainerStateMachine (ContainerStateMachine.java:loadSnapshot(198)) - The snapshot info is null.Setting the last applied index to:(t:0, i:~)
2019-07-10 04:52:20,012 INFO  storage.RaftStorage (RaftStorage.java:format(72)) - Storage directory /tmp/workdir/hadoop-ozone/tools/target/test-dir/MiniOzoneClusterImpl-570ecddb-4f6d-4d38-b3da-667f6a65466b/datanode-0/data/ratis/033512d4-a86d-4a1f-9997-7eb902cf0e9a has been successfully formatted.
2019-07-10 04:52:20,013 INFO  server.RaftServerConfigKeys (ConfUtils.java:logGet(43)) - raft.server.leader.election.timeout = 120s (custom)
2019-07-10 04:52:20,013 INFO  ratis.ContainerStateMachine (ContainerStateMachine.java:loadSnapshot(198)) - The snapshot info is null.Setting the last applied index to:(t:0, i:~)
2019-07-10 04:52:20,013 INFO  ratis.ContainerStateMachine (ContainerStateMachine.java:loadSnapshot(198)) - The snapshot info is null.Setting the last applied index to:(t:0, i:~)
2019-07-10 04:52:20,013 INFO  server.RaftServerConfigKeys (ConfUtils.java:logGet(43)) - raft.server.log.use.memory = false (default)
2019-07-10 04:52:20,013 INFO  server.RaftServerConfigKeys (ConfUtils.java:logGet(43)) - raft.server.leader.election.timeout = 120s (custom)
2019-07-10 04:52:20,013 INFO  server.RaftServerConfigKeys (ConfUtils.java:logGet(43)) - raft.server.leader.election.timeout = 120s (custom)
2019-07-10 04:52:20,013 INFO  server.RaftServerConfigKeys (ConfUtils.java:logGet(43)) - raft.server.log.use.memory = false (default)
2019-07-10 04:52:20,013 INFO  server.RaftServerConfigKeys (ConfUtils.java:logGet(43)) - raft.server.log.purge.gap = 1000000000 (custom)
2019-07-10 04:52:20,014 INFO  server.RaftServerConfigKeys (ConfUtils.java:logGet(43)) - raft.server.log.purge.gap = 1000000000 (custom)
2019-07-10 04:52:20,014 INFO  server.RaftServerConfigKeys (ConfUtils.java:logGet(43)) - raft.server.log.use.memory = false (default)
2019-07-10 04:52:20,014 INFO  server.RaftServerConfigKeys (ConfUtils.java:logGet(43)) - raft.server.log.appender.buffer.byte-limit = 33554432 (custom)
2019-07-10 04:52:20,014 INFO  server.RaftServerConfigKeys (ConfUtils.java:logGet(43)) - raft.server.log.appender.buffer.byte-limit = 33554432 (custom)
2019-07-10 04:52:20,014 INFO  server.RaftServerConfigKeys (ConfUtils.java:logGet(43)) - raft.server.log.segment.size.max = 1048576 (custom)
2019-07-10 04:52:20,014 INFO  server.RaftServerConfigKeys (ConfUtils.java:logGet(43)) - raft.server.log.purge.gap = 1000000000 (custom)
2019-07-10 04:52:20,015 INFO  server.RaftServerConfigKeys (ConfUtils.java:logGet(43)) - raft.server.log.segment.cache.num.max = 2 (custom)
2019-07-10 04:52:20,015 INFO  server.RaftServerConfigKeys (ConfUtils.java:logGet(43)) - raft.server.log.segment.size.max = 1048576 (custom)
2019-07-10 04:52:20,015 INFO  segmented.SegmentedRaftLogWorker (SegmentedRaftLogWorker.java:<init>(172)) - new a7250395-42a7-4287-8341-025ad29f298b-SegmentedRaftLogWorker:Storage Directory /tmp/workdir/hadoop-ozone/tools/target/test-dir/MiniOzoneClusterImpl-570ecddb-4f6d-4d38-b3da-667f6a65466b/datanode-0/data/ratis/033512d4-a86d-4a1f-9997-7eb902cf0e9a for RaftStorage:Storage Directory /tmp/workdir/hadoop-ozone/tools/target/test-dir/MiniOzoneClusterImpl-570ecddb-4f6d-4d38-b3da-667f6a65466b/datanode-0/data/ratis/033512d4-a86d-4a1f-9997-7eb902cf0e9a
2019-07-10 04:52:20,015 INFO  server.RaftServerConfigKeys (ConfUtils.java:logGet(43)) - raft.server.log.appender.buffer.byte-limit = 33554432 (custom)
2019-07-10 04:52:20,015 INFO  server.RaftServerConfigKeys (ConfUtils.java:logGet(43)) - raft.server.log.queue.byte-limit = 2147483647 (custom)
2019-07-10 04:52:20,015 INFO  server.RaftServerConfigKeys (ConfUtils.java:logGet(43)) - raft.server.log.segment.cache.num.max = 2 (custom)
2019-07-10 04:52:20,026 INFO  server.RaftServerConfigKeys (ConfUtils.java:logGet(43)) - raft.server.log.queue.element-limit = 1024 (custom)
2019-07-10 04:52:20,015 INFO  server.RaftServerConfigKeys (ConfUtils.java:logGet(43)) - raft.server.log.segment.size.max = 1048576 (custom)
2019-07-10 04:52:20,027 INFO  server.RaftServerConfigKeys (ConfUtils.java:logGet(43)) - raft.server.log.segment.size.max = 1048576 (custom)
2019-07-10 04:52:20,027 INFO  segmented.SegmentedRaftLogWorker (SegmentedRaftLogWorker.java:<init>(172)) - new cb1fbf23-5aa1-4405-87d5-e2661ec793bc-SegmentedRaftLogWorker:Storage Directory /tmp/workdir/hadoop-ozone/tools/target/test-dir/MiniOzoneClusterImpl-570ecddb-4f6d-4d38-b3da-667f6a65466b/datanode-1/data/ratis/033512d4-a86d-4a1f-9997-7eb902cf0e9a for RaftStorage:Storage Directory /tmp/workdir/hadoop-ozone/tools/target/test-dir/MiniOzoneClusterImpl-570ecddb-4f6d-4d38-b3da-667f6a65466b/datanode-1/data/ratis/033512d4-a86d-4a1f-9997-7eb902cf0e9a
2019-07-10 04:52:20,027 INFO  server.RaftServerConfigKeys (ConfUtils.java:logGet(43)) - raft.server.log.preallocated.size = 16384 (custom)
2019-07-10 04:52:20,027 INFO  server.RaftServerConfigKeys (ConfUtils.java:logGet(43)) - raft.server.log.segment.cache.num.max = 2 (custom)
2019-07-10 04:52:20,027 INFO  server.RaftServerConfigKeys (ConfUtils.java:logGet(43)) - raft.server.log.write.buffer.size = 33554432 (custom)
2019-07-10 04:52:20,027 INFO  server.RaftServerConfigKeys (ConfUtils.java:logGet(43)) - raft.server.log.queue.byte-limit = 2147483647 (custom)
2019-07-10 04:52:20,029 INFO  server.RaftServerConfigKeys (ConfUtils.java:logGet(43)) - raft.server.log.force.sync.num = 128 (default)
2019-07-10 04:52:20,029 INFO  segmented.SegmentedRaftLogWorker (SegmentedRaftLogWorker.java:<init>(172)) - new 417cb9e5-c49d-4ae9-8366-358494735e98-SegmentedRaftLogWorker:Storage Directory /tmp/workdir/hadoop-ozone/tools/target/test-dir/MiniOzoneClusterImpl-570ecddb-4f6d-4d38-b3da-667f6a65466b/datanode-2/data/ratis/033512d4-a86d-4a1f-9997-7eb902cf0e9a for RaftStorage:Storage Directory /tmp/workdir/hadoop-ozone/tools/target/test-dir/MiniOzoneClusterImpl-570ecddb-4f6d-4d38-b3da-667f6a65466b/datanode-2/data/ratis/033512d4-a86d-4a1f-9997-7eb902cf0e9a
2019-07-10 04:52:20,029 INFO  server.RaftServerConfigKeys (ConfUtils.java:logGet(43)) - raft.server.log.statemachine.data.sync = true (default)
2019-07-10 04:52:20,029 INFO  server.RaftServerConfigKeys (ConfUtils.java:logGet(43)) - raft.server.log.queue.element-limit = 1024 (custom)
2019-07-10 04:52:20,031 INFO  server.RaftServerConfigKeys (ConfUtils.java:logGet(43)) - raft.server.log.statemachine.data.sync.timeout = 10s (default)
2019-07-10 04:52:20,029 INFO  server.RaftServerConfigKeys (ConfUtils.java:logGet(43)) - raft.server.log.queue.byte-limit = 2147483647 (custom)
2019-07-10 04:52:20,031 INFO  server.RaftServerConfigKeys (ConfUtils.java:logGet(43)) - raft.server.log.statemachine.data.sync.timeout.retry = -1 (default)
2019-07-10 04:52:20,031 INFO  server.RaftServerConfigKeys (ConfUtils.java:logGet(43)) - raft.server.log.segment.size.max = 1048576 (custom)
2019-07-10 04:52:20,032 INFO  server.RaftServerConfigKeys (ConfUtils.java:logGet(43)) - raft.server.log.statemachine.data.caching.enabled = true (custom)
2019-07-10 04:52:20,032 INFO  server.RaftServerConfigKeys (ConfUtils.java:logGet(43)) - raft.server.log.queue.element-limit = 1024 (custom)
2019-07-10 04:52:20,032 INFO  segmented.SegmentedRaftLogWorker (SegmentedRaftLogWorker.java:lambda$new$0(132)) - a7250395-42a7-4287-8341-025ad29f298b-SegmentedRaftLogWorker:Storage Directory /tmp/workdir/hadoop-ozone/tools/target/test-dir/MiniOzoneClusterImpl-570ecddb-4f6d-4d38-b3da-667f6a65466b/datanode-0/data/ratis/033512d4-a86d-4a1f-9997-7eb902cf0e9a: flushIndex: setUnconditionally 0 -> -1
2019-07-10 04:52:20,032 INFO  server.RaftServerConfigKeys (ConfUtils.java:logGet(43)) - raft.server.log.preallocated.size = 16384 (custom)
2019-07-10 04:52:20,032 INFO  server.RaftServerConfigKeys (ConfUtils.java:logGet(43)) - raft.server.log.segment.size.max = 1048576 (custom)
2019-07-10 04:52:20,033 INFO  server.RaftServerConfigKeys (ConfUtils.java:logGet(43)) - raft.server.snapshot.auto.trigger.enabled = true (custom)
2019-07-10 04:52:20,033 INFO  server.RaftServerConfigKeys (ConfUtils.java:logGet(43)) - raft.server.log.write.buffer.size = 33554432 (custom)
2019-07-10 04:52:20,033 INFO  server.RaftServerConfigKeys (ConfUtils.java:logGet(43)) - raft.server.snapshot.auto.trigger.threshold = 10000 (custom)
2019-07-10 04:52:20,033 INFO  server.RaftServerConfigKeys (ConfUtils.java:logGet(43)) - raft.server.log.preallocated.size = 16384 (custom)
2019-07-10 04:52:20,033 INFO  server.RaftServerConfigKeys (ConfUtils.java:logGet(43)) - raft.server.retrycache.expirytime = 600000ms (custom)
2019-07-10 04:52:20,033 INFO  server.RaftServerConfigKeys (ConfUtils.java:logGet(43)) - raft.server.log.force.sync.num = 128 (default)
2019-07-10 04:52:20,034 INFO  impl.RaftServerImpl (RaftServerImpl.java:start(180)) - a7250395-42a7-4287-8341-025ad29f298b: start group-7EB902CF0E9A
2019-07-10 04:52:20,034 INFO  server.RaftServerConfigKeys (ConfUtils.java:logGet(43)) - raft.server.log.statemachine.data.sync = true (default)
2019-07-10 04:52:20,034 INFO  server.RaftServerConfigKeys (ConfUtils.java:logGet(43)) - raft.server.log.write.buffer.size = 33554432 (custom)
2019-07-10 04:52:20,034 INFO  server.RaftServerConfigKeys (ConfUtils.java:logGet(43)) - raft.server.log.statemachine.data.sync.timeout = 10s (default)
2019-07-10 04:52:20,034 INFO  impl.RaftServerImpl (RaftServerImpl.java:setRole(171)) - a7250395-42a7-4287-8341-025ad29f298b:group-7EB902CF0E9A changes role from null to FOLLOWER at term 0 for startAsFollower
2019-07-10 04:52:20,034 INFO  server.RaftServerConfigKeys (ConfUtils.java:logGet(43)) - raft.server.log.statemachine.data.sync.timeout.retry = -1 (default)
2019-07-10 04:52:20,034 INFO  server.RaftServerConfigKeys (ConfUtils.java:logGet(43)) - raft.server.log.force.sync.num = 128 (default)
2019-07-10 04:52:20,035 INFO  server.RaftServerConfigKeys (ConfUtils.java:logGet(43)) - raft.server.log.statemachine.data.caching.enabled = true (custom)
2019-07-10 04:52:20,035 INFO  impl.RoleInfo (RoleInfo.java:updateAndGet(143)) - a7250395-42a7-4287-8341-025ad29f298b: start FollowerState
2019-07-10 04:52:20,035 INFO  server.RaftServerConfigKeys (ConfUtils.java:logGet(43)) - raft.server.log.statemachine.data.sync = true (default)
2019-07-10 04:52:20,035 INFO  segmented.SegmentedRaftLogWorker (SegmentedRaftLogWorker.java:lambda$new$0(132)) - cb1fbf23-5aa1-4405-87d5-e2661ec793bc-SegmentedRaftLogWorker:Storage Directory /tmp/workdir/hadoop-ozone/tools/target/test-dir/MiniOzoneClusterImpl-570ecddb-4f6d-4d38-b3da-667f6a65466b/datanode-1/data/ratis/033512d4-a86d-4a1f-9997-7eb902cf0e9a: flushIndex: setUnconditionally 0 -> -1
2019-07-10 04:52:20,035 INFO  server.RaftServerConfigKeys (ConfUtils.java:logGet(43)) - raft.server.log.statemachine.data.sync.timeout = 10s (default)
2019-07-10 04:52:20,036 INFO  util.JmxRegister (JmxRegister.java:tryRegister(44)) - Successfully registered JMX Bean with object name Ratis:service=RaftServer,group=group-7EB902CF0E9A,id=a7250395-42a7-4287-8341-025ad29f298b
2019-07-10 04:52:20,036 INFO  server.RaftServerConfigKeys (ConfUtils.java:logGet(43)) - raft.server.snapshot.auto.trigger.enabled = true (custom)
2019-07-10 04:52:20,036 INFO  server.RaftServerConfigKeys (ConfUtils.java:logGet(43)) - raft.server.log.statemachine.data.sync.timeout.retry = -1 (default)
2019-07-10 04:52:20,036 INFO  server.RaftServerConfigKeys (ConfUtils.java:logGet(43)) - raft.server.snapshot.auto.trigger.threshold = 10000 (custom)
2019-07-10 04:52:20,036 INFO  server.RaftServerConfigKeys (ConfUtils.java:logGet(43)) - raft.server.log.statemachine.data.caching.enabled = true (custom)
2019-07-10 04:52:20,036 INFO  server.RaftServerConfigKeys (ConfUtils.java:logGet(43)) - raft.server.retrycache.expirytime = 600000ms (custom)
2019-07-10 04:52:20,037 INFO  segmented.SegmentedRaftLogWorker (SegmentedRaftLogWorker.java:lambda$new$0(132)) - 417cb9e5-c49d-4ae9-8366-358494735e98-SegmentedRaftLogWorker:Storage Directory /tmp/workdir/hadoop-ozone/tools/target/test-dir/MiniOzoneClusterImpl-570ecddb-4f6d-4d38-b3da-667f6a65466b/datanode-2/data/ratis/033512d4-a86d-4a1f-9997-7eb902cf0e9a: flushIndex: setUnconditionally 0 -> -1
2019-07-10 04:52:20,037 INFO  impl.RaftServerImpl (RaftServerImpl.java:start(180)) - cb1fbf23-5aa1-4405-87d5-e2661ec793bc: start group-7EB902CF0E9A
2019-07-10 04:52:20,037 INFO  impl.RaftServerImpl (RaftServerImpl.java:setRole(171)) - cb1fbf23-5aa1-4405-87d5-e2661ec793bc:group-7EB902CF0E9A changes role from null to FOLLOWER at term 0 for startAsFollower
2019-07-10 04:52:20,037 INFO  server.RaftServerConfigKeys (ConfUtils.java:logGet(43)) - raft.server.snapshot.auto.trigger.enabled = true (custom)
2019-07-10 04:52:20,037 INFO  impl.RoleInfo (RoleInfo.java:updateAndGet(143)) - cb1fbf23-5aa1-4405-87d5-e2661ec793bc: start FollowerState
2019-07-10 04:52:20,038 INFO  server.RaftServerConfigKeys (ConfUtils.java:logGet(43)) - raft.server.snapshot.auto.trigger.threshold = 10000 (custom)
2019-07-10 04:52:20,040 INFO  server.RaftServerConfigKeys (ConfUtils.java:logGet(43)) - raft.server.retrycache.expirytime = 600000ms (custom)
2019-07-10 04:52:20,040 INFO  util.JmxRegister (JmxRegister.java:tryRegister(44)) - Successfully registered JMX Bean with object name Ratis:service=RaftServer,group=group-7EB902CF0E9A,id=cb1fbf23-5aa1-4405-87d5-e2661ec793bc
2019-07-10 04:52:20,040 INFO  impl.RaftServerImpl (RaftServerImpl.java:start(180)) - 417cb9e5-c49d-4ae9-8366-358494735e98: start group-7EB902CF0E9A
2019-07-10 04:52:20,041 INFO  impl.RaftServerImpl (RaftServerImpl.java:setRole(171)) - 417cb9e5-c49d-4ae9-8366-358494735e98:group-7EB902CF0E9A changes role from null to FOLLOWER at term 0 for startAsFollower
2019-07-10 04:52:20,041 INFO  impl.RoleInfo (RoleInfo.java:updateAndGet(143)) - 417cb9e5-c49d-4ae9-8366-358494735e98: start FollowerState
2019-07-10 04:52:20,042 INFO  util.JmxRegister (JmxRegister.java:tryRegister(44)) - Successfully registered JMX Bean with object name Ratis:service=RaftServer,group=group-7EB902CF0E9A,id=417cb9e5-c49d-4ae9-8366-358494735e98
2019-07-10 04:52:20,074 INFO  pipeline.PipelineStateManager (PipelineStateManager.java:addPipeline(56)) - Created pipeline Pipeline[ Id: 033512d4-a86d-4a1f-9997-7eb902cf0e9a, Nodes: cb1fbf23-5aa1-4405-87d5-e2661ec793bc{ip: 192.168.69.122, host: hdds1735-7x7gx-353634902, networkLocation: /default-rack, certSerialId: null}417cb9e5-c49d-4ae9-8366-358494735e98{ip: 192.168.69.122, host: hdds1735-7x7gx-353634902, networkLocation: /default-rack, certSerialId: null}a7250395-42a7-4287-8341-025ad29f298b{ip: 192.168.69.122, host: hdds1735-7x7gx-353634902, networkLocation: /default-rack, certSerialId: null}, Type:RATIS, Factor:THREE, State:OPEN]
2019-07-10 04:52:20,378 INFO  freon.RandomKeyGenerator (RandomKeyGenerator.java:call(262)) - Number of Threads: 10
2019-07-10 04:52:20,378 INFO  freon.RandomKeyGenerator (RandomKeyGenerator.java:call(267)) - Number of Volumes: 1.
2019-07-10 04:52:20,379 INFO  freon.RandomKeyGenerator (RandomKeyGenerator.java:call(268)) - Number of Buckets per Volume: 1.
2019-07-10 04:52:20,379 INFO  freon.RandomKeyGenerator (RandomKeyGenerator.java:call(269)) - Number of Keys per Bucket: 1.
2019-07-10 04:52:20,379 INFO  freon.RandomKeyGenerator (RandomKeyGenerator.java:call(270)) - Key size: 20971520 bytes
2019-07-10 04:52:20,379 INFO  freon.RandomKeyGenerator (RandomKeyGenerator.java:call(271)) - Buffer size: 4096 bytes
2019-07-10 04:52:20,380 INFO  freon.RandomKeyGenerator (RandomKeyGenerator.java:call(286)) - Data validation is enabled.
2019-07-10 04:52:20,382 INFO  freon.RandomKeyGenerator (RandomKeyGenerator.java:call(299)) - Starting progress bar Thread.

 0.00% |█                                                                                                    |  0/1 Time: 0:00:002019-07-10 04:52:20,421 INFO  rpc.RpcClient (RpcClient.java:createVolume(289)) - Creating Volume: vol-0-19988, with jenkins1000 as owner.
2019-07-10 04:52:20,473 INFO  rpc.RpcClient (RpcClient.java:createBucket(426)) - Creating Bucket: vol-0-19988/bucket-0-36740, with Versioning false and Storage Type set to DISK and Encryption set to false 
2019-07-10 04:52:20,778 INFO  impl.FollowerState (FollowerState.java:run(106)) - a7250395-42a7-4287-8341-025ad29f298b:group-2C432E9F58C8 changes to CANDIDATE, lastRpcTime:1107, electionTimeout:1106ms
2019-07-10 04:52:20,779 INFO  impl.RoleInfo (RoleInfo.java:shutdownFollowerState(121)) - a7250395-42a7-4287-8341-025ad29f298b: shutdown FollowerState
2019-07-10 04:52:20,779 INFO  impl.RaftServerImpl (RaftServerImpl.java:setRole(171)) - a7250395-42a7-4287-8341-025ad29f298b:group-2C432E9F58C8 changes role from FOLLOWER to CANDIDATE at term 0 for changeToCandidate
2019-07-10 04:52:20,786 INFO  impl.RoleInfo (RoleInfo.java:updateAndGet(143)) - a7250395-42a7-4287-8341-025ad29f298b: start LeaderElection
2019-07-10 04:52:20,804 INFO  impl.LeaderElection (LeaderElection.java:askForVotes(181)) - a7250395-42a7-4287-8341-025ad29f298b:group-2C432E9F58C8:LeaderElection1: begin an election at term 1 for -1: [a7250395-42a7-4287-8341-025ad29f298b:192.168.69.122:45642], old=null
2019-07-10 04:52:20,806 INFO  impl.RoleInfo (RoleInfo.java:shutdownLeaderElection(134)) - a7250395-42a7-4287-8341-025ad29f298b: shutdown LeaderElection
2019-07-10 04:52:20,806 INFO  client.GrpcClientProtocolClient (GrpcClientProtocolClient.java:onNext(255)) - client-5CF934249936->cb1fbf23-5aa1-4405-87d5-e2661ec793bc: receive RaftClientReply:client-5CF934249936->cb1fbf23-5aa1-4405-87d5-e2661ec793bc@group-7EB902CF0E9A, cid=6, FAILED org.apache.ratis.protocol.NotLeaderException: Server cb1fbf23-5aa1-4405-87d5-e2661ec793bc is not the leader (null). Request must be sent to leader., logIndex=0, commits[cb1fbf23-5aa1-4405-87d5-e2661ec793bc:c-1]
2019-07-10 04:52:20,806 INFO  impl.RaftServerImpl (RaftServerImpl.java:setRole(171)) - a7250395-42a7-4287-8341-025ad29f298b:group-2C432E9F58C8 changes role from CANDIDATE to LEADER at term 1 for changeToLeader
2019-07-10 04:52:20,808 INFO  impl.RaftServerImpl (ServerState.java:setLeader(263)) - a7250395-42a7-4287-8341-025ad29f298b:group-2C432E9F58C8 change Leader from null to a7250395-42a7-4287-8341-025ad29f298b at term 1 for becomeLeader, leader elected after 1542ms
2019-07-10 04:52:20,820 INFO  server.RaftServerConfigKeys (ConfUtils.java:logGet(43)) - raft.server.staging.catchup.gap = 1000 (default)
2019-07-10 04:52:20,821 INFO  server.RaftServerConfigKeys (ConfUtils.java:logGet(43)) - raft.server.rpc.sleep.time = 25ms (default)
2019-07-10 04:52:20,826 INFO  server.RaftServerConfigKeys (ConfUtils.java:logGet(43)) - raft.server.write.element-limit = 4096 (default)
2019-07-10 04:52:20,829 INFO  server.RaftServerConfigKeys (ConfUtils.java:logGet(43)) - raft.server.watch.timeout = 10s (default)
2019-07-10 04:52:20,829 INFO  server.RaftServerConfigKeys (ConfUtils.java:logGet(43)) - raft.server.watch.timeout.denomination = 1s (default)
2019-07-10 04:52:20,831 INFO  server.RaftServerConfigKeys (ConfUtils.java:logGet(43)) - raft.server.watch.element-limit = 65536 (default)
2019-07-10 04:52:20,841 INFO  impl.RoleInfo (RoleInfo.java:updateAndGet(143)) - a7250395-42a7-4287-8341-025ad29f298b: start LeaderState
2019-07-10 04:52:20,869 INFO  segmented.SegmentedRaftLogWorker (SegmentedRaftLogWorker.java:startLogSegment(380)) - a7250395-42a7-4287-8341-025ad29f298b-SegmentedRaftLogWorker:Storage Directory /tmp/workdir/hadoop-ozone/tools/target/test-dir/MiniOzoneClusterImpl-570ecddb-4f6d-4d38-b3da-667f6a65466b/datanode-0/data/ratis/6ca58aed-833b-4633-95df-2c432e9f58c8: Starting segment from index:0
2019-07-10 04:52:20,879 INFO  impl.RaftServerImpl (ServerState.java:setRaftConf(361)) - a7250395-42a7-4287-8341-025ad29f298b:group-2C432E9F58C8 set configuration 0: [a7250395-42a7-4287-8341-025ad29f298b:192.168.69.122:45642], old=null at 0
2019-07-10 04:52:20,925 INFO  impl.FollowerState (FollowerState.java:run(106)) - cb1fbf23-5aa1-4405-87d5-e2661ec793bc:group-0983CAA15E7C changes to CANDIDATE, lastRpcTime:1082, electionTimeout:1081ms
2019-07-10 04:52:20,927 INFO  impl.RoleInfo (RoleInfo.java:shutdownFollowerState(121)) - cb1fbf23-5aa1-4405-87d5-e2661ec793bc: shutdown FollowerState
2019-07-10 04:52:20,927 INFO  impl.RaftServerImpl (RaftServerImpl.java:setRole(171)) - cb1fbf23-5aa1-4405-87d5-e2661ec793bc:group-0983CAA15E7C changes role from FOLLOWER to CANDIDATE at term 0 for changeToCandidate
2019-07-10 04:52:20,927 INFO  impl.RoleInfo (RoleInfo.java:updateAndGet(143)) - cb1fbf23-5aa1-4405-87d5-e2661ec793bc: start LeaderElection
2019-07-10 04:52:20,937 INFO  impl.FollowerState (FollowerState.java:run(106)) - 417cb9e5-c49d-4ae9-8366-358494735e98:group-E880C4F4A241 changes to CANDIDATE, lastRpcTime:1020, electionTimeout:1020ms
2019-07-10 04:52:20,937 INFO  impl.RoleInfo (RoleInfo.java:shutdownFollowerState(121)) - 417cb9e5-c49d-4ae9-8366-358494735e98: shutdown FollowerState
2019-07-10 04:52:20,937 INFO  impl.RaftServerImpl (RaftServerImpl.java:setRole(171)) - 417cb9e5-c49d-4ae9-8366-358494735e98:group-E880C4F4A241 changes role from FOLLOWER to CANDIDATE at term 0 for changeToCandidate
2019-07-10 04:52:20,938 INFO  impl.RoleInfo (RoleInfo.java:updateAndGet(143)) - 417cb9e5-c49d-4ae9-8366-358494735e98: start LeaderElection
2019-07-10 04:52:20,945 INFO  impl.LeaderElection (LeaderElection.java:askForVotes(181)) - cb1fbf23-5aa1-4405-87d5-e2661ec793bc:group-0983CAA15E7C:LeaderElection2: begin an election at term 1 for -1: [cb1fbf23-5aa1-4405-87d5-e2661ec793bc:192.168.69.122:45878], old=null
2019-07-10 04:52:20,945 INFO  impl.LeaderElection (LeaderElection.java:askForVotes(181)) - 417cb9e5-c49d-4ae9-8366-358494735e98:group-E880C4F4A241:LeaderElection3: begin an election at term 1 for -1: [417cb9e5-c49d-4ae9-8366-358494735e98:192.168.69.122:44601], old=null
2019-07-10 04:52:20,946 INFO  impl.RoleInfo (RoleInfo.java:shutdownLeaderElection(134)) - cb1fbf23-5aa1-4405-87d5-e2661ec793bc: shutdown LeaderElection
2019-07-10 04:52:20,946 INFO  impl.RoleInfo (RoleInfo.java:shutdownLeaderElection(134)) - 417cb9e5-c49d-4ae9-8366-358494735e98: shutdown LeaderElection
2019-07-10 04:52:20,946 INFO  impl.RaftServerImpl (RaftServerImpl.java:setRole(171)) - cb1fbf23-5aa1-4405-87d5-e2661ec793bc:group-0983CAA15E7C changes role from CANDIDATE to LEADER at term 1 for changeToLeader
2019-07-10 04:52:20,947 INFO  impl.RaftServerImpl (RaftServerImpl.java:setRole(171)) - 417cb9e5-c49d-4ae9-8366-358494735e98:group-E880C4F4A241 changes role from CANDIDATE to LEADER at term 1 for changeToLeader
2019-07-10 04:52:20,947 INFO  impl.RaftServerImpl (ServerState.java:setLeader(263)) - cb1fbf23-5aa1-4405-87d5-e2661ec793bc:group-0983CAA15E7C change Leader from null to cb1fbf23-5aa1-4405-87d5-e2661ec793bc at term 1 for becomeLeader, leader elected after 1111ms
2019-07-10 04:52:20,947 INFO  impl.RaftServerImpl (ServerState.java:setLeader(263)) - 417cb9e5-c49d-4ae9-8366-358494735e98:group-E880C4F4A241 change Leader from null to 417cb9e5-c49d-4ae9-8366-358494735e98 at term 1 for becomeLeader, leader elected after 1035ms
2019-07-10 04:52:20,947 INFO  server.RaftServerConfigKeys (ConfUtils.java:logGet(43)) - raft.server.staging.catchup.gap = 1000 (default)
2019-07-10 04:52:20,947 INFO  server.RaftServerConfigKeys (ConfUtils.java:logGet(43)) - raft.server.staging.catchup.gap = 1000 (default)
2019-07-10 04:52:20,947 INFO  server.RaftServerConfigKeys (ConfUtils.java:logGet(43)) - raft.server.rpc.sleep.time = 25ms (default)
2019-07-10 04:52:20,948 INFO  server.RaftServerConfigKeys (ConfUtils.java:logGet(43)) - raft.server.rpc.sleep.time = 25ms (default)
2019-07-10 04:52:20,948 INFO  server.RaftServerConfigKeys (ConfUtils.java:logGet(43)) - raft.server.write.element-limit = 4096 (default)
2019-07-10 04:52:20,948 INFO  server.RaftServerConfigKeys (ConfUtils.java:logGet(43)) - raft.server.write.element-limit = 4096 (default)
2019-07-10 04:52:20,948 INFO  server.RaftServerConfigKeys (ConfUtils.java:logGet(43)) - raft.server.watch.timeout = 10s (default)
2019-07-10 04:52:20,948 INFO  server.RaftServerConfigKeys (ConfUtils.java:logGet(43)) - raft.server.watch.timeout = 10s (default)
2019-07-10 04:52:20,948 INFO  server.RaftServerConfigKeys (ConfUtils.java:logGet(43)) - raft.server.watch.timeout.denomination = 1s (default)
2019-07-10 04:52:20,949 INFO  server.RaftServerConfigKeys (ConfUtils.java:logGet(43)) - raft.server.watch.timeout.denomination = 1s (default)
2019-07-10 04:52:20,949 INFO  server.RaftServerConfigKeys (ConfUtils.java:logGet(43)) - raft.server.watch.element-limit = 65536 (default)
2019-07-10 04:52:20,949 INFO  server.RaftServerConfigKeys (ConfUtils.java:logGet(43)) - raft.server.watch.element-limit = 65536 (default)
2019-07-10 04:52:20,949 INFO  impl.RoleInfo (RoleInfo.java:updateAndGet(143)) - cb1fbf23-5aa1-4405-87d5-e2661ec793bc: start LeaderState
2019-07-10 04:52:20,949 INFO  impl.RoleInfo (RoleInfo.java:updateAndGet(143)) - 417cb9e5-c49d-4ae9-8366-358494735e98: start LeaderState
2019-07-10 04:52:20,949 INFO  segmented.SegmentedRaftLogWorker (SegmentedRaftLogWorker.java:startLogSegment(380)) - cb1fbf23-5aa1-4405-87d5-e2661ec793bc-SegmentedRaftLogWorker:Storage Directory /tmp/workdir/hadoop-ozone/tools/target/test-dir/MiniOzoneClusterImpl-570ecddb-4f6d-4d38-b3da-667f6a65466b/datanode-1/data/ratis/9c21fa88-b1c8-4be2-bd5c-0983caa15e7c: Starting segment from index:0
2019-07-10 04:52:20,950 INFO  segmented.SegmentedRaftLogWorker (SegmentedRaftLogWorker.java:startLogSegment(380)) - 417cb9e5-c49d-4ae9-8366-358494735e98-SegmentedRaftLogWorker:Storage Directory /tmp/workdir/hadoop-ozone/tools/target/test-dir/MiniOzoneClusterImpl-570ecddb-4f6d-4d38-b3da-667f6a65466b/datanode-2/data/ratis/2855fdd9-da1d-4b2c-aacb-e880c4f4a241: Starting segment from index:0
2019-07-10 04:52:20,950 INFO  impl.RaftServerImpl (ServerState.java:setRaftConf(361)) - cb1fbf23-5aa1-4405-87d5-e2661ec793bc:group-0983CAA15E7C set configuration 0: [cb1fbf23-5aa1-4405-87d5-e2661ec793bc:192.168.69.122:45878], old=null at 0
2019-07-10 04:52:20,952 INFO  impl.RaftServerImpl (ServerState.java:setRaftConf(361)) - 417cb9e5-c49d-4ae9-8366-358494735e98:group-E880C4F4A241 set configuration 0: [417cb9e5-c49d-4ae9-8366-358494735e98:192.168.69.122:44601], old=null at 0
2019-07-10 04:52:21,102 INFO  segmented.SegmentedRaftLogWorker (SegmentedRaftLogWorker.java:execute(569)) - a7250395-42a7-4287-8341-025ad29f298b-SegmentedRaftLogWorker:Storage Directory /tmp/workdir/hadoop-ozone/tools/target/test-dir/MiniOzoneClusterImpl-570ecddb-4f6d-4d38-b3da-667f6a65466b/datanode-0/data/ratis/6ca58aed-833b-4633-95df-2c432e9f58c8: created new log segment /tmp/workdir/hadoop-ozone/tools/target/test-dir/MiniOzoneClusterImpl-570ecddb-4f6d-4d38-b3da-667f6a65466b/datanode-0/data/ratis/6ca58aed-833b-4633-95df-2c432e9f58c8/current/log_inprogress_0
2019-07-10 04:52:21,102 INFO  segmented.SegmentedRaftLogWorker (SegmentedRaftLogWorker.java:execute(569)) - cb1fbf23-5aa1-4405-87d5-e2661ec793bc-SegmentedRaftLogWorker:Storage Directory /tmp/workdir/hadoop-ozone/tools/target/test-dir/MiniOzoneClusterImpl-570ecddb-4f6d-4d38-b3da-667f6a65466b/datanode-1/data/ratis/9c21fa88-b1c8-4be2-bd5c-0983caa15e7c: created new log segment /tmp/workdir/hadoop-ozone/tools/target/test-dir/MiniOzoneClusterImpl-570ecddb-4f6d-4d38-b3da-667f6a65466b/datanode-1/data/ratis/9c21fa88-b1c8-4be2-bd5c-0983caa15e7c/current/log_inprogress_0
2019-07-10 04:52:21,102 INFO  segmented.SegmentedRaftLogWorker (SegmentedRaftLogWorker.java:execute(569)) - 417cb9e5-c49d-4ae9-8366-358494735e98-SegmentedRaftLogWorker:Storage Directory /tmp/workdir/hadoop-ozone/tools/target/test-dir/MiniOzoneClusterImpl-570ecddb-4f6d-4d38-b3da-667f6a65466b/datanode-2/data/ratis/2855fdd9-da1d-4b2c-aacb-e880c4f4a241: created new log segment /tmp/workdir/hadoop-ozone/tools/target/test-dir/MiniOzoneClusterImpl-570ecddb-4f6d-4d38-b3da-667f6a65466b/datanode-2/data/ratis/2855fdd9-da1d-4b2c-aacb-e880c4f4a241/current/log_inprogress_0
2019-07-10 04:52:21,153 INFO  impl.FollowerState (FollowerState.java:run(106)) - a7250395-42a7-4287-8341-025ad29f298b:group-7EB902CF0E9A changes to CANDIDATE, lastRpcTime:1118, electionTimeout:1117ms
2019-07-10 04:52:21,154 INFO  impl.RoleInfo (RoleInfo.java:shutdownFollowerState(121)) - a7250395-42a7-4287-8341-025ad29f298b: shutdown FollowerState
2019-07-10 04:52:21,154 INFO  impl.RaftServerImpl (RaftServerImpl.java:setRole(171)) - a7250395-42a7-4287-8341-025ad29f298b:group-7EB902CF0E9A changes role from FOLLOWER to CANDIDATE at term 0 for changeToCandidate
2019-07-10 04:52:21,154 INFO  impl.RoleInfo (RoleInfo.java:updateAndGet(143)) - a7250395-42a7-4287-8341-025ad29f298b: start LeaderElection
2019-07-10 04:52:21,163 INFO  impl.FollowerState (FollowerState.java:run(106)) - cb1fbf23-5aa1-4405-87d5-e2661ec793bc:group-7EB902CF0E9A changes to CANDIDATE, lastRpcTime:1125, electionTimeout:1123ms
2019-07-10 04:52:21,164 INFO  impl.RoleInfo (RoleInfo.java:shutdownFollowerState(121)) - cb1fbf23-5aa1-4405-87d5-e2661ec793bc: shutdown FollowerState
2019-07-10 04:52:21,164 INFO  impl.RaftServerImpl (RaftServerImpl.java:setRole(171)) - cb1fbf23-5aa1-4405-87d5-e2661ec793bc:group-7EB902CF0E9A changes role from FOLLOWER to CANDIDATE at term 0 for changeToCandidate
2019-07-10 04:52:21,165 INFO  impl.RoleInfo (RoleInfo.java:updateAndGet(143)) - cb1fbf23-5aa1-4405-87d5-e2661ec793bc: start LeaderElection
2019-07-10 04:52:21,172 INFO  impl.LeaderElection (LeaderElection.java:askForVotes(181)) - cb1fbf23-5aa1-4405-87d5-e2661ec793bc:group-7EB902CF0E9A:LeaderElection5: begin an election at term 1 for -1: [a7250395-42a7-4287-8341-025ad29f298b:192.168.69.122:45642, 417cb9e5-c49d-4ae9-8366-358494735e98:192.168.69.122:44601, cb1fbf23-5aa1-4405-87d5-e2661ec793bc:192.168.69.122:45878], old=null
2019-07-10 04:52:21,172 INFO  impl.LeaderElection (LeaderElection.java:askForVotes(181)) - a7250395-42a7-4287-8341-025ad29f298b:group-7EB902CF0E9A:LeaderElection4: begin an election at term 1 for -1: [a7250395-42a7-4287-8341-025ad29f298b:192.168.69.122:45642, 417cb9e5-c49d-4ae9-8366-358494735e98:192.168.69.122:44601, cb1fbf23-5aa1-4405-87d5-e2661ec793bc:192.168.69.122:45878], old=null
2019-07-10 04:52:21,211 INFO  impl.RaftServerImpl (RaftServerImpl.java:setRole(171)) - 417cb9e5-c49d-4ae9-8366-358494735e98:group-7EB902CF0E9A changes role from FOLLOWER to FOLLOWER at term 1 for recognizeCandidate:a7250395-42a7-4287-8341-025ad29f298b
2019-07-10 04:52:21,211 INFO  impl.RoleInfo (RoleInfo.java:shutdownFollowerState(121)) - 417cb9e5-c49d-4ae9-8366-358494735e98: shutdown FollowerState
2019-07-10 04:52:21,212 INFO  impl.RoleInfo (RoleInfo.java:updateAndGet(143)) - 417cb9e5-c49d-4ae9-8366-358494735e98: start FollowerState
2019-07-10 04:52:21,212 INFO  impl.FollowerState (FollowerState.java:run(114)) - 417cb9e5-c49d-4ae9-8366-358494735e98: FollowerState was interrupted: java.lang.InterruptedException: sleep interrupted
2019-07-10 04:52:21,246 INFO  impl.LeaderElection (LeaderElection.java:logAndReturn(56)) - cb1fbf23-5aa1-4405-87d5-e2661ec793bc:group-7EB902CF0E9A:LeaderElection5: Election REJECTED; received 2 response(s) [cb1fbf23-5aa1-4405-87d5-e2661ec793bc<-a7250395-42a7-4287-8341-025ad29f298b#0:FAIL-t1, cb1fbf23-5aa1-4405-87d5-e2661ec793bc<-417cb9e5-c49d-4ae9-8366-358494735e98#0:FAIL-t1] and 0 exception(s); cb1fbf23-5aa1-4405-87d5-e2661ec793bc:t1, leader=null, voted=cb1fbf23-5aa1-4405-87d5-e2661ec793bc, raftlog=cb1fbf23-5aa1-4405-87d5-e2661ec793bc-SegmentedRaftLog:OPENED:c-1,f-1,i0, conf=-1: [a7250395-42a7-4287-8341-025ad29f298b:192.168.69.122:45642, 417cb9e5-c49d-4ae9-8366-358494735e98:192.168.69.122:44601, cb1fbf23-5aa1-4405-87d5-e2661ec793bc:192.168.69.122:45878], old=null
2019-07-10 04:52:21,246 INFO  impl.LeaderElection (LeaderElection.java:logAndReturn(56)) - a7250395-42a7-4287-8341-025ad29f298b:group-7EB902CF0E9A:LeaderElection4: Election PASSED; received 2 response(s) [a7250395-42a7-4287-8341-025ad29f298b<-417cb9e5-c49d-4ae9-8366-358494735e98#0:OK-t1, a7250395-42a7-4287-8341-025ad29f298b<-cb1fbf23-5aa1-4405-87d5-e2661ec793bc#0:FAIL-t1] and 0 exception(s); a7250395-42a7-4287-8341-025ad29f298b:t1, leader=null, voted=a7250395-42a7-4287-8341-025ad29f298b, raftlog=a7250395-42a7-4287-8341-025ad29f298b-SegmentedRaftLog:OPENED:c-1,f-1,i0, conf=-1: [a7250395-42a7-4287-8341-025ad29f298b:192.168.69.122:45642, 417cb9e5-c49d-4ae9-8366-358494735e98:192.168.69.122:44601, cb1fbf23-5aa1-4405-87d5-e2661ec793bc:192.168.69.122:45878], old=null
2019-07-10 04:52:21,246 INFO  impl.RaftServerImpl (RaftServerImpl.java:setRole(171)) - cb1fbf23-5aa1-4405-87d5-e2661ec793bc:group-7EB902CF0E9A changes role from CANDIDATE to FOLLOWER at term 1 for DISCOVERED_A_NEW_TERM
2019-07-10 04:52:21,247 INFO  impl.RoleInfo (RoleInfo.java:shutdownLeaderElection(134)) - a7250395-42a7-4287-8341-025ad29f298b: shutdown LeaderElection
2019-07-10 04:52:21,249 INFO  impl.RoleInfo (RoleInfo.java:shutdownLeaderElection(134)) - cb1fbf23-5aa1-4405-87d5-e2661ec793bc: shutdown LeaderElection
2019-07-10 04:52:21,251 INFO  impl.RaftServerImpl (RaftServerImpl.java:setRole(171)) - a7250395-42a7-4287-8341-025ad29f298b:group-7EB902CF0E9A changes role from CANDIDATE to LEADER at term 1 for changeToLeader
2019-07-10 04:52:21,251 INFO  impl.RoleInfo (RoleInfo.java:updateAndGet(143)) - cb1fbf23-5aa1-4405-87d5-e2661ec793bc: start FollowerState
2019-07-10 04:52:21,251 INFO  impl.RaftServerImpl (ServerState.java:setLeader(263)) - a7250395-42a7-4287-8341-025ad29f298b:group-7EB902CF0E9A change Leader from null to a7250395-42a7-4287-8341-025ad29f298b at term 1 for becomeLeader, leader elected after 1238ms
2019-07-10 04:52:21,252 INFO  server.RaftServerConfigKeys (ConfUtils.java:logGet(43)) - raft.server.staging.catchup.gap = 1000 (default)
2019-07-10 04:52:21,253 INFO  server.RaftServerConfigKeys (ConfUtils.java:logGet(43)) - raft.server.rpc.sleep.time = 25ms (default)
2019-07-10 04:52:21,253 INFO  server.RaftServerConfigKeys (ConfUtils.java:logGet(43)) - raft.server.write.element-limit = 4096 (default)
2019-07-10 04:52:21,253 INFO  server.RaftServerConfigKeys (ConfUtils.java:logGet(43)) - raft.server.watch.timeout = 10s (default)
2019-07-10 04:52:21,253 INFO  server.RaftServerConfigKeys (ConfUtils.java:logGet(43)) - raft.server.watch.timeout.denomination = 1s (default)
2019-07-10 04:52:21,253 INFO  server.RaftServerConfigKeys (ConfUtils.java:logGet(43)) - raft.server.watch.element-limit = 65536 (default)
2019-07-10 04:52:21,256 INFO  server.RaftServerConfigKeys (ConfUtils.java:logGet(43)) - raft.server.log.appender.snapshot.chunk.size.max = 16MB (=16777216) (default)
2019-07-10 04:52:21,256 INFO  server.RaftServerConfigKeys (ConfUtils.java:logGet(43)) - raft.server.log.appender.buffer.byte-limit = 33554432 (custom)
2019-07-10 04:52:21,257 INFO  server.RaftServerConfigKeys (ConfUtils.java:logGet(43)) - raft.server.log.appender.buffer.element-limit = 1 (custom)
2019-07-10 04:52:21,260 INFO  grpc.GrpcConfigKeys$Server (ConfUtils.java:logGet(43)) - raft.grpc.server.leader.outstanding.appends.max = 128 (default)
2019-07-10 04:52:21,262 INFO  server.RaftServerConfigKeys (ConfUtils.java:logGet(43)) - raft.server.rpc.request.timeout = 3000ms (default)
2019-07-10 04:52:21,262 INFO  server.RaftServerConfigKeys (ConfUtils.java:logGet(43)) - raft.server.log.appender.install.snapshot.enabled = false (custom)
2019-07-10 04:52:21,262 INFO  server.RaftServerConfigKeys (ConfUtils.java:logGet(43)) - raft.server.log.appender.snapshot.chunk.size.max = 16MB (=16777216) (default)
2019-07-10 04:52:21,262 INFO  server.RaftServerConfigKeys (ConfUtils.java:logGet(43)) - raft.server.log.appender.buffer.byte-limit = 33554432 (custom)
2019-07-10 04:52:21,262 INFO  server.RaftServerConfigKeys (ConfUtils.java:logGet(43)) - raft.server.log.appender.buffer.element-limit = 1 (custom)
2019-07-10 04:52:21,263 INFO  grpc.GrpcConfigKeys$Server (ConfUtils.java:logGet(43)) - raft.grpc.server.leader.outstanding.appends.max = 128 (default)
2019-07-10 04:52:21,263 INFO  server.RaftServerConfigKeys (ConfUtils.java:logGet(43)) - raft.server.rpc.request.timeout = 3000ms (default)
2019-07-10 04:52:21,263 INFO  server.RaftServerConfigKeys (ConfUtils.java:logGet(43)) - raft.server.log.appender.install.snapshot.enabled = false (custom)
2019-07-10 04:52:21,264 INFO  impl.RoleInfo (RoleInfo.java:updateAndGet(143)) - a7250395-42a7-4287-8341-025ad29f298b: start LeaderState
2019-07-10 04:52:21,265 INFO  segmented.SegmentedRaftLogWorker (SegmentedRaftLogWorker.java:startLogSegment(380)) - a7250395-42a7-4287-8341-025ad29f298b-SegmentedRaftLogWorker:Storage Directory /tmp/workdir/hadoop-ozone/tools/target/test-dir/MiniOzoneClusterImpl-570ecddb-4f6d-4d38-b3da-667f6a65466b/datanode-0/data/ratis/033512d4-a86d-4a1f-9997-7eb902cf0e9a: Starting segment from index:0
2019-07-10 04:52:21,266 INFO  impl.RaftServerImpl (ServerState.java:setRaftConf(361)) - a7250395-42a7-4287-8341-025ad29f298b:group-7EB902CF0E9A set configuration 0: [a7250395-42a7-4287-8341-025ad29f298b:192.168.69.122:45642, 417cb9e5-c49d-4ae9-8366-358494735e98:192.168.69.122:44601, cb1fbf23-5aa1-4405-87d5-e2661ec793bc:192.168.69.122:45878], old=null at 0
2019-07-10 04:52:21,293 INFO  segmented.SegmentedRaftLogWorker (SegmentedRaftLogWorker.java:execute(569)) - a7250395-42a7-4287-8341-025ad29f298b-SegmentedRaftLogWorker:Storage Directory /tmp/workdir/hadoop-ozone/tools/target/test-dir/MiniOzoneClusterImpl-570ecddb-4f6d-4d38-b3da-667f6a65466b/datanode-0/data/ratis/033512d4-a86d-4a1f-9997-7eb902cf0e9a: created new log segment /tmp/workdir/hadoop-ozone/tools/target/test-dir/MiniOzoneClusterImpl-570ecddb-4f6d-4d38-b3da-667f6a65466b/datanode-0/data/ratis/033512d4-a86d-4a1f-9997-7eb902cf0e9a/current/log_inprogress_0
2019-07-10 04:52:21,299 INFO  impl.RaftServerImpl (ServerState.java:setLeader(263)) - cb1fbf23-5aa1-4405-87d5-e2661ec793bc:group-7EB902CF0E9A change Leader from null to a7250395-42a7-4287-8341-025ad29f298b at term 1 for appendEntries, leader elected after 1286ms
2019-07-10 04:52:21,299 INFO  impl.RaftServerImpl (ServerState.java:setLeader(263)) - 417cb9e5-c49d-4ae9-8366-358494735e98:group-7EB902CF0E9A change Leader from null to a7250395-42a7-4287-8341-025ad29f298b at term 1 for appendEntries, leader elected after 1285ms
2019-07-10 04:52:21,326 INFO  impl.RaftServerImpl (ServerState.java:setRaftConf(361)) - cb1fbf23-5aa1-4405-87d5-e2661ec793bc:group-7EB902CF0E9A set configuration 0: [a7250395-42a7-4287-8341-025ad29f298b:192.168.69.122:45642, 417cb9e5-c49d-4ae9-8366-358494735e98:192.168.69.122:44601, cb1fbf23-5aa1-4405-87d5-e2661ec793bc:192.168.69.122:45878], old=null at 0
2019-07-10 04:52:21,326 INFO  impl.RaftServerImpl (ServerState.java:setRaftConf(361)) - 417cb9e5-c49d-4ae9-8366-358494735e98:group-7EB902CF0E9A set configuration 0: [a7250395-42a7-4287-8341-025ad29f298b:192.168.69.122:45642, 417cb9e5-c49d-4ae9-8366-358494735e98:192.168.69.122:44601, cb1fbf23-5aa1-4405-87d5-e2661ec793bc:192.168.69.122:45878], old=null at 0
2019-07-10 04:52:21,326 INFO  segmented.SegmentedRaftLogWorker (SegmentedRaftLogWorker.java:startLogSegment(380)) - cb1fbf23-5aa1-4405-87d5-e2661ec793bc-SegmentedRaftLogWorker:Storage Directory /tmp/workdir/hadoop-ozone/tools/target/test-dir/MiniOzoneClusterImpl-570ecddb-4f6d-4d38-b3da-667f6a65466b/datanode-1/data/ratis/033512d4-a86d-4a1f-9997-7eb902cf0e9a: Starting segment from index:0
2019-07-10 04:52:21,326 INFO  segmented.SegmentedRaftLogWorker (SegmentedRaftLogWorker.java:startLogSegment(380)) - 417cb9e5-c49d-4ae9-8366-358494735e98-SegmentedRaftLogWorker:Storage Directory /tmp/workdir/hadoop-ozone/tools/target/test-dir/MiniOzoneClusterImpl-570ecddb-4f6d-4d38-b3da-667f6a65466b/datanode-2/data/ratis/033512d4-a86d-4a1f-9997-7eb902cf0e9a: Starting segment from index:0
2019-07-10 04:52:21,354 INFO  segmented.SegmentedRaftLogWorker (SegmentedRaftLogWorker.java:execute(569)) - cb1fbf23-5aa1-4405-87d5-e2661ec793bc-SegmentedRaftLogWorker:Storage Directory /tmp/workdir/hadoop-ozone/tools/target/test-dir/MiniOzoneClusterImpl-570ecddb-4f6d-4d38-b3da-667f6a65466b/datanode-1/data/ratis/033512d4-a86d-4a1f-9997-7eb902cf0e9a: created new log segment /tmp/workdir/hadoop-ozone/tools/target/test-dir/MiniOzoneClusterImpl-570ecddb-4f6d-4d38-b3da-667f6a65466b/datanode-1/data/ratis/033512d4-a86d-4a1f-9997-7eb902cf0e9a/current/log_inprogress_0
2019-07-10 04:52:21,354 INFO  segmented.SegmentedRaftLogWorker (SegmentedRaftLogWorker.java:execute(569)) - 417cb9e5-c49d-4ae9-8366-358494735e98-SegmentedRaftLogWorker:Storage Directory /tmp/workdir/hadoop-ozone/tools/target/test-dir/MiniOzoneClusterImpl-570ecddb-4f6d-4d38-b3da-667f6a65466b/datanode-2/data/ratis/033512d4-a86d-4a1f-9997-7eb902cf0e9a: created new log segment /tmp/workdir/hadoop-ozone/tools/target/test-dir/MiniOzoneClusterImpl-570ecddb-4f6d-4d38-b3da-667f6a65466b/datanode-2/data/ratis/033512d4-a86d-4a1f-9997-7eb902cf0e9a/current/log_inprogress_0
 0.00% |█                                                                                                    |  0/1 Time: 0:00:012019-07-10 04:52:22,146 INFO  client.GrpcClientProtocolClient (GrpcClientProtocolClient.java:onNext(255)) - client-5CF934249936->a7250395-42a7-4287-8341-025ad29f298b: receive RaftClientReply:client-5CF934249936->a7250395-42a7-4287-8341-025ad29f298b@group-7EB902CF0E9A, cid=6, SUCCESS, logIndex=1, commits[a7250395-42a7-4287-8341-025ad29f298b:c1, 417cb9e5-c49d-4ae9-8366-358494735e98:c0, cb1fbf23-5aa1-4405-87d5-e2661ec793bc:c0]
2019-07-10 04:52:22,248 INFO  client.GrpcClientProtocolClient (GrpcClientProtocolClient.java:onNext(255)) - client-5CF934249936->a7250395-42a7-4287-8341-025ad29f298b: receive RaftClientReply:client-5CF934249936->a7250395-42a7-4287-8341-025ad29f298b@group-7EB902CF0E9A, cid=7, SUCCESS, logIndex=3, commits[a7250395-42a7-4287-8341-025ad29f298b:c8, 417cb9e5-c49d-4ae9-8366-358494735e98:c5, cb1fbf23-5aa1-4405-87d5-e2661ec793bc:c5]
2019-07-10 04:52:22,251 INFO  client.GrpcClientProtocolClient (GrpcClientProtocolClient.java:onNext(255)) - client-5CF934249936->a7250395-42a7-4287-8341-025ad29f298b: receive RaftClientReply:client-5CF934249936->a7250395-42a7-4287-8341-025ad29f298b@group-7EB902CF0E9A, cid=8, SUCCESS, logIndex=4, commits[a7250395-42a7-4287-8341-025ad29f298b:c8, 417cb9e5-c49d-4ae9-8366-358494735e98:c5, cb1fbf23-5aa1-4405-87d5-e2661ec793bc:c5]
2019-07-10 04:52:22,336 INFO  client.GrpcClientProtocolClient (GrpcClientProtocolClient.java:onNext(255)) - client-5CF934249936->a7250395-42a7-4287-8341-025ad29f298b: receive RaftClientReply:client-5CF934249936->a7250395-42a7-4287-8341-025ad29f298b@group-7EB902CF0E9A, cid=9, SUCCESS, logIndex=5, commits[a7250395-42a7-4287-8341-025ad29f298b:c8, 417cb9e5-c49d-4ae9-8366-358494735e98:c5, cb1fbf23-5aa1-4405-87d5-e2661ec793bc:c5]
 0.00% |█                                                                                                    |  0/1 Time: 0:00:022019-07-10 04:52:22,393 INFO  client.GrpcClientProtocolClient (GrpcClientProtocolClient.java:onNext(255)) - client-5CF934249936->a7250395-42a7-4287-8341-025ad29f298b: receive RaftClientReply:client-5CF934249936->a7250395-42a7-4287-8341-025ad29f298b@group-7EB902CF0E9A, cid=10, SUCCESS, logIndex=9, commits[a7250395-42a7-4287-8341-025ad29f298b:c10, 417cb9e5-c49d-4ae9-8366-358494735e98:c8, cb1fbf23-5aa1-4405-87d5-e2661ec793bc:c5]
2019-07-10 04:52:22,395 INFO  client.GrpcClientProtocolClient (GrpcClientProtocolClient.java:onNext(255)) - client-5CF934249936->a7250395-42a7-4287-8341-025ad29f298b: receive RaftClientReply:client-5CF934249936->a7250395-42a7-4287-8341-025ad29f298b@group-7EB902CF0E9A, cid=11, SUCCESS, logIndex=10, commits[a7250395-42a7-4287-8341-025ad29f298b:c10, 417cb9e5-c49d-4ae9-8366-358494735e98:c8, cb1fbf23-5aa1-4405-87d5-e2661ec793bc:c8]
2019-07-10 04:52:22,405 INFO  client.GrpcClientProtocolClient (GrpcClientProtocolClient.java:onNext(255)) - client-5CF934249936->a7250395-42a7-4287-8341-025ad29f298b: receive RaftClientReply:client-5CF934249936->a7250395-42a7-4287-8341-025ad29f298b@group-7EB902CF0E9A, cid=12, SUCCESS, logIndex=11, commits[a7250395-42a7-4287-8341-025ad29f298b:c12, 417cb9e5-c49d-4ae9-8366-358494735e98:c8, cb1fbf23-5aa1-4405-87d5-e2661ec793bc:c8]
2019-07-10 04:52:22,407 INFO  client.GrpcClientProtocolClient (GrpcClientProtocolClient.java:onNext(255)) - client-5CF934249936->a7250395-42a7-4287-8341-025ad29f298b: receive RaftClientReply:client-5CF934249936->a7250395-42a7-4287-8341-025ad29f298b@group-7EB902CF0E9A, cid=13, SUCCESS, logIndex=12, commits[a7250395-42a7-4287-8341-025ad29f298b:c12, 417cb9e5-c49d-4ae9-8366-358494735e98:c10, cb1fbf23-5aa1-4405-87d5-e2661ec793bc:c8]
2019-07-10 04:52:22,426 INFO  client.GrpcClientProtocolClient (GrpcClientProtocolClient.java:onNext(255)) - client-5CF934249936->a7250395-42a7-4287-8341-025ad29f298b: receive RaftClientReply:client-5CF934249936->a7250395-42a7-4287-8341-025ad29f298b@group-7EB902CF0E9A, cid=14, SUCCESS, logIndex=0, commits[a7250395-42a7-4287-8341-025ad29f298b:c16, 417cb9e5-c49d-4ae9-8366-358494735e98:c12, cb1fbf23-5aa1-4405-87d5-e2661ec793bc:c11]
2019-07-10 04:52:22,436 INFO  client.GrpcClientProtocolClient (GrpcClientProtocolClient.java:onNext(255)) - client-5CF934249936->a7250395-42a7-4287-8341-025ad29f298b: receive RaftClientReply:client-5CF934249936->a7250395-42a7-4287-8341-025ad29f298b@group-7EB902CF0E9A, cid=15, SUCCESS, logIndex=0, commits[a7250395-42a7-4287-8341-025ad29f298b:c16, 417cb9e5-c49d-4ae9-8366-358494735e98:c12, cb1fbf23-5aa1-4405-87d5-e2661ec793bc:c12]
2019-07-10 04:52:22,570 INFO  client.GrpcClientProtocolClient (GrpcClientProtocolClient.java:onNext(255)) - client-5CF934249936->a7250395-42a7-4287-8341-025ad29f298b: receive RaftClientReply:client-5CF934249936->a7250395-42a7-4287-8341-025ad29f298b@group-7EB902CF0E9A, cid=16, SUCCESS, logIndex=17, commits[a7250395-42a7-4287-8341-025ad29f298b:c19, 417cb9e5-c49d-4ae9-8366-358494735e98:c16, cb1fbf23-5aa1-4405-87d5-e2661ec793bc:c16]
2019-07-10 04:52:22,617 INFO  client.GrpcClientProtocolClient (GrpcClientProtocolClient.java:onNext(255)) - client-5CF934249936->a7250395-42a7-4287-8341-025ad29f298b: receive RaftClientReply:client-5CF934249936->a7250395-42a7-4287-8341-025ad29f298b@group-7EB902CF0E9A, cid=17, SUCCESS, logIndex=18, commits[a7250395-42a7-4287-8341-025ad29f298b:c24, 417cb9e5-c49d-4ae9-8366-358494735e98:c20, cb1fbf23-5aa1-4405-87d5-e2661ec793bc:c20]
2019-07-10 04:52:22,618 INFO  client.GrpcClientProtocolClient (GrpcClientProtocolClient.java:onNext(255)) - client-5CF934249936->a7250395-42a7-4287-8341-025ad29f298b: receive RaftClientReply:client-5CF934249936->a7250395-42a7-4287-8341-025ad29f298b@group-7EB902CF0E9A, cid=18, SUCCESS, logIndex=19, commits[a7250395-42a7-4287-8341-025ad29f298b:c24, 417cb9e5-c49d-4ae9-8366-358494735e98:c20, cb1fbf23-5aa1-4405-87d5-e2661ec793bc:c20]
2019-07-10 04:52:22,701 INFO  client.GrpcClientProtocolClient (GrpcClientProtocolClient.java:onNext(255)) - client-5CF934249936->a7250395-42a7-4287-8341-025ad29f298b: receive RaftClientReply:client-5CF934249936->a7250395-42a7-4287-8341-025ad29f298b@group-7EB902CF0E9A, cid=19, SUCCESS, logIndex=20, commits[a7250395-42a7-4287-8341-025ad29f298b:c24, 417cb9e5-c49d-4ae9-8366-358494735e98:c20, cb1fbf23-5aa1-4405-87d5-e2661ec793bc:c20]
2019-07-10 04:52:22,735 INFO  client.GrpcClientProtocolClient (GrpcClientProtocolClient.java:onNext(255)) - client-5CF934249936->a7250395-42a7-4287-8341-025ad29f298b: receive RaftClientReply:client-5CF934249936->a7250395-42a7-4287-8341-025ad29f298b@group-7EB902CF0E9A, cid=20, SUCCESS, logIndex=25, commits[a7250395-42a7-4287-8341-025ad29f298b:c26, 417cb9e5-c49d-4ae9-8366-358494735e98:c24, cb1fbf23-5aa1-4405-87d5-e2661ec793bc:c20]
2019-07-10 04:52:22,736 INFO  client.GrpcClientProtocolClient (GrpcClientProtocolClient.java:onNext(255)) - client-5CF934249936->a7250395-42a7-4287-8341-025ad29f298b: receive RaftClientReply:client-5CF934249936->a7250395-42a7-4287-8341-025ad29f298b@group-7EB902CF0E9A, cid=21, SUCCESS, logIndex=26, commits[a7250395-42a7-4287-8341-025ad29f298b:c26, 417cb9e5-c49d-4ae9-8366-358494735e98:c24, cb1fbf23-5aa1-4405-87d5-e2661ec793bc:c20]
2019-07-10 04:52:22,748 INFO  client.GrpcClientProtocolClient (GrpcClientProtocolClient.java:onNext(255)) - client-5CF934249936->a7250395-42a7-4287-8341-025ad29f298b: receive RaftClientReply:client-5CF934249936->a7250395-42a7-4287-8341-025ad29f298b@group-7EB902CF0E9A, cid=22, SUCCESS, logIndex=27, commits[a7250395-42a7-4287-8341-025ad29f298b:c29, 417cb9e5-c49d-4ae9-8366-358494735e98:c25, cb1fbf23-5aa1-4405-87d5-e2661ec793bc:c24]
2019-07-10 04:52:22,749 INFO  client.GrpcClientProtocolClient (GrpcClientProtocolClient.java:onNext(255)) - client-5CF934249936->a7250395-42a7-4287-8341-025ad29f298b: receive RaftClientReply:client-5CF934249936->a7250395-42a7-4287-8341-025ad29f298b@group-7EB902CF0E9A, cid=23, SUCCESS, logIndex=28, commits[a7250395-42a7-4287-8341-025ad29f298b:c30, 417cb9e5-c49d-4ae9-8366-358494735e98:c26, cb1fbf23-5aa1-4405-87d5-e2661ec793bc:c24]
2019-07-10 04:52:22,752 INFO  client.GrpcClientProtocolClient (GrpcClientProtocolClient.java:onNext(255)) - client-5CF934249936->a7250395-42a7-4287-8341-025ad29f298b: receive RaftClientReply:client-5CF934249936->a7250395-42a7-4287-8341-025ad29f298b@group-7EB902CF0E9A, cid=24, SUCCESS, logIndex=0, commits[a7250395-42a7-4287-8341-025ad29f298b:c30, 417cb9e5-c49d-4ae9-8366-358494735e98:c26, cb1fbf23-5aa1-4405-87d5-e2661ec793bc:c26]
2019-07-10 04:52:22,760 INFO  client.GrpcClientProtocolClient (GrpcClientProtocolClient.java:onNext(255)) - client-5CF934249936->a7250395-42a7-4287-8341-025ad29f298b: receive RaftClientReply:client-5CF934249936->a7250395-42a7-4287-8341-025ad29f298b@group-7EB902CF0E9A, cid=25, SUCCESS, logIndex=0, commits[a7250395-42a7-4287-8341-025ad29f298b:c32, 417cb9e5-c49d-4ae9-8366-358494735e98:c28, cb1fbf23-5aa1-4405-87d5-e2661ec793bc:c28]
2019-07-10 04:52:22,864 INFO  client.GrpcClientProtocolClient (GrpcClientProtocolClient.java:onNext(255)) - client-5CF934249936->a7250395-42a7-4287-8341-025ad29f298b: receive RaftClientReply:client-5CF934249936->a7250395-42a7-4287-8341-025ad29f298b@group-7EB902CF0E9A, cid=26, SUCCESS, logIndex=33, commits[a7250395-42a7-4287-8341-025ad29f298b:c36, 417cb9e5-c49d-4ae9-8366-358494735e98:c32, cb1fbf23-5aa1-4405-87d5-e2661ec793bc:c28]
2019-07-10 04:52:22,909 INFO  client.GrpcClientProtocolClient (GrpcClientProtocolClient.java:onNext(255)) - client-5CF934249936->a7250395-42a7-4287-8341-025ad29f298b: receive RaftClientReply:client-5CF934249936->a7250395-42a7-4287-8341-025ad29f298b@group-7EB902CF0E9A, cid=27, SUCCESS, logIndex=34, commits[a7250395-42a7-4287-8341-025ad29f298b:c39, 417cb9e5-c49d-4ae9-8366-358494735e98:c36, cb1fbf23-5aa1-4405-87d5-e2661ec793bc:c36]
2019-07-10 04:52:22,909 INFO  client.GrpcClientProtocolClient (GrpcClientProtocolClient.java:onNext(255)) - client-5CF934249936->a7250395-42a7-4287-8341-025ad29f298b: receive RaftClientReply:client-5CF934249936->a7250395-42a7-4287-8341-025ad29f298b@group-7EB902CF0E9A, cid=28, SUCCESS, logIndex=35, commits[a7250395-42a7-4287-8341-025ad29f298b:c39, 417cb9e5-c49d-4ae9-8366-358494735e98:c36, cb1fbf23-5aa1-4405-87d5-e2661ec793bc:c36]
2019-07-10 04:52:23,020 INFO  client.GrpcClientProtocolClient (GrpcClientProtocolClient.java:onNext(255)) - client-5CF934249936->a7250395-42a7-4287-8341-025ad29f298b: receive RaftClientReply:client-5CF934249936->a7250395-42a7-4287-8341-025ad29f298b@group-7EB902CF0E9A, cid=29, SUCCESS, logIndex=36, commits[a7250395-42a7-4287-8341-025ad29f298b:c39, 417cb9e5-c49d-4ae9-8366-358494735e98:c36, cb1fbf23-5aa1-4405-87d5-e2661ec793bc:c36]
2019-07-10 04:52:23,057 INFO  client.GrpcClientProtocolClient (GrpcClientProtocolClient.java:onNext(255)) - client-5CF934249936->a7250395-42a7-4287-8341-025ad29f298b: receive RaftClientReply:client-5CF934249936->a7250395-42a7-4287-8341-025ad29f298b@group-7EB902CF0E9A, cid=30, SUCCESS, logIndex=40, commits[a7250395-42a7-4287-8341-025ad29f298b:c41, 417cb9e5-c49d-4ae9-8366-358494735e98:c39, cb1fbf23-5aa1-4405-87d5-e2661ec793bc:c39]
2019-07-10 04:52:23,058 INFO  client.GrpcClientProtocolClient (GrpcClientProtocolClient.java:onNext(255)) - client-5CF934249936->a7250395-42a7-4287-8341-025ad29f298b: receive RaftClientReply:client-5CF934249936->a7250395-42a7-4287-8341-025ad29f298b@group-7EB902CF0E9A, cid=31, SUCCESS, logIndex=41, commits[a7250395-42a7-4287-8341-025ad29f298b:c41, 417cb9e5-c49d-4ae9-8366-358494735e98:c39, cb1fbf23-5aa1-4405-87d5-e2661ec793bc:c39]
2019-07-10 04:52:23,070 INFO  client.GrpcClientProtocolClient (GrpcClientProtocolClient.java:onNext(255)) - client-5CF934249936->a7250395-42a7-4287-8341-025ad29f298b: receive RaftClientReply:client-5CF934249936->a7250395-42a7-4287-8341-025ad29f298b@group-7EB902CF0E9A, cid=32, SUCCESS, logIndex=42, commits[a7250395-42a7-4287-8341-025ad29f298b:c44, 417cb9e5-c49d-4ae9-8366-358494735e98:c39, cb1fbf23-5aa1-4405-87d5-e2661ec793bc:c41]
2019-07-10 04:52:23,071 INFO  client.GrpcClientProtocolClient (GrpcClientProtocolClient.java:onNext(255)) - client-5CF934249936->a7250395-42a7-4287-8341-025ad29f298b: receive RaftClientReply:client-5CF934249936->a7250395-42a7-4287-8341-025ad29f298b@group-7EB902CF0E9A, cid=33, SUCCESS, logIndex=43, commits[a7250395-42a7-4287-8341-025ad29f298b:c45, 417cb9e5-c49d-4ae9-8366-358494735e98:c41, cb1fbf23-5aa1-4405-87d5-e2661ec793bc:c41]
2019-07-10 04:52:23,080 INFO  client.GrpcClientProtocolClient (GrpcClientProtocolClient.java:onNext(255)) - client-5CF934249936->a7250395-42a7-4287-8341-025ad29f298b: receive RaftClientReply:client-5CF934249936->a7250395-42a7-4287-8341-025ad29f298b@group-7EB902CF0E9A, cid=34, SUCCESS, logIndex=0, commits[a7250395-42a7-4287-8341-025ad29f298b:c45, 417cb9e5-c49d-4ae9-8366-358494735e98:c43, cb1fbf23-5aa1-4405-87d5-e2661ec793bc:c43]
2019-07-10 04:52:23,111 INFO  client.GrpcClientProtocolClient (GrpcClientProtocolClient.java:onNext(255)) - client-5CF934249936->a7250395-42a7-4287-8341-025ad29f298b: receive RaftClientReply:client-5CF934249936->a7250395-42a7-4287-8341-025ad29f298b@group-7EB902CF0E9A, cid=35, SUCCESS, logIndex=48, commits[a7250395-42a7-4287-8341-025ad29f298b:c49, 417cb9e5-c49d-4ae9-8366-358494735e98:c47, cb1fbf23-5aa1-4405-87d5-e2661ec793bc:c47]
2019-07-10 04:52:23,112 INFO  client.GrpcClientProtocolClient (GrpcClientProtocolClient.java:onNext(255)) - client-5CF934249936->a7250395-42a7-4287-8341-025ad29f298b: receive RaftClientReply:client-5CF934249936->a7250395-42a7-4287-8341-025ad29f298b@group-7EB902CF0E9A, cid=36, SUCCESS, logIndex=49, commits[a7250395-42a7-4287-8341-025ad29f298b:c49, 417cb9e5-c49d-4ae9-8366-358494735e98:c47, cb1fbf23-5aa1-4405-87d5-e2661ec793bc:c47]
2019-07-10 04:52:23,123 INFO  client.GrpcClientProtocolClient (GrpcClientProtocolClient.java:onNext(255)) - client-5CF934249936->a7250395-42a7-4287-8341-025ad29f298b: receive RaftClientReply:client-5CF934249936->a7250395-42a7-4287-8341-025ad29f298b@group-7EB902CF0E9A, cid=37, SUCCESS, logIndex=50, commits[a7250395-42a7-4287-8341-025ad29f298b:c51, 417cb9e5-c49d-4ae9-8366-358494735e98:c47, cb1fbf23-5aa1-4405-87d5-e2661ec793bc:c47]
2019-07-10 04:52:23,124 INFO  client.GrpcClientProtocolClient (GrpcClientProtocolClient.java:onNext(255)) - client-5CF934249936->a7250395-42a7-4287-8341-025ad29f298b: receive RaftClientReply:client-5CF934249936->a7250395-42a7-4287-8341-025ad29f298b@group-7EB902CF0E9A, cid=38, SUCCESS, logIndex=51, commits[a7250395-42a7-4287-8341-025ad29f298b:c53, 417cb9e5-c49d-4ae9-8366-358494735e98:c49, cb1fbf23-5aa1-4405-87d5-e2661ec793bc:c47]
2019-07-10 04:52:23,127 INFO  client.GrpcClientProtocolClient (GrpcClientProtocolClient.java:onNext(255)) - client-5CF934249936->a7250395-42a7-4287-8341-025ad29f298b: receive RaftClientReply:client-5CF934249936->a7250395-42a7-4287-8341-025ad29f298b@group-7EB902CF0E9A, cid=39, SUCCESS, logIndex=0, commits[a7250395-42a7-4287-8341-025ad29f298b:c54, 417cb9e5-c49d-4ae9-8366-358494735e98:c50, cb1fbf23-5aa1-4405-87d5-e2661ec793bc:c51]
2019-07-10 04:52:23,154 INFO  client.GrpcClientProtocolClient (GrpcClientProtocolClient.java:onNext(255)) - client-5CF934249936->a7250395-42a7-4287-8341-025ad29f298b: receive RaftClientReply:client-5CF934249936->a7250395-42a7-4287-8341-025ad29f298b@group-7EB902CF0E9A, cid=40, SUCCESS, logIndex=56, commits[a7250395-42a7-4287-8341-025ad29f298b:c57, 417cb9e5-c49d-4ae9-8366-358494735e98:c55, cb1fbf23-5aa1-4405-87d5-e2661ec793bc:c55]
2019-07-10 04:52:23,154 INFO  client.GrpcClientProtocolClient (GrpcClientProtocolClient.java:onNext(255)) - client-5CF934249936->a7250395-42a7-4287-8341-025ad29f298b: receive RaftClientReply:client-5CF934249936->a7250395-42a7-4287-8341-025ad29f298b@group-7EB902CF0E9A, cid=41, SUCCESS, logIndex=57, commits[a7250395-42a7-4287-8341-025ad29f298b:c57, 417cb9e5-c49d-4ae9-8366-358494735e98:c55, cb1fbf23-5aa1-4405-87d5-e2661ec793bc:c55]
2019-07-10 04:52:23,181 INFO  client.GrpcClientProtocolClient (GrpcClientProtocolClient.java:onNext(255)) - client-5CF934249936->a7250395-42a7-4287-8341-025ad29f298b: receive RaftClientReply:client-5CF934249936->a7250395-42a7-4287-8341-025ad29f298b@group-7EB902CF0E9A, cid=42, SUCCESS, logIndex=60, commits[a7250395-42a7-4287-8341-025ad29f298b:c61, 417cb9e5-c49d-4ae9-8366-358494735e98:c57, cb1fbf23-5aa1-4405-87d5-e2661ec793bc:c58]
2019-07-10 04:52:23,182 INFO  client.GrpcClientProtocolClient (GrpcClientProtocolClient.java:onNext(255)) - client-5CF934249936->a7250395-42a7-4287-8341-025ad29f298b: receive RaftClientReply:client-5CF934249936->a7250395-42a7-4287-8341-025ad29f298b@group-7EB902CF0E9A, cid=43, SUCCESS, logIndex=61, commits[a7250395-42a7-4287-8341-025ad29f298b:c61, 417cb9e5-c49d-4ae9-8366-358494735e98:c57, cb1fbf23-5aa1-4405-87d5-e2661ec793bc:c58]
2019-07-10 04:52:23,193 INFO  client.GrpcClientProtocolClient (GrpcClientProtocolClient.java:onNext(255)) - client-5CF934249936->a7250395-42a7-4287-8341-025ad29f298b: receive RaftClientReply:client-5CF934249936->a7250395-42a7-4287-8341-025ad29f298b@group-7EB902CF0E9A, cid=44, SUCCESS, logIndex=0, commits[a7250395-42a7-4287-8341-025ad29f298b:c62, 417cb9e5-c49d-4ae9-8366-358494735e98:c61, cb1fbf23-5aa1-4405-87d5-e2661ec793bc:c61]
2019-07-10 04:52:23,220 INFO  client.GrpcClientProtocolClient (GrpcClientProtocolClient.java:onNext(255)) - client-5CF934249936->a7250395-42a7-4287-8341-025ad29f298b: receive RaftClientReply:client-5CF934249936->a7250395-42a7-4287-8341-025ad29f298b@group-7EB902CF0E9A, cid=45, SUCCESS, logIndex=64, commits[a7250395-42a7-4287-8341-025ad29f298b:c66, 417cb9e5-c49d-4ae9-8366-358494735e98:c63, cb1fbf23-5aa1-4405-87d5-e2661ec793bc:c63]
2019-07-10 04:52:23,221 INFO  client.GrpcClientProtocolClient (GrpcClientProtocolClient.java:onNext(255)) - client-5CF934249936->a7250395-42a7-4287-8341-025ad29f298b: receive RaftClientReply:client-5CF934249936->a7250395-42a7-4287-8341-025ad29f298b@group-7EB902CF0E9A, cid=46, SUCCESS, logIndex=65, commits[a7250395-42a7-4287-8341-025ad29f298b:c67, 417cb9e5-c49d-4ae9-8366-358494735e98:c63, cb1fbf23-5aa1-4405-87d5-e2661ec793bc:c63]
2019-07-10 04:52:23,222 INFO  client.GrpcClientProtocolClient (GrpcClientProtocolClient.java:onNext(255)) - client-5CF934249936->a7250395-42a7-4287-8341-025ad29f298b: receive RaftClientReply:client-5CF934249936->a7250395-42a7-4287-8341-025ad29f298b@group-7EB902CF0E9A, cid=47, SUCCESS, logIndex=66, commits[a7250395-42a7-4287-8341-025ad29f298b:c67, 417cb9e5-c49d-4ae9-8366-358494735e98:c63, cb1fbf23-5aa1-4405-87d5-e2661ec793bc:c65]
2019-07-10 04:52:23,223 INFO  client.GrpcClientProtocolClient (GrpcClientProtocolClient.java:onNext(255)) - client-5CF934249936->a7250395-42a7-4287-8341-025ad29f298b: receive RaftClientReply:client-5CF934249936->a7250395-42a7-4287-8341-025ad29f298b@group-7EB902CF0E9A, cid=48, SUCCESS, logIndex=67, commits[a7250395-42a7-4287-8341-025ad29f298b:c68, 417cb9e5-c49d-4ae9-8366-358494735e98:c65, cb1fbf23-5aa1-4405-87d5-e2661ec793bc:c65]
2019-07-10 04:52:23,248 INFO  client.GrpcClientProtocolClient (GrpcClientProtocolClient.java:onNext(255)) - client-5CF934249936->a7250395-42a7-4287-8341-025ad29f298b: receive RaftClientReply:client-5CF934249936->a7250395-42a7-4287-8341-025ad29f298b@group-7EB902CF0E9A, cid=49, SUCCESS, logIndex=72, commits[a7250395-42a7-4287-8341-025ad29f298b:c73, 417cb9e5-c49d-4ae9-8366-358494735e98:c71, cb1fbf23-5aa1-4405-87d5-e2661ec793bc:c71]
2019-07-10 04:52:23,249 INFO  client.GrpcClientProtocolClient (GrpcClientProtocolClient.java:onNext(255)) - client-5CF934249936->a7250395-42a7-4287-8341-025ad29f298b: receive RaftClientReply:client-5CF934249936->a7250395-42a7-4287-8341-025ad29f298b@group-7EB902CF0E9A, cid=50, SUCCESS, logIndex=73, commits[a7250395-42a7-4287-8341-025ad29f298b:c73, 417cb9e5-c49d-4ae9-8366-358494735e98:c71, cb1fbf23-5aa1-4405-87d5-e2661ec793bc:c71]
2019-07-10 04:52:23,267 INFO  client.GrpcClientProtocolClient (GrpcClientProtocolClient.java:onNext(255)) - client-5CF934249936->a7250395-42a7-4287-8341-025ad29f298b: receive RaftClientReply:client-5CF934249936->a7250395-42a7-4287-8341-025ad29f298b@group-7EB902CF0E9A, cid=51, SUCCESS, logIndex=76, commits[a7250395-42a7-4287-8341-025ad29f298b:c77, 417cb9e5-c49d-4ae9-8366-358494735e98:c73, cb1fbf23-5aa1-4405-87d5-e2661ec793bc:c73]
2019-07-10 04:52:23,268 INFO  client.GrpcClientProtocolClient (GrpcClientProtocolClient.java:onNext(255)) - client-5CF934249936->a7250395-42a7-4287-8341-025ad29f298b: receive RaftClientReply:client-5CF934249936->a7250395-42a7-4287-8341-025ad29f298b@group-7EB902CF0E9A, cid=52, SUCCESS, logIndex=77, commits[a7250395-42a7-4287-8341-025ad29f298b:c77, 417cb9e5-c49d-4ae9-8366-358494735e98:c73, cb1fbf23-5aa1-4405-87d5-e2661ec793bc:c73]
2019-07-10 04:52:23,284 INFO  client.GrpcClientProtocolClient (GrpcClientProtocolClient.java:onNext(255)) - client-5CF934249936->a7250395-42a7-4287-8341-025ad29f298b: receive RaftClientReply:client-5CF934249936->a7250395-42a7-4287-8341-025ad29f298b@group-7EB902CF0E9A, cid=53, SUCCESS, logIndex=0, commits[a7250395-42a7-4287-8341-025ad29f298b:c79, 417cb9e5-c49d-4ae9-8366-358494735e98:c77, cb1fbf23-5aa1-4405-87d5-e2661ec793bc:c77]
 100.00% |█████████████████████████████████████████████████████████████████████████████████████████████████████|  1/1 Time: 0:00:03
2019-07-10 04:52:28,863 INFO  pipeline.SCMPipelineManager (SCMPipelineManager.java:finalizeAndDestroyPipeline(307)) - destroying pipeline:Pipeline[ Id: 033512d4-a86d-4a1f-9997-7eb902cf0e9a, Nodes: cb1fbf23-5aa1-4405-87d5-e2661ec793bc{ip: 192.168.69.122, host: hdds1735-7x7gx-353634902, networkLocation: /default-rack, certSerialId: null}417cb9e5-c49d-4ae9-8366-358494735e98{ip: 192.168.69.122, host: hdds1735-7x7gx-353634902, networkLocation: /default-rack, certSerialId: null}a7250395-42a7-4287-8341-025ad29f298b{ip: 192.168.69.122, host: hdds1735-7x7gx-353634902, networkLocation: /default-rack, certSerialId: null}, Type:RATIS, Factor:THREE, State:OPEN]
2019-07-10 04:52:28,865 INFO  pipeline.PipelineStateManager (PipelineStateManager.java:finalizePipeline(123)) - Pipeline Pipeline[ Id: 033512d4-a86d-4a1f-9997-7eb902cf0e9a, Nodes: cb1fbf23-5aa1-4405-87d5-e2661ec793bc{ip: 192.168.69.122, host: hdds1735-7x7gx-353634902, networkLocation: /default-rack, certSerialId: null}417cb9e5-c49d-4ae9-8366-358494735e98{ip: 192.168.69.122, host: hdds1735-7x7gx-353634902, networkLocation: /default-rack, certSerialId: null}a7250395-42a7-4287-8341-025ad29f298b{ip: 192.168.69.122, host: hdds1735-7x7gx-353634902, networkLocation: /default-rack, certSerialId: null}, Type:RATIS, Factor:THREE, State:CLOSED] moved to CLOSED state
2019-07-10 04:52:28,866 INFO  container.CloseContainerEventHandler (CloseContainerEventHandler.java:onMessage(61)) - Close container Event triggered for container : #1
2019-07-10 04:52:28,873 INFO  container.CloseContainerEventHandler (CloseContainerEventHandler.java:onMessage(61)) - Close container Event triggered for container : #2
2019-07-10 04:52:28,873 INFO  container.CloseContainerEventHandler (CloseContainerEventHandler.java:onMessage(61)) - Close container Event triggered for container : #3
2019-07-10 04:52:28,888 INFO  impl.RaftServerProxy (RaftServerProxy.java:remove(95)) - cb1fbf23-5aa1-4405-87d5-e2661ec793bc: remove FOLLOWER group-7EB902CF0E9A cb1fbf23-5aa1-4405-87d5-e2661ec793bc:t1, leader=a7250395-42a7-4287-8341-025ad29f298b, voted=cb1fbf23-5aa1-4405-87d5-e2661ec793bc, raftlog=cb1fbf23-5aa1-4405-87d5-e2661ec793bc-SegmentedRaftLog:OPENED:c79,f79,i79, conf=0: [a7250395-42a7-4287-8341-025ad29f298b:192.168.69.122:45642, 417cb9e5-c49d-4ae9-8366-358494735e98:192.168.69.122:44601, cb1fbf23-5aa1-4405-87d5-e2661ec793bc:192.168.69.122:45878], old=null RUNNING
2019-07-10 04:52:28,892 INFO  impl.RaftServerImpl (RaftServerImpl.java:lambda$shutdown$3(245)) - cb1fbf23-5aa1-4405-87d5-e2661ec793bc: shutdown group-7EB902CF0E9A
2019-07-10 04:52:28,892 INFO  util.JmxRegister (JmxRegister.java:unregister(73)) - Successfully un-registered JMX Bean with object name Ratis:service=RaftServer,group=group-7EB902CF0E9A,id=cb1fbf23-5aa1-4405-87d5-e2661ec793bc
2019-07-10 04:52:28,893 INFO  impl.RoleInfo (RoleInfo.java:shutdownFollowerState(121)) - cb1fbf23-5aa1-4405-87d5-e2661ec793bc: shutdown FollowerState
2019-07-10 04:52:28,893 INFO  impl.FollowerState (FollowerState.java:run(114)) - cb1fbf23-5aa1-4405-87d5-e2661ec793bc: FollowerState was interrupted: java.lang.InterruptedException: sleep interrupted
2019-07-10 04:52:28,893 INFO  impl.StateMachineUpdater (StateMachineUpdater.java:stopAndJoin(115)) - StateMachineUpdater:cb1fbf23-5aa1-4405-87d5-e2661ec793bc:group-7EB902CF0E9A: set stopIndex = 79
2019-07-10 04:52:28,895 INFO  ratis.ContainerStateMachine (ContainerStateMachine.java:takeSnapshot(244)) - Taking snapshot at termIndex:(t:1, i:77)
2019-07-10 04:52:28,897 INFO  ratis.ContainerStateMachine (ContainerStateMachine.java:takeSnapshot(248)) - Taking a snapshot to file /tmp/workdir/hadoop-ozone/tools/target/test-dir/MiniOzoneClusterImpl-570ecddb-4f6d-4d38-b3da-667f6a65466b/datanode-1/data/ratis/033512d4-a86d-4a1f-9997-7eb902cf0e9a/sm/snapshot.1_77
2019-07-10 04:52:28,909 INFO  impl.StateMachineUpdater (StateMachineUpdater.java:takeSnapshot(242)) - StateMachineUpdater:cb1fbf23-5aa1-4405-87d5-e2661ec793bc:group-7EB902CF0E9A: Took a snapshot at index 77
2019-07-10 04:52:28,910 INFO  impl.StateMachineUpdater (StateMachineUpdater.java:lambda$new$0(80)) - StateMachineUpdater:cb1fbf23-5aa1-4405-87d5-e2661ec793bc:group-7EB902CF0E9A: snapshotIndex: updateIncreasingly -1 -> 77
2019-07-10 04:52:28,916 INFO  impl.RaftServerImpl (ServerState.java:close(394)) - cb1fbf23-5aa1-4405-87d5-e2661ec793bc:group-7EB902CF0E9A closes. The last applied log index is 79
2019-07-10 04:52:28,918 INFO  segmented.SegmentedRaftLogWorker (SegmentedRaftLogWorker.java:run(313)) - cb1fbf23-5aa1-4405-87d5-e2661ec793bc-SegmentedRaftLogWorker:Storage Directory /tmp/workdir/hadoop-ozone/tools/target/test-dir/MiniOzoneClusterImpl-570ecddb-4f6d-4d38-b3da-667f6a65466b/datanode-1/data/ratis/033512d4-a86d-4a1f-9997-7eb902cf0e9a was interrupted, exiting. There are 0 tasks remaining in the queue.
2019-07-10 04:52:28,920 INFO  segmented.SegmentedRaftLogWorker (SegmentedRaftLogWorker.java:close(228)) - cb1fbf23-5aa1-4405-87d5-e2661ec793bc-SegmentedRaftLogWorker:Storage Directory /tmp/workdir/hadoop-ozone/tools/target/test-dir/MiniOzoneClusterImpl-570ecddb-4f6d-4d38-b3da-667f6a65466b/datanode-1/data/ratis/033512d4-a86d-4a1f-9997-7eb902cf0e9a close()
2019-07-10 04:52:28,945 INFO  impl.RaftServerProxy (RaftServerProxy.java:remove(95)) - 417cb9e5-c49d-4ae9-8366-358494735e98: remove FOLLOWER group-7EB902CF0E9A 417cb9e5-c49d-4ae9-8366-358494735e98:t1, leader=a7250395-42a7-4287-8341-025ad29f298b, voted=a7250395-42a7-4287-8341-025ad29f298b, raftlog=417cb9e5-c49d-4ae9-8366-358494735e98-SegmentedRaftLog:OPENED:c79,f79,i79, conf=0: [a7250395-42a7-4287-8341-025ad29f298b:192.168.69.122:45642, 417cb9e5-c49d-4ae9-8366-358494735e98:192.168.69.122:44601, cb1fbf23-5aa1-4405-87d5-e2661ec793bc:192.168.69.122:45878], old=null RUNNING
2019-07-10 04:52:28,945 INFO  impl.RaftServerImpl (RaftServerImpl.java:lambda$shutdown$3(245)) - 417cb9e5-c49d-4ae9-8366-358494735e98: shutdown group-7EB902CF0E9A
2019-07-10 04:52:28,945 INFO  util.JmxRegister (JmxRegister.java:unregister(73)) - Successfully un-registered JMX Bean with object name Ratis:service=RaftServer,group=group-7EB902CF0E9A,id=417cb9e5-c49d-4ae9-8366-358494735e98
2019-07-10 04:52:28,945 INFO  impl.RoleInfo (RoleInfo.java:shutdownFollowerState(121)) - 417cb9e5-c49d-4ae9-8366-358494735e98: shutdown FollowerState
2019-07-10 04:52:28,946 INFO  impl.StateMachineUpdater (StateMachineUpdater.java:stopAndJoin(115)) - StateMachineUpdater:417cb9e5-c49d-4ae9-8366-358494735e98:group-7EB902CF0E9A: set stopIndex = 79
2019-07-10 04:52:28,946 INFO  impl.FollowerState (FollowerState.java:run(114)) - 417cb9e5-c49d-4ae9-8366-358494735e98: FollowerState was interrupted: java.lang.InterruptedException: sleep interrupted
2019-07-10 04:52:28,947 INFO  ratis.ContainerStateMachine (ContainerStateMachine.java:takeSnapshot(244)) - Taking snapshot at termIndex:(t:1, i:77)
2019-07-10 04:52:28,948 INFO  ratis.ContainerStateMachine (ContainerStateMachine.java:takeSnapshot(248)) - Taking a snapshot to file /tmp/workdir/hadoop-ozone/tools/target/test-dir/MiniOzoneClusterImpl-570ecddb-4f6d-4d38-b3da-667f6a65466b/datanode-2/data/ratis/033512d4-a86d-4a1f-9997-7eb902cf0e9a/sm/snapshot.1_77
2019-07-10 04:52:28,948 INFO  impl.StateMachineUpdater (StateMachineUpdater.java:takeSnapshot(242)) - StateMachineUpdater:417cb9e5-c49d-4ae9-8366-358494735e98:group-7EB902CF0E9A: Took a snapshot at index 77
2019-07-10 04:52:28,949 INFO  impl.StateMachineUpdater (StateMachineUpdater.java:lambda$new$0(80)) - StateMachineUpdater:417cb9e5-c49d-4ae9-8366-358494735e98:group-7EB902CF0E9A: snapshotIndex: updateIncreasingly -1 -> 77
2019-07-10 04:52:28,949 INFO  impl.RaftServerImpl (ServerState.java:close(394)) - 417cb9e5-c49d-4ae9-8366-358494735e98:group-7EB902CF0E9A closes. The last applied log index is 79
2019-07-10 04:52:28,949 INFO  segmented.SegmentedRaftLogWorker (SegmentedRaftLogWorker.java:run(313)) - 417cb9e5-c49d-4ae9-8366-358494735e98-SegmentedRaftLogWorker:Storage Directory /tmp/workdir/hadoop-ozone/tools/target/test-dir/MiniOzoneClusterImpl-570ecddb-4f6d-4d38-b3da-667f6a65466b/datanode-2/data/ratis/033512d4-a86d-4a1f-9997-7eb902cf0e9a was interrupted, exiting. There are 0 tasks remaining in the queue.
2019-07-10 04:52:28,951 INFO  segmented.SegmentedRaftLogWorker (SegmentedRaftLogWorker.java:close(228)) - 417cb9e5-c49d-4ae9-8366-358494735e98-SegmentedRaftLogWorker:Storage Directory /tmp/workdir/hadoop-ozone/tools/target/test-dir/MiniOzoneClusterImpl-570ecddb-4f6d-4d38-b3da-667f6a65466b/datanode-2/data/ratis/033512d4-a86d-4a1f-9997-7eb902cf0e9a close()
2019-07-10 04:52:28,972 INFO  impl.RaftServerProxy (RaftServerProxy.java:remove(95)) - a7250395-42a7-4287-8341-025ad29f298b: remove   LEADER group-7EB902CF0E9A a7250395-42a7-4287-8341-025ad29f298b:t1, leader=a7250395-42a7-4287-8341-025ad29f298b, voted=a7250395-42a7-4287-8341-025ad29f298b, raftlog=a7250395-42a7-4287-8341-025ad29f298b-SegmentedRaftLog:OPENED:c79,f79,i79, conf=0: [a7250395-42a7-4287-8341-025ad29f298b:192.168.69.122:45642, 417cb9e5-c49d-4ae9-8366-358494735e98:192.168.69.122:44601, cb1fbf23-5aa1-4405-87d5-e2661ec793bc:192.168.69.122:45878], old=null RUNNING
2019-07-10 04:52:28,972 INFO  impl.RaftServerImpl (RaftServerImpl.java:lambda$shutdown$3(245)) - a7250395-42a7-4287-8341-025ad29f298b: shutdown group-7EB902CF0E9A
2019-07-10 04:52:28,972 INFO  util.JmxRegister (JmxRegister.java:unregister(73)) - Successfully un-registered JMX Bean with object name Ratis:service=RaftServer,group=group-7EB902CF0E9A,id=a7250395-42a7-4287-8341-025ad29f298b
2019-07-10 04:52:28,973 INFO  impl.RoleInfo (RoleInfo.java:shutdownLeaderState(104)) - a7250395-42a7-4287-8341-025ad29f298b: shutdown LeaderState
2019-07-10 04:52:28,975 INFO  impl.PendingRequests (PendingRequests.java:sendNotLeaderResponses(202)) - a7250395-42a7-4287-8341-025ad29f298b-PendingRequests: sendNotLeaderResponses
2019-07-10 04:52:28,975 WARN  server.GrpcLogAppender (GrpcLogAppender.java:mayWait(143)) - GrpcLogAppender(a7250395-42a7-4287-8341-025ad29f298b->cb1fbf23-5aa1-4405-87d5-e2661ec793bc): Wait interrupted by java.lang.InterruptedException
2019-07-10 04:52:28,975 WARN  server.GrpcLogAppender (GrpcLogAppender.java:mayWait(143)) - GrpcLogAppender(a7250395-42a7-4287-8341-025ad29f298b->417cb9e5-c49d-4ae9-8366-358494735e98): Wait interrupted by java.lang.InterruptedException
2019-07-10 04:52:28,984 INFO  server.GrpcServerProtocolService (GrpcServerProtocolService.java:onCompleted(104)) - cb1fbf23-5aa1-4405-87d5-e2661ec793bc: appendEntries completed
2019-07-10 04:52:28,984 INFO  server.GrpcServerProtocolService (GrpcServerProtocolService.java:onCompleted(104)) - 417cb9e5-c49d-4ae9-8366-358494735e98: appendEntries completed
2019-07-10 04:52:28,988 INFO  impl.StateMachineUpdater (StateMachineUpdater.java:stopAndJoin(115)) - StateMachineUpdater:a7250395-42a7-4287-8341-025ad29f298b:group-7EB902CF0E9A: set stopIndex = 79
2019-07-10 04:52:28,988 INFO  ratis.ContainerStateMachine (ContainerStateMachine.java:takeSnapshot(244)) - Taking snapshot at termIndex:(t:1, i:77)
2019-07-10 04:52:28,989 INFO  ratis.ContainerStateMachine (ContainerStateMachine.java:takeSnapshot(248)) - Taking a snapshot to file /tmp/workdir/hadoop-ozone/tools/target/test-dir/MiniOzoneClusterImpl-570ecddb-4f6d-4d38-b3da-667f6a65466b/datanode-0/data/ratis/033512d4-a86d-4a1f-9997-7eb902cf0e9a/sm/snapshot.1_77
2019-07-10 04:52:28,989 INFO  server.GrpcLogAppender (GrpcLogAppender.java:onCompleted(292)) - a7250395-42a7-4287-8341-025ad29f298b->417cb9e5-c49d-4ae9-8366-358494735e98: follower responses appendEntries COMPLETED
2019-07-10 04:52:28,990 INFO  server.GrpcLogAppender (GrpcLogAppender.java:onCompleted(292)) - a7250395-42a7-4287-8341-025ad29f298b->cb1fbf23-5aa1-4405-87d5-e2661ec793bc: follower responses appendEntries COMPLETED
2019-07-10 04:52:28,991 INFO  impl.StateMachineUpdater (StateMachineUpdater.java:takeSnapshot(242)) - StateMachineUpdater:a7250395-42a7-4287-8341-025ad29f298b:group-7EB902CF0E9A: Took a snapshot at index 77
2019-07-10 04:52:28,992 INFO  impl.StateMachineUpdater (StateMachineUpdater.java:lambda$new$0(80)) - StateMachineUpdater:a7250395-42a7-4287-8341-025ad29f298b:group-7EB902CF0E9A: snapshotIndex: updateIncreasingly -1 -> 77
2019-07-10 04:52:28,992 INFO  impl.RaftServerImpl (ServerState.java:close(394)) - a7250395-42a7-4287-8341-025ad29f298b:group-7EB902CF0E9A closes. The last applied log index is 79
2019-07-10 04:52:28,994 INFO  segmented.SegmentedRaftLogWorker (SegmentedRaftLogWorker.java:run(313)) - a7250395-42a7-4287-8341-025ad29f298b-SegmentedRaftLogWorker:Storage Directory /tmp/workdir/hadoop-ozone/tools/target/test-dir/MiniOzoneClusterImpl-570ecddb-4f6d-4d38-b3da-667f6a65466b/datanode-0/data/ratis/033512d4-a86d-4a1f-9997-7eb902cf0e9a was interrupted, exiting. There are 0 tasks remaining in the queue.
2019-07-10 04:52:28,994 INFO  impl.FollowerInfo (FollowerInfo.java:lambda$new$0(50)) - a7250395-42a7-4287-8341-025ad29f298b->cb1fbf23-5aa1-4405-87d5-e2661ec793bc: nextIndex: updateUnconditionally 80 -> 79
2019-07-10 04:52:28,995 INFO  segmented.SegmentedRaftLogWorker (SegmentedRaftLogWorker.java:close(228)) - a7250395-42a7-4287-8341-025ad29f298b-SegmentedRaftLogWorker:Storage Directory /tmp/workdir/hadoop-ozone/tools/target/test-dir/MiniOzoneClusterImpl-570ecddb-4f6d-4d38-b3da-667f6a65466b/datanode-0/data/ratis/033512d4-a86d-4a1f-9997-7eb902cf0e9a close()
2019-07-10 04:52:28,994 INFO  impl.FollowerInfo (FollowerInfo.java:lambda$new$0(50)) - a7250395-42a7-4287-8341-025ad29f298b->417cb9e5-c49d-4ae9-8366-358494735e98: nextIndex: updateUnconditionally 80 -> 79
2019-07-10 04:52:29,003 INFO  pipeline.PipelineStateManager (PipelineStateManager.java:removePipeline(108)) - Pipeline Pipeline[ Id: 033512d4-a86d-4a1f-9997-7eb902cf0e9a, Nodes: cb1fbf23-5aa1-4405-87d5-e2661ec793bc{ip: 192.168.69.122, host: hdds1735-7x7gx-353634902, networkLocation: /default-rack, certSerialId: null}417cb9e5-c49d-4ae9-8366-358494735e98{ip: 192.168.69.122, host: hdds1735-7x7gx-353634902, networkLocation: /default-rack, certSerialId: null}a7250395-42a7-4287-8341-025ad29f298b{ip: 192.168.69.122, host: hdds1735-7x7gx-353634902, networkLocation: /default-rack, certSerialId: null}, Type:RATIS, Factor:THREE, State:CLOSED] removed from db
2019-07-10 04:52:29,023 INFO  impl.RaftServerProxy (RaftServerProxy.java:addNew(89)) - cb1fbf23-5aa1-4405-87d5-e2661ec793bc: addNew group-DD94B486DF30:[a7250395-42a7-4287-8341-025ad29f298b:192.168.69.122:45642, 417cb9e5-c49d-4ae9-8366-358494735e98:192.168.69.122:44601, cb1fbf23-5aa1-4405-87d5-e2661ec793bc:192.168.69.122:45878] returns group-DD94B486DF30:java.util.concurrent.CompletableFuture@5d900246[Not completed]
2019-07-10 04:52:29,023 INFO  impl.RaftServerProxy (RaftServerProxy.java:addNew(89)) - a7250395-42a7-4287-8341-025ad29f298b: addNew group-DD94B486DF30:[a7250395-42a7-4287-8341-025ad29f298b:192.168.69.122:45642, 417cb9e5-c49d-4ae9-8366-358494735e98:192.168.69.122:44601, cb1fbf23-5aa1-4405-87d5-e2661ec793bc:192.168.69.122:45878] returns group-DD94B486DF30:java.util.concurrent.CompletableFuture@50728067[Not completed]
2019-07-10 04:52:29,023 INFO  impl.RaftServerProxy (RaftServerProxy.java:addNew(89)) - 417cb9e5-c49d-4ae9-8366-358494735e98: addNew group-DD94B486DF30:[a7250395-42a7-4287-8341-025ad29f298b:192.168.69.122:45642, 417cb9e5-c49d-4ae9-8366-358494735e98:192.168.69.122:44601, cb1fbf23-5aa1-4405-87d5-e2661ec793bc:192.168.69.122:45878] returns group-DD94B486DF30:java.util.concurrent.CompletableFuture@7a2a3736[Not completed]
2019-07-10 04:52:29,026 INFO  impl.RaftServerImpl (RaftServerImpl.java:<init>(93)) - 417cb9e5-c49d-4ae9-8366-358494735e98: new RaftServerImpl for group-DD94B486DF30:[a7250395-42a7-4287-8341-025ad29f298b:192.168.69.122:45642, 417cb9e5-c49d-4ae9-8366-358494735e98:192.168.69.122:44601, cb1fbf23-5aa1-4405-87d5-e2661ec793bc:192.168.69.122:45878] with ContainerStateMachine:uninitialized
2019-07-10 04:52:29,026 INFO  server.RaftServerConfigKeys (ConfUtils.java:logGet(43)) - raft.server.rpc.timeout.min = 1s (custom)
2019-07-10 04:52:29,026 INFO  server.RaftServerConfigKeys (ConfUtils.java:logGet(43)) - raft.server.rpc.timeout.max = 1200ms (custom)
2019-07-10 04:52:29,026 INFO  server.RaftServerConfigKeys (ConfUtils.java:logGet(43)) - raft.server.rpcslowness.timeout = 120s (custom)
2019-07-10 04:52:29,027 INFO  server.RaftServerConfigKeys (ConfUtils.java:logGet(43)) - raft.server.sleep.deviation.threshold = 300 (default)
2019-07-10 04:52:29,027 INFO  impl.RaftServerImpl (RaftServerImpl.java:<init>(93)) - cb1fbf23-5aa1-4405-87d5-e2661ec793bc: new RaftServerImpl for group-DD94B486DF30:[a7250395-42a7-4287-8341-025ad29f298b:192.168.69.122:45642, 417cb9e5-c49d-4ae9-8366-358494735e98:192.168.69.122:44601, cb1fbf23-5aa1-4405-87d5-e2661ec793bc:192.168.69.122:45878] with ContainerStateMachine:uninitialized
2019-07-10 04:52:29,027 INFO  server.RaftServerConfigKeys (ConfUtils.java:logGet(43)) - raft.server.log.appender.install.snapshot.enabled = false (custom)
2019-07-10 04:52:29,027 INFO  server.RaftServerConfigKeys (ConfUtils.java:logGet(43)) - raft.server.rpc.timeout.min = 1s (custom)
2019-07-10 04:52:29,027 INFO  impl.RaftServerImpl (ServerState.java:<init>(105)) - 417cb9e5-c49d-4ae9-8366-358494735e98:group-DD94B486DF30 ConfigurationManager, init=-1: [a7250395-42a7-4287-8341-025ad29f298b:192.168.69.122:45642, 417cb9e5-c49d-4ae9-8366-358494735e98:192.168.69.122:44601, cb1fbf23-5aa1-4405-87d5-e2661ec793bc:192.168.69.122:45878], old=null, confs=<EMPTY_MAP>
2019-07-10 04:52:29,027 INFO  server.RaftServerConfigKeys (ConfUtils.java:logGet(43)) - raft.server.rpc.timeout.max = 1200ms (custom)
2019-07-10 04:52:29,027 INFO  server.RaftServerConfigKeys (ConfUtils.java:logGet(43)) - raft.server.rpcslowness.timeout = 120s (custom)
2019-07-10 04:52:29,027 INFO  impl.RaftServerImpl (RaftServerImpl.java:<init>(93)) - a7250395-42a7-4287-8341-025ad29f298b: new RaftServerImpl for group-DD94B486DF30:[a7250395-42a7-4287-8341-025ad29f298b:192.168.69.122:45642, 417cb9e5-c49d-4ae9-8366-358494735e98:192.168.69.122:44601, cb1fbf23-5aa1-4405-87d5-e2661ec793bc:192.168.69.122:45878] with ContainerStateMachine:uninitialized
2019-07-10 04:52:29,027 INFO  server.RaftServerConfigKeys (ConfUtils.java:logGet(43)) - raft.server.storage.dir = [/tmp/workdir/hadoop-ozone/tools/target/test-dir/MiniOzoneClusterImpl-570ecddb-4f6d-4d38-b3da-667f6a65466b/datanode-2/data/ratis] (custom)
2019-07-10 04:52:29,028 INFO  server.RaftServerConfigKeys (ConfUtils.java:logGet(43)) - raft.server.rpc.timeout.min = 1s (custom)
2019-07-10 04:52:29,028 INFO  server.RaftServerConfigKeys (ConfUtils.java:logGet(43)) - raft.server.sleep.deviation.threshold = 300 (default)
2019-07-10 04:52:29,028 INFO  server.RaftServerConfigKeys (ConfUtils.java:logGet(43)) - raft.server.rpc.timeout.max = 1200ms (custom)
2019-07-10 04:52:29,028 INFO  storage.RaftStorageDirectory (RaftStorageDirectory.java:analyzeStorage(246)) - The storage directory /tmp/workdir/hadoop-ozone/tools/target/test-dir/MiniOzoneClusterImpl-570ecddb-4f6d-4d38-b3da-667f6a65466b/datanode-2/data/ratis/c0e32528-faa9-4a05-8320-dd94b486df30 does not exist. Creating ...
2019-07-10 04:52:29,028 INFO  server.RaftServerConfigKeys (ConfUtils.java:logGet(43)) - raft.server.log.appender.install.snapshot.enabled = false (custom)
2019-07-10 04:52:29,028 INFO  server.RaftServerConfigKeys (ConfUtils.java:logGet(43)) - raft.server.rpcslowness.timeout = 120s (custom)
2019-07-10 04:52:29,029 INFO  impl.RaftServerImpl (ServerState.java:<init>(105)) - cb1fbf23-5aa1-4405-87d5-e2661ec793bc:group-DD94B486DF30 ConfigurationManager, init=-1: [a7250395-42a7-4287-8341-025ad29f298b:192.168.69.122:45642, 417cb9e5-c49d-4ae9-8366-358494735e98:192.168.69.122:44601, cb1fbf23-5aa1-4405-87d5-e2661ec793bc:192.168.69.122:45878], old=null, confs=<EMPTY_MAP>
2019-07-10 04:52:29,029 INFO  server.RaftServerConfigKeys (ConfUtils.java:logGet(43)) - raft.server.sleep.deviation.threshold = 300 (default)
2019-07-10 04:52:29,029 INFO  server.RaftServerConfigKeys (ConfUtils.java:logGet(43)) - raft.server.storage.dir = [/tmp/workdir/hadoop-ozone/tools/target/test-dir/MiniOzoneClusterImpl-570ecddb-4f6d-4d38-b3da-667f6a65466b/datanode-1/data/ratis] (custom)
2019-07-10 04:52:29,029 INFO  server.RaftServerConfigKeys (ConfUtils.java:logGet(43)) - raft.server.log.appender.install.snapshot.enabled = false (custom)
2019-07-10 04:52:29,029 INFO  impl.RaftServerImpl (ServerState.java:<init>(105)) - a7250395-42a7-4287-8341-025ad29f298b:group-DD94B486DF30 ConfigurationManager, init=-1: [a7250395-42a7-4287-8341-025ad29f298b:192.168.69.122:45642, 417cb9e5-c49d-4ae9-8366-358494735e98:192.168.69.122:44601, cb1fbf23-5aa1-4405-87d5-e2661ec793bc:192.168.69.122:45878], old=null, confs=<EMPTY_MAP>
2019-07-10 04:52:29,029 INFO  storage.RaftStorageDirectory (RaftStorageDirectory.java:analyzeStorage(246)) - The storage directory /tmp/workdir/hadoop-ozone/tools/target/test-dir/MiniOzoneClusterImpl-570ecddb-4f6d-4d38-b3da-667f6a65466b/datanode-1/data/ratis/c0e32528-faa9-4a05-8320-dd94b486df30 does not exist. Creating ...
2019-07-10 04:52:29,030 INFO  server.RaftServerConfigKeys (ConfUtils.java:logGet(43)) - raft.server.storage.dir = [/tmp/workdir/hadoop-ozone/tools/target/test-dir/MiniOzoneClusterImpl-570ecddb-4f6d-4d38-b3da-667f6a65466b/datanode-0/data/ratis] (custom)
2019-07-10 04:52:29,030 INFO  storage.RaftStorageDirectory (RaftStorageDirectory.java:analyzeStorage(246)) - The storage directory /tmp/workdir/hadoop-ozone/tools/target/test-dir/MiniOzoneClusterImpl-570ecddb-4f6d-4d38-b3da-667f6a65466b/datanode-0/data/ratis/c0e32528-faa9-4a05-8320-dd94b486df30 does not exist. Creating ...
2019-07-10 04:52:29,042 INFO  storage.RaftStorageDirectory (RaftStorageDirectory.java:tryLock(328)) - Lock on /tmp/workdir/hadoop-ozone/tools/target/test-dir/MiniOzoneClusterImpl-570ecddb-4f6d-4d38-b3da-667f6a65466b/datanode-0/data/ratis/c0e32528-faa9-4a05-8320-dd94b486df30/in_use.lock acquired by nodename 21137@hdds1735-7x7gx-353634902
2019-07-10 04:52:29,042 INFO  storage.RaftStorageDirectory (RaftStorageDirectory.java:tryLock(328)) - Lock on /tmp/workdir/hadoop-ozone/tools/target/test-dir/MiniOzoneClusterImpl-570ecddb-4f6d-4d38-b3da-667f6a65466b/datanode-2/data/ratis/c0e32528-faa9-4a05-8320-dd94b486df30/in_use.lock acquired by nodename 21137@hdds1735-7x7gx-353634902
2019-07-10 04:52:29,042 INFO  storage.RaftStorageDirectory (RaftStorageDirectory.java:tryLock(328)) - Lock on /tmp/workdir/hadoop-ozone/tools/target/test-dir/MiniOzoneClusterImpl-570ecddb-4f6d-4d38-b3da-667f6a65466b/datanode-1/data/ratis/c0e32528-faa9-4a05-8320-dd94b486df30/in_use.lock acquired by nodename 21137@hdds1735-7x7gx-353634902
2019-07-10 04:52:29,056 INFO  storage.RaftStorage (RaftStorage.java:format(72)) - Storage directory /tmp/workdir/hadoop-ozone/tools/target/test-dir/MiniOzoneClusterImpl-570ecddb-4f6d-4d38-b3da-667f6a65466b/datanode-0/data/ratis/c0e32528-faa9-4a05-8320-dd94b486df30 has been successfully formatted.
2019-07-10 04:52:29,056 INFO  storage.RaftStorage (RaftStorage.java:format(72)) - Storage directory /tmp/workdir/hadoop-ozone/tools/target/test-dir/MiniOzoneClusterImpl-570ecddb-4f6d-4d38-b3da-667f6a65466b/datanode-2/data/ratis/c0e32528-faa9-4a05-8320-dd94b486df30 has been successfully formatted.
2019-07-10 04:52:29,056 INFO  storage.RaftStorage (RaftStorage.java:format(72)) - Storage directory /tmp/workdir/hadoop-ozone/tools/target/test-dir/MiniOzoneClusterImpl-570ecddb-4f6d-4d38-b3da-667f6a65466b/datanode-1/data/ratis/c0e32528-faa9-4a05-8320-dd94b486df30 has been successfully formatted.
2019-07-10 04:52:29,057 INFO  ratis.ContainerStateMachine (ContainerStateMachine.java:loadSnapshot(198)) - The snapshot info is null.Setting the last applied index to:(t:0, i:~)
2019-07-10 04:52:29,057 INFO  ratis.ContainerStateMachine (ContainerStateMachine.java:loadSnapshot(198)) - The snapshot info is null.Setting the last applied index to:(t:0, i:~)
2019-07-10 04:52:29,057 INFO  server.RaftServerConfigKeys (ConfUtils.java:logGet(43)) - raft.server.leader.election.timeout = 120s (custom)
2019-07-10 04:52:29,057 INFO  ratis.ContainerStateMachine (ContainerStateMachine.java:loadSnapshot(198)) - The snapshot info is null.Setting the last applied index to:(t:0, i:~)
2019-07-10 04:52:29,057 INFO  server.RaftServerConfigKeys (ConfUtils.java:logGet(43)) - raft.server.log.use.memory = false (default)
2019-07-10 04:52:29,057 INFO  server.RaftServerConfigKeys (ConfUtils.java:logGet(43)) - raft.server.leader.election.timeout = 120s (custom)
2019-07-10 04:52:29,058 INFO  server.RaftServerConfigKeys (ConfUtils.java:logGet(43)) - raft.server.log.purge.gap = 1000000000 (custom)
2019-07-10 04:52:29,058 INFO  server.RaftServerConfigKeys (ConfUtils.java:logGet(43)) - raft.server.leader.election.timeout = 120s (custom)
2019-07-10 04:52:29,058 INFO  server.RaftServerConfigKeys (ConfUtils.java:logGet(43)) - raft.server.log.appender.buffer.byte-limit = 33554432 (custom)
2019-07-10 04:52:29,058 INFO  server.RaftServerConfigKeys (ConfUtils.java:logGet(43)) - raft.server.log.use.memory = false (default)
2019-07-10 04:52:29,058 INFO  server.RaftServerConfigKeys (ConfUtils.java:logGet(43)) - raft.server.log.segment.size.max = 1048576 (custom)
2019-07-10 04:52:29,058 INFO  server.RaftServerConfigKeys (ConfUtils.java:logGet(43)) - raft.server.log.use.memory = false (default)
2019-07-10 04:52:29,059 INFO  server.RaftServerConfigKeys (ConfUtils.java:logGet(43)) - raft.server.log.segment.cache.num.max = 2 (custom)
2019-07-10 04:52:29,059 INFO  server.RaftServerConfigKeys (ConfUtils.java:logGet(43)) - raft.server.log.purge.gap = 1000000000 (custom)
2019-07-10 04:52:29,059 INFO  segmented.SegmentedRaftLogWorker (SegmentedRaftLogWorker.java:<init>(172)) - new 417cb9e5-c49d-4ae9-8366-358494735e98-SegmentedRaftLogWorker:Storage Directory /tmp/workdir/hadoop-ozone/tools/target/test-dir/MiniOzoneClusterImpl-570ecddb-4f6d-4d38-b3da-667f6a65466b/datanode-2/data/ratis/c0e32528-faa9-4a05-8320-dd94b486df30 for RaftStorage:Storage Directory /tmp/workdir/hadoop-ozone/tools/target/test-dir/MiniOzoneClusterImpl-570ecddb-4f6d-4d38-b3da-667f6a65466b/datanode-2/data/ratis/c0e32528-faa9-4a05-8320-dd94b486df30
2019-07-10 04:52:29,059 INFO  server.RaftServerConfigKeys (ConfUtils.java:logGet(43)) - raft.server.log.purge.gap = 1000000000 (custom)
2019-07-10 04:52:29,059 INFO  server.RaftServerConfigKeys (ConfUtils.java:logGet(43)) - raft.server.log.queue.byte-limit = 2147483647 (custom)
2019-07-10 04:52:29,059 INFO  server.RaftServerConfigKeys (ConfUtils.java:logGet(43)) - raft.server.log.appender.buffer.byte-limit = 33554432 (custom)
2019-07-10 04:52:29,061 INFO  server.RaftServerConfigKeys (ConfUtils.java:logGet(43)) - raft.server.log.queue.element-limit = 1024 (custom)
2019-07-10 04:52:29,061 INFO  server.RaftServerConfigKeys (ConfUtils.java:logGet(43)) - raft.server.log.appender.buffer.byte-limit = 33554432 (custom)
2019-07-10 04:52:29,062 INFO  server.RaftServerConfigKeys (ConfUtils.java:logGet(43)) - raft.server.log.segment.size.max = 1048576 (custom)
2019-07-10 04:52:29,062 INFO  server.RaftServerConfigKeys (ConfUtils.java:logGet(43)) - raft.server.log.segment.size.max = 1048576 (custom)
2019-07-10 04:52:29,062 INFO  server.RaftServerConfigKeys (ConfUtils.java:logGet(43)) - raft.server.log.preallocated.size = 16384 (custom)
2019-07-10 04:52:29,062 INFO  server.RaftServerConfigKeys (ConfUtils.java:logGet(43)) - raft.server.log.segment.size.max = 1048576 (custom)
2019-07-10 04:52:29,063 INFO  server.RaftServerConfigKeys (ConfUtils.java:logGet(43)) - raft.server.log.write.buffer.size = 33554432 (custom)
2019-07-10 04:52:29,062 INFO  server.RaftServerConfigKeys (ConfUtils.java:logGet(43)) - raft.server.log.segment.cache.num.max = 2 (custom)
2019-07-10 04:52:29,063 INFO  server.RaftServerConfigKeys (ConfUtils.java:logGet(43)) - raft.server.log.force.sync.num = 128 (default)
2019-07-10 04:52:29,063 INFO  server.RaftServerConfigKeys (ConfUtils.java:logGet(43)) - raft.server.log.segment.cache.num.max = 2 (custom)
2019-07-10 04:52:29,063 INFO  server.RaftServerConfigKeys (ConfUtils.java:logGet(43)) - raft.server.log.statemachine.data.sync = true (default)
2019-07-10 04:52:29,063 INFO  segmented.SegmentedRaftLogWorker (SegmentedRaftLogWorker.java:<init>(172)) - new a7250395-42a7-4287-8341-025ad29f298b-SegmentedRaftLogWorker:Storage Directory /tmp/workdir/hadoop-ozone/tools/target/test-dir/MiniOzoneClusterImpl-570ecddb-4f6d-4d38-b3da-667f6a65466b/datanode-0/data/ratis/c0e32528-faa9-4a05-8320-dd94b486df30 for RaftStorage:Storage Directory /tmp/workdir/hadoop-ozone/tools/target/test-dir/MiniOzoneClusterImpl-570ecddb-4f6d-4d38-b3da-667f6a65466b/datanode-0/data/ratis/c0e32528-faa9-4a05-8320-dd94b486df30
2019-07-10 04:52:29,064 INFO  server.RaftServerConfigKeys (ConfUtils.java:logGet(43)) - raft.server.log.statemachine.data.sync.timeout = 10s (default)
2019-07-10 04:52:29,063 INFO  segmented.SegmentedRaftLogWorker (SegmentedRaftLogWorker.java:<init>(172)) - new cb1fbf23-5aa1-4405-87d5-e2661ec793bc-SegmentedRaftLogWorker:Storage Directory /tmp/workdir/hadoop-ozone/tools/target/test-dir/MiniOzoneClusterImpl-570ecddb-4f6d-4d38-b3da-667f6a65466b/datanode-1/data/ratis/c0e32528-faa9-4a05-8320-dd94b486df30 for RaftStorage:Storage Directory /tmp/workdir/hadoop-ozone/tools/target/test-dir/MiniOzoneClusterImpl-570ecddb-4f6d-4d38-b3da-667f6a65466b/datanode-1/data/ratis/c0e32528-faa9-4a05-8320-dd94b486df30
2019-07-10 04:52:29,064 INFO  server.RaftServerConfigKeys (ConfUtils.java:logGet(43)) - raft.server.log.statemachine.data.sync.timeout.retry = -1 (default)
2019-07-10 04:52:29,064 INFO  server.RaftServerConfigKeys (ConfUtils.java:logGet(43)) - raft.server.log.queue.byte-limit = 2147483647 (custom)
2019-07-10 04:52:29,067 INFO  server.RaftServerConfigKeys (ConfUtils.java:logGet(43)) - raft.server.log.statemachine.data.caching.enabled = true (custom)
2019-07-10 04:52:29,065 INFO  server.RaftServerConfigKeys (ConfUtils.java:logGet(43)) - raft.server.log.queue.byte-limit = 2147483647 (custom)
2019-07-10 04:52:29,067 INFO  server.RaftServerConfigKeys (ConfUtils.java:logGet(43)) - raft.server.log.queue.element-limit = 1024 (custom)
2019-07-10 04:52:29,067 INFO  server.RaftServerConfigKeys (ConfUtils.java:logGet(43)) - raft.server.log.queue.element-limit = 1024 (custom)
2019-07-10 04:52:29,067 INFO  segmented.SegmentedRaftLogWorker (SegmentedRaftLogWorker.java:lambda$new$0(132)) - 417cb9e5-c49d-4ae9-8366-358494735e98-SegmentedRaftLogWorker:Storage Directory /tmp/workdir/hadoop-ozone/tools/target/test-dir/MiniOzoneClusterImpl-570ecddb-4f6d-4d38-b3da-667f6a65466b/datanode-2/data/ratis/c0e32528-faa9-4a05-8320-dd94b486df30: flushIndex: setUnconditionally 0 -> -1
2019-07-10 04:52:29,068 INFO  server.RaftServerConfigKeys (ConfUtils.java:logGet(43)) - raft.server.log.segment.size.max = 1048576 (custom)
2019-07-10 04:52:29,067 INFO  server.RaftServerConfigKeys (ConfUtils.java:logGet(43)) - raft.server.log.segment.size.max = 1048576 (custom)
2019-07-10 04:52:29,068 INFO  server.RaftServerConfigKeys (ConfUtils.java:logGet(43)) - raft.server.snapshot.auto.trigger.enabled = true (custom)
2019-07-10 04:52:29,068 INFO  server.RaftServerConfigKeys (ConfUtils.java:logGet(43)) - raft.server.log.preallocated.size = 16384 (custom)
2019-07-10 04:52:29,068 INFO  server.RaftServerConfigKeys (ConfUtils.java:logGet(43)) - raft.server.snapshot.auto.trigger.threshold = 10000 (custom)
2019-07-10 04:52:29,068 INFO  server.RaftServerConfigKeys (ConfUtils.java:logGet(43)) - raft.server.log.preallocated.size = 16384 (custom)
2019-07-10 04:52:29,069 INFO  server.RaftServerConfigKeys (ConfUtils.java:logGet(43)) - raft.server.retrycache.expirytime = 600000ms (custom)
2019-07-10 04:52:29,068 INFO  server.RaftServerConfigKeys (ConfUtils.java:logGet(43)) - raft.server.log.write.buffer.size = 33554432 (custom)
2019-07-10 04:52:29,069 INFO  server.RaftServerConfigKeys (ConfUtils.java:logGet(43)) - raft.server.log.write.buffer.size = 33554432 (custom)
2019-07-10 04:52:29,069 INFO  server.RaftServerConfigKeys (ConfUtils.java:logGet(43)) - raft.server.log.force.sync.num = 128 (default)
2019-07-10 04:52:29,069 INFO  impl.RaftServerImpl (RaftServerImpl.java:start(180)) - 417cb9e5-c49d-4ae9-8366-358494735e98: start group-DD94B486DF30
2019-07-10 04:52:29,069 INFO  server.RaftServerConfigKeys (ConfUtils.java:logGet(43)) - raft.server.log.statemachine.data.sync = true (default)
2019-07-10 04:52:29,069 INFO  server.RaftServerConfigKeys (ConfUtils.java:logGet(43)) - raft.server.log.force.sync.num = 128 (default)
2019-07-10 04:52:29,070 INFO  server.RaftServerConfigKeys (ConfUtils.java:logGet(43)) - raft.server.log.statemachine.data.sync.timeout = 10s (default)
2019-07-10 04:52:29,069 INFO  impl.RaftServerImpl (RaftServerImpl.java:setRole(171)) - 417cb9e5-c49d-4ae9-8366-358494735e98:group-DD94B486DF30 changes role from null to FOLLOWER at term 0 for startAsFollower
2019-07-10 04:52:29,070 INFO  server.RaftServerConfigKeys (ConfUtils.java:logGet(43)) - raft.server.log.statemachine.data.sync.timeout.retry = -1 (default)
2019-07-10 04:52:29,070 INFO  server.RaftServerConfigKeys (ConfUtils.java:logGet(43)) - raft.server.log.statemachine.data.sync = true (default)
2019-07-10 04:52:29,070 INFO  server.RaftServerConfigKeys (ConfUtils.java:logGet(43)) - raft.server.log.statemachine.data.caching.enabled = true (custom)
2019-07-10 04:52:29,070 INFO  impl.RoleInfo (RoleInfo.java:updateAndGet(143)) - 417cb9e5-c49d-4ae9-8366-358494735e98: start FollowerState
2019-07-10 04:52:29,070 INFO  server.RaftServerConfigKeys (ConfUtils.java:logGet(43)) - raft.server.log.statemachine.data.sync.timeout = 10s (default)
2019-07-10 04:52:29,071 INFO  segmented.SegmentedRaftLogWorker (SegmentedRaftLogWorker.java:lambda$new$0(132)) - cb1fbf23-5aa1-4405-87d5-e2661ec793bc-SegmentedRaftLogWorker:Storage Directory /tmp/workdir/hadoop-ozone/tools/target/test-dir/MiniOzoneClusterImpl-570ecddb-4f6d-4d38-b3da-667f6a65466b/datanode-1/data/ratis/c0e32528-faa9-4a05-8320-dd94b486df30: flushIndex: setUnconditionally 0 -> -1
2019-07-10 04:52:29,071 INFO  server.RaftServerConfigKeys (ConfUtils.java:logGet(43)) - raft.server.log.statemachine.data.sync.timeout.retry = -1 (default)
2019-07-10 04:52:29,071 INFO  util.JmxRegister (JmxRegister.java:tryRegister(44)) - Successfully registered JMX Bean with object name Ratis:service=RaftServer,group=group-DD94B486DF30,id=417cb9e5-c49d-4ae9-8366-358494735e98
2019-07-10 04:52:29,071 INFO  server.RaftServerConfigKeys (ConfUtils.java:logGet(43)) - raft.server.log.statemachine.data.caching.enabled = true (custom)
2019-07-10 04:52:29,071 INFO  server.RaftServerConfigKeys (ConfUtils.java:logGet(43)) - raft.server.snapshot.auto.trigger.enabled = true (custom)
2019-07-10 04:52:29,071 INFO  server.RaftServerConfigKeys (ConfUtils.java:logGet(43)) - raft.server.snapshot.auto.trigger.threshold = 10000 (custom)
2019-07-10 04:52:29,072 INFO  segmented.SegmentedRaftLogWorker (SegmentedRaftLogWorker.java:lambda$new$0(132)) - a7250395-42a7-4287-8341-025ad29f298b-SegmentedRaftLogWorker:Storage Directory /tmp/workdir/hadoop-ozone/tools/target/test-dir/MiniOzoneClusterImpl-570ecddb-4f6d-4d38-b3da-667f6a65466b/datanode-0/data/ratis/c0e32528-faa9-4a05-8320-dd94b486df30: flushIndex: setUnconditionally 0 -> -1
2019-07-10 04:52:29,072 INFO  server.RaftServerConfigKeys (ConfUtils.java:logGet(43)) - raft.server.retrycache.expirytime = 600000ms (custom)
2019-07-10 04:52:29,072 INFO  impl.RaftServerImpl (RaftServerImpl.java:start(180)) - cb1fbf23-5aa1-4405-87d5-e2661ec793bc: start group-DD94B486DF30
2019-07-10 04:52:29,072 INFO  server.RaftServerConfigKeys (ConfUtils.java:logGet(43)) - raft.server.snapshot.auto.trigger.enabled = true (custom)
2019-07-10 04:52:29,072 INFO  impl.RaftServerImpl (RaftServerImpl.java:setRole(171)) - cb1fbf23-5aa1-4405-87d5-e2661ec793bc:group-DD94B486DF30 changes role from null to FOLLOWER at term 0 for startAsFollower
2019-07-10 04:52:29,072 INFO  server.RaftServerConfigKeys (ConfUtils.java:logGet(43)) - raft.server.snapshot.auto.trigger.threshold = 10000 (custom)
2019-07-10 04:52:29,072 INFO  impl.RoleInfo (RoleInfo.java:updateAndGet(143)) - cb1fbf23-5aa1-4405-87d5-e2661ec793bc: start FollowerState
2019-07-10 04:52:29,073 INFO  server.RaftServerConfigKeys (ConfUtils.java:logGet(43)) - raft.server.retrycache.expirytime = 600000ms (custom)
2019-07-10 04:52:29,073 INFO  impl.RaftServerImpl (RaftServerImpl.java:start(180)) - a7250395-42a7-4287-8341-025ad29f298b: start group-DD94B486DF30
2019-07-10 04:52:29,073 INFO  util.JmxRegister (JmxRegister.java:tryRegister(44)) - Successfully registered JMX Bean with object name Ratis:service=RaftServer,group=group-DD94B486DF30,id=cb1fbf23-5aa1-4405-87d5-e2661ec793bc
2019-07-10 04:52:29,074 INFO  impl.RaftServerImpl (RaftServerImpl.java:setRole(171)) - a7250395-42a7-4287-8341-025ad29f298b:group-DD94B486DF30 changes role from null to FOLLOWER at term 0 for startAsFollower
2019-07-10 04:52:29,074 INFO  impl.RoleInfo (RoleInfo.java:updateAndGet(143)) - a7250395-42a7-4287-8341-025ad29f298b: start FollowerState
2019-07-10 04:52:29,080 INFO  util.JmxRegister (JmxRegister.java:tryRegister(44)) - Successfully registered JMX Bean with object name Ratis:service=RaftServer,group=group-DD94B486DF30,id=a7250395-42a7-4287-8341-025ad29f298b
2019-07-10 04:52:29,085 INFO  pipeline.PipelineStateManager (PipelineStateManager.java:addPipeline(56)) - Created pipeline Pipeline[ Id: c0e32528-faa9-4a05-8320-dd94b486df30, Nodes: cb1fbf23-5aa1-4405-87d5-e2661ec793bc{ip: 192.168.69.122, host: hdds1735-7x7gx-353634902, networkLocation: /default-rack, certSerialId: null}417cb9e5-c49d-4ae9-8366-358494735e98{ip: 192.168.69.122, host: hdds1735-7x7gx-353634902, networkLocation: /default-rack, certSerialId: null}a7250395-42a7-4287-8341-025ad29f298b{ip: 192.168.69.122, host: hdds1735-7x7gx-353634902, networkLocation: /default-rack, certSerialId: null}, Type:RATIS, Factor:THREE, State:OPEN]
2019-07-10 04:52:29,132 INFO  freon.RandomKeyGenerator (RandomKeyGenerator.java:call(262)) - Number of Threads: 10
2019-07-10 04:52:29,132 INFO  freon.RandomKeyGenerator (RandomKeyGenerator.java:call(267)) - Number of Volumes: 1.
2019-07-10 04:52:29,133 INFO  freon.RandomKeyGenerator (RandomKeyGenerator.java:call(268)) - Number of Buckets per Volume: 1.
2019-07-10 04:52:29,133 INFO  freon.RandomKeyGenerator (RandomKeyGenerator.java:call(269)) - Number of Keys per Bucket: 1.
2019-07-10 04:52:29,133 INFO  freon.RandomKeyGenerator (RandomKeyGenerator.java:call(270)) - Key size: 20971520 bytes
2019-07-10 04:52:29,133 INFO  freon.RandomKeyGenerator (RandomKeyGenerator.java:call(271)) - Buffer size: 4096 bytes
2019-07-10 04:52:29,133 INFO  freon.RandomKeyGenerator (RandomKeyGenerator.java:call(286)) - Data validation is enabled.
2019-07-10 04:52:29,134 INFO  freon.RandomKeyGenerator (RandomKeyGenerator.java:call(299)) - Starting progress bar Thread.

 0.00% |█                                                                                                    |  0/1 Time: 0:00:002019-07-10 04:52:29,134 INFO  rpc.RpcClient (RpcClient.java:createVolume(289)) - Creating Volume: vol-0-02949, with jenkins1000 as owner.
2019-07-10 04:52:29,146 INFO  rpc.RpcClient (RpcClient.java:createBucket(426)) - Creating Bucket: vol-0-02949/bucket-0-49905, with Versioning false and Storage Type set to DISK and Encryption set to false 
2019-07-10 04:52:29,196 INFO  client.GrpcClientProtocolClient (GrpcClientProtocolClient.java:onNext(255)) - client-DE37598098E7->cb1fbf23-5aa1-4405-87d5-e2661ec793bc: receive RaftClientReply:client-DE37598098E7->cb1fbf23-5aa1-4405-87d5-e2661ec793bc@group-DD94B486DF30, cid=60, FAILED org.apache.ratis.protocol.NotLeaderException: Server cb1fbf23-5aa1-4405-87d5-e2661ec793bc is not the leader (null). Request must be sent to leader., logIndex=0, commits[cb1fbf23-5aa1-4405-87d5-e2661ec793bc:c-1]
2019-07-10 04:52:30,073 INFO  impl.FollowerState (FollowerState.java:run(106)) - cb1fbf23-5aa1-4405-87d5-e2661ec793bc:group-DD94B486DF30 changes to CANDIDATE, lastRpcTime:1000, electionTimeout:1000ms
2019-07-10 04:52:30,073 INFO  impl.RoleInfo (RoleInfo.java:shutdownFollowerState(121)) - cb1fbf23-5aa1-4405-87d5-e2661ec793bc: shutdown FollowerState
2019-07-10 04:52:30,074 INFO  impl.RaftServerImpl (RaftServerImpl.java:setRole(171)) - cb1fbf23-5aa1-4405-87d5-e2661ec793bc:group-DD94B486DF30 changes role from FOLLOWER to CANDIDATE at term 0 for changeToCandidate
2019-07-10 04:52:30,074 INFO  impl.RoleInfo (RoleInfo.java:updateAndGet(143)) - cb1fbf23-5aa1-4405-87d5-e2661ec793bc: start LeaderElection
2019-07-10 04:52:30,091 INFO  impl.LeaderElection (LeaderElection.java:askForVotes(181)) - cb1fbf23-5aa1-4405-87d5-e2661ec793bc:group-DD94B486DF30:LeaderElection6: begin an election at term 1 for -1: [a7250395-42a7-4287-8341-025ad29f298b:192.168.69.122:45642, 417cb9e5-c49d-4ae9-8366-358494735e98:192.168.69.122:44601, cb1fbf23-5aa1-4405-87d5-e2661ec793bc:192.168.69.122:45878], old=null
2019-07-10 04:52:30,099 INFO  impl.RaftServerImpl (RaftServerImpl.java:setRole(171)) - a7250395-42a7-4287-8341-025ad29f298b:group-DD94B486DF30 changes role from FOLLOWER to FOLLOWER at term 1 for recognizeCandidate:cb1fbf23-5aa1-4405-87d5-e2661ec793bc
2019-07-10 04:52:30,099 INFO  impl.RaftServerImpl (RaftServerImpl.java:setRole(171)) - 417cb9e5-c49d-4ae9-8366-358494735e98:group-DD94B486DF30 changes role from FOLLOWER to FOLLOWER at term 1 for recognizeCandidate:cb1fbf23-5aa1-4405-87d5-e2661ec793bc
2019-07-10 04:52:30,099 INFO  impl.RoleInfo (RoleInfo.java:shutdownFollowerState(121)) - a7250395-42a7-4287-8341-025ad29f298b: shutdown FollowerState
2019-07-10 04:52:30,099 INFO  impl.RoleInfo (RoleInfo.java:shutdownFollowerState(121)) - 417cb9e5-c49d-4ae9-8366-358494735e98: shutdown FollowerState
2019-07-10 04:52:30,100 INFO  impl.FollowerState (FollowerState.java:run(114)) - a7250395-42a7-4287-8341-025ad29f298b: FollowerState was interrupted: java.lang.InterruptedException: sleep interrupted
2019-07-10 04:52:30,100 INFO  impl.RoleInfo (RoleInfo.java:updateAndGet(143)) - a7250395-42a7-4287-8341-025ad29f298b: start FollowerState
2019-07-10 04:52:30,100 INFO  impl.FollowerState (FollowerState.java:run(114)) - 417cb9e5-c49d-4ae9-8366-358494735e98: FollowerState was interrupted: java.lang.InterruptedException: sleep interrupted
2019-07-10 04:52:30,100 INFO  impl.RoleInfo (RoleInfo.java:updateAndGet(143)) - 417cb9e5-c49d-4ae9-8366-358494735e98: start FollowerState
2019-07-10 04:52:30,109 INFO  impl.LeaderElection (LeaderElection.java:logAndReturn(56)) - cb1fbf23-5aa1-4405-87d5-e2661ec793bc:group-DD94B486DF30:LeaderElection6: Election PASSED; received 1 response(s) [cb1fbf23-5aa1-4405-87d5-e2661ec793bc<-417cb9e5-c49d-4ae9-8366-358494735e98#0:OK-t1] and 0 exception(s); cb1fbf23-5aa1-4405-87d5-e2661ec793bc:t1, leader=null, voted=cb1fbf23-5aa1-4405-87d5-e2661ec793bc, raftlog=cb1fbf23-5aa1-4405-87d5-e2661ec793bc-SegmentedRaftLog:OPENED:c-1,f-1,i0, conf=-1: [a7250395-42a7-4287-8341-025ad29f298b:192.168.69.122:45642, 417cb9e5-c49d-4ae9-8366-358494735e98:192.168.69.122:44601, cb1fbf23-5aa1-4405-87d5-e2661ec793bc:192.168.69.122:45878], old=null
2019-07-10 04:52:30,109 INFO  impl.RoleInfo (RoleInfo.java:shutdownLeaderElection(134)) - cb1fbf23-5aa1-4405-87d5-e2661ec793bc: shutdown LeaderElection
2019-07-10 04:52:30,112 INFO  impl.RaftServerImpl (RaftServerImpl.java:setRole(171)) - cb1fbf23-5aa1-4405-87d5-e2661ec793bc:group-DD94B486DF30 changes role from CANDIDATE to LEADER at term 1 for changeToLeader
2019-07-10 04:52:30,112 INFO  impl.RaftServerImpl (ServerState.java:setLeader(263)) - cb1fbf23-5aa1-4405-87d5-e2661ec793bc:group-DD94B486DF30 change Leader from null to cb1fbf23-5aa1-4405-87d5-e2661ec793bc at term 1 for becomeLeader, leader elected after 1054ms
2019-07-10 04:52:30,113 INFO  server.RaftServerConfigKeys (ConfUtils.java:logGet(43)) - raft.server.staging.catchup.gap = 1000 (default)
2019-07-10 04:52:30,113 INFO  server.RaftServerConfigKeys (ConfUtils.java:logGet(43)) - raft.server.rpc.sleep.time = 25ms (default)
2019-07-10 04:52:30,113 INFO  server.RaftServerConfigKeys (ConfUtils.java:logGet(43)) - raft.server.write.element-limit = 4096 (default)
2019-07-10 04:52:30,113 INFO  server.RaftServerConfigKeys (ConfUtils.java:logGet(43)) - raft.server.watch.timeout = 10s (default)
2019-07-10 04:52:30,114 INFO  server.RaftServerConfigKeys (ConfUtils.java:logGet(43)) - raft.server.watch.timeout.denomination = 1s (default)
2019-07-10 04:52:30,114 INFO  server.RaftServerConfigKeys (ConfUtils.java:logGet(43)) - raft.server.watch.element-limit = 65536 (default)
2019-07-10 04:52:30,114 INFO  server.RaftServerConfigKeys (ConfUtils.java:logGet(43)) - raft.server.log.appender.snapshot.chunk.size.max = 16MB (=16777216) (default)
2019-07-10 04:52:30,114 INFO  server.RaftServerConfigKeys (ConfUtils.java:logGet(43)) - raft.server.log.appender.buffer.byte-limit = 33554432 (custom)
2019-07-10 04:52:30,115 INFO  server.RaftServerConfigKeys (ConfUtils.java:logGet(43)) - raft.server.log.appender.buffer.element-limit = 1 (custom)
2019-07-10 04:52:30,115 INFO  grpc.GrpcConfigKeys$Server (ConfUtils.java:logGet(43)) - raft.grpc.server.leader.outstanding.appends.max = 128 (default)
2019-07-10 04:52:30,115 INFO  server.RaftServerConfigKeys (ConfUtils.java:logGet(43)) - raft.server.rpc.request.timeout = 3000ms (default)
2019-07-10 04:52:30,115 INFO  server.RaftServerConfigKeys (ConfUtils.java:logGet(43)) - raft.server.log.appender.install.snapshot.enabled = false (custom)
2019-07-10 04:52:30,116 INFO  server.RaftServerConfigKeys (ConfUtils.java:logGet(43)) - raft.server.log.appender.snapshot.chunk.size.max = 16MB (=16777216) (default)
2019-07-10 04:52:30,116 INFO  server.RaftServerConfigKeys (ConfUtils.java:logGet(43)) - raft.server.log.appender.buffer.byte-limit = 33554432 (custom)
2019-07-10 04:52:30,116 INFO  server.RaftServerConfigKeys (ConfUtils.java:logGet(43)) - raft.server.log.appender.buffer.element-limit = 1 (custom)
2019-07-10 04:52:30,116 INFO  grpc.GrpcConfigKeys$Server (ConfUtils.java:logGet(43)) - raft.grpc.server.leader.outstanding.appends.max = 128 (default)
2019-07-10 04:52:30,117 INFO  server.RaftServerConfigKeys (ConfUtils.java:logGet(43)) - raft.server.rpc.request.timeout = 3000ms (default)
2019-07-10 04:52:30,117 INFO  server.RaftServerConfigKeys (ConfUtils.java:logGet(43)) - raft.server.log.appender.install.snapshot.enabled = false (custom)
2019-07-10 04:52:30,117 INFO  impl.RoleInfo (RoleInfo.java:updateAndGet(143)) - cb1fbf23-5aa1-4405-87d5-e2661ec793bc: start LeaderState
2019-07-10 04:52:30,118 INFO  segmented.SegmentedRaftLogWorker (SegmentedRaftLogWorker.java:startLogSegment(380)) - cb1fbf23-5aa1-4405-87d5-e2661ec793bc-SegmentedRaftLogWorker:Storage Directory /tmp/workdir/hadoop-ozone/tools/target/test-dir/MiniOzoneClusterImpl-570ecddb-4f6d-4d38-b3da-667f6a65466b/datanode-1/data/ratis/c0e32528-faa9-4a05-8320-dd94b486df30: Starting segment from index:0
2019-07-10 04:52:30,119 INFO  impl.RaftServerImpl (ServerState.java:setRaftConf(361)) - cb1fbf23-5aa1-4405-87d5-e2661ec793bc:group-DD94B486DF30 set configuration 0: [a7250395-42a7-4287-8341-025ad29f298b:192.168.69.122:45642, 417cb9e5-c49d-4ae9-8366-358494735e98:192.168.69.122:44601, cb1fbf23-5aa1-4405-87d5-e2661ec793bc:192.168.69.122:45878], old=null at 0
 0.00% |█                                                                                                    |  0/1 Time: 0:00:012019-07-10 04:52:30,139 INFO  impl.RaftServerImpl (ServerState.java:setLeader(263)) - 417cb9e5-c49d-4ae9-8366-358494735e98:group-DD94B486DF30 change Leader from null to cb1fbf23-5aa1-4405-87d5-e2661ec793bc at term 1 for appendEntries, leader elected after 1082ms
2019-07-10 04:52:30,141 INFO  impl.RaftServerImpl (ServerState.java:setLeader(263)) - a7250395-42a7-4287-8341-025ad29f298b:group-DD94B486DF30 change Leader from null to cb1fbf23-5aa1-4405-87d5-e2661ec793bc at term 1 for appendEntries, leader elected after 1083ms
2019-07-10 04:52:30,143 INFO  segmented.SegmentedRaftLogWorker (SegmentedRaftLogWorker.java:execute(569)) - cb1fbf23-5aa1-4405-87d5-e2661ec793bc-SegmentedRaftLogWorker:Storage Directory /tmp/workdir/hadoop-ozone/tools/target/test-dir/MiniOzoneClusterImpl-570ecddb-4f6d-4d38-b3da-667f6a65466b/datanode-1/data/ratis/c0e32528-faa9-4a05-8320-dd94b486df30: created new log segment /tmp/workdir/hadoop-ozone/tools/target/test-dir/MiniOzoneClusterImpl-570ecddb-4f6d-4d38-b3da-667f6a65466b/datanode-1/data/ratis/c0e32528-faa9-4a05-8320-dd94b486df30/current/log_inprogress_0
2019-07-10 04:52:30,146 INFO  impl.RaftServerImpl (ServerState.java:setRaftConf(361)) - a7250395-42a7-4287-8341-025ad29f298b:group-DD94B486DF30 set configuration 0: [a7250395-42a7-4287-8341-025ad29f298b:192.168.69.122:45642, 417cb9e5-c49d-4ae9-8366-358494735e98:192.168.69.122:44601, cb1fbf23-5aa1-4405-87d5-e2661ec793bc:192.168.69.122:45878], old=null at 0
2019-07-10 04:52:30,146 INFO  impl.RaftServerImpl (ServerState.java:setRaftConf(361)) - 417cb9e5-c49d-4ae9-8366-358494735e98:group-DD94B486DF30 set configuration 0: [a7250395-42a7-4287-8341-025ad29f298b:192.168.69.122:45642, 417cb9e5-c49d-4ae9-8366-358494735e98:192.168.69.122:44601, cb1fbf23-5aa1-4405-87d5-e2661ec793bc:192.168.69.122:45878], old=null at 0
2019-07-10 04:52:30,146 INFO  segmented.SegmentedRaftLogWorker (SegmentedRaftLogWorker.java:startLogSegment(380)) - a7250395-42a7-4287-8341-025ad29f298b-SegmentedRaftLogWorker:Storage Directory /tmp/workdir/hadoop-ozone/tools/target/test-dir/MiniOzoneClusterImpl-570ecddb-4f6d-4d38-b3da-667f6a65466b/datanode-0/data/ratis/c0e32528-faa9-4a05-8320-dd94b486df30: Starting segment from index:0
2019-07-10 04:52:30,148 INFO  segmented.SegmentedRaftLogWorker (SegmentedRaftLogWorker.java:startLogSegment(380)) - 417cb9e5-c49d-4ae9-8366-358494735e98-SegmentedRaftLogWorker:Storage Directory /tmp/workdir/hadoop-ozone/tools/target/test-dir/MiniOzoneClusterImpl-570ecddb-4f6d-4d38-b3da-667f6a65466b/datanode-2/data/ratis/c0e32528-faa9-4a05-8320-dd94b486df30: Starting segment from index:0
2019-07-10 04:52:30,166 INFO  segmented.SegmentedRaftLogWorker (SegmentedRaftLogWorker.java:execute(569)) - a7250395-42a7-4287-8341-025ad29f298b-SegmentedRaftLogWorker:Storage Directory /tmp/workdir/hadoop-ozone/tools/target/test-dir/MiniOzoneClusterImpl-570ecddb-4f6d-4d38-b3da-667f6a65466b/datanode-0/data/ratis/c0e32528-faa9-4a05-8320-dd94b486df30: created new log segment /tmp/workdir/hadoop-ozone/tools/target/test-dir/MiniOzoneClusterImpl-570ecddb-4f6d-4d38-b3da-667f6a65466b/datanode-0/data/ratis/c0e32528-faa9-4a05-8320-dd94b486df30/current/log_inprogress_0
2019-07-10 04:52:30,170 INFO  segmented.SegmentedRaftLogWorker (SegmentedRaftLogWorker.java:execute(569)) - 417cb9e5-c49d-4ae9-8366-358494735e98-SegmentedRaftLogWorker:Storage Directory /tmp/workdir/hadoop-ozone/tools/target/test-dir/MiniOzoneClusterImpl-570ecddb-4f6d-4d38-b3da-667f6a65466b/datanode-2/data/ratis/c0e32528-faa9-4a05-8320-dd94b486df30: created new log segment /tmp/workdir/hadoop-ozone/tools/target/test-dir/MiniOzoneClusterImpl-570ecddb-4f6d-4d38-b3da-667f6a65466b/datanode-2/data/ratis/c0e32528-faa9-4a05-8320-dd94b486df30/current/log_inprogress_0
2019-07-10 04:52:30,225 INFO  client.GrpcClientProtocolClient (GrpcClientProtocolClient.java:onNext(255)) - client-DE37598098E7->417cb9e5-c49d-4ae9-8366-358494735e98: receive RaftClientReply:client-DE37598098E7->417cb9e5-c49d-4ae9-8366-358494735e98@group-DD94B486DF30, cid=60, FAILED org.apache.ratis.protocol.NotLeaderException: Server 417cb9e5-c49d-4ae9-8366-358494735e98 is not the leader (cb1fbf23-5aa1-4405-87d5-e2661ec793bc:192.168.69.122:45878). Request must be sent to leader., logIndex=0, commits[417cb9e5-c49d-4ae9-8366-358494735e98:c-1, a7250395-42a7-4287-8341-025ad29f298b:c-1, cb1fbf23-5aa1-4405-87d5-e2661ec793bc:c-1]
2019-07-10 04:52:30,361 INFO  client.GrpcClientProtocolClient (GrpcClientProtocolClient.java:onNext(255)) - client-DE37598098E7->cb1fbf23-5aa1-4405-87d5-e2661ec793bc: receive RaftClientReply:client-DE37598098E7->cb1fbf23-5aa1-4405-87d5-e2661ec793bc@group-DD94B486DF30, cid=60, SUCCESS, logIndex=1, commits[cb1fbf23-5aa1-4405-87d5-e2661ec793bc:c1, a7250395-42a7-4287-8341-025ad29f298b:c0, 417cb9e5-c49d-4ae9-8366-358494735e98:c0]
2019-07-10 04:52:30,447 INFO  client.GrpcClientProtocolClient (GrpcClientProtocolClient.java:onNext(255)) - client-DE37598098E7->cb1fbf23-5aa1-4405-87d5-e2661ec793bc: receive RaftClientReply:client-DE37598098E7->cb1fbf23-5aa1-4405-87d5-e2661ec793bc@group-DD94B486DF30, cid=61, SUCCESS, logIndex=3, commits[cb1fbf23-5aa1-4405-87d5-e2661ec793bc:c8, a7250395-42a7-4287-8341-025ad29f298b:c5, 417cb9e5-c49d-4ae9-8366-358494735e98:c5]
2019-07-10 04:52:30,450 INFO  client.GrpcClientProtocolClient (GrpcClientProtocolClient.java:onNext(255)) - client-DE37598098E7->cb1fbf23-5aa1-4405-87d5-e2661ec793bc: receive RaftClientReply:client-DE37598098E7->cb1fbf23-5aa1-4405-87d5-e2661ec793bc@group-DD94B486DF30, cid=62, SUCCESS, logIndex=4, commits[cb1fbf23-5aa1-4405-87d5-e2661ec793bc:c8, a7250395-42a7-4287-8341-025ad29f298b:c5, 417cb9e5-c49d-4ae9-8366-358494735e98:c5]
2019-07-10 04:52:30,533 INFO  client.GrpcClientProtocolClient (GrpcClientProtocolClient.java:onNext(255)) - client-DE37598098E7->cb1fbf23-5aa1-4405-87d5-e2661ec793bc: receive RaftClientReply:client-DE37598098E7->cb1fbf23-5aa1-4405-87d5-e2661ec793bc@group-DD94B486DF30, cid=63, SUCCESS, logIndex=5, commits[cb1fbf23-5aa1-4405-87d5-e2661ec793bc:c8, a7250395-42a7-4287-8341-025ad29f298b:c5, 417cb9e5-c49d-4ae9-8366-358494735e98:c5]
2019-07-10 04:52:30,569 INFO  client.GrpcClientProtocolClient (GrpcClientProtocolClient.java:onNext(255)) - client-DE37598098E7->cb1fbf23-5aa1-4405-87d5-e2661ec793bc: receive RaftClientReply:client-DE37598098E7->cb1fbf23-5aa1-4405-87d5-e2661ec793bc@group-DD94B486DF30, cid=64, SUCCESS, logIndex=9, commits[cb1fbf23-5aa1-4405-87d5-e2661ec793bc:c10, a7250395-42a7-4287-8341-025ad29f298b:c8, 417cb9e5-c49d-4ae9-8366-358494735e98:c8]
2019-07-10 04:52:30,570 INFO  client.GrpcClientProtocolClient (GrpcClientProtocolClient.java:onNext(255)) - client-DE37598098E7->cb1fbf23-5aa1-4405-87d5-e2661ec793bc: receive RaftClientReply:client-DE37598098E7->cb1fbf23-5aa1-4405-87d5-e2661ec793bc@group-DD94B486DF30, cid=65, SUCCESS, logIndex=10, commits[cb1fbf23-5aa1-4405-87d5-e2661ec793bc:c12, a7250395-42a7-4287-8341-025ad29f298b:c8, 417cb9e5-c49d-4ae9-8366-358494735e98:c8]
2019-07-10 04:52:30,571 INFO  client.GrpcClientProtocolClient (GrpcClientProtocolClient.java:onNext(255)) - client-DE37598098E7->cb1fbf23-5aa1-4405-87d5-e2661ec793bc: receive RaftClientReply:client-DE37598098E7->cb1fbf23-5aa1-4405-87d5-e2661ec793bc@group-DD94B486DF30, cid=66, SUCCESS, logIndex=11, commits[cb1fbf23-5aa1-4405-87d5-e2661ec793bc:c13, a7250395-42a7-4287-8341-025ad29f298b:c10, 417cb9e5-c49d-4ae9-8366-358494735e98:c10]
2019-07-10 04:52:30,572 INFO  client.GrpcClientProtocolClient (GrpcClientProtocolClient.java:onNext(255)) - client-DE37598098E7->cb1fbf23-5aa1-4405-87d5-e2661ec793bc: receive RaftClientReply:client-DE37598098E7->cb1fbf23-5aa1-4405-87d5-e2661ec793bc@group-DD94B486DF30, cid=67, SUCCESS, logIndex=12, commits[cb1fbf23-5aa1-4405-87d5-e2661ec793bc:c14, a7250395-42a7-4287-8341-025ad29f298b:c10, 417cb9e5-c49d-4ae9-8366-358494735e98:c10]
2019-07-10 04:52:30,578 INFO  client.GrpcClientProtocolClient (GrpcClientProtocolClient.java:onNext(255)) - client-DE37598098E7->cb1fbf23-5aa1-4405-87d5-e2661ec793bc: receive RaftClientReply:client-DE37598098E7->cb1fbf23-5aa1-4405-87d5-e2661ec793bc@group-DD94B486DF30, cid=68, SUCCESS, logIndex=0, commits[cb1fbf23-5aa1-4405-87d5-e2661ec793bc:c15, a7250395-42a7-4287-8341-025ad29f298b:c12, 417cb9e5-c49d-4ae9-8366-358494735e98:c12]
2019-07-10 04:52:30,588 INFO  keyvalue.KeyValueHandler (ContainerUtils.java:logAndReturnError(146)) - Operation: CreateContainer : Trace ID: febf317d4c1decf:deca657e968fe84e:e436f550e5c528bc:0 : Message: Container creation failed, due to disk out of space : Result: DISK_OUT_OF_SPACE
2019-07-10 04:52:30,591 INFO  keyvalue.KeyValueHandler (ContainerUtils.java:logAndReturnError(146)) - Operation: CreateContainer : Trace ID: febf317d4c1decf:32103c461624d5e2:e436f550e5c528bc:0 : Message: Container creation failed, due to disk out of space : Result: DISK_OUT_OF_SPACE
2019-07-10 04:52:30,595 INFO  keyvalue.KeyValueHandler (ContainerUtils.java:logAndReturnError(146)) - Operation: CreateContainer : Trace ID: febf317d4c1decf:deca657e968fe84e:e436f550e5c528bc:0 : Message: Container creation failed, due to disk out of space : Result: DISK_OUT_OF_SPACE
2019-07-10 04:52:30,596 INFO  keyvalue.KeyValueHandler (ContainerUtils.java:logAndReturnError(146)) - Operation: CreateContainer : Trace ID: febf317d4c1decf:deca657e968fe84e:e436f550e5c528bc:0 : Message: Container creation failed, due to disk out of space : Result: DISK_OUT_OF_SPACE
2019-07-10 04:52:30,599 INFO  keyvalue.KeyValueHandler (ContainerUtils.java:logAndReturnError(146)) - Operation: CreateContainer : Trace ID: febf317d4c1decf:32103c461624d5e2:e436f550e5c528bc:0 : Message: Container creation failed, due to disk out of space : Result: DISK_OUT_OF_SPACE
2019-07-10 04:52:30,599 INFO  keyvalue.KeyValueHandler (ContainerUtils.java:logAndReturnError(146)) - Operation: CreateContainer : Trace ID: febf317d4c1decf:32103c461624d5e2:e436f550e5c528bc:0 : Message: Container creation failed, due to disk out of space : Result: DISK_OUT_OF_SPACE
04:52:30.595 [pool-47-thread-36] ERROR DNAudit - user=null | ip=null | op=WRITE_CHUNK {blockData=conID: 5 locID: 102415358306287624 bcsId: 0} | ret=FAILURE
org.apache.hadoop.hdds.scm.container.common.helpers.StorageContainerException: ContainerID 5 creation failed
	at org.apache.hadoop.ozone.container.common.impl.HddsDispatcher.dispatchRequest(HddsDispatcher.java:227) ~[classes/:?]
	at org.apache.hadoop.ozone.container.common.impl.HddsDispatcher.dispatch(HddsDispatcher.java:148) ~[classes/:?]
	at org.apache.hadoop.ozone.container.common.transport.server.ratis.ContainerStateMachine.dispatchCommand(ContainerStateMachine.java:346) ~[classes/:?]
	at org.apache.hadoop.ozone.container.common.transport.server.ratis.ContainerStateMachine.runCommand(ContainerStateMachine.java:353) ~[classes/:?]
	at org.apache.hadoop.ozone.container.common.transport.server.ratis.ContainerStateMachine.lambda$handleWriteChunk$0(ContainerStateMachine.java:384) ~[classes/:?]
	at java.util.concurrent.CompletableFuture$AsyncSupply.run(CompletableFuture.java:1590) [?:1.8.0_212]
	at java.util.concurrent.ThreadPoolExecutor.runWorker(ThreadPoolExecutor.java:1149) [?:1.8.0_212]
	at java.util.concurrent.ThreadPoolExecutor$Worker.run(ThreadPoolExecutor.java:624) [?:1.8.0_212]
	at java.lang.Thread.run(Thread.java:748) [?:1.8.0_212]
04:52:30.595 [pool-47-thread-33] ERROR DNAudit - user=null | ip=null | op=WRITE_CHUNK {blockData=conID: 5 locID: 102415358306287624 bcsId: 0} | ret=FAILURE
org.apache.hadoop.hdds.scm.container.common.helpers.StorageContainerException: ContainerID 5 creation failed
	at org.apache.hadoop.ozone.container.common.impl.HddsDispatcher.dispatchRequest(HddsDispatcher.java:227) ~[classes/:?]
	at org.apache.hadoop.ozone.container.common.impl.HddsDispatcher.dispatch(HddsDispatcher.java:148) ~[classes/:?]
	at org.apache.hadoop.ozone.container.common.transport.server.ratis.ContainerStateMachine.dispatchCommand(ContainerStateMachine.java:346) ~[classes/:?]
	at org.apache.hadoop.ozone.container.common.transport.server.ratis.ContainerStateMachine.runCommand(ContainerStateMachine.java:353) ~[classes/:?]
	at org.apache.hadoop.ozone.container.common.transport.server.ratis.ContainerStateMachine.lambda$handleWriteChunk$0(ContainerStateMachine.java:384) ~[classes/:?]
	at java.util.concurrent.CompletableFuture$AsyncSupply.run(CompletableFuture.java:1590) [?:1.8.0_212]
	at java.util.concurrent.ThreadPoolExecutor.runWorker(ThreadPoolExecutor.java:1149) [?:1.8.0_212]
	at java.util.concurrent.ThreadPoolExecutor$Worker.run(ThreadPoolExecutor.java:624) [?:1.8.0_212]
	at java.lang.Thread.run(Thread.java:748) [?:1.8.0_212]
04:52:30.600 [pool-68-thread-26] ERROR DNAudit - user=null | ip=null | op=WRITE_CHUNK {blockData=conID: 5 locID: 102415358306287624 bcsId: 0} | ret=FAILURE
org.apache.hadoop.hdds.scm.container.common.helpers.StorageContainerException: ContainerID 5 creation failed
	at org.apache.hadoop.ozone.container.common.impl.HddsDispatcher.dispatchRequest(HddsDispatcher.java:227) ~[classes/:?]
	at org.apache.hadoop.ozone.container.common.impl.HddsDispatcher.dispatch(HddsDispatcher.java:148) ~[classes/:?]
	at org.apache.hadoop.ozone.container.common.transport.server.ratis.ContainerStateMachine.dispatchCommand(ContainerStateMachine.java:346) ~[classes/:?]
	at org.apache.hadoop.ozone.container.common.transport.server.ratis.ContainerStateMachine.runCommand(ContainerStateMachine.java:353) ~[classes/:?]
	at org.apache.hadoop.ozone.container.common.transport.server.ratis.ContainerStateMachine.lambda$handleWriteChunk$0(ContainerStateMachine.java:384) ~[classes/:?]
	at java.util.concurrent.CompletableFuture$AsyncSupply.run(CompletableFuture.java:1590) [?:1.8.0_212]
	at java.util.concurrent.ThreadPoolExecutor.runWorker(ThreadPoolExecutor.java:1149) [?:1.8.0_212]
	at java.util.concurrent.ThreadPoolExecutor$Worker.run(ThreadPoolExecutor.java:624) [?:1.8.0_212]
	at java.lang.Thread.run(Thread.java:748) [?:1.8.0_212]
04:52:30.599 [pool-26-thread-4] ERROR DNAudit - user=null | ip=null | op=WRITE_CHUNK {blockData=conID: 5 locID: 102415358306287624 bcsId: 0} | ret=FAILURE
org.apache.hadoop.hdds.scm.container.common.helpers.StorageContainerException: ContainerID 5 creation failed
	at org.apache.hadoop.ozone.container.common.impl.HddsDispatcher.dispatchRequest(HddsDispatcher.java:227) ~[classes/:?]
	at org.apache.hadoop.ozone.container.common.impl.HddsDispatcher.dispatch(HddsDispatcher.java:148) ~[classes/:?]
	at org.apache.hadoop.ozone.container.common.transport.server.ratis.ContainerStateMachine.dispatchCommand(ContainerStateMachine.java:346) ~[classes/:?]
	at org.apache.hadoop.ozone.container.common.transport.server.ratis.ContainerStateMachine.runCommand(ContainerStateMachine.java:353) ~[classes/:?]
	at org.apache.hadoop.ozone.container.common.transport.server.ratis.ContainerStateMachine.lambda$handleWriteChunk$0(ContainerStateMachine.java:384) ~[classes/:?]
	at java.util.concurrent.CompletableFuture$AsyncSupply.run(CompletableFuture.java:1590) [?:1.8.0_212]
	at java.util.concurrent.ThreadPoolExecutor.runWorker(ThreadPoolExecutor.java:1149) [?:1.8.0_212]
	at java.util.concurrent.ThreadPoolExecutor$Worker.run(ThreadPoolExecutor.java:624) [?:1.8.0_212]
	at java.lang.Thread.run(Thread.java:748) [?:1.8.0_212]
04:52:30.595 [pool-68-thread-25] ERROR DNAudit - user=null | ip=null | op=WRITE_CHUNK {blockData=conID: 5 locID: 102415358306287624 bcsId: 0} | ret=FAILURE
org.apache.hadoop.hdds.scm.container.common.helpers.StorageContainerException: ContainerID 5 creation failed
	at org.apache.hadoop.ozone.container.common.impl.HddsDispatcher.dispatchRequest(HddsDispatcher.java:227) ~[classes/:?]
	at org.apache.hadoop.ozone.container.common.impl.HddsDispatcher.dispatch(HddsDispatcher.java:148) ~[classes/:?]
	at org.apache.hadoop.ozone.container.common.transport.server.ratis.ContainerStateMachine.dispatchCommand(ContainerStateMachine.java:346) ~[classes/:?]
	at org.apache.hadoop.ozone.container.common.transport.server.ratis.ContainerStateMachine.runCommand(ContainerStateMachine.java:353) ~[classes/:?]
	at org.apache.hadoop.ozone.container.common.transport.server.ratis.ContainerStateMachine.lambda$handleWriteChunk$0(ContainerStateMachine.java:384) ~[classes/:?]
	at java.util.concurrent.CompletableFuture$AsyncSupply.run(CompletableFuture.java:1590) [?:1.8.0_212]
	at java.util.concurrent.ThreadPoolExecutor.runWorker(ThreadPoolExecutor.java:1149) [?:1.8.0_212]
	at java.util.concurrent.ThreadPoolExecutor$Worker.run(ThreadPoolExecutor.java:624) [?:1.8.0_212]
	at java.lang.Thread.run(Thread.java:748) [?:1.8.0_212]
04:52:30.595 [pool-26-thread-6] ERROR DNAudit - user=null | ip=null | op=WRITE_CHUNK {blockData=conID: 5 locID: 102415358306287624 bcsId: 0} | ret=FAILURE
org.apache.hadoop.hdds.scm.container.common.helpers.StorageContainerException: ContainerID 5 creation failed
	at org.apache.hadoop.ozone.container.common.impl.HddsDispatcher.dispatchRequest(HddsDispatcher.java:227) ~[classes/:?]
	at org.apache.hadoop.ozone.container.common.impl.HddsDispatcher.dispatch(HddsDispatcher.java:148) ~[classes/:?]
	at org.apache.hadoop.ozone.container.common.transport.server.ratis.ContainerStateMachine.dispatchCommand(ContainerStateMachine.java:346) ~[classes/:?]
	at org.apache.hadoop.ozone.container.common.transport.server.ratis.ContainerStateMachine.runCommand(ContainerStateMachine.java:353) ~[classes/:?]
	at org.apache.hadoop.ozone.container.common.transport.server.ratis.ContainerStateMachine.lambda$handleWriteChunk$0(ContainerStateMachine.java:384) ~[classes/:?]
	at java.util.concurrent.CompletableFuture$AsyncSupply.run(CompletableFuture.java:1590) [?:1.8.0_212]
	at java.util.concurrent.ThreadPoolExecutor.runWorker(ThreadPoolExecutor.java:1149) [?:1.8.0_212]
	at java.util.concurrent.ThreadPoolExecutor$Worker.run(ThreadPoolExecutor.java:624) [?:1.8.0_212]
	at java.lang.Thread.run(Thread.java:748) [?:1.8.0_212]
2019-07-10 04:52:30,613 INFO  impl.HddsDispatcher (ContainerUtils.java:logAndReturnError(146)) - Operation: WriteChunk : Trace ID: febf317d4c1decf:deca657e968fe84e:e436f550e5c528bc:0 : Message: ContainerID 5 creation failed : Result: DISK_OUT_OF_SPACE
2019-07-10 04:52:30,613 INFO  impl.HddsDispatcher (ContainerUtils.java:logAndReturnError(146)) - Operation: WriteChunk : Trace ID: febf317d4c1decf:deca657e968fe84e:e436f550e5c528bc:0 : Message: ContainerID 5 creation failed : Result: DISK_OUT_OF_SPACE
2019-07-10 04:52:30,615 INFO  impl.HddsDispatcher (ContainerUtils.java:logAndReturnError(146)) - Operation: WriteChunk : Trace ID: febf317d4c1decf:deca657e968fe84e:e436f550e5c528bc:0 : Message: ContainerID 5 creation failed : Result: DISK_OUT_OF_SPACE
2019-07-10 04:52:30,615 INFO  impl.HddsDispatcher (ContainerUtils.java:logAndReturnError(146)) - Operation: WriteChunk : Trace ID: febf317d4c1decf:32103c461624d5e2:e436f550e5c528bc:0 : Message: ContainerID 5 creation failed : Result: DISK_OUT_OF_SPACE
2019-07-10 04:52:30,615 INFO  impl.HddsDispatcher (ContainerUtils.java:logAndReturnError(146)) - Operation: WriteChunk : Trace ID: febf317d4c1decf:32103c461624d5e2:e436f550e5c528bc:0 : Message: ContainerID 5 creation failed : Result: DISK_OUT_OF_SPACE
2019-07-10 04:52:30,613 INFO  impl.HddsDispatcher (ContainerUtils.java:logAndReturnError(146)) - Operation: WriteChunk : Trace ID: febf317d4c1decf:32103c461624d5e2:e436f550e5c528bc:0 : Message: ContainerID 5 creation failed : Result: DISK_OUT_OF_SPACE
04:52:30.628 [pool-53-thread-1] ERROR DNAudit - user=null | ip=null | op=WRITE_CHUNK {blockData=conID: 5 locID: 102415358306287624 bcsId: 0} | ret=FAILURE
org.apache.hadoop.hdds.scm.container.common.helpers.StorageContainerException: ContainerID 5 does not exist
	at org.apache.hadoop.ozone.container.common.impl.HddsDispatcher.dispatchRequest(HddsDispatcher.java:242) ~[classes/:?]
	at org.apache.hadoop.ozone.container.common.impl.HddsDispatcher.dispatch(HddsDispatcher.java:148) ~[classes/:?]
	at org.apache.hadoop.ozone.container.common.transport.server.ratis.ContainerStateMachine.dispatchCommand(ContainerStateMachine.java:346) ~[classes/:?]
	at org.apache.hadoop.ozone.container.common.transport.server.ratis.ContainerStateMachine.runCommand(ContainerStateMachine.java:353) ~[classes/:?]
	at org.apache.hadoop.ozone.container.common.transport.server.ratis.ContainerStateMachine.lambda$applyTransaction$5(ContainerStateMachine.java:620) ~[classes/:?]
	at java.util.concurrent.CompletableFuture$AsyncSupply.run(CompletableFuture.java:1590) [?:1.8.0_212]
	at java.util.concurrent.ThreadPoolExecutor.runWorker(ThreadPoolExecutor.java:1149) [?:1.8.0_212]
	at java.util.concurrent.ThreadPoolExecutor$Worker.run(ThreadPoolExecutor.java:624) [?:1.8.0_212]
	at java.lang.Thread.run(Thread.java:748) [?:1.8.0_212]
2019-07-10 04:52:30,629 INFO  impl.HddsDispatcher (ContainerUtils.java:logAndReturnError(146)) - Operation: WriteChunk : Trace ID: febf317d4c1decf:deca657e968fe84e:e436f550e5c528bc:0 : Message: ContainerID 5 does not exist : Result: CONTAINER_NOT_FOUND
04:52:30.630 [pool-53-thread-1] ERROR DNAudit - user=null | ip=null | op=PUT_BLOCK {blockData=[blockId=conID: 5 locID: 102415358306287624 bcsId: 0,size=1048576]} | ret=FAILURE
org.apache.hadoop.hdds.scm.container.common.helpers.StorageContainerException: ContainerID 5 does not exist
	at org.apache.hadoop.ozone.container.common.impl.HddsDispatcher.dispatchRequest(HddsDispatcher.java:242) ~[classes/:?]
	at org.apache.hadoop.ozone.container.common.impl.HddsDispatcher.dispatch(HddsDispatcher.java:148) ~[classes/:?]
	at org.apache.hadoop.ozone.container.common.transport.server.ratis.ContainerStateMachine.dispatchCommand(ContainerStateMachine.java:346) ~[classes/:?]
	at org.apache.hadoop.ozone.container.common.transport.server.ratis.ContainerStateMachine.runCommand(ContainerStateMachine.java:353) ~[classes/:?]
	at org.apache.hadoop.ozone.container.common.transport.server.ratis.ContainerStateMachine.lambda$applyTransaction$5(ContainerStateMachine.java:620) ~[classes/:?]
	at java.util.concurrent.CompletableFuture$AsyncSupply.run(CompletableFuture.java:1590) [?:1.8.0_212]
	at java.util.concurrent.ThreadPoolExecutor.runWorker(ThreadPoolExecutor.java:1149) [?:1.8.0_212]
	at java.util.concurrent.ThreadPoolExecutor$Worker.run(ThreadPoolExecutor.java:624) [?:1.8.0_212]
	at java.lang.Thread.run(Thread.java:748) [?:1.8.0_212]
2019-07-10 04:52:30,630 INFO  client.GrpcClientProtocolClient (GrpcClientProtocolClient.java:onNext(255)) - client-DE37598098E7->cb1fbf23-5aa1-4405-87d5-e2661ec793bc: receive RaftClientReply:client-DE37598098E7->cb1fbf23-5aa1-4405-87d5-e2661ec793bc@group-DD94B486DF30, cid=69, SUCCESS, logIndex=16, commits[cb1fbf23-5aa1-4405-87d5-e2661ec793bc:c19, a7250395-42a7-4287-8341-025ad29f298b:c15, 417cb9e5-c49d-4ae9-8366-358494735e98:c15]
2019-07-10 04:52:30,630 INFO  impl.HddsDispatcher (ContainerUtils.java:logAndReturnError(146)) - Operation: PutBlock : Trace ID: febf317d4c1decf:8dc04409adb9f520:e436f550e5c528bc:0 : Message: ContainerID 5 does not exist : Result: CONTAINER_NOT_FOUND
04:52:30.631 [pool-53-thread-1] ERROR DNAudit - user=null | ip=null | op=WRITE_CHUNK {blockData=conID: 5 locID: 102415358306287624 bcsId: 0} | ret=FAILURE
org.apache.hadoop.hdds.scm.container.common.helpers.StorageContainerException: ContainerID 5 does not exist
	at org.apache.hadoop.ozone.container.common.impl.HddsDispatcher.dispatchRequest(HddsDispatcher.java:242) ~[classes/:?]
	at org.apache.hadoop.ozone.container.common.impl.HddsDispatcher.dispatch(HddsDispatcher.java:148) ~[classes/:?]
	at org.apache.hadoop.ozone.container.common.transport.server.ratis.ContainerStateMachine.dispatchCommand(ContainerStateMachine.java:346) ~[classes/:?]
	at org.apache.hadoop.ozone.container.common.transport.server.ratis.ContainerStateMachine.runCommand(ContainerStateMachine.java:353) ~[classes/:?]
	at org.apache.hadoop.ozone.container.common.transport.server.ratis.ContainerStateMachine.lambda$applyTransaction$5(ContainerStateMachine.java:620) ~[classes/:?]
	at java.util.concurrent.CompletableFuture$AsyncSupply.run(CompletableFuture.java:1590) [?:1.8.0_212]
	at java.util.concurrent.ThreadPoolExecutor.runWorker(ThreadPoolExecutor.java:1149) [?:1.8.0_212]
	at java.util.concurrent.ThreadPoolExecutor$Worker.run(ThreadPoolExecutor.java:624) [?:1.8.0_212]
	at java.lang.Thread.run(Thread.java:748) [?:1.8.0_212]
2019-07-10 04:52:30,632 INFO  client.GrpcClientProtocolClient (GrpcClientProtocolClient.java:onNext(255)) - client-DE37598098E7->cb1fbf23-5aa1-4405-87d5-e2661ec793bc: receive RaftClientReply:client-DE37598098E7->cb1fbf23-5aa1-4405-87d5-e2661ec793bc@group-DD94B486DF30, cid=70, SUCCESS, logIndex=17, commits[cb1fbf23-5aa1-4405-87d5-e2661ec793bc:c19, a7250395-42a7-4287-8341-025ad29f298b:c15, 417cb9e5-c49d-4ae9-8366-358494735e98:c15]
2019-07-10 04:52:30,632 INFO  impl.HddsDispatcher (ContainerUtils.java:logAndReturnError(146)) - Operation: WriteChunk : Trace ID: febf317d4c1decf:32103c461624d5e2:e436f550e5c528bc:0 : Message: ContainerID 5 does not exist : Result: CONTAINER_NOT_FOUND
04:52:30.633 [pool-53-thread-1] ERROR DNAudit - user=null | ip=null | op=PUT_BLOCK {blockData=[blockId=conID: 5 locID: 102415358306287624 bcsId: 0,size=2097152]} | ret=FAILURE
org.apache.hadoop.hdds.scm.container.common.helpers.StorageContainerException: ContainerID 5 does not exist
	at org.apache.hadoop.ozone.container.common.impl.HddsDispatcher.dispatchRequest(HddsDispatcher.java:242) ~[classes/:?]
	at org.apache.hadoop.ozone.container.common.impl.HddsDispatcher.dispatch(HddsDispatcher.java:148) ~[classes/:?]
	at org.apache.hadoop.ozone.container.common.transport.server.ratis.ContainerStateMachine.dispatchCommand(ContainerStateMachine.java:346) ~[classes/:?]
	at org.apache.hadoop.ozone.container.common.transport.server.ratis.ContainerStateMachine.runCommand(ContainerStateMachine.java:353) ~[classes/:?]
	at org.apache.hadoop.ozone.container.common.transport.server.ratis.ContainerStateMachine.lambda$applyTransaction$5(ContainerStateMachine.java:620) ~[classes/:?]
	at java.util.concurrent.CompletableFuture$AsyncSupply.run(CompletableFuture.java:1590) [?:1.8.0_212]
	at java.util.concurrent.ThreadPoolExecutor.runWorker(ThreadPoolExecutor.java:1149) [?:1.8.0_212]
	at java.util.concurrent.ThreadPoolExecutor$Worker.run(ThreadPoolExecutor.java:624) [?:1.8.0_212]
	at java.lang.Thread.run(Thread.java:748) [?:1.8.0_212]
2019-07-10 04:52:30,632 ERROR storage.BlockOutputStream (BlockOutputStream.java:validateResponse(538)) - Unexpected Storage Container Exception: 
org.apache.hadoop.hdds.scm.container.common.helpers.StorageContainerException: ContainerID 5 does not exist
	at org.apache.hadoop.hdds.scm.storage.ContainerProtocolCalls.validateContainerResponse(ContainerProtocolCalls.java:536)
	at org.apache.hadoop.hdds.scm.storage.BlockOutputStream.validateResponse(BlockOutputStream.java:536)
	at org.apache.hadoop.hdds.scm.storage.BlockOutputStream.lambda$writeChunkToContainer$2(BlockOutputStream.java:614)
	at java.util.concurrent.CompletableFuture.uniApply(CompletableFuture.java:602)
	at java.util.concurrent.CompletableFuture$UniApply.tryFire(CompletableFuture.java:577)
	at java.util.concurrent.CompletableFuture$Completion.run(CompletableFuture.java:442)
	at java.util.concurrent.ThreadPoolExecutor.runWorker(ThreadPoolExecutor.java:1149)
	at java.util.concurrent.ThreadPoolExecutor$Worker.run(ThreadPoolExecutor.java:624)
	at java.lang.Thread.run(Thread.java:748)
2019-07-10 04:52:30,633 INFO  client.GrpcClientProtocolClient (GrpcClientProtocolClient.java:onNext(255)) - client-DE37598098E7->cb1fbf23-5aa1-4405-87d5-e2661ec793bc: receive RaftClientReply:client-DE37598098E7->cb1fbf23-5aa1-4405-87d5-e2661ec793bc@group-DD94B486DF30, cid=71, SUCCESS, logIndex=18, commits[cb1fbf23-5aa1-4405-87d5-e2661ec793bc:c19, a7250395-42a7-4287-8341-025ad29f298b:c15, 417cb9e5-c49d-4ae9-8366-358494735e98:c15]
2019-07-10 04:52:30,633 INFO  impl.HddsDispatcher (ContainerUtils.java:logAndReturnError(146)) - Operation: PutBlock : Trace ID: febf317d4c1decf:4ae9d18ce62c4b3d:e436f550e5c528bc:0 : Message: ContainerID 5 does not exist : Result: CONTAINER_NOT_FOUND
2019-07-10 04:52:30,636 INFO  client.GrpcClientProtocolClient (GrpcClientProtocolClient.java:onNext(255)) - client-DE37598098E7->cb1fbf23-5aa1-4405-87d5-e2661ec793bc: receive RaftClientReply:client-DE37598098E7->cb1fbf23-5aa1-4405-87d5-e2661ec793bc@group-DD94B486DF30, cid=72, SUCCESS, logIndex=19, commits[cb1fbf23-5aa1-4405-87d5-e2661ec793bc:c19, a7250395-42a7-4287-8341-025ad29f298b:c15, 417cb9e5-c49d-4ae9-8366-358494735e98:c15]
2019-07-10 04:52:30,639 ERROR freon.RandomKeyGenerator (RandomKeyGenerator.java:run(718)) - Exception while adding key: key-0-64946 in bucket: bucket-0-49905 of volume: vol-0-02949.
java.io.IOException: Unexpected Storage Container Exception: org.apache.hadoop.hdds.scm.container.common.helpers.StorageContainerException: ContainerID 5 does not exist
	at org.apache.hadoop.hdds.scm.storage.BlockOutputStream.setIoException(BlockOutputStream.java:548)
	at org.apache.hadoop.hdds.scm.storage.BlockOutputStream.validateResponse(BlockOutputStream.java:539)
	at org.apache.hadoop.hdds.scm.storage.BlockOutputStream.lambda$writeChunkToContainer$2(BlockOutputStream.java:614)
	at java.util.concurrent.CompletableFuture.uniApply(CompletableFuture.java:602)
	at java.util.concurrent.CompletableFuture$UniApply.tryFire(CompletableFuture.java:577)
	at java.util.concurrent.CompletableFuture$Completion.run(CompletableFuture.java:442)
	at java.util.concurrent.ThreadPoolExecutor.runWorker(ThreadPoolExecutor.java:1149)
	at java.util.concurrent.ThreadPoolExecutor$Worker.run(ThreadPoolExecutor.java:624)
	at java.lang.Thread.run(Thread.java:748)
Caused by: org.apache.hadoop.hdds.scm.container.common.helpers.StorageContainerException: ContainerID 5 does not exist
	at org.apache.hadoop.hdds.scm.storage.ContainerProtocolCalls.validateContainerResponse(ContainerProtocolCalls.java:536)
	at org.apache.hadoop.hdds.scm.storage.BlockOutputStream.validateResponse(BlockOutputStream.java:536)
	... 7 more
04:52:30.641 [pool-74-thread-1] ERROR DNAudit - user=null | ip=null | op=WRITE_CHUNK {blockData=conID: 5 locID: 102415358306287624 bcsId: 0} | ret=FAILURE
org.apache.hadoop.hdds.scm.container.common.helpers.StorageContainerException: ContainerID 5 does not exist
	at org.apache.hadoop.ozone.container.common.impl.HddsDispatcher.dispatchRequest(HddsDispatcher.java:242) ~[classes/:?]
	at org.apache.hadoop.ozone.container.common.impl.HddsDispatcher.dispatch(HddsDispatcher.java:148) ~[classes/:?]
	at org.apache.hadoop.ozone.container.common.transport.server.ratis.ContainerStateMachine.dispatchCommand(ContainerStateMachine.java:346) ~[classes/:?]
	at org.apache.hadoop.ozone.container.common.transport.server.ratis.ContainerStateMachine.runCommand(ContainerStateMachine.java:353) ~[classes/:?]
	at org.apache.hadoop.ozone.container.common.transport.server.ratis.ContainerStateMachine.lambda$applyTransaction$5(ContainerStateMachine.java:620) ~[classes/:?]
	at java.util.concurrent.CompletableFuture$AsyncSupply.run(CompletableFuture.java:1590) [?:1.8.0_212]
	at java.util.concurrent.ThreadPoolExecutor.runWorker(ThreadPoolExecutor.java:1149) [?:1.8.0_212]
	at java.util.concurrent.ThreadPoolExecutor$Worker.run(ThreadPoolExecutor.java:624) [?:1.8.0_212]
	at java.lang.Thread.run(Thread.java:748) [?:1.8.0_212]
04:52:30.642 [pool-32-thread-1] ERROR DNAudit - user=null | ip=null | op=WRITE_CHUNK {blockData=conID: 5 locID: 102415358306287624 bcsId: 0} | ret=FAILURE
org.apache.hadoop.hdds.scm.container.common.helpers.StorageContainerException: ContainerID 5 does not exist
	at org.apache.hadoop.ozone.container.common.impl.HddsDispatcher.dispatchRequest(HddsDispatcher.java:242) ~[classes/:?]
	at org.apache.hadoop.ozone.container.common.impl.HddsDispatcher.dispatch(HddsDispatcher.java:148) ~[classes/:?]
	at org.apache.hadoop.ozone.container.common.transport.server.ratis.ContainerStateMachine.dispatchCommand(ContainerStateMachine.java:346) ~[classes/:?]
	at org.apache.hadoop.ozone.container.common.transport.server.ratis.ContainerStateMachine.runCommand(ContainerStateMachine.java:353) ~[classes/:?]
	at org.apache.hadoop.ozone.container.common.transport.server.ratis.ContainerStateMachine.lambda$applyTransaction$5(ContainerStateMachine.java:620) ~[classes/:?]
	at java.util.concurrent.CompletableFuture$AsyncSupply.run(CompletableFuture.java:1590) [?:1.8.0_212]
	at java.util.concurrent.ThreadPoolExecutor.runWorker(ThreadPoolExecutor.java:1149) [?:1.8.0_212]
	at java.util.concurrent.ThreadPoolExecutor$Worker.run(ThreadPoolExecutor.java:624) [?:1.8.0_212]
	at java.lang.Thread.run(Thread.java:748) [?:1.8.0_212]
2019-07-10 04:52:30,642 INFO  impl.HddsDispatcher (ContainerUtils.java:logAndReturnError(146)) - Operation: WriteChunk : Trace ID: febf317d4c1decf:deca657e968fe84e:e436f550e5c528bc:0 : Message: ContainerID 5 does not exist : Result: CONTAINER_NOT_FOUND
2019-07-10 04:52:30,642 INFO  impl.HddsDispatcher (ContainerUtils.java:logAndReturnError(146)) - Operation: WriteChunk : Trace ID: febf317d4c1decf:deca657e968fe84e:e436f550e5c528bc:0 : Message: ContainerID 5 does not exist : Result: CONTAINER_NOT_FOUND
04:52:30.642 [pool-74-thread-1] ERROR DNAudit - user=null | ip=null | op=PUT_BLOCK {blockData=[blockId=conID: 5 locID: 102415358306287624 bcsId: 0,size=1048576]} | ret=FAILURE
org.apache.hadoop.hdds.scm.container.common.helpers.StorageContainerException: ContainerID 5 does not exist
	at org.apache.hadoop.ozone.container.common.impl.HddsDispatcher.dispatchRequest(HddsDispatcher.java:242) ~[classes/:?]
	at org.apache.hadoop.ozone.container.common.impl.HddsDispatcher.dispatch(HddsDispatcher.java:148) ~[classes/:?]
	at org.apache.hadoop.ozone.container.common.transport.server.ratis.ContainerStateMachine.dispatchCommand(ContainerStateMachine.java:346) ~[classes/:?]
	at org.apache.hadoop.ozone.container.common.transport.server.ratis.ContainerStateMachine.runCommand(ContainerStateMachine.java:353) ~[classes/:?]
	at org.apache.hadoop.ozone.container.common.transport.server.ratis.ContainerStateMachine.lambda$applyTransaction$5(ContainerStateMachine.java:620) ~[classes/:?]
	at java.util.concurrent.CompletableFuture$AsyncSupply.run(CompletableFuture.java:1590) [?:1.8.0_212]
	at java.util.concurrent.ThreadPoolExecutor.runWorker(ThreadPoolExecutor.java:1149) [?:1.8.0_212]
	at java.util.concurrent.ThreadPoolExecutor$Worker.run(ThreadPoolExecutor.java:624) [?:1.8.0_212]
	at java.lang.Thread.run(Thread.java:748) [?:1.8.0_212]
04:52:30.643 [pool-32-thread-1] ERROR DNAudit - user=null | ip=null | op=PUT_BLOCK {blockData=[blockId=conID: 5 locID: 102415358306287624 bcsId: 0,size=1048576]} | ret=FAILURE
org.apache.hadoop.hdds.scm.container.common.helpers.StorageContainerException: ContainerID 5 does not exist
	at org.apache.hadoop.ozone.container.common.impl.HddsDispatcher.dispatchRequest(HddsDispatcher.java:242) ~[classes/:?]
	at org.apache.hadoop.ozone.container.common.impl.HddsDispatcher.dispatch(HddsDispatcher.java:148) ~[classes/:?]
	at org.apache.hadoop.ozone.container.common.transport.server.ratis.ContainerStateMachine.dispatchCommand(ContainerStateMachine.java:346) ~[classes/:?]
	at org.apache.hadoop.ozone.container.common.transport.server.ratis.ContainerStateMachine.runCommand(ContainerStateMachine.java:353) ~[classes/:?]
	at org.apache.hadoop.ozone.container.common.transport.server.ratis.ContainerStateMachine.lambda$applyTransaction$5(ContainerStateMachine.java:620) ~[classes/:?]
	at java.util.concurrent.CompletableFuture$AsyncSupply.run(CompletableFuture.java:1590) [?:1.8.0_212]
	at java.util.concurrent.ThreadPoolExecutor.runWorker(ThreadPoolExecutor.java:1149) [?:1.8.0_212]
	at java.util.concurrent.ThreadPoolExecutor$Worker.run(ThreadPoolExecutor.java:624) [?:1.8.0_212]
	at java.lang.Thread.run(Thread.java:748) [?:1.8.0_212]
2019-07-10 04:52:30,643 INFO  impl.HddsDispatcher (ContainerUtils.java:logAndReturnError(146)) - Operation: PutBlock : Trace ID: febf317d4c1decf:8dc04409adb9f520:e436f550e5c528bc:0 : Message: ContainerID 5 does not exist : Result: CONTAINER_NOT_FOUND
2019-07-10 04:52:30,643 INFO  impl.HddsDispatcher (ContainerUtils.java:logAndReturnError(146)) - Operation: PutBlock : Trace ID: febf317d4c1decf:8dc04409adb9f520:e436f550e5c528bc:0 : Message: ContainerID 5 does not exist : Result: CONTAINER_NOT_FOUND
04:52:30.652 [pool-74-thread-1] ERROR DNAudit - user=null | ip=null | op=WRITE_CHUNK {blockData=conID: 5 locID: 102415358306287624 bcsId: 0} | ret=FAILURE
org.apache.hadoop.hdds.scm.container.common.helpers.StorageContainerException: ContainerID 5 does not exist
	at org.apache.hadoop.ozone.container.common.impl.HddsDispatcher.dispatchRequest(HddsDispatcher.java:242) ~[classes/:?]
	at org.apache.hadoop.ozone.container.common.impl.HddsDispatcher.dispatch(HddsDispatcher.java:148) ~[classes/:?]
	at org.apache.hadoop.ozone.container.common.transport.server.ratis.ContainerStateMachine.dispatchCommand(ContainerStateMachine.java:346) ~[classes/:?]
	at org.apache.hadoop.ozone.container.common.transport.server.ratis.ContainerStateMachine.runCommand(ContainerStateMachine.java:353) ~[classes/:?]
	at org.apache.hadoop.ozone.container.common.transport.server.ratis.ContainerStateMachine.lambda$applyTransaction$5(ContainerStateMachine.java:620) ~[classes/:?]
	at java.util.concurrent.CompletableFuture$AsyncSupply.run(CompletableFuture.java:1590) [?:1.8.0_212]
	at java.util.concurrent.ThreadPoolExecutor.runWorker(ThreadPoolExecutor.java:1149) [?:1.8.0_212]
	at java.util.concurrent.ThreadPoolExecutor$Worker.run(ThreadPoolExecutor.java:624) [?:1.8.0_212]
	at java.lang.Thread.run(Thread.java:748) [?:1.8.0_212]
2019-07-10 04:52:30,653 INFO  impl.HddsDispatcher (ContainerUtils.java:logAndReturnError(146)) - Operation: WriteChunk : Trace ID: febf317d4c1decf:32103c461624d5e2:e436f550e5c528bc:0 : Message: ContainerID 5 does not exist : Result: CONTAINER_NOT_FOUND
04:52:30.653 [pool-32-thread-1] ERROR DNAudit - user=null | ip=null | op=WRITE_CHUNK {blockData=conID: 5 locID: 102415358306287624 bcsId: 0} | ret=FAILURE
org.apache.hadoop.hdds.scm.container.common.helpers.StorageContainerException: ContainerID 5 does not exist
	at org.apache.hadoop.ozone.container.common.impl.HddsDispatcher.dispatchRequest(HddsDispatcher.java:242) ~[classes/:?]
	at org.apache.hadoop.ozone.container.common.impl.HddsDispatcher.dispatch(HddsDispatcher.java:148) ~[classes/:?]
	at org.apache.hadoop.ozone.container.common.transport.server.ratis.ContainerStateMachine.dispatchCommand(ContainerStateMachine.java:346) ~[classes/:?]
	at org.apache.hadoop.ozone.container.common.transport.server.ratis.ContainerStateMachine.runCommand(ContainerStateMachine.java:353) ~[classes/:?]
	at org.apache.hadoop.ozone.container.common.transport.server.ratis.ContainerStateMachine.lambda$applyTransaction$5(ContainerStateMachine.java:620) ~[classes/:?]
	at java.util.concurrent.CompletableFuture$AsyncSupply.run(CompletableFuture.java:1590) [?:1.8.0_212]
	at java.util.concurrent.ThreadPoolExecutor.runWorker(ThreadPoolExecutor.java:1149) [?:1.8.0_212]
	at java.util.concurrent.ThreadPoolExecutor$Worker.run(ThreadPoolExecutor.java:624) [?:1.8.0_212]
	at java.lang.Thread.run(Thread.java:748) [?:1.8.0_212]
2019-07-10 04:52:30,653 INFO  impl.HddsDispatcher (ContainerUtils.java:logAndReturnError(146)) - Operation: WriteChunk : Trace ID: febf317d4c1decf:32103c461624d5e2:e436f550e5c528bc:0 : Message: ContainerID 5 does not exist : Result: CONTAINER_NOT_FOUND
04:52:30.654 [pool-74-thread-1] ERROR DNAudit - user=null | ip=null | op=PUT_BLOCK {blockData=[blockId=conID: 5 locID: 102415358306287624 bcsId: 0,size=2097152]} | ret=FAILURE
org.apache.hadoop.hdds.scm.container.common.helpers.StorageContainerException: ContainerID 5 does not exist
	at org.apache.hadoop.ozone.container.common.impl.HddsDispatcher.dispatchRequest(HddsDispatcher.java:242) ~[classes/:?]
	at org.apache.hadoop.ozone.container.common.impl.HddsDispatcher.dispatch(HddsDispatcher.java:148) ~[classes/:?]
	at org.apache.hadoop.ozone.container.common.transport.server.ratis.ContainerStateMachine.dispatchCommand(ContainerStateMachine.java:346) ~[classes/:?]
	at org.apache.hadoop.ozone.container.common.transport.server.ratis.ContainerStateMachine.runCommand(ContainerStateMachine.java:353) ~[classes/:?]
	at org.apache.hadoop.ozone.container.common.transport.server.ratis.ContainerStateMachine.lambda$applyTransaction$5(ContainerStateMachine.java:620) ~[classes/:?]
	at java.util.concurrent.CompletableFuture$AsyncSupply.run(CompletableFuture.java:1590) [?:1.8.0_212]
	at java.util.concurrent.ThreadPoolExecutor.runWorker(ThreadPoolExecutor.java:1149) [?:1.8.0_212]
	at java.util.concurrent.ThreadPoolExecutor$Worker.run(ThreadPoolExecutor.java:624) [?:1.8.0_212]
	at java.lang.Thread.run(Thread.java:748) [?:1.8.0_212]
04:52:30.654 [pool-32-thread-1] ERROR DNAudit - user=null | ip=null | op=PUT_BLOCK {blockData=[blockId=conID: 5 locID: 102415358306287624 bcsId: 0,size=2097152]} | ret=FAILURE
org.apache.hadoop.hdds.scm.container.common.helpers.StorageContainerException: ContainerID 5 does not exist
	at org.apache.hadoop.ozone.container.common.impl.HddsDispatcher.dispatchRequest(HddsDispatcher.java:242) ~[classes/:?]
	at org.apache.hadoop.ozone.container.common.impl.HddsDispatcher.dispatch(HddsDispatcher.java:148) ~[classes/:?]
	at org.apache.hadoop.ozone.container.common.transport.server.ratis.ContainerStateMachine.dispatchCommand(ContainerStateMachine.java:346) ~[classes/:?]
	at org.apache.hadoop.ozone.container.common.transport.server.ratis.ContainerStateMachine.runCommand(ContainerStateMachine.java:353) ~[classes/:?]
	at org.apache.hadoop.ozone.container.common.transport.server.ratis.ContainerStateMachine.lambda$applyTransaction$5(ContainerStateMachine.java:620) ~[classes/:?]
	at java.util.concurrent.CompletableFuture$AsyncSupply.run(CompletableFuture.java:1590) [?:1.8.0_212]
	at java.util.concurrent.ThreadPoolExecutor.runWorker(ThreadPoolExecutor.java:1149) [?:1.8.0_212]
	at java.util.concurrent.ThreadPoolExecutor$Worker.run(ThreadPoolExecutor.java:624) [?:1.8.0_212]
	at java.lang.Thread.run(Thread.java:748) [?:1.8.0_212]
2019-07-10 04:52:30,654 INFO  impl.HddsDispatcher (ContainerUtils.java:logAndReturnError(146)) - Operation: PutBlock : Trace ID: febf317d4c1decf:4ae9d18ce62c4b3d:e436f550e5c528bc:0 : Message: ContainerID 5 does not exist : Result: CONTAINER_NOT_FOUND
2019-07-10 04:52:30,654 INFO  impl.HddsDispatcher (ContainerUtils.java:logAndReturnError(146)) - Operation: PutBlock : Trace ID: febf317d4c1decf:4ae9d18ce62c4b3d:e436f550e5c528bc:0 : Message: ContainerID 5 does not exist : Result: CONTAINER_NOT_FOUND
 0.00% |█                                                                                                    |  0/1 Time: 0:00:02 0.00% |█                                                                                                    |  0/1 Time: 0:00:03 0.00% |█                                                                                                    |  0/1 Time: 0:00:04 100.00% |█████████████████████████████████████████████████████████████████████████████████████████████████████|  1/1 Time: 0:00:05
]]></system-out>
    <system-err><![CDATA[ERROR StatusLogger No Log4j 2 configuration file found. Using default configuration (logging only errors to the console), or user programmatically provided configurations. Set system property 'log4j2.debug' to show Log4j 2 internal initialization logging. See https://logging.apache.org/log4j/2.x/manual/configuration.html for instructions on how to configure Log4j 2
Jul 10, 2019 4:52:13 AM com.sun.jersey.server.impl.application.WebApplicationImpl _initiate
INFO: Initiating Jersey application, version 'Jersey: 1.19 02/11/2015 03:25 AM'
Jul 10, 2019 4:52:14 AM com.sun.jersey.server.impl.application.WebApplicationImpl _initiate
INFO: Initiating Jersey application, version 'Jersey: 1.19 02/11/2015 03:25 AM'
Jul 10, 2019 4:52:14 AM com.sun.jersey.server.impl.application.WebApplicationImpl _initiate
INFO: Initiating Jersey application, version 'Jersey: 1.19 02/11/2015 03:25 AM'
]]></system-err>
  </testcase>
</testsuite>