<?xml version="1.0" encoding="UTF-8"?>
<testsuite xmlns:xsi="http://www.w3.org/2001/XMLSchema-instance" xsi:noNamespaceSchemaLocation="https://maven.apache.org/surefire/maven-surefire-plugin/xsd/surefire-test-report.xsd" name="org.apache.hadoop.fs.ozone.contract.ITestOzoneContractCreate" time="35.217" tests="11" errors="6" skipped="1" failures="0">
  <properties>
    <property name="awt.toolkit" value="sun.awt.X11.XToolkit"/>
    <property name="file.encoding.pkg" value="sun.io"/>
    <property name="java.specification.version" value="1.8"/>
    <property name="sun.cpu.isalist" value=""/>
    <property name="sun.jnu.encoding" value="UTF-8"/>
    <property name="java.class.path" value="/workdir/hadoop-ozone/ozonefs/target/test-classes:/workdir/hadoop-ozone/ozonefs/target/classes:/home/user/.m2/repository/org/apache/hadoop/hadoop-common/3.2.0/hadoop-common-3.2.0.jar:/home/user/.m2/repository/org/apache/hadoop/hadoop-annotations/3.2.0/hadoop-annotations-3.2.0.jar:/usr/lib/jvm/java-1.8-openjdk/jre/../lib/tools.jar:/home/user/.m2/repository/com/google/guava/guava/11.0.2/guava-11.0.2.jar:/home/user/.m2/repository/commons-cli/commons-cli/1.2/commons-cli-1.2.jar:/home/user/.m2/repository/org/apache/commons/commons-math3/3.1.1/commons-math3-3.1.1.jar:/home/user/.m2/repository/org/apache/httpcomponents/httpclient/4.5.2/httpclient-4.5.2.jar:/home/user/.m2/repository/org/apache/httpcomponents/httpcore/4.4.4/httpcore-4.4.4.jar:/home/user/.m2/repository/commons-codec/commons-codec/1.11/commons-codec-1.11.jar:/home/user/.m2/repository/commons-io/commons-io/2.5/commons-io-2.5.jar:/home/user/.m2/repository/commons-net/commons-net/3.6/commons-net-3.6.jar:/home/user/.m2/repository/commons-collections/commons-collections/3.2.2/commons-collections-3.2.2.jar:/home/user/.m2/repository/javax/servlet/javax.servlet-api/3.1.0/javax.servlet-api-3.1.0.jar:/home/user/.m2/repository/org/eclipse/jetty/jetty-server/9.3.24.v20180605/jetty-server-9.3.24.v20180605.jar:/home/user/.m2/repository/org/eclipse/jetty/jetty-http/9.3.24.v20180605/jetty-http-9.3.24.v20180605.jar:/home/user/.m2/repository/org/eclipse/jetty/jetty-io/9.3.24.v20180605/jetty-io-9.3.24.v20180605.jar:/home/user/.m2/repository/org/eclipse/jetty/jetty-util/9.3.24.v20180605/jetty-util-9.3.24.v20180605.jar:/home/user/.m2/repository/org/eclipse/jetty/jetty-servlet/9.3.24.v20180605/jetty-servlet-9.3.24.v20180605.jar:/home/user/.m2/repository/org/eclipse/jetty/jetty-security/9.3.24.v20180605/jetty-security-9.3.24.v20180605.jar:/home/user/.m2/repository/org/eclipse/jetty/jetty-webapp/9.3.24.v20180605/jetty-webapp-9.3.24.v20180605.jar:/home/user/.m2/repository/org/eclipse/jetty/jetty-xml/9.3.24.v20180605/jetty-xml-9.3.24.v20180605.jar:/home/user/.m2/repository/javax/servlet/jsp/jsp-api/2.1/jsp-api-2.1.jar:/home/user/.m2/repository/com/sun/jersey/jersey-core/1.19/jersey-core-1.19.jar:/home/user/.m2/repository/javax/ws/rs/jsr311-api/1.1.1/jsr311-api-1.1.1.jar:/home/user/.m2/repository/com/sun/jersey/jersey-servlet/1.19/jersey-servlet-1.19.jar:/home/user/.m2/repository/com/sun/jersey/jersey-json/1.19/jersey-json-1.19.jar:/home/user/.m2/repository/org/codehaus/jettison/jettison/1.1/jettison-1.1.jar:/home/user/.m2/repository/com/sun/xml/bind/jaxb-impl/2.3.0.1/jaxb-impl-2.3.0.1.jar:/home/user/.m2/repository/org/codehaus/jackson/jackson-core-asl/1.9.13/jackson-core-asl-1.9.13.jar:/home/user/.m2/repository/org/codehaus/jackson/jackson-mapper-asl/1.9.13/jackson-mapper-asl-1.9.13.jar:/home/user/.m2/repository/org/codehaus/jackson/jackson-jaxrs/1.9.13/jackson-jaxrs-1.9.13.jar:/home/user/.m2/repository/org/codehaus/jackson/jackson-xc/1.9.13/jackson-xc-1.9.13.jar:/home/user/.m2/repository/com/sun/jersey/jersey-server/1.19/jersey-server-1.19.jar:/home/user/.m2/repository/commons-logging/commons-logging/1.1.3/commons-logging-1.1.3.jar:/home/user/.m2/repository/log4j/log4j/1.2.17/log4j-1.2.17.jar:/home/user/.m2/repository/commons-beanutils/commons-beanutils/1.9.3/commons-beanutils-1.9.3.jar:/home/user/.m2/repository/org/apache/commons/commons-configuration2/2.1.1/commons-configuration2-2.1.1.jar:/home/user/.m2/repository/org/apache/commons/commons-lang3/3.7/commons-lang3-3.7.jar:/home/user/.m2/repository/org/apache/commons/commons-text/1.4/commons-text-1.4.jar:/home/user/.m2/repository/org/slf4j/slf4j-api/1.7.25/slf4j-api-1.7.25.jar:/home/user/.m2/repository/org/slf4j/slf4j-log4j12/1.7.25/slf4j-log4j12-1.7.25.jar:/home/user/.m2/repository/org/apache/avro/avro/1.7.7/avro-1.7.7.jar:/home/user/.m2/repository/com/thoughtworks/paranamer/paranamer/2.3/paranamer-2.3.jar:/home/user/.m2/repository/org/xerial/snappy/snappy-java/1.0.5/snappy-java-1.0.5.jar:/home/user/.m2/repository/com/google/re2j/re2j/1.1/re2j-1.1.jar:/home/user/.m2/repository/com/google/protobuf/protobuf-java/2.5.0/protobuf-java-2.5.0.jar:/home/user/.m2/repository/com/google/code/gson/gson/2.2.4/gson-2.2.4.jar:/home/user/.m2/repository/org/apache/hadoop/hadoop-auth/3.2.0/hadoop-auth-3.2.0.jar:/home/user/.m2/repository/com/nimbusds/nimbus-jose-jwt/4.41.1/nimbus-jose-jwt-4.41.1.jar:/home/user/.m2/repository/com/github/stephenc/jcip/jcip-annotations/1.0-1/jcip-annotations-1.0-1.jar:/home/user/.m2/repository/net/minidev/json-smart/2.3/json-smart-2.3.jar:/home/user/.m2/repository/net/minidev/accessors-smart/1.2/accessors-smart-1.2.jar:/home/user/.m2/repository/org/apache/curator/curator-framework/2.12.0/curator-framework-2.12.0.jar:/home/user/.m2/repository/com/jcraft/jsch/0.1.54/jsch-0.1.54.jar:/home/user/.m2/repository/org/apache/curator/curator-client/2.12.0/curator-client-2.12.0.jar:/home/user/.m2/repository/org/apache/curator/curator-recipes/2.12.0/curator-recipes-2.12.0.jar:/home/user/.m2/repository/com/google/code/findbugs/jsr305/3.0.0/jsr305-3.0.0.jar:/home/user/.m2/repository/org/apache/htrace/htrace-core4/4.1.0-incubating/htrace-core4-4.1.0-incubating.jar:/home/user/.m2/repository/org/apache/zookeeper/zookeeper/3.4.13/zookeeper-3.4.13.jar:/home/user/.m2/repository/org/apache/yetus/audience-annotations/0.5.0/audience-annotations-0.5.0.jar:/home/user/.m2/repository/org/apache/commons/commons-compress/1.4.1/commons-compress-1.4.1.jar:/home/user/.m2/repository/org/tukaani/xz/1.0/xz-1.0.jar:/home/user/.m2/repository/org/apache/kerby/kerb-simplekdc/1.0.1/kerb-simplekdc-1.0.1.jar:/home/user/.m2/repository/org/apache/kerby/kerb-client/1.0.1/kerb-client-1.0.1.jar:/home/user/.m2/repository/org/apache/kerby/kerby-config/1.0.1/kerby-config-1.0.1.jar:/home/user/.m2/repository/org/apache/kerby/kerb-core/1.0.1/kerb-core-1.0.1.jar:/home/user/.m2/repository/org/apache/kerby/kerby-pkix/1.0.1/kerby-pkix-1.0.1.jar:/home/user/.m2/repository/org/apache/kerby/kerby-asn1/1.0.1/kerby-asn1-1.0.1.jar:/home/user/.m2/repository/org/apache/kerby/kerby-util/1.0.1/kerby-util-1.0.1.jar:/home/user/.m2/repository/org/apache/kerby/kerb-common/1.0.1/kerb-common-1.0.1.jar:/home/user/.m2/repository/org/apache/kerby/kerb-crypto/1.0.1/kerb-crypto-1.0.1.jar:/home/user/.m2/repository/org/apache/kerby/kerb-util/1.0.1/kerb-util-1.0.1.jar:/home/user/.m2/repository/org/apache/kerby/token-provider/1.0.1/token-provider-1.0.1.jar:/home/user/.m2/repository/org/apache/kerby/kerb-admin/1.0.1/kerb-admin-1.0.1.jar:/home/user/.m2/repository/org/apache/kerby/kerb-server/1.0.1/kerb-server-1.0.1.jar:/home/user/.m2/repository/org/apache/kerby/kerb-identity/1.0.1/kerb-identity-1.0.1.jar:/home/user/.m2/repository/org/apache/kerby/kerby-xdr/1.0.1/kerby-xdr-1.0.1.jar:/home/user/.m2/repository/com/fasterxml/jackson/core/jackson-databind/2.9.5/jackson-databind-2.9.5.jar:/home/user/.m2/repository/com/fasterxml/jackson/core/jackson-annotations/2.9.5/jackson-annotations-2.9.5.jar:/home/user/.m2/repository/com/fasterxml/jackson/core/jackson-core/2.9.5/jackson-core-2.9.5.jar:/home/user/.m2/repository/org/codehaus/woodstox/stax2-api/3.1.4/stax2-api-3.1.4.jar:/home/user/.m2/repository/com/fasterxml/woodstox/woodstox-core/5.0.3/woodstox-core-5.0.3.jar:/home/user/.m2/repository/dnsjava/dnsjava/2.1.7/dnsjava-2.1.7.jar:/home/user/.m2/repository/org/apache/hadoop/hadoop-hdfs/3.2.0/hadoop-hdfs-3.2.0.jar:/home/user/.m2/repository/org/eclipse/jetty/jetty-util-ajax/9.3.24.v20180605/jetty-util-ajax-9.3.24.v20180605.jar:/home/user/.m2/repository/commons-daemon/commons-daemon/1.0.13/commons-daemon-1.0.13.jar:/home/user/.m2/repository/io/netty/netty/3.10.5.Final/netty-3.10.5.Final.jar:/home/user/.m2/repository/io/netty/netty-all/4.0.52.Final/netty-all-4.0.52.Final.jar:/home/user/.m2/repository/org/fusesource/leveldbjni/leveldbjni-all/1.8/leveldbjni-all-1.8.jar:/home/user/.m2/repository/org/apache/hadoop/hadoop-hdds-common/0.5.0-SNAPSHOT/hadoop-hdds-common-0.5.0-SNAPSHOT.jar:/home/user/.m2/repository/org/apache/hadoop/hadoop-hdds-config/0.5.0-SNAPSHOT/hadoop-hdds-config-0.5.0-SNAPSHOT.jar:/home/user/.m2/repository/javax/annotation/javax.annotation-api/1.2/javax.annotation-api-1.2.jar:/home/user/.m2/repository/org/apache/ratis/ratis-server/0.4.0-2337318-SNAPSHOT/ratis-server-0.4.0-2337318-SNAPSHOT.jar:/home/user/.m2/repository/org/apache/ratis/ratis-thirdparty-misc/0.2.0/ratis-thirdparty-misc-0.2.0.jar:/home/user/.m2/repository/org/apache/ratis/ratis-proto/0.4.0-2337318-SNAPSHOT/ratis-proto-0.4.0-2337318-SNAPSHOT.jar:/home/user/.m2/repository/org/apache/ratis/ratis-common/0.4.0-2337318-SNAPSHOT/ratis-common-0.4.0-2337318-SNAPSHOT.jar:/home/user/.m2/repository/org/apache/ratis/ratis-client/0.4.0-2337318-SNAPSHOT/ratis-client-0.4.0-2337318-SNAPSHOT.jar:/home/user/.m2/repository/org/apache/ratis/ratis-metrics/0.4.0-2337318-SNAPSHOT/ratis-metrics-0.4.0-2337318-SNAPSHOT.jar:/home/user/.m2/repository/org/apache/ratis/ratis-netty/0.4.0-2337318-SNAPSHOT/ratis-netty-0.4.0-2337318-SNAPSHOT.jar:/home/user/.m2/repository/org/apache/ratis/ratis-grpc/0.4.0-2337318-SNAPSHOT/ratis-grpc-0.4.0-2337318-SNAPSHOT.jar:/home/user/.m2/repository/org/rocksdb/rocksdbjni/6.0.1/rocksdbjni-6.0.1.jar:/home/user/.m2/repository/org/apache/logging/log4j/log4j-api/2.11.0/log4j-api-2.11.0.jar:/home/user/.m2/repository/org/apache/logging/log4j/log4j-core/2.11.0/log4j-core-2.11.0.jar:/home/user/.m2/repository/com/lmax/disruptor/3.4.2/disruptor-3.4.2.jar:/home/user/.m2/repository/org/apache/commons/commons-pool2/2.6.0/commons-pool2-2.6.0.jar:/home/user/.m2/repository/org/bouncycastle/bcpkix-jdk15on/1.60/bcpkix-jdk15on-1.60.jar:/home/user/.m2/repository/commons-validator/commons-validator/1.6/commons-validator-1.6.jar:/home/user/.m2/repository/commons-digester/commons-digester/1.8.1/commons-digester-1.8.1.jar:/home/user/.m2/repository/io/jaegertracing/jaeger-client/0.33.1/jaeger-client-0.33.1.jar:/home/user/.m2/repository/io/jaegertracing/jaeger-thrift/0.33.1/jaeger-thrift-0.33.1.jar:/home/user/.m2/repository/org/apache/thrift/libthrift/0.11.0/libthrift-0.11.0.jar:/home/user/.m2/repository/com/squareup/okhttp3/okhttp/3.9.0/okhttp-3.9.0.jar:/home/user/.m2/repository/com/squareup/okio/okio/1.13.0/okio-1.13.0.jar:/home/user/.m2/repository/io/jaegertracing/jaeger-core/0.33.1/jaeger-core-0.33.1.jar:/home/user/.m2/repository/io/jaegertracing/jaeger-tracerresolver/0.33.1/jaeger-tracerresolver-0.33.1.jar:/home/user/.m2/repository/io/opentracing/contrib/opentracing-tracerresolver/0.1.5/opentracing-tracerresolver-0.1.5.jar:/home/user/.m2/repository/io/opentracing/opentracing-util/0.31.0/opentracing-util-0.31.0.jar:/home/user/.m2/repository/io/opentracing/opentracing-api/0.31.0/opentracing-api-0.31.0.jar:/home/user/.m2/repository/io/opentracing/opentracing-noop/0.31.0/opentracing-noop-0.31.0.jar:/home/user/.m2/repository/org/yaml/snakeyaml/1.16/snakeyaml-1.16.jar:/home/user/.m2/repository/org/apache/hadoop/hadoop-hdfs-client/3.2.0/hadoop-hdfs-client-3.2.0.jar:/home/user/.m2/repository/info/picocli/picocli/3.9.6/picocli-3.9.6.jar:/home/user/.m2/repository/org/apache/hadoop/hadoop-hdds-server-scm/0.5.0-SNAPSHOT/hadoop-hdds-server-scm-0.5.0-SNAPSHOT.jar:/home/user/.m2/repository/org/apache/hadoop/hadoop-hdds-docs/0.5.0-SNAPSHOT/hadoop-hdds-docs-0.5.0-SNAPSHOT.jar:/home/user/.m2/repository/io/dropwizard/metrics/metrics-core/3.2.4/metrics-core-3.2.4.jar:/home/user/.m2/repository/org/hamcrest/hamcrest-all/1.3/hamcrest-all-1.3.jar:/home/user/.m2/repository/org/bouncycastle/bcprov-jdk15on/1.60/bcprov-jdk15on-1.60.jar:/home/user/.m2/repository/org/apache/hadoop/hadoop-hdds-server-framework/0.5.0-SNAPSHOT/hadoop-hdds-server-framework-0.5.0-SNAPSHOT.jar:/home/user/.m2/repository/org/apache/hadoop/hadoop-ozone-ozone-manager/0.5.0-SNAPSHOT/hadoop-ozone-ozone-manager-0.5.0-SNAPSHOT.jar:/home/user/.m2/repository/org/apache/hadoop/hadoop-hdds-container-service/0.5.0-SNAPSHOT/hadoop-hdds-container-service-0.5.0-SNAPSHOT.jar:/home/user/.m2/repository/org/apache/hadoop/hadoop-hdds-client/0.5.0-SNAPSHOT/hadoop-hdds-client-0.5.0-SNAPSHOT.jar:/home/user/.m2/repository/org/apache/hadoop/hadoop-ozone-common/0.5.0-SNAPSHOT/hadoop-ozone-common-0.5.0-SNAPSHOT.jar:/home/user/.m2/repository/org/apache/hadoop/hadoop-hdds-tools/0.5.0-SNAPSHOT/hadoop-hdds-tools-0.5.0-SNAPSHOT.jar:/home/user/.m2/repository/org/xerial/sqlite-jdbc/3.25.2/sqlite-jdbc-3.25.2.jar:/home/user/.m2/repository/org/apache/hadoop/hadoop-ozone-objectstore-service/0.5.0-SNAPSHOT/hadoop-ozone-objectstore-service-0.5.0-SNAPSHOT.jar:/home/user/.m2/repository/com/google/code/findbugs/findbugs/3.0.1/findbugs-3.0.1.jar:/home/user/.m2/repository/net/jcip/jcip-annotations/1.0/jcip-annotations-1.0.jar:/home/user/.m2/repository/com/google/code/findbugs/bcel-findbugs/6.0/bcel-findbugs-6.0.jar:/home/user/.m2/repository/com/google/code/findbugs/jFormatString/2.0.1/jFormatString-2.0.1.jar:/home/user/.m2/repository/dom4j/dom4j/1.6.1/dom4j-1.6.1.jar:/home/user/.m2/repository/xml-apis/xml-apis/1.0.b2/xml-apis-1.0.b2.jar:/home/user/.m2/repository/org/ow2/asm/asm-debug-all/5.0.2/asm-debug-all-5.0.2.jar:/home/user/.m2/repository/org/ow2/asm/asm-commons/5.0.2/asm-commons-5.0.2.jar:/home/user/.m2/repository/org/ow2/asm/asm-tree/5.0.2/asm-tree-5.0.2.jar:/home/user/.m2/repository/org/ow2/asm/asm/5.0.4/asm-5.0.4.jar:/home/user/.m2/repository/commons-lang/commons-lang/2.6/commons-lang-2.6.jar:/home/user/.m2/repository/com/apple/AppleJavaExtensions/1.4/AppleJavaExtensions-1.4.jar:/home/user/.m2/repository/jaxen/jaxen/1.1.6/jaxen-1.1.6.jar:/home/user/.m2/repository/org/apache/hadoop/hadoop-common/3.2.0/hadoop-common-3.2.0-tests.jar:/home/user/.m2/repository/org/apache/hadoop/hadoop-ozone-client/0.5.0-SNAPSHOT/hadoop-ozone-client-0.5.0-SNAPSHOT.jar:/home/user/.m2/repository/org/apache/hadoop/hadoop-hdfs/3.2.0/hadoop-hdfs-3.2.0-tests.jar:/workdir/hadoop-ozone/integration-test/target/test-classes:/home/user/.m2/repository/org/apache/hadoop/hadoop-ozone-s3gateway/0.5.0-SNAPSHOT/hadoop-ozone-s3gateway-0.5.0-SNAPSHOT.jar:/home/user/.m2/repository/org/jboss/weld/servlet/weld-servlet/2.4.7.Final/weld-servlet-2.4.7.Final.jar:/home/user/.m2/repository/org/glassfish/jersey/containers/jersey-container-servlet-core/2.27/jersey-container-servlet-core-2.27.jar:/home/user/.m2/repository/org/glassfish/hk2/external/javax.inject/2.5.0-b42/javax.inject-2.5.0-b42.jar:/home/user/.m2/repository/org/glassfish/jersey/core/jersey-common/2.27/jersey-common-2.27.jar:/home/user/.m2/repository/org/glassfish/hk2/osgi-resource-locator/1.0.1/osgi-resource-locator-1.0.1.jar:/home/user/.m2/repository/javax/ws/rs/javax.ws.rs-api/2.1/javax.ws.rs-api-2.1.jar:/home/user/.m2/repository/org/glassfish/jersey/ext/cdi/jersey-cdi1x/2.27/jersey-cdi1x-2.27.jar:/home/user/.m2/repository/org/glassfish/jersey/inject/jersey-hk2/2.27/jersey-hk2-2.27.jar:/home/user/.m2/repository/org/glassfish/hk2/hk2-locator/2.5.0-b42/hk2-locator-2.5.0-b42.jar:/home/user/.m2/repository/org/javassist/javassist/3.22.0-CR2/javassist-3.22.0-CR2.jar:/home/user/.m2/repository/org/glassfish/hk2/hk2-api/2.5.0/hk2-api-2.5.0.jar:/home/user/.m2/repository/org/glassfish/hk2/external/jakarta.inject/2.5.0/jakarta.inject-2.5.0.jar:/home/user/.m2/repository/org/glassfish/hk2/hk2-utils/2.5.0/hk2-utils-2.5.0.jar:/home/user/.m2/repository/jakarta/annotation/jakarta.annotation-api/1.3.4/jakarta.annotation-api-1.3.4.jar:/home/user/.m2/repository/org/glassfish/hk2/external/aopalliance-repackaged/2.5.0/aopalliance-repackaged-2.5.0.jar:/home/user/.m2/repository/com/fasterxml/jackson/dataformat/jackson-dataformat-xml/2.9.0/jackson-dataformat-xml-2.9.0.jar:/home/user/.m2/repository/com/fasterxml/jackson/module/jackson-module-jaxb-annotations/2.9.5/jackson-module-jaxb-annotations-2.9.5.jar:/home/user/.m2/repository/javax/enterprise/cdi-api/1.2/cdi-api-1.2.jar:/home/user/.m2/repository/javax/el/javax.el-api/3.0.0/javax.el-api-3.0.0.jar:/home/user/.m2/repository/javax/interceptor/javax.interceptor-api/1.2/javax.interceptor-api-1.2.jar:/home/user/.m2/repository/javax/inject/javax.inject/1/javax.inject-1.jar:/home/user/.m2/repository/com/sun/xml/bind/jaxb-core/2.3.0.1/jaxb-core-2.3.0.1.jar:/home/user/.m2/repository/javax/xml/bind/jaxb-api/2.3.0/jaxb-api-2.3.0.jar:/home/user/.m2/repository/javax/activation/activation/1.1.1/activation-1.1.1.jar:/home/user/.m2/repository/org/apache/hadoop/hadoop-ozone-csi/0.5.0-SNAPSHOT/hadoop-ozone-csi-0.5.0-SNAPSHOT.jar:/home/user/.m2/repository/com/google/protobuf/protobuf-java-util/3.5.1/protobuf-java-util-3.5.1.jar:/home/user/.m2/repository/io/grpc/grpc-netty/1.17.1/grpc-netty-1.17.1.jar:/home/user/.m2/repository/io/grpc/grpc-core/1.17.1/grpc-core-1.17.1.jar:/home/user/.m2/repository/io/grpc/grpc-context/1.17.1/grpc-context-1.17.1.jar:/home/user/.m2/repository/com/google/errorprone/error_prone_annotations/2.2.0/error_prone_annotations-2.2.0.jar:/home/user/.m2/repository/org/codehaus/mojo/animal-sniffer-annotations/1.17/animal-sniffer-annotations-1.17.jar:/home/user/.m2/repository/io/opencensus/opencensus-api/0.17.0/opencensus-api-0.17.0.jar:/home/user/.m2/repository/io/opencensus/opencensus-contrib-grpc-metrics/0.17.0/opencensus-contrib-grpc-metrics-0.17.0.jar:/home/user/.m2/repository/io/netty/netty-codec-http2/4.1.30.Final/netty-codec-http2-4.1.30.Final.jar:/home/user/.m2/repository/io/netty/netty-codec-http/4.1.30.Final/netty-codec-http-4.1.30.Final.jar:/home/user/.m2/repository/io/netty/netty-codec/4.1.30.Final/netty-codec-4.1.30.Final.jar:/home/user/.m2/repository/io/netty/netty-handler/4.1.30.Final/netty-handler-4.1.30.Final.jar:/home/user/.m2/repository/io/netty/netty-handler-proxy/4.1.30.Final/netty-handler-proxy-4.1.30.Final.jar:/home/user/.m2/repository/io/netty/netty-codec-socks/4.1.30.Final/netty-codec-socks-4.1.30.Final.jar:/home/user/.m2/repository/io/netty/netty-transport-native-epoll/4.1.30.Final/netty-transport-native-epoll-4.1.30.Final.jar:/home/user/.m2/repository/io/netty/netty-common/4.1.30.Final/netty-common-4.1.30.Final.jar:/home/user/.m2/repository/io/netty/netty-buffer/4.1.30.Final/netty-buffer-4.1.30.Final.jar:/home/user/.m2/repository/io/netty/netty-transport/4.1.30.Final/netty-transport-4.1.30.Final.jar:/home/user/.m2/repository/io/netty/netty-resolver/4.1.30.Final/netty-resolver-4.1.30.Final.jar:/home/user/.m2/repository/io/netty/netty-transport-native-unix-common/4.1.30.Final/netty-transport-native-unix-common-4.1.30.Final.jar:/home/user/.m2/repository/io/grpc/grpc-protobuf/1.17.1/grpc-protobuf-1.17.1.jar:/home/user/.m2/repository/com/google/api/grpc/proto-google-common-protos/1.0.0/proto-google-common-protos-1.0.0.jar:/home/user/.m2/repository/io/grpc/grpc-protobuf-lite/1.17.1/grpc-protobuf-lite-1.17.1.jar:/home/user/.m2/repository/io/grpc/grpc-stub/1.17.1/grpc-stub-1.17.1.jar:/home/user/.m2/repository/org/apache/hadoop/hadoop-ozone-recon/0.5.0-SNAPSHOT/hadoop-ozone-recon-0.5.0-SNAPSHOT.jar:/home/user/.m2/repository/org/apache/hadoop/hadoop-ozone-reconcodegen/0.5.0-SNAPSHOT/hadoop-ozone-reconcodegen-0.5.0-SNAPSHOT.jar:/home/user/.m2/repository/com/google/inject/extensions/guice-multibindings/4.0/guice-multibindings-4.0.jar:/home/user/.m2/repository/com/google/inject/guice/4.0/guice-4.0.jar:/home/user/.m2/repository/aopalliance/aopalliance/1.0/aopalliance-1.0.jar:/home/user/.m2/repository/org/glassfish/jersey/containers/jersey-container-servlet/2.27/jersey-container-servlet-2.27.jar:/home/user/.m2/repository/org/glassfish/hk2/guice-bridge/2.5.0/guice-bridge-2.5.0.jar:/home/user/.m2/repository/org/glassfish/jersey/core/jersey-server/2.27/jersey-server-2.27.jar:/home/user/.m2/repository/org/glassfish/jersey/core/jersey-client/2.27/jersey-client-2.27.jar:/home/user/.m2/repository/org/glassfish/jersey/media/jersey-media-jaxb/2.27/jersey-media-jaxb-2.27.jar:/home/user/.m2/repository/javax/validation/validation-api/1.1.0.Final/validation-api-1.1.0.Final.jar:/home/user/.m2/repository/org/glassfish/jersey/media/jersey-media-json-jackson/2.27/jersey-media-json-jackson-2.27.jar:/home/user/.m2/repository/org/glassfish/jersey/ext/jersey-entity-filtering/2.27/jersey-entity-filtering-2.27.jar:/home/user/.m2/repository/com/google/inject/extensions/guice-assistedinject/4.0/guice-assistedinject-4.0.jar:/home/user/.m2/repository/org/jooq/jooq/3.11.10/jooq-3.11.10.jar:/home/user/.m2/repository/org/jooq/jooq-meta/3.11.10/jooq-meta-3.11.10.jar:/home/user/.m2/repository/org/jooq/jooq-codegen/3.11.10/jooq-codegen-3.11.10.jar:/home/user/.m2/repository/com/jolbox/bonecp/0.8.0.RELEASE/bonecp-0.8.0.RELEASE.jar:/home/user/.m2/repository/org/springframework/spring-jdbc/5.1.3.RELEASE/spring-jdbc-5.1.3.RELEASE.jar:/home/user/.m2/repository/org/springframework/spring-beans/5.1.3.RELEASE/spring-beans-5.1.3.RELEASE.jar:/home/user/.m2/repository/org/springframework/spring-core/5.1.3.RELEASE/spring-core-5.1.3.RELEASE.jar:/home/user/.m2/repository/org/springframework/spring-jcl/5.1.3.RELEASE/spring-jcl-5.1.3.RELEASE.jar:/home/user/.m2/repository/org/springframework/spring-tx/5.1.3.RELEASE/spring-tx-5.1.3.RELEASE.jar:/home/user/.m2/repository/org/mockito/mockito-all/1.10.19/mockito-all-1.10.19.jar:/home/user/.m2/repository/junit/junit/4.11/junit-4.11.jar:/home/user/.m2/repository/org/hamcrest/hamcrest-core/1.3/hamcrest-core-1.3.jar:/home/user/.m2/repository/org/apache/hadoop/hadoop-distcp/3.2.0/hadoop-distcp-3.2.0.jar:/home/user/.m2/repository/org/apache/hadoop/hadoop-distcp/3.2.0/hadoop-distcp-3.2.0-tests.jar:/home/user/.m2/repository/org/apache/hadoop/hadoop-mapreduce-client-jobclient/3.2.0/hadoop-mapreduce-client-jobclient-3.2.0.jar:/home/user/.m2/repository/org/apache/hadoop/hadoop-mapreduce-client-common/3.2.0/hadoop-mapreduce-client-common-3.2.0.jar:/home/user/.m2/repository/org/apache/hadoop/hadoop-yarn-common/3.2.0/hadoop-yarn-common-3.2.0.jar:/home/user/.m2/repository/org/apache/hadoop/hadoop-yarn-api/3.2.0/hadoop-yarn-api-3.2.0.jar:/home/user/.m2/repository/com/sun/jersey/jersey-client/1.19/jersey-client-1.19.jar:/home/user/.m2/repository/com/sun/jersey/contribs/jersey-guice/1.19/jersey-guice-1.19.jar:/home/user/.m2/repository/com/fasterxml/jackson/jaxrs/jackson-jaxrs-json-provider/2.9.5/jackson-jaxrs-json-provider-2.9.5.jar:/home/user/.m2/repository/com/fasterxml/jackson/jaxrs/jackson-jaxrs-base/2.9.5/jackson-jaxrs-base-2.9.5.jar:/home/user/.m2/repository/org/apache/hadoop/hadoop-yarn-client/3.2.0/hadoop-yarn-client-3.2.0.jar:/home/user/.m2/repository/org/apache/hadoop/hadoop-mapreduce-client-core/3.2.0/hadoop-mapreduce-client-core-3.2.0.jar:/home/user/.m2/repository/com/google/inject/extensions/guice-servlet/4.0/guice-servlet-4.0.jar:/home/user/.m2/repository/org/powermock/powermock-module-junit4/1.6.5/powermock-module-junit4-1.6.5.jar:/home/user/.m2/repository/org/powermock/powermock-module-junit4-common/1.6.5/powermock-module-junit4-common-1.6.5.jar:/home/user/.m2/repository/org/powermock/powermock-core/1.6.5/powermock-core-1.6.5.jar:/home/user/.m2/repository/org/powermock/powermock-reflect/1.6.5/powermock-reflect-1.6.5.jar:/home/user/.m2/repository/org/powermock/powermock-api-mockito/1.6.5/powermock-api-mockito-1.6.5.jar:/home/user/.m2/repository/org/mockito/mockito-core/1.10.19/mockito-core-1.10.19.jar:/home/user/.m2/repository/org/objenesis/objenesis/1.0/objenesis-1.0.jar:/home/user/.m2/repository/org/powermock/powermock-api-mockito-common/1.6.5/powermock-api-mockito-common-1.6.5.jar:/home/user/.m2/repository/org/powermock/powermock-api-support/1.6.5/powermock-api-support-1.6.5.jar:"/>
    <property name="java.vm.vendor" value="IcedTea"/>
    <property name="sun.arch.data.model" value="64"/>
    <property name="test.build.dir" value="/workdir/hadoop-ozone/ozonefs/target/test-dir"/>
    <property name="test.cache.data" value=""/>
    <property name="java.vendor.url" value="https://icedtea.classpath.org"/>
    <property name="user.timezone" value=""/>
    <property name="java.vm.specification.version" value="1.8"/>
    <property name="os.name" value="Linux"/>
    <property name="test.build.data" value="/workdir/hadoop-ozone/ozonefs/target/test-dir"/>
    <property name="user.country" value="US"/>
    <property name="sun.java.launcher" value="SUN_STANDARD"/>
    <property name="sun.boot.library.path" value="/usr/lib/jvm/java-1.8-openjdk/jre/lib/amd64"/>
    <property name="sun.java.command" value="/workdir/hadoop-ozone/ozonefs/target/surefire/surefirebooter7875878186051888141.jar /workdir/hadoop-ozone/ozonefs/target/surefire 2019-07-14T15-23-37_400-jvmRun1 surefire7821100077395896510tmp surefire_94155047261048248424tmp"/>
    <property name="surefire.test.class.path" value="/workdir/hadoop-ozone/ozonefs/target/test-classes:/workdir/hadoop-ozone/ozonefs/target/classes:/home/user/.m2/repository/org/apache/hadoop/hadoop-common/3.2.0/hadoop-common-3.2.0.jar:/home/user/.m2/repository/org/apache/hadoop/hadoop-annotations/3.2.0/hadoop-annotations-3.2.0.jar:/usr/lib/jvm/java-1.8-openjdk/jre/../lib/tools.jar:/home/user/.m2/repository/com/google/guava/guava/11.0.2/guava-11.0.2.jar:/home/user/.m2/repository/commons-cli/commons-cli/1.2/commons-cli-1.2.jar:/home/user/.m2/repository/org/apache/commons/commons-math3/3.1.1/commons-math3-3.1.1.jar:/home/user/.m2/repository/org/apache/httpcomponents/httpclient/4.5.2/httpclient-4.5.2.jar:/home/user/.m2/repository/org/apache/httpcomponents/httpcore/4.4.4/httpcore-4.4.4.jar:/home/user/.m2/repository/commons-codec/commons-codec/1.11/commons-codec-1.11.jar:/home/user/.m2/repository/commons-io/commons-io/2.5/commons-io-2.5.jar:/home/user/.m2/repository/commons-net/commons-net/3.6/commons-net-3.6.jar:/home/user/.m2/repository/commons-collections/commons-collections/3.2.2/commons-collections-3.2.2.jar:/home/user/.m2/repository/javax/servlet/javax.servlet-api/3.1.0/javax.servlet-api-3.1.0.jar:/home/user/.m2/repository/org/eclipse/jetty/jetty-server/9.3.24.v20180605/jetty-server-9.3.24.v20180605.jar:/home/user/.m2/repository/org/eclipse/jetty/jetty-http/9.3.24.v20180605/jetty-http-9.3.24.v20180605.jar:/home/user/.m2/repository/org/eclipse/jetty/jetty-io/9.3.24.v20180605/jetty-io-9.3.24.v20180605.jar:/home/user/.m2/repository/org/eclipse/jetty/jetty-util/9.3.24.v20180605/jetty-util-9.3.24.v20180605.jar:/home/user/.m2/repository/org/eclipse/jetty/jetty-servlet/9.3.24.v20180605/jetty-servlet-9.3.24.v20180605.jar:/home/user/.m2/repository/org/eclipse/jetty/jetty-security/9.3.24.v20180605/jetty-security-9.3.24.v20180605.jar:/home/user/.m2/repository/org/eclipse/jetty/jetty-webapp/9.3.24.v20180605/jetty-webapp-9.3.24.v20180605.jar:/home/user/.m2/repository/org/eclipse/jetty/jetty-xml/9.3.24.v20180605/jetty-xml-9.3.24.v20180605.jar:/home/user/.m2/repository/javax/servlet/jsp/jsp-api/2.1/jsp-api-2.1.jar:/home/user/.m2/repository/com/sun/jersey/jersey-core/1.19/jersey-core-1.19.jar:/home/user/.m2/repository/javax/ws/rs/jsr311-api/1.1.1/jsr311-api-1.1.1.jar:/home/user/.m2/repository/com/sun/jersey/jersey-servlet/1.19/jersey-servlet-1.19.jar:/home/user/.m2/repository/com/sun/jersey/jersey-json/1.19/jersey-json-1.19.jar:/home/user/.m2/repository/org/codehaus/jettison/jettison/1.1/jettison-1.1.jar:/home/user/.m2/repository/com/sun/xml/bind/jaxb-impl/2.3.0.1/jaxb-impl-2.3.0.1.jar:/home/user/.m2/repository/org/codehaus/jackson/jackson-core-asl/1.9.13/jackson-core-asl-1.9.13.jar:/home/user/.m2/repository/org/codehaus/jackson/jackson-mapper-asl/1.9.13/jackson-mapper-asl-1.9.13.jar:/home/user/.m2/repository/org/codehaus/jackson/jackson-jaxrs/1.9.13/jackson-jaxrs-1.9.13.jar:/home/user/.m2/repository/org/codehaus/jackson/jackson-xc/1.9.13/jackson-xc-1.9.13.jar:/home/user/.m2/repository/com/sun/jersey/jersey-server/1.19/jersey-server-1.19.jar:/home/user/.m2/repository/commons-logging/commons-logging/1.1.3/commons-logging-1.1.3.jar:/home/user/.m2/repository/log4j/log4j/1.2.17/log4j-1.2.17.jar:/home/user/.m2/repository/commons-beanutils/commons-beanutils/1.9.3/commons-beanutils-1.9.3.jar:/home/user/.m2/repository/org/apache/commons/commons-configuration2/2.1.1/commons-configuration2-2.1.1.jar:/home/user/.m2/repository/org/apache/commons/commons-lang3/3.7/commons-lang3-3.7.jar:/home/user/.m2/repository/org/apache/commons/commons-text/1.4/commons-text-1.4.jar:/home/user/.m2/repository/org/slf4j/slf4j-api/1.7.25/slf4j-api-1.7.25.jar:/home/user/.m2/repository/org/slf4j/slf4j-log4j12/1.7.25/slf4j-log4j12-1.7.25.jar:/home/user/.m2/repository/org/apache/avro/avro/1.7.7/avro-1.7.7.jar:/home/user/.m2/repository/com/thoughtworks/paranamer/paranamer/2.3/paranamer-2.3.jar:/home/user/.m2/repository/org/xerial/snappy/snappy-java/1.0.5/snappy-java-1.0.5.jar:/home/user/.m2/repository/com/google/re2j/re2j/1.1/re2j-1.1.jar:/home/user/.m2/repository/com/google/protobuf/protobuf-java/2.5.0/protobuf-java-2.5.0.jar:/home/user/.m2/repository/com/google/code/gson/gson/2.2.4/gson-2.2.4.jar:/home/user/.m2/repository/org/apache/hadoop/hadoop-auth/3.2.0/hadoop-auth-3.2.0.jar:/home/user/.m2/repository/com/nimbusds/nimbus-jose-jwt/4.41.1/nimbus-jose-jwt-4.41.1.jar:/home/user/.m2/repository/com/github/stephenc/jcip/jcip-annotations/1.0-1/jcip-annotations-1.0-1.jar:/home/user/.m2/repository/net/minidev/json-smart/2.3/json-smart-2.3.jar:/home/user/.m2/repository/net/minidev/accessors-smart/1.2/accessors-smart-1.2.jar:/home/user/.m2/repository/org/apache/curator/curator-framework/2.12.0/curator-framework-2.12.0.jar:/home/user/.m2/repository/com/jcraft/jsch/0.1.54/jsch-0.1.54.jar:/home/user/.m2/repository/org/apache/curator/curator-client/2.12.0/curator-client-2.12.0.jar:/home/user/.m2/repository/org/apache/curator/curator-recipes/2.12.0/curator-recipes-2.12.0.jar:/home/user/.m2/repository/com/google/code/findbugs/jsr305/3.0.0/jsr305-3.0.0.jar:/home/user/.m2/repository/org/apache/htrace/htrace-core4/4.1.0-incubating/htrace-core4-4.1.0-incubating.jar:/home/user/.m2/repository/org/apache/zookeeper/zookeeper/3.4.13/zookeeper-3.4.13.jar:/home/user/.m2/repository/org/apache/yetus/audience-annotations/0.5.0/audience-annotations-0.5.0.jar:/home/user/.m2/repository/org/apache/commons/commons-compress/1.4.1/commons-compress-1.4.1.jar:/home/user/.m2/repository/org/tukaani/xz/1.0/xz-1.0.jar:/home/user/.m2/repository/org/apache/kerby/kerb-simplekdc/1.0.1/kerb-simplekdc-1.0.1.jar:/home/user/.m2/repository/org/apache/kerby/kerb-client/1.0.1/kerb-client-1.0.1.jar:/home/user/.m2/repository/org/apache/kerby/kerby-config/1.0.1/kerby-config-1.0.1.jar:/home/user/.m2/repository/org/apache/kerby/kerb-core/1.0.1/kerb-core-1.0.1.jar:/home/user/.m2/repository/org/apache/kerby/kerby-pkix/1.0.1/kerby-pkix-1.0.1.jar:/home/user/.m2/repository/org/apache/kerby/kerby-asn1/1.0.1/kerby-asn1-1.0.1.jar:/home/user/.m2/repository/org/apache/kerby/kerby-util/1.0.1/kerby-util-1.0.1.jar:/home/user/.m2/repository/org/apache/kerby/kerb-common/1.0.1/kerb-common-1.0.1.jar:/home/user/.m2/repository/org/apache/kerby/kerb-crypto/1.0.1/kerb-crypto-1.0.1.jar:/home/user/.m2/repository/org/apache/kerby/kerb-util/1.0.1/kerb-util-1.0.1.jar:/home/user/.m2/repository/org/apache/kerby/token-provider/1.0.1/token-provider-1.0.1.jar:/home/user/.m2/repository/org/apache/kerby/kerb-admin/1.0.1/kerb-admin-1.0.1.jar:/home/user/.m2/repository/org/apache/kerby/kerb-server/1.0.1/kerb-server-1.0.1.jar:/home/user/.m2/repository/org/apache/kerby/kerb-identity/1.0.1/kerb-identity-1.0.1.jar:/home/user/.m2/repository/org/apache/kerby/kerby-xdr/1.0.1/kerby-xdr-1.0.1.jar:/home/user/.m2/repository/com/fasterxml/jackson/core/jackson-databind/2.9.5/jackson-databind-2.9.5.jar:/home/user/.m2/repository/com/fasterxml/jackson/core/jackson-annotations/2.9.5/jackson-annotations-2.9.5.jar:/home/user/.m2/repository/com/fasterxml/jackson/core/jackson-core/2.9.5/jackson-core-2.9.5.jar:/home/user/.m2/repository/org/codehaus/woodstox/stax2-api/3.1.4/stax2-api-3.1.4.jar:/home/user/.m2/repository/com/fasterxml/woodstox/woodstox-core/5.0.3/woodstox-core-5.0.3.jar:/home/user/.m2/repository/dnsjava/dnsjava/2.1.7/dnsjava-2.1.7.jar:/home/user/.m2/repository/org/apache/hadoop/hadoop-hdfs/3.2.0/hadoop-hdfs-3.2.0.jar:/home/user/.m2/repository/org/eclipse/jetty/jetty-util-ajax/9.3.24.v20180605/jetty-util-ajax-9.3.24.v20180605.jar:/home/user/.m2/repository/commons-daemon/commons-daemon/1.0.13/commons-daemon-1.0.13.jar:/home/user/.m2/repository/io/netty/netty/3.10.5.Final/netty-3.10.5.Final.jar:/home/user/.m2/repository/io/netty/netty-all/4.0.52.Final/netty-all-4.0.52.Final.jar:/home/user/.m2/repository/org/fusesource/leveldbjni/leveldbjni-all/1.8/leveldbjni-all-1.8.jar:/home/user/.m2/repository/org/apache/hadoop/hadoop-hdds-common/0.5.0-SNAPSHOT/hadoop-hdds-common-0.5.0-SNAPSHOT.jar:/home/user/.m2/repository/org/apache/hadoop/hadoop-hdds-config/0.5.0-SNAPSHOT/hadoop-hdds-config-0.5.0-SNAPSHOT.jar:/home/user/.m2/repository/javax/annotation/javax.annotation-api/1.2/javax.annotation-api-1.2.jar:/home/user/.m2/repository/org/apache/ratis/ratis-server/0.4.0-2337318-SNAPSHOT/ratis-server-0.4.0-2337318-SNAPSHOT.jar:/home/user/.m2/repository/org/apache/ratis/ratis-thirdparty-misc/0.2.0/ratis-thirdparty-misc-0.2.0.jar:/home/user/.m2/repository/org/apache/ratis/ratis-proto/0.4.0-2337318-SNAPSHOT/ratis-proto-0.4.0-2337318-SNAPSHOT.jar:/home/user/.m2/repository/org/apache/ratis/ratis-common/0.4.0-2337318-SNAPSHOT/ratis-common-0.4.0-2337318-SNAPSHOT.jar:/home/user/.m2/repository/org/apache/ratis/ratis-client/0.4.0-2337318-SNAPSHOT/ratis-client-0.4.0-2337318-SNAPSHOT.jar:/home/user/.m2/repository/org/apache/ratis/ratis-metrics/0.4.0-2337318-SNAPSHOT/ratis-metrics-0.4.0-2337318-SNAPSHOT.jar:/home/user/.m2/repository/org/apache/ratis/ratis-netty/0.4.0-2337318-SNAPSHOT/ratis-netty-0.4.0-2337318-SNAPSHOT.jar:/home/user/.m2/repository/org/apache/ratis/ratis-grpc/0.4.0-2337318-SNAPSHOT/ratis-grpc-0.4.0-2337318-SNAPSHOT.jar:/home/user/.m2/repository/org/rocksdb/rocksdbjni/6.0.1/rocksdbjni-6.0.1.jar:/home/user/.m2/repository/org/apache/logging/log4j/log4j-api/2.11.0/log4j-api-2.11.0.jar:/home/user/.m2/repository/org/apache/logging/log4j/log4j-core/2.11.0/log4j-core-2.11.0.jar:/home/user/.m2/repository/com/lmax/disruptor/3.4.2/disruptor-3.4.2.jar:/home/user/.m2/repository/org/apache/commons/commons-pool2/2.6.0/commons-pool2-2.6.0.jar:/home/user/.m2/repository/org/bouncycastle/bcpkix-jdk15on/1.60/bcpkix-jdk15on-1.60.jar:/home/user/.m2/repository/commons-validator/commons-validator/1.6/commons-validator-1.6.jar:/home/user/.m2/repository/commons-digester/commons-digester/1.8.1/commons-digester-1.8.1.jar:/home/user/.m2/repository/io/jaegertracing/jaeger-client/0.33.1/jaeger-client-0.33.1.jar:/home/user/.m2/repository/io/jaegertracing/jaeger-thrift/0.33.1/jaeger-thrift-0.33.1.jar:/home/user/.m2/repository/org/apache/thrift/libthrift/0.11.0/libthrift-0.11.0.jar:/home/user/.m2/repository/com/squareup/okhttp3/okhttp/3.9.0/okhttp-3.9.0.jar:/home/user/.m2/repository/com/squareup/okio/okio/1.13.0/okio-1.13.0.jar:/home/user/.m2/repository/io/jaegertracing/jaeger-core/0.33.1/jaeger-core-0.33.1.jar:/home/user/.m2/repository/io/jaegertracing/jaeger-tracerresolver/0.33.1/jaeger-tracerresolver-0.33.1.jar:/home/user/.m2/repository/io/opentracing/contrib/opentracing-tracerresolver/0.1.5/opentracing-tracerresolver-0.1.5.jar:/home/user/.m2/repository/io/opentracing/opentracing-util/0.31.0/opentracing-util-0.31.0.jar:/home/user/.m2/repository/io/opentracing/opentracing-api/0.31.0/opentracing-api-0.31.0.jar:/home/user/.m2/repository/io/opentracing/opentracing-noop/0.31.0/opentracing-noop-0.31.0.jar:/home/user/.m2/repository/org/yaml/snakeyaml/1.16/snakeyaml-1.16.jar:/home/user/.m2/repository/org/apache/hadoop/hadoop-hdfs-client/3.2.0/hadoop-hdfs-client-3.2.0.jar:/home/user/.m2/repository/info/picocli/picocli/3.9.6/picocli-3.9.6.jar:/home/user/.m2/repository/org/apache/hadoop/hadoop-hdds-server-scm/0.5.0-SNAPSHOT/hadoop-hdds-server-scm-0.5.0-SNAPSHOT.jar:/home/user/.m2/repository/org/apache/hadoop/hadoop-hdds-docs/0.5.0-SNAPSHOT/hadoop-hdds-docs-0.5.0-SNAPSHOT.jar:/home/user/.m2/repository/io/dropwizard/metrics/metrics-core/3.2.4/metrics-core-3.2.4.jar:/home/user/.m2/repository/org/hamcrest/hamcrest-all/1.3/hamcrest-all-1.3.jar:/home/user/.m2/repository/org/bouncycastle/bcprov-jdk15on/1.60/bcprov-jdk15on-1.60.jar:/home/user/.m2/repository/org/apache/hadoop/hadoop-hdds-server-framework/0.5.0-SNAPSHOT/hadoop-hdds-server-framework-0.5.0-SNAPSHOT.jar:/home/user/.m2/repository/org/apache/hadoop/hadoop-ozone-ozone-manager/0.5.0-SNAPSHOT/hadoop-ozone-ozone-manager-0.5.0-SNAPSHOT.jar:/home/user/.m2/repository/org/apache/hadoop/hadoop-hdds-container-service/0.5.0-SNAPSHOT/hadoop-hdds-container-service-0.5.0-SNAPSHOT.jar:/home/user/.m2/repository/org/apache/hadoop/hadoop-hdds-client/0.5.0-SNAPSHOT/hadoop-hdds-client-0.5.0-SNAPSHOT.jar:/home/user/.m2/repository/org/apache/hadoop/hadoop-ozone-common/0.5.0-SNAPSHOT/hadoop-ozone-common-0.5.0-SNAPSHOT.jar:/home/user/.m2/repository/org/apache/hadoop/hadoop-hdds-tools/0.5.0-SNAPSHOT/hadoop-hdds-tools-0.5.0-SNAPSHOT.jar:/home/user/.m2/repository/org/xerial/sqlite-jdbc/3.25.2/sqlite-jdbc-3.25.2.jar:/home/user/.m2/repository/org/apache/hadoop/hadoop-ozone-objectstore-service/0.5.0-SNAPSHOT/hadoop-ozone-objectstore-service-0.5.0-SNAPSHOT.jar:/home/user/.m2/repository/com/google/code/findbugs/findbugs/3.0.1/findbugs-3.0.1.jar:/home/user/.m2/repository/net/jcip/jcip-annotations/1.0/jcip-annotations-1.0.jar:/home/user/.m2/repository/com/google/code/findbugs/bcel-findbugs/6.0/bcel-findbugs-6.0.jar:/home/user/.m2/repository/com/google/code/findbugs/jFormatString/2.0.1/jFormatString-2.0.1.jar:/home/user/.m2/repository/dom4j/dom4j/1.6.1/dom4j-1.6.1.jar:/home/user/.m2/repository/xml-apis/xml-apis/1.0.b2/xml-apis-1.0.b2.jar:/home/user/.m2/repository/org/ow2/asm/asm-debug-all/5.0.2/asm-debug-all-5.0.2.jar:/home/user/.m2/repository/org/ow2/asm/asm-commons/5.0.2/asm-commons-5.0.2.jar:/home/user/.m2/repository/org/ow2/asm/asm-tree/5.0.2/asm-tree-5.0.2.jar:/home/user/.m2/repository/org/ow2/asm/asm/5.0.4/asm-5.0.4.jar:/home/user/.m2/repository/commons-lang/commons-lang/2.6/commons-lang-2.6.jar:/home/user/.m2/repository/com/apple/AppleJavaExtensions/1.4/AppleJavaExtensions-1.4.jar:/home/user/.m2/repository/jaxen/jaxen/1.1.6/jaxen-1.1.6.jar:/home/user/.m2/repository/org/apache/hadoop/hadoop-common/3.2.0/hadoop-common-3.2.0-tests.jar:/home/user/.m2/repository/org/apache/hadoop/hadoop-ozone-client/0.5.0-SNAPSHOT/hadoop-ozone-client-0.5.0-SNAPSHOT.jar:/home/user/.m2/repository/org/apache/hadoop/hadoop-hdfs/3.2.0/hadoop-hdfs-3.2.0-tests.jar:/workdir/hadoop-ozone/integration-test/target/test-classes:/home/user/.m2/repository/org/apache/hadoop/hadoop-ozone-s3gateway/0.5.0-SNAPSHOT/hadoop-ozone-s3gateway-0.5.0-SNAPSHOT.jar:/home/user/.m2/repository/org/jboss/weld/servlet/weld-servlet/2.4.7.Final/weld-servlet-2.4.7.Final.jar:/home/user/.m2/repository/org/glassfish/jersey/containers/jersey-container-servlet-core/2.27/jersey-container-servlet-core-2.27.jar:/home/user/.m2/repository/org/glassfish/hk2/external/javax.inject/2.5.0-b42/javax.inject-2.5.0-b42.jar:/home/user/.m2/repository/org/glassfish/jersey/core/jersey-common/2.27/jersey-common-2.27.jar:/home/user/.m2/repository/org/glassfish/hk2/osgi-resource-locator/1.0.1/osgi-resource-locator-1.0.1.jar:/home/user/.m2/repository/javax/ws/rs/javax.ws.rs-api/2.1/javax.ws.rs-api-2.1.jar:/home/user/.m2/repository/org/glassfish/jersey/ext/cdi/jersey-cdi1x/2.27/jersey-cdi1x-2.27.jar:/home/user/.m2/repository/org/glassfish/jersey/inject/jersey-hk2/2.27/jersey-hk2-2.27.jar:/home/user/.m2/repository/org/glassfish/hk2/hk2-locator/2.5.0-b42/hk2-locator-2.5.0-b42.jar:/home/user/.m2/repository/org/javassist/javassist/3.22.0-CR2/javassist-3.22.0-CR2.jar:/home/user/.m2/repository/org/glassfish/hk2/hk2-api/2.5.0/hk2-api-2.5.0.jar:/home/user/.m2/repository/org/glassfish/hk2/external/jakarta.inject/2.5.0/jakarta.inject-2.5.0.jar:/home/user/.m2/repository/org/glassfish/hk2/hk2-utils/2.5.0/hk2-utils-2.5.0.jar:/home/user/.m2/repository/jakarta/annotation/jakarta.annotation-api/1.3.4/jakarta.annotation-api-1.3.4.jar:/home/user/.m2/repository/org/glassfish/hk2/external/aopalliance-repackaged/2.5.0/aopalliance-repackaged-2.5.0.jar:/home/user/.m2/repository/com/fasterxml/jackson/dataformat/jackson-dataformat-xml/2.9.0/jackson-dataformat-xml-2.9.0.jar:/home/user/.m2/repository/com/fasterxml/jackson/module/jackson-module-jaxb-annotations/2.9.5/jackson-module-jaxb-annotations-2.9.5.jar:/home/user/.m2/repository/javax/enterprise/cdi-api/1.2/cdi-api-1.2.jar:/home/user/.m2/repository/javax/el/javax.el-api/3.0.0/javax.el-api-3.0.0.jar:/home/user/.m2/repository/javax/interceptor/javax.interceptor-api/1.2/javax.interceptor-api-1.2.jar:/home/user/.m2/repository/javax/inject/javax.inject/1/javax.inject-1.jar:/home/user/.m2/repository/com/sun/xml/bind/jaxb-core/2.3.0.1/jaxb-core-2.3.0.1.jar:/home/user/.m2/repository/javax/xml/bind/jaxb-api/2.3.0/jaxb-api-2.3.0.jar:/home/user/.m2/repository/javax/activation/activation/1.1.1/activation-1.1.1.jar:/home/user/.m2/repository/org/apache/hadoop/hadoop-ozone-csi/0.5.0-SNAPSHOT/hadoop-ozone-csi-0.5.0-SNAPSHOT.jar:/home/user/.m2/repository/com/google/protobuf/protobuf-java-util/3.5.1/protobuf-java-util-3.5.1.jar:/home/user/.m2/repository/io/grpc/grpc-netty/1.17.1/grpc-netty-1.17.1.jar:/home/user/.m2/repository/io/grpc/grpc-core/1.17.1/grpc-core-1.17.1.jar:/home/user/.m2/repository/io/grpc/grpc-context/1.17.1/grpc-context-1.17.1.jar:/home/user/.m2/repository/com/google/errorprone/error_prone_annotations/2.2.0/error_prone_annotations-2.2.0.jar:/home/user/.m2/repository/org/codehaus/mojo/animal-sniffer-annotations/1.17/animal-sniffer-annotations-1.17.jar:/home/user/.m2/repository/io/opencensus/opencensus-api/0.17.0/opencensus-api-0.17.0.jar:/home/user/.m2/repository/io/opencensus/opencensus-contrib-grpc-metrics/0.17.0/opencensus-contrib-grpc-metrics-0.17.0.jar:/home/user/.m2/repository/io/netty/netty-codec-http2/4.1.30.Final/netty-codec-http2-4.1.30.Final.jar:/home/user/.m2/repository/io/netty/netty-codec-http/4.1.30.Final/netty-codec-http-4.1.30.Final.jar:/home/user/.m2/repository/io/netty/netty-codec/4.1.30.Final/netty-codec-4.1.30.Final.jar:/home/user/.m2/repository/io/netty/netty-handler/4.1.30.Final/netty-handler-4.1.30.Final.jar:/home/user/.m2/repository/io/netty/netty-handler-proxy/4.1.30.Final/netty-handler-proxy-4.1.30.Final.jar:/home/user/.m2/repository/io/netty/netty-codec-socks/4.1.30.Final/netty-codec-socks-4.1.30.Final.jar:/home/user/.m2/repository/io/netty/netty-transport-native-epoll/4.1.30.Final/netty-transport-native-epoll-4.1.30.Final.jar:/home/user/.m2/repository/io/netty/netty-common/4.1.30.Final/netty-common-4.1.30.Final.jar:/home/user/.m2/repository/io/netty/netty-buffer/4.1.30.Final/netty-buffer-4.1.30.Final.jar:/home/user/.m2/repository/io/netty/netty-transport/4.1.30.Final/netty-transport-4.1.30.Final.jar:/home/user/.m2/repository/io/netty/netty-resolver/4.1.30.Final/netty-resolver-4.1.30.Final.jar:/home/user/.m2/repository/io/netty/netty-transport-native-unix-common/4.1.30.Final/netty-transport-native-unix-common-4.1.30.Final.jar:/home/user/.m2/repository/io/grpc/grpc-protobuf/1.17.1/grpc-protobuf-1.17.1.jar:/home/user/.m2/repository/com/google/api/grpc/proto-google-common-protos/1.0.0/proto-google-common-protos-1.0.0.jar:/home/user/.m2/repository/io/grpc/grpc-protobuf-lite/1.17.1/grpc-protobuf-lite-1.17.1.jar:/home/user/.m2/repository/io/grpc/grpc-stub/1.17.1/grpc-stub-1.17.1.jar:/home/user/.m2/repository/org/apache/hadoop/hadoop-ozone-recon/0.5.0-SNAPSHOT/hadoop-ozone-recon-0.5.0-SNAPSHOT.jar:/home/user/.m2/repository/org/apache/hadoop/hadoop-ozone-reconcodegen/0.5.0-SNAPSHOT/hadoop-ozone-reconcodegen-0.5.0-SNAPSHOT.jar:/home/user/.m2/repository/com/google/inject/extensions/guice-multibindings/4.0/guice-multibindings-4.0.jar:/home/user/.m2/repository/com/google/inject/guice/4.0/guice-4.0.jar:/home/user/.m2/repository/aopalliance/aopalliance/1.0/aopalliance-1.0.jar:/home/user/.m2/repository/org/glassfish/jersey/containers/jersey-container-servlet/2.27/jersey-container-servlet-2.27.jar:/home/user/.m2/repository/org/glassfish/hk2/guice-bridge/2.5.0/guice-bridge-2.5.0.jar:/home/user/.m2/repository/org/glassfish/jersey/core/jersey-server/2.27/jersey-server-2.27.jar:/home/user/.m2/repository/org/glassfish/jersey/core/jersey-client/2.27/jersey-client-2.27.jar:/home/user/.m2/repository/org/glassfish/jersey/media/jersey-media-jaxb/2.27/jersey-media-jaxb-2.27.jar:/home/user/.m2/repository/javax/validation/validation-api/1.1.0.Final/validation-api-1.1.0.Final.jar:/home/user/.m2/repository/org/glassfish/jersey/media/jersey-media-json-jackson/2.27/jersey-media-json-jackson-2.27.jar:/home/user/.m2/repository/org/glassfish/jersey/ext/jersey-entity-filtering/2.27/jersey-entity-filtering-2.27.jar:/home/user/.m2/repository/com/google/inject/extensions/guice-assistedinject/4.0/guice-assistedinject-4.0.jar:/home/user/.m2/repository/org/jooq/jooq/3.11.10/jooq-3.11.10.jar:/home/user/.m2/repository/org/jooq/jooq-meta/3.11.10/jooq-meta-3.11.10.jar:/home/user/.m2/repository/org/jooq/jooq-codegen/3.11.10/jooq-codegen-3.11.10.jar:/home/user/.m2/repository/com/jolbox/bonecp/0.8.0.RELEASE/bonecp-0.8.0.RELEASE.jar:/home/user/.m2/repository/org/springframework/spring-jdbc/5.1.3.RELEASE/spring-jdbc-5.1.3.RELEASE.jar:/home/user/.m2/repository/org/springframework/spring-beans/5.1.3.RELEASE/spring-beans-5.1.3.RELEASE.jar:/home/user/.m2/repository/org/springframework/spring-core/5.1.3.RELEASE/spring-core-5.1.3.RELEASE.jar:/home/user/.m2/repository/org/springframework/spring-jcl/5.1.3.RELEASE/spring-jcl-5.1.3.RELEASE.jar:/home/user/.m2/repository/org/springframework/spring-tx/5.1.3.RELEASE/spring-tx-5.1.3.RELEASE.jar:/home/user/.m2/repository/org/mockito/mockito-all/1.10.19/mockito-all-1.10.19.jar:/home/user/.m2/repository/junit/junit/4.11/junit-4.11.jar:/home/user/.m2/repository/org/hamcrest/hamcrest-core/1.3/hamcrest-core-1.3.jar:/home/user/.m2/repository/org/apache/hadoop/hadoop-distcp/3.2.0/hadoop-distcp-3.2.0.jar:/home/user/.m2/repository/org/apache/hadoop/hadoop-distcp/3.2.0/hadoop-distcp-3.2.0-tests.jar:/home/user/.m2/repository/org/apache/hadoop/hadoop-mapreduce-client-jobclient/3.2.0/hadoop-mapreduce-client-jobclient-3.2.0.jar:/home/user/.m2/repository/org/apache/hadoop/hadoop-mapreduce-client-common/3.2.0/hadoop-mapreduce-client-common-3.2.0.jar:/home/user/.m2/repository/org/apache/hadoop/hadoop-yarn-common/3.2.0/hadoop-yarn-common-3.2.0.jar:/home/user/.m2/repository/org/apache/hadoop/hadoop-yarn-api/3.2.0/hadoop-yarn-api-3.2.0.jar:/home/user/.m2/repository/com/sun/jersey/jersey-client/1.19/jersey-client-1.19.jar:/home/user/.m2/repository/com/sun/jersey/contribs/jersey-guice/1.19/jersey-guice-1.19.jar:/home/user/.m2/repository/com/fasterxml/jackson/jaxrs/jackson-jaxrs-json-provider/2.9.5/jackson-jaxrs-json-provider-2.9.5.jar:/home/user/.m2/repository/com/fasterxml/jackson/jaxrs/jackson-jaxrs-base/2.9.5/jackson-jaxrs-base-2.9.5.jar:/home/user/.m2/repository/org/apache/hadoop/hadoop-yarn-client/3.2.0/hadoop-yarn-client-3.2.0.jar:/home/user/.m2/repository/org/apache/hadoop/hadoop-mapreduce-client-core/3.2.0/hadoop-mapreduce-client-core-3.2.0.jar:/home/user/.m2/repository/com/google/inject/extensions/guice-servlet/4.0/guice-servlet-4.0.jar:/home/user/.m2/repository/org/powermock/powermock-module-junit4/1.6.5/powermock-module-junit4-1.6.5.jar:/home/user/.m2/repository/org/powermock/powermock-module-junit4-common/1.6.5/powermock-module-junit4-common-1.6.5.jar:/home/user/.m2/repository/org/powermock/powermock-core/1.6.5/powermock-core-1.6.5.jar:/home/user/.m2/repository/org/powermock/powermock-reflect/1.6.5/powermock-reflect-1.6.5.jar:/home/user/.m2/repository/org/powermock/powermock-api-mockito/1.6.5/powermock-api-mockito-1.6.5.jar:/home/user/.m2/repository/org/mockito/mockito-core/1.10.19/mockito-core-1.10.19.jar:/home/user/.m2/repository/org/objenesis/objenesis/1.0/objenesis-1.0.jar:/home/user/.m2/repository/org/powermock/powermock-api-mockito-common/1.6.5/powermock-api-mockito-common-1.6.5.jar:/home/user/.m2/repository/org/powermock/powermock-api-support/1.6.5/powermock-api-support-1.6.5.jar:"/>
    <property name="sun.cpu.endian" value="little"/>
    <property name="user.home" value="/home/user"/>
    <property name="user.language" value="en"/>
    <property name="java.specification.vendor" value="Oracle Corporation"/>
    <property name="java.home" value="/usr/lib/jvm/java-1.8-openjdk/jre"/>
    <property name="java.security.krb5.conf" value="/workdir/hadoop-ozone/ozonefs/target/test-classes/krb5.conf"/>
    <property name="basedir" value="/workdir/hadoop-ozone/ozonefs"/>
    <property name="file.separator" value="/"/>
    <property name="line.separator" value="&#10;"/>
    <property name="java.vm.specification.vendor" value="Oracle Corporation"/>
    <property name="java.specification.name" value="Java Platform API Specification"/>
    <property name="java.awt.graphicsenv" value="sun.awt.X11GraphicsEnvironment"/>
    <property name="surefire.real.class.path" value="/workdir/hadoop-ozone/ozonefs/target/surefire/surefirebooter7875878186051888141.jar"/>
    <property name="hadoop.log.dir" value="/workdir/hadoop-ozone/ozonefs/target/log"/>
    <property name="sun.boot.class.path" value="/usr/lib/jvm/java-1.8-openjdk/jre/lib/resources.jar:/usr/lib/jvm/java-1.8-openjdk/jre/lib/rt.jar:/usr/lib/jvm/java-1.8-openjdk/jre/lib/sunrsasign.jar:/usr/lib/jvm/java-1.8-openjdk/jre/lib/jsse.jar:/usr/lib/jvm/java-1.8-openjdk/jre/lib/jce.jar:/usr/lib/jvm/java-1.8-openjdk/jre/lib/charsets.jar:/usr/lib/jvm/java-1.8-openjdk/jre/lib/jfr.jar:/usr/lib/jvm/java-1.8-openjdk/jre/classes"/>
    <property name="sun.management.compiler" value="HotSpot 64-Bit Tiered Compilers"/>
    <property name="java.runtime.version" value="1.8.0_212-b04"/>
    <property name="java.net.preferIPv4Stack" value="true"/>
    <property name="user.name" value="jenkins1000"/>
    <property name="path.separator" value=":"/>
    <property name="java.security.egd" value="file:///dev/urandom"/>
    <property name="os.version" value="3.10.0-957.12.2.el7.x86_64"/>
    <property name="java.endorsed.dirs" value="/usr/lib/jvm/java-1.8-openjdk/jre/lib/endorsed"/>
    <property name="java.runtime.name" value="OpenJDK Runtime Environment"/>
    <property name="file.encoding" value="UTF-8"/>
    <property name="java.vm.name" value="OpenJDK 64-Bit Server VM"/>
    <property name="test.build.webapps" value=""/>
    <property name="localRepository" value="/home/user/.m2/repository"/>
    <property name="java.vendor.url.bug" value="https://icedtea.classpath.org/bugzilla"/>
    <property name="java.io.tmpdir" value="/tmp"/>
    <property name="require.test.libhadoop" value=""/>
    <property name="java.version" value="1.8.0_212"/>
    <property name="user.dir" value="/workdir/hadoop-ozone/ozonefs"/>
    <property name="os.arch" value="amd64"/>
    <property name="java.vm.specification.name" value="Java Virtual Machine Specification"/>
    <property name="test.build.classes" value="/workdir/hadoop-ozone/ozonefs/target/test-classes"/>
    <property name="java.awt.printerjob" value="sun.print.PSPrinterJob"/>
    <property name="sun.os.patch.level" value="unknown"/>
    <property name="hadoop.tmp.dir" value="/workdir/hadoop-ozone/ozonefs/target/tmp"/>
    <property name="java.library.path" value="/usr/lib/jvm/java-1.8-openjdk/jre/lib/amd64/server:/usr/lib/jvm/java-1.8-openjdk/jre/lib/amd64:/usr/lib/jvm/java-1.8-openjdk/jre/../lib/amd64:/workdir/hadoop-ozone/ozonefs/target/native/target/usr/local/lib:/workdir/hadoop-ozone/ozonefs/../../hadoop-common-project/hadoop-common/target/native/target/usr/local/lib:/usr/java/packages/lib/amd64:/usr/lib64:/lib64:/lib:/usr/lib"/>
    <property name="java.vm.info" value="mixed mode"/>
    <property name="java.vendor" value="IcedTea"/>
    <property name="java.vm.version" value="25.212-b04"/>
    <property name="java.ext.dirs" value="/usr/lib/jvm/java-1.8-openjdk/jre/lib/ext:/usr/java/packages/lib/ext"/>
    <property name="sun.io.unicode.encoding" value="UnicodeLittle"/>
    <property name="java.class.version" value="52.0"/>
  </properties>
  <testcase name="testOverwriteNonEmptyDirectory" classname="org.apache.hadoop.fs.ozone.contract.ITestOzoneContractCreate" time="5.571">
    <error message="Unexpected Storage Container Exception: org.apache.hadoop.hdds.scm.container.common.helpers.StorageContainerException: ContainerID 2 does not exist" type="java.io.IOException">java.io.IOException: Unexpected Storage Container Exception: org.apache.hadoop.hdds.scm.container.common.helpers.StorageContainerException: ContainerID 2 does not exist
	at org.apache.hadoop.hdds.scm.storage.BlockOutputStream.setIoException(BlockOutputStream.java:549)
	at org.apache.hadoop.hdds.scm.storage.BlockOutputStream.validateResponse(BlockOutputStream.java:540)
	at org.apache.hadoop.hdds.scm.storage.BlockOutputStream.lambda$writeChunkToContainer$2(BlockOutputStream.java:615)
	at java.util.concurrent.CompletableFuture.uniApply(CompletableFuture.java:602)
	at java.util.concurrent.CompletableFuture$UniApply.tryFire(CompletableFuture.java:577)
	at java.util.concurrent.CompletableFuture$Completion.run(CompletableFuture.java:442)
	at java.util.concurrent.ThreadPoolExecutor.runWorker(ThreadPoolExecutor.java:1149)
	at java.util.concurrent.ThreadPoolExecutor$Worker.run(ThreadPoolExecutor.java:624)
	at java.lang.Thread.run(Thread.java:748)
Caused by: org.apache.hadoop.hdds.scm.container.common.helpers.StorageContainerException: ContainerID 2 does not exist
	at org.apache.hadoop.hdds.scm.storage.ContainerProtocolCalls.validateContainerResponse(ContainerProtocolCalls.java:536)
	at org.apache.hadoop.hdds.scm.storage.BlockOutputStream.validateResponse(BlockOutputStream.java:537)
	... 7 more
</error>
    <system-out><![CDATA[2019-07-14 16:53:32,970 [JUnit] WARN  server.ServerUtils (ServerUtils.java:getScmDbDir(145)) - ozone.scm.db.dirs is not configured. We recommend adding this setting. Falling back to ozone.metadata.dirs instead.
2019-07-14 16:53:33,075 [JUnit] WARN  server.ServerUtils (ServerUtils.java:getScmDbDir(145)) - ozone.scm.db.dirs is not configured. We recommend adding this setting. Falling back to ozone.metadata.dirs instead.
2019-07-14 16:53:33,078 [JUnit] WARN  server.ServerUtils (ServerUtils.java:getScmDbDir(145)) - ozone.scm.db.dirs is not configured. We recommend adding this setting. Falling back to ozone.metadata.dirs instead.
2019-07-14 16:53:33,095 [JUnit] INFO  util.log (Log.java:initialized(192)) - Logging initialized @914ms
2019-07-14 16:53:33,197 [JUnit] INFO  db.DBStoreBuilder (DBStoreBuilder.java:addTable(110)) - using custom profile for table: deletedBlocks
2019-07-14 16:53:33,198 [JUnit] INFO  db.DBStoreBuilder (DBStoreBuilder.java:processTables(161)) - Using default column profile:DBProfile.DISK for Table:deletedBlocks
2019-07-14 16:53:33,198 [JUnit] INFO  db.DBStoreBuilder (DBStoreBuilder.java:addTable(110)) - using custom profile for table: validCerts
2019-07-14 16:53:33,198 [JUnit] INFO  db.DBStoreBuilder (DBStoreBuilder.java:processTables(161)) - Using default column profile:DBProfile.DISK for Table:validCerts
2019-07-14 16:53:33,199 [JUnit] INFO  db.DBStoreBuilder (DBStoreBuilder.java:addTable(110)) - using custom profile for table: revokedCerts
2019-07-14 16:53:33,199 [JUnit] INFO  db.DBStoreBuilder (DBStoreBuilder.java:processTables(161)) - Using default column profile:DBProfile.DISK for Table:revokedCerts
2019-07-14 16:53:33,211 [JUnit] INFO  db.DBStoreBuilder (DBStoreBuilder.java:addTable(110)) - using custom profile for table: default
2019-07-14 16:53:33,211 [JUnit] INFO  db.DBStoreBuilder (DBStoreBuilder.java:processTables(167)) - Using default column profile:DBProfile.DISK for Table:default
2019-07-14 16:53:33,213 [JUnit] INFO  db.DBStoreBuilder (DBStoreBuilder.java:getDbProfile(198)) - Using default options. DBProfile.DISK
2019-07-14 16:53:33,413 [JUnit] INFO  net.NodeSchemaLoader (NodeSchemaLoader.java:loadSchemaFromFile(125)) - Loading file from sun.misc.CompoundEnumeration@2e005c4b
2019-07-14 16:53:33,416 [JUnit] INFO  net.NodeSchemaLoader (NodeSchemaLoader.java:loadSchema(171)) - Loading network topology layer schema file
2019-07-14 16:53:33,493 [JUnit] WARN  server.ServerUtils (ServerUtils.java:sanitizeUserArgs(70)) - ozone.scm.stale.node.interval value = 300000 is larger than max = 100000 based on the key value of ozone.scm.heartbeat.thread.interval, reset to the max value 100000.
2019-07-14 16:53:33,495 [JUnit] WARN  server.ServerUtils (ServerUtils.java:sanitizeUserArgs(70)) - ozone.scm.stale.node.interval value = 300000 is larger than max = 100000 based on the key value of ozone.scm.heartbeat.thread.interval, reset to the max value 100000.
2019-07-14 16:53:33,497 [JUnit] INFO  node.SCMNodeManager (SCMNodeManager.java:<init>(119)) - Entering startup safe mode.
2019-07-14 16:53:33,645 [JUnit] WARN  server.ServerUtils (ServerUtils.java:getScmDbDir(145)) - ozone.scm.db.dirs is not configured. We recommend adding this setting. Falling back to ozone.metadata.dirs instead.
2019-07-14 16:53:33,729 [JUnit] INFO  pipeline.SCMPipelineManager (SCMPipelineManager.java:initializePipelineState(126)) - No pipeline exists in current db
2019-07-14 16:53:33,732 [JUnit] WARN  server.ServerUtils (ServerUtils.java:getScmDbDir(145)) - ozone.scm.db.dirs is not configured. We recommend adding this setting. Falling back to ozone.metadata.dirs instead.
2019-07-14 16:53:33,845 [JUnit] WARN  events.EventQueue (EventQueue.java:fireEvent(175)) - No event handler registered for event TypedEvent{payloadType=SafeModeStatus, name='SafeModeStatus'}
2019-07-14 16:53:34,212 [JUnit] INFO  ipc.CallQueueManager (CallQueueManager.java:<init>(84)) - Using callQueue: class java.util.concurrent.LinkedBlockingQueue, queueCapacity: 2000, scheduler: class org.apache.hadoop.ipc.DefaultRpcScheduler, ipcBackoff: false.
2019-07-14 16:53:34,239 [Socket Reader #1 for port 43824] INFO  ipc.Server (Server.java:run(1074)) - Starting Socket Reader #1 for port 43824
2019-07-14 16:53:34,383 [JUnit] INFO  ipc.CallQueueManager (CallQueueManager.java:<init>(84)) - Using callQueue: class java.util.concurrent.LinkedBlockingQueue, queueCapacity: 2000, scheduler: class org.apache.hadoop.ipc.DefaultRpcScheduler, ipcBackoff: false.
2019-07-14 16:53:34,385 [Socket Reader #1 for port 33313] INFO  ipc.Server (Server.java:run(1074)) - Starting Socket Reader #1 for port 33313
2019-07-14 16:53:34,400 [JUnit] INFO  ipc.CallQueueManager (CallQueueManager.java:<init>(84)) - Using callQueue: class java.util.concurrent.LinkedBlockingQueue, queueCapacity: 2000, scheduler: class org.apache.hadoop.ipc.DefaultRpcScheduler, ipcBackoff: false.
2019-07-14 16:53:34,401 [Socket Reader #1 for port 36503] INFO  ipc.Server (Server.java:run(1074)) - Starting Socket Reader #1 for port 36503
2019-07-14 16:53:34,433 [JUnit] INFO  hdfs.DFSUtil (DFSUtil.java:httpServerTemplateForNNAndJN(1641)) - Starting Web-server for scm at: http://0.0.0.0:0
2019-07-14 16:53:34,554 [JUnit] INFO  server.AuthenticationFilter (AuthenticationFilter.java:constructSecretProvider(240)) - Unable to initialize FileSignerSecretProvider, falling back to use random secrets.
2019-07-14 16:53:34,567 [JUnit] WARN  http.HttpRequestLog (HttpRequestLog.java:getRequestLog(97)) - Jetty request log can only be enabled using Log4j
2019-07-14 16:53:34,577 [JUnit] INFO  http.HttpServer2 (HttpServer2.java:addGlobalFilter(975)) - Added global filter 'safety' (class=org.apache.hadoop.http.HttpServer2$QuotingInputFilter)
2019-07-14 16:53:34,579 [JUnit] INFO  http.HttpServer2 (HttpServer2.java:addFilter(948)) - Added filter static_user_filter (class=org.apache.hadoop.http.lib.StaticUserWebFilter$StaticUserFilter) to context scm
2019-07-14 16:53:34,580 [JUnit] INFO  http.HttpServer2 (HttpServer2.java:addFilter(958)) - Added filter static_user_filter (class=org.apache.hadoop.http.lib.StaticUserWebFilter$StaticUserFilter) to context logs
2019-07-14 16:53:34,580 [JUnit] INFO  http.HttpServer2 (HttpServer2.java:addFilter(958)) - Added filter static_user_filter (class=org.apache.hadoop.http.lib.StaticUserWebFilter$StaticUserFilter) to context static
2019-07-14 16:53:34,603 [JUnit] INFO  server.StorageContainerManager (StorageContainerManager.java:start(761)) - StorageContainerLocationProtocol RPC server is listening at /0.0.0.0:36503
2019-07-14 16:53:34,649 [JUnit] WARN  impl.MetricsConfig (MetricsConfig.java:loadFirst(134)) - Cannot locate configuration: tried hadoop-metrics2-storagecontainermanager.properties,hadoop-metrics2.properties
2019-07-14 16:53:34,661 [JUnit] INFO  impl.MetricsSystemImpl (MetricsSystemImpl.java:startTimer(374)) - Scheduled Metric snapshot period at 10 second(s).
2019-07-14 16:53:34,661 [JUnit] INFO  impl.MetricsSystemImpl (MetricsSystemImpl.java:start(191)) - StorageContainerManager metrics system started
2019-07-14 16:53:34,881 [JUnit] INFO  server.SCMClientProtocolServer (SCMClientProtocolServer.java:start(149)) - RPC server for Client  is listening at /0.0.0.0:36503
2019-07-14 16:53:34,882 [IPC Server listener on 36503] INFO  ipc.Server (Server.java:run(1153)) - IPC Server listener on 36503: starting
2019-07-14 16:53:34,882 [IPC Server Responder] INFO  ipc.Server (Server.java:run(1314)) - IPC Server Responder: starting
2019-07-14 16:53:34,888 [JUnit] INFO  server.StorageContainerManager (StorageContainerManager.java:start(771)) - ScmBlockLocationProtocol RPC server is listening at /0.0.0.0:33313
2019-07-14 16:53:34,888 [JUnit] INFO  server.SCMBlockProtocolServer (SCMBlockProtocolServer.java:start(140)) - RPC server for Block Protocol is listening at /0.0.0.0:33313
2019-07-14 16:53:34,889 [IPC Server Responder] INFO  ipc.Server (Server.java:run(1314)) - IPC Server Responder: starting
2019-07-14 16:53:34,889 [IPC Server listener on 33313] INFO  ipc.Server (Server.java:run(1153)) - IPC Server listener on 33313: starting
2019-07-14 16:53:34,896 [JUnit] INFO  server.StorageContainerManager (StorageContainerManager.java:start(775)) - ScmDatanodeProtocl RPC server is listening at /0.0.0.0:43824
2019-07-14 16:53:34,896 [JUnit] INFO  server.SCMDatanodeProtocolServer (SCMDatanodeProtocolServer.java:start(191)) - RPC server for DataNodes is listening at /0.0.0.0:43824
2019-07-14 16:53:34,897 [IPC Server Responder] INFO  ipc.Server (Server.java:run(1314)) - IPC Server Responder: starting
2019-07-14 16:53:34,898 [IPC Server listener on 43824] INFO  ipc.Server (Server.java:run(1153)) - IPC Server listener on 43824: starting
2019-07-14 16:53:34,914 [JUnit] INFO  http.HttpServer2 (HttpServer2.java:bindListener(1191)) - Jetty bound to port 44641
2019-07-14 16:53:34,917 [JUnit] INFO  server.Server (Server.java:doStart(351)) - jetty-9.3.24.v20180605, build timestamp: 2018-06-05T17:11:56Z, git hash: 84205aa28f11a4f31f2a3b86d1bba2cc8ab69827
2019-07-14 16:53:34,968 [JUnit] INFO  handler.ContextHandler (ContextHandler.java:doStart(781)) - Started o.e.j.s.ServletContextHandler@65045a87{/logs,file:///workdir/hadoop-ozone/ozonefs/target/log,AVAILABLE}
2019-07-14 16:53:34,969 [JUnit] INFO  handler.ContextHandler (ContextHandler.java:doStart(781)) - Started o.e.j.s.ServletContextHandler@fc258b1{/static,jar:file:/home/user/.m2/repository/org/apache/hadoop/hadoop-hdds-server-scm/0.5.0-SNAPSHOT/hadoop-hdds-server-scm-0.5.0-SNAPSHOT.jar!/webapps/static,AVAILABLE}
2019-07-14 16:53:35,055 [JUnit] INFO  handler.ContextHandler (ContextHandler.java:doStart(781)) - Started o.e.j.w.WebAppContext@43ed0ff3{/,file:///tmp/jetty-0.0.0.0-44641-scm-_-any-6329869886526949761.dir/webapp/,AVAILABLE}{/scm}
2019-07-14 16:53:35,059 [JUnit] INFO  server.AbstractConnector (AbstractConnector.java:doStart(278)) - Started ServerConnector@9f46d94{HTTP/1.1,[http/1.1]}{0.0.0.0:44641}
2019-07-14 16:53:35,059 [JUnit] INFO  server.Server (Server.java:doStart(419)) - Started @2879ms
2019-07-14 16:53:35,061 [JUnit] INFO  server.BaseHttpServer (BaseHttpServer.java:updateConnectorAddress(207)) - HTTP server of SCM is listening at http://0.0.0.0:44641
2019-07-14 16:53:35,070 [org.apache.hadoop.util.JvmPauseMonitor$Monitor@3591009c] INFO  util.JvmPauseMonitor (JvmPauseMonitor.java:run(188)) - Starting JVM pause monitor
2019-07-14 16:53:35,074 [JUnit] WARN  server.ServerUtils (ServerUtils.java:getDBPath(222)) - ozone.om.db.dirs is not configured. We recommend adding this setting. Falling back to ozone.metadata.dirs instead.
2019-07-14 16:53:35,200 [JUnit] WARN  server.ServerUtils (ServerUtils.java:getDBPath(222)) - ozone.om.db.dirs is not configured. We recommend adding this setting. Falling back to ozone.metadata.dirs instead.
2019-07-14 16:53:35,201 [JUnit] INFO  om.OzoneManager (OzoneManager.java:setOMNodeDetails(632)) - OM Service ID is not set. Setting it to the default ID: omServiceIdDefault
2019-07-14 16:53:35,202 [JUnit] INFO  om.OzoneManager (OzoneManager.java:setOMNodeDetails(638)) - OM Node ID is not set. Setting it to the OmStorage's OmID: 9a5d7324-6876-4c81-be4d-1e66ba4ed001
2019-07-14 16:53:35,203 [JUnit] INFO  om.OzoneManager (OzoneManager.java:loadOMHAConfigs(589)) - Found matching OM address with OMServiceId: null, OMNodeId: null, RPC Address: localhost:0 and Ratis port: 9872
2019-07-14 16:53:35,468 [JUnit] WARN  server.ServerUtils (ServerUtils.java:getDBPath(222)) - ozone.om.db.dirs is not configured. We recommend adding this setting. Falling back to ozone.metadata.dirs instead.
2019-07-14 16:53:35,483 [JUnit] INFO  db.DBStoreBuilder (DBStoreBuilder.java:addTable(110)) - using custom profile for table: userTable
2019-07-14 16:53:35,483 [JUnit] INFO  db.DBStoreBuilder (DBStoreBuilder.java:processTables(161)) - Using default column profile:DBProfile.DISK for Table:userTable
2019-07-14 16:53:35,484 [JUnit] INFO  db.DBStoreBuilder (DBStoreBuilder.java:addTable(110)) - using custom profile for table: volumeTable
2019-07-14 16:53:35,484 [JUnit] INFO  db.DBStoreBuilder (DBStoreBuilder.java:processTables(161)) - Using default column profile:DBProfile.DISK for Table:volumeTable
2019-07-14 16:53:35,485 [JUnit] INFO  db.DBStoreBuilder (DBStoreBuilder.java:addTable(110)) - using custom profile for table: bucketTable
2019-07-14 16:53:35,485 [JUnit] INFO  db.DBStoreBuilder (DBStoreBuilder.java:processTables(161)) - Using default column profile:DBProfile.DISK for Table:bucketTable
2019-07-14 16:53:35,485 [JUnit] INFO  db.DBStoreBuilder (DBStoreBuilder.java:addTable(110)) - using custom profile for table: keyTable
2019-07-14 16:53:35,486 [JUnit] INFO  db.DBStoreBuilder (DBStoreBuilder.java:processTables(161)) - Using default column profile:DBProfile.DISK for Table:keyTable
2019-07-14 16:53:35,486 [JUnit] INFO  db.DBStoreBuilder (DBStoreBuilder.java:addTable(110)) - using custom profile for table: deletedTable
2019-07-14 16:53:35,486 [JUnit] INFO  db.DBStoreBuilder (DBStoreBuilder.java:processTables(161)) - Using default column profile:DBProfile.DISK for Table:deletedTable
2019-07-14 16:53:35,487 [JUnit] INFO  db.DBStoreBuilder (DBStoreBuilder.java:addTable(110)) - using custom profile for table: openKeyTable
2019-07-14 16:53:35,487 [JUnit] INFO  db.DBStoreBuilder (DBStoreBuilder.java:processTables(161)) - Using default column profile:DBProfile.DISK for Table:openKeyTable
2019-07-14 16:53:35,488 [JUnit] INFO  db.DBStoreBuilder (DBStoreBuilder.java:addTable(110)) - using custom profile for table: s3Table
2019-07-14 16:53:35,488 [JUnit] INFO  db.DBStoreBuilder (DBStoreBuilder.java:processTables(161)) - Using default column profile:DBProfile.DISK for Table:s3Table
2019-07-14 16:53:35,489 [JUnit] INFO  db.DBStoreBuilder (DBStoreBuilder.java:addTable(110)) - using custom profile for table: multipartInfoTable
2019-07-14 16:53:35,489 [JUnit] INFO  db.DBStoreBuilder (DBStoreBuilder.java:processTables(161)) - Using default column profile:DBProfile.DISK for Table:multipartInfoTable
2019-07-14 16:53:35,489 [JUnit] INFO  db.DBStoreBuilder (DBStoreBuilder.java:addTable(110)) - using custom profile for table: dTokenTable
2019-07-14 16:53:35,490 [JUnit] INFO  db.DBStoreBuilder (DBStoreBuilder.java:processTables(161)) - Using default column profile:DBProfile.DISK for Table:dTokenTable
2019-07-14 16:53:35,490 [JUnit] INFO  db.DBStoreBuilder (DBStoreBuilder.java:addTable(110)) - using custom profile for table: s3SecretTable
2019-07-14 16:53:35,490 [JUnit] INFO  db.DBStoreBuilder (DBStoreBuilder.java:processTables(161)) - Using default column profile:DBProfile.DISK for Table:s3SecretTable
2019-07-14 16:53:35,491 [JUnit] INFO  db.DBStoreBuilder (DBStoreBuilder.java:addTable(110)) - using custom profile for table: prefixTable
2019-07-14 16:53:35,491 [JUnit] INFO  db.DBStoreBuilder (DBStoreBuilder.java:processTables(161)) - Using default column profile:DBProfile.DISK for Table:prefixTable
2019-07-14 16:53:35,492 [JUnit] INFO  db.DBStoreBuilder (DBStoreBuilder.java:addTable(110)) - using custom profile for table: default
2019-07-14 16:53:35,492 [JUnit] INFO  db.DBStoreBuilder (DBStoreBuilder.java:processTables(167)) - Using default column profile:DBProfile.DISK for Table:default
2019-07-14 16:53:35,492 [JUnit] INFO  db.DBStoreBuilder (DBStoreBuilder.java:getDbProfile(198)) - Using default options. DBProfile.DISK
2019-07-14 16:53:36,542 [JUnit] INFO  ipc.CallQueueManager (CallQueueManager.java:<init>(84)) - Using callQueue: class java.util.concurrent.LinkedBlockingQueue, queueCapacity: 2000, scheduler: class org.apache.hadoop.ipc.DefaultRpcScheduler, ipcBackoff: false.
2019-07-14 16:53:36,545 [Socket Reader #1 for port 38223] INFO  ipc.Server (Server.java:run(1074)) - Starting Socket Reader #1 for port 38223
2019-07-14 16:53:36,598 [JUnit] WARN  server.ServerUtils (ServerUtils.java:getDBPath(222)) - ozone.om.db.dirs is not configured. We recommend adding this setting. Falling back to ozone.metadata.dirs instead.
2019-07-14 16:53:36,599 [JUnit] INFO  om.OzoneManager (OzoneManager.java:start(1230)) - OzoneManager RPC server is listening at localhost/127.0.0.1:38223
2019-07-14 16:53:36,599 [JUnit] INFO  impl.MetricsSystemImpl (MetricsSystemImpl.java:init(158)) - OzoneManager metrics system started (again)
2019-07-14 16:53:36,604 [IPC Server Responder] INFO  ipc.Server (Server.java:run(1314)) - IPC Server Responder: starting
2019-07-14 16:53:36,606 [IPC Server listener on 38223] INFO  ipc.Server (Server.java:run(1153)) - IPC Server listener on 38223: starting
2019-07-14 16:53:36,623 [JUnit] INFO  hdfs.DFSUtil (DFSUtil.java:httpServerTemplateForNNAndJN(1641)) - Starting Web-server for ozoneManager at: http://0.0.0.0:0
2019-07-14 16:53:36,628 [JUnit] INFO  server.AuthenticationFilter (AuthenticationFilter.java:constructSecretProvider(240)) - Unable to initialize FileSignerSecretProvider, falling back to use random secrets.
2019-07-14 16:53:36,630 [JUnit] WARN  http.HttpRequestLog (HttpRequestLog.java:getRequestLog(97)) - Jetty request log can only be enabled using Log4j
2019-07-14 16:53:36,634 [JUnit] INFO  http.HttpServer2 (HttpServer2.java:addGlobalFilter(975)) - Added global filter 'safety' (class=org.apache.hadoop.http.HttpServer2$QuotingInputFilter)
2019-07-14 16:53:36,637 [JUnit] INFO  http.HttpServer2 (HttpServer2.java:addFilter(948)) - Added filter static_user_filter (class=org.apache.hadoop.http.lib.StaticUserWebFilter$StaticUserFilter) to context ozoneManager
2019-07-14 16:53:36,637 [JUnit] INFO  http.HttpServer2 (HttpServer2.java:addFilter(958)) - Added filter static_user_filter (class=org.apache.hadoop.http.lib.StaticUserWebFilter$StaticUserFilter) to context logs
2019-07-14 16:53:36,637 [JUnit] INFO  http.HttpServer2 (HttpServer2.java:addFilter(958)) - Added filter static_user_filter (class=org.apache.hadoop.http.lib.StaticUserWebFilter$StaticUserFilter) to context static
2019-07-14 16:53:36,641 [JUnit] INFO  http.HttpServer2 (HttpServer2.java:bindListener(1191)) - Jetty bound to port 42306
2019-07-14 16:53:36,641 [JUnit] INFO  server.Server (Server.java:doStart(351)) - jetty-9.3.24.v20180605, build timestamp: 2018-06-05T17:11:56Z, git hash: 84205aa28f11a4f31f2a3b86d1bba2cc8ab69827
2019-07-14 16:53:36,644 [JUnit] INFO  handler.ContextHandler (ContextHandler.java:doStart(781)) - Started o.e.j.s.ServletContextHandler@b558294{/logs,file:///workdir/hadoop-ozone/ozonefs/target/log,AVAILABLE}
2019-07-14 16:53:36,646 [JUnit] INFO  handler.ContextHandler (ContextHandler.java:doStart(781)) - Started o.e.j.s.ServletContextHandler@777c350f{/static,jar:file:/home/user/.m2/repository/org/apache/hadoop/hadoop-ozone-ozone-manager/0.5.0-SNAPSHOT/hadoop-ozone-ozone-manager-0.5.0-SNAPSHOT.jar!/webapps/static,AVAILABLE}
2019-07-14 16:53:36,714 [JUnit] INFO  handler.ContextHandler (ContextHandler.java:doStart(781)) - Started o.e.j.w.WebAppContext@30b2b76f{/,file:///tmp/jetty-0.0.0.0-42306-ozoneManager-_-any-1171907517673353560.dir/webapp/,AVAILABLE}{/ozoneManager}
2019-07-14 16:53:36,716 [JUnit] INFO  server.AbstractConnector (AbstractConnector.java:doStart(278)) - Started ServerConnector@56da52a7{HTTP/1.1,[http/1.1]}{0.0.0.0:42306}
2019-07-14 16:53:36,717 [JUnit] INFO  server.Server (Server.java:doStart(419)) - Started @4537ms
2019-07-14 16:53:36,720 [JUnit] INFO  server.BaseHttpServer (BaseHttpServer.java:updateConnectorAddress(207)) - HTTP server of OZONEMANAGER is listening at http://0.0.0.0:42306
2019-07-14 16:53:37,100 [JUnit] INFO  impl.MetricsSystemImpl (MetricsSystemImpl.java:init(158)) - HddsDatanode metrics system started (again)
2019-07-14 16:53:37,181 [JUnit] INFO  ozone.HddsDatanodeService (HddsDatanodeService.java:start(185)) - HddsDatanodeService host:pr-hdds-1710-5x6jb-1204890111 ip:192.168.69.77
2019-07-14 16:53:37,216 [JUnit] INFO  volume.HddsVolume (HddsVolume.java:<init>(176)) - Creating Volume: /workdir/hadoop-ozone/ozonefs/target/test-dir/MiniOzoneClusterImpl-6ee4de2d-eb38-45ee-bdf0-432cd2be9bed/datanode-0/data/containers/hdds of  storage type : DISK and capacity : 52710309888
2019-07-14 16:53:37,218 [JUnit] INFO  volume.VolumeSet (VolumeSet.java:initializeVolumeSet(170)) - Added Volume : /workdir/hadoop-ozone/ozonefs/target/test-dir/MiniOzoneClusterImpl-6ee4de2d-eb38-45ee-bdf0-432cd2be9bed/datanode-0/data/containers/hdds to VolumeSet
2019-07-14 16:53:37,221 [JUnit] INFO  volume.ThrottledAsyncChecker (ThrottledAsyncChecker.java:schedule(140)) - Scheduling a check for org.apache.hadoop.ozone.container.common.volume.HddsVolume@11a00961
2019-07-14 16:53:37,239 [JUnit] INFO  volume.HddsVolumeChecker (HddsVolumeChecker.java:checkAllVolumes(203)) - Scheduled health check for volume org.apache.hadoop.ozone.container.common.volume.HddsVolume@11a00961
2019-07-14 16:53:37,398 [JUnit] INFO  impl.RaftServerProxy (ConfUtils.java:logGet(43)) - raft.rpc.type = GRPC (default)
2019-07-14 16:53:37,469 [JUnit] INFO  grpc.GrpcFactory (GrpcFactory.java:checkPooledByteBufAllocatorUseCacheForAllThreads(45)) - PERFORMANCE WARNING: useCacheForAllThreads is true that may cause Netty to create a lot garbage objects and, as a result, trigger GC.
	It is recommended to disable useCacheForAllThreads by setting -Dorg.apache.ratis.thirdparty.io.netty.allocator.useCacheForAllThreads=false in command line.
2019-07-14 16:53:37,474 [JUnit] INFO  grpc.GrpcConfigKeys$Server (ConfUtils.java:logGet(43)) - raft.grpc.server.port = 0 (default)
2019-07-14 16:53:37,475 [JUnit] INFO  server.GrpcService (ConfUtils.java:logGet(43)) - raft.grpc.message.size.max = 33570816 (custom)
2019-07-14 16:53:37,476 [JUnit] INFO  server.RaftServerConfigKeys (ConfUtils.java:logGet(43)) - raft.server.log.appender.buffer.byte-limit = 33554432 (custom)
2019-07-14 16:53:37,477 [JUnit] INFO  server.GrpcService (ConfUtils.java:logGet(43)) - raft.grpc.flow.control.window = 1MB (=1048576) (default)
2019-07-14 16:53:37,478 [JUnit] INFO  server.RaftServerConfigKeys (ConfUtils.java:logGet(43)) - raft.server.rpc.request.timeout = 3000ms (default)
2019-07-14 16:53:37,660 [JUnit] INFO  server.RaftServerConfigKeys (ConfUtils.java:logGet(43)) - raft.server.storage.dir = [/workdir/hadoop-ozone/ozonefs/target/test-dir/MiniOzoneClusterImpl-6ee4de2d-eb38-45ee-bdf0-432cd2be9bed/datanode-0/data/ratis] (custom)
2019-07-14 16:53:37,701 [JUnit] INFO  replication.SimpleContainerDownloader (SimpleContainerDownloader.java:<init>(72)) - Starting container downloader service to copy containers to replicate.
2019-07-14 16:53:37,717 [JUnit] INFO  hdfs.DFSUtil (DFSUtil.java:httpServerTemplateForNNAndJN(1641)) - Starting Web-server for hddsDatanode at: http://0.0.0.0:0
2019-07-14 16:53:37,719 [JUnit] INFO  server.AuthenticationFilter (AuthenticationFilter.java:constructSecretProvider(240)) - Unable to initialize FileSignerSecretProvider, falling back to use random secrets.
2019-07-14 16:53:37,720 [JUnit] WARN  http.HttpRequestLog (HttpRequestLog.java:getRequestLog(97)) - Jetty request log can only be enabled using Log4j
2019-07-14 16:53:37,722 [JUnit] INFO  http.HttpServer2 (HttpServer2.java:addGlobalFilter(975)) - Added global filter 'safety' (class=org.apache.hadoop.http.HttpServer2$QuotingInputFilter)
2019-07-14 16:53:37,722 [JUnit] INFO  http.HttpServer2 (HttpServer2.java:addFilter(948)) - Added filter static_user_filter (class=org.apache.hadoop.http.lib.StaticUserWebFilter$StaticUserFilter) to context hddsDatanode
2019-07-14 16:53:37,723 [JUnit] INFO  http.HttpServer2 (HttpServer2.java:addFilter(958)) - Added filter static_user_filter (class=org.apache.hadoop.http.lib.StaticUserWebFilter$StaticUserFilter) to context logs
2019-07-14 16:53:37,723 [JUnit] INFO  http.HttpServer2 (HttpServer2.java:addFilter(958)) - Added filter static_user_filter (class=org.apache.hadoop.http.lib.StaticUserWebFilter$StaticUserFilter) to context static
2019-07-14 16:53:37,724 [JUnit] INFO  http.HttpServer2 (HttpServer2.java:bindListener(1191)) - Jetty bound to port 35388
2019-07-14 16:53:37,724 [JUnit] INFO  server.Server (Server.java:doStart(351)) - jetty-9.3.24.v20180605, build timestamp: 2018-06-05T17:11:56Z, git hash: 84205aa28f11a4f31f2a3b86d1bba2cc8ab69827
2019-07-14 16:53:37,726 [JUnit] INFO  handler.ContextHandler (ContextHandler.java:doStart(781)) - Started o.e.j.s.ServletContextHandler@75ae4a1f{/logs,file:///workdir/hadoop-ozone/ozonefs/target/log,AVAILABLE}
2019-07-14 16:53:37,726 [JUnit] INFO  handler.ContextHandler (ContextHandler.java:doStart(781)) - Started o.e.j.s.ServletContextHandler@63c12e52{/static,jar:file:/home/user/.m2/repository/org/apache/hadoop/hadoop-hdds-container-service/0.5.0-SNAPSHOT/hadoop-hdds-container-service-0.5.0-SNAPSHOT.jar!/webapps/static,AVAILABLE}
2019-07-14 16:53:37,760 [JUnit] INFO  handler.ContextHandler (ContextHandler.java:doStart(781)) - Started o.e.j.w.WebAppContext@2eae4349{/,file:///tmp/jetty-0.0.0.0-35388-hddsDatanode-_-any-4444236407506586924.dir/webapp/,AVAILABLE}{/hddsDatanode}
2019-07-14 16:53:37,762 [JUnit] INFO  server.AbstractConnector (AbstractConnector.java:doStart(278)) - Started ServerConnector@e84fb85{HTTP/1.1,[http/1.1]}{0.0.0.0:35388}
2019-07-14 16:53:37,763 [JUnit] INFO  server.Server (Server.java:doStart(419)) - Started @5583ms
2019-07-14 16:53:37,764 [JUnit] INFO  server.BaseHttpServer (BaseHttpServer.java:updateConnectorAddress(207)) - HTTP server of HDDSDATANODE is listening at http://0.0.0.0:35388
2019-07-14 16:53:38,843 [JUnit] INFO  ozone.HddsDatanodeService (HddsDatanodeService.java:startPlugins(396)) - Started plug-in org.apache.hadoop.ozone.web.OzoneHddsDatanodeService@1283ca23
2019-07-14 16:53:38,844 [JUnit] INFO  impl.MetricsSystemImpl (MetricsSystemImpl.java:init(158)) - HddsDatanode metrics system started (again)
2019-07-14 16:53:38,847 [JUnit] INFO  ozone.HddsDatanodeService (HddsDatanodeService.java:start(185)) - HddsDatanodeService host:pr-hdds-1710-5x6jb-1204890111 ip:192.168.69.77
2019-07-14 16:53:38,851 [org.apache.hadoop.util.JvmPauseMonitor$Monitor@3e509a46] INFO  util.JvmPauseMonitor (JvmPauseMonitor.java:run(188)) - Starting JVM pause monitor
2019-07-14 16:53:38,858 [JUnit] INFO  volume.HddsVolume (HddsVolume.java:<init>(176)) - Creating Volume: /workdir/hadoop-ozone/ozonefs/target/test-dir/MiniOzoneClusterImpl-6ee4de2d-eb38-45ee-bdf0-432cd2be9bed/datanode-1/data/containers/hdds of  storage type : DISK and capacity : 52710309888
2019-07-14 16:53:38,858 [JUnit] INFO  volume.VolumeSet (VolumeSet.java:initializeVolumeSet(170)) - Added Volume : /workdir/hadoop-ozone/ozonefs/target/test-dir/MiniOzoneClusterImpl-6ee4de2d-eb38-45ee-bdf0-432cd2be9bed/datanode-1/data/containers/hdds to VolumeSet
2019-07-14 16:53:38,858 [JUnit] INFO  volume.ThrottledAsyncChecker (ThrottledAsyncChecker.java:schedule(140)) - Scheduling a check for org.apache.hadoop.ozone.container.common.volume.HddsVolume@2443abd6
2019-07-14 16:53:38,859 [JUnit] INFO  volume.HddsVolumeChecker (HddsVolumeChecker.java:checkAllVolumes(203)) - Scheduled health check for volume org.apache.hadoop.ozone.container.common.volume.HddsVolume@2443abd6
2019-07-14 16:53:38,881 [JUnit] INFO  impl.RaftServerProxy (ConfUtils.java:logGet(43)) - raft.rpc.type = GRPC (default)
2019-07-14 16:53:38,881 [JUnit] INFO  grpc.GrpcFactory (GrpcFactory.java:checkPooledByteBufAllocatorUseCacheForAllThreads(45)) - PERFORMANCE WARNING: useCacheForAllThreads is true that may cause Netty to create a lot garbage objects and, as a result, trigger GC.
	It is recommended to disable useCacheForAllThreads by setting -Dorg.apache.ratis.thirdparty.io.netty.allocator.useCacheForAllThreads=false in command line.
2019-07-14 16:53:38,881 [JUnit] INFO  grpc.GrpcConfigKeys$Server (ConfUtils.java:logGet(43)) - raft.grpc.server.port = 0 (default)
2019-07-14 16:53:38,882 [JUnit] INFO  server.GrpcService (ConfUtils.java:logGet(43)) - raft.grpc.message.size.max = 33570816 (custom)
2019-07-14 16:53:38,882 [JUnit] INFO  server.RaftServerConfigKeys (ConfUtils.java:logGet(43)) - raft.server.log.appender.buffer.byte-limit = 33554432 (custom)
2019-07-14 16:53:38,882 [JUnit] INFO  server.GrpcService (ConfUtils.java:logGet(43)) - raft.grpc.flow.control.window = 1MB (=1048576) (default)
2019-07-14 16:53:38,882 [JUnit] INFO  server.RaftServerConfigKeys (ConfUtils.java:logGet(43)) - raft.server.rpc.request.timeout = 3000ms (default)
2019-07-14 16:53:38,883 [JUnit] INFO  server.RaftServerConfigKeys (ConfUtils.java:logGet(43)) - raft.server.storage.dir = [/workdir/hadoop-ozone/ozonefs/target/test-dir/MiniOzoneClusterImpl-6ee4de2d-eb38-45ee-bdf0-432cd2be9bed/datanode-1/data/ratis] (custom)
2019-07-14 16:53:38,883 [JUnit] INFO  replication.SimpleContainerDownloader (SimpleContainerDownloader.java:<init>(72)) - Starting container downloader service to copy containers to replicate.
2019-07-14 16:53:38,885 [JUnit] INFO  hdfs.DFSUtil (DFSUtil.java:httpServerTemplateForNNAndJN(1641)) - Starting Web-server for hddsDatanode at: http://0.0.0.0:0
2019-07-14 16:53:38,887 [JUnit] INFO  server.AuthenticationFilter (AuthenticationFilter.java:constructSecretProvider(240)) - Unable to initialize FileSignerSecretProvider, falling back to use random secrets.
2019-07-14 16:53:38,890 [JUnit] WARN  http.HttpRequestLog (HttpRequestLog.java:getRequestLog(97)) - Jetty request log can only be enabled using Log4j
2019-07-14 16:53:38,893 [JUnit] INFO  http.HttpServer2 (HttpServer2.java:addGlobalFilter(975)) - Added global filter 'safety' (class=org.apache.hadoop.http.HttpServer2$QuotingInputFilter)
2019-07-14 16:53:38,895 [JUnit] INFO  http.HttpServer2 (HttpServer2.java:addFilter(948)) - Added filter static_user_filter (class=org.apache.hadoop.http.lib.StaticUserWebFilter$StaticUserFilter) to context hddsDatanode
2019-07-14 16:53:38,895 [JUnit] INFO  http.HttpServer2 (HttpServer2.java:addFilter(958)) - Added filter static_user_filter (class=org.apache.hadoop.http.lib.StaticUserWebFilter$StaticUserFilter) to context static
2019-07-14 16:53:38,895 [JUnit] INFO  http.HttpServer2 (HttpServer2.java:addFilter(958)) - Added filter static_user_filter (class=org.apache.hadoop.http.lib.StaticUserWebFilter$StaticUserFilter) to context logs
2019-07-14 16:53:38,896 [JUnit] INFO  http.HttpServer2 (HttpServer2.java:bindListener(1191)) - Jetty bound to port 40843
2019-07-14 16:53:38,897 [JUnit] INFO  server.Server (Server.java:doStart(351)) - jetty-9.3.24.v20180605, build timestamp: 2018-06-05T17:11:56Z, git hash: 84205aa28f11a4f31f2a3b86d1bba2cc8ab69827
2019-07-14 16:53:38,901 [JUnit] INFO  handler.ContextHandler (ContextHandler.java:doStart(781)) - Started o.e.j.s.ServletContextHandler@31acfd4e{/logs,file:///workdir/hadoop-ozone/ozonefs/target/log,AVAILABLE}
2019-07-14 16:53:38,901 [JUnit] INFO  handler.ContextHandler (ContextHandler.java:doStart(781)) - Started o.e.j.s.ServletContextHandler@4e80a001{/static,jar:file:/home/user/.m2/repository/org/apache/hadoop/hadoop-hdds-container-service/0.5.0-SNAPSHOT/hadoop-hdds-container-service-0.5.0-SNAPSHOT.jar!/webapps/static,AVAILABLE}
2019-07-14 16:53:38,943 [JUnit] INFO  handler.ContextHandler (ContextHandler.java:doStart(781)) - Started o.e.j.w.WebAppContext@1a2e0d57{/,file:///tmp/jetty-0.0.0.0-40843-hddsDatanode-_-any-3359710788169373769.dir/webapp/,AVAILABLE}{/hddsDatanode}
2019-07-14 16:53:38,943 [JUnit] INFO  server.AbstractConnector (AbstractConnector.java:doStart(278)) - Started ServerConnector@5f025000{HTTP/1.1,[http/1.1]}{0.0.0.0:40843}
2019-07-14 16:53:38,944 [JUnit] INFO  server.Server (Server.java:doStart(419)) - Started @6764ms
2019-07-14 16:53:38,945 [JUnit] INFO  server.BaseHttpServer (BaseHttpServer.java:updateConnectorAddress(207)) - HTTP server of HDDSDATANODE is listening at http://0.0.0.0:40843
2019-07-14 16:53:38,998 [Datanode State Machine Thread - 0] INFO  datanode.InitDatanodeState (InitDatanodeState.java:persistContainerDatanodeDetails(140)) - DatanodeDetails is persisted to /workdir/hadoop-ozone/ozonefs/target/test-dir/MiniOzoneClusterImpl-6ee4de2d-eb38-45ee-bdf0-432cd2be9bed/datanode-0/meta/datanode.id
2019-07-14 16:53:39,110 [JUnit] INFO  ozone.HddsDatanodeService (HddsDatanodeService.java:startPlugins(396)) - Started plug-in org.apache.hadoop.ozone.web.OzoneHddsDatanodeService@773c2214
2019-07-14 16:53:39,110 [JUnit] INFO  impl.MetricsSystemImpl (MetricsSystemImpl.java:init(158)) - HddsDatanode metrics system started (again)
2019-07-14 16:53:39,113 [JUnit] INFO  ozone.HddsDatanodeService (HddsDatanodeService.java:start(185)) - HddsDatanodeService host:pr-hdds-1710-5x6jb-1204890111 ip:192.168.69.77
2019-07-14 16:53:39,113 [org.apache.hadoop.util.JvmPauseMonitor$Monitor@e3881d1] INFO  util.JvmPauseMonitor (JvmPauseMonitor.java:run(188)) - Starting JVM pause monitor
2019-07-14 16:53:39,121 [JUnit] INFO  volume.HddsVolume (HddsVolume.java:<init>(176)) - Creating Volume: /workdir/hadoop-ozone/ozonefs/target/test-dir/MiniOzoneClusterImpl-6ee4de2d-eb38-45ee-bdf0-432cd2be9bed/datanode-2/data/containers/hdds of  storage type : DISK and capacity : 52710309888
2019-07-14 16:53:39,121 [JUnit] INFO  volume.VolumeSet (VolumeSet.java:initializeVolumeSet(170)) - Added Volume : /workdir/hadoop-ozone/ozonefs/target/test-dir/MiniOzoneClusterImpl-6ee4de2d-eb38-45ee-bdf0-432cd2be9bed/datanode-2/data/containers/hdds to VolumeSet
2019-07-14 16:53:39,122 [JUnit] INFO  volume.ThrottledAsyncChecker (ThrottledAsyncChecker.java:schedule(140)) - Scheduling a check for org.apache.hadoop.ozone.container.common.volume.HddsVolume@4776e209
2019-07-14 16:53:39,122 [Datanode State Machine Thread - 0] INFO  datanode.InitDatanodeState (InitDatanodeState.java:persistContainerDatanodeDetails(140)) - DatanodeDetails is persisted to /workdir/hadoop-ozone/ozonefs/target/test-dir/MiniOzoneClusterImpl-6ee4de2d-eb38-45ee-bdf0-432cd2be9bed/datanode-1/meta/datanode.id
2019-07-14 16:53:39,122 [JUnit] INFO  volume.HddsVolumeChecker (HddsVolumeChecker.java:checkAllVolumes(203)) - Scheduled health check for volume org.apache.hadoop.ozone.container.common.volume.HddsVolume@4776e209
2019-07-14 16:53:39,142 [JUnit] INFO  impl.RaftServerProxy (ConfUtils.java:logGet(43)) - raft.rpc.type = GRPC (default)
2019-07-14 16:53:39,142 [JUnit] INFO  grpc.GrpcFactory (GrpcFactory.java:checkPooledByteBufAllocatorUseCacheForAllThreads(45)) - PERFORMANCE WARNING: useCacheForAllThreads is true that may cause Netty to create a lot garbage objects and, as a result, trigger GC.
	It is recommended to disable useCacheForAllThreads by setting -Dorg.apache.ratis.thirdparty.io.netty.allocator.useCacheForAllThreads=false in command line.
2019-07-14 16:53:39,142 [JUnit] INFO  grpc.GrpcConfigKeys$Server (ConfUtils.java:logGet(43)) - raft.grpc.server.port = 0 (default)
2019-07-14 16:53:39,143 [JUnit] INFO  server.GrpcService (ConfUtils.java:logGet(43)) - raft.grpc.message.size.max = 33570816 (custom)
2019-07-14 16:53:39,143 [JUnit] INFO  server.RaftServerConfigKeys (ConfUtils.java:logGet(43)) - raft.server.log.appender.buffer.byte-limit = 33554432 (custom)
2019-07-14 16:53:39,143 [JUnit] INFO  server.GrpcService (ConfUtils.java:logGet(43)) - raft.grpc.flow.control.window = 1MB (=1048576) (default)
2019-07-14 16:53:39,143 [JUnit] INFO  server.RaftServerConfigKeys (ConfUtils.java:logGet(43)) - raft.server.rpc.request.timeout = 3000ms (default)
2019-07-14 16:53:39,144 [JUnit] INFO  server.RaftServerConfigKeys (ConfUtils.java:logGet(43)) - raft.server.storage.dir = [/workdir/hadoop-ozone/ozonefs/target/test-dir/MiniOzoneClusterImpl-6ee4de2d-eb38-45ee-bdf0-432cd2be9bed/datanode-2/data/ratis] (custom)
2019-07-14 16:53:39,145 [JUnit] INFO  replication.SimpleContainerDownloader (SimpleContainerDownloader.java:<init>(72)) - Starting container downloader service to copy containers to replicate.
2019-07-14 16:53:39,146 [JUnit] INFO  hdfs.DFSUtil (DFSUtil.java:httpServerTemplateForNNAndJN(1641)) - Starting Web-server for hddsDatanode at: http://0.0.0.0:0
2019-07-14 16:53:39,149 [JUnit] INFO  server.AuthenticationFilter (AuthenticationFilter.java:constructSecretProvider(240)) - Unable to initialize FileSignerSecretProvider, falling back to use random secrets.
2019-07-14 16:53:39,149 [JUnit] WARN  http.HttpRequestLog (HttpRequestLog.java:getRequestLog(97)) - Jetty request log can only be enabled using Log4j
2019-07-14 16:53:39,152 [JUnit] INFO  http.HttpServer2 (HttpServer2.java:addGlobalFilter(975)) - Added global filter 'safety' (class=org.apache.hadoop.http.HttpServer2$QuotingInputFilter)
2019-07-14 16:53:39,154 [JUnit] INFO  http.HttpServer2 (HttpServer2.java:addFilter(948)) - Added filter static_user_filter (class=org.apache.hadoop.http.lib.StaticUserWebFilter$StaticUserFilter) to context hddsDatanode
2019-07-14 16:53:39,154 [JUnit] INFO  http.HttpServer2 (HttpServer2.java:addFilter(958)) - Added filter static_user_filter (class=org.apache.hadoop.http.lib.StaticUserWebFilter$StaticUserFilter) to context static
2019-07-14 16:53:39,155 [JUnit] INFO  http.HttpServer2 (HttpServer2.java:addFilter(958)) - Added filter static_user_filter (class=org.apache.hadoop.http.lib.StaticUserWebFilter$StaticUserFilter) to context logs
2019-07-14 16:53:39,156 [JUnit] INFO  http.HttpServer2 (HttpServer2.java:bindListener(1191)) - Jetty bound to port 42138
2019-07-14 16:53:39,156 [JUnit] INFO  server.Server (Server.java:doStart(351)) - jetty-9.3.24.v20180605, build timestamp: 2018-06-05T17:11:56Z, git hash: 84205aa28f11a4f31f2a3b86d1bba2cc8ab69827
2019-07-14 16:53:39,159 [JUnit] INFO  handler.ContextHandler (ContextHandler.java:doStart(781)) - Started o.e.j.s.ServletContextHandler@7f977fba{/logs,file:///workdir/hadoop-ozone/ozonefs/target/log,AVAILABLE}
2019-07-14 16:53:39,160 [JUnit] INFO  handler.ContextHandler (ContextHandler.java:doStart(781)) - Started o.e.j.s.ServletContextHandler@d653e41{/static,jar:file:/home/user/.m2/repository/org/apache/hadoop/hadoop-hdds-container-service/0.5.0-SNAPSHOT/hadoop-hdds-container-service-0.5.0-SNAPSHOT.jar!/webapps/static,AVAILABLE}
2019-07-14 16:53:39,203 [JUnit] INFO  handler.ContextHandler (ContextHandler.java:doStart(781)) - Started o.e.j.w.WebAppContext@6e1ae763{/,file:///tmp/jetty-0.0.0.0-42138-hddsDatanode-_-any-6431992860220635322.dir/webapp/,AVAILABLE}{/hddsDatanode}
2019-07-14 16:53:39,203 [JUnit] INFO  server.AbstractConnector (AbstractConnector.java:doStart(278)) - Started ServerConnector@62d40e31{HTTP/1.1,[http/1.1]}{0.0.0.0:42138}
2019-07-14 16:53:39,204 [JUnit] INFO  server.Server (Server.java:doStart(419)) - Started @7024ms
2019-07-14 16:53:39,205 [JUnit] INFO  server.BaseHttpServer (BaseHttpServer.java:updateConnectorAddress(207)) - HTTP server of HDDSDATANODE is listening at http://0.0.0.0:42138
2019-07-14 16:53:39,341 [JUnit] INFO  ozone.HddsDatanodeService (HddsDatanodeService.java:startPlugins(396)) - Started plug-in org.apache.hadoop.ozone.web.OzoneHddsDatanodeService@dbed7fd
2019-07-14 16:53:39,341 [JUnit] INFO  impl.MetricsSystemImpl (MetricsSystemImpl.java:init(158)) - HddsDatanode metrics system started (again)
2019-07-14 16:53:39,345 [JUnit] INFO  ozone.HddsDatanodeService (HddsDatanodeService.java:start(185)) - HddsDatanodeService host:pr-hdds-1710-5x6jb-1204890111 ip:192.168.69.77
2019-07-14 16:53:39,345 [org.apache.hadoop.util.JvmPauseMonitor$Monitor@1166429c] INFO  util.JvmPauseMonitor (JvmPauseMonitor.java:run(188)) - Starting JVM pause monitor
2019-07-14 16:53:39,348 [Datanode State Machine Thread - 0] INFO  datanode.InitDatanodeState (InitDatanodeState.java:persistContainerDatanodeDetails(140)) - DatanodeDetails is persisted to /workdir/hadoop-ozone/ozonefs/target/test-dir/MiniOzoneClusterImpl-6ee4de2d-eb38-45ee-bdf0-432cd2be9bed/datanode-2/meta/datanode.id
2019-07-14 16:53:39,352 [JUnit] INFO  volume.HddsVolume (HddsVolume.java:<init>(176)) - Creating Volume: /workdir/hadoop-ozone/ozonefs/target/test-dir/MiniOzoneClusterImpl-6ee4de2d-eb38-45ee-bdf0-432cd2be9bed/datanode-3/data/containers/hdds of  storage type : DISK and capacity : 52710309888
2019-07-14 16:53:39,353 [JUnit] INFO  volume.VolumeSet (VolumeSet.java:initializeVolumeSet(170)) - Added Volume : /workdir/hadoop-ozone/ozonefs/target/test-dir/MiniOzoneClusterImpl-6ee4de2d-eb38-45ee-bdf0-432cd2be9bed/datanode-3/data/containers/hdds to VolumeSet
2019-07-14 16:53:39,353 [JUnit] INFO  volume.ThrottledAsyncChecker (ThrottledAsyncChecker.java:schedule(140)) - Scheduling a check for org.apache.hadoop.ozone.container.common.volume.HddsVolume@10f405ff
2019-07-14 16:53:39,353 [JUnit] INFO  volume.HddsVolumeChecker (HddsVolumeChecker.java:checkAllVolumes(203)) - Scheduled health check for volume org.apache.hadoop.ozone.container.common.volume.HddsVolume@10f405ff
2019-07-14 16:53:39,373 [JUnit] INFO  impl.RaftServerProxy (ConfUtils.java:logGet(43)) - raft.rpc.type = GRPC (default)
2019-07-14 16:53:39,373 [JUnit] INFO  grpc.GrpcFactory (GrpcFactory.java:checkPooledByteBufAllocatorUseCacheForAllThreads(45)) - PERFORMANCE WARNING: useCacheForAllThreads is true that may cause Netty to create a lot garbage objects and, as a result, trigger GC.
	It is recommended to disable useCacheForAllThreads by setting -Dorg.apache.ratis.thirdparty.io.netty.allocator.useCacheForAllThreads=false in command line.
2019-07-14 16:53:39,373 [JUnit] INFO  grpc.GrpcConfigKeys$Server (ConfUtils.java:logGet(43)) - raft.grpc.server.port = 0 (default)
2019-07-14 16:53:39,373 [JUnit] INFO  server.GrpcService (ConfUtils.java:logGet(43)) - raft.grpc.message.size.max = 33570816 (custom)
2019-07-14 16:53:39,373 [JUnit] INFO  server.RaftServerConfigKeys (ConfUtils.java:logGet(43)) - raft.server.log.appender.buffer.byte-limit = 33554432 (custom)
2019-07-14 16:53:39,374 [JUnit] INFO  server.GrpcService (ConfUtils.java:logGet(43)) - raft.grpc.flow.control.window = 1MB (=1048576) (default)
2019-07-14 16:53:39,374 [JUnit] INFO  server.RaftServerConfigKeys (ConfUtils.java:logGet(43)) - raft.server.rpc.request.timeout = 3000ms (default)
2019-07-14 16:53:39,374 [JUnit] INFO  server.RaftServerConfigKeys (ConfUtils.java:logGet(43)) - raft.server.storage.dir = [/workdir/hadoop-ozone/ozonefs/target/test-dir/MiniOzoneClusterImpl-6ee4de2d-eb38-45ee-bdf0-432cd2be9bed/datanode-3/data/ratis] (custom)
2019-07-14 16:53:39,375 [JUnit] INFO  replication.SimpleContainerDownloader (SimpleContainerDownloader.java:<init>(72)) - Starting container downloader service to copy containers to replicate.
2019-07-14 16:53:39,376 [JUnit] INFO  hdfs.DFSUtil (DFSUtil.java:httpServerTemplateForNNAndJN(1641)) - Starting Web-server for hddsDatanode at: http://0.0.0.0:0
2019-07-14 16:53:39,377 [JUnit] INFO  server.AuthenticationFilter (AuthenticationFilter.java:constructSecretProvider(240)) - Unable to initialize FileSignerSecretProvider, falling back to use random secrets.
2019-07-14 16:53:39,378 [JUnit] WARN  http.HttpRequestLog (HttpRequestLog.java:getRequestLog(97)) - Jetty request log can only be enabled using Log4j
2019-07-14 16:53:39,379 [JUnit] INFO  http.HttpServer2 (HttpServer2.java:addGlobalFilter(975)) - Added global filter 'safety' (class=org.apache.hadoop.http.HttpServer2$QuotingInputFilter)
2019-07-14 16:53:39,380 [JUnit] INFO  http.HttpServer2 (HttpServer2.java:addFilter(948)) - Added filter static_user_filter (class=org.apache.hadoop.http.lib.StaticUserWebFilter$StaticUserFilter) to context hddsDatanode
2019-07-14 16:53:39,380 [JUnit] INFO  http.HttpServer2 (HttpServer2.java:addFilter(958)) - Added filter static_user_filter (class=org.apache.hadoop.http.lib.StaticUserWebFilter$StaticUserFilter) to context logs
2019-07-14 16:53:39,381 [JUnit] INFO  http.HttpServer2 (HttpServer2.java:addFilter(958)) - Added filter static_user_filter (class=org.apache.hadoop.http.lib.StaticUserWebFilter$StaticUserFilter) to context static
2019-07-14 16:53:39,381 [JUnit] INFO  http.HttpServer2 (HttpServer2.java:bindListener(1191)) - Jetty bound to port 33807
2019-07-14 16:53:39,381 [JUnit] INFO  server.Server (Server.java:doStart(351)) - jetty-9.3.24.v20180605, build timestamp: 2018-06-05T17:11:56Z, git hash: 84205aa28f11a4f31f2a3b86d1bba2cc8ab69827
2019-07-14 16:53:39,385 [JUnit] INFO  handler.ContextHandler (ContextHandler.java:doStart(781)) - Started o.e.j.s.ServletContextHandler@60b5e80d{/logs,file:///workdir/hadoop-ozone/ozonefs/target/log,AVAILABLE}
2019-07-14 16:53:39,386 [JUnit] INFO  handler.ContextHandler (ContextHandler.java:doStart(781)) - Started o.e.j.s.ServletContextHandler@31aab981{/static,jar:file:/home/user/.m2/repository/org/apache/hadoop/hadoop-hdds-container-service/0.5.0-SNAPSHOT/hadoop-hdds-container-service-0.5.0-SNAPSHOT.jar!/webapps/static,AVAILABLE}
2019-07-14 16:53:39,433 [JUnit] INFO  handler.ContextHandler (ContextHandler.java:doStart(781)) - Started o.e.j.w.WebAppContext@6af65f29{/,file:///tmp/jetty-0.0.0.0-33807-hddsDatanode-_-any-9121531107407392097.dir/webapp/,AVAILABLE}{/hddsDatanode}
2019-07-14 16:53:39,434 [JUnit] INFO  server.AbstractConnector (AbstractConnector.java:doStart(278)) - Started ServerConnector@370c9018{HTTP/1.1,[http/1.1]}{0.0.0.0:33807}
2019-07-14 16:53:39,435 [JUnit] INFO  server.Server (Server.java:doStart(419)) - Started @7254ms
2019-07-14 16:53:39,436 [JUnit] INFO  server.BaseHttpServer (BaseHttpServer.java:updateConnectorAddress(207)) - HTTP server of HDDSDATANODE is listening at http://0.0.0.0:33807
2019-07-14 16:53:39,603 [JUnit] INFO  ozone.HddsDatanodeService (HddsDatanodeService.java:startPlugins(396)) - Started plug-in org.apache.hadoop.ozone.web.OzoneHddsDatanodeService@787988f4
2019-07-14 16:53:39,603 [JUnit] INFO  impl.MetricsSystemImpl (MetricsSystemImpl.java:init(158)) - HddsDatanode metrics system started (again)
2019-07-14 16:53:39,606 [JUnit] INFO  ozone.HddsDatanodeService (HddsDatanodeService.java:start(185)) - HddsDatanodeService host:pr-hdds-1710-5x6jb-1204890111 ip:192.168.69.77
2019-07-14 16:53:39,607 [org.apache.hadoop.util.JvmPauseMonitor$Monitor@797b42c4] INFO  util.JvmPauseMonitor (JvmPauseMonitor.java:run(188)) - Starting JVM pause monitor
2019-07-14 16:53:39,614 [JUnit] INFO  volume.HddsVolume (HddsVolume.java:<init>(176)) - Creating Volume: /workdir/hadoop-ozone/ozonefs/target/test-dir/MiniOzoneClusterImpl-6ee4de2d-eb38-45ee-bdf0-432cd2be9bed/datanode-4/data/containers/hdds of  storage type : DISK and capacity : 52710309888
2019-07-14 16:53:39,615 [JUnit] INFO  volume.VolumeSet (VolumeSet.java:initializeVolumeSet(170)) - Added Volume : /workdir/hadoop-ozone/ozonefs/target/test-dir/MiniOzoneClusterImpl-6ee4de2d-eb38-45ee-bdf0-432cd2be9bed/datanode-4/data/containers/hdds to VolumeSet
2019-07-14 16:53:39,615 [JUnit] INFO  volume.ThrottledAsyncChecker (ThrottledAsyncChecker.java:schedule(140)) - Scheduling a check for org.apache.hadoop.ozone.container.common.volume.HddsVolume@23bd0c81
2019-07-14 16:53:39,617 [JUnit] INFO  volume.HddsVolumeChecker (HddsVolumeChecker.java:checkAllVolumes(203)) - Scheduled health check for volume org.apache.hadoop.ozone.container.common.volume.HddsVolume@23bd0c81
2019-07-14 16:53:39,619 [Datanode State Machine Thread - 0] INFO  datanode.InitDatanodeState (InitDatanodeState.java:persistContainerDatanodeDetails(140)) - DatanodeDetails is persisted to /workdir/hadoop-ozone/ozonefs/target/test-dir/MiniOzoneClusterImpl-6ee4de2d-eb38-45ee-bdf0-432cd2be9bed/datanode-3/meta/datanode.id
2019-07-14 16:53:39,636 [JUnit] INFO  impl.RaftServerProxy (ConfUtils.java:logGet(43)) - raft.rpc.type = GRPC (default)
2019-07-14 16:53:39,636 [JUnit] INFO  grpc.GrpcFactory (GrpcFactory.java:checkPooledByteBufAllocatorUseCacheForAllThreads(45)) - PERFORMANCE WARNING: useCacheForAllThreads is true that may cause Netty to create a lot garbage objects and, as a result, trigger GC.
	It is recommended to disable useCacheForAllThreads by setting -Dorg.apache.ratis.thirdparty.io.netty.allocator.useCacheForAllThreads=false in command line.
2019-07-14 16:53:39,636 [JUnit] INFO  grpc.GrpcConfigKeys$Server (ConfUtils.java:logGet(43)) - raft.grpc.server.port = 0 (default)
2019-07-14 16:53:39,637 [JUnit] INFO  server.GrpcService (ConfUtils.java:logGet(43)) - raft.grpc.message.size.max = 33570816 (custom)
2019-07-14 16:53:39,637 [JUnit] INFO  server.RaftServerConfigKeys (ConfUtils.java:logGet(43)) - raft.server.log.appender.buffer.byte-limit = 33554432 (custom)
2019-07-14 16:53:39,637 [JUnit] INFO  server.GrpcService (ConfUtils.java:logGet(43)) - raft.grpc.flow.control.window = 1MB (=1048576) (default)
2019-07-14 16:53:39,637 [JUnit] INFO  server.RaftServerConfigKeys (ConfUtils.java:logGet(43)) - raft.server.rpc.request.timeout = 3000ms (default)
2019-07-14 16:53:39,638 [JUnit] INFO  server.RaftServerConfigKeys (ConfUtils.java:logGet(43)) - raft.server.storage.dir = [/workdir/hadoop-ozone/ozonefs/target/test-dir/MiniOzoneClusterImpl-6ee4de2d-eb38-45ee-bdf0-432cd2be9bed/datanode-4/data/ratis] (custom)
2019-07-14 16:53:39,638 [JUnit] INFO  replication.SimpleContainerDownloader (SimpleContainerDownloader.java:<init>(72)) - Starting container downloader service to copy containers to replicate.
2019-07-14 16:53:39,639 [JUnit] INFO  hdfs.DFSUtil (DFSUtil.java:httpServerTemplateForNNAndJN(1641)) - Starting Web-server for hddsDatanode at: http://0.0.0.0:0
2019-07-14 16:53:39,642 [JUnit] INFO  server.AuthenticationFilter (AuthenticationFilter.java:constructSecretProvider(240)) - Unable to initialize FileSignerSecretProvider, falling back to use random secrets.
2019-07-14 16:53:39,643 [JUnit] WARN  http.HttpRequestLog (HttpRequestLog.java:getRequestLog(97)) - Jetty request log can only be enabled using Log4j
2019-07-14 16:53:39,645 [JUnit] INFO  http.HttpServer2 (HttpServer2.java:addGlobalFilter(975)) - Added global filter 'safety' (class=org.apache.hadoop.http.HttpServer2$QuotingInputFilter)
2019-07-14 16:53:39,647 [JUnit] INFO  http.HttpServer2 (HttpServer2.java:addFilter(948)) - Added filter static_user_filter (class=org.apache.hadoop.http.lib.StaticUserWebFilter$StaticUserFilter) to context hddsDatanode
2019-07-14 16:53:39,647 [JUnit] INFO  http.HttpServer2 (HttpServer2.java:addFilter(958)) - Added filter static_user_filter (class=org.apache.hadoop.http.lib.StaticUserWebFilter$StaticUserFilter) to context logs
2019-07-14 16:53:39,647 [JUnit] INFO  http.HttpServer2 (HttpServer2.java:addFilter(958)) - Added filter static_user_filter (class=org.apache.hadoop.http.lib.StaticUserWebFilter$StaticUserFilter) to context static
2019-07-14 16:53:39,648 [JUnit] INFO  http.HttpServer2 (HttpServer2.java:bindListener(1191)) - Jetty bound to port 35362
2019-07-14 16:53:39,649 [JUnit] INFO  server.Server (Server.java:doStart(351)) - jetty-9.3.24.v20180605, build timestamp: 2018-06-05T17:11:56Z, git hash: 84205aa28f11a4f31f2a3b86d1bba2cc8ab69827
2019-07-14 16:53:39,652 [JUnit] INFO  handler.ContextHandler (ContextHandler.java:doStart(781)) - Started o.e.j.s.ServletContextHandler@2b999ee8{/logs,file:///workdir/hadoop-ozone/ozonefs/target/log,AVAILABLE}
2019-07-14 16:53:39,653 [JUnit] INFO  handler.ContextHandler (ContextHandler.java:doStart(781)) - Started o.e.j.s.ServletContextHandler@29bbc391{/static,jar:file:/home/user/.m2/repository/org/apache/hadoop/hadoop-hdds-container-service/0.5.0-SNAPSHOT/hadoop-hdds-container-service-0.5.0-SNAPSHOT.jar!/webapps/static,AVAILABLE}
2019-07-14 16:53:39,694 [JUnit] INFO  handler.ContextHandler (ContextHandler.java:doStart(781)) - Started o.e.j.w.WebAppContext@5bb8e6fc{/,file:///tmp/jetty-0.0.0.0-35362-hddsDatanode-_-any-2615532047783310175.dir/webapp/,AVAILABLE}{/hddsDatanode}
2019-07-14 16:53:39,694 [JUnit] INFO  server.AbstractConnector (AbstractConnector.java:doStart(278)) - Started ServerConnector@2726a511{HTTP/1.1,[http/1.1]}{0.0.0.0:35362}
2019-07-14 16:53:39,695 [JUnit] INFO  server.Server (Server.java:doStart(419)) - Started @7515ms
2019-07-14 16:53:39,696 [JUnit] INFO  server.BaseHttpServer (BaseHttpServer.java:updateConnectorAddress(207)) - HTTP server of HDDSDATANODE is listening at http://0.0.0.0:35362
2019-07-14 16:53:39,818 [JUnit] INFO  ozone.HddsDatanodeService (HddsDatanodeService.java:startPlugins(396)) - Started plug-in org.apache.hadoop.ozone.web.OzoneHddsDatanodeService@1ea930eb
2019-07-14 16:53:39,820 [JUnit] INFO  ozone.MiniOzoneClusterImpl (MiniOzoneClusterImpl.java:lambda$waitForClusterToBeReady$0(142)) - Waiting for cluster to be ready. Got 0 of 5 DN Heartbeats.
2019-07-14 16:53:39,821 [org.apache.hadoop.util.JvmPauseMonitor$Monitor@374b8c52] INFO  util.JvmPauseMonitor (JvmPauseMonitor.java:run(188)) - Starting JVM pause monitor
2019-07-14 16:53:39,825 [Datanode State Machine Thread - 0] INFO  datanode.InitDatanodeState (InitDatanodeState.java:persistContainerDatanodeDetails(140)) - DatanodeDetails is persisted to /workdir/hadoop-ozone/ozonefs/target/test-dir/MiniOzoneClusterImpl-6ee4de2d-eb38-45ee-bdf0-432cd2be9bed/datanode-4/meta/datanode.id
2019-07-14 16:53:40,821 [JUnit] INFO  ozone.MiniOzoneClusterImpl (MiniOzoneClusterImpl.java:lambda$waitForClusterToBeReady$0(142)) - Waiting for cluster to be ready. Got 0 of 5 DN Heartbeats.
2019-07-14 16:53:40,978 [Datanode State Machine Thread - 0] INFO  ozoneimpl.OzoneContainer (OzoneContainer.java:start(186)) - Attempting to start container services.
2019-07-14 16:53:40,981 [Datanode State Machine Thread - 0] INFO  ozoneimpl.OzoneContainer (OzoneContainer.java:startContainerScrub(160)) - Background container scrubber has been disabled by hdds.containerscrub.enabled
2019-07-14 16:53:40,981 [Datanode State Machine Thread - 0] INFO  ratis.XceiverServerRatis (XceiverServerRatis.java:start(418)) - Starting XceiverServerRatis ff825863-8105-46c4-8638-88baaab4e0ed at port 0
2019-07-14 16:53:41,009 [Datanode State Machine Thread - 0] INFO  impl.RaftServerProxy (RaftServerProxy.java:lambda$start$3(299)) - ff825863-8105-46c4-8638-88baaab4e0ed: start RPC server
2019-07-14 16:53:41,138 [Datanode State Machine Thread - 0] INFO  ozoneimpl.OzoneContainer (OzoneContainer.java:start(186)) - Attempting to start container services.
2019-07-14 16:53:41,142 [Datanode State Machine Thread - 0] INFO  ozoneimpl.OzoneContainer (OzoneContainer.java:startContainerScrub(160)) - Background container scrubber has been disabled by hdds.containerscrub.enabled
2019-07-14 16:53:41,142 [Datanode State Machine Thread - 0] INFO  ratis.XceiverServerRatis (XceiverServerRatis.java:start(418)) - Starting XceiverServerRatis cd3b767d-9cc0-4c28-94ad-da50813ff67a at port 0
2019-07-14 16:53:41,153 [Datanode State Machine Thread - 0] INFO  impl.RaftServerProxy (RaftServerProxy.java:lambda$start$3(299)) - cd3b767d-9cc0-4c28-94ad-da50813ff67a: start RPC server
2019-07-14 16:53:41,177 [Datanode State Machine Thread - 0] INFO  server.GrpcService (GrpcService.java:startImpl(149)) - cd3b767d-9cc0-4c28-94ad-da50813ff67a: GrpcService started, listening on 0.0.0.0/0.0.0.0:44611
2019-07-14 16:53:41,177 [Datanode State Machine Thread - 0] INFO  server.GrpcService (GrpcService.java:startImpl(149)) - ff825863-8105-46c4-8638-88baaab4e0ed: GrpcService started, listening on 0.0.0.0/0.0.0.0:43593
2019-07-14 16:53:41,178 [Datanode State Machine Thread - 0] INFO  ratis.XceiverServerRatis (XceiverServerRatis.java:start(428)) - XceiverServerRatis cd3b767d-9cc0-4c28-94ad-da50813ff67a is started using port 44611
2019-07-14 16:53:41,178 [Datanode State Machine Thread - 0] INFO  ratis.XceiverServerRatis (XceiverServerRatis.java:start(428)) - XceiverServerRatis ff825863-8105-46c4-8638-88baaab4e0ed is started using port 43593
2019-07-14 16:53:41,183 [Datanode State Machine Thread - 0] INFO  server.XceiverServerGrpc (XceiverServerGrpc.java:start(161)) - XceiverServerGrpc ff825863-8105-46c4-8638-88baaab4e0ed is started using port 43639
2019-07-14 16:53:41,183 [Datanode State Machine Thread - 0] INFO  server.XceiverServerGrpc (XceiverServerGrpc.java:start(161)) - XceiverServerGrpc cd3b767d-9cc0-4c28-94ad-da50813ff67a is started using port 40590
2019-07-14 16:53:41,363 [Datanode State Machine Thread - 0] INFO  ozoneimpl.OzoneContainer (OzoneContainer.java:start(186)) - Attempting to start container services.
2019-07-14 16:53:41,365 [Datanode State Machine Thread - 0] INFO  ozoneimpl.OzoneContainer (OzoneContainer.java:startContainerScrub(160)) - Background container scrubber has been disabled by hdds.containerscrub.enabled
2019-07-14 16:53:41,365 [Datanode State Machine Thread - 0] INFO  ratis.XceiverServerRatis (XceiverServerRatis.java:start(418)) - Starting XceiverServerRatis b983e297-60dd-4729-9b86-b96168473733 at port 0
2019-07-14 16:53:41,373 [Datanode State Machine Thread - 0] INFO  impl.RaftServerProxy (RaftServerProxy.java:lambda$start$3(299)) - b983e297-60dd-4729-9b86-b96168473733: start RPC server
2019-07-14 16:53:41,376 [Datanode State Machine Thread - 0] INFO  server.GrpcService (GrpcService.java:startImpl(149)) - b983e297-60dd-4729-9b86-b96168473733: GrpcService started, listening on 0.0.0.0/0.0.0.0:40801
2019-07-14 16:53:41,376 [Datanode State Machine Thread - 0] INFO  ratis.XceiverServerRatis (XceiverServerRatis.java:start(428)) - XceiverServerRatis b983e297-60dd-4729-9b86-b96168473733 is started using port 40801
2019-07-14 16:53:41,379 [Datanode State Machine Thread - 0] INFO  server.XceiverServerGrpc (XceiverServerGrpc.java:start(161)) - XceiverServerGrpc b983e297-60dd-4729-9b86-b96168473733 is started using port 42514
2019-07-14 16:53:41,622 [Datanode State Machine Thread - 0] INFO  ozoneimpl.OzoneContainer (OzoneContainer.java:start(186)) - Attempting to start container services.
2019-07-14 16:53:41,624 [Datanode State Machine Thread - 0] INFO  ozoneimpl.OzoneContainer (OzoneContainer.java:startContainerScrub(160)) - Background container scrubber has been disabled by hdds.containerscrub.enabled
2019-07-14 16:53:41,625 [Datanode State Machine Thread - 0] INFO  ratis.XceiverServerRatis (XceiverServerRatis.java:start(418)) - Starting XceiverServerRatis be72da87-b6db-47f6-aa3d-ccbf663d0ade at port 0
2019-07-14 16:53:41,634 [Datanode State Machine Thread - 0] INFO  impl.RaftServerProxy (RaftServerProxy.java:lambda$start$3(299)) - be72da87-b6db-47f6-aa3d-ccbf663d0ade: start RPC server
2019-07-14 16:53:41,646 [Datanode State Machine Thread - 0] INFO  server.GrpcService (GrpcService.java:startImpl(149)) - be72da87-b6db-47f6-aa3d-ccbf663d0ade: GrpcService started, listening on 0.0.0.0/0.0.0.0:43756
2019-07-14 16:53:41,647 [Datanode State Machine Thread - 0] INFO  ratis.XceiverServerRatis (XceiverServerRatis.java:start(428)) - XceiverServerRatis be72da87-b6db-47f6-aa3d-ccbf663d0ade is started using port 43756
2019-07-14 16:53:41,650 [Datanode State Machine Thread - 0] INFO  server.XceiverServerGrpc (XceiverServerGrpc.java:start(161)) - XceiverServerGrpc be72da87-b6db-47f6-aa3d-ccbf663d0ade is started using port 44685
2019-07-14 16:53:41,822 [JUnit] INFO  ozone.MiniOzoneClusterImpl (MiniOzoneClusterImpl.java:lambda$waitForClusterToBeReady$0(142)) - Waiting for cluster to be ready. Got 0 of 5 DN Heartbeats.
2019-07-14 16:53:41,838 [Datanode State Machine Thread - 0] INFO  ozoneimpl.OzoneContainer (OzoneContainer.java:start(186)) - Attempting to start container services.
2019-07-14 16:53:41,845 [Datanode State Machine Thread - 0] INFO  ozoneimpl.OzoneContainer (OzoneContainer.java:startContainerScrub(160)) - Background container scrubber has been disabled by hdds.containerscrub.enabled
2019-07-14 16:53:41,845 [Datanode State Machine Thread - 0] INFO  ratis.XceiverServerRatis (XceiverServerRatis.java:start(418)) - Starting XceiverServerRatis dd961e0b-ae4a-4124-9830-5bae9cb7d7c0 at port 0
2019-07-14 16:53:41,856 [Datanode State Machine Thread - 0] INFO  impl.RaftServerProxy (RaftServerProxy.java:lambda$start$3(299)) - dd961e0b-ae4a-4124-9830-5bae9cb7d7c0: start RPC server
2019-07-14 16:53:41,859 [Datanode State Machine Thread - 0] INFO  server.GrpcService (GrpcService.java:startImpl(149)) - dd961e0b-ae4a-4124-9830-5bae9cb7d7c0: GrpcService started, listening on 0.0.0.0/0.0.0.0:44747
2019-07-14 16:53:41,860 [Datanode State Machine Thread - 0] INFO  ratis.XceiverServerRatis (XceiverServerRatis.java:start(428)) - XceiverServerRatis dd961e0b-ae4a-4124-9830-5bae9cb7d7c0 is started using port 44747
2019-07-14 16:53:41,863 [Datanode State Machine Thread - 0] INFO  server.XceiverServerGrpc (XceiverServerGrpc.java:start(161)) - XceiverServerGrpc dd961e0b-ae4a-4124-9830-5bae9cb7d7c0 is started using port 33785
2019-07-14 16:53:42,824 [JUnit] INFO  ozone.MiniOzoneClusterImpl (MiniOzoneClusterImpl.java:lambda$waitForClusterToBeReady$0(142)) - Waiting for cluster to be ready. Got 0 of 5 DN Heartbeats.
2019-07-14 16:53:42,898 [IPC Server handler 7 on 43824] INFO  net.NetworkTopology (NetworkTopologyImpl.java:add(110)) - Added a new node: /default-rack/192.168.69.77
2019-07-14 16:53:42,899 [IPC Server handler 7 on 43824] INFO  node.SCMNodeManager (SCMNodeManager.java:register(269)) - Registered Data node : ff825863-8105-46c4-8638-88baaab4e0ed{ip: 192.168.69.77, host: pr-hdds-1710-5x6jb-1204890111, networkLocation: /default-rack, certSerialId: null}
2019-07-14 16:53:42,906 [EventQueue-NodeRegistrationContainerReportForDataNodeSafeModeRule] INFO  safemode.SCMSafeModeManager (DataNodeSafeModeRule.java:process(71)) - SCM in safe mode. 1 DataNodes registered, 1 required.
2019-07-14 16:53:42,906 [EventQueue-NodeRegistrationContainerReportForDataNodeSafeModeRule] INFO  safemode.SCMSafeModeManager (SCMSafeModeManager.java:validateSafeModeExitRules(177)) - ScmSafeModeManager, all rules are successfully validated
2019-07-14 16:53:42,906 [EventQueue-NodeRegistrationContainerReportForDataNodeSafeModeRule] INFO  safemode.SCMSafeModeManager (SCMSafeModeManager.java:exitSafeMode(193)) - SCM exiting safe mode.
2019-07-14 16:53:43,117 [IPC Server handler 14 on 43824] INFO  node.SCMNodeManager (SCMNodeManager.java:register(269)) - Registered Data node : cd3b767d-9cc0-4c28-94ad-da50813ff67a{ip: 192.168.69.77, host: pr-hdds-1710-5x6jb-1204890111, networkLocation: /default-rack, certSerialId: null}
2019-07-14 16:53:43,351 [IPC Server handler 13 on 43824] INFO  node.SCMNodeManager (SCMNodeManager.java:register(269)) - Registered Data node : b983e297-60dd-4729-9b86-b96168473733{ip: 192.168.69.77, host: pr-hdds-1710-5x6jb-1204890111, networkLocation: /default-rack, certSerialId: null}
2019-07-14 16:53:43,515 [grpc-default-executor-0] INFO  impl.RaftServerProxy (RaftServerProxy.java:addNew(89)) - ff825863-8105-46c4-8638-88baaab4e0ed: addNew group-DEFD91CDBC43:[ff825863-8105-46c4-8638-88baaab4e0ed:192.168.69.77:43593] returns group-DEFD91CDBC43:java.util.concurrent.CompletableFuture@64c82970[Not completed]
2019-07-14 16:53:43,539 [pool-37-thread-1] INFO  impl.RaftServerImpl (RaftServerImpl.java:<init>(93)) - ff825863-8105-46c4-8638-88baaab4e0ed: new RaftServerImpl for group-DEFD91CDBC43:[ff825863-8105-46c4-8638-88baaab4e0ed:192.168.69.77:43593] with ContainerStateMachine:uninitialized
2019-07-14 16:53:43,541 [pool-37-thread-1] INFO  server.RaftServerConfigKeys (ConfUtils.java:logGet(43)) - raft.server.rpc.timeout.min = 5s (custom)
2019-07-14 16:53:43,543 [pool-37-thread-1] INFO  server.RaftServerConfigKeys (ConfUtils.java:logGet(43)) - raft.server.rpc.timeout.max = 5200ms (custom)
2019-07-14 16:53:43,543 [pool-37-thread-1] INFO  server.RaftServerConfigKeys (ConfUtils.java:logGet(43)) - raft.server.rpcslowness.timeout = 120s (custom)
2019-07-14 16:53:43,545 [pool-37-thread-1] INFO  server.RaftServerConfigKeys (ConfUtils.java:logGet(43)) - raft.server.sleep.deviation.threshold = 300 (default)
2019-07-14 16:53:43,546 [pool-37-thread-1] INFO  server.RaftServerConfigKeys (ConfUtils.java:logGet(43)) - raft.server.log.appender.install.snapshot.enabled = false (custom)
2019-07-14 16:53:43,556 [pool-37-thread-1] INFO  impl.RaftServerImpl (ServerState.java:<init>(105)) - ff825863-8105-46c4-8638-88baaab4e0ed:group-DEFD91CDBC43 ConfigurationManager, init=-1: [ff825863-8105-46c4-8638-88baaab4e0ed:192.168.69.77:43593], old=null, confs=<EMPTY_MAP>
2019-07-14 16:53:43,557 [pool-37-thread-1] INFO  server.RaftServerConfigKeys (ConfUtils.java:logGet(43)) - raft.server.storage.dir = [/workdir/hadoop-ozone/ozonefs/target/test-dir/MiniOzoneClusterImpl-6ee4de2d-eb38-45ee-bdf0-432cd2be9bed/datanode-0/data/ratis] (custom)
2019-07-14 16:53:43,566 [pool-37-thread-1] INFO  storage.RaftStorageDirectory (RaftStorageDirectory.java:analyzeStorage(246)) - The storage directory /workdir/hadoop-ozone/ozonefs/target/test-dir/MiniOzoneClusterImpl-6ee4de2d-eb38-45ee-bdf0-432cd2be9bed/datanode-0/data/ratis/5e177dbb-2ad5-4803-8f29-defd91cdbc43 does not exist. Creating ...
2019-07-14 16:53:43,584 [pool-37-thread-1] INFO  storage.RaftStorageDirectory (RaftStorageDirectory.java:tryLock(328)) - Lock on /workdir/hadoop-ozone/ozonefs/target/test-dir/MiniOzoneClusterImpl-6ee4de2d-eb38-45ee-bdf0-432cd2be9bed/datanode-0/data/ratis/5e177dbb-2ad5-4803-8f29-defd91cdbc43/in_use.lock acquired by nodename 30849@pr-hdds-1710-5x6jb-1204890111
2019-07-14 16:53:43,599 [pool-37-thread-1] INFO  storage.RaftStorage (RaftStorage.java:format(72)) - Storage directory /workdir/hadoop-ozone/ozonefs/target/test-dir/MiniOzoneClusterImpl-6ee4de2d-eb38-45ee-bdf0-432cd2be9bed/datanode-0/data/ratis/5e177dbb-2ad5-4803-8f29-defd91cdbc43 has been successfully formatted.
2019-07-14 16:53:43,601 [pool-37-thread-1] INFO  ratis.ContainerStateMachine (ContainerStateMachine.java:loadSnapshot(200)) - The snapshot info is null.Setting the last applied index to:(t:0, i:~)
2019-07-14 16:53:43,602 [pool-37-thread-1] INFO  server.RaftServerConfigKeys (ConfUtils.java:logGet(43)) - raft.server.leader.election.timeout = 120s (custom)
2019-07-14 16:53:43,604 [pool-37-thread-1] INFO  server.RaftServerConfigKeys (ConfUtils.java:logGet(43)) - raft.server.log.use.memory = false (default)
2019-07-14 16:53:43,926 [JUnit] INFO  ozone.MiniOzoneClusterImpl (MiniOzoneClusterImpl.java:lambda$waitForClusterToBeReady$0(142)) - Waiting for cluster to be ready. Got 3 of 5 DN Heartbeats.
2019-07-14 16:53:43,931 [IPC Server handler 6 on 43824] INFO  node.SCMNodeManager (SCMNodeManager.java:register(269)) - Registered Data node : dd961e0b-ae4a-4124-9830-5bae9cb7d7c0{ip: 192.168.69.77, host: pr-hdds-1710-5x6jb-1204890111, networkLocation: /default-rack, certSerialId: null}
2019-07-14 16:53:43,931 [IPC Server handler 11 on 43824] INFO  node.SCMNodeManager (SCMNodeManager.java:register(269)) - Registered Data node : be72da87-b6db-47f6-aa3d-ccbf663d0ade{ip: 192.168.69.77, host: pr-hdds-1710-5x6jb-1204890111, networkLocation: /default-rack, certSerialId: null}
2019-07-14 16:53:43,940 [pool-37-thread-1] INFO  server.RaftServerConfigKeys (ConfUtils.java:logGet(43)) - raft.server.log.purge.gap = 1000000000 (custom)
2019-07-14 16:53:43,940 [pool-37-thread-1] INFO  server.RaftServerConfigKeys (ConfUtils.java:logGet(43)) - raft.server.log.appender.buffer.byte-limit = 33554432 (custom)
2019-07-14 16:53:43,943 [pool-37-thread-1] INFO  server.RaftServerConfigKeys (ConfUtils.java:logGet(43)) - raft.server.log.segment.size.max = 1048576 (custom)
2019-07-14 16:53:43,950 [pool-37-thread-1] INFO  server.RaftServerConfigKeys (ConfUtils.java:logGet(43)) - raft.server.log.segment.cache.num.max = 2 (custom)
2019-07-14 16:53:43,959 [pool-37-thread-1] INFO  segmented.SegmentedRaftLogWorker (SegmentedRaftLogWorker.java:<init>(172)) - new ff825863-8105-46c4-8638-88baaab4e0ed-SegmentedRaftLogWorker:Storage Directory /workdir/hadoop-ozone/ozonefs/target/test-dir/MiniOzoneClusterImpl-6ee4de2d-eb38-45ee-bdf0-432cd2be9bed/datanode-0/data/ratis/5e177dbb-2ad5-4803-8f29-defd91cdbc43 for RaftStorage:Storage Directory /workdir/hadoop-ozone/ozonefs/target/test-dir/MiniOzoneClusterImpl-6ee4de2d-eb38-45ee-bdf0-432cd2be9bed/datanode-0/data/ratis/5e177dbb-2ad5-4803-8f29-defd91cdbc43
2019-07-14 16:53:43,980 [pool-37-thread-1] INFO  server.RaftServerConfigKeys (ConfUtils.java:logGet(43)) - raft.server.log.queue.byte-limit = 2147483647 (custom)
2019-07-14 16:53:43,980 [pool-37-thread-1] INFO  server.RaftServerConfigKeys (ConfUtils.java:logGet(43)) - raft.server.log.queue.element-limit = 1024 (custom)
2019-07-14 16:53:43,989 [pool-37-thread-1] INFO  server.RaftServerConfigKeys (ConfUtils.java:logGet(43)) - raft.server.log.segment.size.max = 1048576 (custom)
2019-07-14 16:53:43,989 [pool-37-thread-1] INFO  server.RaftServerConfigKeys (ConfUtils.java:logGet(43)) - raft.server.log.preallocated.size = 16384 (custom)
2019-07-14 16:53:43,990 [pool-37-thread-1] INFO  server.RaftServerConfigKeys (ConfUtils.java:logGet(43)) - raft.server.log.write.buffer.size = 33554432 (custom)
2019-07-14 16:53:43,991 [pool-37-thread-1] INFO  server.RaftServerConfigKeys (ConfUtils.java:logGet(43)) - raft.server.log.force.sync.num = 128 (default)
2019-07-14 16:53:43,992 [pool-37-thread-1] INFO  server.RaftServerConfigKeys (ConfUtils.java:logGet(43)) - raft.server.log.statemachine.data.sync = true (default)
2019-07-14 16:53:43,993 [pool-37-thread-1] INFO  server.RaftServerConfigKeys (ConfUtils.java:logGet(43)) - raft.server.log.statemachine.data.sync.timeout = 10s (default)
2019-07-14 16:53:43,993 [pool-37-thread-1] INFO  server.RaftServerConfigKeys (ConfUtils.java:logGet(43)) - raft.server.log.statemachine.data.sync.timeout.retry = -1 (default)
2019-07-14 16:53:44,008 [pool-37-thread-1] INFO  server.RaftServerConfigKeys (ConfUtils.java:logGet(43)) - raft.server.log.statemachine.data.caching.enabled = true (custom)
2019-07-14 16:53:44,014 [pool-37-thread-1] INFO  segmented.SegmentedRaftLogWorker (SegmentedRaftLogWorker.java:lambda$new$0(132)) - ff825863-8105-46c4-8638-88baaab4e0ed-SegmentedRaftLogWorker:Storage Directory /workdir/hadoop-ozone/ozonefs/target/test-dir/MiniOzoneClusterImpl-6ee4de2d-eb38-45ee-bdf0-432cd2be9bed/datanode-0/data/ratis/5e177dbb-2ad5-4803-8f29-defd91cdbc43: flushIndex: setUnconditionally 0 -> -1
2019-07-14 16:53:44,021 [pool-37-thread-1] INFO  server.RaftServerConfigKeys (ConfUtils.java:logGet(43)) - raft.server.snapshot.auto.trigger.enabled = true (custom)
2019-07-14 16:53:44,022 [pool-37-thread-1] INFO  server.RaftServerConfigKeys (ConfUtils.java:logGet(43)) - raft.server.snapshot.auto.trigger.threshold = 10000 (custom)
2019-07-14 16:53:44,022 [pool-37-thread-1] INFO  server.RaftServerConfigKeys (ConfUtils.java:logGet(43)) - raft.server.retrycache.expirytime = 600000ms (custom)
2019-07-14 16:53:44,050 [pool-37-thread-1] INFO  impl.RaftServerImpl (RaftServerImpl.java:start(180)) - ff825863-8105-46c4-8638-88baaab4e0ed: start group-DEFD91CDBC43
2019-07-14 16:53:44,052 [pool-37-thread-1] INFO  impl.RaftServerImpl (RaftServerImpl.java:setRole(171)) - ff825863-8105-46c4-8638-88baaab4e0ed:group-DEFD91CDBC43 changes role from null to FOLLOWER at term 0 for startAsFollower
2019-07-14 16:53:44,053 [pool-37-thread-1] INFO  impl.RoleInfo (RoleInfo.java:updateAndGet(143)) - ff825863-8105-46c4-8638-88baaab4e0ed: start FollowerState
2019-07-14 16:53:44,055 [pool-37-thread-1] INFO  util.JmxRegister (JmxRegister.java:tryRegister(44)) - Successfully registered JMX Bean with object name Ratis:service=RaftServer,group=group-DEFD91CDBC43,id=ff825863-8105-46c4-8638-88baaab4e0ed
2019-07-14 16:53:44,134 [RatisPipelineUtilsThread] INFO  pipeline.PipelineStateManager (PipelineStateManager.java:addPipeline(56)) - Created pipeline Pipeline[ Id: 5e177dbb-2ad5-4803-8f29-defd91cdbc43, Nodes: ff825863-8105-46c4-8638-88baaab4e0ed{ip: 192.168.69.77, host: pr-hdds-1710-5x6jb-1204890111, networkLocation: /default-rack, certSerialId: null}, Type:RATIS, Factor:ONE, State:OPEN]
2019-07-14 16:53:44,160 [grpc-default-executor-0] INFO  impl.RaftServerProxy (RaftServerProxy.java:addNew(89)) - b983e297-60dd-4729-9b86-b96168473733: addNew group-73E1DDF196C6:[b983e297-60dd-4729-9b86-b96168473733:192.168.69.77:40801] returns group-73E1DDF196C6:java.util.concurrent.CompletableFuture@5b0e0009[Not completed]
2019-07-14 16:53:44,197 [pool-79-thread-1] INFO  impl.RaftServerImpl (RaftServerImpl.java:<init>(93)) - b983e297-60dd-4729-9b86-b96168473733: new RaftServerImpl for group-73E1DDF196C6:[b983e297-60dd-4729-9b86-b96168473733:192.168.69.77:40801] with ContainerStateMachine:uninitialized
2019-07-14 16:53:44,198 [pool-79-thread-1] INFO  server.RaftServerConfigKeys (ConfUtils.java:logGet(43)) - raft.server.rpc.timeout.min = 5s (custom)
2019-07-14 16:53:44,198 [pool-79-thread-1] INFO  server.RaftServerConfigKeys (ConfUtils.java:logGet(43)) - raft.server.rpc.timeout.max = 5200ms (custom)
2019-07-14 16:53:44,198 [pool-79-thread-1] INFO  server.RaftServerConfigKeys (ConfUtils.java:logGet(43)) - raft.server.rpcslowness.timeout = 120s (custom)
2019-07-14 16:53:44,198 [pool-79-thread-1] INFO  server.RaftServerConfigKeys (ConfUtils.java:logGet(43)) - raft.server.sleep.deviation.threshold = 300 (default)
2019-07-14 16:53:44,198 [pool-79-thread-1] INFO  server.RaftServerConfigKeys (ConfUtils.java:logGet(43)) - raft.server.log.appender.install.snapshot.enabled = false (custom)
2019-07-14 16:53:44,198 [pool-79-thread-1] INFO  impl.RaftServerImpl (ServerState.java:<init>(105)) - b983e297-60dd-4729-9b86-b96168473733:group-73E1DDF196C6 ConfigurationManager, init=-1: [b983e297-60dd-4729-9b86-b96168473733:192.168.69.77:40801], old=null, confs=<EMPTY_MAP>
2019-07-14 16:53:44,199 [pool-79-thread-1] INFO  server.RaftServerConfigKeys (ConfUtils.java:logGet(43)) - raft.server.storage.dir = [/workdir/hadoop-ozone/ozonefs/target/test-dir/MiniOzoneClusterImpl-6ee4de2d-eb38-45ee-bdf0-432cd2be9bed/datanode-2/data/ratis] (custom)
2019-07-14 16:53:44,199 [pool-79-thread-1] INFO  storage.RaftStorageDirectory (RaftStorageDirectory.java:analyzeStorage(246)) - The storage directory /workdir/hadoop-ozone/ozonefs/target/test-dir/MiniOzoneClusterImpl-6ee4de2d-eb38-45ee-bdf0-432cd2be9bed/datanode-2/data/ratis/bf2b93bd-1a84-467c-979f-73e1ddf196c6 does not exist. Creating ...
2019-07-14 16:53:44,213 [pool-79-thread-1] INFO  storage.RaftStorageDirectory (RaftStorageDirectory.java:tryLock(328)) - Lock on /workdir/hadoop-ozone/ozonefs/target/test-dir/MiniOzoneClusterImpl-6ee4de2d-eb38-45ee-bdf0-432cd2be9bed/datanode-2/data/ratis/bf2b93bd-1a84-467c-979f-73e1ddf196c6/in_use.lock acquired by nodename 30849@pr-hdds-1710-5x6jb-1204890111
2019-07-14 16:53:44,226 [pool-79-thread-1] INFO  storage.RaftStorage (RaftStorage.java:format(72)) - Storage directory /workdir/hadoop-ozone/ozonefs/target/test-dir/MiniOzoneClusterImpl-6ee4de2d-eb38-45ee-bdf0-432cd2be9bed/datanode-2/data/ratis/bf2b93bd-1a84-467c-979f-73e1ddf196c6 has been successfully formatted.
2019-07-14 16:53:44,228 [pool-79-thread-1] INFO  ratis.ContainerStateMachine (ContainerStateMachine.java:loadSnapshot(200)) - The snapshot info is null.Setting the last applied index to:(t:0, i:~)
2019-07-14 16:53:44,229 [pool-79-thread-1] INFO  server.RaftServerConfigKeys (ConfUtils.java:logGet(43)) - raft.server.leader.election.timeout = 120s (custom)
2019-07-14 16:53:44,229 [pool-79-thread-1] INFO  server.RaftServerConfigKeys (ConfUtils.java:logGet(43)) - raft.server.log.use.memory = false (default)
2019-07-14 16:53:44,229 [pool-79-thread-1] INFO  server.RaftServerConfigKeys (ConfUtils.java:logGet(43)) - raft.server.log.purge.gap = 1000000000 (custom)
2019-07-14 16:53:44,229 [pool-79-thread-1] INFO  server.RaftServerConfigKeys (ConfUtils.java:logGet(43)) - raft.server.log.appender.buffer.byte-limit = 33554432 (custom)
2019-07-14 16:53:44,229 [pool-79-thread-1] INFO  server.RaftServerConfigKeys (ConfUtils.java:logGet(43)) - raft.server.log.segment.size.max = 1048576 (custom)
2019-07-14 16:53:44,229 [pool-79-thread-1] INFO  server.RaftServerConfigKeys (ConfUtils.java:logGet(43)) - raft.server.log.segment.cache.num.max = 2 (custom)
2019-07-14 16:53:44,229 [pool-79-thread-1] INFO  segmented.SegmentedRaftLogWorker (SegmentedRaftLogWorker.java:<init>(172)) - new b983e297-60dd-4729-9b86-b96168473733-SegmentedRaftLogWorker:Storage Directory /workdir/hadoop-ozone/ozonefs/target/test-dir/MiniOzoneClusterImpl-6ee4de2d-eb38-45ee-bdf0-432cd2be9bed/datanode-2/data/ratis/bf2b93bd-1a84-467c-979f-73e1ddf196c6 for RaftStorage:Storage Directory /workdir/hadoop-ozone/ozonefs/target/test-dir/MiniOzoneClusterImpl-6ee4de2d-eb38-45ee-bdf0-432cd2be9bed/datanode-2/data/ratis/bf2b93bd-1a84-467c-979f-73e1ddf196c6
2019-07-14 16:53:44,230 [pool-79-thread-1] INFO  server.RaftServerConfigKeys (ConfUtils.java:logGet(43)) - raft.server.log.queue.byte-limit = 2147483647 (custom)
2019-07-14 16:53:44,231 [pool-79-thread-1] INFO  server.RaftServerConfigKeys (ConfUtils.java:logGet(43)) - raft.server.log.queue.element-limit = 1024 (custom)
2019-07-14 16:53:44,231 [pool-79-thread-1] INFO  server.RaftServerConfigKeys (ConfUtils.java:logGet(43)) - raft.server.log.segment.size.max = 1048576 (custom)
2019-07-14 16:53:44,231 [pool-79-thread-1] INFO  server.RaftServerConfigKeys (ConfUtils.java:logGet(43)) - raft.server.log.preallocated.size = 16384 (custom)
2019-07-14 16:53:44,231 [pool-79-thread-1] INFO  server.RaftServerConfigKeys (ConfUtils.java:logGet(43)) - raft.server.log.write.buffer.size = 33554432 (custom)
2019-07-14 16:53:44,231 [pool-79-thread-1] INFO  server.RaftServerConfigKeys (ConfUtils.java:logGet(43)) - raft.server.log.force.sync.num = 128 (default)
2019-07-14 16:53:44,231 [pool-79-thread-1] INFO  server.RaftServerConfigKeys (ConfUtils.java:logGet(43)) - raft.server.log.statemachine.data.sync = true (default)
2019-07-14 16:53:44,232 [pool-79-thread-1] INFO  server.RaftServerConfigKeys (ConfUtils.java:logGet(43)) - raft.server.log.statemachine.data.sync.timeout = 10s (default)
2019-07-14 16:53:44,232 [pool-79-thread-1] INFO  server.RaftServerConfigKeys (ConfUtils.java:logGet(43)) - raft.server.log.statemachine.data.sync.timeout.retry = -1 (default)
2019-07-14 16:53:44,232 [pool-79-thread-1] INFO  server.RaftServerConfigKeys (ConfUtils.java:logGet(43)) - raft.server.log.statemachine.data.caching.enabled = true (custom)
2019-07-14 16:53:44,232 [pool-79-thread-1] INFO  segmented.SegmentedRaftLogWorker (SegmentedRaftLogWorker.java:lambda$new$0(132)) - b983e297-60dd-4729-9b86-b96168473733-SegmentedRaftLogWorker:Storage Directory /workdir/hadoop-ozone/ozonefs/target/test-dir/MiniOzoneClusterImpl-6ee4de2d-eb38-45ee-bdf0-432cd2be9bed/datanode-2/data/ratis/bf2b93bd-1a84-467c-979f-73e1ddf196c6: flushIndex: setUnconditionally 0 -> -1
2019-07-14 16:53:44,233 [pool-79-thread-1] INFO  server.RaftServerConfigKeys (ConfUtils.java:logGet(43)) - raft.server.snapshot.auto.trigger.enabled = true (custom)
2019-07-14 16:53:44,233 [pool-79-thread-1] INFO  server.RaftServerConfigKeys (ConfUtils.java:logGet(43)) - raft.server.snapshot.auto.trigger.threshold = 10000 (custom)
2019-07-14 16:53:44,233 [pool-79-thread-1] INFO  server.RaftServerConfigKeys (ConfUtils.java:logGet(43)) - raft.server.retrycache.expirytime = 600000ms (custom)
2019-07-14 16:53:44,233 [pool-79-thread-1] INFO  impl.RaftServerImpl (RaftServerImpl.java:start(180)) - b983e297-60dd-4729-9b86-b96168473733: start group-73E1DDF196C6
2019-07-14 16:53:44,233 [pool-79-thread-1] INFO  impl.RaftServerImpl (RaftServerImpl.java:setRole(171)) - b983e297-60dd-4729-9b86-b96168473733:group-73E1DDF196C6 changes role from null to FOLLOWER at term 0 for startAsFollower
2019-07-14 16:53:44,234 [pool-79-thread-1] INFO  impl.RoleInfo (RoleInfo.java:updateAndGet(143)) - b983e297-60dd-4729-9b86-b96168473733: start FollowerState
2019-07-14 16:53:44,235 [pool-79-thread-1] INFO  util.JmxRegister (JmxRegister.java:tryRegister(44)) - Successfully registered JMX Bean with object name Ratis:service=RaftServer,group=group-73E1DDF196C6,id=b983e297-60dd-4729-9b86-b96168473733
2019-07-14 16:53:44,249 [RatisPipelineUtilsThread] INFO  pipeline.PipelineStateManager (PipelineStateManager.java:addPipeline(56)) - Created pipeline Pipeline[ Id: bf2b93bd-1a84-467c-979f-73e1ddf196c6, Nodes: b983e297-60dd-4729-9b86-b96168473733{ip: 192.168.69.77, host: pr-hdds-1710-5x6jb-1204890111, networkLocation: /default-rack, certSerialId: null}, Type:RATIS, Factor:ONE, State:OPEN]
2019-07-14 16:53:44,271 [grpc-default-executor-0] INFO  impl.RaftServerProxy (RaftServerProxy.java:addNew(89)) - cd3b767d-9cc0-4c28-94ad-da50813ff67a: addNew group-8D8197DB9DA0:[cd3b767d-9cc0-4c28-94ad-da50813ff67a:192.168.69.77:44611] returns group-8D8197DB9DA0:java.util.concurrent.CompletableFuture@2723318a[Not completed]
2019-07-14 16:53:44,281 [pool-58-thread-1] INFO  impl.RaftServerImpl (RaftServerImpl.java:<init>(93)) - cd3b767d-9cc0-4c28-94ad-da50813ff67a: new RaftServerImpl for group-8D8197DB9DA0:[cd3b767d-9cc0-4c28-94ad-da50813ff67a:192.168.69.77:44611] with ContainerStateMachine:uninitialized
2019-07-14 16:53:44,281 [pool-58-thread-1] INFO  server.RaftServerConfigKeys (ConfUtils.java:logGet(43)) - raft.server.rpc.timeout.min = 5s (custom)
2019-07-14 16:53:44,281 [pool-58-thread-1] INFO  server.RaftServerConfigKeys (ConfUtils.java:logGet(43)) - raft.server.rpc.timeout.max = 5200ms (custom)
2019-07-14 16:53:44,281 [pool-58-thread-1] INFO  server.RaftServerConfigKeys (ConfUtils.java:logGet(43)) - raft.server.rpcslowness.timeout = 120s (custom)
2019-07-14 16:53:44,282 [pool-58-thread-1] INFO  server.RaftServerConfigKeys (ConfUtils.java:logGet(43)) - raft.server.sleep.deviation.threshold = 300 (default)
2019-07-14 16:53:44,282 [pool-58-thread-1] INFO  server.RaftServerConfigKeys (ConfUtils.java:logGet(43)) - raft.server.log.appender.install.snapshot.enabled = false (custom)
2019-07-14 16:53:44,282 [pool-58-thread-1] INFO  impl.RaftServerImpl (ServerState.java:<init>(105)) - cd3b767d-9cc0-4c28-94ad-da50813ff67a:group-8D8197DB9DA0 ConfigurationManager, init=-1: [cd3b767d-9cc0-4c28-94ad-da50813ff67a:192.168.69.77:44611], old=null, confs=<EMPTY_MAP>
2019-07-14 16:53:44,282 [pool-58-thread-1] INFO  server.RaftServerConfigKeys (ConfUtils.java:logGet(43)) - raft.server.storage.dir = [/workdir/hadoop-ozone/ozonefs/target/test-dir/MiniOzoneClusterImpl-6ee4de2d-eb38-45ee-bdf0-432cd2be9bed/datanode-1/data/ratis] (custom)
2019-07-14 16:53:44,283 [pool-58-thread-1] INFO  storage.RaftStorageDirectory (RaftStorageDirectory.java:analyzeStorage(246)) - The storage directory /workdir/hadoop-ozone/ozonefs/target/test-dir/MiniOzoneClusterImpl-6ee4de2d-eb38-45ee-bdf0-432cd2be9bed/datanode-1/data/ratis/43d6bbd9-828d-499c-8f44-8d8197db9da0 does not exist. Creating ...
2019-07-14 16:53:44,296 [pool-58-thread-1] INFO  storage.RaftStorageDirectory (RaftStorageDirectory.java:tryLock(328)) - Lock on /workdir/hadoop-ozone/ozonefs/target/test-dir/MiniOzoneClusterImpl-6ee4de2d-eb38-45ee-bdf0-432cd2be9bed/datanode-1/data/ratis/43d6bbd9-828d-499c-8f44-8d8197db9da0/in_use.lock acquired by nodename 30849@pr-hdds-1710-5x6jb-1204890111
2019-07-14 16:53:44,309 [pool-58-thread-1] INFO  storage.RaftStorage (RaftStorage.java:format(72)) - Storage directory /workdir/hadoop-ozone/ozonefs/target/test-dir/MiniOzoneClusterImpl-6ee4de2d-eb38-45ee-bdf0-432cd2be9bed/datanode-1/data/ratis/43d6bbd9-828d-499c-8f44-8d8197db9da0 has been successfully formatted.
2019-07-14 16:53:44,309 [pool-58-thread-1] INFO  ratis.ContainerStateMachine (ContainerStateMachine.java:loadSnapshot(200)) - The snapshot info is null.Setting the last applied index to:(t:0, i:~)
2019-07-14 16:53:44,309 [pool-58-thread-1] INFO  server.RaftServerConfigKeys (ConfUtils.java:logGet(43)) - raft.server.leader.election.timeout = 120s (custom)
2019-07-14 16:53:44,309 [pool-58-thread-1] INFO  server.RaftServerConfigKeys (ConfUtils.java:logGet(43)) - raft.server.log.use.memory = false (default)
2019-07-14 16:53:44,310 [pool-58-thread-1] INFO  server.RaftServerConfigKeys (ConfUtils.java:logGet(43)) - raft.server.log.purge.gap = 1000000000 (custom)
2019-07-14 16:53:44,310 [pool-58-thread-1] INFO  server.RaftServerConfigKeys (ConfUtils.java:logGet(43)) - raft.server.log.appender.buffer.byte-limit = 33554432 (custom)
2019-07-14 16:53:44,310 [pool-58-thread-1] INFO  server.RaftServerConfigKeys (ConfUtils.java:logGet(43)) - raft.server.log.segment.size.max = 1048576 (custom)
2019-07-14 16:53:44,310 [pool-58-thread-1] INFO  server.RaftServerConfigKeys (ConfUtils.java:logGet(43)) - raft.server.log.segment.cache.num.max = 2 (custom)
2019-07-14 16:53:44,311 [pool-58-thread-1] INFO  segmented.SegmentedRaftLogWorker (SegmentedRaftLogWorker.java:<init>(172)) - new cd3b767d-9cc0-4c28-94ad-da50813ff67a-SegmentedRaftLogWorker:Storage Directory /workdir/hadoop-ozone/ozonefs/target/test-dir/MiniOzoneClusterImpl-6ee4de2d-eb38-45ee-bdf0-432cd2be9bed/datanode-1/data/ratis/43d6bbd9-828d-499c-8f44-8d8197db9da0 for RaftStorage:Storage Directory /workdir/hadoop-ozone/ozonefs/target/test-dir/MiniOzoneClusterImpl-6ee4de2d-eb38-45ee-bdf0-432cd2be9bed/datanode-1/data/ratis/43d6bbd9-828d-499c-8f44-8d8197db9da0
2019-07-14 16:53:44,311 [pool-58-thread-1] INFO  server.RaftServerConfigKeys (ConfUtils.java:logGet(43)) - raft.server.log.queue.byte-limit = 2147483647 (custom)
2019-07-14 16:53:44,311 [pool-58-thread-1] INFO  server.RaftServerConfigKeys (ConfUtils.java:logGet(43)) - raft.server.log.queue.element-limit = 1024 (custom)
2019-07-14 16:53:44,311 [pool-58-thread-1] INFO  server.RaftServerConfigKeys (ConfUtils.java:logGet(43)) - raft.server.log.segment.size.max = 1048576 (custom)
2019-07-14 16:53:44,312 [pool-58-thread-1] INFO  server.RaftServerConfigKeys (ConfUtils.java:logGet(43)) - raft.server.log.preallocated.size = 16384 (custom)
2019-07-14 16:53:44,312 [pool-58-thread-1] INFO  server.RaftServerConfigKeys (ConfUtils.java:logGet(43)) - raft.server.log.write.buffer.size = 33554432 (custom)
2019-07-14 16:53:44,312 [pool-58-thread-1] INFO  server.RaftServerConfigKeys (ConfUtils.java:logGet(43)) - raft.server.log.force.sync.num = 128 (default)
2019-07-14 16:53:44,312 [pool-58-thread-1] INFO  server.RaftServerConfigKeys (ConfUtils.java:logGet(43)) - raft.server.log.statemachine.data.sync = true (default)
2019-07-14 16:53:44,313 [pool-58-thread-1] INFO  server.RaftServerConfigKeys (ConfUtils.java:logGet(43)) - raft.server.log.statemachine.data.sync.timeout = 10s (default)
2019-07-14 16:53:44,313 [pool-58-thread-1] INFO  server.RaftServerConfigKeys (ConfUtils.java:logGet(43)) - raft.server.log.statemachine.data.sync.timeout.retry = -1 (default)
2019-07-14 16:53:44,313 [pool-58-thread-1] INFO  server.RaftServerConfigKeys (ConfUtils.java:logGet(43)) - raft.server.log.statemachine.data.caching.enabled = true (custom)
2019-07-14 16:53:44,314 [pool-58-thread-1] INFO  segmented.SegmentedRaftLogWorker (SegmentedRaftLogWorker.java:lambda$new$0(132)) - cd3b767d-9cc0-4c28-94ad-da50813ff67a-SegmentedRaftLogWorker:Storage Directory /workdir/hadoop-ozone/ozonefs/target/test-dir/MiniOzoneClusterImpl-6ee4de2d-eb38-45ee-bdf0-432cd2be9bed/datanode-1/data/ratis/43d6bbd9-828d-499c-8f44-8d8197db9da0: flushIndex: setUnconditionally 0 -> -1
2019-07-14 16:53:44,314 [pool-58-thread-1] INFO  server.RaftServerConfigKeys (ConfUtils.java:logGet(43)) - raft.server.snapshot.auto.trigger.enabled = true (custom)
2019-07-14 16:53:44,314 [pool-58-thread-1] INFO  server.RaftServerConfigKeys (ConfUtils.java:logGet(43)) - raft.server.snapshot.auto.trigger.threshold = 10000 (custom)
2019-07-14 16:53:44,315 [pool-58-thread-1] INFO  server.RaftServerConfigKeys (ConfUtils.java:logGet(43)) - raft.server.retrycache.expirytime = 600000ms (custom)
2019-07-14 16:53:44,315 [pool-58-thread-1] INFO  impl.RaftServerImpl (RaftServerImpl.java:start(180)) - cd3b767d-9cc0-4c28-94ad-da50813ff67a: start group-8D8197DB9DA0
2019-07-14 16:53:44,315 [pool-58-thread-1] INFO  impl.RaftServerImpl (RaftServerImpl.java:setRole(171)) - cd3b767d-9cc0-4c28-94ad-da50813ff67a:group-8D8197DB9DA0 changes role from null to FOLLOWER at term 0 for startAsFollower
2019-07-14 16:53:44,315 [pool-58-thread-1] INFO  impl.RoleInfo (RoleInfo.java:updateAndGet(143)) - cd3b767d-9cc0-4c28-94ad-da50813ff67a: start FollowerState
2019-07-14 16:53:44,316 [pool-58-thread-1] INFO  util.JmxRegister (JmxRegister.java:tryRegister(44)) - Successfully registered JMX Bean with object name Ratis:service=RaftServer,group=group-8D8197DB9DA0,id=cd3b767d-9cc0-4c28-94ad-da50813ff67a
2019-07-14 16:53:44,327 [RatisPipelineUtilsThread] INFO  pipeline.PipelineStateManager (PipelineStateManager.java:addPipeline(56)) - Created pipeline Pipeline[ Id: 43d6bbd9-828d-499c-8f44-8d8197db9da0, Nodes: cd3b767d-9cc0-4c28-94ad-da50813ff67a{ip: 192.168.69.77, host: pr-hdds-1710-5x6jb-1204890111, networkLocation: /default-rack, certSerialId: null}, Type:RATIS, Factor:ONE, State:OPEN]
2019-07-14 16:53:44,348 [grpc-default-executor-0] INFO  impl.RaftServerProxy (RaftServerProxy.java:addNew(89)) - be72da87-b6db-47f6-aa3d-ccbf663d0ade: addNew group-9D8C2CBF9BEB:[be72da87-b6db-47f6-aa3d-ccbf663d0ade:192.168.69.77:43756] returns group-9D8C2CBF9BEB:java.util.concurrent.CompletableFuture@7242625f[Not completed]
2019-07-14 16:53:44,349 [pool-100-thread-1] INFO  impl.RaftServerImpl (RaftServerImpl.java:<init>(93)) - be72da87-b6db-47f6-aa3d-ccbf663d0ade: new RaftServerImpl for group-9D8C2CBF9BEB:[be72da87-b6db-47f6-aa3d-ccbf663d0ade:192.168.69.77:43756] with ContainerStateMachine:uninitialized
2019-07-14 16:53:44,350 [pool-100-thread-1] INFO  server.RaftServerConfigKeys (ConfUtils.java:logGet(43)) - raft.server.rpc.timeout.min = 5s (custom)
2019-07-14 16:53:44,350 [pool-100-thread-1] INFO  server.RaftServerConfigKeys (ConfUtils.java:logGet(43)) - raft.server.rpc.timeout.max = 5200ms (custom)
2019-07-14 16:53:44,350 [pool-100-thread-1] INFO  server.RaftServerConfigKeys (ConfUtils.java:logGet(43)) - raft.server.rpcslowness.timeout = 120s (custom)
2019-07-14 16:53:44,350 [pool-100-thread-1] INFO  server.RaftServerConfigKeys (ConfUtils.java:logGet(43)) - raft.server.sleep.deviation.threshold = 300 (default)
2019-07-14 16:53:44,350 [pool-100-thread-1] INFO  server.RaftServerConfigKeys (ConfUtils.java:logGet(43)) - raft.server.log.appender.install.snapshot.enabled = false (custom)
2019-07-14 16:53:44,351 [pool-100-thread-1] INFO  impl.RaftServerImpl (ServerState.java:<init>(105)) - be72da87-b6db-47f6-aa3d-ccbf663d0ade:group-9D8C2CBF9BEB ConfigurationManager, init=-1: [be72da87-b6db-47f6-aa3d-ccbf663d0ade:192.168.69.77:43756], old=null, confs=<EMPTY_MAP>
2019-07-14 16:53:44,351 [pool-100-thread-1] INFO  server.RaftServerConfigKeys (ConfUtils.java:logGet(43)) - raft.server.storage.dir = [/workdir/hadoop-ozone/ozonefs/target/test-dir/MiniOzoneClusterImpl-6ee4de2d-eb38-45ee-bdf0-432cd2be9bed/datanode-3/data/ratis] (custom)
2019-07-14 16:53:44,351 [pool-100-thread-1] INFO  storage.RaftStorageDirectory (RaftStorageDirectory.java:analyzeStorage(246)) - The storage directory /workdir/hadoop-ozone/ozonefs/target/test-dir/MiniOzoneClusterImpl-6ee4de2d-eb38-45ee-bdf0-432cd2be9bed/datanode-3/data/ratis/bd88e758-b379-4cc0-9fb1-9d8c2cbf9beb does not exist. Creating ...
2019-07-14 16:53:44,364 [pool-100-thread-1] INFO  storage.RaftStorageDirectory (RaftStorageDirectory.java:tryLock(328)) - Lock on /workdir/hadoop-ozone/ozonefs/target/test-dir/MiniOzoneClusterImpl-6ee4de2d-eb38-45ee-bdf0-432cd2be9bed/datanode-3/data/ratis/bd88e758-b379-4cc0-9fb1-9d8c2cbf9beb/in_use.lock acquired by nodename 30849@pr-hdds-1710-5x6jb-1204890111
2019-07-14 16:53:44,377 [pool-100-thread-1] INFO  storage.RaftStorage (RaftStorage.java:format(72)) - Storage directory /workdir/hadoop-ozone/ozonefs/target/test-dir/MiniOzoneClusterImpl-6ee4de2d-eb38-45ee-bdf0-432cd2be9bed/datanode-3/data/ratis/bd88e758-b379-4cc0-9fb1-9d8c2cbf9beb has been successfully formatted.
2019-07-14 16:53:44,377 [pool-100-thread-1] INFO  ratis.ContainerStateMachine (ContainerStateMachine.java:loadSnapshot(200)) - The snapshot info is null.Setting the last applied index to:(t:0, i:~)
2019-07-14 16:53:44,377 [pool-100-thread-1] INFO  server.RaftServerConfigKeys (ConfUtils.java:logGet(43)) - raft.server.leader.election.timeout = 120s (custom)
2019-07-14 16:53:44,377 [pool-100-thread-1] INFO  server.RaftServerConfigKeys (ConfUtils.java:logGet(43)) - raft.server.log.use.memory = false (default)
2019-07-14 16:53:44,378 [pool-100-thread-1] INFO  server.RaftServerConfigKeys (ConfUtils.java:logGet(43)) - raft.server.log.purge.gap = 1000000000 (custom)
2019-07-14 16:53:44,378 [pool-100-thread-1] INFO  server.RaftServerConfigKeys (ConfUtils.java:logGet(43)) - raft.server.log.appender.buffer.byte-limit = 33554432 (custom)
2019-07-14 16:53:44,378 [pool-100-thread-1] INFO  server.RaftServerConfigKeys (ConfUtils.java:logGet(43)) - raft.server.log.segment.size.max = 1048576 (custom)
2019-07-14 16:53:44,378 [pool-100-thread-1] INFO  server.RaftServerConfigKeys (ConfUtils.java:logGet(43)) - raft.server.log.segment.cache.num.max = 2 (custom)
2019-07-14 16:53:44,378 [pool-100-thread-1] INFO  segmented.SegmentedRaftLogWorker (SegmentedRaftLogWorker.java:<init>(172)) - new be72da87-b6db-47f6-aa3d-ccbf663d0ade-SegmentedRaftLogWorker:Storage Directory /workdir/hadoop-ozone/ozonefs/target/test-dir/MiniOzoneClusterImpl-6ee4de2d-eb38-45ee-bdf0-432cd2be9bed/datanode-3/data/ratis/bd88e758-b379-4cc0-9fb1-9d8c2cbf9beb for RaftStorage:Storage Directory /workdir/hadoop-ozone/ozonefs/target/test-dir/MiniOzoneClusterImpl-6ee4de2d-eb38-45ee-bdf0-432cd2be9bed/datanode-3/data/ratis/bd88e758-b379-4cc0-9fb1-9d8c2cbf9beb
2019-07-14 16:53:44,379 [pool-100-thread-1] INFO  server.RaftServerConfigKeys (ConfUtils.java:logGet(43)) - raft.server.log.queue.byte-limit = 2147483647 (custom)
2019-07-14 16:53:44,379 [pool-100-thread-1] INFO  server.RaftServerConfigKeys (ConfUtils.java:logGet(43)) - raft.server.log.queue.element-limit = 1024 (custom)
2019-07-14 16:53:44,379 [pool-100-thread-1] INFO  server.RaftServerConfigKeys (ConfUtils.java:logGet(43)) - raft.server.log.segment.size.max = 1048576 (custom)
2019-07-14 16:53:44,379 [pool-100-thread-1] INFO  server.RaftServerConfigKeys (ConfUtils.java:logGet(43)) - raft.server.log.preallocated.size = 16384 (custom)
2019-07-14 16:53:44,379 [pool-100-thread-1] INFO  server.RaftServerConfigKeys (ConfUtils.java:logGet(43)) - raft.server.log.write.buffer.size = 33554432 (custom)
2019-07-14 16:53:44,379 [pool-100-thread-1] INFO  server.RaftServerConfigKeys (ConfUtils.java:logGet(43)) - raft.server.log.force.sync.num = 128 (default)
2019-07-14 16:53:44,380 [pool-100-thread-1] INFO  server.RaftServerConfigKeys (ConfUtils.java:logGet(43)) - raft.server.log.statemachine.data.sync = true (default)
2019-07-14 16:53:44,380 [pool-100-thread-1] INFO  server.RaftServerConfigKeys (ConfUtils.java:logGet(43)) - raft.server.log.statemachine.data.sync.timeout = 10s (default)
2019-07-14 16:53:44,380 [pool-100-thread-1] INFO  server.RaftServerConfigKeys (ConfUtils.java:logGet(43)) - raft.server.log.statemachine.data.sync.timeout.retry = -1 (default)
2019-07-14 16:53:44,380 [pool-100-thread-1] INFO  server.RaftServerConfigKeys (ConfUtils.java:logGet(43)) - raft.server.log.statemachine.data.caching.enabled = true (custom)
2019-07-14 16:53:44,381 [pool-100-thread-1] INFO  segmented.SegmentedRaftLogWorker (SegmentedRaftLogWorker.java:lambda$new$0(132)) - be72da87-b6db-47f6-aa3d-ccbf663d0ade-SegmentedRaftLogWorker:Storage Directory /workdir/hadoop-ozone/ozonefs/target/test-dir/MiniOzoneClusterImpl-6ee4de2d-eb38-45ee-bdf0-432cd2be9bed/datanode-3/data/ratis/bd88e758-b379-4cc0-9fb1-9d8c2cbf9beb: flushIndex: setUnconditionally 0 -> -1
2019-07-14 16:53:44,381 [pool-100-thread-1] INFO  server.RaftServerConfigKeys (ConfUtils.java:logGet(43)) - raft.server.snapshot.auto.trigger.enabled = true (custom)
2019-07-14 16:53:44,381 [pool-100-thread-1] INFO  server.RaftServerConfigKeys (ConfUtils.java:logGet(43)) - raft.server.snapshot.auto.trigger.threshold = 10000 (custom)
2019-07-14 16:53:44,381 [pool-100-thread-1] INFO  server.RaftServerConfigKeys (ConfUtils.java:logGet(43)) - raft.server.retrycache.expirytime = 600000ms (custom)
2019-07-14 16:53:44,382 [pool-100-thread-1] INFO  impl.RaftServerImpl (RaftServerImpl.java:start(180)) - be72da87-b6db-47f6-aa3d-ccbf663d0ade: start group-9D8C2CBF9BEB
2019-07-14 16:53:44,382 [pool-100-thread-1] INFO  impl.RaftServerImpl (RaftServerImpl.java:setRole(171)) - be72da87-b6db-47f6-aa3d-ccbf663d0ade:group-9D8C2CBF9BEB changes role from null to FOLLOWER at term 0 for startAsFollower
2019-07-14 16:53:44,382 [pool-100-thread-1] INFO  impl.RoleInfo (RoleInfo.java:updateAndGet(143)) - be72da87-b6db-47f6-aa3d-ccbf663d0ade: start FollowerState
2019-07-14 16:53:44,382 [pool-100-thread-1] INFO  util.JmxRegister (JmxRegister.java:tryRegister(44)) - Successfully registered JMX Bean with object name Ratis:service=RaftServer,group=group-9D8C2CBF9BEB,id=be72da87-b6db-47f6-aa3d-ccbf663d0ade
2019-07-14 16:53:44,393 [RatisPipelineUtilsThread] INFO  pipeline.PipelineStateManager (PipelineStateManager.java:addPipeline(56)) - Created pipeline Pipeline[ Id: bd88e758-b379-4cc0-9fb1-9d8c2cbf9beb, Nodes: be72da87-b6db-47f6-aa3d-ccbf663d0ade{ip: 192.168.69.77, host: pr-hdds-1710-5x6jb-1204890111, networkLocation: /default-rack, certSerialId: null}, Type:RATIS, Factor:ONE, State:OPEN]
2019-07-14 16:53:44,417 [grpc-default-executor-0] INFO  impl.RaftServerProxy (RaftServerProxy.java:addNew(89)) - dd961e0b-ae4a-4124-9830-5bae9cb7d7c0: addNew group-FC8FE8195674:[dd961e0b-ae4a-4124-9830-5bae9cb7d7c0:192.168.69.77:44747] returns group-FC8FE8195674:java.util.concurrent.CompletableFuture@33232c09[Not completed]
2019-07-14 16:53:44,418 [pool-121-thread-1] INFO  impl.RaftServerImpl (RaftServerImpl.java:<init>(93)) - dd961e0b-ae4a-4124-9830-5bae9cb7d7c0: new RaftServerImpl for group-FC8FE8195674:[dd961e0b-ae4a-4124-9830-5bae9cb7d7c0:192.168.69.77:44747] with ContainerStateMachine:uninitialized
2019-07-14 16:53:44,418 [pool-121-thread-1] INFO  server.RaftServerConfigKeys (ConfUtils.java:logGet(43)) - raft.server.rpc.timeout.min = 5s (custom)
2019-07-14 16:53:44,418 [pool-121-thread-1] INFO  server.RaftServerConfigKeys (ConfUtils.java:logGet(43)) - raft.server.rpc.timeout.max = 5200ms (custom)
2019-07-14 16:53:44,418 [pool-121-thread-1] INFO  server.RaftServerConfigKeys (ConfUtils.java:logGet(43)) - raft.server.rpcslowness.timeout = 120s (custom)
2019-07-14 16:53:44,418 [pool-121-thread-1] INFO  server.RaftServerConfigKeys (ConfUtils.java:logGet(43)) - raft.server.sleep.deviation.threshold = 300 (default)
2019-07-14 16:53:44,418 [pool-121-thread-1] INFO  server.RaftServerConfigKeys (ConfUtils.java:logGet(43)) - raft.server.log.appender.install.snapshot.enabled = false (custom)
2019-07-14 16:53:44,419 [pool-121-thread-1] INFO  impl.RaftServerImpl (ServerState.java:<init>(105)) - dd961e0b-ae4a-4124-9830-5bae9cb7d7c0:group-FC8FE8195674 ConfigurationManager, init=-1: [dd961e0b-ae4a-4124-9830-5bae9cb7d7c0:192.168.69.77:44747], old=null, confs=<EMPTY_MAP>
2019-07-14 16:53:44,419 [pool-121-thread-1] INFO  server.RaftServerConfigKeys (ConfUtils.java:logGet(43)) - raft.server.storage.dir = [/workdir/hadoop-ozone/ozonefs/target/test-dir/MiniOzoneClusterImpl-6ee4de2d-eb38-45ee-bdf0-432cd2be9bed/datanode-4/data/ratis] (custom)
2019-07-14 16:53:44,419 [pool-121-thread-1] INFO  storage.RaftStorageDirectory (RaftStorageDirectory.java:analyzeStorage(246)) - The storage directory /workdir/hadoop-ozone/ozonefs/target/test-dir/MiniOzoneClusterImpl-6ee4de2d-eb38-45ee-bdf0-432cd2be9bed/datanode-4/data/ratis/939d1255-03c7-4fe7-a26d-fc8fe8195674 does not exist. Creating ...
2019-07-14 16:53:44,432 [pool-121-thread-1] INFO  storage.RaftStorageDirectory (RaftStorageDirectory.java:tryLock(328)) - Lock on /workdir/hadoop-ozone/ozonefs/target/test-dir/MiniOzoneClusterImpl-6ee4de2d-eb38-45ee-bdf0-432cd2be9bed/datanode-4/data/ratis/939d1255-03c7-4fe7-a26d-fc8fe8195674/in_use.lock acquired by nodename 30849@pr-hdds-1710-5x6jb-1204890111
2019-07-14 16:53:44,444 [pool-121-thread-1] INFO  storage.RaftStorage (RaftStorage.java:format(72)) - Storage directory /workdir/hadoop-ozone/ozonefs/target/test-dir/MiniOzoneClusterImpl-6ee4de2d-eb38-45ee-bdf0-432cd2be9bed/datanode-4/data/ratis/939d1255-03c7-4fe7-a26d-fc8fe8195674 has been successfully formatted.
2019-07-14 16:53:44,444 [pool-121-thread-1] INFO  ratis.ContainerStateMachine (ContainerStateMachine.java:loadSnapshot(200)) - The snapshot info is null.Setting the last applied index to:(t:0, i:~)
2019-07-14 16:53:44,445 [pool-121-thread-1] INFO  server.RaftServerConfigKeys (ConfUtils.java:logGet(43)) - raft.server.leader.election.timeout = 120s (custom)
2019-07-14 16:53:44,445 [pool-121-thread-1] INFO  server.RaftServerConfigKeys (ConfUtils.java:logGet(43)) - raft.server.log.use.memory = false (default)
2019-07-14 16:53:44,445 [pool-121-thread-1] INFO  server.RaftServerConfigKeys (ConfUtils.java:logGet(43)) - raft.server.log.purge.gap = 1000000000 (custom)
2019-07-14 16:53:44,445 [pool-121-thread-1] INFO  server.RaftServerConfigKeys (ConfUtils.java:logGet(43)) - raft.server.log.appender.buffer.byte-limit = 33554432 (custom)
2019-07-14 16:53:44,445 [pool-121-thread-1] INFO  server.RaftServerConfigKeys (ConfUtils.java:logGet(43)) - raft.server.log.segment.size.max = 1048576 (custom)
2019-07-14 16:53:44,445 [pool-121-thread-1] INFO  server.RaftServerConfigKeys (ConfUtils.java:logGet(43)) - raft.server.log.segment.cache.num.max = 2 (custom)
2019-07-14 16:53:44,446 [pool-121-thread-1] INFO  segmented.SegmentedRaftLogWorker (SegmentedRaftLogWorker.java:<init>(172)) - new dd961e0b-ae4a-4124-9830-5bae9cb7d7c0-SegmentedRaftLogWorker:Storage Directory /workdir/hadoop-ozone/ozonefs/target/test-dir/MiniOzoneClusterImpl-6ee4de2d-eb38-45ee-bdf0-432cd2be9bed/datanode-4/data/ratis/939d1255-03c7-4fe7-a26d-fc8fe8195674 for RaftStorage:Storage Directory /workdir/hadoop-ozone/ozonefs/target/test-dir/MiniOzoneClusterImpl-6ee4de2d-eb38-45ee-bdf0-432cd2be9bed/datanode-4/data/ratis/939d1255-03c7-4fe7-a26d-fc8fe8195674
2019-07-14 16:53:44,446 [pool-121-thread-1] INFO  server.RaftServerConfigKeys (ConfUtils.java:logGet(43)) - raft.server.log.queue.byte-limit = 2147483647 (custom)
2019-07-14 16:53:44,446 [pool-121-thread-1] INFO  server.RaftServerConfigKeys (ConfUtils.java:logGet(43)) - raft.server.log.queue.element-limit = 1024 (custom)
2019-07-14 16:53:44,446 [pool-121-thread-1] INFO  server.RaftServerConfigKeys (ConfUtils.java:logGet(43)) - raft.server.log.segment.size.max = 1048576 (custom)
2019-07-14 16:53:44,446 [pool-121-thread-1] INFO  server.RaftServerConfigKeys (ConfUtils.java:logGet(43)) - raft.server.log.preallocated.size = 16384 (custom)
2019-07-14 16:53:44,446 [pool-121-thread-1] INFO  server.RaftServerConfigKeys (ConfUtils.java:logGet(43)) - raft.server.log.write.buffer.size = 33554432 (custom)
2019-07-14 16:53:44,447 [pool-121-thread-1] INFO  server.RaftServerConfigKeys (ConfUtils.java:logGet(43)) - raft.server.log.force.sync.num = 128 (default)
2019-07-14 16:53:44,447 [pool-121-thread-1] INFO  server.RaftServerConfigKeys (ConfUtils.java:logGet(43)) - raft.server.log.statemachine.data.sync = true (default)
2019-07-14 16:53:44,447 [pool-121-thread-1] INFO  server.RaftServerConfigKeys (ConfUtils.java:logGet(43)) - raft.server.log.statemachine.data.sync.timeout = 10s (default)
2019-07-14 16:53:44,447 [pool-121-thread-1] INFO  server.RaftServerConfigKeys (ConfUtils.java:logGet(43)) - raft.server.log.statemachine.data.sync.timeout.retry = -1 (default)
2019-07-14 16:53:44,447 [pool-121-thread-1] INFO  server.RaftServerConfigKeys (ConfUtils.java:logGet(43)) - raft.server.log.statemachine.data.caching.enabled = true (custom)
2019-07-14 16:53:44,448 [pool-121-thread-1] INFO  segmented.SegmentedRaftLogWorker (SegmentedRaftLogWorker.java:lambda$new$0(132)) - dd961e0b-ae4a-4124-9830-5bae9cb7d7c0-SegmentedRaftLogWorker:Storage Directory /workdir/hadoop-ozone/ozonefs/target/test-dir/MiniOzoneClusterImpl-6ee4de2d-eb38-45ee-bdf0-432cd2be9bed/datanode-4/data/ratis/939d1255-03c7-4fe7-a26d-fc8fe8195674: flushIndex: setUnconditionally 0 -> -1
2019-07-14 16:53:44,448 [pool-121-thread-1] INFO  server.RaftServerConfigKeys (ConfUtils.java:logGet(43)) - raft.server.snapshot.auto.trigger.enabled = true (custom)
2019-07-14 16:53:44,448 [pool-121-thread-1] INFO  server.RaftServerConfigKeys (ConfUtils.java:logGet(43)) - raft.server.snapshot.auto.trigger.threshold = 10000 (custom)
2019-07-14 16:53:44,449 [pool-121-thread-1] INFO  server.RaftServerConfigKeys (ConfUtils.java:logGet(43)) - raft.server.retrycache.expirytime = 600000ms (custom)
2019-07-14 16:53:44,449 [pool-121-thread-1] INFO  impl.RaftServerImpl (RaftServerImpl.java:start(180)) - dd961e0b-ae4a-4124-9830-5bae9cb7d7c0: start group-FC8FE8195674
2019-07-14 16:53:44,449 [pool-121-thread-1] INFO  impl.RaftServerImpl (RaftServerImpl.java:setRole(171)) - dd961e0b-ae4a-4124-9830-5bae9cb7d7c0:group-FC8FE8195674 changes role from null to FOLLOWER at term 0 for startAsFollower
2019-07-14 16:53:44,449 [pool-121-thread-1] INFO  impl.RoleInfo (RoleInfo.java:updateAndGet(143)) - dd961e0b-ae4a-4124-9830-5bae9cb7d7c0: start FollowerState
2019-07-14 16:53:44,450 [pool-121-thread-1] INFO  util.JmxRegister (JmxRegister.java:tryRegister(44)) - Successfully registered JMX Bean with object name Ratis:service=RaftServer,group=group-FC8FE8195674,id=dd961e0b-ae4a-4124-9830-5bae9cb7d7c0
2019-07-14 16:53:44,463 [RatisPipelineUtilsThread] INFO  pipeline.PipelineStateManager (PipelineStateManager.java:addPipeline(56)) - Created pipeline Pipeline[ Id: 939d1255-03c7-4fe7-a26d-fc8fe8195674, Nodes: dd961e0b-ae4a-4124-9830-5bae9cb7d7c0{ip: 192.168.69.77, host: pr-hdds-1710-5x6jb-1204890111, networkLocation: /default-rack, certSerialId: null}, Type:RATIS, Factor:ONE, State:OPEN]
2019-07-14 16:53:44,511 [grpc-default-executor-1] INFO  impl.RaftServerProxy (RaftServerProxy.java:addNew(89)) - be72da87-b6db-47f6-aa3d-ccbf663d0ade: addNew group-34371A4E34F0:[cd3b767d-9cc0-4c28-94ad-da50813ff67a:192.168.69.77:44611, b983e297-60dd-4729-9b86-b96168473733:192.168.69.77:40801, be72da87-b6db-47f6-aa3d-ccbf663d0ade:192.168.69.77:43756] returns group-34371A4E34F0:java.util.concurrent.CompletableFuture@6e294427[Not completed]
2019-07-14 16:53:44,513 [pool-100-thread-1] INFO  impl.RaftServerImpl (RaftServerImpl.java:<init>(93)) - be72da87-b6db-47f6-aa3d-ccbf663d0ade: new RaftServerImpl for group-34371A4E34F0:[cd3b767d-9cc0-4c28-94ad-da50813ff67a:192.168.69.77:44611, b983e297-60dd-4729-9b86-b96168473733:192.168.69.77:40801, be72da87-b6db-47f6-aa3d-ccbf663d0ade:192.168.69.77:43756] with ContainerStateMachine:uninitialized
2019-07-14 16:53:44,514 [pool-100-thread-1] INFO  server.RaftServerConfigKeys (ConfUtils.java:logGet(43)) - raft.server.rpc.timeout.min = 5s (custom)
2019-07-14 16:53:44,515 [pool-100-thread-1] INFO  server.RaftServerConfigKeys (ConfUtils.java:logGet(43)) - raft.server.rpc.timeout.max = 5200ms (custom)
2019-07-14 16:53:44,515 [pool-100-thread-1] INFO  server.RaftServerConfigKeys (ConfUtils.java:logGet(43)) - raft.server.rpcslowness.timeout = 120s (custom)
2019-07-14 16:53:44,517 [pool-100-thread-1] INFO  server.RaftServerConfigKeys (ConfUtils.java:logGet(43)) - raft.server.sleep.deviation.threshold = 300 (default)
2019-07-14 16:53:44,517 [grpc-default-executor-1] INFO  impl.RaftServerProxy (RaftServerProxy.java:addNew(89)) - cd3b767d-9cc0-4c28-94ad-da50813ff67a: addNew group-34371A4E34F0:[cd3b767d-9cc0-4c28-94ad-da50813ff67a:192.168.69.77:44611, b983e297-60dd-4729-9b86-b96168473733:192.168.69.77:40801, be72da87-b6db-47f6-aa3d-ccbf663d0ade:192.168.69.77:43756] returns group-34371A4E34F0:java.util.concurrent.CompletableFuture@46edfe23[Not completed]
2019-07-14 16:53:44,517 [pool-100-thread-1] INFO  server.RaftServerConfigKeys (ConfUtils.java:logGet(43)) - raft.server.log.appender.install.snapshot.enabled = false (custom)
2019-07-14 16:53:44,517 [pool-100-thread-1] INFO  impl.RaftServerImpl (ServerState.java:<init>(105)) - be72da87-b6db-47f6-aa3d-ccbf663d0ade:group-34371A4E34F0 ConfigurationManager, init=-1: [cd3b767d-9cc0-4c28-94ad-da50813ff67a:192.168.69.77:44611, b983e297-60dd-4729-9b86-b96168473733:192.168.69.77:40801, be72da87-b6db-47f6-aa3d-ccbf663d0ade:192.168.69.77:43756], old=null, confs=<EMPTY_MAP>
2019-07-14 16:53:44,517 [pool-100-thread-1] INFO  server.RaftServerConfigKeys (ConfUtils.java:logGet(43)) - raft.server.storage.dir = [/workdir/hadoop-ozone/ozonefs/target/test-dir/MiniOzoneClusterImpl-6ee4de2d-eb38-45ee-bdf0-432cd2be9bed/datanode-3/data/ratis] (custom)
2019-07-14 16:53:44,517 [grpc-default-executor-0] INFO  impl.RaftServerProxy (RaftServerProxy.java:addNew(89)) - b983e297-60dd-4729-9b86-b96168473733: addNew group-34371A4E34F0:[cd3b767d-9cc0-4c28-94ad-da50813ff67a:192.168.69.77:44611, b983e297-60dd-4729-9b86-b96168473733:192.168.69.77:40801, be72da87-b6db-47f6-aa3d-ccbf663d0ade:192.168.69.77:43756] returns group-34371A4E34F0:java.util.concurrent.CompletableFuture@6de0dac9[Not completed]
2019-07-14 16:53:44,518 [pool-100-thread-1] INFO  storage.RaftStorageDirectory (RaftStorageDirectory.java:analyzeStorage(246)) - The storage directory /workdir/hadoop-ozone/ozonefs/target/test-dir/MiniOzoneClusterImpl-6ee4de2d-eb38-45ee-bdf0-432cd2be9bed/datanode-3/data/ratis/94145d67-98df-4252-96cc-34371a4e34f0 does not exist. Creating ...
2019-07-14 16:53:44,518 [pool-58-thread-1] INFO  impl.RaftServerImpl (RaftServerImpl.java:<init>(93)) - cd3b767d-9cc0-4c28-94ad-da50813ff67a: new RaftServerImpl for group-34371A4E34F0:[cd3b767d-9cc0-4c28-94ad-da50813ff67a:192.168.69.77:44611, b983e297-60dd-4729-9b86-b96168473733:192.168.69.77:40801, be72da87-b6db-47f6-aa3d-ccbf663d0ade:192.168.69.77:43756] with ContainerStateMachine:uninitialized
2019-07-14 16:53:44,518 [pool-58-thread-1] INFO  server.RaftServerConfigKeys (ConfUtils.java:logGet(43)) - raft.server.rpc.timeout.min = 5s (custom)
2019-07-14 16:53:44,518 [pool-58-thread-1] INFO  server.RaftServerConfigKeys (ConfUtils.java:logGet(43)) - raft.server.rpc.timeout.max = 5200ms (custom)
2019-07-14 16:53:44,518 [pool-58-thread-1] INFO  server.RaftServerConfigKeys (ConfUtils.java:logGet(43)) - raft.server.rpcslowness.timeout = 120s (custom)
2019-07-14 16:53:44,519 [pool-58-thread-1] INFO  server.RaftServerConfigKeys (ConfUtils.java:logGet(43)) - raft.server.sleep.deviation.threshold = 300 (default)
2019-07-14 16:53:44,519 [pool-58-thread-1] INFO  server.RaftServerConfigKeys (ConfUtils.java:logGet(43)) - raft.server.log.appender.install.snapshot.enabled = false (custom)
2019-07-14 16:53:44,519 [pool-58-thread-1] INFO  impl.RaftServerImpl (ServerState.java:<init>(105)) - cd3b767d-9cc0-4c28-94ad-da50813ff67a:group-34371A4E34F0 ConfigurationManager, init=-1: [cd3b767d-9cc0-4c28-94ad-da50813ff67a:192.168.69.77:44611, b983e297-60dd-4729-9b86-b96168473733:192.168.69.77:40801, be72da87-b6db-47f6-aa3d-ccbf663d0ade:192.168.69.77:43756], old=null, confs=<EMPTY_MAP>
2019-07-14 16:53:44,519 [pool-58-thread-1] INFO  server.RaftServerConfigKeys (ConfUtils.java:logGet(43)) - raft.server.storage.dir = [/workdir/hadoop-ozone/ozonefs/target/test-dir/MiniOzoneClusterImpl-6ee4de2d-eb38-45ee-bdf0-432cd2be9bed/datanode-1/data/ratis] (custom)
2019-07-14 16:53:44,519 [pool-79-thread-1] INFO  impl.RaftServerImpl (RaftServerImpl.java:<init>(93)) - b983e297-60dd-4729-9b86-b96168473733: new RaftServerImpl for group-34371A4E34F0:[cd3b767d-9cc0-4c28-94ad-da50813ff67a:192.168.69.77:44611, b983e297-60dd-4729-9b86-b96168473733:192.168.69.77:40801, be72da87-b6db-47f6-aa3d-ccbf663d0ade:192.168.69.77:43756] with ContainerStateMachine:uninitialized
2019-07-14 16:53:44,519 [pool-58-thread-1] INFO  storage.RaftStorageDirectory (RaftStorageDirectory.java:analyzeStorage(246)) - The storage directory /workdir/hadoop-ozone/ozonefs/target/test-dir/MiniOzoneClusterImpl-6ee4de2d-eb38-45ee-bdf0-432cd2be9bed/datanode-1/data/ratis/94145d67-98df-4252-96cc-34371a4e34f0 does not exist. Creating ...
2019-07-14 16:53:44,519 [pool-79-thread-1] INFO  server.RaftServerConfigKeys (ConfUtils.java:logGet(43)) - raft.server.rpc.timeout.min = 5s (custom)
2019-07-14 16:53:44,520 [pool-79-thread-1] INFO  server.RaftServerConfigKeys (ConfUtils.java:logGet(43)) - raft.server.rpc.timeout.max = 5200ms (custom)
2019-07-14 16:53:44,520 [pool-79-thread-1] INFO  server.RaftServerConfigKeys (ConfUtils.java:logGet(43)) - raft.server.rpcslowness.timeout = 120s (custom)
2019-07-14 16:53:44,520 [pool-79-thread-1] INFO  server.RaftServerConfigKeys (ConfUtils.java:logGet(43)) - raft.server.sleep.deviation.threshold = 300 (default)
2019-07-14 16:53:44,520 [pool-79-thread-1] INFO  server.RaftServerConfigKeys (ConfUtils.java:logGet(43)) - raft.server.log.appender.install.snapshot.enabled = false (custom)
2019-07-14 16:53:44,520 [pool-79-thread-1] INFO  impl.RaftServerImpl (ServerState.java:<init>(105)) - b983e297-60dd-4729-9b86-b96168473733:group-34371A4E34F0 ConfigurationManager, init=-1: [cd3b767d-9cc0-4c28-94ad-da50813ff67a:192.168.69.77:44611, b983e297-60dd-4729-9b86-b96168473733:192.168.69.77:40801, be72da87-b6db-47f6-aa3d-ccbf663d0ade:192.168.69.77:43756], old=null, confs=<EMPTY_MAP>
2019-07-14 16:53:44,521 [pool-79-thread-1] INFO  server.RaftServerConfigKeys (ConfUtils.java:logGet(43)) - raft.server.storage.dir = [/workdir/hadoop-ozone/ozonefs/target/test-dir/MiniOzoneClusterImpl-6ee4de2d-eb38-45ee-bdf0-432cd2be9bed/datanode-2/data/ratis] (custom)
2019-07-14 16:53:44,521 [pool-79-thread-1] INFO  storage.RaftStorageDirectory (RaftStorageDirectory.java:analyzeStorage(246)) - The storage directory /workdir/hadoop-ozone/ozonefs/target/test-dir/MiniOzoneClusterImpl-6ee4de2d-eb38-45ee-bdf0-432cd2be9bed/datanode-2/data/ratis/94145d67-98df-4252-96cc-34371a4e34f0 does not exist. Creating ...
2019-07-14 16:53:44,528 [pool-58-thread-1] INFO  storage.RaftStorageDirectory (RaftStorageDirectory.java:tryLock(328)) - Lock on /workdir/hadoop-ozone/ozonefs/target/test-dir/MiniOzoneClusterImpl-6ee4de2d-eb38-45ee-bdf0-432cd2be9bed/datanode-1/data/ratis/94145d67-98df-4252-96cc-34371a4e34f0/in_use.lock acquired by nodename 30849@pr-hdds-1710-5x6jb-1204890111
2019-07-14 16:53:44,528 [pool-100-thread-1] INFO  storage.RaftStorageDirectory (RaftStorageDirectory.java:tryLock(328)) - Lock on /workdir/hadoop-ozone/ozonefs/target/test-dir/MiniOzoneClusterImpl-6ee4de2d-eb38-45ee-bdf0-432cd2be9bed/datanode-3/data/ratis/94145d67-98df-4252-96cc-34371a4e34f0/in_use.lock acquired by nodename 30849@pr-hdds-1710-5x6jb-1204890111
2019-07-14 16:53:44,528 [pool-79-thread-1] INFO  storage.RaftStorageDirectory (RaftStorageDirectory.java:tryLock(328)) - Lock on /workdir/hadoop-ozone/ozonefs/target/test-dir/MiniOzoneClusterImpl-6ee4de2d-eb38-45ee-bdf0-432cd2be9bed/datanode-2/data/ratis/94145d67-98df-4252-96cc-34371a4e34f0/in_use.lock acquired by nodename 30849@pr-hdds-1710-5x6jb-1204890111
2019-07-14 16:53:44,543 [pool-100-thread-1] INFO  storage.RaftStorage (RaftStorage.java:format(72)) - Storage directory /workdir/hadoop-ozone/ozonefs/target/test-dir/MiniOzoneClusterImpl-6ee4de2d-eb38-45ee-bdf0-432cd2be9bed/datanode-3/data/ratis/94145d67-98df-4252-96cc-34371a4e34f0 has been successfully formatted.
2019-07-14 16:53:44,543 [pool-58-thread-1] INFO  storage.RaftStorage (RaftStorage.java:format(72)) - Storage directory /workdir/hadoop-ozone/ozonefs/target/test-dir/MiniOzoneClusterImpl-6ee4de2d-eb38-45ee-bdf0-432cd2be9bed/datanode-1/data/ratis/94145d67-98df-4252-96cc-34371a4e34f0 has been successfully formatted.
2019-07-14 16:53:44,543 [pool-79-thread-1] INFO  storage.RaftStorage (RaftStorage.java:format(72)) - Storage directory /workdir/hadoop-ozone/ozonefs/target/test-dir/MiniOzoneClusterImpl-6ee4de2d-eb38-45ee-bdf0-432cd2be9bed/datanode-2/data/ratis/94145d67-98df-4252-96cc-34371a4e34f0 has been successfully formatted.
2019-07-14 16:53:44,543 [pool-100-thread-1] INFO  ratis.ContainerStateMachine (ContainerStateMachine.java:loadSnapshot(200)) - The snapshot info is null.Setting the last applied index to:(t:0, i:~)
2019-07-14 16:53:44,543 [pool-58-thread-1] INFO  ratis.ContainerStateMachine (ContainerStateMachine.java:loadSnapshot(200)) - The snapshot info is null.Setting the last applied index to:(t:0, i:~)
2019-07-14 16:53:44,544 [pool-100-thread-1] INFO  server.RaftServerConfigKeys (ConfUtils.java:logGet(43)) - raft.server.leader.election.timeout = 120s (custom)
2019-07-14 16:53:44,544 [pool-79-thread-1] INFO  ratis.ContainerStateMachine (ContainerStateMachine.java:loadSnapshot(200)) - The snapshot info is null.Setting the last applied index to:(t:0, i:~)
2019-07-14 16:53:44,544 [pool-100-thread-1] INFO  server.RaftServerConfigKeys (ConfUtils.java:logGet(43)) - raft.server.log.use.memory = false (default)
2019-07-14 16:53:44,544 [pool-79-thread-1] INFO  server.RaftServerConfigKeys (ConfUtils.java:logGet(43)) - raft.server.leader.election.timeout = 120s (custom)
2019-07-14 16:53:44,544 [pool-58-thread-1] INFO  server.RaftServerConfigKeys (ConfUtils.java:logGet(43)) - raft.server.leader.election.timeout = 120s (custom)
2019-07-14 16:53:44,544 [pool-79-thread-1] INFO  server.RaftServerConfigKeys (ConfUtils.java:logGet(43)) - raft.server.log.use.memory = false (default)
2019-07-14 16:53:44,544 [pool-100-thread-1] INFO  server.RaftServerConfigKeys (ConfUtils.java:logGet(43)) - raft.server.log.purge.gap = 1000000000 (custom)
2019-07-14 16:53:44,545 [pool-79-thread-1] INFO  server.RaftServerConfigKeys (ConfUtils.java:logGet(43)) - raft.server.log.purge.gap = 1000000000 (custom)
2019-07-14 16:53:44,544 [pool-58-thread-1] INFO  server.RaftServerConfigKeys (ConfUtils.java:logGet(43)) - raft.server.log.use.memory = false (default)
2019-07-14 16:53:44,545 [pool-79-thread-1] INFO  server.RaftServerConfigKeys (ConfUtils.java:logGet(43)) - raft.server.log.appender.buffer.byte-limit = 33554432 (custom)
2019-07-14 16:53:44,545 [pool-100-thread-1] INFO  server.RaftServerConfigKeys (ConfUtils.java:logGet(43)) - raft.server.log.appender.buffer.byte-limit = 33554432 (custom)
2019-07-14 16:53:44,545 [pool-79-thread-1] INFO  server.RaftServerConfigKeys (ConfUtils.java:logGet(43)) - raft.server.log.segment.size.max = 1048576 (custom)
2019-07-14 16:53:44,545 [pool-58-thread-1] INFO  server.RaftServerConfigKeys (ConfUtils.java:logGet(43)) - raft.server.log.purge.gap = 1000000000 (custom)
2019-07-14 16:53:44,546 [pool-79-thread-1] INFO  server.RaftServerConfigKeys (ConfUtils.java:logGet(43)) - raft.server.log.segment.cache.num.max = 2 (custom)
2019-07-14 16:53:44,545 [pool-100-thread-1] INFO  server.RaftServerConfigKeys (ConfUtils.java:logGet(43)) - raft.server.log.segment.size.max = 1048576 (custom)
2019-07-14 16:53:44,546 [pool-79-thread-1] INFO  segmented.SegmentedRaftLogWorker (SegmentedRaftLogWorker.java:<init>(172)) - new b983e297-60dd-4729-9b86-b96168473733-SegmentedRaftLogWorker:Storage Directory /workdir/hadoop-ozone/ozonefs/target/test-dir/MiniOzoneClusterImpl-6ee4de2d-eb38-45ee-bdf0-432cd2be9bed/datanode-2/data/ratis/94145d67-98df-4252-96cc-34371a4e34f0 for RaftStorage:Storage Directory /workdir/hadoop-ozone/ozonefs/target/test-dir/MiniOzoneClusterImpl-6ee4de2d-eb38-45ee-bdf0-432cd2be9bed/datanode-2/data/ratis/94145d67-98df-4252-96cc-34371a4e34f0
2019-07-14 16:53:44,546 [pool-58-thread-1] INFO  server.RaftServerConfigKeys (ConfUtils.java:logGet(43)) - raft.server.log.appender.buffer.byte-limit = 33554432 (custom)
2019-07-14 16:53:44,546 [pool-79-thread-1] INFO  server.RaftServerConfigKeys (ConfUtils.java:logGet(43)) - raft.server.log.queue.byte-limit = 2147483647 (custom)
2019-07-14 16:53:44,546 [pool-100-thread-1] INFO  server.RaftServerConfigKeys (ConfUtils.java:logGet(43)) - raft.server.log.segment.cache.num.max = 2 (custom)
2019-07-14 16:53:44,548 [pool-79-thread-1] INFO  server.RaftServerConfigKeys (ConfUtils.java:logGet(43)) - raft.server.log.queue.element-limit = 1024 (custom)
2019-07-14 16:53:44,548 [pool-58-thread-1] INFO  server.RaftServerConfigKeys (ConfUtils.java:logGet(43)) - raft.server.log.segment.size.max = 1048576 (custom)
2019-07-14 16:53:44,548 [pool-79-thread-1] INFO  server.RaftServerConfigKeys (ConfUtils.java:logGet(43)) - raft.server.log.segment.size.max = 1048576 (custom)
2019-07-14 16:53:44,548 [pool-100-thread-1] INFO  segmented.SegmentedRaftLogWorker (SegmentedRaftLogWorker.java:<init>(172)) - new be72da87-b6db-47f6-aa3d-ccbf663d0ade-SegmentedRaftLogWorker:Storage Directory /workdir/hadoop-ozone/ozonefs/target/test-dir/MiniOzoneClusterImpl-6ee4de2d-eb38-45ee-bdf0-432cd2be9bed/datanode-3/data/ratis/94145d67-98df-4252-96cc-34371a4e34f0 for RaftStorage:Storage Directory /workdir/hadoop-ozone/ozonefs/target/test-dir/MiniOzoneClusterImpl-6ee4de2d-eb38-45ee-bdf0-432cd2be9bed/datanode-3/data/ratis/94145d67-98df-4252-96cc-34371a4e34f0
2019-07-14 16:53:44,549 [pool-79-thread-1] INFO  server.RaftServerConfigKeys (ConfUtils.java:logGet(43)) - raft.server.log.preallocated.size = 16384 (custom)
2019-07-14 16:53:44,548 [pool-58-thread-1] INFO  server.RaftServerConfigKeys (ConfUtils.java:logGet(43)) - raft.server.log.segment.cache.num.max = 2 (custom)
2019-07-14 16:53:44,549 [pool-79-thread-1] INFO  server.RaftServerConfigKeys (ConfUtils.java:logGet(43)) - raft.server.log.write.buffer.size = 33554432 (custom)
2019-07-14 16:53:44,549 [pool-100-thread-1] INFO  server.RaftServerConfigKeys (ConfUtils.java:logGet(43)) - raft.server.log.queue.byte-limit = 2147483647 (custom)
2019-07-14 16:53:44,550 [pool-79-thread-1] INFO  server.RaftServerConfigKeys (ConfUtils.java:logGet(43)) - raft.server.log.force.sync.num = 128 (default)
2019-07-14 16:53:44,550 [pool-58-thread-1] INFO  segmented.SegmentedRaftLogWorker (SegmentedRaftLogWorker.java:<init>(172)) - new cd3b767d-9cc0-4c28-94ad-da50813ff67a-SegmentedRaftLogWorker:Storage Directory /workdir/hadoop-ozone/ozonefs/target/test-dir/MiniOzoneClusterImpl-6ee4de2d-eb38-45ee-bdf0-432cd2be9bed/datanode-1/data/ratis/94145d67-98df-4252-96cc-34371a4e34f0 for RaftStorage:Storage Directory /workdir/hadoop-ozone/ozonefs/target/test-dir/MiniOzoneClusterImpl-6ee4de2d-eb38-45ee-bdf0-432cd2be9bed/datanode-1/data/ratis/94145d67-98df-4252-96cc-34371a4e34f0
2019-07-14 16:53:44,551 [pool-79-thread-1] INFO  server.RaftServerConfigKeys (ConfUtils.java:logGet(43)) - raft.server.log.statemachine.data.sync = true (default)
2019-07-14 16:53:44,550 [pool-100-thread-1] INFO  server.RaftServerConfigKeys (ConfUtils.java:logGet(43)) - raft.server.log.queue.element-limit = 1024 (custom)
2019-07-14 16:53:44,552 [pool-79-thread-1] INFO  server.RaftServerConfigKeys (ConfUtils.java:logGet(43)) - raft.server.log.statemachine.data.sync.timeout = 10s (default)
2019-07-14 16:53:44,551 [pool-58-thread-1] INFO  server.RaftServerConfigKeys (ConfUtils.java:logGet(43)) - raft.server.log.queue.byte-limit = 2147483647 (custom)
2019-07-14 16:53:44,552 [pool-79-thread-1] INFO  server.RaftServerConfigKeys (ConfUtils.java:logGet(43)) - raft.server.log.statemachine.data.sync.timeout.retry = -1 (default)
2019-07-14 16:53:44,552 [pool-100-thread-1] INFO  server.RaftServerConfigKeys (ConfUtils.java:logGet(43)) - raft.server.log.segment.size.max = 1048576 (custom)
2019-07-14 16:53:44,553 [pool-58-thread-1] INFO  server.RaftServerConfigKeys (ConfUtils.java:logGet(43)) - raft.server.log.queue.element-limit = 1024 (custom)
2019-07-14 16:53:44,553 [pool-79-thread-1] INFO  server.RaftServerConfigKeys (ConfUtils.java:logGet(43)) - raft.server.log.statemachine.data.caching.enabled = true (custom)
2019-07-14 16:53:44,553 [pool-100-thread-1] INFO  server.RaftServerConfigKeys (ConfUtils.java:logGet(43)) - raft.server.log.preallocated.size = 16384 (custom)
2019-07-14 16:53:44,553 [pool-58-thread-1] INFO  server.RaftServerConfigKeys (ConfUtils.java:logGet(43)) - raft.server.log.segment.size.max = 1048576 (custom)
2019-07-14 16:53:44,554 [pool-79-thread-1] INFO  segmented.SegmentedRaftLogWorker (SegmentedRaftLogWorker.java:lambda$new$0(132)) - b983e297-60dd-4729-9b86-b96168473733-SegmentedRaftLogWorker:Storage Directory /workdir/hadoop-ozone/ozonefs/target/test-dir/MiniOzoneClusterImpl-6ee4de2d-eb38-45ee-bdf0-432cd2be9bed/datanode-2/data/ratis/94145d67-98df-4252-96cc-34371a4e34f0: flushIndex: setUnconditionally 0 -> -1
2019-07-14 16:53:44,554 [pool-58-thread-1] INFO  server.RaftServerConfigKeys (ConfUtils.java:logGet(43)) - raft.server.log.preallocated.size = 16384 (custom)
2019-07-14 16:53:44,553 [pool-100-thread-1] INFO  server.RaftServerConfigKeys (ConfUtils.java:logGet(43)) - raft.server.log.write.buffer.size = 33554432 (custom)
2019-07-14 16:53:44,554 [pool-58-thread-1] INFO  server.RaftServerConfigKeys (ConfUtils.java:logGet(43)) - raft.server.log.write.buffer.size = 33554432 (custom)
2019-07-14 16:53:44,554 [pool-100-thread-1] INFO  server.RaftServerConfigKeys (ConfUtils.java:logGet(43)) - raft.server.log.force.sync.num = 128 (default)
2019-07-14 16:53:44,554 [pool-79-thread-1] INFO  server.RaftServerConfigKeys (ConfUtils.java:logGet(43)) - raft.server.snapshot.auto.trigger.enabled = true (custom)
2019-07-14 16:53:44,554 [pool-100-thread-1] INFO  server.RaftServerConfigKeys (ConfUtils.java:logGet(43)) - raft.server.log.statemachine.data.sync = true (default)
2019-07-14 16:53:44,554 [pool-58-thread-1] INFO  server.RaftServerConfigKeys (ConfUtils.java:logGet(43)) - raft.server.log.force.sync.num = 128 (default)
2019-07-14 16:53:44,555 [pool-100-thread-1] INFO  server.RaftServerConfigKeys (ConfUtils.java:logGet(43)) - raft.server.log.statemachine.data.sync.timeout = 10s (default)
2019-07-14 16:53:44,555 [pool-79-thread-1] INFO  server.RaftServerConfigKeys (ConfUtils.java:logGet(43)) - raft.server.snapshot.auto.trigger.threshold = 10000 (custom)
2019-07-14 16:53:44,555 [pool-100-thread-1] INFO  server.RaftServerConfigKeys (ConfUtils.java:logGet(43)) - raft.server.log.statemachine.data.sync.timeout.retry = -1 (default)
2019-07-14 16:53:44,555 [pool-58-thread-1] INFO  server.RaftServerConfigKeys (ConfUtils.java:logGet(43)) - raft.server.log.statemachine.data.sync = true (default)
2019-07-14 16:53:44,555 [pool-79-thread-1] INFO  server.RaftServerConfigKeys (ConfUtils.java:logGet(43)) - raft.server.retrycache.expirytime = 600000ms (custom)
2019-07-14 16:53:44,555 [pool-100-thread-1] INFO  server.RaftServerConfigKeys (ConfUtils.java:logGet(43)) - raft.server.log.statemachine.data.caching.enabled = true (custom)
2019-07-14 16:53:44,556 [pool-58-thread-1] INFO  server.RaftServerConfigKeys (ConfUtils.java:logGet(43)) - raft.server.log.statemachine.data.sync.timeout = 10s (default)
2019-07-14 16:53:44,556 [pool-79-thread-1] INFO  impl.RaftServerImpl (RaftServerImpl.java:start(180)) - b983e297-60dd-4729-9b86-b96168473733: start group-34371A4E34F0
2019-07-14 16:53:44,556 [pool-58-thread-1] INFO  server.RaftServerConfigKeys (ConfUtils.java:logGet(43)) - raft.server.log.statemachine.data.sync.timeout.retry = -1 (default)
2019-07-14 16:53:44,556 [pool-100-thread-1] INFO  segmented.SegmentedRaftLogWorker (SegmentedRaftLogWorker.java:lambda$new$0(132)) - be72da87-b6db-47f6-aa3d-ccbf663d0ade-SegmentedRaftLogWorker:Storage Directory /workdir/hadoop-ozone/ozonefs/target/test-dir/MiniOzoneClusterImpl-6ee4de2d-eb38-45ee-bdf0-432cd2be9bed/datanode-3/data/ratis/94145d67-98df-4252-96cc-34371a4e34f0: flushIndex: setUnconditionally 0 -> -1
2019-07-14 16:53:44,556 [pool-58-thread-1] INFO  server.RaftServerConfigKeys (ConfUtils.java:logGet(43)) - raft.server.log.statemachine.data.caching.enabled = true (custom)
2019-07-14 16:53:44,556 [pool-79-thread-1] INFO  impl.RaftServerImpl (RaftServerImpl.java:setRole(171)) - b983e297-60dd-4729-9b86-b96168473733:group-34371A4E34F0 changes role from null to FOLLOWER at term 0 for startAsFollower
2019-07-14 16:53:44,557 [pool-100-thread-1] INFO  server.RaftServerConfigKeys (ConfUtils.java:logGet(43)) - raft.server.snapshot.auto.trigger.enabled = true (custom)
2019-07-14 16:53:44,557 [pool-79-thread-1] INFO  impl.RoleInfo (RoleInfo.java:updateAndGet(143)) - b983e297-60dd-4729-9b86-b96168473733: start FollowerState
2019-07-14 16:53:44,557 [pool-58-thread-1] INFO  segmented.SegmentedRaftLogWorker (SegmentedRaftLogWorker.java:lambda$new$0(132)) - cd3b767d-9cc0-4c28-94ad-da50813ff67a-SegmentedRaftLogWorker:Storage Directory /workdir/hadoop-ozone/ozonefs/target/test-dir/MiniOzoneClusterImpl-6ee4de2d-eb38-45ee-bdf0-432cd2be9bed/datanode-1/data/ratis/94145d67-98df-4252-96cc-34371a4e34f0: flushIndex: setUnconditionally 0 -> -1
2019-07-14 16:53:44,557 [pool-100-thread-1] INFO  server.RaftServerConfigKeys (ConfUtils.java:logGet(43)) - raft.server.snapshot.auto.trigger.threshold = 10000 (custom)
2019-07-14 16:53:44,557 [pool-79-thread-1] INFO  util.JmxRegister (JmxRegister.java:tryRegister(44)) - Successfully registered JMX Bean with object name Ratis:service=RaftServer,group=group-34371A4E34F0,id=b983e297-60dd-4729-9b86-b96168473733
2019-07-14 16:53:44,557 [pool-58-thread-1] INFO  server.RaftServerConfigKeys (ConfUtils.java:logGet(43)) - raft.server.snapshot.auto.trigger.enabled = true (custom)
2019-07-14 16:53:44,557 [pool-100-thread-1] INFO  server.RaftServerConfigKeys (ConfUtils.java:logGet(43)) - raft.server.retrycache.expirytime = 600000ms (custom)
2019-07-14 16:53:44,558 [pool-58-thread-1] INFO  server.RaftServerConfigKeys (ConfUtils.java:logGet(43)) - raft.server.snapshot.auto.trigger.threshold = 10000 (custom)
2019-07-14 16:53:44,558 [pool-100-thread-1] INFO  impl.RaftServerImpl (RaftServerImpl.java:start(180)) - be72da87-b6db-47f6-aa3d-ccbf663d0ade: start group-34371A4E34F0
2019-07-14 16:53:44,558 [pool-100-thread-1] INFO  impl.RaftServerImpl (RaftServerImpl.java:setRole(171)) - be72da87-b6db-47f6-aa3d-ccbf663d0ade:group-34371A4E34F0 changes role from null to FOLLOWER at term 0 for startAsFollower
2019-07-14 16:53:44,558 [pool-58-thread-1] INFO  server.RaftServerConfigKeys (ConfUtils.java:logGet(43)) - raft.server.retrycache.expirytime = 600000ms (custom)
2019-07-14 16:53:44,558 [pool-100-thread-1] INFO  impl.RoleInfo (RoleInfo.java:updateAndGet(143)) - be72da87-b6db-47f6-aa3d-ccbf663d0ade: start FollowerState
2019-07-14 16:53:44,559 [pool-58-thread-1] INFO  impl.RaftServerImpl (RaftServerImpl.java:start(180)) - cd3b767d-9cc0-4c28-94ad-da50813ff67a: start group-34371A4E34F0
2019-07-14 16:53:44,559 [pool-58-thread-1] INFO  impl.RaftServerImpl (RaftServerImpl.java:setRole(171)) - cd3b767d-9cc0-4c28-94ad-da50813ff67a:group-34371A4E34F0 changes role from null to FOLLOWER at term 0 for startAsFollower
2019-07-14 16:53:44,560 [pool-100-thread-1] INFO  util.JmxRegister (JmxRegister.java:tryRegister(44)) - Successfully registered JMX Bean with object name Ratis:service=RaftServer,group=group-34371A4E34F0,id=be72da87-b6db-47f6-aa3d-ccbf663d0ade
2019-07-14 16:53:44,560 [pool-58-thread-1] INFO  impl.RoleInfo (RoleInfo.java:updateAndGet(143)) - cd3b767d-9cc0-4c28-94ad-da50813ff67a: start FollowerState
2019-07-14 16:53:44,561 [pool-58-thread-1] INFO  util.JmxRegister (JmxRegister.java:tryRegister(44)) - Successfully registered JMX Bean with object name Ratis:service=RaftServer,group=group-34371A4E34F0,id=cd3b767d-9cc0-4c28-94ad-da50813ff67a
2019-07-14 16:53:44,585 [RatisPipelineUtilsThread] INFO  pipeline.PipelineStateManager (PipelineStateManager.java:addPipeline(56)) - Created pipeline Pipeline[ Id: 94145d67-98df-4252-96cc-34371a4e34f0, Nodes: b983e297-60dd-4729-9b86-b96168473733{ip: 192.168.69.77, host: pr-hdds-1710-5x6jb-1204890111, networkLocation: /default-rack, certSerialId: null}cd3b767d-9cc0-4c28-94ad-da50813ff67a{ip: 192.168.69.77, host: pr-hdds-1710-5x6jb-1204890111, networkLocation: /default-rack, certSerialId: null}be72da87-b6db-47f6-aa3d-ccbf663d0ade{ip: 192.168.69.77, host: pr-hdds-1710-5x6jb-1204890111, networkLocation: /default-rack, certSerialId: null}, Type:RATIS, Factor:THREE, State:OPEN]
2019-07-14 16:53:44,927 [JUnit] INFO  ozone.MiniOzoneClusterImpl (MiniOzoneClusterImpl.java:lambda$waitForClusterToBeReady$0(142)) - Cluster is ready. Got 5 of 5 DN Heartbeats.
2019-07-14 16:53:45,635 [Thread-232] INFO  contract.AbstractFSContractTestBase (AbstractFSContractTestBase.java:setup(184)) - Test filesystem = o3fs://bucket79696.volume06001 implemented by OzoneFileSystem{URI=o3fs://bucket79696.volume06001, workingDir=o3fs://bucket79696.volume06001/user/jenkins1000, userName=jenkins1000, statistics=0 bytes read, 0 bytes written, 0 read ops, 0 large read ops, 0 write ops}
16:53:45.668 [IPC Server handler 14 on 38223] ERROR OMAudit - user=jenkins1000 | ip=127.0.0.1 | op=GET_FILE_STATUS {volume=volume06001, bucket=bucket79696, key=test, dataSize=0, replicationType=null, replicationFactor=null, keyLocationInfo=null} | ret=FAILURE
org.apache.hadoop.ozone.om.exceptions.OMException: Unable to get file status: volume: volume06001 bucket: bucket79696 key: test
	at org.apache.hadoop.ozone.om.KeyManagerImpl.getFileStatus(KeyManagerImpl.java:1772) ~[hadoop-ozone-ozone-manager-0.5.0-SNAPSHOT.jar:?]
	at org.apache.hadoop.ozone.om.OzoneManager.getFileStatus(OzoneManager.java:2973) [hadoop-ozone-ozone-manager-0.5.0-SNAPSHOT.jar:?]
	at org.apache.hadoop.ozone.protocolPB.OzoneManagerRequestHandler.getOzoneFileStatus(OzoneManagerRequestHandler.java:1047) [hadoop-ozone-ozone-manager-0.5.0-SNAPSHOT.jar:?]
	at org.apache.hadoop.ozone.protocolPB.OzoneManagerRequestHandler.handle(OzoneManagerRequestHandler.java:339) [hadoop-ozone-ozone-manager-0.5.0-SNAPSHOT.jar:?]
	at org.apache.hadoop.ozone.protocolPB.OzoneManagerProtocolServerSideTranslatorPB.submitRequestDirectlyToOM(OzoneManagerProtocolServerSideTranslatorPB.java:192) [hadoop-ozone-ozone-manager-0.5.0-SNAPSHOT.jar:?]
	at org.apache.hadoop.ozone.protocolPB.OzoneManagerProtocolServerSideTranslatorPB.submitRequest(OzoneManagerProtocolServerSideTranslatorPB.java:110) [hadoop-ozone-ozone-manager-0.5.0-SNAPSHOT.jar:?]
	at org.apache.hadoop.ozone.protocol.proto.OzoneManagerProtocolProtos$OzoneManagerService$2.callBlockingMethod(OzoneManagerProtocolProtos.java) [hadoop-ozone-common-0.5.0-SNAPSHOT.jar:?]
	at org.apache.hadoop.ipc.ProtobufRpcEngine$Server$ProtoBufRpcInvoker.call(ProtobufRpcEngine.java:524) [hadoop-common-3.2.0.jar:?]
	at org.apache.hadoop.ipc.RPC$Server.call(RPC.java:1025) [hadoop-common-3.2.0.jar:?]
	at org.apache.hadoop.ipc.Server$RpcCall.run(Server.java:876) [hadoop-common-3.2.0.jar:?]
	at org.apache.hadoop.ipc.Server$RpcCall.run(Server.java:822) [hadoop-common-3.2.0.jar:?]
	at java.security.AccessController.doPrivileged(Native Method) [?:1.8.0_212]
	at javax.security.auth.Subject.doAs(Subject.java:422) [?:1.8.0_212]
	at org.apache.hadoop.security.UserGroupInformation.doAs(UserGroupInformation.java:1730) [hadoop-common-3.2.0.jar:?]
	at org.apache.hadoop.ipc.Server$Handler.run(Server.java:2682) [hadoop-common-3.2.0.jar:?]
2019-07-14 16:53:45,755 [Thread-232] INFO  contract.AbstractFSContractTestBase (AbstractFSContractTestBase.java:describe(255)) - verify trying to create a file over a non-empty dir fails, use builder API=false
16:53:45.759 [IPC Server handler 11 on 38223] ERROR OMAudit - user=jenkins1000 | ip=127.0.0.1 | op=GET_FILE_STATUS {volume=volume06001, bucket=bucket79696, key=test/testOverwriteNonEmptyDirectory, dataSize=0, replicationType=null, replicationFactor=null, keyLocationInfo=null} | ret=FAILURE
org.apache.hadoop.ozone.om.exceptions.OMException: Unable to get file status: volume: volume06001 bucket: bucket79696 key: test/testOverwriteNonEmptyDirectory
	at org.apache.hadoop.ozone.om.KeyManagerImpl.getFileStatus(KeyManagerImpl.java:1772) ~[hadoop-ozone-ozone-manager-0.5.0-SNAPSHOT.jar:?]
	at org.apache.hadoop.ozone.om.OzoneManager.getFileStatus(OzoneManager.java:2973) [hadoop-ozone-ozone-manager-0.5.0-SNAPSHOT.jar:?]
	at org.apache.hadoop.ozone.protocolPB.OzoneManagerRequestHandler.getOzoneFileStatus(OzoneManagerRequestHandler.java:1047) [hadoop-ozone-ozone-manager-0.5.0-SNAPSHOT.jar:?]
	at org.apache.hadoop.ozone.protocolPB.OzoneManagerRequestHandler.handle(OzoneManagerRequestHandler.java:339) [hadoop-ozone-ozone-manager-0.5.0-SNAPSHOT.jar:?]
	at org.apache.hadoop.ozone.protocolPB.OzoneManagerProtocolServerSideTranslatorPB.submitRequestDirectlyToOM(OzoneManagerProtocolServerSideTranslatorPB.java:192) [hadoop-ozone-ozone-manager-0.5.0-SNAPSHOT.jar:?]
	at org.apache.hadoop.ozone.protocolPB.OzoneManagerProtocolServerSideTranslatorPB.submitRequest(OzoneManagerProtocolServerSideTranslatorPB.java:110) [hadoop-ozone-ozone-manager-0.5.0-SNAPSHOT.jar:?]
	at org.apache.hadoop.ozone.protocol.proto.OzoneManagerProtocolProtos$OzoneManagerService$2.callBlockingMethod(OzoneManagerProtocolProtos.java) [hadoop-ozone-common-0.5.0-SNAPSHOT.jar:?]
	at org.apache.hadoop.ipc.ProtobufRpcEngine$Server$ProtoBufRpcInvoker.call(ProtobufRpcEngine.java:524) [hadoop-common-3.2.0.jar:?]
	at org.apache.hadoop.ipc.RPC$Server.call(RPC.java:1025) [hadoop-common-3.2.0.jar:?]
	at org.apache.hadoop.ipc.Server$RpcCall.run(Server.java:876) [hadoop-common-3.2.0.jar:?]
	at org.apache.hadoop.ipc.Server$RpcCall.run(Server.java:822) [hadoop-common-3.2.0.jar:?]
	at java.security.AccessController.doPrivileged(Native Method) [?:1.8.0_212]
	at javax.security.auth.Subject.doAs(Subject.java:422) [?:1.8.0_212]
	at org.apache.hadoop.security.UserGroupInformation.doAs(UserGroupInformation.java:1730) [hadoop-common-3.2.0.jar:?]
	at org.apache.hadoop.ipc.Server$Handler.run(Server.java:2682) [hadoop-common-3.2.0.jar:?]
2019-07-14 16:53:45,908 [Thread-207] INFO  container.ReplicationManager (ReplicationManager.java:start(155)) - Starting Replication Monitor Thread.
2019-07-14 16:53:45,912 [ReplicationMonitor] INFO  container.ReplicationManager (ReplicationManager.java:run(207)) - Replication Monitor Thread took 4 milliseconds for processing 1 containers.
2019-07-14 16:53:49,192 [Thread-209] INFO  impl.FollowerState (FollowerState.java:run(106)) - ff825863-8105-46c4-8638-88baaab4e0ed:group-DEFD91CDBC43 changes to CANDIDATE, lastRpcTime:5139, electionTimeout:5138ms
2019-07-14 16:53:49,192 [Thread-209] INFO  impl.RoleInfo (RoleInfo.java:shutdownFollowerState(121)) - ff825863-8105-46c4-8638-88baaab4e0ed: shutdown FollowerState
2019-07-14 16:53:49,193 [Thread-209] INFO  impl.RaftServerImpl (RaftServerImpl.java:setRole(171)) - ff825863-8105-46c4-8638-88baaab4e0ed:group-DEFD91CDBC43 changes role from FOLLOWER to CANDIDATE at term 0 for changeToCandidate
2019-07-14 16:53:49,196 [Thread-209] INFO  impl.RoleInfo (RoleInfo.java:updateAndGet(143)) - ff825863-8105-46c4-8638-88baaab4e0ed: start LeaderElection
2019-07-14 16:53:49,217 [ff825863-8105-46c4-8638-88baaab4e0ed:group-DEFD91CDBC43:LeaderElection1] INFO  impl.LeaderElection (LeaderElection.java:askForVotes(181)) - ff825863-8105-46c4-8638-88baaab4e0ed:group-DEFD91CDBC43:LeaderElection1: begin an election at term 1 for -1: [ff825863-8105-46c4-8638-88baaab4e0ed:192.168.69.77:43593], old=null
2019-07-14 16:53:49,220 [ff825863-8105-46c4-8638-88baaab4e0ed:group-DEFD91CDBC43:LeaderElection1] INFO  impl.RoleInfo (RoleInfo.java:shutdownLeaderElection(134)) - ff825863-8105-46c4-8638-88baaab4e0ed: shutdown LeaderElection
2019-07-14 16:53:49,220 [ff825863-8105-46c4-8638-88baaab4e0ed:group-DEFD91CDBC43:LeaderElection1] INFO  impl.RaftServerImpl (RaftServerImpl.java:setRole(171)) - ff825863-8105-46c4-8638-88baaab4e0ed:group-DEFD91CDBC43 changes role from CANDIDATE to LEADER at term 1 for changeToLeader
2019-07-14 16:53:49,221 [ff825863-8105-46c4-8638-88baaab4e0ed:group-DEFD91CDBC43:LeaderElection1] INFO  impl.RaftServerImpl (ServerState.java:setLeader(263)) - ff825863-8105-46c4-8638-88baaab4e0ed:group-DEFD91CDBC43 change Leader from null to ff825863-8105-46c4-8638-88baaab4e0ed at term 1 for becomeLeader, leader elected after 5619ms
2019-07-14 16:53:49,229 [ff825863-8105-46c4-8638-88baaab4e0ed:group-DEFD91CDBC43:LeaderElection1] INFO  server.RaftServerConfigKeys (ConfUtils.java:logGet(43)) - raft.server.staging.catchup.gap = 1000 (default)
2019-07-14 16:53:49,230 [ff825863-8105-46c4-8638-88baaab4e0ed:group-DEFD91CDBC43:LeaderElection1] INFO  server.RaftServerConfigKeys (ConfUtils.java:logGet(43)) - raft.server.rpc.sleep.time = 25ms (default)
2019-07-14 16:53:49,233 [ff825863-8105-46c4-8638-88baaab4e0ed:group-DEFD91CDBC43:LeaderElection1] INFO  server.RaftServerConfigKeys (ConfUtils.java:logGet(43)) - raft.server.write.element-limit = 4096 (default)
2019-07-14 16:53:49,236 [ff825863-8105-46c4-8638-88baaab4e0ed:group-DEFD91CDBC43:LeaderElection1] INFO  server.RaftServerConfigKeys (ConfUtils.java:logGet(43)) - raft.server.watch.timeout = 10s (default)
2019-07-14 16:53:49,237 [ff825863-8105-46c4-8638-88baaab4e0ed:group-DEFD91CDBC43:LeaderElection1] INFO  server.RaftServerConfigKeys (ConfUtils.java:logGet(43)) - raft.server.watch.timeout.denomination = 1s (default)
2019-07-14 16:53:49,238 [ff825863-8105-46c4-8638-88baaab4e0ed:group-DEFD91CDBC43:LeaderElection1] INFO  server.RaftServerConfigKeys (ConfUtils.java:logGet(43)) - raft.server.watch.element-limit = 65536 (default)
2019-07-14 16:53:49,248 [ff825863-8105-46c4-8638-88baaab4e0ed:group-DEFD91CDBC43:LeaderElection1] INFO  impl.RoleInfo (RoleInfo.java:updateAndGet(143)) - ff825863-8105-46c4-8638-88baaab4e0ed: start LeaderState
2019-07-14 16:53:49,272 [ff825863-8105-46c4-8638-88baaab4e0ed:group-DEFD91CDBC43:LeaderElection1] INFO  segmented.SegmentedRaftLogWorker (SegmentedRaftLogWorker.java:startLogSegment(380)) - ff825863-8105-46c4-8638-88baaab4e0ed-SegmentedRaftLogWorker:Storage Directory /workdir/hadoop-ozone/ozonefs/target/test-dir/MiniOzoneClusterImpl-6ee4de2d-eb38-45ee-bdf0-432cd2be9bed/datanode-0/data/ratis/5e177dbb-2ad5-4803-8f29-defd91cdbc43: Starting segment from index:0
2019-07-14 16:53:49,281 [ff825863-8105-46c4-8638-88baaab4e0ed:group-DEFD91CDBC43:LeaderElection1] INFO  impl.RaftServerImpl (ServerState.java:setRaftConf(361)) - ff825863-8105-46c4-8638-88baaab4e0ed:group-DEFD91CDBC43 set configuration 0: [ff825863-8105-46c4-8638-88baaab4e0ed:192.168.69.77:43593], old=null at 0
2019-07-14 16:53:49,377 [Thread-212] INFO  impl.FollowerState (FollowerState.java:run(106)) - b983e297-60dd-4729-9b86-b96168473733:group-73E1DDF196C6 changes to CANDIDATE, lastRpcTime:5143, electionTimeout:5142ms
2019-07-14 16:53:49,379 [Thread-212] INFO  impl.RoleInfo (RoleInfo.java:shutdownFollowerState(121)) - b983e297-60dd-4729-9b86-b96168473733: shutdown FollowerState
2019-07-14 16:53:49,379 [Thread-212] INFO  impl.RaftServerImpl (RaftServerImpl.java:setRole(171)) - b983e297-60dd-4729-9b86-b96168473733:group-73E1DDF196C6 changes role from FOLLOWER to CANDIDATE at term 0 for changeToCandidate
2019-07-14 16:53:49,379 [Thread-212] INFO  impl.RoleInfo (RoleInfo.java:updateAndGet(143)) - b983e297-60dd-4729-9b86-b96168473733: start LeaderElection
2019-07-14 16:53:49,392 [Thread-215] INFO  impl.FollowerState (FollowerState.java:run(106)) - cd3b767d-9cc0-4c28-94ad-da50813ff67a:group-8D8197DB9DA0 changes to CANDIDATE, lastRpcTime:5076, electionTimeout:5076ms
2019-07-14 16:53:49,392 [Thread-215] INFO  impl.RoleInfo (RoleInfo.java:shutdownFollowerState(121)) - cd3b767d-9cc0-4c28-94ad-da50813ff67a: shutdown FollowerState
2019-07-14 16:53:49,392 [Thread-215] INFO  impl.RaftServerImpl (RaftServerImpl.java:setRole(171)) - cd3b767d-9cc0-4c28-94ad-da50813ff67a:group-8D8197DB9DA0 changes role from FOLLOWER to CANDIDATE at term 0 for changeToCandidate
2019-07-14 16:53:49,393 [Thread-215] INFO  impl.RoleInfo (RoleInfo.java:updateAndGet(143)) - cd3b767d-9cc0-4c28-94ad-da50813ff67a: start LeaderElection
2019-07-14 16:53:49,397 [b983e297-60dd-4729-9b86-b96168473733:group-73E1DDF196C6:LeaderElection2] INFO  impl.LeaderElection (LeaderElection.java:askForVotes(181)) - b983e297-60dd-4729-9b86-b96168473733:group-73E1DDF196C6:LeaderElection2: begin an election at term 1 for -1: [b983e297-60dd-4729-9b86-b96168473733:192.168.69.77:40801], old=null
2019-07-14 16:53:49,399 [b983e297-60dd-4729-9b86-b96168473733:group-73E1DDF196C6:LeaderElection2] INFO  impl.RoleInfo (RoleInfo.java:shutdownLeaderElection(134)) - b983e297-60dd-4729-9b86-b96168473733: shutdown LeaderElection
2019-07-14 16:53:49,399 [b983e297-60dd-4729-9b86-b96168473733:group-73E1DDF196C6:LeaderElection2] INFO  impl.RaftServerImpl (RaftServerImpl.java:setRole(171)) - b983e297-60dd-4729-9b86-b96168473733:group-73E1DDF196C6 changes role from CANDIDATE to LEADER at term 1 for changeToLeader
2019-07-14 16:53:49,399 [b983e297-60dd-4729-9b86-b96168473733:group-73E1DDF196C6:LeaderElection2] INFO  impl.RaftServerImpl (ServerState.java:setLeader(263)) - b983e297-60dd-4729-9b86-b96168473733:group-73E1DDF196C6 change Leader from null to b983e297-60dd-4729-9b86-b96168473733 at term 1 for becomeLeader, leader elected after 5170ms
2019-07-14 16:53:49,401 [b983e297-60dd-4729-9b86-b96168473733:group-73E1DDF196C6:LeaderElection2] INFO  server.RaftServerConfigKeys (ConfUtils.java:logGet(43)) - raft.server.staging.catchup.gap = 1000 (default)
2019-07-14 16:53:49,401 [cd3b767d-9cc0-4c28-94ad-da50813ff67a:group-8D8197DB9DA0:LeaderElection3] INFO  impl.LeaderElection (LeaderElection.java:askForVotes(181)) - cd3b767d-9cc0-4c28-94ad-da50813ff67a:group-8D8197DB9DA0:LeaderElection3: begin an election at term 1 for -1: [cd3b767d-9cc0-4c28-94ad-da50813ff67a:192.168.69.77:44611], old=null
2019-07-14 16:53:49,401 [b983e297-60dd-4729-9b86-b96168473733:group-73E1DDF196C6:LeaderElection2] INFO  server.RaftServerConfigKeys (ConfUtils.java:logGet(43)) - raft.server.rpc.sleep.time = 25ms (default)
2019-07-14 16:53:49,401 [cd3b767d-9cc0-4c28-94ad-da50813ff67a:group-8D8197DB9DA0:LeaderElection3] INFO  impl.RoleInfo (RoleInfo.java:shutdownLeaderElection(134)) - cd3b767d-9cc0-4c28-94ad-da50813ff67a: shutdown LeaderElection
2019-07-14 16:53:49,401 [b983e297-60dd-4729-9b86-b96168473733:group-73E1DDF196C6:LeaderElection2] INFO  server.RaftServerConfigKeys (ConfUtils.java:logGet(43)) - raft.server.write.element-limit = 4096 (default)
2019-07-14 16:53:49,401 [cd3b767d-9cc0-4c28-94ad-da50813ff67a:group-8D8197DB9DA0:LeaderElection3] INFO  impl.RaftServerImpl (RaftServerImpl.java:setRole(171)) - cd3b767d-9cc0-4c28-94ad-da50813ff67a:group-8D8197DB9DA0 changes role from CANDIDATE to LEADER at term 1 for changeToLeader
2019-07-14 16:53:49,402 [b983e297-60dd-4729-9b86-b96168473733:group-73E1DDF196C6:LeaderElection2] INFO  server.RaftServerConfigKeys (ConfUtils.java:logGet(43)) - raft.server.watch.timeout = 10s (default)
2019-07-14 16:53:49,402 [cd3b767d-9cc0-4c28-94ad-da50813ff67a:group-8D8197DB9DA0:LeaderElection3] INFO  impl.RaftServerImpl (ServerState.java:setLeader(263)) - cd3b767d-9cc0-4c28-94ad-da50813ff67a:group-8D8197DB9DA0 change Leader from null to cd3b767d-9cc0-4c28-94ad-da50813ff67a at term 1 for becomeLeader, leader elected after 5092ms
2019-07-14 16:53:49,402 [b983e297-60dd-4729-9b86-b96168473733:group-73E1DDF196C6:LeaderElection2] INFO  server.RaftServerConfigKeys (ConfUtils.java:logGet(43)) - raft.server.watch.timeout.denomination = 1s (default)
2019-07-14 16:53:49,403 [cd3b767d-9cc0-4c28-94ad-da50813ff67a:group-8D8197DB9DA0:LeaderElection3] INFO  server.RaftServerConfigKeys (ConfUtils.java:logGet(43)) - raft.server.staging.catchup.gap = 1000 (default)
2019-07-14 16:53:49,404 [b983e297-60dd-4729-9b86-b96168473733:group-73E1DDF196C6:LeaderElection2] INFO  server.RaftServerConfigKeys (ConfUtils.java:logGet(43)) - raft.server.watch.element-limit = 65536 (default)
2019-07-14 16:53:49,404 [cd3b767d-9cc0-4c28-94ad-da50813ff67a:group-8D8197DB9DA0:LeaderElection3] INFO  server.RaftServerConfigKeys (ConfUtils.java:logGet(43)) - raft.server.rpc.sleep.time = 25ms (default)
2019-07-14 16:53:49,404 [b983e297-60dd-4729-9b86-b96168473733:group-73E1DDF196C6:LeaderElection2] INFO  impl.RoleInfo (RoleInfo.java:updateAndGet(143)) - b983e297-60dd-4729-9b86-b96168473733: start LeaderState
2019-07-14 16:53:49,404 [cd3b767d-9cc0-4c28-94ad-da50813ff67a:group-8D8197DB9DA0:LeaderElection3] INFO  server.RaftServerConfigKeys (ConfUtils.java:logGet(43)) - raft.server.write.element-limit = 4096 (default)
2019-07-14 16:53:49,404 [b983e297-60dd-4729-9b86-b96168473733:group-73E1DDF196C6:LeaderElection2] INFO  segmented.SegmentedRaftLogWorker (SegmentedRaftLogWorker.java:startLogSegment(380)) - b983e297-60dd-4729-9b86-b96168473733-SegmentedRaftLogWorker:Storage Directory /workdir/hadoop-ozone/ozonefs/target/test-dir/MiniOzoneClusterImpl-6ee4de2d-eb38-45ee-bdf0-432cd2be9bed/datanode-2/data/ratis/bf2b93bd-1a84-467c-979f-73e1ddf196c6: Starting segment from index:0
2019-07-14 16:53:49,404 [cd3b767d-9cc0-4c28-94ad-da50813ff67a:group-8D8197DB9DA0:LeaderElection3] INFO  server.RaftServerConfigKeys (ConfUtils.java:logGet(43)) - raft.server.watch.timeout = 10s (default)
2019-07-14 16:53:49,405 [cd3b767d-9cc0-4c28-94ad-da50813ff67a:group-8D8197DB9DA0:LeaderElection3] INFO  server.RaftServerConfigKeys (ConfUtils.java:logGet(43)) - raft.server.watch.timeout.denomination = 1s (default)
2019-07-14 16:53:49,405 [cd3b767d-9cc0-4c28-94ad-da50813ff67a:group-8D8197DB9DA0:LeaderElection3] INFO  server.RaftServerConfigKeys (ConfUtils.java:logGet(43)) - raft.server.watch.element-limit = 65536 (default)
2019-07-14 16:53:49,405 [b983e297-60dd-4729-9b86-b96168473733:group-73E1DDF196C6:LeaderElection2] INFO  impl.RaftServerImpl (ServerState.java:setRaftConf(361)) - b983e297-60dd-4729-9b86-b96168473733:group-73E1DDF196C6 set configuration 0: [b983e297-60dd-4729-9b86-b96168473733:192.168.69.77:40801], old=null at 0
2019-07-14 16:53:49,405 [cd3b767d-9cc0-4c28-94ad-da50813ff67a:group-8D8197DB9DA0:LeaderElection3] INFO  impl.RoleInfo (RoleInfo.java:updateAndGet(143)) - cd3b767d-9cc0-4c28-94ad-da50813ff67a: start LeaderState
2019-07-14 16:53:49,407 [cd3b767d-9cc0-4c28-94ad-da50813ff67a:group-8D8197DB9DA0:LeaderElection3] INFO  segmented.SegmentedRaftLogWorker (SegmentedRaftLogWorker.java:startLogSegment(380)) - cd3b767d-9cc0-4c28-94ad-da50813ff67a-SegmentedRaftLogWorker:Storage Directory /workdir/hadoop-ozone/ozonefs/target/test-dir/MiniOzoneClusterImpl-6ee4de2d-eb38-45ee-bdf0-432cd2be9bed/datanode-1/data/ratis/43d6bbd9-828d-499c-8f44-8d8197db9da0: Starting segment from index:0
2019-07-14 16:53:49,407 [cd3b767d-9cc0-4c28-94ad-da50813ff67a:group-8D8197DB9DA0:LeaderElection3] INFO  impl.RaftServerImpl (ServerState.java:setRaftConf(361)) - cd3b767d-9cc0-4c28-94ad-da50813ff67a:group-8D8197DB9DA0 set configuration 0: [cd3b767d-9cc0-4c28-94ad-da50813ff67a:192.168.69.77:44611], old=null at 0
2019-07-14 16:53:49,483 [Thread-218] INFO  impl.FollowerState (FollowerState.java:run(106)) - be72da87-b6db-47f6-aa3d-ccbf663d0ade:group-9D8C2CBF9BEB changes to CANDIDATE, lastRpcTime:5100, electionTimeout:5100ms
2019-07-14 16:53:49,483 [Thread-218] INFO  impl.RoleInfo (RoleInfo.java:shutdownFollowerState(121)) - be72da87-b6db-47f6-aa3d-ccbf663d0ade: shutdown FollowerState
2019-07-14 16:53:49,483 [Thread-218] INFO  impl.RaftServerImpl (RaftServerImpl.java:setRole(171)) - be72da87-b6db-47f6-aa3d-ccbf663d0ade:group-9D8C2CBF9BEB changes role from FOLLOWER to CANDIDATE at term 0 for changeToCandidate
2019-07-14 16:53:49,483 [Thread-218] INFO  impl.RoleInfo (RoleInfo.java:updateAndGet(143)) - be72da87-b6db-47f6-aa3d-ccbf663d0ade: start LeaderElection
2019-07-14 16:53:49,510 [b983e297-60dd-4729-9b86-b96168473733-SegmentedRaftLogWorker:Storage Directory /workdir/hadoop-ozone/ozonefs/target/test-dir/MiniOzoneClusterImpl-6ee4de2d-eb38-45ee-bdf0-432cd2be9bed/datanode-2/data/ratis/bf2b93bd-1a84-467c-979f-73e1ddf196c6] INFO  segmented.SegmentedRaftLogWorker (SegmentedRaftLogWorker.java:execute(569)) - b983e297-60dd-4729-9b86-b96168473733-SegmentedRaftLogWorker:Storage Directory /workdir/hadoop-ozone/ozonefs/target/test-dir/MiniOzoneClusterImpl-6ee4de2d-eb38-45ee-bdf0-432cd2be9bed/datanode-2/data/ratis/bf2b93bd-1a84-467c-979f-73e1ddf196c6: created new log segment /workdir/hadoop-ozone/ozonefs/target/test-dir/MiniOzoneClusterImpl-6ee4de2d-eb38-45ee-bdf0-432cd2be9bed/datanode-2/data/ratis/bf2b93bd-1a84-467c-979f-73e1ddf196c6/current/log_inprogress_0
2019-07-14 16:53:49,510 [be72da87-b6db-47f6-aa3d-ccbf663d0ade:group-9D8C2CBF9BEB:LeaderElection4] INFO  impl.LeaderElection (LeaderElection.java:askForVotes(181)) - be72da87-b6db-47f6-aa3d-ccbf663d0ade:group-9D8C2CBF9BEB:LeaderElection4: begin an election at term 1 for -1: [be72da87-b6db-47f6-aa3d-ccbf663d0ade:192.168.69.77:43756], old=null
2019-07-14 16:53:49,510 [cd3b767d-9cc0-4c28-94ad-da50813ff67a-SegmentedRaftLogWorker:Storage Directory /workdir/hadoop-ozone/ozonefs/target/test-dir/MiniOzoneClusterImpl-6ee4de2d-eb38-45ee-bdf0-432cd2be9bed/datanode-1/data/ratis/43d6bbd9-828d-499c-8f44-8d8197db9da0] INFO  segmented.SegmentedRaftLogWorker (SegmentedRaftLogWorker.java:execute(569)) - cd3b767d-9cc0-4c28-94ad-da50813ff67a-SegmentedRaftLogWorker:Storage Directory /workdir/hadoop-ozone/ozonefs/target/test-dir/MiniOzoneClusterImpl-6ee4de2d-eb38-45ee-bdf0-432cd2be9bed/datanode-1/data/ratis/43d6bbd9-828d-499c-8f44-8d8197db9da0: created new log segment /workdir/hadoop-ozone/ozonefs/target/test-dir/MiniOzoneClusterImpl-6ee4de2d-eb38-45ee-bdf0-432cd2be9bed/datanode-1/data/ratis/43d6bbd9-828d-499c-8f44-8d8197db9da0/current/log_inprogress_0
2019-07-14 16:53:49,510 [ff825863-8105-46c4-8638-88baaab4e0ed-SegmentedRaftLogWorker:Storage Directory /workdir/hadoop-ozone/ozonefs/target/test-dir/MiniOzoneClusterImpl-6ee4de2d-eb38-45ee-bdf0-432cd2be9bed/datanode-0/data/ratis/5e177dbb-2ad5-4803-8f29-defd91cdbc43] INFO  segmented.SegmentedRaftLogWorker (SegmentedRaftLogWorker.java:execute(569)) - ff825863-8105-46c4-8638-88baaab4e0ed-SegmentedRaftLogWorker:Storage Directory /workdir/hadoop-ozone/ozonefs/target/test-dir/MiniOzoneClusterImpl-6ee4de2d-eb38-45ee-bdf0-432cd2be9bed/datanode-0/data/ratis/5e177dbb-2ad5-4803-8f29-defd91cdbc43: created new log segment /workdir/hadoop-ozone/ozonefs/target/test-dir/MiniOzoneClusterImpl-6ee4de2d-eb38-45ee-bdf0-432cd2be9bed/datanode-0/data/ratis/5e177dbb-2ad5-4803-8f29-defd91cdbc43/current/log_inprogress_0
2019-07-14 16:53:49,512 [be72da87-b6db-47f6-aa3d-ccbf663d0ade:group-9D8C2CBF9BEB:LeaderElection4] INFO  impl.RoleInfo (RoleInfo.java:shutdownLeaderElection(134)) - be72da87-b6db-47f6-aa3d-ccbf663d0ade: shutdown LeaderElection
2019-07-14 16:53:49,514 [be72da87-b6db-47f6-aa3d-ccbf663d0ade:group-9D8C2CBF9BEB:LeaderElection4] INFO  impl.RaftServerImpl (RaftServerImpl.java:setRole(171)) - be72da87-b6db-47f6-aa3d-ccbf663d0ade:group-9D8C2CBF9BEB changes role from CANDIDATE to LEADER at term 1 for changeToLeader
2019-07-14 16:53:49,514 [be72da87-b6db-47f6-aa3d-ccbf663d0ade:group-9D8C2CBF9BEB:LeaderElection4] INFO  impl.RaftServerImpl (ServerState.java:setLeader(263)) - be72da87-b6db-47f6-aa3d-ccbf663d0ade:group-9D8C2CBF9BEB change Leader from null to be72da87-b6db-47f6-aa3d-ccbf663d0ade at term 1 for becomeLeader, leader elected after 5136ms
2019-07-14 16:53:49,515 [be72da87-b6db-47f6-aa3d-ccbf663d0ade:group-9D8C2CBF9BEB:LeaderElection4] INFO  server.RaftServerConfigKeys (ConfUtils.java:logGet(43)) - raft.server.staging.catchup.gap = 1000 (default)
2019-07-14 16:53:49,516 [be72da87-b6db-47f6-aa3d-ccbf663d0ade:group-9D8C2CBF9BEB:LeaderElection4] INFO  server.RaftServerConfigKeys (ConfUtils.java:logGet(43)) - raft.server.rpc.sleep.time = 25ms (default)
2019-07-14 16:53:49,517 [be72da87-b6db-47f6-aa3d-ccbf663d0ade:group-9D8C2CBF9BEB:LeaderElection4] INFO  server.RaftServerConfigKeys (ConfUtils.java:logGet(43)) - raft.server.write.element-limit = 4096 (default)
2019-07-14 16:53:49,517 [be72da87-b6db-47f6-aa3d-ccbf663d0ade:group-9D8C2CBF9BEB:LeaderElection4] INFO  server.RaftServerConfigKeys (ConfUtils.java:logGet(43)) - raft.server.watch.timeout = 10s (default)
2019-07-14 16:53:49,517 [be72da87-b6db-47f6-aa3d-ccbf663d0ade:group-9D8C2CBF9BEB:LeaderElection4] INFO  server.RaftServerConfigKeys (ConfUtils.java:logGet(43)) - raft.server.watch.timeout.denomination = 1s (default)
2019-07-14 16:53:49,518 [be72da87-b6db-47f6-aa3d-ccbf663d0ade:group-9D8C2CBF9BEB:LeaderElection4] INFO  server.RaftServerConfigKeys (ConfUtils.java:logGet(43)) - raft.server.watch.element-limit = 65536 (default)
2019-07-14 16:53:49,518 [be72da87-b6db-47f6-aa3d-ccbf663d0ade:group-9D8C2CBF9BEB:LeaderElection4] INFO  impl.RoleInfo (RoleInfo.java:updateAndGet(143)) - be72da87-b6db-47f6-aa3d-ccbf663d0ade: start LeaderState
2019-07-14 16:53:49,518 [be72da87-b6db-47f6-aa3d-ccbf663d0ade:group-9D8C2CBF9BEB:LeaderElection4] INFO  segmented.SegmentedRaftLogWorker (SegmentedRaftLogWorker.java:startLogSegment(380)) - be72da87-b6db-47f6-aa3d-ccbf663d0ade-SegmentedRaftLogWorker:Storage Directory /workdir/hadoop-ozone/ozonefs/target/test-dir/MiniOzoneClusterImpl-6ee4de2d-eb38-45ee-bdf0-432cd2be9bed/datanode-3/data/ratis/bd88e758-b379-4cc0-9fb1-9d8c2cbf9beb: Starting segment from index:0
2019-07-14 16:53:49,519 [be72da87-b6db-47f6-aa3d-ccbf663d0ade:group-9D8C2CBF9BEB:LeaderElection4] INFO  impl.RaftServerImpl (ServerState.java:setRaftConf(361)) - be72da87-b6db-47f6-aa3d-ccbf663d0ade:group-9D8C2CBF9BEB set configuration 0: [be72da87-b6db-47f6-aa3d-ccbf663d0ade:192.168.69.77:43756], old=null at 0
2019-07-14 16:53:49,563 [be72da87-b6db-47f6-aa3d-ccbf663d0ade-SegmentedRaftLogWorker:Storage Directory /workdir/hadoop-ozone/ozonefs/target/test-dir/MiniOzoneClusterImpl-6ee4de2d-eb38-45ee-bdf0-432cd2be9bed/datanode-3/data/ratis/bd88e758-b379-4cc0-9fb1-9d8c2cbf9beb] INFO  segmented.SegmentedRaftLogWorker (SegmentedRaftLogWorker.java:execute(569)) - be72da87-b6db-47f6-aa3d-ccbf663d0ade-SegmentedRaftLogWorker:Storage Directory /workdir/hadoop-ozone/ozonefs/target/test-dir/MiniOzoneClusterImpl-6ee4de2d-eb38-45ee-bdf0-432cd2be9bed/datanode-3/data/ratis/bd88e758-b379-4cc0-9fb1-9d8c2cbf9beb: created new log segment /workdir/hadoop-ozone/ozonefs/target/test-dir/MiniOzoneClusterImpl-6ee4de2d-eb38-45ee-bdf0-432cd2be9bed/datanode-3/data/ratis/bd88e758-b379-4cc0-9fb1-9d8c2cbf9beb/current/log_inprogress_0
2019-07-14 16:53:49,572 [Thread-221] INFO  impl.FollowerState (FollowerState.java:run(106)) - dd961e0b-ae4a-4124-9830-5bae9cb7d7c0:group-FC8FE8195674 changes to CANDIDATE, lastRpcTime:5122, electionTimeout:5122ms
2019-07-14 16:53:49,572 [Thread-221] INFO  impl.RoleInfo (RoleInfo.java:shutdownFollowerState(121)) - dd961e0b-ae4a-4124-9830-5bae9cb7d7c0: shutdown FollowerState
2019-07-14 16:53:49,572 [Thread-221] INFO  impl.RaftServerImpl (RaftServerImpl.java:setRole(171)) - dd961e0b-ae4a-4124-9830-5bae9cb7d7c0:group-FC8FE8195674 changes role from FOLLOWER to CANDIDATE at term 0 for changeToCandidate
2019-07-14 16:53:49,572 [Thread-221] INFO  impl.RoleInfo (RoleInfo.java:updateAndGet(143)) - dd961e0b-ae4a-4124-9830-5bae9cb7d7c0: start LeaderElection
2019-07-14 16:53:49,590 [dd961e0b-ae4a-4124-9830-5bae9cb7d7c0:group-FC8FE8195674:LeaderElection5] INFO  impl.LeaderElection (LeaderElection.java:askForVotes(181)) - dd961e0b-ae4a-4124-9830-5bae9cb7d7c0:group-FC8FE8195674:LeaderElection5: begin an election at term 1 for -1: [dd961e0b-ae4a-4124-9830-5bae9cb7d7c0:192.168.69.77:44747], old=null
2019-07-14 16:53:49,592 [dd961e0b-ae4a-4124-9830-5bae9cb7d7c0:group-FC8FE8195674:LeaderElection5] INFO  impl.RoleInfo (RoleInfo.java:shutdownLeaderElection(134)) - dd961e0b-ae4a-4124-9830-5bae9cb7d7c0: shutdown LeaderElection
2019-07-14 16:53:49,592 [dd961e0b-ae4a-4124-9830-5bae9cb7d7c0:group-FC8FE8195674:LeaderElection5] INFO  impl.RaftServerImpl (RaftServerImpl.java:setRole(171)) - dd961e0b-ae4a-4124-9830-5bae9cb7d7c0:group-FC8FE8195674 changes role from CANDIDATE to LEADER at term 1 for changeToLeader
2019-07-14 16:53:49,592 [dd961e0b-ae4a-4124-9830-5bae9cb7d7c0:group-FC8FE8195674:LeaderElection5] INFO  impl.RaftServerImpl (ServerState.java:setLeader(263)) - dd961e0b-ae4a-4124-9830-5bae9cb7d7c0:group-FC8FE8195674 change Leader from null to dd961e0b-ae4a-4124-9830-5bae9cb7d7c0 at term 1 for becomeLeader, leader elected after 5147ms
2019-07-14 16:53:49,594 [dd961e0b-ae4a-4124-9830-5bae9cb7d7c0:group-FC8FE8195674:LeaderElection5] INFO  server.RaftServerConfigKeys (ConfUtils.java:logGet(43)) - raft.server.staging.catchup.gap = 1000 (default)
2019-07-14 16:53:49,594 [dd961e0b-ae4a-4124-9830-5bae9cb7d7c0:group-FC8FE8195674:LeaderElection5] INFO  server.RaftServerConfigKeys (ConfUtils.java:logGet(43)) - raft.server.rpc.sleep.time = 25ms (default)
2019-07-14 16:53:49,594 [dd961e0b-ae4a-4124-9830-5bae9cb7d7c0:group-FC8FE8195674:LeaderElection5] INFO  server.RaftServerConfigKeys (ConfUtils.java:logGet(43)) - raft.server.write.element-limit = 4096 (default)
2019-07-14 16:53:49,594 [dd961e0b-ae4a-4124-9830-5bae9cb7d7c0:group-FC8FE8195674:LeaderElection5] INFO  server.RaftServerConfigKeys (ConfUtils.java:logGet(43)) - raft.server.watch.timeout = 10s (default)
2019-07-14 16:53:49,594 [dd961e0b-ae4a-4124-9830-5bae9cb7d7c0:group-FC8FE8195674:LeaderElection5] INFO  server.RaftServerConfigKeys (ConfUtils.java:logGet(43)) - raft.server.watch.timeout.denomination = 1s (default)
2019-07-14 16:53:49,595 [dd961e0b-ae4a-4124-9830-5bae9cb7d7c0:group-FC8FE8195674:LeaderElection5] INFO  server.RaftServerConfigKeys (ConfUtils.java:logGet(43)) - raft.server.watch.element-limit = 65536 (default)
2019-07-14 16:53:49,595 [dd961e0b-ae4a-4124-9830-5bae9cb7d7c0:group-FC8FE8195674:LeaderElection5] INFO  impl.RoleInfo (RoleInfo.java:updateAndGet(143)) - dd961e0b-ae4a-4124-9830-5bae9cb7d7c0: start LeaderState
2019-07-14 16:53:49,595 [dd961e0b-ae4a-4124-9830-5bae9cb7d7c0:group-FC8FE8195674:LeaderElection5] INFO  segmented.SegmentedRaftLogWorker (SegmentedRaftLogWorker.java:startLogSegment(380)) - dd961e0b-ae4a-4124-9830-5bae9cb7d7c0-SegmentedRaftLogWorker:Storage Directory /workdir/hadoop-ozone/ozonefs/target/test-dir/MiniOzoneClusterImpl-6ee4de2d-eb38-45ee-bdf0-432cd2be9bed/datanode-4/data/ratis/939d1255-03c7-4fe7-a26d-fc8fe8195674: Starting segment from index:0
2019-07-14 16:53:49,596 [dd961e0b-ae4a-4124-9830-5bae9cb7d7c0:group-FC8FE8195674:LeaderElection5] INFO  impl.RaftServerImpl (ServerState.java:setRaftConf(361)) - dd961e0b-ae4a-4124-9830-5bae9cb7d7c0:group-FC8FE8195674 set configuration 0: [dd961e0b-ae4a-4124-9830-5bae9cb7d7c0:192.168.69.77:44747], old=null at 0
2019-07-14 16:53:49,621 [Thread-228] INFO  impl.FollowerState (FollowerState.java:run(106)) - be72da87-b6db-47f6-aa3d-ccbf663d0ade:group-34371A4E34F0 changes to CANDIDATE, lastRpcTime:5062, electionTimeout:5061ms
2019-07-14 16:53:49,621 [Thread-228] INFO  impl.RoleInfo (RoleInfo.java:shutdownFollowerState(121)) - be72da87-b6db-47f6-aa3d-ccbf663d0ade: shutdown FollowerState
2019-07-14 16:53:49,622 [Thread-228] INFO  impl.RaftServerImpl (RaftServerImpl.java:setRole(171)) - be72da87-b6db-47f6-aa3d-ccbf663d0ade:group-34371A4E34F0 changes role from FOLLOWER to CANDIDATE at term 0 for changeToCandidate
2019-07-14 16:53:49,622 [Thread-228] INFO  impl.RoleInfo (RoleInfo.java:updateAndGet(143)) - be72da87-b6db-47f6-aa3d-ccbf663d0ade: start LeaderElection
2019-07-14 16:53:49,622 [Thread-229] INFO  impl.FollowerState (FollowerState.java:run(106)) - cd3b767d-9cc0-4c28-94ad-da50813ff67a:group-34371A4E34F0 changes to CANDIDATE, lastRpcTime:5061, electionTimeout:5061ms
2019-07-14 16:53:49,622 [Thread-229] INFO  impl.RoleInfo (RoleInfo.java:shutdownFollowerState(121)) - cd3b767d-9cc0-4c28-94ad-da50813ff67a: shutdown FollowerState
2019-07-14 16:53:49,625 [Thread-229] INFO  impl.RaftServerImpl (RaftServerImpl.java:setRole(171)) - cd3b767d-9cc0-4c28-94ad-da50813ff67a:group-34371A4E34F0 changes role from FOLLOWER to CANDIDATE at term 0 for changeToCandidate
2019-07-14 16:53:49,626 [Thread-229] INFO  impl.RoleInfo (RoleInfo.java:updateAndGet(143)) - cd3b767d-9cc0-4c28-94ad-da50813ff67a: start LeaderElection
2019-07-14 16:53:49,629 [dd961e0b-ae4a-4124-9830-5bae9cb7d7c0-SegmentedRaftLogWorker:Storage Directory /workdir/hadoop-ozone/ozonefs/target/test-dir/MiniOzoneClusterImpl-6ee4de2d-eb38-45ee-bdf0-432cd2be9bed/datanode-4/data/ratis/939d1255-03c7-4fe7-a26d-fc8fe8195674] INFO  segmented.SegmentedRaftLogWorker (SegmentedRaftLogWorker.java:execute(569)) - dd961e0b-ae4a-4124-9830-5bae9cb7d7c0-SegmentedRaftLogWorker:Storage Directory /workdir/hadoop-ozone/ozonefs/target/test-dir/MiniOzoneClusterImpl-6ee4de2d-eb38-45ee-bdf0-432cd2be9bed/datanode-4/data/ratis/939d1255-03c7-4fe7-a26d-fc8fe8195674: created new log segment /workdir/hadoop-ozone/ozonefs/target/test-dir/MiniOzoneClusterImpl-6ee4de2d-eb38-45ee-bdf0-432cd2be9bed/datanode-4/data/ratis/939d1255-03c7-4fe7-a26d-fc8fe8195674/current/log_inprogress_0
2019-07-14 16:53:49,629 [be72da87-b6db-47f6-aa3d-ccbf663d0ade:group-34371A4E34F0:LeaderElection6] INFO  impl.LeaderElection (LeaderElection.java:askForVotes(181)) - be72da87-b6db-47f6-aa3d-ccbf663d0ade:group-34371A4E34F0:LeaderElection6: begin an election at term 1 for -1: [cd3b767d-9cc0-4c28-94ad-da50813ff67a:192.168.69.77:44611, b983e297-60dd-4729-9b86-b96168473733:192.168.69.77:40801, be72da87-b6db-47f6-aa3d-ccbf663d0ade:192.168.69.77:43756], old=null
2019-07-14 16:53:49,644 [cd3b767d-9cc0-4c28-94ad-da50813ff67a:group-34371A4E34F0:LeaderElection7] INFO  impl.LeaderElection (LeaderElection.java:askForVotes(181)) - cd3b767d-9cc0-4c28-94ad-da50813ff67a:group-34371A4E34F0:LeaderElection7: begin an election at term 1 for -1: [cd3b767d-9cc0-4c28-94ad-da50813ff67a:192.168.69.77:44611, b983e297-60dd-4729-9b86-b96168473733:192.168.69.77:40801, be72da87-b6db-47f6-aa3d-ccbf663d0ade:192.168.69.77:43756], old=null
2019-07-14 16:53:49,671 [grpc-default-executor-0] INFO  impl.RaftServerImpl (RaftServerImpl.java:setRole(171)) - b983e297-60dd-4729-9b86-b96168473733:group-34371A4E34F0 changes role from FOLLOWER to FOLLOWER at term 1 for recognizeCandidate:be72da87-b6db-47f6-aa3d-ccbf663d0ade
2019-07-14 16:53:49,671 [grpc-default-executor-0] INFO  impl.RoleInfo (RoleInfo.java:shutdownFollowerState(121)) - b983e297-60dd-4729-9b86-b96168473733: shutdown FollowerState
2019-07-14 16:53:49,671 [grpc-default-executor-0] INFO  impl.RoleInfo (RoleInfo.java:updateAndGet(143)) - b983e297-60dd-4729-9b86-b96168473733: start FollowerState
2019-07-14 16:53:49,672 [Thread-224] INFO  impl.FollowerState (FollowerState.java:run(114)) - b983e297-60dd-4729-9b86-b96168473733: FollowerState was interrupted: java.lang.InterruptedException: sleep interrupted
2019-07-14 16:53:49,706 [be72da87-b6db-47f6-aa3d-ccbf663d0ade:group-34371A4E34F0:LeaderElection6] INFO  impl.LeaderElection (LeaderElection.java:logAndReturn(56)) - be72da87-b6db-47f6-aa3d-ccbf663d0ade:group-34371A4E34F0:LeaderElection6: Election PASSED; received 2 response(s) [be72da87-b6db-47f6-aa3d-ccbf663d0ade<-cd3b767d-9cc0-4c28-94ad-da50813ff67a#0:FAIL-t1, be72da87-b6db-47f6-aa3d-ccbf663d0ade<-b983e297-60dd-4729-9b86-b96168473733#0:OK-t1] and 0 exception(s); be72da87-b6db-47f6-aa3d-ccbf663d0ade:t1, leader=null, voted=be72da87-b6db-47f6-aa3d-ccbf663d0ade, raftlog=be72da87-b6db-47f6-aa3d-ccbf663d0ade-SegmentedRaftLog:OPENED:c-1,f-1,i0, conf=-1: [cd3b767d-9cc0-4c28-94ad-da50813ff67a:192.168.69.77:44611, b983e297-60dd-4729-9b86-b96168473733:192.168.69.77:40801, be72da87-b6db-47f6-aa3d-ccbf663d0ade:192.168.69.77:43756], old=null
2019-07-14 16:53:49,706 [cd3b767d-9cc0-4c28-94ad-da50813ff67a:group-34371A4E34F0:LeaderElection7] INFO  impl.LeaderElection (LeaderElection.java:logAndReturn(56)) - cd3b767d-9cc0-4c28-94ad-da50813ff67a:group-34371A4E34F0:LeaderElection7: Election REJECTED; received 2 response(s) [cd3b767d-9cc0-4c28-94ad-da50813ff67a<-b983e297-60dd-4729-9b86-b96168473733#0:FAIL-t1, cd3b767d-9cc0-4c28-94ad-da50813ff67a<-be72da87-b6db-47f6-aa3d-ccbf663d0ade#0:FAIL-t1] and 0 exception(s); cd3b767d-9cc0-4c28-94ad-da50813ff67a:t1, leader=null, voted=cd3b767d-9cc0-4c28-94ad-da50813ff67a, raftlog=cd3b767d-9cc0-4c28-94ad-da50813ff67a-SegmentedRaftLog:OPENED:c-1,f-1,i0, conf=-1: [cd3b767d-9cc0-4c28-94ad-da50813ff67a:192.168.69.77:44611, b983e297-60dd-4729-9b86-b96168473733:192.168.69.77:40801, be72da87-b6db-47f6-aa3d-ccbf663d0ade:192.168.69.77:43756], old=null
2019-07-14 16:53:49,707 [be72da87-b6db-47f6-aa3d-ccbf663d0ade:group-34371A4E34F0:LeaderElection6] INFO  impl.RoleInfo (RoleInfo.java:shutdownLeaderElection(134)) - be72da87-b6db-47f6-aa3d-ccbf663d0ade: shutdown LeaderElection
2019-07-14 16:53:49,708 [cd3b767d-9cc0-4c28-94ad-da50813ff67a:group-34371A4E34F0:LeaderElection7] INFO  impl.RaftServerImpl (RaftServerImpl.java:setRole(171)) - cd3b767d-9cc0-4c28-94ad-da50813ff67a:group-34371A4E34F0 changes role from CANDIDATE to FOLLOWER at term 1 for DISCOVERED_A_NEW_TERM
2019-07-14 16:53:49,709 [cd3b767d-9cc0-4c28-94ad-da50813ff67a:group-34371A4E34F0:LeaderElection7] INFO  impl.RoleInfo (RoleInfo.java:shutdownLeaderElection(134)) - cd3b767d-9cc0-4c28-94ad-da50813ff67a: shutdown LeaderElection
2019-07-14 16:53:49,709 [be72da87-b6db-47f6-aa3d-ccbf663d0ade:group-34371A4E34F0:LeaderElection6] INFO  impl.RaftServerImpl (RaftServerImpl.java:setRole(171)) - be72da87-b6db-47f6-aa3d-ccbf663d0ade:group-34371A4E34F0 changes role from CANDIDATE to LEADER at term 1 for changeToLeader
2019-07-14 16:53:49,713 [be72da87-b6db-47f6-aa3d-ccbf663d0ade:group-34371A4E34F0:LeaderElection6] INFO  impl.RaftServerImpl (ServerState.java:setLeader(263)) - be72da87-b6db-47f6-aa3d-ccbf663d0ade:group-34371A4E34F0 change Leader from null to be72da87-b6db-47f6-aa3d-ccbf663d0ade at term 1 for becomeLeader, leader elected after 5168ms
2019-07-14 16:53:49,713 [cd3b767d-9cc0-4c28-94ad-da50813ff67a:group-34371A4E34F0:LeaderElection7] INFO  impl.RoleInfo (RoleInfo.java:updateAndGet(143)) - cd3b767d-9cc0-4c28-94ad-da50813ff67a: start FollowerState
2019-07-14 16:53:49,713 [be72da87-b6db-47f6-aa3d-ccbf663d0ade:group-34371A4E34F0:LeaderElection6] INFO  server.RaftServerConfigKeys (ConfUtils.java:logGet(43)) - raft.server.staging.catchup.gap = 1000 (default)
2019-07-14 16:53:49,714 [be72da87-b6db-47f6-aa3d-ccbf663d0ade:group-34371A4E34F0:LeaderElection6] INFO  server.RaftServerConfigKeys (ConfUtils.java:logGet(43)) - raft.server.rpc.sleep.time = 25ms (default)
2019-07-14 16:53:49,715 [be72da87-b6db-47f6-aa3d-ccbf663d0ade:group-34371A4E34F0:LeaderElection6] INFO  server.RaftServerConfigKeys (ConfUtils.java:logGet(43)) - raft.server.write.element-limit = 4096 (default)
2019-07-14 16:53:49,715 [be72da87-b6db-47f6-aa3d-ccbf663d0ade:group-34371A4E34F0:LeaderElection6] INFO  server.RaftServerConfigKeys (ConfUtils.java:logGet(43)) - raft.server.watch.timeout = 10s (default)
2019-07-14 16:53:49,715 [be72da87-b6db-47f6-aa3d-ccbf663d0ade:group-34371A4E34F0:LeaderElection6] INFO  server.RaftServerConfigKeys (ConfUtils.java:logGet(43)) - raft.server.watch.timeout.denomination = 1s (default)
2019-07-14 16:53:49,715 [be72da87-b6db-47f6-aa3d-ccbf663d0ade:group-34371A4E34F0:LeaderElection6] INFO  server.RaftServerConfigKeys (ConfUtils.java:logGet(43)) - raft.server.watch.element-limit = 65536 (default)
2019-07-14 16:53:49,718 [be72da87-b6db-47f6-aa3d-ccbf663d0ade:group-34371A4E34F0:LeaderElection6] INFO  server.RaftServerConfigKeys (ConfUtils.java:logGet(43)) - raft.server.log.appender.snapshot.chunk.size.max = 16MB (=16777216) (default)
2019-07-14 16:53:49,718 [be72da87-b6db-47f6-aa3d-ccbf663d0ade:group-34371A4E34F0:LeaderElection6] INFO  server.RaftServerConfigKeys (ConfUtils.java:logGet(43)) - raft.server.log.appender.buffer.byte-limit = 33554432 (custom)
2019-07-14 16:53:49,718 [be72da87-b6db-47f6-aa3d-ccbf663d0ade:group-34371A4E34F0:LeaderElection6] INFO  server.RaftServerConfigKeys (ConfUtils.java:logGet(43)) - raft.server.log.appender.buffer.element-limit = 1 (custom)
2019-07-14 16:53:49,722 [be72da87-b6db-47f6-aa3d-ccbf663d0ade:group-34371A4E34F0:LeaderElection6] INFO  grpc.GrpcConfigKeys$Server (ConfUtils.java:logGet(43)) - raft.grpc.server.leader.outstanding.appends.max = 128 (default)
2019-07-14 16:53:49,723 [be72da87-b6db-47f6-aa3d-ccbf663d0ade:group-34371A4E34F0:LeaderElection6] INFO  server.RaftServerConfigKeys (ConfUtils.java:logGet(43)) - raft.server.rpc.request.timeout = 3000ms (default)
2019-07-14 16:53:49,723 [be72da87-b6db-47f6-aa3d-ccbf663d0ade:group-34371A4E34F0:LeaderElection6] INFO  server.RaftServerConfigKeys (ConfUtils.java:logGet(43)) - raft.server.log.appender.install.snapshot.enabled = false (custom)
2019-07-14 16:53:49,723 [be72da87-b6db-47f6-aa3d-ccbf663d0ade:group-34371A4E34F0:LeaderElection6] INFO  server.RaftServerConfigKeys (ConfUtils.java:logGet(43)) - raft.server.log.appender.snapshot.chunk.size.max = 16MB (=16777216) (default)
2019-07-14 16:53:49,723 [be72da87-b6db-47f6-aa3d-ccbf663d0ade:group-34371A4E34F0:LeaderElection6] INFO  server.RaftServerConfigKeys (ConfUtils.java:logGet(43)) - raft.server.log.appender.buffer.byte-limit = 33554432 (custom)
2019-07-14 16:53:49,723 [be72da87-b6db-47f6-aa3d-ccbf663d0ade:group-34371A4E34F0:LeaderElection6] INFO  server.RaftServerConfigKeys (ConfUtils.java:logGet(43)) - raft.server.log.appender.buffer.element-limit = 1 (custom)
2019-07-14 16:53:49,724 [be72da87-b6db-47f6-aa3d-ccbf663d0ade:group-34371A4E34F0:LeaderElection6] INFO  grpc.GrpcConfigKeys$Server (ConfUtils.java:logGet(43)) - raft.grpc.server.leader.outstanding.appends.max = 128 (default)
2019-07-14 16:53:49,724 [be72da87-b6db-47f6-aa3d-ccbf663d0ade:group-34371A4E34F0:LeaderElection6] INFO  server.RaftServerConfigKeys (ConfUtils.java:logGet(43)) - raft.server.rpc.request.timeout = 3000ms (default)
2019-07-14 16:53:49,724 [be72da87-b6db-47f6-aa3d-ccbf663d0ade:group-34371A4E34F0:LeaderElection6] INFO  server.RaftServerConfigKeys (ConfUtils.java:logGet(43)) - raft.server.log.appender.install.snapshot.enabled = false (custom)
2019-07-14 16:53:49,725 [be72da87-b6db-47f6-aa3d-ccbf663d0ade:group-34371A4E34F0:LeaderElection6] INFO  impl.RoleInfo (RoleInfo.java:updateAndGet(143)) - be72da87-b6db-47f6-aa3d-ccbf663d0ade: start LeaderState
2019-07-14 16:53:49,726 [be72da87-b6db-47f6-aa3d-ccbf663d0ade:group-34371A4E34F0:LeaderElection6] INFO  segmented.SegmentedRaftLogWorker (SegmentedRaftLogWorker.java:startLogSegment(380)) - be72da87-b6db-47f6-aa3d-ccbf663d0ade-SegmentedRaftLogWorker:Storage Directory /workdir/hadoop-ozone/ozonefs/target/test-dir/MiniOzoneClusterImpl-6ee4de2d-eb38-45ee-bdf0-432cd2be9bed/datanode-3/data/ratis/94145d67-98df-4252-96cc-34371a4e34f0: Starting segment from index:0
2019-07-14 16:53:49,726 [be72da87-b6db-47f6-aa3d-ccbf663d0ade:group-34371A4E34F0:LeaderElection6] INFO  impl.RaftServerImpl (ServerState.java:setRaftConf(361)) - be72da87-b6db-47f6-aa3d-ccbf663d0ade:group-34371A4E34F0 set configuration 0: [cd3b767d-9cc0-4c28-94ad-da50813ff67a:192.168.69.77:44611, b983e297-60dd-4729-9b86-b96168473733:192.168.69.77:40801, be72da87-b6db-47f6-aa3d-ccbf663d0ade:192.168.69.77:43756], old=null at 0
2019-07-14 16:53:49,756 [be72da87-b6db-47f6-aa3d-ccbf663d0ade-SegmentedRaftLogWorker:Storage Directory /workdir/hadoop-ozone/ozonefs/target/test-dir/MiniOzoneClusterImpl-6ee4de2d-eb38-45ee-bdf0-432cd2be9bed/datanode-3/data/ratis/94145d67-98df-4252-96cc-34371a4e34f0] INFO  segmented.SegmentedRaftLogWorker (SegmentedRaftLogWorker.java:execute(569)) - be72da87-b6db-47f6-aa3d-ccbf663d0ade-SegmentedRaftLogWorker:Storage Directory /workdir/hadoop-ozone/ozonefs/target/test-dir/MiniOzoneClusterImpl-6ee4de2d-eb38-45ee-bdf0-432cd2be9bed/datanode-3/data/ratis/94145d67-98df-4252-96cc-34371a4e34f0: created new log segment /workdir/hadoop-ozone/ozonefs/target/test-dir/MiniOzoneClusterImpl-6ee4de2d-eb38-45ee-bdf0-432cd2be9bed/datanode-3/data/ratis/94145d67-98df-4252-96cc-34371a4e34f0/current/log_inprogress_0
2019-07-14 16:53:49,761 [grpc-default-executor-2] INFO  impl.RaftServerImpl (ServerState.java:setLeader(263)) - b983e297-60dd-4729-9b86-b96168473733:group-34371A4E34F0 change Leader from null to be72da87-b6db-47f6-aa3d-ccbf663d0ade at term 1 for appendEntries, leader elected after 5217ms
2019-07-14 16:53:49,761 [grpc-default-executor-0] INFO  impl.RaftServerImpl (ServerState.java:setLeader(263)) - cd3b767d-9cc0-4c28-94ad-da50813ff67a:group-34371A4E34F0 change Leader from null to be72da87-b6db-47f6-aa3d-ccbf663d0ade at term 1 for appendEntries, leader elected after 5217ms
2019-07-14 16:53:49,788 [grpc-default-executor-2] INFO  impl.RaftServerImpl (ServerState.java:setRaftConf(361)) - b983e297-60dd-4729-9b86-b96168473733:group-34371A4E34F0 set configuration 0: [cd3b767d-9cc0-4c28-94ad-da50813ff67a:192.168.69.77:44611, b983e297-60dd-4729-9b86-b96168473733:192.168.69.77:40801, be72da87-b6db-47f6-aa3d-ccbf663d0ade:192.168.69.77:43756], old=null at 0
2019-07-14 16:53:49,788 [grpc-default-executor-0] INFO  impl.RaftServerImpl (ServerState.java:setRaftConf(361)) - cd3b767d-9cc0-4c28-94ad-da50813ff67a:group-34371A4E34F0 set configuration 0: [cd3b767d-9cc0-4c28-94ad-da50813ff67a:192.168.69.77:44611, b983e297-60dd-4729-9b86-b96168473733:192.168.69.77:40801, be72da87-b6db-47f6-aa3d-ccbf663d0ade:192.168.69.77:43756], old=null at 0
2019-07-14 16:53:49,788 [grpc-default-executor-2] INFO  segmented.SegmentedRaftLogWorker (SegmentedRaftLogWorker.java:startLogSegment(380)) - b983e297-60dd-4729-9b86-b96168473733-SegmentedRaftLogWorker:Storage Directory /workdir/hadoop-ozone/ozonefs/target/test-dir/MiniOzoneClusterImpl-6ee4de2d-eb38-45ee-bdf0-432cd2be9bed/datanode-2/data/ratis/94145d67-98df-4252-96cc-34371a4e34f0: Starting segment from index:0
2019-07-14 16:53:49,789 [grpc-default-executor-0] INFO  segmented.SegmentedRaftLogWorker (SegmentedRaftLogWorker.java:startLogSegment(380)) - cd3b767d-9cc0-4c28-94ad-da50813ff67a-SegmentedRaftLogWorker:Storage Directory /workdir/hadoop-ozone/ozonefs/target/test-dir/MiniOzoneClusterImpl-6ee4de2d-eb38-45ee-bdf0-432cd2be9bed/datanode-1/data/ratis/94145d67-98df-4252-96cc-34371a4e34f0: Starting segment from index:0
2019-07-14 16:53:49,819 [b983e297-60dd-4729-9b86-b96168473733-SegmentedRaftLogWorker:Storage Directory /workdir/hadoop-ozone/ozonefs/target/test-dir/MiniOzoneClusterImpl-6ee4de2d-eb38-45ee-bdf0-432cd2be9bed/datanode-2/data/ratis/94145d67-98df-4252-96cc-34371a4e34f0] INFO  segmented.SegmentedRaftLogWorker (SegmentedRaftLogWorker.java:execute(569)) - b983e297-60dd-4729-9b86-b96168473733-SegmentedRaftLogWorker:Storage Directory /workdir/hadoop-ozone/ozonefs/target/test-dir/MiniOzoneClusterImpl-6ee4de2d-eb38-45ee-bdf0-432cd2be9bed/datanode-2/data/ratis/94145d67-98df-4252-96cc-34371a4e34f0: created new log segment /workdir/hadoop-ozone/ozonefs/target/test-dir/MiniOzoneClusterImpl-6ee4de2d-eb38-45ee-bdf0-432cd2be9bed/datanode-2/data/ratis/94145d67-98df-4252-96cc-34371a4e34f0/current/log_inprogress_0
2019-07-14 16:53:49,819 [cd3b767d-9cc0-4c28-94ad-da50813ff67a-SegmentedRaftLogWorker:Storage Directory /workdir/hadoop-ozone/ozonefs/target/test-dir/MiniOzoneClusterImpl-6ee4de2d-eb38-45ee-bdf0-432cd2be9bed/datanode-1/data/ratis/94145d67-98df-4252-96cc-34371a4e34f0] INFO  segmented.SegmentedRaftLogWorker (SegmentedRaftLogWorker.java:execute(569)) - cd3b767d-9cc0-4c28-94ad-da50813ff67a-SegmentedRaftLogWorker:Storage Directory /workdir/hadoop-ozone/ozonefs/target/test-dir/MiniOzoneClusterImpl-6ee4de2d-eb38-45ee-bdf0-432cd2be9bed/datanode-1/data/ratis/94145d67-98df-4252-96cc-34371a4e34f0: created new log segment /workdir/hadoop-ozone/ozonefs/target/test-dir/MiniOzoneClusterImpl-6ee4de2d-eb38-45ee-bdf0-432cd2be9bed/datanode-1/data/ratis/94145d67-98df-4252-96cc-34371a4e34f0/current/log_inprogress_0
16:53:50.547 [IPC Server handler 15 on 38223] ERROR OMAudit - user=jenkins1000 | ip=127.0.0.1 | op=CREATE_FILE {volume=volume06001, bucket=bucket79696, key=test/testOverwriteNonEmptyDirectory, dataSize=0, replicationType=RATIS, replicationFactor=THREE, keyLocationInfo=null} | ret=FAILURE
org.apache.hadoop.ozone.om.exceptions.OMException: Can not write to directory: test/testOverwriteNonEmptyDirectory
	at org.apache.hadoop.ozone.om.KeyManagerImpl.createFile(KeyManagerImpl.java:1878) ~[hadoop-ozone-ozone-manager-0.5.0-SNAPSHOT.jar:?]
	at org.apache.hadoop.ozone.om.OzoneManager.createFile(OzoneManager.java:3033) [hadoop-ozone-ozone-manager-0.5.0-SNAPSHOT.jar:?]
	at org.apache.hadoop.ozone.protocolPB.OzoneManagerRequestHandler.createFile(OzoneManagerRequestHandler.java:1079) [hadoop-ozone-ozone-manager-0.5.0-SNAPSHOT.jar:?]
	at org.apache.hadoop.ozone.protocolPB.OzoneManagerRequestHandler.handle(OzoneManagerRequestHandler.java:347) [hadoop-ozone-ozone-manager-0.5.0-SNAPSHOT.jar:?]
	at org.apache.hadoop.ozone.protocolPB.OzoneManagerProtocolServerSideTranslatorPB.submitRequestDirectlyToOM(OzoneManagerProtocolServerSideTranslatorPB.java:192) [hadoop-ozone-ozone-manager-0.5.0-SNAPSHOT.jar:?]
	at org.apache.hadoop.ozone.protocolPB.OzoneManagerProtocolServerSideTranslatorPB.submitRequest(OzoneManagerProtocolServerSideTranslatorPB.java:110) [hadoop-ozone-ozone-manager-0.5.0-SNAPSHOT.jar:?]
	at org.apache.hadoop.ozone.protocol.proto.OzoneManagerProtocolProtos$OzoneManagerService$2.callBlockingMethod(OzoneManagerProtocolProtos.java) [hadoop-ozone-common-0.5.0-SNAPSHOT.jar:?]
	at org.apache.hadoop.ipc.ProtobufRpcEngine$Server$ProtoBufRpcInvoker.call(ProtobufRpcEngine.java:524) [hadoop-common-3.2.0.jar:?]
	at org.apache.hadoop.ipc.RPC$Server.call(RPC.java:1025) [hadoop-common-3.2.0.jar:?]
	at org.apache.hadoop.ipc.Server$RpcCall.run(Server.java:876) [hadoop-common-3.2.0.jar:?]
	at org.apache.hadoop.ipc.Server$RpcCall.run(Server.java:822) [hadoop-common-3.2.0.jar:?]
	at java.security.AccessController.doPrivileged(Native Method) [?:1.8.0_212]
	at javax.security.auth.Subject.doAs(Subject.java:422) [?:1.8.0_212]
	at org.apache.hadoop.security.UserGroupInformation.doAs(UserGroupInformation.java:1730) [hadoop-common-3.2.0.jar:?]
	at org.apache.hadoop.ipc.Server$Handler.run(Server.java:2682) [hadoop-common-3.2.0.jar:?]
2019-07-14 16:53:50,559 [Thread-232] INFO  contract.AbstractFSContractTestBase (AbstractFSContractTestBase.java:describe(255)) - verify trying to create a file over a non-empty dir fails, use builder API=true
2019-07-14 16:53:50,589 [pool-89-thread-4] INFO  keyvalue.KeyValueHandler (ContainerUtils.java:logAndReturnError(146)) - Operation: CreateContainer : Trace ID: 96b943ab2f051120:96b943ab2f051120:0:0 : Message: Container creation failed, due to disk out of space : Result: DISK_OUT_OF_SPACE
16:53:50.593 [pool-89-thread-4] ERROR DNAudit - user=null | ip=null | op=WRITE_CHUNK {blockData=conID: 2 locID: 102440844038963203 bcsId: 0} | ret=FAILURE
org.apache.hadoop.hdds.scm.container.common.helpers.StorageContainerException: ContainerID 2 creation failed
	at org.apache.hadoop.ozone.container.common.impl.HddsDispatcher.dispatchRequest(HddsDispatcher.java:227) ~[hadoop-hdds-container-service-0.5.0-SNAPSHOT.jar:?]
	at org.apache.hadoop.ozone.container.common.impl.HddsDispatcher.dispatch(HddsDispatcher.java:148) ~[hadoop-hdds-container-service-0.5.0-SNAPSHOT.jar:?]
	at org.apache.hadoop.ozone.container.common.transport.server.ratis.ContainerStateMachine.dispatchCommand(ContainerStateMachine.java:357) ~[hadoop-hdds-container-service-0.5.0-SNAPSHOT.jar:?]
	at org.apache.hadoop.ozone.container.common.transport.server.ratis.ContainerStateMachine.runCommand(ContainerStateMachine.java:364) ~[hadoop-hdds-container-service-0.5.0-SNAPSHOT.jar:?]
	at org.apache.hadoop.ozone.container.common.transport.server.ratis.ContainerStateMachine.lambda$handleWriteChunk$0(ContainerStateMachine.java:395) ~[hadoop-hdds-container-service-0.5.0-SNAPSHOT.jar:?]
	at java.util.concurrent.CompletableFuture$AsyncSupply.run(CompletableFuture.java:1590) [?:1.8.0_212]
	at java.util.concurrent.ThreadPoolExecutor.runWorker(ThreadPoolExecutor.java:1149) [?:1.8.0_212]
	at java.util.concurrent.ThreadPoolExecutor$Worker.run(ThreadPoolExecutor.java:624) [?:1.8.0_212]
	at java.lang.Thread.run(Thread.java:748) [?:1.8.0_212]
2019-07-14 16:53:50,594 [pool-89-thread-4] INFO  impl.HddsDispatcher (ContainerUtils.java:logAndReturnError(146)) - Operation: WriteChunk : Trace ID: 96b943ab2f051120:96b943ab2f051120:0:0 : Message: ContainerID 2 creation failed : Result: DISK_OUT_OF_SPACE
2019-07-14 16:53:50,594 [pool-68-thread-2] INFO  keyvalue.KeyValueHandler (ContainerUtils.java:logAndReturnError(146)) - Operation: CreateContainer : Trace ID: 96b943ab2f051120:96b943ab2f051120:0:0 : Message: Container creation failed, due to disk out of space : Result: DISK_OUT_OF_SPACE
2019-07-14 16:53:50,596 [pool-47-thread-2] INFO  keyvalue.KeyValueHandler (ContainerUtils.java:logAndReturnError(146)) - Operation: CreateContainer : Trace ID: 96b943ab2f051120:96b943ab2f051120:0:0 : Message: Container creation failed, due to disk out of space : Result: DISK_OUT_OF_SPACE
16:53:50.596 [pool-47-thread-2] ERROR DNAudit - user=null | ip=null | op=WRITE_CHUNK {blockData=conID: 2 locID: 102440844038963203 bcsId: 0} | ret=FAILURE
org.apache.hadoop.hdds.scm.container.common.helpers.StorageContainerException: ContainerID 2 creation failed
	at org.apache.hadoop.ozone.container.common.impl.HddsDispatcher.dispatchRequest(HddsDispatcher.java:227) ~[hadoop-hdds-container-service-0.5.0-SNAPSHOT.jar:?]
	at org.apache.hadoop.ozone.container.common.impl.HddsDispatcher.dispatch(HddsDispatcher.java:148) ~[hadoop-hdds-container-service-0.5.0-SNAPSHOT.jar:?]
	at org.apache.hadoop.ozone.container.common.transport.server.ratis.ContainerStateMachine.dispatchCommand(ContainerStateMachine.java:357) ~[hadoop-hdds-container-service-0.5.0-SNAPSHOT.jar:?]
	at org.apache.hadoop.ozone.container.common.transport.server.ratis.ContainerStateMachine.runCommand(ContainerStateMachine.java:364) ~[hadoop-hdds-container-service-0.5.0-SNAPSHOT.jar:?]
	at org.apache.hadoop.ozone.container.common.transport.server.ratis.ContainerStateMachine.lambda$handleWriteChunk$0(ContainerStateMachine.java:395) ~[hadoop-hdds-container-service-0.5.0-SNAPSHOT.jar:?]
	at java.util.concurrent.CompletableFuture$AsyncSupply.run(CompletableFuture.java:1590) [?:1.8.0_212]
	at java.util.concurrent.ThreadPoolExecutor.runWorker(ThreadPoolExecutor.java:1149) [?:1.8.0_212]
	at java.util.concurrent.ThreadPoolExecutor$Worker.run(ThreadPoolExecutor.java:624) [?:1.8.0_212]
	at java.lang.Thread.run(Thread.java:748) [?:1.8.0_212]
16:53:50.596 [pool-68-thread-2] ERROR DNAudit - user=null | ip=null | op=WRITE_CHUNK {blockData=conID: 2 locID: 102440844038963203 bcsId: 0} | ret=FAILURE
org.apache.hadoop.hdds.scm.container.common.helpers.StorageContainerException: ContainerID 2 creation failed
	at org.apache.hadoop.ozone.container.common.impl.HddsDispatcher.dispatchRequest(HddsDispatcher.java:227) ~[hadoop-hdds-container-service-0.5.0-SNAPSHOT.jar:?]
	at org.apache.hadoop.ozone.container.common.impl.HddsDispatcher.dispatch(HddsDispatcher.java:148) ~[hadoop-hdds-container-service-0.5.0-SNAPSHOT.jar:?]
	at org.apache.hadoop.ozone.container.common.transport.server.ratis.ContainerStateMachine.dispatchCommand(ContainerStateMachine.java:357) ~[hadoop-hdds-container-service-0.5.0-SNAPSHOT.jar:?]
	at org.apache.hadoop.ozone.container.common.transport.server.ratis.ContainerStateMachine.runCommand(ContainerStateMachine.java:364) ~[hadoop-hdds-container-service-0.5.0-SNAPSHOT.jar:?]
	at org.apache.hadoop.ozone.container.common.transport.server.ratis.ContainerStateMachine.lambda$handleWriteChunk$0(ContainerStateMachine.java:395) ~[hadoop-hdds-container-service-0.5.0-SNAPSHOT.jar:?]
	at java.util.concurrent.CompletableFuture$AsyncSupply.run(CompletableFuture.java:1590) [?:1.8.0_212]
	at java.util.concurrent.ThreadPoolExecutor.runWorker(ThreadPoolExecutor.java:1149) [?:1.8.0_212]
	at java.util.concurrent.ThreadPoolExecutor$Worker.run(ThreadPoolExecutor.java:624) [?:1.8.0_212]
	at java.lang.Thread.run(Thread.java:748) [?:1.8.0_212]
2019-07-14 16:53:50,597 [pool-47-thread-2] INFO  impl.HddsDispatcher (ContainerUtils.java:logAndReturnError(146)) - Operation: WriteChunk : Trace ID: 96b943ab2f051120:96b943ab2f051120:0:0 : Message: ContainerID 2 creation failed : Result: DISK_OUT_OF_SPACE
2019-07-14 16:53:50,603 [pool-68-thread-2] INFO  impl.HddsDispatcher (ContainerUtils.java:logAndReturnError(146)) - Operation: WriteChunk : Trace ID: 96b943ab2f051120:96b943ab2f051120:0:0 : Message: ContainerID 2 creation failed : Result: DISK_OUT_OF_SPACE
16:53:50.620 [pool-92-thread-1] ERROR DNAudit - user=null | ip=null | op=WRITE_CHUNK {blockData=conID: 2 locID: 102440844038963203 bcsId: 0} | ret=FAILURE
org.apache.hadoop.hdds.scm.container.common.helpers.StorageContainerException: ContainerID 2 does not exist
	at org.apache.hadoop.ozone.container.common.impl.HddsDispatcher.dispatchRequest(HddsDispatcher.java:242) ~[hadoop-hdds-container-service-0.5.0-SNAPSHOT.jar:?]
	at org.apache.hadoop.ozone.container.common.impl.HddsDispatcher.dispatch(HddsDispatcher.java:148) ~[hadoop-hdds-container-service-0.5.0-SNAPSHOT.jar:?]
	at org.apache.hadoop.ozone.container.common.transport.server.ratis.ContainerStateMachine.dispatchCommand(ContainerStateMachine.java:357) ~[hadoop-hdds-container-service-0.5.0-SNAPSHOT.jar:?]
	at org.apache.hadoop.ozone.container.common.transport.server.ratis.ContainerStateMachine.runCommand(ContainerStateMachine.java:364) ~[hadoop-hdds-container-service-0.5.0-SNAPSHOT.jar:?]
	at org.apache.hadoop.ozone.container.common.transport.server.ratis.ContainerStateMachine.lambda$applyTransaction$5(ContainerStateMachine.java:630) ~[hadoop-hdds-container-service-0.5.0-SNAPSHOT.jar:?]
	at java.util.concurrent.CompletableFuture$AsyncSupply.run(CompletableFuture.java:1590) [?:1.8.0_212]
	at java.util.concurrent.ThreadPoolExecutor.runWorker(ThreadPoolExecutor.java:1149) [?:1.8.0_212]
	at java.util.concurrent.ThreadPoolExecutor$Worker.run(ThreadPoolExecutor.java:624) [?:1.8.0_212]
	at java.lang.Thread.run(Thread.java:748) [?:1.8.0_212]
2019-07-14 16:53:50,621 [pool-92-thread-1] INFO  impl.HddsDispatcher (ContainerUtils.java:logAndReturnError(146)) - Operation: WriteChunk : Trace ID: 96b943ab2f051120:96b943ab2f051120:0:0 : Message: ContainerID 2 does not exist : Result: CONTAINER_NOT_FOUND
16:53:50.622 [pool-92-thread-1] ERROR DNAudit - user=null | ip=null | op=PUT_BLOCK {blockData=[blockId=conID: 2 locID: 102440844038963203 bcsId: 0,size=10]} | ret=FAILURE
org.apache.hadoop.hdds.scm.container.common.helpers.StorageContainerException: ContainerID 2 does not exist
	at org.apache.hadoop.ozone.container.common.impl.HddsDispatcher.dispatchRequest(HddsDispatcher.java:242) ~[hadoop-hdds-container-service-0.5.0-SNAPSHOT.jar:?]
	at org.apache.hadoop.ozone.container.common.impl.HddsDispatcher.dispatch(HddsDispatcher.java:148) ~[hadoop-hdds-container-service-0.5.0-SNAPSHOT.jar:?]
	at org.apache.hadoop.ozone.container.common.transport.server.ratis.ContainerStateMachine.dispatchCommand(ContainerStateMachine.java:357) ~[hadoop-hdds-container-service-0.5.0-SNAPSHOT.jar:?]
	at org.apache.hadoop.ozone.container.common.transport.server.ratis.ContainerStateMachine.runCommand(ContainerStateMachine.java:364) ~[hadoop-hdds-container-service-0.5.0-SNAPSHOT.jar:?]
	at org.apache.hadoop.ozone.container.common.transport.server.ratis.ContainerStateMachine.lambda$applyTransaction$5(ContainerStateMachine.java:630) ~[hadoop-hdds-container-service-0.5.0-SNAPSHOT.jar:?]
	at java.util.concurrent.CompletableFuture$AsyncSupply.run(CompletableFuture.java:1590) [?:1.8.0_212]
	at java.util.concurrent.ThreadPoolExecutor.runWorker(ThreadPoolExecutor.java:1149) [?:1.8.0_212]
	at java.util.concurrent.ThreadPoolExecutor$Worker.run(ThreadPoolExecutor.java:624) [?:1.8.0_212]
	at java.lang.Thread.run(Thread.java:748) [?:1.8.0_212]
2019-07-14 16:53:50,623 [pool-92-thread-1] INFO  impl.HddsDispatcher (ContainerUtils.java:logAndReturnError(146)) - Operation: PutBlock : Trace ID: 41d40dd4df1e49d6:41d40dd4df1e49d6:0:0 : Message: ContainerID 2 does not exist : Result: CONTAINER_NOT_FOUND
2019-07-14 16:53:50,625 [pool-129-thread-1] ERROR storage.BlockOutputStream (BlockOutputStream.java:validateResponse(539)) - Unexpected Storage Container Exception: 
org.apache.hadoop.hdds.scm.container.common.helpers.StorageContainerException: ContainerID 2 does not exist
	at org.apache.hadoop.hdds.scm.storage.ContainerProtocolCalls.validateContainerResponse(ContainerProtocolCalls.java:536)
	at org.apache.hadoop.hdds.scm.storage.BlockOutputStream.validateResponse(BlockOutputStream.java:537)
	at org.apache.hadoop.hdds.scm.storage.BlockOutputStream.lambda$writeChunkToContainer$2(BlockOutputStream.java:615)
	at java.util.concurrent.CompletableFuture.uniApply(CompletableFuture.java:602)
	at java.util.concurrent.CompletableFuture$UniApply.tryFire(CompletableFuture.java:577)
	at java.util.concurrent.CompletableFuture$Completion.run(CompletableFuture.java:442)
	at java.util.concurrent.ThreadPoolExecutor.runWorker(ThreadPoolExecutor.java:1149)
	at java.util.concurrent.ThreadPoolExecutor$Worker.run(ThreadPoolExecutor.java:624)
	at java.lang.Thread.run(Thread.java:748)
16:53:50.634 [pool-71-thread-1] ERROR DNAudit - user=null | ip=null | op=WRITE_CHUNK {blockData=conID: 2 locID: 102440844038963203 bcsId: 0} | ret=FAILURE
org.apache.hadoop.hdds.scm.container.common.helpers.StorageContainerException: ContainerID 2 does not exist
	at org.apache.hadoop.ozone.container.common.impl.HddsDispatcher.dispatchRequest(HddsDispatcher.java:242) ~[hadoop-hdds-container-service-0.5.0-SNAPSHOT.jar:?]
	at org.apache.hadoop.ozone.container.common.impl.HddsDispatcher.dispatch(HddsDispatcher.java:148) ~[hadoop-hdds-container-service-0.5.0-SNAPSHOT.jar:?]
	at org.apache.hadoop.ozone.container.common.transport.server.ratis.ContainerStateMachine.dispatchCommand(ContainerStateMachine.java:357) ~[hadoop-hdds-container-service-0.5.0-SNAPSHOT.jar:?]
	at org.apache.hadoop.ozone.container.common.transport.server.ratis.ContainerStateMachine.runCommand(ContainerStateMachine.java:364) ~[hadoop-hdds-container-service-0.5.0-SNAPSHOT.jar:?]
	at org.apache.hadoop.ozone.container.common.transport.server.ratis.ContainerStateMachine.lambda$applyTransaction$5(ContainerStateMachine.java:630) ~[hadoop-hdds-container-service-0.5.0-SNAPSHOT.jar:?]
	at java.util.concurrent.CompletableFuture$AsyncSupply.run(CompletableFuture.java:1590) [?:1.8.0_212]
	at java.util.concurrent.ThreadPoolExecutor.runWorker(ThreadPoolExecutor.java:1149) [?:1.8.0_212]
	at java.util.concurrent.ThreadPoolExecutor$Worker.run(ThreadPoolExecutor.java:624) [?:1.8.0_212]
	at java.lang.Thread.run(Thread.java:748) [?:1.8.0_212]
2019-07-14 16:53:50,634 [pool-71-thread-1] INFO  impl.HddsDispatcher (ContainerUtils.java:logAndReturnError(146)) - Operation: WriteChunk : Trace ID: 96b943ab2f051120:96b943ab2f051120:0:0 : Message: ContainerID 2 does not exist : Result: CONTAINER_NOT_FOUND
16:53:50.634 [pool-50-thread-1] ERROR DNAudit - user=null | ip=null | op=WRITE_CHUNK {blockData=conID: 2 locID: 102440844038963203 bcsId: 0} | ret=FAILURE
org.apache.hadoop.hdds.scm.container.common.helpers.StorageContainerException: ContainerID 2 does not exist
	at org.apache.hadoop.ozone.container.common.impl.HddsDispatcher.dispatchRequest(HddsDispatcher.java:242) ~[hadoop-hdds-container-service-0.5.0-SNAPSHOT.jar:?]
	at org.apache.hadoop.ozone.container.common.impl.HddsDispatcher.dispatch(HddsDispatcher.java:148) ~[hadoop-hdds-container-service-0.5.0-SNAPSHOT.jar:?]
	at org.apache.hadoop.ozone.container.common.transport.server.ratis.ContainerStateMachine.dispatchCommand(ContainerStateMachine.java:357) ~[hadoop-hdds-container-service-0.5.0-SNAPSHOT.jar:?]
	at org.apache.hadoop.ozone.container.common.transport.server.ratis.ContainerStateMachine.runCommand(ContainerStateMachine.java:364) ~[hadoop-hdds-container-service-0.5.0-SNAPSHOT.jar:?]
	at org.apache.hadoop.ozone.container.common.transport.server.ratis.ContainerStateMachine.lambda$applyTransaction$5(ContainerStateMachine.java:630) ~[hadoop-hdds-container-service-0.5.0-SNAPSHOT.jar:?]
	at java.util.concurrent.CompletableFuture$AsyncSupply.run(CompletableFuture.java:1590) [?:1.8.0_212]
	at java.util.concurrent.ThreadPoolExecutor.runWorker(ThreadPoolExecutor.java:1149) [?:1.8.0_212]
	at java.util.concurrent.ThreadPoolExecutor$Worker.run(ThreadPoolExecutor.java:624) [?:1.8.0_212]
	at java.lang.Thread.run(Thread.java:748) [?:1.8.0_212]
2019-07-14 16:53:50,635 [pool-50-thread-1] INFO  impl.HddsDispatcher (ContainerUtils.java:logAndReturnError(146)) - Operation: WriteChunk : Trace ID: 96b943ab2f051120:96b943ab2f051120:0:0 : Message: ContainerID 2 does not exist : Result: CONTAINER_NOT_FOUND
16:53:50.635 [pool-50-thread-1] ERROR DNAudit - user=null | ip=null | op=PUT_BLOCK {blockData=[blockId=conID: 2 locID: 102440844038963203 bcsId: 0,size=10]} | ret=FAILURE
org.apache.hadoop.hdds.scm.container.common.helpers.StorageContainerException: ContainerID 2 does not exist
	at org.apache.hadoop.ozone.container.common.impl.HddsDispatcher.dispatchRequest(HddsDispatcher.java:242) ~[hadoop-hdds-container-service-0.5.0-SNAPSHOT.jar:?]
	at org.apache.hadoop.ozone.container.common.impl.HddsDispatcher.dispatch(HddsDispatcher.java:148) ~[hadoop-hdds-container-service-0.5.0-SNAPSHOT.jar:?]
	at org.apache.hadoop.ozone.container.common.transport.server.ratis.ContainerStateMachine.dispatchCommand(ContainerStateMachine.java:357) ~[hadoop-hdds-container-service-0.5.0-SNAPSHOT.jar:?]
	at org.apache.hadoop.ozone.container.common.transport.server.ratis.ContainerStateMachine.runCommand(ContainerStateMachine.java:364) ~[hadoop-hdds-container-service-0.5.0-SNAPSHOT.jar:?]
	at org.apache.hadoop.ozone.container.common.transport.server.ratis.ContainerStateMachine.lambda$applyTransaction$5(ContainerStateMachine.java:630) ~[hadoop-hdds-container-service-0.5.0-SNAPSHOT.jar:?]
	at java.util.concurrent.CompletableFuture$AsyncSupply.run(CompletableFuture.java:1590) [?:1.8.0_212]
	at java.util.concurrent.ThreadPoolExecutor.runWorker(ThreadPoolExecutor.java:1149) [?:1.8.0_212]
	at java.util.concurrent.ThreadPoolExecutor$Worker.run(ThreadPoolExecutor.java:624) [?:1.8.0_212]
	at java.lang.Thread.run(Thread.java:748) [?:1.8.0_212]
2019-07-14 16:53:50,636 [pool-50-thread-1] INFO  impl.HddsDispatcher (ContainerUtils.java:logAndReturnError(146)) - Operation: PutBlock : Trace ID: 41d40dd4df1e49d6:41d40dd4df1e49d6:0:0 : Message: ContainerID 2 does not exist : Result: CONTAINER_NOT_FOUND
16:53:50.645 [pool-71-thread-1] ERROR DNAudit - user=null | ip=null | op=PUT_BLOCK {blockData=[blockId=conID: 2 locID: 102440844038963203 bcsId: 0,size=10]} | ret=FAILURE
org.apache.hadoop.hdds.scm.container.common.helpers.StorageContainerException: ContainerID 2 does not exist
	at org.apache.hadoop.ozone.container.common.impl.HddsDispatcher.dispatchRequest(HddsDispatcher.java:242) ~[hadoop-hdds-container-service-0.5.0-SNAPSHOT.jar:?]
	at org.apache.hadoop.ozone.container.common.impl.HddsDispatcher.dispatch(HddsDispatcher.java:148) ~[hadoop-hdds-container-service-0.5.0-SNAPSHOT.jar:?]
	at org.apache.hadoop.ozone.container.common.transport.server.ratis.ContainerStateMachine.dispatchCommand(ContainerStateMachine.java:357) ~[hadoop-hdds-container-service-0.5.0-SNAPSHOT.jar:?]
	at org.apache.hadoop.ozone.container.common.transport.server.ratis.ContainerStateMachine.runCommand(ContainerStateMachine.java:364) ~[hadoop-hdds-container-service-0.5.0-SNAPSHOT.jar:?]
	at org.apache.hadoop.ozone.container.common.transport.server.ratis.ContainerStateMachine.lambda$applyTransaction$5(ContainerStateMachine.java:630) ~[hadoop-hdds-container-service-0.5.0-SNAPSHOT.jar:?]
	at java.util.concurrent.CompletableFuture$AsyncSupply.run(CompletableFuture.java:1590) [?:1.8.0_212]
	at java.util.concurrent.ThreadPoolExecutor.runWorker(ThreadPoolExecutor.java:1149) [?:1.8.0_212]
	at java.util.concurrent.ThreadPoolExecutor$Worker.run(ThreadPoolExecutor.java:624) [?:1.8.0_212]
	at java.lang.Thread.run(Thread.java:748) [?:1.8.0_212]
2019-07-14 16:53:50,645 [pool-71-thread-1] INFO  impl.HddsDispatcher (ContainerUtils.java:logAndReturnError(146)) - Operation: PutBlock : Trace ID: 41d40dd4df1e49d6:41d40dd4df1e49d6:0:0 : Message: ContainerID 2 does not exist : Result: CONTAINER_NOT_FOUND
]]></system-out>
    <system-err><![CDATA[ERROR StatusLogger No Log4j 2 configuration file found. Using default configuration (logging only errors to the console), or user programmatically provided configurations. Set system property 'log4j2.debug' to show Log4j 2 internal initialization logging. See https://logging.apache.org/log4j/2.x/manual/configuration.html for instructions on how to configure Log4j 2
Jul 14, 2019 4:53:38 PM com.sun.jersey.server.impl.application.WebApplicationImpl _initiate
INFO: Initiating Jersey application, version 'Jersey: 1.19 02/11/2015 03:25 AM'
Jul 14, 2019 4:53:38 PM com.sun.jersey.server.impl.application.WebApplicationImpl _initiate
INFO: Initiating Jersey application, version 'Jersey: 1.19 02/11/2015 03:25 AM'
Jul 14, 2019 4:53:39 PM com.sun.jersey.server.impl.application.WebApplicationImpl _initiate
INFO: Initiating Jersey application, version 'Jersey: 1.19 02/11/2015 03:25 AM'
Jul 14, 2019 4:53:39 PM com.sun.jersey.server.impl.application.WebApplicationImpl _initiate
INFO: Initiating Jersey application, version 'Jersey: 1.19 02/11/2015 03:25 AM'
Jul 14, 2019 4:53:39 PM com.sun.jersey.server.impl.application.WebApplicationImpl _initiate
INFO: Initiating Jersey application, version 'Jersey: 1.19 02/11/2015 03:25 AM'
Jul 14, 2019 4:53:44 PM com.sun.jersey.server.impl.application.WebApplicationImpl _initiate
INFO: Initiating Jersey application, version 'Jersey: 1.19 02/11/2015 03:25 AM'
]]></system-err>
  </testcase>
  <testcase name="testCreateMakesParentDirs" classname="org.apache.hadoop.fs.ozone.contract.ITestOzoneContractCreate" time="0.103"/>
  <testcase name="testFileStatusBlocksizeEmptyFile" classname="org.apache.hadoop.fs.ozone.contract.ITestOzoneContractCreate" time="0.068"/>
  <testcase name="testCreatedFileIsImmediatelyVisible" classname="org.apache.hadoop.fs.ozone.contract.ITestOzoneContractCreate" time="0">
    <skipped message="This Filesystem delays visibility of newly created files"/>
    <system-out><![CDATA[2019-07-14 16:53:50,909 [Thread-305] INFO  contract.AbstractFSContractTestBase (AbstractFSContractTestBase.java:setup(184)) - Test filesystem = o3fs://bucket59230.volume97482 implemented by OzoneFileSystem{URI=o3fs://bucket59230.volume97482, workingDir=o3fs://bucket59230.volume97482/user/jenkins1000, userName=jenkins1000, statistics=0 bytes read, 20 bytes written, 28 read ops, 0 large read ops, 8 write ops}
16:53:50.910 [IPC Server handler 15 on 38223] ERROR OMAudit - user=jenkins1000 | ip=127.0.0.1 | op=GET_FILE_STATUS {volume=volume97482, bucket=bucket59230, key=test, dataSize=0, replicationType=null, replicationFactor=null, keyLocationInfo=null} | ret=FAILURE
org.apache.hadoop.ozone.om.exceptions.OMException: Unable to get file status: volume: volume97482 bucket: bucket59230 key: test
	at org.apache.hadoop.ozone.om.KeyManagerImpl.getFileStatus(KeyManagerImpl.java:1772) ~[hadoop-ozone-ozone-manager-0.5.0-SNAPSHOT.jar:?]
	at org.apache.hadoop.ozone.om.OzoneManager.getFileStatus(OzoneManager.java:2973) [hadoop-ozone-ozone-manager-0.5.0-SNAPSHOT.jar:?]
	at org.apache.hadoop.ozone.protocolPB.OzoneManagerRequestHandler.getOzoneFileStatus(OzoneManagerRequestHandler.java:1047) [hadoop-ozone-ozone-manager-0.5.0-SNAPSHOT.jar:?]
	at org.apache.hadoop.ozone.protocolPB.OzoneManagerRequestHandler.handle(OzoneManagerRequestHandler.java:339) [hadoop-ozone-ozone-manager-0.5.0-SNAPSHOT.jar:?]
	at org.apache.hadoop.ozone.protocolPB.OzoneManagerProtocolServerSideTranslatorPB.submitRequestDirectlyToOM(OzoneManagerProtocolServerSideTranslatorPB.java:192) [hadoop-ozone-ozone-manager-0.5.0-SNAPSHOT.jar:?]
	at org.apache.hadoop.ozone.protocolPB.OzoneManagerProtocolServerSideTranslatorPB.submitRequest(OzoneManagerProtocolServerSideTranslatorPB.java:110) [hadoop-ozone-ozone-manager-0.5.0-SNAPSHOT.jar:?]
	at org.apache.hadoop.ozone.protocol.proto.OzoneManagerProtocolProtos$OzoneManagerService$2.callBlockingMethod(OzoneManagerProtocolProtos.java) [hadoop-ozone-common-0.5.0-SNAPSHOT.jar:?]
	at org.apache.hadoop.ipc.ProtobufRpcEngine$Server$ProtoBufRpcInvoker.call(ProtobufRpcEngine.java:524) [hadoop-common-3.2.0.jar:?]
	at org.apache.hadoop.ipc.RPC$Server.call(RPC.java:1025) [hadoop-common-3.2.0.jar:?]
	at org.apache.hadoop.ipc.Server$RpcCall.run(Server.java:876) [hadoop-common-3.2.0.jar:?]
	at org.apache.hadoop.ipc.Server$RpcCall.run(Server.java:822) [hadoop-common-3.2.0.jar:?]
	at java.security.AccessController.doPrivileged(Native Method) [?:1.8.0_212]
	at javax.security.auth.Subject.doAs(Subject.java:422) [?:1.8.0_212]
	at org.apache.hadoop.security.UserGroupInformation.doAs(UserGroupInformation.java:1730) [hadoop-common-3.2.0.jar:?]
	at org.apache.hadoop.ipc.Server$Handler.run(Server.java:2682) [hadoop-common-3.2.0.jar:?]
2019-07-14 16:53:50,915 [Thread-305] INFO  contract.AbstractFSContractTestBase (AbstractFSContractTestBase.java:describe(255)) - verify that a newly created file exists as soon as open returns
16:53:50.919 [IPC Server handler 12 on 38223] ERROR OMAudit - user=jenkins1000 | ip=127.0.0.1 | op=GET_FILE_STATUS {volume=volume97482, bucket=bucket59230, key=test/testCreatedFileIsImmediatelyVisible, dataSize=0, replicationType=null, replicationFactor=null, keyLocationInfo=null} | ret=FAILURE
org.apache.hadoop.ozone.om.exceptions.OMException: Unable to get file status: volume: volume97482 bucket: bucket59230 key: test/testCreatedFileIsImmediatelyVisible
	at org.apache.hadoop.ozone.om.KeyManagerImpl.getFileStatus(KeyManagerImpl.java:1772) ~[hadoop-ozone-ozone-manager-0.5.0-SNAPSHOT.jar:?]
	at org.apache.hadoop.ozone.om.OzoneManager.getFileStatus(OzoneManager.java:2973) [hadoop-ozone-ozone-manager-0.5.0-SNAPSHOT.jar:?]
	at org.apache.hadoop.ozone.protocolPB.OzoneManagerRequestHandler.getOzoneFileStatus(OzoneManagerRequestHandler.java:1047) [hadoop-ozone-ozone-manager-0.5.0-SNAPSHOT.jar:?]
	at org.apache.hadoop.ozone.protocolPB.OzoneManagerRequestHandler.handle(OzoneManagerRequestHandler.java:339) [hadoop-ozone-ozone-manager-0.5.0-SNAPSHOT.jar:?]
	at org.apache.hadoop.ozone.protocolPB.OzoneManagerProtocolServerSideTranslatorPB.submitRequestDirectlyToOM(OzoneManagerProtocolServerSideTranslatorPB.java:192) [hadoop-ozone-ozone-manager-0.5.0-SNAPSHOT.jar:?]
	at org.apache.hadoop.ozone.protocolPB.OzoneManagerProtocolServerSideTranslatorPB.submitRequest(OzoneManagerProtocolServerSideTranslatorPB.java:110) [hadoop-ozone-ozone-manager-0.5.0-SNAPSHOT.jar:?]
	at org.apache.hadoop.ozone.protocol.proto.OzoneManagerProtocolProtos$OzoneManagerService$2.callBlockingMethod(OzoneManagerProtocolProtos.java) [hadoop-ozone-common-0.5.0-SNAPSHOT.jar:?]
	at org.apache.hadoop.ipc.ProtobufRpcEngine$Server$ProtoBufRpcInvoker.call(ProtobufRpcEngine.java:524) [hadoop-common-3.2.0.jar:?]
	at org.apache.hadoop.ipc.RPC$Server.call(RPC.java:1025) [hadoop-common-3.2.0.jar:?]
	at org.apache.hadoop.ipc.Server$RpcCall.run(Server.java:876) [hadoop-common-3.2.0.jar:?]
	at org.apache.hadoop.ipc.Server$RpcCall.run(Server.java:822) [hadoop-common-3.2.0.jar:?]
	at java.security.AccessController.doPrivileged(Native Method) [?:1.8.0_212]
	at javax.security.auth.Subject.doAs(Subject.java:422) [?:1.8.0_212]
	at org.apache.hadoop.security.UserGroupInformation.doAs(UserGroupInformation.java:1730) [hadoop-common-3.2.0.jar:?]
	at org.apache.hadoop.ipc.Server$Handler.run(Server.java:2682) [hadoop-common-3.2.0.jar:?]
2019-07-14 16:53:50,920 [Thread-305] INFO  contract.ContractTestUtils (ContractTestUtils.java:skip(521)) - Skipping: This Filesystem delays visibility of newly created files
]]></system-out>
  </testcase>
  <testcase name="testCreatedFileIsVisibleOnFlush" classname="org.apache.hadoop.fs.ozone.contract.ITestOzoneContractCreate" time="0.174">
    <error message="Unexpected Storage Container Exception: org.apache.hadoop.hdds.scm.container.common.helpers.StorageContainerException: ContainerID 3 does not exist" type="java.io.IOException">java.io.IOException: Unexpected Storage Container Exception: org.apache.hadoop.hdds.scm.container.common.helpers.StorageContainerException: ContainerID 3 does not exist
	at org.apache.hadoop.hdds.scm.storage.BlockOutputStream.setIoException(BlockOutputStream.java:549)
	at org.apache.hadoop.hdds.scm.storage.BlockOutputStream.validateResponse(BlockOutputStream.java:540)
	at org.apache.hadoop.hdds.scm.storage.BlockOutputStream.lambda$writeChunkToContainer$2(BlockOutputStream.java:615)
	at java.util.concurrent.CompletableFuture.uniApply(CompletableFuture.java:602)
	at java.util.concurrent.CompletableFuture$UniApply.tryFire(CompletableFuture.java:577)
	at java.util.concurrent.CompletableFuture$Completion.run(CompletableFuture.java:442)
	at java.util.concurrent.ThreadPoolExecutor.runWorker(ThreadPoolExecutor.java:1149)
	at java.util.concurrent.ThreadPoolExecutor$Worker.run(ThreadPoolExecutor.java:624)
	at java.lang.Thread.run(Thread.java:748)
Caused by: org.apache.hadoop.hdds.scm.container.common.helpers.StorageContainerException: ContainerID 3 does not exist
	at org.apache.hadoop.hdds.scm.storage.ContainerProtocolCalls.validateContainerResponse(ContainerProtocolCalls.java:536)
	at org.apache.hadoop.hdds.scm.storage.BlockOutputStream.validateResponse(BlockOutputStream.java:537)
	... 7 more
</error>
    <system-out><![CDATA[2019-07-14 16:53:50,983 [Thread-306] INFO  contract.AbstractFSContractTestBase (AbstractFSContractTestBase.java:setup(184)) - Test filesystem = o3fs://bucket35568.volume67837 implemented by OzoneFileSystem{URI=o3fs://bucket35568.volume67837, workingDir=o3fs://bucket35568.volume67837/user/jenkins1000, userName=jenkins1000, statistics=0 bytes read, 20 bytes written, 34 read ops, 0 large read ops, 10 write ops}
16:53:50.984 [IPC Server handler 17 on 38223] ERROR OMAudit - user=jenkins1000 | ip=127.0.0.1 | op=GET_FILE_STATUS {volume=volume67837, bucket=bucket35568, key=test, dataSize=0, replicationType=null, replicationFactor=null, keyLocationInfo=null} | ret=FAILURE
org.apache.hadoop.ozone.om.exceptions.OMException: Unable to get file status: volume: volume67837 bucket: bucket35568 key: test
	at org.apache.hadoop.ozone.om.KeyManagerImpl.getFileStatus(KeyManagerImpl.java:1772) ~[hadoop-ozone-ozone-manager-0.5.0-SNAPSHOT.jar:?]
	at org.apache.hadoop.ozone.om.OzoneManager.getFileStatus(OzoneManager.java:2973) [hadoop-ozone-ozone-manager-0.5.0-SNAPSHOT.jar:?]
	at org.apache.hadoop.ozone.protocolPB.OzoneManagerRequestHandler.getOzoneFileStatus(OzoneManagerRequestHandler.java:1047) [hadoop-ozone-ozone-manager-0.5.0-SNAPSHOT.jar:?]
	at org.apache.hadoop.ozone.protocolPB.OzoneManagerRequestHandler.handle(OzoneManagerRequestHandler.java:339) [hadoop-ozone-ozone-manager-0.5.0-SNAPSHOT.jar:?]
	at org.apache.hadoop.ozone.protocolPB.OzoneManagerProtocolServerSideTranslatorPB.submitRequestDirectlyToOM(OzoneManagerProtocolServerSideTranslatorPB.java:192) [hadoop-ozone-ozone-manager-0.5.0-SNAPSHOT.jar:?]
	at org.apache.hadoop.ozone.protocolPB.OzoneManagerProtocolServerSideTranslatorPB.submitRequest(OzoneManagerProtocolServerSideTranslatorPB.java:110) [hadoop-ozone-ozone-manager-0.5.0-SNAPSHOT.jar:?]
	at org.apache.hadoop.ozone.protocol.proto.OzoneManagerProtocolProtos$OzoneManagerService$2.callBlockingMethod(OzoneManagerProtocolProtos.java) [hadoop-ozone-common-0.5.0-SNAPSHOT.jar:?]
	at org.apache.hadoop.ipc.ProtobufRpcEngine$Server$ProtoBufRpcInvoker.call(ProtobufRpcEngine.java:524) [hadoop-common-3.2.0.jar:?]
	at org.apache.hadoop.ipc.RPC$Server.call(RPC.java:1025) [hadoop-common-3.2.0.jar:?]
	at org.apache.hadoop.ipc.Server$RpcCall.run(Server.java:876) [hadoop-common-3.2.0.jar:?]
	at org.apache.hadoop.ipc.Server$RpcCall.run(Server.java:822) [hadoop-common-3.2.0.jar:?]
	at java.security.AccessController.doPrivileged(Native Method) [?:1.8.0_212]
	at javax.security.auth.Subject.doAs(Subject.java:422) [?:1.8.0_212]
	at org.apache.hadoop.security.UserGroupInformation.doAs(UserGroupInformation.java:1730) [hadoop-common-3.2.0.jar:?]
	at org.apache.hadoop.ipc.Server$Handler.run(Server.java:2682) [hadoop-common-3.2.0.jar:?]
2019-07-14 16:53:50,989 [Thread-306] INFO  contract.AbstractFSContractTestBase (AbstractFSContractTestBase.java:describe(255)) - verify that a newly created file exists once a flush has taken place
2019-07-14 16:53:51,046 [pool-89-thread-7] INFO  keyvalue.KeyValueHandler (ContainerUtils.java:logAndReturnError(146)) - Operation: CreateContainer : Trace ID: 2aff4a48aa8643c9:2aff4a48aa8643c9:0:0 : Message: Container creation failed, due to disk out of space : Result: DISK_OUT_OF_SPACE
16:53:51.046 [pool-89-thread-7] ERROR DNAudit - user=null | ip=null | op=WRITE_CHUNK {blockData=conID: 3 locID: 102440844066553864 bcsId: 0} | ret=FAILURE
org.apache.hadoop.hdds.scm.container.common.helpers.StorageContainerException: ContainerID 3 creation failed
	at org.apache.hadoop.ozone.container.common.impl.HddsDispatcher.dispatchRequest(HddsDispatcher.java:227) ~[hadoop-hdds-container-service-0.5.0-SNAPSHOT.jar:?]
	at org.apache.hadoop.ozone.container.common.impl.HddsDispatcher.dispatch(HddsDispatcher.java:148) ~[hadoop-hdds-container-service-0.5.0-SNAPSHOT.jar:?]
	at org.apache.hadoop.ozone.container.common.transport.server.ratis.ContainerStateMachine.dispatchCommand(ContainerStateMachine.java:357) ~[hadoop-hdds-container-service-0.5.0-SNAPSHOT.jar:?]
	at org.apache.hadoop.ozone.container.common.transport.server.ratis.ContainerStateMachine.runCommand(ContainerStateMachine.java:364) ~[hadoop-hdds-container-service-0.5.0-SNAPSHOT.jar:?]
	at org.apache.hadoop.ozone.container.common.transport.server.ratis.ContainerStateMachine.lambda$handleWriteChunk$0(ContainerStateMachine.java:395) ~[hadoop-hdds-container-service-0.5.0-SNAPSHOT.jar:?]
	at java.util.concurrent.CompletableFuture$AsyncSupply.run(CompletableFuture.java:1590) [?:1.8.0_212]
	at java.util.concurrent.ThreadPoolExecutor.runWorker(ThreadPoolExecutor.java:1149) [?:1.8.0_212]
	at java.util.concurrent.ThreadPoolExecutor$Worker.run(ThreadPoolExecutor.java:624) [?:1.8.0_212]
	at java.lang.Thread.run(Thread.java:748) [?:1.8.0_212]
2019-07-14 16:53:51,047 [pool-89-thread-7] INFO  impl.HddsDispatcher (ContainerUtils.java:logAndReturnError(146)) - Operation: WriteChunk : Trace ID: 2aff4a48aa8643c9:2aff4a48aa8643c9:0:0 : Message: ContainerID 3 creation failed : Result: DISK_OUT_OF_SPACE
2019-07-14 16:53:51,048 [pool-47-thread-3] INFO  keyvalue.KeyValueHandler (ContainerUtils.java:logAndReturnError(146)) - Operation: CreateContainer : Trace ID: 2aff4a48aa8643c9:2aff4a48aa8643c9:0:0 : Message: Container creation failed, due to disk out of space : Result: DISK_OUT_OF_SPACE
16:53:51.048 [pool-47-thread-3] ERROR DNAudit - user=null | ip=null | op=WRITE_CHUNK {blockData=conID: 3 locID: 102440844066553864 bcsId: 0} | ret=FAILURE
org.apache.hadoop.hdds.scm.container.common.helpers.StorageContainerException: ContainerID 3 creation failed
	at org.apache.hadoop.ozone.container.common.impl.HddsDispatcher.dispatchRequest(HddsDispatcher.java:227) ~[hadoop-hdds-container-service-0.5.0-SNAPSHOT.jar:?]
	at org.apache.hadoop.ozone.container.common.impl.HddsDispatcher.dispatch(HddsDispatcher.java:148) ~[hadoop-hdds-container-service-0.5.0-SNAPSHOT.jar:?]
	at org.apache.hadoop.ozone.container.common.transport.server.ratis.ContainerStateMachine.dispatchCommand(ContainerStateMachine.java:357) ~[hadoop-hdds-container-service-0.5.0-SNAPSHOT.jar:?]
	at org.apache.hadoop.ozone.container.common.transport.server.ratis.ContainerStateMachine.runCommand(ContainerStateMachine.java:364) ~[hadoop-hdds-container-service-0.5.0-SNAPSHOT.jar:?]
	at org.apache.hadoop.ozone.container.common.transport.server.ratis.ContainerStateMachine.lambda$handleWriteChunk$0(ContainerStateMachine.java:395) ~[hadoop-hdds-container-service-0.5.0-SNAPSHOT.jar:?]
	at java.util.concurrent.CompletableFuture$AsyncSupply.run(CompletableFuture.java:1590) [?:1.8.0_212]
	at java.util.concurrent.ThreadPoolExecutor.runWorker(ThreadPoolExecutor.java:1149) [?:1.8.0_212]
	at java.util.concurrent.ThreadPoolExecutor$Worker.run(ThreadPoolExecutor.java:624) [?:1.8.0_212]
	at java.lang.Thread.run(Thread.java:748) [?:1.8.0_212]
2019-07-14 16:53:51,049 [pool-68-thread-3] INFO  keyvalue.KeyValueHandler (ContainerUtils.java:logAndReturnError(146)) - Operation: CreateContainer : Trace ID: 2aff4a48aa8643c9:2aff4a48aa8643c9:0:0 : Message: Container creation failed, due to disk out of space : Result: DISK_OUT_OF_SPACE
2019-07-14 16:53:51,049 [pool-47-thread-3] INFO  impl.HddsDispatcher (ContainerUtils.java:logAndReturnError(146)) - Operation: WriteChunk : Trace ID: 2aff4a48aa8643c9:2aff4a48aa8643c9:0:0 : Message: ContainerID 3 creation failed : Result: DISK_OUT_OF_SPACE
16:53:51.049 [pool-68-thread-3] ERROR DNAudit - user=null | ip=null | op=WRITE_CHUNK {blockData=conID: 3 locID: 102440844066553864 bcsId: 0} | ret=FAILURE
org.apache.hadoop.hdds.scm.container.common.helpers.StorageContainerException: ContainerID 3 creation failed
	at org.apache.hadoop.ozone.container.common.impl.HddsDispatcher.dispatchRequest(HddsDispatcher.java:227) ~[hadoop-hdds-container-service-0.5.0-SNAPSHOT.jar:?]
	at org.apache.hadoop.ozone.container.common.impl.HddsDispatcher.dispatch(HddsDispatcher.java:148) ~[hadoop-hdds-container-service-0.5.0-SNAPSHOT.jar:?]
	at org.apache.hadoop.ozone.container.common.transport.server.ratis.ContainerStateMachine.dispatchCommand(ContainerStateMachine.java:357) ~[hadoop-hdds-container-service-0.5.0-SNAPSHOT.jar:?]
	at org.apache.hadoop.ozone.container.common.transport.server.ratis.ContainerStateMachine.runCommand(ContainerStateMachine.java:364) ~[hadoop-hdds-container-service-0.5.0-SNAPSHOT.jar:?]
	at org.apache.hadoop.ozone.container.common.transport.server.ratis.ContainerStateMachine.lambda$handleWriteChunk$0(ContainerStateMachine.java:395) ~[hadoop-hdds-container-service-0.5.0-SNAPSHOT.jar:?]
	at java.util.concurrent.CompletableFuture$AsyncSupply.run(CompletableFuture.java:1590) [?:1.8.0_212]
	at java.util.concurrent.ThreadPoolExecutor.runWorker(ThreadPoolExecutor.java:1149) [?:1.8.0_212]
	at java.util.concurrent.ThreadPoolExecutor$Worker.run(ThreadPoolExecutor.java:624) [?:1.8.0_212]
	at java.lang.Thread.run(Thread.java:748) [?:1.8.0_212]
2019-07-14 16:53:51,058 [pool-68-thread-3] INFO  impl.HddsDispatcher (ContainerUtils.java:logAndReturnError(146)) - Operation: WriteChunk : Trace ID: 2aff4a48aa8643c9:2aff4a48aa8643c9:0:0 : Message: ContainerID 3 creation failed : Result: DISK_OUT_OF_SPACE
16:53:51.067 [pool-93-thread-1] ERROR DNAudit - user=null | ip=null | op=WRITE_CHUNK {blockData=conID: 3 locID: 102440844066553864 bcsId: 0} | ret=FAILURE
org.apache.hadoop.hdds.scm.container.common.helpers.StorageContainerException: ContainerID 3 does not exist
	at org.apache.hadoop.ozone.container.common.impl.HddsDispatcher.dispatchRequest(HddsDispatcher.java:242) ~[hadoop-hdds-container-service-0.5.0-SNAPSHOT.jar:?]
	at org.apache.hadoop.ozone.container.common.impl.HddsDispatcher.dispatch(HddsDispatcher.java:148) ~[hadoop-hdds-container-service-0.5.0-SNAPSHOT.jar:?]
	at org.apache.hadoop.ozone.container.common.transport.server.ratis.ContainerStateMachine.dispatchCommand(ContainerStateMachine.java:357) ~[hadoop-hdds-container-service-0.5.0-SNAPSHOT.jar:?]
	at org.apache.hadoop.ozone.container.common.transport.server.ratis.ContainerStateMachine.runCommand(ContainerStateMachine.java:364) ~[hadoop-hdds-container-service-0.5.0-SNAPSHOT.jar:?]
	at org.apache.hadoop.ozone.container.common.transport.server.ratis.ContainerStateMachine.lambda$applyTransaction$5(ContainerStateMachine.java:630) ~[hadoop-hdds-container-service-0.5.0-SNAPSHOT.jar:?]
	at java.util.concurrent.CompletableFuture$AsyncSupply.run(CompletableFuture.java:1590) [?:1.8.0_212]
	at java.util.concurrent.ThreadPoolExecutor.runWorker(ThreadPoolExecutor.java:1149) [?:1.8.0_212]
	at java.util.concurrent.ThreadPoolExecutor$Worker.run(ThreadPoolExecutor.java:624) [?:1.8.0_212]
	at java.lang.Thread.run(Thread.java:748) [?:1.8.0_212]
2019-07-14 16:53:51,068 [pool-93-thread-1] INFO  impl.HddsDispatcher (ContainerUtils.java:logAndReturnError(146)) - Operation: WriteChunk : Trace ID: 2aff4a48aa8643c9:2aff4a48aa8643c9:0:0 : Message: ContainerID 3 does not exist : Result: CONTAINER_NOT_FOUND
2019-07-14 16:53:51,080 [pool-130-thread-1] ERROR storage.BlockOutputStream (BlockOutputStream.java:validateResponse(539)) - Unexpected Storage Container Exception: 
org.apache.hadoop.hdds.scm.container.common.helpers.StorageContainerException: ContainerID 3 does not exist
	at org.apache.hadoop.hdds.scm.storage.ContainerProtocolCalls.validateContainerResponse(ContainerProtocolCalls.java:536)
	at org.apache.hadoop.hdds.scm.storage.BlockOutputStream.validateResponse(BlockOutputStream.java:537)
	at org.apache.hadoop.hdds.scm.storage.BlockOutputStream.lambda$writeChunkToContainer$2(BlockOutputStream.java:615)
	at java.util.concurrent.CompletableFuture.uniApply(CompletableFuture.java:602)
	at java.util.concurrent.CompletableFuture$UniApply.tryFire(CompletableFuture.java:577)
	at java.util.concurrent.CompletableFuture$Completion.run(CompletableFuture.java:442)
	at java.util.concurrent.ThreadPoolExecutor.runWorker(ThreadPoolExecutor.java:1149)
	at java.util.concurrent.ThreadPoolExecutor$Worker.run(ThreadPoolExecutor.java:624)
	at java.lang.Thread.run(Thread.java:748)
16:53:51.082 [pool-51-thread-1] ERROR DNAudit - user=null | ip=null | op=WRITE_CHUNK {blockData=conID: 3 locID: 102440844066553864 bcsId: 0} | ret=FAILURE
org.apache.hadoop.hdds.scm.container.common.helpers.StorageContainerException: ContainerID 3 does not exist
	at org.apache.hadoop.ozone.container.common.impl.HddsDispatcher.dispatchRequest(HddsDispatcher.java:242) ~[hadoop-hdds-container-service-0.5.0-SNAPSHOT.jar:?]
	at org.apache.hadoop.ozone.container.common.impl.HddsDispatcher.dispatch(HddsDispatcher.java:148) ~[hadoop-hdds-container-service-0.5.0-SNAPSHOT.jar:?]
	at org.apache.hadoop.ozone.container.common.transport.server.ratis.ContainerStateMachine.dispatchCommand(ContainerStateMachine.java:357) ~[hadoop-hdds-container-service-0.5.0-SNAPSHOT.jar:?]
	at org.apache.hadoop.ozone.container.common.transport.server.ratis.ContainerStateMachine.runCommand(ContainerStateMachine.java:364) ~[hadoop-hdds-container-service-0.5.0-SNAPSHOT.jar:?]
	at org.apache.hadoop.ozone.container.common.transport.server.ratis.ContainerStateMachine.lambda$applyTransaction$5(ContainerStateMachine.java:630) ~[hadoop-hdds-container-service-0.5.0-SNAPSHOT.jar:?]
	at java.util.concurrent.CompletableFuture$AsyncSupply.run(CompletableFuture.java:1590) [?:1.8.0_212]
	at java.util.concurrent.ThreadPoolExecutor.runWorker(ThreadPoolExecutor.java:1149) [?:1.8.0_212]
	at java.util.concurrent.ThreadPoolExecutor$Worker.run(ThreadPoolExecutor.java:624) [?:1.8.0_212]
	at java.lang.Thread.run(Thread.java:748) [?:1.8.0_212]
2019-07-14 16:53:51,082 [pool-51-thread-1] INFO  impl.HddsDispatcher (ContainerUtils.java:logAndReturnError(146)) - Operation: WriteChunk : Trace ID: 2aff4a48aa8643c9:2aff4a48aa8643c9:0:0 : Message: ContainerID 3 does not exist : Result: CONTAINER_NOT_FOUND
16:53:51.089 [pool-72-thread-1] ERROR DNAudit - user=null | ip=null | op=WRITE_CHUNK {blockData=conID: 3 locID: 102440844066553864 bcsId: 0} | ret=FAILURE
org.apache.hadoop.hdds.scm.container.common.helpers.StorageContainerException: ContainerID 3 does not exist
	at org.apache.hadoop.ozone.container.common.impl.HddsDispatcher.dispatchRequest(HddsDispatcher.java:242) ~[hadoop-hdds-container-service-0.5.0-SNAPSHOT.jar:?]
	at org.apache.hadoop.ozone.container.common.impl.HddsDispatcher.dispatch(HddsDispatcher.java:148) ~[hadoop-hdds-container-service-0.5.0-SNAPSHOT.jar:?]
	at org.apache.hadoop.ozone.container.common.transport.server.ratis.ContainerStateMachine.dispatchCommand(ContainerStateMachine.java:357) ~[hadoop-hdds-container-service-0.5.0-SNAPSHOT.jar:?]
	at org.apache.hadoop.ozone.container.common.transport.server.ratis.ContainerStateMachine.runCommand(ContainerStateMachine.java:364) ~[hadoop-hdds-container-service-0.5.0-SNAPSHOT.jar:?]
	at org.apache.hadoop.ozone.container.common.transport.server.ratis.ContainerStateMachine.lambda$applyTransaction$5(ContainerStateMachine.java:630) ~[hadoop-hdds-container-service-0.5.0-SNAPSHOT.jar:?]
	at java.util.concurrent.CompletableFuture$AsyncSupply.run(CompletableFuture.java:1590) [?:1.8.0_212]
	at java.util.concurrent.ThreadPoolExecutor.runWorker(ThreadPoolExecutor.java:1149) [?:1.8.0_212]
	at java.util.concurrent.ThreadPoolExecutor$Worker.run(ThreadPoolExecutor.java:624) [?:1.8.0_212]
	at java.lang.Thread.run(Thread.java:748) [?:1.8.0_212]
2019-07-14 16:53:51,090 [pool-72-thread-1] INFO  impl.HddsDispatcher (ContainerUtils.java:logAndReturnError(146)) - Operation: WriteChunk : Trace ID: 2aff4a48aa8643c9:2aff4a48aa8643c9:0:0 : Message: ContainerID 3 does not exist : Result: CONTAINER_NOT_FOUND
16:53:51.091 [pool-93-thread-1] ERROR DNAudit - user=null | ip=null | op=PUT_BLOCK {blockData=[blockId=conID: 3 locID: 102440844066553864 bcsId: 0,size=1]} | ret=FAILURE
org.apache.hadoop.hdds.scm.container.common.helpers.StorageContainerException: ContainerID 3 does not exist
	at org.apache.hadoop.ozone.container.common.impl.HddsDispatcher.dispatchRequest(HddsDispatcher.java:242) ~[hadoop-hdds-container-service-0.5.0-SNAPSHOT.jar:?]
	at org.apache.hadoop.ozone.container.common.impl.HddsDispatcher.dispatch(HddsDispatcher.java:148) ~[hadoop-hdds-container-service-0.5.0-SNAPSHOT.jar:?]
	at org.apache.hadoop.ozone.container.common.transport.server.ratis.ContainerStateMachine.dispatchCommand(ContainerStateMachine.java:357) ~[hadoop-hdds-container-service-0.5.0-SNAPSHOT.jar:?]
	at org.apache.hadoop.ozone.container.common.transport.server.ratis.ContainerStateMachine.runCommand(ContainerStateMachine.java:364) ~[hadoop-hdds-container-service-0.5.0-SNAPSHOT.jar:?]
	at org.apache.hadoop.ozone.container.common.transport.server.ratis.ContainerStateMachine.lambda$applyTransaction$5(ContainerStateMachine.java:630) ~[hadoop-hdds-container-service-0.5.0-SNAPSHOT.jar:?]
	at java.util.concurrent.CompletableFuture$AsyncSupply.run(CompletableFuture.java:1590) [?:1.8.0_212]
	at java.util.concurrent.ThreadPoolExecutor.runWorker(ThreadPoolExecutor.java:1149) [?:1.8.0_212]
	at java.util.concurrent.ThreadPoolExecutor$Worker.run(ThreadPoolExecutor.java:624) [?:1.8.0_212]
	at java.lang.Thread.run(Thread.java:748) [?:1.8.0_212]
2019-07-14 16:53:51,092 [pool-93-thread-1] INFO  impl.HddsDispatcher (ContainerUtils.java:logAndReturnError(146)) - Operation: PutBlock : Trace ID: 8038b19dad49270f:8038b19dad49270f:0:0 : Message: ContainerID 3 does not exist : Result: CONTAINER_NOT_FOUND
16:53:51.102 [pool-72-thread-1] ERROR DNAudit - user=null | ip=null | op=PUT_BLOCK {blockData=[blockId=conID: 3 locID: 102440844066553864 bcsId: 0,size=1]} | ret=FAILURE
org.apache.hadoop.hdds.scm.container.common.helpers.StorageContainerException: ContainerID 3 does not exist
	at org.apache.hadoop.ozone.container.common.impl.HddsDispatcher.dispatchRequest(HddsDispatcher.java:242) ~[hadoop-hdds-container-service-0.5.0-SNAPSHOT.jar:?]
	at org.apache.hadoop.ozone.container.common.impl.HddsDispatcher.dispatch(HddsDispatcher.java:148) ~[hadoop-hdds-container-service-0.5.0-SNAPSHOT.jar:?]
	at org.apache.hadoop.ozone.container.common.transport.server.ratis.ContainerStateMachine.dispatchCommand(ContainerStateMachine.java:357) ~[hadoop-hdds-container-service-0.5.0-SNAPSHOT.jar:?]
	at org.apache.hadoop.ozone.container.common.transport.server.ratis.ContainerStateMachine.runCommand(ContainerStateMachine.java:364) ~[hadoop-hdds-container-service-0.5.0-SNAPSHOT.jar:?]
	at org.apache.hadoop.ozone.container.common.transport.server.ratis.ContainerStateMachine.lambda$applyTransaction$5(ContainerStateMachine.java:630) ~[hadoop-hdds-container-service-0.5.0-SNAPSHOT.jar:?]
	at java.util.concurrent.CompletableFuture$AsyncSupply.run(CompletableFuture.java:1590) [?:1.8.0_212]
	at java.util.concurrent.ThreadPoolExecutor.runWorker(ThreadPoolExecutor.java:1149) [?:1.8.0_212]
	at java.util.concurrent.ThreadPoolExecutor$Worker.run(ThreadPoolExecutor.java:624) [?:1.8.0_212]
	at java.lang.Thread.run(Thread.java:748) [?:1.8.0_212]
2019-07-14 16:53:51,103 [pool-72-thread-1] INFO  impl.HddsDispatcher (ContainerUtils.java:logAndReturnError(146)) - Operation: PutBlock : Trace ID: 8038b19dad49270f:8038b19dad49270f:0:0 : Message: ContainerID 3 does not exist : Result: CONTAINER_NOT_FOUND
16:53:51.103 [pool-51-thread-1] ERROR DNAudit - user=null | ip=null | op=PUT_BLOCK {blockData=[blockId=conID: 3 locID: 102440844066553864 bcsId: 0,size=1]} | ret=FAILURE
org.apache.hadoop.hdds.scm.container.common.helpers.StorageContainerException: ContainerID 3 does not exist
	at org.apache.hadoop.ozone.container.common.impl.HddsDispatcher.dispatchRequest(HddsDispatcher.java:242) ~[hadoop-hdds-container-service-0.5.0-SNAPSHOT.jar:?]
	at org.apache.hadoop.ozone.container.common.impl.HddsDispatcher.dispatch(HddsDispatcher.java:148) ~[hadoop-hdds-container-service-0.5.0-SNAPSHOT.jar:?]
	at org.apache.hadoop.ozone.container.common.transport.server.ratis.ContainerStateMachine.dispatchCommand(ContainerStateMachine.java:357) ~[hadoop-hdds-container-service-0.5.0-SNAPSHOT.jar:?]
	at org.apache.hadoop.ozone.container.common.transport.server.ratis.ContainerStateMachine.runCommand(ContainerStateMachine.java:364) ~[hadoop-hdds-container-service-0.5.0-SNAPSHOT.jar:?]
	at org.apache.hadoop.ozone.container.common.transport.server.ratis.ContainerStateMachine.lambda$applyTransaction$5(ContainerStateMachine.java:630) ~[hadoop-hdds-container-service-0.5.0-SNAPSHOT.jar:?]
	at java.util.concurrent.CompletableFuture$AsyncSupply.run(CompletableFuture.java:1590) [?:1.8.0_212]
	at java.util.concurrent.ThreadPoolExecutor.runWorker(ThreadPoolExecutor.java:1149) [?:1.8.0_212]
	at java.util.concurrent.ThreadPoolExecutor$Worker.run(ThreadPoolExecutor.java:624) [?:1.8.0_212]
	at java.lang.Thread.run(Thread.java:748) [?:1.8.0_212]
2019-07-14 16:53:51,103 [pool-51-thread-1] INFO  impl.HddsDispatcher (ContainerUtils.java:logAndReturnError(146)) - Operation: PutBlock : Trace ID: 8038b19dad49270f:8038b19dad49270f:0:0 : Message: ContainerID 3 does not exist : Result: CONTAINER_NOT_FOUND
]]></system-out>
  </testcase>
  <testcase name="testOverwriteEmptyDirectory" classname="org.apache.hadoop.fs.ozone.contract.ITestOzoneContractCreate" time="0.081"/>
  <testcase name="testCreateFileOverExistingFileNoOverwrite" classname="org.apache.hadoop.fs.ozone.contract.ITestOzoneContractCreate" time="0.232">
    <error message="Unexpected Storage Container Exception: org.apache.hadoop.hdds.scm.container.common.helpers.StorageContainerException: ContainerID 2 does not exist" type="java.io.IOException">java.io.IOException: Unexpected Storage Container Exception: org.apache.hadoop.hdds.scm.container.common.helpers.StorageContainerException: ContainerID 2 does not exist
	at org.apache.hadoop.hdds.scm.storage.BlockOutputStream.setIoException(BlockOutputStream.java:549)
	at org.apache.hadoop.hdds.scm.storage.BlockOutputStream.validateResponse(BlockOutputStream.java:540)
	at org.apache.hadoop.hdds.scm.storage.BlockOutputStream.lambda$writeChunkToContainer$2(BlockOutputStream.java:615)
	at java.util.concurrent.CompletableFuture.uniApply(CompletableFuture.java:602)
	at java.util.concurrent.CompletableFuture$UniApply.tryFire(CompletableFuture.java:577)
	at java.util.concurrent.CompletableFuture$Completion.run(CompletableFuture.java:442)
	at java.util.concurrent.ThreadPoolExecutor.runWorker(ThreadPoolExecutor.java:1149)
	at java.util.concurrent.ThreadPoolExecutor$Worker.run(ThreadPoolExecutor.java:624)
	at java.lang.Thread.run(Thread.java:748)
Caused by: org.apache.hadoop.hdds.scm.container.common.helpers.StorageContainerException: ContainerID 2 does not exist
	at org.apache.hadoop.hdds.scm.storage.ContainerProtocolCalls.validateContainerResponse(ContainerProtocolCalls.java:536)
	at org.apache.hadoop.hdds.scm.storage.BlockOutputStream.validateResponse(BlockOutputStream.java:537)
	... 7 more
</error>
    <system-out><![CDATA[2019-07-14 16:53:51,239 [Thread-325] INFO  contract.AbstractFSContractTestBase (AbstractFSContractTestBase.java:setup(184)) - Test filesystem = o3fs://bucket38057.volume24517 implemented by OzoneFileSystem{URI=o3fs://bucket38057.volume24517, workingDir=o3fs://bucket38057.volume24517/user/jenkins1000, userName=jenkins1000, statistics=0 bytes read, 21 bytes written, 51 read ops, 0 large read ops, 15 write ops}
16:53:51.240 [IPC Server handler 19 on 38223] ERROR OMAudit - user=jenkins1000 | ip=127.0.0.1 | op=GET_FILE_STATUS {volume=volume24517, bucket=bucket38057, key=test, dataSize=0, replicationType=null, replicationFactor=null, keyLocationInfo=null} | ret=FAILURE
org.apache.hadoop.ozone.om.exceptions.OMException: Unable to get file status: volume: volume24517 bucket: bucket38057 key: test
	at org.apache.hadoop.ozone.om.KeyManagerImpl.getFileStatus(KeyManagerImpl.java:1772) ~[hadoop-ozone-ozone-manager-0.5.0-SNAPSHOT.jar:?]
	at org.apache.hadoop.ozone.om.OzoneManager.getFileStatus(OzoneManager.java:2973) [hadoop-ozone-ozone-manager-0.5.0-SNAPSHOT.jar:?]
	at org.apache.hadoop.ozone.protocolPB.OzoneManagerRequestHandler.getOzoneFileStatus(OzoneManagerRequestHandler.java:1047) [hadoop-ozone-ozone-manager-0.5.0-SNAPSHOT.jar:?]
	at org.apache.hadoop.ozone.protocolPB.OzoneManagerRequestHandler.handle(OzoneManagerRequestHandler.java:339) [hadoop-ozone-ozone-manager-0.5.0-SNAPSHOT.jar:?]
	at org.apache.hadoop.ozone.protocolPB.OzoneManagerProtocolServerSideTranslatorPB.submitRequestDirectlyToOM(OzoneManagerProtocolServerSideTranslatorPB.java:192) [hadoop-ozone-ozone-manager-0.5.0-SNAPSHOT.jar:?]
	at org.apache.hadoop.ozone.protocolPB.OzoneManagerProtocolServerSideTranslatorPB.submitRequest(OzoneManagerProtocolServerSideTranslatorPB.java:110) [hadoop-ozone-ozone-manager-0.5.0-SNAPSHOT.jar:?]
	at org.apache.hadoop.ozone.protocol.proto.OzoneManagerProtocolProtos$OzoneManagerService$2.callBlockingMethod(OzoneManagerProtocolProtos.java) [hadoop-ozone-common-0.5.0-SNAPSHOT.jar:?]
	at org.apache.hadoop.ipc.ProtobufRpcEngine$Server$ProtoBufRpcInvoker.call(ProtobufRpcEngine.java:524) [hadoop-common-3.2.0.jar:?]
	at org.apache.hadoop.ipc.RPC$Server.call(RPC.java:1025) [hadoop-common-3.2.0.jar:?]
	at org.apache.hadoop.ipc.Server$RpcCall.run(Server.java:876) [hadoop-common-3.2.0.jar:?]
	at org.apache.hadoop.ipc.Server$RpcCall.run(Server.java:822) [hadoop-common-3.2.0.jar:?]
	at java.security.AccessController.doPrivileged(Native Method) [?:1.8.0_212]
	at javax.security.auth.Subject.doAs(Subject.java:422) [?:1.8.0_212]
	at org.apache.hadoop.security.UserGroupInformation.doAs(UserGroupInformation.java:1730) [hadoop-common-3.2.0.jar:?]
	at org.apache.hadoop.ipc.Server$Handler.run(Server.java:2682) [hadoop-common-3.2.0.jar:?]
2019-07-14 16:53:51,245 [Thread-325] INFO  contract.AbstractFSContractTestBase (AbstractFSContractTestBase.java:describe(255)) - Verify overwriting an existing file fails, using builder API=false
16:53:51.368 [IPC Server handler 9 on 38223] ERROR OMAudit - user=jenkins1000 | ip=127.0.0.1 | op=CREATE_FILE {volume=volume24517, bucket=bucket38057, key=test/testCreateFileOverExistingFileNoOverwrite-builder, dataSize=0, replicationType=RATIS, replicationFactor=THREE, keyLocationInfo=null} | ret=FAILURE
org.apache.hadoop.ozone.om.exceptions.OMException: File test/testCreateFileOverExistingFileNoOverwrite-builder already exists
	at org.apache.hadoop.ozone.om.KeyManagerImpl.createFile(KeyManagerImpl.java:1882) ~[hadoop-ozone-ozone-manager-0.5.0-SNAPSHOT.jar:?]
	at org.apache.hadoop.ozone.om.OzoneManager.createFile(OzoneManager.java:3033) [hadoop-ozone-ozone-manager-0.5.0-SNAPSHOT.jar:?]
	at org.apache.hadoop.ozone.protocolPB.OzoneManagerRequestHandler.createFile(OzoneManagerRequestHandler.java:1079) [hadoop-ozone-ozone-manager-0.5.0-SNAPSHOT.jar:?]
	at org.apache.hadoop.ozone.protocolPB.OzoneManagerRequestHandler.handle(OzoneManagerRequestHandler.java:347) [hadoop-ozone-ozone-manager-0.5.0-SNAPSHOT.jar:?]
	at org.apache.hadoop.ozone.protocolPB.OzoneManagerProtocolServerSideTranslatorPB.submitRequestDirectlyToOM(OzoneManagerProtocolServerSideTranslatorPB.java:192) [hadoop-ozone-ozone-manager-0.5.0-SNAPSHOT.jar:?]
	at org.apache.hadoop.ozone.protocolPB.OzoneManagerProtocolServerSideTranslatorPB.submitRequest(OzoneManagerProtocolServerSideTranslatorPB.java:110) [hadoop-ozone-ozone-manager-0.5.0-SNAPSHOT.jar:?]
	at org.apache.hadoop.ozone.protocol.proto.OzoneManagerProtocolProtos$OzoneManagerService$2.callBlockingMethod(OzoneManagerProtocolProtos.java) [hadoop-ozone-common-0.5.0-SNAPSHOT.jar:?]
	at org.apache.hadoop.ipc.ProtobufRpcEngine$Server$ProtoBufRpcInvoker.call(ProtobufRpcEngine.java:524) [hadoop-common-3.2.0.jar:?]
	at org.apache.hadoop.ipc.RPC$Server.call(RPC.java:1025) [hadoop-common-3.2.0.jar:?]
	at org.apache.hadoop.ipc.Server$RpcCall.run(Server.java:876) [hadoop-common-3.2.0.jar:?]
	at org.apache.hadoop.ipc.Server$RpcCall.run(Server.java:822) [hadoop-common-3.2.0.jar:?]
	at java.security.AccessController.doPrivileged(Native Method) [?:1.8.0_212]
	at javax.security.auth.Subject.doAs(Subject.java:422) [?:1.8.0_212]
	at org.apache.hadoop.security.UserGroupInformation.doAs(UserGroupInformation.java:1730) [hadoop-common-3.2.0.jar:?]
	at org.apache.hadoop.ipc.Server$Handler.run(Server.java:2682) [hadoop-common-3.2.0.jar:?]
2019-07-14 16:53:51,370 [Thread-325] INFO  contract.AbstractFSContractTestBase (AbstractFSContractTestBase.java:describe(255)) - Verify overwriting an existing file fails, using builder API=true
2019-07-14 16:53:51,389 [pool-89-thread-13] INFO  keyvalue.KeyValueHandler (ContainerUtils.java:logAndReturnError(146)) - Operation: CreateContainer : Trace ID: 48b43e2241792552:48b43e2241792552:0:0 : Message: Container creation failed, due to disk out of space : Result: DISK_OUT_OF_SPACE
16:53:51.389 [pool-89-thread-13] ERROR DNAudit - user=null | ip=null | op=WRITE_CHUNK {blockData=conID: 2 locID: 102440844091392012 bcsId: 0} | ret=FAILURE
org.apache.hadoop.hdds.scm.container.common.helpers.StorageContainerException: ContainerID 2 creation failed
	at org.apache.hadoop.ozone.container.common.impl.HddsDispatcher.dispatchRequest(HddsDispatcher.java:227) ~[hadoop-hdds-container-service-0.5.0-SNAPSHOT.jar:?]
	at org.apache.hadoop.ozone.container.common.impl.HddsDispatcher.dispatch(HddsDispatcher.java:148) ~[hadoop-hdds-container-service-0.5.0-SNAPSHOT.jar:?]
	at org.apache.hadoop.ozone.container.common.transport.server.ratis.ContainerStateMachine.dispatchCommand(ContainerStateMachine.java:357) ~[hadoop-hdds-container-service-0.5.0-SNAPSHOT.jar:?]
	at org.apache.hadoop.ozone.container.common.transport.server.ratis.ContainerStateMachine.runCommand(ContainerStateMachine.java:364) ~[hadoop-hdds-container-service-0.5.0-SNAPSHOT.jar:?]
	at org.apache.hadoop.ozone.container.common.transport.server.ratis.ContainerStateMachine.lambda$handleWriteChunk$0(ContainerStateMachine.java:395) ~[hadoop-hdds-container-service-0.5.0-SNAPSHOT.jar:?]
	at java.util.concurrent.CompletableFuture$AsyncSupply.run(CompletableFuture.java:1590) [?:1.8.0_212]
	at java.util.concurrent.ThreadPoolExecutor.runWorker(ThreadPoolExecutor.java:1149) [?:1.8.0_212]
	at java.util.concurrent.ThreadPoolExecutor$Worker.run(ThreadPoolExecutor.java:624) [?:1.8.0_212]
	at java.lang.Thread.run(Thread.java:748) [?:1.8.0_212]
2019-07-14 16:53:51,390 [pool-89-thread-13] INFO  impl.HddsDispatcher (ContainerUtils.java:logAndReturnError(146)) - Operation: WriteChunk : Trace ID: 48b43e2241792552:48b43e2241792552:0:0 : Message: ContainerID 2 creation failed : Result: DISK_OUT_OF_SPACE
2019-07-14 16:53:51,391 [pool-68-thread-5] INFO  keyvalue.KeyValueHandler (ContainerUtils.java:logAndReturnError(146)) - Operation: CreateContainer : Trace ID: 48b43e2241792552:48b43e2241792552:0:0 : Message: Container creation failed, due to disk out of space : Result: DISK_OUT_OF_SPACE
2019-07-14 16:53:51,391 [pool-47-thread-5] INFO  keyvalue.KeyValueHandler (ContainerUtils.java:logAndReturnError(146)) - Operation: CreateContainer : Trace ID: 48b43e2241792552:48b43e2241792552:0:0 : Message: Container creation failed, due to disk out of space : Result: DISK_OUT_OF_SPACE
16:53:51.391 [pool-68-thread-5] ERROR DNAudit - user=null | ip=null | op=WRITE_CHUNK {blockData=conID: 2 locID: 102440844091392012 bcsId: 0} | ret=FAILURE
org.apache.hadoop.hdds.scm.container.common.helpers.StorageContainerException: ContainerID 2 creation failed
	at org.apache.hadoop.ozone.container.common.impl.HddsDispatcher.dispatchRequest(HddsDispatcher.java:227) ~[hadoop-hdds-container-service-0.5.0-SNAPSHOT.jar:?]
	at org.apache.hadoop.ozone.container.common.impl.HddsDispatcher.dispatch(HddsDispatcher.java:148) ~[hadoop-hdds-container-service-0.5.0-SNAPSHOT.jar:?]
	at org.apache.hadoop.ozone.container.common.transport.server.ratis.ContainerStateMachine.dispatchCommand(ContainerStateMachine.java:357) ~[hadoop-hdds-container-service-0.5.0-SNAPSHOT.jar:?]
	at org.apache.hadoop.ozone.container.common.transport.server.ratis.ContainerStateMachine.runCommand(ContainerStateMachine.java:364) ~[hadoop-hdds-container-service-0.5.0-SNAPSHOT.jar:?]
	at org.apache.hadoop.ozone.container.common.transport.server.ratis.ContainerStateMachine.lambda$handleWriteChunk$0(ContainerStateMachine.java:395) ~[hadoop-hdds-container-service-0.5.0-SNAPSHOT.jar:?]
	at java.util.concurrent.CompletableFuture$AsyncSupply.run(CompletableFuture.java:1590) [?:1.8.0_212]
	at java.util.concurrent.ThreadPoolExecutor.runWorker(ThreadPoolExecutor.java:1149) [?:1.8.0_212]
	at java.util.concurrent.ThreadPoolExecutor$Worker.run(ThreadPoolExecutor.java:624) [?:1.8.0_212]
	at java.lang.Thread.run(Thread.java:748) [?:1.8.0_212]
2019-07-14 16:53:51,392 [pool-68-thread-5] INFO  impl.HddsDispatcher (ContainerUtils.java:logAndReturnError(146)) - Operation: WriteChunk : Trace ID: 48b43e2241792552:48b43e2241792552:0:0 : Message: ContainerID 2 creation failed : Result: DISK_OUT_OF_SPACE
16:53:51.392 [pool-47-thread-5] ERROR DNAudit - user=null | ip=null | op=WRITE_CHUNK {blockData=conID: 2 locID: 102440844091392012 bcsId: 0} | ret=FAILURE
org.apache.hadoop.hdds.scm.container.common.helpers.StorageContainerException: ContainerID 2 creation failed
	at org.apache.hadoop.ozone.container.common.impl.HddsDispatcher.dispatchRequest(HddsDispatcher.java:227) ~[hadoop-hdds-container-service-0.5.0-SNAPSHOT.jar:?]
	at org.apache.hadoop.ozone.container.common.impl.HddsDispatcher.dispatch(HddsDispatcher.java:148) ~[hadoop-hdds-container-service-0.5.0-SNAPSHOT.jar:?]
	at org.apache.hadoop.ozone.container.common.transport.server.ratis.ContainerStateMachine.dispatchCommand(ContainerStateMachine.java:357) ~[hadoop-hdds-container-service-0.5.0-SNAPSHOT.jar:?]
	at org.apache.hadoop.ozone.container.common.transport.server.ratis.ContainerStateMachine.runCommand(ContainerStateMachine.java:364) ~[hadoop-hdds-container-service-0.5.0-SNAPSHOT.jar:?]
	at org.apache.hadoop.ozone.container.common.transport.server.ratis.ContainerStateMachine.lambda$handleWriteChunk$0(ContainerStateMachine.java:395) ~[hadoop-hdds-container-service-0.5.0-SNAPSHOT.jar:?]
	at java.util.concurrent.CompletableFuture$AsyncSupply.run(CompletableFuture.java:1590) [?:1.8.0_212]
	at java.util.concurrent.ThreadPoolExecutor.runWorker(ThreadPoolExecutor.java:1149) [?:1.8.0_212]
	at java.util.concurrent.ThreadPoolExecutor$Worker.run(ThreadPoolExecutor.java:624) [?:1.8.0_212]
	at java.lang.Thread.run(Thread.java:748) [?:1.8.0_212]
2019-07-14 16:53:51,392 [pool-47-thread-5] INFO  impl.HddsDispatcher (ContainerUtils.java:logAndReturnError(146)) - Operation: WriteChunk : Trace ID: 48b43e2241792552:48b43e2241792552:0:0 : Message: ContainerID 2 creation failed : Result: DISK_OUT_OF_SPACE
16:53:51.404 [pool-92-thread-1] ERROR DNAudit - user=null | ip=null | op=WRITE_CHUNK {blockData=conID: 2 locID: 102440844091392012 bcsId: 0} | ret=FAILURE
org.apache.hadoop.hdds.scm.container.common.helpers.StorageContainerException: ContainerID 2 does not exist
	at org.apache.hadoop.ozone.container.common.impl.HddsDispatcher.dispatchRequest(HddsDispatcher.java:242) ~[hadoop-hdds-container-service-0.5.0-SNAPSHOT.jar:?]
	at org.apache.hadoop.ozone.container.common.impl.HddsDispatcher.dispatch(HddsDispatcher.java:148) ~[hadoop-hdds-container-service-0.5.0-SNAPSHOT.jar:?]
	at org.apache.hadoop.ozone.container.common.transport.server.ratis.ContainerStateMachine.dispatchCommand(ContainerStateMachine.java:357) ~[hadoop-hdds-container-service-0.5.0-SNAPSHOT.jar:?]
	at org.apache.hadoop.ozone.container.common.transport.server.ratis.ContainerStateMachine.runCommand(ContainerStateMachine.java:364) ~[hadoop-hdds-container-service-0.5.0-SNAPSHOT.jar:?]
	at org.apache.hadoop.ozone.container.common.transport.server.ratis.ContainerStateMachine.lambda$applyTransaction$5(ContainerStateMachine.java:630) ~[hadoop-hdds-container-service-0.5.0-SNAPSHOT.jar:?]
	at java.util.concurrent.CompletableFuture$AsyncSupply.run(CompletableFuture.java:1590) [?:1.8.0_212]
	at java.util.concurrent.ThreadPoolExecutor.runWorker(ThreadPoolExecutor.java:1149) [?:1.8.0_212]
	at java.util.concurrent.ThreadPoolExecutor$Worker.run(ThreadPoolExecutor.java:624) [?:1.8.0_212]
	at java.lang.Thread.run(Thread.java:748) [?:1.8.0_212]
2019-07-14 16:53:51,405 [pool-92-thread-1] INFO  impl.HddsDispatcher (ContainerUtils.java:logAndReturnError(146)) - Operation: WriteChunk : Trace ID: 48b43e2241792552:48b43e2241792552:0:0 : Message: ContainerID 2 does not exist : Result: CONTAINER_NOT_FOUND
16:53:51.406 [pool-92-thread-1] ERROR DNAudit - user=null | ip=null | op=PUT_BLOCK {blockData=[blockId=conID: 2 locID: 102440844091392012 bcsId: 0,size=256]} | ret=FAILURE
org.apache.hadoop.hdds.scm.container.common.helpers.StorageContainerException: ContainerID 2 does not exist
	at org.apache.hadoop.ozone.container.common.impl.HddsDispatcher.dispatchRequest(HddsDispatcher.java:242) ~[hadoop-hdds-container-service-0.5.0-SNAPSHOT.jar:?]
	at org.apache.hadoop.ozone.container.common.impl.HddsDispatcher.dispatch(HddsDispatcher.java:148) ~[hadoop-hdds-container-service-0.5.0-SNAPSHOT.jar:?]
	at org.apache.hadoop.ozone.container.common.transport.server.ratis.ContainerStateMachine.dispatchCommand(ContainerStateMachine.java:357) ~[hadoop-hdds-container-service-0.5.0-SNAPSHOT.jar:?]
	at org.apache.hadoop.ozone.container.common.transport.server.ratis.ContainerStateMachine.runCommand(ContainerStateMachine.java:364) ~[hadoop-hdds-container-service-0.5.0-SNAPSHOT.jar:?]
	at org.apache.hadoop.ozone.container.common.transport.server.ratis.ContainerStateMachine.lambda$applyTransaction$5(ContainerStateMachine.java:630) ~[hadoop-hdds-container-service-0.5.0-SNAPSHOT.jar:?]
	at java.util.concurrent.CompletableFuture$AsyncSupply.run(CompletableFuture.java:1590) [?:1.8.0_212]
	at java.util.concurrent.ThreadPoolExecutor.runWorker(ThreadPoolExecutor.java:1149) [?:1.8.0_212]
	at java.util.concurrent.ThreadPoolExecutor$Worker.run(ThreadPoolExecutor.java:624) [?:1.8.0_212]
	at java.lang.Thread.run(Thread.java:748) [?:1.8.0_212]
2019-07-14 16:53:51,407 [pool-92-thread-1] INFO  impl.HddsDispatcher (ContainerUtils.java:logAndReturnError(146)) - Operation: PutBlock : Trace ID: 90797ec0b7c377e7:90797ec0b7c377e7:0:0 : Message: ContainerID 2 does not exist : Result: CONTAINER_NOT_FOUND
2019-07-14 16:53:51,408 [pool-132-thread-1] ERROR storage.BlockOutputStream (BlockOutputStream.java:validateResponse(539)) - Unexpected Storage Container Exception: 
org.apache.hadoop.hdds.scm.container.common.helpers.StorageContainerException: ContainerID 2 does not exist
	at org.apache.hadoop.hdds.scm.storage.ContainerProtocolCalls.validateContainerResponse(ContainerProtocolCalls.java:536)
	at org.apache.hadoop.hdds.scm.storage.BlockOutputStream.validateResponse(BlockOutputStream.java:537)
	at org.apache.hadoop.hdds.scm.storage.BlockOutputStream.lambda$writeChunkToContainer$2(BlockOutputStream.java:615)
	at java.util.concurrent.CompletableFuture.uniApply(CompletableFuture.java:602)
	at java.util.concurrent.CompletableFuture$UniApply.tryFire(CompletableFuture.java:577)
	at java.util.concurrent.CompletableFuture$Completion.run(CompletableFuture.java:442)
	at java.util.concurrent.ThreadPoolExecutor.runWorker(ThreadPoolExecutor.java:1149)
	at java.util.concurrent.ThreadPoolExecutor$Worker.run(ThreadPoolExecutor.java:624)
	at java.lang.Thread.run(Thread.java:748)
16:53:51.416 [pool-50-thread-1] ERROR DNAudit - user=null | ip=null | op=WRITE_CHUNK {blockData=conID: 2 locID: 102440844091392012 bcsId: 0} | ret=FAILURE
org.apache.hadoop.hdds.scm.container.common.helpers.StorageContainerException: ContainerID 2 does not exist
	at org.apache.hadoop.ozone.container.common.impl.HddsDispatcher.dispatchRequest(HddsDispatcher.java:242) ~[hadoop-hdds-container-service-0.5.0-SNAPSHOT.jar:?]
	at org.apache.hadoop.ozone.container.common.impl.HddsDispatcher.dispatch(HddsDispatcher.java:148) ~[hadoop-hdds-container-service-0.5.0-SNAPSHOT.jar:?]
	at org.apache.hadoop.ozone.container.common.transport.server.ratis.ContainerStateMachine.dispatchCommand(ContainerStateMachine.java:357) ~[hadoop-hdds-container-service-0.5.0-SNAPSHOT.jar:?]
	at org.apache.hadoop.ozone.container.common.transport.server.ratis.ContainerStateMachine.runCommand(ContainerStateMachine.java:364) ~[hadoop-hdds-container-service-0.5.0-SNAPSHOT.jar:?]
	at org.apache.hadoop.ozone.container.common.transport.server.ratis.ContainerStateMachine.lambda$applyTransaction$5(ContainerStateMachine.java:630) ~[hadoop-hdds-container-service-0.5.0-SNAPSHOT.jar:?]
	at java.util.concurrent.CompletableFuture$AsyncSupply.run(CompletableFuture.java:1590) [?:1.8.0_212]
	at java.util.concurrent.ThreadPoolExecutor.runWorker(ThreadPoolExecutor.java:1149) [?:1.8.0_212]
	at java.util.concurrent.ThreadPoolExecutor$Worker.run(ThreadPoolExecutor.java:624) [?:1.8.0_212]
	at java.lang.Thread.run(Thread.java:748) [?:1.8.0_212]
16:53:51.416 [pool-71-thread-1] ERROR DNAudit - user=null | ip=null | op=WRITE_CHUNK {blockData=conID: 2 locID: 102440844091392012 bcsId: 0} | ret=FAILURE
org.apache.hadoop.hdds.scm.container.common.helpers.StorageContainerException: ContainerID 2 does not exist
	at org.apache.hadoop.ozone.container.common.impl.HddsDispatcher.dispatchRequest(HddsDispatcher.java:242) ~[hadoop-hdds-container-service-0.5.0-SNAPSHOT.jar:?]
	at org.apache.hadoop.ozone.container.common.impl.HddsDispatcher.dispatch(HddsDispatcher.java:148) ~[hadoop-hdds-container-service-0.5.0-SNAPSHOT.jar:?]
	at org.apache.hadoop.ozone.container.common.transport.server.ratis.ContainerStateMachine.dispatchCommand(ContainerStateMachine.java:357) ~[hadoop-hdds-container-service-0.5.0-SNAPSHOT.jar:?]
	at org.apache.hadoop.ozone.container.common.transport.server.ratis.ContainerStateMachine.runCommand(ContainerStateMachine.java:364) ~[hadoop-hdds-container-service-0.5.0-SNAPSHOT.jar:?]
	at org.apache.hadoop.ozone.container.common.transport.server.ratis.ContainerStateMachine.lambda$applyTransaction$5(ContainerStateMachine.java:630) ~[hadoop-hdds-container-service-0.5.0-SNAPSHOT.jar:?]
	at java.util.concurrent.CompletableFuture$AsyncSupply.run(CompletableFuture.java:1590) [?:1.8.0_212]
	at java.util.concurrent.ThreadPoolExecutor.runWorker(ThreadPoolExecutor.java:1149) [?:1.8.0_212]
	at java.util.concurrent.ThreadPoolExecutor$Worker.run(ThreadPoolExecutor.java:624) [?:1.8.0_212]
	at java.lang.Thread.run(Thread.java:748) [?:1.8.0_212]
2019-07-14 16:53:51,417 [pool-50-thread-1] INFO  impl.HddsDispatcher (ContainerUtils.java:logAndReturnError(146)) - Operation: WriteChunk : Trace ID: 48b43e2241792552:48b43e2241792552:0:0 : Message: ContainerID 2 does not exist : Result: CONTAINER_NOT_FOUND
2019-07-14 16:53:51,417 [pool-71-thread-1] INFO  impl.HddsDispatcher (ContainerUtils.java:logAndReturnError(146)) - Operation: WriteChunk : Trace ID: 48b43e2241792552:48b43e2241792552:0:0 : Message: ContainerID 2 does not exist : Result: CONTAINER_NOT_FOUND
16:53:51.417 [pool-50-thread-1] ERROR DNAudit - user=null | ip=null | op=PUT_BLOCK {blockData=[blockId=conID: 2 locID: 102440844091392012 bcsId: 0,size=256]} | ret=FAILURE
org.apache.hadoop.hdds.scm.container.common.helpers.StorageContainerException: ContainerID 2 does not exist
	at org.apache.hadoop.ozone.container.common.impl.HddsDispatcher.dispatchRequest(HddsDispatcher.java:242) ~[hadoop-hdds-container-service-0.5.0-SNAPSHOT.jar:?]
	at org.apache.hadoop.ozone.container.common.impl.HddsDispatcher.dispatch(HddsDispatcher.java:148) ~[hadoop-hdds-container-service-0.5.0-SNAPSHOT.jar:?]
	at org.apache.hadoop.ozone.container.common.transport.server.ratis.ContainerStateMachine.dispatchCommand(ContainerStateMachine.java:357) ~[hadoop-hdds-container-service-0.5.0-SNAPSHOT.jar:?]
	at org.apache.hadoop.ozone.container.common.transport.server.ratis.ContainerStateMachine.runCommand(ContainerStateMachine.java:364) ~[hadoop-hdds-container-service-0.5.0-SNAPSHOT.jar:?]
	at org.apache.hadoop.ozone.container.common.transport.server.ratis.ContainerStateMachine.lambda$applyTransaction$5(ContainerStateMachine.java:630) ~[hadoop-hdds-container-service-0.5.0-SNAPSHOT.jar:?]
	at java.util.concurrent.CompletableFuture$AsyncSupply.run(CompletableFuture.java:1590) [?:1.8.0_212]
	at java.util.concurrent.ThreadPoolExecutor.runWorker(ThreadPoolExecutor.java:1149) [?:1.8.0_212]
	at java.util.concurrent.ThreadPoolExecutor$Worker.run(ThreadPoolExecutor.java:624) [?:1.8.0_212]
	at java.lang.Thread.run(Thread.java:748) [?:1.8.0_212]
16:53:51.417 [pool-71-thread-1] ERROR DNAudit - user=null | ip=null | op=PUT_BLOCK {blockData=[blockId=conID: 2 locID: 102440844091392012 bcsId: 0,size=256]} | ret=FAILURE
org.apache.hadoop.hdds.scm.container.common.helpers.StorageContainerException: ContainerID 2 does not exist
	at org.apache.hadoop.ozone.container.common.impl.HddsDispatcher.dispatchRequest(HddsDispatcher.java:242) ~[hadoop-hdds-container-service-0.5.0-SNAPSHOT.jar:?]
	at org.apache.hadoop.ozone.container.common.impl.HddsDispatcher.dispatch(HddsDispatcher.java:148) ~[hadoop-hdds-container-service-0.5.0-SNAPSHOT.jar:?]
	at org.apache.hadoop.ozone.container.common.transport.server.ratis.ContainerStateMachine.dispatchCommand(ContainerStateMachine.java:357) ~[hadoop-hdds-container-service-0.5.0-SNAPSHOT.jar:?]
	at org.apache.hadoop.ozone.container.common.transport.server.ratis.ContainerStateMachine.runCommand(ContainerStateMachine.java:364) ~[hadoop-hdds-container-service-0.5.0-SNAPSHOT.jar:?]
	at org.apache.hadoop.ozone.container.common.transport.server.ratis.ContainerStateMachine.lambda$applyTransaction$5(ContainerStateMachine.java:630) ~[hadoop-hdds-container-service-0.5.0-SNAPSHOT.jar:?]
	at java.util.concurrent.CompletableFuture$AsyncSupply.run(CompletableFuture.java:1590) [?:1.8.0_212]
	at java.util.concurrent.ThreadPoolExecutor.runWorker(ThreadPoolExecutor.java:1149) [?:1.8.0_212]
	at java.util.concurrent.ThreadPoolExecutor$Worker.run(ThreadPoolExecutor.java:624) [?:1.8.0_212]
	at java.lang.Thread.run(Thread.java:748) [?:1.8.0_212]
2019-07-14 16:53:51,418 [pool-50-thread-1] INFO  impl.HddsDispatcher (ContainerUtils.java:logAndReturnError(146)) - Operation: PutBlock : Trace ID: 90797ec0b7c377e7:90797ec0b7c377e7:0:0 : Message: ContainerID 2 does not exist : Result: CONTAINER_NOT_FOUND
2019-07-14 16:53:51,418 [pool-71-thread-1] INFO  impl.HddsDispatcher (ContainerUtils.java:logAndReturnError(146)) - Operation: PutBlock : Trace ID: 90797ec0b7c377e7:90797ec0b7c377e7:0:0 : Message: ContainerID 2 does not exist : Result: CONTAINER_NOT_FOUND
]]></system-out>
  </testcase>
  <testcase name="testFileStatusBlocksizeNonEmptyFile" classname="org.apache.hadoop.fs.ozone.contract.ITestOzoneContractCreate" time="0.161">
    <error message="Unexpected Storage Container Exception: org.apache.hadoop.hdds.scm.container.common.helpers.StorageContainerException: ContainerID 3 does not exist" type="java.io.IOException">java.io.IOException: Unexpected Storage Container Exception: org.apache.hadoop.hdds.scm.container.common.helpers.StorageContainerException: ContainerID 3 does not exist
	at org.apache.hadoop.hdds.scm.storage.BlockOutputStream.setIoException(BlockOutputStream.java:549)
	at org.apache.hadoop.hdds.scm.storage.BlockOutputStream.validateResponse(BlockOutputStream.java:540)
	at org.apache.hadoop.hdds.scm.storage.BlockOutputStream.lambda$writeChunkToContainer$2(BlockOutputStream.java:615)
	at java.util.concurrent.CompletableFuture.uniApply(CompletableFuture.java:602)
	at java.util.concurrent.CompletableFuture$UniApply.tryFire(CompletableFuture.java:577)
	at java.util.concurrent.CompletableFuture$Completion.run(CompletableFuture.java:442)
	at java.util.concurrent.ThreadPoolExecutor.runWorker(ThreadPoolExecutor.java:1149)
	at java.util.concurrent.ThreadPoolExecutor$Worker.run(ThreadPoolExecutor.java:624)
	at java.lang.Thread.run(Thread.java:748)
Caused by: org.apache.hadoop.hdds.scm.container.common.helpers.StorageContainerException: ContainerID 3 does not exist
	at org.apache.hadoop.hdds.scm.storage.ContainerProtocolCalls.validateContainerResponse(ContainerProtocolCalls.java:536)
	at org.apache.hadoop.hdds.scm.storage.BlockOutputStream.validateResponse(BlockOutputStream.java:537)
	... 7 more
</error>
    <system-out><![CDATA[2019-07-14 16:53:51,484 [Thread-355] INFO  contract.AbstractFSContractTestBase (AbstractFSContractTestBase.java:setup(184)) - Test filesystem = o3fs://bucket11094.volume42361 implemented by OzoneFileSystem{URI=o3fs://bucket11094.volume42361, workingDir=o3fs://bucket11094.volume42361/user/jenkins1000, userName=jenkins1000, statistics=0 bytes read, 533 bytes written, 57 read ops, 0 large read ops, 19 write ops}
16:53:51.486 [IPC Server handler 16 on 38223] ERROR OMAudit - user=jenkins1000 | ip=127.0.0.1 | op=GET_FILE_STATUS {volume=volume42361, bucket=bucket11094, key=test, dataSize=0, replicationType=null, replicationFactor=null, keyLocationInfo=null} | ret=FAILURE
org.apache.hadoop.ozone.om.exceptions.OMException: Unable to get file status: volume: volume42361 bucket: bucket11094 key: test
	at org.apache.hadoop.ozone.om.KeyManagerImpl.getFileStatus(KeyManagerImpl.java:1772) ~[hadoop-ozone-ozone-manager-0.5.0-SNAPSHOT.jar:?]
	at org.apache.hadoop.ozone.om.OzoneManager.getFileStatus(OzoneManager.java:2973) [hadoop-ozone-ozone-manager-0.5.0-SNAPSHOT.jar:?]
	at org.apache.hadoop.ozone.protocolPB.OzoneManagerRequestHandler.getOzoneFileStatus(OzoneManagerRequestHandler.java:1047) [hadoop-ozone-ozone-manager-0.5.0-SNAPSHOT.jar:?]
	at org.apache.hadoop.ozone.protocolPB.OzoneManagerRequestHandler.handle(OzoneManagerRequestHandler.java:339) [hadoop-ozone-ozone-manager-0.5.0-SNAPSHOT.jar:?]
	at org.apache.hadoop.ozone.protocolPB.OzoneManagerProtocolServerSideTranslatorPB.submitRequestDirectlyToOM(OzoneManagerProtocolServerSideTranslatorPB.java:192) [hadoop-ozone-ozone-manager-0.5.0-SNAPSHOT.jar:?]
	at org.apache.hadoop.ozone.protocolPB.OzoneManagerProtocolServerSideTranslatorPB.submitRequest(OzoneManagerProtocolServerSideTranslatorPB.java:110) [hadoop-ozone-ozone-manager-0.5.0-SNAPSHOT.jar:?]
	at org.apache.hadoop.ozone.protocol.proto.OzoneManagerProtocolProtos$OzoneManagerService$2.callBlockingMethod(OzoneManagerProtocolProtos.java) [hadoop-ozone-common-0.5.0-SNAPSHOT.jar:?]
	at org.apache.hadoop.ipc.ProtobufRpcEngine$Server$ProtoBufRpcInvoker.call(ProtobufRpcEngine.java:524) [hadoop-common-3.2.0.jar:?]
	at org.apache.hadoop.ipc.RPC$Server.call(RPC.java:1025) [hadoop-common-3.2.0.jar:?]
	at org.apache.hadoop.ipc.Server$RpcCall.run(Server.java:876) [hadoop-common-3.2.0.jar:?]
	at org.apache.hadoop.ipc.Server$RpcCall.run(Server.java:822) [hadoop-common-3.2.0.jar:?]
	at java.security.AccessController.doPrivileged(Native Method) [?:1.8.0_212]
	at javax.security.auth.Subject.doAs(Subject.java:422) [?:1.8.0_212]
	at org.apache.hadoop.security.UserGroupInformation.doAs(UserGroupInformation.java:1730) [hadoop-common-3.2.0.jar:?]
	at org.apache.hadoop.ipc.Server$Handler.run(Server.java:2682) [hadoop-common-3.2.0.jar:?]
2019-07-14 16:53:51,490 [Thread-355] INFO  contract.AbstractFSContractTestBase (AbstractFSContractTestBase.java:describe(255)) - validate the block size of a filesystem and files within it
2019-07-14 16:53:51,541 [pool-89-thread-16] INFO  keyvalue.KeyValueHandler (ContainerUtils.java:logAndReturnError(146)) - Operation: CreateContainer : Trace ID: a06f8f5947303b57:a06f8f5947303b57:0:0 : Message: Container creation failed, due to disk out of space : Result: DISK_OUT_OF_SPACE
16:53:51.542 [pool-89-thread-16] ERROR DNAudit - user=null | ip=null | op=WRITE_CHUNK {blockData=conID: 3 locID: 102440844099256334 bcsId: 0} | ret=FAILURE
org.apache.hadoop.hdds.scm.container.common.helpers.StorageContainerException: ContainerID 3 creation failed
	at org.apache.hadoop.ozone.container.common.impl.HddsDispatcher.dispatchRequest(HddsDispatcher.java:227) ~[hadoop-hdds-container-service-0.5.0-SNAPSHOT.jar:?]
	at org.apache.hadoop.ozone.container.common.impl.HddsDispatcher.dispatch(HddsDispatcher.java:148) ~[hadoop-hdds-container-service-0.5.0-SNAPSHOT.jar:?]
	at org.apache.hadoop.ozone.container.common.transport.server.ratis.ContainerStateMachine.dispatchCommand(ContainerStateMachine.java:357) ~[hadoop-hdds-container-service-0.5.0-SNAPSHOT.jar:?]
	at org.apache.hadoop.ozone.container.common.transport.server.ratis.ContainerStateMachine.runCommand(ContainerStateMachine.java:364) ~[hadoop-hdds-container-service-0.5.0-SNAPSHOT.jar:?]
	at org.apache.hadoop.ozone.container.common.transport.server.ratis.ContainerStateMachine.lambda$handleWriteChunk$0(ContainerStateMachine.java:395) ~[hadoop-hdds-container-service-0.5.0-SNAPSHOT.jar:?]
	at java.util.concurrent.CompletableFuture$AsyncSupply.run(CompletableFuture.java:1590) [?:1.8.0_212]
	at java.util.concurrent.ThreadPoolExecutor.runWorker(ThreadPoolExecutor.java:1149) [?:1.8.0_212]
	at java.util.concurrent.ThreadPoolExecutor$Worker.run(ThreadPoolExecutor.java:624) [?:1.8.0_212]
	at java.lang.Thread.run(Thread.java:748) [?:1.8.0_212]
2019-07-14 16:53:51,543 [pool-89-thread-16] INFO  impl.HddsDispatcher (ContainerUtils.java:logAndReturnError(146)) - Operation: WriteChunk : Trace ID: a06f8f5947303b57:a06f8f5947303b57:0:0 : Message: ContainerID 3 creation failed : Result: DISK_OUT_OF_SPACE
2019-07-14 16:53:51,544 [pool-47-thread-6] INFO  keyvalue.KeyValueHandler (ContainerUtils.java:logAndReturnError(146)) - Operation: CreateContainer : Trace ID: a06f8f5947303b57:a06f8f5947303b57:0:0 : Message: Container creation failed, due to disk out of space : Result: DISK_OUT_OF_SPACE
2019-07-14 16:53:51,544 [pool-68-thread-6] INFO  keyvalue.KeyValueHandler (ContainerUtils.java:logAndReturnError(146)) - Operation: CreateContainer : Trace ID: a06f8f5947303b57:a06f8f5947303b57:0:0 : Message: Container creation failed, due to disk out of space : Result: DISK_OUT_OF_SPACE
16:53:51.544 [pool-47-thread-6] ERROR DNAudit - user=null | ip=null | op=WRITE_CHUNK {blockData=conID: 3 locID: 102440844099256334 bcsId: 0} | ret=FAILURE
org.apache.hadoop.hdds.scm.container.common.helpers.StorageContainerException: ContainerID 3 creation failed
	at org.apache.hadoop.ozone.container.common.impl.HddsDispatcher.dispatchRequest(HddsDispatcher.java:227) ~[hadoop-hdds-container-service-0.5.0-SNAPSHOT.jar:?]
	at org.apache.hadoop.ozone.container.common.impl.HddsDispatcher.dispatch(HddsDispatcher.java:148) ~[hadoop-hdds-container-service-0.5.0-SNAPSHOT.jar:?]
	at org.apache.hadoop.ozone.container.common.transport.server.ratis.ContainerStateMachine.dispatchCommand(ContainerStateMachine.java:357) ~[hadoop-hdds-container-service-0.5.0-SNAPSHOT.jar:?]
	at org.apache.hadoop.ozone.container.common.transport.server.ratis.ContainerStateMachine.runCommand(ContainerStateMachine.java:364) ~[hadoop-hdds-container-service-0.5.0-SNAPSHOT.jar:?]
	at org.apache.hadoop.ozone.container.common.transport.server.ratis.ContainerStateMachine.lambda$handleWriteChunk$0(ContainerStateMachine.java:395) ~[hadoop-hdds-container-service-0.5.0-SNAPSHOT.jar:?]
	at java.util.concurrent.CompletableFuture$AsyncSupply.run(CompletableFuture.java:1590) [?:1.8.0_212]
	at java.util.concurrent.ThreadPoolExecutor.runWorker(ThreadPoolExecutor.java:1149) [?:1.8.0_212]
	at java.util.concurrent.ThreadPoolExecutor$Worker.run(ThreadPoolExecutor.java:624) [?:1.8.0_212]
	at java.lang.Thread.run(Thread.java:748) [?:1.8.0_212]
2019-07-14 16:53:51,545 [pool-47-thread-6] INFO  impl.HddsDispatcher (ContainerUtils.java:logAndReturnError(146)) - Operation: WriteChunk : Trace ID: a06f8f5947303b57:a06f8f5947303b57:0:0 : Message: ContainerID 3 creation failed : Result: DISK_OUT_OF_SPACE
16:53:51.544 [pool-68-thread-6] ERROR DNAudit - user=null | ip=null | op=WRITE_CHUNK {blockData=conID: 3 locID: 102440844099256334 bcsId: 0} | ret=FAILURE
org.apache.hadoop.hdds.scm.container.common.helpers.StorageContainerException: ContainerID 3 creation failed
	at org.apache.hadoop.ozone.container.common.impl.HddsDispatcher.dispatchRequest(HddsDispatcher.java:227) ~[hadoop-hdds-container-service-0.5.0-SNAPSHOT.jar:?]
	at org.apache.hadoop.ozone.container.common.impl.HddsDispatcher.dispatch(HddsDispatcher.java:148) ~[hadoop-hdds-container-service-0.5.0-SNAPSHOT.jar:?]
	at org.apache.hadoop.ozone.container.common.transport.server.ratis.ContainerStateMachine.dispatchCommand(ContainerStateMachine.java:357) ~[hadoop-hdds-container-service-0.5.0-SNAPSHOT.jar:?]
	at org.apache.hadoop.ozone.container.common.transport.server.ratis.ContainerStateMachine.runCommand(ContainerStateMachine.java:364) ~[hadoop-hdds-container-service-0.5.0-SNAPSHOT.jar:?]
	at org.apache.hadoop.ozone.container.common.transport.server.ratis.ContainerStateMachine.lambda$handleWriteChunk$0(ContainerStateMachine.java:395) ~[hadoop-hdds-container-service-0.5.0-SNAPSHOT.jar:?]
	at java.util.concurrent.CompletableFuture$AsyncSupply.run(CompletableFuture.java:1590) [?:1.8.0_212]
	at java.util.concurrent.ThreadPoolExecutor.runWorker(ThreadPoolExecutor.java:1149) [?:1.8.0_212]
	at java.util.concurrent.ThreadPoolExecutor$Worker.run(ThreadPoolExecutor.java:624) [?:1.8.0_212]
	at java.lang.Thread.run(Thread.java:748) [?:1.8.0_212]
2019-07-14 16:53:51,545 [pool-68-thread-6] INFO  impl.HddsDispatcher (ContainerUtils.java:logAndReturnError(146)) - Operation: WriteChunk : Trace ID: a06f8f5947303b57:a06f8f5947303b57:0:0 : Message: ContainerID 3 creation failed : Result: DISK_OUT_OF_SPACE
16:53:51.557 [pool-93-thread-1] ERROR DNAudit - user=null | ip=null | op=WRITE_CHUNK {blockData=conID: 3 locID: 102440844099256334 bcsId: 0} | ret=FAILURE
org.apache.hadoop.hdds.scm.container.common.helpers.StorageContainerException: ContainerID 3 does not exist
	at org.apache.hadoop.ozone.container.common.impl.HddsDispatcher.dispatchRequest(HddsDispatcher.java:242) ~[hadoop-hdds-container-service-0.5.0-SNAPSHOT.jar:?]
	at org.apache.hadoop.ozone.container.common.impl.HddsDispatcher.dispatch(HddsDispatcher.java:148) ~[hadoop-hdds-container-service-0.5.0-SNAPSHOT.jar:?]
	at org.apache.hadoop.ozone.container.common.transport.server.ratis.ContainerStateMachine.dispatchCommand(ContainerStateMachine.java:357) ~[hadoop-hdds-container-service-0.5.0-SNAPSHOT.jar:?]
	at org.apache.hadoop.ozone.container.common.transport.server.ratis.ContainerStateMachine.runCommand(ContainerStateMachine.java:364) ~[hadoop-hdds-container-service-0.5.0-SNAPSHOT.jar:?]
	at org.apache.hadoop.ozone.container.common.transport.server.ratis.ContainerStateMachine.lambda$applyTransaction$5(ContainerStateMachine.java:630) ~[hadoop-hdds-container-service-0.5.0-SNAPSHOT.jar:?]
	at java.util.concurrent.CompletableFuture$AsyncSupply.run(CompletableFuture.java:1590) [?:1.8.0_212]
	at java.util.concurrent.ThreadPoolExecutor.runWorker(ThreadPoolExecutor.java:1149) [?:1.8.0_212]
	at java.util.concurrent.ThreadPoolExecutor$Worker.run(ThreadPoolExecutor.java:624) [?:1.8.0_212]
	at java.lang.Thread.run(Thread.java:748) [?:1.8.0_212]
2019-07-14 16:53:51,557 [pool-93-thread-1] INFO  impl.HddsDispatcher (ContainerUtils.java:logAndReturnError(146)) - Operation: WriteChunk : Trace ID: a06f8f5947303b57:a06f8f5947303b57:0:0 : Message: ContainerID 3 does not exist : Result: CONTAINER_NOT_FOUND
2019-07-14 16:53:51,562 [pool-133-thread-1] ERROR storage.BlockOutputStream (BlockOutputStream.java:validateResponse(539)) - Unexpected Storage Container Exception: 
org.apache.hadoop.hdds.scm.container.common.helpers.StorageContainerException: ContainerID 3 does not exist
	at org.apache.hadoop.hdds.scm.storage.ContainerProtocolCalls.validateContainerResponse(ContainerProtocolCalls.java:536)
	at org.apache.hadoop.hdds.scm.storage.BlockOutputStream.validateResponse(BlockOutputStream.java:537)
	at org.apache.hadoop.hdds.scm.storage.BlockOutputStream.lambda$writeChunkToContainer$2(BlockOutputStream.java:615)
	at java.util.concurrent.CompletableFuture.uniApply(CompletableFuture.java:602)
	at java.util.concurrent.CompletableFuture$UniApply.tryFire(CompletableFuture.java:577)
	at java.util.concurrent.CompletableFuture$Completion.run(CompletableFuture.java:442)
	at java.util.concurrent.ThreadPoolExecutor.runWorker(ThreadPoolExecutor.java:1149)
	at java.util.concurrent.ThreadPoolExecutor$Worker.run(ThreadPoolExecutor.java:624)
	at java.lang.Thread.run(Thread.java:748)
16:53:51.569 [pool-72-thread-1] ERROR DNAudit - user=null | ip=null | op=WRITE_CHUNK {blockData=conID: 3 locID: 102440844099256334 bcsId: 0} | ret=FAILURE
org.apache.hadoop.hdds.scm.container.common.helpers.StorageContainerException: ContainerID 3 does not exist
	at org.apache.hadoop.ozone.container.common.impl.HddsDispatcher.dispatchRequest(HddsDispatcher.java:242) ~[hadoop-hdds-container-service-0.5.0-SNAPSHOT.jar:?]
	at org.apache.hadoop.ozone.container.common.impl.HddsDispatcher.dispatch(HddsDispatcher.java:148) ~[hadoop-hdds-container-service-0.5.0-SNAPSHOT.jar:?]
	at org.apache.hadoop.ozone.container.common.transport.server.ratis.ContainerStateMachine.dispatchCommand(ContainerStateMachine.java:357) ~[hadoop-hdds-container-service-0.5.0-SNAPSHOT.jar:?]
	at org.apache.hadoop.ozone.container.common.transport.server.ratis.ContainerStateMachine.runCommand(ContainerStateMachine.java:364) ~[hadoop-hdds-container-service-0.5.0-SNAPSHOT.jar:?]
	at org.apache.hadoop.ozone.container.common.transport.server.ratis.ContainerStateMachine.lambda$applyTransaction$5(ContainerStateMachine.java:630) ~[hadoop-hdds-container-service-0.5.0-SNAPSHOT.jar:?]
	at java.util.concurrent.CompletableFuture$AsyncSupply.run(CompletableFuture.java:1590) [?:1.8.0_212]
	at java.util.concurrent.ThreadPoolExecutor.runWorker(ThreadPoolExecutor.java:1149) [?:1.8.0_212]
	at java.util.concurrent.ThreadPoolExecutor$Worker.run(ThreadPoolExecutor.java:624) [?:1.8.0_212]
	at java.lang.Thread.run(Thread.java:748) [?:1.8.0_212]
2019-07-14 16:53:51,570 [pool-72-thread-1] INFO  impl.HddsDispatcher (ContainerUtils.java:logAndReturnError(146)) - Operation: WriteChunk : Trace ID: a06f8f5947303b57:a06f8f5947303b57:0:0 : Message: ContainerID 3 does not exist : Result: CONTAINER_NOT_FOUND
16:53:51.570 [pool-51-thread-1] ERROR DNAudit - user=null | ip=null | op=WRITE_CHUNK {blockData=conID: 3 locID: 102440844099256334 bcsId: 0} | ret=FAILURE
org.apache.hadoop.hdds.scm.container.common.helpers.StorageContainerException: ContainerID 3 does not exist
	at org.apache.hadoop.ozone.container.common.impl.HddsDispatcher.dispatchRequest(HddsDispatcher.java:242) ~[hadoop-hdds-container-service-0.5.0-SNAPSHOT.jar:?]
	at org.apache.hadoop.ozone.container.common.impl.HddsDispatcher.dispatch(HddsDispatcher.java:148) ~[hadoop-hdds-container-service-0.5.0-SNAPSHOT.jar:?]
	at org.apache.hadoop.ozone.container.common.transport.server.ratis.ContainerStateMachine.dispatchCommand(ContainerStateMachine.java:357) ~[hadoop-hdds-container-service-0.5.0-SNAPSHOT.jar:?]
	at org.apache.hadoop.ozone.container.common.transport.server.ratis.ContainerStateMachine.runCommand(ContainerStateMachine.java:364) ~[hadoop-hdds-container-service-0.5.0-SNAPSHOT.jar:?]
	at org.apache.hadoop.ozone.container.common.transport.server.ratis.ContainerStateMachine.lambda$applyTransaction$5(ContainerStateMachine.java:630) ~[hadoop-hdds-container-service-0.5.0-SNAPSHOT.jar:?]
	at java.util.concurrent.CompletableFuture$AsyncSupply.run(CompletableFuture.java:1590) [?:1.8.0_212]
	at java.util.concurrent.ThreadPoolExecutor.runWorker(ThreadPoolExecutor.java:1149) [?:1.8.0_212]
	at java.util.concurrent.ThreadPoolExecutor$Worker.run(ThreadPoolExecutor.java:624) [?:1.8.0_212]
	at java.lang.Thread.run(Thread.java:748) [?:1.8.0_212]
2019-07-14 16:53:51,571 [pool-51-thread-1] INFO  impl.HddsDispatcher (ContainerUtils.java:logAndReturnError(146)) - Operation: WriteChunk : Trace ID: a06f8f5947303b57:a06f8f5947303b57:0:0 : Message: ContainerID 3 does not exist : Result: CONTAINER_NOT_FOUND
16:53:51.571 [pool-93-thread-1] ERROR DNAudit - user=null | ip=null | op=PUT_BLOCK {blockData=[blockId=conID: 3 locID: 102440844099256334 bcsId: 0,size=256]} | ret=FAILURE
org.apache.hadoop.hdds.scm.container.common.helpers.StorageContainerException: ContainerID 3 does not exist
	at org.apache.hadoop.ozone.container.common.impl.HddsDispatcher.dispatchRequest(HddsDispatcher.java:242) ~[hadoop-hdds-container-service-0.5.0-SNAPSHOT.jar:?]
	at org.apache.hadoop.ozone.container.common.impl.HddsDispatcher.dispatch(HddsDispatcher.java:148) ~[hadoop-hdds-container-service-0.5.0-SNAPSHOT.jar:?]
	at org.apache.hadoop.ozone.container.common.transport.server.ratis.ContainerStateMachine.dispatchCommand(ContainerStateMachine.java:357) ~[hadoop-hdds-container-service-0.5.0-SNAPSHOT.jar:?]
	at org.apache.hadoop.ozone.container.common.transport.server.ratis.ContainerStateMachine.runCommand(ContainerStateMachine.java:364) ~[hadoop-hdds-container-service-0.5.0-SNAPSHOT.jar:?]
	at org.apache.hadoop.ozone.container.common.transport.server.ratis.ContainerStateMachine.lambda$applyTransaction$5(ContainerStateMachine.java:630) ~[hadoop-hdds-container-service-0.5.0-SNAPSHOT.jar:?]
	at java.util.concurrent.CompletableFuture$AsyncSupply.run(CompletableFuture.java:1590) [?:1.8.0_212]
	at java.util.concurrent.ThreadPoolExecutor.runWorker(ThreadPoolExecutor.java:1149) [?:1.8.0_212]
	at java.util.concurrent.ThreadPoolExecutor$Worker.run(ThreadPoolExecutor.java:624) [?:1.8.0_212]
	at java.lang.Thread.run(Thread.java:748) [?:1.8.0_212]
2019-07-14 16:53:51,572 [pool-93-thread-1] INFO  impl.HddsDispatcher (ContainerUtils.java:logAndReturnError(146)) - Operation: PutBlock : Trace ID: 2364f71afffc8b9f:2364f71afffc8b9f:0:0 : Message: ContainerID 3 does not exist : Result: CONTAINER_NOT_FOUND
16:53:51.584 [pool-72-thread-1] ERROR DNAudit - user=null | ip=null | op=PUT_BLOCK {blockData=[blockId=conID: 3 locID: 102440844099256334 bcsId: 0,size=256]} | ret=FAILURE
org.apache.hadoop.hdds.scm.container.common.helpers.StorageContainerException: ContainerID 3 does not exist
	at org.apache.hadoop.ozone.container.common.impl.HddsDispatcher.dispatchRequest(HddsDispatcher.java:242) ~[hadoop-hdds-container-service-0.5.0-SNAPSHOT.jar:?]
	at org.apache.hadoop.ozone.container.common.impl.HddsDispatcher.dispatch(HddsDispatcher.java:148) ~[hadoop-hdds-container-service-0.5.0-SNAPSHOT.jar:?]
	at org.apache.hadoop.ozone.container.common.transport.server.ratis.ContainerStateMachine.dispatchCommand(ContainerStateMachine.java:357) ~[hadoop-hdds-container-service-0.5.0-SNAPSHOT.jar:?]
	at org.apache.hadoop.ozone.container.common.transport.server.ratis.ContainerStateMachine.runCommand(ContainerStateMachine.java:364) ~[hadoop-hdds-container-service-0.5.0-SNAPSHOT.jar:?]
	at org.apache.hadoop.ozone.container.common.transport.server.ratis.ContainerStateMachine.lambda$applyTransaction$5(ContainerStateMachine.java:630) ~[hadoop-hdds-container-service-0.5.0-SNAPSHOT.jar:?]
	at java.util.concurrent.CompletableFuture$AsyncSupply.run(CompletableFuture.java:1590) [?:1.8.0_212]
	at java.util.concurrent.ThreadPoolExecutor.runWorker(ThreadPoolExecutor.java:1149) [?:1.8.0_212]
	at java.util.concurrent.ThreadPoolExecutor$Worker.run(ThreadPoolExecutor.java:624) [?:1.8.0_212]
	at java.lang.Thread.run(Thread.java:748) [?:1.8.0_212]
2019-07-14 16:53:51,584 [pool-72-thread-1] INFO  impl.HddsDispatcher (ContainerUtils.java:logAndReturnError(146)) - Operation: PutBlock : Trace ID: 2364f71afffc8b9f:2364f71afffc8b9f:0:0 : Message: ContainerID 3 does not exist : Result: CONTAINER_NOT_FOUND
16:53:51.584 [pool-51-thread-1] ERROR DNAudit - user=null | ip=null | op=PUT_BLOCK {blockData=[blockId=conID: 3 locID: 102440844099256334 bcsId: 0,size=256]} | ret=FAILURE
org.apache.hadoop.hdds.scm.container.common.helpers.StorageContainerException: ContainerID 3 does not exist
	at org.apache.hadoop.ozone.container.common.impl.HddsDispatcher.dispatchRequest(HddsDispatcher.java:242) ~[hadoop-hdds-container-service-0.5.0-SNAPSHOT.jar:?]
	at org.apache.hadoop.ozone.container.common.impl.HddsDispatcher.dispatch(HddsDispatcher.java:148) ~[hadoop-hdds-container-service-0.5.0-SNAPSHOT.jar:?]
	at org.apache.hadoop.ozone.container.common.transport.server.ratis.ContainerStateMachine.dispatchCommand(ContainerStateMachine.java:357) ~[hadoop-hdds-container-service-0.5.0-SNAPSHOT.jar:?]
	at org.apache.hadoop.ozone.container.common.transport.server.ratis.ContainerStateMachine.runCommand(ContainerStateMachine.java:364) ~[hadoop-hdds-container-service-0.5.0-SNAPSHOT.jar:?]
	at org.apache.hadoop.ozone.container.common.transport.server.ratis.ContainerStateMachine.lambda$applyTransaction$5(ContainerStateMachine.java:630) ~[hadoop-hdds-container-service-0.5.0-SNAPSHOT.jar:?]
	at java.util.concurrent.CompletableFuture$AsyncSupply.run(CompletableFuture.java:1590) [?:1.8.0_212]
	at java.util.concurrent.ThreadPoolExecutor.runWorker(ThreadPoolExecutor.java:1149) [?:1.8.0_212]
	at java.util.concurrent.ThreadPoolExecutor$Worker.run(ThreadPoolExecutor.java:624) [?:1.8.0_212]
	at java.lang.Thread.run(Thread.java:748) [?:1.8.0_212]
2019-07-14 16:53:51,584 [pool-51-thread-1] INFO  impl.HddsDispatcher (ContainerUtils.java:logAndReturnError(146)) - Operation: PutBlock : Trace ID: 2364f71afffc8b9f:2364f71afffc8b9f:0:0 : Message: ContainerID 3 does not exist : Result: CONTAINER_NOT_FOUND
]]></system-out>
  </testcase>
  <testcase name="testCreatedFileIsEventuallyVisible" classname="org.apache.hadoop.fs.ozone.contract.ITestOzoneContractCreate" time="0.163"/>
  <testcase name="testOverwriteExistingFile" classname="org.apache.hadoop.fs.ozone.contract.ITestOzoneContractCreate" time="0.172">
    <error message="Unexpected Storage Container Exception: org.apache.hadoop.hdds.scm.container.common.helpers.StorageContainerException: ContainerID 2 does not exist" type="java.io.IOException">java.io.IOException: Unexpected Storage Container Exception: org.apache.hadoop.hdds.scm.container.common.helpers.StorageContainerException: ContainerID 2 does not exist
	at org.apache.hadoop.hdds.scm.storage.BlockOutputStream.setIoException(BlockOutputStream.java:549)
	at org.apache.hadoop.hdds.scm.storage.BlockOutputStream.validateResponse(BlockOutputStream.java:540)
	at org.apache.hadoop.hdds.scm.storage.BlockOutputStream.lambda$writeChunkToContainer$2(BlockOutputStream.java:615)
	at java.util.concurrent.CompletableFuture.uniApply(CompletableFuture.java:602)
	at java.util.concurrent.CompletableFuture$UniApply.tryFire(CompletableFuture.java:577)
	at java.util.concurrent.CompletableFuture$Completion.run(CompletableFuture.java:442)
	at java.util.concurrent.ThreadPoolExecutor.runWorker(ThreadPoolExecutor.java:1149)
	at java.util.concurrent.ThreadPoolExecutor$Worker.run(ThreadPoolExecutor.java:624)
	at java.lang.Thread.run(Thread.java:748)
Caused by: org.apache.hadoop.hdds.scm.container.common.helpers.StorageContainerException: ContainerID 2 does not exist
	at org.apache.hadoop.hdds.scm.storage.ContainerProtocolCalls.validateContainerResponse(ContainerProtocolCalls.java:536)
	at org.apache.hadoop.hdds.scm.storage.BlockOutputStream.validateResponse(BlockOutputStream.java:537)
	... 7 more
</error>
    <system-out><![CDATA[2019-07-14 16:53:51,807 [Thread-393] INFO  contract.AbstractFSContractTestBase (AbstractFSContractTestBase.java:setup(184)) - Test filesystem = o3fs://bucket24914.volume12081 implemented by OzoneFileSystem{URI=o3fs://bucket24914.volume12081, workingDir=o3fs://bucket24914.volume12081/user/jenkins1000, userName=jenkins1000, statistics=0 bytes read, 790 bytes written, 68 read ops, 0 large read ops, 23 write ops}
16:53:51.808 [IPC Server handler 1 on 38223] ERROR OMAudit - user=jenkins1000 | ip=127.0.0.1 | op=GET_FILE_STATUS {volume=volume12081, bucket=bucket24914, key=test, dataSize=0, replicationType=null, replicationFactor=null, keyLocationInfo=null} | ret=FAILURE
org.apache.hadoop.ozone.om.exceptions.OMException: Unable to get file status: volume: volume12081 bucket: bucket24914 key: test
	at org.apache.hadoop.ozone.om.KeyManagerImpl.getFileStatus(KeyManagerImpl.java:1772) ~[hadoop-ozone-ozone-manager-0.5.0-SNAPSHOT.jar:?]
	at org.apache.hadoop.ozone.om.OzoneManager.getFileStatus(OzoneManager.java:2973) [hadoop-ozone-ozone-manager-0.5.0-SNAPSHOT.jar:?]
	at org.apache.hadoop.ozone.protocolPB.OzoneManagerRequestHandler.getOzoneFileStatus(OzoneManagerRequestHandler.java:1047) [hadoop-ozone-ozone-manager-0.5.0-SNAPSHOT.jar:?]
	at org.apache.hadoop.ozone.protocolPB.OzoneManagerRequestHandler.handle(OzoneManagerRequestHandler.java:339) [hadoop-ozone-ozone-manager-0.5.0-SNAPSHOT.jar:?]
	at org.apache.hadoop.ozone.protocolPB.OzoneManagerProtocolServerSideTranslatorPB.submitRequestDirectlyToOM(OzoneManagerProtocolServerSideTranslatorPB.java:192) [hadoop-ozone-ozone-manager-0.5.0-SNAPSHOT.jar:?]
	at org.apache.hadoop.ozone.protocolPB.OzoneManagerProtocolServerSideTranslatorPB.submitRequest(OzoneManagerProtocolServerSideTranslatorPB.java:110) [hadoop-ozone-ozone-manager-0.5.0-SNAPSHOT.jar:?]
	at org.apache.hadoop.ozone.protocol.proto.OzoneManagerProtocolProtos$OzoneManagerService$2.callBlockingMethod(OzoneManagerProtocolProtos.java) [hadoop-ozone-common-0.5.0-SNAPSHOT.jar:?]
	at org.apache.hadoop.ipc.ProtobufRpcEngine$Server$ProtoBufRpcInvoker.call(ProtobufRpcEngine.java:524) [hadoop-common-3.2.0.jar:?]
	at org.apache.hadoop.ipc.RPC$Server.call(RPC.java:1025) [hadoop-common-3.2.0.jar:?]
	at org.apache.hadoop.ipc.Server$RpcCall.run(Server.java:876) [hadoop-common-3.2.0.jar:?]
	at org.apache.hadoop.ipc.Server$RpcCall.run(Server.java:822) [hadoop-common-3.2.0.jar:?]
	at java.security.AccessController.doPrivileged(Native Method) [?:1.8.0_212]
	at javax.security.auth.Subject.doAs(Subject.java:422) [?:1.8.0_212]
	at org.apache.hadoop.security.UserGroupInformation.doAs(UserGroupInformation.java:1730) [hadoop-common-3.2.0.jar:?]
	at org.apache.hadoop.ipc.Server$Handler.run(Server.java:2682) [hadoop-common-3.2.0.jar:?]
2019-07-14 16:53:51,813 [Thread-393] INFO  contract.AbstractFSContractTestBase (AbstractFSContractTestBase.java:describe(255)) - Overwrite an existing file and verify the new data is there, use builder API=false
2019-07-14 16:53:51,862 [pool-89-thread-22] INFO  keyvalue.KeyValueHandler (ContainerUtils.java:logAndReturnError(146)) - Operation: CreateContainer : Trace ID: 833a987b8d21e571:833a987b8d21e571:0:0 : Message: Container creation failed, due to disk out of space : Result: DISK_OUT_OF_SPACE
16:53:51.862 [pool-89-thread-22] ERROR DNAudit - user=null | ip=null | op=WRITE_CHUNK {blockData=conID: 2 locID: 102440844120424466 bcsId: 0} | ret=FAILURE
org.apache.hadoop.hdds.scm.container.common.helpers.StorageContainerException: ContainerID 2 creation failed
	at org.apache.hadoop.ozone.container.common.impl.HddsDispatcher.dispatchRequest(HddsDispatcher.java:227) ~[hadoop-hdds-container-service-0.5.0-SNAPSHOT.jar:?]
	at org.apache.hadoop.ozone.container.common.impl.HddsDispatcher.dispatch(HddsDispatcher.java:148) ~[hadoop-hdds-container-service-0.5.0-SNAPSHOT.jar:?]
	at org.apache.hadoop.ozone.container.common.transport.server.ratis.ContainerStateMachine.dispatchCommand(ContainerStateMachine.java:357) ~[hadoop-hdds-container-service-0.5.0-SNAPSHOT.jar:?]
	at org.apache.hadoop.ozone.container.common.transport.server.ratis.ContainerStateMachine.runCommand(ContainerStateMachine.java:364) ~[hadoop-hdds-container-service-0.5.0-SNAPSHOT.jar:?]
	at org.apache.hadoop.ozone.container.common.transport.server.ratis.ContainerStateMachine.lambda$handleWriteChunk$0(ContainerStateMachine.java:395) ~[hadoop-hdds-container-service-0.5.0-SNAPSHOT.jar:?]
	at java.util.concurrent.CompletableFuture$AsyncSupply.run(CompletableFuture.java:1590) [?:1.8.0_212]
	at java.util.concurrent.ThreadPoolExecutor.runWorker(ThreadPoolExecutor.java:1149) [?:1.8.0_212]
	at java.util.concurrent.ThreadPoolExecutor$Worker.run(ThreadPoolExecutor.java:624) [?:1.8.0_212]
	at java.lang.Thread.run(Thread.java:748) [?:1.8.0_212]
2019-07-14 16:53:51,863 [pool-89-thread-22] INFO  impl.HddsDispatcher (ContainerUtils.java:logAndReturnError(146)) - Operation: WriteChunk : Trace ID: 833a987b8d21e571:833a987b8d21e571:0:0 : Message: ContainerID 2 creation failed : Result: DISK_OUT_OF_SPACE
2019-07-14 16:53:51,864 [pool-47-thread-8] INFO  keyvalue.KeyValueHandler (ContainerUtils.java:logAndReturnError(146)) - Operation: CreateContainer : Trace ID: 833a987b8d21e571:833a987b8d21e571:0:0 : Message: Container creation failed, due to disk out of space : Result: DISK_OUT_OF_SPACE
2019-07-14 16:53:51,864 [pool-68-thread-8] INFO  keyvalue.KeyValueHandler (ContainerUtils.java:logAndReturnError(146)) - Operation: CreateContainer : Trace ID: 833a987b8d21e571:833a987b8d21e571:0:0 : Message: Container creation failed, due to disk out of space : Result: DISK_OUT_OF_SPACE
16:53:51.864 [pool-47-thread-8] ERROR DNAudit - user=null | ip=null | op=WRITE_CHUNK {blockData=conID: 2 locID: 102440844120424466 bcsId: 0} | ret=FAILURE
org.apache.hadoop.hdds.scm.container.common.helpers.StorageContainerException: ContainerID 2 creation failed
	at org.apache.hadoop.ozone.container.common.impl.HddsDispatcher.dispatchRequest(HddsDispatcher.java:227) ~[hadoop-hdds-container-service-0.5.0-SNAPSHOT.jar:?]
	at org.apache.hadoop.ozone.container.common.impl.HddsDispatcher.dispatch(HddsDispatcher.java:148) ~[hadoop-hdds-container-service-0.5.0-SNAPSHOT.jar:?]
	at org.apache.hadoop.ozone.container.common.transport.server.ratis.ContainerStateMachine.dispatchCommand(ContainerStateMachine.java:357) ~[hadoop-hdds-container-service-0.5.0-SNAPSHOT.jar:?]
	at org.apache.hadoop.ozone.container.common.transport.server.ratis.ContainerStateMachine.runCommand(ContainerStateMachine.java:364) ~[hadoop-hdds-container-service-0.5.0-SNAPSHOT.jar:?]
	at org.apache.hadoop.ozone.container.common.transport.server.ratis.ContainerStateMachine.lambda$handleWriteChunk$0(ContainerStateMachine.java:395) ~[hadoop-hdds-container-service-0.5.0-SNAPSHOT.jar:?]
	at java.util.concurrent.CompletableFuture$AsyncSupply.run(CompletableFuture.java:1590) [?:1.8.0_212]
	at java.util.concurrent.ThreadPoolExecutor.runWorker(ThreadPoolExecutor.java:1149) [?:1.8.0_212]
	at java.util.concurrent.ThreadPoolExecutor$Worker.run(ThreadPoolExecutor.java:624) [?:1.8.0_212]
	at java.lang.Thread.run(Thread.java:748) [?:1.8.0_212]
2019-07-14 16:53:51,865 [pool-47-thread-8] INFO  impl.HddsDispatcher (ContainerUtils.java:logAndReturnError(146)) - Operation: WriteChunk : Trace ID: 833a987b8d21e571:833a987b8d21e571:0:0 : Message: ContainerID 2 creation failed : Result: DISK_OUT_OF_SPACE
16:53:51.865 [pool-68-thread-8] ERROR DNAudit - user=null | ip=null | op=WRITE_CHUNK {blockData=conID: 2 locID: 102440844120424466 bcsId: 0} | ret=FAILURE
org.apache.hadoop.hdds.scm.container.common.helpers.StorageContainerException: ContainerID 2 creation failed
	at org.apache.hadoop.ozone.container.common.impl.HddsDispatcher.dispatchRequest(HddsDispatcher.java:227) ~[hadoop-hdds-container-service-0.5.0-SNAPSHOT.jar:?]
	at org.apache.hadoop.ozone.container.common.impl.HddsDispatcher.dispatch(HddsDispatcher.java:148) ~[hadoop-hdds-container-service-0.5.0-SNAPSHOT.jar:?]
	at org.apache.hadoop.ozone.container.common.transport.server.ratis.ContainerStateMachine.dispatchCommand(ContainerStateMachine.java:357) ~[hadoop-hdds-container-service-0.5.0-SNAPSHOT.jar:?]
	at org.apache.hadoop.ozone.container.common.transport.server.ratis.ContainerStateMachine.runCommand(ContainerStateMachine.java:364) ~[hadoop-hdds-container-service-0.5.0-SNAPSHOT.jar:?]
	at org.apache.hadoop.ozone.container.common.transport.server.ratis.ContainerStateMachine.lambda$handleWriteChunk$0(ContainerStateMachine.java:395) ~[hadoop-hdds-container-service-0.5.0-SNAPSHOT.jar:?]
	at java.util.concurrent.CompletableFuture$AsyncSupply.run(CompletableFuture.java:1590) [?:1.8.0_212]
	at java.util.concurrent.ThreadPoolExecutor.runWorker(ThreadPoolExecutor.java:1149) [?:1.8.0_212]
	at java.util.concurrent.ThreadPoolExecutor$Worker.run(ThreadPoolExecutor.java:624) [?:1.8.0_212]
	at java.lang.Thread.run(Thread.java:748) [?:1.8.0_212]
2019-07-14 16:53:51,865 [pool-68-thread-8] INFO  impl.HddsDispatcher (ContainerUtils.java:logAndReturnError(146)) - Operation: WriteChunk : Trace ID: 833a987b8d21e571:833a987b8d21e571:0:0 : Message: ContainerID 2 creation failed : Result: DISK_OUT_OF_SPACE
16:53:51.877 [pool-92-thread-1] ERROR DNAudit - user=null | ip=null | op=WRITE_CHUNK {blockData=conID: 2 locID: 102440844120424466 bcsId: 0} | ret=FAILURE
org.apache.hadoop.hdds.scm.container.common.helpers.StorageContainerException: ContainerID 2 does not exist
	at org.apache.hadoop.ozone.container.common.impl.HddsDispatcher.dispatchRequest(HddsDispatcher.java:242) ~[hadoop-hdds-container-service-0.5.0-SNAPSHOT.jar:?]
	at org.apache.hadoop.ozone.container.common.impl.HddsDispatcher.dispatch(HddsDispatcher.java:148) ~[hadoop-hdds-container-service-0.5.0-SNAPSHOT.jar:?]
	at org.apache.hadoop.ozone.container.common.transport.server.ratis.ContainerStateMachine.dispatchCommand(ContainerStateMachine.java:357) ~[hadoop-hdds-container-service-0.5.0-SNAPSHOT.jar:?]
	at org.apache.hadoop.ozone.container.common.transport.server.ratis.ContainerStateMachine.runCommand(ContainerStateMachine.java:364) ~[hadoop-hdds-container-service-0.5.0-SNAPSHOT.jar:?]
	at org.apache.hadoop.ozone.container.common.transport.server.ratis.ContainerStateMachine.lambda$applyTransaction$5(ContainerStateMachine.java:630) ~[hadoop-hdds-container-service-0.5.0-SNAPSHOT.jar:?]
	at java.util.concurrent.CompletableFuture$AsyncSupply.run(CompletableFuture.java:1590) [?:1.8.0_212]
	at java.util.concurrent.ThreadPoolExecutor.runWorker(ThreadPoolExecutor.java:1149) [?:1.8.0_212]
	at java.util.concurrent.ThreadPoolExecutor$Worker.run(ThreadPoolExecutor.java:624) [?:1.8.0_212]
	at java.lang.Thread.run(Thread.java:748) [?:1.8.0_212]
2019-07-14 16:53:51,878 [pool-92-thread-1] INFO  impl.HddsDispatcher (ContainerUtils.java:logAndReturnError(146)) - Operation: WriteChunk : Trace ID: 833a987b8d21e571:833a987b8d21e571:0:0 : Message: ContainerID 2 does not exist : Result: CONTAINER_NOT_FOUND
2019-07-14 16:53:51,886 [pool-135-thread-1] ERROR storage.BlockOutputStream (BlockOutputStream.java:validateResponse(539)) - Unexpected Storage Container Exception: 
org.apache.hadoop.hdds.scm.container.common.helpers.StorageContainerException: ContainerID 2 does not exist
	at org.apache.hadoop.hdds.scm.storage.ContainerProtocolCalls.validateContainerResponse(ContainerProtocolCalls.java:536)
	at org.apache.hadoop.hdds.scm.storage.BlockOutputStream.validateResponse(BlockOutputStream.java:537)
	at org.apache.hadoop.hdds.scm.storage.BlockOutputStream.lambda$writeChunkToContainer$2(BlockOutputStream.java:615)
	at java.util.concurrent.CompletableFuture.uniApply(CompletableFuture.java:602)
	at java.util.concurrent.CompletableFuture$UniApply.tryFire(CompletableFuture.java:577)
	at java.util.concurrent.CompletableFuture$Completion.run(CompletableFuture.java:442)
	at java.util.concurrent.ThreadPoolExecutor.runWorker(ThreadPoolExecutor.java:1149)
	at java.util.concurrent.ThreadPoolExecutor$Worker.run(ThreadPoolExecutor.java:624)
	at java.lang.Thread.run(Thread.java:748)
16:53:51.890 [pool-71-thread-1] ERROR DNAudit - user=null | ip=null | op=WRITE_CHUNK {blockData=conID: 2 locID: 102440844120424466 bcsId: 0} | ret=FAILURE
org.apache.hadoop.hdds.scm.container.common.helpers.StorageContainerException: ContainerID 2 does not exist
	at org.apache.hadoop.ozone.container.common.impl.HddsDispatcher.dispatchRequest(HddsDispatcher.java:242) ~[hadoop-hdds-container-service-0.5.0-SNAPSHOT.jar:?]
	at org.apache.hadoop.ozone.container.common.impl.HddsDispatcher.dispatch(HddsDispatcher.java:148) ~[hadoop-hdds-container-service-0.5.0-SNAPSHOT.jar:?]
	at org.apache.hadoop.ozone.container.common.transport.server.ratis.ContainerStateMachine.dispatchCommand(ContainerStateMachine.java:357) ~[hadoop-hdds-container-service-0.5.0-SNAPSHOT.jar:?]
	at org.apache.hadoop.ozone.container.common.transport.server.ratis.ContainerStateMachine.runCommand(ContainerStateMachine.java:364) ~[hadoop-hdds-container-service-0.5.0-SNAPSHOT.jar:?]
	at org.apache.hadoop.ozone.container.common.transport.server.ratis.ContainerStateMachine.lambda$applyTransaction$5(ContainerStateMachine.java:630) ~[hadoop-hdds-container-service-0.5.0-SNAPSHOT.jar:?]
	at java.util.concurrent.CompletableFuture$AsyncSupply.run(CompletableFuture.java:1590) [?:1.8.0_212]
	at java.util.concurrent.ThreadPoolExecutor.runWorker(ThreadPoolExecutor.java:1149) [?:1.8.0_212]
	at java.util.concurrent.ThreadPoolExecutor$Worker.run(ThreadPoolExecutor.java:624) [?:1.8.0_212]
	at java.lang.Thread.run(Thread.java:748) [?:1.8.0_212]
16:53:51.890 [pool-50-thread-1] ERROR DNAudit - user=null | ip=null | op=WRITE_CHUNK {blockData=conID: 2 locID: 102440844120424466 bcsId: 0} | ret=FAILURE
org.apache.hadoop.hdds.scm.container.common.helpers.StorageContainerException: ContainerID 2 does not exist
	at org.apache.hadoop.ozone.container.common.impl.HddsDispatcher.dispatchRequest(HddsDispatcher.java:242) ~[hadoop-hdds-container-service-0.5.0-SNAPSHOT.jar:?]
	at org.apache.hadoop.ozone.container.common.impl.HddsDispatcher.dispatch(HddsDispatcher.java:148) ~[hadoop-hdds-container-service-0.5.0-SNAPSHOT.jar:?]
	at org.apache.hadoop.ozone.container.common.transport.server.ratis.ContainerStateMachine.dispatchCommand(ContainerStateMachine.java:357) ~[hadoop-hdds-container-service-0.5.0-SNAPSHOT.jar:?]
	at org.apache.hadoop.ozone.container.common.transport.server.ratis.ContainerStateMachine.runCommand(ContainerStateMachine.java:364) ~[hadoop-hdds-container-service-0.5.0-SNAPSHOT.jar:?]
	at org.apache.hadoop.ozone.container.common.transport.server.ratis.ContainerStateMachine.lambda$applyTransaction$5(ContainerStateMachine.java:630) ~[hadoop-hdds-container-service-0.5.0-SNAPSHOT.jar:?]
	at java.util.concurrent.CompletableFuture$AsyncSupply.run(CompletableFuture.java:1590) [?:1.8.0_212]
	at java.util.concurrent.ThreadPoolExecutor.runWorker(ThreadPoolExecutor.java:1149) [?:1.8.0_212]
	at java.util.concurrent.ThreadPoolExecutor$Worker.run(ThreadPoolExecutor.java:624) [?:1.8.0_212]
	at java.lang.Thread.run(Thread.java:748) [?:1.8.0_212]
2019-07-14 16:53:51,891 [pool-71-thread-1] INFO  impl.HddsDispatcher (ContainerUtils.java:logAndReturnError(146)) - Operation: WriteChunk : Trace ID: 833a987b8d21e571:833a987b8d21e571:0:0 : Message: ContainerID 2 does not exist : Result: CONTAINER_NOT_FOUND
2019-07-14 16:53:51,891 [pool-50-thread-1] INFO  impl.HddsDispatcher (ContainerUtils.java:logAndReturnError(146)) - Operation: WriteChunk : Trace ID: 833a987b8d21e571:833a987b8d21e571:0:0 : Message: ContainerID 2 does not exist : Result: CONTAINER_NOT_FOUND
16:53:51.905 [pool-92-thread-1] ERROR DNAudit - user=null | ip=null | op=PUT_BLOCK {blockData=[blockId=conID: 2 locID: 102440844120424466 bcsId: 0,size=256]} | ret=FAILURE
org.apache.hadoop.hdds.scm.container.common.helpers.StorageContainerException: ContainerID 2 does not exist
	at org.apache.hadoop.ozone.container.common.impl.HddsDispatcher.dispatchRequest(HddsDispatcher.java:242) ~[hadoop-hdds-container-service-0.5.0-SNAPSHOT.jar:?]
	at org.apache.hadoop.ozone.container.common.impl.HddsDispatcher.dispatch(HddsDispatcher.java:148) ~[hadoop-hdds-container-service-0.5.0-SNAPSHOT.jar:?]
	at org.apache.hadoop.ozone.container.common.transport.server.ratis.ContainerStateMachine.dispatchCommand(ContainerStateMachine.java:357) ~[hadoop-hdds-container-service-0.5.0-SNAPSHOT.jar:?]
	at org.apache.hadoop.ozone.container.common.transport.server.ratis.ContainerStateMachine.runCommand(ContainerStateMachine.java:364) ~[hadoop-hdds-container-service-0.5.0-SNAPSHOT.jar:?]
	at org.apache.hadoop.ozone.container.common.transport.server.ratis.ContainerStateMachine.lambda$applyTransaction$5(ContainerStateMachine.java:630) ~[hadoop-hdds-container-service-0.5.0-SNAPSHOT.jar:?]
	at java.util.concurrent.CompletableFuture$AsyncSupply.run(CompletableFuture.java:1590) [?:1.8.0_212]
	at java.util.concurrent.ThreadPoolExecutor.runWorker(ThreadPoolExecutor.java:1149) [?:1.8.0_212]
	at java.util.concurrent.ThreadPoolExecutor$Worker.run(ThreadPoolExecutor.java:624) [?:1.8.0_212]
	at java.lang.Thread.run(Thread.java:748) [?:1.8.0_212]
2019-07-14 16:53:51,905 [pool-92-thread-1] INFO  impl.HddsDispatcher (ContainerUtils.java:logAndReturnError(146)) - Operation: PutBlock : Trace ID: 22ad1898baed9d20:22ad1898baed9d20:0:0 : Message: ContainerID 2 does not exist : Result: CONTAINER_NOT_FOUND
16:53:51.917 [pool-71-thread-1] ERROR DNAudit - user=null | ip=null | op=PUT_BLOCK {blockData=[blockId=conID: 2 locID: 102440844120424466 bcsId: 0,size=256]} | ret=FAILURE
org.apache.hadoop.hdds.scm.container.common.helpers.StorageContainerException: ContainerID 2 does not exist
	at org.apache.hadoop.ozone.container.common.impl.HddsDispatcher.dispatchRequest(HddsDispatcher.java:242) ~[hadoop-hdds-container-service-0.5.0-SNAPSHOT.jar:?]
	at org.apache.hadoop.ozone.container.common.impl.HddsDispatcher.dispatch(HddsDispatcher.java:148) ~[hadoop-hdds-container-service-0.5.0-SNAPSHOT.jar:?]
	at org.apache.hadoop.ozone.container.common.transport.server.ratis.ContainerStateMachine.dispatchCommand(ContainerStateMachine.java:357) ~[hadoop-hdds-container-service-0.5.0-SNAPSHOT.jar:?]
	at org.apache.hadoop.ozone.container.common.transport.server.ratis.ContainerStateMachine.runCommand(ContainerStateMachine.java:364) ~[hadoop-hdds-container-service-0.5.0-SNAPSHOT.jar:?]
	at org.apache.hadoop.ozone.container.common.transport.server.ratis.ContainerStateMachine.lambda$applyTransaction$5(ContainerStateMachine.java:630) ~[hadoop-hdds-container-service-0.5.0-SNAPSHOT.jar:?]
	at java.util.concurrent.CompletableFuture$AsyncSupply.run(CompletableFuture.java:1590) [?:1.8.0_212]
	at java.util.concurrent.ThreadPoolExecutor.runWorker(ThreadPoolExecutor.java:1149) [?:1.8.0_212]
	at java.util.concurrent.ThreadPoolExecutor$Worker.run(ThreadPoolExecutor.java:624) [?:1.8.0_212]
	at java.lang.Thread.run(Thread.java:748) [?:1.8.0_212]
16:53:51.917 [pool-50-thread-1] ERROR DNAudit - user=null | ip=null | op=PUT_BLOCK {blockData=[blockId=conID: 2 locID: 102440844120424466 bcsId: 0,size=256]} | ret=FAILURE
org.apache.hadoop.hdds.scm.container.common.helpers.StorageContainerException: ContainerID 2 does not exist
	at org.apache.hadoop.ozone.container.common.impl.HddsDispatcher.dispatchRequest(HddsDispatcher.java:242) ~[hadoop-hdds-container-service-0.5.0-SNAPSHOT.jar:?]
	at org.apache.hadoop.ozone.container.common.impl.HddsDispatcher.dispatch(HddsDispatcher.java:148) ~[hadoop-hdds-container-service-0.5.0-SNAPSHOT.jar:?]
	at org.apache.hadoop.ozone.container.common.transport.server.ratis.ContainerStateMachine.dispatchCommand(ContainerStateMachine.java:357) ~[hadoop-hdds-container-service-0.5.0-SNAPSHOT.jar:?]
	at org.apache.hadoop.ozone.container.common.transport.server.ratis.ContainerStateMachine.runCommand(ContainerStateMachine.java:364) ~[hadoop-hdds-container-service-0.5.0-SNAPSHOT.jar:?]
	at org.apache.hadoop.ozone.container.common.transport.server.ratis.ContainerStateMachine.lambda$applyTransaction$5(ContainerStateMachine.java:630) ~[hadoop-hdds-container-service-0.5.0-SNAPSHOT.jar:?]
	at java.util.concurrent.CompletableFuture$AsyncSupply.run(CompletableFuture.java:1590) [?:1.8.0_212]
	at java.util.concurrent.ThreadPoolExecutor.runWorker(ThreadPoolExecutor.java:1149) [?:1.8.0_212]
	at java.util.concurrent.ThreadPoolExecutor$Worker.run(ThreadPoolExecutor.java:624) [?:1.8.0_212]
	at java.lang.Thread.run(Thread.java:748) [?:1.8.0_212]
2019-07-14 16:53:51,917 [pool-71-thread-1] INFO  impl.HddsDispatcher (ContainerUtils.java:logAndReturnError(146)) - Operation: PutBlock : Trace ID: 22ad1898baed9d20:22ad1898baed9d20:0:0 : Message: ContainerID 2 does not exist : Result: CONTAINER_NOT_FOUND
2019-07-14 16:53:51,918 [pool-50-thread-1] INFO  impl.HddsDispatcher (ContainerUtils.java:logAndReturnError(146)) - Operation: PutBlock : Trace ID: 22ad1898baed9d20:22ad1898baed9d20:0:0 : Message: ContainerID 2 does not exist : Result: CONTAINER_NOT_FOUND
]]></system-out>
  </testcase>
  <testcase name="testCreateNewFile" classname="org.apache.hadoop.fs.ozone.contract.ITestOzoneContractCreate" time="0.17">
    <error message="Unexpected Storage Container Exception: org.apache.hadoop.hdds.scm.container.common.helpers.StorageContainerException: ContainerID 3 does not exist" type="java.io.IOException">java.io.IOException: Unexpected Storage Container Exception: org.apache.hadoop.hdds.scm.container.common.helpers.StorageContainerException: ContainerID 3 does not exist
	at org.apache.hadoop.hdds.scm.storage.BlockOutputStream.setIoException(BlockOutputStream.java:549)
	at org.apache.hadoop.hdds.scm.storage.BlockOutputStream.validateResponse(BlockOutputStream.java:540)
	at org.apache.hadoop.hdds.scm.storage.BlockOutputStream.lambda$writeChunkToContainer$2(BlockOutputStream.java:615)
	at java.util.concurrent.CompletableFuture.uniApply(CompletableFuture.java:602)
	at java.util.concurrent.CompletableFuture$UniApply.tryFire(CompletableFuture.java:577)
	at java.util.concurrent.CompletableFuture$Completion.run(CompletableFuture.java:442)
	at java.util.concurrent.ThreadPoolExecutor.runWorker(ThreadPoolExecutor.java:1149)
	at java.util.concurrent.ThreadPoolExecutor$Worker.run(ThreadPoolExecutor.java:624)
	at java.lang.Thread.run(Thread.java:748)
Caused by: org.apache.hadoop.hdds.scm.container.common.helpers.StorageContainerException: ContainerID 3 does not exist
	at org.apache.hadoop.hdds.scm.storage.ContainerProtocolCalls.validateContainerResponse(ContainerProtocolCalls.java:536)
	at org.apache.hadoop.hdds.scm.storage.BlockOutputStream.validateResponse(BlockOutputStream.java:537)
	... 7 more
</error>
    <system-out><![CDATA[2019-07-14 16:53:51,967 [Thread-410] INFO  contract.AbstractFSContractTestBase (AbstractFSContractTestBase.java:setup(184)) - Test filesystem = o3fs://bucket04034.volume89732 implemented by OzoneFileSystem{URI=o3fs://bucket04034.volume89732, workingDir=o3fs://bucket04034.volume89732/user/jenkins1000, userName=jenkins1000, statistics=0 bytes read, 1046 bytes written, 73 read ops, 0 large read ops, 25 write ops}
16:53:51.969 [IPC Server handler 5 on 38223] ERROR OMAudit - user=jenkins1000 | ip=127.0.0.1 | op=GET_FILE_STATUS {volume=volume89732, bucket=bucket04034, key=test, dataSize=0, replicationType=null, replicationFactor=null, keyLocationInfo=null} | ret=FAILURE
org.apache.hadoop.ozone.om.exceptions.OMException: Unable to get file status: volume: volume89732 bucket: bucket04034 key: test
	at org.apache.hadoop.ozone.om.KeyManagerImpl.getFileStatus(KeyManagerImpl.java:1772) ~[hadoop-ozone-ozone-manager-0.5.0-SNAPSHOT.jar:?]
	at org.apache.hadoop.ozone.om.OzoneManager.getFileStatus(OzoneManager.java:2973) [hadoop-ozone-ozone-manager-0.5.0-SNAPSHOT.jar:?]
	at org.apache.hadoop.ozone.protocolPB.OzoneManagerRequestHandler.getOzoneFileStatus(OzoneManagerRequestHandler.java:1047) [hadoop-ozone-ozone-manager-0.5.0-SNAPSHOT.jar:?]
	at org.apache.hadoop.ozone.protocolPB.OzoneManagerRequestHandler.handle(OzoneManagerRequestHandler.java:339) [hadoop-ozone-ozone-manager-0.5.0-SNAPSHOT.jar:?]
	at org.apache.hadoop.ozone.protocolPB.OzoneManagerProtocolServerSideTranslatorPB.submitRequestDirectlyToOM(OzoneManagerProtocolServerSideTranslatorPB.java:192) [hadoop-ozone-ozone-manager-0.5.0-SNAPSHOT.jar:?]
	at org.apache.hadoop.ozone.protocolPB.OzoneManagerProtocolServerSideTranslatorPB.submitRequest(OzoneManagerProtocolServerSideTranslatorPB.java:110) [hadoop-ozone-ozone-manager-0.5.0-SNAPSHOT.jar:?]
	at org.apache.hadoop.ozone.protocol.proto.OzoneManagerProtocolProtos$OzoneManagerService$2.callBlockingMethod(OzoneManagerProtocolProtos.java) [hadoop-ozone-common-0.5.0-SNAPSHOT.jar:?]
	at org.apache.hadoop.ipc.ProtobufRpcEngine$Server$ProtoBufRpcInvoker.call(ProtobufRpcEngine.java:524) [hadoop-common-3.2.0.jar:?]
	at org.apache.hadoop.ipc.RPC$Server.call(RPC.java:1025) [hadoop-common-3.2.0.jar:?]
	at org.apache.hadoop.ipc.Server$RpcCall.run(Server.java:876) [hadoop-common-3.2.0.jar:?]
	at org.apache.hadoop.ipc.Server$RpcCall.run(Server.java:822) [hadoop-common-3.2.0.jar:?]
	at java.security.AccessController.doPrivileged(Native Method) [?:1.8.0_212]
	at javax.security.auth.Subject.doAs(Subject.java:422) [?:1.8.0_212]
	at org.apache.hadoop.security.UserGroupInformation.doAs(UserGroupInformation.java:1730) [hadoop-common-3.2.0.jar:?]
	at org.apache.hadoop.ipc.Server$Handler.run(Server.java:2682) [hadoop-common-3.2.0.jar:?]
2019-07-14 16:53:51,973 [Thread-410] INFO  contract.AbstractFSContractTestBase (AbstractFSContractTestBase.java:describe(255)) - Foundational 'create a file' test, using builder API=true
2019-07-14 16:53:52,021 [pool-89-thread-25] INFO  keyvalue.KeyValueHandler (ContainerUtils.java:logAndReturnError(146)) - Operation: CreateContainer : Trace ID: cc6c1d2f3d292192:cc6c1d2f3d292192:0:0 : Message: Container creation failed, due to disk out of space : Result: DISK_OUT_OF_SPACE
16:53:52.022 [pool-89-thread-25] ERROR DNAudit - user=null | ip=null | op=WRITE_CHUNK {blockData=conID: 3 locID: 102440844130844692 bcsId: 0} | ret=FAILURE
org.apache.hadoop.hdds.scm.container.common.helpers.StorageContainerException: ContainerID 3 creation failed
	at org.apache.hadoop.ozone.container.common.impl.HddsDispatcher.dispatchRequest(HddsDispatcher.java:227) ~[hadoop-hdds-container-service-0.5.0-SNAPSHOT.jar:?]
	at org.apache.hadoop.ozone.container.common.impl.HddsDispatcher.dispatch(HddsDispatcher.java:148) ~[hadoop-hdds-container-service-0.5.0-SNAPSHOT.jar:?]
	at org.apache.hadoop.ozone.container.common.transport.server.ratis.ContainerStateMachine.dispatchCommand(ContainerStateMachine.java:357) ~[hadoop-hdds-container-service-0.5.0-SNAPSHOT.jar:?]
	at org.apache.hadoop.ozone.container.common.transport.server.ratis.ContainerStateMachine.runCommand(ContainerStateMachine.java:364) ~[hadoop-hdds-container-service-0.5.0-SNAPSHOT.jar:?]
	at org.apache.hadoop.ozone.container.common.transport.server.ratis.ContainerStateMachine.lambda$handleWriteChunk$0(ContainerStateMachine.java:395) ~[hadoop-hdds-container-service-0.5.0-SNAPSHOT.jar:?]
	at java.util.concurrent.CompletableFuture$AsyncSupply.run(CompletableFuture.java:1590) [?:1.8.0_212]
	at java.util.concurrent.ThreadPoolExecutor.runWorker(ThreadPoolExecutor.java:1149) [?:1.8.0_212]
	at java.util.concurrent.ThreadPoolExecutor$Worker.run(ThreadPoolExecutor.java:624) [?:1.8.0_212]
	at java.lang.Thread.run(Thread.java:748) [?:1.8.0_212]
2019-07-14 16:53:52,022 [pool-89-thread-25] INFO  impl.HddsDispatcher (ContainerUtils.java:logAndReturnError(146)) - Operation: WriteChunk : Trace ID: cc6c1d2f3d292192:cc6c1d2f3d292192:0:0 : Message: ContainerID 3 creation failed : Result: DISK_OUT_OF_SPACE
2019-07-14 16:53:52,023 [pool-47-thread-9] INFO  keyvalue.KeyValueHandler (ContainerUtils.java:logAndReturnError(146)) - Operation: CreateContainer : Trace ID: cc6c1d2f3d292192:cc6c1d2f3d292192:0:0 : Message: Container creation failed, due to disk out of space : Result: DISK_OUT_OF_SPACE
2019-07-14 16:53:52,024 [pool-68-thread-9] INFO  keyvalue.KeyValueHandler (ContainerUtils.java:logAndReturnError(146)) - Operation: CreateContainer : Trace ID: cc6c1d2f3d292192:cc6c1d2f3d292192:0:0 : Message: Container creation failed, due to disk out of space : Result: DISK_OUT_OF_SPACE
16:53:52.024 [pool-47-thread-9] ERROR DNAudit - user=null | ip=null | op=WRITE_CHUNK {blockData=conID: 3 locID: 102440844130844692 bcsId: 0} | ret=FAILURE
org.apache.hadoop.hdds.scm.container.common.helpers.StorageContainerException: ContainerID 3 creation failed
	at org.apache.hadoop.ozone.container.common.impl.HddsDispatcher.dispatchRequest(HddsDispatcher.java:227) ~[hadoop-hdds-container-service-0.5.0-SNAPSHOT.jar:?]
	at org.apache.hadoop.ozone.container.common.impl.HddsDispatcher.dispatch(HddsDispatcher.java:148) ~[hadoop-hdds-container-service-0.5.0-SNAPSHOT.jar:?]
	at org.apache.hadoop.ozone.container.common.transport.server.ratis.ContainerStateMachine.dispatchCommand(ContainerStateMachine.java:357) ~[hadoop-hdds-container-service-0.5.0-SNAPSHOT.jar:?]
	at org.apache.hadoop.ozone.container.common.transport.server.ratis.ContainerStateMachine.runCommand(ContainerStateMachine.java:364) ~[hadoop-hdds-container-service-0.5.0-SNAPSHOT.jar:?]
	at org.apache.hadoop.ozone.container.common.transport.server.ratis.ContainerStateMachine.lambda$handleWriteChunk$0(ContainerStateMachine.java:395) ~[hadoop-hdds-container-service-0.5.0-SNAPSHOT.jar:?]
	at java.util.concurrent.CompletableFuture$AsyncSupply.run(CompletableFuture.java:1590) [?:1.8.0_212]
	at java.util.concurrent.ThreadPoolExecutor.runWorker(ThreadPoolExecutor.java:1149) [?:1.8.0_212]
	at java.util.concurrent.ThreadPoolExecutor$Worker.run(ThreadPoolExecutor.java:624) [?:1.8.0_212]
	at java.lang.Thread.run(Thread.java:748) [?:1.8.0_212]
2019-07-14 16:53:52,024 [pool-47-thread-9] INFO  impl.HddsDispatcher (ContainerUtils.java:logAndReturnError(146)) - Operation: WriteChunk : Trace ID: cc6c1d2f3d292192:cc6c1d2f3d292192:0:0 : Message: ContainerID 3 creation failed : Result: DISK_OUT_OF_SPACE
16:53:52.024 [pool-68-thread-9] ERROR DNAudit - user=null | ip=null | op=WRITE_CHUNK {blockData=conID: 3 locID: 102440844130844692 bcsId: 0} | ret=FAILURE
org.apache.hadoop.hdds.scm.container.common.helpers.StorageContainerException: ContainerID 3 creation failed
	at org.apache.hadoop.ozone.container.common.impl.HddsDispatcher.dispatchRequest(HddsDispatcher.java:227) ~[hadoop-hdds-container-service-0.5.0-SNAPSHOT.jar:?]
	at org.apache.hadoop.ozone.container.common.impl.HddsDispatcher.dispatch(HddsDispatcher.java:148) ~[hadoop-hdds-container-service-0.5.0-SNAPSHOT.jar:?]
	at org.apache.hadoop.ozone.container.common.transport.server.ratis.ContainerStateMachine.dispatchCommand(ContainerStateMachine.java:357) ~[hadoop-hdds-container-service-0.5.0-SNAPSHOT.jar:?]
	at org.apache.hadoop.ozone.container.common.transport.server.ratis.ContainerStateMachine.runCommand(ContainerStateMachine.java:364) ~[hadoop-hdds-container-service-0.5.0-SNAPSHOT.jar:?]
	at org.apache.hadoop.ozone.container.common.transport.server.ratis.ContainerStateMachine.lambda$handleWriteChunk$0(ContainerStateMachine.java:395) ~[hadoop-hdds-container-service-0.5.0-SNAPSHOT.jar:?]
	at java.util.concurrent.CompletableFuture$AsyncSupply.run(CompletableFuture.java:1590) [?:1.8.0_212]
	at java.util.concurrent.ThreadPoolExecutor.runWorker(ThreadPoolExecutor.java:1149) [?:1.8.0_212]
	at java.util.concurrent.ThreadPoolExecutor$Worker.run(ThreadPoolExecutor.java:624) [?:1.8.0_212]
	at java.lang.Thread.run(Thread.java:748) [?:1.8.0_212]
2019-07-14 16:53:52,025 [pool-68-thread-9] INFO  impl.HddsDispatcher (ContainerUtils.java:logAndReturnError(146)) - Operation: WriteChunk : Trace ID: cc6c1d2f3d292192:cc6c1d2f3d292192:0:0 : Message: ContainerID 3 creation failed : Result: DISK_OUT_OF_SPACE
16:53:52.038 [pool-93-thread-1] ERROR DNAudit - user=null | ip=null | op=WRITE_CHUNK {blockData=conID: 3 locID: 102440844130844692 bcsId: 0} | ret=FAILURE
org.apache.hadoop.hdds.scm.container.common.helpers.StorageContainerException: ContainerID 3 does not exist
	at org.apache.hadoop.ozone.container.common.impl.HddsDispatcher.dispatchRequest(HddsDispatcher.java:242) ~[hadoop-hdds-container-service-0.5.0-SNAPSHOT.jar:?]
	at org.apache.hadoop.ozone.container.common.impl.HddsDispatcher.dispatch(HddsDispatcher.java:148) ~[hadoop-hdds-container-service-0.5.0-SNAPSHOT.jar:?]
	at org.apache.hadoop.ozone.container.common.transport.server.ratis.ContainerStateMachine.dispatchCommand(ContainerStateMachine.java:357) ~[hadoop-hdds-container-service-0.5.0-SNAPSHOT.jar:?]
	at org.apache.hadoop.ozone.container.common.transport.server.ratis.ContainerStateMachine.runCommand(ContainerStateMachine.java:364) ~[hadoop-hdds-container-service-0.5.0-SNAPSHOT.jar:?]
	at org.apache.hadoop.ozone.container.common.transport.server.ratis.ContainerStateMachine.lambda$applyTransaction$5(ContainerStateMachine.java:630) ~[hadoop-hdds-container-service-0.5.0-SNAPSHOT.jar:?]
	at java.util.concurrent.CompletableFuture$AsyncSupply.run(CompletableFuture.java:1590) [?:1.8.0_212]
	at java.util.concurrent.ThreadPoolExecutor.runWorker(ThreadPoolExecutor.java:1149) [?:1.8.0_212]
	at java.util.concurrent.ThreadPoolExecutor$Worker.run(ThreadPoolExecutor.java:624) [?:1.8.0_212]
	at java.lang.Thread.run(Thread.java:748) [?:1.8.0_212]
2019-07-14 16:53:52,039 [pool-93-thread-1] INFO  impl.HddsDispatcher (ContainerUtils.java:logAndReturnError(146)) - Operation: WriteChunk : Trace ID: cc6c1d2f3d292192:cc6c1d2f3d292192:0:0 : Message: ContainerID 3 does not exist : Result: CONTAINER_NOT_FOUND
2019-07-14 16:53:52,047 [pool-136-thread-1] ERROR storage.BlockOutputStream (BlockOutputStream.java:validateResponse(539)) - Unexpected Storage Container Exception: 
org.apache.hadoop.hdds.scm.container.common.helpers.StorageContainerException: ContainerID 3 does not exist
	at org.apache.hadoop.hdds.scm.storage.ContainerProtocolCalls.validateContainerResponse(ContainerProtocolCalls.java:536)
	at org.apache.hadoop.hdds.scm.storage.BlockOutputStream.validateResponse(BlockOutputStream.java:537)
	at org.apache.hadoop.hdds.scm.storage.BlockOutputStream.lambda$writeChunkToContainer$2(BlockOutputStream.java:615)
	at java.util.concurrent.CompletableFuture.uniApply(CompletableFuture.java:602)
	at java.util.concurrent.CompletableFuture$UniApply.tryFire(CompletableFuture.java:577)
	at java.util.concurrent.CompletableFuture$Completion.run(CompletableFuture.java:442)
	at java.util.concurrent.ThreadPoolExecutor.runWorker(ThreadPoolExecutor.java:1149)
	at java.util.concurrent.ThreadPoolExecutor$Worker.run(ThreadPoolExecutor.java:624)
	at java.lang.Thread.run(Thread.java:748)
16:53:52.050 [pool-51-thread-1] ERROR DNAudit - user=null | ip=null | op=WRITE_CHUNK {blockData=conID: 3 locID: 102440844130844692 bcsId: 0} | ret=FAILURE
org.apache.hadoop.hdds.scm.container.common.helpers.StorageContainerException: ContainerID 3 does not exist
	at org.apache.hadoop.ozone.container.common.impl.HddsDispatcher.dispatchRequest(HddsDispatcher.java:242) ~[hadoop-hdds-container-service-0.5.0-SNAPSHOT.jar:?]
	at org.apache.hadoop.ozone.container.common.impl.HddsDispatcher.dispatch(HddsDispatcher.java:148) ~[hadoop-hdds-container-service-0.5.0-SNAPSHOT.jar:?]
	at org.apache.hadoop.ozone.container.common.transport.server.ratis.ContainerStateMachine.dispatchCommand(ContainerStateMachine.java:357) ~[hadoop-hdds-container-service-0.5.0-SNAPSHOT.jar:?]
	at org.apache.hadoop.ozone.container.common.transport.server.ratis.ContainerStateMachine.runCommand(ContainerStateMachine.java:364) ~[hadoop-hdds-container-service-0.5.0-SNAPSHOT.jar:?]
	at org.apache.hadoop.ozone.container.common.transport.server.ratis.ContainerStateMachine.lambda$applyTransaction$5(ContainerStateMachine.java:630) ~[hadoop-hdds-container-service-0.5.0-SNAPSHOT.jar:?]
	at java.util.concurrent.CompletableFuture$AsyncSupply.run(CompletableFuture.java:1590) [?:1.8.0_212]
	at java.util.concurrent.ThreadPoolExecutor.runWorker(ThreadPoolExecutor.java:1149) [?:1.8.0_212]
	at java.util.concurrent.ThreadPoolExecutor$Worker.run(ThreadPoolExecutor.java:624) [?:1.8.0_212]
	at java.lang.Thread.run(Thread.java:748) [?:1.8.0_212]
2019-07-14 16:53:52,050 [pool-51-thread-1] INFO  impl.HddsDispatcher (ContainerUtils.java:logAndReturnError(146)) - Operation: WriteChunk : Trace ID: cc6c1d2f3d292192:cc6c1d2f3d292192:0:0 : Message: ContainerID 3 does not exist : Result: CONTAINER_NOT_FOUND
16:53:52.051 [pool-72-thread-1] ERROR DNAudit - user=null | ip=null | op=WRITE_CHUNK {blockData=conID: 3 locID: 102440844130844692 bcsId: 0} | ret=FAILURE
org.apache.hadoop.hdds.scm.container.common.helpers.StorageContainerException: ContainerID 3 does not exist
	at org.apache.hadoop.ozone.container.common.impl.HddsDispatcher.dispatchRequest(HddsDispatcher.java:242) ~[hadoop-hdds-container-service-0.5.0-SNAPSHOT.jar:?]
	at org.apache.hadoop.ozone.container.common.impl.HddsDispatcher.dispatch(HddsDispatcher.java:148) ~[hadoop-hdds-container-service-0.5.0-SNAPSHOT.jar:?]
	at org.apache.hadoop.ozone.container.common.transport.server.ratis.ContainerStateMachine.dispatchCommand(ContainerStateMachine.java:357) ~[hadoop-hdds-container-service-0.5.0-SNAPSHOT.jar:?]
	at org.apache.hadoop.ozone.container.common.transport.server.ratis.ContainerStateMachine.runCommand(ContainerStateMachine.java:364) ~[hadoop-hdds-container-service-0.5.0-SNAPSHOT.jar:?]
	at org.apache.hadoop.ozone.container.common.transport.server.ratis.ContainerStateMachine.lambda$applyTransaction$5(ContainerStateMachine.java:630) ~[hadoop-hdds-container-service-0.5.0-SNAPSHOT.jar:?]
	at java.util.concurrent.CompletableFuture$AsyncSupply.run(CompletableFuture.java:1590) [?:1.8.0_212]
	at java.util.concurrent.ThreadPoolExecutor.runWorker(ThreadPoolExecutor.java:1149) [?:1.8.0_212]
	at java.util.concurrent.ThreadPoolExecutor$Worker.run(ThreadPoolExecutor.java:624) [?:1.8.0_212]
	at java.lang.Thread.run(Thread.java:748) [?:1.8.0_212]
2019-07-14 16:53:52,051 [pool-72-thread-1] INFO  impl.HddsDispatcher (ContainerUtils.java:logAndReturnError(146)) - Operation: WriteChunk : Trace ID: cc6c1d2f3d292192:cc6c1d2f3d292192:0:0 : Message: ContainerID 3 does not exist : Result: CONTAINER_NOT_FOUND
16:53:52.064 [pool-93-thread-1] ERROR DNAudit - user=null | ip=null | op=PUT_BLOCK {blockData=[blockId=conID: 3 locID: 102440844130844692 bcsId: 0,size=256]} | ret=FAILURE
org.apache.hadoop.hdds.scm.container.common.helpers.StorageContainerException: ContainerID 3 does not exist
	at org.apache.hadoop.ozone.container.common.impl.HddsDispatcher.dispatchRequest(HddsDispatcher.java:242) ~[hadoop-hdds-container-service-0.5.0-SNAPSHOT.jar:?]
	at org.apache.hadoop.ozone.container.common.impl.HddsDispatcher.dispatch(HddsDispatcher.java:148) ~[hadoop-hdds-container-service-0.5.0-SNAPSHOT.jar:?]
	at org.apache.hadoop.ozone.container.common.transport.server.ratis.ContainerStateMachine.dispatchCommand(ContainerStateMachine.java:357) ~[hadoop-hdds-container-service-0.5.0-SNAPSHOT.jar:?]
	at org.apache.hadoop.ozone.container.common.transport.server.ratis.ContainerStateMachine.runCommand(ContainerStateMachine.java:364) ~[hadoop-hdds-container-service-0.5.0-SNAPSHOT.jar:?]
	at org.apache.hadoop.ozone.container.common.transport.server.ratis.ContainerStateMachine.lambda$applyTransaction$5(ContainerStateMachine.java:630) ~[hadoop-hdds-container-service-0.5.0-SNAPSHOT.jar:?]
	at java.util.concurrent.CompletableFuture$AsyncSupply.run(CompletableFuture.java:1590) [?:1.8.0_212]
	at java.util.concurrent.ThreadPoolExecutor.runWorker(ThreadPoolExecutor.java:1149) [?:1.8.0_212]
	at java.util.concurrent.ThreadPoolExecutor$Worker.run(ThreadPoolExecutor.java:624) [?:1.8.0_212]
	at java.lang.Thread.run(Thread.java:748) [?:1.8.0_212]
2019-07-14 16:53:52,065 [pool-93-thread-1] INFO  impl.HddsDispatcher (ContainerUtils.java:logAndReturnError(146)) - Operation: PutBlock : Trace ID: 2b6505ea2a694132:2b6505ea2a694132:0:0 : Message: ContainerID 3 does not exist : Result: CONTAINER_NOT_FOUND
16:53:52.082 [pool-51-thread-1] ERROR DNAudit - user=null | ip=null | op=PUT_BLOCK {blockData=[blockId=conID: 3 locID: 102440844130844692 bcsId: 0,size=256]} | ret=FAILURE
org.apache.hadoop.hdds.scm.container.common.helpers.StorageContainerException: ContainerID 3 does not exist
	at org.apache.hadoop.ozone.container.common.impl.HddsDispatcher.dispatchRequest(HddsDispatcher.java:242) ~[hadoop-hdds-container-service-0.5.0-SNAPSHOT.jar:?]
	at org.apache.hadoop.ozone.container.common.impl.HddsDispatcher.dispatch(HddsDispatcher.java:148) ~[hadoop-hdds-container-service-0.5.0-SNAPSHOT.jar:?]
	at org.apache.hadoop.ozone.container.common.transport.server.ratis.ContainerStateMachine.dispatchCommand(ContainerStateMachine.java:357) ~[hadoop-hdds-container-service-0.5.0-SNAPSHOT.jar:?]
	at org.apache.hadoop.ozone.container.common.transport.server.ratis.ContainerStateMachine.runCommand(ContainerStateMachine.java:364) ~[hadoop-hdds-container-service-0.5.0-SNAPSHOT.jar:?]
	at org.apache.hadoop.ozone.container.common.transport.server.ratis.ContainerStateMachine.lambda$applyTransaction$5(ContainerStateMachine.java:630) ~[hadoop-hdds-container-service-0.5.0-SNAPSHOT.jar:?]
	at java.util.concurrent.CompletableFuture$AsyncSupply.run(CompletableFuture.java:1590) [?:1.8.0_212]
	at java.util.concurrent.ThreadPoolExecutor.runWorker(ThreadPoolExecutor.java:1149) [?:1.8.0_212]
	at java.util.concurrent.ThreadPoolExecutor$Worker.run(ThreadPoolExecutor.java:624) [?:1.8.0_212]
	at java.lang.Thread.run(Thread.java:748) [?:1.8.0_212]
16:53:52.082 [pool-72-thread-1] ERROR DNAudit - user=null | ip=null | op=PUT_BLOCK {blockData=[blockId=conID: 3 locID: 102440844130844692 bcsId: 0,size=256]} | ret=FAILURE
org.apache.hadoop.hdds.scm.container.common.helpers.StorageContainerException: ContainerID 3 does not exist
	at org.apache.hadoop.ozone.container.common.impl.HddsDispatcher.dispatchRequest(HddsDispatcher.java:242) ~[hadoop-hdds-container-service-0.5.0-SNAPSHOT.jar:?]
	at org.apache.hadoop.ozone.container.common.impl.HddsDispatcher.dispatch(HddsDispatcher.java:148) ~[hadoop-hdds-container-service-0.5.0-SNAPSHOT.jar:?]
	at org.apache.hadoop.ozone.container.common.transport.server.ratis.ContainerStateMachine.dispatchCommand(ContainerStateMachine.java:357) ~[hadoop-hdds-container-service-0.5.0-SNAPSHOT.jar:?]
	at org.apache.hadoop.ozone.container.common.transport.server.ratis.ContainerStateMachine.runCommand(ContainerStateMachine.java:364) ~[hadoop-hdds-container-service-0.5.0-SNAPSHOT.jar:?]
	at org.apache.hadoop.ozone.container.common.transport.server.ratis.ContainerStateMachine.lambda$applyTransaction$5(ContainerStateMachine.java:630) ~[hadoop-hdds-container-service-0.5.0-SNAPSHOT.jar:?]
	at java.util.concurrent.CompletableFuture$AsyncSupply.run(CompletableFuture.java:1590) [?:1.8.0_212]
	at java.util.concurrent.ThreadPoolExecutor.runWorker(ThreadPoolExecutor.java:1149) [?:1.8.0_212]
	at java.util.concurrent.ThreadPoolExecutor$Worker.run(ThreadPoolExecutor.java:624) [?:1.8.0_212]
	at java.lang.Thread.run(Thread.java:748) [?:1.8.0_212]
2019-07-14 16:53:52,082 [pool-51-thread-1] INFO  impl.HddsDispatcher (ContainerUtils.java:logAndReturnError(146)) - Operation: PutBlock : Trace ID: 2b6505ea2a694132:2b6505ea2a694132:0:0 : Message: ContainerID 3 does not exist : Result: CONTAINER_NOT_FOUND
2019-07-14 16:53:52,082 [pool-72-thread-1] INFO  impl.HddsDispatcher (ContainerUtils.java:logAndReturnError(146)) - Operation: PutBlock : Trace ID: 2b6505ea2a694132:2b6505ea2a694132:0:0 : Message: ContainerID 3 does not exist : Result: CONTAINER_NOT_FOUND
]]></system-out>
  </testcase>
</testsuite>