<?xml version="1.0" encoding="UTF-8"?>
<testsuite xmlns:xsi="http://www.w3.org/2001/XMLSchema-instance" xsi:noNamespaceSchemaLocation="https://maven.apache.org/surefire/maven-surefire-plugin/xsd/surefire-test-report.xsd" name="org.apache.hadoop.ozone.client.rpc.TestBlockOutputStream" time="624.79" tests="6" errors="0" skipped="0" failures="3">
  <properties>
    <property name="awt.toolkit" value="sun.awt.X11.XToolkit"/>
    <property name="file.encoding.pkg" value="sun.io"/>
    <property name="java.specification.version" value="1.8"/>
    <property name="sun.cpu.isalist" value=""/>
    <property name="sun.jnu.encoding" value="UTF-8"/>
    <property name="java.class.path" value="/workdir/hadoop-ozone/integration-test/target/test-classes:/workdir/hadoop-ozone/integration-test/target/classes:/home/user/.m2/repository/org/apache/hadoop/hadoop-ozone-common/0.5.0-SNAPSHOT/hadoop-ozone-common-0.5.0-SNAPSHOT.jar:/home/user/.m2/repository/org/apache/commons/commons-compress/1.4.1/commons-compress-1.4.1.jar:/home/user/.m2/repository/org/tukaani/xz/1.0/xz-1.0.jar:/home/user/.m2/repository/org/apache/hadoop/hadoop-common/3.2.0/hadoop-common-3.2.0.jar:/home/user/.m2/repository/org/apache/hadoop/hadoop-hdfs/3.2.0/hadoop-hdfs-3.2.0.jar:/home/user/.m2/repository/org/apache/hadoop/hadoop-hdfs-client/3.2.0/hadoop-hdfs-client-3.2.0.jar:/home/user/.m2/repository/com/fasterxml/jackson/core/jackson-annotations/2.9.5/jackson-annotations-2.9.5.jar:/home/user/.m2/repository/org/apache/hadoop/hadoop-hdds-common/0.5.0-SNAPSHOT/hadoop-hdds-common-0.5.0-SNAPSHOT.jar:/home/user/.m2/repository/javax/annotation/javax.annotation-api/1.2/javax.annotation-api-1.2.jar:/home/user/.m2/repository/org/apache/ratis/ratis-server/0.4.0-78e95b9-SNAPSHOT/ratis-server-0.4.0-78e95b9-SNAPSHOT.jar:/home/user/.m2/repository/org/apache/ratis/ratis-thirdparty-misc/0.2.0/ratis-thirdparty-misc-0.2.0.jar:/home/user/.m2/repository/org/apache/ratis/ratis-proto/0.4.0-78e95b9-SNAPSHOT/ratis-proto-0.4.0-78e95b9-SNAPSHOT.jar:/home/user/.m2/repository/org/apache/ratis/ratis-common/0.4.0-78e95b9-SNAPSHOT/ratis-common-0.4.0-78e95b9-SNAPSHOT.jar:/home/user/.m2/repository/org/apache/ratis/ratis-client/0.4.0-78e95b9-SNAPSHOT/ratis-client-0.4.0-78e95b9-SNAPSHOT.jar:/home/user/.m2/repository/org/apache/ratis/ratis-metrics/0.4.0-78e95b9-SNAPSHOT/ratis-metrics-0.4.0-78e95b9-SNAPSHOT.jar:/home/user/.m2/repository/com/github/joshelser/dropwizard-metrics-hadoop-metrics2-reporter/0.1.2/dropwizard-metrics-hadoop-metrics2-reporter-0.1.2.jar:/home/user/.m2/repository/io/dropwizard/metrics/metrics-jvm/3.2.5/metrics-jvm-3.2.5.jar:/home/user/.m2/repository/io/dropwizard/metrics/metrics-ganglia/3.2.5/metrics-ganglia-3.2.5.jar:/home/user/.m2/repository/info/ganglia/gmetric4j/gmetric4j/1.0.7/gmetric4j-1.0.7.jar:/home/user/.m2/repository/org/apache/ratis/ratis-netty/0.4.0-78e95b9-SNAPSHOT/ratis-netty-0.4.0-78e95b9-SNAPSHOT.jar:/home/user/.m2/repository/org/apache/ratis/ratis-grpc/0.4.0-78e95b9-SNAPSHOT/ratis-grpc-0.4.0-78e95b9-SNAPSHOT.jar:/home/user/.m2/repository/org/rocksdb/rocksdbjni/6.0.1/rocksdbjni-6.0.1.jar:/home/user/.m2/repository/org/apache/logging/log4j/log4j-api/2.11.0/log4j-api-2.11.0.jar:/home/user/.m2/repository/org/apache/logging/log4j/log4j-core/2.11.0/log4j-core-2.11.0.jar:/home/user/.m2/repository/com/lmax/disruptor/3.4.2/disruptor-3.4.2.jar:/home/user/.m2/repository/org/apache/commons/commons-pool2/2.6.0/commons-pool2-2.6.0.jar:/home/user/.m2/repository/org/bouncycastle/bcpkix-jdk15on/1.60/bcpkix-jdk15on-1.60.jar:/home/user/.m2/repository/commons-validator/commons-validator/1.6/commons-validator-1.6.jar:/home/user/.m2/repository/commons-digester/commons-digester/1.8.1/commons-digester-1.8.1.jar:/home/user/.m2/repository/io/jaegertracing/jaeger-client/0.33.1/jaeger-client-0.33.1.jar:/home/user/.m2/repository/io/jaegertracing/jaeger-thrift/0.33.1/jaeger-thrift-0.33.1.jar:/home/user/.m2/repository/org/apache/thrift/libthrift/0.11.0/libthrift-0.11.0.jar:/home/user/.m2/repository/com/squareup/okhttp3/okhttp/3.9.0/okhttp-3.9.0.jar:/home/user/.m2/repository/com/squareup/okio/okio/1.13.0/okio-1.13.0.jar:/home/user/.m2/repository/io/jaegertracing/jaeger-core/0.33.1/jaeger-core-0.33.1.jar:/home/user/.m2/repository/io/jaegertracing/jaeger-tracerresolver/0.33.1/jaeger-tracerresolver-0.33.1.jar:/home/user/.m2/repository/io/opentracing/contrib/opentracing-tracerresolver/0.1.5/opentracing-tracerresolver-0.1.5.jar:/home/user/.m2/repository/io/opentracing/opentracing-util/0.31.0/opentracing-util-0.31.0.jar:/home/user/.m2/repository/io/opentracing/opentracing-api/0.31.0/opentracing-api-0.31.0.jar:/home/user/.m2/repository/io/opentracing/opentracing-noop/0.31.0/opentracing-noop-0.31.0.jar:/home/user/.m2/repository/org/apache/hadoop/hadoop-hdds-server-framework/0.5.0-SNAPSHOT/hadoop-hdds-server-framework-0.5.0-SNAPSHOT.jar:/home/user/.m2/repository/org/apache/hadoop/hadoop-hdds-container-service/0.5.0-SNAPSHOT/hadoop-hdds-container-service-0.5.0-SNAPSHOT.jar:/home/user/.m2/repository/org/apache/hadoop/hadoop-hdds-client/0.5.0-SNAPSHOT/hadoop-hdds-client-0.5.0-SNAPSHOT.jar:/home/user/.m2/repository/org/apache/hadoop/hadoop-hdds-tools/0.5.0-SNAPSHOT/hadoop-hdds-tools-0.5.0-SNAPSHOT.jar:/home/user/.m2/repository/org/apache/hadoop/hadoop-hdds-server-scm/0.5.0-SNAPSHOT/hadoop-hdds-server-scm-0.5.0-SNAPSHOT.jar:/home/user/.m2/repository/org/apache/hadoop/hadoop-hdds-docs/0.5.0-SNAPSHOT/hadoop-hdds-docs-0.5.0-SNAPSHOT.jar:/home/user/.m2/repository/io/dropwizard/metrics/metrics-core/3.2.4/metrics-core-3.2.4.jar:/home/user/.m2/repository/org/hamcrest/hamcrest-all/1.3/hamcrest-all-1.3.jar:/home/user/.m2/repository/org/bouncycastle/bcprov-jdk15on/1.60/bcprov-jdk15on-1.60.jar:/home/user/.m2/repository/info/picocli/picocli/3.9.6/picocli-3.9.6.jar:/home/user/.m2/repository/com/google/protobuf/protobuf-java/2.5.0/protobuf-java-2.5.0.jar:/home/user/.m2/repository/com/google/guava/guava/11.0.2/guava-11.0.2.jar:/home/user/.m2/repository/org/apache/hadoop/hadoop-ozone-ozone-manager/0.5.0-SNAPSHOT/hadoop-ozone-ozone-manager-0.5.0-SNAPSHOT.jar:/home/user/.m2/repository/org/apache/hadoop/hadoop-minikdc/3.2.0/hadoop-minikdc-3.2.0.jar:/home/user/.m2/repository/commons-io/commons-io/2.5/commons-io-2.5.jar:/home/user/.m2/repository/org/apache/kerby/kerb-simplekdc/1.0.1/kerb-simplekdc-1.0.1.jar:/home/user/.m2/repository/org/apache/kerby/kerb-client/1.0.1/kerb-client-1.0.1.jar:/home/user/.m2/repository/org/apache/kerby/kerby-config/1.0.1/kerby-config-1.0.1.jar:/home/user/.m2/repository/org/apache/kerby/kerb-core/1.0.1/kerb-core-1.0.1.jar:/home/user/.m2/repository/org/apache/kerby/kerby-pkix/1.0.1/kerby-pkix-1.0.1.jar:/home/user/.m2/repository/org/apache/kerby/kerby-asn1/1.0.1/kerby-asn1-1.0.1.jar:/home/user/.m2/repository/org/apache/kerby/kerby-util/1.0.1/kerby-util-1.0.1.jar:/home/user/.m2/repository/org/apache/kerby/kerb-common/1.0.1/kerb-common-1.0.1.jar:/home/user/.m2/repository/org/apache/kerby/kerb-crypto/1.0.1/kerb-crypto-1.0.1.jar:/home/user/.m2/repository/org/apache/kerby/kerb-util/1.0.1/kerb-util-1.0.1.jar:/home/user/.m2/repository/org/apache/kerby/token-provider/1.0.1/token-provider-1.0.1.jar:/home/user/.m2/repository/org/apache/kerby/kerb-admin/1.0.1/kerb-admin-1.0.1.jar:/home/user/.m2/repository/org/apache/kerby/kerb-server/1.0.1/kerb-server-1.0.1.jar:/home/user/.m2/repository/org/apache/kerby/kerb-identity/1.0.1/kerb-identity-1.0.1.jar:/home/user/.m2/repository/org/apache/kerby/kerby-xdr/1.0.1/kerby-xdr-1.0.1.jar:/home/user/.m2/repository/org/slf4j/slf4j-log4j12/1.7.25/slf4j-log4j12-1.7.25.jar:/home/user/.m2/repository/org/apache/hadoop/hadoop-ozone-s3gateway/0.5.0-SNAPSHOT/hadoop-ozone-s3gateway-0.5.0-SNAPSHOT.jar:/home/user/.m2/repository/org/jboss/weld/servlet/weld-servlet/2.4.7.Final/weld-servlet-2.4.7.Final.jar:/home/user/.m2/repository/org/glassfish/jersey/containers/jersey-container-servlet-core/2.27/jersey-container-servlet-core-2.27.jar:/home/user/.m2/repository/org/glassfish/hk2/external/javax.inject/2.5.0-b42/javax.inject-2.5.0-b42.jar:/home/user/.m2/repository/org/glassfish/jersey/core/jersey-common/2.27/jersey-common-2.27.jar:/home/user/.m2/repository/org/glassfish/hk2/osgi-resource-locator/1.0.1/osgi-resource-locator-1.0.1.jar:/home/user/.m2/repository/javax/ws/rs/javax.ws.rs-api/2.1/javax.ws.rs-api-2.1.jar:/home/user/.m2/repository/org/glassfish/jersey/ext/cdi/jersey-cdi1x/2.27/jersey-cdi1x-2.27.jar:/home/user/.m2/repository/org/glassfish/jersey/inject/jersey-hk2/2.27/jersey-hk2-2.27.jar:/home/user/.m2/repository/org/glassfish/hk2/hk2-locator/2.5.0-b42/hk2-locator-2.5.0-b42.jar:/home/user/.m2/repository/org/javassist/javassist/3.22.0-CR2/javassist-3.22.0-CR2.jar:/home/user/.m2/repository/org/glassfish/hk2/hk2-api/2.5.0/hk2-api-2.5.0.jar:/home/user/.m2/repository/org/glassfish/hk2/external/jakarta.inject/2.5.0/jakarta.inject-2.5.0.jar:/home/user/.m2/repository/org/glassfish/hk2/hk2-utils/2.5.0/hk2-utils-2.5.0.jar:/home/user/.m2/repository/jakarta/annotation/jakarta.annotation-api/1.3.4/jakarta.annotation-api-1.3.4.jar:/home/user/.m2/repository/org/glassfish/hk2/external/aopalliance-repackaged/2.5.0/aopalliance-repackaged-2.5.0.jar:/home/user/.m2/repository/com/fasterxml/jackson/dataformat/jackson-dataformat-xml/2.9.0/jackson-dataformat-xml-2.9.0.jar:/home/user/.m2/repository/com/fasterxml/jackson/core/jackson-core/2.9.5/jackson-core-2.9.5.jar:/home/user/.m2/repository/com/fasterxml/jackson/module/jackson-module-jaxb-annotations/2.9.5/jackson-module-jaxb-annotations-2.9.5.jar:/home/user/.m2/repository/javax/enterprise/cdi-api/1.2/cdi-api-1.2.jar:/home/user/.m2/repository/javax/el/javax.el-api/3.0.0/javax.el-api-3.0.0.jar:/home/user/.m2/repository/javax/interceptor/javax.interceptor-api/1.2/javax.interceptor-api-1.2.jar:/home/user/.m2/repository/javax/inject/javax.inject/1/javax.inject-1.jar:/home/user/.m2/repository/com/sun/xml/bind/jaxb-impl/2.3.0.1/jaxb-impl-2.3.0.1.jar:/home/user/.m2/repository/com/sun/xml/bind/jaxb-core/2.3.0.1/jaxb-core-2.3.0.1.jar:/home/user/.m2/repository/javax/xml/bind/jaxb-api/2.3.0/jaxb-api-2.3.0.jar:/home/user/.m2/repository/javax/activation/activation/1.1.1/activation-1.1.1.jar:/home/user/.m2/repository/org/apache/hadoop/hadoop-ozone-csi/0.5.0-SNAPSHOT/hadoop-ozone-csi-0.5.0-SNAPSHOT.jar:/home/user/.m2/repository/com/google/protobuf/protobuf-java-util/3.5.1/protobuf-java-util-3.5.1.jar:/home/user/.m2/repository/org/apache/hadoop/hadoop-hdds-config/0.5.0-SNAPSHOT/hadoop-hdds-config-0.5.0-SNAPSHOT.jar:/home/user/.m2/repository/io/grpc/grpc-netty/1.17.1/grpc-netty-1.17.1.jar:/home/user/.m2/repository/io/grpc/grpc-core/1.17.1/grpc-core-1.17.1.jar:/home/user/.m2/repository/io/grpc/grpc-context/1.17.1/grpc-context-1.17.1.jar:/home/user/.m2/repository/com/google/errorprone/error_prone_annotations/2.2.0/error_prone_annotations-2.2.0.jar:/home/user/.m2/repository/org/codehaus/mojo/animal-sniffer-annotations/1.17/animal-sniffer-annotations-1.17.jar:/home/user/.m2/repository/io/opencensus/opencensus-api/0.17.0/opencensus-api-0.17.0.jar:/home/user/.m2/repository/io/opencensus/opencensus-contrib-grpc-metrics/0.17.0/opencensus-contrib-grpc-metrics-0.17.0.jar:/home/user/.m2/repository/io/netty/netty-codec-http2/4.1.30.Final/netty-codec-http2-4.1.30.Final.jar:/home/user/.m2/repository/io/netty/netty-codec-http/4.1.30.Final/netty-codec-http-4.1.30.Final.jar:/home/user/.m2/repository/io/netty/netty-codec/4.1.30.Final/netty-codec-4.1.30.Final.jar:/home/user/.m2/repository/io/netty/netty-handler/4.1.30.Final/netty-handler-4.1.30.Final.jar:/home/user/.m2/repository/io/netty/netty-handler-proxy/4.1.30.Final/netty-handler-proxy-4.1.30.Final.jar:/home/user/.m2/repository/io/netty/netty-codec-socks/4.1.30.Final/netty-codec-socks-4.1.30.Final.jar:/home/user/.m2/repository/io/netty/netty-transport-native-epoll/4.1.30.Final/netty-transport-native-epoll-4.1.30.Final.jar:/home/user/.m2/repository/io/netty/netty-common/4.1.30.Final/netty-common-4.1.30.Final.jar:/home/user/.m2/repository/io/netty/netty-buffer/4.1.30.Final/netty-buffer-4.1.30.Final.jar:/home/user/.m2/repository/io/netty/netty-transport/4.1.30.Final/netty-transport-4.1.30.Final.jar:/home/user/.m2/repository/io/netty/netty-resolver/4.1.30.Final/netty-resolver-4.1.30.Final.jar:/home/user/.m2/repository/io/netty/netty-transport-native-unix-common/4.1.30.Final/netty-transport-native-unix-common-4.1.30.Final.jar:/home/user/.m2/repository/io/grpc/grpc-protobuf/1.17.1/grpc-protobuf-1.17.1.jar:/home/user/.m2/repository/com/google/api/grpc/proto-google-common-protos/1.0.0/proto-google-common-protos-1.0.0.jar:/home/user/.m2/repository/io/grpc/grpc-protobuf-lite/1.17.1/grpc-protobuf-lite-1.17.1.jar:/home/user/.m2/repository/io/grpc/grpc-stub/1.17.1/grpc-stub-1.17.1.jar:/home/user/.m2/repository/org/apache/hadoop/hadoop-ozone-recon/0.5.0-SNAPSHOT/hadoop-ozone-recon-0.5.0-SNAPSHOT.jar:/home/user/.m2/repository/org/apache/hadoop/hadoop-ozone-reconcodegen/0.5.0-SNAPSHOT/hadoop-ozone-reconcodegen-0.5.0-SNAPSHOT.jar:/home/user/.m2/repository/com/google/inject/extensions/guice-multibindings/4.0/guice-multibindings-4.0.jar:/home/user/.m2/repository/com/google/inject/guice/4.0/guice-4.0.jar:/home/user/.m2/repository/aopalliance/aopalliance/1.0/aopalliance-1.0.jar:/home/user/.m2/repository/com/google/inject/extensions/guice-servlet/4.0/guice-servlet-4.0.jar:/home/user/.m2/repository/org/glassfish/jersey/containers/jersey-container-servlet/2.27/jersey-container-servlet-2.27.jar:/home/user/.m2/repository/org/glassfish/hk2/guice-bridge/2.5.0/guice-bridge-2.5.0.jar:/home/user/.m2/repository/org/glassfish/jersey/core/jersey-server/2.27/jersey-server-2.27.jar:/home/user/.m2/repository/org/glassfish/jersey/core/jersey-client/2.27/jersey-client-2.27.jar:/home/user/.m2/repository/org/glassfish/jersey/media/jersey-media-jaxb/2.27/jersey-media-jaxb-2.27.jar:/home/user/.m2/repository/javax/validation/validation-api/1.1.0.Final/validation-api-1.1.0.Final.jar:/home/user/.m2/repository/org/glassfish/jersey/media/jersey-media-json-jackson/2.27/jersey-media-json-jackson-2.27.jar:/home/user/.m2/repository/org/glassfish/jersey/ext/jersey-entity-filtering/2.27/jersey-entity-filtering-2.27.jar:/home/user/.m2/repository/com/google/inject/extensions/guice-assistedinject/4.0/guice-assistedinject-4.0.jar:/home/user/.m2/repository/org/jooq/jooq/3.11.10/jooq-3.11.10.jar:/home/user/.m2/repository/org/jooq/jooq-meta/3.11.10/jooq-meta-3.11.10.jar:/home/user/.m2/repository/org/jooq/jooq-codegen/3.11.10/jooq-codegen-3.11.10.jar:/home/user/.m2/repository/com/jolbox/bonecp/0.8.0.RELEASE/bonecp-0.8.0.RELEASE.jar:/home/user/.m2/repository/org/xerial/sqlite-jdbc/3.25.2/sqlite-jdbc-3.25.2.jar:/home/user/.m2/repository/org/springframework/spring-jdbc/5.1.3.RELEASE/spring-jdbc-5.1.3.RELEASE.jar:/home/user/.m2/repository/org/springframework/spring-beans/5.1.3.RELEASE/spring-beans-5.1.3.RELEASE.jar:/home/user/.m2/repository/org/springframework/spring-core/5.1.3.RELEASE/spring-core-5.1.3.RELEASE.jar:/home/user/.m2/repository/org/springframework/spring-jcl/5.1.3.RELEASE/spring-jcl-5.1.3.RELEASE.jar:/home/user/.m2/repository/org/springframework/spring-tx/5.1.3.RELEASE/spring-tx-5.1.3.RELEASE.jar:/home/user/.m2/repository/org/apache/hadoop/hadoop-ozone-client/0.5.0-SNAPSHOT/hadoop-ozone-client-0.5.0-SNAPSHOT.jar:/home/user/.m2/repository/commons-lang/commons-lang/2.6/commons-lang-2.6.jar:/home/user/.m2/repository/org/apache/hadoop/hadoop-ozone-ozone-manager/0.5.0-SNAPSHOT/hadoop-ozone-ozone-manager-0.5.0-SNAPSHOT-tests.jar:/home/user/.m2/repository/junit/junit/4.11/junit-4.11.jar:/home/user/.m2/repository/org/hamcrest/hamcrest-core/1.3/hamcrest-core-1.3.jar:/home/user/.m2/repository/org/openjdk/jmh/jmh-core/1.19/jmh-core-1.19.jar:/home/user/.m2/repository/net/sf/jopt-simple/jopt-simple/4.6/jopt-simple-4.6.jar:/home/user/.m2/repository/org/apache/commons/commons-math3/3.1.1/commons-math3-3.1.1.jar:/home/user/.m2/repository/org/openjdk/jmh/jmh-generator-annprocess/1.19/jmh-generator-annprocess-1.19.jar:/home/user/.m2/repository/org/mockito/mockito-all/1.8.5/mockito-all-1.8.5.jar:/home/user/.m2/repository/org/apache/hadoop/hadoop-kms/3.2.0/hadoop-kms-3.2.0.jar:/home/user/.m2/repository/org/apache/hadoop/hadoop-auth/3.2.0/hadoop-auth-3.2.0.jar:/home/user/.m2/repository/com/nimbusds/nimbus-jose-jwt/4.41.1/nimbus-jose-jwt-4.41.1.jar:/home/user/.m2/repository/com/github/stephenc/jcip/jcip-annotations/1.0-1/jcip-annotations-1.0-1.jar:/home/user/.m2/repository/net/minidev/json-smart/2.3/json-smart-2.3.jar:/home/user/.m2/repository/net/minidev/accessors-smart/1.2/accessors-smart-1.2.jar:/home/user/.m2/repository/org/ow2/asm/asm/5.0.4/asm-5.0.4.jar:/home/user/.m2/repository/org/apache/curator/curator-framework/2.12.0/curator-framework-2.12.0.jar:/home/user/.m2/repository/com/sun/jersey/jersey-core/1.19/jersey-core-1.19.jar:/home/user/.m2/repository/javax/ws/rs/jsr311-api/1.1.1/jsr311-api-1.1.1.jar:/home/user/.m2/repository/com/sun/jersey/jersey-server/1.19/jersey-server-1.19.jar:/home/user/.m2/repository/javax/servlet/javax.servlet-api/3.1.0/javax.servlet-api-3.1.0.jar:/home/user/.m2/repository/org/eclipse/jetty/jetty-server/9.3.24.v20180605/jetty-server-9.3.24.v20180605.jar:/home/user/.m2/repository/org/eclipse/jetty/jetty-http/9.3.24.v20180605/jetty-http-9.3.24.v20180605.jar:/home/user/.m2/repository/org/eclipse/jetty/jetty-io/9.3.24.v20180605/jetty-io-9.3.24.v20180605.jar:/home/user/.m2/repository/org/eclipse/jetty/jetty-webapp/9.3.24.v20180605/jetty-webapp-9.3.24.v20180605.jar:/home/user/.m2/repository/org/eclipse/jetty/jetty-xml/9.3.24.v20180605/jetty-xml-9.3.24.v20180605.jar:/home/user/.m2/repository/log4j/log4j/1.2.17/log4j-1.2.17.jar:/home/user/.m2/repository/org/slf4j/slf4j-api/1.7.25/slf4j-api-1.7.25.jar:/home/user/.m2/repository/org/slf4j/jul-to-slf4j/1.7.25/jul-to-slf4j-1.7.25.jar:/home/user/.m2/repository/org/eclipse/jetty/jetty-util/9.3.24.v20180605/jetty-util-9.3.24.v20180605.jar:/home/user/.m2/repository/com/fasterxml/jackson/core/jackson-databind/2.9.5/jackson-databind-2.9.5.jar:/home/user/.m2/repository/org/apache/hadoop/hadoop-kms/3.2.0/hadoop-kms-3.2.0-tests.jar:/home/user/.m2/repository/org/apache/hadoop/hadoop-hdds-server-scm/0.5.0-SNAPSHOT/hadoop-hdds-server-scm-0.5.0-SNAPSHOT-tests.jar:/home/user/.m2/repository/org/apache/hadoop/hadoop-hdds-container-service/0.5.0-SNAPSHOT/hadoop-hdds-container-service-0.5.0-SNAPSHOT-tests.jar:/home/user/.m2/repository/org/yaml/snakeyaml/1.16/snakeyaml-1.16.jar:/home/user/.m2/repository/org/apache/hadoop/hadoop-common/3.2.0/hadoop-common-3.2.0-tests.jar:/home/user/.m2/repository/org/apache/hadoop/hadoop-annotations/3.2.0/hadoop-annotations-3.2.0.jar:/usr/lib/jvm/java-1.8-openjdk/jre/../lib/tools.jar:/home/user/.m2/repository/commons-cli/commons-cli/1.2/commons-cli-1.2.jar:/home/user/.m2/repository/org/apache/httpcomponents/httpclient/4.5.2/httpclient-4.5.2.jar:/home/user/.m2/repository/org/apache/httpcomponents/httpcore/4.4.4/httpcore-4.4.4.jar:/home/user/.m2/repository/commons-codec/commons-codec/1.11/commons-codec-1.11.jar:/home/user/.m2/repository/commons-net/commons-net/3.6/commons-net-3.6.jar:/home/user/.m2/repository/commons-collections/commons-collections/3.2.2/commons-collections-3.2.2.jar:/home/user/.m2/repository/org/eclipse/jetty/jetty-servlet/9.3.24.v20180605/jetty-servlet-9.3.24.v20180605.jar:/home/user/.m2/repository/org/eclipse/jetty/jetty-security/9.3.24.v20180605/jetty-security-9.3.24.v20180605.jar:/home/user/.m2/repository/javax/servlet/jsp/jsp-api/2.1/jsp-api-2.1.jar:/home/user/.m2/repository/com/sun/jersey/jersey-servlet/1.19/jersey-servlet-1.19.jar:/home/user/.m2/repository/com/sun/jersey/jersey-json/1.19/jersey-json-1.19.jar:/home/user/.m2/repository/org/codehaus/jettison/jettison/1.1/jettison-1.1.jar:/home/user/.m2/repository/org/codehaus/jackson/jackson-core-asl/1.9.13/jackson-core-asl-1.9.13.jar:/home/user/.m2/repository/org/codehaus/jackson/jackson-mapper-asl/1.9.13/jackson-mapper-asl-1.9.13.jar:/home/user/.m2/repository/org/codehaus/jackson/jackson-jaxrs/1.9.13/jackson-jaxrs-1.9.13.jar:/home/user/.m2/repository/org/codehaus/jackson/jackson-xc/1.9.13/jackson-xc-1.9.13.jar:/home/user/.m2/repository/commons-logging/commons-logging/1.1.3/commons-logging-1.1.3.jar:/home/user/.m2/repository/commons-beanutils/commons-beanutils/1.9.3/commons-beanutils-1.9.3.jar:/home/user/.m2/repository/org/apache/commons/commons-configuration2/2.1.1/commons-configuration2-2.1.1.jar:/home/user/.m2/repository/org/apache/commons/commons-lang3/3.7/commons-lang3-3.7.jar:/home/user/.m2/repository/org/apache/commons/commons-text/1.4/commons-text-1.4.jar:/home/user/.m2/repository/org/apache/avro/avro/1.7.7/avro-1.7.7.jar:/home/user/.m2/repository/com/thoughtworks/paranamer/paranamer/2.3/paranamer-2.3.jar:/home/user/.m2/repository/org/xerial/snappy/snappy-java/1.0.5/snappy-java-1.0.5.jar:/home/user/.m2/repository/com/google/re2j/re2j/1.1/re2j-1.1.jar:/home/user/.m2/repository/com/google/code/gson/gson/2.2.4/gson-2.2.4.jar:/home/user/.m2/repository/com/jcraft/jsch/0.1.54/jsch-0.1.54.jar:/home/user/.m2/repository/org/apache/curator/curator-client/2.12.0/curator-client-2.12.0.jar:/home/user/.m2/repository/org/apache/curator/curator-recipes/2.12.0/curator-recipes-2.12.0.jar:/home/user/.m2/repository/com/google/code/findbugs/jsr305/3.0.0/jsr305-3.0.0.jar:/home/user/.m2/repository/org/apache/htrace/htrace-core4/4.1.0-incubating/htrace-core4-4.1.0-incubating.jar:/home/user/.m2/repository/org/apache/zookeeper/zookeeper/3.4.13/zookeeper-3.4.13.jar:/home/user/.m2/repository/org/apache/yetus/audience-annotations/0.5.0/audience-annotations-0.5.0.jar:/home/user/.m2/repository/org/codehaus/woodstox/stax2-api/3.1.4/stax2-api-3.1.4.jar:/home/user/.m2/repository/com/fasterxml/woodstox/woodstox-core/5.0.3/woodstox-core-5.0.3.jar:/home/user/.m2/repository/dnsjava/dnsjava/2.1.7/dnsjava-2.1.7.jar:/home/user/.m2/repository/org/apache/hadoop/hadoop-hdfs/3.2.0/hadoop-hdfs-3.2.0-tests.jar:/home/user/.m2/repository/org/eclipse/jetty/jetty-util-ajax/9.3.24.v20180605/jetty-util-ajax-9.3.24.v20180605.jar:/home/user/.m2/repository/commons-daemon/commons-daemon/1.0.13/commons-daemon-1.0.13.jar:/home/user/.m2/repository/io/netty/netty/3.10.5.Final/netty-3.10.5.Final.jar:/home/user/.m2/repository/io/netty/netty-all/4.0.52.Final/netty-all-4.0.52.Final.jar:/home/user/.m2/repository/org/fusesource/leveldbjni/leveldbjni-all/1.8/leveldbjni-all-1.8.jar:"/>
    <property name="java.vm.vendor" value="IcedTea"/>
    <property name="sun.arch.data.model" value="64"/>
    <property name="test.build.dir" value="/workdir/hadoop-ozone/integration-test/target/test-dir"/>
    <property name="test.cache.data" value=""/>
    <property name="java.vendor.url" value="https://icedtea.classpath.org"/>
    <property name="user.timezone" value=""/>
    <property name="java.vm.specification.version" value="1.8"/>
    <property name="os.name" value="Linux"/>
    <property name="test.build.data" value="/workdir/hadoop-ozone/integration-test/target/test-dir"/>
    <property name="user.country" value="US"/>
    <property name="sun.java.launcher" value="SUN_STANDARD"/>
    <property name="sun.boot.library.path" value="/usr/lib/jvm/java-1.8-openjdk/jre/lib/amd64"/>
    <property name="sun.java.command" value="/workdir/hadoop-ozone/integration-test/target/surefire/surefirebooter5775480890503463025.jar /workdir/hadoop-ozone/integration-test/target/surefire 2019-09-17T05-10-18_726-jvmRun1 surefire8340626875629951556tmp surefire_398620915731261577532tmp"/>
    <property name="test" value="!TestMiniChaosOzoneCluster"/>
    <property name="surefire.test.class.path" value="/workdir/hadoop-ozone/integration-test/target/test-classes:/workdir/hadoop-ozone/integration-test/target/classes:/home/user/.m2/repository/org/apache/hadoop/hadoop-ozone-common/0.5.0-SNAPSHOT/hadoop-ozone-common-0.5.0-SNAPSHOT.jar:/home/user/.m2/repository/org/apache/commons/commons-compress/1.4.1/commons-compress-1.4.1.jar:/home/user/.m2/repository/org/tukaani/xz/1.0/xz-1.0.jar:/home/user/.m2/repository/org/apache/hadoop/hadoop-common/3.2.0/hadoop-common-3.2.0.jar:/home/user/.m2/repository/org/apache/hadoop/hadoop-hdfs/3.2.0/hadoop-hdfs-3.2.0.jar:/home/user/.m2/repository/org/apache/hadoop/hadoop-hdfs-client/3.2.0/hadoop-hdfs-client-3.2.0.jar:/home/user/.m2/repository/com/fasterxml/jackson/core/jackson-annotations/2.9.5/jackson-annotations-2.9.5.jar:/home/user/.m2/repository/org/apache/hadoop/hadoop-hdds-common/0.5.0-SNAPSHOT/hadoop-hdds-common-0.5.0-SNAPSHOT.jar:/home/user/.m2/repository/javax/annotation/javax.annotation-api/1.2/javax.annotation-api-1.2.jar:/home/user/.m2/repository/org/apache/ratis/ratis-server/0.4.0-78e95b9-SNAPSHOT/ratis-server-0.4.0-78e95b9-SNAPSHOT.jar:/home/user/.m2/repository/org/apache/ratis/ratis-thirdparty-misc/0.2.0/ratis-thirdparty-misc-0.2.0.jar:/home/user/.m2/repository/org/apache/ratis/ratis-proto/0.4.0-78e95b9-SNAPSHOT/ratis-proto-0.4.0-78e95b9-SNAPSHOT.jar:/home/user/.m2/repository/org/apache/ratis/ratis-common/0.4.0-78e95b9-SNAPSHOT/ratis-common-0.4.0-78e95b9-SNAPSHOT.jar:/home/user/.m2/repository/org/apache/ratis/ratis-client/0.4.0-78e95b9-SNAPSHOT/ratis-client-0.4.0-78e95b9-SNAPSHOT.jar:/home/user/.m2/repository/org/apache/ratis/ratis-metrics/0.4.0-78e95b9-SNAPSHOT/ratis-metrics-0.4.0-78e95b9-SNAPSHOT.jar:/home/user/.m2/repository/com/github/joshelser/dropwizard-metrics-hadoop-metrics2-reporter/0.1.2/dropwizard-metrics-hadoop-metrics2-reporter-0.1.2.jar:/home/user/.m2/repository/io/dropwizard/metrics/metrics-jvm/3.2.5/metrics-jvm-3.2.5.jar:/home/user/.m2/repository/io/dropwizard/metrics/metrics-ganglia/3.2.5/metrics-ganglia-3.2.5.jar:/home/user/.m2/repository/info/ganglia/gmetric4j/gmetric4j/1.0.7/gmetric4j-1.0.7.jar:/home/user/.m2/repository/org/apache/ratis/ratis-netty/0.4.0-78e95b9-SNAPSHOT/ratis-netty-0.4.0-78e95b9-SNAPSHOT.jar:/home/user/.m2/repository/org/apache/ratis/ratis-grpc/0.4.0-78e95b9-SNAPSHOT/ratis-grpc-0.4.0-78e95b9-SNAPSHOT.jar:/home/user/.m2/repository/org/rocksdb/rocksdbjni/6.0.1/rocksdbjni-6.0.1.jar:/home/user/.m2/repository/org/apache/logging/log4j/log4j-api/2.11.0/log4j-api-2.11.0.jar:/home/user/.m2/repository/org/apache/logging/log4j/log4j-core/2.11.0/log4j-core-2.11.0.jar:/home/user/.m2/repository/com/lmax/disruptor/3.4.2/disruptor-3.4.2.jar:/home/user/.m2/repository/org/apache/commons/commons-pool2/2.6.0/commons-pool2-2.6.0.jar:/home/user/.m2/repository/org/bouncycastle/bcpkix-jdk15on/1.60/bcpkix-jdk15on-1.60.jar:/home/user/.m2/repository/commons-validator/commons-validator/1.6/commons-validator-1.6.jar:/home/user/.m2/repository/commons-digester/commons-digester/1.8.1/commons-digester-1.8.1.jar:/home/user/.m2/repository/io/jaegertracing/jaeger-client/0.33.1/jaeger-client-0.33.1.jar:/home/user/.m2/repository/io/jaegertracing/jaeger-thrift/0.33.1/jaeger-thrift-0.33.1.jar:/home/user/.m2/repository/org/apache/thrift/libthrift/0.11.0/libthrift-0.11.0.jar:/home/user/.m2/repository/com/squareup/okhttp3/okhttp/3.9.0/okhttp-3.9.0.jar:/home/user/.m2/repository/com/squareup/okio/okio/1.13.0/okio-1.13.0.jar:/home/user/.m2/repository/io/jaegertracing/jaeger-core/0.33.1/jaeger-core-0.33.1.jar:/home/user/.m2/repository/io/jaegertracing/jaeger-tracerresolver/0.33.1/jaeger-tracerresolver-0.33.1.jar:/home/user/.m2/repository/io/opentracing/contrib/opentracing-tracerresolver/0.1.5/opentracing-tracerresolver-0.1.5.jar:/home/user/.m2/repository/io/opentracing/opentracing-util/0.31.0/opentracing-util-0.31.0.jar:/home/user/.m2/repository/io/opentracing/opentracing-api/0.31.0/opentracing-api-0.31.0.jar:/home/user/.m2/repository/io/opentracing/opentracing-noop/0.31.0/opentracing-noop-0.31.0.jar:/home/user/.m2/repository/org/apache/hadoop/hadoop-hdds-server-framework/0.5.0-SNAPSHOT/hadoop-hdds-server-framework-0.5.0-SNAPSHOT.jar:/home/user/.m2/repository/org/apache/hadoop/hadoop-hdds-container-service/0.5.0-SNAPSHOT/hadoop-hdds-container-service-0.5.0-SNAPSHOT.jar:/home/user/.m2/repository/org/apache/hadoop/hadoop-hdds-client/0.5.0-SNAPSHOT/hadoop-hdds-client-0.5.0-SNAPSHOT.jar:/home/user/.m2/repository/org/apache/hadoop/hadoop-hdds-tools/0.5.0-SNAPSHOT/hadoop-hdds-tools-0.5.0-SNAPSHOT.jar:/home/user/.m2/repository/org/apache/hadoop/hadoop-hdds-server-scm/0.5.0-SNAPSHOT/hadoop-hdds-server-scm-0.5.0-SNAPSHOT.jar:/home/user/.m2/repository/org/apache/hadoop/hadoop-hdds-docs/0.5.0-SNAPSHOT/hadoop-hdds-docs-0.5.0-SNAPSHOT.jar:/home/user/.m2/repository/io/dropwizard/metrics/metrics-core/3.2.4/metrics-core-3.2.4.jar:/home/user/.m2/repository/org/hamcrest/hamcrest-all/1.3/hamcrest-all-1.3.jar:/home/user/.m2/repository/org/bouncycastle/bcprov-jdk15on/1.60/bcprov-jdk15on-1.60.jar:/home/user/.m2/repository/info/picocli/picocli/3.9.6/picocli-3.9.6.jar:/home/user/.m2/repository/com/google/protobuf/protobuf-java/2.5.0/protobuf-java-2.5.0.jar:/home/user/.m2/repository/com/google/guava/guava/11.0.2/guava-11.0.2.jar:/home/user/.m2/repository/org/apache/hadoop/hadoop-ozone-ozone-manager/0.5.0-SNAPSHOT/hadoop-ozone-ozone-manager-0.5.0-SNAPSHOT.jar:/home/user/.m2/repository/org/apache/hadoop/hadoop-minikdc/3.2.0/hadoop-minikdc-3.2.0.jar:/home/user/.m2/repository/commons-io/commons-io/2.5/commons-io-2.5.jar:/home/user/.m2/repository/org/apache/kerby/kerb-simplekdc/1.0.1/kerb-simplekdc-1.0.1.jar:/home/user/.m2/repository/org/apache/kerby/kerb-client/1.0.1/kerb-client-1.0.1.jar:/home/user/.m2/repository/org/apache/kerby/kerby-config/1.0.1/kerby-config-1.0.1.jar:/home/user/.m2/repository/org/apache/kerby/kerb-core/1.0.1/kerb-core-1.0.1.jar:/home/user/.m2/repository/org/apache/kerby/kerby-pkix/1.0.1/kerby-pkix-1.0.1.jar:/home/user/.m2/repository/org/apache/kerby/kerby-asn1/1.0.1/kerby-asn1-1.0.1.jar:/home/user/.m2/repository/org/apache/kerby/kerby-util/1.0.1/kerby-util-1.0.1.jar:/home/user/.m2/repository/org/apache/kerby/kerb-common/1.0.1/kerb-common-1.0.1.jar:/home/user/.m2/repository/org/apache/kerby/kerb-crypto/1.0.1/kerb-crypto-1.0.1.jar:/home/user/.m2/repository/org/apache/kerby/kerb-util/1.0.1/kerb-util-1.0.1.jar:/home/user/.m2/repository/org/apache/kerby/token-provider/1.0.1/token-provider-1.0.1.jar:/home/user/.m2/repository/org/apache/kerby/kerb-admin/1.0.1/kerb-admin-1.0.1.jar:/home/user/.m2/repository/org/apache/kerby/kerb-server/1.0.1/kerb-server-1.0.1.jar:/home/user/.m2/repository/org/apache/kerby/kerb-identity/1.0.1/kerb-identity-1.0.1.jar:/home/user/.m2/repository/org/apache/kerby/kerby-xdr/1.0.1/kerby-xdr-1.0.1.jar:/home/user/.m2/repository/org/slf4j/slf4j-log4j12/1.7.25/slf4j-log4j12-1.7.25.jar:/home/user/.m2/repository/org/apache/hadoop/hadoop-ozone-s3gateway/0.5.0-SNAPSHOT/hadoop-ozone-s3gateway-0.5.0-SNAPSHOT.jar:/home/user/.m2/repository/org/jboss/weld/servlet/weld-servlet/2.4.7.Final/weld-servlet-2.4.7.Final.jar:/home/user/.m2/repository/org/glassfish/jersey/containers/jersey-container-servlet-core/2.27/jersey-container-servlet-core-2.27.jar:/home/user/.m2/repository/org/glassfish/hk2/external/javax.inject/2.5.0-b42/javax.inject-2.5.0-b42.jar:/home/user/.m2/repository/org/glassfish/jersey/core/jersey-common/2.27/jersey-common-2.27.jar:/home/user/.m2/repository/org/glassfish/hk2/osgi-resource-locator/1.0.1/osgi-resource-locator-1.0.1.jar:/home/user/.m2/repository/javax/ws/rs/javax.ws.rs-api/2.1/javax.ws.rs-api-2.1.jar:/home/user/.m2/repository/org/glassfish/jersey/ext/cdi/jersey-cdi1x/2.27/jersey-cdi1x-2.27.jar:/home/user/.m2/repository/org/glassfish/jersey/inject/jersey-hk2/2.27/jersey-hk2-2.27.jar:/home/user/.m2/repository/org/glassfish/hk2/hk2-locator/2.5.0-b42/hk2-locator-2.5.0-b42.jar:/home/user/.m2/repository/org/javassist/javassist/3.22.0-CR2/javassist-3.22.0-CR2.jar:/home/user/.m2/repository/org/glassfish/hk2/hk2-api/2.5.0/hk2-api-2.5.0.jar:/home/user/.m2/repository/org/glassfish/hk2/external/jakarta.inject/2.5.0/jakarta.inject-2.5.0.jar:/home/user/.m2/repository/org/glassfish/hk2/hk2-utils/2.5.0/hk2-utils-2.5.0.jar:/home/user/.m2/repository/jakarta/annotation/jakarta.annotation-api/1.3.4/jakarta.annotation-api-1.3.4.jar:/home/user/.m2/repository/org/glassfish/hk2/external/aopalliance-repackaged/2.5.0/aopalliance-repackaged-2.5.0.jar:/home/user/.m2/repository/com/fasterxml/jackson/dataformat/jackson-dataformat-xml/2.9.0/jackson-dataformat-xml-2.9.0.jar:/home/user/.m2/repository/com/fasterxml/jackson/core/jackson-core/2.9.5/jackson-core-2.9.5.jar:/home/user/.m2/repository/com/fasterxml/jackson/module/jackson-module-jaxb-annotations/2.9.5/jackson-module-jaxb-annotations-2.9.5.jar:/home/user/.m2/repository/javax/enterprise/cdi-api/1.2/cdi-api-1.2.jar:/home/user/.m2/repository/javax/el/javax.el-api/3.0.0/javax.el-api-3.0.0.jar:/home/user/.m2/repository/javax/interceptor/javax.interceptor-api/1.2/javax.interceptor-api-1.2.jar:/home/user/.m2/repository/javax/inject/javax.inject/1/javax.inject-1.jar:/home/user/.m2/repository/com/sun/xml/bind/jaxb-impl/2.3.0.1/jaxb-impl-2.3.0.1.jar:/home/user/.m2/repository/com/sun/xml/bind/jaxb-core/2.3.0.1/jaxb-core-2.3.0.1.jar:/home/user/.m2/repository/javax/xml/bind/jaxb-api/2.3.0/jaxb-api-2.3.0.jar:/home/user/.m2/repository/javax/activation/activation/1.1.1/activation-1.1.1.jar:/home/user/.m2/repository/org/apache/hadoop/hadoop-ozone-csi/0.5.0-SNAPSHOT/hadoop-ozone-csi-0.5.0-SNAPSHOT.jar:/home/user/.m2/repository/com/google/protobuf/protobuf-java-util/3.5.1/protobuf-java-util-3.5.1.jar:/home/user/.m2/repository/org/apache/hadoop/hadoop-hdds-config/0.5.0-SNAPSHOT/hadoop-hdds-config-0.5.0-SNAPSHOT.jar:/home/user/.m2/repository/io/grpc/grpc-netty/1.17.1/grpc-netty-1.17.1.jar:/home/user/.m2/repository/io/grpc/grpc-core/1.17.1/grpc-core-1.17.1.jar:/home/user/.m2/repository/io/grpc/grpc-context/1.17.1/grpc-context-1.17.1.jar:/home/user/.m2/repository/com/google/errorprone/error_prone_annotations/2.2.0/error_prone_annotations-2.2.0.jar:/home/user/.m2/repository/org/codehaus/mojo/animal-sniffer-annotations/1.17/animal-sniffer-annotations-1.17.jar:/home/user/.m2/repository/io/opencensus/opencensus-api/0.17.0/opencensus-api-0.17.0.jar:/home/user/.m2/repository/io/opencensus/opencensus-contrib-grpc-metrics/0.17.0/opencensus-contrib-grpc-metrics-0.17.0.jar:/home/user/.m2/repository/io/netty/netty-codec-http2/4.1.30.Final/netty-codec-http2-4.1.30.Final.jar:/home/user/.m2/repository/io/netty/netty-codec-http/4.1.30.Final/netty-codec-http-4.1.30.Final.jar:/home/user/.m2/repository/io/netty/netty-codec/4.1.30.Final/netty-codec-4.1.30.Final.jar:/home/user/.m2/repository/io/netty/netty-handler/4.1.30.Final/netty-handler-4.1.30.Final.jar:/home/user/.m2/repository/io/netty/netty-handler-proxy/4.1.30.Final/netty-handler-proxy-4.1.30.Final.jar:/home/user/.m2/repository/io/netty/netty-codec-socks/4.1.30.Final/netty-codec-socks-4.1.30.Final.jar:/home/user/.m2/repository/io/netty/netty-transport-native-epoll/4.1.30.Final/netty-transport-native-epoll-4.1.30.Final.jar:/home/user/.m2/repository/io/netty/netty-common/4.1.30.Final/netty-common-4.1.30.Final.jar:/home/user/.m2/repository/io/netty/netty-buffer/4.1.30.Final/netty-buffer-4.1.30.Final.jar:/home/user/.m2/repository/io/netty/netty-transport/4.1.30.Final/netty-transport-4.1.30.Final.jar:/home/user/.m2/repository/io/netty/netty-resolver/4.1.30.Final/netty-resolver-4.1.30.Final.jar:/home/user/.m2/repository/io/netty/netty-transport-native-unix-common/4.1.30.Final/netty-transport-native-unix-common-4.1.30.Final.jar:/home/user/.m2/repository/io/grpc/grpc-protobuf/1.17.1/grpc-protobuf-1.17.1.jar:/home/user/.m2/repository/com/google/api/grpc/proto-google-common-protos/1.0.0/proto-google-common-protos-1.0.0.jar:/home/user/.m2/repository/io/grpc/grpc-protobuf-lite/1.17.1/grpc-protobuf-lite-1.17.1.jar:/home/user/.m2/repository/io/grpc/grpc-stub/1.17.1/grpc-stub-1.17.1.jar:/home/user/.m2/repository/org/apache/hadoop/hadoop-ozone-recon/0.5.0-SNAPSHOT/hadoop-ozone-recon-0.5.0-SNAPSHOT.jar:/home/user/.m2/repository/org/apache/hadoop/hadoop-ozone-reconcodegen/0.5.0-SNAPSHOT/hadoop-ozone-reconcodegen-0.5.0-SNAPSHOT.jar:/home/user/.m2/repository/com/google/inject/extensions/guice-multibindings/4.0/guice-multibindings-4.0.jar:/home/user/.m2/repository/com/google/inject/guice/4.0/guice-4.0.jar:/home/user/.m2/repository/aopalliance/aopalliance/1.0/aopalliance-1.0.jar:/home/user/.m2/repository/com/google/inject/extensions/guice-servlet/4.0/guice-servlet-4.0.jar:/home/user/.m2/repository/org/glassfish/jersey/containers/jersey-container-servlet/2.27/jersey-container-servlet-2.27.jar:/home/user/.m2/repository/org/glassfish/hk2/guice-bridge/2.5.0/guice-bridge-2.5.0.jar:/home/user/.m2/repository/org/glassfish/jersey/core/jersey-server/2.27/jersey-server-2.27.jar:/home/user/.m2/repository/org/glassfish/jersey/core/jersey-client/2.27/jersey-client-2.27.jar:/home/user/.m2/repository/org/glassfish/jersey/media/jersey-media-jaxb/2.27/jersey-media-jaxb-2.27.jar:/home/user/.m2/repository/javax/validation/validation-api/1.1.0.Final/validation-api-1.1.0.Final.jar:/home/user/.m2/repository/org/glassfish/jersey/media/jersey-media-json-jackson/2.27/jersey-media-json-jackson-2.27.jar:/home/user/.m2/repository/org/glassfish/jersey/ext/jersey-entity-filtering/2.27/jersey-entity-filtering-2.27.jar:/home/user/.m2/repository/com/google/inject/extensions/guice-assistedinject/4.0/guice-assistedinject-4.0.jar:/home/user/.m2/repository/org/jooq/jooq/3.11.10/jooq-3.11.10.jar:/home/user/.m2/repository/org/jooq/jooq-meta/3.11.10/jooq-meta-3.11.10.jar:/home/user/.m2/repository/org/jooq/jooq-codegen/3.11.10/jooq-codegen-3.11.10.jar:/home/user/.m2/repository/com/jolbox/bonecp/0.8.0.RELEASE/bonecp-0.8.0.RELEASE.jar:/home/user/.m2/repository/org/xerial/sqlite-jdbc/3.25.2/sqlite-jdbc-3.25.2.jar:/home/user/.m2/repository/org/springframework/spring-jdbc/5.1.3.RELEASE/spring-jdbc-5.1.3.RELEASE.jar:/home/user/.m2/repository/org/springframework/spring-beans/5.1.3.RELEASE/spring-beans-5.1.3.RELEASE.jar:/home/user/.m2/repository/org/springframework/spring-core/5.1.3.RELEASE/spring-core-5.1.3.RELEASE.jar:/home/user/.m2/repository/org/springframework/spring-jcl/5.1.3.RELEASE/spring-jcl-5.1.3.RELEASE.jar:/home/user/.m2/repository/org/springframework/spring-tx/5.1.3.RELEASE/spring-tx-5.1.3.RELEASE.jar:/home/user/.m2/repository/org/apache/hadoop/hadoop-ozone-client/0.5.0-SNAPSHOT/hadoop-ozone-client-0.5.0-SNAPSHOT.jar:/home/user/.m2/repository/commons-lang/commons-lang/2.6/commons-lang-2.6.jar:/home/user/.m2/repository/org/apache/hadoop/hadoop-ozone-ozone-manager/0.5.0-SNAPSHOT/hadoop-ozone-ozone-manager-0.5.0-SNAPSHOT-tests.jar:/home/user/.m2/repository/junit/junit/4.11/junit-4.11.jar:/home/user/.m2/repository/org/hamcrest/hamcrest-core/1.3/hamcrest-core-1.3.jar:/home/user/.m2/repository/org/openjdk/jmh/jmh-core/1.19/jmh-core-1.19.jar:/home/user/.m2/repository/net/sf/jopt-simple/jopt-simple/4.6/jopt-simple-4.6.jar:/home/user/.m2/repository/org/apache/commons/commons-math3/3.1.1/commons-math3-3.1.1.jar:/home/user/.m2/repository/org/openjdk/jmh/jmh-generator-annprocess/1.19/jmh-generator-annprocess-1.19.jar:/home/user/.m2/repository/org/mockito/mockito-all/1.8.5/mockito-all-1.8.5.jar:/home/user/.m2/repository/org/apache/hadoop/hadoop-kms/3.2.0/hadoop-kms-3.2.0.jar:/home/user/.m2/repository/org/apache/hadoop/hadoop-auth/3.2.0/hadoop-auth-3.2.0.jar:/home/user/.m2/repository/com/nimbusds/nimbus-jose-jwt/4.41.1/nimbus-jose-jwt-4.41.1.jar:/home/user/.m2/repository/com/github/stephenc/jcip/jcip-annotations/1.0-1/jcip-annotations-1.0-1.jar:/home/user/.m2/repository/net/minidev/json-smart/2.3/json-smart-2.3.jar:/home/user/.m2/repository/net/minidev/accessors-smart/1.2/accessors-smart-1.2.jar:/home/user/.m2/repository/org/ow2/asm/asm/5.0.4/asm-5.0.4.jar:/home/user/.m2/repository/org/apache/curator/curator-framework/2.12.0/curator-framework-2.12.0.jar:/home/user/.m2/repository/com/sun/jersey/jersey-core/1.19/jersey-core-1.19.jar:/home/user/.m2/repository/javax/ws/rs/jsr311-api/1.1.1/jsr311-api-1.1.1.jar:/home/user/.m2/repository/com/sun/jersey/jersey-server/1.19/jersey-server-1.19.jar:/home/user/.m2/repository/javax/servlet/javax.servlet-api/3.1.0/javax.servlet-api-3.1.0.jar:/home/user/.m2/repository/org/eclipse/jetty/jetty-server/9.3.24.v20180605/jetty-server-9.3.24.v20180605.jar:/home/user/.m2/repository/org/eclipse/jetty/jetty-http/9.3.24.v20180605/jetty-http-9.3.24.v20180605.jar:/home/user/.m2/repository/org/eclipse/jetty/jetty-io/9.3.24.v20180605/jetty-io-9.3.24.v20180605.jar:/home/user/.m2/repository/org/eclipse/jetty/jetty-webapp/9.3.24.v20180605/jetty-webapp-9.3.24.v20180605.jar:/home/user/.m2/repository/org/eclipse/jetty/jetty-xml/9.3.24.v20180605/jetty-xml-9.3.24.v20180605.jar:/home/user/.m2/repository/log4j/log4j/1.2.17/log4j-1.2.17.jar:/home/user/.m2/repository/org/slf4j/slf4j-api/1.7.25/slf4j-api-1.7.25.jar:/home/user/.m2/repository/org/slf4j/jul-to-slf4j/1.7.25/jul-to-slf4j-1.7.25.jar:/home/user/.m2/repository/org/eclipse/jetty/jetty-util/9.3.24.v20180605/jetty-util-9.3.24.v20180605.jar:/home/user/.m2/repository/com/fasterxml/jackson/core/jackson-databind/2.9.5/jackson-databind-2.9.5.jar:/home/user/.m2/repository/org/apache/hadoop/hadoop-kms/3.2.0/hadoop-kms-3.2.0-tests.jar:/home/user/.m2/repository/org/apache/hadoop/hadoop-hdds-server-scm/0.5.0-SNAPSHOT/hadoop-hdds-server-scm-0.5.0-SNAPSHOT-tests.jar:/home/user/.m2/repository/org/apache/hadoop/hadoop-hdds-container-service/0.5.0-SNAPSHOT/hadoop-hdds-container-service-0.5.0-SNAPSHOT-tests.jar:/home/user/.m2/repository/org/yaml/snakeyaml/1.16/snakeyaml-1.16.jar:/home/user/.m2/repository/org/apache/hadoop/hadoop-common/3.2.0/hadoop-common-3.2.0-tests.jar:/home/user/.m2/repository/org/apache/hadoop/hadoop-annotations/3.2.0/hadoop-annotations-3.2.0.jar:/usr/lib/jvm/java-1.8-openjdk/jre/../lib/tools.jar:/home/user/.m2/repository/commons-cli/commons-cli/1.2/commons-cli-1.2.jar:/home/user/.m2/repository/org/apache/httpcomponents/httpclient/4.5.2/httpclient-4.5.2.jar:/home/user/.m2/repository/org/apache/httpcomponents/httpcore/4.4.4/httpcore-4.4.4.jar:/home/user/.m2/repository/commons-codec/commons-codec/1.11/commons-codec-1.11.jar:/home/user/.m2/repository/commons-net/commons-net/3.6/commons-net-3.6.jar:/home/user/.m2/repository/commons-collections/commons-collections/3.2.2/commons-collections-3.2.2.jar:/home/user/.m2/repository/org/eclipse/jetty/jetty-servlet/9.3.24.v20180605/jetty-servlet-9.3.24.v20180605.jar:/home/user/.m2/repository/org/eclipse/jetty/jetty-security/9.3.24.v20180605/jetty-security-9.3.24.v20180605.jar:/home/user/.m2/repository/javax/servlet/jsp/jsp-api/2.1/jsp-api-2.1.jar:/home/user/.m2/repository/com/sun/jersey/jersey-servlet/1.19/jersey-servlet-1.19.jar:/home/user/.m2/repository/com/sun/jersey/jersey-json/1.19/jersey-json-1.19.jar:/home/user/.m2/repository/org/codehaus/jettison/jettison/1.1/jettison-1.1.jar:/home/user/.m2/repository/org/codehaus/jackson/jackson-core-asl/1.9.13/jackson-core-asl-1.9.13.jar:/home/user/.m2/repository/org/codehaus/jackson/jackson-mapper-asl/1.9.13/jackson-mapper-asl-1.9.13.jar:/home/user/.m2/repository/org/codehaus/jackson/jackson-jaxrs/1.9.13/jackson-jaxrs-1.9.13.jar:/home/user/.m2/repository/org/codehaus/jackson/jackson-xc/1.9.13/jackson-xc-1.9.13.jar:/home/user/.m2/repository/commons-logging/commons-logging/1.1.3/commons-logging-1.1.3.jar:/home/user/.m2/repository/commons-beanutils/commons-beanutils/1.9.3/commons-beanutils-1.9.3.jar:/home/user/.m2/repository/org/apache/commons/commons-configuration2/2.1.1/commons-configuration2-2.1.1.jar:/home/user/.m2/repository/org/apache/commons/commons-lang3/3.7/commons-lang3-3.7.jar:/home/user/.m2/repository/org/apache/commons/commons-text/1.4/commons-text-1.4.jar:/home/user/.m2/repository/org/apache/avro/avro/1.7.7/avro-1.7.7.jar:/home/user/.m2/repository/com/thoughtworks/paranamer/paranamer/2.3/paranamer-2.3.jar:/home/user/.m2/repository/org/xerial/snappy/snappy-java/1.0.5/snappy-java-1.0.5.jar:/home/user/.m2/repository/com/google/re2j/re2j/1.1/re2j-1.1.jar:/home/user/.m2/repository/com/google/code/gson/gson/2.2.4/gson-2.2.4.jar:/home/user/.m2/repository/com/jcraft/jsch/0.1.54/jsch-0.1.54.jar:/home/user/.m2/repository/org/apache/curator/curator-client/2.12.0/curator-client-2.12.0.jar:/home/user/.m2/repository/org/apache/curator/curator-recipes/2.12.0/curator-recipes-2.12.0.jar:/home/user/.m2/repository/com/google/code/findbugs/jsr305/3.0.0/jsr305-3.0.0.jar:/home/user/.m2/repository/org/apache/htrace/htrace-core4/4.1.0-incubating/htrace-core4-4.1.0-incubating.jar:/home/user/.m2/repository/org/apache/zookeeper/zookeeper/3.4.13/zookeeper-3.4.13.jar:/home/user/.m2/repository/org/apache/yetus/audience-annotations/0.5.0/audience-annotations-0.5.0.jar:/home/user/.m2/repository/org/codehaus/woodstox/stax2-api/3.1.4/stax2-api-3.1.4.jar:/home/user/.m2/repository/com/fasterxml/woodstox/woodstox-core/5.0.3/woodstox-core-5.0.3.jar:/home/user/.m2/repository/dnsjava/dnsjava/2.1.7/dnsjava-2.1.7.jar:/home/user/.m2/repository/org/apache/hadoop/hadoop-hdfs/3.2.0/hadoop-hdfs-3.2.0-tests.jar:/home/user/.m2/repository/org/eclipse/jetty/jetty-util-ajax/9.3.24.v20180605/jetty-util-ajax-9.3.24.v20180605.jar:/home/user/.m2/repository/commons-daemon/commons-daemon/1.0.13/commons-daemon-1.0.13.jar:/home/user/.m2/repository/io/netty/netty/3.10.5.Final/netty-3.10.5.Final.jar:/home/user/.m2/repository/io/netty/netty-all/4.0.52.Final/netty-all-4.0.52.Final.jar:/home/user/.m2/repository/org/fusesource/leveldbjni/leveldbjni-all/1.8/leveldbjni-all-1.8.jar:"/>
    <property name="sun.cpu.endian" value="little"/>
    <property name="user.home" value="/home/user"/>
    <property name="user.language" value="en"/>
    <property name="java.specification.vendor" value="Oracle Corporation"/>
    <property name="java.home" value="/usr/lib/jvm/java-1.8-openjdk/jre"/>
    <property name="java.security.krb5.conf" value="/workdir/hadoop-ozone/integration-test/target/test-classes/krb5.conf"/>
    <property name="basedir" value="/workdir/hadoop-ozone/integration-test"/>
    <property name="file.separator" value="/"/>
    <property name="line.separator" value="&#10;"/>
    <property name="java.vm.specification.vendor" value="Oracle Corporation"/>
    <property name="java.specification.name" value="Java Platform API Specification"/>
    <property name="java.awt.graphicsenv" value="sun.awt.X11GraphicsEnvironment"/>
    <property name="surefire.real.class.path" value="/workdir/hadoop-ozone/integration-test/target/surefire/surefirebooter5775480890503463025.jar"/>
    <property name="hadoop.log.dir" value="/workdir/hadoop-ozone/integration-test/target/log"/>
    <property name="sun.boot.class.path" value="/usr/lib/jvm/java-1.8-openjdk/jre/lib/resources.jar:/usr/lib/jvm/java-1.8-openjdk/jre/lib/rt.jar:/usr/lib/jvm/java-1.8-openjdk/jre/lib/sunrsasign.jar:/usr/lib/jvm/java-1.8-openjdk/jre/lib/jsse.jar:/usr/lib/jvm/java-1.8-openjdk/jre/lib/jce.jar:/usr/lib/jvm/java-1.8-openjdk/jre/lib/charsets.jar:/usr/lib/jvm/java-1.8-openjdk/jre/lib/jfr.jar:/usr/lib/jvm/java-1.8-openjdk/jre/classes"/>
    <property name="sun.management.compiler" value="HotSpot 64-Bit Tiered Compilers"/>
    <property name="java.runtime.version" value="1.8.0_212-b04"/>
    <property name="java.net.preferIPv4Stack" value="true"/>
    <property name="user.name" value="jenkins1000"/>
    <property name="path.separator" value=":"/>
    <property name="java.security.egd" value="file:///dev/urandom"/>
    <property name="os.version" value="3.10.0-957.12.2.el7.x86_64"/>
    <property name="java.endorsed.dirs" value="/usr/lib/jvm/java-1.8-openjdk/jre/lib/endorsed"/>
    <property name="java.runtime.name" value="OpenJDK Runtime Environment"/>
    <property name="file.encoding" value="UTF-8"/>
    <property name="java.vm.name" value="OpenJDK 64-Bit Server VM"/>
    <property name="test.build.webapps" value=""/>
    <property name="localRepository" value="/home/user/.m2/repository"/>
    <property name="java.vendor.url.bug" value="https://icedtea.classpath.org/bugzilla"/>
    <property name="java.io.tmpdir" value="/tmp"/>
    <property name="require.test.libhadoop" value=""/>
    <property name="java.version" value="1.8.0_212"/>
    <property name="user.dir" value="/workdir/hadoop-ozone/integration-test"/>
    <property name="os.arch" value="amd64"/>
    <property name="java.vm.specification.name" value="Java Virtual Machine Specification"/>
    <property name="test.build.classes" value="/workdir/hadoop-ozone/integration-test/target/test-classes"/>
    <property name="java.awt.printerjob" value="sun.print.PSPrinterJob"/>
    <property name="sun.os.patch.level" value="unknown"/>
    <property name="hadoop.tmp.dir" value="/workdir/hadoop-ozone/integration-test/target/tmp"/>
    <property name="java.library.path" value="/usr/lib/jvm/java-1.8-openjdk/jre/lib/amd64/server:/usr/lib/jvm/java-1.8-openjdk/jre/lib/amd64:/usr/lib/jvm/java-1.8-openjdk/jre/../lib/amd64:/workdir/hadoop-ozone/integration-test/target/native/target/usr/local/lib:/workdir/hadoop-ozone/integration-test/../../hadoop-common-project/hadoop-common/target/native/target/usr/local/lib:/usr/java/packages/lib/amd64:/usr/lib64:/lib64:/lib:/usr/lib"/>
    <property name="java.vm.info" value="mixed mode"/>
    <property name="java.vendor" value="IcedTea"/>
    <property name="java.vm.version" value="25.212-b04"/>
    <property name="java.ext.dirs" value="/usr/lib/jvm/java-1.8-openjdk/jre/lib/ext:/usr/java/packages/lib/ext"/>
    <property name="sun.io.unicode.encoding" value="UnicodeLittle"/>
    <property name="java.class.version" value="52.0"/>
  </properties>
  <testcase name="testFlushChunk" classname="org.apache.hadoop.ozone.client.rpc.TestBlockOutputStream" time="12.528"/>
  <testcase name="testMultiChunkWrite2" classname="org.apache.hadoop.ozone.client.rpc.TestBlockOutputStream" time="0.324"/>
  <testcase name="testMultiChunkWrite" classname="org.apache.hadoop.ozone.client.rpc.TestBlockOutputStream" time="192.304">
    <failure message="expected:&lt;7&gt; but was:&lt;9&gt;" type="java.lang.AssertionError"><![CDATA[java.lang.AssertionError: expected:<7> but was:<9>
	at org.junit.Assert.fail(Assert.java:88)
	at org.junit.Assert.failNotEquals(Assert.java:743)
	at org.junit.Assert.assertEquals(Assert.java:118)
	at org.junit.Assert.assertEquals(Assert.java:555)
	at org.junit.Assert.assertEquals(Assert.java:542)
	at org.apache.hadoop.ozone.client.rpc.TestBlockOutputStream.testMultiChunkWrite(TestBlockOutputStream.java:364)
	at sun.reflect.NativeMethodAccessorImpl.invoke0(Native Method)
	at sun.reflect.NativeMethodAccessorImpl.invoke(NativeMethodAccessorImpl.java:62)
	at sun.reflect.DelegatingMethodAccessorImpl.invoke(DelegatingMethodAccessorImpl.java:43)
	at java.lang.reflect.Method.invoke(Method.java:498)
	at org.junit.runners.model.FrameworkMethod$1.runReflectiveCall(FrameworkMethod.java:47)
	at org.junit.internal.runners.model.ReflectiveCallable.run(ReflectiveCallable.java:12)
	at org.junit.runners.model.FrameworkMethod.invokeExplosively(FrameworkMethod.java:44)
	at org.junit.internal.runners.statements.InvokeMethod.evaluate(InvokeMethod.java:17)
	at org.junit.runners.ParentRunner.runLeaf(ParentRunner.java:271)
	at org.junit.runners.BlockJUnit4ClassRunner.runChild(BlockJUnit4ClassRunner.java:70)
	at org.junit.runners.BlockJUnit4ClassRunner.runChild(BlockJUnit4ClassRunner.java:50)
	at org.junit.runners.ParentRunner$3.run(ParentRunner.java:238)
	at org.junit.runners.ParentRunner$1.schedule(ParentRunner.java:63)
	at org.junit.runners.ParentRunner.runChildren(ParentRunner.java:236)
	at org.junit.runners.ParentRunner.access$000(ParentRunner.java:53)
	at org.junit.runners.ParentRunner$2.evaluate(ParentRunner.java:229)
	at org.junit.internal.runners.statements.RunBefores.evaluate(RunBefores.java:26)
	at org.junit.internal.runners.statements.RunAfters.evaluate(RunAfters.java:27)
	at org.junit.runners.ParentRunner.run(ParentRunner.java:309)
	at org.apache.maven.surefire.junit4.JUnit4Provider.execute(JUnit4Provider.java:365)
	at org.apache.maven.surefire.junit4.JUnit4Provider.executeWithRerun(JUnit4Provider.java:273)
	at org.apache.maven.surefire.junit4.JUnit4Provider.executeTestSet(JUnit4Provider.java:238)
	at org.apache.maven.surefire.junit4.JUnit4Provider.invoke(JUnit4Provider.java:159)
	at org.apache.maven.surefire.booter.ForkedBooter.invokeProviderInSameClassLoader(ForkedBooter.java:384)
	at org.apache.maven.surefire.booter.ForkedBooter.runSuitesInProcess(ForkedBooter.java:345)
	at org.apache.maven.surefire.booter.ForkedBooter.execute(ForkedBooter.java:126)
	at org.apache.maven.surefire.booter.ForkedBooter.main(ForkedBooter.java:418)
]]></failure>
    <system-out><![CDATA[2019-09-17 05:56:53,651 [java.util.concurrent.ThreadPoolExecutor$Worker@6f944d64[State = -1, empty queue]] WARN  server.GrpcLogAppender (GrpcLogAppender.java:timeoutAppendRequest(200)) - f6013552-a382-44c6-bdc3-8253bd9e054c@group-E2F58C278DC5->3ec0bce2-5a80-4efc-b2ca-bab81cc18a9f-GrpcLogAppender: appendEntries Timeout, request=f6013552-a382-44c6-bdc3-8253bd9e054c->3ec0bce2-5a80-4efc-b2ca-bab81cc18a9f#12-t2, previous=(t:2, i:10), leaderCommit=10, initializing? false, entries: size=1, first=(t:2, i:11), STATEMACHINELOGENTRY, client-437EC11F6ED9, cid=21
2019-09-17 05:56:53,651 [java.util.concurrent.ThreadPoolExecutor$Worker@bab41d4[State = -1, empty queue]] WARN  server.GrpcLogAppender (GrpcLogAppender.java:timeoutAppendRequest(200)) - f6013552-a382-44c6-bdc3-8253bd9e054c@group-E2F58C278DC5->c5233a29-19a6-42e1-869f-0cfd92a1650c-GrpcLogAppender: appendEntries Timeout, request=f6013552-a382-44c6-bdc3-8253bd9e054c->c5233a29-19a6-42e1-869f-0cfd92a1650c#12-t2, previous=(t:2, i:10), leaderCommit=10, initializing? false, entries: size=1, first=(t:2, i:11), STATEMACHINELOGENTRY, client-437EC11F6ED9, cid=21
2019-09-17 05:56:53,652 [java.util.concurrent.ThreadPoolExecutor$Worker@6f944d64[State = -1, empty queue]] WARN  server.GrpcLogAppender (GrpcLogAppender.java:timeoutAppendRequest(200)) - f6013552-a382-44c6-bdc3-8253bd9e054c@group-E2F58C278DC5->3ec0bce2-5a80-4efc-b2ca-bab81cc18a9f-GrpcLogAppender: appendEntries Timeout, request=f6013552-a382-44c6-bdc3-8253bd9e054c->3ec0bce2-5a80-4efc-b2ca-bab81cc18a9f#13-t2, previous=(t:2, i:11), leaderCommit=10, initializing? false, entries: size=1, first=(t:2, i:12), STATEMACHINELOGENTRY, client-437EC11F6ED9, cid=22
2019-09-17 05:56:53,663 [java.util.concurrent.ThreadPoolExecutor$Worker@bab41d4[State = -1, empty queue]] WARN  server.GrpcLogAppender (GrpcLogAppender.java:timeoutAppendRequest(200)) - f6013552-a382-44c6-bdc3-8253bd9e054c@group-E2F58C278DC5->c5233a29-19a6-42e1-869f-0cfd92a1650c-GrpcLogAppender: appendEntries Timeout, request=f6013552-a382-44c6-bdc3-8253bd9e054c->c5233a29-19a6-42e1-869f-0cfd92a1650c#13-t2, previous=(t:2, i:11), leaderCommit=10, initializing? false, entries: size=1, first=(t:2, i:12), STATEMACHINELOGENTRY, client-437EC11F6ED9, cid=22
2019-09-17 05:56:53,665 [java.util.concurrent.ThreadPoolExecutor$Worker@6f944d64[State = -1, empty queue]] WARN  server.GrpcLogAppender (GrpcLogAppender.java:timeoutAppendRequest(200)) - f6013552-a382-44c6-bdc3-8253bd9e054c@group-E2F58C278DC5->3ec0bce2-5a80-4efc-b2ca-bab81cc18a9f-GrpcLogAppender: appendEntries Timeout, request=f6013552-a382-44c6-bdc3-8253bd9e054c->3ec0bce2-5a80-4efc-b2ca-bab81cc18a9f#14-t2, previous=(t:2, i:12), leaderCommit=10, initializing? false, entries: size=1, first=(t:2, i:13), STATEMACHINELOGENTRY, client-437EC11F6ED9, cid=23
2019-09-17 05:56:53,668 [java.util.concurrent.ThreadPoolExecutor$Worker@bab41d4[State = -1, empty queue]] WARN  server.GrpcLogAppender (GrpcLogAppender.java:timeoutAppendRequest(200)) - f6013552-a382-44c6-bdc3-8253bd9e054c@group-E2F58C278DC5->c5233a29-19a6-42e1-869f-0cfd92a1650c-GrpcLogAppender: appendEntries Timeout, request=f6013552-a382-44c6-bdc3-8253bd9e054c->c5233a29-19a6-42e1-869f-0cfd92a1650c#14-t2, previous=(t:2, i:12), leaderCommit=10, initializing? false, entries: size=1, first=(t:2, i:13), STATEMACHINELOGENTRY, client-437EC11F6ED9, cid=23
2019-09-17 05:56:55,740 [grpc-default-executor-2] INFO  client.GrpcClientProtocolClient (GrpcClientProtocolClient.java:onNext(264)) - client-437EC11F6ED9->c5233a29-19a6-42e1-869f-0cfd92a1650c: receive RaftClientReply:client-437EC11F6ED9->c5233a29-19a6-42e1-869f-0cfd92a1650c@group-E2F58C278DC5, cid=21, FAILED org.apache.ratis.protocol.NotLeaderException: Server c5233a29-19a6-42e1-869f-0cfd92a1650c@group-E2F58C278DC5 is not the leader f6013552-a382-44c6-bdc3-8253bd9e054c:192.168.34.7:43799, logIndex=0, commits[c5233a29-19a6-42e1-869f-0cfd92a1650c:c10, f6013552-a382-44c6-bdc3-8253bd9e054c:c10, 3ec0bce2-5a80-4efc-b2ca-bab81cc18a9f:c6]
2019-09-17 05:56:56,153 [java.util.concurrent.ThreadPoolExecutor$Worker@6f944d64[State = -1, empty queue]] WARN  server.GrpcLogAppender (GrpcLogAppender.java:timeoutAppendRequest(200)) - f6013552-a382-44c6-bdc3-8253bd9e054c@group-E2F58C278DC5->3ec0bce2-5a80-4efc-b2ca-bab81cc18a9f-GrpcLogAppender: appendEntries Timeout, request=f6013552-a382-44c6-bdc3-8253bd9e054c->3ec0bce2-5a80-4efc-b2ca-bab81cc18a9f#15-t2, previous=(t:2, i:13), leaderCommit=10, initializing? false, entries: <empty>
2019-09-17 05:56:56,153 [java.util.concurrent.ThreadPoolExecutor$Worker@bab41d4[State = -1, empty queue]] WARN  server.GrpcLogAppender (GrpcLogAppender.java:timeoutAppendRequest(200)) - f6013552-a382-44c6-bdc3-8253bd9e054c@group-E2F58C278DC5->c5233a29-19a6-42e1-869f-0cfd92a1650c-GrpcLogAppender: appendEntries Timeout, request=f6013552-a382-44c6-bdc3-8253bd9e054c->c5233a29-19a6-42e1-869f-0cfd92a1650c#15-t2, previous=(t:2, i:13), leaderCommit=10, initializing? false, entries: <empty>
2019-09-17 05:56:58,655 [java.util.concurrent.ThreadPoolExecutor$Worker@6f944d64[State = -1, empty queue]] WARN  server.GrpcLogAppender (GrpcLogAppender.java:timeoutAppendRequest(200)) - f6013552-a382-44c6-bdc3-8253bd9e054c@group-E2F58C278DC5->3ec0bce2-5a80-4efc-b2ca-bab81cc18a9f-GrpcLogAppender: appendEntries Timeout, request=f6013552-a382-44c6-bdc3-8253bd9e054c->3ec0bce2-5a80-4efc-b2ca-bab81cc18a9f#16-t2, previous=(t:2, i:13), leaderCommit=10, initializing? false, entries: <empty>
2019-09-17 05:56:58,655 [java.util.concurrent.ThreadPoolExecutor$Worker@bab41d4[State = -1, empty queue]] WARN  server.GrpcLogAppender (GrpcLogAppender.java:timeoutAppendRequest(200)) - f6013552-a382-44c6-bdc3-8253bd9e054c@group-E2F58C278DC5->c5233a29-19a6-42e1-869f-0cfd92a1650c-GrpcLogAppender: appendEntries Timeout, request=f6013552-a382-44c6-bdc3-8253bd9e054c->c5233a29-19a6-42e1-869f-0cfd92a1650c#16-t2, previous=(t:2, i:13), leaderCommit=10, initializing? false, entries: <empty>
2019-09-17 05:57:00,711 [c5233a29-19a6-42e1-869f-0cfd92a1650c@group-E2F58C278DC5-SegmentedRaftLogWorker] WARN  segmented.SegmentedRaftLogWorker (SegmentedRaftLogWorker.java:getFromFuture(90)) - Timeout 0/~
org.apache.ratis.protocol.TimeoutIOException: Timeout 10s: WriteLog:12: (t:2, i:12), STATEMACHINELOGENTRY, client-437EC11F6ED9, cid=22-writeStateMachineData
	at org.apache.ratis.util.IOUtils.getFromFuture(IOUtils.java:87)
	at org.apache.ratis.server.raftlog.segmented.SegmentedRaftLogWorker$StateMachineDataPolicy.getFromFuture(SegmentedRaftLogWorker.java:87)
	at org.apache.ratis.server.raftlog.segmented.SegmentedRaftLogWorker$WriteLog.execute(SegmentedRaftLogWorker.java:477)
	at org.apache.ratis.server.raftlog.segmented.SegmentedRaftLogWorker.run(SegmentedRaftLogWorker.java:289)
	at java.lang.Thread.run(Thread.java:748)
Caused by: java.util.concurrent.TimeoutException
	at java.util.concurrent.CompletableFuture.timedGet(CompletableFuture.java:1771)
	at java.util.concurrent.CompletableFuture.get(CompletableFuture.java:1915)
	at org.apache.ratis.util.IOUtils.getFromFuture(IOUtils.java:79)
	... 4 more
2019-09-17 05:57:00,711 [3ec0bce2-5a80-4efc-b2ca-bab81cc18a9f@group-E2F58C278DC5-SegmentedRaftLogWorker] WARN  segmented.SegmentedRaftLogWorker (SegmentedRaftLogWorker.java:getFromFuture(90)) - Timeout 0/~
org.apache.ratis.protocol.TimeoutIOException: Timeout 10s: WriteLog:12: (t:2, i:12), STATEMACHINELOGENTRY, client-437EC11F6ED9, cid=22-writeStateMachineData
	at org.apache.ratis.util.IOUtils.getFromFuture(IOUtils.java:87)
	at org.apache.ratis.server.raftlog.segmented.SegmentedRaftLogWorker$StateMachineDataPolicy.getFromFuture(SegmentedRaftLogWorker.java:87)
	at org.apache.ratis.server.raftlog.segmented.SegmentedRaftLogWorker$WriteLog.execute(SegmentedRaftLogWorker.java:477)
	at org.apache.ratis.server.raftlog.segmented.SegmentedRaftLogWorker.run(SegmentedRaftLogWorker.java:289)
	at java.lang.Thread.run(Thread.java:748)
Caused by: java.util.concurrent.TimeoutException
	at java.util.concurrent.CompletableFuture.timedGet(CompletableFuture.java:1771)
	at java.util.concurrent.CompletableFuture.get(CompletableFuture.java:1915)
	at org.apache.ratis.util.IOUtils.getFromFuture(IOUtils.java:79)
	... 4 more
2019-09-17 05:57:00,711 [f6013552-a382-44c6-bdc3-8253bd9e054c@group-E2F58C278DC5-SegmentedRaftLogWorker] WARN  segmented.SegmentedRaftLogWorker (SegmentedRaftLogWorker.java:getFromFuture(90)) - Timeout 0/~
org.apache.ratis.protocol.TimeoutIOException: Timeout 10s: WriteLog:12: (t:2, i:12), STATEMACHINELOGENTRY, client-437EC11F6ED9, cid=22-writeStateMachineData
	at org.apache.ratis.util.IOUtils.getFromFuture(IOUtils.java:87)
	at org.apache.ratis.server.raftlog.segmented.SegmentedRaftLogWorker$StateMachineDataPolicy.getFromFuture(SegmentedRaftLogWorker.java:87)
	at org.apache.ratis.server.raftlog.segmented.SegmentedRaftLogWorker$WriteLog.execute(SegmentedRaftLogWorker.java:477)
	at org.apache.ratis.server.raftlog.segmented.SegmentedRaftLogWorker.run(SegmentedRaftLogWorker.java:289)
	at java.lang.Thread.run(Thread.java:748)
Caused by: java.util.concurrent.TimeoutException
	at java.util.concurrent.CompletableFuture.timedGet(CompletableFuture.java:1771)
	at java.util.concurrent.CompletableFuture.get(CompletableFuture.java:1915)
	at org.apache.ratis.util.IOUtils.getFromFuture(IOUtils.java:79)
	... 4 more
2019-09-17 05:57:00,788 [grpc-default-executor-5] INFO  client.GrpcClientProtocolClient (GrpcClientProtocolClient.java:onNext(264)) - client-437EC11F6ED9->3ec0bce2-5a80-4efc-b2ca-bab81cc18a9f: receive RaftClientReply:client-437EC11F6ED9->3ec0bce2-5a80-4efc-b2ca-bab81cc18a9f@group-E2F58C278DC5, cid=21, FAILED org.apache.ratis.protocol.NotLeaderException: Server 3ec0bce2-5a80-4efc-b2ca-bab81cc18a9f@group-E2F58C278DC5 is not the leader f6013552-a382-44c6-bdc3-8253bd9e054c:192.168.34.7:43799, logIndex=0, commits[3ec0bce2-5a80-4efc-b2ca-bab81cc18a9f:c10, f6013552-a382-44c6-bdc3-8253bd9e054c:c10, c5233a29-19a6-42e1-869f-0cfd92a1650c:c6]
2019-09-17 05:57:01,156 [java.util.concurrent.ThreadPoolExecutor$Worker@6f944d64[State = -1, empty queue]] WARN  server.GrpcLogAppender (GrpcLogAppender.java:timeoutAppendRequest(200)) - f6013552-a382-44c6-bdc3-8253bd9e054c@group-E2F58C278DC5->3ec0bce2-5a80-4efc-b2ca-bab81cc18a9f-GrpcLogAppender: appendEntries Timeout, request=f6013552-a382-44c6-bdc3-8253bd9e054c->3ec0bce2-5a80-4efc-b2ca-bab81cc18a9f#17-t2, previous=(t:2, i:13), leaderCommit=10, initializing? false, entries: <empty>
2019-09-17 05:57:01,156 [java.util.concurrent.ThreadPoolExecutor$Worker@bab41d4[State = -1, empty queue]] WARN  server.GrpcLogAppender (GrpcLogAppender.java:timeoutAppendRequest(200)) - f6013552-a382-44c6-bdc3-8253bd9e054c@group-E2F58C278DC5->c5233a29-19a6-42e1-869f-0cfd92a1650c-GrpcLogAppender: appendEntries Timeout, request=f6013552-a382-44c6-bdc3-8253bd9e054c->c5233a29-19a6-42e1-869f-0cfd92a1650c#17-t2, previous=(t:2, i:13), leaderCommit=10, initializing? false, entries: <empty>
2019-09-17 05:57:03,656 [java.util.concurrent.ThreadPoolExecutor$Worker@bab41d4[State = -1, empty queue]] WARN  server.GrpcLogAppender (GrpcLogAppender.java:timeoutAppendRequest(200)) - f6013552-a382-44c6-bdc3-8253bd9e054c@group-E2F58C278DC5->c5233a29-19a6-42e1-869f-0cfd92a1650c-GrpcLogAppender: appendEntries Timeout, request=f6013552-a382-44c6-bdc3-8253bd9e054c->c5233a29-19a6-42e1-869f-0cfd92a1650c#18-t2, previous=(t:2, i:13), leaderCommit=10, initializing? false, entries: <empty>
2019-09-17 05:57:03,656 [java.util.concurrent.ThreadPoolExecutor$Worker@6f944d64[State = -1, empty queue]] WARN  server.GrpcLogAppender (GrpcLogAppender.java:timeoutAppendRequest(200)) - f6013552-a382-44c6-bdc3-8253bd9e054c@group-E2F58C278DC5->3ec0bce2-5a80-4efc-b2ca-bab81cc18a9f-GrpcLogAppender: appendEntries Timeout, request=f6013552-a382-44c6-bdc3-8253bd9e054c->3ec0bce2-5a80-4efc-b2ca-bab81cc18a9f#18-t2, previous=(t:2, i:13), leaderCommit=10, initializing? false, entries: <empty>
2019-09-17 05:57:05,840 [grpc-default-executor-2] INFO  client.GrpcClientProtocolClient (GrpcClientProtocolClient.java:onNext(264)) - client-437EC11F6ED9->c5233a29-19a6-42e1-869f-0cfd92a1650c: receive RaftClientReply:client-437EC11F6ED9->c5233a29-19a6-42e1-869f-0cfd92a1650c@group-E2F58C278DC5, cid=21, FAILED org.apache.ratis.protocol.NotLeaderException: Server c5233a29-19a6-42e1-869f-0cfd92a1650c@group-E2F58C278DC5 is not the leader f6013552-a382-44c6-bdc3-8253bd9e054c:192.168.34.7:43799, logIndex=0, commits[c5233a29-19a6-42e1-869f-0cfd92a1650c:c10, f6013552-a382-44c6-bdc3-8253bd9e054c:c10, 3ec0bce2-5a80-4efc-b2ca-bab81cc18a9f:c6]
2019-09-17 05:57:06,158 [java.util.concurrent.ThreadPoolExecutor$Worker@bab41d4[State = -1, empty queue]] WARN  server.GrpcLogAppender (GrpcLogAppender.java:timeoutAppendRequest(200)) - f6013552-a382-44c6-bdc3-8253bd9e054c@group-E2F58C278DC5->c5233a29-19a6-42e1-869f-0cfd92a1650c-GrpcLogAppender: appendEntries Timeout, request=f6013552-a382-44c6-bdc3-8253bd9e054c->c5233a29-19a6-42e1-869f-0cfd92a1650c#19-t2, previous=(t:2, i:13), leaderCommit=10, initializing? false, entries: <empty>
2019-09-17 05:57:06,158 [java.util.concurrent.ThreadPoolExecutor$Worker@6f944d64[State = -1, empty queue]] WARN  server.GrpcLogAppender (GrpcLogAppender.java:timeoutAppendRequest(200)) - f6013552-a382-44c6-bdc3-8253bd9e054c@group-E2F58C278DC5->3ec0bce2-5a80-4efc-b2ca-bab81cc18a9f-GrpcLogAppender: appendEntries Timeout, request=f6013552-a382-44c6-bdc3-8253bd9e054c->3ec0bce2-5a80-4efc-b2ca-bab81cc18a9f#19-t2, previous=(t:2, i:13), leaderCommit=10, initializing? false, entries: <empty>
2019-09-17 05:57:08,659 [java.util.concurrent.ThreadPoolExecutor$Worker@bab41d4[State = -1, empty queue]] WARN  server.GrpcLogAppender (GrpcLogAppender.java:timeoutAppendRequest(200)) - f6013552-a382-44c6-bdc3-8253bd9e054c@group-E2F58C278DC5->c5233a29-19a6-42e1-869f-0cfd92a1650c-GrpcLogAppender: appendEntries Timeout, request=f6013552-a382-44c6-bdc3-8253bd9e054c->c5233a29-19a6-42e1-869f-0cfd92a1650c#20-t2, previous=(t:2, i:13), leaderCommit=10, initializing? false, entries: <empty>
2019-09-17 05:57:08,659 [java.util.concurrent.ThreadPoolExecutor$Worker@6f944d64[State = -1, empty queue]] WARN  server.GrpcLogAppender (GrpcLogAppender.java:timeoutAppendRequest(200)) - f6013552-a382-44c6-bdc3-8253bd9e054c@group-E2F58C278DC5->3ec0bce2-5a80-4efc-b2ca-bab81cc18a9f-GrpcLogAppender: appendEntries Timeout, request=f6013552-a382-44c6-bdc3-8253bd9e054c->3ec0bce2-5a80-4efc-b2ca-bab81cc18a9f#20-t2, previous=(t:2, i:13), leaderCommit=10, initializing? false, entries: <empty>
2019-09-17 05:57:10,713 [c5233a29-19a6-42e1-869f-0cfd92a1650c@group-E2F58C278DC5-SegmentedRaftLogWorker] WARN  segmented.SegmentedRaftLogWorker (SegmentedRaftLogWorker.java:getFromFuture(90)) - Timeout 1/~
org.apache.ratis.protocol.TimeoutIOException: Timeout 10s: WriteLog:12: (t:2, i:12), STATEMACHINELOGENTRY, client-437EC11F6ED9, cid=22-writeStateMachineData
	at org.apache.ratis.util.IOUtils.getFromFuture(IOUtils.java:87)
	at org.apache.ratis.server.raftlog.segmented.SegmentedRaftLogWorker$StateMachineDataPolicy.getFromFuture(SegmentedRaftLogWorker.java:87)
	at org.apache.ratis.server.raftlog.segmented.SegmentedRaftLogWorker$WriteLog.execute(SegmentedRaftLogWorker.java:477)
	at org.apache.ratis.server.raftlog.segmented.SegmentedRaftLogWorker.run(SegmentedRaftLogWorker.java:289)
	at java.lang.Thread.run(Thread.java:748)
Caused by: java.util.concurrent.TimeoutException
	at java.util.concurrent.CompletableFuture.timedGet(CompletableFuture.java:1771)
	at java.util.concurrent.CompletableFuture.get(CompletableFuture.java:1915)
	at org.apache.ratis.util.IOUtils.getFromFuture(IOUtils.java:79)
	... 4 more
2019-09-17 05:57:10,713 [f6013552-a382-44c6-bdc3-8253bd9e054c@group-E2F58C278DC5-SegmentedRaftLogWorker] WARN  segmented.SegmentedRaftLogWorker (SegmentedRaftLogWorker.java:getFromFuture(90)) - Timeout 1/~
org.apache.ratis.protocol.TimeoutIOException: Timeout 10s: WriteLog:12: (t:2, i:12), STATEMACHINELOGENTRY, client-437EC11F6ED9, cid=22-writeStateMachineData
	at org.apache.ratis.util.IOUtils.getFromFuture(IOUtils.java:87)
	at org.apache.ratis.server.raftlog.segmented.SegmentedRaftLogWorker$StateMachineDataPolicy.getFromFuture(SegmentedRaftLogWorker.java:87)
	at org.apache.ratis.server.raftlog.segmented.SegmentedRaftLogWorker$WriteLog.execute(SegmentedRaftLogWorker.java:477)
	at org.apache.ratis.server.raftlog.segmented.SegmentedRaftLogWorker.run(SegmentedRaftLogWorker.java:289)
	at java.lang.Thread.run(Thread.java:748)
Caused by: java.util.concurrent.TimeoutException
	at java.util.concurrent.CompletableFuture.timedGet(CompletableFuture.java:1771)
	at java.util.concurrent.CompletableFuture.get(CompletableFuture.java:1915)
	at org.apache.ratis.util.IOUtils.getFromFuture(IOUtils.java:79)
	... 4 more
2019-09-17 05:57:10,713 [3ec0bce2-5a80-4efc-b2ca-bab81cc18a9f@group-E2F58C278DC5-SegmentedRaftLogWorker] WARN  segmented.SegmentedRaftLogWorker (SegmentedRaftLogWorker.java:getFromFuture(90)) - Timeout 1/~
org.apache.ratis.protocol.TimeoutIOException: Timeout 10s: WriteLog:12: (t:2, i:12), STATEMACHINELOGENTRY, client-437EC11F6ED9, cid=22-writeStateMachineData
	at org.apache.ratis.util.IOUtils.getFromFuture(IOUtils.java:87)
	at org.apache.ratis.server.raftlog.segmented.SegmentedRaftLogWorker$StateMachineDataPolicy.getFromFuture(SegmentedRaftLogWorker.java:87)
	at org.apache.ratis.server.raftlog.segmented.SegmentedRaftLogWorker$WriteLog.execute(SegmentedRaftLogWorker.java:477)
	at org.apache.ratis.server.raftlog.segmented.SegmentedRaftLogWorker.run(SegmentedRaftLogWorker.java:289)
	at java.lang.Thread.run(Thread.java:748)
Caused by: java.util.concurrent.TimeoutException
	at java.util.concurrent.CompletableFuture.timedGet(CompletableFuture.java:1771)
	at java.util.concurrent.CompletableFuture.get(CompletableFuture.java:1915)
	at org.apache.ratis.util.IOUtils.getFromFuture(IOUtils.java:79)
	... 4 more
2019-09-17 05:57:10,914 [grpc-default-executor-2] INFO  client.GrpcClientProtocolClient (GrpcClientProtocolClient.java:onNext(264)) - client-437EC11F6ED9->c5233a29-19a6-42e1-869f-0cfd92a1650c: receive RaftClientReply:client-437EC11F6ED9->c5233a29-19a6-42e1-869f-0cfd92a1650c@group-E2F58C278DC5, cid=21, FAILED org.apache.ratis.protocol.NotLeaderException: Server c5233a29-19a6-42e1-869f-0cfd92a1650c@group-E2F58C278DC5 is not the leader f6013552-a382-44c6-bdc3-8253bd9e054c:192.168.34.7:43799, logIndex=0, commits[c5233a29-19a6-42e1-869f-0cfd92a1650c:c10, f6013552-a382-44c6-bdc3-8253bd9e054c:c10, 3ec0bce2-5a80-4efc-b2ca-bab81cc18a9f:c6]
2019-09-17 05:57:11,160 [java.util.concurrent.ThreadPoolExecutor$Worker@6f944d64[State = -1, empty queue]] WARN  server.GrpcLogAppender (GrpcLogAppender.java:timeoutAppendRequest(200)) - f6013552-a382-44c6-bdc3-8253bd9e054c@group-E2F58C278DC5->3ec0bce2-5a80-4efc-b2ca-bab81cc18a9f-GrpcLogAppender: appendEntries Timeout, request=f6013552-a382-44c6-bdc3-8253bd9e054c->3ec0bce2-5a80-4efc-b2ca-bab81cc18a9f#21-t2, previous=(t:2, i:13), leaderCommit=10, initializing? false, entries: <empty>
2019-09-17 05:57:11,160 [java.util.concurrent.ThreadPoolExecutor$Worker@bab41d4[State = -1, empty queue]] WARN  server.GrpcLogAppender (GrpcLogAppender.java:timeoutAppendRequest(200)) - f6013552-a382-44c6-bdc3-8253bd9e054c@group-E2F58C278DC5->c5233a29-19a6-42e1-869f-0cfd92a1650c-GrpcLogAppender: appendEntries Timeout, request=f6013552-a382-44c6-bdc3-8253bd9e054c->c5233a29-19a6-42e1-869f-0cfd92a1650c#21-t2, previous=(t:2, i:13), leaderCommit=10, initializing? false, entries: <empty>
2019-09-17 05:57:13,661 [java.util.concurrent.ThreadPoolExecutor$Worker@6f944d64[State = -1, empty queue]] WARN  server.GrpcLogAppender (GrpcLogAppender.java:timeoutAppendRequest(200)) - f6013552-a382-44c6-bdc3-8253bd9e054c@group-E2F58C278DC5->3ec0bce2-5a80-4efc-b2ca-bab81cc18a9f-GrpcLogAppender: appendEntries Timeout, request=f6013552-a382-44c6-bdc3-8253bd9e054c->3ec0bce2-5a80-4efc-b2ca-bab81cc18a9f#22-t2, previous=(t:2, i:13), leaderCommit=10, initializing? false, entries: <empty>
2019-09-17 05:57:13,661 [java.util.concurrent.ThreadPoolExecutor$Worker@bab41d4[State = -1, empty queue]] WARN  server.GrpcLogAppender (GrpcLogAppender.java:timeoutAppendRequest(200)) - f6013552-a382-44c6-bdc3-8253bd9e054c@group-E2F58C278DC5->c5233a29-19a6-42e1-869f-0cfd92a1650c-GrpcLogAppender: appendEntries Timeout, request=f6013552-a382-44c6-bdc3-8253bd9e054c->c5233a29-19a6-42e1-869f-0cfd92a1650c#22-t2, previous=(t:2, i:13), leaderCommit=10, initializing? false, entries: <empty>
2019-09-17 05:57:15,967 [grpc-default-executor-2] INFO  client.GrpcClientProtocolClient (GrpcClientProtocolClient.java:onNext(264)) - client-437EC11F6ED9->3ec0bce2-5a80-4efc-b2ca-bab81cc18a9f: receive RaftClientReply:client-437EC11F6ED9->3ec0bce2-5a80-4efc-b2ca-bab81cc18a9f@group-E2F58C278DC5, cid=21, FAILED org.apache.ratis.protocol.NotLeaderException: Server 3ec0bce2-5a80-4efc-b2ca-bab81cc18a9f@group-E2F58C278DC5 is not the leader f6013552-a382-44c6-bdc3-8253bd9e054c:192.168.34.7:43799, logIndex=0, commits[3ec0bce2-5a80-4efc-b2ca-bab81cc18a9f:c10, f6013552-a382-44c6-bdc3-8253bd9e054c:c10, c5233a29-19a6-42e1-869f-0cfd92a1650c:c6]
2019-09-17 05:57:16,162 [java.util.concurrent.ThreadPoolExecutor$Worker@6f944d64[State = -1, empty queue]] WARN  server.GrpcLogAppender (GrpcLogAppender.java:timeoutAppendRequest(200)) - f6013552-a382-44c6-bdc3-8253bd9e054c@group-E2F58C278DC5->3ec0bce2-5a80-4efc-b2ca-bab81cc18a9f-GrpcLogAppender: appendEntries Timeout, request=f6013552-a382-44c6-bdc3-8253bd9e054c->3ec0bce2-5a80-4efc-b2ca-bab81cc18a9f#23-t2, previous=(t:2, i:13), leaderCommit=10, initializing? false, entries: <empty>
2019-09-17 05:57:16,162 [java.util.concurrent.ThreadPoolExecutor$Worker@bab41d4[State = -1, empty queue]] WARN  server.GrpcLogAppender (GrpcLogAppender.java:timeoutAppendRequest(200)) - f6013552-a382-44c6-bdc3-8253bd9e054c@group-E2F58C278DC5->c5233a29-19a6-42e1-869f-0cfd92a1650c-GrpcLogAppender: appendEntries Timeout, request=f6013552-a382-44c6-bdc3-8253bd9e054c->c5233a29-19a6-42e1-869f-0cfd92a1650c#23-t2, previous=(t:2, i:13), leaderCommit=10, initializing? false, entries: <empty>
2019-09-17 05:57:18,663 [java.util.concurrent.ThreadPoolExecutor$Worker@6f944d64[State = -1, empty queue]] WARN  server.GrpcLogAppender (GrpcLogAppender.java:timeoutAppendRequest(200)) - f6013552-a382-44c6-bdc3-8253bd9e054c@group-E2F58C278DC5->3ec0bce2-5a80-4efc-b2ca-bab81cc18a9f-GrpcLogAppender: appendEntries Timeout, request=f6013552-a382-44c6-bdc3-8253bd9e054c->3ec0bce2-5a80-4efc-b2ca-bab81cc18a9f#24-t2, previous=(t:2, i:13), leaderCommit=10, initializing? false, entries: <empty>
2019-09-17 05:57:18,663 [java.util.concurrent.ThreadPoolExecutor$Worker@bab41d4[State = -1, empty queue]] WARN  server.GrpcLogAppender (GrpcLogAppender.java:timeoutAppendRequest(200)) - f6013552-a382-44c6-bdc3-8253bd9e054c@group-E2F58C278DC5->c5233a29-19a6-42e1-869f-0cfd92a1650c-GrpcLogAppender: appendEntries Timeout, request=f6013552-a382-44c6-bdc3-8253bd9e054c->c5233a29-19a6-42e1-869f-0cfd92a1650c#24-t2, previous=(t:2, i:13), leaderCommit=10, initializing? false, entries: <empty>
2019-09-17 05:57:20,714 [c5233a29-19a6-42e1-869f-0cfd92a1650c@group-E2F58C278DC5-SegmentedRaftLogWorker] WARN  segmented.SegmentedRaftLogWorker (SegmentedRaftLogWorker.java:getFromFuture(90)) - Timeout 2/~
org.apache.ratis.protocol.TimeoutIOException: Timeout 10s: WriteLog:12: (t:2, i:12), STATEMACHINELOGENTRY, client-437EC11F6ED9, cid=22-writeStateMachineData
	at org.apache.ratis.util.IOUtils.getFromFuture(IOUtils.java:87)
	at org.apache.ratis.server.raftlog.segmented.SegmentedRaftLogWorker$StateMachineDataPolicy.getFromFuture(SegmentedRaftLogWorker.java:87)
	at org.apache.ratis.server.raftlog.segmented.SegmentedRaftLogWorker$WriteLog.execute(SegmentedRaftLogWorker.java:477)
	at org.apache.ratis.server.raftlog.segmented.SegmentedRaftLogWorker.run(SegmentedRaftLogWorker.java:289)
	at java.lang.Thread.run(Thread.java:748)
Caused by: java.util.concurrent.TimeoutException
	at java.util.concurrent.CompletableFuture.timedGet(CompletableFuture.java:1771)
	at java.util.concurrent.CompletableFuture.get(CompletableFuture.java:1915)
	at org.apache.ratis.util.IOUtils.getFromFuture(IOUtils.java:79)
	... 4 more
2019-09-17 05:57:20,715 [f6013552-a382-44c6-bdc3-8253bd9e054c@group-E2F58C278DC5-SegmentedRaftLogWorker] WARN  segmented.SegmentedRaftLogWorker (SegmentedRaftLogWorker.java:getFromFuture(90)) - Timeout 2/~
org.apache.ratis.protocol.TimeoutIOException: Timeout 10s: WriteLog:12: (t:2, i:12), STATEMACHINELOGENTRY, client-437EC11F6ED9, cid=22-writeStateMachineData
	at org.apache.ratis.util.IOUtils.getFromFuture(IOUtils.java:87)
	at org.apache.ratis.server.raftlog.segmented.SegmentedRaftLogWorker$StateMachineDataPolicy.getFromFuture(SegmentedRaftLogWorker.java:87)
	at org.apache.ratis.server.raftlog.segmented.SegmentedRaftLogWorker$WriteLog.execute(SegmentedRaftLogWorker.java:477)
	at org.apache.ratis.server.raftlog.segmented.SegmentedRaftLogWorker.run(SegmentedRaftLogWorker.java:289)
	at java.lang.Thread.run(Thread.java:748)
Caused by: java.util.concurrent.TimeoutException
	at java.util.concurrent.CompletableFuture.timedGet(CompletableFuture.java:1771)
	at java.util.concurrent.CompletableFuture.get(CompletableFuture.java:1915)
	at org.apache.ratis.util.IOUtils.getFromFuture(IOUtils.java:79)
	... 4 more
2019-09-17 05:57:20,715 [3ec0bce2-5a80-4efc-b2ca-bab81cc18a9f@group-E2F58C278DC5-SegmentedRaftLogWorker] WARN  segmented.SegmentedRaftLogWorker (SegmentedRaftLogWorker.java:getFromFuture(90)) - Timeout 2/~
org.apache.ratis.protocol.TimeoutIOException: Timeout 10s: WriteLog:12: (t:2, i:12), STATEMACHINELOGENTRY, client-437EC11F6ED9, cid=22-writeStateMachineData
	at org.apache.ratis.util.IOUtils.getFromFuture(IOUtils.java:87)
	at org.apache.ratis.server.raftlog.segmented.SegmentedRaftLogWorker$StateMachineDataPolicy.getFromFuture(SegmentedRaftLogWorker.java:87)
	at org.apache.ratis.server.raftlog.segmented.SegmentedRaftLogWorker$WriteLog.execute(SegmentedRaftLogWorker.java:477)
	at org.apache.ratis.server.raftlog.segmented.SegmentedRaftLogWorker.run(SegmentedRaftLogWorker.java:289)
	at java.lang.Thread.run(Thread.java:748)
Caused by: java.util.concurrent.TimeoutException
	at java.util.concurrent.CompletableFuture.timedGet(CompletableFuture.java:1771)
	at java.util.concurrent.CompletableFuture.get(CompletableFuture.java:1915)
	at org.apache.ratis.util.IOUtils.getFromFuture(IOUtils.java:79)
	... 4 more
2019-09-17 05:57:21,007 [grpc-default-executor-2] INFO  client.GrpcClientProtocolClient (GrpcClientProtocolClient.java:onNext(264)) - client-437EC11F6ED9->3ec0bce2-5a80-4efc-b2ca-bab81cc18a9f: receive RaftClientReply:client-437EC11F6ED9->3ec0bce2-5a80-4efc-b2ca-bab81cc18a9f@group-E2F58C278DC5, cid=21, FAILED org.apache.ratis.protocol.NotLeaderException: Server 3ec0bce2-5a80-4efc-b2ca-bab81cc18a9f@group-E2F58C278DC5 is not the leader f6013552-a382-44c6-bdc3-8253bd9e054c:192.168.34.7:43799, logIndex=0, commits[3ec0bce2-5a80-4efc-b2ca-bab81cc18a9f:c10, f6013552-a382-44c6-bdc3-8253bd9e054c:c10, c5233a29-19a6-42e1-869f-0cfd92a1650c:c6]
2019-09-17 05:57:21,164 [java.util.concurrent.ThreadPoolExecutor$Worker@6f944d64[State = -1, empty queue]] WARN  server.GrpcLogAppender (GrpcLogAppender.java:timeoutAppendRequest(200)) - f6013552-a382-44c6-bdc3-8253bd9e054c@group-E2F58C278DC5->3ec0bce2-5a80-4efc-b2ca-bab81cc18a9f-GrpcLogAppender: appendEntries Timeout, request=f6013552-a382-44c6-bdc3-8253bd9e054c->3ec0bce2-5a80-4efc-b2ca-bab81cc18a9f#25-t2, previous=(t:2, i:13), leaderCommit=10, initializing? false, entries: <empty>
2019-09-17 05:57:21,164 [java.util.concurrent.ThreadPoolExecutor$Worker@bab41d4[State = -1, empty queue]] WARN  server.GrpcLogAppender (GrpcLogAppender.java:timeoutAppendRequest(200)) - f6013552-a382-44c6-bdc3-8253bd9e054c@group-E2F58C278DC5->c5233a29-19a6-42e1-869f-0cfd92a1650c-GrpcLogAppender: appendEntries Timeout, request=f6013552-a382-44c6-bdc3-8253bd9e054c->c5233a29-19a6-42e1-869f-0cfd92a1650c#25-t2, previous=(t:2, i:13), leaderCommit=10, initializing? false, entries: <empty>
2019-09-17 05:57:23,664 [java.util.concurrent.ThreadPoolExecutor$Worker@6f944d64[State = -1, empty queue]] WARN  server.GrpcLogAppender (GrpcLogAppender.java:timeoutAppendRequest(200)) - f6013552-a382-44c6-bdc3-8253bd9e054c@group-E2F58C278DC5->3ec0bce2-5a80-4efc-b2ca-bab81cc18a9f-GrpcLogAppender: appendEntries Timeout, request=f6013552-a382-44c6-bdc3-8253bd9e054c->3ec0bce2-5a80-4efc-b2ca-bab81cc18a9f#26-t2, previous=(t:2, i:13), leaderCommit=10, initializing? false, entries: <empty>
2019-09-17 05:57:23,664 [java.util.concurrent.ThreadPoolExecutor$Worker@bab41d4[State = -1, empty queue]] WARN  server.GrpcLogAppender (GrpcLogAppender.java:timeoutAppendRequest(200)) - f6013552-a382-44c6-bdc3-8253bd9e054c@group-E2F58C278DC5->c5233a29-19a6-42e1-869f-0cfd92a1650c-GrpcLogAppender: appendEntries Timeout, request=f6013552-a382-44c6-bdc3-8253bd9e054c->c5233a29-19a6-42e1-869f-0cfd92a1650c#26-t2, previous=(t:2, i:13), leaderCommit=10, initializing? false, entries: <empty>
2019-09-17 05:57:26,071 [grpc-default-executor-1] INFO  client.GrpcClientProtocolClient (GrpcClientProtocolClient.java:onNext(264)) - client-437EC11F6ED9->c5233a29-19a6-42e1-869f-0cfd92a1650c: receive RaftClientReply:client-437EC11F6ED9->c5233a29-19a6-42e1-869f-0cfd92a1650c@group-E2F58C278DC5, cid=21, FAILED org.apache.ratis.protocol.NotLeaderException: Server c5233a29-19a6-42e1-869f-0cfd92a1650c@group-E2F58C278DC5 is not the leader f6013552-a382-44c6-bdc3-8253bd9e054c:192.168.34.7:43799, logIndex=0, commits[c5233a29-19a6-42e1-869f-0cfd92a1650c:c10, f6013552-a382-44c6-bdc3-8253bd9e054c:c10, 3ec0bce2-5a80-4efc-b2ca-bab81cc18a9f:c6]
2019-09-17 05:57:26,165 [java.util.concurrent.ThreadPoolExecutor$Worker@6f944d64[State = -1, empty queue]] WARN  server.GrpcLogAppender (GrpcLogAppender.java:timeoutAppendRequest(200)) - f6013552-a382-44c6-bdc3-8253bd9e054c@group-E2F58C278DC5->3ec0bce2-5a80-4efc-b2ca-bab81cc18a9f-GrpcLogAppender: appendEntries Timeout, request=f6013552-a382-44c6-bdc3-8253bd9e054c->3ec0bce2-5a80-4efc-b2ca-bab81cc18a9f#27-t2, previous=(t:2, i:13), leaderCommit=10, initializing? false, entries: <empty>
2019-09-17 05:57:26,165 [java.util.concurrent.ThreadPoolExecutor$Worker@bab41d4[State = -1, empty queue]] WARN  server.GrpcLogAppender (GrpcLogAppender.java:timeoutAppendRequest(200)) - f6013552-a382-44c6-bdc3-8253bd9e054c@group-E2F58C278DC5->c5233a29-19a6-42e1-869f-0cfd92a1650c-GrpcLogAppender: appendEntries Timeout, request=f6013552-a382-44c6-bdc3-8253bd9e054c->c5233a29-19a6-42e1-869f-0cfd92a1650c#27-t2, previous=(t:2, i:13), leaderCommit=10, initializing? false, entries: <empty>
2019-09-17 05:57:28,668 [java.util.concurrent.ThreadPoolExecutor$Worker@bab41d4[State = -1, empty queue]] WARN  server.GrpcLogAppender (GrpcLogAppender.java:timeoutAppendRequest(200)) - f6013552-a382-44c6-bdc3-8253bd9e054c@group-E2F58C278DC5->c5233a29-19a6-42e1-869f-0cfd92a1650c-GrpcLogAppender: appendEntries Timeout, request=f6013552-a382-44c6-bdc3-8253bd9e054c->c5233a29-19a6-42e1-869f-0cfd92a1650c#28-t2, previous=(t:2, i:13), leaderCommit=10, initializing? false, entries: <empty>
2019-09-17 05:57:28,668 [java.util.concurrent.ThreadPoolExecutor$Worker@6f944d64[State = -1, empty queue]] WARN  server.GrpcLogAppender (GrpcLogAppender.java:timeoutAppendRequest(200)) - f6013552-a382-44c6-bdc3-8253bd9e054c@group-E2F58C278DC5->3ec0bce2-5a80-4efc-b2ca-bab81cc18a9f-GrpcLogAppender: appendEntries Timeout, request=f6013552-a382-44c6-bdc3-8253bd9e054c->3ec0bce2-5a80-4efc-b2ca-bab81cc18a9f#28-t2, previous=(t:2, i:13), leaderCommit=10, initializing? false, entries: <empty>
2019-09-17 05:57:30,715 [c5233a29-19a6-42e1-869f-0cfd92a1650c@group-E2F58C278DC5-SegmentedRaftLogWorker] WARN  segmented.SegmentedRaftLogWorker (SegmentedRaftLogWorker.java:getFromFuture(90)) - Timeout 3/~
org.apache.ratis.protocol.TimeoutIOException: Timeout 10s: WriteLog:12: (t:2, i:12), STATEMACHINELOGENTRY, client-437EC11F6ED9, cid=22-writeStateMachineData
	at org.apache.ratis.util.IOUtils.getFromFuture(IOUtils.java:87)
	at org.apache.ratis.server.raftlog.segmented.SegmentedRaftLogWorker$StateMachineDataPolicy.getFromFuture(SegmentedRaftLogWorker.java:87)
	at org.apache.ratis.server.raftlog.segmented.SegmentedRaftLogWorker$WriteLog.execute(SegmentedRaftLogWorker.java:477)
	at org.apache.ratis.server.raftlog.segmented.SegmentedRaftLogWorker.run(SegmentedRaftLogWorker.java:289)
	at java.lang.Thread.run(Thread.java:748)
Caused by: java.util.concurrent.TimeoutException
	at java.util.concurrent.CompletableFuture.timedGet(CompletableFuture.java:1771)
	at java.util.concurrent.CompletableFuture.get(CompletableFuture.java:1915)
	at org.apache.ratis.util.IOUtils.getFromFuture(IOUtils.java:79)
	... 4 more
2019-09-17 05:57:30,716 [f6013552-a382-44c6-bdc3-8253bd9e054c@group-E2F58C278DC5-SegmentedRaftLogWorker] WARN  segmented.SegmentedRaftLogWorker (SegmentedRaftLogWorker.java:getFromFuture(90)) - Timeout 3/~
org.apache.ratis.protocol.TimeoutIOException: Timeout 10s: WriteLog:12: (t:2, i:12), STATEMACHINELOGENTRY, client-437EC11F6ED9, cid=22-writeStateMachineData
	at org.apache.ratis.util.IOUtils.getFromFuture(IOUtils.java:87)
	at org.apache.ratis.server.raftlog.segmented.SegmentedRaftLogWorker$StateMachineDataPolicy.getFromFuture(SegmentedRaftLogWorker.java:87)
	at org.apache.ratis.server.raftlog.segmented.SegmentedRaftLogWorker$WriteLog.execute(SegmentedRaftLogWorker.java:477)
	at org.apache.ratis.server.raftlog.segmented.SegmentedRaftLogWorker.run(SegmentedRaftLogWorker.java:289)
	at java.lang.Thread.run(Thread.java:748)
Caused by: java.util.concurrent.TimeoutException
	at java.util.concurrent.CompletableFuture.timedGet(CompletableFuture.java:1771)
	at java.util.concurrent.CompletableFuture.get(CompletableFuture.java:1915)
	at org.apache.ratis.util.IOUtils.getFromFuture(IOUtils.java:79)
	... 4 more
2019-09-17 05:57:30,717 [3ec0bce2-5a80-4efc-b2ca-bab81cc18a9f@group-E2F58C278DC5-SegmentedRaftLogWorker] WARN  segmented.SegmentedRaftLogWorker (SegmentedRaftLogWorker.java:getFromFuture(90)) - Timeout 3/~
org.apache.ratis.protocol.TimeoutIOException: Timeout 10s: WriteLog:12: (t:2, i:12), STATEMACHINELOGENTRY, client-437EC11F6ED9, cid=22-writeStateMachineData
	at org.apache.ratis.util.IOUtils.getFromFuture(IOUtils.java:87)
	at org.apache.ratis.server.raftlog.segmented.SegmentedRaftLogWorker$StateMachineDataPolicy.getFromFuture(SegmentedRaftLogWorker.java:87)
	at org.apache.ratis.server.raftlog.segmented.SegmentedRaftLogWorker$WriteLog.execute(SegmentedRaftLogWorker.java:477)
	at org.apache.ratis.server.raftlog.segmented.SegmentedRaftLogWorker.run(SegmentedRaftLogWorker.java:289)
	at java.lang.Thread.run(Thread.java:748)
Caused by: java.util.concurrent.TimeoutException
	at java.util.concurrent.CompletableFuture.timedGet(CompletableFuture.java:1771)
	at java.util.concurrent.CompletableFuture.get(CompletableFuture.java:1915)
	at org.apache.ratis.util.IOUtils.getFromFuture(IOUtils.java:79)
	... 4 more
2019-09-17 05:57:31,121 [grpc-default-executor-2] INFO  client.GrpcClientProtocolClient (GrpcClientProtocolClient.java:onNext(264)) - client-437EC11F6ED9->3ec0bce2-5a80-4efc-b2ca-bab81cc18a9f: receive RaftClientReply:client-437EC11F6ED9->3ec0bce2-5a80-4efc-b2ca-bab81cc18a9f@group-E2F58C278DC5, cid=21, FAILED org.apache.ratis.protocol.NotLeaderException: Server 3ec0bce2-5a80-4efc-b2ca-bab81cc18a9f@group-E2F58C278DC5 is not the leader f6013552-a382-44c6-bdc3-8253bd9e054c:192.168.34.7:43799, logIndex=0, commits[3ec0bce2-5a80-4efc-b2ca-bab81cc18a9f:c10, f6013552-a382-44c6-bdc3-8253bd9e054c:c10, c5233a29-19a6-42e1-869f-0cfd92a1650c:c6]
2019-09-17 05:57:31,170 [java.util.concurrent.ThreadPoolExecutor$Worker@6f944d64[State = -1, empty queue]] WARN  server.GrpcLogAppender (GrpcLogAppender.java:timeoutAppendRequest(200)) - f6013552-a382-44c6-bdc3-8253bd9e054c@group-E2F58C278DC5->3ec0bce2-5a80-4efc-b2ca-bab81cc18a9f-GrpcLogAppender: appendEntries Timeout, request=f6013552-a382-44c6-bdc3-8253bd9e054c->3ec0bce2-5a80-4efc-b2ca-bab81cc18a9f#29-t2, previous=(t:2, i:13), leaderCommit=10, initializing? false, entries: <empty>
2019-09-17 05:57:31,170 [java.util.concurrent.ThreadPoolExecutor$Worker@bab41d4[State = -1, empty queue]] WARN  server.GrpcLogAppender (GrpcLogAppender.java:timeoutAppendRequest(200)) - f6013552-a382-44c6-bdc3-8253bd9e054c@group-E2F58C278DC5->c5233a29-19a6-42e1-869f-0cfd92a1650c-GrpcLogAppender: appendEntries Timeout, request=f6013552-a382-44c6-bdc3-8253bd9e054c->c5233a29-19a6-42e1-869f-0cfd92a1650c#29-t2, previous=(t:2, i:13), leaderCommit=10, initializing? false, entries: <empty>
2019-09-17 05:57:33,671 [java.util.concurrent.ThreadPoolExecutor$Worker@6f944d64[State = -1, empty queue]] WARN  server.GrpcLogAppender (GrpcLogAppender.java:timeoutAppendRequest(200)) - f6013552-a382-44c6-bdc3-8253bd9e054c@group-E2F58C278DC5->3ec0bce2-5a80-4efc-b2ca-bab81cc18a9f-GrpcLogAppender: appendEntries Timeout, request=f6013552-a382-44c6-bdc3-8253bd9e054c->3ec0bce2-5a80-4efc-b2ca-bab81cc18a9f#30-t2, previous=(t:2, i:13), leaderCommit=10, initializing? false, entries: <empty>
2019-09-17 05:57:33,671 [java.util.concurrent.ThreadPoolExecutor$Worker@bab41d4[State = -1, empty queue]] WARN  server.GrpcLogAppender (GrpcLogAppender.java:timeoutAppendRequest(200)) - f6013552-a382-44c6-bdc3-8253bd9e054c@group-E2F58C278DC5->c5233a29-19a6-42e1-869f-0cfd92a1650c-GrpcLogAppender: appendEntries Timeout, request=f6013552-a382-44c6-bdc3-8253bd9e054c->c5233a29-19a6-42e1-869f-0cfd92a1650c#30-t2, previous=(t:2, i:13), leaderCommit=10, initializing? false, entries: <empty>
2019-09-17 05:57:36,164 [grpc-default-executor-2] INFO  client.GrpcClientProtocolClient (GrpcClientProtocolClient.java:onNext(264)) - client-437EC11F6ED9->c5233a29-19a6-42e1-869f-0cfd92a1650c: receive RaftClientReply:client-437EC11F6ED9->c5233a29-19a6-42e1-869f-0cfd92a1650c@group-E2F58C278DC5, cid=21, FAILED org.apache.ratis.protocol.NotLeaderException: Server c5233a29-19a6-42e1-869f-0cfd92a1650c@group-E2F58C278DC5 is not the leader f6013552-a382-44c6-bdc3-8253bd9e054c:192.168.34.7:43799, logIndex=0, commits[c5233a29-19a6-42e1-869f-0cfd92a1650c:c10, f6013552-a382-44c6-bdc3-8253bd9e054c:c10, 3ec0bce2-5a80-4efc-b2ca-bab81cc18a9f:c6]
2019-09-17 05:57:36,172 [java.util.concurrent.ThreadPoolExecutor$Worker@bab41d4[State = -1, empty queue]] WARN  server.GrpcLogAppender (GrpcLogAppender.java:timeoutAppendRequest(200)) - f6013552-a382-44c6-bdc3-8253bd9e054c@group-E2F58C278DC5->c5233a29-19a6-42e1-869f-0cfd92a1650c-GrpcLogAppender: appendEntries Timeout, request=f6013552-a382-44c6-bdc3-8253bd9e054c->c5233a29-19a6-42e1-869f-0cfd92a1650c#31-t2, previous=(t:2, i:13), leaderCommit=10, initializing? false, entries: <empty>
2019-09-17 05:57:36,172 [java.util.concurrent.ThreadPoolExecutor$Worker@6f944d64[State = -1, empty queue]] WARN  server.GrpcLogAppender (GrpcLogAppender.java:timeoutAppendRequest(200)) - f6013552-a382-44c6-bdc3-8253bd9e054c@group-E2F58C278DC5->3ec0bce2-5a80-4efc-b2ca-bab81cc18a9f-GrpcLogAppender: appendEntries Timeout, request=f6013552-a382-44c6-bdc3-8253bd9e054c->3ec0bce2-5a80-4efc-b2ca-bab81cc18a9f#31-t2, previous=(t:2, i:13), leaderCommit=10, initializing? false, entries: <empty>
2019-09-17 05:57:38,672 [java.util.concurrent.ThreadPoolExecutor$Worker@bab41d4[State = -1, empty queue]] WARN  server.GrpcLogAppender (GrpcLogAppender.java:timeoutAppendRequest(200)) - f6013552-a382-44c6-bdc3-8253bd9e054c@group-E2F58C278DC5->c5233a29-19a6-42e1-869f-0cfd92a1650c-GrpcLogAppender: appendEntries Timeout, request=f6013552-a382-44c6-bdc3-8253bd9e054c->c5233a29-19a6-42e1-869f-0cfd92a1650c#32-t2, previous=(t:2, i:13), leaderCommit=10, initializing? false, entries: <empty>
2019-09-17 05:57:38,672 [java.util.concurrent.ThreadPoolExecutor$Worker@6f944d64[State = -1, empty queue]] WARN  server.GrpcLogAppender (GrpcLogAppender.java:timeoutAppendRequest(200)) - f6013552-a382-44c6-bdc3-8253bd9e054c@group-E2F58C278DC5->3ec0bce2-5a80-4efc-b2ca-bab81cc18a9f-GrpcLogAppender: appendEntries Timeout, request=f6013552-a382-44c6-bdc3-8253bd9e054c->3ec0bce2-5a80-4efc-b2ca-bab81cc18a9f#32-t2, previous=(t:2, i:13), leaderCommit=10, initializing? false, entries: <empty>
2019-09-17 05:57:40,717 [c5233a29-19a6-42e1-869f-0cfd92a1650c@group-E2F58C278DC5-SegmentedRaftLogWorker] WARN  segmented.SegmentedRaftLogWorker (SegmentedRaftLogWorker.java:getFromFuture(90)) - Timeout 4/~
org.apache.ratis.protocol.TimeoutIOException: Timeout 10s: WriteLog:12: (t:2, i:12), STATEMACHINELOGENTRY, client-437EC11F6ED9, cid=22-writeStateMachineData
	at org.apache.ratis.util.IOUtils.getFromFuture(IOUtils.java:87)
	at org.apache.ratis.server.raftlog.segmented.SegmentedRaftLogWorker$StateMachineDataPolicy.getFromFuture(SegmentedRaftLogWorker.java:87)
	at org.apache.ratis.server.raftlog.segmented.SegmentedRaftLogWorker$WriteLog.execute(SegmentedRaftLogWorker.java:477)
	at org.apache.ratis.server.raftlog.segmented.SegmentedRaftLogWorker.run(SegmentedRaftLogWorker.java:289)
	at java.lang.Thread.run(Thread.java:748)
Caused by: java.util.concurrent.TimeoutException
	at java.util.concurrent.CompletableFuture.timedGet(CompletableFuture.java:1771)
	at java.util.concurrent.CompletableFuture.get(CompletableFuture.java:1915)
	at org.apache.ratis.util.IOUtils.getFromFuture(IOUtils.java:79)
	... 4 more
2019-09-17 05:57:40,718 [3ec0bce2-5a80-4efc-b2ca-bab81cc18a9f@group-E2F58C278DC5-SegmentedRaftLogWorker] WARN  segmented.SegmentedRaftLogWorker (SegmentedRaftLogWorker.java:getFromFuture(90)) - Timeout 4/~
org.apache.ratis.protocol.TimeoutIOException: Timeout 10s: WriteLog:12: (t:2, i:12), STATEMACHINELOGENTRY, client-437EC11F6ED9, cid=22-writeStateMachineData
	at org.apache.ratis.util.IOUtils.getFromFuture(IOUtils.java:87)
	at org.apache.ratis.server.raftlog.segmented.SegmentedRaftLogWorker$StateMachineDataPolicy.getFromFuture(SegmentedRaftLogWorker.java:87)
	at org.apache.ratis.server.raftlog.segmented.SegmentedRaftLogWorker$WriteLog.execute(SegmentedRaftLogWorker.java:477)
	at org.apache.ratis.server.raftlog.segmented.SegmentedRaftLogWorker.run(SegmentedRaftLogWorker.java:289)
	at java.lang.Thread.run(Thread.java:748)
Caused by: java.util.concurrent.TimeoutException
	at java.util.concurrent.CompletableFuture.timedGet(CompletableFuture.java:1771)
	at java.util.concurrent.CompletableFuture.get(CompletableFuture.java:1915)
	at org.apache.ratis.util.IOUtils.getFromFuture(IOUtils.java:79)
	... 4 more
2019-09-17 05:57:40,718 [f6013552-a382-44c6-bdc3-8253bd9e054c@group-E2F58C278DC5-SegmentedRaftLogWorker] WARN  segmented.SegmentedRaftLogWorker (SegmentedRaftLogWorker.java:getFromFuture(90)) - Timeout 4/~
org.apache.ratis.protocol.TimeoutIOException: Timeout 10s: WriteLog:12: (t:2, i:12), STATEMACHINELOGENTRY, client-437EC11F6ED9, cid=22-writeStateMachineData
	at org.apache.ratis.util.IOUtils.getFromFuture(IOUtils.java:87)
	at org.apache.ratis.server.raftlog.segmented.SegmentedRaftLogWorker$StateMachineDataPolicy.getFromFuture(SegmentedRaftLogWorker.java:87)
	at org.apache.ratis.server.raftlog.segmented.SegmentedRaftLogWorker$WriteLog.execute(SegmentedRaftLogWorker.java:477)
	at org.apache.ratis.server.raftlog.segmented.SegmentedRaftLogWorker.run(SegmentedRaftLogWorker.java:289)
	at java.lang.Thread.run(Thread.java:748)
Caused by: java.util.concurrent.TimeoutException
	at java.util.concurrent.CompletableFuture.timedGet(CompletableFuture.java:1771)
	at java.util.concurrent.CompletableFuture.get(CompletableFuture.java:1915)
	at org.apache.ratis.util.IOUtils.getFromFuture(IOUtils.java:79)
	... 4 more
2019-09-17 05:57:41,174 [java.util.concurrent.ThreadPoolExecutor$Worker@bab41d4[State = -1, empty queue]] WARN  server.GrpcLogAppender (GrpcLogAppender.java:timeoutAppendRequest(200)) - f6013552-a382-44c6-bdc3-8253bd9e054c@group-E2F58C278DC5->c5233a29-19a6-42e1-869f-0cfd92a1650c-GrpcLogAppender: appendEntries Timeout, request=f6013552-a382-44c6-bdc3-8253bd9e054c->c5233a29-19a6-42e1-869f-0cfd92a1650c#33-t2, previous=(t:2, i:13), leaderCommit=10, initializing? false, entries: <empty>
2019-09-17 05:57:41,174 [java.util.concurrent.ThreadPoolExecutor$Worker@6f944d64[State = -1, empty queue]] WARN  server.GrpcLogAppender (GrpcLogAppender.java:timeoutAppendRequest(200)) - f6013552-a382-44c6-bdc3-8253bd9e054c@group-E2F58C278DC5->3ec0bce2-5a80-4efc-b2ca-bab81cc18a9f-GrpcLogAppender: appendEntries Timeout, request=f6013552-a382-44c6-bdc3-8253bd9e054c->3ec0bce2-5a80-4efc-b2ca-bab81cc18a9f#33-t2, previous=(t:2, i:13), leaderCommit=10, initializing? false, entries: <empty>
2019-09-17 05:57:41,215 [grpc-default-executor-1] INFO  client.GrpcClientProtocolClient (GrpcClientProtocolClient.java:onNext(264)) - client-437EC11F6ED9->c5233a29-19a6-42e1-869f-0cfd92a1650c: receive RaftClientReply:client-437EC11F6ED9->c5233a29-19a6-42e1-869f-0cfd92a1650c@group-E2F58C278DC5, cid=21, FAILED org.apache.ratis.protocol.NotLeaderException: Server c5233a29-19a6-42e1-869f-0cfd92a1650c@group-E2F58C278DC5 is not the leader f6013552-a382-44c6-bdc3-8253bd9e054c:192.168.34.7:43799, logIndex=0, commits[c5233a29-19a6-42e1-869f-0cfd92a1650c:c10, f6013552-a382-44c6-bdc3-8253bd9e054c:c10, 3ec0bce2-5a80-4efc-b2ca-bab81cc18a9f:c6]
2019-09-17 05:57:43,675 [java.util.concurrent.ThreadPoolExecutor$Worker@6f944d64[State = -1, empty queue]] WARN  server.GrpcLogAppender (GrpcLogAppender.java:timeoutAppendRequest(200)) - f6013552-a382-44c6-bdc3-8253bd9e054c@group-E2F58C278DC5->3ec0bce2-5a80-4efc-b2ca-bab81cc18a9f-GrpcLogAppender: appendEntries Timeout, request=f6013552-a382-44c6-bdc3-8253bd9e054c->3ec0bce2-5a80-4efc-b2ca-bab81cc18a9f#34-t2, previous=(t:2, i:13), leaderCommit=10, initializing? false, entries: <empty>
2019-09-17 05:57:43,675 [java.util.concurrent.ThreadPoolExecutor$Worker@bab41d4[State = -1, empty queue]] WARN  server.GrpcLogAppender (GrpcLogAppender.java:timeoutAppendRequest(200)) - f6013552-a382-44c6-bdc3-8253bd9e054c@group-E2F58C278DC5->c5233a29-19a6-42e1-869f-0cfd92a1650c-GrpcLogAppender: appendEntries Timeout, request=f6013552-a382-44c6-bdc3-8253bd9e054c->c5233a29-19a6-42e1-869f-0cfd92a1650c#34-t2, previous=(t:2, i:13), leaderCommit=10, initializing? false, entries: <empty>
2019-09-17 05:57:46,177 [java.util.concurrent.ThreadPoolExecutor$Worker@6f944d64[State = -1, empty queue]] WARN  server.GrpcLogAppender (GrpcLogAppender.java:timeoutAppendRequest(200)) - f6013552-a382-44c6-bdc3-8253bd9e054c@group-E2F58C278DC5->3ec0bce2-5a80-4efc-b2ca-bab81cc18a9f-GrpcLogAppender: appendEntries Timeout, request=f6013552-a382-44c6-bdc3-8253bd9e054c->3ec0bce2-5a80-4efc-b2ca-bab81cc18a9f#35-t2, previous=(t:2, i:13), leaderCommit=10, initializing? false, entries: <empty>
2019-09-17 05:57:46,177 [java.util.concurrent.ThreadPoolExecutor$Worker@bab41d4[State = -1, empty queue]] WARN  server.GrpcLogAppender (GrpcLogAppender.java:timeoutAppendRequest(200)) - f6013552-a382-44c6-bdc3-8253bd9e054c@group-E2F58C278DC5->c5233a29-19a6-42e1-869f-0cfd92a1650c-GrpcLogAppender: appendEntries Timeout, request=f6013552-a382-44c6-bdc3-8253bd9e054c->c5233a29-19a6-42e1-869f-0cfd92a1650c#35-t2, previous=(t:2, i:13), leaderCommit=10, initializing? false, entries: <empty>
2019-09-17 05:57:46,258 [grpc-default-executor-1] INFO  client.GrpcClientProtocolClient (GrpcClientProtocolClient.java:onNext(264)) - client-437EC11F6ED9->c5233a29-19a6-42e1-869f-0cfd92a1650c: receive RaftClientReply:client-437EC11F6ED9->c5233a29-19a6-42e1-869f-0cfd92a1650c@group-E2F58C278DC5, cid=21, FAILED org.apache.ratis.protocol.NotLeaderException: Server c5233a29-19a6-42e1-869f-0cfd92a1650c@group-E2F58C278DC5 is not the leader f6013552-a382-44c6-bdc3-8253bd9e054c:192.168.34.7:43799, logIndex=0, commits[c5233a29-19a6-42e1-869f-0cfd92a1650c:c10, f6013552-a382-44c6-bdc3-8253bd9e054c:c10, 3ec0bce2-5a80-4efc-b2ca-bab81cc18a9f:c6]
2019-09-17 05:57:48,678 [java.util.concurrent.ThreadPoolExecutor$Worker@bab41d4[State = -1, empty queue]] WARN  server.GrpcLogAppender (GrpcLogAppender.java:timeoutAppendRequest(200)) - f6013552-a382-44c6-bdc3-8253bd9e054c@group-E2F58C278DC5->c5233a29-19a6-42e1-869f-0cfd92a1650c-GrpcLogAppender: appendEntries Timeout, request=f6013552-a382-44c6-bdc3-8253bd9e054c->c5233a29-19a6-42e1-869f-0cfd92a1650c#36-t2, previous=(t:2, i:13), leaderCommit=10, initializing? false, entries: <empty>
2019-09-17 05:57:48,678 [java.util.concurrent.ThreadPoolExecutor$Worker@6f944d64[State = -1, empty queue]] WARN  server.GrpcLogAppender (GrpcLogAppender.java:timeoutAppendRequest(200)) - f6013552-a382-44c6-bdc3-8253bd9e054c@group-E2F58C278DC5->3ec0bce2-5a80-4efc-b2ca-bab81cc18a9f-GrpcLogAppender: appendEntries Timeout, request=f6013552-a382-44c6-bdc3-8253bd9e054c->3ec0bce2-5a80-4efc-b2ca-bab81cc18a9f#36-t2, previous=(t:2, i:13), leaderCommit=10, initializing? false, entries: <empty>
2019-09-17 05:57:50,719 [c5233a29-19a6-42e1-869f-0cfd92a1650c@group-E2F58C278DC5-SegmentedRaftLogWorker] WARN  segmented.SegmentedRaftLogWorker (SegmentedRaftLogWorker.java:getFromFuture(90)) - Timeout 5/~
org.apache.ratis.protocol.TimeoutIOException: Timeout 10s: WriteLog:12: (t:2, i:12), STATEMACHINELOGENTRY, client-437EC11F6ED9, cid=22-writeStateMachineData
	at org.apache.ratis.util.IOUtils.getFromFuture(IOUtils.java:87)
	at org.apache.ratis.server.raftlog.segmented.SegmentedRaftLogWorker$StateMachineDataPolicy.getFromFuture(SegmentedRaftLogWorker.java:87)
	at org.apache.ratis.server.raftlog.segmented.SegmentedRaftLogWorker$WriteLog.execute(SegmentedRaftLogWorker.java:477)
	at org.apache.ratis.server.raftlog.segmented.SegmentedRaftLogWorker.run(SegmentedRaftLogWorker.java:289)
	at java.lang.Thread.run(Thread.java:748)
Caused by: java.util.concurrent.TimeoutException
	at java.util.concurrent.CompletableFuture.timedGet(CompletableFuture.java:1771)
	at java.util.concurrent.CompletableFuture.get(CompletableFuture.java:1915)
	at org.apache.ratis.util.IOUtils.getFromFuture(IOUtils.java:79)
	... 4 more
2019-09-17 05:57:50,720 [f6013552-a382-44c6-bdc3-8253bd9e054c@group-E2F58C278DC5-SegmentedRaftLogWorker] WARN  segmented.SegmentedRaftLogWorker (SegmentedRaftLogWorker.java:getFromFuture(90)) - Timeout 5/~
org.apache.ratis.protocol.TimeoutIOException: Timeout 10s: WriteLog:12: (t:2, i:12), STATEMACHINELOGENTRY, client-437EC11F6ED9, cid=22-writeStateMachineData
	at org.apache.ratis.util.IOUtils.getFromFuture(IOUtils.java:87)
	at org.apache.ratis.server.raftlog.segmented.SegmentedRaftLogWorker$StateMachineDataPolicy.getFromFuture(SegmentedRaftLogWorker.java:87)
	at org.apache.ratis.server.raftlog.segmented.SegmentedRaftLogWorker$WriteLog.execute(SegmentedRaftLogWorker.java:477)
	at org.apache.ratis.server.raftlog.segmented.SegmentedRaftLogWorker.run(SegmentedRaftLogWorker.java:289)
	at java.lang.Thread.run(Thread.java:748)
Caused by: java.util.concurrent.TimeoutException
	at java.util.concurrent.CompletableFuture.timedGet(CompletableFuture.java:1771)
	at java.util.concurrent.CompletableFuture.get(CompletableFuture.java:1915)
	at org.apache.ratis.util.IOUtils.getFromFuture(IOUtils.java:79)
	... 4 more
2019-09-17 05:57:50,719 [3ec0bce2-5a80-4efc-b2ca-bab81cc18a9f@group-E2F58C278DC5-SegmentedRaftLogWorker] WARN  segmented.SegmentedRaftLogWorker (SegmentedRaftLogWorker.java:getFromFuture(90)) - Timeout 5/~
org.apache.ratis.protocol.TimeoutIOException: Timeout 10s: WriteLog:12: (t:2, i:12), STATEMACHINELOGENTRY, client-437EC11F6ED9, cid=22-writeStateMachineData
	at org.apache.ratis.util.IOUtils.getFromFuture(IOUtils.java:87)
	at org.apache.ratis.server.raftlog.segmented.SegmentedRaftLogWorker$StateMachineDataPolicy.getFromFuture(SegmentedRaftLogWorker.java:87)
	at org.apache.ratis.server.raftlog.segmented.SegmentedRaftLogWorker$WriteLog.execute(SegmentedRaftLogWorker.java:477)
	at org.apache.ratis.server.raftlog.segmented.SegmentedRaftLogWorker.run(SegmentedRaftLogWorker.java:289)
	at java.lang.Thread.run(Thread.java:748)
Caused by: java.util.concurrent.TimeoutException
	at java.util.concurrent.CompletableFuture.timedGet(CompletableFuture.java:1771)
	at java.util.concurrent.CompletableFuture.get(CompletableFuture.java:1915)
	at org.apache.ratis.util.IOUtils.getFromFuture(IOUtils.java:79)
	... 4 more
2019-09-17 05:57:51,179 [java.util.concurrent.ThreadPoolExecutor$Worker@bab41d4[State = -1, empty queue]] WARN  server.GrpcLogAppender (GrpcLogAppender.java:timeoutAppendRequest(200)) - f6013552-a382-44c6-bdc3-8253bd9e054c@group-E2F58C278DC5->c5233a29-19a6-42e1-869f-0cfd92a1650c-GrpcLogAppender: appendEntries Timeout, request=f6013552-a382-44c6-bdc3-8253bd9e054c->c5233a29-19a6-42e1-869f-0cfd92a1650c#37-t2, previous=(t:2, i:13), leaderCommit=10, initializing? false, entries: <empty>
2019-09-17 05:57:51,179 [java.util.concurrent.ThreadPoolExecutor$Worker@6f944d64[State = -1, empty queue]] WARN  server.GrpcLogAppender (GrpcLogAppender.java:timeoutAppendRequest(200)) - f6013552-a382-44c6-bdc3-8253bd9e054c@group-E2F58C278DC5->3ec0bce2-5a80-4efc-b2ca-bab81cc18a9f-GrpcLogAppender: appendEntries Timeout, request=f6013552-a382-44c6-bdc3-8253bd9e054c->3ec0bce2-5a80-4efc-b2ca-bab81cc18a9f#37-t2, previous=(t:2, i:13), leaderCommit=10, initializing? false, entries: <empty>
2019-09-17 05:57:51,307 [grpc-default-executor-1] INFO  client.GrpcClientProtocolClient (GrpcClientProtocolClient.java:onNext(264)) - client-437EC11F6ED9->3ec0bce2-5a80-4efc-b2ca-bab81cc18a9f: receive RaftClientReply:client-437EC11F6ED9->3ec0bce2-5a80-4efc-b2ca-bab81cc18a9f@group-E2F58C278DC5, cid=21, FAILED org.apache.ratis.protocol.NotLeaderException: Server 3ec0bce2-5a80-4efc-b2ca-bab81cc18a9f@group-E2F58C278DC5 is not the leader f6013552-a382-44c6-bdc3-8253bd9e054c:192.168.34.7:43799, logIndex=0, commits[3ec0bce2-5a80-4efc-b2ca-bab81cc18a9f:c10, f6013552-a382-44c6-bdc3-8253bd9e054c:c10, c5233a29-19a6-42e1-869f-0cfd92a1650c:c6]
2019-09-17 05:57:53,679 [java.util.concurrent.ThreadPoolExecutor$Worker@bab41d4[State = -1, empty queue]] WARN  server.GrpcLogAppender (GrpcLogAppender.java:timeoutAppendRequest(200)) - f6013552-a382-44c6-bdc3-8253bd9e054c@group-E2F58C278DC5->c5233a29-19a6-42e1-869f-0cfd92a1650c-GrpcLogAppender: appendEntries Timeout, request=f6013552-a382-44c6-bdc3-8253bd9e054c->c5233a29-19a6-42e1-869f-0cfd92a1650c#38-t2, previous=(t:2, i:13), leaderCommit=10, initializing? false, entries: <empty>
2019-09-17 05:57:53,679 [java.util.concurrent.ThreadPoolExecutor$Worker@6f944d64[State = -1, empty queue]] WARN  server.GrpcLogAppender (GrpcLogAppender.java:timeoutAppendRequest(200)) - f6013552-a382-44c6-bdc3-8253bd9e054c@group-E2F58C278DC5->3ec0bce2-5a80-4efc-b2ca-bab81cc18a9f-GrpcLogAppender: appendEntries Timeout, request=f6013552-a382-44c6-bdc3-8253bd9e054c->3ec0bce2-5a80-4efc-b2ca-bab81cc18a9f#38-t2, previous=(t:2, i:13), leaderCommit=10, initializing? false, entries: <empty>
2019-09-17 05:57:56,180 [java.util.concurrent.ThreadPoolExecutor$Worker@6f944d64[State = -1, empty queue]] WARN  server.GrpcLogAppender (GrpcLogAppender.java:timeoutAppendRequest(200)) - f6013552-a382-44c6-bdc3-8253bd9e054c@group-E2F58C278DC5->3ec0bce2-5a80-4efc-b2ca-bab81cc18a9f-GrpcLogAppender: appendEntries Timeout, request=f6013552-a382-44c6-bdc3-8253bd9e054c->3ec0bce2-5a80-4efc-b2ca-bab81cc18a9f#39-t2, previous=(t:2, i:13), leaderCommit=10, initializing? false, entries: <empty>
2019-09-17 05:57:56,180 [java.util.concurrent.ThreadPoolExecutor$Worker@bab41d4[State = -1, empty queue]] WARN  server.GrpcLogAppender (GrpcLogAppender.java:timeoutAppendRequest(200)) - f6013552-a382-44c6-bdc3-8253bd9e054c@group-E2F58C278DC5->c5233a29-19a6-42e1-869f-0cfd92a1650c-GrpcLogAppender: appendEntries Timeout, request=f6013552-a382-44c6-bdc3-8253bd9e054c->c5233a29-19a6-42e1-869f-0cfd92a1650c#39-t2, previous=(t:2, i:13), leaderCommit=10, initializing? false, entries: <empty>
2019-09-17 05:57:56,343 [grpc-default-executor-1] INFO  client.GrpcClientProtocolClient (GrpcClientProtocolClient.java:onNext(264)) - client-437EC11F6ED9->3ec0bce2-5a80-4efc-b2ca-bab81cc18a9f: receive RaftClientReply:client-437EC11F6ED9->3ec0bce2-5a80-4efc-b2ca-bab81cc18a9f@group-E2F58C278DC5, cid=21, FAILED org.apache.ratis.protocol.NotLeaderException: Server 3ec0bce2-5a80-4efc-b2ca-bab81cc18a9f@group-E2F58C278DC5 is not the leader f6013552-a382-44c6-bdc3-8253bd9e054c:192.168.34.7:43799, logIndex=0, commits[3ec0bce2-5a80-4efc-b2ca-bab81cc18a9f:c10, f6013552-a382-44c6-bdc3-8253bd9e054c:c10, c5233a29-19a6-42e1-869f-0cfd92a1650c:c6]
2019-09-17 05:57:58,681 [java.util.concurrent.ThreadPoolExecutor$Worker@bab41d4[State = -1, empty queue]] WARN  server.GrpcLogAppender (GrpcLogAppender.java:timeoutAppendRequest(200)) - f6013552-a382-44c6-bdc3-8253bd9e054c@group-E2F58C278DC5->c5233a29-19a6-42e1-869f-0cfd92a1650c-GrpcLogAppender: appendEntries Timeout, request=f6013552-a382-44c6-bdc3-8253bd9e054c->c5233a29-19a6-42e1-869f-0cfd92a1650c#40-t2, previous=(t:2, i:13), leaderCommit=10, initializing? false, entries: <empty>
2019-09-17 05:57:58,681 [java.util.concurrent.ThreadPoolExecutor$Worker@6f944d64[State = -1, empty queue]] WARN  server.GrpcLogAppender (GrpcLogAppender.java:timeoutAppendRequest(200)) - f6013552-a382-44c6-bdc3-8253bd9e054c@group-E2F58C278DC5->3ec0bce2-5a80-4efc-b2ca-bab81cc18a9f-GrpcLogAppender: appendEntries Timeout, request=f6013552-a382-44c6-bdc3-8253bd9e054c->3ec0bce2-5a80-4efc-b2ca-bab81cc18a9f#40-t2, previous=(t:2, i:13), leaderCommit=10, initializing? false, entries: <empty>
2019-09-17 05:58:00,720 [c5233a29-19a6-42e1-869f-0cfd92a1650c@group-E2F58C278DC5-SegmentedRaftLogWorker] WARN  segmented.SegmentedRaftLogWorker (SegmentedRaftLogWorker.java:getFromFuture(90)) - Timeout 6/~
org.apache.ratis.protocol.TimeoutIOException: Timeout 10s: WriteLog:12: (t:2, i:12), STATEMACHINELOGENTRY, client-437EC11F6ED9, cid=22-writeStateMachineData
	at org.apache.ratis.util.IOUtils.getFromFuture(IOUtils.java:87)
	at org.apache.ratis.server.raftlog.segmented.SegmentedRaftLogWorker$StateMachineDataPolicy.getFromFuture(SegmentedRaftLogWorker.java:87)
	at org.apache.ratis.server.raftlog.segmented.SegmentedRaftLogWorker$WriteLog.execute(SegmentedRaftLogWorker.java:477)
	at org.apache.ratis.server.raftlog.segmented.SegmentedRaftLogWorker.run(SegmentedRaftLogWorker.java:289)
	at java.lang.Thread.run(Thread.java:748)
Caused by: java.util.concurrent.TimeoutException
	at java.util.concurrent.CompletableFuture.timedGet(CompletableFuture.java:1771)
	at java.util.concurrent.CompletableFuture.get(CompletableFuture.java:1915)
	at org.apache.ratis.util.IOUtils.getFromFuture(IOUtils.java:79)
	... 4 more
2019-09-17 05:58:00,722 [3ec0bce2-5a80-4efc-b2ca-bab81cc18a9f@group-E2F58C278DC5-SegmentedRaftLogWorker] WARN  segmented.SegmentedRaftLogWorker (SegmentedRaftLogWorker.java:getFromFuture(90)) - Timeout 6/~
org.apache.ratis.protocol.TimeoutIOException: Timeout 10s: WriteLog:12: (t:2, i:12), STATEMACHINELOGENTRY, client-437EC11F6ED9, cid=22-writeStateMachineData
	at org.apache.ratis.util.IOUtils.getFromFuture(IOUtils.java:87)
	at org.apache.ratis.server.raftlog.segmented.SegmentedRaftLogWorker$StateMachineDataPolicy.getFromFuture(SegmentedRaftLogWorker.java:87)
	at org.apache.ratis.server.raftlog.segmented.SegmentedRaftLogWorker$WriteLog.execute(SegmentedRaftLogWorker.java:477)
	at org.apache.ratis.server.raftlog.segmented.SegmentedRaftLogWorker.run(SegmentedRaftLogWorker.java:289)
	at java.lang.Thread.run(Thread.java:748)
Caused by: java.util.concurrent.TimeoutException
	at java.util.concurrent.CompletableFuture.timedGet(CompletableFuture.java:1771)
	at java.util.concurrent.CompletableFuture.get(CompletableFuture.java:1915)
	at org.apache.ratis.util.IOUtils.getFromFuture(IOUtils.java:79)
	... 4 more
2019-09-17 05:58:00,721 [f6013552-a382-44c6-bdc3-8253bd9e054c@group-E2F58C278DC5-SegmentedRaftLogWorker] WARN  segmented.SegmentedRaftLogWorker (SegmentedRaftLogWorker.java:getFromFuture(90)) - Timeout 6/~
org.apache.ratis.protocol.TimeoutIOException: Timeout 10s: WriteLog:12: (t:2, i:12), STATEMACHINELOGENTRY, client-437EC11F6ED9, cid=22-writeStateMachineData
	at org.apache.ratis.util.IOUtils.getFromFuture(IOUtils.java:87)
	at org.apache.ratis.server.raftlog.segmented.SegmentedRaftLogWorker$StateMachineDataPolicy.getFromFuture(SegmentedRaftLogWorker.java:87)
	at org.apache.ratis.server.raftlog.segmented.SegmentedRaftLogWorker$WriteLog.execute(SegmentedRaftLogWorker.java:477)
	at org.apache.ratis.server.raftlog.segmented.SegmentedRaftLogWorker.run(SegmentedRaftLogWorker.java:289)
	at java.lang.Thread.run(Thread.java:748)
Caused by: java.util.concurrent.TimeoutException
	at java.util.concurrent.CompletableFuture.timedGet(CompletableFuture.java:1771)
	at java.util.concurrent.CompletableFuture.get(CompletableFuture.java:1915)
	at org.apache.ratis.util.IOUtils.getFromFuture(IOUtils.java:79)
	... 4 more
2019-09-17 05:58:01,181 [java.util.concurrent.ThreadPoolExecutor$Worker@6f944d64[State = -1, empty queue]] WARN  server.GrpcLogAppender (GrpcLogAppender.java:timeoutAppendRequest(200)) - f6013552-a382-44c6-bdc3-8253bd9e054c@group-E2F58C278DC5->3ec0bce2-5a80-4efc-b2ca-bab81cc18a9f-GrpcLogAppender: appendEntries Timeout, request=f6013552-a382-44c6-bdc3-8253bd9e054c->3ec0bce2-5a80-4efc-b2ca-bab81cc18a9f#41-t2, previous=(t:2, i:13), leaderCommit=10, initializing? false, entries: <empty>
2019-09-17 05:58:01,181 [java.util.concurrent.ThreadPoolExecutor$Worker@bab41d4[State = -1, empty queue]] WARN  server.GrpcLogAppender (GrpcLogAppender.java:timeoutAppendRequest(200)) - f6013552-a382-44c6-bdc3-8253bd9e054c@group-E2F58C278DC5->c5233a29-19a6-42e1-869f-0cfd92a1650c-GrpcLogAppender: appendEntries Timeout, request=f6013552-a382-44c6-bdc3-8253bd9e054c->c5233a29-19a6-42e1-869f-0cfd92a1650c#41-t2, previous=(t:2, i:13), leaderCommit=10, initializing? false, entries: <empty>
2019-09-17 05:58:01,381 [grpc-default-executor-1] INFO  client.GrpcClientProtocolClient (GrpcClientProtocolClient.java:onNext(264)) - client-437EC11F6ED9->c5233a29-19a6-42e1-869f-0cfd92a1650c: receive RaftClientReply:client-437EC11F6ED9->c5233a29-19a6-42e1-869f-0cfd92a1650c@group-E2F58C278DC5, cid=21, FAILED org.apache.ratis.protocol.NotLeaderException: Server c5233a29-19a6-42e1-869f-0cfd92a1650c@group-E2F58C278DC5 is not the leader f6013552-a382-44c6-bdc3-8253bd9e054c:192.168.34.7:43799, logIndex=0, commits[c5233a29-19a6-42e1-869f-0cfd92a1650c:c10, f6013552-a382-44c6-bdc3-8253bd9e054c:c10, 3ec0bce2-5a80-4efc-b2ca-bab81cc18a9f:c6]
2019-09-17 05:58:03,682 [java.util.concurrent.ThreadPoolExecutor$Worker@6f944d64[State = -1, empty queue]] WARN  server.GrpcLogAppender (GrpcLogAppender.java:timeoutAppendRequest(200)) - f6013552-a382-44c6-bdc3-8253bd9e054c@group-E2F58C278DC5->3ec0bce2-5a80-4efc-b2ca-bab81cc18a9f-GrpcLogAppender: appendEntries Timeout, request=f6013552-a382-44c6-bdc3-8253bd9e054c->3ec0bce2-5a80-4efc-b2ca-bab81cc18a9f#42-t2, previous=(t:2, i:13), leaderCommit=10, initializing? false, entries: <empty>
2019-09-17 05:58:03,682 [java.util.concurrent.ThreadPoolExecutor$Worker@bab41d4[State = -1, empty queue]] WARN  server.GrpcLogAppender (GrpcLogAppender.java:timeoutAppendRequest(200)) - f6013552-a382-44c6-bdc3-8253bd9e054c@group-E2F58C278DC5->c5233a29-19a6-42e1-869f-0cfd92a1650c-GrpcLogAppender: appendEntries Timeout, request=f6013552-a382-44c6-bdc3-8253bd9e054c->c5233a29-19a6-42e1-869f-0cfd92a1650c#42-t2, previous=(t:2, i:13), leaderCommit=10, initializing? false, entries: <empty>
2019-09-17 05:58:06,183 [java.util.concurrent.ThreadPoolExecutor$Worker@6f944d64[State = -1, empty queue]] WARN  server.GrpcLogAppender (GrpcLogAppender.java:timeoutAppendRequest(200)) - f6013552-a382-44c6-bdc3-8253bd9e054c@group-E2F58C278DC5->3ec0bce2-5a80-4efc-b2ca-bab81cc18a9f-GrpcLogAppender: appendEntries Timeout, request=f6013552-a382-44c6-bdc3-8253bd9e054c->3ec0bce2-5a80-4efc-b2ca-bab81cc18a9f#43-t2, previous=(t:2, i:13), leaderCommit=10, initializing? false, entries: <empty>
2019-09-17 05:58:06,183 [java.util.concurrent.ThreadPoolExecutor$Worker@bab41d4[State = -1, empty queue]] WARN  server.GrpcLogAppender (GrpcLogAppender.java:timeoutAppendRequest(200)) - f6013552-a382-44c6-bdc3-8253bd9e054c@group-E2F58C278DC5->c5233a29-19a6-42e1-869f-0cfd92a1650c-GrpcLogAppender: appendEntries Timeout, request=f6013552-a382-44c6-bdc3-8253bd9e054c->c5233a29-19a6-42e1-869f-0cfd92a1650c#43-t2, previous=(t:2, i:13), leaderCommit=10, initializing? false, entries: <empty>
2019-09-17 05:58:06,434 [grpc-default-executor-1] INFO  client.GrpcClientProtocolClient (GrpcClientProtocolClient.java:onNext(264)) - client-437EC11F6ED9->3ec0bce2-5a80-4efc-b2ca-bab81cc18a9f: receive RaftClientReply:client-437EC11F6ED9->3ec0bce2-5a80-4efc-b2ca-bab81cc18a9f@group-E2F58C278DC5, cid=21, FAILED org.apache.ratis.protocol.NotLeaderException: Server 3ec0bce2-5a80-4efc-b2ca-bab81cc18a9f@group-E2F58C278DC5 is not the leader f6013552-a382-44c6-bdc3-8253bd9e054c:192.168.34.7:43799, logIndex=0, commits[3ec0bce2-5a80-4efc-b2ca-bab81cc18a9f:c10, f6013552-a382-44c6-bdc3-8253bd9e054c:c10, c5233a29-19a6-42e1-869f-0cfd92a1650c:c6]
2019-09-17 05:58:08,685 [java.util.concurrent.ThreadPoolExecutor$Worker@bab41d4[State = -1, empty queue]] WARN  server.GrpcLogAppender (GrpcLogAppender.java:timeoutAppendRequest(200)) - f6013552-a382-44c6-bdc3-8253bd9e054c@group-E2F58C278DC5->c5233a29-19a6-42e1-869f-0cfd92a1650c-GrpcLogAppender: appendEntries Timeout, request=f6013552-a382-44c6-bdc3-8253bd9e054c->c5233a29-19a6-42e1-869f-0cfd92a1650c#44-t2, previous=(t:2, i:13), leaderCommit=10, initializing? false, entries: <empty>
2019-09-17 05:58:08,685 [java.util.concurrent.ThreadPoolExecutor$Worker@6f944d64[State = -1, empty queue]] WARN  server.GrpcLogAppender (GrpcLogAppender.java:timeoutAppendRequest(200)) - f6013552-a382-44c6-bdc3-8253bd9e054c@group-E2F58C278DC5->3ec0bce2-5a80-4efc-b2ca-bab81cc18a9f-GrpcLogAppender: appendEntries Timeout, request=f6013552-a382-44c6-bdc3-8253bd9e054c->3ec0bce2-5a80-4efc-b2ca-bab81cc18a9f#44-t2, previous=(t:2, i:13), leaderCommit=10, initializing? false, entries: <empty>
2019-09-17 05:58:10,722 [c5233a29-19a6-42e1-869f-0cfd92a1650c@group-E2F58C278DC5-SegmentedRaftLogWorker] WARN  segmented.SegmentedRaftLogWorker (SegmentedRaftLogWorker.java:getFromFuture(90)) - Timeout 7/~
org.apache.ratis.protocol.TimeoutIOException: Timeout 10s: WriteLog:12: (t:2, i:12), STATEMACHINELOGENTRY, client-437EC11F6ED9, cid=22-writeStateMachineData
	at org.apache.ratis.util.IOUtils.getFromFuture(IOUtils.java:87)
	at org.apache.ratis.server.raftlog.segmented.SegmentedRaftLogWorker$StateMachineDataPolicy.getFromFuture(SegmentedRaftLogWorker.java:87)
	at org.apache.ratis.server.raftlog.segmented.SegmentedRaftLogWorker$WriteLog.execute(SegmentedRaftLogWorker.java:477)
	at org.apache.ratis.server.raftlog.segmented.SegmentedRaftLogWorker.run(SegmentedRaftLogWorker.java:289)
	at java.lang.Thread.run(Thread.java:748)
Caused by: java.util.concurrent.TimeoutException
	at java.util.concurrent.CompletableFuture.timedGet(CompletableFuture.java:1771)
	at java.util.concurrent.CompletableFuture.get(CompletableFuture.java:1915)
	at org.apache.ratis.util.IOUtils.getFromFuture(IOUtils.java:79)
	... 4 more
2019-09-17 05:58:10,739 [3ec0bce2-5a80-4efc-b2ca-bab81cc18a9f@group-E2F58C278DC5-SegmentedRaftLogWorker] WARN  segmented.SegmentedRaftLogWorker (SegmentedRaftLogWorker.java:getFromFuture(90)) - Timeout 7/~
org.apache.ratis.protocol.TimeoutIOException: Timeout 10s: WriteLog:12: (t:2, i:12), STATEMACHINELOGENTRY, client-437EC11F6ED9, cid=22-writeStateMachineData
	at org.apache.ratis.util.IOUtils.getFromFuture(IOUtils.java:87)
	at org.apache.ratis.server.raftlog.segmented.SegmentedRaftLogWorker$StateMachineDataPolicy.getFromFuture(SegmentedRaftLogWorker.java:87)
	at org.apache.ratis.server.raftlog.segmented.SegmentedRaftLogWorker$WriteLog.execute(SegmentedRaftLogWorker.java:477)
	at org.apache.ratis.server.raftlog.segmented.SegmentedRaftLogWorker.run(SegmentedRaftLogWorker.java:289)
	at java.lang.Thread.run(Thread.java:748)
Caused by: java.util.concurrent.TimeoutException
	at java.util.concurrent.CompletableFuture.timedGet(CompletableFuture.java:1771)
	at java.util.concurrent.CompletableFuture.get(CompletableFuture.java:1915)
	at org.apache.ratis.util.IOUtils.getFromFuture(IOUtils.java:79)
	... 4 more
2019-09-17 05:58:10,739 [f6013552-a382-44c6-bdc3-8253bd9e054c@group-E2F58C278DC5-SegmentedRaftLogWorker] WARN  segmented.SegmentedRaftLogWorker (SegmentedRaftLogWorker.java:getFromFuture(90)) - Timeout 7/~
org.apache.ratis.protocol.TimeoutIOException: Timeout 10s: WriteLog:12: (t:2, i:12), STATEMACHINELOGENTRY, client-437EC11F6ED9, cid=22-writeStateMachineData
	at org.apache.ratis.util.IOUtils.getFromFuture(IOUtils.java:87)
	at org.apache.ratis.server.raftlog.segmented.SegmentedRaftLogWorker$StateMachineDataPolicy.getFromFuture(SegmentedRaftLogWorker.java:87)
	at org.apache.ratis.server.raftlog.segmented.SegmentedRaftLogWorker$WriteLog.execute(SegmentedRaftLogWorker.java:477)
	at org.apache.ratis.server.raftlog.segmented.SegmentedRaftLogWorker.run(SegmentedRaftLogWorker.java:289)
	at java.lang.Thread.run(Thread.java:748)
Caused by: java.util.concurrent.TimeoutException
	at java.util.concurrent.CompletableFuture.timedGet(CompletableFuture.java:1771)
	at java.util.concurrent.CompletableFuture.get(CompletableFuture.java:1915)
	at org.apache.ratis.util.IOUtils.getFromFuture(IOUtils.java:79)
	... 4 more
2019-09-17 05:58:11,185 [java.util.concurrent.ThreadPoolExecutor$Worker@6f944d64[State = -1, empty queue]] WARN  server.GrpcLogAppender (GrpcLogAppender.java:timeoutAppendRequest(200)) - f6013552-a382-44c6-bdc3-8253bd9e054c@group-E2F58C278DC5->3ec0bce2-5a80-4efc-b2ca-bab81cc18a9f-GrpcLogAppender: appendEntries Timeout, request=f6013552-a382-44c6-bdc3-8253bd9e054c->3ec0bce2-5a80-4efc-b2ca-bab81cc18a9f#45-t2, previous=(t:2, i:13), leaderCommit=10, initializing? false, entries: <empty>
2019-09-17 05:58:11,185 [java.util.concurrent.ThreadPoolExecutor$Worker@bab41d4[State = -1, empty queue]] WARN  server.GrpcLogAppender (GrpcLogAppender.java:timeoutAppendRequest(200)) - f6013552-a382-44c6-bdc3-8253bd9e054c@group-E2F58C278DC5->c5233a29-19a6-42e1-869f-0cfd92a1650c-GrpcLogAppender: appendEntries Timeout, request=f6013552-a382-44c6-bdc3-8253bd9e054c->c5233a29-19a6-42e1-869f-0cfd92a1650c#45-t2, previous=(t:2, i:13), leaderCommit=10, initializing? false, entries: <empty>
2019-09-17 05:58:11,495 [grpc-default-executor-1] INFO  client.GrpcClientProtocolClient (GrpcClientProtocolClient.java:onNext(264)) - client-437EC11F6ED9->c5233a29-19a6-42e1-869f-0cfd92a1650c: receive RaftClientReply:client-437EC11F6ED9->c5233a29-19a6-42e1-869f-0cfd92a1650c@group-E2F58C278DC5, cid=21, FAILED org.apache.ratis.protocol.NotLeaderException: Server c5233a29-19a6-42e1-869f-0cfd92a1650c@group-E2F58C278DC5 is not the leader f6013552-a382-44c6-bdc3-8253bd9e054c:192.168.34.7:43799, logIndex=0, commits[c5233a29-19a6-42e1-869f-0cfd92a1650c:c10, f6013552-a382-44c6-bdc3-8253bd9e054c:c10, 3ec0bce2-5a80-4efc-b2ca-bab81cc18a9f:c6]
2019-09-17 05:58:13,686 [java.util.concurrent.ThreadPoolExecutor$Worker@bab41d4[State = -1, empty queue]] WARN  server.GrpcLogAppender (GrpcLogAppender.java:timeoutAppendRequest(200)) - f6013552-a382-44c6-bdc3-8253bd9e054c@group-E2F58C278DC5->c5233a29-19a6-42e1-869f-0cfd92a1650c-GrpcLogAppender: appendEntries Timeout, request=f6013552-a382-44c6-bdc3-8253bd9e054c->c5233a29-19a6-42e1-869f-0cfd92a1650c#46-t2, previous=(t:2, i:13), leaderCommit=10, initializing? false, entries: <empty>
2019-09-17 05:58:13,686 [java.util.concurrent.ThreadPoolExecutor$Worker@6f944d64[State = -1, empty queue]] WARN  server.GrpcLogAppender (GrpcLogAppender.java:timeoutAppendRequest(200)) - f6013552-a382-44c6-bdc3-8253bd9e054c@group-E2F58C278DC5->3ec0bce2-5a80-4efc-b2ca-bab81cc18a9f-GrpcLogAppender: appendEntries Timeout, request=f6013552-a382-44c6-bdc3-8253bd9e054c->3ec0bce2-5a80-4efc-b2ca-bab81cc18a9f#46-t2, previous=(t:2, i:13), leaderCommit=10, initializing? false, entries: <empty>
2019-09-17 05:58:16,187 [java.util.concurrent.ThreadPoolExecutor$Worker@bab41d4[State = -1, empty queue]] WARN  server.GrpcLogAppender (GrpcLogAppender.java:timeoutAppendRequest(200)) - f6013552-a382-44c6-bdc3-8253bd9e054c@group-E2F58C278DC5->c5233a29-19a6-42e1-869f-0cfd92a1650c-GrpcLogAppender: appendEntries Timeout, request=f6013552-a382-44c6-bdc3-8253bd9e054c->c5233a29-19a6-42e1-869f-0cfd92a1650c#47-t2, previous=(t:2, i:13), leaderCommit=10, initializing? false, entries: <empty>
2019-09-17 05:58:16,187 [java.util.concurrent.ThreadPoolExecutor$Worker@6f944d64[State = -1, empty queue]] WARN  server.GrpcLogAppender (GrpcLogAppender.java:timeoutAppendRequest(200)) - f6013552-a382-44c6-bdc3-8253bd9e054c@group-E2F58C278DC5->3ec0bce2-5a80-4efc-b2ca-bab81cc18a9f-GrpcLogAppender: appendEntries Timeout, request=f6013552-a382-44c6-bdc3-8253bd9e054c->3ec0bce2-5a80-4efc-b2ca-bab81cc18a9f#47-t2, previous=(t:2, i:13), leaderCommit=10, initializing? false, entries: <empty>
2019-09-17 05:58:16,538 [grpc-default-executor-1] INFO  client.GrpcClientProtocolClient (GrpcClientProtocolClient.java:onNext(264)) - client-437EC11F6ED9->c5233a29-19a6-42e1-869f-0cfd92a1650c: receive RaftClientReply:client-437EC11F6ED9->c5233a29-19a6-42e1-869f-0cfd92a1650c@group-E2F58C278DC5, cid=21, FAILED org.apache.ratis.protocol.NotLeaderException: Server c5233a29-19a6-42e1-869f-0cfd92a1650c@group-E2F58C278DC5 is not the leader f6013552-a382-44c6-bdc3-8253bd9e054c:192.168.34.7:43799, logIndex=0, commits[c5233a29-19a6-42e1-869f-0cfd92a1650c:c10, f6013552-a382-44c6-bdc3-8253bd9e054c:c10, 3ec0bce2-5a80-4efc-b2ca-bab81cc18a9f:c6]
2019-09-17 05:58:18,687 [java.util.concurrent.ThreadPoolExecutor$Worker@bab41d4[State = -1, empty queue]] WARN  server.GrpcLogAppender (GrpcLogAppender.java:timeoutAppendRequest(200)) - f6013552-a382-44c6-bdc3-8253bd9e054c@group-E2F58C278DC5->c5233a29-19a6-42e1-869f-0cfd92a1650c-GrpcLogAppender: appendEntries Timeout, request=f6013552-a382-44c6-bdc3-8253bd9e054c->c5233a29-19a6-42e1-869f-0cfd92a1650c#48-t2, previous=(t:2, i:13), leaderCommit=10, initializing? false, entries: <empty>
2019-09-17 05:58:18,687 [java.util.concurrent.ThreadPoolExecutor$Worker@6f944d64[State = -1, empty queue]] WARN  server.GrpcLogAppender (GrpcLogAppender.java:timeoutAppendRequest(200)) - f6013552-a382-44c6-bdc3-8253bd9e054c@group-E2F58C278DC5->3ec0bce2-5a80-4efc-b2ca-bab81cc18a9f-GrpcLogAppender: appendEntries Timeout, request=f6013552-a382-44c6-bdc3-8253bd9e054c->3ec0bce2-5a80-4efc-b2ca-bab81cc18a9f#48-t2, previous=(t:2, i:13), leaderCommit=10, initializing? false, entries: <empty>
2019-09-17 05:58:20,724 [c5233a29-19a6-42e1-869f-0cfd92a1650c@group-E2F58C278DC5-SegmentedRaftLogWorker] WARN  segmented.SegmentedRaftLogWorker (SegmentedRaftLogWorker.java:getFromFuture(90)) - Timeout 8/~
org.apache.ratis.protocol.TimeoutIOException: Timeout 10s: WriteLog:12: (t:2, i:12), STATEMACHINELOGENTRY, client-437EC11F6ED9, cid=22-writeStateMachineData
	at org.apache.ratis.util.IOUtils.getFromFuture(IOUtils.java:87)
	at org.apache.ratis.server.raftlog.segmented.SegmentedRaftLogWorker$StateMachineDataPolicy.getFromFuture(SegmentedRaftLogWorker.java:87)
	at org.apache.ratis.server.raftlog.segmented.SegmentedRaftLogWorker$WriteLog.execute(SegmentedRaftLogWorker.java:477)
	at org.apache.ratis.server.raftlog.segmented.SegmentedRaftLogWorker.run(SegmentedRaftLogWorker.java:289)
	at java.lang.Thread.run(Thread.java:748)
Caused by: java.util.concurrent.TimeoutException
	at java.util.concurrent.CompletableFuture.timedGet(CompletableFuture.java:1771)
	at java.util.concurrent.CompletableFuture.get(CompletableFuture.java:1915)
	at org.apache.ratis.util.IOUtils.getFromFuture(IOUtils.java:79)
	... 4 more
2019-09-17 05:58:20,740 [3ec0bce2-5a80-4efc-b2ca-bab81cc18a9f@group-E2F58C278DC5-SegmentedRaftLogWorker] WARN  segmented.SegmentedRaftLogWorker (SegmentedRaftLogWorker.java:getFromFuture(90)) - Timeout 8/~
org.apache.ratis.protocol.TimeoutIOException: Timeout 10s: WriteLog:12: (t:2, i:12), STATEMACHINELOGENTRY, client-437EC11F6ED9, cid=22-writeStateMachineData
	at org.apache.ratis.util.IOUtils.getFromFuture(IOUtils.java:87)
	at org.apache.ratis.server.raftlog.segmented.SegmentedRaftLogWorker$StateMachineDataPolicy.getFromFuture(SegmentedRaftLogWorker.java:87)
	at org.apache.ratis.server.raftlog.segmented.SegmentedRaftLogWorker$WriteLog.execute(SegmentedRaftLogWorker.java:477)
	at org.apache.ratis.server.raftlog.segmented.SegmentedRaftLogWorker.run(SegmentedRaftLogWorker.java:289)
	at java.lang.Thread.run(Thread.java:748)
Caused by: java.util.concurrent.TimeoutException
	at java.util.concurrent.CompletableFuture.timedGet(CompletableFuture.java:1771)
	at java.util.concurrent.CompletableFuture.get(CompletableFuture.java:1915)
	at org.apache.ratis.util.IOUtils.getFromFuture(IOUtils.java:79)
	... 4 more
2019-09-17 05:58:20,740 [f6013552-a382-44c6-bdc3-8253bd9e054c@group-E2F58C278DC5-SegmentedRaftLogWorker] WARN  segmented.SegmentedRaftLogWorker (SegmentedRaftLogWorker.java:getFromFuture(90)) - Timeout 8/~
org.apache.ratis.protocol.TimeoutIOException: Timeout 10s: WriteLog:12: (t:2, i:12), STATEMACHINELOGENTRY, client-437EC11F6ED9, cid=22-writeStateMachineData
	at org.apache.ratis.util.IOUtils.getFromFuture(IOUtils.java:87)
	at org.apache.ratis.server.raftlog.segmented.SegmentedRaftLogWorker$StateMachineDataPolicy.getFromFuture(SegmentedRaftLogWorker.java:87)
	at org.apache.ratis.server.raftlog.segmented.SegmentedRaftLogWorker$WriteLog.execute(SegmentedRaftLogWorker.java:477)
	at org.apache.ratis.server.raftlog.segmented.SegmentedRaftLogWorker.run(SegmentedRaftLogWorker.java:289)
	at java.lang.Thread.run(Thread.java:748)
Caused by: java.util.concurrent.TimeoutException
	at java.util.concurrent.CompletableFuture.timedGet(CompletableFuture.java:1771)
	at java.util.concurrent.CompletableFuture.get(CompletableFuture.java:1915)
	at org.apache.ratis.util.IOUtils.getFromFuture(IOUtils.java:79)
	... 4 more
2019-09-17 05:58:21,188 [java.util.concurrent.ThreadPoolExecutor$Worker@6f944d64[State = -1, empty queue]] WARN  server.GrpcLogAppender (GrpcLogAppender.java:timeoutAppendRequest(200)) - f6013552-a382-44c6-bdc3-8253bd9e054c@group-E2F58C278DC5->3ec0bce2-5a80-4efc-b2ca-bab81cc18a9f-GrpcLogAppender: appendEntries Timeout, request=f6013552-a382-44c6-bdc3-8253bd9e054c->3ec0bce2-5a80-4efc-b2ca-bab81cc18a9f#49-t2, previous=(t:2, i:13), leaderCommit=10, initializing? false, entries: <empty>
2019-09-17 05:58:21,188 [java.util.concurrent.ThreadPoolExecutor$Worker@bab41d4[State = -1, empty queue]] WARN  server.GrpcLogAppender (GrpcLogAppender.java:timeoutAppendRequest(200)) - f6013552-a382-44c6-bdc3-8253bd9e054c@group-E2F58C278DC5->c5233a29-19a6-42e1-869f-0cfd92a1650c-GrpcLogAppender: appendEntries Timeout, request=f6013552-a382-44c6-bdc3-8253bd9e054c->c5233a29-19a6-42e1-869f-0cfd92a1650c#49-t2, previous=(t:2, i:13), leaderCommit=10, initializing? false, entries: <empty>
2019-09-17 05:58:21,593 [grpc-default-executor-1] INFO  client.GrpcClientProtocolClient (GrpcClientProtocolClient.java:onNext(264)) - client-437EC11F6ED9->3ec0bce2-5a80-4efc-b2ca-bab81cc18a9f: receive RaftClientReply:client-437EC11F6ED9->3ec0bce2-5a80-4efc-b2ca-bab81cc18a9f@group-E2F58C278DC5, cid=21, FAILED org.apache.ratis.protocol.NotLeaderException: Server 3ec0bce2-5a80-4efc-b2ca-bab81cc18a9f@group-E2F58C278DC5 is not the leader f6013552-a382-44c6-bdc3-8253bd9e054c:192.168.34.7:43799, logIndex=0, commits[3ec0bce2-5a80-4efc-b2ca-bab81cc18a9f:c10, f6013552-a382-44c6-bdc3-8253bd9e054c:c10, c5233a29-19a6-42e1-869f-0cfd92a1650c:c6]
2019-09-17 05:58:23,689 [java.util.concurrent.ThreadPoolExecutor$Worker@6f944d64[State = -1, empty queue]] WARN  server.GrpcLogAppender (GrpcLogAppender.java:timeoutAppendRequest(200)) - f6013552-a382-44c6-bdc3-8253bd9e054c@group-E2F58C278DC5->3ec0bce2-5a80-4efc-b2ca-bab81cc18a9f-GrpcLogAppender: appendEntries Timeout, request=f6013552-a382-44c6-bdc3-8253bd9e054c->3ec0bce2-5a80-4efc-b2ca-bab81cc18a9f#50-t2, previous=(t:2, i:13), leaderCommit=10, initializing? false, entries: <empty>
2019-09-17 05:58:23,689 [java.util.concurrent.ThreadPoolExecutor$Worker@bab41d4[State = -1, empty queue]] WARN  server.GrpcLogAppender (GrpcLogAppender.java:timeoutAppendRequest(200)) - f6013552-a382-44c6-bdc3-8253bd9e054c@group-E2F58C278DC5->c5233a29-19a6-42e1-869f-0cfd92a1650c-GrpcLogAppender: appendEntries Timeout, request=f6013552-a382-44c6-bdc3-8253bd9e054c->c5233a29-19a6-42e1-869f-0cfd92a1650c#50-t2, previous=(t:2, i:13), leaderCommit=10, initializing? false, entries: <empty>
2019-09-17 05:58:26,189 [java.util.concurrent.ThreadPoolExecutor$Worker@6f944d64[State = -1, empty queue]] WARN  server.GrpcLogAppender (GrpcLogAppender.java:timeoutAppendRequest(200)) - f6013552-a382-44c6-bdc3-8253bd9e054c@group-E2F58C278DC5->3ec0bce2-5a80-4efc-b2ca-bab81cc18a9f-GrpcLogAppender: appendEntries Timeout, request=f6013552-a382-44c6-bdc3-8253bd9e054c->3ec0bce2-5a80-4efc-b2ca-bab81cc18a9f#51-t2, previous=(t:2, i:13), leaderCommit=10, initializing? false, entries: <empty>
2019-09-17 05:58:26,190 [java.util.concurrent.ThreadPoolExecutor$Worker@bab41d4[State = -1, empty queue]] WARN  server.GrpcLogAppender (GrpcLogAppender.java:timeoutAppendRequest(200)) - f6013552-a382-44c6-bdc3-8253bd9e054c@group-E2F58C278DC5->c5233a29-19a6-42e1-869f-0cfd92a1650c-GrpcLogAppender: appendEntries Timeout, request=f6013552-a382-44c6-bdc3-8253bd9e054c->c5233a29-19a6-42e1-869f-0cfd92a1650c#51-t2, previous=(t:2, i:13), leaderCommit=10, initializing? false, entries: <empty>
2019-09-17 05:58:26,656 [grpc-default-executor-5] INFO  client.GrpcClientProtocolClient (GrpcClientProtocolClient.java:onNext(264)) - client-437EC11F6ED9->c5233a29-19a6-42e1-869f-0cfd92a1650c: receive RaftClientReply:client-437EC11F6ED9->c5233a29-19a6-42e1-869f-0cfd92a1650c@group-E2F58C278DC5, cid=21, FAILED org.apache.ratis.protocol.NotLeaderException: Server c5233a29-19a6-42e1-869f-0cfd92a1650c@group-E2F58C278DC5 is not the leader f6013552-a382-44c6-bdc3-8253bd9e054c:192.168.34.7:43799, logIndex=0, commits[c5233a29-19a6-42e1-869f-0cfd92a1650c:c10, f6013552-a382-44c6-bdc3-8253bd9e054c:c10, 3ec0bce2-5a80-4efc-b2ca-bab81cc18a9f:c6]
2019-09-17 05:58:28,690 [java.util.concurrent.ThreadPoolExecutor$Worker@6f944d64[State = -1, empty queue]] WARN  server.GrpcLogAppender (GrpcLogAppender.java:timeoutAppendRequest(200)) - f6013552-a382-44c6-bdc3-8253bd9e054c@group-E2F58C278DC5->3ec0bce2-5a80-4efc-b2ca-bab81cc18a9f-GrpcLogAppender: appendEntries Timeout, request=f6013552-a382-44c6-bdc3-8253bd9e054c->3ec0bce2-5a80-4efc-b2ca-bab81cc18a9f#52-t2, previous=(t:2, i:13), leaderCommit=10, initializing? false, entries: <empty>
2019-09-17 05:58:28,691 [java.util.concurrent.ThreadPoolExecutor$Worker@bab41d4[State = -1, empty queue]] WARN  server.GrpcLogAppender (GrpcLogAppender.java:timeoutAppendRequest(200)) - f6013552-a382-44c6-bdc3-8253bd9e054c@group-E2F58C278DC5->c5233a29-19a6-42e1-869f-0cfd92a1650c-GrpcLogAppender: appendEntries Timeout, request=f6013552-a382-44c6-bdc3-8253bd9e054c->c5233a29-19a6-42e1-869f-0cfd92a1650c#52-t2, previous=(t:2, i:13), leaderCommit=10, initializing? false, entries: <empty>
2019-09-17 05:58:30,726 [c5233a29-19a6-42e1-869f-0cfd92a1650c@group-E2F58C278DC5-SegmentedRaftLogWorker] WARN  segmented.SegmentedRaftLogWorker (SegmentedRaftLogWorker.java:getFromFuture(90)) - Timeout 9/~
org.apache.ratis.protocol.TimeoutIOException: Timeout 10s: WriteLog:12: (t:2, i:12), STATEMACHINELOGENTRY, client-437EC11F6ED9, cid=22-writeStateMachineData
	at org.apache.ratis.util.IOUtils.getFromFuture(IOUtils.java:87)
	at org.apache.ratis.server.raftlog.segmented.SegmentedRaftLogWorker$StateMachineDataPolicy.getFromFuture(SegmentedRaftLogWorker.java:87)
	at org.apache.ratis.server.raftlog.segmented.SegmentedRaftLogWorker$WriteLog.execute(SegmentedRaftLogWorker.java:477)
	at org.apache.ratis.server.raftlog.segmented.SegmentedRaftLogWorker.run(SegmentedRaftLogWorker.java:289)
	at java.lang.Thread.run(Thread.java:748)
Caused by: java.util.concurrent.TimeoutException
	at java.util.concurrent.CompletableFuture.timedGet(CompletableFuture.java:1771)
	at java.util.concurrent.CompletableFuture.get(CompletableFuture.java:1915)
	at org.apache.ratis.util.IOUtils.getFromFuture(IOUtils.java:79)
	... 4 more
2019-09-17 05:58:30,740 [3ec0bce2-5a80-4efc-b2ca-bab81cc18a9f@group-E2F58C278DC5-SegmentedRaftLogWorker] WARN  segmented.SegmentedRaftLogWorker (SegmentedRaftLogWorker.java:getFromFuture(90)) - Timeout 9/~
org.apache.ratis.protocol.TimeoutIOException: Timeout 10s: WriteLog:12: (t:2, i:12), STATEMACHINELOGENTRY, client-437EC11F6ED9, cid=22-writeStateMachineData
	at org.apache.ratis.util.IOUtils.getFromFuture(IOUtils.java:87)
	at org.apache.ratis.server.raftlog.segmented.SegmentedRaftLogWorker$StateMachineDataPolicy.getFromFuture(SegmentedRaftLogWorker.java:87)
	at org.apache.ratis.server.raftlog.segmented.SegmentedRaftLogWorker$WriteLog.execute(SegmentedRaftLogWorker.java:477)
	at org.apache.ratis.server.raftlog.segmented.SegmentedRaftLogWorker.run(SegmentedRaftLogWorker.java:289)
	at java.lang.Thread.run(Thread.java:748)
Caused by: java.util.concurrent.TimeoutException
	at java.util.concurrent.CompletableFuture.timedGet(CompletableFuture.java:1771)
	at java.util.concurrent.CompletableFuture.get(CompletableFuture.java:1915)
	at org.apache.ratis.util.IOUtils.getFromFuture(IOUtils.java:79)
	... 4 more
2019-09-17 05:58:30,741 [f6013552-a382-44c6-bdc3-8253bd9e054c@group-E2F58C278DC5-SegmentedRaftLogWorker] WARN  segmented.SegmentedRaftLogWorker (SegmentedRaftLogWorker.java:getFromFuture(90)) - Timeout 9/~
org.apache.ratis.protocol.TimeoutIOException: Timeout 10s: WriteLog:12: (t:2, i:12), STATEMACHINELOGENTRY, client-437EC11F6ED9, cid=22-writeStateMachineData
	at org.apache.ratis.util.IOUtils.getFromFuture(IOUtils.java:87)
	at org.apache.ratis.server.raftlog.segmented.SegmentedRaftLogWorker$StateMachineDataPolicy.getFromFuture(SegmentedRaftLogWorker.java:87)
	at org.apache.ratis.server.raftlog.segmented.SegmentedRaftLogWorker$WriteLog.execute(SegmentedRaftLogWorker.java:477)
	at org.apache.ratis.server.raftlog.segmented.SegmentedRaftLogWorker.run(SegmentedRaftLogWorker.java:289)
	at java.lang.Thread.run(Thread.java:748)
Caused by: java.util.concurrent.TimeoutException
	at java.util.concurrent.CompletableFuture.timedGet(CompletableFuture.java:1771)
	at java.util.concurrent.CompletableFuture.get(CompletableFuture.java:1915)
	at org.apache.ratis.util.IOUtils.getFromFuture(IOUtils.java:79)
	... 4 more
2019-09-17 05:58:31,191 [java.util.concurrent.ThreadPoolExecutor$Worker@6f944d64[State = -1, empty queue]] WARN  server.GrpcLogAppender (GrpcLogAppender.java:timeoutAppendRequest(200)) - f6013552-a382-44c6-bdc3-8253bd9e054c@group-E2F58C278DC5->3ec0bce2-5a80-4efc-b2ca-bab81cc18a9f-GrpcLogAppender: appendEntries Timeout, request=f6013552-a382-44c6-bdc3-8253bd9e054c->3ec0bce2-5a80-4efc-b2ca-bab81cc18a9f#53-t2, previous=(t:2, i:13), leaderCommit=10, initializing? false, entries: <empty>
2019-09-17 05:58:31,191 [java.util.concurrent.ThreadPoolExecutor$Worker@bab41d4[State = -1, empty queue]] WARN  server.GrpcLogAppender (GrpcLogAppender.java:timeoutAppendRequest(200)) - f6013552-a382-44c6-bdc3-8253bd9e054c@group-E2F58C278DC5->c5233a29-19a6-42e1-869f-0cfd92a1650c-GrpcLogAppender: appendEntries Timeout, request=f6013552-a382-44c6-bdc3-8253bd9e054c->c5233a29-19a6-42e1-869f-0cfd92a1650c#53-t2, previous=(t:2, i:13), leaderCommit=10, initializing? false, entries: <empty>
2019-09-17 05:58:31,723 [grpc-default-executor-2] INFO  client.GrpcClientProtocolClient (GrpcClientProtocolClient.java:onNext(264)) - client-437EC11F6ED9->3ec0bce2-5a80-4efc-b2ca-bab81cc18a9f: receive RaftClientReply:client-437EC11F6ED9->3ec0bce2-5a80-4efc-b2ca-bab81cc18a9f@group-E2F58C278DC5, cid=21, FAILED org.apache.ratis.protocol.NotLeaderException: Server 3ec0bce2-5a80-4efc-b2ca-bab81cc18a9f@group-E2F58C278DC5 is not the leader f6013552-a382-44c6-bdc3-8253bd9e054c:192.168.34.7:43799, logIndex=0, commits[3ec0bce2-5a80-4efc-b2ca-bab81cc18a9f:c10, f6013552-a382-44c6-bdc3-8253bd9e054c:c10, c5233a29-19a6-42e1-869f-0cfd92a1650c:c6]
2019-09-17 05:58:33,698 [java.util.concurrent.ThreadPoolExecutor$Worker@bab41d4[State = -1, empty queue]] WARN  server.GrpcLogAppender (GrpcLogAppender.java:timeoutAppendRequest(200)) - f6013552-a382-44c6-bdc3-8253bd9e054c@group-E2F58C278DC5->c5233a29-19a6-42e1-869f-0cfd92a1650c-GrpcLogAppender: appendEntries Timeout, request=f6013552-a382-44c6-bdc3-8253bd9e054c->c5233a29-19a6-42e1-869f-0cfd92a1650c#54-t2, previous=(t:2, i:13), leaderCommit=10, initializing? false, entries: <empty>
2019-09-17 05:58:33,698 [java.util.concurrent.ThreadPoolExecutor$Worker@6f944d64[State = -1, empty queue]] WARN  server.GrpcLogAppender (GrpcLogAppender.java:timeoutAppendRequest(200)) - f6013552-a382-44c6-bdc3-8253bd9e054c@group-E2F58C278DC5->3ec0bce2-5a80-4efc-b2ca-bab81cc18a9f-GrpcLogAppender: appendEntries Timeout, request=f6013552-a382-44c6-bdc3-8253bd9e054c->3ec0bce2-5a80-4efc-b2ca-bab81cc18a9f#54-t2, previous=(t:2, i:13), leaderCommit=10, initializing? false, entries: <empty>
2019-09-17 05:58:36,198 [java.util.concurrent.ThreadPoolExecutor$Worker@bab41d4[State = -1, empty queue]] WARN  server.GrpcLogAppender (GrpcLogAppender.java:timeoutAppendRequest(200)) - f6013552-a382-44c6-bdc3-8253bd9e054c@group-E2F58C278DC5->c5233a29-19a6-42e1-869f-0cfd92a1650c-GrpcLogAppender: appendEntries Timeout, request=f6013552-a382-44c6-bdc3-8253bd9e054c->c5233a29-19a6-42e1-869f-0cfd92a1650c#55-t2, previous=(t:2, i:13), leaderCommit=10, initializing? false, entries: <empty>
2019-09-17 05:58:36,198 [java.util.concurrent.ThreadPoolExecutor$Worker@6f944d64[State = -1, empty queue]] WARN  server.GrpcLogAppender (GrpcLogAppender.java:timeoutAppendRequest(200)) - f6013552-a382-44c6-bdc3-8253bd9e054c@group-E2F58C278DC5->3ec0bce2-5a80-4efc-b2ca-bab81cc18a9f-GrpcLogAppender: appendEntries Timeout, request=f6013552-a382-44c6-bdc3-8253bd9e054c->3ec0bce2-5a80-4efc-b2ca-bab81cc18a9f#55-t2, previous=(t:2, i:13), leaderCommit=10, initializing? false, entries: <empty>
2019-09-17 05:58:36,762 [grpc-default-executor-2] INFO  client.GrpcClientProtocolClient (GrpcClientProtocolClient.java:onNext(264)) - client-437EC11F6ED9->3ec0bce2-5a80-4efc-b2ca-bab81cc18a9f: receive RaftClientReply:client-437EC11F6ED9->3ec0bce2-5a80-4efc-b2ca-bab81cc18a9f@group-E2F58C278DC5, cid=21, FAILED org.apache.ratis.protocol.NotLeaderException: Server 3ec0bce2-5a80-4efc-b2ca-bab81cc18a9f@group-E2F58C278DC5 is not the leader f6013552-a382-44c6-bdc3-8253bd9e054c:192.168.34.7:43799, logIndex=0, commits[3ec0bce2-5a80-4efc-b2ca-bab81cc18a9f:c10, f6013552-a382-44c6-bdc3-8253bd9e054c:c10, c5233a29-19a6-42e1-869f-0cfd92a1650c:c6]
2019-09-17 05:58:38,699 [java.util.concurrent.ThreadPoolExecutor$Worker@6f944d64[State = -1, empty queue]] WARN  server.GrpcLogAppender (GrpcLogAppender.java:timeoutAppendRequest(200)) - f6013552-a382-44c6-bdc3-8253bd9e054c@group-E2F58C278DC5->3ec0bce2-5a80-4efc-b2ca-bab81cc18a9f-GrpcLogAppender: appendEntries Timeout, request=f6013552-a382-44c6-bdc3-8253bd9e054c->3ec0bce2-5a80-4efc-b2ca-bab81cc18a9f#56-t2, previous=(t:2, i:13), leaderCommit=10, initializing? false, entries: <empty>
2019-09-17 05:58:38,699 [java.util.concurrent.ThreadPoolExecutor$Worker@bab41d4[State = -1, empty queue]] WARN  server.GrpcLogAppender (GrpcLogAppender.java:timeoutAppendRequest(200)) - f6013552-a382-44c6-bdc3-8253bd9e054c@group-E2F58C278DC5->c5233a29-19a6-42e1-869f-0cfd92a1650c-GrpcLogAppender: appendEntries Timeout, request=f6013552-a382-44c6-bdc3-8253bd9e054c->c5233a29-19a6-42e1-869f-0cfd92a1650c#56-t2, previous=(t:2, i:13), leaderCommit=10, initializing? false, entries: <empty>
2019-09-17 05:58:40,727 [c5233a29-19a6-42e1-869f-0cfd92a1650c@group-E2F58C278DC5-SegmentedRaftLogWorker] WARN  segmented.SegmentedRaftLogWorker (SegmentedRaftLogWorker.java:getFromFuture(90)) - Timeout 10/~
org.apache.ratis.protocol.TimeoutIOException: Timeout 10s: WriteLog:12: (t:2, i:12), STATEMACHINELOGENTRY, client-437EC11F6ED9, cid=22-writeStateMachineData
	at org.apache.ratis.util.IOUtils.getFromFuture(IOUtils.java:87)
	at org.apache.ratis.server.raftlog.segmented.SegmentedRaftLogWorker$StateMachineDataPolicy.getFromFuture(SegmentedRaftLogWorker.java:87)
	at org.apache.ratis.server.raftlog.segmented.SegmentedRaftLogWorker$WriteLog.execute(SegmentedRaftLogWorker.java:477)
	at org.apache.ratis.server.raftlog.segmented.SegmentedRaftLogWorker.run(SegmentedRaftLogWorker.java:289)
	at java.lang.Thread.run(Thread.java:748)
Caused by: java.util.concurrent.TimeoutException
	at java.util.concurrent.CompletableFuture.timedGet(CompletableFuture.java:1771)
	at java.util.concurrent.CompletableFuture.get(CompletableFuture.java:1915)
	at org.apache.ratis.util.IOUtils.getFromFuture(IOUtils.java:79)
	... 4 more
2019-09-17 05:58:40,741 [3ec0bce2-5a80-4efc-b2ca-bab81cc18a9f@group-E2F58C278DC5-SegmentedRaftLogWorker] WARN  segmented.SegmentedRaftLogWorker (SegmentedRaftLogWorker.java:getFromFuture(90)) - Timeout 10/~
org.apache.ratis.protocol.TimeoutIOException: Timeout 10s: WriteLog:12: (t:2, i:12), STATEMACHINELOGENTRY, client-437EC11F6ED9, cid=22-writeStateMachineData
	at org.apache.ratis.util.IOUtils.getFromFuture(IOUtils.java:87)
	at org.apache.ratis.server.raftlog.segmented.SegmentedRaftLogWorker$StateMachineDataPolicy.getFromFuture(SegmentedRaftLogWorker.java:87)
	at org.apache.ratis.server.raftlog.segmented.SegmentedRaftLogWorker$WriteLog.execute(SegmentedRaftLogWorker.java:477)
	at org.apache.ratis.server.raftlog.segmented.SegmentedRaftLogWorker.run(SegmentedRaftLogWorker.java:289)
	at java.lang.Thread.run(Thread.java:748)
Caused by: java.util.concurrent.TimeoutException
	at java.util.concurrent.CompletableFuture.timedGet(CompletableFuture.java:1771)
	at java.util.concurrent.CompletableFuture.get(CompletableFuture.java:1915)
	at org.apache.ratis.util.IOUtils.getFromFuture(IOUtils.java:79)
	... 4 more
2019-09-17 05:58:40,742 [f6013552-a382-44c6-bdc3-8253bd9e054c@group-E2F58C278DC5-SegmentedRaftLogWorker] WARN  segmented.SegmentedRaftLogWorker (SegmentedRaftLogWorker.java:getFromFuture(90)) - Timeout 10/~
org.apache.ratis.protocol.TimeoutIOException: Timeout 10s: WriteLog:12: (t:2, i:12), STATEMACHINELOGENTRY, client-437EC11F6ED9, cid=22-writeStateMachineData
	at org.apache.ratis.util.IOUtils.getFromFuture(IOUtils.java:87)
	at org.apache.ratis.server.raftlog.segmented.SegmentedRaftLogWorker$StateMachineDataPolicy.getFromFuture(SegmentedRaftLogWorker.java:87)
	at org.apache.ratis.server.raftlog.segmented.SegmentedRaftLogWorker$WriteLog.execute(SegmentedRaftLogWorker.java:477)
	at org.apache.ratis.server.raftlog.segmented.SegmentedRaftLogWorker.run(SegmentedRaftLogWorker.java:289)
	at java.lang.Thread.run(Thread.java:748)
Caused by: java.util.concurrent.TimeoutException
	at java.util.concurrent.CompletableFuture.timedGet(CompletableFuture.java:1771)
	at java.util.concurrent.CompletableFuture.get(CompletableFuture.java:1915)
	at org.apache.ratis.util.IOUtils.getFromFuture(IOUtils.java:79)
	... 4 more
2019-09-17 05:58:41,199 [java.util.concurrent.ThreadPoolExecutor$Worker@bab41d4[State = -1, empty queue]] WARN  server.GrpcLogAppender (GrpcLogAppender.java:timeoutAppendRequest(200)) - f6013552-a382-44c6-bdc3-8253bd9e054c@group-E2F58C278DC5->c5233a29-19a6-42e1-869f-0cfd92a1650c-GrpcLogAppender: appendEntries Timeout, request=f6013552-a382-44c6-bdc3-8253bd9e054c->c5233a29-19a6-42e1-869f-0cfd92a1650c#57-t2, previous=(t:2, i:13), leaderCommit=10, initializing? false, entries: <empty>
2019-09-17 05:58:41,199 [java.util.concurrent.ThreadPoolExecutor$Worker@6f944d64[State = -1, empty queue]] WARN  server.GrpcLogAppender (GrpcLogAppender.java:timeoutAppendRequest(200)) - f6013552-a382-44c6-bdc3-8253bd9e054c@group-E2F58C278DC5->3ec0bce2-5a80-4efc-b2ca-bab81cc18a9f-GrpcLogAppender: appendEntries Timeout, request=f6013552-a382-44c6-bdc3-8253bd9e054c->3ec0bce2-5a80-4efc-b2ca-bab81cc18a9f#57-t2, previous=(t:2, i:13), leaderCommit=10, initializing? false, entries: <empty>
2019-09-17 05:58:41,800 [grpc-default-executor-5] INFO  client.GrpcClientProtocolClient (GrpcClientProtocolClient.java:onNext(264)) - client-437EC11F6ED9->3ec0bce2-5a80-4efc-b2ca-bab81cc18a9f: receive RaftClientReply:client-437EC11F6ED9->3ec0bce2-5a80-4efc-b2ca-bab81cc18a9f@group-E2F58C278DC5, cid=21, FAILED org.apache.ratis.protocol.NotLeaderException: Server 3ec0bce2-5a80-4efc-b2ca-bab81cc18a9f@group-E2F58C278DC5 is not the leader f6013552-a382-44c6-bdc3-8253bd9e054c:192.168.34.7:43799, logIndex=0, commits[3ec0bce2-5a80-4efc-b2ca-bab81cc18a9f:c10, f6013552-a382-44c6-bdc3-8253bd9e054c:c10, c5233a29-19a6-42e1-869f-0cfd92a1650c:c6]
2019-09-17 05:58:43,700 [java.util.concurrent.ThreadPoolExecutor$Worker@bab41d4[State = -1, empty queue]] WARN  server.GrpcLogAppender (GrpcLogAppender.java:timeoutAppendRequest(200)) - f6013552-a382-44c6-bdc3-8253bd9e054c@group-E2F58C278DC5->c5233a29-19a6-42e1-869f-0cfd92a1650c-GrpcLogAppender: appendEntries Timeout, request=f6013552-a382-44c6-bdc3-8253bd9e054c->c5233a29-19a6-42e1-869f-0cfd92a1650c#58-t2, previous=(t:2, i:13), leaderCommit=10, initializing? false, entries: <empty>
2019-09-17 05:58:43,700 [java.util.concurrent.ThreadPoolExecutor$Worker@6f944d64[State = -1, empty queue]] WARN  server.GrpcLogAppender (GrpcLogAppender.java:timeoutAppendRequest(200)) - f6013552-a382-44c6-bdc3-8253bd9e054c@group-E2F58C278DC5->3ec0bce2-5a80-4efc-b2ca-bab81cc18a9f-GrpcLogAppender: appendEntries Timeout, request=f6013552-a382-44c6-bdc3-8253bd9e054c->3ec0bce2-5a80-4efc-b2ca-bab81cc18a9f#58-t2, previous=(t:2, i:13), leaderCommit=10, initializing? false, entries: <empty>
2019-09-17 05:58:46,200 [java.util.concurrent.ThreadPoolExecutor$Worker@bab41d4[State = -1, empty queue]] WARN  server.GrpcLogAppender (GrpcLogAppender.java:timeoutAppendRequest(200)) - f6013552-a382-44c6-bdc3-8253bd9e054c@group-E2F58C278DC5->c5233a29-19a6-42e1-869f-0cfd92a1650c-GrpcLogAppender: appendEntries Timeout, request=f6013552-a382-44c6-bdc3-8253bd9e054c->c5233a29-19a6-42e1-869f-0cfd92a1650c#59-t2, previous=(t:2, i:13), leaderCommit=10, initializing? false, entries: <empty>
2019-09-17 05:58:46,200 [java.util.concurrent.ThreadPoolExecutor$Worker@6f944d64[State = -1, empty queue]] WARN  server.GrpcLogAppender (GrpcLogAppender.java:timeoutAppendRequest(200)) - f6013552-a382-44c6-bdc3-8253bd9e054c@group-E2F58C278DC5->3ec0bce2-5a80-4efc-b2ca-bab81cc18a9f-GrpcLogAppender: appendEntries Timeout, request=f6013552-a382-44c6-bdc3-8253bd9e054c->3ec0bce2-5a80-4efc-b2ca-bab81cc18a9f#59-t2, previous=(t:2, i:13), leaderCommit=10, initializing? false, entries: <empty>
2019-09-17 05:58:46,843 [grpc-default-executor-2] INFO  client.GrpcClientProtocolClient (GrpcClientProtocolClient.java:onNext(264)) - client-437EC11F6ED9->3ec0bce2-5a80-4efc-b2ca-bab81cc18a9f: receive RaftClientReply:client-437EC11F6ED9->3ec0bce2-5a80-4efc-b2ca-bab81cc18a9f@group-E2F58C278DC5, cid=21, FAILED org.apache.ratis.protocol.NotLeaderException: Server 3ec0bce2-5a80-4efc-b2ca-bab81cc18a9f@group-E2F58C278DC5 is not the leader f6013552-a382-44c6-bdc3-8253bd9e054c:192.168.34.7:43799, logIndex=0, commits[3ec0bce2-5a80-4efc-b2ca-bab81cc18a9f:c10, f6013552-a382-44c6-bdc3-8253bd9e054c:c10, c5233a29-19a6-42e1-869f-0cfd92a1650c:c6]
2019-09-17 05:58:48,702 [java.util.concurrent.ThreadPoolExecutor$Worker@bab41d4[State = -1, empty queue]] WARN  server.GrpcLogAppender (GrpcLogAppender.java:timeoutAppendRequest(200)) - f6013552-a382-44c6-bdc3-8253bd9e054c@group-E2F58C278DC5->c5233a29-19a6-42e1-869f-0cfd92a1650c-GrpcLogAppender: appendEntries Timeout, request=f6013552-a382-44c6-bdc3-8253bd9e054c->c5233a29-19a6-42e1-869f-0cfd92a1650c#60-t2, previous=(t:2, i:13), leaderCommit=10, initializing? false, entries: <empty>
2019-09-17 05:58:48,702 [java.util.concurrent.ThreadPoolExecutor$Worker@6f944d64[State = -1, empty queue]] WARN  server.GrpcLogAppender (GrpcLogAppender.java:timeoutAppendRequest(200)) - f6013552-a382-44c6-bdc3-8253bd9e054c@group-E2F58C278DC5->3ec0bce2-5a80-4efc-b2ca-bab81cc18a9f-GrpcLogAppender: appendEntries Timeout, request=f6013552-a382-44c6-bdc3-8253bd9e054c->3ec0bce2-5a80-4efc-b2ca-bab81cc18a9f#60-t2, previous=(t:2, i:13), leaderCommit=10, initializing? false, entries: <empty>
2019-09-17 05:58:50,729 [c5233a29-19a6-42e1-869f-0cfd92a1650c@group-E2F58C278DC5-SegmentedRaftLogWorker] WARN  segmented.SegmentedRaftLogWorker (SegmentedRaftLogWorker.java:getFromFuture(90)) - Timeout 11/~
org.apache.ratis.protocol.TimeoutIOException: Timeout 10s: WriteLog:12: (t:2, i:12), STATEMACHINELOGENTRY, client-437EC11F6ED9, cid=22-writeStateMachineData
	at org.apache.ratis.util.IOUtils.getFromFuture(IOUtils.java:87)
	at org.apache.ratis.server.raftlog.segmented.SegmentedRaftLogWorker$StateMachineDataPolicy.getFromFuture(SegmentedRaftLogWorker.java:87)
	at org.apache.ratis.server.raftlog.segmented.SegmentedRaftLogWorker$WriteLog.execute(SegmentedRaftLogWorker.java:477)
	at org.apache.ratis.server.raftlog.segmented.SegmentedRaftLogWorker.run(SegmentedRaftLogWorker.java:289)
	at java.lang.Thread.run(Thread.java:748)
Caused by: java.util.concurrent.TimeoutException
	at java.util.concurrent.CompletableFuture.timedGet(CompletableFuture.java:1771)
	at java.util.concurrent.CompletableFuture.get(CompletableFuture.java:1915)
	at org.apache.ratis.util.IOUtils.getFromFuture(IOUtils.java:79)
	... 4 more
2019-09-17 05:58:50,759 [org.apache.ratis.server.impl.LogAppender$AppenderDaemon$$Lambda$508/456872507@4ed7c877] ERROR ratis.XceiverServerRatis (XceiverServerRatis.java:triggerPipelineClose(575)) - pipeline Action CLOSE  on pipeline PipelineID=2e6087e1-ff44-45df-ae3c-e2f58c278dc5.Reason : f6013552-a382-44c6-bdc3-8253bd9e054c has not seen follower/s c5233a29-19a6-42e1-869f-0cfd92a1650c for 120214ms 3ec0bce2-5a80-4efc-b2ca-bab81cc18a9f for 120215ms
2019-09-17 05:58:50,759 [org.apache.ratis.server.impl.LogAppender$AppenderDaemon$$Lambda$508/456872507@26726850] ERROR ratis.XceiverServerRatis (XceiverServerRatis.java:triggerPipelineClose(575)) - pipeline Action CLOSE  on pipeline PipelineID=2e6087e1-ff44-45df-ae3c-e2f58c278dc5.Reason : f6013552-a382-44c6-bdc3-8253bd9e054c has not seen follower/s c5233a29-19a6-42e1-869f-0cfd92a1650c for 120214ms 3ec0bce2-5a80-4efc-b2ca-bab81cc18a9f for 120215ms
2019-09-17 05:58:50,759 [f6013552-a382-44c6-bdc3-8253bd9e054c@group-E2F58C278DC5-SegmentedRaftLogWorker] WARN  segmented.SegmentedRaftLogWorker (SegmentedRaftLogWorker.java:getFromFuture(90)) - Timeout 11/~
org.apache.ratis.protocol.TimeoutIOException: Timeout 10s: WriteLog:12: (t:2, i:12), STATEMACHINELOGENTRY, client-437EC11F6ED9, cid=22-writeStateMachineData
	at org.apache.ratis.util.IOUtils.getFromFuture(IOUtils.java:87)
	at org.apache.ratis.server.raftlog.segmented.SegmentedRaftLogWorker$StateMachineDataPolicy.getFromFuture(SegmentedRaftLogWorker.java:87)
	at org.apache.ratis.server.raftlog.segmented.SegmentedRaftLogWorker$WriteLog.execute(SegmentedRaftLogWorker.java:477)
	at org.apache.ratis.server.raftlog.segmented.SegmentedRaftLogWorker.run(SegmentedRaftLogWorker.java:289)
	at java.lang.Thread.run(Thread.java:748)
Caused by: java.util.concurrent.TimeoutException
	at java.util.concurrent.CompletableFuture.timedGet(CompletableFuture.java:1771)
	at java.util.concurrent.CompletableFuture.get(CompletableFuture.java:1915)
	at org.apache.ratis.util.IOUtils.getFromFuture(IOUtils.java:79)
	... 4 more
2019-09-17 05:58:50,759 [3ec0bce2-5a80-4efc-b2ca-bab81cc18a9f@group-E2F58C278DC5-SegmentedRaftLogWorker] WARN  segmented.SegmentedRaftLogWorker (SegmentedRaftLogWorker.java:getFromFuture(90)) - Timeout 11/~
org.apache.ratis.protocol.TimeoutIOException: Timeout 10s: WriteLog:12: (t:2, i:12), STATEMACHINELOGENTRY, client-437EC11F6ED9, cid=22-writeStateMachineData
	at org.apache.ratis.util.IOUtils.getFromFuture(IOUtils.java:87)
	at org.apache.ratis.server.raftlog.segmented.SegmentedRaftLogWorker$StateMachineDataPolicy.getFromFuture(SegmentedRaftLogWorker.java:87)
	at org.apache.ratis.server.raftlog.segmented.SegmentedRaftLogWorker$WriteLog.execute(SegmentedRaftLogWorker.java:477)
	at org.apache.ratis.server.raftlog.segmented.SegmentedRaftLogWorker.run(SegmentedRaftLogWorker.java:289)
	at java.lang.Thread.run(Thread.java:748)
Caused by: java.util.concurrent.TimeoutException
	at java.util.concurrent.CompletableFuture.timedGet(CompletableFuture.java:1771)
	at java.util.concurrent.CompletableFuture.get(CompletableFuture.java:1915)
	at org.apache.ratis.util.IOUtils.getFromFuture(IOUtils.java:79)
	... 4 more
2019-09-17 05:58:50,763 [EventQueue-PipelineActionsForPipelineActionHandler] ERROR pipeline.PipelineActionHandler (PipelineActionHandler.java:onMessage(60)) - Received pipeline action CLOSE for Pipeline[ Id: 2e6087e1-ff44-45df-ae3c-e2f58c278dc5, Nodes: c5233a29-19a6-42e1-869f-0cfd92a1650c{ip: 192.168.34.7, host: pr-hdds-2132-5g9kv-3389001449, networkLocation: /default-rack, certSerialId: null}3ec0bce2-5a80-4efc-b2ca-bab81cc18a9f{ip: 192.168.34.7, host: pr-hdds-2132-5g9kv-3389001449, networkLocation: /default-rack, certSerialId: null}f6013552-a382-44c6-bdc3-8253bd9e054c{ip: 192.168.34.7, host: pr-hdds-2132-5g9kv-3389001449, networkLocation: /default-rack, certSerialId: null}, Type:RATIS, Factor:THREE, State:OPEN] from datanode f6013552-a382-44c6-bdc3-8253bd9e054c{ip: 192.168.34.7, host: pr-hdds-2132-5g9kv-3389001449, networkLocation: /default-rack, certSerialId: null}. Reason : f6013552-a382-44c6-bdc3-8253bd9e054c has not seen follower/s c5233a29-19a6-42e1-869f-0cfd92a1650c for 120214ms 3ec0bce2-5a80-4efc-b2ca-bab81cc18a9f for 120215ms
2019-09-17 05:58:50,764 [EventQueue-PipelineActionsForPipelineActionHandler] INFO  pipeline.SCMPipelineManager (SCMPipelineManager.java:finalizeAndDestroyPipeline(311)) - destroying pipeline:Pipeline[ Id: 2e6087e1-ff44-45df-ae3c-e2f58c278dc5, Nodes: c5233a29-19a6-42e1-869f-0cfd92a1650c{ip: 192.168.34.7, host: pr-hdds-2132-5g9kv-3389001449, networkLocation: /default-rack, certSerialId: null}3ec0bce2-5a80-4efc-b2ca-bab81cc18a9f{ip: 192.168.34.7, host: pr-hdds-2132-5g9kv-3389001449, networkLocation: /default-rack, certSerialId: null}f6013552-a382-44c6-bdc3-8253bd9e054c{ip: 192.168.34.7, host: pr-hdds-2132-5g9kv-3389001449, networkLocation: /default-rack, certSerialId: null}, Type:RATIS, Factor:THREE, State:OPEN]
2019-09-17 05:58:50,765 [EventQueue-PipelineActionsForPipelineActionHandler] INFO  pipeline.PipelineStateManager (PipelineStateManager.java:finalizePipeline(123)) - Pipeline Pipeline[ Id: 2e6087e1-ff44-45df-ae3c-e2f58c278dc5, Nodes: c5233a29-19a6-42e1-869f-0cfd92a1650c{ip: 192.168.34.7, host: pr-hdds-2132-5g9kv-3389001449, networkLocation: /default-rack, certSerialId: null}3ec0bce2-5a80-4efc-b2ca-bab81cc18a9f{ip: 192.168.34.7, host: pr-hdds-2132-5g9kv-3389001449, networkLocation: /default-rack, certSerialId: null}f6013552-a382-44c6-bdc3-8253bd9e054c{ip: 192.168.34.7, host: pr-hdds-2132-5g9kv-3389001449, networkLocation: /default-rack, certSerialId: null}, Type:RATIS, Factor:THREE, State:CLOSED] moved to CLOSED state
2019-09-17 05:58:50,767 [EventQueue-CloseContainerForCloseContainerEventHandler] INFO  container.CloseContainerEventHandler (CloseContainerEventHandler.java:onMessage(61)) - Close container Event triggered for container : #2
2019-09-17 05:58:50,774 [EventQueue-CloseContainerForCloseContainerEventHandler] INFO  container.CloseContainerEventHandler (CloseContainerEventHandler.java:onMessage(61)) - Close container Event triggered for container : #3
2019-09-17 05:58:51,202 [java.util.concurrent.ThreadPoolExecutor$Worker@bab41d4[State = -1, empty queue]] WARN  server.GrpcLogAppender (GrpcLogAppender.java:timeoutAppendRequest(200)) - f6013552-a382-44c6-bdc3-8253bd9e054c@group-E2F58C278DC5->c5233a29-19a6-42e1-869f-0cfd92a1650c-GrpcLogAppender: appendEntries Timeout, request=f6013552-a382-44c6-bdc3-8253bd9e054c->c5233a29-19a6-42e1-869f-0cfd92a1650c#61-t2, previous=(t:2, i:13), leaderCommit=10, initializing? false, entries: <empty>
2019-09-17 05:58:51,202 [java.util.concurrent.ThreadPoolExecutor$Worker@6f944d64[State = -1, empty queue]] WARN  server.GrpcLogAppender (GrpcLogAppender.java:timeoutAppendRequest(200)) - f6013552-a382-44c6-bdc3-8253bd9e054c@group-E2F58C278DC5->3ec0bce2-5a80-4efc-b2ca-bab81cc18a9f-GrpcLogAppender: appendEntries Timeout, request=f6013552-a382-44c6-bdc3-8253bd9e054c->3ec0bce2-5a80-4efc-b2ca-bab81cc18a9f#61-t2, previous=(t:2, i:13), leaderCommit=10, initializing? false, entries: <empty>
2019-09-17 05:58:51,876 [grpc-default-executor-5] INFO  client.GrpcClientProtocolClient (GrpcClientProtocolClient.java:onNext(264)) - client-437EC11F6ED9->3ec0bce2-5a80-4efc-b2ca-bab81cc18a9f: receive RaftClientReply:client-437EC11F6ED9->3ec0bce2-5a80-4efc-b2ca-bab81cc18a9f@group-E2F58C278DC5, cid=21, FAILED org.apache.ratis.protocol.NotLeaderException: Server 3ec0bce2-5a80-4efc-b2ca-bab81cc18a9f@group-E2F58C278DC5 is not the leader f6013552-a382-44c6-bdc3-8253bd9e054c:192.168.34.7:43799, logIndex=0, commits[3ec0bce2-5a80-4efc-b2ca-bab81cc18a9f:c10, f6013552-a382-44c6-bdc3-8253bd9e054c:c10, c5233a29-19a6-42e1-869f-0cfd92a1650c:c6]
2019-09-17 05:58:52,778 [org.apache.ratis.server.impl.LogAppender$AppenderDaemon$$Lambda$508/456872507@4ed7c877] ERROR ratis.XceiverServerRatis (XceiverServerRatis.java:triggerPipelineClose(575)) - pipeline Action CLOSE  on pipeline PipelineID=2e6087e1-ff44-45df-ae3c-e2f58c278dc5.Reason : f6013552-a382-44c6-bdc3-8253bd9e054c has not seen follower/s c5233a29-19a6-42e1-869f-0cfd92a1650c for 122266ms 3ec0bce2-5a80-4efc-b2ca-bab81cc18a9f for 122263ms
2019-09-17 05:58:52,778 [org.apache.ratis.server.impl.LogAppender$AppenderDaemon$$Lambda$508/456872507@26726850] ERROR ratis.XceiverServerRatis (XceiverServerRatis.java:triggerPipelineClose(575)) - pipeline Action CLOSE  on pipeline PipelineID=2e6087e1-ff44-45df-ae3c-e2f58c278dc5.Reason : f6013552-a382-44c6-bdc3-8253bd9e054c has not seen follower/s c5233a29-19a6-42e1-869f-0cfd92a1650c for 122266ms 3ec0bce2-5a80-4efc-b2ca-bab81cc18a9f for 122263ms
2019-09-17 05:58:53,703 [java.util.concurrent.ThreadPoolExecutor$Worker@6f944d64[State = -1, empty queue]] WARN  server.GrpcLogAppender (GrpcLogAppender.java:timeoutAppendRequest(200)) - f6013552-a382-44c6-bdc3-8253bd9e054c@group-E2F58C278DC5->3ec0bce2-5a80-4efc-b2ca-bab81cc18a9f-GrpcLogAppender: appendEntries Timeout, request=f6013552-a382-44c6-bdc3-8253bd9e054c->3ec0bce2-5a80-4efc-b2ca-bab81cc18a9f#62-t2, previous=(t:2, i:13), leaderCommit=10, initializing? false, entries: <empty>
2019-09-17 05:58:53,703 [java.util.concurrent.ThreadPoolExecutor$Worker@bab41d4[State = -1, empty queue]] WARN  server.GrpcLogAppender (GrpcLogAppender.java:timeoutAppendRequest(200)) - f6013552-a382-44c6-bdc3-8253bd9e054c@group-E2F58C278DC5->c5233a29-19a6-42e1-869f-0cfd92a1650c-GrpcLogAppender: appendEntries Timeout, request=f6013552-a382-44c6-bdc3-8253bd9e054c->c5233a29-19a6-42e1-869f-0cfd92a1650c#62-t2, previous=(t:2, i:13), leaderCommit=10, initializing? false, entries: <empty>
2019-09-17 05:58:53,777 [EventQueue-PipelineActionsForPipelineActionHandler] ERROR pipeline.PipelineActionHandler (PipelineActionHandler.java:onMessage(60)) - Received pipeline action CLOSE for Pipeline[ Id: 2e6087e1-ff44-45df-ae3c-e2f58c278dc5, Nodes: c5233a29-19a6-42e1-869f-0cfd92a1650c{ip: 192.168.34.7, host: pr-hdds-2132-5g9kv-3389001449, networkLocation: /default-rack, certSerialId: null}3ec0bce2-5a80-4efc-b2ca-bab81cc18a9f{ip: 192.168.34.7, host: pr-hdds-2132-5g9kv-3389001449, networkLocation: /default-rack, certSerialId: null}f6013552-a382-44c6-bdc3-8253bd9e054c{ip: 192.168.34.7, host: pr-hdds-2132-5g9kv-3389001449, networkLocation: /default-rack, certSerialId: null}, Type:RATIS, Factor:THREE, State:CLOSED] from datanode f6013552-a382-44c6-bdc3-8253bd9e054c{ip: 192.168.34.7, host: pr-hdds-2132-5g9kv-3389001449, networkLocation: /default-rack, certSerialId: null}. Reason : f6013552-a382-44c6-bdc3-8253bd9e054c has not seen follower/s c5233a29-19a6-42e1-869f-0cfd92a1650c for 122266ms 3ec0bce2-5a80-4efc-b2ca-bab81cc18a9f for 122263ms
2019-09-17 05:58:53,777 [EventQueue-PipelineActionsForPipelineActionHandler] INFO  pipeline.SCMPipelineManager (SCMPipelineManager.java:finalizeAndDestroyPipeline(311)) - destroying pipeline:Pipeline[ Id: 2e6087e1-ff44-45df-ae3c-e2f58c278dc5, Nodes: c5233a29-19a6-42e1-869f-0cfd92a1650c{ip: 192.168.34.7, host: pr-hdds-2132-5g9kv-3389001449, networkLocation: /default-rack, certSerialId: null}3ec0bce2-5a80-4efc-b2ca-bab81cc18a9f{ip: 192.168.34.7, host: pr-hdds-2132-5g9kv-3389001449, networkLocation: /default-rack, certSerialId: null}f6013552-a382-44c6-bdc3-8253bd9e054c{ip: 192.168.34.7, host: pr-hdds-2132-5g9kv-3389001449, networkLocation: /default-rack, certSerialId: null}, Type:RATIS, Factor:THREE, State:CLOSED]
2019-09-17 05:58:55,279 [org.apache.ratis.server.impl.LogAppender$AppenderDaemon$$Lambda$508/456872507@4ed7c877] ERROR ratis.XceiverServerRatis (XceiverServerRatis.java:triggerPipelineClose(575)) - pipeline Action CLOSE  on pipeline PipelineID=2e6087e1-ff44-45df-ae3c-e2f58c278dc5.Reason : f6013552-a382-44c6-bdc3-8253bd9e054c has not seen follower/s c5233a29-19a6-42e1-869f-0cfd92a1650c for 124767ms 3ec0bce2-5a80-4efc-b2ca-bab81cc18a9f for 124764ms
2019-09-17 05:58:55,283 [org.apache.ratis.server.impl.LogAppender$AppenderDaemon$$Lambda$508/456872507@26726850] ERROR ratis.XceiverServerRatis (XceiverServerRatis.java:triggerPipelineClose(575)) - pipeline Action CLOSE  on pipeline PipelineID=2e6087e1-ff44-45df-ae3c-e2f58c278dc5.Reason : f6013552-a382-44c6-bdc3-8253bd9e054c has not seen follower/s c5233a29-19a6-42e1-869f-0cfd92a1650c for 124771ms 3ec0bce2-5a80-4efc-b2ca-bab81cc18a9f for 124767ms
2019-09-17 05:58:55,778 [java.util.concurrent.ThreadPoolExecutor$Worker@6f944d64[State = -1, empty queue]] WARN  server.GrpcLogAppender (GrpcLogAppender.java:timeoutAppendRequest(200)) - f6013552-a382-44c6-bdc3-8253bd9e054c@group-E2F58C278DC5->3ec0bce2-5a80-4efc-b2ca-bab81cc18a9f-GrpcLogAppender: appendEntries Timeout, request=f6013552-a382-44c6-bdc3-8253bd9e054c->3ec0bce2-5a80-4efc-b2ca-bab81cc18a9f#63-t2, previous=(t:2, i:13), leaderCommit=10, initializing? false, entries: size=1, first=(t:2, i:14), STATEMACHINELOGENTRY, client-14DAEEB108BC, cid=3
2019-09-17 05:58:55,778 [java.util.concurrent.ThreadPoolExecutor$Worker@bab41d4[State = -1, empty queue]] WARN  server.GrpcLogAppender (GrpcLogAppender.java:timeoutAppendRequest(200)) - f6013552-a382-44c6-bdc3-8253bd9e054c@group-E2F58C278DC5->c5233a29-19a6-42e1-869f-0cfd92a1650c-GrpcLogAppender: appendEntries Timeout, request=f6013552-a382-44c6-bdc3-8253bd9e054c->c5233a29-19a6-42e1-869f-0cfd92a1650c#63-t2, previous=(t:2, i:13), leaderCommit=10, initializing? false, entries: size=1, first=(t:2, i:14), STATEMACHINELOGENTRY, client-14DAEEB108BC, cid=3
2019-09-17 05:58:55,779 [EventQueue-PipelineActionsForPipelineActionHandler] ERROR pipeline.PipelineActionHandler (PipelineActionHandler.java:onMessage(60)) - Received pipeline action CLOSE for Pipeline[ Id: 2e6087e1-ff44-45df-ae3c-e2f58c278dc5, Nodes: c5233a29-19a6-42e1-869f-0cfd92a1650c{ip: 192.168.34.7, host: pr-hdds-2132-5g9kv-3389001449, networkLocation: /default-rack, certSerialId: null}3ec0bce2-5a80-4efc-b2ca-bab81cc18a9f{ip: 192.168.34.7, host: pr-hdds-2132-5g9kv-3389001449, networkLocation: /default-rack, certSerialId: null}f6013552-a382-44c6-bdc3-8253bd9e054c{ip: 192.168.34.7, host: pr-hdds-2132-5g9kv-3389001449, networkLocation: /default-rack, certSerialId: null}, Type:RATIS, Factor:THREE, State:CLOSED] from datanode f6013552-a382-44c6-bdc3-8253bd9e054c{ip: 192.168.34.7, host: pr-hdds-2132-5g9kv-3389001449, networkLocation: /default-rack, certSerialId: null}. Reason : f6013552-a382-44c6-bdc3-8253bd9e054c has not seen follower/s c5233a29-19a6-42e1-869f-0cfd92a1650c for 124767ms 3ec0bce2-5a80-4efc-b2ca-bab81cc18a9f for 124764ms
2019-09-17 05:58:55,786 [EventQueue-PipelineActionsForPipelineActionHandler] INFO  pipeline.SCMPipelineManager (SCMPipelineManager.java:finalizeAndDestroyPipeline(311)) - destroying pipeline:Pipeline[ Id: 2e6087e1-ff44-45df-ae3c-e2f58c278dc5, Nodes: c5233a29-19a6-42e1-869f-0cfd92a1650c{ip: 192.168.34.7, host: pr-hdds-2132-5g9kv-3389001449, networkLocation: /default-rack, certSerialId: null}3ec0bce2-5a80-4efc-b2ca-bab81cc18a9f{ip: 192.168.34.7, host: pr-hdds-2132-5g9kv-3389001449, networkLocation: /default-rack, certSerialId: null}f6013552-a382-44c6-bdc3-8253bd9e054c{ip: 192.168.34.7, host: pr-hdds-2132-5g9kv-3389001449, networkLocation: /default-rack, certSerialId: null}, Type:RATIS, Factor:THREE, State:CLOSED]
2019-09-17 05:58:56,935 [grpc-default-executor-2] INFO  client.GrpcClientProtocolClient (GrpcClientProtocolClient.java:onNext(264)) - client-437EC11F6ED9->3ec0bce2-5a80-4efc-b2ca-bab81cc18a9f: receive RaftClientReply:client-437EC11F6ED9->3ec0bce2-5a80-4efc-b2ca-bab81cc18a9f@group-E2F58C278DC5, cid=21, FAILED org.apache.ratis.protocol.NotLeaderException: Server 3ec0bce2-5a80-4efc-b2ca-bab81cc18a9f@group-E2F58C278DC5 is not the leader f6013552-a382-44c6-bdc3-8253bd9e054c:192.168.34.7:43799, logIndex=0, commits[3ec0bce2-5a80-4efc-b2ca-bab81cc18a9f:c10, f6013552-a382-44c6-bdc3-8253bd9e054c:c10, c5233a29-19a6-42e1-869f-0cfd92a1650c:c6]
2019-09-17 05:58:57,782 [org.apache.ratis.server.impl.LogAppender$AppenderDaemon$$Lambda$508/456872507@4ed7c877] ERROR ratis.XceiverServerRatis (XceiverServerRatis.java:triggerPipelineClose(575)) - pipeline Action CLOSE  on pipeline PipelineID=2e6087e1-ff44-45df-ae3c-e2f58c278dc5.Reason : f6013552-a382-44c6-bdc3-8253bd9e054c has not seen follower/s c5233a29-19a6-42e1-869f-0cfd92a1650c for 127270ms 3ec0bce2-5a80-4efc-b2ca-bab81cc18a9f for 127267ms
2019-09-17 05:58:57,786 [org.apache.ratis.server.impl.LogAppender$AppenderDaemon$$Lambda$508/456872507@26726850] ERROR ratis.XceiverServerRatis (XceiverServerRatis.java:triggerPipelineClose(575)) - pipeline Action CLOSE  on pipeline PipelineID=2e6087e1-ff44-45df-ae3c-e2f58c278dc5.Reason : f6013552-a382-44c6-bdc3-8253bd9e054c has not seen follower/s c5233a29-19a6-42e1-869f-0cfd92a1650c for 127274ms 3ec0bce2-5a80-4efc-b2ca-bab81cc18a9f for 127271ms
2019-09-17 05:58:58,279 [java.util.concurrent.ThreadPoolExecutor$Worker@bab41d4[State = -1, empty queue]] WARN  server.GrpcLogAppender (GrpcLogAppender.java:timeoutAppendRequest(200)) - f6013552-a382-44c6-bdc3-8253bd9e054c@group-E2F58C278DC5->c5233a29-19a6-42e1-869f-0cfd92a1650c-GrpcLogAppender: appendEntries Timeout, request=f6013552-a382-44c6-bdc3-8253bd9e054c->c5233a29-19a6-42e1-869f-0cfd92a1650c#64-t2, previous=(t:2, i:14), leaderCommit=10, initializing? false, entries: <empty>
2019-09-17 05:58:58,282 [java.util.concurrent.ThreadPoolExecutor$Worker@6f944d64[State = -1, empty queue]] WARN  server.GrpcLogAppender (GrpcLogAppender.java:timeoutAppendRequest(200)) - f6013552-a382-44c6-bdc3-8253bd9e054c@group-E2F58C278DC5->3ec0bce2-5a80-4efc-b2ca-bab81cc18a9f-GrpcLogAppender: appendEntries Timeout, request=f6013552-a382-44c6-bdc3-8253bd9e054c->3ec0bce2-5a80-4efc-b2ca-bab81cc18a9f#64-t2, previous=(t:2, i:14), leaderCommit=10, initializing? false, entries: <empty>
2019-09-17 05:58:58,778 [EventQueue-PipelineActionsForPipelineActionHandler] ERROR pipeline.PipelineActionHandler (PipelineActionHandler.java:onMessage(60)) - Received pipeline action CLOSE for Pipeline[ Id: 2e6087e1-ff44-45df-ae3c-e2f58c278dc5, Nodes: c5233a29-19a6-42e1-869f-0cfd92a1650c{ip: 192.168.34.7, host: pr-hdds-2132-5g9kv-3389001449, networkLocation: /default-rack, certSerialId: null}3ec0bce2-5a80-4efc-b2ca-bab81cc18a9f{ip: 192.168.34.7, host: pr-hdds-2132-5g9kv-3389001449, networkLocation: /default-rack, certSerialId: null}f6013552-a382-44c6-bdc3-8253bd9e054c{ip: 192.168.34.7, host: pr-hdds-2132-5g9kv-3389001449, networkLocation: /default-rack, certSerialId: null}, Type:RATIS, Factor:THREE, State:CLOSED] from datanode f6013552-a382-44c6-bdc3-8253bd9e054c{ip: 192.168.34.7, host: pr-hdds-2132-5g9kv-3389001449, networkLocation: /default-rack, certSerialId: null}. Reason : f6013552-a382-44c6-bdc3-8253bd9e054c has not seen follower/s c5233a29-19a6-42e1-869f-0cfd92a1650c for 127270ms 3ec0bce2-5a80-4efc-b2ca-bab81cc18a9f for 127267ms
2019-09-17 05:58:58,778 [EventQueue-PipelineActionsForPipelineActionHandler] INFO  pipeline.SCMPipelineManager (SCMPipelineManager.java:finalizeAndDestroyPipeline(311)) - destroying pipeline:Pipeline[ Id: 2e6087e1-ff44-45df-ae3c-e2f58c278dc5, Nodes: c5233a29-19a6-42e1-869f-0cfd92a1650c{ip: 192.168.34.7, host: pr-hdds-2132-5g9kv-3389001449, networkLocation: /default-rack, certSerialId: null}3ec0bce2-5a80-4efc-b2ca-bab81cc18a9f{ip: 192.168.34.7, host: pr-hdds-2132-5g9kv-3389001449, networkLocation: /default-rack, certSerialId: null}f6013552-a382-44c6-bdc3-8253bd9e054c{ip: 192.168.34.7, host: pr-hdds-2132-5g9kv-3389001449, networkLocation: /default-rack, certSerialId: null}, Type:RATIS, Factor:THREE, State:CLOSED]
2019-09-17 05:59:00,283 [org.apache.ratis.server.impl.LogAppender$AppenderDaemon$$Lambda$508/456872507@4ed7c877] ERROR ratis.XceiverServerRatis (XceiverServerRatis.java:triggerPipelineClose(575)) - pipeline Action CLOSE  on pipeline PipelineID=2e6087e1-ff44-45df-ae3c-e2f58c278dc5.Reason : f6013552-a382-44c6-bdc3-8253bd9e054c has not seen follower/s c5233a29-19a6-42e1-869f-0cfd92a1650c for 129771ms 3ec0bce2-5a80-4efc-b2ca-bab81cc18a9f for 129768ms
2019-09-17 05:59:00,287 [org.apache.ratis.server.impl.LogAppender$AppenderDaemon$$Lambda$508/456872507@26726850] ERROR ratis.XceiverServerRatis (XceiverServerRatis.java:triggerPipelineClose(575)) - pipeline Action CLOSE  on pipeline PipelineID=2e6087e1-ff44-45df-ae3c-e2f58c278dc5.Reason : f6013552-a382-44c6-bdc3-8253bd9e054c has not seen follower/s c5233a29-19a6-42e1-869f-0cfd92a1650c for 129775ms 3ec0bce2-5a80-4efc-b2ca-bab81cc18a9f for 129772ms
2019-09-17 05:59:00,730 [c5233a29-19a6-42e1-869f-0cfd92a1650c@group-E2F58C278DC5-SegmentedRaftLogWorker] WARN  segmented.SegmentedRaftLogWorker (SegmentedRaftLogWorker.java:getFromFuture(90)) - Timeout 12/~
org.apache.ratis.protocol.TimeoutIOException: Timeout 10s: WriteLog:12: (t:2, i:12), STATEMACHINELOGENTRY, client-437EC11F6ED9, cid=22-writeStateMachineData
	at org.apache.ratis.util.IOUtils.getFromFuture(IOUtils.java:87)
	at org.apache.ratis.server.raftlog.segmented.SegmentedRaftLogWorker$StateMachineDataPolicy.getFromFuture(SegmentedRaftLogWorker.java:87)
	at org.apache.ratis.server.raftlog.segmented.SegmentedRaftLogWorker$WriteLog.execute(SegmentedRaftLogWorker.java:477)
	at org.apache.ratis.server.raftlog.segmented.SegmentedRaftLogWorker.run(SegmentedRaftLogWorker.java:289)
	at java.lang.Thread.run(Thread.java:748)
Caused by: java.util.concurrent.TimeoutException
	at java.util.concurrent.CompletableFuture.timedGet(CompletableFuture.java:1771)
	at java.util.concurrent.CompletableFuture.get(CompletableFuture.java:1915)
	at org.apache.ratis.util.IOUtils.getFromFuture(IOUtils.java:79)
	... 4 more
2019-09-17 05:59:00,760 [f6013552-a382-44c6-bdc3-8253bd9e054c@group-E2F58C278DC5-SegmentedRaftLogWorker] WARN  segmented.SegmentedRaftLogWorker (SegmentedRaftLogWorker.java:getFromFuture(90)) - Timeout 12/~
org.apache.ratis.protocol.TimeoutIOException: Timeout 10s: WriteLog:12: (t:2, i:12), STATEMACHINELOGENTRY, client-437EC11F6ED9, cid=22-writeStateMachineData
	at org.apache.ratis.util.IOUtils.getFromFuture(IOUtils.java:87)
	at org.apache.ratis.server.raftlog.segmented.SegmentedRaftLogWorker$StateMachineDataPolicy.getFromFuture(SegmentedRaftLogWorker.java:87)
	at org.apache.ratis.server.raftlog.segmented.SegmentedRaftLogWorker$WriteLog.execute(SegmentedRaftLogWorker.java:477)
	at org.apache.ratis.server.raftlog.segmented.SegmentedRaftLogWorker.run(SegmentedRaftLogWorker.java:289)
	at java.lang.Thread.run(Thread.java:748)
Caused by: java.util.concurrent.TimeoutException
	at java.util.concurrent.CompletableFuture.timedGet(CompletableFuture.java:1771)
	at java.util.concurrent.CompletableFuture.get(CompletableFuture.java:1915)
	at org.apache.ratis.util.IOUtils.getFromFuture(IOUtils.java:79)
	... 4 more
2019-09-17 05:59:00,760 [3ec0bce2-5a80-4efc-b2ca-bab81cc18a9f@group-E2F58C278DC5-SegmentedRaftLogWorker] WARN  segmented.SegmentedRaftLogWorker (SegmentedRaftLogWorker.java:getFromFuture(90)) - Timeout 12/~
org.apache.ratis.protocol.TimeoutIOException: Timeout 10s: WriteLog:12: (t:2, i:12), STATEMACHINELOGENTRY, client-437EC11F6ED9, cid=22-writeStateMachineData
	at org.apache.ratis.util.IOUtils.getFromFuture(IOUtils.java:87)
	at org.apache.ratis.server.raftlog.segmented.SegmentedRaftLogWorker$StateMachineDataPolicy.getFromFuture(SegmentedRaftLogWorker.java:87)
	at org.apache.ratis.server.raftlog.segmented.SegmentedRaftLogWorker$WriteLog.execute(SegmentedRaftLogWorker.java:477)
	at org.apache.ratis.server.raftlog.segmented.SegmentedRaftLogWorker.run(SegmentedRaftLogWorker.java:289)
	at java.lang.Thread.run(Thread.java:748)
Caused by: java.util.concurrent.TimeoutException
	at java.util.concurrent.CompletableFuture.timedGet(CompletableFuture.java:1771)
	at java.util.concurrent.CompletableFuture.get(CompletableFuture.java:1915)
	at org.apache.ratis.util.IOUtils.getFromFuture(IOUtils.java:79)
	... 4 more
2019-09-17 05:59:00,778 [EventQueue-PipelineActionsForPipelineActionHandler] ERROR pipeline.PipelineActionHandler (PipelineActionHandler.java:onMessage(60)) - Received pipeline action CLOSE for Pipeline[ Id: 2e6087e1-ff44-45df-ae3c-e2f58c278dc5, Nodes: c5233a29-19a6-42e1-869f-0cfd92a1650c{ip: 192.168.34.7, host: pr-hdds-2132-5g9kv-3389001449, networkLocation: /default-rack, certSerialId: null}3ec0bce2-5a80-4efc-b2ca-bab81cc18a9f{ip: 192.168.34.7, host: pr-hdds-2132-5g9kv-3389001449, networkLocation: /default-rack, certSerialId: null}f6013552-a382-44c6-bdc3-8253bd9e054c{ip: 192.168.34.7, host: pr-hdds-2132-5g9kv-3389001449, networkLocation: /default-rack, certSerialId: null}, Type:RATIS, Factor:THREE, State:CLOSED] from datanode f6013552-a382-44c6-bdc3-8253bd9e054c{ip: 192.168.34.7, host: pr-hdds-2132-5g9kv-3389001449, networkLocation: /default-rack, certSerialId: null}. Reason : f6013552-a382-44c6-bdc3-8253bd9e054c has not seen follower/s c5233a29-19a6-42e1-869f-0cfd92a1650c for 129771ms 3ec0bce2-5a80-4efc-b2ca-bab81cc18a9f for 129768ms
2019-09-17 05:59:00,778 [EventQueue-PipelineActionsForPipelineActionHandler] INFO  pipeline.SCMPipelineManager (SCMPipelineManager.java:finalizeAndDestroyPipeline(311)) - destroying pipeline:Pipeline[ Id: 2e6087e1-ff44-45df-ae3c-e2f58c278dc5, Nodes: c5233a29-19a6-42e1-869f-0cfd92a1650c{ip: 192.168.34.7, host: pr-hdds-2132-5g9kv-3389001449, networkLocation: /default-rack, certSerialId: null}3ec0bce2-5a80-4efc-b2ca-bab81cc18a9f{ip: 192.168.34.7, host: pr-hdds-2132-5g9kv-3389001449, networkLocation: /default-rack, certSerialId: null}f6013552-a382-44c6-bdc3-8253bd9e054c{ip: 192.168.34.7, host: pr-hdds-2132-5g9kv-3389001449, networkLocation: /default-rack, certSerialId: null}, Type:RATIS, Factor:THREE, State:CLOSED]
2019-09-17 05:59:00,782 [java.util.concurrent.ThreadPoolExecutor$Worker@bab41d4[State = -1, empty queue]] WARN  server.GrpcLogAppender (GrpcLogAppender.java:timeoutAppendRequest(200)) - f6013552-a382-44c6-bdc3-8253bd9e054c@group-E2F58C278DC5->c5233a29-19a6-42e1-869f-0cfd92a1650c-GrpcLogAppender: appendEntries Timeout, request=f6013552-a382-44c6-bdc3-8253bd9e054c->c5233a29-19a6-42e1-869f-0cfd92a1650c#65-t2, previous=(t:2, i:14), leaderCommit=10, initializing? false, entries: <empty>
2019-09-17 05:59:00,786 [java.util.concurrent.ThreadPoolExecutor$Worker@6f944d64[State = -1, empty queue]] WARN  server.GrpcLogAppender (GrpcLogAppender.java:timeoutAppendRequest(200)) - f6013552-a382-44c6-bdc3-8253bd9e054c@group-E2F58C278DC5->3ec0bce2-5a80-4efc-b2ca-bab81cc18a9f-GrpcLogAppender: appendEntries Timeout, request=f6013552-a382-44c6-bdc3-8253bd9e054c->3ec0bce2-5a80-4efc-b2ca-bab81cc18a9f#65-t2, previous=(t:2, i:14), leaderCommit=10, initializing? false, entries: <empty>
2019-09-17 05:59:01,971 [grpc-default-executor-5] INFO  client.GrpcClientProtocolClient (GrpcClientProtocolClient.java:onNext(264)) - client-437EC11F6ED9->3ec0bce2-5a80-4efc-b2ca-bab81cc18a9f: receive RaftClientReply:client-437EC11F6ED9->3ec0bce2-5a80-4efc-b2ca-bab81cc18a9f@group-E2F58C278DC5, cid=21, FAILED org.apache.ratis.protocol.NotLeaderException: Server 3ec0bce2-5a80-4efc-b2ca-bab81cc18a9f@group-E2F58C278DC5 is not the leader f6013552-a382-44c6-bdc3-8253bd9e054c:192.168.34.7:43799, logIndex=0, commits[3ec0bce2-5a80-4efc-b2ca-bab81cc18a9f:c10, f6013552-a382-44c6-bdc3-8253bd9e054c:c10, c5233a29-19a6-42e1-869f-0cfd92a1650c:c6]
2019-09-17 05:59:02,785 [org.apache.ratis.server.impl.LogAppender$AppenderDaemon$$Lambda$508/456872507@4ed7c877] ERROR ratis.XceiverServerRatis (XceiverServerRatis.java:triggerPipelineClose(575)) - pipeline Action CLOSE  on pipeline PipelineID=2e6087e1-ff44-45df-ae3c-e2f58c278dc5.Reason : f6013552-a382-44c6-bdc3-8253bd9e054c has not seen follower/s c5233a29-19a6-42e1-869f-0cfd92a1650c for 132273ms 3ec0bce2-5a80-4efc-b2ca-bab81cc18a9f for 132270ms
2019-09-17 05:59:02,788 [org.apache.ratis.server.impl.LogAppender$AppenderDaemon$$Lambda$508/456872507@26726850] ERROR ratis.XceiverServerRatis (XceiverServerRatis.java:triggerPipelineClose(575)) - pipeline Action CLOSE  on pipeline PipelineID=2e6087e1-ff44-45df-ae3c-e2f58c278dc5.Reason : f6013552-a382-44c6-bdc3-8253bd9e054c has not seen follower/s c5233a29-19a6-42e1-869f-0cfd92a1650c for 132276ms 3ec0bce2-5a80-4efc-b2ca-bab81cc18a9f for 132273ms
2019-09-17 05:59:03,283 [java.util.concurrent.ThreadPoolExecutor$Worker@bab41d4[State = -1, empty queue]] WARN  server.GrpcLogAppender (GrpcLogAppender.java:timeoutAppendRequest(200)) - f6013552-a382-44c6-bdc3-8253bd9e054c@group-E2F58C278DC5->c5233a29-19a6-42e1-869f-0cfd92a1650c-GrpcLogAppender: appendEntries Timeout, request=f6013552-a382-44c6-bdc3-8253bd9e054c->c5233a29-19a6-42e1-869f-0cfd92a1650c#66-t2, previous=(t:2, i:14), leaderCommit=10, initializing? false, entries: <empty>
2019-09-17 05:59:03,287 [java.util.concurrent.ThreadPoolExecutor$Worker@6f944d64[State = -1, empty queue]] WARN  server.GrpcLogAppender (GrpcLogAppender.java:timeoutAppendRequest(200)) - f6013552-a382-44c6-bdc3-8253bd9e054c@group-E2F58C278DC5->3ec0bce2-5a80-4efc-b2ca-bab81cc18a9f-GrpcLogAppender: appendEntries Timeout, request=f6013552-a382-44c6-bdc3-8253bd9e054c->3ec0bce2-5a80-4efc-b2ca-bab81cc18a9f#66-t2, previous=(t:2, i:14), leaderCommit=10, initializing? false, entries: <empty>
2019-09-17 05:59:03,778 [EventQueue-PipelineActionsForPipelineActionHandler] ERROR pipeline.PipelineActionHandler (PipelineActionHandler.java:onMessage(60)) - Received pipeline action CLOSE for Pipeline[ Id: 2e6087e1-ff44-45df-ae3c-e2f58c278dc5, Nodes: c5233a29-19a6-42e1-869f-0cfd92a1650c{ip: 192.168.34.7, host: pr-hdds-2132-5g9kv-3389001449, networkLocation: /default-rack, certSerialId: null}3ec0bce2-5a80-4efc-b2ca-bab81cc18a9f{ip: 192.168.34.7, host: pr-hdds-2132-5g9kv-3389001449, networkLocation: /default-rack, certSerialId: null}f6013552-a382-44c6-bdc3-8253bd9e054c{ip: 192.168.34.7, host: pr-hdds-2132-5g9kv-3389001449, networkLocation: /default-rack, certSerialId: null}, Type:RATIS, Factor:THREE, State:CLOSED] from datanode f6013552-a382-44c6-bdc3-8253bd9e054c{ip: 192.168.34.7, host: pr-hdds-2132-5g9kv-3389001449, networkLocation: /default-rack, certSerialId: null}. Reason : f6013552-a382-44c6-bdc3-8253bd9e054c has not seen follower/s c5233a29-19a6-42e1-869f-0cfd92a1650c for 132273ms 3ec0bce2-5a80-4efc-b2ca-bab81cc18a9f for 132270ms
2019-09-17 05:59:03,778 [EventQueue-PipelineActionsForPipelineActionHandler] INFO  pipeline.SCMPipelineManager (SCMPipelineManager.java:finalizeAndDestroyPipeline(311)) - destroying pipeline:Pipeline[ Id: 2e6087e1-ff44-45df-ae3c-e2f58c278dc5, Nodes: c5233a29-19a6-42e1-869f-0cfd92a1650c{ip: 192.168.34.7, host: pr-hdds-2132-5g9kv-3389001449, networkLocation: /default-rack, certSerialId: null}3ec0bce2-5a80-4efc-b2ca-bab81cc18a9f{ip: 192.168.34.7, host: pr-hdds-2132-5g9kv-3389001449, networkLocation: /default-rack, certSerialId: null}f6013552-a382-44c6-bdc3-8253bd9e054c{ip: 192.168.34.7, host: pr-hdds-2132-5g9kv-3389001449, networkLocation: /default-rack, certSerialId: null}, Type:RATIS, Factor:THREE, State:CLOSED]
2019-09-17 05:59:05,286 [org.apache.ratis.server.impl.LogAppender$AppenderDaemon$$Lambda$508/456872507@4ed7c877] ERROR ratis.XceiverServerRatis (XceiverServerRatis.java:triggerPipelineClose(575)) - pipeline Action CLOSE  on pipeline PipelineID=2e6087e1-ff44-45df-ae3c-e2f58c278dc5.Reason : f6013552-a382-44c6-bdc3-8253bd9e054c has not seen follower/s c5233a29-19a6-42e1-869f-0cfd92a1650c for 134774ms 3ec0bce2-5a80-4efc-b2ca-bab81cc18a9f for 134771ms
2019-09-17 05:59:05,289 [org.apache.ratis.server.impl.LogAppender$AppenderDaemon$$Lambda$508/456872507@26726850] ERROR ratis.XceiverServerRatis (XceiverServerRatis.java:triggerPipelineClose(575)) - pipeline Action CLOSE  on pipeline PipelineID=2e6087e1-ff44-45df-ae3c-e2f58c278dc5.Reason : f6013552-a382-44c6-bdc3-8253bd9e054c has not seen follower/s c5233a29-19a6-42e1-869f-0cfd92a1650c for 134777ms 3ec0bce2-5a80-4efc-b2ca-bab81cc18a9f for 134774ms
2019-09-17 05:59:05,779 [EventQueue-PipelineActionsForPipelineActionHandler] ERROR pipeline.PipelineActionHandler (PipelineActionHandler.java:onMessage(60)) - Received pipeline action CLOSE for Pipeline[ Id: 2e6087e1-ff44-45df-ae3c-e2f58c278dc5, Nodes: c5233a29-19a6-42e1-869f-0cfd92a1650c{ip: 192.168.34.7, host: pr-hdds-2132-5g9kv-3389001449, networkLocation: /default-rack, certSerialId: null}3ec0bce2-5a80-4efc-b2ca-bab81cc18a9f{ip: 192.168.34.7, host: pr-hdds-2132-5g9kv-3389001449, networkLocation: /default-rack, certSerialId: null}f6013552-a382-44c6-bdc3-8253bd9e054c{ip: 192.168.34.7, host: pr-hdds-2132-5g9kv-3389001449, networkLocation: /default-rack, certSerialId: null}, Type:RATIS, Factor:THREE, State:CLOSED] from datanode f6013552-a382-44c6-bdc3-8253bd9e054c{ip: 192.168.34.7, host: pr-hdds-2132-5g9kv-3389001449, networkLocation: /default-rack, certSerialId: null}. Reason : f6013552-a382-44c6-bdc3-8253bd9e054c has not seen follower/s c5233a29-19a6-42e1-869f-0cfd92a1650c for 134774ms 3ec0bce2-5a80-4efc-b2ca-bab81cc18a9f for 134771ms
2019-09-17 05:59:05,779 [EventQueue-PipelineActionsForPipelineActionHandler] INFO  pipeline.SCMPipelineManager (SCMPipelineManager.java:finalizeAndDestroyPipeline(311)) - destroying pipeline:Pipeline[ Id: 2e6087e1-ff44-45df-ae3c-e2f58c278dc5, Nodes: c5233a29-19a6-42e1-869f-0cfd92a1650c{ip: 192.168.34.7, host: pr-hdds-2132-5g9kv-3389001449, networkLocation: /default-rack, certSerialId: null}3ec0bce2-5a80-4efc-b2ca-bab81cc18a9f{ip: 192.168.34.7, host: pr-hdds-2132-5g9kv-3389001449, networkLocation: /default-rack, certSerialId: null}f6013552-a382-44c6-bdc3-8253bd9e054c{ip: 192.168.34.7, host: pr-hdds-2132-5g9kv-3389001449, networkLocation: /default-rack, certSerialId: null}, Type:RATIS, Factor:THREE, State:CLOSED]
2019-09-17 05:59:05,785 [java.util.concurrent.ThreadPoolExecutor$Worker@bab41d4[State = -1, empty queue]] WARN  server.GrpcLogAppender (GrpcLogAppender.java:timeoutAppendRequest(200)) - f6013552-a382-44c6-bdc3-8253bd9e054c@group-E2F58C278DC5->c5233a29-19a6-42e1-869f-0cfd92a1650c-GrpcLogAppender: appendEntries Timeout, request=f6013552-a382-44c6-bdc3-8253bd9e054c->c5233a29-19a6-42e1-869f-0cfd92a1650c#67-t2, previous=(t:2, i:14), leaderCommit=10, initializing? false, entries: <empty>
2019-09-17 05:59:05,788 [java.util.concurrent.ThreadPoolExecutor$Worker@6f944d64[State = -1, empty queue]] WARN  server.GrpcLogAppender (GrpcLogAppender.java:timeoutAppendRequest(200)) - f6013552-a382-44c6-bdc3-8253bd9e054c@group-E2F58C278DC5->3ec0bce2-5a80-4efc-b2ca-bab81cc18a9f-GrpcLogAppender: appendEntries Timeout, request=f6013552-a382-44c6-bdc3-8253bd9e054c->3ec0bce2-5a80-4efc-b2ca-bab81cc18a9f#67-t2, previous=(t:2, i:14), leaderCommit=10, initializing? false, entries: <empty>
2019-09-17 05:59:07,012 [grpc-default-executor-2] INFO  client.GrpcClientProtocolClient (GrpcClientProtocolClient.java:onNext(264)) - client-437EC11F6ED9->c5233a29-19a6-42e1-869f-0cfd92a1650c: receive RaftClientReply:client-437EC11F6ED9->c5233a29-19a6-42e1-869f-0cfd92a1650c@group-E2F58C278DC5, cid=21, FAILED org.apache.ratis.protocol.NotLeaderException: Server c5233a29-19a6-42e1-869f-0cfd92a1650c@group-E2F58C278DC5 is not the leader f6013552-a382-44c6-bdc3-8253bd9e054c:192.168.34.7:43799, logIndex=0, commits[c5233a29-19a6-42e1-869f-0cfd92a1650c:c10, f6013552-a382-44c6-bdc3-8253bd9e054c:c10, 3ec0bce2-5a80-4efc-b2ca-bab81cc18a9f:c6]
2019-09-17 05:59:07,787 [org.apache.ratis.server.impl.LogAppender$AppenderDaemon$$Lambda$508/456872507@4ed7c877] ERROR ratis.XceiverServerRatis (XceiverServerRatis.java:triggerPipelineClose(575)) - pipeline Action CLOSE  on pipeline PipelineID=2e6087e1-ff44-45df-ae3c-e2f58c278dc5.Reason : f6013552-a382-44c6-bdc3-8253bd9e054c has not seen follower/s c5233a29-19a6-42e1-869f-0cfd92a1650c for 137275ms 3ec0bce2-5a80-4efc-b2ca-bab81cc18a9f for 137272ms
2019-09-17 05:59:07,790 [org.apache.ratis.server.impl.LogAppender$AppenderDaemon$$Lambda$508/456872507@26726850] ERROR ratis.XceiverServerRatis (XceiverServerRatis.java:triggerPipelineClose(575)) - pipeline Action CLOSE  on pipeline PipelineID=2e6087e1-ff44-45df-ae3c-e2f58c278dc5.Reason : f6013552-a382-44c6-bdc3-8253bd9e054c has not seen follower/s c5233a29-19a6-42e1-869f-0cfd92a1650c for 137278ms 3ec0bce2-5a80-4efc-b2ca-bab81cc18a9f for 137275ms
2019-09-17 05:59:08,286 [java.util.concurrent.ThreadPoolExecutor$Worker@bab41d4[State = -1, empty queue]] WARN  server.GrpcLogAppender (GrpcLogAppender.java:timeoutAppendRequest(200)) - f6013552-a382-44c6-bdc3-8253bd9e054c@group-E2F58C278DC5->c5233a29-19a6-42e1-869f-0cfd92a1650c-GrpcLogAppender: appendEntries Timeout, request=f6013552-a382-44c6-bdc3-8253bd9e054c->c5233a29-19a6-42e1-869f-0cfd92a1650c#68-t2, previous=(t:2, i:14), leaderCommit=10, initializing? false, entries: <empty>
2019-09-17 05:59:08,289 [java.util.concurrent.ThreadPoolExecutor$Worker@6f944d64[State = -1, empty queue]] WARN  server.GrpcLogAppender (GrpcLogAppender.java:timeoutAppendRequest(200)) - f6013552-a382-44c6-bdc3-8253bd9e054c@group-E2F58C278DC5->3ec0bce2-5a80-4efc-b2ca-bab81cc18a9f-GrpcLogAppender: appendEntries Timeout, request=f6013552-a382-44c6-bdc3-8253bd9e054c->3ec0bce2-5a80-4efc-b2ca-bab81cc18a9f#68-t2, previous=(t:2, i:14), leaderCommit=10, initializing? false, entries: <empty>
2019-09-17 05:59:08,778 [EventQueue-PipelineActionsForPipelineActionHandler] ERROR pipeline.PipelineActionHandler (PipelineActionHandler.java:onMessage(60)) - Received pipeline action CLOSE for Pipeline[ Id: 2e6087e1-ff44-45df-ae3c-e2f58c278dc5, Nodes: c5233a29-19a6-42e1-869f-0cfd92a1650c{ip: 192.168.34.7, host: pr-hdds-2132-5g9kv-3389001449, networkLocation: /default-rack, certSerialId: null}3ec0bce2-5a80-4efc-b2ca-bab81cc18a9f{ip: 192.168.34.7, host: pr-hdds-2132-5g9kv-3389001449, networkLocation: /default-rack, certSerialId: null}f6013552-a382-44c6-bdc3-8253bd9e054c{ip: 192.168.34.7, host: pr-hdds-2132-5g9kv-3389001449, networkLocation: /default-rack, certSerialId: null}, Type:RATIS, Factor:THREE, State:CLOSED] from datanode f6013552-a382-44c6-bdc3-8253bd9e054c{ip: 192.168.34.7, host: pr-hdds-2132-5g9kv-3389001449, networkLocation: /default-rack, certSerialId: null}. Reason : f6013552-a382-44c6-bdc3-8253bd9e054c has not seen follower/s c5233a29-19a6-42e1-869f-0cfd92a1650c for 137275ms 3ec0bce2-5a80-4efc-b2ca-bab81cc18a9f for 137272ms
2019-09-17 05:59:08,779 [EventQueue-PipelineActionsForPipelineActionHandler] INFO  pipeline.SCMPipelineManager (SCMPipelineManager.java:finalizeAndDestroyPipeline(311)) - destroying pipeline:Pipeline[ Id: 2e6087e1-ff44-45df-ae3c-e2f58c278dc5, Nodes: c5233a29-19a6-42e1-869f-0cfd92a1650c{ip: 192.168.34.7, host: pr-hdds-2132-5g9kv-3389001449, networkLocation: /default-rack, certSerialId: null}3ec0bce2-5a80-4efc-b2ca-bab81cc18a9f{ip: 192.168.34.7, host: pr-hdds-2132-5g9kv-3389001449, networkLocation: /default-rack, certSerialId: null}f6013552-a382-44c6-bdc3-8253bd9e054c{ip: 192.168.34.7, host: pr-hdds-2132-5g9kv-3389001449, networkLocation: /default-rack, certSerialId: null}, Type:RATIS, Factor:THREE, State:CLOSED]
2019-09-17 05:59:10,289 [org.apache.ratis.server.impl.LogAppender$AppenderDaemon$$Lambda$508/456872507@4ed7c877] ERROR ratis.XceiverServerRatis (XceiverServerRatis.java:triggerPipelineClose(575)) - pipeline Action CLOSE  on pipeline PipelineID=2e6087e1-ff44-45df-ae3c-e2f58c278dc5.Reason : f6013552-a382-44c6-bdc3-8253bd9e054c has not seen follower/s c5233a29-19a6-42e1-869f-0cfd92a1650c for 139777ms 3ec0bce2-5a80-4efc-b2ca-bab81cc18a9f for 139773ms
2019-09-17 05:59:10,295 [org.apache.ratis.server.impl.LogAppender$AppenderDaemon$$Lambda$508/456872507@26726850] ERROR ratis.XceiverServerRatis (XceiverServerRatis.java:triggerPipelineClose(575)) - pipeline Action CLOSE  on pipeline PipelineID=2e6087e1-ff44-45df-ae3c-e2f58c278dc5.Reason : f6013552-a382-44c6-bdc3-8253bd9e054c has not seen follower/s c5233a29-19a6-42e1-869f-0cfd92a1650c for 139784ms 3ec0bce2-5a80-4efc-b2ca-bab81cc18a9f for 139780ms
2019-09-17 05:59:10,731 [c5233a29-19a6-42e1-869f-0cfd92a1650c@group-E2F58C278DC5-SegmentedRaftLogWorker] WARN  segmented.SegmentedRaftLogWorker (SegmentedRaftLogWorker.java:getFromFuture(90)) - Timeout 13/~
org.apache.ratis.protocol.TimeoutIOException: Timeout 10s: WriteLog:12: (t:2, i:12), STATEMACHINELOGENTRY, client-437EC11F6ED9, cid=22-writeStateMachineData
	at org.apache.ratis.util.IOUtils.getFromFuture(IOUtils.java:87)
	at org.apache.ratis.server.raftlog.segmented.SegmentedRaftLogWorker$StateMachineDataPolicy.getFromFuture(SegmentedRaftLogWorker.java:87)
	at org.apache.ratis.server.raftlog.segmented.SegmentedRaftLogWorker$WriteLog.execute(SegmentedRaftLogWorker.java:477)
	at org.apache.ratis.server.raftlog.segmented.SegmentedRaftLogWorker.run(SegmentedRaftLogWorker.java:289)
	at java.lang.Thread.run(Thread.java:748)
Caused by: java.util.concurrent.TimeoutException
	at java.util.concurrent.CompletableFuture.timedGet(CompletableFuture.java:1771)
	at java.util.concurrent.CompletableFuture.get(CompletableFuture.java:1915)
	at org.apache.ratis.util.IOUtils.getFromFuture(IOUtils.java:79)
	... 4 more
2019-09-17 05:59:10,761 [f6013552-a382-44c6-bdc3-8253bd9e054c@group-E2F58C278DC5-SegmentedRaftLogWorker] WARN  segmented.SegmentedRaftLogWorker (SegmentedRaftLogWorker.java:getFromFuture(90)) - Timeout 13/~
org.apache.ratis.protocol.TimeoutIOException: Timeout 10s: WriteLog:12: (t:2, i:12), STATEMACHINELOGENTRY, client-437EC11F6ED9, cid=22-writeStateMachineData
	at org.apache.ratis.util.IOUtils.getFromFuture(IOUtils.java:87)
	at org.apache.ratis.server.raftlog.segmented.SegmentedRaftLogWorker$StateMachineDataPolicy.getFromFuture(SegmentedRaftLogWorker.java:87)
	at org.apache.ratis.server.raftlog.segmented.SegmentedRaftLogWorker$WriteLog.execute(SegmentedRaftLogWorker.java:477)
	at org.apache.ratis.server.raftlog.segmented.SegmentedRaftLogWorker.run(SegmentedRaftLogWorker.java:289)
	at java.lang.Thread.run(Thread.java:748)
Caused by: java.util.concurrent.TimeoutException
	at java.util.concurrent.CompletableFuture.timedGet(CompletableFuture.java:1771)
	at java.util.concurrent.CompletableFuture.get(CompletableFuture.java:1915)
	at org.apache.ratis.util.IOUtils.getFromFuture(IOUtils.java:79)
	... 4 more
2019-09-17 05:59:10,761 [3ec0bce2-5a80-4efc-b2ca-bab81cc18a9f@group-E2F58C278DC5-SegmentedRaftLogWorker] WARN  segmented.SegmentedRaftLogWorker (SegmentedRaftLogWorker.java:getFromFuture(90)) - Timeout 13/~
org.apache.ratis.protocol.TimeoutIOException: Timeout 10s: WriteLog:12: (t:2, i:12), STATEMACHINELOGENTRY, client-437EC11F6ED9, cid=22-writeStateMachineData
	at org.apache.ratis.util.IOUtils.getFromFuture(IOUtils.java:87)
	at org.apache.ratis.server.raftlog.segmented.SegmentedRaftLogWorker$StateMachineDataPolicy.getFromFuture(SegmentedRaftLogWorker.java:87)
	at org.apache.ratis.server.raftlog.segmented.SegmentedRaftLogWorker$WriteLog.execute(SegmentedRaftLogWorker.java:477)
	at org.apache.ratis.server.raftlog.segmented.SegmentedRaftLogWorker.run(SegmentedRaftLogWorker.java:289)
	at java.lang.Thread.run(Thread.java:748)
Caused by: java.util.concurrent.TimeoutException
	at java.util.concurrent.CompletableFuture.timedGet(CompletableFuture.java:1771)
	at java.util.concurrent.CompletableFuture.get(CompletableFuture.java:1915)
	at org.apache.ratis.util.IOUtils.getFromFuture(IOUtils.java:79)
	... 4 more
2019-09-17 05:59:10,779 [EventQueue-PipelineActionsForPipelineActionHandler] ERROR pipeline.PipelineActionHandler (PipelineActionHandler.java:onMessage(60)) - Received pipeline action CLOSE for Pipeline[ Id: 2e6087e1-ff44-45df-ae3c-e2f58c278dc5, Nodes: c5233a29-19a6-42e1-869f-0cfd92a1650c{ip: 192.168.34.7, host: pr-hdds-2132-5g9kv-3389001449, networkLocation: /default-rack, certSerialId: null}3ec0bce2-5a80-4efc-b2ca-bab81cc18a9f{ip: 192.168.34.7, host: pr-hdds-2132-5g9kv-3389001449, networkLocation: /default-rack, certSerialId: null}f6013552-a382-44c6-bdc3-8253bd9e054c{ip: 192.168.34.7, host: pr-hdds-2132-5g9kv-3389001449, networkLocation: /default-rack, certSerialId: null}, Type:RATIS, Factor:THREE, State:CLOSED] from datanode f6013552-a382-44c6-bdc3-8253bd9e054c{ip: 192.168.34.7, host: pr-hdds-2132-5g9kv-3389001449, networkLocation: /default-rack, certSerialId: null}. Reason : f6013552-a382-44c6-bdc3-8253bd9e054c has not seen follower/s c5233a29-19a6-42e1-869f-0cfd92a1650c for 139777ms 3ec0bce2-5a80-4efc-b2ca-bab81cc18a9f for 139773ms
2019-09-17 05:59:10,780 [EventQueue-PipelineActionsForPipelineActionHandler] INFO  pipeline.SCMPipelineManager (SCMPipelineManager.java:finalizeAndDestroyPipeline(311)) - destroying pipeline:Pipeline[ Id: 2e6087e1-ff44-45df-ae3c-e2f58c278dc5, Nodes: c5233a29-19a6-42e1-869f-0cfd92a1650c{ip: 192.168.34.7, host: pr-hdds-2132-5g9kv-3389001449, networkLocation: /default-rack, certSerialId: null}3ec0bce2-5a80-4efc-b2ca-bab81cc18a9f{ip: 192.168.34.7, host: pr-hdds-2132-5g9kv-3389001449, networkLocation: /default-rack, certSerialId: null}f6013552-a382-44c6-bdc3-8253bd9e054c{ip: 192.168.34.7, host: pr-hdds-2132-5g9kv-3389001449, networkLocation: /default-rack, certSerialId: null}, Type:RATIS, Factor:THREE, State:CLOSED]
2019-09-17 05:59:10,787 [java.util.concurrent.ThreadPoolExecutor$Worker@bab41d4[State = -1, empty queue]] WARN  server.GrpcLogAppender (GrpcLogAppender.java:timeoutAppendRequest(200)) - f6013552-a382-44c6-bdc3-8253bd9e054c@group-E2F58C278DC5->c5233a29-19a6-42e1-869f-0cfd92a1650c-GrpcLogAppender: appendEntries Timeout, request=f6013552-a382-44c6-bdc3-8253bd9e054c->c5233a29-19a6-42e1-869f-0cfd92a1650c#69-t2, previous=(t:2, i:14), leaderCommit=10, initializing? false, entries: <empty>
2019-09-17 05:59:10,790 [java.util.concurrent.ThreadPoolExecutor$Worker@6f944d64[State = -1, empty queue]] WARN  server.GrpcLogAppender (GrpcLogAppender.java:timeoutAppendRequest(200)) - f6013552-a382-44c6-bdc3-8253bd9e054c@group-E2F58C278DC5->3ec0bce2-5a80-4efc-b2ca-bab81cc18a9f-GrpcLogAppender: appendEntries Timeout, request=f6013552-a382-44c6-bdc3-8253bd9e054c->3ec0bce2-5a80-4efc-b2ca-bab81cc18a9f#69-t2, previous=(t:2, i:14), leaderCommit=10, initializing? false, entries: <empty>
2019-09-17 05:59:12,058 [grpc-default-executor-1] INFO  client.GrpcClientProtocolClient (GrpcClientProtocolClient.java:onNext(264)) - client-437EC11F6ED9->c5233a29-19a6-42e1-869f-0cfd92a1650c: receive RaftClientReply:client-437EC11F6ED9->c5233a29-19a6-42e1-869f-0cfd92a1650c@group-E2F58C278DC5, cid=21, FAILED org.apache.ratis.protocol.NotLeaderException: Server c5233a29-19a6-42e1-869f-0cfd92a1650c@group-E2F58C278DC5 is not the leader f6013552-a382-44c6-bdc3-8253bd9e054c:192.168.34.7:43799, logIndex=0, commits[c5233a29-19a6-42e1-869f-0cfd92a1650c:c10, f6013552-a382-44c6-bdc3-8253bd9e054c:c10, 3ec0bce2-5a80-4efc-b2ca-bab81cc18a9f:c6]
2019-09-17 05:59:12,791 [org.apache.ratis.server.impl.LogAppender$AppenderDaemon$$Lambda$508/456872507@4ed7c877] ERROR ratis.XceiverServerRatis (XceiverServerRatis.java:triggerPipelineClose(575)) - pipeline Action CLOSE  on pipeline PipelineID=2e6087e1-ff44-45df-ae3c-e2f58c278dc5.Reason : f6013552-a382-44c6-bdc3-8253bd9e054c has not seen follower/s c5233a29-19a6-42e1-869f-0cfd92a1650c for 142279ms 3ec0bce2-5a80-4efc-b2ca-bab81cc18a9f for 142276ms
2019-09-17 05:59:12,796 [org.apache.ratis.server.impl.LogAppender$AppenderDaemon$$Lambda$508/456872507@26726850] ERROR ratis.XceiverServerRatis (XceiverServerRatis.java:triggerPipelineClose(575)) - pipeline Action CLOSE  on pipeline PipelineID=2e6087e1-ff44-45df-ae3c-e2f58c278dc5.Reason : f6013552-a382-44c6-bdc3-8253bd9e054c has not seen follower/s c5233a29-19a6-42e1-869f-0cfd92a1650c for 142284ms 3ec0bce2-5a80-4efc-b2ca-bab81cc18a9f for 142281ms
2019-09-17 05:59:13,289 [java.util.concurrent.ThreadPoolExecutor$Worker@bab41d4[State = -1, empty queue]] WARN  server.GrpcLogAppender (GrpcLogAppender.java:timeoutAppendRequest(200)) - f6013552-a382-44c6-bdc3-8253bd9e054c@group-E2F58C278DC5->c5233a29-19a6-42e1-869f-0cfd92a1650c-GrpcLogAppender: appendEntries Timeout, request=f6013552-a382-44c6-bdc3-8253bd9e054c->c5233a29-19a6-42e1-869f-0cfd92a1650c#70-t2, previous=(t:2, i:14), leaderCommit=10, initializing? false, entries: <empty>
2019-09-17 05:59:13,295 [java.util.concurrent.ThreadPoolExecutor$Worker@6f944d64[State = -1, empty queue]] WARN  server.GrpcLogAppender (GrpcLogAppender.java:timeoutAppendRequest(200)) - f6013552-a382-44c6-bdc3-8253bd9e054c@group-E2F58C278DC5->3ec0bce2-5a80-4efc-b2ca-bab81cc18a9f-GrpcLogAppender: appendEntries Timeout, request=f6013552-a382-44c6-bdc3-8253bd9e054c->3ec0bce2-5a80-4efc-b2ca-bab81cc18a9f#70-t2, previous=(t:2, i:14), leaderCommit=10, initializing? false, entries: <empty>
2019-09-17 05:59:13,781 [EventQueue-PipelineActionsForPipelineActionHandler] ERROR pipeline.PipelineActionHandler (PipelineActionHandler.java:onMessage(60)) - Received pipeline action CLOSE for Pipeline[ Id: 2e6087e1-ff44-45df-ae3c-e2f58c278dc5, Nodes: c5233a29-19a6-42e1-869f-0cfd92a1650c{ip: 192.168.34.7, host: pr-hdds-2132-5g9kv-3389001449, networkLocation: /default-rack, certSerialId: null}3ec0bce2-5a80-4efc-b2ca-bab81cc18a9f{ip: 192.168.34.7, host: pr-hdds-2132-5g9kv-3389001449, networkLocation: /default-rack, certSerialId: null}f6013552-a382-44c6-bdc3-8253bd9e054c{ip: 192.168.34.7, host: pr-hdds-2132-5g9kv-3389001449, networkLocation: /default-rack, certSerialId: null}, Type:RATIS, Factor:THREE, State:CLOSED] from datanode f6013552-a382-44c6-bdc3-8253bd9e054c{ip: 192.168.34.7, host: pr-hdds-2132-5g9kv-3389001449, networkLocation: /default-rack, certSerialId: null}. Reason : f6013552-a382-44c6-bdc3-8253bd9e054c has not seen follower/s c5233a29-19a6-42e1-869f-0cfd92a1650c for 142279ms 3ec0bce2-5a80-4efc-b2ca-bab81cc18a9f for 142276ms
2019-09-17 05:59:13,781 [EventQueue-PipelineActionsForPipelineActionHandler] INFO  pipeline.SCMPipelineManager (SCMPipelineManager.java:finalizeAndDestroyPipeline(311)) - destroying pipeline:Pipeline[ Id: 2e6087e1-ff44-45df-ae3c-e2f58c278dc5, Nodes: c5233a29-19a6-42e1-869f-0cfd92a1650c{ip: 192.168.34.7, host: pr-hdds-2132-5g9kv-3389001449, networkLocation: /default-rack, certSerialId: null}3ec0bce2-5a80-4efc-b2ca-bab81cc18a9f{ip: 192.168.34.7, host: pr-hdds-2132-5g9kv-3389001449, networkLocation: /default-rack, certSerialId: null}f6013552-a382-44c6-bdc3-8253bd9e054c{ip: 192.168.34.7, host: pr-hdds-2132-5g9kv-3389001449, networkLocation: /default-rack, certSerialId: null}, Type:RATIS, Factor:THREE, State:CLOSED]
2019-09-17 05:59:15,294 [org.apache.ratis.server.impl.LogAppender$AppenderDaemon$$Lambda$508/456872507@4ed7c877] ERROR ratis.XceiverServerRatis (XceiverServerRatis.java:triggerPipelineClose(575)) - pipeline Action CLOSE  on pipeline PipelineID=2e6087e1-ff44-45df-ae3c-e2f58c278dc5.Reason : f6013552-a382-44c6-bdc3-8253bd9e054c has not seen follower/s c5233a29-19a6-42e1-869f-0cfd92a1650c for 144782ms 3ec0bce2-5a80-4efc-b2ca-bab81cc18a9f for 144779ms
2019-09-17 05:59:15,297 [org.apache.ratis.server.impl.LogAppender$AppenderDaemon$$Lambda$508/456872507@26726850] ERROR ratis.XceiverServerRatis (XceiverServerRatis.java:triggerPipelineClose(575)) - pipeline Action CLOSE  on pipeline PipelineID=2e6087e1-ff44-45df-ae3c-e2f58c278dc5.Reason : f6013552-a382-44c6-bdc3-8253bd9e054c has not seen follower/s c5233a29-19a6-42e1-869f-0cfd92a1650c for 144785ms 3ec0bce2-5a80-4efc-b2ca-bab81cc18a9f for 144782ms
2019-09-17 05:59:15,782 [EventQueue-PipelineActionsForPipelineActionHandler] ERROR pipeline.PipelineActionHandler (PipelineActionHandler.java:onMessage(60)) - Received pipeline action CLOSE for Pipeline[ Id: 2e6087e1-ff44-45df-ae3c-e2f58c278dc5, Nodes: c5233a29-19a6-42e1-869f-0cfd92a1650c{ip: 192.168.34.7, host: pr-hdds-2132-5g9kv-3389001449, networkLocation: /default-rack, certSerialId: null}3ec0bce2-5a80-4efc-b2ca-bab81cc18a9f{ip: 192.168.34.7, host: pr-hdds-2132-5g9kv-3389001449, networkLocation: /default-rack, certSerialId: null}f6013552-a382-44c6-bdc3-8253bd9e054c{ip: 192.168.34.7, host: pr-hdds-2132-5g9kv-3389001449, networkLocation: /default-rack, certSerialId: null}, Type:RATIS, Factor:THREE, State:CLOSED] from datanode f6013552-a382-44c6-bdc3-8253bd9e054c{ip: 192.168.34.7, host: pr-hdds-2132-5g9kv-3389001449, networkLocation: /default-rack, certSerialId: null}. Reason : f6013552-a382-44c6-bdc3-8253bd9e054c has not seen follower/s c5233a29-19a6-42e1-869f-0cfd92a1650c for 144782ms 3ec0bce2-5a80-4efc-b2ca-bab81cc18a9f for 144779ms
2019-09-17 05:59:15,783 [EventQueue-PipelineActionsForPipelineActionHandler] INFO  pipeline.SCMPipelineManager (SCMPipelineManager.java:finalizeAndDestroyPipeline(311)) - destroying pipeline:Pipeline[ Id: 2e6087e1-ff44-45df-ae3c-e2f58c278dc5, Nodes: c5233a29-19a6-42e1-869f-0cfd92a1650c{ip: 192.168.34.7, host: pr-hdds-2132-5g9kv-3389001449, networkLocation: /default-rack, certSerialId: null}3ec0bce2-5a80-4efc-b2ca-bab81cc18a9f{ip: 192.168.34.7, host: pr-hdds-2132-5g9kv-3389001449, networkLocation: /default-rack, certSerialId: null}f6013552-a382-44c6-bdc3-8253bd9e054c{ip: 192.168.34.7, host: pr-hdds-2132-5g9kv-3389001449, networkLocation: /default-rack, certSerialId: null}, Type:RATIS, Factor:THREE, State:CLOSED]
2019-09-17 05:59:15,791 [java.util.concurrent.ThreadPoolExecutor$Worker@bab41d4[State = -1, empty queue]] WARN  server.GrpcLogAppender (GrpcLogAppender.java:timeoutAppendRequest(200)) - f6013552-a382-44c6-bdc3-8253bd9e054c@group-E2F58C278DC5->c5233a29-19a6-42e1-869f-0cfd92a1650c-GrpcLogAppender: appendEntries Timeout, request=f6013552-a382-44c6-bdc3-8253bd9e054c->c5233a29-19a6-42e1-869f-0cfd92a1650c#71-t2, previous=(t:2, i:14), leaderCommit=10, initializing? false, entries: <empty>
2019-09-17 05:59:15,796 [java.util.concurrent.ThreadPoolExecutor$Worker@6f944d64[State = -1, empty queue]] WARN  server.GrpcLogAppender (GrpcLogAppender.java:timeoutAppendRequest(200)) - f6013552-a382-44c6-bdc3-8253bd9e054c@group-E2F58C278DC5->3ec0bce2-5a80-4efc-b2ca-bab81cc18a9f-GrpcLogAppender: appendEntries Timeout, request=f6013552-a382-44c6-bdc3-8253bd9e054c->3ec0bce2-5a80-4efc-b2ca-bab81cc18a9f#71-t2, previous=(t:2, i:14), leaderCommit=10, initializing? false, entries: <empty>
2019-09-17 05:59:17,111 [grpc-default-executor-1] INFO  client.GrpcClientProtocolClient (GrpcClientProtocolClient.java:onNext(264)) - client-437EC11F6ED9->c5233a29-19a6-42e1-869f-0cfd92a1650c: receive RaftClientReply:client-437EC11F6ED9->c5233a29-19a6-42e1-869f-0cfd92a1650c@group-E2F58C278DC5, cid=21, FAILED org.apache.ratis.protocol.NotLeaderException: Server c5233a29-19a6-42e1-869f-0cfd92a1650c@group-E2F58C278DC5 is not the leader f6013552-a382-44c6-bdc3-8253bd9e054c:192.168.34.7:43799, logIndex=0, commits[c5233a29-19a6-42e1-869f-0cfd92a1650c:c10, f6013552-a382-44c6-bdc3-8253bd9e054c:c10, 3ec0bce2-5a80-4efc-b2ca-bab81cc18a9f:c6]
2019-09-17 05:59:17,796 [org.apache.ratis.server.impl.LogAppender$AppenderDaemon$$Lambda$508/456872507@4ed7c877] ERROR ratis.XceiverServerRatis (XceiverServerRatis.java:triggerPipelineClose(575)) - pipeline Action CLOSE  on pipeline PipelineID=2e6087e1-ff44-45df-ae3c-e2f58c278dc5.Reason : f6013552-a382-44c6-bdc3-8253bd9e054c has not seen follower/s c5233a29-19a6-42e1-869f-0cfd92a1650c for 147284ms 3ec0bce2-5a80-4efc-b2ca-bab81cc18a9f for 147280ms
2019-09-17 05:59:17,797 [org.apache.ratis.server.impl.LogAppender$AppenderDaemon$$Lambda$508/456872507@26726850] ERROR ratis.XceiverServerRatis (XceiverServerRatis.java:triggerPipelineClose(575)) - pipeline Action CLOSE  on pipeline PipelineID=2e6087e1-ff44-45df-ae3c-e2f58c278dc5.Reason : f6013552-a382-44c6-bdc3-8253bd9e054c has not seen follower/s c5233a29-19a6-42e1-869f-0cfd92a1650c for 147286ms 3ec0bce2-5a80-4efc-b2ca-bab81cc18a9f for 147282ms
2019-09-17 05:59:18,294 [java.util.concurrent.ThreadPoolExecutor$Worker@bab41d4[State = -1, empty queue]] WARN  server.GrpcLogAppender (GrpcLogAppender.java:timeoutAppendRequest(200)) - f6013552-a382-44c6-bdc3-8253bd9e054c@group-E2F58C278DC5->c5233a29-19a6-42e1-869f-0cfd92a1650c-GrpcLogAppender: appendEntries Timeout, request=f6013552-a382-44c6-bdc3-8253bd9e054c->c5233a29-19a6-42e1-869f-0cfd92a1650c#72-t2, previous=(t:2, i:14), leaderCommit=10, initializing? false, entries: <empty>
2019-09-17 05:59:18,297 [java.util.concurrent.ThreadPoolExecutor$Worker@6f944d64[State = -1, empty queue]] WARN  server.GrpcLogAppender (GrpcLogAppender.java:timeoutAppendRequest(200)) - f6013552-a382-44c6-bdc3-8253bd9e054c@group-E2F58C278DC5->3ec0bce2-5a80-4efc-b2ca-bab81cc18a9f-GrpcLogAppender: appendEntries Timeout, request=f6013552-a382-44c6-bdc3-8253bd9e054c->3ec0bce2-5a80-4efc-b2ca-bab81cc18a9f#72-t2, previous=(t:2, i:14), leaderCommit=10, initializing? false, entries: <empty>
2019-09-17 05:59:18,781 [EventQueue-PipelineActionsForPipelineActionHandler] ERROR pipeline.PipelineActionHandler (PipelineActionHandler.java:onMessage(60)) - Received pipeline action CLOSE for Pipeline[ Id: 2e6087e1-ff44-45df-ae3c-e2f58c278dc5, Nodes: c5233a29-19a6-42e1-869f-0cfd92a1650c{ip: 192.168.34.7, host: pr-hdds-2132-5g9kv-3389001449, networkLocation: /default-rack, certSerialId: null}3ec0bce2-5a80-4efc-b2ca-bab81cc18a9f{ip: 192.168.34.7, host: pr-hdds-2132-5g9kv-3389001449, networkLocation: /default-rack, certSerialId: null}f6013552-a382-44c6-bdc3-8253bd9e054c{ip: 192.168.34.7, host: pr-hdds-2132-5g9kv-3389001449, networkLocation: /default-rack, certSerialId: null}, Type:RATIS, Factor:THREE, State:CLOSED] from datanode f6013552-a382-44c6-bdc3-8253bd9e054c{ip: 192.168.34.7, host: pr-hdds-2132-5g9kv-3389001449, networkLocation: /default-rack, certSerialId: null}. Reason : f6013552-a382-44c6-bdc3-8253bd9e054c has not seen follower/s c5233a29-19a6-42e1-869f-0cfd92a1650c for 147284ms 3ec0bce2-5a80-4efc-b2ca-bab81cc18a9f for 147280ms
2019-09-17 05:59:18,781 [EventQueue-PipelineActionsForPipelineActionHandler] INFO  pipeline.SCMPipelineManager (SCMPipelineManager.java:finalizeAndDestroyPipeline(311)) - destroying pipeline:Pipeline[ Id: 2e6087e1-ff44-45df-ae3c-e2f58c278dc5, Nodes: c5233a29-19a6-42e1-869f-0cfd92a1650c{ip: 192.168.34.7, host: pr-hdds-2132-5g9kv-3389001449, networkLocation: /default-rack, certSerialId: null}3ec0bce2-5a80-4efc-b2ca-bab81cc18a9f{ip: 192.168.34.7, host: pr-hdds-2132-5g9kv-3389001449, networkLocation: /default-rack, certSerialId: null}f6013552-a382-44c6-bdc3-8253bd9e054c{ip: 192.168.34.7, host: pr-hdds-2132-5g9kv-3389001449, networkLocation: /default-rack, certSerialId: null}, Type:RATIS, Factor:THREE, State:CLOSED]
2019-09-17 05:59:20,298 [org.apache.ratis.server.impl.LogAppender$AppenderDaemon$$Lambda$508/456872507@4ed7c877] ERROR ratis.XceiverServerRatis (XceiverServerRatis.java:triggerPipelineClose(575)) - pipeline Action CLOSE  on pipeline PipelineID=2e6087e1-ff44-45df-ae3c-e2f58c278dc5.Reason : f6013552-a382-44c6-bdc3-8253bd9e054c has not seen follower/s c5233a29-19a6-42e1-869f-0cfd92a1650c for 149786ms 3ec0bce2-5a80-4efc-b2ca-bab81cc18a9f for 149783ms
2019-09-17 05:59:20,299 [org.apache.ratis.server.impl.LogAppender$AppenderDaemon$$Lambda$508/456872507@26726850] ERROR ratis.XceiverServerRatis (XceiverServerRatis.java:triggerPipelineClose(575)) - pipeline Action CLOSE  on pipeline PipelineID=2e6087e1-ff44-45df-ae3c-e2f58c278dc5.Reason : f6013552-a382-44c6-bdc3-8253bd9e054c has not seen follower/s c5233a29-19a6-42e1-869f-0cfd92a1650c for 149787ms 3ec0bce2-5a80-4efc-b2ca-bab81cc18a9f for 149783ms
2019-09-17 05:59:20,732 [c5233a29-19a6-42e1-869f-0cfd92a1650c@group-E2F58C278DC5-SegmentedRaftLogWorker] WARN  segmented.SegmentedRaftLogWorker (SegmentedRaftLogWorker.java:getFromFuture(90)) - Timeout 14/~
org.apache.ratis.protocol.TimeoutIOException: Timeout 10s: WriteLog:12: (t:2, i:12), STATEMACHINELOGENTRY, client-437EC11F6ED9, cid=22-writeStateMachineData
	at org.apache.ratis.util.IOUtils.getFromFuture(IOUtils.java:87)
	at org.apache.ratis.server.raftlog.segmented.SegmentedRaftLogWorker$StateMachineDataPolicy.getFromFuture(SegmentedRaftLogWorker.java:87)
	at org.apache.ratis.server.raftlog.segmented.SegmentedRaftLogWorker$WriteLog.execute(SegmentedRaftLogWorker.java:477)
	at org.apache.ratis.server.raftlog.segmented.SegmentedRaftLogWorker.run(SegmentedRaftLogWorker.java:289)
	at java.lang.Thread.run(Thread.java:748)
Caused by: java.util.concurrent.TimeoutException
	at java.util.concurrent.CompletableFuture.timedGet(CompletableFuture.java:1771)
	at java.util.concurrent.CompletableFuture.get(CompletableFuture.java:1915)
	at org.apache.ratis.util.IOUtils.getFromFuture(IOUtils.java:79)
	... 4 more
2019-09-17 05:59:20,761 [f6013552-a382-44c6-bdc3-8253bd9e054c@group-E2F58C278DC5-SegmentedRaftLogWorker] WARN  segmented.SegmentedRaftLogWorker (SegmentedRaftLogWorker.java:getFromFuture(90)) - Timeout 14/~
org.apache.ratis.protocol.TimeoutIOException: Timeout 10s: WriteLog:12: (t:2, i:12), STATEMACHINELOGENTRY, client-437EC11F6ED9, cid=22-writeStateMachineData
	at org.apache.ratis.util.IOUtils.getFromFuture(IOUtils.java:87)
	at org.apache.ratis.server.raftlog.segmented.SegmentedRaftLogWorker$StateMachineDataPolicy.getFromFuture(SegmentedRaftLogWorker.java:87)
	at org.apache.ratis.server.raftlog.segmented.SegmentedRaftLogWorker$WriteLog.execute(SegmentedRaftLogWorker.java:477)
	at org.apache.ratis.server.raftlog.segmented.SegmentedRaftLogWorker.run(SegmentedRaftLogWorker.java:289)
	at java.lang.Thread.run(Thread.java:748)
Caused by: java.util.concurrent.TimeoutException
	at java.util.concurrent.CompletableFuture.timedGet(CompletableFuture.java:1771)
	at java.util.concurrent.CompletableFuture.get(CompletableFuture.java:1915)
	at org.apache.ratis.util.IOUtils.getFromFuture(IOUtils.java:79)
	... 4 more
2019-09-17 05:59:20,762 [3ec0bce2-5a80-4efc-b2ca-bab81cc18a9f@group-E2F58C278DC5-SegmentedRaftLogWorker] WARN  segmented.SegmentedRaftLogWorker (SegmentedRaftLogWorker.java:getFromFuture(90)) - Timeout 14/~
org.apache.ratis.protocol.TimeoutIOException: Timeout 10s: WriteLog:12: (t:2, i:12), STATEMACHINELOGENTRY, client-437EC11F6ED9, cid=22-writeStateMachineData
	at org.apache.ratis.util.IOUtils.getFromFuture(IOUtils.java:87)
	at org.apache.ratis.server.raftlog.segmented.SegmentedRaftLogWorker$StateMachineDataPolicy.getFromFuture(SegmentedRaftLogWorker.java:87)
	at org.apache.ratis.server.raftlog.segmented.SegmentedRaftLogWorker$WriteLog.execute(SegmentedRaftLogWorker.java:477)
	at org.apache.ratis.server.raftlog.segmented.SegmentedRaftLogWorker.run(SegmentedRaftLogWorker.java:289)
	at java.lang.Thread.run(Thread.java:748)
Caused by: java.util.concurrent.TimeoutException
	at java.util.concurrent.CompletableFuture.timedGet(CompletableFuture.java:1771)
	at java.util.concurrent.CompletableFuture.get(CompletableFuture.java:1915)
	at org.apache.ratis.util.IOUtils.getFromFuture(IOUtils.java:79)
	... 4 more
2019-09-17 05:59:20,781 [EventQueue-PipelineActionsForPipelineActionHandler] ERROR pipeline.PipelineActionHandler (PipelineActionHandler.java:onMessage(60)) - Received pipeline action CLOSE for Pipeline[ Id: 2e6087e1-ff44-45df-ae3c-e2f58c278dc5, Nodes: c5233a29-19a6-42e1-869f-0cfd92a1650c{ip: 192.168.34.7, host: pr-hdds-2132-5g9kv-3389001449, networkLocation: /default-rack, certSerialId: null}3ec0bce2-5a80-4efc-b2ca-bab81cc18a9f{ip: 192.168.34.7, host: pr-hdds-2132-5g9kv-3389001449, networkLocation: /default-rack, certSerialId: null}f6013552-a382-44c6-bdc3-8253bd9e054c{ip: 192.168.34.7, host: pr-hdds-2132-5g9kv-3389001449, networkLocation: /default-rack, certSerialId: null}, Type:RATIS, Factor:THREE, State:CLOSED] from datanode f6013552-a382-44c6-bdc3-8253bd9e054c{ip: 192.168.34.7, host: pr-hdds-2132-5g9kv-3389001449, networkLocation: /default-rack, certSerialId: null}. Reason : f6013552-a382-44c6-bdc3-8253bd9e054c has not seen follower/s c5233a29-19a6-42e1-869f-0cfd92a1650c for 149786ms 3ec0bce2-5a80-4efc-b2ca-bab81cc18a9f for 149783ms
2019-09-17 05:59:20,781 [EventQueue-PipelineActionsForPipelineActionHandler] INFO  pipeline.SCMPipelineManager (SCMPipelineManager.java:finalizeAndDestroyPipeline(311)) - destroying pipeline:Pipeline[ Id: 2e6087e1-ff44-45df-ae3c-e2f58c278dc5, Nodes: c5233a29-19a6-42e1-869f-0cfd92a1650c{ip: 192.168.34.7, host: pr-hdds-2132-5g9kv-3389001449, networkLocation: /default-rack, certSerialId: null}3ec0bce2-5a80-4efc-b2ca-bab81cc18a9f{ip: 192.168.34.7, host: pr-hdds-2132-5g9kv-3389001449, networkLocation: /default-rack, certSerialId: null}f6013552-a382-44c6-bdc3-8253bd9e054c{ip: 192.168.34.7, host: pr-hdds-2132-5g9kv-3389001449, networkLocation: /default-rack, certSerialId: null}, Type:RATIS, Factor:THREE, State:CLOSED]
2019-09-17 05:59:20,795 [java.util.concurrent.ThreadPoolExecutor$Worker@bab41d4[State = -1, empty queue]] WARN  server.GrpcLogAppender (GrpcLogAppender.java:timeoutAppendRequest(200)) - f6013552-a382-44c6-bdc3-8253bd9e054c@group-E2F58C278DC5->c5233a29-19a6-42e1-869f-0cfd92a1650c-GrpcLogAppender: appendEntries Timeout, request=f6013552-a382-44c6-bdc3-8253bd9e054c->c5233a29-19a6-42e1-869f-0cfd92a1650c#73-t2, previous=(t:2, i:14), leaderCommit=10, initializing? false, entries: <empty>
2019-09-17 05:59:20,797 [java.util.concurrent.ThreadPoolExecutor$Worker@6f944d64[State = -1, empty queue]] WARN  server.GrpcLogAppender (GrpcLogAppender.java:timeoutAppendRequest(200)) - f6013552-a382-44c6-bdc3-8253bd9e054c@group-E2F58C278DC5->3ec0bce2-5a80-4efc-b2ca-bab81cc18a9f-GrpcLogAppender: appendEntries Timeout, request=f6013552-a382-44c6-bdc3-8253bd9e054c->3ec0bce2-5a80-4efc-b2ca-bab81cc18a9f#73-t2, previous=(t:2, i:14), leaderCommit=10, initializing? false, entries: <empty>
2019-09-17 05:59:22,172 [grpc-default-executor-2] INFO  client.GrpcClientProtocolClient (GrpcClientProtocolClient.java:onNext(264)) - client-437EC11F6ED9->c5233a29-19a6-42e1-869f-0cfd92a1650c: receive RaftClientReply:client-437EC11F6ED9->c5233a29-19a6-42e1-869f-0cfd92a1650c@group-E2F58C278DC5, cid=21, FAILED org.apache.ratis.protocol.NotLeaderException: Server c5233a29-19a6-42e1-869f-0cfd92a1650c@group-E2F58C278DC5 is not the leader f6013552-a382-44c6-bdc3-8253bd9e054c:192.168.34.7:43799, logIndex=0, commits[c5233a29-19a6-42e1-869f-0cfd92a1650c:c10, f6013552-a382-44c6-bdc3-8253bd9e054c:c10, 3ec0bce2-5a80-4efc-b2ca-bab81cc18a9f:c6]
2019-09-17 05:59:22,800 [org.apache.ratis.server.impl.LogAppender$AppenderDaemon$$Lambda$508/456872507@4ed7c877] ERROR ratis.XceiverServerRatis (XceiverServerRatis.java:triggerPipelineClose(575)) - pipeline Action CLOSE  on pipeline PipelineID=2e6087e1-ff44-45df-ae3c-e2f58c278dc5.Reason : f6013552-a382-44c6-bdc3-8253bd9e054c has not seen follower/s c5233a29-19a6-42e1-869f-0cfd92a1650c for 152288ms 3ec0bce2-5a80-4efc-b2ca-bab81cc18a9f for 152284ms
2019-09-17 05:59:22,800 [org.apache.ratis.server.impl.LogAppender$AppenderDaemon$$Lambda$508/456872507@26726850] ERROR ratis.XceiverServerRatis (XceiverServerRatis.java:triggerPipelineClose(575)) - pipeline Action CLOSE  on pipeline PipelineID=2e6087e1-ff44-45df-ae3c-e2f58c278dc5.Reason : f6013552-a382-44c6-bdc3-8253bd9e054c has not seen follower/s c5233a29-19a6-42e1-869f-0cfd92a1650c for 152288ms 3ec0bce2-5a80-4efc-b2ca-bab81cc18a9f for 152284ms
2019-09-17 05:59:23,298 [java.util.concurrent.ThreadPoolExecutor$Worker@bab41d4[State = -1, empty queue]] WARN  server.GrpcLogAppender (GrpcLogAppender.java:timeoutAppendRequest(200)) - f6013552-a382-44c6-bdc3-8253bd9e054c@group-E2F58C278DC5->c5233a29-19a6-42e1-869f-0cfd92a1650c-GrpcLogAppender: appendEntries Timeout, request=f6013552-a382-44c6-bdc3-8253bd9e054c->c5233a29-19a6-42e1-869f-0cfd92a1650c#74-t2, previous=(t:2, i:14), leaderCommit=10, initializing? false, entries: <empty>
2019-09-17 05:59:23,298 [java.util.concurrent.ThreadPoolExecutor$Worker@6f944d64[State = -1, empty queue]] WARN  server.GrpcLogAppender (GrpcLogAppender.java:timeoutAppendRequest(200)) - f6013552-a382-44c6-bdc3-8253bd9e054c@group-E2F58C278DC5->3ec0bce2-5a80-4efc-b2ca-bab81cc18a9f-GrpcLogAppender: appendEntries Timeout, request=f6013552-a382-44c6-bdc3-8253bd9e054c->3ec0bce2-5a80-4efc-b2ca-bab81cc18a9f#74-t2, previous=(t:2, i:14), leaderCommit=10, initializing? false, entries: <empty>
2019-09-17 05:59:23,782 [EventQueue-PipelineActionsForPipelineActionHandler] ERROR pipeline.PipelineActionHandler (PipelineActionHandler.java:onMessage(60)) - Received pipeline action CLOSE for Pipeline[ Id: 2e6087e1-ff44-45df-ae3c-e2f58c278dc5, Nodes: c5233a29-19a6-42e1-869f-0cfd92a1650c{ip: 192.168.34.7, host: pr-hdds-2132-5g9kv-3389001449, networkLocation: /default-rack, certSerialId: null}3ec0bce2-5a80-4efc-b2ca-bab81cc18a9f{ip: 192.168.34.7, host: pr-hdds-2132-5g9kv-3389001449, networkLocation: /default-rack, certSerialId: null}f6013552-a382-44c6-bdc3-8253bd9e054c{ip: 192.168.34.7, host: pr-hdds-2132-5g9kv-3389001449, networkLocation: /default-rack, certSerialId: null}, Type:RATIS, Factor:THREE, State:CLOSED] from datanode f6013552-a382-44c6-bdc3-8253bd9e054c{ip: 192.168.34.7, host: pr-hdds-2132-5g9kv-3389001449, networkLocation: /default-rack, certSerialId: null}. Reason : f6013552-a382-44c6-bdc3-8253bd9e054c has not seen follower/s c5233a29-19a6-42e1-869f-0cfd92a1650c for 152288ms 3ec0bce2-5a80-4efc-b2ca-bab81cc18a9f for 152284ms
2019-09-17 05:59:23,782 [EventQueue-PipelineActionsForPipelineActionHandler] INFO  pipeline.SCMPipelineManager (SCMPipelineManager.java:finalizeAndDestroyPipeline(311)) - destroying pipeline:Pipeline[ Id: 2e6087e1-ff44-45df-ae3c-e2f58c278dc5, Nodes: c5233a29-19a6-42e1-869f-0cfd92a1650c{ip: 192.168.34.7, host: pr-hdds-2132-5g9kv-3389001449, networkLocation: /default-rack, certSerialId: null}3ec0bce2-5a80-4efc-b2ca-bab81cc18a9f{ip: 192.168.34.7, host: pr-hdds-2132-5g9kv-3389001449, networkLocation: /default-rack, certSerialId: null}f6013552-a382-44c6-bdc3-8253bd9e054c{ip: 192.168.34.7, host: pr-hdds-2132-5g9kv-3389001449, networkLocation: /default-rack, certSerialId: null}, Type:RATIS, Factor:THREE, State:CLOSED]
2019-09-17 05:59:25,301 [org.apache.ratis.server.impl.LogAppender$AppenderDaemon$$Lambda$508/456872507@26726850] ERROR ratis.XceiverServerRatis (XceiverServerRatis.java:triggerPipelineClose(575)) - pipeline Action CLOSE  on pipeline PipelineID=2e6087e1-ff44-45df-ae3c-e2f58c278dc5.Reason : f6013552-a382-44c6-bdc3-8253bd9e054c has not seen follower/s c5233a29-19a6-42e1-869f-0cfd92a1650c for 154789ms 3ec0bce2-5a80-4efc-b2ca-bab81cc18a9f for 154786ms
2019-09-17 05:59:25,301 [org.apache.ratis.server.impl.LogAppender$AppenderDaemon$$Lambda$508/456872507@4ed7c877] ERROR ratis.XceiverServerRatis (XceiverServerRatis.java:triggerPipelineClose(575)) - pipeline Action CLOSE  on pipeline PipelineID=2e6087e1-ff44-45df-ae3c-e2f58c278dc5.Reason : f6013552-a382-44c6-bdc3-8253bd9e054c has not seen follower/s c5233a29-19a6-42e1-869f-0cfd92a1650c for 154789ms 3ec0bce2-5a80-4efc-b2ca-bab81cc18a9f for 154786ms
2019-09-17 05:59:25,782 [EventQueue-PipelineActionsForPipelineActionHandler] ERROR pipeline.PipelineActionHandler (PipelineActionHandler.java:onMessage(60)) - Received pipeline action CLOSE for Pipeline[ Id: 2e6087e1-ff44-45df-ae3c-e2f58c278dc5, Nodes: c5233a29-19a6-42e1-869f-0cfd92a1650c{ip: 192.168.34.7, host: pr-hdds-2132-5g9kv-3389001449, networkLocation: /default-rack, certSerialId: null}3ec0bce2-5a80-4efc-b2ca-bab81cc18a9f{ip: 192.168.34.7, host: pr-hdds-2132-5g9kv-3389001449, networkLocation: /default-rack, certSerialId: null}f6013552-a382-44c6-bdc3-8253bd9e054c{ip: 192.168.34.7, host: pr-hdds-2132-5g9kv-3389001449, networkLocation: /default-rack, certSerialId: null}, Type:RATIS, Factor:THREE, State:CLOSED] from datanode f6013552-a382-44c6-bdc3-8253bd9e054c{ip: 192.168.34.7, host: pr-hdds-2132-5g9kv-3389001449, networkLocation: /default-rack, certSerialId: null}. Reason : f6013552-a382-44c6-bdc3-8253bd9e054c has not seen follower/s c5233a29-19a6-42e1-869f-0cfd92a1650c for 154789ms 3ec0bce2-5a80-4efc-b2ca-bab81cc18a9f for 154786ms
2019-09-17 05:59:25,783 [EventQueue-PipelineActionsForPipelineActionHandler] INFO  pipeline.SCMPipelineManager (SCMPipelineManager.java:finalizeAndDestroyPipeline(311)) - destroying pipeline:Pipeline[ Id: 2e6087e1-ff44-45df-ae3c-e2f58c278dc5, Nodes: c5233a29-19a6-42e1-869f-0cfd92a1650c{ip: 192.168.34.7, host: pr-hdds-2132-5g9kv-3389001449, networkLocation: /default-rack, certSerialId: null}3ec0bce2-5a80-4efc-b2ca-bab81cc18a9f{ip: 192.168.34.7, host: pr-hdds-2132-5g9kv-3389001449, networkLocation: /default-rack, certSerialId: null}f6013552-a382-44c6-bdc3-8253bd9e054c{ip: 192.168.34.7, host: pr-hdds-2132-5g9kv-3389001449, networkLocation: /default-rack, certSerialId: null}, Type:RATIS, Factor:THREE, State:CLOSED]
2019-09-17 05:59:25,799 [java.util.concurrent.ThreadPoolExecutor$Worker@bab41d4[State = -1, empty queue]] WARN  server.GrpcLogAppender (GrpcLogAppender.java:timeoutAppendRequest(200)) - f6013552-a382-44c6-bdc3-8253bd9e054c@group-E2F58C278DC5->c5233a29-19a6-42e1-869f-0cfd92a1650c-GrpcLogAppender: appendEntries Timeout, request=f6013552-a382-44c6-bdc3-8253bd9e054c->c5233a29-19a6-42e1-869f-0cfd92a1650c#75-t2, previous=(t:2, i:14), leaderCommit=10, initializing? false, entries: <empty>
2019-09-17 05:59:25,799 [java.util.concurrent.ThreadPoolExecutor$Worker@6f944d64[State = -1, empty queue]] WARN  server.GrpcLogAppender (GrpcLogAppender.java:timeoutAppendRequest(200)) - f6013552-a382-44c6-bdc3-8253bd9e054c@group-E2F58C278DC5->3ec0bce2-5a80-4efc-b2ca-bab81cc18a9f-GrpcLogAppender: appendEntries Timeout, request=f6013552-a382-44c6-bdc3-8253bd9e054c->3ec0bce2-5a80-4efc-b2ca-bab81cc18a9f#75-t2, previous=(t:2, i:14), leaderCommit=10, initializing? false, entries: <empty>
2019-09-17 05:59:27,229 [grpc-default-executor-1] INFO  client.GrpcClientProtocolClient (GrpcClientProtocolClient.java:onNext(264)) - client-437EC11F6ED9->c5233a29-19a6-42e1-869f-0cfd92a1650c: receive RaftClientReply:client-437EC11F6ED9->c5233a29-19a6-42e1-869f-0cfd92a1650c@group-E2F58C278DC5, cid=21, FAILED org.apache.ratis.protocol.NotLeaderException: Server c5233a29-19a6-42e1-869f-0cfd92a1650c@group-E2F58C278DC5 is not the leader f6013552-a382-44c6-bdc3-8253bd9e054c:192.168.34.7:43799, logIndex=0, commits[c5233a29-19a6-42e1-869f-0cfd92a1650c:c10, f6013552-a382-44c6-bdc3-8253bd9e054c:c10, 3ec0bce2-5a80-4efc-b2ca-bab81cc18a9f:c6]
2019-09-17 05:59:27,802 [org.apache.ratis.server.impl.LogAppender$AppenderDaemon$$Lambda$508/456872507@4ed7c877] ERROR ratis.XceiverServerRatis (XceiverServerRatis.java:triggerPipelineClose(575)) - pipeline Action CLOSE  on pipeline PipelineID=2e6087e1-ff44-45df-ae3c-e2f58c278dc5.Reason : f6013552-a382-44c6-bdc3-8253bd9e054c has not seen follower/s c5233a29-19a6-42e1-869f-0cfd92a1650c for 157290ms 3ec0bce2-5a80-4efc-b2ca-bab81cc18a9f for 157287ms
2019-09-17 05:59:27,802 [org.apache.ratis.server.impl.LogAppender$AppenderDaemon$$Lambda$508/456872507@26726850] ERROR ratis.XceiverServerRatis (XceiverServerRatis.java:triggerPipelineClose(575)) - pipeline Action CLOSE  on pipeline PipelineID=2e6087e1-ff44-45df-ae3c-e2f58c278dc5.Reason : f6013552-a382-44c6-bdc3-8253bd9e054c has not seen follower/s c5233a29-19a6-42e1-869f-0cfd92a1650c for 157290ms 3ec0bce2-5a80-4efc-b2ca-bab81cc18a9f for 157287ms
2019-09-17 05:59:28,301 [java.util.concurrent.ThreadPoolExecutor$Worker@6f944d64[State = -1, empty queue]] WARN  server.GrpcLogAppender (GrpcLogAppender.java:timeoutAppendRequest(200)) - f6013552-a382-44c6-bdc3-8253bd9e054c@group-E2F58C278DC5->3ec0bce2-5a80-4efc-b2ca-bab81cc18a9f-GrpcLogAppender: appendEntries Timeout, request=f6013552-a382-44c6-bdc3-8253bd9e054c->3ec0bce2-5a80-4efc-b2ca-bab81cc18a9f#76-t2, previous=(t:2, i:14), leaderCommit=10, initializing? false, entries: <empty>
2019-09-17 05:59:28,301 [java.util.concurrent.ThreadPoolExecutor$Worker@bab41d4[State = -1, empty queue]] WARN  server.GrpcLogAppender (GrpcLogAppender.java:timeoutAppendRequest(200)) - f6013552-a382-44c6-bdc3-8253bd9e054c@group-E2F58C278DC5->c5233a29-19a6-42e1-869f-0cfd92a1650c-GrpcLogAppender: appendEntries Timeout, request=f6013552-a382-44c6-bdc3-8253bd9e054c->c5233a29-19a6-42e1-869f-0cfd92a1650c#76-t2, previous=(t:2, i:14), leaderCommit=10, initializing? false, entries: <empty>
2019-09-17 05:59:28,782 [EventQueue-PipelineActionsForPipelineActionHandler] ERROR pipeline.PipelineActionHandler (PipelineActionHandler.java:onMessage(60)) - Received pipeline action CLOSE for Pipeline[ Id: 2e6087e1-ff44-45df-ae3c-e2f58c278dc5, Nodes: c5233a29-19a6-42e1-869f-0cfd92a1650c{ip: 192.168.34.7, host: pr-hdds-2132-5g9kv-3389001449, networkLocation: /default-rack, certSerialId: null}3ec0bce2-5a80-4efc-b2ca-bab81cc18a9f{ip: 192.168.34.7, host: pr-hdds-2132-5g9kv-3389001449, networkLocation: /default-rack, certSerialId: null}f6013552-a382-44c6-bdc3-8253bd9e054c{ip: 192.168.34.7, host: pr-hdds-2132-5g9kv-3389001449, networkLocation: /default-rack, certSerialId: null}, Type:RATIS, Factor:THREE, State:CLOSED] from datanode f6013552-a382-44c6-bdc3-8253bd9e054c{ip: 192.168.34.7, host: pr-hdds-2132-5g9kv-3389001449, networkLocation: /default-rack, certSerialId: null}. Reason : f6013552-a382-44c6-bdc3-8253bd9e054c has not seen follower/s c5233a29-19a6-42e1-869f-0cfd92a1650c for 157290ms 3ec0bce2-5a80-4efc-b2ca-bab81cc18a9f for 157287ms
2019-09-17 05:59:28,782 [EventQueue-PipelineActionsForPipelineActionHandler] INFO  pipeline.SCMPipelineManager (SCMPipelineManager.java:finalizeAndDestroyPipeline(311)) - destroying pipeline:Pipeline[ Id: 2e6087e1-ff44-45df-ae3c-e2f58c278dc5, Nodes: c5233a29-19a6-42e1-869f-0cfd92a1650c{ip: 192.168.34.7, host: pr-hdds-2132-5g9kv-3389001449, networkLocation: /default-rack, certSerialId: null}3ec0bce2-5a80-4efc-b2ca-bab81cc18a9f{ip: 192.168.34.7, host: pr-hdds-2132-5g9kv-3389001449, networkLocation: /default-rack, certSerialId: null}f6013552-a382-44c6-bdc3-8253bd9e054c{ip: 192.168.34.7, host: pr-hdds-2132-5g9kv-3389001449, networkLocation: /default-rack, certSerialId: null}, Type:RATIS, Factor:THREE, State:CLOSED]
2019-09-17 05:59:30,304 [org.apache.ratis.server.impl.LogAppender$AppenderDaemon$$Lambda$508/456872507@26726850] ERROR ratis.XceiverServerRatis (XceiverServerRatis.java:triggerPipelineClose(575)) - pipeline Action CLOSE  on pipeline PipelineID=2e6087e1-ff44-45df-ae3c-e2f58c278dc5.Reason : f6013552-a382-44c6-bdc3-8253bd9e054c has not seen follower/s c5233a29-19a6-42e1-869f-0cfd92a1650c for 159792ms 3ec0bce2-5a80-4efc-b2ca-bab81cc18a9f for 159789ms
2019-09-17 05:59:30,304 [org.apache.ratis.server.impl.LogAppender$AppenderDaemon$$Lambda$508/456872507@4ed7c877] ERROR ratis.XceiverServerRatis (XceiverServerRatis.java:triggerPipelineClose(575)) - pipeline Action CLOSE  on pipeline PipelineID=2e6087e1-ff44-45df-ae3c-e2f58c278dc5.Reason : f6013552-a382-44c6-bdc3-8253bd9e054c has not seen follower/s c5233a29-19a6-42e1-869f-0cfd92a1650c for 159792ms 3ec0bce2-5a80-4efc-b2ca-bab81cc18a9f for 159789ms
2019-09-17 05:59:30,734 [c5233a29-19a6-42e1-869f-0cfd92a1650c@group-E2F58C278DC5-SegmentedRaftLogWorker] WARN  segmented.SegmentedRaftLogWorker (SegmentedRaftLogWorker.java:getFromFuture(90)) - Timeout 15/~
org.apache.ratis.protocol.TimeoutIOException: Timeout 10s: WriteLog:12: (t:2, i:12), STATEMACHINELOGENTRY, client-437EC11F6ED9, cid=22-writeStateMachineData
	at org.apache.ratis.util.IOUtils.getFromFuture(IOUtils.java:87)
	at org.apache.ratis.server.raftlog.segmented.SegmentedRaftLogWorker$StateMachineDataPolicy.getFromFuture(SegmentedRaftLogWorker.java:87)
	at org.apache.ratis.server.raftlog.segmented.SegmentedRaftLogWorker$WriteLog.execute(SegmentedRaftLogWorker.java:477)
	at org.apache.ratis.server.raftlog.segmented.SegmentedRaftLogWorker.run(SegmentedRaftLogWorker.java:289)
	at java.lang.Thread.run(Thread.java:748)
Caused by: java.util.concurrent.TimeoutException
	at java.util.concurrent.CompletableFuture.timedGet(CompletableFuture.java:1771)
	at java.util.concurrent.CompletableFuture.get(CompletableFuture.java:1915)
	at org.apache.ratis.util.IOUtils.getFromFuture(IOUtils.java:79)
	... 4 more
2019-09-17 05:59:30,762 [f6013552-a382-44c6-bdc3-8253bd9e054c@group-E2F58C278DC5-SegmentedRaftLogWorker] WARN  segmented.SegmentedRaftLogWorker (SegmentedRaftLogWorker.java:getFromFuture(90)) - Timeout 15/~
org.apache.ratis.protocol.TimeoutIOException: Timeout 10s: WriteLog:12: (t:2, i:12), STATEMACHINELOGENTRY, client-437EC11F6ED9, cid=22-writeStateMachineData
	at org.apache.ratis.util.IOUtils.getFromFuture(IOUtils.java:87)
	at org.apache.ratis.server.raftlog.segmented.SegmentedRaftLogWorker$StateMachineDataPolicy.getFromFuture(SegmentedRaftLogWorker.java:87)
	at org.apache.ratis.server.raftlog.segmented.SegmentedRaftLogWorker$WriteLog.execute(SegmentedRaftLogWorker.java:477)
	at org.apache.ratis.server.raftlog.segmented.SegmentedRaftLogWorker.run(SegmentedRaftLogWorker.java:289)
	at java.lang.Thread.run(Thread.java:748)
Caused by: java.util.concurrent.TimeoutException
	at java.util.concurrent.CompletableFuture.timedGet(CompletableFuture.java:1771)
	at java.util.concurrent.CompletableFuture.get(CompletableFuture.java:1915)
	at org.apache.ratis.util.IOUtils.getFromFuture(IOUtils.java:79)
	... 4 more
2019-09-17 05:59:30,763 [3ec0bce2-5a80-4efc-b2ca-bab81cc18a9f@group-E2F58C278DC5-SegmentedRaftLogWorker] WARN  segmented.SegmentedRaftLogWorker (SegmentedRaftLogWorker.java:getFromFuture(90)) - Timeout 15/~
org.apache.ratis.protocol.TimeoutIOException: Timeout 10s: WriteLog:12: (t:2, i:12), STATEMACHINELOGENTRY, client-437EC11F6ED9, cid=22-writeStateMachineData
	at org.apache.ratis.util.IOUtils.getFromFuture(IOUtils.java:87)
	at org.apache.ratis.server.raftlog.segmented.SegmentedRaftLogWorker$StateMachineDataPolicy.getFromFuture(SegmentedRaftLogWorker.java:87)
	at org.apache.ratis.server.raftlog.segmented.SegmentedRaftLogWorker$WriteLog.execute(SegmentedRaftLogWorker.java:477)
	at org.apache.ratis.server.raftlog.segmented.SegmentedRaftLogWorker.run(SegmentedRaftLogWorker.java:289)
	at java.lang.Thread.run(Thread.java:748)
Caused by: java.util.concurrent.TimeoutException
	at java.util.concurrent.CompletableFuture.timedGet(CompletableFuture.java:1771)
	at java.util.concurrent.CompletableFuture.get(CompletableFuture.java:1915)
	at org.apache.ratis.util.IOUtils.getFromFuture(IOUtils.java:79)
	... 4 more
2019-09-17 05:59:30,783 [EventQueue-PipelineActionsForPipelineActionHandler] ERROR pipeline.PipelineActionHandler (PipelineActionHandler.java:onMessage(60)) - Received pipeline action CLOSE for Pipeline[ Id: 2e6087e1-ff44-45df-ae3c-e2f58c278dc5, Nodes: c5233a29-19a6-42e1-869f-0cfd92a1650c{ip: 192.168.34.7, host: pr-hdds-2132-5g9kv-3389001449, networkLocation: /default-rack, certSerialId: null}3ec0bce2-5a80-4efc-b2ca-bab81cc18a9f{ip: 192.168.34.7, host: pr-hdds-2132-5g9kv-3389001449, networkLocation: /default-rack, certSerialId: null}f6013552-a382-44c6-bdc3-8253bd9e054c{ip: 192.168.34.7, host: pr-hdds-2132-5g9kv-3389001449, networkLocation: /default-rack, certSerialId: null}, Type:RATIS, Factor:THREE, State:CLOSED] from datanode f6013552-a382-44c6-bdc3-8253bd9e054c{ip: 192.168.34.7, host: pr-hdds-2132-5g9kv-3389001449, networkLocation: /default-rack, certSerialId: null}. Reason : f6013552-a382-44c6-bdc3-8253bd9e054c has not seen follower/s c5233a29-19a6-42e1-869f-0cfd92a1650c for 159792ms 3ec0bce2-5a80-4efc-b2ca-bab81cc18a9f for 159789ms
2019-09-17 05:59:30,783 [EventQueue-PipelineActionsForPipelineActionHandler] INFO  pipeline.SCMPipelineManager (SCMPipelineManager.java:finalizeAndDestroyPipeline(311)) - destroying pipeline:Pipeline[ Id: 2e6087e1-ff44-45df-ae3c-e2f58c278dc5, Nodes: c5233a29-19a6-42e1-869f-0cfd92a1650c{ip: 192.168.34.7, host: pr-hdds-2132-5g9kv-3389001449, networkLocation: /default-rack, certSerialId: null}3ec0bce2-5a80-4efc-b2ca-bab81cc18a9f{ip: 192.168.34.7, host: pr-hdds-2132-5g9kv-3389001449, networkLocation: /default-rack, certSerialId: null}f6013552-a382-44c6-bdc3-8253bd9e054c{ip: 192.168.34.7, host: pr-hdds-2132-5g9kv-3389001449, networkLocation: /default-rack, certSerialId: null}, Type:RATIS, Factor:THREE, State:CLOSED]
2019-09-17 05:59:30,802 [java.util.concurrent.ThreadPoolExecutor$Worker@bab41d4[State = -1, empty queue]] WARN  server.GrpcLogAppender (GrpcLogAppender.java:timeoutAppendRequest(200)) - f6013552-a382-44c6-bdc3-8253bd9e054c@group-E2F58C278DC5->c5233a29-19a6-42e1-869f-0cfd92a1650c-GrpcLogAppender: appendEntries Timeout, request=f6013552-a382-44c6-bdc3-8253bd9e054c->c5233a29-19a6-42e1-869f-0cfd92a1650c#77-t2, previous=(t:2, i:14), leaderCommit=10, initializing? false, entries: <empty>
2019-09-17 05:59:30,802 [java.util.concurrent.ThreadPoolExecutor$Worker@6f944d64[State = -1, empty queue]] WARN  server.GrpcLogAppender (GrpcLogAppender.java:timeoutAppendRequest(200)) - f6013552-a382-44c6-bdc3-8253bd9e054c@group-E2F58C278DC5->3ec0bce2-5a80-4efc-b2ca-bab81cc18a9f-GrpcLogAppender: appendEntries Timeout, request=f6013552-a382-44c6-bdc3-8253bd9e054c->3ec0bce2-5a80-4efc-b2ca-bab81cc18a9f#77-t2, previous=(t:2, i:14), leaderCommit=10, initializing? false, entries: <empty>
2019-09-17 05:59:32,280 [grpc-default-executor-1] INFO  client.GrpcClientProtocolClient (GrpcClientProtocolClient.java:onNext(264)) - client-437EC11F6ED9->3ec0bce2-5a80-4efc-b2ca-bab81cc18a9f: receive RaftClientReply:client-437EC11F6ED9->3ec0bce2-5a80-4efc-b2ca-bab81cc18a9f@group-E2F58C278DC5, cid=21, FAILED org.apache.ratis.protocol.NotLeaderException: Server 3ec0bce2-5a80-4efc-b2ca-bab81cc18a9f@group-E2F58C278DC5 is not the leader f6013552-a382-44c6-bdc3-8253bd9e054c:192.168.34.7:43799, logIndex=0, commits[3ec0bce2-5a80-4efc-b2ca-bab81cc18a9f:c10, f6013552-a382-44c6-bdc3-8253bd9e054c:c10, c5233a29-19a6-42e1-869f-0cfd92a1650c:c6]
2019-09-17 05:59:32,805 [org.apache.ratis.server.impl.LogAppender$AppenderDaemon$$Lambda$508/456872507@26726850] ERROR ratis.XceiverServerRatis (XceiverServerRatis.java:triggerPipelineClose(575)) - pipeline Action CLOSE  on pipeline PipelineID=2e6087e1-ff44-45df-ae3c-e2f58c278dc5.Reason : f6013552-a382-44c6-bdc3-8253bd9e054c has not seen follower/s c5233a29-19a6-42e1-869f-0cfd92a1650c for 162293ms 3ec0bce2-5a80-4efc-b2ca-bab81cc18a9f for 162290ms
2019-09-17 05:59:32,805 [org.apache.ratis.server.impl.LogAppender$AppenderDaemon$$Lambda$508/456872507@4ed7c877] ERROR ratis.XceiverServerRatis (XceiverServerRatis.java:triggerPipelineClose(575)) - pipeline Action CLOSE  on pipeline PipelineID=2e6087e1-ff44-45df-ae3c-e2f58c278dc5.Reason : f6013552-a382-44c6-bdc3-8253bd9e054c has not seen follower/s c5233a29-19a6-42e1-869f-0cfd92a1650c for 162293ms 3ec0bce2-5a80-4efc-b2ca-bab81cc18a9f for 162290ms
2019-09-17 05:59:33,304 [java.util.concurrent.ThreadPoolExecutor$Worker@6f944d64[State = -1, empty queue]] WARN  server.GrpcLogAppender (GrpcLogAppender.java:timeoutAppendRequest(200)) - f6013552-a382-44c6-bdc3-8253bd9e054c@group-E2F58C278DC5->3ec0bce2-5a80-4efc-b2ca-bab81cc18a9f-GrpcLogAppender: appendEntries Timeout, request=f6013552-a382-44c6-bdc3-8253bd9e054c->3ec0bce2-5a80-4efc-b2ca-bab81cc18a9f#78-t2, previous=(t:2, i:14), leaderCommit=10, initializing? false, entries: <empty>
2019-09-17 05:59:33,304 [java.util.concurrent.ThreadPoolExecutor$Worker@bab41d4[State = -1, empty queue]] WARN  server.GrpcLogAppender (GrpcLogAppender.java:timeoutAppendRequest(200)) - f6013552-a382-44c6-bdc3-8253bd9e054c@group-E2F58C278DC5->c5233a29-19a6-42e1-869f-0cfd92a1650c-GrpcLogAppender: appendEntries Timeout, request=f6013552-a382-44c6-bdc3-8253bd9e054c->c5233a29-19a6-42e1-869f-0cfd92a1650c#78-t2, previous=(t:2, i:14), leaderCommit=10, initializing? false, entries: <empty>
2019-09-17 05:59:33,783 [EventQueue-PipelineActionsForPipelineActionHandler] ERROR pipeline.PipelineActionHandler (PipelineActionHandler.java:onMessage(60)) - Received pipeline action CLOSE for Pipeline[ Id: 2e6087e1-ff44-45df-ae3c-e2f58c278dc5, Nodes: c5233a29-19a6-42e1-869f-0cfd92a1650c{ip: 192.168.34.7, host: pr-hdds-2132-5g9kv-3389001449, networkLocation: /default-rack, certSerialId: null}3ec0bce2-5a80-4efc-b2ca-bab81cc18a9f{ip: 192.168.34.7, host: pr-hdds-2132-5g9kv-3389001449, networkLocation: /default-rack, certSerialId: null}f6013552-a382-44c6-bdc3-8253bd9e054c{ip: 192.168.34.7, host: pr-hdds-2132-5g9kv-3389001449, networkLocation: /default-rack, certSerialId: null}, Type:RATIS, Factor:THREE, State:CLOSED] from datanode f6013552-a382-44c6-bdc3-8253bd9e054c{ip: 192.168.34.7, host: pr-hdds-2132-5g9kv-3389001449, networkLocation: /default-rack, certSerialId: null}. Reason : f6013552-a382-44c6-bdc3-8253bd9e054c has not seen follower/s c5233a29-19a6-42e1-869f-0cfd92a1650c for 162293ms 3ec0bce2-5a80-4efc-b2ca-bab81cc18a9f for 162290ms
2019-09-17 05:59:33,783 [EventQueue-PipelineActionsForPipelineActionHandler] INFO  pipeline.SCMPipelineManager (SCMPipelineManager.java:finalizeAndDestroyPipeline(311)) - destroying pipeline:Pipeline[ Id: 2e6087e1-ff44-45df-ae3c-e2f58c278dc5, Nodes: c5233a29-19a6-42e1-869f-0cfd92a1650c{ip: 192.168.34.7, host: pr-hdds-2132-5g9kv-3389001449, networkLocation: /default-rack, certSerialId: null}3ec0bce2-5a80-4efc-b2ca-bab81cc18a9f{ip: 192.168.34.7, host: pr-hdds-2132-5g9kv-3389001449, networkLocation: /default-rack, certSerialId: null}f6013552-a382-44c6-bdc3-8253bd9e054c{ip: 192.168.34.7, host: pr-hdds-2132-5g9kv-3389001449, networkLocation: /default-rack, certSerialId: null}, Type:RATIS, Factor:THREE, State:CLOSED]
2019-09-17 05:59:35,306 [org.apache.ratis.server.impl.LogAppender$AppenderDaemon$$Lambda$508/456872507@26726850] ERROR ratis.XceiverServerRatis (XceiverServerRatis.java:triggerPipelineClose(575)) - pipeline Action CLOSE  on pipeline PipelineID=2e6087e1-ff44-45df-ae3c-e2f58c278dc5.Reason : f6013552-a382-44c6-bdc3-8253bd9e054c has not seen follower/s c5233a29-19a6-42e1-869f-0cfd92a1650c for 164795ms 3ec0bce2-5a80-4efc-b2ca-bab81cc18a9f for 164791ms
2019-09-17 05:59:35,307 [org.apache.ratis.server.impl.LogAppender$AppenderDaemon$$Lambda$508/456872507@4ed7c877] ERROR ratis.XceiverServerRatis (XceiverServerRatis.java:triggerPipelineClose(575)) - pipeline Action CLOSE  on pipeline PipelineID=2e6087e1-ff44-45df-ae3c-e2f58c278dc5.Reason : f6013552-a382-44c6-bdc3-8253bd9e054c has not seen follower/s c5233a29-19a6-42e1-869f-0cfd92a1650c for 164795ms 3ec0bce2-5a80-4efc-b2ca-bab81cc18a9f for 164791ms
2019-09-17 05:59:35,783 [EventQueue-PipelineActionsForPipelineActionHandler] ERROR pipeline.PipelineActionHandler (PipelineActionHandler.java:onMessage(60)) - Received pipeline action CLOSE for Pipeline[ Id: 2e6087e1-ff44-45df-ae3c-e2f58c278dc5, Nodes: c5233a29-19a6-42e1-869f-0cfd92a1650c{ip: 192.168.34.7, host: pr-hdds-2132-5g9kv-3389001449, networkLocation: /default-rack, certSerialId: null}3ec0bce2-5a80-4efc-b2ca-bab81cc18a9f{ip: 192.168.34.7, host: pr-hdds-2132-5g9kv-3389001449, networkLocation: /default-rack, certSerialId: null}f6013552-a382-44c6-bdc3-8253bd9e054c{ip: 192.168.34.7, host: pr-hdds-2132-5g9kv-3389001449, networkLocation: /default-rack, certSerialId: null}, Type:RATIS, Factor:THREE, State:CLOSED] from datanode f6013552-a382-44c6-bdc3-8253bd9e054c{ip: 192.168.34.7, host: pr-hdds-2132-5g9kv-3389001449, networkLocation: /default-rack, certSerialId: null}. Reason : f6013552-a382-44c6-bdc3-8253bd9e054c has not seen follower/s c5233a29-19a6-42e1-869f-0cfd92a1650c for 164795ms 3ec0bce2-5a80-4efc-b2ca-bab81cc18a9f for 164791ms
2019-09-17 05:59:35,783 [EventQueue-PipelineActionsForPipelineActionHandler] INFO  pipeline.SCMPipelineManager (SCMPipelineManager.java:finalizeAndDestroyPipeline(311)) - destroying pipeline:Pipeline[ Id: 2e6087e1-ff44-45df-ae3c-e2f58c278dc5, Nodes: c5233a29-19a6-42e1-869f-0cfd92a1650c{ip: 192.168.34.7, host: pr-hdds-2132-5g9kv-3389001449, networkLocation: /default-rack, certSerialId: null}3ec0bce2-5a80-4efc-b2ca-bab81cc18a9f{ip: 192.168.34.7, host: pr-hdds-2132-5g9kv-3389001449, networkLocation: /default-rack, certSerialId: null}f6013552-a382-44c6-bdc3-8253bd9e054c{ip: 192.168.34.7, host: pr-hdds-2132-5g9kv-3389001449, networkLocation: /default-rack, certSerialId: null}, Type:RATIS, Factor:THREE, State:CLOSED]
2019-09-17 05:59:35,805 [java.util.concurrent.ThreadPoolExecutor$Worker@bab41d4[State = -1, empty queue]] WARN  server.GrpcLogAppender (GrpcLogAppender.java:timeoutAppendRequest(200)) - f6013552-a382-44c6-bdc3-8253bd9e054c@group-E2F58C278DC5->c5233a29-19a6-42e1-869f-0cfd92a1650c-GrpcLogAppender: appendEntries Timeout, request=f6013552-a382-44c6-bdc3-8253bd9e054c->c5233a29-19a6-42e1-869f-0cfd92a1650c#79-t2, previous=(t:2, i:14), leaderCommit=10, initializing? false, entries: <empty>
2019-09-17 05:59:35,805 [java.util.concurrent.ThreadPoolExecutor$Worker@6f944d64[State = -1, empty queue]] WARN  server.GrpcLogAppender (GrpcLogAppender.java:timeoutAppendRequest(200)) - f6013552-a382-44c6-bdc3-8253bd9e054c@group-E2F58C278DC5->3ec0bce2-5a80-4efc-b2ca-bab81cc18a9f-GrpcLogAppender: appendEntries Timeout, request=f6013552-a382-44c6-bdc3-8253bd9e054c->3ec0bce2-5a80-4efc-b2ca-bab81cc18a9f#79-t2, previous=(t:2, i:14), leaderCommit=10, initializing? false, entries: <empty>
2019-09-17 05:59:37,348 [grpc-default-executor-5] INFO  client.GrpcClientProtocolClient (GrpcClientProtocolClient.java:onNext(264)) - client-437EC11F6ED9->c5233a29-19a6-42e1-869f-0cfd92a1650c: receive RaftClientReply:client-437EC11F6ED9->c5233a29-19a6-42e1-869f-0cfd92a1650c@group-E2F58C278DC5, cid=21, FAILED org.apache.ratis.protocol.NotLeaderException: Server c5233a29-19a6-42e1-869f-0cfd92a1650c@group-E2F58C278DC5 is not the leader f6013552-a382-44c6-bdc3-8253bd9e054c:192.168.34.7:43799, logIndex=0, commits[c5233a29-19a6-42e1-869f-0cfd92a1650c:c10, f6013552-a382-44c6-bdc3-8253bd9e054c:c10, 3ec0bce2-5a80-4efc-b2ca-bab81cc18a9f:c6]
2019-09-17 05:59:37,808 [org.apache.ratis.server.impl.LogAppender$AppenderDaemon$$Lambda$508/456872507@4ed7c877] ERROR ratis.XceiverServerRatis (XceiverServerRatis.java:triggerPipelineClose(575)) - pipeline Action CLOSE  on pipeline PipelineID=2e6087e1-ff44-45df-ae3c-e2f58c278dc5.Reason : f6013552-a382-44c6-bdc3-8253bd9e054c has not seen follower/s c5233a29-19a6-42e1-869f-0cfd92a1650c for 167296ms 3ec0bce2-5a80-4efc-b2ca-bab81cc18a9f for 167293ms
2019-09-17 05:59:37,808 [org.apache.ratis.server.impl.LogAppender$AppenderDaemon$$Lambda$508/456872507@26726850] ERROR ratis.XceiverServerRatis (XceiverServerRatis.java:triggerPipelineClose(575)) - pipeline Action CLOSE  on pipeline PipelineID=2e6087e1-ff44-45df-ae3c-e2f58c278dc5.Reason : f6013552-a382-44c6-bdc3-8253bd9e054c has not seen follower/s c5233a29-19a6-42e1-869f-0cfd92a1650c for 167296ms 3ec0bce2-5a80-4efc-b2ca-bab81cc18a9f for 167293ms
2019-09-17 05:59:38,306 [java.util.concurrent.ThreadPoolExecutor$Worker@6f944d64[State = -1, empty queue]] WARN  server.GrpcLogAppender (GrpcLogAppender.java:timeoutAppendRequest(200)) - f6013552-a382-44c6-bdc3-8253bd9e054c@group-E2F58C278DC5->3ec0bce2-5a80-4efc-b2ca-bab81cc18a9f-GrpcLogAppender: appendEntries Timeout, request=f6013552-a382-44c6-bdc3-8253bd9e054c->3ec0bce2-5a80-4efc-b2ca-bab81cc18a9f#80-t2, previous=(t:2, i:14), leaderCommit=10, initializing? false, entries: <empty>
2019-09-17 05:59:38,306 [java.util.concurrent.ThreadPoolExecutor$Worker@bab41d4[State = -1, empty queue]] WARN  server.GrpcLogAppender (GrpcLogAppender.java:timeoutAppendRequest(200)) - f6013552-a382-44c6-bdc3-8253bd9e054c@group-E2F58C278DC5->c5233a29-19a6-42e1-869f-0cfd92a1650c-GrpcLogAppender: appendEntries Timeout, request=f6013552-a382-44c6-bdc3-8253bd9e054c->c5233a29-19a6-42e1-869f-0cfd92a1650c#80-t2, previous=(t:2, i:14), leaderCommit=10, initializing? false, entries: <empty>
2019-09-17 05:59:38,784 [EventQueue-PipelineActionsForPipelineActionHandler] ERROR pipeline.PipelineActionHandler (PipelineActionHandler.java:onMessage(60)) - Received pipeline action CLOSE for Pipeline[ Id: 2e6087e1-ff44-45df-ae3c-e2f58c278dc5, Nodes: c5233a29-19a6-42e1-869f-0cfd92a1650c{ip: 192.168.34.7, host: pr-hdds-2132-5g9kv-3389001449, networkLocation: /default-rack, certSerialId: null}3ec0bce2-5a80-4efc-b2ca-bab81cc18a9f{ip: 192.168.34.7, host: pr-hdds-2132-5g9kv-3389001449, networkLocation: /default-rack, certSerialId: null}f6013552-a382-44c6-bdc3-8253bd9e054c{ip: 192.168.34.7, host: pr-hdds-2132-5g9kv-3389001449, networkLocation: /default-rack, certSerialId: null}, Type:RATIS, Factor:THREE, State:CLOSED] from datanode f6013552-a382-44c6-bdc3-8253bd9e054c{ip: 192.168.34.7, host: pr-hdds-2132-5g9kv-3389001449, networkLocation: /default-rack, certSerialId: null}. Reason : f6013552-a382-44c6-bdc3-8253bd9e054c has not seen follower/s c5233a29-19a6-42e1-869f-0cfd92a1650c for 167296ms 3ec0bce2-5a80-4efc-b2ca-bab81cc18a9f for 167293ms
2019-09-17 05:59:38,784 [EventQueue-PipelineActionsForPipelineActionHandler] INFO  pipeline.SCMPipelineManager (SCMPipelineManager.java:finalizeAndDestroyPipeline(311)) - destroying pipeline:Pipeline[ Id: 2e6087e1-ff44-45df-ae3c-e2f58c278dc5, Nodes: c5233a29-19a6-42e1-869f-0cfd92a1650c{ip: 192.168.34.7, host: pr-hdds-2132-5g9kv-3389001449, networkLocation: /default-rack, certSerialId: null}3ec0bce2-5a80-4efc-b2ca-bab81cc18a9f{ip: 192.168.34.7, host: pr-hdds-2132-5g9kv-3389001449, networkLocation: /default-rack, certSerialId: null}f6013552-a382-44c6-bdc3-8253bd9e054c{ip: 192.168.34.7, host: pr-hdds-2132-5g9kv-3389001449, networkLocation: /default-rack, certSerialId: null}, Type:RATIS, Factor:THREE, State:CLOSED]
2019-09-17 05:59:40,311 [org.apache.ratis.server.impl.LogAppender$AppenderDaemon$$Lambda$508/456872507@26726850] ERROR ratis.XceiverServerRatis (XceiverServerRatis.java:triggerPipelineClose(575)) - pipeline Action CLOSE  on pipeline PipelineID=2e6087e1-ff44-45df-ae3c-e2f58c278dc5.Reason : f6013552-a382-44c6-bdc3-8253bd9e054c has not seen follower/s c5233a29-19a6-42e1-869f-0cfd92a1650c for 169798ms 3ec0bce2-5a80-4efc-b2ca-bab81cc18a9f for 169795ms
2019-09-17 05:59:40,311 [org.apache.ratis.server.impl.LogAppender$AppenderDaemon$$Lambda$508/456872507@4ed7c877] ERROR ratis.XceiverServerRatis (XceiverServerRatis.java:triggerPipelineClose(575)) - pipeline Action CLOSE  on pipeline PipelineID=2e6087e1-ff44-45df-ae3c-e2f58c278dc5.Reason : f6013552-a382-44c6-bdc3-8253bd9e054c has not seen follower/s c5233a29-19a6-42e1-869f-0cfd92a1650c for 169798ms 3ec0bce2-5a80-4efc-b2ca-bab81cc18a9f for 169795ms
2019-09-17 05:59:40,736 [c5233a29-19a6-42e1-869f-0cfd92a1650c@group-E2F58C278DC5-SegmentedRaftLogWorker] WARN  segmented.SegmentedRaftLogWorker (SegmentedRaftLogWorker.java:getFromFuture(90)) - Timeout 16/~
org.apache.ratis.protocol.TimeoutIOException: Timeout 10s: WriteLog:12: (t:2, i:12), STATEMACHINELOGENTRY, client-437EC11F6ED9, cid=22-writeStateMachineData
	at org.apache.ratis.util.IOUtils.getFromFuture(IOUtils.java:87)
	at org.apache.ratis.server.raftlog.segmented.SegmentedRaftLogWorker$StateMachineDataPolicy.getFromFuture(SegmentedRaftLogWorker.java:87)
	at org.apache.ratis.server.raftlog.segmented.SegmentedRaftLogWorker$WriteLog.execute(SegmentedRaftLogWorker.java:477)
	at org.apache.ratis.server.raftlog.segmented.SegmentedRaftLogWorker.run(SegmentedRaftLogWorker.java:289)
	at java.lang.Thread.run(Thread.java:748)
Caused by: java.util.concurrent.TimeoutException
	at java.util.concurrent.CompletableFuture.timedGet(CompletableFuture.java:1771)
	at java.util.concurrent.CompletableFuture.get(CompletableFuture.java:1915)
	at org.apache.ratis.util.IOUtils.getFromFuture(IOUtils.java:79)
	... 4 more
2019-09-17 05:59:40,780 [f6013552-a382-44c6-bdc3-8253bd9e054c@group-E2F58C278DC5-SegmentedRaftLogWorker] WARN  segmented.SegmentedRaftLogWorker (SegmentedRaftLogWorker.java:getFromFuture(90)) - Timeout 16/~
org.apache.ratis.protocol.TimeoutIOException: Timeout 10s: WriteLog:12: (t:2, i:12), STATEMACHINELOGENTRY, client-437EC11F6ED9, cid=22-writeStateMachineData
	at org.apache.ratis.util.IOUtils.getFromFuture(IOUtils.java:87)
	at org.apache.ratis.server.raftlog.segmented.SegmentedRaftLogWorker$StateMachineDataPolicy.getFromFuture(SegmentedRaftLogWorker.java:87)
	at org.apache.ratis.server.raftlog.segmented.SegmentedRaftLogWorker$WriteLog.execute(SegmentedRaftLogWorker.java:477)
	at org.apache.ratis.server.raftlog.segmented.SegmentedRaftLogWorker.run(SegmentedRaftLogWorker.java:289)
	at java.lang.Thread.run(Thread.java:748)
Caused by: java.util.concurrent.TimeoutException
	at java.util.concurrent.CompletableFuture.timedGet(CompletableFuture.java:1771)
	at java.util.concurrent.CompletableFuture.get(CompletableFuture.java:1915)
	at org.apache.ratis.util.IOUtils.getFromFuture(IOUtils.java:79)
	... 4 more
2019-09-17 05:59:40,780 [3ec0bce2-5a80-4efc-b2ca-bab81cc18a9f@group-E2F58C278DC5-SegmentedRaftLogWorker] WARN  segmented.SegmentedRaftLogWorker (SegmentedRaftLogWorker.java:getFromFuture(90)) - Timeout 16/~
org.apache.ratis.protocol.TimeoutIOException: Timeout 10s: WriteLog:12: (t:2, i:12), STATEMACHINELOGENTRY, client-437EC11F6ED9, cid=22-writeStateMachineData
	at org.apache.ratis.util.IOUtils.getFromFuture(IOUtils.java:87)
	at org.apache.ratis.server.raftlog.segmented.SegmentedRaftLogWorker$StateMachineDataPolicy.getFromFuture(SegmentedRaftLogWorker.java:87)
	at org.apache.ratis.server.raftlog.segmented.SegmentedRaftLogWorker$WriteLog.execute(SegmentedRaftLogWorker.java:477)
	at org.apache.ratis.server.raftlog.segmented.SegmentedRaftLogWorker.run(SegmentedRaftLogWorker.java:289)
	at java.lang.Thread.run(Thread.java:748)
Caused by: java.util.concurrent.TimeoutException
	at java.util.concurrent.CompletableFuture.timedGet(CompletableFuture.java:1771)
	at java.util.concurrent.CompletableFuture.get(CompletableFuture.java:1915)
	at org.apache.ratis.util.IOUtils.getFromFuture(IOUtils.java:79)
	... 4 more
2019-09-17 05:59:40,785 [EventQueue-PipelineActionsForPipelineActionHandler] ERROR pipeline.PipelineActionHandler (PipelineActionHandler.java:onMessage(60)) - Received pipeline action CLOSE for Pipeline[ Id: 2e6087e1-ff44-45df-ae3c-e2f58c278dc5, Nodes: c5233a29-19a6-42e1-869f-0cfd92a1650c{ip: 192.168.34.7, host: pr-hdds-2132-5g9kv-3389001449, networkLocation: /default-rack, certSerialId: null}3ec0bce2-5a80-4efc-b2ca-bab81cc18a9f{ip: 192.168.34.7, host: pr-hdds-2132-5g9kv-3389001449, networkLocation: /default-rack, certSerialId: null}f6013552-a382-44c6-bdc3-8253bd9e054c{ip: 192.168.34.7, host: pr-hdds-2132-5g9kv-3389001449, networkLocation: /default-rack, certSerialId: null}, Type:RATIS, Factor:THREE, State:CLOSED] from datanode f6013552-a382-44c6-bdc3-8253bd9e054c{ip: 192.168.34.7, host: pr-hdds-2132-5g9kv-3389001449, networkLocation: /default-rack, certSerialId: null}. Reason : f6013552-a382-44c6-bdc3-8253bd9e054c has not seen follower/s c5233a29-19a6-42e1-869f-0cfd92a1650c for 169798ms 3ec0bce2-5a80-4efc-b2ca-bab81cc18a9f for 169795ms
2019-09-17 05:59:40,785 [EventQueue-PipelineActionsForPipelineActionHandler] INFO  pipeline.SCMPipelineManager (SCMPipelineManager.java:finalizeAndDestroyPipeline(311)) - destroying pipeline:Pipeline[ Id: 2e6087e1-ff44-45df-ae3c-e2f58c278dc5, Nodes: c5233a29-19a6-42e1-869f-0cfd92a1650c{ip: 192.168.34.7, host: pr-hdds-2132-5g9kv-3389001449, networkLocation: /default-rack, certSerialId: null}3ec0bce2-5a80-4efc-b2ca-bab81cc18a9f{ip: 192.168.34.7, host: pr-hdds-2132-5g9kv-3389001449, networkLocation: /default-rack, certSerialId: null}f6013552-a382-44c6-bdc3-8253bd9e054c{ip: 192.168.34.7, host: pr-hdds-2132-5g9kv-3389001449, networkLocation: /default-rack, certSerialId: null}, Type:RATIS, Factor:THREE, State:CLOSED]
2019-09-17 05:59:40,808 [java.util.concurrent.ThreadPoolExecutor$Worker@6f944d64[State = -1, empty queue]] WARN  server.GrpcLogAppender (GrpcLogAppender.java:timeoutAppendRequest(200)) - f6013552-a382-44c6-bdc3-8253bd9e054c@group-E2F58C278DC5->3ec0bce2-5a80-4efc-b2ca-bab81cc18a9f-GrpcLogAppender: appendEntries Timeout, request=f6013552-a382-44c6-bdc3-8253bd9e054c->3ec0bce2-5a80-4efc-b2ca-bab81cc18a9f#81-t2, previous=(t:2, i:14), leaderCommit=10, initializing? false, entries: <empty>
2019-09-17 05:59:40,808 [java.util.concurrent.ThreadPoolExecutor$Worker@bab41d4[State = -1, empty queue]] WARN  server.GrpcLogAppender (GrpcLogAppender.java:timeoutAppendRequest(200)) - f6013552-a382-44c6-bdc3-8253bd9e054c@group-E2F58C278DC5->c5233a29-19a6-42e1-869f-0cfd92a1650c-GrpcLogAppender: appendEntries Timeout, request=f6013552-a382-44c6-bdc3-8253bd9e054c->c5233a29-19a6-42e1-869f-0cfd92a1650c#81-t2, previous=(t:2, i:14), leaderCommit=10, initializing? false, entries: <empty>
2019-09-17 05:59:42,398 [grpc-default-executor-1] INFO  client.GrpcClientProtocolClient (GrpcClientProtocolClient.java:onNext(264)) - client-437EC11F6ED9->3ec0bce2-5a80-4efc-b2ca-bab81cc18a9f: receive RaftClientReply:client-437EC11F6ED9->3ec0bce2-5a80-4efc-b2ca-bab81cc18a9f@group-E2F58C278DC5, cid=21, FAILED org.apache.ratis.protocol.NotLeaderException: Server 3ec0bce2-5a80-4efc-b2ca-bab81cc18a9f@group-E2F58C278DC5 is not the leader f6013552-a382-44c6-bdc3-8253bd9e054c:192.168.34.7:43799, logIndex=0, commits[3ec0bce2-5a80-4efc-b2ca-bab81cc18a9f:c10, f6013552-a382-44c6-bdc3-8253bd9e054c:c10, c5233a29-19a6-42e1-869f-0cfd92a1650c:c6]
2019-09-17 05:59:42,811 [org.apache.ratis.server.impl.LogAppender$AppenderDaemon$$Lambda$508/456872507@26726850] ERROR ratis.XceiverServerRatis (XceiverServerRatis.java:triggerPipelineClose(575)) - pipeline Action CLOSE  on pipeline PipelineID=2e6087e1-ff44-45df-ae3c-e2f58c278dc5.Reason : f6013552-a382-44c6-bdc3-8253bd9e054c has not seen follower/s c5233a29-19a6-42e1-869f-0cfd92a1650c for 172299ms 3ec0bce2-5a80-4efc-b2ca-bab81cc18a9f for 172296ms
2019-09-17 05:59:42,811 [org.apache.ratis.server.impl.LogAppender$AppenderDaemon$$Lambda$508/456872507@4ed7c877] ERROR ratis.XceiverServerRatis (XceiverServerRatis.java:triggerPipelineClose(575)) - pipeline Action CLOSE  on pipeline PipelineID=2e6087e1-ff44-45df-ae3c-e2f58c278dc5.Reason : f6013552-a382-44c6-bdc3-8253bd9e054c has not seen follower/s c5233a29-19a6-42e1-869f-0cfd92a1650c for 172299ms 3ec0bce2-5a80-4efc-b2ca-bab81cc18a9f for 172296ms
2019-09-17 05:59:43,310 [java.util.concurrent.ThreadPoolExecutor$Worker@6f944d64[State = -1, empty queue]] WARN  server.GrpcLogAppender (GrpcLogAppender.java:timeoutAppendRequest(200)) - f6013552-a382-44c6-bdc3-8253bd9e054c@group-E2F58C278DC5->3ec0bce2-5a80-4efc-b2ca-bab81cc18a9f-GrpcLogAppender: appendEntries Timeout, request=f6013552-a382-44c6-bdc3-8253bd9e054c->3ec0bce2-5a80-4efc-b2ca-bab81cc18a9f#82-t2, previous=(t:2, i:14), leaderCommit=10, initializing? false, entries: <empty>
2019-09-17 05:59:43,310 [java.util.concurrent.ThreadPoolExecutor$Worker@bab41d4[State = -1, empty queue]] WARN  server.GrpcLogAppender (GrpcLogAppender.java:timeoutAppendRequest(200)) - f6013552-a382-44c6-bdc3-8253bd9e054c@group-E2F58C278DC5->c5233a29-19a6-42e1-869f-0cfd92a1650c-GrpcLogAppender: appendEntries Timeout, request=f6013552-a382-44c6-bdc3-8253bd9e054c->c5233a29-19a6-42e1-869f-0cfd92a1650c#82-t2, previous=(t:2, i:14), leaderCommit=10, initializing? false, entries: <empty>
2019-09-17 05:59:43,785 [EventQueue-PipelineActionsForPipelineActionHandler] ERROR pipeline.PipelineActionHandler (PipelineActionHandler.java:onMessage(60)) - Received pipeline action CLOSE for Pipeline[ Id: 2e6087e1-ff44-45df-ae3c-e2f58c278dc5, Nodes: c5233a29-19a6-42e1-869f-0cfd92a1650c{ip: 192.168.34.7, host: pr-hdds-2132-5g9kv-3389001449, networkLocation: /default-rack, certSerialId: null}3ec0bce2-5a80-4efc-b2ca-bab81cc18a9f{ip: 192.168.34.7, host: pr-hdds-2132-5g9kv-3389001449, networkLocation: /default-rack, certSerialId: null}f6013552-a382-44c6-bdc3-8253bd9e054c{ip: 192.168.34.7, host: pr-hdds-2132-5g9kv-3389001449, networkLocation: /default-rack, certSerialId: null}, Type:RATIS, Factor:THREE, State:CLOSED] from datanode f6013552-a382-44c6-bdc3-8253bd9e054c{ip: 192.168.34.7, host: pr-hdds-2132-5g9kv-3389001449, networkLocation: /default-rack, certSerialId: null}. Reason : f6013552-a382-44c6-bdc3-8253bd9e054c has not seen follower/s c5233a29-19a6-42e1-869f-0cfd92a1650c for 172299ms 3ec0bce2-5a80-4efc-b2ca-bab81cc18a9f for 172296ms
2019-09-17 05:59:43,785 [EventQueue-PipelineActionsForPipelineActionHandler] INFO  pipeline.SCMPipelineManager (SCMPipelineManager.java:finalizeAndDestroyPipeline(311)) - destroying pipeline:Pipeline[ Id: 2e6087e1-ff44-45df-ae3c-e2f58c278dc5, Nodes: c5233a29-19a6-42e1-869f-0cfd92a1650c{ip: 192.168.34.7, host: pr-hdds-2132-5g9kv-3389001449, networkLocation: /default-rack, certSerialId: null}3ec0bce2-5a80-4efc-b2ca-bab81cc18a9f{ip: 192.168.34.7, host: pr-hdds-2132-5g9kv-3389001449, networkLocation: /default-rack, certSerialId: null}f6013552-a382-44c6-bdc3-8253bd9e054c{ip: 192.168.34.7, host: pr-hdds-2132-5g9kv-3389001449, networkLocation: /default-rack, certSerialId: null}, Type:RATIS, Factor:THREE, State:CLOSED]
2019-09-17 05:59:45,312 [org.apache.ratis.server.impl.LogAppender$AppenderDaemon$$Lambda$508/456872507@4ed7c877] ERROR ratis.XceiverServerRatis (XceiverServerRatis.java:triggerPipelineClose(575)) - pipeline Action CLOSE  on pipeline PipelineID=2e6087e1-ff44-45df-ae3c-e2f58c278dc5.Reason : f6013552-a382-44c6-bdc3-8253bd9e054c has not seen follower/s c5233a29-19a6-42e1-869f-0cfd92a1650c for 174800ms 3ec0bce2-5a80-4efc-b2ca-bab81cc18a9f for 174797ms
2019-09-17 05:59:45,312 [org.apache.ratis.server.impl.LogAppender$AppenderDaemon$$Lambda$508/456872507@26726850] ERROR ratis.XceiverServerRatis (XceiverServerRatis.java:triggerPipelineClose(575)) - pipeline Action CLOSE  on pipeline PipelineID=2e6087e1-ff44-45df-ae3c-e2f58c278dc5.Reason : f6013552-a382-44c6-bdc3-8253bd9e054c has not seen follower/s c5233a29-19a6-42e1-869f-0cfd92a1650c for 174800ms 3ec0bce2-5a80-4efc-b2ca-bab81cc18a9f for 174797ms
2019-09-17 05:59:45,785 [EventQueue-PipelineActionsForPipelineActionHandler] ERROR pipeline.PipelineActionHandler (PipelineActionHandler.java:onMessage(60)) - Received pipeline action CLOSE for Pipeline[ Id: 2e6087e1-ff44-45df-ae3c-e2f58c278dc5, Nodes: c5233a29-19a6-42e1-869f-0cfd92a1650c{ip: 192.168.34.7, host: pr-hdds-2132-5g9kv-3389001449, networkLocation: /default-rack, certSerialId: null}3ec0bce2-5a80-4efc-b2ca-bab81cc18a9f{ip: 192.168.34.7, host: pr-hdds-2132-5g9kv-3389001449, networkLocation: /default-rack, certSerialId: null}f6013552-a382-44c6-bdc3-8253bd9e054c{ip: 192.168.34.7, host: pr-hdds-2132-5g9kv-3389001449, networkLocation: /default-rack, certSerialId: null}, Type:RATIS, Factor:THREE, State:CLOSED] from datanode f6013552-a382-44c6-bdc3-8253bd9e054c{ip: 192.168.34.7, host: pr-hdds-2132-5g9kv-3389001449, networkLocation: /default-rack, certSerialId: null}. Reason : f6013552-a382-44c6-bdc3-8253bd9e054c has not seen follower/s c5233a29-19a6-42e1-869f-0cfd92a1650c for 174800ms 3ec0bce2-5a80-4efc-b2ca-bab81cc18a9f for 174797ms
2019-09-17 05:59:45,785 [EventQueue-PipelineActionsForPipelineActionHandler] INFO  pipeline.SCMPipelineManager (SCMPipelineManager.java:finalizeAndDestroyPipeline(311)) - destroying pipeline:Pipeline[ Id: 2e6087e1-ff44-45df-ae3c-e2f58c278dc5, Nodes: c5233a29-19a6-42e1-869f-0cfd92a1650c{ip: 192.168.34.7, host: pr-hdds-2132-5g9kv-3389001449, networkLocation: /default-rack, certSerialId: null}3ec0bce2-5a80-4efc-b2ca-bab81cc18a9f{ip: 192.168.34.7, host: pr-hdds-2132-5g9kv-3389001449, networkLocation: /default-rack, certSerialId: null}f6013552-a382-44c6-bdc3-8253bd9e054c{ip: 192.168.34.7, host: pr-hdds-2132-5g9kv-3389001449, networkLocation: /default-rack, certSerialId: null}, Type:RATIS, Factor:THREE, State:CLOSED]
2019-09-17 05:59:45,811 [java.util.concurrent.ThreadPoolExecutor$Worker@bab41d4[State = -1, empty queue]] WARN  server.GrpcLogAppender (GrpcLogAppender.java:timeoutAppendRequest(200)) - f6013552-a382-44c6-bdc3-8253bd9e054c@group-E2F58C278DC5->c5233a29-19a6-42e1-869f-0cfd92a1650c-GrpcLogAppender: appendEntries Timeout, request=f6013552-a382-44c6-bdc3-8253bd9e054c->c5233a29-19a6-42e1-869f-0cfd92a1650c#83-t2, previous=(t:2, i:14), leaderCommit=10, initializing? false, entries: <empty>
2019-09-17 05:59:45,811 [java.util.concurrent.ThreadPoolExecutor$Worker@6f944d64[State = -1, empty queue]] WARN  server.GrpcLogAppender (GrpcLogAppender.java:timeoutAppendRequest(200)) - f6013552-a382-44c6-bdc3-8253bd9e054c@group-E2F58C278DC5->3ec0bce2-5a80-4efc-b2ca-bab81cc18a9f-GrpcLogAppender: appendEntries Timeout, request=f6013552-a382-44c6-bdc3-8253bd9e054c->3ec0bce2-5a80-4efc-b2ca-bab81cc18a9f#83-t2, previous=(t:2, i:14), leaderCommit=10, initializing? false, entries: <empty>
2019-09-17 05:59:47,440 [grpc-default-executor-5] INFO  client.GrpcClientProtocolClient (GrpcClientProtocolClient.java:onNext(264)) - client-437EC11F6ED9->c5233a29-19a6-42e1-869f-0cfd92a1650c: receive RaftClientReply:client-437EC11F6ED9->c5233a29-19a6-42e1-869f-0cfd92a1650c@group-E2F58C278DC5, cid=21, FAILED org.apache.ratis.protocol.NotLeaderException: Server c5233a29-19a6-42e1-869f-0cfd92a1650c@group-E2F58C278DC5 is not the leader f6013552-a382-44c6-bdc3-8253bd9e054c:192.168.34.7:43799, logIndex=0, commits[c5233a29-19a6-42e1-869f-0cfd92a1650c:c10, f6013552-a382-44c6-bdc3-8253bd9e054c:c10, 3ec0bce2-5a80-4efc-b2ca-bab81cc18a9f:c6]
2019-09-17 05:59:47,813 [org.apache.ratis.server.impl.LogAppender$AppenderDaemon$$Lambda$508/456872507@4ed7c877] ERROR ratis.XceiverServerRatis (XceiverServerRatis.java:triggerPipelineClose(575)) - pipeline Action CLOSE  on pipeline PipelineID=2e6087e1-ff44-45df-ae3c-e2f58c278dc5.Reason : f6013552-a382-44c6-bdc3-8253bd9e054c has not seen follower/s c5233a29-19a6-42e1-869f-0cfd92a1650c for 177301ms 3ec0bce2-5a80-4efc-b2ca-bab81cc18a9f for 177298ms
2019-09-17 05:59:47,813 [org.apache.ratis.server.impl.LogAppender$AppenderDaemon$$Lambda$508/456872507@26726850] ERROR ratis.XceiverServerRatis (XceiverServerRatis.java:triggerPipelineClose(575)) - pipeline Action CLOSE  on pipeline PipelineID=2e6087e1-ff44-45df-ae3c-e2f58c278dc5.Reason : f6013552-a382-44c6-bdc3-8253bd9e054c has not seen follower/s c5233a29-19a6-42e1-869f-0cfd92a1650c for 177301ms 3ec0bce2-5a80-4efc-b2ca-bab81cc18a9f for 177298ms
2019-09-17 05:59:48,312 [java.util.concurrent.ThreadPoolExecutor$Worker@6f944d64[State = -1, empty queue]] WARN  server.GrpcLogAppender (GrpcLogAppender.java:timeoutAppendRequest(200)) - f6013552-a382-44c6-bdc3-8253bd9e054c@group-E2F58C278DC5->3ec0bce2-5a80-4efc-b2ca-bab81cc18a9f-GrpcLogAppender: appendEntries Timeout, request=f6013552-a382-44c6-bdc3-8253bd9e054c->3ec0bce2-5a80-4efc-b2ca-bab81cc18a9f#84-t2, previous=(t:2, i:14), leaderCommit=10, initializing? false, entries: <empty>
2019-09-17 05:59:48,312 [java.util.concurrent.ThreadPoolExecutor$Worker@bab41d4[State = -1, empty queue]] WARN  server.GrpcLogAppender (GrpcLogAppender.java:timeoutAppendRequest(200)) - f6013552-a382-44c6-bdc3-8253bd9e054c@group-E2F58C278DC5->c5233a29-19a6-42e1-869f-0cfd92a1650c-GrpcLogAppender: appendEntries Timeout, request=f6013552-a382-44c6-bdc3-8253bd9e054c->c5233a29-19a6-42e1-869f-0cfd92a1650c#84-t2, previous=(t:2, i:14), leaderCommit=10, initializing? false, entries: <empty>
2019-09-17 05:59:48,785 [EventQueue-PipelineActionsForPipelineActionHandler] ERROR pipeline.PipelineActionHandler (PipelineActionHandler.java:onMessage(60)) - Received pipeline action CLOSE for Pipeline[ Id: 2e6087e1-ff44-45df-ae3c-e2f58c278dc5, Nodes: c5233a29-19a6-42e1-869f-0cfd92a1650c{ip: 192.168.34.7, host: pr-hdds-2132-5g9kv-3389001449, networkLocation: /default-rack, certSerialId: null}3ec0bce2-5a80-4efc-b2ca-bab81cc18a9f{ip: 192.168.34.7, host: pr-hdds-2132-5g9kv-3389001449, networkLocation: /default-rack, certSerialId: null}f6013552-a382-44c6-bdc3-8253bd9e054c{ip: 192.168.34.7, host: pr-hdds-2132-5g9kv-3389001449, networkLocation: /default-rack, certSerialId: null}, Type:RATIS, Factor:THREE, State:CLOSED] from datanode f6013552-a382-44c6-bdc3-8253bd9e054c{ip: 192.168.34.7, host: pr-hdds-2132-5g9kv-3389001449, networkLocation: /default-rack, certSerialId: null}. Reason : f6013552-a382-44c6-bdc3-8253bd9e054c has not seen follower/s c5233a29-19a6-42e1-869f-0cfd92a1650c for 177301ms 3ec0bce2-5a80-4efc-b2ca-bab81cc18a9f for 177298ms
2019-09-17 05:59:48,786 [EventQueue-PipelineActionsForPipelineActionHandler] INFO  pipeline.SCMPipelineManager (SCMPipelineManager.java:finalizeAndDestroyPipeline(311)) - destroying pipeline:Pipeline[ Id: 2e6087e1-ff44-45df-ae3c-e2f58c278dc5, Nodes: c5233a29-19a6-42e1-869f-0cfd92a1650c{ip: 192.168.34.7, host: pr-hdds-2132-5g9kv-3389001449, networkLocation: /default-rack, certSerialId: null}3ec0bce2-5a80-4efc-b2ca-bab81cc18a9f{ip: 192.168.34.7, host: pr-hdds-2132-5g9kv-3389001449, networkLocation: /default-rack, certSerialId: null}f6013552-a382-44c6-bdc3-8253bd9e054c{ip: 192.168.34.7, host: pr-hdds-2132-5g9kv-3389001449, networkLocation: /default-rack, certSerialId: null}, Type:RATIS, Factor:THREE, State:CLOSED]
2019-09-17 05:59:50,314 [org.apache.ratis.server.impl.LogAppender$AppenderDaemon$$Lambda$508/456872507@4ed7c877] ERROR ratis.XceiverServerRatis (XceiverServerRatis.java:triggerPipelineClose(575)) - pipeline Action CLOSE  on pipeline PipelineID=2e6087e1-ff44-45df-ae3c-e2f58c278dc5.Reason : f6013552-a382-44c6-bdc3-8253bd9e054c has not seen follower/s c5233a29-19a6-42e1-869f-0cfd92a1650c for 179802ms 3ec0bce2-5a80-4efc-b2ca-bab81cc18a9f for 179799ms
2019-09-17 05:59:50,314 [org.apache.ratis.server.impl.LogAppender$AppenderDaemon$$Lambda$508/456872507@26726850] ERROR ratis.XceiverServerRatis (XceiverServerRatis.java:triggerPipelineClose(575)) - pipeline Action CLOSE  on pipeline PipelineID=2e6087e1-ff44-45df-ae3c-e2f58c278dc5.Reason : f6013552-a382-44c6-bdc3-8253bd9e054c has not seen follower/s c5233a29-19a6-42e1-869f-0cfd92a1650c for 179802ms 3ec0bce2-5a80-4efc-b2ca-bab81cc18a9f for 179799ms
2019-09-17 05:59:50,737 [c5233a29-19a6-42e1-869f-0cfd92a1650c@group-E2F58C278DC5-SegmentedRaftLogWorker] WARN  segmented.SegmentedRaftLogWorker (SegmentedRaftLogWorker.java:getFromFuture(90)) - Timeout 17/~
org.apache.ratis.protocol.TimeoutIOException: Timeout 10s: WriteLog:12: (t:2, i:12), STATEMACHINELOGENTRY, client-437EC11F6ED9, cid=22-writeStateMachineData
	at org.apache.ratis.util.IOUtils.getFromFuture(IOUtils.java:87)
	at org.apache.ratis.server.raftlog.segmented.SegmentedRaftLogWorker$StateMachineDataPolicy.getFromFuture(SegmentedRaftLogWorker.java:87)
	at org.apache.ratis.server.raftlog.segmented.SegmentedRaftLogWorker$WriteLog.execute(SegmentedRaftLogWorker.java:477)
	at org.apache.ratis.server.raftlog.segmented.SegmentedRaftLogWorker.run(SegmentedRaftLogWorker.java:289)
	at java.lang.Thread.run(Thread.java:748)
Caused by: java.util.concurrent.TimeoutException
	at java.util.concurrent.CompletableFuture.timedGet(CompletableFuture.java:1771)
	at java.util.concurrent.CompletableFuture.get(CompletableFuture.java:1915)
	at org.apache.ratis.util.IOUtils.getFromFuture(IOUtils.java:79)
	... 4 more
2019-09-17 05:59:50,781 [f6013552-a382-44c6-bdc3-8253bd9e054c@group-E2F58C278DC5-SegmentedRaftLogWorker] WARN  segmented.SegmentedRaftLogWorker (SegmentedRaftLogWorker.java:getFromFuture(90)) - Timeout 17/~
org.apache.ratis.protocol.TimeoutIOException: Timeout 10s: WriteLog:12: (t:2, i:12), STATEMACHINELOGENTRY, client-437EC11F6ED9, cid=22-writeStateMachineData
	at org.apache.ratis.util.IOUtils.getFromFuture(IOUtils.java:87)
	at org.apache.ratis.server.raftlog.segmented.SegmentedRaftLogWorker$StateMachineDataPolicy.getFromFuture(SegmentedRaftLogWorker.java:87)
	at org.apache.ratis.server.raftlog.segmented.SegmentedRaftLogWorker$WriteLog.execute(SegmentedRaftLogWorker.java:477)
	at org.apache.ratis.server.raftlog.segmented.SegmentedRaftLogWorker.run(SegmentedRaftLogWorker.java:289)
	at java.lang.Thread.run(Thread.java:748)
Caused by: java.util.concurrent.TimeoutException
	at java.util.concurrent.CompletableFuture.timedGet(CompletableFuture.java:1771)
	at java.util.concurrent.CompletableFuture.get(CompletableFuture.java:1915)
	at org.apache.ratis.util.IOUtils.getFromFuture(IOUtils.java:79)
	... 4 more
2019-09-17 05:59:50,781 [3ec0bce2-5a80-4efc-b2ca-bab81cc18a9f@group-E2F58C278DC5-SegmentedRaftLogWorker] WARN  segmented.SegmentedRaftLogWorker (SegmentedRaftLogWorker.java:getFromFuture(90)) - Timeout 17/~
org.apache.ratis.protocol.TimeoutIOException: Timeout 10s: WriteLog:12: (t:2, i:12), STATEMACHINELOGENTRY, client-437EC11F6ED9, cid=22-writeStateMachineData
	at org.apache.ratis.util.IOUtils.getFromFuture(IOUtils.java:87)
	at org.apache.ratis.server.raftlog.segmented.SegmentedRaftLogWorker$StateMachineDataPolicy.getFromFuture(SegmentedRaftLogWorker.java:87)
	at org.apache.ratis.server.raftlog.segmented.SegmentedRaftLogWorker$WriteLog.execute(SegmentedRaftLogWorker.java:477)
	at org.apache.ratis.server.raftlog.segmented.SegmentedRaftLogWorker.run(SegmentedRaftLogWorker.java:289)
	at java.lang.Thread.run(Thread.java:748)
Caused by: java.util.concurrent.TimeoutException
	at java.util.concurrent.CompletableFuture.timedGet(CompletableFuture.java:1771)
	at java.util.concurrent.CompletableFuture.get(CompletableFuture.java:1915)
	at org.apache.ratis.util.IOUtils.getFromFuture(IOUtils.java:79)
	... 4 more
2019-09-17 05:59:50,786 [EventQueue-PipelineActionsForPipelineActionHandler] ERROR pipeline.PipelineActionHandler (PipelineActionHandler.java:onMessage(60)) - Received pipeline action CLOSE for Pipeline[ Id: 2e6087e1-ff44-45df-ae3c-e2f58c278dc5, Nodes: c5233a29-19a6-42e1-869f-0cfd92a1650c{ip: 192.168.34.7, host: pr-hdds-2132-5g9kv-3389001449, networkLocation: /default-rack, certSerialId: null}3ec0bce2-5a80-4efc-b2ca-bab81cc18a9f{ip: 192.168.34.7, host: pr-hdds-2132-5g9kv-3389001449, networkLocation: /default-rack, certSerialId: null}f6013552-a382-44c6-bdc3-8253bd9e054c{ip: 192.168.34.7, host: pr-hdds-2132-5g9kv-3389001449, networkLocation: /default-rack, certSerialId: null}, Type:RATIS, Factor:THREE, State:CLOSED] from datanode f6013552-a382-44c6-bdc3-8253bd9e054c{ip: 192.168.34.7, host: pr-hdds-2132-5g9kv-3389001449, networkLocation: /default-rack, certSerialId: null}. Reason : f6013552-a382-44c6-bdc3-8253bd9e054c has not seen follower/s c5233a29-19a6-42e1-869f-0cfd92a1650c for 179802ms 3ec0bce2-5a80-4efc-b2ca-bab81cc18a9f for 179799ms
2019-09-17 05:59:50,786 [EventQueue-PipelineActionsForPipelineActionHandler] INFO  pipeline.SCMPipelineManager (SCMPipelineManager.java:finalizeAndDestroyPipeline(311)) - destroying pipeline:Pipeline[ Id: 2e6087e1-ff44-45df-ae3c-e2f58c278dc5, Nodes: c5233a29-19a6-42e1-869f-0cfd92a1650c{ip: 192.168.34.7, host: pr-hdds-2132-5g9kv-3389001449, networkLocation: /default-rack, certSerialId: null}3ec0bce2-5a80-4efc-b2ca-bab81cc18a9f{ip: 192.168.34.7, host: pr-hdds-2132-5g9kv-3389001449, networkLocation: /default-rack, certSerialId: null}f6013552-a382-44c6-bdc3-8253bd9e054c{ip: 192.168.34.7, host: pr-hdds-2132-5g9kv-3389001449, networkLocation: /default-rack, certSerialId: null}, Type:RATIS, Factor:THREE, State:CLOSED]
2019-09-17 05:59:50,813 [java.util.concurrent.ThreadPoolExecutor$Worker@bab41d4[State = -1, empty queue]] WARN  server.GrpcLogAppender (GrpcLogAppender.java:timeoutAppendRequest(200)) - f6013552-a382-44c6-bdc3-8253bd9e054c@group-E2F58C278DC5->c5233a29-19a6-42e1-869f-0cfd92a1650c-GrpcLogAppender: appendEntries Timeout, request=f6013552-a382-44c6-bdc3-8253bd9e054c->c5233a29-19a6-42e1-869f-0cfd92a1650c#85-t2, previous=(t:2, i:14), leaderCommit=10, initializing? false, entries: <empty>
2019-09-17 05:59:50,813 [java.util.concurrent.ThreadPoolExecutor$Worker@6f944d64[State = -1, empty queue]] WARN  server.GrpcLogAppender (GrpcLogAppender.java:timeoutAppendRequest(200)) - f6013552-a382-44c6-bdc3-8253bd9e054c@group-E2F58C278DC5->3ec0bce2-5a80-4efc-b2ca-bab81cc18a9f-GrpcLogAppender: appendEntries Timeout, request=f6013552-a382-44c6-bdc3-8253bd9e054c->3ec0bce2-5a80-4efc-b2ca-bab81cc18a9f#85-t2, previous=(t:2, i:14), leaderCommit=10, initializing? false, entries: <empty>
2019-09-17 05:59:52,474 [grpc-default-executor-5] INFO  client.GrpcClientProtocolClient (GrpcClientProtocolClient.java:onNext(264)) - client-437EC11F6ED9->c5233a29-19a6-42e1-869f-0cfd92a1650c: receive RaftClientReply:client-437EC11F6ED9->c5233a29-19a6-42e1-869f-0cfd92a1650c@group-E2F58C278DC5, cid=21, FAILED org.apache.ratis.protocol.NotLeaderException: Server c5233a29-19a6-42e1-869f-0cfd92a1650c@group-E2F58C278DC5 is not the leader f6013552-a382-44c6-bdc3-8253bd9e054c:192.168.34.7:43799, logIndex=0, commits[c5233a29-19a6-42e1-869f-0cfd92a1650c:c10, f6013552-a382-44c6-bdc3-8253bd9e054c:c10, 3ec0bce2-5a80-4efc-b2ca-bab81cc18a9f:c6]
2019-09-17 05:59:52,815 [org.apache.ratis.server.impl.LogAppender$AppenderDaemon$$Lambda$508/456872507@4ed7c877] ERROR ratis.XceiverServerRatis (XceiverServerRatis.java:triggerPipelineClose(575)) - pipeline Action CLOSE  on pipeline PipelineID=2e6087e1-ff44-45df-ae3c-e2f58c278dc5.Reason : f6013552-a382-44c6-bdc3-8253bd9e054c has not seen follower/s c5233a29-19a6-42e1-869f-0cfd92a1650c for 182303ms 3ec0bce2-5a80-4efc-b2ca-bab81cc18a9f for 182300ms
2019-09-17 05:59:52,815 [org.apache.ratis.server.impl.LogAppender$AppenderDaemon$$Lambda$508/456872507@26726850] ERROR ratis.XceiverServerRatis (XceiverServerRatis.java:triggerPipelineClose(575)) - pipeline Action CLOSE  on pipeline PipelineID=2e6087e1-ff44-45df-ae3c-e2f58c278dc5.Reason : f6013552-a382-44c6-bdc3-8253bd9e054c has not seen follower/s c5233a29-19a6-42e1-869f-0cfd92a1650c for 182303ms 3ec0bce2-5a80-4efc-b2ca-bab81cc18a9f for 182300ms
2019-09-17 05:59:53,314 [java.util.concurrent.ThreadPoolExecutor$Worker@bab41d4[State = -1, empty queue]] WARN  server.GrpcLogAppender (GrpcLogAppender.java:timeoutAppendRequest(200)) - f6013552-a382-44c6-bdc3-8253bd9e054c@group-E2F58C278DC5->c5233a29-19a6-42e1-869f-0cfd92a1650c-GrpcLogAppender: appendEntries Timeout, request=f6013552-a382-44c6-bdc3-8253bd9e054c->c5233a29-19a6-42e1-869f-0cfd92a1650c#86-t2, previous=(t:2, i:14), leaderCommit=10, initializing? false, entries: <empty>
2019-09-17 05:59:53,314 [java.util.concurrent.ThreadPoolExecutor$Worker@6f944d64[State = -1, empty queue]] WARN  server.GrpcLogAppender (GrpcLogAppender.java:timeoutAppendRequest(200)) - f6013552-a382-44c6-bdc3-8253bd9e054c@group-E2F58C278DC5->3ec0bce2-5a80-4efc-b2ca-bab81cc18a9f-GrpcLogAppender: appendEntries Timeout, request=f6013552-a382-44c6-bdc3-8253bd9e054c->3ec0bce2-5a80-4efc-b2ca-bab81cc18a9f#86-t2, previous=(t:2, i:14), leaderCommit=10, initializing? false, entries: <empty>
2019-09-17 05:59:53,786 [EventQueue-PipelineActionsForPipelineActionHandler] ERROR pipeline.PipelineActionHandler (PipelineActionHandler.java:onMessage(60)) - Received pipeline action CLOSE for Pipeline[ Id: 2e6087e1-ff44-45df-ae3c-e2f58c278dc5, Nodes: c5233a29-19a6-42e1-869f-0cfd92a1650c{ip: 192.168.34.7, host: pr-hdds-2132-5g9kv-3389001449, networkLocation: /default-rack, certSerialId: null}3ec0bce2-5a80-4efc-b2ca-bab81cc18a9f{ip: 192.168.34.7, host: pr-hdds-2132-5g9kv-3389001449, networkLocation: /default-rack, certSerialId: null}f6013552-a382-44c6-bdc3-8253bd9e054c{ip: 192.168.34.7, host: pr-hdds-2132-5g9kv-3389001449, networkLocation: /default-rack, certSerialId: null}, Type:RATIS, Factor:THREE, State:CLOSED] from datanode f6013552-a382-44c6-bdc3-8253bd9e054c{ip: 192.168.34.7, host: pr-hdds-2132-5g9kv-3389001449, networkLocation: /default-rack, certSerialId: null}. Reason : f6013552-a382-44c6-bdc3-8253bd9e054c has not seen follower/s c5233a29-19a6-42e1-869f-0cfd92a1650c for 182303ms 3ec0bce2-5a80-4efc-b2ca-bab81cc18a9f for 182300ms
2019-09-17 05:59:53,787 [EventQueue-PipelineActionsForPipelineActionHandler] INFO  pipeline.SCMPipelineManager (SCMPipelineManager.java:finalizeAndDestroyPipeline(311)) - destroying pipeline:Pipeline[ Id: 2e6087e1-ff44-45df-ae3c-e2f58c278dc5, Nodes: c5233a29-19a6-42e1-869f-0cfd92a1650c{ip: 192.168.34.7, host: pr-hdds-2132-5g9kv-3389001449, networkLocation: /default-rack, certSerialId: null}3ec0bce2-5a80-4efc-b2ca-bab81cc18a9f{ip: 192.168.34.7, host: pr-hdds-2132-5g9kv-3389001449, networkLocation: /default-rack, certSerialId: null}f6013552-a382-44c6-bdc3-8253bd9e054c{ip: 192.168.34.7, host: pr-hdds-2132-5g9kv-3389001449, networkLocation: /default-rack, certSerialId: null}, Type:RATIS, Factor:THREE, State:CLOSED]
2019-09-17 05:59:55,318 [org.apache.ratis.server.impl.LogAppender$AppenderDaemon$$Lambda$508/456872507@26726850] ERROR ratis.XceiverServerRatis (XceiverServerRatis.java:triggerPipelineClose(575)) - pipeline Action CLOSE  on pipeline PipelineID=2e6087e1-ff44-45df-ae3c-e2f58c278dc5.Reason : f6013552-a382-44c6-bdc3-8253bd9e054c has not seen follower/s c5233a29-19a6-42e1-869f-0cfd92a1650c for 184806ms 3ec0bce2-5a80-4efc-b2ca-bab81cc18a9f for 184802ms
2019-09-17 05:59:55,318 [org.apache.ratis.server.impl.LogAppender$AppenderDaemon$$Lambda$508/456872507@4ed7c877] ERROR ratis.XceiverServerRatis (XceiverServerRatis.java:triggerPipelineClose(575)) - pipeline Action CLOSE  on pipeline PipelineID=2e6087e1-ff44-45df-ae3c-e2f58c278dc5.Reason : f6013552-a382-44c6-bdc3-8253bd9e054c has not seen follower/s c5233a29-19a6-42e1-869f-0cfd92a1650c for 184806ms 3ec0bce2-5a80-4efc-b2ca-bab81cc18a9f for 184802ms
2019-09-17 05:59:55,790 [EventQueue-PipelineActionsForPipelineActionHandler] ERROR pipeline.PipelineActionHandler (PipelineActionHandler.java:onMessage(60)) - Received pipeline action CLOSE for Pipeline[ Id: 2e6087e1-ff44-45df-ae3c-e2f58c278dc5, Nodes: c5233a29-19a6-42e1-869f-0cfd92a1650c{ip: 192.168.34.7, host: pr-hdds-2132-5g9kv-3389001449, networkLocation: /default-rack, certSerialId: null}3ec0bce2-5a80-4efc-b2ca-bab81cc18a9f{ip: 192.168.34.7, host: pr-hdds-2132-5g9kv-3389001449, networkLocation: /default-rack, certSerialId: null}f6013552-a382-44c6-bdc3-8253bd9e054c{ip: 192.168.34.7, host: pr-hdds-2132-5g9kv-3389001449, networkLocation: /default-rack, certSerialId: null}, Type:RATIS, Factor:THREE, State:CLOSED] from datanode f6013552-a382-44c6-bdc3-8253bd9e054c{ip: 192.168.34.7, host: pr-hdds-2132-5g9kv-3389001449, networkLocation: /default-rack, certSerialId: null}. Reason : f6013552-a382-44c6-bdc3-8253bd9e054c has not seen follower/s c5233a29-19a6-42e1-869f-0cfd92a1650c for 184806ms 3ec0bce2-5a80-4efc-b2ca-bab81cc18a9f for 184802ms
2019-09-17 05:59:55,792 [EventQueue-PipelineActionsForPipelineActionHandler] INFO  pipeline.SCMPipelineManager (SCMPipelineManager.java:finalizeAndDestroyPipeline(311)) - destroying pipeline:Pipeline[ Id: 2e6087e1-ff44-45df-ae3c-e2f58c278dc5, Nodes: c5233a29-19a6-42e1-869f-0cfd92a1650c{ip: 192.168.34.7, host: pr-hdds-2132-5g9kv-3389001449, networkLocation: /default-rack, certSerialId: null}3ec0bce2-5a80-4efc-b2ca-bab81cc18a9f{ip: 192.168.34.7, host: pr-hdds-2132-5g9kv-3389001449, networkLocation: /default-rack, certSerialId: null}f6013552-a382-44c6-bdc3-8253bd9e054c{ip: 192.168.34.7, host: pr-hdds-2132-5g9kv-3389001449, networkLocation: /default-rack, certSerialId: null}, Type:RATIS, Factor:THREE, State:CLOSED]
2019-09-17 05:59:55,815 [java.util.concurrent.ThreadPoolExecutor$Worker@6f944d64[State = -1, empty queue]] WARN  server.GrpcLogAppender (GrpcLogAppender.java:timeoutAppendRequest(200)) - f6013552-a382-44c6-bdc3-8253bd9e054c@group-E2F58C278DC5->3ec0bce2-5a80-4efc-b2ca-bab81cc18a9f-GrpcLogAppender: appendEntries Timeout, request=f6013552-a382-44c6-bdc3-8253bd9e054c->3ec0bce2-5a80-4efc-b2ca-bab81cc18a9f#87-t2, previous=(t:2, i:14), leaderCommit=10, initializing? false, entries: <empty>
2019-09-17 05:59:55,815 [java.util.concurrent.ThreadPoolExecutor$Worker@bab41d4[State = -1, empty queue]] WARN  server.GrpcLogAppender (GrpcLogAppender.java:timeoutAppendRequest(200)) - f6013552-a382-44c6-bdc3-8253bd9e054c@group-E2F58C278DC5->c5233a29-19a6-42e1-869f-0cfd92a1650c-GrpcLogAppender: appendEntries Timeout, request=f6013552-a382-44c6-bdc3-8253bd9e054c->c5233a29-19a6-42e1-869f-0cfd92a1650c#87-t2, previous=(t:2, i:14), leaderCommit=10, initializing? false, entries: <empty>
2019-09-17 05:59:56,792 [grpc-default-executor-1] INFO  impl.RaftServerProxy (RaftServerProxy.java:remove(95)) - c5233a29-19a6-42e1-869f-0cfd92a1650c: remove  FOLLOWER c5233a29-19a6-42e1-869f-0cfd92a1650c@group-E2F58C278DC5:t2, leader=f6013552-a382-44c6-bdc3-8253bd9e054c, voted=f6013552-a382-44c6-bdc3-8253bd9e054c, raftlog=c5233a29-19a6-42e1-869f-0cfd92a1650c@group-E2F58C278DC5-SegmentedRaftLog:OPENED:c10,f10,i14, conf=0: [f6013552-a382-44c6-bdc3-8253bd9e054c:192.168.34.7:43799, c5233a29-19a6-42e1-869f-0cfd92a1650c:192.168.34.7:33862, 3ec0bce2-5a80-4efc-b2ca-bab81cc18a9f:192.168.34.7:33921], old=null RUNNING
2019-09-17 05:59:56,799 [grpc-default-executor-1] INFO  impl.RaftServerImpl (RaftServerImpl.java:lambda$shutdown$3(251)) - c5233a29-19a6-42e1-869f-0cfd92a1650c@group-E2F58C278DC5: shutdown
2019-09-17 05:59:56,800 [grpc-default-executor-1] INFO  util.JmxRegister (JmxRegister.java:unregister(73)) - Successfully un-registered JMX Bean with object name Ratis:service=RaftServer,group=group-E2F58C278DC5,id=c5233a29-19a6-42e1-869f-0cfd92a1650c
2019-09-17 05:59:56,800 [grpc-default-executor-1] INFO  impl.RoleInfo (RoleInfo.java:shutdownFollowerState(121)) - c5233a29-19a6-42e1-869f-0cfd92a1650c: shutdown FollowerState
2019-09-17 05:59:56,801 [grpc-default-executor-1] INFO  impl.StateMachineUpdater (StateMachineUpdater.java:stopAndJoin(125)) - c5233a29-19a6-42e1-869f-0cfd92a1650c@group-E2F58C278DC5-StateMachineUpdater: set stopIndex = 10
2019-09-17 05:59:56,801 [Thread-345] INFO  impl.FollowerState (FollowerState.java:run(115)) - c5233a29-19a6-42e1-869f-0cfd92a1650c: FollowerState was interrupted: java.lang.InterruptedException: sleep interrupted
2019-09-17 05:59:56,801 [c5233a29-19a6-42e1-869f-0cfd92a1650c@group-E2F58C278DC5-StateMachineUpdater] INFO  ratis.ContainerStateMachine (ContainerStateMachine.java:takeSnapshot(289)) - group-E2F58C278DC5: Taking a snapshot at:(t:2, i:6) file /workdir/hadoop-ozone/integration-test/target/test-dir/MiniOzoneClusterImpl-9c1dcb1a-3312-40b8-b485-08dcdfac2e9c/datanode-3/data/ratis/2e6087e1-ff44-45df-ae3c-e2f58c278dc5/sm/snapshot.2_6
2019-09-17 05:59:56,840 [c5233a29-19a6-42e1-869f-0cfd92a1650c@group-E2F58C278DC5-StateMachineUpdater] INFO  ratis.ContainerStateMachine (ContainerStateMachine.java:takeSnapshot(300)) - group-E2F58C278DC5: Finished taking a snapshot at:(t:2, i:6) file:/workdir/hadoop-ozone/integration-test/target/test-dir/MiniOzoneClusterImpl-9c1dcb1a-3312-40b8-b485-08dcdfac2e9c/datanode-3/data/ratis/2e6087e1-ff44-45df-ae3c-e2f58c278dc5/sm/snapshot.2_6 time:40
2019-09-17 05:59:56,847 [c5233a29-19a6-42e1-869f-0cfd92a1650c@group-E2F58C278DC5-StateMachineUpdater] INFO  impl.StateMachineUpdater (StateMachineUpdater.java:takeSnapshot(258)) - c5233a29-19a6-42e1-869f-0cfd92a1650c@group-E2F58C278DC5-StateMachineUpdater: Took a snapshot at index 6
2019-09-17 05:59:56,849 [c5233a29-19a6-42e1-869f-0cfd92a1650c@group-E2F58C278DC5-StateMachineUpdater] INFO  impl.StateMachineUpdater (StateMachineUpdater.java:lambda$new$0(83)) - c5233a29-19a6-42e1-869f-0cfd92a1650c@group-E2F58C278DC5-StateMachineUpdater: snapshotIndex: updateIncreasingly -1 -> 6
2019-09-17 05:59:56,856 [c5233a29-19a6-42e1-869f-0cfd92a1650c@group-E2F58C278DC5-StateMachineUpdater] INFO  ratis.ContainerStateMachine (ContainerStateMachine.java:takeSnapshot(289)) - group-E2F58C278DC5: Taking a snapshot at:(t:2, i:6) file /workdir/hadoop-ozone/integration-test/target/test-dir/MiniOzoneClusterImpl-9c1dcb1a-3312-40b8-b485-08dcdfac2e9c/datanode-3/data/ratis/2e6087e1-ff44-45df-ae3c-e2f58c278dc5/sm/snapshot.2_6
2019-09-17 05:59:56,869 [c5233a29-19a6-42e1-869f-0cfd92a1650c@group-E2F58C278DC5-StateMachineUpdater] INFO  ratis.ContainerStateMachine (ContainerStateMachine.java:takeSnapshot(300)) - group-E2F58C278DC5: Finished taking a snapshot at:(t:2, i:6) file:/workdir/hadoop-ozone/integration-test/target/test-dir/MiniOzoneClusterImpl-9c1dcb1a-3312-40b8-b485-08dcdfac2e9c/datanode-3/data/ratis/2e6087e1-ff44-45df-ae3c-e2f58c278dc5/sm/snapshot.2_6 time:13
2019-09-17 05:59:56,869 [c5233a29-19a6-42e1-869f-0cfd92a1650c@group-E2F58C278DC5-StateMachineUpdater] INFO  impl.StateMachineUpdater (StateMachineUpdater.java:takeSnapshot(258)) - c5233a29-19a6-42e1-869f-0cfd92a1650c@group-E2F58C278DC5-StateMachineUpdater: Took a snapshot at index 6
2019-09-17 05:59:56,869 [c5233a29-19a6-42e1-869f-0cfd92a1650c@group-E2F58C278DC5-StateMachineUpdater] INFO  impl.StateMachineUpdater (StateMachineUpdater.java:lambda$new$0(83)) - c5233a29-19a6-42e1-869f-0cfd92a1650c@group-E2F58C278DC5-StateMachineUpdater: snapshotIndex: updateIncreasingly 6 -> 6
2019-09-17 05:59:56,870 [grpc-default-executor-1] INFO  impl.RaftServerImpl (ServerState.java:close(385)) - c5233a29-19a6-42e1-869f-0cfd92a1650c@group-E2F58C278DC5: closes. applyIndex: 10
2019-09-17 05:59:56,874 [c5233a29-19a6-42e1-869f-0cfd92a1650c@group-E2F58C278DC5-SegmentedRaftLogWorker] ERROR ratis.XceiverServerRatis (XceiverServerRatis.java:triggerPipelineClose(575)) - pipeline Action CLOSE  on pipeline PipelineID=2e6087e1-ff44-45df-ae3c-e2f58c278dc5.Reason : WriteLog:12: (t:2, i:12), STATEMACHINELOGENTRY, client-437EC11F6ED9, cid=22-writeStateMachineData interrupted.
2019-09-17 05:59:56,877 [EventQueue-PipelineActionsForPipelineActionHandler] ERROR pipeline.PipelineActionHandler (PipelineActionHandler.java:onMessage(60)) - Received pipeline action CLOSE for Pipeline[ Id: 2e6087e1-ff44-45df-ae3c-e2f58c278dc5, Nodes: c5233a29-19a6-42e1-869f-0cfd92a1650c{ip: 192.168.34.7, host: pr-hdds-2132-5g9kv-3389001449, networkLocation: /default-rack, certSerialId: null}3ec0bce2-5a80-4efc-b2ca-bab81cc18a9f{ip: 192.168.34.7, host: pr-hdds-2132-5g9kv-3389001449, networkLocation: /default-rack, certSerialId: null}f6013552-a382-44c6-bdc3-8253bd9e054c{ip: 192.168.34.7, host: pr-hdds-2132-5g9kv-3389001449, networkLocation: /default-rack, certSerialId: null}, Type:RATIS, Factor:THREE, State:CLOSED] from datanode c5233a29-19a6-42e1-869f-0cfd92a1650c{ip: 192.168.34.7, host: pr-hdds-2132-5g9kv-3389001449, networkLocation: /default-rack, certSerialId: null}. Reason : WriteLog:12: (t:2, i:12), STATEMACHINELOGENTRY, client-437EC11F6ED9, cid=22-writeStateMachineData interrupted.
2019-09-17 05:59:56,878 [EventQueue-PipelineActionsForPipelineActionHandler] INFO  pipeline.SCMPipelineManager (SCMPipelineManager.java:finalizeAndDestroyPipeline(311)) - destroying pipeline:Pipeline[ Id: 2e6087e1-ff44-45df-ae3c-e2f58c278dc5, Nodes: c5233a29-19a6-42e1-869f-0cfd92a1650c{ip: 192.168.34.7, host: pr-hdds-2132-5g9kv-3389001449, networkLocation: /default-rack, certSerialId: null}3ec0bce2-5a80-4efc-b2ca-bab81cc18a9f{ip: 192.168.34.7, host: pr-hdds-2132-5g9kv-3389001449, networkLocation: /default-rack, certSerialId: null}f6013552-a382-44c6-bdc3-8253bd9e054c{ip: 192.168.34.7, host: pr-hdds-2132-5g9kv-3389001449, networkLocation: /default-rack, certSerialId: null}, Type:RATIS, Factor:THREE, State:CLOSED]
2019-09-17 05:59:56,879 [grpc-default-executor-1] INFO  segmented.SegmentedRaftLogWorker (SegmentedRaftLogWorker.java:close(228)) - c5233a29-19a6-42e1-869f-0cfd92a1650c@group-E2F58C278DC5-SegmentedRaftLogWorker close()
2019-09-17 05:59:56,891 [grpc-default-executor-1] INFO  interfaces.Container (KeyValueContainer.java:flushAndSyncDB(386)) - Container 2 is synced with bcsId 6.
2019-09-17 05:59:56,892 [grpc-default-executor-1] INFO  interfaces.Container (KeyValueContainer.java:flushAndSyncDB(386)) - Container 2 is synced with bcsId 6.
2019-09-17 05:59:56,901 [EventQueue-IncrementalContainerReportForIncrementalContainerReportHandler] INFO  container.IncrementalContainerReportHandler (AbstractContainerReportHandler.java:updateContainerState(169)) - Moving container #2 to QUASI_CLOSED state, datanode c5233a29-19a6-42e1-869f-0cfd92a1650c{ip: 192.168.34.7, host: pr-hdds-2132-5g9kv-3389001449, networkLocation: /default-rack, certSerialId: null} reported QUASI_CLOSED replica.
2019-09-17 05:59:56,923 [grpc-default-executor-1] INFO  interfaces.Container (KeyValueContainer.java:flushAndSyncDB(386)) - Container 3 is synced with bcsId 0.
2019-09-17 05:59:56,923 [grpc-default-executor-1] INFO  interfaces.Container (KeyValueContainer.java:flushAndSyncDB(386)) - Container 3 is synced with bcsId 0.
2019-09-17 05:59:56,931 [EventQueue-IncrementalContainerReportForIncrementalContainerReportHandler] INFO  container.IncrementalContainerReportHandler (AbstractContainerReportHandler.java:updateContainerState(169)) - Moving container #3 to QUASI_CLOSED state, datanode c5233a29-19a6-42e1-869f-0cfd92a1650c{ip: 192.168.34.7, host: pr-hdds-2132-5g9kv-3389001449, networkLocation: /default-rack, certSerialId: null} reported QUASI_CLOSED replica.
2019-09-17 05:59:56,938 [grpc-default-executor-1] INFO  impl.RaftServerProxy (RaftServerProxy.java:remove(95)) - 3ec0bce2-5a80-4efc-b2ca-bab81cc18a9f: remove  FOLLOWER 3ec0bce2-5a80-4efc-b2ca-bab81cc18a9f@group-E2F58C278DC5:t2, leader=f6013552-a382-44c6-bdc3-8253bd9e054c, voted=f6013552-a382-44c6-bdc3-8253bd9e054c, raftlog=3ec0bce2-5a80-4efc-b2ca-bab81cc18a9f@group-E2F58C278DC5-SegmentedRaftLog:OPENED:c10,f10,i14, conf=0: [f6013552-a382-44c6-bdc3-8253bd9e054c:192.168.34.7:43799, c5233a29-19a6-42e1-869f-0cfd92a1650c:192.168.34.7:33862, 3ec0bce2-5a80-4efc-b2ca-bab81cc18a9f:192.168.34.7:33921], old=null RUNNING
2019-09-17 05:59:56,939 [grpc-default-executor-1] INFO  impl.RaftServerImpl (RaftServerImpl.java:lambda$shutdown$3(251)) - 3ec0bce2-5a80-4efc-b2ca-bab81cc18a9f@group-E2F58C278DC5: shutdown
2019-09-17 05:59:56,939 [grpc-default-executor-1] INFO  util.JmxRegister (JmxRegister.java:unregister(73)) - Successfully un-registered JMX Bean with object name Ratis:service=RaftServer,group=group-E2F58C278DC5,id=3ec0bce2-5a80-4efc-b2ca-bab81cc18a9f
2019-09-17 05:59:56,939 [grpc-default-executor-1] INFO  impl.RoleInfo (RoleInfo.java:shutdownFollowerState(121)) - 3ec0bce2-5a80-4efc-b2ca-bab81cc18a9f: shutdown FollowerState
2019-09-17 05:59:56,939 [grpc-default-executor-1] INFO  impl.StateMachineUpdater (StateMachineUpdater.java:stopAndJoin(125)) - 3ec0bce2-5a80-4efc-b2ca-bab81cc18a9f@group-E2F58C278DC5-StateMachineUpdater: set stopIndex = 10
2019-09-17 05:59:56,940 [Thread-346] INFO  impl.FollowerState (FollowerState.java:run(115)) - 3ec0bce2-5a80-4efc-b2ca-bab81cc18a9f: FollowerState was interrupted: java.lang.InterruptedException: sleep interrupted
2019-09-17 05:59:56,940 [3ec0bce2-5a80-4efc-b2ca-bab81cc18a9f@group-E2F58C278DC5-StateMachineUpdater] INFO  ratis.ContainerStateMachine (ContainerStateMachine.java:takeSnapshot(289)) - group-E2F58C278DC5: Taking a snapshot at:(t:2, i:6) file /workdir/hadoop-ozone/integration-test/target/test-dir/MiniOzoneClusterImpl-9c1dcb1a-3312-40b8-b485-08dcdfac2e9c/datanode-5/data/ratis/2e6087e1-ff44-45df-ae3c-e2f58c278dc5/sm/snapshot.2_6
2019-09-17 05:59:56,943 [3ec0bce2-5a80-4efc-b2ca-bab81cc18a9f@group-E2F58C278DC5-StateMachineUpdater] INFO  ratis.ContainerStateMachine (ContainerStateMachine.java:takeSnapshot(300)) - group-E2F58C278DC5: Finished taking a snapshot at:(t:2, i:6) file:/workdir/hadoop-ozone/integration-test/target/test-dir/MiniOzoneClusterImpl-9c1dcb1a-3312-40b8-b485-08dcdfac2e9c/datanode-5/data/ratis/2e6087e1-ff44-45df-ae3c-e2f58c278dc5/sm/snapshot.2_6 time:4
2019-09-17 05:59:56,944 [3ec0bce2-5a80-4efc-b2ca-bab81cc18a9f@group-E2F58C278DC5-StateMachineUpdater] INFO  impl.StateMachineUpdater (StateMachineUpdater.java:takeSnapshot(258)) - 3ec0bce2-5a80-4efc-b2ca-bab81cc18a9f@group-E2F58C278DC5-StateMachineUpdater: Took a snapshot at index 6
2019-09-17 05:59:56,944 [3ec0bce2-5a80-4efc-b2ca-bab81cc18a9f@group-E2F58C278DC5-StateMachineUpdater] INFO  impl.StateMachineUpdater (StateMachineUpdater.java:lambda$new$0(83)) - 3ec0bce2-5a80-4efc-b2ca-bab81cc18a9f@group-E2F58C278DC5-StateMachineUpdater: snapshotIndex: updateIncreasingly -1 -> 6
2019-09-17 05:59:56,945 [3ec0bce2-5a80-4efc-b2ca-bab81cc18a9f@group-E2F58C278DC5-StateMachineUpdater] INFO  ratis.ContainerStateMachine (ContainerStateMachine.java:takeSnapshot(289)) - group-E2F58C278DC5: Taking a snapshot at:(t:2, i:6) file /workdir/hadoop-ozone/integration-test/target/test-dir/MiniOzoneClusterImpl-9c1dcb1a-3312-40b8-b485-08dcdfac2e9c/datanode-5/data/ratis/2e6087e1-ff44-45df-ae3c-e2f58c278dc5/sm/snapshot.2_6
2019-09-17 05:59:56,951 [3ec0bce2-5a80-4efc-b2ca-bab81cc18a9f@group-E2F58C278DC5-StateMachineUpdater] INFO  ratis.ContainerStateMachine (ContainerStateMachine.java:takeSnapshot(300)) - group-E2F58C278DC5: Finished taking a snapshot at:(t:2, i:6) file:/workdir/hadoop-ozone/integration-test/target/test-dir/MiniOzoneClusterImpl-9c1dcb1a-3312-40b8-b485-08dcdfac2e9c/datanode-5/data/ratis/2e6087e1-ff44-45df-ae3c-e2f58c278dc5/sm/snapshot.2_6 time:6
2019-09-17 05:59:56,951 [3ec0bce2-5a80-4efc-b2ca-bab81cc18a9f@group-E2F58C278DC5-StateMachineUpdater] INFO  impl.StateMachineUpdater (StateMachineUpdater.java:takeSnapshot(258)) - 3ec0bce2-5a80-4efc-b2ca-bab81cc18a9f@group-E2F58C278DC5-StateMachineUpdater: Took a snapshot at index 6
2019-09-17 05:59:56,951 [3ec0bce2-5a80-4efc-b2ca-bab81cc18a9f@group-E2F58C278DC5-StateMachineUpdater] INFO  impl.StateMachineUpdater (StateMachineUpdater.java:lambda$new$0(83)) - 3ec0bce2-5a80-4efc-b2ca-bab81cc18a9f@group-E2F58C278DC5-StateMachineUpdater: snapshotIndex: updateIncreasingly 6 -> 6
2019-09-17 05:59:56,952 [grpc-default-executor-1] INFO  impl.RaftServerImpl (ServerState.java:close(385)) - 3ec0bce2-5a80-4efc-b2ca-bab81cc18a9f@group-E2F58C278DC5: closes. applyIndex: 10
2019-09-17 05:59:56,956 [3ec0bce2-5a80-4efc-b2ca-bab81cc18a9f@group-E2F58C278DC5-SegmentedRaftLogWorker] ERROR ratis.XceiverServerRatis (XceiverServerRatis.java:triggerPipelineClose(575)) - pipeline Action CLOSE  on pipeline PipelineID=2e6087e1-ff44-45df-ae3c-e2f58c278dc5.Reason : WriteLog:12: (t:2, i:12), STATEMACHINELOGENTRY, client-437EC11F6ED9, cid=22-writeStateMachineData interrupted.
2019-09-17 05:59:56,959 [EventQueue-PipelineActionsForPipelineActionHandler] ERROR pipeline.PipelineActionHandler (PipelineActionHandler.java:onMessage(60)) - Received pipeline action CLOSE for Pipeline[ Id: 2e6087e1-ff44-45df-ae3c-e2f58c278dc5, Nodes: c5233a29-19a6-42e1-869f-0cfd92a1650c{ip: 192.168.34.7, host: pr-hdds-2132-5g9kv-3389001449, networkLocation: /default-rack, certSerialId: null}3ec0bce2-5a80-4efc-b2ca-bab81cc18a9f{ip: 192.168.34.7, host: pr-hdds-2132-5g9kv-3389001449, networkLocation: /default-rack, certSerialId: null}f6013552-a382-44c6-bdc3-8253bd9e054c{ip: 192.168.34.7, host: pr-hdds-2132-5g9kv-3389001449, networkLocation: /default-rack, certSerialId: null}, Type:RATIS, Factor:THREE, State:CLOSED] from datanode 3ec0bce2-5a80-4efc-b2ca-bab81cc18a9f{ip: 192.168.34.7, host: pr-hdds-2132-5g9kv-3389001449, networkLocation: /default-rack, certSerialId: null}. Reason : WriteLog:12: (t:2, i:12), STATEMACHINELOGENTRY, client-437EC11F6ED9, cid=22-writeStateMachineData interrupted.
2019-09-17 05:59:56,959 [EventQueue-PipelineActionsForPipelineActionHandler] INFO  pipeline.SCMPipelineManager (SCMPipelineManager.java:finalizeAndDestroyPipeline(311)) - destroying pipeline:Pipeline[ Id: 2e6087e1-ff44-45df-ae3c-e2f58c278dc5, Nodes: c5233a29-19a6-42e1-869f-0cfd92a1650c{ip: 192.168.34.7, host: pr-hdds-2132-5g9kv-3389001449, networkLocation: /default-rack, certSerialId: null}3ec0bce2-5a80-4efc-b2ca-bab81cc18a9f{ip: 192.168.34.7, host: pr-hdds-2132-5g9kv-3389001449, networkLocation: /default-rack, certSerialId: null}f6013552-a382-44c6-bdc3-8253bd9e054c{ip: 192.168.34.7, host: pr-hdds-2132-5g9kv-3389001449, networkLocation: /default-rack, certSerialId: null}, Type:RATIS, Factor:THREE, State:CLOSED]
2019-09-17 05:59:56,961 [grpc-default-executor-1] INFO  segmented.SegmentedRaftLogWorker (SegmentedRaftLogWorker.java:close(228)) - 3ec0bce2-5a80-4efc-b2ca-bab81cc18a9f@group-E2F58C278DC5-SegmentedRaftLogWorker close()
2019-09-17 05:59:56,969 [grpc-default-executor-1] INFO  interfaces.Container (KeyValueContainer.java:flushAndSyncDB(386)) - Container 2 is synced with bcsId 6.
2019-09-17 05:59:56,970 [grpc-default-executor-1] INFO  interfaces.Container (KeyValueContainer.java:flushAndSyncDB(386)) - Container 2 is synced with bcsId 6.
2019-09-17 05:59:56,997 [grpc-default-executor-1] INFO  interfaces.Container (KeyValueContainer.java:flushAndSyncDB(386)) - Container 3 is synced with bcsId 0.
2019-09-17 05:59:56,997 [grpc-default-executor-1] INFO  interfaces.Container (KeyValueContainer.java:flushAndSyncDB(386)) - Container 3 is synced with bcsId 0.
2019-09-17 05:59:57,012 [grpc-default-executor-1] INFO  impl.RaftServerProxy (RaftServerProxy.java:remove(95)) - f6013552-a382-44c6-bdc3-8253bd9e054c: remove    LEADER f6013552-a382-44c6-bdc3-8253bd9e054c@group-E2F58C278DC5:t2, leader=f6013552-a382-44c6-bdc3-8253bd9e054c, voted=f6013552-a382-44c6-bdc3-8253bd9e054c, raftlog=f6013552-a382-44c6-bdc3-8253bd9e054c@group-E2F58C278DC5-SegmentedRaftLog:OPENED:c10,f10,i14, conf=0: [f6013552-a382-44c6-bdc3-8253bd9e054c:192.168.34.7:43799, c5233a29-19a6-42e1-869f-0cfd92a1650c:192.168.34.7:33862, 3ec0bce2-5a80-4efc-b2ca-bab81cc18a9f:192.168.34.7:33921], old=null RUNNING
2019-09-17 05:59:57,012 [grpc-default-executor-1] INFO  impl.RaftServerImpl (RaftServerImpl.java:lambda$shutdown$3(251)) - f6013552-a382-44c6-bdc3-8253bd9e054c@group-E2F58C278DC5: shutdown
2019-09-17 05:59:57,013 [grpc-default-executor-1] INFO  util.JmxRegister (JmxRegister.java:unregister(73)) - Successfully un-registered JMX Bean with object name Ratis:service=RaftServer,group=group-E2F58C278DC5,id=f6013552-a382-44c6-bdc3-8253bd9e054c
2019-09-17 05:59:57,013 [grpc-default-executor-1] INFO  impl.RoleInfo (RoleInfo.java:shutdownLeaderState(104)) - f6013552-a382-44c6-bdc3-8253bd9e054c: shutdown LeaderState
2019-09-17 05:59:57,023 [org.apache.ratis.server.impl.LogAppender$AppenderDaemon$$Lambda$508/456872507@26726850] WARN  server.GrpcLogAppender (GrpcLogAppender.java:mayWait(143)) - f6013552-a382-44c6-bdc3-8253bd9e054c@group-E2F58C278DC5->3ec0bce2-5a80-4efc-b2ca-bab81cc18a9f-GrpcLogAppender: Wait interrupted by java.lang.InterruptedException
2019-09-17 05:59:57,021 [grpc-default-executor-1] INFO  impl.PendingRequests (PendingRequests.java:sendNotLeaderResponses(202)) - f6013552-a382-44c6-bdc3-8253bd9e054c-PendingRequests: sendNotLeaderResponses
2019-09-17 05:59:57,023 [org.apache.ratis.server.impl.LogAppender$AppenderDaemon$$Lambda$508/456872507@4ed7c877] WARN  server.GrpcLogAppender (GrpcLogAppender.java:mayWait(143)) - f6013552-a382-44c6-bdc3-8253bd9e054c@group-E2F58C278DC5->c5233a29-19a6-42e1-869f-0cfd92a1650c-GrpcLogAppender: Wait interrupted by java.lang.InterruptedException
2019-09-17 05:59:57,024 [grpc-default-executor-5] INFO  server.GrpcServerProtocolService (GrpcServerProtocolService.java:onCompleted(113)) - 3ec0bce2-5a80-4efc-b2ca-bab81cc18a9f: Completed APPEND_ENTRIES, lastRequest: f6013552-a382-44c6-bdc3-8253bd9e054c->3ec0bce2-5a80-4efc-b2ca-bab81cc18a9f#88-t2, previous=(t:2, i:14), leaderCommit=10, initializing? false, entries: <empty>
2019-09-17 05:59:57,024 [grpc-default-executor-2] INFO  server.GrpcServerProtocolService (GrpcServerProtocolService.java:onCompleted(113)) - c5233a29-19a6-42e1-869f-0cfd92a1650c: Completed APPEND_ENTRIES, lastRequest: f6013552-a382-44c6-bdc3-8253bd9e054c->c5233a29-19a6-42e1-869f-0cfd92a1650c#88-t2, previous=(t:2, i:14), leaderCommit=10, initializing? false, entries: <empty>
2019-09-17 05:59:57,025 [grpc-default-executor-5] INFO  server.GrpcLogAppender (GrpcLogAppender.java:onCompleted(293)) - f6013552-a382-44c6-bdc3-8253bd9e054c@group-E2F58C278DC5->3ec0bce2-5a80-4efc-b2ca-bab81cc18a9f-AppendLogResponseHandler: follower responses appendEntries COMPLETED
2019-09-17 05:59:57,025 [grpc-default-executor-2] INFO  server.GrpcLogAppender (GrpcLogAppender.java:onCompleted(293)) - f6013552-a382-44c6-bdc3-8253bd9e054c@group-E2F58C278DC5->c5233a29-19a6-42e1-869f-0cfd92a1650c-AppendLogResponseHandler: follower responses appendEntries COMPLETED
2019-09-17 05:59:57,029 [grpc-default-executor-1] INFO  impl.StateMachineUpdater (StateMachineUpdater.java:stopAndJoin(125)) - f6013552-a382-44c6-bdc3-8253bd9e054c@group-E2F58C278DC5-StateMachineUpdater: set stopIndex = 10
2019-09-17 05:59:57,029 [grpc-default-executor-2] INFO  impl.FollowerInfo (FollowerInfo.java:lambda$new$0(51)) - f6013552-a382-44c6-bdc3-8253bd9e054c@group-E2F58C278DC5->c5233a29-19a6-42e1-869f-0cfd92a1650c: nextIndex: updateUnconditionally 15 -> 11
2019-09-17 05:59:57,029 [grpc-default-executor-5] INFO  impl.FollowerInfo (FollowerInfo.java:lambda$new$0(51)) - f6013552-a382-44c6-bdc3-8253bd9e054c@group-E2F58C278DC5->3ec0bce2-5a80-4efc-b2ca-bab81cc18a9f: nextIndex: updateUnconditionally 15 -> 11
2019-09-17 05:59:57,029 [f6013552-a382-44c6-bdc3-8253bd9e054c@group-E2F58C278DC5-StateMachineUpdater] INFO  ratis.ContainerStateMachine (ContainerStateMachine.java:takeSnapshot(289)) - group-E2F58C278DC5: Taking a snapshot at:(t:2, i:10) file /workdir/hadoop-ozone/integration-test/target/test-dir/MiniOzoneClusterImpl-9c1dcb1a-3312-40b8-b485-08dcdfac2e9c/datanode-0/data/ratis/2e6087e1-ff44-45df-ae3c-e2f58c278dc5/sm/snapshot.2_10
2019-09-17 05:59:57,034 [f6013552-a382-44c6-bdc3-8253bd9e054c@group-E2F58C278DC5-StateMachineUpdater] INFO  ratis.ContainerStateMachine (ContainerStateMachine.java:takeSnapshot(300)) - group-E2F58C278DC5: Finished taking a snapshot at:(t:2, i:10) file:/workdir/hadoop-ozone/integration-test/target/test-dir/MiniOzoneClusterImpl-9c1dcb1a-3312-40b8-b485-08dcdfac2e9c/datanode-0/data/ratis/2e6087e1-ff44-45df-ae3c-e2f58c278dc5/sm/snapshot.2_10 time:6
2019-09-17 05:59:57,034 [f6013552-a382-44c6-bdc3-8253bd9e054c@group-E2F58C278DC5-StateMachineUpdater] INFO  impl.StateMachineUpdater (StateMachineUpdater.java:takeSnapshot(258)) - f6013552-a382-44c6-bdc3-8253bd9e054c@group-E2F58C278DC5-StateMachineUpdater: Took a snapshot at index 10
2019-09-17 05:59:57,035 [f6013552-a382-44c6-bdc3-8253bd9e054c@group-E2F58C278DC5-StateMachineUpdater] INFO  impl.StateMachineUpdater (StateMachineUpdater.java:lambda$new$0(83)) - f6013552-a382-44c6-bdc3-8253bd9e054c@group-E2F58C278DC5-StateMachineUpdater: snapshotIndex: updateIncreasingly -1 -> 10
2019-09-17 05:59:57,035 [grpc-default-executor-1] INFO  impl.RaftServerImpl (ServerState.java:close(385)) - f6013552-a382-44c6-bdc3-8253bd9e054c@group-E2F58C278DC5: closes. applyIndex: 10
2019-09-17 05:59:57,036 [Command processor thread] ERROR commandhandler.CloseContainerCommandHandler (CloseContainerCommandHandler.java:handle(125)) - Can't close container #3
java.io.IOException: org.apache.ratis.protocol.GroupMismatchException: f6013552-a382-44c6-bdc3-8253bd9e054c: group-E2F58C278DC5 not found.
	at org.apache.hadoop.ozone.container.common.transport.server.ratis.XceiverServerRatis.submitRequest(XceiverServerRatis.java:502)
	at org.apache.hadoop.ozone.container.common.statemachine.commandhandler.CloseContainerCommandHandler.handle(CloseContainerCommandHandler.java:102)
	at org.apache.hadoop.ozone.container.common.statemachine.commandhandler.CommandDispatcher.handle(CommandDispatcher.java:99)
	at org.apache.hadoop.ozone.container.common.statemachine.DatanodeStateMachine.lambda$initCommandHandlerThread$1(DatanodeStateMachine.java:432)
	at java.lang.Thread.run(Thread.java:748)
Caused by: java.util.concurrent.ExecutionException: org.apache.ratis.protocol.GroupMismatchException: f6013552-a382-44c6-bdc3-8253bd9e054c: group-E2F58C278DC5 not found.
	at java.util.concurrent.CompletableFuture.reportGet(CompletableFuture.java:357)
	at java.util.concurrent.CompletableFuture.get(CompletableFuture.java:1895)
	at org.apache.hadoop.ozone.container.common.transport.server.ratis.XceiverServerRatis.submitRequest(XceiverServerRatis.java:500)
	... 4 more
Caused by: org.apache.ratis.protocol.GroupMismatchException: f6013552-a382-44c6-bdc3-8253bd9e054c: group-E2F58C278DC5 not found.
	at org.apache.ratis.server.impl.RaftServerProxy$ImplMap.get(RaftServerProxy.java:122)
	at org.apache.ratis.server.impl.RaftServerProxy.getImplFuture(RaftServerProxy.java:269)
	at org.apache.ratis.server.impl.RaftServerProxy.submitRequest(RaftServerProxy.java:327)
	at org.apache.ratis.server.impl.RaftServerProxy.submitClientRequestAsync(RaftServerProxy.java:333)
	... 5 more
2019-09-17 05:59:57,036 [f6013552-a382-44c6-bdc3-8253bd9e054c@group-E2F58C278DC5-SegmentedRaftLogWorker] ERROR ratis.XceiverServerRatis (XceiverServerRatis.java:triggerPipelineClose(575)) - pipeline Action CLOSE  on pipeline PipelineID=2e6087e1-ff44-45df-ae3c-e2f58c278dc5.Reason : WriteLog:12: (t:2, i:12), STATEMACHINELOGENTRY, client-437EC11F6ED9, cid=22-writeStateMachineData interrupted.
2019-09-17 05:59:57,036 [EventQueue-PipelineActionsForPipelineActionHandler] ERROR pipeline.PipelineActionHandler (PipelineActionHandler.java:onMessage(60)) - Received pipeline action CLOSE for Pipeline[ Id: 2e6087e1-ff44-45df-ae3c-e2f58c278dc5, Nodes: c5233a29-19a6-42e1-869f-0cfd92a1650c{ip: 192.168.34.7, host: pr-hdds-2132-5g9kv-3389001449, networkLocation: /default-rack, certSerialId: null}3ec0bce2-5a80-4efc-b2ca-bab81cc18a9f{ip: 192.168.34.7, host: pr-hdds-2132-5g9kv-3389001449, networkLocation: /default-rack, certSerialId: null}f6013552-a382-44c6-bdc3-8253bd9e054c{ip: 192.168.34.7, host: pr-hdds-2132-5g9kv-3389001449, networkLocation: /default-rack, certSerialId: null}, Type:RATIS, Factor:THREE, State:CLOSED] from datanode f6013552-a382-44c6-bdc3-8253bd9e054c{ip: 192.168.34.7, host: pr-hdds-2132-5g9kv-3389001449, networkLocation: /default-rack, certSerialId: null}. Reason : WriteLog:12: (t:2, i:12), STATEMACHINELOGENTRY, client-437EC11F6ED9, cid=22-writeStateMachineData interrupted.
2019-09-17 05:59:57,039 [EventQueue-PipelineActionsForPipelineActionHandler] INFO  pipeline.SCMPipelineManager (SCMPipelineManager.java:finalizeAndDestroyPipeline(311)) - destroying pipeline:Pipeline[ Id: 2e6087e1-ff44-45df-ae3c-e2f58c278dc5, Nodes: c5233a29-19a6-42e1-869f-0cfd92a1650c{ip: 192.168.34.7, host: pr-hdds-2132-5g9kv-3389001449, networkLocation: /default-rack, certSerialId: null}3ec0bce2-5a80-4efc-b2ca-bab81cc18a9f{ip: 192.168.34.7, host: pr-hdds-2132-5g9kv-3389001449, networkLocation: /default-rack, certSerialId: null}f6013552-a382-44c6-bdc3-8253bd9e054c{ip: 192.168.34.7, host: pr-hdds-2132-5g9kv-3389001449, networkLocation: /default-rack, certSerialId: null}, Type:RATIS, Factor:THREE, State:CLOSED]
2019-09-17 05:59:57,040 [grpc-default-executor-1] INFO  segmented.SegmentedRaftLogWorker (SegmentedRaftLogWorker.java:close(228)) - f6013552-a382-44c6-bdc3-8253bd9e054c@group-E2F58C278DC5-SegmentedRaftLogWorker close()
2019-09-17 05:59:57,047 [grpc-default-executor-1] INFO  interfaces.Container (KeyValueContainer.java:flushAndSyncDB(386)) - Container 2 is synced with bcsId 6.
2019-09-17 05:59:57,048 [grpc-default-executor-1] INFO  interfaces.Container (KeyValueContainer.java:flushAndSyncDB(386)) - Container 2 is synced with bcsId 6.
2019-09-17 05:59:57,074 [grpc-default-executor-1] INFO  interfaces.Container (KeyValueContainer.java:flushAndSyncDB(386)) - Container 3 is synced with bcsId 0.
2019-09-17 05:59:57,074 [grpc-default-executor-1] INFO  interfaces.Container (KeyValueContainer.java:flushAndSyncDB(386)) - Container 3 is synced with bcsId 0.
2019-09-17 05:59:57,082 [RatisPipelineUtilsThread] INFO  pipeline.PipelineStateManager (PipelineStateManager.java:removePipeline(108)) - Pipeline Pipeline[ Id: 2e6087e1-ff44-45df-ae3c-e2f58c278dc5, Nodes: c5233a29-19a6-42e1-869f-0cfd92a1650c{ip: 192.168.34.7, host: pr-hdds-2132-5g9kv-3389001449, networkLocation: /default-rack, certSerialId: null}3ec0bce2-5a80-4efc-b2ca-bab81cc18a9f{ip: 192.168.34.7, host: pr-hdds-2132-5g9kv-3389001449, networkLocation: /default-rack, certSerialId: null}f6013552-a382-44c6-bdc3-8253bd9e054c{ip: 192.168.34.7, host: pr-hdds-2132-5g9kv-3389001449, networkLocation: /default-rack, certSerialId: null}, Type:RATIS, Factor:THREE, State:CLOSED] removed from db
2019-09-17 05:59:57,100 [grpc-default-executor-1] INFO  impl.RaftServerProxy (RaftServerProxy.java:addNew(89)) - 3ec0bce2-5a80-4efc-b2ca-bab81cc18a9f: addNew group-CBF25E866EAA:[f6013552-a382-44c6-bdc3-8253bd9e054c:192.168.34.7:43799, c5233a29-19a6-42e1-869f-0cfd92a1650c:192.168.34.7:33862, 3ec0bce2-5a80-4efc-b2ca-bab81cc18a9f:192.168.34.7:33921] returns group-CBF25E866EAA:java.util.concurrent.CompletableFuture@394a9f6b[Not completed]
2019-09-17 05:59:57,100 [grpc-default-executor-5] INFO  impl.RaftServerProxy (RaftServerProxy.java:addNew(89)) - f6013552-a382-44c6-bdc3-8253bd9e054c: addNew group-CBF25E866EAA:[f6013552-a382-44c6-bdc3-8253bd9e054c:192.168.34.7:43799, c5233a29-19a6-42e1-869f-0cfd92a1650c:192.168.34.7:33862, 3ec0bce2-5a80-4efc-b2ca-bab81cc18a9f:192.168.34.7:33921] returns group-CBF25E866EAA:java.util.concurrent.CompletableFuture@38aeea5b[Not completed]
2019-09-17 05:59:57,100 [grpc-default-executor-2] INFO  impl.RaftServerProxy (RaftServerProxy.java:addNew(89)) - c5233a29-19a6-42e1-869f-0cfd92a1650c: addNew group-CBF25E866EAA:[f6013552-a382-44c6-bdc3-8253bd9e054c:192.168.34.7:43799, c5233a29-19a6-42e1-869f-0cfd92a1650c:192.168.34.7:33862, 3ec0bce2-5a80-4efc-b2ca-bab81cc18a9f:192.168.34.7:33921] returns group-CBF25E866EAA:java.util.concurrent.CompletableFuture@2faeab21[Not completed]
2019-09-17 05:59:57,103 [pool-57-thread-1] INFO  impl.RaftServerImpl (RaftServerImpl.java:<init>(95)) - c5233a29-19a6-42e1-869f-0cfd92a1650c: new RaftServerImpl for group-CBF25E866EAA:[f6013552-a382-44c6-bdc3-8253bd9e054c:192.168.34.7:43799, c5233a29-19a6-42e1-869f-0cfd92a1650c:192.168.34.7:33862, 3ec0bce2-5a80-4efc-b2ca-bab81cc18a9f:192.168.34.7:33921] with ContainerStateMachine:uninitialized
2019-09-17 05:59:57,103 [pool-57-thread-1] INFO  server.RaftServerConfigKeys (ConfUtils.java:logGet(43)) - raft.server.rpc.timeout.min = 5s (custom)
2019-09-17 05:59:57,103 [pool-57-thread-1] INFO  server.RaftServerConfigKeys (ConfUtils.java:logGet(43)) - raft.server.rpc.timeout.max = 5200ms (custom)
2019-09-17 05:59:57,103 [pool-57-thread-1] INFO  server.RaftServerConfigKeys (ConfUtils.java:logGet(43)) - raft.server.rpcslowness.timeout = 120s (custom)
2019-09-17 05:59:57,103 [pool-57-thread-1] INFO  server.RaftServerConfigKeys (ConfUtils.java:logGet(43)) - raft.server.sleep.deviation.threshold = 300 (default)
2019-09-17 05:59:57,104 [pool-57-thread-1] INFO  server.RaftServerConfigKeys (ConfUtils.java:logGet(43)) - raft.server.log.appender.install.snapshot.enabled = false (custom)
2019-09-17 05:59:57,104 [pool-57-thread-1] INFO  impl.RaftServerImpl (ServerState.java:<init>(103)) - c5233a29-19a6-42e1-869f-0cfd92a1650c@group-CBF25E866EAA: ConfigurationManager, init=-1: [f6013552-a382-44c6-bdc3-8253bd9e054c:192.168.34.7:43799, c5233a29-19a6-42e1-869f-0cfd92a1650c:192.168.34.7:33862, 3ec0bce2-5a80-4efc-b2ca-bab81cc18a9f:192.168.34.7:33921], old=null, confs=<EMPTY_MAP>
2019-09-17 05:59:57,104 [pool-27-thread-1] INFO  impl.RaftServerImpl (RaftServerImpl.java:<init>(95)) - f6013552-a382-44c6-bdc3-8253bd9e054c: new RaftServerImpl for group-CBF25E866EAA:[f6013552-a382-44c6-bdc3-8253bd9e054c:192.168.34.7:43799, c5233a29-19a6-42e1-869f-0cfd92a1650c:192.168.34.7:33862, 3ec0bce2-5a80-4efc-b2ca-bab81cc18a9f:192.168.34.7:33921] with ContainerStateMachine:uninitialized
2019-09-17 05:59:57,104 [pool-27-thread-1] INFO  server.RaftServerConfigKeys (ConfUtils.java:logGet(43)) - raft.server.rpc.timeout.min = 5s (custom)
2019-09-17 05:59:57,104 [pool-57-thread-1] INFO  server.RaftServerConfigKeys (ConfUtils.java:logGet(43)) - raft.server.storage.dir = [/workdir/hadoop-ozone/integration-test/target/test-dir/MiniOzoneClusterImpl-9c1dcb1a-3312-40b8-b485-08dcdfac2e9c/datanode-3/data/ratis] (custom)
2019-09-17 05:59:57,104 [pool-27-thread-1] INFO  server.RaftServerConfigKeys (ConfUtils.java:logGet(43)) - raft.server.rpc.timeout.max = 5200ms (custom)
2019-09-17 05:59:57,104 [pool-27-thread-1] INFO  server.RaftServerConfigKeys (ConfUtils.java:logGet(43)) - raft.server.rpcslowness.timeout = 120s (custom)
2019-09-17 05:59:57,105 [pool-27-thread-1] INFO  server.RaftServerConfigKeys (ConfUtils.java:logGet(43)) - raft.server.sleep.deviation.threshold = 300 (default)
2019-09-17 05:59:57,105 [pool-57-thread-1] INFO  storage.RaftStorageDirectory (RaftStorageDirectory.java:analyzeStorage(246)) - The storage directory /workdir/hadoop-ozone/integration-test/target/test-dir/MiniOzoneClusterImpl-9c1dcb1a-3312-40b8-b485-08dcdfac2e9c/datanode-3/data/ratis/28c3b40f-4470-4af7-82e9-cbf25e866eaa does not exist. Creating ...
2019-09-17 05:59:57,105 [pool-77-thread-1] INFO  impl.RaftServerImpl (RaftServerImpl.java:<init>(95)) - 3ec0bce2-5a80-4efc-b2ca-bab81cc18a9f: new RaftServerImpl for group-CBF25E866EAA:[f6013552-a382-44c6-bdc3-8253bd9e054c:192.168.34.7:43799, c5233a29-19a6-42e1-869f-0cfd92a1650c:192.168.34.7:33862, 3ec0bce2-5a80-4efc-b2ca-bab81cc18a9f:192.168.34.7:33921] with ContainerStateMachine:uninitialized
2019-09-17 05:59:57,105 [pool-27-thread-1] INFO  server.RaftServerConfigKeys (ConfUtils.java:logGet(43)) - raft.server.log.appender.install.snapshot.enabled = false (custom)
2019-09-17 05:59:57,105 [pool-77-thread-1] INFO  server.RaftServerConfigKeys (ConfUtils.java:logGet(43)) - raft.server.rpc.timeout.min = 5s (custom)
2019-09-17 05:59:57,105 [pool-27-thread-1] INFO  impl.RaftServerImpl (ServerState.java:<init>(103)) - f6013552-a382-44c6-bdc3-8253bd9e054c@group-CBF25E866EAA: ConfigurationManager, init=-1: [f6013552-a382-44c6-bdc3-8253bd9e054c:192.168.34.7:43799, c5233a29-19a6-42e1-869f-0cfd92a1650c:192.168.34.7:33862, 3ec0bce2-5a80-4efc-b2ca-bab81cc18a9f:192.168.34.7:33921], old=null, confs=<EMPTY_MAP>
2019-09-17 05:59:57,105 [pool-77-thread-1] INFO  server.RaftServerConfigKeys (ConfUtils.java:logGet(43)) - raft.server.rpc.timeout.max = 5200ms (custom)
2019-09-17 05:59:57,105 [pool-27-thread-1] INFO  server.RaftServerConfigKeys (ConfUtils.java:logGet(43)) - raft.server.storage.dir = [/workdir/hadoop-ozone/integration-test/target/test-dir/MiniOzoneClusterImpl-9c1dcb1a-3312-40b8-b485-08dcdfac2e9c/datanode-0/data/ratis] (custom)
2019-09-17 05:59:57,106 [pool-77-thread-1] INFO  server.RaftServerConfigKeys (ConfUtils.java:logGet(43)) - raft.server.rpcslowness.timeout = 120s (custom)
2019-09-17 05:59:57,106 [pool-77-thread-1] INFO  server.RaftServerConfigKeys (ConfUtils.java:logGet(43)) - raft.server.sleep.deviation.threshold = 300 (default)
2019-09-17 05:59:57,106 [pool-27-thread-1] INFO  storage.RaftStorageDirectory (RaftStorageDirectory.java:analyzeStorage(246)) - The storage directory /workdir/hadoop-ozone/integration-test/target/test-dir/MiniOzoneClusterImpl-9c1dcb1a-3312-40b8-b485-08dcdfac2e9c/datanode-0/data/ratis/28c3b40f-4470-4af7-82e9-cbf25e866eaa does not exist. Creating ...
2019-09-17 05:59:57,106 [pool-77-thread-1] INFO  server.RaftServerConfigKeys (ConfUtils.java:logGet(43)) - raft.server.log.appender.install.snapshot.enabled = false (custom)
2019-09-17 05:59:57,106 [pool-77-thread-1] INFO  impl.RaftServerImpl (ServerState.java:<init>(103)) - 3ec0bce2-5a80-4efc-b2ca-bab81cc18a9f@group-CBF25E866EAA: ConfigurationManager, init=-1: [f6013552-a382-44c6-bdc3-8253bd9e054c:192.168.34.7:43799, c5233a29-19a6-42e1-869f-0cfd92a1650c:192.168.34.7:33862, 3ec0bce2-5a80-4efc-b2ca-bab81cc18a9f:192.168.34.7:33921], old=null, confs=<EMPTY_MAP>
2019-09-17 05:59:57,106 [pool-77-thread-1] INFO  server.RaftServerConfigKeys (ConfUtils.java:logGet(43)) - raft.server.storage.dir = [/workdir/hadoop-ozone/integration-test/target/test-dir/MiniOzoneClusterImpl-9c1dcb1a-3312-40b8-b485-08dcdfac2e9c/datanode-5/data/ratis] (custom)
2019-09-17 05:59:57,107 [pool-77-thread-1] INFO  storage.RaftStorageDirectory (RaftStorageDirectory.java:analyzeStorage(246)) - The storage directory /workdir/hadoop-ozone/integration-test/target/test-dir/MiniOzoneClusterImpl-9c1dcb1a-3312-40b8-b485-08dcdfac2e9c/datanode-5/data/ratis/28c3b40f-4470-4af7-82e9-cbf25e866eaa does not exist. Creating ...
2019-09-17 05:59:57,109 [pool-57-thread-1] INFO  storage.RaftStorageDirectory (RaftStorageDirectory.java:tryLock(328)) - Lock on /workdir/hadoop-ozone/integration-test/target/test-dir/MiniOzoneClusterImpl-9c1dcb1a-3312-40b8-b485-08dcdfac2e9c/datanode-3/data/ratis/28c3b40f-4470-4af7-82e9-cbf25e866eaa/in_use.lock acquired by nodename 8438@pr-hdds-2132-5g9kv-3389001449
2019-09-17 05:59:57,109 [pool-27-thread-1] INFO  storage.RaftStorageDirectory (RaftStorageDirectory.java:tryLock(328)) - Lock on /workdir/hadoop-ozone/integration-test/target/test-dir/MiniOzoneClusterImpl-9c1dcb1a-3312-40b8-b485-08dcdfac2e9c/datanode-0/data/ratis/28c3b40f-4470-4af7-82e9-cbf25e866eaa/in_use.lock acquired by nodename 8438@pr-hdds-2132-5g9kv-3389001449
2019-09-17 05:59:57,112 [pool-77-thread-1] INFO  storage.RaftStorageDirectory (RaftStorageDirectory.java:tryLock(328)) - Lock on /workdir/hadoop-ozone/integration-test/target/test-dir/MiniOzoneClusterImpl-9c1dcb1a-3312-40b8-b485-08dcdfac2e9c/datanode-5/data/ratis/28c3b40f-4470-4af7-82e9-cbf25e866eaa/in_use.lock acquired by nodename 8438@pr-hdds-2132-5g9kv-3389001449
2019-09-17 05:59:57,117 [pool-57-thread-1] INFO  storage.RaftStorage (RaftStorage.java:format(72)) - Storage directory /workdir/hadoop-ozone/integration-test/target/test-dir/MiniOzoneClusterImpl-9c1dcb1a-3312-40b8-b485-08dcdfac2e9c/datanode-3/data/ratis/28c3b40f-4470-4af7-82e9-cbf25e866eaa has been successfully formatted.
2019-09-17 05:59:57,117 [pool-27-thread-1] INFO  storage.RaftStorage (RaftStorage.java:format(72)) - Storage directory /workdir/hadoop-ozone/integration-test/target/test-dir/MiniOzoneClusterImpl-9c1dcb1a-3312-40b8-b485-08dcdfac2e9c/datanode-0/data/ratis/28c3b40f-4470-4af7-82e9-cbf25e866eaa has been successfully formatted.
2019-09-17 05:59:57,117 [pool-57-thread-1] INFO  ratis.ContainerStateMachine (ContainerStateMachine.java:loadSnapshot(230)) - group-CBF25E866EAA: The snapshot info is null. Setting the last applied indexto:(t:0, i:~)
2019-09-17 05:59:57,118 [pool-57-thread-1] INFO  server.RaftServerConfigKeys (ConfUtils.java:logGet(43)) - raft.server.notification.no-leader.timeout = 120s (custom)
2019-09-17 05:59:57,118 [pool-57-thread-1] INFO  server.RaftServerConfigKeys (ConfUtils.java:logGet(43)) - raft.server.log.use.memory = false (default)
2019-09-17 05:59:57,118 [pool-27-thread-1] INFO  ratis.ContainerStateMachine (ContainerStateMachine.java:loadSnapshot(230)) - group-CBF25E866EAA: The snapshot info is null. Setting the last applied indexto:(t:0, i:~)
2019-09-17 05:59:57,118 [pool-57-thread-1] INFO  server.RaftServerConfigKeys (ConfUtils.java:logGet(43)) - raft.server.log.purge.gap = 1000000 (custom)
2019-09-17 05:59:57,119 [pool-77-thread-1] INFO  storage.RaftStorage (RaftStorage.java:format(72)) - Storage directory /workdir/hadoop-ozone/integration-test/target/test-dir/MiniOzoneClusterImpl-9c1dcb1a-3312-40b8-b485-08dcdfac2e9c/datanode-5/data/ratis/28c3b40f-4470-4af7-82e9-cbf25e866eaa has been successfully formatted.
2019-09-17 05:59:57,119 [pool-77-thread-1] INFO  ratis.ContainerStateMachine (ContainerStateMachine.java:loadSnapshot(230)) - group-CBF25E866EAA: The snapshot info is null. Setting the last applied indexto:(t:0, i:~)
2019-09-17 05:59:57,119 [pool-77-thread-1] INFO  server.RaftServerConfigKeys (ConfUtils.java:logGet(43)) - raft.server.notification.no-leader.timeout = 120s (custom)
2019-09-17 05:59:57,120 [pool-77-thread-1] INFO  server.RaftServerConfigKeys (ConfUtils.java:logGet(43)) - raft.server.log.use.memory = false (default)
2019-09-17 05:59:57,120 [pool-77-thread-1] INFO  server.RaftServerConfigKeys (ConfUtils.java:logGet(43)) - raft.server.log.purge.gap = 1000000 (custom)
2019-09-17 05:59:57,120 [pool-77-thread-1] INFO  server.RaftServerConfigKeys (ConfUtils.java:logGet(43)) - raft.server.log.appender.buffer.byte-limit = 33554432 (custom)
2019-09-17 05:59:57,120 [pool-77-thread-1] INFO  server.RaftServerConfigKeys (ConfUtils.java:logGet(43)) - raft.server.log.segment.size.max = 1048576 (custom)
2019-09-17 05:59:57,121 [pool-77-thread-1] INFO  server.RaftServerConfigKeys (ConfUtils.java:logGet(43)) - raft.server.log.segment.cache.num.max = 2 (custom)
2019-09-17 05:59:57,121 [pool-77-thread-1] INFO  segmented.SegmentedRaftLogWorker (SegmentedRaftLogWorker.java:<init>(172)) - new 3ec0bce2-5a80-4efc-b2ca-bab81cc18a9f@group-CBF25E866EAA-SegmentedRaftLogWorker for RaftStorage:Storage Directory /workdir/hadoop-ozone/integration-test/target/test-dir/MiniOzoneClusterImpl-9c1dcb1a-3312-40b8-b485-08dcdfac2e9c/datanode-5/data/ratis/28c3b40f-4470-4af7-82e9-cbf25e866eaa
2019-09-17 05:59:57,121 [pool-77-thread-1] INFO  server.RaftServerConfigKeys (ConfUtils.java:logGet(43)) - raft.server.log.queue.byte-limit = 2147483647 (custom)
2019-09-17 05:59:57,121 [pool-77-thread-1] INFO  server.RaftServerConfigKeys (ConfUtils.java:logGet(43)) - raft.server.log.queue.element-limit = 1024 (custom)
2019-09-17 05:59:57,122 [pool-77-thread-1] INFO  server.RaftServerConfigKeys (ConfUtils.java:logGet(43)) - raft.server.log.segment.size.max = 1048576 (custom)
2019-09-17 05:59:57,122 [pool-77-thread-1] INFO  server.RaftServerConfigKeys (ConfUtils.java:logGet(43)) - raft.server.log.preallocated.size = 16384 (custom)
2019-09-17 05:59:57,122 [pool-77-thread-1] INFO  server.RaftServerConfigKeys (ConfUtils.java:logGet(43)) - raft.server.log.write.buffer.size = 33554432 (custom)
2019-09-17 05:59:57,122 [pool-77-thread-1] INFO  server.RaftServerConfigKeys (ConfUtils.java:logGet(43)) - raft.server.log.force.sync.num = 128 (default)
2019-09-17 05:59:57,123 [pool-77-thread-1] INFO  server.RaftServerConfigKeys (ConfUtils.java:logGet(43)) - raft.server.log.statemachine.data.sync = true (default)
2019-09-17 05:59:57,123 [pool-77-thread-1] INFO  server.RaftServerConfigKeys (ConfUtils.java:logGet(43)) - raft.server.log.statemachine.data.sync.timeout = 10s (default)
2019-09-17 05:59:57,123 [pool-77-thread-1] INFO  server.RaftServerConfigKeys (ConfUtils.java:logGet(43)) - raft.server.log.statemachine.data.sync.timeout.retry = -1 (default)
2019-09-17 05:59:57,123 [pool-77-thread-1] INFO  server.RaftServerConfigKeys (ConfUtils.java:logGet(43)) - raft.server.log.statemachine.data.caching.enabled = true (custom)
2019-09-17 05:59:57,124 [pool-77-thread-1] INFO  segmented.SegmentedRaftLogWorker (SegmentedRaftLogWorker.java:lambda$new$0(132)) - 3ec0bce2-5a80-4efc-b2ca-bab81cc18a9f@group-CBF25E866EAA-SegmentedRaftLogWorker: flushIndex: setUnconditionally 0 -> -1
2019-09-17 05:59:57,119 [pool-27-thread-1] INFO  server.RaftServerConfigKeys (ConfUtils.java:logGet(43)) - raft.server.notification.no-leader.timeout = 120s (custom)
2019-09-17 05:59:57,119 [pool-57-thread-1] INFO  server.RaftServerConfigKeys (ConfUtils.java:logGet(43)) - raft.server.log.appender.buffer.byte-limit = 33554432 (custom)
2019-09-17 05:59:57,125 [pool-27-thread-1] INFO  server.RaftServerConfigKeys (ConfUtils.java:logGet(43)) - raft.server.log.use.memory = false (default)
2019-09-17 05:59:57,126 [pool-57-thread-1] INFO  server.RaftServerConfigKeys (ConfUtils.java:logGet(43)) - raft.server.log.segment.size.max = 1048576 (custom)
2019-09-17 05:59:57,126 [pool-77-thread-1] INFO  server.RaftServerConfigKeys (ConfUtils.java:logGet(43)) - raft.server.snapshot.auto.trigger.enabled = true (custom)
2019-09-17 05:59:57,127 [pool-77-thread-1] INFO  server.RaftServerConfigKeys (ConfUtils.java:logGet(43)) - raft.server.snapshot.auto.trigger.threshold = 10000 (custom)
2019-09-17 05:59:57,127 [pool-77-thread-1] INFO  server.RaftServerConfigKeys (ConfUtils.java:logGet(43)) - raft.server.snapshot.retention.num.files = 5 (custom)
2019-09-17 05:59:57,127 [pool-77-thread-1] INFO  server.RaftServerConfigKeys (ConfUtils.java:logGet(43)) - raft.server.retrycache.expirytime = 600000ms (custom)
2019-09-17 05:59:57,126 [pool-27-thread-1] INFO  server.RaftServerConfigKeys (ConfUtils.java:logGet(43)) - raft.server.log.purge.gap = 1000000 (custom)
2019-09-17 05:59:57,126 [pool-57-thread-1] INFO  server.RaftServerConfigKeys (ConfUtils.java:logGet(43)) - raft.server.log.segment.cache.num.max = 2 (custom)
2019-09-17 05:59:57,129 [pool-27-thread-1] INFO  server.RaftServerConfigKeys (ConfUtils.java:logGet(43)) - raft.server.log.appender.buffer.byte-limit = 33554432 (custom)
2019-09-17 05:59:57,129 [pool-57-thread-1] INFO  segmented.SegmentedRaftLogWorker (SegmentedRaftLogWorker.java:<init>(172)) - new c5233a29-19a6-42e1-869f-0cfd92a1650c@group-CBF25E866EAA-SegmentedRaftLogWorker for RaftStorage:Storage Directory /workdir/hadoop-ozone/integration-test/target/test-dir/MiniOzoneClusterImpl-9c1dcb1a-3312-40b8-b485-08dcdfac2e9c/datanode-3/data/ratis/28c3b40f-4470-4af7-82e9-cbf25e866eaa
2019-09-17 05:59:57,130 [pool-27-thread-1] INFO  server.RaftServerConfigKeys (ConfUtils.java:logGet(43)) - raft.server.log.segment.size.max = 1048576 (custom)
2019-09-17 05:59:57,130 [pool-57-thread-1] INFO  server.RaftServerConfigKeys (ConfUtils.java:logGet(43)) - raft.server.log.queue.byte-limit = 2147483647 (custom)
2019-09-17 05:59:57,130 [pool-27-thread-1] INFO  server.RaftServerConfigKeys (ConfUtils.java:logGet(43)) - raft.server.log.segment.cache.num.max = 2 (custom)
2019-09-17 05:59:57,131 [pool-57-thread-1] INFO  server.RaftServerConfigKeys (ConfUtils.java:logGet(43)) - raft.server.log.queue.element-limit = 1024 (custom)
2019-09-17 05:59:57,131 [pool-27-thread-1] INFO  segmented.SegmentedRaftLogWorker (SegmentedRaftLogWorker.java:<init>(172)) - new f6013552-a382-44c6-bdc3-8253bd9e054c@group-CBF25E866EAA-SegmentedRaftLogWorker for RaftStorage:Storage Directory /workdir/hadoop-ozone/integration-test/target/test-dir/MiniOzoneClusterImpl-9c1dcb1a-3312-40b8-b485-08dcdfac2e9c/datanode-0/data/ratis/28c3b40f-4470-4af7-82e9-cbf25e866eaa
2019-09-17 05:59:57,131 [pool-57-thread-1] INFO  server.RaftServerConfigKeys (ConfUtils.java:logGet(43)) - raft.server.log.segment.size.max = 1048576 (custom)
2019-09-17 05:59:57,131 [pool-27-thread-1] INFO  server.RaftServerConfigKeys (ConfUtils.java:logGet(43)) - raft.server.log.queue.byte-limit = 2147483647 (custom)
2019-09-17 05:59:57,132 [pool-27-thread-1] INFO  server.RaftServerConfigKeys (ConfUtils.java:logGet(43)) - raft.server.log.queue.element-limit = 1024 (custom)
2019-09-17 05:59:57,131 [pool-57-thread-1] INFO  server.RaftServerConfigKeys (ConfUtils.java:logGet(43)) - raft.server.log.preallocated.size = 16384 (custom)
2019-09-17 05:59:57,132 [pool-27-thread-1] INFO  server.RaftServerConfigKeys (ConfUtils.java:logGet(43)) - raft.server.log.segment.size.max = 1048576 (custom)
2019-09-17 05:59:57,132 [pool-57-thread-1] INFO  server.RaftServerConfigKeys (ConfUtils.java:logGet(43)) - raft.server.log.write.buffer.size = 33554432 (custom)
2019-09-17 05:59:57,132 [pool-27-thread-1] INFO  server.RaftServerConfigKeys (ConfUtils.java:logGet(43)) - raft.server.log.preallocated.size = 16384 (custom)
2019-09-17 05:59:57,132 [pool-57-thread-1] INFO  server.RaftServerConfigKeys (ConfUtils.java:logGet(43)) - raft.server.log.force.sync.num = 128 (default)
2019-09-17 05:59:57,132 [pool-27-thread-1] INFO  server.RaftServerConfigKeys (ConfUtils.java:logGet(43)) - raft.server.log.write.buffer.size = 33554432 (custom)
2019-09-17 05:59:57,133 [pool-57-thread-1] INFO  server.RaftServerConfigKeys (ConfUtils.java:logGet(43)) - raft.server.log.statemachine.data.sync = true (default)
2019-09-17 05:59:57,133 [pool-27-thread-1] INFO  server.RaftServerConfigKeys (ConfUtils.java:logGet(43)) - raft.server.log.force.sync.num = 128 (default)
2019-09-17 05:59:57,133 [pool-57-thread-1] INFO  server.RaftServerConfigKeys (ConfUtils.java:logGet(43)) - raft.server.log.statemachine.data.sync.timeout = 10s (default)
2019-09-17 05:59:57,133 [pool-27-thread-1] INFO  server.RaftServerConfigKeys (ConfUtils.java:logGet(43)) - raft.server.log.statemachine.data.sync = true (default)
2019-09-17 05:59:57,133 [pool-57-thread-1] INFO  server.RaftServerConfigKeys (ConfUtils.java:logGet(43)) - raft.server.log.statemachine.data.sync.timeout.retry = -1 (default)
2019-09-17 05:59:57,133 [pool-27-thread-1] INFO  server.RaftServerConfigKeys (ConfUtils.java:logGet(43)) - raft.server.log.statemachine.data.sync.timeout = 10s (default)
2019-09-17 05:59:57,133 [pool-57-thread-1] INFO  server.RaftServerConfigKeys (ConfUtils.java:logGet(43)) - raft.server.log.statemachine.data.caching.enabled = true (custom)
2019-09-17 05:59:57,133 [pool-27-thread-1] INFO  server.RaftServerConfigKeys (ConfUtils.java:logGet(43)) - raft.server.log.statemachine.data.sync.timeout.retry = -1 (default)
2019-09-17 05:59:57,134 [pool-27-thread-1] INFO  server.RaftServerConfigKeys (ConfUtils.java:logGet(43)) - raft.server.log.statemachine.data.caching.enabled = true (custom)
2019-09-17 05:59:57,134 [pool-57-thread-1] INFO  segmented.SegmentedRaftLogWorker (SegmentedRaftLogWorker.java:lambda$new$0(132)) - c5233a29-19a6-42e1-869f-0cfd92a1650c@group-CBF25E866EAA-SegmentedRaftLogWorker: flushIndex: setUnconditionally 0 -> -1
2019-09-17 05:59:57,134 [pool-27-thread-1] INFO  segmented.SegmentedRaftLogWorker (SegmentedRaftLogWorker.java:lambda$new$0(132)) - f6013552-a382-44c6-bdc3-8253bd9e054c@group-CBF25E866EAA-SegmentedRaftLogWorker: flushIndex: setUnconditionally 0 -> -1
2019-09-17 05:59:57,134 [pool-77-thread-1] INFO  impl.RaftServerImpl (RaftServerImpl.java:start(185)) - 3ec0bce2-5a80-4efc-b2ca-bab81cc18a9f@group-CBF25E866EAA: start as a follower, conf=-1: [f6013552-a382-44c6-bdc3-8253bd9e054c:192.168.34.7:43799, c5233a29-19a6-42e1-869f-0cfd92a1650c:192.168.34.7:33862, 3ec0bce2-5a80-4efc-b2ca-bab81cc18a9f:192.168.34.7:33921], old=null
2019-09-17 05:59:57,134 [pool-57-thread-1] INFO  server.RaftServerConfigKeys (ConfUtils.java:logGet(43)) - raft.server.snapshot.auto.trigger.enabled = true (custom)
2019-09-17 05:59:57,134 [pool-77-thread-1] INFO  impl.RaftServerImpl (RaftServerImpl.java:setRole(174)) - 3ec0bce2-5a80-4efc-b2ca-bab81cc18a9f@group-CBF25E866EAA: changes role from      null to FOLLOWER at term 0 for startAsFollower
2019-09-17 05:59:57,134 [pool-27-thread-1] INFO  server.RaftServerConfigKeys (ConfUtils.java:logGet(43)) - raft.server.snapshot.auto.trigger.enabled = true (custom)
2019-09-17 05:59:57,134 [pool-77-thread-1] INFO  impl.RoleInfo (RoleInfo.java:updateAndGet(143)) - 3ec0bce2-5a80-4efc-b2ca-bab81cc18a9f: start FollowerState
2019-09-17 05:59:57,134 [pool-57-thread-1] INFO  server.RaftServerConfigKeys (ConfUtils.java:logGet(43)) - raft.server.snapshot.auto.trigger.threshold = 10000 (custom)
2019-09-17 05:59:57,134 [pool-27-thread-1] INFO  server.RaftServerConfigKeys (ConfUtils.java:logGet(43)) - raft.server.snapshot.auto.trigger.threshold = 10000 (custom)
2019-09-17 05:59:57,135 [pool-57-thread-1] INFO  server.RaftServerConfigKeys (ConfUtils.java:logGet(43)) - raft.server.snapshot.retention.num.files = 5 (custom)
2019-09-17 05:59:57,135 [pool-27-thread-1] INFO  server.RaftServerConfigKeys (ConfUtils.java:logGet(43)) - raft.server.snapshot.retention.num.files = 5 (custom)
2019-09-17 05:59:57,135 [pool-57-thread-1] INFO  server.RaftServerConfigKeys (ConfUtils.java:logGet(43)) - raft.server.retrycache.expirytime = 600000ms (custom)
2019-09-17 05:59:57,135 [pool-77-thread-1] INFO  util.JmxRegister (JmxRegister.java:tryRegister(44)) - Successfully registered JMX Bean with object name Ratis:service=RaftServer,group=group-CBF25E866EAA,id=3ec0bce2-5a80-4efc-b2ca-bab81cc18a9f
2019-09-17 05:59:57,135 [pool-27-thread-1] INFO  server.RaftServerConfigKeys (ConfUtils.java:logGet(43)) - raft.server.retrycache.expirytime = 600000ms (custom)
2019-09-17 05:59:57,138 [pool-57-thread-1] INFO  impl.RaftServerImpl (RaftServerImpl.java:start(185)) - c5233a29-19a6-42e1-869f-0cfd92a1650c@group-CBF25E866EAA: start as a follower, conf=-1: [f6013552-a382-44c6-bdc3-8253bd9e054c:192.168.34.7:43799, c5233a29-19a6-42e1-869f-0cfd92a1650c:192.168.34.7:33862, 3ec0bce2-5a80-4efc-b2ca-bab81cc18a9f:192.168.34.7:33921], old=null
2019-09-17 05:59:57,138 [pool-27-thread-1] INFO  impl.RaftServerImpl (RaftServerImpl.java:start(185)) - f6013552-a382-44c6-bdc3-8253bd9e054c@group-CBF25E866EAA: start as a follower, conf=-1: [f6013552-a382-44c6-bdc3-8253bd9e054c:192.168.34.7:43799, c5233a29-19a6-42e1-869f-0cfd92a1650c:192.168.34.7:33862, 3ec0bce2-5a80-4efc-b2ca-bab81cc18a9f:192.168.34.7:33921], old=null
2019-09-17 05:59:57,138 [pool-57-thread-1] INFO  impl.RaftServerImpl (RaftServerImpl.java:setRole(174)) - c5233a29-19a6-42e1-869f-0cfd92a1650c@group-CBF25E866EAA: changes role from      null to FOLLOWER at term 0 for startAsFollower
2019-09-17 05:59:57,138 [pool-27-thread-1] INFO  impl.RaftServerImpl (RaftServerImpl.java:setRole(174)) - f6013552-a382-44c6-bdc3-8253bd9e054c@group-CBF25E866EAA: changes role from      null to FOLLOWER at term 0 for startAsFollower
2019-09-17 05:59:57,138 [pool-57-thread-1] INFO  impl.RoleInfo (RoleInfo.java:updateAndGet(143)) - c5233a29-19a6-42e1-869f-0cfd92a1650c: start FollowerState
2019-09-17 05:59:57,139 [pool-27-thread-1] INFO  impl.RoleInfo (RoleInfo.java:updateAndGet(143)) - f6013552-a382-44c6-bdc3-8253bd9e054c: start FollowerState
2019-09-17 05:59:57,139 [pool-57-thread-1] INFO  util.JmxRegister (JmxRegister.java:tryRegister(44)) - Successfully registered JMX Bean with object name Ratis:service=RaftServer,group=group-CBF25E866EAA,id=c5233a29-19a6-42e1-869f-0cfd92a1650c
2019-09-17 05:59:57,139 [pool-27-thread-1] INFO  util.JmxRegister (JmxRegister.java:tryRegister(44)) - Successfully registered JMX Bean with object name Ratis:service=RaftServer,group=group-CBF25E866EAA,id=f6013552-a382-44c6-bdc3-8253bd9e054c
2019-09-17 05:59:57,141 [RatisPipelineUtilsThread] INFO  pipeline.PipelineStateManager (PipelineStateManager.java:addPipeline(56)) - Created pipeline Pipeline[ Id: 28c3b40f-4470-4af7-82e9-cbf25e866eaa, Nodes: c5233a29-19a6-42e1-869f-0cfd92a1650c{ip: 192.168.34.7, host: pr-hdds-2132-5g9kv-3389001449, networkLocation: /default-rack, certSerialId: null}3ec0bce2-5a80-4efc-b2ca-bab81cc18a9f{ip: 192.168.34.7, host: pr-hdds-2132-5g9kv-3389001449, networkLocation: /default-rack, certSerialId: null}f6013552-a382-44c6-bdc3-8253bd9e054c{ip: 192.168.34.7, host: pr-hdds-2132-5g9kv-3389001449, networkLocation: /default-rack, certSerialId: null}, Type:RATIS, Factor:THREE, State:OPEN]
2019-09-17 05:59:57,551 [main] WARN  io.KeyOutputStream (KeyOutputStream.java:handleException(276)) - Encountered exception java.io.IOException: Unexpected Storage Container Exception: java.util.concurrent.CompletionException: java.util.concurrent.CompletionException: org.apache.ratis.protocol.GroupMismatchException: c5233a29-19a6-42e1-869f-0cfd92a1650c: group-E2F58C278DC5 not found. on the pipeline Pipeline[ Id: 2e6087e1-ff44-45df-ae3c-e2f58c278dc5, Nodes: c5233a29-19a6-42e1-869f-0cfd92a1650c{ip: 192.168.34.7, host: pr-hdds-2132-5g9kv-3389001449, networkLocation: /default-rack, certSerialId: null}3ec0bce2-5a80-4efc-b2ca-bab81cc18a9f{ip: 192.168.34.7, host: pr-hdds-2132-5g9kv-3389001449, networkLocation: /default-rack, certSerialId: null}f6013552-a382-44c6-bdc3-8253bd9e054c{ip: 192.168.34.7, host: pr-hdds-2132-5g9kv-3389001449, networkLocation: /default-rack, certSerialId: null}, Type:RATIS, Factor:THREE, State:OPEN]. The last committed block length is 0, uncommitted data length is 150 retry count 0
2019-09-17 05:59:57,613 [grpc-default-executor-2] INFO  client.GrpcClientProtocolClient (GrpcClientProtocolClient.java:onNext(264)) - client-EE883D609918->c5233a29-19a6-42e1-869f-0cfd92a1650c: receive RaftClientReply:client-EE883D609918->c5233a29-19a6-42e1-869f-0cfd92a1650c@group-CBF25E866EAA, cid=30, FAILED org.apache.ratis.protocol.NotLeaderException: Server c5233a29-19a6-42e1-869f-0cfd92a1650c@group-CBF25E866EAA is not the leader, logIndex=0, commits[c5233a29-19a6-42e1-869f-0cfd92a1650c:c-1]
2019-09-17 05:59:58,645 [grpc-default-executor-5] INFO  client.GrpcClientProtocolClient (GrpcClientProtocolClient.java:onNext(264)) - client-EE883D609918->f6013552-a382-44c6-bdc3-8253bd9e054c: receive RaftClientReply:client-EE883D609918->f6013552-a382-44c6-bdc3-8253bd9e054c@group-CBF25E866EAA, cid=30, FAILED org.apache.ratis.protocol.NotLeaderException: Server f6013552-a382-44c6-bdc3-8253bd9e054c@group-CBF25E866EAA is not the leader, logIndex=0, commits[f6013552-a382-44c6-bdc3-8253bd9e054c:c-1]
2019-09-17 05:59:59,669 [grpc-default-executor-5] INFO  client.GrpcClientProtocolClient (GrpcClientProtocolClient.java:onNext(264)) - client-EE883D609918->c5233a29-19a6-42e1-869f-0cfd92a1650c: receive RaftClientReply:client-EE883D609918->c5233a29-19a6-42e1-869f-0cfd92a1650c@group-CBF25E866EAA, cid=30, FAILED org.apache.ratis.protocol.NotLeaderException: Server c5233a29-19a6-42e1-869f-0cfd92a1650c@group-CBF25E866EAA is not the leader, logIndex=0, commits[c5233a29-19a6-42e1-869f-0cfd92a1650c:c-1]
2019-09-17 05:59:59,783 [grpc-default-executor-2] INFO  impl.RaftServerProxy (RaftServerProxy.java:remove(95)) - c5233a29-19a6-42e1-869f-0cfd92a1650c: remove group-E2F58C278DC5:null
2019-09-17 05:59:59,793 [RatisPipelineUtilsThread] WARN  pipeline.RatisPipelineUtils (RatisPipelineUtils.java:destroyPipeline(66)) - Pipeline destroy failed for pipeline=PipelineID=2e6087e1-ff44-45df-ae3c-e2f58c278dc5 dn=c5233a29-19a6-42e1-869f-0cfd92a1650c{ip: 192.168.34.7, host: pr-hdds-2132-5g9kv-3389001449, networkLocation: /default-rack, certSerialId: null}
2019-09-17 05:59:59,797 [grpc-default-executor-2] INFO  impl.RaftServerProxy (RaftServerProxy.java:remove(95)) - 3ec0bce2-5a80-4efc-b2ca-bab81cc18a9f: remove group-E2F58C278DC5:null
2019-09-17 05:59:59,802 [RatisPipelineUtilsThread] WARN  pipeline.RatisPipelineUtils (RatisPipelineUtils.java:destroyPipeline(66)) - Pipeline destroy failed for pipeline=PipelineID=2e6087e1-ff44-45df-ae3c-e2f58c278dc5 dn=3ec0bce2-5a80-4efc-b2ca-bab81cc18a9f{ip: 192.168.34.7, host: pr-hdds-2132-5g9kv-3389001449, networkLocation: /default-rack, certSerialId: null}
2019-09-17 05:59:59,806 [grpc-default-executor-2] INFO  impl.RaftServerProxy (RaftServerProxy.java:remove(95)) - f6013552-a382-44c6-bdc3-8253bd9e054c: remove group-E2F58C278DC5:null
2019-09-17 05:59:59,812 [RatisPipelineUtilsThread] WARN  pipeline.RatisPipelineUtils (RatisPipelineUtils.java:destroyPipeline(66)) - Pipeline destroy failed for pipeline=PipelineID=2e6087e1-ff44-45df-ae3c-e2f58c278dc5 dn=f6013552-a382-44c6-bdc3-8253bd9e054c{ip: 192.168.34.7, host: pr-hdds-2132-5g9kv-3389001449, networkLocation: /default-rack, certSerialId: null}
2019-09-17 05:59:59,812 [RatisPipelineUtilsThread] ERROR pipeline.SCMPipelineManager (Scheduler.java:lambda$schedule$1(70)) - Destroy pipeline failed for pipeline:Pipeline[ Id: 2e6087e1-ff44-45df-ae3c-e2f58c278dc5, Nodes: c5233a29-19a6-42e1-869f-0cfd92a1650c{ip: 192.168.34.7, host: pr-hdds-2132-5g9kv-3389001449, networkLocation: /default-rack, certSerialId: null}3ec0bce2-5a80-4efc-b2ca-bab81cc18a9f{ip: 192.168.34.7, host: pr-hdds-2132-5g9kv-3389001449, networkLocation: /default-rack, certSerialId: null}f6013552-a382-44c6-bdc3-8253bd9e054c{ip: 192.168.34.7, host: pr-hdds-2132-5g9kv-3389001449, networkLocation: /default-rack, certSerialId: null}, Type:RATIS, Factor:THREE, State:CLOSED]
org.apache.hadoop.hdds.scm.pipeline.PipelineNotFoundException: PipelineID=2e6087e1-ff44-45df-ae3c-e2f58c278dc5 not found
	at org.apache.hadoop.hdds.scm.pipeline.PipelineStateMap.getPipeline(PipelineStateMap.java:132)
	at org.apache.hadoop.hdds.scm.pipeline.PipelineStateMap.removePipeline(PipelineStateMap.java:322)
	at org.apache.hadoop.hdds.scm.pipeline.PipelineStateManager.removePipeline(PipelineStateManager.java:107)
	at org.apache.hadoop.hdds.scm.pipeline.SCMPipelineManager.removePipeline(SCMPipelineManager.java:423)
	at org.apache.hadoop.hdds.scm.pipeline.SCMPipelineManager.destroyPipeline(SCMPipelineManager.java:409)
	at org.apache.hadoop.hdds.scm.pipeline.SCMPipelineManager.lambda$finalizeAndDestroyPipeline$0(SCMPipelineManager.java:318)
	at org.apache.hadoop.utils.Scheduler.lambda$schedule$1(Scheduler.java:68)
	at java.util.concurrent.Executors$RunnableAdapter.call(Executors.java:511)
	at java.util.concurrent.FutureTask.run(FutureTask.java:266)
	at java.util.concurrent.ScheduledThreadPoolExecutor$ScheduledFutureTask.access$201(ScheduledThreadPoolExecutor.java:180)
	at java.util.concurrent.ScheduledThreadPoolExecutor$ScheduledFutureTask.run(ScheduledThreadPoolExecutor.java:293)
	at java.util.concurrent.ThreadPoolExecutor.runWorker(ThreadPoolExecutor.java:1149)
	at java.util.concurrent.ThreadPoolExecutor$Worker.run(ThreadPoolExecutor.java:624)
	at java.lang.Thread.run(Thread.java:748)
2019-09-17 06:00:00,689 [grpc-default-executor-5] INFO  client.GrpcClientProtocolClient (GrpcClientProtocolClient.java:onNext(264)) - client-EE883D609918->f6013552-a382-44c6-bdc3-8253bd9e054c: receive RaftClientReply:client-EE883D609918->f6013552-a382-44c6-bdc3-8253bd9e054c@group-CBF25E866EAA, cid=30, FAILED org.apache.ratis.protocol.NotLeaderException: Server f6013552-a382-44c6-bdc3-8253bd9e054c@group-CBF25E866EAA is not the leader, logIndex=0, commits[f6013552-a382-44c6-bdc3-8253bd9e054c:c-1]
2019-09-17 06:00:01,716 [grpc-default-executor-5] INFO  client.GrpcClientProtocolClient (GrpcClientProtocolClient.java:onNext(264)) - client-EE883D609918->c5233a29-19a6-42e1-869f-0cfd92a1650c: receive RaftClientReply:client-EE883D609918->c5233a29-19a6-42e1-869f-0cfd92a1650c@group-CBF25E866EAA, cid=30, FAILED org.apache.ratis.protocol.NotLeaderException: Server c5233a29-19a6-42e1-869f-0cfd92a1650c@group-CBF25E866EAA is not the leader, logIndex=0, commits[c5233a29-19a6-42e1-869f-0cfd92a1650c:c-1]
2019-09-17 06:00:01,792 [grpc-default-executor-2] INFO  impl.RaftServerProxy (RaftServerProxy.java:remove(95)) - c5233a29-19a6-42e1-869f-0cfd92a1650c: remove group-E2F58C278DC5:null
2019-09-17 06:00:01,800 [RatisPipelineUtilsThread] WARN  pipeline.RatisPipelineUtils (RatisPipelineUtils.java:destroyPipeline(66)) - Pipeline destroy failed for pipeline=PipelineID=2e6087e1-ff44-45df-ae3c-e2f58c278dc5 dn=c5233a29-19a6-42e1-869f-0cfd92a1650c{ip: 192.168.34.7, host: pr-hdds-2132-5g9kv-3389001449, networkLocation: /default-rack, certSerialId: null}
2019-09-17 06:00:01,804 [grpc-default-executor-2] INFO  impl.RaftServerProxy (RaftServerProxy.java:remove(95)) - 3ec0bce2-5a80-4efc-b2ca-bab81cc18a9f: remove group-E2F58C278DC5:null
2019-09-17 06:00:01,811 [RatisPipelineUtilsThread] WARN  pipeline.RatisPipelineUtils (RatisPipelineUtils.java:destroyPipeline(66)) - Pipeline destroy failed for pipeline=PipelineID=2e6087e1-ff44-45df-ae3c-e2f58c278dc5 dn=3ec0bce2-5a80-4efc-b2ca-bab81cc18a9f{ip: 192.168.34.7, host: pr-hdds-2132-5g9kv-3389001449, networkLocation: /default-rack, certSerialId: null}
2019-09-17 06:00:01,815 [grpc-default-executor-2] INFO  impl.RaftServerProxy (RaftServerProxy.java:remove(95)) - f6013552-a382-44c6-bdc3-8253bd9e054c: remove group-E2F58C278DC5:null
2019-09-17 06:00:01,820 [RatisPipelineUtilsThread] WARN  pipeline.RatisPipelineUtils (RatisPipelineUtils.java:destroyPipeline(66)) - Pipeline destroy failed for pipeline=PipelineID=2e6087e1-ff44-45df-ae3c-e2f58c278dc5 dn=f6013552-a382-44c6-bdc3-8253bd9e054c{ip: 192.168.34.7, host: pr-hdds-2132-5g9kv-3389001449, networkLocation: /default-rack, certSerialId: null}
2019-09-17 06:00:01,821 [RatisPipelineUtilsThread] ERROR pipeline.SCMPipelineManager (Scheduler.java:lambda$schedule$1(70)) - Destroy pipeline failed for pipeline:Pipeline[ Id: 2e6087e1-ff44-45df-ae3c-e2f58c278dc5, Nodes: c5233a29-19a6-42e1-869f-0cfd92a1650c{ip: 192.168.34.7, host: pr-hdds-2132-5g9kv-3389001449, networkLocation: /default-rack, certSerialId: null}3ec0bce2-5a80-4efc-b2ca-bab81cc18a9f{ip: 192.168.34.7, host: pr-hdds-2132-5g9kv-3389001449, networkLocation: /default-rack, certSerialId: null}f6013552-a382-44c6-bdc3-8253bd9e054c{ip: 192.168.34.7, host: pr-hdds-2132-5g9kv-3389001449, networkLocation: /default-rack, certSerialId: null}, Type:RATIS, Factor:THREE, State:CLOSED]
org.apache.hadoop.hdds.scm.pipeline.PipelineNotFoundException: PipelineID=2e6087e1-ff44-45df-ae3c-e2f58c278dc5 not found
	at org.apache.hadoop.hdds.scm.pipeline.PipelineStateMap.getPipeline(PipelineStateMap.java:132)
	at org.apache.hadoop.hdds.scm.pipeline.PipelineStateMap.removePipeline(PipelineStateMap.java:322)
	at org.apache.hadoop.hdds.scm.pipeline.PipelineStateManager.removePipeline(PipelineStateManager.java:107)
	at org.apache.hadoop.hdds.scm.pipeline.SCMPipelineManager.removePipeline(SCMPipelineManager.java:423)
	at org.apache.hadoop.hdds.scm.pipeline.SCMPipelineManager.destroyPipeline(SCMPipelineManager.java:409)
	at org.apache.hadoop.hdds.scm.pipeline.SCMPipelineManager.lambda$finalizeAndDestroyPipeline$0(SCMPipelineManager.java:318)
	at org.apache.hadoop.utils.Scheduler.lambda$schedule$1(Scheduler.java:68)
	at java.util.concurrent.Executors$RunnableAdapter.call(Executors.java:511)
	at java.util.concurrent.FutureTask.run(FutureTask.java:266)
	at java.util.concurrent.ScheduledThreadPoolExecutor$ScheduledFutureTask.access$201(ScheduledThreadPoolExecutor.java:180)
	at java.util.concurrent.ScheduledThreadPoolExecutor$ScheduledFutureTask.run(ScheduledThreadPoolExecutor.java:293)
	at java.util.concurrent.ThreadPoolExecutor.runWorker(ThreadPoolExecutor.java:1149)
	at java.util.concurrent.ThreadPoolExecutor$Worker.run(ThreadPoolExecutor.java:624)
	at java.lang.Thread.run(Thread.java:748)
2019-09-17 06:00:02,140 [Thread-866] INFO  impl.FollowerState (FollowerState.java:run(106)) - 3ec0bce2-5a80-4efc-b2ca-bab81cc18a9f:group-CBF25E866EAA changes to CANDIDATE, lastRpcTime:5005, electionTimeout:5005ms
2019-09-17 06:00:02,142 [Thread-866] INFO  impl.RoleInfo (RoleInfo.java:shutdownFollowerState(121)) - 3ec0bce2-5a80-4efc-b2ca-bab81cc18a9f: shutdown FollowerState
2019-09-17 06:00:02,142 [Thread-866] INFO  impl.RaftServerImpl (RaftServerImpl.java:setRole(174)) - 3ec0bce2-5a80-4efc-b2ca-bab81cc18a9f@group-CBF25E866EAA: changes role from  FOLLOWER to CANDIDATE at term 0 for changeToCandidate
2019-09-17 06:00:02,142 [Thread-866] INFO  impl.RoleInfo (RoleInfo.java:updateAndGet(143)) - 3ec0bce2-5a80-4efc-b2ca-bab81cc18a9f: start LeaderElection
2019-09-17 06:00:02,164 [3ec0bce2-5a80-4efc-b2ca-bab81cc18a9f@group-CBF25E866EAA:LeaderElection16] INFO  impl.LeaderElection (LeaderElection.java:askForVotes(182)) - 3ec0bce2-5a80-4efc-b2ca-bab81cc18a9f@group-CBF25E866EAA:LeaderElection16: begin an election at term 1 for -1: [f6013552-a382-44c6-bdc3-8253bd9e054c:192.168.34.7:43799, c5233a29-19a6-42e1-869f-0cfd92a1650c:192.168.34.7:33862, 3ec0bce2-5a80-4efc-b2ca-bab81cc18a9f:192.168.34.7:33921], old=null
2019-09-17 06:00:02,168 [grpc-default-executor-2] INFO  impl.RaftServerImpl (RaftServerImpl.java:setRole(174)) - f6013552-a382-44c6-bdc3-8253bd9e054c@group-CBF25E866EAA: changes role from  FOLLOWER to FOLLOWER at term 1 for recognizeCandidate:3ec0bce2-5a80-4efc-b2ca-bab81cc18a9f
2019-09-17 06:00:02,168 [grpc-default-executor-5] INFO  impl.RaftServerImpl (RaftServerImpl.java:setRole(174)) - c5233a29-19a6-42e1-869f-0cfd92a1650c@group-CBF25E866EAA: changes role from  FOLLOWER to FOLLOWER at term 1 for recognizeCandidate:3ec0bce2-5a80-4efc-b2ca-bab81cc18a9f
2019-09-17 06:00:02,168 [grpc-default-executor-2] INFO  impl.RoleInfo (RoleInfo.java:shutdownFollowerState(121)) - f6013552-a382-44c6-bdc3-8253bd9e054c: shutdown FollowerState
2019-09-17 06:00:02,168 [grpc-default-executor-5] INFO  impl.RoleInfo (RoleInfo.java:shutdownFollowerState(121)) - c5233a29-19a6-42e1-869f-0cfd92a1650c: shutdown FollowerState
2019-09-17 06:00:02,169 [Thread-871] INFO  impl.FollowerState (FollowerState.java:run(115)) - f6013552-a382-44c6-bdc3-8253bd9e054c: FollowerState was interrupted: java.lang.InterruptedException: sleep interrupted
2019-09-17 06:00:02,169 [grpc-default-executor-2] INFO  impl.RoleInfo (RoleInfo.java:updateAndGet(143)) - f6013552-a382-44c6-bdc3-8253bd9e054c: start FollowerState
2019-09-17 06:00:02,169 [grpc-default-executor-5] INFO  impl.RoleInfo (RoleInfo.java:updateAndGet(143)) - c5233a29-19a6-42e1-869f-0cfd92a1650c: start FollowerState
2019-09-17 06:00:02,172 [Thread-870] INFO  impl.FollowerState (FollowerState.java:run(115)) - c5233a29-19a6-42e1-869f-0cfd92a1650c: FollowerState was interrupted: java.lang.InterruptedException: sleep interrupted
2019-09-17 06:00:02,190 [3ec0bce2-5a80-4efc-b2ca-bab81cc18a9f@group-CBF25E866EAA:LeaderElection16] INFO  impl.LeaderElection (LeaderElection.java:logAndReturn(56)) - 3ec0bce2-5a80-4efc-b2ca-bab81cc18a9f@group-CBF25E866EAA:LeaderElection16: Election PASSED; received 1 response(s) [3ec0bce2-5a80-4efc-b2ca-bab81cc18a9f<-c5233a29-19a6-42e1-869f-0cfd92a1650c#0:OK-t1] and 0 exception(s); 3ec0bce2-5a80-4efc-b2ca-bab81cc18a9f@group-CBF25E866EAA:t1, leader=null, voted=3ec0bce2-5a80-4efc-b2ca-bab81cc18a9f, raftlog=3ec0bce2-5a80-4efc-b2ca-bab81cc18a9f@group-CBF25E866EAA-SegmentedRaftLog:OPENED:c-1,f-1,i0, conf=-1: [f6013552-a382-44c6-bdc3-8253bd9e054c:192.168.34.7:43799, c5233a29-19a6-42e1-869f-0cfd92a1650c:192.168.34.7:33862, 3ec0bce2-5a80-4efc-b2ca-bab81cc18a9f:192.168.34.7:33921], old=null
2019-09-17 06:00:02,190 [3ec0bce2-5a80-4efc-b2ca-bab81cc18a9f@group-CBF25E866EAA:LeaderElection16] INFO  impl.RoleInfo (RoleInfo.java:shutdownLeaderElection(134)) - 3ec0bce2-5a80-4efc-b2ca-bab81cc18a9f: shutdown LeaderElection
2019-09-17 06:00:02,190 [3ec0bce2-5a80-4efc-b2ca-bab81cc18a9f@group-CBF25E866EAA:LeaderElection16] INFO  impl.RaftServerImpl (RaftServerImpl.java:setRole(174)) - 3ec0bce2-5a80-4efc-b2ca-bab81cc18a9f@group-CBF25E866EAA: changes role from CANDIDATE to LEADER at term 1 for changeToLeader
2019-09-17 06:00:02,190 [3ec0bce2-5a80-4efc-b2ca-bab81cc18a9f@group-CBF25E866EAA:LeaderElection16] INFO  impl.RaftServerImpl (ServerState.java:setLeader(253)) - 3ec0bce2-5a80-4efc-b2ca-bab81cc18a9f@group-CBF25E866EAA: change Leader from null to 3ec0bce2-5a80-4efc-b2ca-bab81cc18a9f at term 1 for becomeLeader, leader elected after 5070ms
2019-09-17 06:00:02,190 [3ec0bce2-5a80-4efc-b2ca-bab81cc18a9f@group-CBF25E866EAA:LeaderElection16] INFO  server.RaftServerConfigKeys (ConfUtils.java:logGet(43)) - raft.server.staging.catchup.gap = 1000 (default)
2019-09-17 06:00:02,190 [3ec0bce2-5a80-4efc-b2ca-bab81cc18a9f@group-CBF25E866EAA:LeaderElection16] INFO  server.RaftServerConfigKeys (ConfUtils.java:logGet(43)) - raft.server.rpc.sleep.time = 25ms (default)
2019-09-17 06:00:02,191 [3ec0bce2-5a80-4efc-b2ca-bab81cc18a9f@group-CBF25E866EAA:LeaderElection16] INFO  server.RaftServerConfigKeys (ConfUtils.java:logGet(43)) - raft.server.write.element-limit = 4096 (default)
2019-09-17 06:00:02,191 [3ec0bce2-5a80-4efc-b2ca-bab81cc18a9f@group-CBF25E866EAA:LeaderElection16] INFO  server.RaftServerConfigKeys (ConfUtils.java:logGet(43)) - raft.server.watch.timeout = 10s (default)
2019-09-17 06:00:02,191 [3ec0bce2-5a80-4efc-b2ca-bab81cc18a9f@group-CBF25E866EAA:LeaderElection16] INFO  server.RaftServerConfigKeys (ConfUtils.java:logGet(43)) - raft.server.watch.timeout.denomination = 1s (default)
2019-09-17 06:00:02,191 [3ec0bce2-5a80-4efc-b2ca-bab81cc18a9f@group-CBF25E866EAA:LeaderElection16] INFO  server.RaftServerConfigKeys (ConfUtils.java:logGet(43)) - raft.server.watch.element-limit = 65536 (default)
2019-09-17 06:00:02,194 [3ec0bce2-5a80-4efc-b2ca-bab81cc18a9f@group-CBF25E866EAA:LeaderElection16] INFO  server.RaftServerConfigKeys (ConfUtils.java:logGet(43)) - raft.server.log.appender.snapshot.chunk.size.max = 16MB (=16777216) (default)
2019-09-17 06:00:02,194 [3ec0bce2-5a80-4efc-b2ca-bab81cc18a9f@group-CBF25E866EAA:LeaderElection16] INFO  server.RaftServerConfigKeys (ConfUtils.java:logGet(43)) - raft.server.log.appender.buffer.byte-limit = 33554432 (custom)
2019-09-17 06:00:02,194 [3ec0bce2-5a80-4efc-b2ca-bab81cc18a9f@group-CBF25E866EAA:LeaderElection16] INFO  server.RaftServerConfigKeys (ConfUtils.java:logGet(43)) - raft.server.log.appender.buffer.element-limit = 1 (custom)
2019-09-17 06:00:02,195 [3ec0bce2-5a80-4efc-b2ca-bab81cc18a9f@group-CBF25E866EAA:LeaderElection16] INFO  grpc.GrpcConfigKeys$Server (ConfUtils.java:logGet(43)) - raft.grpc.server.leader.outstanding.appends.max = 128 (default)
2019-09-17 06:00:02,195 [3ec0bce2-5a80-4efc-b2ca-bab81cc18a9f@group-CBF25E866EAA:LeaderElection16] INFO  server.RaftServerConfigKeys (ConfUtils.java:logGet(43)) - raft.server.rpc.request.timeout = 3000ms (default)
2019-09-17 06:00:02,195 [3ec0bce2-5a80-4efc-b2ca-bab81cc18a9f@group-CBF25E866EAA:LeaderElection16] INFO  server.RaftServerConfigKeys (ConfUtils.java:logGet(43)) - raft.server.log.appender.install.snapshot.enabled = false (custom)
2019-09-17 06:00:02,195 [3ec0bce2-5a80-4efc-b2ca-bab81cc18a9f@group-CBF25E866EAA:LeaderElection16] INFO  server.RaftServerConfigKeys (ConfUtils.java:logGet(43)) - raft.server.log.appender.snapshot.chunk.size.max = 16MB (=16777216) (default)
2019-09-17 06:00:02,195 [3ec0bce2-5a80-4efc-b2ca-bab81cc18a9f@group-CBF25E866EAA:LeaderElection16] INFO  server.RaftServerConfigKeys (ConfUtils.java:logGet(43)) - raft.server.log.appender.buffer.byte-limit = 33554432 (custom)
2019-09-17 06:00:02,196 [3ec0bce2-5a80-4efc-b2ca-bab81cc18a9f@group-CBF25E866EAA:LeaderElection16] INFO  server.RaftServerConfigKeys (ConfUtils.java:logGet(43)) - raft.server.log.appender.buffer.element-limit = 1 (custom)
2019-09-17 06:00:02,196 [3ec0bce2-5a80-4efc-b2ca-bab81cc18a9f@group-CBF25E866EAA:LeaderElection16] INFO  grpc.GrpcConfigKeys$Server (ConfUtils.java:logGet(43)) - raft.grpc.server.leader.outstanding.appends.max = 128 (default)
2019-09-17 06:00:02,196 [3ec0bce2-5a80-4efc-b2ca-bab81cc18a9f@group-CBF25E866EAA:LeaderElection16] INFO  server.RaftServerConfigKeys (ConfUtils.java:logGet(43)) - raft.server.rpc.request.timeout = 3000ms (default)
2019-09-17 06:00:02,196 [3ec0bce2-5a80-4efc-b2ca-bab81cc18a9f@group-CBF25E866EAA:LeaderElection16] INFO  server.RaftServerConfigKeys (ConfUtils.java:logGet(43)) - raft.server.log.appender.install.snapshot.enabled = false (custom)
2019-09-17 06:00:02,196 [3ec0bce2-5a80-4efc-b2ca-bab81cc18a9f@group-CBF25E866EAA:LeaderElection16] INFO  impl.RoleInfo (RoleInfo.java:updateAndGet(143)) - 3ec0bce2-5a80-4efc-b2ca-bab81cc18a9f: start LeaderState
2019-09-17 06:00:02,197 [3ec0bce2-5a80-4efc-b2ca-bab81cc18a9f@group-CBF25E866EAA:LeaderElection16] INFO  segmented.SegmentedRaftLogWorker (SegmentedRaftLogWorker.java:startLogSegment(380)) - 3ec0bce2-5a80-4efc-b2ca-bab81cc18a9f@group-CBF25E866EAA-SegmentedRaftLogWorker: Starting segment from index:0
2019-09-17 06:00:02,198 [3ec0bce2-5a80-4efc-b2ca-bab81cc18a9f@group-CBF25E866EAA:LeaderElection16] INFO  impl.RaftServerImpl (ServerState.java:setRaftConf(354)) - 3ec0bce2-5a80-4efc-b2ca-bab81cc18a9f@group-CBF25E866EAA: set configuration 0: [f6013552-a382-44c6-bdc3-8253bd9e054c:192.168.34.7:43799, c5233a29-19a6-42e1-869f-0cfd92a1650c:192.168.34.7:33862, 3ec0bce2-5a80-4efc-b2ca-bab81cc18a9f:192.168.34.7:33921], old=null at 0
2019-09-17 06:00:02,221 [grpc-default-executor-2] INFO  impl.RaftServerImpl (ServerState.java:setLeader(253)) - c5233a29-19a6-42e1-869f-0cfd92a1650c@group-CBF25E866EAA: change Leader from null to 3ec0bce2-5a80-4efc-b2ca-bab81cc18a9f at term 1 for appendEntries, leader elected after 5103ms
2019-09-17 06:00:02,221 [grpc-default-executor-5] INFO  impl.RaftServerImpl (ServerState.java:setLeader(253)) - f6013552-a382-44c6-bdc3-8253bd9e054c@group-CBF25E866EAA: change Leader from null to 3ec0bce2-5a80-4efc-b2ca-bab81cc18a9f at term 1 for appendEntries, leader elected after 5102ms
2019-09-17 06:00:02,224 [grpc-default-executor-5] INFO  impl.RaftServerImpl (ServerState.java:setRaftConf(354)) - c5233a29-19a6-42e1-869f-0cfd92a1650c@group-CBF25E866EAA: set configuration 0: [f6013552-a382-44c6-bdc3-8253bd9e054c:192.168.34.7:43799, c5233a29-19a6-42e1-869f-0cfd92a1650c:192.168.34.7:33862, 3ec0bce2-5a80-4efc-b2ca-bab81cc18a9f:192.168.34.7:33921], old=null at 0
2019-09-17 06:00:02,224 [grpc-default-executor-2] INFO  impl.RaftServerImpl (ServerState.java:setRaftConf(354)) - f6013552-a382-44c6-bdc3-8253bd9e054c@group-CBF25E866EAA: set configuration 0: [f6013552-a382-44c6-bdc3-8253bd9e054c:192.168.34.7:43799, c5233a29-19a6-42e1-869f-0cfd92a1650c:192.168.34.7:33862, 3ec0bce2-5a80-4efc-b2ca-bab81cc18a9f:192.168.34.7:33921], old=null at 0
2019-09-17 06:00:02,224 [grpc-default-executor-5] INFO  segmented.SegmentedRaftLogWorker (SegmentedRaftLogWorker.java:startLogSegment(380)) - c5233a29-19a6-42e1-869f-0cfd92a1650c@group-CBF25E866EAA-SegmentedRaftLogWorker: Starting segment from index:0
2019-09-17 06:00:02,224 [grpc-default-executor-2] INFO  segmented.SegmentedRaftLogWorker (SegmentedRaftLogWorker.java:startLogSegment(380)) - f6013552-a382-44c6-bdc3-8253bd9e054c@group-CBF25E866EAA-SegmentedRaftLogWorker: Starting segment from index:0
2019-09-17 06:00:02,234 [3ec0bce2-5a80-4efc-b2ca-bab81cc18a9f@group-CBF25E866EAA-SegmentedRaftLogWorker] INFO  segmented.SegmentedRaftLogWorker (SegmentedRaftLogWorker.java:execute(569)) - 3ec0bce2-5a80-4efc-b2ca-bab81cc18a9f@group-CBF25E866EAA-SegmentedRaftLogWorker: created new log segment /workdir/hadoop-ozone/integration-test/target/test-dir/MiniOzoneClusterImpl-9c1dcb1a-3312-40b8-b485-08dcdfac2e9c/datanode-5/data/ratis/28c3b40f-4470-4af7-82e9-cbf25e866eaa/current/log_inprogress_0
2019-09-17 06:00:02,274 [c5233a29-19a6-42e1-869f-0cfd92a1650c@group-CBF25E866EAA-SegmentedRaftLogWorker] INFO  segmented.SegmentedRaftLogWorker (SegmentedRaftLogWorker.java:execute(569)) - c5233a29-19a6-42e1-869f-0cfd92a1650c@group-CBF25E866EAA-SegmentedRaftLogWorker: created new log segment /workdir/hadoop-ozone/integration-test/target/test-dir/MiniOzoneClusterImpl-9c1dcb1a-3312-40b8-b485-08dcdfac2e9c/datanode-3/data/ratis/28c3b40f-4470-4af7-82e9-cbf25e866eaa/current/log_inprogress_0
2019-09-17 06:00:02,274 [f6013552-a382-44c6-bdc3-8253bd9e054c@group-CBF25E866EAA-SegmentedRaftLogWorker] INFO  segmented.SegmentedRaftLogWorker (SegmentedRaftLogWorker.java:execute(569)) - f6013552-a382-44c6-bdc3-8253bd9e054c@group-CBF25E866EAA-SegmentedRaftLogWorker: created new log segment /workdir/hadoop-ozone/integration-test/target/test-dir/MiniOzoneClusterImpl-9c1dcb1a-3312-40b8-b485-08dcdfac2e9c/datanode-0/data/ratis/28c3b40f-4470-4af7-82e9-cbf25e866eaa/current/log_inprogress_0
2019-09-17 06:00:02,734 [grpc-default-executor-2] INFO  client.GrpcClientProtocolClient (GrpcClientProtocolClient.java:onNext(264)) - client-EE883D609918->f6013552-a382-44c6-bdc3-8253bd9e054c: receive RaftClientReply:client-EE883D609918->f6013552-a382-44c6-bdc3-8253bd9e054c@group-CBF25E866EAA, cid=30, FAILED org.apache.ratis.protocol.NotLeaderException: Server f6013552-a382-44c6-bdc3-8253bd9e054c@group-CBF25E866EAA is not the leader 3ec0bce2-5a80-4efc-b2ca-bab81cc18a9f:192.168.34.7:33921, logIndex=0, commits[f6013552-a382-44c6-bdc3-8253bd9e054c:c-1, c5233a29-19a6-42e1-869f-0cfd92a1650c:c-1, 3ec0bce2-5a80-4efc-b2ca-bab81cc18a9f:c-1]
2019-09-17 06:00:02,862 [grpc-default-executor-5] INFO  client.GrpcClientProtocolClient (GrpcClientProtocolClient.java:onNext(264)) - client-EE883D609918->3ec0bce2-5a80-4efc-b2ca-bab81cc18a9f: receive RaftClientReply:client-EE883D609918->3ec0bce2-5a80-4efc-b2ca-bab81cc18a9f@group-CBF25E866EAA, cid=30, SUCCESS, logIndex=1, commits[3ec0bce2-5a80-4efc-b2ca-bab81cc18a9f:c1, f6013552-a382-44c6-bdc3-8253bd9e054c:c0, c5233a29-19a6-42e1-869f-0cfd92a1650c:c0]
2019-09-17 06:00:02,888 [grpc-default-executor-1] INFO  client.GrpcClientProtocolClient (GrpcClientProtocolClient.java:onNext(264)) - client-EE883D609918->3ec0bce2-5a80-4efc-b2ca-bab81cc18a9f: receive RaftClientReply:client-EE883D609918->3ec0bce2-5a80-4efc-b2ca-bab81cc18a9f@group-CBF25E866EAA, cid=31, SUCCESS, logIndex=3, commits[3ec0bce2-5a80-4efc-b2ca-bab81cc18a9f:c4, f6013552-a382-44c6-bdc3-8253bd9e054c:c2, c5233a29-19a6-42e1-869f-0cfd92a1650c:c2]
2019-09-17 06:00:02,921 [grpc-default-executor-1] INFO  client.GrpcClientProtocolClient (GrpcClientProtocolClient.java:onNext(264)) - client-EE883D609918->3ec0bce2-5a80-4efc-b2ca-bab81cc18a9f: receive RaftClientReply:client-EE883D609918->3ec0bce2-5a80-4efc-b2ca-bab81cc18a9f@group-CBF25E866EAA, cid=32, SUCCESS, logIndex=4, commits[3ec0bce2-5a80-4efc-b2ca-bab81cc18a9f:c6, f6013552-a382-44c6-bdc3-8253bd9e054c:c4, c5233a29-19a6-42e1-869f-0cfd92a1650c:c4]
]]></system-out>
  </testcase>
  <testcase name="testFullBufferCondition" classname="org.apache.hadoop.ozone.client.rpc.TestBlockOutputStream" time="187.042">
    <failure type="java.lang.AssertionError">java.lang.AssertionError
	at org.junit.Assert.fail(Assert.java:86)
	at org.junit.Assert.assertTrue(Assert.java:41)
	at org.junit.Assert.assertTrue(Assert.java:52)
	at org.apache.hadoop.ozone.client.rpc.TestBlockOutputStream.testFullBufferCondition(TestBlockOutputStream.java:515)
	at sun.reflect.NativeMethodAccessorImpl.invoke0(Native Method)
	at sun.reflect.NativeMethodAccessorImpl.invoke(NativeMethodAccessorImpl.java:62)
	at sun.reflect.DelegatingMethodAccessorImpl.invoke(DelegatingMethodAccessorImpl.java:43)
	at java.lang.reflect.Method.invoke(Method.java:498)
	at org.junit.runners.model.FrameworkMethod$1.runReflectiveCall(FrameworkMethod.java:47)
	at org.junit.internal.runners.model.ReflectiveCallable.run(ReflectiveCallable.java:12)
	at org.junit.runners.model.FrameworkMethod.invokeExplosively(FrameworkMethod.java:44)
	at org.junit.internal.runners.statements.InvokeMethod.evaluate(InvokeMethod.java:17)
	at org.junit.runners.ParentRunner.runLeaf(ParentRunner.java:271)
	at org.junit.runners.BlockJUnit4ClassRunner.runChild(BlockJUnit4ClassRunner.java:70)
	at org.junit.runners.BlockJUnit4ClassRunner.runChild(BlockJUnit4ClassRunner.java:50)
	at org.junit.runners.ParentRunner$3.run(ParentRunner.java:238)
	at org.junit.runners.ParentRunner$1.schedule(ParentRunner.java:63)
	at org.junit.runners.ParentRunner.runChildren(ParentRunner.java:236)
	at org.junit.runners.ParentRunner.access$000(ParentRunner.java:53)
	at org.junit.runners.ParentRunner$2.evaluate(ParentRunner.java:229)
	at org.junit.internal.runners.statements.RunBefores.evaluate(RunBefores.java:26)
	at org.junit.internal.runners.statements.RunAfters.evaluate(RunAfters.java:27)
	at org.junit.runners.ParentRunner.run(ParentRunner.java:309)
	at org.apache.maven.surefire.junit4.JUnit4Provider.execute(JUnit4Provider.java:365)
	at org.apache.maven.surefire.junit4.JUnit4Provider.executeWithRerun(JUnit4Provider.java:273)
	at org.apache.maven.surefire.junit4.JUnit4Provider.executeTestSet(JUnit4Provider.java:238)
	at org.apache.maven.surefire.junit4.JUnit4Provider.invoke(JUnit4Provider.java:159)
	at org.apache.maven.surefire.booter.ForkedBooter.invokeProviderInSameClassLoader(ForkedBooter.java:384)
	at org.apache.maven.surefire.booter.ForkedBooter.runSuitesInProcess(ForkedBooter.java:345)
	at org.apache.maven.surefire.booter.ForkedBooter.execute(ForkedBooter.java:126)
	at org.apache.maven.surefire.booter.ForkedBooter.main(ForkedBooter.java:418)
</failure>
    <system-out><![CDATA[2019-09-17 06:00:04,784 [grpc-default-executor-2] INFO  impl.RaftServerProxy (RaftServerProxy.java:remove(95)) - c5233a29-19a6-42e1-869f-0cfd92a1650c: remove group-E2F58C278DC5:null
2019-09-17 06:00:04,791 [RatisPipelineUtilsThread] WARN  pipeline.RatisPipelineUtils (RatisPipelineUtils.java:destroyPipeline(66)) - Pipeline destroy failed for pipeline=PipelineID=2e6087e1-ff44-45df-ae3c-e2f58c278dc5 dn=c5233a29-19a6-42e1-869f-0cfd92a1650c{ip: 192.168.34.7, host: pr-hdds-2132-5g9kv-3389001449, networkLocation: /default-rack, certSerialId: null}
2019-09-17 06:00:04,795 [grpc-default-executor-2] INFO  impl.RaftServerProxy (RaftServerProxy.java:remove(95)) - 3ec0bce2-5a80-4efc-b2ca-bab81cc18a9f: remove group-E2F58C278DC5:null
2019-09-17 06:00:04,801 [RatisPipelineUtilsThread] WARN  pipeline.RatisPipelineUtils (RatisPipelineUtils.java:destroyPipeline(66)) - Pipeline destroy failed for pipeline=PipelineID=2e6087e1-ff44-45df-ae3c-e2f58c278dc5 dn=3ec0bce2-5a80-4efc-b2ca-bab81cc18a9f{ip: 192.168.34.7, host: pr-hdds-2132-5g9kv-3389001449, networkLocation: /default-rack, certSerialId: null}
2019-09-17 06:00:04,804 [grpc-default-executor-2] INFO  impl.RaftServerProxy (RaftServerProxy.java:remove(95)) - f6013552-a382-44c6-bdc3-8253bd9e054c: remove group-E2F58C278DC5:null
2019-09-17 06:00:04,809 [RatisPipelineUtilsThread] WARN  pipeline.RatisPipelineUtils (RatisPipelineUtils.java:destroyPipeline(66)) - Pipeline destroy failed for pipeline=PipelineID=2e6087e1-ff44-45df-ae3c-e2f58c278dc5 dn=f6013552-a382-44c6-bdc3-8253bd9e054c{ip: 192.168.34.7, host: pr-hdds-2132-5g9kv-3389001449, networkLocation: /default-rack, certSerialId: null}
2019-09-17 06:00:04,809 [RatisPipelineUtilsThread] ERROR pipeline.SCMPipelineManager (Scheduler.java:lambda$schedule$1(70)) - Destroy pipeline failed for pipeline:Pipeline[ Id: 2e6087e1-ff44-45df-ae3c-e2f58c278dc5, Nodes: c5233a29-19a6-42e1-869f-0cfd92a1650c{ip: 192.168.34.7, host: pr-hdds-2132-5g9kv-3389001449, networkLocation: /default-rack, certSerialId: null}3ec0bce2-5a80-4efc-b2ca-bab81cc18a9f{ip: 192.168.34.7, host: pr-hdds-2132-5g9kv-3389001449, networkLocation: /default-rack, certSerialId: null}f6013552-a382-44c6-bdc3-8253bd9e054c{ip: 192.168.34.7, host: pr-hdds-2132-5g9kv-3389001449, networkLocation: /default-rack, certSerialId: null}, Type:RATIS, Factor:THREE, State:CLOSED]
org.apache.hadoop.hdds.scm.pipeline.PipelineNotFoundException: PipelineID=2e6087e1-ff44-45df-ae3c-e2f58c278dc5 not found
	at org.apache.hadoop.hdds.scm.pipeline.PipelineStateMap.getPipeline(PipelineStateMap.java:132)
	at org.apache.hadoop.hdds.scm.pipeline.PipelineStateMap.removePipeline(PipelineStateMap.java:322)
	at org.apache.hadoop.hdds.scm.pipeline.PipelineStateManager.removePipeline(PipelineStateManager.java:107)
	at org.apache.hadoop.hdds.scm.pipeline.SCMPipelineManager.removePipeline(SCMPipelineManager.java:423)
	at org.apache.hadoop.hdds.scm.pipeline.SCMPipelineManager.destroyPipeline(SCMPipelineManager.java:409)
	at org.apache.hadoop.hdds.scm.pipeline.SCMPipelineManager.lambda$finalizeAndDestroyPipeline$0(SCMPipelineManager.java:318)
	at org.apache.hadoop.utils.Scheduler.lambda$schedule$1(Scheduler.java:68)
	at java.util.concurrent.Executors$RunnableAdapter.call(Executors.java:511)
	at java.util.concurrent.FutureTask.run(FutureTask.java:266)
	at java.util.concurrent.ScheduledThreadPoolExecutor$ScheduledFutureTask.access$201(ScheduledThreadPoolExecutor.java:180)
	at java.util.concurrent.ScheduledThreadPoolExecutor$ScheduledFutureTask.run(ScheduledThreadPoolExecutor.java:293)
	at java.util.concurrent.ThreadPoolExecutor.runWorker(ThreadPoolExecutor.java:1149)
	at java.util.concurrent.ThreadPoolExecutor$Worker.run(ThreadPoolExecutor.java:624)
	at java.lang.Thread.run(Thread.java:748)
2019-09-17 06:00:05,957 [java.util.concurrent.ThreadPoolExecutor$Worker@2971b8e1[State = -1, empty queue]] WARN  server.GrpcLogAppender (GrpcLogAppender.java:timeoutAppendRequest(200)) - 3ec0bce2-5a80-4efc-b2ca-bab81cc18a9f@group-CBF25E866EAA->c5233a29-19a6-42e1-869f-0cfd92a1650c-GrpcLogAppender: appendEntries Timeout, request=3ec0bce2-5a80-4efc-b2ca-bab81cc18a9f->c5233a29-19a6-42e1-869f-0cfd92a1650c#8-t1, previous=(t:1, i:6), leaderCommit=6, initializing? false, entries: size=1, first=(t:1, i:7), STATEMACHINELOGENTRY, client-EE883D609918, cid=39
2019-09-17 06:00:05,957 [java.util.concurrent.ThreadPoolExecutor$Worker@457453c9[State = -1, empty queue]] WARN  server.GrpcLogAppender (GrpcLogAppender.java:timeoutAppendRequest(200)) - 3ec0bce2-5a80-4efc-b2ca-bab81cc18a9f@group-CBF25E866EAA->f6013552-a382-44c6-bdc3-8253bd9e054c-GrpcLogAppender: appendEntries Timeout, request=3ec0bce2-5a80-4efc-b2ca-bab81cc18a9f->f6013552-a382-44c6-bdc3-8253bd9e054c#8-t1, previous=(t:1, i:6), leaderCommit=6, initializing? false, entries: size=1, first=(t:1, i:7), STATEMACHINELOGENTRY, client-EE883D609918, cid=39
2019-09-17 06:00:05,958 [java.util.concurrent.ThreadPoolExecutor$Worker@2971b8e1[State = -1, empty queue]] WARN  server.GrpcLogAppender (GrpcLogAppender.java:timeoutAppendRequest(200)) - 3ec0bce2-5a80-4efc-b2ca-bab81cc18a9f@group-CBF25E866EAA->c5233a29-19a6-42e1-869f-0cfd92a1650c-GrpcLogAppender: appendEntries Timeout, request=3ec0bce2-5a80-4efc-b2ca-bab81cc18a9f->c5233a29-19a6-42e1-869f-0cfd92a1650c#9-t1, previous=(t:1, i:7), leaderCommit=6, initializing? false, entries: size=1, first=(t:1, i:8), STATEMACHINELOGENTRY, client-EE883D609918, cid=40
2019-09-17 06:00:05,958 [java.util.concurrent.ThreadPoolExecutor$Worker@457453c9[State = -1, empty queue]] WARN  server.GrpcLogAppender (GrpcLogAppender.java:timeoutAppendRequest(200)) - 3ec0bce2-5a80-4efc-b2ca-bab81cc18a9f@group-CBF25E866EAA->f6013552-a382-44c6-bdc3-8253bd9e054c-GrpcLogAppender: appendEntries Timeout, request=3ec0bce2-5a80-4efc-b2ca-bab81cc18a9f->f6013552-a382-44c6-bdc3-8253bd9e054c#9-t1, previous=(t:1, i:7), leaderCommit=6, initializing? false, entries: size=1, first=(t:1, i:8), STATEMACHINELOGENTRY, client-EE883D609918, cid=40
2019-09-17 06:00:05,958 [java.util.concurrent.ThreadPoolExecutor$Worker@2971b8e1[State = -1, empty queue]] WARN  server.GrpcLogAppender (GrpcLogAppender.java:timeoutAppendRequest(200)) - 3ec0bce2-5a80-4efc-b2ca-bab81cc18a9f@group-CBF25E866EAA->c5233a29-19a6-42e1-869f-0cfd92a1650c-GrpcLogAppender: appendEntries Timeout, request=3ec0bce2-5a80-4efc-b2ca-bab81cc18a9f->c5233a29-19a6-42e1-869f-0cfd92a1650c#10-t1, previous=(t:1, i:8), leaderCommit=6, initializing? false, entries: size=1, first=(t:1, i:9), STATEMACHINELOGENTRY, client-EE883D609918, cid=41
2019-09-17 06:00:05,959 [java.util.concurrent.ThreadPoolExecutor$Worker@457453c9[State = -1, empty queue]] WARN  server.GrpcLogAppender (GrpcLogAppender.java:timeoutAppendRequest(200)) - 3ec0bce2-5a80-4efc-b2ca-bab81cc18a9f@group-CBF25E866EAA->f6013552-a382-44c6-bdc3-8253bd9e054c-GrpcLogAppender: appendEntries Timeout, request=3ec0bce2-5a80-4efc-b2ca-bab81cc18a9f->f6013552-a382-44c6-bdc3-8253bd9e054c#10-t1, previous=(t:1, i:8), leaderCommit=6, initializing? false, entries: size=1, first=(t:1, i:9), STATEMACHINELOGENTRY, client-EE883D609918, cid=41
2019-09-17 06:00:05,965 [java.util.concurrent.ThreadPoolExecutor$Worker@2971b8e1[State = -1, empty queue]] WARN  server.GrpcLogAppender (GrpcLogAppender.java:timeoutAppendRequest(200)) - 3ec0bce2-5a80-4efc-b2ca-bab81cc18a9f@group-CBF25E866EAA->c5233a29-19a6-42e1-869f-0cfd92a1650c-GrpcLogAppender: appendEntries Timeout, request=3ec0bce2-5a80-4efc-b2ca-bab81cc18a9f->c5233a29-19a6-42e1-869f-0cfd92a1650c#11-t1, previous=(t:1, i:9), leaderCommit=6, initializing? false, entries: size=1, first=(t:1, i:10), STATEMACHINELOGENTRY, client-EE883D609918, cid=42
2019-09-17 06:00:05,966 [java.util.concurrent.ThreadPoolExecutor$Worker@457453c9[State = -1, empty queue]] WARN  server.GrpcLogAppender (GrpcLogAppender.java:timeoutAppendRequest(200)) - 3ec0bce2-5a80-4efc-b2ca-bab81cc18a9f@group-CBF25E866EAA->f6013552-a382-44c6-bdc3-8253bd9e054c-GrpcLogAppender: appendEntries Timeout, request=3ec0bce2-5a80-4efc-b2ca-bab81cc18a9f->f6013552-a382-44c6-bdc3-8253bd9e054c#11-t1, previous=(t:1, i:9), leaderCommit=6, initializing? false, entries: size=1, first=(t:1, i:10), STATEMACHINELOGENTRY, client-EE883D609918, cid=42
2019-09-17 06:00:05,966 [java.util.concurrent.ThreadPoolExecutor$Worker@2971b8e1[State = -1, empty queue]] WARN  server.GrpcLogAppender (GrpcLogAppender.java:timeoutAppendRequest(200)) - 3ec0bce2-5a80-4efc-b2ca-bab81cc18a9f@group-CBF25E866EAA->c5233a29-19a6-42e1-869f-0cfd92a1650c-GrpcLogAppender: appendEntries Timeout, request=3ec0bce2-5a80-4efc-b2ca-bab81cc18a9f->c5233a29-19a6-42e1-869f-0cfd92a1650c#12-t1, previous=(t:1, i:10), leaderCommit=6, initializing? false, entries: size=1, first=(t:1, i:11), STATEMACHINELOGENTRY, client-EE883D609918, cid=43
2019-09-17 06:00:05,966 [java.util.concurrent.ThreadPoolExecutor$Worker@457453c9[State = -1, empty queue]] WARN  server.GrpcLogAppender (GrpcLogAppender.java:timeoutAppendRequest(200)) - 3ec0bce2-5a80-4efc-b2ca-bab81cc18a9f@group-CBF25E866EAA->f6013552-a382-44c6-bdc3-8253bd9e054c-GrpcLogAppender: appendEntries Timeout, request=3ec0bce2-5a80-4efc-b2ca-bab81cc18a9f->f6013552-a382-44c6-bdc3-8253bd9e054c#12-t1, previous=(t:1, i:10), leaderCommit=6, initializing? false, entries: size=1, first=(t:1, i:11), STATEMACHINELOGENTRY, client-EE883D609918, cid=43
2019-09-17 06:00:05,966 [java.util.concurrent.ThreadPoolExecutor$Worker@2971b8e1[State = -1, empty queue]] WARN  server.GrpcLogAppender (GrpcLogAppender.java:timeoutAppendRequest(200)) - 3ec0bce2-5a80-4efc-b2ca-bab81cc18a9f@group-CBF25E866EAA->c5233a29-19a6-42e1-869f-0cfd92a1650c-GrpcLogAppender: appendEntries Timeout, request=3ec0bce2-5a80-4efc-b2ca-bab81cc18a9f->c5233a29-19a6-42e1-869f-0cfd92a1650c#13-t1, previous=(t:1, i:11), leaderCommit=6, initializing? false, entries: size=1, first=(t:1, i:12), STATEMACHINELOGENTRY, client-EE883D609918, cid=44
2019-09-17 06:00:05,966 [java.util.concurrent.ThreadPoolExecutor$Worker@457453c9[State = -1, empty queue]] WARN  server.GrpcLogAppender (GrpcLogAppender.java:timeoutAppendRequest(200)) - 3ec0bce2-5a80-4efc-b2ca-bab81cc18a9f@group-CBF25E866EAA->f6013552-a382-44c6-bdc3-8253bd9e054c-GrpcLogAppender: appendEntries Timeout, request=3ec0bce2-5a80-4efc-b2ca-bab81cc18a9f->f6013552-a382-44c6-bdc3-8253bd9e054c#13-t1, previous=(t:1, i:11), leaderCommit=6, initializing? false, entries: size=1, first=(t:1, i:12), STATEMACHINELOGENTRY, client-EE883D609918, cid=44
2019-09-17 06:00:06,790 [grpc-default-executor-5] INFO  impl.RaftServerProxy (RaftServerProxy.java:remove(95)) - c5233a29-19a6-42e1-869f-0cfd92a1650c: remove group-E2F58C278DC5:null
2019-09-17 06:00:06,800 [RatisPipelineUtilsThread] WARN  pipeline.RatisPipelineUtils (RatisPipelineUtils.java:destroyPipeline(66)) - Pipeline destroy failed for pipeline=PipelineID=2e6087e1-ff44-45df-ae3c-e2f58c278dc5 dn=c5233a29-19a6-42e1-869f-0cfd92a1650c{ip: 192.168.34.7, host: pr-hdds-2132-5g9kv-3389001449, networkLocation: /default-rack, certSerialId: null}
2019-09-17 06:00:06,804 [grpc-default-executor-5] INFO  impl.RaftServerProxy (RaftServerProxy.java:remove(95)) - 3ec0bce2-5a80-4efc-b2ca-bab81cc18a9f: remove group-E2F58C278DC5:null
2019-09-17 06:00:06,811 [RatisPipelineUtilsThread] WARN  pipeline.RatisPipelineUtils (RatisPipelineUtils.java:destroyPipeline(66)) - Pipeline destroy failed for pipeline=PipelineID=2e6087e1-ff44-45df-ae3c-e2f58c278dc5 dn=3ec0bce2-5a80-4efc-b2ca-bab81cc18a9f{ip: 192.168.34.7, host: pr-hdds-2132-5g9kv-3389001449, networkLocation: /default-rack, certSerialId: null}
2019-09-17 06:00:06,815 [grpc-default-executor-5] INFO  impl.RaftServerProxy (RaftServerProxy.java:remove(95)) - f6013552-a382-44c6-bdc3-8253bd9e054c: remove group-E2F58C278DC5:null
2019-09-17 06:00:06,821 [RatisPipelineUtilsThread] WARN  pipeline.RatisPipelineUtils (RatisPipelineUtils.java:destroyPipeline(66)) - Pipeline destroy failed for pipeline=PipelineID=2e6087e1-ff44-45df-ae3c-e2f58c278dc5 dn=f6013552-a382-44c6-bdc3-8253bd9e054c{ip: 192.168.34.7, host: pr-hdds-2132-5g9kv-3389001449, networkLocation: /default-rack, certSerialId: null}
2019-09-17 06:00:06,822 [RatisPipelineUtilsThread] ERROR pipeline.SCMPipelineManager (Scheduler.java:lambda$schedule$1(70)) - Destroy pipeline failed for pipeline:Pipeline[ Id: 2e6087e1-ff44-45df-ae3c-e2f58c278dc5, Nodes: c5233a29-19a6-42e1-869f-0cfd92a1650c{ip: 192.168.34.7, host: pr-hdds-2132-5g9kv-3389001449, networkLocation: /default-rack, certSerialId: null}3ec0bce2-5a80-4efc-b2ca-bab81cc18a9f{ip: 192.168.34.7, host: pr-hdds-2132-5g9kv-3389001449, networkLocation: /default-rack, certSerialId: null}f6013552-a382-44c6-bdc3-8253bd9e054c{ip: 192.168.34.7, host: pr-hdds-2132-5g9kv-3389001449, networkLocation: /default-rack, certSerialId: null}, Type:RATIS, Factor:THREE, State:CLOSED]
org.apache.hadoop.hdds.scm.pipeline.PipelineNotFoundException: PipelineID=2e6087e1-ff44-45df-ae3c-e2f58c278dc5 not found
	at org.apache.hadoop.hdds.scm.pipeline.PipelineStateMap.getPipeline(PipelineStateMap.java:132)
	at org.apache.hadoop.hdds.scm.pipeline.PipelineStateMap.removePipeline(PipelineStateMap.java:322)
	at org.apache.hadoop.hdds.scm.pipeline.PipelineStateManager.removePipeline(PipelineStateManager.java:107)
	at org.apache.hadoop.hdds.scm.pipeline.SCMPipelineManager.removePipeline(SCMPipelineManager.java:423)
	at org.apache.hadoop.hdds.scm.pipeline.SCMPipelineManager.destroyPipeline(SCMPipelineManager.java:409)
	at org.apache.hadoop.hdds.scm.pipeline.SCMPipelineManager.lambda$finalizeAndDestroyPipeline$0(SCMPipelineManager.java:318)
	at org.apache.hadoop.utils.Scheduler.lambda$schedule$1(Scheduler.java:68)
	at java.util.concurrent.Executors$RunnableAdapter.call(Executors.java:511)
	at java.util.concurrent.FutureTask.run(FutureTask.java:266)
	at java.util.concurrent.ScheduledThreadPoolExecutor$ScheduledFutureTask.access$201(ScheduledThreadPoolExecutor.java:180)
	at java.util.concurrent.ScheduledThreadPoolExecutor$ScheduledFutureTask.run(ScheduledThreadPoolExecutor.java:293)
	at java.util.concurrent.ThreadPoolExecutor.runWorker(ThreadPoolExecutor.java:1149)
	at java.util.concurrent.ThreadPoolExecutor$Worker.run(ThreadPoolExecutor.java:624)
	at java.lang.Thread.run(Thread.java:748)
2019-09-17 06:00:07,981 [grpc-default-executor-1] INFO  client.GrpcClientProtocolClient (GrpcClientProtocolClient.java:onNext(264)) - client-EE883D609918->c5233a29-19a6-42e1-869f-0cfd92a1650c: receive RaftClientReply:client-EE883D609918->c5233a29-19a6-42e1-869f-0cfd92a1650c@group-CBF25E866EAA, cid=39, FAILED org.apache.ratis.protocol.NotLeaderException: Server c5233a29-19a6-42e1-869f-0cfd92a1650c@group-CBF25E866EAA is not the leader 3ec0bce2-5a80-4efc-b2ca-bab81cc18a9f:192.168.34.7:33921, logIndex=0, commits[c5233a29-19a6-42e1-869f-0cfd92a1650c:c6, f6013552-a382-44c6-bdc3-8253bd9e054c:c4, 3ec0bce2-5a80-4efc-b2ca-bab81cc18a9f:c6]
2019-09-17 06:00:08,461 [java.util.concurrent.ThreadPoolExecutor$Worker@457453c9[State = -1, empty queue]] WARN  server.GrpcLogAppender (GrpcLogAppender.java:timeoutAppendRequest(200)) - 3ec0bce2-5a80-4efc-b2ca-bab81cc18a9f@group-CBF25E866EAA->f6013552-a382-44c6-bdc3-8253bd9e054c-GrpcLogAppender: appendEntries Timeout, request=3ec0bce2-5a80-4efc-b2ca-bab81cc18a9f->f6013552-a382-44c6-bdc3-8253bd9e054c#14-t1, previous=(t:1, i:12), leaderCommit=6, initializing? false, entries: <empty>
2019-09-17 06:00:08,461 [java.util.concurrent.ThreadPoolExecutor$Worker@2971b8e1[State = -1, empty queue]] WARN  server.GrpcLogAppender (GrpcLogAppender.java:timeoutAppendRequest(200)) - 3ec0bce2-5a80-4efc-b2ca-bab81cc18a9f@group-CBF25E866EAA->c5233a29-19a6-42e1-869f-0cfd92a1650c-GrpcLogAppender: appendEntries Timeout, request=3ec0bce2-5a80-4efc-b2ca-bab81cc18a9f->c5233a29-19a6-42e1-869f-0cfd92a1650c#14-t1, previous=(t:1, i:12), leaderCommit=6, initializing? false, entries: <empty>
2019-09-17 06:00:09,792 [grpc-default-executor-2] INFO  impl.RaftServerProxy (RaftServerProxy.java:remove(95)) - c5233a29-19a6-42e1-869f-0cfd92a1650c: remove group-E2F58C278DC5:null
2019-09-17 06:00:09,802 [RatisPipelineUtilsThread] WARN  pipeline.RatisPipelineUtils (RatisPipelineUtils.java:destroyPipeline(66)) - Pipeline destroy failed for pipeline=PipelineID=2e6087e1-ff44-45df-ae3c-e2f58c278dc5 dn=c5233a29-19a6-42e1-869f-0cfd92a1650c{ip: 192.168.34.7, host: pr-hdds-2132-5g9kv-3389001449, networkLocation: /default-rack, certSerialId: null}
2019-09-17 06:00:09,806 [grpc-default-executor-2] INFO  impl.RaftServerProxy (RaftServerProxy.java:remove(95)) - 3ec0bce2-5a80-4efc-b2ca-bab81cc18a9f: remove group-E2F58C278DC5:null
2019-09-17 06:00:09,811 [RatisPipelineUtilsThread] WARN  pipeline.RatisPipelineUtils (RatisPipelineUtils.java:destroyPipeline(66)) - Pipeline destroy failed for pipeline=PipelineID=2e6087e1-ff44-45df-ae3c-e2f58c278dc5 dn=3ec0bce2-5a80-4efc-b2ca-bab81cc18a9f{ip: 192.168.34.7, host: pr-hdds-2132-5g9kv-3389001449, networkLocation: /default-rack, certSerialId: null}
2019-09-17 06:00:09,815 [grpc-default-executor-2] INFO  impl.RaftServerProxy (RaftServerProxy.java:remove(95)) - f6013552-a382-44c6-bdc3-8253bd9e054c: remove group-E2F58C278DC5:null
2019-09-17 06:00:09,820 [RatisPipelineUtilsThread] WARN  pipeline.RatisPipelineUtils (RatisPipelineUtils.java:destroyPipeline(66)) - Pipeline destroy failed for pipeline=PipelineID=2e6087e1-ff44-45df-ae3c-e2f58c278dc5 dn=f6013552-a382-44c6-bdc3-8253bd9e054c{ip: 192.168.34.7, host: pr-hdds-2132-5g9kv-3389001449, networkLocation: /default-rack, certSerialId: null}
2019-09-17 06:00:09,821 [RatisPipelineUtilsThread] ERROR pipeline.SCMPipelineManager (Scheduler.java:lambda$schedule$1(70)) - Destroy pipeline failed for pipeline:Pipeline[ Id: 2e6087e1-ff44-45df-ae3c-e2f58c278dc5, Nodes: c5233a29-19a6-42e1-869f-0cfd92a1650c{ip: 192.168.34.7, host: pr-hdds-2132-5g9kv-3389001449, networkLocation: /default-rack, certSerialId: null}3ec0bce2-5a80-4efc-b2ca-bab81cc18a9f{ip: 192.168.34.7, host: pr-hdds-2132-5g9kv-3389001449, networkLocation: /default-rack, certSerialId: null}f6013552-a382-44c6-bdc3-8253bd9e054c{ip: 192.168.34.7, host: pr-hdds-2132-5g9kv-3389001449, networkLocation: /default-rack, certSerialId: null}, Type:RATIS, Factor:THREE, State:CLOSED]
org.apache.hadoop.hdds.scm.pipeline.PipelineNotFoundException: PipelineID=2e6087e1-ff44-45df-ae3c-e2f58c278dc5 not found
	at org.apache.hadoop.hdds.scm.pipeline.PipelineStateMap.getPipeline(PipelineStateMap.java:132)
	at org.apache.hadoop.hdds.scm.pipeline.PipelineStateMap.removePipeline(PipelineStateMap.java:322)
	at org.apache.hadoop.hdds.scm.pipeline.PipelineStateManager.removePipeline(PipelineStateManager.java:107)
	at org.apache.hadoop.hdds.scm.pipeline.SCMPipelineManager.removePipeline(SCMPipelineManager.java:423)
	at org.apache.hadoop.hdds.scm.pipeline.SCMPipelineManager.destroyPipeline(SCMPipelineManager.java:409)
	at org.apache.hadoop.hdds.scm.pipeline.SCMPipelineManager.lambda$finalizeAndDestroyPipeline$0(SCMPipelineManager.java:318)
	at org.apache.hadoop.utils.Scheduler.lambda$schedule$1(Scheduler.java:68)
	at java.util.concurrent.Executors$RunnableAdapter.call(Executors.java:511)
	at java.util.concurrent.FutureTask.run(FutureTask.java:266)
	at java.util.concurrent.ScheduledThreadPoolExecutor$ScheduledFutureTask.access$201(ScheduledThreadPoolExecutor.java:180)
	at java.util.concurrent.ScheduledThreadPoolExecutor$ScheduledFutureTask.run(ScheduledThreadPoolExecutor.java:293)
	at java.util.concurrent.ThreadPoolExecutor.runWorker(ThreadPoolExecutor.java:1149)
	at java.util.concurrent.ThreadPoolExecutor$Worker.run(ThreadPoolExecutor.java:624)
	at java.lang.Thread.run(Thread.java:748)
2019-09-17 06:00:10,963 [java.util.concurrent.ThreadPoolExecutor$Worker@457453c9[State = -1, empty queue]] WARN  server.GrpcLogAppender (GrpcLogAppender.java:timeoutAppendRequest(200)) - 3ec0bce2-5a80-4efc-b2ca-bab81cc18a9f@group-CBF25E866EAA->f6013552-a382-44c6-bdc3-8253bd9e054c-GrpcLogAppender: appendEntries Timeout, request=3ec0bce2-5a80-4efc-b2ca-bab81cc18a9f->f6013552-a382-44c6-bdc3-8253bd9e054c#15-t1, previous=(t:1, i:12), leaderCommit=6, initializing? false, entries: <empty>
2019-09-17 06:00:10,963 [java.util.concurrent.ThreadPoolExecutor$Worker@2971b8e1[State = -1, empty queue]] WARN  server.GrpcLogAppender (GrpcLogAppender.java:timeoutAppendRequest(200)) - 3ec0bce2-5a80-4efc-b2ca-bab81cc18a9f@group-CBF25E866EAA->c5233a29-19a6-42e1-869f-0cfd92a1650c-GrpcLogAppender: appendEntries Timeout, request=3ec0bce2-5a80-4efc-b2ca-bab81cc18a9f->c5233a29-19a6-42e1-869f-0cfd92a1650c#15-t1, previous=(t:1, i:12), leaderCommit=6, initializing? false, entries: <empty>
2019-09-17 06:00:11,787 [grpc-default-executor-1] INFO  impl.RaftServerProxy (RaftServerProxy.java:remove(95)) - c5233a29-19a6-42e1-869f-0cfd92a1650c: remove group-E2F58C278DC5:null
2019-09-17 06:00:11,796 [RatisPipelineUtilsThread] WARN  pipeline.RatisPipelineUtils (RatisPipelineUtils.java:destroyPipeline(66)) - Pipeline destroy failed for pipeline=PipelineID=2e6087e1-ff44-45df-ae3c-e2f58c278dc5 dn=c5233a29-19a6-42e1-869f-0cfd92a1650c{ip: 192.168.34.7, host: pr-hdds-2132-5g9kv-3389001449, networkLocation: /default-rack, certSerialId: null}
2019-09-17 06:00:11,800 [grpc-default-executor-1] INFO  impl.RaftServerProxy (RaftServerProxy.java:remove(95)) - 3ec0bce2-5a80-4efc-b2ca-bab81cc18a9f: remove group-E2F58C278DC5:null
2019-09-17 06:00:11,806 [RatisPipelineUtilsThread] WARN  pipeline.RatisPipelineUtils (RatisPipelineUtils.java:destroyPipeline(66)) - Pipeline destroy failed for pipeline=PipelineID=2e6087e1-ff44-45df-ae3c-e2f58c278dc5 dn=3ec0bce2-5a80-4efc-b2ca-bab81cc18a9f{ip: 192.168.34.7, host: pr-hdds-2132-5g9kv-3389001449, networkLocation: /default-rack, certSerialId: null}
2019-09-17 06:00:11,809 [grpc-default-executor-1] INFO  impl.RaftServerProxy (RaftServerProxy.java:remove(95)) - f6013552-a382-44c6-bdc3-8253bd9e054c: remove group-E2F58C278DC5:null
2019-09-17 06:00:11,829 [RatisPipelineUtilsThread] WARN  pipeline.RatisPipelineUtils (RatisPipelineUtils.java:destroyPipeline(66)) - Pipeline destroy failed for pipeline=PipelineID=2e6087e1-ff44-45df-ae3c-e2f58c278dc5 dn=f6013552-a382-44c6-bdc3-8253bd9e054c{ip: 192.168.34.7, host: pr-hdds-2132-5g9kv-3389001449, networkLocation: /default-rack, certSerialId: null}
2019-09-17 06:00:11,830 [RatisPipelineUtilsThread] ERROR pipeline.SCMPipelineManager (Scheduler.java:lambda$schedule$1(70)) - Destroy pipeline failed for pipeline:Pipeline[ Id: 2e6087e1-ff44-45df-ae3c-e2f58c278dc5, Nodes: c5233a29-19a6-42e1-869f-0cfd92a1650c{ip: 192.168.34.7, host: pr-hdds-2132-5g9kv-3389001449, networkLocation: /default-rack, certSerialId: null}3ec0bce2-5a80-4efc-b2ca-bab81cc18a9f{ip: 192.168.34.7, host: pr-hdds-2132-5g9kv-3389001449, networkLocation: /default-rack, certSerialId: null}f6013552-a382-44c6-bdc3-8253bd9e054c{ip: 192.168.34.7, host: pr-hdds-2132-5g9kv-3389001449, networkLocation: /default-rack, certSerialId: null}, Type:RATIS, Factor:THREE, State:CLOSED]
org.apache.hadoop.hdds.scm.pipeline.PipelineNotFoundException: PipelineID=2e6087e1-ff44-45df-ae3c-e2f58c278dc5 not found
	at org.apache.hadoop.hdds.scm.pipeline.PipelineStateMap.getPipeline(PipelineStateMap.java:132)
	at org.apache.hadoop.hdds.scm.pipeline.PipelineStateMap.removePipeline(PipelineStateMap.java:322)
	at org.apache.hadoop.hdds.scm.pipeline.PipelineStateManager.removePipeline(PipelineStateManager.java:107)
	at org.apache.hadoop.hdds.scm.pipeline.SCMPipelineManager.removePipeline(SCMPipelineManager.java:423)
	at org.apache.hadoop.hdds.scm.pipeline.SCMPipelineManager.destroyPipeline(SCMPipelineManager.java:409)
	at org.apache.hadoop.hdds.scm.pipeline.SCMPipelineManager.lambda$finalizeAndDestroyPipeline$0(SCMPipelineManager.java:318)
	at org.apache.hadoop.utils.Scheduler.lambda$schedule$1(Scheduler.java:68)
	at java.util.concurrent.Executors$RunnableAdapter.call(Executors.java:511)
	at java.util.concurrent.FutureTask.run(FutureTask.java:266)
	at java.util.concurrent.ScheduledThreadPoolExecutor$ScheduledFutureTask.access$201(ScheduledThreadPoolExecutor.java:180)
	at java.util.concurrent.ScheduledThreadPoolExecutor$ScheduledFutureTask.run(ScheduledThreadPoolExecutor.java:293)
	at java.util.concurrent.ThreadPoolExecutor.runWorker(ThreadPoolExecutor.java:1149)
	at java.util.concurrent.ThreadPoolExecutor$Worker.run(ThreadPoolExecutor.java:624)
	at java.lang.Thread.run(Thread.java:748)
2019-09-17 06:00:12,957 [3ec0bce2-5a80-4efc-b2ca-bab81cc18a9f@group-CBF25E866EAA-SegmentedRaftLogWorker] WARN  segmented.SegmentedRaftLogWorker (SegmentedRaftLogWorker.java:getFromFuture(90)) - Timeout 0/~
org.apache.ratis.protocol.TimeoutIOException: Timeout 10s: WriteLog:7: (t:1, i:7), STATEMACHINELOGENTRY, client-EE883D609918, cid=39-writeStateMachineData
	at org.apache.ratis.util.IOUtils.getFromFuture(IOUtils.java:87)
	at org.apache.ratis.server.raftlog.segmented.SegmentedRaftLogWorker$StateMachineDataPolicy.getFromFuture(SegmentedRaftLogWorker.java:87)
	at org.apache.ratis.server.raftlog.segmented.SegmentedRaftLogWorker$WriteLog.execute(SegmentedRaftLogWorker.java:477)
	at org.apache.ratis.server.raftlog.segmented.SegmentedRaftLogWorker.run(SegmentedRaftLogWorker.java:289)
	at java.lang.Thread.run(Thread.java:748)
Caused by: java.util.concurrent.TimeoutException
	at java.util.concurrent.CompletableFuture.timedGet(CompletableFuture.java:1771)
	at java.util.concurrent.CompletableFuture.get(CompletableFuture.java:1915)
	at org.apache.ratis.util.IOUtils.getFromFuture(IOUtils.java:79)
	... 4 more
2019-09-17 06:00:12,958 [c5233a29-19a6-42e1-869f-0cfd92a1650c@group-CBF25E866EAA-SegmentedRaftLogWorker] WARN  segmented.SegmentedRaftLogWorker (SegmentedRaftLogWorker.java:getFromFuture(90)) - Timeout 0/~
org.apache.ratis.protocol.TimeoutIOException: Timeout 10s: WriteLog:7: (t:1, i:7), STATEMACHINELOGENTRY, client-EE883D609918, cid=39-writeStateMachineData
	at org.apache.ratis.util.IOUtils.getFromFuture(IOUtils.java:87)
	at org.apache.ratis.server.raftlog.segmented.SegmentedRaftLogWorker$StateMachineDataPolicy.getFromFuture(SegmentedRaftLogWorker.java:87)
	at org.apache.ratis.server.raftlog.segmented.SegmentedRaftLogWorker$WriteLog.execute(SegmentedRaftLogWorker.java:477)
	at org.apache.ratis.server.raftlog.segmented.SegmentedRaftLogWorker.run(SegmentedRaftLogWorker.java:289)
	at java.lang.Thread.run(Thread.java:748)
Caused by: java.util.concurrent.TimeoutException
	at java.util.concurrent.CompletableFuture.timedGet(CompletableFuture.java:1771)
	at java.util.concurrent.CompletableFuture.get(CompletableFuture.java:1915)
	at org.apache.ratis.util.IOUtils.getFromFuture(IOUtils.java:79)
	... 4 more
2019-09-17 06:00:12,957 [f6013552-a382-44c6-bdc3-8253bd9e054c@group-CBF25E866EAA-SegmentedRaftLogWorker] WARN  segmented.SegmentedRaftLogWorker (SegmentedRaftLogWorker.java:getFromFuture(90)) - Timeout 0/~
org.apache.ratis.protocol.TimeoutIOException: Timeout 10s: WriteLog:7: (t:1, i:7), STATEMACHINELOGENTRY, client-EE883D609918, cid=39-writeStateMachineData
	at org.apache.ratis.util.IOUtils.getFromFuture(IOUtils.java:87)
	at org.apache.ratis.server.raftlog.segmented.SegmentedRaftLogWorker$StateMachineDataPolicy.getFromFuture(SegmentedRaftLogWorker.java:87)
	at org.apache.ratis.server.raftlog.segmented.SegmentedRaftLogWorker$WriteLog.execute(SegmentedRaftLogWorker.java:477)
	at org.apache.ratis.server.raftlog.segmented.SegmentedRaftLogWorker.run(SegmentedRaftLogWorker.java:289)
	at java.lang.Thread.run(Thread.java:748)
Caused by: java.util.concurrent.TimeoutException
	at java.util.concurrent.CompletableFuture.timedGet(CompletableFuture.java:1771)
	at java.util.concurrent.CompletableFuture.get(CompletableFuture.java:1915)
	at org.apache.ratis.util.IOUtils.getFromFuture(IOUtils.java:79)
	... 4 more
2019-09-17 06:00:13,025 [grpc-default-executor-1] INFO  client.GrpcClientProtocolClient (GrpcClientProtocolClient.java:onNext(264)) - client-EE883D609918->f6013552-a382-44c6-bdc3-8253bd9e054c: receive RaftClientReply:client-EE883D609918->f6013552-a382-44c6-bdc3-8253bd9e054c@group-CBF25E866EAA, cid=39, FAILED org.apache.ratis.protocol.NotLeaderException: Server f6013552-a382-44c6-bdc3-8253bd9e054c@group-CBF25E866EAA is not the leader 3ec0bce2-5a80-4efc-b2ca-bab81cc18a9f:192.168.34.7:33921, logIndex=0, commits[f6013552-a382-44c6-bdc3-8253bd9e054c:c6, c5233a29-19a6-42e1-869f-0cfd92a1650c:c4, 3ec0bce2-5a80-4efc-b2ca-bab81cc18a9f:c6]
2019-09-17 06:00:13,464 [java.util.concurrent.ThreadPoolExecutor$Worker@457453c9[State = -1, empty queue]] WARN  server.GrpcLogAppender (GrpcLogAppender.java:timeoutAppendRequest(200)) - 3ec0bce2-5a80-4efc-b2ca-bab81cc18a9f@group-CBF25E866EAA->f6013552-a382-44c6-bdc3-8253bd9e054c-GrpcLogAppender: appendEntries Timeout, request=3ec0bce2-5a80-4efc-b2ca-bab81cc18a9f->f6013552-a382-44c6-bdc3-8253bd9e054c#16-t1, previous=(t:1, i:12), leaderCommit=6, initializing? false, entries: <empty>
2019-09-17 06:00:13,464 [java.util.concurrent.ThreadPoolExecutor$Worker@2971b8e1[State = -1, empty queue]] WARN  server.GrpcLogAppender (GrpcLogAppender.java:timeoutAppendRequest(200)) - 3ec0bce2-5a80-4efc-b2ca-bab81cc18a9f@group-CBF25E866EAA->c5233a29-19a6-42e1-869f-0cfd92a1650c-GrpcLogAppender: appendEntries Timeout, request=3ec0bce2-5a80-4efc-b2ca-bab81cc18a9f->c5233a29-19a6-42e1-869f-0cfd92a1650c#16-t1, previous=(t:1, i:12), leaderCommit=6, initializing? false, entries: <empty>
2019-09-17 06:00:14,787 [grpc-default-executor-1] INFO  impl.RaftServerProxy (RaftServerProxy.java:remove(95)) - c5233a29-19a6-42e1-869f-0cfd92a1650c: remove group-E2F58C278DC5:null
2019-09-17 06:00:14,797 [RatisPipelineUtilsThread] WARN  pipeline.RatisPipelineUtils (RatisPipelineUtils.java:destroyPipeline(66)) - Pipeline destroy failed for pipeline=PipelineID=2e6087e1-ff44-45df-ae3c-e2f58c278dc5 dn=c5233a29-19a6-42e1-869f-0cfd92a1650c{ip: 192.168.34.7, host: pr-hdds-2132-5g9kv-3389001449, networkLocation: /default-rack, certSerialId: null}
2019-09-17 06:00:14,801 [grpc-default-executor-1] INFO  impl.RaftServerProxy (RaftServerProxy.java:remove(95)) - 3ec0bce2-5a80-4efc-b2ca-bab81cc18a9f: remove group-E2F58C278DC5:null
2019-09-17 06:00:14,805 [RatisPipelineUtilsThread] WARN  pipeline.RatisPipelineUtils (RatisPipelineUtils.java:destroyPipeline(66)) - Pipeline destroy failed for pipeline=PipelineID=2e6087e1-ff44-45df-ae3c-e2f58c278dc5 dn=3ec0bce2-5a80-4efc-b2ca-bab81cc18a9f{ip: 192.168.34.7, host: pr-hdds-2132-5g9kv-3389001449, networkLocation: /default-rack, certSerialId: null}
2019-09-17 06:00:14,808 [grpc-default-executor-1] INFO  impl.RaftServerProxy (RaftServerProxy.java:remove(95)) - f6013552-a382-44c6-bdc3-8253bd9e054c: remove group-E2F58C278DC5:null
2019-09-17 06:00:14,813 [RatisPipelineUtilsThread] WARN  pipeline.RatisPipelineUtils (RatisPipelineUtils.java:destroyPipeline(66)) - Pipeline destroy failed for pipeline=PipelineID=2e6087e1-ff44-45df-ae3c-e2f58c278dc5 dn=f6013552-a382-44c6-bdc3-8253bd9e054c{ip: 192.168.34.7, host: pr-hdds-2132-5g9kv-3389001449, networkLocation: /default-rack, certSerialId: null}
2019-09-17 06:00:14,814 [RatisPipelineUtilsThread] ERROR pipeline.SCMPipelineManager (Scheduler.java:lambda$schedule$1(70)) - Destroy pipeline failed for pipeline:Pipeline[ Id: 2e6087e1-ff44-45df-ae3c-e2f58c278dc5, Nodes: c5233a29-19a6-42e1-869f-0cfd92a1650c{ip: 192.168.34.7, host: pr-hdds-2132-5g9kv-3389001449, networkLocation: /default-rack, certSerialId: null}3ec0bce2-5a80-4efc-b2ca-bab81cc18a9f{ip: 192.168.34.7, host: pr-hdds-2132-5g9kv-3389001449, networkLocation: /default-rack, certSerialId: null}f6013552-a382-44c6-bdc3-8253bd9e054c{ip: 192.168.34.7, host: pr-hdds-2132-5g9kv-3389001449, networkLocation: /default-rack, certSerialId: null}, Type:RATIS, Factor:THREE, State:CLOSED]
org.apache.hadoop.hdds.scm.pipeline.PipelineNotFoundException: PipelineID=2e6087e1-ff44-45df-ae3c-e2f58c278dc5 not found
	at org.apache.hadoop.hdds.scm.pipeline.PipelineStateMap.getPipeline(PipelineStateMap.java:132)
	at org.apache.hadoop.hdds.scm.pipeline.PipelineStateMap.removePipeline(PipelineStateMap.java:322)
	at org.apache.hadoop.hdds.scm.pipeline.PipelineStateManager.removePipeline(PipelineStateManager.java:107)
	at org.apache.hadoop.hdds.scm.pipeline.SCMPipelineManager.removePipeline(SCMPipelineManager.java:423)
	at org.apache.hadoop.hdds.scm.pipeline.SCMPipelineManager.destroyPipeline(SCMPipelineManager.java:409)
	at org.apache.hadoop.hdds.scm.pipeline.SCMPipelineManager.lambda$finalizeAndDestroyPipeline$0(SCMPipelineManager.java:318)
	at org.apache.hadoop.utils.Scheduler.lambda$schedule$1(Scheduler.java:68)
	at java.util.concurrent.Executors$RunnableAdapter.call(Executors.java:511)
	at java.util.concurrent.FutureTask.run(FutureTask.java:266)
	at java.util.concurrent.ScheduledThreadPoolExecutor$ScheduledFutureTask.access$201(ScheduledThreadPoolExecutor.java:180)
	at java.util.concurrent.ScheduledThreadPoolExecutor$ScheduledFutureTask.run(ScheduledThreadPoolExecutor.java:293)
	at java.util.concurrent.ThreadPoolExecutor.runWorker(ThreadPoolExecutor.java:1149)
	at java.util.concurrent.ThreadPoolExecutor$Worker.run(ThreadPoolExecutor.java:624)
	at java.lang.Thread.run(Thread.java:748)
2019-09-17 06:00:15,966 [java.util.concurrent.ThreadPoolExecutor$Worker@457453c9[State = -1, empty queue]] WARN  server.GrpcLogAppender (GrpcLogAppender.java:timeoutAppendRequest(200)) - 3ec0bce2-5a80-4efc-b2ca-bab81cc18a9f@group-CBF25E866EAA->f6013552-a382-44c6-bdc3-8253bd9e054c-GrpcLogAppender: appendEntries Timeout, request=3ec0bce2-5a80-4efc-b2ca-bab81cc18a9f->f6013552-a382-44c6-bdc3-8253bd9e054c#17-t1, previous=(t:1, i:12), leaderCommit=6, initializing? false, entries: <empty>
2019-09-17 06:00:15,966 [java.util.concurrent.ThreadPoolExecutor$Worker@2971b8e1[State = -1, empty queue]] WARN  server.GrpcLogAppender (GrpcLogAppender.java:timeoutAppendRequest(200)) - 3ec0bce2-5a80-4efc-b2ca-bab81cc18a9f@group-CBF25E866EAA->c5233a29-19a6-42e1-869f-0cfd92a1650c-GrpcLogAppender: appendEntries Timeout, request=3ec0bce2-5a80-4efc-b2ca-bab81cc18a9f->c5233a29-19a6-42e1-869f-0cfd92a1650c#17-t1, previous=(t:1, i:12), leaderCommit=6, initializing? false, entries: <empty>
2019-09-17 06:00:16,791 [grpc-default-executor-1] INFO  impl.RaftServerProxy (RaftServerProxy.java:remove(95)) - c5233a29-19a6-42e1-869f-0cfd92a1650c: remove group-E2F58C278DC5:null
2019-09-17 06:00:16,800 [RatisPipelineUtilsThread] WARN  pipeline.RatisPipelineUtils (RatisPipelineUtils.java:destroyPipeline(66)) - Pipeline destroy failed for pipeline=PipelineID=2e6087e1-ff44-45df-ae3c-e2f58c278dc5 dn=c5233a29-19a6-42e1-869f-0cfd92a1650c{ip: 192.168.34.7, host: pr-hdds-2132-5g9kv-3389001449, networkLocation: /default-rack, certSerialId: null}
2019-09-17 06:00:16,803 [grpc-default-executor-1] INFO  impl.RaftServerProxy (RaftServerProxy.java:remove(95)) - 3ec0bce2-5a80-4efc-b2ca-bab81cc18a9f: remove group-E2F58C278DC5:null
2019-09-17 06:00:16,810 [RatisPipelineUtilsThread] WARN  pipeline.RatisPipelineUtils (RatisPipelineUtils.java:destroyPipeline(66)) - Pipeline destroy failed for pipeline=PipelineID=2e6087e1-ff44-45df-ae3c-e2f58c278dc5 dn=3ec0bce2-5a80-4efc-b2ca-bab81cc18a9f{ip: 192.168.34.7, host: pr-hdds-2132-5g9kv-3389001449, networkLocation: /default-rack, certSerialId: null}
2019-09-17 06:00:16,813 [grpc-default-executor-1] INFO  impl.RaftServerProxy (RaftServerProxy.java:remove(95)) - f6013552-a382-44c6-bdc3-8253bd9e054c: remove group-E2F58C278DC5:null
2019-09-17 06:00:16,819 [RatisPipelineUtilsThread] WARN  pipeline.RatisPipelineUtils (RatisPipelineUtils.java:destroyPipeline(66)) - Pipeline destroy failed for pipeline=PipelineID=2e6087e1-ff44-45df-ae3c-e2f58c278dc5 dn=f6013552-a382-44c6-bdc3-8253bd9e054c{ip: 192.168.34.7, host: pr-hdds-2132-5g9kv-3389001449, networkLocation: /default-rack, certSerialId: null}
2019-09-17 06:00:16,820 [RatisPipelineUtilsThread] ERROR pipeline.SCMPipelineManager (Scheduler.java:lambda$schedule$1(70)) - Destroy pipeline failed for pipeline:Pipeline[ Id: 2e6087e1-ff44-45df-ae3c-e2f58c278dc5, Nodes: c5233a29-19a6-42e1-869f-0cfd92a1650c{ip: 192.168.34.7, host: pr-hdds-2132-5g9kv-3389001449, networkLocation: /default-rack, certSerialId: null}3ec0bce2-5a80-4efc-b2ca-bab81cc18a9f{ip: 192.168.34.7, host: pr-hdds-2132-5g9kv-3389001449, networkLocation: /default-rack, certSerialId: null}f6013552-a382-44c6-bdc3-8253bd9e054c{ip: 192.168.34.7, host: pr-hdds-2132-5g9kv-3389001449, networkLocation: /default-rack, certSerialId: null}, Type:RATIS, Factor:THREE, State:CLOSED]
org.apache.hadoop.hdds.scm.pipeline.PipelineNotFoundException: PipelineID=2e6087e1-ff44-45df-ae3c-e2f58c278dc5 not found
	at org.apache.hadoop.hdds.scm.pipeline.PipelineStateMap.getPipeline(PipelineStateMap.java:132)
	at org.apache.hadoop.hdds.scm.pipeline.PipelineStateMap.removePipeline(PipelineStateMap.java:322)
	at org.apache.hadoop.hdds.scm.pipeline.PipelineStateManager.removePipeline(PipelineStateManager.java:107)
	at org.apache.hadoop.hdds.scm.pipeline.SCMPipelineManager.removePipeline(SCMPipelineManager.java:423)
	at org.apache.hadoop.hdds.scm.pipeline.SCMPipelineManager.destroyPipeline(SCMPipelineManager.java:409)
	at org.apache.hadoop.hdds.scm.pipeline.SCMPipelineManager.lambda$finalizeAndDestroyPipeline$0(SCMPipelineManager.java:318)
	at org.apache.hadoop.utils.Scheduler.lambda$schedule$1(Scheduler.java:68)
	at java.util.concurrent.Executors$RunnableAdapter.call(Executors.java:511)
	at java.util.concurrent.FutureTask.run(FutureTask.java:266)
	at java.util.concurrent.ScheduledThreadPoolExecutor$ScheduledFutureTask.access$201(ScheduledThreadPoolExecutor.java:180)
	at java.util.concurrent.ScheduledThreadPoolExecutor$ScheduledFutureTask.run(ScheduledThreadPoolExecutor.java:293)
	at java.util.concurrent.ThreadPoolExecutor.runWorker(ThreadPoolExecutor.java:1149)
	at java.util.concurrent.ThreadPoolExecutor$Worker.run(ThreadPoolExecutor.java:624)
	at java.lang.Thread.run(Thread.java:748)
2019-09-17 06:00:18,075 [grpc-default-executor-2] INFO  client.GrpcClientProtocolClient (GrpcClientProtocolClient.java:onNext(264)) - client-EE883D609918->c5233a29-19a6-42e1-869f-0cfd92a1650c: receive RaftClientReply:client-EE883D609918->c5233a29-19a6-42e1-869f-0cfd92a1650c@group-CBF25E866EAA, cid=39, FAILED org.apache.ratis.protocol.NotLeaderException: Server c5233a29-19a6-42e1-869f-0cfd92a1650c@group-CBF25E866EAA is not the leader 3ec0bce2-5a80-4efc-b2ca-bab81cc18a9f:192.168.34.7:33921, logIndex=0, commits[c5233a29-19a6-42e1-869f-0cfd92a1650c:c6, f6013552-a382-44c6-bdc3-8253bd9e054c:c4, 3ec0bce2-5a80-4efc-b2ca-bab81cc18a9f:c6]
2019-09-17 06:00:18,467 [java.util.concurrent.ThreadPoolExecutor$Worker@2971b8e1[State = -1, empty queue]] WARN  server.GrpcLogAppender (GrpcLogAppender.java:timeoutAppendRequest(200)) - 3ec0bce2-5a80-4efc-b2ca-bab81cc18a9f@group-CBF25E866EAA->c5233a29-19a6-42e1-869f-0cfd92a1650c-GrpcLogAppender: appendEntries Timeout, request=3ec0bce2-5a80-4efc-b2ca-bab81cc18a9f->c5233a29-19a6-42e1-869f-0cfd92a1650c#18-t1, previous=(t:1, i:12), leaderCommit=6, initializing? false, entries: <empty>
2019-09-17 06:00:18,467 [java.util.concurrent.ThreadPoolExecutor$Worker@457453c9[State = -1, empty queue]] WARN  server.GrpcLogAppender (GrpcLogAppender.java:timeoutAppendRequest(200)) - 3ec0bce2-5a80-4efc-b2ca-bab81cc18a9f@group-CBF25E866EAA->f6013552-a382-44c6-bdc3-8253bd9e054c-GrpcLogAppender: appendEntries Timeout, request=3ec0bce2-5a80-4efc-b2ca-bab81cc18a9f->f6013552-a382-44c6-bdc3-8253bd9e054c#18-t1, previous=(t:1, i:12), leaderCommit=6, initializing? false, entries: <empty>
2019-09-17 06:00:19,791 [grpc-default-executor-5] INFO  impl.RaftServerProxy (RaftServerProxy.java:remove(95)) - c5233a29-19a6-42e1-869f-0cfd92a1650c: remove group-E2F58C278DC5:null
2019-09-17 06:00:19,801 [RatisPipelineUtilsThread] WARN  pipeline.RatisPipelineUtils (RatisPipelineUtils.java:destroyPipeline(66)) - Pipeline destroy failed for pipeline=PipelineID=2e6087e1-ff44-45df-ae3c-e2f58c278dc5 dn=c5233a29-19a6-42e1-869f-0cfd92a1650c{ip: 192.168.34.7, host: pr-hdds-2132-5g9kv-3389001449, networkLocation: /default-rack, certSerialId: null}
2019-09-17 06:00:19,806 [grpc-default-executor-5] INFO  impl.RaftServerProxy (RaftServerProxy.java:remove(95)) - 3ec0bce2-5a80-4efc-b2ca-bab81cc18a9f: remove group-E2F58C278DC5:null
2019-09-17 06:00:19,812 [RatisPipelineUtilsThread] WARN  pipeline.RatisPipelineUtils (RatisPipelineUtils.java:destroyPipeline(66)) - Pipeline destroy failed for pipeline=PipelineID=2e6087e1-ff44-45df-ae3c-e2f58c278dc5 dn=3ec0bce2-5a80-4efc-b2ca-bab81cc18a9f{ip: 192.168.34.7, host: pr-hdds-2132-5g9kv-3389001449, networkLocation: /default-rack, certSerialId: null}
2019-09-17 06:00:19,815 [grpc-default-executor-5] INFO  impl.RaftServerProxy (RaftServerProxy.java:remove(95)) - f6013552-a382-44c6-bdc3-8253bd9e054c: remove group-E2F58C278DC5:null
2019-09-17 06:00:19,821 [RatisPipelineUtilsThread] WARN  pipeline.RatisPipelineUtils (RatisPipelineUtils.java:destroyPipeline(66)) - Pipeline destroy failed for pipeline=PipelineID=2e6087e1-ff44-45df-ae3c-e2f58c278dc5 dn=f6013552-a382-44c6-bdc3-8253bd9e054c{ip: 192.168.34.7, host: pr-hdds-2132-5g9kv-3389001449, networkLocation: /default-rack, certSerialId: null}
2019-09-17 06:00:19,822 [RatisPipelineUtilsThread] ERROR pipeline.SCMPipelineManager (Scheduler.java:lambda$schedule$1(70)) - Destroy pipeline failed for pipeline:Pipeline[ Id: 2e6087e1-ff44-45df-ae3c-e2f58c278dc5, Nodes: c5233a29-19a6-42e1-869f-0cfd92a1650c{ip: 192.168.34.7, host: pr-hdds-2132-5g9kv-3389001449, networkLocation: /default-rack, certSerialId: null}3ec0bce2-5a80-4efc-b2ca-bab81cc18a9f{ip: 192.168.34.7, host: pr-hdds-2132-5g9kv-3389001449, networkLocation: /default-rack, certSerialId: null}f6013552-a382-44c6-bdc3-8253bd9e054c{ip: 192.168.34.7, host: pr-hdds-2132-5g9kv-3389001449, networkLocation: /default-rack, certSerialId: null}, Type:RATIS, Factor:THREE, State:CLOSED]
org.apache.hadoop.hdds.scm.pipeline.PipelineNotFoundException: PipelineID=2e6087e1-ff44-45df-ae3c-e2f58c278dc5 not found
	at org.apache.hadoop.hdds.scm.pipeline.PipelineStateMap.getPipeline(PipelineStateMap.java:132)
	at org.apache.hadoop.hdds.scm.pipeline.PipelineStateMap.removePipeline(PipelineStateMap.java:322)
	at org.apache.hadoop.hdds.scm.pipeline.PipelineStateManager.removePipeline(PipelineStateManager.java:107)
	at org.apache.hadoop.hdds.scm.pipeline.SCMPipelineManager.removePipeline(SCMPipelineManager.java:423)
	at org.apache.hadoop.hdds.scm.pipeline.SCMPipelineManager.destroyPipeline(SCMPipelineManager.java:409)
	at org.apache.hadoop.hdds.scm.pipeline.SCMPipelineManager.lambda$finalizeAndDestroyPipeline$0(SCMPipelineManager.java:318)
	at org.apache.hadoop.utils.Scheduler.lambda$schedule$1(Scheduler.java:68)
	at java.util.concurrent.Executors$RunnableAdapter.call(Executors.java:511)
	at java.util.concurrent.FutureTask.run(FutureTask.java:266)
	at java.util.concurrent.ScheduledThreadPoolExecutor$ScheduledFutureTask.access$201(ScheduledThreadPoolExecutor.java:180)
	at java.util.concurrent.ScheduledThreadPoolExecutor$ScheduledFutureTask.run(ScheduledThreadPoolExecutor.java:293)
	at java.util.concurrent.ThreadPoolExecutor.runWorker(ThreadPoolExecutor.java:1149)
	at java.util.concurrent.ThreadPoolExecutor$Worker.run(ThreadPoolExecutor.java:624)
	at java.lang.Thread.run(Thread.java:748)
2019-09-17 06:00:20,967 [java.util.concurrent.ThreadPoolExecutor$Worker@457453c9[State = -1, empty queue]] WARN  server.GrpcLogAppender (GrpcLogAppender.java:timeoutAppendRequest(200)) - 3ec0bce2-5a80-4efc-b2ca-bab81cc18a9f@group-CBF25E866EAA->f6013552-a382-44c6-bdc3-8253bd9e054c-GrpcLogAppender: appendEntries Timeout, request=3ec0bce2-5a80-4efc-b2ca-bab81cc18a9f->f6013552-a382-44c6-bdc3-8253bd9e054c#19-t1, previous=(t:1, i:12), leaderCommit=6, initializing? false, entries: <empty>
2019-09-17 06:00:20,967 [java.util.concurrent.ThreadPoolExecutor$Worker@2971b8e1[State = -1, empty queue]] WARN  server.GrpcLogAppender (GrpcLogAppender.java:timeoutAppendRequest(200)) - 3ec0bce2-5a80-4efc-b2ca-bab81cc18a9f@group-CBF25E866EAA->c5233a29-19a6-42e1-869f-0cfd92a1650c-GrpcLogAppender: appendEntries Timeout, request=3ec0bce2-5a80-4efc-b2ca-bab81cc18a9f->c5233a29-19a6-42e1-869f-0cfd92a1650c#19-t1, previous=(t:1, i:12), leaderCommit=6, initializing? false, entries: <empty>
2019-09-17 06:00:21,795 [grpc-default-executor-5] INFO  impl.RaftServerProxy (RaftServerProxy.java:remove(95)) - c5233a29-19a6-42e1-869f-0cfd92a1650c: remove group-E2F58C278DC5:null
2019-09-17 06:00:21,808 [RatisPipelineUtilsThread] WARN  pipeline.RatisPipelineUtils (RatisPipelineUtils.java:destroyPipeline(66)) - Pipeline destroy failed for pipeline=PipelineID=2e6087e1-ff44-45df-ae3c-e2f58c278dc5 dn=c5233a29-19a6-42e1-869f-0cfd92a1650c{ip: 192.168.34.7, host: pr-hdds-2132-5g9kv-3389001449, networkLocation: /default-rack, certSerialId: null}
2019-09-17 06:00:21,811 [grpc-default-executor-5] INFO  impl.RaftServerProxy (RaftServerProxy.java:remove(95)) - 3ec0bce2-5a80-4efc-b2ca-bab81cc18a9f: remove group-E2F58C278DC5:null
2019-09-17 06:00:21,817 [RatisPipelineUtilsThread] WARN  pipeline.RatisPipelineUtils (RatisPipelineUtils.java:destroyPipeline(66)) - Pipeline destroy failed for pipeline=PipelineID=2e6087e1-ff44-45df-ae3c-e2f58c278dc5 dn=3ec0bce2-5a80-4efc-b2ca-bab81cc18a9f{ip: 192.168.34.7, host: pr-hdds-2132-5g9kv-3389001449, networkLocation: /default-rack, certSerialId: null}
2019-09-17 06:00:21,820 [grpc-default-executor-5] INFO  impl.RaftServerProxy (RaftServerProxy.java:remove(95)) - f6013552-a382-44c6-bdc3-8253bd9e054c: remove group-E2F58C278DC5:null
2019-09-17 06:00:21,825 [RatisPipelineUtilsThread] WARN  pipeline.RatisPipelineUtils (RatisPipelineUtils.java:destroyPipeline(66)) - Pipeline destroy failed for pipeline=PipelineID=2e6087e1-ff44-45df-ae3c-e2f58c278dc5 dn=f6013552-a382-44c6-bdc3-8253bd9e054c{ip: 192.168.34.7, host: pr-hdds-2132-5g9kv-3389001449, networkLocation: /default-rack, certSerialId: null}
2019-09-17 06:00:21,826 [RatisPipelineUtilsThread] ERROR pipeline.SCMPipelineManager (Scheduler.java:lambda$schedule$1(70)) - Destroy pipeline failed for pipeline:Pipeline[ Id: 2e6087e1-ff44-45df-ae3c-e2f58c278dc5, Nodes: c5233a29-19a6-42e1-869f-0cfd92a1650c{ip: 192.168.34.7, host: pr-hdds-2132-5g9kv-3389001449, networkLocation: /default-rack, certSerialId: null}3ec0bce2-5a80-4efc-b2ca-bab81cc18a9f{ip: 192.168.34.7, host: pr-hdds-2132-5g9kv-3389001449, networkLocation: /default-rack, certSerialId: null}f6013552-a382-44c6-bdc3-8253bd9e054c{ip: 192.168.34.7, host: pr-hdds-2132-5g9kv-3389001449, networkLocation: /default-rack, certSerialId: null}, Type:RATIS, Factor:THREE, State:CLOSED]
org.apache.hadoop.hdds.scm.pipeline.PipelineNotFoundException: PipelineID=2e6087e1-ff44-45df-ae3c-e2f58c278dc5 not found
	at org.apache.hadoop.hdds.scm.pipeline.PipelineStateMap.getPipeline(PipelineStateMap.java:132)
	at org.apache.hadoop.hdds.scm.pipeline.PipelineStateMap.removePipeline(PipelineStateMap.java:322)
	at org.apache.hadoop.hdds.scm.pipeline.PipelineStateManager.removePipeline(PipelineStateManager.java:107)
	at org.apache.hadoop.hdds.scm.pipeline.SCMPipelineManager.removePipeline(SCMPipelineManager.java:423)
	at org.apache.hadoop.hdds.scm.pipeline.SCMPipelineManager.destroyPipeline(SCMPipelineManager.java:409)
	at org.apache.hadoop.hdds.scm.pipeline.SCMPipelineManager.lambda$finalizeAndDestroyPipeline$0(SCMPipelineManager.java:318)
	at org.apache.hadoop.utils.Scheduler.lambda$schedule$1(Scheduler.java:68)
	at java.util.concurrent.Executors$RunnableAdapter.call(Executors.java:511)
	at java.util.concurrent.FutureTask.run(FutureTask.java:266)
	at java.util.concurrent.ScheduledThreadPoolExecutor$ScheduledFutureTask.access$201(ScheduledThreadPoolExecutor.java:180)
	at java.util.concurrent.ScheduledThreadPoolExecutor$ScheduledFutureTask.run(ScheduledThreadPoolExecutor.java:293)
	at java.util.concurrent.ThreadPoolExecutor.runWorker(ThreadPoolExecutor.java:1149)
	at java.util.concurrent.ThreadPoolExecutor$Worker.run(ThreadPoolExecutor.java:624)
	at java.lang.Thread.run(Thread.java:748)
2019-09-17 06:00:22,959 [3ec0bce2-5a80-4efc-b2ca-bab81cc18a9f@group-CBF25E866EAA-SegmentedRaftLogWorker] WARN  segmented.SegmentedRaftLogWorker (SegmentedRaftLogWorker.java:getFromFuture(90)) - Timeout 1/~
org.apache.ratis.protocol.TimeoutIOException: Timeout 10s: WriteLog:7: (t:1, i:7), STATEMACHINELOGENTRY, client-EE883D609918, cid=39-writeStateMachineData
	at org.apache.ratis.util.IOUtils.getFromFuture(IOUtils.java:87)
	at org.apache.ratis.server.raftlog.segmented.SegmentedRaftLogWorker$StateMachineDataPolicy.getFromFuture(SegmentedRaftLogWorker.java:87)
	at org.apache.ratis.server.raftlog.segmented.SegmentedRaftLogWorker$WriteLog.execute(SegmentedRaftLogWorker.java:477)
	at org.apache.ratis.server.raftlog.segmented.SegmentedRaftLogWorker.run(SegmentedRaftLogWorker.java:289)
	at java.lang.Thread.run(Thread.java:748)
Caused by: java.util.concurrent.TimeoutException
	at java.util.concurrent.CompletableFuture.timedGet(CompletableFuture.java:1771)
	at java.util.concurrent.CompletableFuture.get(CompletableFuture.java:1915)
	at org.apache.ratis.util.IOUtils.getFromFuture(IOUtils.java:79)
	... 4 more
2019-09-17 06:00:22,960 [f6013552-a382-44c6-bdc3-8253bd9e054c@group-CBF25E866EAA-SegmentedRaftLogWorker] WARN  segmented.SegmentedRaftLogWorker (SegmentedRaftLogWorker.java:getFromFuture(90)) - Timeout 1/~
org.apache.ratis.protocol.TimeoutIOException: Timeout 10s: WriteLog:7: (t:1, i:7), STATEMACHINELOGENTRY, client-EE883D609918, cid=39-writeStateMachineData
	at org.apache.ratis.util.IOUtils.getFromFuture(IOUtils.java:87)
	at org.apache.ratis.server.raftlog.segmented.SegmentedRaftLogWorker$StateMachineDataPolicy.getFromFuture(SegmentedRaftLogWorker.java:87)
	at org.apache.ratis.server.raftlog.segmented.SegmentedRaftLogWorker$WriteLog.execute(SegmentedRaftLogWorker.java:477)
	at org.apache.ratis.server.raftlog.segmented.SegmentedRaftLogWorker.run(SegmentedRaftLogWorker.java:289)
	at java.lang.Thread.run(Thread.java:748)
Caused by: java.util.concurrent.TimeoutException
	at java.util.concurrent.CompletableFuture.timedGet(CompletableFuture.java:1771)
	at java.util.concurrent.CompletableFuture.get(CompletableFuture.java:1915)
	at org.apache.ratis.util.IOUtils.getFromFuture(IOUtils.java:79)
	... 4 more
2019-09-17 06:00:22,959 [c5233a29-19a6-42e1-869f-0cfd92a1650c@group-CBF25E866EAA-SegmentedRaftLogWorker] WARN  segmented.SegmentedRaftLogWorker (SegmentedRaftLogWorker.java:getFromFuture(90)) - Timeout 1/~
org.apache.ratis.protocol.TimeoutIOException: Timeout 10s: WriteLog:7: (t:1, i:7), STATEMACHINELOGENTRY, client-EE883D609918, cid=39-writeStateMachineData
	at org.apache.ratis.util.IOUtils.getFromFuture(IOUtils.java:87)
	at org.apache.ratis.server.raftlog.segmented.SegmentedRaftLogWorker$StateMachineDataPolicy.getFromFuture(SegmentedRaftLogWorker.java:87)
	at org.apache.ratis.server.raftlog.segmented.SegmentedRaftLogWorker$WriteLog.execute(SegmentedRaftLogWorker.java:477)
	at org.apache.ratis.server.raftlog.segmented.SegmentedRaftLogWorker.run(SegmentedRaftLogWorker.java:289)
	at java.lang.Thread.run(Thread.java:748)
Caused by: java.util.concurrent.TimeoutException
	at java.util.concurrent.CompletableFuture.timedGet(CompletableFuture.java:1771)
	at java.util.concurrent.CompletableFuture.get(CompletableFuture.java:1915)
	at org.apache.ratis.util.IOUtils.getFromFuture(IOUtils.java:79)
	... 4 more
2019-09-17 06:00:23,114 [grpc-default-executor-5] INFO  client.GrpcClientProtocolClient (GrpcClientProtocolClient.java:onNext(264)) - client-EE883D609918->c5233a29-19a6-42e1-869f-0cfd92a1650c: receive RaftClientReply:client-EE883D609918->c5233a29-19a6-42e1-869f-0cfd92a1650c@group-CBF25E866EAA, cid=39, FAILED org.apache.ratis.protocol.NotLeaderException: Server c5233a29-19a6-42e1-869f-0cfd92a1650c@group-CBF25E866EAA is not the leader 3ec0bce2-5a80-4efc-b2ca-bab81cc18a9f:192.168.34.7:33921, logIndex=0, commits[c5233a29-19a6-42e1-869f-0cfd92a1650c:c6, f6013552-a382-44c6-bdc3-8253bd9e054c:c4, 3ec0bce2-5a80-4efc-b2ca-bab81cc18a9f:c6]
2019-09-17 06:00:23,469 [java.util.concurrent.ThreadPoolExecutor$Worker@2971b8e1[State = -1, empty queue]] WARN  server.GrpcLogAppender (GrpcLogAppender.java:timeoutAppendRequest(200)) - 3ec0bce2-5a80-4efc-b2ca-bab81cc18a9f@group-CBF25E866EAA->c5233a29-19a6-42e1-869f-0cfd92a1650c-GrpcLogAppender: appendEntries Timeout, request=3ec0bce2-5a80-4efc-b2ca-bab81cc18a9f->c5233a29-19a6-42e1-869f-0cfd92a1650c#20-t1, previous=(t:1, i:12), leaderCommit=6, initializing? false, entries: <empty>
2019-09-17 06:00:23,469 [java.util.concurrent.ThreadPoolExecutor$Worker@457453c9[State = -1, empty queue]] WARN  server.GrpcLogAppender (GrpcLogAppender.java:timeoutAppendRequest(200)) - 3ec0bce2-5a80-4efc-b2ca-bab81cc18a9f@group-CBF25E866EAA->f6013552-a382-44c6-bdc3-8253bd9e054c-GrpcLogAppender: appendEntries Timeout, request=3ec0bce2-5a80-4efc-b2ca-bab81cc18a9f->f6013552-a382-44c6-bdc3-8253bd9e054c#20-t1, previous=(t:1, i:12), leaderCommit=6, initializing? false, entries: <empty>
2019-09-17 06:00:24,789 [grpc-default-executor-2] INFO  impl.RaftServerProxy (RaftServerProxy.java:remove(95)) - c5233a29-19a6-42e1-869f-0cfd92a1650c: remove group-E2F58C278DC5:null
2019-09-17 06:00:24,796 [RatisPipelineUtilsThread] WARN  pipeline.RatisPipelineUtils (RatisPipelineUtils.java:destroyPipeline(66)) - Pipeline destroy failed for pipeline=PipelineID=2e6087e1-ff44-45df-ae3c-e2f58c278dc5 dn=c5233a29-19a6-42e1-869f-0cfd92a1650c{ip: 192.168.34.7, host: pr-hdds-2132-5g9kv-3389001449, networkLocation: /default-rack, certSerialId: null}
2019-09-17 06:00:24,799 [grpc-default-executor-2] INFO  impl.RaftServerProxy (RaftServerProxy.java:remove(95)) - 3ec0bce2-5a80-4efc-b2ca-bab81cc18a9f: remove group-E2F58C278DC5:null
2019-09-17 06:00:24,804 [RatisPipelineUtilsThread] WARN  pipeline.RatisPipelineUtils (RatisPipelineUtils.java:destroyPipeline(66)) - Pipeline destroy failed for pipeline=PipelineID=2e6087e1-ff44-45df-ae3c-e2f58c278dc5 dn=3ec0bce2-5a80-4efc-b2ca-bab81cc18a9f{ip: 192.168.34.7, host: pr-hdds-2132-5g9kv-3389001449, networkLocation: /default-rack, certSerialId: null}
2019-09-17 06:00:24,807 [grpc-default-executor-2] INFO  impl.RaftServerProxy (RaftServerProxy.java:remove(95)) - f6013552-a382-44c6-bdc3-8253bd9e054c: remove group-E2F58C278DC5:null
2019-09-17 06:00:24,812 [RatisPipelineUtilsThread] WARN  pipeline.RatisPipelineUtils (RatisPipelineUtils.java:destroyPipeline(66)) - Pipeline destroy failed for pipeline=PipelineID=2e6087e1-ff44-45df-ae3c-e2f58c278dc5 dn=f6013552-a382-44c6-bdc3-8253bd9e054c{ip: 192.168.34.7, host: pr-hdds-2132-5g9kv-3389001449, networkLocation: /default-rack, certSerialId: null}
2019-09-17 06:00:24,812 [RatisPipelineUtilsThread] ERROR pipeline.SCMPipelineManager (Scheduler.java:lambda$schedule$1(70)) - Destroy pipeline failed for pipeline:Pipeline[ Id: 2e6087e1-ff44-45df-ae3c-e2f58c278dc5, Nodes: c5233a29-19a6-42e1-869f-0cfd92a1650c{ip: 192.168.34.7, host: pr-hdds-2132-5g9kv-3389001449, networkLocation: /default-rack, certSerialId: null}3ec0bce2-5a80-4efc-b2ca-bab81cc18a9f{ip: 192.168.34.7, host: pr-hdds-2132-5g9kv-3389001449, networkLocation: /default-rack, certSerialId: null}f6013552-a382-44c6-bdc3-8253bd9e054c{ip: 192.168.34.7, host: pr-hdds-2132-5g9kv-3389001449, networkLocation: /default-rack, certSerialId: null}, Type:RATIS, Factor:THREE, State:CLOSED]
org.apache.hadoop.hdds.scm.pipeline.PipelineNotFoundException: PipelineID=2e6087e1-ff44-45df-ae3c-e2f58c278dc5 not found
	at org.apache.hadoop.hdds.scm.pipeline.PipelineStateMap.getPipeline(PipelineStateMap.java:132)
	at org.apache.hadoop.hdds.scm.pipeline.PipelineStateMap.removePipeline(PipelineStateMap.java:322)
	at org.apache.hadoop.hdds.scm.pipeline.PipelineStateManager.removePipeline(PipelineStateManager.java:107)
	at org.apache.hadoop.hdds.scm.pipeline.SCMPipelineManager.removePipeline(SCMPipelineManager.java:423)
	at org.apache.hadoop.hdds.scm.pipeline.SCMPipelineManager.destroyPipeline(SCMPipelineManager.java:409)
	at org.apache.hadoop.hdds.scm.pipeline.SCMPipelineManager.lambda$finalizeAndDestroyPipeline$0(SCMPipelineManager.java:318)
	at org.apache.hadoop.utils.Scheduler.lambda$schedule$1(Scheduler.java:68)
	at java.util.concurrent.Executors$RunnableAdapter.call(Executors.java:511)
	at java.util.concurrent.FutureTask.run(FutureTask.java:266)
	at java.util.concurrent.ScheduledThreadPoolExecutor$ScheduledFutureTask.access$201(ScheduledThreadPoolExecutor.java:180)
	at java.util.concurrent.ScheduledThreadPoolExecutor$ScheduledFutureTask.run(ScheduledThreadPoolExecutor.java:293)
	at java.util.concurrent.ThreadPoolExecutor.runWorker(ThreadPoolExecutor.java:1149)
	at java.util.concurrent.ThreadPoolExecutor$Worker.run(ThreadPoolExecutor.java:624)
	at java.lang.Thread.run(Thread.java:748)
2019-09-17 06:00:25,969 [java.util.concurrent.ThreadPoolExecutor$Worker@457453c9[State = -1, empty queue]] WARN  server.GrpcLogAppender (GrpcLogAppender.java:timeoutAppendRequest(200)) - 3ec0bce2-5a80-4efc-b2ca-bab81cc18a9f@group-CBF25E866EAA->f6013552-a382-44c6-bdc3-8253bd9e054c-GrpcLogAppender: appendEntries Timeout, request=3ec0bce2-5a80-4efc-b2ca-bab81cc18a9f->f6013552-a382-44c6-bdc3-8253bd9e054c#21-t1, previous=(t:1, i:12), leaderCommit=6, initializing? false, entries: <empty>
2019-09-17 06:00:25,969 [java.util.concurrent.ThreadPoolExecutor$Worker@2971b8e1[State = -1, empty queue]] WARN  server.GrpcLogAppender (GrpcLogAppender.java:timeoutAppendRequest(200)) - 3ec0bce2-5a80-4efc-b2ca-bab81cc18a9f@group-CBF25E866EAA->c5233a29-19a6-42e1-869f-0cfd92a1650c-GrpcLogAppender: appendEntries Timeout, request=3ec0bce2-5a80-4efc-b2ca-bab81cc18a9f->c5233a29-19a6-42e1-869f-0cfd92a1650c#21-t1, previous=(t:1, i:12), leaderCommit=6, initializing? false, entries: <empty>
2019-09-17 06:00:26,788 [grpc-default-executor-5] INFO  impl.RaftServerProxy (RaftServerProxy.java:remove(95)) - c5233a29-19a6-42e1-869f-0cfd92a1650c: remove group-E2F58C278DC5:null
2019-09-17 06:00:26,797 [RatisPipelineUtilsThread] WARN  pipeline.RatisPipelineUtils (RatisPipelineUtils.java:destroyPipeline(66)) - Pipeline destroy failed for pipeline=PipelineID=2e6087e1-ff44-45df-ae3c-e2f58c278dc5 dn=c5233a29-19a6-42e1-869f-0cfd92a1650c{ip: 192.168.34.7, host: pr-hdds-2132-5g9kv-3389001449, networkLocation: /default-rack, certSerialId: null}
2019-09-17 06:00:26,801 [grpc-default-executor-5] INFO  impl.RaftServerProxy (RaftServerProxy.java:remove(95)) - 3ec0bce2-5a80-4efc-b2ca-bab81cc18a9f: remove group-E2F58C278DC5:null
2019-09-17 06:00:26,805 [RatisPipelineUtilsThread] WARN  pipeline.RatisPipelineUtils (RatisPipelineUtils.java:destroyPipeline(66)) - Pipeline destroy failed for pipeline=PipelineID=2e6087e1-ff44-45df-ae3c-e2f58c278dc5 dn=3ec0bce2-5a80-4efc-b2ca-bab81cc18a9f{ip: 192.168.34.7, host: pr-hdds-2132-5g9kv-3389001449, networkLocation: /default-rack, certSerialId: null}
2019-09-17 06:00:26,808 [grpc-default-executor-5] INFO  impl.RaftServerProxy (RaftServerProxy.java:remove(95)) - f6013552-a382-44c6-bdc3-8253bd9e054c: remove group-E2F58C278DC5:null
2019-09-17 06:00:26,813 [RatisPipelineUtilsThread] WARN  pipeline.RatisPipelineUtils (RatisPipelineUtils.java:destroyPipeline(66)) - Pipeline destroy failed for pipeline=PipelineID=2e6087e1-ff44-45df-ae3c-e2f58c278dc5 dn=f6013552-a382-44c6-bdc3-8253bd9e054c{ip: 192.168.34.7, host: pr-hdds-2132-5g9kv-3389001449, networkLocation: /default-rack, certSerialId: null}
2019-09-17 06:00:26,813 [RatisPipelineUtilsThread] ERROR pipeline.SCMPipelineManager (Scheduler.java:lambda$schedule$1(70)) - Destroy pipeline failed for pipeline:Pipeline[ Id: 2e6087e1-ff44-45df-ae3c-e2f58c278dc5, Nodes: c5233a29-19a6-42e1-869f-0cfd92a1650c{ip: 192.168.34.7, host: pr-hdds-2132-5g9kv-3389001449, networkLocation: /default-rack, certSerialId: null}3ec0bce2-5a80-4efc-b2ca-bab81cc18a9f{ip: 192.168.34.7, host: pr-hdds-2132-5g9kv-3389001449, networkLocation: /default-rack, certSerialId: null}f6013552-a382-44c6-bdc3-8253bd9e054c{ip: 192.168.34.7, host: pr-hdds-2132-5g9kv-3389001449, networkLocation: /default-rack, certSerialId: null}, Type:RATIS, Factor:THREE, State:CLOSED]
org.apache.hadoop.hdds.scm.pipeline.PipelineNotFoundException: PipelineID=2e6087e1-ff44-45df-ae3c-e2f58c278dc5 not found
	at org.apache.hadoop.hdds.scm.pipeline.PipelineStateMap.getPipeline(PipelineStateMap.java:132)
	at org.apache.hadoop.hdds.scm.pipeline.PipelineStateMap.removePipeline(PipelineStateMap.java:322)
	at org.apache.hadoop.hdds.scm.pipeline.PipelineStateManager.removePipeline(PipelineStateManager.java:107)
	at org.apache.hadoop.hdds.scm.pipeline.SCMPipelineManager.removePipeline(SCMPipelineManager.java:423)
	at org.apache.hadoop.hdds.scm.pipeline.SCMPipelineManager.destroyPipeline(SCMPipelineManager.java:409)
	at org.apache.hadoop.hdds.scm.pipeline.SCMPipelineManager.lambda$finalizeAndDestroyPipeline$0(SCMPipelineManager.java:318)
	at org.apache.hadoop.utils.Scheduler.lambda$schedule$1(Scheduler.java:68)
	at java.util.concurrent.Executors$RunnableAdapter.call(Executors.java:511)
	at java.util.concurrent.FutureTask.run(FutureTask.java:266)
	at java.util.concurrent.ScheduledThreadPoolExecutor$ScheduledFutureTask.access$201(ScheduledThreadPoolExecutor.java:180)
	at java.util.concurrent.ScheduledThreadPoolExecutor$ScheduledFutureTask.run(ScheduledThreadPoolExecutor.java:293)
	at java.util.concurrent.ThreadPoolExecutor.runWorker(ThreadPoolExecutor.java:1149)
	at java.util.concurrent.ThreadPoolExecutor$Worker.run(ThreadPoolExecutor.java:624)
	at java.lang.Thread.run(Thread.java:748)
2019-09-17 06:00:28,150 [grpc-default-executor-2] INFO  client.GrpcClientProtocolClient (GrpcClientProtocolClient.java:onNext(264)) - client-EE883D609918->f6013552-a382-44c6-bdc3-8253bd9e054c: receive RaftClientReply:client-EE883D609918->f6013552-a382-44c6-bdc3-8253bd9e054c@group-CBF25E866EAA, cid=39, FAILED org.apache.ratis.protocol.NotLeaderException: Server f6013552-a382-44c6-bdc3-8253bd9e054c@group-CBF25E866EAA is not the leader 3ec0bce2-5a80-4efc-b2ca-bab81cc18a9f:192.168.34.7:33921, logIndex=0, commits[f6013552-a382-44c6-bdc3-8253bd9e054c:c6, c5233a29-19a6-42e1-869f-0cfd92a1650c:c4, 3ec0bce2-5a80-4efc-b2ca-bab81cc18a9f:c6]
2019-09-17 06:00:28,470 [java.util.concurrent.ThreadPoolExecutor$Worker@457453c9[State = -1, empty queue]] WARN  server.GrpcLogAppender (GrpcLogAppender.java:timeoutAppendRequest(200)) - 3ec0bce2-5a80-4efc-b2ca-bab81cc18a9f@group-CBF25E866EAA->f6013552-a382-44c6-bdc3-8253bd9e054c-GrpcLogAppender: appendEntries Timeout, request=3ec0bce2-5a80-4efc-b2ca-bab81cc18a9f->f6013552-a382-44c6-bdc3-8253bd9e054c#22-t1, previous=(t:1, i:12), leaderCommit=6, initializing? false, entries: <empty>
2019-09-17 06:00:28,470 [java.util.concurrent.ThreadPoolExecutor$Worker@2971b8e1[State = -1, empty queue]] WARN  server.GrpcLogAppender (GrpcLogAppender.java:timeoutAppendRequest(200)) - 3ec0bce2-5a80-4efc-b2ca-bab81cc18a9f@group-CBF25E866EAA->c5233a29-19a6-42e1-869f-0cfd92a1650c-GrpcLogAppender: appendEntries Timeout, request=3ec0bce2-5a80-4efc-b2ca-bab81cc18a9f->c5233a29-19a6-42e1-869f-0cfd92a1650c#22-t1, previous=(t:1, i:12), leaderCommit=6, initializing? false, entries: <empty>
2019-09-17 06:00:29,787 [grpc-default-executor-2] INFO  impl.RaftServerProxy (RaftServerProxy.java:remove(95)) - c5233a29-19a6-42e1-869f-0cfd92a1650c: remove group-E2F58C278DC5:null
2019-09-17 06:00:29,794 [RatisPipelineUtilsThread] WARN  pipeline.RatisPipelineUtils (RatisPipelineUtils.java:destroyPipeline(66)) - Pipeline destroy failed for pipeline=PipelineID=2e6087e1-ff44-45df-ae3c-e2f58c278dc5 dn=c5233a29-19a6-42e1-869f-0cfd92a1650c{ip: 192.168.34.7, host: pr-hdds-2132-5g9kv-3389001449, networkLocation: /default-rack, certSerialId: null}
2019-09-17 06:00:29,797 [grpc-default-executor-2] INFO  impl.RaftServerProxy (RaftServerProxy.java:remove(95)) - 3ec0bce2-5a80-4efc-b2ca-bab81cc18a9f: remove group-E2F58C278DC5:null
2019-09-17 06:00:29,810 [RatisPipelineUtilsThread] WARN  pipeline.RatisPipelineUtils (RatisPipelineUtils.java:destroyPipeline(66)) - Pipeline destroy failed for pipeline=PipelineID=2e6087e1-ff44-45df-ae3c-e2f58c278dc5 dn=3ec0bce2-5a80-4efc-b2ca-bab81cc18a9f{ip: 192.168.34.7, host: pr-hdds-2132-5g9kv-3389001449, networkLocation: /default-rack, certSerialId: null}
2019-09-17 06:00:29,813 [grpc-default-executor-2] INFO  impl.RaftServerProxy (RaftServerProxy.java:remove(95)) - f6013552-a382-44c6-bdc3-8253bd9e054c: remove group-E2F58C278DC5:null
2019-09-17 06:00:29,817 [RatisPipelineUtilsThread] WARN  pipeline.RatisPipelineUtils (RatisPipelineUtils.java:destroyPipeline(66)) - Pipeline destroy failed for pipeline=PipelineID=2e6087e1-ff44-45df-ae3c-e2f58c278dc5 dn=f6013552-a382-44c6-bdc3-8253bd9e054c{ip: 192.168.34.7, host: pr-hdds-2132-5g9kv-3389001449, networkLocation: /default-rack, certSerialId: null}
2019-09-17 06:00:29,817 [RatisPipelineUtilsThread] ERROR pipeline.SCMPipelineManager (Scheduler.java:lambda$schedule$1(70)) - Destroy pipeline failed for pipeline:Pipeline[ Id: 2e6087e1-ff44-45df-ae3c-e2f58c278dc5, Nodes: c5233a29-19a6-42e1-869f-0cfd92a1650c{ip: 192.168.34.7, host: pr-hdds-2132-5g9kv-3389001449, networkLocation: /default-rack, certSerialId: null}3ec0bce2-5a80-4efc-b2ca-bab81cc18a9f{ip: 192.168.34.7, host: pr-hdds-2132-5g9kv-3389001449, networkLocation: /default-rack, certSerialId: null}f6013552-a382-44c6-bdc3-8253bd9e054c{ip: 192.168.34.7, host: pr-hdds-2132-5g9kv-3389001449, networkLocation: /default-rack, certSerialId: null}, Type:RATIS, Factor:THREE, State:CLOSED]
org.apache.hadoop.hdds.scm.pipeline.PipelineNotFoundException: PipelineID=2e6087e1-ff44-45df-ae3c-e2f58c278dc5 not found
	at org.apache.hadoop.hdds.scm.pipeline.PipelineStateMap.getPipeline(PipelineStateMap.java:132)
	at org.apache.hadoop.hdds.scm.pipeline.PipelineStateMap.removePipeline(PipelineStateMap.java:322)
	at org.apache.hadoop.hdds.scm.pipeline.PipelineStateManager.removePipeline(PipelineStateManager.java:107)
	at org.apache.hadoop.hdds.scm.pipeline.SCMPipelineManager.removePipeline(SCMPipelineManager.java:423)
	at org.apache.hadoop.hdds.scm.pipeline.SCMPipelineManager.destroyPipeline(SCMPipelineManager.java:409)
	at org.apache.hadoop.hdds.scm.pipeline.SCMPipelineManager.lambda$finalizeAndDestroyPipeline$0(SCMPipelineManager.java:318)
	at org.apache.hadoop.utils.Scheduler.lambda$schedule$1(Scheduler.java:68)
	at java.util.concurrent.Executors$RunnableAdapter.call(Executors.java:511)
	at java.util.concurrent.FutureTask.run(FutureTask.java:266)
	at java.util.concurrent.ScheduledThreadPoolExecutor$ScheduledFutureTask.access$201(ScheduledThreadPoolExecutor.java:180)
	at java.util.concurrent.ScheduledThreadPoolExecutor$ScheduledFutureTask.run(ScheduledThreadPoolExecutor.java:293)
	at java.util.concurrent.ThreadPoolExecutor.runWorker(ThreadPoolExecutor.java:1149)
	at java.util.concurrent.ThreadPoolExecutor$Worker.run(ThreadPoolExecutor.java:624)
	at java.lang.Thread.run(Thread.java:748)
2019-09-17 06:00:30,971 [java.util.concurrent.ThreadPoolExecutor$Worker@2971b8e1[State = -1, empty queue]] WARN  server.GrpcLogAppender (GrpcLogAppender.java:timeoutAppendRequest(200)) - 3ec0bce2-5a80-4efc-b2ca-bab81cc18a9f@group-CBF25E866EAA->c5233a29-19a6-42e1-869f-0cfd92a1650c-GrpcLogAppender: appendEntries Timeout, request=3ec0bce2-5a80-4efc-b2ca-bab81cc18a9f->c5233a29-19a6-42e1-869f-0cfd92a1650c#23-t1, previous=(t:1, i:12), leaderCommit=6, initializing? false, entries: <empty>
2019-09-17 06:00:30,971 [java.util.concurrent.ThreadPoolExecutor$Worker@457453c9[State = -1, empty queue]] WARN  server.GrpcLogAppender (GrpcLogAppender.java:timeoutAppendRequest(200)) - 3ec0bce2-5a80-4efc-b2ca-bab81cc18a9f@group-CBF25E866EAA->f6013552-a382-44c6-bdc3-8253bd9e054c-GrpcLogAppender: appendEntries Timeout, request=3ec0bce2-5a80-4efc-b2ca-bab81cc18a9f->f6013552-a382-44c6-bdc3-8253bd9e054c#23-t1, previous=(t:1, i:12), leaderCommit=6, initializing? false, entries: <empty>
2019-09-17 06:00:31,787 [grpc-default-executor-2] INFO  impl.RaftServerProxy (RaftServerProxy.java:remove(95)) - c5233a29-19a6-42e1-869f-0cfd92a1650c: remove group-E2F58C278DC5:null
2019-09-17 06:00:31,791 [RatisPipelineUtilsThread] WARN  pipeline.RatisPipelineUtils (RatisPipelineUtils.java:destroyPipeline(66)) - Pipeline destroy failed for pipeline=PipelineID=2e6087e1-ff44-45df-ae3c-e2f58c278dc5 dn=c5233a29-19a6-42e1-869f-0cfd92a1650c{ip: 192.168.34.7, host: pr-hdds-2132-5g9kv-3389001449, networkLocation: /default-rack, certSerialId: null}
2019-09-17 06:00:31,794 [grpc-default-executor-2] INFO  impl.RaftServerProxy (RaftServerProxy.java:remove(95)) - 3ec0bce2-5a80-4efc-b2ca-bab81cc18a9f: remove group-E2F58C278DC5:null
2019-09-17 06:00:31,799 [RatisPipelineUtilsThread] WARN  pipeline.RatisPipelineUtils (RatisPipelineUtils.java:destroyPipeline(66)) - Pipeline destroy failed for pipeline=PipelineID=2e6087e1-ff44-45df-ae3c-e2f58c278dc5 dn=3ec0bce2-5a80-4efc-b2ca-bab81cc18a9f{ip: 192.168.34.7, host: pr-hdds-2132-5g9kv-3389001449, networkLocation: /default-rack, certSerialId: null}
2019-09-17 06:00:31,801 [grpc-default-executor-2] INFO  impl.RaftServerProxy (RaftServerProxy.java:remove(95)) - f6013552-a382-44c6-bdc3-8253bd9e054c: remove group-E2F58C278DC5:null
2019-09-17 06:00:31,804 [RatisPipelineUtilsThread] WARN  pipeline.RatisPipelineUtils (RatisPipelineUtils.java:destroyPipeline(66)) - Pipeline destroy failed for pipeline=PipelineID=2e6087e1-ff44-45df-ae3c-e2f58c278dc5 dn=f6013552-a382-44c6-bdc3-8253bd9e054c{ip: 192.168.34.7, host: pr-hdds-2132-5g9kv-3389001449, networkLocation: /default-rack, certSerialId: null}
2019-09-17 06:00:31,805 [RatisPipelineUtilsThread] ERROR pipeline.SCMPipelineManager (Scheduler.java:lambda$schedule$1(70)) - Destroy pipeline failed for pipeline:Pipeline[ Id: 2e6087e1-ff44-45df-ae3c-e2f58c278dc5, Nodes: c5233a29-19a6-42e1-869f-0cfd92a1650c{ip: 192.168.34.7, host: pr-hdds-2132-5g9kv-3389001449, networkLocation: /default-rack, certSerialId: null}3ec0bce2-5a80-4efc-b2ca-bab81cc18a9f{ip: 192.168.34.7, host: pr-hdds-2132-5g9kv-3389001449, networkLocation: /default-rack, certSerialId: null}f6013552-a382-44c6-bdc3-8253bd9e054c{ip: 192.168.34.7, host: pr-hdds-2132-5g9kv-3389001449, networkLocation: /default-rack, certSerialId: null}, Type:RATIS, Factor:THREE, State:CLOSED]
org.apache.hadoop.hdds.scm.pipeline.PipelineNotFoundException: PipelineID=2e6087e1-ff44-45df-ae3c-e2f58c278dc5 not found
	at org.apache.hadoop.hdds.scm.pipeline.PipelineStateMap.getPipeline(PipelineStateMap.java:132)
	at org.apache.hadoop.hdds.scm.pipeline.PipelineStateMap.removePipeline(PipelineStateMap.java:322)
	at org.apache.hadoop.hdds.scm.pipeline.PipelineStateManager.removePipeline(PipelineStateManager.java:107)
	at org.apache.hadoop.hdds.scm.pipeline.SCMPipelineManager.removePipeline(SCMPipelineManager.java:423)
	at org.apache.hadoop.hdds.scm.pipeline.SCMPipelineManager.destroyPipeline(SCMPipelineManager.java:409)
	at org.apache.hadoop.hdds.scm.pipeline.SCMPipelineManager.lambda$finalizeAndDestroyPipeline$0(SCMPipelineManager.java:318)
	at org.apache.hadoop.utils.Scheduler.lambda$schedule$1(Scheduler.java:68)
	at java.util.concurrent.Executors$RunnableAdapter.call(Executors.java:511)
	at java.util.concurrent.FutureTask.run(FutureTask.java:266)
	at java.util.concurrent.ScheduledThreadPoolExecutor$ScheduledFutureTask.access$201(ScheduledThreadPoolExecutor.java:180)
	at java.util.concurrent.ScheduledThreadPoolExecutor$ScheduledFutureTask.run(ScheduledThreadPoolExecutor.java:293)
	at java.util.concurrent.ThreadPoolExecutor.runWorker(ThreadPoolExecutor.java:1149)
	at java.util.concurrent.ThreadPoolExecutor$Worker.run(ThreadPoolExecutor.java:624)
	at java.lang.Thread.run(Thread.java:748)
2019-09-17 06:00:32,961 [3ec0bce2-5a80-4efc-b2ca-bab81cc18a9f@group-CBF25E866EAA-SegmentedRaftLogWorker] WARN  segmented.SegmentedRaftLogWorker (SegmentedRaftLogWorker.java:getFromFuture(90)) - Timeout 2/~
org.apache.ratis.protocol.TimeoutIOException: Timeout 10s: WriteLog:7: (t:1, i:7), STATEMACHINELOGENTRY, client-EE883D609918, cid=39-writeStateMachineData
	at org.apache.ratis.util.IOUtils.getFromFuture(IOUtils.java:87)
	at org.apache.ratis.server.raftlog.segmented.SegmentedRaftLogWorker$StateMachineDataPolicy.getFromFuture(SegmentedRaftLogWorker.java:87)
	at org.apache.ratis.server.raftlog.segmented.SegmentedRaftLogWorker$WriteLog.execute(SegmentedRaftLogWorker.java:477)
	at org.apache.ratis.server.raftlog.segmented.SegmentedRaftLogWorker.run(SegmentedRaftLogWorker.java:289)
	at java.lang.Thread.run(Thread.java:748)
Caused by: java.util.concurrent.TimeoutException
	at java.util.concurrent.CompletableFuture.timedGet(CompletableFuture.java:1771)
	at java.util.concurrent.CompletableFuture.get(CompletableFuture.java:1915)
	at org.apache.ratis.util.IOUtils.getFromFuture(IOUtils.java:79)
	... 4 more
2019-09-17 06:00:32,961 [f6013552-a382-44c6-bdc3-8253bd9e054c@group-CBF25E866EAA-SegmentedRaftLogWorker] WARN  segmented.SegmentedRaftLogWorker (SegmentedRaftLogWorker.java:getFromFuture(90)) - Timeout 2/~
org.apache.ratis.protocol.TimeoutIOException: Timeout 10s: WriteLog:7: (t:1, i:7), STATEMACHINELOGENTRY, client-EE883D609918, cid=39-writeStateMachineData
	at org.apache.ratis.util.IOUtils.getFromFuture(IOUtils.java:87)
	at org.apache.ratis.server.raftlog.segmented.SegmentedRaftLogWorker$StateMachineDataPolicy.getFromFuture(SegmentedRaftLogWorker.java:87)
	at org.apache.ratis.server.raftlog.segmented.SegmentedRaftLogWorker$WriteLog.execute(SegmentedRaftLogWorker.java:477)
	at org.apache.ratis.server.raftlog.segmented.SegmentedRaftLogWorker.run(SegmentedRaftLogWorker.java:289)
	at java.lang.Thread.run(Thread.java:748)
Caused by: java.util.concurrent.TimeoutException
	at java.util.concurrent.CompletableFuture.timedGet(CompletableFuture.java:1771)
	at java.util.concurrent.CompletableFuture.get(CompletableFuture.java:1915)
	at org.apache.ratis.util.IOUtils.getFromFuture(IOUtils.java:79)
	... 4 more
2019-09-17 06:00:32,966 [c5233a29-19a6-42e1-869f-0cfd92a1650c@group-CBF25E866EAA-SegmentedRaftLogWorker] WARN  segmented.SegmentedRaftLogWorker (SegmentedRaftLogWorker.java:getFromFuture(90)) - Timeout 2/~
org.apache.ratis.protocol.TimeoutIOException: Timeout 10s: WriteLog:7: (t:1, i:7), STATEMACHINELOGENTRY, client-EE883D609918, cid=39-writeStateMachineData
	at org.apache.ratis.util.IOUtils.getFromFuture(IOUtils.java:87)
	at org.apache.ratis.server.raftlog.segmented.SegmentedRaftLogWorker$StateMachineDataPolicy.getFromFuture(SegmentedRaftLogWorker.java:87)
	at org.apache.ratis.server.raftlog.segmented.SegmentedRaftLogWorker$WriteLog.execute(SegmentedRaftLogWorker.java:477)
	at org.apache.ratis.server.raftlog.segmented.SegmentedRaftLogWorker.run(SegmentedRaftLogWorker.java:289)
	at java.lang.Thread.run(Thread.java:748)
Caused by: java.util.concurrent.TimeoutException
	at java.util.concurrent.CompletableFuture.timedGet(CompletableFuture.java:1771)
	at java.util.concurrent.CompletableFuture.get(CompletableFuture.java:1915)
	at org.apache.ratis.util.IOUtils.getFromFuture(IOUtils.java:79)
	... 4 more
2019-09-17 06:00:33,176 [grpc-default-executor-5] INFO  client.GrpcClientProtocolClient (GrpcClientProtocolClient.java:onNext(264)) - client-EE883D609918->c5233a29-19a6-42e1-869f-0cfd92a1650c: receive RaftClientReply:client-EE883D609918->c5233a29-19a6-42e1-869f-0cfd92a1650c@group-CBF25E866EAA, cid=39, FAILED org.apache.ratis.protocol.NotLeaderException: Server c5233a29-19a6-42e1-869f-0cfd92a1650c@group-CBF25E866EAA is not the leader 3ec0bce2-5a80-4efc-b2ca-bab81cc18a9f:192.168.34.7:33921, logIndex=0, commits[c5233a29-19a6-42e1-869f-0cfd92a1650c:c6, f6013552-a382-44c6-bdc3-8253bd9e054c:c4, 3ec0bce2-5a80-4efc-b2ca-bab81cc18a9f:c6]
2019-09-17 06:00:33,471 [java.util.concurrent.ThreadPoolExecutor$Worker@2971b8e1[State = -1, empty queue]] WARN  server.GrpcLogAppender (GrpcLogAppender.java:timeoutAppendRequest(200)) - 3ec0bce2-5a80-4efc-b2ca-bab81cc18a9f@group-CBF25E866EAA->c5233a29-19a6-42e1-869f-0cfd92a1650c-GrpcLogAppender: appendEntries Timeout, request=3ec0bce2-5a80-4efc-b2ca-bab81cc18a9f->c5233a29-19a6-42e1-869f-0cfd92a1650c#24-t1, previous=(t:1, i:12), leaderCommit=6, initializing? false, entries: <empty>
2019-09-17 06:00:33,471 [java.util.concurrent.ThreadPoolExecutor$Worker@457453c9[State = -1, empty queue]] WARN  server.GrpcLogAppender (GrpcLogAppender.java:timeoutAppendRequest(200)) - 3ec0bce2-5a80-4efc-b2ca-bab81cc18a9f@group-CBF25E866EAA->f6013552-a382-44c6-bdc3-8253bd9e054c-GrpcLogAppender: appendEntries Timeout, request=3ec0bce2-5a80-4efc-b2ca-bab81cc18a9f->f6013552-a382-44c6-bdc3-8253bd9e054c#24-t1, previous=(t:1, i:12), leaderCommit=6, initializing? false, entries: <empty>
2019-09-17 06:00:34,788 [grpc-default-executor-2] INFO  impl.RaftServerProxy (RaftServerProxy.java:remove(95)) - c5233a29-19a6-42e1-869f-0cfd92a1650c: remove group-E2F58C278DC5:null
2019-09-17 06:00:34,792 [RatisPipelineUtilsThread] WARN  pipeline.RatisPipelineUtils (RatisPipelineUtils.java:destroyPipeline(66)) - Pipeline destroy failed for pipeline=PipelineID=2e6087e1-ff44-45df-ae3c-e2f58c278dc5 dn=c5233a29-19a6-42e1-869f-0cfd92a1650c{ip: 192.168.34.7, host: pr-hdds-2132-5g9kv-3389001449, networkLocation: /default-rack, certSerialId: null}
2019-09-17 06:00:34,797 [grpc-default-executor-2] INFO  impl.RaftServerProxy (RaftServerProxy.java:remove(95)) - 3ec0bce2-5a80-4efc-b2ca-bab81cc18a9f: remove group-E2F58C278DC5:null
2019-09-17 06:00:34,799 [RatisPipelineUtilsThread] WARN  pipeline.RatisPipelineUtils (RatisPipelineUtils.java:destroyPipeline(66)) - Pipeline destroy failed for pipeline=PipelineID=2e6087e1-ff44-45df-ae3c-e2f58c278dc5 dn=3ec0bce2-5a80-4efc-b2ca-bab81cc18a9f{ip: 192.168.34.7, host: pr-hdds-2132-5g9kv-3389001449, networkLocation: /default-rack, certSerialId: null}
2019-09-17 06:00:34,803 [grpc-default-executor-2] INFO  impl.RaftServerProxy (RaftServerProxy.java:remove(95)) - f6013552-a382-44c6-bdc3-8253bd9e054c: remove group-E2F58C278DC5:null
2019-09-17 06:00:34,806 [RatisPipelineUtilsThread] WARN  pipeline.RatisPipelineUtils (RatisPipelineUtils.java:destroyPipeline(66)) - Pipeline destroy failed for pipeline=PipelineID=2e6087e1-ff44-45df-ae3c-e2f58c278dc5 dn=f6013552-a382-44c6-bdc3-8253bd9e054c{ip: 192.168.34.7, host: pr-hdds-2132-5g9kv-3389001449, networkLocation: /default-rack, certSerialId: null}
2019-09-17 06:00:34,807 [RatisPipelineUtilsThread] ERROR pipeline.SCMPipelineManager (Scheduler.java:lambda$schedule$1(70)) - Destroy pipeline failed for pipeline:Pipeline[ Id: 2e6087e1-ff44-45df-ae3c-e2f58c278dc5, Nodes: c5233a29-19a6-42e1-869f-0cfd92a1650c{ip: 192.168.34.7, host: pr-hdds-2132-5g9kv-3389001449, networkLocation: /default-rack, certSerialId: null}3ec0bce2-5a80-4efc-b2ca-bab81cc18a9f{ip: 192.168.34.7, host: pr-hdds-2132-5g9kv-3389001449, networkLocation: /default-rack, certSerialId: null}f6013552-a382-44c6-bdc3-8253bd9e054c{ip: 192.168.34.7, host: pr-hdds-2132-5g9kv-3389001449, networkLocation: /default-rack, certSerialId: null}, Type:RATIS, Factor:THREE, State:CLOSED]
org.apache.hadoop.hdds.scm.pipeline.PipelineNotFoundException: PipelineID=2e6087e1-ff44-45df-ae3c-e2f58c278dc5 not found
	at org.apache.hadoop.hdds.scm.pipeline.PipelineStateMap.getPipeline(PipelineStateMap.java:132)
	at org.apache.hadoop.hdds.scm.pipeline.PipelineStateMap.removePipeline(PipelineStateMap.java:322)
	at org.apache.hadoop.hdds.scm.pipeline.PipelineStateManager.removePipeline(PipelineStateManager.java:107)
	at org.apache.hadoop.hdds.scm.pipeline.SCMPipelineManager.removePipeline(SCMPipelineManager.java:423)
	at org.apache.hadoop.hdds.scm.pipeline.SCMPipelineManager.destroyPipeline(SCMPipelineManager.java:409)
	at org.apache.hadoop.hdds.scm.pipeline.SCMPipelineManager.lambda$finalizeAndDestroyPipeline$0(SCMPipelineManager.java:318)
	at org.apache.hadoop.utils.Scheduler.lambda$schedule$1(Scheduler.java:68)
	at java.util.concurrent.Executors$RunnableAdapter.call(Executors.java:511)
	at java.util.concurrent.FutureTask.run(FutureTask.java:266)
	at java.util.concurrent.ScheduledThreadPoolExecutor$ScheduledFutureTask.access$201(ScheduledThreadPoolExecutor.java:180)
	at java.util.concurrent.ScheduledThreadPoolExecutor$ScheduledFutureTask.run(ScheduledThreadPoolExecutor.java:293)
	at java.util.concurrent.ThreadPoolExecutor.runWorker(ThreadPoolExecutor.java:1149)
	at java.util.concurrent.ThreadPoolExecutor$Worker.run(ThreadPoolExecutor.java:624)
	at java.lang.Thread.run(Thread.java:748)
2019-09-17 06:00:35,971 [java.util.concurrent.ThreadPoolExecutor$Worker@2971b8e1[State = -1, empty queue]] WARN  server.GrpcLogAppender (GrpcLogAppender.java:timeoutAppendRequest(200)) - 3ec0bce2-5a80-4efc-b2ca-bab81cc18a9f@group-CBF25E866EAA->c5233a29-19a6-42e1-869f-0cfd92a1650c-GrpcLogAppender: appendEntries Timeout, request=3ec0bce2-5a80-4efc-b2ca-bab81cc18a9f->c5233a29-19a6-42e1-869f-0cfd92a1650c#25-t1, previous=(t:1, i:12), leaderCommit=6, initializing? false, entries: <empty>
2019-09-17 06:00:35,971 [java.util.concurrent.ThreadPoolExecutor$Worker@457453c9[State = -1, empty queue]] WARN  server.GrpcLogAppender (GrpcLogAppender.java:timeoutAppendRequest(200)) - 3ec0bce2-5a80-4efc-b2ca-bab81cc18a9f@group-CBF25E866EAA->f6013552-a382-44c6-bdc3-8253bd9e054c-GrpcLogAppender: appendEntries Timeout, request=3ec0bce2-5a80-4efc-b2ca-bab81cc18a9f->f6013552-a382-44c6-bdc3-8253bd9e054c#25-t1, previous=(t:1, i:12), leaderCommit=6, initializing? false, entries: <empty>
2019-09-17 06:00:36,788 [grpc-default-executor-2] INFO  impl.RaftServerProxy (RaftServerProxy.java:remove(95)) - c5233a29-19a6-42e1-869f-0cfd92a1650c: remove group-E2F58C278DC5:null
2019-09-17 06:00:36,792 [RatisPipelineUtilsThread] WARN  pipeline.RatisPipelineUtils (RatisPipelineUtils.java:destroyPipeline(66)) - Pipeline destroy failed for pipeline=PipelineID=2e6087e1-ff44-45df-ae3c-e2f58c278dc5 dn=c5233a29-19a6-42e1-869f-0cfd92a1650c{ip: 192.168.34.7, host: pr-hdds-2132-5g9kv-3389001449, networkLocation: /default-rack, certSerialId: null}
2019-09-17 06:00:36,796 [grpc-default-executor-2] INFO  impl.RaftServerProxy (RaftServerProxy.java:remove(95)) - 3ec0bce2-5a80-4efc-b2ca-bab81cc18a9f: remove group-E2F58C278DC5:null
2019-09-17 06:00:36,799 [RatisPipelineUtilsThread] WARN  pipeline.RatisPipelineUtils (RatisPipelineUtils.java:destroyPipeline(66)) - Pipeline destroy failed for pipeline=PipelineID=2e6087e1-ff44-45df-ae3c-e2f58c278dc5 dn=3ec0bce2-5a80-4efc-b2ca-bab81cc18a9f{ip: 192.168.34.7, host: pr-hdds-2132-5g9kv-3389001449, networkLocation: /default-rack, certSerialId: null}
2019-09-17 06:00:36,802 [grpc-default-executor-2] INFO  impl.RaftServerProxy (RaftServerProxy.java:remove(95)) - f6013552-a382-44c6-bdc3-8253bd9e054c: remove group-E2F58C278DC5:null
2019-09-17 06:00:36,804 [RatisPipelineUtilsThread] WARN  pipeline.RatisPipelineUtils (RatisPipelineUtils.java:destroyPipeline(66)) - Pipeline destroy failed for pipeline=PipelineID=2e6087e1-ff44-45df-ae3c-e2f58c278dc5 dn=f6013552-a382-44c6-bdc3-8253bd9e054c{ip: 192.168.34.7, host: pr-hdds-2132-5g9kv-3389001449, networkLocation: /default-rack, certSerialId: null}
2019-09-17 06:00:36,805 [RatisPipelineUtilsThread] ERROR pipeline.SCMPipelineManager (Scheduler.java:lambda$schedule$1(70)) - Destroy pipeline failed for pipeline:Pipeline[ Id: 2e6087e1-ff44-45df-ae3c-e2f58c278dc5, Nodes: c5233a29-19a6-42e1-869f-0cfd92a1650c{ip: 192.168.34.7, host: pr-hdds-2132-5g9kv-3389001449, networkLocation: /default-rack, certSerialId: null}3ec0bce2-5a80-4efc-b2ca-bab81cc18a9f{ip: 192.168.34.7, host: pr-hdds-2132-5g9kv-3389001449, networkLocation: /default-rack, certSerialId: null}f6013552-a382-44c6-bdc3-8253bd9e054c{ip: 192.168.34.7, host: pr-hdds-2132-5g9kv-3389001449, networkLocation: /default-rack, certSerialId: null}, Type:RATIS, Factor:THREE, State:CLOSED]
org.apache.hadoop.hdds.scm.pipeline.PipelineNotFoundException: PipelineID=2e6087e1-ff44-45df-ae3c-e2f58c278dc5 not found
	at org.apache.hadoop.hdds.scm.pipeline.PipelineStateMap.getPipeline(PipelineStateMap.java:132)
	at org.apache.hadoop.hdds.scm.pipeline.PipelineStateMap.removePipeline(PipelineStateMap.java:322)
	at org.apache.hadoop.hdds.scm.pipeline.PipelineStateManager.removePipeline(PipelineStateManager.java:107)
	at org.apache.hadoop.hdds.scm.pipeline.SCMPipelineManager.removePipeline(SCMPipelineManager.java:423)
	at org.apache.hadoop.hdds.scm.pipeline.SCMPipelineManager.destroyPipeline(SCMPipelineManager.java:409)
	at org.apache.hadoop.hdds.scm.pipeline.SCMPipelineManager.lambda$finalizeAndDestroyPipeline$0(SCMPipelineManager.java:318)
	at org.apache.hadoop.utils.Scheduler.lambda$schedule$1(Scheduler.java:68)
	at java.util.concurrent.Executors$RunnableAdapter.call(Executors.java:511)
	at java.util.concurrent.FutureTask.run(FutureTask.java:266)
	at java.util.concurrent.ScheduledThreadPoolExecutor$ScheduledFutureTask.access$201(ScheduledThreadPoolExecutor.java:180)
	at java.util.concurrent.ScheduledThreadPoolExecutor$ScheduledFutureTask.run(ScheduledThreadPoolExecutor.java:293)
	at java.util.concurrent.ThreadPoolExecutor.runWorker(ThreadPoolExecutor.java:1149)
	at java.util.concurrent.ThreadPoolExecutor$Worker.run(ThreadPoolExecutor.java:624)
	at java.lang.Thread.run(Thread.java:748)
2019-09-17 06:00:38,210 [grpc-default-executor-5] INFO  client.GrpcClientProtocolClient (GrpcClientProtocolClient.java:onNext(264)) - client-EE883D609918->c5233a29-19a6-42e1-869f-0cfd92a1650c: receive RaftClientReply:client-EE883D609918->c5233a29-19a6-42e1-869f-0cfd92a1650c@group-CBF25E866EAA, cid=39, FAILED org.apache.ratis.protocol.NotLeaderException: Server c5233a29-19a6-42e1-869f-0cfd92a1650c@group-CBF25E866EAA is not the leader 3ec0bce2-5a80-4efc-b2ca-bab81cc18a9f:192.168.34.7:33921, logIndex=0, commits[c5233a29-19a6-42e1-869f-0cfd92a1650c:c6, f6013552-a382-44c6-bdc3-8253bd9e054c:c4, 3ec0bce2-5a80-4efc-b2ca-bab81cc18a9f:c6]
2019-09-17 06:00:38,472 [java.util.concurrent.ThreadPoolExecutor$Worker@2971b8e1[State = -1, empty queue]] WARN  server.GrpcLogAppender (GrpcLogAppender.java:timeoutAppendRequest(200)) - 3ec0bce2-5a80-4efc-b2ca-bab81cc18a9f@group-CBF25E866EAA->c5233a29-19a6-42e1-869f-0cfd92a1650c-GrpcLogAppender: appendEntries Timeout, request=3ec0bce2-5a80-4efc-b2ca-bab81cc18a9f->c5233a29-19a6-42e1-869f-0cfd92a1650c#26-t1, previous=(t:1, i:12), leaderCommit=6, initializing? false, entries: <empty>
2019-09-17 06:00:38,472 [java.util.concurrent.ThreadPoolExecutor$Worker@457453c9[State = -1, empty queue]] WARN  server.GrpcLogAppender (GrpcLogAppender.java:timeoutAppendRequest(200)) - 3ec0bce2-5a80-4efc-b2ca-bab81cc18a9f@group-CBF25E866EAA->f6013552-a382-44c6-bdc3-8253bd9e054c-GrpcLogAppender: appendEntries Timeout, request=3ec0bce2-5a80-4efc-b2ca-bab81cc18a9f->f6013552-a382-44c6-bdc3-8253bd9e054c#26-t1, previous=(t:1, i:12), leaderCommit=6, initializing? false, entries: <empty>
2019-09-17 06:00:39,790 [grpc-default-executor-2] INFO  impl.RaftServerProxy (RaftServerProxy.java:remove(95)) - c5233a29-19a6-42e1-869f-0cfd92a1650c: remove group-E2F58C278DC5:null
2019-09-17 06:00:39,793 [RatisPipelineUtilsThread] WARN  pipeline.RatisPipelineUtils (RatisPipelineUtils.java:destroyPipeline(66)) - Pipeline destroy failed for pipeline=PipelineID=2e6087e1-ff44-45df-ae3c-e2f58c278dc5 dn=c5233a29-19a6-42e1-869f-0cfd92a1650c{ip: 192.168.34.7, host: pr-hdds-2132-5g9kv-3389001449, networkLocation: /default-rack, certSerialId: null}
2019-09-17 06:00:39,797 [grpc-default-executor-2] INFO  impl.RaftServerProxy (RaftServerProxy.java:remove(95)) - 3ec0bce2-5a80-4efc-b2ca-bab81cc18a9f: remove group-E2F58C278DC5:null
2019-09-17 06:00:39,799 [RatisPipelineUtilsThread] WARN  pipeline.RatisPipelineUtils (RatisPipelineUtils.java:destroyPipeline(66)) - Pipeline destroy failed for pipeline=PipelineID=2e6087e1-ff44-45df-ae3c-e2f58c278dc5 dn=3ec0bce2-5a80-4efc-b2ca-bab81cc18a9f{ip: 192.168.34.7, host: pr-hdds-2132-5g9kv-3389001449, networkLocation: /default-rack, certSerialId: null}
2019-09-17 06:00:39,802 [grpc-default-executor-2] INFO  impl.RaftServerProxy (RaftServerProxy.java:remove(95)) - f6013552-a382-44c6-bdc3-8253bd9e054c: remove group-E2F58C278DC5:null
2019-09-17 06:00:39,804 [RatisPipelineUtilsThread] WARN  pipeline.RatisPipelineUtils (RatisPipelineUtils.java:destroyPipeline(66)) - Pipeline destroy failed for pipeline=PipelineID=2e6087e1-ff44-45df-ae3c-e2f58c278dc5 dn=f6013552-a382-44c6-bdc3-8253bd9e054c{ip: 192.168.34.7, host: pr-hdds-2132-5g9kv-3389001449, networkLocation: /default-rack, certSerialId: null}
2019-09-17 06:00:39,804 [RatisPipelineUtilsThread] ERROR pipeline.SCMPipelineManager (Scheduler.java:lambda$schedule$1(70)) - Destroy pipeline failed for pipeline:Pipeline[ Id: 2e6087e1-ff44-45df-ae3c-e2f58c278dc5, Nodes: c5233a29-19a6-42e1-869f-0cfd92a1650c{ip: 192.168.34.7, host: pr-hdds-2132-5g9kv-3389001449, networkLocation: /default-rack, certSerialId: null}3ec0bce2-5a80-4efc-b2ca-bab81cc18a9f{ip: 192.168.34.7, host: pr-hdds-2132-5g9kv-3389001449, networkLocation: /default-rack, certSerialId: null}f6013552-a382-44c6-bdc3-8253bd9e054c{ip: 192.168.34.7, host: pr-hdds-2132-5g9kv-3389001449, networkLocation: /default-rack, certSerialId: null}, Type:RATIS, Factor:THREE, State:CLOSED]
org.apache.hadoop.hdds.scm.pipeline.PipelineNotFoundException: PipelineID=2e6087e1-ff44-45df-ae3c-e2f58c278dc5 not found
	at org.apache.hadoop.hdds.scm.pipeline.PipelineStateMap.getPipeline(PipelineStateMap.java:132)
	at org.apache.hadoop.hdds.scm.pipeline.PipelineStateMap.removePipeline(PipelineStateMap.java:322)
	at org.apache.hadoop.hdds.scm.pipeline.PipelineStateManager.removePipeline(PipelineStateManager.java:107)
	at org.apache.hadoop.hdds.scm.pipeline.SCMPipelineManager.removePipeline(SCMPipelineManager.java:423)
	at org.apache.hadoop.hdds.scm.pipeline.SCMPipelineManager.destroyPipeline(SCMPipelineManager.java:409)
	at org.apache.hadoop.hdds.scm.pipeline.SCMPipelineManager.lambda$finalizeAndDestroyPipeline$0(SCMPipelineManager.java:318)
	at org.apache.hadoop.utils.Scheduler.lambda$schedule$1(Scheduler.java:68)
	at java.util.concurrent.Executors$RunnableAdapter.call(Executors.java:511)
	at java.util.concurrent.FutureTask.run(FutureTask.java:266)
	at java.util.concurrent.ScheduledThreadPoolExecutor$ScheduledFutureTask.access$201(ScheduledThreadPoolExecutor.java:180)
	at java.util.concurrent.ScheduledThreadPoolExecutor$ScheduledFutureTask.run(ScheduledThreadPoolExecutor.java:293)
	at java.util.concurrent.ThreadPoolExecutor.runWorker(ThreadPoolExecutor.java:1149)
	at java.util.concurrent.ThreadPoolExecutor$Worker.run(ThreadPoolExecutor.java:624)
	at java.lang.Thread.run(Thread.java:748)
2019-09-17 06:00:40,972 [java.util.concurrent.ThreadPoolExecutor$Worker@457453c9[State = -1, empty queue]] WARN  server.GrpcLogAppender (GrpcLogAppender.java:timeoutAppendRequest(200)) - 3ec0bce2-5a80-4efc-b2ca-bab81cc18a9f@group-CBF25E866EAA->f6013552-a382-44c6-bdc3-8253bd9e054c-GrpcLogAppender: appendEntries Timeout, request=3ec0bce2-5a80-4efc-b2ca-bab81cc18a9f->f6013552-a382-44c6-bdc3-8253bd9e054c#27-t1, previous=(t:1, i:12), leaderCommit=6, initializing? false, entries: <empty>
2019-09-17 06:00:40,972 [java.util.concurrent.ThreadPoolExecutor$Worker@2971b8e1[State = -1, empty queue]] WARN  server.GrpcLogAppender (GrpcLogAppender.java:timeoutAppendRequest(200)) - 3ec0bce2-5a80-4efc-b2ca-bab81cc18a9f@group-CBF25E866EAA->c5233a29-19a6-42e1-869f-0cfd92a1650c-GrpcLogAppender: appendEntries Timeout, request=3ec0bce2-5a80-4efc-b2ca-bab81cc18a9f->c5233a29-19a6-42e1-869f-0cfd92a1650c#27-t1, previous=(t:1, i:12), leaderCommit=6, initializing? false, entries: <empty>
2019-09-17 06:00:41,796 [grpc-default-executor-2] INFO  impl.RaftServerProxy (RaftServerProxy.java:remove(95)) - c5233a29-19a6-42e1-869f-0cfd92a1650c: remove group-E2F58C278DC5:null
2019-09-17 06:00:41,800 [RatisPipelineUtilsThread] WARN  pipeline.RatisPipelineUtils (RatisPipelineUtils.java:destroyPipeline(66)) - Pipeline destroy failed for pipeline=PipelineID=2e6087e1-ff44-45df-ae3c-e2f58c278dc5 dn=c5233a29-19a6-42e1-869f-0cfd92a1650c{ip: 192.168.34.7, host: pr-hdds-2132-5g9kv-3389001449, networkLocation: /default-rack, certSerialId: null}
2019-09-17 06:00:41,804 [grpc-default-executor-2] INFO  impl.RaftServerProxy (RaftServerProxy.java:remove(95)) - 3ec0bce2-5a80-4efc-b2ca-bab81cc18a9f: remove group-E2F58C278DC5:null
2019-09-17 06:00:41,806 [RatisPipelineUtilsThread] WARN  pipeline.RatisPipelineUtils (RatisPipelineUtils.java:destroyPipeline(66)) - Pipeline destroy failed for pipeline=PipelineID=2e6087e1-ff44-45df-ae3c-e2f58c278dc5 dn=3ec0bce2-5a80-4efc-b2ca-bab81cc18a9f{ip: 192.168.34.7, host: pr-hdds-2132-5g9kv-3389001449, networkLocation: /default-rack, certSerialId: null}
2019-09-17 06:00:41,809 [grpc-default-executor-2] INFO  impl.RaftServerProxy (RaftServerProxy.java:remove(95)) - f6013552-a382-44c6-bdc3-8253bd9e054c: remove group-E2F58C278DC5:null
2019-09-17 06:00:41,812 [RatisPipelineUtilsThread] WARN  pipeline.RatisPipelineUtils (RatisPipelineUtils.java:destroyPipeline(66)) - Pipeline destroy failed for pipeline=PipelineID=2e6087e1-ff44-45df-ae3c-e2f58c278dc5 dn=f6013552-a382-44c6-bdc3-8253bd9e054c{ip: 192.168.34.7, host: pr-hdds-2132-5g9kv-3389001449, networkLocation: /default-rack, certSerialId: null}
2019-09-17 06:00:41,812 [RatisPipelineUtilsThread] ERROR pipeline.SCMPipelineManager (Scheduler.java:lambda$schedule$1(70)) - Destroy pipeline failed for pipeline:Pipeline[ Id: 2e6087e1-ff44-45df-ae3c-e2f58c278dc5, Nodes: c5233a29-19a6-42e1-869f-0cfd92a1650c{ip: 192.168.34.7, host: pr-hdds-2132-5g9kv-3389001449, networkLocation: /default-rack, certSerialId: null}3ec0bce2-5a80-4efc-b2ca-bab81cc18a9f{ip: 192.168.34.7, host: pr-hdds-2132-5g9kv-3389001449, networkLocation: /default-rack, certSerialId: null}f6013552-a382-44c6-bdc3-8253bd9e054c{ip: 192.168.34.7, host: pr-hdds-2132-5g9kv-3389001449, networkLocation: /default-rack, certSerialId: null}, Type:RATIS, Factor:THREE, State:CLOSED]
org.apache.hadoop.hdds.scm.pipeline.PipelineNotFoundException: PipelineID=2e6087e1-ff44-45df-ae3c-e2f58c278dc5 not found
	at org.apache.hadoop.hdds.scm.pipeline.PipelineStateMap.getPipeline(PipelineStateMap.java:132)
	at org.apache.hadoop.hdds.scm.pipeline.PipelineStateMap.removePipeline(PipelineStateMap.java:322)
	at org.apache.hadoop.hdds.scm.pipeline.PipelineStateManager.removePipeline(PipelineStateManager.java:107)
	at org.apache.hadoop.hdds.scm.pipeline.SCMPipelineManager.removePipeline(SCMPipelineManager.java:423)
	at org.apache.hadoop.hdds.scm.pipeline.SCMPipelineManager.destroyPipeline(SCMPipelineManager.java:409)
	at org.apache.hadoop.hdds.scm.pipeline.SCMPipelineManager.lambda$finalizeAndDestroyPipeline$0(SCMPipelineManager.java:318)
	at org.apache.hadoop.utils.Scheduler.lambda$schedule$1(Scheduler.java:68)
	at java.util.concurrent.Executors$RunnableAdapter.call(Executors.java:511)
	at java.util.concurrent.FutureTask.run(FutureTask.java:266)
	at java.util.concurrent.ScheduledThreadPoolExecutor$ScheduledFutureTask.access$201(ScheduledThreadPoolExecutor.java:180)
	at java.util.concurrent.ScheduledThreadPoolExecutor$ScheduledFutureTask.run(ScheduledThreadPoolExecutor.java:293)
	at java.util.concurrent.ThreadPoolExecutor.runWorker(ThreadPoolExecutor.java:1149)
	at java.util.concurrent.ThreadPoolExecutor$Worker.run(ThreadPoolExecutor.java:624)
	at java.lang.Thread.run(Thread.java:748)
2019-09-17 06:00:42,962 [3ec0bce2-5a80-4efc-b2ca-bab81cc18a9f@group-CBF25E866EAA-SegmentedRaftLogWorker] WARN  segmented.SegmentedRaftLogWorker (SegmentedRaftLogWorker.java:getFromFuture(90)) - Timeout 3/~
org.apache.ratis.protocol.TimeoutIOException: Timeout 10s: WriteLog:7: (t:1, i:7), STATEMACHINELOGENTRY, client-EE883D609918, cid=39-writeStateMachineData
	at org.apache.ratis.util.IOUtils.getFromFuture(IOUtils.java:87)
	at org.apache.ratis.server.raftlog.segmented.SegmentedRaftLogWorker$StateMachineDataPolicy.getFromFuture(SegmentedRaftLogWorker.java:87)
	at org.apache.ratis.server.raftlog.segmented.SegmentedRaftLogWorker$WriteLog.execute(SegmentedRaftLogWorker.java:477)
	at org.apache.ratis.server.raftlog.segmented.SegmentedRaftLogWorker.run(SegmentedRaftLogWorker.java:289)
	at java.lang.Thread.run(Thread.java:748)
Caused by: java.util.concurrent.TimeoutException
	at java.util.concurrent.CompletableFuture.timedGet(CompletableFuture.java:1771)
	at java.util.concurrent.CompletableFuture.get(CompletableFuture.java:1915)
	at org.apache.ratis.util.IOUtils.getFromFuture(IOUtils.java:79)
	... 4 more
2019-09-17 06:00:42,962 [f6013552-a382-44c6-bdc3-8253bd9e054c@group-CBF25E866EAA-SegmentedRaftLogWorker] WARN  segmented.SegmentedRaftLogWorker (SegmentedRaftLogWorker.java:getFromFuture(90)) - Timeout 3/~
org.apache.ratis.protocol.TimeoutIOException: Timeout 10s: WriteLog:7: (t:1, i:7), STATEMACHINELOGENTRY, client-EE883D609918, cid=39-writeStateMachineData
	at org.apache.ratis.util.IOUtils.getFromFuture(IOUtils.java:87)
	at org.apache.ratis.server.raftlog.segmented.SegmentedRaftLogWorker$StateMachineDataPolicy.getFromFuture(SegmentedRaftLogWorker.java:87)
	at org.apache.ratis.server.raftlog.segmented.SegmentedRaftLogWorker$WriteLog.execute(SegmentedRaftLogWorker.java:477)
	at org.apache.ratis.server.raftlog.segmented.SegmentedRaftLogWorker.run(SegmentedRaftLogWorker.java:289)
	at java.lang.Thread.run(Thread.java:748)
Caused by: java.util.concurrent.TimeoutException
	at java.util.concurrent.CompletableFuture.timedGet(CompletableFuture.java:1771)
	at java.util.concurrent.CompletableFuture.get(CompletableFuture.java:1915)
	at org.apache.ratis.util.IOUtils.getFromFuture(IOUtils.java:79)
	... 4 more
2019-09-17 06:00:42,967 [c5233a29-19a6-42e1-869f-0cfd92a1650c@group-CBF25E866EAA-SegmentedRaftLogWorker] WARN  segmented.SegmentedRaftLogWorker (SegmentedRaftLogWorker.java:getFromFuture(90)) - Timeout 3/~
org.apache.ratis.protocol.TimeoutIOException: Timeout 10s: WriteLog:7: (t:1, i:7), STATEMACHINELOGENTRY, client-EE883D609918, cid=39-writeStateMachineData
	at org.apache.ratis.util.IOUtils.getFromFuture(IOUtils.java:87)
	at org.apache.ratis.server.raftlog.segmented.SegmentedRaftLogWorker$StateMachineDataPolicy.getFromFuture(SegmentedRaftLogWorker.java:87)
	at org.apache.ratis.server.raftlog.segmented.SegmentedRaftLogWorker$WriteLog.execute(SegmentedRaftLogWorker.java:477)
	at org.apache.ratis.server.raftlog.segmented.SegmentedRaftLogWorker.run(SegmentedRaftLogWorker.java:289)
	at java.lang.Thread.run(Thread.java:748)
Caused by: java.util.concurrent.TimeoutException
	at java.util.concurrent.CompletableFuture.timedGet(CompletableFuture.java:1771)
	at java.util.concurrent.CompletableFuture.get(CompletableFuture.java:1915)
	at org.apache.ratis.util.IOUtils.getFromFuture(IOUtils.java:79)
	... 4 more
2019-09-17 06:00:43,249 [grpc-default-executor-5] INFO  client.GrpcClientProtocolClient (GrpcClientProtocolClient.java:onNext(264)) - client-EE883D609918->c5233a29-19a6-42e1-869f-0cfd92a1650c: receive RaftClientReply:client-EE883D609918->c5233a29-19a6-42e1-869f-0cfd92a1650c@group-CBF25E866EAA, cid=39, FAILED org.apache.ratis.protocol.NotLeaderException: Server c5233a29-19a6-42e1-869f-0cfd92a1650c@group-CBF25E866EAA is not the leader 3ec0bce2-5a80-4efc-b2ca-bab81cc18a9f:192.168.34.7:33921, logIndex=0, commits[c5233a29-19a6-42e1-869f-0cfd92a1650c:c6, f6013552-a382-44c6-bdc3-8253bd9e054c:c4, 3ec0bce2-5a80-4efc-b2ca-bab81cc18a9f:c6]
2019-09-17 06:00:43,473 [java.util.concurrent.ThreadPoolExecutor$Worker@457453c9[State = -1, empty queue]] WARN  server.GrpcLogAppender (GrpcLogAppender.java:timeoutAppendRequest(200)) - 3ec0bce2-5a80-4efc-b2ca-bab81cc18a9f@group-CBF25E866EAA->f6013552-a382-44c6-bdc3-8253bd9e054c-GrpcLogAppender: appendEntries Timeout, request=3ec0bce2-5a80-4efc-b2ca-bab81cc18a9f->f6013552-a382-44c6-bdc3-8253bd9e054c#28-t1, previous=(t:1, i:12), leaderCommit=6, initializing? false, entries: <empty>
2019-09-17 06:00:43,473 [java.util.concurrent.ThreadPoolExecutor$Worker@2971b8e1[State = -1, empty queue]] WARN  server.GrpcLogAppender (GrpcLogAppender.java:timeoutAppendRequest(200)) - 3ec0bce2-5a80-4efc-b2ca-bab81cc18a9f@group-CBF25E866EAA->c5233a29-19a6-42e1-869f-0cfd92a1650c-GrpcLogAppender: appendEntries Timeout, request=3ec0bce2-5a80-4efc-b2ca-bab81cc18a9f->c5233a29-19a6-42e1-869f-0cfd92a1650c#28-t1, previous=(t:1, i:12), leaderCommit=6, initializing? false, entries: <empty>
2019-09-17 06:00:44,791 [grpc-default-executor-1] INFO  impl.RaftServerProxy (RaftServerProxy.java:remove(95)) - c5233a29-19a6-42e1-869f-0cfd92a1650c: remove group-E2F58C278DC5:null
2019-09-17 06:00:44,795 [RatisPipelineUtilsThread] WARN  pipeline.RatisPipelineUtils (RatisPipelineUtils.java:destroyPipeline(66)) - Pipeline destroy failed for pipeline=PipelineID=2e6087e1-ff44-45df-ae3c-e2f58c278dc5 dn=c5233a29-19a6-42e1-869f-0cfd92a1650c{ip: 192.168.34.7, host: pr-hdds-2132-5g9kv-3389001449, networkLocation: /default-rack, certSerialId: null}
2019-09-17 06:00:44,799 [grpc-default-executor-1] INFO  impl.RaftServerProxy (RaftServerProxy.java:remove(95)) - 3ec0bce2-5a80-4efc-b2ca-bab81cc18a9f: remove group-E2F58C278DC5:null
2019-09-17 06:00:44,801 [RatisPipelineUtilsThread] WARN  pipeline.RatisPipelineUtils (RatisPipelineUtils.java:destroyPipeline(66)) - Pipeline destroy failed for pipeline=PipelineID=2e6087e1-ff44-45df-ae3c-e2f58c278dc5 dn=3ec0bce2-5a80-4efc-b2ca-bab81cc18a9f{ip: 192.168.34.7, host: pr-hdds-2132-5g9kv-3389001449, networkLocation: /default-rack, certSerialId: null}
2019-09-17 06:00:44,804 [grpc-default-executor-1] INFO  impl.RaftServerProxy (RaftServerProxy.java:remove(95)) - f6013552-a382-44c6-bdc3-8253bd9e054c: remove group-E2F58C278DC5:null
2019-09-17 06:00:44,807 [RatisPipelineUtilsThread] WARN  pipeline.RatisPipelineUtils (RatisPipelineUtils.java:destroyPipeline(66)) - Pipeline destroy failed for pipeline=PipelineID=2e6087e1-ff44-45df-ae3c-e2f58c278dc5 dn=f6013552-a382-44c6-bdc3-8253bd9e054c{ip: 192.168.34.7, host: pr-hdds-2132-5g9kv-3389001449, networkLocation: /default-rack, certSerialId: null}
2019-09-17 06:00:44,807 [RatisPipelineUtilsThread] ERROR pipeline.SCMPipelineManager (Scheduler.java:lambda$schedule$1(70)) - Destroy pipeline failed for pipeline:Pipeline[ Id: 2e6087e1-ff44-45df-ae3c-e2f58c278dc5, Nodes: c5233a29-19a6-42e1-869f-0cfd92a1650c{ip: 192.168.34.7, host: pr-hdds-2132-5g9kv-3389001449, networkLocation: /default-rack, certSerialId: null}3ec0bce2-5a80-4efc-b2ca-bab81cc18a9f{ip: 192.168.34.7, host: pr-hdds-2132-5g9kv-3389001449, networkLocation: /default-rack, certSerialId: null}f6013552-a382-44c6-bdc3-8253bd9e054c{ip: 192.168.34.7, host: pr-hdds-2132-5g9kv-3389001449, networkLocation: /default-rack, certSerialId: null}, Type:RATIS, Factor:THREE, State:CLOSED]
org.apache.hadoop.hdds.scm.pipeline.PipelineNotFoundException: PipelineID=2e6087e1-ff44-45df-ae3c-e2f58c278dc5 not found
	at org.apache.hadoop.hdds.scm.pipeline.PipelineStateMap.getPipeline(PipelineStateMap.java:132)
	at org.apache.hadoop.hdds.scm.pipeline.PipelineStateMap.removePipeline(PipelineStateMap.java:322)
	at org.apache.hadoop.hdds.scm.pipeline.PipelineStateManager.removePipeline(PipelineStateManager.java:107)
	at org.apache.hadoop.hdds.scm.pipeline.SCMPipelineManager.removePipeline(SCMPipelineManager.java:423)
	at org.apache.hadoop.hdds.scm.pipeline.SCMPipelineManager.destroyPipeline(SCMPipelineManager.java:409)
	at org.apache.hadoop.hdds.scm.pipeline.SCMPipelineManager.lambda$finalizeAndDestroyPipeline$0(SCMPipelineManager.java:318)
	at org.apache.hadoop.utils.Scheduler.lambda$schedule$1(Scheduler.java:68)
	at java.util.concurrent.Executors$RunnableAdapter.call(Executors.java:511)
	at java.util.concurrent.FutureTask.run(FutureTask.java:266)
	at java.util.concurrent.ScheduledThreadPoolExecutor$ScheduledFutureTask.access$201(ScheduledThreadPoolExecutor.java:180)
	at java.util.concurrent.ScheduledThreadPoolExecutor$ScheduledFutureTask.run(ScheduledThreadPoolExecutor.java:293)
	at java.util.concurrent.ThreadPoolExecutor.runWorker(ThreadPoolExecutor.java:1149)
	at java.util.concurrent.ThreadPoolExecutor$Worker.run(ThreadPoolExecutor.java:624)
	at java.lang.Thread.run(Thread.java:748)
2019-09-17 06:00:45,974 [java.util.concurrent.ThreadPoolExecutor$Worker@457453c9[State = -1, empty queue]] WARN  server.GrpcLogAppender (GrpcLogAppender.java:timeoutAppendRequest(200)) - 3ec0bce2-5a80-4efc-b2ca-bab81cc18a9f@group-CBF25E866EAA->f6013552-a382-44c6-bdc3-8253bd9e054c-GrpcLogAppender: appendEntries Timeout, request=3ec0bce2-5a80-4efc-b2ca-bab81cc18a9f->f6013552-a382-44c6-bdc3-8253bd9e054c#29-t1, previous=(t:1, i:12), leaderCommit=6, initializing? false, entries: <empty>
2019-09-17 06:00:45,974 [java.util.concurrent.ThreadPoolExecutor$Worker@2971b8e1[State = -1, empty queue]] WARN  server.GrpcLogAppender (GrpcLogAppender.java:timeoutAppendRequest(200)) - 3ec0bce2-5a80-4efc-b2ca-bab81cc18a9f@group-CBF25E866EAA->c5233a29-19a6-42e1-869f-0cfd92a1650c-GrpcLogAppender: appendEntries Timeout, request=3ec0bce2-5a80-4efc-b2ca-bab81cc18a9f->c5233a29-19a6-42e1-869f-0cfd92a1650c#29-t1, previous=(t:1, i:12), leaderCommit=6, initializing? false, entries: <empty>
2019-09-17 06:00:46,793 [grpc-default-executor-5] INFO  impl.RaftServerProxy (RaftServerProxy.java:remove(95)) - c5233a29-19a6-42e1-869f-0cfd92a1650c: remove group-E2F58C278DC5:null
2019-09-17 06:00:46,797 [RatisPipelineUtilsThread] WARN  pipeline.RatisPipelineUtils (RatisPipelineUtils.java:destroyPipeline(66)) - Pipeline destroy failed for pipeline=PipelineID=2e6087e1-ff44-45df-ae3c-e2f58c278dc5 dn=c5233a29-19a6-42e1-869f-0cfd92a1650c{ip: 192.168.34.7, host: pr-hdds-2132-5g9kv-3389001449, networkLocation: /default-rack, certSerialId: null}
2019-09-17 06:00:46,802 [grpc-default-executor-5] INFO  impl.RaftServerProxy (RaftServerProxy.java:remove(95)) - 3ec0bce2-5a80-4efc-b2ca-bab81cc18a9f: remove group-E2F58C278DC5:null
2019-09-17 06:00:46,805 [RatisPipelineUtilsThread] WARN  pipeline.RatisPipelineUtils (RatisPipelineUtils.java:destroyPipeline(66)) - Pipeline destroy failed for pipeline=PipelineID=2e6087e1-ff44-45df-ae3c-e2f58c278dc5 dn=3ec0bce2-5a80-4efc-b2ca-bab81cc18a9f{ip: 192.168.34.7, host: pr-hdds-2132-5g9kv-3389001449, networkLocation: /default-rack, certSerialId: null}
2019-09-17 06:00:46,808 [grpc-default-executor-5] INFO  impl.RaftServerProxy (RaftServerProxy.java:remove(95)) - f6013552-a382-44c6-bdc3-8253bd9e054c: remove group-E2F58C278DC5:null
2019-09-17 06:00:46,811 [RatisPipelineUtilsThread] WARN  pipeline.RatisPipelineUtils (RatisPipelineUtils.java:destroyPipeline(66)) - Pipeline destroy failed for pipeline=PipelineID=2e6087e1-ff44-45df-ae3c-e2f58c278dc5 dn=f6013552-a382-44c6-bdc3-8253bd9e054c{ip: 192.168.34.7, host: pr-hdds-2132-5g9kv-3389001449, networkLocation: /default-rack, certSerialId: null}
2019-09-17 06:00:46,811 [RatisPipelineUtilsThread] ERROR pipeline.SCMPipelineManager (Scheduler.java:lambda$schedule$1(70)) - Destroy pipeline failed for pipeline:Pipeline[ Id: 2e6087e1-ff44-45df-ae3c-e2f58c278dc5, Nodes: c5233a29-19a6-42e1-869f-0cfd92a1650c{ip: 192.168.34.7, host: pr-hdds-2132-5g9kv-3389001449, networkLocation: /default-rack, certSerialId: null}3ec0bce2-5a80-4efc-b2ca-bab81cc18a9f{ip: 192.168.34.7, host: pr-hdds-2132-5g9kv-3389001449, networkLocation: /default-rack, certSerialId: null}f6013552-a382-44c6-bdc3-8253bd9e054c{ip: 192.168.34.7, host: pr-hdds-2132-5g9kv-3389001449, networkLocation: /default-rack, certSerialId: null}, Type:RATIS, Factor:THREE, State:CLOSED]
org.apache.hadoop.hdds.scm.pipeline.PipelineNotFoundException: PipelineID=2e6087e1-ff44-45df-ae3c-e2f58c278dc5 not found
	at org.apache.hadoop.hdds.scm.pipeline.PipelineStateMap.getPipeline(PipelineStateMap.java:132)
	at org.apache.hadoop.hdds.scm.pipeline.PipelineStateMap.removePipeline(PipelineStateMap.java:322)
	at org.apache.hadoop.hdds.scm.pipeline.PipelineStateManager.removePipeline(PipelineStateManager.java:107)
	at org.apache.hadoop.hdds.scm.pipeline.SCMPipelineManager.removePipeline(SCMPipelineManager.java:423)
	at org.apache.hadoop.hdds.scm.pipeline.SCMPipelineManager.destroyPipeline(SCMPipelineManager.java:409)
	at org.apache.hadoop.hdds.scm.pipeline.SCMPipelineManager.lambda$finalizeAndDestroyPipeline$0(SCMPipelineManager.java:318)
	at org.apache.hadoop.utils.Scheduler.lambda$schedule$1(Scheduler.java:68)
	at java.util.concurrent.Executors$RunnableAdapter.call(Executors.java:511)
	at java.util.concurrent.FutureTask.run(FutureTask.java:266)
	at java.util.concurrent.ScheduledThreadPoolExecutor$ScheduledFutureTask.access$201(ScheduledThreadPoolExecutor.java:180)
	at java.util.concurrent.ScheduledThreadPoolExecutor$ScheduledFutureTask.run(ScheduledThreadPoolExecutor.java:293)
	at java.util.concurrent.ThreadPoolExecutor.runWorker(ThreadPoolExecutor.java:1149)
	at java.util.concurrent.ThreadPoolExecutor$Worker.run(ThreadPoolExecutor.java:624)
	at java.lang.Thread.run(Thread.java:748)
2019-09-17 06:00:48,292 [grpc-default-executor-5] INFO  client.GrpcClientProtocolClient (GrpcClientProtocolClient.java:onNext(264)) - client-EE883D609918->c5233a29-19a6-42e1-869f-0cfd92a1650c: receive RaftClientReply:client-EE883D609918->c5233a29-19a6-42e1-869f-0cfd92a1650c@group-CBF25E866EAA, cid=39, FAILED org.apache.ratis.protocol.NotLeaderException: Server c5233a29-19a6-42e1-869f-0cfd92a1650c@group-CBF25E866EAA is not the leader 3ec0bce2-5a80-4efc-b2ca-bab81cc18a9f:192.168.34.7:33921, logIndex=0, commits[c5233a29-19a6-42e1-869f-0cfd92a1650c:c6, f6013552-a382-44c6-bdc3-8253bd9e054c:c4, 3ec0bce2-5a80-4efc-b2ca-bab81cc18a9f:c6]
2019-09-17 06:00:48,474 [java.util.concurrent.ThreadPoolExecutor$Worker@457453c9[State = -1, empty queue]] WARN  server.GrpcLogAppender (GrpcLogAppender.java:timeoutAppendRequest(200)) - 3ec0bce2-5a80-4efc-b2ca-bab81cc18a9f@group-CBF25E866EAA->f6013552-a382-44c6-bdc3-8253bd9e054c-GrpcLogAppender: appendEntries Timeout, request=3ec0bce2-5a80-4efc-b2ca-bab81cc18a9f->f6013552-a382-44c6-bdc3-8253bd9e054c#30-t1, previous=(t:1, i:12), leaderCommit=6, initializing? false, entries: <empty>
2019-09-17 06:00:48,474 [java.util.concurrent.ThreadPoolExecutor$Worker@2971b8e1[State = -1, empty queue]] WARN  server.GrpcLogAppender (GrpcLogAppender.java:timeoutAppendRequest(200)) - 3ec0bce2-5a80-4efc-b2ca-bab81cc18a9f@group-CBF25E866EAA->c5233a29-19a6-42e1-869f-0cfd92a1650c-GrpcLogAppender: appendEntries Timeout, request=3ec0bce2-5a80-4efc-b2ca-bab81cc18a9f->c5233a29-19a6-42e1-869f-0cfd92a1650c#30-t1, previous=(t:1, i:12), leaderCommit=6, initializing? false, entries: <empty>
2019-09-17 06:00:49,791 [grpc-default-executor-5] INFO  impl.RaftServerProxy (RaftServerProxy.java:remove(95)) - c5233a29-19a6-42e1-869f-0cfd92a1650c: remove group-E2F58C278DC5:null
2019-09-17 06:00:49,794 [RatisPipelineUtilsThread] WARN  pipeline.RatisPipelineUtils (RatisPipelineUtils.java:destroyPipeline(66)) - Pipeline destroy failed for pipeline=PipelineID=2e6087e1-ff44-45df-ae3c-e2f58c278dc5 dn=c5233a29-19a6-42e1-869f-0cfd92a1650c{ip: 192.168.34.7, host: pr-hdds-2132-5g9kv-3389001449, networkLocation: /default-rack, certSerialId: null}
2019-09-17 06:00:49,798 [grpc-default-executor-5] INFO  impl.RaftServerProxy (RaftServerProxy.java:remove(95)) - 3ec0bce2-5a80-4efc-b2ca-bab81cc18a9f: remove group-E2F58C278DC5:null
2019-09-17 06:00:49,800 [RatisPipelineUtilsThread] WARN  pipeline.RatisPipelineUtils (RatisPipelineUtils.java:destroyPipeline(66)) - Pipeline destroy failed for pipeline=PipelineID=2e6087e1-ff44-45df-ae3c-e2f58c278dc5 dn=3ec0bce2-5a80-4efc-b2ca-bab81cc18a9f{ip: 192.168.34.7, host: pr-hdds-2132-5g9kv-3389001449, networkLocation: /default-rack, certSerialId: null}
2019-09-17 06:00:49,804 [grpc-default-executor-5] INFO  impl.RaftServerProxy (RaftServerProxy.java:remove(95)) - f6013552-a382-44c6-bdc3-8253bd9e054c: remove group-E2F58C278DC5:null
2019-09-17 06:00:49,806 [RatisPipelineUtilsThread] WARN  pipeline.RatisPipelineUtils (RatisPipelineUtils.java:destroyPipeline(66)) - Pipeline destroy failed for pipeline=PipelineID=2e6087e1-ff44-45df-ae3c-e2f58c278dc5 dn=f6013552-a382-44c6-bdc3-8253bd9e054c{ip: 192.168.34.7, host: pr-hdds-2132-5g9kv-3389001449, networkLocation: /default-rack, certSerialId: null}
2019-09-17 06:00:49,806 [RatisPipelineUtilsThread] ERROR pipeline.SCMPipelineManager (Scheduler.java:lambda$schedule$1(70)) - Destroy pipeline failed for pipeline:Pipeline[ Id: 2e6087e1-ff44-45df-ae3c-e2f58c278dc5, Nodes: c5233a29-19a6-42e1-869f-0cfd92a1650c{ip: 192.168.34.7, host: pr-hdds-2132-5g9kv-3389001449, networkLocation: /default-rack, certSerialId: null}3ec0bce2-5a80-4efc-b2ca-bab81cc18a9f{ip: 192.168.34.7, host: pr-hdds-2132-5g9kv-3389001449, networkLocation: /default-rack, certSerialId: null}f6013552-a382-44c6-bdc3-8253bd9e054c{ip: 192.168.34.7, host: pr-hdds-2132-5g9kv-3389001449, networkLocation: /default-rack, certSerialId: null}, Type:RATIS, Factor:THREE, State:CLOSED]
org.apache.hadoop.hdds.scm.pipeline.PipelineNotFoundException: PipelineID=2e6087e1-ff44-45df-ae3c-e2f58c278dc5 not found
	at org.apache.hadoop.hdds.scm.pipeline.PipelineStateMap.getPipeline(PipelineStateMap.java:132)
	at org.apache.hadoop.hdds.scm.pipeline.PipelineStateMap.removePipeline(PipelineStateMap.java:322)
	at org.apache.hadoop.hdds.scm.pipeline.PipelineStateManager.removePipeline(PipelineStateManager.java:107)
	at org.apache.hadoop.hdds.scm.pipeline.SCMPipelineManager.removePipeline(SCMPipelineManager.java:423)
	at org.apache.hadoop.hdds.scm.pipeline.SCMPipelineManager.destroyPipeline(SCMPipelineManager.java:409)
	at org.apache.hadoop.hdds.scm.pipeline.SCMPipelineManager.lambda$finalizeAndDestroyPipeline$0(SCMPipelineManager.java:318)
	at org.apache.hadoop.utils.Scheduler.lambda$schedule$1(Scheduler.java:68)
	at java.util.concurrent.Executors$RunnableAdapter.call(Executors.java:511)
	at java.util.concurrent.FutureTask.run(FutureTask.java:266)
	at java.util.concurrent.ScheduledThreadPoolExecutor$ScheduledFutureTask.access$201(ScheduledThreadPoolExecutor.java:180)
	at java.util.concurrent.ScheduledThreadPoolExecutor$ScheduledFutureTask.run(ScheduledThreadPoolExecutor.java:293)
	at java.util.concurrent.ThreadPoolExecutor.runWorker(ThreadPoolExecutor.java:1149)
	at java.util.concurrent.ThreadPoolExecutor$Worker.run(ThreadPoolExecutor.java:624)
	at java.lang.Thread.run(Thread.java:748)
2019-09-17 06:00:50,975 [java.util.concurrent.ThreadPoolExecutor$Worker@457453c9[State = -1, empty queue]] WARN  server.GrpcLogAppender (GrpcLogAppender.java:timeoutAppendRequest(200)) - 3ec0bce2-5a80-4efc-b2ca-bab81cc18a9f@group-CBF25E866EAA->f6013552-a382-44c6-bdc3-8253bd9e054c-GrpcLogAppender: appendEntries Timeout, request=3ec0bce2-5a80-4efc-b2ca-bab81cc18a9f->f6013552-a382-44c6-bdc3-8253bd9e054c#31-t1, previous=(t:1, i:12), leaderCommit=6, initializing? false, entries: <empty>
2019-09-17 06:00:50,975 [java.util.concurrent.ThreadPoolExecutor$Worker@2971b8e1[State = -1, empty queue]] WARN  server.GrpcLogAppender (GrpcLogAppender.java:timeoutAppendRequest(200)) - 3ec0bce2-5a80-4efc-b2ca-bab81cc18a9f@group-CBF25E866EAA->c5233a29-19a6-42e1-869f-0cfd92a1650c-GrpcLogAppender: appendEntries Timeout, request=3ec0bce2-5a80-4efc-b2ca-bab81cc18a9f->c5233a29-19a6-42e1-869f-0cfd92a1650c#31-t1, previous=(t:1, i:12), leaderCommit=6, initializing? false, entries: <empty>
2019-09-17 06:00:51,794 [grpc-default-executor-1] INFO  impl.RaftServerProxy (RaftServerProxy.java:remove(95)) - c5233a29-19a6-42e1-869f-0cfd92a1650c: remove group-E2F58C278DC5:null
2019-09-17 06:00:51,798 [RatisPipelineUtilsThread] WARN  pipeline.RatisPipelineUtils (RatisPipelineUtils.java:destroyPipeline(66)) - Pipeline destroy failed for pipeline=PipelineID=2e6087e1-ff44-45df-ae3c-e2f58c278dc5 dn=c5233a29-19a6-42e1-869f-0cfd92a1650c{ip: 192.168.34.7, host: pr-hdds-2132-5g9kv-3389001449, networkLocation: /default-rack, certSerialId: null}
2019-09-17 06:00:51,802 [grpc-default-executor-1] INFO  impl.RaftServerProxy (RaftServerProxy.java:remove(95)) - 3ec0bce2-5a80-4efc-b2ca-bab81cc18a9f: remove group-E2F58C278DC5:null
2019-09-17 06:00:51,804 [RatisPipelineUtilsThread] WARN  pipeline.RatisPipelineUtils (RatisPipelineUtils.java:destroyPipeline(66)) - Pipeline destroy failed for pipeline=PipelineID=2e6087e1-ff44-45df-ae3c-e2f58c278dc5 dn=3ec0bce2-5a80-4efc-b2ca-bab81cc18a9f{ip: 192.168.34.7, host: pr-hdds-2132-5g9kv-3389001449, networkLocation: /default-rack, certSerialId: null}
2019-09-17 06:00:51,808 [grpc-default-executor-1] INFO  impl.RaftServerProxy (RaftServerProxy.java:remove(95)) - f6013552-a382-44c6-bdc3-8253bd9e054c: remove group-E2F58C278DC5:null
2019-09-17 06:00:51,810 [RatisPipelineUtilsThread] WARN  pipeline.RatisPipelineUtils (RatisPipelineUtils.java:destroyPipeline(66)) - Pipeline destroy failed for pipeline=PipelineID=2e6087e1-ff44-45df-ae3c-e2f58c278dc5 dn=f6013552-a382-44c6-bdc3-8253bd9e054c{ip: 192.168.34.7, host: pr-hdds-2132-5g9kv-3389001449, networkLocation: /default-rack, certSerialId: null}
2019-09-17 06:00:51,811 [RatisPipelineUtilsThread] ERROR pipeline.SCMPipelineManager (Scheduler.java:lambda$schedule$1(70)) - Destroy pipeline failed for pipeline:Pipeline[ Id: 2e6087e1-ff44-45df-ae3c-e2f58c278dc5, Nodes: c5233a29-19a6-42e1-869f-0cfd92a1650c{ip: 192.168.34.7, host: pr-hdds-2132-5g9kv-3389001449, networkLocation: /default-rack, certSerialId: null}3ec0bce2-5a80-4efc-b2ca-bab81cc18a9f{ip: 192.168.34.7, host: pr-hdds-2132-5g9kv-3389001449, networkLocation: /default-rack, certSerialId: null}f6013552-a382-44c6-bdc3-8253bd9e054c{ip: 192.168.34.7, host: pr-hdds-2132-5g9kv-3389001449, networkLocation: /default-rack, certSerialId: null}, Type:RATIS, Factor:THREE, State:CLOSED]
org.apache.hadoop.hdds.scm.pipeline.PipelineNotFoundException: PipelineID=2e6087e1-ff44-45df-ae3c-e2f58c278dc5 not found
	at org.apache.hadoop.hdds.scm.pipeline.PipelineStateMap.getPipeline(PipelineStateMap.java:132)
	at org.apache.hadoop.hdds.scm.pipeline.PipelineStateMap.removePipeline(PipelineStateMap.java:322)
	at org.apache.hadoop.hdds.scm.pipeline.PipelineStateManager.removePipeline(PipelineStateManager.java:107)
	at org.apache.hadoop.hdds.scm.pipeline.SCMPipelineManager.removePipeline(SCMPipelineManager.java:423)
	at org.apache.hadoop.hdds.scm.pipeline.SCMPipelineManager.destroyPipeline(SCMPipelineManager.java:409)
	at org.apache.hadoop.hdds.scm.pipeline.SCMPipelineManager.lambda$finalizeAndDestroyPipeline$0(SCMPipelineManager.java:318)
	at org.apache.hadoop.utils.Scheduler.lambda$schedule$1(Scheduler.java:68)
	at java.util.concurrent.Executors$RunnableAdapter.call(Executors.java:511)
	at java.util.concurrent.FutureTask.run(FutureTask.java:266)
	at java.util.concurrent.ScheduledThreadPoolExecutor$ScheduledFutureTask.access$201(ScheduledThreadPoolExecutor.java:180)
	at java.util.concurrent.ScheduledThreadPoolExecutor$ScheduledFutureTask.run(ScheduledThreadPoolExecutor.java:293)
	at java.util.concurrent.ThreadPoolExecutor.runWorker(ThreadPoolExecutor.java:1149)
	at java.util.concurrent.ThreadPoolExecutor$Worker.run(ThreadPoolExecutor.java:624)
	at java.lang.Thread.run(Thread.java:748)
2019-09-17 06:00:52,964 [3ec0bce2-5a80-4efc-b2ca-bab81cc18a9f@group-CBF25E866EAA-SegmentedRaftLogWorker] WARN  segmented.SegmentedRaftLogWorker (SegmentedRaftLogWorker.java:getFromFuture(90)) - Timeout 4/~
org.apache.ratis.protocol.TimeoutIOException: Timeout 10s: WriteLog:7: (t:1, i:7), STATEMACHINELOGENTRY, client-EE883D609918, cid=39-writeStateMachineData
	at org.apache.ratis.util.IOUtils.getFromFuture(IOUtils.java:87)
	at org.apache.ratis.server.raftlog.segmented.SegmentedRaftLogWorker$StateMachineDataPolicy.getFromFuture(SegmentedRaftLogWorker.java:87)
	at org.apache.ratis.server.raftlog.segmented.SegmentedRaftLogWorker$WriteLog.execute(SegmentedRaftLogWorker.java:477)
	at org.apache.ratis.server.raftlog.segmented.SegmentedRaftLogWorker.run(SegmentedRaftLogWorker.java:289)
	at java.lang.Thread.run(Thread.java:748)
Caused by: java.util.concurrent.TimeoutException
	at java.util.concurrent.CompletableFuture.timedGet(CompletableFuture.java:1771)
	at java.util.concurrent.CompletableFuture.get(CompletableFuture.java:1915)
	at org.apache.ratis.util.IOUtils.getFromFuture(IOUtils.java:79)
	... 4 more
2019-09-17 06:00:52,964 [f6013552-a382-44c6-bdc3-8253bd9e054c@group-CBF25E866EAA-SegmentedRaftLogWorker] WARN  segmented.SegmentedRaftLogWorker (SegmentedRaftLogWorker.java:getFromFuture(90)) - Timeout 4/~
org.apache.ratis.protocol.TimeoutIOException: Timeout 10s: WriteLog:7: (t:1, i:7), STATEMACHINELOGENTRY, client-EE883D609918, cid=39-writeStateMachineData
	at org.apache.ratis.util.IOUtils.getFromFuture(IOUtils.java:87)
	at org.apache.ratis.server.raftlog.segmented.SegmentedRaftLogWorker$StateMachineDataPolicy.getFromFuture(SegmentedRaftLogWorker.java:87)
	at org.apache.ratis.server.raftlog.segmented.SegmentedRaftLogWorker$WriteLog.execute(SegmentedRaftLogWorker.java:477)
	at org.apache.ratis.server.raftlog.segmented.SegmentedRaftLogWorker.run(SegmentedRaftLogWorker.java:289)
	at java.lang.Thread.run(Thread.java:748)
Caused by: java.util.concurrent.TimeoutException
	at java.util.concurrent.CompletableFuture.timedGet(CompletableFuture.java:1771)
	at java.util.concurrent.CompletableFuture.get(CompletableFuture.java:1915)
	at org.apache.ratis.util.IOUtils.getFromFuture(IOUtils.java:79)
	... 4 more
2019-09-17 06:00:52,967 [c5233a29-19a6-42e1-869f-0cfd92a1650c@group-CBF25E866EAA-SegmentedRaftLogWorker] WARN  segmented.SegmentedRaftLogWorker (SegmentedRaftLogWorker.java:getFromFuture(90)) - Timeout 4/~
org.apache.ratis.protocol.TimeoutIOException: Timeout 10s: WriteLog:7: (t:1, i:7), STATEMACHINELOGENTRY, client-EE883D609918, cid=39-writeStateMachineData
	at org.apache.ratis.util.IOUtils.getFromFuture(IOUtils.java:87)
	at org.apache.ratis.server.raftlog.segmented.SegmentedRaftLogWorker$StateMachineDataPolicy.getFromFuture(SegmentedRaftLogWorker.java:87)
	at org.apache.ratis.server.raftlog.segmented.SegmentedRaftLogWorker$WriteLog.execute(SegmentedRaftLogWorker.java:477)
	at org.apache.ratis.server.raftlog.segmented.SegmentedRaftLogWorker.run(SegmentedRaftLogWorker.java:289)
	at java.lang.Thread.run(Thread.java:748)
Caused by: java.util.concurrent.TimeoutException
	at java.util.concurrent.CompletableFuture.timedGet(CompletableFuture.java:1771)
	at java.util.concurrent.CompletableFuture.get(CompletableFuture.java:1915)
	at org.apache.ratis.util.IOUtils.getFromFuture(IOUtils.java:79)
	... 4 more
2019-09-17 06:00:53,354 [grpc-default-executor-5] INFO  client.GrpcClientProtocolClient (GrpcClientProtocolClient.java:onNext(264)) - client-EE883D609918->f6013552-a382-44c6-bdc3-8253bd9e054c: receive RaftClientReply:client-EE883D609918->f6013552-a382-44c6-bdc3-8253bd9e054c@group-CBF25E866EAA, cid=39, FAILED org.apache.ratis.protocol.NotLeaderException: Server f6013552-a382-44c6-bdc3-8253bd9e054c@group-CBF25E866EAA is not the leader 3ec0bce2-5a80-4efc-b2ca-bab81cc18a9f:192.168.34.7:33921, logIndex=0, commits[f6013552-a382-44c6-bdc3-8253bd9e054c:c6, c5233a29-19a6-42e1-869f-0cfd92a1650c:c4, 3ec0bce2-5a80-4efc-b2ca-bab81cc18a9f:c6]
2019-09-17 06:00:53,476 [java.util.concurrent.ThreadPoolExecutor$Worker@457453c9[State = -1, empty queue]] WARN  server.GrpcLogAppender (GrpcLogAppender.java:timeoutAppendRequest(200)) - 3ec0bce2-5a80-4efc-b2ca-bab81cc18a9f@group-CBF25E866EAA->f6013552-a382-44c6-bdc3-8253bd9e054c-GrpcLogAppender: appendEntries Timeout, request=3ec0bce2-5a80-4efc-b2ca-bab81cc18a9f->f6013552-a382-44c6-bdc3-8253bd9e054c#32-t1, previous=(t:1, i:12), leaderCommit=6, initializing? false, entries: <empty>
2019-09-17 06:00:53,476 [java.util.concurrent.ThreadPoolExecutor$Worker@2971b8e1[State = -1, empty queue]] WARN  server.GrpcLogAppender (GrpcLogAppender.java:timeoutAppendRequest(200)) - 3ec0bce2-5a80-4efc-b2ca-bab81cc18a9f@group-CBF25E866EAA->c5233a29-19a6-42e1-869f-0cfd92a1650c-GrpcLogAppender: appendEntries Timeout, request=3ec0bce2-5a80-4efc-b2ca-bab81cc18a9f->c5233a29-19a6-42e1-869f-0cfd92a1650c#32-t1, previous=(t:1, i:12), leaderCommit=6, initializing? false, entries: <empty>
2019-09-17 06:00:54,794 [grpc-default-executor-1] INFO  impl.RaftServerProxy (RaftServerProxy.java:remove(95)) - c5233a29-19a6-42e1-869f-0cfd92a1650c: remove group-E2F58C278DC5:null
2019-09-17 06:00:54,797 [RatisPipelineUtilsThread] WARN  pipeline.RatisPipelineUtils (RatisPipelineUtils.java:destroyPipeline(66)) - Pipeline destroy failed for pipeline=PipelineID=2e6087e1-ff44-45df-ae3c-e2f58c278dc5 dn=c5233a29-19a6-42e1-869f-0cfd92a1650c{ip: 192.168.34.7, host: pr-hdds-2132-5g9kv-3389001449, networkLocation: /default-rack, certSerialId: null}
2019-09-17 06:00:54,801 [grpc-default-executor-1] INFO  impl.RaftServerProxy (RaftServerProxy.java:remove(95)) - 3ec0bce2-5a80-4efc-b2ca-bab81cc18a9f: remove group-E2F58C278DC5:null
2019-09-17 06:00:54,803 [RatisPipelineUtilsThread] WARN  pipeline.RatisPipelineUtils (RatisPipelineUtils.java:destroyPipeline(66)) - Pipeline destroy failed for pipeline=PipelineID=2e6087e1-ff44-45df-ae3c-e2f58c278dc5 dn=3ec0bce2-5a80-4efc-b2ca-bab81cc18a9f{ip: 192.168.34.7, host: pr-hdds-2132-5g9kv-3389001449, networkLocation: /default-rack, certSerialId: null}
2019-09-17 06:00:54,805 [grpc-default-executor-1] INFO  impl.RaftServerProxy (RaftServerProxy.java:remove(95)) - f6013552-a382-44c6-bdc3-8253bd9e054c: remove group-E2F58C278DC5:null
2019-09-17 06:00:54,808 [RatisPipelineUtilsThread] WARN  pipeline.RatisPipelineUtils (RatisPipelineUtils.java:destroyPipeline(66)) - Pipeline destroy failed for pipeline=PipelineID=2e6087e1-ff44-45df-ae3c-e2f58c278dc5 dn=f6013552-a382-44c6-bdc3-8253bd9e054c{ip: 192.168.34.7, host: pr-hdds-2132-5g9kv-3389001449, networkLocation: /default-rack, certSerialId: null}
2019-09-17 06:00:54,808 [RatisPipelineUtilsThread] ERROR pipeline.SCMPipelineManager (Scheduler.java:lambda$schedule$1(70)) - Destroy pipeline failed for pipeline:Pipeline[ Id: 2e6087e1-ff44-45df-ae3c-e2f58c278dc5, Nodes: c5233a29-19a6-42e1-869f-0cfd92a1650c{ip: 192.168.34.7, host: pr-hdds-2132-5g9kv-3389001449, networkLocation: /default-rack, certSerialId: null}3ec0bce2-5a80-4efc-b2ca-bab81cc18a9f{ip: 192.168.34.7, host: pr-hdds-2132-5g9kv-3389001449, networkLocation: /default-rack, certSerialId: null}f6013552-a382-44c6-bdc3-8253bd9e054c{ip: 192.168.34.7, host: pr-hdds-2132-5g9kv-3389001449, networkLocation: /default-rack, certSerialId: null}, Type:RATIS, Factor:THREE, State:CLOSED]
org.apache.hadoop.hdds.scm.pipeline.PipelineNotFoundException: PipelineID=2e6087e1-ff44-45df-ae3c-e2f58c278dc5 not found
	at org.apache.hadoop.hdds.scm.pipeline.PipelineStateMap.getPipeline(PipelineStateMap.java:132)
	at org.apache.hadoop.hdds.scm.pipeline.PipelineStateMap.removePipeline(PipelineStateMap.java:322)
	at org.apache.hadoop.hdds.scm.pipeline.PipelineStateManager.removePipeline(PipelineStateManager.java:107)
	at org.apache.hadoop.hdds.scm.pipeline.SCMPipelineManager.removePipeline(SCMPipelineManager.java:423)
	at org.apache.hadoop.hdds.scm.pipeline.SCMPipelineManager.destroyPipeline(SCMPipelineManager.java:409)
	at org.apache.hadoop.hdds.scm.pipeline.SCMPipelineManager.lambda$finalizeAndDestroyPipeline$0(SCMPipelineManager.java:318)
	at org.apache.hadoop.utils.Scheduler.lambda$schedule$1(Scheduler.java:68)
	at java.util.concurrent.Executors$RunnableAdapter.call(Executors.java:511)
	at java.util.concurrent.FutureTask.run(FutureTask.java:266)
	at java.util.concurrent.ScheduledThreadPoolExecutor$ScheduledFutureTask.access$201(ScheduledThreadPoolExecutor.java:180)
	at java.util.concurrent.ScheduledThreadPoolExecutor$ScheduledFutureTask.run(ScheduledThreadPoolExecutor.java:293)
	at java.util.concurrent.ThreadPoolExecutor.runWorker(ThreadPoolExecutor.java:1149)
	at java.util.concurrent.ThreadPoolExecutor$Worker.run(ThreadPoolExecutor.java:624)
	at java.lang.Thread.run(Thread.java:748)
2019-09-17 06:00:55,977 [java.util.concurrent.ThreadPoolExecutor$Worker@457453c9[State = -1, empty queue]] WARN  server.GrpcLogAppender (GrpcLogAppender.java:timeoutAppendRequest(200)) - 3ec0bce2-5a80-4efc-b2ca-bab81cc18a9f@group-CBF25E866EAA->f6013552-a382-44c6-bdc3-8253bd9e054c-GrpcLogAppender: appendEntries Timeout, request=3ec0bce2-5a80-4efc-b2ca-bab81cc18a9f->f6013552-a382-44c6-bdc3-8253bd9e054c#33-t1, previous=(t:1, i:12), leaderCommit=6, initializing? false, entries: <empty>
2019-09-17 06:00:55,977 [java.util.concurrent.ThreadPoolExecutor$Worker@2971b8e1[State = -1, empty queue]] WARN  server.GrpcLogAppender (GrpcLogAppender.java:timeoutAppendRequest(200)) - 3ec0bce2-5a80-4efc-b2ca-bab81cc18a9f@group-CBF25E866EAA->c5233a29-19a6-42e1-869f-0cfd92a1650c-GrpcLogAppender: appendEntries Timeout, request=3ec0bce2-5a80-4efc-b2ca-bab81cc18a9f->c5233a29-19a6-42e1-869f-0cfd92a1650c#33-t1, previous=(t:1, i:12), leaderCommit=6, initializing? false, entries: <empty>
2019-09-17 06:00:56,792 [grpc-default-executor-1] INFO  impl.RaftServerProxy (RaftServerProxy.java:remove(95)) - c5233a29-19a6-42e1-869f-0cfd92a1650c: remove group-E2F58C278DC5:null
2019-09-17 06:00:56,795 [RatisPipelineUtilsThread] WARN  pipeline.RatisPipelineUtils (RatisPipelineUtils.java:destroyPipeline(66)) - Pipeline destroy failed for pipeline=PipelineID=2e6087e1-ff44-45df-ae3c-e2f58c278dc5 dn=c5233a29-19a6-42e1-869f-0cfd92a1650c{ip: 192.168.34.7, host: pr-hdds-2132-5g9kv-3389001449, networkLocation: /default-rack, certSerialId: null}
2019-09-17 06:00:56,799 [grpc-default-executor-1] INFO  impl.RaftServerProxy (RaftServerProxy.java:remove(95)) - 3ec0bce2-5a80-4efc-b2ca-bab81cc18a9f: remove group-E2F58C278DC5:null
2019-09-17 06:00:56,802 [RatisPipelineUtilsThread] WARN  pipeline.RatisPipelineUtils (RatisPipelineUtils.java:destroyPipeline(66)) - Pipeline destroy failed for pipeline=PipelineID=2e6087e1-ff44-45df-ae3c-e2f58c278dc5 dn=3ec0bce2-5a80-4efc-b2ca-bab81cc18a9f{ip: 192.168.34.7, host: pr-hdds-2132-5g9kv-3389001449, networkLocation: /default-rack, certSerialId: null}
2019-09-17 06:00:56,804 [grpc-default-executor-1] INFO  impl.RaftServerProxy (RaftServerProxy.java:remove(95)) - f6013552-a382-44c6-bdc3-8253bd9e054c: remove group-E2F58C278DC5:null
2019-09-17 06:00:56,807 [RatisPipelineUtilsThread] WARN  pipeline.RatisPipelineUtils (RatisPipelineUtils.java:destroyPipeline(66)) - Pipeline destroy failed for pipeline=PipelineID=2e6087e1-ff44-45df-ae3c-e2f58c278dc5 dn=f6013552-a382-44c6-bdc3-8253bd9e054c{ip: 192.168.34.7, host: pr-hdds-2132-5g9kv-3389001449, networkLocation: /default-rack, certSerialId: null}
2019-09-17 06:00:56,807 [RatisPipelineUtilsThread] ERROR pipeline.SCMPipelineManager (Scheduler.java:lambda$schedule$1(70)) - Destroy pipeline failed for pipeline:Pipeline[ Id: 2e6087e1-ff44-45df-ae3c-e2f58c278dc5, Nodes: c5233a29-19a6-42e1-869f-0cfd92a1650c{ip: 192.168.34.7, host: pr-hdds-2132-5g9kv-3389001449, networkLocation: /default-rack, certSerialId: null}3ec0bce2-5a80-4efc-b2ca-bab81cc18a9f{ip: 192.168.34.7, host: pr-hdds-2132-5g9kv-3389001449, networkLocation: /default-rack, certSerialId: null}f6013552-a382-44c6-bdc3-8253bd9e054c{ip: 192.168.34.7, host: pr-hdds-2132-5g9kv-3389001449, networkLocation: /default-rack, certSerialId: null}, Type:RATIS, Factor:THREE, State:CLOSED]
org.apache.hadoop.hdds.scm.pipeline.PipelineNotFoundException: PipelineID=2e6087e1-ff44-45df-ae3c-e2f58c278dc5 not found
	at org.apache.hadoop.hdds.scm.pipeline.PipelineStateMap.getPipeline(PipelineStateMap.java:132)
	at org.apache.hadoop.hdds.scm.pipeline.PipelineStateMap.removePipeline(PipelineStateMap.java:322)
	at org.apache.hadoop.hdds.scm.pipeline.PipelineStateManager.removePipeline(PipelineStateManager.java:107)
	at org.apache.hadoop.hdds.scm.pipeline.SCMPipelineManager.removePipeline(SCMPipelineManager.java:423)
	at org.apache.hadoop.hdds.scm.pipeline.SCMPipelineManager.destroyPipeline(SCMPipelineManager.java:409)
	at org.apache.hadoop.hdds.scm.pipeline.SCMPipelineManager.lambda$finalizeAndDestroyPipeline$0(SCMPipelineManager.java:318)
	at org.apache.hadoop.utils.Scheduler.lambda$schedule$1(Scheduler.java:68)
	at java.util.concurrent.Executors$RunnableAdapter.call(Executors.java:511)
	at java.util.concurrent.FutureTask.run(FutureTask.java:266)
	at java.util.concurrent.ScheduledThreadPoolExecutor$ScheduledFutureTask.access$201(ScheduledThreadPoolExecutor.java:180)
	at java.util.concurrent.ScheduledThreadPoolExecutor$ScheduledFutureTask.run(ScheduledThreadPoolExecutor.java:293)
	at java.util.concurrent.ThreadPoolExecutor.runWorker(ThreadPoolExecutor.java:1149)
	at java.util.concurrent.ThreadPoolExecutor$Worker.run(ThreadPoolExecutor.java:624)
	at java.lang.Thread.run(Thread.java:748)
2019-09-17 06:00:58,389 [grpc-default-executor-1] INFO  client.GrpcClientProtocolClient (GrpcClientProtocolClient.java:onNext(264)) - client-EE883D609918->f6013552-a382-44c6-bdc3-8253bd9e054c: receive RaftClientReply:client-EE883D609918->f6013552-a382-44c6-bdc3-8253bd9e054c@group-CBF25E866EAA, cid=39, FAILED org.apache.ratis.protocol.NotLeaderException: Server f6013552-a382-44c6-bdc3-8253bd9e054c@group-CBF25E866EAA is not the leader 3ec0bce2-5a80-4efc-b2ca-bab81cc18a9f:192.168.34.7:33921, logIndex=0, commits[f6013552-a382-44c6-bdc3-8253bd9e054c:c6, c5233a29-19a6-42e1-869f-0cfd92a1650c:c4, 3ec0bce2-5a80-4efc-b2ca-bab81cc18a9f:c6]
2019-09-17 06:00:58,477 [java.util.concurrent.ThreadPoolExecutor$Worker@2971b8e1[State = -1, empty queue]] WARN  server.GrpcLogAppender (GrpcLogAppender.java:timeoutAppendRequest(200)) - 3ec0bce2-5a80-4efc-b2ca-bab81cc18a9f@group-CBF25E866EAA->c5233a29-19a6-42e1-869f-0cfd92a1650c-GrpcLogAppender: appendEntries Timeout, request=3ec0bce2-5a80-4efc-b2ca-bab81cc18a9f->c5233a29-19a6-42e1-869f-0cfd92a1650c#34-t1, previous=(t:1, i:12), leaderCommit=6, initializing? false, entries: <empty>
2019-09-17 06:00:58,477 [java.util.concurrent.ThreadPoolExecutor$Worker@457453c9[State = -1, empty queue]] WARN  server.GrpcLogAppender (GrpcLogAppender.java:timeoutAppendRequest(200)) - 3ec0bce2-5a80-4efc-b2ca-bab81cc18a9f@group-CBF25E866EAA->f6013552-a382-44c6-bdc3-8253bd9e054c-GrpcLogAppender: appendEntries Timeout, request=3ec0bce2-5a80-4efc-b2ca-bab81cc18a9f->f6013552-a382-44c6-bdc3-8253bd9e054c#34-t1, previous=(t:1, i:12), leaderCommit=6, initializing? false, entries: <empty>
2019-09-17 06:00:59,792 [grpc-default-executor-1] INFO  impl.RaftServerProxy (RaftServerProxy.java:remove(95)) - c5233a29-19a6-42e1-869f-0cfd92a1650c: remove group-E2F58C278DC5:null
2019-09-17 06:00:59,796 [RatisPipelineUtilsThread] WARN  pipeline.RatisPipelineUtils (RatisPipelineUtils.java:destroyPipeline(66)) - Pipeline destroy failed for pipeline=PipelineID=2e6087e1-ff44-45df-ae3c-e2f58c278dc5 dn=c5233a29-19a6-42e1-869f-0cfd92a1650c{ip: 192.168.34.7, host: pr-hdds-2132-5g9kv-3389001449, networkLocation: /default-rack, certSerialId: null}
2019-09-17 06:00:59,799 [grpc-default-executor-1] INFO  impl.RaftServerProxy (RaftServerProxy.java:remove(95)) - 3ec0bce2-5a80-4efc-b2ca-bab81cc18a9f: remove group-E2F58C278DC5:null
2019-09-17 06:00:59,802 [RatisPipelineUtilsThread] WARN  pipeline.RatisPipelineUtils (RatisPipelineUtils.java:destroyPipeline(66)) - Pipeline destroy failed for pipeline=PipelineID=2e6087e1-ff44-45df-ae3c-e2f58c278dc5 dn=3ec0bce2-5a80-4efc-b2ca-bab81cc18a9f{ip: 192.168.34.7, host: pr-hdds-2132-5g9kv-3389001449, networkLocation: /default-rack, certSerialId: null}
2019-09-17 06:00:59,805 [grpc-default-executor-1] INFO  impl.RaftServerProxy (RaftServerProxy.java:remove(95)) - f6013552-a382-44c6-bdc3-8253bd9e054c: remove group-E2F58C278DC5:null
2019-09-17 06:00:59,808 [RatisPipelineUtilsThread] WARN  pipeline.RatisPipelineUtils (RatisPipelineUtils.java:destroyPipeline(66)) - Pipeline destroy failed for pipeline=PipelineID=2e6087e1-ff44-45df-ae3c-e2f58c278dc5 dn=f6013552-a382-44c6-bdc3-8253bd9e054c{ip: 192.168.34.7, host: pr-hdds-2132-5g9kv-3389001449, networkLocation: /default-rack, certSerialId: null}
2019-09-17 06:00:59,808 [RatisPipelineUtilsThread] ERROR pipeline.SCMPipelineManager (Scheduler.java:lambda$schedule$1(70)) - Destroy pipeline failed for pipeline:Pipeline[ Id: 2e6087e1-ff44-45df-ae3c-e2f58c278dc5, Nodes: c5233a29-19a6-42e1-869f-0cfd92a1650c{ip: 192.168.34.7, host: pr-hdds-2132-5g9kv-3389001449, networkLocation: /default-rack, certSerialId: null}3ec0bce2-5a80-4efc-b2ca-bab81cc18a9f{ip: 192.168.34.7, host: pr-hdds-2132-5g9kv-3389001449, networkLocation: /default-rack, certSerialId: null}f6013552-a382-44c6-bdc3-8253bd9e054c{ip: 192.168.34.7, host: pr-hdds-2132-5g9kv-3389001449, networkLocation: /default-rack, certSerialId: null}, Type:RATIS, Factor:THREE, State:CLOSED]
org.apache.hadoop.hdds.scm.pipeline.PipelineNotFoundException: PipelineID=2e6087e1-ff44-45df-ae3c-e2f58c278dc5 not found
	at org.apache.hadoop.hdds.scm.pipeline.PipelineStateMap.getPipeline(PipelineStateMap.java:132)
	at org.apache.hadoop.hdds.scm.pipeline.PipelineStateMap.removePipeline(PipelineStateMap.java:322)
	at org.apache.hadoop.hdds.scm.pipeline.PipelineStateManager.removePipeline(PipelineStateManager.java:107)
	at org.apache.hadoop.hdds.scm.pipeline.SCMPipelineManager.removePipeline(SCMPipelineManager.java:423)
	at org.apache.hadoop.hdds.scm.pipeline.SCMPipelineManager.destroyPipeline(SCMPipelineManager.java:409)
	at org.apache.hadoop.hdds.scm.pipeline.SCMPipelineManager.lambda$finalizeAndDestroyPipeline$0(SCMPipelineManager.java:318)
	at org.apache.hadoop.utils.Scheduler.lambda$schedule$1(Scheduler.java:68)
	at java.util.concurrent.Executors$RunnableAdapter.call(Executors.java:511)
	at java.util.concurrent.FutureTask.run(FutureTask.java:266)
	at java.util.concurrent.ScheduledThreadPoolExecutor$ScheduledFutureTask.access$201(ScheduledThreadPoolExecutor.java:180)
	at java.util.concurrent.ScheduledThreadPoolExecutor$ScheduledFutureTask.run(ScheduledThreadPoolExecutor.java:293)
	at java.util.concurrent.ThreadPoolExecutor.runWorker(ThreadPoolExecutor.java:1149)
	at java.util.concurrent.ThreadPoolExecutor$Worker.run(ThreadPoolExecutor.java:624)
	at java.lang.Thread.run(Thread.java:748)
2019-09-17 06:01:00,978 [java.util.concurrent.ThreadPoolExecutor$Worker@457453c9[State = -1, empty queue]] WARN  server.GrpcLogAppender (GrpcLogAppender.java:timeoutAppendRequest(200)) - 3ec0bce2-5a80-4efc-b2ca-bab81cc18a9f@group-CBF25E866EAA->f6013552-a382-44c6-bdc3-8253bd9e054c-GrpcLogAppender: appendEntries Timeout, request=3ec0bce2-5a80-4efc-b2ca-bab81cc18a9f->f6013552-a382-44c6-bdc3-8253bd9e054c#35-t1, previous=(t:1, i:12), leaderCommit=6, initializing? false, entries: <empty>
2019-09-17 06:01:00,978 [java.util.concurrent.ThreadPoolExecutor$Worker@2971b8e1[State = -1, empty queue]] WARN  server.GrpcLogAppender (GrpcLogAppender.java:timeoutAppendRequest(200)) - 3ec0bce2-5a80-4efc-b2ca-bab81cc18a9f@group-CBF25E866EAA->c5233a29-19a6-42e1-869f-0cfd92a1650c-GrpcLogAppender: appendEntries Timeout, request=3ec0bce2-5a80-4efc-b2ca-bab81cc18a9f->c5233a29-19a6-42e1-869f-0cfd92a1650c#35-t1, previous=(t:1, i:12), leaderCommit=6, initializing? false, entries: <empty>
2019-09-17 06:01:01,797 [grpc-default-executor-2] INFO  impl.RaftServerProxy (RaftServerProxy.java:remove(95)) - c5233a29-19a6-42e1-869f-0cfd92a1650c: remove group-E2F58C278DC5:null
2019-09-17 06:01:01,800 [RatisPipelineUtilsThread] WARN  pipeline.RatisPipelineUtils (RatisPipelineUtils.java:destroyPipeline(66)) - Pipeline destroy failed for pipeline=PipelineID=2e6087e1-ff44-45df-ae3c-e2f58c278dc5 dn=c5233a29-19a6-42e1-869f-0cfd92a1650c{ip: 192.168.34.7, host: pr-hdds-2132-5g9kv-3389001449, networkLocation: /default-rack, certSerialId: null}
2019-09-17 06:01:01,803 [grpc-default-executor-2] INFO  impl.RaftServerProxy (RaftServerProxy.java:remove(95)) - 3ec0bce2-5a80-4efc-b2ca-bab81cc18a9f: remove group-E2F58C278DC5:null
2019-09-17 06:01:01,806 [RatisPipelineUtilsThread] WARN  pipeline.RatisPipelineUtils (RatisPipelineUtils.java:destroyPipeline(66)) - Pipeline destroy failed for pipeline=PipelineID=2e6087e1-ff44-45df-ae3c-e2f58c278dc5 dn=3ec0bce2-5a80-4efc-b2ca-bab81cc18a9f{ip: 192.168.34.7, host: pr-hdds-2132-5g9kv-3389001449, networkLocation: /default-rack, certSerialId: null}
2019-09-17 06:01:01,810 [grpc-default-executor-2] INFO  impl.RaftServerProxy (RaftServerProxy.java:remove(95)) - f6013552-a382-44c6-bdc3-8253bd9e054c: remove group-E2F58C278DC5:null
2019-09-17 06:01:01,812 [RatisPipelineUtilsThread] WARN  pipeline.RatisPipelineUtils (RatisPipelineUtils.java:destroyPipeline(66)) - Pipeline destroy failed for pipeline=PipelineID=2e6087e1-ff44-45df-ae3c-e2f58c278dc5 dn=f6013552-a382-44c6-bdc3-8253bd9e054c{ip: 192.168.34.7, host: pr-hdds-2132-5g9kv-3389001449, networkLocation: /default-rack, certSerialId: null}
2019-09-17 06:01:01,812 [RatisPipelineUtilsThread] ERROR pipeline.SCMPipelineManager (Scheduler.java:lambda$schedule$1(70)) - Destroy pipeline failed for pipeline:Pipeline[ Id: 2e6087e1-ff44-45df-ae3c-e2f58c278dc5, Nodes: c5233a29-19a6-42e1-869f-0cfd92a1650c{ip: 192.168.34.7, host: pr-hdds-2132-5g9kv-3389001449, networkLocation: /default-rack, certSerialId: null}3ec0bce2-5a80-4efc-b2ca-bab81cc18a9f{ip: 192.168.34.7, host: pr-hdds-2132-5g9kv-3389001449, networkLocation: /default-rack, certSerialId: null}f6013552-a382-44c6-bdc3-8253bd9e054c{ip: 192.168.34.7, host: pr-hdds-2132-5g9kv-3389001449, networkLocation: /default-rack, certSerialId: null}, Type:RATIS, Factor:THREE, State:CLOSED]
org.apache.hadoop.hdds.scm.pipeline.PipelineNotFoundException: PipelineID=2e6087e1-ff44-45df-ae3c-e2f58c278dc5 not found
	at org.apache.hadoop.hdds.scm.pipeline.PipelineStateMap.getPipeline(PipelineStateMap.java:132)
	at org.apache.hadoop.hdds.scm.pipeline.PipelineStateMap.removePipeline(PipelineStateMap.java:322)
	at org.apache.hadoop.hdds.scm.pipeline.PipelineStateManager.removePipeline(PipelineStateManager.java:107)
	at org.apache.hadoop.hdds.scm.pipeline.SCMPipelineManager.removePipeline(SCMPipelineManager.java:423)
	at org.apache.hadoop.hdds.scm.pipeline.SCMPipelineManager.destroyPipeline(SCMPipelineManager.java:409)
	at org.apache.hadoop.hdds.scm.pipeline.SCMPipelineManager.lambda$finalizeAndDestroyPipeline$0(SCMPipelineManager.java:318)
	at org.apache.hadoop.utils.Scheduler.lambda$schedule$1(Scheduler.java:68)
	at java.util.concurrent.Executors$RunnableAdapter.call(Executors.java:511)
	at java.util.concurrent.FutureTask.run(FutureTask.java:266)
	at java.util.concurrent.ScheduledThreadPoolExecutor$ScheduledFutureTask.access$201(ScheduledThreadPoolExecutor.java:180)
	at java.util.concurrent.ScheduledThreadPoolExecutor$ScheduledFutureTask.run(ScheduledThreadPoolExecutor.java:293)
	at java.util.concurrent.ThreadPoolExecutor.runWorker(ThreadPoolExecutor.java:1149)
	at java.util.concurrent.ThreadPoolExecutor$Worker.run(ThreadPoolExecutor.java:624)
	at java.lang.Thread.run(Thread.java:748)
2019-09-17 06:01:02,883 [grpc-default-executor-2] INFO  impl.RaftServerProxy (RaftServerProxy.java:remove(95)) - c5233a29-19a6-42e1-869f-0cfd92a1650c: remove group-E2F58C278DC5:null
2019-09-17 06:01:02,886 [RatisPipelineUtilsThread] WARN  pipeline.RatisPipelineUtils (RatisPipelineUtils.java:destroyPipeline(66)) - Pipeline destroy failed for pipeline=PipelineID=2e6087e1-ff44-45df-ae3c-e2f58c278dc5 dn=c5233a29-19a6-42e1-869f-0cfd92a1650c{ip: 192.168.34.7, host: pr-hdds-2132-5g9kv-3389001449, networkLocation: /default-rack, certSerialId: null}
2019-09-17 06:01:02,889 [grpc-default-executor-2] INFO  impl.RaftServerProxy (RaftServerProxy.java:remove(95)) - 3ec0bce2-5a80-4efc-b2ca-bab81cc18a9f: remove group-E2F58C278DC5:null
2019-09-17 06:01:02,892 [RatisPipelineUtilsThread] WARN  pipeline.RatisPipelineUtils (RatisPipelineUtils.java:destroyPipeline(66)) - Pipeline destroy failed for pipeline=PipelineID=2e6087e1-ff44-45df-ae3c-e2f58c278dc5 dn=3ec0bce2-5a80-4efc-b2ca-bab81cc18a9f{ip: 192.168.34.7, host: pr-hdds-2132-5g9kv-3389001449, networkLocation: /default-rack, certSerialId: null}
2019-09-17 06:01:02,897 [grpc-default-executor-2] INFO  impl.RaftServerProxy (RaftServerProxy.java:remove(95)) - f6013552-a382-44c6-bdc3-8253bd9e054c: remove group-E2F58C278DC5:null
2019-09-17 06:01:02,901 [RatisPipelineUtilsThread] WARN  pipeline.RatisPipelineUtils (RatisPipelineUtils.java:destroyPipeline(66)) - Pipeline destroy failed for pipeline=PipelineID=2e6087e1-ff44-45df-ae3c-e2f58c278dc5 dn=f6013552-a382-44c6-bdc3-8253bd9e054c{ip: 192.168.34.7, host: pr-hdds-2132-5g9kv-3389001449, networkLocation: /default-rack, certSerialId: null}
2019-09-17 06:01:02,901 [RatisPipelineUtilsThread] ERROR pipeline.SCMPipelineManager (Scheduler.java:lambda$schedule$1(70)) - Destroy pipeline failed for pipeline:Pipeline[ Id: 2e6087e1-ff44-45df-ae3c-e2f58c278dc5, Nodes: c5233a29-19a6-42e1-869f-0cfd92a1650c{ip: 192.168.34.7, host: pr-hdds-2132-5g9kv-3389001449, networkLocation: /default-rack, certSerialId: null}3ec0bce2-5a80-4efc-b2ca-bab81cc18a9f{ip: 192.168.34.7, host: pr-hdds-2132-5g9kv-3389001449, networkLocation: /default-rack, certSerialId: null}f6013552-a382-44c6-bdc3-8253bd9e054c{ip: 192.168.34.7, host: pr-hdds-2132-5g9kv-3389001449, networkLocation: /default-rack, certSerialId: null}, Type:RATIS, Factor:THREE, State:CLOSED]
org.apache.hadoop.hdds.scm.pipeline.PipelineNotFoundException: PipelineID=2e6087e1-ff44-45df-ae3c-e2f58c278dc5 not found
	at org.apache.hadoop.hdds.scm.pipeline.PipelineStateMap.getPipeline(PipelineStateMap.java:132)
	at org.apache.hadoop.hdds.scm.pipeline.PipelineStateMap.removePipeline(PipelineStateMap.java:322)
	at org.apache.hadoop.hdds.scm.pipeline.PipelineStateManager.removePipeline(PipelineStateManager.java:107)
	at org.apache.hadoop.hdds.scm.pipeline.SCMPipelineManager.removePipeline(SCMPipelineManager.java:423)
	at org.apache.hadoop.hdds.scm.pipeline.SCMPipelineManager.destroyPipeline(SCMPipelineManager.java:409)
	at org.apache.hadoop.hdds.scm.pipeline.SCMPipelineManager.lambda$finalizeAndDestroyPipeline$0(SCMPipelineManager.java:318)
	at org.apache.hadoop.utils.Scheduler.lambda$schedule$1(Scheduler.java:68)
	at java.util.concurrent.Executors$RunnableAdapter.call(Executors.java:511)
	at java.util.concurrent.FutureTask.run(FutureTask.java:266)
	at java.util.concurrent.ScheduledThreadPoolExecutor$ScheduledFutureTask.access$201(ScheduledThreadPoolExecutor.java:180)
	at java.util.concurrent.ScheduledThreadPoolExecutor$ScheduledFutureTask.run(ScheduledThreadPoolExecutor.java:293)
	at java.util.concurrent.ThreadPoolExecutor.runWorker(ThreadPoolExecutor.java:1149)
	at java.util.concurrent.ThreadPoolExecutor$Worker.run(ThreadPoolExecutor.java:624)
	at java.lang.Thread.run(Thread.java:748)
2019-09-17 06:01:02,963 [grpc-default-executor-2] INFO  impl.RaftServerProxy (RaftServerProxy.java:remove(95)) - c5233a29-19a6-42e1-869f-0cfd92a1650c: remove group-E2F58C278DC5:null
2019-09-17 06:01:02,965 [3ec0bce2-5a80-4efc-b2ca-bab81cc18a9f@group-CBF25E866EAA-SegmentedRaftLogWorker] WARN  segmented.SegmentedRaftLogWorker (SegmentedRaftLogWorker.java:getFromFuture(90)) - Timeout 5/~
org.apache.ratis.protocol.TimeoutIOException: Timeout 10s: WriteLog:7: (t:1, i:7), STATEMACHINELOGENTRY, client-EE883D609918, cid=39-writeStateMachineData
	at org.apache.ratis.util.IOUtils.getFromFuture(IOUtils.java:87)
	at org.apache.ratis.server.raftlog.segmented.SegmentedRaftLogWorker$StateMachineDataPolicy.getFromFuture(SegmentedRaftLogWorker.java:87)
	at org.apache.ratis.server.raftlog.segmented.SegmentedRaftLogWorker$WriteLog.execute(SegmentedRaftLogWorker.java:477)
	at org.apache.ratis.server.raftlog.segmented.SegmentedRaftLogWorker.run(SegmentedRaftLogWorker.java:289)
	at java.lang.Thread.run(Thread.java:748)
Caused by: java.util.concurrent.TimeoutException
	at java.util.concurrent.CompletableFuture.timedGet(CompletableFuture.java:1771)
	at java.util.concurrent.CompletableFuture.get(CompletableFuture.java:1915)
	at org.apache.ratis.util.IOUtils.getFromFuture(IOUtils.java:79)
	... 4 more
2019-09-17 06:01:02,966 [f6013552-a382-44c6-bdc3-8253bd9e054c@group-CBF25E866EAA-SegmentedRaftLogWorker] WARN  segmented.SegmentedRaftLogWorker (SegmentedRaftLogWorker.java:getFromFuture(90)) - Timeout 5/~
org.apache.ratis.protocol.TimeoutIOException: Timeout 10s: WriteLog:7: (t:1, i:7), STATEMACHINELOGENTRY, client-EE883D609918, cid=39-writeStateMachineData
	at org.apache.ratis.util.IOUtils.getFromFuture(IOUtils.java:87)
	at org.apache.ratis.server.raftlog.segmented.SegmentedRaftLogWorker$StateMachineDataPolicy.getFromFuture(SegmentedRaftLogWorker.java:87)
	at org.apache.ratis.server.raftlog.segmented.SegmentedRaftLogWorker$WriteLog.execute(SegmentedRaftLogWorker.java:477)
	at org.apache.ratis.server.raftlog.segmented.SegmentedRaftLogWorker.run(SegmentedRaftLogWorker.java:289)
	at java.lang.Thread.run(Thread.java:748)
Caused by: java.util.concurrent.TimeoutException
	at java.util.concurrent.CompletableFuture.timedGet(CompletableFuture.java:1771)
	at java.util.concurrent.CompletableFuture.get(CompletableFuture.java:1915)
	at org.apache.ratis.util.IOUtils.getFromFuture(IOUtils.java:79)
	... 4 more
2019-09-17 06:01:02,966 [RatisPipelineUtilsThread] WARN  pipeline.RatisPipelineUtils (RatisPipelineUtils.java:destroyPipeline(66)) - Pipeline destroy failed for pipeline=PipelineID=2e6087e1-ff44-45df-ae3c-e2f58c278dc5 dn=c5233a29-19a6-42e1-869f-0cfd92a1650c{ip: 192.168.34.7, host: pr-hdds-2132-5g9kv-3389001449, networkLocation: /default-rack, certSerialId: null}
2019-09-17 06:01:02,968 [c5233a29-19a6-42e1-869f-0cfd92a1650c@group-CBF25E866EAA-SegmentedRaftLogWorker] WARN  segmented.SegmentedRaftLogWorker (SegmentedRaftLogWorker.java:getFromFuture(90)) - Timeout 5/~
org.apache.ratis.protocol.TimeoutIOException: Timeout 10s: WriteLog:7: (t:1, i:7), STATEMACHINELOGENTRY, client-EE883D609918, cid=39-writeStateMachineData
	at org.apache.ratis.util.IOUtils.getFromFuture(IOUtils.java:87)
	at org.apache.ratis.server.raftlog.segmented.SegmentedRaftLogWorker$StateMachineDataPolicy.getFromFuture(SegmentedRaftLogWorker.java:87)
	at org.apache.ratis.server.raftlog.segmented.SegmentedRaftLogWorker$WriteLog.execute(SegmentedRaftLogWorker.java:477)
	at org.apache.ratis.server.raftlog.segmented.SegmentedRaftLogWorker.run(SegmentedRaftLogWorker.java:289)
	at java.lang.Thread.run(Thread.java:748)
Caused by: java.util.concurrent.TimeoutException
	at java.util.concurrent.CompletableFuture.timedGet(CompletableFuture.java:1771)
	at java.util.concurrent.CompletableFuture.get(CompletableFuture.java:1915)
	at org.apache.ratis.util.IOUtils.getFromFuture(IOUtils.java:79)
	... 4 more
2019-09-17 06:01:02,970 [grpc-default-executor-2] INFO  impl.RaftServerProxy (RaftServerProxy.java:remove(95)) - 3ec0bce2-5a80-4efc-b2ca-bab81cc18a9f: remove group-E2F58C278DC5:null
2019-09-17 06:01:02,973 [RatisPipelineUtilsThread] WARN  pipeline.RatisPipelineUtils (RatisPipelineUtils.java:destroyPipeline(66)) - Pipeline destroy failed for pipeline=PipelineID=2e6087e1-ff44-45df-ae3c-e2f58c278dc5 dn=3ec0bce2-5a80-4efc-b2ca-bab81cc18a9f{ip: 192.168.34.7, host: pr-hdds-2132-5g9kv-3389001449, networkLocation: /default-rack, certSerialId: null}
2019-09-17 06:01:02,976 [grpc-default-executor-2] INFO  impl.RaftServerProxy (RaftServerProxy.java:remove(95)) - f6013552-a382-44c6-bdc3-8253bd9e054c: remove group-E2F58C278DC5:null
2019-09-17 06:01:02,979 [RatisPipelineUtilsThread] WARN  pipeline.RatisPipelineUtils (RatisPipelineUtils.java:destroyPipeline(66)) - Pipeline destroy failed for pipeline=PipelineID=2e6087e1-ff44-45df-ae3c-e2f58c278dc5 dn=f6013552-a382-44c6-bdc3-8253bd9e054c{ip: 192.168.34.7, host: pr-hdds-2132-5g9kv-3389001449, networkLocation: /default-rack, certSerialId: null}
2019-09-17 06:01:02,980 [RatisPipelineUtilsThread] ERROR pipeline.SCMPipelineManager (Scheduler.java:lambda$schedule$1(70)) - Destroy pipeline failed for pipeline:Pipeline[ Id: 2e6087e1-ff44-45df-ae3c-e2f58c278dc5, Nodes: c5233a29-19a6-42e1-869f-0cfd92a1650c{ip: 192.168.34.7, host: pr-hdds-2132-5g9kv-3389001449, networkLocation: /default-rack, certSerialId: null}3ec0bce2-5a80-4efc-b2ca-bab81cc18a9f{ip: 192.168.34.7, host: pr-hdds-2132-5g9kv-3389001449, networkLocation: /default-rack, certSerialId: null}f6013552-a382-44c6-bdc3-8253bd9e054c{ip: 192.168.34.7, host: pr-hdds-2132-5g9kv-3389001449, networkLocation: /default-rack, certSerialId: null}, Type:RATIS, Factor:THREE, State:CLOSED]
org.apache.hadoop.hdds.scm.pipeline.PipelineNotFoundException: PipelineID=2e6087e1-ff44-45df-ae3c-e2f58c278dc5 not found
	at org.apache.hadoop.hdds.scm.pipeline.PipelineStateMap.getPipeline(PipelineStateMap.java:132)
	at org.apache.hadoop.hdds.scm.pipeline.PipelineStateMap.removePipeline(PipelineStateMap.java:322)
	at org.apache.hadoop.hdds.scm.pipeline.PipelineStateManager.removePipeline(PipelineStateManager.java:107)
	at org.apache.hadoop.hdds.scm.pipeline.SCMPipelineManager.removePipeline(SCMPipelineManager.java:423)
	at org.apache.hadoop.hdds.scm.pipeline.SCMPipelineManager.destroyPipeline(SCMPipelineManager.java:409)
	at org.apache.hadoop.hdds.scm.pipeline.SCMPipelineManager.lambda$finalizeAndDestroyPipeline$0(SCMPipelineManager.java:318)
	at org.apache.hadoop.utils.Scheduler.lambda$schedule$1(Scheduler.java:68)
	at java.util.concurrent.Executors$RunnableAdapter.call(Executors.java:511)
	at java.util.concurrent.FutureTask.run(FutureTask.java:266)
	at java.util.concurrent.ScheduledThreadPoolExecutor$ScheduledFutureTask.access$201(ScheduledThreadPoolExecutor.java:180)
	at java.util.concurrent.ScheduledThreadPoolExecutor$ScheduledFutureTask.run(ScheduledThreadPoolExecutor.java:293)
	at java.util.concurrent.ThreadPoolExecutor.runWorker(ThreadPoolExecutor.java:1149)
	at java.util.concurrent.ThreadPoolExecutor$Worker.run(ThreadPoolExecutor.java:624)
	at java.lang.Thread.run(Thread.java:748)
2019-09-17 06:01:03,043 [grpc-default-executor-1] INFO  impl.RaftServerProxy (RaftServerProxy.java:remove(95)) - c5233a29-19a6-42e1-869f-0cfd92a1650c: remove group-E2F58C278DC5:null
2019-09-17 06:01:03,045 [RatisPipelineUtilsThread] WARN  pipeline.RatisPipelineUtils (RatisPipelineUtils.java:destroyPipeline(66)) - Pipeline destroy failed for pipeline=PipelineID=2e6087e1-ff44-45df-ae3c-e2f58c278dc5 dn=c5233a29-19a6-42e1-869f-0cfd92a1650c{ip: 192.168.34.7, host: pr-hdds-2132-5g9kv-3389001449, networkLocation: /default-rack, certSerialId: null}
2019-09-17 06:01:03,048 [grpc-default-executor-1] INFO  impl.RaftServerProxy (RaftServerProxy.java:remove(95)) - 3ec0bce2-5a80-4efc-b2ca-bab81cc18a9f: remove group-E2F58C278DC5:null
2019-09-17 06:01:03,050 [RatisPipelineUtilsThread] WARN  pipeline.RatisPipelineUtils (RatisPipelineUtils.java:destroyPipeline(66)) - Pipeline destroy failed for pipeline=PipelineID=2e6087e1-ff44-45df-ae3c-e2f58c278dc5 dn=3ec0bce2-5a80-4efc-b2ca-bab81cc18a9f{ip: 192.168.34.7, host: pr-hdds-2132-5g9kv-3389001449, networkLocation: /default-rack, certSerialId: null}
2019-09-17 06:01:03,053 [grpc-default-executor-1] INFO  impl.RaftServerProxy (RaftServerProxy.java:remove(95)) - f6013552-a382-44c6-bdc3-8253bd9e054c: remove group-E2F58C278DC5:null
2019-09-17 06:01:03,055 [RatisPipelineUtilsThread] WARN  pipeline.RatisPipelineUtils (RatisPipelineUtils.java:destroyPipeline(66)) - Pipeline destroy failed for pipeline=PipelineID=2e6087e1-ff44-45df-ae3c-e2f58c278dc5 dn=f6013552-a382-44c6-bdc3-8253bd9e054c{ip: 192.168.34.7, host: pr-hdds-2132-5g9kv-3389001449, networkLocation: /default-rack, certSerialId: null}
2019-09-17 06:01:03,055 [RatisPipelineUtilsThread] ERROR pipeline.SCMPipelineManager (Scheduler.java:lambda$schedule$1(70)) - Destroy pipeline failed for pipeline:Pipeline[ Id: 2e6087e1-ff44-45df-ae3c-e2f58c278dc5, Nodes: c5233a29-19a6-42e1-869f-0cfd92a1650c{ip: 192.168.34.7, host: pr-hdds-2132-5g9kv-3389001449, networkLocation: /default-rack, certSerialId: null}3ec0bce2-5a80-4efc-b2ca-bab81cc18a9f{ip: 192.168.34.7, host: pr-hdds-2132-5g9kv-3389001449, networkLocation: /default-rack, certSerialId: null}f6013552-a382-44c6-bdc3-8253bd9e054c{ip: 192.168.34.7, host: pr-hdds-2132-5g9kv-3389001449, networkLocation: /default-rack, certSerialId: null}, Type:RATIS, Factor:THREE, State:CLOSED]
org.apache.hadoop.hdds.scm.pipeline.PipelineNotFoundException: PipelineID=2e6087e1-ff44-45df-ae3c-e2f58c278dc5 not found
	at org.apache.hadoop.hdds.scm.pipeline.PipelineStateMap.getPipeline(PipelineStateMap.java:132)
	at org.apache.hadoop.hdds.scm.pipeline.PipelineStateMap.removePipeline(PipelineStateMap.java:322)
	at org.apache.hadoop.hdds.scm.pipeline.PipelineStateManager.removePipeline(PipelineStateManager.java:107)
	at org.apache.hadoop.hdds.scm.pipeline.SCMPipelineManager.removePipeline(SCMPipelineManager.java:423)
	at org.apache.hadoop.hdds.scm.pipeline.SCMPipelineManager.destroyPipeline(SCMPipelineManager.java:409)
	at org.apache.hadoop.hdds.scm.pipeline.SCMPipelineManager.lambda$finalizeAndDestroyPipeline$0(SCMPipelineManager.java:318)
	at org.apache.hadoop.utils.Scheduler.lambda$schedule$1(Scheduler.java:68)
	at java.util.concurrent.Executors$RunnableAdapter.call(Executors.java:511)
	at java.util.concurrent.FutureTask.run(FutureTask.java:266)
	at java.util.concurrent.ScheduledThreadPoolExecutor$ScheduledFutureTask.access$201(ScheduledThreadPoolExecutor.java:180)
	at java.util.concurrent.ScheduledThreadPoolExecutor$ScheduledFutureTask.run(ScheduledThreadPoolExecutor.java:293)
	at java.util.concurrent.ThreadPoolExecutor.runWorker(ThreadPoolExecutor.java:1149)
	at java.util.concurrent.ThreadPoolExecutor$Worker.run(ThreadPoolExecutor.java:624)
	at java.lang.Thread.run(Thread.java:748)
2019-09-17 06:01:03,442 [grpc-default-executor-1] INFO  client.GrpcClientProtocolClient (GrpcClientProtocolClient.java:onNext(264)) - client-EE883D609918->f6013552-a382-44c6-bdc3-8253bd9e054c: receive RaftClientReply:client-EE883D609918->f6013552-a382-44c6-bdc3-8253bd9e054c@group-CBF25E866EAA, cid=39, FAILED org.apache.ratis.protocol.NotLeaderException: Server f6013552-a382-44c6-bdc3-8253bd9e054c@group-CBF25E866EAA is not the leader 3ec0bce2-5a80-4efc-b2ca-bab81cc18a9f:192.168.34.7:33921, logIndex=0, commits[f6013552-a382-44c6-bdc3-8253bd9e054c:c6, c5233a29-19a6-42e1-869f-0cfd92a1650c:c4, 3ec0bce2-5a80-4efc-b2ca-bab81cc18a9f:c6]
2019-09-17 06:01:03,478 [java.util.concurrent.ThreadPoolExecutor$Worker@457453c9[State = -1, empty queue]] WARN  server.GrpcLogAppender (GrpcLogAppender.java:timeoutAppendRequest(200)) - 3ec0bce2-5a80-4efc-b2ca-bab81cc18a9f@group-CBF25E866EAA->f6013552-a382-44c6-bdc3-8253bd9e054c-GrpcLogAppender: appendEntries Timeout, request=3ec0bce2-5a80-4efc-b2ca-bab81cc18a9f->f6013552-a382-44c6-bdc3-8253bd9e054c#36-t1, previous=(t:1, i:12), leaderCommit=6, initializing? false, entries: <empty>
2019-09-17 06:01:03,478 [java.util.concurrent.ThreadPoolExecutor$Worker@2971b8e1[State = -1, empty queue]] WARN  server.GrpcLogAppender (GrpcLogAppender.java:timeoutAppendRequest(200)) - 3ec0bce2-5a80-4efc-b2ca-bab81cc18a9f@group-CBF25E866EAA->c5233a29-19a6-42e1-869f-0cfd92a1650c-GrpcLogAppender: appendEntries Timeout, request=3ec0bce2-5a80-4efc-b2ca-bab81cc18a9f->c5233a29-19a6-42e1-869f-0cfd92a1650c#36-t1, previous=(t:1, i:12), leaderCommit=6, initializing? false, entries: <empty>
2019-09-17 06:01:05,978 [java.util.concurrent.ThreadPoolExecutor$Worker@2971b8e1[State = -1, empty queue]] WARN  server.GrpcLogAppender (GrpcLogAppender.java:timeoutAppendRequest(200)) - 3ec0bce2-5a80-4efc-b2ca-bab81cc18a9f@group-CBF25E866EAA->c5233a29-19a6-42e1-869f-0cfd92a1650c-GrpcLogAppender: appendEntries Timeout, request=3ec0bce2-5a80-4efc-b2ca-bab81cc18a9f->c5233a29-19a6-42e1-869f-0cfd92a1650c#37-t1, previous=(t:1, i:12), leaderCommit=6, initializing? false, entries: <empty>
2019-09-17 06:01:05,979 [java.util.concurrent.ThreadPoolExecutor$Worker@457453c9[State = -1, empty queue]] WARN  server.GrpcLogAppender (GrpcLogAppender.java:timeoutAppendRequest(200)) - 3ec0bce2-5a80-4efc-b2ca-bab81cc18a9f@group-CBF25E866EAA->f6013552-a382-44c6-bdc3-8253bd9e054c-GrpcLogAppender: appendEntries Timeout, request=3ec0bce2-5a80-4efc-b2ca-bab81cc18a9f->f6013552-a382-44c6-bdc3-8253bd9e054c#37-t1, previous=(t:1, i:12), leaderCommit=6, initializing? false, entries: <empty>
2019-09-17 06:01:08,479 [java.util.concurrent.ThreadPoolExecutor$Worker@2971b8e1[State = -1, empty queue]] WARN  server.GrpcLogAppender (GrpcLogAppender.java:timeoutAppendRequest(200)) - 3ec0bce2-5a80-4efc-b2ca-bab81cc18a9f@group-CBF25E866EAA->c5233a29-19a6-42e1-869f-0cfd92a1650c-GrpcLogAppender: appendEntries Timeout, request=3ec0bce2-5a80-4efc-b2ca-bab81cc18a9f->c5233a29-19a6-42e1-869f-0cfd92a1650c#38-t1, previous=(t:1, i:12), leaderCommit=6, initializing? false, entries: <empty>
2019-09-17 06:01:08,479 [java.util.concurrent.ThreadPoolExecutor$Worker@457453c9[State = -1, empty queue]] WARN  server.GrpcLogAppender (GrpcLogAppender.java:timeoutAppendRequest(200)) - 3ec0bce2-5a80-4efc-b2ca-bab81cc18a9f@group-CBF25E866EAA->f6013552-a382-44c6-bdc3-8253bd9e054c-GrpcLogAppender: appendEntries Timeout, request=3ec0bce2-5a80-4efc-b2ca-bab81cc18a9f->f6013552-a382-44c6-bdc3-8253bd9e054c#38-t1, previous=(t:1, i:12), leaderCommit=6, initializing? false, entries: <empty>
2019-09-17 06:01:08,480 [grpc-default-executor-2] INFO  client.GrpcClientProtocolClient (GrpcClientProtocolClient.java:onNext(264)) - client-EE883D609918->f6013552-a382-44c6-bdc3-8253bd9e054c: receive RaftClientReply:client-EE883D609918->f6013552-a382-44c6-bdc3-8253bd9e054c@group-CBF25E866EAA, cid=39, FAILED org.apache.ratis.protocol.NotLeaderException: Server f6013552-a382-44c6-bdc3-8253bd9e054c@group-CBF25E866EAA is not the leader 3ec0bce2-5a80-4efc-b2ca-bab81cc18a9f:192.168.34.7:33921, logIndex=0, commits[f6013552-a382-44c6-bdc3-8253bd9e054c:c6, c5233a29-19a6-42e1-869f-0cfd92a1650c:c4, 3ec0bce2-5a80-4efc-b2ca-bab81cc18a9f:c6]
2019-09-17 06:01:10,980 [java.util.concurrent.ThreadPoolExecutor$Worker@2971b8e1[State = -1, empty queue]] WARN  server.GrpcLogAppender (GrpcLogAppender.java:timeoutAppendRequest(200)) - 3ec0bce2-5a80-4efc-b2ca-bab81cc18a9f@group-CBF25E866EAA->c5233a29-19a6-42e1-869f-0cfd92a1650c-GrpcLogAppender: appendEntries Timeout, request=3ec0bce2-5a80-4efc-b2ca-bab81cc18a9f->c5233a29-19a6-42e1-869f-0cfd92a1650c#39-t1, previous=(t:1, i:12), leaderCommit=6, initializing? false, entries: <empty>
2019-09-17 06:01:10,980 [java.util.concurrent.ThreadPoolExecutor$Worker@457453c9[State = -1, empty queue]] WARN  server.GrpcLogAppender (GrpcLogAppender.java:timeoutAppendRequest(200)) - 3ec0bce2-5a80-4efc-b2ca-bab81cc18a9f@group-CBF25E866EAA->f6013552-a382-44c6-bdc3-8253bd9e054c-GrpcLogAppender: appendEntries Timeout, request=3ec0bce2-5a80-4efc-b2ca-bab81cc18a9f->f6013552-a382-44c6-bdc3-8253bd9e054c#39-t1, previous=(t:1, i:12), leaderCommit=6, initializing? false, entries: <empty>
2019-09-17 06:01:12,967 [3ec0bce2-5a80-4efc-b2ca-bab81cc18a9f@group-CBF25E866EAA-SegmentedRaftLogWorker] WARN  segmented.SegmentedRaftLogWorker (SegmentedRaftLogWorker.java:getFromFuture(90)) - Timeout 6/~
org.apache.ratis.protocol.TimeoutIOException: Timeout 10s: WriteLog:7: (t:1, i:7), STATEMACHINELOGENTRY, client-EE883D609918, cid=39-writeStateMachineData
	at org.apache.ratis.util.IOUtils.getFromFuture(IOUtils.java:87)
	at org.apache.ratis.server.raftlog.segmented.SegmentedRaftLogWorker$StateMachineDataPolicy.getFromFuture(SegmentedRaftLogWorker.java:87)
	at org.apache.ratis.server.raftlog.segmented.SegmentedRaftLogWorker$WriteLog.execute(SegmentedRaftLogWorker.java:477)
	at org.apache.ratis.server.raftlog.segmented.SegmentedRaftLogWorker.run(SegmentedRaftLogWorker.java:289)
	at java.lang.Thread.run(Thread.java:748)
Caused by: java.util.concurrent.TimeoutException
	at java.util.concurrent.CompletableFuture.timedGet(CompletableFuture.java:1771)
	at java.util.concurrent.CompletableFuture.get(CompletableFuture.java:1915)
	at org.apache.ratis.util.IOUtils.getFromFuture(IOUtils.java:79)
	... 4 more
2019-09-17 06:01:12,967 [f6013552-a382-44c6-bdc3-8253bd9e054c@group-CBF25E866EAA-SegmentedRaftLogWorker] WARN  segmented.SegmentedRaftLogWorker (SegmentedRaftLogWorker.java:getFromFuture(90)) - Timeout 6/~
org.apache.ratis.protocol.TimeoutIOException: Timeout 10s: WriteLog:7: (t:1, i:7), STATEMACHINELOGENTRY, client-EE883D609918, cid=39-writeStateMachineData
	at org.apache.ratis.util.IOUtils.getFromFuture(IOUtils.java:87)
	at org.apache.ratis.server.raftlog.segmented.SegmentedRaftLogWorker$StateMachineDataPolicy.getFromFuture(SegmentedRaftLogWorker.java:87)
	at org.apache.ratis.server.raftlog.segmented.SegmentedRaftLogWorker$WriteLog.execute(SegmentedRaftLogWorker.java:477)
	at org.apache.ratis.server.raftlog.segmented.SegmentedRaftLogWorker.run(SegmentedRaftLogWorker.java:289)
	at java.lang.Thread.run(Thread.java:748)
Caused by: java.util.concurrent.TimeoutException
	at java.util.concurrent.CompletableFuture.timedGet(CompletableFuture.java:1771)
	at java.util.concurrent.CompletableFuture.get(CompletableFuture.java:1915)
	at org.apache.ratis.util.IOUtils.getFromFuture(IOUtils.java:79)
	... 4 more
2019-09-17 06:01:12,993 [c5233a29-19a6-42e1-869f-0cfd92a1650c@group-CBF25E866EAA-SegmentedRaftLogWorker] WARN  segmented.SegmentedRaftLogWorker (SegmentedRaftLogWorker.java:getFromFuture(90)) - Timeout 6/~
org.apache.ratis.protocol.TimeoutIOException: Timeout 10s: WriteLog:7: (t:1, i:7), STATEMACHINELOGENTRY, client-EE883D609918, cid=39-writeStateMachineData
	at org.apache.ratis.util.IOUtils.getFromFuture(IOUtils.java:87)
	at org.apache.ratis.server.raftlog.segmented.SegmentedRaftLogWorker$StateMachineDataPolicy.getFromFuture(SegmentedRaftLogWorker.java:87)
	at org.apache.ratis.server.raftlog.segmented.SegmentedRaftLogWorker$WriteLog.execute(SegmentedRaftLogWorker.java:477)
	at org.apache.ratis.server.raftlog.segmented.SegmentedRaftLogWorker.run(SegmentedRaftLogWorker.java:289)
	at java.lang.Thread.run(Thread.java:748)
Caused by: java.util.concurrent.TimeoutException
	at java.util.concurrent.CompletableFuture.timedGet(CompletableFuture.java:1771)
	at java.util.concurrent.CompletableFuture.get(CompletableFuture.java:1915)
	at org.apache.ratis.util.IOUtils.getFromFuture(IOUtils.java:79)
	... 4 more
2019-09-17 06:01:13,481 [java.util.concurrent.ThreadPoolExecutor$Worker@457453c9[State = -1, empty queue]] WARN  server.GrpcLogAppender (GrpcLogAppender.java:timeoutAppendRequest(200)) - 3ec0bce2-5a80-4efc-b2ca-bab81cc18a9f@group-CBF25E866EAA->f6013552-a382-44c6-bdc3-8253bd9e054c-GrpcLogAppender: appendEntries Timeout, request=3ec0bce2-5a80-4efc-b2ca-bab81cc18a9f->f6013552-a382-44c6-bdc3-8253bd9e054c#40-t1, previous=(t:1, i:12), leaderCommit=6, initializing? false, entries: <empty>
2019-09-17 06:01:13,481 [java.util.concurrent.ThreadPoolExecutor$Worker@2971b8e1[State = -1, empty queue]] WARN  server.GrpcLogAppender (GrpcLogAppender.java:timeoutAppendRequest(200)) - 3ec0bce2-5a80-4efc-b2ca-bab81cc18a9f@group-CBF25E866EAA->c5233a29-19a6-42e1-869f-0cfd92a1650c-GrpcLogAppender: appendEntries Timeout, request=3ec0bce2-5a80-4efc-b2ca-bab81cc18a9f->c5233a29-19a6-42e1-869f-0cfd92a1650c#40-t1, previous=(t:1, i:12), leaderCommit=6, initializing? false, entries: <empty>
2019-09-17 06:01:13,531 [grpc-default-executor-1] INFO  client.GrpcClientProtocolClient (GrpcClientProtocolClient.java:onNext(264)) - client-EE883D609918->f6013552-a382-44c6-bdc3-8253bd9e054c: receive RaftClientReply:client-EE883D609918->f6013552-a382-44c6-bdc3-8253bd9e054c@group-CBF25E866EAA, cid=39, FAILED org.apache.ratis.protocol.NotLeaderException: Server f6013552-a382-44c6-bdc3-8253bd9e054c@group-CBF25E866EAA is not the leader 3ec0bce2-5a80-4efc-b2ca-bab81cc18a9f:192.168.34.7:33921, logIndex=0, commits[f6013552-a382-44c6-bdc3-8253bd9e054c:c6, c5233a29-19a6-42e1-869f-0cfd92a1650c:c4, 3ec0bce2-5a80-4efc-b2ca-bab81cc18a9f:c6]
2019-09-17 06:01:15,994 [java.util.concurrent.ThreadPoolExecutor$Worker@457453c9[State = -1, empty queue]] WARN  server.GrpcLogAppender (GrpcLogAppender.java:timeoutAppendRequest(200)) - 3ec0bce2-5a80-4efc-b2ca-bab81cc18a9f@group-CBF25E866EAA->f6013552-a382-44c6-bdc3-8253bd9e054c-GrpcLogAppender: appendEntries Timeout, request=3ec0bce2-5a80-4efc-b2ca-bab81cc18a9f->f6013552-a382-44c6-bdc3-8253bd9e054c#41-t1, previous=(t:1, i:12), leaderCommit=6, initializing? false, entries: <empty>
2019-09-17 06:01:15,994 [java.util.concurrent.ThreadPoolExecutor$Worker@2971b8e1[State = -1, empty queue]] WARN  server.GrpcLogAppender (GrpcLogAppender.java:timeoutAppendRequest(200)) - 3ec0bce2-5a80-4efc-b2ca-bab81cc18a9f@group-CBF25E866EAA->c5233a29-19a6-42e1-869f-0cfd92a1650c-GrpcLogAppender: appendEntries Timeout, request=3ec0bce2-5a80-4efc-b2ca-bab81cc18a9f->c5233a29-19a6-42e1-869f-0cfd92a1650c#41-t1, previous=(t:1, i:12), leaderCommit=6, initializing? false, entries: <empty>
2019-09-17 06:01:18,495 [java.util.concurrent.ThreadPoolExecutor$Worker@2971b8e1[State = -1, empty queue]] WARN  server.GrpcLogAppender (GrpcLogAppender.java:timeoutAppendRequest(200)) - 3ec0bce2-5a80-4efc-b2ca-bab81cc18a9f@group-CBF25E866EAA->c5233a29-19a6-42e1-869f-0cfd92a1650c-GrpcLogAppender: appendEntries Timeout, request=3ec0bce2-5a80-4efc-b2ca-bab81cc18a9f->c5233a29-19a6-42e1-869f-0cfd92a1650c#42-t1, previous=(t:1, i:12), leaderCommit=6, initializing? false, entries: <empty>
2019-09-17 06:01:18,495 [java.util.concurrent.ThreadPoolExecutor$Worker@457453c9[State = -1, empty queue]] WARN  server.GrpcLogAppender (GrpcLogAppender.java:timeoutAppendRequest(200)) - 3ec0bce2-5a80-4efc-b2ca-bab81cc18a9f@group-CBF25E866EAA->f6013552-a382-44c6-bdc3-8253bd9e054c-GrpcLogAppender: appendEntries Timeout, request=3ec0bce2-5a80-4efc-b2ca-bab81cc18a9f->f6013552-a382-44c6-bdc3-8253bd9e054c#42-t1, previous=(t:1, i:12), leaderCommit=6, initializing? false, entries: <empty>
2019-09-17 06:01:18,581 [grpc-default-executor-2] INFO  client.GrpcClientProtocolClient (GrpcClientProtocolClient.java:onNext(264)) - client-EE883D609918->c5233a29-19a6-42e1-869f-0cfd92a1650c: receive RaftClientReply:client-EE883D609918->c5233a29-19a6-42e1-869f-0cfd92a1650c@group-CBF25E866EAA, cid=39, FAILED org.apache.ratis.protocol.NotLeaderException: Server c5233a29-19a6-42e1-869f-0cfd92a1650c@group-CBF25E866EAA is not the leader 3ec0bce2-5a80-4efc-b2ca-bab81cc18a9f:192.168.34.7:33921, logIndex=0, commits[c5233a29-19a6-42e1-869f-0cfd92a1650c:c6, f6013552-a382-44c6-bdc3-8253bd9e054c:c4, 3ec0bce2-5a80-4efc-b2ca-bab81cc18a9f:c6]
2019-09-17 06:01:20,996 [java.util.concurrent.ThreadPoolExecutor$Worker@2971b8e1[State = -1, empty queue]] WARN  server.GrpcLogAppender (GrpcLogAppender.java:timeoutAppendRequest(200)) - 3ec0bce2-5a80-4efc-b2ca-bab81cc18a9f@group-CBF25E866EAA->c5233a29-19a6-42e1-869f-0cfd92a1650c-GrpcLogAppender: appendEntries Timeout, request=3ec0bce2-5a80-4efc-b2ca-bab81cc18a9f->c5233a29-19a6-42e1-869f-0cfd92a1650c#43-t1, previous=(t:1, i:12), leaderCommit=6, initializing? false, entries: <empty>
2019-09-17 06:01:20,996 [java.util.concurrent.ThreadPoolExecutor$Worker@457453c9[State = -1, empty queue]] WARN  server.GrpcLogAppender (GrpcLogAppender.java:timeoutAppendRequest(200)) - 3ec0bce2-5a80-4efc-b2ca-bab81cc18a9f@group-CBF25E866EAA->f6013552-a382-44c6-bdc3-8253bd9e054c-GrpcLogAppender: appendEntries Timeout, request=3ec0bce2-5a80-4efc-b2ca-bab81cc18a9f->f6013552-a382-44c6-bdc3-8253bd9e054c#43-t1, previous=(t:1, i:12), leaderCommit=6, initializing? false, entries: <empty>
2019-09-17 06:01:22,968 [3ec0bce2-5a80-4efc-b2ca-bab81cc18a9f@group-CBF25E866EAA-SegmentedRaftLogWorker] WARN  segmented.SegmentedRaftLogWorker (SegmentedRaftLogWorker.java:getFromFuture(90)) - Timeout 7/~
org.apache.ratis.protocol.TimeoutIOException: Timeout 10s: WriteLog:7: (t:1, i:7), STATEMACHINELOGENTRY, client-EE883D609918, cid=39-writeStateMachineData
	at org.apache.ratis.util.IOUtils.getFromFuture(IOUtils.java:87)
	at org.apache.ratis.server.raftlog.segmented.SegmentedRaftLogWorker$StateMachineDataPolicy.getFromFuture(SegmentedRaftLogWorker.java:87)
	at org.apache.ratis.server.raftlog.segmented.SegmentedRaftLogWorker$WriteLog.execute(SegmentedRaftLogWorker.java:477)
	at org.apache.ratis.server.raftlog.segmented.SegmentedRaftLogWorker.run(SegmentedRaftLogWorker.java:289)
	at java.lang.Thread.run(Thread.java:748)
Caused by: java.util.concurrent.TimeoutException
	at java.util.concurrent.CompletableFuture.timedGet(CompletableFuture.java:1771)
	at java.util.concurrent.CompletableFuture.get(CompletableFuture.java:1915)
	at org.apache.ratis.util.IOUtils.getFromFuture(IOUtils.java:79)
	... 4 more
2019-09-17 06:01:22,994 [f6013552-a382-44c6-bdc3-8253bd9e054c@group-CBF25E866EAA-SegmentedRaftLogWorker] WARN  segmented.SegmentedRaftLogWorker (SegmentedRaftLogWorker.java:getFromFuture(90)) - Timeout 7/~
org.apache.ratis.protocol.TimeoutIOException: Timeout 10s: WriteLog:7: (t:1, i:7), STATEMACHINELOGENTRY, client-EE883D609918, cid=39-writeStateMachineData
	at org.apache.ratis.util.IOUtils.getFromFuture(IOUtils.java:87)
	at org.apache.ratis.server.raftlog.segmented.SegmentedRaftLogWorker$StateMachineDataPolicy.getFromFuture(SegmentedRaftLogWorker.java:87)
	at org.apache.ratis.server.raftlog.segmented.SegmentedRaftLogWorker$WriteLog.execute(SegmentedRaftLogWorker.java:477)
	at org.apache.ratis.server.raftlog.segmented.SegmentedRaftLogWorker.run(SegmentedRaftLogWorker.java:289)
	at java.lang.Thread.run(Thread.java:748)
Caused by: java.util.concurrent.TimeoutException
	at java.util.concurrent.CompletableFuture.timedGet(CompletableFuture.java:1771)
	at java.util.concurrent.CompletableFuture.get(CompletableFuture.java:1915)
	at org.apache.ratis.util.IOUtils.getFromFuture(IOUtils.java:79)
	... 4 more
2019-09-17 06:01:22,994 [c5233a29-19a6-42e1-869f-0cfd92a1650c@group-CBF25E866EAA-SegmentedRaftLogWorker] WARN  segmented.SegmentedRaftLogWorker (SegmentedRaftLogWorker.java:getFromFuture(90)) - Timeout 7/~
org.apache.ratis.protocol.TimeoutIOException: Timeout 10s: WriteLog:7: (t:1, i:7), STATEMACHINELOGENTRY, client-EE883D609918, cid=39-writeStateMachineData
	at org.apache.ratis.util.IOUtils.getFromFuture(IOUtils.java:87)
	at org.apache.ratis.server.raftlog.segmented.SegmentedRaftLogWorker$StateMachineDataPolicy.getFromFuture(SegmentedRaftLogWorker.java:87)
	at org.apache.ratis.server.raftlog.segmented.SegmentedRaftLogWorker$WriteLog.execute(SegmentedRaftLogWorker.java:477)
	at org.apache.ratis.server.raftlog.segmented.SegmentedRaftLogWorker.run(SegmentedRaftLogWorker.java:289)
	at java.lang.Thread.run(Thread.java:748)
Caused by: java.util.concurrent.TimeoutException
	at java.util.concurrent.CompletableFuture.timedGet(CompletableFuture.java:1771)
	at java.util.concurrent.CompletableFuture.get(CompletableFuture.java:1915)
	at org.apache.ratis.util.IOUtils.getFromFuture(IOUtils.java:79)
	... 4 more
2019-09-17 06:01:23,497 [java.util.concurrent.ThreadPoolExecutor$Worker@2971b8e1[State = -1, empty queue]] WARN  server.GrpcLogAppender (GrpcLogAppender.java:timeoutAppendRequest(200)) - 3ec0bce2-5a80-4efc-b2ca-bab81cc18a9f@group-CBF25E866EAA->c5233a29-19a6-42e1-869f-0cfd92a1650c-GrpcLogAppender: appendEntries Timeout, request=3ec0bce2-5a80-4efc-b2ca-bab81cc18a9f->c5233a29-19a6-42e1-869f-0cfd92a1650c#44-t1, previous=(t:1, i:12), leaderCommit=6, initializing? false, entries: <empty>
2019-09-17 06:01:23,497 [java.util.concurrent.ThreadPoolExecutor$Worker@457453c9[State = -1, empty queue]] WARN  server.GrpcLogAppender (GrpcLogAppender.java:timeoutAppendRequest(200)) - 3ec0bce2-5a80-4efc-b2ca-bab81cc18a9f@group-CBF25E866EAA->f6013552-a382-44c6-bdc3-8253bd9e054c-GrpcLogAppender: appendEntries Timeout, request=3ec0bce2-5a80-4efc-b2ca-bab81cc18a9f->f6013552-a382-44c6-bdc3-8253bd9e054c#44-t1, previous=(t:1, i:12), leaderCommit=6, initializing? false, entries: <empty>
2019-09-17 06:01:23,629 [grpc-default-executor-5] INFO  client.GrpcClientProtocolClient (GrpcClientProtocolClient.java:onNext(264)) - client-EE883D609918->f6013552-a382-44c6-bdc3-8253bd9e054c: receive RaftClientReply:client-EE883D609918->f6013552-a382-44c6-bdc3-8253bd9e054c@group-CBF25E866EAA, cid=39, FAILED org.apache.ratis.protocol.NotLeaderException: Server f6013552-a382-44c6-bdc3-8253bd9e054c@group-CBF25E866EAA is not the leader 3ec0bce2-5a80-4efc-b2ca-bab81cc18a9f:192.168.34.7:33921, logIndex=0, commits[f6013552-a382-44c6-bdc3-8253bd9e054c:c6, c5233a29-19a6-42e1-869f-0cfd92a1650c:c4, 3ec0bce2-5a80-4efc-b2ca-bab81cc18a9f:c6]
2019-09-17 06:01:25,998 [java.util.concurrent.ThreadPoolExecutor$Worker@457453c9[State = -1, empty queue]] WARN  server.GrpcLogAppender (GrpcLogAppender.java:timeoutAppendRequest(200)) - 3ec0bce2-5a80-4efc-b2ca-bab81cc18a9f@group-CBF25E866EAA->f6013552-a382-44c6-bdc3-8253bd9e054c-GrpcLogAppender: appendEntries Timeout, request=3ec0bce2-5a80-4efc-b2ca-bab81cc18a9f->f6013552-a382-44c6-bdc3-8253bd9e054c#45-t1, previous=(t:1, i:12), leaderCommit=6, initializing? false, entries: <empty>
2019-09-17 06:01:25,998 [java.util.concurrent.ThreadPoolExecutor$Worker@2971b8e1[State = -1, empty queue]] WARN  server.GrpcLogAppender (GrpcLogAppender.java:timeoutAppendRequest(200)) - 3ec0bce2-5a80-4efc-b2ca-bab81cc18a9f@group-CBF25E866EAA->c5233a29-19a6-42e1-869f-0cfd92a1650c-GrpcLogAppender: appendEntries Timeout, request=3ec0bce2-5a80-4efc-b2ca-bab81cc18a9f->c5233a29-19a6-42e1-869f-0cfd92a1650c#45-t1, previous=(t:1, i:12), leaderCommit=6, initializing? false, entries: <empty>
2019-09-17 06:01:28,500 [java.util.concurrent.ThreadPoolExecutor$Worker@457453c9[State = -1, empty queue]] WARN  server.GrpcLogAppender (GrpcLogAppender.java:timeoutAppendRequest(200)) - 3ec0bce2-5a80-4efc-b2ca-bab81cc18a9f@group-CBF25E866EAA->f6013552-a382-44c6-bdc3-8253bd9e054c-GrpcLogAppender: appendEntries Timeout, request=3ec0bce2-5a80-4efc-b2ca-bab81cc18a9f->f6013552-a382-44c6-bdc3-8253bd9e054c#46-t1, previous=(t:1, i:12), leaderCommit=6, initializing? false, entries: <empty>
2019-09-17 06:01:28,500 [java.util.concurrent.ThreadPoolExecutor$Worker@2971b8e1[State = -1, empty queue]] WARN  server.GrpcLogAppender (GrpcLogAppender.java:timeoutAppendRequest(200)) - 3ec0bce2-5a80-4efc-b2ca-bab81cc18a9f@group-CBF25E866EAA->c5233a29-19a6-42e1-869f-0cfd92a1650c-GrpcLogAppender: appendEntries Timeout, request=3ec0bce2-5a80-4efc-b2ca-bab81cc18a9f->c5233a29-19a6-42e1-869f-0cfd92a1650c#46-t1, previous=(t:1, i:12), leaderCommit=6, initializing? false, entries: <empty>
2019-09-17 06:01:28,671 [grpc-default-executor-2] INFO  client.GrpcClientProtocolClient (GrpcClientProtocolClient.java:onNext(264)) - client-EE883D609918->f6013552-a382-44c6-bdc3-8253bd9e054c: receive RaftClientReply:client-EE883D609918->f6013552-a382-44c6-bdc3-8253bd9e054c@group-CBF25E866EAA, cid=39, FAILED org.apache.ratis.protocol.NotLeaderException: Server f6013552-a382-44c6-bdc3-8253bd9e054c@group-CBF25E866EAA is not the leader 3ec0bce2-5a80-4efc-b2ca-bab81cc18a9f:192.168.34.7:33921, logIndex=0, commits[f6013552-a382-44c6-bdc3-8253bd9e054c:c6, c5233a29-19a6-42e1-869f-0cfd92a1650c:c4, 3ec0bce2-5a80-4efc-b2ca-bab81cc18a9f:c6]
2019-09-17 06:01:31,001 [java.util.concurrent.ThreadPoolExecutor$Worker@457453c9[State = -1, empty queue]] WARN  server.GrpcLogAppender (GrpcLogAppender.java:timeoutAppendRequest(200)) - 3ec0bce2-5a80-4efc-b2ca-bab81cc18a9f@group-CBF25E866EAA->f6013552-a382-44c6-bdc3-8253bd9e054c-GrpcLogAppender: appendEntries Timeout, request=3ec0bce2-5a80-4efc-b2ca-bab81cc18a9f->f6013552-a382-44c6-bdc3-8253bd9e054c#47-t1, previous=(t:1, i:12), leaderCommit=6, initializing? false, entries: <empty>
2019-09-17 06:01:31,001 [java.util.concurrent.ThreadPoolExecutor$Worker@2971b8e1[State = -1, empty queue]] WARN  server.GrpcLogAppender (GrpcLogAppender.java:timeoutAppendRequest(200)) - 3ec0bce2-5a80-4efc-b2ca-bab81cc18a9f@group-CBF25E866EAA->c5233a29-19a6-42e1-869f-0cfd92a1650c-GrpcLogAppender: appendEntries Timeout, request=3ec0bce2-5a80-4efc-b2ca-bab81cc18a9f->c5233a29-19a6-42e1-869f-0cfd92a1650c#47-t1, previous=(t:1, i:12), leaderCommit=6, initializing? false, entries: <empty>
2019-09-17 06:01:32,970 [3ec0bce2-5a80-4efc-b2ca-bab81cc18a9f@group-CBF25E866EAA-SegmentedRaftLogWorker] WARN  segmented.SegmentedRaftLogWorker (SegmentedRaftLogWorker.java:getFromFuture(90)) - Timeout 8/~
org.apache.ratis.protocol.TimeoutIOException: Timeout 10s: WriteLog:7: (t:1, i:7), STATEMACHINELOGENTRY, client-EE883D609918, cid=39-writeStateMachineData
	at org.apache.ratis.util.IOUtils.getFromFuture(IOUtils.java:87)
	at org.apache.ratis.server.raftlog.segmented.SegmentedRaftLogWorker$StateMachineDataPolicy.getFromFuture(SegmentedRaftLogWorker.java:87)
	at org.apache.ratis.server.raftlog.segmented.SegmentedRaftLogWorker$WriteLog.execute(SegmentedRaftLogWorker.java:477)
	at org.apache.ratis.server.raftlog.segmented.SegmentedRaftLogWorker.run(SegmentedRaftLogWorker.java:289)
	at java.lang.Thread.run(Thread.java:748)
Caused by: java.util.concurrent.TimeoutException
	at java.util.concurrent.CompletableFuture.timedGet(CompletableFuture.java:1771)
	at java.util.concurrent.CompletableFuture.get(CompletableFuture.java:1915)
	at org.apache.ratis.util.IOUtils.getFromFuture(IOUtils.java:79)
	... 4 more
2019-09-17 06:01:32,994 [f6013552-a382-44c6-bdc3-8253bd9e054c@group-CBF25E866EAA-SegmentedRaftLogWorker] WARN  segmented.SegmentedRaftLogWorker (SegmentedRaftLogWorker.java:getFromFuture(90)) - Timeout 8/~
org.apache.ratis.protocol.TimeoutIOException: Timeout 10s: WriteLog:7: (t:1, i:7), STATEMACHINELOGENTRY, client-EE883D609918, cid=39-writeStateMachineData
	at org.apache.ratis.util.IOUtils.getFromFuture(IOUtils.java:87)
	at org.apache.ratis.server.raftlog.segmented.SegmentedRaftLogWorker$StateMachineDataPolicy.getFromFuture(SegmentedRaftLogWorker.java:87)
	at org.apache.ratis.server.raftlog.segmented.SegmentedRaftLogWorker$WriteLog.execute(SegmentedRaftLogWorker.java:477)
	at org.apache.ratis.server.raftlog.segmented.SegmentedRaftLogWorker.run(SegmentedRaftLogWorker.java:289)
	at java.lang.Thread.run(Thread.java:748)
Caused by: java.util.concurrent.TimeoutException
	at java.util.concurrent.CompletableFuture.timedGet(CompletableFuture.java:1771)
	at java.util.concurrent.CompletableFuture.get(CompletableFuture.java:1915)
	at org.apache.ratis.util.IOUtils.getFromFuture(IOUtils.java:79)
	... 4 more
2019-09-17 06:01:32,995 [c5233a29-19a6-42e1-869f-0cfd92a1650c@group-CBF25E866EAA-SegmentedRaftLogWorker] WARN  segmented.SegmentedRaftLogWorker (SegmentedRaftLogWorker.java:getFromFuture(90)) - Timeout 8/~
org.apache.ratis.protocol.TimeoutIOException: Timeout 10s: WriteLog:7: (t:1, i:7), STATEMACHINELOGENTRY, client-EE883D609918, cid=39-writeStateMachineData
	at org.apache.ratis.util.IOUtils.getFromFuture(IOUtils.java:87)
	at org.apache.ratis.server.raftlog.segmented.SegmentedRaftLogWorker$StateMachineDataPolicy.getFromFuture(SegmentedRaftLogWorker.java:87)
	at org.apache.ratis.server.raftlog.segmented.SegmentedRaftLogWorker$WriteLog.execute(SegmentedRaftLogWorker.java:477)
	at org.apache.ratis.server.raftlog.segmented.SegmentedRaftLogWorker.run(SegmentedRaftLogWorker.java:289)
	at java.lang.Thread.run(Thread.java:748)
Caused by: java.util.concurrent.TimeoutException
	at java.util.concurrent.CompletableFuture.timedGet(CompletableFuture.java:1771)
	at java.util.concurrent.CompletableFuture.get(CompletableFuture.java:1915)
	at org.apache.ratis.util.IOUtils.getFromFuture(IOUtils.java:79)
	... 4 more
2019-09-17 06:01:33,502 [java.util.concurrent.ThreadPoolExecutor$Worker@2971b8e1[State = -1, empty queue]] WARN  server.GrpcLogAppender (GrpcLogAppender.java:timeoutAppendRequest(200)) - 3ec0bce2-5a80-4efc-b2ca-bab81cc18a9f@group-CBF25E866EAA->c5233a29-19a6-42e1-869f-0cfd92a1650c-GrpcLogAppender: appendEntries Timeout, request=3ec0bce2-5a80-4efc-b2ca-bab81cc18a9f->c5233a29-19a6-42e1-869f-0cfd92a1650c#48-t1, previous=(t:1, i:12), leaderCommit=6, initializing? false, entries: <empty>
2019-09-17 06:01:33,502 [java.util.concurrent.ThreadPoolExecutor$Worker@457453c9[State = -1, empty queue]] WARN  server.GrpcLogAppender (GrpcLogAppender.java:timeoutAppendRequest(200)) - 3ec0bce2-5a80-4efc-b2ca-bab81cc18a9f@group-CBF25E866EAA->f6013552-a382-44c6-bdc3-8253bd9e054c-GrpcLogAppender: appendEntries Timeout, request=3ec0bce2-5a80-4efc-b2ca-bab81cc18a9f->f6013552-a382-44c6-bdc3-8253bd9e054c#48-t1, previous=(t:1, i:12), leaderCommit=6, initializing? false, entries: <empty>
2019-09-17 06:01:33,734 [grpc-default-executor-2] INFO  client.GrpcClientProtocolClient (GrpcClientProtocolClient.java:onNext(264)) - client-EE883D609918->c5233a29-19a6-42e1-869f-0cfd92a1650c: receive RaftClientReply:client-EE883D609918->c5233a29-19a6-42e1-869f-0cfd92a1650c@group-CBF25E866EAA, cid=39, FAILED org.apache.ratis.protocol.NotLeaderException: Server c5233a29-19a6-42e1-869f-0cfd92a1650c@group-CBF25E866EAA is not the leader 3ec0bce2-5a80-4efc-b2ca-bab81cc18a9f:192.168.34.7:33921, logIndex=0, commits[c5233a29-19a6-42e1-869f-0cfd92a1650c:c6, f6013552-a382-44c6-bdc3-8253bd9e054c:c4, 3ec0bce2-5a80-4efc-b2ca-bab81cc18a9f:c6]
2019-09-17 06:01:36,003 [java.util.concurrent.ThreadPoolExecutor$Worker@2971b8e1[State = -1, empty queue]] WARN  server.GrpcLogAppender (GrpcLogAppender.java:timeoutAppendRequest(200)) - 3ec0bce2-5a80-4efc-b2ca-bab81cc18a9f@group-CBF25E866EAA->c5233a29-19a6-42e1-869f-0cfd92a1650c-GrpcLogAppender: appendEntries Timeout, request=3ec0bce2-5a80-4efc-b2ca-bab81cc18a9f->c5233a29-19a6-42e1-869f-0cfd92a1650c#49-t1, previous=(t:1, i:12), leaderCommit=6, initializing? false, entries: <empty>
2019-09-17 06:01:36,003 [java.util.concurrent.ThreadPoolExecutor$Worker@457453c9[State = -1, empty queue]] WARN  server.GrpcLogAppender (GrpcLogAppender.java:timeoutAppendRequest(200)) - 3ec0bce2-5a80-4efc-b2ca-bab81cc18a9f@group-CBF25E866EAA->f6013552-a382-44c6-bdc3-8253bd9e054c-GrpcLogAppender: appendEntries Timeout, request=3ec0bce2-5a80-4efc-b2ca-bab81cc18a9f->f6013552-a382-44c6-bdc3-8253bd9e054c#49-t1, previous=(t:1, i:12), leaderCommit=6, initializing? false, entries: <empty>
2019-09-17 06:01:38,504 [java.util.concurrent.ThreadPoolExecutor$Worker@2971b8e1[State = -1, empty queue]] WARN  server.GrpcLogAppender (GrpcLogAppender.java:timeoutAppendRequest(200)) - 3ec0bce2-5a80-4efc-b2ca-bab81cc18a9f@group-CBF25E866EAA->c5233a29-19a6-42e1-869f-0cfd92a1650c-GrpcLogAppender: appendEntries Timeout, request=3ec0bce2-5a80-4efc-b2ca-bab81cc18a9f->c5233a29-19a6-42e1-869f-0cfd92a1650c#50-t1, previous=(t:1, i:12), leaderCommit=6, initializing? false, entries: <empty>
2019-09-17 06:01:38,504 [java.util.concurrent.ThreadPoolExecutor$Worker@457453c9[State = -1, empty queue]] WARN  server.GrpcLogAppender (GrpcLogAppender.java:timeoutAppendRequest(200)) - 3ec0bce2-5a80-4efc-b2ca-bab81cc18a9f@group-CBF25E866EAA->f6013552-a382-44c6-bdc3-8253bd9e054c-GrpcLogAppender: appendEntries Timeout, request=3ec0bce2-5a80-4efc-b2ca-bab81cc18a9f->f6013552-a382-44c6-bdc3-8253bd9e054c#50-t1, previous=(t:1, i:12), leaderCommit=6, initializing? false, entries: <empty>
2019-09-17 06:01:38,781 [grpc-default-executor-1] INFO  client.GrpcClientProtocolClient (GrpcClientProtocolClient.java:onNext(264)) - client-EE883D609918->f6013552-a382-44c6-bdc3-8253bd9e054c: receive RaftClientReply:client-EE883D609918->f6013552-a382-44c6-bdc3-8253bd9e054c@group-CBF25E866EAA, cid=39, FAILED org.apache.ratis.protocol.NotLeaderException: Server f6013552-a382-44c6-bdc3-8253bd9e054c@group-CBF25E866EAA is not the leader 3ec0bce2-5a80-4efc-b2ca-bab81cc18a9f:192.168.34.7:33921, logIndex=0, commits[f6013552-a382-44c6-bdc3-8253bd9e054c:c6, c5233a29-19a6-42e1-869f-0cfd92a1650c:c4, 3ec0bce2-5a80-4efc-b2ca-bab81cc18a9f:c6]
2019-09-17 06:01:39,445 [ReplicationMonitor] INFO  container.ReplicationManager (ReplicationManager.java:forceCloseContainer(464)) - Force closing container #2 with BCSID 6, which is in QUASI_CLOSED state.
2019-09-17 06:01:39,447 [ReplicationMonitor] INFO  container.ReplicationManager (ReplicationManager.java:sendCloseCommand(659)) - Sending close container command for container #2 to datanode 3ec0bce2-5a80-4efc-b2ca-bab81cc18a9f{ip: 192.168.34.7, host: pr-hdds-2132-5g9kv-3389001449, networkLocation: /default-rack, certSerialId: null}.
2019-09-17 06:01:39,448 [ReplicationMonitor] INFO  container.ReplicationManager (ReplicationManager.java:sendCloseCommand(659)) - Sending close container command for container #2 to datanode c5233a29-19a6-42e1-869f-0cfd92a1650c{ip: 192.168.34.7, host: pr-hdds-2132-5g9kv-3389001449, networkLocation: /default-rack, certSerialId: null}.
2019-09-17 06:01:39,448 [ReplicationMonitor] INFO  container.ReplicationManager (ReplicationManager.java:sendCloseCommand(659)) - Sending close container command for container #2 to datanode f6013552-a382-44c6-bdc3-8253bd9e054c{ip: 192.168.34.7, host: pr-hdds-2132-5g9kv-3389001449, networkLocation: /default-rack, certSerialId: null}.
2019-09-17 06:01:39,448 [ReplicationMonitor] INFO  container.ReplicationManager (ReplicationManager.java:forceCloseContainer(464)) - Force closing container #3 with BCSID 0, which is in QUASI_CLOSED state.
2019-09-17 06:01:39,448 [ReplicationMonitor] INFO  container.ReplicationManager (ReplicationManager.java:sendCloseCommand(659)) - Sending close container command for container #3 to datanode f6013552-a382-44c6-bdc3-8253bd9e054c{ip: 192.168.34.7, host: pr-hdds-2132-5g9kv-3389001449, networkLocation: /default-rack, certSerialId: null}.
2019-09-17 06:01:39,449 [ReplicationMonitor] INFO  container.ReplicationManager (ReplicationManager.java:sendCloseCommand(659)) - Sending close container command for container #3 to datanode c5233a29-19a6-42e1-869f-0cfd92a1650c{ip: 192.168.34.7, host: pr-hdds-2132-5g9kv-3389001449, networkLocation: /default-rack, certSerialId: null}.
2019-09-17 06:01:39,449 [ReplicationMonitor] INFO  container.ReplicationManager (ReplicationManager.java:sendCloseCommand(659)) - Sending close container command for container #3 to datanode 3ec0bce2-5a80-4efc-b2ca-bab81cc18a9f{ip: 192.168.34.7, host: pr-hdds-2132-5g9kv-3389001449, networkLocation: /default-rack, certSerialId: null}.
2019-09-17 06:01:39,449 [ReplicationMonitor] INFO  container.ReplicationManager (ReplicationManager.java:run(225)) - Replication Monitor Thread took 13 milliseconds for processing 5 containers.
2019-09-17 06:01:41,005 [java.util.concurrent.ThreadPoolExecutor$Worker@2971b8e1[State = -1, empty queue]] WARN  server.GrpcLogAppender (GrpcLogAppender.java:timeoutAppendRequest(200)) - 3ec0bce2-5a80-4efc-b2ca-bab81cc18a9f@group-CBF25E866EAA->c5233a29-19a6-42e1-869f-0cfd92a1650c-GrpcLogAppender: appendEntries Timeout, request=3ec0bce2-5a80-4efc-b2ca-bab81cc18a9f->c5233a29-19a6-42e1-869f-0cfd92a1650c#51-t1, previous=(t:1, i:12), leaderCommit=6, initializing? false, entries: <empty>
2019-09-17 06:01:41,005 [java.util.concurrent.ThreadPoolExecutor$Worker@457453c9[State = -1, empty queue]] WARN  server.GrpcLogAppender (GrpcLogAppender.java:timeoutAppendRequest(200)) - 3ec0bce2-5a80-4efc-b2ca-bab81cc18a9f@group-CBF25E866EAA->f6013552-a382-44c6-bdc3-8253bd9e054c-GrpcLogAppender: appendEntries Timeout, request=3ec0bce2-5a80-4efc-b2ca-bab81cc18a9f->f6013552-a382-44c6-bdc3-8253bd9e054c#51-t1, previous=(t:1, i:12), leaderCommit=6, initializing? false, entries: <empty>
2019-09-17 06:01:42,021 [Command processor thread] INFO  interfaces.Container (KeyValueContainer.java:flushAndSyncDB(386)) - Container 2 is synced with bcsId 6.
2019-09-17 06:01:42,024 [Command processor thread] INFO  interfaces.Container (KeyValueContainer.java:flushAndSyncDB(386)) - Container 2 is synced with bcsId 6.
2019-09-17 06:01:42,024 [Command processor thread] INFO  interfaces.Container (KeyValueContainer.java:flushAndSyncDB(386)) - Container 2 is synced with bcsId 6.
2019-09-17 06:01:42,024 [Command processor thread] INFO  interfaces.Container (KeyValueContainer.java:flushAndSyncDB(386)) - Container 2 is synced with bcsId 6.
2019-09-17 06:01:42,034 [Command processor thread] INFO  interfaces.Container (KeyValueContainer.java:flushAndSyncDB(386)) - Container 2 is synced with bcsId 6.
2019-09-17 06:01:42,035 [Command processor thread] INFO  interfaces.Container (KeyValueContainer.java:flushAndSyncDB(386)) - Container 2 is synced with bcsId 6.
2019-09-17 06:01:42,041 [Command processor thread] INFO  interfaces.Container (KeyValueContainer.java:close(335)) - Container 2 is closed with bcsId 6.
2019-09-17 06:01:42,042 [Command processor thread] INFO  interfaces.Container (KeyValueContainer.java:flushAndSyncDB(386)) - Container 3 is synced with bcsId 0.
2019-09-17 06:01:42,042 [Command processor thread] INFO  interfaces.Container (KeyValueContainer.java:flushAndSyncDB(386)) - Container 3 is synced with bcsId 0.
2019-09-17 06:01:42,042 [Command processor thread] INFO  interfaces.Container (KeyValueContainer.java:close(335)) - Container 2 is closed with bcsId 6.
2019-09-17 06:01:42,043 [Command processor thread] INFO  interfaces.Container (KeyValueContainer.java:flushAndSyncDB(386)) - Container 3 is synced with bcsId 0.
2019-09-17 06:01:42,043 [Command processor thread] INFO  interfaces.Container (KeyValueContainer.java:flushAndSyncDB(386)) - Container 3 is synced with bcsId 0.
2019-09-17 06:01:42,043 [Command processor thread] INFO  interfaces.Container (KeyValueContainer.java:close(335)) - Container 2 is closed with bcsId 6.
2019-09-17 06:01:42,044 [Command processor thread] INFO  interfaces.Container (KeyValueContainer.java:flushAndSyncDB(386)) - Container 3 is synced with bcsId 0.
2019-09-17 06:01:42,044 [EventQueue-IncrementalContainerReportForIncrementalContainerReportHandler] INFO  container.IncrementalContainerReportHandler (AbstractContainerReportHandler.java:updateContainerState(202)) - Moving container #2 to CLOSED state, datanode c5233a29-19a6-42e1-869f-0cfd92a1650c{ip: 192.168.34.7, host: pr-hdds-2132-5g9kv-3389001449, networkLocation: /default-rack, certSerialId: null} reported CLOSED replica.
2019-09-17 06:01:42,044 [Command processor thread] INFO  interfaces.Container (KeyValueContainer.java:flushAndSyncDB(386)) - Container 3 is synced with bcsId 0.
2019-09-17 06:01:42,058 [Command processor thread] INFO  interfaces.Container (KeyValueContainer.java:close(335)) - Container 3 is closed with bcsId 0.
2019-09-17 06:01:42,058 [Command processor thread] INFO  interfaces.Container (KeyValueContainer.java:close(335)) - Container 3 is closed with bcsId 0.
2019-09-17 06:01:42,058 [Command processor thread] INFO  interfaces.Container (KeyValueContainer.java:close(335)) - Container 3 is closed with bcsId 0.
2019-09-17 06:01:42,059 [EventQueue-IncrementalContainerReportForIncrementalContainerReportHandler] INFO  container.IncrementalContainerReportHandler (AbstractContainerReportHandler.java:updateContainerState(202)) - Moving container #3 to CLOSED state, datanode 3ec0bce2-5a80-4efc-b2ca-bab81cc18a9f{ip: 192.168.34.7, host: pr-hdds-2132-5g9kv-3389001449, networkLocation: /default-rack, certSerialId: null} reported CLOSED replica.
2019-09-17 06:01:42,972 [3ec0bce2-5a80-4efc-b2ca-bab81cc18a9f@group-CBF25E866EAA-SegmentedRaftLogWorker] WARN  segmented.SegmentedRaftLogWorker (SegmentedRaftLogWorker.java:getFromFuture(90)) - Timeout 9/~
org.apache.ratis.protocol.TimeoutIOException: Timeout 10s: WriteLog:7: (t:1, i:7), STATEMACHINELOGENTRY, client-EE883D609918, cid=39-writeStateMachineData
	at org.apache.ratis.util.IOUtils.getFromFuture(IOUtils.java:87)
	at org.apache.ratis.server.raftlog.segmented.SegmentedRaftLogWorker$StateMachineDataPolicy.getFromFuture(SegmentedRaftLogWorker.java:87)
	at org.apache.ratis.server.raftlog.segmented.SegmentedRaftLogWorker$WriteLog.execute(SegmentedRaftLogWorker.java:477)
	at org.apache.ratis.server.raftlog.segmented.SegmentedRaftLogWorker.run(SegmentedRaftLogWorker.java:289)
	at java.lang.Thread.run(Thread.java:748)
Caused by: java.util.concurrent.TimeoutException
	at java.util.concurrent.CompletableFuture.timedGet(CompletableFuture.java:1771)
	at java.util.concurrent.CompletableFuture.get(CompletableFuture.java:1915)
	at org.apache.ratis.util.IOUtils.getFromFuture(IOUtils.java:79)
	... 4 more
2019-09-17 06:01:42,995 [f6013552-a382-44c6-bdc3-8253bd9e054c@group-CBF25E866EAA-SegmentedRaftLogWorker] WARN  segmented.SegmentedRaftLogWorker (SegmentedRaftLogWorker.java:getFromFuture(90)) - Timeout 9/~
org.apache.ratis.protocol.TimeoutIOException: Timeout 10s: WriteLog:7: (t:1, i:7), STATEMACHINELOGENTRY, client-EE883D609918, cid=39-writeStateMachineData
	at org.apache.ratis.util.IOUtils.getFromFuture(IOUtils.java:87)
	at org.apache.ratis.server.raftlog.segmented.SegmentedRaftLogWorker$StateMachineDataPolicy.getFromFuture(SegmentedRaftLogWorker.java:87)
	at org.apache.ratis.server.raftlog.segmented.SegmentedRaftLogWorker$WriteLog.execute(SegmentedRaftLogWorker.java:477)
	at org.apache.ratis.server.raftlog.segmented.SegmentedRaftLogWorker.run(SegmentedRaftLogWorker.java:289)
	at java.lang.Thread.run(Thread.java:748)
Caused by: java.util.concurrent.TimeoutException
	at java.util.concurrent.CompletableFuture.timedGet(CompletableFuture.java:1771)
	at java.util.concurrent.CompletableFuture.get(CompletableFuture.java:1915)
	at org.apache.ratis.util.IOUtils.getFromFuture(IOUtils.java:79)
	... 4 more
2019-09-17 06:01:42,996 [c5233a29-19a6-42e1-869f-0cfd92a1650c@group-CBF25E866EAA-SegmentedRaftLogWorker] WARN  segmented.SegmentedRaftLogWorker (SegmentedRaftLogWorker.java:getFromFuture(90)) - Timeout 9/~
org.apache.ratis.protocol.TimeoutIOException: Timeout 10s: WriteLog:7: (t:1, i:7), STATEMACHINELOGENTRY, client-EE883D609918, cid=39-writeStateMachineData
	at org.apache.ratis.util.IOUtils.getFromFuture(IOUtils.java:87)
	at org.apache.ratis.server.raftlog.segmented.SegmentedRaftLogWorker$StateMachineDataPolicy.getFromFuture(SegmentedRaftLogWorker.java:87)
	at org.apache.ratis.server.raftlog.segmented.SegmentedRaftLogWorker$WriteLog.execute(SegmentedRaftLogWorker.java:477)
	at org.apache.ratis.server.raftlog.segmented.SegmentedRaftLogWorker.run(SegmentedRaftLogWorker.java:289)
	at java.lang.Thread.run(Thread.java:748)
Caused by: java.util.concurrent.TimeoutException
	at java.util.concurrent.CompletableFuture.timedGet(CompletableFuture.java:1771)
	at java.util.concurrent.CompletableFuture.get(CompletableFuture.java:1915)
	at org.apache.ratis.util.IOUtils.getFromFuture(IOUtils.java:79)
	... 4 more
2019-09-17 06:01:43,506 [java.util.concurrent.ThreadPoolExecutor$Worker@2971b8e1[State = -1, empty queue]] WARN  server.GrpcLogAppender (GrpcLogAppender.java:timeoutAppendRequest(200)) - 3ec0bce2-5a80-4efc-b2ca-bab81cc18a9f@group-CBF25E866EAA->c5233a29-19a6-42e1-869f-0cfd92a1650c-GrpcLogAppender: appendEntries Timeout, request=3ec0bce2-5a80-4efc-b2ca-bab81cc18a9f->c5233a29-19a6-42e1-869f-0cfd92a1650c#52-t1, previous=(t:1, i:12), leaderCommit=6, initializing? false, entries: <empty>
2019-09-17 06:01:43,506 [java.util.concurrent.ThreadPoolExecutor$Worker@457453c9[State = -1, empty queue]] WARN  server.GrpcLogAppender (GrpcLogAppender.java:timeoutAppendRequest(200)) - 3ec0bce2-5a80-4efc-b2ca-bab81cc18a9f@group-CBF25E866EAA->f6013552-a382-44c6-bdc3-8253bd9e054c-GrpcLogAppender: appendEntries Timeout, request=3ec0bce2-5a80-4efc-b2ca-bab81cc18a9f->f6013552-a382-44c6-bdc3-8253bd9e054c#52-t1, previous=(t:1, i:12), leaderCommit=6, initializing? false, entries: <empty>
2019-09-17 06:01:43,836 [grpc-default-executor-2] INFO  client.GrpcClientProtocolClient (GrpcClientProtocolClient.java:onNext(264)) - client-EE883D609918->c5233a29-19a6-42e1-869f-0cfd92a1650c: receive RaftClientReply:client-EE883D609918->c5233a29-19a6-42e1-869f-0cfd92a1650c@group-CBF25E866EAA, cid=39, FAILED org.apache.ratis.protocol.NotLeaderException: Server c5233a29-19a6-42e1-869f-0cfd92a1650c@group-CBF25E866EAA is not the leader 3ec0bce2-5a80-4efc-b2ca-bab81cc18a9f:192.168.34.7:33921, logIndex=0, commits[c5233a29-19a6-42e1-869f-0cfd92a1650c:c6, f6013552-a382-44c6-bdc3-8253bd9e054c:c4, 3ec0bce2-5a80-4efc-b2ca-bab81cc18a9f:c6]
2019-09-17 06:01:46,007 [java.util.concurrent.ThreadPoolExecutor$Worker@2971b8e1[State = -1, empty queue]] WARN  server.GrpcLogAppender (GrpcLogAppender.java:timeoutAppendRequest(200)) - 3ec0bce2-5a80-4efc-b2ca-bab81cc18a9f@group-CBF25E866EAA->c5233a29-19a6-42e1-869f-0cfd92a1650c-GrpcLogAppender: appendEntries Timeout, request=3ec0bce2-5a80-4efc-b2ca-bab81cc18a9f->c5233a29-19a6-42e1-869f-0cfd92a1650c#53-t1, previous=(t:1, i:12), leaderCommit=6, initializing? false, entries: <empty>
2019-09-17 06:01:46,007 [java.util.concurrent.ThreadPoolExecutor$Worker@457453c9[State = -1, empty queue]] WARN  server.GrpcLogAppender (GrpcLogAppender.java:timeoutAppendRequest(200)) - 3ec0bce2-5a80-4efc-b2ca-bab81cc18a9f@group-CBF25E866EAA->f6013552-a382-44c6-bdc3-8253bd9e054c-GrpcLogAppender: appendEntries Timeout, request=3ec0bce2-5a80-4efc-b2ca-bab81cc18a9f->f6013552-a382-44c6-bdc3-8253bd9e054c#53-t1, previous=(t:1, i:12), leaderCommit=6, initializing? false, entries: <empty>
2019-09-17 06:01:48,508 [java.util.concurrent.ThreadPoolExecutor$Worker@457453c9[State = -1, empty queue]] WARN  server.GrpcLogAppender (GrpcLogAppender.java:timeoutAppendRequest(200)) - 3ec0bce2-5a80-4efc-b2ca-bab81cc18a9f@group-CBF25E866EAA->f6013552-a382-44c6-bdc3-8253bd9e054c-GrpcLogAppender: appendEntries Timeout, request=3ec0bce2-5a80-4efc-b2ca-bab81cc18a9f->f6013552-a382-44c6-bdc3-8253bd9e054c#54-t1, previous=(t:1, i:12), leaderCommit=6, initializing? false, entries: <empty>
2019-09-17 06:01:48,508 [java.util.concurrent.ThreadPoolExecutor$Worker@2971b8e1[State = -1, empty queue]] WARN  server.GrpcLogAppender (GrpcLogAppender.java:timeoutAppendRequest(200)) - 3ec0bce2-5a80-4efc-b2ca-bab81cc18a9f@group-CBF25E866EAA->c5233a29-19a6-42e1-869f-0cfd92a1650c-GrpcLogAppender: appendEntries Timeout, request=3ec0bce2-5a80-4efc-b2ca-bab81cc18a9f->c5233a29-19a6-42e1-869f-0cfd92a1650c#54-t1, previous=(t:1, i:12), leaderCommit=6, initializing? false, entries: <empty>
2019-09-17 06:01:48,872 [grpc-default-executor-2] INFO  client.GrpcClientProtocolClient (GrpcClientProtocolClient.java:onNext(264)) - client-EE883D609918->f6013552-a382-44c6-bdc3-8253bd9e054c: receive RaftClientReply:client-EE883D609918->f6013552-a382-44c6-bdc3-8253bd9e054c@group-CBF25E866EAA, cid=39, FAILED org.apache.ratis.protocol.NotLeaderException: Server f6013552-a382-44c6-bdc3-8253bd9e054c@group-CBF25E866EAA is not the leader 3ec0bce2-5a80-4efc-b2ca-bab81cc18a9f:192.168.34.7:33921, logIndex=0, commits[f6013552-a382-44c6-bdc3-8253bd9e054c:c6, c5233a29-19a6-42e1-869f-0cfd92a1650c:c4, 3ec0bce2-5a80-4efc-b2ca-bab81cc18a9f:c6]
2019-09-17 06:01:51,008 [java.util.concurrent.ThreadPoolExecutor$Worker@2971b8e1[State = -1, empty queue]] WARN  server.GrpcLogAppender (GrpcLogAppender.java:timeoutAppendRequest(200)) - 3ec0bce2-5a80-4efc-b2ca-bab81cc18a9f@group-CBF25E866EAA->c5233a29-19a6-42e1-869f-0cfd92a1650c-GrpcLogAppender: appendEntries Timeout, request=3ec0bce2-5a80-4efc-b2ca-bab81cc18a9f->c5233a29-19a6-42e1-869f-0cfd92a1650c#55-t1, previous=(t:1, i:12), leaderCommit=6, initializing? false, entries: <empty>
2019-09-17 06:01:51,008 [java.util.concurrent.ThreadPoolExecutor$Worker@457453c9[State = -1, empty queue]] WARN  server.GrpcLogAppender (GrpcLogAppender.java:timeoutAppendRequest(200)) - 3ec0bce2-5a80-4efc-b2ca-bab81cc18a9f@group-CBF25E866EAA->f6013552-a382-44c6-bdc3-8253bd9e054c-GrpcLogAppender: appendEntries Timeout, request=3ec0bce2-5a80-4efc-b2ca-bab81cc18a9f->f6013552-a382-44c6-bdc3-8253bd9e054c#55-t1, previous=(t:1, i:12), leaderCommit=6, initializing? false, entries: <empty>
2019-09-17 06:01:52,973 [3ec0bce2-5a80-4efc-b2ca-bab81cc18a9f@group-CBF25E866EAA-SegmentedRaftLogWorker] WARN  segmented.SegmentedRaftLogWorker (SegmentedRaftLogWorker.java:getFromFuture(90)) - Timeout 10/~
org.apache.ratis.protocol.TimeoutIOException: Timeout 10s: WriteLog:7: (t:1, i:7), STATEMACHINELOGENTRY, client-EE883D609918, cid=39-writeStateMachineData
	at org.apache.ratis.util.IOUtils.getFromFuture(IOUtils.java:87)
	at org.apache.ratis.server.raftlog.segmented.SegmentedRaftLogWorker$StateMachineDataPolicy.getFromFuture(SegmentedRaftLogWorker.java:87)
	at org.apache.ratis.server.raftlog.segmented.SegmentedRaftLogWorker$WriteLog.execute(SegmentedRaftLogWorker.java:477)
	at org.apache.ratis.server.raftlog.segmented.SegmentedRaftLogWorker.run(SegmentedRaftLogWorker.java:289)
	at java.lang.Thread.run(Thread.java:748)
Caused by: java.util.concurrent.TimeoutException
	at java.util.concurrent.CompletableFuture.timedGet(CompletableFuture.java:1771)
	at java.util.concurrent.CompletableFuture.get(CompletableFuture.java:1915)
	at org.apache.ratis.util.IOUtils.getFromFuture(IOUtils.java:79)
	... 4 more
2019-09-17 06:01:52,996 [f6013552-a382-44c6-bdc3-8253bd9e054c@group-CBF25E866EAA-SegmentedRaftLogWorker] WARN  segmented.SegmentedRaftLogWorker (SegmentedRaftLogWorker.java:getFromFuture(90)) - Timeout 10/~
org.apache.ratis.protocol.TimeoutIOException: Timeout 10s: WriteLog:7: (t:1, i:7), STATEMACHINELOGENTRY, client-EE883D609918, cid=39-writeStateMachineData
	at org.apache.ratis.util.IOUtils.getFromFuture(IOUtils.java:87)
	at org.apache.ratis.server.raftlog.segmented.SegmentedRaftLogWorker$StateMachineDataPolicy.getFromFuture(SegmentedRaftLogWorker.java:87)
	at org.apache.ratis.server.raftlog.segmented.SegmentedRaftLogWorker$WriteLog.execute(SegmentedRaftLogWorker.java:477)
	at org.apache.ratis.server.raftlog.segmented.SegmentedRaftLogWorker.run(SegmentedRaftLogWorker.java:289)
	at java.lang.Thread.run(Thread.java:748)
Caused by: java.util.concurrent.TimeoutException
	at java.util.concurrent.CompletableFuture.timedGet(CompletableFuture.java:1771)
	at java.util.concurrent.CompletableFuture.get(CompletableFuture.java:1915)
	at org.apache.ratis.util.IOUtils.getFromFuture(IOUtils.java:79)
	... 4 more
2019-09-17 06:01:52,997 [c5233a29-19a6-42e1-869f-0cfd92a1650c@group-CBF25E866EAA-SegmentedRaftLogWorker] WARN  segmented.SegmentedRaftLogWorker (SegmentedRaftLogWorker.java:getFromFuture(90)) - Timeout 10/~
org.apache.ratis.protocol.TimeoutIOException: Timeout 10s: WriteLog:7: (t:1, i:7), STATEMACHINELOGENTRY, client-EE883D609918, cid=39-writeStateMachineData
	at org.apache.ratis.util.IOUtils.getFromFuture(IOUtils.java:87)
	at org.apache.ratis.server.raftlog.segmented.SegmentedRaftLogWorker$StateMachineDataPolicy.getFromFuture(SegmentedRaftLogWorker.java:87)
	at org.apache.ratis.server.raftlog.segmented.SegmentedRaftLogWorker$WriteLog.execute(SegmentedRaftLogWorker.java:477)
	at org.apache.ratis.server.raftlog.segmented.SegmentedRaftLogWorker.run(SegmentedRaftLogWorker.java:289)
	at java.lang.Thread.run(Thread.java:748)
Caused by: java.util.concurrent.TimeoutException
	at java.util.concurrent.CompletableFuture.timedGet(CompletableFuture.java:1771)
	at java.util.concurrent.CompletableFuture.get(CompletableFuture.java:1915)
	at org.apache.ratis.util.IOUtils.getFromFuture(IOUtils.java:79)
	... 4 more
2019-09-17 06:01:53,509 [java.util.concurrent.ThreadPoolExecutor$Worker@457453c9[State = -1, empty queue]] WARN  server.GrpcLogAppender (GrpcLogAppender.java:timeoutAppendRequest(200)) - 3ec0bce2-5a80-4efc-b2ca-bab81cc18a9f@group-CBF25E866EAA->f6013552-a382-44c6-bdc3-8253bd9e054c-GrpcLogAppender: appendEntries Timeout, request=3ec0bce2-5a80-4efc-b2ca-bab81cc18a9f->f6013552-a382-44c6-bdc3-8253bd9e054c#56-t1, previous=(t:1, i:12), leaderCommit=6, initializing? false, entries: <empty>
2019-09-17 06:01:53,509 [java.util.concurrent.ThreadPoolExecutor$Worker@2971b8e1[State = -1, empty queue]] WARN  server.GrpcLogAppender (GrpcLogAppender.java:timeoutAppendRequest(200)) - 3ec0bce2-5a80-4efc-b2ca-bab81cc18a9f@group-CBF25E866EAA->c5233a29-19a6-42e1-869f-0cfd92a1650c-GrpcLogAppender: appendEntries Timeout, request=3ec0bce2-5a80-4efc-b2ca-bab81cc18a9f->c5233a29-19a6-42e1-869f-0cfd92a1650c#56-t1, previous=(t:1, i:12), leaderCommit=6, initializing? false, entries: <empty>
2019-09-17 06:01:53,905 [grpc-default-executor-1] INFO  client.GrpcClientProtocolClient (GrpcClientProtocolClient.java:onNext(264)) - client-EE883D609918->c5233a29-19a6-42e1-869f-0cfd92a1650c: receive RaftClientReply:client-EE883D609918->c5233a29-19a6-42e1-869f-0cfd92a1650c@group-CBF25E866EAA, cid=39, FAILED org.apache.ratis.protocol.NotLeaderException: Server c5233a29-19a6-42e1-869f-0cfd92a1650c@group-CBF25E866EAA is not the leader 3ec0bce2-5a80-4efc-b2ca-bab81cc18a9f:192.168.34.7:33921, logIndex=0, commits[c5233a29-19a6-42e1-869f-0cfd92a1650c:c6, f6013552-a382-44c6-bdc3-8253bd9e054c:c4, 3ec0bce2-5a80-4efc-b2ca-bab81cc18a9f:c6]
2019-09-17 06:01:56,009 [java.util.concurrent.ThreadPoolExecutor$Worker@2971b8e1[State = -1, empty queue]] WARN  server.GrpcLogAppender (GrpcLogAppender.java:timeoutAppendRequest(200)) - 3ec0bce2-5a80-4efc-b2ca-bab81cc18a9f@group-CBF25E866EAA->c5233a29-19a6-42e1-869f-0cfd92a1650c-GrpcLogAppender: appendEntries Timeout, request=3ec0bce2-5a80-4efc-b2ca-bab81cc18a9f->c5233a29-19a6-42e1-869f-0cfd92a1650c#57-t1, previous=(t:1, i:12), leaderCommit=6, initializing? false, entries: <empty>
2019-09-17 06:01:56,009 [java.util.concurrent.ThreadPoolExecutor$Worker@457453c9[State = -1, empty queue]] WARN  server.GrpcLogAppender (GrpcLogAppender.java:timeoutAppendRequest(200)) - 3ec0bce2-5a80-4efc-b2ca-bab81cc18a9f@group-CBF25E866EAA->f6013552-a382-44c6-bdc3-8253bd9e054c-GrpcLogAppender: appendEntries Timeout, request=3ec0bce2-5a80-4efc-b2ca-bab81cc18a9f->f6013552-a382-44c6-bdc3-8253bd9e054c#57-t1, previous=(t:1, i:12), leaderCommit=6, initializing? false, entries: <empty>
2019-09-17 06:01:58,509 [java.util.concurrent.ThreadPoolExecutor$Worker@2971b8e1[State = -1, empty queue]] WARN  server.GrpcLogAppender (GrpcLogAppender.java:timeoutAppendRequest(200)) - 3ec0bce2-5a80-4efc-b2ca-bab81cc18a9f@group-CBF25E866EAA->c5233a29-19a6-42e1-869f-0cfd92a1650c-GrpcLogAppender: appendEntries Timeout, request=3ec0bce2-5a80-4efc-b2ca-bab81cc18a9f->c5233a29-19a6-42e1-869f-0cfd92a1650c#58-t1, previous=(t:1, i:12), leaderCommit=6, initializing? false, entries: <empty>
2019-09-17 06:01:58,509 [java.util.concurrent.ThreadPoolExecutor$Worker@457453c9[State = -1, empty queue]] WARN  server.GrpcLogAppender (GrpcLogAppender.java:timeoutAppendRequest(200)) - 3ec0bce2-5a80-4efc-b2ca-bab81cc18a9f@group-CBF25E866EAA->f6013552-a382-44c6-bdc3-8253bd9e054c-GrpcLogAppender: appendEntries Timeout, request=3ec0bce2-5a80-4efc-b2ca-bab81cc18a9f->f6013552-a382-44c6-bdc3-8253bd9e054c#58-t1, previous=(t:1, i:12), leaderCommit=6, initializing? false, entries: <empty>
2019-09-17 06:01:58,948 [grpc-default-executor-1] INFO  client.GrpcClientProtocolClient (GrpcClientProtocolClient.java:onNext(264)) - client-EE883D609918->f6013552-a382-44c6-bdc3-8253bd9e054c: receive RaftClientReply:client-EE883D609918->f6013552-a382-44c6-bdc3-8253bd9e054c@group-CBF25E866EAA, cid=39, FAILED org.apache.ratis.protocol.NotLeaderException: Server f6013552-a382-44c6-bdc3-8253bd9e054c@group-CBF25E866EAA is not the leader 3ec0bce2-5a80-4efc-b2ca-bab81cc18a9f:192.168.34.7:33921, logIndex=0, commits[f6013552-a382-44c6-bdc3-8253bd9e054c:c6, c5233a29-19a6-42e1-869f-0cfd92a1650c:c4, 3ec0bce2-5a80-4efc-b2ca-bab81cc18a9f:c6]
2019-09-17 06:02:01,010 [java.util.concurrent.ThreadPoolExecutor$Worker@457453c9[State = -1, empty queue]] WARN  server.GrpcLogAppender (GrpcLogAppender.java:timeoutAppendRequest(200)) - 3ec0bce2-5a80-4efc-b2ca-bab81cc18a9f@group-CBF25E866EAA->f6013552-a382-44c6-bdc3-8253bd9e054c-GrpcLogAppender: appendEntries Timeout, request=3ec0bce2-5a80-4efc-b2ca-bab81cc18a9f->f6013552-a382-44c6-bdc3-8253bd9e054c#59-t1, previous=(t:1, i:12), leaderCommit=6, initializing? false, entries: <empty>
2019-09-17 06:02:01,010 [java.util.concurrent.ThreadPoolExecutor$Worker@2971b8e1[State = -1, empty queue]] WARN  server.GrpcLogAppender (GrpcLogAppender.java:timeoutAppendRequest(200)) - 3ec0bce2-5a80-4efc-b2ca-bab81cc18a9f@group-CBF25E866EAA->c5233a29-19a6-42e1-869f-0cfd92a1650c-GrpcLogAppender: appendEntries Timeout, request=3ec0bce2-5a80-4efc-b2ca-bab81cc18a9f->c5233a29-19a6-42e1-869f-0cfd92a1650c#59-t1, previous=(t:1, i:12), leaderCommit=6, initializing? false, entries: <empty>
2019-09-17 06:02:02,990 [3ec0bce2-5a80-4efc-b2ca-bab81cc18a9f@group-CBF25E866EAA-SegmentedRaftLogWorker] WARN  segmented.SegmentedRaftLogWorker (SegmentedRaftLogWorker.java:getFromFuture(90)) - Timeout 11/~
org.apache.ratis.protocol.TimeoutIOException: Timeout 10s: WriteLog:7: (t:1, i:7), STATEMACHINELOGENTRY, client-EE883D609918, cid=39-writeStateMachineData
	at org.apache.ratis.util.IOUtils.getFromFuture(IOUtils.java:87)
	at org.apache.ratis.server.raftlog.segmented.SegmentedRaftLogWorker$StateMachineDataPolicy.getFromFuture(SegmentedRaftLogWorker.java:87)
	at org.apache.ratis.server.raftlog.segmented.SegmentedRaftLogWorker$WriteLog.execute(SegmentedRaftLogWorker.java:477)
	at org.apache.ratis.server.raftlog.segmented.SegmentedRaftLogWorker.run(SegmentedRaftLogWorker.java:289)
	at java.lang.Thread.run(Thread.java:748)
Caused by: java.util.concurrent.TimeoutException
	at java.util.concurrent.CompletableFuture.timedGet(CompletableFuture.java:1771)
	at java.util.concurrent.CompletableFuture.get(CompletableFuture.java:1915)
	at org.apache.ratis.util.IOUtils.getFromFuture(IOUtils.java:79)
	... 4 more
2019-09-17 06:02:02,996 [f6013552-a382-44c6-bdc3-8253bd9e054c@group-CBF25E866EAA-SegmentedRaftLogWorker] WARN  segmented.SegmentedRaftLogWorker (SegmentedRaftLogWorker.java:getFromFuture(90)) - Timeout 11/~
org.apache.ratis.protocol.TimeoutIOException: Timeout 10s: WriteLog:7: (t:1, i:7), STATEMACHINELOGENTRY, client-EE883D609918, cid=39-writeStateMachineData
	at org.apache.ratis.util.IOUtils.getFromFuture(IOUtils.java:87)
	at org.apache.ratis.server.raftlog.segmented.SegmentedRaftLogWorker$StateMachineDataPolicy.getFromFuture(SegmentedRaftLogWorker.java:87)
	at org.apache.ratis.server.raftlog.segmented.SegmentedRaftLogWorker$WriteLog.execute(SegmentedRaftLogWorker.java:477)
	at org.apache.ratis.server.raftlog.segmented.SegmentedRaftLogWorker.run(SegmentedRaftLogWorker.java:289)
	at java.lang.Thread.run(Thread.java:748)
Caused by: java.util.concurrent.TimeoutException
	at java.util.concurrent.CompletableFuture.timedGet(CompletableFuture.java:1771)
	at java.util.concurrent.CompletableFuture.get(CompletableFuture.java:1915)
	at org.apache.ratis.util.IOUtils.getFromFuture(IOUtils.java:79)
	... 4 more
2019-09-17 06:02:02,998 [c5233a29-19a6-42e1-869f-0cfd92a1650c@group-CBF25E866EAA-SegmentedRaftLogWorker] WARN  segmented.SegmentedRaftLogWorker (SegmentedRaftLogWorker.java:getFromFuture(90)) - Timeout 11/~
org.apache.ratis.protocol.TimeoutIOException: Timeout 10s: WriteLog:7: (t:1, i:7), STATEMACHINELOGENTRY, client-EE883D609918, cid=39-writeStateMachineData
	at org.apache.ratis.util.IOUtils.getFromFuture(IOUtils.java:87)
	at org.apache.ratis.server.raftlog.segmented.SegmentedRaftLogWorker$StateMachineDataPolicy.getFromFuture(SegmentedRaftLogWorker.java:87)
	at org.apache.ratis.server.raftlog.segmented.SegmentedRaftLogWorker$WriteLog.execute(SegmentedRaftLogWorker.java:477)
	at org.apache.ratis.server.raftlog.segmented.SegmentedRaftLogWorker.run(SegmentedRaftLogWorker.java:289)
	at java.lang.Thread.run(Thread.java:748)
Caused by: java.util.concurrent.TimeoutException
	at java.util.concurrent.CompletableFuture.timedGet(CompletableFuture.java:1771)
	at java.util.concurrent.CompletableFuture.get(CompletableFuture.java:1915)
	at org.apache.ratis.util.IOUtils.getFromFuture(IOUtils.java:79)
	... 4 more
2019-09-17 06:02:03,011 [org.apache.ratis.server.impl.LogAppender$AppenderDaemon$$Lambda$508/456872507@3fae9b8d] ERROR ratis.XceiverServerRatis (XceiverServerRatis.java:triggerPipelineClose(575)) - pipeline Action CLOSE  on pipeline PipelineID=28c3b40f-4470-4af7-82e9-cbf25e866eaa.Reason : 3ec0bce2-5a80-4efc-b2ca-bab81cc18a9f has not seen follower/s f6013552-a382-44c6-bdc3-8253bd9e054c for 120108ms c5233a29-19a6-42e1-869f-0cfd92a1650c for 120108ms
2019-09-17 06:02:03,011 [org.apache.ratis.server.impl.LogAppender$AppenderDaemon$$Lambda$508/456872507@6c2757a5] ERROR ratis.XceiverServerRatis (XceiverServerRatis.java:triggerPipelineClose(575)) - pipeline Action CLOSE  on pipeline PipelineID=28c3b40f-4470-4af7-82e9-cbf25e866eaa.Reason : 3ec0bce2-5a80-4efc-b2ca-bab81cc18a9f has not seen follower/s f6013552-a382-44c6-bdc3-8253bd9e054c for 120108ms c5233a29-19a6-42e1-869f-0cfd92a1650c for 120108ms
2019-09-17 06:02:03,065 [EventQueue-PipelineActionsForPipelineActionHandler] ERROR pipeline.PipelineActionHandler (PipelineActionHandler.java:onMessage(60)) - Received pipeline action CLOSE for Pipeline[ Id: 28c3b40f-4470-4af7-82e9-cbf25e866eaa, Nodes: c5233a29-19a6-42e1-869f-0cfd92a1650c{ip: 192.168.34.7, host: pr-hdds-2132-5g9kv-3389001449, networkLocation: /default-rack, certSerialId: null}3ec0bce2-5a80-4efc-b2ca-bab81cc18a9f{ip: 192.168.34.7, host: pr-hdds-2132-5g9kv-3389001449, networkLocation: /default-rack, certSerialId: null}f6013552-a382-44c6-bdc3-8253bd9e054c{ip: 192.168.34.7, host: pr-hdds-2132-5g9kv-3389001449, networkLocation: /default-rack, certSerialId: null}, Type:RATIS, Factor:THREE, State:OPEN] from datanode 3ec0bce2-5a80-4efc-b2ca-bab81cc18a9f{ip: 192.168.34.7, host: pr-hdds-2132-5g9kv-3389001449, networkLocation: /default-rack, certSerialId: null}. Reason : 3ec0bce2-5a80-4efc-b2ca-bab81cc18a9f has not seen follower/s f6013552-a382-44c6-bdc3-8253bd9e054c for 120108ms c5233a29-19a6-42e1-869f-0cfd92a1650c for 120108ms
2019-09-17 06:02:03,065 [EventQueue-PipelineActionsForPipelineActionHandler] INFO  pipeline.SCMPipelineManager (SCMPipelineManager.java:finalizeAndDestroyPipeline(311)) - destroying pipeline:Pipeline[ Id: 28c3b40f-4470-4af7-82e9-cbf25e866eaa, Nodes: c5233a29-19a6-42e1-869f-0cfd92a1650c{ip: 192.168.34.7, host: pr-hdds-2132-5g9kv-3389001449, networkLocation: /default-rack, certSerialId: null}3ec0bce2-5a80-4efc-b2ca-bab81cc18a9f{ip: 192.168.34.7, host: pr-hdds-2132-5g9kv-3389001449, networkLocation: /default-rack, certSerialId: null}f6013552-a382-44c6-bdc3-8253bd9e054c{ip: 192.168.34.7, host: pr-hdds-2132-5g9kv-3389001449, networkLocation: /default-rack, certSerialId: null}, Type:RATIS, Factor:THREE, State:OPEN]
2019-09-17 06:02:03,066 [EventQueue-PipelineActionsForPipelineActionHandler] INFO  pipeline.PipelineStateManager (PipelineStateManager.java:finalizePipeline(123)) - Pipeline Pipeline[ Id: 28c3b40f-4470-4af7-82e9-cbf25e866eaa, Nodes: c5233a29-19a6-42e1-869f-0cfd92a1650c{ip: 192.168.34.7, host: pr-hdds-2132-5g9kv-3389001449, networkLocation: /default-rack, certSerialId: null}3ec0bce2-5a80-4efc-b2ca-bab81cc18a9f{ip: 192.168.34.7, host: pr-hdds-2132-5g9kv-3389001449, networkLocation: /default-rack, certSerialId: null}f6013552-a382-44c6-bdc3-8253bd9e054c{ip: 192.168.34.7, host: pr-hdds-2132-5g9kv-3389001449, networkLocation: /default-rack, certSerialId: null}, Type:RATIS, Factor:THREE, State:CLOSED] moved to CLOSED state
2019-09-17 06:02:03,066 [EventQueue-CloseContainerForCloseContainerEventHandler] INFO  container.CloseContainerEventHandler (CloseContainerEventHandler.java:onMessage(61)) - Close container Event triggered for container : #4
2019-09-17 06:02:03,067 [EventQueue-CloseContainerForCloseContainerEventHandler] INFO  container.CloseContainerEventHandler (CloseContainerEventHandler.java:onMessage(61)) - Close container Event triggered for container : #5
2019-09-17 06:02:03,511 [java.util.concurrent.ThreadPoolExecutor$Worker@457453c9[State = -1, empty queue]] WARN  server.GrpcLogAppender (GrpcLogAppender.java:timeoutAppendRequest(200)) - 3ec0bce2-5a80-4efc-b2ca-bab81cc18a9f@group-CBF25E866EAA->f6013552-a382-44c6-bdc3-8253bd9e054c-GrpcLogAppender: appendEntries Timeout, request=3ec0bce2-5a80-4efc-b2ca-bab81cc18a9f->f6013552-a382-44c6-bdc3-8253bd9e054c#60-t1, previous=(t:1, i:12), leaderCommit=6, initializing? false, entries: <empty>
2019-09-17 06:02:03,511 [java.util.concurrent.ThreadPoolExecutor$Worker@2971b8e1[State = -1, empty queue]] WARN  server.GrpcLogAppender (GrpcLogAppender.java:timeoutAppendRequest(200)) - 3ec0bce2-5a80-4efc-b2ca-bab81cc18a9f@group-CBF25E866EAA->c5233a29-19a6-42e1-869f-0cfd92a1650c-GrpcLogAppender: appendEntries Timeout, request=3ec0bce2-5a80-4efc-b2ca-bab81cc18a9f->c5233a29-19a6-42e1-869f-0cfd92a1650c#60-t1, previous=(t:1, i:12), leaderCommit=6, initializing? false, entries: <empty>
2019-09-17 06:02:04,000 [grpc-default-executor-1] INFO  client.GrpcClientProtocolClient (GrpcClientProtocolClient.java:onNext(264)) - client-EE883D609918->c5233a29-19a6-42e1-869f-0cfd92a1650c: receive RaftClientReply:client-EE883D609918->c5233a29-19a6-42e1-869f-0cfd92a1650c@group-CBF25E866EAA, cid=39, FAILED org.apache.ratis.protocol.NotLeaderException: Server c5233a29-19a6-42e1-869f-0cfd92a1650c@group-CBF25E866EAA is not the leader 3ec0bce2-5a80-4efc-b2ca-bab81cc18a9f:192.168.34.7:33921, logIndex=0, commits[c5233a29-19a6-42e1-869f-0cfd92a1650c:c6, f6013552-a382-44c6-bdc3-8253bd9e054c:c4, 3ec0bce2-5a80-4efc-b2ca-bab81cc18a9f:c6]
2019-09-17 06:02:05,511 [org.apache.ratis.server.impl.LogAppender$AppenderDaemon$$Lambda$508/456872507@3fae9b8d] ERROR ratis.XceiverServerRatis (XceiverServerRatis.java:triggerPipelineClose(575)) - pipeline Action CLOSE  on pipeline PipelineID=28c3b40f-4470-4af7-82e9-cbf25e866eaa.Reason : 3ec0bce2-5a80-4efc-b2ca-bab81cc18a9f has not seen follower/s f6013552-a382-44c6-bdc3-8253bd9e054c for 122608ms c5233a29-19a6-42e1-869f-0cfd92a1650c for 122608ms
2019-09-17 06:02:05,511 [org.apache.ratis.server.impl.LogAppender$AppenderDaemon$$Lambda$508/456872507@6c2757a5] ERROR ratis.XceiverServerRatis (XceiverServerRatis.java:triggerPipelineClose(575)) - pipeline Action CLOSE  on pipeline PipelineID=28c3b40f-4470-4af7-82e9-cbf25e866eaa.Reason : 3ec0bce2-5a80-4efc-b2ca-bab81cc18a9f has not seen follower/s f6013552-a382-44c6-bdc3-8253bd9e054c for 122608ms c5233a29-19a6-42e1-869f-0cfd92a1650c for 122608ms
2019-09-17 06:02:06,014 [java.util.concurrent.ThreadPoolExecutor$Worker@2971b8e1[State = -1, empty queue]] WARN  server.GrpcLogAppender (GrpcLogAppender.java:timeoutAppendRequest(200)) - 3ec0bce2-5a80-4efc-b2ca-bab81cc18a9f@group-CBF25E866EAA->c5233a29-19a6-42e1-869f-0cfd92a1650c-GrpcLogAppender: appendEntries Timeout, request=3ec0bce2-5a80-4efc-b2ca-bab81cc18a9f->c5233a29-19a6-42e1-869f-0cfd92a1650c#61-t1, previous=(t:1, i:12), leaderCommit=6, initializing? false, entries: <empty>
2019-09-17 06:02:06,014 [java.util.concurrent.ThreadPoolExecutor$Worker@457453c9[State = -1, empty queue]] WARN  server.GrpcLogAppender (GrpcLogAppender.java:timeoutAppendRequest(200)) - 3ec0bce2-5a80-4efc-b2ca-bab81cc18a9f@group-CBF25E866EAA->f6013552-a382-44c6-bdc3-8253bd9e054c-GrpcLogAppender: appendEntries Timeout, request=3ec0bce2-5a80-4efc-b2ca-bab81cc18a9f->f6013552-a382-44c6-bdc3-8253bd9e054c#61-t1, previous=(t:1, i:12), leaderCommit=6, initializing? false, entries: <empty>
2019-09-17 06:02:06,064 [EventQueue-PipelineActionsForPipelineActionHandler] ERROR pipeline.PipelineActionHandler (PipelineActionHandler.java:onMessage(60)) - Received pipeline action CLOSE for Pipeline[ Id: 28c3b40f-4470-4af7-82e9-cbf25e866eaa, Nodes: c5233a29-19a6-42e1-869f-0cfd92a1650c{ip: 192.168.34.7, host: pr-hdds-2132-5g9kv-3389001449, networkLocation: /default-rack, certSerialId: null}3ec0bce2-5a80-4efc-b2ca-bab81cc18a9f{ip: 192.168.34.7, host: pr-hdds-2132-5g9kv-3389001449, networkLocation: /default-rack, certSerialId: null}f6013552-a382-44c6-bdc3-8253bd9e054c{ip: 192.168.34.7, host: pr-hdds-2132-5g9kv-3389001449, networkLocation: /default-rack, certSerialId: null}, Type:RATIS, Factor:THREE, State:CLOSED] from datanode 3ec0bce2-5a80-4efc-b2ca-bab81cc18a9f{ip: 192.168.34.7, host: pr-hdds-2132-5g9kv-3389001449, networkLocation: /default-rack, certSerialId: null}. Reason : 3ec0bce2-5a80-4efc-b2ca-bab81cc18a9f has not seen follower/s f6013552-a382-44c6-bdc3-8253bd9e054c for 122608ms c5233a29-19a6-42e1-869f-0cfd92a1650c for 122608ms
2019-09-17 06:02:06,064 [EventQueue-PipelineActionsForPipelineActionHandler] INFO  pipeline.SCMPipelineManager (SCMPipelineManager.java:finalizeAndDestroyPipeline(311)) - destroying pipeline:Pipeline[ Id: 28c3b40f-4470-4af7-82e9-cbf25e866eaa, Nodes: c5233a29-19a6-42e1-869f-0cfd92a1650c{ip: 192.168.34.7, host: pr-hdds-2132-5g9kv-3389001449, networkLocation: /default-rack, certSerialId: null}3ec0bce2-5a80-4efc-b2ca-bab81cc18a9f{ip: 192.168.34.7, host: pr-hdds-2132-5g9kv-3389001449, networkLocation: /default-rack, certSerialId: null}f6013552-a382-44c6-bdc3-8253bd9e054c{ip: 192.168.34.7, host: pr-hdds-2132-5g9kv-3389001449, networkLocation: /default-rack, certSerialId: null}, Type:RATIS, Factor:THREE, State:CLOSED]
2019-09-17 06:02:06,082 [org.apache.ratis.server.impl.LogAppender$AppenderDaemon$$Lambda$508/456872507@3fae9b8d] ERROR ratis.XceiverServerRatis (XceiverServerRatis.java:triggerPipelineClose(575)) - pipeline Action CLOSE  on pipeline PipelineID=28c3b40f-4470-4af7-82e9-cbf25e866eaa.Reason : 3ec0bce2-5a80-4efc-b2ca-bab81cc18a9f has not seen follower/s f6013552-a382-44c6-bdc3-8253bd9e054c for 123179ms c5233a29-19a6-42e1-869f-0cfd92a1650c for 123178ms
2019-09-17 06:02:06,082 [org.apache.ratis.server.impl.LogAppender$AppenderDaemon$$Lambda$508/456872507@6c2757a5] ERROR ratis.XceiverServerRatis (XceiverServerRatis.java:triggerPipelineClose(575)) - pipeline Action CLOSE  on pipeline PipelineID=28c3b40f-4470-4af7-82e9-cbf25e866eaa.Reason : 3ec0bce2-5a80-4efc-b2ca-bab81cc18a9f has not seen follower/s f6013552-a382-44c6-bdc3-8253bd9e054c for 123179ms c5233a29-19a6-42e1-869f-0cfd92a1650c for 123178ms
2019-09-17 06:02:07,081 [EventQueue-PipelineActionsForPipelineActionHandler] ERROR pipeline.PipelineActionHandler (PipelineActionHandler.java:onMessage(60)) - Received pipeline action CLOSE for Pipeline[ Id: 28c3b40f-4470-4af7-82e9-cbf25e866eaa, Nodes: c5233a29-19a6-42e1-869f-0cfd92a1650c{ip: 192.168.34.7, host: pr-hdds-2132-5g9kv-3389001449, networkLocation: /default-rack, certSerialId: null}3ec0bce2-5a80-4efc-b2ca-bab81cc18a9f{ip: 192.168.34.7, host: pr-hdds-2132-5g9kv-3389001449, networkLocation: /default-rack, certSerialId: null}f6013552-a382-44c6-bdc3-8253bd9e054c{ip: 192.168.34.7, host: pr-hdds-2132-5g9kv-3389001449, networkLocation: /default-rack, certSerialId: null}, Type:RATIS, Factor:THREE, State:CLOSED] from datanode 3ec0bce2-5a80-4efc-b2ca-bab81cc18a9f{ip: 192.168.34.7, host: pr-hdds-2132-5g9kv-3389001449, networkLocation: /default-rack, certSerialId: null}. Reason : 3ec0bce2-5a80-4efc-b2ca-bab81cc18a9f has not seen follower/s f6013552-a382-44c6-bdc3-8253bd9e054c for 123179ms c5233a29-19a6-42e1-869f-0cfd92a1650c for 123178ms
2019-09-17 06:02:07,081 [EventQueue-PipelineActionsForPipelineActionHandler] INFO  pipeline.SCMPipelineManager (SCMPipelineManager.java:finalizeAndDestroyPipeline(311)) - destroying pipeline:Pipeline[ Id: 28c3b40f-4470-4af7-82e9-cbf25e866eaa, Nodes: c5233a29-19a6-42e1-869f-0cfd92a1650c{ip: 192.168.34.7, host: pr-hdds-2132-5g9kv-3389001449, networkLocation: /default-rack, certSerialId: null}3ec0bce2-5a80-4efc-b2ca-bab81cc18a9f{ip: 192.168.34.7, host: pr-hdds-2132-5g9kv-3389001449, networkLocation: /default-rack, certSerialId: null}f6013552-a382-44c6-bdc3-8253bd9e054c{ip: 192.168.34.7, host: pr-hdds-2132-5g9kv-3389001449, networkLocation: /default-rack, certSerialId: null}, Type:RATIS, Factor:THREE, State:CLOSED]
2019-09-17 06:02:08,511 [java.util.concurrent.ThreadPoolExecutor$Worker@457453c9[State = -1, empty queue]] WARN  server.GrpcLogAppender (GrpcLogAppender.java:timeoutAppendRequest(200)) - 3ec0bce2-5a80-4efc-b2ca-bab81cc18a9f@group-CBF25E866EAA->f6013552-a382-44c6-bdc3-8253bd9e054c-GrpcLogAppender: appendEntries Timeout, request=3ec0bce2-5a80-4efc-b2ca-bab81cc18a9f->f6013552-a382-44c6-bdc3-8253bd9e054c#62-t1, previous=(t:1, i:12), leaderCommit=6, initializing? false, entries: <empty>
2019-09-17 06:02:08,511 [java.util.concurrent.ThreadPoolExecutor$Worker@2971b8e1[State = -1, empty queue]] WARN  server.GrpcLogAppender (GrpcLogAppender.java:timeoutAppendRequest(200)) - 3ec0bce2-5a80-4efc-b2ca-bab81cc18a9f@group-CBF25E866EAA->c5233a29-19a6-42e1-869f-0cfd92a1650c-GrpcLogAppender: appendEntries Timeout, request=3ec0bce2-5a80-4efc-b2ca-bab81cc18a9f->c5233a29-19a6-42e1-869f-0cfd92a1650c#62-t1, previous=(t:1, i:12), leaderCommit=6, initializing? false, entries: <empty>
2019-09-17 06:02:08,582 [org.apache.ratis.server.impl.LogAppender$AppenderDaemon$$Lambda$508/456872507@6c2757a5] ERROR ratis.XceiverServerRatis (XceiverServerRatis.java:triggerPipelineClose(575)) - pipeline Action CLOSE  on pipeline PipelineID=28c3b40f-4470-4af7-82e9-cbf25e866eaa.Reason : 3ec0bce2-5a80-4efc-b2ca-bab81cc18a9f has not seen follower/s f6013552-a382-44c6-bdc3-8253bd9e054c for 125679ms c5233a29-19a6-42e1-869f-0cfd92a1650c for 125679ms
2019-09-17 06:02:08,582 [org.apache.ratis.server.impl.LogAppender$AppenderDaemon$$Lambda$508/456872507@3fae9b8d] ERROR ratis.XceiverServerRatis (XceiverServerRatis.java:triggerPipelineClose(575)) - pipeline Action CLOSE  on pipeline PipelineID=28c3b40f-4470-4af7-82e9-cbf25e866eaa.Reason : 3ec0bce2-5a80-4efc-b2ca-bab81cc18a9f has not seen follower/s f6013552-a382-44c6-bdc3-8253bd9e054c for 125679ms c5233a29-19a6-42e1-869f-0cfd92a1650c for 125679ms
2019-09-17 06:02:09,030 [grpc-default-executor-1] INFO  client.GrpcClientProtocolClient (GrpcClientProtocolClient.java:onNext(264)) - client-EE883D609918->c5233a29-19a6-42e1-869f-0cfd92a1650c: receive RaftClientReply:client-EE883D609918->c5233a29-19a6-42e1-869f-0cfd92a1650c@group-CBF25E866EAA, cid=39, FAILED org.apache.ratis.protocol.NotLeaderException: Server c5233a29-19a6-42e1-869f-0cfd92a1650c@group-CBF25E866EAA is not the leader 3ec0bce2-5a80-4efc-b2ca-bab81cc18a9f:192.168.34.7:33921, logIndex=0, commits[c5233a29-19a6-42e1-869f-0cfd92a1650c:c6, f6013552-a382-44c6-bdc3-8253bd9e054c:c4, 3ec0bce2-5a80-4efc-b2ca-bab81cc18a9f:c6]
2019-09-17 06:02:09,080 [EventQueue-PipelineActionsForPipelineActionHandler] ERROR pipeline.PipelineActionHandler (PipelineActionHandler.java:onMessage(60)) - Received pipeline action CLOSE for Pipeline[ Id: 28c3b40f-4470-4af7-82e9-cbf25e866eaa, Nodes: c5233a29-19a6-42e1-869f-0cfd92a1650c{ip: 192.168.34.7, host: pr-hdds-2132-5g9kv-3389001449, networkLocation: /default-rack, certSerialId: null}3ec0bce2-5a80-4efc-b2ca-bab81cc18a9f{ip: 192.168.34.7, host: pr-hdds-2132-5g9kv-3389001449, networkLocation: /default-rack, certSerialId: null}f6013552-a382-44c6-bdc3-8253bd9e054c{ip: 192.168.34.7, host: pr-hdds-2132-5g9kv-3389001449, networkLocation: /default-rack, certSerialId: null}, Type:RATIS, Factor:THREE, State:CLOSED] from datanode 3ec0bce2-5a80-4efc-b2ca-bab81cc18a9f{ip: 192.168.34.7, host: pr-hdds-2132-5g9kv-3389001449, networkLocation: /default-rack, certSerialId: null}. Reason : 3ec0bce2-5a80-4efc-b2ca-bab81cc18a9f has not seen follower/s f6013552-a382-44c6-bdc3-8253bd9e054c for 125679ms c5233a29-19a6-42e1-869f-0cfd92a1650c for 125679ms
2019-09-17 06:02:09,081 [EventQueue-PipelineActionsForPipelineActionHandler] INFO  pipeline.SCMPipelineManager (SCMPipelineManager.java:finalizeAndDestroyPipeline(311)) - destroying pipeline:Pipeline[ Id: 28c3b40f-4470-4af7-82e9-cbf25e866eaa, Nodes: c5233a29-19a6-42e1-869f-0cfd92a1650c{ip: 192.168.34.7, host: pr-hdds-2132-5g9kv-3389001449, networkLocation: /default-rack, certSerialId: null}3ec0bce2-5a80-4efc-b2ca-bab81cc18a9f{ip: 192.168.34.7, host: pr-hdds-2132-5g9kv-3389001449, networkLocation: /default-rack, certSerialId: null}f6013552-a382-44c6-bdc3-8253bd9e054c{ip: 192.168.34.7, host: pr-hdds-2132-5g9kv-3389001449, networkLocation: /default-rack, certSerialId: null}, Type:RATIS, Factor:THREE, State:CLOSED]
2019-09-17 06:02:09,082 [java.util.concurrent.ThreadPoolExecutor$Worker@2971b8e1[State = -1, empty queue]] WARN  server.GrpcLogAppender (GrpcLogAppender.java:timeoutAppendRequest(200)) - 3ec0bce2-5a80-4efc-b2ca-bab81cc18a9f@group-CBF25E866EAA->c5233a29-19a6-42e1-869f-0cfd92a1650c-GrpcLogAppender: appendEntries Timeout, request=3ec0bce2-5a80-4efc-b2ca-bab81cc18a9f->c5233a29-19a6-42e1-869f-0cfd92a1650c#63-t1, previous=(t:1, i:12), leaderCommit=6, initializing? false, entries: size=1, first=(t:1, i:13), STATEMACHINELOGENTRY, client-80FF7481036A, cid=10
2019-09-17 06:02:09,082 [java.util.concurrent.ThreadPoolExecutor$Worker@457453c9[State = -1, empty queue]] WARN  server.GrpcLogAppender (GrpcLogAppender.java:timeoutAppendRequest(200)) - 3ec0bce2-5a80-4efc-b2ca-bab81cc18a9f@group-CBF25E866EAA->f6013552-a382-44c6-bdc3-8253bd9e054c-GrpcLogAppender: appendEntries Timeout, request=3ec0bce2-5a80-4efc-b2ca-bab81cc18a9f->f6013552-a382-44c6-bdc3-8253bd9e054c#63-t1, previous=(t:1, i:12), leaderCommit=6, initializing? false, entries: size=1, first=(t:1, i:13), STATEMACHINELOGENTRY, client-80FF7481036A, cid=10
2019-09-17 06:02:11,083 [org.apache.ratis.server.impl.LogAppender$AppenderDaemon$$Lambda$508/456872507@6c2757a5] ERROR ratis.XceiverServerRatis (XceiverServerRatis.java:triggerPipelineClose(575)) - pipeline Action CLOSE  on pipeline PipelineID=28c3b40f-4470-4af7-82e9-cbf25e866eaa.Reason : 3ec0bce2-5a80-4efc-b2ca-bab81cc18a9f has not seen follower/s f6013552-a382-44c6-bdc3-8253bd9e054c for 128180ms c5233a29-19a6-42e1-869f-0cfd92a1650c for 128180ms
2019-09-17 06:02:11,083 [org.apache.ratis.server.impl.LogAppender$AppenderDaemon$$Lambda$508/456872507@3fae9b8d] ERROR ratis.XceiverServerRatis (XceiverServerRatis.java:triggerPipelineClose(575)) - pipeline Action CLOSE  on pipeline PipelineID=28c3b40f-4470-4af7-82e9-cbf25e866eaa.Reason : 3ec0bce2-5a80-4efc-b2ca-bab81cc18a9f has not seen follower/s f6013552-a382-44c6-bdc3-8253bd9e054c for 128180ms c5233a29-19a6-42e1-869f-0cfd92a1650c for 128180ms
2019-09-17 06:02:11,582 [java.util.concurrent.ThreadPoolExecutor$Worker@457453c9[State = -1, empty queue]] WARN  server.GrpcLogAppender (GrpcLogAppender.java:timeoutAppendRequest(200)) - 3ec0bce2-5a80-4efc-b2ca-bab81cc18a9f@group-CBF25E866EAA->f6013552-a382-44c6-bdc3-8253bd9e054c-GrpcLogAppender: appendEntries Timeout, request=3ec0bce2-5a80-4efc-b2ca-bab81cc18a9f->f6013552-a382-44c6-bdc3-8253bd9e054c#64-t1, previous=(t:1, i:13), leaderCommit=6, initializing? false, entries: <empty>
2019-09-17 06:02:11,582 [java.util.concurrent.ThreadPoolExecutor$Worker@2971b8e1[State = -1, empty queue]] WARN  server.GrpcLogAppender (GrpcLogAppender.java:timeoutAppendRequest(200)) - 3ec0bce2-5a80-4efc-b2ca-bab81cc18a9f@group-CBF25E866EAA->c5233a29-19a6-42e1-869f-0cfd92a1650c-GrpcLogAppender: appendEntries Timeout, request=3ec0bce2-5a80-4efc-b2ca-bab81cc18a9f->c5233a29-19a6-42e1-869f-0cfd92a1650c#64-t1, previous=(t:1, i:13), leaderCommit=6, initializing? false, entries: <empty>
2019-09-17 06:02:12,080 [EventQueue-PipelineActionsForPipelineActionHandler] ERROR pipeline.PipelineActionHandler (PipelineActionHandler.java:onMessage(60)) - Received pipeline action CLOSE for Pipeline[ Id: 28c3b40f-4470-4af7-82e9-cbf25e866eaa, Nodes: c5233a29-19a6-42e1-869f-0cfd92a1650c{ip: 192.168.34.7, host: pr-hdds-2132-5g9kv-3389001449, networkLocation: /default-rack, certSerialId: null}3ec0bce2-5a80-4efc-b2ca-bab81cc18a9f{ip: 192.168.34.7, host: pr-hdds-2132-5g9kv-3389001449, networkLocation: /default-rack, certSerialId: null}f6013552-a382-44c6-bdc3-8253bd9e054c{ip: 192.168.34.7, host: pr-hdds-2132-5g9kv-3389001449, networkLocation: /default-rack, certSerialId: null}, Type:RATIS, Factor:THREE, State:CLOSED] from datanode 3ec0bce2-5a80-4efc-b2ca-bab81cc18a9f{ip: 192.168.34.7, host: pr-hdds-2132-5g9kv-3389001449, networkLocation: /default-rack, certSerialId: null}. Reason : 3ec0bce2-5a80-4efc-b2ca-bab81cc18a9f has not seen follower/s f6013552-a382-44c6-bdc3-8253bd9e054c for 128180ms c5233a29-19a6-42e1-869f-0cfd92a1650c for 128180ms
2019-09-17 06:02:12,081 [EventQueue-PipelineActionsForPipelineActionHandler] INFO  pipeline.SCMPipelineManager (SCMPipelineManager.java:finalizeAndDestroyPipeline(311)) - destroying pipeline:Pipeline[ Id: 28c3b40f-4470-4af7-82e9-cbf25e866eaa, Nodes: c5233a29-19a6-42e1-869f-0cfd92a1650c{ip: 192.168.34.7, host: pr-hdds-2132-5g9kv-3389001449, networkLocation: /default-rack, certSerialId: null}3ec0bce2-5a80-4efc-b2ca-bab81cc18a9f{ip: 192.168.34.7, host: pr-hdds-2132-5g9kv-3389001449, networkLocation: /default-rack, certSerialId: null}f6013552-a382-44c6-bdc3-8253bd9e054c{ip: 192.168.34.7, host: pr-hdds-2132-5g9kv-3389001449, networkLocation: /default-rack, certSerialId: null}, Type:RATIS, Factor:THREE, State:CLOSED]
2019-09-17 06:02:12,991 [3ec0bce2-5a80-4efc-b2ca-bab81cc18a9f@group-CBF25E866EAA-SegmentedRaftLogWorker] WARN  segmented.SegmentedRaftLogWorker (SegmentedRaftLogWorker.java:getFromFuture(90)) - Timeout 12/~
org.apache.ratis.protocol.TimeoutIOException: Timeout 10s: WriteLog:7: (t:1, i:7), STATEMACHINELOGENTRY, client-EE883D609918, cid=39-writeStateMachineData
	at org.apache.ratis.util.IOUtils.getFromFuture(IOUtils.java:87)
	at org.apache.ratis.server.raftlog.segmented.SegmentedRaftLogWorker$StateMachineDataPolicy.getFromFuture(SegmentedRaftLogWorker.java:87)
	at org.apache.ratis.server.raftlog.segmented.SegmentedRaftLogWorker$WriteLog.execute(SegmentedRaftLogWorker.java:477)
	at org.apache.ratis.server.raftlog.segmented.SegmentedRaftLogWorker.run(SegmentedRaftLogWorker.java:289)
	at java.lang.Thread.run(Thread.java:748)
Caused by: java.util.concurrent.TimeoutException
	at java.util.concurrent.CompletableFuture.timedGet(CompletableFuture.java:1771)
	at java.util.concurrent.CompletableFuture.get(CompletableFuture.java:1915)
	at org.apache.ratis.util.IOUtils.getFromFuture(IOUtils.java:79)
	... 4 more
2019-09-17 06:02:12,997 [f6013552-a382-44c6-bdc3-8253bd9e054c@group-CBF25E866EAA-SegmentedRaftLogWorker] WARN  segmented.SegmentedRaftLogWorker (SegmentedRaftLogWorker.java:getFromFuture(90)) - Timeout 12/~
org.apache.ratis.protocol.TimeoutIOException: Timeout 10s: WriteLog:7: (t:1, i:7), STATEMACHINELOGENTRY, client-EE883D609918, cid=39-writeStateMachineData
	at org.apache.ratis.util.IOUtils.getFromFuture(IOUtils.java:87)
	at org.apache.ratis.server.raftlog.segmented.SegmentedRaftLogWorker$StateMachineDataPolicy.getFromFuture(SegmentedRaftLogWorker.java:87)
	at org.apache.ratis.server.raftlog.segmented.SegmentedRaftLogWorker$WriteLog.execute(SegmentedRaftLogWorker.java:477)
	at org.apache.ratis.server.raftlog.segmented.SegmentedRaftLogWorker.run(SegmentedRaftLogWorker.java:289)
	at java.lang.Thread.run(Thread.java:748)
Caused by: java.util.concurrent.TimeoutException
	at java.util.concurrent.CompletableFuture.timedGet(CompletableFuture.java:1771)
	at java.util.concurrent.CompletableFuture.get(CompletableFuture.java:1915)
	at org.apache.ratis.util.IOUtils.getFromFuture(IOUtils.java:79)
	... 4 more
2019-09-17 06:02:12,998 [c5233a29-19a6-42e1-869f-0cfd92a1650c@group-CBF25E866EAA-SegmentedRaftLogWorker] WARN  segmented.SegmentedRaftLogWorker (SegmentedRaftLogWorker.java:getFromFuture(90)) - Timeout 12/~
org.apache.ratis.protocol.TimeoutIOException: Timeout 10s: WriteLog:7: (t:1, i:7), STATEMACHINELOGENTRY, client-EE883D609918, cid=39-writeStateMachineData
	at org.apache.ratis.util.IOUtils.getFromFuture(IOUtils.java:87)
	at org.apache.ratis.server.raftlog.segmented.SegmentedRaftLogWorker$StateMachineDataPolicy.getFromFuture(SegmentedRaftLogWorker.java:87)
	at org.apache.ratis.server.raftlog.segmented.SegmentedRaftLogWorker$WriteLog.execute(SegmentedRaftLogWorker.java:477)
	at org.apache.ratis.server.raftlog.segmented.SegmentedRaftLogWorker.run(SegmentedRaftLogWorker.java:289)
	at java.lang.Thread.run(Thread.java:748)
Caused by: java.util.concurrent.TimeoutException
	at java.util.concurrent.CompletableFuture.timedGet(CompletableFuture.java:1771)
	at java.util.concurrent.CompletableFuture.get(CompletableFuture.java:1915)
	at org.apache.ratis.util.IOUtils.getFromFuture(IOUtils.java:79)
	... 4 more
2019-09-17 06:02:13,585 [org.apache.ratis.server.impl.LogAppender$AppenderDaemon$$Lambda$508/456872507@6c2757a5] ERROR ratis.XceiverServerRatis (XceiverServerRatis.java:triggerPipelineClose(575)) - pipeline Action CLOSE  on pipeline PipelineID=28c3b40f-4470-4af7-82e9-cbf25e866eaa.Reason : 3ec0bce2-5a80-4efc-b2ca-bab81cc18a9f has not seen follower/s f6013552-a382-44c6-bdc3-8253bd9e054c for 130681ms c5233a29-19a6-42e1-869f-0cfd92a1650c for 130681ms
2019-09-17 06:02:13,585 [org.apache.ratis.server.impl.LogAppender$AppenderDaemon$$Lambda$508/456872507@3fae9b8d] ERROR ratis.XceiverServerRatis (XceiverServerRatis.java:triggerPipelineClose(575)) - pipeline Action CLOSE  on pipeline PipelineID=28c3b40f-4470-4af7-82e9-cbf25e866eaa.Reason : 3ec0bce2-5a80-4efc-b2ca-bab81cc18a9f has not seen follower/s f6013552-a382-44c6-bdc3-8253bd9e054c for 130681ms c5233a29-19a6-42e1-869f-0cfd92a1650c for 130681ms
2019-09-17 06:02:14,080 [grpc-default-executor-1] INFO  client.GrpcClientProtocolClient (GrpcClientProtocolClient.java:onNext(264)) - client-EE883D609918->f6013552-a382-44c6-bdc3-8253bd9e054c: receive RaftClientReply:client-EE883D609918->f6013552-a382-44c6-bdc3-8253bd9e054c@group-CBF25E866EAA, cid=39, FAILED org.apache.ratis.protocol.NotLeaderException: Server f6013552-a382-44c6-bdc3-8253bd9e054c@group-CBF25E866EAA is not the leader 3ec0bce2-5a80-4efc-b2ca-bab81cc18a9f:192.168.34.7:33921, logIndex=0, commits[f6013552-a382-44c6-bdc3-8253bd9e054c:c6, c5233a29-19a6-42e1-869f-0cfd92a1650c:c4, 3ec0bce2-5a80-4efc-b2ca-bab81cc18a9f:c6]
2019-09-17 06:02:14,089 [java.util.concurrent.ThreadPoolExecutor$Worker@2971b8e1[State = -1, empty queue]] WARN  server.GrpcLogAppender (GrpcLogAppender.java:timeoutAppendRequest(200)) - 3ec0bce2-5a80-4efc-b2ca-bab81cc18a9f@group-CBF25E866EAA->c5233a29-19a6-42e1-869f-0cfd92a1650c-GrpcLogAppender: appendEntries Timeout, request=3ec0bce2-5a80-4efc-b2ca-bab81cc18a9f->c5233a29-19a6-42e1-869f-0cfd92a1650c#65-t1, previous=(t:1, i:13), leaderCommit=6, initializing? false, entries: <empty>
2019-09-17 06:02:14,089 [java.util.concurrent.ThreadPoolExecutor$Worker@457453c9[State = -1, empty queue]] WARN  server.GrpcLogAppender (GrpcLogAppender.java:timeoutAppendRequest(200)) - 3ec0bce2-5a80-4efc-b2ca-bab81cc18a9f@group-CBF25E866EAA->f6013552-a382-44c6-bdc3-8253bd9e054c-GrpcLogAppender: appendEntries Timeout, request=3ec0bce2-5a80-4efc-b2ca-bab81cc18a9f->f6013552-a382-44c6-bdc3-8253bd9e054c#65-t1, previous=(t:1, i:13), leaderCommit=6, initializing? false, entries: <empty>
2019-09-17 06:02:14,089 [EventQueue-PipelineActionsForPipelineActionHandler] ERROR pipeline.PipelineActionHandler (PipelineActionHandler.java:onMessage(60)) - Received pipeline action CLOSE for Pipeline[ Id: 28c3b40f-4470-4af7-82e9-cbf25e866eaa, Nodes: c5233a29-19a6-42e1-869f-0cfd92a1650c{ip: 192.168.34.7, host: pr-hdds-2132-5g9kv-3389001449, networkLocation: /default-rack, certSerialId: null}3ec0bce2-5a80-4efc-b2ca-bab81cc18a9f{ip: 192.168.34.7, host: pr-hdds-2132-5g9kv-3389001449, networkLocation: /default-rack, certSerialId: null}f6013552-a382-44c6-bdc3-8253bd9e054c{ip: 192.168.34.7, host: pr-hdds-2132-5g9kv-3389001449, networkLocation: /default-rack, certSerialId: null}, Type:RATIS, Factor:THREE, State:CLOSED] from datanode 3ec0bce2-5a80-4efc-b2ca-bab81cc18a9f{ip: 192.168.34.7, host: pr-hdds-2132-5g9kv-3389001449, networkLocation: /default-rack, certSerialId: null}. Reason : 3ec0bce2-5a80-4efc-b2ca-bab81cc18a9f has not seen follower/s f6013552-a382-44c6-bdc3-8253bd9e054c for 130681ms c5233a29-19a6-42e1-869f-0cfd92a1650c for 130681ms
2019-09-17 06:02:14,091 [EventQueue-PipelineActionsForPipelineActionHandler] INFO  pipeline.SCMPipelineManager (SCMPipelineManager.java:finalizeAndDestroyPipeline(311)) - destroying pipeline:Pipeline[ Id: 28c3b40f-4470-4af7-82e9-cbf25e866eaa, Nodes: c5233a29-19a6-42e1-869f-0cfd92a1650c{ip: 192.168.34.7, host: pr-hdds-2132-5g9kv-3389001449, networkLocation: /default-rack, certSerialId: null}3ec0bce2-5a80-4efc-b2ca-bab81cc18a9f{ip: 192.168.34.7, host: pr-hdds-2132-5g9kv-3389001449, networkLocation: /default-rack, certSerialId: null}f6013552-a382-44c6-bdc3-8253bd9e054c{ip: 192.168.34.7, host: pr-hdds-2132-5g9kv-3389001449, networkLocation: /default-rack, certSerialId: null}, Type:RATIS, Factor:THREE, State:CLOSED]
2019-09-17 06:02:16,085 [org.apache.ratis.server.impl.LogAppender$AppenderDaemon$$Lambda$508/456872507@3fae9b8d] ERROR ratis.XceiverServerRatis (XceiverServerRatis.java:triggerPipelineClose(575)) - pipeline Action CLOSE  on pipeline PipelineID=28c3b40f-4470-4af7-82e9-cbf25e866eaa.Reason : 3ec0bce2-5a80-4efc-b2ca-bab81cc18a9f has not seen follower/s f6013552-a382-44c6-bdc3-8253bd9e054c for 133182ms c5233a29-19a6-42e1-869f-0cfd92a1650c for 133182ms
2019-09-17 06:02:16,086 [org.apache.ratis.server.impl.LogAppender$AppenderDaemon$$Lambda$508/456872507@6c2757a5] ERROR ratis.XceiverServerRatis (XceiverServerRatis.java:triggerPipelineClose(575)) - pipeline Action CLOSE  on pipeline PipelineID=28c3b40f-4470-4af7-82e9-cbf25e866eaa.Reason : 3ec0bce2-5a80-4efc-b2ca-bab81cc18a9f has not seen follower/s f6013552-a382-44c6-bdc3-8253bd9e054c for 133183ms c5233a29-19a6-42e1-869f-0cfd92a1650c for 133182ms
2019-09-17 06:02:16,584 [java.util.concurrent.ThreadPoolExecutor$Worker@2971b8e1[State = -1, empty queue]] WARN  server.GrpcLogAppender (GrpcLogAppender.java:timeoutAppendRequest(200)) - 3ec0bce2-5a80-4efc-b2ca-bab81cc18a9f@group-CBF25E866EAA->c5233a29-19a6-42e1-869f-0cfd92a1650c-GrpcLogAppender: appendEntries Timeout, request=3ec0bce2-5a80-4efc-b2ca-bab81cc18a9f->c5233a29-19a6-42e1-869f-0cfd92a1650c#66-t1, previous=(t:1, i:13), leaderCommit=6, initializing? false, entries: <empty>
2019-09-17 06:02:16,585 [java.util.concurrent.ThreadPoolExecutor$Worker@457453c9[State = -1, empty queue]] WARN  server.GrpcLogAppender (GrpcLogAppender.java:timeoutAppendRequest(200)) - 3ec0bce2-5a80-4efc-b2ca-bab81cc18a9f@group-CBF25E866EAA->f6013552-a382-44c6-bdc3-8253bd9e054c-GrpcLogAppender: appendEntries Timeout, request=3ec0bce2-5a80-4efc-b2ca-bab81cc18a9f->f6013552-a382-44c6-bdc3-8253bd9e054c#66-t1, previous=(t:1, i:13), leaderCommit=6, initializing? false, entries: <empty>
2019-09-17 06:02:17,082 [EventQueue-PipelineActionsForPipelineActionHandler] ERROR pipeline.PipelineActionHandler (PipelineActionHandler.java:onMessage(60)) - Received pipeline action CLOSE for Pipeline[ Id: 28c3b40f-4470-4af7-82e9-cbf25e866eaa, Nodes: c5233a29-19a6-42e1-869f-0cfd92a1650c{ip: 192.168.34.7, host: pr-hdds-2132-5g9kv-3389001449, networkLocation: /default-rack, certSerialId: null}3ec0bce2-5a80-4efc-b2ca-bab81cc18a9f{ip: 192.168.34.7, host: pr-hdds-2132-5g9kv-3389001449, networkLocation: /default-rack, certSerialId: null}f6013552-a382-44c6-bdc3-8253bd9e054c{ip: 192.168.34.7, host: pr-hdds-2132-5g9kv-3389001449, networkLocation: /default-rack, certSerialId: null}, Type:RATIS, Factor:THREE, State:CLOSED] from datanode 3ec0bce2-5a80-4efc-b2ca-bab81cc18a9f{ip: 192.168.34.7, host: pr-hdds-2132-5g9kv-3389001449, networkLocation: /default-rack, certSerialId: null}. Reason : 3ec0bce2-5a80-4efc-b2ca-bab81cc18a9f has not seen follower/s f6013552-a382-44c6-bdc3-8253bd9e054c for 133182ms c5233a29-19a6-42e1-869f-0cfd92a1650c for 133182ms
2019-09-17 06:02:17,082 [EventQueue-PipelineActionsForPipelineActionHandler] INFO  pipeline.SCMPipelineManager (SCMPipelineManager.java:finalizeAndDestroyPipeline(311)) - destroying pipeline:Pipeline[ Id: 28c3b40f-4470-4af7-82e9-cbf25e866eaa, Nodes: c5233a29-19a6-42e1-869f-0cfd92a1650c{ip: 192.168.34.7, host: pr-hdds-2132-5g9kv-3389001449, networkLocation: /default-rack, certSerialId: null}3ec0bce2-5a80-4efc-b2ca-bab81cc18a9f{ip: 192.168.34.7, host: pr-hdds-2132-5g9kv-3389001449, networkLocation: /default-rack, certSerialId: null}f6013552-a382-44c6-bdc3-8253bd9e054c{ip: 192.168.34.7, host: pr-hdds-2132-5g9kv-3389001449, networkLocation: /default-rack, certSerialId: null}, Type:RATIS, Factor:THREE, State:CLOSED]
2019-09-17 06:02:18,586 [org.apache.ratis.server.impl.LogAppender$AppenderDaemon$$Lambda$508/456872507@3fae9b8d] ERROR ratis.XceiverServerRatis (XceiverServerRatis.java:triggerPipelineClose(575)) - pipeline Action CLOSE  on pipeline PipelineID=28c3b40f-4470-4af7-82e9-cbf25e866eaa.Reason : 3ec0bce2-5a80-4efc-b2ca-bab81cc18a9f has not seen follower/s f6013552-a382-44c6-bdc3-8253bd9e054c for 135683ms c5233a29-19a6-42e1-869f-0cfd92a1650c for 135683ms
2019-09-17 06:02:18,586 [org.apache.ratis.server.impl.LogAppender$AppenderDaemon$$Lambda$508/456872507@6c2757a5] ERROR ratis.XceiverServerRatis (XceiverServerRatis.java:triggerPipelineClose(575)) - pipeline Action CLOSE  on pipeline PipelineID=28c3b40f-4470-4af7-82e9-cbf25e866eaa.Reason : 3ec0bce2-5a80-4efc-b2ca-bab81cc18a9f has not seen follower/s f6013552-a382-44c6-bdc3-8253bd9e054c for 135683ms c5233a29-19a6-42e1-869f-0cfd92a1650c for 135683ms
2019-09-17 06:02:19,082 [EventQueue-PipelineActionsForPipelineActionHandler] ERROR pipeline.PipelineActionHandler (PipelineActionHandler.java:onMessage(60)) - Received pipeline action CLOSE for Pipeline[ Id: 28c3b40f-4470-4af7-82e9-cbf25e866eaa, Nodes: c5233a29-19a6-42e1-869f-0cfd92a1650c{ip: 192.168.34.7, host: pr-hdds-2132-5g9kv-3389001449, networkLocation: /default-rack, certSerialId: null}3ec0bce2-5a80-4efc-b2ca-bab81cc18a9f{ip: 192.168.34.7, host: pr-hdds-2132-5g9kv-3389001449, networkLocation: /default-rack, certSerialId: null}f6013552-a382-44c6-bdc3-8253bd9e054c{ip: 192.168.34.7, host: pr-hdds-2132-5g9kv-3389001449, networkLocation: /default-rack, certSerialId: null}, Type:RATIS, Factor:THREE, State:CLOSED] from datanode 3ec0bce2-5a80-4efc-b2ca-bab81cc18a9f{ip: 192.168.34.7, host: pr-hdds-2132-5g9kv-3389001449, networkLocation: /default-rack, certSerialId: null}. Reason : 3ec0bce2-5a80-4efc-b2ca-bab81cc18a9f has not seen follower/s f6013552-a382-44c6-bdc3-8253bd9e054c for 135683ms c5233a29-19a6-42e1-869f-0cfd92a1650c for 135683ms
2019-09-17 06:02:19,082 [EventQueue-PipelineActionsForPipelineActionHandler] INFO  pipeline.SCMPipelineManager (SCMPipelineManager.java:finalizeAndDestroyPipeline(311)) - destroying pipeline:Pipeline[ Id: 28c3b40f-4470-4af7-82e9-cbf25e866eaa, Nodes: c5233a29-19a6-42e1-869f-0cfd92a1650c{ip: 192.168.34.7, host: pr-hdds-2132-5g9kv-3389001449, networkLocation: /default-rack, certSerialId: null}3ec0bce2-5a80-4efc-b2ca-bab81cc18a9f{ip: 192.168.34.7, host: pr-hdds-2132-5g9kv-3389001449, networkLocation: /default-rack, certSerialId: null}f6013552-a382-44c6-bdc3-8253bd9e054c{ip: 192.168.34.7, host: pr-hdds-2132-5g9kv-3389001449, networkLocation: /default-rack, certSerialId: null}, Type:RATIS, Factor:THREE, State:CLOSED]
2019-09-17 06:02:19,085 [java.util.concurrent.ThreadPoolExecutor$Worker@457453c9[State = -1, empty queue]] WARN  server.GrpcLogAppender (GrpcLogAppender.java:timeoutAppendRequest(200)) - 3ec0bce2-5a80-4efc-b2ca-bab81cc18a9f@group-CBF25E866EAA->f6013552-a382-44c6-bdc3-8253bd9e054c-GrpcLogAppender: appendEntries Timeout, request=3ec0bce2-5a80-4efc-b2ca-bab81cc18a9f->f6013552-a382-44c6-bdc3-8253bd9e054c#67-t1, previous=(t:1, i:13), leaderCommit=6, initializing? false, entries: <empty>
2019-09-17 06:02:19,086 [java.util.concurrent.ThreadPoolExecutor$Worker@2971b8e1[State = -1, empty queue]] WARN  server.GrpcLogAppender (GrpcLogAppender.java:timeoutAppendRequest(200)) - 3ec0bce2-5a80-4efc-b2ca-bab81cc18a9f@group-CBF25E866EAA->c5233a29-19a6-42e1-869f-0cfd92a1650c-GrpcLogAppender: appendEntries Timeout, request=3ec0bce2-5a80-4efc-b2ca-bab81cc18a9f->c5233a29-19a6-42e1-869f-0cfd92a1650c#67-t1, previous=(t:1, i:13), leaderCommit=6, initializing? false, entries: <empty>
2019-09-17 06:02:19,126 [grpc-default-executor-1] INFO  client.GrpcClientProtocolClient (GrpcClientProtocolClient.java:onNext(264)) - client-EE883D609918->c5233a29-19a6-42e1-869f-0cfd92a1650c: receive RaftClientReply:client-EE883D609918->c5233a29-19a6-42e1-869f-0cfd92a1650c@group-CBF25E866EAA, cid=39, FAILED org.apache.ratis.protocol.NotLeaderException: Server c5233a29-19a6-42e1-869f-0cfd92a1650c@group-CBF25E866EAA is not the leader 3ec0bce2-5a80-4efc-b2ca-bab81cc18a9f:192.168.34.7:33921, logIndex=0, commits[c5233a29-19a6-42e1-869f-0cfd92a1650c:c6, f6013552-a382-44c6-bdc3-8253bd9e054c:c4, 3ec0bce2-5a80-4efc-b2ca-bab81cc18a9f:c6]
2019-09-17 06:02:21,088 [org.apache.ratis.server.impl.LogAppender$AppenderDaemon$$Lambda$508/456872507@6c2757a5] ERROR ratis.XceiverServerRatis (XceiverServerRatis.java:triggerPipelineClose(575)) - pipeline Action CLOSE  on pipeline PipelineID=28c3b40f-4470-4af7-82e9-cbf25e866eaa.Reason : 3ec0bce2-5a80-4efc-b2ca-bab81cc18a9f has not seen follower/s f6013552-a382-44c6-bdc3-8253bd9e054c for 138184ms c5233a29-19a6-42e1-869f-0cfd92a1650c for 138184ms
2019-09-17 06:02:21,088 [org.apache.ratis.server.impl.LogAppender$AppenderDaemon$$Lambda$508/456872507@3fae9b8d] ERROR ratis.XceiverServerRatis (XceiverServerRatis.java:triggerPipelineClose(575)) - pipeline Action CLOSE  on pipeline PipelineID=28c3b40f-4470-4af7-82e9-cbf25e866eaa.Reason : 3ec0bce2-5a80-4efc-b2ca-bab81cc18a9f has not seen follower/s f6013552-a382-44c6-bdc3-8253bd9e054c for 138184ms c5233a29-19a6-42e1-869f-0cfd92a1650c for 138184ms
2019-09-17 06:02:21,586 [java.util.concurrent.ThreadPoolExecutor$Worker@457453c9[State = -1, empty queue]] WARN  server.GrpcLogAppender (GrpcLogAppender.java:timeoutAppendRequest(200)) - 3ec0bce2-5a80-4efc-b2ca-bab81cc18a9f@group-CBF25E866EAA->f6013552-a382-44c6-bdc3-8253bd9e054c-GrpcLogAppender: appendEntries Timeout, request=3ec0bce2-5a80-4efc-b2ca-bab81cc18a9f->f6013552-a382-44c6-bdc3-8253bd9e054c#68-t1, previous=(t:1, i:13), leaderCommit=6, initializing? false, entries: <empty>
2019-09-17 06:02:21,586 [java.util.concurrent.ThreadPoolExecutor$Worker@2971b8e1[State = -1, empty queue]] WARN  server.GrpcLogAppender (GrpcLogAppender.java:timeoutAppendRequest(200)) - 3ec0bce2-5a80-4efc-b2ca-bab81cc18a9f@group-CBF25E866EAA->c5233a29-19a6-42e1-869f-0cfd92a1650c-GrpcLogAppender: appendEntries Timeout, request=3ec0bce2-5a80-4efc-b2ca-bab81cc18a9f->c5233a29-19a6-42e1-869f-0cfd92a1650c#68-t1, previous=(t:1, i:13), leaderCommit=6, initializing? false, entries: <empty>
2019-09-17 06:02:22,084 [EventQueue-PipelineActionsForPipelineActionHandler] ERROR pipeline.PipelineActionHandler (PipelineActionHandler.java:onMessage(60)) - Received pipeline action CLOSE for Pipeline[ Id: 28c3b40f-4470-4af7-82e9-cbf25e866eaa, Nodes: c5233a29-19a6-42e1-869f-0cfd92a1650c{ip: 192.168.34.7, host: pr-hdds-2132-5g9kv-3389001449, networkLocation: /default-rack, certSerialId: null}3ec0bce2-5a80-4efc-b2ca-bab81cc18a9f{ip: 192.168.34.7, host: pr-hdds-2132-5g9kv-3389001449, networkLocation: /default-rack, certSerialId: null}f6013552-a382-44c6-bdc3-8253bd9e054c{ip: 192.168.34.7, host: pr-hdds-2132-5g9kv-3389001449, networkLocation: /default-rack, certSerialId: null}, Type:RATIS, Factor:THREE, State:CLOSED] from datanode 3ec0bce2-5a80-4efc-b2ca-bab81cc18a9f{ip: 192.168.34.7, host: pr-hdds-2132-5g9kv-3389001449, networkLocation: /default-rack, certSerialId: null}. Reason : 3ec0bce2-5a80-4efc-b2ca-bab81cc18a9f has not seen follower/s f6013552-a382-44c6-bdc3-8253bd9e054c for 138184ms c5233a29-19a6-42e1-869f-0cfd92a1650c for 138184ms
2019-09-17 06:02:22,085 [EventQueue-PipelineActionsForPipelineActionHandler] INFO  pipeline.SCMPipelineManager (SCMPipelineManager.java:finalizeAndDestroyPipeline(311)) - destroying pipeline:Pipeline[ Id: 28c3b40f-4470-4af7-82e9-cbf25e866eaa, Nodes: c5233a29-19a6-42e1-869f-0cfd92a1650c{ip: 192.168.34.7, host: pr-hdds-2132-5g9kv-3389001449, networkLocation: /default-rack, certSerialId: null}3ec0bce2-5a80-4efc-b2ca-bab81cc18a9f{ip: 192.168.34.7, host: pr-hdds-2132-5g9kv-3389001449, networkLocation: /default-rack, certSerialId: null}f6013552-a382-44c6-bdc3-8253bd9e054c{ip: 192.168.34.7, host: pr-hdds-2132-5g9kv-3389001449, networkLocation: /default-rack, certSerialId: null}, Type:RATIS, Factor:THREE, State:CLOSED]
2019-09-17 06:02:22,992 [3ec0bce2-5a80-4efc-b2ca-bab81cc18a9f@group-CBF25E866EAA-SegmentedRaftLogWorker] WARN  segmented.SegmentedRaftLogWorker (SegmentedRaftLogWorker.java:getFromFuture(90)) - Timeout 13/~
org.apache.ratis.protocol.TimeoutIOException: Timeout 10s: WriteLog:7: (t:1, i:7), STATEMACHINELOGENTRY, client-EE883D609918, cid=39-writeStateMachineData
	at org.apache.ratis.util.IOUtils.getFromFuture(IOUtils.java:87)
	at org.apache.ratis.server.raftlog.segmented.SegmentedRaftLogWorker$StateMachineDataPolicy.getFromFuture(SegmentedRaftLogWorker.java:87)
	at org.apache.ratis.server.raftlog.segmented.SegmentedRaftLogWorker$WriteLog.execute(SegmentedRaftLogWorker.java:477)
	at org.apache.ratis.server.raftlog.segmented.SegmentedRaftLogWorker.run(SegmentedRaftLogWorker.java:289)
	at java.lang.Thread.run(Thread.java:748)
Caused by: java.util.concurrent.TimeoutException
	at java.util.concurrent.CompletableFuture.timedGet(CompletableFuture.java:1771)
	at java.util.concurrent.CompletableFuture.get(CompletableFuture.java:1915)
	at org.apache.ratis.util.IOUtils.getFromFuture(IOUtils.java:79)
	... 4 more
2019-09-17 06:02:22,997 [f6013552-a382-44c6-bdc3-8253bd9e054c@group-CBF25E866EAA-SegmentedRaftLogWorker] WARN  segmented.SegmentedRaftLogWorker (SegmentedRaftLogWorker.java:getFromFuture(90)) - Timeout 13/~
org.apache.ratis.protocol.TimeoutIOException: Timeout 10s: WriteLog:7: (t:1, i:7), STATEMACHINELOGENTRY, client-EE883D609918, cid=39-writeStateMachineData
	at org.apache.ratis.util.IOUtils.getFromFuture(IOUtils.java:87)
	at org.apache.ratis.server.raftlog.segmented.SegmentedRaftLogWorker$StateMachineDataPolicy.getFromFuture(SegmentedRaftLogWorker.java:87)
	at org.apache.ratis.server.raftlog.segmented.SegmentedRaftLogWorker$WriteLog.execute(SegmentedRaftLogWorker.java:477)
	at org.apache.ratis.server.raftlog.segmented.SegmentedRaftLogWorker.run(SegmentedRaftLogWorker.java:289)
	at java.lang.Thread.run(Thread.java:748)
Caused by: java.util.concurrent.TimeoutException
	at java.util.concurrent.CompletableFuture.timedGet(CompletableFuture.java:1771)
	at java.util.concurrent.CompletableFuture.get(CompletableFuture.java:1915)
	at org.apache.ratis.util.IOUtils.getFromFuture(IOUtils.java:79)
	... 4 more
2019-09-17 06:02:22,999 [c5233a29-19a6-42e1-869f-0cfd92a1650c@group-CBF25E866EAA-SegmentedRaftLogWorker] WARN  segmented.SegmentedRaftLogWorker (SegmentedRaftLogWorker.java:getFromFuture(90)) - Timeout 13/~
org.apache.ratis.protocol.TimeoutIOException: Timeout 10s: WriteLog:7: (t:1, i:7), STATEMACHINELOGENTRY, client-EE883D609918, cid=39-writeStateMachineData
	at org.apache.ratis.util.IOUtils.getFromFuture(IOUtils.java:87)
	at org.apache.ratis.server.raftlog.segmented.SegmentedRaftLogWorker$StateMachineDataPolicy.getFromFuture(SegmentedRaftLogWorker.java:87)
	at org.apache.ratis.server.raftlog.segmented.SegmentedRaftLogWorker$WriteLog.execute(SegmentedRaftLogWorker.java:477)
	at org.apache.ratis.server.raftlog.segmented.SegmentedRaftLogWorker.run(SegmentedRaftLogWorker.java:289)
	at java.lang.Thread.run(Thread.java:748)
Caused by: java.util.concurrent.TimeoutException
	at java.util.concurrent.CompletableFuture.timedGet(CompletableFuture.java:1771)
	at java.util.concurrent.CompletableFuture.get(CompletableFuture.java:1915)
	at org.apache.ratis.util.IOUtils.getFromFuture(IOUtils.java:79)
	... 4 more
2019-09-17 06:02:23,589 [org.apache.ratis.server.impl.LogAppender$AppenderDaemon$$Lambda$508/456872507@3fae9b8d] ERROR ratis.XceiverServerRatis (XceiverServerRatis.java:triggerPipelineClose(575)) - pipeline Action CLOSE  on pipeline PipelineID=28c3b40f-4470-4af7-82e9-cbf25e866eaa.Reason : 3ec0bce2-5a80-4efc-b2ca-bab81cc18a9f has not seen follower/s f6013552-a382-44c6-bdc3-8253bd9e054c for 140686ms c5233a29-19a6-42e1-869f-0cfd92a1650c for 140686ms
2019-09-17 06:02:23,589 [org.apache.ratis.server.impl.LogAppender$AppenderDaemon$$Lambda$508/456872507@6c2757a5] ERROR ratis.XceiverServerRatis (XceiverServerRatis.java:triggerPipelineClose(575)) - pipeline Action CLOSE  on pipeline PipelineID=28c3b40f-4470-4af7-82e9-cbf25e866eaa.Reason : 3ec0bce2-5a80-4efc-b2ca-bab81cc18a9f has not seen follower/s f6013552-a382-44c6-bdc3-8253bd9e054c for 140686ms c5233a29-19a6-42e1-869f-0cfd92a1650c for 140686ms
2019-09-17 06:02:24,081 [EventQueue-PipelineActionsForPipelineActionHandler] ERROR pipeline.PipelineActionHandler (PipelineActionHandler.java:onMessage(60)) - Received pipeline action CLOSE for Pipeline[ Id: 28c3b40f-4470-4af7-82e9-cbf25e866eaa, Nodes: c5233a29-19a6-42e1-869f-0cfd92a1650c{ip: 192.168.34.7, host: pr-hdds-2132-5g9kv-3389001449, networkLocation: /default-rack, certSerialId: null}3ec0bce2-5a80-4efc-b2ca-bab81cc18a9f{ip: 192.168.34.7, host: pr-hdds-2132-5g9kv-3389001449, networkLocation: /default-rack, certSerialId: null}f6013552-a382-44c6-bdc3-8253bd9e054c{ip: 192.168.34.7, host: pr-hdds-2132-5g9kv-3389001449, networkLocation: /default-rack, certSerialId: null}, Type:RATIS, Factor:THREE, State:CLOSED] from datanode 3ec0bce2-5a80-4efc-b2ca-bab81cc18a9f{ip: 192.168.34.7, host: pr-hdds-2132-5g9kv-3389001449, networkLocation: /default-rack, certSerialId: null}. Reason : 3ec0bce2-5a80-4efc-b2ca-bab81cc18a9f has not seen follower/s f6013552-a382-44c6-bdc3-8253bd9e054c for 140686ms c5233a29-19a6-42e1-869f-0cfd92a1650c for 140686ms
2019-09-17 06:02:24,082 [EventQueue-PipelineActionsForPipelineActionHandler] INFO  pipeline.SCMPipelineManager (SCMPipelineManager.java:finalizeAndDestroyPipeline(311)) - destroying pipeline:Pipeline[ Id: 28c3b40f-4470-4af7-82e9-cbf25e866eaa, Nodes: c5233a29-19a6-42e1-869f-0cfd92a1650c{ip: 192.168.34.7, host: pr-hdds-2132-5g9kv-3389001449, networkLocation: /default-rack, certSerialId: null}3ec0bce2-5a80-4efc-b2ca-bab81cc18a9f{ip: 192.168.34.7, host: pr-hdds-2132-5g9kv-3389001449, networkLocation: /default-rack, certSerialId: null}f6013552-a382-44c6-bdc3-8253bd9e054c{ip: 192.168.34.7, host: pr-hdds-2132-5g9kv-3389001449, networkLocation: /default-rack, certSerialId: null}, Type:RATIS, Factor:THREE, State:CLOSED]
2019-09-17 06:02:24,087 [java.util.concurrent.ThreadPoolExecutor$Worker@457453c9[State = -1, empty queue]] WARN  server.GrpcLogAppender (GrpcLogAppender.java:timeoutAppendRequest(200)) - 3ec0bce2-5a80-4efc-b2ca-bab81cc18a9f@group-CBF25E866EAA->f6013552-a382-44c6-bdc3-8253bd9e054c-GrpcLogAppender: appendEntries Timeout, request=3ec0bce2-5a80-4efc-b2ca-bab81cc18a9f->f6013552-a382-44c6-bdc3-8253bd9e054c#69-t1, previous=(t:1, i:13), leaderCommit=6, initializing? false, entries: <empty>
2019-09-17 06:02:24,087 [java.util.concurrent.ThreadPoolExecutor$Worker@2971b8e1[State = -1, empty queue]] WARN  server.GrpcLogAppender (GrpcLogAppender.java:timeoutAppendRequest(200)) - 3ec0bce2-5a80-4efc-b2ca-bab81cc18a9f@group-CBF25E866EAA->c5233a29-19a6-42e1-869f-0cfd92a1650c-GrpcLogAppender: appendEntries Timeout, request=3ec0bce2-5a80-4efc-b2ca-bab81cc18a9f->c5233a29-19a6-42e1-869f-0cfd92a1650c#69-t1, previous=(t:1, i:13), leaderCommit=6, initializing? false, entries: <empty>
2019-09-17 06:02:24,171 [grpc-default-executor-1] INFO  client.GrpcClientProtocolClient (GrpcClientProtocolClient.java:onNext(264)) - client-EE883D609918->f6013552-a382-44c6-bdc3-8253bd9e054c: receive RaftClientReply:client-EE883D609918->f6013552-a382-44c6-bdc3-8253bd9e054c@group-CBF25E866EAA, cid=39, FAILED org.apache.ratis.protocol.NotLeaderException: Server f6013552-a382-44c6-bdc3-8253bd9e054c@group-CBF25E866EAA is not the leader 3ec0bce2-5a80-4efc-b2ca-bab81cc18a9f:192.168.34.7:33921, logIndex=0, commits[f6013552-a382-44c6-bdc3-8253bd9e054c:c6, c5233a29-19a6-42e1-869f-0cfd92a1650c:c4, 3ec0bce2-5a80-4efc-b2ca-bab81cc18a9f:c6]
2019-09-17 06:02:26,090 [org.apache.ratis.server.impl.LogAppender$AppenderDaemon$$Lambda$508/456872507@6c2757a5] ERROR ratis.XceiverServerRatis (XceiverServerRatis.java:triggerPipelineClose(575)) - pipeline Action CLOSE  on pipeline PipelineID=28c3b40f-4470-4af7-82e9-cbf25e866eaa.Reason : 3ec0bce2-5a80-4efc-b2ca-bab81cc18a9f has not seen follower/s f6013552-a382-44c6-bdc3-8253bd9e054c for 143187ms c5233a29-19a6-42e1-869f-0cfd92a1650c for 143187ms
2019-09-17 06:02:26,090 [org.apache.ratis.server.impl.LogAppender$AppenderDaemon$$Lambda$508/456872507@3fae9b8d] ERROR ratis.XceiverServerRatis (XceiverServerRatis.java:triggerPipelineClose(575)) - pipeline Action CLOSE  on pipeline PipelineID=28c3b40f-4470-4af7-82e9-cbf25e866eaa.Reason : 3ec0bce2-5a80-4efc-b2ca-bab81cc18a9f has not seen follower/s f6013552-a382-44c6-bdc3-8253bd9e054c for 143187ms c5233a29-19a6-42e1-869f-0cfd92a1650c for 143186ms
2019-09-17 06:02:26,589 [java.util.concurrent.ThreadPoolExecutor$Worker@457453c9[State = -1, empty queue]] WARN  server.GrpcLogAppender (GrpcLogAppender.java:timeoutAppendRequest(200)) - 3ec0bce2-5a80-4efc-b2ca-bab81cc18a9f@group-CBF25E866EAA->f6013552-a382-44c6-bdc3-8253bd9e054c-GrpcLogAppender: appendEntries Timeout, request=3ec0bce2-5a80-4efc-b2ca-bab81cc18a9f->f6013552-a382-44c6-bdc3-8253bd9e054c#70-t1, previous=(t:1, i:13), leaderCommit=6, initializing? false, entries: <empty>
2019-09-17 06:02:26,589 [java.util.concurrent.ThreadPoolExecutor$Worker@2971b8e1[State = -1, empty queue]] WARN  server.GrpcLogAppender (GrpcLogAppender.java:timeoutAppendRequest(200)) - 3ec0bce2-5a80-4efc-b2ca-bab81cc18a9f@group-CBF25E866EAA->c5233a29-19a6-42e1-869f-0cfd92a1650c-GrpcLogAppender: appendEntries Timeout, request=3ec0bce2-5a80-4efc-b2ca-bab81cc18a9f->c5233a29-19a6-42e1-869f-0cfd92a1650c#70-t1, previous=(t:1, i:13), leaderCommit=6, initializing? false, entries: <empty>
2019-09-17 06:02:27,082 [EventQueue-PipelineActionsForPipelineActionHandler] ERROR pipeline.PipelineActionHandler (PipelineActionHandler.java:onMessage(60)) - Received pipeline action CLOSE for Pipeline[ Id: 28c3b40f-4470-4af7-82e9-cbf25e866eaa, Nodes: c5233a29-19a6-42e1-869f-0cfd92a1650c{ip: 192.168.34.7, host: pr-hdds-2132-5g9kv-3389001449, networkLocation: /default-rack, certSerialId: null}3ec0bce2-5a80-4efc-b2ca-bab81cc18a9f{ip: 192.168.34.7, host: pr-hdds-2132-5g9kv-3389001449, networkLocation: /default-rack, certSerialId: null}f6013552-a382-44c6-bdc3-8253bd9e054c{ip: 192.168.34.7, host: pr-hdds-2132-5g9kv-3389001449, networkLocation: /default-rack, certSerialId: null}, Type:RATIS, Factor:THREE, State:CLOSED] from datanode 3ec0bce2-5a80-4efc-b2ca-bab81cc18a9f{ip: 192.168.34.7, host: pr-hdds-2132-5g9kv-3389001449, networkLocation: /default-rack, certSerialId: null}. Reason : 3ec0bce2-5a80-4efc-b2ca-bab81cc18a9f has not seen follower/s f6013552-a382-44c6-bdc3-8253bd9e054c for 143187ms c5233a29-19a6-42e1-869f-0cfd92a1650c for 143187ms
2019-09-17 06:02:27,083 [EventQueue-PipelineActionsForPipelineActionHandler] INFO  pipeline.SCMPipelineManager (SCMPipelineManager.java:finalizeAndDestroyPipeline(311)) - destroying pipeline:Pipeline[ Id: 28c3b40f-4470-4af7-82e9-cbf25e866eaa, Nodes: c5233a29-19a6-42e1-869f-0cfd92a1650c{ip: 192.168.34.7, host: pr-hdds-2132-5g9kv-3389001449, networkLocation: /default-rack, certSerialId: null}3ec0bce2-5a80-4efc-b2ca-bab81cc18a9f{ip: 192.168.34.7, host: pr-hdds-2132-5g9kv-3389001449, networkLocation: /default-rack, certSerialId: null}f6013552-a382-44c6-bdc3-8253bd9e054c{ip: 192.168.34.7, host: pr-hdds-2132-5g9kv-3389001449, networkLocation: /default-rack, certSerialId: null}, Type:RATIS, Factor:THREE, State:CLOSED]
2019-09-17 06:02:28,592 [org.apache.ratis.server.impl.LogAppender$AppenderDaemon$$Lambda$508/456872507@3fae9b8d] ERROR ratis.XceiverServerRatis (XceiverServerRatis.java:triggerPipelineClose(575)) - pipeline Action CLOSE  on pipeline PipelineID=28c3b40f-4470-4af7-82e9-cbf25e866eaa.Reason : 3ec0bce2-5a80-4efc-b2ca-bab81cc18a9f has not seen follower/s f6013552-a382-44c6-bdc3-8253bd9e054c for 145688ms c5233a29-19a6-42e1-869f-0cfd92a1650c for 145688ms
2019-09-17 06:02:28,592 [org.apache.ratis.server.impl.LogAppender$AppenderDaemon$$Lambda$508/456872507@6c2757a5] ERROR ratis.XceiverServerRatis (XceiverServerRatis.java:triggerPipelineClose(575)) - pipeline Action CLOSE  on pipeline PipelineID=28c3b40f-4470-4af7-82e9-cbf25e866eaa.Reason : 3ec0bce2-5a80-4efc-b2ca-bab81cc18a9f has not seen follower/s f6013552-a382-44c6-bdc3-8253bd9e054c for 145688ms c5233a29-19a6-42e1-869f-0cfd92a1650c for 145688ms
2019-09-17 06:02:29,084 [EventQueue-PipelineActionsForPipelineActionHandler] ERROR pipeline.PipelineActionHandler (PipelineActionHandler.java:onMessage(60)) - Received pipeline action CLOSE for Pipeline[ Id: 28c3b40f-4470-4af7-82e9-cbf25e866eaa, Nodes: c5233a29-19a6-42e1-869f-0cfd92a1650c{ip: 192.168.34.7, host: pr-hdds-2132-5g9kv-3389001449, networkLocation: /default-rack, certSerialId: null}3ec0bce2-5a80-4efc-b2ca-bab81cc18a9f{ip: 192.168.34.7, host: pr-hdds-2132-5g9kv-3389001449, networkLocation: /default-rack, certSerialId: null}f6013552-a382-44c6-bdc3-8253bd9e054c{ip: 192.168.34.7, host: pr-hdds-2132-5g9kv-3389001449, networkLocation: /default-rack, certSerialId: null}, Type:RATIS, Factor:THREE, State:CLOSED] from datanode 3ec0bce2-5a80-4efc-b2ca-bab81cc18a9f{ip: 192.168.34.7, host: pr-hdds-2132-5g9kv-3389001449, networkLocation: /default-rack, certSerialId: null}. Reason : 3ec0bce2-5a80-4efc-b2ca-bab81cc18a9f has not seen follower/s f6013552-a382-44c6-bdc3-8253bd9e054c for 145688ms c5233a29-19a6-42e1-869f-0cfd92a1650c for 145688ms
2019-09-17 06:02:29,084 [EventQueue-PipelineActionsForPipelineActionHandler] INFO  pipeline.SCMPipelineManager (SCMPipelineManager.java:finalizeAndDestroyPipeline(311)) - destroying pipeline:Pipeline[ Id: 28c3b40f-4470-4af7-82e9-cbf25e866eaa, Nodes: c5233a29-19a6-42e1-869f-0cfd92a1650c{ip: 192.168.34.7, host: pr-hdds-2132-5g9kv-3389001449, networkLocation: /default-rack, certSerialId: null}3ec0bce2-5a80-4efc-b2ca-bab81cc18a9f{ip: 192.168.34.7, host: pr-hdds-2132-5g9kv-3389001449, networkLocation: /default-rack, certSerialId: null}f6013552-a382-44c6-bdc3-8253bd9e054c{ip: 192.168.34.7, host: pr-hdds-2132-5g9kv-3389001449, networkLocation: /default-rack, certSerialId: null}, Type:RATIS, Factor:THREE, State:CLOSED]
2019-09-17 06:02:29,090 [java.util.concurrent.ThreadPoolExecutor$Worker@457453c9[State = -1, empty queue]] WARN  server.GrpcLogAppender (GrpcLogAppender.java:timeoutAppendRequest(200)) - 3ec0bce2-5a80-4efc-b2ca-bab81cc18a9f@group-CBF25E866EAA->f6013552-a382-44c6-bdc3-8253bd9e054c-GrpcLogAppender: appendEntries Timeout, request=3ec0bce2-5a80-4efc-b2ca-bab81cc18a9f->f6013552-a382-44c6-bdc3-8253bd9e054c#71-t1, previous=(t:1, i:13), leaderCommit=6, initializing? false, entries: <empty>
2019-09-17 06:02:29,090 [java.util.concurrent.ThreadPoolExecutor$Worker@2971b8e1[State = -1, empty queue]] WARN  server.GrpcLogAppender (GrpcLogAppender.java:timeoutAppendRequest(200)) - 3ec0bce2-5a80-4efc-b2ca-bab81cc18a9f@group-CBF25E866EAA->c5233a29-19a6-42e1-869f-0cfd92a1650c-GrpcLogAppender: appendEntries Timeout, request=3ec0bce2-5a80-4efc-b2ca-bab81cc18a9f->c5233a29-19a6-42e1-869f-0cfd92a1650c#71-t1, previous=(t:1, i:13), leaderCommit=6, initializing? false, entries: <empty>
2019-09-17 06:02:29,212 [grpc-default-executor-1] INFO  client.GrpcClientProtocolClient (GrpcClientProtocolClient.java:onNext(264)) - client-EE883D609918->f6013552-a382-44c6-bdc3-8253bd9e054c: receive RaftClientReply:client-EE883D609918->f6013552-a382-44c6-bdc3-8253bd9e054c@group-CBF25E866EAA, cid=39, FAILED org.apache.ratis.protocol.NotLeaderException: Server f6013552-a382-44c6-bdc3-8253bd9e054c@group-CBF25E866EAA is not the leader 3ec0bce2-5a80-4efc-b2ca-bab81cc18a9f:192.168.34.7:33921, logIndex=0, commits[f6013552-a382-44c6-bdc3-8253bd9e054c:c6, c5233a29-19a6-42e1-869f-0cfd92a1650c:c4, 3ec0bce2-5a80-4efc-b2ca-bab81cc18a9f:c6]
2019-09-17 06:02:31,093 [org.apache.ratis.server.impl.LogAppender$AppenderDaemon$$Lambda$508/456872507@3fae9b8d] ERROR ratis.XceiverServerRatis (XceiverServerRatis.java:triggerPipelineClose(575)) - pipeline Action CLOSE  on pipeline PipelineID=28c3b40f-4470-4af7-82e9-cbf25e866eaa.Reason : 3ec0bce2-5a80-4efc-b2ca-bab81cc18a9f has not seen follower/s f6013552-a382-44c6-bdc3-8253bd9e054c for 148190ms c5233a29-19a6-42e1-869f-0cfd92a1650c for 148190ms
2019-09-17 06:02:31,093 [org.apache.ratis.server.impl.LogAppender$AppenderDaemon$$Lambda$508/456872507@6c2757a5] ERROR ratis.XceiverServerRatis (XceiverServerRatis.java:triggerPipelineClose(575)) - pipeline Action CLOSE  on pipeline PipelineID=28c3b40f-4470-4af7-82e9-cbf25e866eaa.Reason : 3ec0bce2-5a80-4efc-b2ca-bab81cc18a9f has not seen follower/s f6013552-a382-44c6-bdc3-8253bd9e054c for 148190ms c5233a29-19a6-42e1-869f-0cfd92a1650c for 148190ms
2019-09-17 06:02:31,592 [java.util.concurrent.ThreadPoolExecutor$Worker@457453c9[State = -1, empty queue]] WARN  server.GrpcLogAppender (GrpcLogAppender.java:timeoutAppendRequest(200)) - 3ec0bce2-5a80-4efc-b2ca-bab81cc18a9f@group-CBF25E866EAA->f6013552-a382-44c6-bdc3-8253bd9e054c-GrpcLogAppender: appendEntries Timeout, request=3ec0bce2-5a80-4efc-b2ca-bab81cc18a9f->f6013552-a382-44c6-bdc3-8253bd9e054c#72-t1, previous=(t:1, i:13), leaderCommit=6, initializing? false, entries: <empty>
2019-09-17 06:02:31,592 [java.util.concurrent.ThreadPoolExecutor$Worker@2971b8e1[State = -1, empty queue]] WARN  server.GrpcLogAppender (GrpcLogAppender.java:timeoutAppendRequest(200)) - 3ec0bce2-5a80-4efc-b2ca-bab81cc18a9f@group-CBF25E866EAA->c5233a29-19a6-42e1-869f-0cfd92a1650c-GrpcLogAppender: appendEntries Timeout, request=3ec0bce2-5a80-4efc-b2ca-bab81cc18a9f->c5233a29-19a6-42e1-869f-0cfd92a1650c#72-t1, previous=(t:1, i:13), leaderCommit=6, initializing? false, entries: <empty>
2019-09-17 06:02:32,084 [EventQueue-PipelineActionsForPipelineActionHandler] ERROR pipeline.PipelineActionHandler (PipelineActionHandler.java:onMessage(60)) - Received pipeline action CLOSE for Pipeline[ Id: 28c3b40f-4470-4af7-82e9-cbf25e866eaa, Nodes: c5233a29-19a6-42e1-869f-0cfd92a1650c{ip: 192.168.34.7, host: pr-hdds-2132-5g9kv-3389001449, networkLocation: /default-rack, certSerialId: null}3ec0bce2-5a80-4efc-b2ca-bab81cc18a9f{ip: 192.168.34.7, host: pr-hdds-2132-5g9kv-3389001449, networkLocation: /default-rack, certSerialId: null}f6013552-a382-44c6-bdc3-8253bd9e054c{ip: 192.168.34.7, host: pr-hdds-2132-5g9kv-3389001449, networkLocation: /default-rack, certSerialId: null}, Type:RATIS, Factor:THREE, State:CLOSED] from datanode 3ec0bce2-5a80-4efc-b2ca-bab81cc18a9f{ip: 192.168.34.7, host: pr-hdds-2132-5g9kv-3389001449, networkLocation: /default-rack, certSerialId: null}. Reason : 3ec0bce2-5a80-4efc-b2ca-bab81cc18a9f has not seen follower/s f6013552-a382-44c6-bdc3-8253bd9e054c for 148190ms c5233a29-19a6-42e1-869f-0cfd92a1650c for 148190ms
2019-09-17 06:02:32,085 [EventQueue-PipelineActionsForPipelineActionHandler] INFO  pipeline.SCMPipelineManager (SCMPipelineManager.java:finalizeAndDestroyPipeline(311)) - destroying pipeline:Pipeline[ Id: 28c3b40f-4470-4af7-82e9-cbf25e866eaa, Nodes: c5233a29-19a6-42e1-869f-0cfd92a1650c{ip: 192.168.34.7, host: pr-hdds-2132-5g9kv-3389001449, networkLocation: /default-rack, certSerialId: null}3ec0bce2-5a80-4efc-b2ca-bab81cc18a9f{ip: 192.168.34.7, host: pr-hdds-2132-5g9kv-3389001449, networkLocation: /default-rack, certSerialId: null}f6013552-a382-44c6-bdc3-8253bd9e054c{ip: 192.168.34.7, host: pr-hdds-2132-5g9kv-3389001449, networkLocation: /default-rack, certSerialId: null}, Type:RATIS, Factor:THREE, State:CLOSED]
2019-09-17 06:02:32,993 [3ec0bce2-5a80-4efc-b2ca-bab81cc18a9f@group-CBF25E866EAA-SegmentedRaftLogWorker] WARN  segmented.SegmentedRaftLogWorker (SegmentedRaftLogWorker.java:getFromFuture(90)) - Timeout 14/~
org.apache.ratis.protocol.TimeoutIOException: Timeout 10s: WriteLog:7: (t:1, i:7), STATEMACHINELOGENTRY, client-EE883D609918, cid=39-writeStateMachineData
	at org.apache.ratis.util.IOUtils.getFromFuture(IOUtils.java:87)
	at org.apache.ratis.server.raftlog.segmented.SegmentedRaftLogWorker$StateMachineDataPolicy.getFromFuture(SegmentedRaftLogWorker.java:87)
	at org.apache.ratis.server.raftlog.segmented.SegmentedRaftLogWorker$WriteLog.execute(SegmentedRaftLogWorker.java:477)
	at org.apache.ratis.server.raftlog.segmented.SegmentedRaftLogWorker.run(SegmentedRaftLogWorker.java:289)
	at java.lang.Thread.run(Thread.java:748)
Caused by: java.util.concurrent.TimeoutException
	at java.util.concurrent.CompletableFuture.timedGet(CompletableFuture.java:1771)
	at java.util.concurrent.CompletableFuture.get(CompletableFuture.java:1915)
	at org.apache.ratis.util.IOUtils.getFromFuture(IOUtils.java:79)
	... 4 more
2019-09-17 06:02:32,998 [f6013552-a382-44c6-bdc3-8253bd9e054c@group-CBF25E866EAA-SegmentedRaftLogWorker] WARN  segmented.SegmentedRaftLogWorker (SegmentedRaftLogWorker.java:getFromFuture(90)) - Timeout 14/~
org.apache.ratis.protocol.TimeoutIOException: Timeout 10s: WriteLog:7: (t:1, i:7), STATEMACHINELOGENTRY, client-EE883D609918, cid=39-writeStateMachineData
	at org.apache.ratis.util.IOUtils.getFromFuture(IOUtils.java:87)
	at org.apache.ratis.server.raftlog.segmented.SegmentedRaftLogWorker$StateMachineDataPolicy.getFromFuture(SegmentedRaftLogWorker.java:87)
	at org.apache.ratis.server.raftlog.segmented.SegmentedRaftLogWorker$WriteLog.execute(SegmentedRaftLogWorker.java:477)
	at org.apache.ratis.server.raftlog.segmented.SegmentedRaftLogWorker.run(SegmentedRaftLogWorker.java:289)
	at java.lang.Thread.run(Thread.java:748)
Caused by: java.util.concurrent.TimeoutException
	at java.util.concurrent.CompletableFuture.timedGet(CompletableFuture.java:1771)
	at java.util.concurrent.CompletableFuture.get(CompletableFuture.java:1915)
	at org.apache.ratis.util.IOUtils.getFromFuture(IOUtils.java:79)
	... 4 more
2019-09-17 06:02:33,000 [c5233a29-19a6-42e1-869f-0cfd92a1650c@group-CBF25E866EAA-SegmentedRaftLogWorker] WARN  segmented.SegmentedRaftLogWorker (SegmentedRaftLogWorker.java:getFromFuture(90)) - Timeout 14/~
org.apache.ratis.protocol.TimeoutIOException: Timeout 10s: WriteLog:7: (t:1, i:7), STATEMACHINELOGENTRY, client-EE883D609918, cid=39-writeStateMachineData
	at org.apache.ratis.util.IOUtils.getFromFuture(IOUtils.java:87)
	at org.apache.ratis.server.raftlog.segmented.SegmentedRaftLogWorker$StateMachineDataPolicy.getFromFuture(SegmentedRaftLogWorker.java:87)
	at org.apache.ratis.server.raftlog.segmented.SegmentedRaftLogWorker$WriteLog.execute(SegmentedRaftLogWorker.java:477)
	at org.apache.ratis.server.raftlog.segmented.SegmentedRaftLogWorker.run(SegmentedRaftLogWorker.java:289)
	at java.lang.Thread.run(Thread.java:748)
Caused by: java.util.concurrent.TimeoutException
	at java.util.concurrent.CompletableFuture.timedGet(CompletableFuture.java:1771)
	at java.util.concurrent.CompletableFuture.get(CompletableFuture.java:1915)
	at org.apache.ratis.util.IOUtils.getFromFuture(IOUtils.java:79)
	... 4 more
2019-09-17 06:02:33,594 [org.apache.ratis.server.impl.LogAppender$AppenderDaemon$$Lambda$508/456872507@3fae9b8d] ERROR ratis.XceiverServerRatis (XceiverServerRatis.java:triggerPipelineClose(575)) - pipeline Action CLOSE  on pipeline PipelineID=28c3b40f-4470-4af7-82e9-cbf25e866eaa.Reason : 3ec0bce2-5a80-4efc-b2ca-bab81cc18a9f has not seen follower/s f6013552-a382-44c6-bdc3-8253bd9e054c for 150691ms c5233a29-19a6-42e1-869f-0cfd92a1650c for 150691ms
2019-09-17 06:02:33,594 [org.apache.ratis.server.impl.LogAppender$AppenderDaemon$$Lambda$508/456872507@6c2757a5] ERROR ratis.XceiverServerRatis (XceiverServerRatis.java:triggerPipelineClose(575)) - pipeline Action CLOSE  on pipeline PipelineID=28c3b40f-4470-4af7-82e9-cbf25e866eaa.Reason : 3ec0bce2-5a80-4efc-b2ca-bab81cc18a9f has not seen follower/s f6013552-a382-44c6-bdc3-8253bd9e054c for 150691ms c5233a29-19a6-42e1-869f-0cfd92a1650c for 150691ms
2019-09-17 06:02:34,084 [EventQueue-PipelineActionsForPipelineActionHandler] ERROR pipeline.PipelineActionHandler (PipelineActionHandler.java:onMessage(60)) - Received pipeline action CLOSE for Pipeline[ Id: 28c3b40f-4470-4af7-82e9-cbf25e866eaa, Nodes: c5233a29-19a6-42e1-869f-0cfd92a1650c{ip: 192.168.34.7, host: pr-hdds-2132-5g9kv-3389001449, networkLocation: /default-rack, certSerialId: null}3ec0bce2-5a80-4efc-b2ca-bab81cc18a9f{ip: 192.168.34.7, host: pr-hdds-2132-5g9kv-3389001449, networkLocation: /default-rack, certSerialId: null}f6013552-a382-44c6-bdc3-8253bd9e054c{ip: 192.168.34.7, host: pr-hdds-2132-5g9kv-3389001449, networkLocation: /default-rack, certSerialId: null}, Type:RATIS, Factor:THREE, State:CLOSED] from datanode 3ec0bce2-5a80-4efc-b2ca-bab81cc18a9f{ip: 192.168.34.7, host: pr-hdds-2132-5g9kv-3389001449, networkLocation: /default-rack, certSerialId: null}. Reason : 3ec0bce2-5a80-4efc-b2ca-bab81cc18a9f has not seen follower/s f6013552-a382-44c6-bdc3-8253bd9e054c for 150691ms c5233a29-19a6-42e1-869f-0cfd92a1650c for 150691ms
2019-09-17 06:02:34,084 [EventQueue-PipelineActionsForPipelineActionHandler] INFO  pipeline.SCMPipelineManager (SCMPipelineManager.java:finalizeAndDestroyPipeline(311)) - destroying pipeline:Pipeline[ Id: 28c3b40f-4470-4af7-82e9-cbf25e866eaa, Nodes: c5233a29-19a6-42e1-869f-0cfd92a1650c{ip: 192.168.34.7, host: pr-hdds-2132-5g9kv-3389001449, networkLocation: /default-rack, certSerialId: null}3ec0bce2-5a80-4efc-b2ca-bab81cc18a9f{ip: 192.168.34.7, host: pr-hdds-2132-5g9kv-3389001449, networkLocation: /default-rack, certSerialId: null}f6013552-a382-44c6-bdc3-8253bd9e054c{ip: 192.168.34.7, host: pr-hdds-2132-5g9kv-3389001449, networkLocation: /default-rack, certSerialId: null}, Type:RATIS, Factor:THREE, State:CLOSED]
2019-09-17 06:02:34,093 [java.util.concurrent.ThreadPoolExecutor$Worker@2971b8e1[State = -1, empty queue]] WARN  server.GrpcLogAppender (GrpcLogAppender.java:timeoutAppendRequest(200)) - 3ec0bce2-5a80-4efc-b2ca-bab81cc18a9f@group-CBF25E866EAA->c5233a29-19a6-42e1-869f-0cfd92a1650c-GrpcLogAppender: appendEntries Timeout, request=3ec0bce2-5a80-4efc-b2ca-bab81cc18a9f->c5233a29-19a6-42e1-869f-0cfd92a1650c#73-t1, previous=(t:1, i:13), leaderCommit=6, initializing? false, entries: <empty>
2019-09-17 06:02:34,093 [java.util.concurrent.ThreadPoolExecutor$Worker@457453c9[State = -1, empty queue]] WARN  server.GrpcLogAppender (GrpcLogAppender.java:timeoutAppendRequest(200)) - 3ec0bce2-5a80-4efc-b2ca-bab81cc18a9f@group-CBF25E866EAA->f6013552-a382-44c6-bdc3-8253bd9e054c-GrpcLogAppender: appendEntries Timeout, request=3ec0bce2-5a80-4efc-b2ca-bab81cc18a9f->f6013552-a382-44c6-bdc3-8253bd9e054c#73-t1, previous=(t:1, i:13), leaderCommit=6, initializing? false, entries: <empty>
2019-09-17 06:02:34,259 [grpc-default-executor-2] INFO  client.GrpcClientProtocolClient (GrpcClientProtocolClient.java:onNext(264)) - client-EE883D609918->f6013552-a382-44c6-bdc3-8253bd9e054c: receive RaftClientReply:client-EE883D609918->f6013552-a382-44c6-bdc3-8253bd9e054c@group-CBF25E866EAA, cid=39, FAILED org.apache.ratis.protocol.NotLeaderException: Server f6013552-a382-44c6-bdc3-8253bd9e054c@group-CBF25E866EAA is not the leader 3ec0bce2-5a80-4efc-b2ca-bab81cc18a9f:192.168.34.7:33921, logIndex=0, commits[f6013552-a382-44c6-bdc3-8253bd9e054c:c6, c5233a29-19a6-42e1-869f-0cfd92a1650c:c4, 3ec0bce2-5a80-4efc-b2ca-bab81cc18a9f:c6]
2019-09-17 06:02:36,095 [org.apache.ratis.server.impl.LogAppender$AppenderDaemon$$Lambda$508/456872507@6c2757a5] ERROR ratis.XceiverServerRatis (XceiverServerRatis.java:triggerPipelineClose(575)) - pipeline Action CLOSE  on pipeline PipelineID=28c3b40f-4470-4af7-82e9-cbf25e866eaa.Reason : 3ec0bce2-5a80-4efc-b2ca-bab81cc18a9f has not seen follower/s f6013552-a382-44c6-bdc3-8253bd9e054c for 153191ms c5233a29-19a6-42e1-869f-0cfd92a1650c for 153191ms
2019-09-17 06:02:36,095 [org.apache.ratis.server.impl.LogAppender$AppenderDaemon$$Lambda$508/456872507@3fae9b8d] ERROR ratis.XceiverServerRatis (XceiverServerRatis.java:triggerPipelineClose(575)) - pipeline Action CLOSE  on pipeline PipelineID=28c3b40f-4470-4af7-82e9-cbf25e866eaa.Reason : 3ec0bce2-5a80-4efc-b2ca-bab81cc18a9f has not seen follower/s f6013552-a382-44c6-bdc3-8253bd9e054c for 153192ms c5233a29-19a6-42e1-869f-0cfd92a1650c for 153192ms
2019-09-17 06:02:36,594 [java.util.concurrent.ThreadPoolExecutor$Worker@457453c9[State = -1, empty queue]] WARN  server.GrpcLogAppender (GrpcLogAppender.java:timeoutAppendRequest(200)) - 3ec0bce2-5a80-4efc-b2ca-bab81cc18a9f@group-CBF25E866EAA->f6013552-a382-44c6-bdc3-8253bd9e054c-GrpcLogAppender: appendEntries Timeout, request=3ec0bce2-5a80-4efc-b2ca-bab81cc18a9f->f6013552-a382-44c6-bdc3-8253bd9e054c#74-t1, previous=(t:1, i:13), leaderCommit=6, initializing? false, entries: <empty>
2019-09-17 06:02:36,594 [java.util.concurrent.ThreadPoolExecutor$Worker@2971b8e1[State = -1, empty queue]] WARN  server.GrpcLogAppender (GrpcLogAppender.java:timeoutAppendRequest(200)) - 3ec0bce2-5a80-4efc-b2ca-bab81cc18a9f@group-CBF25E866EAA->c5233a29-19a6-42e1-869f-0cfd92a1650c-GrpcLogAppender: appendEntries Timeout, request=3ec0bce2-5a80-4efc-b2ca-bab81cc18a9f->c5233a29-19a6-42e1-869f-0cfd92a1650c#74-t1, previous=(t:1, i:13), leaderCommit=6, initializing? false, entries: <empty>
2019-09-17 06:02:37,084 [EventQueue-PipelineActionsForPipelineActionHandler] ERROR pipeline.PipelineActionHandler (PipelineActionHandler.java:onMessage(60)) - Received pipeline action CLOSE for Pipeline[ Id: 28c3b40f-4470-4af7-82e9-cbf25e866eaa, Nodes: c5233a29-19a6-42e1-869f-0cfd92a1650c{ip: 192.168.34.7, host: pr-hdds-2132-5g9kv-3389001449, networkLocation: /default-rack, certSerialId: null}3ec0bce2-5a80-4efc-b2ca-bab81cc18a9f{ip: 192.168.34.7, host: pr-hdds-2132-5g9kv-3389001449, networkLocation: /default-rack, certSerialId: null}f6013552-a382-44c6-bdc3-8253bd9e054c{ip: 192.168.34.7, host: pr-hdds-2132-5g9kv-3389001449, networkLocation: /default-rack, certSerialId: null}, Type:RATIS, Factor:THREE, State:CLOSED] from datanode 3ec0bce2-5a80-4efc-b2ca-bab81cc18a9f{ip: 192.168.34.7, host: pr-hdds-2132-5g9kv-3389001449, networkLocation: /default-rack, certSerialId: null}. Reason : 3ec0bce2-5a80-4efc-b2ca-bab81cc18a9f has not seen follower/s f6013552-a382-44c6-bdc3-8253bd9e054c for 153191ms c5233a29-19a6-42e1-869f-0cfd92a1650c for 153191ms
2019-09-17 06:02:37,085 [EventQueue-PipelineActionsForPipelineActionHandler] INFO  pipeline.SCMPipelineManager (SCMPipelineManager.java:finalizeAndDestroyPipeline(311)) - destroying pipeline:Pipeline[ Id: 28c3b40f-4470-4af7-82e9-cbf25e866eaa, Nodes: c5233a29-19a6-42e1-869f-0cfd92a1650c{ip: 192.168.34.7, host: pr-hdds-2132-5g9kv-3389001449, networkLocation: /default-rack, certSerialId: null}3ec0bce2-5a80-4efc-b2ca-bab81cc18a9f{ip: 192.168.34.7, host: pr-hdds-2132-5g9kv-3389001449, networkLocation: /default-rack, certSerialId: null}f6013552-a382-44c6-bdc3-8253bd9e054c{ip: 192.168.34.7, host: pr-hdds-2132-5g9kv-3389001449, networkLocation: /default-rack, certSerialId: null}, Type:RATIS, Factor:THREE, State:CLOSED]
2019-09-17 06:02:38,596 [org.apache.ratis.server.impl.LogAppender$AppenderDaemon$$Lambda$508/456872507@6c2757a5] ERROR ratis.XceiverServerRatis (XceiverServerRatis.java:triggerPipelineClose(575)) - pipeline Action CLOSE  on pipeline PipelineID=28c3b40f-4470-4af7-82e9-cbf25e866eaa.Reason : 3ec0bce2-5a80-4efc-b2ca-bab81cc18a9f has not seen follower/s f6013552-a382-44c6-bdc3-8253bd9e054c for 155692ms c5233a29-19a6-42e1-869f-0cfd92a1650c for 155692ms
2019-09-17 06:02:38,596 [org.apache.ratis.server.impl.LogAppender$AppenderDaemon$$Lambda$508/456872507@3fae9b8d] ERROR ratis.XceiverServerRatis (XceiverServerRatis.java:triggerPipelineClose(575)) - pipeline Action CLOSE  on pipeline PipelineID=28c3b40f-4470-4af7-82e9-cbf25e866eaa.Reason : 3ec0bce2-5a80-4efc-b2ca-bab81cc18a9f has not seen follower/s f6013552-a382-44c6-bdc3-8253bd9e054c for 155692ms c5233a29-19a6-42e1-869f-0cfd92a1650c for 155692ms
2019-09-17 06:02:38,726 [grpc-default-executor-5] INFO  impl.RaftServerProxy (RaftServerProxy.java:addNew(89)) - 3ec0bce2-5a80-4efc-b2ca-bab81cc18a9f: addNew group-BB14ECC8E4AB:[f6013552-a382-44c6-bdc3-8253bd9e054c:192.168.34.7:43799, c5233a29-19a6-42e1-869f-0cfd92a1650c:192.168.34.7:33862, 3ec0bce2-5a80-4efc-b2ca-bab81cc18a9f:192.168.34.7:33921] returns group-BB14ECC8E4AB:java.util.concurrent.CompletableFuture@57ba8056[Not completed]
2019-09-17 06:02:38,726 [grpc-default-executor-1] INFO  impl.RaftServerProxy (RaftServerProxy.java:addNew(89)) - c5233a29-19a6-42e1-869f-0cfd92a1650c: addNew group-BB14ECC8E4AB:[f6013552-a382-44c6-bdc3-8253bd9e054c:192.168.34.7:43799, c5233a29-19a6-42e1-869f-0cfd92a1650c:192.168.34.7:33862, 3ec0bce2-5a80-4efc-b2ca-bab81cc18a9f:192.168.34.7:33921] returns group-BB14ECC8E4AB:java.util.concurrent.CompletableFuture@143227ee[Not completed]
2019-09-17 06:02:38,726 [grpc-default-executor-2] INFO  impl.RaftServerProxy (RaftServerProxy.java:addNew(89)) - f6013552-a382-44c6-bdc3-8253bd9e054c: addNew group-BB14ECC8E4AB:[f6013552-a382-44c6-bdc3-8253bd9e054c:192.168.34.7:43799, c5233a29-19a6-42e1-869f-0cfd92a1650c:192.168.34.7:33862, 3ec0bce2-5a80-4efc-b2ca-bab81cc18a9f:192.168.34.7:33921] returns group-BB14ECC8E4AB:java.util.concurrent.CompletableFuture@c0a9c1c[Not completed]
2019-09-17 06:02:38,732 [pool-27-thread-1] INFO  impl.RaftServerImpl (RaftServerImpl.java:<init>(95)) - f6013552-a382-44c6-bdc3-8253bd9e054c: new RaftServerImpl for group-BB14ECC8E4AB:[f6013552-a382-44c6-bdc3-8253bd9e054c:192.168.34.7:43799, c5233a29-19a6-42e1-869f-0cfd92a1650c:192.168.34.7:33862, 3ec0bce2-5a80-4efc-b2ca-bab81cc18a9f:192.168.34.7:33921] with ContainerStateMachine:uninitialized
2019-09-17 06:02:38,732 [pool-27-thread-1] INFO  server.RaftServerConfigKeys (ConfUtils.java:logGet(43)) - raft.server.rpc.timeout.min = 5s (custom)
2019-09-17 06:02:38,732 [pool-27-thread-1] INFO  server.RaftServerConfigKeys (ConfUtils.java:logGet(43)) - raft.server.rpc.timeout.max = 5200ms (custom)
2019-09-17 06:02:38,732 [pool-27-thread-1] INFO  server.RaftServerConfigKeys (ConfUtils.java:logGet(43)) - raft.server.rpcslowness.timeout = 120s (custom)
2019-09-17 06:02:38,733 [pool-27-thread-1] INFO  server.RaftServerConfigKeys (ConfUtils.java:logGet(43)) - raft.server.sleep.deviation.threshold = 300 (default)
2019-09-17 06:02:38,733 [pool-57-thread-1] INFO  impl.RaftServerImpl (RaftServerImpl.java:<init>(95)) - c5233a29-19a6-42e1-869f-0cfd92a1650c: new RaftServerImpl for group-BB14ECC8E4AB:[f6013552-a382-44c6-bdc3-8253bd9e054c:192.168.34.7:43799, c5233a29-19a6-42e1-869f-0cfd92a1650c:192.168.34.7:33862, 3ec0bce2-5a80-4efc-b2ca-bab81cc18a9f:192.168.34.7:33921] with ContainerStateMachine:uninitialized
2019-09-17 06:02:38,733 [pool-27-thread-1] INFO  server.RaftServerConfigKeys (ConfUtils.java:logGet(43)) - raft.server.log.appender.install.snapshot.enabled = false (custom)
2019-09-17 06:02:38,733 [pool-57-thread-1] INFO  server.RaftServerConfigKeys (ConfUtils.java:logGet(43)) - raft.server.rpc.timeout.min = 5s (custom)
2019-09-17 06:02:38,733 [pool-27-thread-1] INFO  impl.RaftServerImpl (ServerState.java:<init>(103)) - f6013552-a382-44c6-bdc3-8253bd9e054c@group-BB14ECC8E4AB: ConfigurationManager, init=-1: [f6013552-a382-44c6-bdc3-8253bd9e054c:192.168.34.7:43799, c5233a29-19a6-42e1-869f-0cfd92a1650c:192.168.34.7:33862, 3ec0bce2-5a80-4efc-b2ca-bab81cc18a9f:192.168.34.7:33921], old=null, confs=<EMPTY_MAP>
2019-09-17 06:02:38,733 [pool-57-thread-1] INFO  server.RaftServerConfigKeys (ConfUtils.java:logGet(43)) - raft.server.rpc.timeout.max = 5200ms (custom)
2019-09-17 06:02:38,734 [pool-57-thread-1] INFO  server.RaftServerConfigKeys (ConfUtils.java:logGet(43)) - raft.server.rpcslowness.timeout = 120s (custom)
2019-09-17 06:02:38,734 [pool-57-thread-1] INFO  server.RaftServerConfigKeys (ConfUtils.java:logGet(43)) - raft.server.sleep.deviation.threshold = 300 (default)
2019-09-17 06:02:38,734 [pool-27-thread-1] INFO  server.RaftServerConfigKeys (ConfUtils.java:logGet(43)) - raft.server.storage.dir = [/workdir/hadoop-ozone/integration-test/target/test-dir/MiniOzoneClusterImpl-9c1dcb1a-3312-40b8-b485-08dcdfac2e9c/datanode-0/data/ratis] (custom)
2019-09-17 06:02:38,734 [pool-57-thread-1] INFO  server.RaftServerConfigKeys (ConfUtils.java:logGet(43)) - raft.server.log.appender.install.snapshot.enabled = false (custom)
2019-09-17 06:02:38,734 [pool-77-thread-1] INFO  impl.RaftServerImpl (RaftServerImpl.java:<init>(95)) - 3ec0bce2-5a80-4efc-b2ca-bab81cc18a9f: new RaftServerImpl for group-BB14ECC8E4AB:[f6013552-a382-44c6-bdc3-8253bd9e054c:192.168.34.7:43799, c5233a29-19a6-42e1-869f-0cfd92a1650c:192.168.34.7:33862, 3ec0bce2-5a80-4efc-b2ca-bab81cc18a9f:192.168.34.7:33921] with ContainerStateMachine:uninitialized
2019-09-17 06:02:38,734 [pool-57-thread-1] INFO  impl.RaftServerImpl (ServerState.java:<init>(103)) - c5233a29-19a6-42e1-869f-0cfd92a1650c@group-BB14ECC8E4AB: ConfigurationManager, init=-1: [f6013552-a382-44c6-bdc3-8253bd9e054c:192.168.34.7:43799, c5233a29-19a6-42e1-869f-0cfd92a1650c:192.168.34.7:33862, 3ec0bce2-5a80-4efc-b2ca-bab81cc18a9f:192.168.34.7:33921], old=null, confs=<EMPTY_MAP>
2019-09-17 06:02:38,734 [pool-77-thread-1] INFO  server.RaftServerConfigKeys (ConfUtils.java:logGet(43)) - raft.server.rpc.timeout.min = 5s (custom)
2019-09-17 06:02:38,735 [pool-57-thread-1] INFO  server.RaftServerConfigKeys (ConfUtils.java:logGet(43)) - raft.server.storage.dir = [/workdir/hadoop-ozone/integration-test/target/test-dir/MiniOzoneClusterImpl-9c1dcb1a-3312-40b8-b485-08dcdfac2e9c/datanode-3/data/ratis] (custom)
2019-09-17 06:02:38,735 [pool-77-thread-1] INFO  server.RaftServerConfigKeys (ConfUtils.java:logGet(43)) - raft.server.rpc.timeout.max = 5200ms (custom)
2019-09-17 06:02:38,735 [pool-77-thread-1] INFO  server.RaftServerConfigKeys (ConfUtils.java:logGet(43)) - raft.server.rpcslowness.timeout = 120s (custom)
2019-09-17 06:02:38,735 [pool-77-thread-1] INFO  server.RaftServerConfigKeys (ConfUtils.java:logGet(43)) - raft.server.sleep.deviation.threshold = 300 (default)
2019-09-17 06:02:38,735 [pool-77-thread-1] INFO  server.RaftServerConfigKeys (ConfUtils.java:logGet(43)) - raft.server.log.appender.install.snapshot.enabled = false (custom)
2019-09-17 06:02:38,735 [pool-77-thread-1] INFO  impl.RaftServerImpl (ServerState.java:<init>(103)) - 3ec0bce2-5a80-4efc-b2ca-bab81cc18a9f@group-BB14ECC8E4AB: ConfigurationManager, init=-1: [f6013552-a382-44c6-bdc3-8253bd9e054c:192.168.34.7:43799, c5233a29-19a6-42e1-869f-0cfd92a1650c:192.168.34.7:33862, 3ec0bce2-5a80-4efc-b2ca-bab81cc18a9f:192.168.34.7:33921], old=null, confs=<EMPTY_MAP>
2019-09-17 06:02:38,736 [pool-77-thread-1] INFO  server.RaftServerConfigKeys (ConfUtils.java:logGet(43)) - raft.server.storage.dir = [/workdir/hadoop-ozone/integration-test/target/test-dir/MiniOzoneClusterImpl-9c1dcb1a-3312-40b8-b485-08dcdfac2e9c/datanode-5/data/ratis] (custom)
2019-09-17 06:02:38,736 [pool-27-thread-1] INFO  storage.RaftStorageDirectory (RaftStorageDirectory.java:analyzeStorage(246)) - The storage directory /workdir/hadoop-ozone/integration-test/target/test-dir/MiniOzoneClusterImpl-9c1dcb1a-3312-40b8-b485-08dcdfac2e9c/datanode-0/data/ratis/fe3e7145-52c9-43f2-bcd7-bb14ecc8e4ab does not exist. Creating ...
2019-09-17 06:02:38,736 [pool-57-thread-1] INFO  storage.RaftStorageDirectory (RaftStorageDirectory.java:analyzeStorage(246)) - The storage directory /workdir/hadoop-ozone/integration-test/target/test-dir/MiniOzoneClusterImpl-9c1dcb1a-3312-40b8-b485-08dcdfac2e9c/datanode-3/data/ratis/fe3e7145-52c9-43f2-bcd7-bb14ecc8e4ab does not exist. Creating ...
2019-09-17 06:02:38,736 [pool-77-thread-1] INFO  storage.RaftStorageDirectory (RaftStorageDirectory.java:analyzeStorage(246)) - The storage directory /workdir/hadoop-ozone/integration-test/target/test-dir/MiniOzoneClusterImpl-9c1dcb1a-3312-40b8-b485-08dcdfac2e9c/datanode-5/data/ratis/fe3e7145-52c9-43f2-bcd7-bb14ecc8e4ab does not exist. Creating ...
2019-09-17 06:02:38,750 [pool-27-thread-1] INFO  storage.RaftStorageDirectory (RaftStorageDirectory.java:tryLock(328)) - Lock on /workdir/hadoop-ozone/integration-test/target/test-dir/MiniOzoneClusterImpl-9c1dcb1a-3312-40b8-b485-08dcdfac2e9c/datanode-0/data/ratis/fe3e7145-52c9-43f2-bcd7-bb14ecc8e4ab/in_use.lock acquired by nodename 8438@pr-hdds-2132-5g9kv-3389001449
2019-09-17 06:02:38,750 [pool-77-thread-1] INFO  storage.RaftStorageDirectory (RaftStorageDirectory.java:tryLock(328)) - Lock on /workdir/hadoop-ozone/integration-test/target/test-dir/MiniOzoneClusterImpl-9c1dcb1a-3312-40b8-b485-08dcdfac2e9c/datanode-5/data/ratis/fe3e7145-52c9-43f2-bcd7-bb14ecc8e4ab/in_use.lock acquired by nodename 8438@pr-hdds-2132-5g9kv-3389001449
2019-09-17 06:02:38,750 [pool-57-thread-1] INFO  storage.RaftStorageDirectory (RaftStorageDirectory.java:tryLock(328)) - Lock on /workdir/hadoop-ozone/integration-test/target/test-dir/MiniOzoneClusterImpl-9c1dcb1a-3312-40b8-b485-08dcdfac2e9c/datanode-3/data/ratis/fe3e7145-52c9-43f2-bcd7-bb14ecc8e4ab/in_use.lock acquired by nodename 8438@pr-hdds-2132-5g9kv-3389001449
2019-09-17 06:02:38,763 [pool-77-thread-1] INFO  storage.RaftStorage (RaftStorage.java:format(72)) - Storage directory /workdir/hadoop-ozone/integration-test/target/test-dir/MiniOzoneClusterImpl-9c1dcb1a-3312-40b8-b485-08dcdfac2e9c/datanode-5/data/ratis/fe3e7145-52c9-43f2-bcd7-bb14ecc8e4ab has been successfully formatted.
2019-09-17 06:02:38,763 [pool-57-thread-1] INFO  storage.RaftStorage (RaftStorage.java:format(72)) - Storage directory /workdir/hadoop-ozone/integration-test/target/test-dir/MiniOzoneClusterImpl-9c1dcb1a-3312-40b8-b485-08dcdfac2e9c/datanode-3/data/ratis/fe3e7145-52c9-43f2-bcd7-bb14ecc8e4ab has been successfully formatted.
2019-09-17 06:02:38,763 [pool-27-thread-1] INFO  storage.RaftStorage (RaftStorage.java:format(72)) - Storage directory /workdir/hadoop-ozone/integration-test/target/test-dir/MiniOzoneClusterImpl-9c1dcb1a-3312-40b8-b485-08dcdfac2e9c/datanode-0/data/ratis/fe3e7145-52c9-43f2-bcd7-bb14ecc8e4ab has been successfully formatted.
2019-09-17 06:02:38,764 [pool-77-thread-1] INFO  ratis.ContainerStateMachine (ContainerStateMachine.java:loadSnapshot(230)) - group-BB14ECC8E4AB: The snapshot info is null. Setting the last applied indexto:(t:0, i:~)
2019-09-17 06:02:38,764 [pool-27-thread-1] INFO  ratis.ContainerStateMachine (ContainerStateMachine.java:loadSnapshot(230)) - group-BB14ECC8E4AB: The snapshot info is null. Setting the last applied indexto:(t:0, i:~)
2019-09-17 06:02:38,764 [pool-57-thread-1] INFO  ratis.ContainerStateMachine (ContainerStateMachine.java:loadSnapshot(230)) - group-BB14ECC8E4AB: The snapshot info is null. Setting the last applied indexto:(t:0, i:~)
2019-09-17 06:02:38,764 [pool-27-thread-1] INFO  server.RaftServerConfigKeys (ConfUtils.java:logGet(43)) - raft.server.notification.no-leader.timeout = 120s (custom)
2019-09-17 06:02:38,764 [pool-77-thread-1] INFO  server.RaftServerConfigKeys (ConfUtils.java:logGet(43)) - raft.server.notification.no-leader.timeout = 120s (custom)
2019-09-17 06:02:38,765 [pool-27-thread-1] INFO  server.RaftServerConfigKeys (ConfUtils.java:logGet(43)) - raft.server.log.use.memory = false (default)
2019-09-17 06:02:38,764 [pool-57-thread-1] INFO  server.RaftServerConfigKeys (ConfUtils.java:logGet(43)) - raft.server.notification.no-leader.timeout = 120s (custom)
2019-09-17 06:02:38,765 [pool-27-thread-1] INFO  server.RaftServerConfigKeys (ConfUtils.java:logGet(43)) - raft.server.log.purge.gap = 1000000 (custom)
2019-09-17 06:02:38,765 [pool-57-thread-1] INFO  server.RaftServerConfigKeys (ConfUtils.java:logGet(43)) - raft.server.log.use.memory = false (default)
2019-09-17 06:02:38,765 [pool-77-thread-1] INFO  server.RaftServerConfigKeys (ConfUtils.java:logGet(43)) - raft.server.log.use.memory = false (default)
2019-09-17 06:02:38,765 [pool-57-thread-1] INFO  server.RaftServerConfigKeys (ConfUtils.java:logGet(43)) - raft.server.log.purge.gap = 1000000 (custom)
2019-09-17 06:02:38,765 [pool-27-thread-1] INFO  server.RaftServerConfigKeys (ConfUtils.java:logGet(43)) - raft.server.log.appender.buffer.byte-limit = 33554432 (custom)
2019-09-17 06:02:38,766 [pool-57-thread-1] INFO  server.RaftServerConfigKeys (ConfUtils.java:logGet(43)) - raft.server.log.appender.buffer.byte-limit = 33554432 (custom)
2019-09-17 06:02:38,766 [pool-77-thread-1] INFO  server.RaftServerConfigKeys (ConfUtils.java:logGet(43)) - raft.server.log.purge.gap = 1000000 (custom)
2019-09-17 06:02:38,766 [pool-57-thread-1] INFO  server.RaftServerConfigKeys (ConfUtils.java:logGet(43)) - raft.server.log.segment.size.max = 1048576 (custom)
2019-09-17 06:02:38,766 [pool-27-thread-1] INFO  server.RaftServerConfigKeys (ConfUtils.java:logGet(43)) - raft.server.log.segment.size.max = 1048576 (custom)
2019-09-17 06:02:38,766 [pool-57-thread-1] INFO  server.RaftServerConfigKeys (ConfUtils.java:logGet(43)) - raft.server.log.segment.cache.num.max = 2 (custom)
2019-09-17 06:02:38,766 [pool-77-thread-1] INFO  server.RaftServerConfigKeys (ConfUtils.java:logGet(43)) - raft.server.log.appender.buffer.byte-limit = 33554432 (custom)
2019-09-17 06:02:38,767 [pool-57-thread-1] INFO  segmented.SegmentedRaftLogWorker (SegmentedRaftLogWorker.java:<init>(172)) - new c5233a29-19a6-42e1-869f-0cfd92a1650c@group-BB14ECC8E4AB-SegmentedRaftLogWorker for RaftStorage:Storage Directory /workdir/hadoop-ozone/integration-test/target/test-dir/MiniOzoneClusterImpl-9c1dcb1a-3312-40b8-b485-08dcdfac2e9c/datanode-3/data/ratis/fe3e7145-52c9-43f2-bcd7-bb14ecc8e4ab
2019-09-17 06:02:38,766 [pool-27-thread-1] INFO  server.RaftServerConfigKeys (ConfUtils.java:logGet(43)) - raft.server.log.segment.cache.num.max = 2 (custom)
2019-09-17 06:02:38,767 [pool-57-thread-1] INFO  server.RaftServerConfigKeys (ConfUtils.java:logGet(43)) - raft.server.log.queue.byte-limit = 2147483647 (custom)
2019-09-17 06:02:38,767 [pool-77-thread-1] INFO  server.RaftServerConfigKeys (ConfUtils.java:logGet(43)) - raft.server.log.segment.size.max = 1048576 (custom)
2019-09-17 06:02:38,767 [pool-57-thread-1] INFO  server.RaftServerConfigKeys (ConfUtils.java:logGet(43)) - raft.server.log.queue.element-limit = 1024 (custom)
2019-09-17 06:02:38,767 [pool-27-thread-1] INFO  segmented.SegmentedRaftLogWorker (SegmentedRaftLogWorker.java:<init>(172)) - new f6013552-a382-44c6-bdc3-8253bd9e054c@group-BB14ECC8E4AB-SegmentedRaftLogWorker for RaftStorage:Storage Directory /workdir/hadoop-ozone/integration-test/target/test-dir/MiniOzoneClusterImpl-9c1dcb1a-3312-40b8-b485-08dcdfac2e9c/datanode-0/data/ratis/fe3e7145-52c9-43f2-bcd7-bb14ecc8e4ab
2019-09-17 06:02:38,768 [pool-57-thread-1] INFO  server.RaftServerConfigKeys (ConfUtils.java:logGet(43)) - raft.server.log.segment.size.max = 1048576 (custom)
2019-09-17 06:02:38,767 [pool-77-thread-1] INFO  server.RaftServerConfigKeys (ConfUtils.java:logGet(43)) - raft.server.log.segment.cache.num.max = 2 (custom)
2019-09-17 06:02:38,768 [pool-57-thread-1] INFO  server.RaftServerConfigKeys (ConfUtils.java:logGet(43)) - raft.server.log.preallocated.size = 16384 (custom)
2019-09-17 06:02:38,768 [pool-27-thread-1] INFO  server.RaftServerConfigKeys (ConfUtils.java:logGet(43)) - raft.server.log.queue.byte-limit = 2147483647 (custom)
2019-09-17 06:02:38,768 [pool-57-thread-1] INFO  server.RaftServerConfigKeys (ConfUtils.java:logGet(43)) - raft.server.log.write.buffer.size = 33554432 (custom)
2019-09-17 06:02:38,768 [pool-57-thread-1] INFO  server.RaftServerConfigKeys (ConfUtils.java:logGet(43)) - raft.server.log.force.sync.num = 128 (default)
2019-09-17 06:02:38,768 [pool-77-thread-1] INFO  segmented.SegmentedRaftLogWorker (SegmentedRaftLogWorker.java:<init>(172)) - new 3ec0bce2-5a80-4efc-b2ca-bab81cc18a9f@group-BB14ECC8E4AB-SegmentedRaftLogWorker for RaftStorage:Storage Directory /workdir/hadoop-ozone/integration-test/target/test-dir/MiniOzoneClusterImpl-9c1dcb1a-3312-40b8-b485-08dcdfac2e9c/datanode-5/data/ratis/fe3e7145-52c9-43f2-bcd7-bb14ecc8e4ab
2019-09-17 06:02:38,769 [pool-57-thread-1] INFO  server.RaftServerConfigKeys (ConfUtils.java:logGet(43)) - raft.server.log.statemachine.data.sync = true (default)
2019-09-17 06:02:38,768 [pool-27-thread-1] INFO  server.RaftServerConfigKeys (ConfUtils.java:logGet(43)) - raft.server.log.queue.element-limit = 1024 (custom)
2019-09-17 06:02:38,769 [pool-57-thread-1] INFO  server.RaftServerConfigKeys (ConfUtils.java:logGet(43)) - raft.server.log.statemachine.data.sync.timeout = 10s (default)
2019-09-17 06:02:38,769 [pool-57-thread-1] INFO  server.RaftServerConfigKeys (ConfUtils.java:logGet(43)) - raft.server.log.statemachine.data.sync.timeout.retry = -1 (default)
2019-09-17 06:02:38,769 [pool-77-thread-1] INFO  server.RaftServerConfigKeys (ConfUtils.java:logGet(43)) - raft.server.log.queue.byte-limit = 2147483647 (custom)
2019-09-17 06:02:38,770 [pool-57-thread-1] INFO  server.RaftServerConfigKeys (ConfUtils.java:logGet(43)) - raft.server.log.statemachine.data.caching.enabled = true (custom)
2019-09-17 06:02:38,769 [pool-27-thread-1] INFO  server.RaftServerConfigKeys (ConfUtils.java:logGet(43)) - raft.server.log.segment.size.max = 1048576 (custom)
2019-09-17 06:02:38,770 [pool-77-thread-1] INFO  server.RaftServerConfigKeys (ConfUtils.java:logGet(43)) - raft.server.log.queue.element-limit = 1024 (custom)
2019-09-17 06:02:38,770 [pool-57-thread-1] INFO  segmented.SegmentedRaftLogWorker (SegmentedRaftLogWorker.java:lambda$new$0(132)) - c5233a29-19a6-42e1-869f-0cfd92a1650c@group-BB14ECC8E4AB-SegmentedRaftLogWorker: flushIndex: setUnconditionally 0 -> -1
2019-09-17 06:02:38,770 [pool-27-thread-1] INFO  server.RaftServerConfigKeys (ConfUtils.java:logGet(43)) - raft.server.log.preallocated.size = 16384 (custom)
2019-09-17 06:02:38,770 [pool-77-thread-1] INFO  server.RaftServerConfigKeys (ConfUtils.java:logGet(43)) - raft.server.log.segment.size.max = 1048576 (custom)
2019-09-17 06:02:38,770 [pool-27-thread-1] INFO  server.RaftServerConfigKeys (ConfUtils.java:logGet(43)) - raft.server.log.write.buffer.size = 33554432 (custom)
2019-09-17 06:02:38,771 [pool-77-thread-1] INFO  server.RaftServerConfigKeys (ConfUtils.java:logGet(43)) - raft.server.log.preallocated.size = 16384 (custom)
2019-09-17 06:02:38,771 [pool-57-thread-1] INFO  server.RaftServerConfigKeys (ConfUtils.java:logGet(43)) - raft.server.snapshot.auto.trigger.enabled = true (custom)
2019-09-17 06:02:38,771 [pool-77-thread-1] INFO  server.RaftServerConfigKeys (ConfUtils.java:logGet(43)) - raft.server.log.write.buffer.size = 33554432 (custom)
2019-09-17 06:02:38,771 [pool-27-thread-1] INFO  server.RaftServerConfigKeys (ConfUtils.java:logGet(43)) - raft.server.log.force.sync.num = 128 (default)
2019-09-17 06:02:38,771 [pool-77-thread-1] INFO  server.RaftServerConfigKeys (ConfUtils.java:logGet(43)) - raft.server.log.force.sync.num = 128 (default)
2019-09-17 06:02:38,771 [pool-57-thread-1] INFO  server.RaftServerConfigKeys (ConfUtils.java:logGet(43)) - raft.server.snapshot.auto.trigger.threshold = 10000 (custom)
2019-09-17 06:02:38,772 [pool-77-thread-1] INFO  server.RaftServerConfigKeys (ConfUtils.java:logGet(43)) - raft.server.log.statemachine.data.sync = true (default)
2019-09-17 06:02:38,772 [pool-77-thread-1] INFO  server.RaftServerConfigKeys (ConfUtils.java:logGet(43)) - raft.server.log.statemachine.data.sync.timeout = 10s (default)
2019-09-17 06:02:38,771 [pool-27-thread-1] INFO  server.RaftServerConfigKeys (ConfUtils.java:logGet(43)) - raft.server.log.statemachine.data.sync = true (default)
2019-09-17 06:02:38,772 [pool-77-thread-1] INFO  server.RaftServerConfigKeys (ConfUtils.java:logGet(43)) - raft.server.log.statemachine.data.sync.timeout.retry = -1 (default)
2019-09-17 06:02:38,772 [pool-57-thread-1] INFO  server.RaftServerConfigKeys (ConfUtils.java:logGet(43)) - raft.server.snapshot.retention.num.files = 5 (custom)
2019-09-17 06:02:38,772 [pool-77-thread-1] INFO  server.RaftServerConfigKeys (ConfUtils.java:logGet(43)) - raft.server.log.statemachine.data.caching.enabled = true (custom)
2019-09-17 06:02:38,772 [pool-27-thread-1] INFO  server.RaftServerConfigKeys (ConfUtils.java:logGet(43)) - raft.server.log.statemachine.data.sync.timeout = 10s (default)
2019-09-17 06:02:38,772 [pool-57-thread-1] INFO  server.RaftServerConfigKeys (ConfUtils.java:logGet(43)) - raft.server.retrycache.expirytime = 600000ms (custom)
2019-09-17 06:02:38,773 [pool-77-thread-1] INFO  segmented.SegmentedRaftLogWorker (SegmentedRaftLogWorker.java:lambda$new$0(132)) - 3ec0bce2-5a80-4efc-b2ca-bab81cc18a9f@group-BB14ECC8E4AB-SegmentedRaftLogWorker: flushIndex: setUnconditionally 0 -> -1
2019-09-17 06:02:38,773 [pool-27-thread-1] INFO  server.RaftServerConfigKeys (ConfUtils.java:logGet(43)) - raft.server.log.statemachine.data.sync.timeout.retry = -1 (default)
2019-09-17 06:02:38,773 [pool-27-thread-1] INFO  server.RaftServerConfigKeys (ConfUtils.java:logGet(43)) - raft.server.log.statemachine.data.caching.enabled = true (custom)
2019-09-17 06:02:38,773 [pool-77-thread-1] INFO  server.RaftServerConfigKeys (ConfUtils.java:logGet(43)) - raft.server.snapshot.auto.trigger.enabled = true (custom)
2019-09-17 06:02:38,773 [pool-77-thread-1] INFO  server.RaftServerConfigKeys (ConfUtils.java:logGet(43)) - raft.server.snapshot.auto.trigger.threshold = 10000 (custom)
2019-09-17 06:02:38,773 [pool-27-thread-1] INFO  segmented.SegmentedRaftLogWorker (SegmentedRaftLogWorker.java:lambda$new$0(132)) - f6013552-a382-44c6-bdc3-8253bd9e054c@group-BB14ECC8E4AB-SegmentedRaftLogWorker: flushIndex: setUnconditionally 0 -> -1
2019-09-17 06:02:38,774 [pool-77-thread-1] INFO  server.RaftServerConfigKeys (ConfUtils.java:logGet(43)) - raft.server.snapshot.retention.num.files = 5 (custom)
2019-09-17 06:02:38,774 [pool-77-thread-1] INFO  server.RaftServerConfigKeys (ConfUtils.java:logGet(43)) - raft.server.retrycache.expirytime = 600000ms (custom)
2019-09-17 06:02:38,774 [pool-27-thread-1] INFO  server.RaftServerConfigKeys (ConfUtils.java:logGet(43)) - raft.server.snapshot.auto.trigger.enabled = true (custom)
2019-09-17 06:02:38,774 [pool-27-thread-1] INFO  server.RaftServerConfigKeys (ConfUtils.java:logGet(43)) - raft.server.snapshot.auto.trigger.threshold = 10000 (custom)
2019-09-17 06:02:38,774 [pool-27-thread-1] INFO  server.RaftServerConfigKeys (ConfUtils.java:logGet(43)) - raft.server.snapshot.retention.num.files = 5 (custom)
2019-09-17 06:02:38,774 [pool-27-thread-1] INFO  server.RaftServerConfigKeys (ConfUtils.java:logGet(43)) - raft.server.retrycache.expirytime = 600000ms (custom)
2019-09-17 06:02:38,779 [pool-57-thread-1] INFO  impl.RaftServerImpl (RaftServerImpl.java:start(185)) - c5233a29-19a6-42e1-869f-0cfd92a1650c@group-BB14ECC8E4AB: start as a follower, conf=-1: [f6013552-a382-44c6-bdc3-8253bd9e054c:192.168.34.7:43799, c5233a29-19a6-42e1-869f-0cfd92a1650c:192.168.34.7:33862, 3ec0bce2-5a80-4efc-b2ca-bab81cc18a9f:192.168.34.7:33921], old=null
2019-09-17 06:02:38,779 [pool-57-thread-1] INFO  impl.RaftServerImpl (RaftServerImpl.java:setRole(174)) - c5233a29-19a6-42e1-869f-0cfd92a1650c@group-BB14ECC8E4AB: changes role from      null to FOLLOWER at term 0 for startAsFollower
2019-09-17 06:02:38,780 [pool-57-thread-1] INFO  impl.RoleInfo (RoleInfo.java:updateAndGet(143)) - c5233a29-19a6-42e1-869f-0cfd92a1650c: start FollowerState
2019-09-17 06:02:38,780 [pool-77-thread-1] INFO  impl.RaftServerImpl (RaftServerImpl.java:start(185)) - 3ec0bce2-5a80-4efc-b2ca-bab81cc18a9f@group-BB14ECC8E4AB: start as a follower, conf=-1: [f6013552-a382-44c6-bdc3-8253bd9e054c:192.168.34.7:43799, c5233a29-19a6-42e1-869f-0cfd92a1650c:192.168.34.7:33862, 3ec0bce2-5a80-4efc-b2ca-bab81cc18a9f:192.168.34.7:33921], old=null
2019-09-17 06:02:38,780 [pool-77-thread-1] INFO  impl.RaftServerImpl (RaftServerImpl.java:setRole(174)) - 3ec0bce2-5a80-4efc-b2ca-bab81cc18a9f@group-BB14ECC8E4AB: changes role from      null to FOLLOWER at term 0 for startAsFollower
2019-09-17 06:02:38,780 [pool-27-thread-1] INFO  impl.RaftServerImpl (RaftServerImpl.java:start(185)) - f6013552-a382-44c6-bdc3-8253bd9e054c@group-BB14ECC8E4AB: start as a follower, conf=-1: [f6013552-a382-44c6-bdc3-8253bd9e054c:192.168.34.7:43799, c5233a29-19a6-42e1-869f-0cfd92a1650c:192.168.34.7:33862, 3ec0bce2-5a80-4efc-b2ca-bab81cc18a9f:192.168.34.7:33921], old=null
2019-09-17 06:02:38,780 [pool-77-thread-1] INFO  impl.RoleInfo (RoleInfo.java:updateAndGet(143)) - 3ec0bce2-5a80-4efc-b2ca-bab81cc18a9f: start FollowerState
2019-09-17 06:02:38,780 [pool-57-thread-1] INFO  util.JmxRegister (JmxRegister.java:tryRegister(44)) - Successfully registered JMX Bean with object name Ratis:service=RaftServer,group=group-BB14ECC8E4AB,id=c5233a29-19a6-42e1-869f-0cfd92a1650c
2019-09-17 06:02:38,780 [pool-27-thread-1] INFO  impl.RaftServerImpl (RaftServerImpl.java:setRole(174)) - f6013552-a382-44c6-bdc3-8253bd9e054c@group-BB14ECC8E4AB: changes role from      null to FOLLOWER at term 0 for startAsFollower
2019-09-17 06:02:38,781 [pool-77-thread-1] INFO  util.JmxRegister (JmxRegister.java:tryRegister(44)) - Successfully registered JMX Bean with object name Ratis:service=RaftServer,group=group-BB14ECC8E4AB,id=3ec0bce2-5a80-4efc-b2ca-bab81cc18a9f
2019-09-17 06:02:38,781 [pool-27-thread-1] INFO  impl.RoleInfo (RoleInfo.java:updateAndGet(143)) - f6013552-a382-44c6-bdc3-8253bd9e054c: start FollowerState
2019-09-17 06:02:38,781 [pool-27-thread-1] INFO  util.JmxRegister (JmxRegister.java:tryRegister(44)) - Successfully registered JMX Bean with object name Ratis:service=RaftServer,group=group-BB14ECC8E4AB,id=f6013552-a382-44c6-bdc3-8253bd9e054c
2019-09-17 06:02:38,785 [RatisPipelineUtilsThread] INFO  pipeline.PipelineStateManager (PipelineStateManager.java:addPipeline(56)) - Created pipeline Pipeline[ Id: fe3e7145-52c9-43f2-bcd7-bb14ecc8e4ab, Nodes: c5233a29-19a6-42e1-869f-0cfd92a1650c{ip: 192.168.34.7, host: pr-hdds-2132-5g9kv-3389001449, networkLocation: /default-rack, certSerialId: null}3ec0bce2-5a80-4efc-b2ca-bab81cc18a9f{ip: 192.168.34.7, host: pr-hdds-2132-5g9kv-3389001449, networkLocation: /default-rack, certSerialId: null}f6013552-a382-44c6-bdc3-8253bd9e054c{ip: 192.168.34.7, host: pr-hdds-2132-5g9kv-3389001449, networkLocation: /default-rack, certSerialId: null}, Type:RATIS, Factor:THREE, State:OPEN]
2019-09-17 06:02:39,083 [EventQueue-PipelineActionsForPipelineActionHandler] ERROR pipeline.PipelineActionHandler (PipelineActionHandler.java:onMessage(60)) - Received pipeline action CLOSE for Pipeline[ Id: 28c3b40f-4470-4af7-82e9-cbf25e866eaa, Nodes: c5233a29-19a6-42e1-869f-0cfd92a1650c{ip: 192.168.34.7, host: pr-hdds-2132-5g9kv-3389001449, networkLocation: /default-rack, certSerialId: null}3ec0bce2-5a80-4efc-b2ca-bab81cc18a9f{ip: 192.168.34.7, host: pr-hdds-2132-5g9kv-3389001449, networkLocation: /default-rack, certSerialId: null}f6013552-a382-44c6-bdc3-8253bd9e054c{ip: 192.168.34.7, host: pr-hdds-2132-5g9kv-3389001449, networkLocation: /default-rack, certSerialId: null}, Type:RATIS, Factor:THREE, State:CLOSED] from datanode 3ec0bce2-5a80-4efc-b2ca-bab81cc18a9f{ip: 192.168.34.7, host: pr-hdds-2132-5g9kv-3389001449, networkLocation: /default-rack, certSerialId: null}. Reason : 3ec0bce2-5a80-4efc-b2ca-bab81cc18a9f has not seen follower/s f6013552-a382-44c6-bdc3-8253bd9e054c for 155692ms c5233a29-19a6-42e1-869f-0cfd92a1650c for 155692ms
2019-09-17 06:02:39,084 [EventQueue-PipelineActionsForPipelineActionHandler] INFO  pipeline.SCMPipelineManager (SCMPipelineManager.java:finalizeAndDestroyPipeline(311)) - destroying pipeline:Pipeline[ Id: 28c3b40f-4470-4af7-82e9-cbf25e866eaa, Nodes: c5233a29-19a6-42e1-869f-0cfd92a1650c{ip: 192.168.34.7, host: pr-hdds-2132-5g9kv-3389001449, networkLocation: /default-rack, certSerialId: null}3ec0bce2-5a80-4efc-b2ca-bab81cc18a9f{ip: 192.168.34.7, host: pr-hdds-2132-5g9kv-3389001449, networkLocation: /default-rack, certSerialId: null}f6013552-a382-44c6-bdc3-8253bd9e054c{ip: 192.168.34.7, host: pr-hdds-2132-5g9kv-3389001449, networkLocation: /default-rack, certSerialId: null}, Type:RATIS, Factor:THREE, State:CLOSED]
2019-09-17 06:02:39,094 [java.util.concurrent.ThreadPoolExecutor$Worker@2971b8e1[State = -1, empty queue]] WARN  server.GrpcLogAppender (GrpcLogAppender.java:timeoutAppendRequest(200)) - 3ec0bce2-5a80-4efc-b2ca-bab81cc18a9f@group-CBF25E866EAA->c5233a29-19a6-42e1-869f-0cfd92a1650c-GrpcLogAppender: appendEntries Timeout, request=3ec0bce2-5a80-4efc-b2ca-bab81cc18a9f->c5233a29-19a6-42e1-869f-0cfd92a1650c#75-t1, previous=(t:1, i:13), leaderCommit=6, initializing? false, entries: <empty>
2019-09-17 06:02:39,095 [java.util.concurrent.ThreadPoolExecutor$Worker@457453c9[State = -1, empty queue]] WARN  server.GrpcLogAppender (GrpcLogAppender.java:timeoutAppendRequest(200)) - 3ec0bce2-5a80-4efc-b2ca-bab81cc18a9f@group-CBF25E866EAA->f6013552-a382-44c6-bdc3-8253bd9e054c-GrpcLogAppender: appendEntries Timeout, request=3ec0bce2-5a80-4efc-b2ca-bab81cc18a9f->f6013552-a382-44c6-bdc3-8253bd9e054c#75-t1, previous=(t:1, i:13), leaderCommit=6, initializing? false, entries: <empty>
2019-09-17 06:02:39,313 [grpc-default-executor-2] INFO  client.GrpcClientProtocolClient (GrpcClientProtocolClient.java:onNext(264)) - client-EE883D609918->f6013552-a382-44c6-bdc3-8253bd9e054c: receive RaftClientReply:client-EE883D609918->f6013552-a382-44c6-bdc3-8253bd9e054c@group-CBF25E866EAA, cid=39, FAILED org.apache.ratis.protocol.NotLeaderException: Server f6013552-a382-44c6-bdc3-8253bd9e054c@group-CBF25E866EAA is not the leader 3ec0bce2-5a80-4efc-b2ca-bab81cc18a9f:192.168.34.7:33921, logIndex=0, commits[f6013552-a382-44c6-bdc3-8253bd9e054c:c6, c5233a29-19a6-42e1-869f-0cfd92a1650c:c4, 3ec0bce2-5a80-4efc-b2ca-bab81cc18a9f:c6]
2019-09-17 06:02:41,097 [org.apache.ratis.server.impl.LogAppender$AppenderDaemon$$Lambda$508/456872507@3fae9b8d] ERROR ratis.XceiverServerRatis (XceiverServerRatis.java:triggerPipelineClose(575)) - pipeline Action CLOSE  on pipeline PipelineID=28c3b40f-4470-4af7-82e9-cbf25e866eaa.Reason : 3ec0bce2-5a80-4efc-b2ca-bab81cc18a9f has not seen follower/s f6013552-a382-44c6-bdc3-8253bd9e054c for 158193ms c5233a29-19a6-42e1-869f-0cfd92a1650c for 158193ms
2019-09-17 06:02:41,097 [org.apache.ratis.server.impl.LogAppender$AppenderDaemon$$Lambda$508/456872507@6c2757a5] ERROR ratis.XceiverServerRatis (XceiverServerRatis.java:triggerPipelineClose(575)) - pipeline Action CLOSE  on pipeline PipelineID=28c3b40f-4470-4af7-82e9-cbf25e866eaa.Reason : 3ec0bce2-5a80-4efc-b2ca-bab81cc18a9f has not seen follower/s f6013552-a382-44c6-bdc3-8253bd9e054c for 158193ms c5233a29-19a6-42e1-869f-0cfd92a1650c for 158193ms
2019-09-17 06:02:41,595 [java.util.concurrent.ThreadPoolExecutor$Worker@2971b8e1[State = -1, empty queue]] WARN  server.GrpcLogAppender (GrpcLogAppender.java:timeoutAppendRequest(200)) - 3ec0bce2-5a80-4efc-b2ca-bab81cc18a9f@group-CBF25E866EAA->c5233a29-19a6-42e1-869f-0cfd92a1650c-GrpcLogAppender: appendEntries Timeout, request=3ec0bce2-5a80-4efc-b2ca-bab81cc18a9f->c5233a29-19a6-42e1-869f-0cfd92a1650c#76-t1, previous=(t:1, i:13), leaderCommit=6, initializing? false, entries: <empty>
2019-09-17 06:02:41,595 [java.util.concurrent.ThreadPoolExecutor$Worker@457453c9[State = -1, empty queue]] WARN  server.GrpcLogAppender (GrpcLogAppender.java:timeoutAppendRequest(200)) - 3ec0bce2-5a80-4efc-b2ca-bab81cc18a9f@group-CBF25E866EAA->f6013552-a382-44c6-bdc3-8253bd9e054c-GrpcLogAppender: appendEntries Timeout, request=3ec0bce2-5a80-4efc-b2ca-bab81cc18a9f->f6013552-a382-44c6-bdc3-8253bd9e054c#76-t1, previous=(t:1, i:13), leaderCommit=6, initializing? false, entries: <empty>
2019-09-17 06:02:42,084 [EventQueue-PipelineActionsForPipelineActionHandler] ERROR pipeline.PipelineActionHandler (PipelineActionHandler.java:onMessage(60)) - Received pipeline action CLOSE for Pipeline[ Id: 28c3b40f-4470-4af7-82e9-cbf25e866eaa, Nodes: c5233a29-19a6-42e1-869f-0cfd92a1650c{ip: 192.168.34.7, host: pr-hdds-2132-5g9kv-3389001449, networkLocation: /default-rack, certSerialId: null}3ec0bce2-5a80-4efc-b2ca-bab81cc18a9f{ip: 192.168.34.7, host: pr-hdds-2132-5g9kv-3389001449, networkLocation: /default-rack, certSerialId: null}f6013552-a382-44c6-bdc3-8253bd9e054c{ip: 192.168.34.7, host: pr-hdds-2132-5g9kv-3389001449, networkLocation: /default-rack, certSerialId: null}, Type:RATIS, Factor:THREE, State:CLOSED] from datanode 3ec0bce2-5a80-4efc-b2ca-bab81cc18a9f{ip: 192.168.34.7, host: pr-hdds-2132-5g9kv-3389001449, networkLocation: /default-rack, certSerialId: null}. Reason : 3ec0bce2-5a80-4efc-b2ca-bab81cc18a9f has not seen follower/s f6013552-a382-44c6-bdc3-8253bd9e054c for 158193ms c5233a29-19a6-42e1-869f-0cfd92a1650c for 158193ms
2019-09-17 06:02:42,084 [EventQueue-PipelineActionsForPipelineActionHandler] INFO  pipeline.SCMPipelineManager (SCMPipelineManager.java:finalizeAndDestroyPipeline(311)) - destroying pipeline:Pipeline[ Id: 28c3b40f-4470-4af7-82e9-cbf25e866eaa, Nodes: c5233a29-19a6-42e1-869f-0cfd92a1650c{ip: 192.168.34.7, host: pr-hdds-2132-5g9kv-3389001449, networkLocation: /default-rack, certSerialId: null}3ec0bce2-5a80-4efc-b2ca-bab81cc18a9f{ip: 192.168.34.7, host: pr-hdds-2132-5g9kv-3389001449, networkLocation: /default-rack, certSerialId: null}f6013552-a382-44c6-bdc3-8253bd9e054c{ip: 192.168.34.7, host: pr-hdds-2132-5g9kv-3389001449, networkLocation: /default-rack, certSerialId: null}, Type:RATIS, Factor:THREE, State:CLOSED]
2019-09-17 06:02:42,995 [3ec0bce2-5a80-4efc-b2ca-bab81cc18a9f@group-CBF25E866EAA-SegmentedRaftLogWorker] WARN  segmented.SegmentedRaftLogWorker (SegmentedRaftLogWorker.java:getFromFuture(90)) - Timeout 15/~
org.apache.ratis.protocol.TimeoutIOException: Timeout 10s: WriteLog:7: (t:1, i:7), STATEMACHINELOGENTRY, client-EE883D609918, cid=39-writeStateMachineData
	at org.apache.ratis.util.IOUtils.getFromFuture(IOUtils.java:87)
	at org.apache.ratis.server.raftlog.segmented.SegmentedRaftLogWorker$StateMachineDataPolicy.getFromFuture(SegmentedRaftLogWorker.java:87)
	at org.apache.ratis.server.raftlog.segmented.SegmentedRaftLogWorker$WriteLog.execute(SegmentedRaftLogWorker.java:477)
	at org.apache.ratis.server.raftlog.segmented.SegmentedRaftLogWorker.run(SegmentedRaftLogWorker.java:289)
	at java.lang.Thread.run(Thread.java:748)
Caused by: java.util.concurrent.TimeoutException
	at java.util.concurrent.CompletableFuture.timedGet(CompletableFuture.java:1771)
	at java.util.concurrent.CompletableFuture.get(CompletableFuture.java:1915)
	at org.apache.ratis.util.IOUtils.getFromFuture(IOUtils.java:79)
	... 4 more
2019-09-17 06:02:42,998 [f6013552-a382-44c6-bdc3-8253bd9e054c@group-CBF25E866EAA-SegmentedRaftLogWorker] WARN  segmented.SegmentedRaftLogWorker (SegmentedRaftLogWorker.java:getFromFuture(90)) - Timeout 15/~
org.apache.ratis.protocol.TimeoutIOException: Timeout 10s: WriteLog:7: (t:1, i:7), STATEMACHINELOGENTRY, client-EE883D609918, cid=39-writeStateMachineData
	at org.apache.ratis.util.IOUtils.getFromFuture(IOUtils.java:87)
	at org.apache.ratis.server.raftlog.segmented.SegmentedRaftLogWorker$StateMachineDataPolicy.getFromFuture(SegmentedRaftLogWorker.java:87)
	at org.apache.ratis.server.raftlog.segmented.SegmentedRaftLogWorker$WriteLog.execute(SegmentedRaftLogWorker.java:477)
	at org.apache.ratis.server.raftlog.segmented.SegmentedRaftLogWorker.run(SegmentedRaftLogWorker.java:289)
	at java.lang.Thread.run(Thread.java:748)
Caused by: java.util.concurrent.TimeoutException
	at java.util.concurrent.CompletableFuture.timedGet(CompletableFuture.java:1771)
	at java.util.concurrent.CompletableFuture.get(CompletableFuture.java:1915)
	at org.apache.ratis.util.IOUtils.getFromFuture(IOUtils.java:79)
	... 4 more
2019-09-17 06:02:43,007 [c5233a29-19a6-42e1-869f-0cfd92a1650c@group-CBF25E866EAA-SegmentedRaftLogWorker] WARN  segmented.SegmentedRaftLogWorker (SegmentedRaftLogWorker.java:getFromFuture(90)) - Timeout 15/~
org.apache.ratis.protocol.TimeoutIOException: Timeout 10s: WriteLog:7: (t:1, i:7), STATEMACHINELOGENTRY, client-EE883D609918, cid=39-writeStateMachineData
	at org.apache.ratis.util.IOUtils.getFromFuture(IOUtils.java:87)
	at org.apache.ratis.server.raftlog.segmented.SegmentedRaftLogWorker$StateMachineDataPolicy.getFromFuture(SegmentedRaftLogWorker.java:87)
	at org.apache.ratis.server.raftlog.segmented.SegmentedRaftLogWorker$WriteLog.execute(SegmentedRaftLogWorker.java:477)
	at org.apache.ratis.server.raftlog.segmented.SegmentedRaftLogWorker.run(SegmentedRaftLogWorker.java:289)
	at java.lang.Thread.run(Thread.java:748)
Caused by: java.util.concurrent.TimeoutException
	at java.util.concurrent.CompletableFuture.timedGet(CompletableFuture.java:1771)
	at java.util.concurrent.CompletableFuture.get(CompletableFuture.java:1915)
	at org.apache.ratis.util.IOUtils.getFromFuture(IOUtils.java:79)
	... 4 more
2019-09-17 06:02:43,597 [org.apache.ratis.server.impl.LogAppender$AppenderDaemon$$Lambda$508/456872507@3fae9b8d] ERROR ratis.XceiverServerRatis (XceiverServerRatis.java:triggerPipelineClose(575)) - pipeline Action CLOSE  on pipeline PipelineID=28c3b40f-4470-4af7-82e9-cbf25e866eaa.Reason : 3ec0bce2-5a80-4efc-b2ca-bab81cc18a9f has not seen follower/s f6013552-a382-44c6-bdc3-8253bd9e054c for 160694ms c5233a29-19a6-42e1-869f-0cfd92a1650c for 160694ms
2019-09-17 06:02:43,597 [org.apache.ratis.server.impl.LogAppender$AppenderDaemon$$Lambda$508/456872507@6c2757a5] ERROR ratis.XceiverServerRatis (XceiverServerRatis.java:triggerPipelineClose(575)) - pipeline Action CLOSE  on pipeline PipelineID=28c3b40f-4470-4af7-82e9-cbf25e866eaa.Reason : 3ec0bce2-5a80-4efc-b2ca-bab81cc18a9f has not seen follower/s f6013552-a382-44c6-bdc3-8253bd9e054c for 160694ms c5233a29-19a6-42e1-869f-0cfd92a1650c for 160694ms
2019-09-17 06:02:43,832 [Thread-1380] INFO  impl.FollowerState (FollowerState.java:run(106)) - f6013552-a382-44c6-bdc3-8253bd9e054c:group-BB14ECC8E4AB changes to CANDIDATE, lastRpcTime:5051, electionTimeout:5051ms
2019-09-17 06:02:43,833 [Thread-1380] INFO  impl.RoleInfo (RoleInfo.java:shutdownFollowerState(121)) - f6013552-a382-44c6-bdc3-8253bd9e054c: shutdown FollowerState
2019-09-17 06:02:43,834 [Thread-1380] INFO  impl.RaftServerImpl (RaftServerImpl.java:setRole(174)) - f6013552-a382-44c6-bdc3-8253bd9e054c@group-BB14ECC8E4AB: changes role from  FOLLOWER to CANDIDATE at term 0 for changeToCandidate
2019-09-17 06:02:43,834 [Thread-1380] INFO  impl.RoleInfo (RoleInfo.java:updateAndGet(143)) - f6013552-a382-44c6-bdc3-8253bd9e054c: start LeaderElection
2019-09-17 06:02:43,879 [f6013552-a382-44c6-bdc3-8253bd9e054c@group-BB14ECC8E4AB:LeaderElection17] INFO  impl.LeaderElection (LeaderElection.java:askForVotes(182)) - f6013552-a382-44c6-bdc3-8253bd9e054c@group-BB14ECC8E4AB:LeaderElection17: begin an election at term 1 for -1: [f6013552-a382-44c6-bdc3-8253bd9e054c:192.168.34.7:43799, c5233a29-19a6-42e1-869f-0cfd92a1650c:192.168.34.7:33862, 3ec0bce2-5a80-4efc-b2ca-bab81cc18a9f:192.168.34.7:33921], old=null
2019-09-17 06:02:43,887 [grpc-default-executor-1] INFO  impl.RaftServerImpl (RaftServerImpl.java:setRole(174)) - c5233a29-19a6-42e1-869f-0cfd92a1650c@group-BB14ECC8E4AB: changes role from  FOLLOWER to FOLLOWER at term 1 for recognizeCandidate:f6013552-a382-44c6-bdc3-8253bd9e054c
2019-09-17 06:02:43,887 [grpc-default-executor-2] INFO  impl.RaftServerImpl (RaftServerImpl.java:setRole(174)) - 3ec0bce2-5a80-4efc-b2ca-bab81cc18a9f@group-BB14ECC8E4AB: changes role from  FOLLOWER to FOLLOWER at term 1 for recognizeCandidate:f6013552-a382-44c6-bdc3-8253bd9e054c
2019-09-17 06:02:43,888 [grpc-default-executor-1] INFO  impl.RoleInfo (RoleInfo.java:shutdownFollowerState(121)) - c5233a29-19a6-42e1-869f-0cfd92a1650c: shutdown FollowerState
2019-09-17 06:02:43,888 [grpc-default-executor-2] INFO  impl.RoleInfo (RoleInfo.java:shutdownFollowerState(121)) - 3ec0bce2-5a80-4efc-b2ca-bab81cc18a9f: shutdown FollowerState
2019-09-17 06:02:43,888 [grpc-default-executor-1] INFO  impl.RoleInfo (RoleInfo.java:updateAndGet(143)) - c5233a29-19a6-42e1-869f-0cfd92a1650c: start FollowerState
2019-09-17 06:02:43,888 [Thread-1379] INFO  impl.FollowerState (FollowerState.java:run(115)) - 3ec0bce2-5a80-4efc-b2ca-bab81cc18a9f: FollowerState was interrupted: java.lang.InterruptedException: sleep interrupted
2019-09-17 06:02:43,888 [grpc-default-executor-2] INFO  impl.RoleInfo (RoleInfo.java:updateAndGet(143)) - 3ec0bce2-5a80-4efc-b2ca-bab81cc18a9f: start FollowerState
2019-09-17 06:02:43,888 [Thread-1378] INFO  impl.FollowerState (FollowerState.java:run(115)) - c5233a29-19a6-42e1-869f-0cfd92a1650c: FollowerState was interrupted: java.lang.InterruptedException: sleep interrupted
2019-09-17 06:02:43,899 [f6013552-a382-44c6-bdc3-8253bd9e054c@group-BB14ECC8E4AB:LeaderElection17] INFO  impl.LeaderElection (LeaderElection.java:logAndReturn(56)) - f6013552-a382-44c6-bdc3-8253bd9e054c@group-BB14ECC8E4AB:LeaderElection17: Election PASSED; received 1 response(s) [f6013552-a382-44c6-bdc3-8253bd9e054c<-3ec0bce2-5a80-4efc-b2ca-bab81cc18a9f#0:OK-t1] and 0 exception(s); f6013552-a382-44c6-bdc3-8253bd9e054c@group-BB14ECC8E4AB:t1, leader=null, voted=f6013552-a382-44c6-bdc3-8253bd9e054c, raftlog=f6013552-a382-44c6-bdc3-8253bd9e054c@group-BB14ECC8E4AB-SegmentedRaftLog:OPENED:c-1,f-1,i0, conf=-1: [f6013552-a382-44c6-bdc3-8253bd9e054c:192.168.34.7:43799, c5233a29-19a6-42e1-869f-0cfd92a1650c:192.168.34.7:33862, 3ec0bce2-5a80-4efc-b2ca-bab81cc18a9f:192.168.34.7:33921], old=null
2019-09-17 06:02:43,900 [f6013552-a382-44c6-bdc3-8253bd9e054c@group-BB14ECC8E4AB:LeaderElection17] INFO  impl.RoleInfo (RoleInfo.java:shutdownLeaderElection(134)) - f6013552-a382-44c6-bdc3-8253bd9e054c: shutdown LeaderElection
2019-09-17 06:02:43,900 [f6013552-a382-44c6-bdc3-8253bd9e054c@group-BB14ECC8E4AB:LeaderElection17] INFO  impl.RaftServerImpl (RaftServerImpl.java:setRole(174)) - f6013552-a382-44c6-bdc3-8253bd9e054c@group-BB14ECC8E4AB: changes role from CANDIDATE to LEADER at term 1 for changeToLeader
2019-09-17 06:02:43,900 [f6013552-a382-44c6-bdc3-8253bd9e054c@group-BB14ECC8E4AB:LeaderElection17] INFO  impl.RaftServerImpl (ServerState.java:setLeader(253)) - f6013552-a382-44c6-bdc3-8253bd9e054c@group-BB14ECC8E4AB: change Leader from null to f6013552-a382-44c6-bdc3-8253bd9e054c at term 1 for becomeLeader, leader elected after 5135ms
2019-09-17 06:02:43,900 [f6013552-a382-44c6-bdc3-8253bd9e054c@group-BB14ECC8E4AB:LeaderElection17] INFO  server.RaftServerConfigKeys (ConfUtils.java:logGet(43)) - raft.server.staging.catchup.gap = 1000 (default)
2019-09-17 06:02:43,900 [f6013552-a382-44c6-bdc3-8253bd9e054c@group-BB14ECC8E4AB:LeaderElection17] INFO  server.RaftServerConfigKeys (ConfUtils.java:logGet(43)) - raft.server.rpc.sleep.time = 25ms (default)
2019-09-17 06:02:43,900 [f6013552-a382-44c6-bdc3-8253bd9e054c@group-BB14ECC8E4AB:LeaderElection17] INFO  server.RaftServerConfigKeys (ConfUtils.java:logGet(43)) - raft.server.write.element-limit = 4096 (default)
2019-09-17 06:02:43,901 [f6013552-a382-44c6-bdc3-8253bd9e054c@group-BB14ECC8E4AB:LeaderElection17] INFO  server.RaftServerConfigKeys (ConfUtils.java:logGet(43)) - raft.server.watch.timeout = 10s (default)
2019-09-17 06:02:43,901 [f6013552-a382-44c6-bdc3-8253bd9e054c@group-BB14ECC8E4AB:LeaderElection17] INFO  server.RaftServerConfigKeys (ConfUtils.java:logGet(43)) - raft.server.watch.timeout.denomination = 1s (default)
2019-09-17 06:02:43,901 [f6013552-a382-44c6-bdc3-8253bd9e054c@group-BB14ECC8E4AB:LeaderElection17] INFO  server.RaftServerConfigKeys (ConfUtils.java:logGet(43)) - raft.server.watch.element-limit = 65536 (default)
2019-09-17 06:02:43,904 [f6013552-a382-44c6-bdc3-8253bd9e054c@group-BB14ECC8E4AB:LeaderElection17] INFO  server.RaftServerConfigKeys (ConfUtils.java:logGet(43)) - raft.server.log.appender.snapshot.chunk.size.max = 16MB (=16777216) (default)
2019-09-17 06:02:43,904 [f6013552-a382-44c6-bdc3-8253bd9e054c@group-BB14ECC8E4AB:LeaderElection17] INFO  server.RaftServerConfigKeys (ConfUtils.java:logGet(43)) - raft.server.log.appender.buffer.byte-limit = 33554432 (custom)
2019-09-17 06:02:43,904 [f6013552-a382-44c6-bdc3-8253bd9e054c@group-BB14ECC8E4AB:LeaderElection17] INFO  server.RaftServerConfigKeys (ConfUtils.java:logGet(43)) - raft.server.log.appender.buffer.element-limit = 1 (custom)
2019-09-17 06:02:43,904 [f6013552-a382-44c6-bdc3-8253bd9e054c@group-BB14ECC8E4AB:LeaderElection17] INFO  grpc.GrpcConfigKeys$Server (ConfUtils.java:logGet(43)) - raft.grpc.server.leader.outstanding.appends.max = 128 (default)
2019-09-17 06:02:43,904 [f6013552-a382-44c6-bdc3-8253bd9e054c@group-BB14ECC8E4AB:LeaderElection17] INFO  server.RaftServerConfigKeys (ConfUtils.java:logGet(43)) - raft.server.rpc.request.timeout = 3000ms (default)
2019-09-17 06:02:43,905 [f6013552-a382-44c6-bdc3-8253bd9e054c@group-BB14ECC8E4AB:LeaderElection17] INFO  server.RaftServerConfigKeys (ConfUtils.java:logGet(43)) - raft.server.log.appender.install.snapshot.enabled = false (custom)
2019-09-17 06:02:43,905 [f6013552-a382-44c6-bdc3-8253bd9e054c@group-BB14ECC8E4AB:LeaderElection17] INFO  server.RaftServerConfigKeys (ConfUtils.java:logGet(43)) - raft.server.log.appender.snapshot.chunk.size.max = 16MB (=16777216) (default)
2019-09-17 06:02:43,905 [f6013552-a382-44c6-bdc3-8253bd9e054c@group-BB14ECC8E4AB:LeaderElection17] INFO  server.RaftServerConfigKeys (ConfUtils.java:logGet(43)) - raft.server.log.appender.buffer.byte-limit = 33554432 (custom)
2019-09-17 06:02:43,905 [f6013552-a382-44c6-bdc3-8253bd9e054c@group-BB14ECC8E4AB:LeaderElection17] INFO  server.RaftServerConfigKeys (ConfUtils.java:logGet(43)) - raft.server.log.appender.buffer.element-limit = 1 (custom)
2019-09-17 06:02:43,905 [f6013552-a382-44c6-bdc3-8253bd9e054c@group-BB14ECC8E4AB:LeaderElection17] INFO  grpc.GrpcConfigKeys$Server (ConfUtils.java:logGet(43)) - raft.grpc.server.leader.outstanding.appends.max = 128 (default)
2019-09-17 06:02:43,905 [f6013552-a382-44c6-bdc3-8253bd9e054c@group-BB14ECC8E4AB:LeaderElection17] INFO  server.RaftServerConfigKeys (ConfUtils.java:logGet(43)) - raft.server.rpc.request.timeout = 3000ms (default)
2019-09-17 06:02:43,905 [f6013552-a382-44c6-bdc3-8253bd9e054c@group-BB14ECC8E4AB:LeaderElection17] INFO  server.RaftServerConfigKeys (ConfUtils.java:logGet(43)) - raft.server.log.appender.install.snapshot.enabled = false (custom)
2019-09-17 06:02:43,906 [f6013552-a382-44c6-bdc3-8253bd9e054c@group-BB14ECC8E4AB:LeaderElection17] INFO  impl.RoleInfo (RoleInfo.java:updateAndGet(143)) - f6013552-a382-44c6-bdc3-8253bd9e054c: start LeaderState
2019-09-17 06:02:43,906 [f6013552-a382-44c6-bdc3-8253bd9e054c@group-BB14ECC8E4AB:LeaderElection17] INFO  segmented.SegmentedRaftLogWorker (SegmentedRaftLogWorker.java:startLogSegment(380)) - f6013552-a382-44c6-bdc3-8253bd9e054c@group-BB14ECC8E4AB-SegmentedRaftLogWorker: Starting segment from index:0
2019-09-17 06:02:43,907 [f6013552-a382-44c6-bdc3-8253bd9e054c@group-BB14ECC8E4AB:LeaderElection17] INFO  impl.RaftServerImpl (ServerState.java:setRaftConf(354)) - f6013552-a382-44c6-bdc3-8253bd9e054c@group-BB14ECC8E4AB: set configuration 0: [f6013552-a382-44c6-bdc3-8253bd9e054c:192.168.34.7:43799, c5233a29-19a6-42e1-869f-0cfd92a1650c:192.168.34.7:33862, 3ec0bce2-5a80-4efc-b2ca-bab81cc18a9f:192.168.34.7:33921], old=null at 0
2019-09-17 06:02:43,908 [grpc-default-executor-1] INFO  impl.RaftServerImpl (ServerState.java:setLeader(253)) - c5233a29-19a6-42e1-869f-0cfd92a1650c@group-BB14ECC8E4AB: change Leader from null to f6013552-a382-44c6-bdc3-8253bd9e054c at term 1 for appendEntries, leader elected after 5143ms
2019-09-17 06:02:43,908 [grpc-default-executor-2] INFO  impl.RaftServerImpl (ServerState.java:setLeader(253)) - 3ec0bce2-5a80-4efc-b2ca-bab81cc18a9f@group-BB14ECC8E4AB: change Leader from null to f6013552-a382-44c6-bdc3-8253bd9e054c at term 1 for appendEntries, leader elected after 5144ms
2019-09-17 06:02:43,938 [f6013552-a382-44c6-bdc3-8253bd9e054c@group-BB14ECC8E4AB-SegmentedRaftLogWorker] INFO  segmented.SegmentedRaftLogWorker (SegmentedRaftLogWorker.java:execute(569)) - f6013552-a382-44c6-bdc3-8253bd9e054c@group-BB14ECC8E4AB-SegmentedRaftLogWorker: created new log segment /workdir/hadoop-ozone/integration-test/target/test-dir/MiniOzoneClusterImpl-9c1dcb1a-3312-40b8-b485-08dcdfac2e9c/datanode-0/data/ratis/fe3e7145-52c9-43f2-bcd7-bb14ecc8e4ab/current/log_inprogress_0
2019-09-17 06:02:43,939 [grpc-default-executor-2] INFO  impl.RaftServerImpl (ServerState.java:setRaftConf(354)) - c5233a29-19a6-42e1-869f-0cfd92a1650c@group-BB14ECC8E4AB: set configuration 0: [f6013552-a382-44c6-bdc3-8253bd9e054c:192.168.34.7:43799, c5233a29-19a6-42e1-869f-0cfd92a1650c:192.168.34.7:33862, 3ec0bce2-5a80-4efc-b2ca-bab81cc18a9f:192.168.34.7:33921], old=null at 0
2019-09-17 06:02:43,940 [grpc-default-executor-1] INFO  impl.RaftServerImpl (ServerState.java:setRaftConf(354)) - 3ec0bce2-5a80-4efc-b2ca-bab81cc18a9f@group-BB14ECC8E4AB: set configuration 0: [f6013552-a382-44c6-bdc3-8253bd9e054c:192.168.34.7:43799, c5233a29-19a6-42e1-869f-0cfd92a1650c:192.168.34.7:33862, 3ec0bce2-5a80-4efc-b2ca-bab81cc18a9f:192.168.34.7:33921], old=null at 0
2019-09-17 06:02:43,940 [grpc-default-executor-2] INFO  segmented.SegmentedRaftLogWorker (SegmentedRaftLogWorker.java:startLogSegment(380)) - c5233a29-19a6-42e1-869f-0cfd92a1650c@group-BB14ECC8E4AB-SegmentedRaftLogWorker: Starting segment from index:0
2019-09-17 06:02:43,940 [grpc-default-executor-1] INFO  segmented.SegmentedRaftLogWorker (SegmentedRaftLogWorker.java:startLogSegment(380)) - 3ec0bce2-5a80-4efc-b2ca-bab81cc18a9f@group-BB14ECC8E4AB-SegmentedRaftLogWorker: Starting segment from index:0
2019-09-17 06:02:43,973 [c5233a29-19a6-42e1-869f-0cfd92a1650c@group-BB14ECC8E4AB-SegmentedRaftLogWorker] INFO  segmented.SegmentedRaftLogWorker (SegmentedRaftLogWorker.java:execute(569)) - c5233a29-19a6-42e1-869f-0cfd92a1650c@group-BB14ECC8E4AB-SegmentedRaftLogWorker: created new log segment /workdir/hadoop-ozone/integration-test/target/test-dir/MiniOzoneClusterImpl-9c1dcb1a-3312-40b8-b485-08dcdfac2e9c/datanode-3/data/ratis/fe3e7145-52c9-43f2-bcd7-bb14ecc8e4ab/current/log_inprogress_0
2019-09-17 06:02:43,977 [3ec0bce2-5a80-4efc-b2ca-bab81cc18a9f@group-BB14ECC8E4AB-SegmentedRaftLogWorker] INFO  segmented.SegmentedRaftLogWorker (SegmentedRaftLogWorker.java:execute(569)) - 3ec0bce2-5a80-4efc-b2ca-bab81cc18a9f@group-BB14ECC8E4AB-SegmentedRaftLogWorker: created new log segment /workdir/hadoop-ozone/integration-test/target/test-dir/MiniOzoneClusterImpl-9c1dcb1a-3312-40b8-b485-08dcdfac2e9c/datanode-5/data/ratis/fe3e7145-52c9-43f2-bcd7-bb14ecc8e4ab/current/log_inprogress_0
2019-09-17 06:02:44,084 [EventQueue-PipelineActionsForPipelineActionHandler] ERROR pipeline.PipelineActionHandler (PipelineActionHandler.java:onMessage(60)) - Received pipeline action CLOSE for Pipeline[ Id: 28c3b40f-4470-4af7-82e9-cbf25e866eaa, Nodes: c5233a29-19a6-42e1-869f-0cfd92a1650c{ip: 192.168.34.7, host: pr-hdds-2132-5g9kv-3389001449, networkLocation: /default-rack, certSerialId: null}3ec0bce2-5a80-4efc-b2ca-bab81cc18a9f{ip: 192.168.34.7, host: pr-hdds-2132-5g9kv-3389001449, networkLocation: /default-rack, certSerialId: null}f6013552-a382-44c6-bdc3-8253bd9e054c{ip: 192.168.34.7, host: pr-hdds-2132-5g9kv-3389001449, networkLocation: /default-rack, certSerialId: null}, Type:RATIS, Factor:THREE, State:CLOSED] from datanode 3ec0bce2-5a80-4efc-b2ca-bab81cc18a9f{ip: 192.168.34.7, host: pr-hdds-2132-5g9kv-3389001449, networkLocation: /default-rack, certSerialId: null}. Reason : 3ec0bce2-5a80-4efc-b2ca-bab81cc18a9f has not seen follower/s f6013552-a382-44c6-bdc3-8253bd9e054c for 160694ms c5233a29-19a6-42e1-869f-0cfd92a1650c for 160694ms
2019-09-17 06:02:44,085 [EventQueue-PipelineActionsForPipelineActionHandler] INFO  pipeline.SCMPipelineManager (SCMPipelineManager.java:finalizeAndDestroyPipeline(311)) - destroying pipeline:Pipeline[ Id: 28c3b40f-4470-4af7-82e9-cbf25e866eaa, Nodes: c5233a29-19a6-42e1-869f-0cfd92a1650c{ip: 192.168.34.7, host: pr-hdds-2132-5g9kv-3389001449, networkLocation: /default-rack, certSerialId: null}3ec0bce2-5a80-4efc-b2ca-bab81cc18a9f{ip: 192.168.34.7, host: pr-hdds-2132-5g9kv-3389001449, networkLocation: /default-rack, certSerialId: null}f6013552-a382-44c6-bdc3-8253bd9e054c{ip: 192.168.34.7, host: pr-hdds-2132-5g9kv-3389001449, networkLocation: /default-rack, certSerialId: null}, Type:RATIS, Factor:THREE, State:CLOSED]
2019-09-17 06:02:44,096 [java.util.concurrent.ThreadPoolExecutor$Worker@457453c9[State = -1, empty queue]] WARN  server.GrpcLogAppender (GrpcLogAppender.java:timeoutAppendRequest(200)) - 3ec0bce2-5a80-4efc-b2ca-bab81cc18a9f@group-CBF25E866EAA->f6013552-a382-44c6-bdc3-8253bd9e054c-GrpcLogAppender: appendEntries Timeout, request=3ec0bce2-5a80-4efc-b2ca-bab81cc18a9f->f6013552-a382-44c6-bdc3-8253bd9e054c#77-t1, previous=(t:1, i:13), leaderCommit=6, initializing? false, entries: <empty>
2019-09-17 06:02:44,096 [java.util.concurrent.ThreadPoolExecutor$Worker@2971b8e1[State = -1, empty queue]] WARN  server.GrpcLogAppender (GrpcLogAppender.java:timeoutAppendRequest(200)) - 3ec0bce2-5a80-4efc-b2ca-bab81cc18a9f@group-CBF25E866EAA->c5233a29-19a6-42e1-869f-0cfd92a1650c-GrpcLogAppender: appendEntries Timeout, request=3ec0bce2-5a80-4efc-b2ca-bab81cc18a9f->c5233a29-19a6-42e1-869f-0cfd92a1650c#77-t1, previous=(t:1, i:13), leaderCommit=6, initializing? false, entries: <empty>
2019-09-17 06:02:44,347 [grpc-default-executor-1] INFO  client.GrpcClientProtocolClient (GrpcClientProtocolClient.java:onNext(264)) - client-EE883D609918->f6013552-a382-44c6-bdc3-8253bd9e054c: receive RaftClientReply:client-EE883D609918->f6013552-a382-44c6-bdc3-8253bd9e054c@group-CBF25E866EAA, cid=39, FAILED org.apache.ratis.protocol.NotLeaderException: Server f6013552-a382-44c6-bdc3-8253bd9e054c@group-CBF25E866EAA is not the leader 3ec0bce2-5a80-4efc-b2ca-bab81cc18a9f:192.168.34.7:33921, logIndex=0, commits[f6013552-a382-44c6-bdc3-8253bd9e054c:c6, c5233a29-19a6-42e1-869f-0cfd92a1650c:c4, 3ec0bce2-5a80-4efc-b2ca-bab81cc18a9f:c6]
2019-09-17 06:02:46,098 [org.apache.ratis.server.impl.LogAppender$AppenderDaemon$$Lambda$508/456872507@3fae9b8d] ERROR ratis.XceiverServerRatis (XceiverServerRatis.java:triggerPipelineClose(575)) - pipeline Action CLOSE  on pipeline PipelineID=28c3b40f-4470-4af7-82e9-cbf25e866eaa.Reason : 3ec0bce2-5a80-4efc-b2ca-bab81cc18a9f has not seen follower/s f6013552-a382-44c6-bdc3-8253bd9e054c for 163195ms c5233a29-19a6-42e1-869f-0cfd92a1650c for 163194ms
2019-09-17 06:02:46,098 [org.apache.ratis.server.impl.LogAppender$AppenderDaemon$$Lambda$508/456872507@6c2757a5] ERROR ratis.XceiverServerRatis (XceiverServerRatis.java:triggerPipelineClose(575)) - pipeline Action CLOSE  on pipeline PipelineID=28c3b40f-4470-4af7-82e9-cbf25e866eaa.Reason : 3ec0bce2-5a80-4efc-b2ca-bab81cc18a9f has not seen follower/s f6013552-a382-44c6-bdc3-8253bd9e054c for 163195ms c5233a29-19a6-42e1-869f-0cfd92a1650c for 163194ms
2019-09-17 06:02:46,597 [java.util.concurrent.ThreadPoolExecutor$Worker@457453c9[State = -1, empty queue]] WARN  server.GrpcLogAppender (GrpcLogAppender.java:timeoutAppendRequest(200)) - 3ec0bce2-5a80-4efc-b2ca-bab81cc18a9f@group-CBF25E866EAA->f6013552-a382-44c6-bdc3-8253bd9e054c-GrpcLogAppender: appendEntries Timeout, request=3ec0bce2-5a80-4efc-b2ca-bab81cc18a9f->f6013552-a382-44c6-bdc3-8253bd9e054c#78-t1, previous=(t:1, i:13), leaderCommit=6, initializing? false, entries: <empty>
2019-09-17 06:02:46,597 [java.util.concurrent.ThreadPoolExecutor$Worker@2971b8e1[State = -1, empty queue]] WARN  server.GrpcLogAppender (GrpcLogAppender.java:timeoutAppendRequest(200)) - 3ec0bce2-5a80-4efc-b2ca-bab81cc18a9f@group-CBF25E866EAA->c5233a29-19a6-42e1-869f-0cfd92a1650c-GrpcLogAppender: appendEntries Timeout, request=3ec0bce2-5a80-4efc-b2ca-bab81cc18a9f->c5233a29-19a6-42e1-869f-0cfd92a1650c#78-t1, previous=(t:1, i:13), leaderCommit=6, initializing? false, entries: <empty>
2019-09-17 06:02:47,085 [EventQueue-PipelineActionsForPipelineActionHandler] ERROR pipeline.PipelineActionHandler (PipelineActionHandler.java:onMessage(60)) - Received pipeline action CLOSE for Pipeline[ Id: 28c3b40f-4470-4af7-82e9-cbf25e866eaa, Nodes: c5233a29-19a6-42e1-869f-0cfd92a1650c{ip: 192.168.34.7, host: pr-hdds-2132-5g9kv-3389001449, networkLocation: /default-rack, certSerialId: null}3ec0bce2-5a80-4efc-b2ca-bab81cc18a9f{ip: 192.168.34.7, host: pr-hdds-2132-5g9kv-3389001449, networkLocation: /default-rack, certSerialId: null}f6013552-a382-44c6-bdc3-8253bd9e054c{ip: 192.168.34.7, host: pr-hdds-2132-5g9kv-3389001449, networkLocation: /default-rack, certSerialId: null}, Type:RATIS, Factor:THREE, State:CLOSED] from datanode 3ec0bce2-5a80-4efc-b2ca-bab81cc18a9f{ip: 192.168.34.7, host: pr-hdds-2132-5g9kv-3389001449, networkLocation: /default-rack, certSerialId: null}. Reason : 3ec0bce2-5a80-4efc-b2ca-bab81cc18a9f has not seen follower/s f6013552-a382-44c6-bdc3-8253bd9e054c for 163195ms c5233a29-19a6-42e1-869f-0cfd92a1650c for 163194ms
2019-09-17 06:02:47,085 [EventQueue-PipelineActionsForPipelineActionHandler] INFO  pipeline.SCMPipelineManager (SCMPipelineManager.java:finalizeAndDestroyPipeline(311)) - destroying pipeline:Pipeline[ Id: 28c3b40f-4470-4af7-82e9-cbf25e866eaa, Nodes: c5233a29-19a6-42e1-869f-0cfd92a1650c{ip: 192.168.34.7, host: pr-hdds-2132-5g9kv-3389001449, networkLocation: /default-rack, certSerialId: null}3ec0bce2-5a80-4efc-b2ca-bab81cc18a9f{ip: 192.168.34.7, host: pr-hdds-2132-5g9kv-3389001449, networkLocation: /default-rack, certSerialId: null}f6013552-a382-44c6-bdc3-8253bd9e054c{ip: 192.168.34.7, host: pr-hdds-2132-5g9kv-3389001449, networkLocation: /default-rack, certSerialId: null}, Type:RATIS, Factor:THREE, State:CLOSED]
2019-09-17 06:02:48,598 [org.apache.ratis.server.impl.LogAppender$AppenderDaemon$$Lambda$508/456872507@6c2757a5] ERROR ratis.XceiverServerRatis (XceiverServerRatis.java:triggerPipelineClose(575)) - pipeline Action CLOSE  on pipeline PipelineID=28c3b40f-4470-4af7-82e9-cbf25e866eaa.Reason : 3ec0bce2-5a80-4efc-b2ca-bab81cc18a9f has not seen follower/s f6013552-a382-44c6-bdc3-8253bd9e054c for 165695ms c5233a29-19a6-42e1-869f-0cfd92a1650c for 165695ms
2019-09-17 06:02:48,599 [org.apache.ratis.server.impl.LogAppender$AppenderDaemon$$Lambda$508/456872507@3fae9b8d] ERROR ratis.XceiverServerRatis (XceiverServerRatis.java:triggerPipelineClose(575)) - pipeline Action CLOSE  on pipeline PipelineID=28c3b40f-4470-4af7-82e9-cbf25e866eaa.Reason : 3ec0bce2-5a80-4efc-b2ca-bab81cc18a9f has not seen follower/s f6013552-a382-44c6-bdc3-8253bd9e054c for 165695ms c5233a29-19a6-42e1-869f-0cfd92a1650c for 165695ms
2019-09-17 06:02:49,085 [EventQueue-PipelineActionsForPipelineActionHandler] ERROR pipeline.PipelineActionHandler (PipelineActionHandler.java:onMessage(60)) - Received pipeline action CLOSE for Pipeline[ Id: 28c3b40f-4470-4af7-82e9-cbf25e866eaa, Nodes: c5233a29-19a6-42e1-869f-0cfd92a1650c{ip: 192.168.34.7, host: pr-hdds-2132-5g9kv-3389001449, networkLocation: /default-rack, certSerialId: null}3ec0bce2-5a80-4efc-b2ca-bab81cc18a9f{ip: 192.168.34.7, host: pr-hdds-2132-5g9kv-3389001449, networkLocation: /default-rack, certSerialId: null}f6013552-a382-44c6-bdc3-8253bd9e054c{ip: 192.168.34.7, host: pr-hdds-2132-5g9kv-3389001449, networkLocation: /default-rack, certSerialId: null}, Type:RATIS, Factor:THREE, State:CLOSED] from datanode 3ec0bce2-5a80-4efc-b2ca-bab81cc18a9f{ip: 192.168.34.7, host: pr-hdds-2132-5g9kv-3389001449, networkLocation: /default-rack, certSerialId: null}. Reason : 3ec0bce2-5a80-4efc-b2ca-bab81cc18a9f has not seen follower/s f6013552-a382-44c6-bdc3-8253bd9e054c for 165695ms c5233a29-19a6-42e1-869f-0cfd92a1650c for 165695ms
2019-09-17 06:02:49,086 [EventQueue-PipelineActionsForPipelineActionHandler] INFO  pipeline.SCMPipelineManager (SCMPipelineManager.java:finalizeAndDestroyPipeline(311)) - destroying pipeline:Pipeline[ Id: 28c3b40f-4470-4af7-82e9-cbf25e866eaa, Nodes: c5233a29-19a6-42e1-869f-0cfd92a1650c{ip: 192.168.34.7, host: pr-hdds-2132-5g9kv-3389001449, networkLocation: /default-rack, certSerialId: null}3ec0bce2-5a80-4efc-b2ca-bab81cc18a9f{ip: 192.168.34.7, host: pr-hdds-2132-5g9kv-3389001449, networkLocation: /default-rack, certSerialId: null}f6013552-a382-44c6-bdc3-8253bd9e054c{ip: 192.168.34.7, host: pr-hdds-2132-5g9kv-3389001449, networkLocation: /default-rack, certSerialId: null}, Type:RATIS, Factor:THREE, State:CLOSED]
2019-09-17 06:02:49,098 [java.util.concurrent.ThreadPoolExecutor$Worker@2971b8e1[State = -1, empty queue]] WARN  server.GrpcLogAppender (GrpcLogAppender.java:timeoutAppendRequest(200)) - 3ec0bce2-5a80-4efc-b2ca-bab81cc18a9f@group-CBF25E866EAA->c5233a29-19a6-42e1-869f-0cfd92a1650c-GrpcLogAppender: appendEntries Timeout, request=3ec0bce2-5a80-4efc-b2ca-bab81cc18a9f->c5233a29-19a6-42e1-869f-0cfd92a1650c#79-t1, previous=(t:1, i:13), leaderCommit=6, initializing? false, entries: <empty>
2019-09-17 06:02:49,098 [java.util.concurrent.ThreadPoolExecutor$Worker@457453c9[State = -1, empty queue]] WARN  server.GrpcLogAppender (GrpcLogAppender.java:timeoutAppendRequest(200)) - 3ec0bce2-5a80-4efc-b2ca-bab81cc18a9f@group-CBF25E866EAA->f6013552-a382-44c6-bdc3-8253bd9e054c-GrpcLogAppender: appendEntries Timeout, request=3ec0bce2-5a80-4efc-b2ca-bab81cc18a9f->f6013552-a382-44c6-bdc3-8253bd9e054c#79-t1, previous=(t:1, i:13), leaderCommit=6, initializing? false, entries: <empty>
2019-09-17 06:02:49,388 [grpc-default-executor-1] INFO  client.GrpcClientProtocolClient (GrpcClientProtocolClient.java:onNext(264)) - client-EE883D609918->f6013552-a382-44c6-bdc3-8253bd9e054c: receive RaftClientReply:client-EE883D609918->f6013552-a382-44c6-bdc3-8253bd9e054c@group-CBF25E866EAA, cid=39, FAILED org.apache.ratis.protocol.NotLeaderException: Server f6013552-a382-44c6-bdc3-8253bd9e054c@group-CBF25E866EAA is not the leader 3ec0bce2-5a80-4efc-b2ca-bab81cc18a9f:192.168.34.7:33921, logIndex=0, commits[f6013552-a382-44c6-bdc3-8253bd9e054c:c6, c5233a29-19a6-42e1-869f-0cfd92a1650c:c4, 3ec0bce2-5a80-4efc-b2ca-bab81cc18a9f:c6]
2019-09-17 06:02:51,100 [org.apache.ratis.server.impl.LogAppender$AppenderDaemon$$Lambda$508/456872507@3fae9b8d] ERROR ratis.XceiverServerRatis (XceiverServerRatis.java:triggerPipelineClose(575)) - pipeline Action CLOSE  on pipeline PipelineID=28c3b40f-4470-4af7-82e9-cbf25e866eaa.Reason : 3ec0bce2-5a80-4efc-b2ca-bab81cc18a9f has not seen follower/s f6013552-a382-44c6-bdc3-8253bd9e054c for 168197ms c5233a29-19a6-42e1-869f-0cfd92a1650c for 168197ms
2019-09-17 06:02:51,100 [org.apache.ratis.server.impl.LogAppender$AppenderDaemon$$Lambda$508/456872507@6c2757a5] ERROR ratis.XceiverServerRatis (XceiverServerRatis.java:triggerPipelineClose(575)) - pipeline Action CLOSE  on pipeline PipelineID=28c3b40f-4470-4af7-82e9-cbf25e866eaa.Reason : 3ec0bce2-5a80-4efc-b2ca-bab81cc18a9f has not seen follower/s f6013552-a382-44c6-bdc3-8253bd9e054c for 168197ms c5233a29-19a6-42e1-869f-0cfd92a1650c for 168197ms
2019-09-17 06:02:51,599 [java.util.concurrent.ThreadPoolExecutor$Worker@457453c9[State = -1, empty queue]] WARN  server.GrpcLogAppender (GrpcLogAppender.java:timeoutAppendRequest(200)) - 3ec0bce2-5a80-4efc-b2ca-bab81cc18a9f@group-CBF25E866EAA->f6013552-a382-44c6-bdc3-8253bd9e054c-GrpcLogAppender: appendEntries Timeout, request=3ec0bce2-5a80-4efc-b2ca-bab81cc18a9f->f6013552-a382-44c6-bdc3-8253bd9e054c#80-t1, previous=(t:1, i:13), leaderCommit=6, initializing? false, entries: <empty>
2019-09-17 06:02:51,599 [java.util.concurrent.ThreadPoolExecutor$Worker@2971b8e1[State = -1, empty queue]] WARN  server.GrpcLogAppender (GrpcLogAppender.java:timeoutAppendRequest(200)) - 3ec0bce2-5a80-4efc-b2ca-bab81cc18a9f@group-CBF25E866EAA->c5233a29-19a6-42e1-869f-0cfd92a1650c-GrpcLogAppender: appendEntries Timeout, request=3ec0bce2-5a80-4efc-b2ca-bab81cc18a9f->c5233a29-19a6-42e1-869f-0cfd92a1650c#80-t1, previous=(t:1, i:13), leaderCommit=6, initializing? false, entries: <empty>
2019-09-17 06:02:52,086 [EventQueue-PipelineActionsForPipelineActionHandler] ERROR pipeline.PipelineActionHandler (PipelineActionHandler.java:onMessage(60)) - Received pipeline action CLOSE for Pipeline[ Id: 28c3b40f-4470-4af7-82e9-cbf25e866eaa, Nodes: c5233a29-19a6-42e1-869f-0cfd92a1650c{ip: 192.168.34.7, host: pr-hdds-2132-5g9kv-3389001449, networkLocation: /default-rack, certSerialId: null}3ec0bce2-5a80-4efc-b2ca-bab81cc18a9f{ip: 192.168.34.7, host: pr-hdds-2132-5g9kv-3389001449, networkLocation: /default-rack, certSerialId: null}f6013552-a382-44c6-bdc3-8253bd9e054c{ip: 192.168.34.7, host: pr-hdds-2132-5g9kv-3389001449, networkLocation: /default-rack, certSerialId: null}, Type:RATIS, Factor:THREE, State:CLOSED] from datanode 3ec0bce2-5a80-4efc-b2ca-bab81cc18a9f{ip: 192.168.34.7, host: pr-hdds-2132-5g9kv-3389001449, networkLocation: /default-rack, certSerialId: null}. Reason : 3ec0bce2-5a80-4efc-b2ca-bab81cc18a9f has not seen follower/s f6013552-a382-44c6-bdc3-8253bd9e054c for 168197ms c5233a29-19a6-42e1-869f-0cfd92a1650c for 168197ms
2019-09-17 06:02:52,087 [EventQueue-PipelineActionsForPipelineActionHandler] INFO  pipeline.SCMPipelineManager (SCMPipelineManager.java:finalizeAndDestroyPipeline(311)) - destroying pipeline:Pipeline[ Id: 28c3b40f-4470-4af7-82e9-cbf25e866eaa, Nodes: c5233a29-19a6-42e1-869f-0cfd92a1650c{ip: 192.168.34.7, host: pr-hdds-2132-5g9kv-3389001449, networkLocation: /default-rack, certSerialId: null}3ec0bce2-5a80-4efc-b2ca-bab81cc18a9f{ip: 192.168.34.7, host: pr-hdds-2132-5g9kv-3389001449, networkLocation: /default-rack, certSerialId: null}f6013552-a382-44c6-bdc3-8253bd9e054c{ip: 192.168.34.7, host: pr-hdds-2132-5g9kv-3389001449, networkLocation: /default-rack, certSerialId: null}, Type:RATIS, Factor:THREE, State:CLOSED]
2019-09-17 06:02:52,996 [3ec0bce2-5a80-4efc-b2ca-bab81cc18a9f@group-CBF25E866EAA-SegmentedRaftLogWorker] WARN  segmented.SegmentedRaftLogWorker (SegmentedRaftLogWorker.java:getFromFuture(90)) - Timeout 16/~
org.apache.ratis.protocol.TimeoutIOException: Timeout 10s: WriteLog:7: (t:1, i:7), STATEMACHINELOGENTRY, client-EE883D609918, cid=39-writeStateMachineData
	at org.apache.ratis.util.IOUtils.getFromFuture(IOUtils.java:87)
	at org.apache.ratis.server.raftlog.segmented.SegmentedRaftLogWorker$StateMachineDataPolicy.getFromFuture(SegmentedRaftLogWorker.java:87)
	at org.apache.ratis.server.raftlog.segmented.SegmentedRaftLogWorker$WriteLog.execute(SegmentedRaftLogWorker.java:477)
	at org.apache.ratis.server.raftlog.segmented.SegmentedRaftLogWorker.run(SegmentedRaftLogWorker.java:289)
	at java.lang.Thread.run(Thread.java:748)
Caused by: java.util.concurrent.TimeoutException
	at java.util.concurrent.CompletableFuture.timedGet(CompletableFuture.java:1771)
	at java.util.concurrent.CompletableFuture.get(CompletableFuture.java:1915)
	at org.apache.ratis.util.IOUtils.getFromFuture(IOUtils.java:79)
	... 4 more
2019-09-17 06:02:53,014 [f6013552-a382-44c6-bdc3-8253bd9e054c@group-CBF25E866EAA-SegmentedRaftLogWorker] WARN  segmented.SegmentedRaftLogWorker (SegmentedRaftLogWorker.java:getFromFuture(90)) - Timeout 16/~
org.apache.ratis.protocol.TimeoutIOException: Timeout 10s: WriteLog:7: (t:1, i:7), STATEMACHINELOGENTRY, client-EE883D609918, cid=39-writeStateMachineData
	at org.apache.ratis.util.IOUtils.getFromFuture(IOUtils.java:87)
	at org.apache.ratis.server.raftlog.segmented.SegmentedRaftLogWorker$StateMachineDataPolicy.getFromFuture(SegmentedRaftLogWorker.java:87)
	at org.apache.ratis.server.raftlog.segmented.SegmentedRaftLogWorker$WriteLog.execute(SegmentedRaftLogWorker.java:477)
	at org.apache.ratis.server.raftlog.segmented.SegmentedRaftLogWorker.run(SegmentedRaftLogWorker.java:289)
	at java.lang.Thread.run(Thread.java:748)
Caused by: java.util.concurrent.TimeoutException
	at java.util.concurrent.CompletableFuture.timedGet(CompletableFuture.java:1771)
	at java.util.concurrent.CompletableFuture.get(CompletableFuture.java:1915)
	at org.apache.ratis.util.IOUtils.getFromFuture(IOUtils.java:79)
	... 4 more
2019-09-17 06:02:53,014 [c5233a29-19a6-42e1-869f-0cfd92a1650c@group-CBF25E866EAA-SegmentedRaftLogWorker] WARN  segmented.SegmentedRaftLogWorker (SegmentedRaftLogWorker.java:getFromFuture(90)) - Timeout 16/~
org.apache.ratis.protocol.TimeoutIOException: Timeout 10s: WriteLog:7: (t:1, i:7), STATEMACHINELOGENTRY, client-EE883D609918, cid=39-writeStateMachineData
	at org.apache.ratis.util.IOUtils.getFromFuture(IOUtils.java:87)
	at org.apache.ratis.server.raftlog.segmented.SegmentedRaftLogWorker$StateMachineDataPolicy.getFromFuture(SegmentedRaftLogWorker.java:87)
	at org.apache.ratis.server.raftlog.segmented.SegmentedRaftLogWorker$WriteLog.execute(SegmentedRaftLogWorker.java:477)
	at org.apache.ratis.server.raftlog.segmented.SegmentedRaftLogWorker.run(SegmentedRaftLogWorker.java:289)
	at java.lang.Thread.run(Thread.java:748)
Caused by: java.util.concurrent.TimeoutException
	at java.util.concurrent.CompletableFuture.timedGet(CompletableFuture.java:1771)
	at java.util.concurrent.CompletableFuture.get(CompletableFuture.java:1915)
	at org.apache.ratis.util.IOUtils.getFromFuture(IOUtils.java:79)
	... 4 more
2019-09-17 06:02:53,601 [org.apache.ratis.server.impl.LogAppender$AppenderDaemon$$Lambda$508/456872507@3fae9b8d] ERROR ratis.XceiverServerRatis (XceiverServerRatis.java:triggerPipelineClose(575)) - pipeline Action CLOSE  on pipeline PipelineID=28c3b40f-4470-4af7-82e9-cbf25e866eaa.Reason : 3ec0bce2-5a80-4efc-b2ca-bab81cc18a9f has not seen follower/s f6013552-a382-44c6-bdc3-8253bd9e054c for 170698ms c5233a29-19a6-42e1-869f-0cfd92a1650c for 170697ms
2019-09-17 06:02:53,601 [org.apache.ratis.server.impl.LogAppender$AppenderDaemon$$Lambda$508/456872507@6c2757a5] ERROR ratis.XceiverServerRatis (XceiverServerRatis.java:triggerPipelineClose(575)) - pipeline Action CLOSE  on pipeline PipelineID=28c3b40f-4470-4af7-82e9-cbf25e866eaa.Reason : 3ec0bce2-5a80-4efc-b2ca-bab81cc18a9f has not seen follower/s f6013552-a382-44c6-bdc3-8253bd9e054c for 170697ms c5233a29-19a6-42e1-869f-0cfd92a1650c for 170697ms
2019-09-17 06:02:54,087 [EventQueue-PipelineActionsForPipelineActionHandler] ERROR pipeline.PipelineActionHandler (PipelineActionHandler.java:onMessage(60)) - Received pipeline action CLOSE for Pipeline[ Id: 28c3b40f-4470-4af7-82e9-cbf25e866eaa, Nodes: c5233a29-19a6-42e1-869f-0cfd92a1650c{ip: 192.168.34.7, host: pr-hdds-2132-5g9kv-3389001449, networkLocation: /default-rack, certSerialId: null}3ec0bce2-5a80-4efc-b2ca-bab81cc18a9f{ip: 192.168.34.7, host: pr-hdds-2132-5g9kv-3389001449, networkLocation: /default-rack, certSerialId: null}f6013552-a382-44c6-bdc3-8253bd9e054c{ip: 192.168.34.7, host: pr-hdds-2132-5g9kv-3389001449, networkLocation: /default-rack, certSerialId: null}, Type:RATIS, Factor:THREE, State:CLOSED] from datanode 3ec0bce2-5a80-4efc-b2ca-bab81cc18a9f{ip: 192.168.34.7, host: pr-hdds-2132-5g9kv-3389001449, networkLocation: /default-rack, certSerialId: null}. Reason : 3ec0bce2-5a80-4efc-b2ca-bab81cc18a9f has not seen follower/s f6013552-a382-44c6-bdc3-8253bd9e054c for 170697ms c5233a29-19a6-42e1-869f-0cfd92a1650c for 170697ms
2019-09-17 06:02:54,087 [EventQueue-PipelineActionsForPipelineActionHandler] INFO  pipeline.SCMPipelineManager (SCMPipelineManager.java:finalizeAndDestroyPipeline(311)) - destroying pipeline:Pipeline[ Id: 28c3b40f-4470-4af7-82e9-cbf25e866eaa, Nodes: c5233a29-19a6-42e1-869f-0cfd92a1650c{ip: 192.168.34.7, host: pr-hdds-2132-5g9kv-3389001449, networkLocation: /default-rack, certSerialId: null}3ec0bce2-5a80-4efc-b2ca-bab81cc18a9f{ip: 192.168.34.7, host: pr-hdds-2132-5g9kv-3389001449, networkLocation: /default-rack, certSerialId: null}f6013552-a382-44c6-bdc3-8253bd9e054c{ip: 192.168.34.7, host: pr-hdds-2132-5g9kv-3389001449, networkLocation: /default-rack, certSerialId: null}, Type:RATIS, Factor:THREE, State:CLOSED]
2019-09-17 06:02:54,099 [java.util.concurrent.ThreadPoolExecutor$Worker@2971b8e1[State = -1, empty queue]] WARN  server.GrpcLogAppender (GrpcLogAppender.java:timeoutAppendRequest(200)) - 3ec0bce2-5a80-4efc-b2ca-bab81cc18a9f@group-CBF25E866EAA->c5233a29-19a6-42e1-869f-0cfd92a1650c-GrpcLogAppender: appendEntries Timeout, request=3ec0bce2-5a80-4efc-b2ca-bab81cc18a9f->c5233a29-19a6-42e1-869f-0cfd92a1650c#81-t1, previous=(t:1, i:13), leaderCommit=6, initializing? false, entries: <empty>
2019-09-17 06:02:54,100 [java.util.concurrent.ThreadPoolExecutor$Worker@457453c9[State = -1, empty queue]] WARN  server.GrpcLogAppender (GrpcLogAppender.java:timeoutAppendRequest(200)) - 3ec0bce2-5a80-4efc-b2ca-bab81cc18a9f@group-CBF25E866EAA->f6013552-a382-44c6-bdc3-8253bd9e054c-GrpcLogAppender: appendEntries Timeout, request=3ec0bce2-5a80-4efc-b2ca-bab81cc18a9f->f6013552-a382-44c6-bdc3-8253bd9e054c#81-t1, previous=(t:1, i:13), leaderCommit=6, initializing? false, entries: <empty>
2019-09-17 06:02:54,436 [grpc-default-executor-1] INFO  client.GrpcClientProtocolClient (GrpcClientProtocolClient.java:onNext(264)) - client-EE883D609918->f6013552-a382-44c6-bdc3-8253bd9e054c: receive RaftClientReply:client-EE883D609918->f6013552-a382-44c6-bdc3-8253bd9e054c@group-CBF25E866EAA, cid=39, FAILED org.apache.ratis.protocol.NotLeaderException: Server f6013552-a382-44c6-bdc3-8253bd9e054c@group-CBF25E866EAA is not the leader 3ec0bce2-5a80-4efc-b2ca-bab81cc18a9f:192.168.34.7:33921, logIndex=0, commits[f6013552-a382-44c6-bdc3-8253bd9e054c:c6, c5233a29-19a6-42e1-869f-0cfd92a1650c:c4, 3ec0bce2-5a80-4efc-b2ca-bab81cc18a9f:c6]
2019-09-17 06:02:56,102 [org.apache.ratis.server.impl.LogAppender$AppenderDaemon$$Lambda$508/456872507@3fae9b8d] ERROR ratis.XceiverServerRatis (XceiverServerRatis.java:triggerPipelineClose(575)) - pipeline Action CLOSE  on pipeline PipelineID=28c3b40f-4470-4af7-82e9-cbf25e866eaa.Reason : 3ec0bce2-5a80-4efc-b2ca-bab81cc18a9f has not seen follower/s f6013552-a382-44c6-bdc3-8253bd9e054c for 173199ms c5233a29-19a6-42e1-869f-0cfd92a1650c for 173198ms
2019-09-17 06:02:56,102 [org.apache.ratis.server.impl.LogAppender$AppenderDaemon$$Lambda$508/456872507@6c2757a5] ERROR ratis.XceiverServerRatis (XceiverServerRatis.java:triggerPipelineClose(575)) - pipeline Action CLOSE  on pipeline PipelineID=28c3b40f-4470-4af7-82e9-cbf25e866eaa.Reason : 3ec0bce2-5a80-4efc-b2ca-bab81cc18a9f has not seen follower/s f6013552-a382-44c6-bdc3-8253bd9e054c for 173199ms c5233a29-19a6-42e1-869f-0cfd92a1650c for 173198ms
2019-09-17 06:02:56,600 [java.util.concurrent.ThreadPoolExecutor$Worker@2971b8e1[State = -1, empty queue]] WARN  server.GrpcLogAppender (GrpcLogAppender.java:timeoutAppendRequest(200)) - 3ec0bce2-5a80-4efc-b2ca-bab81cc18a9f@group-CBF25E866EAA->c5233a29-19a6-42e1-869f-0cfd92a1650c-GrpcLogAppender: appendEntries Timeout, request=3ec0bce2-5a80-4efc-b2ca-bab81cc18a9f->c5233a29-19a6-42e1-869f-0cfd92a1650c#82-t1, previous=(t:1, i:13), leaderCommit=6, initializing? false, entries: <empty>
2019-09-17 06:02:56,601 [java.util.concurrent.ThreadPoolExecutor$Worker@457453c9[State = -1, empty queue]] WARN  server.GrpcLogAppender (GrpcLogAppender.java:timeoutAppendRequest(200)) - 3ec0bce2-5a80-4efc-b2ca-bab81cc18a9f@group-CBF25E866EAA->f6013552-a382-44c6-bdc3-8253bd9e054c-GrpcLogAppender: appendEntries Timeout, request=3ec0bce2-5a80-4efc-b2ca-bab81cc18a9f->f6013552-a382-44c6-bdc3-8253bd9e054c#82-t1, previous=(t:1, i:13), leaderCommit=6, initializing? false, entries: <empty>
2019-09-17 06:02:57,086 [EventQueue-PipelineActionsForPipelineActionHandler] ERROR pipeline.PipelineActionHandler (PipelineActionHandler.java:onMessage(60)) - Received pipeline action CLOSE for Pipeline[ Id: 28c3b40f-4470-4af7-82e9-cbf25e866eaa, Nodes: c5233a29-19a6-42e1-869f-0cfd92a1650c{ip: 192.168.34.7, host: pr-hdds-2132-5g9kv-3389001449, networkLocation: /default-rack, certSerialId: null}3ec0bce2-5a80-4efc-b2ca-bab81cc18a9f{ip: 192.168.34.7, host: pr-hdds-2132-5g9kv-3389001449, networkLocation: /default-rack, certSerialId: null}f6013552-a382-44c6-bdc3-8253bd9e054c{ip: 192.168.34.7, host: pr-hdds-2132-5g9kv-3389001449, networkLocation: /default-rack, certSerialId: null}, Type:RATIS, Factor:THREE, State:CLOSED] from datanode 3ec0bce2-5a80-4efc-b2ca-bab81cc18a9f{ip: 192.168.34.7, host: pr-hdds-2132-5g9kv-3389001449, networkLocation: /default-rack, certSerialId: null}. Reason : 3ec0bce2-5a80-4efc-b2ca-bab81cc18a9f has not seen follower/s f6013552-a382-44c6-bdc3-8253bd9e054c for 173199ms c5233a29-19a6-42e1-869f-0cfd92a1650c for 173198ms
2019-09-17 06:02:57,087 [EventQueue-PipelineActionsForPipelineActionHandler] INFO  pipeline.SCMPipelineManager (SCMPipelineManager.java:finalizeAndDestroyPipeline(311)) - destroying pipeline:Pipeline[ Id: 28c3b40f-4470-4af7-82e9-cbf25e866eaa, Nodes: c5233a29-19a6-42e1-869f-0cfd92a1650c{ip: 192.168.34.7, host: pr-hdds-2132-5g9kv-3389001449, networkLocation: /default-rack, certSerialId: null}3ec0bce2-5a80-4efc-b2ca-bab81cc18a9f{ip: 192.168.34.7, host: pr-hdds-2132-5g9kv-3389001449, networkLocation: /default-rack, certSerialId: null}f6013552-a382-44c6-bdc3-8253bd9e054c{ip: 192.168.34.7, host: pr-hdds-2132-5g9kv-3389001449, networkLocation: /default-rack, certSerialId: null}, Type:RATIS, Factor:THREE, State:CLOSED]
2019-09-17 06:02:58,602 [org.apache.ratis.server.impl.LogAppender$AppenderDaemon$$Lambda$508/456872507@6c2757a5] ERROR ratis.XceiverServerRatis (XceiverServerRatis.java:triggerPipelineClose(575)) - pipeline Action CLOSE  on pipeline PipelineID=28c3b40f-4470-4af7-82e9-cbf25e866eaa.Reason : 3ec0bce2-5a80-4efc-b2ca-bab81cc18a9f has not seen follower/s f6013552-a382-44c6-bdc3-8253bd9e054c for 175699ms c5233a29-19a6-42e1-869f-0cfd92a1650c for 175699ms
2019-09-17 06:02:58,602 [org.apache.ratis.server.impl.LogAppender$AppenderDaemon$$Lambda$508/456872507@3fae9b8d] ERROR ratis.XceiverServerRatis (XceiverServerRatis.java:triggerPipelineClose(575)) - pipeline Action CLOSE  on pipeline PipelineID=28c3b40f-4470-4af7-82e9-cbf25e866eaa.Reason : 3ec0bce2-5a80-4efc-b2ca-bab81cc18a9f has not seen follower/s f6013552-a382-44c6-bdc3-8253bd9e054c for 175699ms c5233a29-19a6-42e1-869f-0cfd92a1650c for 175699ms
2019-09-17 06:02:59,087 [EventQueue-PipelineActionsForPipelineActionHandler] ERROR pipeline.PipelineActionHandler (PipelineActionHandler.java:onMessage(60)) - Received pipeline action CLOSE for Pipeline[ Id: 28c3b40f-4470-4af7-82e9-cbf25e866eaa, Nodes: c5233a29-19a6-42e1-869f-0cfd92a1650c{ip: 192.168.34.7, host: pr-hdds-2132-5g9kv-3389001449, networkLocation: /default-rack, certSerialId: null}3ec0bce2-5a80-4efc-b2ca-bab81cc18a9f{ip: 192.168.34.7, host: pr-hdds-2132-5g9kv-3389001449, networkLocation: /default-rack, certSerialId: null}f6013552-a382-44c6-bdc3-8253bd9e054c{ip: 192.168.34.7, host: pr-hdds-2132-5g9kv-3389001449, networkLocation: /default-rack, certSerialId: null}, Type:RATIS, Factor:THREE, State:CLOSED] from datanode 3ec0bce2-5a80-4efc-b2ca-bab81cc18a9f{ip: 192.168.34.7, host: pr-hdds-2132-5g9kv-3389001449, networkLocation: /default-rack, certSerialId: null}. Reason : 3ec0bce2-5a80-4efc-b2ca-bab81cc18a9f has not seen follower/s f6013552-a382-44c6-bdc3-8253bd9e054c for 175699ms c5233a29-19a6-42e1-869f-0cfd92a1650c for 175699ms
2019-09-17 06:02:59,087 [EventQueue-PipelineActionsForPipelineActionHandler] INFO  pipeline.SCMPipelineManager (SCMPipelineManager.java:finalizeAndDestroyPipeline(311)) - destroying pipeline:Pipeline[ Id: 28c3b40f-4470-4af7-82e9-cbf25e866eaa, Nodes: c5233a29-19a6-42e1-869f-0cfd92a1650c{ip: 192.168.34.7, host: pr-hdds-2132-5g9kv-3389001449, networkLocation: /default-rack, certSerialId: null}3ec0bce2-5a80-4efc-b2ca-bab81cc18a9f{ip: 192.168.34.7, host: pr-hdds-2132-5g9kv-3389001449, networkLocation: /default-rack, certSerialId: null}f6013552-a382-44c6-bdc3-8253bd9e054c{ip: 192.168.34.7, host: pr-hdds-2132-5g9kv-3389001449, networkLocation: /default-rack, certSerialId: null}, Type:RATIS, Factor:THREE, State:CLOSED]
2019-09-17 06:02:59,101 [java.util.concurrent.ThreadPoolExecutor$Worker@457453c9[State = -1, empty queue]] WARN  server.GrpcLogAppender (GrpcLogAppender.java:timeoutAppendRequest(200)) - 3ec0bce2-5a80-4efc-b2ca-bab81cc18a9f@group-CBF25E866EAA->f6013552-a382-44c6-bdc3-8253bd9e054c-GrpcLogAppender: appendEntries Timeout, request=3ec0bce2-5a80-4efc-b2ca-bab81cc18a9f->f6013552-a382-44c6-bdc3-8253bd9e054c#83-t1, previous=(t:1, i:13), leaderCommit=6, initializing? false, entries: <empty>
2019-09-17 06:02:59,101 [java.util.concurrent.ThreadPoolExecutor$Worker@2971b8e1[State = -1, empty queue]] WARN  server.GrpcLogAppender (GrpcLogAppender.java:timeoutAppendRequest(200)) - 3ec0bce2-5a80-4efc-b2ca-bab81cc18a9f@group-CBF25E866EAA->c5233a29-19a6-42e1-869f-0cfd92a1650c-GrpcLogAppender: appendEntries Timeout, request=3ec0bce2-5a80-4efc-b2ca-bab81cc18a9f->c5233a29-19a6-42e1-869f-0cfd92a1650c#83-t1, previous=(t:1, i:13), leaderCommit=6, initializing? false, entries: <empty>
2019-09-17 06:02:59,487 [grpc-default-executor-2] INFO  client.GrpcClientProtocolClient (GrpcClientProtocolClient.java:onNext(264)) - client-EE883D609918->c5233a29-19a6-42e1-869f-0cfd92a1650c: receive RaftClientReply:client-EE883D609918->c5233a29-19a6-42e1-869f-0cfd92a1650c@group-CBF25E866EAA, cid=39, FAILED org.apache.ratis.protocol.NotLeaderException: Server c5233a29-19a6-42e1-869f-0cfd92a1650c@group-CBF25E866EAA is not the leader 3ec0bce2-5a80-4efc-b2ca-bab81cc18a9f:192.168.34.7:33921, logIndex=0, commits[c5233a29-19a6-42e1-869f-0cfd92a1650c:c6, f6013552-a382-44c6-bdc3-8253bd9e054c:c4, 3ec0bce2-5a80-4efc-b2ca-bab81cc18a9f:c6]
2019-09-17 06:03:01,103 [org.apache.ratis.server.impl.LogAppender$AppenderDaemon$$Lambda$508/456872507@3fae9b8d] ERROR ratis.XceiverServerRatis (XceiverServerRatis.java:triggerPipelineClose(575)) - pipeline Action CLOSE  on pipeline PipelineID=28c3b40f-4470-4af7-82e9-cbf25e866eaa.Reason : 3ec0bce2-5a80-4efc-b2ca-bab81cc18a9f has not seen follower/s f6013552-a382-44c6-bdc3-8253bd9e054c for 178200ms c5233a29-19a6-42e1-869f-0cfd92a1650c for 178200ms
2019-09-17 06:03:01,103 [org.apache.ratis.server.impl.LogAppender$AppenderDaemon$$Lambda$508/456872507@6c2757a5] ERROR ratis.XceiverServerRatis (XceiverServerRatis.java:triggerPipelineClose(575)) - pipeline Action CLOSE  on pipeline PipelineID=28c3b40f-4470-4af7-82e9-cbf25e866eaa.Reason : 3ec0bce2-5a80-4efc-b2ca-bab81cc18a9f has not seen follower/s f6013552-a382-44c6-bdc3-8253bd9e054c for 178200ms c5233a29-19a6-42e1-869f-0cfd92a1650c for 178200ms
2019-09-17 06:03:01,602 [java.util.concurrent.ThreadPoolExecutor$Worker@457453c9[State = -1, empty queue]] WARN  server.GrpcLogAppender (GrpcLogAppender.java:timeoutAppendRequest(200)) - 3ec0bce2-5a80-4efc-b2ca-bab81cc18a9f@group-CBF25E866EAA->f6013552-a382-44c6-bdc3-8253bd9e054c-GrpcLogAppender: appendEntries Timeout, request=3ec0bce2-5a80-4efc-b2ca-bab81cc18a9f->f6013552-a382-44c6-bdc3-8253bd9e054c#84-t1, previous=(t:1, i:13), leaderCommit=6, initializing? false, entries: <empty>
2019-09-17 06:03:01,602 [java.util.concurrent.ThreadPoolExecutor$Worker@2971b8e1[State = -1, empty queue]] WARN  server.GrpcLogAppender (GrpcLogAppender.java:timeoutAppendRequest(200)) - 3ec0bce2-5a80-4efc-b2ca-bab81cc18a9f@group-CBF25E866EAA->c5233a29-19a6-42e1-869f-0cfd92a1650c-GrpcLogAppender: appendEntries Timeout, request=3ec0bce2-5a80-4efc-b2ca-bab81cc18a9f->c5233a29-19a6-42e1-869f-0cfd92a1650c#84-t1, previous=(t:1, i:13), leaderCommit=6, initializing? false, entries: <empty>
2019-09-17 06:03:02,087 [EventQueue-PipelineActionsForPipelineActionHandler] ERROR pipeline.PipelineActionHandler (PipelineActionHandler.java:onMessage(60)) - Received pipeline action CLOSE for Pipeline[ Id: 28c3b40f-4470-4af7-82e9-cbf25e866eaa, Nodes: c5233a29-19a6-42e1-869f-0cfd92a1650c{ip: 192.168.34.7, host: pr-hdds-2132-5g9kv-3389001449, networkLocation: /default-rack, certSerialId: null}3ec0bce2-5a80-4efc-b2ca-bab81cc18a9f{ip: 192.168.34.7, host: pr-hdds-2132-5g9kv-3389001449, networkLocation: /default-rack, certSerialId: null}f6013552-a382-44c6-bdc3-8253bd9e054c{ip: 192.168.34.7, host: pr-hdds-2132-5g9kv-3389001449, networkLocation: /default-rack, certSerialId: null}, Type:RATIS, Factor:THREE, State:CLOSED] from datanode 3ec0bce2-5a80-4efc-b2ca-bab81cc18a9f{ip: 192.168.34.7, host: pr-hdds-2132-5g9kv-3389001449, networkLocation: /default-rack, certSerialId: null}. Reason : 3ec0bce2-5a80-4efc-b2ca-bab81cc18a9f has not seen follower/s f6013552-a382-44c6-bdc3-8253bd9e054c for 178200ms c5233a29-19a6-42e1-869f-0cfd92a1650c for 178200ms
2019-09-17 06:03:02,087 [EventQueue-PipelineActionsForPipelineActionHandler] INFO  pipeline.SCMPipelineManager (SCMPipelineManager.java:finalizeAndDestroyPipeline(311)) - destroying pipeline:Pipeline[ Id: 28c3b40f-4470-4af7-82e9-cbf25e866eaa, Nodes: c5233a29-19a6-42e1-869f-0cfd92a1650c{ip: 192.168.34.7, host: pr-hdds-2132-5g9kv-3389001449, networkLocation: /default-rack, certSerialId: null}3ec0bce2-5a80-4efc-b2ca-bab81cc18a9f{ip: 192.168.34.7, host: pr-hdds-2132-5g9kv-3389001449, networkLocation: /default-rack, certSerialId: null}f6013552-a382-44c6-bdc3-8253bd9e054c{ip: 192.168.34.7, host: pr-hdds-2132-5g9kv-3389001449, networkLocation: /default-rack, certSerialId: null}, Type:RATIS, Factor:THREE, State:CLOSED]
2019-09-17 06:03:02,998 [3ec0bce2-5a80-4efc-b2ca-bab81cc18a9f@group-CBF25E866EAA-SegmentedRaftLogWorker] WARN  segmented.SegmentedRaftLogWorker (SegmentedRaftLogWorker.java:getFromFuture(90)) - Timeout 17/~
org.apache.ratis.protocol.TimeoutIOException: Timeout 10s: WriteLog:7: (t:1, i:7), STATEMACHINELOGENTRY, client-EE883D609918, cid=39-writeStateMachineData
	at org.apache.ratis.util.IOUtils.getFromFuture(IOUtils.java:87)
	at org.apache.ratis.server.raftlog.segmented.SegmentedRaftLogWorker$StateMachineDataPolicy.getFromFuture(SegmentedRaftLogWorker.java:87)
	at org.apache.ratis.server.raftlog.segmented.SegmentedRaftLogWorker$WriteLog.execute(SegmentedRaftLogWorker.java:477)
	at org.apache.ratis.server.raftlog.segmented.SegmentedRaftLogWorker.run(SegmentedRaftLogWorker.java:289)
	at java.lang.Thread.run(Thread.java:748)
Caused by: java.util.concurrent.TimeoutException
	at java.util.concurrent.CompletableFuture.timedGet(CompletableFuture.java:1771)
	at java.util.concurrent.CompletableFuture.get(CompletableFuture.java:1915)
	at org.apache.ratis.util.IOUtils.getFromFuture(IOUtils.java:79)
	... 4 more
2019-09-17 06:03:03,014 [f6013552-a382-44c6-bdc3-8253bd9e054c@group-CBF25E866EAA-SegmentedRaftLogWorker] WARN  segmented.SegmentedRaftLogWorker (SegmentedRaftLogWorker.java:getFromFuture(90)) - Timeout 17/~
org.apache.ratis.protocol.TimeoutIOException: Timeout 10s: WriteLog:7: (t:1, i:7), STATEMACHINELOGENTRY, client-EE883D609918, cid=39-writeStateMachineData
	at org.apache.ratis.util.IOUtils.getFromFuture(IOUtils.java:87)
	at org.apache.ratis.server.raftlog.segmented.SegmentedRaftLogWorker$StateMachineDataPolicy.getFromFuture(SegmentedRaftLogWorker.java:87)
	at org.apache.ratis.server.raftlog.segmented.SegmentedRaftLogWorker$WriteLog.execute(SegmentedRaftLogWorker.java:477)
	at org.apache.ratis.server.raftlog.segmented.SegmentedRaftLogWorker.run(SegmentedRaftLogWorker.java:289)
	at java.lang.Thread.run(Thread.java:748)
Caused by: java.util.concurrent.TimeoutException
	at java.util.concurrent.CompletableFuture.timedGet(CompletableFuture.java:1771)
	at java.util.concurrent.CompletableFuture.get(CompletableFuture.java:1915)
	at org.apache.ratis.util.IOUtils.getFromFuture(IOUtils.java:79)
	... 4 more
2019-09-17 06:03:03,015 [c5233a29-19a6-42e1-869f-0cfd92a1650c@group-CBF25E866EAA-SegmentedRaftLogWorker] WARN  segmented.SegmentedRaftLogWorker (SegmentedRaftLogWorker.java:getFromFuture(90)) - Timeout 17/~
org.apache.ratis.protocol.TimeoutIOException: Timeout 10s: WriteLog:7: (t:1, i:7), STATEMACHINELOGENTRY, client-EE883D609918, cid=39-writeStateMachineData
	at org.apache.ratis.util.IOUtils.getFromFuture(IOUtils.java:87)
	at org.apache.ratis.server.raftlog.segmented.SegmentedRaftLogWorker$StateMachineDataPolicy.getFromFuture(SegmentedRaftLogWorker.java:87)
	at org.apache.ratis.server.raftlog.segmented.SegmentedRaftLogWorker$WriteLog.execute(SegmentedRaftLogWorker.java:477)
	at org.apache.ratis.server.raftlog.segmented.SegmentedRaftLogWorker.run(SegmentedRaftLogWorker.java:289)
	at java.lang.Thread.run(Thread.java:748)
Caused by: java.util.concurrent.TimeoutException
	at java.util.concurrent.CompletableFuture.timedGet(CompletableFuture.java:1771)
	at java.util.concurrent.CompletableFuture.get(CompletableFuture.java:1915)
	at org.apache.ratis.util.IOUtils.getFromFuture(IOUtils.java:79)
	... 4 more
2019-09-17 06:03:03,604 [org.apache.ratis.server.impl.LogAppender$AppenderDaemon$$Lambda$508/456872507@3fae9b8d] ERROR ratis.XceiverServerRatis (XceiverServerRatis.java:triggerPipelineClose(575)) - pipeline Action CLOSE  on pipeline PipelineID=28c3b40f-4470-4af7-82e9-cbf25e866eaa.Reason : 3ec0bce2-5a80-4efc-b2ca-bab81cc18a9f has not seen follower/s f6013552-a382-44c6-bdc3-8253bd9e054c for 180701ms c5233a29-19a6-42e1-869f-0cfd92a1650c for 180700ms
2019-09-17 06:03:03,604 [org.apache.ratis.server.impl.LogAppender$AppenderDaemon$$Lambda$508/456872507@6c2757a5] ERROR ratis.XceiverServerRatis (XceiverServerRatis.java:triggerPipelineClose(575)) - pipeline Action CLOSE  on pipeline PipelineID=28c3b40f-4470-4af7-82e9-cbf25e866eaa.Reason : 3ec0bce2-5a80-4efc-b2ca-bab81cc18a9f has not seen follower/s f6013552-a382-44c6-bdc3-8253bd9e054c for 180701ms c5233a29-19a6-42e1-869f-0cfd92a1650c for 180700ms
2019-09-17 06:03:04,087 [EventQueue-PipelineActionsForPipelineActionHandler] ERROR pipeline.PipelineActionHandler (PipelineActionHandler.java:onMessage(60)) - Received pipeline action CLOSE for Pipeline[ Id: 28c3b40f-4470-4af7-82e9-cbf25e866eaa, Nodes: c5233a29-19a6-42e1-869f-0cfd92a1650c{ip: 192.168.34.7, host: pr-hdds-2132-5g9kv-3389001449, networkLocation: /default-rack, certSerialId: null}3ec0bce2-5a80-4efc-b2ca-bab81cc18a9f{ip: 192.168.34.7, host: pr-hdds-2132-5g9kv-3389001449, networkLocation: /default-rack, certSerialId: null}f6013552-a382-44c6-bdc3-8253bd9e054c{ip: 192.168.34.7, host: pr-hdds-2132-5g9kv-3389001449, networkLocation: /default-rack, certSerialId: null}, Type:RATIS, Factor:THREE, State:CLOSED] from datanode 3ec0bce2-5a80-4efc-b2ca-bab81cc18a9f{ip: 192.168.34.7, host: pr-hdds-2132-5g9kv-3389001449, networkLocation: /default-rack, certSerialId: null}. Reason : 3ec0bce2-5a80-4efc-b2ca-bab81cc18a9f has not seen follower/s f6013552-a382-44c6-bdc3-8253bd9e054c for 180701ms c5233a29-19a6-42e1-869f-0cfd92a1650c for 180700ms
2019-09-17 06:03:04,088 [EventQueue-PipelineActionsForPipelineActionHandler] INFO  pipeline.SCMPipelineManager (SCMPipelineManager.java:finalizeAndDestroyPipeline(311)) - destroying pipeline:Pipeline[ Id: 28c3b40f-4470-4af7-82e9-cbf25e866eaa, Nodes: c5233a29-19a6-42e1-869f-0cfd92a1650c{ip: 192.168.34.7, host: pr-hdds-2132-5g9kv-3389001449, networkLocation: /default-rack, certSerialId: null}3ec0bce2-5a80-4efc-b2ca-bab81cc18a9f{ip: 192.168.34.7, host: pr-hdds-2132-5g9kv-3389001449, networkLocation: /default-rack, certSerialId: null}f6013552-a382-44c6-bdc3-8253bd9e054c{ip: 192.168.34.7, host: pr-hdds-2132-5g9kv-3389001449, networkLocation: /default-rack, certSerialId: null}, Type:RATIS, Factor:THREE, State:CLOSED]
2019-09-17 06:03:04,103 [java.util.concurrent.ThreadPoolExecutor$Worker@457453c9[State = -1, empty queue]] WARN  server.GrpcLogAppender (GrpcLogAppender.java:timeoutAppendRequest(200)) - 3ec0bce2-5a80-4efc-b2ca-bab81cc18a9f@group-CBF25E866EAA->f6013552-a382-44c6-bdc3-8253bd9e054c-GrpcLogAppender: appendEntries Timeout, request=3ec0bce2-5a80-4efc-b2ca-bab81cc18a9f->f6013552-a382-44c6-bdc3-8253bd9e054c#85-t1, previous=(t:1, i:13), leaderCommit=6, initializing? false, entries: <empty>
2019-09-17 06:03:04,103 [java.util.concurrent.ThreadPoolExecutor$Worker@2971b8e1[State = -1, empty queue]] WARN  server.GrpcLogAppender (GrpcLogAppender.java:timeoutAppendRequest(200)) - 3ec0bce2-5a80-4efc-b2ca-bab81cc18a9f@group-CBF25E866EAA->c5233a29-19a6-42e1-869f-0cfd92a1650c-GrpcLogAppender: appendEntries Timeout, request=3ec0bce2-5a80-4efc-b2ca-bab81cc18a9f->c5233a29-19a6-42e1-869f-0cfd92a1650c#85-t1, previous=(t:1, i:13), leaderCommit=6, initializing? false, entries: <empty>
2019-09-17 06:03:04,552 [grpc-default-executor-1] INFO  client.GrpcClientProtocolClient (GrpcClientProtocolClient.java:onNext(264)) - client-EE883D609918->c5233a29-19a6-42e1-869f-0cfd92a1650c: receive RaftClientReply:client-EE883D609918->c5233a29-19a6-42e1-869f-0cfd92a1650c@group-CBF25E866EAA, cid=39, FAILED org.apache.ratis.protocol.NotLeaderException: Server c5233a29-19a6-42e1-869f-0cfd92a1650c@group-CBF25E866EAA is not the leader 3ec0bce2-5a80-4efc-b2ca-bab81cc18a9f:192.168.34.7:33921, logIndex=0, commits[c5233a29-19a6-42e1-869f-0cfd92a1650c:c6, f6013552-a382-44c6-bdc3-8253bd9e054c:c4, 3ec0bce2-5a80-4efc-b2ca-bab81cc18a9f:c6]
2019-09-17 06:03:06,105 [org.apache.ratis.server.impl.LogAppender$AppenderDaemon$$Lambda$508/456872507@3fae9b8d] ERROR ratis.XceiverServerRatis (XceiverServerRatis.java:triggerPipelineClose(575)) - pipeline Action CLOSE  on pipeline PipelineID=28c3b40f-4470-4af7-82e9-cbf25e866eaa.Reason : 3ec0bce2-5a80-4efc-b2ca-bab81cc18a9f has not seen follower/s f6013552-a382-44c6-bdc3-8253bd9e054c for 183202ms c5233a29-19a6-42e1-869f-0cfd92a1650c for 183202ms
2019-09-17 06:03:06,105 [org.apache.ratis.server.impl.LogAppender$AppenderDaemon$$Lambda$508/456872507@6c2757a5] ERROR ratis.XceiverServerRatis (XceiverServerRatis.java:triggerPipelineClose(575)) - pipeline Action CLOSE  on pipeline PipelineID=28c3b40f-4470-4af7-82e9-cbf25e866eaa.Reason : 3ec0bce2-5a80-4efc-b2ca-bab81cc18a9f has not seen follower/s f6013552-a382-44c6-bdc3-8253bd9e054c for 183202ms c5233a29-19a6-42e1-869f-0cfd92a1650c for 183202ms
2019-09-17 06:03:06,603 [java.util.concurrent.ThreadPoolExecutor$Worker@457453c9[State = -1, empty queue]] WARN  server.GrpcLogAppender (GrpcLogAppender.java:timeoutAppendRequest(200)) - 3ec0bce2-5a80-4efc-b2ca-bab81cc18a9f@group-CBF25E866EAA->f6013552-a382-44c6-bdc3-8253bd9e054c-GrpcLogAppender: appendEntries Timeout, request=3ec0bce2-5a80-4efc-b2ca-bab81cc18a9f->f6013552-a382-44c6-bdc3-8253bd9e054c#86-t1, previous=(t:1, i:13), leaderCommit=6, initializing? false, entries: <empty>
2019-09-17 06:03:06,604 [java.util.concurrent.ThreadPoolExecutor$Worker@2971b8e1[State = -1, empty queue]] WARN  server.GrpcLogAppender (GrpcLogAppender.java:timeoutAppendRequest(200)) - 3ec0bce2-5a80-4efc-b2ca-bab81cc18a9f@group-CBF25E866EAA->c5233a29-19a6-42e1-869f-0cfd92a1650c-GrpcLogAppender: appendEntries Timeout, request=3ec0bce2-5a80-4efc-b2ca-bab81cc18a9f->c5233a29-19a6-42e1-869f-0cfd92a1650c#86-t1, previous=(t:1, i:13), leaderCommit=6, initializing? false, entries: <empty>
2019-09-17 06:03:07,087 [EventQueue-PipelineActionsForPipelineActionHandler] ERROR pipeline.PipelineActionHandler (PipelineActionHandler.java:onMessage(60)) - Received pipeline action CLOSE for Pipeline[ Id: 28c3b40f-4470-4af7-82e9-cbf25e866eaa, Nodes: c5233a29-19a6-42e1-869f-0cfd92a1650c{ip: 192.168.34.7, host: pr-hdds-2132-5g9kv-3389001449, networkLocation: /default-rack, certSerialId: null}3ec0bce2-5a80-4efc-b2ca-bab81cc18a9f{ip: 192.168.34.7, host: pr-hdds-2132-5g9kv-3389001449, networkLocation: /default-rack, certSerialId: null}f6013552-a382-44c6-bdc3-8253bd9e054c{ip: 192.168.34.7, host: pr-hdds-2132-5g9kv-3389001449, networkLocation: /default-rack, certSerialId: null}, Type:RATIS, Factor:THREE, State:CLOSED] from datanode 3ec0bce2-5a80-4efc-b2ca-bab81cc18a9f{ip: 192.168.34.7, host: pr-hdds-2132-5g9kv-3389001449, networkLocation: /default-rack, certSerialId: null}. Reason : 3ec0bce2-5a80-4efc-b2ca-bab81cc18a9f has not seen follower/s f6013552-a382-44c6-bdc3-8253bd9e054c for 183202ms c5233a29-19a6-42e1-869f-0cfd92a1650c for 183202ms
2019-09-17 06:03:07,087 [EventQueue-PipelineActionsForPipelineActionHandler] INFO  pipeline.SCMPipelineManager (SCMPipelineManager.java:finalizeAndDestroyPipeline(311)) - destroying pipeline:Pipeline[ Id: 28c3b40f-4470-4af7-82e9-cbf25e866eaa, Nodes: c5233a29-19a6-42e1-869f-0cfd92a1650c{ip: 192.168.34.7, host: pr-hdds-2132-5g9kv-3389001449, networkLocation: /default-rack, certSerialId: null}3ec0bce2-5a80-4efc-b2ca-bab81cc18a9f{ip: 192.168.34.7, host: pr-hdds-2132-5g9kv-3389001449, networkLocation: /default-rack, certSerialId: null}f6013552-a382-44c6-bdc3-8253bd9e054c{ip: 192.168.34.7, host: pr-hdds-2132-5g9kv-3389001449, networkLocation: /default-rack, certSerialId: null}, Type:RATIS, Factor:THREE, State:CLOSED]
2019-09-17 06:03:08,606 [org.apache.ratis.server.impl.LogAppender$AppenderDaemon$$Lambda$508/456872507@3fae9b8d] ERROR ratis.XceiverServerRatis (XceiverServerRatis.java:triggerPipelineClose(575)) - pipeline Action CLOSE  on pipeline PipelineID=28c3b40f-4470-4af7-82e9-cbf25e866eaa.Reason : 3ec0bce2-5a80-4efc-b2ca-bab81cc18a9f has not seen follower/s f6013552-a382-44c6-bdc3-8253bd9e054c for 185703ms c5233a29-19a6-42e1-869f-0cfd92a1650c for 185703ms
2019-09-17 06:03:08,606 [org.apache.ratis.server.impl.LogAppender$AppenderDaemon$$Lambda$508/456872507@6c2757a5] ERROR ratis.XceiverServerRatis (XceiverServerRatis.java:triggerPipelineClose(575)) - pipeline Action CLOSE  on pipeline PipelineID=28c3b40f-4470-4af7-82e9-cbf25e866eaa.Reason : 3ec0bce2-5a80-4efc-b2ca-bab81cc18a9f has not seen follower/s f6013552-a382-44c6-bdc3-8253bd9e054c for 185703ms c5233a29-19a6-42e1-869f-0cfd92a1650c for 185703ms
2019-09-17 06:03:09,074 [grpc-default-executor-2] INFO  impl.RaftServerProxy (RaftServerProxy.java:remove(95)) - c5233a29-19a6-42e1-869f-0cfd92a1650c: remove  FOLLOWER c5233a29-19a6-42e1-869f-0cfd92a1650c@group-CBF25E866EAA:t1, leader=3ec0bce2-5a80-4efc-b2ca-bab81cc18a9f, voted=3ec0bce2-5a80-4efc-b2ca-bab81cc18a9f, raftlog=c5233a29-19a6-42e1-869f-0cfd92a1650c@group-CBF25E866EAA-SegmentedRaftLog:OPENED:c6,f6,i13, conf=0: [f6013552-a382-44c6-bdc3-8253bd9e054c:192.168.34.7:43799, c5233a29-19a6-42e1-869f-0cfd92a1650c:192.168.34.7:33862, 3ec0bce2-5a80-4efc-b2ca-bab81cc18a9f:192.168.34.7:33921], old=null RUNNING
2019-09-17 06:03:09,074 [grpc-default-executor-2] INFO  impl.RaftServerImpl (RaftServerImpl.java:lambda$shutdown$3(251)) - c5233a29-19a6-42e1-869f-0cfd92a1650c@group-CBF25E866EAA: shutdown
2019-09-17 06:03:09,075 [grpc-default-executor-2] INFO  util.JmxRegister (JmxRegister.java:unregister(73)) - Successfully un-registered JMX Bean with object name Ratis:service=RaftServer,group=group-CBF25E866EAA,id=c5233a29-19a6-42e1-869f-0cfd92a1650c
2019-09-17 06:03:09,075 [grpc-default-executor-2] INFO  impl.RoleInfo (RoleInfo.java:shutdownFollowerState(121)) - c5233a29-19a6-42e1-869f-0cfd92a1650c: shutdown FollowerState
2019-09-17 06:03:09,076 [grpc-default-executor-2] INFO  impl.StateMachineUpdater (StateMachineUpdater.java:stopAndJoin(125)) - c5233a29-19a6-42e1-869f-0cfd92a1650c@group-CBF25E866EAA-StateMachineUpdater: set stopIndex = 6
2019-09-17 06:03:09,076 [Thread-902] INFO  impl.FollowerState (FollowerState.java:run(115)) - c5233a29-19a6-42e1-869f-0cfd92a1650c: FollowerState was interrupted: java.lang.InterruptedException: sleep interrupted
2019-09-17 06:03:09,076 [c5233a29-19a6-42e1-869f-0cfd92a1650c@group-CBF25E866EAA-StateMachineUpdater] INFO  ratis.ContainerStateMachine (ContainerStateMachine.java:takeSnapshot(289)) - group-CBF25E866EAA: Taking a snapshot at:(t:1, i:4) file /workdir/hadoop-ozone/integration-test/target/test-dir/MiniOzoneClusterImpl-9c1dcb1a-3312-40b8-b485-08dcdfac2e9c/datanode-3/data/ratis/28c3b40f-4470-4af7-82e9-cbf25e866eaa/sm/snapshot.1_4
2019-09-17 06:03:09,087 [EventQueue-PipelineActionsForPipelineActionHandler] ERROR pipeline.PipelineActionHandler (PipelineActionHandler.java:onMessage(60)) - Received pipeline action CLOSE for Pipeline[ Id: 28c3b40f-4470-4af7-82e9-cbf25e866eaa, Nodes: c5233a29-19a6-42e1-869f-0cfd92a1650c{ip: 192.168.34.7, host: pr-hdds-2132-5g9kv-3389001449, networkLocation: /default-rack, certSerialId: null}3ec0bce2-5a80-4efc-b2ca-bab81cc18a9f{ip: 192.168.34.7, host: pr-hdds-2132-5g9kv-3389001449, networkLocation: /default-rack, certSerialId: null}f6013552-a382-44c6-bdc3-8253bd9e054c{ip: 192.168.34.7, host: pr-hdds-2132-5g9kv-3389001449, networkLocation: /default-rack, certSerialId: null}, Type:RATIS, Factor:THREE, State:CLOSED] from datanode 3ec0bce2-5a80-4efc-b2ca-bab81cc18a9f{ip: 192.168.34.7, host: pr-hdds-2132-5g9kv-3389001449, networkLocation: /default-rack, certSerialId: null}. Reason : 3ec0bce2-5a80-4efc-b2ca-bab81cc18a9f has not seen follower/s f6013552-a382-44c6-bdc3-8253bd9e054c for 185703ms c5233a29-19a6-42e1-869f-0cfd92a1650c for 185703ms
2019-09-17 06:03:09,087 [EventQueue-PipelineActionsForPipelineActionHandler] INFO  pipeline.SCMPipelineManager (SCMPipelineManager.java:finalizeAndDestroyPipeline(311)) - destroying pipeline:Pipeline[ Id: 28c3b40f-4470-4af7-82e9-cbf25e866eaa, Nodes: c5233a29-19a6-42e1-869f-0cfd92a1650c{ip: 192.168.34.7, host: pr-hdds-2132-5g9kv-3389001449, networkLocation: /default-rack, certSerialId: null}3ec0bce2-5a80-4efc-b2ca-bab81cc18a9f{ip: 192.168.34.7, host: pr-hdds-2132-5g9kv-3389001449, networkLocation: /default-rack, certSerialId: null}f6013552-a382-44c6-bdc3-8253bd9e054c{ip: 192.168.34.7, host: pr-hdds-2132-5g9kv-3389001449, networkLocation: /default-rack, certSerialId: null}, Type:RATIS, Factor:THREE, State:CLOSED]
2019-09-17 06:03:09,093 [c5233a29-19a6-42e1-869f-0cfd92a1650c@group-CBF25E866EAA-StateMachineUpdater] INFO  ratis.ContainerStateMachine (ContainerStateMachine.java:takeSnapshot(300)) - group-CBF25E866EAA: Finished taking a snapshot at:(t:1, i:4) file:/workdir/hadoop-ozone/integration-test/target/test-dir/MiniOzoneClusterImpl-9c1dcb1a-3312-40b8-b485-08dcdfac2e9c/datanode-3/data/ratis/28c3b40f-4470-4af7-82e9-cbf25e866eaa/sm/snapshot.1_4 time:18
2019-09-17 06:03:09,094 [c5233a29-19a6-42e1-869f-0cfd92a1650c@group-CBF25E866EAA-StateMachineUpdater] INFO  impl.StateMachineUpdater (StateMachineUpdater.java:takeSnapshot(258)) - c5233a29-19a6-42e1-869f-0cfd92a1650c@group-CBF25E866EAA-StateMachineUpdater: Took a snapshot at index 4
2019-09-17 06:03:09,094 [c5233a29-19a6-42e1-869f-0cfd92a1650c@group-CBF25E866EAA-StateMachineUpdater] INFO  impl.StateMachineUpdater (StateMachineUpdater.java:lambda$new$0(83)) - c5233a29-19a6-42e1-869f-0cfd92a1650c@group-CBF25E866EAA-StateMachineUpdater: snapshotIndex: updateIncreasingly -1 -> 4
2019-09-17 06:03:09,094 [c5233a29-19a6-42e1-869f-0cfd92a1650c@group-CBF25E866EAA-StateMachineUpdater] INFO  ratis.ContainerStateMachine (ContainerStateMachine.java:takeSnapshot(289)) - group-CBF25E866EAA: Taking a snapshot at:(t:1, i:4) file /workdir/hadoop-ozone/integration-test/target/test-dir/MiniOzoneClusterImpl-9c1dcb1a-3312-40b8-b485-08dcdfac2e9c/datanode-3/data/ratis/28c3b40f-4470-4af7-82e9-cbf25e866eaa/sm/snapshot.1_4
2019-09-17 06:03:09,105 [java.util.concurrent.ThreadPoolExecutor$Worker@457453c9[State = -1, empty queue]] WARN  server.GrpcLogAppender (GrpcLogAppender.java:timeoutAppendRequest(200)) - 3ec0bce2-5a80-4efc-b2ca-bab81cc18a9f@group-CBF25E866EAA->f6013552-a382-44c6-bdc3-8253bd9e054c-GrpcLogAppender: appendEntries Timeout, request=3ec0bce2-5a80-4efc-b2ca-bab81cc18a9f->f6013552-a382-44c6-bdc3-8253bd9e054c#87-t1, previous=(t:1, i:13), leaderCommit=6, initializing? false, entries: <empty>
2019-09-17 06:03:09,105 [java.util.concurrent.ThreadPoolExecutor$Worker@2971b8e1[State = -1, empty queue]] WARN  server.GrpcLogAppender (GrpcLogAppender.java:timeoutAppendRequest(200)) - 3ec0bce2-5a80-4efc-b2ca-bab81cc18a9f@group-CBF25E866EAA->c5233a29-19a6-42e1-869f-0cfd92a1650c-GrpcLogAppender: appendEntries Timeout, request=3ec0bce2-5a80-4efc-b2ca-bab81cc18a9f->c5233a29-19a6-42e1-869f-0cfd92a1650c#87-t1, previous=(t:1, i:13), leaderCommit=6, initializing? false, entries: <empty>
2019-09-17 06:03:09,107 [c5233a29-19a6-42e1-869f-0cfd92a1650c@group-CBF25E866EAA-StateMachineUpdater] INFO  ratis.ContainerStateMachine (ContainerStateMachine.java:takeSnapshot(300)) - group-CBF25E866EAA: Finished taking a snapshot at:(t:1, i:4) file:/workdir/hadoop-ozone/integration-test/target/test-dir/MiniOzoneClusterImpl-9c1dcb1a-3312-40b8-b485-08dcdfac2e9c/datanode-3/data/ratis/28c3b40f-4470-4af7-82e9-cbf25e866eaa/sm/snapshot.1_4 time:13
2019-09-17 06:03:09,108 [c5233a29-19a6-42e1-869f-0cfd92a1650c@group-CBF25E866EAA-StateMachineUpdater] INFO  impl.StateMachineUpdater (StateMachineUpdater.java:takeSnapshot(258)) - c5233a29-19a6-42e1-869f-0cfd92a1650c@group-CBF25E866EAA-StateMachineUpdater: Took a snapshot at index 4
2019-09-17 06:03:09,108 [c5233a29-19a6-42e1-869f-0cfd92a1650c@group-CBF25E866EAA-StateMachineUpdater] INFO  impl.StateMachineUpdater (StateMachineUpdater.java:lambda$new$0(83)) - c5233a29-19a6-42e1-869f-0cfd92a1650c@group-CBF25E866EAA-StateMachineUpdater: snapshotIndex: updateIncreasingly 4 -> 4
2019-09-17 06:03:09,108 [grpc-default-executor-2] INFO  impl.RaftServerImpl (ServerState.java:close(385)) - c5233a29-19a6-42e1-869f-0cfd92a1650c@group-CBF25E866EAA: closes. applyIndex: 6
2019-09-17 06:03:09,109 [c5233a29-19a6-42e1-869f-0cfd92a1650c@group-CBF25E866EAA-SegmentedRaftLogWorker] ERROR ratis.XceiverServerRatis (XceiverServerRatis.java:triggerPipelineClose(575)) - pipeline Action CLOSE  on pipeline PipelineID=28c3b40f-4470-4af7-82e9-cbf25e866eaa.Reason : WriteLog:7: (t:1, i:7), STATEMACHINELOGENTRY, client-EE883D609918, cid=39-writeStateMachineData interrupted.
2019-09-17 06:03:09,113 [grpc-default-executor-2] INFO  segmented.SegmentedRaftLogWorker (SegmentedRaftLogWorker.java:close(228)) - c5233a29-19a6-42e1-869f-0cfd92a1650c@group-CBF25E866EAA-SegmentedRaftLogWorker close()
2019-09-17 06:03:09,113 [EventQueue-PipelineActionsForPipelineActionHandler] ERROR pipeline.PipelineActionHandler (PipelineActionHandler.java:onMessage(60)) - Received pipeline action CLOSE for Pipeline[ Id: 28c3b40f-4470-4af7-82e9-cbf25e866eaa, Nodes: c5233a29-19a6-42e1-869f-0cfd92a1650c{ip: 192.168.34.7, host: pr-hdds-2132-5g9kv-3389001449, networkLocation: /default-rack, certSerialId: null}3ec0bce2-5a80-4efc-b2ca-bab81cc18a9f{ip: 192.168.34.7, host: pr-hdds-2132-5g9kv-3389001449, networkLocation: /default-rack, certSerialId: null}f6013552-a382-44c6-bdc3-8253bd9e054c{ip: 192.168.34.7, host: pr-hdds-2132-5g9kv-3389001449, networkLocation: /default-rack, certSerialId: null}, Type:RATIS, Factor:THREE, State:CLOSED] from datanode c5233a29-19a6-42e1-869f-0cfd92a1650c{ip: 192.168.34.7, host: pr-hdds-2132-5g9kv-3389001449, networkLocation: /default-rack, certSerialId: null}. Reason : WriteLog:7: (t:1, i:7), STATEMACHINELOGENTRY, client-EE883D609918, cid=39-writeStateMachineData interrupted.
2019-09-17 06:03:09,118 [EventQueue-PipelineActionsForPipelineActionHandler] INFO  pipeline.SCMPipelineManager (SCMPipelineManager.java:finalizeAndDestroyPipeline(311)) - destroying pipeline:Pipeline[ Id: 28c3b40f-4470-4af7-82e9-cbf25e866eaa, Nodes: c5233a29-19a6-42e1-869f-0cfd92a1650c{ip: 192.168.34.7, host: pr-hdds-2132-5g9kv-3389001449, networkLocation: /default-rack, certSerialId: null}3ec0bce2-5a80-4efc-b2ca-bab81cc18a9f{ip: 192.168.34.7, host: pr-hdds-2132-5g9kv-3389001449, networkLocation: /default-rack, certSerialId: null}f6013552-a382-44c6-bdc3-8253bd9e054c{ip: 192.168.34.7, host: pr-hdds-2132-5g9kv-3389001449, networkLocation: /default-rack, certSerialId: null}, Type:RATIS, Factor:THREE, State:CLOSED]
2019-09-17 06:03:09,131 [grpc-default-executor-2] INFO  interfaces.Container (KeyValueContainer.java:flushAndSyncDB(386)) - Container 4 is synced with bcsId 4.
2019-09-17 06:03:09,131 [grpc-default-executor-2] INFO  interfaces.Container (KeyValueContainer.java:flushAndSyncDB(386)) - Container 4 is synced with bcsId 4.
2019-09-17 06:03:09,149 [EventQueue-IncrementalContainerReportForIncrementalContainerReportHandler] INFO  container.IncrementalContainerReportHandler (AbstractContainerReportHandler.java:updateContainerState(169)) - Moving container #4 to QUASI_CLOSED state, datanode c5233a29-19a6-42e1-869f-0cfd92a1650c{ip: 192.168.34.7, host: pr-hdds-2132-5g9kv-3389001449, networkLocation: /default-rack, certSerialId: null} reported QUASI_CLOSED replica.
2019-09-17 06:03:09,187 [grpc-default-executor-2] INFO  interfaces.Container (KeyValueContainer.java:flushAndSyncDB(386)) - Container 5 is synced with bcsId 0.
2019-09-17 06:03:09,187 [grpc-default-executor-2] INFO  interfaces.Container (KeyValueContainer.java:flushAndSyncDB(386)) - Container 5 is synced with bcsId 0.
2019-09-17 06:03:09,194 [EventQueue-IncrementalContainerReportForIncrementalContainerReportHandler] INFO  container.IncrementalContainerReportHandler (AbstractContainerReportHandler.java:updateContainerState(169)) - Moving container #5 to QUASI_CLOSED state, datanode c5233a29-19a6-42e1-869f-0cfd92a1650c{ip: 192.168.34.7, host: pr-hdds-2132-5g9kv-3389001449, networkLocation: /default-rack, certSerialId: null} reported QUASI_CLOSED replica.
2019-09-17 06:03:09,198 [grpc-default-executor-2] INFO  impl.RaftServerProxy (RaftServerProxy.java:remove(95)) - 3ec0bce2-5a80-4efc-b2ca-bab81cc18a9f: remove    LEADER 3ec0bce2-5a80-4efc-b2ca-bab81cc18a9f@group-CBF25E866EAA:t1, leader=3ec0bce2-5a80-4efc-b2ca-bab81cc18a9f, voted=3ec0bce2-5a80-4efc-b2ca-bab81cc18a9f, raftlog=3ec0bce2-5a80-4efc-b2ca-bab81cc18a9f@group-CBF25E866EAA-SegmentedRaftLog:OPENED:c6,f6,i13, conf=0: [f6013552-a382-44c6-bdc3-8253bd9e054c:192.168.34.7:43799, c5233a29-19a6-42e1-869f-0cfd92a1650c:192.168.34.7:33862, 3ec0bce2-5a80-4efc-b2ca-bab81cc18a9f:192.168.34.7:33921], old=null RUNNING
2019-09-17 06:03:09,198 [grpc-default-executor-2] INFO  impl.RaftServerImpl (RaftServerImpl.java:lambda$shutdown$3(251)) - 3ec0bce2-5a80-4efc-b2ca-bab81cc18a9f@group-CBF25E866EAA: shutdown
2019-09-17 06:03:09,199 [grpc-default-executor-2] INFO  util.JmxRegister (JmxRegister.java:unregister(73)) - Successfully un-registered JMX Bean with object name Ratis:service=RaftServer,group=group-CBF25E866EAA,id=3ec0bce2-5a80-4efc-b2ca-bab81cc18a9f
2019-09-17 06:03:09,199 [grpc-default-executor-2] INFO  impl.RoleInfo (RoleInfo.java:shutdownLeaderState(104)) - 3ec0bce2-5a80-4efc-b2ca-bab81cc18a9f: shutdown LeaderState
2019-09-17 06:03:09,204 [org.apache.ratis.server.impl.LogAppender$AppenderDaemon$$Lambda$508/456872507@3fae9b8d] WARN  server.GrpcLogAppender (GrpcLogAppender.java:mayWait(143)) - 3ec0bce2-5a80-4efc-b2ca-bab81cc18a9f@group-CBF25E866EAA->f6013552-a382-44c6-bdc3-8253bd9e054c-GrpcLogAppender: Wait interrupted by java.lang.InterruptedException
2019-09-17 06:03:09,205 [org.apache.ratis.server.impl.LogAppender$AppenderDaemon$$Lambda$508/456872507@6c2757a5] WARN  server.GrpcLogAppender (GrpcLogAppender.java:mayWait(143)) - 3ec0bce2-5a80-4efc-b2ca-bab81cc18a9f@group-CBF25E866EAA->c5233a29-19a6-42e1-869f-0cfd92a1650c-GrpcLogAppender: Wait interrupted by java.lang.InterruptedException
2019-09-17 06:03:09,205 [grpc-default-executor-2] INFO  impl.PendingRequests (PendingRequests.java:sendNotLeaderResponses(202)) - 3ec0bce2-5a80-4efc-b2ca-bab81cc18a9f-PendingRequests: sendNotLeaderResponses
2019-09-17 06:03:09,205 [grpc-default-executor-1] INFO  server.GrpcServerProtocolService (GrpcServerProtocolService.java:onCompleted(113)) - f6013552-a382-44c6-bdc3-8253bd9e054c: Completed APPEND_ENTRIES, lastRequest: 3ec0bce2-5a80-4efc-b2ca-bab81cc18a9f->f6013552-a382-44c6-bdc3-8253bd9e054c#88-t1, previous=(t:1, i:13), leaderCommit=6, initializing? false, entries: <empty>
2019-09-17 06:03:09,205 [grpc-default-executor-5] INFO  server.GrpcServerProtocolService (GrpcServerProtocolService.java:onCompleted(113)) - c5233a29-19a6-42e1-869f-0cfd92a1650c: Completed APPEND_ENTRIES, lastRequest: 3ec0bce2-5a80-4efc-b2ca-bab81cc18a9f->c5233a29-19a6-42e1-869f-0cfd92a1650c#88-t1, previous=(t:1, i:13), leaderCommit=6, initializing? false, entries: <empty>
2019-09-17 06:03:09,206 [grpc-default-executor-5] INFO  server.GrpcLogAppender (GrpcLogAppender.java:onCompleted(293)) - 3ec0bce2-5a80-4efc-b2ca-bab81cc18a9f@group-CBF25E866EAA->f6013552-a382-44c6-bdc3-8253bd9e054c-AppendLogResponseHandler: follower responses appendEntries COMPLETED
2019-09-17 06:03:09,210 [grpc-default-executor-2] INFO  impl.StateMachineUpdater (StateMachineUpdater.java:stopAndJoin(125)) - 3ec0bce2-5a80-4efc-b2ca-bab81cc18a9f@group-CBF25E866EAA-StateMachineUpdater: set stopIndex = 6
2019-09-17 06:03:09,210 [grpc-default-executor-1] INFO  server.GrpcLogAppender (GrpcLogAppender.java:onCompleted(293)) - 3ec0bce2-5a80-4efc-b2ca-bab81cc18a9f@group-CBF25E866EAA->c5233a29-19a6-42e1-869f-0cfd92a1650c-AppendLogResponseHandler: follower responses appendEntries COMPLETED
2019-09-17 06:03:09,211 [grpc-default-executor-5] INFO  impl.FollowerInfo (FollowerInfo.java:lambda$new$0(51)) - 3ec0bce2-5a80-4efc-b2ca-bab81cc18a9f@group-CBF25E866EAA->f6013552-a382-44c6-bdc3-8253bd9e054c: nextIndex: updateUnconditionally 14 -> 7
2019-09-17 06:03:09,210 [3ec0bce2-5a80-4efc-b2ca-bab81cc18a9f@group-CBF25E866EAA-StateMachineUpdater] INFO  ratis.ContainerStateMachine (ContainerStateMachine.java:takeSnapshot(289)) - group-CBF25E866EAA: Taking a snapshot at:(t:1, i:6) file /workdir/hadoop-ozone/integration-test/target/test-dir/MiniOzoneClusterImpl-9c1dcb1a-3312-40b8-b485-08dcdfac2e9c/datanode-5/data/ratis/28c3b40f-4470-4af7-82e9-cbf25e866eaa/sm/snapshot.1_6
2019-09-17 06:03:09,211 [grpc-default-executor-1] INFO  impl.FollowerInfo (FollowerInfo.java:lambda$new$0(51)) - 3ec0bce2-5a80-4efc-b2ca-bab81cc18a9f@group-CBF25E866EAA->c5233a29-19a6-42e1-869f-0cfd92a1650c: nextIndex: updateUnconditionally 14 -> 7
2019-09-17 06:03:09,215 [3ec0bce2-5a80-4efc-b2ca-bab81cc18a9f@group-CBF25E866EAA-StateMachineUpdater] INFO  ratis.ContainerStateMachine (ContainerStateMachine.java:takeSnapshot(300)) - group-CBF25E866EAA: Finished taking a snapshot at:(t:1, i:6) file:/workdir/hadoop-ozone/integration-test/target/test-dir/MiniOzoneClusterImpl-9c1dcb1a-3312-40b8-b485-08dcdfac2e9c/datanode-5/data/ratis/28c3b40f-4470-4af7-82e9-cbf25e866eaa/sm/snapshot.1_6 time:4
2019-09-17 06:03:09,215 [3ec0bce2-5a80-4efc-b2ca-bab81cc18a9f@group-CBF25E866EAA-StateMachineUpdater] INFO  impl.StateMachineUpdater (StateMachineUpdater.java:takeSnapshot(258)) - 3ec0bce2-5a80-4efc-b2ca-bab81cc18a9f@group-CBF25E866EAA-StateMachineUpdater: Took a snapshot at index 6
2019-09-17 06:03:09,215 [3ec0bce2-5a80-4efc-b2ca-bab81cc18a9f@group-CBF25E866EAA-StateMachineUpdater] INFO  impl.StateMachineUpdater (StateMachineUpdater.java:lambda$new$0(83)) - 3ec0bce2-5a80-4efc-b2ca-bab81cc18a9f@group-CBF25E866EAA-StateMachineUpdater: snapshotIndex: updateIncreasingly -1 -> 6
2019-09-17 06:03:09,216 [grpc-default-executor-2] INFO  impl.RaftServerImpl (ServerState.java:close(385)) - 3ec0bce2-5a80-4efc-b2ca-bab81cc18a9f@group-CBF25E866EAA: closes. applyIndex: 6
2019-09-17 06:03:09,216 [Command processor thread] ERROR commandhandler.CloseContainerCommandHandler (CloseContainerCommandHandler.java:handle(125)) - Can't close container #5
java.io.IOException: org.apache.ratis.protocol.GroupMismatchException: 3ec0bce2-5a80-4efc-b2ca-bab81cc18a9f: group-CBF25E866EAA not found.
	at org.apache.hadoop.ozone.container.common.transport.server.ratis.XceiverServerRatis.submitRequest(XceiverServerRatis.java:502)
	at org.apache.hadoop.ozone.container.common.statemachine.commandhandler.CloseContainerCommandHandler.handle(CloseContainerCommandHandler.java:102)
	at org.apache.hadoop.ozone.container.common.statemachine.commandhandler.CommandDispatcher.handle(CommandDispatcher.java:99)
	at org.apache.hadoop.ozone.container.common.statemachine.DatanodeStateMachine.lambda$initCommandHandlerThread$1(DatanodeStateMachine.java:432)
	at java.lang.Thread.run(Thread.java:748)
Caused by: java.util.concurrent.ExecutionException: org.apache.ratis.protocol.GroupMismatchException: 3ec0bce2-5a80-4efc-b2ca-bab81cc18a9f: group-CBF25E866EAA not found.
	at java.util.concurrent.CompletableFuture.reportGet(CompletableFuture.java:357)
	at java.util.concurrent.CompletableFuture.get(CompletableFuture.java:1895)
	at org.apache.hadoop.ozone.container.common.transport.server.ratis.XceiverServerRatis.submitRequest(XceiverServerRatis.java:500)
	... 4 more
Caused by: org.apache.ratis.protocol.GroupMismatchException: 3ec0bce2-5a80-4efc-b2ca-bab81cc18a9f: group-CBF25E866EAA not found.
	at org.apache.ratis.server.impl.RaftServerProxy$ImplMap.get(RaftServerProxy.java:122)
	at org.apache.ratis.server.impl.RaftServerProxy.getImplFuture(RaftServerProxy.java:269)
	at org.apache.ratis.server.impl.RaftServerProxy.submitRequest(RaftServerProxy.java:327)
	at org.apache.ratis.server.impl.RaftServerProxy.submitClientRequestAsync(RaftServerProxy.java:333)
	... 5 more
2019-09-17 06:03:09,218 [3ec0bce2-5a80-4efc-b2ca-bab81cc18a9f@group-CBF25E866EAA-SegmentedRaftLogWorker] ERROR ratis.XceiverServerRatis (XceiverServerRatis.java:triggerPipelineClose(575)) - pipeline Action CLOSE  on pipeline PipelineID=28c3b40f-4470-4af7-82e9-cbf25e866eaa.Reason : WriteLog:7: (t:1, i:7), STATEMACHINELOGENTRY, client-EE883D609918, cid=39-writeStateMachineData interrupted.
2019-09-17 06:03:09,219 [EventQueue-PipelineActionsForPipelineActionHandler] ERROR pipeline.PipelineActionHandler (PipelineActionHandler.java:onMessage(60)) - Received pipeline action CLOSE for Pipeline[ Id: 28c3b40f-4470-4af7-82e9-cbf25e866eaa, Nodes: c5233a29-19a6-42e1-869f-0cfd92a1650c{ip: 192.168.34.7, host: pr-hdds-2132-5g9kv-3389001449, networkLocation: /default-rack, certSerialId: null}3ec0bce2-5a80-4efc-b2ca-bab81cc18a9f{ip: 192.168.34.7, host: pr-hdds-2132-5g9kv-3389001449, networkLocation: /default-rack, certSerialId: null}f6013552-a382-44c6-bdc3-8253bd9e054c{ip: 192.168.34.7, host: pr-hdds-2132-5g9kv-3389001449, networkLocation: /default-rack, certSerialId: null}, Type:RATIS, Factor:THREE, State:CLOSED] from datanode 3ec0bce2-5a80-4efc-b2ca-bab81cc18a9f{ip: 192.168.34.7, host: pr-hdds-2132-5g9kv-3389001449, networkLocation: /default-rack, certSerialId: null}. Reason : WriteLog:7: (t:1, i:7), STATEMACHINELOGENTRY, client-EE883D609918, cid=39-writeStateMachineData interrupted.
2019-09-17 06:03:09,221 [grpc-default-executor-2] INFO  segmented.SegmentedRaftLogWorker (SegmentedRaftLogWorker.java:close(228)) - 3ec0bce2-5a80-4efc-b2ca-bab81cc18a9f@group-CBF25E866EAA-SegmentedRaftLogWorker close()
2019-09-17 06:03:09,221 [EventQueue-PipelineActionsForPipelineActionHandler] INFO  pipeline.SCMPipelineManager (SCMPipelineManager.java:finalizeAndDestroyPipeline(311)) - destroying pipeline:Pipeline[ Id: 28c3b40f-4470-4af7-82e9-cbf25e866eaa, Nodes: c5233a29-19a6-42e1-869f-0cfd92a1650c{ip: 192.168.34.7, host: pr-hdds-2132-5g9kv-3389001449, networkLocation: /default-rack, certSerialId: null}3ec0bce2-5a80-4efc-b2ca-bab81cc18a9f{ip: 192.168.34.7, host: pr-hdds-2132-5g9kv-3389001449, networkLocation: /default-rack, certSerialId: null}f6013552-a382-44c6-bdc3-8253bd9e054c{ip: 192.168.34.7, host: pr-hdds-2132-5g9kv-3389001449, networkLocation: /default-rack, certSerialId: null}, Type:RATIS, Factor:THREE, State:CLOSED]
2019-09-17 06:03:09,230 [grpc-default-executor-2] INFO  interfaces.Container (KeyValueContainer.java:flushAndSyncDB(386)) - Container 4 is synced with bcsId 4.
2019-09-17 06:03:09,230 [grpc-default-executor-2] INFO  interfaces.Container (KeyValueContainer.java:flushAndSyncDB(386)) - Container 4 is synced with bcsId 4.
2019-09-17 06:03:09,256 [grpc-default-executor-2] INFO  interfaces.Container (KeyValueContainer.java:flushAndSyncDB(386)) - Container 5 is synced with bcsId 0.
2019-09-17 06:03:09,256 [grpc-default-executor-2] INFO  interfaces.Container (KeyValueContainer.java:flushAndSyncDB(386)) - Container 5 is synced with bcsId 0.
2019-09-17 06:03:09,267 [grpc-default-executor-2] INFO  impl.RaftServerProxy (RaftServerProxy.java:remove(95)) - f6013552-a382-44c6-bdc3-8253bd9e054c: remove  FOLLOWER f6013552-a382-44c6-bdc3-8253bd9e054c@group-CBF25E866EAA:t1, leader=3ec0bce2-5a80-4efc-b2ca-bab81cc18a9f, voted=3ec0bce2-5a80-4efc-b2ca-bab81cc18a9f, raftlog=f6013552-a382-44c6-bdc3-8253bd9e054c@group-CBF25E866EAA-SegmentedRaftLog:OPENED:c6,f6,i13, conf=0: [f6013552-a382-44c6-bdc3-8253bd9e054c:192.168.34.7:43799, c5233a29-19a6-42e1-869f-0cfd92a1650c:192.168.34.7:33862, 3ec0bce2-5a80-4efc-b2ca-bab81cc18a9f:192.168.34.7:33921], old=null RUNNING
2019-09-17 06:03:09,267 [grpc-default-executor-2] INFO  impl.RaftServerImpl (RaftServerImpl.java:lambda$shutdown$3(251)) - f6013552-a382-44c6-bdc3-8253bd9e054c@group-CBF25E866EAA: shutdown
2019-09-17 06:03:09,267 [grpc-default-executor-2] INFO  util.JmxRegister (JmxRegister.java:unregister(73)) - Successfully un-registered JMX Bean with object name Ratis:service=RaftServer,group=group-CBF25E866EAA,id=f6013552-a382-44c6-bdc3-8253bd9e054c
2019-09-17 06:03:09,267 [grpc-default-executor-2] INFO  impl.RoleInfo (RoleInfo.java:shutdownFollowerState(121)) - f6013552-a382-44c6-bdc3-8253bd9e054c: shutdown FollowerState
2019-09-17 06:03:09,268 [grpc-default-executor-2] INFO  impl.StateMachineUpdater (StateMachineUpdater.java:stopAndJoin(125)) - f6013552-a382-44c6-bdc3-8253bd9e054c@group-CBF25E866EAA-StateMachineUpdater: set stopIndex = 6
2019-09-17 06:03:09,268 [f6013552-a382-44c6-bdc3-8253bd9e054c@group-CBF25E866EAA-StateMachineUpdater] INFO  ratis.ContainerStateMachine (ContainerStateMachine.java:takeSnapshot(289)) - group-CBF25E866EAA: Taking a snapshot at:(t:1, i:4) file /workdir/hadoop-ozone/integration-test/target/test-dir/MiniOzoneClusterImpl-9c1dcb1a-3312-40b8-b485-08dcdfac2e9c/datanode-0/data/ratis/28c3b40f-4470-4af7-82e9-cbf25e866eaa/sm/snapshot.1_4
2019-09-17 06:03:09,268 [Thread-901] INFO  impl.FollowerState (FollowerState.java:run(115)) - f6013552-a382-44c6-bdc3-8253bd9e054c: FollowerState was interrupted: java.lang.InterruptedException: sleep interrupted
2019-09-17 06:03:09,276 [f6013552-a382-44c6-bdc3-8253bd9e054c@group-CBF25E866EAA-StateMachineUpdater] INFO  ratis.ContainerStateMachine (ContainerStateMachine.java:takeSnapshot(300)) - group-CBF25E866EAA: Finished taking a snapshot at:(t:1, i:4) file:/workdir/hadoop-ozone/integration-test/target/test-dir/MiniOzoneClusterImpl-9c1dcb1a-3312-40b8-b485-08dcdfac2e9c/datanode-0/data/ratis/28c3b40f-4470-4af7-82e9-cbf25e866eaa/sm/snapshot.1_4 time:9
2019-09-17 06:03:09,277 [f6013552-a382-44c6-bdc3-8253bd9e054c@group-CBF25E866EAA-StateMachineUpdater] INFO  impl.StateMachineUpdater (StateMachineUpdater.java:takeSnapshot(258)) - f6013552-a382-44c6-bdc3-8253bd9e054c@group-CBF25E866EAA-StateMachineUpdater: Took a snapshot at index 4
2019-09-17 06:03:09,277 [f6013552-a382-44c6-bdc3-8253bd9e054c@group-CBF25E866EAA-StateMachineUpdater] INFO  impl.StateMachineUpdater (StateMachineUpdater.java:lambda$new$0(83)) - f6013552-a382-44c6-bdc3-8253bd9e054c@group-CBF25E866EAA-StateMachineUpdater: snapshotIndex: updateIncreasingly -1 -> 4
2019-09-17 06:03:09,277 [f6013552-a382-44c6-bdc3-8253bd9e054c@group-CBF25E866EAA-StateMachineUpdater] INFO  ratis.ContainerStateMachine (ContainerStateMachine.java:takeSnapshot(289)) - group-CBF25E866EAA: Taking a snapshot at:(t:1, i:4) file /workdir/hadoop-ozone/integration-test/target/test-dir/MiniOzoneClusterImpl-9c1dcb1a-3312-40b8-b485-08dcdfac2e9c/datanode-0/data/ratis/28c3b40f-4470-4af7-82e9-cbf25e866eaa/sm/snapshot.1_4
2019-09-17 06:03:09,281 [f6013552-a382-44c6-bdc3-8253bd9e054c@group-CBF25E866EAA-StateMachineUpdater] INFO  ratis.ContainerStateMachine (ContainerStateMachine.java:takeSnapshot(300)) - group-CBF25E866EAA: Finished taking a snapshot at:(t:1, i:4) file:/workdir/hadoop-ozone/integration-test/target/test-dir/MiniOzoneClusterImpl-9c1dcb1a-3312-40b8-b485-08dcdfac2e9c/datanode-0/data/ratis/28c3b40f-4470-4af7-82e9-cbf25e866eaa/sm/snapshot.1_4 time:4
2019-09-17 06:03:09,281 [f6013552-a382-44c6-bdc3-8253bd9e054c@group-CBF25E866EAA-StateMachineUpdater] INFO  impl.StateMachineUpdater (StateMachineUpdater.java:takeSnapshot(258)) - f6013552-a382-44c6-bdc3-8253bd9e054c@group-CBF25E866EAA-StateMachineUpdater: Took a snapshot at index 4
2019-09-17 06:03:09,281 [f6013552-a382-44c6-bdc3-8253bd9e054c@group-CBF25E866EAA-StateMachineUpdater] INFO  impl.StateMachineUpdater (StateMachineUpdater.java:lambda$new$0(83)) - f6013552-a382-44c6-bdc3-8253bd9e054c@group-CBF25E866EAA-StateMachineUpdater: snapshotIndex: updateIncreasingly 4 -> 4
2019-09-17 06:03:09,282 [grpc-default-executor-2] INFO  impl.RaftServerImpl (ServerState.java:close(385)) - f6013552-a382-44c6-bdc3-8253bd9e054c@group-CBF25E866EAA: closes. applyIndex: 6
2019-09-17 06:03:09,283 [f6013552-a382-44c6-bdc3-8253bd9e054c@group-CBF25E866EAA-SegmentedRaftLogWorker] ERROR ratis.XceiverServerRatis (XceiverServerRatis.java:triggerPipelineClose(575)) - pipeline Action CLOSE  on pipeline PipelineID=28c3b40f-4470-4af7-82e9-cbf25e866eaa.Reason : WriteLog:7: (t:1, i:7), STATEMACHINELOGENTRY, client-EE883D609918, cid=39-writeStateMachineData interrupted.
2019-09-17 06:03:09,286 [grpc-default-executor-2] INFO  segmented.SegmentedRaftLogWorker (SegmentedRaftLogWorker.java:close(228)) - f6013552-a382-44c6-bdc3-8253bd9e054c@group-CBF25E866EAA-SegmentedRaftLogWorker close()
2019-09-17 06:03:09,286 [EventQueue-PipelineActionsForPipelineActionHandler] ERROR pipeline.PipelineActionHandler (PipelineActionHandler.java:onMessage(60)) - Received pipeline action CLOSE for Pipeline[ Id: 28c3b40f-4470-4af7-82e9-cbf25e866eaa, Nodes: c5233a29-19a6-42e1-869f-0cfd92a1650c{ip: 192.168.34.7, host: pr-hdds-2132-5g9kv-3389001449, networkLocation: /default-rack, certSerialId: null}3ec0bce2-5a80-4efc-b2ca-bab81cc18a9f{ip: 192.168.34.7, host: pr-hdds-2132-5g9kv-3389001449, networkLocation: /default-rack, certSerialId: null}f6013552-a382-44c6-bdc3-8253bd9e054c{ip: 192.168.34.7, host: pr-hdds-2132-5g9kv-3389001449, networkLocation: /default-rack, certSerialId: null}, Type:RATIS, Factor:THREE, State:CLOSED] from datanode f6013552-a382-44c6-bdc3-8253bd9e054c{ip: 192.168.34.7, host: pr-hdds-2132-5g9kv-3389001449, networkLocation: /default-rack, certSerialId: null}. Reason : WriteLog:7: (t:1, i:7), STATEMACHINELOGENTRY, client-EE883D609918, cid=39-writeStateMachineData interrupted.
2019-09-17 06:03:09,290 [EventQueue-PipelineActionsForPipelineActionHandler] INFO  pipeline.SCMPipelineManager (SCMPipelineManager.java:finalizeAndDestroyPipeline(311)) - destroying pipeline:Pipeline[ Id: 28c3b40f-4470-4af7-82e9-cbf25e866eaa, Nodes: c5233a29-19a6-42e1-869f-0cfd92a1650c{ip: 192.168.34.7, host: pr-hdds-2132-5g9kv-3389001449, networkLocation: /default-rack, certSerialId: null}3ec0bce2-5a80-4efc-b2ca-bab81cc18a9f{ip: 192.168.34.7, host: pr-hdds-2132-5g9kv-3389001449, networkLocation: /default-rack, certSerialId: null}f6013552-a382-44c6-bdc3-8253bd9e054c{ip: 192.168.34.7, host: pr-hdds-2132-5g9kv-3389001449, networkLocation: /default-rack, certSerialId: null}, Type:RATIS, Factor:THREE, State:CLOSED]
2019-09-17 06:03:09,294 [grpc-default-executor-2] INFO  interfaces.Container (KeyValueContainer.java:flushAndSyncDB(386)) - Container 4 is synced with bcsId 4.
2019-09-17 06:03:09,294 [grpc-default-executor-2] INFO  interfaces.Container (KeyValueContainer.java:flushAndSyncDB(386)) - Container 4 is synced with bcsId 4.
2019-09-17 06:03:09,319 [grpc-default-executor-2] INFO  interfaces.Container (KeyValueContainer.java:flushAndSyncDB(386)) - Container 5 is synced with bcsId 0.
2019-09-17 06:03:09,319 [grpc-default-executor-2] INFO  interfaces.Container (KeyValueContainer.java:flushAndSyncDB(386)) - Container 5 is synced with bcsId 0.
2019-09-17 06:03:09,344 [RatisPipelineUtilsThread] INFO  pipeline.PipelineStateManager (PipelineStateManager.java:removePipeline(108)) - Pipeline Pipeline[ Id: 28c3b40f-4470-4af7-82e9-cbf25e866eaa, Nodes: c5233a29-19a6-42e1-869f-0cfd92a1650c{ip: 192.168.34.7, host: pr-hdds-2132-5g9kv-3389001449, networkLocation: /default-rack, certSerialId: null}3ec0bce2-5a80-4efc-b2ca-bab81cc18a9f{ip: 192.168.34.7, host: pr-hdds-2132-5g9kv-3389001449, networkLocation: /default-rack, certSerialId: null}f6013552-a382-44c6-bdc3-8253bd9e054c{ip: 192.168.34.7, host: pr-hdds-2132-5g9kv-3389001449, networkLocation: /default-rack, certSerialId: null}, Type:RATIS, Factor:THREE, State:CLOSED] removed from db
2019-09-17 06:03:09,614 [main] WARN  io.KeyOutputStream (KeyOutputStream.java:handleException(276)) - Encountered exception java.io.IOException: Unexpected Storage Container Exception: java.util.concurrent.CompletionException: java.util.concurrent.CompletionException: org.apache.ratis.protocol.GroupMismatchException: f6013552-a382-44c6-bdc3-8253bd9e054c: group-CBF25E866EAA not found. on the pipeline Pipeline[ Id: 28c3b40f-4470-4af7-82e9-cbf25e866eaa, Nodes: c5233a29-19a6-42e1-869f-0cfd92a1650c{ip: 192.168.34.7, host: pr-hdds-2132-5g9kv-3389001449, networkLocation: /default-rack, certSerialId: null}3ec0bce2-5a80-4efc-b2ca-bab81cc18a9f{ip: 192.168.34.7, host: pr-hdds-2132-5g9kv-3389001449, networkLocation: /default-rack, certSerialId: null}f6013552-a382-44c6-bdc3-8253bd9e054c{ip: 192.168.34.7, host: pr-hdds-2132-5g9kv-3389001449, networkLocation: /default-rack, certSerialId: null}, Type:RATIS, Factor:THREE, State:OPEN]. The last committed block length is 0, uncommitted data length is 400 retry count 0
2019-09-17 06:03:09,692 [grpc-default-executor-2] INFO  client.GrpcClientProtocolClient (GrpcClientProtocolClient.java:onNext(264)) - client-BA2506DDDB30->e93b3770-42ff-4133-989c-2c3f555af44b: receive RaftClientReply:client-BA2506DDDB30->e93b3770-42ff-4133-989c-2c3f555af44b@group-3975FA4E760D, cid=132, FAILED org.apache.ratis.protocol.NotLeaderException: Server e93b3770-42ff-4133-989c-2c3f555af44b@group-3975FA4E760D is not the leader 7b82b5c3-1af5-4aef-b0e5-9bbd5ece1c94:192.168.34.7:38196, logIndex=0, commits[e93b3770-42ff-4133-989c-2c3f555af44b:c6, 2a8a7cd7-06bf-4db7-87f4-48062698d858:c6, 7b82b5c3-1af5-4aef-b0e5-9bbd5ece1c94:c6]
2019-09-17 06:03:09,814 [grpc-default-executor-1] INFO  client.GrpcClientProtocolClient (GrpcClientProtocolClient.java:onNext(264)) - client-BA2506DDDB30->7b82b5c3-1af5-4aef-b0e5-9bbd5ece1c94: receive RaftClientReply:client-BA2506DDDB30->7b82b5c3-1af5-4aef-b0e5-9bbd5ece1c94@group-3975FA4E760D, cid=132, SUCCESS, logIndex=7, commits[7b82b5c3-1af5-4aef-b0e5-9bbd5ece1c94:c7, 2a8a7cd7-06bf-4db7-87f4-48062698d858:c6, e93b3770-42ff-4133-989c-2c3f555af44b:c6]
2019-09-17 06:03:09,848 [grpc-default-executor-5] INFO  client.GrpcClientProtocolClient (GrpcClientProtocolClient.java:onNext(264)) - client-BA2506DDDB30->7b82b5c3-1af5-4aef-b0e5-9bbd5ece1c94: receive RaftClientReply:client-BA2506DDDB30->7b82b5c3-1af5-4aef-b0e5-9bbd5ece1c94@group-3975FA4E760D, cid=133, SUCCESS, logIndex=9, commits[7b82b5c3-1af5-4aef-b0e5-9bbd5ece1c94:c10, 2a8a7cd7-06bf-4db7-87f4-48062698d858:c8, e93b3770-42ff-4133-989c-2c3f555af44b:c8]
2019-09-17 06:03:09,891 [grpc-default-executor-2] INFO  client.GrpcClientProtocolClient (GrpcClientProtocolClient.java:onNext(264)) - client-BA2506DDDB30->7b82b5c3-1af5-4aef-b0e5-9bbd5ece1c94: receive RaftClientReply:client-BA2506DDDB30->7b82b5c3-1af5-4aef-b0e5-9bbd5ece1c94@group-3975FA4E760D, cid=134, SUCCESS, logIndex=10, commits[7b82b5c3-1af5-4aef-b0e5-9bbd5ece1c94:c18, 2a8a7cd7-06bf-4db7-87f4-48062698d858:c13, e93b3770-42ff-4133-989c-2c3f555af44b:c13]
2019-09-17 06:03:09,893 [grpc-default-executor-2] INFO  client.GrpcClientProtocolClient (GrpcClientProtocolClient.java:onNext(264)) - client-BA2506DDDB30->7b82b5c3-1af5-4aef-b0e5-9bbd5ece1c94: receive RaftClientReply:client-BA2506DDDB30->7b82b5c3-1af5-4aef-b0e5-9bbd5ece1c94@group-3975FA4E760D, cid=135, SUCCESS, logIndex=11, commits[7b82b5c3-1af5-4aef-b0e5-9bbd5ece1c94:c18, 2a8a7cd7-06bf-4db7-87f4-48062698d858:c13, e93b3770-42ff-4133-989c-2c3f555af44b:c13]
2019-09-17 06:03:09,894 [grpc-default-executor-2] INFO  client.GrpcClientProtocolClient (GrpcClientProtocolClient.java:onNext(264)) - client-BA2506DDDB30->7b82b5c3-1af5-4aef-b0e5-9bbd5ece1c94: receive RaftClientReply:client-BA2506DDDB30->7b82b5c3-1af5-4aef-b0e5-9bbd5ece1c94@group-3975FA4E760D, cid=136, SUCCESS, logIndex=12, commits[7b82b5c3-1af5-4aef-b0e5-9bbd5ece1c94:c18, 2a8a7cd7-06bf-4db7-87f4-48062698d858:c13, e93b3770-42ff-4133-989c-2c3f555af44b:c13]
2019-09-17 06:03:09,963 [grpc-default-executor-2] INFO  client.GrpcClientProtocolClient (GrpcClientProtocolClient.java:onNext(264)) - client-BA2506DDDB30->7b82b5c3-1af5-4aef-b0e5-9bbd5ece1c94: receive RaftClientReply:client-BA2506DDDB30->7b82b5c3-1af5-4aef-b0e5-9bbd5ece1c94@group-3975FA4E760D, cid=137, SUCCESS, logIndex=13, commits[7b82b5c3-1af5-4aef-b0e5-9bbd5ece1c94:c18, 2a8a7cd7-06bf-4db7-87f4-48062698d858:c13, e93b3770-42ff-4133-989c-2c3f555af44b:c13]
]]></system-out>
  </testcase>
  <testcase name="testBufferCaching" classname="org.apache.hadoop.ozone.client.rpc.TestBlockOutputStream" time="0.348"/>
  <testcase name="testWriteWithExceedingMaxBufferLimit" classname="org.apache.hadoop.ozone.client.rpc.TestBlockOutputStream" time="201.059">
    <failure message="expected:&lt;22&gt; but was:&lt;26&gt;" type="java.lang.AssertionError"><![CDATA[java.lang.AssertionError: expected:<22> but was:<26>
	at org.junit.Assert.fail(Assert.java:88)
	at org.junit.Assert.failNotEquals(Assert.java:743)
	at org.junit.Assert.assertEquals(Assert.java:118)
	at org.junit.Assert.assertEquals(Assert.java:555)
	at org.junit.Assert.assertEquals(Assert.java:542)
	at org.apache.hadoop.ozone.client.rpc.TestBlockOutputStream.testWriteWithExceedingMaxBufferLimit(TestBlockOutputStream.java:614)
	at sun.reflect.NativeMethodAccessorImpl.invoke0(Native Method)
	at sun.reflect.NativeMethodAccessorImpl.invoke(NativeMethodAccessorImpl.java:62)
	at sun.reflect.DelegatingMethodAccessorImpl.invoke(DelegatingMethodAccessorImpl.java:43)
	at java.lang.reflect.Method.invoke(Method.java:498)
	at org.junit.runners.model.FrameworkMethod$1.runReflectiveCall(FrameworkMethod.java:47)
	at org.junit.internal.runners.model.ReflectiveCallable.run(ReflectiveCallable.java:12)
	at org.junit.runners.model.FrameworkMethod.invokeExplosively(FrameworkMethod.java:44)
	at org.junit.internal.runners.statements.InvokeMethod.evaluate(InvokeMethod.java:17)
	at org.junit.runners.ParentRunner.runLeaf(ParentRunner.java:271)
	at org.junit.runners.BlockJUnit4ClassRunner.runChild(BlockJUnit4ClassRunner.java:70)
	at org.junit.runners.BlockJUnit4ClassRunner.runChild(BlockJUnit4ClassRunner.java:50)
	at org.junit.runners.ParentRunner$3.run(ParentRunner.java:238)
	at org.junit.runners.ParentRunner$1.schedule(ParentRunner.java:63)
	at org.junit.runners.ParentRunner.runChildren(ParentRunner.java:236)
	at org.junit.runners.ParentRunner.access$000(ParentRunner.java:53)
	at org.junit.runners.ParentRunner$2.evaluate(ParentRunner.java:229)
	at org.junit.internal.runners.statements.RunBefores.evaluate(RunBefores.java:26)
	at org.junit.internal.runners.statements.RunAfters.evaluate(RunAfters.java:27)
	at org.junit.runners.ParentRunner.run(ParentRunner.java:309)
	at org.apache.maven.surefire.junit4.JUnit4Provider.execute(JUnit4Provider.java:365)
	at org.apache.maven.surefire.junit4.JUnit4Provider.executeWithRerun(JUnit4Provider.java:273)
	at org.apache.maven.surefire.junit4.JUnit4Provider.executeTestSet(JUnit4Provider.java:238)
	at org.apache.maven.surefire.junit4.JUnit4Provider.invoke(JUnit4Provider.java:159)
	at org.apache.maven.surefire.booter.ForkedBooter.invokeProviderInSameClassLoader(ForkedBooter.java:384)
	at org.apache.maven.surefire.booter.ForkedBooter.runSuitesInProcess(ForkedBooter.java:345)
	at org.apache.maven.surefire.booter.ForkedBooter.execute(ForkedBooter.java:126)
	at org.apache.maven.surefire.booter.ForkedBooter.main(ForkedBooter.java:418)
]]></failure>
    <system-out><![CDATA[2019-09-17 06:03:12,069 [grpc-default-executor-2] INFO  impl.RaftServerProxy (RaftServerProxy.java:remove(95)) - c5233a29-19a6-42e1-869f-0cfd92a1650c: remove group-CBF25E866EAA:null
2019-09-17 06:03:12,072 [RatisPipelineUtilsThread] WARN  pipeline.RatisPipelineUtils (RatisPipelineUtils.java:destroyPipeline(66)) - Pipeline destroy failed for pipeline=PipelineID=28c3b40f-4470-4af7-82e9-cbf25e866eaa dn=c5233a29-19a6-42e1-869f-0cfd92a1650c{ip: 192.168.34.7, host: pr-hdds-2132-5g9kv-3389001449, networkLocation: /default-rack, certSerialId: null}
2019-09-17 06:03:12,075 [grpc-default-executor-2] INFO  impl.RaftServerProxy (RaftServerProxy.java:remove(95)) - 3ec0bce2-5a80-4efc-b2ca-bab81cc18a9f: remove group-CBF25E866EAA:null
2019-09-17 06:03:12,077 [RatisPipelineUtilsThread] WARN  pipeline.RatisPipelineUtils (RatisPipelineUtils.java:destroyPipeline(66)) - Pipeline destroy failed for pipeline=PipelineID=28c3b40f-4470-4af7-82e9-cbf25e866eaa dn=3ec0bce2-5a80-4efc-b2ca-bab81cc18a9f{ip: 192.168.34.7, host: pr-hdds-2132-5g9kv-3389001449, networkLocation: /default-rack, certSerialId: null}
2019-09-17 06:03:12,080 [grpc-default-executor-2] INFO  impl.RaftServerProxy (RaftServerProxy.java:remove(95)) - f6013552-a382-44c6-bdc3-8253bd9e054c: remove group-CBF25E866EAA:null
2019-09-17 06:03:12,083 [RatisPipelineUtilsThread] WARN  pipeline.RatisPipelineUtils (RatisPipelineUtils.java:destroyPipeline(66)) - Pipeline destroy failed for pipeline=PipelineID=28c3b40f-4470-4af7-82e9-cbf25e866eaa dn=f6013552-a382-44c6-bdc3-8253bd9e054c{ip: 192.168.34.7, host: pr-hdds-2132-5g9kv-3389001449, networkLocation: /default-rack, certSerialId: null}
2019-09-17 06:03:12,083 [RatisPipelineUtilsThread] ERROR pipeline.SCMPipelineManager (Scheduler.java:lambda$schedule$1(70)) - Destroy pipeline failed for pipeline:Pipeline[ Id: 28c3b40f-4470-4af7-82e9-cbf25e866eaa, Nodes: c5233a29-19a6-42e1-869f-0cfd92a1650c{ip: 192.168.34.7, host: pr-hdds-2132-5g9kv-3389001449, networkLocation: /default-rack, certSerialId: null}3ec0bce2-5a80-4efc-b2ca-bab81cc18a9f{ip: 192.168.34.7, host: pr-hdds-2132-5g9kv-3389001449, networkLocation: /default-rack, certSerialId: null}f6013552-a382-44c6-bdc3-8253bd9e054c{ip: 192.168.34.7, host: pr-hdds-2132-5g9kv-3389001449, networkLocation: /default-rack, certSerialId: null}, Type:RATIS, Factor:THREE, State:CLOSED]
org.apache.hadoop.hdds.scm.pipeline.PipelineNotFoundException: PipelineID=28c3b40f-4470-4af7-82e9-cbf25e866eaa not found
	at org.apache.hadoop.hdds.scm.pipeline.PipelineStateMap.getPipeline(PipelineStateMap.java:132)
	at org.apache.hadoop.hdds.scm.pipeline.PipelineStateMap.removePipeline(PipelineStateMap.java:322)
	at org.apache.hadoop.hdds.scm.pipeline.PipelineStateManager.removePipeline(PipelineStateManager.java:107)
	at org.apache.hadoop.hdds.scm.pipeline.SCMPipelineManager.removePipeline(SCMPipelineManager.java:423)
	at org.apache.hadoop.hdds.scm.pipeline.SCMPipelineManager.destroyPipeline(SCMPipelineManager.java:409)
	at org.apache.hadoop.hdds.scm.pipeline.SCMPipelineManager.lambda$finalizeAndDestroyPipeline$0(SCMPipelineManager.java:318)
	at org.apache.hadoop.utils.Scheduler.lambda$schedule$1(Scheduler.java:68)
	at java.util.concurrent.Executors$RunnableAdapter.call(Executors.java:511)
	at java.util.concurrent.FutureTask.run(FutureTask.java:266)
	at java.util.concurrent.ScheduledThreadPoolExecutor$ScheduledFutureTask.access$201(ScheduledThreadPoolExecutor.java:180)
	at java.util.concurrent.ScheduledThreadPoolExecutor$ScheduledFutureTask.run(ScheduledThreadPoolExecutor.java:293)
	at java.util.concurrent.ThreadPoolExecutor.runWorker(ThreadPoolExecutor.java:1149)
	at java.util.concurrent.ThreadPoolExecutor$Worker.run(ThreadPoolExecutor.java:624)
	at java.lang.Thread.run(Thread.java:748)
2019-09-17 06:03:13,088 [grpc-default-executor-2] INFO  impl.RaftServerProxy (RaftServerProxy.java:remove(95)) - c5233a29-19a6-42e1-869f-0cfd92a1650c: remove group-CBF25E866EAA:null
2019-09-17 06:03:13,091 [RatisPipelineUtilsThread] WARN  pipeline.RatisPipelineUtils (RatisPipelineUtils.java:destroyPipeline(66)) - Pipeline destroy failed for pipeline=PipelineID=28c3b40f-4470-4af7-82e9-cbf25e866eaa dn=c5233a29-19a6-42e1-869f-0cfd92a1650c{ip: 192.168.34.7, host: pr-hdds-2132-5g9kv-3389001449, networkLocation: /default-rack, certSerialId: null}
2019-09-17 06:03:13,094 [grpc-default-executor-2] INFO  impl.RaftServerProxy (RaftServerProxy.java:remove(95)) - 3ec0bce2-5a80-4efc-b2ca-bab81cc18a9f: remove group-CBF25E866EAA:null
2019-09-17 06:03:13,095 [RatisPipelineUtilsThread] WARN  pipeline.RatisPipelineUtils (RatisPipelineUtils.java:destroyPipeline(66)) - Pipeline destroy failed for pipeline=PipelineID=28c3b40f-4470-4af7-82e9-cbf25e866eaa dn=3ec0bce2-5a80-4efc-b2ca-bab81cc18a9f{ip: 192.168.34.7, host: pr-hdds-2132-5g9kv-3389001449, networkLocation: /default-rack, certSerialId: null}
2019-09-17 06:03:13,097 [grpc-default-executor-2] INFO  impl.RaftServerProxy (RaftServerProxy.java:remove(95)) - f6013552-a382-44c6-bdc3-8253bd9e054c: remove group-CBF25E866EAA:null
2019-09-17 06:03:13,099 [RatisPipelineUtilsThread] WARN  pipeline.RatisPipelineUtils (RatisPipelineUtils.java:destroyPipeline(66)) - Pipeline destroy failed for pipeline=PipelineID=28c3b40f-4470-4af7-82e9-cbf25e866eaa dn=f6013552-a382-44c6-bdc3-8253bd9e054c{ip: 192.168.34.7, host: pr-hdds-2132-5g9kv-3389001449, networkLocation: /default-rack, certSerialId: null}
2019-09-17 06:03:13,100 [RatisPipelineUtilsThread] ERROR pipeline.SCMPipelineManager (Scheduler.java:lambda$schedule$1(70)) - Destroy pipeline failed for pipeline:Pipeline[ Id: 28c3b40f-4470-4af7-82e9-cbf25e866eaa, Nodes: c5233a29-19a6-42e1-869f-0cfd92a1650c{ip: 192.168.34.7, host: pr-hdds-2132-5g9kv-3389001449, networkLocation: /default-rack, certSerialId: null}3ec0bce2-5a80-4efc-b2ca-bab81cc18a9f{ip: 192.168.34.7, host: pr-hdds-2132-5g9kv-3389001449, networkLocation: /default-rack, certSerialId: null}f6013552-a382-44c6-bdc3-8253bd9e054c{ip: 192.168.34.7, host: pr-hdds-2132-5g9kv-3389001449, networkLocation: /default-rack, certSerialId: null}, Type:RATIS, Factor:THREE, State:CLOSED]
org.apache.hadoop.hdds.scm.pipeline.PipelineNotFoundException: PipelineID=28c3b40f-4470-4af7-82e9-cbf25e866eaa not found
	at org.apache.hadoop.hdds.scm.pipeline.PipelineStateMap.getPipeline(PipelineStateMap.java:132)
	at org.apache.hadoop.hdds.scm.pipeline.PipelineStateMap.removePipeline(PipelineStateMap.java:322)
	at org.apache.hadoop.hdds.scm.pipeline.PipelineStateManager.removePipeline(PipelineStateManager.java:107)
	at org.apache.hadoop.hdds.scm.pipeline.SCMPipelineManager.removePipeline(SCMPipelineManager.java:423)
	at org.apache.hadoop.hdds.scm.pipeline.SCMPipelineManager.destroyPipeline(SCMPipelineManager.java:409)
	at org.apache.hadoop.hdds.scm.pipeline.SCMPipelineManager.lambda$finalizeAndDestroyPipeline$0(SCMPipelineManager.java:318)
	at org.apache.hadoop.utils.Scheduler.lambda$schedule$1(Scheduler.java:68)
	at java.util.concurrent.Executors$RunnableAdapter.call(Executors.java:511)
	at java.util.concurrent.FutureTask.run(FutureTask.java:266)
	at java.util.concurrent.ScheduledThreadPoolExecutor$ScheduledFutureTask.access$201(ScheduledThreadPoolExecutor.java:180)
	at java.util.concurrent.ScheduledThreadPoolExecutor$ScheduledFutureTask.run(ScheduledThreadPoolExecutor.java:293)
	at java.util.concurrent.ThreadPoolExecutor.runWorker(ThreadPoolExecutor.java:1149)
	at java.util.concurrent.ThreadPoolExecutor$Worker.run(ThreadPoolExecutor.java:624)
	at java.lang.Thread.run(Thread.java:748)
2019-09-17 06:03:13,342 [java.util.concurrent.ThreadPoolExecutor$Worker@de36a13[State = -1, empty queue]] WARN  server.GrpcLogAppender (GrpcLogAppender.java:timeoutAppendRequest(200)) - 7b82b5c3-1af5-4aef-b0e5-9bbd5ece1c94@group-3975FA4E760D->2a8a7cd7-06bf-4db7-87f4-48062698d858-GrpcLogAppender: appendEntries Timeout, request=7b82b5c3-1af5-4aef-b0e5-9bbd5ece1c94->2a8a7cd7-06bf-4db7-87f4-48062698d858#171-t3, previous=(t:3, i:18), leaderCommit=18, initializing? false, entries: size=1, first=(t:3, i:19), STATEMACHINELOGENTRY, client-BA2506DDDB30, cid=140
2019-09-17 06:03:13,342 [java.util.concurrent.ThreadPoolExecutor$Worker@40b25a1f[State = -1, empty queue]] WARN  server.GrpcLogAppender (GrpcLogAppender.java:timeoutAppendRequest(200)) - 7b82b5c3-1af5-4aef-b0e5-9bbd5ece1c94@group-3975FA4E760D->e93b3770-42ff-4133-989c-2c3f555af44b-GrpcLogAppender: appendEntries Timeout, request=7b82b5c3-1af5-4aef-b0e5-9bbd5ece1c94->e93b3770-42ff-4133-989c-2c3f555af44b#171-t3, previous=(t:3, i:18), leaderCommit=18, initializing? false, entries: size=1, first=(t:3, i:19), STATEMACHINELOGENTRY, client-BA2506DDDB30, cid=140
2019-09-17 06:03:13,343 [java.util.concurrent.ThreadPoolExecutor$Worker@de36a13[State = -1, empty queue]] WARN  server.GrpcLogAppender (GrpcLogAppender.java:timeoutAppendRequest(200)) - 7b82b5c3-1af5-4aef-b0e5-9bbd5ece1c94@group-3975FA4E760D->2a8a7cd7-06bf-4db7-87f4-48062698d858-GrpcLogAppender: appendEntries Timeout, request=7b82b5c3-1af5-4aef-b0e5-9bbd5ece1c94->2a8a7cd7-06bf-4db7-87f4-48062698d858#172-t3, previous=(t:3, i:19), leaderCommit=18, initializing? false, entries: size=1, first=(t:3, i:20), STATEMACHINELOGENTRY, client-BA2506DDDB30, cid=141
2019-09-17 06:03:13,343 [java.util.concurrent.ThreadPoolExecutor$Worker@40b25a1f[State = -1, empty queue]] WARN  server.GrpcLogAppender (GrpcLogAppender.java:timeoutAppendRequest(200)) - 7b82b5c3-1af5-4aef-b0e5-9bbd5ece1c94@group-3975FA4E760D->e93b3770-42ff-4133-989c-2c3f555af44b-GrpcLogAppender: appendEntries Timeout, request=7b82b5c3-1af5-4aef-b0e5-9bbd5ece1c94->e93b3770-42ff-4133-989c-2c3f555af44b#172-t3, previous=(t:3, i:19), leaderCommit=18, initializing? false, entries: size=1, first=(t:3, i:20), STATEMACHINELOGENTRY, client-BA2506DDDB30, cid=141
2019-09-17 06:03:13,344 [java.util.concurrent.ThreadPoolExecutor$Worker@de36a13[State = -1, empty queue]] WARN  server.GrpcLogAppender (GrpcLogAppender.java:timeoutAppendRequest(200)) - 7b82b5c3-1af5-4aef-b0e5-9bbd5ece1c94@group-3975FA4E760D->2a8a7cd7-06bf-4db7-87f4-48062698d858-GrpcLogAppender: appendEntries Timeout, request=7b82b5c3-1af5-4aef-b0e5-9bbd5ece1c94->2a8a7cd7-06bf-4db7-87f4-48062698d858#173-t3, previous=(t:3, i:20), leaderCommit=18, initializing? false, entries: size=1, first=(t:3, i:21), STATEMACHINELOGENTRY, client-BA2506DDDB30, cid=142
2019-09-17 06:03:13,344 [java.util.concurrent.ThreadPoolExecutor$Worker@40b25a1f[State = -1, empty queue]] WARN  server.GrpcLogAppender (GrpcLogAppender.java:timeoutAppendRequest(200)) - 7b82b5c3-1af5-4aef-b0e5-9bbd5ece1c94@group-3975FA4E760D->e93b3770-42ff-4133-989c-2c3f555af44b-GrpcLogAppender: appendEntries Timeout, request=7b82b5c3-1af5-4aef-b0e5-9bbd5ece1c94->e93b3770-42ff-4133-989c-2c3f555af44b#173-t3, previous=(t:3, i:20), leaderCommit=18, initializing? false, entries: size=1, first=(t:3, i:21), STATEMACHINELOGENTRY, client-BA2506DDDB30, cid=142
2019-09-17 06:03:13,345 [java.util.concurrent.ThreadPoolExecutor$Worker@de36a13[State = -1, empty queue]] WARN  server.GrpcLogAppender (GrpcLogAppender.java:timeoutAppendRequest(200)) - 7b82b5c3-1af5-4aef-b0e5-9bbd5ece1c94@group-3975FA4E760D->2a8a7cd7-06bf-4db7-87f4-48062698d858-GrpcLogAppender: appendEntries Timeout, request=7b82b5c3-1af5-4aef-b0e5-9bbd5ece1c94->2a8a7cd7-06bf-4db7-87f4-48062698d858#174-t3, previous=(t:3, i:21), leaderCommit=18, initializing? false, entries: size=1, first=(t:3, i:22), STATEMACHINELOGENTRY, client-BA2506DDDB30, cid=143
2019-09-17 06:03:13,345 [java.util.concurrent.ThreadPoolExecutor$Worker@40b25a1f[State = -1, empty queue]] WARN  server.GrpcLogAppender (GrpcLogAppender.java:timeoutAppendRequest(200)) - 7b82b5c3-1af5-4aef-b0e5-9bbd5ece1c94@group-3975FA4E760D->e93b3770-42ff-4133-989c-2c3f555af44b-GrpcLogAppender: appendEntries Timeout, request=7b82b5c3-1af5-4aef-b0e5-9bbd5ece1c94->e93b3770-42ff-4133-989c-2c3f555af44b#174-t3, previous=(t:3, i:21), leaderCommit=18, initializing? false, entries: size=1, first=(t:3, i:22), STATEMACHINELOGENTRY, client-BA2506DDDB30, cid=143
2019-09-17 06:03:13,346 [java.util.concurrent.ThreadPoolExecutor$Worker@de36a13[State = -1, empty queue]] WARN  server.GrpcLogAppender (GrpcLogAppender.java:timeoutAppendRequest(200)) - 7b82b5c3-1af5-4aef-b0e5-9bbd5ece1c94@group-3975FA4E760D->2a8a7cd7-06bf-4db7-87f4-48062698d858-GrpcLogAppender: appendEntries Timeout, request=7b82b5c3-1af5-4aef-b0e5-9bbd5ece1c94->2a8a7cd7-06bf-4db7-87f4-48062698d858#175-t3, previous=(t:3, i:22), leaderCommit=18, initializing? false, entries: size=1, first=(t:3, i:23), STATEMACHINELOGENTRY, client-BA2506DDDB30, cid=144
2019-09-17 06:03:13,346 [java.util.concurrent.ThreadPoolExecutor$Worker@40b25a1f[State = -1, empty queue]] WARN  server.GrpcLogAppender (GrpcLogAppender.java:timeoutAppendRequest(200)) - 7b82b5c3-1af5-4aef-b0e5-9bbd5ece1c94@group-3975FA4E760D->e93b3770-42ff-4133-989c-2c3f555af44b-GrpcLogAppender: appendEntries Timeout, request=7b82b5c3-1af5-4aef-b0e5-9bbd5ece1c94->e93b3770-42ff-4133-989c-2c3f555af44b#175-t3, previous=(t:3, i:22), leaderCommit=18, initializing? false, entries: size=1, first=(t:3, i:23), STATEMACHINELOGENTRY, client-BA2506DDDB30, cid=144
2019-09-17 06:03:13,346 [java.util.concurrent.ThreadPoolExecutor$Worker@de36a13[State = -1, empty queue]] WARN  server.GrpcLogAppender (GrpcLogAppender.java:timeoutAppendRequest(200)) - 7b82b5c3-1af5-4aef-b0e5-9bbd5ece1c94@group-3975FA4E760D->2a8a7cd7-06bf-4db7-87f4-48062698d858-GrpcLogAppender: appendEntries Timeout, request=7b82b5c3-1af5-4aef-b0e5-9bbd5ece1c94->2a8a7cd7-06bf-4db7-87f4-48062698d858#176-t3, previous=(t:3, i:23), leaderCommit=18, initializing? false, entries: size=1, first=(t:3, i:24), STATEMACHINELOGENTRY, client-BA2506DDDB30, cid=145
2019-09-17 06:03:13,346 [java.util.concurrent.ThreadPoolExecutor$Worker@40b25a1f[State = -1, empty queue]] WARN  server.GrpcLogAppender (GrpcLogAppender.java:timeoutAppendRequest(200)) - 7b82b5c3-1af5-4aef-b0e5-9bbd5ece1c94@group-3975FA4E760D->e93b3770-42ff-4133-989c-2c3f555af44b-GrpcLogAppender: appendEntries Timeout, request=7b82b5c3-1af5-4aef-b0e5-9bbd5ece1c94->e93b3770-42ff-4133-989c-2c3f555af44b#176-t3, previous=(t:3, i:23), leaderCommit=18, initializing? false, entries: size=1, first=(t:3, i:24), STATEMACHINELOGENTRY, client-BA2506DDDB30, cid=145
2019-09-17 06:03:15,088 [grpc-default-executor-2] INFO  impl.RaftServerProxy (RaftServerProxy.java:remove(95)) - c5233a29-19a6-42e1-869f-0cfd92a1650c: remove group-CBF25E866EAA:null
2019-09-17 06:03:15,093 [RatisPipelineUtilsThread] WARN  pipeline.RatisPipelineUtils (RatisPipelineUtils.java:destroyPipeline(66)) - Pipeline destroy failed for pipeline=PipelineID=28c3b40f-4470-4af7-82e9-cbf25e866eaa dn=c5233a29-19a6-42e1-869f-0cfd92a1650c{ip: 192.168.34.7, host: pr-hdds-2132-5g9kv-3389001449, networkLocation: /default-rack, certSerialId: null}
2019-09-17 06:03:15,097 [grpc-default-executor-2] INFO  impl.RaftServerProxy (RaftServerProxy.java:remove(95)) - 3ec0bce2-5a80-4efc-b2ca-bab81cc18a9f: remove group-CBF25E866EAA:null
2019-09-17 06:03:15,099 [RatisPipelineUtilsThread] WARN  pipeline.RatisPipelineUtils (RatisPipelineUtils.java:destroyPipeline(66)) - Pipeline destroy failed for pipeline=PipelineID=28c3b40f-4470-4af7-82e9-cbf25e866eaa dn=3ec0bce2-5a80-4efc-b2ca-bab81cc18a9f{ip: 192.168.34.7, host: pr-hdds-2132-5g9kv-3389001449, networkLocation: /default-rack, certSerialId: null}
2019-09-17 06:03:15,102 [grpc-default-executor-2] INFO  impl.RaftServerProxy (RaftServerProxy.java:remove(95)) - f6013552-a382-44c6-bdc3-8253bd9e054c: remove group-CBF25E866EAA:null
2019-09-17 06:03:15,105 [RatisPipelineUtilsThread] WARN  pipeline.RatisPipelineUtils (RatisPipelineUtils.java:destroyPipeline(66)) - Pipeline destroy failed for pipeline=PipelineID=28c3b40f-4470-4af7-82e9-cbf25e866eaa dn=f6013552-a382-44c6-bdc3-8253bd9e054c{ip: 192.168.34.7, host: pr-hdds-2132-5g9kv-3389001449, networkLocation: /default-rack, certSerialId: null}
2019-09-17 06:03:15,106 [RatisPipelineUtilsThread] ERROR pipeline.SCMPipelineManager (Scheduler.java:lambda$schedule$1(70)) - Destroy pipeline failed for pipeline:Pipeline[ Id: 28c3b40f-4470-4af7-82e9-cbf25e866eaa, Nodes: c5233a29-19a6-42e1-869f-0cfd92a1650c{ip: 192.168.34.7, host: pr-hdds-2132-5g9kv-3389001449, networkLocation: /default-rack, certSerialId: null}3ec0bce2-5a80-4efc-b2ca-bab81cc18a9f{ip: 192.168.34.7, host: pr-hdds-2132-5g9kv-3389001449, networkLocation: /default-rack, certSerialId: null}f6013552-a382-44c6-bdc3-8253bd9e054c{ip: 192.168.34.7, host: pr-hdds-2132-5g9kv-3389001449, networkLocation: /default-rack, certSerialId: null}, Type:RATIS, Factor:THREE, State:CLOSED]
org.apache.hadoop.hdds.scm.pipeline.PipelineNotFoundException: PipelineID=28c3b40f-4470-4af7-82e9-cbf25e866eaa not found
	at org.apache.hadoop.hdds.scm.pipeline.PipelineStateMap.getPipeline(PipelineStateMap.java:132)
	at org.apache.hadoop.hdds.scm.pipeline.PipelineStateMap.removePipeline(PipelineStateMap.java:322)
	at org.apache.hadoop.hdds.scm.pipeline.PipelineStateManager.removePipeline(PipelineStateManager.java:107)
	at org.apache.hadoop.hdds.scm.pipeline.SCMPipelineManager.removePipeline(SCMPipelineManager.java:423)
	at org.apache.hadoop.hdds.scm.pipeline.SCMPipelineManager.destroyPipeline(SCMPipelineManager.java:409)
	at org.apache.hadoop.hdds.scm.pipeline.SCMPipelineManager.lambda$finalizeAndDestroyPipeline$0(SCMPipelineManager.java:318)
	at org.apache.hadoop.utils.Scheduler.lambda$schedule$1(Scheduler.java:68)
	at java.util.concurrent.Executors$RunnableAdapter.call(Executors.java:511)
	at java.util.concurrent.FutureTask.run(FutureTask.java:266)
	at java.util.concurrent.ScheduledThreadPoolExecutor$ScheduledFutureTask.access$201(ScheduledThreadPoolExecutor.java:180)
	at java.util.concurrent.ScheduledThreadPoolExecutor$ScheduledFutureTask.run(ScheduledThreadPoolExecutor.java:293)
	at java.util.concurrent.ThreadPoolExecutor.runWorker(ThreadPoolExecutor.java:1149)
	at java.util.concurrent.ThreadPoolExecutor$Worker.run(ThreadPoolExecutor.java:624)
	at java.lang.Thread.run(Thread.java:748)
2019-09-17 06:03:15,368 [grpc-default-executor-2] INFO  client.GrpcClientProtocolClient (GrpcClientProtocolClient.java:onNext(264)) - client-BA2506DDDB30->e93b3770-42ff-4133-989c-2c3f555af44b: receive RaftClientReply:client-BA2506DDDB30->e93b3770-42ff-4133-989c-2c3f555af44b@group-3975FA4E760D, cid=140, FAILED org.apache.ratis.protocol.NotLeaderException: Server e93b3770-42ff-4133-989c-2c3f555af44b@group-3975FA4E760D is not the leader 7b82b5c3-1af5-4aef-b0e5-9bbd5ece1c94:192.168.34.7:38196, logIndex=0, commits[e93b3770-42ff-4133-989c-2c3f555af44b:c18, 2a8a7cd7-06bf-4db7-87f4-48062698d858:c13, 7b82b5c3-1af5-4aef-b0e5-9bbd5ece1c94:c18]
2019-09-17 06:03:15,847 [java.util.concurrent.ThreadPoolExecutor$Worker@de36a13[State = -1, empty queue]] WARN  server.GrpcLogAppender (GrpcLogAppender.java:timeoutAppendRequest(200)) - 7b82b5c3-1af5-4aef-b0e5-9bbd5ece1c94@group-3975FA4E760D->2a8a7cd7-06bf-4db7-87f4-48062698d858-GrpcLogAppender: appendEntries Timeout, request=7b82b5c3-1af5-4aef-b0e5-9bbd5ece1c94->2a8a7cd7-06bf-4db7-87f4-48062698d858#177-t3, previous=(t:3, i:24), leaderCommit=18, initializing? false, entries: <empty>
2019-09-17 06:03:15,847 [java.util.concurrent.ThreadPoolExecutor$Worker@40b25a1f[State = -1, empty queue]] WARN  server.GrpcLogAppender (GrpcLogAppender.java:timeoutAppendRequest(200)) - 7b82b5c3-1af5-4aef-b0e5-9bbd5ece1c94@group-3975FA4E760D->e93b3770-42ff-4133-989c-2c3f555af44b-GrpcLogAppender: appendEntries Timeout, request=7b82b5c3-1af5-4aef-b0e5-9bbd5ece1c94->e93b3770-42ff-4133-989c-2c3f555af44b#177-t3, previous=(t:3, i:24), leaderCommit=18, initializing? false, entries: <empty>
2019-09-17 06:03:18,091 [grpc-default-executor-1] INFO  impl.RaftServerProxy (RaftServerProxy.java:remove(95)) - c5233a29-19a6-42e1-869f-0cfd92a1650c: remove group-CBF25E866EAA:null
2019-09-17 06:03:18,098 [RatisPipelineUtilsThread] WARN  pipeline.RatisPipelineUtils (RatisPipelineUtils.java:destroyPipeline(66)) - Pipeline destroy failed for pipeline=PipelineID=28c3b40f-4470-4af7-82e9-cbf25e866eaa dn=c5233a29-19a6-42e1-869f-0cfd92a1650c{ip: 192.168.34.7, host: pr-hdds-2132-5g9kv-3389001449, networkLocation: /default-rack, certSerialId: null}
2019-09-17 06:03:18,103 [grpc-default-executor-1] INFO  impl.RaftServerProxy (RaftServerProxy.java:remove(95)) - 3ec0bce2-5a80-4efc-b2ca-bab81cc18a9f: remove group-CBF25E866EAA:null
2019-09-17 06:03:18,105 [RatisPipelineUtilsThread] WARN  pipeline.RatisPipelineUtils (RatisPipelineUtils.java:destroyPipeline(66)) - Pipeline destroy failed for pipeline=PipelineID=28c3b40f-4470-4af7-82e9-cbf25e866eaa dn=3ec0bce2-5a80-4efc-b2ca-bab81cc18a9f{ip: 192.168.34.7, host: pr-hdds-2132-5g9kv-3389001449, networkLocation: /default-rack, certSerialId: null}
2019-09-17 06:03:18,109 [grpc-default-executor-1] INFO  impl.RaftServerProxy (RaftServerProxy.java:remove(95)) - f6013552-a382-44c6-bdc3-8253bd9e054c: remove group-CBF25E866EAA:null
2019-09-17 06:03:18,111 [RatisPipelineUtilsThread] WARN  pipeline.RatisPipelineUtils (RatisPipelineUtils.java:destroyPipeline(66)) - Pipeline destroy failed for pipeline=PipelineID=28c3b40f-4470-4af7-82e9-cbf25e866eaa dn=f6013552-a382-44c6-bdc3-8253bd9e054c{ip: 192.168.34.7, host: pr-hdds-2132-5g9kv-3389001449, networkLocation: /default-rack, certSerialId: null}
2019-09-17 06:03:18,111 [RatisPipelineUtilsThread] ERROR pipeline.SCMPipelineManager (Scheduler.java:lambda$schedule$1(70)) - Destroy pipeline failed for pipeline:Pipeline[ Id: 28c3b40f-4470-4af7-82e9-cbf25e866eaa, Nodes: c5233a29-19a6-42e1-869f-0cfd92a1650c{ip: 192.168.34.7, host: pr-hdds-2132-5g9kv-3389001449, networkLocation: /default-rack, certSerialId: null}3ec0bce2-5a80-4efc-b2ca-bab81cc18a9f{ip: 192.168.34.7, host: pr-hdds-2132-5g9kv-3389001449, networkLocation: /default-rack, certSerialId: null}f6013552-a382-44c6-bdc3-8253bd9e054c{ip: 192.168.34.7, host: pr-hdds-2132-5g9kv-3389001449, networkLocation: /default-rack, certSerialId: null}, Type:RATIS, Factor:THREE, State:CLOSED]
org.apache.hadoop.hdds.scm.pipeline.PipelineNotFoundException: PipelineID=28c3b40f-4470-4af7-82e9-cbf25e866eaa not found
	at org.apache.hadoop.hdds.scm.pipeline.PipelineStateMap.getPipeline(PipelineStateMap.java:132)
	at org.apache.hadoop.hdds.scm.pipeline.PipelineStateMap.removePipeline(PipelineStateMap.java:322)
	at org.apache.hadoop.hdds.scm.pipeline.PipelineStateManager.removePipeline(PipelineStateManager.java:107)
	at org.apache.hadoop.hdds.scm.pipeline.SCMPipelineManager.removePipeline(SCMPipelineManager.java:423)
	at org.apache.hadoop.hdds.scm.pipeline.SCMPipelineManager.destroyPipeline(SCMPipelineManager.java:409)
	at org.apache.hadoop.hdds.scm.pipeline.SCMPipelineManager.lambda$finalizeAndDestroyPipeline$0(SCMPipelineManager.java:318)
	at org.apache.hadoop.utils.Scheduler.lambda$schedule$1(Scheduler.java:68)
	at java.util.concurrent.Executors$RunnableAdapter.call(Executors.java:511)
	at java.util.concurrent.FutureTask.run(FutureTask.java:266)
	at java.util.concurrent.ScheduledThreadPoolExecutor$ScheduledFutureTask.access$201(ScheduledThreadPoolExecutor.java:180)
	at java.util.concurrent.ScheduledThreadPoolExecutor$ScheduledFutureTask.run(ScheduledThreadPoolExecutor.java:293)
	at java.util.concurrent.ThreadPoolExecutor.runWorker(ThreadPoolExecutor.java:1149)
	at java.util.concurrent.ThreadPoolExecutor$Worker.run(ThreadPoolExecutor.java:624)
	at java.lang.Thread.run(Thread.java:748)
2019-09-17 06:03:18,347 [java.util.concurrent.ThreadPoolExecutor$Worker@de36a13[State = -1, empty queue]] WARN  server.GrpcLogAppender (GrpcLogAppender.java:timeoutAppendRequest(200)) - 7b82b5c3-1af5-4aef-b0e5-9bbd5ece1c94@group-3975FA4E760D->2a8a7cd7-06bf-4db7-87f4-48062698d858-GrpcLogAppender: appendEntries Timeout, request=7b82b5c3-1af5-4aef-b0e5-9bbd5ece1c94->2a8a7cd7-06bf-4db7-87f4-48062698d858#178-t3, previous=(t:3, i:24), leaderCommit=18, initializing? false, entries: <empty>
2019-09-17 06:03:18,347 [java.util.concurrent.ThreadPoolExecutor$Worker@40b25a1f[State = -1, empty queue]] WARN  server.GrpcLogAppender (GrpcLogAppender.java:timeoutAppendRequest(200)) - 7b82b5c3-1af5-4aef-b0e5-9bbd5ece1c94@group-3975FA4E760D->e93b3770-42ff-4133-989c-2c3f555af44b-GrpcLogAppender: appendEntries Timeout, request=7b82b5c3-1af5-4aef-b0e5-9bbd5ece1c94->e93b3770-42ff-4133-989c-2c3f555af44b#178-t3, previous=(t:3, i:24), leaderCommit=18, initializing? false, entries: <empty>
2019-09-17 06:03:20,097 [grpc-default-executor-1] INFO  impl.RaftServerProxy (RaftServerProxy.java:remove(95)) - c5233a29-19a6-42e1-869f-0cfd92a1650c: remove group-CBF25E866EAA:null
2019-09-17 06:03:20,101 [RatisPipelineUtilsThread] WARN  pipeline.RatisPipelineUtils (RatisPipelineUtils.java:destroyPipeline(66)) - Pipeline destroy failed for pipeline=PipelineID=28c3b40f-4470-4af7-82e9-cbf25e866eaa dn=c5233a29-19a6-42e1-869f-0cfd92a1650c{ip: 192.168.34.7, host: pr-hdds-2132-5g9kv-3389001449, networkLocation: /default-rack, certSerialId: null}
2019-09-17 06:03:20,105 [grpc-default-executor-1] INFO  impl.RaftServerProxy (RaftServerProxy.java:remove(95)) - 3ec0bce2-5a80-4efc-b2ca-bab81cc18a9f: remove group-CBF25E866EAA:null
2019-09-17 06:03:20,108 [RatisPipelineUtilsThread] WARN  pipeline.RatisPipelineUtils (RatisPipelineUtils.java:destroyPipeline(66)) - Pipeline destroy failed for pipeline=PipelineID=28c3b40f-4470-4af7-82e9-cbf25e866eaa dn=3ec0bce2-5a80-4efc-b2ca-bab81cc18a9f{ip: 192.168.34.7, host: pr-hdds-2132-5g9kv-3389001449, networkLocation: /default-rack, certSerialId: null}
2019-09-17 06:03:20,111 [grpc-default-executor-1] INFO  impl.RaftServerProxy (RaftServerProxy.java:remove(95)) - f6013552-a382-44c6-bdc3-8253bd9e054c: remove group-CBF25E866EAA:null
2019-09-17 06:03:20,114 [RatisPipelineUtilsThread] WARN  pipeline.RatisPipelineUtils (RatisPipelineUtils.java:destroyPipeline(66)) - Pipeline destroy failed for pipeline=PipelineID=28c3b40f-4470-4af7-82e9-cbf25e866eaa dn=f6013552-a382-44c6-bdc3-8253bd9e054c{ip: 192.168.34.7, host: pr-hdds-2132-5g9kv-3389001449, networkLocation: /default-rack, certSerialId: null}
2019-09-17 06:03:20,115 [RatisPipelineUtilsThread] ERROR pipeline.SCMPipelineManager (Scheduler.java:lambda$schedule$1(70)) - Destroy pipeline failed for pipeline:Pipeline[ Id: 28c3b40f-4470-4af7-82e9-cbf25e866eaa, Nodes: c5233a29-19a6-42e1-869f-0cfd92a1650c{ip: 192.168.34.7, host: pr-hdds-2132-5g9kv-3389001449, networkLocation: /default-rack, certSerialId: null}3ec0bce2-5a80-4efc-b2ca-bab81cc18a9f{ip: 192.168.34.7, host: pr-hdds-2132-5g9kv-3389001449, networkLocation: /default-rack, certSerialId: null}f6013552-a382-44c6-bdc3-8253bd9e054c{ip: 192.168.34.7, host: pr-hdds-2132-5g9kv-3389001449, networkLocation: /default-rack, certSerialId: null}, Type:RATIS, Factor:THREE, State:CLOSED]
org.apache.hadoop.hdds.scm.pipeline.PipelineNotFoundException: PipelineID=28c3b40f-4470-4af7-82e9-cbf25e866eaa not found
	at org.apache.hadoop.hdds.scm.pipeline.PipelineStateMap.getPipeline(PipelineStateMap.java:132)
	at org.apache.hadoop.hdds.scm.pipeline.PipelineStateMap.removePipeline(PipelineStateMap.java:322)
	at org.apache.hadoop.hdds.scm.pipeline.PipelineStateManager.removePipeline(PipelineStateManager.java:107)
	at org.apache.hadoop.hdds.scm.pipeline.SCMPipelineManager.removePipeline(SCMPipelineManager.java:423)
	at org.apache.hadoop.hdds.scm.pipeline.SCMPipelineManager.destroyPipeline(SCMPipelineManager.java:409)
	at org.apache.hadoop.hdds.scm.pipeline.SCMPipelineManager.lambda$finalizeAndDestroyPipeline$0(SCMPipelineManager.java:318)
	at org.apache.hadoop.utils.Scheduler.lambda$schedule$1(Scheduler.java:68)
	at java.util.concurrent.Executors$RunnableAdapter.call(Executors.java:511)
	at java.util.concurrent.FutureTask.run(FutureTask.java:266)
	at java.util.concurrent.ScheduledThreadPoolExecutor$ScheduledFutureTask.access$201(ScheduledThreadPoolExecutor.java:180)
	at java.util.concurrent.ScheduledThreadPoolExecutor$ScheduledFutureTask.run(ScheduledThreadPoolExecutor.java:293)
	at java.util.concurrent.ThreadPoolExecutor.runWorker(ThreadPoolExecutor.java:1149)
	at java.util.concurrent.ThreadPoolExecutor$Worker.run(ThreadPoolExecutor.java:624)
	at java.lang.Thread.run(Thread.java:748)
2019-09-17 06:03:20,343 [2a8a7cd7-06bf-4db7-87f4-48062698d858@group-3975FA4E760D-SegmentedRaftLogWorker] WARN  segmented.SegmentedRaftLogWorker (SegmentedRaftLogWorker.java:getFromFuture(90)) - Timeout 0/~
org.apache.ratis.protocol.TimeoutIOException: Timeout 10s: WriteLog:19: (t:3, i:19), STATEMACHINELOGENTRY, client-BA2506DDDB30, cid=140-writeStateMachineData
	at org.apache.ratis.util.IOUtils.getFromFuture(IOUtils.java:87)
	at org.apache.ratis.server.raftlog.segmented.SegmentedRaftLogWorker$StateMachineDataPolicy.getFromFuture(SegmentedRaftLogWorker.java:87)
	at org.apache.ratis.server.raftlog.segmented.SegmentedRaftLogWorker$WriteLog.execute(SegmentedRaftLogWorker.java:477)
	at org.apache.ratis.server.raftlog.segmented.SegmentedRaftLogWorker.run(SegmentedRaftLogWorker.java:289)
	at java.lang.Thread.run(Thread.java:748)
Caused by: java.util.concurrent.TimeoutException
	at java.util.concurrent.CompletableFuture.timedGet(CompletableFuture.java:1771)
	at java.util.concurrent.CompletableFuture.get(CompletableFuture.java:1915)
	at org.apache.ratis.util.IOUtils.getFromFuture(IOUtils.java:79)
	... 4 more
2019-09-17 06:03:20,404 [grpc-default-executor-1] INFO  client.GrpcClientProtocolClient (GrpcClientProtocolClient.java:onNext(264)) - client-BA2506DDDB30->e93b3770-42ff-4133-989c-2c3f555af44b: receive RaftClientReply:client-BA2506DDDB30->e93b3770-42ff-4133-989c-2c3f555af44b@group-3975FA4E760D, cid=140, FAILED org.apache.ratis.protocol.NotLeaderException: Server e93b3770-42ff-4133-989c-2c3f555af44b@group-3975FA4E760D is not the leader 7b82b5c3-1af5-4aef-b0e5-9bbd5ece1c94:192.168.34.7:38196, logIndex=0, commits[e93b3770-42ff-4133-989c-2c3f555af44b:c18, 2a8a7cd7-06bf-4db7-87f4-48062698d858:c13, 7b82b5c3-1af5-4aef-b0e5-9bbd5ece1c94:c18]
2019-09-17 06:03:20,431 [e93b3770-42ff-4133-989c-2c3f555af44b@group-3975FA4E760D-SegmentedRaftLogWorker] WARN  segmented.SegmentedRaftLogWorker (SegmentedRaftLogWorker.java:getFromFuture(90)) - Timeout 0/~
org.apache.ratis.protocol.TimeoutIOException: Timeout 10s: WriteLog:20: (t:3, i:20), STATEMACHINELOGENTRY, client-BA2506DDDB30, cid=141-writeStateMachineData
	at org.apache.ratis.util.IOUtils.getFromFuture(IOUtils.java:87)
	at org.apache.ratis.server.raftlog.segmented.SegmentedRaftLogWorker$StateMachineDataPolicy.getFromFuture(SegmentedRaftLogWorker.java:87)
	at org.apache.ratis.server.raftlog.segmented.SegmentedRaftLogWorker$WriteLog.execute(SegmentedRaftLogWorker.java:477)
	at org.apache.ratis.server.raftlog.segmented.SegmentedRaftLogWorker.run(SegmentedRaftLogWorker.java:289)
	at java.lang.Thread.run(Thread.java:748)
Caused by: java.util.concurrent.TimeoutException
	at java.util.concurrent.CompletableFuture.timedGet(CompletableFuture.java:1771)
	at java.util.concurrent.CompletableFuture.get(CompletableFuture.java:1915)
	at org.apache.ratis.util.IOUtils.getFromFuture(IOUtils.java:79)
	... 4 more
2019-09-17 06:03:20,431 [7b82b5c3-1af5-4aef-b0e5-9bbd5ece1c94@group-3975FA4E760D-SegmentedRaftLogWorker] WARN  segmented.SegmentedRaftLogWorker (SegmentedRaftLogWorker.java:getFromFuture(90)) - Timeout 0/~
org.apache.ratis.protocol.TimeoutIOException: Timeout 10s: WriteLog:20: (t:3, i:20), STATEMACHINELOGENTRY, client-BA2506DDDB30, cid=141-writeStateMachineData
	at org.apache.ratis.util.IOUtils.getFromFuture(IOUtils.java:87)
	at org.apache.ratis.server.raftlog.segmented.SegmentedRaftLogWorker$StateMachineDataPolicy.getFromFuture(SegmentedRaftLogWorker.java:87)
	at org.apache.ratis.server.raftlog.segmented.SegmentedRaftLogWorker$WriteLog.execute(SegmentedRaftLogWorker.java:477)
	at org.apache.ratis.server.raftlog.segmented.SegmentedRaftLogWorker.run(SegmentedRaftLogWorker.java:289)
	at java.lang.Thread.run(Thread.java:748)
Caused by: java.util.concurrent.TimeoutException
	at java.util.concurrent.CompletableFuture.timedGet(CompletableFuture.java:1771)
	at java.util.concurrent.CompletableFuture.get(CompletableFuture.java:1915)
	at org.apache.ratis.util.IOUtils.getFromFuture(IOUtils.java:79)
	... 4 more
2019-09-17 06:03:20,847 [java.util.concurrent.ThreadPoolExecutor$Worker@de36a13[State = -1, empty queue]] WARN  server.GrpcLogAppender (GrpcLogAppender.java:timeoutAppendRequest(200)) - 7b82b5c3-1af5-4aef-b0e5-9bbd5ece1c94@group-3975FA4E760D->2a8a7cd7-06bf-4db7-87f4-48062698d858-GrpcLogAppender: appendEntries Timeout, request=7b82b5c3-1af5-4aef-b0e5-9bbd5ece1c94->2a8a7cd7-06bf-4db7-87f4-48062698d858#179-t3, previous=(t:3, i:24), leaderCommit=18, initializing? false, entries: <empty>
2019-09-17 06:03:20,847 [java.util.concurrent.ThreadPoolExecutor$Worker@40b25a1f[State = -1, empty queue]] WARN  server.GrpcLogAppender (GrpcLogAppender.java:timeoutAppendRequest(200)) - 7b82b5c3-1af5-4aef-b0e5-9bbd5ece1c94@group-3975FA4E760D->e93b3770-42ff-4133-989c-2c3f555af44b-GrpcLogAppender: appendEntries Timeout, request=7b82b5c3-1af5-4aef-b0e5-9bbd5ece1c94->e93b3770-42ff-4133-989c-2c3f555af44b#179-t3, previous=(t:3, i:24), leaderCommit=18, initializing? false, entries: <empty>
2019-09-17 06:03:23,096 [grpc-default-executor-5] INFO  impl.RaftServerProxy (RaftServerProxy.java:remove(95)) - c5233a29-19a6-42e1-869f-0cfd92a1650c: remove group-CBF25E866EAA:null
2019-09-17 06:03:23,103 [RatisPipelineUtilsThread] WARN  pipeline.RatisPipelineUtils (RatisPipelineUtils.java:destroyPipeline(66)) - Pipeline destroy failed for pipeline=PipelineID=28c3b40f-4470-4af7-82e9-cbf25e866eaa dn=c5233a29-19a6-42e1-869f-0cfd92a1650c{ip: 192.168.34.7, host: pr-hdds-2132-5g9kv-3389001449, networkLocation: /default-rack, certSerialId: null}
2019-09-17 06:03:23,106 [grpc-default-executor-5] INFO  impl.RaftServerProxy (RaftServerProxy.java:remove(95)) - 3ec0bce2-5a80-4efc-b2ca-bab81cc18a9f: remove group-CBF25E866EAA:null
2019-09-17 06:03:23,109 [RatisPipelineUtilsThread] WARN  pipeline.RatisPipelineUtils (RatisPipelineUtils.java:destroyPipeline(66)) - Pipeline destroy failed for pipeline=PipelineID=28c3b40f-4470-4af7-82e9-cbf25e866eaa dn=3ec0bce2-5a80-4efc-b2ca-bab81cc18a9f{ip: 192.168.34.7, host: pr-hdds-2132-5g9kv-3389001449, networkLocation: /default-rack, certSerialId: null}
2019-09-17 06:03:23,112 [grpc-default-executor-5] INFO  impl.RaftServerProxy (RaftServerProxy.java:remove(95)) - f6013552-a382-44c6-bdc3-8253bd9e054c: remove group-CBF25E866EAA:null
2019-09-17 06:03:23,114 [RatisPipelineUtilsThread] WARN  pipeline.RatisPipelineUtils (RatisPipelineUtils.java:destroyPipeline(66)) - Pipeline destroy failed for pipeline=PipelineID=28c3b40f-4470-4af7-82e9-cbf25e866eaa dn=f6013552-a382-44c6-bdc3-8253bd9e054c{ip: 192.168.34.7, host: pr-hdds-2132-5g9kv-3389001449, networkLocation: /default-rack, certSerialId: null}
2019-09-17 06:03:23,115 [RatisPipelineUtilsThread] ERROR pipeline.SCMPipelineManager (Scheduler.java:lambda$schedule$1(70)) - Destroy pipeline failed for pipeline:Pipeline[ Id: 28c3b40f-4470-4af7-82e9-cbf25e866eaa, Nodes: c5233a29-19a6-42e1-869f-0cfd92a1650c{ip: 192.168.34.7, host: pr-hdds-2132-5g9kv-3389001449, networkLocation: /default-rack, certSerialId: null}3ec0bce2-5a80-4efc-b2ca-bab81cc18a9f{ip: 192.168.34.7, host: pr-hdds-2132-5g9kv-3389001449, networkLocation: /default-rack, certSerialId: null}f6013552-a382-44c6-bdc3-8253bd9e054c{ip: 192.168.34.7, host: pr-hdds-2132-5g9kv-3389001449, networkLocation: /default-rack, certSerialId: null}, Type:RATIS, Factor:THREE, State:CLOSED]
org.apache.hadoop.hdds.scm.pipeline.PipelineNotFoundException: PipelineID=28c3b40f-4470-4af7-82e9-cbf25e866eaa not found
	at org.apache.hadoop.hdds.scm.pipeline.PipelineStateMap.getPipeline(PipelineStateMap.java:132)
	at org.apache.hadoop.hdds.scm.pipeline.PipelineStateMap.removePipeline(PipelineStateMap.java:322)
	at org.apache.hadoop.hdds.scm.pipeline.PipelineStateManager.removePipeline(PipelineStateManager.java:107)
	at org.apache.hadoop.hdds.scm.pipeline.SCMPipelineManager.removePipeline(SCMPipelineManager.java:423)
	at org.apache.hadoop.hdds.scm.pipeline.SCMPipelineManager.destroyPipeline(SCMPipelineManager.java:409)
	at org.apache.hadoop.hdds.scm.pipeline.SCMPipelineManager.lambda$finalizeAndDestroyPipeline$0(SCMPipelineManager.java:318)
	at org.apache.hadoop.utils.Scheduler.lambda$schedule$1(Scheduler.java:68)
	at java.util.concurrent.Executors$RunnableAdapter.call(Executors.java:511)
	at java.util.concurrent.FutureTask.run(FutureTask.java:266)
	at java.util.concurrent.ScheduledThreadPoolExecutor$ScheduledFutureTask.access$201(ScheduledThreadPoolExecutor.java:180)
	at java.util.concurrent.ScheduledThreadPoolExecutor$ScheduledFutureTask.run(ScheduledThreadPoolExecutor.java:293)
	at java.util.concurrent.ThreadPoolExecutor.runWorker(ThreadPoolExecutor.java:1149)
	at java.util.concurrent.ThreadPoolExecutor$Worker.run(ThreadPoolExecutor.java:624)
	at java.lang.Thread.run(Thread.java:748)
2019-09-17 06:03:23,348 [java.util.concurrent.ThreadPoolExecutor$Worker@40b25a1f[State = -1, empty queue]] WARN  server.GrpcLogAppender (GrpcLogAppender.java:timeoutAppendRequest(200)) - 7b82b5c3-1af5-4aef-b0e5-9bbd5ece1c94@group-3975FA4E760D->e93b3770-42ff-4133-989c-2c3f555af44b-GrpcLogAppender: appendEntries Timeout, request=7b82b5c3-1af5-4aef-b0e5-9bbd5ece1c94->e93b3770-42ff-4133-989c-2c3f555af44b#180-t3, previous=(t:3, i:24), leaderCommit=18, initializing? false, entries: <empty>
2019-09-17 06:03:23,348 [java.util.concurrent.ThreadPoolExecutor$Worker@de36a13[State = -1, empty queue]] WARN  server.GrpcLogAppender (GrpcLogAppender.java:timeoutAppendRequest(200)) - 7b82b5c3-1af5-4aef-b0e5-9bbd5ece1c94@group-3975FA4E760D->2a8a7cd7-06bf-4db7-87f4-48062698d858-GrpcLogAppender: appendEntries Timeout, request=7b82b5c3-1af5-4aef-b0e5-9bbd5ece1c94->2a8a7cd7-06bf-4db7-87f4-48062698d858#180-t3, previous=(t:3, i:24), leaderCommit=18, initializing? false, entries: <empty>
2019-09-17 06:03:25,088 [grpc-default-executor-5] INFO  impl.RaftServerProxy (RaftServerProxy.java:remove(95)) - c5233a29-19a6-42e1-869f-0cfd92a1650c: remove group-CBF25E866EAA:null
2019-09-17 06:03:25,092 [RatisPipelineUtilsThread] WARN  pipeline.RatisPipelineUtils (RatisPipelineUtils.java:destroyPipeline(66)) - Pipeline destroy failed for pipeline=PipelineID=28c3b40f-4470-4af7-82e9-cbf25e866eaa dn=c5233a29-19a6-42e1-869f-0cfd92a1650c{ip: 192.168.34.7, host: pr-hdds-2132-5g9kv-3389001449, networkLocation: /default-rack, certSerialId: null}
2019-09-17 06:03:25,094 [grpc-default-executor-5] INFO  impl.RaftServerProxy (RaftServerProxy.java:remove(95)) - 3ec0bce2-5a80-4efc-b2ca-bab81cc18a9f: remove group-CBF25E866EAA:null
2019-09-17 06:03:25,096 [RatisPipelineUtilsThread] WARN  pipeline.RatisPipelineUtils (RatisPipelineUtils.java:destroyPipeline(66)) - Pipeline destroy failed for pipeline=PipelineID=28c3b40f-4470-4af7-82e9-cbf25e866eaa dn=3ec0bce2-5a80-4efc-b2ca-bab81cc18a9f{ip: 192.168.34.7, host: pr-hdds-2132-5g9kv-3389001449, networkLocation: /default-rack, certSerialId: null}
2019-09-17 06:03:25,099 [grpc-default-executor-5] INFO  impl.RaftServerProxy (RaftServerProxy.java:remove(95)) - f6013552-a382-44c6-bdc3-8253bd9e054c: remove group-CBF25E866EAA:null
2019-09-17 06:03:25,101 [RatisPipelineUtilsThread] WARN  pipeline.RatisPipelineUtils (RatisPipelineUtils.java:destroyPipeline(66)) - Pipeline destroy failed for pipeline=PipelineID=28c3b40f-4470-4af7-82e9-cbf25e866eaa dn=f6013552-a382-44c6-bdc3-8253bd9e054c{ip: 192.168.34.7, host: pr-hdds-2132-5g9kv-3389001449, networkLocation: /default-rack, certSerialId: null}
2019-09-17 06:03:25,101 [RatisPipelineUtilsThread] ERROR pipeline.SCMPipelineManager (Scheduler.java:lambda$schedule$1(70)) - Destroy pipeline failed for pipeline:Pipeline[ Id: 28c3b40f-4470-4af7-82e9-cbf25e866eaa, Nodes: c5233a29-19a6-42e1-869f-0cfd92a1650c{ip: 192.168.34.7, host: pr-hdds-2132-5g9kv-3389001449, networkLocation: /default-rack, certSerialId: null}3ec0bce2-5a80-4efc-b2ca-bab81cc18a9f{ip: 192.168.34.7, host: pr-hdds-2132-5g9kv-3389001449, networkLocation: /default-rack, certSerialId: null}f6013552-a382-44c6-bdc3-8253bd9e054c{ip: 192.168.34.7, host: pr-hdds-2132-5g9kv-3389001449, networkLocation: /default-rack, certSerialId: null}, Type:RATIS, Factor:THREE, State:CLOSED]
org.apache.hadoop.hdds.scm.pipeline.PipelineNotFoundException: PipelineID=28c3b40f-4470-4af7-82e9-cbf25e866eaa not found
	at org.apache.hadoop.hdds.scm.pipeline.PipelineStateMap.getPipeline(PipelineStateMap.java:132)
	at org.apache.hadoop.hdds.scm.pipeline.PipelineStateMap.removePipeline(PipelineStateMap.java:322)
	at org.apache.hadoop.hdds.scm.pipeline.PipelineStateManager.removePipeline(PipelineStateManager.java:107)
	at org.apache.hadoop.hdds.scm.pipeline.SCMPipelineManager.removePipeline(SCMPipelineManager.java:423)
	at org.apache.hadoop.hdds.scm.pipeline.SCMPipelineManager.destroyPipeline(SCMPipelineManager.java:409)
	at org.apache.hadoop.hdds.scm.pipeline.SCMPipelineManager.lambda$finalizeAndDestroyPipeline$0(SCMPipelineManager.java:318)
	at org.apache.hadoop.utils.Scheduler.lambda$schedule$1(Scheduler.java:68)
	at java.util.concurrent.Executors$RunnableAdapter.call(Executors.java:511)
	at java.util.concurrent.FutureTask.run(FutureTask.java:266)
	at java.util.concurrent.ScheduledThreadPoolExecutor$ScheduledFutureTask.access$201(ScheduledThreadPoolExecutor.java:180)
	at java.util.concurrent.ScheduledThreadPoolExecutor$ScheduledFutureTask.run(ScheduledThreadPoolExecutor.java:293)
	at java.util.concurrent.ThreadPoolExecutor.runWorker(ThreadPoolExecutor.java:1149)
	at java.util.concurrent.ThreadPoolExecutor$Worker.run(ThreadPoolExecutor.java:624)
	at java.lang.Thread.run(Thread.java:748)
2019-09-17 06:03:25,437 [grpc-default-executor-2] INFO  client.GrpcClientProtocolClient (GrpcClientProtocolClient.java:onNext(264)) - client-BA2506DDDB30->2a8a7cd7-06bf-4db7-87f4-48062698d858: receive RaftClientReply:client-BA2506DDDB30->2a8a7cd7-06bf-4db7-87f4-48062698d858@group-3975FA4E760D, cid=140, FAILED org.apache.ratis.protocol.NotLeaderException: Server 2a8a7cd7-06bf-4db7-87f4-48062698d858@group-3975FA4E760D is not the leader 7b82b5c3-1af5-4aef-b0e5-9bbd5ece1c94:192.168.34.7:38196, logIndex=0, commits[2a8a7cd7-06bf-4db7-87f4-48062698d858:c18, 7b82b5c3-1af5-4aef-b0e5-9bbd5ece1c94:c18, e93b3770-42ff-4133-989c-2c3f555af44b:c13]
2019-09-17 06:03:25,848 [java.util.concurrent.ThreadPoolExecutor$Worker@de36a13[State = -1, empty queue]] WARN  server.GrpcLogAppender (GrpcLogAppender.java:timeoutAppendRequest(200)) - 7b82b5c3-1af5-4aef-b0e5-9bbd5ece1c94@group-3975FA4E760D->2a8a7cd7-06bf-4db7-87f4-48062698d858-GrpcLogAppender: appendEntries Timeout, request=7b82b5c3-1af5-4aef-b0e5-9bbd5ece1c94->2a8a7cd7-06bf-4db7-87f4-48062698d858#181-t3, previous=(t:3, i:24), leaderCommit=18, initializing? false, entries: <empty>
2019-09-17 06:03:25,848 [java.util.concurrent.ThreadPoolExecutor$Worker@40b25a1f[State = -1, empty queue]] WARN  server.GrpcLogAppender (GrpcLogAppender.java:timeoutAppendRequest(200)) - 7b82b5c3-1af5-4aef-b0e5-9bbd5ece1c94@group-3975FA4E760D->e93b3770-42ff-4133-989c-2c3f555af44b-GrpcLogAppender: appendEntries Timeout, request=7b82b5c3-1af5-4aef-b0e5-9bbd5ece1c94->e93b3770-42ff-4133-989c-2c3f555af44b#181-t3, previous=(t:3, i:24), leaderCommit=18, initializing? false, entries: <empty>
2019-09-17 06:03:28,096 [grpc-default-executor-2] INFO  impl.RaftServerProxy (RaftServerProxy.java:remove(95)) - c5233a29-19a6-42e1-869f-0cfd92a1650c: remove group-CBF25E866EAA:null
2019-09-17 06:03:28,100 [RatisPipelineUtilsThread] WARN  pipeline.RatisPipelineUtils (RatisPipelineUtils.java:destroyPipeline(66)) - Pipeline destroy failed for pipeline=PipelineID=28c3b40f-4470-4af7-82e9-cbf25e866eaa dn=c5233a29-19a6-42e1-869f-0cfd92a1650c{ip: 192.168.34.7, host: pr-hdds-2132-5g9kv-3389001449, networkLocation: /default-rack, certSerialId: null}
2019-09-17 06:03:28,103 [grpc-default-executor-2] INFO  impl.RaftServerProxy (RaftServerProxy.java:remove(95)) - 3ec0bce2-5a80-4efc-b2ca-bab81cc18a9f: remove group-CBF25E866EAA:null
2019-09-17 06:03:28,106 [RatisPipelineUtilsThread] WARN  pipeline.RatisPipelineUtils (RatisPipelineUtils.java:destroyPipeline(66)) - Pipeline destroy failed for pipeline=PipelineID=28c3b40f-4470-4af7-82e9-cbf25e866eaa dn=3ec0bce2-5a80-4efc-b2ca-bab81cc18a9f{ip: 192.168.34.7, host: pr-hdds-2132-5g9kv-3389001449, networkLocation: /default-rack, certSerialId: null}
2019-09-17 06:03:28,108 [grpc-default-executor-2] INFO  impl.RaftServerProxy (RaftServerProxy.java:remove(95)) - f6013552-a382-44c6-bdc3-8253bd9e054c: remove group-CBF25E866EAA:null
2019-09-17 06:03:28,110 [RatisPipelineUtilsThread] WARN  pipeline.RatisPipelineUtils (RatisPipelineUtils.java:destroyPipeline(66)) - Pipeline destroy failed for pipeline=PipelineID=28c3b40f-4470-4af7-82e9-cbf25e866eaa dn=f6013552-a382-44c6-bdc3-8253bd9e054c{ip: 192.168.34.7, host: pr-hdds-2132-5g9kv-3389001449, networkLocation: /default-rack, certSerialId: null}
2019-09-17 06:03:28,111 [RatisPipelineUtilsThread] ERROR pipeline.SCMPipelineManager (Scheduler.java:lambda$schedule$1(70)) - Destroy pipeline failed for pipeline:Pipeline[ Id: 28c3b40f-4470-4af7-82e9-cbf25e866eaa, Nodes: c5233a29-19a6-42e1-869f-0cfd92a1650c{ip: 192.168.34.7, host: pr-hdds-2132-5g9kv-3389001449, networkLocation: /default-rack, certSerialId: null}3ec0bce2-5a80-4efc-b2ca-bab81cc18a9f{ip: 192.168.34.7, host: pr-hdds-2132-5g9kv-3389001449, networkLocation: /default-rack, certSerialId: null}f6013552-a382-44c6-bdc3-8253bd9e054c{ip: 192.168.34.7, host: pr-hdds-2132-5g9kv-3389001449, networkLocation: /default-rack, certSerialId: null}, Type:RATIS, Factor:THREE, State:CLOSED]
org.apache.hadoop.hdds.scm.pipeline.PipelineNotFoundException: PipelineID=28c3b40f-4470-4af7-82e9-cbf25e866eaa not found
	at org.apache.hadoop.hdds.scm.pipeline.PipelineStateMap.getPipeline(PipelineStateMap.java:132)
	at org.apache.hadoop.hdds.scm.pipeline.PipelineStateMap.removePipeline(PipelineStateMap.java:322)
	at org.apache.hadoop.hdds.scm.pipeline.PipelineStateManager.removePipeline(PipelineStateManager.java:107)
	at org.apache.hadoop.hdds.scm.pipeline.SCMPipelineManager.removePipeline(SCMPipelineManager.java:423)
	at org.apache.hadoop.hdds.scm.pipeline.SCMPipelineManager.destroyPipeline(SCMPipelineManager.java:409)
	at org.apache.hadoop.hdds.scm.pipeline.SCMPipelineManager.lambda$finalizeAndDestroyPipeline$0(SCMPipelineManager.java:318)
	at org.apache.hadoop.utils.Scheduler.lambda$schedule$1(Scheduler.java:68)
	at java.util.concurrent.Executors$RunnableAdapter.call(Executors.java:511)
	at java.util.concurrent.FutureTask.run(FutureTask.java:266)
	at java.util.concurrent.ScheduledThreadPoolExecutor$ScheduledFutureTask.access$201(ScheduledThreadPoolExecutor.java:180)
	at java.util.concurrent.ScheduledThreadPoolExecutor$ScheduledFutureTask.run(ScheduledThreadPoolExecutor.java:293)
	at java.util.concurrent.ThreadPoolExecutor.runWorker(ThreadPoolExecutor.java:1149)
	at java.util.concurrent.ThreadPoolExecutor$Worker.run(ThreadPoolExecutor.java:624)
	at java.lang.Thread.run(Thread.java:748)
2019-09-17 06:03:28,348 [java.util.concurrent.ThreadPoolExecutor$Worker@de36a13[State = -1, empty queue]] WARN  server.GrpcLogAppender (GrpcLogAppender.java:timeoutAppendRequest(200)) - 7b82b5c3-1af5-4aef-b0e5-9bbd5ece1c94@group-3975FA4E760D->2a8a7cd7-06bf-4db7-87f4-48062698d858-GrpcLogAppender: appendEntries Timeout, request=7b82b5c3-1af5-4aef-b0e5-9bbd5ece1c94->2a8a7cd7-06bf-4db7-87f4-48062698d858#182-t3, previous=(t:3, i:24), leaderCommit=18, initializing? false, entries: <empty>
2019-09-17 06:03:28,348 [java.util.concurrent.ThreadPoolExecutor$Worker@40b25a1f[State = -1, empty queue]] WARN  server.GrpcLogAppender (GrpcLogAppender.java:timeoutAppendRequest(200)) - 7b82b5c3-1af5-4aef-b0e5-9bbd5ece1c94@group-3975FA4E760D->e93b3770-42ff-4133-989c-2c3f555af44b-GrpcLogAppender: appendEntries Timeout, request=7b82b5c3-1af5-4aef-b0e5-9bbd5ece1c94->e93b3770-42ff-4133-989c-2c3f555af44b#182-t3, previous=(t:3, i:24), leaderCommit=18, initializing? false, entries: <empty>
2019-09-17 06:03:30,088 [grpc-default-executor-2] INFO  impl.RaftServerProxy (RaftServerProxy.java:remove(95)) - c5233a29-19a6-42e1-869f-0cfd92a1650c: remove group-CBF25E866EAA:null
2019-09-17 06:03:30,091 [RatisPipelineUtilsThread] WARN  pipeline.RatisPipelineUtils (RatisPipelineUtils.java:destroyPipeline(66)) - Pipeline destroy failed for pipeline=PipelineID=28c3b40f-4470-4af7-82e9-cbf25e866eaa dn=c5233a29-19a6-42e1-869f-0cfd92a1650c{ip: 192.168.34.7, host: pr-hdds-2132-5g9kv-3389001449, networkLocation: /default-rack, certSerialId: null}
2019-09-17 06:03:30,095 [grpc-default-executor-2] INFO  impl.RaftServerProxy (RaftServerProxy.java:remove(95)) - 3ec0bce2-5a80-4efc-b2ca-bab81cc18a9f: remove group-CBF25E866EAA:null
2019-09-17 06:03:30,097 [RatisPipelineUtilsThread] WARN  pipeline.RatisPipelineUtils (RatisPipelineUtils.java:destroyPipeline(66)) - Pipeline destroy failed for pipeline=PipelineID=28c3b40f-4470-4af7-82e9-cbf25e866eaa dn=3ec0bce2-5a80-4efc-b2ca-bab81cc18a9f{ip: 192.168.34.7, host: pr-hdds-2132-5g9kv-3389001449, networkLocation: /default-rack, certSerialId: null}
2019-09-17 06:03:30,099 [grpc-default-executor-2] INFO  impl.RaftServerProxy (RaftServerProxy.java:remove(95)) - f6013552-a382-44c6-bdc3-8253bd9e054c: remove group-CBF25E866EAA:null
2019-09-17 06:03:30,102 [RatisPipelineUtilsThread] WARN  pipeline.RatisPipelineUtils (RatisPipelineUtils.java:destroyPipeline(66)) - Pipeline destroy failed for pipeline=PipelineID=28c3b40f-4470-4af7-82e9-cbf25e866eaa dn=f6013552-a382-44c6-bdc3-8253bd9e054c{ip: 192.168.34.7, host: pr-hdds-2132-5g9kv-3389001449, networkLocation: /default-rack, certSerialId: null}
2019-09-17 06:03:30,102 [RatisPipelineUtilsThread] ERROR pipeline.SCMPipelineManager (Scheduler.java:lambda$schedule$1(70)) - Destroy pipeline failed for pipeline:Pipeline[ Id: 28c3b40f-4470-4af7-82e9-cbf25e866eaa, Nodes: c5233a29-19a6-42e1-869f-0cfd92a1650c{ip: 192.168.34.7, host: pr-hdds-2132-5g9kv-3389001449, networkLocation: /default-rack, certSerialId: null}3ec0bce2-5a80-4efc-b2ca-bab81cc18a9f{ip: 192.168.34.7, host: pr-hdds-2132-5g9kv-3389001449, networkLocation: /default-rack, certSerialId: null}f6013552-a382-44c6-bdc3-8253bd9e054c{ip: 192.168.34.7, host: pr-hdds-2132-5g9kv-3389001449, networkLocation: /default-rack, certSerialId: null}, Type:RATIS, Factor:THREE, State:CLOSED]
org.apache.hadoop.hdds.scm.pipeline.PipelineNotFoundException: PipelineID=28c3b40f-4470-4af7-82e9-cbf25e866eaa not found
	at org.apache.hadoop.hdds.scm.pipeline.PipelineStateMap.getPipeline(PipelineStateMap.java:132)
	at org.apache.hadoop.hdds.scm.pipeline.PipelineStateMap.removePipeline(PipelineStateMap.java:322)
	at org.apache.hadoop.hdds.scm.pipeline.PipelineStateManager.removePipeline(PipelineStateManager.java:107)
	at org.apache.hadoop.hdds.scm.pipeline.SCMPipelineManager.removePipeline(SCMPipelineManager.java:423)
	at org.apache.hadoop.hdds.scm.pipeline.SCMPipelineManager.destroyPipeline(SCMPipelineManager.java:409)
	at org.apache.hadoop.hdds.scm.pipeline.SCMPipelineManager.lambda$finalizeAndDestroyPipeline$0(SCMPipelineManager.java:318)
	at org.apache.hadoop.utils.Scheduler.lambda$schedule$1(Scheduler.java:68)
	at java.util.concurrent.Executors$RunnableAdapter.call(Executors.java:511)
	at java.util.concurrent.FutureTask.run(FutureTask.java:266)
	at java.util.concurrent.ScheduledThreadPoolExecutor$ScheduledFutureTask.access$201(ScheduledThreadPoolExecutor.java:180)
	at java.util.concurrent.ScheduledThreadPoolExecutor$ScheduledFutureTask.run(ScheduledThreadPoolExecutor.java:293)
	at java.util.concurrent.ThreadPoolExecutor.runWorker(ThreadPoolExecutor.java:1149)
	at java.util.concurrent.ThreadPoolExecutor$Worker.run(ThreadPoolExecutor.java:624)
	at java.lang.Thread.run(Thread.java:748)
2019-09-17 06:03:30,344 [2a8a7cd7-06bf-4db7-87f4-48062698d858@group-3975FA4E760D-SegmentedRaftLogWorker] WARN  segmented.SegmentedRaftLogWorker (SegmentedRaftLogWorker.java:getFromFuture(90)) - Timeout 1/~
org.apache.ratis.protocol.TimeoutIOException: Timeout 10s: WriteLog:19: (t:3, i:19), STATEMACHINELOGENTRY, client-BA2506DDDB30, cid=140-writeStateMachineData
	at org.apache.ratis.util.IOUtils.getFromFuture(IOUtils.java:87)
	at org.apache.ratis.server.raftlog.segmented.SegmentedRaftLogWorker$StateMachineDataPolicy.getFromFuture(SegmentedRaftLogWorker.java:87)
	at org.apache.ratis.server.raftlog.segmented.SegmentedRaftLogWorker$WriteLog.execute(SegmentedRaftLogWorker.java:477)
	at org.apache.ratis.server.raftlog.segmented.SegmentedRaftLogWorker.run(SegmentedRaftLogWorker.java:289)
	at java.lang.Thread.run(Thread.java:748)
Caused by: java.util.concurrent.TimeoutException
	at java.util.concurrent.CompletableFuture.timedGet(CompletableFuture.java:1771)
	at java.util.concurrent.CompletableFuture.get(CompletableFuture.java:1915)
	at org.apache.ratis.util.IOUtils.getFromFuture(IOUtils.java:79)
	... 4 more
2019-09-17 06:03:30,432 [e93b3770-42ff-4133-989c-2c3f555af44b@group-3975FA4E760D-SegmentedRaftLogWorker] WARN  segmented.SegmentedRaftLogWorker (SegmentedRaftLogWorker.java:getFromFuture(90)) - Timeout 1/~
org.apache.ratis.protocol.TimeoutIOException: Timeout 10s: WriteLog:20: (t:3, i:20), STATEMACHINELOGENTRY, client-BA2506DDDB30, cid=141-writeStateMachineData
	at org.apache.ratis.util.IOUtils.getFromFuture(IOUtils.java:87)
	at org.apache.ratis.server.raftlog.segmented.SegmentedRaftLogWorker$StateMachineDataPolicy.getFromFuture(SegmentedRaftLogWorker.java:87)
	at org.apache.ratis.server.raftlog.segmented.SegmentedRaftLogWorker$WriteLog.execute(SegmentedRaftLogWorker.java:477)
	at org.apache.ratis.server.raftlog.segmented.SegmentedRaftLogWorker.run(SegmentedRaftLogWorker.java:289)
	at java.lang.Thread.run(Thread.java:748)
Caused by: java.util.concurrent.TimeoutException
	at java.util.concurrent.CompletableFuture.timedGet(CompletableFuture.java:1771)
	at java.util.concurrent.CompletableFuture.get(CompletableFuture.java:1915)
	at org.apache.ratis.util.IOUtils.getFromFuture(IOUtils.java:79)
	... 4 more
2019-09-17 06:03:30,433 [7b82b5c3-1af5-4aef-b0e5-9bbd5ece1c94@group-3975FA4E760D-SegmentedRaftLogWorker] WARN  segmented.SegmentedRaftLogWorker (SegmentedRaftLogWorker.java:getFromFuture(90)) - Timeout 1/~
org.apache.ratis.protocol.TimeoutIOException: Timeout 10s: WriteLog:20: (t:3, i:20), STATEMACHINELOGENTRY, client-BA2506DDDB30, cid=141-writeStateMachineData
	at org.apache.ratis.util.IOUtils.getFromFuture(IOUtils.java:87)
	at org.apache.ratis.server.raftlog.segmented.SegmentedRaftLogWorker$StateMachineDataPolicy.getFromFuture(SegmentedRaftLogWorker.java:87)
	at org.apache.ratis.server.raftlog.segmented.SegmentedRaftLogWorker$WriteLog.execute(SegmentedRaftLogWorker.java:477)
	at org.apache.ratis.server.raftlog.segmented.SegmentedRaftLogWorker.run(SegmentedRaftLogWorker.java:289)
	at java.lang.Thread.run(Thread.java:748)
Caused by: java.util.concurrent.TimeoutException
	at java.util.concurrent.CompletableFuture.timedGet(CompletableFuture.java:1771)
	at java.util.concurrent.CompletableFuture.get(CompletableFuture.java:1915)
	at org.apache.ratis.util.IOUtils.getFromFuture(IOUtils.java:79)
	... 4 more
2019-09-17 06:03:30,479 [grpc-default-executor-5] INFO  client.GrpcClientProtocolClient (GrpcClientProtocolClient.java:onNext(264)) - client-BA2506DDDB30->e93b3770-42ff-4133-989c-2c3f555af44b: receive RaftClientReply:client-BA2506DDDB30->e93b3770-42ff-4133-989c-2c3f555af44b@group-3975FA4E760D, cid=140, FAILED org.apache.ratis.protocol.NotLeaderException: Server e93b3770-42ff-4133-989c-2c3f555af44b@group-3975FA4E760D is not the leader 7b82b5c3-1af5-4aef-b0e5-9bbd5ece1c94:192.168.34.7:38196, logIndex=0, commits[e93b3770-42ff-4133-989c-2c3f555af44b:c18, 2a8a7cd7-06bf-4db7-87f4-48062698d858:c13, 7b82b5c3-1af5-4aef-b0e5-9bbd5ece1c94:c18]
2019-09-17 06:03:30,849 [java.util.concurrent.ThreadPoolExecutor$Worker@40b25a1f[State = -1, empty queue]] WARN  server.GrpcLogAppender (GrpcLogAppender.java:timeoutAppendRequest(200)) - 7b82b5c3-1af5-4aef-b0e5-9bbd5ece1c94@group-3975FA4E760D->e93b3770-42ff-4133-989c-2c3f555af44b-GrpcLogAppender: appendEntries Timeout, request=7b82b5c3-1af5-4aef-b0e5-9bbd5ece1c94->e93b3770-42ff-4133-989c-2c3f555af44b#183-t3, previous=(t:3, i:24), leaderCommit=18, initializing? false, entries: <empty>
2019-09-17 06:03:30,849 [java.util.concurrent.ThreadPoolExecutor$Worker@de36a13[State = -1, empty queue]] WARN  server.GrpcLogAppender (GrpcLogAppender.java:timeoutAppendRequest(200)) - 7b82b5c3-1af5-4aef-b0e5-9bbd5ece1c94@group-3975FA4E760D->2a8a7cd7-06bf-4db7-87f4-48062698d858-GrpcLogAppender: appendEntries Timeout, request=7b82b5c3-1af5-4aef-b0e5-9bbd5ece1c94->2a8a7cd7-06bf-4db7-87f4-48062698d858#183-t3, previous=(t:3, i:24), leaderCommit=18, initializing? false, entries: <empty>
2019-09-17 06:03:33,092 [grpc-default-executor-1] INFO  impl.RaftServerProxy (RaftServerProxy.java:remove(95)) - c5233a29-19a6-42e1-869f-0cfd92a1650c: remove group-CBF25E866EAA:null
2019-09-17 06:03:33,096 [RatisPipelineUtilsThread] WARN  pipeline.RatisPipelineUtils (RatisPipelineUtils.java:destroyPipeline(66)) - Pipeline destroy failed for pipeline=PipelineID=28c3b40f-4470-4af7-82e9-cbf25e866eaa dn=c5233a29-19a6-42e1-869f-0cfd92a1650c{ip: 192.168.34.7, host: pr-hdds-2132-5g9kv-3389001449, networkLocation: /default-rack, certSerialId: null}
2019-09-17 06:03:33,099 [grpc-default-executor-1] INFO  impl.RaftServerProxy (RaftServerProxy.java:remove(95)) - 3ec0bce2-5a80-4efc-b2ca-bab81cc18a9f: remove group-CBF25E866EAA:null
2019-09-17 06:03:33,101 [RatisPipelineUtilsThread] WARN  pipeline.RatisPipelineUtils (RatisPipelineUtils.java:destroyPipeline(66)) - Pipeline destroy failed for pipeline=PipelineID=28c3b40f-4470-4af7-82e9-cbf25e866eaa dn=3ec0bce2-5a80-4efc-b2ca-bab81cc18a9f{ip: 192.168.34.7, host: pr-hdds-2132-5g9kv-3389001449, networkLocation: /default-rack, certSerialId: null}
2019-09-17 06:03:33,103 [grpc-default-executor-1] INFO  impl.RaftServerProxy (RaftServerProxy.java:remove(95)) - f6013552-a382-44c6-bdc3-8253bd9e054c: remove group-CBF25E866EAA:null
2019-09-17 06:03:33,106 [RatisPipelineUtilsThread] WARN  pipeline.RatisPipelineUtils (RatisPipelineUtils.java:destroyPipeline(66)) - Pipeline destroy failed for pipeline=PipelineID=28c3b40f-4470-4af7-82e9-cbf25e866eaa dn=f6013552-a382-44c6-bdc3-8253bd9e054c{ip: 192.168.34.7, host: pr-hdds-2132-5g9kv-3389001449, networkLocation: /default-rack, certSerialId: null}
2019-09-17 06:03:33,106 [RatisPipelineUtilsThread] ERROR pipeline.SCMPipelineManager (Scheduler.java:lambda$schedule$1(70)) - Destroy pipeline failed for pipeline:Pipeline[ Id: 28c3b40f-4470-4af7-82e9-cbf25e866eaa, Nodes: c5233a29-19a6-42e1-869f-0cfd92a1650c{ip: 192.168.34.7, host: pr-hdds-2132-5g9kv-3389001449, networkLocation: /default-rack, certSerialId: null}3ec0bce2-5a80-4efc-b2ca-bab81cc18a9f{ip: 192.168.34.7, host: pr-hdds-2132-5g9kv-3389001449, networkLocation: /default-rack, certSerialId: null}f6013552-a382-44c6-bdc3-8253bd9e054c{ip: 192.168.34.7, host: pr-hdds-2132-5g9kv-3389001449, networkLocation: /default-rack, certSerialId: null}, Type:RATIS, Factor:THREE, State:CLOSED]
org.apache.hadoop.hdds.scm.pipeline.PipelineNotFoundException: PipelineID=28c3b40f-4470-4af7-82e9-cbf25e866eaa not found
	at org.apache.hadoop.hdds.scm.pipeline.PipelineStateMap.getPipeline(PipelineStateMap.java:132)
	at org.apache.hadoop.hdds.scm.pipeline.PipelineStateMap.removePipeline(PipelineStateMap.java:322)
	at org.apache.hadoop.hdds.scm.pipeline.PipelineStateManager.removePipeline(PipelineStateManager.java:107)
	at org.apache.hadoop.hdds.scm.pipeline.SCMPipelineManager.removePipeline(SCMPipelineManager.java:423)
	at org.apache.hadoop.hdds.scm.pipeline.SCMPipelineManager.destroyPipeline(SCMPipelineManager.java:409)
	at org.apache.hadoop.hdds.scm.pipeline.SCMPipelineManager.lambda$finalizeAndDestroyPipeline$0(SCMPipelineManager.java:318)
	at org.apache.hadoop.utils.Scheduler.lambda$schedule$1(Scheduler.java:68)
	at java.util.concurrent.Executors$RunnableAdapter.call(Executors.java:511)
	at java.util.concurrent.FutureTask.run(FutureTask.java:266)
	at java.util.concurrent.ScheduledThreadPoolExecutor$ScheduledFutureTask.access$201(ScheduledThreadPoolExecutor.java:180)
	at java.util.concurrent.ScheduledThreadPoolExecutor$ScheduledFutureTask.run(ScheduledThreadPoolExecutor.java:293)
	at java.util.concurrent.ThreadPoolExecutor.runWorker(ThreadPoolExecutor.java:1149)
	at java.util.concurrent.ThreadPoolExecutor$Worker.run(ThreadPoolExecutor.java:624)
	at java.lang.Thread.run(Thread.java:748)
2019-09-17 06:03:33,349 [java.util.concurrent.ThreadPoolExecutor$Worker@de36a13[State = -1, empty queue]] WARN  server.GrpcLogAppender (GrpcLogAppender.java:timeoutAppendRequest(200)) - 7b82b5c3-1af5-4aef-b0e5-9bbd5ece1c94@group-3975FA4E760D->2a8a7cd7-06bf-4db7-87f4-48062698d858-GrpcLogAppender: appendEntries Timeout, request=7b82b5c3-1af5-4aef-b0e5-9bbd5ece1c94->2a8a7cd7-06bf-4db7-87f4-48062698d858#184-t3, previous=(t:3, i:24), leaderCommit=18, initializing? false, entries: <empty>
2019-09-17 06:03:33,349 [java.util.concurrent.ThreadPoolExecutor$Worker@40b25a1f[State = -1, empty queue]] WARN  server.GrpcLogAppender (GrpcLogAppender.java:timeoutAppendRequest(200)) - 7b82b5c3-1af5-4aef-b0e5-9bbd5ece1c94@group-3975FA4E760D->e93b3770-42ff-4133-989c-2c3f555af44b-GrpcLogAppender: appendEntries Timeout, request=7b82b5c3-1af5-4aef-b0e5-9bbd5ece1c94->e93b3770-42ff-4133-989c-2c3f555af44b#184-t3, previous=(t:3, i:24), leaderCommit=18, initializing? false, entries: <empty>
2019-09-17 06:03:35,091 [grpc-default-executor-1] INFO  impl.RaftServerProxy (RaftServerProxy.java:remove(95)) - c5233a29-19a6-42e1-869f-0cfd92a1650c: remove group-CBF25E866EAA:null
2019-09-17 06:03:35,094 [RatisPipelineUtilsThread] WARN  pipeline.RatisPipelineUtils (RatisPipelineUtils.java:destroyPipeline(66)) - Pipeline destroy failed for pipeline=PipelineID=28c3b40f-4470-4af7-82e9-cbf25e866eaa dn=c5233a29-19a6-42e1-869f-0cfd92a1650c{ip: 192.168.34.7, host: pr-hdds-2132-5g9kv-3389001449, networkLocation: /default-rack, certSerialId: null}
2019-09-17 06:03:35,097 [grpc-default-executor-1] INFO  impl.RaftServerProxy (RaftServerProxy.java:remove(95)) - 3ec0bce2-5a80-4efc-b2ca-bab81cc18a9f: remove group-CBF25E866EAA:null
2019-09-17 06:03:35,099 [RatisPipelineUtilsThread] WARN  pipeline.RatisPipelineUtils (RatisPipelineUtils.java:destroyPipeline(66)) - Pipeline destroy failed for pipeline=PipelineID=28c3b40f-4470-4af7-82e9-cbf25e866eaa dn=3ec0bce2-5a80-4efc-b2ca-bab81cc18a9f{ip: 192.168.34.7, host: pr-hdds-2132-5g9kv-3389001449, networkLocation: /default-rack, certSerialId: null}
2019-09-17 06:03:35,102 [grpc-default-executor-1] INFO  impl.RaftServerProxy (RaftServerProxy.java:remove(95)) - f6013552-a382-44c6-bdc3-8253bd9e054c: remove group-CBF25E866EAA:null
2019-09-17 06:03:35,104 [RatisPipelineUtilsThread] WARN  pipeline.RatisPipelineUtils (RatisPipelineUtils.java:destroyPipeline(66)) - Pipeline destroy failed for pipeline=PipelineID=28c3b40f-4470-4af7-82e9-cbf25e866eaa dn=f6013552-a382-44c6-bdc3-8253bd9e054c{ip: 192.168.34.7, host: pr-hdds-2132-5g9kv-3389001449, networkLocation: /default-rack, certSerialId: null}
2019-09-17 06:03:35,104 [RatisPipelineUtilsThread] ERROR pipeline.SCMPipelineManager (Scheduler.java:lambda$schedule$1(70)) - Destroy pipeline failed for pipeline:Pipeline[ Id: 28c3b40f-4470-4af7-82e9-cbf25e866eaa, Nodes: c5233a29-19a6-42e1-869f-0cfd92a1650c{ip: 192.168.34.7, host: pr-hdds-2132-5g9kv-3389001449, networkLocation: /default-rack, certSerialId: null}3ec0bce2-5a80-4efc-b2ca-bab81cc18a9f{ip: 192.168.34.7, host: pr-hdds-2132-5g9kv-3389001449, networkLocation: /default-rack, certSerialId: null}f6013552-a382-44c6-bdc3-8253bd9e054c{ip: 192.168.34.7, host: pr-hdds-2132-5g9kv-3389001449, networkLocation: /default-rack, certSerialId: null}, Type:RATIS, Factor:THREE, State:CLOSED]
org.apache.hadoop.hdds.scm.pipeline.PipelineNotFoundException: PipelineID=28c3b40f-4470-4af7-82e9-cbf25e866eaa not found
	at org.apache.hadoop.hdds.scm.pipeline.PipelineStateMap.getPipeline(PipelineStateMap.java:132)
	at org.apache.hadoop.hdds.scm.pipeline.PipelineStateMap.removePipeline(PipelineStateMap.java:322)
	at org.apache.hadoop.hdds.scm.pipeline.PipelineStateManager.removePipeline(PipelineStateManager.java:107)
	at org.apache.hadoop.hdds.scm.pipeline.SCMPipelineManager.removePipeline(SCMPipelineManager.java:423)
	at org.apache.hadoop.hdds.scm.pipeline.SCMPipelineManager.destroyPipeline(SCMPipelineManager.java:409)
	at org.apache.hadoop.hdds.scm.pipeline.SCMPipelineManager.lambda$finalizeAndDestroyPipeline$0(SCMPipelineManager.java:318)
	at org.apache.hadoop.utils.Scheduler.lambda$schedule$1(Scheduler.java:68)
	at java.util.concurrent.Executors$RunnableAdapter.call(Executors.java:511)
	at java.util.concurrent.FutureTask.run(FutureTask.java:266)
	at java.util.concurrent.ScheduledThreadPoolExecutor$ScheduledFutureTask.access$201(ScheduledThreadPoolExecutor.java:180)
	at java.util.concurrent.ScheduledThreadPoolExecutor$ScheduledFutureTask.run(ScheduledThreadPoolExecutor.java:293)
	at java.util.concurrent.ThreadPoolExecutor.runWorker(ThreadPoolExecutor.java:1149)
	at java.util.concurrent.ThreadPoolExecutor$Worker.run(ThreadPoolExecutor.java:624)
	at java.lang.Thread.run(Thread.java:748)
2019-09-17 06:03:35,521 [grpc-default-executor-1] INFO  client.GrpcClientProtocolClient (GrpcClientProtocolClient.java:onNext(264)) - client-BA2506DDDB30->2a8a7cd7-06bf-4db7-87f4-48062698d858: receive RaftClientReply:client-BA2506DDDB30->2a8a7cd7-06bf-4db7-87f4-48062698d858@group-3975FA4E760D, cid=140, FAILED org.apache.ratis.protocol.NotLeaderException: Server 2a8a7cd7-06bf-4db7-87f4-48062698d858@group-3975FA4E760D is not the leader 7b82b5c3-1af5-4aef-b0e5-9bbd5ece1c94:192.168.34.7:38196, logIndex=0, commits[2a8a7cd7-06bf-4db7-87f4-48062698d858:c18, 7b82b5c3-1af5-4aef-b0e5-9bbd5ece1c94:c18, e93b3770-42ff-4133-989c-2c3f555af44b:c13]
2019-09-17 06:03:35,849 [java.util.concurrent.ThreadPoolExecutor$Worker@de36a13[State = -1, empty queue]] WARN  server.GrpcLogAppender (GrpcLogAppender.java:timeoutAppendRequest(200)) - 7b82b5c3-1af5-4aef-b0e5-9bbd5ece1c94@group-3975FA4E760D->2a8a7cd7-06bf-4db7-87f4-48062698d858-GrpcLogAppender: appendEntries Timeout, request=7b82b5c3-1af5-4aef-b0e5-9bbd5ece1c94->2a8a7cd7-06bf-4db7-87f4-48062698d858#185-t3, previous=(t:3, i:24), leaderCommit=18, initializing? false, entries: <empty>
2019-09-17 06:03:35,849 [java.util.concurrent.ThreadPoolExecutor$Worker@40b25a1f[State = -1, empty queue]] WARN  server.GrpcLogAppender (GrpcLogAppender.java:timeoutAppendRequest(200)) - 7b82b5c3-1af5-4aef-b0e5-9bbd5ece1c94@group-3975FA4E760D->e93b3770-42ff-4133-989c-2c3f555af44b-GrpcLogAppender: appendEntries Timeout, request=7b82b5c3-1af5-4aef-b0e5-9bbd5ece1c94->e93b3770-42ff-4133-989c-2c3f555af44b#185-t3, previous=(t:3, i:24), leaderCommit=18, initializing? false, entries: <empty>
2019-09-17 06:03:38,091 [grpc-default-executor-1] INFO  impl.RaftServerProxy (RaftServerProxy.java:remove(95)) - c5233a29-19a6-42e1-869f-0cfd92a1650c: remove group-CBF25E866EAA:null
2019-09-17 06:03:38,095 [RatisPipelineUtilsThread] WARN  pipeline.RatisPipelineUtils (RatisPipelineUtils.java:destroyPipeline(66)) - Pipeline destroy failed for pipeline=PipelineID=28c3b40f-4470-4af7-82e9-cbf25e866eaa dn=c5233a29-19a6-42e1-869f-0cfd92a1650c{ip: 192.168.34.7, host: pr-hdds-2132-5g9kv-3389001449, networkLocation: /default-rack, certSerialId: null}
2019-09-17 06:03:38,098 [grpc-default-executor-1] INFO  impl.RaftServerProxy (RaftServerProxy.java:remove(95)) - 3ec0bce2-5a80-4efc-b2ca-bab81cc18a9f: remove group-CBF25E866EAA:null
2019-09-17 06:03:38,100 [RatisPipelineUtilsThread] WARN  pipeline.RatisPipelineUtils (RatisPipelineUtils.java:destroyPipeline(66)) - Pipeline destroy failed for pipeline=PipelineID=28c3b40f-4470-4af7-82e9-cbf25e866eaa dn=3ec0bce2-5a80-4efc-b2ca-bab81cc18a9f{ip: 192.168.34.7, host: pr-hdds-2132-5g9kv-3389001449, networkLocation: /default-rack, certSerialId: null}
2019-09-17 06:03:38,103 [grpc-default-executor-1] INFO  impl.RaftServerProxy (RaftServerProxy.java:remove(95)) - f6013552-a382-44c6-bdc3-8253bd9e054c: remove group-CBF25E866EAA:null
2019-09-17 06:03:38,107 [RatisPipelineUtilsThread] WARN  pipeline.RatisPipelineUtils (RatisPipelineUtils.java:destroyPipeline(66)) - Pipeline destroy failed for pipeline=PipelineID=28c3b40f-4470-4af7-82e9-cbf25e866eaa dn=f6013552-a382-44c6-bdc3-8253bd9e054c{ip: 192.168.34.7, host: pr-hdds-2132-5g9kv-3389001449, networkLocation: /default-rack, certSerialId: null}
2019-09-17 06:03:38,107 [RatisPipelineUtilsThread] ERROR pipeline.SCMPipelineManager (Scheduler.java:lambda$schedule$1(70)) - Destroy pipeline failed for pipeline:Pipeline[ Id: 28c3b40f-4470-4af7-82e9-cbf25e866eaa, Nodes: c5233a29-19a6-42e1-869f-0cfd92a1650c{ip: 192.168.34.7, host: pr-hdds-2132-5g9kv-3389001449, networkLocation: /default-rack, certSerialId: null}3ec0bce2-5a80-4efc-b2ca-bab81cc18a9f{ip: 192.168.34.7, host: pr-hdds-2132-5g9kv-3389001449, networkLocation: /default-rack, certSerialId: null}f6013552-a382-44c6-bdc3-8253bd9e054c{ip: 192.168.34.7, host: pr-hdds-2132-5g9kv-3389001449, networkLocation: /default-rack, certSerialId: null}, Type:RATIS, Factor:THREE, State:CLOSED]
org.apache.hadoop.hdds.scm.pipeline.PipelineNotFoundException: PipelineID=28c3b40f-4470-4af7-82e9-cbf25e866eaa not found
	at org.apache.hadoop.hdds.scm.pipeline.PipelineStateMap.getPipeline(PipelineStateMap.java:132)
	at org.apache.hadoop.hdds.scm.pipeline.PipelineStateMap.removePipeline(PipelineStateMap.java:322)
	at org.apache.hadoop.hdds.scm.pipeline.PipelineStateManager.removePipeline(PipelineStateManager.java:107)
	at org.apache.hadoop.hdds.scm.pipeline.SCMPipelineManager.removePipeline(SCMPipelineManager.java:423)
	at org.apache.hadoop.hdds.scm.pipeline.SCMPipelineManager.destroyPipeline(SCMPipelineManager.java:409)
	at org.apache.hadoop.hdds.scm.pipeline.SCMPipelineManager.lambda$finalizeAndDestroyPipeline$0(SCMPipelineManager.java:318)
	at org.apache.hadoop.utils.Scheduler.lambda$schedule$1(Scheduler.java:68)
	at java.util.concurrent.Executors$RunnableAdapter.call(Executors.java:511)
	at java.util.concurrent.FutureTask.run(FutureTask.java:266)
	at java.util.concurrent.ScheduledThreadPoolExecutor$ScheduledFutureTask.access$201(ScheduledThreadPoolExecutor.java:180)
	at java.util.concurrent.ScheduledThreadPoolExecutor$ScheduledFutureTask.run(ScheduledThreadPoolExecutor.java:293)
	at java.util.concurrent.ThreadPoolExecutor.runWorker(ThreadPoolExecutor.java:1149)
	at java.util.concurrent.ThreadPoolExecutor$Worker.run(ThreadPoolExecutor.java:624)
	at java.lang.Thread.run(Thread.java:748)
2019-09-17 06:03:38,349 [java.util.concurrent.ThreadPoolExecutor$Worker@40b25a1f[State = -1, empty queue]] WARN  server.GrpcLogAppender (GrpcLogAppender.java:timeoutAppendRequest(200)) - 7b82b5c3-1af5-4aef-b0e5-9bbd5ece1c94@group-3975FA4E760D->e93b3770-42ff-4133-989c-2c3f555af44b-GrpcLogAppender: appendEntries Timeout, request=7b82b5c3-1af5-4aef-b0e5-9bbd5ece1c94->e93b3770-42ff-4133-989c-2c3f555af44b#186-t3, previous=(t:3, i:24), leaderCommit=18, initializing? false, entries: <empty>
2019-09-17 06:03:38,349 [java.util.concurrent.ThreadPoolExecutor$Worker@de36a13[State = -1, empty queue]] WARN  server.GrpcLogAppender (GrpcLogAppender.java:timeoutAppendRequest(200)) - 7b82b5c3-1af5-4aef-b0e5-9bbd5ece1c94@group-3975FA4E760D->2a8a7cd7-06bf-4db7-87f4-48062698d858-GrpcLogAppender: appendEntries Timeout, request=7b82b5c3-1af5-4aef-b0e5-9bbd5ece1c94->2a8a7cd7-06bf-4db7-87f4-48062698d858#186-t3, previous=(t:3, i:24), leaderCommit=18, initializing? false, entries: <empty>
2019-09-17 06:03:40,094 [grpc-default-executor-1] INFO  impl.RaftServerProxy (RaftServerProxy.java:remove(95)) - c5233a29-19a6-42e1-869f-0cfd92a1650c: remove group-CBF25E866EAA:null
2019-09-17 06:03:40,098 [RatisPipelineUtilsThread] WARN  pipeline.RatisPipelineUtils (RatisPipelineUtils.java:destroyPipeline(66)) - Pipeline destroy failed for pipeline=PipelineID=28c3b40f-4470-4af7-82e9-cbf25e866eaa dn=c5233a29-19a6-42e1-869f-0cfd92a1650c{ip: 192.168.34.7, host: pr-hdds-2132-5g9kv-3389001449, networkLocation: /default-rack, certSerialId: null}
2019-09-17 06:03:40,101 [grpc-default-executor-1] INFO  impl.RaftServerProxy (RaftServerProxy.java:remove(95)) - 3ec0bce2-5a80-4efc-b2ca-bab81cc18a9f: remove group-CBF25E866EAA:null
2019-09-17 06:03:40,104 [RatisPipelineUtilsThread] WARN  pipeline.RatisPipelineUtils (RatisPipelineUtils.java:destroyPipeline(66)) - Pipeline destroy failed for pipeline=PipelineID=28c3b40f-4470-4af7-82e9-cbf25e866eaa dn=3ec0bce2-5a80-4efc-b2ca-bab81cc18a9f{ip: 192.168.34.7, host: pr-hdds-2132-5g9kv-3389001449, networkLocation: /default-rack, certSerialId: null}
2019-09-17 06:03:40,106 [grpc-default-executor-1] INFO  impl.RaftServerProxy (RaftServerProxy.java:remove(95)) - f6013552-a382-44c6-bdc3-8253bd9e054c: remove group-CBF25E866EAA:null
2019-09-17 06:03:40,109 [RatisPipelineUtilsThread] WARN  pipeline.RatisPipelineUtils (RatisPipelineUtils.java:destroyPipeline(66)) - Pipeline destroy failed for pipeline=PipelineID=28c3b40f-4470-4af7-82e9-cbf25e866eaa dn=f6013552-a382-44c6-bdc3-8253bd9e054c{ip: 192.168.34.7, host: pr-hdds-2132-5g9kv-3389001449, networkLocation: /default-rack, certSerialId: null}
2019-09-17 06:03:40,109 [RatisPipelineUtilsThread] ERROR pipeline.SCMPipelineManager (Scheduler.java:lambda$schedule$1(70)) - Destroy pipeline failed for pipeline:Pipeline[ Id: 28c3b40f-4470-4af7-82e9-cbf25e866eaa, Nodes: c5233a29-19a6-42e1-869f-0cfd92a1650c{ip: 192.168.34.7, host: pr-hdds-2132-5g9kv-3389001449, networkLocation: /default-rack, certSerialId: null}3ec0bce2-5a80-4efc-b2ca-bab81cc18a9f{ip: 192.168.34.7, host: pr-hdds-2132-5g9kv-3389001449, networkLocation: /default-rack, certSerialId: null}f6013552-a382-44c6-bdc3-8253bd9e054c{ip: 192.168.34.7, host: pr-hdds-2132-5g9kv-3389001449, networkLocation: /default-rack, certSerialId: null}, Type:RATIS, Factor:THREE, State:CLOSED]
org.apache.hadoop.hdds.scm.pipeline.PipelineNotFoundException: PipelineID=28c3b40f-4470-4af7-82e9-cbf25e866eaa not found
	at org.apache.hadoop.hdds.scm.pipeline.PipelineStateMap.getPipeline(PipelineStateMap.java:132)
	at org.apache.hadoop.hdds.scm.pipeline.PipelineStateMap.removePipeline(PipelineStateMap.java:322)
	at org.apache.hadoop.hdds.scm.pipeline.PipelineStateManager.removePipeline(PipelineStateManager.java:107)
	at org.apache.hadoop.hdds.scm.pipeline.SCMPipelineManager.removePipeline(SCMPipelineManager.java:423)
	at org.apache.hadoop.hdds.scm.pipeline.SCMPipelineManager.destroyPipeline(SCMPipelineManager.java:409)
	at org.apache.hadoop.hdds.scm.pipeline.SCMPipelineManager.lambda$finalizeAndDestroyPipeline$0(SCMPipelineManager.java:318)
	at org.apache.hadoop.utils.Scheduler.lambda$schedule$1(Scheduler.java:68)
	at java.util.concurrent.Executors$RunnableAdapter.call(Executors.java:511)
	at java.util.concurrent.FutureTask.run(FutureTask.java:266)
	at java.util.concurrent.ScheduledThreadPoolExecutor$ScheduledFutureTask.access$201(ScheduledThreadPoolExecutor.java:180)
	at java.util.concurrent.ScheduledThreadPoolExecutor$ScheduledFutureTask.run(ScheduledThreadPoolExecutor.java:293)
	at java.util.concurrent.ThreadPoolExecutor.runWorker(ThreadPoolExecutor.java:1149)
	at java.util.concurrent.ThreadPoolExecutor$Worker.run(ThreadPoolExecutor.java:624)
	at java.lang.Thread.run(Thread.java:748)
2019-09-17 06:03:40,345 [2a8a7cd7-06bf-4db7-87f4-48062698d858@group-3975FA4E760D-SegmentedRaftLogWorker] WARN  segmented.SegmentedRaftLogWorker (SegmentedRaftLogWorker.java:getFromFuture(90)) - Timeout 2/~
org.apache.ratis.protocol.TimeoutIOException: Timeout 10s: WriteLog:19: (t:3, i:19), STATEMACHINELOGENTRY, client-BA2506DDDB30, cid=140-writeStateMachineData
	at org.apache.ratis.util.IOUtils.getFromFuture(IOUtils.java:87)
	at org.apache.ratis.server.raftlog.segmented.SegmentedRaftLogWorker$StateMachineDataPolicy.getFromFuture(SegmentedRaftLogWorker.java:87)
	at org.apache.ratis.server.raftlog.segmented.SegmentedRaftLogWorker$WriteLog.execute(SegmentedRaftLogWorker.java:477)
	at org.apache.ratis.server.raftlog.segmented.SegmentedRaftLogWorker.run(SegmentedRaftLogWorker.java:289)
	at java.lang.Thread.run(Thread.java:748)
Caused by: java.util.concurrent.TimeoutException
	at java.util.concurrent.CompletableFuture.timedGet(CompletableFuture.java:1771)
	at java.util.concurrent.CompletableFuture.get(CompletableFuture.java:1915)
	at org.apache.ratis.util.IOUtils.getFromFuture(IOUtils.java:79)
	... 4 more
2019-09-17 06:03:40,433 [e93b3770-42ff-4133-989c-2c3f555af44b@group-3975FA4E760D-SegmentedRaftLogWorker] WARN  segmented.SegmentedRaftLogWorker (SegmentedRaftLogWorker.java:getFromFuture(90)) - Timeout 2/~
org.apache.ratis.protocol.TimeoutIOException: Timeout 10s: WriteLog:20: (t:3, i:20), STATEMACHINELOGENTRY, client-BA2506DDDB30, cid=141-writeStateMachineData
	at org.apache.ratis.util.IOUtils.getFromFuture(IOUtils.java:87)
	at org.apache.ratis.server.raftlog.segmented.SegmentedRaftLogWorker$StateMachineDataPolicy.getFromFuture(SegmentedRaftLogWorker.java:87)
	at org.apache.ratis.server.raftlog.segmented.SegmentedRaftLogWorker$WriteLog.execute(SegmentedRaftLogWorker.java:477)
	at org.apache.ratis.server.raftlog.segmented.SegmentedRaftLogWorker.run(SegmentedRaftLogWorker.java:289)
	at java.lang.Thread.run(Thread.java:748)
Caused by: java.util.concurrent.TimeoutException
	at java.util.concurrent.CompletableFuture.timedGet(CompletableFuture.java:1771)
	at java.util.concurrent.CompletableFuture.get(CompletableFuture.java:1915)
	at org.apache.ratis.util.IOUtils.getFromFuture(IOUtils.java:79)
	... 4 more
2019-09-17 06:03:40,433 [7b82b5c3-1af5-4aef-b0e5-9bbd5ece1c94@group-3975FA4E760D-SegmentedRaftLogWorker] WARN  segmented.SegmentedRaftLogWorker (SegmentedRaftLogWorker.java:getFromFuture(90)) - Timeout 2/~
org.apache.ratis.protocol.TimeoutIOException: Timeout 10s: WriteLog:20: (t:3, i:20), STATEMACHINELOGENTRY, client-BA2506DDDB30, cid=141-writeStateMachineData
	at org.apache.ratis.util.IOUtils.getFromFuture(IOUtils.java:87)
	at org.apache.ratis.server.raftlog.segmented.SegmentedRaftLogWorker$StateMachineDataPolicy.getFromFuture(SegmentedRaftLogWorker.java:87)
	at org.apache.ratis.server.raftlog.segmented.SegmentedRaftLogWorker$WriteLog.execute(SegmentedRaftLogWorker.java:477)
	at org.apache.ratis.server.raftlog.segmented.SegmentedRaftLogWorker.run(SegmentedRaftLogWorker.java:289)
	at java.lang.Thread.run(Thread.java:748)
Caused by: java.util.concurrent.TimeoutException
	at java.util.concurrent.CompletableFuture.timedGet(CompletableFuture.java:1771)
	at java.util.concurrent.CompletableFuture.get(CompletableFuture.java:1915)
	at org.apache.ratis.util.IOUtils.getFromFuture(IOUtils.java:79)
	... 4 more
2019-09-17 06:03:40,582 [grpc-default-executor-2] INFO  client.GrpcClientProtocolClient (GrpcClientProtocolClient.java:onNext(264)) - client-BA2506DDDB30->e93b3770-42ff-4133-989c-2c3f555af44b: receive RaftClientReply:client-BA2506DDDB30->e93b3770-42ff-4133-989c-2c3f555af44b@group-3975FA4E760D, cid=140, FAILED org.apache.ratis.protocol.NotLeaderException: Server e93b3770-42ff-4133-989c-2c3f555af44b@group-3975FA4E760D is not the leader 7b82b5c3-1af5-4aef-b0e5-9bbd5ece1c94:192.168.34.7:38196, logIndex=0, commits[e93b3770-42ff-4133-989c-2c3f555af44b:c18, 2a8a7cd7-06bf-4db7-87f4-48062698d858:c13, 7b82b5c3-1af5-4aef-b0e5-9bbd5ece1c94:c18]
2019-09-17 06:03:40,850 [java.util.concurrent.ThreadPoolExecutor$Worker@40b25a1f[State = -1, empty queue]] WARN  server.GrpcLogAppender (GrpcLogAppender.java:timeoutAppendRequest(200)) - 7b82b5c3-1af5-4aef-b0e5-9bbd5ece1c94@group-3975FA4E760D->e93b3770-42ff-4133-989c-2c3f555af44b-GrpcLogAppender: appendEntries Timeout, request=7b82b5c3-1af5-4aef-b0e5-9bbd5ece1c94->e93b3770-42ff-4133-989c-2c3f555af44b#187-t3, previous=(t:3, i:24), leaderCommit=18, initializing? false, entries: <empty>
2019-09-17 06:03:40,850 [java.util.concurrent.ThreadPoolExecutor$Worker@de36a13[State = -1, empty queue]] WARN  server.GrpcLogAppender (GrpcLogAppender.java:timeoutAppendRequest(200)) - 7b82b5c3-1af5-4aef-b0e5-9bbd5ece1c94@group-3975FA4E760D->2a8a7cd7-06bf-4db7-87f4-48062698d858-GrpcLogAppender: appendEntries Timeout, request=7b82b5c3-1af5-4aef-b0e5-9bbd5ece1c94->2a8a7cd7-06bf-4db7-87f4-48062698d858#187-t3, previous=(t:3, i:24), leaderCommit=18, initializing? false, entries: <empty>
2019-09-17 06:03:43,096 [grpc-default-executor-1] INFO  impl.RaftServerProxy (RaftServerProxy.java:remove(95)) - c5233a29-19a6-42e1-869f-0cfd92a1650c: remove group-CBF25E866EAA:null
2019-09-17 06:03:43,100 [RatisPipelineUtilsThread] WARN  pipeline.RatisPipelineUtils (RatisPipelineUtils.java:destroyPipeline(66)) - Pipeline destroy failed for pipeline=PipelineID=28c3b40f-4470-4af7-82e9-cbf25e866eaa dn=c5233a29-19a6-42e1-869f-0cfd92a1650c{ip: 192.168.34.7, host: pr-hdds-2132-5g9kv-3389001449, networkLocation: /default-rack, certSerialId: null}
2019-09-17 06:03:43,103 [grpc-default-executor-1] INFO  impl.RaftServerProxy (RaftServerProxy.java:remove(95)) - 3ec0bce2-5a80-4efc-b2ca-bab81cc18a9f: remove group-CBF25E866EAA:null
2019-09-17 06:03:43,105 [RatisPipelineUtilsThread] WARN  pipeline.RatisPipelineUtils (RatisPipelineUtils.java:destroyPipeline(66)) - Pipeline destroy failed for pipeline=PipelineID=28c3b40f-4470-4af7-82e9-cbf25e866eaa dn=3ec0bce2-5a80-4efc-b2ca-bab81cc18a9f{ip: 192.168.34.7, host: pr-hdds-2132-5g9kv-3389001449, networkLocation: /default-rack, certSerialId: null}
2019-09-17 06:03:43,107 [grpc-default-executor-1] INFO  impl.RaftServerProxy (RaftServerProxy.java:remove(95)) - f6013552-a382-44c6-bdc3-8253bd9e054c: remove group-CBF25E866EAA:null
2019-09-17 06:03:43,110 [RatisPipelineUtilsThread] WARN  pipeline.RatisPipelineUtils (RatisPipelineUtils.java:destroyPipeline(66)) - Pipeline destroy failed for pipeline=PipelineID=28c3b40f-4470-4af7-82e9-cbf25e866eaa dn=f6013552-a382-44c6-bdc3-8253bd9e054c{ip: 192.168.34.7, host: pr-hdds-2132-5g9kv-3389001449, networkLocation: /default-rack, certSerialId: null}
2019-09-17 06:03:43,110 [RatisPipelineUtilsThread] ERROR pipeline.SCMPipelineManager (Scheduler.java:lambda$schedule$1(70)) - Destroy pipeline failed for pipeline:Pipeline[ Id: 28c3b40f-4470-4af7-82e9-cbf25e866eaa, Nodes: c5233a29-19a6-42e1-869f-0cfd92a1650c{ip: 192.168.34.7, host: pr-hdds-2132-5g9kv-3389001449, networkLocation: /default-rack, certSerialId: null}3ec0bce2-5a80-4efc-b2ca-bab81cc18a9f{ip: 192.168.34.7, host: pr-hdds-2132-5g9kv-3389001449, networkLocation: /default-rack, certSerialId: null}f6013552-a382-44c6-bdc3-8253bd9e054c{ip: 192.168.34.7, host: pr-hdds-2132-5g9kv-3389001449, networkLocation: /default-rack, certSerialId: null}, Type:RATIS, Factor:THREE, State:CLOSED]
org.apache.hadoop.hdds.scm.pipeline.PipelineNotFoundException: PipelineID=28c3b40f-4470-4af7-82e9-cbf25e866eaa not found
	at org.apache.hadoop.hdds.scm.pipeline.PipelineStateMap.getPipeline(PipelineStateMap.java:132)
	at org.apache.hadoop.hdds.scm.pipeline.PipelineStateMap.removePipeline(PipelineStateMap.java:322)
	at org.apache.hadoop.hdds.scm.pipeline.PipelineStateManager.removePipeline(PipelineStateManager.java:107)
	at org.apache.hadoop.hdds.scm.pipeline.SCMPipelineManager.removePipeline(SCMPipelineManager.java:423)
	at org.apache.hadoop.hdds.scm.pipeline.SCMPipelineManager.destroyPipeline(SCMPipelineManager.java:409)
	at org.apache.hadoop.hdds.scm.pipeline.SCMPipelineManager.lambda$finalizeAndDestroyPipeline$0(SCMPipelineManager.java:318)
	at org.apache.hadoop.utils.Scheduler.lambda$schedule$1(Scheduler.java:68)
	at java.util.concurrent.Executors$RunnableAdapter.call(Executors.java:511)
	at java.util.concurrent.FutureTask.run(FutureTask.java:266)
	at java.util.concurrent.ScheduledThreadPoolExecutor$ScheduledFutureTask.access$201(ScheduledThreadPoolExecutor.java:180)
	at java.util.concurrent.ScheduledThreadPoolExecutor$ScheduledFutureTask.run(ScheduledThreadPoolExecutor.java:293)
	at java.util.concurrent.ThreadPoolExecutor.runWorker(ThreadPoolExecutor.java:1149)
	at java.util.concurrent.ThreadPoolExecutor$Worker.run(ThreadPoolExecutor.java:624)
	at java.lang.Thread.run(Thread.java:748)
2019-09-17 06:03:43,350 [java.util.concurrent.ThreadPoolExecutor$Worker@40b25a1f[State = -1, empty queue]] WARN  server.GrpcLogAppender (GrpcLogAppender.java:timeoutAppendRequest(200)) - 7b82b5c3-1af5-4aef-b0e5-9bbd5ece1c94@group-3975FA4E760D->e93b3770-42ff-4133-989c-2c3f555af44b-GrpcLogAppender: appendEntries Timeout, request=7b82b5c3-1af5-4aef-b0e5-9bbd5ece1c94->e93b3770-42ff-4133-989c-2c3f555af44b#188-t3, previous=(t:3, i:24), leaderCommit=18, initializing? false, entries: <empty>
2019-09-17 06:03:43,350 [java.util.concurrent.ThreadPoolExecutor$Worker@de36a13[State = -1, empty queue]] WARN  server.GrpcLogAppender (GrpcLogAppender.java:timeoutAppendRequest(200)) - 7b82b5c3-1af5-4aef-b0e5-9bbd5ece1c94@group-3975FA4E760D->2a8a7cd7-06bf-4db7-87f4-48062698d858-GrpcLogAppender: appendEntries Timeout, request=7b82b5c3-1af5-4aef-b0e5-9bbd5ece1c94->2a8a7cd7-06bf-4db7-87f4-48062698d858#188-t3, previous=(t:3, i:24), leaderCommit=18, initializing? false, entries: <empty>
2019-09-17 06:03:45,091 [grpc-default-executor-1] INFO  impl.RaftServerProxy (RaftServerProxy.java:remove(95)) - c5233a29-19a6-42e1-869f-0cfd92a1650c: remove group-CBF25E866EAA:null
2019-09-17 06:03:45,094 [RatisPipelineUtilsThread] WARN  pipeline.RatisPipelineUtils (RatisPipelineUtils.java:destroyPipeline(66)) - Pipeline destroy failed for pipeline=PipelineID=28c3b40f-4470-4af7-82e9-cbf25e866eaa dn=c5233a29-19a6-42e1-869f-0cfd92a1650c{ip: 192.168.34.7, host: pr-hdds-2132-5g9kv-3389001449, networkLocation: /default-rack, certSerialId: null}
2019-09-17 06:03:45,098 [grpc-default-executor-1] INFO  impl.RaftServerProxy (RaftServerProxy.java:remove(95)) - 3ec0bce2-5a80-4efc-b2ca-bab81cc18a9f: remove group-CBF25E866EAA:null
2019-09-17 06:03:45,100 [RatisPipelineUtilsThread] WARN  pipeline.RatisPipelineUtils (RatisPipelineUtils.java:destroyPipeline(66)) - Pipeline destroy failed for pipeline=PipelineID=28c3b40f-4470-4af7-82e9-cbf25e866eaa dn=3ec0bce2-5a80-4efc-b2ca-bab81cc18a9f{ip: 192.168.34.7, host: pr-hdds-2132-5g9kv-3389001449, networkLocation: /default-rack, certSerialId: null}
2019-09-17 06:03:45,103 [grpc-default-executor-1] INFO  impl.RaftServerProxy (RaftServerProxy.java:remove(95)) - f6013552-a382-44c6-bdc3-8253bd9e054c: remove group-CBF25E866EAA:null
2019-09-17 06:03:45,109 [RatisPipelineUtilsThread] WARN  pipeline.RatisPipelineUtils (RatisPipelineUtils.java:destroyPipeline(66)) - Pipeline destroy failed for pipeline=PipelineID=28c3b40f-4470-4af7-82e9-cbf25e866eaa dn=f6013552-a382-44c6-bdc3-8253bd9e054c{ip: 192.168.34.7, host: pr-hdds-2132-5g9kv-3389001449, networkLocation: /default-rack, certSerialId: null}
2019-09-17 06:03:45,110 [RatisPipelineUtilsThread] ERROR pipeline.SCMPipelineManager (Scheduler.java:lambda$schedule$1(70)) - Destroy pipeline failed for pipeline:Pipeline[ Id: 28c3b40f-4470-4af7-82e9-cbf25e866eaa, Nodes: c5233a29-19a6-42e1-869f-0cfd92a1650c{ip: 192.168.34.7, host: pr-hdds-2132-5g9kv-3389001449, networkLocation: /default-rack, certSerialId: null}3ec0bce2-5a80-4efc-b2ca-bab81cc18a9f{ip: 192.168.34.7, host: pr-hdds-2132-5g9kv-3389001449, networkLocation: /default-rack, certSerialId: null}f6013552-a382-44c6-bdc3-8253bd9e054c{ip: 192.168.34.7, host: pr-hdds-2132-5g9kv-3389001449, networkLocation: /default-rack, certSerialId: null}, Type:RATIS, Factor:THREE, State:CLOSED]
org.apache.hadoop.hdds.scm.pipeline.PipelineNotFoundException: PipelineID=28c3b40f-4470-4af7-82e9-cbf25e866eaa not found
	at org.apache.hadoop.hdds.scm.pipeline.PipelineStateMap.getPipeline(PipelineStateMap.java:132)
	at org.apache.hadoop.hdds.scm.pipeline.PipelineStateMap.removePipeline(PipelineStateMap.java:322)
	at org.apache.hadoop.hdds.scm.pipeline.PipelineStateManager.removePipeline(PipelineStateManager.java:107)
	at org.apache.hadoop.hdds.scm.pipeline.SCMPipelineManager.removePipeline(SCMPipelineManager.java:423)
	at org.apache.hadoop.hdds.scm.pipeline.SCMPipelineManager.destroyPipeline(SCMPipelineManager.java:409)
	at org.apache.hadoop.hdds.scm.pipeline.SCMPipelineManager.lambda$finalizeAndDestroyPipeline$0(SCMPipelineManager.java:318)
	at org.apache.hadoop.utils.Scheduler.lambda$schedule$1(Scheduler.java:68)
	at java.util.concurrent.Executors$RunnableAdapter.call(Executors.java:511)
	at java.util.concurrent.FutureTask.run(FutureTask.java:266)
	at java.util.concurrent.ScheduledThreadPoolExecutor$ScheduledFutureTask.access$201(ScheduledThreadPoolExecutor.java:180)
	at java.util.concurrent.ScheduledThreadPoolExecutor$ScheduledFutureTask.run(ScheduledThreadPoolExecutor.java:293)
	at java.util.concurrent.ThreadPoolExecutor.runWorker(ThreadPoolExecutor.java:1149)
	at java.util.concurrent.ThreadPoolExecutor$Worker.run(ThreadPoolExecutor.java:624)
	at java.lang.Thread.run(Thread.java:748)
2019-09-17 06:03:45,623 [grpc-default-executor-5] INFO  client.GrpcClientProtocolClient (GrpcClientProtocolClient.java:onNext(264)) - client-BA2506DDDB30->2a8a7cd7-06bf-4db7-87f4-48062698d858: receive RaftClientReply:client-BA2506DDDB30->2a8a7cd7-06bf-4db7-87f4-48062698d858@group-3975FA4E760D, cid=140, FAILED org.apache.ratis.protocol.NotLeaderException: Server 2a8a7cd7-06bf-4db7-87f4-48062698d858@group-3975FA4E760D is not the leader 7b82b5c3-1af5-4aef-b0e5-9bbd5ece1c94:192.168.34.7:38196, logIndex=0, commits[2a8a7cd7-06bf-4db7-87f4-48062698d858:c18, 7b82b5c3-1af5-4aef-b0e5-9bbd5ece1c94:c18, e93b3770-42ff-4133-989c-2c3f555af44b:c13]
2019-09-17 06:03:45,851 [java.util.concurrent.ThreadPoolExecutor$Worker@de36a13[State = -1, empty queue]] WARN  server.GrpcLogAppender (GrpcLogAppender.java:timeoutAppendRequest(200)) - 7b82b5c3-1af5-4aef-b0e5-9bbd5ece1c94@group-3975FA4E760D->2a8a7cd7-06bf-4db7-87f4-48062698d858-GrpcLogAppender: appendEntries Timeout, request=7b82b5c3-1af5-4aef-b0e5-9bbd5ece1c94->2a8a7cd7-06bf-4db7-87f4-48062698d858#189-t3, previous=(t:3, i:24), leaderCommit=18, initializing? false, entries: <empty>
2019-09-17 06:03:45,851 [java.util.concurrent.ThreadPoolExecutor$Worker@40b25a1f[State = -1, empty queue]] WARN  server.GrpcLogAppender (GrpcLogAppender.java:timeoutAppendRequest(200)) - 7b82b5c3-1af5-4aef-b0e5-9bbd5ece1c94@group-3975FA4E760D->e93b3770-42ff-4133-989c-2c3f555af44b-GrpcLogAppender: appendEntries Timeout, request=7b82b5c3-1af5-4aef-b0e5-9bbd5ece1c94->e93b3770-42ff-4133-989c-2c3f555af44b#189-t3, previous=(t:3, i:24), leaderCommit=18, initializing? false, entries: <empty>
2019-09-17 06:03:48,094 [grpc-default-executor-5] INFO  impl.RaftServerProxy (RaftServerProxy.java:remove(95)) - c5233a29-19a6-42e1-869f-0cfd92a1650c: remove group-CBF25E866EAA:null
2019-09-17 06:03:48,098 [RatisPipelineUtilsThread] WARN  pipeline.RatisPipelineUtils (RatisPipelineUtils.java:destroyPipeline(66)) - Pipeline destroy failed for pipeline=PipelineID=28c3b40f-4470-4af7-82e9-cbf25e866eaa dn=c5233a29-19a6-42e1-869f-0cfd92a1650c{ip: 192.168.34.7, host: pr-hdds-2132-5g9kv-3389001449, networkLocation: /default-rack, certSerialId: null}
2019-09-17 06:03:48,101 [grpc-default-executor-5] INFO  impl.RaftServerProxy (RaftServerProxy.java:remove(95)) - 3ec0bce2-5a80-4efc-b2ca-bab81cc18a9f: remove group-CBF25E866EAA:null
2019-09-17 06:03:48,104 [RatisPipelineUtilsThread] WARN  pipeline.RatisPipelineUtils (RatisPipelineUtils.java:destroyPipeline(66)) - Pipeline destroy failed for pipeline=PipelineID=28c3b40f-4470-4af7-82e9-cbf25e866eaa dn=3ec0bce2-5a80-4efc-b2ca-bab81cc18a9f{ip: 192.168.34.7, host: pr-hdds-2132-5g9kv-3389001449, networkLocation: /default-rack, certSerialId: null}
2019-09-17 06:03:48,107 [grpc-default-executor-5] INFO  impl.RaftServerProxy (RaftServerProxy.java:remove(95)) - f6013552-a382-44c6-bdc3-8253bd9e054c: remove group-CBF25E866EAA:null
2019-09-17 06:03:48,110 [RatisPipelineUtilsThread] WARN  pipeline.RatisPipelineUtils (RatisPipelineUtils.java:destroyPipeline(66)) - Pipeline destroy failed for pipeline=PipelineID=28c3b40f-4470-4af7-82e9-cbf25e866eaa dn=f6013552-a382-44c6-bdc3-8253bd9e054c{ip: 192.168.34.7, host: pr-hdds-2132-5g9kv-3389001449, networkLocation: /default-rack, certSerialId: null}
2019-09-17 06:03:48,110 [RatisPipelineUtilsThread] ERROR pipeline.SCMPipelineManager (Scheduler.java:lambda$schedule$1(70)) - Destroy pipeline failed for pipeline:Pipeline[ Id: 28c3b40f-4470-4af7-82e9-cbf25e866eaa, Nodes: c5233a29-19a6-42e1-869f-0cfd92a1650c{ip: 192.168.34.7, host: pr-hdds-2132-5g9kv-3389001449, networkLocation: /default-rack, certSerialId: null}3ec0bce2-5a80-4efc-b2ca-bab81cc18a9f{ip: 192.168.34.7, host: pr-hdds-2132-5g9kv-3389001449, networkLocation: /default-rack, certSerialId: null}f6013552-a382-44c6-bdc3-8253bd9e054c{ip: 192.168.34.7, host: pr-hdds-2132-5g9kv-3389001449, networkLocation: /default-rack, certSerialId: null}, Type:RATIS, Factor:THREE, State:CLOSED]
org.apache.hadoop.hdds.scm.pipeline.PipelineNotFoundException: PipelineID=28c3b40f-4470-4af7-82e9-cbf25e866eaa not found
	at org.apache.hadoop.hdds.scm.pipeline.PipelineStateMap.getPipeline(PipelineStateMap.java:132)
	at org.apache.hadoop.hdds.scm.pipeline.PipelineStateMap.removePipeline(PipelineStateMap.java:322)
	at org.apache.hadoop.hdds.scm.pipeline.PipelineStateManager.removePipeline(PipelineStateManager.java:107)
	at org.apache.hadoop.hdds.scm.pipeline.SCMPipelineManager.removePipeline(SCMPipelineManager.java:423)
	at org.apache.hadoop.hdds.scm.pipeline.SCMPipelineManager.destroyPipeline(SCMPipelineManager.java:409)
	at org.apache.hadoop.hdds.scm.pipeline.SCMPipelineManager.lambda$finalizeAndDestroyPipeline$0(SCMPipelineManager.java:318)
	at org.apache.hadoop.utils.Scheduler.lambda$schedule$1(Scheduler.java:68)
	at java.util.concurrent.Executors$RunnableAdapter.call(Executors.java:511)
	at java.util.concurrent.FutureTask.run(FutureTask.java:266)
	at java.util.concurrent.ScheduledThreadPoolExecutor$ScheduledFutureTask.access$201(ScheduledThreadPoolExecutor.java:180)
	at java.util.concurrent.ScheduledThreadPoolExecutor$ScheduledFutureTask.run(ScheduledThreadPoolExecutor.java:293)
	at java.util.concurrent.ThreadPoolExecutor.runWorker(ThreadPoolExecutor.java:1149)
	at java.util.concurrent.ThreadPoolExecutor$Worker.run(ThreadPoolExecutor.java:624)
	at java.lang.Thread.run(Thread.java:748)
2019-09-17 06:03:48,351 [java.util.concurrent.ThreadPoolExecutor$Worker@de36a13[State = -1, empty queue]] WARN  server.GrpcLogAppender (GrpcLogAppender.java:timeoutAppendRequest(200)) - 7b82b5c3-1af5-4aef-b0e5-9bbd5ece1c94@group-3975FA4E760D->2a8a7cd7-06bf-4db7-87f4-48062698d858-GrpcLogAppender: appendEntries Timeout, request=7b82b5c3-1af5-4aef-b0e5-9bbd5ece1c94->2a8a7cd7-06bf-4db7-87f4-48062698d858#190-t3, previous=(t:3, i:24), leaderCommit=18, initializing? false, entries: <empty>
2019-09-17 06:03:48,351 [java.util.concurrent.ThreadPoolExecutor$Worker@40b25a1f[State = -1, empty queue]] WARN  server.GrpcLogAppender (GrpcLogAppender.java:timeoutAppendRequest(200)) - 7b82b5c3-1af5-4aef-b0e5-9bbd5ece1c94@group-3975FA4E760D->e93b3770-42ff-4133-989c-2c3f555af44b-GrpcLogAppender: appendEntries Timeout, request=7b82b5c3-1af5-4aef-b0e5-9bbd5ece1c94->e93b3770-42ff-4133-989c-2c3f555af44b#190-t3, previous=(t:3, i:24), leaderCommit=18, initializing? false, entries: <empty>
2019-09-17 06:03:50,093 [grpc-default-executor-5] INFO  impl.RaftServerProxy (RaftServerProxy.java:remove(95)) - c5233a29-19a6-42e1-869f-0cfd92a1650c: remove group-CBF25E866EAA:null
2019-09-17 06:03:50,096 [RatisPipelineUtilsThread] WARN  pipeline.RatisPipelineUtils (RatisPipelineUtils.java:destroyPipeline(66)) - Pipeline destroy failed for pipeline=PipelineID=28c3b40f-4470-4af7-82e9-cbf25e866eaa dn=c5233a29-19a6-42e1-869f-0cfd92a1650c{ip: 192.168.34.7, host: pr-hdds-2132-5g9kv-3389001449, networkLocation: /default-rack, certSerialId: null}
2019-09-17 06:03:50,099 [grpc-default-executor-5] INFO  impl.RaftServerProxy (RaftServerProxy.java:remove(95)) - 3ec0bce2-5a80-4efc-b2ca-bab81cc18a9f: remove group-CBF25E866EAA:null
2019-09-17 06:03:50,102 [RatisPipelineUtilsThread] WARN  pipeline.RatisPipelineUtils (RatisPipelineUtils.java:destroyPipeline(66)) - Pipeline destroy failed for pipeline=PipelineID=28c3b40f-4470-4af7-82e9-cbf25e866eaa dn=3ec0bce2-5a80-4efc-b2ca-bab81cc18a9f{ip: 192.168.34.7, host: pr-hdds-2132-5g9kv-3389001449, networkLocation: /default-rack, certSerialId: null}
2019-09-17 06:03:50,104 [grpc-default-executor-5] INFO  impl.RaftServerProxy (RaftServerProxy.java:remove(95)) - f6013552-a382-44c6-bdc3-8253bd9e054c: remove group-CBF25E866EAA:null
2019-09-17 06:03:50,107 [RatisPipelineUtilsThread] WARN  pipeline.RatisPipelineUtils (RatisPipelineUtils.java:destroyPipeline(66)) - Pipeline destroy failed for pipeline=PipelineID=28c3b40f-4470-4af7-82e9-cbf25e866eaa dn=f6013552-a382-44c6-bdc3-8253bd9e054c{ip: 192.168.34.7, host: pr-hdds-2132-5g9kv-3389001449, networkLocation: /default-rack, certSerialId: null}
2019-09-17 06:03:50,107 [RatisPipelineUtilsThread] ERROR pipeline.SCMPipelineManager (Scheduler.java:lambda$schedule$1(70)) - Destroy pipeline failed for pipeline:Pipeline[ Id: 28c3b40f-4470-4af7-82e9-cbf25e866eaa, Nodes: c5233a29-19a6-42e1-869f-0cfd92a1650c{ip: 192.168.34.7, host: pr-hdds-2132-5g9kv-3389001449, networkLocation: /default-rack, certSerialId: null}3ec0bce2-5a80-4efc-b2ca-bab81cc18a9f{ip: 192.168.34.7, host: pr-hdds-2132-5g9kv-3389001449, networkLocation: /default-rack, certSerialId: null}f6013552-a382-44c6-bdc3-8253bd9e054c{ip: 192.168.34.7, host: pr-hdds-2132-5g9kv-3389001449, networkLocation: /default-rack, certSerialId: null}, Type:RATIS, Factor:THREE, State:CLOSED]
org.apache.hadoop.hdds.scm.pipeline.PipelineNotFoundException: PipelineID=28c3b40f-4470-4af7-82e9-cbf25e866eaa not found
	at org.apache.hadoop.hdds.scm.pipeline.PipelineStateMap.getPipeline(PipelineStateMap.java:132)
	at org.apache.hadoop.hdds.scm.pipeline.PipelineStateMap.removePipeline(PipelineStateMap.java:322)
	at org.apache.hadoop.hdds.scm.pipeline.PipelineStateManager.removePipeline(PipelineStateManager.java:107)
	at org.apache.hadoop.hdds.scm.pipeline.SCMPipelineManager.removePipeline(SCMPipelineManager.java:423)
	at org.apache.hadoop.hdds.scm.pipeline.SCMPipelineManager.destroyPipeline(SCMPipelineManager.java:409)
	at org.apache.hadoop.hdds.scm.pipeline.SCMPipelineManager.lambda$finalizeAndDestroyPipeline$0(SCMPipelineManager.java:318)
	at org.apache.hadoop.utils.Scheduler.lambda$schedule$1(Scheduler.java:68)
	at java.util.concurrent.Executors$RunnableAdapter.call(Executors.java:511)
	at java.util.concurrent.FutureTask.run(FutureTask.java:266)
	at java.util.concurrent.ScheduledThreadPoolExecutor$ScheduledFutureTask.access$201(ScheduledThreadPoolExecutor.java:180)
	at java.util.concurrent.ScheduledThreadPoolExecutor$ScheduledFutureTask.run(ScheduledThreadPoolExecutor.java:293)
	at java.util.concurrent.ThreadPoolExecutor.runWorker(ThreadPoolExecutor.java:1149)
	at java.util.concurrent.ThreadPoolExecutor$Worker.run(ThreadPoolExecutor.java:624)
	at java.lang.Thread.run(Thread.java:748)
2019-09-17 06:03:50,346 [2a8a7cd7-06bf-4db7-87f4-48062698d858@group-3975FA4E760D-SegmentedRaftLogWorker] WARN  segmented.SegmentedRaftLogWorker (SegmentedRaftLogWorker.java:getFromFuture(90)) - Timeout 3/~
org.apache.ratis.protocol.TimeoutIOException: Timeout 10s: WriteLog:19: (t:3, i:19), STATEMACHINELOGENTRY, client-BA2506DDDB30, cid=140-writeStateMachineData
	at org.apache.ratis.util.IOUtils.getFromFuture(IOUtils.java:87)
	at org.apache.ratis.server.raftlog.segmented.SegmentedRaftLogWorker$StateMachineDataPolicy.getFromFuture(SegmentedRaftLogWorker.java:87)
	at org.apache.ratis.server.raftlog.segmented.SegmentedRaftLogWorker$WriteLog.execute(SegmentedRaftLogWorker.java:477)
	at org.apache.ratis.server.raftlog.segmented.SegmentedRaftLogWorker.run(SegmentedRaftLogWorker.java:289)
	at java.lang.Thread.run(Thread.java:748)
Caused by: java.util.concurrent.TimeoutException
	at java.util.concurrent.CompletableFuture.timedGet(CompletableFuture.java:1771)
	at java.util.concurrent.CompletableFuture.get(CompletableFuture.java:1915)
	at org.apache.ratis.util.IOUtils.getFromFuture(IOUtils.java:79)
	... 4 more
2019-09-17 06:03:50,434 [e93b3770-42ff-4133-989c-2c3f555af44b@group-3975FA4E760D-SegmentedRaftLogWorker] WARN  segmented.SegmentedRaftLogWorker (SegmentedRaftLogWorker.java:getFromFuture(90)) - Timeout 3/~
org.apache.ratis.protocol.TimeoutIOException: Timeout 10s: WriteLog:20: (t:3, i:20), STATEMACHINELOGENTRY, client-BA2506DDDB30, cid=141-writeStateMachineData
	at org.apache.ratis.util.IOUtils.getFromFuture(IOUtils.java:87)
	at org.apache.ratis.server.raftlog.segmented.SegmentedRaftLogWorker$StateMachineDataPolicy.getFromFuture(SegmentedRaftLogWorker.java:87)
	at org.apache.ratis.server.raftlog.segmented.SegmentedRaftLogWorker$WriteLog.execute(SegmentedRaftLogWorker.java:477)
	at org.apache.ratis.server.raftlog.segmented.SegmentedRaftLogWorker.run(SegmentedRaftLogWorker.java:289)
	at java.lang.Thread.run(Thread.java:748)
Caused by: java.util.concurrent.TimeoutException
	at java.util.concurrent.CompletableFuture.timedGet(CompletableFuture.java:1771)
	at java.util.concurrent.CompletableFuture.get(CompletableFuture.java:1915)
	at org.apache.ratis.util.IOUtils.getFromFuture(IOUtils.java:79)
	... 4 more
2019-09-17 06:03:50,434 [7b82b5c3-1af5-4aef-b0e5-9bbd5ece1c94@group-3975FA4E760D-SegmentedRaftLogWorker] WARN  segmented.SegmentedRaftLogWorker (SegmentedRaftLogWorker.java:getFromFuture(90)) - Timeout 3/~
org.apache.ratis.protocol.TimeoutIOException: Timeout 10s: WriteLog:20: (t:3, i:20), STATEMACHINELOGENTRY, client-BA2506DDDB30, cid=141-writeStateMachineData
	at org.apache.ratis.util.IOUtils.getFromFuture(IOUtils.java:87)
	at org.apache.ratis.server.raftlog.segmented.SegmentedRaftLogWorker$StateMachineDataPolicy.getFromFuture(SegmentedRaftLogWorker.java:87)
	at org.apache.ratis.server.raftlog.segmented.SegmentedRaftLogWorker$WriteLog.execute(SegmentedRaftLogWorker.java:477)
	at org.apache.ratis.server.raftlog.segmented.SegmentedRaftLogWorker.run(SegmentedRaftLogWorker.java:289)
	at java.lang.Thread.run(Thread.java:748)
Caused by: java.util.concurrent.TimeoutException
	at java.util.concurrent.CompletableFuture.timedGet(CompletableFuture.java:1771)
	at java.util.concurrent.CompletableFuture.get(CompletableFuture.java:1915)
	at org.apache.ratis.util.IOUtils.getFromFuture(IOUtils.java:79)
	... 4 more
2019-09-17 06:03:50,662 [grpc-default-executor-1] INFO  client.GrpcClientProtocolClient (GrpcClientProtocolClient.java:onNext(264)) - client-BA2506DDDB30->2a8a7cd7-06bf-4db7-87f4-48062698d858: receive RaftClientReply:client-BA2506DDDB30->2a8a7cd7-06bf-4db7-87f4-48062698d858@group-3975FA4E760D, cid=140, FAILED org.apache.ratis.protocol.NotLeaderException: Server 2a8a7cd7-06bf-4db7-87f4-48062698d858@group-3975FA4E760D is not the leader 7b82b5c3-1af5-4aef-b0e5-9bbd5ece1c94:192.168.34.7:38196, logIndex=0, commits[2a8a7cd7-06bf-4db7-87f4-48062698d858:c18, 7b82b5c3-1af5-4aef-b0e5-9bbd5ece1c94:c18, e93b3770-42ff-4133-989c-2c3f555af44b:c13]
2019-09-17 06:03:50,851 [java.util.concurrent.ThreadPoolExecutor$Worker@de36a13[State = -1, empty queue]] WARN  server.GrpcLogAppender (GrpcLogAppender.java:timeoutAppendRequest(200)) - 7b82b5c3-1af5-4aef-b0e5-9bbd5ece1c94@group-3975FA4E760D->2a8a7cd7-06bf-4db7-87f4-48062698d858-GrpcLogAppender: appendEntries Timeout, request=7b82b5c3-1af5-4aef-b0e5-9bbd5ece1c94->2a8a7cd7-06bf-4db7-87f4-48062698d858#191-t3, previous=(t:3, i:24), leaderCommit=18, initializing? false, entries: <empty>
2019-09-17 06:03:50,851 [java.util.concurrent.ThreadPoolExecutor$Worker@40b25a1f[State = -1, empty queue]] WARN  server.GrpcLogAppender (GrpcLogAppender.java:timeoutAppendRequest(200)) - 7b82b5c3-1af5-4aef-b0e5-9bbd5ece1c94@group-3975FA4E760D->e93b3770-42ff-4133-989c-2c3f555af44b-GrpcLogAppender: appendEntries Timeout, request=7b82b5c3-1af5-4aef-b0e5-9bbd5ece1c94->e93b3770-42ff-4133-989c-2c3f555af44b#191-t3, previous=(t:3, i:24), leaderCommit=18, initializing? false, entries: <empty>
2019-09-17 06:03:53,098 [grpc-default-executor-5] INFO  impl.RaftServerProxy (RaftServerProxy.java:remove(95)) - c5233a29-19a6-42e1-869f-0cfd92a1650c: remove group-CBF25E866EAA:null
2019-09-17 06:03:53,104 [RatisPipelineUtilsThread] WARN  pipeline.RatisPipelineUtils (RatisPipelineUtils.java:destroyPipeline(66)) - Pipeline destroy failed for pipeline=PipelineID=28c3b40f-4470-4af7-82e9-cbf25e866eaa dn=c5233a29-19a6-42e1-869f-0cfd92a1650c{ip: 192.168.34.7, host: pr-hdds-2132-5g9kv-3389001449, networkLocation: /default-rack, certSerialId: null}
2019-09-17 06:03:53,107 [grpc-default-executor-5] INFO  impl.RaftServerProxy (RaftServerProxy.java:remove(95)) - 3ec0bce2-5a80-4efc-b2ca-bab81cc18a9f: remove group-CBF25E866EAA:null
2019-09-17 06:03:53,110 [RatisPipelineUtilsThread] WARN  pipeline.RatisPipelineUtils (RatisPipelineUtils.java:destroyPipeline(66)) - Pipeline destroy failed for pipeline=PipelineID=28c3b40f-4470-4af7-82e9-cbf25e866eaa dn=3ec0bce2-5a80-4efc-b2ca-bab81cc18a9f{ip: 192.168.34.7, host: pr-hdds-2132-5g9kv-3389001449, networkLocation: /default-rack, certSerialId: null}
2019-09-17 06:03:53,112 [grpc-default-executor-5] INFO  impl.RaftServerProxy (RaftServerProxy.java:remove(95)) - f6013552-a382-44c6-bdc3-8253bd9e054c: remove group-CBF25E866EAA:null
2019-09-17 06:03:53,114 [RatisPipelineUtilsThread] WARN  pipeline.RatisPipelineUtils (RatisPipelineUtils.java:destroyPipeline(66)) - Pipeline destroy failed for pipeline=PipelineID=28c3b40f-4470-4af7-82e9-cbf25e866eaa dn=f6013552-a382-44c6-bdc3-8253bd9e054c{ip: 192.168.34.7, host: pr-hdds-2132-5g9kv-3389001449, networkLocation: /default-rack, certSerialId: null}
2019-09-17 06:03:53,115 [RatisPipelineUtilsThread] ERROR pipeline.SCMPipelineManager (Scheduler.java:lambda$schedule$1(70)) - Destroy pipeline failed for pipeline:Pipeline[ Id: 28c3b40f-4470-4af7-82e9-cbf25e866eaa, Nodes: c5233a29-19a6-42e1-869f-0cfd92a1650c{ip: 192.168.34.7, host: pr-hdds-2132-5g9kv-3389001449, networkLocation: /default-rack, certSerialId: null}3ec0bce2-5a80-4efc-b2ca-bab81cc18a9f{ip: 192.168.34.7, host: pr-hdds-2132-5g9kv-3389001449, networkLocation: /default-rack, certSerialId: null}f6013552-a382-44c6-bdc3-8253bd9e054c{ip: 192.168.34.7, host: pr-hdds-2132-5g9kv-3389001449, networkLocation: /default-rack, certSerialId: null}, Type:RATIS, Factor:THREE, State:CLOSED]
org.apache.hadoop.hdds.scm.pipeline.PipelineNotFoundException: PipelineID=28c3b40f-4470-4af7-82e9-cbf25e866eaa not found
	at org.apache.hadoop.hdds.scm.pipeline.PipelineStateMap.getPipeline(PipelineStateMap.java:132)
	at org.apache.hadoop.hdds.scm.pipeline.PipelineStateMap.removePipeline(PipelineStateMap.java:322)
	at org.apache.hadoop.hdds.scm.pipeline.PipelineStateManager.removePipeline(PipelineStateManager.java:107)
	at org.apache.hadoop.hdds.scm.pipeline.SCMPipelineManager.removePipeline(SCMPipelineManager.java:423)
	at org.apache.hadoop.hdds.scm.pipeline.SCMPipelineManager.destroyPipeline(SCMPipelineManager.java:409)
	at org.apache.hadoop.hdds.scm.pipeline.SCMPipelineManager.lambda$finalizeAndDestroyPipeline$0(SCMPipelineManager.java:318)
	at org.apache.hadoop.utils.Scheduler.lambda$schedule$1(Scheduler.java:68)
	at java.util.concurrent.Executors$RunnableAdapter.call(Executors.java:511)
	at java.util.concurrent.FutureTask.run(FutureTask.java:266)
	at java.util.concurrent.ScheduledThreadPoolExecutor$ScheduledFutureTask.access$201(ScheduledThreadPoolExecutor.java:180)
	at java.util.concurrent.ScheduledThreadPoolExecutor$ScheduledFutureTask.run(ScheduledThreadPoolExecutor.java:293)
	at java.util.concurrent.ThreadPoolExecutor.runWorker(ThreadPoolExecutor.java:1149)
	at java.util.concurrent.ThreadPoolExecutor$Worker.run(ThreadPoolExecutor.java:624)
	at java.lang.Thread.run(Thread.java:748)
2019-09-17 06:03:53,352 [java.util.concurrent.ThreadPoolExecutor$Worker@40b25a1f[State = -1, empty queue]] WARN  server.GrpcLogAppender (GrpcLogAppender.java:timeoutAppendRequest(200)) - 7b82b5c3-1af5-4aef-b0e5-9bbd5ece1c94@group-3975FA4E760D->e93b3770-42ff-4133-989c-2c3f555af44b-GrpcLogAppender: appendEntries Timeout, request=7b82b5c3-1af5-4aef-b0e5-9bbd5ece1c94->e93b3770-42ff-4133-989c-2c3f555af44b#192-t3, previous=(t:3, i:24), leaderCommit=18, initializing? false, entries: <empty>
2019-09-17 06:03:53,352 [java.util.concurrent.ThreadPoolExecutor$Worker@de36a13[State = -1, empty queue]] WARN  server.GrpcLogAppender (GrpcLogAppender.java:timeoutAppendRequest(200)) - 7b82b5c3-1af5-4aef-b0e5-9bbd5ece1c94@group-3975FA4E760D->2a8a7cd7-06bf-4db7-87f4-48062698d858-GrpcLogAppender: appendEntries Timeout, request=7b82b5c3-1af5-4aef-b0e5-9bbd5ece1c94->2a8a7cd7-06bf-4db7-87f4-48062698d858#192-t3, previous=(t:3, i:24), leaderCommit=18, initializing? false, entries: <empty>
2019-09-17 06:03:55,092 [grpc-default-executor-5] INFO  impl.RaftServerProxy (RaftServerProxy.java:remove(95)) - c5233a29-19a6-42e1-869f-0cfd92a1650c: remove group-CBF25E866EAA:null
2019-09-17 06:03:55,094 [RatisPipelineUtilsThread] WARN  pipeline.RatisPipelineUtils (RatisPipelineUtils.java:destroyPipeline(66)) - Pipeline destroy failed for pipeline=PipelineID=28c3b40f-4470-4af7-82e9-cbf25e866eaa dn=c5233a29-19a6-42e1-869f-0cfd92a1650c{ip: 192.168.34.7, host: pr-hdds-2132-5g9kv-3389001449, networkLocation: /default-rack, certSerialId: null}
2019-09-17 06:03:55,097 [grpc-default-executor-5] INFO  impl.RaftServerProxy (RaftServerProxy.java:remove(95)) - 3ec0bce2-5a80-4efc-b2ca-bab81cc18a9f: remove group-CBF25E866EAA:null
2019-09-17 06:03:55,098 [RatisPipelineUtilsThread] WARN  pipeline.RatisPipelineUtils (RatisPipelineUtils.java:destroyPipeline(66)) - Pipeline destroy failed for pipeline=PipelineID=28c3b40f-4470-4af7-82e9-cbf25e866eaa dn=3ec0bce2-5a80-4efc-b2ca-bab81cc18a9f{ip: 192.168.34.7, host: pr-hdds-2132-5g9kv-3389001449, networkLocation: /default-rack, certSerialId: null}
2019-09-17 06:03:55,101 [grpc-default-executor-5] INFO  impl.RaftServerProxy (RaftServerProxy.java:remove(95)) - f6013552-a382-44c6-bdc3-8253bd9e054c: remove group-CBF25E866EAA:null
2019-09-17 06:03:55,102 [RatisPipelineUtilsThread] WARN  pipeline.RatisPipelineUtils (RatisPipelineUtils.java:destroyPipeline(66)) - Pipeline destroy failed for pipeline=PipelineID=28c3b40f-4470-4af7-82e9-cbf25e866eaa dn=f6013552-a382-44c6-bdc3-8253bd9e054c{ip: 192.168.34.7, host: pr-hdds-2132-5g9kv-3389001449, networkLocation: /default-rack, certSerialId: null}
2019-09-17 06:03:55,103 [RatisPipelineUtilsThread] ERROR pipeline.SCMPipelineManager (Scheduler.java:lambda$schedule$1(70)) - Destroy pipeline failed for pipeline:Pipeline[ Id: 28c3b40f-4470-4af7-82e9-cbf25e866eaa, Nodes: c5233a29-19a6-42e1-869f-0cfd92a1650c{ip: 192.168.34.7, host: pr-hdds-2132-5g9kv-3389001449, networkLocation: /default-rack, certSerialId: null}3ec0bce2-5a80-4efc-b2ca-bab81cc18a9f{ip: 192.168.34.7, host: pr-hdds-2132-5g9kv-3389001449, networkLocation: /default-rack, certSerialId: null}f6013552-a382-44c6-bdc3-8253bd9e054c{ip: 192.168.34.7, host: pr-hdds-2132-5g9kv-3389001449, networkLocation: /default-rack, certSerialId: null}, Type:RATIS, Factor:THREE, State:CLOSED]
org.apache.hadoop.hdds.scm.pipeline.PipelineNotFoundException: PipelineID=28c3b40f-4470-4af7-82e9-cbf25e866eaa not found
	at org.apache.hadoop.hdds.scm.pipeline.PipelineStateMap.getPipeline(PipelineStateMap.java:132)
	at org.apache.hadoop.hdds.scm.pipeline.PipelineStateMap.removePipeline(PipelineStateMap.java:322)
	at org.apache.hadoop.hdds.scm.pipeline.PipelineStateManager.removePipeline(PipelineStateManager.java:107)
	at org.apache.hadoop.hdds.scm.pipeline.SCMPipelineManager.removePipeline(SCMPipelineManager.java:423)
	at org.apache.hadoop.hdds.scm.pipeline.SCMPipelineManager.destroyPipeline(SCMPipelineManager.java:409)
	at org.apache.hadoop.hdds.scm.pipeline.SCMPipelineManager.lambda$finalizeAndDestroyPipeline$0(SCMPipelineManager.java:318)
	at org.apache.hadoop.utils.Scheduler.lambda$schedule$1(Scheduler.java:68)
	at java.util.concurrent.Executors$RunnableAdapter.call(Executors.java:511)
	at java.util.concurrent.FutureTask.run(FutureTask.java:266)
	at java.util.concurrent.ScheduledThreadPoolExecutor$ScheduledFutureTask.access$201(ScheduledThreadPoolExecutor.java:180)
	at java.util.concurrent.ScheduledThreadPoolExecutor$ScheduledFutureTask.run(ScheduledThreadPoolExecutor.java:293)
	at java.util.concurrent.ThreadPoolExecutor.runWorker(ThreadPoolExecutor.java:1149)
	at java.util.concurrent.ThreadPoolExecutor$Worker.run(ThreadPoolExecutor.java:624)
	at java.lang.Thread.run(Thread.java:748)
2019-09-17 06:03:55,722 [grpc-default-executor-1] INFO  client.GrpcClientProtocolClient (GrpcClientProtocolClient.java:onNext(264)) - client-BA2506DDDB30->e93b3770-42ff-4133-989c-2c3f555af44b: receive RaftClientReply:client-BA2506DDDB30->e93b3770-42ff-4133-989c-2c3f555af44b@group-3975FA4E760D, cid=140, FAILED org.apache.ratis.protocol.NotLeaderException: Server e93b3770-42ff-4133-989c-2c3f555af44b@group-3975FA4E760D is not the leader 7b82b5c3-1af5-4aef-b0e5-9bbd5ece1c94:192.168.34.7:38196, logIndex=0, commits[e93b3770-42ff-4133-989c-2c3f555af44b:c18, 2a8a7cd7-06bf-4db7-87f4-48062698d858:c13, 7b82b5c3-1af5-4aef-b0e5-9bbd5ece1c94:c18]
2019-09-17 06:03:55,853 [java.util.concurrent.ThreadPoolExecutor$Worker@de36a13[State = -1, empty queue]] WARN  server.GrpcLogAppender (GrpcLogAppender.java:timeoutAppendRequest(200)) - 7b82b5c3-1af5-4aef-b0e5-9bbd5ece1c94@group-3975FA4E760D->2a8a7cd7-06bf-4db7-87f4-48062698d858-GrpcLogAppender: appendEntries Timeout, request=7b82b5c3-1af5-4aef-b0e5-9bbd5ece1c94->2a8a7cd7-06bf-4db7-87f4-48062698d858#193-t3, previous=(t:3, i:24), leaderCommit=18, initializing? false, entries: <empty>
2019-09-17 06:03:55,853 [java.util.concurrent.ThreadPoolExecutor$Worker@40b25a1f[State = -1, empty queue]] WARN  server.GrpcLogAppender (GrpcLogAppender.java:timeoutAppendRequest(200)) - 7b82b5c3-1af5-4aef-b0e5-9bbd5ece1c94@group-3975FA4E760D->e93b3770-42ff-4133-989c-2c3f555af44b-GrpcLogAppender: appendEntries Timeout, request=7b82b5c3-1af5-4aef-b0e5-9bbd5ece1c94->e93b3770-42ff-4133-989c-2c3f555af44b#193-t3, previous=(t:3, i:24), leaderCommit=18, initializing? false, entries: <empty>
2019-09-17 06:03:58,095 [grpc-default-executor-2] INFO  impl.RaftServerProxy (RaftServerProxy.java:remove(95)) - c5233a29-19a6-42e1-869f-0cfd92a1650c: remove group-CBF25E866EAA:null
2019-09-17 06:03:58,099 [RatisPipelineUtilsThread] WARN  pipeline.RatisPipelineUtils (RatisPipelineUtils.java:destroyPipeline(66)) - Pipeline destroy failed for pipeline=PipelineID=28c3b40f-4470-4af7-82e9-cbf25e866eaa dn=c5233a29-19a6-42e1-869f-0cfd92a1650c{ip: 192.168.34.7, host: pr-hdds-2132-5g9kv-3389001449, networkLocation: /default-rack, certSerialId: null}
2019-09-17 06:03:58,102 [grpc-default-executor-2] INFO  impl.RaftServerProxy (RaftServerProxy.java:remove(95)) - 3ec0bce2-5a80-4efc-b2ca-bab81cc18a9f: remove group-CBF25E866EAA:null
2019-09-17 06:03:58,103 [RatisPipelineUtilsThread] WARN  pipeline.RatisPipelineUtils (RatisPipelineUtils.java:destroyPipeline(66)) - Pipeline destroy failed for pipeline=PipelineID=28c3b40f-4470-4af7-82e9-cbf25e866eaa dn=3ec0bce2-5a80-4efc-b2ca-bab81cc18a9f{ip: 192.168.34.7, host: pr-hdds-2132-5g9kv-3389001449, networkLocation: /default-rack, certSerialId: null}
2019-09-17 06:03:58,105 [grpc-default-executor-2] INFO  impl.RaftServerProxy (RaftServerProxy.java:remove(95)) - f6013552-a382-44c6-bdc3-8253bd9e054c: remove group-CBF25E866EAA:null
2019-09-17 06:03:58,107 [RatisPipelineUtilsThread] WARN  pipeline.RatisPipelineUtils (RatisPipelineUtils.java:destroyPipeline(66)) - Pipeline destroy failed for pipeline=PipelineID=28c3b40f-4470-4af7-82e9-cbf25e866eaa dn=f6013552-a382-44c6-bdc3-8253bd9e054c{ip: 192.168.34.7, host: pr-hdds-2132-5g9kv-3389001449, networkLocation: /default-rack, certSerialId: null}
2019-09-17 06:03:58,108 [RatisPipelineUtilsThread] ERROR pipeline.SCMPipelineManager (Scheduler.java:lambda$schedule$1(70)) - Destroy pipeline failed for pipeline:Pipeline[ Id: 28c3b40f-4470-4af7-82e9-cbf25e866eaa, Nodes: c5233a29-19a6-42e1-869f-0cfd92a1650c{ip: 192.168.34.7, host: pr-hdds-2132-5g9kv-3389001449, networkLocation: /default-rack, certSerialId: null}3ec0bce2-5a80-4efc-b2ca-bab81cc18a9f{ip: 192.168.34.7, host: pr-hdds-2132-5g9kv-3389001449, networkLocation: /default-rack, certSerialId: null}f6013552-a382-44c6-bdc3-8253bd9e054c{ip: 192.168.34.7, host: pr-hdds-2132-5g9kv-3389001449, networkLocation: /default-rack, certSerialId: null}, Type:RATIS, Factor:THREE, State:CLOSED]
org.apache.hadoop.hdds.scm.pipeline.PipelineNotFoundException: PipelineID=28c3b40f-4470-4af7-82e9-cbf25e866eaa not found
	at org.apache.hadoop.hdds.scm.pipeline.PipelineStateMap.getPipeline(PipelineStateMap.java:132)
	at org.apache.hadoop.hdds.scm.pipeline.PipelineStateMap.removePipeline(PipelineStateMap.java:322)
	at org.apache.hadoop.hdds.scm.pipeline.PipelineStateManager.removePipeline(PipelineStateManager.java:107)
	at org.apache.hadoop.hdds.scm.pipeline.SCMPipelineManager.removePipeline(SCMPipelineManager.java:423)
	at org.apache.hadoop.hdds.scm.pipeline.SCMPipelineManager.destroyPipeline(SCMPipelineManager.java:409)
	at org.apache.hadoop.hdds.scm.pipeline.SCMPipelineManager.lambda$finalizeAndDestroyPipeline$0(SCMPipelineManager.java:318)
	at org.apache.hadoop.utils.Scheduler.lambda$schedule$1(Scheduler.java:68)
	at java.util.concurrent.Executors$RunnableAdapter.call(Executors.java:511)
	at java.util.concurrent.FutureTask.run(FutureTask.java:266)
	at java.util.concurrent.ScheduledThreadPoolExecutor$ScheduledFutureTask.access$201(ScheduledThreadPoolExecutor.java:180)
	at java.util.concurrent.ScheduledThreadPoolExecutor$ScheduledFutureTask.run(ScheduledThreadPoolExecutor.java:293)
	at java.util.concurrent.ThreadPoolExecutor.runWorker(ThreadPoolExecutor.java:1149)
	at java.util.concurrent.ThreadPoolExecutor$Worker.run(ThreadPoolExecutor.java:624)
	at java.lang.Thread.run(Thread.java:748)
2019-09-17 06:03:58,353 [java.util.concurrent.ThreadPoolExecutor$Worker@de36a13[State = -1, empty queue]] WARN  server.GrpcLogAppender (GrpcLogAppender.java:timeoutAppendRequest(200)) - 7b82b5c3-1af5-4aef-b0e5-9bbd5ece1c94@group-3975FA4E760D->2a8a7cd7-06bf-4db7-87f4-48062698d858-GrpcLogAppender: appendEntries Timeout, request=7b82b5c3-1af5-4aef-b0e5-9bbd5ece1c94->2a8a7cd7-06bf-4db7-87f4-48062698d858#194-t3, previous=(t:3, i:24), leaderCommit=18, initializing? false, entries: <empty>
2019-09-17 06:03:58,354 [java.util.concurrent.ThreadPoolExecutor$Worker@40b25a1f[State = -1, empty queue]] WARN  server.GrpcLogAppender (GrpcLogAppender.java:timeoutAppendRequest(200)) - 7b82b5c3-1af5-4aef-b0e5-9bbd5ece1c94@group-3975FA4E760D->e93b3770-42ff-4133-989c-2c3f555af44b-GrpcLogAppender: appendEntries Timeout, request=7b82b5c3-1af5-4aef-b0e5-9bbd5ece1c94->e93b3770-42ff-4133-989c-2c3f555af44b#194-t3, previous=(t:3, i:24), leaderCommit=18, initializing? false, entries: <empty>
2019-09-17 06:04:00,093 [grpc-default-executor-2] INFO  impl.RaftServerProxy (RaftServerProxy.java:remove(95)) - c5233a29-19a6-42e1-869f-0cfd92a1650c: remove group-CBF25E866EAA:null
2019-09-17 06:04:00,096 [RatisPipelineUtilsThread] WARN  pipeline.RatisPipelineUtils (RatisPipelineUtils.java:destroyPipeline(66)) - Pipeline destroy failed for pipeline=PipelineID=28c3b40f-4470-4af7-82e9-cbf25e866eaa dn=c5233a29-19a6-42e1-869f-0cfd92a1650c{ip: 192.168.34.7, host: pr-hdds-2132-5g9kv-3389001449, networkLocation: /default-rack, certSerialId: null}
2019-09-17 06:04:00,099 [grpc-default-executor-2] INFO  impl.RaftServerProxy (RaftServerProxy.java:remove(95)) - 3ec0bce2-5a80-4efc-b2ca-bab81cc18a9f: remove group-CBF25E866EAA:null
2019-09-17 06:04:00,101 [RatisPipelineUtilsThread] WARN  pipeline.RatisPipelineUtils (RatisPipelineUtils.java:destroyPipeline(66)) - Pipeline destroy failed for pipeline=PipelineID=28c3b40f-4470-4af7-82e9-cbf25e866eaa dn=3ec0bce2-5a80-4efc-b2ca-bab81cc18a9f{ip: 192.168.34.7, host: pr-hdds-2132-5g9kv-3389001449, networkLocation: /default-rack, certSerialId: null}
2019-09-17 06:04:00,104 [grpc-default-executor-2] INFO  impl.RaftServerProxy (RaftServerProxy.java:remove(95)) - f6013552-a382-44c6-bdc3-8253bd9e054c: remove group-CBF25E866EAA:null
2019-09-17 06:04:00,106 [RatisPipelineUtilsThread] WARN  pipeline.RatisPipelineUtils (RatisPipelineUtils.java:destroyPipeline(66)) - Pipeline destroy failed for pipeline=PipelineID=28c3b40f-4470-4af7-82e9-cbf25e866eaa dn=f6013552-a382-44c6-bdc3-8253bd9e054c{ip: 192.168.34.7, host: pr-hdds-2132-5g9kv-3389001449, networkLocation: /default-rack, certSerialId: null}
2019-09-17 06:04:00,106 [RatisPipelineUtilsThread] ERROR pipeline.SCMPipelineManager (Scheduler.java:lambda$schedule$1(70)) - Destroy pipeline failed for pipeline:Pipeline[ Id: 28c3b40f-4470-4af7-82e9-cbf25e866eaa, Nodes: c5233a29-19a6-42e1-869f-0cfd92a1650c{ip: 192.168.34.7, host: pr-hdds-2132-5g9kv-3389001449, networkLocation: /default-rack, certSerialId: null}3ec0bce2-5a80-4efc-b2ca-bab81cc18a9f{ip: 192.168.34.7, host: pr-hdds-2132-5g9kv-3389001449, networkLocation: /default-rack, certSerialId: null}f6013552-a382-44c6-bdc3-8253bd9e054c{ip: 192.168.34.7, host: pr-hdds-2132-5g9kv-3389001449, networkLocation: /default-rack, certSerialId: null}, Type:RATIS, Factor:THREE, State:CLOSED]
org.apache.hadoop.hdds.scm.pipeline.PipelineNotFoundException: PipelineID=28c3b40f-4470-4af7-82e9-cbf25e866eaa not found
	at org.apache.hadoop.hdds.scm.pipeline.PipelineStateMap.getPipeline(PipelineStateMap.java:132)
	at org.apache.hadoop.hdds.scm.pipeline.PipelineStateMap.removePipeline(PipelineStateMap.java:322)
	at org.apache.hadoop.hdds.scm.pipeline.PipelineStateManager.removePipeline(PipelineStateManager.java:107)
	at org.apache.hadoop.hdds.scm.pipeline.SCMPipelineManager.removePipeline(SCMPipelineManager.java:423)
	at org.apache.hadoop.hdds.scm.pipeline.SCMPipelineManager.destroyPipeline(SCMPipelineManager.java:409)
	at org.apache.hadoop.hdds.scm.pipeline.SCMPipelineManager.lambda$finalizeAndDestroyPipeline$0(SCMPipelineManager.java:318)
	at org.apache.hadoop.utils.Scheduler.lambda$schedule$1(Scheduler.java:68)
	at java.util.concurrent.Executors$RunnableAdapter.call(Executors.java:511)
	at java.util.concurrent.FutureTask.run(FutureTask.java:266)
	at java.util.concurrent.ScheduledThreadPoolExecutor$ScheduledFutureTask.access$201(ScheduledThreadPoolExecutor.java:180)
	at java.util.concurrent.ScheduledThreadPoolExecutor$ScheduledFutureTask.run(ScheduledThreadPoolExecutor.java:293)
	at java.util.concurrent.ThreadPoolExecutor.runWorker(ThreadPoolExecutor.java:1149)
	at java.util.concurrent.ThreadPoolExecutor$Worker.run(ThreadPoolExecutor.java:624)
	at java.lang.Thread.run(Thread.java:748)
2019-09-17 06:04:00,348 [2a8a7cd7-06bf-4db7-87f4-48062698d858@group-3975FA4E760D-SegmentedRaftLogWorker] WARN  segmented.SegmentedRaftLogWorker (SegmentedRaftLogWorker.java:getFromFuture(90)) - Timeout 4/~
org.apache.ratis.protocol.TimeoutIOException: Timeout 10s: WriteLog:19: (t:3, i:19), STATEMACHINELOGENTRY, client-BA2506DDDB30, cid=140-writeStateMachineData
	at org.apache.ratis.util.IOUtils.getFromFuture(IOUtils.java:87)
	at org.apache.ratis.server.raftlog.segmented.SegmentedRaftLogWorker$StateMachineDataPolicy.getFromFuture(SegmentedRaftLogWorker.java:87)
	at org.apache.ratis.server.raftlog.segmented.SegmentedRaftLogWorker$WriteLog.execute(SegmentedRaftLogWorker.java:477)
	at org.apache.ratis.server.raftlog.segmented.SegmentedRaftLogWorker.run(SegmentedRaftLogWorker.java:289)
	at java.lang.Thread.run(Thread.java:748)
Caused by: java.util.concurrent.TimeoutException
	at java.util.concurrent.CompletableFuture.timedGet(CompletableFuture.java:1771)
	at java.util.concurrent.CompletableFuture.get(CompletableFuture.java:1915)
	at org.apache.ratis.util.IOUtils.getFromFuture(IOUtils.java:79)
	... 4 more
2019-09-17 06:04:00,435 [e93b3770-42ff-4133-989c-2c3f555af44b@group-3975FA4E760D-SegmentedRaftLogWorker] WARN  segmented.SegmentedRaftLogWorker (SegmentedRaftLogWorker.java:getFromFuture(90)) - Timeout 4/~
org.apache.ratis.protocol.TimeoutIOException: Timeout 10s: WriteLog:20: (t:3, i:20), STATEMACHINELOGENTRY, client-BA2506DDDB30, cid=141-writeStateMachineData
	at org.apache.ratis.util.IOUtils.getFromFuture(IOUtils.java:87)
	at org.apache.ratis.server.raftlog.segmented.SegmentedRaftLogWorker$StateMachineDataPolicy.getFromFuture(SegmentedRaftLogWorker.java:87)
	at org.apache.ratis.server.raftlog.segmented.SegmentedRaftLogWorker$WriteLog.execute(SegmentedRaftLogWorker.java:477)
	at org.apache.ratis.server.raftlog.segmented.SegmentedRaftLogWorker.run(SegmentedRaftLogWorker.java:289)
	at java.lang.Thread.run(Thread.java:748)
Caused by: java.util.concurrent.TimeoutException
	at java.util.concurrent.CompletableFuture.timedGet(CompletableFuture.java:1771)
	at java.util.concurrent.CompletableFuture.get(CompletableFuture.java:1915)
	at org.apache.ratis.util.IOUtils.getFromFuture(IOUtils.java:79)
	... 4 more
2019-09-17 06:04:00,435 [7b82b5c3-1af5-4aef-b0e5-9bbd5ece1c94@group-3975FA4E760D-SegmentedRaftLogWorker] WARN  segmented.SegmentedRaftLogWorker (SegmentedRaftLogWorker.java:getFromFuture(90)) - Timeout 4/~
org.apache.ratis.protocol.TimeoutIOException: Timeout 10s: WriteLog:20: (t:3, i:20), STATEMACHINELOGENTRY, client-BA2506DDDB30, cid=141-writeStateMachineData
	at org.apache.ratis.util.IOUtils.getFromFuture(IOUtils.java:87)
	at org.apache.ratis.server.raftlog.segmented.SegmentedRaftLogWorker$StateMachineDataPolicy.getFromFuture(SegmentedRaftLogWorker.java:87)
	at org.apache.ratis.server.raftlog.segmented.SegmentedRaftLogWorker$WriteLog.execute(SegmentedRaftLogWorker.java:477)
	at org.apache.ratis.server.raftlog.segmented.SegmentedRaftLogWorker.run(SegmentedRaftLogWorker.java:289)
	at java.lang.Thread.run(Thread.java:748)
Caused by: java.util.concurrent.TimeoutException
	at java.util.concurrent.CompletableFuture.timedGet(CompletableFuture.java:1771)
	at java.util.concurrent.CompletableFuture.get(CompletableFuture.java:1915)
	at org.apache.ratis.util.IOUtils.getFromFuture(IOUtils.java:79)
	... 4 more
2019-09-17 06:04:00,766 [grpc-default-executor-1] INFO  client.GrpcClientProtocolClient (GrpcClientProtocolClient.java:onNext(264)) - client-BA2506DDDB30->2a8a7cd7-06bf-4db7-87f4-48062698d858: receive RaftClientReply:client-BA2506DDDB30->2a8a7cd7-06bf-4db7-87f4-48062698d858@group-3975FA4E760D, cid=140, FAILED org.apache.ratis.protocol.NotLeaderException: Server 2a8a7cd7-06bf-4db7-87f4-48062698d858@group-3975FA4E760D is not the leader 7b82b5c3-1af5-4aef-b0e5-9bbd5ece1c94:192.168.34.7:38196, logIndex=0, commits[2a8a7cd7-06bf-4db7-87f4-48062698d858:c18, 7b82b5c3-1af5-4aef-b0e5-9bbd5ece1c94:c18, e93b3770-42ff-4133-989c-2c3f555af44b:c13]
2019-09-17 06:04:00,853 [java.util.concurrent.ThreadPoolExecutor$Worker@de36a13[State = -1, empty queue]] WARN  server.GrpcLogAppender (GrpcLogAppender.java:timeoutAppendRequest(200)) - 7b82b5c3-1af5-4aef-b0e5-9bbd5ece1c94@group-3975FA4E760D->2a8a7cd7-06bf-4db7-87f4-48062698d858-GrpcLogAppender: appendEntries Timeout, request=7b82b5c3-1af5-4aef-b0e5-9bbd5ece1c94->2a8a7cd7-06bf-4db7-87f4-48062698d858#195-t3, previous=(t:3, i:24), leaderCommit=18, initializing? false, entries: <empty>
2019-09-17 06:04:00,854 [java.util.concurrent.ThreadPoolExecutor$Worker@40b25a1f[State = -1, empty queue]] WARN  server.GrpcLogAppender (GrpcLogAppender.java:timeoutAppendRequest(200)) - 7b82b5c3-1af5-4aef-b0e5-9bbd5ece1c94@group-3975FA4E760D->e93b3770-42ff-4133-989c-2c3f555af44b-GrpcLogAppender: appendEntries Timeout, request=7b82b5c3-1af5-4aef-b0e5-9bbd5ece1c94->e93b3770-42ff-4133-989c-2c3f555af44b#195-t3, previous=(t:3, i:24), leaderCommit=18, initializing? false, entries: <empty>
2019-09-17 06:04:03,097 [grpc-default-executor-2] INFO  impl.RaftServerProxy (RaftServerProxy.java:remove(95)) - c5233a29-19a6-42e1-869f-0cfd92a1650c: remove group-CBF25E866EAA:null
2019-09-17 06:04:03,101 [RatisPipelineUtilsThread] WARN  pipeline.RatisPipelineUtils (RatisPipelineUtils.java:destroyPipeline(66)) - Pipeline destroy failed for pipeline=PipelineID=28c3b40f-4470-4af7-82e9-cbf25e866eaa dn=c5233a29-19a6-42e1-869f-0cfd92a1650c{ip: 192.168.34.7, host: pr-hdds-2132-5g9kv-3389001449, networkLocation: /default-rack, certSerialId: null}
2019-09-17 06:04:03,105 [grpc-default-executor-2] INFO  impl.RaftServerProxy (RaftServerProxy.java:remove(95)) - 3ec0bce2-5a80-4efc-b2ca-bab81cc18a9f: remove group-CBF25E866EAA:null
2019-09-17 06:04:03,106 [RatisPipelineUtilsThread] WARN  pipeline.RatisPipelineUtils (RatisPipelineUtils.java:destroyPipeline(66)) - Pipeline destroy failed for pipeline=PipelineID=28c3b40f-4470-4af7-82e9-cbf25e866eaa dn=3ec0bce2-5a80-4efc-b2ca-bab81cc18a9f{ip: 192.168.34.7, host: pr-hdds-2132-5g9kv-3389001449, networkLocation: /default-rack, certSerialId: null}
2019-09-17 06:04:03,109 [grpc-default-executor-2] INFO  impl.RaftServerProxy (RaftServerProxy.java:remove(95)) - f6013552-a382-44c6-bdc3-8253bd9e054c: remove group-CBF25E866EAA:null
2019-09-17 06:04:03,111 [RatisPipelineUtilsThread] WARN  pipeline.RatisPipelineUtils (RatisPipelineUtils.java:destroyPipeline(66)) - Pipeline destroy failed for pipeline=PipelineID=28c3b40f-4470-4af7-82e9-cbf25e866eaa dn=f6013552-a382-44c6-bdc3-8253bd9e054c{ip: 192.168.34.7, host: pr-hdds-2132-5g9kv-3389001449, networkLocation: /default-rack, certSerialId: null}
2019-09-17 06:04:03,111 [RatisPipelineUtilsThread] ERROR pipeline.SCMPipelineManager (Scheduler.java:lambda$schedule$1(70)) - Destroy pipeline failed for pipeline:Pipeline[ Id: 28c3b40f-4470-4af7-82e9-cbf25e866eaa, Nodes: c5233a29-19a6-42e1-869f-0cfd92a1650c{ip: 192.168.34.7, host: pr-hdds-2132-5g9kv-3389001449, networkLocation: /default-rack, certSerialId: null}3ec0bce2-5a80-4efc-b2ca-bab81cc18a9f{ip: 192.168.34.7, host: pr-hdds-2132-5g9kv-3389001449, networkLocation: /default-rack, certSerialId: null}f6013552-a382-44c6-bdc3-8253bd9e054c{ip: 192.168.34.7, host: pr-hdds-2132-5g9kv-3389001449, networkLocation: /default-rack, certSerialId: null}, Type:RATIS, Factor:THREE, State:CLOSED]
org.apache.hadoop.hdds.scm.pipeline.PipelineNotFoundException: PipelineID=28c3b40f-4470-4af7-82e9-cbf25e866eaa not found
	at org.apache.hadoop.hdds.scm.pipeline.PipelineStateMap.getPipeline(PipelineStateMap.java:132)
	at org.apache.hadoop.hdds.scm.pipeline.PipelineStateMap.removePipeline(PipelineStateMap.java:322)
	at org.apache.hadoop.hdds.scm.pipeline.PipelineStateManager.removePipeline(PipelineStateManager.java:107)
	at org.apache.hadoop.hdds.scm.pipeline.SCMPipelineManager.removePipeline(SCMPipelineManager.java:423)
	at org.apache.hadoop.hdds.scm.pipeline.SCMPipelineManager.destroyPipeline(SCMPipelineManager.java:409)
	at org.apache.hadoop.hdds.scm.pipeline.SCMPipelineManager.lambda$finalizeAndDestroyPipeline$0(SCMPipelineManager.java:318)
	at org.apache.hadoop.utils.Scheduler.lambda$schedule$1(Scheduler.java:68)
	at java.util.concurrent.Executors$RunnableAdapter.call(Executors.java:511)
	at java.util.concurrent.FutureTask.run(FutureTask.java:266)
	at java.util.concurrent.ScheduledThreadPoolExecutor$ScheduledFutureTask.access$201(ScheduledThreadPoolExecutor.java:180)
	at java.util.concurrent.ScheduledThreadPoolExecutor$ScheduledFutureTask.run(ScheduledThreadPoolExecutor.java:293)
	at java.util.concurrent.ThreadPoolExecutor.runWorker(ThreadPoolExecutor.java:1149)
	at java.util.concurrent.ThreadPoolExecutor$Worker.run(ThreadPoolExecutor.java:624)
	at java.lang.Thread.run(Thread.java:748)
2019-09-17 06:04:03,354 [java.util.concurrent.ThreadPoolExecutor$Worker@de36a13[State = -1, empty queue]] WARN  server.GrpcLogAppender (GrpcLogAppender.java:timeoutAppendRequest(200)) - 7b82b5c3-1af5-4aef-b0e5-9bbd5ece1c94@group-3975FA4E760D->2a8a7cd7-06bf-4db7-87f4-48062698d858-GrpcLogAppender: appendEntries Timeout, request=7b82b5c3-1af5-4aef-b0e5-9bbd5ece1c94->2a8a7cd7-06bf-4db7-87f4-48062698d858#196-t3, previous=(t:3, i:24), leaderCommit=18, initializing? false, entries: <empty>
2019-09-17 06:04:03,354 [java.util.concurrent.ThreadPoolExecutor$Worker@40b25a1f[State = -1, empty queue]] WARN  server.GrpcLogAppender (GrpcLogAppender.java:timeoutAppendRequest(200)) - 7b82b5c3-1af5-4aef-b0e5-9bbd5ece1c94@group-3975FA4E760D->e93b3770-42ff-4133-989c-2c3f555af44b-GrpcLogAppender: appendEntries Timeout, request=7b82b5c3-1af5-4aef-b0e5-9bbd5ece1c94->e93b3770-42ff-4133-989c-2c3f555af44b#196-t3, previous=(t:3, i:24), leaderCommit=18, initializing? false, entries: <empty>
2019-09-17 06:04:05,092 [grpc-default-executor-2] INFO  impl.RaftServerProxy (RaftServerProxy.java:remove(95)) - c5233a29-19a6-42e1-869f-0cfd92a1650c: remove group-CBF25E866EAA:null
2019-09-17 06:04:05,095 [RatisPipelineUtilsThread] WARN  pipeline.RatisPipelineUtils (RatisPipelineUtils.java:destroyPipeline(66)) - Pipeline destroy failed for pipeline=PipelineID=28c3b40f-4470-4af7-82e9-cbf25e866eaa dn=c5233a29-19a6-42e1-869f-0cfd92a1650c{ip: 192.168.34.7, host: pr-hdds-2132-5g9kv-3389001449, networkLocation: /default-rack, certSerialId: null}
2019-09-17 06:04:05,098 [grpc-default-executor-2] INFO  impl.RaftServerProxy (RaftServerProxy.java:remove(95)) - 3ec0bce2-5a80-4efc-b2ca-bab81cc18a9f: remove group-CBF25E866EAA:null
2019-09-17 06:04:05,100 [RatisPipelineUtilsThread] WARN  pipeline.RatisPipelineUtils (RatisPipelineUtils.java:destroyPipeline(66)) - Pipeline destroy failed for pipeline=PipelineID=28c3b40f-4470-4af7-82e9-cbf25e866eaa dn=3ec0bce2-5a80-4efc-b2ca-bab81cc18a9f{ip: 192.168.34.7, host: pr-hdds-2132-5g9kv-3389001449, networkLocation: /default-rack, certSerialId: null}
2019-09-17 06:04:05,102 [grpc-default-executor-2] INFO  impl.RaftServerProxy (RaftServerProxy.java:remove(95)) - f6013552-a382-44c6-bdc3-8253bd9e054c: remove group-CBF25E866EAA:null
2019-09-17 06:04:05,104 [RatisPipelineUtilsThread] WARN  pipeline.RatisPipelineUtils (RatisPipelineUtils.java:destroyPipeline(66)) - Pipeline destroy failed for pipeline=PipelineID=28c3b40f-4470-4af7-82e9-cbf25e866eaa dn=f6013552-a382-44c6-bdc3-8253bd9e054c{ip: 192.168.34.7, host: pr-hdds-2132-5g9kv-3389001449, networkLocation: /default-rack, certSerialId: null}
2019-09-17 06:04:05,104 [RatisPipelineUtilsThread] ERROR pipeline.SCMPipelineManager (Scheduler.java:lambda$schedule$1(70)) - Destroy pipeline failed for pipeline:Pipeline[ Id: 28c3b40f-4470-4af7-82e9-cbf25e866eaa, Nodes: c5233a29-19a6-42e1-869f-0cfd92a1650c{ip: 192.168.34.7, host: pr-hdds-2132-5g9kv-3389001449, networkLocation: /default-rack, certSerialId: null}3ec0bce2-5a80-4efc-b2ca-bab81cc18a9f{ip: 192.168.34.7, host: pr-hdds-2132-5g9kv-3389001449, networkLocation: /default-rack, certSerialId: null}f6013552-a382-44c6-bdc3-8253bd9e054c{ip: 192.168.34.7, host: pr-hdds-2132-5g9kv-3389001449, networkLocation: /default-rack, certSerialId: null}, Type:RATIS, Factor:THREE, State:CLOSED]
org.apache.hadoop.hdds.scm.pipeline.PipelineNotFoundException: PipelineID=28c3b40f-4470-4af7-82e9-cbf25e866eaa not found
	at org.apache.hadoop.hdds.scm.pipeline.PipelineStateMap.getPipeline(PipelineStateMap.java:132)
	at org.apache.hadoop.hdds.scm.pipeline.PipelineStateMap.removePipeline(PipelineStateMap.java:322)
	at org.apache.hadoop.hdds.scm.pipeline.PipelineStateManager.removePipeline(PipelineStateManager.java:107)
	at org.apache.hadoop.hdds.scm.pipeline.SCMPipelineManager.removePipeline(SCMPipelineManager.java:423)
	at org.apache.hadoop.hdds.scm.pipeline.SCMPipelineManager.destroyPipeline(SCMPipelineManager.java:409)
	at org.apache.hadoop.hdds.scm.pipeline.SCMPipelineManager.lambda$finalizeAndDestroyPipeline$0(SCMPipelineManager.java:318)
	at org.apache.hadoop.utils.Scheduler.lambda$schedule$1(Scheduler.java:68)
	at java.util.concurrent.Executors$RunnableAdapter.call(Executors.java:511)
	at java.util.concurrent.FutureTask.run(FutureTask.java:266)
	at java.util.concurrent.ScheduledThreadPoolExecutor$ScheduledFutureTask.access$201(ScheduledThreadPoolExecutor.java:180)
	at java.util.concurrent.ScheduledThreadPoolExecutor$ScheduledFutureTask.run(ScheduledThreadPoolExecutor.java:293)
	at java.util.concurrent.ThreadPoolExecutor.runWorker(ThreadPoolExecutor.java:1149)
	at java.util.concurrent.ThreadPoolExecutor$Worker.run(ThreadPoolExecutor.java:624)
	at java.lang.Thread.run(Thread.java:748)
2019-09-17 06:04:05,803 [grpc-default-executor-1] INFO  client.GrpcClientProtocolClient (GrpcClientProtocolClient.java:onNext(264)) - client-BA2506DDDB30->e93b3770-42ff-4133-989c-2c3f555af44b: receive RaftClientReply:client-BA2506DDDB30->e93b3770-42ff-4133-989c-2c3f555af44b@group-3975FA4E760D, cid=140, FAILED org.apache.ratis.protocol.NotLeaderException: Server e93b3770-42ff-4133-989c-2c3f555af44b@group-3975FA4E760D is not the leader 7b82b5c3-1af5-4aef-b0e5-9bbd5ece1c94:192.168.34.7:38196, logIndex=0, commits[e93b3770-42ff-4133-989c-2c3f555af44b:c18, 2a8a7cd7-06bf-4db7-87f4-48062698d858:c13, 7b82b5c3-1af5-4aef-b0e5-9bbd5ece1c94:c18]
2019-09-17 06:04:05,854 [java.util.concurrent.ThreadPoolExecutor$Worker@40b25a1f[State = -1, empty queue]] WARN  server.GrpcLogAppender (GrpcLogAppender.java:timeoutAppendRequest(200)) - 7b82b5c3-1af5-4aef-b0e5-9bbd5ece1c94@group-3975FA4E760D->e93b3770-42ff-4133-989c-2c3f555af44b-GrpcLogAppender: appendEntries Timeout, request=7b82b5c3-1af5-4aef-b0e5-9bbd5ece1c94->e93b3770-42ff-4133-989c-2c3f555af44b#197-t3, previous=(t:3, i:24), leaderCommit=18, initializing? false, entries: <empty>
2019-09-17 06:04:05,854 [java.util.concurrent.ThreadPoolExecutor$Worker@de36a13[State = -1, empty queue]] WARN  server.GrpcLogAppender (GrpcLogAppender.java:timeoutAppendRequest(200)) - 7b82b5c3-1af5-4aef-b0e5-9bbd5ece1c94@group-3975FA4E760D->2a8a7cd7-06bf-4db7-87f4-48062698d858-GrpcLogAppender: appendEntries Timeout, request=7b82b5c3-1af5-4aef-b0e5-9bbd5ece1c94->2a8a7cd7-06bf-4db7-87f4-48062698d858#197-t3, previous=(t:3, i:24), leaderCommit=18, initializing? false, entries: <empty>
2019-09-17 06:04:08,092 [grpc-default-executor-1] INFO  impl.RaftServerProxy (RaftServerProxy.java:remove(95)) - c5233a29-19a6-42e1-869f-0cfd92a1650c: remove group-CBF25E866EAA:null
2019-09-17 06:04:08,094 [RatisPipelineUtilsThread] WARN  pipeline.RatisPipelineUtils (RatisPipelineUtils.java:destroyPipeline(66)) - Pipeline destroy failed for pipeline=PipelineID=28c3b40f-4470-4af7-82e9-cbf25e866eaa dn=c5233a29-19a6-42e1-869f-0cfd92a1650c{ip: 192.168.34.7, host: pr-hdds-2132-5g9kv-3389001449, networkLocation: /default-rack, certSerialId: null}
2019-09-17 06:04:08,097 [grpc-default-executor-1] INFO  impl.RaftServerProxy (RaftServerProxy.java:remove(95)) - 3ec0bce2-5a80-4efc-b2ca-bab81cc18a9f: remove group-CBF25E866EAA:null
2019-09-17 06:04:08,099 [RatisPipelineUtilsThread] WARN  pipeline.RatisPipelineUtils (RatisPipelineUtils.java:destroyPipeline(66)) - Pipeline destroy failed for pipeline=PipelineID=28c3b40f-4470-4af7-82e9-cbf25e866eaa dn=3ec0bce2-5a80-4efc-b2ca-bab81cc18a9f{ip: 192.168.34.7, host: pr-hdds-2132-5g9kv-3389001449, networkLocation: /default-rack, certSerialId: null}
2019-09-17 06:04:08,102 [grpc-default-executor-1] INFO  impl.RaftServerProxy (RaftServerProxy.java:remove(95)) - f6013552-a382-44c6-bdc3-8253bd9e054c: remove group-CBF25E866EAA:null
2019-09-17 06:04:08,104 [RatisPipelineUtilsThread] WARN  pipeline.RatisPipelineUtils (RatisPipelineUtils.java:destroyPipeline(66)) - Pipeline destroy failed for pipeline=PipelineID=28c3b40f-4470-4af7-82e9-cbf25e866eaa dn=f6013552-a382-44c6-bdc3-8253bd9e054c{ip: 192.168.34.7, host: pr-hdds-2132-5g9kv-3389001449, networkLocation: /default-rack, certSerialId: null}
2019-09-17 06:04:08,105 [RatisPipelineUtilsThread] ERROR pipeline.SCMPipelineManager (Scheduler.java:lambda$schedule$1(70)) - Destroy pipeline failed for pipeline:Pipeline[ Id: 28c3b40f-4470-4af7-82e9-cbf25e866eaa, Nodes: c5233a29-19a6-42e1-869f-0cfd92a1650c{ip: 192.168.34.7, host: pr-hdds-2132-5g9kv-3389001449, networkLocation: /default-rack, certSerialId: null}3ec0bce2-5a80-4efc-b2ca-bab81cc18a9f{ip: 192.168.34.7, host: pr-hdds-2132-5g9kv-3389001449, networkLocation: /default-rack, certSerialId: null}f6013552-a382-44c6-bdc3-8253bd9e054c{ip: 192.168.34.7, host: pr-hdds-2132-5g9kv-3389001449, networkLocation: /default-rack, certSerialId: null}, Type:RATIS, Factor:THREE, State:CLOSED]
org.apache.hadoop.hdds.scm.pipeline.PipelineNotFoundException: PipelineID=28c3b40f-4470-4af7-82e9-cbf25e866eaa not found
	at org.apache.hadoop.hdds.scm.pipeline.PipelineStateMap.getPipeline(PipelineStateMap.java:132)
	at org.apache.hadoop.hdds.scm.pipeline.PipelineStateMap.removePipeline(PipelineStateMap.java:322)
	at org.apache.hadoop.hdds.scm.pipeline.PipelineStateManager.removePipeline(PipelineStateManager.java:107)
	at org.apache.hadoop.hdds.scm.pipeline.SCMPipelineManager.removePipeline(SCMPipelineManager.java:423)
	at org.apache.hadoop.hdds.scm.pipeline.SCMPipelineManager.destroyPipeline(SCMPipelineManager.java:409)
	at org.apache.hadoop.hdds.scm.pipeline.SCMPipelineManager.lambda$finalizeAndDestroyPipeline$0(SCMPipelineManager.java:318)
	at org.apache.hadoop.utils.Scheduler.lambda$schedule$1(Scheduler.java:68)
	at java.util.concurrent.Executors$RunnableAdapter.call(Executors.java:511)
	at java.util.concurrent.FutureTask.run(FutureTask.java:266)
	at java.util.concurrent.ScheduledThreadPoolExecutor$ScheduledFutureTask.access$201(ScheduledThreadPoolExecutor.java:180)
	at java.util.concurrent.ScheduledThreadPoolExecutor$ScheduledFutureTask.run(ScheduledThreadPoolExecutor.java:293)
	at java.util.concurrent.ThreadPoolExecutor.runWorker(ThreadPoolExecutor.java:1149)
	at java.util.concurrent.ThreadPoolExecutor$Worker.run(ThreadPoolExecutor.java:624)
	at java.lang.Thread.run(Thread.java:748)
2019-09-17 06:04:08,354 [java.util.concurrent.ThreadPoolExecutor$Worker@40b25a1f[State = -1, empty queue]] WARN  server.GrpcLogAppender (GrpcLogAppender.java:timeoutAppendRequest(200)) - 7b82b5c3-1af5-4aef-b0e5-9bbd5ece1c94@group-3975FA4E760D->e93b3770-42ff-4133-989c-2c3f555af44b-GrpcLogAppender: appendEntries Timeout, request=7b82b5c3-1af5-4aef-b0e5-9bbd5ece1c94->e93b3770-42ff-4133-989c-2c3f555af44b#198-t3, previous=(t:3, i:24), leaderCommit=18, initializing? false, entries: <empty>
2019-09-17 06:04:08,354 [java.util.concurrent.ThreadPoolExecutor$Worker@de36a13[State = -1, empty queue]] WARN  server.GrpcLogAppender (GrpcLogAppender.java:timeoutAppendRequest(200)) - 7b82b5c3-1af5-4aef-b0e5-9bbd5ece1c94@group-3975FA4E760D->2a8a7cd7-06bf-4db7-87f4-48062698d858-GrpcLogAppender: appendEntries Timeout, request=7b82b5c3-1af5-4aef-b0e5-9bbd5ece1c94->2a8a7cd7-06bf-4db7-87f4-48062698d858#198-t3, previous=(t:3, i:24), leaderCommit=18, initializing? false, entries: <empty>
2019-09-17 06:04:10,092 [grpc-default-executor-1] INFO  impl.RaftServerProxy (RaftServerProxy.java:remove(95)) - c5233a29-19a6-42e1-869f-0cfd92a1650c: remove group-CBF25E866EAA:null
2019-09-17 06:04:10,095 [RatisPipelineUtilsThread] WARN  pipeline.RatisPipelineUtils (RatisPipelineUtils.java:destroyPipeline(66)) - Pipeline destroy failed for pipeline=PipelineID=28c3b40f-4470-4af7-82e9-cbf25e866eaa dn=c5233a29-19a6-42e1-869f-0cfd92a1650c{ip: 192.168.34.7, host: pr-hdds-2132-5g9kv-3389001449, networkLocation: /default-rack, certSerialId: null}
2019-09-17 06:04:10,098 [grpc-default-executor-1] INFO  impl.RaftServerProxy (RaftServerProxy.java:remove(95)) - 3ec0bce2-5a80-4efc-b2ca-bab81cc18a9f: remove group-CBF25E866EAA:null
2019-09-17 06:04:10,100 [RatisPipelineUtilsThread] WARN  pipeline.RatisPipelineUtils (RatisPipelineUtils.java:destroyPipeline(66)) - Pipeline destroy failed for pipeline=PipelineID=28c3b40f-4470-4af7-82e9-cbf25e866eaa dn=3ec0bce2-5a80-4efc-b2ca-bab81cc18a9f{ip: 192.168.34.7, host: pr-hdds-2132-5g9kv-3389001449, networkLocation: /default-rack, certSerialId: null}
2019-09-17 06:04:10,103 [grpc-default-executor-1] INFO  impl.RaftServerProxy (RaftServerProxy.java:remove(95)) - f6013552-a382-44c6-bdc3-8253bd9e054c: remove group-CBF25E866EAA:null
2019-09-17 06:04:10,105 [RatisPipelineUtilsThread] WARN  pipeline.RatisPipelineUtils (RatisPipelineUtils.java:destroyPipeline(66)) - Pipeline destroy failed for pipeline=PipelineID=28c3b40f-4470-4af7-82e9-cbf25e866eaa dn=f6013552-a382-44c6-bdc3-8253bd9e054c{ip: 192.168.34.7, host: pr-hdds-2132-5g9kv-3389001449, networkLocation: /default-rack, certSerialId: null}
2019-09-17 06:04:10,105 [RatisPipelineUtilsThread] ERROR pipeline.SCMPipelineManager (Scheduler.java:lambda$schedule$1(70)) - Destroy pipeline failed for pipeline:Pipeline[ Id: 28c3b40f-4470-4af7-82e9-cbf25e866eaa, Nodes: c5233a29-19a6-42e1-869f-0cfd92a1650c{ip: 192.168.34.7, host: pr-hdds-2132-5g9kv-3389001449, networkLocation: /default-rack, certSerialId: null}3ec0bce2-5a80-4efc-b2ca-bab81cc18a9f{ip: 192.168.34.7, host: pr-hdds-2132-5g9kv-3389001449, networkLocation: /default-rack, certSerialId: null}f6013552-a382-44c6-bdc3-8253bd9e054c{ip: 192.168.34.7, host: pr-hdds-2132-5g9kv-3389001449, networkLocation: /default-rack, certSerialId: null}, Type:RATIS, Factor:THREE, State:CLOSED]
org.apache.hadoop.hdds.scm.pipeline.PipelineNotFoundException: PipelineID=28c3b40f-4470-4af7-82e9-cbf25e866eaa not found
	at org.apache.hadoop.hdds.scm.pipeline.PipelineStateMap.getPipeline(PipelineStateMap.java:132)
	at org.apache.hadoop.hdds.scm.pipeline.PipelineStateMap.removePipeline(PipelineStateMap.java:322)
	at org.apache.hadoop.hdds.scm.pipeline.PipelineStateManager.removePipeline(PipelineStateManager.java:107)
	at org.apache.hadoop.hdds.scm.pipeline.SCMPipelineManager.removePipeline(SCMPipelineManager.java:423)
	at org.apache.hadoop.hdds.scm.pipeline.SCMPipelineManager.destroyPipeline(SCMPipelineManager.java:409)
	at org.apache.hadoop.hdds.scm.pipeline.SCMPipelineManager.lambda$finalizeAndDestroyPipeline$0(SCMPipelineManager.java:318)
	at org.apache.hadoop.utils.Scheduler.lambda$schedule$1(Scheduler.java:68)
	at java.util.concurrent.Executors$RunnableAdapter.call(Executors.java:511)
	at java.util.concurrent.FutureTask.run(FutureTask.java:266)
	at java.util.concurrent.ScheduledThreadPoolExecutor$ScheduledFutureTask.access$201(ScheduledThreadPoolExecutor.java:180)
	at java.util.concurrent.ScheduledThreadPoolExecutor$ScheduledFutureTask.run(ScheduledThreadPoolExecutor.java:293)
	at java.util.concurrent.ThreadPoolExecutor.runWorker(ThreadPoolExecutor.java:1149)
	at java.util.concurrent.ThreadPoolExecutor$Worker.run(ThreadPoolExecutor.java:624)
	at java.lang.Thread.run(Thread.java:748)
2019-09-17 06:04:10,349 [2a8a7cd7-06bf-4db7-87f4-48062698d858@group-3975FA4E760D-SegmentedRaftLogWorker] WARN  segmented.SegmentedRaftLogWorker (SegmentedRaftLogWorker.java:getFromFuture(90)) - Timeout 5/~
org.apache.ratis.protocol.TimeoutIOException: Timeout 10s: WriteLog:19: (t:3, i:19), STATEMACHINELOGENTRY, client-BA2506DDDB30, cid=140-writeStateMachineData
	at org.apache.ratis.util.IOUtils.getFromFuture(IOUtils.java:87)
	at org.apache.ratis.server.raftlog.segmented.SegmentedRaftLogWorker$StateMachineDataPolicy.getFromFuture(SegmentedRaftLogWorker.java:87)
	at org.apache.ratis.server.raftlog.segmented.SegmentedRaftLogWorker$WriteLog.execute(SegmentedRaftLogWorker.java:477)
	at org.apache.ratis.server.raftlog.segmented.SegmentedRaftLogWorker.run(SegmentedRaftLogWorker.java:289)
	at java.lang.Thread.run(Thread.java:748)
Caused by: java.util.concurrent.TimeoutException
	at java.util.concurrent.CompletableFuture.timedGet(CompletableFuture.java:1771)
	at java.util.concurrent.CompletableFuture.get(CompletableFuture.java:1915)
	at org.apache.ratis.util.IOUtils.getFromFuture(IOUtils.java:79)
	... 4 more
2019-09-17 06:04:10,435 [e93b3770-42ff-4133-989c-2c3f555af44b@group-3975FA4E760D-SegmentedRaftLogWorker] WARN  segmented.SegmentedRaftLogWorker (SegmentedRaftLogWorker.java:getFromFuture(90)) - Timeout 5/~
org.apache.ratis.protocol.TimeoutIOException: Timeout 10s: WriteLog:20: (t:3, i:20), STATEMACHINELOGENTRY, client-BA2506DDDB30, cid=141-writeStateMachineData
	at org.apache.ratis.util.IOUtils.getFromFuture(IOUtils.java:87)
	at org.apache.ratis.server.raftlog.segmented.SegmentedRaftLogWorker$StateMachineDataPolicy.getFromFuture(SegmentedRaftLogWorker.java:87)
	at org.apache.ratis.server.raftlog.segmented.SegmentedRaftLogWorker$WriteLog.execute(SegmentedRaftLogWorker.java:477)
	at org.apache.ratis.server.raftlog.segmented.SegmentedRaftLogWorker.run(SegmentedRaftLogWorker.java:289)
	at java.lang.Thread.run(Thread.java:748)
Caused by: java.util.concurrent.TimeoutException
	at java.util.concurrent.CompletableFuture.timedGet(CompletableFuture.java:1771)
	at java.util.concurrent.CompletableFuture.get(CompletableFuture.java:1915)
	at org.apache.ratis.util.IOUtils.getFromFuture(IOUtils.java:79)
	... 4 more
2019-09-17 06:04:10,436 [7b82b5c3-1af5-4aef-b0e5-9bbd5ece1c94@group-3975FA4E760D-SegmentedRaftLogWorker] WARN  segmented.SegmentedRaftLogWorker (SegmentedRaftLogWorker.java:getFromFuture(90)) - Timeout 5/~
org.apache.ratis.protocol.TimeoutIOException: Timeout 10s: WriteLog:20: (t:3, i:20), STATEMACHINELOGENTRY, client-BA2506DDDB30, cid=141-writeStateMachineData
	at org.apache.ratis.util.IOUtils.getFromFuture(IOUtils.java:87)
	at org.apache.ratis.server.raftlog.segmented.SegmentedRaftLogWorker$StateMachineDataPolicy.getFromFuture(SegmentedRaftLogWorker.java:87)
	at org.apache.ratis.server.raftlog.segmented.SegmentedRaftLogWorker$WriteLog.execute(SegmentedRaftLogWorker.java:477)
	at org.apache.ratis.server.raftlog.segmented.SegmentedRaftLogWorker.run(SegmentedRaftLogWorker.java:289)
	at java.lang.Thread.run(Thread.java:748)
Caused by: java.util.concurrent.TimeoutException
	at java.util.concurrent.CompletableFuture.timedGet(CompletableFuture.java:1771)
	at java.util.concurrent.CompletableFuture.get(CompletableFuture.java:1915)
	at org.apache.ratis.util.IOUtils.getFromFuture(IOUtils.java:79)
	... 4 more
2019-09-17 06:04:10,838 [grpc-default-executor-2] INFO  client.GrpcClientProtocolClient (GrpcClientProtocolClient.java:onNext(264)) - client-BA2506DDDB30->e93b3770-42ff-4133-989c-2c3f555af44b: receive RaftClientReply:client-BA2506DDDB30->e93b3770-42ff-4133-989c-2c3f555af44b@group-3975FA4E760D, cid=140, FAILED org.apache.ratis.protocol.NotLeaderException: Server e93b3770-42ff-4133-989c-2c3f555af44b@group-3975FA4E760D is not the leader 7b82b5c3-1af5-4aef-b0e5-9bbd5ece1c94:192.168.34.7:38196, logIndex=0, commits[e93b3770-42ff-4133-989c-2c3f555af44b:c18, 2a8a7cd7-06bf-4db7-87f4-48062698d858:c13, 7b82b5c3-1af5-4aef-b0e5-9bbd5ece1c94:c18]
2019-09-17 06:04:10,855 [java.util.concurrent.ThreadPoolExecutor$Worker@40b25a1f[State = -1, empty queue]] WARN  server.GrpcLogAppender (GrpcLogAppender.java:timeoutAppendRequest(200)) - 7b82b5c3-1af5-4aef-b0e5-9bbd5ece1c94@group-3975FA4E760D->e93b3770-42ff-4133-989c-2c3f555af44b-GrpcLogAppender: appendEntries Timeout, request=7b82b5c3-1af5-4aef-b0e5-9bbd5ece1c94->e93b3770-42ff-4133-989c-2c3f555af44b#199-t3, previous=(t:3, i:24), leaderCommit=18, initializing? false, entries: <empty>
2019-09-17 06:04:10,855 [java.util.concurrent.ThreadPoolExecutor$Worker@de36a13[State = -1, empty queue]] WARN  server.GrpcLogAppender (GrpcLogAppender.java:timeoutAppendRequest(200)) - 7b82b5c3-1af5-4aef-b0e5-9bbd5ece1c94@group-3975FA4E760D->2a8a7cd7-06bf-4db7-87f4-48062698d858-GrpcLogAppender: appendEntries Timeout, request=7b82b5c3-1af5-4aef-b0e5-9bbd5ece1c94->2a8a7cd7-06bf-4db7-87f4-48062698d858#199-t3, previous=(t:3, i:24), leaderCommit=18, initializing? false, entries: <empty>
2019-09-17 06:04:13,091 [grpc-default-executor-2] INFO  impl.RaftServerProxy (RaftServerProxy.java:remove(95)) - c5233a29-19a6-42e1-869f-0cfd92a1650c: remove group-CBF25E866EAA:null
2019-09-17 06:04:13,093 [RatisPipelineUtilsThread] WARN  pipeline.RatisPipelineUtils (RatisPipelineUtils.java:destroyPipeline(66)) - Pipeline destroy failed for pipeline=PipelineID=28c3b40f-4470-4af7-82e9-cbf25e866eaa dn=c5233a29-19a6-42e1-869f-0cfd92a1650c{ip: 192.168.34.7, host: pr-hdds-2132-5g9kv-3389001449, networkLocation: /default-rack, certSerialId: null}
2019-09-17 06:04:13,095 [grpc-default-executor-2] INFO  impl.RaftServerProxy (RaftServerProxy.java:remove(95)) - 3ec0bce2-5a80-4efc-b2ca-bab81cc18a9f: remove group-CBF25E866EAA:null
2019-09-17 06:04:13,097 [RatisPipelineUtilsThread] WARN  pipeline.RatisPipelineUtils (RatisPipelineUtils.java:destroyPipeline(66)) - Pipeline destroy failed for pipeline=PipelineID=28c3b40f-4470-4af7-82e9-cbf25e866eaa dn=3ec0bce2-5a80-4efc-b2ca-bab81cc18a9f{ip: 192.168.34.7, host: pr-hdds-2132-5g9kv-3389001449, networkLocation: /default-rack, certSerialId: null}
2019-09-17 06:04:13,099 [grpc-default-executor-2] INFO  impl.RaftServerProxy (RaftServerProxy.java:remove(95)) - f6013552-a382-44c6-bdc3-8253bd9e054c: remove group-CBF25E866EAA:null
2019-09-17 06:04:13,100 [RatisPipelineUtilsThread] WARN  pipeline.RatisPipelineUtils (RatisPipelineUtils.java:destroyPipeline(66)) - Pipeline destroy failed for pipeline=PipelineID=28c3b40f-4470-4af7-82e9-cbf25e866eaa dn=f6013552-a382-44c6-bdc3-8253bd9e054c{ip: 192.168.34.7, host: pr-hdds-2132-5g9kv-3389001449, networkLocation: /default-rack, certSerialId: null}
2019-09-17 06:04:13,101 [RatisPipelineUtilsThread] ERROR pipeline.SCMPipelineManager (Scheduler.java:lambda$schedule$1(70)) - Destroy pipeline failed for pipeline:Pipeline[ Id: 28c3b40f-4470-4af7-82e9-cbf25e866eaa, Nodes: c5233a29-19a6-42e1-869f-0cfd92a1650c{ip: 192.168.34.7, host: pr-hdds-2132-5g9kv-3389001449, networkLocation: /default-rack, certSerialId: null}3ec0bce2-5a80-4efc-b2ca-bab81cc18a9f{ip: 192.168.34.7, host: pr-hdds-2132-5g9kv-3389001449, networkLocation: /default-rack, certSerialId: null}f6013552-a382-44c6-bdc3-8253bd9e054c{ip: 192.168.34.7, host: pr-hdds-2132-5g9kv-3389001449, networkLocation: /default-rack, certSerialId: null}, Type:RATIS, Factor:THREE, State:CLOSED]
org.apache.hadoop.hdds.scm.pipeline.PipelineNotFoundException: PipelineID=28c3b40f-4470-4af7-82e9-cbf25e866eaa not found
	at org.apache.hadoop.hdds.scm.pipeline.PipelineStateMap.getPipeline(PipelineStateMap.java:132)
	at org.apache.hadoop.hdds.scm.pipeline.PipelineStateMap.removePipeline(PipelineStateMap.java:322)
	at org.apache.hadoop.hdds.scm.pipeline.PipelineStateManager.removePipeline(PipelineStateManager.java:107)
	at org.apache.hadoop.hdds.scm.pipeline.SCMPipelineManager.removePipeline(SCMPipelineManager.java:423)
	at org.apache.hadoop.hdds.scm.pipeline.SCMPipelineManager.destroyPipeline(SCMPipelineManager.java:409)
	at org.apache.hadoop.hdds.scm.pipeline.SCMPipelineManager.lambda$finalizeAndDestroyPipeline$0(SCMPipelineManager.java:318)
	at org.apache.hadoop.utils.Scheduler.lambda$schedule$1(Scheduler.java:68)
	at java.util.concurrent.Executors$RunnableAdapter.call(Executors.java:511)
	at java.util.concurrent.FutureTask.run(FutureTask.java:266)
	at java.util.concurrent.ScheduledThreadPoolExecutor$ScheduledFutureTask.access$201(ScheduledThreadPoolExecutor.java:180)
	at java.util.concurrent.ScheduledThreadPoolExecutor$ScheduledFutureTask.run(ScheduledThreadPoolExecutor.java:293)
	at java.util.concurrent.ThreadPoolExecutor.runWorker(ThreadPoolExecutor.java:1149)
	at java.util.concurrent.ThreadPoolExecutor$Worker.run(ThreadPoolExecutor.java:624)
	at java.lang.Thread.run(Thread.java:748)
2019-09-17 06:04:13,355 [java.util.concurrent.ThreadPoolExecutor$Worker@40b25a1f[State = -1, empty queue]] WARN  server.GrpcLogAppender (GrpcLogAppender.java:timeoutAppendRequest(200)) - 7b82b5c3-1af5-4aef-b0e5-9bbd5ece1c94@group-3975FA4E760D->e93b3770-42ff-4133-989c-2c3f555af44b-GrpcLogAppender: appendEntries Timeout, request=7b82b5c3-1af5-4aef-b0e5-9bbd5ece1c94->e93b3770-42ff-4133-989c-2c3f555af44b#200-t3, previous=(t:3, i:24), leaderCommit=18, initializing? false, entries: <empty>
2019-09-17 06:04:13,355 [java.util.concurrent.ThreadPoolExecutor$Worker@de36a13[State = -1, empty queue]] WARN  server.GrpcLogAppender (GrpcLogAppender.java:timeoutAppendRequest(200)) - 7b82b5c3-1af5-4aef-b0e5-9bbd5ece1c94@group-3975FA4E760D->2a8a7cd7-06bf-4db7-87f4-48062698d858-GrpcLogAppender: appendEntries Timeout, request=7b82b5c3-1af5-4aef-b0e5-9bbd5ece1c94->2a8a7cd7-06bf-4db7-87f4-48062698d858#200-t3, previous=(t:3, i:24), leaderCommit=18, initializing? false, entries: <empty>
2019-09-17 06:04:15,093 [grpc-default-executor-2] INFO  impl.RaftServerProxy (RaftServerProxy.java:remove(95)) - c5233a29-19a6-42e1-869f-0cfd92a1650c: remove group-CBF25E866EAA:null
2019-09-17 06:04:15,097 [RatisPipelineUtilsThread] WARN  pipeline.RatisPipelineUtils (RatisPipelineUtils.java:destroyPipeline(66)) - Pipeline destroy failed for pipeline=PipelineID=28c3b40f-4470-4af7-82e9-cbf25e866eaa dn=c5233a29-19a6-42e1-869f-0cfd92a1650c{ip: 192.168.34.7, host: pr-hdds-2132-5g9kv-3389001449, networkLocation: /default-rack, certSerialId: null}
2019-09-17 06:04:15,100 [grpc-default-executor-2] INFO  impl.RaftServerProxy (RaftServerProxy.java:remove(95)) - 3ec0bce2-5a80-4efc-b2ca-bab81cc18a9f: remove group-CBF25E866EAA:null
2019-09-17 06:04:15,102 [RatisPipelineUtilsThread] WARN  pipeline.RatisPipelineUtils (RatisPipelineUtils.java:destroyPipeline(66)) - Pipeline destroy failed for pipeline=PipelineID=28c3b40f-4470-4af7-82e9-cbf25e866eaa dn=3ec0bce2-5a80-4efc-b2ca-bab81cc18a9f{ip: 192.168.34.7, host: pr-hdds-2132-5g9kv-3389001449, networkLocation: /default-rack, certSerialId: null}
2019-09-17 06:04:15,104 [grpc-default-executor-2] INFO  impl.RaftServerProxy (RaftServerProxy.java:remove(95)) - f6013552-a382-44c6-bdc3-8253bd9e054c: remove group-CBF25E866EAA:null
2019-09-17 06:04:15,106 [RatisPipelineUtilsThread] WARN  pipeline.RatisPipelineUtils (RatisPipelineUtils.java:destroyPipeline(66)) - Pipeline destroy failed for pipeline=PipelineID=28c3b40f-4470-4af7-82e9-cbf25e866eaa dn=f6013552-a382-44c6-bdc3-8253bd9e054c{ip: 192.168.34.7, host: pr-hdds-2132-5g9kv-3389001449, networkLocation: /default-rack, certSerialId: null}
2019-09-17 06:04:15,107 [RatisPipelineUtilsThread] ERROR pipeline.SCMPipelineManager (Scheduler.java:lambda$schedule$1(70)) - Destroy pipeline failed for pipeline:Pipeline[ Id: 28c3b40f-4470-4af7-82e9-cbf25e866eaa, Nodes: c5233a29-19a6-42e1-869f-0cfd92a1650c{ip: 192.168.34.7, host: pr-hdds-2132-5g9kv-3389001449, networkLocation: /default-rack, certSerialId: null}3ec0bce2-5a80-4efc-b2ca-bab81cc18a9f{ip: 192.168.34.7, host: pr-hdds-2132-5g9kv-3389001449, networkLocation: /default-rack, certSerialId: null}f6013552-a382-44c6-bdc3-8253bd9e054c{ip: 192.168.34.7, host: pr-hdds-2132-5g9kv-3389001449, networkLocation: /default-rack, certSerialId: null}, Type:RATIS, Factor:THREE, State:CLOSED]
org.apache.hadoop.hdds.scm.pipeline.PipelineNotFoundException: PipelineID=28c3b40f-4470-4af7-82e9-cbf25e866eaa not found
	at org.apache.hadoop.hdds.scm.pipeline.PipelineStateMap.getPipeline(PipelineStateMap.java:132)
	at org.apache.hadoop.hdds.scm.pipeline.PipelineStateMap.removePipeline(PipelineStateMap.java:322)
	at org.apache.hadoop.hdds.scm.pipeline.PipelineStateManager.removePipeline(PipelineStateManager.java:107)
	at org.apache.hadoop.hdds.scm.pipeline.SCMPipelineManager.removePipeline(SCMPipelineManager.java:423)
	at org.apache.hadoop.hdds.scm.pipeline.SCMPipelineManager.destroyPipeline(SCMPipelineManager.java:409)
	at org.apache.hadoop.hdds.scm.pipeline.SCMPipelineManager.lambda$finalizeAndDestroyPipeline$0(SCMPipelineManager.java:318)
	at org.apache.hadoop.utils.Scheduler.lambda$schedule$1(Scheduler.java:68)
	at java.util.concurrent.Executors$RunnableAdapter.call(Executors.java:511)
	at java.util.concurrent.FutureTask.run(FutureTask.java:266)
	at java.util.concurrent.ScheduledThreadPoolExecutor$ScheduledFutureTask.access$201(ScheduledThreadPoolExecutor.java:180)
	at java.util.concurrent.ScheduledThreadPoolExecutor$ScheduledFutureTask.run(ScheduledThreadPoolExecutor.java:293)
	at java.util.concurrent.ThreadPoolExecutor.runWorker(ThreadPoolExecutor.java:1149)
	at java.util.concurrent.ThreadPoolExecutor$Worker.run(ThreadPoolExecutor.java:624)
	at java.lang.Thread.run(Thread.java:748)
2019-09-17 06:04:15,120 [grpc-default-executor-2] INFO  impl.RaftServerProxy (RaftServerProxy.java:remove(95)) - c5233a29-19a6-42e1-869f-0cfd92a1650c: remove group-CBF25E866EAA:null
2019-09-17 06:04:15,122 [RatisPipelineUtilsThread] WARN  pipeline.RatisPipelineUtils (RatisPipelineUtils.java:destroyPipeline(66)) - Pipeline destroy failed for pipeline=PipelineID=28c3b40f-4470-4af7-82e9-cbf25e866eaa dn=c5233a29-19a6-42e1-869f-0cfd92a1650c{ip: 192.168.34.7, host: pr-hdds-2132-5g9kv-3389001449, networkLocation: /default-rack, certSerialId: null}
2019-09-17 06:04:15,125 [grpc-default-executor-2] INFO  impl.RaftServerProxy (RaftServerProxy.java:remove(95)) - 3ec0bce2-5a80-4efc-b2ca-bab81cc18a9f: remove group-CBF25E866EAA:null
2019-09-17 06:04:15,126 [RatisPipelineUtilsThread] WARN  pipeline.RatisPipelineUtils (RatisPipelineUtils.java:destroyPipeline(66)) - Pipeline destroy failed for pipeline=PipelineID=28c3b40f-4470-4af7-82e9-cbf25e866eaa dn=3ec0bce2-5a80-4efc-b2ca-bab81cc18a9f{ip: 192.168.34.7, host: pr-hdds-2132-5g9kv-3389001449, networkLocation: /default-rack, certSerialId: null}
2019-09-17 06:04:15,129 [grpc-default-executor-2] INFO  impl.RaftServerProxy (RaftServerProxy.java:remove(95)) - f6013552-a382-44c6-bdc3-8253bd9e054c: remove group-CBF25E866EAA:null
2019-09-17 06:04:15,133 [RatisPipelineUtilsThread] WARN  pipeline.RatisPipelineUtils (RatisPipelineUtils.java:destroyPipeline(66)) - Pipeline destroy failed for pipeline=PipelineID=28c3b40f-4470-4af7-82e9-cbf25e866eaa dn=f6013552-a382-44c6-bdc3-8253bd9e054c{ip: 192.168.34.7, host: pr-hdds-2132-5g9kv-3389001449, networkLocation: /default-rack, certSerialId: null}
2019-09-17 06:04:15,134 [RatisPipelineUtilsThread] ERROR pipeline.SCMPipelineManager (Scheduler.java:lambda$schedule$1(70)) - Destroy pipeline failed for pipeline:Pipeline[ Id: 28c3b40f-4470-4af7-82e9-cbf25e866eaa, Nodes: c5233a29-19a6-42e1-869f-0cfd92a1650c{ip: 192.168.34.7, host: pr-hdds-2132-5g9kv-3389001449, networkLocation: /default-rack, certSerialId: null}3ec0bce2-5a80-4efc-b2ca-bab81cc18a9f{ip: 192.168.34.7, host: pr-hdds-2132-5g9kv-3389001449, networkLocation: /default-rack, certSerialId: null}f6013552-a382-44c6-bdc3-8253bd9e054c{ip: 192.168.34.7, host: pr-hdds-2132-5g9kv-3389001449, networkLocation: /default-rack, certSerialId: null}, Type:RATIS, Factor:THREE, State:CLOSED]
org.apache.hadoop.hdds.scm.pipeline.PipelineNotFoundException: PipelineID=28c3b40f-4470-4af7-82e9-cbf25e866eaa not found
	at org.apache.hadoop.hdds.scm.pipeline.PipelineStateMap.getPipeline(PipelineStateMap.java:132)
	at org.apache.hadoop.hdds.scm.pipeline.PipelineStateMap.removePipeline(PipelineStateMap.java:322)
	at org.apache.hadoop.hdds.scm.pipeline.PipelineStateManager.removePipeline(PipelineStateManager.java:107)
	at org.apache.hadoop.hdds.scm.pipeline.SCMPipelineManager.removePipeline(SCMPipelineManager.java:423)
	at org.apache.hadoop.hdds.scm.pipeline.SCMPipelineManager.destroyPipeline(SCMPipelineManager.java:409)
	at org.apache.hadoop.hdds.scm.pipeline.SCMPipelineManager.lambda$finalizeAndDestroyPipeline$0(SCMPipelineManager.java:318)
	at org.apache.hadoop.utils.Scheduler.lambda$schedule$1(Scheduler.java:68)
	at java.util.concurrent.Executors$RunnableAdapter.call(Executors.java:511)
	at java.util.concurrent.FutureTask.run(FutureTask.java:266)
	at java.util.concurrent.ScheduledThreadPoolExecutor$ScheduledFutureTask.access$201(ScheduledThreadPoolExecutor.java:180)
	at java.util.concurrent.ScheduledThreadPoolExecutor$ScheduledFutureTask.run(ScheduledThreadPoolExecutor.java:293)
	at java.util.concurrent.ThreadPoolExecutor.runWorker(ThreadPoolExecutor.java:1149)
	at java.util.concurrent.ThreadPoolExecutor$Worker.run(ThreadPoolExecutor.java:624)
	at java.lang.Thread.run(Thread.java:748)
2019-09-17 06:04:15,230 [grpc-default-executor-2] INFO  impl.RaftServerProxy (RaftServerProxy.java:remove(95)) - c5233a29-19a6-42e1-869f-0cfd92a1650c: remove group-CBF25E866EAA:null
2019-09-17 06:04:15,233 [RatisPipelineUtilsThread] WARN  pipeline.RatisPipelineUtils (RatisPipelineUtils.java:destroyPipeline(66)) - Pipeline destroy failed for pipeline=PipelineID=28c3b40f-4470-4af7-82e9-cbf25e866eaa dn=c5233a29-19a6-42e1-869f-0cfd92a1650c{ip: 192.168.34.7, host: pr-hdds-2132-5g9kv-3389001449, networkLocation: /default-rack, certSerialId: null}
2019-09-17 06:04:15,235 [grpc-default-executor-2] INFO  impl.RaftServerProxy (RaftServerProxy.java:remove(95)) - 3ec0bce2-5a80-4efc-b2ca-bab81cc18a9f: remove group-CBF25E866EAA:null
2019-09-17 06:04:15,238 [RatisPipelineUtilsThread] WARN  pipeline.RatisPipelineUtils (RatisPipelineUtils.java:destroyPipeline(66)) - Pipeline destroy failed for pipeline=PipelineID=28c3b40f-4470-4af7-82e9-cbf25e866eaa dn=3ec0bce2-5a80-4efc-b2ca-bab81cc18a9f{ip: 192.168.34.7, host: pr-hdds-2132-5g9kv-3389001449, networkLocation: /default-rack, certSerialId: null}
2019-09-17 06:04:15,240 [grpc-default-executor-2] INFO  impl.RaftServerProxy (RaftServerProxy.java:remove(95)) - f6013552-a382-44c6-bdc3-8253bd9e054c: remove group-CBF25E866EAA:null
2019-09-17 06:04:15,243 [RatisPipelineUtilsThread] WARN  pipeline.RatisPipelineUtils (RatisPipelineUtils.java:destroyPipeline(66)) - Pipeline destroy failed for pipeline=PipelineID=28c3b40f-4470-4af7-82e9-cbf25e866eaa dn=f6013552-a382-44c6-bdc3-8253bd9e054c{ip: 192.168.34.7, host: pr-hdds-2132-5g9kv-3389001449, networkLocation: /default-rack, certSerialId: null}
2019-09-17 06:04:15,243 [RatisPipelineUtilsThread] ERROR pipeline.SCMPipelineManager (Scheduler.java:lambda$schedule$1(70)) - Destroy pipeline failed for pipeline:Pipeline[ Id: 28c3b40f-4470-4af7-82e9-cbf25e866eaa, Nodes: c5233a29-19a6-42e1-869f-0cfd92a1650c{ip: 192.168.34.7, host: pr-hdds-2132-5g9kv-3389001449, networkLocation: /default-rack, certSerialId: null}3ec0bce2-5a80-4efc-b2ca-bab81cc18a9f{ip: 192.168.34.7, host: pr-hdds-2132-5g9kv-3389001449, networkLocation: /default-rack, certSerialId: null}f6013552-a382-44c6-bdc3-8253bd9e054c{ip: 192.168.34.7, host: pr-hdds-2132-5g9kv-3389001449, networkLocation: /default-rack, certSerialId: null}, Type:RATIS, Factor:THREE, State:CLOSED]
org.apache.hadoop.hdds.scm.pipeline.PipelineNotFoundException: PipelineID=28c3b40f-4470-4af7-82e9-cbf25e866eaa not found
	at org.apache.hadoop.hdds.scm.pipeline.PipelineStateMap.getPipeline(PipelineStateMap.java:132)
	at org.apache.hadoop.hdds.scm.pipeline.PipelineStateMap.removePipeline(PipelineStateMap.java:322)
	at org.apache.hadoop.hdds.scm.pipeline.PipelineStateManager.removePipeline(PipelineStateManager.java:107)
	at org.apache.hadoop.hdds.scm.pipeline.SCMPipelineManager.removePipeline(SCMPipelineManager.java:423)
	at org.apache.hadoop.hdds.scm.pipeline.SCMPipelineManager.destroyPipeline(SCMPipelineManager.java:409)
	at org.apache.hadoop.hdds.scm.pipeline.SCMPipelineManager.lambda$finalizeAndDestroyPipeline$0(SCMPipelineManager.java:318)
	at org.apache.hadoop.utils.Scheduler.lambda$schedule$1(Scheduler.java:68)
	at java.util.concurrent.Executors$RunnableAdapter.call(Executors.java:511)
	at java.util.concurrent.FutureTask.run(FutureTask.java:266)
	at java.util.concurrent.ScheduledThreadPoolExecutor$ScheduledFutureTask.access$201(ScheduledThreadPoolExecutor.java:180)
	at java.util.concurrent.ScheduledThreadPoolExecutor$ScheduledFutureTask.run(ScheduledThreadPoolExecutor.java:293)
	at java.util.concurrent.ThreadPoolExecutor.runWorker(ThreadPoolExecutor.java:1149)
	at java.util.concurrent.ThreadPoolExecutor$Worker.run(ThreadPoolExecutor.java:624)
	at java.lang.Thread.run(Thread.java:748)
2019-09-17 06:04:15,294 [grpc-default-executor-2] INFO  impl.RaftServerProxy (RaftServerProxy.java:remove(95)) - c5233a29-19a6-42e1-869f-0cfd92a1650c: remove group-CBF25E866EAA:null
2019-09-17 06:04:15,297 [RatisPipelineUtilsThread] WARN  pipeline.RatisPipelineUtils (RatisPipelineUtils.java:destroyPipeline(66)) - Pipeline destroy failed for pipeline=PipelineID=28c3b40f-4470-4af7-82e9-cbf25e866eaa dn=c5233a29-19a6-42e1-869f-0cfd92a1650c{ip: 192.168.34.7, host: pr-hdds-2132-5g9kv-3389001449, networkLocation: /default-rack, certSerialId: null}
2019-09-17 06:04:15,299 [grpc-default-executor-2] INFO  impl.RaftServerProxy (RaftServerProxy.java:remove(95)) - 3ec0bce2-5a80-4efc-b2ca-bab81cc18a9f: remove group-CBF25E866EAA:null
2019-09-17 06:04:15,301 [RatisPipelineUtilsThread] WARN  pipeline.RatisPipelineUtils (RatisPipelineUtils.java:destroyPipeline(66)) - Pipeline destroy failed for pipeline=PipelineID=28c3b40f-4470-4af7-82e9-cbf25e866eaa dn=3ec0bce2-5a80-4efc-b2ca-bab81cc18a9f{ip: 192.168.34.7, host: pr-hdds-2132-5g9kv-3389001449, networkLocation: /default-rack, certSerialId: null}
2019-09-17 06:04:15,303 [grpc-default-executor-2] INFO  impl.RaftServerProxy (RaftServerProxy.java:remove(95)) - f6013552-a382-44c6-bdc3-8253bd9e054c: remove group-CBF25E866EAA:null
2019-09-17 06:04:15,306 [RatisPipelineUtilsThread] WARN  pipeline.RatisPipelineUtils (RatisPipelineUtils.java:destroyPipeline(66)) - Pipeline destroy failed for pipeline=PipelineID=28c3b40f-4470-4af7-82e9-cbf25e866eaa dn=f6013552-a382-44c6-bdc3-8253bd9e054c{ip: 192.168.34.7, host: pr-hdds-2132-5g9kv-3389001449, networkLocation: /default-rack, certSerialId: null}
2019-09-17 06:04:15,306 [RatisPipelineUtilsThread] ERROR pipeline.SCMPipelineManager (Scheduler.java:lambda$schedule$1(70)) - Destroy pipeline failed for pipeline:Pipeline[ Id: 28c3b40f-4470-4af7-82e9-cbf25e866eaa, Nodes: c5233a29-19a6-42e1-869f-0cfd92a1650c{ip: 192.168.34.7, host: pr-hdds-2132-5g9kv-3389001449, networkLocation: /default-rack, certSerialId: null}3ec0bce2-5a80-4efc-b2ca-bab81cc18a9f{ip: 192.168.34.7, host: pr-hdds-2132-5g9kv-3389001449, networkLocation: /default-rack, certSerialId: null}f6013552-a382-44c6-bdc3-8253bd9e054c{ip: 192.168.34.7, host: pr-hdds-2132-5g9kv-3389001449, networkLocation: /default-rack, certSerialId: null}, Type:RATIS, Factor:THREE, State:CLOSED]
org.apache.hadoop.hdds.scm.pipeline.PipelineNotFoundException: PipelineID=28c3b40f-4470-4af7-82e9-cbf25e866eaa not found
	at org.apache.hadoop.hdds.scm.pipeline.PipelineStateMap.getPipeline(PipelineStateMap.java:132)
	at org.apache.hadoop.hdds.scm.pipeline.PipelineStateMap.removePipeline(PipelineStateMap.java:322)
	at org.apache.hadoop.hdds.scm.pipeline.PipelineStateManager.removePipeline(PipelineStateManager.java:107)
	at org.apache.hadoop.hdds.scm.pipeline.SCMPipelineManager.removePipeline(SCMPipelineManager.java:423)
	at org.apache.hadoop.hdds.scm.pipeline.SCMPipelineManager.destroyPipeline(SCMPipelineManager.java:409)
	at org.apache.hadoop.hdds.scm.pipeline.SCMPipelineManager.lambda$finalizeAndDestroyPipeline$0(SCMPipelineManager.java:318)
	at org.apache.hadoop.utils.Scheduler.lambda$schedule$1(Scheduler.java:68)
	at java.util.concurrent.Executors$RunnableAdapter.call(Executors.java:511)
	at java.util.concurrent.FutureTask.run(FutureTask.java:266)
	at java.util.concurrent.ScheduledThreadPoolExecutor$ScheduledFutureTask.access$201(ScheduledThreadPoolExecutor.java:180)
	at java.util.concurrent.ScheduledThreadPoolExecutor$ScheduledFutureTask.run(ScheduledThreadPoolExecutor.java:293)
	at java.util.concurrent.ThreadPoolExecutor.runWorker(ThreadPoolExecutor.java:1149)
	at java.util.concurrent.ThreadPoolExecutor$Worker.run(ThreadPoolExecutor.java:624)
	at java.lang.Thread.run(Thread.java:748)
2019-09-17 06:04:15,855 [java.util.concurrent.ThreadPoolExecutor$Worker@40b25a1f[State = -1, empty queue]] WARN  server.GrpcLogAppender (GrpcLogAppender.java:timeoutAppendRequest(200)) - 7b82b5c3-1af5-4aef-b0e5-9bbd5ece1c94@group-3975FA4E760D->e93b3770-42ff-4133-989c-2c3f555af44b-GrpcLogAppender: appendEntries Timeout, request=7b82b5c3-1af5-4aef-b0e5-9bbd5ece1c94->e93b3770-42ff-4133-989c-2c3f555af44b#201-t3, previous=(t:3, i:24), leaderCommit=18, initializing? false, entries: <empty>
2019-09-17 06:04:15,855 [java.util.concurrent.ThreadPoolExecutor$Worker@de36a13[State = -1, empty queue]] WARN  server.GrpcLogAppender (GrpcLogAppender.java:timeoutAppendRequest(200)) - 7b82b5c3-1af5-4aef-b0e5-9bbd5ece1c94@group-3975FA4E760D->2a8a7cd7-06bf-4db7-87f4-48062698d858-GrpcLogAppender: appendEntries Timeout, request=7b82b5c3-1af5-4aef-b0e5-9bbd5ece1c94->2a8a7cd7-06bf-4db7-87f4-48062698d858#201-t3, previous=(t:3, i:24), leaderCommit=18, initializing? false, entries: <empty>
2019-09-17 06:04:15,869 [grpc-default-executor-1] INFO  client.GrpcClientProtocolClient (GrpcClientProtocolClient.java:onNext(264)) - client-BA2506DDDB30->2a8a7cd7-06bf-4db7-87f4-48062698d858: receive RaftClientReply:client-BA2506DDDB30->2a8a7cd7-06bf-4db7-87f4-48062698d858@group-3975FA4E760D, cid=140, FAILED org.apache.ratis.protocol.NotLeaderException: Server 2a8a7cd7-06bf-4db7-87f4-48062698d858@group-3975FA4E760D is not the leader 7b82b5c3-1af5-4aef-b0e5-9bbd5ece1c94:192.168.34.7:38196, logIndex=0, commits[2a8a7cd7-06bf-4db7-87f4-48062698d858:c18, 7b82b5c3-1af5-4aef-b0e5-9bbd5ece1c94:c18, e93b3770-42ff-4133-989c-2c3f555af44b:c13]
2019-09-17 06:04:18,355 [java.util.concurrent.ThreadPoolExecutor$Worker@40b25a1f[State = -1, empty queue]] WARN  server.GrpcLogAppender (GrpcLogAppender.java:timeoutAppendRequest(200)) - 7b82b5c3-1af5-4aef-b0e5-9bbd5ece1c94@group-3975FA4E760D->e93b3770-42ff-4133-989c-2c3f555af44b-GrpcLogAppender: appendEntries Timeout, request=7b82b5c3-1af5-4aef-b0e5-9bbd5ece1c94->e93b3770-42ff-4133-989c-2c3f555af44b#202-t3, previous=(t:3, i:24), leaderCommit=18, initializing? false, entries: <empty>
2019-09-17 06:04:18,356 [java.util.concurrent.ThreadPoolExecutor$Worker@de36a13[State = -1, empty queue]] WARN  server.GrpcLogAppender (GrpcLogAppender.java:timeoutAppendRequest(200)) - 7b82b5c3-1af5-4aef-b0e5-9bbd5ece1c94@group-3975FA4E760D->2a8a7cd7-06bf-4db7-87f4-48062698d858-GrpcLogAppender: appendEntries Timeout, request=7b82b5c3-1af5-4aef-b0e5-9bbd5ece1c94->2a8a7cd7-06bf-4db7-87f4-48062698d858#202-t3, previous=(t:3, i:24), leaderCommit=18, initializing? false, entries: <empty>
2019-09-17 06:04:20,349 [2a8a7cd7-06bf-4db7-87f4-48062698d858@group-3975FA4E760D-SegmentedRaftLogWorker] WARN  segmented.SegmentedRaftLogWorker (SegmentedRaftLogWorker.java:getFromFuture(90)) - Timeout 6/~
org.apache.ratis.protocol.TimeoutIOException: Timeout 10s: WriteLog:19: (t:3, i:19), STATEMACHINELOGENTRY, client-BA2506DDDB30, cid=140-writeStateMachineData
	at org.apache.ratis.util.IOUtils.getFromFuture(IOUtils.java:87)
	at org.apache.ratis.server.raftlog.segmented.SegmentedRaftLogWorker$StateMachineDataPolicy.getFromFuture(SegmentedRaftLogWorker.java:87)
	at org.apache.ratis.server.raftlog.segmented.SegmentedRaftLogWorker$WriteLog.execute(SegmentedRaftLogWorker.java:477)
	at org.apache.ratis.server.raftlog.segmented.SegmentedRaftLogWorker.run(SegmentedRaftLogWorker.java:289)
	at java.lang.Thread.run(Thread.java:748)
Caused by: java.util.concurrent.TimeoutException
	at java.util.concurrent.CompletableFuture.timedGet(CompletableFuture.java:1771)
	at java.util.concurrent.CompletableFuture.get(CompletableFuture.java:1915)
	at org.apache.ratis.util.IOUtils.getFromFuture(IOUtils.java:79)
	... 4 more
2019-09-17 06:04:20,436 [e93b3770-42ff-4133-989c-2c3f555af44b@group-3975FA4E760D-SegmentedRaftLogWorker] WARN  segmented.SegmentedRaftLogWorker (SegmentedRaftLogWorker.java:getFromFuture(90)) - Timeout 6/~
org.apache.ratis.protocol.TimeoutIOException: Timeout 10s: WriteLog:20: (t:3, i:20), STATEMACHINELOGENTRY, client-BA2506DDDB30, cid=141-writeStateMachineData
	at org.apache.ratis.util.IOUtils.getFromFuture(IOUtils.java:87)
	at org.apache.ratis.server.raftlog.segmented.SegmentedRaftLogWorker$StateMachineDataPolicy.getFromFuture(SegmentedRaftLogWorker.java:87)
	at org.apache.ratis.server.raftlog.segmented.SegmentedRaftLogWorker$WriteLog.execute(SegmentedRaftLogWorker.java:477)
	at org.apache.ratis.server.raftlog.segmented.SegmentedRaftLogWorker.run(SegmentedRaftLogWorker.java:289)
	at java.lang.Thread.run(Thread.java:748)
Caused by: java.util.concurrent.TimeoutException
	at java.util.concurrent.CompletableFuture.timedGet(CompletableFuture.java:1771)
	at java.util.concurrent.CompletableFuture.get(CompletableFuture.java:1915)
	at org.apache.ratis.util.IOUtils.getFromFuture(IOUtils.java:79)
	... 4 more
2019-09-17 06:04:20,436 [7b82b5c3-1af5-4aef-b0e5-9bbd5ece1c94@group-3975FA4E760D-SegmentedRaftLogWorker] WARN  segmented.SegmentedRaftLogWorker (SegmentedRaftLogWorker.java:getFromFuture(90)) - Timeout 6/~
org.apache.ratis.protocol.TimeoutIOException: Timeout 10s: WriteLog:20: (t:3, i:20), STATEMACHINELOGENTRY, client-BA2506DDDB30, cid=141-writeStateMachineData
	at org.apache.ratis.util.IOUtils.getFromFuture(IOUtils.java:87)
	at org.apache.ratis.server.raftlog.segmented.SegmentedRaftLogWorker$StateMachineDataPolicy.getFromFuture(SegmentedRaftLogWorker.java:87)
	at org.apache.ratis.server.raftlog.segmented.SegmentedRaftLogWorker$WriteLog.execute(SegmentedRaftLogWorker.java:477)
	at org.apache.ratis.server.raftlog.segmented.SegmentedRaftLogWorker.run(SegmentedRaftLogWorker.java:289)
	at java.lang.Thread.run(Thread.java:748)
Caused by: java.util.concurrent.TimeoutException
	at java.util.concurrent.CompletableFuture.timedGet(CompletableFuture.java:1771)
	at java.util.concurrent.CompletableFuture.get(CompletableFuture.java:1915)
	at org.apache.ratis.util.IOUtils.getFromFuture(IOUtils.java:79)
	... 4 more
2019-09-17 06:04:20,856 [java.util.concurrent.ThreadPoolExecutor$Worker@40b25a1f[State = -1, empty queue]] WARN  server.GrpcLogAppender (GrpcLogAppender.java:timeoutAppendRequest(200)) - 7b82b5c3-1af5-4aef-b0e5-9bbd5ece1c94@group-3975FA4E760D->e93b3770-42ff-4133-989c-2c3f555af44b-GrpcLogAppender: appendEntries Timeout, request=7b82b5c3-1af5-4aef-b0e5-9bbd5ece1c94->e93b3770-42ff-4133-989c-2c3f555af44b#203-t3, previous=(t:3, i:24), leaderCommit=18, initializing? false, entries: <empty>
2019-09-17 06:04:20,856 [java.util.concurrent.ThreadPoolExecutor$Worker@de36a13[State = -1, empty queue]] WARN  server.GrpcLogAppender (GrpcLogAppender.java:timeoutAppendRequest(200)) - 7b82b5c3-1af5-4aef-b0e5-9bbd5ece1c94@group-3975FA4E760D->2a8a7cd7-06bf-4db7-87f4-48062698d858-GrpcLogAppender: appendEntries Timeout, request=7b82b5c3-1af5-4aef-b0e5-9bbd5ece1c94->2a8a7cd7-06bf-4db7-87f4-48062698d858#203-t3, previous=(t:3, i:24), leaderCommit=18, initializing? false, entries: <empty>
2019-09-17 06:04:20,923 [grpc-default-executor-5] INFO  client.GrpcClientProtocolClient (GrpcClientProtocolClient.java:onNext(264)) - client-BA2506DDDB30->e93b3770-42ff-4133-989c-2c3f555af44b: receive RaftClientReply:client-BA2506DDDB30->e93b3770-42ff-4133-989c-2c3f555af44b@group-3975FA4E760D, cid=140, FAILED org.apache.ratis.protocol.NotLeaderException: Server e93b3770-42ff-4133-989c-2c3f555af44b@group-3975FA4E760D is not the leader 7b82b5c3-1af5-4aef-b0e5-9bbd5ece1c94:192.168.34.7:38196, logIndex=0, commits[e93b3770-42ff-4133-989c-2c3f555af44b:c18, 2a8a7cd7-06bf-4db7-87f4-48062698d858:c13, 7b82b5c3-1af5-4aef-b0e5-9bbd5ece1c94:c18]
2019-09-17 06:04:23,357 [java.util.concurrent.ThreadPoolExecutor$Worker@40b25a1f[State = -1, empty queue]] WARN  server.GrpcLogAppender (GrpcLogAppender.java:timeoutAppendRequest(200)) - 7b82b5c3-1af5-4aef-b0e5-9bbd5ece1c94@group-3975FA4E760D->e93b3770-42ff-4133-989c-2c3f555af44b-GrpcLogAppender: appendEntries Timeout, request=7b82b5c3-1af5-4aef-b0e5-9bbd5ece1c94->e93b3770-42ff-4133-989c-2c3f555af44b#204-t3, previous=(t:3, i:24), leaderCommit=18, initializing? false, entries: <empty>
2019-09-17 06:04:23,357 [java.util.concurrent.ThreadPoolExecutor$Worker@de36a13[State = -1, empty queue]] WARN  server.GrpcLogAppender (GrpcLogAppender.java:timeoutAppendRequest(200)) - 7b82b5c3-1af5-4aef-b0e5-9bbd5ece1c94@group-3975FA4E760D->2a8a7cd7-06bf-4db7-87f4-48062698d858-GrpcLogAppender: appendEntries Timeout, request=7b82b5c3-1af5-4aef-b0e5-9bbd5ece1c94->2a8a7cd7-06bf-4db7-87f4-48062698d858#204-t3, previous=(t:3, i:24), leaderCommit=18, initializing? false, entries: <empty>
2019-09-17 06:04:25,857 [java.util.concurrent.ThreadPoolExecutor$Worker@40b25a1f[State = -1, empty queue]] WARN  server.GrpcLogAppender (GrpcLogAppender.java:timeoutAppendRequest(200)) - 7b82b5c3-1af5-4aef-b0e5-9bbd5ece1c94@group-3975FA4E760D->e93b3770-42ff-4133-989c-2c3f555af44b-GrpcLogAppender: appendEntries Timeout, request=7b82b5c3-1af5-4aef-b0e5-9bbd5ece1c94->e93b3770-42ff-4133-989c-2c3f555af44b#205-t3, previous=(t:3, i:24), leaderCommit=18, initializing? false, entries: <empty>
2019-09-17 06:04:25,857 [java.util.concurrent.ThreadPoolExecutor$Worker@de36a13[State = -1, empty queue]] WARN  server.GrpcLogAppender (GrpcLogAppender.java:timeoutAppendRequest(200)) - 7b82b5c3-1af5-4aef-b0e5-9bbd5ece1c94@group-3975FA4E760D->2a8a7cd7-06bf-4db7-87f4-48062698d858-GrpcLogAppender: appendEntries Timeout, request=7b82b5c3-1af5-4aef-b0e5-9bbd5ece1c94->2a8a7cd7-06bf-4db7-87f4-48062698d858#205-t3, previous=(t:3, i:24), leaderCommit=18, initializing? false, entries: <empty>
2019-09-17 06:04:25,990 [grpc-default-executor-2] INFO  client.GrpcClientProtocolClient (GrpcClientProtocolClient.java:onNext(264)) - client-BA2506DDDB30->e93b3770-42ff-4133-989c-2c3f555af44b: receive RaftClientReply:client-BA2506DDDB30->e93b3770-42ff-4133-989c-2c3f555af44b@group-3975FA4E760D, cid=140, FAILED org.apache.ratis.protocol.NotLeaderException: Server e93b3770-42ff-4133-989c-2c3f555af44b@group-3975FA4E760D is not the leader 7b82b5c3-1af5-4aef-b0e5-9bbd5ece1c94:192.168.34.7:38196, logIndex=0, commits[e93b3770-42ff-4133-989c-2c3f555af44b:c18, 2a8a7cd7-06bf-4db7-87f4-48062698d858:c13, 7b82b5c3-1af5-4aef-b0e5-9bbd5ece1c94:c18]
2019-09-17 06:04:28,357 [java.util.concurrent.ThreadPoolExecutor$Worker@de36a13[State = -1, empty queue]] WARN  server.GrpcLogAppender (GrpcLogAppender.java:timeoutAppendRequest(200)) - 7b82b5c3-1af5-4aef-b0e5-9bbd5ece1c94@group-3975FA4E760D->2a8a7cd7-06bf-4db7-87f4-48062698d858-GrpcLogAppender: appendEntries Timeout, request=7b82b5c3-1af5-4aef-b0e5-9bbd5ece1c94->2a8a7cd7-06bf-4db7-87f4-48062698d858#206-t3, previous=(t:3, i:24), leaderCommit=18, initializing? false, entries: <empty>
2019-09-17 06:04:28,358 [java.util.concurrent.ThreadPoolExecutor$Worker@40b25a1f[State = -1, empty queue]] WARN  server.GrpcLogAppender (GrpcLogAppender.java:timeoutAppendRequest(200)) - 7b82b5c3-1af5-4aef-b0e5-9bbd5ece1c94@group-3975FA4E760D->e93b3770-42ff-4133-989c-2c3f555af44b-GrpcLogAppender: appendEntries Timeout, request=7b82b5c3-1af5-4aef-b0e5-9bbd5ece1c94->e93b3770-42ff-4133-989c-2c3f555af44b#206-t3, previous=(t:3, i:24), leaderCommit=18, initializing? false, entries: <empty>
2019-09-17 06:04:30,351 [2a8a7cd7-06bf-4db7-87f4-48062698d858@group-3975FA4E760D-SegmentedRaftLogWorker] WARN  segmented.SegmentedRaftLogWorker (SegmentedRaftLogWorker.java:getFromFuture(90)) - Timeout 7/~
org.apache.ratis.protocol.TimeoutIOException: Timeout 10s: WriteLog:19: (t:3, i:19), STATEMACHINELOGENTRY, client-BA2506DDDB30, cid=140-writeStateMachineData
	at org.apache.ratis.util.IOUtils.getFromFuture(IOUtils.java:87)
	at org.apache.ratis.server.raftlog.segmented.SegmentedRaftLogWorker$StateMachineDataPolicy.getFromFuture(SegmentedRaftLogWorker.java:87)
	at org.apache.ratis.server.raftlog.segmented.SegmentedRaftLogWorker$WriteLog.execute(SegmentedRaftLogWorker.java:477)
	at org.apache.ratis.server.raftlog.segmented.SegmentedRaftLogWorker.run(SegmentedRaftLogWorker.java:289)
	at java.lang.Thread.run(Thread.java:748)
Caused by: java.util.concurrent.TimeoutException
	at java.util.concurrent.CompletableFuture.timedGet(CompletableFuture.java:1771)
	at java.util.concurrent.CompletableFuture.get(CompletableFuture.java:1915)
	at org.apache.ratis.util.IOUtils.getFromFuture(IOUtils.java:79)
	... 4 more
2019-09-17 06:04:30,461 [e93b3770-42ff-4133-989c-2c3f555af44b@group-3975FA4E760D-SegmentedRaftLogWorker] WARN  segmented.SegmentedRaftLogWorker (SegmentedRaftLogWorker.java:getFromFuture(90)) - Timeout 7/~
org.apache.ratis.protocol.TimeoutIOException: Timeout 10s: WriteLog:20: (t:3, i:20), STATEMACHINELOGENTRY, client-BA2506DDDB30, cid=141-writeStateMachineData
	at org.apache.ratis.util.IOUtils.getFromFuture(IOUtils.java:87)
	at org.apache.ratis.server.raftlog.segmented.SegmentedRaftLogWorker$StateMachineDataPolicy.getFromFuture(SegmentedRaftLogWorker.java:87)
	at org.apache.ratis.server.raftlog.segmented.SegmentedRaftLogWorker$WriteLog.execute(SegmentedRaftLogWorker.java:477)
	at org.apache.ratis.server.raftlog.segmented.SegmentedRaftLogWorker.run(SegmentedRaftLogWorker.java:289)
	at java.lang.Thread.run(Thread.java:748)
Caused by: java.util.concurrent.TimeoutException
	at java.util.concurrent.CompletableFuture.timedGet(CompletableFuture.java:1771)
	at java.util.concurrent.CompletableFuture.get(CompletableFuture.java:1915)
	at org.apache.ratis.util.IOUtils.getFromFuture(IOUtils.java:79)
	... 4 more
2019-09-17 06:04:30,464 [7b82b5c3-1af5-4aef-b0e5-9bbd5ece1c94@group-3975FA4E760D-SegmentedRaftLogWorker] WARN  segmented.SegmentedRaftLogWorker (SegmentedRaftLogWorker.java:getFromFuture(90)) - Timeout 7/~
org.apache.ratis.protocol.TimeoutIOException: Timeout 10s: WriteLog:20: (t:3, i:20), STATEMACHINELOGENTRY, client-BA2506DDDB30, cid=141-writeStateMachineData
	at org.apache.ratis.util.IOUtils.getFromFuture(IOUtils.java:87)
	at org.apache.ratis.server.raftlog.segmented.SegmentedRaftLogWorker$StateMachineDataPolicy.getFromFuture(SegmentedRaftLogWorker.java:87)
	at org.apache.ratis.server.raftlog.segmented.SegmentedRaftLogWorker$WriteLog.execute(SegmentedRaftLogWorker.java:477)
	at org.apache.ratis.server.raftlog.segmented.SegmentedRaftLogWorker.run(SegmentedRaftLogWorker.java:289)
	at java.lang.Thread.run(Thread.java:748)
Caused by: java.util.concurrent.TimeoutException
	at java.util.concurrent.CompletableFuture.timedGet(CompletableFuture.java:1771)
	at java.util.concurrent.CompletableFuture.get(CompletableFuture.java:1915)
	at org.apache.ratis.util.IOUtils.getFromFuture(IOUtils.java:79)
	... 4 more
2019-09-17 06:04:30,858 [java.util.concurrent.ThreadPoolExecutor$Worker@de36a13[State = -1, empty queue]] WARN  server.GrpcLogAppender (GrpcLogAppender.java:timeoutAppendRequest(200)) - 7b82b5c3-1af5-4aef-b0e5-9bbd5ece1c94@group-3975FA4E760D->2a8a7cd7-06bf-4db7-87f4-48062698d858-GrpcLogAppender: appendEntries Timeout, request=7b82b5c3-1af5-4aef-b0e5-9bbd5ece1c94->2a8a7cd7-06bf-4db7-87f4-48062698d858#207-t3, previous=(t:3, i:24), leaderCommit=18, initializing? false, entries: <empty>
2019-09-17 06:04:30,858 [java.util.concurrent.ThreadPoolExecutor$Worker@40b25a1f[State = -1, empty queue]] WARN  server.GrpcLogAppender (GrpcLogAppender.java:timeoutAppendRequest(200)) - 7b82b5c3-1af5-4aef-b0e5-9bbd5ece1c94@group-3975FA4E760D->e93b3770-42ff-4133-989c-2c3f555af44b-GrpcLogAppender: appendEntries Timeout, request=7b82b5c3-1af5-4aef-b0e5-9bbd5ece1c94->e93b3770-42ff-4133-989c-2c3f555af44b#207-t3, previous=(t:3, i:24), leaderCommit=18, initializing? false, entries: <empty>
2019-09-17 06:04:31,028 [grpc-default-executor-2] INFO  client.GrpcClientProtocolClient (GrpcClientProtocolClient.java:onNext(264)) - client-BA2506DDDB30->2a8a7cd7-06bf-4db7-87f4-48062698d858: receive RaftClientReply:client-BA2506DDDB30->2a8a7cd7-06bf-4db7-87f4-48062698d858@group-3975FA4E760D, cid=140, FAILED org.apache.ratis.protocol.NotLeaderException: Server 2a8a7cd7-06bf-4db7-87f4-48062698d858@group-3975FA4E760D is not the leader 7b82b5c3-1af5-4aef-b0e5-9bbd5ece1c94:192.168.34.7:38196, logIndex=0, commits[2a8a7cd7-06bf-4db7-87f4-48062698d858:c18, 7b82b5c3-1af5-4aef-b0e5-9bbd5ece1c94:c18, e93b3770-42ff-4133-989c-2c3f555af44b:c13]
2019-09-17 06:04:33,358 [java.util.concurrent.ThreadPoolExecutor$Worker@de36a13[State = -1, empty queue]] WARN  server.GrpcLogAppender (GrpcLogAppender.java:timeoutAppendRequest(200)) - 7b82b5c3-1af5-4aef-b0e5-9bbd5ece1c94@group-3975FA4E760D->2a8a7cd7-06bf-4db7-87f4-48062698d858-GrpcLogAppender: appendEntries Timeout, request=7b82b5c3-1af5-4aef-b0e5-9bbd5ece1c94->2a8a7cd7-06bf-4db7-87f4-48062698d858#208-t3, previous=(t:3, i:24), leaderCommit=18, initializing? false, entries: <empty>
2019-09-17 06:04:33,358 [java.util.concurrent.ThreadPoolExecutor$Worker@40b25a1f[State = -1, empty queue]] WARN  server.GrpcLogAppender (GrpcLogAppender.java:timeoutAppendRequest(200)) - 7b82b5c3-1af5-4aef-b0e5-9bbd5ece1c94@group-3975FA4E760D->e93b3770-42ff-4133-989c-2c3f555af44b-GrpcLogAppender: appendEntries Timeout, request=7b82b5c3-1af5-4aef-b0e5-9bbd5ece1c94->e93b3770-42ff-4133-989c-2c3f555af44b#208-t3, previous=(t:3, i:24), leaderCommit=18, initializing? false, entries: <empty>
2019-09-17 06:04:35,858 [java.util.concurrent.ThreadPoolExecutor$Worker@40b25a1f[State = -1, empty queue]] WARN  server.GrpcLogAppender (GrpcLogAppender.java:timeoutAppendRequest(200)) - 7b82b5c3-1af5-4aef-b0e5-9bbd5ece1c94@group-3975FA4E760D->e93b3770-42ff-4133-989c-2c3f555af44b-GrpcLogAppender: appendEntries Timeout, request=7b82b5c3-1af5-4aef-b0e5-9bbd5ece1c94->e93b3770-42ff-4133-989c-2c3f555af44b#209-t3, previous=(t:3, i:24), leaderCommit=18, initializing? false, entries: <empty>
2019-09-17 06:04:35,858 [java.util.concurrent.ThreadPoolExecutor$Worker@de36a13[State = -1, empty queue]] WARN  server.GrpcLogAppender (GrpcLogAppender.java:timeoutAppendRequest(200)) - 7b82b5c3-1af5-4aef-b0e5-9bbd5ece1c94@group-3975FA4E760D->2a8a7cd7-06bf-4db7-87f4-48062698d858-GrpcLogAppender: appendEntries Timeout, request=7b82b5c3-1af5-4aef-b0e5-9bbd5ece1c94->2a8a7cd7-06bf-4db7-87f4-48062698d858#209-t3, previous=(t:3, i:24), leaderCommit=18, initializing? false, entries: <empty>
2019-09-17 06:04:36,058 [grpc-default-executor-2] INFO  client.GrpcClientProtocolClient (GrpcClientProtocolClient.java:onNext(264)) - client-BA2506DDDB30->2a8a7cd7-06bf-4db7-87f4-48062698d858: receive RaftClientReply:client-BA2506DDDB30->2a8a7cd7-06bf-4db7-87f4-48062698d858@group-3975FA4E760D, cid=140, FAILED org.apache.ratis.protocol.NotLeaderException: Server 2a8a7cd7-06bf-4db7-87f4-48062698d858@group-3975FA4E760D is not the leader 7b82b5c3-1af5-4aef-b0e5-9bbd5ece1c94:192.168.34.7:38196, logIndex=0, commits[2a8a7cd7-06bf-4db7-87f4-48062698d858:c18, 7b82b5c3-1af5-4aef-b0e5-9bbd5ece1c94:c18, e93b3770-42ff-4133-989c-2c3f555af44b:c13]
2019-09-17 06:04:38,358 [java.util.concurrent.ThreadPoolExecutor$Worker@40b25a1f[State = -1, empty queue]] WARN  server.GrpcLogAppender (GrpcLogAppender.java:timeoutAppendRequest(200)) - 7b82b5c3-1af5-4aef-b0e5-9bbd5ece1c94@group-3975FA4E760D->e93b3770-42ff-4133-989c-2c3f555af44b-GrpcLogAppender: appendEntries Timeout, request=7b82b5c3-1af5-4aef-b0e5-9bbd5ece1c94->e93b3770-42ff-4133-989c-2c3f555af44b#210-t3, previous=(t:3, i:24), leaderCommit=18, initializing? false, entries: <empty>
2019-09-17 06:04:38,358 [java.util.concurrent.ThreadPoolExecutor$Worker@de36a13[State = -1, empty queue]] WARN  server.GrpcLogAppender (GrpcLogAppender.java:timeoutAppendRequest(200)) - 7b82b5c3-1af5-4aef-b0e5-9bbd5ece1c94@group-3975FA4E760D->2a8a7cd7-06bf-4db7-87f4-48062698d858-GrpcLogAppender: appendEntries Timeout, request=7b82b5c3-1af5-4aef-b0e5-9bbd5ece1c94->2a8a7cd7-06bf-4db7-87f4-48062698d858#210-t3, previous=(t:3, i:24), leaderCommit=18, initializing? false, entries: <empty>
2019-09-17 06:04:40,352 [2a8a7cd7-06bf-4db7-87f4-48062698d858@group-3975FA4E760D-SegmentedRaftLogWorker] WARN  segmented.SegmentedRaftLogWorker (SegmentedRaftLogWorker.java:getFromFuture(90)) - Timeout 8/~
org.apache.ratis.protocol.TimeoutIOException: Timeout 10s: WriteLog:19: (t:3, i:19), STATEMACHINELOGENTRY, client-BA2506DDDB30, cid=140-writeStateMachineData
	at org.apache.ratis.util.IOUtils.getFromFuture(IOUtils.java:87)
	at org.apache.ratis.server.raftlog.segmented.SegmentedRaftLogWorker$StateMachineDataPolicy.getFromFuture(SegmentedRaftLogWorker.java:87)
	at org.apache.ratis.server.raftlog.segmented.SegmentedRaftLogWorker$WriteLog.execute(SegmentedRaftLogWorker.java:477)
	at org.apache.ratis.server.raftlog.segmented.SegmentedRaftLogWorker.run(SegmentedRaftLogWorker.java:289)
	at java.lang.Thread.run(Thread.java:748)
Caused by: java.util.concurrent.TimeoutException
	at java.util.concurrent.CompletableFuture.timedGet(CompletableFuture.java:1771)
	at java.util.concurrent.CompletableFuture.get(CompletableFuture.java:1915)
	at org.apache.ratis.util.IOUtils.getFromFuture(IOUtils.java:79)
	... 4 more
2019-09-17 06:04:40,462 [e93b3770-42ff-4133-989c-2c3f555af44b@group-3975FA4E760D-SegmentedRaftLogWorker] WARN  segmented.SegmentedRaftLogWorker (SegmentedRaftLogWorker.java:getFromFuture(90)) - Timeout 8/~
org.apache.ratis.protocol.TimeoutIOException: Timeout 10s: WriteLog:20: (t:3, i:20), STATEMACHINELOGENTRY, client-BA2506DDDB30, cid=141-writeStateMachineData
	at org.apache.ratis.util.IOUtils.getFromFuture(IOUtils.java:87)
	at org.apache.ratis.server.raftlog.segmented.SegmentedRaftLogWorker$StateMachineDataPolicy.getFromFuture(SegmentedRaftLogWorker.java:87)
	at org.apache.ratis.server.raftlog.segmented.SegmentedRaftLogWorker$WriteLog.execute(SegmentedRaftLogWorker.java:477)
	at org.apache.ratis.server.raftlog.segmented.SegmentedRaftLogWorker.run(SegmentedRaftLogWorker.java:289)
	at java.lang.Thread.run(Thread.java:748)
Caused by: java.util.concurrent.TimeoutException
	at java.util.concurrent.CompletableFuture.timedGet(CompletableFuture.java:1771)
	at java.util.concurrent.CompletableFuture.get(CompletableFuture.java:1915)
	at org.apache.ratis.util.IOUtils.getFromFuture(IOUtils.java:79)
	... 4 more
2019-09-17 06:04:40,465 [7b82b5c3-1af5-4aef-b0e5-9bbd5ece1c94@group-3975FA4E760D-SegmentedRaftLogWorker] WARN  segmented.SegmentedRaftLogWorker (SegmentedRaftLogWorker.java:getFromFuture(90)) - Timeout 8/~
org.apache.ratis.protocol.TimeoutIOException: Timeout 10s: WriteLog:20: (t:3, i:20), STATEMACHINELOGENTRY, client-BA2506DDDB30, cid=141-writeStateMachineData
	at org.apache.ratis.util.IOUtils.getFromFuture(IOUtils.java:87)
	at org.apache.ratis.server.raftlog.segmented.SegmentedRaftLogWorker$StateMachineDataPolicy.getFromFuture(SegmentedRaftLogWorker.java:87)
	at org.apache.ratis.server.raftlog.segmented.SegmentedRaftLogWorker$WriteLog.execute(SegmentedRaftLogWorker.java:477)
	at org.apache.ratis.server.raftlog.segmented.SegmentedRaftLogWorker.run(SegmentedRaftLogWorker.java:289)
	at java.lang.Thread.run(Thread.java:748)
Caused by: java.util.concurrent.TimeoutException
	at java.util.concurrent.CompletableFuture.timedGet(CompletableFuture.java:1771)
	at java.util.concurrent.CompletableFuture.get(CompletableFuture.java:1915)
	at org.apache.ratis.util.IOUtils.getFromFuture(IOUtils.java:79)
	... 4 more
2019-09-17 06:04:40,859 [java.util.concurrent.ThreadPoolExecutor$Worker@40b25a1f[State = -1, empty queue]] WARN  server.GrpcLogAppender (GrpcLogAppender.java:timeoutAppendRequest(200)) - 7b82b5c3-1af5-4aef-b0e5-9bbd5ece1c94@group-3975FA4E760D->e93b3770-42ff-4133-989c-2c3f555af44b-GrpcLogAppender: appendEntries Timeout, request=7b82b5c3-1af5-4aef-b0e5-9bbd5ece1c94->e93b3770-42ff-4133-989c-2c3f555af44b#211-t3, previous=(t:3, i:24), leaderCommit=18, initializing? false, entries: <empty>
2019-09-17 06:04:40,859 [java.util.concurrent.ThreadPoolExecutor$Worker@de36a13[State = -1, empty queue]] WARN  server.GrpcLogAppender (GrpcLogAppender.java:timeoutAppendRequest(200)) - 7b82b5c3-1af5-4aef-b0e5-9bbd5ece1c94@group-3975FA4E760D->2a8a7cd7-06bf-4db7-87f4-48062698d858-GrpcLogAppender: appendEntries Timeout, request=7b82b5c3-1af5-4aef-b0e5-9bbd5ece1c94->2a8a7cd7-06bf-4db7-87f4-48062698d858#211-t3, previous=(t:3, i:24), leaderCommit=18, initializing? false, entries: <empty>
2019-09-17 06:04:41,129 [grpc-default-executor-2] INFO  client.GrpcClientProtocolClient (GrpcClientProtocolClient.java:onNext(264)) - client-BA2506DDDB30->2a8a7cd7-06bf-4db7-87f4-48062698d858: receive RaftClientReply:client-BA2506DDDB30->2a8a7cd7-06bf-4db7-87f4-48062698d858@group-3975FA4E760D, cid=140, FAILED org.apache.ratis.protocol.NotLeaderException: Server 2a8a7cd7-06bf-4db7-87f4-48062698d858@group-3975FA4E760D is not the leader 7b82b5c3-1af5-4aef-b0e5-9bbd5ece1c94:192.168.34.7:38196, logIndex=0, commits[2a8a7cd7-06bf-4db7-87f4-48062698d858:c18, 7b82b5c3-1af5-4aef-b0e5-9bbd5ece1c94:c18, e93b3770-42ff-4133-989c-2c3f555af44b:c13]
2019-09-17 06:04:43,359 [java.util.concurrent.ThreadPoolExecutor$Worker@40b25a1f[State = -1, empty queue]] WARN  server.GrpcLogAppender (GrpcLogAppender.java:timeoutAppendRequest(200)) - 7b82b5c3-1af5-4aef-b0e5-9bbd5ece1c94@group-3975FA4E760D->e93b3770-42ff-4133-989c-2c3f555af44b-GrpcLogAppender: appendEntries Timeout, request=7b82b5c3-1af5-4aef-b0e5-9bbd5ece1c94->e93b3770-42ff-4133-989c-2c3f555af44b#212-t3, previous=(t:3, i:24), leaderCommit=18, initializing? false, entries: <empty>
2019-09-17 06:04:43,359 [java.util.concurrent.ThreadPoolExecutor$Worker@de36a13[State = -1, empty queue]] WARN  server.GrpcLogAppender (GrpcLogAppender.java:timeoutAppendRequest(200)) - 7b82b5c3-1af5-4aef-b0e5-9bbd5ece1c94@group-3975FA4E760D->2a8a7cd7-06bf-4db7-87f4-48062698d858-GrpcLogAppender: appendEntries Timeout, request=7b82b5c3-1af5-4aef-b0e5-9bbd5ece1c94->2a8a7cd7-06bf-4db7-87f4-48062698d858#212-t3, previous=(t:3, i:24), leaderCommit=18, initializing? false, entries: <empty>
2019-09-17 06:04:45,859 [java.util.concurrent.ThreadPoolExecutor$Worker@40b25a1f[State = -1, empty queue]] WARN  server.GrpcLogAppender (GrpcLogAppender.java:timeoutAppendRequest(200)) - 7b82b5c3-1af5-4aef-b0e5-9bbd5ece1c94@group-3975FA4E760D->e93b3770-42ff-4133-989c-2c3f555af44b-GrpcLogAppender: appendEntries Timeout, request=7b82b5c3-1af5-4aef-b0e5-9bbd5ece1c94->e93b3770-42ff-4133-989c-2c3f555af44b#213-t3, previous=(t:3, i:24), leaderCommit=18, initializing? false, entries: <empty>
2019-09-17 06:04:45,859 [java.util.concurrent.ThreadPoolExecutor$Worker@de36a13[State = -1, empty queue]] WARN  server.GrpcLogAppender (GrpcLogAppender.java:timeoutAppendRequest(200)) - 7b82b5c3-1af5-4aef-b0e5-9bbd5ece1c94@group-3975FA4E760D->2a8a7cd7-06bf-4db7-87f4-48062698d858-GrpcLogAppender: appendEntries Timeout, request=7b82b5c3-1af5-4aef-b0e5-9bbd5ece1c94->2a8a7cd7-06bf-4db7-87f4-48062698d858#213-t3, previous=(t:3, i:24), leaderCommit=18, initializing? false, entries: <empty>
2019-09-17 06:04:46,179 [grpc-default-executor-2] INFO  client.GrpcClientProtocolClient (GrpcClientProtocolClient.java:onNext(264)) - client-BA2506DDDB30->e93b3770-42ff-4133-989c-2c3f555af44b: receive RaftClientReply:client-BA2506DDDB30->e93b3770-42ff-4133-989c-2c3f555af44b@group-3975FA4E760D, cid=140, FAILED org.apache.ratis.protocol.NotLeaderException: Server e93b3770-42ff-4133-989c-2c3f555af44b@group-3975FA4E760D is not the leader 7b82b5c3-1af5-4aef-b0e5-9bbd5ece1c94:192.168.34.7:38196, logIndex=0, commits[e93b3770-42ff-4133-989c-2c3f555af44b:c18, 2a8a7cd7-06bf-4db7-87f4-48062698d858:c13, 7b82b5c3-1af5-4aef-b0e5-9bbd5ece1c94:c18]
2019-09-17 06:04:48,359 [java.util.concurrent.ThreadPoolExecutor$Worker@40b25a1f[State = -1, empty queue]] WARN  server.GrpcLogAppender (GrpcLogAppender.java:timeoutAppendRequest(200)) - 7b82b5c3-1af5-4aef-b0e5-9bbd5ece1c94@group-3975FA4E760D->e93b3770-42ff-4133-989c-2c3f555af44b-GrpcLogAppender: appendEntries Timeout, request=7b82b5c3-1af5-4aef-b0e5-9bbd5ece1c94->e93b3770-42ff-4133-989c-2c3f555af44b#214-t3, previous=(t:3, i:24), leaderCommit=18, initializing? false, entries: <empty>
2019-09-17 06:04:48,360 [java.util.concurrent.ThreadPoolExecutor$Worker@de36a13[State = -1, empty queue]] WARN  server.GrpcLogAppender (GrpcLogAppender.java:timeoutAppendRequest(200)) - 7b82b5c3-1af5-4aef-b0e5-9bbd5ece1c94@group-3975FA4E760D->2a8a7cd7-06bf-4db7-87f4-48062698d858-GrpcLogAppender: appendEntries Timeout, request=7b82b5c3-1af5-4aef-b0e5-9bbd5ece1c94->2a8a7cd7-06bf-4db7-87f4-48062698d858#214-t3, previous=(t:3, i:24), leaderCommit=18, initializing? false, entries: <empty>
2019-09-17 06:04:50,354 [2a8a7cd7-06bf-4db7-87f4-48062698d858@group-3975FA4E760D-SegmentedRaftLogWorker] WARN  segmented.SegmentedRaftLogWorker (SegmentedRaftLogWorker.java:getFromFuture(90)) - Timeout 9/~
org.apache.ratis.protocol.TimeoutIOException: Timeout 10s: WriteLog:19: (t:3, i:19), STATEMACHINELOGENTRY, client-BA2506DDDB30, cid=140-writeStateMachineData
	at org.apache.ratis.util.IOUtils.getFromFuture(IOUtils.java:87)
	at org.apache.ratis.server.raftlog.segmented.SegmentedRaftLogWorker$StateMachineDataPolicy.getFromFuture(SegmentedRaftLogWorker.java:87)
	at org.apache.ratis.server.raftlog.segmented.SegmentedRaftLogWorker$WriteLog.execute(SegmentedRaftLogWorker.java:477)
	at org.apache.ratis.server.raftlog.segmented.SegmentedRaftLogWorker.run(SegmentedRaftLogWorker.java:289)
	at java.lang.Thread.run(Thread.java:748)
Caused by: java.util.concurrent.TimeoutException
	at java.util.concurrent.CompletableFuture.timedGet(CompletableFuture.java:1771)
	at java.util.concurrent.CompletableFuture.get(CompletableFuture.java:1915)
	at org.apache.ratis.util.IOUtils.getFromFuture(IOUtils.java:79)
	... 4 more
2019-09-17 06:04:50,462 [e93b3770-42ff-4133-989c-2c3f555af44b@group-3975FA4E760D-SegmentedRaftLogWorker] WARN  segmented.SegmentedRaftLogWorker (SegmentedRaftLogWorker.java:getFromFuture(90)) - Timeout 9/~
org.apache.ratis.protocol.TimeoutIOException: Timeout 10s: WriteLog:20: (t:3, i:20), STATEMACHINELOGENTRY, client-BA2506DDDB30, cid=141-writeStateMachineData
	at org.apache.ratis.util.IOUtils.getFromFuture(IOUtils.java:87)
	at org.apache.ratis.server.raftlog.segmented.SegmentedRaftLogWorker$StateMachineDataPolicy.getFromFuture(SegmentedRaftLogWorker.java:87)
	at org.apache.ratis.server.raftlog.segmented.SegmentedRaftLogWorker$WriteLog.execute(SegmentedRaftLogWorker.java:477)
	at org.apache.ratis.server.raftlog.segmented.SegmentedRaftLogWorker.run(SegmentedRaftLogWorker.java:289)
	at java.lang.Thread.run(Thread.java:748)
Caused by: java.util.concurrent.TimeoutException
	at java.util.concurrent.CompletableFuture.timedGet(CompletableFuture.java:1771)
	at java.util.concurrent.CompletableFuture.get(CompletableFuture.java:1915)
	at org.apache.ratis.util.IOUtils.getFromFuture(IOUtils.java:79)
	... 4 more
2019-09-17 06:04:50,465 [7b82b5c3-1af5-4aef-b0e5-9bbd5ece1c94@group-3975FA4E760D-SegmentedRaftLogWorker] WARN  segmented.SegmentedRaftLogWorker (SegmentedRaftLogWorker.java:getFromFuture(90)) - Timeout 9/~
org.apache.ratis.protocol.TimeoutIOException: Timeout 10s: WriteLog:20: (t:3, i:20), STATEMACHINELOGENTRY, client-BA2506DDDB30, cid=141-writeStateMachineData
	at org.apache.ratis.util.IOUtils.getFromFuture(IOUtils.java:87)
	at org.apache.ratis.server.raftlog.segmented.SegmentedRaftLogWorker$StateMachineDataPolicy.getFromFuture(SegmentedRaftLogWorker.java:87)
	at org.apache.ratis.server.raftlog.segmented.SegmentedRaftLogWorker$WriteLog.execute(SegmentedRaftLogWorker.java:477)
	at org.apache.ratis.server.raftlog.segmented.SegmentedRaftLogWorker.run(SegmentedRaftLogWorker.java:289)
	at java.lang.Thread.run(Thread.java:748)
Caused by: java.util.concurrent.TimeoutException
	at java.util.concurrent.CompletableFuture.timedGet(CompletableFuture.java:1771)
	at java.util.concurrent.CompletableFuture.get(CompletableFuture.java:1915)
	at org.apache.ratis.util.IOUtils.getFromFuture(IOUtils.java:79)
	... 4 more
2019-09-17 06:04:50,860 [java.util.concurrent.ThreadPoolExecutor$Worker@de36a13[State = -1, empty queue]] WARN  server.GrpcLogAppender (GrpcLogAppender.java:timeoutAppendRequest(200)) - 7b82b5c3-1af5-4aef-b0e5-9bbd5ece1c94@group-3975FA4E760D->2a8a7cd7-06bf-4db7-87f4-48062698d858-GrpcLogAppender: appendEntries Timeout, request=7b82b5c3-1af5-4aef-b0e5-9bbd5ece1c94->2a8a7cd7-06bf-4db7-87f4-48062698d858#215-t3, previous=(t:3, i:24), leaderCommit=18, initializing? false, entries: <empty>
2019-09-17 06:04:50,860 [java.util.concurrent.ThreadPoolExecutor$Worker@40b25a1f[State = -1, empty queue]] WARN  server.GrpcLogAppender (GrpcLogAppender.java:timeoutAppendRequest(200)) - 7b82b5c3-1af5-4aef-b0e5-9bbd5ece1c94@group-3975FA4E760D->e93b3770-42ff-4133-989c-2c3f555af44b-GrpcLogAppender: appendEntries Timeout, request=7b82b5c3-1af5-4aef-b0e5-9bbd5ece1c94->e93b3770-42ff-4133-989c-2c3f555af44b#215-t3, previous=(t:3, i:24), leaderCommit=18, initializing? false, entries: <empty>
2019-09-17 06:04:51,227 [grpc-default-executor-2] INFO  client.GrpcClientProtocolClient (GrpcClientProtocolClient.java:onNext(264)) - client-BA2506DDDB30->e93b3770-42ff-4133-989c-2c3f555af44b: receive RaftClientReply:client-BA2506DDDB30->e93b3770-42ff-4133-989c-2c3f555af44b@group-3975FA4E760D, cid=140, FAILED org.apache.ratis.protocol.NotLeaderException: Server e93b3770-42ff-4133-989c-2c3f555af44b@group-3975FA4E760D is not the leader 7b82b5c3-1af5-4aef-b0e5-9bbd5ece1c94:192.168.34.7:38196, logIndex=0, commits[e93b3770-42ff-4133-989c-2c3f555af44b:c18, 2a8a7cd7-06bf-4db7-87f4-48062698d858:c13, 7b82b5c3-1af5-4aef-b0e5-9bbd5ece1c94:c18]
2019-09-17 06:04:53,360 [java.util.concurrent.ThreadPoolExecutor$Worker@40b25a1f[State = -1, empty queue]] WARN  server.GrpcLogAppender (GrpcLogAppender.java:timeoutAppendRequest(200)) - 7b82b5c3-1af5-4aef-b0e5-9bbd5ece1c94@group-3975FA4E760D->e93b3770-42ff-4133-989c-2c3f555af44b-GrpcLogAppender: appendEntries Timeout, request=7b82b5c3-1af5-4aef-b0e5-9bbd5ece1c94->e93b3770-42ff-4133-989c-2c3f555af44b#216-t3, previous=(t:3, i:24), leaderCommit=18, initializing? false, entries: <empty>
2019-09-17 06:04:53,360 [java.util.concurrent.ThreadPoolExecutor$Worker@de36a13[State = -1, empty queue]] WARN  server.GrpcLogAppender (GrpcLogAppender.java:timeoutAppendRequest(200)) - 7b82b5c3-1af5-4aef-b0e5-9bbd5ece1c94@group-3975FA4E760D->2a8a7cd7-06bf-4db7-87f4-48062698d858-GrpcLogAppender: appendEntries Timeout, request=7b82b5c3-1af5-4aef-b0e5-9bbd5ece1c94->2a8a7cd7-06bf-4db7-87f4-48062698d858#216-t3, previous=(t:3, i:24), leaderCommit=18, initializing? false, entries: <empty>
2019-09-17 06:04:55,860 [java.util.concurrent.ThreadPoolExecutor$Worker@40b25a1f[State = -1, empty queue]] WARN  server.GrpcLogAppender (GrpcLogAppender.java:timeoutAppendRequest(200)) - 7b82b5c3-1af5-4aef-b0e5-9bbd5ece1c94@group-3975FA4E760D->e93b3770-42ff-4133-989c-2c3f555af44b-GrpcLogAppender: appendEntries Timeout, request=7b82b5c3-1af5-4aef-b0e5-9bbd5ece1c94->e93b3770-42ff-4133-989c-2c3f555af44b#217-t3, previous=(t:3, i:24), leaderCommit=18, initializing? false, entries: <empty>
2019-09-17 06:04:55,861 [java.util.concurrent.ThreadPoolExecutor$Worker@de36a13[State = -1, empty queue]] WARN  server.GrpcLogAppender (GrpcLogAppender.java:timeoutAppendRequest(200)) - 7b82b5c3-1af5-4aef-b0e5-9bbd5ece1c94@group-3975FA4E760D->2a8a7cd7-06bf-4db7-87f4-48062698d858-GrpcLogAppender: appendEntries Timeout, request=7b82b5c3-1af5-4aef-b0e5-9bbd5ece1c94->2a8a7cd7-06bf-4db7-87f4-48062698d858#217-t3, previous=(t:3, i:24), leaderCommit=18, initializing? false, entries: <empty>
2019-09-17 06:04:56,279 [grpc-default-executor-5] INFO  client.GrpcClientProtocolClient (GrpcClientProtocolClient.java:onNext(264)) - client-BA2506DDDB30->e93b3770-42ff-4133-989c-2c3f555af44b: receive RaftClientReply:client-BA2506DDDB30->e93b3770-42ff-4133-989c-2c3f555af44b@group-3975FA4E760D, cid=140, FAILED org.apache.ratis.protocol.NotLeaderException: Server e93b3770-42ff-4133-989c-2c3f555af44b@group-3975FA4E760D is not the leader 7b82b5c3-1af5-4aef-b0e5-9bbd5ece1c94:192.168.34.7:38196, logIndex=0, commits[e93b3770-42ff-4133-989c-2c3f555af44b:c18, 2a8a7cd7-06bf-4db7-87f4-48062698d858:c13, 7b82b5c3-1af5-4aef-b0e5-9bbd5ece1c94:c18]
2019-09-17 06:04:58,361 [java.util.concurrent.ThreadPoolExecutor$Worker@40b25a1f[State = -1, empty queue]] WARN  server.GrpcLogAppender (GrpcLogAppender.java:timeoutAppendRequest(200)) - 7b82b5c3-1af5-4aef-b0e5-9bbd5ece1c94@group-3975FA4E760D->e93b3770-42ff-4133-989c-2c3f555af44b-GrpcLogAppender: appendEntries Timeout, request=7b82b5c3-1af5-4aef-b0e5-9bbd5ece1c94->e93b3770-42ff-4133-989c-2c3f555af44b#218-t3, previous=(t:3, i:24), leaderCommit=18, initializing? false, entries: <empty>
2019-09-17 06:04:58,361 [java.util.concurrent.ThreadPoolExecutor$Worker@de36a13[State = -1, empty queue]] WARN  server.GrpcLogAppender (GrpcLogAppender.java:timeoutAppendRequest(200)) - 7b82b5c3-1af5-4aef-b0e5-9bbd5ece1c94@group-3975FA4E760D->2a8a7cd7-06bf-4db7-87f4-48062698d858-GrpcLogAppender: appendEntries Timeout, request=7b82b5c3-1af5-4aef-b0e5-9bbd5ece1c94->2a8a7cd7-06bf-4db7-87f4-48062698d858#218-t3, previous=(t:3, i:24), leaderCommit=18, initializing? false, entries: <empty>
2019-09-17 06:05:00,356 [2a8a7cd7-06bf-4db7-87f4-48062698d858@group-3975FA4E760D-SegmentedRaftLogWorker] WARN  segmented.SegmentedRaftLogWorker (SegmentedRaftLogWorker.java:getFromFuture(90)) - Timeout 10/~
org.apache.ratis.protocol.TimeoutIOException: Timeout 10s: WriteLog:19: (t:3, i:19), STATEMACHINELOGENTRY, client-BA2506DDDB30, cid=140-writeStateMachineData
	at org.apache.ratis.util.IOUtils.getFromFuture(IOUtils.java:87)
	at org.apache.ratis.server.raftlog.segmented.SegmentedRaftLogWorker$StateMachineDataPolicy.getFromFuture(SegmentedRaftLogWorker.java:87)
	at org.apache.ratis.server.raftlog.segmented.SegmentedRaftLogWorker$WriteLog.execute(SegmentedRaftLogWorker.java:477)
	at org.apache.ratis.server.raftlog.segmented.SegmentedRaftLogWorker.run(SegmentedRaftLogWorker.java:289)
	at java.lang.Thread.run(Thread.java:748)
Caused by: java.util.concurrent.TimeoutException
	at java.util.concurrent.CompletableFuture.timedGet(CompletableFuture.java:1771)
	at java.util.concurrent.CompletableFuture.get(CompletableFuture.java:1915)
	at org.apache.ratis.util.IOUtils.getFromFuture(IOUtils.java:79)
	... 4 more
2019-09-17 06:05:00,464 [e93b3770-42ff-4133-989c-2c3f555af44b@group-3975FA4E760D-SegmentedRaftLogWorker] WARN  segmented.SegmentedRaftLogWorker (SegmentedRaftLogWorker.java:getFromFuture(90)) - Timeout 10/~
org.apache.ratis.protocol.TimeoutIOException: Timeout 10s: WriteLog:20: (t:3, i:20), STATEMACHINELOGENTRY, client-BA2506DDDB30, cid=141-writeStateMachineData
	at org.apache.ratis.util.IOUtils.getFromFuture(IOUtils.java:87)
	at org.apache.ratis.server.raftlog.segmented.SegmentedRaftLogWorker$StateMachineDataPolicy.getFromFuture(SegmentedRaftLogWorker.java:87)
	at org.apache.ratis.server.raftlog.segmented.SegmentedRaftLogWorker$WriteLog.execute(SegmentedRaftLogWorker.java:477)
	at org.apache.ratis.server.raftlog.segmented.SegmentedRaftLogWorker.run(SegmentedRaftLogWorker.java:289)
	at java.lang.Thread.run(Thread.java:748)
Caused by: java.util.concurrent.TimeoutException
	at java.util.concurrent.CompletableFuture.timedGet(CompletableFuture.java:1771)
	at java.util.concurrent.CompletableFuture.get(CompletableFuture.java:1915)
	at org.apache.ratis.util.IOUtils.getFromFuture(IOUtils.java:79)
	... 4 more
2019-09-17 06:05:00,466 [7b82b5c3-1af5-4aef-b0e5-9bbd5ece1c94@group-3975FA4E760D-SegmentedRaftLogWorker] WARN  segmented.SegmentedRaftLogWorker (SegmentedRaftLogWorker.java:getFromFuture(90)) - Timeout 10/~
org.apache.ratis.protocol.TimeoutIOException: Timeout 10s: WriteLog:20: (t:3, i:20), STATEMACHINELOGENTRY, client-BA2506DDDB30, cid=141-writeStateMachineData
	at org.apache.ratis.util.IOUtils.getFromFuture(IOUtils.java:87)
	at org.apache.ratis.server.raftlog.segmented.SegmentedRaftLogWorker$StateMachineDataPolicy.getFromFuture(SegmentedRaftLogWorker.java:87)
	at org.apache.ratis.server.raftlog.segmented.SegmentedRaftLogWorker$WriteLog.execute(SegmentedRaftLogWorker.java:477)
	at org.apache.ratis.server.raftlog.segmented.SegmentedRaftLogWorker.run(SegmentedRaftLogWorker.java:289)
	at java.lang.Thread.run(Thread.java:748)
Caused by: java.util.concurrent.TimeoutException
	at java.util.concurrent.CompletableFuture.timedGet(CompletableFuture.java:1771)
	at java.util.concurrent.CompletableFuture.get(CompletableFuture.java:1915)
	at org.apache.ratis.util.IOUtils.getFromFuture(IOUtils.java:79)
	... 4 more
2019-09-17 06:05:00,861 [java.util.concurrent.ThreadPoolExecutor$Worker@de36a13[State = -1, empty queue]] WARN  server.GrpcLogAppender (GrpcLogAppender.java:timeoutAppendRequest(200)) - 7b82b5c3-1af5-4aef-b0e5-9bbd5ece1c94@group-3975FA4E760D->2a8a7cd7-06bf-4db7-87f4-48062698d858-GrpcLogAppender: appendEntries Timeout, request=7b82b5c3-1af5-4aef-b0e5-9bbd5ece1c94->2a8a7cd7-06bf-4db7-87f4-48062698d858#219-t3, previous=(t:3, i:24), leaderCommit=18, initializing? false, entries: <empty>
2019-09-17 06:05:00,861 [java.util.concurrent.ThreadPoolExecutor$Worker@40b25a1f[State = -1, empty queue]] WARN  server.GrpcLogAppender (GrpcLogAppender.java:timeoutAppendRequest(200)) - 7b82b5c3-1af5-4aef-b0e5-9bbd5ece1c94@group-3975FA4E760D->e93b3770-42ff-4133-989c-2c3f555af44b-GrpcLogAppender: appendEntries Timeout, request=7b82b5c3-1af5-4aef-b0e5-9bbd5ece1c94->e93b3770-42ff-4133-989c-2c3f555af44b#219-t3, previous=(t:3, i:24), leaderCommit=18, initializing? false, entries: <empty>
2019-09-17 06:05:01,348 [grpc-default-executor-1] INFO  client.GrpcClientProtocolClient (GrpcClientProtocolClient.java:onNext(264)) - client-BA2506DDDB30->e93b3770-42ff-4133-989c-2c3f555af44b: receive RaftClientReply:client-BA2506DDDB30->e93b3770-42ff-4133-989c-2c3f555af44b@group-3975FA4E760D, cid=140, FAILED org.apache.ratis.protocol.NotLeaderException: Server e93b3770-42ff-4133-989c-2c3f555af44b@group-3975FA4E760D is not the leader 7b82b5c3-1af5-4aef-b0e5-9bbd5ece1c94:192.168.34.7:38196, logIndex=0, commits[e93b3770-42ff-4133-989c-2c3f555af44b:c18, 2a8a7cd7-06bf-4db7-87f4-48062698d858:c13, 7b82b5c3-1af5-4aef-b0e5-9bbd5ece1c94:c18]
2019-09-17 06:05:03,362 [java.util.concurrent.ThreadPoolExecutor$Worker@40b25a1f[State = -1, empty queue]] WARN  server.GrpcLogAppender (GrpcLogAppender.java:timeoutAppendRequest(200)) - 7b82b5c3-1af5-4aef-b0e5-9bbd5ece1c94@group-3975FA4E760D->e93b3770-42ff-4133-989c-2c3f555af44b-GrpcLogAppender: appendEntries Timeout, request=7b82b5c3-1af5-4aef-b0e5-9bbd5ece1c94->e93b3770-42ff-4133-989c-2c3f555af44b#220-t3, previous=(t:3, i:24), leaderCommit=18, initializing? false, entries: <empty>
2019-09-17 06:05:03,362 [java.util.concurrent.ThreadPoolExecutor$Worker@de36a13[State = -1, empty queue]] WARN  server.GrpcLogAppender (GrpcLogAppender.java:timeoutAppendRequest(200)) - 7b82b5c3-1af5-4aef-b0e5-9bbd5ece1c94@group-3975FA4E760D->2a8a7cd7-06bf-4db7-87f4-48062698d858-GrpcLogAppender: appendEntries Timeout, request=7b82b5c3-1af5-4aef-b0e5-9bbd5ece1c94->2a8a7cd7-06bf-4db7-87f4-48062698d858#220-t3, previous=(t:3, i:24), leaderCommit=18, initializing? false, entries: <empty>
2019-09-17 06:05:05,862 [java.util.concurrent.ThreadPoolExecutor$Worker@40b25a1f[State = -1, empty queue]] WARN  server.GrpcLogAppender (GrpcLogAppender.java:timeoutAppendRequest(200)) - 7b82b5c3-1af5-4aef-b0e5-9bbd5ece1c94@group-3975FA4E760D->e93b3770-42ff-4133-989c-2c3f555af44b-GrpcLogAppender: appendEntries Timeout, request=7b82b5c3-1af5-4aef-b0e5-9bbd5ece1c94->e93b3770-42ff-4133-989c-2c3f555af44b#221-t3, previous=(t:3, i:24), leaderCommit=18, initializing? false, entries: <empty>
2019-09-17 06:05:05,862 [java.util.concurrent.ThreadPoolExecutor$Worker@de36a13[State = -1, empty queue]] WARN  server.GrpcLogAppender (GrpcLogAppender.java:timeoutAppendRequest(200)) - 7b82b5c3-1af5-4aef-b0e5-9bbd5ece1c94@group-3975FA4E760D->2a8a7cd7-06bf-4db7-87f4-48062698d858-GrpcLogAppender: appendEntries Timeout, request=7b82b5c3-1af5-4aef-b0e5-9bbd5ece1c94->2a8a7cd7-06bf-4db7-87f4-48062698d858#221-t3, previous=(t:3, i:24), leaderCommit=18, initializing? false, entries: <empty>
2019-09-17 06:05:06,409 [grpc-default-executor-6] INFO  client.GrpcClientProtocolClient (GrpcClientProtocolClient.java:onNext(264)) - client-BA2506DDDB30->2a8a7cd7-06bf-4db7-87f4-48062698d858: receive RaftClientReply:client-BA2506DDDB30->2a8a7cd7-06bf-4db7-87f4-48062698d858@group-3975FA4E760D, cid=140, FAILED org.apache.ratis.protocol.NotLeaderException: Server 2a8a7cd7-06bf-4db7-87f4-48062698d858@group-3975FA4E760D is not the leader 7b82b5c3-1af5-4aef-b0e5-9bbd5ece1c94:192.168.34.7:38196, logIndex=0, commits[2a8a7cd7-06bf-4db7-87f4-48062698d858:c18, 7b82b5c3-1af5-4aef-b0e5-9bbd5ece1c94:c18, e93b3770-42ff-4133-989c-2c3f555af44b:c13]
2019-09-17 06:05:08,364 [java.util.concurrent.ThreadPoolExecutor$Worker@40b25a1f[State = -1, empty queue]] WARN  server.GrpcLogAppender (GrpcLogAppender.java:timeoutAppendRequest(200)) - 7b82b5c3-1af5-4aef-b0e5-9bbd5ece1c94@group-3975FA4E760D->e93b3770-42ff-4133-989c-2c3f555af44b-GrpcLogAppender: appendEntries Timeout, request=7b82b5c3-1af5-4aef-b0e5-9bbd5ece1c94->e93b3770-42ff-4133-989c-2c3f555af44b#222-t3, previous=(t:3, i:24), leaderCommit=18, initializing? false, entries: <empty>
2019-09-17 06:05:08,364 [java.util.concurrent.ThreadPoolExecutor$Worker@de36a13[State = -1, empty queue]] WARN  server.GrpcLogAppender (GrpcLogAppender.java:timeoutAppendRequest(200)) - 7b82b5c3-1af5-4aef-b0e5-9bbd5ece1c94@group-3975FA4E760D->2a8a7cd7-06bf-4db7-87f4-48062698d858-GrpcLogAppender: appendEntries Timeout, request=7b82b5c3-1af5-4aef-b0e5-9bbd5ece1c94->2a8a7cd7-06bf-4db7-87f4-48062698d858#222-t3, previous=(t:3, i:24), leaderCommit=18, initializing? false, entries: <empty>
2019-09-17 06:05:10,357 [2a8a7cd7-06bf-4db7-87f4-48062698d858@group-3975FA4E760D-SegmentedRaftLogWorker] WARN  segmented.SegmentedRaftLogWorker (SegmentedRaftLogWorker.java:getFromFuture(90)) - Timeout 11/~
org.apache.ratis.protocol.TimeoutIOException: Timeout 10s: WriteLog:19: (t:3, i:19), STATEMACHINELOGENTRY, client-BA2506DDDB30, cid=140-writeStateMachineData
	at org.apache.ratis.util.IOUtils.getFromFuture(IOUtils.java:87)
	at org.apache.ratis.server.raftlog.segmented.SegmentedRaftLogWorker$StateMachineDataPolicy.getFromFuture(SegmentedRaftLogWorker.java:87)
	at org.apache.ratis.server.raftlog.segmented.SegmentedRaftLogWorker$WriteLog.execute(SegmentedRaftLogWorker.java:477)
	at org.apache.ratis.server.raftlog.segmented.SegmentedRaftLogWorker.run(SegmentedRaftLogWorker.java:289)
	at java.lang.Thread.run(Thread.java:748)
Caused by: java.util.concurrent.TimeoutException
	at java.util.concurrent.CompletableFuture.timedGet(CompletableFuture.java:1771)
	at java.util.concurrent.CompletableFuture.get(CompletableFuture.java:1915)
	at org.apache.ratis.util.IOUtils.getFromFuture(IOUtils.java:79)
	... 4 more
2019-09-17 06:05:10,375 [org.apache.ratis.server.impl.LogAppender$AppenderDaemon$$Lambda$508/456872507@320151f] ERROR ratis.XceiverServerRatis (XceiverServerRatis.java:triggerPipelineClose(575)) - pipeline Action CLOSE  on pipeline PipelineID=a8605ba1-ede5-406f-87cf-3975fa4e760d.Reason : 7b82b5c3-1af5-4aef-b0e5-9bbd5ece1c94 has not seen follower/s 2a8a7cd7-06bf-4db7-87f4-48062698d858 for 120495ms e93b3770-42ff-4133-989c-2c3f555af44b for 120499ms
2019-09-17 06:05:10,375 [org.apache.ratis.server.impl.LogAppender$AppenderDaemon$$Lambda$508/456872507@18278934] ERROR ratis.XceiverServerRatis (XceiverServerRatis.java:triggerPipelineClose(575)) - pipeline Action CLOSE  on pipeline PipelineID=a8605ba1-ede5-406f-87cf-3975fa4e760d.Reason : 7b82b5c3-1af5-4aef-b0e5-9bbd5ece1c94 has not seen follower/s 2a8a7cd7-06bf-4db7-87f4-48062698d858 for 120495ms e93b3770-42ff-4133-989c-2c3f555af44b for 120499ms
2019-09-17 06:05:10,464 [e93b3770-42ff-4133-989c-2c3f555af44b@group-3975FA4E760D-SegmentedRaftLogWorker] WARN  segmented.SegmentedRaftLogWorker (SegmentedRaftLogWorker.java:getFromFuture(90)) - Timeout 11/~
org.apache.ratis.protocol.TimeoutIOException: Timeout 10s: WriteLog:20: (t:3, i:20), STATEMACHINELOGENTRY, client-BA2506DDDB30, cid=141-writeStateMachineData
	at org.apache.ratis.util.IOUtils.getFromFuture(IOUtils.java:87)
	at org.apache.ratis.server.raftlog.segmented.SegmentedRaftLogWorker$StateMachineDataPolicy.getFromFuture(SegmentedRaftLogWorker.java:87)
	at org.apache.ratis.server.raftlog.segmented.SegmentedRaftLogWorker$WriteLog.execute(SegmentedRaftLogWorker.java:477)
	at org.apache.ratis.server.raftlog.segmented.SegmentedRaftLogWorker.run(SegmentedRaftLogWorker.java:289)
	at java.lang.Thread.run(Thread.java:748)
Caused by: java.util.concurrent.TimeoutException
	at java.util.concurrent.CompletableFuture.timedGet(CompletableFuture.java:1771)
	at java.util.concurrent.CompletableFuture.get(CompletableFuture.java:1915)
	at org.apache.ratis.util.IOUtils.getFromFuture(IOUtils.java:79)
	... 4 more
2019-09-17 06:05:10,467 [7b82b5c3-1af5-4aef-b0e5-9bbd5ece1c94@group-3975FA4E760D-SegmentedRaftLogWorker] WARN  segmented.SegmentedRaftLogWorker (SegmentedRaftLogWorker.java:getFromFuture(90)) - Timeout 11/~
org.apache.ratis.protocol.TimeoutIOException: Timeout 10s: WriteLog:20: (t:3, i:20), STATEMACHINELOGENTRY, client-BA2506DDDB30, cid=141-writeStateMachineData
	at org.apache.ratis.util.IOUtils.getFromFuture(IOUtils.java:87)
	at org.apache.ratis.server.raftlog.segmented.SegmentedRaftLogWorker$StateMachineDataPolicy.getFromFuture(SegmentedRaftLogWorker.java:87)
	at org.apache.ratis.server.raftlog.segmented.SegmentedRaftLogWorker$WriteLog.execute(SegmentedRaftLogWorker.java:477)
	at org.apache.ratis.server.raftlog.segmented.SegmentedRaftLogWorker.run(SegmentedRaftLogWorker.java:289)
	at java.lang.Thread.run(Thread.java:748)
Caused by: java.util.concurrent.TimeoutException
	at java.util.concurrent.CompletableFuture.timedGet(CompletableFuture.java:1771)
	at java.util.concurrent.CompletableFuture.get(CompletableFuture.java:1915)
	at org.apache.ratis.util.IOUtils.getFromFuture(IOUtils.java:79)
	... 4 more
2019-09-17 06:05:10,469 [EventQueue-PipelineActionsForPipelineActionHandler] ERROR pipeline.PipelineActionHandler (PipelineActionHandler.java:onMessage(60)) - Received pipeline action CLOSE for Pipeline[ Id: a8605ba1-ede5-406f-87cf-3975fa4e760d, Nodes: e93b3770-42ff-4133-989c-2c3f555af44b{ip: 192.168.34.7, host: pr-hdds-2132-5g9kv-3389001449, networkLocation: /default-rack, certSerialId: null}2a8a7cd7-06bf-4db7-87f4-48062698d858{ip: 192.168.34.7, host: pr-hdds-2132-5g9kv-3389001449, networkLocation: /default-rack, certSerialId: null}7b82b5c3-1af5-4aef-b0e5-9bbd5ece1c94{ip: 192.168.34.7, host: pr-hdds-2132-5g9kv-3389001449, networkLocation: /default-rack, certSerialId: null}, Type:RATIS, Factor:THREE, State:OPEN] from datanode 7b82b5c3-1af5-4aef-b0e5-9bbd5ece1c94{ip: 192.168.34.7, host: pr-hdds-2132-5g9kv-3389001449, networkLocation: /default-rack, certSerialId: null}. Reason : 7b82b5c3-1af5-4aef-b0e5-9bbd5ece1c94 has not seen follower/s 2a8a7cd7-06bf-4db7-87f4-48062698d858 for 120495ms e93b3770-42ff-4133-989c-2c3f555af44b for 120499ms
2019-09-17 06:05:10,469 [EventQueue-PipelineActionsForPipelineActionHandler] INFO  pipeline.SCMPipelineManager (SCMPipelineManager.java:finalizeAndDestroyPipeline(311)) - destroying pipeline:Pipeline[ Id: a8605ba1-ede5-406f-87cf-3975fa4e760d, Nodes: e93b3770-42ff-4133-989c-2c3f555af44b{ip: 192.168.34.7, host: pr-hdds-2132-5g9kv-3389001449, networkLocation: /default-rack, certSerialId: null}2a8a7cd7-06bf-4db7-87f4-48062698d858{ip: 192.168.34.7, host: pr-hdds-2132-5g9kv-3389001449, networkLocation: /default-rack, certSerialId: null}7b82b5c3-1af5-4aef-b0e5-9bbd5ece1c94{ip: 192.168.34.7, host: pr-hdds-2132-5g9kv-3389001449, networkLocation: /default-rack, certSerialId: null}, Type:RATIS, Factor:THREE, State:OPEN]
2019-09-17 06:05:10,470 [EventQueue-PipelineActionsForPipelineActionHandler] INFO  pipeline.PipelineStateManager (PipelineStateManager.java:finalizePipeline(123)) - Pipeline Pipeline[ Id: a8605ba1-ede5-406f-87cf-3975fa4e760d, Nodes: e93b3770-42ff-4133-989c-2c3f555af44b{ip: 192.168.34.7, host: pr-hdds-2132-5g9kv-3389001449, networkLocation: /default-rack, certSerialId: null}2a8a7cd7-06bf-4db7-87f4-48062698d858{ip: 192.168.34.7, host: pr-hdds-2132-5g9kv-3389001449, networkLocation: /default-rack, certSerialId: null}7b82b5c3-1af5-4aef-b0e5-9bbd5ece1c94{ip: 192.168.34.7, host: pr-hdds-2132-5g9kv-3389001449, networkLocation: /default-rack, certSerialId: null}, Type:RATIS, Factor:THREE, State:CLOSED] moved to CLOSED state
2019-09-17 06:05:10,470 [EventQueue-CloseContainerForCloseContainerEventHandler] INFO  container.CloseContainerEventHandler (CloseContainerEventHandler.java:onMessage(61)) - Close container Event triggered for container : #1
2019-09-17 06:05:10,471 [EventQueue-CloseContainerForCloseContainerEventHandler] INFO  container.CloseContainerEventHandler (CloseContainerEventHandler.java:onMessage(61)) - Close container Event triggered for container : #6
2019-09-17 06:05:10,472 [EventQueue-CloseContainerForCloseContainerEventHandler] INFO  container.CloseContainerEventHandler (CloseContainerEventHandler.java:onMessage(61)) - Close container Event triggered for container : #8
2019-09-17 06:05:10,866 [java.util.concurrent.ThreadPoolExecutor$Worker@de36a13[State = -1, empty queue]] WARN  server.GrpcLogAppender (GrpcLogAppender.java:timeoutAppendRequest(200)) - 7b82b5c3-1af5-4aef-b0e5-9bbd5ece1c94@group-3975FA4E760D->2a8a7cd7-06bf-4db7-87f4-48062698d858-GrpcLogAppender: appendEntries Timeout, request=7b82b5c3-1af5-4aef-b0e5-9bbd5ece1c94->2a8a7cd7-06bf-4db7-87f4-48062698d858#223-t3, previous=(t:3, i:24), leaderCommit=18, initializing? false, entries: <empty>
2019-09-17 06:05:10,866 [java.util.concurrent.ThreadPoolExecutor$Worker@40b25a1f[State = -1, empty queue]] WARN  server.GrpcLogAppender (GrpcLogAppender.java:timeoutAppendRequest(200)) - 7b82b5c3-1af5-4aef-b0e5-9bbd5ece1c94@group-3975FA4E760D->e93b3770-42ff-4133-989c-2c3f555af44b-GrpcLogAppender: appendEntries Timeout, request=7b82b5c3-1af5-4aef-b0e5-9bbd5ece1c94->e93b3770-42ff-4133-989c-2c3f555af44b#223-t3, previous=(t:3, i:24), leaderCommit=18, initializing? false, entries: <empty>
2019-09-17 06:05:11,448 [grpc-default-executor-1] INFO  client.GrpcClientProtocolClient (GrpcClientProtocolClient.java:onNext(264)) - client-BA2506DDDB30->2a8a7cd7-06bf-4db7-87f4-48062698d858: receive RaftClientReply:client-BA2506DDDB30->2a8a7cd7-06bf-4db7-87f4-48062698d858@group-3975FA4E760D, cid=140, FAILED org.apache.ratis.protocol.NotLeaderException: Server 2a8a7cd7-06bf-4db7-87f4-48062698d858@group-3975FA4E760D is not the leader 7b82b5c3-1af5-4aef-b0e5-9bbd5ece1c94:192.168.34.7:38196, logIndex=0, commits[2a8a7cd7-06bf-4db7-87f4-48062698d858:c18, 7b82b5c3-1af5-4aef-b0e5-9bbd5ece1c94:c18, e93b3770-42ff-4133-989c-2c3f555af44b:c13]
2019-09-17 06:05:12,869 [org.apache.ratis.server.impl.LogAppender$AppenderDaemon$$Lambda$508/456872507@320151f] ERROR ratis.XceiverServerRatis (XceiverServerRatis.java:triggerPipelineClose(575)) - pipeline Action CLOSE  on pipeline PipelineID=a8605ba1-ede5-406f-87cf-3975fa4e760d.Reason : 7b82b5c3-1af5-4aef-b0e5-9bbd5ece1c94 has not seen follower/s 2a8a7cd7-06bf-4db7-87f4-48062698d858 for 122996ms e93b3770-42ff-4133-989c-2c3f555af44b for 123000ms
2019-09-17 06:05:12,869 [org.apache.ratis.server.impl.LogAppender$AppenderDaemon$$Lambda$508/456872507@18278934] ERROR ratis.XceiverServerRatis (XceiverServerRatis.java:triggerPipelineClose(575)) - pipeline Action CLOSE  on pipeline PipelineID=a8605ba1-ede5-406f-87cf-3975fa4e760d.Reason : 7b82b5c3-1af5-4aef-b0e5-9bbd5ece1c94 has not seen follower/s 2a8a7cd7-06bf-4db7-87f4-48062698d858 for 122996ms e93b3770-42ff-4133-989c-2c3f555af44b for 123000ms
2019-09-17 06:05:13,367 [java.util.concurrent.ThreadPoolExecutor$Worker@40b25a1f[State = -1, empty queue]] WARN  server.GrpcLogAppender (GrpcLogAppender.java:timeoutAppendRequest(200)) - 7b82b5c3-1af5-4aef-b0e5-9bbd5ece1c94@group-3975FA4E760D->e93b3770-42ff-4133-989c-2c3f555af44b-GrpcLogAppender: appendEntries Timeout, request=7b82b5c3-1af5-4aef-b0e5-9bbd5ece1c94->e93b3770-42ff-4133-989c-2c3f555af44b#224-t3, previous=(t:3, i:24), leaderCommit=18, initializing? false, entries: <empty>
2019-09-17 06:05:13,367 [java.util.concurrent.ThreadPoolExecutor$Worker@de36a13[State = -1, empty queue]] WARN  server.GrpcLogAppender (GrpcLogAppender.java:timeoutAppendRequest(200)) - 7b82b5c3-1af5-4aef-b0e5-9bbd5ece1c94@group-3975FA4E760D->2a8a7cd7-06bf-4db7-87f4-48062698d858-GrpcLogAppender: appendEntries Timeout, request=7b82b5c3-1af5-4aef-b0e5-9bbd5ece1c94->2a8a7cd7-06bf-4db7-87f4-48062698d858#224-t3, previous=(t:3, i:24), leaderCommit=18, initializing? false, entries: <empty>
2019-09-17 06:05:13,470 [EventQueue-PipelineActionsForPipelineActionHandler] ERROR pipeline.PipelineActionHandler (PipelineActionHandler.java:onMessage(60)) - Received pipeline action CLOSE for Pipeline[ Id: a8605ba1-ede5-406f-87cf-3975fa4e760d, Nodes: e93b3770-42ff-4133-989c-2c3f555af44b{ip: 192.168.34.7, host: pr-hdds-2132-5g9kv-3389001449, networkLocation: /default-rack, certSerialId: null}2a8a7cd7-06bf-4db7-87f4-48062698d858{ip: 192.168.34.7, host: pr-hdds-2132-5g9kv-3389001449, networkLocation: /default-rack, certSerialId: null}7b82b5c3-1af5-4aef-b0e5-9bbd5ece1c94{ip: 192.168.34.7, host: pr-hdds-2132-5g9kv-3389001449, networkLocation: /default-rack, certSerialId: null}, Type:RATIS, Factor:THREE, State:CLOSED] from datanode 7b82b5c3-1af5-4aef-b0e5-9bbd5ece1c94{ip: 192.168.34.7, host: pr-hdds-2132-5g9kv-3389001449, networkLocation: /default-rack, certSerialId: null}. Reason : 7b82b5c3-1af5-4aef-b0e5-9bbd5ece1c94 has not seen follower/s 2a8a7cd7-06bf-4db7-87f4-48062698d858 for 122996ms e93b3770-42ff-4133-989c-2c3f555af44b for 123000ms
2019-09-17 06:05:13,470 [EventQueue-PipelineActionsForPipelineActionHandler] INFO  pipeline.SCMPipelineManager (SCMPipelineManager.java:finalizeAndDestroyPipeline(311)) - destroying pipeline:Pipeline[ Id: a8605ba1-ede5-406f-87cf-3975fa4e760d, Nodes: e93b3770-42ff-4133-989c-2c3f555af44b{ip: 192.168.34.7, host: pr-hdds-2132-5g9kv-3389001449, networkLocation: /default-rack, certSerialId: null}2a8a7cd7-06bf-4db7-87f4-48062698d858{ip: 192.168.34.7, host: pr-hdds-2132-5g9kv-3389001449, networkLocation: /default-rack, certSerialId: null}7b82b5c3-1af5-4aef-b0e5-9bbd5ece1c94{ip: 192.168.34.7, host: pr-hdds-2132-5g9kv-3389001449, networkLocation: /default-rack, certSerialId: null}, Type:RATIS, Factor:THREE, State:CLOSED]
2019-09-17 06:05:13,477 [org.apache.ratis.server.impl.LogAppender$AppenderDaemon$$Lambda$508/456872507@18278934] ERROR ratis.XceiverServerRatis (XceiverServerRatis.java:triggerPipelineClose(575)) - pipeline Action CLOSE  on pipeline PipelineID=a8605ba1-ede5-406f-87cf-3975fa4e760d.Reason : 7b82b5c3-1af5-4aef-b0e5-9bbd5ece1c94 has not seen follower/s 2a8a7cd7-06bf-4db7-87f4-48062698d858 for 123604ms e93b3770-42ff-4133-989c-2c3f555af44b for 123608ms
2019-09-17 06:05:13,477 [org.apache.ratis.server.impl.LogAppender$AppenderDaemon$$Lambda$508/456872507@320151f] ERROR ratis.XceiverServerRatis (XceiverServerRatis.java:triggerPipelineClose(575)) - pipeline Action CLOSE  on pipeline PipelineID=a8605ba1-ede5-406f-87cf-3975fa4e760d.Reason : 7b82b5c3-1af5-4aef-b0e5-9bbd5ece1c94 has not seen follower/s 2a8a7cd7-06bf-4db7-87f4-48062698d858 for 123604ms e93b3770-42ff-4133-989c-2c3f555af44b for 123608ms
2019-09-17 06:05:14,475 [EventQueue-PipelineActionsForPipelineActionHandler] ERROR pipeline.PipelineActionHandler (PipelineActionHandler.java:onMessage(60)) - Received pipeline action CLOSE for Pipeline[ Id: a8605ba1-ede5-406f-87cf-3975fa4e760d, Nodes: e93b3770-42ff-4133-989c-2c3f555af44b{ip: 192.168.34.7, host: pr-hdds-2132-5g9kv-3389001449, networkLocation: /default-rack, certSerialId: null}2a8a7cd7-06bf-4db7-87f4-48062698d858{ip: 192.168.34.7, host: pr-hdds-2132-5g9kv-3389001449, networkLocation: /default-rack, certSerialId: null}7b82b5c3-1af5-4aef-b0e5-9bbd5ece1c94{ip: 192.168.34.7, host: pr-hdds-2132-5g9kv-3389001449, networkLocation: /default-rack, certSerialId: null}, Type:RATIS, Factor:THREE, State:CLOSED] from datanode 7b82b5c3-1af5-4aef-b0e5-9bbd5ece1c94{ip: 192.168.34.7, host: pr-hdds-2132-5g9kv-3389001449, networkLocation: /default-rack, certSerialId: null}. Reason : 7b82b5c3-1af5-4aef-b0e5-9bbd5ece1c94 has not seen follower/s 2a8a7cd7-06bf-4db7-87f4-48062698d858 for 123604ms e93b3770-42ff-4133-989c-2c3f555af44b for 123608ms
2019-09-17 06:05:14,476 [EventQueue-PipelineActionsForPipelineActionHandler] INFO  pipeline.SCMPipelineManager (SCMPipelineManager.java:finalizeAndDestroyPipeline(311)) - destroying pipeline:Pipeline[ Id: a8605ba1-ede5-406f-87cf-3975fa4e760d, Nodes: e93b3770-42ff-4133-989c-2c3f555af44b{ip: 192.168.34.7, host: pr-hdds-2132-5g9kv-3389001449, networkLocation: /default-rack, certSerialId: null}2a8a7cd7-06bf-4db7-87f4-48062698d858{ip: 192.168.34.7, host: pr-hdds-2132-5g9kv-3389001449, networkLocation: /default-rack, certSerialId: null}7b82b5c3-1af5-4aef-b0e5-9bbd5ece1c94{ip: 192.168.34.7, host: pr-hdds-2132-5g9kv-3389001449, networkLocation: /default-rack, certSerialId: null}, Type:RATIS, Factor:THREE, State:CLOSED]
2019-09-17 06:05:15,868 [java.util.concurrent.ThreadPoolExecutor$Worker@40b25a1f[State = -1, empty queue]] WARN  server.GrpcLogAppender (GrpcLogAppender.java:timeoutAppendRequest(200)) - 7b82b5c3-1af5-4aef-b0e5-9bbd5ece1c94@group-3975FA4E760D->e93b3770-42ff-4133-989c-2c3f555af44b-GrpcLogAppender: appendEntries Timeout, request=7b82b5c3-1af5-4aef-b0e5-9bbd5ece1c94->e93b3770-42ff-4133-989c-2c3f555af44b#225-t3, previous=(t:3, i:24), leaderCommit=18, initializing? false, entries: <empty>
2019-09-17 06:05:15,868 [java.util.concurrent.ThreadPoolExecutor$Worker@de36a13[State = -1, empty queue]] WARN  server.GrpcLogAppender (GrpcLogAppender.java:timeoutAppendRequest(200)) - 7b82b5c3-1af5-4aef-b0e5-9bbd5ece1c94@group-3975FA4E760D->2a8a7cd7-06bf-4db7-87f4-48062698d858-GrpcLogAppender: appendEntries Timeout, request=7b82b5c3-1af5-4aef-b0e5-9bbd5ece1c94->2a8a7cd7-06bf-4db7-87f4-48062698d858#225-t3, previous=(t:3, i:24), leaderCommit=18, initializing? false, entries: <empty>
2019-09-17 06:05:15,977 [org.apache.ratis.server.impl.LogAppender$AppenderDaemon$$Lambda$508/456872507@320151f] ERROR ratis.XceiverServerRatis (XceiverServerRatis.java:triggerPipelineClose(575)) - pipeline Action CLOSE  on pipeline PipelineID=a8605ba1-ede5-406f-87cf-3975fa4e760d.Reason : 7b82b5c3-1af5-4aef-b0e5-9bbd5ece1c94 has not seen follower/s 2a8a7cd7-06bf-4db7-87f4-48062698d858 for 126105ms e93b3770-42ff-4133-989c-2c3f555af44b for 126109ms
2019-09-17 06:05:15,977 [org.apache.ratis.server.impl.LogAppender$AppenderDaemon$$Lambda$508/456872507@18278934] ERROR ratis.XceiverServerRatis (XceiverServerRatis.java:triggerPipelineClose(575)) - pipeline Action CLOSE  on pipeline PipelineID=a8605ba1-ede5-406f-87cf-3975fa4e760d.Reason : 7b82b5c3-1af5-4aef-b0e5-9bbd5ece1c94 has not seen follower/s 2a8a7cd7-06bf-4db7-87f4-48062698d858 for 126105ms e93b3770-42ff-4133-989c-2c3f555af44b for 126109ms
2019-09-17 06:05:16,477 [EventQueue-PipelineActionsForPipelineActionHandler] ERROR pipeline.PipelineActionHandler (PipelineActionHandler.java:onMessage(60)) - Received pipeline action CLOSE for Pipeline[ Id: a8605ba1-ede5-406f-87cf-3975fa4e760d, Nodes: e93b3770-42ff-4133-989c-2c3f555af44b{ip: 192.168.34.7, host: pr-hdds-2132-5g9kv-3389001449, networkLocation: /default-rack, certSerialId: null}2a8a7cd7-06bf-4db7-87f4-48062698d858{ip: 192.168.34.7, host: pr-hdds-2132-5g9kv-3389001449, networkLocation: /default-rack, certSerialId: null}7b82b5c3-1af5-4aef-b0e5-9bbd5ece1c94{ip: 192.168.34.7, host: pr-hdds-2132-5g9kv-3389001449, networkLocation: /default-rack, certSerialId: null}, Type:RATIS, Factor:THREE, State:CLOSED] from datanode 7b82b5c3-1af5-4aef-b0e5-9bbd5ece1c94{ip: 192.168.34.7, host: pr-hdds-2132-5g9kv-3389001449, networkLocation: /default-rack, certSerialId: null}. Reason : 7b82b5c3-1af5-4aef-b0e5-9bbd5ece1c94 has not seen follower/s 2a8a7cd7-06bf-4db7-87f4-48062698d858 for 126105ms e93b3770-42ff-4133-989c-2c3f555af44b for 126109ms
2019-09-17 06:05:16,477 [java.util.concurrent.ThreadPoolExecutor$Worker@40b25a1f[State = -1, empty queue]] WARN  server.GrpcLogAppender (GrpcLogAppender.java:timeoutAppendRequest(200)) - 7b82b5c3-1af5-4aef-b0e5-9bbd5ece1c94@group-3975FA4E760D->e93b3770-42ff-4133-989c-2c3f555af44b-GrpcLogAppender: appendEntries Timeout, request=7b82b5c3-1af5-4aef-b0e5-9bbd5ece1c94->e93b3770-42ff-4133-989c-2c3f555af44b#226-t3, previous=(t:3, i:24), leaderCommit=18, initializing? false, entries: size=1, first=(t:3, i:25), STATEMACHINELOGENTRY, client-7E9CC1027558, cid=18
2019-09-17 06:05:16,477 [java.util.concurrent.ThreadPoolExecutor$Worker@de36a13[State = -1, empty queue]] WARN  server.GrpcLogAppender (GrpcLogAppender.java:timeoutAppendRequest(200)) - 7b82b5c3-1af5-4aef-b0e5-9bbd5ece1c94@group-3975FA4E760D->2a8a7cd7-06bf-4db7-87f4-48062698d858-GrpcLogAppender: appendEntries Timeout, request=7b82b5c3-1af5-4aef-b0e5-9bbd5ece1c94->2a8a7cd7-06bf-4db7-87f4-48062698d858#226-t3, previous=(t:3, i:24), leaderCommit=18, initializing? false, entries: size=1, first=(t:3, i:25), STATEMACHINELOGENTRY, client-7E9CC1027558, cid=18
2019-09-17 06:05:16,477 [EventQueue-PipelineActionsForPipelineActionHandler] INFO  pipeline.SCMPipelineManager (SCMPipelineManager.java:finalizeAndDestroyPipeline(311)) - destroying pipeline:Pipeline[ Id: a8605ba1-ede5-406f-87cf-3975fa4e760d, Nodes: e93b3770-42ff-4133-989c-2c3f555af44b{ip: 192.168.34.7, host: pr-hdds-2132-5g9kv-3389001449, networkLocation: /default-rack, certSerialId: null}2a8a7cd7-06bf-4db7-87f4-48062698d858{ip: 192.168.34.7, host: pr-hdds-2132-5g9kv-3389001449, networkLocation: /default-rack, certSerialId: null}7b82b5c3-1af5-4aef-b0e5-9bbd5ece1c94{ip: 192.168.34.7, host: pr-hdds-2132-5g9kv-3389001449, networkLocation: /default-rack, certSerialId: null}, Type:RATIS, Factor:THREE, State:CLOSED]
2019-09-17 06:05:16,487 [grpc-default-executor-2] INFO  client.GrpcClientProtocolClient (GrpcClientProtocolClient.java:onNext(264)) - client-BA2506DDDB30->e93b3770-42ff-4133-989c-2c3f555af44b: receive RaftClientReply:client-BA2506DDDB30->e93b3770-42ff-4133-989c-2c3f555af44b@group-3975FA4E760D, cid=140, FAILED org.apache.ratis.protocol.NotLeaderException: Server e93b3770-42ff-4133-989c-2c3f555af44b@group-3975FA4E760D is not the leader 7b82b5c3-1af5-4aef-b0e5-9bbd5ece1c94:192.168.34.7:38196, logIndex=0, commits[e93b3770-42ff-4133-989c-2c3f555af44b:c18, 2a8a7cd7-06bf-4db7-87f4-48062698d858:c13, 7b82b5c3-1af5-4aef-b0e5-9bbd5ece1c94:c18]
2019-09-17 06:05:18,478 [org.apache.ratis.server.impl.LogAppender$AppenderDaemon$$Lambda$508/456872507@320151f] ERROR ratis.XceiverServerRatis (XceiverServerRatis.java:triggerPipelineClose(575)) - pipeline Action CLOSE  on pipeline PipelineID=a8605ba1-ede5-406f-87cf-3975fa4e760d.Reason : 7b82b5c3-1af5-4aef-b0e5-9bbd5ece1c94 has not seen follower/s 2a8a7cd7-06bf-4db7-87f4-48062698d858 for 128606ms e93b3770-42ff-4133-989c-2c3f555af44b for 128610ms
2019-09-17 06:05:18,478 [org.apache.ratis.server.impl.LogAppender$AppenderDaemon$$Lambda$508/456872507@18278934] ERROR ratis.XceiverServerRatis (XceiverServerRatis.java:triggerPipelineClose(575)) - pipeline Action CLOSE  on pipeline PipelineID=a8605ba1-ede5-406f-87cf-3975fa4e760d.Reason : 7b82b5c3-1af5-4aef-b0e5-9bbd5ece1c94 has not seen follower/s 2a8a7cd7-06bf-4db7-87f4-48062698d858 for 128606ms e93b3770-42ff-4133-989c-2c3f555af44b for 128610ms
2019-09-17 06:05:18,977 [java.util.concurrent.ThreadPoolExecutor$Worker@de36a13[State = -1, empty queue]] WARN  server.GrpcLogAppender (GrpcLogAppender.java:timeoutAppendRequest(200)) - 7b82b5c3-1af5-4aef-b0e5-9bbd5ece1c94@group-3975FA4E760D->2a8a7cd7-06bf-4db7-87f4-48062698d858-GrpcLogAppender: appendEntries Timeout, request=7b82b5c3-1af5-4aef-b0e5-9bbd5ece1c94->2a8a7cd7-06bf-4db7-87f4-48062698d858#227-t3, previous=(t:3, i:25), leaderCommit=18, initializing? false, entries: <empty>
2019-09-17 06:05:18,977 [java.util.concurrent.ThreadPoolExecutor$Worker@40b25a1f[State = -1, empty queue]] WARN  server.GrpcLogAppender (GrpcLogAppender.java:timeoutAppendRequest(200)) - 7b82b5c3-1af5-4aef-b0e5-9bbd5ece1c94@group-3975FA4E760D->e93b3770-42ff-4133-989c-2c3f555af44b-GrpcLogAppender: appendEntries Timeout, request=7b82b5c3-1af5-4aef-b0e5-9bbd5ece1c94->e93b3770-42ff-4133-989c-2c3f555af44b#227-t3, previous=(t:3, i:25), leaderCommit=18, initializing? false, entries: <empty>
2019-09-17 06:05:19,476 [EventQueue-PipelineActionsForPipelineActionHandler] ERROR pipeline.PipelineActionHandler (PipelineActionHandler.java:onMessage(60)) - Received pipeline action CLOSE for Pipeline[ Id: a8605ba1-ede5-406f-87cf-3975fa4e760d, Nodes: e93b3770-42ff-4133-989c-2c3f555af44b{ip: 192.168.34.7, host: pr-hdds-2132-5g9kv-3389001449, networkLocation: /default-rack, certSerialId: null}2a8a7cd7-06bf-4db7-87f4-48062698d858{ip: 192.168.34.7, host: pr-hdds-2132-5g9kv-3389001449, networkLocation: /default-rack, certSerialId: null}7b82b5c3-1af5-4aef-b0e5-9bbd5ece1c94{ip: 192.168.34.7, host: pr-hdds-2132-5g9kv-3389001449, networkLocation: /default-rack, certSerialId: null}, Type:RATIS, Factor:THREE, State:CLOSED] from datanode 7b82b5c3-1af5-4aef-b0e5-9bbd5ece1c94{ip: 192.168.34.7, host: pr-hdds-2132-5g9kv-3389001449, networkLocation: /default-rack, certSerialId: null}. Reason : 7b82b5c3-1af5-4aef-b0e5-9bbd5ece1c94 has not seen follower/s 2a8a7cd7-06bf-4db7-87f4-48062698d858 for 128606ms e93b3770-42ff-4133-989c-2c3f555af44b for 128610ms
2019-09-17 06:05:19,477 [EventQueue-PipelineActionsForPipelineActionHandler] INFO  pipeline.SCMPipelineManager (SCMPipelineManager.java:finalizeAndDestroyPipeline(311)) - destroying pipeline:Pipeline[ Id: a8605ba1-ede5-406f-87cf-3975fa4e760d, Nodes: e93b3770-42ff-4133-989c-2c3f555af44b{ip: 192.168.34.7, host: pr-hdds-2132-5g9kv-3389001449, networkLocation: /default-rack, certSerialId: null}2a8a7cd7-06bf-4db7-87f4-48062698d858{ip: 192.168.34.7, host: pr-hdds-2132-5g9kv-3389001449, networkLocation: /default-rack, certSerialId: null}7b82b5c3-1af5-4aef-b0e5-9bbd5ece1c94{ip: 192.168.34.7, host: pr-hdds-2132-5g9kv-3389001449, networkLocation: /default-rack, certSerialId: null}, Type:RATIS, Factor:THREE, State:CLOSED]
2019-09-17 06:05:20,358 [2a8a7cd7-06bf-4db7-87f4-48062698d858@group-3975FA4E760D-SegmentedRaftLogWorker] WARN  segmented.SegmentedRaftLogWorker (SegmentedRaftLogWorker.java:getFromFuture(90)) - Timeout 12/~
org.apache.ratis.protocol.TimeoutIOException: Timeout 10s: WriteLog:19: (t:3, i:19), STATEMACHINELOGENTRY, client-BA2506DDDB30, cid=140-writeStateMachineData
	at org.apache.ratis.util.IOUtils.getFromFuture(IOUtils.java:87)
	at org.apache.ratis.server.raftlog.segmented.SegmentedRaftLogWorker$StateMachineDataPolicy.getFromFuture(SegmentedRaftLogWorker.java:87)
	at org.apache.ratis.server.raftlog.segmented.SegmentedRaftLogWorker$WriteLog.execute(SegmentedRaftLogWorker.java:477)
	at org.apache.ratis.server.raftlog.segmented.SegmentedRaftLogWorker.run(SegmentedRaftLogWorker.java:289)
	at java.lang.Thread.run(Thread.java:748)
Caused by: java.util.concurrent.TimeoutException
	at java.util.concurrent.CompletableFuture.timedGet(CompletableFuture.java:1771)
	at java.util.concurrent.CompletableFuture.get(CompletableFuture.java:1915)
	at org.apache.ratis.util.IOUtils.getFromFuture(IOUtils.java:79)
	... 4 more
2019-09-17 06:05:20,465 [e93b3770-42ff-4133-989c-2c3f555af44b@group-3975FA4E760D-SegmentedRaftLogWorker] WARN  segmented.SegmentedRaftLogWorker (SegmentedRaftLogWorker.java:getFromFuture(90)) - Timeout 12/~
org.apache.ratis.protocol.TimeoutIOException: Timeout 10s: WriteLog:20: (t:3, i:20), STATEMACHINELOGENTRY, client-BA2506DDDB30, cid=141-writeStateMachineData
	at org.apache.ratis.util.IOUtils.getFromFuture(IOUtils.java:87)
	at org.apache.ratis.server.raftlog.segmented.SegmentedRaftLogWorker$StateMachineDataPolicy.getFromFuture(SegmentedRaftLogWorker.java:87)
	at org.apache.ratis.server.raftlog.segmented.SegmentedRaftLogWorker$WriteLog.execute(SegmentedRaftLogWorker.java:477)
	at org.apache.ratis.server.raftlog.segmented.SegmentedRaftLogWorker.run(SegmentedRaftLogWorker.java:289)
	at java.lang.Thread.run(Thread.java:748)
Caused by: java.util.concurrent.TimeoutException
	at java.util.concurrent.CompletableFuture.timedGet(CompletableFuture.java:1771)
	at java.util.concurrent.CompletableFuture.get(CompletableFuture.java:1915)
	at org.apache.ratis.util.IOUtils.getFromFuture(IOUtils.java:79)
	... 4 more
2019-09-17 06:05:20,467 [7b82b5c3-1af5-4aef-b0e5-9bbd5ece1c94@group-3975FA4E760D-SegmentedRaftLogWorker] WARN  segmented.SegmentedRaftLogWorker (SegmentedRaftLogWorker.java:getFromFuture(90)) - Timeout 12/~
org.apache.ratis.protocol.TimeoutIOException: Timeout 10s: WriteLog:20: (t:3, i:20), STATEMACHINELOGENTRY, client-BA2506DDDB30, cid=141-writeStateMachineData
	at org.apache.ratis.util.IOUtils.getFromFuture(IOUtils.java:87)
	at org.apache.ratis.server.raftlog.segmented.SegmentedRaftLogWorker$StateMachineDataPolicy.getFromFuture(SegmentedRaftLogWorker.java:87)
	at org.apache.ratis.server.raftlog.segmented.SegmentedRaftLogWorker$WriteLog.execute(SegmentedRaftLogWorker.java:477)
	at org.apache.ratis.server.raftlog.segmented.SegmentedRaftLogWorker.run(SegmentedRaftLogWorker.java:289)
	at java.lang.Thread.run(Thread.java:748)
Caused by: java.util.concurrent.TimeoutException
	at java.util.concurrent.CompletableFuture.timedGet(CompletableFuture.java:1771)
	at java.util.concurrent.CompletableFuture.get(CompletableFuture.java:1915)
	at org.apache.ratis.util.IOUtils.getFromFuture(IOUtils.java:79)
	... 4 more
2019-09-17 06:05:20,979 [org.apache.ratis.server.impl.LogAppender$AppenderDaemon$$Lambda$508/456872507@320151f] ERROR ratis.XceiverServerRatis (XceiverServerRatis.java:triggerPipelineClose(575)) - pipeline Action CLOSE  on pipeline PipelineID=a8605ba1-ede5-406f-87cf-3975fa4e760d.Reason : 7b82b5c3-1af5-4aef-b0e5-9bbd5ece1c94 has not seen follower/s 2a8a7cd7-06bf-4db7-87f4-48062698d858 for 131106ms e93b3770-42ff-4133-989c-2c3f555af44b for 131110ms
2019-09-17 06:05:20,979 [org.apache.ratis.server.impl.LogAppender$AppenderDaemon$$Lambda$508/456872507@18278934] ERROR ratis.XceiverServerRatis (XceiverServerRatis.java:triggerPipelineClose(575)) - pipeline Action CLOSE  on pipeline PipelineID=a8605ba1-ede5-406f-87cf-3975fa4e760d.Reason : 7b82b5c3-1af5-4aef-b0e5-9bbd5ece1c94 has not seen follower/s 2a8a7cd7-06bf-4db7-87f4-48062698d858 for 131106ms e93b3770-42ff-4133-989c-2c3f555af44b for 131111ms
2019-09-17 06:05:21,476 [EventQueue-PipelineActionsForPipelineActionHandler] ERROR pipeline.PipelineActionHandler (PipelineActionHandler.java:onMessage(60)) - Received pipeline action CLOSE for Pipeline[ Id: a8605ba1-ede5-406f-87cf-3975fa4e760d, Nodes: e93b3770-42ff-4133-989c-2c3f555af44b{ip: 192.168.34.7, host: pr-hdds-2132-5g9kv-3389001449, networkLocation: /default-rack, certSerialId: null}2a8a7cd7-06bf-4db7-87f4-48062698d858{ip: 192.168.34.7, host: pr-hdds-2132-5g9kv-3389001449, networkLocation: /default-rack, certSerialId: null}7b82b5c3-1af5-4aef-b0e5-9bbd5ece1c94{ip: 192.168.34.7, host: pr-hdds-2132-5g9kv-3389001449, networkLocation: /default-rack, certSerialId: null}, Type:RATIS, Factor:THREE, State:CLOSED] from datanode 7b82b5c3-1af5-4aef-b0e5-9bbd5ece1c94{ip: 192.168.34.7, host: pr-hdds-2132-5g9kv-3389001449, networkLocation: /default-rack, certSerialId: null}. Reason : 7b82b5c3-1af5-4aef-b0e5-9bbd5ece1c94 has not seen follower/s 2a8a7cd7-06bf-4db7-87f4-48062698d858 for 131106ms e93b3770-42ff-4133-989c-2c3f555af44b for 131110ms
2019-09-17 06:05:21,477 [EventQueue-PipelineActionsForPipelineActionHandler] INFO  pipeline.SCMPipelineManager (SCMPipelineManager.java:finalizeAndDestroyPipeline(311)) - destroying pipeline:Pipeline[ Id: a8605ba1-ede5-406f-87cf-3975fa4e760d, Nodes: e93b3770-42ff-4133-989c-2c3f555af44b{ip: 192.168.34.7, host: pr-hdds-2132-5g9kv-3389001449, networkLocation: /default-rack, certSerialId: null}2a8a7cd7-06bf-4db7-87f4-48062698d858{ip: 192.168.34.7, host: pr-hdds-2132-5g9kv-3389001449, networkLocation: /default-rack, certSerialId: null}7b82b5c3-1af5-4aef-b0e5-9bbd5ece1c94{ip: 192.168.34.7, host: pr-hdds-2132-5g9kv-3389001449, networkLocation: /default-rack, certSerialId: null}, Type:RATIS, Factor:THREE, State:CLOSED]
2019-09-17 06:05:21,478 [java.util.concurrent.ThreadPoolExecutor$Worker@de36a13[State = -1, empty queue]] WARN  server.GrpcLogAppender (GrpcLogAppender.java:timeoutAppendRequest(200)) - 7b82b5c3-1af5-4aef-b0e5-9bbd5ece1c94@group-3975FA4E760D->2a8a7cd7-06bf-4db7-87f4-48062698d858-GrpcLogAppender: appendEntries Timeout, request=7b82b5c3-1af5-4aef-b0e5-9bbd5ece1c94->2a8a7cd7-06bf-4db7-87f4-48062698d858#228-t3, previous=(t:3, i:25), leaderCommit=18, initializing? false, entries: <empty>
2019-09-17 06:05:21,478 [java.util.concurrent.ThreadPoolExecutor$Worker@40b25a1f[State = -1, empty queue]] WARN  server.GrpcLogAppender (GrpcLogAppender.java:timeoutAppendRequest(200)) - 7b82b5c3-1af5-4aef-b0e5-9bbd5ece1c94@group-3975FA4E760D->e93b3770-42ff-4133-989c-2c3f555af44b-GrpcLogAppender: appendEntries Timeout, request=7b82b5c3-1af5-4aef-b0e5-9bbd5ece1c94->e93b3770-42ff-4133-989c-2c3f555af44b#228-t3, previous=(t:3, i:25), leaderCommit=18, initializing? false, entries: <empty>
2019-09-17 06:05:21,518 [grpc-default-executor-1] INFO  client.GrpcClientProtocolClient (GrpcClientProtocolClient.java:onNext(264)) - client-BA2506DDDB30->e93b3770-42ff-4133-989c-2c3f555af44b: receive RaftClientReply:client-BA2506DDDB30->e93b3770-42ff-4133-989c-2c3f555af44b@group-3975FA4E760D, cid=140, FAILED org.apache.ratis.protocol.NotLeaderException: Server e93b3770-42ff-4133-989c-2c3f555af44b@group-3975FA4E760D is not the leader 7b82b5c3-1af5-4aef-b0e5-9bbd5ece1c94:192.168.34.7:38196, logIndex=0, commits[e93b3770-42ff-4133-989c-2c3f555af44b:c18, 2a8a7cd7-06bf-4db7-87f4-48062698d858:c13, 7b82b5c3-1af5-4aef-b0e5-9bbd5ece1c94:c18]
2019-09-17 06:05:23,479 [org.apache.ratis.server.impl.LogAppender$AppenderDaemon$$Lambda$508/456872507@18278934] ERROR ratis.XceiverServerRatis (XceiverServerRatis.java:triggerPipelineClose(575)) - pipeline Action CLOSE  on pipeline PipelineID=a8605ba1-ede5-406f-87cf-3975fa4e760d.Reason : 7b82b5c3-1af5-4aef-b0e5-9bbd5ece1c94 has not seen follower/s 2a8a7cd7-06bf-4db7-87f4-48062698d858 for 133607ms e93b3770-42ff-4133-989c-2c3f555af44b for 133611ms
2019-09-17 06:05:23,479 [org.apache.ratis.server.impl.LogAppender$AppenderDaemon$$Lambda$508/456872507@320151f] ERROR ratis.XceiverServerRatis (XceiverServerRatis.java:triggerPipelineClose(575)) - pipeline Action CLOSE  on pipeline PipelineID=a8605ba1-ede5-406f-87cf-3975fa4e760d.Reason : 7b82b5c3-1af5-4aef-b0e5-9bbd5ece1c94 has not seen follower/s 2a8a7cd7-06bf-4db7-87f4-48062698d858 for 133607ms e93b3770-42ff-4133-989c-2c3f555af44b for 133611ms
2019-09-17 06:05:23,979 [java.util.concurrent.ThreadPoolExecutor$Worker@40b25a1f[State = -1, empty queue]] WARN  server.GrpcLogAppender (GrpcLogAppender.java:timeoutAppendRequest(200)) - 7b82b5c3-1af5-4aef-b0e5-9bbd5ece1c94@group-3975FA4E760D->e93b3770-42ff-4133-989c-2c3f555af44b-GrpcLogAppender: appendEntries Timeout, request=7b82b5c3-1af5-4aef-b0e5-9bbd5ece1c94->e93b3770-42ff-4133-989c-2c3f555af44b#229-t3, previous=(t:3, i:25), leaderCommit=18, initializing? false, entries: <empty>
2019-09-17 06:05:23,979 [java.util.concurrent.ThreadPoolExecutor$Worker@de36a13[State = -1, empty queue]] WARN  server.GrpcLogAppender (GrpcLogAppender.java:timeoutAppendRequest(200)) - 7b82b5c3-1af5-4aef-b0e5-9bbd5ece1c94@group-3975FA4E760D->2a8a7cd7-06bf-4db7-87f4-48062698d858-GrpcLogAppender: appendEntries Timeout, request=7b82b5c3-1af5-4aef-b0e5-9bbd5ece1c94->2a8a7cd7-06bf-4db7-87f4-48062698d858#229-t3, previous=(t:3, i:25), leaderCommit=18, initializing? false, entries: <empty>
2019-09-17 06:05:24,478 [EventQueue-PipelineActionsForPipelineActionHandler] ERROR pipeline.PipelineActionHandler (PipelineActionHandler.java:onMessage(60)) - Received pipeline action CLOSE for Pipeline[ Id: a8605ba1-ede5-406f-87cf-3975fa4e760d, Nodes: e93b3770-42ff-4133-989c-2c3f555af44b{ip: 192.168.34.7, host: pr-hdds-2132-5g9kv-3389001449, networkLocation: /default-rack, certSerialId: null}2a8a7cd7-06bf-4db7-87f4-48062698d858{ip: 192.168.34.7, host: pr-hdds-2132-5g9kv-3389001449, networkLocation: /default-rack, certSerialId: null}7b82b5c3-1af5-4aef-b0e5-9bbd5ece1c94{ip: 192.168.34.7, host: pr-hdds-2132-5g9kv-3389001449, networkLocation: /default-rack, certSerialId: null}, Type:RATIS, Factor:THREE, State:CLOSED] from datanode 7b82b5c3-1af5-4aef-b0e5-9bbd5ece1c94{ip: 192.168.34.7, host: pr-hdds-2132-5g9kv-3389001449, networkLocation: /default-rack, certSerialId: null}. Reason : 7b82b5c3-1af5-4aef-b0e5-9bbd5ece1c94 has not seen follower/s 2a8a7cd7-06bf-4db7-87f4-48062698d858 for 133607ms e93b3770-42ff-4133-989c-2c3f555af44b for 133611ms
2019-09-17 06:05:24,478 [EventQueue-PipelineActionsForPipelineActionHandler] INFO  pipeline.SCMPipelineManager (SCMPipelineManager.java:finalizeAndDestroyPipeline(311)) - destroying pipeline:Pipeline[ Id: a8605ba1-ede5-406f-87cf-3975fa4e760d, Nodes: e93b3770-42ff-4133-989c-2c3f555af44b{ip: 192.168.34.7, host: pr-hdds-2132-5g9kv-3389001449, networkLocation: /default-rack, certSerialId: null}2a8a7cd7-06bf-4db7-87f4-48062698d858{ip: 192.168.34.7, host: pr-hdds-2132-5g9kv-3389001449, networkLocation: /default-rack, certSerialId: null}7b82b5c3-1af5-4aef-b0e5-9bbd5ece1c94{ip: 192.168.34.7, host: pr-hdds-2132-5g9kv-3389001449, networkLocation: /default-rack, certSerialId: null}, Type:RATIS, Factor:THREE, State:CLOSED]
2019-09-17 06:05:25,981 [org.apache.ratis.server.impl.LogAppender$AppenderDaemon$$Lambda$508/456872507@18278934] ERROR ratis.XceiverServerRatis (XceiverServerRatis.java:triggerPipelineClose(575)) - pipeline Action CLOSE  on pipeline PipelineID=a8605ba1-ede5-406f-87cf-3975fa4e760d.Reason : 7b82b5c3-1af5-4aef-b0e5-9bbd5ece1c94 has not seen follower/s 2a8a7cd7-06bf-4db7-87f4-48062698d858 for 136108ms e93b3770-42ff-4133-989c-2c3f555af44b for 136112ms
2019-09-17 06:05:25,981 [org.apache.ratis.server.impl.LogAppender$AppenderDaemon$$Lambda$508/456872507@320151f] ERROR ratis.XceiverServerRatis (XceiverServerRatis.java:triggerPipelineClose(575)) - pipeline Action CLOSE  on pipeline PipelineID=a8605ba1-ede5-406f-87cf-3975fa4e760d.Reason : 7b82b5c3-1af5-4aef-b0e5-9bbd5ece1c94 has not seen follower/s 2a8a7cd7-06bf-4db7-87f4-48062698d858 for 136108ms e93b3770-42ff-4133-989c-2c3f555af44b for 136112ms
2019-09-17 06:05:26,478 [EventQueue-PipelineActionsForPipelineActionHandler] ERROR pipeline.PipelineActionHandler (PipelineActionHandler.java:onMessage(60)) - Received pipeline action CLOSE for Pipeline[ Id: a8605ba1-ede5-406f-87cf-3975fa4e760d, Nodes: e93b3770-42ff-4133-989c-2c3f555af44b{ip: 192.168.34.7, host: pr-hdds-2132-5g9kv-3389001449, networkLocation: /default-rack, certSerialId: null}2a8a7cd7-06bf-4db7-87f4-48062698d858{ip: 192.168.34.7, host: pr-hdds-2132-5g9kv-3389001449, networkLocation: /default-rack, certSerialId: null}7b82b5c3-1af5-4aef-b0e5-9bbd5ece1c94{ip: 192.168.34.7, host: pr-hdds-2132-5g9kv-3389001449, networkLocation: /default-rack, certSerialId: null}, Type:RATIS, Factor:THREE, State:CLOSED] from datanode 7b82b5c3-1af5-4aef-b0e5-9bbd5ece1c94{ip: 192.168.34.7, host: pr-hdds-2132-5g9kv-3389001449, networkLocation: /default-rack, certSerialId: null}. Reason : 7b82b5c3-1af5-4aef-b0e5-9bbd5ece1c94 has not seen follower/s 2a8a7cd7-06bf-4db7-87f4-48062698d858 for 136108ms e93b3770-42ff-4133-989c-2c3f555af44b for 136112ms
2019-09-17 06:05:26,479 [EventQueue-PipelineActionsForPipelineActionHandler] INFO  pipeline.SCMPipelineManager (SCMPipelineManager.java:finalizeAndDestroyPipeline(311)) - destroying pipeline:Pipeline[ Id: a8605ba1-ede5-406f-87cf-3975fa4e760d, Nodes: e93b3770-42ff-4133-989c-2c3f555af44b{ip: 192.168.34.7, host: pr-hdds-2132-5g9kv-3389001449, networkLocation: /default-rack, certSerialId: null}2a8a7cd7-06bf-4db7-87f4-48062698d858{ip: 192.168.34.7, host: pr-hdds-2132-5g9kv-3389001449, networkLocation: /default-rack, certSerialId: null}7b82b5c3-1af5-4aef-b0e5-9bbd5ece1c94{ip: 192.168.34.7, host: pr-hdds-2132-5g9kv-3389001449, networkLocation: /default-rack, certSerialId: null}, Type:RATIS, Factor:THREE, State:CLOSED]
2019-09-17 06:05:26,480 [java.util.concurrent.ThreadPoolExecutor$Worker@40b25a1f[State = -1, empty queue]] WARN  server.GrpcLogAppender (GrpcLogAppender.java:timeoutAppendRequest(200)) - 7b82b5c3-1af5-4aef-b0e5-9bbd5ece1c94@group-3975FA4E760D->e93b3770-42ff-4133-989c-2c3f555af44b-GrpcLogAppender: appendEntries Timeout, request=7b82b5c3-1af5-4aef-b0e5-9bbd5ece1c94->e93b3770-42ff-4133-989c-2c3f555af44b#230-t3, previous=(t:3, i:25), leaderCommit=18, initializing? false, entries: <empty>
2019-09-17 06:05:26,480 [java.util.concurrent.ThreadPoolExecutor$Worker@de36a13[State = -1, empty queue]] WARN  server.GrpcLogAppender (GrpcLogAppender.java:timeoutAppendRequest(200)) - 7b82b5c3-1af5-4aef-b0e5-9bbd5ece1c94@group-3975FA4E760D->2a8a7cd7-06bf-4db7-87f4-48062698d858-GrpcLogAppender: appendEntries Timeout, request=7b82b5c3-1af5-4aef-b0e5-9bbd5ece1c94->2a8a7cd7-06bf-4db7-87f4-48062698d858#230-t3, previous=(t:3, i:25), leaderCommit=18, initializing? false, entries: <empty>
2019-09-17 06:05:26,562 [grpc-default-executor-2] INFO  client.GrpcClientProtocolClient (GrpcClientProtocolClient.java:onNext(264)) - client-BA2506DDDB30->2a8a7cd7-06bf-4db7-87f4-48062698d858: receive RaftClientReply:client-BA2506DDDB30->2a8a7cd7-06bf-4db7-87f4-48062698d858@group-3975FA4E760D, cid=140, FAILED org.apache.ratis.protocol.NotLeaderException: Server 2a8a7cd7-06bf-4db7-87f4-48062698d858@group-3975FA4E760D is not the leader 7b82b5c3-1af5-4aef-b0e5-9bbd5ece1c94:192.168.34.7:38196, logIndex=0, commits[2a8a7cd7-06bf-4db7-87f4-48062698d858:c18, 7b82b5c3-1af5-4aef-b0e5-9bbd5ece1c94:c18, e93b3770-42ff-4133-989c-2c3f555af44b:c13]
2019-09-17 06:05:28,482 [org.apache.ratis.server.impl.LogAppender$AppenderDaemon$$Lambda$508/456872507@320151f] ERROR ratis.XceiverServerRatis (XceiverServerRatis.java:triggerPipelineClose(575)) - pipeline Action CLOSE  on pipeline PipelineID=a8605ba1-ede5-406f-87cf-3975fa4e760d.Reason : 7b82b5c3-1af5-4aef-b0e5-9bbd5ece1c94 has not seen follower/s 2a8a7cd7-06bf-4db7-87f4-48062698d858 for 138609ms e93b3770-42ff-4133-989c-2c3f555af44b for 138613ms
2019-09-17 06:05:28,482 [org.apache.ratis.server.impl.LogAppender$AppenderDaemon$$Lambda$508/456872507@18278934] ERROR ratis.XceiverServerRatis (XceiverServerRatis.java:triggerPipelineClose(575)) - pipeline Action CLOSE  on pipeline PipelineID=a8605ba1-ede5-406f-87cf-3975fa4e760d.Reason : 7b82b5c3-1af5-4aef-b0e5-9bbd5ece1c94 has not seen follower/s 2a8a7cd7-06bf-4db7-87f4-48062698d858 for 138609ms e93b3770-42ff-4133-989c-2c3f555af44b for 138613ms
2019-09-17 06:05:28,981 [java.util.concurrent.ThreadPoolExecutor$Worker@40b25a1f[State = -1, empty queue]] WARN  server.GrpcLogAppender (GrpcLogAppender.java:timeoutAppendRequest(200)) - 7b82b5c3-1af5-4aef-b0e5-9bbd5ece1c94@group-3975FA4E760D->e93b3770-42ff-4133-989c-2c3f555af44b-GrpcLogAppender: appendEntries Timeout, request=7b82b5c3-1af5-4aef-b0e5-9bbd5ece1c94->e93b3770-42ff-4133-989c-2c3f555af44b#231-t3, previous=(t:3, i:25), leaderCommit=18, initializing? false, entries: <empty>
2019-09-17 06:05:28,981 [java.util.concurrent.ThreadPoolExecutor$Worker@de36a13[State = -1, empty queue]] WARN  server.GrpcLogAppender (GrpcLogAppender.java:timeoutAppendRequest(200)) - 7b82b5c3-1af5-4aef-b0e5-9bbd5ece1c94@group-3975FA4E760D->2a8a7cd7-06bf-4db7-87f4-48062698d858-GrpcLogAppender: appendEntries Timeout, request=7b82b5c3-1af5-4aef-b0e5-9bbd5ece1c94->2a8a7cd7-06bf-4db7-87f4-48062698d858#231-t3, previous=(t:3, i:25), leaderCommit=18, initializing? false, entries: <empty>
2019-09-17 06:05:29,478 [EventQueue-PipelineActionsForPipelineActionHandler] ERROR pipeline.PipelineActionHandler (PipelineActionHandler.java:onMessage(60)) - Received pipeline action CLOSE for Pipeline[ Id: a8605ba1-ede5-406f-87cf-3975fa4e760d, Nodes: e93b3770-42ff-4133-989c-2c3f555af44b{ip: 192.168.34.7, host: pr-hdds-2132-5g9kv-3389001449, networkLocation: /default-rack, certSerialId: null}2a8a7cd7-06bf-4db7-87f4-48062698d858{ip: 192.168.34.7, host: pr-hdds-2132-5g9kv-3389001449, networkLocation: /default-rack, certSerialId: null}7b82b5c3-1af5-4aef-b0e5-9bbd5ece1c94{ip: 192.168.34.7, host: pr-hdds-2132-5g9kv-3389001449, networkLocation: /default-rack, certSerialId: null}, Type:RATIS, Factor:THREE, State:CLOSED] from datanode 7b82b5c3-1af5-4aef-b0e5-9bbd5ece1c94{ip: 192.168.34.7, host: pr-hdds-2132-5g9kv-3389001449, networkLocation: /default-rack, certSerialId: null}. Reason : 7b82b5c3-1af5-4aef-b0e5-9bbd5ece1c94 has not seen follower/s 2a8a7cd7-06bf-4db7-87f4-48062698d858 for 138609ms e93b3770-42ff-4133-989c-2c3f555af44b for 138613ms
2019-09-17 06:05:29,479 [EventQueue-PipelineActionsForPipelineActionHandler] INFO  pipeline.SCMPipelineManager (SCMPipelineManager.java:finalizeAndDestroyPipeline(311)) - destroying pipeline:Pipeline[ Id: a8605ba1-ede5-406f-87cf-3975fa4e760d, Nodes: e93b3770-42ff-4133-989c-2c3f555af44b{ip: 192.168.34.7, host: pr-hdds-2132-5g9kv-3389001449, networkLocation: /default-rack, certSerialId: null}2a8a7cd7-06bf-4db7-87f4-48062698d858{ip: 192.168.34.7, host: pr-hdds-2132-5g9kv-3389001449, networkLocation: /default-rack, certSerialId: null}7b82b5c3-1af5-4aef-b0e5-9bbd5ece1c94{ip: 192.168.34.7, host: pr-hdds-2132-5g9kv-3389001449, networkLocation: /default-rack, certSerialId: null}, Type:RATIS, Factor:THREE, State:CLOSED]
2019-09-17 06:05:30,360 [2a8a7cd7-06bf-4db7-87f4-48062698d858@group-3975FA4E760D-SegmentedRaftLogWorker] WARN  segmented.SegmentedRaftLogWorker (SegmentedRaftLogWorker.java:getFromFuture(90)) - Timeout 13/~
org.apache.ratis.protocol.TimeoutIOException: Timeout 10s: WriteLog:19: (t:3, i:19), STATEMACHINELOGENTRY, client-BA2506DDDB30, cid=140-writeStateMachineData
	at org.apache.ratis.util.IOUtils.getFromFuture(IOUtils.java:87)
	at org.apache.ratis.server.raftlog.segmented.SegmentedRaftLogWorker$StateMachineDataPolicy.getFromFuture(SegmentedRaftLogWorker.java:87)
	at org.apache.ratis.server.raftlog.segmented.SegmentedRaftLogWorker$WriteLog.execute(SegmentedRaftLogWorker.java:477)
	at org.apache.ratis.server.raftlog.segmented.SegmentedRaftLogWorker.run(SegmentedRaftLogWorker.java:289)
	at java.lang.Thread.run(Thread.java:748)
Caused by: java.util.concurrent.TimeoutException
	at java.util.concurrent.CompletableFuture.timedGet(CompletableFuture.java:1771)
	at java.util.concurrent.CompletableFuture.get(CompletableFuture.java:1915)
	at org.apache.ratis.util.IOUtils.getFromFuture(IOUtils.java:79)
	... 4 more
2019-09-17 06:05:30,466 [e93b3770-42ff-4133-989c-2c3f555af44b@group-3975FA4E760D-SegmentedRaftLogWorker] WARN  segmented.SegmentedRaftLogWorker (SegmentedRaftLogWorker.java:getFromFuture(90)) - Timeout 13/~
org.apache.ratis.protocol.TimeoutIOException: Timeout 10s: WriteLog:20: (t:3, i:20), STATEMACHINELOGENTRY, client-BA2506DDDB30, cid=141-writeStateMachineData
	at org.apache.ratis.util.IOUtils.getFromFuture(IOUtils.java:87)
	at org.apache.ratis.server.raftlog.segmented.SegmentedRaftLogWorker$StateMachineDataPolicy.getFromFuture(SegmentedRaftLogWorker.java:87)
	at org.apache.ratis.server.raftlog.segmented.SegmentedRaftLogWorker$WriteLog.execute(SegmentedRaftLogWorker.java:477)
	at org.apache.ratis.server.raftlog.segmented.SegmentedRaftLogWorker.run(SegmentedRaftLogWorker.java:289)
	at java.lang.Thread.run(Thread.java:748)
Caused by: java.util.concurrent.TimeoutException
	at java.util.concurrent.CompletableFuture.timedGet(CompletableFuture.java:1771)
	at java.util.concurrent.CompletableFuture.get(CompletableFuture.java:1915)
	at org.apache.ratis.util.IOUtils.getFromFuture(IOUtils.java:79)
	... 4 more
2019-09-17 06:05:30,468 [7b82b5c3-1af5-4aef-b0e5-9bbd5ece1c94@group-3975FA4E760D-SegmentedRaftLogWorker] WARN  segmented.SegmentedRaftLogWorker (SegmentedRaftLogWorker.java:getFromFuture(90)) - Timeout 13/~
org.apache.ratis.protocol.TimeoutIOException: Timeout 10s: WriteLog:20: (t:3, i:20), STATEMACHINELOGENTRY, client-BA2506DDDB30, cid=141-writeStateMachineData
	at org.apache.ratis.util.IOUtils.getFromFuture(IOUtils.java:87)
	at org.apache.ratis.server.raftlog.segmented.SegmentedRaftLogWorker$StateMachineDataPolicy.getFromFuture(SegmentedRaftLogWorker.java:87)
	at org.apache.ratis.server.raftlog.segmented.SegmentedRaftLogWorker$WriteLog.execute(SegmentedRaftLogWorker.java:477)
	at org.apache.ratis.server.raftlog.segmented.SegmentedRaftLogWorker.run(SegmentedRaftLogWorker.java:289)
	at java.lang.Thread.run(Thread.java:748)
Caused by: java.util.concurrent.TimeoutException
	at java.util.concurrent.CompletableFuture.timedGet(CompletableFuture.java:1771)
	at java.util.concurrent.CompletableFuture.get(CompletableFuture.java:1915)
	at org.apache.ratis.util.IOUtils.getFromFuture(IOUtils.java:79)
	... 4 more
2019-09-17 06:05:30,983 [org.apache.ratis.server.impl.LogAppender$AppenderDaemon$$Lambda$508/456872507@320151f] ERROR ratis.XceiverServerRatis (XceiverServerRatis.java:triggerPipelineClose(575)) - pipeline Action CLOSE  on pipeline PipelineID=a8605ba1-ede5-406f-87cf-3975fa4e760d.Reason : 7b82b5c3-1af5-4aef-b0e5-9bbd5ece1c94 has not seen follower/s 2a8a7cd7-06bf-4db7-87f4-48062698d858 for 141110ms e93b3770-42ff-4133-989c-2c3f555af44b for 141114ms
2019-09-17 06:05:30,983 [org.apache.ratis.server.impl.LogAppender$AppenderDaemon$$Lambda$508/456872507@18278934] ERROR ratis.XceiverServerRatis (XceiverServerRatis.java:triggerPipelineClose(575)) - pipeline Action CLOSE  on pipeline PipelineID=a8605ba1-ede5-406f-87cf-3975fa4e760d.Reason : 7b82b5c3-1af5-4aef-b0e5-9bbd5ece1c94 has not seen follower/s 2a8a7cd7-06bf-4db7-87f4-48062698d858 for 141110ms e93b3770-42ff-4133-989c-2c3f555af44b for 141114ms
2019-09-17 06:05:31,477 [EventQueue-PipelineActionsForPipelineActionHandler] ERROR pipeline.PipelineActionHandler (PipelineActionHandler.java:onMessage(60)) - Received pipeline action CLOSE for Pipeline[ Id: a8605ba1-ede5-406f-87cf-3975fa4e760d, Nodes: e93b3770-42ff-4133-989c-2c3f555af44b{ip: 192.168.34.7, host: pr-hdds-2132-5g9kv-3389001449, networkLocation: /default-rack, certSerialId: null}2a8a7cd7-06bf-4db7-87f4-48062698d858{ip: 192.168.34.7, host: pr-hdds-2132-5g9kv-3389001449, networkLocation: /default-rack, certSerialId: null}7b82b5c3-1af5-4aef-b0e5-9bbd5ece1c94{ip: 192.168.34.7, host: pr-hdds-2132-5g9kv-3389001449, networkLocation: /default-rack, certSerialId: null}, Type:RATIS, Factor:THREE, State:CLOSED] from datanode 7b82b5c3-1af5-4aef-b0e5-9bbd5ece1c94{ip: 192.168.34.7, host: pr-hdds-2132-5g9kv-3389001449, networkLocation: /default-rack, certSerialId: null}. Reason : 7b82b5c3-1af5-4aef-b0e5-9bbd5ece1c94 has not seen follower/s 2a8a7cd7-06bf-4db7-87f4-48062698d858 for 141110ms e93b3770-42ff-4133-989c-2c3f555af44b for 141114ms
2019-09-17 06:05:31,478 [EventQueue-PipelineActionsForPipelineActionHandler] INFO  pipeline.SCMPipelineManager (SCMPipelineManager.java:finalizeAndDestroyPipeline(311)) - destroying pipeline:Pipeline[ Id: a8605ba1-ede5-406f-87cf-3975fa4e760d, Nodes: e93b3770-42ff-4133-989c-2c3f555af44b{ip: 192.168.34.7, host: pr-hdds-2132-5g9kv-3389001449, networkLocation: /default-rack, certSerialId: null}2a8a7cd7-06bf-4db7-87f4-48062698d858{ip: 192.168.34.7, host: pr-hdds-2132-5g9kv-3389001449, networkLocation: /default-rack, certSerialId: null}7b82b5c3-1af5-4aef-b0e5-9bbd5ece1c94{ip: 192.168.34.7, host: pr-hdds-2132-5g9kv-3389001449, networkLocation: /default-rack, certSerialId: null}, Type:RATIS, Factor:THREE, State:CLOSED]
2019-09-17 06:05:31,481 [java.util.concurrent.ThreadPoolExecutor$Worker@40b25a1f[State = -1, empty queue]] WARN  server.GrpcLogAppender (GrpcLogAppender.java:timeoutAppendRequest(200)) - 7b82b5c3-1af5-4aef-b0e5-9bbd5ece1c94@group-3975FA4E760D->e93b3770-42ff-4133-989c-2c3f555af44b-GrpcLogAppender: appendEntries Timeout, request=7b82b5c3-1af5-4aef-b0e5-9bbd5ece1c94->e93b3770-42ff-4133-989c-2c3f555af44b#232-t3, previous=(t:3, i:25), leaderCommit=18, initializing? false, entries: <empty>
2019-09-17 06:05:31,481 [java.util.concurrent.ThreadPoolExecutor$Worker@de36a13[State = -1, empty queue]] WARN  server.GrpcLogAppender (GrpcLogAppender.java:timeoutAppendRequest(200)) - 7b82b5c3-1af5-4aef-b0e5-9bbd5ece1c94@group-3975FA4E760D->2a8a7cd7-06bf-4db7-87f4-48062698d858-GrpcLogAppender: appendEntries Timeout, request=7b82b5c3-1af5-4aef-b0e5-9bbd5ece1c94->2a8a7cd7-06bf-4db7-87f4-48062698d858#232-t3, previous=(t:3, i:25), leaderCommit=18, initializing? false, entries: <empty>
2019-09-17 06:05:31,611 [grpc-default-executor-2] INFO  client.GrpcClientProtocolClient (GrpcClientProtocolClient.java:onNext(264)) - client-BA2506DDDB30->e93b3770-42ff-4133-989c-2c3f555af44b: receive RaftClientReply:client-BA2506DDDB30->e93b3770-42ff-4133-989c-2c3f555af44b@group-3975FA4E760D, cid=140, FAILED org.apache.ratis.protocol.NotLeaderException: Server e93b3770-42ff-4133-989c-2c3f555af44b@group-3975FA4E760D is not the leader 7b82b5c3-1af5-4aef-b0e5-9bbd5ece1c94:192.168.34.7:38196, logIndex=0, commits[e93b3770-42ff-4133-989c-2c3f555af44b:c18, 2a8a7cd7-06bf-4db7-87f4-48062698d858:c13, 7b82b5c3-1af5-4aef-b0e5-9bbd5ece1c94:c18]
2019-09-17 06:05:33,484 [org.apache.ratis.server.impl.LogAppender$AppenderDaemon$$Lambda$508/456872507@320151f] ERROR ratis.XceiverServerRatis (XceiverServerRatis.java:triggerPipelineClose(575)) - pipeline Action CLOSE  on pipeline PipelineID=a8605ba1-ede5-406f-87cf-3975fa4e760d.Reason : 7b82b5c3-1af5-4aef-b0e5-9bbd5ece1c94 has not seen follower/s 2a8a7cd7-06bf-4db7-87f4-48062698d858 for 143611ms e93b3770-42ff-4133-989c-2c3f555af44b for 143615ms
2019-09-17 06:05:33,484 [org.apache.ratis.server.impl.LogAppender$AppenderDaemon$$Lambda$508/456872507@18278934] ERROR ratis.XceiverServerRatis (XceiverServerRatis.java:triggerPipelineClose(575)) - pipeline Action CLOSE  on pipeline PipelineID=a8605ba1-ede5-406f-87cf-3975fa4e760d.Reason : 7b82b5c3-1af5-4aef-b0e5-9bbd5ece1c94 has not seen follower/s 2a8a7cd7-06bf-4db7-87f4-48062698d858 for 143611ms e93b3770-42ff-4133-989c-2c3f555af44b for 143615ms
2019-09-17 06:05:33,982 [java.util.concurrent.ThreadPoolExecutor$Worker@40b25a1f[State = -1, empty queue]] WARN  server.GrpcLogAppender (GrpcLogAppender.java:timeoutAppendRequest(200)) - 7b82b5c3-1af5-4aef-b0e5-9bbd5ece1c94@group-3975FA4E760D->e93b3770-42ff-4133-989c-2c3f555af44b-GrpcLogAppender: appendEntries Timeout, request=7b82b5c3-1af5-4aef-b0e5-9bbd5ece1c94->e93b3770-42ff-4133-989c-2c3f555af44b#233-t3, previous=(t:3, i:25), leaderCommit=18, initializing? false, entries: <empty>
2019-09-17 06:05:33,983 [java.util.concurrent.ThreadPoolExecutor$Worker@de36a13[State = -1, empty queue]] WARN  server.GrpcLogAppender (GrpcLogAppender.java:timeoutAppendRequest(200)) - 7b82b5c3-1af5-4aef-b0e5-9bbd5ece1c94@group-3975FA4E760D->2a8a7cd7-06bf-4db7-87f4-48062698d858-GrpcLogAppender: appendEntries Timeout, request=7b82b5c3-1af5-4aef-b0e5-9bbd5ece1c94->2a8a7cd7-06bf-4db7-87f4-48062698d858#233-t3, previous=(t:3, i:25), leaderCommit=18, initializing? false, entries: <empty>
2019-09-17 06:05:34,478 [EventQueue-PipelineActionsForPipelineActionHandler] ERROR pipeline.PipelineActionHandler (PipelineActionHandler.java:onMessage(60)) - Received pipeline action CLOSE for Pipeline[ Id: a8605ba1-ede5-406f-87cf-3975fa4e760d, Nodes: e93b3770-42ff-4133-989c-2c3f555af44b{ip: 192.168.34.7, host: pr-hdds-2132-5g9kv-3389001449, networkLocation: /default-rack, certSerialId: null}2a8a7cd7-06bf-4db7-87f4-48062698d858{ip: 192.168.34.7, host: pr-hdds-2132-5g9kv-3389001449, networkLocation: /default-rack, certSerialId: null}7b82b5c3-1af5-4aef-b0e5-9bbd5ece1c94{ip: 192.168.34.7, host: pr-hdds-2132-5g9kv-3389001449, networkLocation: /default-rack, certSerialId: null}, Type:RATIS, Factor:THREE, State:CLOSED] from datanode 7b82b5c3-1af5-4aef-b0e5-9bbd5ece1c94{ip: 192.168.34.7, host: pr-hdds-2132-5g9kv-3389001449, networkLocation: /default-rack, certSerialId: null}. Reason : 7b82b5c3-1af5-4aef-b0e5-9bbd5ece1c94 has not seen follower/s 2a8a7cd7-06bf-4db7-87f4-48062698d858 for 143611ms e93b3770-42ff-4133-989c-2c3f555af44b for 143615ms
2019-09-17 06:05:34,483 [EventQueue-PipelineActionsForPipelineActionHandler] INFO  pipeline.SCMPipelineManager (SCMPipelineManager.java:finalizeAndDestroyPipeline(311)) - destroying pipeline:Pipeline[ Id: a8605ba1-ede5-406f-87cf-3975fa4e760d, Nodes: e93b3770-42ff-4133-989c-2c3f555af44b{ip: 192.168.34.7, host: pr-hdds-2132-5g9kv-3389001449, networkLocation: /default-rack, certSerialId: null}2a8a7cd7-06bf-4db7-87f4-48062698d858{ip: 192.168.34.7, host: pr-hdds-2132-5g9kv-3389001449, networkLocation: /default-rack, certSerialId: null}7b82b5c3-1af5-4aef-b0e5-9bbd5ece1c94{ip: 192.168.34.7, host: pr-hdds-2132-5g9kv-3389001449, networkLocation: /default-rack, certSerialId: null}, Type:RATIS, Factor:THREE, State:CLOSED]
2019-09-17 06:05:35,986 [org.apache.ratis.server.impl.LogAppender$AppenderDaemon$$Lambda$508/456872507@320151f] ERROR ratis.XceiverServerRatis (XceiverServerRatis.java:triggerPipelineClose(575)) - pipeline Action CLOSE  on pipeline PipelineID=a8605ba1-ede5-406f-87cf-3975fa4e760d.Reason : 7b82b5c3-1af5-4aef-b0e5-9bbd5ece1c94 has not seen follower/s 2a8a7cd7-06bf-4db7-87f4-48062698d858 for 146113ms e93b3770-42ff-4133-989c-2c3f555af44b for 146117ms
2019-09-17 06:05:35,986 [org.apache.ratis.server.impl.LogAppender$AppenderDaemon$$Lambda$508/456872507@18278934] ERROR ratis.XceiverServerRatis (XceiverServerRatis.java:triggerPipelineClose(575)) - pipeline Action CLOSE  on pipeline PipelineID=a8605ba1-ede5-406f-87cf-3975fa4e760d.Reason : 7b82b5c3-1af5-4aef-b0e5-9bbd5ece1c94 has not seen follower/s 2a8a7cd7-06bf-4db7-87f4-48062698d858 for 146113ms e93b3770-42ff-4133-989c-2c3f555af44b for 146117ms
2019-09-17 06:05:36,478 [EventQueue-PipelineActionsForPipelineActionHandler] ERROR pipeline.PipelineActionHandler (PipelineActionHandler.java:onMessage(60)) - Received pipeline action CLOSE for Pipeline[ Id: a8605ba1-ede5-406f-87cf-3975fa4e760d, Nodes: e93b3770-42ff-4133-989c-2c3f555af44b{ip: 192.168.34.7, host: pr-hdds-2132-5g9kv-3389001449, networkLocation: /default-rack, certSerialId: null}2a8a7cd7-06bf-4db7-87f4-48062698d858{ip: 192.168.34.7, host: pr-hdds-2132-5g9kv-3389001449, networkLocation: /default-rack, certSerialId: null}7b82b5c3-1af5-4aef-b0e5-9bbd5ece1c94{ip: 192.168.34.7, host: pr-hdds-2132-5g9kv-3389001449, networkLocation: /default-rack, certSerialId: null}, Type:RATIS, Factor:THREE, State:CLOSED] from datanode 7b82b5c3-1af5-4aef-b0e5-9bbd5ece1c94{ip: 192.168.34.7, host: pr-hdds-2132-5g9kv-3389001449, networkLocation: /default-rack, certSerialId: null}. Reason : 7b82b5c3-1af5-4aef-b0e5-9bbd5ece1c94 has not seen follower/s 2a8a7cd7-06bf-4db7-87f4-48062698d858 for 146113ms e93b3770-42ff-4133-989c-2c3f555af44b for 146117ms
2019-09-17 06:05:36,478 [EventQueue-PipelineActionsForPipelineActionHandler] INFO  pipeline.SCMPipelineManager (SCMPipelineManager.java:finalizeAndDestroyPipeline(311)) - destroying pipeline:Pipeline[ Id: a8605ba1-ede5-406f-87cf-3975fa4e760d, Nodes: e93b3770-42ff-4133-989c-2c3f555af44b{ip: 192.168.34.7, host: pr-hdds-2132-5g9kv-3389001449, networkLocation: /default-rack, certSerialId: null}2a8a7cd7-06bf-4db7-87f4-48062698d858{ip: 192.168.34.7, host: pr-hdds-2132-5g9kv-3389001449, networkLocation: /default-rack, certSerialId: null}7b82b5c3-1af5-4aef-b0e5-9bbd5ece1c94{ip: 192.168.34.7, host: pr-hdds-2132-5g9kv-3389001449, networkLocation: /default-rack, certSerialId: null}, Type:RATIS, Factor:THREE, State:CLOSED]
2019-09-17 06:05:36,490 [java.util.concurrent.ThreadPoolExecutor$Worker@de36a13[State = -1, empty queue]] WARN  server.GrpcLogAppender (GrpcLogAppender.java:timeoutAppendRequest(200)) - 7b82b5c3-1af5-4aef-b0e5-9bbd5ece1c94@group-3975FA4E760D->2a8a7cd7-06bf-4db7-87f4-48062698d858-GrpcLogAppender: appendEntries Timeout, request=7b82b5c3-1af5-4aef-b0e5-9bbd5ece1c94->2a8a7cd7-06bf-4db7-87f4-48062698d858#234-t3, previous=(t:3, i:25), leaderCommit=18, initializing? false, entries: <empty>
2019-09-17 06:05:36,490 [java.util.concurrent.ThreadPoolExecutor$Worker@40b25a1f[State = -1, empty queue]] WARN  server.GrpcLogAppender (GrpcLogAppender.java:timeoutAppendRequest(200)) - 7b82b5c3-1af5-4aef-b0e5-9bbd5ece1c94@group-3975FA4E760D->e93b3770-42ff-4133-989c-2c3f555af44b-GrpcLogAppender: appendEntries Timeout, request=7b82b5c3-1af5-4aef-b0e5-9bbd5ece1c94->e93b3770-42ff-4133-989c-2c3f555af44b#234-t3, previous=(t:3, i:25), leaderCommit=18, initializing? false, entries: <empty>
2019-09-17 06:05:36,653 [grpc-default-executor-2] INFO  client.GrpcClientProtocolClient (GrpcClientProtocolClient.java:onNext(264)) - client-BA2506DDDB30->2a8a7cd7-06bf-4db7-87f4-48062698d858: receive RaftClientReply:client-BA2506DDDB30->2a8a7cd7-06bf-4db7-87f4-48062698d858@group-3975FA4E760D, cid=140, FAILED org.apache.ratis.protocol.NotLeaderException: Server 2a8a7cd7-06bf-4db7-87f4-48062698d858@group-3975FA4E760D is not the leader 7b82b5c3-1af5-4aef-b0e5-9bbd5ece1c94:192.168.34.7:38196, logIndex=0, commits[2a8a7cd7-06bf-4db7-87f4-48062698d858:c18, 7b82b5c3-1af5-4aef-b0e5-9bbd5ece1c94:c18, e93b3770-42ff-4133-989c-2c3f555af44b:c13]
2019-09-17 06:05:38,486 [org.apache.ratis.server.impl.LogAppender$AppenderDaemon$$Lambda$508/456872507@18278934] ERROR ratis.XceiverServerRatis (XceiverServerRatis.java:triggerPipelineClose(575)) - pipeline Action CLOSE  on pipeline PipelineID=a8605ba1-ede5-406f-87cf-3975fa4e760d.Reason : 7b82b5c3-1af5-4aef-b0e5-9bbd5ece1c94 has not seen follower/s 2a8a7cd7-06bf-4db7-87f4-48062698d858 for 148613ms e93b3770-42ff-4133-989c-2c3f555af44b for 148617ms
2019-09-17 06:05:38,486 [org.apache.ratis.server.impl.LogAppender$AppenderDaemon$$Lambda$508/456872507@320151f] ERROR ratis.XceiverServerRatis (XceiverServerRatis.java:triggerPipelineClose(575)) - pipeline Action CLOSE  on pipeline PipelineID=a8605ba1-ede5-406f-87cf-3975fa4e760d.Reason : 7b82b5c3-1af5-4aef-b0e5-9bbd5ece1c94 has not seen follower/s 2a8a7cd7-06bf-4db7-87f4-48062698d858 for 148614ms e93b3770-42ff-4133-989c-2c3f555af44b for 148618ms
2019-09-17 06:05:38,985 [java.util.concurrent.ThreadPoolExecutor$Worker@40b25a1f[State = -1, empty queue]] WARN  server.GrpcLogAppender (GrpcLogAppender.java:timeoutAppendRequest(200)) - 7b82b5c3-1af5-4aef-b0e5-9bbd5ece1c94@group-3975FA4E760D->e93b3770-42ff-4133-989c-2c3f555af44b-GrpcLogAppender: appendEntries Timeout, request=7b82b5c3-1af5-4aef-b0e5-9bbd5ece1c94->e93b3770-42ff-4133-989c-2c3f555af44b#235-t3, previous=(t:3, i:25), leaderCommit=18, initializing? false, entries: <empty>
2019-09-17 06:05:38,985 [java.util.concurrent.ThreadPoolExecutor$Worker@de36a13[State = -1, empty queue]] WARN  server.GrpcLogAppender (GrpcLogAppender.java:timeoutAppendRequest(200)) - 7b82b5c3-1af5-4aef-b0e5-9bbd5ece1c94@group-3975FA4E760D->2a8a7cd7-06bf-4db7-87f4-48062698d858-GrpcLogAppender: appendEntries Timeout, request=7b82b5c3-1af5-4aef-b0e5-9bbd5ece1c94->2a8a7cd7-06bf-4db7-87f4-48062698d858#235-t3, previous=(t:3, i:25), leaderCommit=18, initializing? false, entries: <empty>
2019-09-17 06:05:39,480 [EventQueue-PipelineActionsForPipelineActionHandler] ERROR pipeline.PipelineActionHandler (PipelineActionHandler.java:onMessage(60)) - Received pipeline action CLOSE for Pipeline[ Id: a8605ba1-ede5-406f-87cf-3975fa4e760d, Nodes: e93b3770-42ff-4133-989c-2c3f555af44b{ip: 192.168.34.7, host: pr-hdds-2132-5g9kv-3389001449, networkLocation: /default-rack, certSerialId: null}2a8a7cd7-06bf-4db7-87f4-48062698d858{ip: 192.168.34.7, host: pr-hdds-2132-5g9kv-3389001449, networkLocation: /default-rack, certSerialId: null}7b82b5c3-1af5-4aef-b0e5-9bbd5ece1c94{ip: 192.168.34.7, host: pr-hdds-2132-5g9kv-3389001449, networkLocation: /default-rack, certSerialId: null}, Type:RATIS, Factor:THREE, State:CLOSED] from datanode 7b82b5c3-1af5-4aef-b0e5-9bbd5ece1c94{ip: 192.168.34.7, host: pr-hdds-2132-5g9kv-3389001449, networkLocation: /default-rack, certSerialId: null}. Reason : 7b82b5c3-1af5-4aef-b0e5-9bbd5ece1c94 has not seen follower/s 2a8a7cd7-06bf-4db7-87f4-48062698d858 for 148613ms e93b3770-42ff-4133-989c-2c3f555af44b for 148617ms
2019-09-17 06:05:39,480 [EventQueue-PipelineActionsForPipelineActionHandler] INFO  pipeline.SCMPipelineManager (SCMPipelineManager.java:finalizeAndDestroyPipeline(311)) - destroying pipeline:Pipeline[ Id: a8605ba1-ede5-406f-87cf-3975fa4e760d, Nodes: e93b3770-42ff-4133-989c-2c3f555af44b{ip: 192.168.34.7, host: pr-hdds-2132-5g9kv-3389001449, networkLocation: /default-rack, certSerialId: null}2a8a7cd7-06bf-4db7-87f4-48062698d858{ip: 192.168.34.7, host: pr-hdds-2132-5g9kv-3389001449, networkLocation: /default-rack, certSerialId: null}7b82b5c3-1af5-4aef-b0e5-9bbd5ece1c94{ip: 192.168.34.7, host: pr-hdds-2132-5g9kv-3389001449, networkLocation: /default-rack, certSerialId: null}, Type:RATIS, Factor:THREE, State:CLOSED]
2019-09-17 06:05:40,361 [2a8a7cd7-06bf-4db7-87f4-48062698d858@group-3975FA4E760D-SegmentedRaftLogWorker] WARN  segmented.SegmentedRaftLogWorker (SegmentedRaftLogWorker.java:getFromFuture(90)) - Timeout 14/~
org.apache.ratis.protocol.TimeoutIOException: Timeout 10s: WriteLog:19: (t:3, i:19), STATEMACHINELOGENTRY, client-BA2506DDDB30, cid=140-writeStateMachineData
	at org.apache.ratis.util.IOUtils.getFromFuture(IOUtils.java:87)
	at org.apache.ratis.server.raftlog.segmented.SegmentedRaftLogWorker$StateMachineDataPolicy.getFromFuture(SegmentedRaftLogWorker.java:87)
	at org.apache.ratis.server.raftlog.segmented.SegmentedRaftLogWorker$WriteLog.execute(SegmentedRaftLogWorker.java:477)
	at org.apache.ratis.server.raftlog.segmented.SegmentedRaftLogWorker.run(SegmentedRaftLogWorker.java:289)
	at java.lang.Thread.run(Thread.java:748)
Caused by: java.util.concurrent.TimeoutException
	at java.util.concurrent.CompletableFuture.timedGet(CompletableFuture.java:1771)
	at java.util.concurrent.CompletableFuture.get(CompletableFuture.java:1915)
	at org.apache.ratis.util.IOUtils.getFromFuture(IOUtils.java:79)
	... 4 more
2019-09-17 06:05:40,467 [e93b3770-42ff-4133-989c-2c3f555af44b@group-3975FA4E760D-SegmentedRaftLogWorker] WARN  segmented.SegmentedRaftLogWorker (SegmentedRaftLogWorker.java:getFromFuture(90)) - Timeout 14/~
org.apache.ratis.protocol.TimeoutIOException: Timeout 10s: WriteLog:20: (t:3, i:20), STATEMACHINELOGENTRY, client-BA2506DDDB30, cid=141-writeStateMachineData
	at org.apache.ratis.util.IOUtils.getFromFuture(IOUtils.java:87)
	at org.apache.ratis.server.raftlog.segmented.SegmentedRaftLogWorker$StateMachineDataPolicy.getFromFuture(SegmentedRaftLogWorker.java:87)
	at org.apache.ratis.server.raftlog.segmented.SegmentedRaftLogWorker$WriteLog.execute(SegmentedRaftLogWorker.java:477)
	at org.apache.ratis.server.raftlog.segmented.SegmentedRaftLogWorker.run(SegmentedRaftLogWorker.java:289)
	at java.lang.Thread.run(Thread.java:748)
Caused by: java.util.concurrent.TimeoutException
	at java.util.concurrent.CompletableFuture.timedGet(CompletableFuture.java:1771)
	at java.util.concurrent.CompletableFuture.get(CompletableFuture.java:1915)
	at org.apache.ratis.util.IOUtils.getFromFuture(IOUtils.java:79)
	... 4 more
2019-09-17 06:05:40,468 [7b82b5c3-1af5-4aef-b0e5-9bbd5ece1c94@group-3975FA4E760D-SegmentedRaftLogWorker] WARN  segmented.SegmentedRaftLogWorker (SegmentedRaftLogWorker.java:getFromFuture(90)) - Timeout 14/~
org.apache.ratis.protocol.TimeoutIOException: Timeout 10s: WriteLog:20: (t:3, i:20), STATEMACHINELOGENTRY, client-BA2506DDDB30, cid=141-writeStateMachineData
	at org.apache.ratis.util.IOUtils.getFromFuture(IOUtils.java:87)
	at org.apache.ratis.server.raftlog.segmented.SegmentedRaftLogWorker$StateMachineDataPolicy.getFromFuture(SegmentedRaftLogWorker.java:87)
	at org.apache.ratis.server.raftlog.segmented.SegmentedRaftLogWorker$WriteLog.execute(SegmentedRaftLogWorker.java:477)
	at org.apache.ratis.server.raftlog.segmented.SegmentedRaftLogWorker.run(SegmentedRaftLogWorker.java:289)
	at java.lang.Thread.run(Thread.java:748)
Caused by: java.util.concurrent.TimeoutException
	at java.util.concurrent.CompletableFuture.timedGet(CompletableFuture.java:1771)
	at java.util.concurrent.CompletableFuture.get(CompletableFuture.java:1915)
	at org.apache.ratis.util.IOUtils.getFromFuture(IOUtils.java:79)
	... 4 more
2019-09-17 06:05:40,987 [org.apache.ratis.server.impl.LogAppender$AppenderDaemon$$Lambda$508/456872507@320151f] ERROR ratis.XceiverServerRatis (XceiverServerRatis.java:triggerPipelineClose(575)) - pipeline Action CLOSE  on pipeline PipelineID=a8605ba1-ede5-406f-87cf-3975fa4e760d.Reason : 7b82b5c3-1af5-4aef-b0e5-9bbd5ece1c94 has not seen follower/s 2a8a7cd7-06bf-4db7-87f4-48062698d858 for 151114ms e93b3770-42ff-4133-989c-2c3f555af44b for 151118ms
2019-09-17 06:05:40,987 [org.apache.ratis.server.impl.LogAppender$AppenderDaemon$$Lambda$508/456872507@18278934] ERROR ratis.XceiverServerRatis (XceiverServerRatis.java:triggerPipelineClose(575)) - pipeline Action CLOSE  on pipeline PipelineID=a8605ba1-ede5-406f-87cf-3975fa4e760d.Reason : 7b82b5c3-1af5-4aef-b0e5-9bbd5ece1c94 has not seen follower/s 2a8a7cd7-06bf-4db7-87f4-48062698d858 for 151114ms e93b3770-42ff-4133-989c-2c3f555af44b for 151118ms
2019-09-17 06:05:41,478 [EventQueue-PipelineActionsForPipelineActionHandler] ERROR pipeline.PipelineActionHandler (PipelineActionHandler.java:onMessage(60)) - Received pipeline action CLOSE for Pipeline[ Id: a8605ba1-ede5-406f-87cf-3975fa4e760d, Nodes: e93b3770-42ff-4133-989c-2c3f555af44b{ip: 192.168.34.7, host: pr-hdds-2132-5g9kv-3389001449, networkLocation: /default-rack, certSerialId: null}2a8a7cd7-06bf-4db7-87f4-48062698d858{ip: 192.168.34.7, host: pr-hdds-2132-5g9kv-3389001449, networkLocation: /default-rack, certSerialId: null}7b82b5c3-1af5-4aef-b0e5-9bbd5ece1c94{ip: 192.168.34.7, host: pr-hdds-2132-5g9kv-3389001449, networkLocation: /default-rack, certSerialId: null}, Type:RATIS, Factor:THREE, State:CLOSED] from datanode 7b82b5c3-1af5-4aef-b0e5-9bbd5ece1c94{ip: 192.168.34.7, host: pr-hdds-2132-5g9kv-3389001449, networkLocation: /default-rack, certSerialId: null}. Reason : 7b82b5c3-1af5-4aef-b0e5-9bbd5ece1c94 has not seen follower/s 2a8a7cd7-06bf-4db7-87f4-48062698d858 for 151114ms e93b3770-42ff-4133-989c-2c3f555af44b for 151118ms
2019-09-17 06:05:41,479 [EventQueue-PipelineActionsForPipelineActionHandler] INFO  pipeline.SCMPipelineManager (SCMPipelineManager.java:finalizeAndDestroyPipeline(311)) - destroying pipeline:Pipeline[ Id: a8605ba1-ede5-406f-87cf-3975fa4e760d, Nodes: e93b3770-42ff-4133-989c-2c3f555af44b{ip: 192.168.34.7, host: pr-hdds-2132-5g9kv-3389001449, networkLocation: /default-rack, certSerialId: null}2a8a7cd7-06bf-4db7-87f4-48062698d858{ip: 192.168.34.7, host: pr-hdds-2132-5g9kv-3389001449, networkLocation: /default-rack, certSerialId: null}7b82b5c3-1af5-4aef-b0e5-9bbd5ece1c94{ip: 192.168.34.7, host: pr-hdds-2132-5g9kv-3389001449, networkLocation: /default-rack, certSerialId: null}, Type:RATIS, Factor:THREE, State:CLOSED]
2019-09-17 06:05:41,485 [java.util.concurrent.ThreadPoolExecutor$Worker@40b25a1f[State = -1, empty queue]] WARN  server.GrpcLogAppender (GrpcLogAppender.java:timeoutAppendRequest(200)) - 7b82b5c3-1af5-4aef-b0e5-9bbd5ece1c94@group-3975FA4E760D->e93b3770-42ff-4133-989c-2c3f555af44b-GrpcLogAppender: appendEntries Timeout, request=7b82b5c3-1af5-4aef-b0e5-9bbd5ece1c94->e93b3770-42ff-4133-989c-2c3f555af44b#236-t3, previous=(t:3, i:25), leaderCommit=18, initializing? false, entries: <empty>
2019-09-17 06:05:41,486 [java.util.concurrent.ThreadPoolExecutor$Worker@de36a13[State = -1, empty queue]] WARN  server.GrpcLogAppender (GrpcLogAppender.java:timeoutAppendRequest(200)) - 7b82b5c3-1af5-4aef-b0e5-9bbd5ece1c94@group-3975FA4E760D->2a8a7cd7-06bf-4db7-87f4-48062698d858-GrpcLogAppender: appendEntries Timeout, request=7b82b5c3-1af5-4aef-b0e5-9bbd5ece1c94->2a8a7cd7-06bf-4db7-87f4-48062698d858#236-t3, previous=(t:3, i:25), leaderCommit=18, initializing? false, entries: <empty>
2019-09-17 06:05:41,710 [grpc-default-executor-2] INFO  client.GrpcClientProtocolClient (GrpcClientProtocolClient.java:onNext(264)) - client-BA2506DDDB30->2a8a7cd7-06bf-4db7-87f4-48062698d858: receive RaftClientReply:client-BA2506DDDB30->2a8a7cd7-06bf-4db7-87f4-48062698d858@group-3975FA4E760D, cid=140, FAILED org.apache.ratis.protocol.NotLeaderException: Server 2a8a7cd7-06bf-4db7-87f4-48062698d858@group-3975FA4E760D is not the leader 7b82b5c3-1af5-4aef-b0e5-9bbd5ece1c94:192.168.34.7:38196, logIndex=0, commits[2a8a7cd7-06bf-4db7-87f4-48062698d858:c18, 7b82b5c3-1af5-4aef-b0e5-9bbd5ece1c94:c18, e93b3770-42ff-4133-989c-2c3f555af44b:c13]
2019-09-17 06:05:43,489 [org.apache.ratis.server.impl.LogAppender$AppenderDaemon$$Lambda$508/456872507@320151f] ERROR ratis.XceiverServerRatis (XceiverServerRatis.java:triggerPipelineClose(575)) - pipeline Action CLOSE  on pipeline PipelineID=a8605ba1-ede5-406f-87cf-3975fa4e760d.Reason : 7b82b5c3-1af5-4aef-b0e5-9bbd5ece1c94 has not seen follower/s 2a8a7cd7-06bf-4db7-87f4-48062698d858 for 153616ms e93b3770-42ff-4133-989c-2c3f555af44b for 153620ms
2019-09-17 06:05:43,489 [org.apache.ratis.server.impl.LogAppender$AppenderDaemon$$Lambda$508/456872507@18278934] ERROR ratis.XceiverServerRatis (XceiverServerRatis.java:triggerPipelineClose(575)) - pipeline Action CLOSE  on pipeline PipelineID=a8605ba1-ede5-406f-87cf-3975fa4e760d.Reason : 7b82b5c3-1af5-4aef-b0e5-9bbd5ece1c94 has not seen follower/s 2a8a7cd7-06bf-4db7-87f4-48062698d858 for 153616ms e93b3770-42ff-4133-989c-2c3f555af44b for 153620ms
2019-09-17 06:05:43,987 [java.util.concurrent.ThreadPoolExecutor$Worker@de36a13[State = -1, empty queue]] WARN  server.GrpcLogAppender (GrpcLogAppender.java:timeoutAppendRequest(200)) - 7b82b5c3-1af5-4aef-b0e5-9bbd5ece1c94@group-3975FA4E760D->2a8a7cd7-06bf-4db7-87f4-48062698d858-GrpcLogAppender: appendEntries Timeout, request=7b82b5c3-1af5-4aef-b0e5-9bbd5ece1c94->2a8a7cd7-06bf-4db7-87f4-48062698d858#237-t3, previous=(t:3, i:25), leaderCommit=18, initializing? false, entries: <empty>
2019-09-17 06:05:43,987 [java.util.concurrent.ThreadPoolExecutor$Worker@40b25a1f[State = -1, empty queue]] WARN  server.GrpcLogAppender (GrpcLogAppender.java:timeoutAppendRequest(200)) - 7b82b5c3-1af5-4aef-b0e5-9bbd5ece1c94@group-3975FA4E760D->e93b3770-42ff-4133-989c-2c3f555af44b-GrpcLogAppender: appendEntries Timeout, request=7b82b5c3-1af5-4aef-b0e5-9bbd5ece1c94->e93b3770-42ff-4133-989c-2c3f555af44b#237-t3, previous=(t:3, i:25), leaderCommit=18, initializing? false, entries: <empty>
2019-09-17 06:05:44,479 [EventQueue-PipelineActionsForPipelineActionHandler] ERROR pipeline.PipelineActionHandler (PipelineActionHandler.java:onMessage(60)) - Received pipeline action CLOSE for Pipeline[ Id: a8605ba1-ede5-406f-87cf-3975fa4e760d, Nodes: e93b3770-42ff-4133-989c-2c3f555af44b{ip: 192.168.34.7, host: pr-hdds-2132-5g9kv-3389001449, networkLocation: /default-rack, certSerialId: null}2a8a7cd7-06bf-4db7-87f4-48062698d858{ip: 192.168.34.7, host: pr-hdds-2132-5g9kv-3389001449, networkLocation: /default-rack, certSerialId: null}7b82b5c3-1af5-4aef-b0e5-9bbd5ece1c94{ip: 192.168.34.7, host: pr-hdds-2132-5g9kv-3389001449, networkLocation: /default-rack, certSerialId: null}, Type:RATIS, Factor:THREE, State:CLOSED] from datanode 7b82b5c3-1af5-4aef-b0e5-9bbd5ece1c94{ip: 192.168.34.7, host: pr-hdds-2132-5g9kv-3389001449, networkLocation: /default-rack, certSerialId: null}. Reason : 7b82b5c3-1af5-4aef-b0e5-9bbd5ece1c94 has not seen follower/s 2a8a7cd7-06bf-4db7-87f4-48062698d858 for 153616ms e93b3770-42ff-4133-989c-2c3f555af44b for 153620ms
2019-09-17 06:05:44,479 [EventQueue-PipelineActionsForPipelineActionHandler] INFO  pipeline.SCMPipelineManager (SCMPipelineManager.java:finalizeAndDestroyPipeline(311)) - destroying pipeline:Pipeline[ Id: a8605ba1-ede5-406f-87cf-3975fa4e760d, Nodes: e93b3770-42ff-4133-989c-2c3f555af44b{ip: 192.168.34.7, host: pr-hdds-2132-5g9kv-3389001449, networkLocation: /default-rack, certSerialId: null}2a8a7cd7-06bf-4db7-87f4-48062698d858{ip: 192.168.34.7, host: pr-hdds-2132-5g9kv-3389001449, networkLocation: /default-rack, certSerialId: null}7b82b5c3-1af5-4aef-b0e5-9bbd5ece1c94{ip: 192.168.34.7, host: pr-hdds-2132-5g9kv-3389001449, networkLocation: /default-rack, certSerialId: null}, Type:RATIS, Factor:THREE, State:CLOSED]
2019-09-17 06:05:45,988 [org.apache.ratis.server.impl.LogAppender$AppenderDaemon$$Lambda$508/456872507@18278934] ERROR ratis.XceiverServerRatis (XceiverServerRatis.java:triggerPipelineClose(575)) - pipeline Action CLOSE  on pipeline PipelineID=a8605ba1-ede5-406f-87cf-3975fa4e760d.Reason : 7b82b5c3-1af5-4aef-b0e5-9bbd5ece1c94 has not seen follower/s 2a8a7cd7-06bf-4db7-87f4-48062698d858 for 156116ms e93b3770-42ff-4133-989c-2c3f555af44b for 156120ms
2019-09-17 06:05:45,988 [org.apache.ratis.server.impl.LogAppender$AppenderDaemon$$Lambda$508/456872507@320151f] ERROR ratis.XceiverServerRatis (XceiverServerRatis.java:triggerPipelineClose(575)) - pipeline Action CLOSE  on pipeline PipelineID=a8605ba1-ede5-406f-87cf-3975fa4e760d.Reason : 7b82b5c3-1af5-4aef-b0e5-9bbd5ece1c94 has not seen follower/s 2a8a7cd7-06bf-4db7-87f4-48062698d858 for 156116ms e93b3770-42ff-4133-989c-2c3f555af44b for 156120ms
2019-09-17 06:05:46,479 [EventQueue-PipelineActionsForPipelineActionHandler] ERROR pipeline.PipelineActionHandler (PipelineActionHandler.java:onMessage(60)) - Received pipeline action CLOSE for Pipeline[ Id: a8605ba1-ede5-406f-87cf-3975fa4e760d, Nodes: e93b3770-42ff-4133-989c-2c3f555af44b{ip: 192.168.34.7, host: pr-hdds-2132-5g9kv-3389001449, networkLocation: /default-rack, certSerialId: null}2a8a7cd7-06bf-4db7-87f4-48062698d858{ip: 192.168.34.7, host: pr-hdds-2132-5g9kv-3389001449, networkLocation: /default-rack, certSerialId: null}7b82b5c3-1af5-4aef-b0e5-9bbd5ece1c94{ip: 192.168.34.7, host: pr-hdds-2132-5g9kv-3389001449, networkLocation: /default-rack, certSerialId: null}, Type:RATIS, Factor:THREE, State:CLOSED] from datanode 7b82b5c3-1af5-4aef-b0e5-9bbd5ece1c94{ip: 192.168.34.7, host: pr-hdds-2132-5g9kv-3389001449, networkLocation: /default-rack, certSerialId: null}. Reason : 7b82b5c3-1af5-4aef-b0e5-9bbd5ece1c94 has not seen follower/s 2a8a7cd7-06bf-4db7-87f4-48062698d858 for 156116ms e93b3770-42ff-4133-989c-2c3f555af44b for 156120ms
2019-09-17 06:05:46,479 [EventQueue-PipelineActionsForPipelineActionHandler] INFO  pipeline.SCMPipelineManager (SCMPipelineManager.java:finalizeAndDestroyPipeline(311)) - destroying pipeline:Pipeline[ Id: a8605ba1-ede5-406f-87cf-3975fa4e760d, Nodes: e93b3770-42ff-4133-989c-2c3f555af44b{ip: 192.168.34.7, host: pr-hdds-2132-5g9kv-3389001449, networkLocation: /default-rack, certSerialId: null}2a8a7cd7-06bf-4db7-87f4-48062698d858{ip: 192.168.34.7, host: pr-hdds-2132-5g9kv-3389001449, networkLocation: /default-rack, certSerialId: null}7b82b5c3-1af5-4aef-b0e5-9bbd5ece1c94{ip: 192.168.34.7, host: pr-hdds-2132-5g9kv-3389001449, networkLocation: /default-rack, certSerialId: null}, Type:RATIS, Factor:THREE, State:CLOSED]
2019-09-17 06:05:46,488 [java.util.concurrent.ThreadPoolExecutor$Worker@de36a13[State = -1, empty queue]] WARN  server.GrpcLogAppender (GrpcLogAppender.java:timeoutAppendRequest(200)) - 7b82b5c3-1af5-4aef-b0e5-9bbd5ece1c94@group-3975FA4E760D->2a8a7cd7-06bf-4db7-87f4-48062698d858-GrpcLogAppender: appendEntries Timeout, request=7b82b5c3-1af5-4aef-b0e5-9bbd5ece1c94->2a8a7cd7-06bf-4db7-87f4-48062698d858#238-t3, previous=(t:3, i:25), leaderCommit=18, initializing? false, entries: <empty>
2019-09-17 06:05:46,488 [java.util.concurrent.ThreadPoolExecutor$Worker@40b25a1f[State = -1, empty queue]] WARN  server.GrpcLogAppender (GrpcLogAppender.java:timeoutAppendRequest(200)) - 7b82b5c3-1af5-4aef-b0e5-9bbd5ece1c94@group-3975FA4E760D->e93b3770-42ff-4133-989c-2c3f555af44b-GrpcLogAppender: appendEntries Timeout, request=7b82b5c3-1af5-4aef-b0e5-9bbd5ece1c94->e93b3770-42ff-4133-989c-2c3f555af44b#238-t3, previous=(t:3, i:25), leaderCommit=18, initializing? false, entries: <empty>
2019-09-17 06:05:46,751 [grpc-default-executor-2] INFO  client.GrpcClientProtocolClient (GrpcClientProtocolClient.java:onNext(264)) - client-BA2506DDDB30->2a8a7cd7-06bf-4db7-87f4-48062698d858: receive RaftClientReply:client-BA2506DDDB30->2a8a7cd7-06bf-4db7-87f4-48062698d858@group-3975FA4E760D, cid=140, FAILED org.apache.ratis.protocol.NotLeaderException: Server 2a8a7cd7-06bf-4db7-87f4-48062698d858@group-3975FA4E760D is not the leader 7b82b5c3-1af5-4aef-b0e5-9bbd5ece1c94:192.168.34.7:38196, logIndex=0, commits[2a8a7cd7-06bf-4db7-87f4-48062698d858:c18, 7b82b5c3-1af5-4aef-b0e5-9bbd5ece1c94:c18, e93b3770-42ff-4133-989c-2c3f555af44b:c13]
2019-09-17 06:05:48,489 [org.apache.ratis.server.impl.LogAppender$AppenderDaemon$$Lambda$508/456872507@320151f] ERROR ratis.XceiverServerRatis (XceiverServerRatis.java:triggerPipelineClose(575)) - pipeline Action CLOSE  on pipeline PipelineID=a8605ba1-ede5-406f-87cf-3975fa4e760d.Reason : 7b82b5c3-1af5-4aef-b0e5-9bbd5ece1c94 has not seen follower/s 2a8a7cd7-06bf-4db7-87f4-48062698d858 for 158616ms e93b3770-42ff-4133-989c-2c3f555af44b for 158621ms
2019-09-17 06:05:48,489 [org.apache.ratis.server.impl.LogAppender$AppenderDaemon$$Lambda$508/456872507@18278934] ERROR ratis.XceiverServerRatis (XceiverServerRatis.java:triggerPipelineClose(575)) - pipeline Action CLOSE  on pipeline PipelineID=a8605ba1-ede5-406f-87cf-3975fa4e760d.Reason : 7b82b5c3-1af5-4aef-b0e5-9bbd5ece1c94 has not seen follower/s 2a8a7cd7-06bf-4db7-87f4-48062698d858 for 158616ms e93b3770-42ff-4133-989c-2c3f555af44b for 158621ms
2019-09-17 06:05:48,988 [java.util.concurrent.ThreadPoolExecutor$Worker@40b25a1f[State = -1, empty queue]] WARN  server.GrpcLogAppender (GrpcLogAppender.java:timeoutAppendRequest(200)) - 7b82b5c3-1af5-4aef-b0e5-9bbd5ece1c94@group-3975FA4E760D->e93b3770-42ff-4133-989c-2c3f555af44b-GrpcLogAppender: appendEntries Timeout, request=7b82b5c3-1af5-4aef-b0e5-9bbd5ece1c94->e93b3770-42ff-4133-989c-2c3f555af44b#239-t3, previous=(t:3, i:25), leaderCommit=18, initializing? false, entries: <empty>
2019-09-17 06:05:48,988 [java.util.concurrent.ThreadPoolExecutor$Worker@de36a13[State = -1, empty queue]] WARN  server.GrpcLogAppender (GrpcLogAppender.java:timeoutAppendRequest(200)) - 7b82b5c3-1af5-4aef-b0e5-9bbd5ece1c94@group-3975FA4E760D->2a8a7cd7-06bf-4db7-87f4-48062698d858-GrpcLogAppender: appendEntries Timeout, request=7b82b5c3-1af5-4aef-b0e5-9bbd5ece1c94->2a8a7cd7-06bf-4db7-87f4-48062698d858#239-t3, previous=(t:3, i:25), leaderCommit=18, initializing? false, entries: <empty>
2019-09-17 06:05:49,479 [EventQueue-PipelineActionsForPipelineActionHandler] ERROR pipeline.PipelineActionHandler (PipelineActionHandler.java:onMessage(60)) - Received pipeline action CLOSE for Pipeline[ Id: a8605ba1-ede5-406f-87cf-3975fa4e760d, Nodes: e93b3770-42ff-4133-989c-2c3f555af44b{ip: 192.168.34.7, host: pr-hdds-2132-5g9kv-3389001449, networkLocation: /default-rack, certSerialId: null}2a8a7cd7-06bf-4db7-87f4-48062698d858{ip: 192.168.34.7, host: pr-hdds-2132-5g9kv-3389001449, networkLocation: /default-rack, certSerialId: null}7b82b5c3-1af5-4aef-b0e5-9bbd5ece1c94{ip: 192.168.34.7, host: pr-hdds-2132-5g9kv-3389001449, networkLocation: /default-rack, certSerialId: null}, Type:RATIS, Factor:THREE, State:CLOSED] from datanode 7b82b5c3-1af5-4aef-b0e5-9bbd5ece1c94{ip: 192.168.34.7, host: pr-hdds-2132-5g9kv-3389001449, networkLocation: /default-rack, certSerialId: null}. Reason : 7b82b5c3-1af5-4aef-b0e5-9bbd5ece1c94 has not seen follower/s 2a8a7cd7-06bf-4db7-87f4-48062698d858 for 158616ms e93b3770-42ff-4133-989c-2c3f555af44b for 158621ms
2019-09-17 06:05:49,480 [EventQueue-PipelineActionsForPipelineActionHandler] INFO  pipeline.SCMPipelineManager (SCMPipelineManager.java:finalizeAndDestroyPipeline(311)) - destroying pipeline:Pipeline[ Id: a8605ba1-ede5-406f-87cf-3975fa4e760d, Nodes: e93b3770-42ff-4133-989c-2c3f555af44b{ip: 192.168.34.7, host: pr-hdds-2132-5g9kv-3389001449, networkLocation: /default-rack, certSerialId: null}2a8a7cd7-06bf-4db7-87f4-48062698d858{ip: 192.168.34.7, host: pr-hdds-2132-5g9kv-3389001449, networkLocation: /default-rack, certSerialId: null}7b82b5c3-1af5-4aef-b0e5-9bbd5ece1c94{ip: 192.168.34.7, host: pr-hdds-2132-5g9kv-3389001449, networkLocation: /default-rack, certSerialId: null}, Type:RATIS, Factor:THREE, State:CLOSED]
2019-09-17 06:05:50,363 [2a8a7cd7-06bf-4db7-87f4-48062698d858@group-3975FA4E760D-SegmentedRaftLogWorker] WARN  segmented.SegmentedRaftLogWorker (SegmentedRaftLogWorker.java:getFromFuture(90)) - Timeout 15/~
org.apache.ratis.protocol.TimeoutIOException: Timeout 10s: WriteLog:19: (t:3, i:19), STATEMACHINELOGENTRY, client-BA2506DDDB30, cid=140-writeStateMachineData
	at org.apache.ratis.util.IOUtils.getFromFuture(IOUtils.java:87)
	at org.apache.ratis.server.raftlog.segmented.SegmentedRaftLogWorker$StateMachineDataPolicy.getFromFuture(SegmentedRaftLogWorker.java:87)
	at org.apache.ratis.server.raftlog.segmented.SegmentedRaftLogWorker$WriteLog.execute(SegmentedRaftLogWorker.java:477)
	at org.apache.ratis.server.raftlog.segmented.SegmentedRaftLogWorker.run(SegmentedRaftLogWorker.java:289)
	at java.lang.Thread.run(Thread.java:748)
Caused by: java.util.concurrent.TimeoutException
	at java.util.concurrent.CompletableFuture.timedGet(CompletableFuture.java:1771)
	at java.util.concurrent.CompletableFuture.get(CompletableFuture.java:1915)
	at org.apache.ratis.util.IOUtils.getFromFuture(IOUtils.java:79)
	... 4 more
2019-09-17 06:05:50,467 [e93b3770-42ff-4133-989c-2c3f555af44b@group-3975FA4E760D-SegmentedRaftLogWorker] WARN  segmented.SegmentedRaftLogWorker (SegmentedRaftLogWorker.java:getFromFuture(90)) - Timeout 15/~
org.apache.ratis.protocol.TimeoutIOException: Timeout 10s: WriteLog:20: (t:3, i:20), STATEMACHINELOGENTRY, client-BA2506DDDB30, cid=141-writeStateMachineData
	at org.apache.ratis.util.IOUtils.getFromFuture(IOUtils.java:87)
	at org.apache.ratis.server.raftlog.segmented.SegmentedRaftLogWorker$StateMachineDataPolicy.getFromFuture(SegmentedRaftLogWorker.java:87)
	at org.apache.ratis.server.raftlog.segmented.SegmentedRaftLogWorker$WriteLog.execute(SegmentedRaftLogWorker.java:477)
	at org.apache.ratis.server.raftlog.segmented.SegmentedRaftLogWorker.run(SegmentedRaftLogWorker.java:289)
	at java.lang.Thread.run(Thread.java:748)
Caused by: java.util.concurrent.TimeoutException
	at java.util.concurrent.CompletableFuture.timedGet(CompletableFuture.java:1771)
	at java.util.concurrent.CompletableFuture.get(CompletableFuture.java:1915)
	at org.apache.ratis.util.IOUtils.getFromFuture(IOUtils.java:79)
	... 4 more
2019-09-17 06:05:50,493 [7b82b5c3-1af5-4aef-b0e5-9bbd5ece1c94@group-3975FA4E760D-SegmentedRaftLogWorker] WARN  segmented.SegmentedRaftLogWorker (SegmentedRaftLogWorker.java:getFromFuture(90)) - Timeout 15/~
org.apache.ratis.protocol.TimeoutIOException: Timeout 10s: WriteLog:20: (t:3, i:20), STATEMACHINELOGENTRY, client-BA2506DDDB30, cid=141-writeStateMachineData
	at org.apache.ratis.util.IOUtils.getFromFuture(IOUtils.java:87)
	at org.apache.ratis.server.raftlog.segmented.SegmentedRaftLogWorker$StateMachineDataPolicy.getFromFuture(SegmentedRaftLogWorker.java:87)
	at org.apache.ratis.server.raftlog.segmented.SegmentedRaftLogWorker$WriteLog.execute(SegmentedRaftLogWorker.java:477)
	at org.apache.ratis.server.raftlog.segmented.SegmentedRaftLogWorker.run(SegmentedRaftLogWorker.java:289)
	at java.lang.Thread.run(Thread.java:748)
Caused by: java.util.concurrent.TimeoutException
	at java.util.concurrent.CompletableFuture.timedGet(CompletableFuture.java:1771)
	at java.util.concurrent.CompletableFuture.get(CompletableFuture.java:1915)
	at org.apache.ratis.util.IOUtils.getFromFuture(IOUtils.java:79)
	... 4 more
2019-09-17 06:05:50,989 [org.apache.ratis.server.impl.LogAppender$AppenderDaemon$$Lambda$508/456872507@18278934] ERROR ratis.XceiverServerRatis (XceiverServerRatis.java:triggerPipelineClose(575)) - pipeline Action CLOSE  on pipeline PipelineID=a8605ba1-ede5-406f-87cf-3975fa4e760d.Reason : 7b82b5c3-1af5-4aef-b0e5-9bbd5ece1c94 has not seen follower/s 2a8a7cd7-06bf-4db7-87f4-48062698d858 for 161117ms e93b3770-42ff-4133-989c-2c3f555af44b for 161121ms
2019-09-17 06:05:50,990 [org.apache.ratis.server.impl.LogAppender$AppenderDaemon$$Lambda$508/456872507@320151f] ERROR ratis.XceiverServerRatis (XceiverServerRatis.java:triggerPipelineClose(575)) - pipeline Action CLOSE  on pipeline PipelineID=a8605ba1-ede5-406f-87cf-3975fa4e760d.Reason : 7b82b5c3-1af5-4aef-b0e5-9bbd5ece1c94 has not seen follower/s 2a8a7cd7-06bf-4db7-87f4-48062698d858 for 161117ms e93b3770-42ff-4133-989c-2c3f555af44b for 161122ms
2019-09-17 06:05:51,486 [EventQueue-PipelineActionsForPipelineActionHandler] ERROR pipeline.PipelineActionHandler (PipelineActionHandler.java:onMessage(60)) - Received pipeline action CLOSE for Pipeline[ Id: a8605ba1-ede5-406f-87cf-3975fa4e760d, Nodes: e93b3770-42ff-4133-989c-2c3f555af44b{ip: 192.168.34.7, host: pr-hdds-2132-5g9kv-3389001449, networkLocation: /default-rack, certSerialId: null}2a8a7cd7-06bf-4db7-87f4-48062698d858{ip: 192.168.34.7, host: pr-hdds-2132-5g9kv-3389001449, networkLocation: /default-rack, certSerialId: null}7b82b5c3-1af5-4aef-b0e5-9bbd5ece1c94{ip: 192.168.34.7, host: pr-hdds-2132-5g9kv-3389001449, networkLocation: /default-rack, certSerialId: null}, Type:RATIS, Factor:THREE, State:CLOSED] from datanode 7b82b5c3-1af5-4aef-b0e5-9bbd5ece1c94{ip: 192.168.34.7, host: pr-hdds-2132-5g9kv-3389001449, networkLocation: /default-rack, certSerialId: null}. Reason : 7b82b5c3-1af5-4aef-b0e5-9bbd5ece1c94 has not seen follower/s 2a8a7cd7-06bf-4db7-87f4-48062698d858 for 161117ms e93b3770-42ff-4133-989c-2c3f555af44b for 161121ms
2019-09-17 06:05:51,487 [EventQueue-PipelineActionsForPipelineActionHandler] INFO  pipeline.SCMPipelineManager (SCMPipelineManager.java:finalizeAndDestroyPipeline(311)) - destroying pipeline:Pipeline[ Id: a8605ba1-ede5-406f-87cf-3975fa4e760d, Nodes: e93b3770-42ff-4133-989c-2c3f555af44b{ip: 192.168.34.7, host: pr-hdds-2132-5g9kv-3389001449, networkLocation: /default-rack, certSerialId: null}2a8a7cd7-06bf-4db7-87f4-48062698d858{ip: 192.168.34.7, host: pr-hdds-2132-5g9kv-3389001449, networkLocation: /default-rack, certSerialId: null}7b82b5c3-1af5-4aef-b0e5-9bbd5ece1c94{ip: 192.168.34.7, host: pr-hdds-2132-5g9kv-3389001449, networkLocation: /default-rack, certSerialId: null}, Type:RATIS, Factor:THREE, State:CLOSED]
2019-09-17 06:05:51,489 [java.util.concurrent.ThreadPoolExecutor$Worker@de36a13[State = -1, empty queue]] WARN  server.GrpcLogAppender (GrpcLogAppender.java:timeoutAppendRequest(200)) - 7b82b5c3-1af5-4aef-b0e5-9bbd5ece1c94@group-3975FA4E760D->2a8a7cd7-06bf-4db7-87f4-48062698d858-GrpcLogAppender: appendEntries Timeout, request=7b82b5c3-1af5-4aef-b0e5-9bbd5ece1c94->2a8a7cd7-06bf-4db7-87f4-48062698d858#240-t3, previous=(t:3, i:25), leaderCommit=18, initializing? false, entries: <empty>
2019-09-17 06:05:51,489 [java.util.concurrent.ThreadPoolExecutor$Worker@40b25a1f[State = -1, empty queue]] WARN  server.GrpcLogAppender (GrpcLogAppender.java:timeoutAppendRequest(200)) - 7b82b5c3-1af5-4aef-b0e5-9bbd5ece1c94@group-3975FA4E760D->e93b3770-42ff-4133-989c-2c3f555af44b-GrpcLogAppender: appendEntries Timeout, request=7b82b5c3-1af5-4aef-b0e5-9bbd5ece1c94->e93b3770-42ff-4133-989c-2c3f555af44b#240-t3, previous=(t:3, i:25), leaderCommit=18, initializing? false, entries: <empty>
2019-09-17 06:05:51,797 [grpc-default-executor-2] INFO  client.GrpcClientProtocolClient (GrpcClientProtocolClient.java:onNext(264)) - client-BA2506DDDB30->e93b3770-42ff-4133-989c-2c3f555af44b: receive RaftClientReply:client-BA2506DDDB30->e93b3770-42ff-4133-989c-2c3f555af44b@group-3975FA4E760D, cid=140, FAILED org.apache.ratis.protocol.NotLeaderException: Server e93b3770-42ff-4133-989c-2c3f555af44b@group-3975FA4E760D is not the leader 7b82b5c3-1af5-4aef-b0e5-9bbd5ece1c94:192.168.34.7:38196, logIndex=0, commits[e93b3770-42ff-4133-989c-2c3f555af44b:c18, 2a8a7cd7-06bf-4db7-87f4-48062698d858:c13, 7b82b5c3-1af5-4aef-b0e5-9bbd5ece1c94:c18]
2019-09-17 06:05:53,490 [org.apache.ratis.server.impl.LogAppender$AppenderDaemon$$Lambda$508/456872507@18278934] ERROR ratis.XceiverServerRatis (XceiverServerRatis.java:triggerPipelineClose(575)) - pipeline Action CLOSE  on pipeline PipelineID=a8605ba1-ede5-406f-87cf-3975fa4e760d.Reason : 7b82b5c3-1af5-4aef-b0e5-9bbd5ece1c94 has not seen follower/s 2a8a7cd7-06bf-4db7-87f4-48062698d858 for 163618ms e93b3770-42ff-4133-989c-2c3f555af44b for 163622ms
2019-09-17 06:05:53,491 [org.apache.ratis.server.impl.LogAppender$AppenderDaemon$$Lambda$508/456872507@320151f] ERROR ratis.XceiverServerRatis (XceiverServerRatis.java:triggerPipelineClose(575)) - pipeline Action CLOSE  on pipeline PipelineID=a8605ba1-ede5-406f-87cf-3975fa4e760d.Reason : 7b82b5c3-1af5-4aef-b0e5-9bbd5ece1c94 has not seen follower/s 2a8a7cd7-06bf-4db7-87f4-48062698d858 for 163618ms e93b3770-42ff-4133-989c-2c3f555af44b for 163622ms
2019-09-17 06:05:53,989 [java.util.concurrent.ThreadPoolExecutor$Worker@40b25a1f[State = -1, empty queue]] WARN  server.GrpcLogAppender (GrpcLogAppender.java:timeoutAppendRequest(200)) - 7b82b5c3-1af5-4aef-b0e5-9bbd5ece1c94@group-3975FA4E760D->e93b3770-42ff-4133-989c-2c3f555af44b-GrpcLogAppender: appendEntries Timeout, request=7b82b5c3-1af5-4aef-b0e5-9bbd5ece1c94->e93b3770-42ff-4133-989c-2c3f555af44b#241-t3, previous=(t:3, i:25), leaderCommit=18, initializing? false, entries: <empty>
2019-09-17 06:05:53,990 [java.util.concurrent.ThreadPoolExecutor$Worker@de36a13[State = -1, empty queue]] WARN  server.GrpcLogAppender (GrpcLogAppender.java:timeoutAppendRequest(200)) - 7b82b5c3-1af5-4aef-b0e5-9bbd5ece1c94@group-3975FA4E760D->2a8a7cd7-06bf-4db7-87f4-48062698d858-GrpcLogAppender: appendEntries Timeout, request=7b82b5c3-1af5-4aef-b0e5-9bbd5ece1c94->2a8a7cd7-06bf-4db7-87f4-48062698d858#241-t3, previous=(t:3, i:25), leaderCommit=18, initializing? false, entries: <empty>
2019-09-17 06:05:54,487 [EventQueue-PipelineActionsForPipelineActionHandler] ERROR pipeline.PipelineActionHandler (PipelineActionHandler.java:onMessage(60)) - Received pipeline action CLOSE for Pipeline[ Id: a8605ba1-ede5-406f-87cf-3975fa4e760d, Nodes: e93b3770-42ff-4133-989c-2c3f555af44b{ip: 192.168.34.7, host: pr-hdds-2132-5g9kv-3389001449, networkLocation: /default-rack, certSerialId: null}2a8a7cd7-06bf-4db7-87f4-48062698d858{ip: 192.168.34.7, host: pr-hdds-2132-5g9kv-3389001449, networkLocation: /default-rack, certSerialId: null}7b82b5c3-1af5-4aef-b0e5-9bbd5ece1c94{ip: 192.168.34.7, host: pr-hdds-2132-5g9kv-3389001449, networkLocation: /default-rack, certSerialId: null}, Type:RATIS, Factor:THREE, State:CLOSED] from datanode 7b82b5c3-1af5-4aef-b0e5-9bbd5ece1c94{ip: 192.168.34.7, host: pr-hdds-2132-5g9kv-3389001449, networkLocation: /default-rack, certSerialId: null}. Reason : 7b82b5c3-1af5-4aef-b0e5-9bbd5ece1c94 has not seen follower/s 2a8a7cd7-06bf-4db7-87f4-48062698d858 for 163618ms e93b3770-42ff-4133-989c-2c3f555af44b for 163622ms
2019-09-17 06:05:54,487 [EventQueue-PipelineActionsForPipelineActionHandler] INFO  pipeline.SCMPipelineManager (SCMPipelineManager.java:finalizeAndDestroyPipeline(311)) - destroying pipeline:Pipeline[ Id: a8605ba1-ede5-406f-87cf-3975fa4e760d, Nodes: e93b3770-42ff-4133-989c-2c3f555af44b{ip: 192.168.34.7, host: pr-hdds-2132-5g9kv-3389001449, networkLocation: /default-rack, certSerialId: null}2a8a7cd7-06bf-4db7-87f4-48062698d858{ip: 192.168.34.7, host: pr-hdds-2132-5g9kv-3389001449, networkLocation: /default-rack, certSerialId: null}7b82b5c3-1af5-4aef-b0e5-9bbd5ece1c94{ip: 192.168.34.7, host: pr-hdds-2132-5g9kv-3389001449, networkLocation: /default-rack, certSerialId: null}, Type:RATIS, Factor:THREE, State:CLOSED]
2019-09-17 06:05:55,991 [org.apache.ratis.server.impl.LogAppender$AppenderDaemon$$Lambda$508/456872507@18278934] ERROR ratis.XceiverServerRatis (XceiverServerRatis.java:triggerPipelineClose(575)) - pipeline Action CLOSE  on pipeline PipelineID=a8605ba1-ede5-406f-87cf-3975fa4e760d.Reason : 7b82b5c3-1af5-4aef-b0e5-9bbd5ece1c94 has not seen follower/s 2a8a7cd7-06bf-4db7-87f4-48062698d858 for 166119ms e93b3770-42ff-4133-989c-2c3f555af44b for 166123ms
2019-09-17 06:05:55,991 [org.apache.ratis.server.impl.LogAppender$AppenderDaemon$$Lambda$508/456872507@320151f] ERROR ratis.XceiverServerRatis (XceiverServerRatis.java:triggerPipelineClose(575)) - pipeline Action CLOSE  on pipeline PipelineID=a8605ba1-ede5-406f-87cf-3975fa4e760d.Reason : 7b82b5c3-1af5-4aef-b0e5-9bbd5ece1c94 has not seen follower/s 2a8a7cd7-06bf-4db7-87f4-48062698d858 for 166119ms e93b3770-42ff-4133-989c-2c3f555af44b for 166123ms
2019-09-17 06:05:56,487 [EventQueue-PipelineActionsForPipelineActionHandler] ERROR pipeline.PipelineActionHandler (PipelineActionHandler.java:onMessage(60)) - Received pipeline action CLOSE for Pipeline[ Id: a8605ba1-ede5-406f-87cf-3975fa4e760d, Nodes: e93b3770-42ff-4133-989c-2c3f555af44b{ip: 192.168.34.7, host: pr-hdds-2132-5g9kv-3389001449, networkLocation: /default-rack, certSerialId: null}2a8a7cd7-06bf-4db7-87f4-48062698d858{ip: 192.168.34.7, host: pr-hdds-2132-5g9kv-3389001449, networkLocation: /default-rack, certSerialId: null}7b82b5c3-1af5-4aef-b0e5-9bbd5ece1c94{ip: 192.168.34.7, host: pr-hdds-2132-5g9kv-3389001449, networkLocation: /default-rack, certSerialId: null}, Type:RATIS, Factor:THREE, State:CLOSED] from datanode 7b82b5c3-1af5-4aef-b0e5-9bbd5ece1c94{ip: 192.168.34.7, host: pr-hdds-2132-5g9kv-3389001449, networkLocation: /default-rack, certSerialId: null}. Reason : 7b82b5c3-1af5-4aef-b0e5-9bbd5ece1c94 has not seen follower/s 2a8a7cd7-06bf-4db7-87f4-48062698d858 for 166119ms e93b3770-42ff-4133-989c-2c3f555af44b for 166123ms
2019-09-17 06:05:56,488 [EventQueue-PipelineActionsForPipelineActionHandler] INFO  pipeline.SCMPipelineManager (SCMPipelineManager.java:finalizeAndDestroyPipeline(311)) - destroying pipeline:Pipeline[ Id: a8605ba1-ede5-406f-87cf-3975fa4e760d, Nodes: e93b3770-42ff-4133-989c-2c3f555af44b{ip: 192.168.34.7, host: pr-hdds-2132-5g9kv-3389001449, networkLocation: /default-rack, certSerialId: null}2a8a7cd7-06bf-4db7-87f4-48062698d858{ip: 192.168.34.7, host: pr-hdds-2132-5g9kv-3389001449, networkLocation: /default-rack, certSerialId: null}7b82b5c3-1af5-4aef-b0e5-9bbd5ece1c94{ip: 192.168.34.7, host: pr-hdds-2132-5g9kv-3389001449, networkLocation: /default-rack, certSerialId: null}, Type:RATIS, Factor:THREE, State:CLOSED]
2019-09-17 06:05:56,490 [java.util.concurrent.ThreadPoolExecutor$Worker@40b25a1f[State = -1, empty queue]] WARN  server.GrpcLogAppender (GrpcLogAppender.java:timeoutAppendRequest(200)) - 7b82b5c3-1af5-4aef-b0e5-9bbd5ece1c94@group-3975FA4E760D->e93b3770-42ff-4133-989c-2c3f555af44b-GrpcLogAppender: appendEntries Timeout, request=7b82b5c3-1af5-4aef-b0e5-9bbd5ece1c94->e93b3770-42ff-4133-989c-2c3f555af44b#242-t3, previous=(t:3, i:25), leaderCommit=18, initializing? false, entries: <empty>
2019-09-17 06:05:56,491 [java.util.concurrent.ThreadPoolExecutor$Worker@de36a13[State = -1, empty queue]] WARN  server.GrpcLogAppender (GrpcLogAppender.java:timeoutAppendRequest(200)) - 7b82b5c3-1af5-4aef-b0e5-9bbd5ece1c94@group-3975FA4E760D->2a8a7cd7-06bf-4db7-87f4-48062698d858-GrpcLogAppender: appendEntries Timeout, request=7b82b5c3-1af5-4aef-b0e5-9bbd5ece1c94->2a8a7cd7-06bf-4db7-87f4-48062698d858#242-t3, previous=(t:3, i:25), leaderCommit=18, initializing? false, entries: <empty>
2019-09-17 06:05:56,839 [grpc-default-executor-1] INFO  client.GrpcClientProtocolClient (GrpcClientProtocolClient.java:onNext(264)) - client-BA2506DDDB30->2a8a7cd7-06bf-4db7-87f4-48062698d858: receive RaftClientReply:client-BA2506DDDB30->2a8a7cd7-06bf-4db7-87f4-48062698d858@group-3975FA4E760D, cid=140, FAILED org.apache.ratis.protocol.NotLeaderException: Server 2a8a7cd7-06bf-4db7-87f4-48062698d858@group-3975FA4E760D is not the leader 7b82b5c3-1af5-4aef-b0e5-9bbd5ece1c94:192.168.34.7:38196, logIndex=0, commits[2a8a7cd7-06bf-4db7-87f4-48062698d858:c18, 7b82b5c3-1af5-4aef-b0e5-9bbd5ece1c94:c18, e93b3770-42ff-4133-989c-2c3f555af44b:c13]
2019-09-17 06:05:58,492 [org.apache.ratis.server.impl.LogAppender$AppenderDaemon$$Lambda$508/456872507@320151f] ERROR ratis.XceiverServerRatis (XceiverServerRatis.java:triggerPipelineClose(575)) - pipeline Action CLOSE  on pipeline PipelineID=a8605ba1-ede5-406f-87cf-3975fa4e760d.Reason : 7b82b5c3-1af5-4aef-b0e5-9bbd5ece1c94 has not seen follower/s 2a8a7cd7-06bf-4db7-87f4-48062698d858 for 168620ms e93b3770-42ff-4133-989c-2c3f555af44b for 168624ms
2019-09-17 06:05:58,492 [org.apache.ratis.server.impl.LogAppender$AppenderDaemon$$Lambda$508/456872507@18278934] ERROR ratis.XceiverServerRatis (XceiverServerRatis.java:triggerPipelineClose(575)) - pipeline Action CLOSE  on pipeline PipelineID=a8605ba1-ede5-406f-87cf-3975fa4e760d.Reason : 7b82b5c3-1af5-4aef-b0e5-9bbd5ece1c94 has not seen follower/s 2a8a7cd7-06bf-4db7-87f4-48062698d858 for 168620ms e93b3770-42ff-4133-989c-2c3f555af44b for 168624ms
2019-09-17 06:05:58,991 [java.util.concurrent.ThreadPoolExecutor$Worker@40b25a1f[State = -1, empty queue]] WARN  server.GrpcLogAppender (GrpcLogAppender.java:timeoutAppendRequest(200)) - 7b82b5c3-1af5-4aef-b0e5-9bbd5ece1c94@group-3975FA4E760D->e93b3770-42ff-4133-989c-2c3f555af44b-GrpcLogAppender: appendEntries Timeout, request=7b82b5c3-1af5-4aef-b0e5-9bbd5ece1c94->e93b3770-42ff-4133-989c-2c3f555af44b#243-t3, previous=(t:3, i:25), leaderCommit=18, initializing? false, entries: <empty>
2019-09-17 06:05:58,991 [java.util.concurrent.ThreadPoolExecutor$Worker@de36a13[State = -1, empty queue]] WARN  server.GrpcLogAppender (GrpcLogAppender.java:timeoutAppendRequest(200)) - 7b82b5c3-1af5-4aef-b0e5-9bbd5ece1c94@group-3975FA4E760D->2a8a7cd7-06bf-4db7-87f4-48062698d858-GrpcLogAppender: appendEntries Timeout, request=7b82b5c3-1af5-4aef-b0e5-9bbd5ece1c94->2a8a7cd7-06bf-4db7-87f4-48062698d858#243-t3, previous=(t:3, i:25), leaderCommit=18, initializing? false, entries: <empty>
2019-09-17 06:05:59,486 [EventQueue-PipelineActionsForPipelineActionHandler] ERROR pipeline.PipelineActionHandler (PipelineActionHandler.java:onMessage(60)) - Received pipeline action CLOSE for Pipeline[ Id: a8605ba1-ede5-406f-87cf-3975fa4e760d, Nodes: e93b3770-42ff-4133-989c-2c3f555af44b{ip: 192.168.34.7, host: pr-hdds-2132-5g9kv-3389001449, networkLocation: /default-rack, certSerialId: null}2a8a7cd7-06bf-4db7-87f4-48062698d858{ip: 192.168.34.7, host: pr-hdds-2132-5g9kv-3389001449, networkLocation: /default-rack, certSerialId: null}7b82b5c3-1af5-4aef-b0e5-9bbd5ece1c94{ip: 192.168.34.7, host: pr-hdds-2132-5g9kv-3389001449, networkLocation: /default-rack, certSerialId: null}, Type:RATIS, Factor:THREE, State:CLOSED] from datanode 7b82b5c3-1af5-4aef-b0e5-9bbd5ece1c94{ip: 192.168.34.7, host: pr-hdds-2132-5g9kv-3389001449, networkLocation: /default-rack, certSerialId: null}. Reason : 7b82b5c3-1af5-4aef-b0e5-9bbd5ece1c94 has not seen follower/s 2a8a7cd7-06bf-4db7-87f4-48062698d858 for 168620ms e93b3770-42ff-4133-989c-2c3f555af44b for 168624ms
2019-09-17 06:05:59,487 [EventQueue-PipelineActionsForPipelineActionHandler] INFO  pipeline.SCMPipelineManager (SCMPipelineManager.java:finalizeAndDestroyPipeline(311)) - destroying pipeline:Pipeline[ Id: a8605ba1-ede5-406f-87cf-3975fa4e760d, Nodes: e93b3770-42ff-4133-989c-2c3f555af44b{ip: 192.168.34.7, host: pr-hdds-2132-5g9kv-3389001449, networkLocation: /default-rack, certSerialId: null}2a8a7cd7-06bf-4db7-87f4-48062698d858{ip: 192.168.34.7, host: pr-hdds-2132-5g9kv-3389001449, networkLocation: /default-rack, certSerialId: null}7b82b5c3-1af5-4aef-b0e5-9bbd5ece1c94{ip: 192.168.34.7, host: pr-hdds-2132-5g9kv-3389001449, networkLocation: /default-rack, certSerialId: null}, Type:RATIS, Factor:THREE, State:CLOSED]
2019-09-17 06:06:00,364 [2a8a7cd7-06bf-4db7-87f4-48062698d858@group-3975FA4E760D-SegmentedRaftLogWorker] WARN  segmented.SegmentedRaftLogWorker (SegmentedRaftLogWorker.java:getFromFuture(90)) - Timeout 16/~
org.apache.ratis.protocol.TimeoutIOException: Timeout 10s: WriteLog:19: (t:3, i:19), STATEMACHINELOGENTRY, client-BA2506DDDB30, cid=140-writeStateMachineData
	at org.apache.ratis.util.IOUtils.getFromFuture(IOUtils.java:87)
	at org.apache.ratis.server.raftlog.segmented.SegmentedRaftLogWorker$StateMachineDataPolicy.getFromFuture(SegmentedRaftLogWorker.java:87)
	at org.apache.ratis.server.raftlog.segmented.SegmentedRaftLogWorker$WriteLog.execute(SegmentedRaftLogWorker.java:477)
	at org.apache.ratis.server.raftlog.segmented.SegmentedRaftLogWorker.run(SegmentedRaftLogWorker.java:289)
	at java.lang.Thread.run(Thread.java:748)
Caused by: java.util.concurrent.TimeoutException
	at java.util.concurrent.CompletableFuture.timedGet(CompletableFuture.java:1771)
	at java.util.concurrent.CompletableFuture.get(CompletableFuture.java:1915)
	at org.apache.ratis.util.IOUtils.getFromFuture(IOUtils.java:79)
	... 4 more
2019-09-17 06:06:00,493 [e93b3770-42ff-4133-989c-2c3f555af44b@group-3975FA4E760D-SegmentedRaftLogWorker] WARN  segmented.SegmentedRaftLogWorker (SegmentedRaftLogWorker.java:getFromFuture(90)) - Timeout 16/~
org.apache.ratis.protocol.TimeoutIOException: Timeout 10s: WriteLog:20: (t:3, i:20), STATEMACHINELOGENTRY, client-BA2506DDDB30, cid=141-writeStateMachineData
	at org.apache.ratis.util.IOUtils.getFromFuture(IOUtils.java:87)
	at org.apache.ratis.server.raftlog.segmented.SegmentedRaftLogWorker$StateMachineDataPolicy.getFromFuture(SegmentedRaftLogWorker.java:87)
	at org.apache.ratis.server.raftlog.segmented.SegmentedRaftLogWorker$WriteLog.execute(SegmentedRaftLogWorker.java:477)
	at org.apache.ratis.server.raftlog.segmented.SegmentedRaftLogWorker.run(SegmentedRaftLogWorker.java:289)
	at java.lang.Thread.run(Thread.java:748)
Caused by: java.util.concurrent.TimeoutException
	at java.util.concurrent.CompletableFuture.timedGet(CompletableFuture.java:1771)
	at java.util.concurrent.CompletableFuture.get(CompletableFuture.java:1915)
	at org.apache.ratis.util.IOUtils.getFromFuture(IOUtils.java:79)
	... 4 more
2019-09-17 06:06:00,494 [7b82b5c3-1af5-4aef-b0e5-9bbd5ece1c94@group-3975FA4E760D-SegmentedRaftLogWorker] WARN  segmented.SegmentedRaftLogWorker (SegmentedRaftLogWorker.java:getFromFuture(90)) - Timeout 16/~
org.apache.ratis.protocol.TimeoutIOException: Timeout 10s: WriteLog:20: (t:3, i:20), STATEMACHINELOGENTRY, client-BA2506DDDB30, cid=141-writeStateMachineData
	at org.apache.ratis.util.IOUtils.getFromFuture(IOUtils.java:87)
	at org.apache.ratis.server.raftlog.segmented.SegmentedRaftLogWorker$StateMachineDataPolicy.getFromFuture(SegmentedRaftLogWorker.java:87)
	at org.apache.ratis.server.raftlog.segmented.SegmentedRaftLogWorker$WriteLog.execute(SegmentedRaftLogWorker.java:477)
	at org.apache.ratis.server.raftlog.segmented.SegmentedRaftLogWorker.run(SegmentedRaftLogWorker.java:289)
	at java.lang.Thread.run(Thread.java:748)
Caused by: java.util.concurrent.TimeoutException
	at java.util.concurrent.CompletableFuture.timedGet(CompletableFuture.java:1771)
	at java.util.concurrent.CompletableFuture.get(CompletableFuture.java:1915)
	at org.apache.ratis.util.IOUtils.getFromFuture(IOUtils.java:79)
	... 4 more
2019-09-17 06:06:00,993 [org.apache.ratis.server.impl.LogAppender$AppenderDaemon$$Lambda$508/456872507@18278934] ERROR ratis.XceiverServerRatis (XceiverServerRatis.java:triggerPipelineClose(575)) - pipeline Action CLOSE  on pipeline PipelineID=a8605ba1-ede5-406f-87cf-3975fa4e760d.Reason : 7b82b5c3-1af5-4aef-b0e5-9bbd5ece1c94 has not seen follower/s 2a8a7cd7-06bf-4db7-87f4-48062698d858 for 171121ms e93b3770-42ff-4133-989c-2c3f555af44b for 171125ms
2019-09-17 06:06:00,993 [org.apache.ratis.server.impl.LogAppender$AppenderDaemon$$Lambda$508/456872507@320151f] ERROR ratis.XceiverServerRatis (XceiverServerRatis.java:triggerPipelineClose(575)) - pipeline Action CLOSE  on pipeline PipelineID=a8605ba1-ede5-406f-87cf-3975fa4e760d.Reason : 7b82b5c3-1af5-4aef-b0e5-9bbd5ece1c94 has not seen follower/s 2a8a7cd7-06bf-4db7-87f4-48062698d858 for 171121ms e93b3770-42ff-4133-989c-2c3f555af44b for 171125ms
2019-09-17 06:06:01,487 [EventQueue-PipelineActionsForPipelineActionHandler] ERROR pipeline.PipelineActionHandler (PipelineActionHandler.java:onMessage(60)) - Received pipeline action CLOSE for Pipeline[ Id: a8605ba1-ede5-406f-87cf-3975fa4e760d, Nodes: e93b3770-42ff-4133-989c-2c3f555af44b{ip: 192.168.34.7, host: pr-hdds-2132-5g9kv-3389001449, networkLocation: /default-rack, certSerialId: null}2a8a7cd7-06bf-4db7-87f4-48062698d858{ip: 192.168.34.7, host: pr-hdds-2132-5g9kv-3389001449, networkLocation: /default-rack, certSerialId: null}7b82b5c3-1af5-4aef-b0e5-9bbd5ece1c94{ip: 192.168.34.7, host: pr-hdds-2132-5g9kv-3389001449, networkLocation: /default-rack, certSerialId: null}, Type:RATIS, Factor:THREE, State:CLOSED] from datanode 7b82b5c3-1af5-4aef-b0e5-9bbd5ece1c94{ip: 192.168.34.7, host: pr-hdds-2132-5g9kv-3389001449, networkLocation: /default-rack, certSerialId: null}. Reason : 7b82b5c3-1af5-4aef-b0e5-9bbd5ece1c94 has not seen follower/s 2a8a7cd7-06bf-4db7-87f4-48062698d858 for 171121ms e93b3770-42ff-4133-989c-2c3f555af44b for 171125ms
2019-09-17 06:06:01,487 [EventQueue-PipelineActionsForPipelineActionHandler] INFO  pipeline.SCMPipelineManager (SCMPipelineManager.java:finalizeAndDestroyPipeline(311)) - destroying pipeline:Pipeline[ Id: a8605ba1-ede5-406f-87cf-3975fa4e760d, Nodes: e93b3770-42ff-4133-989c-2c3f555af44b{ip: 192.168.34.7, host: pr-hdds-2132-5g9kv-3389001449, networkLocation: /default-rack, certSerialId: null}2a8a7cd7-06bf-4db7-87f4-48062698d858{ip: 192.168.34.7, host: pr-hdds-2132-5g9kv-3389001449, networkLocation: /default-rack, certSerialId: null}7b82b5c3-1af5-4aef-b0e5-9bbd5ece1c94{ip: 192.168.34.7, host: pr-hdds-2132-5g9kv-3389001449, networkLocation: /default-rack, certSerialId: null}, Type:RATIS, Factor:THREE, State:CLOSED]
2019-09-17 06:06:01,492 [java.util.concurrent.ThreadPoolExecutor$Worker@40b25a1f[State = -1, empty queue]] WARN  server.GrpcLogAppender (GrpcLogAppender.java:timeoutAppendRequest(200)) - 7b82b5c3-1af5-4aef-b0e5-9bbd5ece1c94@group-3975FA4E760D->e93b3770-42ff-4133-989c-2c3f555af44b-GrpcLogAppender: appendEntries Timeout, request=7b82b5c3-1af5-4aef-b0e5-9bbd5ece1c94->e93b3770-42ff-4133-989c-2c3f555af44b#244-t3, previous=(t:3, i:25), leaderCommit=18, initializing? false, entries: <empty>
2019-09-17 06:06:01,492 [java.util.concurrent.ThreadPoolExecutor$Worker@de36a13[State = -1, empty queue]] WARN  server.GrpcLogAppender (GrpcLogAppender.java:timeoutAppendRequest(200)) - 7b82b5c3-1af5-4aef-b0e5-9bbd5ece1c94@group-3975FA4E760D->2a8a7cd7-06bf-4db7-87f4-48062698d858-GrpcLogAppender: appendEntries Timeout, request=7b82b5c3-1af5-4aef-b0e5-9bbd5ece1c94->2a8a7cd7-06bf-4db7-87f4-48062698d858#244-t3, previous=(t:3, i:25), leaderCommit=18, initializing? false, entries: <empty>
2019-09-17 06:06:01,879 [grpc-default-executor-2] INFO  client.GrpcClientProtocolClient (GrpcClientProtocolClient.java:onNext(264)) - client-BA2506DDDB30->e93b3770-42ff-4133-989c-2c3f555af44b: receive RaftClientReply:client-BA2506DDDB30->e93b3770-42ff-4133-989c-2c3f555af44b@group-3975FA4E760D, cid=140, FAILED org.apache.ratis.protocol.NotLeaderException: Server e93b3770-42ff-4133-989c-2c3f555af44b@group-3975FA4E760D is not the leader 7b82b5c3-1af5-4aef-b0e5-9bbd5ece1c94:192.168.34.7:38196, logIndex=0, commits[e93b3770-42ff-4133-989c-2c3f555af44b:c18, 2a8a7cd7-06bf-4db7-87f4-48062698d858:c13, 7b82b5c3-1af5-4aef-b0e5-9bbd5ece1c94:c18]
2019-09-17 06:06:03,493 [org.apache.ratis.server.impl.LogAppender$AppenderDaemon$$Lambda$508/456872507@18278934] ERROR ratis.XceiverServerRatis (XceiverServerRatis.java:triggerPipelineClose(575)) - pipeline Action CLOSE  on pipeline PipelineID=a8605ba1-ede5-406f-87cf-3975fa4e760d.Reason : 7b82b5c3-1af5-4aef-b0e5-9bbd5ece1c94 has not seen follower/s 2a8a7cd7-06bf-4db7-87f4-48062698d858 for 173621ms e93b3770-42ff-4133-989c-2c3f555af44b for 173625ms
2019-09-17 06:06:03,493 [org.apache.ratis.server.impl.LogAppender$AppenderDaemon$$Lambda$508/456872507@320151f] ERROR ratis.XceiverServerRatis (XceiverServerRatis.java:triggerPipelineClose(575)) - pipeline Action CLOSE  on pipeline PipelineID=a8605ba1-ede5-406f-87cf-3975fa4e760d.Reason : 7b82b5c3-1af5-4aef-b0e5-9bbd5ece1c94 has not seen follower/s 2a8a7cd7-06bf-4db7-87f4-48062698d858 for 173621ms e93b3770-42ff-4133-989c-2c3f555af44b for 173625ms
2019-09-17 06:06:03,993 [java.util.concurrent.ThreadPoolExecutor$Worker@de36a13[State = -1, empty queue]] WARN  server.GrpcLogAppender (GrpcLogAppender.java:timeoutAppendRequest(200)) - 7b82b5c3-1af5-4aef-b0e5-9bbd5ece1c94@group-3975FA4E760D->2a8a7cd7-06bf-4db7-87f4-48062698d858-GrpcLogAppender: appendEntries Timeout, request=7b82b5c3-1af5-4aef-b0e5-9bbd5ece1c94->2a8a7cd7-06bf-4db7-87f4-48062698d858#245-t3, previous=(t:3, i:25), leaderCommit=18, initializing? false, entries: <empty>
2019-09-17 06:06:03,993 [java.util.concurrent.ThreadPoolExecutor$Worker@40b25a1f[State = -1, empty queue]] WARN  server.GrpcLogAppender (GrpcLogAppender.java:timeoutAppendRequest(200)) - 7b82b5c3-1af5-4aef-b0e5-9bbd5ece1c94@group-3975FA4E760D->e93b3770-42ff-4133-989c-2c3f555af44b-GrpcLogAppender: appendEntries Timeout, request=7b82b5c3-1af5-4aef-b0e5-9bbd5ece1c94->e93b3770-42ff-4133-989c-2c3f555af44b#245-t3, previous=(t:3, i:25), leaderCommit=18, initializing? false, entries: <empty>
2019-09-17 06:06:04,486 [EventQueue-PipelineActionsForPipelineActionHandler] ERROR pipeline.PipelineActionHandler (PipelineActionHandler.java:onMessage(60)) - Received pipeline action CLOSE for Pipeline[ Id: a8605ba1-ede5-406f-87cf-3975fa4e760d, Nodes: e93b3770-42ff-4133-989c-2c3f555af44b{ip: 192.168.34.7, host: pr-hdds-2132-5g9kv-3389001449, networkLocation: /default-rack, certSerialId: null}2a8a7cd7-06bf-4db7-87f4-48062698d858{ip: 192.168.34.7, host: pr-hdds-2132-5g9kv-3389001449, networkLocation: /default-rack, certSerialId: null}7b82b5c3-1af5-4aef-b0e5-9bbd5ece1c94{ip: 192.168.34.7, host: pr-hdds-2132-5g9kv-3389001449, networkLocation: /default-rack, certSerialId: null}, Type:RATIS, Factor:THREE, State:CLOSED] from datanode 7b82b5c3-1af5-4aef-b0e5-9bbd5ece1c94{ip: 192.168.34.7, host: pr-hdds-2132-5g9kv-3389001449, networkLocation: /default-rack, certSerialId: null}. Reason : 7b82b5c3-1af5-4aef-b0e5-9bbd5ece1c94 has not seen follower/s 2a8a7cd7-06bf-4db7-87f4-48062698d858 for 173621ms e93b3770-42ff-4133-989c-2c3f555af44b for 173625ms
2019-09-17 06:06:04,486 [EventQueue-PipelineActionsForPipelineActionHandler] INFO  pipeline.SCMPipelineManager (SCMPipelineManager.java:finalizeAndDestroyPipeline(311)) - destroying pipeline:Pipeline[ Id: a8605ba1-ede5-406f-87cf-3975fa4e760d, Nodes: e93b3770-42ff-4133-989c-2c3f555af44b{ip: 192.168.34.7, host: pr-hdds-2132-5g9kv-3389001449, networkLocation: /default-rack, certSerialId: null}2a8a7cd7-06bf-4db7-87f4-48062698d858{ip: 192.168.34.7, host: pr-hdds-2132-5g9kv-3389001449, networkLocation: /default-rack, certSerialId: null}7b82b5c3-1af5-4aef-b0e5-9bbd5ece1c94{ip: 192.168.34.7, host: pr-hdds-2132-5g9kv-3389001449, networkLocation: /default-rack, certSerialId: null}, Type:RATIS, Factor:THREE, State:CLOSED]
2019-09-17 06:06:05,994 [org.apache.ratis.server.impl.LogAppender$AppenderDaemon$$Lambda$508/456872507@18278934] ERROR ratis.XceiverServerRatis (XceiverServerRatis.java:triggerPipelineClose(575)) - pipeline Action CLOSE  on pipeline PipelineID=a8605ba1-ede5-406f-87cf-3975fa4e760d.Reason : 7b82b5c3-1af5-4aef-b0e5-9bbd5ece1c94 has not seen follower/s 2a8a7cd7-06bf-4db7-87f4-48062698d858 for 176122ms e93b3770-42ff-4133-989c-2c3f555af44b for 176126ms
2019-09-17 06:06:05,994 [org.apache.ratis.server.impl.LogAppender$AppenderDaemon$$Lambda$508/456872507@320151f] ERROR ratis.XceiverServerRatis (XceiverServerRatis.java:triggerPipelineClose(575)) - pipeline Action CLOSE  on pipeline PipelineID=a8605ba1-ede5-406f-87cf-3975fa4e760d.Reason : 7b82b5c3-1af5-4aef-b0e5-9bbd5ece1c94 has not seen follower/s 2a8a7cd7-06bf-4db7-87f4-48062698d858 for 176122ms e93b3770-42ff-4133-989c-2c3f555af44b for 176126ms
2019-09-17 06:06:06,487 [EventQueue-PipelineActionsForPipelineActionHandler] ERROR pipeline.PipelineActionHandler (PipelineActionHandler.java:onMessage(60)) - Received pipeline action CLOSE for Pipeline[ Id: a8605ba1-ede5-406f-87cf-3975fa4e760d, Nodes: e93b3770-42ff-4133-989c-2c3f555af44b{ip: 192.168.34.7, host: pr-hdds-2132-5g9kv-3389001449, networkLocation: /default-rack, certSerialId: null}2a8a7cd7-06bf-4db7-87f4-48062698d858{ip: 192.168.34.7, host: pr-hdds-2132-5g9kv-3389001449, networkLocation: /default-rack, certSerialId: null}7b82b5c3-1af5-4aef-b0e5-9bbd5ece1c94{ip: 192.168.34.7, host: pr-hdds-2132-5g9kv-3389001449, networkLocation: /default-rack, certSerialId: null}, Type:RATIS, Factor:THREE, State:CLOSED] from datanode 7b82b5c3-1af5-4aef-b0e5-9bbd5ece1c94{ip: 192.168.34.7, host: pr-hdds-2132-5g9kv-3389001449, networkLocation: /default-rack, certSerialId: null}. Reason : 7b82b5c3-1af5-4aef-b0e5-9bbd5ece1c94 has not seen follower/s 2a8a7cd7-06bf-4db7-87f4-48062698d858 for 176122ms e93b3770-42ff-4133-989c-2c3f555af44b for 176126ms
2019-09-17 06:06:06,488 [EventQueue-PipelineActionsForPipelineActionHandler] INFO  pipeline.SCMPipelineManager (SCMPipelineManager.java:finalizeAndDestroyPipeline(311)) - destroying pipeline:Pipeline[ Id: a8605ba1-ede5-406f-87cf-3975fa4e760d, Nodes: e93b3770-42ff-4133-989c-2c3f555af44b{ip: 192.168.34.7, host: pr-hdds-2132-5g9kv-3389001449, networkLocation: /default-rack, certSerialId: null}2a8a7cd7-06bf-4db7-87f4-48062698d858{ip: 192.168.34.7, host: pr-hdds-2132-5g9kv-3389001449, networkLocation: /default-rack, certSerialId: null}7b82b5c3-1af5-4aef-b0e5-9bbd5ece1c94{ip: 192.168.34.7, host: pr-hdds-2132-5g9kv-3389001449, networkLocation: /default-rack, certSerialId: null}, Type:RATIS, Factor:THREE, State:CLOSED]
2019-09-17 06:06:06,494 [java.util.concurrent.ThreadPoolExecutor$Worker@40b25a1f[State = -1, empty queue]] WARN  server.GrpcLogAppender (GrpcLogAppender.java:timeoutAppendRequest(200)) - 7b82b5c3-1af5-4aef-b0e5-9bbd5ece1c94@group-3975FA4E760D->e93b3770-42ff-4133-989c-2c3f555af44b-GrpcLogAppender: appendEntries Timeout, request=7b82b5c3-1af5-4aef-b0e5-9bbd5ece1c94->e93b3770-42ff-4133-989c-2c3f555af44b#246-t3, previous=(t:3, i:25), leaderCommit=18, initializing? false, entries: <empty>
2019-09-17 06:06:06,494 [java.util.concurrent.ThreadPoolExecutor$Worker@de36a13[State = -1, empty queue]] WARN  server.GrpcLogAppender (GrpcLogAppender.java:timeoutAppendRequest(200)) - 7b82b5c3-1af5-4aef-b0e5-9bbd5ece1c94@group-3975FA4E760D->2a8a7cd7-06bf-4db7-87f4-48062698d858-GrpcLogAppender: appendEntries Timeout, request=7b82b5c3-1af5-4aef-b0e5-9bbd5ece1c94->2a8a7cd7-06bf-4db7-87f4-48062698d858#246-t3, previous=(t:3, i:25), leaderCommit=18, initializing? false, entries: <empty>
2019-09-17 06:06:06,918 [grpc-default-executor-6] INFO  client.GrpcClientProtocolClient (GrpcClientProtocolClient.java:onNext(264)) - client-BA2506DDDB30->2a8a7cd7-06bf-4db7-87f4-48062698d858: receive RaftClientReply:client-BA2506DDDB30->2a8a7cd7-06bf-4db7-87f4-48062698d858@group-3975FA4E760D, cid=140, FAILED org.apache.ratis.protocol.NotLeaderException: Server 2a8a7cd7-06bf-4db7-87f4-48062698d858@group-3975FA4E760D is not the leader 7b82b5c3-1af5-4aef-b0e5-9bbd5ece1c94:192.168.34.7:38196, logIndex=0, commits[2a8a7cd7-06bf-4db7-87f4-48062698d858:c18, 7b82b5c3-1af5-4aef-b0e5-9bbd5ece1c94:c18, e93b3770-42ff-4133-989c-2c3f555af44b:c13]
2019-09-17 06:06:08,495 [org.apache.ratis.server.impl.LogAppender$AppenderDaemon$$Lambda$508/456872507@320151f] ERROR ratis.XceiverServerRatis (XceiverServerRatis.java:triggerPipelineClose(575)) - pipeline Action CLOSE  on pipeline PipelineID=a8605ba1-ede5-406f-87cf-3975fa4e760d.Reason : 7b82b5c3-1af5-4aef-b0e5-9bbd5ece1c94 has not seen follower/s 2a8a7cd7-06bf-4db7-87f4-48062698d858 for 178622ms e93b3770-42ff-4133-989c-2c3f555af44b for 178626ms
2019-09-17 06:06:08,495 [org.apache.ratis.server.impl.LogAppender$AppenderDaemon$$Lambda$508/456872507@18278934] ERROR ratis.XceiverServerRatis (XceiverServerRatis.java:triggerPipelineClose(575)) - pipeline Action CLOSE  on pipeline PipelineID=a8605ba1-ede5-406f-87cf-3975fa4e760d.Reason : 7b82b5c3-1af5-4aef-b0e5-9bbd5ece1c94 has not seen follower/s 2a8a7cd7-06bf-4db7-87f4-48062698d858 for 178623ms e93b3770-42ff-4133-989c-2c3f555af44b for 178627ms
2019-09-17 06:06:08,994 [java.util.concurrent.ThreadPoolExecutor$Worker@de36a13[State = -1, empty queue]] WARN  server.GrpcLogAppender (GrpcLogAppender.java:timeoutAppendRequest(200)) - 7b82b5c3-1af5-4aef-b0e5-9bbd5ece1c94@group-3975FA4E760D->2a8a7cd7-06bf-4db7-87f4-48062698d858-GrpcLogAppender: appendEntries Timeout, request=7b82b5c3-1af5-4aef-b0e5-9bbd5ece1c94->2a8a7cd7-06bf-4db7-87f4-48062698d858#247-t3, previous=(t:3, i:25), leaderCommit=18, initializing? false, entries: <empty>
2019-09-17 06:06:08,994 [java.util.concurrent.ThreadPoolExecutor$Worker@40b25a1f[State = -1, empty queue]] WARN  server.GrpcLogAppender (GrpcLogAppender.java:timeoutAppendRequest(200)) - 7b82b5c3-1af5-4aef-b0e5-9bbd5ece1c94@group-3975FA4E760D->e93b3770-42ff-4133-989c-2c3f555af44b-GrpcLogAppender: appendEntries Timeout, request=7b82b5c3-1af5-4aef-b0e5-9bbd5ece1c94->e93b3770-42ff-4133-989c-2c3f555af44b#247-t3, previous=(t:3, i:25), leaderCommit=18, initializing? false, entries: <empty>
2019-09-17 06:06:09,487 [EventQueue-PipelineActionsForPipelineActionHandler] ERROR pipeline.PipelineActionHandler (PipelineActionHandler.java:onMessage(60)) - Received pipeline action CLOSE for Pipeline[ Id: a8605ba1-ede5-406f-87cf-3975fa4e760d, Nodes: e93b3770-42ff-4133-989c-2c3f555af44b{ip: 192.168.34.7, host: pr-hdds-2132-5g9kv-3389001449, networkLocation: /default-rack, certSerialId: null}2a8a7cd7-06bf-4db7-87f4-48062698d858{ip: 192.168.34.7, host: pr-hdds-2132-5g9kv-3389001449, networkLocation: /default-rack, certSerialId: null}7b82b5c3-1af5-4aef-b0e5-9bbd5ece1c94{ip: 192.168.34.7, host: pr-hdds-2132-5g9kv-3389001449, networkLocation: /default-rack, certSerialId: null}, Type:RATIS, Factor:THREE, State:CLOSED] from datanode 7b82b5c3-1af5-4aef-b0e5-9bbd5ece1c94{ip: 192.168.34.7, host: pr-hdds-2132-5g9kv-3389001449, networkLocation: /default-rack, certSerialId: null}. Reason : 7b82b5c3-1af5-4aef-b0e5-9bbd5ece1c94 has not seen follower/s 2a8a7cd7-06bf-4db7-87f4-48062698d858 for 178622ms e93b3770-42ff-4133-989c-2c3f555af44b for 178626ms
2019-09-17 06:06:09,487 [EventQueue-PipelineActionsForPipelineActionHandler] INFO  pipeline.SCMPipelineManager (SCMPipelineManager.java:finalizeAndDestroyPipeline(311)) - destroying pipeline:Pipeline[ Id: a8605ba1-ede5-406f-87cf-3975fa4e760d, Nodes: e93b3770-42ff-4133-989c-2c3f555af44b{ip: 192.168.34.7, host: pr-hdds-2132-5g9kv-3389001449, networkLocation: /default-rack, certSerialId: null}2a8a7cd7-06bf-4db7-87f4-48062698d858{ip: 192.168.34.7, host: pr-hdds-2132-5g9kv-3389001449, networkLocation: /default-rack, certSerialId: null}7b82b5c3-1af5-4aef-b0e5-9bbd5ece1c94{ip: 192.168.34.7, host: pr-hdds-2132-5g9kv-3389001449, networkLocation: /default-rack, certSerialId: null}, Type:RATIS, Factor:THREE, State:CLOSED]
2019-09-17 06:06:10,366 [2a8a7cd7-06bf-4db7-87f4-48062698d858@group-3975FA4E760D-SegmentedRaftLogWorker] WARN  segmented.SegmentedRaftLogWorker (SegmentedRaftLogWorker.java:getFromFuture(90)) - Timeout 17/~
org.apache.ratis.protocol.TimeoutIOException: Timeout 10s: WriteLog:19: (t:3, i:19), STATEMACHINELOGENTRY, client-BA2506DDDB30, cid=140-writeStateMachineData
	at org.apache.ratis.util.IOUtils.getFromFuture(IOUtils.java:87)
	at org.apache.ratis.server.raftlog.segmented.SegmentedRaftLogWorker$StateMachineDataPolicy.getFromFuture(SegmentedRaftLogWorker.java:87)
	at org.apache.ratis.server.raftlog.segmented.SegmentedRaftLogWorker$WriteLog.execute(SegmentedRaftLogWorker.java:477)
	at org.apache.ratis.server.raftlog.segmented.SegmentedRaftLogWorker.run(SegmentedRaftLogWorker.java:289)
	at java.lang.Thread.run(Thread.java:748)
Caused by: java.util.concurrent.TimeoutException
	at java.util.concurrent.CompletableFuture.timedGet(CompletableFuture.java:1771)
	at java.util.concurrent.CompletableFuture.get(CompletableFuture.java:1915)
	at org.apache.ratis.util.IOUtils.getFromFuture(IOUtils.java:79)
	... 4 more
2019-09-17 06:06:10,494 [e93b3770-42ff-4133-989c-2c3f555af44b@group-3975FA4E760D-SegmentedRaftLogWorker] WARN  segmented.SegmentedRaftLogWorker (SegmentedRaftLogWorker.java:getFromFuture(90)) - Timeout 17/~
org.apache.ratis.protocol.TimeoutIOException: Timeout 10s: WriteLog:20: (t:3, i:20), STATEMACHINELOGENTRY, client-BA2506DDDB30, cid=141-writeStateMachineData
	at org.apache.ratis.util.IOUtils.getFromFuture(IOUtils.java:87)
	at org.apache.ratis.server.raftlog.segmented.SegmentedRaftLogWorker$StateMachineDataPolicy.getFromFuture(SegmentedRaftLogWorker.java:87)
	at org.apache.ratis.server.raftlog.segmented.SegmentedRaftLogWorker$WriteLog.execute(SegmentedRaftLogWorker.java:477)
	at org.apache.ratis.server.raftlog.segmented.SegmentedRaftLogWorker.run(SegmentedRaftLogWorker.java:289)
	at java.lang.Thread.run(Thread.java:748)
Caused by: java.util.concurrent.TimeoutException
	at java.util.concurrent.CompletableFuture.timedGet(CompletableFuture.java:1771)
	at java.util.concurrent.CompletableFuture.get(CompletableFuture.java:1915)
	at org.apache.ratis.util.IOUtils.getFromFuture(IOUtils.java:79)
	... 4 more
2019-09-17 06:06:10,495 [7b82b5c3-1af5-4aef-b0e5-9bbd5ece1c94@group-3975FA4E760D-SegmentedRaftLogWorker] WARN  segmented.SegmentedRaftLogWorker (SegmentedRaftLogWorker.java:getFromFuture(90)) - Timeout 17/~
org.apache.ratis.protocol.TimeoutIOException: Timeout 10s: WriteLog:20: (t:3, i:20), STATEMACHINELOGENTRY, client-BA2506DDDB30, cid=141-writeStateMachineData
	at org.apache.ratis.util.IOUtils.getFromFuture(IOUtils.java:87)
	at org.apache.ratis.server.raftlog.segmented.SegmentedRaftLogWorker$StateMachineDataPolicy.getFromFuture(SegmentedRaftLogWorker.java:87)
	at org.apache.ratis.server.raftlog.segmented.SegmentedRaftLogWorker$WriteLog.execute(SegmentedRaftLogWorker.java:477)
	at org.apache.ratis.server.raftlog.segmented.SegmentedRaftLogWorker.run(SegmentedRaftLogWorker.java:289)
	at java.lang.Thread.run(Thread.java:748)
Caused by: java.util.concurrent.TimeoutException
	at java.util.concurrent.CompletableFuture.timedGet(CompletableFuture.java:1771)
	at java.util.concurrent.CompletableFuture.get(CompletableFuture.java:1915)
	at org.apache.ratis.util.IOUtils.getFromFuture(IOUtils.java:79)
	... 4 more
2019-09-17 06:06:10,996 [org.apache.ratis.server.impl.LogAppender$AppenderDaemon$$Lambda$508/456872507@18278934] ERROR ratis.XceiverServerRatis (XceiverServerRatis.java:triggerPipelineClose(575)) - pipeline Action CLOSE  on pipeline PipelineID=a8605ba1-ede5-406f-87cf-3975fa4e760d.Reason : 7b82b5c3-1af5-4aef-b0e5-9bbd5ece1c94 has not seen follower/s 2a8a7cd7-06bf-4db7-87f4-48062698d858 for 181123ms e93b3770-42ff-4133-989c-2c3f555af44b for 181128ms
2019-09-17 06:06:10,996 [org.apache.ratis.server.impl.LogAppender$AppenderDaemon$$Lambda$508/456872507@320151f] ERROR ratis.XceiverServerRatis (XceiverServerRatis.java:triggerPipelineClose(575)) - pipeline Action CLOSE  on pipeline PipelineID=a8605ba1-ede5-406f-87cf-3975fa4e760d.Reason : 7b82b5c3-1af5-4aef-b0e5-9bbd5ece1c94 has not seen follower/s 2a8a7cd7-06bf-4db7-87f4-48062698d858 for 181123ms e93b3770-42ff-4133-989c-2c3f555af44b for 181128ms
2019-09-17 06:06:11,487 [EventQueue-PipelineActionsForPipelineActionHandler] ERROR pipeline.PipelineActionHandler (PipelineActionHandler.java:onMessage(60)) - Received pipeline action CLOSE for Pipeline[ Id: a8605ba1-ede5-406f-87cf-3975fa4e760d, Nodes: e93b3770-42ff-4133-989c-2c3f555af44b{ip: 192.168.34.7, host: pr-hdds-2132-5g9kv-3389001449, networkLocation: /default-rack, certSerialId: null}2a8a7cd7-06bf-4db7-87f4-48062698d858{ip: 192.168.34.7, host: pr-hdds-2132-5g9kv-3389001449, networkLocation: /default-rack, certSerialId: null}7b82b5c3-1af5-4aef-b0e5-9bbd5ece1c94{ip: 192.168.34.7, host: pr-hdds-2132-5g9kv-3389001449, networkLocation: /default-rack, certSerialId: null}, Type:RATIS, Factor:THREE, State:CLOSED] from datanode 7b82b5c3-1af5-4aef-b0e5-9bbd5ece1c94{ip: 192.168.34.7, host: pr-hdds-2132-5g9kv-3389001449, networkLocation: /default-rack, certSerialId: null}. Reason : 7b82b5c3-1af5-4aef-b0e5-9bbd5ece1c94 has not seen follower/s 2a8a7cd7-06bf-4db7-87f4-48062698d858 for 181123ms e93b3770-42ff-4133-989c-2c3f555af44b for 181128ms
2019-09-17 06:06:11,488 [EventQueue-PipelineActionsForPipelineActionHandler] INFO  pipeline.SCMPipelineManager (SCMPipelineManager.java:finalizeAndDestroyPipeline(311)) - destroying pipeline:Pipeline[ Id: a8605ba1-ede5-406f-87cf-3975fa4e760d, Nodes: e93b3770-42ff-4133-989c-2c3f555af44b{ip: 192.168.34.7, host: pr-hdds-2132-5g9kv-3389001449, networkLocation: /default-rack, certSerialId: null}2a8a7cd7-06bf-4db7-87f4-48062698d858{ip: 192.168.34.7, host: pr-hdds-2132-5g9kv-3389001449, networkLocation: /default-rack, certSerialId: null}7b82b5c3-1af5-4aef-b0e5-9bbd5ece1c94{ip: 192.168.34.7, host: pr-hdds-2132-5g9kv-3389001449, networkLocation: /default-rack, certSerialId: null}, Type:RATIS, Factor:THREE, State:CLOSED]
2019-09-17 06:06:11,495 [java.util.concurrent.ThreadPoolExecutor$Worker@de36a13[State = -1, empty queue]] WARN  server.GrpcLogAppender (GrpcLogAppender.java:timeoutAppendRequest(200)) - 7b82b5c3-1af5-4aef-b0e5-9bbd5ece1c94@group-3975FA4E760D->2a8a7cd7-06bf-4db7-87f4-48062698d858-GrpcLogAppender: appendEntries Timeout, request=7b82b5c3-1af5-4aef-b0e5-9bbd5ece1c94->2a8a7cd7-06bf-4db7-87f4-48062698d858#248-t3, previous=(t:3, i:25), leaderCommit=18, initializing? false, entries: <empty>
2019-09-17 06:06:11,495 [java.util.concurrent.ThreadPoolExecutor$Worker@40b25a1f[State = -1, empty queue]] WARN  server.GrpcLogAppender (GrpcLogAppender.java:timeoutAppendRequest(200)) - 7b82b5c3-1af5-4aef-b0e5-9bbd5ece1c94@group-3975FA4E760D->e93b3770-42ff-4133-989c-2c3f555af44b-GrpcLogAppender: appendEntries Timeout, request=7b82b5c3-1af5-4aef-b0e5-9bbd5ece1c94->e93b3770-42ff-4133-989c-2c3f555af44b#248-t3, previous=(t:3, i:25), leaderCommit=18, initializing? false, entries: <empty>
2019-09-17 06:06:11,966 [grpc-default-executor-2] INFO  client.GrpcClientProtocolClient (GrpcClientProtocolClient.java:onNext(264)) - client-BA2506DDDB30->2a8a7cd7-06bf-4db7-87f4-48062698d858: receive RaftClientReply:client-BA2506DDDB30->2a8a7cd7-06bf-4db7-87f4-48062698d858@group-3975FA4E760D, cid=140, FAILED org.apache.ratis.protocol.NotLeaderException: Server 2a8a7cd7-06bf-4db7-87f4-48062698d858@group-3975FA4E760D is not the leader 7b82b5c3-1af5-4aef-b0e5-9bbd5ece1c94:192.168.34.7:38196, logIndex=0, commits[2a8a7cd7-06bf-4db7-87f4-48062698d858:c18, 7b82b5c3-1af5-4aef-b0e5-9bbd5ece1c94:c18, e93b3770-42ff-4133-989c-2c3f555af44b:c13]
2019-09-17 06:06:13,496 [org.apache.ratis.server.impl.LogAppender$AppenderDaemon$$Lambda$508/456872507@320151f] ERROR ratis.XceiverServerRatis (XceiverServerRatis.java:triggerPipelineClose(575)) - pipeline Action CLOSE  on pipeline PipelineID=a8605ba1-ede5-406f-87cf-3975fa4e760d.Reason : 7b82b5c3-1af5-4aef-b0e5-9bbd5ece1c94 has not seen follower/s 2a8a7cd7-06bf-4db7-87f4-48062698d858 for 183624ms e93b3770-42ff-4133-989c-2c3f555af44b for 183628ms
2019-09-17 06:06:13,497 [org.apache.ratis.server.impl.LogAppender$AppenderDaemon$$Lambda$508/456872507@18278934] ERROR ratis.XceiverServerRatis (XceiverServerRatis.java:triggerPipelineClose(575)) - pipeline Action CLOSE  on pipeline PipelineID=a8605ba1-ede5-406f-87cf-3975fa4e760d.Reason : 7b82b5c3-1af5-4aef-b0e5-9bbd5ece1c94 has not seen follower/s 2a8a7cd7-06bf-4db7-87f4-48062698d858 for 183624ms e93b3770-42ff-4133-989c-2c3f555af44b for 183629ms
2019-09-17 06:06:13,996 [java.util.concurrent.ThreadPoolExecutor$Worker@de36a13[State = -1, empty queue]] WARN  server.GrpcLogAppender (GrpcLogAppender.java:timeoutAppendRequest(200)) - 7b82b5c3-1af5-4aef-b0e5-9bbd5ece1c94@group-3975FA4E760D->2a8a7cd7-06bf-4db7-87f4-48062698d858-GrpcLogAppender: appendEntries Timeout, request=7b82b5c3-1af5-4aef-b0e5-9bbd5ece1c94->2a8a7cd7-06bf-4db7-87f4-48062698d858#249-t3, previous=(t:3, i:25), leaderCommit=18, initializing? false, entries: <empty>
2019-09-17 06:06:13,996 [java.util.concurrent.ThreadPoolExecutor$Worker@40b25a1f[State = -1, empty queue]] WARN  server.GrpcLogAppender (GrpcLogAppender.java:timeoutAppendRequest(200)) - 7b82b5c3-1af5-4aef-b0e5-9bbd5ece1c94@group-3975FA4E760D->e93b3770-42ff-4133-989c-2c3f555af44b-GrpcLogAppender: appendEntries Timeout, request=7b82b5c3-1af5-4aef-b0e5-9bbd5ece1c94->e93b3770-42ff-4133-989c-2c3f555af44b#249-t3, previous=(t:3, i:25), leaderCommit=18, initializing? false, entries: <empty>
2019-09-17 06:06:14,487 [EventQueue-PipelineActionsForPipelineActionHandler] ERROR pipeline.PipelineActionHandler (PipelineActionHandler.java:onMessage(60)) - Received pipeline action CLOSE for Pipeline[ Id: a8605ba1-ede5-406f-87cf-3975fa4e760d, Nodes: e93b3770-42ff-4133-989c-2c3f555af44b{ip: 192.168.34.7, host: pr-hdds-2132-5g9kv-3389001449, networkLocation: /default-rack, certSerialId: null}2a8a7cd7-06bf-4db7-87f4-48062698d858{ip: 192.168.34.7, host: pr-hdds-2132-5g9kv-3389001449, networkLocation: /default-rack, certSerialId: null}7b82b5c3-1af5-4aef-b0e5-9bbd5ece1c94{ip: 192.168.34.7, host: pr-hdds-2132-5g9kv-3389001449, networkLocation: /default-rack, certSerialId: null}, Type:RATIS, Factor:THREE, State:CLOSED] from datanode 7b82b5c3-1af5-4aef-b0e5-9bbd5ece1c94{ip: 192.168.34.7, host: pr-hdds-2132-5g9kv-3389001449, networkLocation: /default-rack, certSerialId: null}. Reason : 7b82b5c3-1af5-4aef-b0e5-9bbd5ece1c94 has not seen follower/s 2a8a7cd7-06bf-4db7-87f4-48062698d858 for 183624ms e93b3770-42ff-4133-989c-2c3f555af44b for 183628ms
2019-09-17 06:06:14,487 [EventQueue-PipelineActionsForPipelineActionHandler] INFO  pipeline.SCMPipelineManager (SCMPipelineManager.java:finalizeAndDestroyPipeline(311)) - destroying pipeline:Pipeline[ Id: a8605ba1-ede5-406f-87cf-3975fa4e760d, Nodes: e93b3770-42ff-4133-989c-2c3f555af44b{ip: 192.168.34.7, host: pr-hdds-2132-5g9kv-3389001449, networkLocation: /default-rack, certSerialId: null}2a8a7cd7-06bf-4db7-87f4-48062698d858{ip: 192.168.34.7, host: pr-hdds-2132-5g9kv-3389001449, networkLocation: /default-rack, certSerialId: null}7b82b5c3-1af5-4aef-b0e5-9bbd5ece1c94{ip: 192.168.34.7, host: pr-hdds-2132-5g9kv-3389001449, networkLocation: /default-rack, certSerialId: null}, Type:RATIS, Factor:THREE, State:CLOSED]
2019-09-17 06:06:15,997 [org.apache.ratis.server.impl.LogAppender$AppenderDaemon$$Lambda$508/456872507@18278934] ERROR ratis.XceiverServerRatis (XceiverServerRatis.java:triggerPipelineClose(575)) - pipeline Action CLOSE  on pipeline PipelineID=a8605ba1-ede5-406f-87cf-3975fa4e760d.Reason : 7b82b5c3-1af5-4aef-b0e5-9bbd5ece1c94 has not seen follower/s 2a8a7cd7-06bf-4db7-87f4-48062698d858 for 186125ms e93b3770-42ff-4133-989c-2c3f555af44b for 186129ms
2019-09-17 06:06:15,997 [org.apache.ratis.server.impl.LogAppender$AppenderDaemon$$Lambda$508/456872507@320151f] ERROR ratis.XceiverServerRatis (XceiverServerRatis.java:triggerPipelineClose(575)) - pipeline Action CLOSE  on pipeline PipelineID=a8605ba1-ede5-406f-87cf-3975fa4e760d.Reason : 7b82b5c3-1af5-4aef-b0e5-9bbd5ece1c94 has not seen follower/s 2a8a7cd7-06bf-4db7-87f4-48062698d858 for 186125ms e93b3770-42ff-4133-989c-2c3f555af44b for 186129ms
2019-09-17 06:06:16,479 [grpc-default-executor-6] INFO  impl.RaftServerProxy (RaftServerProxy.java:remove(95)) - e93b3770-42ff-4133-989c-2c3f555af44b: remove  FOLLOWER e93b3770-42ff-4133-989c-2c3f555af44b@group-3975FA4E760D:t3, leader=7b82b5c3-1af5-4aef-b0e5-9bbd5ece1c94, voted=e93b3770-42ff-4133-989c-2c3f555af44b, raftlog=e93b3770-42ff-4133-989c-2c3f555af44b@group-3975FA4E760D-SegmentedRaftLog:OPENED:c18,f18,i25, conf=0: [2a8a7cd7-06bf-4db7-87f4-48062698d858:192.168.34.7:44927, 7b82b5c3-1af5-4aef-b0e5-9bbd5ece1c94:192.168.34.7:38196, e93b3770-42ff-4133-989c-2c3f555af44b:192.168.34.7:44979], old=null RUNNING
2019-09-17 06:06:16,479 [grpc-default-executor-6] INFO  impl.RaftServerImpl (RaftServerImpl.java:lambda$shutdown$3(251)) - e93b3770-42ff-4133-989c-2c3f555af44b@group-3975FA4E760D: shutdown
2019-09-17 06:06:16,480 [grpc-default-executor-6] INFO  util.JmxRegister (JmxRegister.java:unregister(73)) - Successfully un-registered JMX Bean with object name Ratis:service=RaftServer,group=group-3975FA4E760D,id=e93b3770-42ff-4133-989c-2c3f555af44b
2019-09-17 06:06:16,480 [grpc-default-executor-6] INFO  impl.RoleInfo (RoleInfo.java:shutdownFollowerState(121)) - e93b3770-42ff-4133-989c-2c3f555af44b: shutdown FollowerState
2019-09-17 06:06:16,480 [grpc-default-executor-6] INFO  impl.StateMachineUpdater (StateMachineUpdater.java:stopAndJoin(125)) - e93b3770-42ff-4133-989c-2c3f555af44b@group-3975FA4E760D-StateMachineUpdater: set stopIndex = 18
2019-09-17 06:06:16,481 [Thread-366] INFO  impl.FollowerState (FollowerState.java:run(115)) - e93b3770-42ff-4133-989c-2c3f555af44b: FollowerState was interrupted: java.lang.InterruptedException: sleep interrupted
2019-09-17 06:06:16,481 [e93b3770-42ff-4133-989c-2c3f555af44b@group-3975FA4E760D-StateMachineUpdater] INFO  ratis.ContainerStateMachine (ContainerStateMachine.java:takeSnapshot(289)) - group-3975FA4E760D: Taking a snapshot at:(t:3, i:13) file /workdir/hadoop-ozone/integration-test/target/test-dir/MiniOzoneClusterImpl-9c1dcb1a-3312-40b8-b485-08dcdfac2e9c/datanode-1/data/ratis/a8605ba1-ede5-406f-87cf-3975fa4e760d/sm/snapshot.3_13
2019-09-17 06:06:16,487 [EventQueue-PipelineActionsForPipelineActionHandler] ERROR pipeline.PipelineActionHandler (PipelineActionHandler.java:onMessage(60)) - Received pipeline action CLOSE for Pipeline[ Id: a8605ba1-ede5-406f-87cf-3975fa4e760d, Nodes: e93b3770-42ff-4133-989c-2c3f555af44b{ip: 192.168.34.7, host: pr-hdds-2132-5g9kv-3389001449, networkLocation: /default-rack, certSerialId: null}2a8a7cd7-06bf-4db7-87f4-48062698d858{ip: 192.168.34.7, host: pr-hdds-2132-5g9kv-3389001449, networkLocation: /default-rack, certSerialId: null}7b82b5c3-1af5-4aef-b0e5-9bbd5ece1c94{ip: 192.168.34.7, host: pr-hdds-2132-5g9kv-3389001449, networkLocation: /default-rack, certSerialId: null}, Type:RATIS, Factor:THREE, State:CLOSED] from datanode 7b82b5c3-1af5-4aef-b0e5-9bbd5ece1c94{ip: 192.168.34.7, host: pr-hdds-2132-5g9kv-3389001449, networkLocation: /default-rack, certSerialId: null}. Reason : 7b82b5c3-1af5-4aef-b0e5-9bbd5ece1c94 has not seen follower/s 2a8a7cd7-06bf-4db7-87f4-48062698d858 for 186125ms e93b3770-42ff-4133-989c-2c3f555af44b for 186129ms
2019-09-17 06:06:16,487 [EventQueue-PipelineActionsForPipelineActionHandler] INFO  pipeline.SCMPipelineManager (SCMPipelineManager.java:finalizeAndDestroyPipeline(311)) - destroying pipeline:Pipeline[ Id: a8605ba1-ede5-406f-87cf-3975fa4e760d, Nodes: e93b3770-42ff-4133-989c-2c3f555af44b{ip: 192.168.34.7, host: pr-hdds-2132-5g9kv-3389001449, networkLocation: /default-rack, certSerialId: null}2a8a7cd7-06bf-4db7-87f4-48062698d858{ip: 192.168.34.7, host: pr-hdds-2132-5g9kv-3389001449, networkLocation: /default-rack, certSerialId: null}7b82b5c3-1af5-4aef-b0e5-9bbd5ece1c94{ip: 192.168.34.7, host: pr-hdds-2132-5g9kv-3389001449, networkLocation: /default-rack, certSerialId: null}, Type:RATIS, Factor:THREE, State:CLOSED]
2019-09-17 06:06:16,496 [java.util.concurrent.ThreadPoolExecutor$Worker@de36a13[State = -1, empty queue]] WARN  server.GrpcLogAppender (GrpcLogAppender.java:timeoutAppendRequest(200)) - 7b82b5c3-1af5-4aef-b0e5-9bbd5ece1c94@group-3975FA4E760D->2a8a7cd7-06bf-4db7-87f4-48062698d858-GrpcLogAppender: appendEntries Timeout, request=7b82b5c3-1af5-4aef-b0e5-9bbd5ece1c94->2a8a7cd7-06bf-4db7-87f4-48062698d858#250-t3, previous=(t:3, i:25), leaderCommit=18, initializing? false, entries: <empty>
2019-09-17 06:06:16,497 [java.util.concurrent.ThreadPoolExecutor$Worker@40b25a1f[State = -1, empty queue]] WARN  server.GrpcLogAppender (GrpcLogAppender.java:timeoutAppendRequest(200)) - 7b82b5c3-1af5-4aef-b0e5-9bbd5ece1c94@group-3975FA4E760D->e93b3770-42ff-4133-989c-2c3f555af44b-GrpcLogAppender: appendEntries Timeout, request=7b82b5c3-1af5-4aef-b0e5-9bbd5ece1c94->e93b3770-42ff-4133-989c-2c3f555af44b#250-t3, previous=(t:3, i:25), leaderCommit=18, initializing? false, entries: <empty>
2019-09-17 06:06:17,016 [main] WARN  io.KeyOutputStream (KeyOutputStream.java:handleException(276)) - Encountered exception java.io.IOException: Unexpected Storage Container Exception: java.util.concurrent.CompletionException: java.util.concurrent.CompletionException: org.apache.ratis.protocol.GroupMismatchException: e93b3770-42ff-4133-989c-2c3f555af44b: group-3975FA4E760D not found. on the pipeline Pipeline[ Id: a8605ba1-ede5-406f-87cf-3975fa4e760d, Nodes: e93b3770-42ff-4133-989c-2c3f555af44b{ip: 192.168.34.7, host: pr-hdds-2132-5g9kv-3389001449, networkLocation: /default-rack, certSerialId: null}2a8a7cd7-06bf-4db7-87f4-48062698d858{ip: 192.168.34.7, host: pr-hdds-2132-5g9kv-3389001449, networkLocation: /default-rack, certSerialId: null}7b82b5c3-1af5-4aef-b0e5-9bbd5ece1c94{ip: 192.168.34.7, host: pr-hdds-2132-5g9kv-3389001449, networkLocation: /default-rack, certSerialId: null}, Type:RATIS, Factor:THREE, State:OPEN]. The last committed block length is 0, uncommitted data length is 400 retry count 0
2019-09-17 06:06:17,069 [grpc-default-executor-2] INFO  client.GrpcClientProtocolClient (GrpcClientProtocolClient.java:onNext(264)) - client-0087AA904E12->c5233a29-19a6-42e1-869f-0cfd92a1650c: receive RaftClientReply:client-0087AA904E12->c5233a29-19a6-42e1-869f-0cfd92a1650c@group-BB14ECC8E4AB, cid=237, FAILED org.apache.ratis.protocol.NotLeaderException: Server c5233a29-19a6-42e1-869f-0cfd92a1650c@group-BB14ECC8E4AB is not the leader f6013552-a382-44c6-bdc3-8253bd9e054c:192.168.34.7:43799, logIndex=0, commits[c5233a29-19a6-42e1-869f-0cfd92a1650c:c4, f6013552-a382-44c6-bdc3-8253bd9e054c:c4, 3ec0bce2-5a80-4efc-b2ca-bab81cc18a9f:c4]
2019-09-17 06:06:18,498 [org.apache.ratis.server.impl.LogAppender$AppenderDaemon$$Lambda$508/456872507@320151f] ERROR ratis.XceiverServerRatis (XceiverServerRatis.java:triggerPipelineClose(575)) - pipeline Action CLOSE  on pipeline PipelineID=a8605ba1-ede5-406f-87cf-3975fa4e760d.Reason : 7b82b5c3-1af5-4aef-b0e5-9bbd5ece1c94 has not seen follower/s 2a8a7cd7-06bf-4db7-87f4-48062698d858 for 188625ms e93b3770-42ff-4133-989c-2c3f555af44b for 188629ms
2019-09-17 06:06:18,498 [org.apache.ratis.server.impl.LogAppender$AppenderDaemon$$Lambda$508/456872507@18278934] ERROR ratis.XceiverServerRatis (XceiverServerRatis.java:triggerPipelineClose(575)) - pipeline Action CLOSE  on pipeline PipelineID=a8605ba1-ede5-406f-87cf-3975fa4e760d.Reason : 7b82b5c3-1af5-4aef-b0e5-9bbd5ece1c94 has not seen follower/s 2a8a7cd7-06bf-4db7-87f4-48062698d858 for 188626ms e93b3770-42ff-4133-989c-2c3f555af44b for 188630ms
2019-09-17 06:06:18,997 [java.util.concurrent.ThreadPoolExecutor$Worker@de36a13[State = -1, empty queue]] WARN  server.GrpcLogAppender (GrpcLogAppender.java:timeoutAppendRequest(200)) - 7b82b5c3-1af5-4aef-b0e5-9bbd5ece1c94@group-3975FA4E760D->2a8a7cd7-06bf-4db7-87f4-48062698d858-GrpcLogAppender: appendEntries Timeout, request=7b82b5c3-1af5-4aef-b0e5-9bbd5ece1c94->2a8a7cd7-06bf-4db7-87f4-48062698d858#251-t3, previous=(t:3, i:25), leaderCommit=18, initializing? false, entries: <empty>
2019-09-17 06:06:18,997 [java.util.concurrent.ThreadPoolExecutor$Worker@40b25a1f[State = -1, empty queue]] WARN  server.GrpcLogAppender (GrpcLogAppender.java:timeoutAppendRequest(200)) - 7b82b5c3-1af5-4aef-b0e5-9bbd5ece1c94@group-3975FA4E760D->e93b3770-42ff-4133-989c-2c3f555af44b-GrpcLogAppender: appendEntries Timeout, request=7b82b5c3-1af5-4aef-b0e5-9bbd5ece1c94->e93b3770-42ff-4133-989c-2c3f555af44b#251-t3, previous=(t:3, i:25), leaderCommit=18, initializing? false, entries: <empty>
2019-09-17 06:06:19,476 [RatisPipelineUtilsThread] WARN  pipeline.RatisPipelineUtils (RatisPipelineUtils.java:destroyPipeline(66)) - Pipeline destroy failed for pipeline=PipelineID=a8605ba1-ede5-406f-87cf-3975fa4e760d dn=e93b3770-42ff-4133-989c-2c3f555af44b{ip: 192.168.34.7, host: pr-hdds-2132-5g9kv-3389001449, networkLocation: /default-rack, certSerialId: null}
2019-09-17 06:06:19,480 [grpc-default-executor-1] INFO  impl.RaftServerProxy (RaftServerProxy.java:remove(95)) - 2a8a7cd7-06bf-4db7-87f4-48062698d858: remove  FOLLOWER 2a8a7cd7-06bf-4db7-87f4-48062698d858@group-3975FA4E760D:t3, leader=7b82b5c3-1af5-4aef-b0e5-9bbd5ece1c94, voted=7b82b5c3-1af5-4aef-b0e5-9bbd5ece1c94, raftlog=2a8a7cd7-06bf-4db7-87f4-48062698d858@group-3975FA4E760D-SegmentedRaftLog:OPENED:c18,f18,i25, conf=0: [2a8a7cd7-06bf-4db7-87f4-48062698d858:192.168.34.7:44927, 7b82b5c3-1af5-4aef-b0e5-9bbd5ece1c94:192.168.34.7:38196, e93b3770-42ff-4133-989c-2c3f555af44b:192.168.34.7:44979], old=null RUNNING
2019-09-17 06:06:19,481 [grpc-default-executor-1] INFO  impl.RaftServerImpl (RaftServerImpl.java:lambda$shutdown$3(251)) - 2a8a7cd7-06bf-4db7-87f4-48062698d858@group-3975FA4E760D: shutdown
2019-09-17 06:06:19,481 [grpc-default-executor-1] INFO  util.JmxRegister (JmxRegister.java:unregister(73)) - Successfully un-registered JMX Bean with object name Ratis:service=RaftServer,group=group-3975FA4E760D,id=2a8a7cd7-06bf-4db7-87f4-48062698d858
2019-09-17 06:06:19,481 [grpc-default-executor-1] INFO  impl.RoleInfo (RoleInfo.java:shutdownFollowerState(121)) - 2a8a7cd7-06bf-4db7-87f4-48062698d858: shutdown FollowerState
2019-09-17 06:06:19,481 [grpc-default-executor-1] INFO  impl.StateMachineUpdater (StateMachineUpdater.java:stopAndJoin(125)) - 2a8a7cd7-06bf-4db7-87f4-48062698d858@group-3975FA4E760D-StateMachineUpdater: set stopIndex = 18
2019-09-17 06:06:19,481 [Thread-356] INFO  impl.FollowerState (FollowerState.java:run(115)) - 2a8a7cd7-06bf-4db7-87f4-48062698d858: FollowerState was interrupted: java.lang.InterruptedException: sleep interrupted
2019-09-17 06:06:19,482 [2a8a7cd7-06bf-4db7-87f4-48062698d858@group-3975FA4E760D-StateMachineUpdater] INFO  ratis.ContainerStateMachine (ContainerStateMachine.java:takeSnapshot(289)) - group-3975FA4E760D: Taking a snapshot at:(t:3, i:13) file /workdir/hadoop-ozone/integration-test/target/test-dir/MiniOzoneClusterImpl-9c1dcb1a-3312-40b8-b485-08dcdfac2e9c/datanode-4/data/ratis/a8605ba1-ede5-406f-87cf-3975fa4e760d/sm/snapshot.3_13
2019-09-17 06:06:19,487 [EventQueue-PipelineActionsForPipelineActionHandler] ERROR pipeline.PipelineActionHandler (PipelineActionHandler.java:onMessage(60)) - Received pipeline action CLOSE for Pipeline[ Id: a8605ba1-ede5-406f-87cf-3975fa4e760d, Nodes: e93b3770-42ff-4133-989c-2c3f555af44b{ip: 192.168.34.7, host: pr-hdds-2132-5g9kv-3389001449, networkLocation: /default-rack, certSerialId: null}2a8a7cd7-06bf-4db7-87f4-48062698d858{ip: 192.168.34.7, host: pr-hdds-2132-5g9kv-3389001449, networkLocation: /default-rack, certSerialId: null}7b82b5c3-1af5-4aef-b0e5-9bbd5ece1c94{ip: 192.168.34.7, host: pr-hdds-2132-5g9kv-3389001449, networkLocation: /default-rack, certSerialId: null}, Type:RATIS, Factor:THREE, State:CLOSED] from datanode 7b82b5c3-1af5-4aef-b0e5-9bbd5ece1c94{ip: 192.168.34.7, host: pr-hdds-2132-5g9kv-3389001449, networkLocation: /default-rack, certSerialId: null}. Reason : 7b82b5c3-1af5-4aef-b0e5-9bbd5ece1c94 has not seen follower/s 2a8a7cd7-06bf-4db7-87f4-48062698d858 for 188625ms e93b3770-42ff-4133-989c-2c3f555af44b for 188629ms
2019-09-17 06:06:19,487 [EventQueue-PipelineActionsForPipelineActionHandler] INFO  pipeline.SCMPipelineManager (SCMPipelineManager.java:finalizeAndDestroyPipeline(311)) - destroying pipeline:Pipeline[ Id: a8605ba1-ede5-406f-87cf-3975fa4e760d, Nodes: e93b3770-42ff-4133-989c-2c3f555af44b{ip: 192.168.34.7, host: pr-hdds-2132-5g9kv-3389001449, networkLocation: /default-rack, certSerialId: null}2a8a7cd7-06bf-4db7-87f4-48062698d858{ip: 192.168.34.7, host: pr-hdds-2132-5g9kv-3389001449, networkLocation: /default-rack, certSerialId: null}7b82b5c3-1af5-4aef-b0e5-9bbd5ece1c94{ip: 192.168.34.7, host: pr-hdds-2132-5g9kv-3389001449, networkLocation: /default-rack, certSerialId: null}, Type:RATIS, Factor:THREE, State:CLOSED]
2019-09-17 06:06:20,090 [java.util.concurrent.ThreadPoolExecutor$Worker@7cf73faf[State = -1, empty queue]] WARN  server.GrpcLogAppender (GrpcLogAppender.java:timeoutAppendRequest(200)) - f6013552-a382-44c6-bdc3-8253bd9e054c@group-BB14ECC8E4AB->3ec0bce2-5a80-4efc-b2ca-bab81cc18a9f-GrpcLogAppender: appendEntries Timeout, request=f6013552-a382-44c6-bdc3-8253bd9e054c->3ec0bce2-5a80-4efc-b2ca-bab81cc18a9f#90-t1, previous=(t:1, i:4), leaderCommit=4, initializing? false, entries: size=1, first=(t:1, i:5), STATEMACHINELOGENTRY, client-0087AA904E12, cid=237
2019-09-17 06:06:20,090 [java.util.concurrent.ThreadPoolExecutor$Worker@37721cd8[State = -1, empty queue]] WARN  server.GrpcLogAppender (GrpcLogAppender.java:timeoutAppendRequest(200)) - f6013552-a382-44c6-bdc3-8253bd9e054c@group-BB14ECC8E4AB->c5233a29-19a6-42e1-869f-0cfd92a1650c-GrpcLogAppender: appendEntries Timeout, request=f6013552-a382-44c6-bdc3-8253bd9e054c->c5233a29-19a6-42e1-869f-0cfd92a1650c#90-t1, previous=(t:1, i:4), leaderCommit=4, initializing? false, entries: size=1, first=(t:1, i:5), STATEMACHINELOGENTRY, client-0087AA904E12, cid=237
2019-09-17 06:06:20,118 [e93b3770-42ff-4133-989c-2c3f555af44b@group-3975FA4E760D-StateMachineUpdater] INFO  ratis.ContainerStateMachine (ContainerStateMachine.java:takeSnapshot(300)) - group-3975FA4E760D: Finished taking a snapshot at:(t:3, i:13) file:/workdir/hadoop-ozone/integration-test/target/test-dir/MiniOzoneClusterImpl-9c1dcb1a-3312-40b8-b485-08dcdfac2e9c/datanode-1/data/ratis/a8605ba1-ede5-406f-87cf-3975fa4e760d/sm/snapshot.3_13 time:3637
2019-09-17 06:06:20,367 [2a8a7cd7-06bf-4db7-87f4-48062698d858@group-3975FA4E760D-SegmentedRaftLogWorker] WARN  segmented.SegmentedRaftLogWorker (SegmentedRaftLogWorker.java:getFromFuture(90)) - Timeout 18/~
org.apache.ratis.protocol.TimeoutIOException: Timeout 10s: WriteLog:19: (t:3, i:19), STATEMACHINELOGENTRY, client-BA2506DDDB30, cid=140-writeStateMachineData
	at org.apache.ratis.util.IOUtils.getFromFuture(IOUtils.java:87)
	at org.apache.ratis.server.raftlog.segmented.SegmentedRaftLogWorker$StateMachineDataPolicy.getFromFuture(SegmentedRaftLogWorker.java:87)
	at org.apache.ratis.server.raftlog.segmented.SegmentedRaftLogWorker$WriteLog.execute(SegmentedRaftLogWorker.java:477)
	at org.apache.ratis.server.raftlog.segmented.SegmentedRaftLogWorker.run(SegmentedRaftLogWorker.java:289)
	at java.lang.Thread.run(Thread.java:748)
Caused by: java.util.concurrent.TimeoutException
	at java.util.concurrent.CompletableFuture.timedGet(CompletableFuture.java:1771)
	at java.util.concurrent.CompletableFuture.get(CompletableFuture.java:1915)
	at org.apache.ratis.util.IOUtils.getFromFuture(IOUtils.java:79)
	... 4 more
2019-09-17 06:06:20,495 [e93b3770-42ff-4133-989c-2c3f555af44b@group-3975FA4E760D-SegmentedRaftLogWorker] WARN  segmented.SegmentedRaftLogWorker (SegmentedRaftLogWorker.java:getFromFuture(90)) - Timeout 18/~
org.apache.ratis.protocol.TimeoutIOException: Timeout 10s: WriteLog:20: (t:3, i:20), STATEMACHINELOGENTRY, client-BA2506DDDB30, cid=141-writeStateMachineData
	at org.apache.ratis.util.IOUtils.getFromFuture(IOUtils.java:87)
	at org.apache.ratis.server.raftlog.segmented.SegmentedRaftLogWorker$StateMachineDataPolicy.getFromFuture(SegmentedRaftLogWorker.java:87)
	at org.apache.ratis.server.raftlog.segmented.SegmentedRaftLogWorker$WriteLog.execute(SegmentedRaftLogWorker.java:477)
	at org.apache.ratis.server.raftlog.segmented.SegmentedRaftLogWorker.run(SegmentedRaftLogWorker.java:289)
	at java.lang.Thread.run(Thread.java:748)
Caused by: java.util.concurrent.TimeoutException
	at java.util.concurrent.CompletableFuture.timedGet(CompletableFuture.java:1771)
	at java.util.concurrent.CompletableFuture.get(CompletableFuture.java:1915)
	at org.apache.ratis.util.IOUtils.getFromFuture(IOUtils.java:79)
	... 4 more
2019-09-17 06:06:20,495 [7b82b5c3-1af5-4aef-b0e5-9bbd5ece1c94@group-3975FA4E760D-SegmentedRaftLogWorker] WARN  segmented.SegmentedRaftLogWorker (SegmentedRaftLogWorker.java:getFromFuture(90)) - Timeout 18/~
org.apache.ratis.protocol.TimeoutIOException: Timeout 10s: WriteLog:20: (t:3, i:20), STATEMACHINELOGENTRY, client-BA2506DDDB30, cid=141-writeStateMachineData
	at org.apache.ratis.util.IOUtils.getFromFuture(IOUtils.java:87)
	at org.apache.ratis.server.raftlog.segmented.SegmentedRaftLogWorker$StateMachineDataPolicy.getFromFuture(SegmentedRaftLogWorker.java:87)
	at org.apache.ratis.server.raftlog.segmented.SegmentedRaftLogWorker$WriteLog.execute(SegmentedRaftLogWorker.java:477)
	at org.apache.ratis.server.raftlog.segmented.SegmentedRaftLogWorker.run(SegmentedRaftLogWorker.java:289)
	at java.lang.Thread.run(Thread.java:748)
Caused by: java.util.concurrent.TimeoutException
	at java.util.concurrent.CompletableFuture.timedGet(CompletableFuture.java:1771)
	at java.util.concurrent.CompletableFuture.get(CompletableFuture.java:1915)
	at org.apache.ratis.util.IOUtils.getFromFuture(IOUtils.java:79)
	... 4 more
2019-09-17 06:06:20,935 [e93b3770-42ff-4133-989c-2c3f555af44b@group-3975FA4E760D-StateMachineUpdater] INFO  impl.StateMachineUpdater (StateMachineUpdater.java:takeSnapshot(258)) - e93b3770-42ff-4133-989c-2c3f555af44b@group-3975FA4E760D-StateMachineUpdater: Took a snapshot at index 13
2019-09-17 06:06:20,935 [e93b3770-42ff-4133-989c-2c3f555af44b@group-3975FA4E760D-StateMachineUpdater] INFO  impl.StateMachineUpdater (StateMachineUpdater.java:lambda$new$0(83)) - e93b3770-42ff-4133-989c-2c3f555af44b@group-3975FA4E760D-StateMachineUpdater: snapshotIndex: updateIncreasingly -1 -> 13
2019-09-17 06:06:20,936 [e93b3770-42ff-4133-989c-2c3f555af44b@group-3975FA4E760D-StateMachineUpdater] INFO  ratis.ContainerStateMachine (ContainerStateMachine.java:takeSnapshot(289)) - group-3975FA4E760D: Taking a snapshot at:(t:3, i:13) file /workdir/hadoop-ozone/integration-test/target/test-dir/MiniOzoneClusterImpl-9c1dcb1a-3312-40b8-b485-08dcdfac2e9c/datanode-1/data/ratis/a8605ba1-ede5-406f-87cf-3975fa4e760d/sm/snapshot.3_13
2019-09-17 06:06:21,000 [org.apache.ratis.server.impl.LogAppender$AppenderDaemon$$Lambda$508/456872507@320151f] ERROR ratis.XceiverServerRatis (XceiverServerRatis.java:triggerPipelineClose(575)) - pipeline Action CLOSE  on pipeline PipelineID=a8605ba1-ede5-406f-87cf-3975fa4e760d.Reason : 7b82b5c3-1af5-4aef-b0e5-9bbd5ece1c94 has not seen follower/s 2a8a7cd7-06bf-4db7-87f4-48062698d858 for 191127ms e93b3770-42ff-4133-989c-2c3f555af44b for 191131ms
2019-09-17 06:06:21,000 [org.apache.ratis.server.impl.LogAppender$AppenderDaemon$$Lambda$508/456872507@18278934] ERROR ratis.XceiverServerRatis (XceiverServerRatis.java:triggerPipelineClose(575)) - pipeline Action CLOSE  on pipeline PipelineID=a8605ba1-ede5-406f-87cf-3975fa4e760d.Reason : 7b82b5c3-1af5-4aef-b0e5-9bbd5ece1c94 has not seen follower/s 2a8a7cd7-06bf-4db7-87f4-48062698d858 for 191127ms e93b3770-42ff-4133-989c-2c3f555af44b for 191131ms
2019-09-17 06:06:21,487 [EventQueue-PipelineActionsForPipelineActionHandler] ERROR pipeline.PipelineActionHandler (PipelineActionHandler.java:onMessage(60)) - Received pipeline action CLOSE for Pipeline[ Id: a8605ba1-ede5-406f-87cf-3975fa4e760d, Nodes: e93b3770-42ff-4133-989c-2c3f555af44b{ip: 192.168.34.7, host: pr-hdds-2132-5g9kv-3389001449, networkLocation: /default-rack, certSerialId: null}2a8a7cd7-06bf-4db7-87f4-48062698d858{ip: 192.168.34.7, host: pr-hdds-2132-5g9kv-3389001449, networkLocation: /default-rack, certSerialId: null}7b82b5c3-1af5-4aef-b0e5-9bbd5ece1c94{ip: 192.168.34.7, host: pr-hdds-2132-5g9kv-3389001449, networkLocation: /default-rack, certSerialId: null}, Type:RATIS, Factor:THREE, State:CLOSED] from datanode 7b82b5c3-1af5-4aef-b0e5-9bbd5ece1c94{ip: 192.168.34.7, host: pr-hdds-2132-5g9kv-3389001449, networkLocation: /default-rack, certSerialId: null}. Reason : 7b82b5c3-1af5-4aef-b0e5-9bbd5ece1c94 has not seen follower/s 2a8a7cd7-06bf-4db7-87f4-48062698d858 for 191127ms e93b3770-42ff-4133-989c-2c3f555af44b for 191131ms
2019-09-17 06:06:21,488 [EventQueue-PipelineActionsForPipelineActionHandler] INFO  pipeline.SCMPipelineManager (SCMPipelineManager.java:finalizeAndDestroyPipeline(311)) - destroying pipeline:Pipeline[ Id: a8605ba1-ede5-406f-87cf-3975fa4e760d, Nodes: e93b3770-42ff-4133-989c-2c3f555af44b{ip: 192.168.34.7, host: pr-hdds-2132-5g9kv-3389001449, networkLocation: /default-rack, certSerialId: null}2a8a7cd7-06bf-4db7-87f4-48062698d858{ip: 192.168.34.7, host: pr-hdds-2132-5g9kv-3389001449, networkLocation: /default-rack, certSerialId: null}7b82b5c3-1af5-4aef-b0e5-9bbd5ece1c94{ip: 192.168.34.7, host: pr-hdds-2132-5g9kv-3389001449, networkLocation: /default-rack, certSerialId: null}, Type:RATIS, Factor:THREE, State:CLOSED]
2019-09-17 06:06:21,498 [java.util.concurrent.ThreadPoolExecutor$Worker@de36a13[State = -1, empty queue]] WARN  server.GrpcLogAppender (GrpcLogAppender.java:timeoutAppendRequest(200)) - 7b82b5c3-1af5-4aef-b0e5-9bbd5ece1c94@group-3975FA4E760D->2a8a7cd7-06bf-4db7-87f4-48062698d858-GrpcLogAppender: appendEntries Timeout, request=7b82b5c3-1af5-4aef-b0e5-9bbd5ece1c94->2a8a7cd7-06bf-4db7-87f4-48062698d858#252-t3, previous=(t:3, i:25), leaderCommit=18, initializing? false, entries: <empty>
2019-09-17 06:06:21,498 [java.util.concurrent.ThreadPoolExecutor$Worker@40b25a1f[State = -1, empty queue]] WARN  server.GrpcLogAppender (GrpcLogAppender.java:timeoutAppendRequest(200)) - 7b82b5c3-1af5-4aef-b0e5-9bbd5ece1c94@group-3975FA4E760D->e93b3770-42ff-4133-989c-2c3f555af44b-GrpcLogAppender: appendEntries Timeout, request=7b82b5c3-1af5-4aef-b0e5-9bbd5ece1c94->e93b3770-42ff-4133-989c-2c3f555af44b#252-t3, previous=(t:3, i:25), leaderCommit=18, initializing? false, entries: <empty>
2019-09-17 06:06:21,986 [2a8a7cd7-06bf-4db7-87f4-48062698d858@group-3975FA4E760D-StateMachineUpdater] INFO  ratis.ContainerStateMachine (ContainerStateMachine.java:takeSnapshot(300)) - group-3975FA4E760D: Finished taking a snapshot at:(t:3, i:13) file:/workdir/hadoop-ozone/integration-test/target/test-dir/MiniOzoneClusterImpl-9c1dcb1a-3312-40b8-b485-08dcdfac2e9c/datanode-4/data/ratis/a8605ba1-ede5-406f-87cf-3975fa4e760d/sm/snapshot.3_13 time:2505
2019-09-17 06:06:22,122 [grpc-default-executor-7] INFO  client.GrpcClientProtocolClient (GrpcClientProtocolClient.java:onNext(264)) - client-0087AA904E12->3ec0bce2-5a80-4efc-b2ca-bab81cc18a9f: receive RaftClientReply:client-0087AA904E12->3ec0bce2-5a80-4efc-b2ca-bab81cc18a9f@group-BB14ECC8E4AB, cid=237, FAILED org.apache.ratis.protocol.NotLeaderException: Server 3ec0bce2-5a80-4efc-b2ca-bab81cc18a9f@group-BB14ECC8E4AB is not the leader f6013552-a382-44c6-bdc3-8253bd9e054c:192.168.34.7:43799, logIndex=0, commits[3ec0bce2-5a80-4efc-b2ca-bab81cc18a9f:c4, f6013552-a382-44c6-bdc3-8253bd9e054c:c4, c5233a29-19a6-42e1-869f-0cfd92a1650c:c4]
2019-09-17 06:06:22,480 [RatisPipelineUtilsThread] WARN  pipeline.RatisPipelineUtils (RatisPipelineUtils.java:destroyPipeline(66)) - Pipeline destroy failed for pipeline=PipelineID=a8605ba1-ede5-406f-87cf-3975fa4e760d dn=2a8a7cd7-06bf-4db7-87f4-48062698d858{ip: 192.168.34.7, host: pr-hdds-2132-5g9kv-3389001449, networkLocation: /default-rack, certSerialId: null}
2019-09-17 06:06:22,485 [grpc-default-executor-2] INFO  impl.RaftServerProxy (RaftServerProxy.java:remove(95)) - 7b82b5c3-1af5-4aef-b0e5-9bbd5ece1c94: remove    LEADER 7b82b5c3-1af5-4aef-b0e5-9bbd5ece1c94@group-3975FA4E760D:t3, leader=7b82b5c3-1af5-4aef-b0e5-9bbd5ece1c94, voted=7b82b5c3-1af5-4aef-b0e5-9bbd5ece1c94, raftlog=7b82b5c3-1af5-4aef-b0e5-9bbd5ece1c94@group-3975FA4E760D-SegmentedRaftLog:OPENED:c18,f18,i25, conf=0: [2a8a7cd7-06bf-4db7-87f4-48062698d858:192.168.34.7:44927, 7b82b5c3-1af5-4aef-b0e5-9bbd5ece1c94:192.168.34.7:38196, e93b3770-42ff-4133-989c-2c3f555af44b:192.168.34.7:44979], old=null RUNNING
2019-09-17 06:06:22,485 [grpc-default-executor-2] INFO  impl.RaftServerImpl (RaftServerImpl.java:lambda$shutdown$3(251)) - 7b82b5c3-1af5-4aef-b0e5-9bbd5ece1c94@group-3975FA4E760D: shutdown
2019-09-17 06:06:22,485 [grpc-default-executor-2] INFO  util.JmxRegister (JmxRegister.java:unregister(73)) - Successfully un-registered JMX Bean with object name Ratis:service=RaftServer,group=group-3975FA4E760D,id=7b82b5c3-1af5-4aef-b0e5-9bbd5ece1c94
2019-09-17 06:06:22,486 [grpc-default-executor-2] INFO  impl.RoleInfo (RoleInfo.java:shutdownLeaderState(104)) - 7b82b5c3-1af5-4aef-b0e5-9bbd5ece1c94: shutdown LeaderState
2019-09-17 06:06:22,492 [org.apache.ratis.server.impl.LogAppender$AppenderDaemon$$Lambda$508/456872507@18278934] WARN  server.GrpcLogAppender (GrpcLogAppender.java:mayWait(143)) - 7b82b5c3-1af5-4aef-b0e5-9bbd5ece1c94@group-3975FA4E760D->e93b3770-42ff-4133-989c-2c3f555af44b-GrpcLogAppender: Wait interrupted by java.lang.InterruptedException
2019-09-17 06:06:22,492 [grpc-default-executor-2] INFO  impl.PendingRequests (PendingRequests.java:sendNotLeaderResponses(202)) - 7b82b5c3-1af5-4aef-b0e5-9bbd5ece1c94-PendingRequests: sendNotLeaderResponses
2019-09-17 06:06:22,492 [org.apache.ratis.server.impl.LogAppender$AppenderDaemon$$Lambda$508/456872507@320151f] WARN  server.GrpcLogAppender (GrpcLogAppender.java:mayWait(143)) - 7b82b5c3-1af5-4aef-b0e5-9bbd5ece1c94@group-3975FA4E760D->2a8a7cd7-06bf-4db7-87f4-48062698d858-GrpcLogAppender: Wait interrupted by java.lang.InterruptedException
2019-09-17 06:06:22,492 [grpc-default-executor-7] INFO  server.GrpcServerProtocolService (GrpcServerProtocolService.java:onCompleted(113)) - e93b3770-42ff-4133-989c-2c3f555af44b: Completed APPEND_ENTRIES, lastRequest: 7b82b5c3-1af5-4aef-b0e5-9bbd5ece1c94->e93b3770-42ff-4133-989c-2c3f555af44b#253-t3, previous=(t:3, i:25), leaderCommit=18, initializing? false, entries: <empty>
2019-09-17 06:06:22,493 [grpc-default-executor-7] INFO  server.GrpcServerProtocolService (GrpcServerProtocolService.java:onCompleted(113)) - 2a8a7cd7-06bf-4db7-87f4-48062698d858: Completed APPEND_ENTRIES, lastRequest: 7b82b5c3-1af5-4aef-b0e5-9bbd5ece1c94->2a8a7cd7-06bf-4db7-87f4-48062698d858#253-t3, previous=(t:3, i:25), leaderCommit=18, initializing? false, entries: <empty>
2019-09-17 06:06:22,494 [grpc-default-executor-7] INFO  server.GrpcLogAppender (GrpcLogAppender.java:onCompleted(293)) - 7b82b5c3-1af5-4aef-b0e5-9bbd5ece1c94@group-3975FA4E760D->2a8a7cd7-06bf-4db7-87f4-48062698d858-AppendLogResponseHandler: follower responses appendEntries COMPLETED
2019-09-17 06:06:22,496 [grpc-default-executor-8] INFO  server.GrpcLogAppender (GrpcLogAppender.java:onCompleted(293)) - 7b82b5c3-1af5-4aef-b0e5-9bbd5ece1c94@group-3975FA4E760D->e93b3770-42ff-4133-989c-2c3f555af44b-AppendLogResponseHandler: follower responses appendEntries COMPLETED
2019-09-17 06:06:22,496 [grpc-default-executor-7] INFO  impl.FollowerInfo (FollowerInfo.java:lambda$new$0(51)) - 7b82b5c3-1af5-4aef-b0e5-9bbd5ece1c94@group-3975FA4E760D->2a8a7cd7-06bf-4db7-87f4-48062698d858: nextIndex: updateUnconditionally 26 -> 19
2019-09-17 06:06:22,502 [grpc-default-executor-8] INFO  impl.FollowerInfo (FollowerInfo.java:lambda$new$0(51)) - 7b82b5c3-1af5-4aef-b0e5-9bbd5ece1c94@group-3975FA4E760D->e93b3770-42ff-4133-989c-2c3f555af44b: nextIndex: updateUnconditionally 26 -> 19
2019-09-17 06:06:22,502 [grpc-default-executor-2] INFO  impl.StateMachineUpdater (StateMachineUpdater.java:stopAndJoin(125)) - 7b82b5c3-1af5-4aef-b0e5-9bbd5ece1c94@group-3975FA4E760D-StateMachineUpdater: set stopIndex = 18
2019-09-17 06:06:22,503 [7b82b5c3-1af5-4aef-b0e5-9bbd5ece1c94@group-3975FA4E760D-StateMachineUpdater] INFO  ratis.ContainerStateMachine (ContainerStateMachine.java:takeSnapshot(289)) - group-3975FA4E760D: Taking a snapshot at:(t:3, i:18) file /workdir/hadoop-ozone/integration-test/target/test-dir/MiniOzoneClusterImpl-9c1dcb1a-3312-40b8-b485-08dcdfac2e9c/datanode-2/data/ratis/a8605ba1-ede5-406f-87cf-3975fa4e760d/sm/snapshot.3_18
2019-09-17 06:06:22,590 [java.util.concurrent.ThreadPoolExecutor$Worker@37721cd8[State = -1, empty queue]] WARN  server.GrpcLogAppender (GrpcLogAppender.java:timeoutAppendRequest(200)) - f6013552-a382-44c6-bdc3-8253bd9e054c@group-BB14ECC8E4AB->c5233a29-19a6-42e1-869f-0cfd92a1650c-GrpcLogAppender: appendEntries Timeout, request=f6013552-a382-44c6-bdc3-8253bd9e054c->c5233a29-19a6-42e1-869f-0cfd92a1650c#91-t1, previous=(t:1, i:5), leaderCommit=4, initializing? false, entries: <empty>
2019-09-17 06:06:22,590 [java.util.concurrent.ThreadPoolExecutor$Worker@7cf73faf[State = -1, empty queue]] WARN  server.GrpcLogAppender (GrpcLogAppender.java:timeoutAppendRequest(200)) - f6013552-a382-44c6-bdc3-8253bd9e054c@group-BB14ECC8E4AB->3ec0bce2-5a80-4efc-b2ca-bab81cc18a9f-GrpcLogAppender: appendEntries Timeout, request=f6013552-a382-44c6-bdc3-8253bd9e054c->3ec0bce2-5a80-4efc-b2ca-bab81cc18a9f#91-t1, previous=(t:1, i:5), leaderCommit=4, initializing? false, entries: <empty>
2019-09-17 06:06:22,651 [2a8a7cd7-06bf-4db7-87f4-48062698d858@group-3975FA4E760D-StateMachineUpdater] INFO  impl.StateMachineUpdater (StateMachineUpdater.java:takeSnapshot(258)) - 2a8a7cd7-06bf-4db7-87f4-48062698d858@group-3975FA4E760D-StateMachineUpdater: Took a snapshot at index 13
2019-09-17 06:06:22,651 [2a8a7cd7-06bf-4db7-87f4-48062698d858@group-3975FA4E760D-StateMachineUpdater] INFO  impl.StateMachineUpdater (StateMachineUpdater.java:lambda$new$0(83)) - 2a8a7cd7-06bf-4db7-87f4-48062698d858@group-3975FA4E760D-StateMachineUpdater: snapshotIndex: updateIncreasingly -1 -> 13
2019-09-17 06:06:22,652 [2a8a7cd7-06bf-4db7-87f4-48062698d858@group-3975FA4E760D-StateMachineUpdater] INFO  ratis.ContainerStateMachine (ContainerStateMachine.java:takeSnapshot(289)) - group-3975FA4E760D: Taking a snapshot at:(t:3, i:13) file /workdir/hadoop-ozone/integration-test/target/test-dir/MiniOzoneClusterImpl-9c1dcb1a-3312-40b8-b485-08dcdfac2e9c/datanode-4/data/ratis/a8605ba1-ede5-406f-87cf-3975fa4e760d/sm/snapshot.3_13
2019-09-17 06:06:23,995 [e93b3770-42ff-4133-989c-2c3f555af44b@group-3975FA4E760D-StateMachineUpdater] INFO  ratis.ContainerStateMachine (ContainerStateMachine.java:takeSnapshot(300)) - group-3975FA4E760D: Finished taking a snapshot at:(t:3, i:13) file:/workdir/hadoop-ozone/integration-test/target/test-dir/MiniOzoneClusterImpl-9c1dcb1a-3312-40b8-b485-08dcdfac2e9c/datanode-1/data/ratis/a8605ba1-ede5-406f-87cf-3975fa4e760d/sm/snapshot.3_13 time:3059
2019-09-17 06:06:23,995 [e93b3770-42ff-4133-989c-2c3f555af44b@group-3975FA4E760D-StateMachineUpdater] INFO  impl.StateMachineUpdater (StateMachineUpdater.java:takeSnapshot(258)) - e93b3770-42ff-4133-989c-2c3f555af44b@group-3975FA4E760D-StateMachineUpdater: Took a snapshot at index 13
2019-09-17 06:06:23,995 [e93b3770-42ff-4133-989c-2c3f555af44b@group-3975FA4E760D-StateMachineUpdater] INFO  impl.StateMachineUpdater (StateMachineUpdater.java:lambda$new$0(83)) - e93b3770-42ff-4133-989c-2c3f555af44b@group-3975FA4E760D-StateMachineUpdater: snapshotIndex: updateIncreasingly 13 -> 13
2019-09-17 06:06:23,996 [grpc-default-executor-6] INFO  impl.RaftServerImpl (ServerState.java:close(385)) - e93b3770-42ff-4133-989c-2c3f555af44b@group-3975FA4E760D: closes. applyIndex: 18
2019-09-17 06:06:23,999 [e93b3770-42ff-4133-989c-2c3f555af44b@group-3975FA4E760D-SegmentedRaftLogWorker] ERROR ratis.XceiverServerRatis (XceiverServerRatis.java:triggerPipelineClose(575)) - pipeline Action CLOSE  on pipeline PipelineID=a8605ba1-ede5-406f-87cf-3975fa4e760d.Reason : WriteLog:20: (t:3, i:20), STATEMACHINELOGENTRY, client-BA2506DDDB30, cid=141-writeStateMachineData interrupted.
2019-09-17 06:06:24,002 [EventQueue-PipelineActionsForPipelineActionHandler] ERROR pipeline.PipelineActionHandler (PipelineActionHandler.java:onMessage(60)) - Received pipeline action CLOSE for Pipeline[ Id: a8605ba1-ede5-406f-87cf-3975fa4e760d, Nodes: e93b3770-42ff-4133-989c-2c3f555af44b{ip: 192.168.34.7, host: pr-hdds-2132-5g9kv-3389001449, networkLocation: /default-rack, certSerialId: null}2a8a7cd7-06bf-4db7-87f4-48062698d858{ip: 192.168.34.7, host: pr-hdds-2132-5g9kv-3389001449, networkLocation: /default-rack, certSerialId: null}7b82b5c3-1af5-4aef-b0e5-9bbd5ece1c94{ip: 192.168.34.7, host: pr-hdds-2132-5g9kv-3389001449, networkLocation: /default-rack, certSerialId: null}, Type:RATIS, Factor:THREE, State:CLOSED] from datanode e93b3770-42ff-4133-989c-2c3f555af44b{ip: 192.168.34.7, host: pr-hdds-2132-5g9kv-3389001449, networkLocation: /default-rack, certSerialId: null}. Reason : WriteLog:20: (t:3, i:20), STATEMACHINELOGENTRY, client-BA2506DDDB30, cid=141-writeStateMachineData interrupted.
2019-09-17 06:06:24,002 [EventQueue-PipelineActionsForPipelineActionHandler] INFO  pipeline.SCMPipelineManager (SCMPipelineManager.java:finalizeAndDestroyPipeline(311)) - destroying pipeline:Pipeline[ Id: a8605ba1-ede5-406f-87cf-3975fa4e760d, Nodes: e93b3770-42ff-4133-989c-2c3f555af44b{ip: 192.168.34.7, host: pr-hdds-2132-5g9kv-3389001449, networkLocation: /default-rack, certSerialId: null}2a8a7cd7-06bf-4db7-87f4-48062698d858{ip: 192.168.34.7, host: pr-hdds-2132-5g9kv-3389001449, networkLocation: /default-rack, certSerialId: null}7b82b5c3-1af5-4aef-b0e5-9bbd5ece1c94{ip: 192.168.34.7, host: pr-hdds-2132-5g9kv-3389001449, networkLocation: /default-rack, certSerialId: null}, Type:RATIS, Factor:THREE, State:CLOSED]
2019-09-17 06:06:25,091 [java.util.concurrent.ThreadPoolExecutor$Worker@7cf73faf[State = -1, empty queue]] WARN  server.GrpcLogAppender (GrpcLogAppender.java:timeoutAppendRequest(200)) - f6013552-a382-44c6-bdc3-8253bd9e054c@group-BB14ECC8E4AB->3ec0bce2-5a80-4efc-b2ca-bab81cc18a9f-GrpcLogAppender: appendEntries Timeout, request=f6013552-a382-44c6-bdc3-8253bd9e054c->3ec0bce2-5a80-4efc-b2ca-bab81cc18a9f#92-t1, previous=(t:1, i:5), leaderCommit=4, initializing? false, entries: <empty>
2019-09-17 06:06:25,091 [java.util.concurrent.ThreadPoolExecutor$Worker@37721cd8[State = -1, empty queue]] WARN  server.GrpcLogAppender (GrpcLogAppender.java:timeoutAppendRequest(200)) - f6013552-a382-44c6-bdc3-8253bd9e054c@group-BB14ECC8E4AB->c5233a29-19a6-42e1-869f-0cfd92a1650c-GrpcLogAppender: appendEntries Timeout, request=f6013552-a382-44c6-bdc3-8253bd9e054c->c5233a29-19a6-42e1-869f-0cfd92a1650c#92-t1, previous=(t:1, i:5), leaderCommit=4, initializing? false, entries: <empty>
2019-09-17 06:06:25,362 [7b82b5c3-1af5-4aef-b0e5-9bbd5ece1c94@group-3975FA4E760D-StateMachineUpdater] INFO  ratis.ContainerStateMachine (ContainerStateMachine.java:takeSnapshot(300)) - group-3975FA4E760D: Finished taking a snapshot at:(t:3, i:18) file:/workdir/hadoop-ozone/integration-test/target/test-dir/MiniOzoneClusterImpl-9c1dcb1a-3312-40b8-b485-08dcdfac2e9c/datanode-2/data/ratis/a8605ba1-ede5-406f-87cf-3975fa4e760d/sm/snapshot.3_18 time:2859
2019-09-17 06:06:25,362 [2a8a7cd7-06bf-4db7-87f4-48062698d858@group-3975FA4E760D-StateMachineUpdater] INFO  ratis.ContainerStateMachine (ContainerStateMachine.java:takeSnapshot(300)) - group-3975FA4E760D: Finished taking a snapshot at:(t:3, i:13) file:/workdir/hadoop-ozone/integration-test/target/test-dir/MiniOzoneClusterImpl-9c1dcb1a-3312-40b8-b485-08dcdfac2e9c/datanode-4/data/ratis/a8605ba1-ede5-406f-87cf-3975fa4e760d/sm/snapshot.3_13 time:2710
2019-09-17 06:06:25,363 [2a8a7cd7-06bf-4db7-87f4-48062698d858@group-3975FA4E760D-StateMachineUpdater] INFO  impl.StateMachineUpdater (StateMachineUpdater.java:takeSnapshot(258)) - 2a8a7cd7-06bf-4db7-87f4-48062698d858@group-3975FA4E760D-StateMachineUpdater: Took a snapshot at index 13
2019-09-17 06:06:25,363 [2a8a7cd7-06bf-4db7-87f4-48062698d858@group-3975FA4E760D-StateMachineUpdater] INFO  impl.StateMachineUpdater (StateMachineUpdater.java:lambda$new$0(83)) - 2a8a7cd7-06bf-4db7-87f4-48062698d858@group-3975FA4E760D-StateMachineUpdater: snapshotIndex: updateIncreasingly 13 -> 13
2019-09-17 06:06:25,364 [grpc-default-executor-1] INFO  impl.RaftServerImpl (ServerState.java:close(385)) - 2a8a7cd7-06bf-4db7-87f4-48062698d858@group-3975FA4E760D: closes. applyIndex: 18
2019-09-17 06:06:25,368 [2a8a7cd7-06bf-4db7-87f4-48062698d858@group-3975FA4E760D-SegmentedRaftLogWorker] ERROR ratis.XceiverServerRatis (XceiverServerRatis.java:triggerPipelineClose(575)) - pipeline Action CLOSE  on pipeline PipelineID=a8605ba1-ede5-406f-87cf-3975fa4e760d.Reason : WriteLog:19: (t:3, i:19), STATEMACHINELOGENTRY, client-BA2506DDDB30, cid=140-writeStateMachineData interrupted.
2019-09-17 06:06:25,371 [grpc-default-executor-1] INFO  segmented.SegmentedRaftLogWorker (SegmentedRaftLogWorker.java:close(228)) - 2a8a7cd7-06bf-4db7-87f4-48062698d858@group-3975FA4E760D-SegmentedRaftLogWorker close()
2019-09-17 06:06:25,376 [EventQueue-PipelineActionsForPipelineActionHandler] ERROR pipeline.PipelineActionHandler (PipelineActionHandler.java:onMessage(60)) - Received pipeline action CLOSE for Pipeline[ Id: a8605ba1-ede5-406f-87cf-3975fa4e760d, Nodes: e93b3770-42ff-4133-989c-2c3f555af44b{ip: 192.168.34.7, host: pr-hdds-2132-5g9kv-3389001449, networkLocation: /default-rack, certSerialId: null}2a8a7cd7-06bf-4db7-87f4-48062698d858{ip: 192.168.34.7, host: pr-hdds-2132-5g9kv-3389001449, networkLocation: /default-rack, certSerialId: null}7b82b5c3-1af5-4aef-b0e5-9bbd5ece1c94{ip: 192.168.34.7, host: pr-hdds-2132-5g9kv-3389001449, networkLocation: /default-rack, certSerialId: null}, Type:RATIS, Factor:THREE, State:CLOSED] from datanode 2a8a7cd7-06bf-4db7-87f4-48062698d858{ip: 192.168.34.7, host: pr-hdds-2132-5g9kv-3389001449, networkLocation: /default-rack, certSerialId: null}. Reason : WriteLog:19: (t:3, i:19), STATEMACHINELOGENTRY, client-BA2506DDDB30, cid=140-writeStateMachineData interrupted.
2019-09-17 06:06:25,376 [EventQueue-PipelineActionsForPipelineActionHandler] INFO  pipeline.SCMPipelineManager (SCMPipelineManager.java:finalizeAndDestroyPipeline(311)) - destroying pipeline:Pipeline[ Id: a8605ba1-ede5-406f-87cf-3975fa4e760d, Nodes: e93b3770-42ff-4133-989c-2c3f555af44b{ip: 192.168.34.7, host: pr-hdds-2132-5g9kv-3389001449, networkLocation: /default-rack, certSerialId: null}2a8a7cd7-06bf-4db7-87f4-48062698d858{ip: 192.168.34.7, host: pr-hdds-2132-5g9kv-3389001449, networkLocation: /default-rack, certSerialId: null}7b82b5c3-1af5-4aef-b0e5-9bbd5ece1c94{ip: 192.168.34.7, host: pr-hdds-2132-5g9kv-3389001449, networkLocation: /default-rack, certSerialId: null}, Type:RATIS, Factor:THREE, State:CLOSED]
2019-09-17 06:06:25,400 [grpc-default-executor-6] INFO  segmented.SegmentedRaftLogWorker (SegmentedRaftLogWorker.java:close(228)) - e93b3770-42ff-4133-989c-2c3f555af44b@group-3975FA4E760D-SegmentedRaftLogWorker close()
2019-09-17 06:06:25,400 [7b82b5c3-1af5-4aef-b0e5-9bbd5ece1c94@group-3975FA4E760D-StateMachineUpdater] INFO  impl.StateMachineUpdater (StateMachineUpdater.java:takeSnapshot(258)) - 7b82b5c3-1af5-4aef-b0e5-9bbd5ece1c94@group-3975FA4E760D-StateMachineUpdater: Took a snapshot at index 18
2019-09-17 06:06:25,406 [7b82b5c3-1af5-4aef-b0e5-9bbd5ece1c94@group-3975FA4E760D-StateMachineUpdater] INFO  impl.StateMachineUpdater (StateMachineUpdater.java:lambda$new$0(83)) - 7b82b5c3-1af5-4aef-b0e5-9bbd5ece1c94@group-3975FA4E760D-StateMachineUpdater: snapshotIndex: updateIncreasingly -1 -> 18
2019-09-17 06:06:25,407 [Command processor thread] ERROR commandhandler.CloseContainerCommandHandler (CloseContainerCommandHandler.java:handle(125)) - Can't close container #6
java.io.IOException: org.apache.ratis.protocol.GroupMismatchException: 7b82b5c3-1af5-4aef-b0e5-9bbd5ece1c94: group-3975FA4E760D not found.
	at org.apache.hadoop.ozone.container.common.transport.server.ratis.XceiverServerRatis.submitRequest(XceiverServerRatis.java:502)
	at org.apache.hadoop.ozone.container.common.statemachine.commandhandler.CloseContainerCommandHandler.handle(CloseContainerCommandHandler.java:102)
	at org.apache.hadoop.ozone.container.common.statemachine.commandhandler.CommandDispatcher.handle(CommandDispatcher.java:99)
	at org.apache.hadoop.ozone.container.common.statemachine.DatanodeStateMachine.lambda$initCommandHandlerThread$1(DatanodeStateMachine.java:432)
	at java.lang.Thread.run(Thread.java:748)
Caused by: java.util.concurrent.ExecutionException: org.apache.ratis.protocol.GroupMismatchException: 7b82b5c3-1af5-4aef-b0e5-9bbd5ece1c94: group-3975FA4E760D not found.
	at java.util.concurrent.CompletableFuture.reportGet(CompletableFuture.java:357)
	at java.util.concurrent.CompletableFuture.get(CompletableFuture.java:1895)
	at org.apache.hadoop.ozone.container.common.transport.server.ratis.XceiverServerRatis.submitRequest(XceiverServerRatis.java:500)
	... 4 more
Caused by: org.apache.ratis.protocol.GroupMismatchException: 7b82b5c3-1af5-4aef-b0e5-9bbd5ece1c94: group-3975FA4E760D not found.
	at org.apache.ratis.server.impl.RaftServerProxy$ImplMap.get(RaftServerProxy.java:122)
	at org.apache.ratis.server.impl.RaftServerProxy.getImplFuture(RaftServerProxy.java:269)
	at org.apache.ratis.server.impl.RaftServerProxy.submitRequest(RaftServerProxy.java:327)
	at org.apache.ratis.server.impl.RaftServerProxy.submitClientRequestAsync(RaftServerProxy.java:333)
	... 5 more
2019-09-17 06:06:25,407 [grpc-default-executor-2] INFO  impl.RaftServerImpl (ServerState.java:close(385)) - 7b82b5c3-1af5-4aef-b0e5-9bbd5ece1c94@group-3975FA4E760D: closes. applyIndex: 18
2019-09-17 06:06:25,408 [7b82b5c3-1af5-4aef-b0e5-9bbd5ece1c94@group-3975FA4E760D-SegmentedRaftLogWorker] ERROR ratis.XceiverServerRatis (XceiverServerRatis.java:triggerPipelineClose(575)) - pipeline Action CLOSE  on pipeline PipelineID=a8605ba1-ede5-406f-87cf-3975fa4e760d.Reason : WriteLog:20: (t:3, i:20), STATEMACHINELOGENTRY, client-BA2506DDDB30, cid=141-writeStateMachineData interrupted.
2019-09-17 06:06:25,411 [EventQueue-PipelineActionsForPipelineActionHandler] ERROR pipeline.PipelineActionHandler (PipelineActionHandler.java:onMessage(60)) - Received pipeline action CLOSE for Pipeline[ Id: a8605ba1-ede5-406f-87cf-3975fa4e760d, Nodes: e93b3770-42ff-4133-989c-2c3f555af44b{ip: 192.168.34.7, host: pr-hdds-2132-5g9kv-3389001449, networkLocation: /default-rack, certSerialId: null}2a8a7cd7-06bf-4db7-87f4-48062698d858{ip: 192.168.34.7, host: pr-hdds-2132-5g9kv-3389001449, networkLocation: /default-rack, certSerialId: null}7b82b5c3-1af5-4aef-b0e5-9bbd5ece1c94{ip: 192.168.34.7, host: pr-hdds-2132-5g9kv-3389001449, networkLocation: /default-rack, certSerialId: null}, Type:RATIS, Factor:THREE, State:CLOSED] from datanode 7b82b5c3-1af5-4aef-b0e5-9bbd5ece1c94{ip: 192.168.34.7, host: pr-hdds-2132-5g9kv-3389001449, networkLocation: /default-rack, certSerialId: null}. Reason : WriteLog:20: (t:3, i:20), STATEMACHINELOGENTRY, client-BA2506DDDB30, cid=141-writeStateMachineData interrupted.
2019-09-17 06:06:25,411 [EventQueue-PipelineActionsForPipelineActionHandler] INFO  pipeline.SCMPipelineManager (SCMPipelineManager.java:finalizeAndDestroyPipeline(311)) - destroying pipeline:Pipeline[ Id: a8605ba1-ede5-406f-87cf-3975fa4e760d, Nodes: e93b3770-42ff-4133-989c-2c3f555af44b{ip: 192.168.34.7, host: pr-hdds-2132-5g9kv-3389001449, networkLocation: /default-rack, certSerialId: null}2a8a7cd7-06bf-4db7-87f4-48062698d858{ip: 192.168.34.7, host: pr-hdds-2132-5g9kv-3389001449, networkLocation: /default-rack, certSerialId: null}7b82b5c3-1af5-4aef-b0e5-9bbd5ece1c94{ip: 192.168.34.7, host: pr-hdds-2132-5g9kv-3389001449, networkLocation: /default-rack, certSerialId: null}, Type:RATIS, Factor:THREE, State:CLOSED]
2019-09-17 06:06:25,487 [RatisPipelineUtilsThread] WARN  pipeline.RatisPipelineUtils (RatisPipelineUtils.java:destroyPipeline(66)) - Pipeline destroy failed for pipeline=PipelineID=a8605ba1-ede5-406f-87cf-3975fa4e760d dn=7b82b5c3-1af5-4aef-b0e5-9bbd5ece1c94{ip: 192.168.34.7, host: pr-hdds-2132-5g9kv-3389001449, networkLocation: /default-rack, certSerialId: null}
2019-09-17 06:06:25,487 [RatisPipelineUtilsThread] INFO  pipeline.PipelineStateManager (PipelineStateManager.java:removePipeline(108)) - Pipeline Pipeline[ Id: a8605ba1-ede5-406f-87cf-3975fa4e760d, Nodes: e93b3770-42ff-4133-989c-2c3f555af44b{ip: 192.168.34.7, host: pr-hdds-2132-5g9kv-3389001449, networkLocation: /default-rack, certSerialId: null}2a8a7cd7-06bf-4db7-87f4-48062698d858{ip: 192.168.34.7, host: pr-hdds-2132-5g9kv-3389001449, networkLocation: /default-rack, certSerialId: null}7b82b5c3-1af5-4aef-b0e5-9bbd5ece1c94{ip: 192.168.34.7, host: pr-hdds-2132-5g9kv-3389001449, networkLocation: /default-rack, certSerialId: null}, Type:RATIS, Factor:THREE, State:CLOSED] removed from db
2019-09-17 06:06:25,494 [grpc-default-executor-8] INFO  impl.RaftServerProxy (RaftServerProxy.java:remove(95)) - e93b3770-42ff-4133-989c-2c3f555af44b: remove group-3975FA4E760D:null
2019-09-17 06:06:25,497 [RatisPipelineUtilsThread] WARN  pipeline.RatisPipelineUtils (RatisPipelineUtils.java:destroyPipeline(66)) - Pipeline destroy failed for pipeline=PipelineID=a8605ba1-ede5-406f-87cf-3975fa4e760d dn=e93b3770-42ff-4133-989c-2c3f555af44b{ip: 192.168.34.7, host: pr-hdds-2132-5g9kv-3389001449, networkLocation: /default-rack, certSerialId: null}
2019-09-17 06:06:25,500 [grpc-default-executor-8] INFO  impl.RaftServerProxy (RaftServerProxy.java:remove(95)) - 2a8a7cd7-06bf-4db7-87f4-48062698d858: remove group-3975FA4E760D:null
2019-09-17 06:06:25,502 [RatisPipelineUtilsThread] WARN  pipeline.RatisPipelineUtils (RatisPipelineUtils.java:destroyPipeline(66)) - Pipeline destroy failed for pipeline=PipelineID=a8605ba1-ede5-406f-87cf-3975fa4e760d dn=2a8a7cd7-06bf-4db7-87f4-48062698d858{ip: 192.168.34.7, host: pr-hdds-2132-5g9kv-3389001449, networkLocation: /default-rack, certSerialId: null}
2019-09-17 06:06:25,505 [grpc-default-executor-8] INFO  impl.RaftServerProxy (RaftServerProxy.java:remove(95)) - 7b82b5c3-1af5-4aef-b0e5-9bbd5ece1c94: remove group-3975FA4E760D:null
2019-09-17 06:06:25,507 [RatisPipelineUtilsThread] WARN  pipeline.RatisPipelineUtils (RatisPipelineUtils.java:destroyPipeline(66)) - Pipeline destroy failed for pipeline=PipelineID=a8605ba1-ede5-406f-87cf-3975fa4e760d dn=7b82b5c3-1af5-4aef-b0e5-9bbd5ece1c94{ip: 192.168.34.7, host: pr-hdds-2132-5g9kv-3389001449, networkLocation: /default-rack, certSerialId: null}
2019-09-17 06:06:25,507 [RatisPipelineUtilsThread] ERROR pipeline.SCMPipelineManager (Scheduler.java:lambda$schedule$1(70)) - Destroy pipeline failed for pipeline:Pipeline[ Id: a8605ba1-ede5-406f-87cf-3975fa4e760d, Nodes: e93b3770-42ff-4133-989c-2c3f555af44b{ip: 192.168.34.7, host: pr-hdds-2132-5g9kv-3389001449, networkLocation: /default-rack, certSerialId: null}2a8a7cd7-06bf-4db7-87f4-48062698d858{ip: 192.168.34.7, host: pr-hdds-2132-5g9kv-3389001449, networkLocation: /default-rack, certSerialId: null}7b82b5c3-1af5-4aef-b0e5-9bbd5ece1c94{ip: 192.168.34.7, host: pr-hdds-2132-5g9kv-3389001449, networkLocation: /default-rack, certSerialId: null}, Type:RATIS, Factor:THREE, State:CLOSED]
org.apache.hadoop.hdds.scm.pipeline.PipelineNotFoundException: PipelineID=a8605ba1-ede5-406f-87cf-3975fa4e760d not found
	at org.apache.hadoop.hdds.scm.pipeline.PipelineStateMap.getPipeline(PipelineStateMap.java:132)
	at org.apache.hadoop.hdds.scm.pipeline.PipelineStateMap.removePipeline(PipelineStateMap.java:322)
	at org.apache.hadoop.hdds.scm.pipeline.PipelineStateManager.removePipeline(PipelineStateManager.java:107)
	at org.apache.hadoop.hdds.scm.pipeline.SCMPipelineManager.removePipeline(SCMPipelineManager.java:423)
	at org.apache.hadoop.hdds.scm.pipeline.SCMPipelineManager.destroyPipeline(SCMPipelineManager.java:409)
	at org.apache.hadoop.hdds.scm.pipeline.SCMPipelineManager.lambda$finalizeAndDestroyPipeline$0(SCMPipelineManager.java:318)
	at org.apache.hadoop.utils.Scheduler.lambda$schedule$1(Scheduler.java:68)
	at java.util.concurrent.Executors$RunnableAdapter.call(Executors.java:511)
	at java.util.concurrent.FutureTask.run(FutureTask.java:266)
	at java.util.concurrent.ScheduledThreadPoolExecutor$ScheduledFutureTask.access$201(ScheduledThreadPoolExecutor.java:180)
	at java.util.concurrent.ScheduledThreadPoolExecutor$ScheduledFutureTask.run(ScheduledThreadPoolExecutor.java:293)
	at java.util.concurrent.ThreadPoolExecutor.runWorker(ThreadPoolExecutor.java:1149)
	at java.util.concurrent.ThreadPoolExecutor$Worker.run(ThreadPoolExecutor.java:624)
	at java.lang.Thread.run(Thread.java:748)
2019-09-17 06:06:25,510 [grpc-default-executor-8] INFO  impl.RaftServerProxy (RaftServerProxy.java:remove(95)) - e93b3770-42ff-4133-989c-2c3f555af44b: remove group-3975FA4E760D:null
2019-09-17 06:06:25,512 [RatisPipelineUtilsThread] WARN  pipeline.RatisPipelineUtils (RatisPipelineUtils.java:destroyPipeline(66)) - Pipeline destroy failed for pipeline=PipelineID=a8605ba1-ede5-406f-87cf-3975fa4e760d dn=e93b3770-42ff-4133-989c-2c3f555af44b{ip: 192.168.34.7, host: pr-hdds-2132-5g9kv-3389001449, networkLocation: /default-rack, certSerialId: null}
2019-09-17 06:06:25,515 [grpc-default-executor-8] INFO  impl.RaftServerProxy (RaftServerProxy.java:remove(95)) - 2a8a7cd7-06bf-4db7-87f4-48062698d858: remove group-3975FA4E760D:null
2019-09-17 06:06:25,517 [RatisPipelineUtilsThread] WARN  pipeline.RatisPipelineUtils (RatisPipelineUtils.java:destroyPipeline(66)) - Pipeline destroy failed for pipeline=PipelineID=a8605ba1-ede5-406f-87cf-3975fa4e760d dn=2a8a7cd7-06bf-4db7-87f4-48062698d858{ip: 192.168.34.7, host: pr-hdds-2132-5g9kv-3389001449, networkLocation: /default-rack, certSerialId: null}
2019-09-17 06:06:25,520 [grpc-default-executor-8] INFO  impl.RaftServerProxy (RaftServerProxy.java:remove(95)) - 7b82b5c3-1af5-4aef-b0e5-9bbd5ece1c94: remove group-3975FA4E760D:null
2019-09-17 06:06:25,522 [RatisPipelineUtilsThread] WARN  pipeline.RatisPipelineUtils (RatisPipelineUtils.java:destroyPipeline(66)) - Pipeline destroy failed for pipeline=PipelineID=a8605ba1-ede5-406f-87cf-3975fa4e760d dn=7b82b5c3-1af5-4aef-b0e5-9bbd5ece1c94{ip: 192.168.34.7, host: pr-hdds-2132-5g9kv-3389001449, networkLocation: /default-rack, certSerialId: null}
2019-09-17 06:06:25,522 [RatisPipelineUtilsThread] ERROR pipeline.SCMPipelineManager (Scheduler.java:lambda$schedule$1(70)) - Destroy pipeline failed for pipeline:Pipeline[ Id: a8605ba1-ede5-406f-87cf-3975fa4e760d, Nodes: e93b3770-42ff-4133-989c-2c3f555af44b{ip: 192.168.34.7, host: pr-hdds-2132-5g9kv-3389001449, networkLocation: /default-rack, certSerialId: null}2a8a7cd7-06bf-4db7-87f4-48062698d858{ip: 192.168.34.7, host: pr-hdds-2132-5g9kv-3389001449, networkLocation: /default-rack, certSerialId: null}7b82b5c3-1af5-4aef-b0e5-9bbd5ece1c94{ip: 192.168.34.7, host: pr-hdds-2132-5g9kv-3389001449, networkLocation: /default-rack, certSerialId: null}, Type:RATIS, Factor:THREE, State:CLOSED]
org.apache.hadoop.hdds.scm.pipeline.PipelineNotFoundException: PipelineID=a8605ba1-ede5-406f-87cf-3975fa4e760d not found
	at org.apache.hadoop.hdds.scm.pipeline.PipelineStateMap.getPipeline(PipelineStateMap.java:132)
	at org.apache.hadoop.hdds.scm.pipeline.PipelineStateMap.removePipeline(PipelineStateMap.java:322)
	at org.apache.hadoop.hdds.scm.pipeline.PipelineStateManager.removePipeline(PipelineStateManager.java:107)
	at org.apache.hadoop.hdds.scm.pipeline.SCMPipelineManager.removePipeline(SCMPipelineManager.java:423)
	at org.apache.hadoop.hdds.scm.pipeline.SCMPipelineManager.destroyPipeline(SCMPipelineManager.java:409)
	at org.apache.hadoop.hdds.scm.pipeline.SCMPipelineManager.lambda$finalizeAndDestroyPipeline$0(SCMPipelineManager.java:318)
	at org.apache.hadoop.utils.Scheduler.lambda$schedule$1(Scheduler.java:68)
	at java.util.concurrent.Executors$RunnableAdapter.call(Executors.java:511)
	at java.util.concurrent.FutureTask.run(FutureTask.java:266)
	at java.util.concurrent.ScheduledThreadPoolExecutor$ScheduledFutureTask.access$201(ScheduledThreadPoolExecutor.java:180)
	at java.util.concurrent.ScheduledThreadPoolExecutor$ScheduledFutureTask.run(ScheduledThreadPoolExecutor.java:293)
	at java.util.concurrent.ThreadPoolExecutor.runWorker(ThreadPoolExecutor.java:1149)
	at java.util.concurrent.ThreadPoolExecutor$Worker.run(ThreadPoolExecutor.java:624)
	at java.lang.Thread.run(Thread.java:748)
2019-09-17 06:06:25,525 [grpc-default-executor-8] INFO  impl.RaftServerProxy (RaftServerProxy.java:remove(95)) - e93b3770-42ff-4133-989c-2c3f555af44b: remove group-3975FA4E760D:null
2019-09-17 06:06:25,527 [RatisPipelineUtilsThread] WARN  pipeline.RatisPipelineUtils (RatisPipelineUtils.java:destroyPipeline(66)) - Pipeline destroy failed for pipeline=PipelineID=a8605ba1-ede5-406f-87cf-3975fa4e760d dn=e93b3770-42ff-4133-989c-2c3f555af44b{ip: 192.168.34.7, host: pr-hdds-2132-5g9kv-3389001449, networkLocation: /default-rack, certSerialId: null}
2019-09-17 06:06:25,528 [grpc-default-executor-2] INFO  segmented.SegmentedRaftLogWorker (SegmentedRaftLogWorker.java:close(228)) - 7b82b5c3-1af5-4aef-b0e5-9bbd5ece1c94@group-3975FA4E760D-SegmentedRaftLogWorker close()
2019-09-17 06:06:25,533 [grpc-default-executor-6] INFO  interfaces.Container (KeyValueContainer.java:flushAndSyncDB(386)) - Container 1 is synced with bcsId 5.
2019-09-17 06:06:25,533 [grpc-default-executor-1] INFO  interfaces.Container (KeyValueContainer.java:flushAndSyncDB(386)) - Container 1 is synced with bcsId 5.
2019-09-17 06:06:25,533 [grpc-default-executor-6] INFO  interfaces.Container (KeyValueContainer.java:flushAndSyncDB(386)) - Container 1 is synced with bcsId 5.
2019-09-17 06:06:25,533 [grpc-default-executor-1] INFO  interfaces.Container (KeyValueContainer.java:flushAndSyncDB(386)) - Container 1 is synced with bcsId 5.
2019-09-17 06:06:25,534 [grpc-default-executor-8] INFO  impl.RaftServerProxy (RaftServerProxy.java:remove(95)) - 2a8a7cd7-06bf-4db7-87f4-48062698d858: remove group-3975FA4E760D:null
2019-09-17 06:06:25,536 [RatisPipelineUtilsThread] WARN  pipeline.RatisPipelineUtils (RatisPipelineUtils.java:destroyPipeline(66)) - Pipeline destroy failed for pipeline=PipelineID=a8605ba1-ede5-406f-87cf-3975fa4e760d dn=2a8a7cd7-06bf-4db7-87f4-48062698d858{ip: 192.168.34.7, host: pr-hdds-2132-5g9kv-3389001449, networkLocation: /default-rack, certSerialId: null}
2019-09-17 06:06:25,538 [grpc-default-executor-8] INFO  impl.RaftServerProxy (RaftServerProxy.java:remove(95)) - 7b82b5c3-1af5-4aef-b0e5-9bbd5ece1c94: remove group-3975FA4E760D:null
2019-09-17 06:06:25,540 [RatisPipelineUtilsThread] WARN  pipeline.RatisPipelineUtils (RatisPipelineUtils.java:destroyPipeline(66)) - Pipeline destroy failed for pipeline=PipelineID=a8605ba1-ede5-406f-87cf-3975fa4e760d dn=7b82b5c3-1af5-4aef-b0e5-9bbd5ece1c94{ip: 192.168.34.7, host: pr-hdds-2132-5g9kv-3389001449, networkLocation: /default-rack, certSerialId: null}
2019-09-17 06:06:25,669 [RatisPipelineUtilsThread] ERROR pipeline.SCMPipelineManager (Scheduler.java:lambda$schedule$1(70)) - Destroy pipeline failed for pipeline:Pipeline[ Id: a8605ba1-ede5-406f-87cf-3975fa4e760d, Nodes: e93b3770-42ff-4133-989c-2c3f555af44b{ip: 192.168.34.7, host: pr-hdds-2132-5g9kv-3389001449, networkLocation: /default-rack, certSerialId: null}2a8a7cd7-06bf-4db7-87f4-48062698d858{ip: 192.168.34.7, host: pr-hdds-2132-5g9kv-3389001449, networkLocation: /default-rack, certSerialId: null}7b82b5c3-1af5-4aef-b0e5-9bbd5ece1c94{ip: 192.168.34.7, host: pr-hdds-2132-5g9kv-3389001449, networkLocation: /default-rack, certSerialId: null}, Type:RATIS, Factor:THREE, State:CLOSED]
org.apache.hadoop.hdds.scm.pipeline.PipelineNotFoundException: PipelineID=a8605ba1-ede5-406f-87cf-3975fa4e760d not found
	at org.apache.hadoop.hdds.scm.pipeline.PipelineStateMap.getPipeline(PipelineStateMap.java:132)
	at org.apache.hadoop.hdds.scm.pipeline.PipelineStateMap.removePipeline(PipelineStateMap.java:322)
	at org.apache.hadoop.hdds.scm.pipeline.PipelineStateManager.removePipeline(PipelineStateManager.java:107)
	at org.apache.hadoop.hdds.scm.pipeline.SCMPipelineManager.removePipeline(SCMPipelineManager.java:423)
	at org.apache.hadoop.hdds.scm.pipeline.SCMPipelineManager.destroyPipeline(SCMPipelineManager.java:409)
	at org.apache.hadoop.hdds.scm.pipeline.SCMPipelineManager.lambda$finalizeAndDestroyPipeline$0(SCMPipelineManager.java:318)
	at org.apache.hadoop.utils.Scheduler.lambda$schedule$1(Scheduler.java:68)
	at java.util.concurrent.Executors$RunnableAdapter.call(Executors.java:511)
	at java.util.concurrent.FutureTask.run(FutureTask.java:266)
	at java.util.concurrent.ScheduledThreadPoolExecutor$ScheduledFutureTask.access$201(ScheduledThreadPoolExecutor.java:180)
	at java.util.concurrent.ScheduledThreadPoolExecutor$ScheduledFutureTask.run(ScheduledThreadPoolExecutor.java:293)
	at java.util.concurrent.ThreadPoolExecutor.runWorker(ThreadPoolExecutor.java:1149)
	at java.util.concurrent.ThreadPoolExecutor$Worker.run(ThreadPoolExecutor.java:624)
	at java.lang.Thread.run(Thread.java:748)
2019-09-17 06:06:25,673 [grpc-default-executor-2] INFO  interfaces.Container (KeyValueContainer.java:flushAndSyncDB(386)) - Container 1 is synced with bcsId 5.
2019-09-17 06:06:25,673 [grpc-default-executor-2] INFO  interfaces.Container (KeyValueContainer.java:flushAndSyncDB(386)) - Container 1 is synced with bcsId 5.
2019-09-17 06:06:25,674 [grpc-default-executor-8] INFO  impl.RaftServerProxy (RaftServerProxy.java:remove(95)) - e93b3770-42ff-4133-989c-2c3f555af44b: remove group-3975FA4E760D:null
2019-09-17 06:06:25,676 [RatisPipelineUtilsThread] WARN  pipeline.RatisPipelineUtils (RatisPipelineUtils.java:destroyPipeline(66)) - Pipeline destroy failed for pipeline=PipelineID=a8605ba1-ede5-406f-87cf-3975fa4e760d dn=e93b3770-42ff-4133-989c-2c3f555af44b{ip: 192.168.34.7, host: pr-hdds-2132-5g9kv-3389001449, networkLocation: /default-rack, certSerialId: null}
2019-09-17 06:06:25,679 [grpc-default-executor-8] INFO  impl.RaftServerProxy (RaftServerProxy.java:remove(95)) - 2a8a7cd7-06bf-4db7-87f4-48062698d858: remove group-3975FA4E760D:null
2019-09-17 06:06:25,681 [RatisPipelineUtilsThread] WARN  pipeline.RatisPipelineUtils (RatisPipelineUtils.java:destroyPipeline(66)) - Pipeline destroy failed for pipeline=PipelineID=a8605ba1-ede5-406f-87cf-3975fa4e760d dn=2a8a7cd7-06bf-4db7-87f4-48062698d858{ip: 192.168.34.7, host: pr-hdds-2132-5g9kv-3389001449, networkLocation: /default-rack, certSerialId: null}
2019-09-17 06:06:25,684 [grpc-default-executor-8] INFO  impl.RaftServerProxy (RaftServerProxy.java:remove(95)) - 7b82b5c3-1af5-4aef-b0e5-9bbd5ece1c94: remove group-3975FA4E760D:null
2019-09-17 06:06:25,686 [RatisPipelineUtilsThread] WARN  pipeline.RatisPipelineUtils (RatisPipelineUtils.java:destroyPipeline(66)) - Pipeline destroy failed for pipeline=PipelineID=a8605ba1-ede5-406f-87cf-3975fa4e760d dn=7b82b5c3-1af5-4aef-b0e5-9bbd5ece1c94{ip: 192.168.34.7, host: pr-hdds-2132-5g9kv-3389001449, networkLocation: /default-rack, certSerialId: null}
2019-09-17 06:06:25,686 [RatisPipelineUtilsThread] ERROR pipeline.SCMPipelineManager (Scheduler.java:lambda$schedule$1(70)) - Destroy pipeline failed for pipeline:Pipeline[ Id: a8605ba1-ede5-406f-87cf-3975fa4e760d, Nodes: e93b3770-42ff-4133-989c-2c3f555af44b{ip: 192.168.34.7, host: pr-hdds-2132-5g9kv-3389001449, networkLocation: /default-rack, certSerialId: null}2a8a7cd7-06bf-4db7-87f4-48062698d858{ip: 192.168.34.7, host: pr-hdds-2132-5g9kv-3389001449, networkLocation: /default-rack, certSerialId: null}7b82b5c3-1af5-4aef-b0e5-9bbd5ece1c94{ip: 192.168.34.7, host: pr-hdds-2132-5g9kv-3389001449, networkLocation: /default-rack, certSerialId: null}, Type:RATIS, Factor:THREE, State:CLOSED]
org.apache.hadoop.hdds.scm.pipeline.PipelineNotFoundException: PipelineID=a8605ba1-ede5-406f-87cf-3975fa4e760d not found
	at org.apache.hadoop.hdds.scm.pipeline.PipelineStateMap.getPipeline(PipelineStateMap.java:132)
	at org.apache.hadoop.hdds.scm.pipeline.PipelineStateMap.removePipeline(PipelineStateMap.java:322)
	at org.apache.hadoop.hdds.scm.pipeline.PipelineStateManager.removePipeline(PipelineStateManager.java:107)
	at org.apache.hadoop.hdds.scm.pipeline.SCMPipelineManager.removePipeline(SCMPipelineManager.java:423)
	at org.apache.hadoop.hdds.scm.pipeline.SCMPipelineManager.destroyPipeline(SCMPipelineManager.java:409)
	at org.apache.hadoop.hdds.scm.pipeline.SCMPipelineManager.lambda$finalizeAndDestroyPipeline$0(SCMPipelineManager.java:318)
	at org.apache.hadoop.utils.Scheduler.lambda$schedule$1(Scheduler.java:68)
	at java.util.concurrent.Executors$RunnableAdapter.call(Executors.java:511)
	at java.util.concurrent.FutureTask.run(FutureTask.java:266)
	at java.util.concurrent.ScheduledThreadPoolExecutor$ScheduledFutureTask.access$201(ScheduledThreadPoolExecutor.java:180)
	at java.util.concurrent.ScheduledThreadPoolExecutor$ScheduledFutureTask.run(ScheduledThreadPoolExecutor.java:293)
	at java.util.concurrent.ThreadPoolExecutor.runWorker(ThreadPoolExecutor.java:1149)
	at java.util.concurrent.ThreadPoolExecutor$Worker.run(ThreadPoolExecutor.java:624)
	at java.lang.Thread.run(Thread.java:748)
2019-09-17 06:06:25,695 [EventQueue-IncrementalContainerReportForIncrementalContainerReportHandler] INFO  container.IncrementalContainerReportHandler (AbstractContainerReportHandler.java:updateContainerState(169)) - Moving container #1 to QUASI_CLOSED state, datanode 2a8a7cd7-06bf-4db7-87f4-48062698d858{ip: 192.168.34.7, host: pr-hdds-2132-5g9kv-3389001449, networkLocation: /default-rack, certSerialId: null} reported QUASI_CLOSED replica.
2019-09-17 06:06:25,698 [grpc-default-executor-9] INFO  impl.RaftServerProxy (RaftServerProxy.java:addNew(89)) - 7b82b5c3-1af5-4aef-b0e5-9bbd5ece1c94: addNew group-84A24B929A8B:[2a8a7cd7-06bf-4db7-87f4-48062698d858:192.168.34.7:44927, 7b82b5c3-1af5-4aef-b0e5-9bbd5ece1c94:192.168.34.7:38196, e93b3770-42ff-4133-989c-2c3f555af44b:192.168.34.7:44979] returns group-84A24B929A8B:java.util.concurrent.CompletableFuture@65f2258d[Not completed]
2019-09-17 06:06:25,698 [grpc-default-executor-7] INFO  impl.RaftServerProxy (RaftServerProxy.java:addNew(89)) - e93b3770-42ff-4133-989c-2c3f555af44b: addNew group-84A24B929A8B:[2a8a7cd7-06bf-4db7-87f4-48062698d858:192.168.34.7:44927, 7b82b5c3-1af5-4aef-b0e5-9bbd5ece1c94:192.168.34.7:38196, e93b3770-42ff-4133-989c-2c3f555af44b:192.168.34.7:44979] returns group-84A24B929A8B:java.util.concurrent.CompletableFuture@61885552[Not completed]
2019-09-17 06:06:25,698 [grpc-default-executor-9] INFO  impl.RaftServerProxy (RaftServerProxy.java:addNew(89)) - 2a8a7cd7-06bf-4db7-87f4-48062698d858: addNew group-84A24B929A8B:[2a8a7cd7-06bf-4db7-87f4-48062698d858:192.168.34.7:44927, 7b82b5c3-1af5-4aef-b0e5-9bbd5ece1c94:192.168.34.7:38196, e93b3770-42ff-4133-989c-2c3f555af44b:192.168.34.7:44979] returns group-84A24B929A8B:java.util.concurrent.CompletableFuture@61cdbdeb[Not completed]
2019-09-17 06:06:25,701 [pool-37-thread-1] INFO  impl.RaftServerImpl (RaftServerImpl.java:<init>(95)) - e93b3770-42ff-4133-989c-2c3f555af44b: new RaftServerImpl for group-84A24B929A8B:[2a8a7cd7-06bf-4db7-87f4-48062698d858:192.168.34.7:44927, 7b82b5c3-1af5-4aef-b0e5-9bbd5ece1c94:192.168.34.7:38196, e93b3770-42ff-4133-989c-2c3f555af44b:192.168.34.7:44979] with ContainerStateMachine:uninitialized
2019-09-17 06:06:25,701 [pool-37-thread-1] INFO  server.RaftServerConfigKeys (ConfUtils.java:logGet(43)) - raft.server.rpc.timeout.min = 5s (custom)
2019-09-17 06:06:25,701 [pool-37-thread-1] INFO  server.RaftServerConfigKeys (ConfUtils.java:logGet(43)) - raft.server.rpc.timeout.max = 5200ms (custom)
2019-09-17 06:06:25,701 [pool-37-thread-1] INFO  server.RaftServerConfigKeys (ConfUtils.java:logGet(43)) - raft.server.rpcslowness.timeout = 120s (custom)
2019-09-17 06:06:25,701 [pool-37-thread-1] INFO  server.RaftServerConfigKeys (ConfUtils.java:logGet(43)) - raft.server.sleep.deviation.threshold = 300 (default)
2019-09-17 06:06:25,702 [pool-37-thread-1] INFO  server.RaftServerConfigKeys (ConfUtils.java:logGet(43)) - raft.server.log.appender.install.snapshot.enabled = false (custom)
2019-09-17 06:06:25,702 [pool-67-thread-1] INFO  impl.RaftServerImpl (RaftServerImpl.java:<init>(95)) - 2a8a7cd7-06bf-4db7-87f4-48062698d858: new RaftServerImpl for group-84A24B929A8B:[2a8a7cd7-06bf-4db7-87f4-48062698d858:192.168.34.7:44927, 7b82b5c3-1af5-4aef-b0e5-9bbd5ece1c94:192.168.34.7:38196, e93b3770-42ff-4133-989c-2c3f555af44b:192.168.34.7:44979] with ContainerStateMachine:uninitialized
2019-09-17 06:06:25,702 [pool-37-thread-1] INFO  impl.RaftServerImpl (ServerState.java:<init>(103)) - e93b3770-42ff-4133-989c-2c3f555af44b@group-84A24B929A8B: ConfigurationManager, init=-1: [2a8a7cd7-06bf-4db7-87f4-48062698d858:192.168.34.7:44927, 7b82b5c3-1af5-4aef-b0e5-9bbd5ece1c94:192.168.34.7:38196, e93b3770-42ff-4133-989c-2c3f555af44b:192.168.34.7:44979], old=null, confs=<EMPTY_MAP>
2019-09-17 06:06:25,702 [pool-67-thread-1] INFO  server.RaftServerConfigKeys (ConfUtils.java:logGet(43)) - raft.server.rpc.timeout.min = 5s (custom)
2019-09-17 06:06:25,702 [pool-37-thread-1] INFO  server.RaftServerConfigKeys (ConfUtils.java:logGet(43)) - raft.server.storage.dir = [/workdir/hadoop-ozone/integration-test/target/test-dir/MiniOzoneClusterImpl-9c1dcb1a-3312-40b8-b485-08dcdfac2e9c/datanode-1/data/ratis] (custom)
2019-09-17 06:06:25,702 [pool-67-thread-1] INFO  server.RaftServerConfigKeys (ConfUtils.java:logGet(43)) - raft.server.rpc.timeout.max = 5200ms (custom)
2019-09-17 06:06:25,702 [pool-67-thread-1] INFO  server.RaftServerConfigKeys (ConfUtils.java:logGet(43)) - raft.server.rpcslowness.timeout = 120s (custom)
2019-09-17 06:06:25,703 [pool-67-thread-1] INFO  server.RaftServerConfigKeys (ConfUtils.java:logGet(43)) - raft.server.sleep.deviation.threshold = 300 (default)
2019-09-17 06:06:25,703 [pool-67-thread-1] INFO  server.RaftServerConfigKeys (ConfUtils.java:logGet(43)) - raft.server.log.appender.install.snapshot.enabled = false (custom)
2019-09-17 06:06:25,703 [pool-47-thread-1] INFO  impl.RaftServerImpl (RaftServerImpl.java:<init>(95)) - 7b82b5c3-1af5-4aef-b0e5-9bbd5ece1c94: new RaftServerImpl for group-84A24B929A8B:[2a8a7cd7-06bf-4db7-87f4-48062698d858:192.168.34.7:44927, 7b82b5c3-1af5-4aef-b0e5-9bbd5ece1c94:192.168.34.7:38196, e93b3770-42ff-4133-989c-2c3f555af44b:192.168.34.7:44979] with ContainerStateMachine:uninitialized
2019-09-17 06:06:25,703 [pool-37-thread-1] INFO  storage.RaftStorageDirectory (RaftStorageDirectory.java:analyzeStorage(246)) - The storage directory /workdir/hadoop-ozone/integration-test/target/test-dir/MiniOzoneClusterImpl-9c1dcb1a-3312-40b8-b485-08dcdfac2e9c/datanode-1/data/ratis/ffd8630b-a820-4999-8eee-84a24b929a8b does not exist. Creating ...
2019-09-17 06:06:25,703 [pool-47-thread-1] INFO  server.RaftServerConfigKeys (ConfUtils.java:logGet(43)) - raft.server.rpc.timeout.min = 5s (custom)
2019-09-17 06:06:25,703 [pool-67-thread-1] INFO  impl.RaftServerImpl (ServerState.java:<init>(103)) - 2a8a7cd7-06bf-4db7-87f4-48062698d858@group-84A24B929A8B: ConfigurationManager, init=-1: [2a8a7cd7-06bf-4db7-87f4-48062698d858:192.168.34.7:44927, 7b82b5c3-1af5-4aef-b0e5-9bbd5ece1c94:192.168.34.7:38196, e93b3770-42ff-4133-989c-2c3f555af44b:192.168.34.7:44979], old=null, confs=<EMPTY_MAP>
2019-09-17 06:06:25,703 [pool-47-thread-1] INFO  server.RaftServerConfigKeys (ConfUtils.java:logGet(43)) - raft.server.rpc.timeout.max = 5200ms (custom)
2019-09-17 06:06:25,704 [pool-67-thread-1] INFO  server.RaftServerConfigKeys (ConfUtils.java:logGet(43)) - raft.server.storage.dir = [/workdir/hadoop-ozone/integration-test/target/test-dir/MiniOzoneClusterImpl-9c1dcb1a-3312-40b8-b485-08dcdfac2e9c/datanode-4/data/ratis] (custom)
2019-09-17 06:06:25,704 [pool-47-thread-1] INFO  server.RaftServerConfigKeys (ConfUtils.java:logGet(43)) - raft.server.rpcslowness.timeout = 120s (custom)
2019-09-17 06:06:25,704 [pool-47-thread-1] INFO  server.RaftServerConfigKeys (ConfUtils.java:logGet(43)) - raft.server.sleep.deviation.threshold = 300 (default)
2019-09-17 06:06:25,704 [pool-67-thread-1] INFO  storage.RaftStorageDirectory (RaftStorageDirectory.java:analyzeStorage(246)) - The storage directory /workdir/hadoop-ozone/integration-test/target/test-dir/MiniOzoneClusterImpl-9c1dcb1a-3312-40b8-b485-08dcdfac2e9c/datanode-4/data/ratis/ffd8630b-a820-4999-8eee-84a24b929a8b does not exist. Creating ...
2019-09-17 06:06:25,704 [pool-47-thread-1] INFO  server.RaftServerConfigKeys (ConfUtils.java:logGet(43)) - raft.server.log.appender.install.snapshot.enabled = false (custom)
2019-09-17 06:06:25,704 [pool-47-thread-1] INFO  impl.RaftServerImpl (ServerState.java:<init>(103)) - 7b82b5c3-1af5-4aef-b0e5-9bbd5ece1c94@group-84A24B929A8B: ConfigurationManager, init=-1: [2a8a7cd7-06bf-4db7-87f4-48062698d858:192.168.34.7:44927, 7b82b5c3-1af5-4aef-b0e5-9bbd5ece1c94:192.168.34.7:38196, e93b3770-42ff-4133-989c-2c3f555af44b:192.168.34.7:44979], old=null, confs=<EMPTY_MAP>
2019-09-17 06:06:25,705 [pool-47-thread-1] INFO  server.RaftServerConfigKeys (ConfUtils.java:logGet(43)) - raft.server.storage.dir = [/workdir/hadoop-ozone/integration-test/target/test-dir/MiniOzoneClusterImpl-9c1dcb1a-3312-40b8-b485-08dcdfac2e9c/datanode-2/data/ratis] (custom)
2019-09-17 06:06:25,705 [pool-47-thread-1] INFO  storage.RaftStorageDirectory (RaftStorageDirectory.java:analyzeStorage(246)) - The storage directory /workdir/hadoop-ozone/integration-test/target/test-dir/MiniOzoneClusterImpl-9c1dcb1a-3312-40b8-b485-08dcdfac2e9c/datanode-2/data/ratis/ffd8630b-a820-4999-8eee-84a24b929a8b does not exist. Creating ...
2019-09-17 06:06:25,707 [grpc-default-executor-6] INFO  interfaces.Container (KeyValueContainer.java:flushAndSyncDB(386)) - Container 6 is synced with bcsId 13.
2019-09-17 06:06:25,707 [grpc-default-executor-2] INFO  interfaces.Container (KeyValueContainer.java:flushAndSyncDB(386)) - Container 6 is synced with bcsId 13.
2019-09-17 06:06:25,707 [grpc-default-executor-1] INFO  interfaces.Container (KeyValueContainer.java:flushAndSyncDB(386)) - Container 6 is synced with bcsId 13.
2019-09-17 06:06:25,708 [grpc-default-executor-2] INFO  interfaces.Container (KeyValueContainer.java:flushAndSyncDB(386)) - Container 6 is synced with bcsId 13.
2019-09-17 06:06:25,707 [grpc-default-executor-6] INFO  interfaces.Container (KeyValueContainer.java:flushAndSyncDB(386)) - Container 6 is synced with bcsId 13.
2019-09-17 06:06:25,708 [grpc-default-executor-1] INFO  interfaces.Container (KeyValueContainer.java:flushAndSyncDB(386)) - Container 6 is synced with bcsId 13.
2019-09-17 06:06:25,710 [pool-67-thread-1] INFO  storage.RaftStorageDirectory (RaftStorageDirectory.java:tryLock(328)) - Lock on /workdir/hadoop-ozone/integration-test/target/test-dir/MiniOzoneClusterImpl-9c1dcb1a-3312-40b8-b485-08dcdfac2e9c/datanode-4/data/ratis/ffd8630b-a820-4999-8eee-84a24b929a8b/in_use.lock acquired by nodename 8438@pr-hdds-2132-5g9kv-3389001449
2019-09-17 06:06:25,710 [pool-47-thread-1] INFO  storage.RaftStorageDirectory (RaftStorageDirectory.java:tryLock(328)) - Lock on /workdir/hadoop-ozone/integration-test/target/test-dir/MiniOzoneClusterImpl-9c1dcb1a-3312-40b8-b485-08dcdfac2e9c/datanode-2/data/ratis/ffd8630b-a820-4999-8eee-84a24b929a8b/in_use.lock acquired by nodename 8438@pr-hdds-2132-5g9kv-3389001449
2019-09-17 06:06:25,710 [pool-37-thread-1] INFO  storage.RaftStorageDirectory (RaftStorageDirectory.java:tryLock(328)) - Lock on /workdir/hadoop-ozone/integration-test/target/test-dir/MiniOzoneClusterImpl-9c1dcb1a-3312-40b8-b485-08dcdfac2e9c/datanode-1/data/ratis/ffd8630b-a820-4999-8eee-84a24b929a8b/in_use.lock acquired by nodename 8438@pr-hdds-2132-5g9kv-3389001449
2019-09-17 06:06:25,716 [pool-47-thread-1] INFO  storage.RaftStorage (RaftStorage.java:format(72)) - Storage directory /workdir/hadoop-ozone/integration-test/target/test-dir/MiniOzoneClusterImpl-9c1dcb1a-3312-40b8-b485-08dcdfac2e9c/datanode-2/data/ratis/ffd8630b-a820-4999-8eee-84a24b929a8b has been successfully formatted.
2019-09-17 06:06:25,716 [pool-67-thread-1] INFO  storage.RaftStorage (RaftStorage.java:format(72)) - Storage directory /workdir/hadoop-ozone/integration-test/target/test-dir/MiniOzoneClusterImpl-9c1dcb1a-3312-40b8-b485-08dcdfac2e9c/datanode-4/data/ratis/ffd8630b-a820-4999-8eee-84a24b929a8b has been successfully formatted.
2019-09-17 06:06:25,716 [pool-37-thread-1] INFO  storage.RaftStorage (RaftStorage.java:format(72)) - Storage directory /workdir/hadoop-ozone/integration-test/target/test-dir/MiniOzoneClusterImpl-9c1dcb1a-3312-40b8-b485-08dcdfac2e9c/datanode-1/data/ratis/ffd8630b-a820-4999-8eee-84a24b929a8b has been successfully formatted.
2019-09-17 06:06:25,716 [pool-67-thread-1] INFO  ratis.ContainerStateMachine (ContainerStateMachine.java:loadSnapshot(230)) - group-84A24B929A8B: The snapshot info is null. Setting the last applied indexto:(t:0, i:~)
2019-09-17 06:06:25,716 [pool-47-thread-1] INFO  ratis.ContainerStateMachine (ContainerStateMachine.java:loadSnapshot(230)) - group-84A24B929A8B: The snapshot info is null. Setting the last applied indexto:(t:0, i:~)
2019-09-17 06:06:25,717 [EventQueue-IncrementalContainerReportForIncrementalContainerReportHandler] INFO  container.IncrementalContainerReportHandler (AbstractContainerReportHandler.java:updateContainerState(169)) - Moving container #6 to QUASI_CLOSED state, datanode e93b3770-42ff-4133-989c-2c3f555af44b{ip: 192.168.34.7, host: pr-hdds-2132-5g9kv-3389001449, networkLocation: /default-rack, certSerialId: null} reported QUASI_CLOSED replica.
2019-09-17 06:06:25,717 [pool-67-thread-1] INFO  server.RaftServerConfigKeys (ConfUtils.java:logGet(43)) - raft.server.notification.no-leader.timeout = 120s (custom)
2019-09-17 06:06:25,717 [pool-37-thread-1] INFO  ratis.ContainerStateMachine (ContainerStateMachine.java:loadSnapshot(230)) - group-84A24B929A8B: The snapshot info is null. Setting the last applied indexto:(t:0, i:~)
2019-09-17 06:06:25,717 [pool-67-thread-1] INFO  server.RaftServerConfigKeys (ConfUtils.java:logGet(43)) - raft.server.log.use.memory = false (default)
2019-09-17 06:06:25,717 [pool-47-thread-1] INFO  server.RaftServerConfigKeys (ConfUtils.java:logGet(43)) - raft.server.notification.no-leader.timeout = 120s (custom)
2019-09-17 06:06:25,718 [pool-67-thread-1] INFO  server.RaftServerConfigKeys (ConfUtils.java:logGet(43)) - raft.server.log.purge.gap = 1000000 (custom)
2019-09-17 06:06:25,718 [pool-37-thread-1] INFO  server.RaftServerConfigKeys (ConfUtils.java:logGet(43)) - raft.server.notification.no-leader.timeout = 120s (custom)
2019-09-17 06:06:25,718 [pool-67-thread-1] INFO  server.RaftServerConfigKeys (ConfUtils.java:logGet(43)) - raft.server.log.appender.buffer.byte-limit = 33554432 (custom)
2019-09-17 06:06:25,718 [pool-47-thread-1] INFO  server.RaftServerConfigKeys (ConfUtils.java:logGet(43)) - raft.server.log.use.memory = false (default)
2019-09-17 06:06:25,718 [pool-67-thread-1] INFO  server.RaftServerConfigKeys (ConfUtils.java:logGet(43)) - raft.server.log.segment.size.max = 1048576 (custom)
2019-09-17 06:06:25,718 [pool-37-thread-1] INFO  server.RaftServerConfigKeys (ConfUtils.java:logGet(43)) - raft.server.log.use.memory = false (default)
2019-09-17 06:06:25,719 [pool-67-thread-1] INFO  server.RaftServerConfigKeys (ConfUtils.java:logGet(43)) - raft.server.log.segment.cache.num.max = 2 (custom)
2019-09-17 06:06:25,719 [pool-47-thread-1] INFO  server.RaftServerConfigKeys (ConfUtils.java:logGet(43)) - raft.server.log.purge.gap = 1000000 (custom)
2019-09-17 06:06:25,719 [pool-67-thread-1] INFO  segmented.SegmentedRaftLogWorker (SegmentedRaftLogWorker.java:<init>(172)) - new 2a8a7cd7-06bf-4db7-87f4-48062698d858@group-84A24B929A8B-SegmentedRaftLogWorker for RaftStorage:Storage Directory /workdir/hadoop-ozone/integration-test/target/test-dir/MiniOzoneClusterImpl-9c1dcb1a-3312-40b8-b485-08dcdfac2e9c/datanode-4/data/ratis/ffd8630b-a820-4999-8eee-84a24b929a8b
2019-09-17 06:06:25,719 [pool-37-thread-1] INFO  server.RaftServerConfigKeys (ConfUtils.java:logGet(43)) - raft.server.log.purge.gap = 1000000 (custom)
2019-09-17 06:06:25,719 [pool-47-thread-1] INFO  server.RaftServerConfigKeys (ConfUtils.java:logGet(43)) - raft.server.log.appender.buffer.byte-limit = 33554432 (custom)
2019-09-17 06:06:25,720 [pool-37-thread-1] INFO  server.RaftServerConfigKeys (ConfUtils.java:logGet(43)) - raft.server.log.appender.buffer.byte-limit = 33554432 (custom)
2019-09-17 06:06:25,720 [pool-67-thread-1] INFO  server.RaftServerConfigKeys (ConfUtils.java:logGet(43)) - raft.server.log.queue.byte-limit = 2147483647 (custom)
2019-09-17 06:06:25,720 [pool-47-thread-1] INFO  server.RaftServerConfigKeys (ConfUtils.java:logGet(43)) - raft.server.log.segment.size.max = 1048576 (custom)
2019-09-17 06:06:25,720 [pool-67-thread-1] INFO  server.RaftServerConfigKeys (ConfUtils.java:logGet(43)) - raft.server.log.queue.element-limit = 1024 (custom)
2019-09-17 06:06:25,720 [pool-37-thread-1] INFO  server.RaftServerConfigKeys (ConfUtils.java:logGet(43)) - raft.server.log.segment.size.max = 1048576 (custom)
2019-09-17 06:06:25,720 [pool-67-thread-1] INFO  server.RaftServerConfigKeys (ConfUtils.java:logGet(43)) - raft.server.log.segment.size.max = 1048576 (custom)
2019-09-17 06:06:25,720 [pool-47-thread-1] INFO  server.RaftServerConfigKeys (ConfUtils.java:logGet(43)) - raft.server.log.segment.cache.num.max = 2 (custom)
2019-09-17 06:06:25,721 [pool-67-thread-1] INFO  server.RaftServerConfigKeys (ConfUtils.java:logGet(43)) - raft.server.log.preallocated.size = 16384 (custom)
2019-09-17 06:06:25,721 [pool-37-thread-1] INFO  server.RaftServerConfigKeys (ConfUtils.java:logGet(43)) - raft.server.log.segment.cache.num.max = 2 (custom)
2019-09-17 06:06:25,721 [pool-67-thread-1] INFO  server.RaftServerConfigKeys (ConfUtils.java:logGet(43)) - raft.server.log.write.buffer.size = 33554432 (custom)
2019-09-17 06:06:25,721 [pool-47-thread-1] INFO  segmented.SegmentedRaftLogWorker (SegmentedRaftLogWorker.java:<init>(172)) - new 7b82b5c3-1af5-4aef-b0e5-9bbd5ece1c94@group-84A24B929A8B-SegmentedRaftLogWorker for RaftStorage:Storage Directory /workdir/hadoop-ozone/integration-test/target/test-dir/MiniOzoneClusterImpl-9c1dcb1a-3312-40b8-b485-08dcdfac2e9c/datanode-2/data/ratis/ffd8630b-a820-4999-8eee-84a24b929a8b
2019-09-17 06:06:25,721 [pool-67-thread-1] INFO  server.RaftServerConfigKeys (ConfUtils.java:logGet(43)) - raft.server.log.force.sync.num = 128 (default)
2019-09-17 06:06:25,721 [pool-37-thread-1] INFO  segmented.SegmentedRaftLogWorker (SegmentedRaftLogWorker.java:<init>(172)) - new e93b3770-42ff-4133-989c-2c3f555af44b@group-84A24B929A8B-SegmentedRaftLogWorker for RaftStorage:Storage Directory /workdir/hadoop-ozone/integration-test/target/test-dir/MiniOzoneClusterImpl-9c1dcb1a-3312-40b8-b485-08dcdfac2e9c/datanode-1/data/ratis/ffd8630b-a820-4999-8eee-84a24b929a8b
2019-09-17 06:06:25,721 [pool-67-thread-1] INFO  server.RaftServerConfigKeys (ConfUtils.java:logGet(43)) - raft.server.log.statemachine.data.sync = true (default)
2019-09-17 06:06:25,721 [pool-47-thread-1] INFO  server.RaftServerConfigKeys (ConfUtils.java:logGet(43)) - raft.server.log.queue.byte-limit = 2147483647 (custom)
2019-09-17 06:06:25,722 [pool-67-thread-1] INFO  server.RaftServerConfigKeys (ConfUtils.java:logGet(43)) - raft.server.log.statemachine.data.sync.timeout = 10s (default)
2019-09-17 06:06:25,722 [pool-37-thread-1] INFO  server.RaftServerConfigKeys (ConfUtils.java:logGet(43)) - raft.server.log.queue.byte-limit = 2147483647 (custom)
2019-09-17 06:06:25,722 [pool-67-thread-1] INFO  server.RaftServerConfigKeys (ConfUtils.java:logGet(43)) - raft.server.log.statemachine.data.sync.timeout.retry = -1 (default)
2019-09-17 06:06:25,722 [pool-47-thread-1] INFO  server.RaftServerConfigKeys (ConfUtils.java:logGet(43)) - raft.server.log.queue.element-limit = 1024 (custom)
2019-09-17 06:06:25,722 [pool-67-thread-1] INFO  server.RaftServerConfigKeys (ConfUtils.java:logGet(43)) - raft.server.log.statemachine.data.caching.enabled = true (custom)
2019-09-17 06:06:25,722 [pool-37-thread-1] INFO  server.RaftServerConfigKeys (ConfUtils.java:logGet(43)) - raft.server.log.queue.element-limit = 1024 (custom)
2019-09-17 06:06:25,722 [pool-47-thread-1] INFO  server.RaftServerConfigKeys (ConfUtils.java:logGet(43)) - raft.server.log.segment.size.max = 1048576 (custom)
2019-09-17 06:06:25,723 [pool-37-thread-1] INFO  server.RaftServerConfigKeys (ConfUtils.java:logGet(43)) - raft.server.log.segment.size.max = 1048576 (custom)
2019-09-17 06:06:25,723 [pool-47-thread-1] INFO  server.RaftServerConfigKeys (ConfUtils.java:logGet(43)) - raft.server.log.preallocated.size = 16384 (custom)
2019-09-17 06:06:25,723 [pool-37-thread-1] INFO  server.RaftServerConfigKeys (ConfUtils.java:logGet(43)) - raft.server.log.preallocated.size = 16384 (custom)
2019-09-17 06:06:25,723 [pool-47-thread-1] INFO  server.RaftServerConfigKeys (ConfUtils.java:logGet(43)) - raft.server.log.write.buffer.size = 33554432 (custom)
2019-09-17 06:06:25,723 [pool-67-thread-1] INFO  segmented.SegmentedRaftLogWorker (SegmentedRaftLogWorker.java:lambda$new$0(132)) - 2a8a7cd7-06bf-4db7-87f4-48062698d858@group-84A24B929A8B-SegmentedRaftLogWorker: flushIndex: setUnconditionally 0 -> -1
2019-09-17 06:06:25,723 [pool-37-thread-1] INFO  server.RaftServerConfigKeys (ConfUtils.java:logGet(43)) - raft.server.log.write.buffer.size = 33554432 (custom)
2019-09-17 06:06:25,723 [pool-47-thread-1] INFO  server.RaftServerConfigKeys (ConfUtils.java:logGet(43)) - raft.server.log.force.sync.num = 128 (default)
2019-09-17 06:06:25,724 [pool-67-thread-1] INFO  server.RaftServerConfigKeys (ConfUtils.java:logGet(43)) - raft.server.snapshot.auto.trigger.enabled = true (custom)
2019-09-17 06:06:25,724 [pool-37-thread-1] INFO  server.RaftServerConfigKeys (ConfUtils.java:logGet(43)) - raft.server.log.force.sync.num = 128 (default)
2019-09-17 06:06:25,724 [pool-67-thread-1] INFO  server.RaftServerConfigKeys (ConfUtils.java:logGet(43)) - raft.server.snapshot.auto.trigger.threshold = 10000 (custom)
2019-09-17 06:06:25,724 [pool-47-thread-1] INFO  server.RaftServerConfigKeys (ConfUtils.java:logGet(43)) - raft.server.log.statemachine.data.sync = true (default)
2019-09-17 06:06:25,724 [pool-67-thread-1] INFO  server.RaftServerConfigKeys (ConfUtils.java:logGet(43)) - raft.server.snapshot.retention.num.files = 5 (custom)
2019-09-17 06:06:25,724 [pool-37-thread-1] INFO  server.RaftServerConfigKeys (ConfUtils.java:logGet(43)) - raft.server.log.statemachine.data.sync = true (default)
2019-09-17 06:06:25,724 [pool-67-thread-1] INFO  server.RaftServerConfigKeys (ConfUtils.java:logGet(43)) - raft.server.retrycache.expirytime = 600000ms (custom)
2019-09-17 06:06:25,724 [pool-47-thread-1] INFO  server.RaftServerConfigKeys (ConfUtils.java:logGet(43)) - raft.server.log.statemachine.data.sync.timeout = 10s (default)
2019-09-17 06:06:25,724 [pool-37-thread-1] INFO  server.RaftServerConfigKeys (ConfUtils.java:logGet(43)) - raft.server.log.statemachine.data.sync.timeout = 10s (default)
2019-09-17 06:06:25,725 [pool-47-thread-1] INFO  server.RaftServerConfigKeys (ConfUtils.java:logGet(43)) - raft.server.log.statemachine.data.sync.timeout.retry = -1 (default)
2019-09-17 06:06:25,725 [pool-37-thread-1] INFO  server.RaftServerConfigKeys (ConfUtils.java:logGet(43)) - raft.server.log.statemachine.data.sync.timeout.retry = -1 (default)
2019-09-17 06:06:25,725 [pool-47-thread-1] INFO  server.RaftServerConfigKeys (ConfUtils.java:logGet(43)) - raft.server.log.statemachine.data.caching.enabled = true (custom)
2019-09-17 06:06:25,725 [pool-37-thread-1] INFO  server.RaftServerConfigKeys (ConfUtils.java:logGet(43)) - raft.server.log.statemachine.data.caching.enabled = true (custom)
2019-09-17 06:06:25,725 [pool-47-thread-1] INFO  segmented.SegmentedRaftLogWorker (SegmentedRaftLogWorker.java:lambda$new$0(132)) - 7b82b5c3-1af5-4aef-b0e5-9bbd5ece1c94@group-84A24B929A8B-SegmentedRaftLogWorker: flushIndex: setUnconditionally 0 -> -1
2019-09-17 06:06:25,726 [pool-37-thread-1] INFO  segmented.SegmentedRaftLogWorker (SegmentedRaftLogWorker.java:lambda$new$0(132)) - e93b3770-42ff-4133-989c-2c3f555af44b@group-84A24B929A8B-SegmentedRaftLogWorker: flushIndex: setUnconditionally 0 -> -1
2019-09-17 06:06:25,726 [pool-47-thread-1] INFO  server.RaftServerConfigKeys (ConfUtils.java:logGet(43)) - raft.server.snapshot.auto.trigger.enabled = true (custom)
2019-09-17 06:06:25,726 [pool-47-thread-1] INFO  server.RaftServerConfigKeys (ConfUtils.java:logGet(43)) - raft.server.snapshot.auto.trigger.threshold = 10000 (custom)
2019-09-17 06:06:25,726 [pool-37-thread-1] INFO  server.RaftServerConfigKeys (ConfUtils.java:logGet(43)) - raft.server.snapshot.auto.trigger.enabled = true (custom)
2019-09-17 06:06:25,726 [pool-47-thread-1] INFO  server.RaftServerConfigKeys (ConfUtils.java:logGet(43)) - raft.server.snapshot.retention.num.files = 5 (custom)
2019-09-17 06:06:25,726 [pool-37-thread-1] INFO  server.RaftServerConfigKeys (ConfUtils.java:logGet(43)) - raft.server.snapshot.auto.trigger.threshold = 10000 (custom)
2019-09-17 06:06:25,726 [pool-47-thread-1] INFO  server.RaftServerConfigKeys (ConfUtils.java:logGet(43)) - raft.server.retrycache.expirytime = 600000ms (custom)
2019-09-17 06:06:25,727 [pool-37-thread-1] INFO  server.RaftServerConfigKeys (ConfUtils.java:logGet(43)) - raft.server.snapshot.retention.num.files = 5 (custom)
2019-09-17 06:06:25,727 [pool-37-thread-1] INFO  server.RaftServerConfigKeys (ConfUtils.java:logGet(43)) - raft.server.retrycache.expirytime = 600000ms (custom)
2019-09-17 06:06:25,728 [pool-67-thread-1] INFO  impl.RaftServerImpl (RaftServerImpl.java:start(185)) - 2a8a7cd7-06bf-4db7-87f4-48062698d858@group-84A24B929A8B: start as a follower, conf=-1: [2a8a7cd7-06bf-4db7-87f4-48062698d858:192.168.34.7:44927, 7b82b5c3-1af5-4aef-b0e5-9bbd5ece1c94:192.168.34.7:38196, e93b3770-42ff-4133-989c-2c3f555af44b:192.168.34.7:44979], old=null
2019-09-17 06:06:25,728 [pool-67-thread-1] INFO  impl.RaftServerImpl (RaftServerImpl.java:setRole(174)) - 2a8a7cd7-06bf-4db7-87f4-48062698d858@group-84A24B929A8B: changes role from      null to FOLLOWER at term 0 for startAsFollower
2019-09-17 06:06:25,729 [pool-67-thread-1] INFO  impl.RoleInfo (RoleInfo.java:updateAndGet(143)) - 2a8a7cd7-06bf-4db7-87f4-48062698d858: start FollowerState
2019-09-17 06:06:25,744 [pool-67-thread-1] INFO  util.JmxRegister (JmxRegister.java:tryRegister(44)) - Successfully registered JMX Bean with object name Ratis:service=RaftServer,group=group-84A24B929A8B,id=2a8a7cd7-06bf-4db7-87f4-48062698d858
2019-09-17 06:06:25,751 [pool-47-thread-1] INFO  impl.RaftServerImpl (RaftServerImpl.java:start(185)) - 7b82b5c3-1af5-4aef-b0e5-9bbd5ece1c94@group-84A24B929A8B: start as a follower, conf=-1: [2a8a7cd7-06bf-4db7-87f4-48062698d858:192.168.34.7:44927, 7b82b5c3-1af5-4aef-b0e5-9bbd5ece1c94:192.168.34.7:38196, e93b3770-42ff-4133-989c-2c3f555af44b:192.168.34.7:44979], old=null
2019-09-17 06:06:25,751 [pool-47-thread-1] INFO  impl.RaftServerImpl (RaftServerImpl.java:setRole(174)) - 7b82b5c3-1af5-4aef-b0e5-9bbd5ece1c94@group-84A24B929A8B: changes role from      null to FOLLOWER at term 0 for startAsFollower
2019-09-17 06:06:25,751 [pool-47-thread-1] INFO  impl.RoleInfo (RoleInfo.java:updateAndGet(143)) - 7b82b5c3-1af5-4aef-b0e5-9bbd5ece1c94: start FollowerState
2019-09-17 06:06:25,752 [pool-37-thread-1] INFO  impl.RaftServerImpl (RaftServerImpl.java:start(185)) - e93b3770-42ff-4133-989c-2c3f555af44b@group-84A24B929A8B: start as a follower, conf=-1: [2a8a7cd7-06bf-4db7-87f4-48062698d858:192.168.34.7:44927, 7b82b5c3-1af5-4aef-b0e5-9bbd5ece1c94:192.168.34.7:38196, e93b3770-42ff-4133-989c-2c3f555af44b:192.168.34.7:44979], old=null
2019-09-17 06:06:25,752 [pool-37-thread-1] INFO  impl.RaftServerImpl (RaftServerImpl.java:setRole(174)) - e93b3770-42ff-4133-989c-2c3f555af44b@group-84A24B929A8B: changes role from      null to FOLLOWER at term 0 for startAsFollower
2019-09-17 06:06:25,752 [pool-37-thread-1] INFO  impl.RoleInfo (RoleInfo.java:updateAndGet(143)) - e93b3770-42ff-4133-989c-2c3f555af44b: start FollowerState
2019-09-17 06:06:25,752 [pool-47-thread-1] INFO  util.JmxRegister (JmxRegister.java:tryRegister(44)) - Successfully registered JMX Bean with object name Ratis:service=RaftServer,group=group-84A24B929A8B,id=7b82b5c3-1af5-4aef-b0e5-9bbd5ece1c94
2019-09-17 06:06:25,752 [pool-37-thread-1] INFO  util.JmxRegister (JmxRegister.java:tryRegister(44)) - Successfully registered JMX Bean with object name Ratis:service=RaftServer,group=group-84A24B929A8B,id=e93b3770-42ff-4133-989c-2c3f555af44b
2019-09-17 06:06:25,754 [RatisPipelineUtilsThread] INFO  pipeline.PipelineStateManager (PipelineStateManager.java:addPipeline(56)) - Created pipeline Pipeline[ Id: ffd8630b-a820-4999-8eee-84a24b929a8b, Nodes: e93b3770-42ff-4133-989c-2c3f555af44b{ip: 192.168.34.7, host: pr-hdds-2132-5g9kv-3389001449, networkLocation: /default-rack, certSerialId: null}2a8a7cd7-06bf-4db7-87f4-48062698d858{ip: 192.168.34.7, host: pr-hdds-2132-5g9kv-3389001449, networkLocation: /default-rack, certSerialId: null}7b82b5c3-1af5-4aef-b0e5-9bbd5ece1c94{ip: 192.168.34.7, host: pr-hdds-2132-5g9kv-3389001449, networkLocation: /default-rack, certSerialId: null}, Type:RATIS, Factor:THREE, State:OPEN]
2019-09-17 06:06:25,759 [grpc-default-executor-2] WARN  server.GrpcLogAppender (GrpcLogAppender.java:onNextImpl(251)) - f6013552-a382-44c6-bdc3-8253bd9e054c@group-BB14ECC8E4AB->3ec0bce2-5a80-4efc-b2ca-bab81cc18a9f-AppendLogResponseHandler: Request not found, ignoring reply: f6013552-a382-44c6-bdc3-8253bd9e054c<-3ec0bce2-5a80-4efc-b2ca-bab81cc18a9f#90:OK,SUCCESS,nextIndex:6,term:1,followerCommit:4
2019-09-17 06:06:25,759 [grpc-default-executor-9] WARN  server.GrpcLogAppender (GrpcLogAppender.java:onNextImpl(251)) - f6013552-a382-44c6-bdc3-8253bd9e054c@group-BB14ECC8E4AB->c5233a29-19a6-42e1-869f-0cfd92a1650c-AppendLogResponseHandler: Request not found, ignoring reply: f6013552-a382-44c6-bdc3-8253bd9e054c<-c5233a29-19a6-42e1-869f-0cfd92a1650c#90:OK,SUCCESS,nextIndex:6,term:1,followerCommit:4
2019-09-17 06:06:25,759 [grpc-default-executor-2] WARN  server.GrpcLogAppender (GrpcLogAppender.java:onNextImpl(251)) - f6013552-a382-44c6-bdc3-8253bd9e054c@group-BB14ECC8E4AB->3ec0bce2-5a80-4efc-b2ca-bab81cc18a9f-AppendLogResponseHandler: Request not found, ignoring reply: f6013552-a382-44c6-bdc3-8253bd9e054c<-3ec0bce2-5a80-4efc-b2ca-bab81cc18a9f#91:OK,SUCCESS,nextIndex:6,term:1,followerCommit:4
2019-09-17 06:06:25,759 [grpc-default-executor-9] WARN  server.GrpcLogAppender (GrpcLogAppender.java:onNextImpl(251)) - f6013552-a382-44c6-bdc3-8253bd9e054c@group-BB14ECC8E4AB->c5233a29-19a6-42e1-869f-0cfd92a1650c-AppendLogResponseHandler: Request not found, ignoring reply: f6013552-a382-44c6-bdc3-8253bd9e054c<-c5233a29-19a6-42e1-869f-0cfd92a1650c#91:OK,SUCCESS,nextIndex:6,term:1,followerCommit:4
2019-09-17 06:06:25,759 [grpc-default-executor-2] WARN  server.GrpcLogAppender (GrpcLogAppender.java:onNextImpl(251)) - f6013552-a382-44c6-bdc3-8253bd9e054c@group-BB14ECC8E4AB->3ec0bce2-5a80-4efc-b2ca-bab81cc18a9f-AppendLogResponseHandler: Request not found, ignoring reply: f6013552-a382-44c6-bdc3-8253bd9e054c<-3ec0bce2-5a80-4efc-b2ca-bab81cc18a9f#92:OK,SUCCESS,nextIndex:6,term:1,followerCommit:4
2019-09-17 06:06:25,760 [grpc-default-executor-9] WARN  server.GrpcLogAppender (GrpcLogAppender.java:onNextImpl(251)) - f6013552-a382-44c6-bdc3-8253bd9e054c@group-BB14ECC8E4AB->c5233a29-19a6-42e1-869f-0cfd92a1650c-AppendLogResponseHandler: Request not found, ignoring reply: f6013552-a382-44c6-bdc3-8253bd9e054c<-c5233a29-19a6-42e1-869f-0cfd92a1650c#92:OK,SUCCESS,nextIndex:6,term:1,followerCommit:4
2019-09-17 06:06:25,773 [grpc-default-executor-6] INFO  interfaces.Container (KeyValueContainer.java:flushAndSyncDB(386)) - Container 8 is synced with bcsId 0.
2019-09-17 06:06:25,776 [grpc-default-executor-9] INFO  client.GrpcClientProtocolClient (GrpcClientProtocolClient.java:onNext(264)) - client-0087AA904E12->f6013552-a382-44c6-bdc3-8253bd9e054c: receive RaftClientReply:client-0087AA904E12->f6013552-a382-44c6-bdc3-8253bd9e054c@group-BB14ECC8E4AB, cid=237, SUCCESS, logIndex=5, commits[f6013552-a382-44c6-bdc3-8253bd9e054c:c5, c5233a29-19a6-42e1-869f-0cfd92a1650c:c4, 3ec0bce2-5a80-4efc-b2ca-bab81cc18a9f:c4]
2019-09-17 06:06:25,828 [grpc-default-executor-6] INFO  interfaces.Container (KeyValueContainer.java:flushAndSyncDB(386)) - Container 8 is synced with bcsId 0.
2019-09-17 06:06:25,844 [grpc-default-executor-1] INFO  interfaces.Container (KeyValueContainer.java:flushAndSyncDB(386)) - Container 8 is synced with bcsId 0.
2019-09-17 06:06:25,845 [grpc-default-executor-1] INFO  interfaces.Container (KeyValueContainer.java:flushAndSyncDB(386)) - Container 8 is synced with bcsId 0.
2019-09-17 06:06:25,868 [EventQueue-IncrementalContainerReportForIncrementalContainerReportHandler] INFO  container.IncrementalContainerReportHandler (AbstractContainerReportHandler.java:updateContainerState(169)) - Moving container #8 to QUASI_CLOSED state, datanode 2a8a7cd7-06bf-4db7-87f4-48062698d858{ip: 192.168.34.7, host: pr-hdds-2132-5g9kv-3389001449, networkLocation: /default-rack, certSerialId: null} reported QUASI_CLOSED replica.
2019-09-17 06:06:27,484 [grpc-default-executor-6] INFO  impl.RaftServerProxy (RaftServerProxy.java:remove(95)) - e93b3770-42ff-4133-989c-2c3f555af44b: remove group-3975FA4E760D:null
2019-09-17 06:06:27,487 [RatisPipelineUtilsThread] WARN  pipeline.RatisPipelineUtils (RatisPipelineUtils.java:destroyPipeline(66)) - Pipeline destroy failed for pipeline=PipelineID=a8605ba1-ede5-406f-87cf-3975fa4e760d dn=e93b3770-42ff-4133-989c-2c3f555af44b{ip: 192.168.34.7, host: pr-hdds-2132-5g9kv-3389001449, networkLocation: /default-rack, certSerialId: null}
2019-09-17 06:06:27,489 [grpc-default-executor-6] INFO  impl.RaftServerProxy (RaftServerProxy.java:remove(95)) - 2a8a7cd7-06bf-4db7-87f4-48062698d858: remove group-3975FA4E760D:null
2019-09-17 06:06:27,492 [RatisPipelineUtilsThread] WARN  pipeline.RatisPipelineUtils (RatisPipelineUtils.java:destroyPipeline(66)) - Pipeline destroy failed for pipeline=PipelineID=a8605ba1-ede5-406f-87cf-3975fa4e760d dn=2a8a7cd7-06bf-4db7-87f4-48062698d858{ip: 192.168.34.7, host: pr-hdds-2132-5g9kv-3389001449, networkLocation: /default-rack, certSerialId: null}
2019-09-17 06:06:27,494 [grpc-default-executor-6] INFO  impl.RaftServerProxy (RaftServerProxy.java:remove(95)) - 7b82b5c3-1af5-4aef-b0e5-9bbd5ece1c94: remove group-3975FA4E760D:null
2019-09-17 06:06:27,496 [RatisPipelineUtilsThread] WARN  pipeline.RatisPipelineUtils (RatisPipelineUtils.java:destroyPipeline(66)) - Pipeline destroy failed for pipeline=PipelineID=a8605ba1-ede5-406f-87cf-3975fa4e760d dn=7b82b5c3-1af5-4aef-b0e5-9bbd5ece1c94{ip: 192.168.34.7, host: pr-hdds-2132-5g9kv-3389001449, networkLocation: /default-rack, certSerialId: null}
2019-09-17 06:06:27,496 [RatisPipelineUtilsThread] ERROR pipeline.SCMPipelineManager (Scheduler.java:lambda$schedule$1(70)) - Destroy pipeline failed for pipeline:Pipeline[ Id: a8605ba1-ede5-406f-87cf-3975fa4e760d, Nodes: e93b3770-42ff-4133-989c-2c3f555af44b{ip: 192.168.34.7, host: pr-hdds-2132-5g9kv-3389001449, networkLocation: /default-rack, certSerialId: null}2a8a7cd7-06bf-4db7-87f4-48062698d858{ip: 192.168.34.7, host: pr-hdds-2132-5g9kv-3389001449, networkLocation: /default-rack, certSerialId: null}7b82b5c3-1af5-4aef-b0e5-9bbd5ece1c94{ip: 192.168.34.7, host: pr-hdds-2132-5g9kv-3389001449, networkLocation: /default-rack, certSerialId: null}, Type:RATIS, Factor:THREE, State:CLOSED]
org.apache.hadoop.hdds.scm.pipeline.PipelineNotFoundException: PipelineID=a8605ba1-ede5-406f-87cf-3975fa4e760d not found
	at org.apache.hadoop.hdds.scm.pipeline.PipelineStateMap.getPipeline(PipelineStateMap.java:132)
	at org.apache.hadoop.hdds.scm.pipeline.PipelineStateMap.removePipeline(PipelineStateMap.java:322)
	at org.apache.hadoop.hdds.scm.pipeline.PipelineStateManager.removePipeline(PipelineStateManager.java:107)
	at org.apache.hadoop.hdds.scm.pipeline.SCMPipelineManager.removePipeline(SCMPipelineManager.java:423)
	at org.apache.hadoop.hdds.scm.pipeline.SCMPipelineManager.destroyPipeline(SCMPipelineManager.java:409)
	at org.apache.hadoop.hdds.scm.pipeline.SCMPipelineManager.lambda$finalizeAndDestroyPipeline$0(SCMPipelineManager.java:318)
	at org.apache.hadoop.utils.Scheduler.lambda$schedule$1(Scheduler.java:68)
	at java.util.concurrent.Executors$RunnableAdapter.call(Executors.java:511)
	at java.util.concurrent.FutureTask.run(FutureTask.java:266)
	at java.util.concurrent.ScheduledThreadPoolExecutor$ScheduledFutureTask.access$201(ScheduledThreadPoolExecutor.java:180)
	at java.util.concurrent.ScheduledThreadPoolExecutor$ScheduledFutureTask.run(ScheduledThreadPoolExecutor.java:293)
	at java.util.concurrent.ThreadPoolExecutor.runWorker(ThreadPoolExecutor.java:1149)
	at java.util.concurrent.ThreadPoolExecutor$Worker.run(ThreadPoolExecutor.java:624)
	at java.lang.Thread.run(Thread.java:748)
2019-09-17 06:06:30,482 [grpc-default-executor-6] INFO  impl.RaftServerProxy (RaftServerProxy.java:remove(95)) - e93b3770-42ff-4133-989c-2c3f555af44b: remove group-3975FA4E760D:null
2019-09-17 06:06:30,485 [RatisPipelineUtilsThread] WARN  pipeline.RatisPipelineUtils (RatisPipelineUtils.java:destroyPipeline(66)) - Pipeline destroy failed for pipeline=PipelineID=a8605ba1-ede5-406f-87cf-3975fa4e760d dn=e93b3770-42ff-4133-989c-2c3f555af44b{ip: 192.168.34.7, host: pr-hdds-2132-5g9kv-3389001449, networkLocation: /default-rack, certSerialId: null}
2019-09-17 06:06:30,489 [grpc-default-executor-6] INFO  impl.RaftServerProxy (RaftServerProxy.java:remove(95)) - 2a8a7cd7-06bf-4db7-87f4-48062698d858: remove group-3975FA4E760D:null
2019-09-17 06:06:30,491 [RatisPipelineUtilsThread] WARN  pipeline.RatisPipelineUtils (RatisPipelineUtils.java:destroyPipeline(66)) - Pipeline destroy failed for pipeline=PipelineID=a8605ba1-ede5-406f-87cf-3975fa4e760d dn=2a8a7cd7-06bf-4db7-87f4-48062698d858{ip: 192.168.34.7, host: pr-hdds-2132-5g9kv-3389001449, networkLocation: /default-rack, certSerialId: null}
2019-09-17 06:06:30,493 [grpc-default-executor-6] INFO  impl.RaftServerProxy (RaftServerProxy.java:remove(95)) - 7b82b5c3-1af5-4aef-b0e5-9bbd5ece1c94: remove group-3975FA4E760D:null
2019-09-17 06:06:30,496 [RatisPipelineUtilsThread] WARN  pipeline.RatisPipelineUtils (RatisPipelineUtils.java:destroyPipeline(66)) - Pipeline destroy failed for pipeline=PipelineID=a8605ba1-ede5-406f-87cf-3975fa4e760d dn=7b82b5c3-1af5-4aef-b0e5-9bbd5ece1c94{ip: 192.168.34.7, host: pr-hdds-2132-5g9kv-3389001449, networkLocation: /default-rack, certSerialId: null}
2019-09-17 06:06:30,496 [RatisPipelineUtilsThread] ERROR pipeline.SCMPipelineManager (Scheduler.java:lambda$schedule$1(70)) - Destroy pipeline failed for pipeline:Pipeline[ Id: a8605ba1-ede5-406f-87cf-3975fa4e760d, Nodes: e93b3770-42ff-4133-989c-2c3f555af44b{ip: 192.168.34.7, host: pr-hdds-2132-5g9kv-3389001449, networkLocation: /default-rack, certSerialId: null}2a8a7cd7-06bf-4db7-87f4-48062698d858{ip: 192.168.34.7, host: pr-hdds-2132-5g9kv-3389001449, networkLocation: /default-rack, certSerialId: null}7b82b5c3-1af5-4aef-b0e5-9bbd5ece1c94{ip: 192.168.34.7, host: pr-hdds-2132-5g9kv-3389001449, networkLocation: /default-rack, certSerialId: null}, Type:RATIS, Factor:THREE, State:CLOSED]
org.apache.hadoop.hdds.scm.pipeline.PipelineNotFoundException: PipelineID=a8605ba1-ede5-406f-87cf-3975fa4e760d not found
	at org.apache.hadoop.hdds.scm.pipeline.PipelineStateMap.getPipeline(PipelineStateMap.java:132)
	at org.apache.hadoop.hdds.scm.pipeline.PipelineStateMap.removePipeline(PipelineStateMap.java:322)
	at org.apache.hadoop.hdds.scm.pipeline.PipelineStateManager.removePipeline(PipelineStateManager.java:107)
	at org.apache.hadoop.hdds.scm.pipeline.SCMPipelineManager.removePipeline(SCMPipelineManager.java:423)
	at org.apache.hadoop.hdds.scm.pipeline.SCMPipelineManager.destroyPipeline(SCMPipelineManager.java:409)
	at org.apache.hadoop.hdds.scm.pipeline.SCMPipelineManager.lambda$finalizeAndDestroyPipeline$0(SCMPipelineManager.java:318)
	at org.apache.hadoop.utils.Scheduler.lambda$schedule$1(Scheduler.java:68)
	at java.util.concurrent.Executors$RunnableAdapter.call(Executors.java:511)
	at java.util.concurrent.FutureTask.run(FutureTask.java:266)
	at java.util.concurrent.ScheduledThreadPoolExecutor$ScheduledFutureTask.access$201(ScheduledThreadPoolExecutor.java:180)
	at java.util.concurrent.ScheduledThreadPoolExecutor$ScheduledFutureTask.run(ScheduledThreadPoolExecutor.java:293)
	at java.util.concurrent.ThreadPoolExecutor.runWorker(ThreadPoolExecutor.java:1149)
	at java.util.concurrent.ThreadPoolExecutor$Worker.run(ThreadPoolExecutor.java:624)
	at java.lang.Thread.run(Thread.java:748)
2019-09-17 06:06:30,772 [Thread-2108] INFO  impl.FollowerState (FollowerState.java:run(106)) - 2a8a7cd7-06bf-4db7-87f4-48062698d858:group-84A24B929A8B changes to CANDIDATE, lastRpcTime:5043, electionTimeout:5043ms
2019-09-17 06:06:30,772 [Thread-2108] INFO  impl.RoleInfo (RoleInfo.java:shutdownFollowerState(121)) - 2a8a7cd7-06bf-4db7-87f4-48062698d858: shutdown FollowerState
2019-09-17 06:06:30,772 [Thread-2108] INFO  impl.RaftServerImpl (RaftServerImpl.java:setRole(174)) - 2a8a7cd7-06bf-4db7-87f4-48062698d858@group-84A24B929A8B: changes role from  FOLLOWER to CANDIDATE at term 0 for changeToCandidate
2019-09-17 06:06:30,773 [Thread-2108] INFO  impl.RoleInfo (RoleInfo.java:updateAndGet(143)) - 2a8a7cd7-06bf-4db7-87f4-48062698d858: start LeaderElection
2019-09-17 06:06:30,829 [Thread-2110] INFO  impl.FollowerState (FollowerState.java:run(106)) - 7b82b5c3-1af5-4aef-b0e5-9bbd5ece1c94:group-84A24B929A8B changes to CANDIDATE, lastRpcTime:5076, electionTimeout:5076ms
2019-09-17 06:06:30,830 [Thread-2110] INFO  impl.RoleInfo (RoleInfo.java:shutdownFollowerState(121)) - 7b82b5c3-1af5-4aef-b0e5-9bbd5ece1c94: shutdown FollowerState
2019-09-17 06:06:30,830 [Thread-2110] INFO  impl.RaftServerImpl (RaftServerImpl.java:setRole(174)) - 7b82b5c3-1af5-4aef-b0e5-9bbd5ece1c94@group-84A24B929A8B: changes role from  FOLLOWER to CANDIDATE at term 0 for changeToCandidate
2019-09-17 06:06:30,830 [Thread-2110] INFO  impl.RoleInfo (RoleInfo.java:updateAndGet(143)) - 7b82b5c3-1af5-4aef-b0e5-9bbd5ece1c94: start LeaderElection
2019-09-17 06:06:30,881 [2a8a7cd7-06bf-4db7-87f4-48062698d858@group-84A24B929A8B:LeaderElection18] INFO  impl.LeaderElection (LeaderElection.java:askForVotes(182)) - 2a8a7cd7-06bf-4db7-87f4-48062698d858@group-84A24B929A8B:LeaderElection18: begin an election at term 1 for -1: [2a8a7cd7-06bf-4db7-87f4-48062698d858:192.168.34.7:44927, 7b82b5c3-1af5-4aef-b0e5-9bbd5ece1c94:192.168.34.7:38196, e93b3770-42ff-4133-989c-2c3f555af44b:192.168.34.7:44979], old=null
2019-09-17 06:06:30,882 [7b82b5c3-1af5-4aef-b0e5-9bbd5ece1c94@group-84A24B929A8B:LeaderElection19] INFO  impl.LeaderElection (LeaderElection.java:askForVotes(182)) - 7b82b5c3-1af5-4aef-b0e5-9bbd5ece1c94@group-84A24B929A8B:LeaderElection19: begin an election at term 1 for -1: [2a8a7cd7-06bf-4db7-87f4-48062698d858:192.168.34.7:44927, 7b82b5c3-1af5-4aef-b0e5-9bbd5ece1c94:192.168.34.7:38196, e93b3770-42ff-4133-989c-2c3f555af44b:192.168.34.7:44979], old=null
2019-09-17 06:06:30,887 [grpc-default-executor-9] INFO  impl.RaftServerImpl (RaftServerImpl.java:setRole(174)) - e93b3770-42ff-4133-989c-2c3f555af44b@group-84A24B929A8B: changes role from  FOLLOWER to FOLLOWER at term 1 for recognizeCandidate:7b82b5c3-1af5-4aef-b0e5-9bbd5ece1c94
2019-09-17 06:06:30,891 [grpc-default-executor-9] INFO  impl.RoleInfo (RoleInfo.java:shutdownFollowerState(121)) - e93b3770-42ff-4133-989c-2c3f555af44b: shutdown FollowerState
2019-09-17 06:06:30,891 [grpc-default-executor-9] INFO  impl.RoleInfo (RoleInfo.java:updateAndGet(143)) - e93b3770-42ff-4133-989c-2c3f555af44b: start FollowerState
2019-09-17 06:06:30,894 [Thread-2111] INFO  impl.FollowerState (FollowerState.java:run(115)) - e93b3770-42ff-4133-989c-2c3f555af44b: FollowerState was interrupted: java.lang.InterruptedException: sleep interrupted
2019-09-17 06:06:30,915 [2a8a7cd7-06bf-4db7-87f4-48062698d858@group-84A24B929A8B:LeaderElection18] INFO  impl.LeaderElection (LeaderElection.java:logAndReturn(56)) - 2a8a7cd7-06bf-4db7-87f4-48062698d858@group-84A24B929A8B:LeaderElection18: Election REJECTED; received 2 response(s) [2a8a7cd7-06bf-4db7-87f4-48062698d858<-7b82b5c3-1af5-4aef-b0e5-9bbd5ece1c94#0:FAIL-t1, 2a8a7cd7-06bf-4db7-87f4-48062698d858<-e93b3770-42ff-4133-989c-2c3f555af44b#0:FAIL-t1] and 0 exception(s); 2a8a7cd7-06bf-4db7-87f4-48062698d858@group-84A24B929A8B:t1, leader=null, voted=2a8a7cd7-06bf-4db7-87f4-48062698d858, raftlog=2a8a7cd7-06bf-4db7-87f4-48062698d858@group-84A24B929A8B-SegmentedRaftLog:OPENED:c-1,f-1,i0, conf=-1: [2a8a7cd7-06bf-4db7-87f4-48062698d858:192.168.34.7:44927, 7b82b5c3-1af5-4aef-b0e5-9bbd5ece1c94:192.168.34.7:38196, e93b3770-42ff-4133-989c-2c3f555af44b:192.168.34.7:44979], old=null
2019-09-17 06:06:30,915 [7b82b5c3-1af5-4aef-b0e5-9bbd5ece1c94@group-84A24B929A8B:LeaderElection19] INFO  impl.LeaderElection (LeaderElection.java:logAndReturn(56)) - 7b82b5c3-1af5-4aef-b0e5-9bbd5ece1c94@group-84A24B929A8B:LeaderElection19: Election PASSED; received 2 response(s) [7b82b5c3-1af5-4aef-b0e5-9bbd5ece1c94<-2a8a7cd7-06bf-4db7-87f4-48062698d858#0:FAIL-t1, 7b82b5c3-1af5-4aef-b0e5-9bbd5ece1c94<-e93b3770-42ff-4133-989c-2c3f555af44b#0:OK-t1] and 0 exception(s); 7b82b5c3-1af5-4aef-b0e5-9bbd5ece1c94@group-84A24B929A8B:t1, leader=null, voted=7b82b5c3-1af5-4aef-b0e5-9bbd5ece1c94, raftlog=7b82b5c3-1af5-4aef-b0e5-9bbd5ece1c94@group-84A24B929A8B-SegmentedRaftLog:OPENED:c-1,f-1,i0, conf=-1: [2a8a7cd7-06bf-4db7-87f4-48062698d858:192.168.34.7:44927, 7b82b5c3-1af5-4aef-b0e5-9bbd5ece1c94:192.168.34.7:38196, e93b3770-42ff-4133-989c-2c3f555af44b:192.168.34.7:44979], old=null
2019-09-17 06:06:30,916 [2a8a7cd7-06bf-4db7-87f4-48062698d858@group-84A24B929A8B:LeaderElection18] INFO  impl.RaftServerImpl (RaftServerImpl.java:setRole(174)) - 2a8a7cd7-06bf-4db7-87f4-48062698d858@group-84A24B929A8B: changes role from CANDIDATE to FOLLOWER at term 1 for DISCOVERED_A_NEW_TERM
2019-09-17 06:06:30,916 [7b82b5c3-1af5-4aef-b0e5-9bbd5ece1c94@group-84A24B929A8B:LeaderElection19] INFO  impl.RoleInfo (RoleInfo.java:shutdownLeaderElection(134)) - 7b82b5c3-1af5-4aef-b0e5-9bbd5ece1c94: shutdown LeaderElection
2019-09-17 06:06:30,916 [2a8a7cd7-06bf-4db7-87f4-48062698d858@group-84A24B929A8B:LeaderElection18] INFO  impl.RoleInfo (RoleInfo.java:shutdownLeaderElection(134)) - 2a8a7cd7-06bf-4db7-87f4-48062698d858: shutdown LeaderElection
2019-09-17 06:06:30,916 [7b82b5c3-1af5-4aef-b0e5-9bbd5ece1c94@group-84A24B929A8B:LeaderElection19] INFO  impl.RaftServerImpl (RaftServerImpl.java:setRole(174)) - 7b82b5c3-1af5-4aef-b0e5-9bbd5ece1c94@group-84A24B929A8B: changes role from CANDIDATE to LEADER at term 1 for changeToLeader
2019-09-17 06:06:30,916 [2a8a7cd7-06bf-4db7-87f4-48062698d858@group-84A24B929A8B:LeaderElection18] INFO  impl.RoleInfo (RoleInfo.java:updateAndGet(143)) - 2a8a7cd7-06bf-4db7-87f4-48062698d858: start FollowerState
2019-09-17 06:06:30,916 [7b82b5c3-1af5-4aef-b0e5-9bbd5ece1c94@group-84A24B929A8B:LeaderElection19] INFO  impl.RaftServerImpl (ServerState.java:setLeader(253)) - 7b82b5c3-1af5-4aef-b0e5-9bbd5ece1c94@group-84A24B929A8B: change Leader from null to 7b82b5c3-1af5-4aef-b0e5-9bbd5ece1c94 at term 1 for becomeLeader, leader elected after 5199ms
2019-09-17 06:06:30,917 [7b82b5c3-1af5-4aef-b0e5-9bbd5ece1c94@group-84A24B929A8B:LeaderElection19] INFO  server.RaftServerConfigKeys (ConfUtils.java:logGet(43)) - raft.server.staging.catchup.gap = 1000 (default)
2019-09-17 06:06:30,917 [7b82b5c3-1af5-4aef-b0e5-9bbd5ece1c94@group-84A24B929A8B:LeaderElection19] INFO  server.RaftServerConfigKeys (ConfUtils.java:logGet(43)) - raft.server.rpc.sleep.time = 25ms (default)
2019-09-17 06:06:30,918 [7b82b5c3-1af5-4aef-b0e5-9bbd5ece1c94@group-84A24B929A8B:LeaderElection19] INFO  server.RaftServerConfigKeys (ConfUtils.java:logGet(43)) - raft.server.write.element-limit = 4096 (default)
2019-09-17 06:06:30,918 [7b82b5c3-1af5-4aef-b0e5-9bbd5ece1c94@group-84A24B929A8B:LeaderElection19] INFO  server.RaftServerConfigKeys (ConfUtils.java:logGet(43)) - raft.server.watch.timeout = 10s (default)
2019-09-17 06:06:30,918 [7b82b5c3-1af5-4aef-b0e5-9bbd5ece1c94@group-84A24B929A8B:LeaderElection19] INFO  server.RaftServerConfigKeys (ConfUtils.java:logGet(43)) - raft.server.watch.timeout.denomination = 1s (default)
2019-09-17 06:06:30,918 [7b82b5c3-1af5-4aef-b0e5-9bbd5ece1c94@group-84A24B929A8B:LeaderElection19] INFO  server.RaftServerConfigKeys (ConfUtils.java:logGet(43)) - raft.server.watch.element-limit = 65536 (default)
2019-09-17 06:06:30,922 [7b82b5c3-1af5-4aef-b0e5-9bbd5ece1c94@group-84A24B929A8B:LeaderElection19] INFO  server.RaftServerConfigKeys (ConfUtils.java:logGet(43)) - raft.server.log.appender.snapshot.chunk.size.max = 16MB (=16777216) (default)
2019-09-17 06:06:30,922 [7b82b5c3-1af5-4aef-b0e5-9bbd5ece1c94@group-84A24B929A8B:LeaderElection19] INFO  server.RaftServerConfigKeys (ConfUtils.java:logGet(43)) - raft.server.log.appender.buffer.byte-limit = 33554432 (custom)
2019-09-17 06:06:30,923 [7b82b5c3-1af5-4aef-b0e5-9bbd5ece1c94@group-84A24B929A8B:LeaderElection19] INFO  server.RaftServerConfigKeys (ConfUtils.java:logGet(43)) - raft.server.log.appender.buffer.element-limit = 1 (custom)
2019-09-17 06:06:30,923 [7b82b5c3-1af5-4aef-b0e5-9bbd5ece1c94@group-84A24B929A8B:LeaderElection19] INFO  grpc.GrpcConfigKeys$Server (ConfUtils.java:logGet(43)) - raft.grpc.server.leader.outstanding.appends.max = 128 (default)
2019-09-17 06:06:30,923 [7b82b5c3-1af5-4aef-b0e5-9bbd5ece1c94@group-84A24B929A8B:LeaderElection19] INFO  server.RaftServerConfigKeys (ConfUtils.java:logGet(43)) - raft.server.rpc.request.timeout = 3000ms (default)
2019-09-17 06:06:30,923 [7b82b5c3-1af5-4aef-b0e5-9bbd5ece1c94@group-84A24B929A8B:LeaderElection19] INFO  server.RaftServerConfigKeys (ConfUtils.java:logGet(43)) - raft.server.log.appender.install.snapshot.enabled = false (custom)
2019-09-17 06:06:30,924 [7b82b5c3-1af5-4aef-b0e5-9bbd5ece1c94@group-84A24B929A8B:LeaderElection19] INFO  server.RaftServerConfigKeys (ConfUtils.java:logGet(43)) - raft.server.log.appender.snapshot.chunk.size.max = 16MB (=16777216) (default)
2019-09-17 06:06:30,924 [7b82b5c3-1af5-4aef-b0e5-9bbd5ece1c94@group-84A24B929A8B:LeaderElection19] INFO  server.RaftServerConfigKeys (ConfUtils.java:logGet(43)) - raft.server.log.appender.buffer.byte-limit = 33554432 (custom)
2019-09-17 06:06:30,924 [7b82b5c3-1af5-4aef-b0e5-9bbd5ece1c94@group-84A24B929A8B:LeaderElection19] INFO  server.RaftServerConfigKeys (ConfUtils.java:logGet(43)) - raft.server.log.appender.buffer.element-limit = 1 (custom)
2019-09-17 06:06:30,924 [7b82b5c3-1af5-4aef-b0e5-9bbd5ece1c94@group-84A24B929A8B:LeaderElection19] INFO  grpc.GrpcConfigKeys$Server (ConfUtils.java:logGet(43)) - raft.grpc.server.leader.outstanding.appends.max = 128 (default)
2019-09-17 06:06:30,925 [7b82b5c3-1af5-4aef-b0e5-9bbd5ece1c94@group-84A24B929A8B:LeaderElection19] INFO  server.RaftServerConfigKeys (ConfUtils.java:logGet(43)) - raft.server.rpc.request.timeout = 3000ms (default)
2019-09-17 06:06:30,925 [7b82b5c3-1af5-4aef-b0e5-9bbd5ece1c94@group-84A24B929A8B:LeaderElection19] INFO  server.RaftServerConfigKeys (ConfUtils.java:logGet(43)) - raft.server.log.appender.install.snapshot.enabled = false (custom)
2019-09-17 06:06:30,925 [7b82b5c3-1af5-4aef-b0e5-9bbd5ece1c94@group-84A24B929A8B:LeaderElection19] INFO  impl.RoleInfo (RoleInfo.java:updateAndGet(143)) - 7b82b5c3-1af5-4aef-b0e5-9bbd5ece1c94: start LeaderState
2019-09-17 06:06:30,926 [7b82b5c3-1af5-4aef-b0e5-9bbd5ece1c94@group-84A24B929A8B:LeaderElection19] INFO  segmented.SegmentedRaftLogWorker (SegmentedRaftLogWorker.java:startLogSegment(380)) - 7b82b5c3-1af5-4aef-b0e5-9bbd5ece1c94@group-84A24B929A8B-SegmentedRaftLogWorker: Starting segment from index:0
2019-09-17 06:06:30,927 [7b82b5c3-1af5-4aef-b0e5-9bbd5ece1c94@group-84A24B929A8B:LeaderElection19] INFO  impl.RaftServerImpl (ServerState.java:setRaftConf(354)) - 7b82b5c3-1af5-4aef-b0e5-9bbd5ece1c94@group-84A24B929A8B: set configuration 0: [2a8a7cd7-06bf-4db7-87f4-48062698d858:192.168.34.7:44927, 7b82b5c3-1af5-4aef-b0e5-9bbd5ece1c94:192.168.34.7:38196, e93b3770-42ff-4133-989c-2c3f555af44b:192.168.34.7:44979], old=null at 0
2019-09-17 06:06:30,928 [grpc-default-executor-9] INFO  impl.RaftServerImpl (ServerState.java:setLeader(253)) - 2a8a7cd7-06bf-4db7-87f4-48062698d858@group-84A24B929A8B: change Leader from null to 7b82b5c3-1af5-4aef-b0e5-9bbd5ece1c94 at term 1 for appendEntries, leader elected after 5211ms
2019-09-17 06:06:30,928 [grpc-default-executor-1] INFO  impl.RaftServerImpl (ServerState.java:setLeader(253)) - e93b3770-42ff-4133-989c-2c3f555af44b@group-84A24B929A8B: change Leader from null to 7b82b5c3-1af5-4aef-b0e5-9bbd5ece1c94 at term 1 for appendEntries, leader elected after 5210ms
2019-09-17 06:06:30,930 [grpc-default-executor-1] INFO  impl.RaftServerImpl (ServerState.java:setRaftConf(354)) - 2a8a7cd7-06bf-4db7-87f4-48062698d858@group-84A24B929A8B: set configuration 0: [2a8a7cd7-06bf-4db7-87f4-48062698d858:192.168.34.7:44927, 7b82b5c3-1af5-4aef-b0e5-9bbd5ece1c94:192.168.34.7:38196, e93b3770-42ff-4133-989c-2c3f555af44b:192.168.34.7:44979], old=null at 0
2019-09-17 06:06:30,930 [grpc-default-executor-1] INFO  segmented.SegmentedRaftLogWorker (SegmentedRaftLogWorker.java:startLogSegment(380)) - 2a8a7cd7-06bf-4db7-87f4-48062698d858@group-84A24B929A8B-SegmentedRaftLogWorker: Starting segment from index:0
2019-09-17 06:06:30,930 [grpc-default-executor-9] INFO  impl.RaftServerImpl (ServerState.java:setRaftConf(354)) - e93b3770-42ff-4133-989c-2c3f555af44b@group-84A24B929A8B: set configuration 0: [2a8a7cd7-06bf-4db7-87f4-48062698d858:192.168.34.7:44927, 7b82b5c3-1af5-4aef-b0e5-9bbd5ece1c94:192.168.34.7:38196, e93b3770-42ff-4133-989c-2c3f555af44b:192.168.34.7:44979], old=null at 0
2019-09-17 06:06:30,931 [grpc-default-executor-9] INFO  segmented.SegmentedRaftLogWorker (SegmentedRaftLogWorker.java:startLogSegment(380)) - e93b3770-42ff-4133-989c-2c3f555af44b@group-84A24B929A8B-SegmentedRaftLogWorker: Starting segment from index:0
2019-09-17 06:06:30,975 [7b82b5c3-1af5-4aef-b0e5-9bbd5ece1c94@group-84A24B929A8B-SegmentedRaftLogWorker] INFO  segmented.SegmentedRaftLogWorker (SegmentedRaftLogWorker.java:execute(569)) - 7b82b5c3-1af5-4aef-b0e5-9bbd5ece1c94@group-84A24B929A8B-SegmentedRaftLogWorker: created new log segment /workdir/hadoop-ozone/integration-test/target/test-dir/MiniOzoneClusterImpl-9c1dcb1a-3312-40b8-b485-08dcdfac2e9c/datanode-2/data/ratis/ffd8630b-a820-4999-8eee-84a24b929a8b/current/log_inprogress_0
2019-09-17 06:06:30,975 [2a8a7cd7-06bf-4db7-87f4-48062698d858@group-84A24B929A8B-SegmentedRaftLogWorker] INFO  segmented.SegmentedRaftLogWorker (SegmentedRaftLogWorker.java:execute(569)) - 2a8a7cd7-06bf-4db7-87f4-48062698d858@group-84A24B929A8B-SegmentedRaftLogWorker: created new log segment /workdir/hadoop-ozone/integration-test/target/test-dir/MiniOzoneClusterImpl-9c1dcb1a-3312-40b8-b485-08dcdfac2e9c/datanode-4/data/ratis/ffd8630b-a820-4999-8eee-84a24b929a8b/current/log_inprogress_0
2019-09-17 06:06:30,984 [e93b3770-42ff-4133-989c-2c3f555af44b@group-84A24B929A8B-SegmentedRaftLogWorker] INFO  segmented.SegmentedRaftLogWorker (SegmentedRaftLogWorker.java:execute(569)) - e93b3770-42ff-4133-989c-2c3f555af44b@group-84A24B929A8B-SegmentedRaftLogWorker: created new log segment /workdir/hadoop-ozone/integration-test/target/test-dir/MiniOzoneClusterImpl-9c1dcb1a-3312-40b8-b485-08dcdfac2e9c/datanode-1/data/ratis/ffd8630b-a820-4999-8eee-84a24b929a8b/current/log_inprogress_0
2019-09-17 06:06:31,160 [grpc-default-executor-9] INFO  client.GrpcClientProtocolClient (GrpcClientProtocolClient.java:onNext(264)) - client-0087AA904E12->c5233a29-19a6-42e1-869f-0cfd92a1650c: receive RaftClientReply:client-0087AA904E12->c5233a29-19a6-42e1-869f-0cfd92a1650c@group-BB14ECC8E4AB, cid=237, FAILED org.apache.ratis.protocol.NotLeaderException: Server c5233a29-19a6-42e1-869f-0cfd92a1650c@group-BB14ECC8E4AB is not the leader f6013552-a382-44c6-bdc3-8253bd9e054c:192.168.34.7:43799, logIndex=0, commits[c5233a29-19a6-42e1-869f-0cfd92a1650c:c6, f6013552-a382-44c6-bdc3-8253bd9e054c:c6, 3ec0bce2-5a80-4efc-b2ca-bab81cc18a9f:c6]
2019-09-17 06:06:31,189 [grpc-default-executor-9] INFO  client.GrpcClientProtocolClient (GrpcClientProtocolClient.java:onNext(264)) - client-0087AA904E12->f6013552-a382-44c6-bdc3-8253bd9e054c: receive RaftClientReply:client-0087AA904E12->f6013552-a382-44c6-bdc3-8253bd9e054c@group-BB14ECC8E4AB, cid=237, SUCCESS, logIndex=5, commits[f6013552-a382-44c6-bdc3-8253bd9e054c:c5, c5233a29-19a6-42e1-869f-0cfd92a1650c:c4, 3ec0bce2-5a80-4efc-b2ca-bab81cc18a9f:c4]
2019-09-17 06:06:31,221 [grpc-default-executor-2] INFO  client.GrpcClientProtocolClient (GrpcClientProtocolClient.java:onNext(264)) - client-0087AA904E12->f6013552-a382-44c6-bdc3-8253bd9e054c: receive RaftClientReply:client-0087AA904E12->f6013552-a382-44c6-bdc3-8253bd9e054c@group-BB14ECC8E4AB, cid=238, SUCCESS, logIndex=7, commits[f6013552-a382-44c6-bdc3-8253bd9e054c:c11, c5233a29-19a6-42e1-869f-0cfd92a1650c:c6, 3ec0bce2-5a80-4efc-b2ca-bab81cc18a9f:c6]
2019-09-17 06:06:31,294 [grpc-default-executor-2] INFO  client.GrpcClientProtocolClient (GrpcClientProtocolClient.java:onNext(264)) - client-0087AA904E12->f6013552-a382-44c6-bdc3-8253bd9e054c: receive RaftClientReply:client-0087AA904E12->f6013552-a382-44c6-bdc3-8253bd9e054c@group-BB14ECC8E4AB, cid=239, SUCCESS, logIndex=8, commits[f6013552-a382-44c6-bdc3-8253bd9e054c:c16, c5233a29-19a6-42e1-869f-0cfd92a1650c:c11, 3ec0bce2-5a80-4efc-b2ca-bab81cc18a9f:c11]
2019-09-17 06:06:31,296 [grpc-default-executor-2] INFO  client.GrpcClientProtocolClient (GrpcClientProtocolClient.java:onNext(264)) - client-0087AA904E12->f6013552-a382-44c6-bdc3-8253bd9e054c: receive RaftClientReply:client-0087AA904E12->f6013552-a382-44c6-bdc3-8253bd9e054c@group-BB14ECC8E4AB, cid=240, SUCCESS, logIndex=9, commits[f6013552-a382-44c6-bdc3-8253bd9e054c:c16, c5233a29-19a6-42e1-869f-0cfd92a1650c:c11, 3ec0bce2-5a80-4efc-b2ca-bab81cc18a9f:c11]
2019-09-17 06:06:31,297 [grpc-default-executor-2] INFO  client.GrpcClientProtocolClient (GrpcClientProtocolClient.java:onNext(264)) - client-0087AA904E12->f6013552-a382-44c6-bdc3-8253bd9e054c: receive RaftClientReply:client-0087AA904E12->f6013552-a382-44c6-bdc3-8253bd9e054c@group-BB14ECC8E4AB, cid=241, SUCCESS, logIndex=10, commits[f6013552-a382-44c6-bdc3-8253bd9e054c:c16, c5233a29-19a6-42e1-869f-0cfd92a1650c:c11, 3ec0bce2-5a80-4efc-b2ca-bab81cc18a9f:c11]
2019-09-17 06:06:31,381 [grpc-default-executor-2] INFO  client.GrpcClientProtocolClient (GrpcClientProtocolClient.java:onNext(264)) - client-0087AA904E12->f6013552-a382-44c6-bdc3-8253bd9e054c: receive RaftClientReply:client-0087AA904E12->f6013552-a382-44c6-bdc3-8253bd9e054c@group-BB14ECC8E4AB, cid=242, SUCCESS, logIndex=11, commits[f6013552-a382-44c6-bdc3-8253bd9e054c:c16, c5233a29-19a6-42e1-869f-0cfd92a1650c:c11, 3ec0bce2-5a80-4efc-b2ca-bab81cc18a9f:c11]
]]></system-out>
  </testcase>
</testsuite>