<?xml version="1.0" encoding="UTF-8"?>
<testsuite xmlns:xsi="http://www.w3.org/2001/XMLSchema-instance" xsi:noNamespaceSchemaLocation="https://maven.apache.org/surefire/maven-surefire-plugin/xsd/surefire-test-report.xsd" name="org.apache.hadoop.ozone.client.rpc.TestWatchForCommit" time="111.068" tests="5" errors="5" skipped="0" failures="0">
  <properties>
    <property name="awt.toolkit" value="sun.awt.X11.XToolkit"/>
    <property name="file.encoding.pkg" value="sun.io"/>
    <property name="java.specification.version" value="1.8"/>
    <property name="sun.cpu.isalist" value=""/>
    <property name="sun.jnu.encoding" value="UTF-8"/>
    <property name="java.class.path" value="/workdir/hadoop-ozone/integration-test/target/test-classes:/workdir/hadoop-ozone/integration-test/target/classes:/home/user/.m2/repository/org/apache/hadoop/hadoop-ozone-common/0.5.0-SNAPSHOT/hadoop-ozone-common-0.5.0-SNAPSHOT.jar:/home/user/.m2/repository/org/apache/commons/commons-compress/1.4.1/commons-compress-1.4.1.jar:/home/user/.m2/repository/org/tukaani/xz/1.0/xz-1.0.jar:/home/user/.m2/repository/org/apache/hadoop/hadoop-common/3.2.0/hadoop-common-3.2.0.jar:/home/user/.m2/repository/org/apache/hadoop/hadoop-hdfs/3.2.0/hadoop-hdfs-3.2.0.jar:/home/user/.m2/repository/org/apache/hadoop/hadoop-hdfs-client/3.2.0/hadoop-hdfs-client-3.2.0.jar:/home/user/.m2/repository/com/fasterxml/jackson/core/jackson-annotations/2.9.5/jackson-annotations-2.9.5.jar:/home/user/.m2/repository/org/apache/hadoop/hadoop-hdds-common/0.5.0-SNAPSHOT/hadoop-hdds-common-0.5.0-SNAPSHOT.jar:/home/user/.m2/repository/javax/annotation/javax.annotation-api/1.2/javax.annotation-api-1.2.jar:/home/user/.m2/repository/org/apache/ratis/ratis-server/0.4.0-2337318-SNAPSHOT/ratis-server-0.4.0-2337318-SNAPSHOT.jar:/home/user/.m2/repository/org/apache/ratis/ratis-thirdparty-misc/0.2.0/ratis-thirdparty-misc-0.2.0.jar:/home/user/.m2/repository/org/apache/ratis/ratis-proto/0.4.0-2337318-SNAPSHOT/ratis-proto-0.4.0-2337318-SNAPSHOT.jar:/home/user/.m2/repository/org/apache/ratis/ratis-common/0.4.0-2337318-SNAPSHOT/ratis-common-0.4.0-2337318-SNAPSHOT.jar:/home/user/.m2/repository/org/apache/ratis/ratis-client/0.4.0-2337318-SNAPSHOT/ratis-client-0.4.0-2337318-SNAPSHOT.jar:/home/user/.m2/repository/org/apache/ratis/ratis-metrics/0.4.0-2337318-SNAPSHOT/ratis-metrics-0.4.0-2337318-SNAPSHOT.jar:/home/user/.m2/repository/org/apache/ratis/ratis-netty/0.4.0-2337318-SNAPSHOT/ratis-netty-0.4.0-2337318-SNAPSHOT.jar:/home/user/.m2/repository/org/apache/ratis/ratis-grpc/0.4.0-2337318-SNAPSHOT/ratis-grpc-0.4.0-2337318-SNAPSHOT.jar:/home/user/.m2/repository/org/rocksdb/rocksdbjni/6.0.1/rocksdbjni-6.0.1.jar:/home/user/.m2/repository/org/apache/logging/log4j/log4j-api/2.11.0/log4j-api-2.11.0.jar:/home/user/.m2/repository/org/apache/logging/log4j/log4j-core/2.11.0/log4j-core-2.11.0.jar:/home/user/.m2/repository/com/lmax/disruptor/3.4.2/disruptor-3.4.2.jar:/home/user/.m2/repository/org/apache/commons/commons-pool2/2.6.0/commons-pool2-2.6.0.jar:/home/user/.m2/repository/org/bouncycastle/bcpkix-jdk15on/1.60/bcpkix-jdk15on-1.60.jar:/home/user/.m2/repository/commons-validator/commons-validator/1.6/commons-validator-1.6.jar:/home/user/.m2/repository/commons-digester/commons-digester/1.8.1/commons-digester-1.8.1.jar:/home/user/.m2/repository/io/jaegertracing/jaeger-client/0.33.1/jaeger-client-0.33.1.jar:/home/user/.m2/repository/io/jaegertracing/jaeger-thrift/0.33.1/jaeger-thrift-0.33.1.jar:/home/user/.m2/repository/org/apache/thrift/libthrift/0.11.0/libthrift-0.11.0.jar:/home/user/.m2/repository/com/squareup/okhttp3/okhttp/3.9.0/okhttp-3.9.0.jar:/home/user/.m2/repository/com/squareup/okio/okio/1.13.0/okio-1.13.0.jar:/home/user/.m2/repository/io/jaegertracing/jaeger-core/0.33.1/jaeger-core-0.33.1.jar:/home/user/.m2/repository/io/jaegertracing/jaeger-tracerresolver/0.33.1/jaeger-tracerresolver-0.33.1.jar:/home/user/.m2/repository/io/opentracing/contrib/opentracing-tracerresolver/0.1.5/opentracing-tracerresolver-0.1.5.jar:/home/user/.m2/repository/io/opentracing/opentracing-util/0.31.0/opentracing-util-0.31.0.jar:/home/user/.m2/repository/io/opentracing/opentracing-api/0.31.0/opentracing-api-0.31.0.jar:/home/user/.m2/repository/io/opentracing/opentracing-noop/0.31.0/opentracing-noop-0.31.0.jar:/home/user/.m2/repository/org/apache/hadoop/hadoop-hdds-server-framework/0.5.0-SNAPSHOT/hadoop-hdds-server-framework-0.5.0-SNAPSHOT.jar:/home/user/.m2/repository/org/apache/hadoop/hadoop-hdds-container-service/0.5.0-SNAPSHOT/hadoop-hdds-container-service-0.5.0-SNAPSHOT.jar:/home/user/.m2/repository/org/apache/hadoop/hadoop-hdds-client/0.5.0-SNAPSHOT/hadoop-hdds-client-0.5.0-SNAPSHOT.jar:/home/user/.m2/repository/org/apache/hadoop/hadoop-hdds-tools/0.5.0-SNAPSHOT/hadoop-hdds-tools-0.5.0-SNAPSHOT.jar:/home/user/.m2/repository/org/apache/hadoop/hadoop-hdds-server-scm/0.5.0-SNAPSHOT/hadoop-hdds-server-scm-0.5.0-SNAPSHOT.jar:/home/user/.m2/repository/org/apache/hadoop/hadoop-hdds-docs/0.5.0-SNAPSHOT/hadoop-hdds-docs-0.5.0-SNAPSHOT.jar:/home/user/.m2/repository/io/dropwizard/metrics/metrics-core/3.2.4/metrics-core-3.2.4.jar:/home/user/.m2/repository/org/hamcrest/hamcrest-all/1.3/hamcrest-all-1.3.jar:/home/user/.m2/repository/org/bouncycastle/bcprov-jdk15on/1.60/bcprov-jdk15on-1.60.jar:/home/user/.m2/repository/info/picocli/picocli/3.9.6/picocli-3.9.6.jar:/home/user/.m2/repository/com/google/protobuf/protobuf-java/2.5.0/protobuf-java-2.5.0.jar:/home/user/.m2/repository/com/google/guava/guava/11.0.2/guava-11.0.2.jar:/home/user/.m2/repository/org/apache/hadoop/hadoop-ozone-ozone-manager/0.5.0-SNAPSHOT/hadoop-ozone-ozone-manager-0.5.0-SNAPSHOT.jar:/home/user/.m2/repository/org/apache/hadoop/hadoop-minikdc/3.2.0/hadoop-minikdc-3.2.0.jar:/home/user/.m2/repository/commons-io/commons-io/2.5/commons-io-2.5.jar:/home/user/.m2/repository/org/apache/kerby/kerb-simplekdc/1.0.1/kerb-simplekdc-1.0.1.jar:/home/user/.m2/repository/org/apache/kerby/kerb-client/1.0.1/kerb-client-1.0.1.jar:/home/user/.m2/repository/org/apache/kerby/kerby-config/1.0.1/kerby-config-1.0.1.jar:/home/user/.m2/repository/org/apache/kerby/kerb-core/1.0.1/kerb-core-1.0.1.jar:/home/user/.m2/repository/org/apache/kerby/kerby-pkix/1.0.1/kerby-pkix-1.0.1.jar:/home/user/.m2/repository/org/apache/kerby/kerby-asn1/1.0.1/kerby-asn1-1.0.1.jar:/home/user/.m2/repository/org/apache/kerby/kerby-util/1.0.1/kerby-util-1.0.1.jar:/home/user/.m2/repository/org/apache/kerby/kerb-common/1.0.1/kerb-common-1.0.1.jar:/home/user/.m2/repository/org/apache/kerby/kerb-crypto/1.0.1/kerb-crypto-1.0.1.jar:/home/user/.m2/repository/org/apache/kerby/kerb-util/1.0.1/kerb-util-1.0.1.jar:/home/user/.m2/repository/org/apache/kerby/token-provider/1.0.1/token-provider-1.0.1.jar:/home/user/.m2/repository/org/apache/kerby/kerb-admin/1.0.1/kerb-admin-1.0.1.jar:/home/user/.m2/repository/org/apache/kerby/kerb-server/1.0.1/kerb-server-1.0.1.jar:/home/user/.m2/repository/org/apache/kerby/kerb-identity/1.0.1/kerb-identity-1.0.1.jar:/home/user/.m2/repository/org/apache/kerby/kerby-xdr/1.0.1/kerby-xdr-1.0.1.jar:/home/user/.m2/repository/org/slf4j/slf4j-log4j12/1.7.25/slf4j-log4j12-1.7.25.jar:/home/user/.m2/repository/org/apache/hadoop/hadoop-ozone-objectstore-service/0.5.0-SNAPSHOT/hadoop-ozone-objectstore-service-0.5.0-SNAPSHOT.jar:/home/user/.m2/repository/org/apache/hadoop/hadoop-ozone-s3gateway/0.5.0-SNAPSHOT/hadoop-ozone-s3gateway-0.5.0-SNAPSHOT.jar:/home/user/.m2/repository/org/jboss/weld/servlet/weld-servlet/2.4.7.Final/weld-servlet-2.4.7.Final.jar:/home/user/.m2/repository/org/glassfish/jersey/containers/jersey-container-servlet-core/2.27/jersey-container-servlet-core-2.27.jar:/home/user/.m2/repository/org/glassfish/hk2/external/javax.inject/2.5.0-b42/javax.inject-2.5.0-b42.jar:/home/user/.m2/repository/org/glassfish/jersey/core/jersey-common/2.27/jersey-common-2.27.jar:/home/user/.m2/repository/org/glassfish/hk2/osgi-resource-locator/1.0.1/osgi-resource-locator-1.0.1.jar:/home/user/.m2/repository/javax/ws/rs/javax.ws.rs-api/2.1/javax.ws.rs-api-2.1.jar:/home/user/.m2/repository/org/glassfish/jersey/ext/cdi/jersey-cdi1x/2.27/jersey-cdi1x-2.27.jar:/home/user/.m2/repository/org/glassfish/jersey/inject/jersey-hk2/2.27/jersey-hk2-2.27.jar:/home/user/.m2/repository/org/glassfish/hk2/hk2-locator/2.5.0-b42/hk2-locator-2.5.0-b42.jar:/home/user/.m2/repository/org/javassist/javassist/3.22.0-CR2/javassist-3.22.0-CR2.jar:/home/user/.m2/repository/org/glassfish/hk2/hk2-api/2.5.0/hk2-api-2.5.0.jar:/home/user/.m2/repository/org/glassfish/hk2/external/jakarta.inject/2.5.0/jakarta.inject-2.5.0.jar:/home/user/.m2/repository/org/glassfish/hk2/hk2-utils/2.5.0/hk2-utils-2.5.0.jar:/home/user/.m2/repository/jakarta/annotation/jakarta.annotation-api/1.3.4/jakarta.annotation-api-1.3.4.jar:/home/user/.m2/repository/org/glassfish/hk2/external/aopalliance-repackaged/2.5.0/aopalliance-repackaged-2.5.0.jar:/home/user/.m2/repository/com/fasterxml/jackson/dataformat/jackson-dataformat-xml/2.9.0/jackson-dataformat-xml-2.9.0.jar:/home/user/.m2/repository/com/fasterxml/jackson/core/jackson-core/2.9.5/jackson-core-2.9.5.jar:/home/user/.m2/repository/com/fasterxml/jackson/module/jackson-module-jaxb-annotations/2.9.5/jackson-module-jaxb-annotations-2.9.5.jar:/home/user/.m2/repository/javax/enterprise/cdi-api/1.2/cdi-api-1.2.jar:/home/user/.m2/repository/javax/el/javax.el-api/3.0.0/javax.el-api-3.0.0.jar:/home/user/.m2/repository/javax/interceptor/javax.interceptor-api/1.2/javax.interceptor-api-1.2.jar:/home/user/.m2/repository/javax/inject/javax.inject/1/javax.inject-1.jar:/home/user/.m2/repository/com/sun/xml/bind/jaxb-impl/2.3.0.1/jaxb-impl-2.3.0.1.jar:/home/user/.m2/repository/com/sun/xml/bind/jaxb-core/2.3.0.1/jaxb-core-2.3.0.1.jar:/home/user/.m2/repository/javax/xml/bind/jaxb-api/2.3.0/jaxb-api-2.3.0.jar:/home/user/.m2/repository/javax/activation/activation/1.1.1/activation-1.1.1.jar:/home/user/.m2/repository/org/apache/hadoop/hadoop-ozone-csi/0.5.0-SNAPSHOT/hadoop-ozone-csi-0.5.0-SNAPSHOT.jar:/home/user/.m2/repository/com/google/protobuf/protobuf-java-util/3.5.1/protobuf-java-util-3.5.1.jar:/home/user/.m2/repository/org/apache/hadoop/hadoop-hdds-config/0.5.0-SNAPSHOT/hadoop-hdds-config-0.5.0-SNAPSHOT.jar:/home/user/.m2/repository/io/grpc/grpc-netty/1.17.1/grpc-netty-1.17.1.jar:/home/user/.m2/repository/io/grpc/grpc-core/1.17.1/grpc-core-1.17.1.jar:/home/user/.m2/repository/io/grpc/grpc-context/1.17.1/grpc-context-1.17.1.jar:/home/user/.m2/repository/com/google/errorprone/error_prone_annotations/2.2.0/error_prone_annotations-2.2.0.jar:/home/user/.m2/repository/org/codehaus/mojo/animal-sniffer-annotations/1.17/animal-sniffer-annotations-1.17.jar:/home/user/.m2/repository/io/opencensus/opencensus-api/0.17.0/opencensus-api-0.17.0.jar:/home/user/.m2/repository/io/opencensus/opencensus-contrib-grpc-metrics/0.17.0/opencensus-contrib-grpc-metrics-0.17.0.jar:/home/user/.m2/repository/io/netty/netty-codec-http2/4.1.30.Final/netty-codec-http2-4.1.30.Final.jar:/home/user/.m2/repository/io/netty/netty-codec-http/4.1.30.Final/netty-codec-http-4.1.30.Final.jar:/home/user/.m2/repository/io/netty/netty-codec/4.1.30.Final/netty-codec-4.1.30.Final.jar:/home/user/.m2/repository/io/netty/netty-handler/4.1.30.Final/netty-handler-4.1.30.Final.jar:/home/user/.m2/repository/io/netty/netty-handler-proxy/4.1.30.Final/netty-handler-proxy-4.1.30.Final.jar:/home/user/.m2/repository/io/netty/netty-codec-socks/4.1.30.Final/netty-codec-socks-4.1.30.Final.jar:/home/user/.m2/repository/io/netty/netty-transport-native-epoll/4.1.30.Final/netty-transport-native-epoll-4.1.30.Final.jar:/home/user/.m2/repository/io/netty/netty-common/4.1.30.Final/netty-common-4.1.30.Final.jar:/home/user/.m2/repository/io/netty/netty-buffer/4.1.30.Final/netty-buffer-4.1.30.Final.jar:/home/user/.m2/repository/io/netty/netty-transport/4.1.30.Final/netty-transport-4.1.30.Final.jar:/home/user/.m2/repository/io/netty/netty-resolver/4.1.30.Final/netty-resolver-4.1.30.Final.jar:/home/user/.m2/repository/io/netty/netty-transport-native-unix-common/4.1.30.Final/netty-transport-native-unix-common-4.1.30.Final.jar:/home/user/.m2/repository/io/grpc/grpc-protobuf/1.17.1/grpc-protobuf-1.17.1.jar:/home/user/.m2/repository/com/google/api/grpc/proto-google-common-protos/1.0.0/proto-google-common-protos-1.0.0.jar:/home/user/.m2/repository/io/grpc/grpc-protobuf-lite/1.17.1/grpc-protobuf-lite-1.17.1.jar:/home/user/.m2/repository/io/grpc/grpc-stub/1.17.1/grpc-stub-1.17.1.jar:/home/user/.m2/repository/org/apache/hadoop/hadoop-ozone-recon/0.5.0-SNAPSHOT/hadoop-ozone-recon-0.5.0-SNAPSHOT.jar:/home/user/.m2/repository/org/apache/hadoop/hadoop-ozone-reconcodegen/0.5.0-SNAPSHOT/hadoop-ozone-reconcodegen-0.5.0-SNAPSHOT.jar:/home/user/.m2/repository/com/google/inject/extensions/guice-multibindings/4.0/guice-multibindings-4.0.jar:/home/user/.m2/repository/com/google/inject/guice/4.0/guice-4.0.jar:/home/user/.m2/repository/aopalliance/aopalliance/1.0/aopalliance-1.0.jar:/home/user/.m2/repository/com/google/inject/extensions/guice-servlet/4.0/guice-servlet-4.0.jar:/home/user/.m2/repository/org/glassfish/jersey/containers/jersey-container-servlet/2.27/jersey-container-servlet-2.27.jar:/home/user/.m2/repository/org/glassfish/hk2/guice-bridge/2.5.0/guice-bridge-2.5.0.jar:/home/user/.m2/repository/org/glassfish/jersey/core/jersey-server/2.27/jersey-server-2.27.jar:/home/user/.m2/repository/org/glassfish/jersey/core/jersey-client/2.27/jersey-client-2.27.jar:/home/user/.m2/repository/org/glassfish/jersey/media/jersey-media-jaxb/2.27/jersey-media-jaxb-2.27.jar:/home/user/.m2/repository/javax/validation/validation-api/1.1.0.Final/validation-api-1.1.0.Final.jar:/home/user/.m2/repository/org/glassfish/jersey/media/jersey-media-json-jackson/2.27/jersey-media-json-jackson-2.27.jar:/home/user/.m2/repository/org/glassfish/jersey/ext/jersey-entity-filtering/2.27/jersey-entity-filtering-2.27.jar:/home/user/.m2/repository/com/google/inject/extensions/guice-assistedinject/4.0/guice-assistedinject-4.0.jar:/home/user/.m2/repository/org/jooq/jooq/3.11.10/jooq-3.11.10.jar:/home/user/.m2/repository/org/jooq/jooq-meta/3.11.10/jooq-meta-3.11.10.jar:/home/user/.m2/repository/org/jooq/jooq-codegen/3.11.10/jooq-codegen-3.11.10.jar:/home/user/.m2/repository/com/jolbox/bonecp/0.8.0.RELEASE/bonecp-0.8.0.RELEASE.jar:/home/user/.m2/repository/org/xerial/sqlite-jdbc/3.25.2/sqlite-jdbc-3.25.2.jar:/home/user/.m2/repository/org/springframework/spring-jdbc/5.1.3.RELEASE/spring-jdbc-5.1.3.RELEASE.jar:/home/user/.m2/repository/org/springframework/spring-beans/5.1.3.RELEASE/spring-beans-5.1.3.RELEASE.jar:/home/user/.m2/repository/org/springframework/spring-core/5.1.3.RELEASE/spring-core-5.1.3.RELEASE.jar:/home/user/.m2/repository/org/springframework/spring-jcl/5.1.3.RELEASE/spring-jcl-5.1.3.RELEASE.jar:/home/user/.m2/repository/org/springframework/spring-tx/5.1.3.RELEASE/spring-tx-5.1.3.RELEASE.jar:/home/user/.m2/repository/org/apache/hadoop/hadoop-ozone-client/0.5.0-SNAPSHOT/hadoop-ozone-client-0.5.0-SNAPSHOT.jar:/home/user/.m2/repository/commons-lang/commons-lang/2.6/commons-lang-2.6.jar:/home/user/.m2/repository/org/apache/hadoop/hadoop-ozone-ozone-manager/0.5.0-SNAPSHOT/hadoop-ozone-ozone-manager-0.5.0-SNAPSHOT-tests.jar:/home/user/.m2/repository/junit/junit/4.11/junit-4.11.jar:/home/user/.m2/repository/org/hamcrest/hamcrest-core/1.3/hamcrest-core-1.3.jar:/home/user/.m2/repository/org/openjdk/jmh/jmh-core/1.19/jmh-core-1.19.jar:/home/user/.m2/repository/net/sf/jopt-simple/jopt-simple/4.6/jopt-simple-4.6.jar:/home/user/.m2/repository/org/apache/commons/commons-math3/3.1.1/commons-math3-3.1.1.jar:/home/user/.m2/repository/org/openjdk/jmh/jmh-generator-annprocess/1.19/jmh-generator-annprocess-1.19.jar:/home/user/.m2/repository/org/mockito/mockito-all/1.8.5/mockito-all-1.8.5.jar:/home/user/.m2/repository/org/apache/hadoop/hadoop-kms/3.2.0/hadoop-kms-3.2.0.jar:/home/user/.m2/repository/org/apache/hadoop/hadoop-auth/3.2.0/hadoop-auth-3.2.0.jar:/home/user/.m2/repository/com/nimbusds/nimbus-jose-jwt/4.41.1/nimbus-jose-jwt-4.41.1.jar:/home/user/.m2/repository/com/github/stephenc/jcip/jcip-annotations/1.0-1/jcip-annotations-1.0-1.jar:/home/user/.m2/repository/net/minidev/json-smart/2.3/json-smart-2.3.jar:/home/user/.m2/repository/net/minidev/accessors-smart/1.2/accessors-smart-1.2.jar:/home/user/.m2/repository/org/ow2/asm/asm/5.0.4/asm-5.0.4.jar:/home/user/.m2/repository/org/apache/curator/curator-framework/2.12.0/curator-framework-2.12.0.jar:/home/user/.m2/repository/com/sun/jersey/jersey-core/1.19/jersey-core-1.19.jar:/home/user/.m2/repository/javax/ws/rs/jsr311-api/1.1.1/jsr311-api-1.1.1.jar:/home/user/.m2/repository/com/sun/jersey/jersey-server/1.19/jersey-server-1.19.jar:/home/user/.m2/repository/javax/servlet/javax.servlet-api/3.1.0/javax.servlet-api-3.1.0.jar:/home/user/.m2/repository/org/eclipse/jetty/jetty-server/9.3.24.v20180605/jetty-server-9.3.24.v20180605.jar:/home/user/.m2/repository/org/eclipse/jetty/jetty-http/9.3.24.v20180605/jetty-http-9.3.24.v20180605.jar:/home/user/.m2/repository/org/eclipse/jetty/jetty-io/9.3.24.v20180605/jetty-io-9.3.24.v20180605.jar:/home/user/.m2/repository/org/eclipse/jetty/jetty-webapp/9.3.24.v20180605/jetty-webapp-9.3.24.v20180605.jar:/home/user/.m2/repository/org/eclipse/jetty/jetty-xml/9.3.24.v20180605/jetty-xml-9.3.24.v20180605.jar:/home/user/.m2/repository/log4j/log4j/1.2.17/log4j-1.2.17.jar:/home/user/.m2/repository/org/slf4j/slf4j-api/1.7.25/slf4j-api-1.7.25.jar:/home/user/.m2/repository/org/slf4j/jul-to-slf4j/1.7.25/jul-to-slf4j-1.7.25.jar:/home/user/.m2/repository/org/eclipse/jetty/jetty-util/9.3.24.v20180605/jetty-util-9.3.24.v20180605.jar:/home/user/.m2/repository/com/fasterxml/jackson/core/jackson-databind/2.9.5/jackson-databind-2.9.5.jar:/home/user/.m2/repository/org/apache/hadoop/hadoop-kms/3.2.0/hadoop-kms-3.2.0-tests.jar:/home/user/.m2/repository/org/apache/hadoop/hadoop-hdds-server-scm/0.5.0-SNAPSHOT/hadoop-hdds-server-scm-0.5.0-SNAPSHOT-tests.jar:/home/user/.m2/repository/org/apache/hadoop/hadoop-hdds-container-service/0.5.0-SNAPSHOT/hadoop-hdds-container-service-0.5.0-SNAPSHOT-tests.jar:/home/user/.m2/repository/org/yaml/snakeyaml/1.16/snakeyaml-1.16.jar:/home/user/.m2/repository/org/apache/hadoop/hadoop-common/3.2.0/hadoop-common-3.2.0-tests.jar:/home/user/.m2/repository/org/apache/hadoop/hadoop-annotations/3.2.0/hadoop-annotations-3.2.0.jar:/usr/lib/jvm/java-1.8-openjdk/jre/../lib/tools.jar:/home/user/.m2/repository/commons-cli/commons-cli/1.2/commons-cli-1.2.jar:/home/user/.m2/repository/org/apache/httpcomponents/httpclient/4.5.2/httpclient-4.5.2.jar:/home/user/.m2/repository/org/apache/httpcomponents/httpcore/4.4.4/httpcore-4.4.4.jar:/home/user/.m2/repository/commons-codec/commons-codec/1.11/commons-codec-1.11.jar:/home/user/.m2/repository/commons-net/commons-net/3.6/commons-net-3.6.jar:/home/user/.m2/repository/commons-collections/commons-collections/3.2.2/commons-collections-3.2.2.jar:/home/user/.m2/repository/org/eclipse/jetty/jetty-servlet/9.3.24.v20180605/jetty-servlet-9.3.24.v20180605.jar:/home/user/.m2/repository/org/eclipse/jetty/jetty-security/9.3.24.v20180605/jetty-security-9.3.24.v20180605.jar:/home/user/.m2/repository/javax/servlet/jsp/jsp-api/2.1/jsp-api-2.1.jar:/home/user/.m2/repository/com/sun/jersey/jersey-servlet/1.19/jersey-servlet-1.19.jar:/home/user/.m2/repository/com/sun/jersey/jersey-json/1.19/jersey-json-1.19.jar:/home/user/.m2/repository/org/codehaus/jettison/jettison/1.1/jettison-1.1.jar:/home/user/.m2/repository/org/codehaus/jackson/jackson-core-asl/1.9.13/jackson-core-asl-1.9.13.jar:/home/user/.m2/repository/org/codehaus/jackson/jackson-mapper-asl/1.9.13/jackson-mapper-asl-1.9.13.jar:/home/user/.m2/repository/org/codehaus/jackson/jackson-jaxrs/1.9.13/jackson-jaxrs-1.9.13.jar:/home/user/.m2/repository/org/codehaus/jackson/jackson-xc/1.9.13/jackson-xc-1.9.13.jar:/home/user/.m2/repository/commons-logging/commons-logging/1.1.3/commons-logging-1.1.3.jar:/home/user/.m2/repository/commons-beanutils/commons-beanutils/1.9.3/commons-beanutils-1.9.3.jar:/home/user/.m2/repository/org/apache/commons/commons-configuration2/2.1.1/commons-configuration2-2.1.1.jar:/home/user/.m2/repository/org/apache/commons/commons-lang3/3.7/commons-lang3-3.7.jar:/home/user/.m2/repository/org/apache/commons/commons-text/1.4/commons-text-1.4.jar:/home/user/.m2/repository/org/apache/avro/avro/1.7.7/avro-1.7.7.jar:/home/user/.m2/repository/com/thoughtworks/paranamer/paranamer/2.3/paranamer-2.3.jar:/home/user/.m2/repository/org/xerial/snappy/snappy-java/1.0.5/snappy-java-1.0.5.jar:/home/user/.m2/repository/com/google/re2j/re2j/1.1/re2j-1.1.jar:/home/user/.m2/repository/com/google/code/gson/gson/2.2.4/gson-2.2.4.jar:/home/user/.m2/repository/com/jcraft/jsch/0.1.54/jsch-0.1.54.jar:/home/user/.m2/repository/org/apache/curator/curator-client/2.12.0/curator-client-2.12.0.jar:/home/user/.m2/repository/org/apache/curator/curator-recipes/2.12.0/curator-recipes-2.12.0.jar:/home/user/.m2/repository/com/google/code/findbugs/jsr305/3.0.0/jsr305-3.0.0.jar:/home/user/.m2/repository/org/apache/htrace/htrace-core4/4.1.0-incubating/htrace-core4-4.1.0-incubating.jar:/home/user/.m2/repository/org/apache/zookeeper/zookeeper/3.4.13/zookeeper-3.4.13.jar:/home/user/.m2/repository/org/apache/yetus/audience-annotations/0.5.0/audience-annotations-0.5.0.jar:/home/user/.m2/repository/org/codehaus/woodstox/stax2-api/3.1.4/stax2-api-3.1.4.jar:/home/user/.m2/repository/com/fasterxml/woodstox/woodstox-core/5.0.3/woodstox-core-5.0.3.jar:/home/user/.m2/repository/dnsjava/dnsjava/2.1.7/dnsjava-2.1.7.jar:/home/user/.m2/repository/org/apache/hadoop/hadoop-hdfs/3.2.0/hadoop-hdfs-3.2.0-tests.jar:/home/user/.m2/repository/org/eclipse/jetty/jetty-util-ajax/9.3.24.v20180605/jetty-util-ajax-9.3.24.v20180605.jar:/home/user/.m2/repository/commons-daemon/commons-daemon/1.0.13/commons-daemon-1.0.13.jar:/home/user/.m2/repository/io/netty/netty/3.10.5.Final/netty-3.10.5.Final.jar:/home/user/.m2/repository/io/netty/netty-all/4.0.52.Final/netty-all-4.0.52.Final.jar:/home/user/.m2/repository/org/fusesource/leveldbjni/leveldbjni-all/1.8/leveldbjni-all-1.8.jar:"/>
    <property name="java.vm.vendor" value="IcedTea"/>
    <property name="sun.arch.data.model" value="64"/>
    <property name="test.build.dir" value="/workdir/hadoop-ozone/integration-test/target/test-dir"/>
    <property name="test.cache.data" value=""/>
    <property name="java.vendor.url" value="https://icedtea.classpath.org"/>
    <property name="user.timezone" value=""/>
    <property name="java.vm.specification.version" value="1.8"/>
    <property name="os.name" value="Linux"/>
    <property name="test.build.data" value="/workdir/hadoop-ozone/integration-test/target/test-dir"/>
    <property name="user.country" value="US"/>
    <property name="sun.java.launcher" value="SUN_STANDARD"/>
    <property name="sun.boot.library.path" value="/usr/lib/jvm/java-1.8-openjdk/jre/lib/amd64"/>
    <property name="sun.java.command" value="/workdir/hadoop-ozone/integration-test/target/surefire/surefirebooter4181614871565022049.jar /workdir/hadoop-ozone/integration-test/target/surefire 2019-09-20T09-23-56_214-jvmRun1 surefire2933527073973331270tmp surefire_187181679217260824026tmp"/>
    <property name="test" value="!TestMiniChaosOzoneCluster"/>
    <property name="surefire.test.class.path" value="/workdir/hadoop-ozone/integration-test/target/test-classes:/workdir/hadoop-ozone/integration-test/target/classes:/home/user/.m2/repository/org/apache/hadoop/hadoop-ozone-common/0.5.0-SNAPSHOT/hadoop-ozone-common-0.5.0-SNAPSHOT.jar:/home/user/.m2/repository/org/apache/commons/commons-compress/1.4.1/commons-compress-1.4.1.jar:/home/user/.m2/repository/org/tukaani/xz/1.0/xz-1.0.jar:/home/user/.m2/repository/org/apache/hadoop/hadoop-common/3.2.0/hadoop-common-3.2.0.jar:/home/user/.m2/repository/org/apache/hadoop/hadoop-hdfs/3.2.0/hadoop-hdfs-3.2.0.jar:/home/user/.m2/repository/org/apache/hadoop/hadoop-hdfs-client/3.2.0/hadoop-hdfs-client-3.2.0.jar:/home/user/.m2/repository/com/fasterxml/jackson/core/jackson-annotations/2.9.5/jackson-annotations-2.9.5.jar:/home/user/.m2/repository/org/apache/hadoop/hadoop-hdds-common/0.5.0-SNAPSHOT/hadoop-hdds-common-0.5.0-SNAPSHOT.jar:/home/user/.m2/repository/javax/annotation/javax.annotation-api/1.2/javax.annotation-api-1.2.jar:/home/user/.m2/repository/org/apache/ratis/ratis-server/0.4.0-2337318-SNAPSHOT/ratis-server-0.4.0-2337318-SNAPSHOT.jar:/home/user/.m2/repository/org/apache/ratis/ratis-thirdparty-misc/0.2.0/ratis-thirdparty-misc-0.2.0.jar:/home/user/.m2/repository/org/apache/ratis/ratis-proto/0.4.0-2337318-SNAPSHOT/ratis-proto-0.4.0-2337318-SNAPSHOT.jar:/home/user/.m2/repository/org/apache/ratis/ratis-common/0.4.0-2337318-SNAPSHOT/ratis-common-0.4.0-2337318-SNAPSHOT.jar:/home/user/.m2/repository/org/apache/ratis/ratis-client/0.4.0-2337318-SNAPSHOT/ratis-client-0.4.0-2337318-SNAPSHOT.jar:/home/user/.m2/repository/org/apache/ratis/ratis-metrics/0.4.0-2337318-SNAPSHOT/ratis-metrics-0.4.0-2337318-SNAPSHOT.jar:/home/user/.m2/repository/org/apache/ratis/ratis-netty/0.4.0-2337318-SNAPSHOT/ratis-netty-0.4.0-2337318-SNAPSHOT.jar:/home/user/.m2/repository/org/apache/ratis/ratis-grpc/0.4.0-2337318-SNAPSHOT/ratis-grpc-0.4.0-2337318-SNAPSHOT.jar:/home/user/.m2/repository/org/rocksdb/rocksdbjni/6.0.1/rocksdbjni-6.0.1.jar:/home/user/.m2/repository/org/apache/logging/log4j/log4j-api/2.11.0/log4j-api-2.11.0.jar:/home/user/.m2/repository/org/apache/logging/log4j/log4j-core/2.11.0/log4j-core-2.11.0.jar:/home/user/.m2/repository/com/lmax/disruptor/3.4.2/disruptor-3.4.2.jar:/home/user/.m2/repository/org/apache/commons/commons-pool2/2.6.0/commons-pool2-2.6.0.jar:/home/user/.m2/repository/org/bouncycastle/bcpkix-jdk15on/1.60/bcpkix-jdk15on-1.60.jar:/home/user/.m2/repository/commons-validator/commons-validator/1.6/commons-validator-1.6.jar:/home/user/.m2/repository/commons-digester/commons-digester/1.8.1/commons-digester-1.8.1.jar:/home/user/.m2/repository/io/jaegertracing/jaeger-client/0.33.1/jaeger-client-0.33.1.jar:/home/user/.m2/repository/io/jaegertracing/jaeger-thrift/0.33.1/jaeger-thrift-0.33.1.jar:/home/user/.m2/repository/org/apache/thrift/libthrift/0.11.0/libthrift-0.11.0.jar:/home/user/.m2/repository/com/squareup/okhttp3/okhttp/3.9.0/okhttp-3.9.0.jar:/home/user/.m2/repository/com/squareup/okio/okio/1.13.0/okio-1.13.0.jar:/home/user/.m2/repository/io/jaegertracing/jaeger-core/0.33.1/jaeger-core-0.33.1.jar:/home/user/.m2/repository/io/jaegertracing/jaeger-tracerresolver/0.33.1/jaeger-tracerresolver-0.33.1.jar:/home/user/.m2/repository/io/opentracing/contrib/opentracing-tracerresolver/0.1.5/opentracing-tracerresolver-0.1.5.jar:/home/user/.m2/repository/io/opentracing/opentracing-util/0.31.0/opentracing-util-0.31.0.jar:/home/user/.m2/repository/io/opentracing/opentracing-api/0.31.0/opentracing-api-0.31.0.jar:/home/user/.m2/repository/io/opentracing/opentracing-noop/0.31.0/opentracing-noop-0.31.0.jar:/home/user/.m2/repository/org/apache/hadoop/hadoop-hdds-server-framework/0.5.0-SNAPSHOT/hadoop-hdds-server-framework-0.5.0-SNAPSHOT.jar:/home/user/.m2/repository/org/apache/hadoop/hadoop-hdds-container-service/0.5.0-SNAPSHOT/hadoop-hdds-container-service-0.5.0-SNAPSHOT.jar:/home/user/.m2/repository/org/apache/hadoop/hadoop-hdds-client/0.5.0-SNAPSHOT/hadoop-hdds-client-0.5.0-SNAPSHOT.jar:/home/user/.m2/repository/org/apache/hadoop/hadoop-hdds-tools/0.5.0-SNAPSHOT/hadoop-hdds-tools-0.5.0-SNAPSHOT.jar:/home/user/.m2/repository/org/apache/hadoop/hadoop-hdds-server-scm/0.5.0-SNAPSHOT/hadoop-hdds-server-scm-0.5.0-SNAPSHOT.jar:/home/user/.m2/repository/org/apache/hadoop/hadoop-hdds-docs/0.5.0-SNAPSHOT/hadoop-hdds-docs-0.5.0-SNAPSHOT.jar:/home/user/.m2/repository/io/dropwizard/metrics/metrics-core/3.2.4/metrics-core-3.2.4.jar:/home/user/.m2/repository/org/hamcrest/hamcrest-all/1.3/hamcrest-all-1.3.jar:/home/user/.m2/repository/org/bouncycastle/bcprov-jdk15on/1.60/bcprov-jdk15on-1.60.jar:/home/user/.m2/repository/info/picocli/picocli/3.9.6/picocli-3.9.6.jar:/home/user/.m2/repository/com/google/protobuf/protobuf-java/2.5.0/protobuf-java-2.5.0.jar:/home/user/.m2/repository/com/google/guava/guava/11.0.2/guava-11.0.2.jar:/home/user/.m2/repository/org/apache/hadoop/hadoop-ozone-ozone-manager/0.5.0-SNAPSHOT/hadoop-ozone-ozone-manager-0.5.0-SNAPSHOT.jar:/home/user/.m2/repository/org/apache/hadoop/hadoop-minikdc/3.2.0/hadoop-minikdc-3.2.0.jar:/home/user/.m2/repository/commons-io/commons-io/2.5/commons-io-2.5.jar:/home/user/.m2/repository/org/apache/kerby/kerb-simplekdc/1.0.1/kerb-simplekdc-1.0.1.jar:/home/user/.m2/repository/org/apache/kerby/kerb-client/1.0.1/kerb-client-1.0.1.jar:/home/user/.m2/repository/org/apache/kerby/kerby-config/1.0.1/kerby-config-1.0.1.jar:/home/user/.m2/repository/org/apache/kerby/kerb-core/1.0.1/kerb-core-1.0.1.jar:/home/user/.m2/repository/org/apache/kerby/kerby-pkix/1.0.1/kerby-pkix-1.0.1.jar:/home/user/.m2/repository/org/apache/kerby/kerby-asn1/1.0.1/kerby-asn1-1.0.1.jar:/home/user/.m2/repository/org/apache/kerby/kerby-util/1.0.1/kerby-util-1.0.1.jar:/home/user/.m2/repository/org/apache/kerby/kerb-common/1.0.1/kerb-common-1.0.1.jar:/home/user/.m2/repository/org/apache/kerby/kerb-crypto/1.0.1/kerb-crypto-1.0.1.jar:/home/user/.m2/repository/org/apache/kerby/kerb-util/1.0.1/kerb-util-1.0.1.jar:/home/user/.m2/repository/org/apache/kerby/token-provider/1.0.1/token-provider-1.0.1.jar:/home/user/.m2/repository/org/apache/kerby/kerb-admin/1.0.1/kerb-admin-1.0.1.jar:/home/user/.m2/repository/org/apache/kerby/kerb-server/1.0.1/kerb-server-1.0.1.jar:/home/user/.m2/repository/org/apache/kerby/kerb-identity/1.0.1/kerb-identity-1.0.1.jar:/home/user/.m2/repository/org/apache/kerby/kerby-xdr/1.0.1/kerby-xdr-1.0.1.jar:/home/user/.m2/repository/org/slf4j/slf4j-log4j12/1.7.25/slf4j-log4j12-1.7.25.jar:/home/user/.m2/repository/org/apache/hadoop/hadoop-ozone-objectstore-service/0.5.0-SNAPSHOT/hadoop-ozone-objectstore-service-0.5.0-SNAPSHOT.jar:/home/user/.m2/repository/org/apache/hadoop/hadoop-ozone-s3gateway/0.5.0-SNAPSHOT/hadoop-ozone-s3gateway-0.5.0-SNAPSHOT.jar:/home/user/.m2/repository/org/jboss/weld/servlet/weld-servlet/2.4.7.Final/weld-servlet-2.4.7.Final.jar:/home/user/.m2/repository/org/glassfish/jersey/containers/jersey-container-servlet-core/2.27/jersey-container-servlet-core-2.27.jar:/home/user/.m2/repository/org/glassfish/hk2/external/javax.inject/2.5.0-b42/javax.inject-2.5.0-b42.jar:/home/user/.m2/repository/org/glassfish/jersey/core/jersey-common/2.27/jersey-common-2.27.jar:/home/user/.m2/repository/org/glassfish/hk2/osgi-resource-locator/1.0.1/osgi-resource-locator-1.0.1.jar:/home/user/.m2/repository/javax/ws/rs/javax.ws.rs-api/2.1/javax.ws.rs-api-2.1.jar:/home/user/.m2/repository/org/glassfish/jersey/ext/cdi/jersey-cdi1x/2.27/jersey-cdi1x-2.27.jar:/home/user/.m2/repository/org/glassfish/jersey/inject/jersey-hk2/2.27/jersey-hk2-2.27.jar:/home/user/.m2/repository/org/glassfish/hk2/hk2-locator/2.5.0-b42/hk2-locator-2.5.0-b42.jar:/home/user/.m2/repository/org/javassist/javassist/3.22.0-CR2/javassist-3.22.0-CR2.jar:/home/user/.m2/repository/org/glassfish/hk2/hk2-api/2.5.0/hk2-api-2.5.0.jar:/home/user/.m2/repository/org/glassfish/hk2/external/jakarta.inject/2.5.0/jakarta.inject-2.5.0.jar:/home/user/.m2/repository/org/glassfish/hk2/hk2-utils/2.5.0/hk2-utils-2.5.0.jar:/home/user/.m2/repository/jakarta/annotation/jakarta.annotation-api/1.3.4/jakarta.annotation-api-1.3.4.jar:/home/user/.m2/repository/org/glassfish/hk2/external/aopalliance-repackaged/2.5.0/aopalliance-repackaged-2.5.0.jar:/home/user/.m2/repository/com/fasterxml/jackson/dataformat/jackson-dataformat-xml/2.9.0/jackson-dataformat-xml-2.9.0.jar:/home/user/.m2/repository/com/fasterxml/jackson/core/jackson-core/2.9.5/jackson-core-2.9.5.jar:/home/user/.m2/repository/com/fasterxml/jackson/module/jackson-module-jaxb-annotations/2.9.5/jackson-module-jaxb-annotations-2.9.5.jar:/home/user/.m2/repository/javax/enterprise/cdi-api/1.2/cdi-api-1.2.jar:/home/user/.m2/repository/javax/el/javax.el-api/3.0.0/javax.el-api-3.0.0.jar:/home/user/.m2/repository/javax/interceptor/javax.interceptor-api/1.2/javax.interceptor-api-1.2.jar:/home/user/.m2/repository/javax/inject/javax.inject/1/javax.inject-1.jar:/home/user/.m2/repository/com/sun/xml/bind/jaxb-impl/2.3.0.1/jaxb-impl-2.3.0.1.jar:/home/user/.m2/repository/com/sun/xml/bind/jaxb-core/2.3.0.1/jaxb-core-2.3.0.1.jar:/home/user/.m2/repository/javax/xml/bind/jaxb-api/2.3.0/jaxb-api-2.3.0.jar:/home/user/.m2/repository/javax/activation/activation/1.1.1/activation-1.1.1.jar:/home/user/.m2/repository/org/apache/hadoop/hadoop-ozone-csi/0.5.0-SNAPSHOT/hadoop-ozone-csi-0.5.0-SNAPSHOT.jar:/home/user/.m2/repository/com/google/protobuf/protobuf-java-util/3.5.1/protobuf-java-util-3.5.1.jar:/home/user/.m2/repository/org/apache/hadoop/hadoop-hdds-config/0.5.0-SNAPSHOT/hadoop-hdds-config-0.5.0-SNAPSHOT.jar:/home/user/.m2/repository/io/grpc/grpc-netty/1.17.1/grpc-netty-1.17.1.jar:/home/user/.m2/repository/io/grpc/grpc-core/1.17.1/grpc-core-1.17.1.jar:/home/user/.m2/repository/io/grpc/grpc-context/1.17.1/grpc-context-1.17.1.jar:/home/user/.m2/repository/com/google/errorprone/error_prone_annotations/2.2.0/error_prone_annotations-2.2.0.jar:/home/user/.m2/repository/org/codehaus/mojo/animal-sniffer-annotations/1.17/animal-sniffer-annotations-1.17.jar:/home/user/.m2/repository/io/opencensus/opencensus-api/0.17.0/opencensus-api-0.17.0.jar:/home/user/.m2/repository/io/opencensus/opencensus-contrib-grpc-metrics/0.17.0/opencensus-contrib-grpc-metrics-0.17.0.jar:/home/user/.m2/repository/io/netty/netty-codec-http2/4.1.30.Final/netty-codec-http2-4.1.30.Final.jar:/home/user/.m2/repository/io/netty/netty-codec-http/4.1.30.Final/netty-codec-http-4.1.30.Final.jar:/home/user/.m2/repository/io/netty/netty-codec/4.1.30.Final/netty-codec-4.1.30.Final.jar:/home/user/.m2/repository/io/netty/netty-handler/4.1.30.Final/netty-handler-4.1.30.Final.jar:/home/user/.m2/repository/io/netty/netty-handler-proxy/4.1.30.Final/netty-handler-proxy-4.1.30.Final.jar:/home/user/.m2/repository/io/netty/netty-codec-socks/4.1.30.Final/netty-codec-socks-4.1.30.Final.jar:/home/user/.m2/repository/io/netty/netty-transport-native-epoll/4.1.30.Final/netty-transport-native-epoll-4.1.30.Final.jar:/home/user/.m2/repository/io/netty/netty-common/4.1.30.Final/netty-common-4.1.30.Final.jar:/home/user/.m2/repository/io/netty/netty-buffer/4.1.30.Final/netty-buffer-4.1.30.Final.jar:/home/user/.m2/repository/io/netty/netty-transport/4.1.30.Final/netty-transport-4.1.30.Final.jar:/home/user/.m2/repository/io/netty/netty-resolver/4.1.30.Final/netty-resolver-4.1.30.Final.jar:/home/user/.m2/repository/io/netty/netty-transport-native-unix-common/4.1.30.Final/netty-transport-native-unix-common-4.1.30.Final.jar:/home/user/.m2/repository/io/grpc/grpc-protobuf/1.17.1/grpc-protobuf-1.17.1.jar:/home/user/.m2/repository/com/google/api/grpc/proto-google-common-protos/1.0.0/proto-google-common-protos-1.0.0.jar:/home/user/.m2/repository/io/grpc/grpc-protobuf-lite/1.17.1/grpc-protobuf-lite-1.17.1.jar:/home/user/.m2/repository/io/grpc/grpc-stub/1.17.1/grpc-stub-1.17.1.jar:/home/user/.m2/repository/org/apache/hadoop/hadoop-ozone-recon/0.5.0-SNAPSHOT/hadoop-ozone-recon-0.5.0-SNAPSHOT.jar:/home/user/.m2/repository/org/apache/hadoop/hadoop-ozone-reconcodegen/0.5.0-SNAPSHOT/hadoop-ozone-reconcodegen-0.5.0-SNAPSHOT.jar:/home/user/.m2/repository/com/google/inject/extensions/guice-multibindings/4.0/guice-multibindings-4.0.jar:/home/user/.m2/repository/com/google/inject/guice/4.0/guice-4.0.jar:/home/user/.m2/repository/aopalliance/aopalliance/1.0/aopalliance-1.0.jar:/home/user/.m2/repository/com/google/inject/extensions/guice-servlet/4.0/guice-servlet-4.0.jar:/home/user/.m2/repository/org/glassfish/jersey/containers/jersey-container-servlet/2.27/jersey-container-servlet-2.27.jar:/home/user/.m2/repository/org/glassfish/hk2/guice-bridge/2.5.0/guice-bridge-2.5.0.jar:/home/user/.m2/repository/org/glassfish/jersey/core/jersey-server/2.27/jersey-server-2.27.jar:/home/user/.m2/repository/org/glassfish/jersey/core/jersey-client/2.27/jersey-client-2.27.jar:/home/user/.m2/repository/org/glassfish/jersey/media/jersey-media-jaxb/2.27/jersey-media-jaxb-2.27.jar:/home/user/.m2/repository/javax/validation/validation-api/1.1.0.Final/validation-api-1.1.0.Final.jar:/home/user/.m2/repository/org/glassfish/jersey/media/jersey-media-json-jackson/2.27/jersey-media-json-jackson-2.27.jar:/home/user/.m2/repository/org/glassfish/jersey/ext/jersey-entity-filtering/2.27/jersey-entity-filtering-2.27.jar:/home/user/.m2/repository/com/google/inject/extensions/guice-assistedinject/4.0/guice-assistedinject-4.0.jar:/home/user/.m2/repository/org/jooq/jooq/3.11.10/jooq-3.11.10.jar:/home/user/.m2/repository/org/jooq/jooq-meta/3.11.10/jooq-meta-3.11.10.jar:/home/user/.m2/repository/org/jooq/jooq-codegen/3.11.10/jooq-codegen-3.11.10.jar:/home/user/.m2/repository/com/jolbox/bonecp/0.8.0.RELEASE/bonecp-0.8.0.RELEASE.jar:/home/user/.m2/repository/org/xerial/sqlite-jdbc/3.25.2/sqlite-jdbc-3.25.2.jar:/home/user/.m2/repository/org/springframework/spring-jdbc/5.1.3.RELEASE/spring-jdbc-5.1.3.RELEASE.jar:/home/user/.m2/repository/org/springframework/spring-beans/5.1.3.RELEASE/spring-beans-5.1.3.RELEASE.jar:/home/user/.m2/repository/org/springframework/spring-core/5.1.3.RELEASE/spring-core-5.1.3.RELEASE.jar:/home/user/.m2/repository/org/springframework/spring-jcl/5.1.3.RELEASE/spring-jcl-5.1.3.RELEASE.jar:/home/user/.m2/repository/org/springframework/spring-tx/5.1.3.RELEASE/spring-tx-5.1.3.RELEASE.jar:/home/user/.m2/repository/org/apache/hadoop/hadoop-ozone-client/0.5.0-SNAPSHOT/hadoop-ozone-client-0.5.0-SNAPSHOT.jar:/home/user/.m2/repository/commons-lang/commons-lang/2.6/commons-lang-2.6.jar:/home/user/.m2/repository/org/apache/hadoop/hadoop-ozone-ozone-manager/0.5.0-SNAPSHOT/hadoop-ozone-ozone-manager-0.5.0-SNAPSHOT-tests.jar:/home/user/.m2/repository/junit/junit/4.11/junit-4.11.jar:/home/user/.m2/repository/org/hamcrest/hamcrest-core/1.3/hamcrest-core-1.3.jar:/home/user/.m2/repository/org/openjdk/jmh/jmh-core/1.19/jmh-core-1.19.jar:/home/user/.m2/repository/net/sf/jopt-simple/jopt-simple/4.6/jopt-simple-4.6.jar:/home/user/.m2/repository/org/apache/commons/commons-math3/3.1.1/commons-math3-3.1.1.jar:/home/user/.m2/repository/org/openjdk/jmh/jmh-generator-annprocess/1.19/jmh-generator-annprocess-1.19.jar:/home/user/.m2/repository/org/mockito/mockito-all/1.8.5/mockito-all-1.8.5.jar:/home/user/.m2/repository/org/apache/hadoop/hadoop-kms/3.2.0/hadoop-kms-3.2.0.jar:/home/user/.m2/repository/org/apache/hadoop/hadoop-auth/3.2.0/hadoop-auth-3.2.0.jar:/home/user/.m2/repository/com/nimbusds/nimbus-jose-jwt/4.41.1/nimbus-jose-jwt-4.41.1.jar:/home/user/.m2/repository/com/github/stephenc/jcip/jcip-annotations/1.0-1/jcip-annotations-1.0-1.jar:/home/user/.m2/repository/net/minidev/json-smart/2.3/json-smart-2.3.jar:/home/user/.m2/repository/net/minidev/accessors-smart/1.2/accessors-smart-1.2.jar:/home/user/.m2/repository/org/ow2/asm/asm/5.0.4/asm-5.0.4.jar:/home/user/.m2/repository/org/apache/curator/curator-framework/2.12.0/curator-framework-2.12.0.jar:/home/user/.m2/repository/com/sun/jersey/jersey-core/1.19/jersey-core-1.19.jar:/home/user/.m2/repository/javax/ws/rs/jsr311-api/1.1.1/jsr311-api-1.1.1.jar:/home/user/.m2/repository/com/sun/jersey/jersey-server/1.19/jersey-server-1.19.jar:/home/user/.m2/repository/javax/servlet/javax.servlet-api/3.1.0/javax.servlet-api-3.1.0.jar:/home/user/.m2/repository/org/eclipse/jetty/jetty-server/9.3.24.v20180605/jetty-server-9.3.24.v20180605.jar:/home/user/.m2/repository/org/eclipse/jetty/jetty-http/9.3.24.v20180605/jetty-http-9.3.24.v20180605.jar:/home/user/.m2/repository/org/eclipse/jetty/jetty-io/9.3.24.v20180605/jetty-io-9.3.24.v20180605.jar:/home/user/.m2/repository/org/eclipse/jetty/jetty-webapp/9.3.24.v20180605/jetty-webapp-9.3.24.v20180605.jar:/home/user/.m2/repository/org/eclipse/jetty/jetty-xml/9.3.24.v20180605/jetty-xml-9.3.24.v20180605.jar:/home/user/.m2/repository/log4j/log4j/1.2.17/log4j-1.2.17.jar:/home/user/.m2/repository/org/slf4j/slf4j-api/1.7.25/slf4j-api-1.7.25.jar:/home/user/.m2/repository/org/slf4j/jul-to-slf4j/1.7.25/jul-to-slf4j-1.7.25.jar:/home/user/.m2/repository/org/eclipse/jetty/jetty-util/9.3.24.v20180605/jetty-util-9.3.24.v20180605.jar:/home/user/.m2/repository/com/fasterxml/jackson/core/jackson-databind/2.9.5/jackson-databind-2.9.5.jar:/home/user/.m2/repository/org/apache/hadoop/hadoop-kms/3.2.0/hadoop-kms-3.2.0-tests.jar:/home/user/.m2/repository/org/apache/hadoop/hadoop-hdds-server-scm/0.5.0-SNAPSHOT/hadoop-hdds-server-scm-0.5.0-SNAPSHOT-tests.jar:/home/user/.m2/repository/org/apache/hadoop/hadoop-hdds-container-service/0.5.0-SNAPSHOT/hadoop-hdds-container-service-0.5.0-SNAPSHOT-tests.jar:/home/user/.m2/repository/org/yaml/snakeyaml/1.16/snakeyaml-1.16.jar:/home/user/.m2/repository/org/apache/hadoop/hadoop-common/3.2.0/hadoop-common-3.2.0-tests.jar:/home/user/.m2/repository/org/apache/hadoop/hadoop-annotations/3.2.0/hadoop-annotations-3.2.0.jar:/usr/lib/jvm/java-1.8-openjdk/jre/../lib/tools.jar:/home/user/.m2/repository/commons-cli/commons-cli/1.2/commons-cli-1.2.jar:/home/user/.m2/repository/org/apache/httpcomponents/httpclient/4.5.2/httpclient-4.5.2.jar:/home/user/.m2/repository/org/apache/httpcomponents/httpcore/4.4.4/httpcore-4.4.4.jar:/home/user/.m2/repository/commons-codec/commons-codec/1.11/commons-codec-1.11.jar:/home/user/.m2/repository/commons-net/commons-net/3.6/commons-net-3.6.jar:/home/user/.m2/repository/commons-collections/commons-collections/3.2.2/commons-collections-3.2.2.jar:/home/user/.m2/repository/org/eclipse/jetty/jetty-servlet/9.3.24.v20180605/jetty-servlet-9.3.24.v20180605.jar:/home/user/.m2/repository/org/eclipse/jetty/jetty-security/9.3.24.v20180605/jetty-security-9.3.24.v20180605.jar:/home/user/.m2/repository/javax/servlet/jsp/jsp-api/2.1/jsp-api-2.1.jar:/home/user/.m2/repository/com/sun/jersey/jersey-servlet/1.19/jersey-servlet-1.19.jar:/home/user/.m2/repository/com/sun/jersey/jersey-json/1.19/jersey-json-1.19.jar:/home/user/.m2/repository/org/codehaus/jettison/jettison/1.1/jettison-1.1.jar:/home/user/.m2/repository/org/codehaus/jackson/jackson-core-asl/1.9.13/jackson-core-asl-1.9.13.jar:/home/user/.m2/repository/org/codehaus/jackson/jackson-mapper-asl/1.9.13/jackson-mapper-asl-1.9.13.jar:/home/user/.m2/repository/org/codehaus/jackson/jackson-jaxrs/1.9.13/jackson-jaxrs-1.9.13.jar:/home/user/.m2/repository/org/codehaus/jackson/jackson-xc/1.9.13/jackson-xc-1.9.13.jar:/home/user/.m2/repository/commons-logging/commons-logging/1.1.3/commons-logging-1.1.3.jar:/home/user/.m2/repository/commons-beanutils/commons-beanutils/1.9.3/commons-beanutils-1.9.3.jar:/home/user/.m2/repository/org/apache/commons/commons-configuration2/2.1.1/commons-configuration2-2.1.1.jar:/home/user/.m2/repository/org/apache/commons/commons-lang3/3.7/commons-lang3-3.7.jar:/home/user/.m2/repository/org/apache/commons/commons-text/1.4/commons-text-1.4.jar:/home/user/.m2/repository/org/apache/avro/avro/1.7.7/avro-1.7.7.jar:/home/user/.m2/repository/com/thoughtworks/paranamer/paranamer/2.3/paranamer-2.3.jar:/home/user/.m2/repository/org/xerial/snappy/snappy-java/1.0.5/snappy-java-1.0.5.jar:/home/user/.m2/repository/com/google/re2j/re2j/1.1/re2j-1.1.jar:/home/user/.m2/repository/com/google/code/gson/gson/2.2.4/gson-2.2.4.jar:/home/user/.m2/repository/com/jcraft/jsch/0.1.54/jsch-0.1.54.jar:/home/user/.m2/repository/org/apache/curator/curator-client/2.12.0/curator-client-2.12.0.jar:/home/user/.m2/repository/org/apache/curator/curator-recipes/2.12.0/curator-recipes-2.12.0.jar:/home/user/.m2/repository/com/google/code/findbugs/jsr305/3.0.0/jsr305-3.0.0.jar:/home/user/.m2/repository/org/apache/htrace/htrace-core4/4.1.0-incubating/htrace-core4-4.1.0-incubating.jar:/home/user/.m2/repository/org/apache/zookeeper/zookeeper/3.4.13/zookeeper-3.4.13.jar:/home/user/.m2/repository/org/apache/yetus/audience-annotations/0.5.0/audience-annotations-0.5.0.jar:/home/user/.m2/repository/org/codehaus/woodstox/stax2-api/3.1.4/stax2-api-3.1.4.jar:/home/user/.m2/repository/com/fasterxml/woodstox/woodstox-core/5.0.3/woodstox-core-5.0.3.jar:/home/user/.m2/repository/dnsjava/dnsjava/2.1.7/dnsjava-2.1.7.jar:/home/user/.m2/repository/org/apache/hadoop/hadoop-hdfs/3.2.0/hadoop-hdfs-3.2.0-tests.jar:/home/user/.m2/repository/org/eclipse/jetty/jetty-util-ajax/9.3.24.v20180605/jetty-util-ajax-9.3.24.v20180605.jar:/home/user/.m2/repository/commons-daemon/commons-daemon/1.0.13/commons-daemon-1.0.13.jar:/home/user/.m2/repository/io/netty/netty/3.10.5.Final/netty-3.10.5.Final.jar:/home/user/.m2/repository/io/netty/netty-all/4.0.52.Final/netty-all-4.0.52.Final.jar:/home/user/.m2/repository/org/fusesource/leveldbjni/leveldbjni-all/1.8/leveldbjni-all-1.8.jar:"/>
    <property name="sun.cpu.endian" value="little"/>
    <property name="user.home" value="/home/user"/>
    <property name="user.language" value="en"/>
    <property name="java.specification.vendor" value="Oracle Corporation"/>
    <property name="java.home" value="/usr/lib/jvm/java-1.8-openjdk/jre"/>
    <property name="java.security.krb5.conf" value="/workdir/hadoop-ozone/integration-test/target/test-classes/krb5.conf"/>
    <property name="basedir" value="/workdir/hadoop-ozone/integration-test"/>
    <property name="file.separator" value="/"/>
    <property name="line.separator" value="&#10;"/>
    <property name="java.vm.specification.vendor" value="Oracle Corporation"/>
    <property name="java.specification.name" value="Java Platform API Specification"/>
    <property name="java.awt.graphicsenv" value="sun.awt.X11GraphicsEnvironment"/>
    <property name="surefire.real.class.path" value="/workdir/hadoop-ozone/integration-test/target/surefire/surefirebooter4181614871565022049.jar"/>
    <property name="hadoop.log.dir" value="/workdir/hadoop-ozone/integration-test/target/log"/>
    <property name="sun.boot.class.path" value="/usr/lib/jvm/java-1.8-openjdk/jre/lib/resources.jar:/usr/lib/jvm/java-1.8-openjdk/jre/lib/rt.jar:/usr/lib/jvm/java-1.8-openjdk/jre/lib/sunrsasign.jar:/usr/lib/jvm/java-1.8-openjdk/jre/lib/jsse.jar:/usr/lib/jvm/java-1.8-openjdk/jre/lib/jce.jar:/usr/lib/jvm/java-1.8-openjdk/jre/lib/charsets.jar:/usr/lib/jvm/java-1.8-openjdk/jre/lib/jfr.jar:/usr/lib/jvm/java-1.8-openjdk/jre/classes"/>
    <property name="sun.management.compiler" value="HotSpot 64-Bit Tiered Compilers"/>
    <property name="java.runtime.version" value="1.8.0_212-b04"/>
    <property name="java.net.preferIPv4Stack" value="true"/>
    <property name="user.name" value="jenkins1000"/>
    <property name="path.separator" value=":"/>
    <property name="java.security.egd" value="file:///dev/urandom"/>
    <property name="os.version" value="3.10.0-957.12.2.el7.x86_64"/>
    <property name="java.endorsed.dirs" value="/usr/lib/jvm/java-1.8-openjdk/jre/lib/endorsed"/>
    <property name="java.runtime.name" value="OpenJDK Runtime Environment"/>
    <property name="file.encoding" value="UTF-8"/>
    <property name="java.vm.name" value="OpenJDK 64-Bit Server VM"/>
    <property name="test.build.webapps" value=""/>
    <property name="localRepository" value="/home/user/.m2/repository"/>
    <property name="java.vendor.url.bug" value="https://icedtea.classpath.org/bugzilla"/>
    <property name="java.io.tmpdir" value="/tmp"/>
    <property name="require.test.libhadoop" value=""/>
    <property name="java.version" value="1.8.0_212"/>
    <property name="user.dir" value="/workdir/hadoop-ozone/integration-test"/>
    <property name="os.arch" value="amd64"/>
    <property name="java.vm.specification.name" value="Java Virtual Machine Specification"/>
    <property name="test.build.classes" value="/workdir/hadoop-ozone/integration-test/target/test-classes"/>
    <property name="java.awt.printerjob" value="sun.print.PSPrinterJob"/>
    <property name="sun.os.patch.level" value="unknown"/>
    <property name="hadoop.tmp.dir" value="/workdir/hadoop-ozone/integration-test/target/tmp"/>
    <property name="java.library.path" value="/usr/lib/jvm/java-1.8-openjdk/jre/lib/amd64/server:/usr/lib/jvm/java-1.8-openjdk/jre/lib/amd64:/usr/lib/jvm/java-1.8-openjdk/jre/../lib/amd64:/workdir/hadoop-ozone/integration-test/target/native/target/usr/local/lib:/workdir/hadoop-ozone/integration-test/../../hadoop-common-project/hadoop-common/target/native/target/usr/local/lib:/usr/java/packages/lib/amd64:/usr/lib64:/lib64:/lib:/usr/lib"/>
    <property name="java.vm.info" value="mixed mode"/>
    <property name="java.vendor" value="IcedTea"/>
    <property name="java.vm.version" value="25.212-b04"/>
    <property name="java.ext.dirs" value="/usr/lib/jvm/java-1.8-openjdk/jre/lib/ext:/usr/java/packages/lib/ext"/>
    <property name="sun.io.unicode.encoding" value="UnicodeLittle"/>
    <property name="java.class.version" value="52.0"/>
  </properties>
  <testcase name="testWatchForCommitWithKeyWrite" classname="org.apache.hadoop.ozone.client.rpc.TestWatchForCommit" time="17.659">
    <error message="Allocated 0 blocks. Requested 1 blocks" type="INTERNAL_ERROR org.apache.hadoop.ozone.om.exceptions.OMException">INTERNAL_ERROR org.apache.hadoop.ozone.om.exceptions.OMException: Allocated 0 blocks. Requested 1 blocks
	at org.apache.hadoop.ozone.om.protocolPB.OzoneManagerProtocolClientSideTranslatorPB.handleError(OzoneManagerProtocolClientSideTranslatorPB.java:725)
	at org.apache.hadoop.ozone.om.protocolPB.OzoneManagerProtocolClientSideTranslatorPB.openKey(OzoneManagerProtocolClientSideTranslatorPB.java:716)
	at org.apache.hadoop.ozone.client.rpc.RpcClient.createKey(RpcClient.java:615)
	at org.apache.hadoop.ozone.client.OzoneBucket.createKey(OzoneBucket.java:323)
	at org.apache.hadoop.ozone.container.ContainerTestHelper.createKey(ContainerTestHelper.java:694)
	at org.apache.hadoop.ozone.client.rpc.TestWatchForCommit.createKey(TestWatchForCommit.java:456)
	at org.apache.hadoop.ozone.client.rpc.TestWatchForCommit.testWatchForCommitWithKeyWrite(TestWatchForCommit.java:157)
	at sun.reflect.NativeMethodAccessorImpl.invoke0(Native Method)
	at sun.reflect.NativeMethodAccessorImpl.invoke(NativeMethodAccessorImpl.java:62)
	at sun.reflect.DelegatingMethodAccessorImpl.invoke(DelegatingMethodAccessorImpl.java:43)
	at java.lang.reflect.Method.invoke(Method.java:498)
	at org.junit.runners.model.FrameworkMethod$1.runReflectiveCall(FrameworkMethod.java:47)
	at org.junit.internal.runners.model.ReflectiveCallable.run(ReflectiveCallable.java:12)
	at org.junit.runners.model.FrameworkMethod.invokeExplosively(FrameworkMethod.java:44)
	at org.junit.internal.runners.statements.InvokeMethod.evaluate(InvokeMethod.java:17)
	at org.junit.runners.ParentRunner.runLeaf(ParentRunner.java:271)
	at org.junit.runners.BlockJUnit4ClassRunner.runChild(BlockJUnit4ClassRunner.java:70)
	at org.junit.runners.BlockJUnit4ClassRunner.runChild(BlockJUnit4ClassRunner.java:50)
	at org.junit.runners.ParentRunner$3.run(ParentRunner.java:238)
	at org.junit.runners.ParentRunner$1.schedule(ParentRunner.java:63)
	at org.junit.runners.ParentRunner.runChildren(ParentRunner.java:236)
	at org.junit.runners.ParentRunner.access$000(ParentRunner.java:53)
	at org.junit.runners.ParentRunner$2.evaluate(ParentRunner.java:229)
	at org.junit.runners.ParentRunner.run(ParentRunner.java:309)
	at org.apache.maven.surefire.junit4.JUnit4Provider.execute(JUnit4Provider.java:365)
	at org.apache.maven.surefire.junit4.JUnit4Provider.executeWithRerun(JUnit4Provider.java:273)
	at org.apache.maven.surefire.junit4.JUnit4Provider.executeTestSet(JUnit4Provider.java:238)
	at org.apache.maven.surefire.junit4.JUnit4Provider.invoke(JUnit4Provider.java:159)
	at org.apache.maven.surefire.booter.ForkedBooter.invokeProviderInSameClassLoader(ForkedBooter.java:384)
	at org.apache.maven.surefire.booter.ForkedBooter.runSuitesInProcess(ForkedBooter.java:345)
	at org.apache.maven.surefire.booter.ForkedBooter.execute(ForkedBooter.java:126)
	at org.apache.maven.surefire.booter.ForkedBooter.main(ForkedBooter.java:418)
</error>
    <system-out><![CDATA[2019-09-20 10:23:59,364 [main] WARN  server.ServerUtils (ServerUtils.java:getScmDbDir(145)) - ozone.scm.db.dirs is not configured. We recommend adding this setting. Falling back to ozone.metadata.dirs instead.
2019-09-20 10:23:59,507 [main] WARN  server.ServerUtils (ServerUtils.java:getScmDbDir(145)) - ozone.scm.db.dirs is not configured. We recommend adding this setting. Falling back to ozone.metadata.dirs instead.
2019-09-20 10:23:59,510 [main] WARN  server.ServerUtils (ServerUtils.java:getScmDbDir(145)) - ozone.scm.db.dirs is not configured. We recommend adding this setting. Falling back to ozone.metadata.dirs instead.
2019-09-20 10:23:59,530 [main] INFO  util.log (Log.java:initialized(192)) - Logging initialized @898ms
2019-09-20 10:23:59,632 [main] INFO  db.DBStoreBuilder (DBStoreBuilder.java:addTable(110)) - using custom profile for table: deletedBlocks
2019-09-20 10:23:59,632 [main] INFO  db.DBStoreBuilder (DBStoreBuilder.java:processTables(161)) - Using default column profile:DBProfile.DISK for Table:deletedBlocks
2019-09-20 10:23:59,632 [main] INFO  db.DBStoreBuilder (DBStoreBuilder.java:addTable(110)) - using custom profile for table: validCerts
2019-09-20 10:23:59,633 [main] INFO  db.DBStoreBuilder (DBStoreBuilder.java:processTables(161)) - Using default column profile:DBProfile.DISK for Table:validCerts
2019-09-20 10:23:59,633 [main] INFO  db.DBStoreBuilder (DBStoreBuilder.java:addTable(110)) - using custom profile for table: revokedCerts
2019-09-20 10:23:59,633 [main] INFO  db.DBStoreBuilder (DBStoreBuilder.java:processTables(161)) - Using default column profile:DBProfile.DISK for Table:revokedCerts
2019-09-20 10:23:59,645 [main] INFO  db.DBStoreBuilder (DBStoreBuilder.java:addTable(110)) - using custom profile for table: default
2019-09-20 10:23:59,645 [main] INFO  db.DBStoreBuilder (DBStoreBuilder.java:processTables(167)) - Using default column profile:DBProfile.DISK for Table:default
2019-09-20 10:23:59,646 [main] INFO  db.DBStoreBuilder (DBStoreBuilder.java:getDbProfile(198)) - Using default options. DBProfile.DISK
2019-09-20 10:24:00,150 [main] INFO  net.NodeSchemaLoader (NodeSchemaLoader.java:loadSchemaFromFile(125)) - Loading file from sun.misc.CompoundEnumeration@192d43ce
2019-09-20 10:24:00,154 [main] INFO  net.NodeSchemaLoader (NodeSchemaLoader.java:loadSchema(171)) - Loading network topology layer schema file
2019-09-20 10:24:00,235 [main] WARN  server.ServerUtils (ServerUtils.java:sanitizeUserArgs(70)) - ozone.scm.stale.node.interval value = 300000 is larger than max = 100000 based on the key value of ozone.scm.heartbeat.thread.interval, reset to the max value 100000.
2019-09-20 10:24:00,237 [main] WARN  server.ServerUtils (ServerUtils.java:sanitizeUserArgs(70)) - ozone.scm.stale.node.interval value = 300000 is larger than max = 100000 based on the key value of ozone.scm.heartbeat.thread.interval, reset to the max value 100000.
2019-09-20 10:24:00,239 [main] INFO  node.SCMNodeManager (SCMNodeManager.java:<init>(121)) - Entering startup safe mode.
2019-09-20 10:24:00,312 [main] INFO  algorithms.ContainerPlacementPolicyFactory (ContainerPlacementPolicyFactory.java:getPolicy(56)) - Create container placement policy of type org.apache.hadoop.hdds.scm.container.placement.algorithms.SCMContainerPlacementRandom
2019-09-20 10:24:00,330 [main] WARN  server.ServerUtils (ServerUtils.java:getScmDbDir(145)) - ozone.scm.db.dirs is not configured. We recommend adding this setting. Falling back to ozone.metadata.dirs instead.
2019-09-20 10:24:00,522 [main] INFO  pipeline.SCMPipelineManager (SCMPipelineManager.java:initializePipelineState(126)) - No pipeline exists in current db
2019-09-20 10:24:00,525 [main] WARN  server.ServerUtils (ServerUtils.java:getScmDbDir(145)) - ozone.scm.db.dirs is not configured. We recommend adding this setting. Falling back to ozone.metadata.dirs instead.
2019-09-20 10:24:00,728 [main] WARN  events.EventQueue (EventQueue.java:fireEvent(175)) - No event handler registered for event TypedEvent{payloadType=SafeModeStatus, name='SafeModeStatus'}
2019-09-20 10:24:01,215 [main] INFO  ipc.CallQueueManager (CallQueueManager.java:<init>(84)) - Using callQueue: class java.util.concurrent.LinkedBlockingQueue, queueCapacity: 2000, scheduler: class org.apache.hadoop.ipc.DefaultRpcScheduler, ipcBackoff: false.
2019-09-20 10:24:01,543 [Socket Reader #1 for port 46372] INFO  ipc.Server (Server.java:run(1074)) - Starting Socket Reader #1 for port 46372
2019-09-20 10:24:01,575 [main] INFO  ipc.CallQueueManager (CallQueueManager.java:<init>(84)) - Using callQueue: class java.util.concurrent.LinkedBlockingQueue, queueCapacity: 2000, scheduler: class org.apache.hadoop.ipc.DefaultRpcScheduler, ipcBackoff: false.
2019-09-20 10:24:01,576 [Socket Reader #1 for port 39702] INFO  ipc.Server (Server.java:run(1074)) - Starting Socket Reader #1 for port 39702
2019-09-20 10:24:01,585 [main] INFO  ipc.CallQueueManager (CallQueueManager.java:<init>(84)) - Using callQueue: class java.util.concurrent.LinkedBlockingQueue, queueCapacity: 2000, scheduler: class org.apache.hadoop.ipc.DefaultRpcScheduler, ipcBackoff: false.
2019-09-20 10:24:01,586 [Socket Reader #1 for port 34580] INFO  ipc.Server (Server.java:run(1074)) - Starting Socket Reader #1 for port 34580
2019-09-20 10:24:01,609 [main] INFO  hdfs.DFSUtil (DFSUtil.java:httpServerTemplateForNNAndJN(1641)) - Starting Web-server for scm at: http://0.0.0.0:0
2019-09-20 10:24:01,777 [main] INFO  server.AuthenticationFilter (AuthenticationFilter.java:constructSecretProvider(240)) - Unable to initialize FileSignerSecretProvider, falling back to use random secrets.
2019-09-20 10:24:01,786 [main] WARN  http.HttpRequestLog (HttpRequestLog.java:getRequestLog(97)) - Jetty request log can only be enabled using Log4j
2019-09-20 10:24:01,794 [main] INFO  http.HttpServer2 (HttpServer2.java:addGlobalFilter(975)) - Added global filter 'safety' (class=org.apache.hadoop.http.HttpServer2$QuotingInputFilter)
2019-09-20 10:24:01,797 [main] INFO  http.HttpServer2 (HttpServer2.java:addFilter(948)) - Added filter static_user_filter (class=org.apache.hadoop.http.lib.StaticUserWebFilter$StaticUserFilter) to context scm
2019-09-20 10:24:01,797 [main] INFO  http.HttpServer2 (HttpServer2.java:addFilter(958)) - Added filter static_user_filter (class=org.apache.hadoop.http.lib.StaticUserWebFilter$StaticUserFilter) to context static
2019-09-20 10:24:01,797 [main] INFO  http.HttpServer2 (HttpServer2.java:addFilter(958)) - Added filter static_user_filter (class=org.apache.hadoop.http.lib.StaticUserWebFilter$StaticUserFilter) to context logs
2019-09-20 10:24:01,837 [main] INFO  server.StorageContainerManager (StorageContainerManager.java:start(759)) - StorageContainerLocationProtocol RPC server is listening at /0.0.0.0:34580
2019-09-20 10:24:01,923 [main] WARN  impl.MetricsConfig (MetricsConfig.java:loadFirst(134)) - Cannot locate configuration: tried hadoop-metrics2-storagecontainermanager.properties,hadoop-metrics2.properties
2019-09-20 10:24:01,937 [main] INFO  impl.MetricsSystemImpl (MetricsSystemImpl.java:startTimer(374)) - Scheduled Metric snapshot period at 10 second(s).
2019-09-20 10:24:01,937 [main] INFO  impl.MetricsSystemImpl (MetricsSystemImpl.java:start(191)) - StorageContainerManager metrics system started
2019-09-20 10:24:02,201 [main] INFO  server.SCMClientProtocolServer (SCMClientProtocolServer.java:start(151)) - RPC server for Client  is listening at /0.0.0.0:34580
2019-09-20 10:24:02,201 [IPC Server Responder] INFO  ipc.Server (Server.java:run(1314)) - IPC Server Responder: starting
2019-09-20 10:24:02,201 [IPC Server listener on 34580] INFO  ipc.Server (Server.java:run(1153)) - IPC Server listener on 34580: starting
2019-09-20 10:24:02,204 [main] INFO  server.StorageContainerManager (StorageContainerManager.java:start(769)) - ScmBlockLocationProtocol RPC server is listening at /0.0.0.0:39702
2019-09-20 10:24:02,205 [main] INFO  server.SCMBlockProtocolServer (SCMBlockProtocolServer.java:start(140)) - RPC server for Block Protocol is listening at /0.0.0.0:39702
2019-09-20 10:24:02,205 [IPC Server Responder] INFO  ipc.Server (Server.java:run(1314)) - IPC Server Responder: starting
2019-09-20 10:24:02,205 [IPC Server listener on 39702] INFO  ipc.Server (Server.java:run(1153)) - IPC Server listener on 39702: starting
2019-09-20 10:24:02,208 [main] INFO  server.StorageContainerManager (StorageContainerManager.java:start(773)) - ScmDatanodeProtocl RPC server is listening at /0.0.0.0:46372
2019-09-20 10:24:02,208 [main] INFO  server.SCMDatanodeProtocolServer (SCMDatanodeProtocolServer.java:start(191)) - RPC server for DataNodes is listening at /0.0.0.0:46372
2019-09-20 10:24:02,208 [IPC Server Responder] INFO  ipc.Server (Server.java:run(1314)) - IPC Server Responder: starting
2019-09-20 10:24:02,209 [IPC Server listener on 46372] INFO  ipc.Server (Server.java:run(1153)) - IPC Server listener on 46372: starting
2019-09-20 10:24:02,212 [main] INFO  http.HttpServer2 (HttpServer2.java:bindListener(1191)) - Jetty bound to port 33788
2019-09-20 10:24:02,214 [main] INFO  server.Server (Server.java:doStart(351)) - jetty-9.3.24.v20180605, build timestamp: 2018-06-05T17:11:56Z, git hash: 84205aa28f11a4f31f2a3b86d1bba2cc8ab69827
2019-09-20 10:24:02,254 [main] INFO  handler.ContextHandler (ContextHandler.java:doStart(781)) - Started o.e.j.s.ServletContextHandler@6e6d5d29{/logs,file:///workdir/hadoop-ozone/integration-test/target/log,AVAILABLE}
2019-09-20 10:24:02,255 [main] INFO  handler.ContextHandler (ContextHandler.java:doStart(781)) - Started o.e.j.s.ServletContextHandler@6c25e6c4{/static,file:///workdir/hadoop-ozone/integration-test/target/test-classes/webapps/static,AVAILABLE}
2019-09-20 10:24:02,290 [main] INFO  handler.ContextHandler (ContextHandler.java:doStart(781)) - Started o.e.j.w.WebAppContext@525d79f0{/,file:///workdir/hadoop-ozone/integration-test/target/test-classes/webapps/scm/,AVAILABLE}{/scm}
2019-09-20 10:24:02,295 [main] INFO  server.AbstractConnector (AbstractConnector.java:doStart(278)) - Started ServerConnector@41200e0c{HTTP/1.1,[http/1.1]}{0.0.0.0:33788}
2019-09-20 10:24:02,296 [main] INFO  server.Server (Server.java:doStart(419)) - Started @3664ms
2019-09-20 10:24:02,297 [main] INFO  server.BaseHttpServer (BaseHttpServer.java:updateConnectorAddress(213)) - HTTP server of SCM is listening at http://0.0.0.0:33788
2019-09-20 10:24:02,304 [org.apache.hadoop.util.JvmPauseMonitor$Monitor@5a4bef8] INFO  util.JvmPauseMonitor (JvmPauseMonitor.java:run(188)) - Starting JVM pause monitor
2019-09-20 10:24:02,308 [main] WARN  server.ServerUtils (ServerUtils.java:getDBPath(222)) - ozone.om.db.dirs is not configured. We recommend adding this setting. Falling back to ozone.metadata.dirs instead.
2019-09-20 10:24:02,470 [main] WARN  server.ServerUtils (ServerUtils.java:getDBPath(222)) - ozone.om.db.dirs is not configured. We recommend adding this setting. Falling back to ozone.metadata.dirs instead.
2019-09-20 10:24:02,471 [main] WARN  server.ServerUtils (ServerUtils.java:getDBPath(222)) - ozone.om.db.dirs is not configured. We recommend adding this setting. Falling back to ozone.metadata.dirs instead.
2019-09-20 10:24:02,473 [main] INFO  om.OzoneManager (OzoneManager.java:setOMNodeDetails(645)) - OM Service ID is not set. Setting it to the default ID: omServiceIdDefault
2019-09-20 10:24:02,473 [main] INFO  om.OzoneManager (OzoneManager.java:setOMNodeDetails(651)) - OM Node ID is not set. Setting it to the OmStorage's OmID: 722a6616-afcb-4dde-9fcb-0eadc70cc6a2
2019-09-20 10:24:02,475 [main] INFO  om.OzoneManager (OzoneManager.java:loadOMHAConfigs(602)) - Found matching OM address with OMServiceId: null, OMNodeId: null, RPC Address: localhost:0 and Ratis port: 9872
2019-09-20 10:24:02,804 | INFO  | SCMAudit | user=jenkins1000 | ip=192.168.36.99 | op=GET_SCM_INFO null | ret=SUCCESS |  
2019-09-20 10:24:03,303 [main] WARN  server.ServerUtils (ServerUtils.java:getDBPath(222)) - ozone.om.db.dirs is not configured. We recommend adding this setting. Falling back to ozone.metadata.dirs instead.
2019-09-20 10:24:03,310 [main] INFO  db.DBStoreBuilder (DBStoreBuilder.java:addTable(110)) - using custom profile for table: userTable
2019-09-20 10:24:03,310 [main] INFO  db.DBStoreBuilder (DBStoreBuilder.java:processTables(161)) - Using default column profile:DBProfile.DISK for Table:userTable
2019-09-20 10:24:03,311 [main] INFO  db.DBStoreBuilder (DBStoreBuilder.java:addTable(110)) - using custom profile for table: volumeTable
2019-09-20 10:24:03,311 [main] INFO  db.DBStoreBuilder (DBStoreBuilder.java:processTables(161)) - Using default column profile:DBProfile.DISK for Table:volumeTable
2019-09-20 10:24:03,311 [main] INFO  db.DBStoreBuilder (DBStoreBuilder.java:addTable(110)) - using custom profile for table: bucketTable
2019-09-20 10:24:03,312 [main] INFO  db.DBStoreBuilder (DBStoreBuilder.java:processTables(161)) - Using default column profile:DBProfile.DISK for Table:bucketTable
2019-09-20 10:24:03,312 [main] INFO  db.DBStoreBuilder (DBStoreBuilder.java:addTable(110)) - using custom profile for table: keyTable
2019-09-20 10:24:03,312 [main] INFO  db.DBStoreBuilder (DBStoreBuilder.java:processTables(161)) - Using default column profile:DBProfile.DISK for Table:keyTable
2019-09-20 10:24:03,312 [main] INFO  db.DBStoreBuilder (DBStoreBuilder.java:addTable(110)) - using custom profile for table: deletedTable
2019-09-20 10:24:03,313 [main] INFO  db.DBStoreBuilder (DBStoreBuilder.java:processTables(161)) - Using default column profile:DBProfile.DISK for Table:deletedTable
2019-09-20 10:24:03,313 [main] INFO  db.DBStoreBuilder (DBStoreBuilder.java:addTable(110)) - using custom profile for table: openKeyTable
2019-09-20 10:24:03,313 [main] INFO  db.DBStoreBuilder (DBStoreBuilder.java:processTables(161)) - Using default column profile:DBProfile.DISK for Table:openKeyTable
2019-09-20 10:24:03,313 [main] INFO  db.DBStoreBuilder (DBStoreBuilder.java:addTable(110)) - using custom profile for table: s3Table
2019-09-20 10:24:03,314 [main] INFO  db.DBStoreBuilder (DBStoreBuilder.java:processTables(161)) - Using default column profile:DBProfile.DISK for Table:s3Table
2019-09-20 10:24:03,314 [main] INFO  db.DBStoreBuilder (DBStoreBuilder.java:addTable(110)) - using custom profile for table: multipartInfoTable
2019-09-20 10:24:03,314 [main] INFO  db.DBStoreBuilder (DBStoreBuilder.java:processTables(161)) - Using default column profile:DBProfile.DISK for Table:multipartInfoTable
2019-09-20 10:24:03,314 [main] INFO  db.DBStoreBuilder (DBStoreBuilder.java:addTable(110)) - using custom profile for table: dTokenTable
2019-09-20 10:24:03,315 [main] INFO  db.DBStoreBuilder (DBStoreBuilder.java:processTables(161)) - Using default column profile:DBProfile.DISK for Table:dTokenTable
2019-09-20 10:24:03,315 [main] INFO  db.DBStoreBuilder (DBStoreBuilder.java:addTable(110)) - using custom profile for table: s3SecretTable
2019-09-20 10:24:03,315 [main] INFO  db.DBStoreBuilder (DBStoreBuilder.java:processTables(161)) - Using default column profile:DBProfile.DISK for Table:s3SecretTable
2019-09-20 10:24:03,315 [main] INFO  db.DBStoreBuilder (DBStoreBuilder.java:addTable(110)) - using custom profile for table: prefixTable
2019-09-20 10:24:03,316 [main] INFO  db.DBStoreBuilder (DBStoreBuilder.java:processTables(161)) - Using default column profile:DBProfile.DISK for Table:prefixTable
2019-09-20 10:24:03,316 [main] INFO  db.DBStoreBuilder (DBStoreBuilder.java:addTable(110)) - using custom profile for table: default
2019-09-20 10:24:03,316 [main] INFO  db.DBStoreBuilder (DBStoreBuilder.java:processTables(167)) - Using default column profile:DBProfile.DISK for Table:default
2019-09-20 10:24:03,316 [main] INFO  db.DBStoreBuilder (DBStoreBuilder.java:getDbProfile(198)) - Using default options. DBProfile.DISK
2019-09-20 10:24:04,145 [main] INFO  ipc.CallQueueManager (CallQueueManager.java:<init>(84)) - Using callQueue: class java.util.concurrent.LinkedBlockingQueue, queueCapacity: 2000, scheduler: class org.apache.hadoop.ipc.DefaultRpcScheduler, ipcBackoff: false.
2019-09-20 10:24:04,146 [Socket Reader #1 for port 38113] INFO  ipc.Server (Server.java:run(1074)) - Starting Socket Reader #1 for port 38113
2019-09-20 10:24:04,169 [main] INFO  om.OzoneManager (OzoneManager.java:start(1256)) - OzoneManager RPC server is listening at localhost/127.0.0.1:38113
2019-09-20 10:24:04,169 [main] INFO  impl.MetricsSystemImpl (MetricsSystemImpl.java:init(158)) - OzoneManager metrics system started (again)
2019-09-20 10:24:04,171 [IPC Server Responder] INFO  ipc.Server (Server.java:run(1314)) - IPC Server Responder: starting
2019-09-20 10:24:04,171 [IPC Server listener on 38113] INFO  ipc.Server (Server.java:run(1153)) - IPC Server listener on 38113: starting
2019-09-20 10:24:04,392 [main] INFO  hdfs.DFSUtil (DFSUtil.java:httpServerTemplateForNNAndJN(1641)) - Starting Web-server for ozoneManager at: http://0.0.0.0:0
2019-09-20 10:24:04,394 [main] INFO  server.AuthenticationFilter (AuthenticationFilter.java:constructSecretProvider(240)) - Unable to initialize FileSignerSecretProvider, falling back to use random secrets.
2019-09-20 10:24:04,395 [main] WARN  http.HttpRequestLog (HttpRequestLog.java:getRequestLog(97)) - Jetty request log can only be enabled using Log4j
2019-09-20 10:24:04,398 [main] INFO  http.HttpServer2 (HttpServer2.java:addGlobalFilter(975)) - Added global filter 'safety' (class=org.apache.hadoop.http.HttpServer2$QuotingInputFilter)
2019-09-20 10:24:04,403 [main] INFO  http.HttpServer2 (HttpServer2.java:addFilter(948)) - Added filter static_user_filter (class=org.apache.hadoop.http.lib.StaticUserWebFilter$StaticUserFilter) to context ozoneManager
2019-09-20 10:24:04,403 [main] INFO  http.HttpServer2 (HttpServer2.java:addFilter(958)) - Added filter static_user_filter (class=org.apache.hadoop.http.lib.StaticUserWebFilter$StaticUserFilter) to context logs
2019-09-20 10:24:04,404 [main] INFO  http.HttpServer2 (HttpServer2.java:addFilter(958)) - Added filter static_user_filter (class=org.apache.hadoop.http.lib.StaticUserWebFilter$StaticUserFilter) to context static
2019-09-20 10:24:04,406 [main] INFO  http.HttpServer2 (HttpServer2.java:bindListener(1191)) - Jetty bound to port 35694
2019-09-20 10:24:04,407 [main] INFO  server.Server (Server.java:doStart(351)) - jetty-9.3.24.v20180605, build timestamp: 2018-06-05T17:11:56Z, git hash: 84205aa28f11a4f31f2a3b86d1bba2cc8ab69827
2019-09-20 10:24:04,409 [main] INFO  handler.ContextHandler (ContextHandler.java:doStart(781)) - Started o.e.j.s.ServletContextHandler@4d74c3ba{/logs,file:///workdir/hadoop-ozone/integration-test/target/log,AVAILABLE}
2019-09-20 10:24:04,410 [main] INFO  handler.ContextHandler (ContextHandler.java:doStart(781)) - Started o.e.j.s.ServletContextHandler@64138b0c{/static,file:///workdir/hadoop-ozone/integration-test/target/test-classes/webapps/static,AVAILABLE}
2019-09-20 10:24:04,416 [main] INFO  handler.ContextHandler (ContextHandler.java:doStart(781)) - Started o.e.j.w.WebAppContext@69c93ca4{/,file:///workdir/hadoop-ozone/integration-test/target/test-classes/webapps/ozoneManager/,AVAILABLE}{/ozoneManager}
2019-09-20 10:24:04,418 [main] INFO  server.AbstractConnector (AbstractConnector.java:doStart(278)) - Started ServerConnector@63da207f{HTTP/1.1,[http/1.1]}{0.0.0.0:35694}
2019-09-20 10:24:04,419 [main] INFO  server.Server (Server.java:doStart(419)) - Started @5787ms
2019-09-20 10:24:04,420 [main] INFO  server.BaseHttpServer (BaseHttpServer.java:updateConnectorAddress(213)) - HTTP server of OZONEMANAGER is listening at http://0.0.0.0:35694
2019-09-20 10:24:04,582 [main] INFO  impl.MetricsSystemImpl (MetricsSystemImpl.java:init(158)) - HddsDatanode metrics system started (again)
2019-09-20 10:24:04,688 [main] INFO  ozone.HddsDatanodeService (HddsDatanodeService.java:start(184)) - HddsDatanodeService host:pr-hdds-1569-p5fx8-1226042367 ip:192.168.36.99
2019-09-20 10:24:04,720 [main] INFO  volume.HddsVolume (HddsVolume.java:<init>(176)) - Creating Volume: /workdir/hadoop-ozone/integration-test/target/test-dir/MiniOzoneClusterImpl-7bc36abf-c66f-431a-931d-8c1e5526238d/datanode-0/data/containers/hdds of  storage type : DISK and capacity : 1482555576320
2019-09-20 10:24:04,723 [main] INFO  volume.VolumeSet (VolumeSet.java:initializeVolumeSet(170)) - Added Volume : /workdir/hadoop-ozone/integration-test/target/test-dir/MiniOzoneClusterImpl-7bc36abf-c66f-431a-931d-8c1e5526238d/datanode-0/data/containers/hdds to VolumeSet
2019-09-20 10:24:04,727 [main] INFO  volume.ThrottledAsyncChecker (ThrottledAsyncChecker.java:schedule(140)) - Scheduling a check for org.apache.hadoop.ozone.container.common.volume.HddsVolume@281ce6bb
2019-09-20 10:24:04,750 [main] INFO  volume.HddsVolumeChecker (HddsVolumeChecker.java:checkAllVolumes(203)) - Scheduled health check for volume org.apache.hadoop.ozone.container.common.volume.HddsVolume@281ce6bb
2019-09-20 10:24:04,860 [main] INFO  impl.RaftServerProxy (ConfUtils.java:logGet(43)) - raft.rpc.type = GRPC (default)
2019-09-20 10:24:04,924 [main] INFO  grpc.GrpcFactory (GrpcFactory.java:checkPooledByteBufAllocatorUseCacheForAllThreads(45)) - PERFORMANCE WARNING: useCacheForAllThreads is true that may cause Netty to create a lot garbage objects and, as a result, trigger GC.
	It is recommended to disable useCacheForAllThreads by setting -Dorg.apache.ratis.thirdparty.io.netty.allocator.useCacheForAllThreads=false in command line.
2019-09-20 10:24:04,928 [main] INFO  grpc.GrpcConfigKeys$Server (ConfUtils.java:logGet(43)) - raft.grpc.server.port = 0 (default)
2019-09-20 10:24:04,929 [main] INFO  server.GrpcService (ConfUtils.java:logGet(43)) - raft.grpc.message.size.max = 33570816 (custom)
2019-09-20 10:24:04,930 [main] INFO  server.RaftServerConfigKeys (ConfUtils.java:logGet(43)) - raft.server.log.appender.buffer.byte-limit = 33554432 (custom)
2019-09-20 10:24:04,931 [main] INFO  server.GrpcService (ConfUtils.java:logGet(43)) - raft.grpc.flow.control.window = 1MB (=1048576) (default)
2019-09-20 10:24:04,932 [main] INFO  server.RaftServerConfigKeys (ConfUtils.java:logGet(43)) - raft.server.rpc.request.timeout = 3000ms (default)
2019-09-20 10:24:05,093 [main] INFO  server.RaftServerConfigKeys (ConfUtils.java:logGet(43)) - raft.server.storage.dir = [/workdir/hadoop-ozone/integration-test/target/test-dir/MiniOzoneClusterImpl-7bc36abf-c66f-431a-931d-8c1e5526238d/datanode-0/data/ratis] (custom)
2019-09-20 10:24:05,128 [main] INFO  replication.SimpleContainerDownloader (SimpleContainerDownloader.java:<init>(72)) - Starting container downloader service to copy containers to replicate.
2019-09-20 10:24:05,142 [main] INFO  hdfs.DFSUtil (DFSUtil.java:httpServerTemplateForNNAndJN(1641)) - Starting Web-server for hddsDatanode at: http://0.0.0.0:0
2019-09-20 10:24:05,145 [main] INFO  server.AuthenticationFilter (AuthenticationFilter.java:constructSecretProvider(240)) - Unable to initialize FileSignerSecretProvider, falling back to use random secrets.
2019-09-20 10:24:05,146 [main] WARN  http.HttpRequestLog (HttpRequestLog.java:getRequestLog(97)) - Jetty request log can only be enabled using Log4j
2019-09-20 10:24:05,149 [main] INFO  http.HttpServer2 (HttpServer2.java:addGlobalFilter(975)) - Added global filter 'safety' (class=org.apache.hadoop.http.HttpServer2$QuotingInputFilter)
2019-09-20 10:24:05,150 [main] INFO  http.HttpServer2 (HttpServer2.java:addFilter(948)) - Added filter static_user_filter (class=org.apache.hadoop.http.lib.StaticUserWebFilter$StaticUserFilter) to context hddsDatanode
2019-09-20 10:24:05,151 [main] INFO  http.HttpServer2 (HttpServer2.java:addFilter(958)) - Added filter static_user_filter (class=org.apache.hadoop.http.lib.StaticUserWebFilter$StaticUserFilter) to context logs
2019-09-20 10:24:05,151 [main] INFO  http.HttpServer2 (HttpServer2.java:addFilter(958)) - Added filter static_user_filter (class=org.apache.hadoop.http.lib.StaticUserWebFilter$StaticUserFilter) to context static
2019-09-20 10:24:05,153 [main] INFO  http.HttpServer2 (HttpServer2.java:bindListener(1191)) - Jetty bound to port 44129
2019-09-20 10:24:05,153 [main] INFO  server.Server (Server.java:doStart(351)) - jetty-9.3.24.v20180605, build timestamp: 2018-06-05T17:11:56Z, git hash: 84205aa28f11a4f31f2a3b86d1bba2cc8ab69827
2019-09-20 10:24:05,156 [main] INFO  handler.ContextHandler (ContextHandler.java:doStart(781)) - Started o.e.j.s.ServletContextHandler@2cae9b8{/logs,file:///workdir/hadoop-ozone/integration-test/target/log,AVAILABLE}
2019-09-20 10:24:05,157 [main] INFO  handler.ContextHandler (ContextHandler.java:doStart(781)) - Started o.e.j.s.ServletContextHandler@6f94fb9d{/static,jar:file:/home/user/.m2/repository/org/apache/hadoop/hadoop-hdds-container-service/0.5.0-SNAPSHOT/hadoop-hdds-container-service-0.5.0-SNAPSHOT.jar!/webapps/static,AVAILABLE}
2019-09-20 10:24:05,195 [main] INFO  handler.ContextHandler (ContextHandler.java:doStart(781)) - Started o.e.j.w.WebAppContext@53cf9c99{/,file:///tmp/jetty-0.0.0.0-44129-hddsDatanode-_-any-2702976665930208903.dir/webapp/,AVAILABLE}{/hddsDatanode}
2019-09-20 10:24:05,196 [main] INFO  server.AbstractConnector (AbstractConnector.java:doStart(278)) - Started ServerConnector@7b306b9f{HTTP/1.1,[http/1.1]}{0.0.0.0:44129}
2019-09-20 10:24:05,197 [main] INFO  server.Server (Server.java:doStart(419)) - Started @6565ms
2019-09-20 10:24:05,199 [main] INFO  server.BaseHttpServer (BaseHttpServer.java:updateConnectorAddress(213)) - HTTP server of HDDSDATANODE is listening at http://0.0.0.0:44129
2019-09-20 10:24:06,343 | INFO  | ObjectStoreRestHttpServer | Listening HDDS REST traffic on /0.0.0.0:35258 |  
2019-09-20 10:24:06,345 [main] INFO  ozone.HddsDatanodeService (HddsDatanodeService.java:startPlugins(395)) - Started plug-in org.apache.hadoop.ozone.web.OzoneHddsDatanodeService@2fe2965c
2019-09-20 10:24:06,346 [main] INFO  impl.MetricsSystemImpl (MetricsSystemImpl.java:init(158)) - HddsDatanode metrics system started (again)
2019-09-20 10:24:06,350 [main] INFO  ozone.HddsDatanodeService (HddsDatanodeService.java:start(184)) - HddsDatanodeService host:pr-hdds-1569-p5fx8-1226042367 ip:192.168.36.99
2019-09-20 10:24:06,353 [org.apache.hadoop.util.JvmPauseMonitor$Monitor@4d760638] INFO  util.JvmPauseMonitor (JvmPauseMonitor.java:run(188)) - Starting JVM pause monitor
2019-09-20 10:24:06,360 [main] INFO  volume.HddsVolume (HddsVolume.java:<init>(176)) - Creating Volume: /workdir/hadoop-ozone/integration-test/target/test-dir/MiniOzoneClusterImpl-7bc36abf-c66f-431a-931d-8c1e5526238d/datanode-1/data/containers/hdds of  storage type : DISK and capacity : 1482555576320
2019-09-20 10:24:06,360 [main] INFO  volume.VolumeSet (VolumeSet.java:initializeVolumeSet(170)) - Added Volume : /workdir/hadoop-ozone/integration-test/target/test-dir/MiniOzoneClusterImpl-7bc36abf-c66f-431a-931d-8c1e5526238d/datanode-1/data/containers/hdds to VolumeSet
2019-09-20 10:24:06,362 [main] INFO  volume.ThrottledAsyncChecker (ThrottledAsyncChecker.java:schedule(140)) - Scheduling a check for org.apache.hadoop.ozone.container.common.volume.HddsVolume@27960b1e
2019-09-20 10:24:06,362 [main] INFO  volume.HddsVolumeChecker (HddsVolumeChecker.java:checkAllVolumes(203)) - Scheduled health check for volume org.apache.hadoop.ozone.container.common.volume.HddsVolume@27960b1e
2019-09-20 10:24:06,379 [main] INFO  impl.RaftServerProxy (ConfUtils.java:logGet(43)) - raft.rpc.type = GRPC (default)
2019-09-20 10:24:06,379 [main] INFO  grpc.GrpcFactory (GrpcFactory.java:checkPooledByteBufAllocatorUseCacheForAllThreads(45)) - PERFORMANCE WARNING: useCacheForAllThreads is true that may cause Netty to create a lot garbage objects and, as a result, trigger GC.
	It is recommended to disable useCacheForAllThreads by setting -Dorg.apache.ratis.thirdparty.io.netty.allocator.useCacheForAllThreads=false in command line.
2019-09-20 10:24:06,379 [main] INFO  grpc.GrpcConfigKeys$Server (ConfUtils.java:logGet(43)) - raft.grpc.server.port = 0 (default)
2019-09-20 10:24:06,380 [main] INFO  server.GrpcService (ConfUtils.java:logGet(43)) - raft.grpc.message.size.max = 33570816 (custom)
2019-09-20 10:24:06,380 [main] INFO  server.RaftServerConfigKeys (ConfUtils.java:logGet(43)) - raft.server.log.appender.buffer.byte-limit = 33554432 (custom)
2019-09-20 10:24:06,380 [main] INFO  server.GrpcService (ConfUtils.java:logGet(43)) - raft.grpc.flow.control.window = 1MB (=1048576) (default)
2019-09-20 10:24:06,381 [main] INFO  server.RaftServerConfigKeys (ConfUtils.java:logGet(43)) - raft.server.rpc.request.timeout = 3000ms (default)
2019-09-20 10:24:06,381 [main] INFO  server.RaftServerConfigKeys (ConfUtils.java:logGet(43)) - raft.server.storage.dir = [/workdir/hadoop-ozone/integration-test/target/test-dir/MiniOzoneClusterImpl-7bc36abf-c66f-431a-931d-8c1e5526238d/datanode-1/data/ratis] (custom)
2019-09-20 10:24:06,382 [main] INFO  replication.SimpleContainerDownloader (SimpleContainerDownloader.java:<init>(72)) - Starting container downloader service to copy containers to replicate.
2019-09-20 10:24:06,383 [main] INFO  hdfs.DFSUtil (DFSUtil.java:httpServerTemplateForNNAndJN(1641)) - Starting Web-server for hddsDatanode at: http://0.0.0.0:0
2019-09-20 10:24:06,385 [main] INFO  server.AuthenticationFilter (AuthenticationFilter.java:constructSecretProvider(240)) - Unable to initialize FileSignerSecretProvider, falling back to use random secrets.
2019-09-20 10:24:06,386 [main] WARN  http.HttpRequestLog (HttpRequestLog.java:getRequestLog(97)) - Jetty request log can only be enabled using Log4j
2019-09-20 10:24:06,388 [main] INFO  http.HttpServer2 (HttpServer2.java:addGlobalFilter(975)) - Added global filter 'safety' (class=org.apache.hadoop.http.HttpServer2$QuotingInputFilter)
2019-09-20 10:24:06,389 [main] INFO  http.HttpServer2 (HttpServer2.java:addFilter(948)) - Added filter static_user_filter (class=org.apache.hadoop.http.lib.StaticUserWebFilter$StaticUserFilter) to context hddsDatanode
2019-09-20 10:24:06,390 [main] INFO  http.HttpServer2 (HttpServer2.java:addFilter(958)) - Added filter static_user_filter (class=org.apache.hadoop.http.lib.StaticUserWebFilter$StaticUserFilter) to context static
2019-09-20 10:24:06,390 [main] INFO  http.HttpServer2 (HttpServer2.java:addFilter(958)) - Added filter static_user_filter (class=org.apache.hadoop.http.lib.StaticUserWebFilter$StaticUserFilter) to context logs
2019-09-20 10:24:06,392 [main] INFO  http.HttpServer2 (HttpServer2.java:bindListener(1191)) - Jetty bound to port 43965
2019-09-20 10:24:06,392 [main] INFO  server.Server (Server.java:doStart(351)) - jetty-9.3.24.v20180605, build timestamp: 2018-06-05T17:11:56Z, git hash: 84205aa28f11a4f31f2a3b86d1bba2cc8ab69827
2019-09-20 10:24:06,396 [main] INFO  handler.ContextHandler (ContextHandler.java:doStart(781)) - Started o.e.j.s.ServletContextHandler@44f0ff2b{/logs,file:///workdir/hadoop-ozone/integration-test/target/log,AVAILABLE}
2019-09-20 10:24:06,397 [main] INFO  handler.ContextHandler (ContextHandler.java:doStart(781)) - Started o.e.j.s.ServletContextHandler@68af87ad{/static,jar:file:/home/user/.m2/repository/org/apache/hadoop/hadoop-hdds-container-service/0.5.0-SNAPSHOT/hadoop-hdds-container-service-0.5.0-SNAPSHOT.jar!/webapps/static,AVAILABLE}
2019-09-20 10:24:06,447 [main] INFO  handler.ContextHandler (ContextHandler.java:doStart(781)) - Started o.e.j.w.WebAppContext@265a094b{/,file:///tmp/jetty-0.0.0.0-43965-hddsDatanode-_-any-8665708402008388265.dir/webapp/,AVAILABLE}{/hddsDatanode}
2019-09-20 10:24:06,449 [main] INFO  server.AbstractConnector (AbstractConnector.java:doStart(278)) - Started ServerConnector@1f536481{HTTP/1.1,[http/1.1]}{0.0.0.0:43965}
2019-09-20 10:24:06,450 [main] INFO  server.Server (Server.java:doStart(419)) - Started @7818ms
2019-09-20 10:24:06,452 [main] INFO  server.BaseHttpServer (BaseHttpServer.java:updateConnectorAddress(213)) - HTTP server of HDDSDATANODE is listening at http://0.0.0.0:43965
2019-09-20 10:24:06,471 [Datanode State Machine Thread - 0] INFO  datanode.InitDatanodeState (InitDatanodeState.java:persistContainerDatanodeDetails(140)) - DatanodeDetails is persisted to /workdir/hadoop-ozone/integration-test/target/test-dir/MiniOzoneClusterImpl-7bc36abf-c66f-431a-931d-8c1e5526238d/datanode-0/meta/datanode.id
2019-09-20 10:24:06,597 | INFO  | ObjectStoreRestHttpServer | Listening HDDS REST traffic on /0.0.0.0:39304 |  
2019-09-20 10:24:06,597 [main] INFO  ozone.HddsDatanodeService (HddsDatanodeService.java:startPlugins(395)) - Started plug-in org.apache.hadoop.ozone.web.OzoneHddsDatanodeService@2faa55bb
2019-09-20 10:24:06,597 [main] INFO  impl.MetricsSystemImpl (MetricsSystemImpl.java:init(158)) - HddsDatanode metrics system started (again)
2019-09-20 10:24:06,600 [main] INFO  ozone.HddsDatanodeService (HddsDatanodeService.java:start(184)) - HddsDatanodeService host:pr-hdds-1569-p5fx8-1226042367 ip:192.168.36.99
2019-09-20 10:24:06,601 [org.apache.hadoop.util.JvmPauseMonitor$Monitor@11dba388] INFO  util.JvmPauseMonitor (JvmPauseMonitor.java:run(188)) - Starting JVM pause monitor
2019-09-20 10:24:06,608 [Datanode State Machine Thread - 0] INFO  datanode.InitDatanodeState (InitDatanodeState.java:persistContainerDatanodeDetails(140)) - DatanodeDetails is persisted to /workdir/hadoop-ozone/integration-test/target/test-dir/MiniOzoneClusterImpl-7bc36abf-c66f-431a-931d-8c1e5526238d/datanode-1/meta/datanode.id
2019-09-20 10:24:06,610 [main] INFO  volume.HddsVolume (HddsVolume.java:<init>(176)) - Creating Volume: /workdir/hadoop-ozone/integration-test/target/test-dir/MiniOzoneClusterImpl-7bc36abf-c66f-431a-931d-8c1e5526238d/datanode-2/data/containers/hdds of  storage type : DISK and capacity : 1482555576320
2019-09-20 10:24:06,610 [main] INFO  volume.VolumeSet (VolumeSet.java:initializeVolumeSet(170)) - Added Volume : /workdir/hadoop-ozone/integration-test/target/test-dir/MiniOzoneClusterImpl-7bc36abf-c66f-431a-931d-8c1e5526238d/datanode-2/data/containers/hdds to VolumeSet
2019-09-20 10:24:06,610 [main] INFO  volume.ThrottledAsyncChecker (ThrottledAsyncChecker.java:schedule(140)) - Scheduling a check for org.apache.hadoop.ozone.container.common.volume.HddsVolume@b379bc6
2019-09-20 10:24:06,611 [main] INFO  volume.HddsVolumeChecker (HddsVolumeChecker.java:checkAllVolumes(203)) - Scheduled health check for volume org.apache.hadoop.ozone.container.common.volume.HddsVolume@b379bc6
2019-09-20 10:24:06,626 [main] INFO  impl.RaftServerProxy (ConfUtils.java:logGet(43)) - raft.rpc.type = GRPC (default)
2019-09-20 10:24:06,626 [main] INFO  grpc.GrpcFactory (GrpcFactory.java:checkPooledByteBufAllocatorUseCacheForAllThreads(45)) - PERFORMANCE WARNING: useCacheForAllThreads is true that may cause Netty to create a lot garbage objects and, as a result, trigger GC.
	It is recommended to disable useCacheForAllThreads by setting -Dorg.apache.ratis.thirdparty.io.netty.allocator.useCacheForAllThreads=false in command line.
2019-09-20 10:24:06,627 [main] INFO  grpc.GrpcConfigKeys$Server (ConfUtils.java:logGet(43)) - raft.grpc.server.port = 0 (default)
2019-09-20 10:24:06,627 [main] INFO  server.GrpcService (ConfUtils.java:logGet(43)) - raft.grpc.message.size.max = 33570816 (custom)
2019-09-20 10:24:06,627 [main] INFO  server.RaftServerConfigKeys (ConfUtils.java:logGet(43)) - raft.server.log.appender.buffer.byte-limit = 33554432 (custom)
2019-09-20 10:24:06,627 [main] INFO  server.GrpcService (ConfUtils.java:logGet(43)) - raft.grpc.flow.control.window = 1MB (=1048576) (default)
2019-09-20 10:24:06,627 [main] INFO  server.RaftServerConfigKeys (ConfUtils.java:logGet(43)) - raft.server.rpc.request.timeout = 3000ms (default)
2019-09-20 10:24:06,628 [main] INFO  server.RaftServerConfigKeys (ConfUtils.java:logGet(43)) - raft.server.storage.dir = [/workdir/hadoop-ozone/integration-test/target/test-dir/MiniOzoneClusterImpl-7bc36abf-c66f-431a-931d-8c1e5526238d/datanode-2/data/ratis] (custom)
2019-09-20 10:24:06,629 [main] INFO  replication.SimpleContainerDownloader (SimpleContainerDownloader.java:<init>(72)) - Starting container downloader service to copy containers to replicate.
2019-09-20 10:24:06,630 [main] INFO  hdfs.DFSUtil (DFSUtil.java:httpServerTemplateForNNAndJN(1641)) - Starting Web-server for hddsDatanode at: http://0.0.0.0:0
2019-09-20 10:24:06,631 [main] INFO  server.AuthenticationFilter (AuthenticationFilter.java:constructSecretProvider(240)) - Unable to initialize FileSignerSecretProvider, falling back to use random secrets.
2019-09-20 10:24:06,631 [main] WARN  http.HttpRequestLog (HttpRequestLog.java:getRequestLog(97)) - Jetty request log can only be enabled using Log4j
2019-09-20 10:24:06,632 [main] INFO  http.HttpServer2 (HttpServer2.java:addGlobalFilter(975)) - Added global filter 'safety' (class=org.apache.hadoop.http.HttpServer2$QuotingInputFilter)
2019-09-20 10:24:06,633 [main] INFO  http.HttpServer2 (HttpServer2.java:addFilter(948)) - Added filter static_user_filter (class=org.apache.hadoop.http.lib.StaticUserWebFilter$StaticUserFilter) to context hddsDatanode
2019-09-20 10:24:06,633 [main] INFO  http.HttpServer2 (HttpServer2.java:addFilter(958)) - Added filter static_user_filter (class=org.apache.hadoop.http.lib.StaticUserWebFilter$StaticUserFilter) to context logs
2019-09-20 10:24:06,633 [main] INFO  http.HttpServer2 (HttpServer2.java:addFilter(958)) - Added filter static_user_filter (class=org.apache.hadoop.http.lib.StaticUserWebFilter$StaticUserFilter) to context static
2019-09-20 10:24:06,634 [main] INFO  http.HttpServer2 (HttpServer2.java:bindListener(1191)) - Jetty bound to port 34249
2019-09-20 10:24:06,634 [main] INFO  server.Server (Server.java:doStart(351)) - jetty-9.3.24.v20180605, build timestamp: 2018-06-05T17:11:56Z, git hash: 84205aa28f11a4f31f2a3b86d1bba2cc8ab69827
2019-09-20 10:24:06,636 [main] INFO  handler.ContextHandler (ContextHandler.java:doStart(781)) - Started o.e.j.s.ServletContextHandler@25791d40{/logs,file:///workdir/hadoop-ozone/integration-test/target/log,AVAILABLE}
2019-09-20 10:24:06,636 [main] INFO  handler.ContextHandler (ContextHandler.java:doStart(781)) - Started o.e.j.s.ServletContextHandler@251c8145{/static,jar:file:/home/user/.m2/repository/org/apache/hadoop/hadoop-hdds-container-service/0.5.0-SNAPSHOT/hadoop-hdds-container-service-0.5.0-SNAPSHOT.jar!/webapps/static,AVAILABLE}
2019-09-20 10:24:06,659 [main] INFO  handler.ContextHandler (ContextHandler.java:doStart(781)) - Started o.e.j.w.WebAppContext@3520958b{/,file:///tmp/jetty-0.0.0.0-34249-hddsDatanode-_-any-2829804461746758199.dir/webapp/,AVAILABLE}{/hddsDatanode}
2019-09-20 10:24:06,660 [main] INFO  server.AbstractConnector (AbstractConnector.java:doStart(278)) - Started ServerConnector@6cc64028{HTTP/1.1,[http/1.1]}{0.0.0.0:34249}
2019-09-20 10:24:06,660 [main] INFO  server.Server (Server.java:doStart(419)) - Started @8029ms
2019-09-20 10:24:06,661 [main] INFO  server.BaseHttpServer (BaseHttpServer.java:updateConnectorAddress(213)) - HTTP server of HDDSDATANODE is listening at http://0.0.0.0:34249
2019-09-20 10:24:06,800 | INFO  | ObjectStoreRestHttpServer | Listening HDDS REST traffic on /0.0.0.0:43528 |  
2019-09-20 10:24:06,801 [main] INFO  ozone.HddsDatanodeService (HddsDatanodeService.java:startPlugins(395)) - Started plug-in org.apache.hadoop.ozone.web.OzoneHddsDatanodeService@53314f76
2019-09-20 10:24:06,801 [main] INFO  impl.MetricsSystemImpl (MetricsSystemImpl.java:init(158)) - HddsDatanode metrics system started (again)
2019-09-20 10:24:06,805 [main] INFO  ozone.HddsDatanodeService (HddsDatanodeService.java:start(184)) - HddsDatanodeService host:pr-hdds-1569-p5fx8-1226042367 ip:192.168.36.99
2019-09-20 10:24:06,805 [org.apache.hadoop.util.JvmPauseMonitor$Monitor@5a3b1718] INFO  util.JvmPauseMonitor (JvmPauseMonitor.java:run(188)) - Starting JVM pause monitor
2019-09-20 10:24:06,808 [Datanode State Machine Thread - 0] INFO  datanode.InitDatanodeState (InitDatanodeState.java:persistContainerDatanodeDetails(140)) - DatanodeDetails is persisted to /workdir/hadoop-ozone/integration-test/target/test-dir/MiniOzoneClusterImpl-7bc36abf-c66f-431a-931d-8c1e5526238d/datanode-2/meta/datanode.id
2019-09-20 10:24:06,812 [main] INFO  volume.HddsVolume (HddsVolume.java:<init>(176)) - Creating Volume: /workdir/hadoop-ozone/integration-test/target/test-dir/MiniOzoneClusterImpl-7bc36abf-c66f-431a-931d-8c1e5526238d/datanode-3/data/containers/hdds of  storage type : DISK and capacity : 1482555576320
2019-09-20 10:24:06,813 [main] INFO  volume.VolumeSet (VolumeSet.java:initializeVolumeSet(170)) - Added Volume : /workdir/hadoop-ozone/integration-test/target/test-dir/MiniOzoneClusterImpl-7bc36abf-c66f-431a-931d-8c1e5526238d/datanode-3/data/containers/hdds to VolumeSet
2019-09-20 10:24:06,813 [main] INFO  volume.ThrottledAsyncChecker (ThrottledAsyncChecker.java:schedule(140)) - Scheduling a check for org.apache.hadoop.ozone.container.common.volume.HddsVolume@740b9a50
2019-09-20 10:24:06,813 [main] INFO  volume.HddsVolumeChecker (HddsVolumeChecker.java:checkAllVolumes(203)) - Scheduled health check for volume org.apache.hadoop.ozone.container.common.volume.HddsVolume@740b9a50
2019-09-20 10:24:06,828 [main] INFO  impl.RaftServerProxy (ConfUtils.java:logGet(43)) - raft.rpc.type = GRPC (default)
2019-09-20 10:24:06,828 [main] INFO  grpc.GrpcFactory (GrpcFactory.java:checkPooledByteBufAllocatorUseCacheForAllThreads(45)) - PERFORMANCE WARNING: useCacheForAllThreads is true that may cause Netty to create a lot garbage objects and, as a result, trigger GC.
	It is recommended to disable useCacheForAllThreads by setting -Dorg.apache.ratis.thirdparty.io.netty.allocator.useCacheForAllThreads=false in command line.
2019-09-20 10:24:06,828 [main] INFO  grpc.GrpcConfigKeys$Server (ConfUtils.java:logGet(43)) - raft.grpc.server.port = 0 (default)
2019-09-20 10:24:06,828 [main] INFO  server.GrpcService (ConfUtils.java:logGet(43)) - raft.grpc.message.size.max = 33570816 (custom)
2019-09-20 10:24:06,829 [main] INFO  server.RaftServerConfigKeys (ConfUtils.java:logGet(43)) - raft.server.log.appender.buffer.byte-limit = 33554432 (custom)
2019-09-20 10:24:06,829 [main] INFO  server.GrpcService (ConfUtils.java:logGet(43)) - raft.grpc.flow.control.window = 1MB (=1048576) (default)
2019-09-20 10:24:06,829 [main] INFO  server.RaftServerConfigKeys (ConfUtils.java:logGet(43)) - raft.server.rpc.request.timeout = 3000ms (default)
2019-09-20 10:24:06,830 [main] INFO  server.RaftServerConfigKeys (ConfUtils.java:logGet(43)) - raft.server.storage.dir = [/workdir/hadoop-ozone/integration-test/target/test-dir/MiniOzoneClusterImpl-7bc36abf-c66f-431a-931d-8c1e5526238d/datanode-3/data/ratis] (custom)
2019-09-20 10:24:06,830 [main] INFO  replication.SimpleContainerDownloader (SimpleContainerDownloader.java:<init>(72)) - Starting container downloader service to copy containers to replicate.
2019-09-20 10:24:06,831 [main] INFO  hdfs.DFSUtil (DFSUtil.java:httpServerTemplateForNNAndJN(1641)) - Starting Web-server for hddsDatanode at: http://0.0.0.0:0
2019-09-20 10:24:06,833 [main] INFO  server.AuthenticationFilter (AuthenticationFilter.java:constructSecretProvider(240)) - Unable to initialize FileSignerSecretProvider, falling back to use random secrets.
2019-09-20 10:24:06,834 [main] WARN  http.HttpRequestLog (HttpRequestLog.java:getRequestLog(97)) - Jetty request log can only be enabled using Log4j
2019-09-20 10:24:06,836 [main] INFO  http.HttpServer2 (HttpServer2.java:addGlobalFilter(975)) - Added global filter 'safety' (class=org.apache.hadoop.http.HttpServer2$QuotingInputFilter)
2019-09-20 10:24:06,836 [main] INFO  http.HttpServer2 (HttpServer2.java:addFilter(948)) - Added filter static_user_filter (class=org.apache.hadoop.http.lib.StaticUserWebFilter$StaticUserFilter) to context hddsDatanode
2019-09-20 10:24:06,837 [main] INFO  http.HttpServer2 (HttpServer2.java:addFilter(958)) - Added filter static_user_filter (class=org.apache.hadoop.http.lib.StaticUserWebFilter$StaticUserFilter) to context static
2019-09-20 10:24:06,837 [main] INFO  http.HttpServer2 (HttpServer2.java:addFilter(958)) - Added filter static_user_filter (class=org.apache.hadoop.http.lib.StaticUserWebFilter$StaticUserFilter) to context logs
2019-09-20 10:24:06,838 [main] INFO  http.HttpServer2 (HttpServer2.java:bindListener(1191)) - Jetty bound to port 40400
2019-09-20 10:24:06,838 [main] INFO  server.Server (Server.java:doStart(351)) - jetty-9.3.24.v20180605, build timestamp: 2018-06-05T17:11:56Z, git hash: 84205aa28f11a4f31f2a3b86d1bba2cc8ab69827
2019-09-20 10:24:06,844 [main] INFO  handler.ContextHandler (ContextHandler.java:doStart(781)) - Started o.e.j.s.ServletContextHandler@130cfc47{/logs,file:///workdir/hadoop-ozone/integration-test/target/log,AVAILABLE}
2019-09-20 10:24:06,845 [main] INFO  handler.ContextHandler (ContextHandler.java:doStart(781)) - Started o.e.j.s.ServletContextHandler@2b6fb197{/static,jar:file:/home/user/.m2/repository/org/apache/hadoop/hadoop-hdds-container-service/0.5.0-SNAPSHOT/hadoop-hdds-container-service-0.5.0-SNAPSHOT.jar!/webapps/static,AVAILABLE}
2019-09-20 10:24:06,878 [main] INFO  handler.ContextHandler (ContextHandler.java:doStart(781)) - Started o.e.j.w.WebAppContext@1332dec4{/,file:///tmp/jetty-0.0.0.0-40400-hddsDatanode-_-any-18273129205252183.dir/webapp/,AVAILABLE}{/hddsDatanode}
2019-09-20 10:24:06,880 [main] INFO  server.AbstractConnector (AbstractConnector.java:doStart(278)) - Started ServerConnector@544e3679{HTTP/1.1,[http/1.1]}{0.0.0.0:40400}
2019-09-20 10:24:06,880 [main] INFO  server.Server (Server.java:doStart(419)) - Started @8248ms
2019-09-20 10:24:06,882 [main] INFO  server.BaseHttpServer (BaseHttpServer.java:updateConnectorAddress(213)) - HTTP server of HDDSDATANODE is listening at http://0.0.0.0:40400
2019-09-20 10:24:07,024 | INFO  | ObjectStoreRestHttpServer | Listening HDDS REST traffic on /0.0.0.0:42114 |  
2019-09-20 10:24:07,024 [main] INFO  ozone.HddsDatanodeService (HddsDatanodeService.java:startPlugins(395)) - Started plug-in org.apache.hadoop.ozone.web.OzoneHddsDatanodeService@7f22687e
2019-09-20 10:24:07,025 [main] INFO  impl.MetricsSystemImpl (MetricsSystemImpl.java:init(158)) - HddsDatanode metrics system started (again)
2019-09-20 10:24:07,029 [org.apache.hadoop.util.JvmPauseMonitor$Monitor@558aab] INFO  util.JvmPauseMonitor (JvmPauseMonitor.java:run(188)) - Starting JVM pause monitor
2019-09-20 10:24:07,029 [main] INFO  ozone.HddsDatanodeService (HddsDatanodeService.java:start(184)) - HddsDatanodeService host:pr-hdds-1569-p5fx8-1226042367 ip:192.168.36.99
2019-09-20 10:24:07,031 [Datanode State Machine Thread - 0] INFO  datanode.InitDatanodeState (InitDatanodeState.java:persistContainerDatanodeDetails(140)) - DatanodeDetails is persisted to /workdir/hadoop-ozone/integration-test/target/test-dir/MiniOzoneClusterImpl-7bc36abf-c66f-431a-931d-8c1e5526238d/datanode-3/meta/datanode.id
2019-09-20 10:24:07,038 [main] INFO  volume.HddsVolume (HddsVolume.java:<init>(176)) - Creating Volume: /workdir/hadoop-ozone/integration-test/target/test-dir/MiniOzoneClusterImpl-7bc36abf-c66f-431a-931d-8c1e5526238d/datanode-4/data/containers/hdds of  storage type : DISK and capacity : 1482555576320
2019-09-20 10:24:07,039 [main] INFO  volume.VolumeSet (VolumeSet.java:initializeVolumeSet(170)) - Added Volume : /workdir/hadoop-ozone/integration-test/target/test-dir/MiniOzoneClusterImpl-7bc36abf-c66f-431a-931d-8c1e5526238d/datanode-4/data/containers/hdds to VolumeSet
2019-09-20 10:24:07,039 [main] INFO  volume.ThrottledAsyncChecker (ThrottledAsyncChecker.java:schedule(140)) - Scheduling a check for org.apache.hadoop.ozone.container.common.volume.HddsVolume@34f7b44f
2019-09-20 10:24:07,040 [main] INFO  volume.HddsVolumeChecker (HddsVolumeChecker.java:checkAllVolumes(203)) - Scheduled health check for volume org.apache.hadoop.ozone.container.common.volume.HddsVolume@34f7b44f
2019-09-20 10:24:07,057 [main] INFO  impl.RaftServerProxy (ConfUtils.java:logGet(43)) - raft.rpc.type = GRPC (default)
2019-09-20 10:24:07,057 [main] INFO  grpc.GrpcFactory (GrpcFactory.java:checkPooledByteBufAllocatorUseCacheForAllThreads(45)) - PERFORMANCE WARNING: useCacheForAllThreads is true that may cause Netty to create a lot garbage objects and, as a result, trigger GC.
	It is recommended to disable useCacheForAllThreads by setting -Dorg.apache.ratis.thirdparty.io.netty.allocator.useCacheForAllThreads=false in command line.
2019-09-20 10:24:07,057 [main] INFO  grpc.GrpcConfigKeys$Server (ConfUtils.java:logGet(43)) - raft.grpc.server.port = 0 (default)
2019-09-20 10:24:07,057 [main] INFO  server.GrpcService (ConfUtils.java:logGet(43)) - raft.grpc.message.size.max = 33570816 (custom)
2019-09-20 10:24:07,058 [main] INFO  server.RaftServerConfigKeys (ConfUtils.java:logGet(43)) - raft.server.log.appender.buffer.byte-limit = 33554432 (custom)
2019-09-20 10:24:07,058 [main] INFO  server.GrpcService (ConfUtils.java:logGet(43)) - raft.grpc.flow.control.window = 1MB (=1048576) (default)
2019-09-20 10:24:07,058 [main] INFO  server.RaftServerConfigKeys (ConfUtils.java:logGet(43)) - raft.server.rpc.request.timeout = 3000ms (default)
2019-09-20 10:24:07,059 [main] INFO  server.RaftServerConfigKeys (ConfUtils.java:logGet(43)) - raft.server.storage.dir = [/workdir/hadoop-ozone/integration-test/target/test-dir/MiniOzoneClusterImpl-7bc36abf-c66f-431a-931d-8c1e5526238d/datanode-4/data/ratis] (custom)
2019-09-20 10:24:07,059 [main] INFO  replication.SimpleContainerDownloader (SimpleContainerDownloader.java:<init>(72)) - Starting container downloader service to copy containers to replicate.
2019-09-20 10:24:07,061 [main] INFO  hdfs.DFSUtil (DFSUtil.java:httpServerTemplateForNNAndJN(1641)) - Starting Web-server for hddsDatanode at: http://0.0.0.0:0
2019-09-20 10:24:07,062 [main] INFO  server.AuthenticationFilter (AuthenticationFilter.java:constructSecretProvider(240)) - Unable to initialize FileSignerSecretProvider, falling back to use random secrets.
2019-09-20 10:24:07,063 [main] WARN  http.HttpRequestLog (HttpRequestLog.java:getRequestLog(97)) - Jetty request log can only be enabled using Log4j
2019-09-20 10:24:07,064 [main] INFO  http.HttpServer2 (HttpServer2.java:addGlobalFilter(975)) - Added global filter 'safety' (class=org.apache.hadoop.http.HttpServer2$QuotingInputFilter)
2019-09-20 10:24:07,065 [main] INFO  http.HttpServer2 (HttpServer2.java:addFilter(948)) - Added filter static_user_filter (class=org.apache.hadoop.http.lib.StaticUserWebFilter$StaticUserFilter) to context hddsDatanode
2019-09-20 10:24:07,065 [main] INFO  http.HttpServer2 (HttpServer2.java:addFilter(958)) - Added filter static_user_filter (class=org.apache.hadoop.http.lib.StaticUserWebFilter$StaticUserFilter) to context logs
2019-09-20 10:24:07,065 [main] INFO  http.HttpServer2 (HttpServer2.java:addFilter(958)) - Added filter static_user_filter (class=org.apache.hadoop.http.lib.StaticUserWebFilter$StaticUserFilter) to context static
2019-09-20 10:24:07,066 [main] INFO  http.HttpServer2 (HttpServer2.java:bindListener(1191)) - Jetty bound to port 46642
2019-09-20 10:24:07,066 [main] INFO  server.Server (Server.java:doStart(351)) - jetty-9.3.24.v20180605, build timestamp: 2018-06-05T17:11:56Z, git hash: 84205aa28f11a4f31f2a3b86d1bba2cc8ab69827
2019-09-20 10:24:07,068 [main] INFO  handler.ContextHandler (ContextHandler.java:doStart(781)) - Started o.e.j.s.ServletContextHandler@191ec193{/logs,file:///workdir/hadoop-ozone/integration-test/target/log,AVAILABLE}
2019-09-20 10:24:07,069 [main] INFO  handler.ContextHandler (ContextHandler.java:doStart(781)) - Started o.e.j.s.ServletContextHandler@1c7f9861{/static,jar:file:/home/user/.m2/repository/org/apache/hadoop/hadoop-hdds-container-service/0.5.0-SNAPSHOT/hadoop-hdds-container-service-0.5.0-SNAPSHOT.jar!/webapps/static,AVAILABLE}
2019-09-20 10:24:07,099 [main] INFO  handler.ContextHandler (ContextHandler.java:doStart(781)) - Started o.e.j.w.WebAppContext@4eb9ae4d{/,file:///tmp/jetty-0.0.0.0-46642-hddsDatanode-_-any-8268252207900372298.dir/webapp/,AVAILABLE}{/hddsDatanode}
2019-09-20 10:24:07,100 [main] INFO  server.AbstractConnector (AbstractConnector.java:doStart(278)) - Started ServerConnector@5520f675{HTTP/1.1,[http/1.1]}{0.0.0.0:46642}
2019-09-20 10:24:07,100 [main] INFO  server.Server (Server.java:doStart(419)) - Started @8468ms
2019-09-20 10:24:07,103 [main] INFO  server.BaseHttpServer (BaseHttpServer.java:updateConnectorAddress(213)) - HTTP server of HDDSDATANODE is listening at http://0.0.0.0:46642
2019-09-20 10:24:07,243 | INFO  | ObjectStoreRestHttpServer | Listening HDDS REST traffic on /0.0.0.0:35606 |  
2019-09-20 10:24:07,243 [main] INFO  ozone.HddsDatanodeService (HddsDatanodeService.java:startPlugins(395)) - Started plug-in org.apache.hadoop.ozone.web.OzoneHddsDatanodeService@4662752a
2019-09-20 10:24:07,244 [main] INFO  impl.MetricsSystemImpl (MetricsSystemImpl.java:init(158)) - HddsDatanode metrics system started (again)
2019-09-20 10:24:07,247 [main] INFO  ozone.HddsDatanodeService (HddsDatanodeService.java:start(184)) - HddsDatanodeService host:pr-hdds-1569-p5fx8-1226042367 ip:192.168.36.99
2019-09-20 10:24:07,247 [org.apache.hadoop.util.JvmPauseMonitor$Monitor@4c71f289] INFO  util.JvmPauseMonitor (JvmPauseMonitor.java:run(188)) - Starting JVM pause monitor
2019-09-20 10:24:07,250 [Datanode State Machine Thread - 0] INFO  datanode.InitDatanodeState (InitDatanodeState.java:persistContainerDatanodeDetails(140)) - DatanodeDetails is persisted to /workdir/hadoop-ozone/integration-test/target/test-dir/MiniOzoneClusterImpl-7bc36abf-c66f-431a-931d-8c1e5526238d/datanode-4/meta/datanode.id
2019-09-20 10:24:07,255 [main] INFO  volume.HddsVolume (HddsVolume.java:<init>(176)) - Creating Volume: /workdir/hadoop-ozone/integration-test/target/test-dir/MiniOzoneClusterImpl-7bc36abf-c66f-431a-931d-8c1e5526238d/datanode-5/data/containers/hdds of  storage type : DISK and capacity : 1482555576320
2019-09-20 10:24:07,255 [main] INFO  volume.VolumeSet (VolumeSet.java:initializeVolumeSet(170)) - Added Volume : /workdir/hadoop-ozone/integration-test/target/test-dir/MiniOzoneClusterImpl-7bc36abf-c66f-431a-931d-8c1e5526238d/datanode-5/data/containers/hdds to VolumeSet
2019-09-20 10:24:07,255 [main] INFO  volume.ThrottledAsyncChecker (ThrottledAsyncChecker.java:schedule(140)) - Scheduling a check for org.apache.hadoop.ozone.container.common.volume.HddsVolume@17216605
2019-09-20 10:24:07,256 [main] INFO  volume.HddsVolumeChecker (HddsVolumeChecker.java:checkAllVolumes(203)) - Scheduled health check for volume org.apache.hadoop.ozone.container.common.volume.HddsVolume@17216605
2019-09-20 10:24:07,270 [main] INFO  impl.RaftServerProxy (ConfUtils.java:logGet(43)) - raft.rpc.type = GRPC (default)
2019-09-20 10:24:07,271 [main] INFO  grpc.GrpcFactory (GrpcFactory.java:checkPooledByteBufAllocatorUseCacheForAllThreads(45)) - PERFORMANCE WARNING: useCacheForAllThreads is true that may cause Netty to create a lot garbage objects and, as a result, trigger GC.
	It is recommended to disable useCacheForAllThreads by setting -Dorg.apache.ratis.thirdparty.io.netty.allocator.useCacheForAllThreads=false in command line.
2019-09-20 10:24:07,271 [main] INFO  grpc.GrpcConfigKeys$Server (ConfUtils.java:logGet(43)) - raft.grpc.server.port = 0 (default)
2019-09-20 10:24:07,271 [main] INFO  server.GrpcService (ConfUtils.java:logGet(43)) - raft.grpc.message.size.max = 33570816 (custom)
2019-09-20 10:24:07,271 [main] INFO  server.RaftServerConfigKeys (ConfUtils.java:logGet(43)) - raft.server.log.appender.buffer.byte-limit = 33554432 (custom)
2019-09-20 10:24:07,272 [main] INFO  server.GrpcService (ConfUtils.java:logGet(43)) - raft.grpc.flow.control.window = 1MB (=1048576) (default)
2019-09-20 10:24:07,272 [main] INFO  server.RaftServerConfigKeys (ConfUtils.java:logGet(43)) - raft.server.rpc.request.timeout = 3000ms (default)
2019-09-20 10:24:07,272 [main] INFO  server.RaftServerConfigKeys (ConfUtils.java:logGet(43)) - raft.server.storage.dir = [/workdir/hadoop-ozone/integration-test/target/test-dir/MiniOzoneClusterImpl-7bc36abf-c66f-431a-931d-8c1e5526238d/datanode-5/data/ratis] (custom)
2019-09-20 10:24:07,273 [main] INFO  replication.SimpleContainerDownloader (SimpleContainerDownloader.java:<init>(72)) - Starting container downloader service to copy containers to replicate.
2019-09-20 10:24:07,274 [main] INFO  hdfs.DFSUtil (DFSUtil.java:httpServerTemplateForNNAndJN(1641)) - Starting Web-server for hddsDatanode at: http://0.0.0.0:0
2019-09-20 10:24:07,277 [main] INFO  server.AuthenticationFilter (AuthenticationFilter.java:constructSecretProvider(240)) - Unable to initialize FileSignerSecretProvider, falling back to use random secrets.
2019-09-20 10:24:07,277 [main] WARN  http.HttpRequestLog (HttpRequestLog.java:getRequestLog(97)) - Jetty request log can only be enabled using Log4j
2019-09-20 10:24:07,280 [main] INFO  http.HttpServer2 (HttpServer2.java:addGlobalFilter(975)) - Added global filter 'safety' (class=org.apache.hadoop.http.HttpServer2$QuotingInputFilter)
2019-09-20 10:24:07,281 [main] INFO  http.HttpServer2 (HttpServer2.java:addFilter(948)) - Added filter static_user_filter (class=org.apache.hadoop.http.lib.StaticUserWebFilter$StaticUserFilter) to context hddsDatanode
2019-09-20 10:24:07,281 [main] INFO  http.HttpServer2 (HttpServer2.java:addFilter(958)) - Added filter static_user_filter (class=org.apache.hadoop.http.lib.StaticUserWebFilter$StaticUserFilter) to context static
2019-09-20 10:24:07,281 [main] INFO  http.HttpServer2 (HttpServer2.java:addFilter(958)) - Added filter static_user_filter (class=org.apache.hadoop.http.lib.StaticUserWebFilter$StaticUserFilter) to context logs
2019-09-20 10:24:07,283 [main] INFO  http.HttpServer2 (HttpServer2.java:bindListener(1191)) - Jetty bound to port 35254
2019-09-20 10:24:07,283 [main] INFO  server.Server (Server.java:doStart(351)) - jetty-9.3.24.v20180605, build timestamp: 2018-06-05T17:11:56Z, git hash: 84205aa28f11a4f31f2a3b86d1bba2cc8ab69827
2019-09-20 10:24:07,286 [main] INFO  handler.ContextHandler (ContextHandler.java:doStart(781)) - Started o.e.j.s.ServletContextHandler@4e17442f{/logs,file:///workdir/hadoop-ozone/integration-test/target/log,AVAILABLE}
2019-09-20 10:24:07,287 [main] INFO  handler.ContextHandler (ContextHandler.java:doStart(781)) - Started o.e.j.s.ServletContextHandler@62e73ab6{/static,jar:file:/home/user/.m2/repository/org/apache/hadoop/hadoop-hdds-container-service/0.5.0-SNAPSHOT/hadoop-hdds-container-service-0.5.0-SNAPSHOT.jar!/webapps/static,AVAILABLE}
2019-09-20 10:24:07,334 [main] INFO  handler.ContextHandler (ContextHandler.java:doStart(781)) - Started o.e.j.w.WebAppContext@74c121d4{/,file:///tmp/jetty-0.0.0.0-35254-hddsDatanode-_-any-3253326989584215560.dir/webapp/,AVAILABLE}{/hddsDatanode}
2019-09-20 10:24:07,335 [main] INFO  server.AbstractConnector (AbstractConnector.java:doStart(278)) - Started ServerConnector@2a484710{HTTP/1.1,[http/1.1]}{0.0.0.0:35254}
2019-09-20 10:24:07,336 [main] INFO  server.Server (Server.java:doStart(419)) - Started @8704ms
2019-09-20 10:24:07,337 [main] INFO  server.BaseHttpServer (BaseHttpServer.java:updateConnectorAddress(213)) - HTTP server of HDDSDATANODE is listening at http://0.0.0.0:35254
2019-09-20 10:24:07,584 | INFO  | ObjectStoreRestHttpServer | Listening HDDS REST traffic on /0.0.0.0:44865 |  
2019-09-20 10:24:07,584 [main] INFO  ozone.HddsDatanodeService (HddsDatanodeService.java:startPlugins(395)) - Started plug-in org.apache.hadoop.ozone.web.OzoneHddsDatanodeService@32a8ca06
2019-09-20 10:24:07,585 [main] INFO  impl.MetricsSystemImpl (MetricsSystemImpl.java:init(158)) - HddsDatanode metrics system started (again)
2019-09-20 10:24:07,588 [org.apache.hadoop.util.JvmPauseMonitor$Monitor@687f65cc] INFO  util.JvmPauseMonitor (JvmPauseMonitor.java:run(188)) - Starting JVM pause monitor
2019-09-20 10:24:07,588 [main] INFO  ozone.HddsDatanodeService (HddsDatanodeService.java:start(184)) - HddsDatanodeService host:pr-hdds-1569-p5fx8-1226042367 ip:192.168.36.99
2019-09-20 10:24:07,591 [Datanode State Machine Thread - 0] INFO  datanode.InitDatanodeState (InitDatanodeState.java:persistContainerDatanodeDetails(140)) - DatanodeDetails is persisted to /workdir/hadoop-ozone/integration-test/target/test-dir/MiniOzoneClusterImpl-7bc36abf-c66f-431a-931d-8c1e5526238d/datanode-5/meta/datanode.id
2019-09-20 10:24:07,596 [main] INFO  volume.HddsVolume (HddsVolume.java:<init>(176)) - Creating Volume: /workdir/hadoop-ozone/integration-test/target/test-dir/MiniOzoneClusterImpl-7bc36abf-c66f-431a-931d-8c1e5526238d/datanode-6/data/containers/hdds of  storage type : DISK and capacity : 1482555576320
2019-09-20 10:24:07,596 [main] INFO  volume.VolumeSet (VolumeSet.java:initializeVolumeSet(170)) - Added Volume : /workdir/hadoop-ozone/integration-test/target/test-dir/MiniOzoneClusterImpl-7bc36abf-c66f-431a-931d-8c1e5526238d/datanode-6/data/containers/hdds to VolumeSet
2019-09-20 10:24:07,596 [main] INFO  volume.ThrottledAsyncChecker (ThrottledAsyncChecker.java:schedule(140)) - Scheduling a check for org.apache.hadoop.ozone.container.common.volume.HddsVolume@638afcaa
2019-09-20 10:24:07,597 [main] INFO  volume.HddsVolumeChecker (HddsVolumeChecker.java:checkAllVolumes(203)) - Scheduled health check for volume org.apache.hadoop.ozone.container.common.volume.HddsVolume@638afcaa
2019-09-20 10:24:07,611 [main] INFO  impl.RaftServerProxy (ConfUtils.java:logGet(43)) - raft.rpc.type = GRPC (default)
2019-09-20 10:24:07,611 [main] INFO  grpc.GrpcFactory (GrpcFactory.java:checkPooledByteBufAllocatorUseCacheForAllThreads(45)) - PERFORMANCE WARNING: useCacheForAllThreads is true that may cause Netty to create a lot garbage objects and, as a result, trigger GC.
	It is recommended to disable useCacheForAllThreads by setting -Dorg.apache.ratis.thirdparty.io.netty.allocator.useCacheForAllThreads=false in command line.
2019-09-20 10:24:07,611 [main] INFO  grpc.GrpcConfigKeys$Server (ConfUtils.java:logGet(43)) - raft.grpc.server.port = 0 (default)
2019-09-20 10:24:07,612 [main] INFO  server.GrpcService (ConfUtils.java:logGet(43)) - raft.grpc.message.size.max = 33570816 (custom)
2019-09-20 10:24:07,612 [main] INFO  server.RaftServerConfigKeys (ConfUtils.java:logGet(43)) - raft.server.log.appender.buffer.byte-limit = 33554432 (custom)
2019-09-20 10:24:07,612 [main] INFO  server.GrpcService (ConfUtils.java:logGet(43)) - raft.grpc.flow.control.window = 1MB (=1048576) (default)
2019-09-20 10:24:07,612 [main] INFO  server.RaftServerConfigKeys (ConfUtils.java:logGet(43)) - raft.server.rpc.request.timeout = 3000ms (default)
2019-09-20 10:24:07,613 [main] INFO  server.RaftServerConfigKeys (ConfUtils.java:logGet(43)) - raft.server.storage.dir = [/workdir/hadoop-ozone/integration-test/target/test-dir/MiniOzoneClusterImpl-7bc36abf-c66f-431a-931d-8c1e5526238d/datanode-6/data/ratis] (custom)
2019-09-20 10:24:07,613 [main] INFO  replication.SimpleContainerDownloader (SimpleContainerDownloader.java:<init>(72)) - Starting container downloader service to copy containers to replicate.
2019-09-20 10:24:07,615 [main] INFO  hdfs.DFSUtil (DFSUtil.java:httpServerTemplateForNNAndJN(1641)) - Starting Web-server for hddsDatanode at: http://0.0.0.0:0
2019-09-20 10:24:07,616 [main] INFO  server.AuthenticationFilter (AuthenticationFilter.java:constructSecretProvider(240)) - Unable to initialize FileSignerSecretProvider, falling back to use random secrets.
2019-09-20 10:24:07,616 [main] WARN  http.HttpRequestLog (HttpRequestLog.java:getRequestLog(97)) - Jetty request log can only be enabled using Log4j
2019-09-20 10:24:07,618 [main] INFO  http.HttpServer2 (HttpServer2.java:addGlobalFilter(975)) - Added global filter 'safety' (class=org.apache.hadoop.http.HttpServer2$QuotingInputFilter)
2019-09-20 10:24:07,618 [main] INFO  http.HttpServer2 (HttpServer2.java:addFilter(948)) - Added filter static_user_filter (class=org.apache.hadoop.http.lib.StaticUserWebFilter$StaticUserFilter) to context hddsDatanode
2019-09-20 10:24:07,618 [main] INFO  http.HttpServer2 (HttpServer2.java:addFilter(958)) - Added filter static_user_filter (class=org.apache.hadoop.http.lib.StaticUserWebFilter$StaticUserFilter) to context static
2019-09-20 10:24:07,619 [main] INFO  http.HttpServer2 (HttpServer2.java:addFilter(958)) - Added filter static_user_filter (class=org.apache.hadoop.http.lib.StaticUserWebFilter$StaticUserFilter) to context logs
2019-09-20 10:24:07,619 [main] INFO  http.HttpServer2 (HttpServer2.java:bindListener(1191)) - Jetty bound to port 40015
2019-09-20 10:24:07,619 [main] INFO  server.Server (Server.java:doStart(351)) - jetty-9.3.24.v20180605, build timestamp: 2018-06-05T17:11:56Z, git hash: 84205aa28f11a4f31f2a3b86d1bba2cc8ab69827
2019-09-20 10:24:07,621 [main] INFO  handler.ContextHandler (ContextHandler.java:doStart(781)) - Started o.e.j.s.ServletContextHandler@11bfffb3{/logs,file:///workdir/hadoop-ozone/integration-test/target/log,AVAILABLE}
2019-09-20 10:24:07,621 [main] INFO  handler.ContextHandler (ContextHandler.java:doStart(781)) - Started o.e.j.s.ServletContextHandler@1c6e3ff9{/static,jar:file:/home/user/.m2/repository/org/apache/hadoop/hadoop-hdds-container-service/0.5.0-SNAPSHOT/hadoop-hdds-container-service-0.5.0-SNAPSHOT.jar!/webapps/static,AVAILABLE}
2019-09-20 10:24:07,647 [main] INFO  handler.ContextHandler (ContextHandler.java:doStart(781)) - Started o.e.j.w.WebAppContext@2eebce87{/,file:///tmp/jetty-0.0.0.0-40015-hddsDatanode-_-any-1240667364891947581.dir/webapp/,AVAILABLE}{/hddsDatanode}
2019-09-20 10:24:07,649 [main] INFO  server.AbstractConnector (AbstractConnector.java:doStart(278)) - Started ServerConnector@6ee37ca7{HTTP/1.1,[http/1.1]}{0.0.0.0:40015}
2019-09-20 10:24:07,649 [main] INFO  server.Server (Server.java:doStart(419)) - Started @9017ms
2019-09-20 10:24:07,650 [main] INFO  server.BaseHttpServer (BaseHttpServer.java:updateConnectorAddress(213)) - HTTP server of HDDSDATANODE is listening at http://0.0.0.0:40015
2019-09-20 10:24:07,774 | INFO  | ObjectStoreRestHttpServer | Listening HDDS REST traffic on /0.0.0.0:39896 |  
2019-09-20 10:24:07,774 [main] INFO  ozone.HddsDatanodeService (HddsDatanodeService.java:startPlugins(395)) - Started plug-in org.apache.hadoop.ozone.web.OzoneHddsDatanodeService@56ec6960
2019-09-20 10:24:07,777 [main] INFO  ozone.MiniOzoneClusterImpl (MiniOzoneClusterImpl.java:lambda$waitForClusterToBeReady$0(142)) - Waiting for cluster to be ready. Got 0 of 7 DN Heartbeats.
2019-09-20 10:24:07,777 [org.apache.hadoop.util.JvmPauseMonitor$Monitor@15f36422] INFO  util.JvmPauseMonitor (JvmPauseMonitor.java:run(188)) - Starting JVM pause monitor
2019-09-20 10:24:07,780 [Datanode State Machine Thread - 0] INFO  datanode.InitDatanodeState (InitDatanodeState.java:persistContainerDatanodeDetails(140)) - DatanodeDetails is persisted to /workdir/hadoop-ozone/integration-test/target/test-dir/MiniOzoneClusterImpl-7bc36abf-c66f-431a-931d-8c1e5526238d/datanode-6/meta/datanode.id
2019-09-20 10:24:08,375 | INFO  | SCMAudit | user=jenkins1000 | ip=192.168.36.99 | op=GET_VERSION null | ret=SUCCESS |  
2019-09-20 10:24:08,418 [Datanode State Machine Thread - 0] INFO  ozoneimpl.OzoneContainer (OzoneContainer.java:start(186)) - Attempting to start container services.
2019-09-20 10:24:08,420 [Datanode State Machine Thread - 0] INFO  ozoneimpl.OzoneContainer (OzoneContainer.java:startContainerScrub(160)) - Background container scrubber has been disabled by hdds.containerscrub.enabled
2019-09-20 10:24:08,420 [Datanode State Machine Thread - 0] INFO  ratis.XceiverServerRatis (XceiverServerRatis.java:start(404)) - Starting XceiverServerRatis 17e2ba94-38a1-40e7-84e0-f6802901db84 at port 0
2019-09-20 10:24:08,440 [Datanode State Machine Thread - 0] INFO  impl.RaftServerProxy (RaftServerProxy.java:lambda$start$3(299)) - 17e2ba94-38a1-40e7-84e0-f6802901db84: start RPC server
2019-09-20 10:24:08,573 [Datanode State Machine Thread - 0] INFO  server.GrpcService (GrpcService.java:startImpl(149)) - 17e2ba94-38a1-40e7-84e0-f6802901db84: GrpcService started, listening on 0.0.0.0/0.0.0.0:43716
2019-09-20 10:24:08,573 [Datanode State Machine Thread - 0] INFO  ratis.XceiverServerRatis (XceiverServerRatis.java:start(414)) - XceiverServerRatis 17e2ba94-38a1-40e7-84e0-f6802901db84 is started using port 43716
2019-09-20 10:24:08,575 [Datanode State Machine Thread - 0] INFO  server.XceiverServerGrpc (XceiverServerGrpc.java:start(163)) - XceiverServerGrpc 17e2ba94-38a1-40e7-84e0-f6802901db84 is started using port 45157
2019-09-20 10:24:08,603 | INFO  | SCMAudit | user=jenkins1000 | ip=192.168.36.99 | op=GET_VERSION null | ret=SUCCESS |  
2019-09-20 10:24:08,627 [Datanode State Machine Thread - 0] INFO  ozoneimpl.OzoneContainer (OzoneContainer.java:start(186)) - Attempting to start container services.
2019-09-20 10:24:08,629 [Datanode State Machine Thread - 0] INFO  ozoneimpl.OzoneContainer (OzoneContainer.java:startContainerScrub(160)) - Background container scrubber has been disabled by hdds.containerscrub.enabled
2019-09-20 10:24:08,629 [Datanode State Machine Thread - 0] INFO  ratis.XceiverServerRatis (XceiverServerRatis.java:start(404)) - Starting XceiverServerRatis 3d6f3241-e73c-473a-ad0b-c7be2f7e1dda at port 0
2019-09-20 10:24:08,636 [Datanode State Machine Thread - 0] INFO  impl.RaftServerProxy (RaftServerProxy.java:lambda$start$3(299)) - 3d6f3241-e73c-473a-ad0b-c7be2f7e1dda: start RPC server
2019-09-20 10:24:08,639 [Datanode State Machine Thread - 0] INFO  server.GrpcService (GrpcService.java:startImpl(149)) - 3d6f3241-e73c-473a-ad0b-c7be2f7e1dda: GrpcService started, listening on 0.0.0.0/0.0.0.0:33174
2019-09-20 10:24:08,639 [Datanode State Machine Thread - 0] INFO  ratis.XceiverServerRatis (XceiverServerRatis.java:start(414)) - XceiverServerRatis 3d6f3241-e73c-473a-ad0b-c7be2f7e1dda is started using port 33174
2019-09-20 10:24:08,640 [Datanode State Machine Thread - 0] INFO  server.XceiverServerGrpc (XceiverServerGrpc.java:start(163)) - XceiverServerGrpc 3d6f3241-e73c-473a-ad0b-c7be2f7e1dda is started using port 35109
2019-09-20 10:24:08,777 [main] INFO  ozone.MiniOzoneClusterImpl (MiniOzoneClusterImpl.java:lambda$waitForClusterToBeReady$0(142)) - Waiting for cluster to be ready. Got 0 of 7 DN Heartbeats.
2019-09-20 10:24:08,808 | INFO  | SCMAudit | user=jenkins1000 | ip=192.168.36.99 | op=GET_VERSION null | ret=SUCCESS |  
2019-09-20 10:24:08,828 [Datanode State Machine Thread - 0] INFO  ozoneimpl.OzoneContainer (OzoneContainer.java:start(186)) - Attempting to start container services.
2019-09-20 10:24:08,835 [Datanode State Machine Thread - 0] INFO  ozoneimpl.OzoneContainer (OzoneContainer.java:startContainerScrub(160)) - Background container scrubber has been disabled by hdds.containerscrub.enabled
2019-09-20 10:24:08,835 [Datanode State Machine Thread - 0] INFO  ratis.XceiverServerRatis (XceiverServerRatis.java:start(404)) - Starting XceiverServerRatis 66416d0b-a71c-4af1-ae3a-62ca63b880a3 at port 0
2019-09-20 10:24:08,843 [Datanode State Machine Thread - 0] INFO  impl.RaftServerProxy (RaftServerProxy.java:lambda$start$3(299)) - 66416d0b-a71c-4af1-ae3a-62ca63b880a3: start RPC server
2019-09-20 10:24:08,847 [Datanode State Machine Thread - 0] INFO  server.GrpcService (GrpcService.java:startImpl(149)) - 66416d0b-a71c-4af1-ae3a-62ca63b880a3: GrpcService started, listening on 0.0.0.0/0.0.0.0:43326
2019-09-20 10:24:08,847 [Datanode State Machine Thread - 0] INFO  ratis.XceiverServerRatis (XceiverServerRatis.java:start(414)) - XceiverServerRatis 66416d0b-a71c-4af1-ae3a-62ca63b880a3 is started using port 43326
2019-09-20 10:24:08,850 [Datanode State Machine Thread - 0] INFO  server.XceiverServerGrpc (XceiverServerGrpc.java:start(163)) - XceiverServerGrpc 66416d0b-a71c-4af1-ae3a-62ca63b880a3 is started using port 41004
2019-09-20 10:24:09,033 | INFO  | SCMAudit | user=jenkins1000 | ip=192.168.36.99 | op=GET_VERSION null | ret=SUCCESS |  
2019-09-20 10:24:09,053 [Datanode State Machine Thread - 0] INFO  ozoneimpl.OzoneContainer (OzoneContainer.java:start(186)) - Attempting to start container services.
2019-09-20 10:24:09,053 [Datanode State Machine Thread - 0] INFO  ozoneimpl.OzoneContainer (OzoneContainer.java:startContainerScrub(160)) - Background container scrubber has been disabled by hdds.containerscrub.enabled
2019-09-20 10:24:09,053 [Datanode State Machine Thread - 0] INFO  ratis.XceiverServerRatis (XceiverServerRatis.java:start(404)) - Starting XceiverServerRatis c3e532f8-1a8e-44f3-b56b-d765aee893af at port 0
2019-09-20 10:24:09,062 [Datanode State Machine Thread - 0] INFO  impl.RaftServerProxy (RaftServerProxy.java:lambda$start$3(299)) - c3e532f8-1a8e-44f3-b56b-d765aee893af: start RPC server
2019-09-20 10:24:09,066 [Datanode State Machine Thread - 0] INFO  server.GrpcService (GrpcService.java:startImpl(149)) - c3e532f8-1a8e-44f3-b56b-d765aee893af: GrpcService started, listening on 0.0.0.0/0.0.0.0:34965
2019-09-20 10:24:09,066 [Datanode State Machine Thread - 0] INFO  ratis.XceiverServerRatis (XceiverServerRatis.java:start(414)) - XceiverServerRatis c3e532f8-1a8e-44f3-b56b-d765aee893af is started using port 34965
2019-09-20 10:24:09,069 [Datanode State Machine Thread - 0] INFO  server.XceiverServerGrpc (XceiverServerGrpc.java:start(163)) - XceiverServerGrpc c3e532f8-1a8e-44f3-b56b-d765aee893af is started using port 44426
2019-09-20 10:24:09,250 | INFO  | SCMAudit | user=jenkins1000 | ip=192.168.36.99 | op=GET_VERSION null | ret=SUCCESS |  
2019-09-20 10:24:09,270 [Datanode State Machine Thread - 0] INFO  ozoneimpl.OzoneContainer (OzoneContainer.java:start(186)) - Attempting to start container services.
2019-09-20 10:24:09,270 [Datanode State Machine Thread - 0] INFO  ozoneimpl.OzoneContainer (OzoneContainer.java:startContainerScrub(160)) - Background container scrubber has been disabled by hdds.containerscrub.enabled
2019-09-20 10:24:09,271 [Datanode State Machine Thread - 0] INFO  ratis.XceiverServerRatis (XceiverServerRatis.java:start(404)) - Starting XceiverServerRatis 4d972e91-cb6b-45de-8bd2-c18af7abe58b at port 0
2019-09-20 10:24:09,281 [Datanode State Machine Thread - 0] INFO  impl.RaftServerProxy (RaftServerProxy.java:lambda$start$3(299)) - 4d972e91-cb6b-45de-8bd2-c18af7abe58b: start RPC server
2019-09-20 10:24:09,287 [Datanode State Machine Thread - 0] INFO  server.GrpcService (GrpcService.java:startImpl(149)) - 4d972e91-cb6b-45de-8bd2-c18af7abe58b: GrpcService started, listening on 0.0.0.0/0.0.0.0:46114
2019-09-20 10:24:09,287 [Datanode State Machine Thread - 0] INFO  ratis.XceiverServerRatis (XceiverServerRatis.java:start(414)) - XceiverServerRatis 4d972e91-cb6b-45de-8bd2-c18af7abe58b is started using port 46114
2019-09-20 10:24:09,291 [Datanode State Machine Thread - 0] INFO  server.XceiverServerGrpc (XceiverServerGrpc.java:start(163)) - XceiverServerGrpc 4d972e91-cb6b-45de-8bd2-c18af7abe58b is started using port 35638
2019-09-20 10:24:09,592 | INFO  | SCMAudit | user=jenkins1000 | ip=192.168.36.99 | op=GET_VERSION null | ret=SUCCESS |  
2019-09-20 10:24:09,619 [Datanode State Machine Thread - 0] INFO  ozoneimpl.OzoneContainer (OzoneContainer.java:start(186)) - Attempting to start container services.
2019-09-20 10:24:09,619 [Datanode State Machine Thread - 0] INFO  ozoneimpl.OzoneContainer (OzoneContainer.java:startContainerScrub(160)) - Background container scrubber has been disabled by hdds.containerscrub.enabled
2019-09-20 10:24:09,619 [Datanode State Machine Thread - 0] INFO  ratis.XceiverServerRatis (XceiverServerRatis.java:start(404)) - Starting XceiverServerRatis 1ab786b9-c79c-4265-88a1-5b3344c6beda at port 0
2019-09-20 10:24:09,627 [Datanode State Machine Thread - 0] INFO  impl.RaftServerProxy (RaftServerProxy.java:lambda$start$3(299)) - 1ab786b9-c79c-4265-88a1-5b3344c6beda: start RPC server
2019-09-20 10:24:09,632 [Datanode State Machine Thread - 0] INFO  server.GrpcService (GrpcService.java:startImpl(149)) - 1ab786b9-c79c-4265-88a1-5b3344c6beda: GrpcService started, listening on 0.0.0.0/0.0.0.0:42782
2019-09-20 10:24:09,632 [Datanode State Machine Thread - 0] INFO  ratis.XceiverServerRatis (XceiverServerRatis.java:start(414)) - XceiverServerRatis 1ab786b9-c79c-4265-88a1-5b3344c6beda is started using port 42782
2019-09-20 10:24:09,636 [Datanode State Machine Thread - 0] INFO  server.XceiverServerGrpc (XceiverServerGrpc.java:start(163)) - XceiverServerGrpc 1ab786b9-c79c-4265-88a1-5b3344c6beda is started using port 43278
2019-09-20 10:24:09,779 [main] INFO  ozone.MiniOzoneClusterImpl (MiniOzoneClusterImpl.java:lambda$waitForClusterToBeReady$0(142)) - Waiting for cluster to be ready. Got 0 of 7 DN Heartbeats.
2019-09-20 10:24:09,780 | INFO  | SCMAudit | user=jenkins1000 | ip=192.168.36.99 | op=GET_VERSION null | ret=SUCCESS |  
2019-09-20 10:24:09,801 [Datanode State Machine Thread - 0] INFO  ozoneimpl.OzoneContainer (OzoneContainer.java:start(186)) - Attempting to start container services.
2019-09-20 10:24:09,802 [Datanode State Machine Thread - 0] INFO  ozoneimpl.OzoneContainer (OzoneContainer.java:startContainerScrub(160)) - Background container scrubber has been disabled by hdds.containerscrub.enabled
2019-09-20 10:24:09,802 [Datanode State Machine Thread - 0] INFO  ratis.XceiverServerRatis (XceiverServerRatis.java:start(404)) - Starting XceiverServerRatis 7af711bd-b5ae-4a73-a8be-b970cae6c2d1 at port 0
2019-09-20 10:24:09,810 [Datanode State Machine Thread - 0] INFO  impl.RaftServerProxy (RaftServerProxy.java:lambda$start$3(299)) - 7af711bd-b5ae-4a73-a8be-b970cae6c2d1: start RPC server
2019-09-20 10:24:09,815 [Datanode State Machine Thread - 0] INFO  server.GrpcService (GrpcService.java:startImpl(149)) - 7af711bd-b5ae-4a73-a8be-b970cae6c2d1: GrpcService started, listening on 0.0.0.0/0.0.0.0:39953
2019-09-20 10:24:09,815 [Datanode State Machine Thread - 0] INFO  ratis.XceiverServerRatis (XceiverServerRatis.java:start(414)) - XceiverServerRatis 7af711bd-b5ae-4a73-a8be-b970cae6c2d1 is started using port 39953
2019-09-20 10:24:09,819 [Datanode State Machine Thread - 0] INFO  server.XceiverServerGrpc (XceiverServerGrpc.java:start(163)) - XceiverServerGrpc 7af711bd-b5ae-4a73-a8be-b970cae6c2d1 is started using port 35316
2019-09-20 10:24:10,400 [IPC Server handler 5 on 46372] INFO  net.NetworkTopology (NetworkTopologyImpl.java:add(110)) - Added a new node: /default-rack/17e2ba94-38a1-40e7-84e0-f6802901db84
2019-09-20 10:24:10,401 [IPC Server handler 5 on 46372] INFO  node.SCMNodeManager (SCMNodeManager.java:register(273)) - Registered Data node : 17e2ba94-38a1-40e7-84e0-f6802901db84{ip: 192.168.36.99, host: pr-hdds-1569-p5fx8-1226042367, networkLocation: /default-rack, certSerialId: null}
2019-09-20 10:24:10,407 [EventQueue-NodeRegistrationContainerReportForDataNodeSafeModeRule] INFO  safemode.SCMSafeModeManager (DataNodeSafeModeRule.java:process(71)) - SCM in safe mode. 1 DataNodes registered, 1 required.
2019-09-20 10:24:10,407 [EventQueue-NodeRegistrationContainerReportForDataNodeSafeModeRule] INFO  safemode.SCMSafeModeManager (SCMSafeModeManager.java:validateSafeModeExitRules(177)) - ScmSafeModeManager, all rules are successfully validated
2019-09-20 10:24:10,408 [EventQueue-NodeRegistrationContainerReportForDataNodeSafeModeRule] INFO  safemode.SCMSafeModeManager (SCMSafeModeManager.java:exitSafeMode(193)) - SCM exiting safe mode.
2019-09-20 10:24:10,420 | INFO  | SCMAudit | user=jenkins1000 | ip=192.168.36.99 | op=REGISTER {datanodeDetails=17e2ba94-38a1-40e7-84e0-f6802901db84{ip: 192.168.36.99, host: pr-hdds-1569-p5fx8-1226042367, networkLocation: /default-rack, certSerialId: null}} | ret=SUCCESS |  
2019-09-20 10:24:10,607 [IPC Server handler 2 on 46372] INFO  net.NetworkTopology (NetworkTopologyImpl.java:add(110)) - Added a new node: /default-rack/3d6f3241-e73c-473a-ad0b-c7be2f7e1dda
2019-09-20 10:24:10,607 [IPC Server handler 2 on 46372] INFO  node.SCMNodeManager (SCMNodeManager.java:register(273)) - Registered Data node : 3d6f3241-e73c-473a-ad0b-c7be2f7e1dda{ip: 192.168.36.99, host: pr-hdds-1569-p5fx8-1226042367, networkLocation: /default-rack, certSerialId: null}
2019-09-20 10:24:10,608 | INFO  | SCMAudit | user=jenkins1000 | ip=192.168.36.99 | op=REGISTER {datanodeDetails=3d6f3241-e73c-473a-ad0b-c7be2f7e1dda{ip: 192.168.36.99, host: pr-hdds-1569-p5fx8-1226042367, networkLocation: /default-rack, certSerialId: null}} | ret=SUCCESS |  
2019-09-20 10:24:10,781 [main] INFO  ozone.MiniOzoneClusterImpl (MiniOzoneClusterImpl.java:lambda$waitForClusterToBeReady$0(142)) - Waiting for cluster to be ready. Got 2 of 7 DN Heartbeats.
2019-09-20 10:24:11,241 [IPC Server handler 0 on 46372] INFO  net.NetworkTopology (NetworkTopologyImpl.java:add(110)) - Added a new node: /default-rack/c3e532f8-1a8e-44f3-b56b-d765aee893af
2019-09-20 10:24:11,241 [IPC Server handler 3 on 46372] INFO  net.NetworkTopology (NetworkTopologyImpl.java:add(110)) - Added a new node: /default-rack/66416d0b-a71c-4af1-ae3a-62ca63b880a3
2019-09-20 10:24:11,242 [IPC Server handler 0 on 46372] INFO  node.SCMNodeManager (SCMNodeManager.java:register(273)) - Registered Data node : c3e532f8-1a8e-44f3-b56b-d765aee893af{ip: 192.168.36.99, host: pr-hdds-1569-p5fx8-1226042367, networkLocation: /default-rack, certSerialId: null}
2019-09-20 10:24:11,242 [IPC Server handler 3 on 46372] INFO  node.SCMNodeManager (SCMNodeManager.java:register(273)) - Registered Data node : 66416d0b-a71c-4af1-ae3a-62ca63b880a3{ip: 192.168.36.99, host: pr-hdds-1569-p5fx8-1226042367, networkLocation: /default-rack, certSerialId: null}
2019-09-20 10:24:11,242 | INFO  | SCMAudit | user=jenkins1000 | ip=192.168.36.99 | op=REGISTER {datanodeDetails=66416d0b-a71c-4af1-ae3a-62ca63b880a3{ip: 192.168.36.99, host: pr-hdds-1569-p5fx8-1226042367, networkLocation: /default-rack, certSerialId: null}} | ret=SUCCESS |  
2019-09-20 10:24:11,242 | INFO  | SCMAudit | user=jenkins1000 | ip=192.168.36.99 | op=REGISTER {datanodeDetails=c3e532f8-1a8e-44f3-b56b-d765aee893af{ip: 192.168.36.99, host: pr-hdds-1569-p5fx8-1226042367, networkLocation: /default-rack, certSerialId: null}} | ret=SUCCESS |  
2019-09-20 10:24:11,254 [IPC Server handler 6 on 46372] INFO  net.NetworkTopology (NetworkTopologyImpl.java:add(110)) - Added a new node: /default-rack/4d972e91-cb6b-45de-8bd2-c18af7abe58b
2019-09-20 10:24:11,255 [IPC Server handler 6 on 46372] INFO  node.SCMNodeManager (SCMNodeManager.java:register(273)) - Registered Data node : 4d972e91-cb6b-45de-8bd2-c18af7abe58b{ip: 192.168.36.99, host: pr-hdds-1569-p5fx8-1226042367, networkLocation: /default-rack, certSerialId: null}
2019-09-20 10:24:11,255 | INFO  | SCMAudit | user=jenkins1000 | ip=192.168.36.99 | op=REGISTER {datanodeDetails=4d972e91-cb6b-45de-8bd2-c18af7abe58b{ip: 192.168.36.99, host: pr-hdds-1569-p5fx8-1226042367, networkLocation: /default-rack, certSerialId: null}} | ret=SUCCESS |  
2019-09-20 10:24:11,465 [grpc-default-executor-0] INFO  impl.RaftServerProxy (RaftServerProxy.java:addNew(89)) - 17e2ba94-38a1-40e7-84e0-f6802901db84: addNew group-C08A42A4230D:[17e2ba94-38a1-40e7-84e0-f6802901db84:192.168.36.99:43716] returns group-C08A42A4230D:java.util.concurrent.CompletableFuture@1e41507c[Not completed]
2019-09-20 10:24:11,490 [pool-27-thread-1] INFO  impl.RaftServerImpl (RaftServerImpl.java:<init>(93)) - 17e2ba94-38a1-40e7-84e0-f6802901db84: new RaftServerImpl for group-C08A42A4230D:[17e2ba94-38a1-40e7-84e0-f6802901db84:192.168.36.99:43716] with ContainerStateMachine:uninitialized
2019-09-20 10:24:11,493 [pool-27-thread-1] INFO  server.RaftServerConfigKeys (ConfUtils.java:logGet(43)) - raft.server.rpc.timeout.min = 1s (custom)
2019-09-20 10:24:11,494 [pool-27-thread-1] INFO  server.RaftServerConfigKeys (ConfUtils.java:logGet(43)) - raft.server.rpc.timeout.max = 1200ms (custom)
2019-09-20 10:24:11,494 [pool-27-thread-1] INFO  server.RaftServerConfigKeys (ConfUtils.java:logGet(43)) - raft.server.rpcslowness.timeout = 120s (custom)
2019-09-20 10:24:11,495 [pool-27-thread-1] INFO  server.RaftServerConfigKeys (ConfUtils.java:logGet(43)) - raft.server.sleep.deviation.threshold = 300 (default)
2019-09-20 10:24:11,497 [pool-27-thread-1] INFO  server.RaftServerConfigKeys (ConfUtils.java:logGet(43)) - raft.server.log.appender.install.snapshot.enabled = false (custom)
2019-09-20 10:24:11,507 [pool-27-thread-1] INFO  impl.RaftServerImpl (ServerState.java:<init>(105)) - 17e2ba94-38a1-40e7-84e0-f6802901db84:group-C08A42A4230D ConfigurationManager, init=-1: [17e2ba94-38a1-40e7-84e0-f6802901db84:192.168.36.99:43716], old=null, confs=<EMPTY_MAP>
2019-09-20 10:24:11,507 [pool-27-thread-1] INFO  server.RaftServerConfigKeys (ConfUtils.java:logGet(43)) - raft.server.storage.dir = [/workdir/hadoop-ozone/integration-test/target/test-dir/MiniOzoneClusterImpl-7bc36abf-c66f-431a-931d-8c1e5526238d/datanode-0/data/ratis] (custom)
2019-09-20 10:24:11,519 [pool-27-thread-1] INFO  storage.RaftStorageDirectory (RaftStorageDirectory.java:analyzeStorage(246)) - The storage directory /workdir/hadoop-ozone/integration-test/target/test-dir/MiniOzoneClusterImpl-7bc36abf-c66f-431a-931d-8c1e5526238d/datanode-0/data/ratis/c5ef87eb-8b86-4d5d-b199-c08a42a4230d does not exist. Creating ...
2019-09-20 10:24:11,549 [pool-27-thread-1] INFO  storage.RaftStorageDirectory (RaftStorageDirectory.java:tryLock(328)) - Lock on /workdir/hadoop-ozone/integration-test/target/test-dir/MiniOzoneClusterImpl-7bc36abf-c66f-431a-931d-8c1e5526238d/datanode-0/data/ratis/c5ef87eb-8b86-4d5d-b199-c08a42a4230d/in_use.lock acquired by nodename 28506@pr-hdds-1569-p5fx8-1226042367
2019-09-20 10:24:11,575 [pool-27-thread-1] INFO  storage.RaftStorage (RaftStorage.java:format(72)) - Storage directory /workdir/hadoop-ozone/integration-test/target/test-dir/MiniOzoneClusterImpl-7bc36abf-c66f-431a-931d-8c1e5526238d/datanode-0/data/ratis/c5ef87eb-8b86-4d5d-b199-c08a42a4230d has been successfully formatted.
2019-09-20 10:24:11,577 [pool-27-thread-1] INFO  ratis.ContainerStateMachine (ContainerStateMachine.java:loadSnapshot(226)) - group-C08A42A4230D: The snapshot info is null. Setting the last applied indexto:(t:0, i:~)
2019-09-20 10:24:11,577 [pool-27-thread-1] INFO  server.RaftServerConfigKeys (ConfUtils.java:logGet(43)) - raft.server.leader.election.timeout = 120s (custom)
2019-09-20 10:24:11,581 [pool-27-thread-1] INFO  server.RaftServerConfigKeys (ConfUtils.java:logGet(43)) - raft.server.log.use.memory = false (default)
2019-09-20 10:24:11,588 [pool-27-thread-1] INFO  server.RaftServerConfigKeys (ConfUtils.java:logGet(43)) - raft.server.log.purge.gap = 1000000 (custom)
2019-09-20 10:24:11,588 [pool-27-thread-1] INFO  server.RaftServerConfigKeys (ConfUtils.java:logGet(43)) - raft.server.log.appender.buffer.byte-limit = 33554432 (custom)
2019-09-20 10:24:11,592 [IPC Server handler 13 on 46372] INFO  net.NetworkTopology (NetworkTopologyImpl.java:add(110)) - Added a new node: /default-rack/1ab786b9-c79c-4265-88a1-5b3344c6beda
2019-09-20 10:24:11,592 [pool-27-thread-1] INFO  server.RaftServerConfigKeys (ConfUtils.java:logGet(43)) - raft.server.log.segment.size.max = 1048576 (custom)
2019-09-20 10:24:11,592 [IPC Server handler 13 on 46372] INFO  node.SCMNodeManager (SCMNodeManager.java:register(273)) - Registered Data node : 1ab786b9-c79c-4265-88a1-5b3344c6beda{ip: 192.168.36.99, host: pr-hdds-1569-p5fx8-1226042367, networkLocation: /default-rack, certSerialId: null}
2019-09-20 10:24:11,593 | INFO  | SCMAudit | user=jenkins1000 | ip=192.168.36.99 | op=REGISTER {datanodeDetails=1ab786b9-c79c-4265-88a1-5b3344c6beda{ip: 192.168.36.99, host: pr-hdds-1569-p5fx8-1226042367, networkLocation: /default-rack, certSerialId: null}} | ret=SUCCESS |  
2019-09-20 10:24:11,597 [pool-27-thread-1] INFO  server.RaftServerConfigKeys (ConfUtils.java:logGet(43)) - raft.server.log.segment.cache.num.max = 2 (custom)
2019-09-20 10:24:11,603 [pool-27-thread-1] INFO  segmented.SegmentedRaftLogWorker (SegmentedRaftLogWorker.java:<init>(172)) - new 17e2ba94-38a1-40e7-84e0-f6802901db84-SegmentedRaftLogWorker:Storage Directory /workdir/hadoop-ozone/integration-test/target/test-dir/MiniOzoneClusterImpl-7bc36abf-c66f-431a-931d-8c1e5526238d/datanode-0/data/ratis/c5ef87eb-8b86-4d5d-b199-c08a42a4230d for RaftStorage:Storage Directory /workdir/hadoop-ozone/integration-test/target/test-dir/MiniOzoneClusterImpl-7bc36abf-c66f-431a-931d-8c1e5526238d/datanode-0/data/ratis/c5ef87eb-8b86-4d5d-b199-c08a42a4230d
2019-09-20 10:24:11,616 [pool-27-thread-1] INFO  server.RaftServerConfigKeys (ConfUtils.java:logGet(43)) - raft.server.log.queue.byte-limit = 2147483647 (custom)
2019-09-20 10:24:11,617 [pool-27-thread-1] INFO  server.RaftServerConfigKeys (ConfUtils.java:logGet(43)) - raft.server.log.queue.element-limit = 1024 (custom)
2019-09-20 10:24:11,622 [pool-27-thread-1] INFO  server.RaftServerConfigKeys (ConfUtils.java:logGet(43)) - raft.server.log.segment.size.max = 1048576 (custom)
2019-09-20 10:24:11,622 [pool-27-thread-1] INFO  server.RaftServerConfigKeys (ConfUtils.java:logGet(43)) - raft.server.log.preallocated.size = 16384 (custom)
2019-09-20 10:24:11,623 [pool-27-thread-1] INFO  server.RaftServerConfigKeys (ConfUtils.java:logGet(43)) - raft.server.log.write.buffer.size = 33554432 (custom)
2019-09-20 10:24:11,623 [pool-27-thread-1] INFO  server.RaftServerConfigKeys (ConfUtils.java:logGet(43)) - raft.server.log.force.sync.num = 128 (default)
2019-09-20 10:24:11,624 [pool-27-thread-1] INFO  server.RaftServerConfigKeys (ConfUtils.java:logGet(43)) - raft.server.log.statemachine.data.sync = true (default)
2019-09-20 10:24:11,625 [pool-27-thread-1] INFO  server.RaftServerConfigKeys (ConfUtils.java:logGet(43)) - raft.server.log.statemachine.data.sync.timeout = 10s (default)
2019-09-20 10:24:11,625 [pool-27-thread-1] INFO  server.RaftServerConfigKeys (ConfUtils.java:logGet(43)) - raft.server.log.statemachine.data.sync.timeout.retry = -1 (default)
2019-09-20 10:24:11,634 [pool-27-thread-1] INFO  server.RaftServerConfigKeys (ConfUtils.java:logGet(43)) - raft.server.log.statemachine.data.caching.enabled = true (custom)
2019-09-20 10:24:11,639 [pool-27-thread-1] INFO  segmented.SegmentedRaftLogWorker (SegmentedRaftLogWorker.java:lambda$new$0(132)) - 17e2ba94-38a1-40e7-84e0-f6802901db84-SegmentedRaftLogWorker:Storage Directory /workdir/hadoop-ozone/integration-test/target/test-dir/MiniOzoneClusterImpl-7bc36abf-c66f-431a-931d-8c1e5526238d/datanode-0/data/ratis/c5ef87eb-8b86-4d5d-b199-c08a42a4230d: flushIndex: setUnconditionally 0 -> -1
2019-09-20 10:24:11,643 [pool-27-thread-1] INFO  server.RaftServerConfigKeys (ConfUtils.java:logGet(43)) - raft.server.snapshot.auto.trigger.enabled = true (custom)
2019-09-20 10:24:11,644 [pool-27-thread-1] INFO  server.RaftServerConfigKeys (ConfUtils.java:logGet(43)) - raft.server.snapshot.auto.trigger.threshold = 10000 (custom)
2019-09-20 10:24:11,644 [pool-27-thread-1] INFO  server.RaftServerConfigKeys (ConfUtils.java:logGet(43)) - raft.server.retrycache.expirytime = 600000ms (custom)
2019-09-20 10:24:11,665 [pool-27-thread-1] INFO  impl.RaftServerImpl (RaftServerImpl.java:start(180)) - 17e2ba94-38a1-40e7-84e0-f6802901db84: start group-C08A42A4230D
2019-09-20 10:24:11,666 [pool-27-thread-1] INFO  impl.RaftServerImpl (RaftServerImpl.java:setRole(171)) - 17e2ba94-38a1-40e7-84e0-f6802901db84:group-C08A42A4230D changes role from null to FOLLOWER at term 0 for startAsFollower
2019-09-20 10:24:11,668 [pool-27-thread-1] INFO  impl.RoleInfo (RoleInfo.java:updateAndGet(143)) - 17e2ba94-38a1-40e7-84e0-f6802901db84: start FollowerState
2019-09-20 10:24:11,669 [pool-27-thread-1] INFO  util.JmxRegister (JmxRegister.java:tryRegister(44)) - Successfully registered JMX Bean with object name Ratis:service=RaftServer,group=group-C08A42A4230D,id=17e2ba94-38a1-40e7-84e0-f6802901db84
2019-09-20 10:24:11,749 [RatisPipelineUtilsThread] INFO  pipeline.PipelineStateManager (PipelineStateManager.java:addPipeline(56)) - Created pipeline Pipeline[ Id: c5ef87eb-8b86-4d5d-b199-c08a42a4230d, Nodes: 17e2ba94-38a1-40e7-84e0-f6802901db84{ip: 192.168.36.99, host: pr-hdds-1569-p5fx8-1226042367, networkLocation: /default-rack, certSerialId: null}, Type:RATIS, Factor:ONE, State:OPEN]
2019-09-20 10:24:11,782 [main] INFO  ozone.MiniOzoneClusterImpl (MiniOzoneClusterImpl.java:lambda$waitForClusterToBeReady$0(142)) - Waiting for cluster to be ready. Got 6 of 7 DN Heartbeats.
2019-09-20 10:24:11,782 [grpc-default-executor-0] INFO  impl.RaftServerProxy (RaftServerProxy.java:addNew(89)) - 66416d0b-a71c-4af1-ae3a-62ca63b880a3: addNew group-EC5A2191FACA:[66416d0b-a71c-4af1-ae3a-62ca63b880a3:192.168.36.99:43326] returns group-EC5A2191FACA:java.util.concurrent.CompletableFuture@4139d331[Not completed]
2019-09-20 10:24:11,783 [IPC Server handler 1 on 46372] INFO  net.NetworkTopology (NetworkTopologyImpl.java:add(110)) - Added a new node: /default-rack/7af711bd-b5ae-4a73-a8be-b970cae6c2d1
2019-09-20 10:24:11,790 [IPC Server handler 1 on 46372] INFO  node.SCMNodeManager (SCMNodeManager.java:register(273)) - Registered Data node : 7af711bd-b5ae-4a73-a8be-b970cae6c2d1{ip: 192.168.36.99, host: pr-hdds-1569-p5fx8-1226042367, networkLocation: /default-rack, certSerialId: null}
2019-09-20 10:24:11,818 | INFO  | SCMAudit | user=jenkins1000 | ip=192.168.36.99 | op=REGISTER {datanodeDetails=7af711bd-b5ae-4a73-a8be-b970cae6c2d1{ip: 192.168.36.99, host: pr-hdds-1569-p5fx8-1226042367, networkLocation: /default-rack, certSerialId: null}} | ret=SUCCESS |  
2019-09-20 10:24:11,831 [pool-49-thread-1] INFO  impl.RaftServerImpl (RaftServerImpl.java:<init>(93)) - 66416d0b-a71c-4af1-ae3a-62ca63b880a3: new RaftServerImpl for group-EC5A2191FACA:[66416d0b-a71c-4af1-ae3a-62ca63b880a3:192.168.36.99:43326] with ContainerStateMachine:uninitialized
2019-09-20 10:24:11,832 [pool-49-thread-1] INFO  server.RaftServerConfigKeys (ConfUtils.java:logGet(43)) - raft.server.rpc.timeout.min = 1s (custom)
2019-09-20 10:24:11,833 [pool-49-thread-1] INFO  server.RaftServerConfigKeys (ConfUtils.java:logGet(43)) - raft.server.rpc.timeout.max = 1200ms (custom)
2019-09-20 10:24:11,833 [pool-49-thread-1] INFO  server.RaftServerConfigKeys (ConfUtils.java:logGet(43)) - raft.server.rpcslowness.timeout = 120s (custom)
2019-09-20 10:24:11,833 [pool-49-thread-1] INFO  server.RaftServerConfigKeys (ConfUtils.java:logGet(43)) - raft.server.sleep.deviation.threshold = 300 (default)
2019-09-20 10:24:11,833 [pool-49-thread-1] INFO  server.RaftServerConfigKeys (ConfUtils.java:logGet(43)) - raft.server.log.appender.install.snapshot.enabled = false (custom)
2019-09-20 10:24:11,834 [pool-49-thread-1] INFO  impl.RaftServerImpl (ServerState.java:<init>(105)) - 66416d0b-a71c-4af1-ae3a-62ca63b880a3:group-EC5A2191FACA ConfigurationManager, init=-1: [66416d0b-a71c-4af1-ae3a-62ca63b880a3:192.168.36.99:43326], old=null, confs=<EMPTY_MAP>
2019-09-20 10:24:11,834 [pool-49-thread-1] INFO  server.RaftServerConfigKeys (ConfUtils.java:logGet(43)) - raft.server.storage.dir = [/workdir/hadoop-ozone/integration-test/target/test-dir/MiniOzoneClusterImpl-7bc36abf-c66f-431a-931d-8c1e5526238d/datanode-2/data/ratis] (custom)
2019-09-20 10:24:11,835 [pool-49-thread-1] INFO  storage.RaftStorageDirectory (RaftStorageDirectory.java:analyzeStorage(246)) - The storage directory /workdir/hadoop-ozone/integration-test/target/test-dir/MiniOzoneClusterImpl-7bc36abf-c66f-431a-931d-8c1e5526238d/datanode-2/data/ratis/b39e3de4-6cdf-416f-a6d7-ec5a2191faca does not exist. Creating ...
2019-09-20 10:24:11,851 [pool-49-thread-1] INFO  storage.RaftStorageDirectory (RaftStorageDirectory.java:tryLock(328)) - Lock on /workdir/hadoop-ozone/integration-test/target/test-dir/MiniOzoneClusterImpl-7bc36abf-c66f-431a-931d-8c1e5526238d/datanode-2/data/ratis/b39e3de4-6cdf-416f-a6d7-ec5a2191faca/in_use.lock acquired by nodename 28506@pr-hdds-1569-p5fx8-1226042367
2019-09-20 10:24:11,871 [pool-49-thread-1] INFO  storage.RaftStorage (RaftStorage.java:format(72)) - Storage directory /workdir/hadoop-ozone/integration-test/target/test-dir/MiniOzoneClusterImpl-7bc36abf-c66f-431a-931d-8c1e5526238d/datanode-2/data/ratis/b39e3de4-6cdf-416f-a6d7-ec5a2191faca has been successfully formatted.
2019-09-20 10:24:11,872 [pool-49-thread-1] INFO  ratis.ContainerStateMachine (ContainerStateMachine.java:loadSnapshot(226)) - group-EC5A2191FACA: The snapshot info is null. Setting the last applied indexto:(t:0, i:~)
2019-09-20 10:24:11,873 [pool-49-thread-1] INFO  server.RaftServerConfigKeys (ConfUtils.java:logGet(43)) - raft.server.leader.election.timeout = 120s (custom)
2019-09-20 10:24:11,874 [pool-49-thread-1] INFO  server.RaftServerConfigKeys (ConfUtils.java:logGet(43)) - raft.server.log.use.memory = false (default)
2019-09-20 10:24:11,874 [pool-49-thread-1] INFO  server.RaftServerConfigKeys (ConfUtils.java:logGet(43)) - raft.server.log.purge.gap = 1000000 (custom)
2019-09-20 10:24:11,874 [pool-49-thread-1] INFO  server.RaftServerConfigKeys (ConfUtils.java:logGet(43)) - raft.server.log.appender.buffer.byte-limit = 33554432 (custom)
2019-09-20 10:24:11,874 [pool-49-thread-1] INFO  server.RaftServerConfigKeys (ConfUtils.java:logGet(43)) - raft.server.log.segment.size.max = 1048576 (custom)
2019-09-20 10:24:11,875 [pool-49-thread-1] INFO  server.RaftServerConfigKeys (ConfUtils.java:logGet(43)) - raft.server.log.segment.cache.num.max = 2 (custom)
2019-09-20 10:24:11,875 [pool-49-thread-1] INFO  segmented.SegmentedRaftLogWorker (SegmentedRaftLogWorker.java:<init>(172)) - new 66416d0b-a71c-4af1-ae3a-62ca63b880a3-SegmentedRaftLogWorker:Storage Directory /workdir/hadoop-ozone/integration-test/target/test-dir/MiniOzoneClusterImpl-7bc36abf-c66f-431a-931d-8c1e5526238d/datanode-2/data/ratis/b39e3de4-6cdf-416f-a6d7-ec5a2191faca for RaftStorage:Storage Directory /workdir/hadoop-ozone/integration-test/target/test-dir/MiniOzoneClusterImpl-7bc36abf-c66f-431a-931d-8c1e5526238d/datanode-2/data/ratis/b39e3de4-6cdf-416f-a6d7-ec5a2191faca
2019-09-20 10:24:11,876 [pool-49-thread-1] INFO  server.RaftServerConfigKeys (ConfUtils.java:logGet(43)) - raft.server.log.queue.byte-limit = 2147483647 (custom)
2019-09-20 10:24:11,877 [pool-49-thread-1] INFO  server.RaftServerConfigKeys (ConfUtils.java:logGet(43)) - raft.server.log.queue.element-limit = 1024 (custom)
2019-09-20 10:24:11,877 [pool-49-thread-1] INFO  server.RaftServerConfigKeys (ConfUtils.java:logGet(43)) - raft.server.log.segment.size.max = 1048576 (custom)
2019-09-20 10:24:11,877 [pool-49-thread-1] INFO  server.RaftServerConfigKeys (ConfUtils.java:logGet(43)) - raft.server.log.preallocated.size = 16384 (custom)
2019-09-20 10:24:11,877 [pool-49-thread-1] INFO  server.RaftServerConfigKeys (ConfUtils.java:logGet(43)) - raft.server.log.write.buffer.size = 33554432 (custom)
2019-09-20 10:24:11,878 [pool-49-thread-1] INFO  server.RaftServerConfigKeys (ConfUtils.java:logGet(43)) - raft.server.log.force.sync.num = 128 (default)
2019-09-20 10:24:11,878 [pool-49-thread-1] INFO  server.RaftServerConfigKeys (ConfUtils.java:logGet(43)) - raft.server.log.statemachine.data.sync = true (default)
2019-09-20 10:24:11,878 [pool-49-thread-1] INFO  server.RaftServerConfigKeys (ConfUtils.java:logGet(43)) - raft.server.log.statemachine.data.sync.timeout = 10s (default)
2019-09-20 10:24:11,878 [pool-49-thread-1] INFO  server.RaftServerConfigKeys (ConfUtils.java:logGet(43)) - raft.server.log.statemachine.data.sync.timeout.retry = -1 (default)
2019-09-20 10:24:11,879 [pool-49-thread-1] INFO  server.RaftServerConfigKeys (ConfUtils.java:logGet(43)) - raft.server.log.statemachine.data.caching.enabled = true (custom)
2019-09-20 10:24:11,879 [pool-49-thread-1] INFO  segmented.SegmentedRaftLogWorker (SegmentedRaftLogWorker.java:lambda$new$0(132)) - 66416d0b-a71c-4af1-ae3a-62ca63b880a3-SegmentedRaftLogWorker:Storage Directory /workdir/hadoop-ozone/integration-test/target/test-dir/MiniOzoneClusterImpl-7bc36abf-c66f-431a-931d-8c1e5526238d/datanode-2/data/ratis/b39e3de4-6cdf-416f-a6d7-ec5a2191faca: flushIndex: setUnconditionally 0 -> -1
2019-09-20 10:24:11,880 [pool-49-thread-1] INFO  server.RaftServerConfigKeys (ConfUtils.java:logGet(43)) - raft.server.snapshot.auto.trigger.enabled = true (custom)
2019-09-20 10:24:11,880 [pool-49-thread-1] INFO  server.RaftServerConfigKeys (ConfUtils.java:logGet(43)) - raft.server.snapshot.auto.trigger.threshold = 10000 (custom)
2019-09-20 10:24:11,881 [pool-49-thread-1] INFO  server.RaftServerConfigKeys (ConfUtils.java:logGet(43)) - raft.server.retrycache.expirytime = 600000ms (custom)
2019-09-20 10:24:11,881 [pool-49-thread-1] INFO  impl.RaftServerImpl (RaftServerImpl.java:start(180)) - 66416d0b-a71c-4af1-ae3a-62ca63b880a3: start group-EC5A2191FACA
2019-09-20 10:24:11,881 [pool-49-thread-1] INFO  impl.RaftServerImpl (RaftServerImpl.java:setRole(171)) - 66416d0b-a71c-4af1-ae3a-62ca63b880a3:group-EC5A2191FACA changes role from null to FOLLOWER at term 0 for startAsFollower
2019-09-20 10:24:11,881 [pool-49-thread-1] INFO  impl.RoleInfo (RoleInfo.java:updateAndGet(143)) - 66416d0b-a71c-4af1-ae3a-62ca63b880a3: start FollowerState
2019-09-20 10:24:11,883 [pool-49-thread-1] INFO  util.JmxRegister (JmxRegister.java:tryRegister(44)) - Successfully registered JMX Bean with object name Ratis:service=RaftServer,group=group-EC5A2191FACA,id=66416d0b-a71c-4af1-ae3a-62ca63b880a3
2019-09-20 10:24:11,897 [RatisPipelineUtilsThread] INFO  pipeline.PipelineStateManager (PipelineStateManager.java:addPipeline(56)) - Created pipeline Pipeline[ Id: b39e3de4-6cdf-416f-a6d7-ec5a2191faca, Nodes: 66416d0b-a71c-4af1-ae3a-62ca63b880a3{ip: 192.168.36.99, host: pr-hdds-1569-p5fx8-1226042367, networkLocation: /default-rack, certSerialId: null}, Type:RATIS, Factor:ONE, State:OPEN]
2019-09-20 10:24:11,922 [grpc-default-executor-0] INFO  impl.RaftServerProxy (RaftServerProxy.java:addNew(89)) - c3e532f8-1a8e-44f3-b56b-d765aee893af: addNew group-F3F4F008380C:[c3e532f8-1a8e-44f3-b56b-d765aee893af:192.168.36.99:34965] returns group-F3F4F008380C:java.util.concurrent.CompletableFuture@288407ed[Not completed]
2019-09-20 10:24:11,936 [pool-60-thread-1] INFO  impl.RaftServerImpl (RaftServerImpl.java:<init>(93)) - c3e532f8-1a8e-44f3-b56b-d765aee893af: new RaftServerImpl for group-F3F4F008380C:[c3e532f8-1a8e-44f3-b56b-d765aee893af:192.168.36.99:34965] with ContainerStateMachine:uninitialized
2019-09-20 10:24:11,937 [pool-60-thread-1] INFO  server.RaftServerConfigKeys (ConfUtils.java:logGet(43)) - raft.server.rpc.timeout.min = 1s (custom)
2019-09-20 10:24:11,937 [pool-60-thread-1] INFO  server.RaftServerConfigKeys (ConfUtils.java:logGet(43)) - raft.server.rpc.timeout.max = 1200ms (custom)
2019-09-20 10:24:11,937 [pool-60-thread-1] INFO  server.RaftServerConfigKeys (ConfUtils.java:logGet(43)) - raft.server.rpcslowness.timeout = 120s (custom)
2019-09-20 10:24:11,937 [pool-60-thread-1] INFO  server.RaftServerConfigKeys (ConfUtils.java:logGet(43)) - raft.server.sleep.deviation.threshold = 300 (default)
2019-09-20 10:24:11,937 [pool-60-thread-1] INFO  server.RaftServerConfigKeys (ConfUtils.java:logGet(43)) - raft.server.log.appender.install.snapshot.enabled = false (custom)
2019-09-20 10:24:11,938 [pool-60-thread-1] INFO  impl.RaftServerImpl (ServerState.java:<init>(105)) - c3e532f8-1a8e-44f3-b56b-d765aee893af:group-F3F4F008380C ConfigurationManager, init=-1: [c3e532f8-1a8e-44f3-b56b-d765aee893af:192.168.36.99:34965], old=null, confs=<EMPTY_MAP>
2019-09-20 10:24:11,938 [pool-60-thread-1] INFO  server.RaftServerConfigKeys (ConfUtils.java:logGet(43)) - raft.server.storage.dir = [/workdir/hadoop-ozone/integration-test/target/test-dir/MiniOzoneClusterImpl-7bc36abf-c66f-431a-931d-8c1e5526238d/datanode-3/data/ratis] (custom)
2019-09-20 10:24:11,938 [pool-60-thread-1] INFO  storage.RaftStorageDirectory (RaftStorageDirectory.java:analyzeStorage(246)) - The storage directory /workdir/hadoop-ozone/integration-test/target/test-dir/MiniOzoneClusterImpl-7bc36abf-c66f-431a-931d-8c1e5526238d/datanode-3/data/ratis/71b83e70-d4e7-41bc-8fe9-f3f4f008380c does not exist. Creating ...
2019-09-20 10:24:11,955 [pool-60-thread-1] INFO  storage.RaftStorageDirectory (RaftStorageDirectory.java:tryLock(328)) - Lock on /workdir/hadoop-ozone/integration-test/target/test-dir/MiniOzoneClusterImpl-7bc36abf-c66f-431a-931d-8c1e5526238d/datanode-3/data/ratis/71b83e70-d4e7-41bc-8fe9-f3f4f008380c/in_use.lock acquired by nodename 28506@pr-hdds-1569-p5fx8-1226042367
2019-09-20 10:24:11,991 [pool-60-thread-1] INFO  storage.RaftStorage (RaftStorage.java:format(72)) - Storage directory /workdir/hadoop-ozone/integration-test/target/test-dir/MiniOzoneClusterImpl-7bc36abf-c66f-431a-931d-8c1e5526238d/datanode-3/data/ratis/71b83e70-d4e7-41bc-8fe9-f3f4f008380c has been successfully formatted.
2019-09-20 10:24:11,991 [pool-60-thread-1] INFO  ratis.ContainerStateMachine (ContainerStateMachine.java:loadSnapshot(226)) - group-F3F4F008380C: The snapshot info is null. Setting the last applied indexto:(t:0, i:~)
2019-09-20 10:24:11,992 [pool-60-thread-1] INFO  server.RaftServerConfigKeys (ConfUtils.java:logGet(43)) - raft.server.leader.election.timeout = 120s (custom)
2019-09-20 10:24:11,992 [pool-60-thread-1] INFO  server.RaftServerConfigKeys (ConfUtils.java:logGet(43)) - raft.server.log.use.memory = false (default)
2019-09-20 10:24:11,992 [pool-60-thread-1] INFO  server.RaftServerConfigKeys (ConfUtils.java:logGet(43)) - raft.server.log.purge.gap = 1000000 (custom)
2019-09-20 10:24:11,992 [pool-60-thread-1] INFO  server.RaftServerConfigKeys (ConfUtils.java:logGet(43)) - raft.server.log.appender.buffer.byte-limit = 33554432 (custom)
2019-09-20 10:24:11,992 [pool-60-thread-1] INFO  server.RaftServerConfigKeys (ConfUtils.java:logGet(43)) - raft.server.log.segment.size.max = 1048576 (custom)
2019-09-20 10:24:11,993 [pool-60-thread-1] INFO  server.RaftServerConfigKeys (ConfUtils.java:logGet(43)) - raft.server.log.segment.cache.num.max = 2 (custom)
2019-09-20 10:24:11,993 [pool-60-thread-1] INFO  segmented.SegmentedRaftLogWorker (SegmentedRaftLogWorker.java:<init>(172)) - new c3e532f8-1a8e-44f3-b56b-d765aee893af-SegmentedRaftLogWorker:Storage Directory /workdir/hadoop-ozone/integration-test/target/test-dir/MiniOzoneClusterImpl-7bc36abf-c66f-431a-931d-8c1e5526238d/datanode-3/data/ratis/71b83e70-d4e7-41bc-8fe9-f3f4f008380c for RaftStorage:Storage Directory /workdir/hadoop-ozone/integration-test/target/test-dir/MiniOzoneClusterImpl-7bc36abf-c66f-431a-931d-8c1e5526238d/datanode-3/data/ratis/71b83e70-d4e7-41bc-8fe9-f3f4f008380c
2019-09-20 10:24:11,994 [pool-60-thread-1] INFO  server.RaftServerConfigKeys (ConfUtils.java:logGet(43)) - raft.server.log.queue.byte-limit = 2147483647 (custom)
2019-09-20 10:24:11,994 [pool-60-thread-1] INFO  server.RaftServerConfigKeys (ConfUtils.java:logGet(43)) - raft.server.log.queue.element-limit = 1024 (custom)
2019-09-20 10:24:11,994 [pool-60-thread-1] INFO  server.RaftServerConfigKeys (ConfUtils.java:logGet(43)) - raft.server.log.segment.size.max = 1048576 (custom)
2019-09-20 10:24:11,995 [pool-60-thread-1] INFO  server.RaftServerConfigKeys (ConfUtils.java:logGet(43)) - raft.server.log.preallocated.size = 16384 (custom)
2019-09-20 10:24:11,995 [pool-60-thread-1] INFO  server.RaftServerConfigKeys (ConfUtils.java:logGet(43)) - raft.server.log.write.buffer.size = 33554432 (custom)
2019-09-20 10:24:11,995 [pool-60-thread-1] INFO  server.RaftServerConfigKeys (ConfUtils.java:logGet(43)) - raft.server.log.force.sync.num = 128 (default)
2019-09-20 10:24:11,995 [pool-60-thread-1] INFO  server.RaftServerConfigKeys (ConfUtils.java:logGet(43)) - raft.server.log.statemachine.data.sync = true (default)
2019-09-20 10:24:11,996 [pool-60-thread-1] INFO  server.RaftServerConfigKeys (ConfUtils.java:logGet(43)) - raft.server.log.statemachine.data.sync.timeout = 10s (default)
2019-09-20 10:24:11,996 [pool-60-thread-1] INFO  server.RaftServerConfigKeys (ConfUtils.java:logGet(43)) - raft.server.log.statemachine.data.sync.timeout.retry = -1 (default)
2019-09-20 10:24:11,996 [pool-60-thread-1] INFO  server.RaftServerConfigKeys (ConfUtils.java:logGet(43)) - raft.server.log.statemachine.data.caching.enabled = true (custom)
2019-09-20 10:24:11,997 [pool-60-thread-1] INFO  segmented.SegmentedRaftLogWorker (SegmentedRaftLogWorker.java:lambda$new$0(132)) - c3e532f8-1a8e-44f3-b56b-d765aee893af-SegmentedRaftLogWorker:Storage Directory /workdir/hadoop-ozone/integration-test/target/test-dir/MiniOzoneClusterImpl-7bc36abf-c66f-431a-931d-8c1e5526238d/datanode-3/data/ratis/71b83e70-d4e7-41bc-8fe9-f3f4f008380c: flushIndex: setUnconditionally 0 -> -1
2019-09-20 10:24:11,997 [pool-60-thread-1] INFO  server.RaftServerConfigKeys (ConfUtils.java:logGet(43)) - raft.server.snapshot.auto.trigger.enabled = true (custom)
2019-09-20 10:24:11,998 [pool-60-thread-1] INFO  server.RaftServerConfigKeys (ConfUtils.java:logGet(43)) - raft.server.snapshot.auto.trigger.threshold = 10000 (custom)
2019-09-20 10:24:11,998 [pool-60-thread-1] INFO  server.RaftServerConfigKeys (ConfUtils.java:logGet(43)) - raft.server.retrycache.expirytime = 600000ms (custom)
2019-09-20 10:24:11,998 [pool-60-thread-1] INFO  impl.RaftServerImpl (RaftServerImpl.java:start(180)) - c3e532f8-1a8e-44f3-b56b-d765aee893af: start group-F3F4F008380C
2019-09-20 10:24:11,998 [pool-60-thread-1] INFO  impl.RaftServerImpl (RaftServerImpl.java:setRole(171)) - c3e532f8-1a8e-44f3-b56b-d765aee893af:group-F3F4F008380C changes role from null to FOLLOWER at term 0 for startAsFollower
2019-09-20 10:24:11,999 [pool-60-thread-1] INFO  impl.RoleInfo (RoleInfo.java:updateAndGet(143)) - c3e532f8-1a8e-44f3-b56b-d765aee893af: start FollowerState
2019-09-20 10:24:11,999 [pool-60-thread-1] INFO  util.JmxRegister (JmxRegister.java:tryRegister(44)) - Successfully registered JMX Bean with object name Ratis:service=RaftServer,group=group-F3F4F008380C,id=c3e532f8-1a8e-44f3-b56b-d765aee893af
2019-09-20 10:24:12,015 [RatisPipelineUtilsThread] INFO  pipeline.PipelineStateManager (PipelineStateManager.java:addPipeline(56)) - Created pipeline Pipeline[ Id: 71b83e70-d4e7-41bc-8fe9-f3f4f008380c, Nodes: c3e532f8-1a8e-44f3-b56b-d765aee893af{ip: 192.168.36.99, host: pr-hdds-1569-p5fx8-1226042367, networkLocation: /default-rack, certSerialId: null}, Type:RATIS, Factor:ONE, State:OPEN]
2019-09-20 10:24:12,043 [grpc-default-executor-0] INFO  impl.RaftServerProxy (RaftServerProxy.java:addNew(89)) - c3e532f8-1a8e-44f3-b56b-d765aee893af: addNew group-A71D6BC98C36:[c3e532f8-1a8e-44f3-b56b-d765aee893af:192.168.36.99:34965] returns group-A71D6BC98C36:java.util.concurrent.CompletableFuture@6c476d38[Not completed]
2019-09-20 10:24:12,045 [pool-60-thread-1] INFO  impl.RaftServerImpl (RaftServerImpl.java:<init>(93)) - c3e532f8-1a8e-44f3-b56b-d765aee893af: new RaftServerImpl for group-A71D6BC98C36:[c3e532f8-1a8e-44f3-b56b-d765aee893af:192.168.36.99:34965] with ContainerStateMachine:uninitialized
2019-09-20 10:24:12,045 [pool-60-thread-1] INFO  server.RaftServerConfigKeys (ConfUtils.java:logGet(43)) - raft.server.rpc.timeout.min = 1s (custom)
2019-09-20 10:24:12,046 [pool-60-thread-1] INFO  server.RaftServerConfigKeys (ConfUtils.java:logGet(43)) - raft.server.rpc.timeout.max = 1200ms (custom)
2019-09-20 10:24:12,046 [pool-60-thread-1] INFO  server.RaftServerConfigKeys (ConfUtils.java:logGet(43)) - raft.server.rpcslowness.timeout = 120s (custom)
2019-09-20 10:24:12,046 [pool-60-thread-1] INFO  server.RaftServerConfigKeys (ConfUtils.java:logGet(43)) - raft.server.sleep.deviation.threshold = 300 (default)
2019-09-20 10:24:12,046 [pool-60-thread-1] INFO  server.RaftServerConfigKeys (ConfUtils.java:logGet(43)) - raft.server.log.appender.install.snapshot.enabled = false (custom)
2019-09-20 10:24:12,046 [pool-60-thread-1] INFO  impl.RaftServerImpl (ServerState.java:<init>(105)) - c3e532f8-1a8e-44f3-b56b-d765aee893af:group-A71D6BC98C36 ConfigurationManager, init=-1: [c3e532f8-1a8e-44f3-b56b-d765aee893af:192.168.36.99:34965], old=null, confs=<EMPTY_MAP>
2019-09-20 10:24:12,047 [pool-60-thread-1] INFO  server.RaftServerConfigKeys (ConfUtils.java:logGet(43)) - raft.server.storage.dir = [/workdir/hadoop-ozone/integration-test/target/test-dir/MiniOzoneClusterImpl-7bc36abf-c66f-431a-931d-8c1e5526238d/datanode-3/data/ratis] (custom)
2019-09-20 10:24:12,047 [pool-60-thread-1] INFO  storage.RaftStorageDirectory (RaftStorageDirectory.java:analyzeStorage(246)) - The storage directory /workdir/hadoop-ozone/integration-test/target/test-dir/MiniOzoneClusterImpl-7bc36abf-c66f-431a-931d-8c1e5526238d/datanode-3/data/ratis/b4cfeeb3-4f22-43f3-871c-a71d6bc98c36 does not exist. Creating ...
2019-09-20 10:24:12,066 [pool-60-thread-1] INFO  storage.RaftStorageDirectory (RaftStorageDirectory.java:tryLock(328)) - Lock on /workdir/hadoop-ozone/integration-test/target/test-dir/MiniOzoneClusterImpl-7bc36abf-c66f-431a-931d-8c1e5526238d/datanode-3/data/ratis/b4cfeeb3-4f22-43f3-871c-a71d6bc98c36/in_use.lock acquired by nodename 28506@pr-hdds-1569-p5fx8-1226042367
2019-09-20 10:24:12,091 [pool-60-thread-1] INFO  storage.RaftStorage (RaftStorage.java:format(72)) - Storage directory /workdir/hadoop-ozone/integration-test/target/test-dir/MiniOzoneClusterImpl-7bc36abf-c66f-431a-931d-8c1e5526238d/datanode-3/data/ratis/b4cfeeb3-4f22-43f3-871c-a71d6bc98c36 has been successfully formatted.
2019-09-20 10:24:12,092 [pool-60-thread-1] INFO  ratis.ContainerStateMachine (ContainerStateMachine.java:loadSnapshot(226)) - group-A71D6BC98C36: The snapshot info is null. Setting the last applied indexto:(t:0, i:~)
2019-09-20 10:24:12,092 [pool-60-thread-1] INFO  server.RaftServerConfigKeys (ConfUtils.java:logGet(43)) - raft.server.leader.election.timeout = 120s (custom)
2019-09-20 10:24:12,092 [pool-60-thread-1] INFO  server.RaftServerConfigKeys (ConfUtils.java:logGet(43)) - raft.server.log.use.memory = false (default)
2019-09-20 10:24:12,093 [pool-60-thread-1] INFO  server.RaftServerConfigKeys (ConfUtils.java:logGet(43)) - raft.server.log.purge.gap = 1000000 (custom)
2019-09-20 10:24:12,093 [pool-60-thread-1] INFO  server.RaftServerConfigKeys (ConfUtils.java:logGet(43)) - raft.server.log.appender.buffer.byte-limit = 33554432 (custom)
2019-09-20 10:24:12,093 [pool-60-thread-1] INFO  server.RaftServerConfigKeys (ConfUtils.java:logGet(43)) - raft.server.log.segment.size.max = 1048576 (custom)
2019-09-20 10:24:12,093 [pool-60-thread-1] INFO  server.RaftServerConfigKeys (ConfUtils.java:logGet(43)) - raft.server.log.segment.cache.num.max = 2 (custom)
2019-09-20 10:24:12,094 [pool-60-thread-1] INFO  segmented.SegmentedRaftLogWorker (SegmentedRaftLogWorker.java:<init>(172)) - new c3e532f8-1a8e-44f3-b56b-d765aee893af-SegmentedRaftLogWorker:Storage Directory /workdir/hadoop-ozone/integration-test/target/test-dir/MiniOzoneClusterImpl-7bc36abf-c66f-431a-931d-8c1e5526238d/datanode-3/data/ratis/b4cfeeb3-4f22-43f3-871c-a71d6bc98c36 for RaftStorage:Storage Directory /workdir/hadoop-ozone/integration-test/target/test-dir/MiniOzoneClusterImpl-7bc36abf-c66f-431a-931d-8c1e5526238d/datanode-3/data/ratis/b4cfeeb3-4f22-43f3-871c-a71d6bc98c36
2019-09-20 10:24:12,094 [pool-60-thread-1] INFO  server.RaftServerConfigKeys (ConfUtils.java:logGet(43)) - raft.server.log.queue.byte-limit = 2147483647 (custom)
2019-09-20 10:24:12,094 [pool-60-thread-1] INFO  server.RaftServerConfigKeys (ConfUtils.java:logGet(43)) - raft.server.log.queue.element-limit = 1024 (custom)
2019-09-20 10:24:12,094 [pool-60-thread-1] INFO  server.RaftServerConfigKeys (ConfUtils.java:logGet(43)) - raft.server.log.segment.size.max = 1048576 (custom)
2019-09-20 10:24:12,095 [pool-60-thread-1] INFO  server.RaftServerConfigKeys (ConfUtils.java:logGet(43)) - raft.server.log.preallocated.size = 16384 (custom)
2019-09-20 10:24:12,095 [pool-60-thread-1] INFO  server.RaftServerConfigKeys (ConfUtils.java:logGet(43)) - raft.server.log.write.buffer.size = 33554432 (custom)
2019-09-20 10:24:12,095 [pool-60-thread-1] INFO  server.RaftServerConfigKeys (ConfUtils.java:logGet(43)) - raft.server.log.force.sync.num = 128 (default)
2019-09-20 10:24:12,095 [pool-60-thread-1] INFO  server.RaftServerConfigKeys (ConfUtils.java:logGet(43)) - raft.server.log.statemachine.data.sync = true (default)
2019-09-20 10:24:12,095 [pool-60-thread-1] INFO  server.RaftServerConfigKeys (ConfUtils.java:logGet(43)) - raft.server.log.statemachine.data.sync.timeout = 10s (default)
2019-09-20 10:24:12,096 [pool-60-thread-1] INFO  server.RaftServerConfigKeys (ConfUtils.java:logGet(43)) - raft.server.log.statemachine.data.sync.timeout.retry = -1 (default)
2019-09-20 10:24:12,096 [pool-60-thread-1] INFO  server.RaftServerConfigKeys (ConfUtils.java:logGet(43)) - raft.server.log.statemachine.data.caching.enabled = true (custom)
2019-09-20 10:24:12,096 [pool-60-thread-1] INFO  segmented.SegmentedRaftLogWorker (SegmentedRaftLogWorker.java:lambda$new$0(132)) - c3e532f8-1a8e-44f3-b56b-d765aee893af-SegmentedRaftLogWorker:Storage Directory /workdir/hadoop-ozone/integration-test/target/test-dir/MiniOzoneClusterImpl-7bc36abf-c66f-431a-931d-8c1e5526238d/datanode-3/data/ratis/b4cfeeb3-4f22-43f3-871c-a71d6bc98c36: flushIndex: setUnconditionally 0 -> -1
2019-09-20 10:24:12,097 [pool-60-thread-1] INFO  server.RaftServerConfigKeys (ConfUtils.java:logGet(43)) - raft.server.snapshot.auto.trigger.enabled = true (custom)
2019-09-20 10:24:12,097 [pool-60-thread-1] INFO  server.RaftServerConfigKeys (ConfUtils.java:logGet(43)) - raft.server.snapshot.auto.trigger.threshold = 10000 (custom)
2019-09-20 10:24:12,097 [pool-60-thread-1] INFO  server.RaftServerConfigKeys (ConfUtils.java:logGet(43)) - raft.server.retrycache.expirytime = 600000ms (custom)
2019-09-20 10:24:12,098 [pool-60-thread-1] INFO  impl.RaftServerImpl (RaftServerImpl.java:start(180)) - c3e532f8-1a8e-44f3-b56b-d765aee893af: start group-A71D6BC98C36
2019-09-20 10:24:12,098 [pool-60-thread-1] INFO  impl.RaftServerImpl (RaftServerImpl.java:setRole(171)) - c3e532f8-1a8e-44f3-b56b-d765aee893af:group-A71D6BC98C36 changes role from null to FOLLOWER at term 0 for startAsFollower
2019-09-20 10:24:12,098 [pool-60-thread-1] INFO  impl.RoleInfo (RoleInfo.java:updateAndGet(143)) - c3e532f8-1a8e-44f3-b56b-d765aee893af: start FollowerState
2019-09-20 10:24:12,099 [pool-60-thread-1] INFO  util.JmxRegister (JmxRegister.java:tryRegister(44)) - Successfully registered JMX Bean with object name Ratis:service=RaftServer,group=group-A71D6BC98C36,id=c3e532f8-1a8e-44f3-b56b-d765aee893af
2019-09-20 10:24:12,114 [RatisPipelineUtilsThread] INFO  pipeline.PipelineStateManager (PipelineStateManager.java:addPipeline(56)) - Created pipeline Pipeline[ Id: b4cfeeb3-4f22-43f3-871c-a71d6bc98c36, Nodes: c3e532f8-1a8e-44f3-b56b-d765aee893af{ip: 192.168.36.99, host: pr-hdds-1569-p5fx8-1226042367, networkLocation: /default-rack, certSerialId: null}, Type:RATIS, Factor:ONE, State:OPEN]
2019-09-20 10:24:12,135 [grpc-default-executor-0] INFO  impl.RaftServerProxy (RaftServerProxy.java:addNew(89)) - 17e2ba94-38a1-40e7-84e0-f6802901db84: addNew group-5883D4AC7EA8:[17e2ba94-38a1-40e7-84e0-f6802901db84:192.168.36.99:43716] returns group-5883D4AC7EA8:java.util.concurrent.CompletableFuture@30011406[Not completed]
2019-09-20 10:24:12,137 [pool-27-thread-1] INFO  impl.RaftServerImpl (RaftServerImpl.java:<init>(93)) - 17e2ba94-38a1-40e7-84e0-f6802901db84: new RaftServerImpl for group-5883D4AC7EA8:[17e2ba94-38a1-40e7-84e0-f6802901db84:192.168.36.99:43716] with ContainerStateMachine:uninitialized
2019-09-20 10:24:12,137 [pool-27-thread-1] INFO  server.RaftServerConfigKeys (ConfUtils.java:logGet(43)) - raft.server.rpc.timeout.min = 1s (custom)
2019-09-20 10:24:12,138 [pool-27-thread-1] INFO  server.RaftServerConfigKeys (ConfUtils.java:logGet(43)) - raft.server.rpc.timeout.max = 1200ms (custom)
2019-09-20 10:24:12,138 [pool-27-thread-1] INFO  server.RaftServerConfigKeys (ConfUtils.java:logGet(43)) - raft.server.rpcslowness.timeout = 120s (custom)
2019-09-20 10:24:12,138 [pool-27-thread-1] INFO  server.RaftServerConfigKeys (ConfUtils.java:logGet(43)) - raft.server.sleep.deviation.threshold = 300 (default)
2019-09-20 10:24:12,138 [pool-27-thread-1] INFO  server.RaftServerConfigKeys (ConfUtils.java:logGet(43)) - raft.server.log.appender.install.snapshot.enabled = false (custom)
2019-09-20 10:24:12,138 [pool-27-thread-1] INFO  impl.RaftServerImpl (ServerState.java:<init>(105)) - 17e2ba94-38a1-40e7-84e0-f6802901db84:group-5883D4AC7EA8 ConfigurationManager, init=-1: [17e2ba94-38a1-40e7-84e0-f6802901db84:192.168.36.99:43716], old=null, confs=<EMPTY_MAP>
2019-09-20 10:24:12,138 [pool-27-thread-1] INFO  server.RaftServerConfigKeys (ConfUtils.java:logGet(43)) - raft.server.storage.dir = [/workdir/hadoop-ozone/integration-test/target/test-dir/MiniOzoneClusterImpl-7bc36abf-c66f-431a-931d-8c1e5526238d/datanode-0/data/ratis] (custom)
2019-09-20 10:24:12,139 [pool-27-thread-1] INFO  storage.RaftStorageDirectory (RaftStorageDirectory.java:analyzeStorage(246)) - The storage directory /workdir/hadoop-ozone/integration-test/target/test-dir/MiniOzoneClusterImpl-7bc36abf-c66f-431a-931d-8c1e5526238d/datanode-0/data/ratis/b5236b64-805c-46ef-8c97-5883d4ac7ea8 does not exist. Creating ...
2019-09-20 10:24:12,175 [pool-27-thread-1] INFO  storage.RaftStorageDirectory (RaftStorageDirectory.java:tryLock(328)) - Lock on /workdir/hadoop-ozone/integration-test/target/test-dir/MiniOzoneClusterImpl-7bc36abf-c66f-431a-931d-8c1e5526238d/datanode-0/data/ratis/b5236b64-805c-46ef-8c97-5883d4ac7ea8/in_use.lock acquired by nodename 28506@pr-hdds-1569-p5fx8-1226042367
2019-09-20 10:24:12,192 [pool-27-thread-1] INFO  storage.RaftStorage (RaftStorage.java:format(72)) - Storage directory /workdir/hadoop-ozone/integration-test/target/test-dir/MiniOzoneClusterImpl-7bc36abf-c66f-431a-931d-8c1e5526238d/datanode-0/data/ratis/b5236b64-805c-46ef-8c97-5883d4ac7ea8 has been successfully formatted.
2019-09-20 10:24:12,193 [pool-27-thread-1] INFO  ratis.ContainerStateMachine (ContainerStateMachine.java:loadSnapshot(226)) - group-5883D4AC7EA8: The snapshot info is null. Setting the last applied indexto:(t:0, i:~)
2019-09-20 10:24:12,193 [pool-27-thread-1] INFO  server.RaftServerConfigKeys (ConfUtils.java:logGet(43)) - raft.server.leader.election.timeout = 120s (custom)
2019-09-20 10:24:12,193 [pool-27-thread-1] INFO  server.RaftServerConfigKeys (ConfUtils.java:logGet(43)) - raft.server.log.use.memory = false (default)
2019-09-20 10:24:12,193 [pool-27-thread-1] INFO  server.RaftServerConfigKeys (ConfUtils.java:logGet(43)) - raft.server.log.purge.gap = 1000000 (custom)
2019-09-20 10:24:12,193 [pool-27-thread-1] INFO  server.RaftServerConfigKeys (ConfUtils.java:logGet(43)) - raft.server.log.appender.buffer.byte-limit = 33554432 (custom)
2019-09-20 10:24:12,194 [pool-27-thread-1] INFO  server.RaftServerConfigKeys (ConfUtils.java:logGet(43)) - raft.server.log.segment.size.max = 1048576 (custom)
2019-09-20 10:24:12,194 [pool-27-thread-1] INFO  server.RaftServerConfigKeys (ConfUtils.java:logGet(43)) - raft.server.log.segment.cache.num.max = 2 (custom)
2019-09-20 10:24:12,194 [pool-27-thread-1] INFO  segmented.SegmentedRaftLogWorker (SegmentedRaftLogWorker.java:<init>(172)) - new 17e2ba94-38a1-40e7-84e0-f6802901db84-SegmentedRaftLogWorker:Storage Directory /workdir/hadoop-ozone/integration-test/target/test-dir/MiniOzoneClusterImpl-7bc36abf-c66f-431a-931d-8c1e5526238d/datanode-0/data/ratis/b5236b64-805c-46ef-8c97-5883d4ac7ea8 for RaftStorage:Storage Directory /workdir/hadoop-ozone/integration-test/target/test-dir/MiniOzoneClusterImpl-7bc36abf-c66f-431a-931d-8c1e5526238d/datanode-0/data/ratis/b5236b64-805c-46ef-8c97-5883d4ac7ea8
2019-09-20 10:24:12,194 [pool-27-thread-1] INFO  server.RaftServerConfigKeys (ConfUtils.java:logGet(43)) - raft.server.log.queue.byte-limit = 2147483647 (custom)
2019-09-20 10:24:12,195 [pool-27-thread-1] INFO  server.RaftServerConfigKeys (ConfUtils.java:logGet(43)) - raft.server.log.queue.element-limit = 1024 (custom)
2019-09-20 10:24:12,195 [pool-27-thread-1] INFO  server.RaftServerConfigKeys (ConfUtils.java:logGet(43)) - raft.server.log.segment.size.max = 1048576 (custom)
2019-09-20 10:24:12,195 [pool-27-thread-1] INFO  server.RaftServerConfigKeys (ConfUtils.java:logGet(43)) - raft.server.log.preallocated.size = 16384 (custom)
2019-09-20 10:24:12,195 [pool-27-thread-1] INFO  server.RaftServerConfigKeys (ConfUtils.java:logGet(43)) - raft.server.log.write.buffer.size = 33554432 (custom)
2019-09-20 10:24:12,195 [pool-27-thread-1] INFO  server.RaftServerConfigKeys (ConfUtils.java:logGet(43)) - raft.server.log.force.sync.num = 128 (default)
2019-09-20 10:24:12,196 [pool-27-thread-1] INFO  server.RaftServerConfigKeys (ConfUtils.java:logGet(43)) - raft.server.log.statemachine.data.sync = true (default)
2019-09-20 10:24:12,196 [pool-27-thread-1] INFO  server.RaftServerConfigKeys (ConfUtils.java:logGet(43)) - raft.server.log.statemachine.data.sync.timeout = 10s (default)
2019-09-20 10:24:12,196 [pool-27-thread-1] INFO  server.RaftServerConfigKeys (ConfUtils.java:logGet(43)) - raft.server.log.statemachine.data.sync.timeout.retry = -1 (default)
2019-09-20 10:24:12,196 [pool-27-thread-1] INFO  server.RaftServerConfigKeys (ConfUtils.java:logGet(43)) - raft.server.log.statemachine.data.caching.enabled = true (custom)
2019-09-20 10:24:12,197 [pool-27-thread-1] INFO  segmented.SegmentedRaftLogWorker (SegmentedRaftLogWorker.java:lambda$new$0(132)) - 17e2ba94-38a1-40e7-84e0-f6802901db84-SegmentedRaftLogWorker:Storage Directory /workdir/hadoop-ozone/integration-test/target/test-dir/MiniOzoneClusterImpl-7bc36abf-c66f-431a-931d-8c1e5526238d/datanode-0/data/ratis/b5236b64-805c-46ef-8c97-5883d4ac7ea8: flushIndex: setUnconditionally 0 -> -1
2019-09-20 10:24:12,197 [pool-27-thread-1] INFO  server.RaftServerConfigKeys (ConfUtils.java:logGet(43)) - raft.server.snapshot.auto.trigger.enabled = true (custom)
2019-09-20 10:24:12,197 [pool-27-thread-1] INFO  server.RaftServerConfigKeys (ConfUtils.java:logGet(43)) - raft.server.snapshot.auto.trigger.threshold = 10000 (custom)
2019-09-20 10:24:12,198 [pool-27-thread-1] INFO  server.RaftServerConfigKeys (ConfUtils.java:logGet(43)) - raft.server.retrycache.expirytime = 600000ms (custom)
2019-09-20 10:24:12,198 [pool-27-thread-1] INFO  impl.RaftServerImpl (RaftServerImpl.java:start(180)) - 17e2ba94-38a1-40e7-84e0-f6802901db84: start group-5883D4AC7EA8
2019-09-20 10:24:12,198 [pool-27-thread-1] INFO  impl.RaftServerImpl (RaftServerImpl.java:setRole(171)) - 17e2ba94-38a1-40e7-84e0-f6802901db84:group-5883D4AC7EA8 changes role from null to FOLLOWER at term 0 for startAsFollower
2019-09-20 10:24:12,198 [pool-27-thread-1] INFO  impl.RoleInfo (RoleInfo.java:updateAndGet(143)) - 17e2ba94-38a1-40e7-84e0-f6802901db84: start FollowerState
2019-09-20 10:24:12,199 [pool-27-thread-1] INFO  util.JmxRegister (JmxRegister.java:tryRegister(44)) - Successfully registered JMX Bean with object name Ratis:service=RaftServer,group=group-5883D4AC7EA8,id=17e2ba94-38a1-40e7-84e0-f6802901db84
2019-09-20 10:24:12,213 [RatisPipelineUtilsThread] INFO  pipeline.PipelineStateManager (PipelineStateManager.java:addPipeline(56)) - Created pipeline Pipeline[ Id: b5236b64-805c-46ef-8c97-5883d4ac7ea8, Nodes: 17e2ba94-38a1-40e7-84e0-f6802901db84{ip: 192.168.36.99, host: pr-hdds-1569-p5fx8-1226042367, networkLocation: /default-rack, certSerialId: null}, Type:RATIS, Factor:ONE, State:OPEN]
2019-09-20 10:24:12,238 [grpc-default-executor-0] INFO  impl.RaftServerProxy (RaftServerProxy.java:addNew(89)) - 66416d0b-a71c-4af1-ae3a-62ca63b880a3: addNew group-014793148E75:[66416d0b-a71c-4af1-ae3a-62ca63b880a3:192.168.36.99:43326] returns group-014793148E75:java.util.concurrent.CompletableFuture@1f67be46[Not completed]
2019-09-20 10:24:12,241 [pool-49-thread-1] INFO  impl.RaftServerImpl (RaftServerImpl.java:<init>(93)) - 66416d0b-a71c-4af1-ae3a-62ca63b880a3: new RaftServerImpl for group-014793148E75:[66416d0b-a71c-4af1-ae3a-62ca63b880a3:192.168.36.99:43326] with ContainerStateMachine:uninitialized
2019-09-20 10:24:12,241 [pool-49-thread-1] INFO  server.RaftServerConfigKeys (ConfUtils.java:logGet(43)) - raft.server.rpc.timeout.min = 1s (custom)
2019-09-20 10:24:12,241 [pool-49-thread-1] INFO  server.RaftServerConfigKeys (ConfUtils.java:logGet(43)) - raft.server.rpc.timeout.max = 1200ms (custom)
2019-09-20 10:24:12,241 [pool-49-thread-1] INFO  server.RaftServerConfigKeys (ConfUtils.java:logGet(43)) - raft.server.rpcslowness.timeout = 120s (custom)
2019-09-20 10:24:12,241 [pool-49-thread-1] INFO  server.RaftServerConfigKeys (ConfUtils.java:logGet(43)) - raft.server.sleep.deviation.threshold = 300 (default)
2019-09-20 10:24:12,242 [pool-49-thread-1] INFO  server.RaftServerConfigKeys (ConfUtils.java:logGet(43)) - raft.server.log.appender.install.snapshot.enabled = false (custom)
2019-09-20 10:24:12,242 [pool-49-thread-1] INFO  impl.RaftServerImpl (ServerState.java:<init>(105)) - 66416d0b-a71c-4af1-ae3a-62ca63b880a3:group-014793148E75 ConfigurationManager, init=-1: [66416d0b-a71c-4af1-ae3a-62ca63b880a3:192.168.36.99:43326], old=null, confs=<EMPTY_MAP>
2019-09-20 10:24:12,242 [pool-49-thread-1] INFO  server.RaftServerConfigKeys (ConfUtils.java:logGet(43)) - raft.server.storage.dir = [/workdir/hadoop-ozone/integration-test/target/test-dir/MiniOzoneClusterImpl-7bc36abf-c66f-431a-931d-8c1e5526238d/datanode-2/data/ratis] (custom)
2019-09-20 10:24:12,243 [pool-49-thread-1] INFO  storage.RaftStorageDirectory (RaftStorageDirectory.java:analyzeStorage(246)) - The storage directory /workdir/hadoop-ozone/integration-test/target/test-dir/MiniOzoneClusterImpl-7bc36abf-c66f-431a-931d-8c1e5526238d/datanode-2/data/ratis/b9992891-60d5-43b0-a0f4-014793148e75 does not exist. Creating ...
2019-09-20 10:24:12,259 [pool-49-thread-1] INFO  storage.RaftStorageDirectory (RaftStorageDirectory.java:tryLock(328)) - Lock on /workdir/hadoop-ozone/integration-test/target/test-dir/MiniOzoneClusterImpl-7bc36abf-c66f-431a-931d-8c1e5526238d/datanode-2/data/ratis/b9992891-60d5-43b0-a0f4-014793148e75/in_use.lock acquired by nodename 28506@pr-hdds-1569-p5fx8-1226042367
2019-09-20 10:24:12,285 [pool-49-thread-1] INFO  storage.RaftStorage (RaftStorage.java:format(72)) - Storage directory /workdir/hadoop-ozone/integration-test/target/test-dir/MiniOzoneClusterImpl-7bc36abf-c66f-431a-931d-8c1e5526238d/datanode-2/data/ratis/b9992891-60d5-43b0-a0f4-014793148e75 has been successfully formatted.
2019-09-20 10:24:12,285 [pool-49-thread-1] INFO  ratis.ContainerStateMachine (ContainerStateMachine.java:loadSnapshot(226)) - group-014793148E75: The snapshot info is null. Setting the last applied indexto:(t:0, i:~)
2019-09-20 10:24:12,285 [pool-49-thread-1] INFO  server.RaftServerConfigKeys (ConfUtils.java:logGet(43)) - raft.server.leader.election.timeout = 120s (custom)
2019-09-20 10:24:12,285 [pool-49-thread-1] INFO  server.RaftServerConfigKeys (ConfUtils.java:logGet(43)) - raft.server.log.use.memory = false (default)
2019-09-20 10:24:12,286 [pool-49-thread-1] INFO  server.RaftServerConfigKeys (ConfUtils.java:logGet(43)) - raft.server.log.purge.gap = 1000000 (custom)
2019-09-20 10:24:12,286 [pool-49-thread-1] INFO  server.RaftServerConfigKeys (ConfUtils.java:logGet(43)) - raft.server.log.appender.buffer.byte-limit = 33554432 (custom)
2019-09-20 10:24:12,286 [pool-49-thread-1] INFO  server.RaftServerConfigKeys (ConfUtils.java:logGet(43)) - raft.server.log.segment.size.max = 1048576 (custom)
2019-09-20 10:24:12,286 [pool-49-thread-1] INFO  server.RaftServerConfigKeys (ConfUtils.java:logGet(43)) - raft.server.log.segment.cache.num.max = 2 (custom)
2019-09-20 10:24:12,286 [pool-49-thread-1] INFO  segmented.SegmentedRaftLogWorker (SegmentedRaftLogWorker.java:<init>(172)) - new 66416d0b-a71c-4af1-ae3a-62ca63b880a3-SegmentedRaftLogWorker:Storage Directory /workdir/hadoop-ozone/integration-test/target/test-dir/MiniOzoneClusterImpl-7bc36abf-c66f-431a-931d-8c1e5526238d/datanode-2/data/ratis/b9992891-60d5-43b0-a0f4-014793148e75 for RaftStorage:Storage Directory /workdir/hadoop-ozone/integration-test/target/test-dir/MiniOzoneClusterImpl-7bc36abf-c66f-431a-931d-8c1e5526238d/datanode-2/data/ratis/b9992891-60d5-43b0-a0f4-014793148e75
2019-09-20 10:24:12,287 [pool-49-thread-1] INFO  server.RaftServerConfigKeys (ConfUtils.java:logGet(43)) - raft.server.log.queue.byte-limit = 2147483647 (custom)
2019-09-20 10:24:12,287 [pool-49-thread-1] INFO  server.RaftServerConfigKeys (ConfUtils.java:logGet(43)) - raft.server.log.queue.element-limit = 1024 (custom)
2019-09-20 10:24:12,287 [pool-49-thread-1] INFO  server.RaftServerConfigKeys (ConfUtils.java:logGet(43)) - raft.server.log.segment.size.max = 1048576 (custom)
2019-09-20 10:24:12,287 [pool-49-thread-1] INFO  server.RaftServerConfigKeys (ConfUtils.java:logGet(43)) - raft.server.log.preallocated.size = 16384 (custom)
2019-09-20 10:24:12,287 [pool-49-thread-1] INFO  server.RaftServerConfigKeys (ConfUtils.java:logGet(43)) - raft.server.log.write.buffer.size = 33554432 (custom)
2019-09-20 10:24:12,288 [pool-49-thread-1] INFO  server.RaftServerConfigKeys (ConfUtils.java:logGet(43)) - raft.server.log.force.sync.num = 128 (default)
2019-09-20 10:24:12,288 [pool-49-thread-1] INFO  server.RaftServerConfigKeys (ConfUtils.java:logGet(43)) - raft.server.log.statemachine.data.sync = true (default)
2019-09-20 10:24:12,288 [pool-49-thread-1] INFO  server.RaftServerConfigKeys (ConfUtils.java:logGet(43)) - raft.server.log.statemachine.data.sync.timeout = 10s (default)
2019-09-20 10:24:12,288 [pool-49-thread-1] INFO  server.RaftServerConfigKeys (ConfUtils.java:logGet(43)) - raft.server.log.statemachine.data.sync.timeout.retry = -1 (default)
2019-09-20 10:24:12,288 [pool-49-thread-1] INFO  server.RaftServerConfigKeys (ConfUtils.java:logGet(43)) - raft.server.log.statemachine.data.caching.enabled = true (custom)
2019-09-20 10:24:12,289 [pool-49-thread-1] INFO  segmented.SegmentedRaftLogWorker (SegmentedRaftLogWorker.java:lambda$new$0(132)) - 66416d0b-a71c-4af1-ae3a-62ca63b880a3-SegmentedRaftLogWorker:Storage Directory /workdir/hadoop-ozone/integration-test/target/test-dir/MiniOzoneClusterImpl-7bc36abf-c66f-431a-931d-8c1e5526238d/datanode-2/data/ratis/b9992891-60d5-43b0-a0f4-014793148e75: flushIndex: setUnconditionally 0 -> -1
2019-09-20 10:24:12,289 [pool-49-thread-1] INFO  server.RaftServerConfigKeys (ConfUtils.java:logGet(43)) - raft.server.snapshot.auto.trigger.enabled = true (custom)
2019-09-20 10:24:12,289 [pool-49-thread-1] INFO  server.RaftServerConfigKeys (ConfUtils.java:logGet(43)) - raft.server.snapshot.auto.trigger.threshold = 10000 (custom)
2019-09-20 10:24:12,290 [pool-49-thread-1] INFO  server.RaftServerConfigKeys (ConfUtils.java:logGet(43)) - raft.server.retrycache.expirytime = 600000ms (custom)
2019-09-20 10:24:12,290 [pool-49-thread-1] INFO  impl.RaftServerImpl (RaftServerImpl.java:start(180)) - 66416d0b-a71c-4af1-ae3a-62ca63b880a3: start group-014793148E75
2019-09-20 10:24:12,290 [pool-49-thread-1] INFO  impl.RaftServerImpl (RaftServerImpl.java:setRole(171)) - 66416d0b-a71c-4af1-ae3a-62ca63b880a3:group-014793148E75 changes role from null to FOLLOWER at term 0 for startAsFollower
2019-09-20 10:24:12,290 [pool-49-thread-1] INFO  impl.RoleInfo (RoleInfo.java:updateAndGet(143)) - 66416d0b-a71c-4af1-ae3a-62ca63b880a3: start FollowerState
2019-09-20 10:24:12,291 [pool-49-thread-1] INFO  util.JmxRegister (JmxRegister.java:tryRegister(44)) - Successfully registered JMX Bean with object name Ratis:service=RaftServer,group=group-014793148E75,id=66416d0b-a71c-4af1-ae3a-62ca63b880a3
2019-09-20 10:24:12,304 [RatisPipelineUtilsThread] INFO  pipeline.PipelineStateManager (PipelineStateManager.java:addPipeline(56)) - Created pipeline Pipeline[ Id: b9992891-60d5-43b0-a0f4-014793148e75, Nodes: 66416d0b-a71c-4af1-ae3a-62ca63b880a3{ip: 192.168.36.99, host: pr-hdds-1569-p5fx8-1226042367, networkLocation: /default-rack, certSerialId: null}, Type:RATIS, Factor:ONE, State:OPEN]
2019-09-20 10:24:12,322 [grpc-default-executor-0] INFO  impl.RaftServerProxy (RaftServerProxy.java:addNew(89)) - 17e2ba94-38a1-40e7-84e0-f6802901db84: addNew group-C19E6ADC8A49:[17e2ba94-38a1-40e7-84e0-f6802901db84:192.168.36.99:43716] returns group-C19E6ADC8A49:java.util.concurrent.CompletableFuture@95e77f5[Not completed]
2019-09-20 10:24:12,325 [pool-27-thread-1] INFO  impl.RaftServerImpl (RaftServerImpl.java:<init>(93)) - 17e2ba94-38a1-40e7-84e0-f6802901db84: new RaftServerImpl for group-C19E6ADC8A49:[17e2ba94-38a1-40e7-84e0-f6802901db84:192.168.36.99:43716] with ContainerStateMachine:uninitialized
2019-09-20 10:24:12,325 [pool-27-thread-1] INFO  server.RaftServerConfigKeys (ConfUtils.java:logGet(43)) - raft.server.rpc.timeout.min = 1s (custom)
2019-09-20 10:24:12,325 [pool-27-thread-1] INFO  server.RaftServerConfigKeys (ConfUtils.java:logGet(43)) - raft.server.rpc.timeout.max = 1200ms (custom)
2019-09-20 10:24:12,325 [pool-27-thread-1] INFO  server.RaftServerConfigKeys (ConfUtils.java:logGet(43)) - raft.server.rpcslowness.timeout = 120s (custom)
2019-09-20 10:24:12,326 [pool-27-thread-1] INFO  server.RaftServerConfigKeys (ConfUtils.java:logGet(43)) - raft.server.sleep.deviation.threshold = 300 (default)
2019-09-20 10:24:12,326 [pool-27-thread-1] INFO  server.RaftServerConfigKeys (ConfUtils.java:logGet(43)) - raft.server.log.appender.install.snapshot.enabled = false (custom)
2019-09-20 10:24:12,326 [pool-27-thread-1] INFO  impl.RaftServerImpl (ServerState.java:<init>(105)) - 17e2ba94-38a1-40e7-84e0-f6802901db84:group-C19E6ADC8A49 ConfigurationManager, init=-1: [17e2ba94-38a1-40e7-84e0-f6802901db84:192.168.36.99:43716], old=null, confs=<EMPTY_MAP>
2019-09-20 10:24:12,326 [pool-27-thread-1] INFO  server.RaftServerConfigKeys (ConfUtils.java:logGet(43)) - raft.server.storage.dir = [/workdir/hadoop-ozone/integration-test/target/test-dir/MiniOzoneClusterImpl-7bc36abf-c66f-431a-931d-8c1e5526238d/datanode-0/data/ratis] (custom)
2019-09-20 10:24:12,327 [pool-27-thread-1] INFO  storage.RaftStorageDirectory (RaftStorageDirectory.java:analyzeStorage(246)) - The storage directory /workdir/hadoop-ozone/integration-test/target/test-dir/MiniOzoneClusterImpl-7bc36abf-c66f-431a-931d-8c1e5526238d/datanode-0/data/ratis/bd77c209-e90f-428d-892b-c19e6adc8a49 does not exist. Creating ...
2019-09-20 10:24:12,352 [pool-27-thread-1] INFO  storage.RaftStorageDirectory (RaftStorageDirectory.java:tryLock(328)) - Lock on /workdir/hadoop-ozone/integration-test/target/test-dir/MiniOzoneClusterImpl-7bc36abf-c66f-431a-931d-8c1e5526238d/datanode-0/data/ratis/bd77c209-e90f-428d-892b-c19e6adc8a49/in_use.lock acquired by nodename 28506@pr-hdds-1569-p5fx8-1226042367
2019-09-20 10:24:12,375 | INFO  | SCMAudit | user=jenkins1000 | ip=192.168.36.99 | op=SEND_HEARTBEAT {datanodeUUID=17e2ba94-38a1-40e7-84e0-f6802901db84, command=[]} | ret=SUCCESS |  
2019-09-20 10:24:12,386 [pool-27-thread-1] INFO  storage.RaftStorage (RaftStorage.java:format(72)) - Storage directory /workdir/hadoop-ozone/integration-test/target/test-dir/MiniOzoneClusterImpl-7bc36abf-c66f-431a-931d-8c1e5526238d/datanode-0/data/ratis/bd77c209-e90f-428d-892b-c19e6adc8a49 has been successfully formatted.
2019-09-20 10:24:12,386 [pool-27-thread-1] INFO  ratis.ContainerStateMachine (ContainerStateMachine.java:loadSnapshot(226)) - group-C19E6ADC8A49: The snapshot info is null. Setting the last applied indexto:(t:0, i:~)
2019-09-20 10:24:12,386 [pool-27-thread-1] INFO  server.RaftServerConfigKeys (ConfUtils.java:logGet(43)) - raft.server.leader.election.timeout = 120s (custom)
2019-09-20 10:24:12,386 [pool-27-thread-1] INFO  server.RaftServerConfigKeys (ConfUtils.java:logGet(43)) - raft.server.log.use.memory = false (default)
2019-09-20 10:24:12,386 [pool-27-thread-1] INFO  server.RaftServerConfigKeys (ConfUtils.java:logGet(43)) - raft.server.log.purge.gap = 1000000 (custom)
2019-09-20 10:24:12,387 [pool-27-thread-1] INFO  server.RaftServerConfigKeys (ConfUtils.java:logGet(43)) - raft.server.log.appender.buffer.byte-limit = 33554432 (custom)
2019-09-20 10:24:12,387 [pool-27-thread-1] INFO  server.RaftServerConfigKeys (ConfUtils.java:logGet(43)) - raft.server.log.segment.size.max = 1048576 (custom)
2019-09-20 10:24:12,387 [pool-27-thread-1] INFO  server.RaftServerConfigKeys (ConfUtils.java:logGet(43)) - raft.server.log.segment.cache.num.max = 2 (custom)
2019-09-20 10:24:12,387 [pool-27-thread-1] INFO  segmented.SegmentedRaftLogWorker (SegmentedRaftLogWorker.java:<init>(172)) - new 17e2ba94-38a1-40e7-84e0-f6802901db84-SegmentedRaftLogWorker:Storage Directory /workdir/hadoop-ozone/integration-test/target/test-dir/MiniOzoneClusterImpl-7bc36abf-c66f-431a-931d-8c1e5526238d/datanode-0/data/ratis/bd77c209-e90f-428d-892b-c19e6adc8a49 for RaftStorage:Storage Directory /workdir/hadoop-ozone/integration-test/target/test-dir/MiniOzoneClusterImpl-7bc36abf-c66f-431a-931d-8c1e5526238d/datanode-0/data/ratis/bd77c209-e90f-428d-892b-c19e6adc8a49
2019-09-20 10:24:12,387 [pool-27-thread-1] INFO  server.RaftServerConfigKeys (ConfUtils.java:logGet(43)) - raft.server.log.queue.byte-limit = 2147483647 (custom)
2019-09-20 10:24:12,388 [pool-27-thread-1] INFO  server.RaftServerConfigKeys (ConfUtils.java:logGet(43)) - raft.server.log.queue.element-limit = 1024 (custom)
2019-09-20 10:24:12,388 [pool-27-thread-1] INFO  server.RaftServerConfigKeys (ConfUtils.java:logGet(43)) - raft.server.log.segment.size.max = 1048576 (custom)
2019-09-20 10:24:12,388 [pool-27-thread-1] INFO  server.RaftServerConfigKeys (ConfUtils.java:logGet(43)) - raft.server.log.preallocated.size = 16384 (custom)
2019-09-20 10:24:12,388 [pool-27-thread-1] INFO  server.RaftServerConfigKeys (ConfUtils.java:logGet(43)) - raft.server.log.write.buffer.size = 33554432 (custom)
2019-09-20 10:24:12,389 [pool-27-thread-1] INFO  server.RaftServerConfigKeys (ConfUtils.java:logGet(43)) - raft.server.log.force.sync.num = 128 (default)
2019-09-20 10:24:12,389 [pool-27-thread-1] INFO  server.RaftServerConfigKeys (ConfUtils.java:logGet(43)) - raft.server.log.statemachine.data.sync = true (default)
2019-09-20 10:24:12,389 [pool-27-thread-1] INFO  server.RaftServerConfigKeys (ConfUtils.java:logGet(43)) - raft.server.log.statemachine.data.sync.timeout = 10s (default)
2019-09-20 10:24:12,389 [pool-27-thread-1] INFO  server.RaftServerConfigKeys (ConfUtils.java:logGet(43)) - raft.server.log.statemachine.data.sync.timeout.retry = -1 (default)
2019-09-20 10:24:12,389 [pool-27-thread-1] INFO  server.RaftServerConfigKeys (ConfUtils.java:logGet(43)) - raft.server.log.statemachine.data.caching.enabled = true (custom)
2019-09-20 10:24:12,390 [pool-27-thread-1] INFO  segmented.SegmentedRaftLogWorker (SegmentedRaftLogWorker.java:lambda$new$0(132)) - 17e2ba94-38a1-40e7-84e0-f6802901db84-SegmentedRaftLogWorker:Storage Directory /workdir/hadoop-ozone/integration-test/target/test-dir/MiniOzoneClusterImpl-7bc36abf-c66f-431a-931d-8c1e5526238d/datanode-0/data/ratis/bd77c209-e90f-428d-892b-c19e6adc8a49: flushIndex: setUnconditionally 0 -> -1
2019-09-20 10:24:12,390 [pool-27-thread-1] INFO  server.RaftServerConfigKeys (ConfUtils.java:logGet(43)) - raft.server.snapshot.auto.trigger.enabled = true (custom)
2019-09-20 10:24:12,391 [pool-27-thread-1] INFO  server.RaftServerConfigKeys (ConfUtils.java:logGet(43)) - raft.server.snapshot.auto.trigger.threshold = 10000 (custom)
2019-09-20 10:24:12,391 [pool-27-thread-1] INFO  server.RaftServerConfigKeys (ConfUtils.java:logGet(43)) - raft.server.retrycache.expirytime = 600000ms (custom)
2019-09-20 10:24:12,391 [pool-27-thread-1] INFO  impl.RaftServerImpl (RaftServerImpl.java:start(180)) - 17e2ba94-38a1-40e7-84e0-f6802901db84: start group-C19E6ADC8A49
2019-09-20 10:24:12,391 [pool-27-thread-1] INFO  impl.RaftServerImpl (RaftServerImpl.java:setRole(171)) - 17e2ba94-38a1-40e7-84e0-f6802901db84:group-C19E6ADC8A49 changes role from null to FOLLOWER at term 0 for startAsFollower
2019-09-20 10:24:12,392 [pool-27-thread-1] INFO  impl.RoleInfo (RoleInfo.java:updateAndGet(143)) - 17e2ba94-38a1-40e7-84e0-f6802901db84: start FollowerState
2019-09-20 10:24:12,392 [pool-27-thread-1] INFO  util.JmxRegister (JmxRegister.java:tryRegister(44)) - Successfully registered JMX Bean with object name Ratis:service=RaftServer,group=group-C19E6ADC8A49,id=17e2ba94-38a1-40e7-84e0-f6802901db84
2019-09-20 10:24:12,411 [RatisPipelineUtilsThread] INFO  pipeline.PipelineStateManager (PipelineStateManager.java:addPipeline(56)) - Created pipeline Pipeline[ Id: bd77c209-e90f-428d-892b-c19e6adc8a49, Nodes: 17e2ba94-38a1-40e7-84e0-f6802901db84{ip: 192.168.36.99, host: pr-hdds-1569-p5fx8-1226042367, networkLocation: /default-rack, certSerialId: null}, Type:RATIS, Factor:ONE, State:OPEN]
2019-09-20 10:24:12,429 [grpc-default-executor-0] INFO  impl.RaftServerProxy (RaftServerProxy.java:addNew(89)) - 3d6f3241-e73c-473a-ad0b-c7be2f7e1dda: addNew group-79F55F34FB43:[3d6f3241-e73c-473a-ad0b-c7be2f7e1dda:192.168.36.99:33174] returns group-79F55F34FB43:java.util.concurrent.CompletableFuture@1c0619c7[Not completed]
2019-09-20 10:24:12,432 [pool-38-thread-1] INFO  impl.RaftServerImpl (RaftServerImpl.java:<init>(93)) - 3d6f3241-e73c-473a-ad0b-c7be2f7e1dda: new RaftServerImpl for group-79F55F34FB43:[3d6f3241-e73c-473a-ad0b-c7be2f7e1dda:192.168.36.99:33174] with ContainerStateMachine:uninitialized
2019-09-20 10:24:12,433 [pool-38-thread-1] INFO  server.RaftServerConfigKeys (ConfUtils.java:logGet(43)) - raft.server.rpc.timeout.min = 1s (custom)
2019-09-20 10:24:12,433 [pool-38-thread-1] INFO  server.RaftServerConfigKeys (ConfUtils.java:logGet(43)) - raft.server.rpc.timeout.max = 1200ms (custom)
2019-09-20 10:24:12,433 [pool-38-thread-1] INFO  server.RaftServerConfigKeys (ConfUtils.java:logGet(43)) - raft.server.rpcslowness.timeout = 120s (custom)
2019-09-20 10:24:12,433 [pool-38-thread-1] INFO  server.RaftServerConfigKeys (ConfUtils.java:logGet(43)) - raft.server.sleep.deviation.threshold = 300 (default)
2019-09-20 10:24:12,433 [pool-38-thread-1] INFO  server.RaftServerConfigKeys (ConfUtils.java:logGet(43)) - raft.server.log.appender.install.snapshot.enabled = false (custom)
2019-09-20 10:24:12,434 [pool-38-thread-1] INFO  impl.RaftServerImpl (ServerState.java:<init>(105)) - 3d6f3241-e73c-473a-ad0b-c7be2f7e1dda:group-79F55F34FB43 ConfigurationManager, init=-1: [3d6f3241-e73c-473a-ad0b-c7be2f7e1dda:192.168.36.99:33174], old=null, confs=<EMPTY_MAP>
2019-09-20 10:24:12,434 [pool-38-thread-1] INFO  server.RaftServerConfigKeys (ConfUtils.java:logGet(43)) - raft.server.storage.dir = [/workdir/hadoop-ozone/integration-test/target/test-dir/MiniOzoneClusterImpl-7bc36abf-c66f-431a-931d-8c1e5526238d/datanode-1/data/ratis] (custom)
2019-09-20 10:24:12,435 [pool-38-thread-1] INFO  storage.RaftStorageDirectory (RaftStorageDirectory.java:analyzeStorage(246)) - The storage directory /workdir/hadoop-ozone/integration-test/target/test-dir/MiniOzoneClusterImpl-7bc36abf-c66f-431a-931d-8c1e5526238d/datanode-1/data/ratis/8017a921-df26-45ee-8b30-79f55f34fb43 does not exist. Creating ...
2019-09-20 10:24:12,461 [pool-38-thread-1] INFO  storage.RaftStorageDirectory (RaftStorageDirectory.java:tryLock(328)) - Lock on /workdir/hadoop-ozone/integration-test/target/test-dir/MiniOzoneClusterImpl-7bc36abf-c66f-431a-931d-8c1e5526238d/datanode-1/data/ratis/8017a921-df26-45ee-8b30-79f55f34fb43/in_use.lock acquired by nodename 28506@pr-hdds-1569-p5fx8-1226042367
2019-09-20 10:24:12,478 [pool-38-thread-1] INFO  storage.RaftStorage (RaftStorage.java:format(72)) - Storage directory /workdir/hadoop-ozone/integration-test/target/test-dir/MiniOzoneClusterImpl-7bc36abf-c66f-431a-931d-8c1e5526238d/datanode-1/data/ratis/8017a921-df26-45ee-8b30-79f55f34fb43 has been successfully formatted.
2019-09-20 10:24:12,478 [pool-38-thread-1] INFO  ratis.ContainerStateMachine (ContainerStateMachine.java:loadSnapshot(226)) - group-79F55F34FB43: The snapshot info is null. Setting the last applied indexto:(t:0, i:~)
2019-09-20 10:24:12,478 [pool-38-thread-1] INFO  server.RaftServerConfigKeys (ConfUtils.java:logGet(43)) - raft.server.leader.election.timeout = 120s (custom)
2019-09-20 10:24:12,479 [pool-38-thread-1] INFO  server.RaftServerConfigKeys (ConfUtils.java:logGet(43)) - raft.server.log.use.memory = false (default)
2019-09-20 10:24:12,479 [pool-38-thread-1] INFO  server.RaftServerConfigKeys (ConfUtils.java:logGet(43)) - raft.server.log.purge.gap = 1000000 (custom)
2019-09-20 10:24:12,479 [pool-38-thread-1] INFO  server.RaftServerConfigKeys (ConfUtils.java:logGet(43)) - raft.server.log.appender.buffer.byte-limit = 33554432 (custom)
2019-09-20 10:24:12,479 [pool-38-thread-1] INFO  server.RaftServerConfigKeys (ConfUtils.java:logGet(43)) - raft.server.log.segment.size.max = 1048576 (custom)
2019-09-20 10:24:12,479 [pool-38-thread-1] INFO  server.RaftServerConfigKeys (ConfUtils.java:logGet(43)) - raft.server.log.segment.cache.num.max = 2 (custom)
2019-09-20 10:24:12,480 [pool-38-thread-1] INFO  segmented.SegmentedRaftLogWorker (SegmentedRaftLogWorker.java:<init>(172)) - new 3d6f3241-e73c-473a-ad0b-c7be2f7e1dda-SegmentedRaftLogWorker:Storage Directory /workdir/hadoop-ozone/integration-test/target/test-dir/MiniOzoneClusterImpl-7bc36abf-c66f-431a-931d-8c1e5526238d/datanode-1/data/ratis/8017a921-df26-45ee-8b30-79f55f34fb43 for RaftStorage:Storage Directory /workdir/hadoop-ozone/integration-test/target/test-dir/MiniOzoneClusterImpl-7bc36abf-c66f-431a-931d-8c1e5526238d/datanode-1/data/ratis/8017a921-df26-45ee-8b30-79f55f34fb43
2019-09-20 10:24:12,480 [pool-38-thread-1] INFO  server.RaftServerConfigKeys (ConfUtils.java:logGet(43)) - raft.server.log.queue.byte-limit = 2147483647 (custom)
2019-09-20 10:24:12,480 [pool-38-thread-1] INFO  server.RaftServerConfigKeys (ConfUtils.java:logGet(43)) - raft.server.log.queue.element-limit = 1024 (custom)
2019-09-20 10:24:12,480 [pool-38-thread-1] INFO  server.RaftServerConfigKeys (ConfUtils.java:logGet(43)) - raft.server.log.segment.size.max = 1048576 (custom)
2019-09-20 10:24:12,481 [pool-38-thread-1] INFO  server.RaftServerConfigKeys (ConfUtils.java:logGet(43)) - raft.server.log.preallocated.size = 16384 (custom)
2019-09-20 10:24:12,481 [pool-38-thread-1] INFO  server.RaftServerConfigKeys (ConfUtils.java:logGet(43)) - raft.server.log.write.buffer.size = 33554432 (custom)
2019-09-20 10:24:12,481 [pool-38-thread-1] INFO  server.RaftServerConfigKeys (ConfUtils.java:logGet(43)) - raft.server.log.force.sync.num = 128 (default)
2019-09-20 10:24:12,481 [pool-38-thread-1] INFO  server.RaftServerConfigKeys (ConfUtils.java:logGet(43)) - raft.server.log.statemachine.data.sync = true (default)
2019-09-20 10:24:12,481 [pool-38-thread-1] INFO  server.RaftServerConfigKeys (ConfUtils.java:logGet(43)) - raft.server.log.statemachine.data.sync.timeout = 10s (default)
2019-09-20 10:24:12,481 [pool-38-thread-1] INFO  server.RaftServerConfigKeys (ConfUtils.java:logGet(43)) - raft.server.log.statemachine.data.sync.timeout.retry = -1 (default)
2019-09-20 10:24:12,482 [pool-38-thread-1] INFO  server.RaftServerConfigKeys (ConfUtils.java:logGet(43)) - raft.server.log.statemachine.data.caching.enabled = true (custom)
2019-09-20 10:24:12,482 [pool-38-thread-1] INFO  segmented.SegmentedRaftLogWorker (SegmentedRaftLogWorker.java:lambda$new$0(132)) - 3d6f3241-e73c-473a-ad0b-c7be2f7e1dda-SegmentedRaftLogWorker:Storage Directory /workdir/hadoop-ozone/integration-test/target/test-dir/MiniOzoneClusterImpl-7bc36abf-c66f-431a-931d-8c1e5526238d/datanode-1/data/ratis/8017a921-df26-45ee-8b30-79f55f34fb43: flushIndex: setUnconditionally 0 -> -1
2019-09-20 10:24:12,483 [pool-38-thread-1] INFO  server.RaftServerConfigKeys (ConfUtils.java:logGet(43)) - raft.server.snapshot.auto.trigger.enabled = true (custom)
2019-09-20 10:24:12,483 [pool-38-thread-1] INFO  server.RaftServerConfigKeys (ConfUtils.java:logGet(43)) - raft.server.snapshot.auto.trigger.threshold = 10000 (custom)
2019-09-20 10:24:12,483 [pool-38-thread-1] INFO  server.RaftServerConfigKeys (ConfUtils.java:logGet(43)) - raft.server.retrycache.expirytime = 600000ms (custom)
2019-09-20 10:24:12,483 [pool-38-thread-1] INFO  impl.RaftServerImpl (RaftServerImpl.java:start(180)) - 3d6f3241-e73c-473a-ad0b-c7be2f7e1dda: start group-79F55F34FB43
2019-09-20 10:24:12,483 [pool-38-thread-1] INFO  impl.RaftServerImpl (RaftServerImpl.java:setRole(171)) - 3d6f3241-e73c-473a-ad0b-c7be2f7e1dda:group-79F55F34FB43 changes role from null to FOLLOWER at term 0 for startAsFollower
2019-09-20 10:24:12,484 [pool-38-thread-1] INFO  impl.RoleInfo (RoleInfo.java:updateAndGet(143)) - 3d6f3241-e73c-473a-ad0b-c7be2f7e1dda: start FollowerState
2019-09-20 10:24:12,484 [pool-38-thread-1] INFO  util.JmxRegister (JmxRegister.java:tryRegister(44)) - Successfully registered JMX Bean with object name Ratis:service=RaftServer,group=group-79F55F34FB43,id=3d6f3241-e73c-473a-ad0b-c7be2f7e1dda
2019-09-20 10:24:12,497 [RatisPipelineUtilsThread] INFO  pipeline.PipelineStateManager (PipelineStateManager.java:addPipeline(56)) - Created pipeline Pipeline[ Id: 8017a921-df26-45ee-8b30-79f55f34fb43, Nodes: 3d6f3241-e73c-473a-ad0b-c7be2f7e1dda{ip: 192.168.36.99, host: pr-hdds-1569-p5fx8-1226042367, networkLocation: /default-rack, certSerialId: null}, Type:RATIS, Factor:ONE, State:OPEN]
2019-09-20 10:24:12,513 [grpc-default-executor-0] INFO  impl.RaftServerProxy (RaftServerProxy.java:addNew(89)) - 3d6f3241-e73c-473a-ad0b-c7be2f7e1dda: addNew group-AD9EA02BA87A:[3d6f3241-e73c-473a-ad0b-c7be2f7e1dda:192.168.36.99:33174] returns group-AD9EA02BA87A:java.util.concurrent.CompletableFuture@295c8cae[Not completed]
2019-09-20 10:24:12,516 [pool-38-thread-1] INFO  impl.RaftServerImpl (RaftServerImpl.java:<init>(93)) - 3d6f3241-e73c-473a-ad0b-c7be2f7e1dda: new RaftServerImpl for group-AD9EA02BA87A:[3d6f3241-e73c-473a-ad0b-c7be2f7e1dda:192.168.36.99:33174] with ContainerStateMachine:uninitialized
2019-09-20 10:24:12,517 [pool-38-thread-1] INFO  server.RaftServerConfigKeys (ConfUtils.java:logGet(43)) - raft.server.rpc.timeout.min = 1s (custom)
2019-09-20 10:24:12,517 [pool-38-thread-1] INFO  server.RaftServerConfigKeys (ConfUtils.java:logGet(43)) - raft.server.rpc.timeout.max = 1200ms (custom)
2019-09-20 10:24:12,517 [pool-38-thread-1] INFO  server.RaftServerConfigKeys (ConfUtils.java:logGet(43)) - raft.server.rpcslowness.timeout = 120s (custom)
2019-09-20 10:24:12,518 [pool-38-thread-1] INFO  server.RaftServerConfigKeys (ConfUtils.java:logGet(43)) - raft.server.sleep.deviation.threshold = 300 (default)
2019-09-20 10:24:12,518 [pool-38-thread-1] INFO  server.RaftServerConfigKeys (ConfUtils.java:logGet(43)) - raft.server.log.appender.install.snapshot.enabled = false (custom)
2019-09-20 10:24:12,518 [pool-38-thread-1] INFO  impl.RaftServerImpl (ServerState.java:<init>(105)) - 3d6f3241-e73c-473a-ad0b-c7be2f7e1dda:group-AD9EA02BA87A ConfigurationManager, init=-1: [3d6f3241-e73c-473a-ad0b-c7be2f7e1dda:192.168.36.99:33174], old=null, confs=<EMPTY_MAP>
2019-09-20 10:24:12,518 [pool-38-thread-1] INFO  server.RaftServerConfigKeys (ConfUtils.java:logGet(43)) - raft.server.storage.dir = [/workdir/hadoop-ozone/integration-test/target/test-dir/MiniOzoneClusterImpl-7bc36abf-c66f-431a-931d-8c1e5526238d/datanode-1/data/ratis] (custom)
2019-09-20 10:24:12,519 [pool-38-thread-1] INFO  storage.RaftStorageDirectory (RaftStorageDirectory.java:analyzeStorage(246)) - The storage directory /workdir/hadoop-ozone/integration-test/target/test-dir/MiniOzoneClusterImpl-7bc36abf-c66f-431a-931d-8c1e5526238d/datanode-1/data/ratis/9219e836-aaa9-4cfc-be44-ad9ea02ba87a does not exist. Creating ...
2019-09-20 10:24:12,537 [pool-38-thread-1] INFO  storage.RaftStorageDirectory (RaftStorageDirectory.java:tryLock(328)) - Lock on /workdir/hadoop-ozone/integration-test/target/test-dir/MiniOzoneClusterImpl-7bc36abf-c66f-431a-931d-8c1e5526238d/datanode-1/data/ratis/9219e836-aaa9-4cfc-be44-ad9ea02ba87a/in_use.lock acquired by nodename 28506@pr-hdds-1569-p5fx8-1226042367
2019-09-20 10:24:12,562 [pool-38-thread-1] INFO  storage.RaftStorage (RaftStorage.java:format(72)) - Storage directory /workdir/hadoop-ozone/integration-test/target/test-dir/MiniOzoneClusterImpl-7bc36abf-c66f-431a-931d-8c1e5526238d/datanode-1/data/ratis/9219e836-aaa9-4cfc-be44-ad9ea02ba87a has been successfully formatted.
2019-09-20 10:24:12,562 [pool-38-thread-1] INFO  ratis.ContainerStateMachine (ContainerStateMachine.java:loadSnapshot(226)) - group-AD9EA02BA87A: The snapshot info is null. Setting the last applied indexto:(t:0, i:~)
2019-09-20 10:24:12,563 [pool-38-thread-1] INFO  server.RaftServerConfigKeys (ConfUtils.java:logGet(43)) - raft.server.leader.election.timeout = 120s (custom)
2019-09-20 10:24:12,563 [pool-38-thread-1] INFO  server.RaftServerConfigKeys (ConfUtils.java:logGet(43)) - raft.server.log.use.memory = false (default)
2019-09-20 10:24:12,563 [pool-38-thread-1] INFO  server.RaftServerConfigKeys (ConfUtils.java:logGet(43)) - raft.server.log.purge.gap = 1000000 (custom)
2019-09-20 10:24:12,563 [pool-38-thread-1] INFO  server.RaftServerConfigKeys (ConfUtils.java:logGet(43)) - raft.server.log.appender.buffer.byte-limit = 33554432 (custom)
2019-09-20 10:24:12,564 [pool-38-thread-1] INFO  server.RaftServerConfigKeys (ConfUtils.java:logGet(43)) - raft.server.log.segment.size.max = 1048576 (custom)
2019-09-20 10:24:12,564 [pool-38-thread-1] INFO  server.RaftServerConfigKeys (ConfUtils.java:logGet(43)) - raft.server.log.segment.cache.num.max = 2 (custom)
2019-09-20 10:24:12,564 [pool-38-thread-1] INFO  segmented.SegmentedRaftLogWorker (SegmentedRaftLogWorker.java:<init>(172)) - new 3d6f3241-e73c-473a-ad0b-c7be2f7e1dda-SegmentedRaftLogWorker:Storage Directory /workdir/hadoop-ozone/integration-test/target/test-dir/MiniOzoneClusterImpl-7bc36abf-c66f-431a-931d-8c1e5526238d/datanode-1/data/ratis/9219e836-aaa9-4cfc-be44-ad9ea02ba87a for RaftStorage:Storage Directory /workdir/hadoop-ozone/integration-test/target/test-dir/MiniOzoneClusterImpl-7bc36abf-c66f-431a-931d-8c1e5526238d/datanode-1/data/ratis/9219e836-aaa9-4cfc-be44-ad9ea02ba87a
2019-09-20 10:24:12,564 [pool-38-thread-1] INFO  server.RaftServerConfigKeys (ConfUtils.java:logGet(43)) - raft.server.log.queue.byte-limit = 2147483647 (custom)
2019-09-20 10:24:12,565 [pool-38-thread-1] INFO  server.RaftServerConfigKeys (ConfUtils.java:logGet(43)) - raft.server.log.queue.element-limit = 1024 (custom)
2019-09-20 10:24:12,565 [pool-38-thread-1] INFO  server.RaftServerConfigKeys (ConfUtils.java:logGet(43)) - raft.server.log.segment.size.max = 1048576 (custom)
2019-09-20 10:24:12,565 [pool-38-thread-1] INFO  server.RaftServerConfigKeys (ConfUtils.java:logGet(43)) - raft.server.log.preallocated.size = 16384 (custom)
2019-09-20 10:24:12,565 [pool-38-thread-1] INFO  server.RaftServerConfigKeys (ConfUtils.java:logGet(43)) - raft.server.log.write.buffer.size = 33554432 (custom)
2019-09-20 10:24:12,566 [pool-38-thread-1] INFO  server.RaftServerConfigKeys (ConfUtils.java:logGet(43)) - raft.server.log.force.sync.num = 128 (default)
2019-09-20 10:24:12,566 [pool-38-thread-1] INFO  server.RaftServerConfigKeys (ConfUtils.java:logGet(43)) - raft.server.log.statemachine.data.sync = true (default)
2019-09-20 10:24:12,566 [pool-38-thread-1] INFO  server.RaftServerConfigKeys (ConfUtils.java:logGet(43)) - raft.server.log.statemachine.data.sync.timeout = 10s (default)
2019-09-20 10:24:12,566 [pool-38-thread-1] INFO  server.RaftServerConfigKeys (ConfUtils.java:logGet(43)) - raft.server.log.statemachine.data.sync.timeout.retry = -1 (default)
2019-09-20 10:24:12,567 [pool-38-thread-1] INFO  server.RaftServerConfigKeys (ConfUtils.java:logGet(43)) - raft.server.log.statemachine.data.caching.enabled = true (custom)
2019-09-20 10:24:12,567 [pool-38-thread-1] INFO  segmented.SegmentedRaftLogWorker (SegmentedRaftLogWorker.java:lambda$new$0(132)) - 3d6f3241-e73c-473a-ad0b-c7be2f7e1dda-SegmentedRaftLogWorker:Storage Directory /workdir/hadoop-ozone/integration-test/target/test-dir/MiniOzoneClusterImpl-7bc36abf-c66f-431a-931d-8c1e5526238d/datanode-1/data/ratis/9219e836-aaa9-4cfc-be44-ad9ea02ba87a: flushIndex: setUnconditionally 0 -> -1
2019-09-20 10:24:12,568 [pool-38-thread-1] INFO  server.RaftServerConfigKeys (ConfUtils.java:logGet(43)) - raft.server.snapshot.auto.trigger.enabled = true (custom)
2019-09-20 10:24:12,568 [pool-38-thread-1] INFO  server.RaftServerConfigKeys (ConfUtils.java:logGet(43)) - raft.server.snapshot.auto.trigger.threshold = 10000 (custom)
2019-09-20 10:24:12,568 [pool-38-thread-1] INFO  server.RaftServerConfigKeys (ConfUtils.java:logGet(43)) - raft.server.retrycache.expirytime = 600000ms (custom)
2019-09-20 10:24:12,569 [pool-38-thread-1] INFO  impl.RaftServerImpl (RaftServerImpl.java:start(180)) - 3d6f3241-e73c-473a-ad0b-c7be2f7e1dda: start group-AD9EA02BA87A
2019-09-20 10:24:12,569 [pool-38-thread-1] INFO  impl.RaftServerImpl (RaftServerImpl.java:setRole(171)) - 3d6f3241-e73c-473a-ad0b-c7be2f7e1dda:group-AD9EA02BA87A changes role from null to FOLLOWER at term 0 for startAsFollower
2019-09-20 10:24:12,569 [pool-38-thread-1] INFO  impl.RoleInfo (RoleInfo.java:updateAndGet(143)) - 3d6f3241-e73c-473a-ad0b-c7be2f7e1dda: start FollowerState
2019-09-20 10:24:12,570 [pool-38-thread-1] INFO  util.JmxRegister (JmxRegister.java:tryRegister(44)) - Successfully registered JMX Bean with object name Ratis:service=RaftServer,group=group-AD9EA02BA87A,id=3d6f3241-e73c-473a-ad0b-c7be2f7e1dda
2019-09-20 10:24:12,585 [RatisPipelineUtilsThread] INFO  pipeline.PipelineStateManager (PipelineStateManager.java:addPipeline(56)) - Created pipeline Pipeline[ Id: 9219e836-aaa9-4cfc-be44-ad9ea02ba87a, Nodes: 3d6f3241-e73c-473a-ad0b-c7be2f7e1dda{ip: 192.168.36.99, host: pr-hdds-1569-p5fx8-1226042367, networkLocation: /default-rack, certSerialId: null}, Type:RATIS, Factor:ONE, State:OPEN]
2019-09-20 10:24:12,602 [grpc-default-executor-0] INFO  impl.RaftServerProxy (RaftServerProxy.java:addNew(89)) - 66416d0b-a71c-4af1-ae3a-62ca63b880a3: addNew group-CD0026B36AE8:[66416d0b-a71c-4af1-ae3a-62ca63b880a3:192.168.36.99:43326] returns group-CD0026B36AE8:java.util.concurrent.CompletableFuture@503a07ae[Not completed]
2019-09-20 10:24:12,605 | INFO  | SCMAudit | user=jenkins1000 | ip=192.168.36.99 | op=SEND_HEARTBEAT {datanodeUUID=3d6f3241-e73c-473a-ad0b-c7be2f7e1dda, command=[]} | ret=SUCCESS |  
2019-09-20 10:24:12,607 [pool-49-thread-1] INFO  impl.RaftServerImpl (RaftServerImpl.java:<init>(93)) - 66416d0b-a71c-4af1-ae3a-62ca63b880a3: new RaftServerImpl for group-CD0026B36AE8:[66416d0b-a71c-4af1-ae3a-62ca63b880a3:192.168.36.99:43326] with ContainerStateMachine:uninitialized
2019-09-20 10:24:12,607 [pool-49-thread-1] INFO  server.RaftServerConfigKeys (ConfUtils.java:logGet(43)) - raft.server.rpc.timeout.min = 1s (custom)
2019-09-20 10:24:12,607 [pool-49-thread-1] INFO  server.RaftServerConfigKeys (ConfUtils.java:logGet(43)) - raft.server.rpc.timeout.max = 1200ms (custom)
2019-09-20 10:24:12,607 [pool-49-thread-1] INFO  server.RaftServerConfigKeys (ConfUtils.java:logGet(43)) - raft.server.rpcslowness.timeout = 120s (custom)
2019-09-20 10:24:12,607 [pool-49-thread-1] INFO  server.RaftServerConfigKeys (ConfUtils.java:logGet(43)) - raft.server.sleep.deviation.threshold = 300 (default)
2019-09-20 10:24:12,608 [pool-49-thread-1] INFO  server.RaftServerConfigKeys (ConfUtils.java:logGet(43)) - raft.server.log.appender.install.snapshot.enabled = false (custom)
2019-09-20 10:24:12,608 [pool-49-thread-1] INFO  impl.RaftServerImpl (ServerState.java:<init>(105)) - 66416d0b-a71c-4af1-ae3a-62ca63b880a3:group-CD0026B36AE8 ConfigurationManager, init=-1: [66416d0b-a71c-4af1-ae3a-62ca63b880a3:192.168.36.99:43326], old=null, confs=<EMPTY_MAP>
2019-09-20 10:24:12,608 [pool-49-thread-1] INFO  server.RaftServerConfigKeys (ConfUtils.java:logGet(43)) - raft.server.storage.dir = [/workdir/hadoop-ozone/integration-test/target/test-dir/MiniOzoneClusterImpl-7bc36abf-c66f-431a-931d-8c1e5526238d/datanode-2/data/ratis] (custom)
2019-09-20 10:24:12,609 [pool-49-thread-1] INFO  storage.RaftStorageDirectory (RaftStorageDirectory.java:analyzeStorage(246)) - The storage directory /workdir/hadoop-ozone/integration-test/target/test-dir/MiniOzoneClusterImpl-7bc36abf-c66f-431a-931d-8c1e5526238d/datanode-2/data/ratis/c8a8a1a8-a6c6-494a-b015-cd0026b36ae8 does not exist. Creating ...
2019-09-20 10:24:12,646 [pool-49-thread-1] INFO  storage.RaftStorageDirectory (RaftStorageDirectory.java:tryLock(328)) - Lock on /workdir/hadoop-ozone/integration-test/target/test-dir/MiniOzoneClusterImpl-7bc36abf-c66f-431a-931d-8c1e5526238d/datanode-2/data/ratis/c8a8a1a8-a6c6-494a-b015-cd0026b36ae8/in_use.lock acquired by nodename 28506@pr-hdds-1569-p5fx8-1226042367
2019-09-20 10:24:12,663 [pool-49-thread-1] INFO  storage.RaftStorage (RaftStorage.java:format(72)) - Storage directory /workdir/hadoop-ozone/integration-test/target/test-dir/MiniOzoneClusterImpl-7bc36abf-c66f-431a-931d-8c1e5526238d/datanode-2/data/ratis/c8a8a1a8-a6c6-494a-b015-cd0026b36ae8 has been successfully formatted.
2019-09-20 10:24:12,664 [pool-49-thread-1] INFO  ratis.ContainerStateMachine (ContainerStateMachine.java:loadSnapshot(226)) - group-CD0026B36AE8: The snapshot info is null. Setting the last applied indexto:(t:0, i:~)
2019-09-20 10:24:12,664 [pool-49-thread-1] INFO  server.RaftServerConfigKeys (ConfUtils.java:logGet(43)) - raft.server.leader.election.timeout = 120s (custom)
2019-09-20 10:24:12,664 [pool-49-thread-1] INFO  server.RaftServerConfigKeys (ConfUtils.java:logGet(43)) - raft.server.log.use.memory = false (default)
2019-09-20 10:24:12,664 [pool-49-thread-1] INFO  server.RaftServerConfigKeys (ConfUtils.java:logGet(43)) - raft.server.log.purge.gap = 1000000 (custom)
2019-09-20 10:24:12,665 [pool-49-thread-1] INFO  server.RaftServerConfigKeys (ConfUtils.java:logGet(43)) - raft.server.log.appender.buffer.byte-limit = 33554432 (custom)
2019-09-20 10:24:12,665 [pool-49-thread-1] INFO  server.RaftServerConfigKeys (ConfUtils.java:logGet(43)) - raft.server.log.segment.size.max = 1048576 (custom)
2019-09-20 10:24:12,665 [pool-49-thread-1] INFO  server.RaftServerConfigKeys (ConfUtils.java:logGet(43)) - raft.server.log.segment.cache.num.max = 2 (custom)
2019-09-20 10:24:12,665 [pool-49-thread-1] INFO  segmented.SegmentedRaftLogWorker (SegmentedRaftLogWorker.java:<init>(172)) - new 66416d0b-a71c-4af1-ae3a-62ca63b880a3-SegmentedRaftLogWorker:Storage Directory /workdir/hadoop-ozone/integration-test/target/test-dir/MiniOzoneClusterImpl-7bc36abf-c66f-431a-931d-8c1e5526238d/datanode-2/data/ratis/c8a8a1a8-a6c6-494a-b015-cd0026b36ae8 for RaftStorage:Storage Directory /workdir/hadoop-ozone/integration-test/target/test-dir/MiniOzoneClusterImpl-7bc36abf-c66f-431a-931d-8c1e5526238d/datanode-2/data/ratis/c8a8a1a8-a6c6-494a-b015-cd0026b36ae8
2019-09-20 10:24:12,665 [pool-49-thread-1] INFO  server.RaftServerConfigKeys (ConfUtils.java:logGet(43)) - raft.server.log.queue.byte-limit = 2147483647 (custom)
2019-09-20 10:24:12,666 [pool-49-thread-1] INFO  server.RaftServerConfigKeys (ConfUtils.java:logGet(43)) - raft.server.log.queue.element-limit = 1024 (custom)
2019-09-20 10:24:12,666 [pool-49-thread-1] INFO  server.RaftServerConfigKeys (ConfUtils.java:logGet(43)) - raft.server.log.segment.size.max = 1048576 (custom)
2019-09-20 10:24:12,666 [pool-49-thread-1] INFO  server.RaftServerConfigKeys (ConfUtils.java:logGet(43)) - raft.server.log.preallocated.size = 16384 (custom)
2019-09-20 10:24:12,666 [pool-49-thread-1] INFO  server.RaftServerConfigKeys (ConfUtils.java:logGet(43)) - raft.server.log.write.buffer.size = 33554432 (custom)
2019-09-20 10:24:12,666 [pool-49-thread-1] INFO  server.RaftServerConfigKeys (ConfUtils.java:logGet(43)) - raft.server.log.force.sync.num = 128 (default)
2019-09-20 10:24:12,667 [pool-49-thread-1] INFO  server.RaftServerConfigKeys (ConfUtils.java:logGet(43)) - raft.server.log.statemachine.data.sync = true (default)
2019-09-20 10:24:12,667 [pool-49-thread-1] INFO  server.RaftServerConfigKeys (ConfUtils.java:logGet(43)) - raft.server.log.statemachine.data.sync.timeout = 10s (default)
2019-09-20 10:24:12,667 [pool-49-thread-1] INFO  server.RaftServerConfigKeys (ConfUtils.java:logGet(43)) - raft.server.log.statemachine.data.sync.timeout.retry = -1 (default)
2019-09-20 10:24:12,667 [pool-49-thread-1] INFO  server.RaftServerConfigKeys (ConfUtils.java:logGet(43)) - raft.server.log.statemachine.data.caching.enabled = true (custom)
2019-09-20 10:24:12,668 [pool-49-thread-1] INFO  segmented.SegmentedRaftLogWorker (SegmentedRaftLogWorker.java:lambda$new$0(132)) - 66416d0b-a71c-4af1-ae3a-62ca63b880a3-SegmentedRaftLogWorker:Storage Directory /workdir/hadoop-ozone/integration-test/target/test-dir/MiniOzoneClusterImpl-7bc36abf-c66f-431a-931d-8c1e5526238d/datanode-2/data/ratis/c8a8a1a8-a6c6-494a-b015-cd0026b36ae8: flushIndex: setUnconditionally 0 -> -1
2019-09-20 10:24:12,668 [pool-49-thread-1] INFO  server.RaftServerConfigKeys (ConfUtils.java:logGet(43)) - raft.server.snapshot.auto.trigger.enabled = true (custom)
2019-09-20 10:24:12,669 [pool-49-thread-1] INFO  server.RaftServerConfigKeys (ConfUtils.java:logGet(43)) - raft.server.snapshot.auto.trigger.threshold = 10000 (custom)
2019-09-20 10:24:12,669 [pool-49-thread-1] INFO  server.RaftServerConfigKeys (ConfUtils.java:logGet(43)) - raft.server.retrycache.expirytime = 600000ms (custom)
2019-09-20 10:24:12,669 [pool-49-thread-1] INFO  impl.RaftServerImpl (RaftServerImpl.java:start(180)) - 66416d0b-a71c-4af1-ae3a-62ca63b880a3: start group-CD0026B36AE8
2019-09-20 10:24:12,669 [pool-49-thread-1] INFO  impl.RaftServerImpl (RaftServerImpl.java:setRole(171)) - 66416d0b-a71c-4af1-ae3a-62ca63b880a3:group-CD0026B36AE8 changes role from null to FOLLOWER at term 0 for startAsFollower
2019-09-20 10:24:12,670 [pool-49-thread-1] INFO  impl.RoleInfo (RoleInfo.java:updateAndGet(143)) - 66416d0b-a71c-4af1-ae3a-62ca63b880a3: start FollowerState
2019-09-20 10:24:12,670 [pool-49-thread-1] INFO  util.JmxRegister (JmxRegister.java:tryRegister(44)) - Successfully registered JMX Bean with object name Ratis:service=RaftServer,group=group-CD0026B36AE8,id=66416d0b-a71c-4af1-ae3a-62ca63b880a3
2019-09-20 10:24:12,687 [RatisPipelineUtilsThread] INFO  pipeline.PipelineStateManager (PipelineStateManager.java:addPipeline(56)) - Created pipeline Pipeline[ Id: c8a8a1a8-a6c6-494a-b015-cd0026b36ae8, Nodes: 66416d0b-a71c-4af1-ae3a-62ca63b880a3{ip: 192.168.36.99, host: pr-hdds-1569-p5fx8-1226042367, networkLocation: /default-rack, certSerialId: null}, Type:RATIS, Factor:ONE, State:OPEN]
2019-09-20 10:24:12,712 [Thread-239] INFO  impl.FollowerState (FollowerState.java:run(106)) - 17e2ba94-38a1-40e7-84e0-f6802901db84:group-C08A42A4230D changes to CANDIDATE, lastRpcTime:1044, electionTimeout:1042ms
2019-09-20 10:24:12,712 [grpc-default-executor-0] INFO  impl.RaftServerProxy (RaftServerProxy.java:addNew(89)) - 4d972e91-cb6b-45de-8bd2-c18af7abe58b: addNew group-42D9A9545A29:[4d972e91-cb6b-45de-8bd2-c18af7abe58b:192.168.36.99:46114] returns group-42D9A9545A29:java.util.concurrent.CompletableFuture@19a40ace[Not completed]
2019-09-20 10:24:12,712 [Thread-239] INFO  impl.RoleInfo (RoleInfo.java:shutdownFollowerState(121)) - 17e2ba94-38a1-40e7-84e0-f6802901db84: shutdown FollowerState
2019-09-20 10:24:12,712 [Thread-239] INFO  impl.RaftServerImpl (RaftServerImpl.java:setRole(171)) - 17e2ba94-38a1-40e7-84e0-f6802901db84:group-C08A42A4230D changes role from FOLLOWER to CANDIDATE at term 0 for changeToCandidate
2019-09-20 10:24:12,723 [pool-71-thread-1] INFO  impl.RaftServerImpl (RaftServerImpl.java:<init>(93)) - 4d972e91-cb6b-45de-8bd2-c18af7abe58b: new RaftServerImpl for group-42D9A9545A29:[4d972e91-cb6b-45de-8bd2-c18af7abe58b:192.168.36.99:46114] with ContainerStateMachine:uninitialized
2019-09-20 10:24:12,723 [Thread-239] INFO  impl.RoleInfo (RoleInfo.java:updateAndGet(143)) - 17e2ba94-38a1-40e7-84e0-f6802901db84: start LeaderElection
2019-09-20 10:24:12,723 [pool-71-thread-1] INFO  server.RaftServerConfigKeys (ConfUtils.java:logGet(43)) - raft.server.rpc.timeout.min = 1s (custom)
2019-09-20 10:24:12,724 [pool-71-thread-1] INFO  server.RaftServerConfigKeys (ConfUtils.java:logGet(43)) - raft.server.rpc.timeout.max = 1200ms (custom)
2019-09-20 10:24:12,724 [pool-71-thread-1] INFO  server.RaftServerConfigKeys (ConfUtils.java:logGet(43)) - raft.server.rpcslowness.timeout = 120s (custom)
2019-09-20 10:24:12,724 [pool-71-thread-1] INFO  server.RaftServerConfigKeys (ConfUtils.java:logGet(43)) - raft.server.sleep.deviation.threshold = 300 (default)
2019-09-20 10:24:12,726 [pool-71-thread-1] INFO  server.RaftServerConfigKeys (ConfUtils.java:logGet(43)) - raft.server.log.appender.install.snapshot.enabled = false (custom)
2019-09-20 10:24:12,728 [pool-71-thread-1] INFO  impl.RaftServerImpl (ServerState.java:<init>(105)) - 4d972e91-cb6b-45de-8bd2-c18af7abe58b:group-42D9A9545A29 ConfigurationManager, init=-1: [4d972e91-cb6b-45de-8bd2-c18af7abe58b:192.168.36.99:46114], old=null, confs=<EMPTY_MAP>
2019-09-20 10:24:12,730 [pool-71-thread-1] INFO  server.RaftServerConfigKeys (ConfUtils.java:logGet(43)) - raft.server.storage.dir = [/workdir/hadoop-ozone/integration-test/target/test-dir/MiniOzoneClusterImpl-7bc36abf-c66f-431a-931d-8c1e5526238d/datanode-4/data/ratis] (custom)
2019-09-20 10:24:12,730 [pool-71-thread-1] INFO  storage.RaftStorageDirectory (RaftStorageDirectory.java:analyzeStorage(246)) - The storage directory /workdir/hadoop-ozone/integration-test/target/test-dir/MiniOzoneClusterImpl-7bc36abf-c66f-431a-931d-8c1e5526238d/datanode-4/data/ratis/ac21dc9d-4c76-4055-9d37-42d9a9545a29 does not exist. Creating ...
2019-09-20 10:24:12,755 [pool-71-thread-1] INFO  storage.RaftStorageDirectory (RaftStorageDirectory.java:tryLock(328)) - Lock on /workdir/hadoop-ozone/integration-test/target/test-dir/MiniOzoneClusterImpl-7bc36abf-c66f-431a-931d-8c1e5526238d/datanode-4/data/ratis/ac21dc9d-4c76-4055-9d37-42d9a9545a29/in_use.lock acquired by nodename 28506@pr-hdds-1569-p5fx8-1226042367
2019-09-20 10:24:12,756 [17e2ba94-38a1-40e7-84e0-f6802901db84:group-C08A42A4230D:LeaderElection1] INFO  impl.LeaderElection (LeaderElection.java:askForVotes(181)) - 17e2ba94-38a1-40e7-84e0-f6802901db84:group-C08A42A4230D:LeaderElection1: begin an election at term 1 for -1: [17e2ba94-38a1-40e7-84e0-f6802901db84:192.168.36.99:43716], old=null
2019-09-20 10:24:12,758 [17e2ba94-38a1-40e7-84e0-f6802901db84:group-C08A42A4230D:LeaderElection1] INFO  impl.RoleInfo (RoleInfo.java:shutdownLeaderElection(134)) - 17e2ba94-38a1-40e7-84e0-f6802901db84: shutdown LeaderElection
2019-09-20 10:24:12,758 [17e2ba94-38a1-40e7-84e0-f6802901db84:group-C08A42A4230D:LeaderElection1] INFO  impl.RaftServerImpl (RaftServerImpl.java:setRole(171)) - 17e2ba94-38a1-40e7-84e0-f6802901db84:group-C08A42A4230D changes role from CANDIDATE to LEADER at term 1 for changeToLeader
2019-09-20 10:24:12,759 [17e2ba94-38a1-40e7-84e0-f6802901db84:group-C08A42A4230D:LeaderElection1] INFO  impl.RaftServerImpl (ServerState.java:setLeader(263)) - 17e2ba94-38a1-40e7-84e0-f6802901db84:group-C08A42A4230D change Leader from null to 17e2ba94-38a1-40e7-84e0-f6802901db84 at term 1 for becomeLeader, leader elected after 1181ms
2019-09-20 10:24:12,768 [17e2ba94-38a1-40e7-84e0-f6802901db84:group-C08A42A4230D:LeaderElection1] INFO  server.RaftServerConfigKeys (ConfUtils.java:logGet(43)) - raft.server.staging.catchup.gap = 1000 (default)
2019-09-20 10:24:12,768 [17e2ba94-38a1-40e7-84e0-f6802901db84:group-C08A42A4230D:LeaderElection1] INFO  server.RaftServerConfigKeys (ConfUtils.java:logGet(43)) - raft.server.rpc.sleep.time = 25ms (default)
2019-09-20 10:24:12,772 [17e2ba94-38a1-40e7-84e0-f6802901db84:group-C08A42A4230D:LeaderElection1] INFO  server.RaftServerConfigKeys (ConfUtils.java:logGet(43)) - raft.server.write.element-limit = 4096 (default)
2019-09-20 10:24:12,773 [pool-71-thread-1] INFO  storage.RaftStorage (RaftStorage.java:format(72)) - Storage directory /workdir/hadoop-ozone/integration-test/target/test-dir/MiniOzoneClusterImpl-7bc36abf-c66f-431a-931d-8c1e5526238d/datanode-4/data/ratis/ac21dc9d-4c76-4055-9d37-42d9a9545a29 has been successfully formatted.
2019-09-20 10:24:12,774 [pool-71-thread-1] INFO  ratis.ContainerStateMachine (ContainerStateMachine.java:loadSnapshot(226)) - group-42D9A9545A29: The snapshot info is null. Setting the last applied indexto:(t:0, i:~)
2019-09-20 10:24:12,774 [pool-71-thread-1] INFO  server.RaftServerConfigKeys (ConfUtils.java:logGet(43)) - raft.server.leader.election.timeout = 120s (custom)
2019-09-20 10:24:12,774 [pool-71-thread-1] INFO  server.RaftServerConfigKeys (ConfUtils.java:logGet(43)) - raft.server.log.use.memory = false (default)
2019-09-20 10:24:12,774 [pool-71-thread-1] INFO  server.RaftServerConfigKeys (ConfUtils.java:logGet(43)) - raft.server.log.purge.gap = 1000000 (custom)
2019-09-20 10:24:12,775 [pool-71-thread-1] INFO  server.RaftServerConfigKeys (ConfUtils.java:logGet(43)) - raft.server.log.appender.buffer.byte-limit = 33554432 (custom)
2019-09-20 10:24:12,775 [pool-71-thread-1] INFO  server.RaftServerConfigKeys (ConfUtils.java:logGet(43)) - raft.server.log.segment.size.max = 1048576 (custom)
2019-09-20 10:24:12,775 [17e2ba94-38a1-40e7-84e0-f6802901db84:group-C08A42A4230D:LeaderElection1] INFO  server.RaftServerConfigKeys (ConfUtils.java:logGet(43)) - raft.server.watch.timeout = 10s (default)
2019-09-20 10:24:12,775 [pool-71-thread-1] INFO  server.RaftServerConfigKeys (ConfUtils.java:logGet(43)) - raft.server.log.segment.cache.num.max = 2 (custom)
2019-09-20 10:24:12,775 [17e2ba94-38a1-40e7-84e0-f6802901db84:group-C08A42A4230D:LeaderElection1] INFO  server.RaftServerConfigKeys (ConfUtils.java:logGet(43)) - raft.server.watch.timeout.denomination = 1s (default)
2019-09-20 10:24:12,776 [pool-71-thread-1] INFO  segmented.SegmentedRaftLogWorker (SegmentedRaftLogWorker.java:<init>(172)) - new 4d972e91-cb6b-45de-8bd2-c18af7abe58b-SegmentedRaftLogWorker:Storage Directory /workdir/hadoop-ozone/integration-test/target/test-dir/MiniOzoneClusterImpl-7bc36abf-c66f-431a-931d-8c1e5526238d/datanode-4/data/ratis/ac21dc9d-4c76-4055-9d37-42d9a9545a29 for RaftStorage:Storage Directory /workdir/hadoop-ozone/integration-test/target/test-dir/MiniOzoneClusterImpl-7bc36abf-c66f-431a-931d-8c1e5526238d/datanode-4/data/ratis/ac21dc9d-4c76-4055-9d37-42d9a9545a29
2019-09-20 10:24:12,776 [pool-71-thread-1] INFO  server.RaftServerConfigKeys (ConfUtils.java:logGet(43)) - raft.server.log.queue.byte-limit = 2147483647 (custom)
2019-09-20 10:24:12,776 [pool-71-thread-1] INFO  server.RaftServerConfigKeys (ConfUtils.java:logGet(43)) - raft.server.log.queue.element-limit = 1024 (custom)
2019-09-20 10:24:12,777 [pool-71-thread-1] INFO  server.RaftServerConfigKeys (ConfUtils.java:logGet(43)) - raft.server.log.segment.size.max = 1048576 (custom)
2019-09-20 10:24:12,777 [17e2ba94-38a1-40e7-84e0-f6802901db84:group-C08A42A4230D:LeaderElection1] INFO  server.RaftServerConfigKeys (ConfUtils.java:logGet(43)) - raft.server.watch.element-limit = 65536 (default)
2019-09-20 10:24:12,777 [pool-71-thread-1] INFO  server.RaftServerConfigKeys (ConfUtils.java:logGet(43)) - raft.server.log.preallocated.size = 16384 (custom)
2019-09-20 10:24:12,779 [pool-71-thread-1] INFO  server.RaftServerConfigKeys (ConfUtils.java:logGet(43)) - raft.server.log.write.buffer.size = 33554432 (custom)
2019-09-20 10:24:12,779 [pool-71-thread-1] INFO  server.RaftServerConfigKeys (ConfUtils.java:logGet(43)) - raft.server.log.force.sync.num = 128 (default)
2019-09-20 10:24:12,779 [pool-71-thread-1] INFO  server.RaftServerConfigKeys (ConfUtils.java:logGet(43)) - raft.server.log.statemachine.data.sync = true (default)
2019-09-20 10:24:12,779 [pool-71-thread-1] INFO  server.RaftServerConfigKeys (ConfUtils.java:logGet(43)) - raft.server.log.statemachine.data.sync.timeout = 10s (default)
2019-09-20 10:24:12,780 [pool-71-thread-1] INFO  server.RaftServerConfigKeys (ConfUtils.java:logGet(43)) - raft.server.log.statemachine.data.sync.timeout.retry = -1 (default)
2019-09-20 10:24:12,780 [pool-71-thread-1] INFO  server.RaftServerConfigKeys (ConfUtils.java:logGet(43)) - raft.server.log.statemachine.data.caching.enabled = true (custom)
2019-09-20 10:24:12,781 [pool-71-thread-1] INFO  segmented.SegmentedRaftLogWorker (SegmentedRaftLogWorker.java:lambda$new$0(132)) - 4d972e91-cb6b-45de-8bd2-c18af7abe58b-SegmentedRaftLogWorker:Storage Directory /workdir/hadoop-ozone/integration-test/target/test-dir/MiniOzoneClusterImpl-7bc36abf-c66f-431a-931d-8c1e5526238d/datanode-4/data/ratis/ac21dc9d-4c76-4055-9d37-42d9a9545a29: flushIndex: setUnconditionally 0 -> -1
2019-09-20 10:24:12,781 [pool-71-thread-1] INFO  server.RaftServerConfigKeys (ConfUtils.java:logGet(43)) - raft.server.snapshot.auto.trigger.enabled = true (custom)
2019-09-20 10:24:12,782 [pool-71-thread-1] INFO  server.RaftServerConfigKeys (ConfUtils.java:logGet(43)) - raft.server.snapshot.auto.trigger.threshold = 10000 (custom)
2019-09-20 10:24:12,782 [pool-71-thread-1] INFO  server.RaftServerConfigKeys (ConfUtils.java:logGet(43)) - raft.server.retrycache.expirytime = 600000ms (custom)
2019-09-20 10:24:12,782 [pool-71-thread-1] INFO  impl.RaftServerImpl (RaftServerImpl.java:start(180)) - 4d972e91-cb6b-45de-8bd2-c18af7abe58b: start group-42D9A9545A29
2019-09-20 10:24:12,782 [main] INFO  ozone.MiniOzoneClusterImpl (MiniOzoneClusterImpl.java:lambda$waitForClusterToBeReady$0(142)) - Cluster is ready. Got 7 of 7 DN Heartbeats.
2019-09-20 10:24:12,783 [pool-71-thread-1] INFO  impl.RaftServerImpl (RaftServerImpl.java:setRole(171)) - 4d972e91-cb6b-45de-8bd2-c18af7abe58b:group-42D9A9545A29 changes role from null to FOLLOWER at term 0 for startAsFollower
2019-09-20 10:24:12,783 [pool-71-thread-1] INFO  impl.RoleInfo (RoleInfo.java:updateAndGet(143)) - 4d972e91-cb6b-45de-8bd2-c18af7abe58b: start FollowerState
2019-09-20 10:24:12,784 [pool-71-thread-1] INFO  util.JmxRegister (JmxRegister.java:tryRegister(44)) - Successfully registered JMX Bean with object name Ratis:service=RaftServer,group=group-42D9A9545A29,id=4d972e91-cb6b-45de-8bd2-c18af7abe58b
2019-09-20 10:24:12,795 [RatisPipelineUtilsThread] INFO  pipeline.PipelineStateManager (PipelineStateManager.java:addPipeline(56)) - Created pipeline Pipeline[ Id: ac21dc9d-4c76-4055-9d37-42d9a9545a29, Nodes: 4d972e91-cb6b-45de-8bd2-c18af7abe58b{ip: 192.168.36.99, host: pr-hdds-1569-p5fx8-1226042367, networkLocation: /default-rack, certSerialId: null}, Type:RATIS, Factor:ONE, State:OPEN]
2019-09-20 10:24:12,799 [17e2ba94-38a1-40e7-84e0-f6802901db84:group-C08A42A4230D:LeaderElection1] INFO  impl.RoleInfo (RoleInfo.java:updateAndGet(143)) - 17e2ba94-38a1-40e7-84e0-f6802901db84: start LeaderState
2019-09-20 10:24:12,809 [grpc-default-executor-0] INFO  impl.RaftServerProxy (RaftServerProxy.java:addNew(89)) - c3e532f8-1a8e-44f3-b56b-d765aee893af: addNew group-CECA6C8660F8:[c3e532f8-1a8e-44f3-b56b-d765aee893af:192.168.36.99:34965] returns group-CECA6C8660F8:java.util.concurrent.CompletableFuture@1dd0a2b0[Not completed]
2019-09-20 10:24:12,811 [pool-60-thread-1] INFO  impl.RaftServerImpl (RaftServerImpl.java:<init>(93)) - c3e532f8-1a8e-44f3-b56b-d765aee893af: new RaftServerImpl for group-CECA6C8660F8:[c3e532f8-1a8e-44f3-b56b-d765aee893af:192.168.36.99:34965] with ContainerStateMachine:uninitialized
2019-09-20 10:24:12,812 [pool-60-thread-1] INFO  server.RaftServerConfigKeys (ConfUtils.java:logGet(43)) - raft.server.rpc.timeout.min = 1s (custom)
2019-09-20 10:24:12,812 [pool-60-thread-1] INFO  server.RaftServerConfigKeys (ConfUtils.java:logGet(43)) - raft.server.rpc.timeout.max = 1200ms (custom)
2019-09-20 10:24:12,812 [pool-60-thread-1] INFO  server.RaftServerConfigKeys (ConfUtils.java:logGet(43)) - raft.server.rpcslowness.timeout = 120s (custom)
2019-09-20 10:24:12,812 [pool-60-thread-1] INFO  server.RaftServerConfigKeys (ConfUtils.java:logGet(43)) - raft.server.sleep.deviation.threshold = 300 (default)
2019-09-20 10:24:12,812 [pool-60-thread-1] INFO  server.RaftServerConfigKeys (ConfUtils.java:logGet(43)) - raft.server.log.appender.install.snapshot.enabled = false (custom)
2019-09-20 10:24:12,813 [pool-60-thread-1] INFO  impl.RaftServerImpl (ServerState.java:<init>(105)) - c3e532f8-1a8e-44f3-b56b-d765aee893af:group-CECA6C8660F8 ConfigurationManager, init=-1: [c3e532f8-1a8e-44f3-b56b-d765aee893af:192.168.36.99:34965], old=null, confs=<EMPTY_MAP>
2019-09-20 10:24:12,813 [pool-60-thread-1] INFO  server.RaftServerConfigKeys (ConfUtils.java:logGet(43)) - raft.server.storage.dir = [/workdir/hadoop-ozone/integration-test/target/test-dir/MiniOzoneClusterImpl-7bc36abf-c66f-431a-931d-8c1e5526238d/datanode-3/data/ratis] (custom)
2019-09-20 10:24:12,813 [pool-60-thread-1] INFO  storage.RaftStorageDirectory (RaftStorageDirectory.java:analyzeStorage(246)) - The storage directory /workdir/hadoop-ozone/integration-test/target/test-dir/MiniOzoneClusterImpl-7bc36abf-c66f-431a-931d-8c1e5526238d/datanode-3/data/ratis/e188baaa-bbe8-45a7-9241-ceca6c8660f8 does not exist. Creating ...
2019-09-20 10:24:12,837 [pool-60-thread-1] INFO  storage.RaftStorageDirectory (RaftStorageDirectory.java:tryLock(328)) - Lock on /workdir/hadoop-ozone/integration-test/target/test-dir/MiniOzoneClusterImpl-7bc36abf-c66f-431a-931d-8c1e5526238d/datanode-3/data/ratis/e188baaa-bbe8-45a7-9241-ceca6c8660f8/in_use.lock acquired by nodename 28506@pr-hdds-1569-p5fx8-1226042367
2019-09-20 10:24:12,839 [17e2ba94-38a1-40e7-84e0-f6802901db84:group-C08A42A4230D:LeaderElection1] INFO  segmented.SegmentedRaftLogWorker (SegmentedRaftLogWorker.java:startLogSegment(380)) - 17e2ba94-38a1-40e7-84e0-f6802901db84-SegmentedRaftLogWorker:Storage Directory /workdir/hadoop-ozone/integration-test/target/test-dir/MiniOzoneClusterImpl-7bc36abf-c66f-431a-931d-8c1e5526238d/datanode-0/data/ratis/c5ef87eb-8b86-4d5d-b199-c08a42a4230d: Starting segment from index:0
2019-09-20 10:24:12,848 [17e2ba94-38a1-40e7-84e0-f6802901db84:group-C08A42A4230D:LeaderElection1] INFO  impl.RaftServerImpl (ServerState.java:setRaftConf(361)) - 17e2ba94-38a1-40e7-84e0-f6802901db84:group-C08A42A4230D set configuration 0: [17e2ba94-38a1-40e7-84e0-f6802901db84:192.168.36.99:43716], old=null at 0
2019-09-20 10:24:12,857 [pool-60-thread-1] INFO  storage.RaftStorage (RaftStorage.java:format(72)) - Storage directory /workdir/hadoop-ozone/integration-test/target/test-dir/MiniOzoneClusterImpl-7bc36abf-c66f-431a-931d-8c1e5526238d/datanode-3/data/ratis/e188baaa-bbe8-45a7-9241-ceca6c8660f8 has been successfully formatted.
2019-09-20 10:24:12,858 [pool-60-thread-1] INFO  ratis.ContainerStateMachine (ContainerStateMachine.java:loadSnapshot(226)) - group-CECA6C8660F8: The snapshot info is null. Setting the last applied indexto:(t:0, i:~)
2019-09-20 10:24:12,858 [pool-60-thread-1] INFO  server.RaftServerConfigKeys (ConfUtils.java:logGet(43)) - raft.server.leader.election.timeout = 120s (custom)
2019-09-20 10:24:12,858 [pool-60-thread-1] INFO  server.RaftServerConfigKeys (ConfUtils.java:logGet(43)) - raft.server.log.use.memory = false (default)
2019-09-20 10:24:12,858 [pool-60-thread-1] INFO  server.RaftServerConfigKeys (ConfUtils.java:logGet(43)) - raft.server.log.purge.gap = 1000000 (custom)
2019-09-20 10:24:12,859 [pool-60-thread-1] INFO  server.RaftServerConfigKeys (ConfUtils.java:logGet(43)) - raft.server.log.appender.buffer.byte-limit = 33554432 (custom)
2019-09-20 10:24:12,859 [pool-60-thread-1] INFO  server.RaftServerConfigKeys (ConfUtils.java:logGet(43)) - raft.server.log.segment.size.max = 1048576 (custom)
2019-09-20 10:24:12,859 [pool-60-thread-1] INFO  server.RaftServerConfigKeys (ConfUtils.java:logGet(43)) - raft.server.log.segment.cache.num.max = 2 (custom)
2019-09-20 10:24:12,859 [pool-60-thread-1] INFO  segmented.SegmentedRaftLogWorker (SegmentedRaftLogWorker.java:<init>(172)) - new c3e532f8-1a8e-44f3-b56b-d765aee893af-SegmentedRaftLogWorker:Storage Directory /workdir/hadoop-ozone/integration-test/target/test-dir/MiniOzoneClusterImpl-7bc36abf-c66f-431a-931d-8c1e5526238d/datanode-3/data/ratis/e188baaa-bbe8-45a7-9241-ceca6c8660f8 for RaftStorage:Storage Directory /workdir/hadoop-ozone/integration-test/target/test-dir/MiniOzoneClusterImpl-7bc36abf-c66f-431a-931d-8c1e5526238d/datanode-3/data/ratis/e188baaa-bbe8-45a7-9241-ceca6c8660f8
2019-09-20 10:24:12,859 [pool-60-thread-1] INFO  server.RaftServerConfigKeys (ConfUtils.java:logGet(43)) - raft.server.log.queue.byte-limit = 2147483647 (custom)
2019-09-20 10:24:12,860 [pool-60-thread-1] INFO  server.RaftServerConfigKeys (ConfUtils.java:logGet(43)) - raft.server.log.queue.element-limit = 1024 (custom)
2019-09-20 10:24:12,860 [pool-60-thread-1] INFO  server.RaftServerConfigKeys (ConfUtils.java:logGet(43)) - raft.server.log.segment.size.max = 1048576 (custom)
2019-09-20 10:24:12,860 [pool-60-thread-1] INFO  server.RaftServerConfigKeys (ConfUtils.java:logGet(43)) - raft.server.log.preallocated.size = 16384 (custom)
2019-09-20 10:24:12,860 [pool-60-thread-1] INFO  server.RaftServerConfigKeys (ConfUtils.java:logGet(43)) - raft.server.log.write.buffer.size = 33554432 (custom)
2019-09-20 10:24:12,860 [pool-60-thread-1] INFO  server.RaftServerConfigKeys (ConfUtils.java:logGet(43)) - raft.server.log.force.sync.num = 128 (default)
2019-09-20 10:24:12,860 [pool-60-thread-1] INFO  server.RaftServerConfigKeys (ConfUtils.java:logGet(43)) - raft.server.log.statemachine.data.sync = true (default)
2019-09-20 10:24:12,861 [pool-60-thread-1] INFO  server.RaftServerConfigKeys (ConfUtils.java:logGet(43)) - raft.server.log.statemachine.data.sync.timeout = 10s (default)
2019-09-20 10:24:12,861 [pool-60-thread-1] INFO  server.RaftServerConfigKeys (ConfUtils.java:logGet(43)) - raft.server.log.statemachine.data.sync.timeout.retry = -1 (default)
2019-09-20 10:24:12,861 [pool-60-thread-1] INFO  server.RaftServerConfigKeys (ConfUtils.java:logGet(43)) - raft.server.log.statemachine.data.caching.enabled = true (custom)
2019-09-20 10:24:12,861 [pool-60-thread-1] INFO  segmented.SegmentedRaftLogWorker (SegmentedRaftLogWorker.java:lambda$new$0(132)) - c3e532f8-1a8e-44f3-b56b-d765aee893af-SegmentedRaftLogWorker:Storage Directory /workdir/hadoop-ozone/integration-test/target/test-dir/MiniOzoneClusterImpl-7bc36abf-c66f-431a-931d-8c1e5526238d/datanode-3/data/ratis/e188baaa-bbe8-45a7-9241-ceca6c8660f8: flushIndex: setUnconditionally 0 -> -1
2019-09-20 10:24:12,862 [pool-60-thread-1] INFO  server.RaftServerConfigKeys (ConfUtils.java:logGet(43)) - raft.server.snapshot.auto.trigger.enabled = true (custom)
2019-09-20 10:24:12,862 [pool-60-thread-1] INFO  server.RaftServerConfigKeys (ConfUtils.java:logGet(43)) - raft.server.snapshot.auto.trigger.threshold = 10000 (custom)
2019-09-20 10:24:12,862 [pool-60-thread-1] INFO  server.RaftServerConfigKeys (ConfUtils.java:logGet(43)) - raft.server.retrycache.expirytime = 600000ms (custom)
2019-09-20 10:24:12,862 [pool-60-thread-1] INFO  impl.RaftServerImpl (RaftServerImpl.java:start(180)) - c3e532f8-1a8e-44f3-b56b-d765aee893af: start group-CECA6C8660F8
2019-09-20 10:24:12,863 [pool-60-thread-1] INFO  impl.RaftServerImpl (RaftServerImpl.java:setRole(171)) - c3e532f8-1a8e-44f3-b56b-d765aee893af:group-CECA6C8660F8 changes role from null to FOLLOWER at term 0 for startAsFollower
2019-09-20 10:24:12,863 [pool-60-thread-1] INFO  impl.RoleInfo (RoleInfo.java:updateAndGet(143)) - c3e532f8-1a8e-44f3-b56b-d765aee893af: start FollowerState
2019-09-20 10:24:12,863 [pool-60-thread-1] INFO  util.JmxRegister (JmxRegister.java:tryRegister(44)) - Successfully registered JMX Bean with object name Ratis:service=RaftServer,group=group-CECA6C8660F8,id=c3e532f8-1a8e-44f3-b56b-d765aee893af
2019-09-20 10:24:12,874 [RatisPipelineUtilsThread] INFO  pipeline.PipelineStateManager (PipelineStateManager.java:addPipeline(56)) - Created pipeline Pipeline[ Id: e188baaa-bbe8-45a7-9241-ceca6c8660f8, Nodes: c3e532f8-1a8e-44f3-b56b-d765aee893af{ip: 192.168.36.99, host: pr-hdds-1569-p5fx8-1226042367, networkLocation: /default-rack, certSerialId: null}, Type:RATIS, Factor:ONE, State:OPEN]
2019-09-20 10:24:12,893 [grpc-default-executor-0] INFO  impl.RaftServerProxy (RaftServerProxy.java:addNew(89)) - 17e2ba94-38a1-40e7-84e0-f6802901db84: addNew group-41A652E449DE:[17e2ba94-38a1-40e7-84e0-f6802901db84:192.168.36.99:43716] returns group-41A652E449DE:java.util.concurrent.CompletableFuture@4b0238b5[Not completed]
2019-09-20 10:24:12,895 [pool-27-thread-1] INFO  impl.RaftServerImpl (RaftServerImpl.java:<init>(93)) - 17e2ba94-38a1-40e7-84e0-f6802901db84: new RaftServerImpl for group-41A652E449DE:[17e2ba94-38a1-40e7-84e0-f6802901db84:192.168.36.99:43716] with ContainerStateMachine:uninitialized
2019-09-20 10:24:12,895 [pool-27-thread-1] INFO  server.RaftServerConfigKeys (ConfUtils.java:logGet(43)) - raft.server.rpc.timeout.min = 1s (custom)
2019-09-20 10:24:12,895 [pool-27-thread-1] INFO  server.RaftServerConfigKeys (ConfUtils.java:logGet(43)) - raft.server.rpc.timeout.max = 1200ms (custom)
2019-09-20 10:24:12,895 [pool-27-thread-1] INFO  server.RaftServerConfigKeys (ConfUtils.java:logGet(43)) - raft.server.rpcslowness.timeout = 120s (custom)
2019-09-20 10:24:12,895 [pool-27-thread-1] INFO  server.RaftServerConfigKeys (ConfUtils.java:logGet(43)) - raft.server.sleep.deviation.threshold = 300 (default)
2019-09-20 10:24:12,896 [pool-27-thread-1] INFO  server.RaftServerConfigKeys (ConfUtils.java:logGet(43)) - raft.server.log.appender.install.snapshot.enabled = false (custom)
2019-09-20 10:24:12,896 [pool-27-thread-1] INFO  impl.RaftServerImpl (ServerState.java:<init>(105)) - 17e2ba94-38a1-40e7-84e0-f6802901db84:group-41A652E449DE ConfigurationManager, init=-1: [17e2ba94-38a1-40e7-84e0-f6802901db84:192.168.36.99:43716], old=null, confs=<EMPTY_MAP>
2019-09-20 10:24:12,896 [pool-27-thread-1] INFO  server.RaftServerConfigKeys (ConfUtils.java:logGet(43)) - raft.server.storage.dir = [/workdir/hadoop-ozone/integration-test/target/test-dir/MiniOzoneClusterImpl-7bc36abf-c66f-431a-931d-8c1e5526238d/datanode-0/data/ratis] (custom)
2019-09-20 10:24:12,896 [pool-27-thread-1] INFO  storage.RaftStorageDirectory (RaftStorageDirectory.java:analyzeStorage(246)) - The storage directory /workdir/hadoop-ozone/integration-test/target/test-dir/MiniOzoneClusterImpl-7bc36abf-c66f-431a-931d-8c1e5526238d/datanode-0/data/ratis/e0b0107e-cb26-4ee9-8d41-41a652e449de does not exist. Creating ...
2019-09-20 10:24:12,915 [Thread-242] INFO  impl.FollowerState (FollowerState.java:run(106)) - 66416d0b-a71c-4af1-ae3a-62ca63b880a3:group-EC5A2191FACA changes to CANDIDATE, lastRpcTime:1033, electionTimeout:1032ms
2019-09-20 10:24:12,916 [Thread-242] INFO  impl.RoleInfo (RoleInfo.java:shutdownFollowerState(121)) - 66416d0b-a71c-4af1-ae3a-62ca63b880a3: shutdown FollowerState
2019-09-20 10:24:12,916 [Thread-242] INFO  impl.RaftServerImpl (RaftServerImpl.java:setRole(171)) - 66416d0b-a71c-4af1-ae3a-62ca63b880a3:group-EC5A2191FACA changes role from FOLLOWER to CANDIDATE at term 0 for changeToCandidate
2019-09-20 10:24:12,917 [Thread-242] INFO  impl.RoleInfo (RoleInfo.java:updateAndGet(143)) - 66416d0b-a71c-4af1-ae3a-62ca63b880a3: start LeaderElection
2019-09-20 10:24:12,924 [pool-27-thread-1] INFO  storage.RaftStorageDirectory (RaftStorageDirectory.java:tryLock(328)) - Lock on /workdir/hadoop-ozone/integration-test/target/test-dir/MiniOzoneClusterImpl-7bc36abf-c66f-431a-931d-8c1e5526238d/datanode-0/data/ratis/e0b0107e-cb26-4ee9-8d41-41a652e449de/in_use.lock acquired by nodename 28506@pr-hdds-1569-p5fx8-1226042367
2019-09-20 10:24:12,967 [pool-27-thread-1] INFO  storage.RaftStorage (RaftStorage.java:format(72)) - Storage directory /workdir/hadoop-ozone/integration-test/target/test-dir/MiniOzoneClusterImpl-7bc36abf-c66f-431a-931d-8c1e5526238d/datanode-0/data/ratis/e0b0107e-cb26-4ee9-8d41-41a652e449de has been successfully formatted.
2019-09-20 10:24:12,967 [66416d0b-a71c-4af1-ae3a-62ca63b880a3:group-EC5A2191FACA:LeaderElection2] INFO  impl.LeaderElection (LeaderElection.java:askForVotes(181)) - 66416d0b-a71c-4af1-ae3a-62ca63b880a3:group-EC5A2191FACA:LeaderElection2: begin an election at term 1 for -1: [66416d0b-a71c-4af1-ae3a-62ca63b880a3:192.168.36.99:43326], old=null
2019-09-20 10:24:12,969 [pool-27-thread-1] INFO  ratis.ContainerStateMachine (ContainerStateMachine.java:loadSnapshot(226)) - group-41A652E449DE: The snapshot info is null. Setting the last applied indexto:(t:0, i:~)
2019-09-20 10:24:12,969 [66416d0b-a71c-4af1-ae3a-62ca63b880a3:group-EC5A2191FACA:LeaderElection2] INFO  impl.RoleInfo (RoleInfo.java:shutdownLeaderElection(134)) - 66416d0b-a71c-4af1-ae3a-62ca63b880a3: shutdown LeaderElection
2019-09-20 10:24:12,969 [pool-27-thread-1] INFO  server.RaftServerConfigKeys (ConfUtils.java:logGet(43)) - raft.server.leader.election.timeout = 120s (custom)
2019-09-20 10:24:12,969 [66416d0b-a71c-4af1-ae3a-62ca63b880a3:group-EC5A2191FACA:LeaderElection2] INFO  impl.RaftServerImpl (RaftServerImpl.java:setRole(171)) - 66416d0b-a71c-4af1-ae3a-62ca63b880a3:group-EC5A2191FACA changes role from CANDIDATE to LEADER at term 1 for changeToLeader
2019-09-20 10:24:12,969 [pool-27-thread-1] INFO  server.RaftServerConfigKeys (ConfUtils.java:logGet(43)) - raft.server.log.use.memory = false (default)
2019-09-20 10:24:12,969 [66416d0b-a71c-4af1-ae3a-62ca63b880a3:group-EC5A2191FACA:LeaderElection2] INFO  impl.RaftServerImpl (ServerState.java:setLeader(263)) - 66416d0b-a71c-4af1-ae3a-62ca63b880a3:group-EC5A2191FACA change Leader from null to 66416d0b-a71c-4af1-ae3a-62ca63b880a3 at term 1 for becomeLeader, leader elected after 1095ms
2019-09-20 10:24:12,969 [pool-27-thread-1] INFO  server.RaftServerConfigKeys (ConfUtils.java:logGet(43)) - raft.server.log.purge.gap = 1000000 (custom)
2019-09-20 10:24:12,971 [66416d0b-a71c-4af1-ae3a-62ca63b880a3:group-EC5A2191FACA:LeaderElection2] INFO  server.RaftServerConfigKeys (ConfUtils.java:logGet(43)) - raft.server.staging.catchup.gap = 1000 (default)
2019-09-20 10:24:12,971 [pool-27-thread-1] INFO  server.RaftServerConfigKeys (ConfUtils.java:logGet(43)) - raft.server.log.appender.buffer.byte-limit = 33554432 (custom)
2019-09-20 10:24:12,971 [66416d0b-a71c-4af1-ae3a-62ca63b880a3:group-EC5A2191FACA:LeaderElection2] INFO  server.RaftServerConfigKeys (ConfUtils.java:logGet(43)) - raft.server.rpc.sleep.time = 25ms (default)
2019-09-20 10:24:12,971 [pool-27-thread-1] INFO  server.RaftServerConfigKeys (ConfUtils.java:logGet(43)) - raft.server.log.segment.size.max = 1048576 (custom)
2019-09-20 10:24:12,972 [66416d0b-a71c-4af1-ae3a-62ca63b880a3:group-EC5A2191FACA:LeaderElection2] INFO  server.RaftServerConfigKeys (ConfUtils.java:logGet(43)) - raft.server.write.element-limit = 4096 (default)
2019-09-20 10:24:12,972 [pool-27-thread-1] INFO  server.RaftServerConfigKeys (ConfUtils.java:logGet(43)) - raft.server.log.segment.cache.num.max = 2 (custom)
2019-09-20 10:24:12,972 [66416d0b-a71c-4af1-ae3a-62ca63b880a3:group-EC5A2191FACA:LeaderElection2] INFO  server.RaftServerConfigKeys (ConfUtils.java:logGet(43)) - raft.server.watch.timeout = 10s (default)
2019-09-20 10:24:12,972 [pool-27-thread-1] INFO  segmented.SegmentedRaftLogWorker (SegmentedRaftLogWorker.java:<init>(172)) - new 17e2ba94-38a1-40e7-84e0-f6802901db84-SegmentedRaftLogWorker:Storage Directory /workdir/hadoop-ozone/integration-test/target/test-dir/MiniOzoneClusterImpl-7bc36abf-c66f-431a-931d-8c1e5526238d/datanode-0/data/ratis/e0b0107e-cb26-4ee9-8d41-41a652e449de for RaftStorage:Storage Directory /workdir/hadoop-ozone/integration-test/target/test-dir/MiniOzoneClusterImpl-7bc36abf-c66f-431a-931d-8c1e5526238d/datanode-0/data/ratis/e0b0107e-cb26-4ee9-8d41-41a652e449de
2019-09-20 10:24:12,972 [66416d0b-a71c-4af1-ae3a-62ca63b880a3:group-EC5A2191FACA:LeaderElection2] INFO  server.RaftServerConfigKeys (ConfUtils.java:logGet(43)) - raft.server.watch.timeout.denomination = 1s (default)
2019-09-20 10:24:12,972 [pool-27-thread-1] INFO  server.RaftServerConfigKeys (ConfUtils.java:logGet(43)) - raft.server.log.queue.byte-limit = 2147483647 (custom)
2019-09-20 10:24:12,974 [66416d0b-a71c-4af1-ae3a-62ca63b880a3:group-EC5A2191FACA:LeaderElection2] INFO  server.RaftServerConfigKeys (ConfUtils.java:logGet(43)) - raft.server.watch.element-limit = 65536 (default)
2019-09-20 10:24:12,974 [pool-27-thread-1] INFO  server.RaftServerConfigKeys (ConfUtils.java:logGet(43)) - raft.server.log.queue.element-limit = 1024 (custom)
2019-09-20 10:24:12,974 [66416d0b-a71c-4af1-ae3a-62ca63b880a3:group-EC5A2191FACA:LeaderElection2] INFO  impl.RoleInfo (RoleInfo.java:updateAndGet(143)) - 66416d0b-a71c-4af1-ae3a-62ca63b880a3: start LeaderState
2019-09-20 10:24:12,974 [pool-27-thread-1] INFO  server.RaftServerConfigKeys (ConfUtils.java:logGet(43)) - raft.server.log.segment.size.max = 1048576 (custom)
2019-09-20 10:24:12,975 [66416d0b-a71c-4af1-ae3a-62ca63b880a3:group-EC5A2191FACA:LeaderElection2] INFO  segmented.SegmentedRaftLogWorker (SegmentedRaftLogWorker.java:startLogSegment(380)) - 66416d0b-a71c-4af1-ae3a-62ca63b880a3-SegmentedRaftLogWorker:Storage Directory /workdir/hadoop-ozone/integration-test/target/test-dir/MiniOzoneClusterImpl-7bc36abf-c66f-431a-931d-8c1e5526238d/datanode-2/data/ratis/b39e3de4-6cdf-416f-a6d7-ec5a2191faca: Starting segment from index:0
2019-09-20 10:24:12,975 [pool-27-thread-1] INFO  server.RaftServerConfigKeys (ConfUtils.java:logGet(43)) - raft.server.log.preallocated.size = 16384 (custom)
2019-09-20 10:24:12,975 [pool-27-thread-1] INFO  server.RaftServerConfigKeys (ConfUtils.java:logGet(43)) - raft.server.log.write.buffer.size = 33554432 (custom)
2019-09-20 10:24:12,975 [pool-27-thread-1] INFO  server.RaftServerConfigKeys (ConfUtils.java:logGet(43)) - raft.server.log.force.sync.num = 128 (default)
2019-09-20 10:24:12,975 [66416d0b-a71c-4af1-ae3a-62ca63b880a3:group-EC5A2191FACA:LeaderElection2] INFO  impl.RaftServerImpl (ServerState.java:setRaftConf(361)) - 66416d0b-a71c-4af1-ae3a-62ca63b880a3:group-EC5A2191FACA set configuration 0: [66416d0b-a71c-4af1-ae3a-62ca63b880a3:192.168.36.99:43326], old=null at 0
2019-09-20 10:24:12,975 [pool-27-thread-1] INFO  server.RaftServerConfigKeys (ConfUtils.java:logGet(43)) - raft.server.log.statemachine.data.sync = true (default)
2019-09-20 10:24:12,977 [pool-27-thread-1] INFO  server.RaftServerConfigKeys (ConfUtils.java:logGet(43)) - raft.server.log.statemachine.data.sync.timeout = 10s (default)
2019-09-20 10:24:12,977 [pool-27-thread-1] INFO  server.RaftServerConfigKeys (ConfUtils.java:logGet(43)) - raft.server.log.statemachine.data.sync.timeout.retry = -1 (default)
2019-09-20 10:24:12,978 [pool-27-thread-1] INFO  server.RaftServerConfigKeys (ConfUtils.java:logGet(43)) - raft.server.log.statemachine.data.caching.enabled = true (custom)
2019-09-20 10:24:12,978 [pool-27-thread-1] INFO  segmented.SegmentedRaftLogWorker (SegmentedRaftLogWorker.java:lambda$new$0(132)) - 17e2ba94-38a1-40e7-84e0-f6802901db84-SegmentedRaftLogWorker:Storage Directory /workdir/hadoop-ozone/integration-test/target/test-dir/MiniOzoneClusterImpl-7bc36abf-c66f-431a-931d-8c1e5526238d/datanode-0/data/ratis/e0b0107e-cb26-4ee9-8d41-41a652e449de: flushIndex: setUnconditionally 0 -> -1
2019-09-20 10:24:12,979 [pool-27-thread-1] INFO  server.RaftServerConfigKeys (ConfUtils.java:logGet(43)) - raft.server.snapshot.auto.trigger.enabled = true (custom)
2019-09-20 10:24:12,979 [pool-27-thread-1] INFO  server.RaftServerConfigKeys (ConfUtils.java:logGet(43)) - raft.server.snapshot.auto.trigger.threshold = 10000 (custom)
2019-09-20 10:24:12,979 [pool-27-thread-1] INFO  server.RaftServerConfigKeys (ConfUtils.java:logGet(43)) - raft.server.retrycache.expirytime = 600000ms (custom)
2019-09-20 10:24:12,981 [pool-27-thread-1] INFO  impl.RaftServerImpl (RaftServerImpl.java:start(180)) - 17e2ba94-38a1-40e7-84e0-f6802901db84: start group-41A652E449DE
2019-09-20 10:24:12,981 [pool-27-thread-1] INFO  impl.RaftServerImpl (RaftServerImpl.java:setRole(171)) - 17e2ba94-38a1-40e7-84e0-f6802901db84:group-41A652E449DE changes role from null to FOLLOWER at term 0 for startAsFollower
2019-09-20 10:24:12,981 [pool-27-thread-1] INFO  impl.RoleInfo (RoleInfo.java:updateAndGet(143)) - 17e2ba94-38a1-40e7-84e0-f6802901db84: start FollowerState
2019-09-20 10:24:12,982 [pool-27-thread-1] INFO  util.JmxRegister (JmxRegister.java:tryRegister(44)) - Successfully registered JMX Bean with object name Ratis:service=RaftServer,group=group-41A652E449DE,id=17e2ba94-38a1-40e7-84e0-f6802901db84
2019-09-20 10:24:12,994 [RatisPipelineUtilsThread] INFO  pipeline.PipelineStateManager (PipelineStateManager.java:addPipeline(56)) - Created pipeline Pipeline[ Id: e0b0107e-cb26-4ee9-8d41-41a652e449de, Nodes: 17e2ba94-38a1-40e7-84e0-f6802901db84{ip: 192.168.36.99, host: pr-hdds-1569-p5fx8-1226042367, networkLocation: /default-rack, certSerialId: null}, Type:RATIS, Factor:ONE, State:OPEN]
2019-09-20 10:24:13,003 [Thread-245] INFO  impl.FollowerState (FollowerState.java:run(106)) - c3e532f8-1a8e-44f3-b56b-d765aee893af:group-F3F4F008380C changes to CANDIDATE, lastRpcTime:1004, electionTimeout:1004ms
2019-09-20 10:24:13,006 [Thread-245] INFO  impl.RoleInfo (RoleInfo.java:shutdownFollowerState(121)) - c3e532f8-1a8e-44f3-b56b-d765aee893af: shutdown FollowerState
2019-09-20 10:24:13,006 [Thread-245] INFO  impl.RaftServerImpl (RaftServerImpl.java:setRole(171)) - c3e532f8-1a8e-44f3-b56b-d765aee893af:group-F3F4F008380C changes role from FOLLOWER to CANDIDATE at term 0 for changeToCandidate
2019-09-20 10:24:13,006 [Thread-245] INFO  impl.RoleInfo (RoleInfo.java:updateAndGet(143)) - c3e532f8-1a8e-44f3-b56b-d765aee893af: start LeaderElection
2019-09-20 10:24:13,006 [grpc-default-executor-0] INFO  impl.RaftServerProxy (RaftServerProxy.java:addNew(89)) - 17e2ba94-38a1-40e7-84e0-f6802901db84: addNew group-798D74A13463:[17e2ba94-38a1-40e7-84e0-f6802901db84:192.168.36.99:43716] returns group-798D74A13463:java.util.concurrent.CompletableFuture@51b74428[Not completed]
2019-09-20 10:24:13,012 [pool-27-thread-1] INFO  impl.RaftServerImpl (RaftServerImpl.java:<init>(93)) - 17e2ba94-38a1-40e7-84e0-f6802901db84: new RaftServerImpl for group-798D74A13463:[17e2ba94-38a1-40e7-84e0-f6802901db84:192.168.36.99:43716] with ContainerStateMachine:uninitialized
2019-09-20 10:24:13,012 [pool-27-thread-1] INFO  server.RaftServerConfigKeys (ConfUtils.java:logGet(43)) - raft.server.rpc.timeout.min = 1s (custom)
2019-09-20 10:24:13,012 [pool-27-thread-1] INFO  server.RaftServerConfigKeys (ConfUtils.java:logGet(43)) - raft.server.rpc.timeout.max = 1200ms (custom)
2019-09-20 10:24:13,012 [pool-27-thread-1] INFO  server.RaftServerConfigKeys (ConfUtils.java:logGet(43)) - raft.server.rpcslowness.timeout = 120s (custom)
2019-09-20 10:24:13,012 [pool-27-thread-1] INFO  server.RaftServerConfigKeys (ConfUtils.java:logGet(43)) - raft.server.sleep.deviation.threshold = 300 (default)
2019-09-20 10:24:13,013 [pool-27-thread-1] INFO  server.RaftServerConfigKeys (ConfUtils.java:logGet(43)) - raft.server.log.appender.install.snapshot.enabled = false (custom)
2019-09-20 10:24:13,013 [pool-27-thread-1] INFO  impl.RaftServerImpl (ServerState.java:<init>(105)) - 17e2ba94-38a1-40e7-84e0-f6802901db84:group-798D74A13463 ConfigurationManager, init=-1: [17e2ba94-38a1-40e7-84e0-f6802901db84:192.168.36.99:43716], old=null, confs=<EMPTY_MAP>
2019-09-20 10:24:13,013 [pool-27-thread-1] INFO  server.RaftServerConfigKeys (ConfUtils.java:logGet(43)) - raft.server.storage.dir = [/workdir/hadoop-ozone/integration-test/target/test-dir/MiniOzoneClusterImpl-7bc36abf-c66f-431a-931d-8c1e5526238d/datanode-0/data/ratis] (custom)
2019-09-20 10:24:13,013 [pool-27-thread-1] INFO  storage.RaftStorageDirectory (RaftStorageDirectory.java:analyzeStorage(246)) - The storage directory /workdir/hadoop-ozone/integration-test/target/test-dir/MiniOzoneClusterImpl-7bc36abf-c66f-431a-931d-8c1e5526238d/datanode-0/data/ratis/35877b3f-e2af-487a-a6b1-798d74a13463 does not exist. Creating ...
2019-09-20 10:24:13,034 [pool-27-thread-1] INFO  storage.RaftStorageDirectory (RaftStorageDirectory.java:tryLock(328)) - Lock on /workdir/hadoop-ozone/integration-test/target/test-dir/MiniOzoneClusterImpl-7bc36abf-c66f-431a-931d-8c1e5526238d/datanode-0/data/ratis/35877b3f-e2af-487a-a6b1-798d74a13463/in_use.lock acquired by nodename 28506@pr-hdds-1569-p5fx8-1226042367
2019-09-20 10:24:13,034 [c3e532f8-1a8e-44f3-b56b-d765aee893af:group-F3F4F008380C:LeaderElection3] INFO  impl.LeaderElection (LeaderElection.java:askForVotes(181)) - c3e532f8-1a8e-44f3-b56b-d765aee893af:group-F3F4F008380C:LeaderElection3: begin an election at term 1 for -1: [c3e532f8-1a8e-44f3-b56b-d765aee893af:192.168.36.99:34965], old=null
2019-09-20 10:24:13,034 [c3e532f8-1a8e-44f3-b56b-d765aee893af:group-F3F4F008380C:LeaderElection3] INFO  impl.RoleInfo (RoleInfo.java:shutdownLeaderElection(134)) - c3e532f8-1a8e-44f3-b56b-d765aee893af: shutdown LeaderElection
2019-09-20 10:24:13,034 [c3e532f8-1a8e-44f3-b56b-d765aee893af:group-F3F4F008380C:LeaderElection3] INFO  impl.RaftServerImpl (RaftServerImpl.java:setRole(171)) - c3e532f8-1a8e-44f3-b56b-d765aee893af:group-F3F4F008380C changes role from CANDIDATE to LEADER at term 1 for changeToLeader
2019-09-20 10:24:13,035 [c3e532f8-1a8e-44f3-b56b-d765aee893af:group-F3F4F008380C:LeaderElection3] INFO  impl.RaftServerImpl (ServerState.java:setLeader(263)) - c3e532f8-1a8e-44f3-b56b-d765aee893af:group-F3F4F008380C change Leader from null to c3e532f8-1a8e-44f3-b56b-d765aee893af at term 1 for becomeLeader, leader elected after 1043ms
2019-09-20 10:24:13,036 [c3e532f8-1a8e-44f3-b56b-d765aee893af:group-F3F4F008380C:LeaderElection3] INFO  server.RaftServerConfigKeys (ConfUtils.java:logGet(43)) - raft.server.staging.catchup.gap = 1000 (default)
2019-09-20 10:24:13,036 [c3e532f8-1a8e-44f3-b56b-d765aee893af:group-F3F4F008380C:LeaderElection3] INFO  server.RaftServerConfigKeys (ConfUtils.java:logGet(43)) - raft.server.rpc.sleep.time = 25ms (default)
2019-09-20 10:24:13,036 [c3e532f8-1a8e-44f3-b56b-d765aee893af:group-F3F4F008380C:LeaderElection3] INFO  server.RaftServerConfigKeys (ConfUtils.java:logGet(43)) - raft.server.write.element-limit = 4096 (default)
2019-09-20 10:24:13,037 [c3e532f8-1a8e-44f3-b56b-d765aee893af:group-F3F4F008380C:LeaderElection3] INFO  server.RaftServerConfigKeys (ConfUtils.java:logGet(43)) - raft.server.watch.timeout = 10s (default)
2019-09-20 10:24:13,037 [c3e532f8-1a8e-44f3-b56b-d765aee893af:group-F3F4F008380C:LeaderElection3] INFO  server.RaftServerConfigKeys (ConfUtils.java:logGet(43)) - raft.server.watch.timeout.denomination = 1s (default)
2019-09-20 10:24:13,037 [c3e532f8-1a8e-44f3-b56b-d765aee893af:group-F3F4F008380C:LeaderElection3] INFO  server.RaftServerConfigKeys (ConfUtils.java:logGet(43)) - raft.server.watch.element-limit = 65536 (default)
2019-09-20 10:24:13,037 [c3e532f8-1a8e-44f3-b56b-d765aee893af:group-F3F4F008380C:LeaderElection3] INFO  impl.RoleInfo (RoleInfo.java:updateAndGet(143)) - c3e532f8-1a8e-44f3-b56b-d765aee893af: start LeaderState
2019-09-20 10:24:13,037 [c3e532f8-1a8e-44f3-b56b-d765aee893af:group-F3F4F008380C:LeaderElection3] INFO  segmented.SegmentedRaftLogWorker (SegmentedRaftLogWorker.java:startLogSegment(380)) - c3e532f8-1a8e-44f3-b56b-d765aee893af-SegmentedRaftLogWorker:Storage Directory /workdir/hadoop-ozone/integration-test/target/test-dir/MiniOzoneClusterImpl-7bc36abf-c66f-431a-931d-8c1e5526238d/datanode-3/data/ratis/71b83e70-d4e7-41bc-8fe9-f3f4f008380c: Starting segment from index:0
2019-09-20 10:24:13,038 [c3e532f8-1a8e-44f3-b56b-d765aee893af:group-F3F4F008380C:LeaderElection3] INFO  impl.RaftServerImpl (ServerState.java:setRaftConf(361)) - c3e532f8-1a8e-44f3-b56b-d765aee893af:group-F3F4F008380C set configuration 0: [c3e532f8-1a8e-44f3-b56b-d765aee893af:192.168.36.99:34965], old=null at 0
2019-09-20 10:24:13,060 [pool-27-thread-1] INFO  storage.RaftStorage (RaftStorage.java:format(72)) - Storage directory /workdir/hadoop-ozone/integration-test/target/test-dir/MiniOzoneClusterImpl-7bc36abf-c66f-431a-931d-8c1e5526238d/datanode-0/data/ratis/35877b3f-e2af-487a-a6b1-798d74a13463 has been successfully formatted.
2019-09-20 10:24:13,060 [pool-27-thread-1] INFO  ratis.ContainerStateMachine (ContainerStateMachine.java:loadSnapshot(226)) - group-798D74A13463: The snapshot info is null. Setting the last applied indexto:(t:0, i:~)
2019-09-20 10:24:13,060 [pool-27-thread-1] INFO  server.RaftServerConfigKeys (ConfUtils.java:logGet(43)) - raft.server.leader.election.timeout = 120s (custom)
2019-09-20 10:24:13,061 [pool-27-thread-1] INFO  server.RaftServerConfigKeys (ConfUtils.java:logGet(43)) - raft.server.log.use.memory = false (default)
2019-09-20 10:24:13,061 [pool-27-thread-1] INFO  server.RaftServerConfigKeys (ConfUtils.java:logGet(43)) - raft.server.log.purge.gap = 1000000 (custom)
2019-09-20 10:24:13,061 [pool-27-thread-1] INFO  server.RaftServerConfigKeys (ConfUtils.java:logGet(43)) - raft.server.log.appender.buffer.byte-limit = 33554432 (custom)
2019-09-20 10:24:13,061 [pool-27-thread-1] INFO  server.RaftServerConfigKeys (ConfUtils.java:logGet(43)) - raft.server.log.segment.size.max = 1048576 (custom)
2019-09-20 10:24:13,061 [pool-27-thread-1] INFO  server.RaftServerConfigKeys (ConfUtils.java:logGet(43)) - raft.server.log.segment.cache.num.max = 2 (custom)
2019-09-20 10:24:13,062 [pool-27-thread-1] INFO  segmented.SegmentedRaftLogWorker (SegmentedRaftLogWorker.java:<init>(172)) - new 17e2ba94-38a1-40e7-84e0-f6802901db84-SegmentedRaftLogWorker:Storage Directory /workdir/hadoop-ozone/integration-test/target/test-dir/MiniOzoneClusterImpl-7bc36abf-c66f-431a-931d-8c1e5526238d/datanode-0/data/ratis/35877b3f-e2af-487a-a6b1-798d74a13463 for RaftStorage:Storage Directory /workdir/hadoop-ozone/integration-test/target/test-dir/MiniOzoneClusterImpl-7bc36abf-c66f-431a-931d-8c1e5526238d/datanode-0/data/ratis/35877b3f-e2af-487a-a6b1-798d74a13463
2019-09-20 10:24:13,062 [pool-27-thread-1] INFO  server.RaftServerConfigKeys (ConfUtils.java:logGet(43)) - raft.server.log.queue.byte-limit = 2147483647 (custom)
2019-09-20 10:24:13,062 [pool-27-thread-1] INFO  server.RaftServerConfigKeys (ConfUtils.java:logGet(43)) - raft.server.log.queue.element-limit = 1024 (custom)
2019-09-20 10:24:13,062 [pool-27-thread-1] INFO  server.RaftServerConfigKeys (ConfUtils.java:logGet(43)) - raft.server.log.segment.size.max = 1048576 (custom)
2019-09-20 10:24:13,062 [pool-27-thread-1] INFO  server.RaftServerConfigKeys (ConfUtils.java:logGet(43)) - raft.server.log.preallocated.size = 16384 (custom)
2019-09-20 10:24:13,062 [pool-27-thread-1] INFO  server.RaftServerConfigKeys (ConfUtils.java:logGet(43)) - raft.server.log.write.buffer.size = 33554432 (custom)
2019-09-20 10:24:13,062 [pool-27-thread-1] INFO  server.RaftServerConfigKeys (ConfUtils.java:logGet(43)) - raft.server.log.force.sync.num = 128 (default)
2019-09-20 10:24:13,063 [pool-27-thread-1] INFO  server.RaftServerConfigKeys (ConfUtils.java:logGet(43)) - raft.server.log.statemachine.data.sync = true (default)
2019-09-20 10:24:13,063 [pool-27-thread-1] INFO  server.RaftServerConfigKeys (ConfUtils.java:logGet(43)) - raft.server.log.statemachine.data.sync.timeout = 10s (default)
2019-09-20 10:24:13,063 [pool-27-thread-1] INFO  server.RaftServerConfigKeys (ConfUtils.java:logGet(43)) - raft.server.log.statemachine.data.sync.timeout.retry = -1 (default)
2019-09-20 10:24:13,063 [pool-27-thread-1] INFO  server.RaftServerConfigKeys (ConfUtils.java:logGet(43)) - raft.server.log.statemachine.data.caching.enabled = true (custom)
2019-09-20 10:24:13,064 [pool-27-thread-1] INFO  segmented.SegmentedRaftLogWorker (SegmentedRaftLogWorker.java:lambda$new$0(132)) - 17e2ba94-38a1-40e7-84e0-f6802901db84-SegmentedRaftLogWorker:Storage Directory /workdir/hadoop-ozone/integration-test/target/test-dir/MiniOzoneClusterImpl-7bc36abf-c66f-431a-931d-8c1e5526238d/datanode-0/data/ratis/35877b3f-e2af-487a-a6b1-798d74a13463: flushIndex: setUnconditionally 0 -> -1
2019-09-20 10:24:13,064 [pool-27-thread-1] INFO  server.RaftServerConfigKeys (ConfUtils.java:logGet(43)) - raft.server.snapshot.auto.trigger.enabled = true (custom)
2019-09-20 10:24:13,064 [pool-27-thread-1] INFO  server.RaftServerConfigKeys (ConfUtils.java:logGet(43)) - raft.server.snapshot.auto.trigger.threshold = 10000 (custom)
2019-09-20 10:24:13,065 [pool-27-thread-1] INFO  server.RaftServerConfigKeys (ConfUtils.java:logGet(43)) - raft.server.retrycache.expirytime = 600000ms (custom)
2019-09-20 10:24:13,065 [pool-27-thread-1] INFO  impl.RaftServerImpl (RaftServerImpl.java:start(180)) - 17e2ba94-38a1-40e7-84e0-f6802901db84: start group-798D74A13463
2019-09-20 10:24:13,065 [pool-27-thread-1] INFO  impl.RaftServerImpl (RaftServerImpl.java:setRole(171)) - 17e2ba94-38a1-40e7-84e0-f6802901db84:group-798D74A13463 changes role from null to FOLLOWER at term 0 for startAsFollower
2019-09-20 10:24:13,065 [pool-27-thread-1] INFO  impl.RoleInfo (RoleInfo.java:updateAndGet(143)) - 17e2ba94-38a1-40e7-84e0-f6802901db84: start FollowerState
2019-09-20 10:24:13,066 [pool-27-thread-1] INFO  util.JmxRegister (JmxRegister.java:tryRegister(44)) - Successfully registered JMX Bean with object name Ratis:service=RaftServer,group=group-798D74A13463,id=17e2ba94-38a1-40e7-84e0-f6802901db84
2019-09-20 10:24:13,094 [RatisPipelineUtilsThread] INFO  pipeline.PipelineStateManager (PipelineStateManager.java:addPipeline(56)) - Created pipeline Pipeline[ Id: 35877b3f-e2af-487a-a6b1-798d74a13463, Nodes: 17e2ba94-38a1-40e7-84e0-f6802901db84{ip: 192.168.36.99, host: pr-hdds-1569-p5fx8-1226042367, networkLocation: /default-rack, certSerialId: null}, Type:RATIS, Factor:ONE, State:OPEN]
2019-09-20 10:24:13,109 [grpc-default-executor-0] INFO  impl.RaftServerProxy (RaftServerProxy.java:addNew(89)) - c3e532f8-1a8e-44f3-b56b-d765aee893af: addNew group-7A786B9CB513:[c3e532f8-1a8e-44f3-b56b-d765aee893af:192.168.36.99:34965] returns group-7A786B9CB513:java.util.concurrent.CompletableFuture@34aed1db[Not completed]
2019-09-20 10:24:13,111 [pool-60-thread-1] INFO  impl.RaftServerImpl (RaftServerImpl.java:<init>(93)) - c3e532f8-1a8e-44f3-b56b-d765aee893af: new RaftServerImpl for group-7A786B9CB513:[c3e532f8-1a8e-44f3-b56b-d765aee893af:192.168.36.99:34965] with ContainerStateMachine:uninitialized
2019-09-20 10:24:13,112 [pool-60-thread-1] INFO  server.RaftServerConfigKeys (ConfUtils.java:logGet(43)) - raft.server.rpc.timeout.min = 1s (custom)
2019-09-20 10:24:13,112 [pool-60-thread-1] INFO  server.RaftServerConfigKeys (ConfUtils.java:logGet(43)) - raft.server.rpc.timeout.max = 1200ms (custom)
2019-09-20 10:24:13,112 [pool-60-thread-1] INFO  server.RaftServerConfigKeys (ConfUtils.java:logGet(43)) - raft.server.rpcslowness.timeout = 120s (custom)
2019-09-20 10:24:13,112 [pool-60-thread-1] INFO  server.RaftServerConfigKeys (ConfUtils.java:logGet(43)) - raft.server.sleep.deviation.threshold = 300 (default)
2019-09-20 10:24:13,112 [pool-60-thread-1] INFO  server.RaftServerConfigKeys (ConfUtils.java:logGet(43)) - raft.server.log.appender.install.snapshot.enabled = false (custom)
2019-09-20 10:24:13,112 [pool-60-thread-1] INFO  impl.RaftServerImpl (ServerState.java:<init>(105)) - c3e532f8-1a8e-44f3-b56b-d765aee893af:group-7A786B9CB513 ConfigurationManager, init=-1: [c3e532f8-1a8e-44f3-b56b-d765aee893af:192.168.36.99:34965], old=null, confs=<EMPTY_MAP>
2019-09-20 10:24:13,113 [pool-60-thread-1] INFO  server.RaftServerConfigKeys (ConfUtils.java:logGet(43)) - raft.server.storage.dir = [/workdir/hadoop-ozone/integration-test/target/test-dir/MiniOzoneClusterImpl-7bc36abf-c66f-431a-931d-8c1e5526238d/datanode-3/data/ratis] (custom)
2019-09-20 10:24:13,113 [pool-60-thread-1] INFO  storage.RaftStorageDirectory (RaftStorageDirectory.java:analyzeStorage(246)) - The storage directory /workdir/hadoop-ozone/integration-test/target/test-dir/MiniOzoneClusterImpl-7bc36abf-c66f-431a-931d-8c1e5526238d/datanode-3/data/ratis/85a97e28-5775-4b27-85f0-7a786b9cb513 does not exist. Creating ...
2019-09-20 10:24:13,119 [66416d0b-a71c-4af1-ae3a-62ca63b880a3-SegmentedRaftLogWorker:Storage Directory /workdir/hadoop-ozone/integration-test/target/test-dir/MiniOzoneClusterImpl-7bc36abf-c66f-431a-931d-8c1e5526238d/datanode-2/data/ratis/b39e3de4-6cdf-416f-a6d7-ec5a2191faca] INFO  segmented.SegmentedRaftLogWorker (SegmentedRaftLogWorker.java:execute(569)) - 66416d0b-a71c-4af1-ae3a-62ca63b880a3-SegmentedRaftLogWorker:Storage Directory /workdir/hadoop-ozone/integration-test/target/test-dir/MiniOzoneClusterImpl-7bc36abf-c66f-431a-931d-8c1e5526238d/datanode-2/data/ratis/b39e3de4-6cdf-416f-a6d7-ec5a2191faca: created new log segment /workdir/hadoop-ozone/integration-test/target/test-dir/MiniOzoneClusterImpl-7bc36abf-c66f-431a-931d-8c1e5526238d/datanode-2/data/ratis/b39e3de4-6cdf-416f-a6d7-ec5a2191faca/current/log_inprogress_0
2019-09-20 10:24:13,119 [c3e532f8-1a8e-44f3-b56b-d765aee893af-SegmentedRaftLogWorker:Storage Directory /workdir/hadoop-ozone/integration-test/target/test-dir/MiniOzoneClusterImpl-7bc36abf-c66f-431a-931d-8c1e5526238d/datanode-3/data/ratis/71b83e70-d4e7-41bc-8fe9-f3f4f008380c] INFO  segmented.SegmentedRaftLogWorker (SegmentedRaftLogWorker.java:execute(569)) - c3e532f8-1a8e-44f3-b56b-d765aee893af-SegmentedRaftLogWorker:Storage Directory /workdir/hadoop-ozone/integration-test/target/test-dir/MiniOzoneClusterImpl-7bc36abf-c66f-431a-931d-8c1e5526238d/datanode-3/data/ratis/71b83e70-d4e7-41bc-8fe9-f3f4f008380c: created new log segment /workdir/hadoop-ozone/integration-test/target/test-dir/MiniOzoneClusterImpl-7bc36abf-c66f-431a-931d-8c1e5526238d/datanode-3/data/ratis/71b83e70-d4e7-41bc-8fe9-f3f4f008380c/current/log_inprogress_0
2019-09-20 10:24:13,119 [17e2ba94-38a1-40e7-84e0-f6802901db84-SegmentedRaftLogWorker:Storage Directory /workdir/hadoop-ozone/integration-test/target/test-dir/MiniOzoneClusterImpl-7bc36abf-c66f-431a-931d-8c1e5526238d/datanode-0/data/ratis/c5ef87eb-8b86-4d5d-b199-c08a42a4230d] INFO  segmented.SegmentedRaftLogWorker (SegmentedRaftLogWorker.java:execute(569)) - 17e2ba94-38a1-40e7-84e0-f6802901db84-SegmentedRaftLogWorker:Storage Directory /workdir/hadoop-ozone/integration-test/target/test-dir/MiniOzoneClusterImpl-7bc36abf-c66f-431a-931d-8c1e5526238d/datanode-0/data/ratis/c5ef87eb-8b86-4d5d-b199-c08a42a4230d: created new log segment /workdir/hadoop-ozone/integration-test/target/test-dir/MiniOzoneClusterImpl-7bc36abf-c66f-431a-931d-8c1e5526238d/datanode-0/data/ratis/c5ef87eb-8b86-4d5d-b199-c08a42a4230d/current/log_inprogress_0
2019-09-20 10:24:13,135 [pool-60-thread-1] INFO  storage.RaftStorageDirectory (RaftStorageDirectory.java:tryLock(328)) - Lock on /workdir/hadoop-ozone/integration-test/target/test-dir/MiniOzoneClusterImpl-7bc36abf-c66f-431a-931d-8c1e5526238d/datanode-3/data/ratis/85a97e28-5775-4b27-85f0-7a786b9cb513/in_use.lock acquired by nodename 28506@pr-hdds-1569-p5fx8-1226042367
2019-09-20 10:24:13,186 [pool-60-thread-1] INFO  storage.RaftStorage (RaftStorage.java:format(72)) - Storage directory /workdir/hadoop-ozone/integration-test/target/test-dir/MiniOzoneClusterImpl-7bc36abf-c66f-431a-931d-8c1e5526238d/datanode-3/data/ratis/85a97e28-5775-4b27-85f0-7a786b9cb513 has been successfully formatted.
2019-09-20 10:24:13,186 [pool-60-thread-1] INFO  ratis.ContainerStateMachine (ContainerStateMachine.java:loadSnapshot(226)) - group-7A786B9CB513: The snapshot info is null. Setting the last applied indexto:(t:0, i:~)
2019-09-20 10:24:13,187 [pool-60-thread-1] INFO  server.RaftServerConfigKeys (ConfUtils.java:logGet(43)) - raft.server.leader.election.timeout = 120s (custom)
2019-09-20 10:24:13,187 [pool-60-thread-1] INFO  server.RaftServerConfigKeys (ConfUtils.java:logGet(43)) - raft.server.log.use.memory = false (default)
2019-09-20 10:24:13,187 [pool-60-thread-1] INFO  server.RaftServerConfigKeys (ConfUtils.java:logGet(43)) - raft.server.log.purge.gap = 1000000 (custom)
2019-09-20 10:24:13,187 [pool-60-thread-1] INFO  server.RaftServerConfigKeys (ConfUtils.java:logGet(43)) - raft.server.log.appender.buffer.byte-limit = 33554432 (custom)
2019-09-20 10:24:13,187 [pool-60-thread-1] INFO  server.RaftServerConfigKeys (ConfUtils.java:logGet(43)) - raft.server.log.segment.size.max = 1048576 (custom)
2019-09-20 10:24:13,187 [pool-60-thread-1] INFO  server.RaftServerConfigKeys (ConfUtils.java:logGet(43)) - raft.server.log.segment.cache.num.max = 2 (custom)
2019-09-20 10:24:13,187 [pool-60-thread-1] INFO  segmented.SegmentedRaftLogWorker (SegmentedRaftLogWorker.java:<init>(172)) - new c3e532f8-1a8e-44f3-b56b-d765aee893af-SegmentedRaftLogWorker:Storage Directory /workdir/hadoop-ozone/integration-test/target/test-dir/MiniOzoneClusterImpl-7bc36abf-c66f-431a-931d-8c1e5526238d/datanode-3/data/ratis/85a97e28-5775-4b27-85f0-7a786b9cb513 for RaftStorage:Storage Directory /workdir/hadoop-ozone/integration-test/target/test-dir/MiniOzoneClusterImpl-7bc36abf-c66f-431a-931d-8c1e5526238d/datanode-3/data/ratis/85a97e28-5775-4b27-85f0-7a786b9cb513
2019-09-20 10:24:13,188 [pool-60-thread-1] INFO  server.RaftServerConfigKeys (ConfUtils.java:logGet(43)) - raft.server.log.queue.byte-limit = 2147483647 (custom)
2019-09-20 10:24:13,188 [pool-60-thread-1] INFO  server.RaftServerConfigKeys (ConfUtils.java:logGet(43)) - raft.server.log.queue.element-limit = 1024 (custom)
2019-09-20 10:24:13,188 [pool-60-thread-1] INFO  server.RaftServerConfigKeys (ConfUtils.java:logGet(43)) - raft.server.log.segment.size.max = 1048576 (custom)
2019-09-20 10:24:13,188 [pool-60-thread-1] INFO  server.RaftServerConfigKeys (ConfUtils.java:logGet(43)) - raft.server.log.preallocated.size = 16384 (custom)
2019-09-20 10:24:13,188 [pool-60-thread-1] INFO  server.RaftServerConfigKeys (ConfUtils.java:logGet(43)) - raft.server.log.write.buffer.size = 33554432 (custom)
2019-09-20 10:24:13,188 [pool-60-thread-1] INFO  server.RaftServerConfigKeys (ConfUtils.java:logGet(43)) - raft.server.log.force.sync.num = 128 (default)
2019-09-20 10:24:13,188 [pool-60-thread-1] INFO  server.RaftServerConfigKeys (ConfUtils.java:logGet(43)) - raft.server.log.statemachine.data.sync = true (default)
2019-09-20 10:24:13,188 [pool-60-thread-1] INFO  server.RaftServerConfigKeys (ConfUtils.java:logGet(43)) - raft.server.log.statemachine.data.sync.timeout = 10s (default)
2019-09-20 10:24:13,188 [pool-60-thread-1] INFO  server.RaftServerConfigKeys (ConfUtils.java:logGet(43)) - raft.server.log.statemachine.data.sync.timeout.retry = -1 (default)
2019-09-20 10:24:13,189 [pool-60-thread-1] INFO  server.RaftServerConfigKeys (ConfUtils.java:logGet(43)) - raft.server.log.statemachine.data.caching.enabled = true (custom)
2019-09-20 10:24:13,189 [pool-60-thread-1] INFO  segmented.SegmentedRaftLogWorker (SegmentedRaftLogWorker.java:lambda$new$0(132)) - c3e532f8-1a8e-44f3-b56b-d765aee893af-SegmentedRaftLogWorker:Storage Directory /workdir/hadoop-ozone/integration-test/target/test-dir/MiniOzoneClusterImpl-7bc36abf-c66f-431a-931d-8c1e5526238d/datanode-3/data/ratis/85a97e28-5775-4b27-85f0-7a786b9cb513: flushIndex: setUnconditionally 0 -> -1
2019-09-20 10:24:13,189 [pool-60-thread-1] INFO  server.RaftServerConfigKeys (ConfUtils.java:logGet(43)) - raft.server.snapshot.auto.trigger.enabled = true (custom)
2019-09-20 10:24:13,189 [pool-60-thread-1] INFO  server.RaftServerConfigKeys (ConfUtils.java:logGet(43)) - raft.server.snapshot.auto.trigger.threshold = 10000 (custom)
2019-09-20 10:24:13,189 [pool-60-thread-1] INFO  server.RaftServerConfigKeys (ConfUtils.java:logGet(43)) - raft.server.retrycache.expirytime = 600000ms (custom)
2019-09-20 10:24:13,190 [pool-60-thread-1] INFO  impl.RaftServerImpl (RaftServerImpl.java:start(180)) - c3e532f8-1a8e-44f3-b56b-d765aee893af: start group-7A786B9CB513
2019-09-20 10:24:13,190 [pool-60-thread-1] INFO  impl.RaftServerImpl (RaftServerImpl.java:setRole(171)) - c3e532f8-1a8e-44f3-b56b-d765aee893af:group-7A786B9CB513 changes role from null to FOLLOWER at term 0 for startAsFollower
2019-09-20 10:24:13,190 [pool-60-thread-1] INFO  impl.RoleInfo (RoleInfo.java:updateAndGet(143)) - c3e532f8-1a8e-44f3-b56b-d765aee893af: start FollowerState
2019-09-20 10:24:13,190 [pool-60-thread-1] INFO  util.JmxRegister (JmxRegister.java:tryRegister(44)) - Successfully registered JMX Bean with object name Ratis:service=RaftServer,group=group-7A786B9CB513,id=c3e532f8-1a8e-44f3-b56b-d765aee893af
2019-09-20 10:24:13,196 [RatisPipelineUtilsThread] INFO  pipeline.PipelineStateManager (PipelineStateManager.java:addPipeline(56)) - Created pipeline Pipeline[ Id: 85a97e28-5775-4b27-85f0-7a786b9cb513, Nodes: c3e532f8-1a8e-44f3-b56b-d765aee893af{ip: 192.168.36.99, host: pr-hdds-1569-p5fx8-1226042367, networkLocation: /default-rack, certSerialId: null}, Type:RATIS, Factor:ONE, State:OPEN]
2019-09-20 10:24:13,209 [grpc-default-executor-0] INFO  impl.RaftServerProxy (RaftServerProxy.java:addNew(89)) - 3d6f3241-e73c-473a-ad0b-c7be2f7e1dda: addNew group-A261678FA5F0:[3d6f3241-e73c-473a-ad0b-c7be2f7e1dda:192.168.36.99:33174] returns group-A261678FA5F0:java.util.concurrent.CompletableFuture@738bfa94[Not completed]
2019-09-20 10:24:13,211 [pool-38-thread-1] INFO  impl.RaftServerImpl (RaftServerImpl.java:<init>(93)) - 3d6f3241-e73c-473a-ad0b-c7be2f7e1dda: new RaftServerImpl for group-A261678FA5F0:[3d6f3241-e73c-473a-ad0b-c7be2f7e1dda:192.168.36.99:33174] with ContainerStateMachine:uninitialized
2019-09-20 10:24:13,212 [pool-38-thread-1] INFO  server.RaftServerConfigKeys (ConfUtils.java:logGet(43)) - raft.server.rpc.timeout.min = 1s (custom)
2019-09-20 10:24:13,212 [pool-38-thread-1] INFO  server.RaftServerConfigKeys (ConfUtils.java:logGet(43)) - raft.server.rpc.timeout.max = 1200ms (custom)
2019-09-20 10:24:13,212 [pool-38-thread-1] INFO  server.RaftServerConfigKeys (ConfUtils.java:logGet(43)) - raft.server.rpcslowness.timeout = 120s (custom)
2019-09-20 10:24:13,212 [pool-38-thread-1] INFO  server.RaftServerConfigKeys (ConfUtils.java:logGet(43)) - raft.server.sleep.deviation.threshold = 300 (default)
2019-09-20 10:24:13,212 [pool-38-thread-1] INFO  server.RaftServerConfigKeys (ConfUtils.java:logGet(43)) - raft.server.log.appender.install.snapshot.enabled = false (custom)
2019-09-20 10:24:13,213 [pool-38-thread-1] INFO  impl.RaftServerImpl (ServerState.java:<init>(105)) - 3d6f3241-e73c-473a-ad0b-c7be2f7e1dda:group-A261678FA5F0 ConfigurationManager, init=-1: [3d6f3241-e73c-473a-ad0b-c7be2f7e1dda:192.168.36.99:33174], old=null, confs=<EMPTY_MAP>
2019-09-20 10:24:13,213 [pool-38-thread-1] INFO  server.RaftServerConfigKeys (ConfUtils.java:logGet(43)) - raft.server.storage.dir = [/workdir/hadoop-ozone/integration-test/target/test-dir/MiniOzoneClusterImpl-7bc36abf-c66f-431a-931d-8c1e5526238d/datanode-1/data/ratis] (custom)
2019-09-20 10:24:13,213 [pool-38-thread-1] INFO  storage.RaftStorageDirectory (RaftStorageDirectory.java:analyzeStorage(246)) - The storage directory /workdir/hadoop-ozone/integration-test/target/test-dir/MiniOzoneClusterImpl-7bc36abf-c66f-431a-931d-8c1e5526238d/datanode-1/data/ratis/4aac26ea-138b-4722-91b0-a261678fa5f0 does not exist. Creating ...
2019-09-20 10:24:13,236 [pool-38-thread-1] INFO  storage.RaftStorageDirectory (RaftStorageDirectory.java:tryLock(328)) - Lock on /workdir/hadoop-ozone/integration-test/target/test-dir/MiniOzoneClusterImpl-7bc36abf-c66f-431a-931d-8c1e5526238d/datanode-1/data/ratis/4aac26ea-138b-4722-91b0-a261678fa5f0/in_use.lock acquired by nodename 28506@pr-hdds-1569-p5fx8-1226042367
2019-09-20 10:24:13,245 [Thread-248] INFO  impl.FollowerState (FollowerState.java:run(106)) - c3e532f8-1a8e-44f3-b56b-d765aee893af:group-A71D6BC98C36 changes to CANDIDATE, lastRpcTime:1146, electionTimeout:1141ms
2019-09-20 10:24:13,249 [Thread-248] INFO  impl.RoleInfo (RoleInfo.java:shutdownFollowerState(121)) - c3e532f8-1a8e-44f3-b56b-d765aee893af: shutdown FollowerState
2019-09-20 10:24:13,249 [Thread-248] INFO  impl.RaftServerImpl (RaftServerImpl.java:setRole(171)) - c3e532f8-1a8e-44f3-b56b-d765aee893af:group-A71D6BC98C36 changes role from FOLLOWER to CANDIDATE at term 0 for changeToCandidate
2019-09-20 10:24:13,249 | INFO  | SCMAudit | user=jenkins1000 | ip=192.168.36.99 | op=SEND_HEARTBEAT {datanodeUUID=66416d0b-a71c-4af1-ae3a-62ca63b880a3, command=[]} | ret=SUCCESS |  
2019-09-20 10:24:13,249 [Thread-248] INFO  impl.RoleInfo (RoleInfo.java:updateAndGet(143)) - c3e532f8-1a8e-44f3-b56b-d765aee893af: start LeaderElection
2019-09-20 10:24:13,251 | INFO  | SCMAudit | user=jenkins1000 | ip=192.168.36.99 | op=SEND_HEARTBEAT {datanodeUUID=c3e532f8-1a8e-44f3-b56b-d765aee893af, command=[]} | ret=SUCCESS |  
2019-09-20 10:24:13,253 | INFO  | SCMAudit | user=jenkins1000 | ip=192.168.36.99 | op=SEND_HEARTBEAT {datanodeUUID=4d972e91-cb6b-45de-8bd2-c18af7abe58b, command=[]} | ret=SUCCESS |  
2019-09-20 10:24:13,255 [pool-38-thread-1] INFO  storage.RaftStorage (RaftStorage.java:format(72)) - Storage directory /workdir/hadoop-ozone/integration-test/target/test-dir/MiniOzoneClusterImpl-7bc36abf-c66f-431a-931d-8c1e5526238d/datanode-1/data/ratis/4aac26ea-138b-4722-91b0-a261678fa5f0 has been successfully formatted.
2019-09-20 10:24:13,256 [pool-38-thread-1] INFO  ratis.ContainerStateMachine (ContainerStateMachine.java:loadSnapshot(226)) - group-A261678FA5F0: The snapshot info is null. Setting the last applied indexto:(t:0, i:~)
2019-09-20 10:24:13,256 [pool-38-thread-1] INFO  server.RaftServerConfigKeys (ConfUtils.java:logGet(43)) - raft.server.leader.election.timeout = 120s (custom)
2019-09-20 10:24:13,256 [pool-38-thread-1] INFO  server.RaftServerConfigKeys (ConfUtils.java:logGet(43)) - raft.server.log.use.memory = false (default)
2019-09-20 10:24:13,256 [pool-38-thread-1] INFO  server.RaftServerConfigKeys (ConfUtils.java:logGet(43)) - raft.server.log.purge.gap = 1000000 (custom)
2019-09-20 10:24:13,257 [pool-38-thread-1] INFO  server.RaftServerConfigKeys (ConfUtils.java:logGet(43)) - raft.server.log.appender.buffer.byte-limit = 33554432 (custom)
2019-09-20 10:24:13,257 [pool-38-thread-1] INFO  server.RaftServerConfigKeys (ConfUtils.java:logGet(43)) - raft.server.log.segment.size.max = 1048576 (custom)
2019-09-20 10:24:13,257 [pool-38-thread-1] INFO  server.RaftServerConfigKeys (ConfUtils.java:logGet(43)) - raft.server.log.segment.cache.num.max = 2 (custom)
2019-09-20 10:24:13,257 [pool-38-thread-1] INFO  segmented.SegmentedRaftLogWorker (SegmentedRaftLogWorker.java:<init>(172)) - new 3d6f3241-e73c-473a-ad0b-c7be2f7e1dda-SegmentedRaftLogWorker:Storage Directory /workdir/hadoop-ozone/integration-test/target/test-dir/MiniOzoneClusterImpl-7bc36abf-c66f-431a-931d-8c1e5526238d/datanode-1/data/ratis/4aac26ea-138b-4722-91b0-a261678fa5f0 for RaftStorage:Storage Directory /workdir/hadoop-ozone/integration-test/target/test-dir/MiniOzoneClusterImpl-7bc36abf-c66f-431a-931d-8c1e5526238d/datanode-1/data/ratis/4aac26ea-138b-4722-91b0-a261678fa5f0
2019-09-20 10:24:13,258 [pool-38-thread-1] INFO  server.RaftServerConfigKeys (ConfUtils.java:logGet(43)) - raft.server.log.queue.byte-limit = 2147483647 (custom)
2019-09-20 10:24:13,258 [pool-38-thread-1] INFO  server.RaftServerConfigKeys (ConfUtils.java:logGet(43)) - raft.server.log.queue.element-limit = 1024 (custom)
2019-09-20 10:24:13,258 [pool-38-thread-1] INFO  server.RaftServerConfigKeys (ConfUtils.java:logGet(43)) - raft.server.log.segment.size.max = 1048576 (custom)
2019-09-20 10:24:13,258 [pool-38-thread-1] INFO  server.RaftServerConfigKeys (ConfUtils.java:logGet(43)) - raft.server.log.preallocated.size = 16384 (custom)
2019-09-20 10:24:13,258 [pool-38-thread-1] INFO  server.RaftServerConfigKeys (ConfUtils.java:logGet(43)) - raft.server.log.write.buffer.size = 33554432 (custom)
2019-09-20 10:24:13,259 [pool-38-thread-1] INFO  server.RaftServerConfigKeys (ConfUtils.java:logGet(43)) - raft.server.log.force.sync.num = 128 (default)
2019-09-20 10:24:13,259 [pool-38-thread-1] INFO  server.RaftServerConfigKeys (ConfUtils.java:logGet(43)) - raft.server.log.statemachine.data.sync = true (default)
2019-09-20 10:24:13,259 [pool-38-thread-1] INFO  server.RaftServerConfigKeys (ConfUtils.java:logGet(43)) - raft.server.log.statemachine.data.sync.timeout = 10s (default)
2019-09-20 10:24:13,259 [main] INFO  rpc.RpcClient (RpcClient.java:createVolume(293)) - Creating Volume: watchforcommithandlingtest, with jenkins1000 as owner.
2019-09-20 10:24:13,259 [pool-38-thread-1] INFO  server.RaftServerConfigKeys (ConfUtils.java:logGet(43)) - raft.server.log.statemachine.data.sync.timeout.retry = -1 (default)
2019-09-20 10:24:13,261 [pool-38-thread-1] INFO  server.RaftServerConfigKeys (ConfUtils.java:logGet(43)) - raft.server.log.statemachine.data.caching.enabled = true (custom)
2019-09-20 10:24:13,261 [pool-38-thread-1] INFO  segmented.SegmentedRaftLogWorker (SegmentedRaftLogWorker.java:lambda$new$0(132)) - 3d6f3241-e73c-473a-ad0b-c7be2f7e1dda-SegmentedRaftLogWorker:Storage Directory /workdir/hadoop-ozone/integration-test/target/test-dir/MiniOzoneClusterImpl-7bc36abf-c66f-431a-931d-8c1e5526238d/datanode-1/data/ratis/4aac26ea-138b-4722-91b0-a261678fa5f0: flushIndex: setUnconditionally 0 -> -1
2019-09-20 10:24:13,262 [pool-38-thread-1] INFO  server.RaftServerConfigKeys (ConfUtils.java:logGet(43)) - raft.server.snapshot.auto.trigger.enabled = true (custom)
2019-09-20 10:24:13,262 [pool-38-thread-1] INFO  server.RaftServerConfigKeys (ConfUtils.java:logGet(43)) - raft.server.snapshot.auto.trigger.threshold = 10000 (custom)
2019-09-20 10:24:13,262 [pool-38-thread-1] INFO  server.RaftServerConfigKeys (ConfUtils.java:logGet(43)) - raft.server.retrycache.expirytime = 600000ms (custom)
2019-09-20 10:24:13,263 [pool-38-thread-1] INFO  impl.RaftServerImpl (RaftServerImpl.java:start(180)) - 3d6f3241-e73c-473a-ad0b-c7be2f7e1dda: start group-A261678FA5F0
2019-09-20 10:24:13,263 [pool-38-thread-1] INFO  impl.RaftServerImpl (RaftServerImpl.java:setRole(171)) - 3d6f3241-e73c-473a-ad0b-c7be2f7e1dda:group-A261678FA5F0 changes role from null to FOLLOWER at term 0 for startAsFollower
2019-09-20 10:24:13,263 [pool-38-thread-1] INFO  impl.RoleInfo (RoleInfo.java:updateAndGet(143)) - 3d6f3241-e73c-473a-ad0b-c7be2f7e1dda: start FollowerState
2019-09-20 10:24:13,263 [pool-38-thread-1] INFO  util.JmxRegister (JmxRegister.java:tryRegister(44)) - Successfully registered JMX Bean with object name Ratis:service=RaftServer,group=group-A261678FA5F0,id=3d6f3241-e73c-473a-ad0b-c7be2f7e1dda
2019-09-20 10:24:13,271 [RatisPipelineUtilsThread] INFO  pipeline.PipelineStateManager (PipelineStateManager.java:addPipeline(56)) - Created pipeline Pipeline[ Id: 4aac26ea-138b-4722-91b0-a261678fa5f0, Nodes: 3d6f3241-e73c-473a-ad0b-c7be2f7e1dda{ip: 192.168.36.99, host: pr-hdds-1569-p5fx8-1226042367, networkLocation: /default-rack, certSerialId: null}, Type:RATIS, Factor:ONE, State:OPEN]
2019-09-20 10:24:13,280 [c3e532f8-1a8e-44f3-b56b-d765aee893af:group-A71D6BC98C36:LeaderElection4] INFO  impl.LeaderElection (LeaderElection.java:askForVotes(181)) - c3e532f8-1a8e-44f3-b56b-d765aee893af:group-A71D6BC98C36:LeaderElection4: begin an election at term 1 for -1: [c3e532f8-1a8e-44f3-b56b-d765aee893af:192.168.36.99:34965], old=null
2019-09-20 10:24:13,280 [c3e532f8-1a8e-44f3-b56b-d765aee893af:group-A71D6BC98C36:LeaderElection4] INFO  impl.RoleInfo (RoleInfo.java:shutdownLeaderElection(134)) - c3e532f8-1a8e-44f3-b56b-d765aee893af: shutdown LeaderElection
2019-09-20 10:24:13,281 [c3e532f8-1a8e-44f3-b56b-d765aee893af:group-A71D6BC98C36:LeaderElection4] INFO  impl.RaftServerImpl (RaftServerImpl.java:setRole(171)) - c3e532f8-1a8e-44f3-b56b-d765aee893af:group-A71D6BC98C36 changes role from CANDIDATE to LEADER at term 1 for changeToLeader
2019-09-20 10:24:13,281 [c3e532f8-1a8e-44f3-b56b-d765aee893af:group-A71D6BC98C36:LeaderElection4] INFO  impl.RaftServerImpl (ServerState.java:setLeader(263)) - c3e532f8-1a8e-44f3-b56b-d765aee893af:group-A71D6BC98C36 change Leader from null to c3e532f8-1a8e-44f3-b56b-d765aee893af at term 1 for becomeLeader, leader elected after 1188ms
2019-09-20 10:24:13,281 [c3e532f8-1a8e-44f3-b56b-d765aee893af:group-A71D6BC98C36:LeaderElection4] INFO  server.RaftServerConfigKeys (ConfUtils.java:logGet(43)) - raft.server.staging.catchup.gap = 1000 (default)
2019-09-20 10:24:13,281 [c3e532f8-1a8e-44f3-b56b-d765aee893af:group-A71D6BC98C36:LeaderElection4] INFO  server.RaftServerConfigKeys (ConfUtils.java:logGet(43)) - raft.server.rpc.sleep.time = 25ms (default)
2019-09-20 10:24:13,282 [c3e532f8-1a8e-44f3-b56b-d765aee893af:group-A71D6BC98C36:LeaderElection4] INFO  server.RaftServerConfigKeys (ConfUtils.java:logGet(43)) - raft.server.write.element-limit = 4096 (default)
2019-09-20 10:24:13,282 [c3e532f8-1a8e-44f3-b56b-d765aee893af:group-A71D6BC98C36:LeaderElection4] INFO  server.RaftServerConfigKeys (ConfUtils.java:logGet(43)) - raft.server.watch.timeout = 10s (default)
2019-09-20 10:24:13,282 [c3e532f8-1a8e-44f3-b56b-d765aee893af:group-A71D6BC98C36:LeaderElection4] INFO  server.RaftServerConfigKeys (ConfUtils.java:logGet(43)) - raft.server.watch.timeout.denomination = 1s (default)
2019-09-20 10:24:13,282 [c3e532f8-1a8e-44f3-b56b-d765aee893af:group-A71D6BC98C36:LeaderElection4] INFO  server.RaftServerConfigKeys (ConfUtils.java:logGet(43)) - raft.server.watch.element-limit = 65536 (default)
2019-09-20 10:24:13,282 [c3e532f8-1a8e-44f3-b56b-d765aee893af:group-A71D6BC98C36:LeaderElection4] INFO  impl.RoleInfo (RoleInfo.java:updateAndGet(143)) - c3e532f8-1a8e-44f3-b56b-d765aee893af: start LeaderState
2019-09-20 10:24:13,283 [c3e532f8-1a8e-44f3-b56b-d765aee893af:group-A71D6BC98C36:LeaderElection4] INFO  segmented.SegmentedRaftLogWorker (SegmentedRaftLogWorker.java:startLogSegment(380)) - c3e532f8-1a8e-44f3-b56b-d765aee893af-SegmentedRaftLogWorker:Storage Directory /workdir/hadoop-ozone/integration-test/target/test-dir/MiniOzoneClusterImpl-7bc36abf-c66f-431a-931d-8c1e5526238d/datanode-3/data/ratis/b4cfeeb3-4f22-43f3-871c-a71d6bc98c36: Starting segment from index:0
2019-09-20 10:24:13,283 [c3e532f8-1a8e-44f3-b56b-d765aee893af:group-A71D6BC98C36:LeaderElection4] INFO  impl.RaftServerImpl (ServerState.java:setRaftConf(361)) - c3e532f8-1a8e-44f3-b56b-d765aee893af:group-A71D6BC98C36 set configuration 0: [c3e532f8-1a8e-44f3-b56b-d765aee893af:192.168.36.99:34965], old=null at 0
2019-09-20 10:24:13,321 [grpc-default-executor-0] INFO  impl.RaftServerProxy (RaftServerProxy.java:addNew(89)) - 17e2ba94-38a1-40e7-84e0-f6802901db84: addNew group-A56BDD72C706:[17e2ba94-38a1-40e7-84e0-f6802901db84:192.168.36.99:43716] returns group-A56BDD72C706:java.util.concurrent.CompletableFuture@74484835[Not completed]
2019-09-20 10:24:13,322 [pool-27-thread-1] INFO  impl.RaftServerImpl (RaftServerImpl.java:<init>(93)) - 17e2ba94-38a1-40e7-84e0-f6802901db84: new RaftServerImpl for group-A56BDD72C706:[17e2ba94-38a1-40e7-84e0-f6802901db84:192.168.36.99:43716] with ContainerStateMachine:uninitialized
2019-09-20 10:24:13,323 [pool-27-thread-1] INFO  server.RaftServerConfigKeys (ConfUtils.java:logGet(43)) - raft.server.rpc.timeout.min = 1s (custom)
2019-09-20 10:24:13,323 [pool-27-thread-1] INFO  server.RaftServerConfigKeys (ConfUtils.java:logGet(43)) - raft.server.rpc.timeout.max = 1200ms (custom)
2019-09-20 10:24:13,323 [pool-27-thread-1] INFO  server.RaftServerConfigKeys (ConfUtils.java:logGet(43)) - raft.server.rpcslowness.timeout = 120s (custom)
2019-09-20 10:24:13,323 [pool-27-thread-1] INFO  server.RaftServerConfigKeys (ConfUtils.java:logGet(43)) - raft.server.sleep.deviation.threshold = 300 (default)
2019-09-20 10:24:13,323 [pool-27-thread-1] INFO  server.RaftServerConfigKeys (ConfUtils.java:logGet(43)) - raft.server.log.appender.install.snapshot.enabled = false (custom)
2019-09-20 10:24:13,323 [pool-27-thread-1] INFO  impl.RaftServerImpl (ServerState.java:<init>(105)) - 17e2ba94-38a1-40e7-84e0-f6802901db84:group-A56BDD72C706 ConfigurationManager, init=-1: [17e2ba94-38a1-40e7-84e0-f6802901db84:192.168.36.99:43716], old=null, confs=<EMPTY_MAP>
2019-09-20 10:24:13,324 [pool-27-thread-1] INFO  server.RaftServerConfigKeys (ConfUtils.java:logGet(43)) - raft.server.storage.dir = [/workdir/hadoop-ozone/integration-test/target/test-dir/MiniOzoneClusterImpl-7bc36abf-c66f-431a-931d-8c1e5526238d/datanode-0/data/ratis] (custom)
2019-09-20 10:24:13,324 [pool-27-thread-1] INFO  storage.RaftStorageDirectory (RaftStorageDirectory.java:analyzeStorage(246)) - The storage directory /workdir/hadoop-ozone/integration-test/target/test-dir/MiniOzoneClusterImpl-7bc36abf-c66f-431a-931d-8c1e5526238d/datanode-0/data/ratis/e274259d-55ee-4b0f-ab24-a56bdd72c706 does not exist. Creating ...
2019-09-20 10:24:13,338 [pool-27-thread-1] INFO  storage.RaftStorageDirectory (RaftStorageDirectory.java:tryLock(328)) - Lock on /workdir/hadoop-ozone/integration-test/target/test-dir/MiniOzoneClusterImpl-7bc36abf-c66f-431a-931d-8c1e5526238d/datanode-0/data/ratis/e274259d-55ee-4b0f-ab24-a56bdd72c706/in_use.lock acquired by nodename 28506@pr-hdds-1569-p5fx8-1226042367
2019-09-20 10:24:13,338 [c3e532f8-1a8e-44f3-b56b-d765aee893af-SegmentedRaftLogWorker:Storage Directory /workdir/hadoop-ozone/integration-test/target/test-dir/MiniOzoneClusterImpl-7bc36abf-c66f-431a-931d-8c1e5526238d/datanode-3/data/ratis/b4cfeeb3-4f22-43f3-871c-a71d6bc98c36] INFO  segmented.SegmentedRaftLogWorker (SegmentedRaftLogWorker.java:execute(569)) - c3e532f8-1a8e-44f3-b56b-d765aee893af-SegmentedRaftLogWorker:Storage Directory /workdir/hadoop-ozone/integration-test/target/test-dir/MiniOzoneClusterImpl-7bc36abf-c66f-431a-931d-8c1e5526238d/datanode-3/data/ratis/b4cfeeb3-4f22-43f3-871c-a71d6bc98c36: created new log segment /workdir/hadoop-ozone/integration-test/target/test-dir/MiniOzoneClusterImpl-7bc36abf-c66f-431a-931d-8c1e5526238d/datanode-3/data/ratis/b4cfeeb3-4f22-43f3-871c-a71d6bc98c36/current/log_inprogress_0
2019-09-20 10:24:13,357 | INFO  | SCMAudit | user=jenkins1000 | ip=192.168.36.99 | op=SEND_HEARTBEAT {datanodeUUID=17e2ba94-38a1-40e7-84e0-f6802901db84, command=[]} | ret=SUCCESS |  
2019-09-20 10:24:13,377 | INFO  | OMAudit | user=jenkins1000 | ip=127.0.0.1 | op=CREATE_VOLUME {admin=jenkins1000, owner=jenkins1000, volume=watchforcommithandlingtest, creationTime=1568975053326, quotaInBytes=1152921504606846976} | ret=SUCCESS |  
2019-09-20 10:24:13,388 [pool-27-thread-1] INFO  storage.RaftStorage (RaftStorage.java:format(72)) - Storage directory /workdir/hadoop-ozone/integration-test/target/test-dir/MiniOzoneClusterImpl-7bc36abf-c66f-431a-931d-8c1e5526238d/datanode-0/data/ratis/e274259d-55ee-4b0f-ab24-a56bdd72c706 has been successfully formatted.
2019-09-20 10:24:13,392 [pool-27-thread-1] INFO  ratis.ContainerStateMachine (ContainerStateMachine.java:loadSnapshot(226)) - group-A56BDD72C706: The snapshot info is null. Setting the last applied indexto:(t:0, i:~)
2019-09-20 10:24:13,394 [Thread-251] INFO  impl.FollowerState (FollowerState.java:run(106)) - 17e2ba94-38a1-40e7-84e0-f6802901db84:group-5883D4AC7EA8 changes to CANDIDATE, lastRpcTime:1195, electionTimeout:1194ms
2019-09-20 10:24:13,397 [Thread-251] INFO  impl.RoleInfo (RoleInfo.java:shutdownFollowerState(121)) - 17e2ba94-38a1-40e7-84e0-f6802901db84: shutdown FollowerState
2019-09-20 10:24:13,396 [pool-27-thread-1] INFO  server.RaftServerConfigKeys (ConfUtils.java:logGet(43)) - raft.server.leader.election.timeout = 120s (custom)
2019-09-20 10:24:13,397 | INFO  | OMAudit | user=jenkins1000 | ip=127.0.0.1 | op=READ_VOLUME {volume=watchforcommithandlingtest} | ret=SUCCESS |  
2019-09-20 10:24:13,397 [Thread-251] INFO  impl.RaftServerImpl (RaftServerImpl.java:setRole(171)) - 17e2ba94-38a1-40e7-84e0-f6802901db84:group-5883D4AC7EA8 changes role from FOLLOWER to CANDIDATE at term 0 for changeToCandidate
2019-09-20 10:24:13,397 [pool-27-thread-1] INFO  server.RaftServerConfigKeys (ConfUtils.java:logGet(43)) - raft.server.log.use.memory = false (default)
2019-09-20 10:24:13,398 [Thread-251] INFO  impl.RoleInfo (RoleInfo.java:updateAndGet(143)) - 17e2ba94-38a1-40e7-84e0-f6802901db84: start LeaderElection
2019-09-20 10:24:13,398 [pool-27-thread-1] INFO  server.RaftServerConfigKeys (ConfUtils.java:logGet(43)) - raft.server.log.purge.gap = 1000000 (custom)
2019-09-20 10:24:13,400 [pool-27-thread-1] INFO  server.RaftServerConfigKeys (ConfUtils.java:logGet(43)) - raft.server.log.appender.buffer.byte-limit = 33554432 (custom)
2019-09-20 10:24:13,402 [pool-27-thread-1] INFO  server.RaftServerConfigKeys (ConfUtils.java:logGet(43)) - raft.server.log.segment.size.max = 1048576 (custom)
2019-09-20 10:24:13,405 [pool-27-thread-1] INFO  server.RaftServerConfigKeys (ConfUtils.java:logGet(43)) - raft.server.log.segment.cache.num.max = 2 (custom)
2019-09-20 10:24:13,405 [pool-27-thread-1] INFO  segmented.SegmentedRaftLogWorker (SegmentedRaftLogWorker.java:<init>(172)) - new 17e2ba94-38a1-40e7-84e0-f6802901db84-SegmentedRaftLogWorker:Storage Directory /workdir/hadoop-ozone/integration-test/target/test-dir/MiniOzoneClusterImpl-7bc36abf-c66f-431a-931d-8c1e5526238d/datanode-0/data/ratis/e274259d-55ee-4b0f-ab24-a56bdd72c706 for RaftStorage:Storage Directory /workdir/hadoop-ozone/integration-test/target/test-dir/MiniOzoneClusterImpl-7bc36abf-c66f-431a-931d-8c1e5526238d/datanode-0/data/ratis/e274259d-55ee-4b0f-ab24-a56bdd72c706
2019-09-20 10:24:13,406 [pool-27-thread-1] INFO  server.RaftServerConfigKeys (ConfUtils.java:logGet(43)) - raft.server.log.queue.byte-limit = 2147483647 (custom)
2019-09-20 10:24:13,406 [pool-27-thread-1] INFO  server.RaftServerConfigKeys (ConfUtils.java:logGet(43)) - raft.server.log.queue.element-limit = 1024 (custom)
2019-09-20 10:24:13,406 [pool-27-thread-1] INFO  server.RaftServerConfigKeys (ConfUtils.java:logGet(43)) - raft.server.log.segment.size.max = 1048576 (custom)
2019-09-20 10:24:13,406 [pool-27-thread-1] INFO  server.RaftServerConfigKeys (ConfUtils.java:logGet(43)) - raft.server.log.preallocated.size = 16384 (custom)
2019-09-20 10:24:13,406 [pool-27-thread-1] INFO  server.RaftServerConfigKeys (ConfUtils.java:logGet(43)) - raft.server.log.write.buffer.size = 33554432 (custom)
2019-09-20 10:24:13,406 [pool-27-thread-1] INFO  server.RaftServerConfigKeys (ConfUtils.java:logGet(43)) - raft.server.log.force.sync.num = 128 (default)
2019-09-20 10:24:13,406 [pool-27-thread-1] INFO  server.RaftServerConfigKeys (ConfUtils.java:logGet(43)) - raft.server.log.statemachine.data.sync = true (default)
2019-09-20 10:24:13,407 [pool-27-thread-1] INFO  server.RaftServerConfigKeys (ConfUtils.java:logGet(43)) - raft.server.log.statemachine.data.sync.timeout = 10s (default)
2019-09-20 10:24:13,407 [pool-27-thread-1] INFO  server.RaftServerConfigKeys (ConfUtils.java:logGet(43)) - raft.server.log.statemachine.data.sync.timeout.retry = -1 (default)
2019-09-20 10:24:13,407 [pool-27-thread-1] INFO  server.RaftServerConfigKeys (ConfUtils.java:logGet(43)) - raft.server.log.statemachine.data.caching.enabled = true (custom)
2019-09-20 10:24:13,407 [pool-27-thread-1] INFO  segmented.SegmentedRaftLogWorker (SegmentedRaftLogWorker.java:lambda$new$0(132)) - 17e2ba94-38a1-40e7-84e0-f6802901db84-SegmentedRaftLogWorker:Storage Directory /workdir/hadoop-ozone/integration-test/target/test-dir/MiniOzoneClusterImpl-7bc36abf-c66f-431a-931d-8c1e5526238d/datanode-0/data/ratis/e274259d-55ee-4b0f-ab24-a56bdd72c706: flushIndex: setUnconditionally 0 -> -1
2019-09-20 10:24:13,408 [pool-27-thread-1] INFO  server.RaftServerConfigKeys (ConfUtils.java:logGet(43)) - raft.server.snapshot.auto.trigger.enabled = true (custom)
2019-09-20 10:24:13,408 [pool-27-thread-1] INFO  server.RaftServerConfigKeys (ConfUtils.java:logGet(43)) - raft.server.snapshot.auto.trigger.threshold = 10000 (custom)
2019-09-20 10:24:13,408 [pool-27-thread-1] INFO  server.RaftServerConfigKeys (ConfUtils.java:logGet(43)) - raft.server.retrycache.expirytime = 600000ms (custom)
2019-09-20 10:24:13,408 [pool-27-thread-1] INFO  impl.RaftServerImpl (RaftServerImpl.java:start(180)) - 17e2ba94-38a1-40e7-84e0-f6802901db84: start group-A56BDD72C706
2019-09-20 10:24:13,408 [pool-27-thread-1] INFO  impl.RaftServerImpl (RaftServerImpl.java:setRole(171)) - 17e2ba94-38a1-40e7-84e0-f6802901db84:group-A56BDD72C706 changes role from null to FOLLOWER at term 0 for startAsFollower
2019-09-20 10:24:13,409 [pool-27-thread-1] INFO  impl.RoleInfo (RoleInfo.java:updateAndGet(143)) - 17e2ba94-38a1-40e7-84e0-f6802901db84: start FollowerState
2019-09-20 10:24:13,409 [pool-27-thread-1] INFO  util.JmxRegister (JmxRegister.java:tryRegister(44)) - Successfully registered JMX Bean with object name Ratis:service=RaftServer,group=group-A56BDD72C706,id=17e2ba94-38a1-40e7-84e0-f6802901db84
2019-09-20 10:24:13,410 [Thread-237] INFO  container.ReplicationManager (ReplicationManager.java:start(151)) - Starting Replication Monitor Thread.
2019-09-20 10:24:13,421 [ReplicationMonitor] INFO  container.ReplicationManager (ReplicationManager.java:run(214)) - Replication Monitor Thread took 1 milliseconds for processing 0 containers.
2019-09-20 10:24:13,422 [main] INFO  rpc.RpcClient (RpcClient.java:createBucket(432)) - Creating Bucket: watchforcommithandlingtest/watchforcommithandlingtest, with Versioning false and Storage Type set to DISK and Encryption set to false 
2019-09-20 10:24:13,424 [RatisPipelineUtilsThread] INFO  pipeline.PipelineStateManager (PipelineStateManager.java:addPipeline(56)) - Created pipeline Pipeline[ Id: e274259d-55ee-4b0f-ab24-a56bdd72c706, Nodes: 17e2ba94-38a1-40e7-84e0-f6802901db84{ip: 192.168.36.99, host: pr-hdds-1569-p5fx8-1226042367, networkLocation: /default-rack, certSerialId: null}, Type:RATIS, Factor:ONE, State:OPEN]
2019-09-20 10:24:13,424 [RatisPipelineUtilsThread] INFO  pipeline.PipelinePlacementPolicy (PipelinePlacementPolicy.java:meetCriteria(91)) - Pipeline Placement: Doesn't meet the criteria to be viable node： 17e2ba94-38a1-40e7-84e0-f6802901db84 Heaviness: 6 limit: 5
2019-09-20 10:24:13,439 [17e2ba94-38a1-40e7-84e0-f6802901db84:group-5883D4AC7EA8:LeaderElection5] INFO  impl.LeaderElection (LeaderElection.java:askForVotes(181)) - 17e2ba94-38a1-40e7-84e0-f6802901db84:group-5883D4AC7EA8:LeaderElection5: begin an election at term 1 for -1: [17e2ba94-38a1-40e7-84e0-f6802901db84:192.168.36.99:43716], old=null
2019-09-20 10:24:13,439 [17e2ba94-38a1-40e7-84e0-f6802901db84:group-5883D4AC7EA8:LeaderElection5] INFO  impl.RoleInfo (RoleInfo.java:shutdownLeaderElection(134)) - 17e2ba94-38a1-40e7-84e0-f6802901db84: shutdown LeaderElection
2019-09-20 10:24:13,439 [17e2ba94-38a1-40e7-84e0-f6802901db84:group-5883D4AC7EA8:LeaderElection5] INFO  impl.RaftServerImpl (RaftServerImpl.java:setRole(171)) - 17e2ba94-38a1-40e7-84e0-f6802901db84:group-5883D4AC7EA8 changes role from CANDIDATE to LEADER at term 1 for changeToLeader
2019-09-20 10:24:13,439 [grpc-default-executor-0] INFO  impl.RaftServerProxy (RaftServerProxy.java:addNew(89)) - 3d6f3241-e73c-473a-ad0b-c7be2f7e1dda: addNew group-47D79AD243E9:[3d6f3241-e73c-473a-ad0b-c7be2f7e1dda:192.168.36.99:33174] returns group-47D79AD243E9:java.util.concurrent.CompletableFuture@27868d7a[Not completed]
2019-09-20 10:24:13,439 [17e2ba94-38a1-40e7-84e0-f6802901db84:group-5883D4AC7EA8:LeaderElection5] INFO  impl.RaftServerImpl (ServerState.java:setLeader(263)) - 17e2ba94-38a1-40e7-84e0-f6802901db84:group-5883D4AC7EA8 change Leader from null to 17e2ba94-38a1-40e7-84e0-f6802901db84 at term 1 for becomeLeader, leader elected after 1246ms
2019-09-20 10:24:13,440 [17e2ba94-38a1-40e7-84e0-f6802901db84:group-5883D4AC7EA8:LeaderElection5] INFO  server.RaftServerConfigKeys (ConfUtils.java:logGet(43)) - raft.server.staging.catchup.gap = 1000 (default)
2019-09-20 10:24:13,440 [17e2ba94-38a1-40e7-84e0-f6802901db84:group-5883D4AC7EA8:LeaderElection5] INFO  server.RaftServerConfigKeys (ConfUtils.java:logGet(43)) - raft.server.rpc.sleep.time = 25ms (default)
2019-09-20 10:24:13,440 [17e2ba94-38a1-40e7-84e0-f6802901db84:group-5883D4AC7EA8:LeaderElection5] INFO  server.RaftServerConfigKeys (ConfUtils.java:logGet(43)) - raft.server.write.element-limit = 4096 (default)
2019-09-20 10:24:13,440 [17e2ba94-38a1-40e7-84e0-f6802901db84:group-5883D4AC7EA8:LeaderElection5] INFO  server.RaftServerConfigKeys (ConfUtils.java:logGet(43)) - raft.server.watch.timeout = 10s (default)
2019-09-20 10:24:13,440 [17e2ba94-38a1-40e7-84e0-f6802901db84:group-5883D4AC7EA8:LeaderElection5] INFO  server.RaftServerConfigKeys (ConfUtils.java:logGet(43)) - raft.server.watch.timeout.denomination = 1s (default)
2019-09-20 10:24:13,441 [17e2ba94-38a1-40e7-84e0-f6802901db84:group-5883D4AC7EA8:LeaderElection5] INFO  server.RaftServerConfigKeys (ConfUtils.java:logGet(43)) - raft.server.watch.element-limit = 65536 (default)
2019-09-20 10:24:13,441 [17e2ba94-38a1-40e7-84e0-f6802901db84:group-5883D4AC7EA8:LeaderElection5] INFO  impl.RoleInfo (RoleInfo.java:updateAndGet(143)) - 17e2ba94-38a1-40e7-84e0-f6802901db84: start LeaderState
2019-09-20 10:24:13,441 [17e2ba94-38a1-40e7-84e0-f6802901db84:group-5883D4AC7EA8:LeaderElection5] INFO  segmented.SegmentedRaftLogWorker (SegmentedRaftLogWorker.java:startLogSegment(380)) - 17e2ba94-38a1-40e7-84e0-f6802901db84-SegmentedRaftLogWorker:Storage Directory /workdir/hadoop-ozone/integration-test/target/test-dir/MiniOzoneClusterImpl-7bc36abf-c66f-431a-931d-8c1e5526238d/datanode-0/data/ratis/b5236b64-805c-46ef-8c97-5883d4ac7ea8: Starting segment from index:0
2019-09-20 10:24:13,442 [17e2ba94-38a1-40e7-84e0-f6802901db84:group-5883D4AC7EA8:LeaderElection5] INFO  impl.RaftServerImpl (ServerState.java:setRaftConf(361)) - 17e2ba94-38a1-40e7-84e0-f6802901db84:group-5883D4AC7EA8 set configuration 0: [17e2ba94-38a1-40e7-84e0-f6802901db84:192.168.36.99:43716], old=null at 0
2019-09-20 10:24:13,473 [Thread-257] INFO  impl.FollowerState (FollowerState.java:run(106)) - 17e2ba94-38a1-40e7-84e0-f6802901db84:group-C19E6ADC8A49 changes to CANDIDATE, lastRpcTime:1081, electionTimeout:1070ms
2019-09-20 10:24:13,473 [Thread-257] INFO  impl.RoleInfo (RoleInfo.java:shutdownFollowerState(121)) - 17e2ba94-38a1-40e7-84e0-f6802901db84: shutdown FollowerState
2019-09-20 10:24:13,473 [pool-38-thread-1] INFO  impl.RaftServerImpl (RaftServerImpl.java:<init>(93)) - 3d6f3241-e73c-473a-ad0b-c7be2f7e1dda: new RaftServerImpl for group-47D79AD243E9:[3d6f3241-e73c-473a-ad0b-c7be2f7e1dda:192.168.36.99:33174] with ContainerStateMachine:uninitialized
2019-09-20 10:24:13,473 [Thread-257] INFO  impl.RaftServerImpl (RaftServerImpl.java:setRole(171)) - 17e2ba94-38a1-40e7-84e0-f6802901db84:group-C19E6ADC8A49 changes role from FOLLOWER to CANDIDATE at term 0 for changeToCandidate
2019-09-20 10:24:13,473 [pool-38-thread-1] INFO  server.RaftServerConfigKeys (ConfUtils.java:logGet(43)) - raft.server.rpc.timeout.min = 1s (custom)
2019-09-20 10:24:13,473 [Thread-257] INFO  impl.RoleInfo (RoleInfo.java:updateAndGet(143)) - 17e2ba94-38a1-40e7-84e0-f6802901db84: start LeaderElection
2019-09-20 10:24:13,474 [pool-38-thread-1] INFO  server.RaftServerConfigKeys (ConfUtils.java:logGet(43)) - raft.server.rpc.timeout.max = 1200ms (custom)
2019-09-20 10:24:13,474 [Thread-254] INFO  impl.FollowerState (FollowerState.java:run(106)) - 66416d0b-a71c-4af1-ae3a-62ca63b880a3:group-014793148E75 changes to CANDIDATE, lastRpcTime:1183, electionTimeout:1183ms
2019-09-20 10:24:13,474 [pool-38-thread-1] INFO  server.RaftServerConfigKeys (ConfUtils.java:logGet(43)) - raft.server.rpcslowness.timeout = 120s (custom)
2019-09-20 10:24:13,479 [Thread-254] INFO  impl.RoleInfo (RoleInfo.java:shutdownFollowerState(121)) - 66416d0b-a71c-4af1-ae3a-62ca63b880a3: shutdown FollowerState
2019-09-20 10:24:13,479 [pool-38-thread-1] INFO  server.RaftServerConfigKeys (ConfUtils.java:logGet(43)) - raft.server.sleep.deviation.threshold = 300 (default)
2019-09-20 10:24:13,480 [Thread-254] INFO  impl.RaftServerImpl (RaftServerImpl.java:setRole(171)) - 66416d0b-a71c-4af1-ae3a-62ca63b880a3:group-014793148E75 changes role from FOLLOWER to CANDIDATE at term 0 for changeToCandidate
2019-09-20 10:24:13,480 [pool-38-thread-1] INFO  server.RaftServerConfigKeys (ConfUtils.java:logGet(43)) - raft.server.log.appender.install.snapshot.enabled = false (custom)
2019-09-20 10:24:13,480 [Thread-254] INFO  impl.RoleInfo (RoleInfo.java:updateAndGet(143)) - 66416d0b-a71c-4af1-ae3a-62ca63b880a3: start LeaderElection
2019-09-20 10:24:13,480 [pool-38-thread-1] INFO  impl.RaftServerImpl (ServerState.java:<init>(105)) - 3d6f3241-e73c-473a-ad0b-c7be2f7e1dda:group-47D79AD243E9 ConfigurationManager, init=-1: [3d6f3241-e73c-473a-ad0b-c7be2f7e1dda:192.168.36.99:33174], old=null, confs=<EMPTY_MAP>
2019-09-20 10:24:13,486 [pool-38-thread-1] INFO  server.RaftServerConfigKeys (ConfUtils.java:logGet(43)) - raft.server.storage.dir = [/workdir/hadoop-ozone/integration-test/target/test-dir/MiniOzoneClusterImpl-7bc36abf-c66f-431a-931d-8c1e5526238d/datanode-1/data/ratis] (custom)
2019-09-20 10:24:13,486 [pool-38-thread-1] INFO  storage.RaftStorageDirectory (RaftStorageDirectory.java:analyzeStorage(246)) - The storage directory /workdir/hadoop-ozone/integration-test/target/test-dir/MiniOzoneClusterImpl-7bc36abf-c66f-431a-931d-8c1e5526238d/datanode-1/data/ratis/bb21125a-31ca-4f3b-9056-47d79ad243e9 does not exist. Creating ...
2019-09-20 10:24:13,487 | INFO  | OMAudit | user=jenkins1000 | ip=127.0.0.1 | op=CREATE_BUCKET {volume=watchforcommithandlingtest, bucket=watchforcommithandlingtest, acls=[user:jenkins1000:a[ACCESS], group:default:a[ACCESS]], isVersionEnabled=false, storageType=DISK, creationTime=0} | ret=SUCCESS |  
2019-09-20 10:24:13,488 [main] INFO  ozone.MiniOzoneClusterImpl (MiniOzoneClusterImpl.java:getStorageContainerLocationClient(241)) - Creating StorageContainerLocationProtocol RPC client with address /0.0.0.0:34580
2019-09-20 10:24:13,489 [main] INFO  impl.MetricsSystemImpl (MetricsSystemImpl.java:init(158)) - XceiverClientMetrics metrics system started (again)
2019-09-20 10:24:13,489 [17e2ba94-38a1-40e7-84e0-f6802901db84-SegmentedRaftLogWorker:Storage Directory /workdir/hadoop-ozone/integration-test/target/test-dir/MiniOzoneClusterImpl-7bc36abf-c66f-431a-931d-8c1e5526238d/datanode-0/data/ratis/b5236b64-805c-46ef-8c97-5883d4ac7ea8] INFO  segmented.SegmentedRaftLogWorker (SegmentedRaftLogWorker.java:execute(569)) - 17e2ba94-38a1-40e7-84e0-f6802901db84-SegmentedRaftLogWorker:Storage Directory /workdir/hadoop-ozone/integration-test/target/test-dir/MiniOzoneClusterImpl-7bc36abf-c66f-431a-931d-8c1e5526238d/datanode-0/data/ratis/b5236b64-805c-46ef-8c97-5883d4ac7ea8: created new log segment /workdir/hadoop-ozone/integration-test/target/test-dir/MiniOzoneClusterImpl-7bc36abf-c66f-431a-931d-8c1e5526238d/datanode-0/data/ratis/b5236b64-805c-46ef-8c97-5883d4ac7ea8/current/log_inprogress_0
2019-09-20 10:24:13,499 | INFO  | OMAudit | user=jenkins1000 | ip=127.0.0.1 | op=READ_VOLUME {volume=watchforcommithandlingtest} | ret=SUCCESS |  
2019-09-20 10:24:13,506 | INFO  | OMAudit | user=jenkins1000 | ip=127.0.0.1 | op=READ_BUCKET {volume=watchforcommithandlingtest, bucket=watchforcommithandlingtest} | ret=SUCCESS |  
2019-09-20 10:24:13,507 [pool-38-thread-1] INFO  storage.RaftStorageDirectory (RaftStorageDirectory.java:tryLock(328)) - Lock on /workdir/hadoop-ozone/integration-test/target/test-dir/MiniOzoneClusterImpl-7bc36abf-c66f-431a-931d-8c1e5526238d/datanode-1/data/ratis/bb21125a-31ca-4f3b-9056-47d79ad243e9/in_use.lock acquired by nodename 28506@pr-hdds-1569-p5fx8-1226042367
2019-09-20 10:24:13,507 [66416d0b-a71c-4af1-ae3a-62ca63b880a3:group-014793148E75:LeaderElection7] INFO  impl.LeaderElection (LeaderElection.java:askForVotes(181)) - 66416d0b-a71c-4af1-ae3a-62ca63b880a3:group-014793148E75:LeaderElection7: begin an election at term 1 for -1: [66416d0b-a71c-4af1-ae3a-62ca63b880a3:192.168.36.99:43326], old=null
2019-09-20 10:24:13,507 [17e2ba94-38a1-40e7-84e0-f6802901db84:group-C19E6ADC8A49:LeaderElection6] INFO  impl.LeaderElection (LeaderElection.java:askForVotes(181)) - 17e2ba94-38a1-40e7-84e0-f6802901db84:group-C19E6ADC8A49:LeaderElection6: begin an election at term 1 for -1: [17e2ba94-38a1-40e7-84e0-f6802901db84:192.168.36.99:43716], old=null
2019-09-20 10:24:13,510 [66416d0b-a71c-4af1-ae3a-62ca63b880a3:group-014793148E75:LeaderElection7] INFO  impl.RoleInfo (RoleInfo.java:shutdownLeaderElection(134)) - 66416d0b-a71c-4af1-ae3a-62ca63b880a3: shutdown LeaderElection
2019-09-20 10:24:13,510 [17e2ba94-38a1-40e7-84e0-f6802901db84:group-C19E6ADC8A49:LeaderElection6] INFO  impl.RoleInfo (RoleInfo.java:shutdownLeaderElection(134)) - 17e2ba94-38a1-40e7-84e0-f6802901db84: shutdown LeaderElection
2019-09-20 10:24:13,510 [66416d0b-a71c-4af1-ae3a-62ca63b880a3:group-014793148E75:LeaderElection7] INFO  impl.RaftServerImpl (RaftServerImpl.java:setRole(171)) - 66416d0b-a71c-4af1-ae3a-62ca63b880a3:group-014793148E75 changes role from CANDIDATE to LEADER at term 1 for changeToLeader
2019-09-20 10:24:13,510 [17e2ba94-38a1-40e7-84e0-f6802901db84:group-C19E6ADC8A49:LeaderElection6] INFO  impl.RaftServerImpl (RaftServerImpl.java:setRole(171)) - 17e2ba94-38a1-40e7-84e0-f6802901db84:group-C19E6ADC8A49 changes role from CANDIDATE to LEADER at term 1 for changeToLeader
2019-09-20 10:24:13,510 [66416d0b-a71c-4af1-ae3a-62ca63b880a3:group-014793148E75:LeaderElection7] INFO  impl.RaftServerImpl (ServerState.java:setLeader(263)) - 66416d0b-a71c-4af1-ae3a-62ca63b880a3:group-014793148E75 change Leader from null to 66416d0b-a71c-4af1-ae3a-62ca63b880a3 at term 1 for becomeLeader, leader elected after 1225ms
2019-09-20 10:24:13,510 [17e2ba94-38a1-40e7-84e0-f6802901db84:group-C19E6ADC8A49:LeaderElection6] INFO  impl.RaftServerImpl (ServerState.java:setLeader(263)) - 17e2ba94-38a1-40e7-84e0-f6802901db84:group-C19E6ADC8A49 change Leader from null to 17e2ba94-38a1-40e7-84e0-f6802901db84 at term 1 for becomeLeader, leader elected after 1124ms
2019-09-20 10:24:13,511 [66416d0b-a71c-4af1-ae3a-62ca63b880a3:group-014793148E75:LeaderElection7] INFO  server.RaftServerConfigKeys (ConfUtils.java:logGet(43)) - raft.server.staging.catchup.gap = 1000 (default)
2019-09-20 10:24:13,511 [17e2ba94-38a1-40e7-84e0-f6802901db84:group-C19E6ADC8A49:LeaderElection6] INFO  server.RaftServerConfigKeys (ConfUtils.java:logGet(43)) - raft.server.staging.catchup.gap = 1000 (default)
2019-09-20 10:24:13,511 [66416d0b-a71c-4af1-ae3a-62ca63b880a3:group-014793148E75:LeaderElection7] INFO  server.RaftServerConfigKeys (ConfUtils.java:logGet(43)) - raft.server.rpc.sleep.time = 25ms (default)
2019-09-20 10:24:13,511 [17e2ba94-38a1-40e7-84e0-f6802901db84:group-C19E6ADC8A49:LeaderElection6] INFO  server.RaftServerConfigKeys (ConfUtils.java:logGet(43)) - raft.server.rpc.sleep.time = 25ms (default)
2019-09-20 10:24:13,511 [66416d0b-a71c-4af1-ae3a-62ca63b880a3:group-014793148E75:LeaderElection7] INFO  server.RaftServerConfigKeys (ConfUtils.java:logGet(43)) - raft.server.write.element-limit = 4096 (default)
2019-09-20 10:24:13,511 [17e2ba94-38a1-40e7-84e0-f6802901db84:group-C19E6ADC8A49:LeaderElection6] INFO  server.RaftServerConfigKeys (ConfUtils.java:logGet(43)) - raft.server.write.element-limit = 4096 (default)
2019-09-20 10:24:13,511 [66416d0b-a71c-4af1-ae3a-62ca63b880a3:group-014793148E75:LeaderElection7] INFO  server.RaftServerConfigKeys (ConfUtils.java:logGet(43)) - raft.server.watch.timeout = 10s (default)
2019-09-20 10:24:13,511 [17e2ba94-38a1-40e7-84e0-f6802901db84:group-C19E6ADC8A49:LeaderElection6] INFO  server.RaftServerConfigKeys (ConfUtils.java:logGet(43)) - raft.server.watch.timeout = 10s (default)
2019-09-20 10:24:13,512 [66416d0b-a71c-4af1-ae3a-62ca63b880a3:group-014793148E75:LeaderElection7] INFO  server.RaftServerConfigKeys (ConfUtils.java:logGet(43)) - raft.server.watch.timeout.denomination = 1s (default)
2019-09-20 10:24:13,512 [17e2ba94-38a1-40e7-84e0-f6802901db84:group-C19E6ADC8A49:LeaderElection6] INFO  server.RaftServerConfigKeys (ConfUtils.java:logGet(43)) - raft.server.watch.timeout.denomination = 1s (default)
2019-09-20 10:24:13,512 [66416d0b-a71c-4af1-ae3a-62ca63b880a3:group-014793148E75:LeaderElection7] INFO  server.RaftServerConfigKeys (ConfUtils.java:logGet(43)) - raft.server.watch.element-limit = 65536 (default)
2019-09-20 10:24:13,512 [17e2ba94-38a1-40e7-84e0-f6802901db84:group-C19E6ADC8A49:LeaderElection6] INFO  server.RaftServerConfigKeys (ConfUtils.java:logGet(43)) - raft.server.watch.element-limit = 65536 (default)
2019-09-20 10:24:13,512 [17e2ba94-38a1-40e7-84e0-f6802901db84:group-C19E6ADC8A49:LeaderElection6] INFO  impl.RoleInfo (RoleInfo.java:updateAndGet(143)) - 17e2ba94-38a1-40e7-84e0-f6802901db84: start LeaderState
2019-09-20 10:24:13,512 [66416d0b-a71c-4af1-ae3a-62ca63b880a3:group-014793148E75:LeaderElection7] INFO  impl.RoleInfo (RoleInfo.java:updateAndGet(143)) - 66416d0b-a71c-4af1-ae3a-62ca63b880a3: start LeaderState
2019-09-20 10:24:13,513 [17e2ba94-38a1-40e7-84e0-f6802901db84:group-C19E6ADC8A49:LeaderElection6] INFO  segmented.SegmentedRaftLogWorker (SegmentedRaftLogWorker.java:startLogSegment(380)) - 17e2ba94-38a1-40e7-84e0-f6802901db84-SegmentedRaftLogWorker:Storage Directory /workdir/hadoop-ozone/integration-test/target/test-dir/MiniOzoneClusterImpl-7bc36abf-c66f-431a-931d-8c1e5526238d/datanode-0/data/ratis/bd77c209-e90f-428d-892b-c19e6adc8a49: Starting segment from index:0
2019-09-20 10:24:13,513 [66416d0b-a71c-4af1-ae3a-62ca63b880a3:group-014793148E75:LeaderElection7] INFO  segmented.SegmentedRaftLogWorker (SegmentedRaftLogWorker.java:startLogSegment(380)) - 66416d0b-a71c-4af1-ae3a-62ca63b880a3-SegmentedRaftLogWorker:Storage Directory /workdir/hadoop-ozone/integration-test/target/test-dir/MiniOzoneClusterImpl-7bc36abf-c66f-431a-931d-8c1e5526238d/datanode-2/data/ratis/b9992891-60d5-43b0-a0f4-014793148e75: Starting segment from index:0
2019-09-20 10:24:13,513 [17e2ba94-38a1-40e7-84e0-f6802901db84:group-C19E6ADC8A49:LeaderElection6] INFO  impl.RaftServerImpl (ServerState.java:setRaftConf(361)) - 17e2ba94-38a1-40e7-84e0-f6802901db84:group-C19E6ADC8A49 set configuration 0: [17e2ba94-38a1-40e7-84e0-f6802901db84:192.168.36.99:43716], old=null at 0
2019-09-20 10:24:13,515 [66416d0b-a71c-4af1-ae3a-62ca63b880a3:group-014793148E75:LeaderElection7] INFO  impl.RaftServerImpl (ServerState.java:setRaftConf(361)) - 66416d0b-a71c-4af1-ae3a-62ca63b880a3:group-014793148E75 set configuration 0: [66416d0b-a71c-4af1-ae3a-62ca63b880a3:192.168.36.99:43326], old=null at 0
2019-09-20 10:24:13,556 [Thread-260] INFO  impl.FollowerState (FollowerState.java:run(106)) - 3d6f3241-e73c-473a-ad0b-c7be2f7e1dda:group-79F55F34FB43 changes to CANDIDATE, lastRpcTime:1072, electionTimeout:1060ms
2019-09-20 10:24:13,556 [Thread-260] INFO  impl.RoleInfo (RoleInfo.java:shutdownFollowerState(121)) - 3d6f3241-e73c-473a-ad0b-c7be2f7e1dda: shutdown FollowerState
2019-09-20 10:24:13,556 [pool-38-thread-1] INFO  storage.RaftStorage (RaftStorage.java:format(72)) - Storage directory /workdir/hadoop-ozone/integration-test/target/test-dir/MiniOzoneClusterImpl-7bc36abf-c66f-431a-931d-8c1e5526238d/datanode-1/data/ratis/bb21125a-31ca-4f3b-9056-47d79ad243e9 has been successfully formatted.
2019-09-20 10:24:13,556 [Thread-260] INFO  impl.RaftServerImpl (RaftServerImpl.java:setRole(171)) - 3d6f3241-e73c-473a-ad0b-c7be2f7e1dda:group-79F55F34FB43 changes role from FOLLOWER to CANDIDATE at term 0 for changeToCandidate
2019-09-20 10:24:13,557 [Thread-260] INFO  impl.RoleInfo (RoleInfo.java:updateAndGet(143)) - 3d6f3241-e73c-473a-ad0b-c7be2f7e1dda: start LeaderElection
2019-09-20 10:24:13,557 [pool-38-thread-1] INFO  ratis.ContainerStateMachine (ContainerStateMachine.java:loadSnapshot(226)) - group-47D79AD243E9: The snapshot info is null. Setting the last applied indexto:(t:0, i:~)
2019-09-20 10:24:13,559 [pool-38-thread-1] INFO  server.RaftServerConfigKeys (ConfUtils.java:logGet(43)) - raft.server.leader.election.timeout = 120s (custom)
2019-09-20 10:24:13,563 [pool-38-thread-1] INFO  server.RaftServerConfigKeys (ConfUtils.java:logGet(43)) - raft.server.log.use.memory = false (default)
2019-09-20 10:24:13,563 [pool-38-thread-1] INFO  server.RaftServerConfigKeys (ConfUtils.java:logGet(43)) - raft.server.log.purge.gap = 1000000 (custom)
2019-09-20 10:24:13,563 [pool-38-thread-1] INFO  server.RaftServerConfigKeys (ConfUtils.java:logGet(43)) - raft.server.log.appender.buffer.byte-limit = 33554432 (custom)
2019-09-20 10:24:13,563 [pool-38-thread-1] INFO  server.RaftServerConfigKeys (ConfUtils.java:logGet(43)) - raft.server.log.segment.size.max = 1048576 (custom)
2019-09-20 10:24:13,563 [pool-38-thread-1] INFO  server.RaftServerConfigKeys (ConfUtils.java:logGet(43)) - raft.server.log.segment.cache.num.max = 2 (custom)
2019-09-20 10:24:13,564 [pool-38-thread-1] INFO  segmented.SegmentedRaftLogWorker (SegmentedRaftLogWorker.java:<init>(172)) - new 3d6f3241-e73c-473a-ad0b-c7be2f7e1dda-SegmentedRaftLogWorker:Storage Directory /workdir/hadoop-ozone/integration-test/target/test-dir/MiniOzoneClusterImpl-7bc36abf-c66f-431a-931d-8c1e5526238d/datanode-1/data/ratis/bb21125a-31ca-4f3b-9056-47d79ad243e9 for RaftStorage:Storage Directory /workdir/hadoop-ozone/integration-test/target/test-dir/MiniOzoneClusterImpl-7bc36abf-c66f-431a-931d-8c1e5526238d/datanode-1/data/ratis/bb21125a-31ca-4f3b-9056-47d79ad243e9
2019-09-20 10:24:13,564 [pool-38-thread-1] INFO  server.RaftServerConfigKeys (ConfUtils.java:logGet(43)) - raft.server.log.queue.byte-limit = 2147483647 (custom)
2019-09-20 10:24:13,564 [pool-38-thread-1] INFO  server.RaftServerConfigKeys (ConfUtils.java:logGet(43)) - raft.server.log.queue.element-limit = 1024 (custom)
2019-09-20 10:24:13,564 [pool-38-thread-1] INFO  server.RaftServerConfigKeys (ConfUtils.java:logGet(43)) - raft.server.log.segment.size.max = 1048576 (custom)
2019-09-20 10:24:13,564 [pool-38-thread-1] INFO  server.RaftServerConfigKeys (ConfUtils.java:logGet(43)) - raft.server.log.preallocated.size = 16384 (custom)
2019-09-20 10:24:13,565 [pool-38-thread-1] INFO  server.RaftServerConfigKeys (ConfUtils.java:logGet(43)) - raft.server.log.write.buffer.size = 33554432 (custom)
2019-09-20 10:24:13,565 [pool-38-thread-1] INFO  server.RaftServerConfigKeys (ConfUtils.java:logGet(43)) - raft.server.log.force.sync.num = 128 (default)
2019-09-20 10:24:13,565 [pool-38-thread-1] INFO  server.RaftServerConfigKeys (ConfUtils.java:logGet(43)) - raft.server.log.statemachine.data.sync = true (default)
2019-09-20 10:24:13,565 [pool-38-thread-1] INFO  server.RaftServerConfigKeys (ConfUtils.java:logGet(43)) - raft.server.log.statemachine.data.sync.timeout = 10s (default)
2019-09-20 10:24:13,565 [pool-38-thread-1] INFO  server.RaftServerConfigKeys (ConfUtils.java:logGet(43)) - raft.server.log.statemachine.data.sync.timeout.retry = -1 (default)
2019-09-20 10:24:13,566 [pool-38-thread-1] INFO  server.RaftServerConfigKeys (ConfUtils.java:logGet(43)) - raft.server.log.statemachine.data.caching.enabled = true (custom)
2019-09-20 10:24:13,567 [pool-38-thread-1] INFO  segmented.SegmentedRaftLogWorker (SegmentedRaftLogWorker.java:lambda$new$0(132)) - 3d6f3241-e73c-473a-ad0b-c7be2f7e1dda-SegmentedRaftLogWorker:Storage Directory /workdir/hadoop-ozone/integration-test/target/test-dir/MiniOzoneClusterImpl-7bc36abf-c66f-431a-931d-8c1e5526238d/datanode-1/data/ratis/bb21125a-31ca-4f3b-9056-47d79ad243e9: flushIndex: setUnconditionally 0 -> -1
2019-09-20 10:24:13,567 [pool-38-thread-1] INFO  server.RaftServerConfigKeys (ConfUtils.java:logGet(43)) - raft.server.snapshot.auto.trigger.enabled = true (custom)
2019-09-20 10:24:13,568 [pool-38-thread-1] INFO  server.RaftServerConfigKeys (ConfUtils.java:logGet(43)) - raft.server.snapshot.auto.trigger.threshold = 10000 (custom)
2019-09-20 10:24:13,568 [pool-38-thread-1] INFO  server.RaftServerConfigKeys (ConfUtils.java:logGet(43)) - raft.server.retrycache.expirytime = 600000ms (custom)
2019-09-20 10:24:13,568 [pool-38-thread-1] INFO  impl.RaftServerImpl (RaftServerImpl.java:start(180)) - 3d6f3241-e73c-473a-ad0b-c7be2f7e1dda: start group-47D79AD243E9
2019-09-20 10:24:13,568 [pool-38-thread-1] INFO  impl.RaftServerImpl (RaftServerImpl.java:setRole(171)) - 3d6f3241-e73c-473a-ad0b-c7be2f7e1dda:group-47D79AD243E9 changes role from null to FOLLOWER at term 0 for startAsFollower
2019-09-20 10:24:13,569 [pool-38-thread-1] INFO  impl.RoleInfo (RoleInfo.java:updateAndGet(143)) - 3d6f3241-e73c-473a-ad0b-c7be2f7e1dda: start FollowerState
2019-09-20 10:24:13,569 [pool-38-thread-1] INFO  util.JmxRegister (JmxRegister.java:tryRegister(44)) - Successfully registered JMX Bean with object name Ratis:service=RaftServer,group=group-47D79AD243E9,id=3d6f3241-e73c-473a-ad0b-c7be2f7e1dda
2019-09-20 10:24:13,575 [17e2ba94-38a1-40e7-84e0-f6802901db84-SegmentedRaftLogWorker:Storage Directory /workdir/hadoop-ozone/integration-test/target/test-dir/MiniOzoneClusterImpl-7bc36abf-c66f-431a-931d-8c1e5526238d/datanode-0/data/ratis/bd77c209-e90f-428d-892b-c19e6adc8a49] INFO  segmented.SegmentedRaftLogWorker (SegmentedRaftLogWorker.java:execute(569)) - 17e2ba94-38a1-40e7-84e0-f6802901db84-SegmentedRaftLogWorker:Storage Directory /workdir/hadoop-ozone/integration-test/target/test-dir/MiniOzoneClusterImpl-7bc36abf-c66f-431a-931d-8c1e5526238d/datanode-0/data/ratis/bd77c209-e90f-428d-892b-c19e6adc8a49: created new log segment /workdir/hadoop-ozone/integration-test/target/test-dir/MiniOzoneClusterImpl-7bc36abf-c66f-431a-931d-8c1e5526238d/datanode-0/data/ratis/bd77c209-e90f-428d-892b-c19e6adc8a49/current/log_inprogress_0
2019-09-20 10:24:13,578 [3d6f3241-e73c-473a-ad0b-c7be2f7e1dda:group-79F55F34FB43:LeaderElection8] INFO  impl.LeaderElection (LeaderElection.java:askForVotes(181)) - 3d6f3241-e73c-473a-ad0b-c7be2f7e1dda:group-79F55F34FB43:LeaderElection8: begin an election at term 1 for -1: [3d6f3241-e73c-473a-ad0b-c7be2f7e1dda:192.168.36.99:33174], old=null
2019-09-20 10:24:13,578 [RatisPipelineUtilsThread] INFO  pipeline.PipelineStateManager (PipelineStateManager.java:addPipeline(56)) - Created pipeline Pipeline[ Id: bb21125a-31ca-4f3b-9056-47d79ad243e9, Nodes: 3d6f3241-e73c-473a-ad0b-c7be2f7e1dda{ip: 192.168.36.99, host: pr-hdds-1569-p5fx8-1226042367, networkLocation: /default-rack, certSerialId: null}, Type:RATIS, Factor:ONE, State:OPEN]
2019-09-20 10:24:13,578 [66416d0b-a71c-4af1-ae3a-62ca63b880a3-SegmentedRaftLogWorker:Storage Directory /workdir/hadoop-ozone/integration-test/target/test-dir/MiniOzoneClusterImpl-7bc36abf-c66f-431a-931d-8c1e5526238d/datanode-2/data/ratis/b9992891-60d5-43b0-a0f4-014793148e75] INFO  segmented.SegmentedRaftLogWorker (SegmentedRaftLogWorker.java:execute(569)) - 66416d0b-a71c-4af1-ae3a-62ca63b880a3-SegmentedRaftLogWorker:Storage Directory /workdir/hadoop-ozone/integration-test/target/test-dir/MiniOzoneClusterImpl-7bc36abf-c66f-431a-931d-8c1e5526238d/datanode-2/data/ratis/b9992891-60d5-43b0-a0f4-014793148e75: created new log segment /workdir/hadoop-ozone/integration-test/target/test-dir/MiniOzoneClusterImpl-7bc36abf-c66f-431a-931d-8c1e5526238d/datanode-2/data/ratis/b9992891-60d5-43b0-a0f4-014793148e75/current/log_inprogress_0
2019-09-20 10:24:13,581 [RatisPipelineUtilsThread] INFO  pipeline.PipelinePlacementPolicy (PipelinePlacementPolicy.java:meetCriteria(91)) - Pipeline Placement: Doesn't meet the criteria to be viable node： 17e2ba94-38a1-40e7-84e0-f6802901db84 Heaviness: 6 limit: 5
2019-09-20 10:24:13,581 [3d6f3241-e73c-473a-ad0b-c7be2f7e1dda:group-79F55F34FB43:LeaderElection8] INFO  impl.RoleInfo (RoleInfo.java:shutdownLeaderElection(134)) - 3d6f3241-e73c-473a-ad0b-c7be2f7e1dda: shutdown LeaderElection
2019-09-20 10:24:13,583 [3d6f3241-e73c-473a-ad0b-c7be2f7e1dda:group-79F55F34FB43:LeaderElection8] INFO  impl.RaftServerImpl (RaftServerImpl.java:setRole(171)) - 3d6f3241-e73c-473a-ad0b-c7be2f7e1dda:group-79F55F34FB43 changes role from CANDIDATE to LEADER at term 1 for changeToLeader
2019-09-20 10:24:13,583 [3d6f3241-e73c-473a-ad0b-c7be2f7e1dda:group-79F55F34FB43:LeaderElection8] INFO  impl.RaftServerImpl (ServerState.java:setLeader(263)) - 3d6f3241-e73c-473a-ad0b-c7be2f7e1dda:group-79F55F34FB43 change Leader from null to 3d6f3241-e73c-473a-ad0b-c7be2f7e1dda at term 1 for becomeLeader, leader elected after 1104ms
2019-09-20 10:24:13,585 [3d6f3241-e73c-473a-ad0b-c7be2f7e1dda:group-79F55F34FB43:LeaderElection8] INFO  server.RaftServerConfigKeys (ConfUtils.java:logGet(43)) - raft.server.staging.catchup.gap = 1000 (default)
2019-09-20 10:24:13,586 [3d6f3241-e73c-473a-ad0b-c7be2f7e1dda:group-79F55F34FB43:LeaderElection8] INFO  server.RaftServerConfigKeys (ConfUtils.java:logGet(43)) - raft.server.rpc.sleep.time = 25ms (default)
2019-09-20 10:24:13,586 [3d6f3241-e73c-473a-ad0b-c7be2f7e1dda:group-79F55F34FB43:LeaderElection8] INFO  server.RaftServerConfigKeys (ConfUtils.java:logGet(43)) - raft.server.write.element-limit = 4096 (default)
2019-09-20 10:24:13,586 [3d6f3241-e73c-473a-ad0b-c7be2f7e1dda:group-79F55F34FB43:LeaderElection8] INFO  server.RaftServerConfigKeys (ConfUtils.java:logGet(43)) - raft.server.watch.timeout = 10s (default)
2019-09-20 10:24:13,587 [3d6f3241-e73c-473a-ad0b-c7be2f7e1dda:group-79F55F34FB43:LeaderElection8] INFO  server.RaftServerConfigKeys (ConfUtils.java:logGet(43)) - raft.server.watch.timeout.denomination = 1s (default)
2019-09-20 10:24:13,589 [3d6f3241-e73c-473a-ad0b-c7be2f7e1dda:group-79F55F34FB43:LeaderElection8] INFO  server.RaftServerConfigKeys (ConfUtils.java:logGet(43)) - raft.server.watch.element-limit = 65536 (default)
2019-09-20 10:24:13,591 [3d6f3241-e73c-473a-ad0b-c7be2f7e1dda:group-79F55F34FB43:LeaderElection8] INFO  impl.RoleInfo (RoleInfo.java:updateAndGet(143)) - 3d6f3241-e73c-473a-ad0b-c7be2f7e1dda: start LeaderState
2019-09-20 10:24:13,597 [3d6f3241-e73c-473a-ad0b-c7be2f7e1dda:group-79F55F34FB43:LeaderElection8] INFO  segmented.SegmentedRaftLogWorker (SegmentedRaftLogWorker.java:startLogSegment(380)) - 3d6f3241-e73c-473a-ad0b-c7be2f7e1dda-SegmentedRaftLogWorker:Storage Directory /workdir/hadoop-ozone/integration-test/target/test-dir/MiniOzoneClusterImpl-7bc36abf-c66f-431a-931d-8c1e5526238d/datanode-1/data/ratis/8017a921-df26-45ee-8b30-79f55f34fb43: Starting segment from index:0
2019-09-20 10:24:13,597 | INFO  | SCMAudit | user=jenkins1000 | ip=192.168.36.99 | op=SEND_HEARTBEAT {datanodeUUID=1ab786b9-c79c-4265-88a1-5b3344c6beda, command=[]} | ret=SUCCESS |  
2019-09-20 10:24:13,598 [3d6f3241-e73c-473a-ad0b-c7be2f7e1dda:group-79F55F34FB43:LeaderElection8] INFO  impl.RaftServerImpl (ServerState.java:setRaftConf(361)) - 3d6f3241-e73c-473a-ad0b-c7be2f7e1dda:group-79F55F34FB43 set configuration 0: [3d6f3241-e73c-473a-ad0b-c7be2f7e1dda:192.168.36.99:33174], old=null at 0
2019-09-20 10:24:13,639 | INFO  | SCMAudit | user=jenkins1000 | ip=192.168.36.99 | op=SEND_HEARTBEAT {datanodeUUID=3d6f3241-e73c-473a-ad0b-c7be2f7e1dda, command=[]} | ret=SUCCESS |  
2019-09-20 10:24:13,643 [grpc-default-executor-0] INFO  impl.RaftServerProxy (RaftServerProxy.java:addNew(89)) - 3d6f3241-e73c-473a-ad0b-c7be2f7e1dda: addNew group-ABE19877C732:[3d6f3241-e73c-473a-ad0b-c7be2f7e1dda:192.168.36.99:33174] returns group-ABE19877C732:java.util.concurrent.CompletableFuture@1d0f22d9[Not completed]
2019-09-20 10:24:13,645 [pool-38-thread-1] INFO  impl.RaftServerImpl (RaftServerImpl.java:<init>(93)) - 3d6f3241-e73c-473a-ad0b-c7be2f7e1dda: new RaftServerImpl for group-ABE19877C732:[3d6f3241-e73c-473a-ad0b-c7be2f7e1dda:192.168.36.99:33174] with ContainerStateMachine:uninitialized
2019-09-20 10:24:13,646 [pool-38-thread-1] INFO  server.RaftServerConfigKeys (ConfUtils.java:logGet(43)) - raft.server.rpc.timeout.min = 1s (custom)
2019-09-20 10:24:13,646 [pool-38-thread-1] INFO  server.RaftServerConfigKeys (ConfUtils.java:logGet(43)) - raft.server.rpc.timeout.max = 1200ms (custom)
2019-09-20 10:24:13,646 [pool-38-thread-1] INFO  server.RaftServerConfigKeys (ConfUtils.java:logGet(43)) - raft.server.rpcslowness.timeout = 120s (custom)
2019-09-20 10:24:13,646 [pool-38-thread-1] INFO  server.RaftServerConfigKeys (ConfUtils.java:logGet(43)) - raft.server.sleep.deviation.threshold = 300 (default)
2019-09-20 10:24:13,646 [pool-38-thread-1] INFO  server.RaftServerConfigKeys (ConfUtils.java:logGet(43)) - raft.server.log.appender.install.snapshot.enabled = false (custom)
2019-09-20 10:24:13,647 [pool-38-thread-1] INFO  impl.RaftServerImpl (ServerState.java:<init>(105)) - 3d6f3241-e73c-473a-ad0b-c7be2f7e1dda:group-ABE19877C732 ConfigurationManager, init=-1: [3d6f3241-e73c-473a-ad0b-c7be2f7e1dda:192.168.36.99:33174], old=null, confs=<EMPTY_MAP>
2019-09-20 10:24:13,647 [pool-38-thread-1] INFO  server.RaftServerConfigKeys (ConfUtils.java:logGet(43)) - raft.server.storage.dir = [/workdir/hadoop-ozone/integration-test/target/test-dir/MiniOzoneClusterImpl-7bc36abf-c66f-431a-931d-8c1e5526238d/datanode-1/data/ratis] (custom)
2019-09-20 10:24:13,647 [pool-38-thread-1] INFO  storage.RaftStorageDirectory (RaftStorageDirectory.java:analyzeStorage(246)) - The storage directory /workdir/hadoop-ozone/integration-test/target/test-dir/MiniOzoneClusterImpl-7bc36abf-c66f-431a-931d-8c1e5526238d/datanode-1/data/ratis/0acb072f-15d7-4982-b1ec-abe19877c732 does not exist. Creating ...
2019-09-20 10:24:13,659 [3d6f3241-e73c-473a-ad0b-c7be2f7e1dda-SegmentedRaftLogWorker:Storage Directory /workdir/hadoop-ozone/integration-test/target/test-dir/MiniOzoneClusterImpl-7bc36abf-c66f-431a-931d-8c1e5526238d/datanode-1/data/ratis/8017a921-df26-45ee-8b30-79f55f34fb43] INFO  segmented.SegmentedRaftLogWorker (SegmentedRaftLogWorker.java:execute(569)) - 3d6f3241-e73c-473a-ad0b-c7be2f7e1dda-SegmentedRaftLogWorker:Storage Directory /workdir/hadoop-ozone/integration-test/target/test-dir/MiniOzoneClusterImpl-7bc36abf-c66f-431a-931d-8c1e5526238d/datanode-1/data/ratis/8017a921-df26-45ee-8b30-79f55f34fb43: created new log segment /workdir/hadoop-ozone/integration-test/target/test-dir/MiniOzoneClusterImpl-7bc36abf-c66f-431a-931d-8c1e5526238d/datanode-1/data/ratis/8017a921-df26-45ee-8b30-79f55f34fb43/current/log_inprogress_0
2019-09-20 10:24:13,676 [pool-38-thread-1] INFO  storage.RaftStorageDirectory (RaftStorageDirectory.java:tryLock(328)) - Lock on /workdir/hadoop-ozone/integration-test/target/test-dir/MiniOzoneClusterImpl-7bc36abf-c66f-431a-931d-8c1e5526238d/datanode-1/data/ratis/0acb072f-15d7-4982-b1ec-abe19877c732/in_use.lock acquired by nodename 28506@pr-hdds-1569-p5fx8-1226042367
2019-09-20 10:24:13,693 [Thread-263] INFO  impl.FollowerState (FollowerState.java:run(106)) - 3d6f3241-e73c-473a-ad0b-c7be2f7e1dda:group-AD9EA02BA87A changes to CANDIDATE, lastRpcTime:1123, electionTimeout:1123ms
2019-09-20 10:24:13,694 [Thread-263] INFO  impl.RoleInfo (RoleInfo.java:shutdownFollowerState(121)) - 3d6f3241-e73c-473a-ad0b-c7be2f7e1dda: shutdown FollowerState
2019-09-20 10:24:13,694 [Thread-263] INFO  impl.RaftServerImpl (RaftServerImpl.java:setRole(171)) - 3d6f3241-e73c-473a-ad0b-c7be2f7e1dda:group-AD9EA02BA87A changes role from FOLLOWER to CANDIDATE at term 0 for changeToCandidate
2019-09-20 10:24:13,695 [Thread-263] INFO  impl.RoleInfo (RoleInfo.java:updateAndGet(143)) - 3d6f3241-e73c-473a-ad0b-c7be2f7e1dda: start LeaderElection
2019-09-20 10:24:13,710 [pool-38-thread-1] INFO  storage.RaftStorage (RaftStorage.java:format(72)) - Storage directory /workdir/hadoop-ozone/integration-test/target/test-dir/MiniOzoneClusterImpl-7bc36abf-c66f-431a-931d-8c1e5526238d/datanode-1/data/ratis/0acb072f-15d7-4982-b1ec-abe19877c732 has been successfully formatted.
2019-09-20 10:24:13,710 [pool-38-thread-1] INFO  ratis.ContainerStateMachine (ContainerStateMachine.java:loadSnapshot(226)) - group-ABE19877C732: The snapshot info is null. Setting the last applied indexto:(t:0, i:~)
2019-09-20 10:24:13,710 [pool-38-thread-1] INFO  server.RaftServerConfigKeys (ConfUtils.java:logGet(43)) - raft.server.leader.election.timeout = 120s (custom)
2019-09-20 10:24:13,710 [pool-38-thread-1] INFO  server.RaftServerConfigKeys (ConfUtils.java:logGet(43)) - raft.server.log.use.memory = false (default)
2019-09-20 10:24:13,711 [pool-38-thread-1] INFO  server.RaftServerConfigKeys (ConfUtils.java:logGet(43)) - raft.server.log.purge.gap = 1000000 (custom)
2019-09-20 10:24:13,711 [pool-38-thread-1] INFO  server.RaftServerConfigKeys (ConfUtils.java:logGet(43)) - raft.server.log.appender.buffer.byte-limit = 33554432 (custom)
2019-09-20 10:24:13,711 [pool-38-thread-1] INFO  server.RaftServerConfigKeys (ConfUtils.java:logGet(43)) - raft.server.log.segment.size.max = 1048576 (custom)
2019-09-20 10:24:13,711 [pool-38-thread-1] INFO  server.RaftServerConfigKeys (ConfUtils.java:logGet(43)) - raft.server.log.segment.cache.num.max = 2 (custom)
2019-09-20 10:24:13,711 [pool-38-thread-1] INFO  segmented.SegmentedRaftLogWorker (SegmentedRaftLogWorker.java:<init>(172)) - new 3d6f3241-e73c-473a-ad0b-c7be2f7e1dda-SegmentedRaftLogWorker:Storage Directory /workdir/hadoop-ozone/integration-test/target/test-dir/MiniOzoneClusterImpl-7bc36abf-c66f-431a-931d-8c1e5526238d/datanode-1/data/ratis/0acb072f-15d7-4982-b1ec-abe19877c732 for RaftStorage:Storage Directory /workdir/hadoop-ozone/integration-test/target/test-dir/MiniOzoneClusterImpl-7bc36abf-c66f-431a-931d-8c1e5526238d/datanode-1/data/ratis/0acb072f-15d7-4982-b1ec-abe19877c732
2019-09-20 10:24:13,711 [pool-38-thread-1] INFO  server.RaftServerConfigKeys (ConfUtils.java:logGet(43)) - raft.server.log.queue.byte-limit = 2147483647 (custom)
2019-09-20 10:24:13,711 [pool-38-thread-1] INFO  server.RaftServerConfigKeys (ConfUtils.java:logGet(43)) - raft.server.log.queue.element-limit = 1024 (custom)
2019-09-20 10:24:13,712 [pool-38-thread-1] INFO  server.RaftServerConfigKeys (ConfUtils.java:logGet(43)) - raft.server.log.segment.size.max = 1048576 (custom)
2019-09-20 10:24:13,712 [pool-38-thread-1] INFO  server.RaftServerConfigKeys (ConfUtils.java:logGet(43)) - raft.server.log.preallocated.size = 16384 (custom)
2019-09-20 10:24:13,712 [pool-38-thread-1] INFO  server.RaftServerConfigKeys (ConfUtils.java:logGet(43)) - raft.server.log.write.buffer.size = 33554432 (custom)
2019-09-20 10:24:13,712 [pool-38-thread-1] INFO  server.RaftServerConfigKeys (ConfUtils.java:logGet(43)) - raft.server.log.force.sync.num = 128 (default)
2019-09-20 10:24:13,712 [pool-38-thread-1] INFO  server.RaftServerConfigKeys (ConfUtils.java:logGet(43)) - raft.server.log.statemachine.data.sync = true (default)
2019-09-20 10:24:13,712 [pool-38-thread-1] INFO  server.RaftServerConfigKeys (ConfUtils.java:logGet(43)) - raft.server.log.statemachine.data.sync.timeout = 10s (default)
2019-09-20 10:24:13,712 [pool-38-thread-1] INFO  server.RaftServerConfigKeys (ConfUtils.java:logGet(43)) - raft.server.log.statemachine.data.sync.timeout.retry = -1 (default)
2019-09-20 10:24:13,713 [pool-38-thread-1] INFO  server.RaftServerConfigKeys (ConfUtils.java:logGet(43)) - raft.server.log.statemachine.data.caching.enabled = true (custom)
2019-09-20 10:24:13,713 [pool-38-thread-1] INFO  segmented.SegmentedRaftLogWorker (SegmentedRaftLogWorker.java:lambda$new$0(132)) - 3d6f3241-e73c-473a-ad0b-c7be2f7e1dda-SegmentedRaftLogWorker:Storage Directory /workdir/hadoop-ozone/integration-test/target/test-dir/MiniOzoneClusterImpl-7bc36abf-c66f-431a-931d-8c1e5526238d/datanode-1/data/ratis/0acb072f-15d7-4982-b1ec-abe19877c732: flushIndex: setUnconditionally 0 -> -1
2019-09-20 10:24:13,713 [pool-38-thread-1] INFO  server.RaftServerConfigKeys (ConfUtils.java:logGet(43)) - raft.server.snapshot.auto.trigger.enabled = true (custom)
2019-09-20 10:24:13,713 [pool-38-thread-1] INFO  server.RaftServerConfigKeys (ConfUtils.java:logGet(43)) - raft.server.snapshot.auto.trigger.threshold = 10000 (custom)
2019-09-20 10:24:13,714 [pool-38-thread-1] INFO  server.RaftServerConfigKeys (ConfUtils.java:logGet(43)) - raft.server.retrycache.expirytime = 600000ms (custom)
2019-09-20 10:24:13,714 [pool-38-thread-1] INFO  impl.RaftServerImpl (RaftServerImpl.java:start(180)) - 3d6f3241-e73c-473a-ad0b-c7be2f7e1dda: start group-ABE19877C732
2019-09-20 10:24:13,714 [pool-38-thread-1] INFO  impl.RaftServerImpl (RaftServerImpl.java:setRole(171)) - 3d6f3241-e73c-473a-ad0b-c7be2f7e1dda:group-ABE19877C732 changes role from null to FOLLOWER at term 0 for startAsFollower
2019-09-20 10:24:13,714 [pool-38-thread-1] INFO  impl.RoleInfo (RoleInfo.java:updateAndGet(143)) - 3d6f3241-e73c-473a-ad0b-c7be2f7e1dda: start FollowerState
2019-09-20 10:24:13,715 [pool-38-thread-1] INFO  util.JmxRegister (JmxRegister.java:tryRegister(44)) - Successfully registered JMX Bean with object name Ratis:service=RaftServer,group=group-ABE19877C732,id=3d6f3241-e73c-473a-ad0b-c7be2f7e1dda
2019-09-20 10:24:13,720 [RatisPipelineUtilsThread] INFO  pipeline.PipelineStateManager (PipelineStateManager.java:addPipeline(56)) - Created pipeline Pipeline[ Id: 0acb072f-15d7-4982-b1ec-abe19877c732, Nodes: 3d6f3241-e73c-473a-ad0b-c7be2f7e1dda{ip: 192.168.36.99, host: pr-hdds-1569-p5fx8-1226042367, networkLocation: /default-rack, certSerialId: null}, Type:RATIS, Factor:ONE, State:OPEN]
2019-09-20 10:24:13,722 [RatisPipelineUtilsThread] INFO  pipeline.PipelinePlacementPolicy (PipelinePlacementPolicy.java:meetCriteria(91)) - Pipeline Placement: Doesn't meet the criteria to be viable node： 17e2ba94-38a1-40e7-84e0-f6802901db84 Heaviness: 6 limit: 5
2019-09-20 10:24:13,748 [3d6f3241-e73c-473a-ad0b-c7be2f7e1dda:group-AD9EA02BA87A:LeaderElection9] INFO  impl.LeaderElection (LeaderElection.java:askForVotes(181)) - 3d6f3241-e73c-473a-ad0b-c7be2f7e1dda:group-AD9EA02BA87A:LeaderElection9: begin an election at term 1 for -1: [3d6f3241-e73c-473a-ad0b-c7be2f7e1dda:192.168.36.99:33174], old=null
2019-09-20 10:24:13,749 [3d6f3241-e73c-473a-ad0b-c7be2f7e1dda:group-AD9EA02BA87A:LeaderElection9] INFO  impl.RoleInfo (RoleInfo.java:shutdownLeaderElection(134)) - 3d6f3241-e73c-473a-ad0b-c7be2f7e1dda: shutdown LeaderElection
2019-09-20 10:24:13,749 [grpc-default-executor-0] INFO  impl.RaftServerProxy (RaftServerProxy.java:addNew(89)) - 3d6f3241-e73c-473a-ad0b-c7be2f7e1dda: addNew group-0032AD536867:[3d6f3241-e73c-473a-ad0b-c7be2f7e1dda:192.168.36.99:33174] returns group-0032AD536867:java.util.concurrent.CompletableFuture@29ede48e[Not completed]
2019-09-20 10:24:13,749 [3d6f3241-e73c-473a-ad0b-c7be2f7e1dda:group-AD9EA02BA87A:LeaderElection9] INFO  impl.RaftServerImpl (RaftServerImpl.java:setRole(171)) - 3d6f3241-e73c-473a-ad0b-c7be2f7e1dda:group-AD9EA02BA87A changes role from CANDIDATE to LEADER at term 1 for changeToLeader
2019-09-20 10:24:13,749 [3d6f3241-e73c-473a-ad0b-c7be2f7e1dda:group-AD9EA02BA87A:LeaderElection9] INFO  impl.RaftServerImpl (ServerState.java:setLeader(263)) - 3d6f3241-e73c-473a-ad0b-c7be2f7e1dda:group-AD9EA02BA87A change Leader from null to 3d6f3241-e73c-473a-ad0b-c7be2f7e1dda at term 1 for becomeLeader, leader elected after 1186ms
2019-09-20 10:24:13,750 [3d6f3241-e73c-473a-ad0b-c7be2f7e1dda:group-AD9EA02BA87A:LeaderElection9] INFO  server.RaftServerConfigKeys (ConfUtils.java:logGet(43)) - raft.server.staging.catchup.gap = 1000 (default)
2019-09-20 10:24:13,750 [3d6f3241-e73c-473a-ad0b-c7be2f7e1dda:group-AD9EA02BA87A:LeaderElection9] INFO  server.RaftServerConfigKeys (ConfUtils.java:logGet(43)) - raft.server.rpc.sleep.time = 25ms (default)
2019-09-20 10:24:13,750 [3d6f3241-e73c-473a-ad0b-c7be2f7e1dda:group-AD9EA02BA87A:LeaderElection9] INFO  server.RaftServerConfigKeys (ConfUtils.java:logGet(43)) - raft.server.write.element-limit = 4096 (default)
2019-09-20 10:24:13,750 [3d6f3241-e73c-473a-ad0b-c7be2f7e1dda:group-AD9EA02BA87A:LeaderElection9] INFO  server.RaftServerConfigKeys (ConfUtils.java:logGet(43)) - raft.server.watch.timeout = 10s (default)
2019-09-20 10:24:13,751 [3d6f3241-e73c-473a-ad0b-c7be2f7e1dda:group-AD9EA02BA87A:LeaderElection9] INFO  server.RaftServerConfigKeys (ConfUtils.java:logGet(43)) - raft.server.watch.timeout.denomination = 1s (default)
2019-09-20 10:24:13,751 [3d6f3241-e73c-473a-ad0b-c7be2f7e1dda:group-AD9EA02BA87A:LeaderElection9] INFO  server.RaftServerConfigKeys (ConfUtils.java:logGet(43)) - raft.server.watch.element-limit = 65536 (default)
2019-09-20 10:24:13,751 [pool-38-thread-1] INFO  impl.RaftServerImpl (RaftServerImpl.java:<init>(93)) - 3d6f3241-e73c-473a-ad0b-c7be2f7e1dda: new RaftServerImpl for group-0032AD536867:[3d6f3241-e73c-473a-ad0b-c7be2f7e1dda:192.168.36.99:33174] with ContainerStateMachine:uninitialized
2019-09-20 10:24:13,751 [3d6f3241-e73c-473a-ad0b-c7be2f7e1dda:group-AD9EA02BA87A:LeaderElection9] INFO  impl.RoleInfo (RoleInfo.java:updateAndGet(143)) - 3d6f3241-e73c-473a-ad0b-c7be2f7e1dda: start LeaderState
2019-09-20 10:24:13,751 [pool-38-thread-1] INFO  server.RaftServerConfigKeys (ConfUtils.java:logGet(43)) - raft.server.rpc.timeout.min = 1s (custom)
2019-09-20 10:24:13,752 [pool-38-thread-1] INFO  server.RaftServerConfigKeys (ConfUtils.java:logGet(43)) - raft.server.rpc.timeout.max = 1200ms (custom)
2019-09-20 10:24:13,752 [3d6f3241-e73c-473a-ad0b-c7be2f7e1dda:group-AD9EA02BA87A:LeaderElection9] INFO  segmented.SegmentedRaftLogWorker (SegmentedRaftLogWorker.java:startLogSegment(380)) - 3d6f3241-e73c-473a-ad0b-c7be2f7e1dda-SegmentedRaftLogWorker:Storage Directory /workdir/hadoop-ozone/integration-test/target/test-dir/MiniOzoneClusterImpl-7bc36abf-c66f-431a-931d-8c1e5526238d/datanode-1/data/ratis/9219e836-aaa9-4cfc-be44-ad9ea02ba87a: Starting segment from index:0
2019-09-20 10:24:13,752 [pool-38-thread-1] INFO  server.RaftServerConfigKeys (ConfUtils.java:logGet(43)) - raft.server.rpcslowness.timeout = 120s (custom)
2019-09-20 10:24:13,752 [pool-38-thread-1] INFO  server.RaftServerConfigKeys (ConfUtils.java:logGet(43)) - raft.server.sleep.deviation.threshold = 300 (default)
2019-09-20 10:24:13,752 [pool-38-thread-1] INFO  server.RaftServerConfigKeys (ConfUtils.java:logGet(43)) - raft.server.log.appender.install.snapshot.enabled = false (custom)
2019-09-20 10:24:13,752 [pool-38-thread-1] INFO  impl.RaftServerImpl (ServerState.java:<init>(105)) - 3d6f3241-e73c-473a-ad0b-c7be2f7e1dda:group-0032AD536867 ConfigurationManager, init=-1: [3d6f3241-e73c-473a-ad0b-c7be2f7e1dda:192.168.36.99:33174], old=null, confs=<EMPTY_MAP>
2019-09-20 10:24:13,753 [3d6f3241-e73c-473a-ad0b-c7be2f7e1dda:group-AD9EA02BA87A:LeaderElection9] INFO  impl.RaftServerImpl (ServerState.java:setRaftConf(361)) - 3d6f3241-e73c-473a-ad0b-c7be2f7e1dda:group-AD9EA02BA87A set configuration 0: [3d6f3241-e73c-473a-ad0b-c7be2f7e1dda:192.168.36.99:33174], old=null at 0
2019-09-20 10:24:13,793 [Thread-266] INFO  impl.FollowerState (FollowerState.java:run(106)) - 66416d0b-a71c-4af1-ae3a-62ca63b880a3:group-CD0026B36AE8 changes to CANDIDATE, lastRpcTime:1123, electionTimeout:1087ms
2019-09-20 10:24:13,793 [pool-38-thread-1] INFO  server.RaftServerConfigKeys (ConfUtils.java:logGet(43)) - raft.server.storage.dir = [/workdir/hadoop-ozone/integration-test/target/test-dir/MiniOzoneClusterImpl-7bc36abf-c66f-431a-931d-8c1e5526238d/datanode-1/data/ratis] (custom)
2019-09-20 10:24:13,793 [Thread-266] INFO  impl.RoleInfo (RoleInfo.java:shutdownFollowerState(121)) - 66416d0b-a71c-4af1-ae3a-62ca63b880a3: shutdown FollowerState
2019-09-20 10:24:13,796 [Thread-266] INFO  impl.RaftServerImpl (RaftServerImpl.java:setRole(171)) - 66416d0b-a71c-4af1-ae3a-62ca63b880a3:group-CD0026B36AE8 changes role from FOLLOWER to CANDIDATE at term 0 for changeToCandidate
2019-09-20 10:24:13,796 [pool-38-thread-1] INFO  storage.RaftStorageDirectory (RaftStorageDirectory.java:analyzeStorage(246)) - The storage directory /workdir/hadoop-ozone/integration-test/target/test-dir/MiniOzoneClusterImpl-7bc36abf-c66f-431a-931d-8c1e5526238d/datanode-1/data/ratis/603cc408-ed15-43ec-bb2c-0032ad536867 does not exist. Creating ...
2019-09-20 10:24:13,796 [Thread-266] INFO  impl.RoleInfo (RoleInfo.java:updateAndGet(143)) - 66416d0b-a71c-4af1-ae3a-62ca63b880a3: start LeaderElection
2019-09-20 10:24:13,797 | INFO  | SCMAudit | user=jenkins1000 | ip=192.168.36.99 | op=SEND_HEARTBEAT {datanodeUUID=7af711bd-b5ae-4a73-a8be-b970cae6c2d1, command=[]} | ret=SUCCESS |  
2019-09-20 10:24:13,811 [3d6f3241-e73c-473a-ad0b-c7be2f7e1dda-SegmentedRaftLogWorker:Storage Directory /workdir/hadoop-ozone/integration-test/target/test-dir/MiniOzoneClusterImpl-7bc36abf-c66f-431a-931d-8c1e5526238d/datanode-1/data/ratis/9219e836-aaa9-4cfc-be44-ad9ea02ba87a] INFO  segmented.SegmentedRaftLogWorker (SegmentedRaftLogWorker.java:execute(569)) - 3d6f3241-e73c-473a-ad0b-c7be2f7e1dda-SegmentedRaftLogWorker:Storage Directory /workdir/hadoop-ozone/integration-test/target/test-dir/MiniOzoneClusterImpl-7bc36abf-c66f-431a-931d-8c1e5526238d/datanode-1/data/ratis/9219e836-aaa9-4cfc-be44-ad9ea02ba87a: created new log segment /workdir/hadoop-ozone/integration-test/target/test-dir/MiniOzoneClusterImpl-7bc36abf-c66f-431a-931d-8c1e5526238d/datanode-1/data/ratis/9219e836-aaa9-4cfc-be44-ad9ea02ba87a/current/log_inprogress_0
2019-09-20 10:24:13,828 [pool-38-thread-1] INFO  storage.RaftStorageDirectory (RaftStorageDirectory.java:tryLock(328)) - Lock on /workdir/hadoop-ozone/integration-test/target/test-dir/MiniOzoneClusterImpl-7bc36abf-c66f-431a-931d-8c1e5526238d/datanode-1/data/ratis/603cc408-ed15-43ec-bb2c-0032ad536867/in_use.lock acquired by nodename 28506@pr-hdds-1569-p5fx8-1226042367
2019-09-20 10:24:13,828 [66416d0b-a71c-4af1-ae3a-62ca63b880a3:group-CD0026B36AE8:LeaderElection10] INFO  impl.LeaderElection (LeaderElection.java:askForVotes(181)) - 66416d0b-a71c-4af1-ae3a-62ca63b880a3:group-CD0026B36AE8:LeaderElection10: begin an election at term 1 for -1: [66416d0b-a71c-4af1-ae3a-62ca63b880a3:192.168.36.99:43326], old=null
2019-09-20 10:24:13,830 [66416d0b-a71c-4af1-ae3a-62ca63b880a3:group-CD0026B36AE8:LeaderElection10] INFO  impl.RoleInfo (RoleInfo.java:shutdownLeaderElection(134)) - 66416d0b-a71c-4af1-ae3a-62ca63b880a3: shutdown LeaderElection
2019-09-20 10:24:13,831 [66416d0b-a71c-4af1-ae3a-62ca63b880a3:group-CD0026B36AE8:LeaderElection10] INFO  impl.RaftServerImpl (RaftServerImpl.java:setRole(171)) - 66416d0b-a71c-4af1-ae3a-62ca63b880a3:group-CD0026B36AE8 changes role from CANDIDATE to LEADER at term 1 for changeToLeader
2019-09-20 10:24:13,831 [66416d0b-a71c-4af1-ae3a-62ca63b880a3:group-CD0026B36AE8:LeaderElection10] INFO  impl.RaftServerImpl (ServerState.java:setLeader(263)) - 66416d0b-a71c-4af1-ae3a-62ca63b880a3:group-CD0026B36AE8 change Leader from null to 66416d0b-a71c-4af1-ae3a-62ca63b880a3 at term 1 for becomeLeader, leader elected after 1166ms
2019-09-20 10:24:13,831 [66416d0b-a71c-4af1-ae3a-62ca63b880a3:group-CD0026B36AE8:LeaderElection10] INFO  server.RaftServerConfigKeys (ConfUtils.java:logGet(43)) - raft.server.staging.catchup.gap = 1000 (default)
2019-09-20 10:24:13,831 [66416d0b-a71c-4af1-ae3a-62ca63b880a3:group-CD0026B36AE8:LeaderElection10] INFO  server.RaftServerConfigKeys (ConfUtils.java:logGet(43)) - raft.server.rpc.sleep.time = 25ms (default)
2019-09-20 10:24:13,831 [66416d0b-a71c-4af1-ae3a-62ca63b880a3:group-CD0026B36AE8:LeaderElection10] INFO  server.RaftServerConfigKeys (ConfUtils.java:logGet(43)) - raft.server.write.element-limit = 4096 (default)
2019-09-20 10:24:13,832 [66416d0b-a71c-4af1-ae3a-62ca63b880a3:group-CD0026B36AE8:LeaderElection10] INFO  server.RaftServerConfigKeys (ConfUtils.java:logGet(43)) - raft.server.watch.timeout = 10s (default)
2019-09-20 10:24:13,832 [66416d0b-a71c-4af1-ae3a-62ca63b880a3:group-CD0026B36AE8:LeaderElection10] INFO  server.RaftServerConfigKeys (ConfUtils.java:logGet(43)) - raft.server.watch.timeout.denomination = 1s (default)
2019-09-20 10:24:13,832 [66416d0b-a71c-4af1-ae3a-62ca63b880a3:group-CD0026B36AE8:LeaderElection10] INFO  server.RaftServerConfigKeys (ConfUtils.java:logGet(43)) - raft.server.watch.element-limit = 65536 (default)
2019-09-20 10:24:13,832 [66416d0b-a71c-4af1-ae3a-62ca63b880a3:group-CD0026B36AE8:LeaderElection10] INFO  impl.RoleInfo (RoleInfo.java:updateAndGet(143)) - 66416d0b-a71c-4af1-ae3a-62ca63b880a3: start LeaderState
2019-09-20 10:24:13,833 [66416d0b-a71c-4af1-ae3a-62ca63b880a3:group-CD0026B36AE8:LeaderElection10] INFO  segmented.SegmentedRaftLogWorker (SegmentedRaftLogWorker.java:startLogSegment(380)) - 66416d0b-a71c-4af1-ae3a-62ca63b880a3-SegmentedRaftLogWorker:Storage Directory /workdir/hadoop-ozone/integration-test/target/test-dir/MiniOzoneClusterImpl-7bc36abf-c66f-431a-931d-8c1e5526238d/datanode-2/data/ratis/c8a8a1a8-a6c6-494a-b015-cd0026b36ae8: Starting segment from index:0
2019-09-20 10:24:13,833 [66416d0b-a71c-4af1-ae3a-62ca63b880a3:group-CD0026B36AE8:LeaderElection10] INFO  impl.RaftServerImpl (ServerState.java:setRaftConf(361)) - 66416d0b-a71c-4af1-ae3a-62ca63b880a3:group-CD0026B36AE8 set configuration 0: [66416d0b-a71c-4af1-ae3a-62ca63b880a3:192.168.36.99:43326], old=null at 0
2019-09-20 10:24:13,865 [pool-38-thread-1] INFO  storage.RaftStorage (RaftStorage.java:format(72)) - Storage directory /workdir/hadoop-ozone/integration-test/target/test-dir/MiniOzoneClusterImpl-7bc36abf-c66f-431a-931d-8c1e5526238d/datanode-1/data/ratis/603cc408-ed15-43ec-bb2c-0032ad536867 has been successfully formatted.
2019-09-20 10:24:13,866 [pool-38-thread-1] INFO  ratis.ContainerStateMachine (ContainerStateMachine.java:loadSnapshot(226)) - group-0032AD536867: The snapshot info is null. Setting the last applied indexto:(t:0, i:~)
2019-09-20 10:24:13,866 [pool-38-thread-1] INFO  server.RaftServerConfigKeys (ConfUtils.java:logGet(43)) - raft.server.leader.election.timeout = 120s (custom)
2019-09-20 10:24:13,866 [pool-38-thread-1] INFO  server.RaftServerConfigKeys (ConfUtils.java:logGet(43)) - raft.server.log.use.memory = false (default)
2019-09-20 10:24:13,866 [pool-38-thread-1] INFO  server.RaftServerConfigKeys (ConfUtils.java:logGet(43)) - raft.server.log.purge.gap = 1000000 (custom)
2019-09-20 10:24:13,866 [pool-38-thread-1] INFO  server.RaftServerConfigKeys (ConfUtils.java:logGet(43)) - raft.server.log.appender.buffer.byte-limit = 33554432 (custom)
2019-09-20 10:24:13,867 [pool-38-thread-1] INFO  server.RaftServerConfigKeys (ConfUtils.java:logGet(43)) - raft.server.log.segment.size.max = 1048576 (custom)
2019-09-20 10:24:13,867 [pool-38-thread-1] INFO  server.RaftServerConfigKeys (ConfUtils.java:logGet(43)) - raft.server.log.segment.cache.num.max = 2 (custom)
2019-09-20 10:24:13,867 [pool-38-thread-1] INFO  segmented.SegmentedRaftLogWorker (SegmentedRaftLogWorker.java:<init>(172)) - new 3d6f3241-e73c-473a-ad0b-c7be2f7e1dda-SegmentedRaftLogWorker:Storage Directory /workdir/hadoop-ozone/integration-test/target/test-dir/MiniOzoneClusterImpl-7bc36abf-c66f-431a-931d-8c1e5526238d/datanode-1/data/ratis/603cc408-ed15-43ec-bb2c-0032ad536867 for RaftStorage:Storage Directory /workdir/hadoop-ozone/integration-test/target/test-dir/MiniOzoneClusterImpl-7bc36abf-c66f-431a-931d-8c1e5526238d/datanode-1/data/ratis/603cc408-ed15-43ec-bb2c-0032ad536867
2019-09-20 10:24:13,868 [pool-38-thread-1] INFO  server.RaftServerConfigKeys (ConfUtils.java:logGet(43)) - raft.server.log.queue.byte-limit = 2147483647 (custom)
2019-09-20 10:24:13,868 [pool-38-thread-1] INFO  server.RaftServerConfigKeys (ConfUtils.java:logGet(43)) - raft.server.log.queue.element-limit = 1024 (custom)
2019-09-20 10:24:13,868 [pool-38-thread-1] INFO  server.RaftServerConfigKeys (ConfUtils.java:logGet(43)) - raft.server.log.segment.size.max = 1048576 (custom)
2019-09-20 10:24:13,868 [pool-38-thread-1] INFO  server.RaftServerConfigKeys (ConfUtils.java:logGet(43)) - raft.server.log.preallocated.size = 16384 (custom)
2019-09-20 10:24:13,869 [pool-38-thread-1] INFO  server.RaftServerConfigKeys (ConfUtils.java:logGet(43)) - raft.server.log.write.buffer.size = 33554432 (custom)
2019-09-20 10:24:13,869 [pool-38-thread-1] INFO  server.RaftServerConfigKeys (ConfUtils.java:logGet(43)) - raft.server.log.force.sync.num = 128 (default)
2019-09-20 10:24:13,869 [pool-38-thread-1] INFO  server.RaftServerConfigKeys (ConfUtils.java:logGet(43)) - raft.server.log.statemachine.data.sync = true (default)
2019-09-20 10:24:13,869 [pool-38-thread-1] INFO  server.RaftServerConfigKeys (ConfUtils.java:logGet(43)) - raft.server.log.statemachine.data.sync.timeout = 10s (default)
2019-09-20 10:24:13,869 [pool-38-thread-1] INFO  server.RaftServerConfigKeys (ConfUtils.java:logGet(43)) - raft.server.log.statemachine.data.sync.timeout.retry = -1 (default)
2019-09-20 10:24:13,870 [pool-38-thread-1] INFO  server.RaftServerConfigKeys (ConfUtils.java:logGet(43)) - raft.server.log.statemachine.data.caching.enabled = true (custom)
2019-09-20 10:24:13,870 [pool-38-thread-1] INFO  segmented.SegmentedRaftLogWorker (SegmentedRaftLogWorker.java:lambda$new$0(132)) - 3d6f3241-e73c-473a-ad0b-c7be2f7e1dda-SegmentedRaftLogWorker:Storage Directory /workdir/hadoop-ozone/integration-test/target/test-dir/MiniOzoneClusterImpl-7bc36abf-c66f-431a-931d-8c1e5526238d/datanode-1/data/ratis/603cc408-ed15-43ec-bb2c-0032ad536867: flushIndex: setUnconditionally 0 -> -1
2019-09-20 10:24:13,871 [pool-38-thread-1] INFO  server.RaftServerConfigKeys (ConfUtils.java:logGet(43)) - raft.server.snapshot.auto.trigger.enabled = true (custom)
2019-09-20 10:24:13,871 [pool-38-thread-1] INFO  server.RaftServerConfigKeys (ConfUtils.java:logGet(43)) - raft.server.snapshot.auto.trigger.threshold = 10000 (custom)
2019-09-20 10:24:13,871 [pool-38-thread-1] INFO  server.RaftServerConfigKeys (ConfUtils.java:logGet(43)) - raft.server.retrycache.expirytime = 600000ms (custom)
2019-09-20 10:24:13,872 [pool-38-thread-1] INFO  impl.RaftServerImpl (RaftServerImpl.java:start(180)) - 3d6f3241-e73c-473a-ad0b-c7be2f7e1dda: start group-0032AD536867
2019-09-20 10:24:13,872 [pool-38-thread-1] INFO  impl.RaftServerImpl (RaftServerImpl.java:setRole(171)) - 3d6f3241-e73c-473a-ad0b-c7be2f7e1dda:group-0032AD536867 changes role from null to FOLLOWER at term 0 for startAsFollower
2019-09-20 10:24:13,872 [pool-38-thread-1] INFO  impl.RoleInfo (RoleInfo.java:updateAndGet(143)) - 3d6f3241-e73c-473a-ad0b-c7be2f7e1dda: start FollowerState
2019-09-20 10:24:13,881 [pool-38-thread-1] INFO  util.JmxRegister (JmxRegister.java:tryRegister(44)) - Successfully registered JMX Bean with object name Ratis:service=RaftServer,group=group-0032AD536867,id=3d6f3241-e73c-473a-ad0b-c7be2f7e1dda
2019-09-20 10:24:13,889 [66416d0b-a71c-4af1-ae3a-62ca63b880a3-SegmentedRaftLogWorker:Storage Directory /workdir/hadoop-ozone/integration-test/target/test-dir/MiniOzoneClusterImpl-7bc36abf-c66f-431a-931d-8c1e5526238d/datanode-2/data/ratis/c8a8a1a8-a6c6-494a-b015-cd0026b36ae8] INFO  segmented.SegmentedRaftLogWorker (SegmentedRaftLogWorker.java:execute(569)) - 66416d0b-a71c-4af1-ae3a-62ca63b880a3-SegmentedRaftLogWorker:Storage Directory /workdir/hadoop-ozone/integration-test/target/test-dir/MiniOzoneClusterImpl-7bc36abf-c66f-431a-931d-8c1e5526238d/datanode-2/data/ratis/c8a8a1a8-a6c6-494a-b015-cd0026b36ae8: created new log segment /workdir/hadoop-ozone/integration-test/target/test-dir/MiniOzoneClusterImpl-7bc36abf-c66f-431a-931d-8c1e5526238d/datanode-2/data/ratis/c8a8a1a8-a6c6-494a-b015-cd0026b36ae8/current/log_inprogress_0
2019-09-20 10:24:13,905 [RatisPipelineUtilsThread] INFO  pipeline.PipelineStateManager (PipelineStateManager.java:addPipeline(56)) - Created pipeline Pipeline[ Id: 603cc408-ed15-43ec-bb2c-0032ad536867, Nodes: 3d6f3241-e73c-473a-ad0b-c7be2f7e1dda{ip: 192.168.36.99, host: pr-hdds-1569-p5fx8-1226042367, networkLocation: /default-rack, certSerialId: null}, Type:RATIS, Factor:ONE, State:OPEN]
2019-09-20 10:24:13,905 [RatisPipelineUtilsThread] INFO  pipeline.PipelinePlacementPolicy (PipelinePlacementPolicy.java:meetCriteria(91)) - Pipeline Placement: Doesn't meet the criteria to be viable node： 17e2ba94-38a1-40e7-84e0-f6802901db84 Heaviness: 6 limit: 5
2019-09-20 10:24:13,905 [RatisPipelineUtilsThread] INFO  pipeline.PipelinePlacementPolicy (PipelinePlacementPolicy.java:meetCriteria(91)) - Pipeline Placement: Doesn't meet the criteria to be viable node： 3d6f3241-e73c-473a-ad0b-c7be2f7e1dda Heaviness: 6 limit: 5
2019-09-20 10:24:13,917 [grpc-default-executor-0] INFO  impl.RaftServerProxy (RaftServerProxy.java:addNew(89)) - 66416d0b-a71c-4af1-ae3a-62ca63b880a3: addNew group-8A0A90AB80C5:[66416d0b-a71c-4af1-ae3a-62ca63b880a3:192.168.36.99:43326] returns group-8A0A90AB80C5:java.util.concurrent.CompletableFuture@60fe5f64[Not completed]
2019-09-20 10:24:13,922 [pool-49-thread-1] INFO  impl.RaftServerImpl (RaftServerImpl.java:<init>(93)) - 66416d0b-a71c-4af1-ae3a-62ca63b880a3: new RaftServerImpl for group-8A0A90AB80C5:[66416d0b-a71c-4af1-ae3a-62ca63b880a3:192.168.36.99:43326] with ContainerStateMachine:uninitialized
2019-09-20 10:24:13,922 [pool-49-thread-1] INFO  server.RaftServerConfigKeys (ConfUtils.java:logGet(43)) - raft.server.rpc.timeout.min = 1s (custom)
2019-09-20 10:24:13,922 [pool-49-thread-1] INFO  server.RaftServerConfigKeys (ConfUtils.java:logGet(43)) - raft.server.rpc.timeout.max = 1200ms (custom)
2019-09-20 10:24:13,923 [pool-49-thread-1] INFO  server.RaftServerConfigKeys (ConfUtils.java:logGet(43)) - raft.server.rpcslowness.timeout = 120s (custom)
2019-09-20 10:24:13,923 [pool-49-thread-1] INFO  server.RaftServerConfigKeys (ConfUtils.java:logGet(43)) - raft.server.sleep.deviation.threshold = 300 (default)
2019-09-20 10:24:13,923 [pool-49-thread-1] INFO  server.RaftServerConfigKeys (ConfUtils.java:logGet(43)) - raft.server.log.appender.install.snapshot.enabled = false (custom)
2019-09-20 10:24:13,923 [pool-49-thread-1] INFO  impl.RaftServerImpl (ServerState.java:<init>(105)) - 66416d0b-a71c-4af1-ae3a-62ca63b880a3:group-8A0A90AB80C5 ConfigurationManager, init=-1: [66416d0b-a71c-4af1-ae3a-62ca63b880a3:192.168.36.99:43326], old=null, confs=<EMPTY_MAP>
2019-09-20 10:24:13,923 [pool-49-thread-1] INFO  server.RaftServerConfigKeys (ConfUtils.java:logGet(43)) - raft.server.storage.dir = [/workdir/hadoop-ozone/integration-test/target/test-dir/MiniOzoneClusterImpl-7bc36abf-c66f-431a-931d-8c1e5526238d/datanode-2/data/ratis] (custom)
2019-09-20 10:24:13,924 [pool-49-thread-1] INFO  storage.RaftStorageDirectory (RaftStorageDirectory.java:analyzeStorage(246)) - The storage directory /workdir/hadoop-ozone/integration-test/target/test-dir/MiniOzoneClusterImpl-7bc36abf-c66f-431a-931d-8c1e5526238d/datanode-2/data/ratis/6565800b-e505-49e7-9429-8a0a90ab80c5 does not exist. Creating ...
2019-09-20 10:24:13,946 [pool-49-thread-1] INFO  storage.RaftStorageDirectory (RaftStorageDirectory.java:tryLock(328)) - Lock on /workdir/hadoop-ozone/integration-test/target/test-dir/MiniOzoneClusterImpl-7bc36abf-c66f-431a-931d-8c1e5526238d/datanode-2/data/ratis/6565800b-e505-49e7-9429-8a0a90ab80c5/in_use.lock acquired by nodename 28506@pr-hdds-1569-p5fx8-1226042367
2019-09-20 10:24:13,959 [Thread-271] INFO  impl.FollowerState (FollowerState.java:run(106)) - 4d972e91-cb6b-45de-8bd2-c18af7abe58b:group-42D9A9545A29 changes to CANDIDATE, lastRpcTime:1175, electionTimeout:1175ms
2019-09-20 10:24:13,959 [Thread-271] INFO  impl.RoleInfo (RoleInfo.java:shutdownFollowerState(121)) - 4d972e91-cb6b-45de-8bd2-c18af7abe58b: shutdown FollowerState
2019-09-20 10:24:13,959 [Thread-271] INFO  impl.RaftServerImpl (RaftServerImpl.java:setRole(171)) - 4d972e91-cb6b-45de-8bd2-c18af7abe58b:group-42D9A9545A29 changes role from FOLLOWER to CANDIDATE at term 0 for changeToCandidate
2019-09-20 10:24:13,959 [Thread-271] INFO  impl.RoleInfo (RoleInfo.java:updateAndGet(143)) - 4d972e91-cb6b-45de-8bd2-c18af7abe58b: start LeaderElection
2019-09-20 10:24:13,988 [pool-49-thread-1] INFO  storage.RaftStorage (RaftStorage.java:format(72)) - Storage directory /workdir/hadoop-ozone/integration-test/target/test-dir/MiniOzoneClusterImpl-7bc36abf-c66f-431a-931d-8c1e5526238d/datanode-2/data/ratis/6565800b-e505-49e7-9429-8a0a90ab80c5 has been successfully formatted.
2019-09-20 10:24:13,988 [4d972e91-cb6b-45de-8bd2-c18af7abe58b:group-42D9A9545A29:LeaderElection11] INFO  impl.LeaderElection (LeaderElection.java:askForVotes(181)) - 4d972e91-cb6b-45de-8bd2-c18af7abe58b:group-42D9A9545A29:LeaderElection11: begin an election at term 1 for -1: [4d972e91-cb6b-45de-8bd2-c18af7abe58b:192.168.36.99:46114], old=null
2019-09-20 10:24:13,989 [pool-49-thread-1] INFO  ratis.ContainerStateMachine (ContainerStateMachine.java:loadSnapshot(226)) - group-8A0A90AB80C5: The snapshot info is null. Setting the last applied indexto:(t:0, i:~)
2019-09-20 10:24:13,989 [4d972e91-cb6b-45de-8bd2-c18af7abe58b:group-42D9A9545A29:LeaderElection11] INFO  impl.RoleInfo (RoleInfo.java:shutdownLeaderElection(134)) - 4d972e91-cb6b-45de-8bd2-c18af7abe58b: shutdown LeaderElection
2019-09-20 10:24:13,989 [pool-49-thread-1] INFO  server.RaftServerConfigKeys (ConfUtils.java:logGet(43)) - raft.server.leader.election.timeout = 120s (custom)
2019-09-20 10:24:13,989 [4d972e91-cb6b-45de-8bd2-c18af7abe58b:group-42D9A9545A29:LeaderElection11] INFO  impl.RaftServerImpl (RaftServerImpl.java:setRole(171)) - 4d972e91-cb6b-45de-8bd2-c18af7abe58b:group-42D9A9545A29 changes role from CANDIDATE to LEADER at term 1 for changeToLeader
2019-09-20 10:24:13,989 [pool-49-thread-1] INFO  server.RaftServerConfigKeys (ConfUtils.java:logGet(43)) - raft.server.log.use.memory = false (default)
2019-09-20 10:24:13,989 [4d972e91-cb6b-45de-8bd2-c18af7abe58b:group-42D9A9545A29:LeaderElection11] INFO  impl.RaftServerImpl (ServerState.java:setLeader(263)) - 4d972e91-cb6b-45de-8bd2-c18af7abe58b:group-42D9A9545A29 change Leader from null to 4d972e91-cb6b-45de-8bd2-c18af7abe58b at term 1 for becomeLeader, leader elected after 1215ms
2019-09-20 10:24:13,990 [pool-49-thread-1] INFO  server.RaftServerConfigKeys (ConfUtils.java:logGet(43)) - raft.server.log.purge.gap = 1000000 (custom)
2019-09-20 10:24:13,992 [4d972e91-cb6b-45de-8bd2-c18af7abe58b:group-42D9A9545A29:LeaderElection11] INFO  server.RaftServerConfigKeys (ConfUtils.java:logGet(43)) - raft.server.staging.catchup.gap = 1000 (default)
2019-09-20 10:24:13,992 [pool-49-thread-1] INFO  server.RaftServerConfigKeys (ConfUtils.java:logGet(43)) - raft.server.log.appender.buffer.byte-limit = 33554432 (custom)
2019-09-20 10:24:13,992 [4d972e91-cb6b-45de-8bd2-c18af7abe58b:group-42D9A9545A29:LeaderElection11] INFO  server.RaftServerConfigKeys (ConfUtils.java:logGet(43)) - raft.server.rpc.sleep.time = 25ms (default)
2019-09-20 10:24:13,993 [pool-49-thread-1] INFO  server.RaftServerConfigKeys (ConfUtils.java:logGet(43)) - raft.server.log.segment.size.max = 1048576 (custom)
2019-09-20 10:24:13,993 [4d972e91-cb6b-45de-8bd2-c18af7abe58b:group-42D9A9545A29:LeaderElection11] INFO  server.RaftServerConfigKeys (ConfUtils.java:logGet(43)) - raft.server.write.element-limit = 4096 (default)
2019-09-20 10:24:13,993 [pool-49-thread-1] INFO  server.RaftServerConfigKeys (ConfUtils.java:logGet(43)) - raft.server.log.segment.cache.num.max = 2 (custom)
2019-09-20 10:24:13,993 [4d972e91-cb6b-45de-8bd2-c18af7abe58b:group-42D9A9545A29:LeaderElection11] INFO  server.RaftServerConfigKeys (ConfUtils.java:logGet(43)) - raft.server.watch.timeout = 10s (default)
2019-09-20 10:24:13,993 [pool-49-thread-1] INFO  segmented.SegmentedRaftLogWorker (SegmentedRaftLogWorker.java:<init>(172)) - new 66416d0b-a71c-4af1-ae3a-62ca63b880a3-SegmentedRaftLogWorker:Storage Directory /workdir/hadoop-ozone/integration-test/target/test-dir/MiniOzoneClusterImpl-7bc36abf-c66f-431a-931d-8c1e5526238d/datanode-2/data/ratis/6565800b-e505-49e7-9429-8a0a90ab80c5 for RaftStorage:Storage Directory /workdir/hadoop-ozone/integration-test/target/test-dir/MiniOzoneClusterImpl-7bc36abf-c66f-431a-931d-8c1e5526238d/datanode-2/data/ratis/6565800b-e505-49e7-9429-8a0a90ab80c5
2019-09-20 10:24:13,994 [4d972e91-cb6b-45de-8bd2-c18af7abe58b:group-42D9A9545A29:LeaderElection11] INFO  server.RaftServerConfigKeys (ConfUtils.java:logGet(43)) - raft.server.watch.timeout.denomination = 1s (default)
2019-09-20 10:24:13,994 [pool-49-thread-1] INFO  server.RaftServerConfigKeys (ConfUtils.java:logGet(43)) - raft.server.log.queue.byte-limit = 2147483647 (custom)
2019-09-20 10:24:13,994 [4d972e91-cb6b-45de-8bd2-c18af7abe58b:group-42D9A9545A29:LeaderElection11] INFO  server.RaftServerConfigKeys (ConfUtils.java:logGet(43)) - raft.server.watch.element-limit = 65536 (default)
2019-09-20 10:24:13,996 [pool-49-thread-1] INFO  server.RaftServerConfigKeys (ConfUtils.java:logGet(43)) - raft.server.log.queue.element-limit = 1024 (custom)
2019-09-20 10:24:13,997 [4d972e91-cb6b-45de-8bd2-c18af7abe58b:group-42D9A9545A29:LeaderElection11] INFO  impl.RoleInfo (RoleInfo.java:updateAndGet(143)) - 4d972e91-cb6b-45de-8bd2-c18af7abe58b: start LeaderState
2019-09-20 10:24:13,997 [pool-49-thread-1] INFO  server.RaftServerConfigKeys (ConfUtils.java:logGet(43)) - raft.server.log.segment.size.max = 1048576 (custom)
2019-09-20 10:24:13,997 [pool-49-thread-1] INFO  server.RaftServerConfigKeys (ConfUtils.java:logGet(43)) - raft.server.log.preallocated.size = 16384 (custom)
2019-09-20 10:24:13,997 [4d972e91-cb6b-45de-8bd2-c18af7abe58b:group-42D9A9545A29:LeaderElection11] INFO  segmented.SegmentedRaftLogWorker (SegmentedRaftLogWorker.java:startLogSegment(380)) - 4d972e91-cb6b-45de-8bd2-c18af7abe58b-SegmentedRaftLogWorker:Storage Directory /workdir/hadoop-ozone/integration-test/target/test-dir/MiniOzoneClusterImpl-7bc36abf-c66f-431a-931d-8c1e5526238d/datanode-4/data/ratis/ac21dc9d-4c76-4055-9d37-42d9a9545a29: Starting segment from index:0
2019-09-20 10:24:13,997 [pool-49-thread-1] INFO  server.RaftServerConfigKeys (ConfUtils.java:logGet(43)) - raft.server.log.write.buffer.size = 33554432 (custom)
2019-09-20 10:24:13,998 [pool-49-thread-1] INFO  server.RaftServerConfigKeys (ConfUtils.java:logGet(43)) - raft.server.log.force.sync.num = 128 (default)
2019-09-20 10:24:13,998 [pool-49-thread-1] INFO  server.RaftServerConfigKeys (ConfUtils.java:logGet(43)) - raft.server.log.statemachine.data.sync = true (default)
2019-09-20 10:24:13,998 [4d972e91-cb6b-45de-8bd2-c18af7abe58b:group-42D9A9545A29:LeaderElection11] INFO  impl.RaftServerImpl (ServerState.java:setRaftConf(361)) - 4d972e91-cb6b-45de-8bd2-c18af7abe58b:group-42D9A9545A29 set configuration 0: [4d972e91-cb6b-45de-8bd2-c18af7abe58b:192.168.36.99:46114], old=null at 0
2019-09-20 10:24:13,998 [pool-49-thread-1] INFO  server.RaftServerConfigKeys (ConfUtils.java:logGet(43)) - raft.server.log.statemachine.data.sync.timeout = 10s (default)
2019-09-20 10:24:14,039 [Thread-275] INFO  impl.FollowerState (FollowerState.java:run(106)) - c3e532f8-1a8e-44f3-b56b-d765aee893af:group-CECA6C8660F8 changes to CANDIDATE, lastRpcTime:1176, electionTimeout:1156ms
2019-09-20 10:24:14,039 [pool-49-thread-1] INFO  server.RaftServerConfigKeys (ConfUtils.java:logGet(43)) - raft.server.log.statemachine.data.sync.timeout.retry = -1 (default)
2019-09-20 10:24:14,039 [Thread-275] INFO  impl.RoleInfo (RoleInfo.java:shutdownFollowerState(121)) - c3e532f8-1a8e-44f3-b56b-d765aee893af: shutdown FollowerState
2019-09-20 10:24:14,040 [pool-49-thread-1] INFO  server.RaftServerConfigKeys (ConfUtils.java:logGet(43)) - raft.server.log.statemachine.data.caching.enabled = true (custom)
2019-09-20 10:24:14,040 [Thread-275] INFO  impl.RaftServerImpl (RaftServerImpl.java:setRole(171)) - c3e532f8-1a8e-44f3-b56b-d765aee893af:group-CECA6C8660F8 changes role from FOLLOWER to CANDIDATE at term 0 for changeToCandidate
2019-09-20 10:24:14,040 [Thread-275] INFO  impl.RoleInfo (RoleInfo.java:updateAndGet(143)) - c3e532f8-1a8e-44f3-b56b-d765aee893af: start LeaderElection
2019-09-20 10:24:14,040 [pool-49-thread-1] INFO  segmented.SegmentedRaftLogWorker (SegmentedRaftLogWorker.java:lambda$new$0(132)) - 66416d0b-a71c-4af1-ae3a-62ca63b880a3-SegmentedRaftLogWorker:Storage Directory /workdir/hadoop-ozone/integration-test/target/test-dir/MiniOzoneClusterImpl-7bc36abf-c66f-431a-931d-8c1e5526238d/datanode-2/data/ratis/6565800b-e505-49e7-9429-8a0a90ab80c5: flushIndex: setUnconditionally 0 -> -1
2019-09-20 10:24:14,045 [pool-49-thread-1] INFO  server.RaftServerConfigKeys (ConfUtils.java:logGet(43)) - raft.server.snapshot.auto.trigger.enabled = true (custom)
2019-09-20 10:24:14,046 [pool-49-thread-1] INFO  server.RaftServerConfigKeys (ConfUtils.java:logGet(43)) - raft.server.snapshot.auto.trigger.threshold = 10000 (custom)
2019-09-20 10:24:14,046 [pool-49-thread-1] INFO  server.RaftServerConfigKeys (ConfUtils.java:logGet(43)) - raft.server.retrycache.expirytime = 600000ms (custom)
2019-09-20 10:24:14,046 [pool-49-thread-1] INFO  impl.RaftServerImpl (RaftServerImpl.java:start(180)) - 66416d0b-a71c-4af1-ae3a-62ca63b880a3: start group-8A0A90AB80C5
2019-09-20 10:24:14,047 [pool-49-thread-1] INFO  impl.RaftServerImpl (RaftServerImpl.java:setRole(171)) - 66416d0b-a71c-4af1-ae3a-62ca63b880a3:group-8A0A90AB80C5 changes role from null to FOLLOWER at term 0 for startAsFollower
2019-09-20 10:24:14,047 [pool-49-thread-1] INFO  impl.RoleInfo (RoleInfo.java:updateAndGet(143)) - 66416d0b-a71c-4af1-ae3a-62ca63b880a3: start FollowerState
2019-09-20 10:24:14,047 [pool-49-thread-1] INFO  util.JmxRegister (JmxRegister.java:tryRegister(44)) - Successfully registered JMX Bean with object name Ratis:service=RaftServer,group=group-8A0A90AB80C5,id=66416d0b-a71c-4af1-ae3a-62ca63b880a3
2019-09-20 10:24:14,054 [RatisPipelineUtilsThread] INFO  pipeline.PipelineStateManager (PipelineStateManager.java:addPipeline(56)) - Created pipeline Pipeline[ Id: 6565800b-e505-49e7-9429-8a0a90ab80c5, Nodes: 66416d0b-a71c-4af1-ae3a-62ca63b880a3{ip: 192.168.36.99, host: pr-hdds-1569-p5fx8-1226042367, networkLocation: /default-rack, certSerialId: null}, Type:RATIS, Factor:ONE, State:OPEN]
2019-09-20 10:24:14,054 [RatisPipelineUtilsThread] INFO  pipeline.PipelinePlacementPolicy (PipelinePlacementPolicy.java:meetCriteria(91)) - Pipeline Placement: Doesn't meet the criteria to be viable node： 17e2ba94-38a1-40e7-84e0-f6802901db84 Heaviness: 6 limit: 5
2019-09-20 10:24:14,055 [RatisPipelineUtilsThread] INFO  pipeline.PipelinePlacementPolicy (PipelinePlacementPolicy.java:meetCriteria(91)) - Pipeline Placement: Doesn't meet the criteria to be viable node： 3d6f3241-e73c-473a-ad0b-c7be2f7e1dda Heaviness: 6 limit: 5
2019-09-20 10:24:14,055 [4d972e91-cb6b-45de-8bd2-c18af7abe58b-SegmentedRaftLogWorker:Storage Directory /workdir/hadoop-ozone/integration-test/target/test-dir/MiniOzoneClusterImpl-7bc36abf-c66f-431a-931d-8c1e5526238d/datanode-4/data/ratis/ac21dc9d-4c76-4055-9d37-42d9a9545a29] INFO  segmented.SegmentedRaftLogWorker (SegmentedRaftLogWorker.java:execute(569)) - 4d972e91-cb6b-45de-8bd2-c18af7abe58b-SegmentedRaftLogWorker:Storage Directory /workdir/hadoop-ozone/integration-test/target/test-dir/MiniOzoneClusterImpl-7bc36abf-c66f-431a-931d-8c1e5526238d/datanode-4/data/ratis/ac21dc9d-4c76-4055-9d37-42d9a9545a29: created new log segment /workdir/hadoop-ozone/integration-test/target/test-dir/MiniOzoneClusterImpl-7bc36abf-c66f-431a-931d-8c1e5526238d/datanode-4/data/ratis/ac21dc9d-4c76-4055-9d37-42d9a9545a29/current/log_inprogress_0
2019-09-20 10:24:14,068 [grpc-default-executor-0] INFO  impl.RaftServerProxy (RaftServerProxy.java:addNew(89)) - 4d972e91-cb6b-45de-8bd2-c18af7abe58b: addNew group-1BA6E09D80A5:[4d972e91-cb6b-45de-8bd2-c18af7abe58b:192.168.36.99:46114] returns group-1BA6E09D80A5:java.util.concurrent.CompletableFuture@6dd110b[Not completed]
2019-09-20 10:24:14,071 [pool-71-thread-1] INFO  impl.RaftServerImpl (RaftServerImpl.java:<init>(93)) - 4d972e91-cb6b-45de-8bd2-c18af7abe58b: new RaftServerImpl for group-1BA6E09D80A5:[4d972e91-cb6b-45de-8bd2-c18af7abe58b:192.168.36.99:46114] with ContainerStateMachine:uninitialized
2019-09-20 10:24:14,073 [c3e532f8-1a8e-44f3-b56b-d765aee893af:group-CECA6C8660F8:LeaderElection12] INFO  impl.LeaderElection (LeaderElection.java:askForVotes(181)) - c3e532f8-1a8e-44f3-b56b-d765aee893af:group-CECA6C8660F8:LeaderElection12: begin an election at term 1 for -1: [c3e532f8-1a8e-44f3-b56b-d765aee893af:192.168.36.99:34965], old=null
2019-09-20 10:24:14,074 [pool-71-thread-1] INFO  server.RaftServerConfigKeys (ConfUtils.java:logGet(43)) - raft.server.rpc.timeout.min = 1s (custom)
2019-09-20 10:24:14,074 [c3e532f8-1a8e-44f3-b56b-d765aee893af:group-CECA6C8660F8:LeaderElection12] INFO  impl.RoleInfo (RoleInfo.java:shutdownLeaderElection(134)) - c3e532f8-1a8e-44f3-b56b-d765aee893af: shutdown LeaderElection
2019-09-20 10:24:14,074 [pool-71-thread-1] INFO  server.RaftServerConfigKeys (ConfUtils.java:logGet(43)) - raft.server.rpc.timeout.max = 1200ms (custom)
2019-09-20 10:24:14,074 [c3e532f8-1a8e-44f3-b56b-d765aee893af:group-CECA6C8660F8:LeaderElection12] INFO  impl.RaftServerImpl (RaftServerImpl.java:setRole(171)) - c3e532f8-1a8e-44f3-b56b-d765aee893af:group-CECA6C8660F8 changes role from CANDIDATE to LEADER at term 1 for changeToLeader
2019-09-20 10:24:14,074 [pool-71-thread-1] INFO  server.RaftServerConfigKeys (ConfUtils.java:logGet(43)) - raft.server.rpcslowness.timeout = 120s (custom)
2019-09-20 10:24:14,074 [c3e532f8-1a8e-44f3-b56b-d765aee893af:group-CECA6C8660F8:LeaderElection12] INFO  impl.RaftServerImpl (ServerState.java:setLeader(263)) - c3e532f8-1a8e-44f3-b56b-d765aee893af:group-CECA6C8660F8 change Leader from null to c3e532f8-1a8e-44f3-b56b-d765aee893af at term 1 for becomeLeader, leader elected after 1216ms
2019-09-20 10:24:14,075 [pool-71-thread-1] INFO  server.RaftServerConfigKeys (ConfUtils.java:logGet(43)) - raft.server.sleep.deviation.threshold = 300 (default)
2019-09-20 10:24:14,075 [c3e532f8-1a8e-44f3-b56b-d765aee893af:group-CECA6C8660F8:LeaderElection12] INFO  server.RaftServerConfigKeys (ConfUtils.java:logGet(43)) - raft.server.staging.catchup.gap = 1000 (default)
2019-09-20 10:24:14,075 [pool-71-thread-1] INFO  server.RaftServerConfigKeys (ConfUtils.java:logGet(43)) - raft.server.log.appender.install.snapshot.enabled = false (custom)
2019-09-20 10:24:14,075 [c3e532f8-1a8e-44f3-b56b-d765aee893af:group-CECA6C8660F8:LeaderElection12] INFO  server.RaftServerConfigKeys (ConfUtils.java:logGet(43)) - raft.server.rpc.sleep.time = 25ms (default)
2019-09-20 10:24:14,075 [pool-71-thread-1] INFO  impl.RaftServerImpl (ServerState.java:<init>(105)) - 4d972e91-cb6b-45de-8bd2-c18af7abe58b:group-1BA6E09D80A5 ConfigurationManager, init=-1: [4d972e91-cb6b-45de-8bd2-c18af7abe58b:192.168.36.99:46114], old=null, confs=<EMPTY_MAP>
2019-09-20 10:24:14,076 [c3e532f8-1a8e-44f3-b56b-d765aee893af:group-CECA6C8660F8:LeaderElection12] INFO  server.RaftServerConfigKeys (ConfUtils.java:logGet(43)) - raft.server.write.element-limit = 4096 (default)
2019-09-20 10:24:14,076 [pool-71-thread-1] INFO  server.RaftServerConfigKeys (ConfUtils.java:logGet(43)) - raft.server.storage.dir = [/workdir/hadoop-ozone/integration-test/target/test-dir/MiniOzoneClusterImpl-7bc36abf-c66f-431a-931d-8c1e5526238d/datanode-4/data/ratis] (custom)
2019-09-20 10:24:14,076 [c3e532f8-1a8e-44f3-b56b-d765aee893af:group-CECA6C8660F8:LeaderElection12] INFO  server.RaftServerConfigKeys (ConfUtils.java:logGet(43)) - raft.server.watch.timeout = 10s (default)
2019-09-20 10:24:14,076 [c3e532f8-1a8e-44f3-b56b-d765aee893af:group-CECA6C8660F8:LeaderElection12] INFO  server.RaftServerConfigKeys (ConfUtils.java:logGet(43)) - raft.server.watch.timeout.denomination = 1s (default)
2019-09-20 10:24:14,076 [c3e532f8-1a8e-44f3-b56b-d765aee893af:group-CECA6C8660F8:LeaderElection12] INFO  server.RaftServerConfigKeys (ConfUtils.java:logGet(43)) - raft.server.watch.element-limit = 65536 (default)
2019-09-20 10:24:14,076 [pool-71-thread-1] INFO  storage.RaftStorageDirectory (RaftStorageDirectory.java:analyzeStorage(246)) - The storage directory /workdir/hadoop-ozone/integration-test/target/test-dir/MiniOzoneClusterImpl-7bc36abf-c66f-431a-931d-8c1e5526238d/datanode-4/data/ratis/d0b65017-b3e9-4ade-aafe-1ba6e09d80a5 does not exist. Creating ...
2019-09-20 10:24:14,077 [c3e532f8-1a8e-44f3-b56b-d765aee893af:group-CECA6C8660F8:LeaderElection12] INFO  impl.RoleInfo (RoleInfo.java:updateAndGet(143)) - c3e532f8-1a8e-44f3-b56b-d765aee893af: start LeaderState
2019-09-20 10:24:14,077 [c3e532f8-1a8e-44f3-b56b-d765aee893af:group-CECA6C8660F8:LeaderElection12] INFO  segmented.SegmentedRaftLogWorker (SegmentedRaftLogWorker.java:startLogSegment(380)) - c3e532f8-1a8e-44f3-b56b-d765aee893af-SegmentedRaftLogWorker:Storage Directory /workdir/hadoop-ozone/integration-test/target/test-dir/MiniOzoneClusterImpl-7bc36abf-c66f-431a-931d-8c1e5526238d/datanode-3/data/ratis/e188baaa-bbe8-45a7-9241-ceca6c8660f8: Starting segment from index:0
2019-09-20 10:24:14,078 [c3e532f8-1a8e-44f3-b56b-d765aee893af:group-CECA6C8660F8:LeaderElection12] INFO  impl.RaftServerImpl (ServerState.java:setRaftConf(361)) - c3e532f8-1a8e-44f3-b56b-d765aee893af:group-CECA6C8660F8 set configuration 0: [c3e532f8-1a8e-44f3-b56b-d765aee893af:192.168.36.99:34965], old=null at 0
2019-09-20 10:24:14,116 [pool-71-thread-1] INFO  storage.RaftStorageDirectory (RaftStorageDirectory.java:tryLock(328)) - Lock on /workdir/hadoop-ozone/integration-test/target/test-dir/MiniOzoneClusterImpl-7bc36abf-c66f-431a-931d-8c1e5526238d/datanode-4/data/ratis/d0b65017-b3e9-4ade-aafe-1ba6e09d80a5/in_use.lock acquired by nodename 28506@pr-hdds-1569-p5fx8-1226042367
2019-09-20 10:24:14,116 [Thread-280] INFO  impl.FollowerState (FollowerState.java:run(106)) - 17e2ba94-38a1-40e7-84e0-f6802901db84:group-41A652E449DE changes to CANDIDATE, lastRpcTime:1135, electionTimeout:1118ms
2019-09-20 10:24:14,117 [Thread-280] INFO  impl.RoleInfo (RoleInfo.java:shutdownFollowerState(121)) - 17e2ba94-38a1-40e7-84e0-f6802901db84: shutdown FollowerState
2019-09-20 10:24:14,117 [Thread-280] INFO  impl.RaftServerImpl (RaftServerImpl.java:setRole(171)) - 17e2ba94-38a1-40e7-84e0-f6802901db84:group-41A652E449DE changes role from FOLLOWER to CANDIDATE at term 0 for changeToCandidate
2019-09-20 10:24:14,117 [Thread-280] INFO  impl.RoleInfo (RoleInfo.java:updateAndGet(143)) - 17e2ba94-38a1-40e7-84e0-f6802901db84: start LeaderElection
2019-09-20 10:24:14,140 [c3e532f8-1a8e-44f3-b56b-d765aee893af-SegmentedRaftLogWorker:Storage Directory /workdir/hadoop-ozone/integration-test/target/test-dir/MiniOzoneClusterImpl-7bc36abf-c66f-431a-931d-8c1e5526238d/datanode-3/data/ratis/e188baaa-bbe8-45a7-9241-ceca6c8660f8] INFO  segmented.SegmentedRaftLogWorker (SegmentedRaftLogWorker.java:execute(569)) - c3e532f8-1a8e-44f3-b56b-d765aee893af-SegmentedRaftLogWorker:Storage Directory /workdir/hadoop-ozone/integration-test/target/test-dir/MiniOzoneClusterImpl-7bc36abf-c66f-431a-931d-8c1e5526238d/datanode-3/data/ratis/e188baaa-bbe8-45a7-9241-ceca6c8660f8: created new log segment /workdir/hadoop-ozone/integration-test/target/test-dir/MiniOzoneClusterImpl-7bc36abf-c66f-431a-931d-8c1e5526238d/datanode-3/data/ratis/e188baaa-bbe8-45a7-9241-ceca6c8660f8/current/log_inprogress_0
2019-09-20 10:24:14,140 [pool-71-thread-1] INFO  storage.RaftStorage (RaftStorage.java:format(72)) - Storage directory /workdir/hadoop-ozone/integration-test/target/test-dir/MiniOzoneClusterImpl-7bc36abf-c66f-431a-931d-8c1e5526238d/datanode-4/data/ratis/d0b65017-b3e9-4ade-aafe-1ba6e09d80a5 has been successfully formatted.
2019-09-20 10:24:14,141 [pool-71-thread-1] INFO  ratis.ContainerStateMachine (ContainerStateMachine.java:loadSnapshot(226)) - group-1BA6E09D80A5: The snapshot info is null. Setting the last applied indexto:(t:0, i:~)
2019-09-20 10:24:14,141 [pool-71-thread-1] INFO  server.RaftServerConfigKeys (ConfUtils.java:logGet(43)) - raft.server.leader.election.timeout = 120s (custom)
2019-09-20 10:24:14,141 [pool-71-thread-1] INFO  server.RaftServerConfigKeys (ConfUtils.java:logGet(43)) - raft.server.log.use.memory = false (default)
2019-09-20 10:24:14,141 [pool-71-thread-1] INFO  server.RaftServerConfigKeys (ConfUtils.java:logGet(43)) - raft.server.log.purge.gap = 1000000 (custom)
2019-09-20 10:24:14,142 [pool-71-thread-1] INFO  server.RaftServerConfigKeys (ConfUtils.java:logGet(43)) - raft.server.log.appender.buffer.byte-limit = 33554432 (custom)
2019-09-20 10:24:14,142 [pool-71-thread-1] INFO  server.RaftServerConfigKeys (ConfUtils.java:logGet(43)) - raft.server.log.segment.size.max = 1048576 (custom)
2019-09-20 10:24:14,142 [pool-71-thread-1] INFO  server.RaftServerConfigKeys (ConfUtils.java:logGet(43)) - raft.server.log.segment.cache.num.max = 2 (custom)
2019-09-20 10:24:14,142 [pool-71-thread-1] INFO  segmented.SegmentedRaftLogWorker (SegmentedRaftLogWorker.java:<init>(172)) - new 4d972e91-cb6b-45de-8bd2-c18af7abe58b-SegmentedRaftLogWorker:Storage Directory /workdir/hadoop-ozone/integration-test/target/test-dir/MiniOzoneClusterImpl-7bc36abf-c66f-431a-931d-8c1e5526238d/datanode-4/data/ratis/d0b65017-b3e9-4ade-aafe-1ba6e09d80a5 for RaftStorage:Storage Directory /workdir/hadoop-ozone/integration-test/target/test-dir/MiniOzoneClusterImpl-7bc36abf-c66f-431a-931d-8c1e5526238d/datanode-4/data/ratis/d0b65017-b3e9-4ade-aafe-1ba6e09d80a5
2019-09-20 10:24:14,143 [pool-71-thread-1] INFO  server.RaftServerConfigKeys (ConfUtils.java:logGet(43)) - raft.server.log.queue.byte-limit = 2147483647 (custom)
2019-09-20 10:24:14,143 [pool-71-thread-1] INFO  server.RaftServerConfigKeys (ConfUtils.java:logGet(43)) - raft.server.log.queue.element-limit = 1024 (custom)
2019-09-20 10:24:14,143 [pool-71-thread-1] INFO  server.RaftServerConfigKeys (ConfUtils.java:logGet(43)) - raft.server.log.segment.size.max = 1048576 (custom)
2019-09-20 10:24:14,143 [pool-71-thread-1] INFO  server.RaftServerConfigKeys (ConfUtils.java:logGet(43)) - raft.server.log.preallocated.size = 16384 (custom)
2019-09-20 10:24:14,144 [pool-71-thread-1] INFO  server.RaftServerConfigKeys (ConfUtils.java:logGet(43)) - raft.server.log.write.buffer.size = 33554432 (custom)
2019-09-20 10:24:14,144 [pool-71-thread-1] INFO  server.RaftServerConfigKeys (ConfUtils.java:logGet(43)) - raft.server.log.force.sync.num = 128 (default)
2019-09-20 10:24:14,144 [pool-71-thread-1] INFO  server.RaftServerConfigKeys (ConfUtils.java:logGet(43)) - raft.server.log.statemachine.data.sync = true (default)
2019-09-20 10:24:14,144 [pool-71-thread-1] INFO  server.RaftServerConfigKeys (ConfUtils.java:logGet(43)) - raft.server.log.statemachine.data.sync.timeout = 10s (default)
2019-09-20 10:24:14,145 [pool-71-thread-1] INFO  server.RaftServerConfigKeys (ConfUtils.java:logGet(43)) - raft.server.log.statemachine.data.sync.timeout.retry = -1 (default)
2019-09-20 10:24:14,145 [pool-71-thread-1] INFO  server.RaftServerConfigKeys (ConfUtils.java:logGet(43)) - raft.server.log.statemachine.data.caching.enabled = true (custom)
2019-09-20 10:24:14,145 [pool-71-thread-1] INFO  segmented.SegmentedRaftLogWorker (SegmentedRaftLogWorker.java:lambda$new$0(132)) - 4d972e91-cb6b-45de-8bd2-c18af7abe58b-SegmentedRaftLogWorker:Storage Directory /workdir/hadoop-ozone/integration-test/target/test-dir/MiniOzoneClusterImpl-7bc36abf-c66f-431a-931d-8c1e5526238d/datanode-4/data/ratis/d0b65017-b3e9-4ade-aafe-1ba6e09d80a5: flushIndex: setUnconditionally 0 -> -1
2019-09-20 10:24:14,146 [pool-71-thread-1] INFO  server.RaftServerConfigKeys (ConfUtils.java:logGet(43)) - raft.server.snapshot.auto.trigger.enabled = true (custom)
2019-09-20 10:24:14,146 [pool-71-thread-1] INFO  server.RaftServerConfigKeys (ConfUtils.java:logGet(43)) - raft.server.snapshot.auto.trigger.threshold = 10000 (custom)
2019-09-20 10:24:14,146 [pool-71-thread-1] INFO  server.RaftServerConfigKeys (ConfUtils.java:logGet(43)) - raft.server.retrycache.expirytime = 600000ms (custom)
2019-09-20 10:24:14,147 [pool-71-thread-1] INFO  impl.RaftServerImpl (RaftServerImpl.java:start(180)) - 4d972e91-cb6b-45de-8bd2-c18af7abe58b: start group-1BA6E09D80A5
2019-09-20 10:24:14,147 [pool-71-thread-1] INFO  impl.RaftServerImpl (RaftServerImpl.java:setRole(171)) - 4d972e91-cb6b-45de-8bd2-c18af7abe58b:group-1BA6E09D80A5 changes role from null to FOLLOWER at term 0 for startAsFollower
2019-09-20 10:24:14,147 [pool-71-thread-1] INFO  impl.RoleInfo (RoleInfo.java:updateAndGet(143)) - 4d972e91-cb6b-45de-8bd2-c18af7abe58b: start FollowerState
2019-09-20 10:24:14,148 [pool-71-thread-1] INFO  util.JmxRegister (JmxRegister.java:tryRegister(44)) - Successfully registered JMX Bean with object name Ratis:service=RaftServer,group=group-1BA6E09D80A5,id=4d972e91-cb6b-45de-8bd2-c18af7abe58b
2019-09-20 10:24:14,155 [RatisPipelineUtilsThread] INFO  pipeline.PipelineStateManager (PipelineStateManager.java:addPipeline(56)) - Created pipeline Pipeline[ Id: d0b65017-b3e9-4ade-aafe-1ba6e09d80a5, Nodes: 4d972e91-cb6b-45de-8bd2-c18af7abe58b{ip: 192.168.36.99, host: pr-hdds-1569-p5fx8-1226042367, networkLocation: /default-rack, certSerialId: null}, Type:RATIS, Factor:ONE, State:OPEN]
2019-09-20 10:24:14,157 [17e2ba94-38a1-40e7-84e0-f6802901db84:group-41A652E449DE:LeaderElection13] INFO  impl.LeaderElection (LeaderElection.java:askForVotes(181)) - 17e2ba94-38a1-40e7-84e0-f6802901db84:group-41A652E449DE:LeaderElection13: begin an election at term 1 for -1: [17e2ba94-38a1-40e7-84e0-f6802901db84:192.168.36.99:43716], old=null
2019-09-20 10:24:14,157 [17e2ba94-38a1-40e7-84e0-f6802901db84:group-41A652E449DE:LeaderElection13] INFO  impl.RoleInfo (RoleInfo.java:shutdownLeaderElection(134)) - 17e2ba94-38a1-40e7-84e0-f6802901db84: shutdown LeaderElection
2019-09-20 10:24:14,157 [RatisPipelineUtilsThread] INFO  pipeline.PipelinePlacementPolicy (PipelinePlacementPolicy.java:meetCriteria(91)) - Pipeline Placement: Doesn't meet the criteria to be viable node： 17e2ba94-38a1-40e7-84e0-f6802901db84 Heaviness: 6 limit: 5
2019-09-20 10:24:14,158 [17e2ba94-38a1-40e7-84e0-f6802901db84:group-41A652E449DE:LeaderElection13] INFO  impl.RaftServerImpl (RaftServerImpl.java:setRole(171)) - 17e2ba94-38a1-40e7-84e0-f6802901db84:group-41A652E449DE changes role from CANDIDATE to LEADER at term 1 for changeToLeader
2019-09-20 10:24:14,158 [RatisPipelineUtilsThread] INFO  pipeline.PipelinePlacementPolicy (PipelinePlacementPolicy.java:meetCriteria(91)) - Pipeline Placement: Doesn't meet the criteria to be viable node： 3d6f3241-e73c-473a-ad0b-c7be2f7e1dda Heaviness: 6 limit: 5
2019-09-20 10:24:14,158 [17e2ba94-38a1-40e7-84e0-f6802901db84:group-41A652E449DE:LeaderElection13] INFO  impl.RaftServerImpl (ServerState.java:setLeader(263)) - 17e2ba94-38a1-40e7-84e0-f6802901db84:group-41A652E449DE change Leader from null to 17e2ba94-38a1-40e7-84e0-f6802901db84 at term 1 for becomeLeader, leader elected after 1189ms
2019-09-20 10:24:14,158 [17e2ba94-38a1-40e7-84e0-f6802901db84:group-41A652E449DE:LeaderElection13] INFO  server.RaftServerConfigKeys (ConfUtils.java:logGet(43)) - raft.server.staging.catchup.gap = 1000 (default)
2019-09-20 10:24:14,159 [17e2ba94-38a1-40e7-84e0-f6802901db84:group-41A652E449DE:LeaderElection13] INFO  server.RaftServerConfigKeys (ConfUtils.java:logGet(43)) - raft.server.rpc.sleep.time = 25ms (default)
2019-09-20 10:24:14,159 [17e2ba94-38a1-40e7-84e0-f6802901db84:group-41A652E449DE:LeaderElection13] INFO  server.RaftServerConfigKeys (ConfUtils.java:logGet(43)) - raft.server.write.element-limit = 4096 (default)
2019-09-20 10:24:14,159 [17e2ba94-38a1-40e7-84e0-f6802901db84:group-41A652E449DE:LeaderElection13] INFO  server.RaftServerConfigKeys (ConfUtils.java:logGet(43)) - raft.server.watch.timeout = 10s (default)
2019-09-20 10:24:14,159 [17e2ba94-38a1-40e7-84e0-f6802901db84:group-41A652E449DE:LeaderElection13] INFO  server.RaftServerConfigKeys (ConfUtils.java:logGet(43)) - raft.server.watch.timeout.denomination = 1s (default)
2019-09-20 10:24:14,159 [17e2ba94-38a1-40e7-84e0-f6802901db84:group-41A652E449DE:LeaderElection13] INFO  server.RaftServerConfigKeys (ConfUtils.java:logGet(43)) - raft.server.watch.element-limit = 65536 (default)
2019-09-20 10:24:14,160 [17e2ba94-38a1-40e7-84e0-f6802901db84:group-41A652E449DE:LeaderElection13] INFO  impl.RoleInfo (RoleInfo.java:updateAndGet(143)) - 17e2ba94-38a1-40e7-84e0-f6802901db84: start LeaderState
2019-09-20 10:24:14,160 [17e2ba94-38a1-40e7-84e0-f6802901db84:group-41A652E449DE:LeaderElection13] INFO  segmented.SegmentedRaftLogWorker (SegmentedRaftLogWorker.java:startLogSegment(380)) - 17e2ba94-38a1-40e7-84e0-f6802901db84-SegmentedRaftLogWorker:Storage Directory /workdir/hadoop-ozone/integration-test/target/test-dir/MiniOzoneClusterImpl-7bc36abf-c66f-431a-931d-8c1e5526238d/datanode-0/data/ratis/e0b0107e-cb26-4ee9-8d41-41a652e449de: Starting segment from index:0
2019-09-20 10:24:14,163 [17e2ba94-38a1-40e7-84e0-f6802901db84:group-41A652E449DE:LeaderElection13] INFO  impl.RaftServerImpl (ServerState.java:setRaftConf(361)) - 17e2ba94-38a1-40e7-84e0-f6802901db84:group-41A652E449DE set configuration 0: [17e2ba94-38a1-40e7-84e0-f6802901db84:192.168.36.99:43716], old=null at 0
2019-09-20 10:24:14,203 [Thread-285] INFO  impl.FollowerState (FollowerState.java:run(106)) - 17e2ba94-38a1-40e7-84e0-f6802901db84:group-798D74A13463 changes to CANDIDATE, lastRpcTime:1137, electionTimeout:1102ms
2019-09-20 10:24:14,203 [Thread-285] INFO  impl.RoleInfo (RoleInfo.java:shutdownFollowerState(121)) - 17e2ba94-38a1-40e7-84e0-f6802901db84: shutdown FollowerState
2019-09-20 10:24:14,203 [Thread-285] INFO  impl.RaftServerImpl (RaftServerImpl.java:setRole(171)) - 17e2ba94-38a1-40e7-84e0-f6802901db84:group-798D74A13463 changes role from FOLLOWER to CANDIDATE at term 0 for changeToCandidate
2019-09-20 10:24:14,203 [Thread-285] INFO  impl.RoleInfo (RoleInfo.java:updateAndGet(143)) - 17e2ba94-38a1-40e7-84e0-f6802901db84: start LeaderElection
2019-09-20 10:24:14,216 [Thread-289] INFO  impl.FollowerState (FollowerState.java:run(106)) - c3e532f8-1a8e-44f3-b56b-d765aee893af:group-7A786B9CB513 changes to CANDIDATE, lastRpcTime:1026, electionTimeout:1025ms
2019-09-20 10:24:14,216 [Thread-289] INFO  impl.RoleInfo (RoleInfo.java:shutdownFollowerState(121)) - c3e532f8-1a8e-44f3-b56b-d765aee893af: shutdown FollowerState
2019-09-20 10:24:14,216 [Thread-289] INFO  impl.RaftServerImpl (RaftServerImpl.java:setRole(171)) - c3e532f8-1a8e-44f3-b56b-d765aee893af:group-7A786B9CB513 changes role from FOLLOWER to CANDIDATE at term 0 for changeToCandidate
2019-09-20 10:24:14,216 [Thread-289] INFO  impl.RoleInfo (RoleInfo.java:updateAndGet(143)) - c3e532f8-1a8e-44f3-b56b-d765aee893af: start LeaderElection
2019-09-20 10:24:14,217 [grpc-default-executor-0] INFO  impl.RaftServerProxy (RaftServerProxy.java:addNew(89)) - 4d972e91-cb6b-45de-8bd2-c18af7abe58b: addNew group-AF3980697FC7:[4d972e91-cb6b-45de-8bd2-c18af7abe58b:192.168.36.99:46114] returns group-AF3980697FC7:java.util.concurrent.CompletableFuture@db6197c[Not completed]
2019-09-20 10:24:14,226 [pool-71-thread-1] INFO  impl.RaftServerImpl (RaftServerImpl.java:<init>(93)) - 4d972e91-cb6b-45de-8bd2-c18af7abe58b: new RaftServerImpl for group-AF3980697FC7:[4d972e91-cb6b-45de-8bd2-c18af7abe58b:192.168.36.99:46114] with ContainerStateMachine:uninitialized
2019-09-20 10:24:14,227 [pool-71-thread-1] INFO  server.RaftServerConfigKeys (ConfUtils.java:logGet(43)) - raft.server.rpc.timeout.min = 1s (custom)
2019-09-20 10:24:14,227 [pool-71-thread-1] INFO  server.RaftServerConfigKeys (ConfUtils.java:logGet(43)) - raft.server.rpc.timeout.max = 1200ms (custom)
2019-09-20 10:24:14,227 [pool-71-thread-1] INFO  server.RaftServerConfigKeys (ConfUtils.java:logGet(43)) - raft.server.rpcslowness.timeout = 120s (custom)
2019-09-20 10:24:14,227 [pool-71-thread-1] INFO  server.RaftServerConfigKeys (ConfUtils.java:logGet(43)) - raft.server.sleep.deviation.threshold = 300 (default)
2019-09-20 10:24:14,227 [pool-71-thread-1] INFO  server.RaftServerConfigKeys (ConfUtils.java:logGet(43)) - raft.server.log.appender.install.snapshot.enabled = false (custom)
2019-09-20 10:24:14,228 [pool-71-thread-1] INFO  impl.RaftServerImpl (ServerState.java:<init>(105)) - 4d972e91-cb6b-45de-8bd2-c18af7abe58b:group-AF3980697FC7 ConfigurationManager, init=-1: [4d972e91-cb6b-45de-8bd2-c18af7abe58b:192.168.36.99:46114], old=null, confs=<EMPTY_MAP>
2019-09-20 10:24:14,228 [pool-71-thread-1] INFO  server.RaftServerConfigKeys (ConfUtils.java:logGet(43)) - raft.server.storage.dir = [/workdir/hadoop-ozone/integration-test/target/test-dir/MiniOzoneClusterImpl-7bc36abf-c66f-431a-931d-8c1e5526238d/datanode-4/data/ratis] (custom)
2019-09-20 10:24:14,228 [pool-71-thread-1] INFO  storage.RaftStorageDirectory (RaftStorageDirectory.java:analyzeStorage(246)) - The storage directory /workdir/hadoop-ozone/integration-test/target/test-dir/MiniOzoneClusterImpl-7bc36abf-c66f-431a-931d-8c1e5526238d/datanode-4/data/ratis/facb6899-8d65-46f5-8818-af3980697fc7 does not exist. Creating ...
2019-09-20 10:24:14,234 [17e2ba94-38a1-40e7-84e0-f6802901db84-SegmentedRaftLogWorker:Storage Directory /workdir/hadoop-ozone/integration-test/target/test-dir/MiniOzoneClusterImpl-7bc36abf-c66f-431a-931d-8c1e5526238d/datanode-0/data/ratis/e0b0107e-cb26-4ee9-8d41-41a652e449de] INFO  segmented.SegmentedRaftLogWorker (SegmentedRaftLogWorker.java:execute(569)) - 17e2ba94-38a1-40e7-84e0-f6802901db84-SegmentedRaftLogWorker:Storage Directory /workdir/hadoop-ozone/integration-test/target/test-dir/MiniOzoneClusterImpl-7bc36abf-c66f-431a-931d-8c1e5526238d/datanode-0/data/ratis/e0b0107e-cb26-4ee9-8d41-41a652e449de: created new log segment /workdir/hadoop-ozone/integration-test/target/test-dir/MiniOzoneClusterImpl-7bc36abf-c66f-431a-931d-8c1e5526238d/datanode-0/data/ratis/e0b0107e-cb26-4ee9-8d41-41a652e449de/current/log_inprogress_0
2019-09-20 10:24:14,242 | INFO  | SCMAudit | user=jenkins1000 | ip=192.168.36.99 | op=SEND_HEARTBEAT {datanodeUUID=66416d0b-a71c-4af1-ae3a-62ca63b880a3, command=[]} | ret=SUCCESS |  
2019-09-20 10:24:14,242 | INFO  | SCMAudit | user=jenkins1000 | ip=192.168.36.99 | op=SEND_HEARTBEAT {datanodeUUID=c3e532f8-1a8e-44f3-b56b-d765aee893af, command=[]} | ret=SUCCESS |  
2019-09-20 10:24:14,242 [17e2ba94-38a1-40e7-84e0-f6802901db84:group-798D74A13463:LeaderElection14] INFO  impl.LeaderElection (LeaderElection.java:askForVotes(181)) - 17e2ba94-38a1-40e7-84e0-f6802901db84:group-798D74A13463:LeaderElection14: begin an election at term 1 for -1: [17e2ba94-38a1-40e7-84e0-f6802901db84:192.168.36.99:43716], old=null
2019-09-20 10:24:14,243 [17e2ba94-38a1-40e7-84e0-f6802901db84:group-798D74A13463:LeaderElection14] INFO  impl.RoleInfo (RoleInfo.java:shutdownLeaderElection(134)) - 17e2ba94-38a1-40e7-84e0-f6802901db84: shutdown LeaderElection
2019-09-20 10:24:14,243 [17e2ba94-38a1-40e7-84e0-f6802901db84:group-798D74A13463:LeaderElection14] INFO  impl.RaftServerImpl (RaftServerImpl.java:setRole(171)) - 17e2ba94-38a1-40e7-84e0-f6802901db84:group-798D74A13463 changes role from CANDIDATE to LEADER at term 1 for changeToLeader
2019-09-20 10:24:14,243 [17e2ba94-38a1-40e7-84e0-f6802901db84:group-798D74A13463:LeaderElection14] INFO  impl.RaftServerImpl (ServerState.java:setLeader(263)) - 17e2ba94-38a1-40e7-84e0-f6802901db84:group-798D74A13463 change Leader from null to 17e2ba94-38a1-40e7-84e0-f6802901db84 at term 1 for becomeLeader, leader elected after 1182ms
2019-09-20 10:24:14,243 [17e2ba94-38a1-40e7-84e0-f6802901db84:group-798D74A13463:LeaderElection14] INFO  server.RaftServerConfigKeys (ConfUtils.java:logGet(43)) - raft.server.staging.catchup.gap = 1000 (default)
2019-09-20 10:24:14,243 [17e2ba94-38a1-40e7-84e0-f6802901db84:group-798D74A13463:LeaderElection14] INFO  server.RaftServerConfigKeys (ConfUtils.java:logGet(43)) - raft.server.rpc.sleep.time = 25ms (default)
2019-09-20 10:24:14,244 [17e2ba94-38a1-40e7-84e0-f6802901db84:group-798D74A13463:LeaderElection14] INFO  server.RaftServerConfigKeys (ConfUtils.java:logGet(43)) - raft.server.write.element-limit = 4096 (default)
2019-09-20 10:24:14,244 [17e2ba94-38a1-40e7-84e0-f6802901db84:group-798D74A13463:LeaderElection14] INFO  server.RaftServerConfigKeys (ConfUtils.java:logGet(43)) - raft.server.watch.timeout = 10s (default)
2019-09-20 10:24:14,244 [17e2ba94-38a1-40e7-84e0-f6802901db84:group-798D74A13463:LeaderElection14] INFO  server.RaftServerConfigKeys (ConfUtils.java:logGet(43)) - raft.server.watch.timeout.denomination = 1s (default)
2019-09-20 10:24:14,244 [17e2ba94-38a1-40e7-84e0-f6802901db84:group-798D74A13463:LeaderElection14] INFO  server.RaftServerConfigKeys (ConfUtils.java:logGet(43)) - raft.server.watch.element-limit = 65536 (default)
2019-09-20 10:24:14,244 [17e2ba94-38a1-40e7-84e0-f6802901db84:group-798D74A13463:LeaderElection14] INFO  impl.RoleInfo (RoleInfo.java:updateAndGet(143)) - 17e2ba94-38a1-40e7-84e0-f6802901db84: start LeaderState
2019-09-20 10:24:14,245 [17e2ba94-38a1-40e7-84e0-f6802901db84:group-798D74A13463:LeaderElection14] INFO  segmented.SegmentedRaftLogWorker (SegmentedRaftLogWorker.java:startLogSegment(380)) - 17e2ba94-38a1-40e7-84e0-f6802901db84-SegmentedRaftLogWorker:Storage Directory /workdir/hadoop-ozone/integration-test/target/test-dir/MiniOzoneClusterImpl-7bc36abf-c66f-431a-931d-8c1e5526238d/datanode-0/data/ratis/35877b3f-e2af-487a-a6b1-798d74a13463: Starting segment from index:0
2019-09-20 10:24:14,245 [17e2ba94-38a1-40e7-84e0-f6802901db84:group-798D74A13463:LeaderElection14] INFO  impl.RaftServerImpl (ServerState.java:setRaftConf(361)) - 17e2ba94-38a1-40e7-84e0-f6802901db84:group-798D74A13463 set configuration 0: [17e2ba94-38a1-40e7-84e0-f6802901db84:192.168.36.99:43716], old=null at 0
2019-09-20 10:24:14,286 [pool-71-thread-1] INFO  storage.RaftStorageDirectory (RaftStorageDirectory.java:tryLock(328)) - Lock on /workdir/hadoop-ozone/integration-test/target/test-dir/MiniOzoneClusterImpl-7bc36abf-c66f-431a-931d-8c1e5526238d/datanode-4/data/ratis/facb6899-8d65-46f5-8818-af3980697fc7/in_use.lock acquired by nodename 28506@pr-hdds-1569-p5fx8-1226042367
2019-09-20 10:24:14,288 [c3e532f8-1a8e-44f3-b56b-d765aee893af:group-7A786B9CB513:LeaderElection15] INFO  impl.LeaderElection (LeaderElection.java:askForVotes(181)) - c3e532f8-1a8e-44f3-b56b-d765aee893af:group-7A786B9CB513:LeaderElection15: begin an election at term 1 for -1: [c3e532f8-1a8e-44f3-b56b-d765aee893af:192.168.36.99:34965], old=null
2019-09-20 10:24:14,289 [c3e532f8-1a8e-44f3-b56b-d765aee893af:group-7A786B9CB513:LeaderElection15] INFO  impl.RoleInfo (RoleInfo.java:shutdownLeaderElection(134)) - c3e532f8-1a8e-44f3-b56b-d765aee893af: shutdown LeaderElection
2019-09-20 10:24:14,291 [c3e532f8-1a8e-44f3-b56b-d765aee893af:group-7A786B9CB513:LeaderElection15] INFO  impl.RaftServerImpl (RaftServerImpl.java:setRole(171)) - c3e532f8-1a8e-44f3-b56b-d765aee893af:group-7A786B9CB513 changes role from CANDIDATE to LEADER at term 1 for changeToLeader
2019-09-20 10:24:14,291 [c3e532f8-1a8e-44f3-b56b-d765aee893af:group-7A786B9CB513:LeaderElection15] INFO  impl.RaftServerImpl (ServerState.java:setLeader(263)) - c3e532f8-1a8e-44f3-b56b-d765aee893af:group-7A786B9CB513 change Leader from null to c3e532f8-1a8e-44f3-b56b-d765aee893af at term 1 for becomeLeader, leader elected after 1104ms
2019-09-20 10:24:14,291 [c3e532f8-1a8e-44f3-b56b-d765aee893af:group-7A786B9CB513:LeaderElection15] INFO  server.RaftServerConfigKeys (ConfUtils.java:logGet(43)) - raft.server.staging.catchup.gap = 1000 (default)
2019-09-20 10:24:14,291 [c3e532f8-1a8e-44f3-b56b-d765aee893af:group-7A786B9CB513:LeaderElection15] INFO  server.RaftServerConfigKeys (ConfUtils.java:logGet(43)) - raft.server.rpc.sleep.time = 25ms (default)
2019-09-20 10:24:14,292 | INFO  | SCMAudit | user=jenkins1000 | ip=192.168.36.99 | op=SEND_HEARTBEAT {datanodeUUID=4d972e91-cb6b-45de-8bd2-c18af7abe58b, command=[]} | ret=SUCCESS |  
2019-09-20 10:24:14,292 [c3e532f8-1a8e-44f3-b56b-d765aee893af:group-7A786B9CB513:LeaderElection15] INFO  server.RaftServerConfigKeys (ConfUtils.java:logGet(43)) - raft.server.write.element-limit = 4096 (default)
2019-09-20 10:24:14,292 [c3e532f8-1a8e-44f3-b56b-d765aee893af:group-7A786B9CB513:LeaderElection15] INFO  server.RaftServerConfigKeys (ConfUtils.java:logGet(43)) - raft.server.watch.timeout = 10s (default)
2019-09-20 10:24:14,292 [c3e532f8-1a8e-44f3-b56b-d765aee893af:group-7A786B9CB513:LeaderElection15] INFO  server.RaftServerConfigKeys (ConfUtils.java:logGet(43)) - raft.server.watch.timeout.denomination = 1s (default)
2019-09-20 10:24:14,292 [c3e532f8-1a8e-44f3-b56b-d765aee893af:group-7A786B9CB513:LeaderElection15] INFO  server.RaftServerConfigKeys (ConfUtils.java:logGet(43)) - raft.server.watch.element-limit = 65536 (default)
2019-09-20 10:24:14,293 [c3e532f8-1a8e-44f3-b56b-d765aee893af:group-7A786B9CB513:LeaderElection15] INFO  impl.RoleInfo (RoleInfo.java:updateAndGet(143)) - c3e532f8-1a8e-44f3-b56b-d765aee893af: start LeaderState
2019-09-20 10:24:14,293 [c3e532f8-1a8e-44f3-b56b-d765aee893af:group-7A786B9CB513:LeaderElection15] INFO  segmented.SegmentedRaftLogWorker (SegmentedRaftLogWorker.java:startLogSegment(380)) - c3e532f8-1a8e-44f3-b56b-d765aee893af-SegmentedRaftLogWorker:Storage Directory /workdir/hadoop-ozone/integration-test/target/test-dir/MiniOzoneClusterImpl-7bc36abf-c66f-431a-931d-8c1e5526238d/datanode-3/data/ratis/85a97e28-5775-4b27-85f0-7a786b9cb513: Starting segment from index:0
2019-09-20 10:24:14,294 [c3e532f8-1a8e-44f3-b56b-d765aee893af:group-7A786B9CB513:LeaderElection15] INFO  impl.RaftServerImpl (ServerState.java:setRaftConf(361)) - c3e532f8-1a8e-44f3-b56b-d765aee893af:group-7A786B9CB513 set configuration 0: [c3e532f8-1a8e-44f3-b56b-d765aee893af:192.168.36.99:34965], old=null at 0
2019-09-20 10:24:14,333 [Thread-294] INFO  impl.FollowerState (FollowerState.java:run(106)) - 3d6f3241-e73c-473a-ad0b-c7be2f7e1dda:group-A261678FA5F0 changes to CANDIDATE, lastRpcTime:1070, electionTimeout:1053ms
2019-09-20 10:24:14,356 [c3e532f8-1a8e-44f3-b56b-d765aee893af-SegmentedRaftLogWorker:Storage Directory /workdir/hadoop-ozone/integration-test/target/test-dir/MiniOzoneClusterImpl-7bc36abf-c66f-431a-931d-8c1e5526238d/datanode-3/data/ratis/85a97e28-5775-4b27-85f0-7a786b9cb513] INFO  segmented.SegmentedRaftLogWorker (SegmentedRaftLogWorker.java:execute(569)) - c3e532f8-1a8e-44f3-b56b-d765aee893af-SegmentedRaftLogWorker:Storage Directory /workdir/hadoop-ozone/integration-test/target/test-dir/MiniOzoneClusterImpl-7bc36abf-c66f-431a-931d-8c1e5526238d/datanode-3/data/ratis/85a97e28-5775-4b27-85f0-7a786b9cb513: created new log segment /workdir/hadoop-ozone/integration-test/target/test-dir/MiniOzoneClusterImpl-7bc36abf-c66f-431a-931d-8c1e5526238d/datanode-3/data/ratis/85a97e28-5775-4b27-85f0-7a786b9cb513/current/log_inprogress_0
2019-09-20 10:24:14,356 [Thread-294] INFO  impl.RoleInfo (RoleInfo.java:shutdownFollowerState(121)) - 3d6f3241-e73c-473a-ad0b-c7be2f7e1dda: shutdown FollowerState
2019-09-20 10:24:14,356 [pool-71-thread-1] INFO  storage.RaftStorage (RaftStorage.java:format(72)) - Storage directory /workdir/hadoop-ozone/integration-test/target/test-dir/MiniOzoneClusterImpl-7bc36abf-c66f-431a-931d-8c1e5526238d/datanode-4/data/ratis/facb6899-8d65-46f5-8818-af3980697fc7 has been successfully formatted.
2019-09-20 10:24:14,333 [17e2ba94-38a1-40e7-84e0-f6802901db84-SegmentedRaftLogWorker:Storage Directory /workdir/hadoop-ozone/integration-test/target/test-dir/MiniOzoneClusterImpl-7bc36abf-c66f-431a-931d-8c1e5526238d/datanode-0/data/ratis/35877b3f-e2af-487a-a6b1-798d74a13463] INFO  segmented.SegmentedRaftLogWorker (SegmentedRaftLogWorker.java:execute(569)) - 17e2ba94-38a1-40e7-84e0-f6802901db84-SegmentedRaftLogWorker:Storage Directory /workdir/hadoop-ozone/integration-test/target/test-dir/MiniOzoneClusterImpl-7bc36abf-c66f-431a-931d-8c1e5526238d/datanode-0/data/ratis/35877b3f-e2af-487a-a6b1-798d74a13463: created new log segment /workdir/hadoop-ozone/integration-test/target/test-dir/MiniOzoneClusterImpl-7bc36abf-c66f-431a-931d-8c1e5526238d/datanode-0/data/ratis/35877b3f-e2af-487a-a6b1-798d74a13463/current/log_inprogress_0
2019-09-20 10:24:14,363 [Thread-294] INFO  impl.RaftServerImpl (RaftServerImpl.java:setRole(171)) - 3d6f3241-e73c-473a-ad0b-c7be2f7e1dda:group-A261678FA5F0 changes role from FOLLOWER to CANDIDATE at term 0 for changeToCandidate
2019-09-20 10:24:14,368 [pool-71-thread-1] INFO  ratis.ContainerStateMachine (ContainerStateMachine.java:loadSnapshot(226)) - group-AF3980697FC7: The snapshot info is null. Setting the last applied indexto:(t:0, i:~)
2019-09-20 10:24:14,370 [Thread-294] INFO  impl.RoleInfo (RoleInfo.java:updateAndGet(143)) - 3d6f3241-e73c-473a-ad0b-c7be2f7e1dda: start LeaderElection
2019-09-20 10:24:14,370 [pool-71-thread-1] INFO  server.RaftServerConfigKeys (ConfUtils.java:logGet(43)) - raft.server.leader.election.timeout = 120s (custom)
2019-09-20 10:24:14,372 | INFO  | SCMAudit | user=jenkins1000 | ip=192.168.36.99 | op=SEND_HEARTBEAT {datanodeUUID=17e2ba94-38a1-40e7-84e0-f6802901db84, command=[]} | ret=SUCCESS |  
2019-09-20 10:24:14,370 [pool-71-thread-1] INFO  server.RaftServerConfigKeys (ConfUtils.java:logGet(43)) - raft.server.log.use.memory = false (default)
2019-09-20 10:24:14,376 [pool-71-thread-1] INFO  server.RaftServerConfigKeys (ConfUtils.java:logGet(43)) - raft.server.log.purge.gap = 1000000 (custom)
2019-09-20 10:24:14,376 [pool-71-thread-1] INFO  server.RaftServerConfigKeys (ConfUtils.java:logGet(43)) - raft.server.log.appender.buffer.byte-limit = 33554432 (custom)
2019-09-20 10:24:14,377 [pool-71-thread-1] INFO  server.RaftServerConfigKeys (ConfUtils.java:logGet(43)) - raft.server.log.segment.size.max = 1048576 (custom)
2019-09-20 10:24:14,377 [pool-71-thread-1] INFO  server.RaftServerConfigKeys (ConfUtils.java:logGet(43)) - raft.server.log.segment.cache.num.max = 2 (custom)
2019-09-20 10:24:14,377 [pool-71-thread-1] INFO  segmented.SegmentedRaftLogWorker (SegmentedRaftLogWorker.java:<init>(172)) - new 4d972e91-cb6b-45de-8bd2-c18af7abe58b-SegmentedRaftLogWorker:Storage Directory /workdir/hadoop-ozone/integration-test/target/test-dir/MiniOzoneClusterImpl-7bc36abf-c66f-431a-931d-8c1e5526238d/datanode-4/data/ratis/facb6899-8d65-46f5-8818-af3980697fc7 for RaftStorage:Storage Directory /workdir/hadoop-ozone/integration-test/target/test-dir/MiniOzoneClusterImpl-7bc36abf-c66f-431a-931d-8c1e5526238d/datanode-4/data/ratis/facb6899-8d65-46f5-8818-af3980697fc7
2019-09-20 10:24:14,377 [pool-71-thread-1] INFO  server.RaftServerConfigKeys (ConfUtils.java:logGet(43)) - raft.server.log.queue.byte-limit = 2147483647 (custom)
2019-09-20 10:24:14,377 [pool-71-thread-1] INFO  server.RaftServerConfigKeys (ConfUtils.java:logGet(43)) - raft.server.log.queue.element-limit = 1024 (custom)
2019-09-20 10:24:14,378 [pool-71-thread-1] INFO  server.RaftServerConfigKeys (ConfUtils.java:logGet(43)) - raft.server.log.segment.size.max = 1048576 (custom)
2019-09-20 10:24:14,378 [pool-71-thread-1] INFO  server.RaftServerConfigKeys (ConfUtils.java:logGet(43)) - raft.server.log.preallocated.size = 16384 (custom)
2019-09-20 10:24:14,378 [pool-71-thread-1] INFO  server.RaftServerConfigKeys (ConfUtils.java:logGet(43)) - raft.server.log.write.buffer.size = 33554432 (custom)
2019-09-20 10:24:14,378 [pool-71-thread-1] INFO  server.RaftServerConfigKeys (ConfUtils.java:logGet(43)) - raft.server.log.force.sync.num = 128 (default)
2019-09-20 10:24:14,379 [pool-71-thread-1] INFO  server.RaftServerConfigKeys (ConfUtils.java:logGet(43)) - raft.server.log.statemachine.data.sync = true (default)
2019-09-20 10:24:14,379 [pool-71-thread-1] INFO  server.RaftServerConfigKeys (ConfUtils.java:logGet(43)) - raft.server.log.statemachine.data.sync.timeout = 10s (default)
2019-09-20 10:24:14,379 [pool-71-thread-1] INFO  server.RaftServerConfigKeys (ConfUtils.java:logGet(43)) - raft.server.log.statemachine.data.sync.timeout.retry = -1 (default)
2019-09-20 10:24:14,379 [pool-71-thread-1] INFO  server.RaftServerConfigKeys (ConfUtils.java:logGet(43)) - raft.server.log.statemachine.data.caching.enabled = true (custom)
2019-09-20 10:24:14,380 [pool-71-thread-1] INFO  segmented.SegmentedRaftLogWorker (SegmentedRaftLogWorker.java:lambda$new$0(132)) - 4d972e91-cb6b-45de-8bd2-c18af7abe58b-SegmentedRaftLogWorker:Storage Directory /workdir/hadoop-ozone/integration-test/target/test-dir/MiniOzoneClusterImpl-7bc36abf-c66f-431a-931d-8c1e5526238d/datanode-4/data/ratis/facb6899-8d65-46f5-8818-af3980697fc7: flushIndex: setUnconditionally 0 -> -1
2019-09-20 10:24:14,380 [pool-71-thread-1] INFO  server.RaftServerConfigKeys (ConfUtils.java:logGet(43)) - raft.server.snapshot.auto.trigger.enabled = true (custom)
2019-09-20 10:24:14,380 [pool-71-thread-1] INFO  server.RaftServerConfigKeys (ConfUtils.java:logGet(43)) - raft.server.snapshot.auto.trigger.threshold = 10000 (custom)
2019-09-20 10:24:14,381 [pool-71-thread-1] INFO  server.RaftServerConfigKeys (ConfUtils.java:logGet(43)) - raft.server.retrycache.expirytime = 600000ms (custom)
2019-09-20 10:24:14,381 [pool-71-thread-1] INFO  impl.RaftServerImpl (RaftServerImpl.java:start(180)) - 4d972e91-cb6b-45de-8bd2-c18af7abe58b: start group-AF3980697FC7
2019-09-20 10:24:14,381 [pool-71-thread-1] INFO  impl.RaftServerImpl (RaftServerImpl.java:setRole(171)) - 4d972e91-cb6b-45de-8bd2-c18af7abe58b:group-AF3980697FC7 changes role from null to FOLLOWER at term 0 for startAsFollower
2019-09-20 10:24:14,381 [pool-71-thread-1] INFO  impl.RoleInfo (RoleInfo.java:updateAndGet(143)) - 4d972e91-cb6b-45de-8bd2-c18af7abe58b: start FollowerState
2019-09-20 10:24:14,382 [pool-71-thread-1] INFO  util.JmxRegister (JmxRegister.java:tryRegister(44)) - Successfully registered JMX Bean with object name Ratis:service=RaftServer,group=group-AF3980697FC7,id=4d972e91-cb6b-45de-8bd2-c18af7abe58b
2019-09-20 10:24:14,389 [RatisPipelineUtilsThread] INFO  pipeline.PipelineStateManager (PipelineStateManager.java:addPipeline(56)) - Created pipeline Pipeline[ Id: facb6899-8d65-46f5-8818-af3980697fc7, Nodes: 4d972e91-cb6b-45de-8bd2-c18af7abe58b{ip: 192.168.36.99, host: pr-hdds-1569-p5fx8-1226042367, networkLocation: /default-rack, certSerialId: null}, Type:RATIS, Factor:ONE, State:OPEN]
2019-09-20 10:24:14,392 [RatisPipelineUtilsThread] INFO  pipeline.PipelinePlacementPolicy (PipelinePlacementPolicy.java:meetCriteria(91)) - Pipeline Placement: Doesn't meet the criteria to be viable node： 17e2ba94-38a1-40e7-84e0-f6802901db84 Heaviness: 6 limit: 5
2019-09-20 10:24:14,392 [RatisPipelineUtilsThread] INFO  pipeline.PipelinePlacementPolicy (PipelinePlacementPolicy.java:meetCriteria(91)) - Pipeline Placement: Doesn't meet the criteria to be viable node： 3d6f3241-e73c-473a-ad0b-c7be2f7e1dda Heaviness: 6 limit: 5
2019-09-20 10:24:14,394 [3d6f3241-e73c-473a-ad0b-c7be2f7e1dda:group-A261678FA5F0:LeaderElection16] INFO  impl.LeaderElection (LeaderElection.java:askForVotes(181)) - 3d6f3241-e73c-473a-ad0b-c7be2f7e1dda:group-A261678FA5F0:LeaderElection16: begin an election at term 1 for -1: [3d6f3241-e73c-473a-ad0b-c7be2f7e1dda:192.168.36.99:33174], old=null
2019-09-20 10:24:14,394 [3d6f3241-e73c-473a-ad0b-c7be2f7e1dda:group-A261678FA5F0:LeaderElection16] INFO  impl.RoleInfo (RoleInfo.java:shutdownLeaderElection(134)) - 3d6f3241-e73c-473a-ad0b-c7be2f7e1dda: shutdown LeaderElection
2019-09-20 10:24:14,396 [3d6f3241-e73c-473a-ad0b-c7be2f7e1dda:group-A261678FA5F0:LeaderElection16] INFO  impl.RaftServerImpl (RaftServerImpl.java:setRole(171)) - 3d6f3241-e73c-473a-ad0b-c7be2f7e1dda:group-A261678FA5F0 changes role from CANDIDATE to LEADER at term 1 for changeToLeader
2019-09-20 10:24:14,397 [3d6f3241-e73c-473a-ad0b-c7be2f7e1dda:group-A261678FA5F0:LeaderElection16] INFO  impl.RaftServerImpl (ServerState.java:setLeader(263)) - 3d6f3241-e73c-473a-ad0b-c7be2f7e1dda:group-A261678FA5F0 change Leader from null to 3d6f3241-e73c-473a-ad0b-c7be2f7e1dda at term 1 for becomeLeader, leader elected after 1140ms
2019-09-20 10:24:14,397 [3d6f3241-e73c-473a-ad0b-c7be2f7e1dda:group-A261678FA5F0:LeaderElection16] INFO  server.RaftServerConfigKeys (ConfUtils.java:logGet(43)) - raft.server.staging.catchup.gap = 1000 (default)
2019-09-20 10:24:14,397 [3d6f3241-e73c-473a-ad0b-c7be2f7e1dda:group-A261678FA5F0:LeaderElection16] INFO  server.RaftServerConfigKeys (ConfUtils.java:logGet(43)) - raft.server.rpc.sleep.time = 25ms (default)
2019-09-20 10:24:14,397 [3d6f3241-e73c-473a-ad0b-c7be2f7e1dda:group-A261678FA5F0:LeaderElection16] INFO  server.RaftServerConfigKeys (ConfUtils.java:logGet(43)) - raft.server.write.element-limit = 4096 (default)
2019-09-20 10:24:14,398 [3d6f3241-e73c-473a-ad0b-c7be2f7e1dda:group-A261678FA5F0:LeaderElection16] INFO  server.RaftServerConfigKeys (ConfUtils.java:logGet(43)) - raft.server.watch.timeout = 10s (default)
2019-09-20 10:24:14,398 [3d6f3241-e73c-473a-ad0b-c7be2f7e1dda:group-A261678FA5F0:LeaderElection16] INFO  server.RaftServerConfigKeys (ConfUtils.java:logGet(43)) - raft.server.watch.timeout.denomination = 1s (default)
2019-09-20 10:24:14,398 [3d6f3241-e73c-473a-ad0b-c7be2f7e1dda:group-A261678FA5F0:LeaderElection16] INFO  server.RaftServerConfigKeys (ConfUtils.java:logGet(43)) - raft.server.watch.element-limit = 65536 (default)
2019-09-20 10:24:14,398 [3d6f3241-e73c-473a-ad0b-c7be2f7e1dda:group-A261678FA5F0:LeaderElection16] INFO  impl.RoleInfo (RoleInfo.java:updateAndGet(143)) - 3d6f3241-e73c-473a-ad0b-c7be2f7e1dda: start LeaderState
2019-09-20 10:24:14,399 [3d6f3241-e73c-473a-ad0b-c7be2f7e1dda:group-A261678FA5F0:LeaderElection16] INFO  segmented.SegmentedRaftLogWorker (SegmentedRaftLogWorker.java:startLogSegment(380)) - 3d6f3241-e73c-473a-ad0b-c7be2f7e1dda-SegmentedRaftLogWorker:Storage Directory /workdir/hadoop-ozone/integration-test/target/test-dir/MiniOzoneClusterImpl-7bc36abf-c66f-431a-931d-8c1e5526238d/datanode-1/data/ratis/4aac26ea-138b-4722-91b0-a261678fa5f0: Starting segment from index:0
2019-09-20 10:24:14,399 [3d6f3241-e73c-473a-ad0b-c7be2f7e1dda:group-A261678FA5F0:LeaderElection16] INFO  impl.RaftServerImpl (ServerState.java:setRaftConf(361)) - 3d6f3241-e73c-473a-ad0b-c7be2f7e1dda:group-A261678FA5F0 set configuration 0: [3d6f3241-e73c-473a-ad0b-c7be2f7e1dda:192.168.36.99:33174], old=null at 0
2019-09-20 10:24:14,447 [grpc-default-executor-0] INFO  impl.RaftServerProxy (RaftServerProxy.java:addNew(89)) - 66416d0b-a71c-4af1-ae3a-62ca63b880a3: addNew group-392D10F8B0C5:[66416d0b-a71c-4af1-ae3a-62ca63b880a3:192.168.36.99:43326] returns group-392D10F8B0C5:java.util.concurrent.CompletableFuture@31adf1ed[Not completed]
2019-09-20 10:24:14,450 [pool-49-thread-1] INFO  impl.RaftServerImpl (RaftServerImpl.java:<init>(93)) - 66416d0b-a71c-4af1-ae3a-62ca63b880a3: new RaftServerImpl for group-392D10F8B0C5:[66416d0b-a71c-4af1-ae3a-62ca63b880a3:192.168.36.99:43326] with ContainerStateMachine:uninitialized
2019-09-20 10:24:14,450 [pool-49-thread-1] INFO  server.RaftServerConfigKeys (ConfUtils.java:logGet(43)) - raft.server.rpc.timeout.min = 1s (custom)
2019-09-20 10:24:14,450 [pool-49-thread-1] INFO  server.RaftServerConfigKeys (ConfUtils.java:logGet(43)) - raft.server.rpc.timeout.max = 1200ms (custom)
2019-09-20 10:24:14,450 [pool-49-thread-1] INFO  server.RaftServerConfigKeys (ConfUtils.java:logGet(43)) - raft.server.rpcslowness.timeout = 120s (custom)
2019-09-20 10:24:14,451 [pool-49-thread-1] INFO  server.RaftServerConfigKeys (ConfUtils.java:logGet(43)) - raft.server.sleep.deviation.threshold = 300 (default)
2019-09-20 10:24:14,451 [pool-49-thread-1] INFO  server.RaftServerConfigKeys (ConfUtils.java:logGet(43)) - raft.server.log.appender.install.snapshot.enabled = false (custom)
2019-09-20 10:24:14,451 [pool-49-thread-1] INFO  impl.RaftServerImpl (ServerState.java:<init>(105)) - 66416d0b-a71c-4af1-ae3a-62ca63b880a3:group-392D10F8B0C5 ConfigurationManager, init=-1: [66416d0b-a71c-4af1-ae3a-62ca63b880a3:192.168.36.99:43326], old=null, confs=<EMPTY_MAP>
2019-09-20 10:24:14,451 [pool-49-thread-1] INFO  server.RaftServerConfigKeys (ConfUtils.java:logGet(43)) - raft.server.storage.dir = [/workdir/hadoop-ozone/integration-test/target/test-dir/MiniOzoneClusterImpl-7bc36abf-c66f-431a-931d-8c1e5526238d/datanode-2/data/ratis] (custom)
2019-09-20 10:24:14,452 [pool-49-thread-1] INFO  storage.RaftStorageDirectory (RaftStorageDirectory.java:analyzeStorage(246)) - The storage directory /workdir/hadoop-ozone/integration-test/target/test-dir/MiniOzoneClusterImpl-7bc36abf-c66f-431a-931d-8c1e5526238d/datanode-2/data/ratis/431330a2-f79f-4833-acd7-392d10f8b0c5 does not exist. Creating ...
2019-09-20 10:24:14,461 [3d6f3241-e73c-473a-ad0b-c7be2f7e1dda-SegmentedRaftLogWorker:Storage Directory /workdir/hadoop-ozone/integration-test/target/test-dir/MiniOzoneClusterImpl-7bc36abf-c66f-431a-931d-8c1e5526238d/datanode-1/data/ratis/4aac26ea-138b-4722-91b0-a261678fa5f0] INFO  segmented.SegmentedRaftLogWorker (SegmentedRaftLogWorker.java:execute(569)) - 3d6f3241-e73c-473a-ad0b-c7be2f7e1dda-SegmentedRaftLogWorker:Storage Directory /workdir/hadoop-ozone/integration-test/target/test-dir/MiniOzoneClusterImpl-7bc36abf-c66f-431a-931d-8c1e5526238d/datanode-1/data/ratis/4aac26ea-138b-4722-91b0-a261678fa5f0: created new log segment /workdir/hadoop-ozone/integration-test/target/test-dir/MiniOzoneClusterImpl-7bc36abf-c66f-431a-931d-8c1e5526238d/datanode-1/data/ratis/4aac26ea-138b-4722-91b0-a261678fa5f0/current/log_inprogress_0
2019-09-20 10:24:14,486 [pool-49-thread-1] INFO  storage.RaftStorageDirectory (RaftStorageDirectory.java:tryLock(328)) - Lock on /workdir/hadoop-ozone/integration-test/target/test-dir/MiniOzoneClusterImpl-7bc36abf-c66f-431a-931d-8c1e5526238d/datanode-2/data/ratis/431330a2-f79f-4833-acd7-392d10f8b0c5/in_use.lock acquired by nodename 28506@pr-hdds-1569-p5fx8-1226042367
2019-09-20 10:24:14,528 [pool-49-thread-1] INFO  storage.RaftStorage (RaftStorage.java:format(72)) - Storage directory /workdir/hadoop-ozone/integration-test/target/test-dir/MiniOzoneClusterImpl-7bc36abf-c66f-431a-931d-8c1e5526238d/datanode-2/data/ratis/431330a2-f79f-4833-acd7-392d10f8b0c5 has been successfully formatted.
2019-09-20 10:24:14,529 [pool-49-thread-1] INFO  ratis.ContainerStateMachine (ContainerStateMachine.java:loadSnapshot(226)) - group-392D10F8B0C5: The snapshot info is null. Setting the last applied indexto:(t:0, i:~)
2019-09-20 10:24:14,529 [pool-49-thread-1] INFO  server.RaftServerConfigKeys (ConfUtils.java:logGet(43)) - raft.server.leader.election.timeout = 120s (custom)
2019-09-20 10:24:14,529 [pool-49-thread-1] INFO  server.RaftServerConfigKeys (ConfUtils.java:logGet(43)) - raft.server.log.use.memory = false (default)
2019-09-20 10:24:14,530 [pool-49-thread-1] INFO  server.RaftServerConfigKeys (ConfUtils.java:logGet(43)) - raft.server.log.purge.gap = 1000000 (custom)
2019-09-20 10:24:14,530 [pool-49-thread-1] INFO  server.RaftServerConfigKeys (ConfUtils.java:logGet(43)) - raft.server.log.appender.buffer.byte-limit = 33554432 (custom)
2019-09-20 10:24:14,530 [pool-49-thread-1] INFO  server.RaftServerConfigKeys (ConfUtils.java:logGet(43)) - raft.server.log.segment.size.max = 1048576 (custom)
2019-09-20 10:24:14,530 [pool-49-thread-1] INFO  server.RaftServerConfigKeys (ConfUtils.java:logGet(43)) - raft.server.log.segment.cache.num.max = 2 (custom)
2019-09-20 10:24:14,531 [pool-49-thread-1] INFO  segmented.SegmentedRaftLogWorker (SegmentedRaftLogWorker.java:<init>(172)) - new 66416d0b-a71c-4af1-ae3a-62ca63b880a3-SegmentedRaftLogWorker:Storage Directory /workdir/hadoop-ozone/integration-test/target/test-dir/MiniOzoneClusterImpl-7bc36abf-c66f-431a-931d-8c1e5526238d/datanode-2/data/ratis/431330a2-f79f-4833-acd7-392d10f8b0c5 for RaftStorage:Storage Directory /workdir/hadoop-ozone/integration-test/target/test-dir/MiniOzoneClusterImpl-7bc36abf-c66f-431a-931d-8c1e5526238d/datanode-2/data/ratis/431330a2-f79f-4833-acd7-392d10f8b0c5
2019-09-20 10:24:14,531 [pool-49-thread-1] INFO  server.RaftServerConfigKeys (ConfUtils.java:logGet(43)) - raft.server.log.queue.byte-limit = 2147483647 (custom)
2019-09-20 10:24:14,531 [pool-49-thread-1] INFO  server.RaftServerConfigKeys (ConfUtils.java:logGet(43)) - raft.server.log.queue.element-limit = 1024 (custom)
2019-09-20 10:24:14,532 [pool-49-thread-1] INFO  server.RaftServerConfigKeys (ConfUtils.java:logGet(43)) - raft.server.log.segment.size.max = 1048576 (custom)
2019-09-20 10:24:14,532 [pool-49-thread-1] INFO  server.RaftServerConfigKeys (ConfUtils.java:logGet(43)) - raft.server.log.preallocated.size = 16384 (custom)
2019-09-20 10:24:14,532 [pool-49-thread-1] INFO  server.RaftServerConfigKeys (ConfUtils.java:logGet(43)) - raft.server.log.write.buffer.size = 33554432 (custom)
2019-09-20 10:24:14,532 [pool-49-thread-1] INFO  server.RaftServerConfigKeys (ConfUtils.java:logGet(43)) - raft.server.log.force.sync.num = 128 (default)
2019-09-20 10:24:14,532 [pool-49-thread-1] INFO  server.RaftServerConfigKeys (ConfUtils.java:logGet(43)) - raft.server.log.statemachine.data.sync = true (default)
2019-09-20 10:24:14,533 [pool-49-thread-1] INFO  server.RaftServerConfigKeys (ConfUtils.java:logGet(43)) - raft.server.log.statemachine.data.sync.timeout = 10s (default)
2019-09-20 10:24:14,533 [pool-49-thread-1] INFO  server.RaftServerConfigKeys (ConfUtils.java:logGet(43)) - raft.server.log.statemachine.data.sync.timeout.retry = -1 (default)
2019-09-20 10:24:14,533 [pool-49-thread-1] INFO  server.RaftServerConfigKeys (ConfUtils.java:logGet(43)) - raft.server.log.statemachine.data.caching.enabled = true (custom)
2019-09-20 10:24:14,534 [pool-49-thread-1] INFO  segmented.SegmentedRaftLogWorker (SegmentedRaftLogWorker.java:lambda$new$0(132)) - 66416d0b-a71c-4af1-ae3a-62ca63b880a3-SegmentedRaftLogWorker:Storage Directory /workdir/hadoop-ozone/integration-test/target/test-dir/MiniOzoneClusterImpl-7bc36abf-c66f-431a-931d-8c1e5526238d/datanode-2/data/ratis/431330a2-f79f-4833-acd7-392d10f8b0c5: flushIndex: setUnconditionally 0 -> -1
2019-09-20 10:24:14,534 [pool-49-thread-1] INFO  server.RaftServerConfigKeys (ConfUtils.java:logGet(43)) - raft.server.snapshot.auto.trigger.enabled = true (custom)
2019-09-20 10:24:14,535 [pool-49-thread-1] INFO  server.RaftServerConfigKeys (ConfUtils.java:logGet(43)) - raft.server.snapshot.auto.trigger.threshold = 10000 (custom)
2019-09-20 10:24:14,535 [pool-49-thread-1] INFO  server.RaftServerConfigKeys (ConfUtils.java:logGet(43)) - raft.server.retrycache.expirytime = 600000ms (custom)
2019-09-20 10:24:14,535 [pool-49-thread-1] INFO  impl.RaftServerImpl (RaftServerImpl.java:start(180)) - 66416d0b-a71c-4af1-ae3a-62ca63b880a3: start group-392D10F8B0C5
2019-09-20 10:24:14,535 [pool-49-thread-1] INFO  impl.RaftServerImpl (RaftServerImpl.java:setRole(171)) - 66416d0b-a71c-4af1-ae3a-62ca63b880a3:group-392D10F8B0C5 changes role from null to FOLLOWER at term 0 for startAsFollower
2019-09-20 10:24:14,536 [pool-49-thread-1] INFO  impl.RoleInfo (RoleInfo.java:updateAndGet(143)) - 66416d0b-a71c-4af1-ae3a-62ca63b880a3: start FollowerState
2019-09-20 10:24:14,536 [pool-49-thread-1] INFO  util.JmxRegister (JmxRegister.java:tryRegister(44)) - Successfully registered JMX Bean with object name Ratis:service=RaftServer,group=group-392D10F8B0C5,id=66416d0b-a71c-4af1-ae3a-62ca63b880a3
2019-09-20 10:24:14,543 [RatisPipelineUtilsThread] INFO  pipeline.PipelineStateManager (PipelineStateManager.java:addPipeline(56)) - Created pipeline Pipeline[ Id: 431330a2-f79f-4833-acd7-392d10f8b0c5, Nodes: 66416d0b-a71c-4af1-ae3a-62ca63b880a3{ip: 192.168.36.99, host: pr-hdds-1569-p5fx8-1226042367, networkLocation: /default-rack, certSerialId: null}, Type:RATIS, Factor:ONE, State:OPEN]
2019-09-20 10:24:14,546 [RatisPipelineUtilsThread] INFO  pipeline.PipelinePlacementPolicy (PipelinePlacementPolicy.java:meetCriteria(91)) - Pipeline Placement: Doesn't meet the criteria to be viable node： 17e2ba94-38a1-40e7-84e0-f6802901db84 Heaviness: 6 limit: 5
2019-09-20 10:24:14,546 [RatisPipelineUtilsThread] INFO  pipeline.PipelinePlacementPolicy (PipelinePlacementPolicy.java:meetCriteria(91)) - Pipeline Placement: Doesn't meet the criteria to be viable node： 3d6f3241-e73c-473a-ad0b-c7be2f7e1dda Heaviness: 6 limit: 5
2019-09-20 10:24:14,550 [Thread-299] INFO  impl.FollowerState (FollowerState.java:run(106)) - 17e2ba94-38a1-40e7-84e0-f6802901db84:group-A56BDD72C706 changes to CANDIDATE, lastRpcTime:1141, electionTimeout:1141ms
2019-09-20 10:24:14,551 [Thread-299] INFO  impl.RoleInfo (RoleInfo.java:shutdownFollowerState(121)) - 17e2ba94-38a1-40e7-84e0-f6802901db84: shutdown FollowerState
2019-09-20 10:24:14,551 [Thread-299] INFO  impl.RaftServerImpl (RaftServerImpl.java:setRole(171)) - 17e2ba94-38a1-40e7-84e0-f6802901db84:group-A56BDD72C706 changes role from FOLLOWER to CANDIDATE at term 0 for changeToCandidate
2019-09-20 10:24:14,551 [Thread-299] INFO  impl.RoleInfo (RoleInfo.java:updateAndGet(143)) - 17e2ba94-38a1-40e7-84e0-f6802901db84: start LeaderElection
2019-09-20 10:24:14,564 [grpc-default-executor-0] INFO  impl.RaftServerProxy (RaftServerProxy.java:addNew(89)) - 66416d0b-a71c-4af1-ae3a-62ca63b880a3: addNew group-429D09D30BB1:[66416d0b-a71c-4af1-ae3a-62ca63b880a3:192.168.36.99:43326] returns group-429D09D30BB1:java.util.concurrent.CompletableFuture@18dc2a15[Not completed]
2019-09-20 10:24:14,567 [pool-49-thread-1] INFO  impl.RaftServerImpl (RaftServerImpl.java:<init>(93)) - 66416d0b-a71c-4af1-ae3a-62ca63b880a3: new RaftServerImpl for group-429D09D30BB1:[66416d0b-a71c-4af1-ae3a-62ca63b880a3:192.168.36.99:43326] with ContainerStateMachine:uninitialized
2019-09-20 10:24:14,567 [pool-49-thread-1] INFO  server.RaftServerConfigKeys (ConfUtils.java:logGet(43)) - raft.server.rpc.timeout.min = 1s (custom)
2019-09-20 10:24:14,567 [pool-49-thread-1] INFO  server.RaftServerConfigKeys (ConfUtils.java:logGet(43)) - raft.server.rpc.timeout.max = 1200ms (custom)
2019-09-20 10:24:14,568 [pool-49-thread-1] INFO  server.RaftServerConfigKeys (ConfUtils.java:logGet(43)) - raft.server.rpcslowness.timeout = 120s (custom)
2019-09-20 10:24:14,568 [pool-49-thread-1] INFO  server.RaftServerConfigKeys (ConfUtils.java:logGet(43)) - raft.server.sleep.deviation.threshold = 300 (default)
2019-09-20 10:24:14,568 [pool-49-thread-1] INFO  server.RaftServerConfigKeys (ConfUtils.java:logGet(43)) - raft.server.log.appender.install.snapshot.enabled = false (custom)
2019-09-20 10:24:14,568 [pool-49-thread-1] INFO  impl.RaftServerImpl (ServerState.java:<init>(105)) - 66416d0b-a71c-4af1-ae3a-62ca63b880a3:group-429D09D30BB1 ConfigurationManager, init=-1: [66416d0b-a71c-4af1-ae3a-62ca63b880a3:192.168.36.99:43326], old=null, confs=<EMPTY_MAP>
2019-09-20 10:24:14,568 [pool-49-thread-1] INFO  server.RaftServerConfigKeys (ConfUtils.java:logGet(43)) - raft.server.storage.dir = [/workdir/hadoop-ozone/integration-test/target/test-dir/MiniOzoneClusterImpl-7bc36abf-c66f-431a-931d-8c1e5526238d/datanode-2/data/ratis] (custom)
2019-09-20 10:24:14,569 [pool-49-thread-1] INFO  storage.RaftStorageDirectory (RaftStorageDirectory.java:analyzeStorage(246)) - The storage directory /workdir/hadoop-ozone/integration-test/target/test-dir/MiniOzoneClusterImpl-7bc36abf-c66f-431a-931d-8c1e5526238d/datanode-2/data/ratis/368e1b77-12f2-49c7-acb2-429d09d30bb1 does not exist. Creating ...
2019-09-20 10:24:14,587 [17e2ba94-38a1-40e7-84e0-f6802901db84:group-A56BDD72C706:LeaderElection17] INFO  impl.LeaderElection (LeaderElection.java:askForVotes(181)) - 17e2ba94-38a1-40e7-84e0-f6802901db84:group-A56BDD72C706:LeaderElection17: begin an election at term 1 for -1: [17e2ba94-38a1-40e7-84e0-f6802901db84:192.168.36.99:43716], old=null
2019-09-20 10:24:14,588 [17e2ba94-38a1-40e7-84e0-f6802901db84:group-A56BDD72C706:LeaderElection17] INFO  impl.RoleInfo (RoleInfo.java:shutdownLeaderElection(134)) - 17e2ba94-38a1-40e7-84e0-f6802901db84: shutdown LeaderElection
2019-09-20 10:24:14,588 [17e2ba94-38a1-40e7-84e0-f6802901db84:group-A56BDD72C706:LeaderElection17] INFO  impl.RaftServerImpl (RaftServerImpl.java:setRole(171)) - 17e2ba94-38a1-40e7-84e0-f6802901db84:group-A56BDD72C706 changes role from CANDIDATE to LEADER at term 1 for changeToLeader
2019-09-20 10:24:14,588 [17e2ba94-38a1-40e7-84e0-f6802901db84:group-A56BDD72C706:LeaderElection17] INFO  impl.RaftServerImpl (ServerState.java:setLeader(263)) - 17e2ba94-38a1-40e7-84e0-f6802901db84:group-A56BDD72C706 change Leader from null to 17e2ba94-38a1-40e7-84e0-f6802901db84 at term 1 for becomeLeader, leader elected after 1194ms
2019-09-20 10:24:14,588 [17e2ba94-38a1-40e7-84e0-f6802901db84:group-A56BDD72C706:LeaderElection17] INFO  server.RaftServerConfigKeys (ConfUtils.java:logGet(43)) - raft.server.staging.catchup.gap = 1000 (default)
2019-09-20 10:24:14,588 [17e2ba94-38a1-40e7-84e0-f6802901db84:group-A56BDD72C706:LeaderElection17] INFO  server.RaftServerConfigKeys (ConfUtils.java:logGet(43)) - raft.server.rpc.sleep.time = 25ms (default)
2019-09-20 10:24:14,589 [17e2ba94-38a1-40e7-84e0-f6802901db84:group-A56BDD72C706:LeaderElection17] INFO  server.RaftServerConfigKeys (ConfUtils.java:logGet(43)) - raft.server.write.element-limit = 4096 (default)
2019-09-20 10:24:14,589 [17e2ba94-38a1-40e7-84e0-f6802901db84:group-A56BDD72C706:LeaderElection17] INFO  server.RaftServerConfigKeys (ConfUtils.java:logGet(43)) - raft.server.watch.timeout = 10s (default)
2019-09-20 10:24:14,589 [17e2ba94-38a1-40e7-84e0-f6802901db84:group-A56BDD72C706:LeaderElection17] INFO  server.RaftServerConfigKeys (ConfUtils.java:logGet(43)) - raft.server.watch.timeout.denomination = 1s (default)
2019-09-20 10:24:14,589 [17e2ba94-38a1-40e7-84e0-f6802901db84:group-A56BDD72C706:LeaderElection17] INFO  server.RaftServerConfigKeys (ConfUtils.java:logGet(43)) - raft.server.watch.element-limit = 65536 (default)
2019-09-20 10:24:14,589 [17e2ba94-38a1-40e7-84e0-f6802901db84:group-A56BDD72C706:LeaderElection17] INFO  impl.RoleInfo (RoleInfo.java:updateAndGet(143)) - 17e2ba94-38a1-40e7-84e0-f6802901db84: start LeaderState
2019-09-20 10:24:14,593 [17e2ba94-38a1-40e7-84e0-f6802901db84:group-A56BDD72C706:LeaderElection17] INFO  segmented.SegmentedRaftLogWorker (SegmentedRaftLogWorker.java:startLogSegment(380)) - 17e2ba94-38a1-40e7-84e0-f6802901db84-SegmentedRaftLogWorker:Storage Directory /workdir/hadoop-ozone/integration-test/target/test-dir/MiniOzoneClusterImpl-7bc36abf-c66f-431a-931d-8c1e5526238d/datanode-0/data/ratis/e274259d-55ee-4b0f-ab24-a56bdd72c706: Starting segment from index:0
2019-09-20 10:24:14,594 | INFO  | SCMAudit | user=jenkins1000 | ip=192.168.36.99 | op=SEND_HEARTBEAT {datanodeUUID=1ab786b9-c79c-4265-88a1-5b3344c6beda, command=[]} | ret=SUCCESS |  
2019-09-20 10:24:14,594 [17e2ba94-38a1-40e7-84e0-f6802901db84:group-A56BDD72C706:LeaderElection17] INFO  impl.RaftServerImpl (ServerState.java:setRaftConf(361)) - 17e2ba94-38a1-40e7-84e0-f6802901db84:group-A56BDD72C706 set configuration 0: [17e2ba94-38a1-40e7-84e0-f6802901db84:192.168.36.99:43716], old=null at 0
2019-09-20 10:24:14,630 [pool-49-thread-1] INFO  storage.RaftStorageDirectory (RaftStorageDirectory.java:tryLock(328)) - Lock on /workdir/hadoop-ozone/integration-test/target/test-dir/MiniOzoneClusterImpl-7bc36abf-c66f-431a-931d-8c1e5526238d/datanode-2/data/ratis/368e1b77-12f2-49c7-acb2-429d09d30bb1/in_use.lock acquired by nodename 28506@pr-hdds-1569-p5fx8-1226042367
2019-09-20 10:24:14,641 | INFO  | SCMAudit | user=jenkins1000 | ip=192.168.36.99 | op=SEND_HEARTBEAT {datanodeUUID=3d6f3241-e73c-473a-ad0b-c7be2f7e1dda, command=[]} | ret=SUCCESS |  
2019-09-20 10:24:14,655 [17e2ba94-38a1-40e7-84e0-f6802901db84-SegmentedRaftLogWorker:Storage Directory /workdir/hadoop-ozone/integration-test/target/test-dir/MiniOzoneClusterImpl-7bc36abf-c66f-431a-931d-8c1e5526238d/datanode-0/data/ratis/e274259d-55ee-4b0f-ab24-a56bdd72c706] INFO  segmented.SegmentedRaftLogWorker (SegmentedRaftLogWorker.java:execute(569)) - 17e2ba94-38a1-40e7-84e0-f6802901db84-SegmentedRaftLogWorker:Storage Directory /workdir/hadoop-ozone/integration-test/target/test-dir/MiniOzoneClusterImpl-7bc36abf-c66f-431a-931d-8c1e5526238d/datanode-0/data/ratis/e274259d-55ee-4b0f-ab24-a56bdd72c706: created new log segment /workdir/hadoop-ozone/integration-test/target/test-dir/MiniOzoneClusterImpl-7bc36abf-c66f-431a-931d-8c1e5526238d/datanode-0/data/ratis/e274259d-55ee-4b0f-ab24-a56bdd72c706/current/log_inprogress_0
2019-09-20 10:24:14,655 [pool-49-thread-1] INFO  storage.RaftStorage (RaftStorage.java:format(72)) - Storage directory /workdir/hadoop-ozone/integration-test/target/test-dir/MiniOzoneClusterImpl-7bc36abf-c66f-431a-931d-8c1e5526238d/datanode-2/data/ratis/368e1b77-12f2-49c7-acb2-429d09d30bb1 has been successfully formatted.
2019-09-20 10:24:14,655 [pool-49-thread-1] INFO  ratis.ContainerStateMachine (ContainerStateMachine.java:loadSnapshot(226)) - group-429D09D30BB1: The snapshot info is null. Setting the last applied indexto:(t:0, i:~)
2019-09-20 10:24:14,655 [pool-49-thread-1] INFO  server.RaftServerConfigKeys (ConfUtils.java:logGet(43)) - raft.server.leader.election.timeout = 120s (custom)
2019-09-20 10:24:14,656 [pool-49-thread-1] INFO  server.RaftServerConfigKeys (ConfUtils.java:logGet(43)) - raft.server.log.use.memory = false (default)
2019-09-20 10:24:14,656 [pool-49-thread-1] INFO  server.RaftServerConfigKeys (ConfUtils.java:logGet(43)) - raft.server.log.purge.gap = 1000000 (custom)
2019-09-20 10:24:14,656 [pool-49-thread-1] INFO  server.RaftServerConfigKeys (ConfUtils.java:logGet(43)) - raft.server.log.appender.buffer.byte-limit = 33554432 (custom)
2019-09-20 10:24:14,656 [pool-49-thread-1] INFO  server.RaftServerConfigKeys (ConfUtils.java:logGet(43)) - raft.server.log.segment.size.max = 1048576 (custom)
2019-09-20 10:24:14,656 [pool-49-thread-1] INFO  server.RaftServerConfigKeys (ConfUtils.java:logGet(43)) - raft.server.log.segment.cache.num.max = 2 (custom)
2019-09-20 10:24:14,656 [pool-49-thread-1] INFO  segmented.SegmentedRaftLogWorker (SegmentedRaftLogWorker.java:<init>(172)) - new 66416d0b-a71c-4af1-ae3a-62ca63b880a3-SegmentedRaftLogWorker:Storage Directory /workdir/hadoop-ozone/integration-test/target/test-dir/MiniOzoneClusterImpl-7bc36abf-c66f-431a-931d-8c1e5526238d/datanode-2/data/ratis/368e1b77-12f2-49c7-acb2-429d09d30bb1 for RaftStorage:Storage Directory /workdir/hadoop-ozone/integration-test/target/test-dir/MiniOzoneClusterImpl-7bc36abf-c66f-431a-931d-8c1e5526238d/datanode-2/data/ratis/368e1b77-12f2-49c7-acb2-429d09d30bb1
2019-09-20 10:24:14,657 [pool-49-thread-1] INFO  server.RaftServerConfigKeys (ConfUtils.java:logGet(43)) - raft.server.log.queue.byte-limit = 2147483647 (custom)
2019-09-20 10:24:14,657 [pool-49-thread-1] INFO  server.RaftServerConfigKeys (ConfUtils.java:logGet(43)) - raft.server.log.queue.element-limit = 1024 (custom)
2019-09-20 10:24:14,657 [pool-49-thread-1] INFO  server.RaftServerConfigKeys (ConfUtils.java:logGet(43)) - raft.server.log.segment.size.max = 1048576 (custom)
2019-09-20 10:24:14,657 [pool-49-thread-1] INFO  server.RaftServerConfigKeys (ConfUtils.java:logGet(43)) - raft.server.log.preallocated.size = 16384 (custom)
2019-09-20 10:24:14,657 [pool-49-thread-1] INFO  server.RaftServerConfigKeys (ConfUtils.java:logGet(43)) - raft.server.log.write.buffer.size = 33554432 (custom)
2019-09-20 10:24:14,657 [pool-49-thread-1] INFO  server.RaftServerConfigKeys (ConfUtils.java:logGet(43)) - raft.server.log.force.sync.num = 128 (default)
2019-09-20 10:24:14,657 [pool-49-thread-1] INFO  server.RaftServerConfigKeys (ConfUtils.java:logGet(43)) - raft.server.log.statemachine.data.sync = true (default)
2019-09-20 10:24:14,658 [pool-49-thread-1] INFO  server.RaftServerConfigKeys (ConfUtils.java:logGet(43)) - raft.server.log.statemachine.data.sync.timeout = 10s (default)
2019-09-20 10:24:14,658 [pool-49-thread-1] INFO  server.RaftServerConfigKeys (ConfUtils.java:logGet(43)) - raft.server.log.statemachine.data.sync.timeout.retry = -1 (default)
2019-09-20 10:24:14,658 [pool-49-thread-1] INFO  server.RaftServerConfigKeys (ConfUtils.java:logGet(43)) - raft.server.log.statemachine.data.caching.enabled = true (custom)
2019-09-20 10:24:14,658 [pool-49-thread-1] INFO  segmented.SegmentedRaftLogWorker (SegmentedRaftLogWorker.java:lambda$new$0(132)) - 66416d0b-a71c-4af1-ae3a-62ca63b880a3-SegmentedRaftLogWorker:Storage Directory /workdir/hadoop-ozone/integration-test/target/test-dir/MiniOzoneClusterImpl-7bc36abf-c66f-431a-931d-8c1e5526238d/datanode-2/data/ratis/368e1b77-12f2-49c7-acb2-429d09d30bb1: flushIndex: setUnconditionally 0 -> -1
2019-09-20 10:24:14,659 [pool-49-thread-1] INFO  server.RaftServerConfigKeys (ConfUtils.java:logGet(43)) - raft.server.snapshot.auto.trigger.enabled = true (custom)
2019-09-20 10:24:14,659 [pool-49-thread-1] INFO  server.RaftServerConfigKeys (ConfUtils.java:logGet(43)) - raft.server.snapshot.auto.trigger.threshold = 10000 (custom)
2019-09-20 10:24:14,659 [pool-49-thread-1] INFO  server.RaftServerConfigKeys (ConfUtils.java:logGet(43)) - raft.server.retrycache.expirytime = 600000ms (custom)
2019-09-20 10:24:14,659 [pool-49-thread-1] INFO  impl.RaftServerImpl (RaftServerImpl.java:start(180)) - 66416d0b-a71c-4af1-ae3a-62ca63b880a3: start group-429D09D30BB1
2019-09-20 10:24:14,659 [pool-49-thread-1] INFO  impl.RaftServerImpl (RaftServerImpl.java:setRole(171)) - 66416d0b-a71c-4af1-ae3a-62ca63b880a3:group-429D09D30BB1 changes role from null to FOLLOWER at term 0 for startAsFollower
2019-09-20 10:24:14,660 [pool-49-thread-1] INFO  impl.RoleInfo (RoleInfo.java:updateAndGet(143)) - 66416d0b-a71c-4af1-ae3a-62ca63b880a3: start FollowerState
2019-09-20 10:24:14,660 [pool-49-thread-1] INFO  util.JmxRegister (JmxRegister.java:tryRegister(44)) - Successfully registered JMX Bean with object name Ratis:service=RaftServer,group=group-429D09D30BB1,id=66416d0b-a71c-4af1-ae3a-62ca63b880a3
2019-09-20 10:24:14,668 [RatisPipelineUtilsThread] INFO  pipeline.PipelineStateManager (PipelineStateManager.java:addPipeline(56)) - Created pipeline Pipeline[ Id: 368e1b77-12f2-49c7-acb2-429d09d30bb1, Nodes: 66416d0b-a71c-4af1-ae3a-62ca63b880a3{ip: 192.168.36.99, host: pr-hdds-1569-p5fx8-1226042367, networkLocation: /default-rack, certSerialId: null}, Type:RATIS, Factor:ONE, State:OPEN]
2019-09-20 10:24:14,670 [RatisPipelineUtilsThread] INFO  pipeline.PipelinePlacementPolicy (PipelinePlacementPolicy.java:meetCriteria(91)) - Pipeline Placement: Doesn't meet the criteria to be viable node： 17e2ba94-38a1-40e7-84e0-f6802901db84 Heaviness: 6 limit: 5
2019-09-20 10:24:14,670 [RatisPipelineUtilsThread] INFO  pipeline.PipelinePlacementPolicy (PipelinePlacementPolicy.java:meetCriteria(91)) - Pipeline Placement: Doesn't meet the criteria to be viable node： 3d6f3241-e73c-473a-ad0b-c7be2f7e1dda Heaviness: 6 limit: 5
2019-09-20 10:24:14,671 [RatisPipelineUtilsThread] INFO  pipeline.PipelinePlacementPolicy (PipelinePlacementPolicy.java:meetCriteria(91)) - Pipeline Placement: Doesn't meet the criteria to be viable node： 66416d0b-a71c-4af1-ae3a-62ca63b880a3 Heaviness: 6 limit: 5
2019-09-20 10:24:14,681 [grpc-default-executor-0] INFO  impl.RaftServerProxy (RaftServerProxy.java:addNew(89)) - c3e532f8-1a8e-44f3-b56b-d765aee893af: addNew group-0C973AAD6CA5:[c3e532f8-1a8e-44f3-b56b-d765aee893af:192.168.36.99:34965] returns group-0C973AAD6CA5:java.util.concurrent.CompletableFuture@2eec26bb[Not completed]
2019-09-20 10:24:14,683 [pool-60-thread-1] INFO  impl.RaftServerImpl (RaftServerImpl.java:<init>(93)) - c3e532f8-1a8e-44f3-b56b-d765aee893af: new RaftServerImpl for group-0C973AAD6CA5:[c3e532f8-1a8e-44f3-b56b-d765aee893af:192.168.36.99:34965] with ContainerStateMachine:uninitialized
2019-09-20 10:24:14,684 [pool-60-thread-1] INFO  server.RaftServerConfigKeys (ConfUtils.java:logGet(43)) - raft.server.rpc.timeout.min = 1s (custom)
2019-09-20 10:24:14,684 [pool-60-thread-1] INFO  server.RaftServerConfigKeys (ConfUtils.java:logGet(43)) - raft.server.rpc.timeout.max = 1200ms (custom)
2019-09-20 10:24:14,684 [pool-60-thread-1] INFO  server.RaftServerConfigKeys (ConfUtils.java:logGet(43)) - raft.server.rpcslowness.timeout = 120s (custom)
2019-09-20 10:24:14,684 [pool-60-thread-1] INFO  server.RaftServerConfigKeys (ConfUtils.java:logGet(43)) - raft.server.sleep.deviation.threshold = 300 (default)
2019-09-20 10:24:14,684 [pool-60-thread-1] INFO  server.RaftServerConfigKeys (ConfUtils.java:logGet(43)) - raft.server.log.appender.install.snapshot.enabled = false (custom)
2019-09-20 10:24:14,684 [pool-60-thread-1] INFO  impl.RaftServerImpl (ServerState.java:<init>(105)) - c3e532f8-1a8e-44f3-b56b-d765aee893af:group-0C973AAD6CA5 ConfigurationManager, init=-1: [c3e532f8-1a8e-44f3-b56b-d765aee893af:192.168.36.99:34965], old=null, confs=<EMPTY_MAP>
2019-09-20 10:24:14,685 [pool-60-thread-1] INFO  server.RaftServerConfigKeys (ConfUtils.java:logGet(43)) - raft.server.storage.dir = [/workdir/hadoop-ozone/integration-test/target/test-dir/MiniOzoneClusterImpl-7bc36abf-c66f-431a-931d-8c1e5526238d/datanode-3/data/ratis] (custom)
2019-09-20 10:24:14,685 [pool-60-thread-1] INFO  storage.RaftStorageDirectory (RaftStorageDirectory.java:analyzeStorage(246)) - The storage directory /workdir/hadoop-ozone/integration-test/target/test-dir/MiniOzoneClusterImpl-7bc36abf-c66f-431a-931d-8c1e5526238d/datanode-3/data/ratis/131aa93f-d655-40b5-b383-0c973aad6ca5 does not exist. Creating ...
2019-09-20 10:24:14,697 [Thread-309] INFO  impl.FollowerState (FollowerState.java:run(106)) - 3d6f3241-e73c-473a-ad0b-c7be2f7e1dda:group-47D79AD243E9 changes to CANDIDATE, lastRpcTime:1128, electionTimeout:1128ms
2019-09-20 10:24:14,697 [Thread-309] INFO  impl.RoleInfo (RoleInfo.java:shutdownFollowerState(121)) - 3d6f3241-e73c-473a-ad0b-c7be2f7e1dda: shutdown FollowerState
2019-09-20 10:24:14,697 [Thread-309] INFO  impl.RaftServerImpl (RaftServerImpl.java:setRole(171)) - 3d6f3241-e73c-473a-ad0b-c7be2f7e1dda:group-47D79AD243E9 changes role from FOLLOWER to CANDIDATE at term 0 for changeToCandidate
2019-09-20 10:24:14,697 [Thread-309] INFO  impl.RoleInfo (RoleInfo.java:updateAndGet(143)) - 3d6f3241-e73c-473a-ad0b-c7be2f7e1dda: start LeaderElection
2019-09-20 10:24:14,714 [pool-60-thread-1] INFO  storage.RaftStorageDirectory (RaftStorageDirectory.java:tryLock(328)) - Lock on /workdir/hadoop-ozone/integration-test/target/test-dir/MiniOzoneClusterImpl-7bc36abf-c66f-431a-931d-8c1e5526238d/datanode-3/data/ratis/131aa93f-d655-40b5-b383-0c973aad6ca5/in_use.lock acquired by nodename 28506@pr-hdds-1569-p5fx8-1226042367
2019-09-20 10:24:14,756 [pool-60-thread-1] INFO  storage.RaftStorage (RaftStorage.java:format(72)) - Storage directory /workdir/hadoop-ozone/integration-test/target/test-dir/MiniOzoneClusterImpl-7bc36abf-c66f-431a-931d-8c1e5526238d/datanode-3/data/ratis/131aa93f-d655-40b5-b383-0c973aad6ca5 has been successfully formatted.
2019-09-20 10:24:14,756 [3d6f3241-e73c-473a-ad0b-c7be2f7e1dda:group-47D79AD243E9:LeaderElection18] INFO  impl.LeaderElection (LeaderElection.java:askForVotes(181)) - 3d6f3241-e73c-473a-ad0b-c7be2f7e1dda:group-47D79AD243E9:LeaderElection18: begin an election at term 1 for -1: [3d6f3241-e73c-473a-ad0b-c7be2f7e1dda:192.168.36.99:33174], old=null
2019-09-20 10:24:14,756 [pool-60-thread-1] INFO  ratis.ContainerStateMachine (ContainerStateMachine.java:loadSnapshot(226)) - group-0C973AAD6CA5: The snapshot info is null. Setting the last applied indexto:(t:0, i:~)
2019-09-20 10:24:14,756 [3d6f3241-e73c-473a-ad0b-c7be2f7e1dda:group-47D79AD243E9:LeaderElection18] INFO  impl.RoleInfo (RoleInfo.java:shutdownLeaderElection(134)) - 3d6f3241-e73c-473a-ad0b-c7be2f7e1dda: shutdown LeaderElection
2019-09-20 10:24:14,757 [pool-60-thread-1] INFO  server.RaftServerConfigKeys (ConfUtils.java:logGet(43)) - raft.server.leader.election.timeout = 120s (custom)
2019-09-20 10:24:14,757 [3d6f3241-e73c-473a-ad0b-c7be2f7e1dda:group-47D79AD243E9:LeaderElection18] INFO  impl.RaftServerImpl (RaftServerImpl.java:setRole(171)) - 3d6f3241-e73c-473a-ad0b-c7be2f7e1dda:group-47D79AD243E9 changes role from CANDIDATE to LEADER at term 1 for changeToLeader
2019-09-20 10:24:14,757 [pool-60-thread-1] INFO  server.RaftServerConfigKeys (ConfUtils.java:logGet(43)) - raft.server.log.use.memory = false (default)
2019-09-20 10:24:14,757 [3d6f3241-e73c-473a-ad0b-c7be2f7e1dda:group-47D79AD243E9:LeaderElection18] INFO  impl.RaftServerImpl (ServerState.java:setLeader(263)) - 3d6f3241-e73c-473a-ad0b-c7be2f7e1dda:group-47D79AD243E9 change Leader from null to 3d6f3241-e73c-473a-ad0b-c7be2f7e1dda at term 1 for becomeLeader, leader elected after 1200ms
2019-09-20 10:24:14,757 [pool-60-thread-1] INFO  server.RaftServerConfigKeys (ConfUtils.java:logGet(43)) - raft.server.log.purge.gap = 1000000 (custom)
2019-09-20 10:24:14,757 [3d6f3241-e73c-473a-ad0b-c7be2f7e1dda:group-47D79AD243E9:LeaderElection18] INFO  server.RaftServerConfigKeys (ConfUtils.java:logGet(43)) - raft.server.staging.catchup.gap = 1000 (default)
2019-09-20 10:24:14,757 [pool-60-thread-1] INFO  server.RaftServerConfigKeys (ConfUtils.java:logGet(43)) - raft.server.log.appender.buffer.byte-limit = 33554432 (custom)
2019-09-20 10:24:14,758 [3d6f3241-e73c-473a-ad0b-c7be2f7e1dda:group-47D79AD243E9:LeaderElection18] INFO  server.RaftServerConfigKeys (ConfUtils.java:logGet(43)) - raft.server.rpc.sleep.time = 25ms (default)
2019-09-20 10:24:14,758 [pool-60-thread-1] INFO  server.RaftServerConfigKeys (ConfUtils.java:logGet(43)) - raft.server.log.segment.size.max = 1048576 (custom)
2019-09-20 10:24:14,758 [3d6f3241-e73c-473a-ad0b-c7be2f7e1dda:group-47D79AD243E9:LeaderElection18] INFO  server.RaftServerConfigKeys (ConfUtils.java:logGet(43)) - raft.server.write.element-limit = 4096 (default)
2019-09-20 10:24:14,758 [pool-60-thread-1] INFO  server.RaftServerConfigKeys (ConfUtils.java:logGet(43)) - raft.server.log.segment.cache.num.max = 2 (custom)
2019-09-20 10:24:14,758 [3d6f3241-e73c-473a-ad0b-c7be2f7e1dda:group-47D79AD243E9:LeaderElection18] INFO  server.RaftServerConfigKeys (ConfUtils.java:logGet(43)) - raft.server.watch.timeout = 10s (default)
2019-09-20 10:24:14,758 [pool-60-thread-1] INFO  segmented.SegmentedRaftLogWorker (SegmentedRaftLogWorker.java:<init>(172)) - new c3e532f8-1a8e-44f3-b56b-d765aee893af-SegmentedRaftLogWorker:Storage Directory /workdir/hadoop-ozone/integration-test/target/test-dir/MiniOzoneClusterImpl-7bc36abf-c66f-431a-931d-8c1e5526238d/datanode-3/data/ratis/131aa93f-d655-40b5-b383-0c973aad6ca5 for RaftStorage:Storage Directory /workdir/hadoop-ozone/integration-test/target/test-dir/MiniOzoneClusterImpl-7bc36abf-c66f-431a-931d-8c1e5526238d/datanode-3/data/ratis/131aa93f-d655-40b5-b383-0c973aad6ca5
2019-09-20 10:24:14,758 [3d6f3241-e73c-473a-ad0b-c7be2f7e1dda:group-47D79AD243E9:LeaderElection18] INFO  server.RaftServerConfigKeys (ConfUtils.java:logGet(43)) - raft.server.watch.timeout.denomination = 1s (default)
2019-09-20 10:24:14,759 [pool-60-thread-1] INFO  server.RaftServerConfigKeys (ConfUtils.java:logGet(43)) - raft.server.log.queue.byte-limit = 2147483647 (custom)
2019-09-20 10:24:14,759 [3d6f3241-e73c-473a-ad0b-c7be2f7e1dda:group-47D79AD243E9:LeaderElection18] INFO  server.RaftServerConfigKeys (ConfUtils.java:logGet(43)) - raft.server.watch.element-limit = 65536 (default)
2019-09-20 10:24:14,767 [pool-60-thread-1] INFO  server.RaftServerConfigKeys (ConfUtils.java:logGet(43)) - raft.server.log.queue.element-limit = 1024 (custom)
2019-09-20 10:24:14,768 [3d6f3241-e73c-473a-ad0b-c7be2f7e1dda:group-47D79AD243E9:LeaderElection18] INFO  impl.RoleInfo (RoleInfo.java:updateAndGet(143)) - 3d6f3241-e73c-473a-ad0b-c7be2f7e1dda: start LeaderState
2019-09-20 10:24:14,768 [pool-60-thread-1] INFO  server.RaftServerConfigKeys (ConfUtils.java:logGet(43)) - raft.server.log.segment.size.max = 1048576 (custom)
2019-09-20 10:24:14,768 [3d6f3241-e73c-473a-ad0b-c7be2f7e1dda:group-47D79AD243E9:LeaderElection18] INFO  segmented.SegmentedRaftLogWorker (SegmentedRaftLogWorker.java:startLogSegment(380)) - 3d6f3241-e73c-473a-ad0b-c7be2f7e1dda-SegmentedRaftLogWorker:Storage Directory /workdir/hadoop-ozone/integration-test/target/test-dir/MiniOzoneClusterImpl-7bc36abf-c66f-431a-931d-8c1e5526238d/datanode-1/data/ratis/bb21125a-31ca-4f3b-9056-47d79ad243e9: Starting segment from index:0
2019-09-20 10:24:14,768 [pool-60-thread-1] INFO  server.RaftServerConfigKeys (ConfUtils.java:logGet(43)) - raft.server.log.preallocated.size = 16384 (custom)
2019-09-20 10:24:14,769 [pool-60-thread-1] INFO  server.RaftServerConfigKeys (ConfUtils.java:logGet(43)) - raft.server.log.write.buffer.size = 33554432 (custom)
2019-09-20 10:24:14,769 [pool-60-thread-1] INFO  server.RaftServerConfigKeys (ConfUtils.java:logGet(43)) - raft.server.log.force.sync.num = 128 (default)
2019-09-20 10:24:14,769 [3d6f3241-e73c-473a-ad0b-c7be2f7e1dda:group-47D79AD243E9:LeaderElection18] INFO  impl.RaftServerImpl (ServerState.java:setRaftConf(361)) - 3d6f3241-e73c-473a-ad0b-c7be2f7e1dda:group-47D79AD243E9 set configuration 0: [3d6f3241-e73c-473a-ad0b-c7be2f7e1dda:192.168.36.99:33174], old=null at 0
2019-09-20 10:24:14,769 [pool-60-thread-1] INFO  server.RaftServerConfigKeys (ConfUtils.java:logGet(43)) - raft.server.log.statemachine.data.sync = true (default)
2019-09-20 10:24:14,811 [pool-60-thread-1] INFO  server.RaftServerConfigKeys (ConfUtils.java:logGet(43)) - raft.server.log.statemachine.data.sync.timeout = 10s (default)
2019-09-20 10:24:14,811 [pool-60-thread-1] INFO  server.RaftServerConfigKeys (ConfUtils.java:logGet(43)) - raft.server.log.statemachine.data.sync.timeout.retry = -1 (default)
2019-09-20 10:24:14,814 [pool-60-thread-1] INFO  server.RaftServerConfigKeys (ConfUtils.java:logGet(43)) - raft.server.log.statemachine.data.caching.enabled = true (custom)
2019-09-20 10:24:14,814 [pool-60-thread-1] INFO  segmented.SegmentedRaftLogWorker (SegmentedRaftLogWorker.java:lambda$new$0(132)) - c3e532f8-1a8e-44f3-b56b-d765aee893af-SegmentedRaftLogWorker:Storage Directory /workdir/hadoop-ozone/integration-test/target/test-dir/MiniOzoneClusterImpl-7bc36abf-c66f-431a-931d-8c1e5526238d/datanode-3/data/ratis/131aa93f-d655-40b5-b383-0c973aad6ca5: flushIndex: setUnconditionally 0 -> -1
2019-09-20 10:24:14,815 [pool-60-thread-1] INFO  server.RaftServerConfigKeys (ConfUtils.java:logGet(43)) - raft.server.snapshot.auto.trigger.enabled = true (custom)
2019-09-20 10:24:14,815 | INFO  | SCMAudit | user=jenkins1000 | ip=192.168.36.99 | op=SEND_HEARTBEAT {datanodeUUID=7af711bd-b5ae-4a73-a8be-b970cae6c2d1, command=[]} | ret=SUCCESS |  
2019-09-20 10:24:14,815 [pool-60-thread-1] INFO  server.RaftServerConfigKeys (ConfUtils.java:logGet(43)) - raft.server.snapshot.auto.trigger.threshold = 10000 (custom)
2019-09-20 10:24:14,815 [pool-60-thread-1] INFO  server.RaftServerConfigKeys (ConfUtils.java:logGet(43)) - raft.server.retrycache.expirytime = 600000ms (custom)
2019-09-20 10:24:14,815 [pool-60-thread-1] INFO  impl.RaftServerImpl (RaftServerImpl.java:start(180)) - c3e532f8-1a8e-44f3-b56b-d765aee893af: start group-0C973AAD6CA5
2019-09-20 10:24:14,815 [pool-60-thread-1] INFO  impl.RaftServerImpl (RaftServerImpl.java:setRole(171)) - c3e532f8-1a8e-44f3-b56b-d765aee893af:group-0C973AAD6CA5 changes role from null to FOLLOWER at term 0 for startAsFollower
2019-09-20 10:24:14,816 [pool-60-thread-1] INFO  impl.RoleInfo (RoleInfo.java:updateAndGet(143)) - c3e532f8-1a8e-44f3-b56b-d765aee893af: start FollowerState
2019-09-20 10:24:14,816 [pool-60-thread-1] INFO  util.JmxRegister (JmxRegister.java:tryRegister(44)) - Successfully registered JMX Bean with object name Ratis:service=RaftServer,group=group-0C973AAD6CA5,id=c3e532f8-1a8e-44f3-b56b-d765aee893af
2019-09-20 10:24:14,824 [RatisPipelineUtilsThread] INFO  pipeline.PipelineStateManager (PipelineStateManager.java:addPipeline(56)) - Created pipeline Pipeline[ Id: 131aa93f-d655-40b5-b383-0c973aad6ca5, Nodes: c3e532f8-1a8e-44f3-b56b-d765aee893af{ip: 192.168.36.99, host: pr-hdds-1569-p5fx8-1226042367, networkLocation: /default-rack, certSerialId: null}, Type:RATIS, Factor:ONE, State:OPEN]
2019-09-20 10:24:14,824 [RatisPipelineUtilsThread] INFO  pipeline.PipelinePlacementPolicy (PipelinePlacementPolicy.java:meetCriteria(91)) - Pipeline Placement: Doesn't meet the criteria to be viable node： 17e2ba94-38a1-40e7-84e0-f6802901db84 Heaviness: 6 limit: 5
2019-09-20 10:24:14,825 [RatisPipelineUtilsThread] INFO  pipeline.PipelinePlacementPolicy (PipelinePlacementPolicy.java:meetCriteria(91)) - Pipeline Placement: Doesn't meet the criteria to be viable node： 3d6f3241-e73c-473a-ad0b-c7be2f7e1dda Heaviness: 6 limit: 5
2019-09-20 10:24:14,825 [RatisPipelineUtilsThread] INFO  pipeline.PipelinePlacementPolicy (PipelinePlacementPolicy.java:meetCriteria(91)) - Pipeline Placement: Doesn't meet the criteria to be viable node： 66416d0b-a71c-4af1-ae3a-62ca63b880a3 Heaviness: 6 limit: 5
2019-09-20 10:24:14,831 [3d6f3241-e73c-473a-ad0b-c7be2f7e1dda-SegmentedRaftLogWorker:Storage Directory /workdir/hadoop-ozone/integration-test/target/test-dir/MiniOzoneClusterImpl-7bc36abf-c66f-431a-931d-8c1e5526238d/datanode-1/data/ratis/bb21125a-31ca-4f3b-9056-47d79ad243e9] INFO  segmented.SegmentedRaftLogWorker (SegmentedRaftLogWorker.java:execute(569)) - 3d6f3241-e73c-473a-ad0b-c7be2f7e1dda-SegmentedRaftLogWorker:Storage Directory /workdir/hadoop-ozone/integration-test/target/test-dir/MiniOzoneClusterImpl-7bc36abf-c66f-431a-931d-8c1e5526238d/datanode-1/data/ratis/bb21125a-31ca-4f3b-9056-47d79ad243e9: created new log segment /workdir/hadoop-ozone/integration-test/target/test-dir/MiniOzoneClusterImpl-7bc36abf-c66f-431a-931d-8c1e5526238d/datanode-1/data/ratis/bb21125a-31ca-4f3b-9056-47d79ad243e9/current/log_inprogress_0
2019-09-20 10:24:14,837 [grpc-default-executor-0] INFO  impl.RaftServerProxy (RaftServerProxy.java:addNew(89)) - c3e532f8-1a8e-44f3-b56b-d765aee893af: addNew group-8B56E8AB76AD:[c3e532f8-1a8e-44f3-b56b-d765aee893af:192.168.36.99:34965] returns group-8B56E8AB76AD:java.util.concurrent.CompletableFuture@1714cfac[Not completed]
2019-09-20 10:24:14,839 [pool-60-thread-1] INFO  impl.RaftServerImpl (RaftServerImpl.java:<init>(93)) - c3e532f8-1a8e-44f3-b56b-d765aee893af: new RaftServerImpl for group-8B56E8AB76AD:[c3e532f8-1a8e-44f3-b56b-d765aee893af:192.168.36.99:34965] with ContainerStateMachine:uninitialized
2019-09-20 10:24:14,839 [pool-60-thread-1] INFO  server.RaftServerConfigKeys (ConfUtils.java:logGet(43)) - raft.server.rpc.timeout.min = 1s (custom)
2019-09-20 10:24:14,839 [pool-60-thread-1] INFO  server.RaftServerConfigKeys (ConfUtils.java:logGet(43)) - raft.server.rpc.timeout.max = 1200ms (custom)
2019-09-20 10:24:14,839 [pool-60-thread-1] INFO  server.RaftServerConfigKeys (ConfUtils.java:logGet(43)) - raft.server.rpcslowness.timeout = 120s (custom)
2019-09-20 10:24:14,839 [pool-60-thread-1] INFO  server.RaftServerConfigKeys (ConfUtils.java:logGet(43)) - raft.server.sleep.deviation.threshold = 300 (default)
2019-09-20 10:24:14,840 [pool-60-thread-1] INFO  server.RaftServerConfigKeys (ConfUtils.java:logGet(43)) - raft.server.log.appender.install.snapshot.enabled = false (custom)
2019-09-20 10:24:14,840 [pool-60-thread-1] INFO  impl.RaftServerImpl (ServerState.java:<init>(105)) - c3e532f8-1a8e-44f3-b56b-d765aee893af:group-8B56E8AB76AD ConfigurationManager, init=-1: [c3e532f8-1a8e-44f3-b56b-d765aee893af:192.168.36.99:34965], old=null, confs=<EMPTY_MAP>
2019-09-20 10:24:14,840 [pool-60-thread-1] INFO  server.RaftServerConfigKeys (ConfUtils.java:logGet(43)) - raft.server.storage.dir = [/workdir/hadoop-ozone/integration-test/target/test-dir/MiniOzoneClusterImpl-7bc36abf-c66f-431a-931d-8c1e5526238d/datanode-3/data/ratis] (custom)
2019-09-20 10:24:14,840 [pool-60-thread-1] INFO  storage.RaftStorageDirectory (RaftStorageDirectory.java:analyzeStorage(246)) - The storage directory /workdir/hadoop-ozone/integration-test/target/test-dir/MiniOzoneClusterImpl-7bc36abf-c66f-431a-931d-8c1e5526238d/datanode-3/data/ratis/36713817-fa91-4e03-80c6-8b56e8ab76ad does not exist. Creating ...
2019-09-20 10:24:14,854 [Thread-315] INFO  impl.FollowerState (FollowerState.java:run(106)) - 3d6f3241-e73c-473a-ad0b-c7be2f7e1dda:group-ABE19877C732 changes to CANDIDATE, lastRpcTime:1139, electionTimeout:1139ms
2019-09-20 10:24:14,854 [Thread-315] INFO  impl.RoleInfo (RoleInfo.java:shutdownFollowerState(121)) - 3d6f3241-e73c-473a-ad0b-c7be2f7e1dda: shutdown FollowerState
2019-09-20 10:24:14,854 [Thread-315] INFO  impl.RaftServerImpl (RaftServerImpl.java:setRole(171)) - 3d6f3241-e73c-473a-ad0b-c7be2f7e1dda:group-ABE19877C732 changes role from FOLLOWER to CANDIDATE at term 0 for changeToCandidate
2019-09-20 10:24:14,854 [Thread-315] INFO  impl.RoleInfo (RoleInfo.java:updateAndGet(143)) - 3d6f3241-e73c-473a-ad0b-c7be2f7e1dda: start LeaderElection
2019-09-20 10:24:14,865 [pool-60-thread-1] INFO  storage.RaftStorageDirectory (RaftStorageDirectory.java:tryLock(328)) - Lock on /workdir/hadoop-ozone/integration-test/target/test-dir/MiniOzoneClusterImpl-7bc36abf-c66f-431a-931d-8c1e5526238d/datanode-3/data/ratis/36713817-fa91-4e03-80c6-8b56e8ab76ad/in_use.lock acquired by nodename 28506@pr-hdds-1569-p5fx8-1226042367
2019-09-20 10:24:14,878 [Thread-321] INFO  impl.FollowerState (FollowerState.java:run(106)) - 3d6f3241-e73c-473a-ad0b-c7be2f7e1dda:group-0032AD536867 changes to CANDIDATE, lastRpcTime:1005, electionTimeout:1005ms
2019-09-20 10:24:14,878 [Thread-321] INFO  impl.RoleInfo (RoleInfo.java:shutdownFollowerState(121)) - 3d6f3241-e73c-473a-ad0b-c7be2f7e1dda: shutdown FollowerState
2019-09-20 10:24:14,878 [Thread-321] INFO  impl.RaftServerImpl (RaftServerImpl.java:setRole(171)) - 3d6f3241-e73c-473a-ad0b-c7be2f7e1dda:group-0032AD536867 changes role from FOLLOWER to CANDIDATE at term 0 for changeToCandidate
2019-09-20 10:24:14,878 [Thread-321] INFO  impl.RoleInfo (RoleInfo.java:updateAndGet(143)) - 3d6f3241-e73c-473a-ad0b-c7be2f7e1dda: start LeaderElection
2019-09-20 10:24:14,898 [3d6f3241-e73c-473a-ad0b-c7be2f7e1dda:group-ABE19877C732:LeaderElection19] INFO  impl.LeaderElection (LeaderElection.java:askForVotes(181)) - 3d6f3241-e73c-473a-ad0b-c7be2f7e1dda:group-ABE19877C732:LeaderElection19: begin an election at term 1 for -1: [3d6f3241-e73c-473a-ad0b-c7be2f7e1dda:192.168.36.99:33174], old=null
2019-09-20 10:24:14,898 [3d6f3241-e73c-473a-ad0b-c7be2f7e1dda:group-ABE19877C732:LeaderElection19] INFO  impl.RoleInfo (RoleInfo.java:shutdownLeaderElection(134)) - 3d6f3241-e73c-473a-ad0b-c7be2f7e1dda: shutdown LeaderElection
2019-09-20 10:24:14,898 [3d6f3241-e73c-473a-ad0b-c7be2f7e1dda:group-ABE19877C732:LeaderElection19] INFO  impl.RaftServerImpl (RaftServerImpl.java:setRole(171)) - 3d6f3241-e73c-473a-ad0b-c7be2f7e1dda:group-ABE19877C732 changes role from CANDIDATE to LEADER at term 1 for changeToLeader
2019-09-20 10:24:14,899 [3d6f3241-e73c-473a-ad0b-c7be2f7e1dda:group-ABE19877C732:LeaderElection19] INFO  impl.RaftServerImpl (ServerState.java:setLeader(263)) - 3d6f3241-e73c-473a-ad0b-c7be2f7e1dda:group-ABE19877C732 change Leader from null to 3d6f3241-e73c-473a-ad0b-c7be2f7e1dda at term 1 for becomeLeader, leader elected after 1188ms
2019-09-20 10:24:14,899 [3d6f3241-e73c-473a-ad0b-c7be2f7e1dda:group-ABE19877C732:LeaderElection19] INFO  server.RaftServerConfigKeys (ConfUtils.java:logGet(43)) - raft.server.staging.catchup.gap = 1000 (default)
2019-09-20 10:24:14,899 [3d6f3241-e73c-473a-ad0b-c7be2f7e1dda:group-ABE19877C732:LeaderElection19] INFO  server.RaftServerConfigKeys (ConfUtils.java:logGet(43)) - raft.server.rpc.sleep.time = 25ms (default)
2019-09-20 10:24:14,899 [3d6f3241-e73c-473a-ad0b-c7be2f7e1dda:group-ABE19877C732:LeaderElection19] INFO  server.RaftServerConfigKeys (ConfUtils.java:logGet(43)) - raft.server.write.element-limit = 4096 (default)
2019-09-20 10:24:14,899 [pool-60-thread-1] INFO  storage.RaftStorage (RaftStorage.java:format(72)) - Storage directory /workdir/hadoop-ozone/integration-test/target/test-dir/MiniOzoneClusterImpl-7bc36abf-c66f-431a-931d-8c1e5526238d/datanode-3/data/ratis/36713817-fa91-4e03-80c6-8b56e8ab76ad has been successfully formatted.
2019-09-20 10:24:14,899 [3d6f3241-e73c-473a-ad0b-c7be2f7e1dda:group-ABE19877C732:LeaderElection19] INFO  server.RaftServerConfigKeys (ConfUtils.java:logGet(43)) - raft.server.watch.timeout = 10s (default)
2019-09-20 10:24:14,900 [3d6f3241-e73c-473a-ad0b-c7be2f7e1dda:group-ABE19877C732:LeaderElection19] INFO  server.RaftServerConfigKeys (ConfUtils.java:logGet(43)) - raft.server.watch.timeout.denomination = 1s (default)
2019-09-20 10:24:14,900 [pool-60-thread-1] INFO  ratis.ContainerStateMachine (ContainerStateMachine.java:loadSnapshot(226)) - group-8B56E8AB76AD: The snapshot info is null. Setting the last applied indexto:(t:0, i:~)
2019-09-20 10:24:14,900 [3d6f3241-e73c-473a-ad0b-c7be2f7e1dda:group-ABE19877C732:LeaderElection19] INFO  server.RaftServerConfigKeys (ConfUtils.java:logGet(43)) - raft.server.watch.element-limit = 65536 (default)
2019-09-20 10:24:14,900 [pool-60-thread-1] INFO  server.RaftServerConfigKeys (ConfUtils.java:logGet(43)) - raft.server.leader.election.timeout = 120s (custom)
2019-09-20 10:24:14,900 [pool-60-thread-1] INFO  server.RaftServerConfigKeys (ConfUtils.java:logGet(43)) - raft.server.log.use.memory = false (default)
2019-09-20 10:24:14,900 [3d6f3241-e73c-473a-ad0b-c7be2f7e1dda:group-ABE19877C732:LeaderElection19] INFO  impl.RoleInfo (RoleInfo.java:updateAndGet(143)) - 3d6f3241-e73c-473a-ad0b-c7be2f7e1dda: start LeaderState
2019-09-20 10:24:14,900 [pool-60-thread-1] INFO  server.RaftServerConfigKeys (ConfUtils.java:logGet(43)) - raft.server.log.purge.gap = 1000000 (custom)
2019-09-20 10:24:14,901 [3d6f3241-e73c-473a-ad0b-c7be2f7e1dda:group-ABE19877C732:LeaderElection19] INFO  segmented.SegmentedRaftLogWorker (SegmentedRaftLogWorker.java:startLogSegment(380)) - 3d6f3241-e73c-473a-ad0b-c7be2f7e1dda-SegmentedRaftLogWorker:Storage Directory /workdir/hadoop-ozone/integration-test/target/test-dir/MiniOzoneClusterImpl-7bc36abf-c66f-431a-931d-8c1e5526238d/datanode-1/data/ratis/0acb072f-15d7-4982-b1ec-abe19877c732: Starting segment from index:0
2019-09-20 10:24:14,901 [pool-60-thread-1] INFO  server.RaftServerConfigKeys (ConfUtils.java:logGet(43)) - raft.server.log.appender.buffer.byte-limit = 33554432 (custom)
2019-09-20 10:24:14,901 [pool-60-thread-1] INFO  server.RaftServerConfigKeys (ConfUtils.java:logGet(43)) - raft.server.log.segment.size.max = 1048576 (custom)
2019-09-20 10:24:14,901 [pool-60-thread-1] INFO  server.RaftServerConfigKeys (ConfUtils.java:logGet(43)) - raft.server.log.segment.cache.num.max = 2 (custom)
2019-09-20 10:24:14,901 [3d6f3241-e73c-473a-ad0b-c7be2f7e1dda:group-ABE19877C732:LeaderElection19] INFO  impl.RaftServerImpl (ServerState.java:setRaftConf(361)) - 3d6f3241-e73c-473a-ad0b-c7be2f7e1dda:group-ABE19877C732 set configuration 0: [3d6f3241-e73c-473a-ad0b-c7be2f7e1dda:192.168.36.99:33174], old=null at 0
2019-09-20 10:24:14,902 [pool-60-thread-1] INFO  segmented.SegmentedRaftLogWorker (SegmentedRaftLogWorker.java:<init>(172)) - new c3e532f8-1a8e-44f3-b56b-d765aee893af-SegmentedRaftLogWorker:Storage Directory /workdir/hadoop-ozone/integration-test/target/test-dir/MiniOzoneClusterImpl-7bc36abf-c66f-431a-931d-8c1e5526238d/datanode-3/data/ratis/36713817-fa91-4e03-80c6-8b56e8ab76ad for RaftStorage:Storage Directory /workdir/hadoop-ozone/integration-test/target/test-dir/MiniOzoneClusterImpl-7bc36abf-c66f-431a-931d-8c1e5526238d/datanode-3/data/ratis/36713817-fa91-4e03-80c6-8b56e8ab76ad
2019-09-20 10:24:14,943 [3d6f3241-e73c-473a-ad0b-c7be2f7e1dda:group-0032AD536867:LeaderElection20] INFO  impl.LeaderElection (LeaderElection.java:askForVotes(181)) - 3d6f3241-e73c-473a-ad0b-c7be2f7e1dda:group-0032AD536867:LeaderElection20: begin an election at term 1 for -1: [3d6f3241-e73c-473a-ad0b-c7be2f7e1dda:192.168.36.99:33174], old=null
2019-09-20 10:24:14,943 [pool-60-thread-1] INFO  server.RaftServerConfigKeys (ConfUtils.java:logGet(43)) - raft.server.log.queue.byte-limit = 2147483647 (custom)
2019-09-20 10:24:14,943 [3d6f3241-e73c-473a-ad0b-c7be2f7e1dda:group-0032AD536867:LeaderElection20] INFO  impl.RoleInfo (RoleInfo.java:shutdownLeaderElection(134)) - 3d6f3241-e73c-473a-ad0b-c7be2f7e1dda: shutdown LeaderElection
2019-09-20 10:24:14,943 [pool-60-thread-1] INFO  server.RaftServerConfigKeys (ConfUtils.java:logGet(43)) - raft.server.log.queue.element-limit = 1024 (custom)
2019-09-20 10:24:14,944 [3d6f3241-e73c-473a-ad0b-c7be2f7e1dda:group-0032AD536867:LeaderElection20] INFO  impl.RaftServerImpl (RaftServerImpl.java:setRole(171)) - 3d6f3241-e73c-473a-ad0b-c7be2f7e1dda:group-0032AD536867 changes role from CANDIDATE to LEADER at term 1 for changeToLeader
2019-09-20 10:24:14,944 [pool-60-thread-1] INFO  server.RaftServerConfigKeys (ConfUtils.java:logGet(43)) - raft.server.log.segment.size.max = 1048576 (custom)
2019-09-20 10:24:14,944 [3d6f3241-e73c-473a-ad0b-c7be2f7e1dda:group-0032AD536867:LeaderElection20] INFO  impl.RaftServerImpl (ServerState.java:setLeader(263)) - 3d6f3241-e73c-473a-ad0b-c7be2f7e1dda:group-0032AD536867 change Leader from null to 3d6f3241-e73c-473a-ad0b-c7be2f7e1dda at term 1 for becomeLeader, leader elected after 1078ms
2019-09-20 10:24:14,944 [pool-60-thread-1] INFO  server.RaftServerConfigKeys (ConfUtils.java:logGet(43)) - raft.server.log.preallocated.size = 16384 (custom)
2019-09-20 10:24:14,944 [3d6f3241-e73c-473a-ad0b-c7be2f7e1dda:group-0032AD536867:LeaderElection20] INFO  server.RaftServerConfigKeys (ConfUtils.java:logGet(43)) - raft.server.staging.catchup.gap = 1000 (default)
2019-09-20 10:24:14,945 [3d6f3241-e73c-473a-ad0b-c7be2f7e1dda:group-0032AD536867:LeaderElection20] INFO  server.RaftServerConfigKeys (ConfUtils.java:logGet(43)) - raft.server.rpc.sleep.time = 25ms (default)
2019-09-20 10:24:14,945 [3d6f3241-e73c-473a-ad0b-c7be2f7e1dda:group-0032AD536867:LeaderElection20] INFO  server.RaftServerConfigKeys (ConfUtils.java:logGet(43)) - raft.server.write.element-limit = 4096 (default)
2019-09-20 10:24:14,945 [3d6f3241-e73c-473a-ad0b-c7be2f7e1dda:group-0032AD536867:LeaderElection20] INFO  server.RaftServerConfigKeys (ConfUtils.java:logGet(43)) - raft.server.watch.timeout = 10s (default)
2019-09-20 10:24:14,945 [3d6f3241-e73c-473a-ad0b-c7be2f7e1dda:group-0032AD536867:LeaderElection20] INFO  server.RaftServerConfigKeys (ConfUtils.java:logGet(43)) - raft.server.watch.timeout.denomination = 1s (default)
2019-09-20 10:24:14,946 [3d6f3241-e73c-473a-ad0b-c7be2f7e1dda:group-0032AD536867:LeaderElection20] INFO  server.RaftServerConfigKeys (ConfUtils.java:logGet(43)) - raft.server.watch.element-limit = 65536 (default)
2019-09-20 10:24:14,946 [3d6f3241-e73c-473a-ad0b-c7be2f7e1dda:group-0032AD536867:LeaderElection20] INFO  impl.RoleInfo (RoleInfo.java:updateAndGet(143)) - 3d6f3241-e73c-473a-ad0b-c7be2f7e1dda: start LeaderState
2019-09-20 10:24:14,946 [3d6f3241-e73c-473a-ad0b-c7be2f7e1dda:group-0032AD536867:LeaderElection20] INFO  segmented.SegmentedRaftLogWorker (SegmentedRaftLogWorker.java:startLogSegment(380)) - 3d6f3241-e73c-473a-ad0b-c7be2f7e1dda-SegmentedRaftLogWorker:Storage Directory /workdir/hadoop-ozone/integration-test/target/test-dir/MiniOzoneClusterImpl-7bc36abf-c66f-431a-931d-8c1e5526238d/datanode-1/data/ratis/603cc408-ed15-43ec-bb2c-0032ad536867: Starting segment from index:0
2019-09-20 10:24:14,945 [pool-60-thread-1] INFO  server.RaftServerConfigKeys (ConfUtils.java:logGet(43)) - raft.server.log.write.buffer.size = 33554432 (custom)
2019-09-20 10:24:14,947 [pool-60-thread-1] INFO  server.RaftServerConfigKeys (ConfUtils.java:logGet(43)) - raft.server.log.force.sync.num = 128 (default)
2019-09-20 10:24:14,947 [3d6f3241-e73c-473a-ad0b-c7be2f7e1dda:group-0032AD536867:LeaderElection20] INFO  impl.RaftServerImpl (ServerState.java:setRaftConf(361)) - 3d6f3241-e73c-473a-ad0b-c7be2f7e1dda:group-0032AD536867 set configuration 0: [3d6f3241-e73c-473a-ad0b-c7be2f7e1dda:192.168.36.99:33174], old=null at 0
2019-09-20 10:24:14,947 [pool-60-thread-1] INFO  server.RaftServerConfigKeys (ConfUtils.java:logGet(43)) - raft.server.log.statemachine.data.sync = true (default)
2019-09-20 10:24:14,986 [3d6f3241-e73c-473a-ad0b-c7be2f7e1dda-SegmentedRaftLogWorker:Storage Directory /workdir/hadoop-ozone/integration-test/target/test-dir/MiniOzoneClusterImpl-7bc36abf-c66f-431a-931d-8c1e5526238d/datanode-1/data/ratis/0acb072f-15d7-4982-b1ec-abe19877c732] INFO  segmented.SegmentedRaftLogWorker (SegmentedRaftLogWorker.java:execute(569)) - 3d6f3241-e73c-473a-ad0b-c7be2f7e1dda-SegmentedRaftLogWorker:Storage Directory /workdir/hadoop-ozone/integration-test/target/test-dir/MiniOzoneClusterImpl-7bc36abf-c66f-431a-931d-8c1e5526238d/datanode-1/data/ratis/0acb072f-15d7-4982-b1ec-abe19877c732: created new log segment /workdir/hadoop-ozone/integration-test/target/test-dir/MiniOzoneClusterImpl-7bc36abf-c66f-431a-931d-8c1e5526238d/datanode-1/data/ratis/0acb072f-15d7-4982-b1ec-abe19877c732/current/log_inprogress_0
2019-09-20 10:24:14,998 [pool-60-thread-1] INFO  server.RaftServerConfigKeys (ConfUtils.java:logGet(43)) - raft.server.log.statemachine.data.sync.timeout = 10s (default)
2019-09-20 10:24:14,998 [pool-60-thread-1] INFO  server.RaftServerConfigKeys (ConfUtils.java:logGet(43)) - raft.server.log.statemachine.data.sync.timeout.retry = -1 (default)
2019-09-20 10:24:14,998 [pool-60-thread-1] INFO  server.RaftServerConfigKeys (ConfUtils.java:logGet(43)) - raft.server.log.statemachine.data.caching.enabled = true (custom)
2019-09-20 10:24:14,999 [pool-60-thread-1] INFO  segmented.SegmentedRaftLogWorker (SegmentedRaftLogWorker.java:lambda$new$0(132)) - c3e532f8-1a8e-44f3-b56b-d765aee893af-SegmentedRaftLogWorker:Storage Directory /workdir/hadoop-ozone/integration-test/target/test-dir/MiniOzoneClusterImpl-7bc36abf-c66f-431a-931d-8c1e5526238d/datanode-3/data/ratis/36713817-fa91-4e03-80c6-8b56e8ab76ad: flushIndex: setUnconditionally 0 -> -1
2019-09-20 10:24:14,999 [pool-60-thread-1] INFO  server.RaftServerConfigKeys (ConfUtils.java:logGet(43)) - raft.server.snapshot.auto.trigger.enabled = true (custom)
2019-09-20 10:24:14,999 [pool-60-thread-1] INFO  server.RaftServerConfigKeys (ConfUtils.java:logGet(43)) - raft.server.snapshot.auto.trigger.threshold = 10000 (custom)
2019-09-20 10:24:14,999 [pool-60-thread-1] INFO  server.RaftServerConfigKeys (ConfUtils.java:logGet(43)) - raft.server.retrycache.expirytime = 600000ms (custom)
2019-09-20 10:24:14,999 [pool-60-thread-1] INFO  impl.RaftServerImpl (RaftServerImpl.java:start(180)) - c3e532f8-1a8e-44f3-b56b-d765aee893af: start group-8B56E8AB76AD
2019-09-20 10:24:15,000 [pool-60-thread-1] INFO  impl.RaftServerImpl (RaftServerImpl.java:setRole(171)) - c3e532f8-1a8e-44f3-b56b-d765aee893af:group-8B56E8AB76AD changes role from null to FOLLOWER at term 0 for startAsFollower
2019-09-20 10:24:15,000 [pool-60-thread-1] INFO  impl.RoleInfo (RoleInfo.java:updateAndGet(143)) - c3e532f8-1a8e-44f3-b56b-d765aee893af: start FollowerState
2019-09-20 10:24:15,000 [pool-60-thread-1] INFO  util.JmxRegister (JmxRegister.java:tryRegister(44)) - Successfully registered JMX Bean with object name Ratis:service=RaftServer,group=group-8B56E8AB76AD,id=c3e532f8-1a8e-44f3-b56b-d765aee893af
2019-09-20 10:24:15,007 [RatisPipelineUtilsThread] INFO  pipeline.PipelineStateManager (PipelineStateManager.java:addPipeline(56)) - Created pipeline Pipeline[ Id: 36713817-fa91-4e03-80c6-8b56e8ab76ad, Nodes: c3e532f8-1a8e-44f3-b56b-d765aee893af{ip: 192.168.36.99, host: pr-hdds-1569-p5fx8-1226042367, networkLocation: /default-rack, certSerialId: null}, Type:RATIS, Factor:ONE, State:OPEN]
2019-09-20 10:24:15,008 [RatisPipelineUtilsThread] INFO  pipeline.PipelinePlacementPolicy (PipelinePlacementPolicy.java:meetCriteria(91)) - Pipeline Placement: Doesn't meet the criteria to be viable node： 17e2ba94-38a1-40e7-84e0-f6802901db84 Heaviness: 6 limit: 5
2019-09-20 10:24:15,008 [RatisPipelineUtilsThread] INFO  pipeline.PipelinePlacementPolicy (PipelinePlacementPolicy.java:meetCriteria(91)) - Pipeline Placement: Doesn't meet the criteria to be viable node： 3d6f3241-e73c-473a-ad0b-c7be2f7e1dda Heaviness: 6 limit: 5
2019-09-20 10:24:15,008 [RatisPipelineUtilsThread] INFO  pipeline.PipelinePlacementPolicy (PipelinePlacementPolicy.java:meetCriteria(91)) - Pipeline Placement: Doesn't meet the criteria to be viable node： c3e532f8-1a8e-44f3-b56b-d765aee893af Heaviness: 6 limit: 5
2019-09-20 10:24:15,008 [RatisPipelineUtilsThread] INFO  pipeline.PipelinePlacementPolicy (PipelinePlacementPolicy.java:meetCriteria(91)) - Pipeline Placement: Doesn't meet the criteria to be viable node： 66416d0b-a71c-4af1-ae3a-62ca63b880a3 Heaviness: 6 limit: 5
2019-09-20 10:24:15,019 [3d6f3241-e73c-473a-ad0b-c7be2f7e1dda-SegmentedRaftLogWorker:Storage Directory /workdir/hadoop-ozone/integration-test/target/test-dir/MiniOzoneClusterImpl-7bc36abf-c66f-431a-931d-8c1e5526238d/datanode-1/data/ratis/603cc408-ed15-43ec-bb2c-0032ad536867] INFO  segmented.SegmentedRaftLogWorker (SegmentedRaftLogWorker.java:execute(569)) - 3d6f3241-e73c-473a-ad0b-c7be2f7e1dda-SegmentedRaftLogWorker:Storage Directory /workdir/hadoop-ozone/integration-test/target/test-dir/MiniOzoneClusterImpl-7bc36abf-c66f-431a-931d-8c1e5526238d/datanode-1/data/ratis/603cc408-ed15-43ec-bb2c-0032ad536867: created new log segment /workdir/hadoop-ozone/integration-test/target/test-dir/MiniOzoneClusterImpl-7bc36abf-c66f-431a-931d-8c1e5526238d/datanode-1/data/ratis/603cc408-ed15-43ec-bb2c-0032ad536867/current/log_inprogress_0
2019-09-20 10:24:15,019 [grpc-default-executor-0] INFO  impl.RaftServerProxy (RaftServerProxy.java:addNew(89)) - 4d972e91-cb6b-45de-8bd2-c18af7abe58b: addNew group-30C1C82F590D:[4d972e91-cb6b-45de-8bd2-c18af7abe58b:192.168.36.99:46114] returns group-30C1C82F590D:java.util.concurrent.CompletableFuture@2c788350[Not completed]
2019-09-20 10:24:15,021 [pool-71-thread-1] INFO  impl.RaftServerImpl (RaftServerImpl.java:<init>(93)) - 4d972e91-cb6b-45de-8bd2-c18af7abe58b: new RaftServerImpl for group-30C1C82F590D:[4d972e91-cb6b-45de-8bd2-c18af7abe58b:192.168.36.99:46114] with ContainerStateMachine:uninitialized
2019-09-20 10:24:15,021 [pool-71-thread-1] INFO  server.RaftServerConfigKeys (ConfUtils.java:logGet(43)) - raft.server.rpc.timeout.min = 1s (custom)
2019-09-20 10:24:15,021 [pool-71-thread-1] INFO  server.RaftServerConfigKeys (ConfUtils.java:logGet(43)) - raft.server.rpc.timeout.max = 1200ms (custom)
2019-09-20 10:24:15,021 [pool-71-thread-1] INFO  server.RaftServerConfigKeys (ConfUtils.java:logGet(43)) - raft.server.rpcslowness.timeout = 120s (custom)
2019-09-20 10:24:15,021 [pool-71-thread-1] INFO  server.RaftServerConfigKeys (ConfUtils.java:logGet(43)) - raft.server.sleep.deviation.threshold = 300 (default)
2019-09-20 10:24:15,021 [pool-71-thread-1] INFO  server.RaftServerConfigKeys (ConfUtils.java:logGet(43)) - raft.server.log.appender.install.snapshot.enabled = false (custom)
2019-09-20 10:24:15,021 [pool-71-thread-1] INFO  impl.RaftServerImpl (ServerState.java:<init>(105)) - 4d972e91-cb6b-45de-8bd2-c18af7abe58b:group-30C1C82F590D ConfigurationManager, init=-1: [4d972e91-cb6b-45de-8bd2-c18af7abe58b:192.168.36.99:46114], old=null, confs=<EMPTY_MAP>
2019-09-20 10:24:15,022 [pool-71-thread-1] INFO  server.RaftServerConfigKeys (ConfUtils.java:logGet(43)) - raft.server.storage.dir = [/workdir/hadoop-ozone/integration-test/target/test-dir/MiniOzoneClusterImpl-7bc36abf-c66f-431a-931d-8c1e5526238d/datanode-4/data/ratis] (custom)
2019-09-20 10:24:15,022 [pool-71-thread-1] INFO  storage.RaftStorageDirectory (RaftStorageDirectory.java:analyzeStorage(246)) - The storage directory /workdir/hadoop-ozone/integration-test/target/test-dir/MiniOzoneClusterImpl-7bc36abf-c66f-431a-931d-8c1e5526238d/datanode-4/data/ratis/6920b02b-a39a-484a-a0d5-30c1c82f590d does not exist. Creating ...
2019-09-20 10:24:15,043 [pool-71-thread-1] INFO  storage.RaftStorageDirectory (RaftStorageDirectory.java:tryLock(328)) - Lock on /workdir/hadoop-ozone/integration-test/target/test-dir/MiniOzoneClusterImpl-7bc36abf-c66f-431a-931d-8c1e5526238d/datanode-4/data/ratis/6920b02b-a39a-484a-a0d5-30c1c82f590d/in_use.lock acquired by nodename 28506@pr-hdds-1569-p5fx8-1226042367
2019-09-20 10:24:15,060 [pool-71-thread-1] INFO  storage.RaftStorage (RaftStorage.java:format(72)) - Storage directory /workdir/hadoop-ozone/integration-test/target/test-dir/MiniOzoneClusterImpl-7bc36abf-c66f-431a-931d-8c1e5526238d/datanode-4/data/ratis/6920b02b-a39a-484a-a0d5-30c1c82f590d has been successfully formatted.
2019-09-20 10:24:15,061 [pool-71-thread-1] INFO  ratis.ContainerStateMachine (ContainerStateMachine.java:loadSnapshot(226)) - group-30C1C82F590D: The snapshot info is null. Setting the last applied indexto:(t:0, i:~)
2019-09-20 10:24:15,061 [pool-71-thread-1] INFO  server.RaftServerConfigKeys (ConfUtils.java:logGet(43)) - raft.server.leader.election.timeout = 120s (custom)
2019-09-20 10:24:15,061 [pool-71-thread-1] INFO  server.RaftServerConfigKeys (ConfUtils.java:logGet(43)) - raft.server.log.use.memory = false (default)
2019-09-20 10:24:15,061 [pool-71-thread-1] INFO  server.RaftServerConfigKeys (ConfUtils.java:logGet(43)) - raft.server.log.purge.gap = 1000000 (custom)
2019-09-20 10:24:15,061 [pool-71-thread-1] INFO  server.RaftServerConfigKeys (ConfUtils.java:logGet(43)) - raft.server.log.appender.buffer.byte-limit = 33554432 (custom)
2019-09-20 10:24:15,061 [pool-71-thread-1] INFO  server.RaftServerConfigKeys (ConfUtils.java:logGet(43)) - raft.server.log.segment.size.max = 1048576 (custom)
2019-09-20 10:24:15,061 [pool-71-thread-1] INFO  server.RaftServerConfigKeys (ConfUtils.java:logGet(43)) - raft.server.log.segment.cache.num.max = 2 (custom)
2019-09-20 10:24:15,062 [pool-71-thread-1] INFO  segmented.SegmentedRaftLogWorker (SegmentedRaftLogWorker.java:<init>(172)) - new 4d972e91-cb6b-45de-8bd2-c18af7abe58b-SegmentedRaftLogWorker:Storage Directory /workdir/hadoop-ozone/integration-test/target/test-dir/MiniOzoneClusterImpl-7bc36abf-c66f-431a-931d-8c1e5526238d/datanode-4/data/ratis/6920b02b-a39a-484a-a0d5-30c1c82f590d for RaftStorage:Storage Directory /workdir/hadoop-ozone/integration-test/target/test-dir/MiniOzoneClusterImpl-7bc36abf-c66f-431a-931d-8c1e5526238d/datanode-4/data/ratis/6920b02b-a39a-484a-a0d5-30c1c82f590d
2019-09-20 10:24:15,062 [pool-71-thread-1] INFO  server.RaftServerConfigKeys (ConfUtils.java:logGet(43)) - raft.server.log.queue.byte-limit = 2147483647 (custom)
2019-09-20 10:24:15,062 [pool-71-thread-1] INFO  server.RaftServerConfigKeys (ConfUtils.java:logGet(43)) - raft.server.log.queue.element-limit = 1024 (custom)
2019-09-20 10:24:15,062 [pool-71-thread-1] INFO  server.RaftServerConfigKeys (ConfUtils.java:logGet(43)) - raft.server.log.segment.size.max = 1048576 (custom)
2019-09-20 10:24:15,062 [pool-71-thread-1] INFO  server.RaftServerConfigKeys (ConfUtils.java:logGet(43)) - raft.server.log.preallocated.size = 16384 (custom)
2019-09-20 10:24:15,062 [pool-71-thread-1] INFO  server.RaftServerConfigKeys (ConfUtils.java:logGet(43)) - raft.server.log.write.buffer.size = 33554432 (custom)
2019-09-20 10:24:15,062 [pool-71-thread-1] INFO  server.RaftServerConfigKeys (ConfUtils.java:logGet(43)) - raft.server.log.force.sync.num = 128 (default)
2019-09-20 10:24:15,062 [pool-71-thread-1] INFO  server.RaftServerConfigKeys (ConfUtils.java:logGet(43)) - raft.server.log.statemachine.data.sync = true (default)
2019-09-20 10:24:15,062 [pool-71-thread-1] INFO  server.RaftServerConfigKeys (ConfUtils.java:logGet(43)) - raft.server.log.statemachine.data.sync.timeout = 10s (default)
2019-09-20 10:24:15,063 [pool-71-thread-1] INFO  server.RaftServerConfigKeys (ConfUtils.java:logGet(43)) - raft.server.log.statemachine.data.sync.timeout.retry = -1 (default)
2019-09-20 10:24:15,063 [pool-71-thread-1] INFO  server.RaftServerConfigKeys (ConfUtils.java:logGet(43)) - raft.server.log.statemachine.data.caching.enabled = true (custom)
2019-09-20 10:24:15,063 [pool-71-thread-1] INFO  segmented.SegmentedRaftLogWorker (SegmentedRaftLogWorker.java:lambda$new$0(132)) - 4d972e91-cb6b-45de-8bd2-c18af7abe58b-SegmentedRaftLogWorker:Storage Directory /workdir/hadoop-ozone/integration-test/target/test-dir/MiniOzoneClusterImpl-7bc36abf-c66f-431a-931d-8c1e5526238d/datanode-4/data/ratis/6920b02b-a39a-484a-a0d5-30c1c82f590d: flushIndex: setUnconditionally 0 -> -1
2019-09-20 10:24:15,063 [pool-71-thread-1] INFO  server.RaftServerConfigKeys (ConfUtils.java:logGet(43)) - raft.server.snapshot.auto.trigger.enabled = true (custom)
2019-09-20 10:24:15,064 [pool-71-thread-1] INFO  server.RaftServerConfigKeys (ConfUtils.java:logGet(43)) - raft.server.snapshot.auto.trigger.threshold = 10000 (custom)
2019-09-20 10:24:15,064 [pool-71-thread-1] INFO  server.RaftServerConfigKeys (ConfUtils.java:logGet(43)) - raft.server.retrycache.expirytime = 600000ms (custom)
2019-09-20 10:24:15,064 [pool-71-thread-1] INFO  impl.RaftServerImpl (RaftServerImpl.java:start(180)) - 4d972e91-cb6b-45de-8bd2-c18af7abe58b: start group-30C1C82F590D
2019-09-20 10:24:15,064 [pool-71-thread-1] INFO  impl.RaftServerImpl (RaftServerImpl.java:setRole(171)) - 4d972e91-cb6b-45de-8bd2-c18af7abe58b:group-30C1C82F590D changes role from null to FOLLOWER at term 0 for startAsFollower
2019-09-20 10:24:15,064 [pool-71-thread-1] INFO  impl.RoleInfo (RoleInfo.java:updateAndGet(143)) - 4d972e91-cb6b-45de-8bd2-c18af7abe58b: start FollowerState
2019-09-20 10:24:15,064 [pool-71-thread-1] INFO  util.JmxRegister (JmxRegister.java:tryRegister(44)) - Successfully registered JMX Bean with object name Ratis:service=RaftServer,group=group-30C1C82F590D,id=4d972e91-cb6b-45de-8bd2-c18af7abe58b
2019-09-20 10:24:15,071 [RatisPipelineUtilsThread] INFO  pipeline.PipelineStateManager (PipelineStateManager.java:addPipeline(56)) - Created pipeline Pipeline[ Id: 6920b02b-a39a-484a-a0d5-30c1c82f590d, Nodes: 4d972e91-cb6b-45de-8bd2-c18af7abe58b{ip: 192.168.36.99, host: pr-hdds-1569-p5fx8-1226042367, networkLocation: /default-rack, certSerialId: null}, Type:RATIS, Factor:ONE, State:OPEN]
2019-09-20 10:24:15,071 [RatisPipelineUtilsThread] INFO  pipeline.PipelinePlacementPolicy (PipelinePlacementPolicy.java:meetCriteria(91)) - Pipeline Placement: Doesn't meet the criteria to be viable node： 17e2ba94-38a1-40e7-84e0-f6802901db84 Heaviness: 6 limit: 5
2019-09-20 10:24:15,071 [RatisPipelineUtilsThread] INFO  pipeline.PipelinePlacementPolicy (PipelinePlacementPolicy.java:meetCriteria(91)) - Pipeline Placement: Doesn't meet the criteria to be viable node： 3d6f3241-e73c-473a-ad0b-c7be2f7e1dda Heaviness: 6 limit: 5
2019-09-20 10:24:15,072 [RatisPipelineUtilsThread] INFO  pipeline.PipelinePlacementPolicy (PipelinePlacementPolicy.java:meetCriteria(91)) - Pipeline Placement: Doesn't meet the criteria to be viable node： c3e532f8-1a8e-44f3-b56b-d765aee893af Heaviness: 6 limit: 5
2019-09-20 10:24:15,072 [RatisPipelineUtilsThread] INFO  pipeline.PipelinePlacementPolicy (PipelinePlacementPolicy.java:meetCriteria(91)) - Pipeline Placement: Doesn't meet the criteria to be viable node： 66416d0b-a71c-4af1-ae3a-62ca63b880a3 Heaviness: 6 limit: 5
2019-09-20 10:24:15,082 [grpc-default-executor-0] INFO  impl.RaftServerProxy (RaftServerProxy.java:addNew(89)) - 4d972e91-cb6b-45de-8bd2-c18af7abe58b: addNew group-71DB867EECC1:[4d972e91-cb6b-45de-8bd2-c18af7abe58b:192.168.36.99:46114] returns group-71DB867EECC1:java.util.concurrent.CompletableFuture@7dc6bb4c[Not completed]
2019-09-20 10:24:15,084 [pool-71-thread-1] INFO  impl.RaftServerImpl (RaftServerImpl.java:<init>(93)) - 4d972e91-cb6b-45de-8bd2-c18af7abe58b: new RaftServerImpl for group-71DB867EECC1:[4d972e91-cb6b-45de-8bd2-c18af7abe58b:192.168.36.99:46114] with ContainerStateMachine:uninitialized
2019-09-20 10:24:15,084 [pool-71-thread-1] INFO  server.RaftServerConfigKeys (ConfUtils.java:logGet(43)) - raft.server.rpc.timeout.min = 1s (custom)
2019-09-20 10:24:15,084 [pool-71-thread-1] INFO  server.RaftServerConfigKeys (ConfUtils.java:logGet(43)) - raft.server.rpc.timeout.max = 1200ms (custom)
2019-09-20 10:24:15,084 [pool-71-thread-1] INFO  server.RaftServerConfigKeys (ConfUtils.java:logGet(43)) - raft.server.rpcslowness.timeout = 120s (custom)
2019-09-20 10:24:15,084 [pool-71-thread-1] INFO  server.RaftServerConfigKeys (ConfUtils.java:logGet(43)) - raft.server.sleep.deviation.threshold = 300 (default)
2019-09-20 10:24:15,084 [pool-71-thread-1] INFO  server.RaftServerConfigKeys (ConfUtils.java:logGet(43)) - raft.server.log.appender.install.snapshot.enabled = false (custom)
2019-09-20 10:24:15,084 [pool-71-thread-1] INFO  impl.RaftServerImpl (ServerState.java:<init>(105)) - 4d972e91-cb6b-45de-8bd2-c18af7abe58b:group-71DB867EECC1 ConfigurationManager, init=-1: [4d972e91-cb6b-45de-8bd2-c18af7abe58b:192.168.36.99:46114], old=null, confs=<EMPTY_MAP>
2019-09-20 10:24:15,084 [pool-71-thread-1] INFO  server.RaftServerConfigKeys (ConfUtils.java:logGet(43)) - raft.server.storage.dir = [/workdir/hadoop-ozone/integration-test/target/test-dir/MiniOzoneClusterImpl-7bc36abf-c66f-431a-931d-8c1e5526238d/datanode-4/data/ratis] (custom)
2019-09-20 10:24:15,085 [pool-71-thread-1] INFO  storage.RaftStorageDirectory (RaftStorageDirectory.java:analyzeStorage(246)) - The storage directory /workdir/hadoop-ozone/integration-test/target/test-dir/MiniOzoneClusterImpl-7bc36abf-c66f-431a-931d-8c1e5526238d/datanode-4/data/ratis/c42d9948-8ea5-424a-ad59-71db867eecc1 does not exist. Creating ...
2019-09-20 10:24:15,111 [pool-71-thread-1] INFO  storage.RaftStorageDirectory (RaftStorageDirectory.java:tryLock(328)) - Lock on /workdir/hadoop-ozone/integration-test/target/test-dir/MiniOzoneClusterImpl-7bc36abf-c66f-431a-931d-8c1e5526238d/datanode-4/data/ratis/c42d9948-8ea5-424a-ad59-71db867eecc1/in_use.lock acquired by nodename 28506@pr-hdds-1569-p5fx8-1226042367
2019-09-20 10:24:15,128 [pool-71-thread-1] INFO  storage.RaftStorage (RaftStorage.java:format(72)) - Storage directory /workdir/hadoop-ozone/integration-test/target/test-dir/MiniOzoneClusterImpl-7bc36abf-c66f-431a-931d-8c1e5526238d/datanode-4/data/ratis/c42d9948-8ea5-424a-ad59-71db867eecc1 has been successfully formatted.
2019-09-20 10:24:15,128 [pool-71-thread-1] INFO  ratis.ContainerStateMachine (ContainerStateMachine.java:loadSnapshot(226)) - group-71DB867EECC1: The snapshot info is null. Setting the last applied indexto:(t:0, i:~)
2019-09-20 10:24:15,128 [pool-71-thread-1] INFO  server.RaftServerConfigKeys (ConfUtils.java:logGet(43)) - raft.server.leader.election.timeout = 120s (custom)
2019-09-20 10:24:15,128 [pool-71-thread-1] INFO  server.RaftServerConfigKeys (ConfUtils.java:logGet(43)) - raft.server.log.use.memory = false (default)
2019-09-20 10:24:15,128 [pool-71-thread-1] INFO  server.RaftServerConfigKeys (ConfUtils.java:logGet(43)) - raft.server.log.purge.gap = 1000000 (custom)
2019-09-20 10:24:15,129 [pool-71-thread-1] INFO  server.RaftServerConfigKeys (ConfUtils.java:logGet(43)) - raft.server.log.appender.buffer.byte-limit = 33554432 (custom)
2019-09-20 10:24:15,129 [pool-71-thread-1] INFO  server.RaftServerConfigKeys (ConfUtils.java:logGet(43)) - raft.server.log.segment.size.max = 1048576 (custom)
2019-09-20 10:24:15,129 [pool-71-thread-1] INFO  server.RaftServerConfigKeys (ConfUtils.java:logGet(43)) - raft.server.log.segment.cache.num.max = 2 (custom)
2019-09-20 10:24:15,129 [pool-71-thread-1] INFO  segmented.SegmentedRaftLogWorker (SegmentedRaftLogWorker.java:<init>(172)) - new 4d972e91-cb6b-45de-8bd2-c18af7abe58b-SegmentedRaftLogWorker:Storage Directory /workdir/hadoop-ozone/integration-test/target/test-dir/MiniOzoneClusterImpl-7bc36abf-c66f-431a-931d-8c1e5526238d/datanode-4/data/ratis/c42d9948-8ea5-424a-ad59-71db867eecc1 for RaftStorage:Storage Directory /workdir/hadoop-ozone/integration-test/target/test-dir/MiniOzoneClusterImpl-7bc36abf-c66f-431a-931d-8c1e5526238d/datanode-4/data/ratis/c42d9948-8ea5-424a-ad59-71db867eecc1
2019-09-20 10:24:15,129 [pool-71-thread-1] INFO  server.RaftServerConfigKeys (ConfUtils.java:logGet(43)) - raft.server.log.queue.byte-limit = 2147483647 (custom)
2019-09-20 10:24:15,129 [pool-71-thread-1] INFO  server.RaftServerConfigKeys (ConfUtils.java:logGet(43)) - raft.server.log.queue.element-limit = 1024 (custom)
2019-09-20 10:24:15,129 [pool-71-thread-1] INFO  server.RaftServerConfigKeys (ConfUtils.java:logGet(43)) - raft.server.log.segment.size.max = 1048576 (custom)
2019-09-20 10:24:15,129 [pool-71-thread-1] INFO  server.RaftServerConfigKeys (ConfUtils.java:logGet(43)) - raft.server.log.preallocated.size = 16384 (custom)
2019-09-20 10:24:15,129 [pool-71-thread-1] INFO  server.RaftServerConfigKeys (ConfUtils.java:logGet(43)) - raft.server.log.write.buffer.size = 33554432 (custom)
2019-09-20 10:24:15,130 [pool-71-thread-1] INFO  server.RaftServerConfigKeys (ConfUtils.java:logGet(43)) - raft.server.log.force.sync.num = 128 (default)
2019-09-20 10:24:15,130 [pool-71-thread-1] INFO  server.RaftServerConfigKeys (ConfUtils.java:logGet(43)) - raft.server.log.statemachine.data.sync = true (default)
2019-09-20 10:24:15,130 [pool-71-thread-1] INFO  server.RaftServerConfigKeys (ConfUtils.java:logGet(43)) - raft.server.log.statemachine.data.sync.timeout = 10s (default)
2019-09-20 10:24:15,130 [pool-71-thread-1] INFO  server.RaftServerConfigKeys (ConfUtils.java:logGet(43)) - raft.server.log.statemachine.data.sync.timeout.retry = -1 (default)
2019-09-20 10:24:15,130 [pool-71-thread-1] INFO  server.RaftServerConfigKeys (ConfUtils.java:logGet(43)) - raft.server.log.statemachine.data.caching.enabled = true (custom)
2019-09-20 10:24:15,130 [pool-71-thread-1] INFO  segmented.SegmentedRaftLogWorker (SegmentedRaftLogWorker.java:lambda$new$0(132)) - 4d972e91-cb6b-45de-8bd2-c18af7abe58b-SegmentedRaftLogWorker:Storage Directory /workdir/hadoop-ozone/integration-test/target/test-dir/MiniOzoneClusterImpl-7bc36abf-c66f-431a-931d-8c1e5526238d/datanode-4/data/ratis/c42d9948-8ea5-424a-ad59-71db867eecc1: flushIndex: setUnconditionally 0 -> -1
2019-09-20 10:24:15,131 [pool-71-thread-1] INFO  server.RaftServerConfigKeys (ConfUtils.java:logGet(43)) - raft.server.snapshot.auto.trigger.enabled = true (custom)
2019-09-20 10:24:15,131 [pool-71-thread-1] INFO  server.RaftServerConfigKeys (ConfUtils.java:logGet(43)) - raft.server.snapshot.auto.trigger.threshold = 10000 (custom)
2019-09-20 10:24:15,131 [pool-71-thread-1] INFO  server.RaftServerConfigKeys (ConfUtils.java:logGet(43)) - raft.server.retrycache.expirytime = 600000ms (custom)
2019-09-20 10:24:15,131 [pool-71-thread-1] INFO  impl.RaftServerImpl (RaftServerImpl.java:start(180)) - 4d972e91-cb6b-45de-8bd2-c18af7abe58b: start group-71DB867EECC1
2019-09-20 10:24:15,131 [pool-71-thread-1] INFO  impl.RaftServerImpl (RaftServerImpl.java:setRole(171)) - 4d972e91-cb6b-45de-8bd2-c18af7abe58b:group-71DB867EECC1 changes role from null to FOLLOWER at term 0 for startAsFollower
2019-09-20 10:24:15,131 [pool-71-thread-1] INFO  impl.RoleInfo (RoleInfo.java:updateAndGet(143)) - 4d972e91-cb6b-45de-8bd2-c18af7abe58b: start FollowerState
2019-09-20 10:24:15,132 [pool-71-thread-1] INFO  util.JmxRegister (JmxRegister.java:tryRegister(44)) - Successfully registered JMX Bean with object name Ratis:service=RaftServer,group=group-71DB867EECC1,id=4d972e91-cb6b-45de-8bd2-c18af7abe58b
2019-09-20 10:24:15,138 [RatisPipelineUtilsThread] INFO  pipeline.PipelineStateManager (PipelineStateManager.java:addPipeline(56)) - Created pipeline Pipeline[ Id: c42d9948-8ea5-424a-ad59-71db867eecc1, Nodes: 4d972e91-cb6b-45de-8bd2-c18af7abe58b{ip: 192.168.36.99, host: pr-hdds-1569-p5fx8-1226042367, networkLocation: /default-rack, certSerialId: null}, Type:RATIS, Factor:ONE, State:OPEN]
2019-09-20 10:24:15,138 [RatisPipelineUtilsThread] INFO  pipeline.PipelinePlacementPolicy (PipelinePlacementPolicy.java:meetCriteria(91)) - Pipeline Placement: Doesn't meet the criteria to be viable node： 17e2ba94-38a1-40e7-84e0-f6802901db84 Heaviness: 6 limit: 5
2019-09-20 10:24:15,139 [RatisPipelineUtilsThread] INFO  pipeline.PipelinePlacementPolicy (PipelinePlacementPolicy.java:meetCriteria(91)) - Pipeline Placement: Doesn't meet the criteria to be viable node： 3d6f3241-e73c-473a-ad0b-c7be2f7e1dda Heaviness: 6 limit: 5
2019-09-20 10:24:15,139 [RatisPipelineUtilsThread] INFO  pipeline.PipelinePlacementPolicy (PipelinePlacementPolicy.java:meetCriteria(91)) - Pipeline Placement: Doesn't meet the criteria to be viable node： c3e532f8-1a8e-44f3-b56b-d765aee893af Heaviness: 6 limit: 5
2019-09-20 10:24:15,139 [RatisPipelineUtilsThread] INFO  pipeline.PipelinePlacementPolicy (PipelinePlacementPolicy.java:meetCriteria(91)) - Pipeline Placement: Doesn't meet the criteria to be viable node： 66416d0b-a71c-4af1-ae3a-62ca63b880a3 Heaviness: 6 limit: 5
2019-09-20 10:24:15,152 [grpc-default-executor-0] INFO  impl.RaftServerProxy (RaftServerProxy.java:addNew(89)) - 1ab786b9-c79c-4265-88a1-5b3344c6beda: addNew group-1FB00AD90318:[1ab786b9-c79c-4265-88a1-5b3344c6beda:192.168.36.99:42782] returns group-1FB00AD90318:java.util.concurrent.CompletableFuture@3c7031fe[Not completed]
2019-09-20 10:24:15,157 [pool-82-thread-1] INFO  impl.RaftServerImpl (RaftServerImpl.java:<init>(93)) - 1ab786b9-c79c-4265-88a1-5b3344c6beda: new RaftServerImpl for group-1FB00AD90318:[1ab786b9-c79c-4265-88a1-5b3344c6beda:192.168.36.99:42782] with ContainerStateMachine:uninitialized
2019-09-20 10:24:15,158 [pool-82-thread-1] INFO  server.RaftServerConfigKeys (ConfUtils.java:logGet(43)) - raft.server.rpc.timeout.min = 1s (custom)
2019-09-20 10:24:15,158 [pool-82-thread-1] INFO  server.RaftServerConfigKeys (ConfUtils.java:logGet(43)) - raft.server.rpc.timeout.max = 1200ms (custom)
2019-09-20 10:24:15,158 [pool-82-thread-1] INFO  server.RaftServerConfigKeys (ConfUtils.java:logGet(43)) - raft.server.rpcslowness.timeout = 120s (custom)
2019-09-20 10:24:15,158 [pool-82-thread-1] INFO  server.RaftServerConfigKeys (ConfUtils.java:logGet(43)) - raft.server.sleep.deviation.threshold = 300 (default)
2019-09-20 10:24:15,158 [pool-82-thread-1] INFO  server.RaftServerConfigKeys (ConfUtils.java:logGet(43)) - raft.server.log.appender.install.snapshot.enabled = false (custom)
2019-09-20 10:24:15,158 [pool-82-thread-1] INFO  impl.RaftServerImpl (ServerState.java:<init>(105)) - 1ab786b9-c79c-4265-88a1-5b3344c6beda:group-1FB00AD90318 ConfigurationManager, init=-1: [1ab786b9-c79c-4265-88a1-5b3344c6beda:192.168.36.99:42782], old=null, confs=<EMPTY_MAP>
2019-09-20 10:24:15,158 [pool-82-thread-1] INFO  server.RaftServerConfigKeys (ConfUtils.java:logGet(43)) - raft.server.storage.dir = [/workdir/hadoop-ozone/integration-test/target/test-dir/MiniOzoneClusterImpl-7bc36abf-c66f-431a-931d-8c1e5526238d/datanode-5/data/ratis] (custom)
2019-09-20 10:24:15,159 [pool-82-thread-1] INFO  storage.RaftStorageDirectory (RaftStorageDirectory.java:analyzeStorage(246)) - The storage directory /workdir/hadoop-ozone/integration-test/target/test-dir/MiniOzoneClusterImpl-7bc36abf-c66f-431a-931d-8c1e5526238d/datanode-5/data/ratis/135e1a1a-7686-4cf5-810d-1fb00ad90318 does not exist. Creating ...
2019-09-20 10:24:15,193 [Thread-332] INFO  impl.FollowerState (FollowerState.java:run(106)) - 4d972e91-cb6b-45de-8bd2-c18af7abe58b:group-1BA6E09D80A5 changes to CANDIDATE, lastRpcTime:1045, electionTimeout:1045ms
2019-09-20 10:24:15,193 [Thread-332] INFO  impl.RoleInfo (RoleInfo.java:shutdownFollowerState(121)) - 4d972e91-cb6b-45de-8bd2-c18af7abe58b: shutdown FollowerState
2019-09-20 10:24:15,193 [Thread-332] INFO  impl.RaftServerImpl (RaftServerImpl.java:setRole(171)) - 4d972e91-cb6b-45de-8bd2-c18af7abe58b:group-1BA6E09D80A5 changes role from FOLLOWER to CANDIDATE at term 0 for changeToCandidate
2019-09-20 10:24:15,194 [Thread-332] INFO  impl.RoleInfo (RoleInfo.java:updateAndGet(143)) - 4d972e91-cb6b-45de-8bd2-c18af7abe58b: start LeaderElection
2019-09-20 10:24:15,203 [pool-82-thread-1] INFO  storage.RaftStorageDirectory (RaftStorageDirectory.java:tryLock(328)) - Lock on /workdir/hadoop-ozone/integration-test/target/test-dir/MiniOzoneClusterImpl-7bc36abf-c66f-431a-931d-8c1e5526238d/datanode-5/data/ratis/135e1a1a-7686-4cf5-810d-1fb00ad90318/in_use.lock acquired by nodename 28506@pr-hdds-1569-p5fx8-1226042367
2019-09-20 10:24:15,205 [Thread-327] INFO  impl.FollowerState (FollowerState.java:run(106)) - 66416d0b-a71c-4af1-ae3a-62ca63b880a3:group-8A0A90AB80C5 changes to CANDIDATE, lastRpcTime:1158, electionTimeout:1158ms
2019-09-20 10:24:15,206 [Thread-327] INFO  impl.RoleInfo (RoleInfo.java:shutdownFollowerState(121)) - 66416d0b-a71c-4af1-ae3a-62ca63b880a3: shutdown FollowerState
2019-09-20 10:24:15,206 [Thread-327] INFO  impl.RaftServerImpl (RaftServerImpl.java:setRole(171)) - 66416d0b-a71c-4af1-ae3a-62ca63b880a3:group-8A0A90AB80C5 changes role from FOLLOWER to CANDIDATE at term 0 for changeToCandidate
2019-09-20 10:24:15,206 [Thread-327] INFO  impl.RoleInfo (RoleInfo.java:updateAndGet(143)) - 66416d0b-a71c-4af1-ae3a-62ca63b880a3: start LeaderElection
2019-09-20 10:24:15,237 [pool-82-thread-1] INFO  storage.RaftStorage (RaftStorage.java:format(72)) - Storage directory /workdir/hadoop-ozone/integration-test/target/test-dir/MiniOzoneClusterImpl-7bc36abf-c66f-431a-931d-8c1e5526238d/datanode-5/data/ratis/135e1a1a-7686-4cf5-810d-1fb00ad90318 has been successfully formatted.
2019-09-20 10:24:15,237 [4d972e91-cb6b-45de-8bd2-c18af7abe58b:group-1BA6E09D80A5:LeaderElection21] INFO  impl.LeaderElection (LeaderElection.java:askForVotes(181)) - 4d972e91-cb6b-45de-8bd2-c18af7abe58b:group-1BA6E09D80A5:LeaderElection21: begin an election at term 1 for -1: [4d972e91-cb6b-45de-8bd2-c18af7abe58b:192.168.36.99:46114], old=null
2019-09-20 10:24:15,237 [66416d0b-a71c-4af1-ae3a-62ca63b880a3:group-8A0A90AB80C5:LeaderElection22] INFO  impl.LeaderElection (LeaderElection.java:askForVotes(181)) - 66416d0b-a71c-4af1-ae3a-62ca63b880a3:group-8A0A90AB80C5:LeaderElection22: begin an election at term 1 for -1: [66416d0b-a71c-4af1-ae3a-62ca63b880a3:192.168.36.99:43326], old=null
2019-09-20 10:24:15,238 [4d972e91-cb6b-45de-8bd2-c18af7abe58b:group-1BA6E09D80A5:LeaderElection21] INFO  impl.RoleInfo (RoleInfo.java:shutdownLeaderElection(134)) - 4d972e91-cb6b-45de-8bd2-c18af7abe58b: shutdown LeaderElection
2019-09-20 10:24:15,237 [pool-82-thread-1] INFO  ratis.ContainerStateMachine (ContainerStateMachine.java:loadSnapshot(226)) - group-1FB00AD90318: The snapshot info is null. Setting the last applied indexto:(t:0, i:~)
2019-09-20 10:24:15,256 [4d972e91-cb6b-45de-8bd2-c18af7abe58b:group-1BA6E09D80A5:LeaderElection21] INFO  impl.RaftServerImpl (RaftServerImpl.java:setRole(171)) - 4d972e91-cb6b-45de-8bd2-c18af7abe58b:group-1BA6E09D80A5 changes role from CANDIDATE to LEADER at term 1 for changeToLeader
2019-09-20 10:24:15,256 [66416d0b-a71c-4af1-ae3a-62ca63b880a3:group-8A0A90AB80C5:LeaderElection22] INFO  impl.RoleInfo (RoleInfo.java:shutdownLeaderElection(134)) - 66416d0b-a71c-4af1-ae3a-62ca63b880a3: shutdown LeaderElection
2019-09-20 10:24:15,256 [4d972e91-cb6b-45de-8bd2-c18af7abe58b:group-1BA6E09D80A5:LeaderElection21] INFO  impl.RaftServerImpl (ServerState.java:setLeader(263)) - 4d972e91-cb6b-45de-8bd2-c18af7abe58b:group-1BA6E09D80A5 change Leader from null to 4d972e91-cb6b-45de-8bd2-c18af7abe58b at term 1 for becomeLeader, leader elected after 1115ms
2019-09-20 10:24:15,257 | INFO  | SCMAudit | user=jenkins1000 | ip=192.168.36.99 | op=SEND_HEARTBEAT {datanodeUUID=66416d0b-a71c-4af1-ae3a-62ca63b880a3, command=[]} | ret=SUCCESS |  
2019-09-20 10:24:15,257 | INFO  | SCMAudit | user=jenkins1000 | ip=192.168.36.99 | op=SEND_HEARTBEAT {datanodeUUID=c3e532f8-1a8e-44f3-b56b-d765aee893af, command=[]} | ret=SUCCESS |  
2019-09-20 10:24:15,256 [pool-82-thread-1] INFO  server.RaftServerConfigKeys (ConfUtils.java:logGet(43)) - raft.server.leader.election.timeout = 120s (custom)
2019-09-20 10:24:15,257 [4d972e91-cb6b-45de-8bd2-c18af7abe58b:group-1BA6E09D80A5:LeaderElection21] INFO  server.RaftServerConfigKeys (ConfUtils.java:logGet(43)) - raft.server.staging.catchup.gap = 1000 (default)
2019-09-20 10:24:15,257 [66416d0b-a71c-4af1-ae3a-62ca63b880a3:group-8A0A90AB80C5:LeaderElection22] INFO  impl.RaftServerImpl (RaftServerImpl.java:setRole(171)) - 66416d0b-a71c-4af1-ae3a-62ca63b880a3:group-8A0A90AB80C5 changes role from CANDIDATE to LEADER at term 1 for changeToLeader
2019-09-20 10:24:15,257 [4d972e91-cb6b-45de-8bd2-c18af7abe58b:group-1BA6E09D80A5:LeaderElection21] INFO  server.RaftServerConfigKeys (ConfUtils.java:logGet(43)) - raft.server.rpc.sleep.time = 25ms (default)
2019-09-20 10:24:15,257 [pool-82-thread-1] INFO  server.RaftServerConfigKeys (ConfUtils.java:logGet(43)) - raft.server.log.use.memory = false (default)
2019-09-20 10:24:15,258 [4d972e91-cb6b-45de-8bd2-c18af7abe58b:group-1BA6E09D80A5:LeaderElection21] INFO  server.RaftServerConfigKeys (ConfUtils.java:logGet(43)) - raft.server.write.element-limit = 4096 (default)
2019-09-20 10:24:15,257 [66416d0b-a71c-4af1-ae3a-62ca63b880a3:group-8A0A90AB80C5:LeaderElection22] INFO  impl.RaftServerImpl (ServerState.java:setLeader(263)) - 66416d0b-a71c-4af1-ae3a-62ca63b880a3:group-8A0A90AB80C5 change Leader from null to 66416d0b-a71c-4af1-ae3a-62ca63b880a3 at term 1 for becomeLeader, leader elected after 1268ms
2019-09-20 10:24:15,258 [4d972e91-cb6b-45de-8bd2-c18af7abe58b:group-1BA6E09D80A5:LeaderElection21] INFO  server.RaftServerConfigKeys (ConfUtils.java:logGet(43)) - raft.server.watch.timeout = 10s (default)
2019-09-20 10:24:15,258 [pool-82-thread-1] INFO  server.RaftServerConfigKeys (ConfUtils.java:logGet(43)) - raft.server.log.purge.gap = 1000000 (custom)
2019-09-20 10:24:15,258 [4d972e91-cb6b-45de-8bd2-c18af7abe58b:group-1BA6E09D80A5:LeaderElection21] INFO  server.RaftServerConfigKeys (ConfUtils.java:logGet(43)) - raft.server.watch.timeout.denomination = 1s (default)
2019-09-20 10:24:15,258 [66416d0b-a71c-4af1-ae3a-62ca63b880a3:group-8A0A90AB80C5:LeaderElection22] INFO  server.RaftServerConfigKeys (ConfUtils.java:logGet(43)) - raft.server.staging.catchup.gap = 1000 (default)
2019-09-20 10:24:15,259 [4d972e91-cb6b-45de-8bd2-c18af7abe58b:group-1BA6E09D80A5:LeaderElection21] INFO  server.RaftServerConfigKeys (ConfUtils.java:logGet(43)) - raft.server.watch.element-limit = 65536 (default)
2019-09-20 10:24:15,259 [pool-82-thread-1] INFO  server.RaftServerConfigKeys (ConfUtils.java:logGet(43)) - raft.server.log.appender.buffer.byte-limit = 33554432 (custom)
2019-09-20 10:24:15,259 [66416d0b-a71c-4af1-ae3a-62ca63b880a3:group-8A0A90AB80C5:LeaderElection22] INFO  server.RaftServerConfigKeys (ConfUtils.java:logGet(43)) - raft.server.rpc.sleep.time = 25ms (default)
2019-09-20 10:24:15,259 [pool-82-thread-1] INFO  server.RaftServerConfigKeys (ConfUtils.java:logGet(43)) - raft.server.log.segment.size.max = 1048576 (custom)
2019-09-20 10:24:15,260 [66416d0b-a71c-4af1-ae3a-62ca63b880a3:group-8A0A90AB80C5:LeaderElection22] INFO  server.RaftServerConfigKeys (ConfUtils.java:logGet(43)) - raft.server.write.element-limit = 4096 (default)
2019-09-20 10:24:15,259 [4d972e91-cb6b-45de-8bd2-c18af7abe58b:group-1BA6E09D80A5:LeaderElection21] INFO  impl.RoleInfo (RoleInfo.java:updateAndGet(143)) - 4d972e91-cb6b-45de-8bd2-c18af7abe58b: start LeaderState
2019-09-20 10:24:15,260 [66416d0b-a71c-4af1-ae3a-62ca63b880a3:group-8A0A90AB80C5:LeaderElection22] INFO  server.RaftServerConfigKeys (ConfUtils.java:logGet(43)) - raft.server.watch.timeout = 10s (default)
2019-09-20 10:24:15,260 [66416d0b-a71c-4af1-ae3a-62ca63b880a3:group-8A0A90AB80C5:LeaderElection22] INFO  server.RaftServerConfigKeys (ConfUtils.java:logGet(43)) - raft.server.watch.timeout.denomination = 1s (default)
2019-09-20 10:24:15,260 [pool-82-thread-1] INFO  server.RaftServerConfigKeys (ConfUtils.java:logGet(43)) - raft.server.log.segment.cache.num.max = 2 (custom)
2019-09-20 10:24:15,260 [66416d0b-a71c-4af1-ae3a-62ca63b880a3:group-8A0A90AB80C5:LeaderElection22] INFO  server.RaftServerConfigKeys (ConfUtils.java:logGet(43)) - raft.server.watch.element-limit = 65536 (default)
2019-09-20 10:24:15,260 [4d972e91-cb6b-45de-8bd2-c18af7abe58b:group-1BA6E09D80A5:LeaderElection21] INFO  segmented.SegmentedRaftLogWorker (SegmentedRaftLogWorker.java:startLogSegment(380)) - 4d972e91-cb6b-45de-8bd2-c18af7abe58b-SegmentedRaftLogWorker:Storage Directory /workdir/hadoop-ozone/integration-test/target/test-dir/MiniOzoneClusterImpl-7bc36abf-c66f-431a-931d-8c1e5526238d/datanode-4/data/ratis/d0b65017-b3e9-4ade-aafe-1ba6e09d80a5: Starting segment from index:0
2019-09-20 10:24:15,261 [66416d0b-a71c-4af1-ae3a-62ca63b880a3:group-8A0A90AB80C5:LeaderElection22] INFO  impl.RoleInfo (RoleInfo.java:updateAndGet(143)) - 66416d0b-a71c-4af1-ae3a-62ca63b880a3: start LeaderState
2019-09-20 10:24:15,260 [pool-82-thread-1] INFO  segmented.SegmentedRaftLogWorker (SegmentedRaftLogWorker.java:<init>(172)) - new 1ab786b9-c79c-4265-88a1-5b3344c6beda-SegmentedRaftLogWorker:Storage Directory /workdir/hadoop-ozone/integration-test/target/test-dir/MiniOzoneClusterImpl-7bc36abf-c66f-431a-931d-8c1e5526238d/datanode-5/data/ratis/135e1a1a-7686-4cf5-810d-1fb00ad90318 for RaftStorage:Storage Directory /workdir/hadoop-ozone/integration-test/target/test-dir/MiniOzoneClusterImpl-7bc36abf-c66f-431a-931d-8c1e5526238d/datanode-5/data/ratis/135e1a1a-7686-4cf5-810d-1fb00ad90318
2019-09-20 10:24:15,261 [4d972e91-cb6b-45de-8bd2-c18af7abe58b:group-1BA6E09D80A5:LeaderElection21] INFO  impl.RaftServerImpl (ServerState.java:setRaftConf(361)) - 4d972e91-cb6b-45de-8bd2-c18af7abe58b:group-1BA6E09D80A5 set configuration 0: [4d972e91-cb6b-45de-8bd2-c18af7abe58b:192.168.36.99:46114], old=null at 0
2019-09-20 10:24:15,261 [66416d0b-a71c-4af1-ae3a-62ca63b880a3:group-8A0A90AB80C5:LeaderElection22] INFO  segmented.SegmentedRaftLogWorker (SegmentedRaftLogWorker.java:startLogSegment(380)) - 66416d0b-a71c-4af1-ae3a-62ca63b880a3-SegmentedRaftLogWorker:Storage Directory /workdir/hadoop-ozone/integration-test/target/test-dir/MiniOzoneClusterImpl-7bc36abf-c66f-431a-931d-8c1e5526238d/datanode-2/data/ratis/6565800b-e505-49e7-9429-8a0a90ab80c5: Starting segment from index:0
2019-09-20 10:24:15,261 [pool-82-thread-1] INFO  server.RaftServerConfigKeys (ConfUtils.java:logGet(43)) - raft.server.log.queue.byte-limit = 2147483647 (custom)
2019-09-20 10:24:15,301 [pool-82-thread-1] INFO  server.RaftServerConfigKeys (ConfUtils.java:logGet(43)) - raft.server.log.queue.element-limit = 1024 (custom)
2019-09-20 10:24:15,301 [66416d0b-a71c-4af1-ae3a-62ca63b880a3:group-8A0A90AB80C5:LeaderElection22] INFO  impl.RaftServerImpl (ServerState.java:setRaftConf(361)) - 66416d0b-a71c-4af1-ae3a-62ca63b880a3:group-8A0A90AB80C5 set configuration 0: [66416d0b-a71c-4af1-ae3a-62ca63b880a3:192.168.36.99:43326], old=null at 0
2019-09-20 10:24:15,333 [4d972e91-cb6b-45de-8bd2-c18af7abe58b-SegmentedRaftLogWorker:Storage Directory /workdir/hadoop-ozone/integration-test/target/test-dir/MiniOzoneClusterImpl-7bc36abf-c66f-431a-931d-8c1e5526238d/datanode-4/data/ratis/d0b65017-b3e9-4ade-aafe-1ba6e09d80a5] INFO  segmented.SegmentedRaftLogWorker (SegmentedRaftLogWorker.java:execute(569)) - 4d972e91-cb6b-45de-8bd2-c18af7abe58b-SegmentedRaftLogWorker:Storage Directory /workdir/hadoop-ozone/integration-test/target/test-dir/MiniOzoneClusterImpl-7bc36abf-c66f-431a-931d-8c1e5526238d/datanode-4/data/ratis/d0b65017-b3e9-4ade-aafe-1ba6e09d80a5: created new log segment /workdir/hadoop-ozone/integration-test/target/test-dir/MiniOzoneClusterImpl-7bc36abf-c66f-431a-931d-8c1e5526238d/datanode-4/data/ratis/d0b65017-b3e9-4ade-aafe-1ba6e09d80a5/current/log_inprogress_0
2019-09-20 10:24:15,333 [pool-82-thread-1] INFO  server.RaftServerConfigKeys (ConfUtils.java:logGet(43)) - raft.server.log.segment.size.max = 1048576 (custom)
2019-09-20 10:24:15,333 [pool-82-thread-1] INFO  server.RaftServerConfigKeys (ConfUtils.java:logGet(43)) - raft.server.log.preallocated.size = 16384 (custom)
2019-09-20 10:24:15,334 | INFO  | SCMAudit | user=jenkins1000 | ip=192.168.36.99 | op=SEND_HEARTBEAT {datanodeUUID=4d972e91-cb6b-45de-8bd2-c18af7abe58b, command=[]} | ret=SUCCESS |  
2019-09-20 10:24:15,334 [pool-82-thread-1] INFO  server.RaftServerConfigKeys (ConfUtils.java:logGet(43)) - raft.server.log.write.buffer.size = 33554432 (custom)
2019-09-20 10:24:15,334 [pool-82-thread-1] INFO  server.RaftServerConfigKeys (ConfUtils.java:logGet(43)) - raft.server.log.force.sync.num = 128 (default)
2019-09-20 10:24:15,334 [pool-82-thread-1] INFO  server.RaftServerConfigKeys (ConfUtils.java:logGet(43)) - raft.server.log.statemachine.data.sync = true (default)
2019-09-20 10:24:15,334 [pool-82-thread-1] INFO  server.RaftServerConfigKeys (ConfUtils.java:logGet(43)) - raft.server.log.statemachine.data.sync.timeout = 10s (default)
2019-09-20 10:24:15,334 [pool-82-thread-1] INFO  server.RaftServerConfigKeys (ConfUtils.java:logGet(43)) - raft.server.log.statemachine.data.sync.timeout.retry = -1 (default)
2019-09-20 10:24:15,335 [pool-82-thread-1] INFO  server.RaftServerConfigKeys (ConfUtils.java:logGet(43)) - raft.server.log.statemachine.data.caching.enabled = true (custom)
2019-09-20 10:24:15,335 [pool-82-thread-1] INFO  segmented.SegmentedRaftLogWorker (SegmentedRaftLogWorker.java:lambda$new$0(132)) - 1ab786b9-c79c-4265-88a1-5b3344c6beda-SegmentedRaftLogWorker:Storage Directory /workdir/hadoop-ozone/integration-test/target/test-dir/MiniOzoneClusterImpl-7bc36abf-c66f-431a-931d-8c1e5526238d/datanode-5/data/ratis/135e1a1a-7686-4cf5-810d-1fb00ad90318: flushIndex: setUnconditionally 0 -> -1
2019-09-20 10:24:15,335 [pool-82-thread-1] INFO  server.RaftServerConfigKeys (ConfUtils.java:logGet(43)) - raft.server.snapshot.auto.trigger.enabled = true (custom)
2019-09-20 10:24:15,336 [pool-82-thread-1] INFO  server.RaftServerConfigKeys (ConfUtils.java:logGet(43)) - raft.server.snapshot.auto.trigger.threshold = 10000 (custom)
2019-09-20 10:24:15,336 [pool-82-thread-1] INFO  server.RaftServerConfigKeys (ConfUtils.java:logGet(43)) - raft.server.retrycache.expirytime = 600000ms (custom)
2019-09-20 10:24:15,336 [pool-82-thread-1] INFO  impl.RaftServerImpl (RaftServerImpl.java:start(180)) - 1ab786b9-c79c-4265-88a1-5b3344c6beda: start group-1FB00AD90318
2019-09-20 10:24:15,336 [pool-82-thread-1] INFO  impl.RaftServerImpl (RaftServerImpl.java:setRole(171)) - 1ab786b9-c79c-4265-88a1-5b3344c6beda:group-1FB00AD90318 changes role from null to FOLLOWER at term 0 for startAsFollower
2019-09-20 10:24:15,336 [pool-82-thread-1] INFO  impl.RoleInfo (RoleInfo.java:updateAndGet(143)) - 1ab786b9-c79c-4265-88a1-5b3344c6beda: start FollowerState
2019-09-20 10:24:15,337 [pool-82-thread-1] INFO  util.JmxRegister (JmxRegister.java:tryRegister(44)) - Successfully registered JMX Bean with object name Ratis:service=RaftServer,group=group-1FB00AD90318,id=1ab786b9-c79c-4265-88a1-5b3344c6beda
2019-09-20 10:24:15,343 [RatisPipelineUtilsThread] INFO  pipeline.PipelineStateManager (PipelineStateManager.java:addPipeline(56)) - Created pipeline Pipeline[ Id: 135e1a1a-7686-4cf5-810d-1fb00ad90318, Nodes: 1ab786b9-c79c-4265-88a1-5b3344c6beda{ip: 192.168.36.99, host: pr-hdds-1569-p5fx8-1226042367, networkLocation: /default-rack, certSerialId: null}, Type:RATIS, Factor:ONE, State:OPEN]
2019-09-20 10:24:15,344 [RatisPipelineUtilsThread] INFO  pipeline.PipelinePlacementPolicy (PipelinePlacementPolicy.java:meetCriteria(91)) - Pipeline Placement: Doesn't meet the criteria to be viable node： 17e2ba94-38a1-40e7-84e0-f6802901db84 Heaviness: 6 limit: 5
2019-09-20 10:24:15,344 [RatisPipelineUtilsThread] INFO  pipeline.PipelinePlacementPolicy (PipelinePlacementPolicy.java:meetCriteria(91)) - Pipeline Placement: Doesn't meet the criteria to be viable node： 3d6f3241-e73c-473a-ad0b-c7be2f7e1dda Heaviness: 6 limit: 5
2019-09-20 10:24:15,344 [RatisPipelineUtilsThread] INFO  pipeline.PipelinePlacementPolicy (PipelinePlacementPolicy.java:meetCriteria(91)) - Pipeline Placement: Doesn't meet the criteria to be viable node： c3e532f8-1a8e-44f3-b56b-d765aee893af Heaviness: 6 limit: 5
2019-09-20 10:24:15,344 [RatisPipelineUtilsThread] INFO  pipeline.PipelinePlacementPolicy (PipelinePlacementPolicy.java:meetCriteria(91)) - Pipeline Placement: Doesn't meet the criteria to be viable node： 66416d0b-a71c-4af1-ae3a-62ca63b880a3 Heaviness: 6 limit: 5
2019-09-20 10:24:15,355 [66416d0b-a71c-4af1-ae3a-62ca63b880a3-SegmentedRaftLogWorker:Storage Directory /workdir/hadoop-ozone/integration-test/target/test-dir/MiniOzoneClusterImpl-7bc36abf-c66f-431a-931d-8c1e5526238d/datanode-2/data/ratis/6565800b-e505-49e7-9429-8a0a90ab80c5] INFO  segmented.SegmentedRaftLogWorker (SegmentedRaftLogWorker.java:execute(569)) - 66416d0b-a71c-4af1-ae3a-62ca63b880a3-SegmentedRaftLogWorker:Storage Directory /workdir/hadoop-ozone/integration-test/target/test-dir/MiniOzoneClusterImpl-7bc36abf-c66f-431a-931d-8c1e5526238d/datanode-2/data/ratis/6565800b-e505-49e7-9429-8a0a90ab80c5: created new log segment /workdir/hadoop-ozone/integration-test/target/test-dir/MiniOzoneClusterImpl-7bc36abf-c66f-431a-931d-8c1e5526238d/datanode-2/data/ratis/6565800b-e505-49e7-9429-8a0a90ab80c5/current/log_inprogress_0
2019-09-20 10:24:15,355 [grpc-default-executor-0] INFO  impl.RaftServerProxy (RaftServerProxy.java:addNew(89)) - 4d972e91-cb6b-45de-8bd2-c18af7abe58b: addNew group-9AED31A5F304:[4d972e91-cb6b-45de-8bd2-c18af7abe58b:192.168.36.99:46114] returns group-9AED31A5F304:java.util.concurrent.CompletableFuture@70d25c56[Not completed]
2019-09-20 10:24:15,357 [pool-71-thread-1] INFO  impl.RaftServerImpl (RaftServerImpl.java:<init>(93)) - 4d972e91-cb6b-45de-8bd2-c18af7abe58b: new RaftServerImpl for group-9AED31A5F304:[4d972e91-cb6b-45de-8bd2-c18af7abe58b:192.168.36.99:46114] with ContainerStateMachine:uninitialized
2019-09-20 10:24:15,357 | INFO  | SCMAudit | user=jenkins1000 | ip=192.168.36.99 | op=SEND_HEARTBEAT {datanodeUUID=17e2ba94-38a1-40e7-84e0-f6802901db84, command=[]} | ret=SUCCESS |  
2019-09-20 10:24:15,357 [pool-71-thread-1] INFO  server.RaftServerConfigKeys (ConfUtils.java:logGet(43)) - raft.server.rpc.timeout.min = 1s (custom)
2019-09-20 10:24:15,358 [pool-71-thread-1] INFO  server.RaftServerConfigKeys (ConfUtils.java:logGet(43)) - raft.server.rpc.timeout.max = 1200ms (custom)
2019-09-20 10:24:15,358 [pool-71-thread-1] INFO  server.RaftServerConfigKeys (ConfUtils.java:logGet(43)) - raft.server.rpcslowness.timeout = 120s (custom)
2019-09-20 10:24:15,358 [pool-71-thread-1] INFO  server.RaftServerConfigKeys (ConfUtils.java:logGet(43)) - raft.server.sleep.deviation.threshold = 300 (default)
2019-09-20 10:24:15,358 [pool-71-thread-1] INFO  server.RaftServerConfigKeys (ConfUtils.java:logGet(43)) - raft.server.log.appender.install.snapshot.enabled = false (custom)
2019-09-20 10:24:15,358 [pool-71-thread-1] INFO  impl.RaftServerImpl (ServerState.java:<init>(105)) - 4d972e91-cb6b-45de-8bd2-c18af7abe58b:group-9AED31A5F304 ConfigurationManager, init=-1: [4d972e91-cb6b-45de-8bd2-c18af7abe58b:192.168.36.99:46114], old=null, confs=<EMPTY_MAP>
2019-09-20 10:24:15,359 [pool-71-thread-1] INFO  server.RaftServerConfigKeys (ConfUtils.java:logGet(43)) - raft.server.storage.dir = [/workdir/hadoop-ozone/integration-test/target/test-dir/MiniOzoneClusterImpl-7bc36abf-c66f-431a-931d-8c1e5526238d/datanode-4/data/ratis] (custom)
2019-09-20 10:24:15,359 [pool-71-thread-1] INFO  storage.RaftStorageDirectory (RaftStorageDirectory.java:analyzeStorage(246)) - The storage directory /workdir/hadoop-ozone/integration-test/target/test-dir/MiniOzoneClusterImpl-7bc36abf-c66f-431a-931d-8c1e5526238d/datanode-4/data/ratis/fea735f0-a895-4bc5-9bde-9aed31a5f304 does not exist. Creating ...
2019-09-20 10:24:15,380 [pool-71-thread-1] INFO  storage.RaftStorageDirectory (RaftStorageDirectory.java:tryLock(328)) - Lock on /workdir/hadoop-ozone/integration-test/target/test-dir/MiniOzoneClusterImpl-7bc36abf-c66f-431a-931d-8c1e5526238d/datanode-4/data/ratis/fea735f0-a895-4bc5-9bde-9aed31a5f304/in_use.lock acquired by nodename 28506@pr-hdds-1569-p5fx8-1226042367
2019-09-20 10:24:15,397 [pool-71-thread-1] INFO  storage.RaftStorage (RaftStorage.java:format(72)) - Storage directory /workdir/hadoop-ozone/integration-test/target/test-dir/MiniOzoneClusterImpl-7bc36abf-c66f-431a-931d-8c1e5526238d/datanode-4/data/ratis/fea735f0-a895-4bc5-9bde-9aed31a5f304 has been successfully formatted.
2019-09-20 10:24:15,397 [pool-71-thread-1] INFO  ratis.ContainerStateMachine (ContainerStateMachine.java:loadSnapshot(226)) - group-9AED31A5F304: The snapshot info is null. Setting the last applied indexto:(t:0, i:~)
2019-09-20 10:24:15,398 [pool-71-thread-1] INFO  server.RaftServerConfigKeys (ConfUtils.java:logGet(43)) - raft.server.leader.election.timeout = 120s (custom)
2019-09-20 10:24:15,398 [pool-71-thread-1] INFO  server.RaftServerConfigKeys (ConfUtils.java:logGet(43)) - raft.server.log.use.memory = false (default)
2019-09-20 10:24:15,398 [pool-71-thread-1] INFO  server.RaftServerConfigKeys (ConfUtils.java:logGet(43)) - raft.server.log.purge.gap = 1000000 (custom)
2019-09-20 10:24:15,398 [pool-71-thread-1] INFO  server.RaftServerConfigKeys (ConfUtils.java:logGet(43)) - raft.server.log.appender.buffer.byte-limit = 33554432 (custom)
2019-09-20 10:24:15,398 [pool-71-thread-1] INFO  server.RaftServerConfigKeys (ConfUtils.java:logGet(43)) - raft.server.log.segment.size.max = 1048576 (custom)
2019-09-20 10:24:15,399 [pool-71-thread-1] INFO  server.RaftServerConfigKeys (ConfUtils.java:logGet(43)) - raft.server.log.segment.cache.num.max = 2 (custom)
2019-09-20 10:24:15,399 [pool-71-thread-1] INFO  segmented.SegmentedRaftLogWorker (SegmentedRaftLogWorker.java:<init>(172)) - new 4d972e91-cb6b-45de-8bd2-c18af7abe58b-SegmentedRaftLogWorker:Storage Directory /workdir/hadoop-ozone/integration-test/target/test-dir/MiniOzoneClusterImpl-7bc36abf-c66f-431a-931d-8c1e5526238d/datanode-4/data/ratis/fea735f0-a895-4bc5-9bde-9aed31a5f304 for RaftStorage:Storage Directory /workdir/hadoop-ozone/integration-test/target/test-dir/MiniOzoneClusterImpl-7bc36abf-c66f-431a-931d-8c1e5526238d/datanode-4/data/ratis/fea735f0-a895-4bc5-9bde-9aed31a5f304
2019-09-20 10:24:15,399 [pool-71-thread-1] INFO  server.RaftServerConfigKeys (ConfUtils.java:logGet(43)) - raft.server.log.queue.byte-limit = 2147483647 (custom)
2019-09-20 10:24:15,399 [pool-71-thread-1] INFO  server.RaftServerConfigKeys (ConfUtils.java:logGet(43)) - raft.server.log.queue.element-limit = 1024 (custom)
2019-09-20 10:24:15,399 [pool-71-thread-1] INFO  server.RaftServerConfigKeys (ConfUtils.java:logGet(43)) - raft.server.log.segment.size.max = 1048576 (custom)
2019-09-20 10:24:15,400 [pool-71-thread-1] INFO  server.RaftServerConfigKeys (ConfUtils.java:logGet(43)) - raft.server.log.preallocated.size = 16384 (custom)
2019-09-20 10:24:15,400 [pool-71-thread-1] INFO  server.RaftServerConfigKeys (ConfUtils.java:logGet(43)) - raft.server.log.write.buffer.size = 33554432 (custom)
2019-09-20 10:24:15,400 [pool-71-thread-1] INFO  server.RaftServerConfigKeys (ConfUtils.java:logGet(43)) - raft.server.log.force.sync.num = 128 (default)
2019-09-20 10:24:15,400 [pool-71-thread-1] INFO  server.RaftServerConfigKeys (ConfUtils.java:logGet(43)) - raft.server.log.statemachine.data.sync = true (default)
2019-09-20 10:24:15,400 [pool-71-thread-1] INFO  server.RaftServerConfigKeys (ConfUtils.java:logGet(43)) - raft.server.log.statemachine.data.sync.timeout = 10s (default)
2019-09-20 10:24:15,401 [pool-71-thread-1] INFO  server.RaftServerConfigKeys (ConfUtils.java:logGet(43)) - raft.server.log.statemachine.data.sync.timeout.retry = -1 (default)
2019-09-20 10:24:15,401 [pool-71-thread-1] INFO  server.RaftServerConfigKeys (ConfUtils.java:logGet(43)) - raft.server.log.statemachine.data.caching.enabled = true (custom)
2019-09-20 10:24:15,401 [pool-71-thread-1] INFO  segmented.SegmentedRaftLogWorker (SegmentedRaftLogWorker.java:lambda$new$0(132)) - 4d972e91-cb6b-45de-8bd2-c18af7abe58b-SegmentedRaftLogWorker:Storage Directory /workdir/hadoop-ozone/integration-test/target/test-dir/MiniOzoneClusterImpl-7bc36abf-c66f-431a-931d-8c1e5526238d/datanode-4/data/ratis/fea735f0-a895-4bc5-9bde-9aed31a5f304: flushIndex: setUnconditionally 0 -> -1
2019-09-20 10:24:15,402 [pool-71-thread-1] INFO  server.RaftServerConfigKeys (ConfUtils.java:logGet(43)) - raft.server.snapshot.auto.trigger.enabled = true (custom)
2019-09-20 10:24:15,402 [pool-71-thread-1] INFO  server.RaftServerConfigKeys (ConfUtils.java:logGet(43)) - raft.server.snapshot.auto.trigger.threshold = 10000 (custom)
2019-09-20 10:24:15,402 [pool-71-thread-1] INFO  server.RaftServerConfigKeys (ConfUtils.java:logGet(43)) - raft.server.retrycache.expirytime = 600000ms (custom)
2019-09-20 10:24:15,402 [pool-71-thread-1] INFO  impl.RaftServerImpl (RaftServerImpl.java:start(180)) - 4d972e91-cb6b-45de-8bd2-c18af7abe58b: start group-9AED31A5F304
2019-09-20 10:24:15,403 [pool-71-thread-1] INFO  impl.RaftServerImpl (RaftServerImpl.java:setRole(171)) - 4d972e91-cb6b-45de-8bd2-c18af7abe58b:group-9AED31A5F304 changes role from null to FOLLOWER at term 0 for startAsFollower
2019-09-20 10:24:15,403 [pool-71-thread-1] INFO  impl.RoleInfo (RoleInfo.java:updateAndGet(143)) - 4d972e91-cb6b-45de-8bd2-c18af7abe58b: start FollowerState
2019-09-20 10:24:15,403 [pool-71-thread-1] INFO  util.JmxRegister (JmxRegister.java:tryRegister(44)) - Successfully registered JMX Bean with object name Ratis:service=RaftServer,group=group-9AED31A5F304,id=4d972e91-cb6b-45de-8bd2-c18af7abe58b
2019-09-20 10:24:15,409 [RatisPipelineUtilsThread] INFO  pipeline.PipelineStateManager (PipelineStateManager.java:addPipeline(56)) - Created pipeline Pipeline[ Id: fea735f0-a895-4bc5-9bde-9aed31a5f304, Nodes: 4d972e91-cb6b-45de-8bd2-c18af7abe58b{ip: 192.168.36.99, host: pr-hdds-1569-p5fx8-1226042367, networkLocation: /default-rack, certSerialId: null}, Type:RATIS, Factor:ONE, State:OPEN]
2019-09-20 10:24:15,410 [RatisPipelineUtilsThread] INFO  pipeline.PipelinePlacementPolicy (PipelinePlacementPolicy.java:meetCriteria(91)) - Pipeline Placement: Doesn't meet the criteria to be viable node： 17e2ba94-38a1-40e7-84e0-f6802901db84 Heaviness: 6 limit: 5
2019-09-20 10:24:15,410 [RatisPipelineUtilsThread] INFO  pipeline.PipelinePlacementPolicy (PipelinePlacementPolicy.java:meetCriteria(91)) - Pipeline Placement: Doesn't meet the criteria to be viable node： 3d6f3241-e73c-473a-ad0b-c7be2f7e1dda Heaviness: 6 limit: 5
2019-09-20 10:24:15,410 [RatisPipelineUtilsThread] INFO  pipeline.PipelinePlacementPolicy (PipelinePlacementPolicy.java:meetCriteria(91)) - Pipeline Placement: Doesn't meet the criteria to be viable node： c3e532f8-1a8e-44f3-b56b-d765aee893af Heaviness: 6 limit: 5
2019-09-20 10:24:15,410 [RatisPipelineUtilsThread] INFO  pipeline.PipelinePlacementPolicy (PipelinePlacementPolicy.java:meetCriteria(91)) - Pipeline Placement: Doesn't meet the criteria to be viable node： 4d972e91-cb6b-45de-8bd2-c18af7abe58b Heaviness: 6 limit: 5
2019-09-20 10:24:15,410 [RatisPipelineUtilsThread] INFO  pipeline.PipelinePlacementPolicy (PipelinePlacementPolicy.java:meetCriteria(91)) - Pipeline Placement: Doesn't meet the criteria to be viable node： 66416d0b-a71c-4af1-ae3a-62ca63b880a3 Heaviness: 6 limit: 5
2019-09-20 10:24:15,424 [grpc-default-executor-0] INFO  impl.RaftServerProxy (RaftServerProxy.java:addNew(89)) - 7af711bd-b5ae-4a73-a8be-b970cae6c2d1: addNew group-3870C8569AFA:[7af711bd-b5ae-4a73-a8be-b970cae6c2d1:192.168.36.99:39953] returns group-3870C8569AFA:java.util.concurrent.CompletableFuture@214e5de0[Not completed]
2019-09-20 10:24:15,431 [pool-93-thread-1] INFO  impl.RaftServerImpl (RaftServerImpl.java:<init>(93)) - 7af711bd-b5ae-4a73-a8be-b970cae6c2d1: new RaftServerImpl for group-3870C8569AFA:[7af711bd-b5ae-4a73-a8be-b970cae6c2d1:192.168.36.99:39953] with ContainerStateMachine:uninitialized
2019-09-20 10:24:15,431 [pool-93-thread-1] INFO  server.RaftServerConfigKeys (ConfUtils.java:logGet(43)) - raft.server.rpc.timeout.min = 1s (custom)
2019-09-20 10:24:15,431 [pool-93-thread-1] INFO  server.RaftServerConfigKeys (ConfUtils.java:logGet(43)) - raft.server.rpc.timeout.max = 1200ms (custom)
2019-09-20 10:24:15,431 [pool-93-thread-1] INFO  server.RaftServerConfigKeys (ConfUtils.java:logGet(43)) - raft.server.rpcslowness.timeout = 120s (custom)
2019-09-20 10:24:15,431 [pool-93-thread-1] INFO  server.RaftServerConfigKeys (ConfUtils.java:logGet(43)) - raft.server.sleep.deviation.threshold = 300 (default)
2019-09-20 10:24:15,432 [pool-93-thread-1] INFO  server.RaftServerConfigKeys (ConfUtils.java:logGet(43)) - raft.server.log.appender.install.snapshot.enabled = false (custom)
2019-09-20 10:24:15,432 [pool-93-thread-1] INFO  impl.RaftServerImpl (ServerState.java:<init>(105)) - 7af711bd-b5ae-4a73-a8be-b970cae6c2d1:group-3870C8569AFA ConfigurationManager, init=-1: [7af711bd-b5ae-4a73-a8be-b970cae6c2d1:192.168.36.99:39953], old=null, confs=<EMPTY_MAP>
2019-09-20 10:24:15,432 [Thread-341] INFO  impl.FollowerState (FollowerState.java:run(106)) - 4d972e91-cb6b-45de-8bd2-c18af7abe58b:group-AF3980697FC7 changes to CANDIDATE, lastRpcTime:1050, electionTimeout:1050ms
2019-09-20 10:24:15,432 [Thread-341] INFO  impl.RoleInfo (RoleInfo.java:shutdownFollowerState(121)) - 4d972e91-cb6b-45de-8bd2-c18af7abe58b: shutdown FollowerState
2019-09-20 10:24:15,432 [pool-93-thread-1] INFO  server.RaftServerConfigKeys (ConfUtils.java:logGet(43)) - raft.server.storage.dir = [/workdir/hadoop-ozone/integration-test/target/test-dir/MiniOzoneClusterImpl-7bc36abf-c66f-431a-931d-8c1e5526238d/datanode-6/data/ratis] (custom)
2019-09-20 10:24:15,432 [Thread-341] INFO  impl.RaftServerImpl (RaftServerImpl.java:setRole(171)) - 4d972e91-cb6b-45de-8bd2-c18af7abe58b:group-AF3980697FC7 changes role from FOLLOWER to CANDIDATE at term 0 for changeToCandidate
2019-09-20 10:24:15,433 [Thread-341] INFO  impl.RoleInfo (RoleInfo.java:updateAndGet(143)) - 4d972e91-cb6b-45de-8bd2-c18af7abe58b: start LeaderElection
2019-09-20 10:24:15,433 [pool-93-thread-1] INFO  storage.RaftStorageDirectory (RaftStorageDirectory.java:analyzeStorage(246)) - The storage directory /workdir/hadoop-ozone/integration-test/target/test-dir/MiniOzoneClusterImpl-7bc36abf-c66f-431a-931d-8c1e5526238d/datanode-6/data/ratis/59fea76e-82e4-4ec3-ad68-3870c8569afa does not exist. Creating ...
2019-09-20 10:24:15,464 [pool-93-thread-1] INFO  storage.RaftStorageDirectory (RaftStorageDirectory.java:tryLock(328)) - Lock on /workdir/hadoop-ozone/integration-test/target/test-dir/MiniOzoneClusterImpl-7bc36abf-c66f-431a-931d-8c1e5526238d/datanode-6/data/ratis/59fea76e-82e4-4ec3-ad68-3870c8569afa/in_use.lock acquired by nodename 28506@pr-hdds-1569-p5fx8-1226042367
2019-09-20 10:24:15,464 [4d972e91-cb6b-45de-8bd2-c18af7abe58b:group-AF3980697FC7:LeaderElection23] INFO  impl.LeaderElection (LeaderElection.java:askForVotes(181)) - 4d972e91-cb6b-45de-8bd2-c18af7abe58b:group-AF3980697FC7:LeaderElection23: begin an election at term 1 for -1: [4d972e91-cb6b-45de-8bd2-c18af7abe58b:192.168.36.99:46114], old=null
2019-09-20 10:24:15,465 [4d972e91-cb6b-45de-8bd2-c18af7abe58b:group-AF3980697FC7:LeaderElection23] INFO  impl.RoleInfo (RoleInfo.java:shutdownLeaderElection(134)) - 4d972e91-cb6b-45de-8bd2-c18af7abe58b: shutdown LeaderElection
2019-09-20 10:24:15,465 [4d972e91-cb6b-45de-8bd2-c18af7abe58b:group-AF3980697FC7:LeaderElection23] INFO  impl.RaftServerImpl (RaftServerImpl.java:setRole(171)) - 4d972e91-cb6b-45de-8bd2-c18af7abe58b:group-AF3980697FC7 changes role from CANDIDATE to LEADER at term 1 for changeToLeader
2019-09-20 10:24:15,465 [4d972e91-cb6b-45de-8bd2-c18af7abe58b:group-AF3980697FC7:LeaderElection23] INFO  impl.RaftServerImpl (ServerState.java:setLeader(263)) - 4d972e91-cb6b-45de-8bd2-c18af7abe58b:group-AF3980697FC7 change Leader from null to 4d972e91-cb6b-45de-8bd2-c18af7abe58b at term 1 for becomeLeader, leader elected after 1095ms
2019-09-20 10:24:15,465 [4d972e91-cb6b-45de-8bd2-c18af7abe58b:group-AF3980697FC7:LeaderElection23] INFO  server.RaftServerConfigKeys (ConfUtils.java:logGet(43)) - raft.server.staging.catchup.gap = 1000 (default)
2019-09-20 10:24:15,465 [4d972e91-cb6b-45de-8bd2-c18af7abe58b:group-AF3980697FC7:LeaderElection23] INFO  server.RaftServerConfigKeys (ConfUtils.java:logGet(43)) - raft.server.rpc.sleep.time = 25ms (default)
2019-09-20 10:24:15,466 [4d972e91-cb6b-45de-8bd2-c18af7abe58b:group-AF3980697FC7:LeaderElection23] INFO  server.RaftServerConfigKeys (ConfUtils.java:logGet(43)) - raft.server.write.element-limit = 4096 (default)
2019-09-20 10:24:15,466 [4d972e91-cb6b-45de-8bd2-c18af7abe58b:group-AF3980697FC7:LeaderElection23] INFO  server.RaftServerConfigKeys (ConfUtils.java:logGet(43)) - raft.server.watch.timeout = 10s (default)
2019-09-20 10:24:15,466 [4d972e91-cb6b-45de-8bd2-c18af7abe58b:group-AF3980697FC7:LeaderElection23] INFO  server.RaftServerConfigKeys (ConfUtils.java:logGet(43)) - raft.server.watch.timeout.denomination = 1s (default)
2019-09-20 10:24:15,466 [4d972e91-cb6b-45de-8bd2-c18af7abe58b:group-AF3980697FC7:LeaderElection23] INFO  server.RaftServerConfigKeys (ConfUtils.java:logGet(43)) - raft.server.watch.element-limit = 65536 (default)
2019-09-20 10:24:15,466 [4d972e91-cb6b-45de-8bd2-c18af7abe58b:group-AF3980697FC7:LeaderElection23] INFO  impl.RoleInfo (RoleInfo.java:updateAndGet(143)) - 4d972e91-cb6b-45de-8bd2-c18af7abe58b: start LeaderState
2019-09-20 10:24:15,467 [4d972e91-cb6b-45de-8bd2-c18af7abe58b:group-AF3980697FC7:LeaderElection23] INFO  segmented.SegmentedRaftLogWorker (SegmentedRaftLogWorker.java:startLogSegment(380)) - 4d972e91-cb6b-45de-8bd2-c18af7abe58b-SegmentedRaftLogWorker:Storage Directory /workdir/hadoop-ozone/integration-test/target/test-dir/MiniOzoneClusterImpl-7bc36abf-c66f-431a-931d-8c1e5526238d/datanode-4/data/ratis/facb6899-8d65-46f5-8818-af3980697fc7: Starting segment from index:0
2019-09-20 10:24:15,467 [4d972e91-cb6b-45de-8bd2-c18af7abe58b:group-AF3980697FC7:LeaderElection23] INFO  impl.RaftServerImpl (ServerState.java:setRaftConf(361)) - 4d972e91-cb6b-45de-8bd2-c18af7abe58b:group-AF3980697FC7 set configuration 0: [4d972e91-cb6b-45de-8bd2-c18af7abe58b:192.168.36.99:46114], old=null at 0
2019-09-20 10:24:15,515 [pool-93-thread-1] INFO  storage.RaftStorage (RaftStorage.java:format(72)) - Storage directory /workdir/hadoop-ozone/integration-test/target/test-dir/MiniOzoneClusterImpl-7bc36abf-c66f-431a-931d-8c1e5526238d/datanode-6/data/ratis/59fea76e-82e4-4ec3-ad68-3870c8569afa has been successfully formatted.
2019-09-20 10:24:15,515 [pool-93-thread-1] INFO  ratis.ContainerStateMachine (ContainerStateMachine.java:loadSnapshot(226)) - group-3870C8569AFA: The snapshot info is null. Setting the last applied indexto:(t:0, i:~)
2019-09-20 10:24:15,516 [pool-93-thread-1] INFO  server.RaftServerConfigKeys (ConfUtils.java:logGet(43)) - raft.server.leader.election.timeout = 120s (custom)
2019-09-20 10:24:15,516 [pool-93-thread-1] INFO  server.RaftServerConfigKeys (ConfUtils.java:logGet(43)) - raft.server.log.use.memory = false (default)
2019-09-20 10:24:15,516 [pool-93-thread-1] INFO  server.RaftServerConfigKeys (ConfUtils.java:logGet(43)) - raft.server.log.purge.gap = 1000000 (custom)
2019-09-20 10:24:15,516 [pool-93-thread-1] INFO  server.RaftServerConfigKeys (ConfUtils.java:logGet(43)) - raft.server.log.appender.buffer.byte-limit = 33554432 (custom)
2019-09-20 10:24:15,517 [pool-93-thread-1] INFO  server.RaftServerConfigKeys (ConfUtils.java:logGet(43)) - raft.server.log.segment.size.max = 1048576 (custom)
2019-09-20 10:24:15,517 [pool-93-thread-1] INFO  server.RaftServerConfigKeys (ConfUtils.java:logGet(43)) - raft.server.log.segment.cache.num.max = 2 (custom)
2019-09-20 10:24:15,517 [pool-93-thread-1] INFO  segmented.SegmentedRaftLogWorker (SegmentedRaftLogWorker.java:<init>(172)) - new 7af711bd-b5ae-4a73-a8be-b970cae6c2d1-SegmentedRaftLogWorker:Storage Directory /workdir/hadoop-ozone/integration-test/target/test-dir/MiniOzoneClusterImpl-7bc36abf-c66f-431a-931d-8c1e5526238d/datanode-6/data/ratis/59fea76e-82e4-4ec3-ad68-3870c8569afa for RaftStorage:Storage Directory /workdir/hadoop-ozone/integration-test/target/test-dir/MiniOzoneClusterImpl-7bc36abf-c66f-431a-931d-8c1e5526238d/datanode-6/data/ratis/59fea76e-82e4-4ec3-ad68-3870c8569afa
2019-09-20 10:24:15,517 [pool-93-thread-1] INFO  server.RaftServerConfigKeys (ConfUtils.java:logGet(43)) - raft.server.log.queue.byte-limit = 2147483647 (custom)
2019-09-20 10:24:15,517 [pool-93-thread-1] INFO  server.RaftServerConfigKeys (ConfUtils.java:logGet(43)) - raft.server.log.queue.element-limit = 1024 (custom)
2019-09-20 10:24:15,518 [pool-93-thread-1] INFO  server.RaftServerConfigKeys (ConfUtils.java:logGet(43)) - raft.server.log.segment.size.max = 1048576 (custom)
2019-09-20 10:24:15,518 [pool-93-thread-1] INFO  server.RaftServerConfigKeys (ConfUtils.java:logGet(43)) - raft.server.log.preallocated.size = 16384 (custom)
2019-09-20 10:24:15,518 [pool-93-thread-1] INFO  server.RaftServerConfigKeys (ConfUtils.java:logGet(43)) - raft.server.log.write.buffer.size = 33554432 (custom)
2019-09-20 10:24:15,518 [pool-93-thread-1] INFO  server.RaftServerConfigKeys (ConfUtils.java:logGet(43)) - raft.server.log.force.sync.num = 128 (default)
2019-09-20 10:24:15,519 [pool-93-thread-1] INFO  server.RaftServerConfigKeys (ConfUtils.java:logGet(43)) - raft.server.log.statemachine.data.sync = true (default)
2019-09-20 10:24:15,519 [pool-93-thread-1] INFO  server.RaftServerConfigKeys (ConfUtils.java:logGet(43)) - raft.server.log.statemachine.data.sync.timeout = 10s (default)
2019-09-20 10:24:15,519 [pool-93-thread-1] INFO  server.RaftServerConfigKeys (ConfUtils.java:logGet(43)) - raft.server.log.statemachine.data.sync.timeout.retry = -1 (default)
2019-09-20 10:24:15,519 [pool-93-thread-1] INFO  server.RaftServerConfigKeys (ConfUtils.java:logGet(43)) - raft.server.log.statemachine.data.caching.enabled = true (custom)
2019-09-20 10:24:15,520 [pool-93-thread-1] INFO  segmented.SegmentedRaftLogWorker (SegmentedRaftLogWorker.java:lambda$new$0(132)) - 7af711bd-b5ae-4a73-a8be-b970cae6c2d1-SegmentedRaftLogWorker:Storage Directory /workdir/hadoop-ozone/integration-test/target/test-dir/MiniOzoneClusterImpl-7bc36abf-c66f-431a-931d-8c1e5526238d/datanode-6/data/ratis/59fea76e-82e4-4ec3-ad68-3870c8569afa: flushIndex: setUnconditionally 0 -> -1
2019-09-20 10:24:15,520 [pool-93-thread-1] INFO  server.RaftServerConfigKeys (ConfUtils.java:logGet(43)) - raft.server.snapshot.auto.trigger.enabled = true (custom)
2019-09-20 10:24:15,520 [pool-93-thread-1] INFO  server.RaftServerConfigKeys (ConfUtils.java:logGet(43)) - raft.server.snapshot.auto.trigger.threshold = 10000 (custom)
2019-09-20 10:24:15,521 [pool-93-thread-1] INFO  server.RaftServerConfigKeys (ConfUtils.java:logGet(43)) - raft.server.retrycache.expirytime = 600000ms (custom)
2019-09-20 10:24:15,521 [pool-93-thread-1] INFO  impl.RaftServerImpl (RaftServerImpl.java:start(180)) - 7af711bd-b5ae-4a73-a8be-b970cae6c2d1: start group-3870C8569AFA
2019-09-20 10:24:15,521 [pool-93-thread-1] INFO  impl.RaftServerImpl (RaftServerImpl.java:setRole(171)) - 7af711bd-b5ae-4a73-a8be-b970cae6c2d1:group-3870C8569AFA changes role from null to FOLLOWER at term 0 for startAsFollower
2019-09-20 10:24:15,521 [pool-93-thread-1] INFO  impl.RoleInfo (RoleInfo.java:updateAndGet(143)) - 7af711bd-b5ae-4a73-a8be-b970cae6c2d1: start FollowerState
2019-09-20 10:24:15,522 [pool-93-thread-1] INFO  util.JmxRegister (JmxRegister.java:tryRegister(44)) - Successfully registered JMX Bean with object name Ratis:service=RaftServer,group=group-3870C8569AFA,id=7af711bd-b5ae-4a73-a8be-b970cae6c2d1
2019-09-20 10:24:15,528 [RatisPipelineUtilsThread] INFO  pipeline.PipelineStateManager (PipelineStateManager.java:addPipeline(56)) - Created pipeline Pipeline[ Id: 59fea76e-82e4-4ec3-ad68-3870c8569afa, Nodes: 7af711bd-b5ae-4a73-a8be-b970cae6c2d1{ip: 192.168.36.99, host: pr-hdds-1569-p5fx8-1226042367, networkLocation: /default-rack, certSerialId: null}, Type:RATIS, Factor:ONE, State:OPEN]
2019-09-20 10:24:15,529 [RatisPipelineUtilsThread] INFO  pipeline.PipelinePlacementPolicy (PipelinePlacementPolicy.java:meetCriteria(91)) - Pipeline Placement: Doesn't meet the criteria to be viable node： 17e2ba94-38a1-40e7-84e0-f6802901db84 Heaviness: 6 limit: 5
2019-09-20 10:24:15,529 [RatisPipelineUtilsThread] INFO  pipeline.PipelinePlacementPolicy (PipelinePlacementPolicy.java:meetCriteria(91)) - Pipeline Placement: Doesn't meet the criteria to be viable node： 3d6f3241-e73c-473a-ad0b-c7be2f7e1dda Heaviness: 6 limit: 5
2019-09-20 10:24:15,529 [RatisPipelineUtilsThread] INFO  pipeline.PipelinePlacementPolicy (PipelinePlacementPolicy.java:meetCriteria(91)) - Pipeline Placement: Doesn't meet the criteria to be viable node： c3e532f8-1a8e-44f3-b56b-d765aee893af Heaviness: 6 limit: 5
2019-09-20 10:24:15,529 [RatisPipelineUtilsThread] INFO  pipeline.PipelinePlacementPolicy (PipelinePlacementPolicy.java:meetCriteria(91)) - Pipeline Placement: Doesn't meet the criteria to be viable node： 4d972e91-cb6b-45de-8bd2-c18af7abe58b Heaviness: 6 limit: 5
2019-09-20 10:24:15,529 [RatisPipelineUtilsThread] INFO  pipeline.PipelinePlacementPolicy (PipelinePlacementPolicy.java:meetCriteria(91)) - Pipeline Placement: Doesn't meet the criteria to be viable node： 66416d0b-a71c-4af1-ae3a-62ca63b880a3 Heaviness: 6 limit: 5
2019-09-20 10:24:15,533 [4d972e91-cb6b-45de-8bd2-c18af7abe58b-SegmentedRaftLogWorker:Storage Directory /workdir/hadoop-ozone/integration-test/target/test-dir/MiniOzoneClusterImpl-7bc36abf-c66f-431a-931d-8c1e5526238d/datanode-4/data/ratis/facb6899-8d65-46f5-8818-af3980697fc7] INFO  segmented.SegmentedRaftLogWorker (SegmentedRaftLogWorker.java:execute(569)) - 4d972e91-cb6b-45de-8bd2-c18af7abe58b-SegmentedRaftLogWorker:Storage Directory /workdir/hadoop-ozone/integration-test/target/test-dir/MiniOzoneClusterImpl-7bc36abf-c66f-431a-931d-8c1e5526238d/datanode-4/data/ratis/facb6899-8d65-46f5-8818-af3980697fc7: created new log segment /workdir/hadoop-ozone/integration-test/target/test-dir/MiniOzoneClusterImpl-7bc36abf-c66f-431a-931d-8c1e5526238d/datanode-4/data/ratis/facb6899-8d65-46f5-8818-af3980697fc7/current/log_inprogress_0
2019-09-20 10:24:15,539 [grpc-default-executor-0] INFO  impl.RaftServerProxy (RaftServerProxy.java:addNew(89)) - 1ab786b9-c79c-4265-88a1-5b3344c6beda: addNew group-A40B8986E6DE:[1ab786b9-c79c-4265-88a1-5b3344c6beda:192.168.36.99:42782] returns group-A40B8986E6DE:java.util.concurrent.CompletableFuture@28310507[Not completed]
2019-09-20 10:24:15,541 [pool-82-thread-1] INFO  impl.RaftServerImpl (RaftServerImpl.java:<init>(93)) - 1ab786b9-c79c-4265-88a1-5b3344c6beda: new RaftServerImpl for group-A40B8986E6DE:[1ab786b9-c79c-4265-88a1-5b3344c6beda:192.168.36.99:42782] with ContainerStateMachine:uninitialized
2019-09-20 10:24:15,542 [pool-82-thread-1] INFO  server.RaftServerConfigKeys (ConfUtils.java:logGet(43)) - raft.server.rpc.timeout.min = 1s (custom)
2019-09-20 10:24:15,542 [pool-82-thread-1] INFO  server.RaftServerConfigKeys (ConfUtils.java:logGet(43)) - raft.server.rpc.timeout.max = 1200ms (custom)
2019-09-20 10:24:15,542 [pool-82-thread-1] INFO  server.RaftServerConfigKeys (ConfUtils.java:logGet(43)) - raft.server.rpcslowness.timeout = 120s (custom)
2019-09-20 10:24:15,542 [pool-82-thread-1] INFO  server.RaftServerConfigKeys (ConfUtils.java:logGet(43)) - raft.server.sleep.deviation.threshold = 300 (default)
2019-09-20 10:24:15,543 [pool-82-thread-1] INFO  server.RaftServerConfigKeys (ConfUtils.java:logGet(43)) - raft.server.log.appender.install.snapshot.enabled = false (custom)
2019-09-20 10:24:15,543 [pool-82-thread-1] INFO  impl.RaftServerImpl (ServerState.java:<init>(105)) - 1ab786b9-c79c-4265-88a1-5b3344c6beda:group-A40B8986E6DE ConfigurationManager, init=-1: [1ab786b9-c79c-4265-88a1-5b3344c6beda:192.168.36.99:42782], old=null, confs=<EMPTY_MAP>
2019-09-20 10:24:15,543 [pool-82-thread-1] INFO  server.RaftServerConfigKeys (ConfUtils.java:logGet(43)) - raft.server.storage.dir = [/workdir/hadoop-ozone/integration-test/target/test-dir/MiniOzoneClusterImpl-7bc36abf-c66f-431a-931d-8c1e5526238d/datanode-5/data/ratis] (custom)
2019-09-20 10:24:15,544 [pool-82-thread-1] INFO  storage.RaftStorageDirectory (RaftStorageDirectory.java:analyzeStorage(246)) - The storage directory /workdir/hadoop-ozone/integration-test/target/test-dir/MiniOzoneClusterImpl-7bc36abf-c66f-431a-931d-8c1e5526238d/datanode-5/data/ratis/997b63b7-9f15-4563-a72b-a40b8986e6de does not exist. Creating ...
2019-09-20 10:24:15,582 [pool-82-thread-1] INFO  storage.RaftStorageDirectory (RaftStorageDirectory.java:tryLock(328)) - Lock on /workdir/hadoop-ozone/integration-test/target/test-dir/MiniOzoneClusterImpl-7bc36abf-c66f-431a-931d-8c1e5526238d/datanode-5/data/ratis/997b63b7-9f15-4563-a72b-a40b8986e6de/in_use.lock acquired by nodename 28506@pr-hdds-1569-p5fx8-1226042367
2019-09-20 10:24:15,591 | INFO  | SCMAudit | user=jenkins1000 | ip=192.168.36.99 | op=SEND_HEARTBEAT {datanodeUUID=1ab786b9-c79c-4265-88a1-5b3344c6beda, command=[]} | ret=SUCCESS |  
2019-09-20 10:24:15,599 [pool-82-thread-1] INFO  storage.RaftStorage (RaftStorage.java:format(72)) - Storage directory /workdir/hadoop-ozone/integration-test/target/test-dir/MiniOzoneClusterImpl-7bc36abf-c66f-431a-931d-8c1e5526238d/datanode-5/data/ratis/997b63b7-9f15-4563-a72b-a40b8986e6de has been successfully formatted.
2019-09-20 10:24:15,600 [pool-82-thread-1] INFO  ratis.ContainerStateMachine (ContainerStateMachine.java:loadSnapshot(226)) - group-A40B8986E6DE: The snapshot info is null. Setting the last applied indexto:(t:0, i:~)
2019-09-20 10:24:15,600 [pool-82-thread-1] INFO  server.RaftServerConfigKeys (ConfUtils.java:logGet(43)) - raft.server.leader.election.timeout = 120s (custom)
2019-09-20 10:24:15,600 [pool-82-thread-1] INFO  server.RaftServerConfigKeys (ConfUtils.java:logGet(43)) - raft.server.log.use.memory = false (default)
2019-09-20 10:24:15,600 [pool-82-thread-1] INFO  server.RaftServerConfigKeys (ConfUtils.java:logGet(43)) - raft.server.log.purge.gap = 1000000 (custom)
2019-09-20 10:24:15,600 [pool-82-thread-1] INFO  server.RaftServerConfigKeys (ConfUtils.java:logGet(43)) - raft.server.log.appender.buffer.byte-limit = 33554432 (custom)
2019-09-20 10:24:15,601 [pool-82-thread-1] INFO  server.RaftServerConfigKeys (ConfUtils.java:logGet(43)) - raft.server.log.segment.size.max = 1048576 (custom)
2019-09-20 10:24:15,601 [pool-82-thread-1] INFO  server.RaftServerConfigKeys (ConfUtils.java:logGet(43)) - raft.server.log.segment.cache.num.max = 2 (custom)
2019-09-20 10:24:15,601 [pool-82-thread-1] INFO  segmented.SegmentedRaftLogWorker (SegmentedRaftLogWorker.java:<init>(172)) - new 1ab786b9-c79c-4265-88a1-5b3344c6beda-SegmentedRaftLogWorker:Storage Directory /workdir/hadoop-ozone/integration-test/target/test-dir/MiniOzoneClusterImpl-7bc36abf-c66f-431a-931d-8c1e5526238d/datanode-5/data/ratis/997b63b7-9f15-4563-a72b-a40b8986e6de for RaftStorage:Storage Directory /workdir/hadoop-ozone/integration-test/target/test-dir/MiniOzoneClusterImpl-7bc36abf-c66f-431a-931d-8c1e5526238d/datanode-5/data/ratis/997b63b7-9f15-4563-a72b-a40b8986e6de
2019-09-20 10:24:15,601 [pool-82-thread-1] INFO  server.RaftServerConfigKeys (ConfUtils.java:logGet(43)) - raft.server.log.queue.byte-limit = 2147483647 (custom)
2019-09-20 10:24:15,601 [pool-82-thread-1] INFO  server.RaftServerConfigKeys (ConfUtils.java:logGet(43)) - raft.server.log.queue.element-limit = 1024 (custom)
2019-09-20 10:24:15,601 [pool-82-thread-1] INFO  server.RaftServerConfigKeys (ConfUtils.java:logGet(43)) - raft.server.log.segment.size.max = 1048576 (custom)
2019-09-20 10:24:15,602 [pool-82-thread-1] INFO  server.RaftServerConfigKeys (ConfUtils.java:logGet(43)) - raft.server.log.preallocated.size = 16384 (custom)
2019-09-20 10:24:15,602 [pool-82-thread-1] INFO  server.RaftServerConfigKeys (ConfUtils.java:logGet(43)) - raft.server.log.write.buffer.size = 33554432 (custom)
2019-09-20 10:24:15,602 [pool-82-thread-1] INFO  server.RaftServerConfigKeys (ConfUtils.java:logGet(43)) - raft.server.log.force.sync.num = 128 (default)
2019-09-20 10:24:15,602 [pool-82-thread-1] INFO  server.RaftServerConfigKeys (ConfUtils.java:logGet(43)) - raft.server.log.statemachine.data.sync = true (default)
2019-09-20 10:24:15,602 [pool-82-thread-1] INFO  server.RaftServerConfigKeys (ConfUtils.java:logGet(43)) - raft.server.log.statemachine.data.sync.timeout = 10s (default)
2019-09-20 10:24:15,602 [pool-82-thread-1] INFO  server.RaftServerConfigKeys (ConfUtils.java:logGet(43)) - raft.server.log.statemachine.data.sync.timeout.retry = -1 (default)
2019-09-20 10:24:15,602 [pool-82-thread-1] INFO  server.RaftServerConfigKeys (ConfUtils.java:logGet(43)) - raft.server.log.statemachine.data.caching.enabled = true (custom)
2019-09-20 10:24:15,603 [pool-82-thread-1] INFO  segmented.SegmentedRaftLogWorker (SegmentedRaftLogWorker.java:lambda$new$0(132)) - 1ab786b9-c79c-4265-88a1-5b3344c6beda-SegmentedRaftLogWorker:Storage Directory /workdir/hadoop-ozone/integration-test/target/test-dir/MiniOzoneClusterImpl-7bc36abf-c66f-431a-931d-8c1e5526238d/datanode-5/data/ratis/997b63b7-9f15-4563-a72b-a40b8986e6de: flushIndex: setUnconditionally 0 -> -1
2019-09-20 10:24:15,603 [pool-82-thread-1] INFO  server.RaftServerConfigKeys (ConfUtils.java:logGet(43)) - raft.server.snapshot.auto.trigger.enabled = true (custom)
2019-09-20 10:24:15,603 [pool-82-thread-1] INFO  server.RaftServerConfigKeys (ConfUtils.java:logGet(43)) - raft.server.snapshot.auto.trigger.threshold = 10000 (custom)
2019-09-20 10:24:15,604 [pool-82-thread-1] INFO  server.RaftServerConfigKeys (ConfUtils.java:logGet(43)) - raft.server.retrycache.expirytime = 600000ms (custom)
2019-09-20 10:24:15,604 [pool-82-thread-1] INFO  impl.RaftServerImpl (RaftServerImpl.java:start(180)) - 1ab786b9-c79c-4265-88a1-5b3344c6beda: start group-A40B8986E6DE
2019-09-20 10:24:15,604 [pool-82-thread-1] INFO  impl.RaftServerImpl (RaftServerImpl.java:setRole(171)) - 1ab786b9-c79c-4265-88a1-5b3344c6beda:group-A40B8986E6DE changes role from null to FOLLOWER at term 0 for startAsFollower
2019-09-20 10:24:15,604 [pool-82-thread-1] INFO  impl.RoleInfo (RoleInfo.java:updateAndGet(143)) - 1ab786b9-c79c-4265-88a1-5b3344c6beda: start FollowerState
2019-09-20 10:24:15,605 [pool-82-thread-1] INFO  util.JmxRegister (JmxRegister.java:tryRegister(44)) - Successfully registered JMX Bean with object name Ratis:service=RaftServer,group=group-A40B8986E6DE,id=1ab786b9-c79c-4265-88a1-5b3344c6beda
2019-09-20 10:24:15,610 [Thread-345] INFO  impl.FollowerState (FollowerState.java:run(106)) - 66416d0b-a71c-4af1-ae3a-62ca63b880a3:group-392D10F8B0C5 changes to CANDIDATE, lastRpcTime:1074, electionTimeout:1074ms
2019-09-20 10:24:15,610 [Thread-345] INFO  impl.RoleInfo (RoleInfo.java:shutdownFollowerState(121)) - 66416d0b-a71c-4af1-ae3a-62ca63b880a3: shutdown FollowerState
2019-09-20 10:24:15,611 [Thread-345] INFO  impl.RaftServerImpl (RaftServerImpl.java:setRole(171)) - 66416d0b-a71c-4af1-ae3a-62ca63b880a3:group-392D10F8B0C5 changes role from FOLLOWER to CANDIDATE at term 0 for changeToCandidate
2019-09-20 10:24:15,611 [RatisPipelineUtilsThread] INFO  pipeline.PipelineStateManager (PipelineStateManager.java:addPipeline(56)) - Created pipeline Pipeline[ Id: 997b63b7-9f15-4563-a72b-a40b8986e6de, Nodes: 1ab786b9-c79c-4265-88a1-5b3344c6beda{ip: 192.168.36.99, host: pr-hdds-1569-p5fx8-1226042367, networkLocation: /default-rack, certSerialId: null}, Type:RATIS, Factor:ONE, State:OPEN]
2019-09-20 10:24:15,611 [Thread-345] INFO  impl.RoleInfo (RoleInfo.java:updateAndGet(143)) - 66416d0b-a71c-4af1-ae3a-62ca63b880a3: start LeaderElection
2019-09-20 10:24:15,611 [RatisPipelineUtilsThread] INFO  pipeline.PipelinePlacementPolicy (PipelinePlacementPolicy.java:meetCriteria(91)) - Pipeline Placement: Doesn't meet the criteria to be viable node： 17e2ba94-38a1-40e7-84e0-f6802901db84 Heaviness: 6 limit: 5
2019-09-20 10:24:15,611 [RatisPipelineUtilsThread] INFO  pipeline.PipelinePlacementPolicy (PipelinePlacementPolicy.java:meetCriteria(91)) - Pipeline Placement: Doesn't meet the criteria to be viable node： 3d6f3241-e73c-473a-ad0b-c7be2f7e1dda Heaviness: 6 limit: 5
2019-09-20 10:24:15,614 [RatisPipelineUtilsThread] INFO  pipeline.PipelinePlacementPolicy (PipelinePlacementPolicy.java:meetCriteria(91)) - Pipeline Placement: Doesn't meet the criteria to be viable node： c3e532f8-1a8e-44f3-b56b-d765aee893af Heaviness: 6 limit: 5
2019-09-20 10:24:15,614 [RatisPipelineUtilsThread] INFO  pipeline.PipelinePlacementPolicy (PipelinePlacementPolicy.java:meetCriteria(91)) - Pipeline Placement: Doesn't meet the criteria to be viable node： 4d972e91-cb6b-45de-8bd2-c18af7abe58b Heaviness: 6 limit: 5
2019-09-20 10:24:15,614 [RatisPipelineUtilsThread] INFO  pipeline.PipelinePlacementPolicy (PipelinePlacementPolicy.java:meetCriteria(91)) - Pipeline Placement: Doesn't meet the criteria to be viable node： 66416d0b-a71c-4af1-ae3a-62ca63b880a3 Heaviness: 6 limit: 5
2019-09-20 10:24:15,625 [grpc-default-executor-0] INFO  impl.RaftServerProxy (RaftServerProxy.java:addNew(89)) - 1ab786b9-c79c-4265-88a1-5b3344c6beda: addNew group-FD6D0CC9037F:[1ab786b9-c79c-4265-88a1-5b3344c6beda:192.168.36.99:42782] returns group-FD6D0CC9037F:java.util.concurrent.CompletableFuture@3cbe3a2c[Not completed]
2019-09-20 10:24:15,627 [pool-82-thread-1] INFO  impl.RaftServerImpl (RaftServerImpl.java:<init>(93)) - 1ab786b9-c79c-4265-88a1-5b3344c6beda: new RaftServerImpl for group-FD6D0CC9037F:[1ab786b9-c79c-4265-88a1-5b3344c6beda:192.168.36.99:42782] with ContainerStateMachine:uninitialized
2019-09-20 10:24:15,627 [pool-82-thread-1] INFO  server.RaftServerConfigKeys (ConfUtils.java:logGet(43)) - raft.server.rpc.timeout.min = 1s (custom)
2019-09-20 10:24:15,627 [pool-82-thread-1] INFO  server.RaftServerConfigKeys (ConfUtils.java:logGet(43)) - raft.server.rpc.timeout.max = 1200ms (custom)
2019-09-20 10:24:15,628 [pool-82-thread-1] INFO  server.RaftServerConfigKeys (ConfUtils.java:logGet(43)) - raft.server.rpcslowness.timeout = 120s (custom)
2019-09-20 10:24:15,628 [pool-82-thread-1] INFO  server.RaftServerConfigKeys (ConfUtils.java:logGet(43)) - raft.server.sleep.deviation.threshold = 300 (default)
2019-09-20 10:24:15,628 [pool-82-thread-1] INFO  server.RaftServerConfigKeys (ConfUtils.java:logGet(43)) - raft.server.log.appender.install.snapshot.enabled = false (custom)
2019-09-20 10:24:15,628 [pool-82-thread-1] INFO  impl.RaftServerImpl (ServerState.java:<init>(105)) - 1ab786b9-c79c-4265-88a1-5b3344c6beda:group-FD6D0CC9037F ConfigurationManager, init=-1: [1ab786b9-c79c-4265-88a1-5b3344c6beda:192.168.36.99:42782], old=null, confs=<EMPTY_MAP>
2019-09-20 10:24:15,628 [pool-82-thread-1] INFO  server.RaftServerConfigKeys (ConfUtils.java:logGet(43)) - raft.server.storage.dir = [/workdir/hadoop-ozone/integration-test/target/test-dir/MiniOzoneClusterImpl-7bc36abf-c66f-431a-931d-8c1e5526238d/datanode-5/data/ratis] (custom)
2019-09-20 10:24:15,629 [pool-82-thread-1] INFO  storage.RaftStorageDirectory (RaftStorageDirectory.java:analyzeStorage(246)) - The storage directory /workdir/hadoop-ozone/integration-test/target/test-dir/MiniOzoneClusterImpl-7bc36abf-c66f-431a-931d-8c1e5526238d/datanode-5/data/ratis/658524bb-4309-462a-96d3-fd6d0cc9037f does not exist. Creating ...
2019-09-20 10:24:15,633 [66416d0b-a71c-4af1-ae3a-62ca63b880a3:group-392D10F8B0C5:LeaderElection24] INFO  impl.LeaderElection (LeaderElection.java:askForVotes(181)) - 66416d0b-a71c-4af1-ae3a-62ca63b880a3:group-392D10F8B0C5:LeaderElection24: begin an election at term 1 for -1: [66416d0b-a71c-4af1-ae3a-62ca63b880a3:192.168.36.99:43326], old=null
2019-09-20 10:24:15,633 [66416d0b-a71c-4af1-ae3a-62ca63b880a3:group-392D10F8B0C5:LeaderElection24] INFO  impl.RoleInfo (RoleInfo.java:shutdownLeaderElection(134)) - 66416d0b-a71c-4af1-ae3a-62ca63b880a3: shutdown LeaderElection
2019-09-20 10:24:15,633 [66416d0b-a71c-4af1-ae3a-62ca63b880a3:group-392D10F8B0C5:LeaderElection24] INFO  impl.RaftServerImpl (RaftServerImpl.java:setRole(171)) - 66416d0b-a71c-4af1-ae3a-62ca63b880a3:group-392D10F8B0C5 changes role from CANDIDATE to LEADER at term 1 for changeToLeader
2019-09-20 10:24:15,633 [66416d0b-a71c-4af1-ae3a-62ca63b880a3:group-392D10F8B0C5:LeaderElection24] INFO  impl.RaftServerImpl (ServerState.java:setLeader(263)) - 66416d0b-a71c-4af1-ae3a-62ca63b880a3:group-392D10F8B0C5 change Leader from null to 66416d0b-a71c-4af1-ae3a-62ca63b880a3 at term 1 for becomeLeader, leader elected after 1104ms
2019-09-20 10:24:15,634 [66416d0b-a71c-4af1-ae3a-62ca63b880a3:group-392D10F8B0C5:LeaderElection24] INFO  server.RaftServerConfigKeys (ConfUtils.java:logGet(43)) - raft.server.staging.catchup.gap = 1000 (default)
2019-09-20 10:24:15,634 [66416d0b-a71c-4af1-ae3a-62ca63b880a3:group-392D10F8B0C5:LeaderElection24] INFO  server.RaftServerConfigKeys (ConfUtils.java:logGet(43)) - raft.server.rpc.sleep.time = 25ms (default)
2019-09-20 10:24:15,634 [66416d0b-a71c-4af1-ae3a-62ca63b880a3:group-392D10F8B0C5:LeaderElection24] INFO  server.RaftServerConfigKeys (ConfUtils.java:logGet(43)) - raft.server.write.element-limit = 4096 (default)
2019-09-20 10:24:15,634 [66416d0b-a71c-4af1-ae3a-62ca63b880a3:group-392D10F8B0C5:LeaderElection24] INFO  server.RaftServerConfigKeys (ConfUtils.java:logGet(43)) - raft.server.watch.timeout = 10s (default)
2019-09-20 10:24:15,634 [66416d0b-a71c-4af1-ae3a-62ca63b880a3:group-392D10F8B0C5:LeaderElection24] INFO  server.RaftServerConfigKeys (ConfUtils.java:logGet(43)) - raft.server.watch.timeout.denomination = 1s (default)
2019-09-20 10:24:15,634 [66416d0b-a71c-4af1-ae3a-62ca63b880a3:group-392D10F8B0C5:LeaderElection24] INFO  server.RaftServerConfigKeys (ConfUtils.java:logGet(43)) - raft.server.watch.element-limit = 65536 (default)
2019-09-20 10:24:15,634 [66416d0b-a71c-4af1-ae3a-62ca63b880a3:group-392D10F8B0C5:LeaderElection24] INFO  impl.RoleInfo (RoleInfo.java:updateAndGet(143)) - 66416d0b-a71c-4af1-ae3a-62ca63b880a3: start LeaderState
2019-09-20 10:24:15,635 [66416d0b-a71c-4af1-ae3a-62ca63b880a3:group-392D10F8B0C5:LeaderElection24] INFO  segmented.SegmentedRaftLogWorker (SegmentedRaftLogWorker.java:startLogSegment(380)) - 66416d0b-a71c-4af1-ae3a-62ca63b880a3-SegmentedRaftLogWorker:Storage Directory /workdir/hadoop-ozone/integration-test/target/test-dir/MiniOzoneClusterImpl-7bc36abf-c66f-431a-931d-8c1e5526238d/datanode-2/data/ratis/431330a2-f79f-4833-acd7-392d10f8b0c5: Starting segment from index:0
2019-09-20 10:24:15,635 [66416d0b-a71c-4af1-ae3a-62ca63b880a3:group-392D10F8B0C5:LeaderElection24] INFO  impl.RaftServerImpl (ServerState.java:setRaftConf(361)) - 66416d0b-a71c-4af1-ae3a-62ca63b880a3:group-392D10F8B0C5 set configuration 0: [66416d0b-a71c-4af1-ae3a-62ca63b880a3:192.168.36.99:43326], old=null at 0
2019-09-20 10:24:15,674 [pool-82-thread-1] INFO  storage.RaftStorageDirectory (RaftStorageDirectory.java:tryLock(328)) - Lock on /workdir/hadoop-ozone/integration-test/target/test-dir/MiniOzoneClusterImpl-7bc36abf-c66f-431a-931d-8c1e5526238d/datanode-5/data/ratis/658524bb-4309-462a-96d3-fd6d0cc9037f/in_use.lock acquired by nodename 28506@pr-hdds-1569-p5fx8-1226042367
2019-09-20 10:24:15,676 | INFO  | SCMAudit | user=jenkins1000 | ip=192.168.36.99 | op=SEND_HEARTBEAT {datanodeUUID=3d6f3241-e73c-473a-ad0b-c7be2f7e1dda, command=[]} | ret=SUCCESS |  
2019-09-20 10:24:15,717 [66416d0b-a71c-4af1-ae3a-62ca63b880a3-SegmentedRaftLogWorker:Storage Directory /workdir/hadoop-ozone/integration-test/target/test-dir/MiniOzoneClusterImpl-7bc36abf-c66f-431a-931d-8c1e5526238d/datanode-2/data/ratis/431330a2-f79f-4833-acd7-392d10f8b0c5] INFO  segmented.SegmentedRaftLogWorker (SegmentedRaftLogWorker.java:execute(569)) - 66416d0b-a71c-4af1-ae3a-62ca63b880a3-SegmentedRaftLogWorker:Storage Directory /workdir/hadoop-ozone/integration-test/target/test-dir/MiniOzoneClusterImpl-7bc36abf-c66f-431a-931d-8c1e5526238d/datanode-2/data/ratis/431330a2-f79f-4833-acd7-392d10f8b0c5: created new log segment /workdir/hadoop-ozone/integration-test/target/test-dir/MiniOzoneClusterImpl-7bc36abf-c66f-431a-931d-8c1e5526238d/datanode-2/data/ratis/431330a2-f79f-4833-acd7-392d10f8b0c5/current/log_inprogress_0
2019-09-20 10:24:15,717 [pool-82-thread-1] INFO  storage.RaftStorage (RaftStorage.java:format(72)) - Storage directory /workdir/hadoop-ozone/integration-test/target/test-dir/MiniOzoneClusterImpl-7bc36abf-c66f-431a-931d-8c1e5526238d/datanode-5/data/ratis/658524bb-4309-462a-96d3-fd6d0cc9037f has been successfully formatted.
2019-09-20 10:24:15,718 [pool-82-thread-1] INFO  ratis.ContainerStateMachine (ContainerStateMachine.java:loadSnapshot(226)) - group-FD6D0CC9037F: The snapshot info is null. Setting the last applied indexto:(t:0, i:~)
2019-09-20 10:24:15,718 [pool-82-thread-1] INFO  server.RaftServerConfigKeys (ConfUtils.java:logGet(43)) - raft.server.leader.election.timeout = 120s (custom)
2019-09-20 10:24:15,719 [pool-82-thread-1] INFO  server.RaftServerConfigKeys (ConfUtils.java:logGet(43)) - raft.server.log.use.memory = false (default)
2019-09-20 10:24:15,719 [pool-82-thread-1] INFO  server.RaftServerConfigKeys (ConfUtils.java:logGet(43)) - raft.server.log.purge.gap = 1000000 (custom)
2019-09-20 10:24:15,719 [pool-82-thread-1] INFO  server.RaftServerConfigKeys (ConfUtils.java:logGet(43)) - raft.server.log.appender.buffer.byte-limit = 33554432 (custom)
2019-09-20 10:24:15,719 [pool-82-thread-1] INFO  server.RaftServerConfigKeys (ConfUtils.java:logGet(43)) - raft.server.log.segment.size.max = 1048576 (custom)
2019-09-20 10:24:15,719 [pool-82-thread-1] INFO  server.RaftServerConfigKeys (ConfUtils.java:logGet(43)) - raft.server.log.segment.cache.num.max = 2 (custom)
2019-09-20 10:24:15,720 [pool-82-thread-1] INFO  segmented.SegmentedRaftLogWorker (SegmentedRaftLogWorker.java:<init>(172)) - new 1ab786b9-c79c-4265-88a1-5b3344c6beda-SegmentedRaftLogWorker:Storage Directory /workdir/hadoop-ozone/integration-test/target/test-dir/MiniOzoneClusterImpl-7bc36abf-c66f-431a-931d-8c1e5526238d/datanode-5/data/ratis/658524bb-4309-462a-96d3-fd6d0cc9037f for RaftStorage:Storage Directory /workdir/hadoop-ozone/integration-test/target/test-dir/MiniOzoneClusterImpl-7bc36abf-c66f-431a-931d-8c1e5526238d/datanode-5/data/ratis/658524bb-4309-462a-96d3-fd6d0cc9037f
2019-09-20 10:24:15,720 [pool-82-thread-1] INFO  server.RaftServerConfigKeys (ConfUtils.java:logGet(43)) - raft.server.log.queue.byte-limit = 2147483647 (custom)
2019-09-20 10:24:15,720 [pool-82-thread-1] INFO  server.RaftServerConfigKeys (ConfUtils.java:logGet(43)) - raft.server.log.queue.element-limit = 1024 (custom)
2019-09-20 10:24:15,720 [pool-82-thread-1] INFO  server.RaftServerConfigKeys (ConfUtils.java:logGet(43)) - raft.server.log.segment.size.max = 1048576 (custom)
2019-09-20 10:24:15,720 [pool-82-thread-1] INFO  server.RaftServerConfigKeys (ConfUtils.java:logGet(43)) - raft.server.log.preallocated.size = 16384 (custom)
2019-09-20 10:24:15,720 [pool-82-thread-1] INFO  server.RaftServerConfigKeys (ConfUtils.java:logGet(43)) - raft.server.log.write.buffer.size = 33554432 (custom)
2019-09-20 10:24:15,721 [pool-82-thread-1] INFO  server.RaftServerConfigKeys (ConfUtils.java:logGet(43)) - raft.server.log.force.sync.num = 128 (default)
2019-09-20 10:24:15,721 [pool-82-thread-1] INFO  server.RaftServerConfigKeys (ConfUtils.java:logGet(43)) - raft.server.log.statemachine.data.sync = true (default)
2019-09-20 10:24:15,721 [pool-82-thread-1] INFO  server.RaftServerConfigKeys (ConfUtils.java:logGet(43)) - raft.server.log.statemachine.data.sync.timeout = 10s (default)
2019-09-20 10:24:15,721 [pool-82-thread-1] INFO  server.RaftServerConfigKeys (ConfUtils.java:logGet(43)) - raft.server.log.statemachine.data.sync.timeout.retry = -1 (default)
2019-09-20 10:24:15,721 [pool-82-thread-1] INFO  server.RaftServerConfigKeys (ConfUtils.java:logGet(43)) - raft.server.log.statemachine.data.caching.enabled = true (custom)
2019-09-20 10:24:15,722 [pool-82-thread-1] INFO  segmented.SegmentedRaftLogWorker (SegmentedRaftLogWorker.java:lambda$new$0(132)) - 1ab786b9-c79c-4265-88a1-5b3344c6beda-SegmentedRaftLogWorker:Storage Directory /workdir/hadoop-ozone/integration-test/target/test-dir/MiniOzoneClusterImpl-7bc36abf-c66f-431a-931d-8c1e5526238d/datanode-5/data/ratis/658524bb-4309-462a-96d3-fd6d0cc9037f: flushIndex: setUnconditionally 0 -> -1
2019-09-20 10:24:15,722 [pool-82-thread-1] INFO  server.RaftServerConfigKeys (ConfUtils.java:logGet(43)) - raft.server.snapshot.auto.trigger.enabled = true (custom)
2019-09-20 10:24:15,722 [pool-82-thread-1] INFO  server.RaftServerConfigKeys (ConfUtils.java:logGet(43)) - raft.server.snapshot.auto.trigger.threshold = 10000 (custom)
2019-09-20 10:24:15,723 [pool-82-thread-1] INFO  server.RaftServerConfigKeys (ConfUtils.java:logGet(43)) - raft.server.retrycache.expirytime = 600000ms (custom)
2019-09-20 10:24:15,723 [pool-82-thread-1] INFO  impl.RaftServerImpl (RaftServerImpl.java:start(180)) - 1ab786b9-c79c-4265-88a1-5b3344c6beda: start group-FD6D0CC9037F
2019-09-20 10:24:15,723 [pool-82-thread-1] INFO  impl.RaftServerImpl (RaftServerImpl.java:setRole(171)) - 1ab786b9-c79c-4265-88a1-5b3344c6beda:group-FD6D0CC9037F changes role from null to FOLLOWER at term 0 for startAsFollower
2019-09-20 10:24:15,723 [pool-82-thread-1] INFO  impl.RoleInfo (RoleInfo.java:updateAndGet(143)) - 1ab786b9-c79c-4265-88a1-5b3344c6beda: start FollowerState
2019-09-20 10:24:15,724 [pool-82-thread-1] INFO  util.JmxRegister (JmxRegister.java:tryRegister(44)) - Successfully registered JMX Bean with object name Ratis:service=RaftServer,group=group-FD6D0CC9037F,id=1ab786b9-c79c-4265-88a1-5b3344c6beda
2019-09-20 10:24:15,731 [RatisPipelineUtilsThread] INFO  pipeline.PipelineStateManager (PipelineStateManager.java:addPipeline(56)) - Created pipeline Pipeline[ Id: 658524bb-4309-462a-96d3-fd6d0cc9037f, Nodes: 1ab786b9-c79c-4265-88a1-5b3344c6beda{ip: 192.168.36.99, host: pr-hdds-1569-p5fx8-1226042367, networkLocation: /default-rack, certSerialId: null}, Type:RATIS, Factor:ONE, State:OPEN]
2019-09-20 10:24:15,731 [RatisPipelineUtilsThread] INFO  pipeline.PipelinePlacementPolicy (PipelinePlacementPolicy.java:meetCriteria(91)) - Pipeline Placement: Doesn't meet the criteria to be viable node： 17e2ba94-38a1-40e7-84e0-f6802901db84 Heaviness: 6 limit: 5
2019-09-20 10:24:15,731 [RatisPipelineUtilsThread] INFO  pipeline.PipelinePlacementPolicy (PipelinePlacementPolicy.java:meetCriteria(91)) - Pipeline Placement: Doesn't meet the criteria to be viable node： 3d6f3241-e73c-473a-ad0b-c7be2f7e1dda Heaviness: 6 limit: 5
2019-09-20 10:24:15,732 [RatisPipelineUtilsThread] INFO  pipeline.PipelinePlacementPolicy (PipelinePlacementPolicy.java:meetCriteria(91)) - Pipeline Placement: Doesn't meet the criteria to be viable node： c3e532f8-1a8e-44f3-b56b-d765aee893af Heaviness: 6 limit: 5
2019-09-20 10:24:15,732 [RatisPipelineUtilsThread] INFO  pipeline.PipelinePlacementPolicy (PipelinePlacementPolicy.java:meetCriteria(91)) - Pipeline Placement: Doesn't meet the criteria to be viable node： 4d972e91-cb6b-45de-8bd2-c18af7abe58b Heaviness: 6 limit: 5
2019-09-20 10:24:15,732 [RatisPipelineUtilsThread] INFO  pipeline.PipelinePlacementPolicy (PipelinePlacementPolicy.java:meetCriteria(91)) - Pipeline Placement: Doesn't meet the criteria to be viable node： 66416d0b-a71c-4af1-ae3a-62ca63b880a3 Heaviness: 6 limit: 5
2019-09-20 10:24:15,744 [grpc-default-executor-0] INFO  impl.RaftServerProxy (RaftServerProxy.java:addNew(89)) - 7af711bd-b5ae-4a73-a8be-b970cae6c2d1: addNew group-3803D37FD168:[7af711bd-b5ae-4a73-a8be-b970cae6c2d1:192.168.36.99:39953] returns group-3803D37FD168:java.util.concurrent.CompletableFuture@3b17b08a[Not completed]
2019-09-20 10:24:15,746 [pool-93-thread-1] INFO  impl.RaftServerImpl (RaftServerImpl.java:<init>(93)) - 7af711bd-b5ae-4a73-a8be-b970cae6c2d1: new RaftServerImpl for group-3803D37FD168:[7af711bd-b5ae-4a73-a8be-b970cae6c2d1:192.168.36.99:39953] with ContainerStateMachine:uninitialized
2019-09-20 10:24:15,746 [pool-93-thread-1] INFO  server.RaftServerConfigKeys (ConfUtils.java:logGet(43)) - raft.server.rpc.timeout.min = 1s (custom)
2019-09-20 10:24:15,746 [pool-93-thread-1] INFO  server.RaftServerConfigKeys (ConfUtils.java:logGet(43)) - raft.server.rpc.timeout.max = 1200ms (custom)
2019-09-20 10:24:15,746 [pool-93-thread-1] INFO  server.RaftServerConfigKeys (ConfUtils.java:logGet(43)) - raft.server.rpcslowness.timeout = 120s (custom)
2019-09-20 10:24:15,746 [pool-93-thread-1] INFO  server.RaftServerConfigKeys (ConfUtils.java:logGet(43)) - raft.server.sleep.deviation.threshold = 300 (default)
2019-09-20 10:24:15,746 [pool-93-thread-1] INFO  server.RaftServerConfigKeys (ConfUtils.java:logGet(43)) - raft.server.log.appender.install.snapshot.enabled = false (custom)
2019-09-20 10:24:15,747 [pool-93-thread-1] INFO  impl.RaftServerImpl (ServerState.java:<init>(105)) - 7af711bd-b5ae-4a73-a8be-b970cae6c2d1:group-3803D37FD168 ConfigurationManager, init=-1: [7af711bd-b5ae-4a73-a8be-b970cae6c2d1:192.168.36.99:39953], old=null, confs=<EMPTY_MAP>
2019-09-20 10:24:15,747 [pool-93-thread-1] INFO  server.RaftServerConfigKeys (ConfUtils.java:logGet(43)) - raft.server.storage.dir = [/workdir/hadoop-ozone/integration-test/target/test-dir/MiniOzoneClusterImpl-7bc36abf-c66f-431a-931d-8c1e5526238d/datanode-6/data/ratis] (custom)
2019-09-20 10:24:15,747 [pool-93-thread-1] INFO  storage.RaftStorageDirectory (RaftStorageDirectory.java:analyzeStorage(246)) - The storage directory /workdir/hadoop-ozone/integration-test/target/test-dir/MiniOzoneClusterImpl-7bc36abf-c66f-431a-931d-8c1e5526238d/datanode-6/data/ratis/a6a06d6c-ae3b-400f-b466-3803d37fd168 does not exist. Creating ...
2019-09-20 10:24:15,769 [pool-93-thread-1] INFO  storage.RaftStorageDirectory (RaftStorageDirectory.java:tryLock(328)) - Lock on /workdir/hadoop-ozone/integration-test/target/test-dir/MiniOzoneClusterImpl-7bc36abf-c66f-431a-931d-8c1e5526238d/datanode-6/data/ratis/a6a06d6c-ae3b-400f-b466-3803d37fd168/in_use.lock acquired by nodename 28506@pr-hdds-1569-p5fx8-1226042367
2019-09-20 10:24:15,774 [Thread-350] INFO  impl.FollowerState (FollowerState.java:run(106)) - 66416d0b-a71c-4af1-ae3a-62ca63b880a3:group-429D09D30BB1 changes to CANDIDATE, lastRpcTime:1114, electionTimeout:1114ms
2019-09-20 10:24:15,774 [Thread-350] INFO  impl.RoleInfo (RoleInfo.java:shutdownFollowerState(121)) - 66416d0b-a71c-4af1-ae3a-62ca63b880a3: shutdown FollowerState
2019-09-20 10:24:15,774 [Thread-350] INFO  impl.RaftServerImpl (RaftServerImpl.java:setRole(171)) - 66416d0b-a71c-4af1-ae3a-62ca63b880a3:group-429D09D30BB1 changes role from FOLLOWER to CANDIDATE at term 0 for changeToCandidate
2019-09-20 10:24:15,775 [Thread-350] INFO  impl.RoleInfo (RoleInfo.java:updateAndGet(143)) - 66416d0b-a71c-4af1-ae3a-62ca63b880a3: start LeaderElection
2019-09-20 10:24:15,786 [pool-93-thread-1] INFO  storage.RaftStorage (RaftStorage.java:format(72)) - Storage directory /workdir/hadoop-ozone/integration-test/target/test-dir/MiniOzoneClusterImpl-7bc36abf-c66f-431a-931d-8c1e5526238d/datanode-6/data/ratis/a6a06d6c-ae3b-400f-b466-3803d37fd168 has been successfully formatted.
2019-09-20 10:24:15,786 [pool-93-thread-1] INFO  ratis.ContainerStateMachine (ContainerStateMachine.java:loadSnapshot(226)) - group-3803D37FD168: The snapshot info is null. Setting the last applied indexto:(t:0, i:~)
2019-09-20 10:24:15,787 [pool-93-thread-1] INFO  server.RaftServerConfigKeys (ConfUtils.java:logGet(43)) - raft.server.leader.election.timeout = 120s (custom)
2019-09-20 10:24:15,787 [pool-93-thread-1] INFO  server.RaftServerConfigKeys (ConfUtils.java:logGet(43)) - raft.server.log.use.memory = false (default)
2019-09-20 10:24:15,787 [pool-93-thread-1] INFO  server.RaftServerConfigKeys (ConfUtils.java:logGet(43)) - raft.server.log.purge.gap = 1000000 (custom)
2019-09-20 10:24:15,787 [pool-93-thread-1] INFO  server.RaftServerConfigKeys (ConfUtils.java:logGet(43)) - raft.server.log.appender.buffer.byte-limit = 33554432 (custom)
2019-09-20 10:24:15,787 [pool-93-thread-1] INFO  server.RaftServerConfigKeys (ConfUtils.java:logGet(43)) - raft.server.log.segment.size.max = 1048576 (custom)
2019-09-20 10:24:15,788 [pool-93-thread-1] INFO  server.RaftServerConfigKeys (ConfUtils.java:logGet(43)) - raft.server.log.segment.cache.num.max = 2 (custom)
2019-09-20 10:24:15,788 [pool-93-thread-1] INFO  segmented.SegmentedRaftLogWorker (SegmentedRaftLogWorker.java:<init>(172)) - new 7af711bd-b5ae-4a73-a8be-b970cae6c2d1-SegmentedRaftLogWorker:Storage Directory /workdir/hadoop-ozone/integration-test/target/test-dir/MiniOzoneClusterImpl-7bc36abf-c66f-431a-931d-8c1e5526238d/datanode-6/data/ratis/a6a06d6c-ae3b-400f-b466-3803d37fd168 for RaftStorage:Storage Directory /workdir/hadoop-ozone/integration-test/target/test-dir/MiniOzoneClusterImpl-7bc36abf-c66f-431a-931d-8c1e5526238d/datanode-6/data/ratis/a6a06d6c-ae3b-400f-b466-3803d37fd168
2019-09-20 10:24:15,788 [pool-93-thread-1] INFO  server.RaftServerConfigKeys (ConfUtils.java:logGet(43)) - raft.server.log.queue.byte-limit = 2147483647 (custom)
2019-09-20 10:24:15,788 [pool-93-thread-1] INFO  server.RaftServerConfigKeys (ConfUtils.java:logGet(43)) - raft.server.log.queue.element-limit = 1024 (custom)
2019-09-20 10:24:15,788 [pool-93-thread-1] INFO  server.RaftServerConfigKeys (ConfUtils.java:logGet(43)) - raft.server.log.segment.size.max = 1048576 (custom)
2019-09-20 10:24:15,789 [pool-93-thread-1] INFO  server.RaftServerConfigKeys (ConfUtils.java:logGet(43)) - raft.server.log.preallocated.size = 16384 (custom)
2019-09-20 10:24:15,789 [pool-93-thread-1] INFO  server.RaftServerConfigKeys (ConfUtils.java:logGet(43)) - raft.server.log.write.buffer.size = 33554432 (custom)
2019-09-20 10:24:15,789 [pool-93-thread-1] INFO  server.RaftServerConfigKeys (ConfUtils.java:logGet(43)) - raft.server.log.force.sync.num = 128 (default)
2019-09-20 10:24:15,789 [pool-93-thread-1] INFO  server.RaftServerConfigKeys (ConfUtils.java:logGet(43)) - raft.server.log.statemachine.data.sync = true (default)
2019-09-20 10:24:15,789 [pool-93-thread-1] INFO  server.RaftServerConfigKeys (ConfUtils.java:logGet(43)) - raft.server.log.statemachine.data.sync.timeout = 10s (default)
2019-09-20 10:24:15,790 [pool-93-thread-1] INFO  server.RaftServerConfigKeys (ConfUtils.java:logGet(43)) - raft.server.log.statemachine.data.sync.timeout.retry = -1 (default)
2019-09-20 10:24:15,790 [pool-93-thread-1] INFO  server.RaftServerConfigKeys (ConfUtils.java:logGet(43)) - raft.server.log.statemachine.data.caching.enabled = true (custom)
2019-09-20 10:24:15,790 [pool-93-thread-1] INFO  segmented.SegmentedRaftLogWorker (SegmentedRaftLogWorker.java:lambda$new$0(132)) - 7af711bd-b5ae-4a73-a8be-b970cae6c2d1-SegmentedRaftLogWorker:Storage Directory /workdir/hadoop-ozone/integration-test/target/test-dir/MiniOzoneClusterImpl-7bc36abf-c66f-431a-931d-8c1e5526238d/datanode-6/data/ratis/a6a06d6c-ae3b-400f-b466-3803d37fd168: flushIndex: setUnconditionally 0 -> -1
2019-09-20 10:24:15,791 [pool-93-thread-1] INFO  server.RaftServerConfigKeys (ConfUtils.java:logGet(43)) - raft.server.snapshot.auto.trigger.enabled = true (custom)
2019-09-20 10:24:15,791 [pool-93-thread-1] INFO  server.RaftServerConfigKeys (ConfUtils.java:logGet(43)) - raft.server.snapshot.auto.trigger.threshold = 10000 (custom)
2019-09-20 10:24:15,791 [pool-93-thread-1] INFO  server.RaftServerConfigKeys (ConfUtils.java:logGet(43)) - raft.server.retrycache.expirytime = 600000ms (custom)
2019-09-20 10:24:15,791 [pool-93-thread-1] INFO  impl.RaftServerImpl (RaftServerImpl.java:start(180)) - 7af711bd-b5ae-4a73-a8be-b970cae6c2d1: start group-3803D37FD168
2019-09-20 10:24:15,792 [pool-93-thread-1] INFO  impl.RaftServerImpl (RaftServerImpl.java:setRole(171)) - 7af711bd-b5ae-4a73-a8be-b970cae6c2d1:group-3803D37FD168 changes role from null to FOLLOWER at term 0 for startAsFollower
2019-09-20 10:24:15,792 [pool-93-thread-1] INFO  impl.RoleInfo (RoleInfo.java:updateAndGet(143)) - 7af711bd-b5ae-4a73-a8be-b970cae6c2d1: start FollowerState
2019-09-20 10:24:15,793 [pool-93-thread-1] INFO  util.JmxRegister (JmxRegister.java:tryRegister(44)) - Successfully registered JMX Bean with object name Ratis:service=RaftServer,group=group-3803D37FD168,id=7af711bd-b5ae-4a73-a8be-b970cae6c2d1
2019-09-20 10:24:15,799 [RatisPipelineUtilsThread] INFO  pipeline.PipelineStateManager (PipelineStateManager.java:addPipeline(56)) - Created pipeline Pipeline[ Id: a6a06d6c-ae3b-400f-b466-3803d37fd168, Nodes: 7af711bd-b5ae-4a73-a8be-b970cae6c2d1{ip: 192.168.36.99, host: pr-hdds-1569-p5fx8-1226042367, networkLocation: /default-rack, certSerialId: null}, Type:RATIS, Factor:ONE, State:OPEN]
2019-09-20 10:24:15,800 [RatisPipelineUtilsThread] INFO  pipeline.PipelinePlacementPolicy (PipelinePlacementPolicy.java:meetCriteria(91)) - Pipeline Placement: Doesn't meet the criteria to be viable node： 17e2ba94-38a1-40e7-84e0-f6802901db84 Heaviness: 6 limit: 5
2019-09-20 10:24:15,800 [RatisPipelineUtilsThread] INFO  pipeline.PipelinePlacementPolicy (PipelinePlacementPolicy.java:meetCriteria(91)) - Pipeline Placement: Doesn't meet the criteria to be viable node： 3d6f3241-e73c-473a-ad0b-c7be2f7e1dda Heaviness: 6 limit: 5
2019-09-20 10:24:15,800 [RatisPipelineUtilsThread] INFO  pipeline.PipelinePlacementPolicy (PipelinePlacementPolicy.java:meetCriteria(91)) - Pipeline Placement: Doesn't meet the criteria to be viable node： c3e532f8-1a8e-44f3-b56b-d765aee893af Heaviness: 6 limit: 5
2019-09-20 10:24:15,800 [RatisPipelineUtilsThread] INFO  pipeline.PipelinePlacementPolicy (PipelinePlacementPolicy.java:meetCriteria(91)) - Pipeline Placement: Doesn't meet the criteria to be viable node： 4d972e91-cb6b-45de-8bd2-c18af7abe58b Heaviness: 6 limit: 5
2019-09-20 10:24:15,800 [RatisPipelineUtilsThread] INFO  pipeline.PipelinePlacementPolicy (PipelinePlacementPolicy.java:meetCriteria(91)) - Pipeline Placement: Doesn't meet the criteria to be viable node： 66416d0b-a71c-4af1-ae3a-62ca63b880a3 Heaviness: 6 limit: 5
2019-09-20 10:24:15,804 [66416d0b-a71c-4af1-ae3a-62ca63b880a3:group-429D09D30BB1:LeaderElection25] INFO  impl.LeaderElection (LeaderElection.java:askForVotes(181)) - 66416d0b-a71c-4af1-ae3a-62ca63b880a3:group-429D09D30BB1:LeaderElection25: begin an election at term 1 for -1: [66416d0b-a71c-4af1-ae3a-62ca63b880a3:192.168.36.99:43326], old=null
2019-09-20 10:24:15,805 [66416d0b-a71c-4af1-ae3a-62ca63b880a3:group-429D09D30BB1:LeaderElection25] INFO  impl.RoleInfo (RoleInfo.java:shutdownLeaderElection(134)) - 66416d0b-a71c-4af1-ae3a-62ca63b880a3: shutdown LeaderElection
2019-09-20 10:24:15,805 [66416d0b-a71c-4af1-ae3a-62ca63b880a3:group-429D09D30BB1:LeaderElection25] INFO  impl.RaftServerImpl (RaftServerImpl.java:setRole(171)) - 66416d0b-a71c-4af1-ae3a-62ca63b880a3:group-429D09D30BB1 changes role from CANDIDATE to LEADER at term 1 for changeToLeader
2019-09-20 10:24:15,805 [66416d0b-a71c-4af1-ae3a-62ca63b880a3:group-429D09D30BB1:LeaderElection25] INFO  impl.RaftServerImpl (ServerState.java:setLeader(263)) - 66416d0b-a71c-4af1-ae3a-62ca63b880a3:group-429D09D30BB1 change Leader from null to 66416d0b-a71c-4af1-ae3a-62ca63b880a3 at term 1 for becomeLeader, leader elected after 1149ms
2019-09-20 10:24:15,805 [66416d0b-a71c-4af1-ae3a-62ca63b880a3:group-429D09D30BB1:LeaderElection25] INFO  server.RaftServerConfigKeys (ConfUtils.java:logGet(43)) - raft.server.staging.catchup.gap = 1000 (default)
2019-09-20 10:24:15,805 [66416d0b-a71c-4af1-ae3a-62ca63b880a3:group-429D09D30BB1:LeaderElection25] INFO  server.RaftServerConfigKeys (ConfUtils.java:logGet(43)) - raft.server.rpc.sleep.time = 25ms (default)
2019-09-20 10:24:15,805 [66416d0b-a71c-4af1-ae3a-62ca63b880a3:group-429D09D30BB1:LeaderElection25] INFO  server.RaftServerConfigKeys (ConfUtils.java:logGet(43)) - raft.server.write.element-limit = 4096 (default)
2019-09-20 10:24:15,805 [66416d0b-a71c-4af1-ae3a-62ca63b880a3:group-429D09D30BB1:LeaderElection25] INFO  server.RaftServerConfigKeys (ConfUtils.java:logGet(43)) - raft.server.watch.timeout = 10s (default)
2019-09-20 10:24:15,806 [66416d0b-a71c-4af1-ae3a-62ca63b880a3:group-429D09D30BB1:LeaderElection25] INFO  server.RaftServerConfigKeys (ConfUtils.java:logGet(43)) - raft.server.watch.timeout.denomination = 1s (default)
2019-09-20 10:24:15,806 [66416d0b-a71c-4af1-ae3a-62ca63b880a3:group-429D09D30BB1:LeaderElection25] INFO  server.RaftServerConfigKeys (ConfUtils.java:logGet(43)) - raft.server.watch.element-limit = 65536 (default)
2019-09-20 10:24:15,806 [66416d0b-a71c-4af1-ae3a-62ca63b880a3:group-429D09D30BB1:LeaderElection25] INFO  impl.RoleInfo (RoleInfo.java:updateAndGet(143)) - 66416d0b-a71c-4af1-ae3a-62ca63b880a3: start LeaderState
2019-09-20 10:24:15,806 [66416d0b-a71c-4af1-ae3a-62ca63b880a3:group-429D09D30BB1:LeaderElection25] INFO  segmented.SegmentedRaftLogWorker (SegmentedRaftLogWorker.java:startLogSegment(380)) - 66416d0b-a71c-4af1-ae3a-62ca63b880a3-SegmentedRaftLogWorker:Storage Directory /workdir/hadoop-ozone/integration-test/target/test-dir/MiniOzoneClusterImpl-7bc36abf-c66f-431a-931d-8c1e5526238d/datanode-2/data/ratis/368e1b77-12f2-49c7-acb2-429d09d30bb1: Starting segment from index:0
2019-09-20 10:24:15,807 [66416d0b-a71c-4af1-ae3a-62ca63b880a3:group-429D09D30BB1:LeaderElection25] INFO  impl.RaftServerImpl (ServerState.java:setRaftConf(361)) - 66416d0b-a71c-4af1-ae3a-62ca63b880a3:group-429D09D30BB1 set configuration 0: [66416d0b-a71c-4af1-ae3a-62ca63b880a3:192.168.36.99:43326], old=null at 0
2019-09-20 10:24:15,839 | INFO  | SCMAudit | user=jenkins1000 | ip=192.168.36.99 | op=SEND_HEARTBEAT {datanodeUUID=7af711bd-b5ae-4a73-a8be-b970cae6c2d1, command=[]} | ret=SUCCESS |  
2019-09-20 10:24:15,842 [grpc-default-executor-0] INFO  impl.RaftServerProxy (RaftServerProxy.java:addNew(89)) - 1ab786b9-c79c-4265-88a1-5b3344c6beda: addNew group-83ED8D00307D:[1ab786b9-c79c-4265-88a1-5b3344c6beda:192.168.36.99:42782] returns group-83ED8D00307D:java.util.concurrent.CompletableFuture@7f2b18bc[Not completed]
2019-09-20 10:24:15,844 [pool-82-thread-1] INFO  impl.RaftServerImpl (RaftServerImpl.java:<init>(93)) - 1ab786b9-c79c-4265-88a1-5b3344c6beda: new RaftServerImpl for group-83ED8D00307D:[1ab786b9-c79c-4265-88a1-5b3344c6beda:192.168.36.99:42782] with ContainerStateMachine:uninitialized
2019-09-20 10:24:15,844 [pool-82-thread-1] INFO  server.RaftServerConfigKeys (ConfUtils.java:logGet(43)) - raft.server.rpc.timeout.min = 1s (custom)
2019-09-20 10:24:15,844 [pool-82-thread-1] INFO  server.RaftServerConfigKeys (ConfUtils.java:logGet(43)) - raft.server.rpc.timeout.max = 1200ms (custom)
2019-09-20 10:24:15,844 [pool-82-thread-1] INFO  server.RaftServerConfigKeys (ConfUtils.java:logGet(43)) - raft.server.rpcslowness.timeout = 120s (custom)
2019-09-20 10:24:15,845 [pool-82-thread-1] INFO  server.RaftServerConfigKeys (ConfUtils.java:logGet(43)) - raft.server.sleep.deviation.threshold = 300 (default)
2019-09-20 10:24:15,845 [pool-82-thread-1] INFO  server.RaftServerConfigKeys (ConfUtils.java:logGet(43)) - raft.server.log.appender.install.snapshot.enabled = false (custom)
2019-09-20 10:24:15,845 [pool-82-thread-1] INFO  impl.RaftServerImpl (ServerState.java:<init>(105)) - 1ab786b9-c79c-4265-88a1-5b3344c6beda:group-83ED8D00307D ConfigurationManager, init=-1: [1ab786b9-c79c-4265-88a1-5b3344c6beda:192.168.36.99:42782], old=null, confs=<EMPTY_MAP>
2019-09-20 10:24:15,845 [pool-82-thread-1] INFO  server.RaftServerConfigKeys (ConfUtils.java:logGet(43)) - raft.server.storage.dir = [/workdir/hadoop-ozone/integration-test/target/test-dir/MiniOzoneClusterImpl-7bc36abf-c66f-431a-931d-8c1e5526238d/datanode-5/data/ratis] (custom)
2019-09-20 10:24:15,846 [pool-82-thread-1] INFO  storage.RaftStorageDirectory (RaftStorageDirectory.java:analyzeStorage(246)) - The storage directory /workdir/hadoop-ozone/integration-test/target/test-dir/MiniOzoneClusterImpl-7bc36abf-c66f-431a-931d-8c1e5526238d/datanode-5/data/ratis/18acc8a4-ae6e-4497-9d4e-83ed8d00307d does not exist. Creating ...
2019-09-20 10:24:15,853 [66416d0b-a71c-4af1-ae3a-62ca63b880a3-SegmentedRaftLogWorker:Storage Directory /workdir/hadoop-ozone/integration-test/target/test-dir/MiniOzoneClusterImpl-7bc36abf-c66f-431a-931d-8c1e5526238d/datanode-2/data/ratis/368e1b77-12f2-49c7-acb2-429d09d30bb1] INFO  segmented.SegmentedRaftLogWorker (SegmentedRaftLogWorker.java:execute(569)) - 66416d0b-a71c-4af1-ae3a-62ca63b880a3-SegmentedRaftLogWorker:Storage Directory /workdir/hadoop-ozone/integration-test/target/test-dir/MiniOzoneClusterImpl-7bc36abf-c66f-431a-931d-8c1e5526238d/datanode-2/data/ratis/368e1b77-12f2-49c7-acb2-429d09d30bb1: created new log segment /workdir/hadoop-ozone/integration-test/target/test-dir/MiniOzoneClusterImpl-7bc36abf-c66f-431a-931d-8c1e5526238d/datanode-2/data/ratis/368e1b77-12f2-49c7-acb2-429d09d30bb1/current/log_inprogress_0
2019-09-20 10:24:15,870 [pool-82-thread-1] INFO  storage.RaftStorageDirectory (RaftStorageDirectory.java:tryLock(328)) - Lock on /workdir/hadoop-ozone/integration-test/target/test-dir/MiniOzoneClusterImpl-7bc36abf-c66f-431a-931d-8c1e5526238d/datanode-5/data/ratis/18acc8a4-ae6e-4497-9d4e-83ed8d00307d/in_use.lock acquired by nodename 28506@pr-hdds-1569-p5fx8-1226042367
2019-09-20 10:24:15,896 [pool-82-thread-1] INFO  storage.RaftStorage (RaftStorage.java:format(72)) - Storage directory /workdir/hadoop-ozone/integration-test/target/test-dir/MiniOzoneClusterImpl-7bc36abf-c66f-431a-931d-8c1e5526238d/datanode-5/data/ratis/18acc8a4-ae6e-4497-9d4e-83ed8d00307d has been successfully formatted.
2019-09-20 10:24:15,896 [pool-82-thread-1] INFO  ratis.ContainerStateMachine (ContainerStateMachine.java:loadSnapshot(226)) - group-83ED8D00307D: The snapshot info is null. Setting the last applied indexto:(t:0, i:~)
2019-09-20 10:24:15,896 [pool-82-thread-1] INFO  server.RaftServerConfigKeys (ConfUtils.java:logGet(43)) - raft.server.leader.election.timeout = 120s (custom)
2019-09-20 10:24:15,897 [pool-82-thread-1] INFO  server.RaftServerConfigKeys (ConfUtils.java:logGet(43)) - raft.server.log.use.memory = false (default)
2019-09-20 10:24:15,897 [pool-82-thread-1] INFO  server.RaftServerConfigKeys (ConfUtils.java:logGet(43)) - raft.server.log.purge.gap = 1000000 (custom)
2019-09-20 10:24:15,897 [pool-82-thread-1] INFO  server.RaftServerConfigKeys (ConfUtils.java:logGet(43)) - raft.server.log.appender.buffer.byte-limit = 33554432 (custom)
2019-09-20 10:24:15,897 [pool-82-thread-1] INFO  server.RaftServerConfigKeys (ConfUtils.java:logGet(43)) - raft.server.log.segment.size.max = 1048576 (custom)
2019-09-20 10:24:15,897 [pool-82-thread-1] INFO  server.RaftServerConfigKeys (ConfUtils.java:logGet(43)) - raft.server.log.segment.cache.num.max = 2 (custom)
2019-09-20 10:24:15,897 [pool-82-thread-1] INFO  segmented.SegmentedRaftLogWorker (SegmentedRaftLogWorker.java:<init>(172)) - new 1ab786b9-c79c-4265-88a1-5b3344c6beda-SegmentedRaftLogWorker:Storage Directory /workdir/hadoop-ozone/integration-test/target/test-dir/MiniOzoneClusterImpl-7bc36abf-c66f-431a-931d-8c1e5526238d/datanode-5/data/ratis/18acc8a4-ae6e-4497-9d4e-83ed8d00307d for RaftStorage:Storage Directory /workdir/hadoop-ozone/integration-test/target/test-dir/MiniOzoneClusterImpl-7bc36abf-c66f-431a-931d-8c1e5526238d/datanode-5/data/ratis/18acc8a4-ae6e-4497-9d4e-83ed8d00307d
2019-09-20 10:24:15,897 [pool-82-thread-1] INFO  server.RaftServerConfigKeys (ConfUtils.java:logGet(43)) - raft.server.log.queue.byte-limit = 2147483647 (custom)
2019-09-20 10:24:15,898 [pool-82-thread-1] INFO  server.RaftServerConfigKeys (ConfUtils.java:logGet(43)) - raft.server.log.queue.element-limit = 1024 (custom)
2019-09-20 10:24:15,898 [pool-82-thread-1] INFO  server.RaftServerConfigKeys (ConfUtils.java:logGet(43)) - raft.server.log.segment.size.max = 1048576 (custom)
2019-09-20 10:24:15,898 [pool-82-thread-1] INFO  server.RaftServerConfigKeys (ConfUtils.java:logGet(43)) - raft.server.log.preallocated.size = 16384 (custom)
2019-09-20 10:24:15,898 [pool-82-thread-1] INFO  server.RaftServerConfigKeys (ConfUtils.java:logGet(43)) - raft.server.log.write.buffer.size = 33554432 (custom)
2019-09-20 10:24:15,898 [pool-82-thread-1] INFO  server.RaftServerConfigKeys (ConfUtils.java:logGet(43)) - raft.server.log.force.sync.num = 128 (default)
2019-09-20 10:24:15,898 [pool-82-thread-1] INFO  server.RaftServerConfigKeys (ConfUtils.java:logGet(43)) - raft.server.log.statemachine.data.sync = true (default)
2019-09-20 10:24:15,898 [pool-82-thread-1] INFO  server.RaftServerConfigKeys (ConfUtils.java:logGet(43)) - raft.server.log.statemachine.data.sync.timeout = 10s (default)
2019-09-20 10:24:15,898 [pool-82-thread-1] INFO  server.RaftServerConfigKeys (ConfUtils.java:logGet(43)) - raft.server.log.statemachine.data.sync.timeout.retry = -1 (default)
2019-09-20 10:24:15,899 [pool-82-thread-1] INFO  server.RaftServerConfigKeys (ConfUtils.java:logGet(43)) - raft.server.log.statemachine.data.caching.enabled = true (custom)
2019-09-20 10:24:15,899 [pool-82-thread-1] INFO  segmented.SegmentedRaftLogWorker (SegmentedRaftLogWorker.java:lambda$new$0(132)) - 1ab786b9-c79c-4265-88a1-5b3344c6beda-SegmentedRaftLogWorker:Storage Directory /workdir/hadoop-ozone/integration-test/target/test-dir/MiniOzoneClusterImpl-7bc36abf-c66f-431a-931d-8c1e5526238d/datanode-5/data/ratis/18acc8a4-ae6e-4497-9d4e-83ed8d00307d: flushIndex: setUnconditionally 0 -> -1
2019-09-20 10:24:15,899 [pool-82-thread-1] INFO  server.RaftServerConfigKeys (ConfUtils.java:logGet(43)) - raft.server.snapshot.auto.trigger.enabled = true (custom)
2019-09-20 10:24:15,899 [pool-82-thread-1] INFO  server.RaftServerConfigKeys (ConfUtils.java:logGet(43)) - raft.server.snapshot.auto.trigger.threshold = 10000 (custom)
2019-09-20 10:24:15,900 [pool-82-thread-1] INFO  server.RaftServerConfigKeys (ConfUtils.java:logGet(43)) - raft.server.retrycache.expirytime = 600000ms (custom)
2019-09-20 10:24:15,900 [pool-82-thread-1] INFO  impl.RaftServerImpl (RaftServerImpl.java:start(180)) - 1ab786b9-c79c-4265-88a1-5b3344c6beda: start group-83ED8D00307D
2019-09-20 10:24:15,900 [pool-82-thread-1] INFO  impl.RaftServerImpl (RaftServerImpl.java:setRole(171)) - 1ab786b9-c79c-4265-88a1-5b3344c6beda:group-83ED8D00307D changes role from null to FOLLOWER at term 0 for startAsFollower
2019-09-20 10:24:15,900 [pool-82-thread-1] INFO  impl.RoleInfo (RoleInfo.java:updateAndGet(143)) - 1ab786b9-c79c-4265-88a1-5b3344c6beda: start FollowerState
2019-09-20 10:24:15,901 [pool-82-thread-1] INFO  util.JmxRegister (JmxRegister.java:tryRegister(44)) - Successfully registered JMX Bean with object name Ratis:service=RaftServer,group=group-83ED8D00307D,id=1ab786b9-c79c-4265-88a1-5b3344c6beda
2019-09-20 10:24:15,908 [RatisPipelineUtilsThread] INFO  pipeline.PipelineStateManager (PipelineStateManager.java:addPipeline(56)) - Created pipeline Pipeline[ Id: 18acc8a4-ae6e-4497-9d4e-83ed8d00307d, Nodes: 1ab786b9-c79c-4265-88a1-5b3344c6beda{ip: 192.168.36.99, host: pr-hdds-1569-p5fx8-1226042367, networkLocation: /default-rack, certSerialId: null}, Type:RATIS, Factor:ONE, State:OPEN]
2019-09-20 10:24:15,909 [RatisPipelineUtilsThread] INFO  pipeline.PipelinePlacementPolicy (PipelinePlacementPolicy.java:meetCriteria(91)) - Pipeline Placement: Doesn't meet the criteria to be viable node： 17e2ba94-38a1-40e7-84e0-f6802901db84 Heaviness: 6 limit: 5
2019-09-20 10:24:15,909 [RatisPipelineUtilsThread] INFO  pipeline.PipelinePlacementPolicy (PipelinePlacementPolicy.java:meetCriteria(91)) - Pipeline Placement: Doesn't meet the criteria to be viable node： 3d6f3241-e73c-473a-ad0b-c7be2f7e1dda Heaviness: 6 limit: 5
2019-09-20 10:24:15,909 [RatisPipelineUtilsThread] INFO  pipeline.PipelinePlacementPolicy (PipelinePlacementPolicy.java:meetCriteria(91)) - Pipeline Placement: Doesn't meet the criteria to be viable node： c3e532f8-1a8e-44f3-b56b-d765aee893af Heaviness: 6 limit: 5
2019-09-20 10:24:15,909 [RatisPipelineUtilsThread] INFO  pipeline.PipelinePlacementPolicy (PipelinePlacementPolicy.java:meetCriteria(91)) - Pipeline Placement: Doesn't meet the criteria to be viable node： 4d972e91-cb6b-45de-8bd2-c18af7abe58b Heaviness: 6 limit: 5
2019-09-20 10:24:15,910 [RatisPipelineUtilsThread] INFO  pipeline.PipelinePlacementPolicy (PipelinePlacementPolicy.java:meetCriteria(91)) - Pipeline Placement: Doesn't meet the criteria to be viable node： 66416d0b-a71c-4af1-ae3a-62ca63b880a3 Heaviness: 6 limit: 5
2019-09-20 10:24:15,924 [grpc-default-executor-0] INFO  impl.RaftServerProxy (RaftServerProxy.java:addNew(89)) - 1ab786b9-c79c-4265-88a1-5b3344c6beda: addNew group-3308C7C63078:[1ab786b9-c79c-4265-88a1-5b3344c6beda:192.168.36.99:42782] returns group-3308C7C63078:java.util.concurrent.CompletableFuture@164149d3[Not completed]
2019-09-20 10:24:15,925 [pool-82-thread-1] INFO  impl.RaftServerImpl (RaftServerImpl.java:<init>(93)) - 1ab786b9-c79c-4265-88a1-5b3344c6beda: new RaftServerImpl for group-3308C7C63078:[1ab786b9-c79c-4265-88a1-5b3344c6beda:192.168.36.99:42782] with ContainerStateMachine:uninitialized
2019-09-20 10:24:15,925 [pool-82-thread-1] INFO  server.RaftServerConfigKeys (ConfUtils.java:logGet(43)) - raft.server.rpc.timeout.min = 1s (custom)
2019-09-20 10:24:15,925 [pool-82-thread-1] INFO  server.RaftServerConfigKeys (ConfUtils.java:logGet(43)) - raft.server.rpc.timeout.max = 1200ms (custom)
2019-09-20 10:24:15,926 [pool-82-thread-1] INFO  server.RaftServerConfigKeys (ConfUtils.java:logGet(43)) - raft.server.rpcslowness.timeout = 120s (custom)
2019-09-20 10:24:15,926 [pool-82-thread-1] INFO  server.RaftServerConfigKeys (ConfUtils.java:logGet(43)) - raft.server.sleep.deviation.threshold = 300 (default)
2019-09-20 10:24:15,926 [pool-82-thread-1] INFO  server.RaftServerConfigKeys (ConfUtils.java:logGet(43)) - raft.server.log.appender.install.snapshot.enabled = false (custom)
2019-09-20 10:24:15,926 [pool-82-thread-1] INFO  impl.RaftServerImpl (ServerState.java:<init>(105)) - 1ab786b9-c79c-4265-88a1-5b3344c6beda:group-3308C7C63078 ConfigurationManager, init=-1: [1ab786b9-c79c-4265-88a1-5b3344c6beda:192.168.36.99:42782], old=null, confs=<EMPTY_MAP>
2019-09-20 10:24:15,926 [pool-82-thread-1] INFO  server.RaftServerConfigKeys (ConfUtils.java:logGet(43)) - raft.server.storage.dir = [/workdir/hadoop-ozone/integration-test/target/test-dir/MiniOzoneClusterImpl-7bc36abf-c66f-431a-931d-8c1e5526238d/datanode-5/data/ratis] (custom)
2019-09-20 10:24:15,926 [pool-82-thread-1] INFO  storage.RaftStorageDirectory (RaftStorageDirectory.java:analyzeStorage(246)) - The storage directory /workdir/hadoop-ozone/integration-test/target/test-dir/MiniOzoneClusterImpl-7bc36abf-c66f-431a-931d-8c1e5526238d/datanode-5/data/ratis/433d6b74-0125-445a-85a3-3308c7c63078 does not exist. Creating ...
2019-09-20 10:24:15,963 [pool-82-thread-1] INFO  storage.RaftStorageDirectory (RaftStorageDirectory.java:tryLock(328)) - Lock on /workdir/hadoop-ozone/integration-test/target/test-dir/MiniOzoneClusterImpl-7bc36abf-c66f-431a-931d-8c1e5526238d/datanode-5/data/ratis/433d6b74-0125-445a-85a3-3308c7c63078/in_use.lock acquired by nodename 28506@pr-hdds-1569-p5fx8-1226042367
2019-09-20 10:24:15,990 [Thread-355] INFO  impl.FollowerState (FollowerState.java:run(106)) - c3e532f8-1a8e-44f3-b56b-d765aee893af:group-0C973AAD6CA5 changes to CANDIDATE, lastRpcTime:1174, electionTimeout:1174ms
2019-09-20 10:24:15,990 [Thread-355] INFO  impl.RoleInfo (RoleInfo.java:shutdownFollowerState(121)) - c3e532f8-1a8e-44f3-b56b-d765aee893af: shutdown FollowerState
2019-09-20 10:24:15,990 [Thread-355] INFO  impl.RaftServerImpl (RaftServerImpl.java:setRole(171)) - c3e532f8-1a8e-44f3-b56b-d765aee893af:group-0C973AAD6CA5 changes role from FOLLOWER to CANDIDATE at term 0 for changeToCandidate
2019-09-20 10:24:15,991 [Thread-355] INFO  impl.RoleInfo (RoleInfo.java:updateAndGet(143)) - c3e532f8-1a8e-44f3-b56b-d765aee893af: start LeaderElection
2019-09-20 10:24:15,997 [pool-82-thread-1] INFO  storage.RaftStorage (RaftStorage.java:format(72)) - Storage directory /workdir/hadoop-ozone/integration-test/target/test-dir/MiniOzoneClusterImpl-7bc36abf-c66f-431a-931d-8c1e5526238d/datanode-5/data/ratis/433d6b74-0125-445a-85a3-3308c7c63078 has been successfully formatted.
2019-09-20 10:24:15,997 [pool-82-thread-1] INFO  ratis.ContainerStateMachine (ContainerStateMachine.java:loadSnapshot(226)) - group-3308C7C63078: The snapshot info is null. Setting the last applied indexto:(t:0, i:~)
2019-09-20 10:24:15,997 [pool-82-thread-1] INFO  server.RaftServerConfigKeys (ConfUtils.java:logGet(43)) - raft.server.leader.election.timeout = 120s (custom)
2019-09-20 10:24:15,997 [pool-82-thread-1] INFO  server.RaftServerConfigKeys (ConfUtils.java:logGet(43)) - raft.server.log.use.memory = false (default)
2019-09-20 10:24:15,997 [pool-82-thread-1] INFO  server.RaftServerConfigKeys (ConfUtils.java:logGet(43)) - raft.server.log.purge.gap = 1000000 (custom)
2019-09-20 10:24:15,997 [pool-82-thread-1] INFO  server.RaftServerConfigKeys (ConfUtils.java:logGet(43)) - raft.server.log.appender.buffer.byte-limit = 33554432 (custom)
2019-09-20 10:24:15,998 [pool-82-thread-1] INFO  server.RaftServerConfigKeys (ConfUtils.java:logGet(43)) - raft.server.log.segment.size.max = 1048576 (custom)
2019-09-20 10:24:15,998 [pool-82-thread-1] INFO  server.RaftServerConfigKeys (ConfUtils.java:logGet(43)) - raft.server.log.segment.cache.num.max = 2 (custom)
2019-09-20 10:24:15,998 [pool-82-thread-1] INFO  segmented.SegmentedRaftLogWorker (SegmentedRaftLogWorker.java:<init>(172)) - new 1ab786b9-c79c-4265-88a1-5b3344c6beda-SegmentedRaftLogWorker:Storage Directory /workdir/hadoop-ozone/integration-test/target/test-dir/MiniOzoneClusterImpl-7bc36abf-c66f-431a-931d-8c1e5526238d/datanode-5/data/ratis/433d6b74-0125-445a-85a3-3308c7c63078 for RaftStorage:Storage Directory /workdir/hadoop-ozone/integration-test/target/test-dir/MiniOzoneClusterImpl-7bc36abf-c66f-431a-931d-8c1e5526238d/datanode-5/data/ratis/433d6b74-0125-445a-85a3-3308c7c63078
2019-09-20 10:24:15,998 [pool-82-thread-1] INFO  server.RaftServerConfigKeys (ConfUtils.java:logGet(43)) - raft.server.log.queue.byte-limit = 2147483647 (custom)
2019-09-20 10:24:15,998 [pool-82-thread-1] INFO  server.RaftServerConfigKeys (ConfUtils.java:logGet(43)) - raft.server.log.queue.element-limit = 1024 (custom)
2019-09-20 10:24:15,998 [pool-82-thread-1] INFO  server.RaftServerConfigKeys (ConfUtils.java:logGet(43)) - raft.server.log.segment.size.max = 1048576 (custom)
2019-09-20 10:24:15,998 [pool-82-thread-1] INFO  server.RaftServerConfigKeys (ConfUtils.java:logGet(43)) - raft.server.log.preallocated.size = 16384 (custom)
2019-09-20 10:24:15,998 [pool-82-thread-1] INFO  server.RaftServerConfigKeys (ConfUtils.java:logGet(43)) - raft.server.log.write.buffer.size = 33554432 (custom)
2019-09-20 10:24:15,999 [pool-82-thread-1] INFO  server.RaftServerConfigKeys (ConfUtils.java:logGet(43)) - raft.server.log.force.sync.num = 128 (default)
2019-09-20 10:24:15,999 [pool-82-thread-1] INFO  server.RaftServerConfigKeys (ConfUtils.java:logGet(43)) - raft.server.log.statemachine.data.sync = true (default)
2019-09-20 10:24:15,999 [pool-82-thread-1] INFO  server.RaftServerConfigKeys (ConfUtils.java:logGet(43)) - raft.server.log.statemachine.data.sync.timeout = 10s (default)
2019-09-20 10:24:15,999 [pool-82-thread-1] INFO  server.RaftServerConfigKeys (ConfUtils.java:logGet(43)) - raft.server.log.statemachine.data.sync.timeout.retry = -1 (default)
2019-09-20 10:24:15,999 [pool-82-thread-1] INFO  server.RaftServerConfigKeys (ConfUtils.java:logGet(43)) - raft.server.log.statemachine.data.caching.enabled = true (custom)
2019-09-20 10:24:16,005 [pool-82-thread-1] INFO  segmented.SegmentedRaftLogWorker (SegmentedRaftLogWorker.java:lambda$new$0(132)) - 1ab786b9-c79c-4265-88a1-5b3344c6beda-SegmentedRaftLogWorker:Storage Directory /workdir/hadoop-ozone/integration-test/target/test-dir/MiniOzoneClusterImpl-7bc36abf-c66f-431a-931d-8c1e5526238d/datanode-5/data/ratis/433d6b74-0125-445a-85a3-3308c7c63078: flushIndex: setUnconditionally 0 -> -1
2019-09-20 10:24:16,006 [pool-82-thread-1] INFO  server.RaftServerConfigKeys (ConfUtils.java:logGet(43)) - raft.server.snapshot.auto.trigger.enabled = true (custom)
2019-09-20 10:24:16,006 [pool-82-thread-1] INFO  server.RaftServerConfigKeys (ConfUtils.java:logGet(43)) - raft.server.snapshot.auto.trigger.threshold = 10000 (custom)
2019-09-20 10:24:16,006 [pool-82-thread-1] INFO  server.RaftServerConfigKeys (ConfUtils.java:logGet(43)) - raft.server.retrycache.expirytime = 600000ms (custom)
2019-09-20 10:24:16,006 [pool-82-thread-1] INFO  impl.RaftServerImpl (RaftServerImpl.java:start(180)) - 1ab786b9-c79c-4265-88a1-5b3344c6beda: start group-3308C7C63078
2019-09-20 10:24:16,006 [pool-82-thread-1] INFO  impl.RaftServerImpl (RaftServerImpl.java:setRole(171)) - 1ab786b9-c79c-4265-88a1-5b3344c6beda:group-3308C7C63078 changes role from null to FOLLOWER at term 0 for startAsFollower
2019-09-20 10:24:16,006 [pool-82-thread-1] INFO  impl.RoleInfo (RoleInfo.java:updateAndGet(143)) - 1ab786b9-c79c-4265-88a1-5b3344c6beda: start FollowerState
2019-09-20 10:24:16,007 [pool-82-thread-1] INFO  util.JmxRegister (JmxRegister.java:tryRegister(44)) - Successfully registered JMX Bean with object name Ratis:service=RaftServer,group=group-3308C7C63078,id=1ab786b9-c79c-4265-88a1-5b3344c6beda
2019-09-20 10:24:16,012 [RatisPipelineUtilsThread] INFO  pipeline.PipelineStateManager (PipelineStateManager.java:addPipeline(56)) - Created pipeline Pipeline[ Id: 433d6b74-0125-445a-85a3-3308c7c63078, Nodes: 1ab786b9-c79c-4265-88a1-5b3344c6beda{ip: 192.168.36.99, host: pr-hdds-1569-p5fx8-1226042367, networkLocation: /default-rack, certSerialId: null}, Type:RATIS, Factor:ONE, State:OPEN]
2019-09-20 10:24:16,013 [RatisPipelineUtilsThread] INFO  pipeline.PipelinePlacementPolicy (PipelinePlacementPolicy.java:meetCriteria(91)) - Pipeline Placement: Doesn't meet the criteria to be viable node： 17e2ba94-38a1-40e7-84e0-f6802901db84 Heaviness: 6 limit: 5
2019-09-20 10:24:16,013 [RatisPipelineUtilsThread] INFO  pipeline.PipelinePlacementPolicy (PipelinePlacementPolicy.java:meetCriteria(91)) - Pipeline Placement: Doesn't meet the criteria to be viable node： 3d6f3241-e73c-473a-ad0b-c7be2f7e1dda Heaviness: 6 limit: 5
2019-09-20 10:24:16,013 [RatisPipelineUtilsThread] INFO  pipeline.PipelinePlacementPolicy (PipelinePlacementPolicy.java:meetCriteria(91)) - Pipeline Placement: Doesn't meet the criteria to be viable node： c3e532f8-1a8e-44f3-b56b-d765aee893af Heaviness: 6 limit: 5
2019-09-20 10:24:16,013 [RatisPipelineUtilsThread] INFO  pipeline.PipelinePlacementPolicy (PipelinePlacementPolicy.java:meetCriteria(91)) - Pipeline Placement: Doesn't meet the criteria to be viable node： 4d972e91-cb6b-45de-8bd2-c18af7abe58b Heaviness: 6 limit: 5
2019-09-20 10:24:16,013 [RatisPipelineUtilsThread] INFO  pipeline.PipelinePlacementPolicy (PipelinePlacementPolicy.java:meetCriteria(91)) - Pipeline Placement: Doesn't meet the criteria to be viable node： 66416d0b-a71c-4af1-ae3a-62ca63b880a3 Heaviness: 6 limit: 5
2019-09-20 10:24:16,014 [c3e532f8-1a8e-44f3-b56b-d765aee893af:group-0C973AAD6CA5:LeaderElection26] INFO  impl.LeaderElection (LeaderElection.java:askForVotes(181)) - c3e532f8-1a8e-44f3-b56b-d765aee893af:group-0C973AAD6CA5:LeaderElection26: begin an election at term 1 for -1: [c3e532f8-1a8e-44f3-b56b-d765aee893af:192.168.36.99:34965], old=null
2019-09-20 10:24:16,014 [c3e532f8-1a8e-44f3-b56b-d765aee893af:group-0C973AAD6CA5:LeaderElection26] INFO  impl.RoleInfo (RoleInfo.java:shutdownLeaderElection(134)) - c3e532f8-1a8e-44f3-b56b-d765aee893af: shutdown LeaderElection
2019-09-20 10:24:16,014 [c3e532f8-1a8e-44f3-b56b-d765aee893af:group-0C973AAD6CA5:LeaderElection26] INFO  impl.RaftServerImpl (RaftServerImpl.java:setRole(171)) - c3e532f8-1a8e-44f3-b56b-d765aee893af:group-0C973AAD6CA5 changes role from CANDIDATE to LEADER at term 1 for changeToLeader
2019-09-20 10:24:16,014 [c3e532f8-1a8e-44f3-b56b-d765aee893af:group-0C973AAD6CA5:LeaderElection26] INFO  impl.RaftServerImpl (ServerState.java:setLeader(263)) - c3e532f8-1a8e-44f3-b56b-d765aee893af:group-0C973AAD6CA5 change Leader from null to c3e532f8-1a8e-44f3-b56b-d765aee893af at term 1 for becomeLeader, leader elected after 1257ms
2019-09-20 10:24:16,014 [c3e532f8-1a8e-44f3-b56b-d765aee893af:group-0C973AAD6CA5:LeaderElection26] INFO  server.RaftServerConfigKeys (ConfUtils.java:logGet(43)) - raft.server.staging.catchup.gap = 1000 (default)
2019-09-20 10:24:16,015 [c3e532f8-1a8e-44f3-b56b-d765aee893af:group-0C973AAD6CA5:LeaderElection26] INFO  server.RaftServerConfigKeys (ConfUtils.java:logGet(43)) - raft.server.rpc.sleep.time = 25ms (default)
2019-09-20 10:24:16,015 [c3e532f8-1a8e-44f3-b56b-d765aee893af:group-0C973AAD6CA5:LeaderElection26] INFO  server.RaftServerConfigKeys (ConfUtils.java:logGet(43)) - raft.server.write.element-limit = 4096 (default)
2019-09-20 10:24:16,015 [c3e532f8-1a8e-44f3-b56b-d765aee893af:group-0C973AAD6CA5:LeaderElection26] INFO  server.RaftServerConfigKeys (ConfUtils.java:logGet(43)) - raft.server.watch.timeout = 10s (default)
2019-09-20 10:24:16,015 [c3e532f8-1a8e-44f3-b56b-d765aee893af:group-0C973AAD6CA5:LeaderElection26] INFO  server.RaftServerConfigKeys (ConfUtils.java:logGet(43)) - raft.server.watch.timeout.denomination = 1s (default)
2019-09-20 10:24:16,015 [c3e532f8-1a8e-44f3-b56b-d765aee893af:group-0C973AAD6CA5:LeaderElection26] INFO  server.RaftServerConfigKeys (ConfUtils.java:logGet(43)) - raft.server.watch.element-limit = 65536 (default)
2019-09-20 10:24:16,015 [c3e532f8-1a8e-44f3-b56b-d765aee893af:group-0C973AAD6CA5:LeaderElection26] INFO  impl.RoleInfo (RoleInfo.java:updateAndGet(143)) - c3e532f8-1a8e-44f3-b56b-d765aee893af: start LeaderState
2019-09-20 10:24:16,015 [c3e532f8-1a8e-44f3-b56b-d765aee893af:group-0C973AAD6CA5:LeaderElection26] INFO  segmented.SegmentedRaftLogWorker (SegmentedRaftLogWorker.java:startLogSegment(380)) - c3e532f8-1a8e-44f3-b56b-d765aee893af-SegmentedRaftLogWorker:Storage Directory /workdir/hadoop-ozone/integration-test/target/test-dir/MiniOzoneClusterImpl-7bc36abf-c66f-431a-931d-8c1e5526238d/datanode-3/data/ratis/131aa93f-d655-40b5-b383-0c973aad6ca5: Starting segment from index:0
2019-09-20 10:24:16,017 [c3e532f8-1a8e-44f3-b56b-d765aee893af:group-0C973AAD6CA5:LeaderElection26] INFO  impl.RaftServerImpl (ServerState.java:setRaftConf(361)) - c3e532f8-1a8e-44f3-b56b-d765aee893af:group-0C973AAD6CA5 set configuration 0: [c3e532f8-1a8e-44f3-b56b-d765aee893af:192.168.36.99:34965], old=null at 0
2019-09-20 10:24:16,054 [Thread-362] INFO  impl.FollowerState (FollowerState.java:run(106)) - c3e532f8-1a8e-44f3-b56b-d765aee893af:group-8B56E8AB76AD changes to CANDIDATE, lastRpcTime:1054, electionTimeout:1036ms
2019-09-20 10:24:16,055 [Thread-362] INFO  impl.RoleInfo (RoleInfo.java:shutdownFollowerState(121)) - c3e532f8-1a8e-44f3-b56b-d765aee893af: shutdown FollowerState
2019-09-20 10:24:16,055 [Thread-362] INFO  impl.RaftServerImpl (RaftServerImpl.java:setRole(171)) - c3e532f8-1a8e-44f3-b56b-d765aee893af:group-8B56E8AB76AD changes role from FOLLOWER to CANDIDATE at term 0 for changeToCandidate
2019-09-20 10:24:16,055 [Thread-362] INFO  impl.RoleInfo (RoleInfo.java:updateAndGet(143)) - c3e532f8-1a8e-44f3-b56b-d765aee893af: start LeaderElection
2019-09-20 10:24:16,065 [grpc-default-executor-0] INFO  impl.RaftServerProxy (RaftServerProxy.java:addNew(89)) - 1ab786b9-c79c-4265-88a1-5b3344c6beda: addNew group-14EA3936E8E7:[1ab786b9-c79c-4265-88a1-5b3344c6beda:192.168.36.99:42782] returns group-14EA3936E8E7:java.util.concurrent.CompletableFuture@4aa6760a[Not completed]
2019-09-20 10:24:16,067 [pool-82-thread-1] INFO  impl.RaftServerImpl (RaftServerImpl.java:<init>(93)) - 1ab786b9-c79c-4265-88a1-5b3344c6beda: new RaftServerImpl for group-14EA3936E8E7:[1ab786b9-c79c-4265-88a1-5b3344c6beda:192.168.36.99:42782] with ContainerStateMachine:uninitialized
2019-09-20 10:24:16,067 [pool-82-thread-1] INFO  server.RaftServerConfigKeys (ConfUtils.java:logGet(43)) - raft.server.rpc.timeout.min = 1s (custom)
2019-09-20 10:24:16,067 [pool-82-thread-1] INFO  server.RaftServerConfigKeys (ConfUtils.java:logGet(43)) - raft.server.rpc.timeout.max = 1200ms (custom)
2019-09-20 10:24:16,068 [pool-82-thread-1] INFO  server.RaftServerConfigKeys (ConfUtils.java:logGet(43)) - raft.server.rpcslowness.timeout = 120s (custom)
2019-09-20 10:24:16,068 [pool-82-thread-1] INFO  server.RaftServerConfigKeys (ConfUtils.java:logGet(43)) - raft.server.sleep.deviation.threshold = 300 (default)
2019-09-20 10:24:16,068 [pool-82-thread-1] INFO  server.RaftServerConfigKeys (ConfUtils.java:logGet(43)) - raft.server.log.appender.install.snapshot.enabled = false (custom)
2019-09-20 10:24:16,068 [pool-82-thread-1] INFO  impl.RaftServerImpl (ServerState.java:<init>(105)) - 1ab786b9-c79c-4265-88a1-5b3344c6beda:group-14EA3936E8E7 ConfigurationManager, init=-1: [1ab786b9-c79c-4265-88a1-5b3344c6beda:192.168.36.99:42782], old=null, confs=<EMPTY_MAP>
2019-09-20 10:24:16,068 [pool-82-thread-1] INFO  server.RaftServerConfigKeys (ConfUtils.java:logGet(43)) - raft.server.storage.dir = [/workdir/hadoop-ozone/integration-test/target/test-dir/MiniOzoneClusterImpl-7bc36abf-c66f-431a-931d-8c1e5526238d/datanode-5/data/ratis] (custom)
2019-09-20 10:24:16,069 [pool-82-thread-1] INFO  storage.RaftStorageDirectory (RaftStorageDirectory.java:analyzeStorage(246)) - The storage directory /workdir/hadoop-ozone/integration-test/target/test-dir/MiniOzoneClusterImpl-7bc36abf-c66f-431a-931d-8c1e5526238d/datanode-5/data/ratis/9b1957db-9729-4216-b868-14ea3936e8e7 does not exist. Creating ...
2019-09-20 10:24:16,072 [c3e532f8-1a8e-44f3-b56b-d765aee893af-SegmentedRaftLogWorker:Storage Directory /workdir/hadoop-ozone/integration-test/target/test-dir/MiniOzoneClusterImpl-7bc36abf-c66f-431a-931d-8c1e5526238d/datanode-3/data/ratis/131aa93f-d655-40b5-b383-0c973aad6ca5] INFO  segmented.SegmentedRaftLogWorker (SegmentedRaftLogWorker.java:execute(569)) - c3e532f8-1a8e-44f3-b56b-d765aee893af-SegmentedRaftLogWorker:Storage Directory /workdir/hadoop-ozone/integration-test/target/test-dir/MiniOzoneClusterImpl-7bc36abf-c66f-431a-931d-8c1e5526238d/datanode-3/data/ratis/131aa93f-d655-40b5-b383-0c973aad6ca5: created new log segment /workdir/hadoop-ozone/integration-test/target/test-dir/MiniOzoneClusterImpl-7bc36abf-c66f-431a-931d-8c1e5526238d/datanode-3/data/ratis/131aa93f-d655-40b5-b383-0c973aad6ca5/current/log_inprogress_0
2019-09-20 10:24:16,089 [pool-82-thread-1] INFO  storage.RaftStorageDirectory (RaftStorageDirectory.java:tryLock(328)) - Lock on /workdir/hadoop-ozone/integration-test/target/test-dir/MiniOzoneClusterImpl-7bc36abf-c66f-431a-931d-8c1e5526238d/datanode-5/data/ratis/9b1957db-9729-4216-b868-14ea3936e8e7/in_use.lock acquired by nodename 28506@pr-hdds-1569-p5fx8-1226042367
2019-09-20 10:24:16,090 [c3e532f8-1a8e-44f3-b56b-d765aee893af:group-8B56E8AB76AD:LeaderElection27] INFO  impl.LeaderElection (LeaderElection.java:askForVotes(181)) - c3e532f8-1a8e-44f3-b56b-d765aee893af:group-8B56E8AB76AD:LeaderElection27: begin an election at term 1 for -1: [c3e532f8-1a8e-44f3-b56b-d765aee893af:192.168.36.99:34965], old=null
2019-09-20 10:24:16,090 [c3e532f8-1a8e-44f3-b56b-d765aee893af:group-8B56E8AB76AD:LeaderElection27] INFO  impl.RoleInfo (RoleInfo.java:shutdownLeaderElection(134)) - c3e532f8-1a8e-44f3-b56b-d765aee893af: shutdown LeaderElection
2019-09-20 10:24:16,090 [c3e532f8-1a8e-44f3-b56b-d765aee893af:group-8B56E8AB76AD:LeaderElection27] INFO  impl.RaftServerImpl (RaftServerImpl.java:setRole(171)) - c3e532f8-1a8e-44f3-b56b-d765aee893af:group-8B56E8AB76AD changes role from CANDIDATE to LEADER at term 1 for changeToLeader
2019-09-20 10:24:16,090 [c3e532f8-1a8e-44f3-b56b-d765aee893af:group-8B56E8AB76AD:LeaderElection27] INFO  impl.RaftServerImpl (ServerState.java:setLeader(263)) - c3e532f8-1a8e-44f3-b56b-d765aee893af:group-8B56E8AB76AD change Leader from null to c3e532f8-1a8e-44f3-b56b-d765aee893af at term 1 for becomeLeader, leader elected after 1190ms
2019-09-20 10:24:16,090 [c3e532f8-1a8e-44f3-b56b-d765aee893af:group-8B56E8AB76AD:LeaderElection27] INFO  server.RaftServerConfigKeys (ConfUtils.java:logGet(43)) - raft.server.staging.catchup.gap = 1000 (default)
2019-09-20 10:24:16,090 [c3e532f8-1a8e-44f3-b56b-d765aee893af:group-8B56E8AB76AD:LeaderElection27] INFO  server.RaftServerConfigKeys (ConfUtils.java:logGet(43)) - raft.server.rpc.sleep.time = 25ms (default)
2019-09-20 10:24:16,091 [c3e532f8-1a8e-44f3-b56b-d765aee893af:group-8B56E8AB76AD:LeaderElection27] INFO  server.RaftServerConfigKeys (ConfUtils.java:logGet(43)) - raft.server.write.element-limit = 4096 (default)
2019-09-20 10:24:16,091 [c3e532f8-1a8e-44f3-b56b-d765aee893af:group-8B56E8AB76AD:LeaderElection27] INFO  server.RaftServerConfigKeys (ConfUtils.java:logGet(43)) - raft.server.watch.timeout = 10s (default)
2019-09-20 10:24:16,091 [c3e532f8-1a8e-44f3-b56b-d765aee893af:group-8B56E8AB76AD:LeaderElection27] INFO  server.RaftServerConfigKeys (ConfUtils.java:logGet(43)) - raft.server.watch.timeout.denomination = 1s (default)
2019-09-20 10:24:16,091 [c3e532f8-1a8e-44f3-b56b-d765aee893af:group-8B56E8AB76AD:LeaderElection27] INFO  server.RaftServerConfigKeys (ConfUtils.java:logGet(43)) - raft.server.watch.element-limit = 65536 (default)
2019-09-20 10:24:16,091 [c3e532f8-1a8e-44f3-b56b-d765aee893af:group-8B56E8AB76AD:LeaderElection27] INFO  impl.RoleInfo (RoleInfo.java:updateAndGet(143)) - c3e532f8-1a8e-44f3-b56b-d765aee893af: start LeaderState
2019-09-20 10:24:16,092 [c3e532f8-1a8e-44f3-b56b-d765aee893af:group-8B56E8AB76AD:LeaderElection27] INFO  segmented.SegmentedRaftLogWorker (SegmentedRaftLogWorker.java:startLogSegment(380)) - c3e532f8-1a8e-44f3-b56b-d765aee893af-SegmentedRaftLogWorker:Storage Directory /workdir/hadoop-ozone/integration-test/target/test-dir/MiniOzoneClusterImpl-7bc36abf-c66f-431a-931d-8c1e5526238d/datanode-3/data/ratis/36713817-fa91-4e03-80c6-8b56e8ab76ad: Starting segment from index:0
2019-09-20 10:24:16,092 [c3e532f8-1a8e-44f3-b56b-d765aee893af:group-8B56E8AB76AD:LeaderElection27] INFO  impl.RaftServerImpl (ServerState.java:setRaftConf(361)) - c3e532f8-1a8e-44f3-b56b-d765aee893af:group-8B56E8AB76AD set configuration 0: [c3e532f8-1a8e-44f3-b56b-d765aee893af:192.168.36.99:34965], old=null at 0
2019-09-20 10:24:16,134 [pool-82-thread-1] INFO  storage.RaftStorage (RaftStorage.java:format(72)) - Storage directory /workdir/hadoop-ozone/integration-test/target/test-dir/MiniOzoneClusterImpl-7bc36abf-c66f-431a-931d-8c1e5526238d/datanode-5/data/ratis/9b1957db-9729-4216-b868-14ea3936e8e7 has been successfully formatted.
2019-09-20 10:24:16,135 [pool-82-thread-1] INFO  ratis.ContainerStateMachine (ContainerStateMachine.java:loadSnapshot(226)) - group-14EA3936E8E7: The snapshot info is null. Setting the last applied indexto:(t:0, i:~)
2019-09-20 10:24:16,135 [pool-82-thread-1] INFO  server.RaftServerConfigKeys (ConfUtils.java:logGet(43)) - raft.server.leader.election.timeout = 120s (custom)
2019-09-20 10:24:16,135 [pool-82-thread-1] INFO  server.RaftServerConfigKeys (ConfUtils.java:logGet(43)) - raft.server.log.use.memory = false (default)
2019-09-20 10:24:16,136 [pool-82-thread-1] INFO  server.RaftServerConfigKeys (ConfUtils.java:logGet(43)) - raft.server.log.purge.gap = 1000000 (custom)
2019-09-20 10:24:16,136 [pool-82-thread-1] INFO  server.RaftServerConfigKeys (ConfUtils.java:logGet(43)) - raft.server.log.appender.buffer.byte-limit = 33554432 (custom)
2019-09-20 10:24:16,136 [pool-82-thread-1] INFO  server.RaftServerConfigKeys (ConfUtils.java:logGet(43)) - raft.server.log.segment.size.max = 1048576 (custom)
2019-09-20 10:24:16,136 [pool-82-thread-1] INFO  server.RaftServerConfigKeys (ConfUtils.java:logGet(43)) - raft.server.log.segment.cache.num.max = 2 (custom)
2019-09-20 10:24:16,136 [pool-82-thread-1] INFO  segmented.SegmentedRaftLogWorker (SegmentedRaftLogWorker.java:<init>(172)) - new 1ab786b9-c79c-4265-88a1-5b3344c6beda-SegmentedRaftLogWorker:Storage Directory /workdir/hadoop-ozone/integration-test/target/test-dir/MiniOzoneClusterImpl-7bc36abf-c66f-431a-931d-8c1e5526238d/datanode-5/data/ratis/9b1957db-9729-4216-b868-14ea3936e8e7 for RaftStorage:Storage Directory /workdir/hadoop-ozone/integration-test/target/test-dir/MiniOzoneClusterImpl-7bc36abf-c66f-431a-931d-8c1e5526238d/datanode-5/data/ratis/9b1957db-9729-4216-b868-14ea3936e8e7
2019-09-20 10:24:16,137 [pool-82-thread-1] INFO  server.RaftServerConfigKeys (ConfUtils.java:logGet(43)) - raft.server.log.queue.byte-limit = 2147483647 (custom)
2019-09-20 10:24:16,137 [pool-82-thread-1] INFO  server.RaftServerConfigKeys (ConfUtils.java:logGet(43)) - raft.server.log.queue.element-limit = 1024 (custom)
2019-09-20 10:24:16,137 [pool-82-thread-1] INFO  server.RaftServerConfigKeys (ConfUtils.java:logGet(43)) - raft.server.log.segment.size.max = 1048576 (custom)
2019-09-20 10:24:16,137 [pool-82-thread-1] INFO  server.RaftServerConfigKeys (ConfUtils.java:logGet(43)) - raft.server.log.preallocated.size = 16384 (custom)
2019-09-20 10:24:16,137 [pool-82-thread-1] INFO  server.RaftServerConfigKeys (ConfUtils.java:logGet(43)) - raft.server.log.write.buffer.size = 33554432 (custom)
2019-09-20 10:24:16,138 [pool-82-thread-1] INFO  server.RaftServerConfigKeys (ConfUtils.java:logGet(43)) - raft.server.log.force.sync.num = 128 (default)
2019-09-20 10:24:16,138 [pool-82-thread-1] INFO  server.RaftServerConfigKeys (ConfUtils.java:logGet(43)) - raft.server.log.statemachine.data.sync = true (default)
2019-09-20 10:24:16,138 [pool-82-thread-1] INFO  server.RaftServerConfigKeys (ConfUtils.java:logGet(43)) - raft.server.log.statemachine.data.sync.timeout = 10s (default)
2019-09-20 10:24:16,138 [pool-82-thread-1] INFO  server.RaftServerConfigKeys (ConfUtils.java:logGet(43)) - raft.server.log.statemachine.data.sync.timeout.retry = -1 (default)
2019-09-20 10:24:16,139 [pool-82-thread-1] INFO  server.RaftServerConfigKeys (ConfUtils.java:logGet(43)) - raft.server.log.statemachine.data.caching.enabled = true (custom)
2019-09-20 10:24:16,139 [pool-82-thread-1] INFO  segmented.SegmentedRaftLogWorker (SegmentedRaftLogWorker.java:lambda$new$0(132)) - 1ab786b9-c79c-4265-88a1-5b3344c6beda-SegmentedRaftLogWorker:Storage Directory /workdir/hadoop-ozone/integration-test/target/test-dir/MiniOzoneClusterImpl-7bc36abf-c66f-431a-931d-8c1e5526238d/datanode-5/data/ratis/9b1957db-9729-4216-b868-14ea3936e8e7: flushIndex: setUnconditionally 0 -> -1
2019-09-20 10:24:16,139 [pool-82-thread-1] INFO  server.RaftServerConfigKeys (ConfUtils.java:logGet(43)) - raft.server.snapshot.auto.trigger.enabled = true (custom)
2019-09-20 10:24:16,140 [pool-82-thread-1] INFO  server.RaftServerConfigKeys (ConfUtils.java:logGet(43)) - raft.server.snapshot.auto.trigger.threshold = 10000 (custom)
2019-09-20 10:24:16,140 [pool-82-thread-1] INFO  server.RaftServerConfigKeys (ConfUtils.java:logGet(43)) - raft.server.retrycache.expirytime = 600000ms (custom)
2019-09-20 10:24:16,140 [pool-82-thread-1] INFO  impl.RaftServerImpl (RaftServerImpl.java:start(180)) - 1ab786b9-c79c-4265-88a1-5b3344c6beda: start group-14EA3936E8E7
2019-09-20 10:24:16,140 [pool-82-thread-1] INFO  impl.RaftServerImpl (RaftServerImpl.java:setRole(171)) - 1ab786b9-c79c-4265-88a1-5b3344c6beda:group-14EA3936E8E7 changes role from null to FOLLOWER at term 0 for startAsFollower
2019-09-20 10:24:16,141 [pool-82-thread-1] INFO  impl.RoleInfo (RoleInfo.java:updateAndGet(143)) - 1ab786b9-c79c-4265-88a1-5b3344c6beda: start FollowerState
2019-09-20 10:24:16,141 [pool-82-thread-1] INFO  util.JmxRegister (JmxRegister.java:tryRegister(44)) - Successfully registered JMX Bean with object name Ratis:service=RaftServer,group=group-14EA3936E8E7,id=1ab786b9-c79c-4265-88a1-5b3344c6beda
2019-09-20 10:24:16,147 [RatisPipelineUtilsThread] INFO  pipeline.PipelineStateManager (PipelineStateManager.java:addPipeline(56)) - Created pipeline Pipeline[ Id: 9b1957db-9729-4216-b868-14ea3936e8e7, Nodes: 1ab786b9-c79c-4265-88a1-5b3344c6beda{ip: 192.168.36.99, host: pr-hdds-1569-p5fx8-1226042367, networkLocation: /default-rack, certSerialId: null}, Type:RATIS, Factor:ONE, State:OPEN]
2019-09-20 10:24:16,147 [RatisPipelineUtilsThread] INFO  pipeline.PipelinePlacementPolicy (PipelinePlacementPolicy.java:meetCriteria(91)) - Pipeline Placement: Doesn't meet the criteria to be viable node： 17e2ba94-38a1-40e7-84e0-f6802901db84 Heaviness: 6 limit: 5
2019-09-20 10:24:16,148 [RatisPipelineUtilsThread] INFO  pipeline.PipelinePlacementPolicy (PipelinePlacementPolicy.java:meetCriteria(91)) - Pipeline Placement: Doesn't meet the criteria to be viable node： 3d6f3241-e73c-473a-ad0b-c7be2f7e1dda Heaviness: 6 limit: 5
2019-09-20 10:24:16,148 [RatisPipelineUtilsThread] INFO  pipeline.PipelinePlacementPolicy (PipelinePlacementPolicy.java:meetCriteria(91)) - Pipeline Placement: Doesn't meet the criteria to be viable node： c3e532f8-1a8e-44f3-b56b-d765aee893af Heaviness: 6 limit: 5
2019-09-20 10:24:16,148 [RatisPipelineUtilsThread] INFO  pipeline.PipelinePlacementPolicy (PipelinePlacementPolicy.java:meetCriteria(91)) - Pipeline Placement: Doesn't meet the criteria to be viable node： 1ab786b9-c79c-4265-88a1-5b3344c6beda Heaviness: 6 limit: 5
2019-09-20 10:24:16,148 [RatisPipelineUtilsThread] INFO  pipeline.PipelinePlacementPolicy (PipelinePlacementPolicy.java:meetCriteria(91)) - Pipeline Placement: Doesn't meet the criteria to be viable node： 4d972e91-cb6b-45de-8bd2-c18af7abe58b Heaviness: 6 limit: 5
2019-09-20 10:24:16,148 [RatisPipelineUtilsThread] INFO  pipeline.PipelinePlacementPolicy (PipelinePlacementPolicy.java:meetCriteria(91)) - Pipeline Placement: Doesn't meet the criteria to be viable node： 66416d0b-a71c-4af1-ae3a-62ca63b880a3 Heaviness: 6 limit: 5
2019-09-20 10:24:16,157 [c3e532f8-1a8e-44f3-b56b-d765aee893af-SegmentedRaftLogWorker:Storage Directory /workdir/hadoop-ozone/integration-test/target/test-dir/MiniOzoneClusterImpl-7bc36abf-c66f-431a-931d-8c1e5526238d/datanode-3/data/ratis/36713817-fa91-4e03-80c6-8b56e8ab76ad] INFO  segmented.SegmentedRaftLogWorker (SegmentedRaftLogWorker.java:execute(569)) - c3e532f8-1a8e-44f3-b56b-d765aee893af-SegmentedRaftLogWorker:Storage Directory /workdir/hadoop-ozone/integration-test/target/test-dir/MiniOzoneClusterImpl-7bc36abf-c66f-431a-931d-8c1e5526238d/datanode-3/data/ratis/36713817-fa91-4e03-80c6-8b56e8ab76ad: created new log segment /workdir/hadoop-ozone/integration-test/target/test-dir/MiniOzoneClusterImpl-7bc36abf-c66f-431a-931d-8c1e5526238d/datanode-3/data/ratis/36713817-fa91-4e03-80c6-8b56e8ab76ad/current/log_inprogress_0
2019-09-20 10:24:16,164 [grpc-default-executor-0] INFO  impl.RaftServerProxy (RaftServerProxy.java:addNew(89)) - 7af711bd-b5ae-4a73-a8be-b970cae6c2d1: addNew group-22B80B271321:[7af711bd-b5ae-4a73-a8be-b970cae6c2d1:192.168.36.99:39953] returns group-22B80B271321:java.util.concurrent.CompletableFuture@67950faf[Not completed]
2019-09-20 10:24:16,166 [pool-93-thread-1] INFO  impl.RaftServerImpl (RaftServerImpl.java:<init>(93)) - 7af711bd-b5ae-4a73-a8be-b970cae6c2d1: new RaftServerImpl for group-22B80B271321:[7af711bd-b5ae-4a73-a8be-b970cae6c2d1:192.168.36.99:39953] with ContainerStateMachine:uninitialized
2019-09-20 10:24:16,166 [pool-93-thread-1] INFO  server.RaftServerConfigKeys (ConfUtils.java:logGet(43)) - raft.server.rpc.timeout.min = 1s (custom)
2019-09-20 10:24:16,167 [pool-93-thread-1] INFO  server.RaftServerConfigKeys (ConfUtils.java:logGet(43)) - raft.server.rpc.timeout.max = 1200ms (custom)
2019-09-20 10:24:16,167 [pool-93-thread-1] INFO  server.RaftServerConfigKeys (ConfUtils.java:logGet(43)) - raft.server.rpcslowness.timeout = 120s (custom)
2019-09-20 10:24:16,167 [pool-93-thread-1] INFO  server.RaftServerConfigKeys (ConfUtils.java:logGet(43)) - raft.server.sleep.deviation.threshold = 300 (default)
2019-09-20 10:24:16,167 [pool-93-thread-1] INFO  server.RaftServerConfigKeys (ConfUtils.java:logGet(43)) - raft.server.log.appender.install.snapshot.enabled = false (custom)
2019-09-20 10:24:16,167 [pool-93-thread-1] INFO  impl.RaftServerImpl (ServerState.java:<init>(105)) - 7af711bd-b5ae-4a73-a8be-b970cae6c2d1:group-22B80B271321 ConfigurationManager, init=-1: [7af711bd-b5ae-4a73-a8be-b970cae6c2d1:192.168.36.99:39953], old=null, confs=<EMPTY_MAP>
2019-09-20 10:24:16,168 [pool-93-thread-1] INFO  server.RaftServerConfigKeys (ConfUtils.java:logGet(43)) - raft.server.storage.dir = [/workdir/hadoop-ozone/integration-test/target/test-dir/MiniOzoneClusterImpl-7bc36abf-c66f-431a-931d-8c1e5526238d/datanode-6/data/ratis] (custom)
2019-09-20 10:24:16,168 [pool-93-thread-1] INFO  storage.RaftStorageDirectory (RaftStorageDirectory.java:analyzeStorage(246)) - The storage directory /workdir/hadoop-ozone/integration-test/target/test-dir/MiniOzoneClusterImpl-7bc36abf-c66f-431a-931d-8c1e5526238d/datanode-6/data/ratis/c6d664f1-19c4-4586-99fc-22b80b271321 does not exist. Creating ...
2019-09-20 10:24:16,186 [Thread-365] INFO  impl.FollowerState (FollowerState.java:run(106)) - 4d972e91-cb6b-45de-8bd2-c18af7abe58b:group-30C1C82F590D changes to CANDIDATE, lastRpcTime:1121, electionTimeout:1121ms
2019-09-20 10:24:16,186 [Thread-365] INFO  impl.RoleInfo (RoleInfo.java:shutdownFollowerState(121)) - 4d972e91-cb6b-45de-8bd2-c18af7abe58b: shutdown FollowerState
2019-09-20 10:24:16,186 [Thread-365] INFO  impl.RaftServerImpl (RaftServerImpl.java:setRole(171)) - 4d972e91-cb6b-45de-8bd2-c18af7abe58b:group-30C1C82F590D changes role from FOLLOWER to CANDIDATE at term 0 for changeToCandidate
2019-09-20 10:24:16,186 [Thread-365] INFO  impl.RoleInfo (RoleInfo.java:updateAndGet(143)) - 4d972e91-cb6b-45de-8bd2-c18af7abe58b: start LeaderElection
2019-09-20 10:24:16,191 [pool-93-thread-1] INFO  storage.RaftStorageDirectory (RaftStorageDirectory.java:tryLock(328)) - Lock on /workdir/hadoop-ozone/integration-test/target/test-dir/MiniOzoneClusterImpl-7bc36abf-c66f-431a-931d-8c1e5526238d/datanode-6/data/ratis/c6d664f1-19c4-4586-99fc-22b80b271321/in_use.lock acquired by nodename 28506@pr-hdds-1569-p5fx8-1226042367
2019-09-20 10:24:16,233 [pool-93-thread-1] INFO  storage.RaftStorage (RaftStorage.java:format(72)) - Storage directory /workdir/hadoop-ozone/integration-test/target/test-dir/MiniOzoneClusterImpl-7bc36abf-c66f-431a-931d-8c1e5526238d/datanode-6/data/ratis/c6d664f1-19c4-4586-99fc-22b80b271321 has been successfully formatted.
2019-09-20 10:24:16,233 [4d972e91-cb6b-45de-8bd2-c18af7abe58b:group-30C1C82F590D:LeaderElection28] INFO  impl.LeaderElection (LeaderElection.java:askForVotes(181)) - 4d972e91-cb6b-45de-8bd2-c18af7abe58b:group-30C1C82F590D:LeaderElection28: begin an election at term 1 for -1: [4d972e91-cb6b-45de-8bd2-c18af7abe58b:192.168.36.99:46114], old=null
2019-09-20 10:24:16,234 [4d972e91-cb6b-45de-8bd2-c18af7abe58b:group-30C1C82F590D:LeaderElection28] INFO  impl.RoleInfo (RoleInfo.java:shutdownLeaderElection(134)) - 4d972e91-cb6b-45de-8bd2-c18af7abe58b: shutdown LeaderElection
2019-09-20 10:24:16,234 [pool-93-thread-1] INFO  ratis.ContainerStateMachine (ContainerStateMachine.java:loadSnapshot(226)) - group-22B80B271321: The snapshot info is null. Setting the last applied indexto:(t:0, i:~)
2019-09-20 10:24:16,234 [4d972e91-cb6b-45de-8bd2-c18af7abe58b:group-30C1C82F590D:LeaderElection28] INFO  impl.RaftServerImpl (RaftServerImpl.java:setRole(171)) - 4d972e91-cb6b-45de-8bd2-c18af7abe58b:group-30C1C82F590D changes role from CANDIDATE to LEADER at term 1 for changeToLeader
2019-09-20 10:24:16,234 [pool-93-thread-1] INFO  server.RaftServerConfigKeys (ConfUtils.java:logGet(43)) - raft.server.leader.election.timeout = 120s (custom)
2019-09-20 10:24:16,234 [4d972e91-cb6b-45de-8bd2-c18af7abe58b:group-30C1C82F590D:LeaderElection28] INFO  impl.RaftServerImpl (ServerState.java:setLeader(263)) - 4d972e91-cb6b-45de-8bd2-c18af7abe58b:group-30C1C82F590D change Leader from null to 4d972e91-cb6b-45de-8bd2-c18af7abe58b at term 1 for becomeLeader, leader elected after 1173ms
2019-09-20 10:24:16,234 [pool-93-thread-1] INFO  server.RaftServerConfigKeys (ConfUtils.java:logGet(43)) - raft.server.log.use.memory = false (default)
2019-09-20 10:24:16,234 [4d972e91-cb6b-45de-8bd2-c18af7abe58b:group-30C1C82F590D:LeaderElection28] INFO  server.RaftServerConfigKeys (ConfUtils.java:logGet(43)) - raft.server.staging.catchup.gap = 1000 (default)
2019-09-20 10:24:16,234 [pool-93-thread-1] INFO  server.RaftServerConfigKeys (ConfUtils.java:logGet(43)) - raft.server.log.purge.gap = 1000000 (custom)
2019-09-20 10:24:16,235 [4d972e91-cb6b-45de-8bd2-c18af7abe58b:group-30C1C82F590D:LeaderElection28] INFO  server.RaftServerConfigKeys (ConfUtils.java:logGet(43)) - raft.server.rpc.sleep.time = 25ms (default)
2019-09-20 10:24:16,235 [pool-93-thread-1] INFO  server.RaftServerConfigKeys (ConfUtils.java:logGet(43)) - raft.server.log.appender.buffer.byte-limit = 33554432 (custom)
2019-09-20 10:24:16,235 [4d972e91-cb6b-45de-8bd2-c18af7abe58b:group-30C1C82F590D:LeaderElection28] INFO  server.RaftServerConfigKeys (ConfUtils.java:logGet(43)) - raft.server.write.element-limit = 4096 (default)
2019-09-20 10:24:16,235 [pool-93-thread-1] INFO  server.RaftServerConfigKeys (ConfUtils.java:logGet(43)) - raft.server.log.segment.size.max = 1048576 (custom)
2019-09-20 10:24:16,235 [4d972e91-cb6b-45de-8bd2-c18af7abe58b:group-30C1C82F590D:LeaderElection28] INFO  server.RaftServerConfigKeys (ConfUtils.java:logGet(43)) - raft.server.watch.timeout = 10s (default)
2019-09-20 10:24:16,235 [pool-93-thread-1] INFO  server.RaftServerConfigKeys (ConfUtils.java:logGet(43)) - raft.server.log.segment.cache.num.max = 2 (custom)
2019-09-20 10:24:16,235 [4d972e91-cb6b-45de-8bd2-c18af7abe58b:group-30C1C82F590D:LeaderElection28] INFO  server.RaftServerConfigKeys (ConfUtils.java:logGet(43)) - raft.server.watch.timeout.denomination = 1s (default)
2019-09-20 10:24:16,236 [pool-93-thread-1] INFO  segmented.SegmentedRaftLogWorker (SegmentedRaftLogWorker.java:<init>(172)) - new 7af711bd-b5ae-4a73-a8be-b970cae6c2d1-SegmentedRaftLogWorker:Storage Directory /workdir/hadoop-ozone/integration-test/target/test-dir/MiniOzoneClusterImpl-7bc36abf-c66f-431a-931d-8c1e5526238d/datanode-6/data/ratis/c6d664f1-19c4-4586-99fc-22b80b271321 for RaftStorage:Storage Directory /workdir/hadoop-ozone/integration-test/target/test-dir/MiniOzoneClusterImpl-7bc36abf-c66f-431a-931d-8c1e5526238d/datanode-6/data/ratis/c6d664f1-19c4-4586-99fc-22b80b271321
2019-09-20 10:24:16,236 [4d972e91-cb6b-45de-8bd2-c18af7abe58b:group-30C1C82F590D:LeaderElection28] INFO  server.RaftServerConfigKeys (ConfUtils.java:logGet(43)) - raft.server.watch.element-limit = 65536 (default)
2019-09-20 10:24:16,236 [pool-93-thread-1] INFO  server.RaftServerConfigKeys (ConfUtils.java:logGet(43)) - raft.server.log.queue.byte-limit = 2147483647 (custom)
2019-09-20 10:24:16,236 [4d972e91-cb6b-45de-8bd2-c18af7abe58b:group-30C1C82F590D:LeaderElection28] INFO  impl.RoleInfo (RoleInfo.java:updateAndGet(143)) - 4d972e91-cb6b-45de-8bd2-c18af7abe58b: start LeaderState
2019-09-20 10:24:16,236 [pool-93-thread-1] INFO  server.RaftServerConfigKeys (ConfUtils.java:logGet(43)) - raft.server.log.queue.element-limit = 1024 (custom)
2019-09-20 10:24:16,236 [4d972e91-cb6b-45de-8bd2-c18af7abe58b:group-30C1C82F590D:LeaderElection28] INFO  segmented.SegmentedRaftLogWorker (SegmentedRaftLogWorker.java:startLogSegment(380)) - 4d972e91-cb6b-45de-8bd2-c18af7abe58b-SegmentedRaftLogWorker:Storage Directory /workdir/hadoop-ozone/integration-test/target/test-dir/MiniOzoneClusterImpl-7bc36abf-c66f-431a-931d-8c1e5526238d/datanode-4/data/ratis/6920b02b-a39a-484a-a0d5-30c1c82f590d: Starting segment from index:0
2019-09-20 10:24:16,237 [pool-93-thread-1] INFO  server.RaftServerConfigKeys (ConfUtils.java:logGet(43)) - raft.server.log.segment.size.max = 1048576 (custom)
2019-09-20 10:24:16,237 [pool-93-thread-1] INFO  server.RaftServerConfigKeys (ConfUtils.java:logGet(43)) - raft.server.log.preallocated.size = 16384 (custom)
2019-09-20 10:24:16,237 [pool-93-thread-1] INFO  server.RaftServerConfigKeys (ConfUtils.java:logGet(43)) - raft.server.log.write.buffer.size = 33554432 (custom)
2019-09-20 10:24:16,237 [4d972e91-cb6b-45de-8bd2-c18af7abe58b:group-30C1C82F590D:LeaderElection28] INFO  impl.RaftServerImpl (ServerState.java:setRaftConf(361)) - 4d972e91-cb6b-45de-8bd2-c18af7abe58b:group-30C1C82F590D set configuration 0: [4d972e91-cb6b-45de-8bd2-c18af7abe58b:192.168.36.99:46114], old=null at 0
2019-09-20 10:24:16,237 [pool-93-thread-1] INFO  server.RaftServerConfigKeys (ConfUtils.java:logGet(43)) - raft.server.log.force.sync.num = 128 (default)
2019-09-20 10:24:16,239 [pool-93-thread-1] INFO  server.RaftServerConfigKeys (ConfUtils.java:logGet(43)) - raft.server.log.statemachine.data.sync = true (default)
2019-09-20 10:24:16,240 [pool-93-thread-1] INFO  server.RaftServerConfigKeys (ConfUtils.java:logGet(43)) - raft.server.log.statemachine.data.sync.timeout = 10s (default)
2019-09-20 10:24:16,240 [pool-93-thread-1] INFO  server.RaftServerConfigKeys (ConfUtils.java:logGet(43)) - raft.server.log.statemachine.data.sync.timeout.retry = -1 (default)
2019-09-20 10:24:16,240 [pool-93-thread-1] INFO  server.RaftServerConfigKeys (ConfUtils.java:logGet(43)) - raft.server.log.statemachine.data.caching.enabled = true (custom)
2019-09-20 10:24:16,240 | INFO  | SCMAudit | user=jenkins1000 | ip=192.168.36.99 | op=SEND_HEARTBEAT {datanodeUUID=66416d0b-a71c-4af1-ae3a-62ca63b880a3, command=[]} | ret=SUCCESS |  
2019-09-20 10:24:16,240 | INFO  | SCMAudit | user=jenkins1000 | ip=192.168.36.99 | op=SEND_HEARTBEAT {datanodeUUID=c3e532f8-1a8e-44f3-b56b-d765aee893af, command=[]} | ret=SUCCESS |  
2019-09-20 10:24:16,240 [pool-93-thread-1] INFO  segmented.SegmentedRaftLogWorker (SegmentedRaftLogWorker.java:lambda$new$0(132)) - 7af711bd-b5ae-4a73-a8be-b970cae6c2d1-SegmentedRaftLogWorker:Storage Directory /workdir/hadoop-ozone/integration-test/target/test-dir/MiniOzoneClusterImpl-7bc36abf-c66f-431a-931d-8c1e5526238d/datanode-6/data/ratis/c6d664f1-19c4-4586-99fc-22b80b271321: flushIndex: setUnconditionally 0 -> -1
2019-09-20 10:24:16,241 [pool-93-thread-1] INFO  server.RaftServerConfigKeys (ConfUtils.java:logGet(43)) - raft.server.snapshot.auto.trigger.enabled = true (custom)
2019-09-20 10:24:16,241 [pool-93-thread-1] INFO  server.RaftServerConfigKeys (ConfUtils.java:logGet(43)) - raft.server.snapshot.auto.trigger.threshold = 10000 (custom)
2019-09-20 10:24:16,241 [pool-93-thread-1] INFO  server.RaftServerConfigKeys (ConfUtils.java:logGet(43)) - raft.server.retrycache.expirytime = 600000ms (custom)
2019-09-20 10:24:16,242 [pool-93-thread-1] INFO  impl.RaftServerImpl (RaftServerImpl.java:start(180)) - 7af711bd-b5ae-4a73-a8be-b970cae6c2d1: start group-22B80B271321
2019-09-20 10:24:16,242 [pool-93-thread-1] INFO  impl.RaftServerImpl (RaftServerImpl.java:setRole(171)) - 7af711bd-b5ae-4a73-a8be-b970cae6c2d1:group-22B80B271321 changes role from null to FOLLOWER at term 0 for startAsFollower
2019-09-20 10:24:16,242 [pool-93-thread-1] INFO  impl.RoleInfo (RoleInfo.java:updateAndGet(143)) - 7af711bd-b5ae-4a73-a8be-b970cae6c2d1: start FollowerState
2019-09-20 10:24:16,243 [pool-93-thread-1] INFO  util.JmxRegister (JmxRegister.java:tryRegister(44)) - Successfully registered JMX Bean with object name Ratis:service=RaftServer,group=group-22B80B271321,id=7af711bd-b5ae-4a73-a8be-b970cae6c2d1
2019-09-20 10:24:16,286 [RatisPipelineUtilsThread] INFO  pipeline.PipelineStateManager (PipelineStateManager.java:addPipeline(56)) - Created pipeline Pipeline[ Id: c6d664f1-19c4-4586-99fc-22b80b271321, Nodes: 7af711bd-b5ae-4a73-a8be-b970cae6c2d1{ip: 192.168.36.99, host: pr-hdds-1569-p5fx8-1226042367, networkLocation: /default-rack, certSerialId: null}, Type:RATIS, Factor:ONE, State:OPEN]
2019-09-20 10:24:16,287 [RatisPipelineUtilsThread] INFO  pipeline.PipelinePlacementPolicy (PipelinePlacementPolicy.java:meetCriteria(91)) - Pipeline Placement: Doesn't meet the criteria to be viable node： 17e2ba94-38a1-40e7-84e0-f6802901db84 Heaviness: 6 limit: 5
2019-09-20 10:24:16,287 [RatisPipelineUtilsThread] INFO  pipeline.PipelinePlacementPolicy (PipelinePlacementPolicy.java:meetCriteria(91)) - Pipeline Placement: Doesn't meet the criteria to be viable node： 3d6f3241-e73c-473a-ad0b-c7be2f7e1dda Heaviness: 6 limit: 5
2019-09-20 10:24:16,287 [RatisPipelineUtilsThread] INFO  pipeline.PipelinePlacementPolicy (PipelinePlacementPolicy.java:meetCriteria(91)) - Pipeline Placement: Doesn't meet the criteria to be viable node： c3e532f8-1a8e-44f3-b56b-d765aee893af Heaviness: 6 limit: 5
2019-09-20 10:24:16,287 [RatisPipelineUtilsThread] INFO  pipeline.PipelinePlacementPolicy (PipelinePlacementPolicy.java:meetCriteria(91)) - Pipeline Placement: Doesn't meet the criteria to be viable node： 1ab786b9-c79c-4265-88a1-5b3344c6beda Heaviness: 6 limit: 5
2019-09-20 10:24:16,287 [RatisPipelineUtilsThread] INFO  pipeline.PipelinePlacementPolicy (PipelinePlacementPolicy.java:meetCriteria(91)) - Pipeline Placement: Doesn't meet the criteria to be viable node： 4d972e91-cb6b-45de-8bd2-c18af7abe58b Heaviness: 6 limit: 5
2019-09-20 10:24:16,288 [RatisPipelineUtilsThread] INFO  pipeline.PipelinePlacementPolicy (PipelinePlacementPolicy.java:meetCriteria(91)) - Pipeline Placement: Doesn't meet the criteria to be viable node： 66416d0b-a71c-4af1-ae3a-62ca63b880a3 Heaviness: 6 limit: 5
2019-09-20 10:24:16,302 [4d972e91-cb6b-45de-8bd2-c18af7abe58b-SegmentedRaftLogWorker:Storage Directory /workdir/hadoop-ozone/integration-test/target/test-dir/MiniOzoneClusterImpl-7bc36abf-c66f-431a-931d-8c1e5526238d/datanode-4/data/ratis/6920b02b-a39a-484a-a0d5-30c1c82f590d] INFO  segmented.SegmentedRaftLogWorker (SegmentedRaftLogWorker.java:execute(569)) - 4d972e91-cb6b-45de-8bd2-c18af7abe58b-SegmentedRaftLogWorker:Storage Directory /workdir/hadoop-ozone/integration-test/target/test-dir/MiniOzoneClusterImpl-7bc36abf-c66f-431a-931d-8c1e5526238d/datanode-4/data/ratis/6920b02b-a39a-484a-a0d5-30c1c82f590d: created new log segment /workdir/hadoop-ozone/integration-test/target/test-dir/MiniOzoneClusterImpl-7bc36abf-c66f-431a-931d-8c1e5526238d/datanode-4/data/ratis/6920b02b-a39a-484a-a0d5-30c1c82f590d/current/log_inprogress_0
2019-09-20 10:24:16,303 | INFO  | SCMAudit | user=jenkins1000 | ip=192.168.36.99 | op=SEND_HEARTBEAT {datanodeUUID=4d972e91-cb6b-45de-8bd2-c18af7abe58b, command=[]} | ret=SUCCESS |  
2019-09-20 10:24:16,307 [Thread-368] INFO  impl.FollowerState (FollowerState.java:run(106)) - 4d972e91-cb6b-45de-8bd2-c18af7abe58b:group-71DB867EECC1 changes to CANDIDATE, lastRpcTime:1175, electionTimeout:1175ms
2019-09-20 10:24:16,307 [Thread-368] INFO  impl.RoleInfo (RoleInfo.java:shutdownFollowerState(121)) - 4d972e91-cb6b-45de-8bd2-c18af7abe58b: shutdown FollowerState
2019-09-20 10:24:16,307 [Thread-368] INFO  impl.RaftServerImpl (RaftServerImpl.java:setRole(171)) - 4d972e91-cb6b-45de-8bd2-c18af7abe58b:group-71DB867EECC1 changes role from FOLLOWER to CANDIDATE at term 0 for changeToCandidate
2019-09-20 10:24:16,307 [Thread-368] INFO  impl.RoleInfo (RoleInfo.java:updateAndGet(143)) - 4d972e91-cb6b-45de-8bd2-c18af7abe58b: start LeaderElection
2019-09-20 10:24:16,321 [grpc-default-executor-0] INFO  impl.RaftServerProxy (RaftServerProxy.java:addNew(89)) - 7af711bd-b5ae-4a73-a8be-b970cae6c2d1: addNew group-5A633E8C9C02:[7af711bd-b5ae-4a73-a8be-b970cae6c2d1:192.168.36.99:39953] returns group-5A633E8C9C02:java.util.concurrent.CompletableFuture@86cc8c7[Not completed]
2019-09-20 10:24:16,322 [pool-93-thread-1] INFO  impl.RaftServerImpl (RaftServerImpl.java:<init>(93)) - 7af711bd-b5ae-4a73-a8be-b970cae6c2d1: new RaftServerImpl for group-5A633E8C9C02:[7af711bd-b5ae-4a73-a8be-b970cae6c2d1:192.168.36.99:39953] with ContainerStateMachine:uninitialized
2019-09-20 10:24:16,323 [pool-93-thread-1] INFO  server.RaftServerConfigKeys (ConfUtils.java:logGet(43)) - raft.server.rpc.timeout.min = 1s (custom)
2019-09-20 10:24:16,323 [pool-93-thread-1] INFO  server.RaftServerConfigKeys (ConfUtils.java:logGet(43)) - raft.server.rpc.timeout.max = 1200ms (custom)
2019-09-20 10:24:16,323 [pool-93-thread-1] INFO  server.RaftServerConfigKeys (ConfUtils.java:logGet(43)) - raft.server.rpcslowness.timeout = 120s (custom)
2019-09-20 10:24:16,323 [pool-93-thread-1] INFO  server.RaftServerConfigKeys (ConfUtils.java:logGet(43)) - raft.server.sleep.deviation.threshold = 300 (default)
2019-09-20 10:24:16,323 [pool-93-thread-1] INFO  server.RaftServerConfigKeys (ConfUtils.java:logGet(43)) - raft.server.log.appender.install.snapshot.enabled = false (custom)
2019-09-20 10:24:16,324 [pool-93-thread-1] INFO  impl.RaftServerImpl (ServerState.java:<init>(105)) - 7af711bd-b5ae-4a73-a8be-b970cae6c2d1:group-5A633E8C9C02 ConfigurationManager, init=-1: [7af711bd-b5ae-4a73-a8be-b970cae6c2d1:192.168.36.99:39953], old=null, confs=<EMPTY_MAP>
2019-09-20 10:24:16,324 [pool-93-thread-1] INFO  server.RaftServerConfigKeys (ConfUtils.java:logGet(43)) - raft.server.storage.dir = [/workdir/hadoop-ozone/integration-test/target/test-dir/MiniOzoneClusterImpl-7bc36abf-c66f-431a-931d-8c1e5526238d/datanode-6/data/ratis] (custom)
2019-09-20 10:24:16,324 [pool-93-thread-1] INFO  storage.RaftStorageDirectory (RaftStorageDirectory.java:analyzeStorage(246)) - The storage directory /workdir/hadoop-ozone/integration-test/target/test-dir/MiniOzoneClusterImpl-7bc36abf-c66f-431a-931d-8c1e5526238d/datanode-6/data/ratis/8763f326-3f66-41ca-a3eb-5a633e8c9c02 does not exist. Creating ...
2019-09-20 10:24:16,342 [4d972e91-cb6b-45de-8bd2-c18af7abe58b:group-71DB867EECC1:LeaderElection29] INFO  impl.LeaderElection (LeaderElection.java:askForVotes(181)) - 4d972e91-cb6b-45de-8bd2-c18af7abe58b:group-71DB867EECC1:LeaderElection29: begin an election at term 1 for -1: [4d972e91-cb6b-45de-8bd2-c18af7abe58b:192.168.36.99:46114], old=null
2019-09-20 10:24:16,343 [4d972e91-cb6b-45de-8bd2-c18af7abe58b:group-71DB867EECC1:LeaderElection29] INFO  impl.RoleInfo (RoleInfo.java:shutdownLeaderElection(134)) - 4d972e91-cb6b-45de-8bd2-c18af7abe58b: shutdown LeaderElection
2019-09-20 10:24:16,343 [4d972e91-cb6b-45de-8bd2-c18af7abe58b:group-71DB867EECC1:LeaderElection29] INFO  impl.RaftServerImpl (RaftServerImpl.java:setRole(171)) - 4d972e91-cb6b-45de-8bd2-c18af7abe58b:group-71DB867EECC1 changes role from CANDIDATE to LEADER at term 1 for changeToLeader
2019-09-20 10:24:16,343 [4d972e91-cb6b-45de-8bd2-c18af7abe58b:group-71DB867EECC1:LeaderElection29] INFO  impl.RaftServerImpl (ServerState.java:setLeader(263)) - 4d972e91-cb6b-45de-8bd2-c18af7abe58b:group-71DB867EECC1 change Leader from null to 4d972e91-cb6b-45de-8bd2-c18af7abe58b at term 1 for becomeLeader, leader elected after 1214ms
2019-09-20 10:24:16,343 [4d972e91-cb6b-45de-8bd2-c18af7abe58b:group-71DB867EECC1:LeaderElection29] INFO  server.RaftServerConfigKeys (ConfUtils.java:logGet(43)) - raft.server.staging.catchup.gap = 1000 (default)
2019-09-20 10:24:16,343 [4d972e91-cb6b-45de-8bd2-c18af7abe58b:group-71DB867EECC1:LeaderElection29] INFO  server.RaftServerConfigKeys (ConfUtils.java:logGet(43)) - raft.server.rpc.sleep.time = 25ms (default)
2019-09-20 10:24:16,344 [4d972e91-cb6b-45de-8bd2-c18af7abe58b:group-71DB867EECC1:LeaderElection29] INFO  server.RaftServerConfigKeys (ConfUtils.java:logGet(43)) - raft.server.write.element-limit = 4096 (default)
2019-09-20 10:24:16,344 [4d972e91-cb6b-45de-8bd2-c18af7abe58b:group-71DB867EECC1:LeaderElection29] INFO  server.RaftServerConfigKeys (ConfUtils.java:logGet(43)) - raft.server.watch.timeout = 10s (default)
2019-09-20 10:24:16,344 [4d972e91-cb6b-45de-8bd2-c18af7abe58b:group-71DB867EECC1:LeaderElection29] INFO  server.RaftServerConfigKeys (ConfUtils.java:logGet(43)) - raft.server.watch.timeout.denomination = 1s (default)
2019-09-20 10:24:16,344 [4d972e91-cb6b-45de-8bd2-c18af7abe58b:group-71DB867EECC1:LeaderElection29] INFO  server.RaftServerConfigKeys (ConfUtils.java:logGet(43)) - raft.server.watch.element-limit = 65536 (default)
2019-09-20 10:24:16,345 [4d972e91-cb6b-45de-8bd2-c18af7abe58b:group-71DB867EECC1:LeaderElection29] INFO  impl.RoleInfo (RoleInfo.java:updateAndGet(143)) - 4d972e91-cb6b-45de-8bd2-c18af7abe58b: start LeaderState
2019-09-20 10:24:16,345 [4d972e91-cb6b-45de-8bd2-c18af7abe58b:group-71DB867EECC1:LeaderElection29] INFO  segmented.SegmentedRaftLogWorker (SegmentedRaftLogWorker.java:startLogSegment(380)) - 4d972e91-cb6b-45de-8bd2-c18af7abe58b-SegmentedRaftLogWorker:Storage Directory /workdir/hadoop-ozone/integration-test/target/test-dir/MiniOzoneClusterImpl-7bc36abf-c66f-431a-931d-8c1e5526238d/datanode-4/data/ratis/c42d9948-8ea5-424a-ad59-71db867eecc1: Starting segment from index:0
2019-09-20 10:24:16,346 [4d972e91-cb6b-45de-8bd2-c18af7abe58b:group-71DB867EECC1:LeaderElection29] INFO  impl.RaftServerImpl (ServerState.java:setRaftConf(361)) - 4d972e91-cb6b-45de-8bd2-c18af7abe58b:group-71DB867EECC1 set configuration 0: [4d972e91-cb6b-45de-8bd2-c18af7abe58b:192.168.36.99:46114], old=null at 0
2019-09-20 10:24:16,390 [pool-93-thread-1] INFO  storage.RaftStorageDirectory (RaftStorageDirectory.java:tryLock(328)) - Lock on /workdir/hadoop-ozone/integration-test/target/test-dir/MiniOzoneClusterImpl-7bc36abf-c66f-431a-931d-8c1e5526238d/datanode-6/data/ratis/8763f326-3f66-41ca-a3eb-5a633e8c9c02/in_use.lock acquired by nodename 28506@pr-hdds-1569-p5fx8-1226042367
2019-09-20 10:24:16,390 [Thread-375] INFO  impl.FollowerState (FollowerState.java:run(106)) - 1ab786b9-c79c-4265-88a1-5b3344c6beda:group-1FB00AD90318 changes to CANDIDATE, lastRpcTime:1053, electionTimeout:1012ms
2019-09-20 10:24:16,390 [Thread-375] INFO  impl.RoleInfo (RoleInfo.java:shutdownFollowerState(121)) - 1ab786b9-c79c-4265-88a1-5b3344c6beda: shutdown FollowerState
2019-09-20 10:24:16,390 [Thread-375] INFO  impl.RaftServerImpl (RaftServerImpl.java:setRole(171)) - 1ab786b9-c79c-4265-88a1-5b3344c6beda:group-1FB00AD90318 changes role from FOLLOWER to CANDIDATE at term 0 for changeToCandidate
2019-09-20 10:24:16,390 [Thread-375] INFO  impl.RoleInfo (RoleInfo.java:updateAndGet(143)) - 1ab786b9-c79c-4265-88a1-5b3344c6beda: start LeaderElection
2019-09-20 10:24:16,399 | INFO  | SCMAudit | user=jenkins1000 | ip=192.168.36.99 | op=SEND_HEARTBEAT {datanodeUUID=17e2ba94-38a1-40e7-84e0-f6802901db84, command=[]} | ret=SUCCESS |  
2019-09-20 10:24:16,418 [4d972e91-cb6b-45de-8bd2-c18af7abe58b-SegmentedRaftLogWorker:Storage Directory /workdir/hadoop-ozone/integration-test/target/test-dir/MiniOzoneClusterImpl-7bc36abf-c66f-431a-931d-8c1e5526238d/datanode-4/data/ratis/c42d9948-8ea5-424a-ad59-71db867eecc1] INFO  segmented.SegmentedRaftLogWorker (SegmentedRaftLogWorker.java:execute(569)) - 4d972e91-cb6b-45de-8bd2-c18af7abe58b-SegmentedRaftLogWorker:Storage Directory /workdir/hadoop-ozone/integration-test/target/test-dir/MiniOzoneClusterImpl-7bc36abf-c66f-431a-931d-8c1e5526238d/datanode-4/data/ratis/c42d9948-8ea5-424a-ad59-71db867eecc1: created new log segment /workdir/hadoop-ozone/integration-test/target/test-dir/MiniOzoneClusterImpl-7bc36abf-c66f-431a-931d-8c1e5526238d/datanode-4/data/ratis/c42d9948-8ea5-424a-ad59-71db867eecc1/current/log_inprogress_0
2019-09-20 10:24:16,418 [1ab786b9-c79c-4265-88a1-5b3344c6beda:group-1FB00AD90318:LeaderElection30] INFO  impl.LeaderElection (LeaderElection.java:askForVotes(181)) - 1ab786b9-c79c-4265-88a1-5b3344c6beda:group-1FB00AD90318:LeaderElection30: begin an election at term 1 for -1: [1ab786b9-c79c-4265-88a1-5b3344c6beda:192.168.36.99:42782], old=null
2019-09-20 10:24:16,418 [pool-93-thread-1] INFO  storage.RaftStorage (RaftStorage.java:format(72)) - Storage directory /workdir/hadoop-ozone/integration-test/target/test-dir/MiniOzoneClusterImpl-7bc36abf-c66f-431a-931d-8c1e5526238d/datanode-6/data/ratis/8763f326-3f66-41ca-a3eb-5a633e8c9c02 has been successfully formatted.
2019-09-20 10:24:16,419 [1ab786b9-c79c-4265-88a1-5b3344c6beda:group-1FB00AD90318:LeaderElection30] INFO  impl.RoleInfo (RoleInfo.java:shutdownLeaderElection(134)) - 1ab786b9-c79c-4265-88a1-5b3344c6beda: shutdown LeaderElection
2019-09-20 10:24:16,419 [1ab786b9-c79c-4265-88a1-5b3344c6beda:group-1FB00AD90318:LeaderElection30] INFO  impl.RaftServerImpl (RaftServerImpl.java:setRole(171)) - 1ab786b9-c79c-4265-88a1-5b3344c6beda:group-1FB00AD90318 changes role from CANDIDATE to LEADER at term 1 for changeToLeader
2019-09-20 10:24:16,419 [pool-93-thread-1] INFO  ratis.ContainerStateMachine (ContainerStateMachine.java:loadSnapshot(226)) - group-5A633E8C9C02: The snapshot info is null. Setting the last applied indexto:(t:0, i:~)
2019-09-20 10:24:16,419 [1ab786b9-c79c-4265-88a1-5b3344c6beda:group-1FB00AD90318:LeaderElection30] INFO  impl.RaftServerImpl (ServerState.java:setLeader(263)) - 1ab786b9-c79c-4265-88a1-5b3344c6beda:group-1FB00AD90318 change Leader from null to 1ab786b9-c79c-4265-88a1-5b3344c6beda at term 1 for becomeLeader, leader elected after 1162ms
2019-09-20 10:24:16,419 [pool-93-thread-1] INFO  server.RaftServerConfigKeys (ConfUtils.java:logGet(43)) - raft.server.leader.election.timeout = 120s (custom)
2019-09-20 10:24:16,421 [1ab786b9-c79c-4265-88a1-5b3344c6beda:group-1FB00AD90318:LeaderElection30] INFO  server.RaftServerConfigKeys (ConfUtils.java:logGet(43)) - raft.server.staging.catchup.gap = 1000 (default)
2019-09-20 10:24:16,422 [pool-93-thread-1] INFO  server.RaftServerConfigKeys (ConfUtils.java:logGet(43)) - raft.server.log.use.memory = false (default)
2019-09-20 10:24:16,422 [1ab786b9-c79c-4265-88a1-5b3344c6beda:group-1FB00AD90318:LeaderElection30] INFO  server.RaftServerConfigKeys (ConfUtils.java:logGet(43)) - raft.server.rpc.sleep.time = 25ms (default)
2019-09-20 10:24:16,422 [pool-93-thread-1] INFO  server.RaftServerConfigKeys (ConfUtils.java:logGet(43)) - raft.server.log.purge.gap = 1000000 (custom)
2019-09-20 10:24:16,422 [1ab786b9-c79c-4265-88a1-5b3344c6beda:group-1FB00AD90318:LeaderElection30] INFO  server.RaftServerConfigKeys (ConfUtils.java:logGet(43)) - raft.server.write.element-limit = 4096 (default)
2019-09-20 10:24:16,422 [pool-93-thread-1] INFO  server.RaftServerConfigKeys (ConfUtils.java:logGet(43)) - raft.server.log.appender.buffer.byte-limit = 33554432 (custom)
2019-09-20 10:24:16,422 [1ab786b9-c79c-4265-88a1-5b3344c6beda:group-1FB00AD90318:LeaderElection30] INFO  server.RaftServerConfigKeys (ConfUtils.java:logGet(43)) - raft.server.watch.timeout = 10s (default)
2019-09-20 10:24:16,423 [pool-93-thread-1] INFO  server.RaftServerConfigKeys (ConfUtils.java:logGet(43)) - raft.server.log.segment.size.max = 1048576 (custom)
2019-09-20 10:24:16,423 [1ab786b9-c79c-4265-88a1-5b3344c6beda:group-1FB00AD90318:LeaderElection30] INFO  server.RaftServerConfigKeys (ConfUtils.java:logGet(43)) - raft.server.watch.timeout.denomination = 1s (default)
2019-09-20 10:24:16,423 [pool-93-thread-1] INFO  server.RaftServerConfigKeys (ConfUtils.java:logGet(43)) - raft.server.log.segment.cache.num.max = 2 (custom)
2019-09-20 10:24:16,423 [1ab786b9-c79c-4265-88a1-5b3344c6beda:group-1FB00AD90318:LeaderElection30] INFO  server.RaftServerConfigKeys (ConfUtils.java:logGet(43)) - raft.server.watch.element-limit = 65536 (default)
2019-09-20 10:24:16,423 [pool-93-thread-1] INFO  segmented.SegmentedRaftLogWorker (SegmentedRaftLogWorker.java:<init>(172)) - new 7af711bd-b5ae-4a73-a8be-b970cae6c2d1-SegmentedRaftLogWorker:Storage Directory /workdir/hadoop-ozone/integration-test/target/test-dir/MiniOzoneClusterImpl-7bc36abf-c66f-431a-931d-8c1e5526238d/datanode-6/data/ratis/8763f326-3f66-41ca-a3eb-5a633e8c9c02 for RaftStorage:Storage Directory /workdir/hadoop-ozone/integration-test/target/test-dir/MiniOzoneClusterImpl-7bc36abf-c66f-431a-931d-8c1e5526238d/datanode-6/data/ratis/8763f326-3f66-41ca-a3eb-5a633e8c9c02
2019-09-20 10:24:16,424 [1ab786b9-c79c-4265-88a1-5b3344c6beda:group-1FB00AD90318:LeaderElection30] INFO  impl.RoleInfo (RoleInfo.java:updateAndGet(143)) - 1ab786b9-c79c-4265-88a1-5b3344c6beda: start LeaderState
2019-09-20 10:24:16,424 [pool-93-thread-1] INFO  server.RaftServerConfigKeys (ConfUtils.java:logGet(43)) - raft.server.log.queue.byte-limit = 2147483647 (custom)
2019-09-20 10:24:16,424 [pool-93-thread-1] INFO  server.RaftServerConfigKeys (ConfUtils.java:logGet(43)) - raft.server.log.queue.element-limit = 1024 (custom)
2019-09-20 10:24:16,424 [1ab786b9-c79c-4265-88a1-5b3344c6beda:group-1FB00AD90318:LeaderElection30] INFO  segmented.SegmentedRaftLogWorker (SegmentedRaftLogWorker.java:startLogSegment(380)) - 1ab786b9-c79c-4265-88a1-5b3344c6beda-SegmentedRaftLogWorker:Storage Directory /workdir/hadoop-ozone/integration-test/target/test-dir/MiniOzoneClusterImpl-7bc36abf-c66f-431a-931d-8c1e5526238d/datanode-5/data/ratis/135e1a1a-7686-4cf5-810d-1fb00ad90318: Starting segment from index:0
2019-09-20 10:24:16,424 [pool-93-thread-1] INFO  server.RaftServerConfigKeys (ConfUtils.java:logGet(43)) - raft.server.log.segment.size.max = 1048576 (custom)
2019-09-20 10:24:16,425 [pool-93-thread-1] INFO  server.RaftServerConfigKeys (ConfUtils.java:logGet(43)) - raft.server.log.preallocated.size = 16384 (custom)
2019-09-20 10:24:16,425 [pool-93-thread-1] INFO  server.RaftServerConfigKeys (ConfUtils.java:logGet(43)) - raft.server.log.write.buffer.size = 33554432 (custom)
2019-09-20 10:24:16,425 [1ab786b9-c79c-4265-88a1-5b3344c6beda:group-1FB00AD90318:LeaderElection30] INFO  impl.RaftServerImpl (ServerState.java:setRaftConf(361)) - 1ab786b9-c79c-4265-88a1-5b3344c6beda:group-1FB00AD90318 set configuration 0: [1ab786b9-c79c-4265-88a1-5b3344c6beda:192.168.36.99:42782], old=null at 0
2019-09-20 10:24:16,425 [pool-93-thread-1] INFO  server.RaftServerConfigKeys (ConfUtils.java:logGet(43)) - raft.server.log.force.sync.num = 128 (default)
2019-09-20 10:24:16,467 [pool-93-thread-1] INFO  server.RaftServerConfigKeys (ConfUtils.java:logGet(43)) - raft.server.log.statemachine.data.sync = true (default)
2019-09-20 10:24:16,467 [pool-93-thread-1] INFO  server.RaftServerConfigKeys (ConfUtils.java:logGet(43)) - raft.server.log.statemachine.data.sync.timeout = 10s (default)
2019-09-20 10:24:16,467 [pool-93-thread-1] INFO  server.RaftServerConfigKeys (ConfUtils.java:logGet(43)) - raft.server.log.statemachine.data.sync.timeout.retry = -1 (default)
2019-09-20 10:24:16,468 [pool-93-thread-1] INFO  server.RaftServerConfigKeys (ConfUtils.java:logGet(43)) - raft.server.log.statemachine.data.caching.enabled = true (custom)
2019-09-20 10:24:16,468 [pool-93-thread-1] INFO  segmented.SegmentedRaftLogWorker (SegmentedRaftLogWorker.java:lambda$new$0(132)) - 7af711bd-b5ae-4a73-a8be-b970cae6c2d1-SegmentedRaftLogWorker:Storage Directory /workdir/hadoop-ozone/integration-test/target/test-dir/MiniOzoneClusterImpl-7bc36abf-c66f-431a-931d-8c1e5526238d/datanode-6/data/ratis/8763f326-3f66-41ca-a3eb-5a633e8c9c02: flushIndex: setUnconditionally 0 -> -1
2019-09-20 10:24:16,468 [pool-93-thread-1] INFO  server.RaftServerConfigKeys (ConfUtils.java:logGet(43)) - raft.server.snapshot.auto.trigger.enabled = true (custom)
2019-09-20 10:24:16,469 [pool-93-thread-1] INFO  server.RaftServerConfigKeys (ConfUtils.java:logGet(43)) - raft.server.snapshot.auto.trigger.threshold = 10000 (custom)
2019-09-20 10:24:16,469 [pool-93-thread-1] INFO  server.RaftServerConfigKeys (ConfUtils.java:logGet(43)) - raft.server.retrycache.expirytime = 600000ms (custom)
2019-09-20 10:24:16,469 [pool-93-thread-1] INFO  impl.RaftServerImpl (RaftServerImpl.java:start(180)) - 7af711bd-b5ae-4a73-a8be-b970cae6c2d1: start group-5A633E8C9C02
2019-09-20 10:24:16,469 [pool-93-thread-1] INFO  impl.RaftServerImpl (RaftServerImpl.java:setRole(171)) - 7af711bd-b5ae-4a73-a8be-b970cae6c2d1:group-5A633E8C9C02 changes role from null to FOLLOWER at term 0 for startAsFollower
2019-09-20 10:24:16,470 [pool-93-thread-1] INFO  impl.RoleInfo (RoleInfo.java:updateAndGet(143)) - 7af711bd-b5ae-4a73-a8be-b970cae6c2d1: start FollowerState
2019-09-20 10:24:16,479 [pool-93-thread-1] INFO  util.JmxRegister (JmxRegister.java:tryRegister(44)) - Successfully registered JMX Bean with object name Ratis:service=RaftServer,group=group-5A633E8C9C02,id=7af711bd-b5ae-4a73-a8be-b970cae6c2d1
2019-09-20 10:24:16,495 [1ab786b9-c79c-4265-88a1-5b3344c6beda-SegmentedRaftLogWorker:Storage Directory /workdir/hadoop-ozone/integration-test/target/test-dir/MiniOzoneClusterImpl-7bc36abf-c66f-431a-931d-8c1e5526238d/datanode-5/data/ratis/135e1a1a-7686-4cf5-810d-1fb00ad90318] INFO  segmented.SegmentedRaftLogWorker (SegmentedRaftLogWorker.java:execute(569)) - 1ab786b9-c79c-4265-88a1-5b3344c6beda-SegmentedRaftLogWorker:Storage Directory /workdir/hadoop-ozone/integration-test/target/test-dir/MiniOzoneClusterImpl-7bc36abf-c66f-431a-931d-8c1e5526238d/datanode-5/data/ratis/135e1a1a-7686-4cf5-810d-1fb00ad90318: created new log segment /workdir/hadoop-ozone/integration-test/target/test-dir/MiniOzoneClusterImpl-7bc36abf-c66f-431a-931d-8c1e5526238d/datanode-5/data/ratis/135e1a1a-7686-4cf5-810d-1fb00ad90318/current/log_inprogress_0
2019-09-20 10:24:16,497 [RatisPipelineUtilsThread] INFO  pipeline.PipelineStateManager (PipelineStateManager.java:addPipeline(56)) - Created pipeline Pipeline[ Id: 8763f326-3f66-41ca-a3eb-5a633e8c9c02, Nodes: 7af711bd-b5ae-4a73-a8be-b970cae6c2d1{ip: 192.168.36.99, host: pr-hdds-1569-p5fx8-1226042367, networkLocation: /default-rack, certSerialId: null}, Type:RATIS, Factor:ONE, State:OPEN]
2019-09-20 10:24:16,497 [RatisPipelineUtilsThread] INFO  pipeline.PipelinePlacementPolicy (PipelinePlacementPolicy.java:meetCriteria(91)) - Pipeline Placement: Doesn't meet the criteria to be viable node： 17e2ba94-38a1-40e7-84e0-f6802901db84 Heaviness: 6 limit: 5
2019-09-20 10:24:16,497 [RatisPipelineUtilsThread] INFO  pipeline.PipelinePlacementPolicy (PipelinePlacementPolicy.java:meetCriteria(91)) - Pipeline Placement: Doesn't meet the criteria to be viable node： 3d6f3241-e73c-473a-ad0b-c7be2f7e1dda Heaviness: 6 limit: 5
2019-09-20 10:24:16,498 [RatisPipelineUtilsThread] INFO  pipeline.PipelinePlacementPolicy (PipelinePlacementPolicy.java:meetCriteria(91)) - Pipeline Placement: Doesn't meet the criteria to be viable node： c3e532f8-1a8e-44f3-b56b-d765aee893af Heaviness: 6 limit: 5
2019-09-20 10:24:16,498 [RatisPipelineUtilsThread] INFO  pipeline.PipelinePlacementPolicy (PipelinePlacementPolicy.java:meetCriteria(91)) - Pipeline Placement: Doesn't meet the criteria to be viable node： 1ab786b9-c79c-4265-88a1-5b3344c6beda Heaviness: 6 limit: 5
2019-09-20 10:24:16,498 [RatisPipelineUtilsThread] INFO  pipeline.PipelinePlacementPolicy (PipelinePlacementPolicy.java:meetCriteria(91)) - Pipeline Placement: Doesn't meet the criteria to be viable node： 4d972e91-cb6b-45de-8bd2-c18af7abe58b Heaviness: 6 limit: 5
2019-09-20 10:24:16,498 [RatisPipelineUtilsThread] INFO  pipeline.PipelinePlacementPolicy (PipelinePlacementPolicy.java:meetCriteria(91)) - Pipeline Placement: Doesn't meet the criteria to be viable node： 66416d0b-a71c-4af1-ae3a-62ca63b880a3 Heaviness: 6 limit: 5
2019-09-20 10:24:16,506 [grpc-default-executor-0] INFO  impl.RaftServerProxy (RaftServerProxy.java:addNew(89)) - 7af711bd-b5ae-4a73-a8be-b970cae6c2d1: addNew group-5524967A823C:[7af711bd-b5ae-4a73-a8be-b970cae6c2d1:192.168.36.99:39953] returns group-5524967A823C:java.util.concurrent.CompletableFuture@af698c3[Not completed]
2019-09-20 10:24:16,508 [pool-93-thread-1] INFO  impl.RaftServerImpl (RaftServerImpl.java:<init>(93)) - 7af711bd-b5ae-4a73-a8be-b970cae6c2d1: new RaftServerImpl for group-5524967A823C:[7af711bd-b5ae-4a73-a8be-b970cae6c2d1:192.168.36.99:39953] with ContainerStateMachine:uninitialized
2019-09-20 10:24:16,508 [pool-93-thread-1] INFO  server.RaftServerConfigKeys (ConfUtils.java:logGet(43)) - raft.server.rpc.timeout.min = 1s (custom)
2019-09-20 10:24:16,509 [pool-93-thread-1] INFO  server.RaftServerConfigKeys (ConfUtils.java:logGet(43)) - raft.server.rpc.timeout.max = 1200ms (custom)
2019-09-20 10:24:16,509 [pool-93-thread-1] INFO  server.RaftServerConfigKeys (ConfUtils.java:logGet(43)) - raft.server.rpcslowness.timeout = 120s (custom)
2019-09-20 10:24:16,509 [pool-93-thread-1] INFO  server.RaftServerConfigKeys (ConfUtils.java:logGet(43)) - raft.server.sleep.deviation.threshold = 300 (default)
2019-09-20 10:24:16,509 [pool-93-thread-1] INFO  server.RaftServerConfigKeys (ConfUtils.java:logGet(43)) - raft.server.log.appender.install.snapshot.enabled = false (custom)
2019-09-20 10:24:16,509 [pool-93-thread-1] INFO  impl.RaftServerImpl (ServerState.java:<init>(105)) - 7af711bd-b5ae-4a73-a8be-b970cae6c2d1:group-5524967A823C ConfigurationManager, init=-1: [7af711bd-b5ae-4a73-a8be-b970cae6c2d1:192.168.36.99:39953], old=null, confs=<EMPTY_MAP>
2019-09-20 10:24:16,509 [pool-93-thread-1] INFO  server.RaftServerConfigKeys (ConfUtils.java:logGet(43)) - raft.server.storage.dir = [/workdir/hadoop-ozone/integration-test/target/test-dir/MiniOzoneClusterImpl-7bc36abf-c66f-431a-931d-8c1e5526238d/datanode-6/data/ratis] (custom)
2019-09-20 10:24:16,510 [pool-93-thread-1] INFO  storage.RaftStorageDirectory (RaftStorageDirectory.java:analyzeStorage(246)) - The storage directory /workdir/hadoop-ozone/integration-test/target/test-dir/MiniOzoneClusterImpl-7bc36abf-c66f-431a-931d-8c1e5526238d/datanode-6/data/ratis/5fb7672e-7209-42c2-9dba-5524967a823c does not exist. Creating ...
2019-09-20 10:24:16,528 [pool-93-thread-1] INFO  storage.RaftStorageDirectory (RaftStorageDirectory.java:tryLock(328)) - Lock on /workdir/hadoop-ozone/integration-test/target/test-dir/MiniOzoneClusterImpl-7bc36abf-c66f-431a-931d-8c1e5526238d/datanode-6/data/ratis/5fb7672e-7209-42c2-9dba-5524967a823c/in_use.lock acquired by nodename 28506@pr-hdds-1569-p5fx8-1226042367
2019-09-20 10:24:16,546 [pool-93-thread-1] INFO  storage.RaftStorage (RaftStorage.java:format(72)) - Storage directory /workdir/hadoop-ozone/integration-test/target/test-dir/MiniOzoneClusterImpl-7bc36abf-c66f-431a-931d-8c1e5526238d/datanode-6/data/ratis/5fb7672e-7209-42c2-9dba-5524967a823c has been successfully formatted.
2019-09-20 10:24:16,546 [pool-93-thread-1] INFO  ratis.ContainerStateMachine (ContainerStateMachine.java:loadSnapshot(226)) - group-5524967A823C: The snapshot info is null. Setting the last applied indexto:(t:0, i:~)
2019-09-20 10:24:16,546 [pool-93-thread-1] INFO  server.RaftServerConfigKeys (ConfUtils.java:logGet(43)) - raft.server.leader.election.timeout = 120s (custom)
2019-09-20 10:24:16,546 [pool-93-thread-1] INFO  server.RaftServerConfigKeys (ConfUtils.java:logGet(43)) - raft.server.log.use.memory = false (default)
2019-09-20 10:24:16,546 [pool-93-thread-1] INFO  server.RaftServerConfigKeys (ConfUtils.java:logGet(43)) - raft.server.log.purge.gap = 1000000 (custom)
2019-09-20 10:24:16,547 [pool-93-thread-1] INFO  server.RaftServerConfigKeys (ConfUtils.java:logGet(43)) - raft.server.log.appender.buffer.byte-limit = 33554432 (custom)
2019-09-20 10:24:16,547 [pool-93-thread-1] INFO  server.RaftServerConfigKeys (ConfUtils.java:logGet(43)) - raft.server.log.segment.size.max = 1048576 (custom)
2019-09-20 10:24:16,547 [pool-93-thread-1] INFO  server.RaftServerConfigKeys (ConfUtils.java:logGet(43)) - raft.server.log.segment.cache.num.max = 2 (custom)
2019-09-20 10:24:16,547 [pool-93-thread-1] INFO  segmented.SegmentedRaftLogWorker (SegmentedRaftLogWorker.java:<init>(172)) - new 7af711bd-b5ae-4a73-a8be-b970cae6c2d1-SegmentedRaftLogWorker:Storage Directory /workdir/hadoop-ozone/integration-test/target/test-dir/MiniOzoneClusterImpl-7bc36abf-c66f-431a-931d-8c1e5526238d/datanode-6/data/ratis/5fb7672e-7209-42c2-9dba-5524967a823c for RaftStorage:Storage Directory /workdir/hadoop-ozone/integration-test/target/test-dir/MiniOzoneClusterImpl-7bc36abf-c66f-431a-931d-8c1e5526238d/datanode-6/data/ratis/5fb7672e-7209-42c2-9dba-5524967a823c
2019-09-20 10:24:16,547 [pool-93-thread-1] INFO  server.RaftServerConfigKeys (ConfUtils.java:logGet(43)) - raft.server.log.queue.byte-limit = 2147483647 (custom)
2019-09-20 10:24:16,548 [pool-93-thread-1] INFO  server.RaftServerConfigKeys (ConfUtils.java:logGet(43)) - raft.server.log.queue.element-limit = 1024 (custom)
2019-09-20 10:24:16,548 [pool-93-thread-1] INFO  server.RaftServerConfigKeys (ConfUtils.java:logGet(43)) - raft.server.log.segment.size.max = 1048576 (custom)
2019-09-20 10:24:16,548 [pool-93-thread-1] INFO  server.RaftServerConfigKeys (ConfUtils.java:logGet(43)) - raft.server.log.preallocated.size = 16384 (custom)
2019-09-20 10:24:16,548 [pool-93-thread-1] INFO  server.RaftServerConfigKeys (ConfUtils.java:logGet(43)) - raft.server.log.write.buffer.size = 33554432 (custom)
2019-09-20 10:24:16,548 [pool-93-thread-1] INFO  server.RaftServerConfigKeys (ConfUtils.java:logGet(43)) - raft.server.log.force.sync.num = 128 (default)
2019-09-20 10:24:16,548 [pool-93-thread-1] INFO  server.RaftServerConfigKeys (ConfUtils.java:logGet(43)) - raft.server.log.statemachine.data.sync = true (default)
2019-09-20 10:24:16,549 [pool-93-thread-1] INFO  server.RaftServerConfigKeys (ConfUtils.java:logGet(43)) - raft.server.log.statemachine.data.sync.timeout = 10s (default)
2019-09-20 10:24:16,549 [pool-93-thread-1] INFO  server.RaftServerConfigKeys (ConfUtils.java:logGet(43)) - raft.server.log.statemachine.data.sync.timeout.retry = -1 (default)
2019-09-20 10:24:16,549 [pool-93-thread-1] INFO  server.RaftServerConfigKeys (ConfUtils.java:logGet(43)) - raft.server.log.statemachine.data.caching.enabled = true (custom)
2019-09-20 10:24:16,549 [pool-93-thread-1] INFO  segmented.SegmentedRaftLogWorker (SegmentedRaftLogWorker.java:lambda$new$0(132)) - 7af711bd-b5ae-4a73-a8be-b970cae6c2d1-SegmentedRaftLogWorker:Storage Directory /workdir/hadoop-ozone/integration-test/target/test-dir/MiniOzoneClusterImpl-7bc36abf-c66f-431a-931d-8c1e5526238d/datanode-6/data/ratis/5fb7672e-7209-42c2-9dba-5524967a823c: flushIndex: setUnconditionally 0 -> -1
2019-09-20 10:24:16,550 [pool-93-thread-1] INFO  server.RaftServerConfigKeys (ConfUtils.java:logGet(43)) - raft.server.snapshot.auto.trigger.enabled = true (custom)
2019-09-20 10:24:16,550 [pool-93-thread-1] INFO  server.RaftServerConfigKeys (ConfUtils.java:logGet(43)) - raft.server.snapshot.auto.trigger.threshold = 10000 (custom)
2019-09-20 10:24:16,550 [pool-93-thread-1] INFO  server.RaftServerConfigKeys (ConfUtils.java:logGet(43)) - raft.server.retrycache.expirytime = 600000ms (custom)
2019-09-20 10:24:16,551 [pool-93-thread-1] INFO  impl.RaftServerImpl (RaftServerImpl.java:start(180)) - 7af711bd-b5ae-4a73-a8be-b970cae6c2d1: start group-5524967A823C
2019-09-20 10:24:16,551 [pool-93-thread-1] INFO  impl.RaftServerImpl (RaftServerImpl.java:setRole(171)) - 7af711bd-b5ae-4a73-a8be-b970cae6c2d1:group-5524967A823C changes role from null to FOLLOWER at term 0 for startAsFollower
2019-09-20 10:24:16,551 [pool-93-thread-1] INFO  impl.RoleInfo (RoleInfo.java:updateAndGet(143)) - 7af711bd-b5ae-4a73-a8be-b970cae6c2d1: start FollowerState
2019-09-20 10:24:16,551 [pool-93-thread-1] INFO  util.JmxRegister (JmxRegister.java:tryRegister(44)) - Successfully registered JMX Bean with object name Ratis:service=RaftServer,group=group-5524967A823C,id=7af711bd-b5ae-4a73-a8be-b970cae6c2d1
2019-09-20 10:24:16,555 [RatisPipelineUtilsThread] INFO  pipeline.PipelineStateManager (PipelineStateManager.java:addPipeline(56)) - Created pipeline Pipeline[ Id: 5fb7672e-7209-42c2-9dba-5524967a823c, Nodes: 7af711bd-b5ae-4a73-a8be-b970cae6c2d1{ip: 192.168.36.99, host: pr-hdds-1569-p5fx8-1226042367, networkLocation: /default-rack, certSerialId: null}, Type:RATIS, Factor:ONE, State:OPEN]
2019-09-20 10:24:16,555 [RatisPipelineUtilsThread] INFO  pipeline.PipelinePlacementPolicy (PipelinePlacementPolicy.java:meetCriteria(91)) - Pipeline Placement: Doesn't meet the criteria to be viable node： 17e2ba94-38a1-40e7-84e0-f6802901db84 Heaviness: 6 limit: 5
2019-09-20 10:24:16,556 [RatisPipelineUtilsThread] INFO  pipeline.PipelinePlacementPolicy (PipelinePlacementPolicy.java:meetCriteria(91)) - Pipeline Placement: Doesn't meet the criteria to be viable node： 3d6f3241-e73c-473a-ad0b-c7be2f7e1dda Heaviness: 6 limit: 5
2019-09-20 10:24:16,556 [RatisPipelineUtilsThread] INFO  pipeline.PipelinePlacementPolicy (PipelinePlacementPolicy.java:meetCriteria(91)) - Pipeline Placement: Doesn't meet the criteria to be viable node： c3e532f8-1a8e-44f3-b56b-d765aee893af Heaviness: 6 limit: 5
2019-09-20 10:24:16,556 [RatisPipelineUtilsThread] INFO  pipeline.PipelinePlacementPolicy (PipelinePlacementPolicy.java:meetCriteria(91)) - Pipeline Placement: Doesn't meet the criteria to be viable node： 1ab786b9-c79c-4265-88a1-5b3344c6beda Heaviness: 6 limit: 5
2019-09-20 10:24:16,556 [RatisPipelineUtilsThread] INFO  pipeline.PipelinePlacementPolicy (PipelinePlacementPolicy.java:meetCriteria(91)) - Pipeline Placement: Doesn't meet the criteria to be viable node： 4d972e91-cb6b-45de-8bd2-c18af7abe58b Heaviness: 6 limit: 5
2019-09-20 10:24:16,556 [RatisPipelineUtilsThread] INFO  pipeline.PipelinePlacementPolicy (PipelinePlacementPolicy.java:meetCriteria(91)) - Pipeline Placement: Doesn't meet the criteria to be viable node： 66416d0b-a71c-4af1-ae3a-62ca63b880a3 Heaviness: 6 limit: 5
2019-09-20 10:24:16,563 [grpc-default-executor-0] INFO  impl.RaftServerProxy (RaftServerProxy.java:addNew(89)) - 7af711bd-b5ae-4a73-a8be-b970cae6c2d1: addNew group-6F37E46CE28B:[7af711bd-b5ae-4a73-a8be-b970cae6c2d1:192.168.36.99:39953] returns group-6F37E46CE28B:java.util.concurrent.CompletableFuture@ae9d4da[Not completed]
2019-09-20 10:24:16,565 [pool-93-thread-1] INFO  impl.RaftServerImpl (RaftServerImpl.java:<init>(93)) - 7af711bd-b5ae-4a73-a8be-b970cae6c2d1: new RaftServerImpl for group-6F37E46CE28B:[7af711bd-b5ae-4a73-a8be-b970cae6c2d1:192.168.36.99:39953] with ContainerStateMachine:uninitialized
2019-09-20 10:24:16,565 [pool-93-thread-1] INFO  server.RaftServerConfigKeys (ConfUtils.java:logGet(43)) - raft.server.rpc.timeout.min = 1s (custom)
2019-09-20 10:24:16,565 [pool-93-thread-1] INFO  server.RaftServerConfigKeys (ConfUtils.java:logGet(43)) - raft.server.rpc.timeout.max = 1200ms (custom)
2019-09-20 10:24:16,565 [pool-93-thread-1] INFO  server.RaftServerConfigKeys (ConfUtils.java:logGet(43)) - raft.server.rpcslowness.timeout = 120s (custom)
2019-09-20 10:24:16,565 [pool-93-thread-1] INFO  server.RaftServerConfigKeys (ConfUtils.java:logGet(43)) - raft.server.sleep.deviation.threshold = 300 (default)
2019-09-20 10:24:16,566 [pool-93-thread-1] INFO  server.RaftServerConfigKeys (ConfUtils.java:logGet(43)) - raft.server.log.appender.install.snapshot.enabled = false (custom)
2019-09-20 10:24:16,566 [pool-93-thread-1] INFO  impl.RaftServerImpl (ServerState.java:<init>(105)) - 7af711bd-b5ae-4a73-a8be-b970cae6c2d1:group-6F37E46CE28B ConfigurationManager, init=-1: [7af711bd-b5ae-4a73-a8be-b970cae6c2d1:192.168.36.99:39953], old=null, confs=<EMPTY_MAP>
2019-09-20 10:24:16,566 [pool-93-thread-1] INFO  server.RaftServerConfigKeys (ConfUtils.java:logGet(43)) - raft.server.storage.dir = [/workdir/hadoop-ozone/integration-test/target/test-dir/MiniOzoneClusterImpl-7bc36abf-c66f-431a-931d-8c1e5526238d/datanode-6/data/ratis] (custom)
2019-09-20 10:24:16,566 [pool-93-thread-1] INFO  storage.RaftStorageDirectory (RaftStorageDirectory.java:analyzeStorage(246)) - The storage directory /workdir/hadoop-ozone/integration-test/target/test-dir/MiniOzoneClusterImpl-7bc36abf-c66f-431a-931d-8c1e5526238d/datanode-6/data/ratis/26686de6-4c45-45a6-9db1-6f37e46ce28b does not exist. Creating ...
2019-09-20 10:24:16,588 [pool-93-thread-1] INFO  storage.RaftStorageDirectory (RaftStorageDirectory.java:tryLock(328)) - Lock on /workdir/hadoop-ozone/integration-test/target/test-dir/MiniOzoneClusterImpl-7bc36abf-c66f-431a-931d-8c1e5526238d/datanode-6/data/ratis/26686de6-4c45-45a6-9db1-6f37e46ce28b/in_use.lock acquired by nodename 28506@pr-hdds-1569-p5fx8-1226042367
2019-09-20 10:24:16,591 | INFO  | SCMAudit | user=jenkins1000 | ip=192.168.36.99 | op=SEND_HEARTBEAT {datanodeUUID=1ab786b9-c79c-4265-88a1-5b3344c6beda, command=[]} | ret=SUCCESS |  
2019-09-20 10:24:16,601 [Thread-378] INFO  impl.FollowerState (FollowerState.java:run(106)) - 4d972e91-cb6b-45de-8bd2-c18af7abe58b:group-9AED31A5F304 changes to CANDIDATE, lastRpcTime:1198, electionTimeout:1198ms
2019-09-20 10:24:16,601 [Thread-378] INFO  impl.RoleInfo (RoleInfo.java:shutdownFollowerState(121)) - 4d972e91-cb6b-45de-8bd2-c18af7abe58b: shutdown FollowerState
2019-09-20 10:24:16,602 [Thread-378] INFO  impl.RaftServerImpl (RaftServerImpl.java:setRole(171)) - 4d972e91-cb6b-45de-8bd2-c18af7abe58b:group-9AED31A5F304 changes role from FOLLOWER to CANDIDATE at term 0 for changeToCandidate
2019-09-20 10:24:16,602 [Thread-378] INFO  impl.RoleInfo (RoleInfo.java:updateAndGet(143)) - 4d972e91-cb6b-45de-8bd2-c18af7abe58b: start LeaderElection
2019-09-20 10:24:16,609 [pool-93-thread-1] INFO  storage.RaftStorage (RaftStorage.java:format(72)) - Storage directory /workdir/hadoop-ozone/integration-test/target/test-dir/MiniOzoneClusterImpl-7bc36abf-c66f-431a-931d-8c1e5526238d/datanode-6/data/ratis/26686de6-4c45-45a6-9db1-6f37e46ce28b has been successfully formatted.
2019-09-20 10:24:16,609 [pool-93-thread-1] INFO  ratis.ContainerStateMachine (ContainerStateMachine.java:loadSnapshot(226)) - group-6F37E46CE28B: The snapshot info is null. Setting the last applied indexto:(t:0, i:~)
2019-09-20 10:24:16,610 [pool-93-thread-1] INFO  server.RaftServerConfigKeys (ConfUtils.java:logGet(43)) - raft.server.leader.election.timeout = 120s (custom)
2019-09-20 10:24:16,610 [pool-93-thread-1] INFO  server.RaftServerConfigKeys (ConfUtils.java:logGet(43)) - raft.server.log.use.memory = false (default)
2019-09-20 10:24:16,610 [pool-93-thread-1] INFO  server.RaftServerConfigKeys (ConfUtils.java:logGet(43)) - raft.server.log.purge.gap = 1000000 (custom)
2019-09-20 10:24:16,610 [pool-93-thread-1] INFO  server.RaftServerConfigKeys (ConfUtils.java:logGet(43)) - raft.server.log.appender.buffer.byte-limit = 33554432 (custom)
2019-09-20 10:24:16,610 [pool-93-thread-1] INFO  server.RaftServerConfigKeys (ConfUtils.java:logGet(43)) - raft.server.log.segment.size.max = 1048576 (custom)
2019-09-20 10:24:16,610 [pool-93-thread-1] INFO  server.RaftServerConfigKeys (ConfUtils.java:logGet(43)) - raft.server.log.segment.cache.num.max = 2 (custom)
2019-09-20 10:24:16,611 [pool-93-thread-1] INFO  segmented.SegmentedRaftLogWorker (SegmentedRaftLogWorker.java:<init>(172)) - new 7af711bd-b5ae-4a73-a8be-b970cae6c2d1-SegmentedRaftLogWorker:Storage Directory /workdir/hadoop-ozone/integration-test/target/test-dir/MiniOzoneClusterImpl-7bc36abf-c66f-431a-931d-8c1e5526238d/datanode-6/data/ratis/26686de6-4c45-45a6-9db1-6f37e46ce28b for RaftStorage:Storage Directory /workdir/hadoop-ozone/integration-test/target/test-dir/MiniOzoneClusterImpl-7bc36abf-c66f-431a-931d-8c1e5526238d/datanode-6/data/ratis/26686de6-4c45-45a6-9db1-6f37e46ce28b
2019-09-20 10:24:16,611 [pool-93-thread-1] INFO  server.RaftServerConfigKeys (ConfUtils.java:logGet(43)) - raft.server.log.queue.byte-limit = 2147483647 (custom)
2019-09-20 10:24:16,611 [pool-93-thread-1] INFO  server.RaftServerConfigKeys (ConfUtils.java:logGet(43)) - raft.server.log.queue.element-limit = 1024 (custom)
2019-09-20 10:24:16,611 [pool-93-thread-1] INFO  server.RaftServerConfigKeys (ConfUtils.java:logGet(43)) - raft.server.log.segment.size.max = 1048576 (custom)
2019-09-20 10:24:16,611 [pool-93-thread-1] INFO  server.RaftServerConfigKeys (ConfUtils.java:logGet(43)) - raft.server.log.preallocated.size = 16384 (custom)
2019-09-20 10:24:16,611 [pool-93-thread-1] INFO  server.RaftServerConfigKeys (ConfUtils.java:logGet(43)) - raft.server.log.write.buffer.size = 33554432 (custom)
2019-09-20 10:24:16,612 [pool-93-thread-1] INFO  server.RaftServerConfigKeys (ConfUtils.java:logGet(43)) - raft.server.log.force.sync.num = 128 (default)
2019-09-20 10:24:16,612 [pool-93-thread-1] INFO  server.RaftServerConfigKeys (ConfUtils.java:logGet(43)) - raft.server.log.statemachine.data.sync = true (default)
2019-09-20 10:24:16,612 [pool-93-thread-1] INFO  server.RaftServerConfigKeys (ConfUtils.java:logGet(43)) - raft.server.log.statemachine.data.sync.timeout = 10s (default)
2019-09-20 10:24:16,612 [pool-93-thread-1] INFO  server.RaftServerConfigKeys (ConfUtils.java:logGet(43)) - raft.server.log.statemachine.data.sync.timeout.retry = -1 (default)
2019-09-20 10:24:16,612 [pool-93-thread-1] INFO  server.RaftServerConfigKeys (ConfUtils.java:logGet(43)) - raft.server.log.statemachine.data.caching.enabled = true (custom)
2019-09-20 10:24:16,613 [pool-93-thread-1] INFO  segmented.SegmentedRaftLogWorker (SegmentedRaftLogWorker.java:lambda$new$0(132)) - 7af711bd-b5ae-4a73-a8be-b970cae6c2d1-SegmentedRaftLogWorker:Storage Directory /workdir/hadoop-ozone/integration-test/target/test-dir/MiniOzoneClusterImpl-7bc36abf-c66f-431a-931d-8c1e5526238d/datanode-6/data/ratis/26686de6-4c45-45a6-9db1-6f37e46ce28b: flushIndex: setUnconditionally 0 -> -1
2019-09-20 10:24:16,613 [pool-93-thread-1] INFO  server.RaftServerConfigKeys (ConfUtils.java:logGet(43)) - raft.server.snapshot.auto.trigger.enabled = true (custom)
2019-09-20 10:24:16,613 [pool-93-thread-1] INFO  server.RaftServerConfigKeys (ConfUtils.java:logGet(43)) - raft.server.snapshot.auto.trigger.threshold = 10000 (custom)
2019-09-20 10:24:16,614 [pool-93-thread-1] INFO  server.RaftServerConfigKeys (ConfUtils.java:logGet(43)) - raft.server.retrycache.expirytime = 600000ms (custom)
2019-09-20 10:24:16,614 [pool-93-thread-1] INFO  impl.RaftServerImpl (RaftServerImpl.java:start(180)) - 7af711bd-b5ae-4a73-a8be-b970cae6c2d1: start group-6F37E46CE28B
2019-09-20 10:24:16,614 [pool-93-thread-1] INFO  impl.RaftServerImpl (RaftServerImpl.java:setRole(171)) - 7af711bd-b5ae-4a73-a8be-b970cae6c2d1:group-6F37E46CE28B changes role from null to FOLLOWER at term 0 for startAsFollower
2019-09-20 10:24:16,614 [pool-93-thread-1] INFO  impl.RoleInfo (RoleInfo.java:updateAndGet(143)) - 7af711bd-b5ae-4a73-a8be-b970cae6c2d1: start FollowerState
2019-09-20 10:24:16,615 [pool-93-thread-1] INFO  util.JmxRegister (JmxRegister.java:tryRegister(44)) - Successfully registered JMX Bean with object name Ratis:service=RaftServer,group=group-6F37E46CE28B,id=7af711bd-b5ae-4a73-a8be-b970cae6c2d1
2019-09-20 10:24:16,618 [RatisPipelineUtilsThread] INFO  pipeline.PipelineStateManager (PipelineStateManager.java:addPipeline(56)) - Created pipeline Pipeline[ Id: 26686de6-4c45-45a6-9db1-6f37e46ce28b, Nodes: 7af711bd-b5ae-4a73-a8be-b970cae6c2d1{ip: 192.168.36.99, host: pr-hdds-1569-p5fx8-1226042367, networkLocation: /default-rack, certSerialId: null}, Type:RATIS, Factor:ONE, State:OPEN]
2019-09-20 10:24:16,618 [RatisPipelineUtilsThread] INFO  pipeline.PipelinePlacementPolicy (PipelinePlacementPolicy.java:meetCriteria(91)) - Pipeline Placement: Doesn't meet the criteria to be viable node： 17e2ba94-38a1-40e7-84e0-f6802901db84 Heaviness: 6 limit: 5
2019-09-20 10:24:16,618 [RatisPipelineUtilsThread] INFO  pipeline.PipelinePlacementPolicy (PipelinePlacementPolicy.java:meetCriteria(91)) - Pipeline Placement: Doesn't meet the criteria to be viable node： 3d6f3241-e73c-473a-ad0b-c7be2f7e1dda Heaviness: 6 limit: 5
2019-09-20 10:24:16,619 [RatisPipelineUtilsThread] INFO  pipeline.PipelinePlacementPolicy (PipelinePlacementPolicy.java:meetCriteria(91)) - Pipeline Placement: Doesn't meet the criteria to be viable node： c3e532f8-1a8e-44f3-b56b-d765aee893af Heaviness: 6 limit: 5
2019-09-20 10:24:16,619 [RatisPipelineUtilsThread] INFO  pipeline.PipelinePlacementPolicy (PipelinePlacementPolicy.java:meetCriteria(91)) - Pipeline Placement: Doesn't meet the criteria to be viable node： 1ab786b9-c79c-4265-88a1-5b3344c6beda Heaviness: 6 limit: 5
2019-09-20 10:24:16,619 [RatisPipelineUtilsThread] INFO  pipeline.PipelinePlacementPolicy (PipelinePlacementPolicy.java:meetCriteria(91)) - Pipeline Placement: Doesn't meet the criteria to be viable node： 4d972e91-cb6b-45de-8bd2-c18af7abe58b Heaviness: 6 limit: 5
2019-09-20 10:24:16,619 [RatisPipelineUtilsThread] INFO  pipeline.PipelinePlacementPolicy (PipelinePlacementPolicy.java:meetCriteria(91)) - Pipeline Placement: Doesn't meet the criteria to be viable node： 66416d0b-a71c-4af1-ae3a-62ca63b880a3 Heaviness: 6 limit: 5
2019-09-20 10:24:16,620 [RatisPipelineUtilsThread] INFO  pipeline.PipelinePlacementPolicy (PipelinePlacementPolicy.java:meetCriteria(91)) - Pipeline Placement: Doesn't meet the criteria to be viable node： 7af711bd-b5ae-4a73-a8be-b970cae6c2d1 Heaviness: 6 limit: 5
2019-09-20 10:24:16,620 [RatisPipelineUtilsThread] ERROR pipeline.PipelinePlacementPolicy (PipelinePlacementPolicy.java:filterViableNodes(148)) - Unable to find enough nodes that meet the criteria that cannot engage in more than 5 pipelines. Nodes required: 1 Found: 0, healthy nodes count inNodeManager: 7.
2019-09-20 10:24:16,622 [RatisPipelineUtilsThread] ERROR pipeline.SCMPipelineManager (SCMPipelineManager.java:createPipeline(161)) - Pipeline creation failed due to exception: Unable to find enough nodes that meet the criteria that cannot engage in more than 5 pipelines. Nodes required: 1 Found: 0, healthy nodes count inNodeManager: 7.
2019-09-20 10:24:16,622 [RatisPipelineUtilsThread] INFO  pipeline.PipelinePlacementPolicy (PipelinePlacementPolicy.java:meetCriteria(91)) - Pipeline Placement: Doesn't meet the criteria to be viable node： 17e2ba94-38a1-40e7-84e0-f6802901db84 Heaviness: 6 limit: 5
2019-09-20 10:24:16,622 [RatisPipelineUtilsThread] INFO  pipeline.PipelinePlacementPolicy (PipelinePlacementPolicy.java:meetCriteria(91)) - Pipeline Placement: Doesn't meet the criteria to be viable node： 3d6f3241-e73c-473a-ad0b-c7be2f7e1dda Heaviness: 6 limit: 5
2019-09-20 10:24:16,622 [RatisPipelineUtilsThread] INFO  pipeline.PipelinePlacementPolicy (PipelinePlacementPolicy.java:meetCriteria(91)) - Pipeline Placement: Doesn't meet the criteria to be viable node： c3e532f8-1a8e-44f3-b56b-d765aee893af Heaviness: 6 limit: 5
2019-09-20 10:24:16,623 [RatisPipelineUtilsThread] INFO  pipeline.PipelinePlacementPolicy (PipelinePlacementPolicy.java:meetCriteria(91)) - Pipeline Placement: Doesn't meet the criteria to be viable node： 1ab786b9-c79c-4265-88a1-5b3344c6beda Heaviness: 6 limit: 5
2019-09-20 10:24:16,623 [RatisPipelineUtilsThread] INFO  pipeline.PipelinePlacementPolicy (PipelinePlacementPolicy.java:meetCriteria(91)) - Pipeline Placement: Doesn't meet the criteria to be viable node： 4d972e91-cb6b-45de-8bd2-c18af7abe58b Heaviness: 6 limit: 5
2019-09-20 10:24:16,623 [RatisPipelineUtilsThread] INFO  pipeline.PipelinePlacementPolicy (PipelinePlacementPolicy.java:meetCriteria(91)) - Pipeline Placement: Doesn't meet the criteria to be viable node： 66416d0b-a71c-4af1-ae3a-62ca63b880a3 Heaviness: 6 limit: 5
2019-09-20 10:24:16,623 [RatisPipelineUtilsThread] INFO  pipeline.PipelinePlacementPolicy (PipelinePlacementPolicy.java:meetCriteria(91)) - Pipeline Placement: Doesn't meet the criteria to be viable node： 7af711bd-b5ae-4a73-a8be-b970cae6c2d1 Heaviness: 6 limit: 5
2019-09-20 10:24:16,623 [RatisPipelineUtilsThread] ERROR pipeline.PipelinePlacementPolicy (PipelinePlacementPolicy.java:filterViableNodes(148)) - Unable to find enough nodes that meet the criteria that cannot engage in more than 5 pipelines. Nodes required: 3 Found: 0, healthy nodes count inNodeManager: 7.
2019-09-20 10:24:16,623 [RatisPipelineUtilsThread] ERROR pipeline.SCMPipelineManager (SCMPipelineManager.java:createPipeline(161)) - Pipeline creation failed due to exception: Unable to find enough nodes that meet the criteria that cannot engage in more than 5 pipelines. Nodes required: 3 Found: 0, healthy nodes count inNodeManager: 7.
2019-09-20 10:24:16,625 [RatisPipelineUtilsThread] INFO  pipeline.PipelinePlacementPolicy (PipelinePlacementPolicy.java:meetCriteria(91)) - Pipeline Placement: Doesn't meet the criteria to be viable node： 17e2ba94-38a1-40e7-84e0-f6802901db84 Heaviness: 6 limit: 5
2019-09-20 10:24:16,626 [RatisPipelineUtilsThread] INFO  pipeline.PipelinePlacementPolicy (PipelinePlacementPolicy.java:meetCriteria(91)) - Pipeline Placement: Doesn't meet the criteria to be viable node： 3d6f3241-e73c-473a-ad0b-c7be2f7e1dda Heaviness: 6 limit: 5
2019-09-20 10:24:16,626 [RatisPipelineUtilsThread] INFO  pipeline.PipelinePlacementPolicy (PipelinePlacementPolicy.java:meetCriteria(91)) - Pipeline Placement: Doesn't meet the criteria to be viable node： c3e532f8-1a8e-44f3-b56b-d765aee893af Heaviness: 6 limit: 5
2019-09-20 10:24:16,626 [RatisPipelineUtilsThread] INFO  pipeline.PipelinePlacementPolicy (PipelinePlacementPolicy.java:meetCriteria(91)) - Pipeline Placement: Doesn't meet the criteria to be viable node： 1ab786b9-c79c-4265-88a1-5b3344c6beda Heaviness: 6 limit: 5
2019-09-20 10:24:16,626 [RatisPipelineUtilsThread] INFO  pipeline.PipelinePlacementPolicy (PipelinePlacementPolicy.java:meetCriteria(91)) - Pipeline Placement: Doesn't meet the criteria to be viable node： 4d972e91-cb6b-45de-8bd2-c18af7abe58b Heaviness: 6 limit: 5
2019-09-20 10:24:16,626 [RatisPipelineUtilsThread] INFO  pipeline.PipelinePlacementPolicy (PipelinePlacementPolicy.java:meetCriteria(91)) - Pipeline Placement: Doesn't meet the criteria to be viable node： 66416d0b-a71c-4af1-ae3a-62ca63b880a3 Heaviness: 6 limit: 5
2019-09-20 10:24:16,627 [RatisPipelineUtilsThread] INFO  pipeline.PipelinePlacementPolicy (PipelinePlacementPolicy.java:meetCriteria(91)) - Pipeline Placement: Doesn't meet the criteria to be viable node： 7af711bd-b5ae-4a73-a8be-b970cae6c2d1 Heaviness: 6 limit: 5
2019-09-20 10:24:16,627 [RatisPipelineUtilsThread] ERROR pipeline.PipelinePlacementPolicy (PipelinePlacementPolicy.java:filterViableNodes(148)) - Unable to find enough nodes that meet the criteria that cannot engage in more than 5 pipelines. Nodes required: 1 Found: 0, healthy nodes count inNodeManager: 7.
2019-09-20 10:24:16,627 [RatisPipelineUtilsThread] ERROR pipeline.SCMPipelineManager (SCMPipelineManager.java:createPipeline(161)) - Pipeline creation failed due to exception: Unable to find enough nodes that meet the criteria that cannot engage in more than 5 pipelines. Nodes required: 1 Found: 0, healthy nodes count inNodeManager: 7.
2019-09-20 10:24:16,627 [RatisPipelineUtilsThread] INFO  pipeline.PipelinePlacementPolicy (PipelinePlacementPolicy.java:meetCriteria(91)) - Pipeline Placement: Doesn't meet the criteria to be viable node： 17e2ba94-38a1-40e7-84e0-f6802901db84 Heaviness: 6 limit: 5
2019-09-20 10:24:16,627 [RatisPipelineUtilsThread] INFO  pipeline.PipelinePlacementPolicy (PipelinePlacementPolicy.java:meetCriteria(91)) - Pipeline Placement: Doesn't meet the criteria to be viable node： 3d6f3241-e73c-473a-ad0b-c7be2f7e1dda Heaviness: 6 limit: 5
2019-09-20 10:24:16,628 [RatisPipelineUtilsThread] INFO  pipeline.PipelinePlacementPolicy (PipelinePlacementPolicy.java:meetCriteria(91)) - Pipeline Placement: Doesn't meet the criteria to be viable node： c3e532f8-1a8e-44f3-b56b-d765aee893af Heaviness: 6 limit: 5
2019-09-20 10:24:16,628 [RatisPipelineUtilsThread] INFO  pipeline.PipelinePlacementPolicy (PipelinePlacementPolicy.java:meetCriteria(91)) - Pipeline Placement: Doesn't meet the criteria to be viable node： 1ab786b9-c79c-4265-88a1-5b3344c6beda Heaviness: 6 limit: 5
2019-09-20 10:24:16,628 [RatisPipelineUtilsThread] INFO  pipeline.PipelinePlacementPolicy (PipelinePlacementPolicy.java:meetCriteria(91)) - Pipeline Placement: Doesn't meet the criteria to be viable node： 4d972e91-cb6b-45de-8bd2-c18af7abe58b Heaviness: 6 limit: 5
2019-09-20 10:24:16,628 [RatisPipelineUtilsThread] INFO  pipeline.PipelinePlacementPolicy (PipelinePlacementPolicy.java:meetCriteria(91)) - Pipeline Placement: Doesn't meet the criteria to be viable node： 66416d0b-a71c-4af1-ae3a-62ca63b880a3 Heaviness: 6 limit: 5
2019-09-20 10:24:16,628 [RatisPipelineUtilsThread] INFO  pipeline.PipelinePlacementPolicy (PipelinePlacementPolicy.java:meetCriteria(91)) - Pipeline Placement: Doesn't meet the criteria to be viable node： 7af711bd-b5ae-4a73-a8be-b970cae6c2d1 Heaviness: 6 limit: 5
2019-09-20 10:24:16,629 [RatisPipelineUtilsThread] ERROR pipeline.PipelinePlacementPolicy (PipelinePlacementPolicy.java:filterViableNodes(148)) - Unable to find enough nodes that meet the criteria that cannot engage in more than 5 pipelines. Nodes required: 3 Found: 0, healthy nodes count inNodeManager: 7.
2019-09-20 10:24:16,629 [RatisPipelineUtilsThread] ERROR pipeline.SCMPipelineManager (SCMPipelineManager.java:createPipeline(161)) - Pipeline creation failed due to exception: Unable to find enough nodes that meet the criteria that cannot engage in more than 5 pipelines. Nodes required: 3 Found: 0, healthy nodes count inNodeManager: 7.
2019-09-20 10:24:16,629 [IPC Server handler 0 on 39702] INFO  pipeline.PipelinePlacementPolicy (PipelinePlacementPolicy.java:meetCriteria(91)) - Pipeline Placement: Doesn't meet the criteria to be viable node： 17e2ba94-38a1-40e7-84e0-f6802901db84 Heaviness: 6 limit: 5
2019-09-20 10:24:16,629 [IPC Server handler 0 on 39702] INFO  pipeline.PipelinePlacementPolicy (PipelinePlacementPolicy.java:meetCriteria(91)) - Pipeline Placement: Doesn't meet the criteria to be viable node： 3d6f3241-e73c-473a-ad0b-c7be2f7e1dda Heaviness: 6 limit: 5
2019-09-20 10:24:16,630 [IPC Server handler 0 on 39702] INFO  pipeline.PipelinePlacementPolicy (PipelinePlacementPolicy.java:meetCriteria(91)) - Pipeline Placement: Doesn't meet the criteria to be viable node： c3e532f8-1a8e-44f3-b56b-d765aee893af Heaviness: 6 limit: 5
2019-09-20 10:24:16,630 [IPC Server handler 0 on 39702] INFO  pipeline.PipelinePlacementPolicy (PipelinePlacementPolicy.java:meetCriteria(91)) - Pipeline Placement: Doesn't meet the criteria to be viable node： 1ab786b9-c79c-4265-88a1-5b3344c6beda Heaviness: 6 limit: 5
2019-09-20 10:24:16,630 [IPC Server handler 0 on 39702] INFO  pipeline.PipelinePlacementPolicy (PipelinePlacementPolicy.java:meetCriteria(91)) - Pipeline Placement: Doesn't meet the criteria to be viable node： 4d972e91-cb6b-45de-8bd2-c18af7abe58b Heaviness: 6 limit: 5
2019-09-20 10:24:16,630 [4d972e91-cb6b-45de-8bd2-c18af7abe58b:group-9AED31A5F304:LeaderElection31] INFO  impl.LeaderElection (LeaderElection.java:askForVotes(181)) - 4d972e91-cb6b-45de-8bd2-c18af7abe58b:group-9AED31A5F304:LeaderElection31: begin an election at term 1 for -1: [4d972e91-cb6b-45de-8bd2-c18af7abe58b:192.168.36.99:46114], old=null
2019-09-20 10:24:16,630 [IPC Server handler 0 on 39702] INFO  pipeline.PipelinePlacementPolicy (PipelinePlacementPolicy.java:meetCriteria(91)) - Pipeline Placement: Doesn't meet the criteria to be viable node： 66416d0b-a71c-4af1-ae3a-62ca63b880a3 Heaviness: 6 limit: 5
2019-09-20 10:24:16,630 [4d972e91-cb6b-45de-8bd2-c18af7abe58b:group-9AED31A5F304:LeaderElection31] INFO  impl.RoleInfo (RoleInfo.java:shutdownLeaderElection(134)) - 4d972e91-cb6b-45de-8bd2-c18af7abe58b: shutdown LeaderElection
2019-09-20 10:24:16,631 [IPC Server handler 0 on 39702] INFO  pipeline.PipelinePlacementPolicy (PipelinePlacementPolicy.java:meetCriteria(91)) - Pipeline Placement: Doesn't meet the criteria to be viable node： 7af711bd-b5ae-4a73-a8be-b970cae6c2d1 Heaviness: 6 limit: 5
2019-09-20 10:24:16,631 [4d972e91-cb6b-45de-8bd2-c18af7abe58b:group-9AED31A5F304:LeaderElection31] INFO  impl.RaftServerImpl (RaftServerImpl.java:setRole(171)) - 4d972e91-cb6b-45de-8bd2-c18af7abe58b:group-9AED31A5F304 changes role from CANDIDATE to LEADER at term 1 for changeToLeader
2019-09-20 10:24:16,631 [IPC Server handler 0 on 39702] ERROR pipeline.PipelinePlacementPolicy (PipelinePlacementPolicy.java:filterViableNodes(148)) - Unable to find enough nodes that meet the criteria that cannot engage in more than 5 pipelines. Nodes required: 3 Found: 0, healthy nodes count inNodeManager: 7.
2019-09-20 10:24:16,631 [4d972e91-cb6b-45de-8bd2-c18af7abe58b:group-9AED31A5F304:LeaderElection31] INFO  impl.RaftServerImpl (ServerState.java:setLeader(263)) - 4d972e91-cb6b-45de-8bd2-c18af7abe58b:group-9AED31A5F304 change Leader from null to 4d972e91-cb6b-45de-8bd2-c18af7abe58b at term 1 for becomeLeader, leader elected after 1233ms
2019-09-20 10:24:16,631 [IPC Server handler 0 on 39702] ERROR pipeline.SCMPipelineManager (SCMPipelineManager.java:createPipeline(161)) - Pipeline creation failed due to exception: Unable to find enough nodes that meet the criteria that cannot engage in more than 5 pipelines. Nodes required: 3 Found: 0, healthy nodes count inNodeManager: 7.
2019-09-20 10:24:16,631 [4d972e91-cb6b-45de-8bd2-c18af7abe58b:group-9AED31A5F304:LeaderElection31] INFO  server.RaftServerConfigKeys (ConfUtils.java:logGet(43)) - raft.server.staging.catchup.gap = 1000 (default)
2019-09-20 10:24:16,632 [4d972e91-cb6b-45de-8bd2-c18af7abe58b:group-9AED31A5F304:LeaderElection31] INFO  server.RaftServerConfigKeys (ConfUtils.java:logGet(43)) - raft.server.rpc.sleep.time = 25ms (default)
2019-09-20 10:24:16,632 [4d972e91-cb6b-45de-8bd2-c18af7abe58b:group-9AED31A5F304:LeaderElection31] INFO  server.RaftServerConfigKeys (ConfUtils.java:logGet(43)) - raft.server.write.element-limit = 4096 (default)
2019-09-20 10:24:16,632 [4d972e91-cb6b-45de-8bd2-c18af7abe58b:group-9AED31A5F304:LeaderElection31] INFO  server.RaftServerConfigKeys (ConfUtils.java:logGet(43)) - raft.server.watch.timeout = 10s (default)
2019-09-20 10:24:16,632 [4d972e91-cb6b-45de-8bd2-c18af7abe58b:group-9AED31A5F304:LeaderElection31] INFO  server.RaftServerConfigKeys (ConfUtils.java:logGet(43)) - raft.server.watch.timeout.denomination = 1s (default)
2019-09-20 10:24:16,632 [4d972e91-cb6b-45de-8bd2-c18af7abe58b:group-9AED31A5F304:LeaderElection31] INFO  server.RaftServerConfigKeys (ConfUtils.java:logGet(43)) - raft.server.watch.element-limit = 65536 (default)
2019-09-20 10:24:16,633 [4d972e91-cb6b-45de-8bd2-c18af7abe58b:group-9AED31A5F304:LeaderElection31] INFO  impl.RoleInfo (RoleInfo.java:updateAndGet(143)) - 4d972e91-cb6b-45de-8bd2-c18af7abe58b: start LeaderState
2019-09-20 10:24:16,633 [IPC Server handler 0 on 39702] WARN  block.BlockManagerImpl (BlockManagerImpl.java:allocateBlock(192)) - Pipeline creation failed for type:RATIS factor:THREE. Retrying get pipelines call once.
org.apache.hadoop.hdds.scm.exceptions.SCMException: Unable to find enough nodes that meet the criteria that cannot engage in more than 5 pipelines. Nodes required: 3 Found: 0, healthy nodes count inNodeManager: 7.
	at org.apache.hadoop.hdds.scm.pipeline.PipelinePlacementPolicy.filterViableNodes(PipelinePlacementPolicy.java:149)
	at org.apache.hadoop.hdds.scm.pipeline.PipelinePlacementPolicy.chooseDatanodes(PipelinePlacementPolicy.java:172)
	at org.apache.hadoop.hdds.scm.pipeline.RatisPipelineProvider.create(RatisPipelineProvider.java:92)
	at org.apache.hadoop.hdds.scm.pipeline.PipelineFactory.create(PipelineFactory.java:57)
	at org.apache.hadoop.hdds.scm.pipeline.SCMPipelineManager.createPipeline(SCMPipelineManager.java:149)
	at org.apache.hadoop.hdds.scm.block.BlockManagerImpl.allocateBlock(BlockManagerImpl.java:190)
	at org.apache.hadoop.hdds.scm.server.SCMBlockProtocolServer.allocateBlock(SCMBlockProtocolServer.java:175)
	at org.apache.hadoop.ozone.protocolPB.ScmBlockLocationProtocolServerSideTranslatorPB.allocateScmBlock(ScmBlockLocationProtocolServerSideTranslatorPB.java:153)
	at org.apache.hadoop.ozone.protocolPB.ScmBlockLocationProtocolServerSideTranslatorPB.send(ScmBlockLocationProtocolServerSideTranslatorPB.java:112)
	at org.apache.hadoop.hdds.protocol.proto.ScmBlockLocationProtocolProtos$ScmBlockLocationProtocolService$2.callBlockingMethod(ScmBlockLocationProtocolProtos.java:13157)
	at org.apache.hadoop.ipc.ProtobufRpcEngine$Server$ProtoBufRpcInvoker.call(ProtobufRpcEngine.java:524)
	at org.apache.hadoop.ipc.RPC$Server.call(RPC.java:1025)
	at org.apache.hadoop.ipc.Server$RpcCall.run(Server.java:876)
	at org.apache.hadoop.ipc.Server$RpcCall.run(Server.java:822)
	at java.security.AccessController.doPrivileged(Native Method)
	at javax.security.auth.Subject.doAs(Subject.java:422)
	at org.apache.hadoop.security.UserGroupInformation.doAs(UserGroupInformation.java:1730)
	at org.apache.hadoop.ipc.Server$Handler.run(Server.java:2682)
2019-09-20 10:24:16,633 [4d972e91-cb6b-45de-8bd2-c18af7abe58b:group-9AED31A5F304:LeaderElection31] INFO  segmented.SegmentedRaftLogWorker (SegmentedRaftLogWorker.java:startLogSegment(380)) - 4d972e91-cb6b-45de-8bd2-c18af7abe58b-SegmentedRaftLogWorker:Storage Directory /workdir/hadoop-ozone/integration-test/target/test-dir/MiniOzoneClusterImpl-7bc36abf-c66f-431a-931d-8c1e5526238d/datanode-4/data/ratis/fea735f0-a895-4bc5-9bde-9aed31a5f304: Starting segment from index:0
2019-09-20 10:24:16,635 [IPC Server handler 0 on 39702] INFO  block.BlockManagerImpl (BlockManagerImpl.java:allocateBlock(198)) - Could not find available pipeline of type:RATIS and factor:THREE even after retrying
2019-09-20 10:24:16,636 [IPC Server handler 0 on 39702] ERROR block.BlockManagerImpl (BlockManagerImpl.java:allocateBlock(222)) - Unable to allocate a block for the size: 800, type: RATIS, factor: THREE
2019-09-20 10:24:16,636 [4d972e91-cb6b-45de-8bd2-c18af7abe58b:group-9AED31A5F304:LeaderElection31] INFO  impl.RaftServerImpl (ServerState.java:setRaftConf(361)) - 4d972e91-cb6b-45de-8bd2-c18af7abe58b:group-9AED31A5F304 set configuration 0: [4d972e91-cb6b-45de-8bd2-c18af7abe58b:192.168.36.99:46114], old=null at 0
2019-09-20 10:24:16,636 | INFO  | SCMAudit | user=jenkins1000 | ip=192.168.36.99 | op=ALLOCATE_BLOCK {owner=722a6616-afcb-4dde-9fcb-0eadc70cc6a2, size=800, type=RATIS, factor=THREE} | ret=SUCCESS |  
2019-09-20 10:24:16,678 [Thread-383] INFO  impl.FollowerState (FollowerState.java:run(106)) - 7af711bd-b5ae-4a73-a8be-b970cae6c2d1:group-3870C8569AFA changes to CANDIDATE, lastRpcTime:1156, electionTimeout:1135ms
2019-09-20 10:24:16,679 [Thread-383] INFO  impl.RoleInfo (RoleInfo.java:shutdownFollowerState(121)) - 7af711bd-b5ae-4a73-a8be-b970cae6c2d1: shutdown FollowerState
2019-09-20 10:24:16,679 [Thread-383] INFO  impl.RaftServerImpl (RaftServerImpl.java:setRole(171)) - 7af711bd-b5ae-4a73-a8be-b970cae6c2d1:group-3870C8569AFA changes role from FOLLOWER to CANDIDATE at term 0 for changeToCandidate
2019-09-20 10:24:16,679 [Thread-383] INFO  impl.RoleInfo (RoleInfo.java:updateAndGet(143)) - 7af711bd-b5ae-4a73-a8be-b970cae6c2d1: start LeaderElection
2019-09-20 10:24:16,686 | INFO  | SCMAudit | user=jenkins1000 | ip=192.168.36.99 | op=SEND_HEARTBEAT {datanodeUUID=3d6f3241-e73c-473a-ad0b-c7be2f7e1dda, command=[]} | ret=SUCCESS |  
2019-09-20 10:24:16,690 | ERROR | OMAudit | user=jenkins1000 | ip=127.0.0.1 | op=ALLOCATE_KEY {volume=watchforcommithandlingtest, bucket=watchforcommithandlingtest, key=42b523e7-2659-4fb1-9cef-713408d2675f, dataSize=0, replicationType=RATIS, replicationFactor=THREE, keyLocationInfo=null} | ret=FAILURE | org.apache.hadoop.hdds.scm.exceptions.SCMException: Allocated 0 blocks. Requested 1 blocks
	at org.apache.hadoop.hdds.scm.protocolPB.ScmBlockLocationProtocolClientSideTranslatorPB.handleError(ScmBlockLocationProtocolClientSideTranslatorPB.java:118)
	at org.apache.hadoop.hdds.scm.protocolPB.ScmBlockLocationProtocolClientSideTranslatorPB.allocateBlock(ScmBlockLocationProtocolClientSideTranslatorPB.java:156) 
]]></system-out>
    <system-err><![CDATA[Sep 20, 2019 10:24:05 AM com.sun.jersey.server.impl.application.WebApplicationImpl _initiate
INFO: Initiating Jersey application, version 'Jersey: 1.19 02/11/2015 03:25 AM'
Sep 20, 2019 10:24:06 AM com.sun.jersey.server.impl.application.WebApplicationImpl _initiate
INFO: Initiating Jersey application, version 'Jersey: 1.19 02/11/2015 03:25 AM'
Sep 20, 2019 10:24:06 AM com.sun.jersey.server.impl.application.WebApplicationImpl _initiate
INFO: Initiating Jersey application, version 'Jersey: 1.19 02/11/2015 03:25 AM'
Sep 20, 2019 10:24:06 AM com.sun.jersey.server.impl.application.WebApplicationImpl _initiate
INFO: Initiating Jersey application, version 'Jersey: 1.19 02/11/2015 03:25 AM'
Sep 20, 2019 10:24:07 AM com.sun.jersey.server.impl.application.WebApplicationImpl _initiate
INFO: Initiating Jersey application, version 'Jersey: 1.19 02/11/2015 03:25 AM'
Sep 20, 2019 10:24:07 AM com.sun.jersey.server.impl.application.WebApplicationImpl _initiate
INFO: Initiating Jersey application, version 'Jersey: 1.19 02/11/2015 03:25 AM'
Sep 20, 2019 10:24:07 AM com.sun.jersey.server.impl.application.WebApplicationImpl _initiate
INFO: Initiating Jersey application, version 'Jersey: 1.19 02/11/2015 03:25 AM'
]]></system-err>
  </testcase>
  <testcase name="testWatchForCommitWithSmallerTimeoutValue" classname="org.apache.hadoop.ozone.client.rpc.TestWatchForCommit" time="31.589">
    <error message="org.apache.ratis.protocol.RaftRetryFailureException: Failed RaftClientRequest:client-21807ED29EC2-&gt;6491c372-a595-4104-b3e9-c4f3293baafa@group-576A86C1D849, cid=84, seq=1*, RW, org.apache.hadoop.hdds.scm.XceiverClientRatis$$Lambda$407/632424544@39675e62 for 20 attempts with RetryLimited(maxAttempts=20, sleepTime=1000ms)" type="java.util.concurrent.ExecutionException">java.util.concurrent.ExecutionException: org.apache.ratis.protocol.RaftRetryFailureException: Failed RaftClientRequest:client-21807ED29EC2->6491c372-a595-4104-b3e9-c4f3293baafa@group-576A86C1D849, cid=84, seq=1*, RW, org.apache.hadoop.hdds.scm.XceiverClientRatis$$Lambda$407/632424544@39675e62 for 20 attempts with RetryLimited(maxAttempts=20, sleepTime=1000ms)
	at java.util.concurrent.CompletableFuture.reportGet(CompletableFuture.java:357)
	at java.util.concurrent.CompletableFuture.get(CompletableFuture.java:1895)
	at org.apache.hadoop.ozone.client.rpc.TestWatchForCommit.testWatchForCommitWithSmallerTimeoutValue(TestWatchForCommit.java:293)
	at sun.reflect.NativeMethodAccessorImpl.invoke0(Native Method)
	at sun.reflect.NativeMethodAccessorImpl.invoke(NativeMethodAccessorImpl.java:62)
	at sun.reflect.DelegatingMethodAccessorImpl.invoke(DelegatingMethodAccessorImpl.java:43)
	at java.lang.reflect.Method.invoke(Method.java:498)
	at org.junit.runners.model.FrameworkMethod$1.runReflectiveCall(FrameworkMethod.java:47)
	at org.junit.internal.runners.model.ReflectiveCallable.run(ReflectiveCallable.java:12)
	at org.junit.runners.model.FrameworkMethod.invokeExplosively(FrameworkMethod.java:44)
	at org.junit.internal.runners.statements.InvokeMethod.evaluate(InvokeMethod.java:17)
	at org.junit.runners.ParentRunner.runLeaf(ParentRunner.java:271)
	at org.junit.runners.BlockJUnit4ClassRunner.runChild(BlockJUnit4ClassRunner.java:70)
	at org.junit.runners.BlockJUnit4ClassRunner.runChild(BlockJUnit4ClassRunner.java:50)
	at org.junit.runners.ParentRunner$3.run(ParentRunner.java:238)
	at org.junit.runners.ParentRunner$1.schedule(ParentRunner.java:63)
	at org.junit.runners.ParentRunner.runChildren(ParentRunner.java:236)
	at org.junit.runners.ParentRunner.access$000(ParentRunner.java:53)
	at org.junit.runners.ParentRunner$2.evaluate(ParentRunner.java:229)
	at org.junit.runners.ParentRunner.run(ParentRunner.java:309)
	at org.apache.maven.surefire.junit4.JUnit4Provider.execute(JUnit4Provider.java:365)
	at org.apache.maven.surefire.junit4.JUnit4Provider.executeWithRerun(JUnit4Provider.java:273)
	at org.apache.maven.surefire.junit4.JUnit4Provider.executeTestSet(JUnit4Provider.java:238)
	at org.apache.maven.surefire.junit4.JUnit4Provider.invoke(JUnit4Provider.java:159)
	at org.apache.maven.surefire.booter.ForkedBooter.invokeProviderInSameClassLoader(ForkedBooter.java:384)
	at org.apache.maven.surefire.booter.ForkedBooter.runSuitesInProcess(ForkedBooter.java:345)
	at org.apache.maven.surefire.booter.ForkedBooter.execute(ForkedBooter.java:126)
	at org.apache.maven.surefire.booter.ForkedBooter.main(ForkedBooter.java:418)
Caused by: org.apache.ratis.protocol.RaftRetryFailureException: Failed RaftClientRequest:client-21807ED29EC2->6491c372-a595-4104-b3e9-c4f3293baafa@group-576A86C1D849, cid=84, seq=1*, RW, org.apache.hadoop.hdds.scm.XceiverClientRatis$$Lambda$407/632424544@39675e62 for 20 attempts with RetryLimited(maxAttempts=20, sleepTime=1000ms)
	at org.apache.ratis.client.impl.RaftClientImpl.noMoreRetries(RaftClientImpl.java:272)
	at org.apache.ratis.client.impl.OrderedAsync.handleAsyncRetryFailure(OrderedAsync.java:138)
	at org.apache.ratis.client.impl.OrderedAsync.lambda$sendRequest$10(OrderedAsync.java:230)
	at java.util.concurrent.CompletableFuture.uniExceptionally(CompletableFuture.java:870)
	at java.util.concurrent.CompletableFuture$UniExceptionally.tryFire(CompletableFuture.java:852)
	at java.util.concurrent.CompletableFuture.postComplete(CompletableFuture.java:474)
	at java.util.concurrent.CompletableFuture.completeExceptionally(CompletableFuture.java:1977)
	at org.apache.ratis.grpc.client.GrpcClientProtocolClient$AsyncStreamObservers.completeReplyExceptionally(GrpcClientProtocolClient.java:330)
	at org.apache.ratis.grpc.client.GrpcClientProtocolClient$AsyncStreamObservers.access$000(GrpcClientProtocolClient.java:246)
	at org.apache.ratis.grpc.client.GrpcClientProtocolClient$AsyncStreamObservers$1.onError(GrpcClientProtocolClient.java:275)
	at org.apache.ratis.thirdparty.io.grpc.stub.ClientCalls$StreamObserverToCallListenerAdapter.onClose(ClientCalls.java:434)
	at org.apache.ratis.thirdparty.io.grpc.PartialForwardingClientCallListener.onClose(PartialForwardingClientCallListener.java:39)
	at org.apache.ratis.thirdparty.io.grpc.ForwardingClientCallListener.onClose(ForwardingClientCallListener.java:23)
	at org.apache.ratis.thirdparty.io.grpc.ForwardingClientCallListener$SimpleForwardingClientCallListener.onClose(ForwardingClientCallListener.java:40)
	at org.apache.ratis.thirdparty.io.grpc.internal.CensusStatsModule$StatsClientInterceptor$1$1.onClose(CensusStatsModule.java:678)
	at org.apache.ratis.thirdparty.io.grpc.PartialForwardingClientCallListener.onClose(PartialForwardingClientCallListener.java:39)
	at org.apache.ratis.thirdparty.io.grpc.ForwardingClientCallListener.onClose(ForwardingClientCallListener.java:23)
	at org.apache.ratis.thirdparty.io.grpc.ForwardingClientCallListener$SimpleForwardingClientCallListener.onClose(ForwardingClientCallListener.java:40)
	at org.apache.ratis.thirdparty.io.grpc.internal.CensusTracingModule$TracingClientInterceptor$1$1.onClose(CensusTracingModule.java:397)
	at org.apache.ratis.thirdparty.io.grpc.internal.ClientCallImpl.closeObserver(ClientCallImpl.java:459)
	at org.apache.ratis.thirdparty.io.grpc.internal.ClientCallImpl.access$300(ClientCallImpl.java:63)
	at org.apache.ratis.thirdparty.io.grpc.internal.ClientCallImpl$ClientStreamListenerImpl.close(ClientCallImpl.java:546)
	at org.apache.ratis.thirdparty.io.grpc.internal.ClientCallImpl$ClientStreamListenerImpl.access$600(ClientCallImpl.java:467)
	at org.apache.ratis.thirdparty.io.grpc.internal.ClientCallImpl$ClientStreamListenerImpl$1StreamClosed.runInContext(ClientCallImpl.java:584)
	at org.apache.ratis.thirdparty.io.grpc.internal.ContextRunnable.run(ContextRunnable.java:37)
	at org.apache.ratis.thirdparty.io.grpc.internal.SerializingExecutor.run(SerializingExecutor.java:123)
	at java.util.concurrent.ThreadPoolExecutor.runWorker(ThreadPoolExecutor.java:1149)
	at java.util.concurrent.ThreadPoolExecutor$Worker.run(ThreadPoolExecutor.java:624)
	at java.lang.Thread.run(Thread.java:748)
Caused by: org.apache.ratis.protocol.ServerNotReadyException: Server 6491c372-a595-4104-b3e9-c4f3293baafa is not [RUNNING]: current state is CLOSED
	at org.apache.ratis.server.impl.RaftServerImpl.lambda$assertLifeCycleState$10(RaftServerImpl.java:466)
	at org.apache.ratis.util.LifeCycle.assertCurrentState(LifeCycle.java:185)
	at org.apache.ratis.server.impl.RaftServerImpl.assertLifeCycleState(RaftServerImpl.java:465)
	at org.apache.ratis.server.impl.RaftServerImpl.submitClientRequestAsync(RaftServerImpl.java:529)
	at org.apache.ratis.server.impl.RaftServerProxy.lambda$submitClientRequestAsync$7(RaftServerProxy.java:333)
	at org.apache.ratis.server.impl.RaftServerProxy.lambda$null$5(RaftServerProxy.java:328)
	at org.apache.ratis.util.JavaUtils.callAsUnchecked(JavaUtils.java:109)
	at org.apache.ratis.server.impl.RaftServerProxy.lambda$submitRequest$6(RaftServerProxy.java:328)
	at java.util.concurrent.CompletableFuture.uniComposeStage(CompletableFuture.java:981)
	at java.util.concurrent.CompletableFuture.thenCompose(CompletableFuture.java:2124)
	at org.apache.ratis.server.impl.RaftServerProxy.submitRequest(RaftServerProxy.java:327)
	at org.apache.ratis.server.impl.RaftServerProxy.submitClientRequestAsync(RaftServerProxy.java:333)
	at org.apache.ratis.grpc.client.GrpcClientProtocolService$RequestStreamObserver.processClientRequest(GrpcClientProtocolService.java:220)
	at org.apache.ratis.grpc.client.GrpcClientProtocolService$OrderedRequestStreamObserver.processClientRequest(GrpcClientProtocolService.java:326)
	at org.apache.ratis.util.SlidingWindow$Server.processRequestsFromHead(SlidingWindow.java:429)
	at org.apache.ratis.util.SlidingWindow$Server.receivedRequest(SlidingWindow.java:421)
	at org.apache.ratis.grpc.client.GrpcClientProtocolService$OrderedRequestStreamObserver.processClientRequest(GrpcClientProtocolService.java:345)
	at org.apache.ratis.grpc.client.GrpcClientProtocolService$RequestStreamObserver.onNext(GrpcClientProtocolService.java:240)
	at org.apache.ratis.grpc.client.GrpcClientProtocolService$RequestStreamObserver.onNext(GrpcClientProtocolService.java:168)
	at org.apache.ratis.thirdparty.io.grpc.stub.ServerCalls$StreamingServerCallHandler$StreamingServerCallListener.onMessage(ServerCalls.java:248)
	at org.apache.ratis.thirdparty.io.grpc.internal.ServerCallImpl$ServerStreamListenerImpl.messagesAvailable(ServerCallImpl.java:263)
	at org.apache.ratis.thirdparty.io.grpc.internal.ServerImpl$JumpToApplicationThreadServerStreamListener$1MessagesAvailable.runInContext(ServerImpl.java:686)
	... 5 more
</error>
    <system-out><![CDATA[2019-09-20 10:24:16,714 [4d972e91-cb6b-45de-8bd2-c18af7abe58b-SegmentedRaftLogWorker:Storage Directory /workdir/hadoop-ozone/integration-test/target/test-dir/MiniOzoneClusterImpl-7bc36abf-c66f-431a-931d-8c1e5526238d/datanode-4/data/ratis/fea735f0-a895-4bc5-9bde-9aed31a5f304] INFO  segmented.SegmentedRaftLogWorker (SegmentedRaftLogWorker.java:execute(569)) - 4d972e91-cb6b-45de-8bd2-c18af7abe58b-SegmentedRaftLogWorker:Storage Directory /workdir/hadoop-ozone/integration-test/target/test-dir/MiniOzoneClusterImpl-7bc36abf-c66f-431a-931d-8c1e5526238d/datanode-4/data/ratis/fea735f0-a895-4bc5-9bde-9aed31a5f304: created new log segment /workdir/hadoop-ozone/integration-test/target/test-dir/MiniOzoneClusterImpl-7bc36abf-c66f-431a-931d-8c1e5526238d/datanode-4/data/ratis/fea735f0-a895-4bc5-9bde-9aed31a5f304/current/log_inprogress_0
2019-09-20 10:24:16,714 [7af711bd-b5ae-4a73-a8be-b970cae6c2d1:group-3870C8569AFA:LeaderElection32] INFO  impl.LeaderElection (LeaderElection.java:askForVotes(181)) - 7af711bd-b5ae-4a73-a8be-b970cae6c2d1:group-3870C8569AFA:LeaderElection32: begin an election at term 1 for -1: [7af711bd-b5ae-4a73-a8be-b970cae6c2d1:192.168.36.99:39953], old=null
2019-09-20 10:24:16,714 [7af711bd-b5ae-4a73-a8be-b970cae6c2d1:group-3870C8569AFA:LeaderElection32] INFO  impl.RoleInfo (RoleInfo.java:shutdownLeaderElection(134)) - 7af711bd-b5ae-4a73-a8be-b970cae6c2d1: shutdown LeaderElection
2019-09-20 10:24:16,714 [7af711bd-b5ae-4a73-a8be-b970cae6c2d1:group-3870C8569AFA:LeaderElection32] INFO  impl.RaftServerImpl (RaftServerImpl.java:setRole(171)) - 7af711bd-b5ae-4a73-a8be-b970cae6c2d1:group-3870C8569AFA changes role from CANDIDATE to LEADER at term 1 for changeToLeader
2019-09-20 10:24:16,714 [7af711bd-b5ae-4a73-a8be-b970cae6c2d1:group-3870C8569AFA:LeaderElection32] INFO  impl.RaftServerImpl (ServerState.java:setLeader(263)) - 7af711bd-b5ae-4a73-a8be-b970cae6c2d1:group-3870C8569AFA change Leader from null to 7af711bd-b5ae-4a73-a8be-b970cae6c2d1 at term 1 for becomeLeader, leader elected after 1198ms
2019-09-20 10:24:16,716 [7af711bd-b5ae-4a73-a8be-b970cae6c2d1:group-3870C8569AFA:LeaderElection32] INFO  server.RaftServerConfigKeys (ConfUtils.java:logGet(43)) - raft.server.staging.catchup.gap = 1000 (default)
2019-09-20 10:24:16,717 [7af711bd-b5ae-4a73-a8be-b970cae6c2d1:group-3870C8569AFA:LeaderElection32] INFO  server.RaftServerConfigKeys (ConfUtils.java:logGet(43)) - raft.server.rpc.sleep.time = 25ms (default)
2019-09-20 10:24:16,717 [7af711bd-b5ae-4a73-a8be-b970cae6c2d1:group-3870C8569AFA:LeaderElection32] INFO  server.RaftServerConfigKeys (ConfUtils.java:logGet(43)) - raft.server.write.element-limit = 4096 (default)
2019-09-20 10:24:16,717 [7af711bd-b5ae-4a73-a8be-b970cae6c2d1:group-3870C8569AFA:LeaderElection32] INFO  server.RaftServerConfigKeys (ConfUtils.java:logGet(43)) - raft.server.watch.timeout = 10s (default)
2019-09-20 10:24:16,717 [7af711bd-b5ae-4a73-a8be-b970cae6c2d1:group-3870C8569AFA:LeaderElection32] INFO  server.RaftServerConfigKeys (ConfUtils.java:logGet(43)) - raft.server.watch.timeout.denomination = 1s (default)
2019-09-20 10:24:16,717 [7af711bd-b5ae-4a73-a8be-b970cae6c2d1:group-3870C8569AFA:LeaderElection32] INFO  server.RaftServerConfigKeys (ConfUtils.java:logGet(43)) - raft.server.watch.element-limit = 65536 (default)
2019-09-20 10:24:16,718 [7af711bd-b5ae-4a73-a8be-b970cae6c2d1:group-3870C8569AFA:LeaderElection32] INFO  impl.RoleInfo (RoleInfo.java:updateAndGet(143)) - 7af711bd-b5ae-4a73-a8be-b970cae6c2d1: start LeaderState
2019-09-20 10:24:16,718 [7af711bd-b5ae-4a73-a8be-b970cae6c2d1:group-3870C8569AFA:LeaderElection32] INFO  segmented.SegmentedRaftLogWorker (SegmentedRaftLogWorker.java:startLogSegment(380)) - 7af711bd-b5ae-4a73-a8be-b970cae6c2d1-SegmentedRaftLogWorker:Storage Directory /workdir/hadoop-ozone/integration-test/target/test-dir/MiniOzoneClusterImpl-7bc36abf-c66f-431a-931d-8c1e5526238d/datanode-6/data/ratis/59fea76e-82e4-4ec3-ad68-3870c8569afa: Starting segment from index:0
2019-09-20 10:24:16,718 [7af711bd-b5ae-4a73-a8be-b970cae6c2d1:group-3870C8569AFA:LeaderElection32] INFO  impl.RaftServerImpl (ServerState.java:setRaftConf(361)) - 7af711bd-b5ae-4a73-a8be-b970cae6c2d1:group-3870C8569AFA set configuration 0: [7af711bd-b5ae-4a73-a8be-b970cae6c2d1:192.168.36.99:39953], old=null at 0
2019-09-20 10:24:16,760 [Thread-386] INFO  impl.FollowerState (FollowerState.java:run(106)) - 1ab786b9-c79c-4265-88a1-5b3344c6beda:group-A40B8986E6DE changes to CANDIDATE, lastRpcTime:1156, electionTimeout:1119ms
2019-09-20 10:24:16,761 [Thread-386] INFO  impl.RoleInfo (RoleInfo.java:shutdownFollowerState(121)) - 1ab786b9-c79c-4265-88a1-5b3344c6beda: shutdown FollowerState
2019-09-20 10:24:16,761 [Thread-386] INFO  impl.RaftServerImpl (RaftServerImpl.java:setRole(171)) - 1ab786b9-c79c-4265-88a1-5b3344c6beda:group-A40B8986E6DE changes role from FOLLOWER to CANDIDATE at term 0 for changeToCandidate
2019-09-20 10:24:16,761 [Thread-386] INFO  impl.RoleInfo (RoleInfo.java:updateAndGet(143)) - 1ab786b9-c79c-4265-88a1-5b3344c6beda: start LeaderElection
2019-09-20 10:24:16,778 [main] WARN  server.ServerUtils (ServerUtils.java:getScmDbDir(145)) - ozone.scm.db.dirs is not configured. We recommend adding this setting. Falling back to ozone.metadata.dirs instead.
2019-09-20 10:24:16,781 [7af711bd-b5ae-4a73-a8be-b970cae6c2d1-SegmentedRaftLogWorker:Storage Directory /workdir/hadoop-ozone/integration-test/target/test-dir/MiniOzoneClusterImpl-7bc36abf-c66f-431a-931d-8c1e5526238d/datanode-6/data/ratis/59fea76e-82e4-4ec3-ad68-3870c8569afa] INFO  segmented.SegmentedRaftLogWorker (SegmentedRaftLogWorker.java:execute(569)) - 7af711bd-b5ae-4a73-a8be-b970cae6c2d1-SegmentedRaftLogWorker:Storage Directory /workdir/hadoop-ozone/integration-test/target/test-dir/MiniOzoneClusterImpl-7bc36abf-c66f-431a-931d-8c1e5526238d/datanode-6/data/ratis/59fea76e-82e4-4ec3-ad68-3870c8569afa: created new log segment /workdir/hadoop-ozone/integration-test/target/test-dir/MiniOzoneClusterImpl-7bc36abf-c66f-431a-931d-8c1e5526238d/datanode-6/data/ratis/59fea76e-82e4-4ec3-ad68-3870c8569afa/current/log_inprogress_0
2019-09-20 10:24:16,798 [1ab786b9-c79c-4265-88a1-5b3344c6beda:group-A40B8986E6DE:LeaderElection33] INFO  impl.LeaderElection (LeaderElection.java:askForVotes(181)) - 1ab786b9-c79c-4265-88a1-5b3344c6beda:group-A40B8986E6DE:LeaderElection33: begin an election at term 1 for -1: [1ab786b9-c79c-4265-88a1-5b3344c6beda:192.168.36.99:42782], old=null
2019-09-20 10:24:16,799 [1ab786b9-c79c-4265-88a1-5b3344c6beda:group-A40B8986E6DE:LeaderElection33] INFO  impl.RoleInfo (RoleInfo.java:shutdownLeaderElection(134)) - 1ab786b9-c79c-4265-88a1-5b3344c6beda: shutdown LeaderElection
2019-09-20 10:24:16,799 [1ab786b9-c79c-4265-88a1-5b3344c6beda:group-A40B8986E6DE:LeaderElection33] INFO  impl.RaftServerImpl (RaftServerImpl.java:setRole(171)) - 1ab786b9-c79c-4265-88a1-5b3344c6beda:group-A40B8986E6DE changes role from CANDIDATE to LEADER at term 1 for changeToLeader
2019-09-20 10:24:16,799 [1ab786b9-c79c-4265-88a1-5b3344c6beda:group-A40B8986E6DE:LeaderElection33] INFO  impl.RaftServerImpl (ServerState.java:setLeader(263)) - 1ab786b9-c79c-4265-88a1-5b3344c6beda:group-A40B8986E6DE change Leader from null to 1ab786b9-c79c-4265-88a1-5b3344c6beda at term 1 for becomeLeader, leader elected after 1199ms
2019-09-20 10:24:16,799 [1ab786b9-c79c-4265-88a1-5b3344c6beda:group-A40B8986E6DE:LeaderElection33] INFO  server.RaftServerConfigKeys (ConfUtils.java:logGet(43)) - raft.server.staging.catchup.gap = 1000 (default)
2019-09-20 10:24:16,799 [1ab786b9-c79c-4265-88a1-5b3344c6beda:group-A40B8986E6DE:LeaderElection33] INFO  server.RaftServerConfigKeys (ConfUtils.java:logGet(43)) - raft.server.rpc.sleep.time = 25ms (default)
2019-09-20 10:24:16,800 [1ab786b9-c79c-4265-88a1-5b3344c6beda:group-A40B8986E6DE:LeaderElection33] INFO  server.RaftServerConfigKeys (ConfUtils.java:logGet(43)) - raft.server.write.element-limit = 4096 (default)
2019-09-20 10:24:16,800 [main] WARN  server.ServerUtils (ServerUtils.java:getScmDbDir(145)) - ozone.scm.db.dirs is not configured. We recommend adding this setting. Falling back to ozone.metadata.dirs instead.
2019-09-20 10:24:16,800 [1ab786b9-c79c-4265-88a1-5b3344c6beda:group-A40B8986E6DE:LeaderElection33] INFO  server.RaftServerConfigKeys (ConfUtils.java:logGet(43)) - raft.server.watch.timeout = 10s (default)
2019-09-20 10:24:16,800 [1ab786b9-c79c-4265-88a1-5b3344c6beda:group-A40B8986E6DE:LeaderElection33] INFO  server.RaftServerConfigKeys (ConfUtils.java:logGet(43)) - raft.server.watch.timeout.denomination = 1s (default)
2019-09-20 10:24:16,801 [1ab786b9-c79c-4265-88a1-5b3344c6beda:group-A40B8986E6DE:LeaderElection33] INFO  server.RaftServerConfigKeys (ConfUtils.java:logGet(43)) - raft.server.watch.element-limit = 65536 (default)
2019-09-20 10:24:16,801 [main] WARN  server.ServerUtils (ServerUtils.java:getScmDbDir(145)) - ozone.scm.db.dirs is not configured. We recommend adding this setting. Falling back to ozone.metadata.dirs instead.
2019-09-20 10:24:16,801 [1ab786b9-c79c-4265-88a1-5b3344c6beda:group-A40B8986E6DE:LeaderElection33] INFO  impl.RoleInfo (RoleInfo.java:updateAndGet(143)) - 1ab786b9-c79c-4265-88a1-5b3344c6beda: start LeaderState
2019-09-20 10:24:16,801 [Thread-391] INFO  impl.FollowerState (FollowerState.java:run(106)) - 1ab786b9-c79c-4265-88a1-5b3344c6beda:group-FD6D0CC9037F changes to CANDIDATE, lastRpcTime:1077, electionTimeout:1077ms
2019-09-20 10:24:16,801 [Thread-391] INFO  impl.RoleInfo (RoleInfo.java:shutdownFollowerState(121)) - 1ab786b9-c79c-4265-88a1-5b3344c6beda: shutdown FollowerState
2019-09-20 10:24:16,802 [main] INFO  db.DBStoreBuilder (DBStoreBuilder.java:addTable(110)) - using custom profile for table: deletedBlocks
2019-09-20 10:24:16,802 [main] INFO  db.DBStoreBuilder (DBStoreBuilder.java:processTables(161)) - Using default column profile:DBProfile.DISK for Table:deletedBlocks
2019-09-20 10:24:16,801 [1ab786b9-c79c-4265-88a1-5b3344c6beda:group-A40B8986E6DE:LeaderElection33] INFO  segmented.SegmentedRaftLogWorker (SegmentedRaftLogWorker.java:startLogSegment(380)) - 1ab786b9-c79c-4265-88a1-5b3344c6beda-SegmentedRaftLogWorker:Storage Directory /workdir/hadoop-ozone/integration-test/target/test-dir/MiniOzoneClusterImpl-7bc36abf-c66f-431a-931d-8c1e5526238d/datanode-5/data/ratis/997b63b7-9f15-4563-a72b-a40b8986e6de: Starting segment from index:0
2019-09-20 10:24:16,802 [main] INFO  db.DBStoreBuilder (DBStoreBuilder.java:addTable(110)) - using custom profile for table: validCerts
2019-09-20 10:24:16,802 [main] INFO  db.DBStoreBuilder (DBStoreBuilder.java:processTables(161)) - Using default column profile:DBProfile.DISK for Table:validCerts
2019-09-20 10:24:16,802 [Thread-391] INFO  impl.RaftServerImpl (RaftServerImpl.java:setRole(171)) - 1ab786b9-c79c-4265-88a1-5b3344c6beda:group-FD6D0CC9037F changes role from FOLLOWER to CANDIDATE at term 0 for changeToCandidate
2019-09-20 10:24:16,806 [1ab786b9-c79c-4265-88a1-5b3344c6beda:group-A40B8986E6DE:LeaderElection33] INFO  impl.RaftServerImpl (ServerState.java:setRaftConf(361)) - 1ab786b9-c79c-4265-88a1-5b3344c6beda:group-A40B8986E6DE set configuration 0: [1ab786b9-c79c-4265-88a1-5b3344c6beda:192.168.36.99:42782], old=null at 0
2019-09-20 10:24:16,806 [Thread-391] INFO  impl.RoleInfo (RoleInfo.java:updateAndGet(143)) - 1ab786b9-c79c-4265-88a1-5b3344c6beda: start LeaderElection
2019-09-20 10:24:16,806 [main] INFO  db.DBStoreBuilder (DBStoreBuilder.java:addTable(110)) - using custom profile for table: revokedCerts
2019-09-20 10:24:16,844 [main] INFO  db.DBStoreBuilder (DBStoreBuilder.java:processTables(161)) - Using default column profile:DBProfile.DISK for Table:revokedCerts
2019-09-20 10:24:16,850 [main] INFO  db.DBStoreBuilder (DBStoreBuilder.java:addTable(110)) - using custom profile for table: default
2019-09-20 10:24:16,850 | INFO  | SCMAudit | user=jenkins1000 | ip=192.168.36.99 | op=SEND_HEARTBEAT {datanodeUUID=7af711bd-b5ae-4a73-a8be-b970cae6c2d1, command=[]} | ret=SUCCESS |  
2019-09-20 10:24:16,850 [main] INFO  db.DBStoreBuilder (DBStoreBuilder.java:processTables(167)) - Using default column profile:DBProfile.DISK for Table:default
2019-09-20 10:24:16,851 [main] INFO  db.DBStoreBuilder (DBStoreBuilder.java:getDbProfile(198)) - Using default options. DBProfile.DISK
2019-09-20 10:24:16,865 [1ab786b9-c79c-4265-88a1-5b3344c6beda-SegmentedRaftLogWorker:Storage Directory /workdir/hadoop-ozone/integration-test/target/test-dir/MiniOzoneClusterImpl-7bc36abf-c66f-431a-931d-8c1e5526238d/datanode-5/data/ratis/997b63b7-9f15-4563-a72b-a40b8986e6de] INFO  segmented.SegmentedRaftLogWorker (SegmentedRaftLogWorker.java:execute(569)) - 1ab786b9-c79c-4265-88a1-5b3344c6beda-SegmentedRaftLogWorker:Storage Directory /workdir/hadoop-ozone/integration-test/target/test-dir/MiniOzoneClusterImpl-7bc36abf-c66f-431a-931d-8c1e5526238d/datanode-5/data/ratis/997b63b7-9f15-4563-a72b-a40b8986e6de: created new log segment /workdir/hadoop-ozone/integration-test/target/test-dir/MiniOzoneClusterImpl-7bc36abf-c66f-431a-931d-8c1e5526238d/datanode-5/data/ratis/997b63b7-9f15-4563-a72b-a40b8986e6de/current/log_inprogress_0
2019-09-20 10:24:16,883 [1ab786b9-c79c-4265-88a1-5b3344c6beda:group-FD6D0CC9037F:LeaderElection34] INFO  impl.LeaderElection (LeaderElection.java:askForVotes(181)) - 1ab786b9-c79c-4265-88a1-5b3344c6beda:group-FD6D0CC9037F:LeaderElection34: begin an election at term 1 for -1: [1ab786b9-c79c-4265-88a1-5b3344c6beda:192.168.36.99:42782], old=null
2019-09-20 10:24:16,883 [1ab786b9-c79c-4265-88a1-5b3344c6beda:group-FD6D0CC9037F:LeaderElection34] INFO  impl.RoleInfo (RoleInfo.java:shutdownLeaderElection(134)) - 1ab786b9-c79c-4265-88a1-5b3344c6beda: shutdown LeaderElection
2019-09-20 10:24:16,883 [1ab786b9-c79c-4265-88a1-5b3344c6beda:group-FD6D0CC9037F:LeaderElection34] INFO  impl.RaftServerImpl (RaftServerImpl.java:setRole(171)) - 1ab786b9-c79c-4265-88a1-5b3344c6beda:group-FD6D0CC9037F changes role from CANDIDATE to LEADER at term 1 for changeToLeader
2019-09-20 10:24:16,883 [1ab786b9-c79c-4265-88a1-5b3344c6beda:group-FD6D0CC9037F:LeaderElection34] INFO  impl.RaftServerImpl (ServerState.java:setLeader(263)) - 1ab786b9-c79c-4265-88a1-5b3344c6beda:group-FD6D0CC9037F change Leader from null to 1ab786b9-c79c-4265-88a1-5b3344c6beda at term 1 for becomeLeader, leader elected after 1165ms
2019-09-20 10:24:16,884 [1ab786b9-c79c-4265-88a1-5b3344c6beda:group-FD6D0CC9037F:LeaderElection34] INFO  server.RaftServerConfigKeys (ConfUtils.java:logGet(43)) - raft.server.staging.catchup.gap = 1000 (default)
2019-09-20 10:24:16,884 [1ab786b9-c79c-4265-88a1-5b3344c6beda:group-FD6D0CC9037F:LeaderElection34] INFO  server.RaftServerConfigKeys (ConfUtils.java:logGet(43)) - raft.server.rpc.sleep.time = 25ms (default)
2019-09-20 10:24:16,884 [1ab786b9-c79c-4265-88a1-5b3344c6beda:group-FD6D0CC9037F:LeaderElection34] INFO  server.RaftServerConfigKeys (ConfUtils.java:logGet(43)) - raft.server.write.element-limit = 4096 (default)
2019-09-20 10:24:16,884 [1ab786b9-c79c-4265-88a1-5b3344c6beda:group-FD6D0CC9037F:LeaderElection34] INFO  server.RaftServerConfigKeys (ConfUtils.java:logGet(43)) - raft.server.watch.timeout = 10s (default)
2019-09-20 10:24:16,884 [1ab786b9-c79c-4265-88a1-5b3344c6beda:group-FD6D0CC9037F:LeaderElection34] INFO  server.RaftServerConfigKeys (ConfUtils.java:logGet(43)) - raft.server.watch.timeout.denomination = 1s (default)
2019-09-20 10:24:16,885 [1ab786b9-c79c-4265-88a1-5b3344c6beda:group-FD6D0CC9037F:LeaderElection34] INFO  server.RaftServerConfigKeys (ConfUtils.java:logGet(43)) - raft.server.watch.element-limit = 65536 (default)
2019-09-20 10:24:16,885 [1ab786b9-c79c-4265-88a1-5b3344c6beda:group-FD6D0CC9037F:LeaderElection34] INFO  impl.RoleInfo (RoleInfo.java:updateAndGet(143)) - 1ab786b9-c79c-4265-88a1-5b3344c6beda: start LeaderState
2019-09-20 10:24:16,885 [1ab786b9-c79c-4265-88a1-5b3344c6beda:group-FD6D0CC9037F:LeaderElection34] INFO  segmented.SegmentedRaftLogWorker (SegmentedRaftLogWorker.java:startLogSegment(380)) - 1ab786b9-c79c-4265-88a1-5b3344c6beda-SegmentedRaftLogWorker:Storage Directory /workdir/hadoop-ozone/integration-test/target/test-dir/MiniOzoneClusterImpl-7bc36abf-c66f-431a-931d-8c1e5526238d/datanode-5/data/ratis/658524bb-4309-462a-96d3-fd6d0cc9037f: Starting segment from index:0
2019-09-20 10:24:16,886 [1ab786b9-c79c-4265-88a1-5b3344c6beda:group-FD6D0CC9037F:LeaderElection34] INFO  impl.RaftServerImpl (ServerState.java:setRaftConf(361)) - 1ab786b9-c79c-4265-88a1-5b3344c6beda:group-FD6D0CC9037F set configuration 0: [1ab786b9-c79c-4265-88a1-5b3344c6beda:192.168.36.99:42782], old=null at 0
2019-09-20 10:24:16,922 [Thread-395] INFO  impl.FollowerState (FollowerState.java:run(106)) - 7af711bd-b5ae-4a73-a8be-b970cae6c2d1:group-3803D37FD168 changes to CANDIDATE, lastRpcTime:1129, electionTimeout:1109ms
2019-09-20 10:24:16,922 [Thread-395] INFO  impl.RoleInfo (RoleInfo.java:shutdownFollowerState(121)) - 7af711bd-b5ae-4a73-a8be-b970cae6c2d1: shutdown FollowerState
2019-09-20 10:24:16,922 [Thread-395] INFO  impl.RaftServerImpl (RaftServerImpl.java:setRole(171)) - 7af711bd-b5ae-4a73-a8be-b970cae6c2d1:group-3803D37FD168 changes role from FOLLOWER to CANDIDATE at term 0 for changeToCandidate
2019-09-20 10:24:16,922 [Thread-395] INFO  impl.RoleInfo (RoleInfo.java:updateAndGet(143)) - 7af711bd-b5ae-4a73-a8be-b970cae6c2d1: start LeaderElection
2019-09-20 10:24:16,944 [Thread-399] INFO  impl.FollowerState (FollowerState.java:run(106)) - 1ab786b9-c79c-4265-88a1-5b3344c6beda:group-83ED8D00307D changes to CANDIDATE, lastRpcTime:1043, electionTimeout:1043ms
2019-09-20 10:24:16,944 [Thread-399] INFO  impl.RoleInfo (RoleInfo.java:shutdownFollowerState(121)) - 1ab786b9-c79c-4265-88a1-5b3344c6beda: shutdown FollowerState
2019-09-20 10:24:16,944 [Thread-399] INFO  impl.RaftServerImpl (RaftServerImpl.java:setRole(171)) - 1ab786b9-c79c-4265-88a1-5b3344c6beda:group-83ED8D00307D changes role from FOLLOWER to CANDIDATE at term 0 for changeToCandidate
2019-09-20 10:24:16,944 [Thread-399] INFO  impl.RoleInfo (RoleInfo.java:updateAndGet(143)) - 1ab786b9-c79c-4265-88a1-5b3344c6beda: start LeaderElection
2019-09-20 10:24:16,967 [1ab786b9-c79c-4265-88a1-5b3344c6beda-SegmentedRaftLogWorker:Storage Directory /workdir/hadoop-ozone/integration-test/target/test-dir/MiniOzoneClusterImpl-7bc36abf-c66f-431a-931d-8c1e5526238d/datanode-5/data/ratis/658524bb-4309-462a-96d3-fd6d0cc9037f] INFO  segmented.SegmentedRaftLogWorker (SegmentedRaftLogWorker.java:execute(569)) - 1ab786b9-c79c-4265-88a1-5b3344c6beda-SegmentedRaftLogWorker:Storage Directory /workdir/hadoop-ozone/integration-test/target/test-dir/MiniOzoneClusterImpl-7bc36abf-c66f-431a-931d-8c1e5526238d/datanode-5/data/ratis/658524bb-4309-462a-96d3-fd6d0cc9037f: created new log segment /workdir/hadoop-ozone/integration-test/target/test-dir/MiniOzoneClusterImpl-7bc36abf-c66f-431a-931d-8c1e5526238d/datanode-5/data/ratis/658524bb-4309-462a-96d3-fd6d0cc9037f/current/log_inprogress_0
2019-09-20 10:24:16,967 [7af711bd-b5ae-4a73-a8be-b970cae6c2d1:group-3803D37FD168:LeaderElection35] INFO  impl.LeaderElection (LeaderElection.java:askForVotes(181)) - 7af711bd-b5ae-4a73-a8be-b970cae6c2d1:group-3803D37FD168:LeaderElection35: begin an election at term 1 for -1: [7af711bd-b5ae-4a73-a8be-b970cae6c2d1:192.168.36.99:39953], old=null
2019-09-20 10:24:16,968 [7af711bd-b5ae-4a73-a8be-b970cae6c2d1:group-3803D37FD168:LeaderElection35] INFO  impl.RoleInfo (RoleInfo.java:shutdownLeaderElection(134)) - 7af711bd-b5ae-4a73-a8be-b970cae6c2d1: shutdown LeaderElection
2019-09-20 10:24:16,968 [7af711bd-b5ae-4a73-a8be-b970cae6c2d1:group-3803D37FD168:LeaderElection35] INFO  impl.RaftServerImpl (RaftServerImpl.java:setRole(171)) - 7af711bd-b5ae-4a73-a8be-b970cae6c2d1:group-3803D37FD168 changes role from CANDIDATE to LEADER at term 1 for changeToLeader
2019-09-20 10:24:16,968 [7af711bd-b5ae-4a73-a8be-b970cae6c2d1:group-3803D37FD168:LeaderElection35] INFO  impl.RaftServerImpl (ServerState.java:setLeader(263)) - 7af711bd-b5ae-4a73-a8be-b970cae6c2d1:group-3803D37FD168 change Leader from null to 7af711bd-b5ae-4a73-a8be-b970cae6c2d1 at term 1 for becomeLeader, leader elected after 1181ms
2019-09-20 10:24:16,968 [7af711bd-b5ae-4a73-a8be-b970cae6c2d1:group-3803D37FD168:LeaderElection35] INFO  server.RaftServerConfigKeys (ConfUtils.java:logGet(43)) - raft.server.staging.catchup.gap = 1000 (default)
2019-09-20 10:24:16,968 [7af711bd-b5ae-4a73-a8be-b970cae6c2d1:group-3803D37FD168:LeaderElection35] INFO  server.RaftServerConfigKeys (ConfUtils.java:logGet(43)) - raft.server.rpc.sleep.time = 25ms (default)
2019-09-20 10:24:16,968 [7af711bd-b5ae-4a73-a8be-b970cae6c2d1:group-3803D37FD168:LeaderElection35] INFO  server.RaftServerConfigKeys (ConfUtils.java:logGet(43)) - raft.server.write.element-limit = 4096 (default)
2019-09-20 10:24:16,969 [7af711bd-b5ae-4a73-a8be-b970cae6c2d1:group-3803D37FD168:LeaderElection35] INFO  server.RaftServerConfigKeys (ConfUtils.java:logGet(43)) - raft.server.watch.timeout = 10s (default)
2019-09-20 10:24:16,969 [7af711bd-b5ae-4a73-a8be-b970cae6c2d1:group-3803D37FD168:LeaderElection35] INFO  server.RaftServerConfigKeys (ConfUtils.java:logGet(43)) - raft.server.watch.timeout.denomination = 1s (default)
2019-09-20 10:24:16,969 [7af711bd-b5ae-4a73-a8be-b970cae6c2d1:group-3803D37FD168:LeaderElection35] INFO  server.RaftServerConfigKeys (ConfUtils.java:logGet(43)) - raft.server.watch.element-limit = 65536 (default)
2019-09-20 10:24:16,969 [7af711bd-b5ae-4a73-a8be-b970cae6c2d1:group-3803D37FD168:LeaderElection35] INFO  impl.RoleInfo (RoleInfo.java:updateAndGet(143)) - 7af711bd-b5ae-4a73-a8be-b970cae6c2d1: start LeaderState
2019-09-20 10:24:16,969 [7af711bd-b5ae-4a73-a8be-b970cae6c2d1:group-3803D37FD168:LeaderElection35] INFO  segmented.SegmentedRaftLogWorker (SegmentedRaftLogWorker.java:startLogSegment(380)) - 7af711bd-b5ae-4a73-a8be-b970cae6c2d1-SegmentedRaftLogWorker:Storage Directory /workdir/hadoop-ozone/integration-test/target/test-dir/MiniOzoneClusterImpl-7bc36abf-c66f-431a-931d-8c1e5526238d/datanode-6/data/ratis/a6a06d6c-ae3b-400f-b466-3803d37fd168: Starting segment from index:0
2019-09-20 10:24:16,970 [7af711bd-b5ae-4a73-a8be-b970cae6c2d1:group-3803D37FD168:LeaderElection35] INFO  impl.RaftServerImpl (ServerState.java:setRaftConf(361)) - 7af711bd-b5ae-4a73-a8be-b970cae6c2d1:group-3803D37FD168 set configuration 0: [7af711bd-b5ae-4a73-a8be-b970cae6c2d1:192.168.36.99:39953], old=null at 0
2019-09-20 10:24:17,001 [1ab786b9-c79c-4265-88a1-5b3344c6beda:group-83ED8D00307D:LeaderElection36] INFO  impl.LeaderElection (LeaderElection.java:askForVotes(181)) - 1ab786b9-c79c-4265-88a1-5b3344c6beda:group-83ED8D00307D:LeaderElection36: begin an election at term 1 for -1: [1ab786b9-c79c-4265-88a1-5b3344c6beda:192.168.36.99:42782], old=null
2019-09-20 10:24:17,001 [1ab786b9-c79c-4265-88a1-5b3344c6beda:group-83ED8D00307D:LeaderElection36] INFO  impl.RoleInfo (RoleInfo.java:shutdownLeaderElection(134)) - 1ab786b9-c79c-4265-88a1-5b3344c6beda: shutdown LeaderElection
2019-09-20 10:24:17,002 [1ab786b9-c79c-4265-88a1-5b3344c6beda:group-83ED8D00307D:LeaderElection36] INFO  impl.RaftServerImpl (RaftServerImpl.java:setRole(171)) - 1ab786b9-c79c-4265-88a1-5b3344c6beda:group-83ED8D00307D changes role from CANDIDATE to LEADER at term 1 for changeToLeader
2019-09-20 10:24:17,002 [1ab786b9-c79c-4265-88a1-5b3344c6beda:group-83ED8D00307D:LeaderElection36] INFO  impl.RaftServerImpl (ServerState.java:setLeader(263)) - 1ab786b9-c79c-4265-88a1-5b3344c6beda:group-83ED8D00307D change Leader from null to 1ab786b9-c79c-4265-88a1-5b3344c6beda at term 1 for becomeLeader, leader elected after 1105ms
2019-09-20 10:24:17,002 [1ab786b9-c79c-4265-88a1-5b3344c6beda:group-83ED8D00307D:LeaderElection36] INFO  server.RaftServerConfigKeys (ConfUtils.java:logGet(43)) - raft.server.staging.catchup.gap = 1000 (default)
2019-09-20 10:24:17,002 [1ab786b9-c79c-4265-88a1-5b3344c6beda:group-83ED8D00307D:LeaderElection36] INFO  server.RaftServerConfigKeys (ConfUtils.java:logGet(43)) - raft.server.rpc.sleep.time = 25ms (default)
2019-09-20 10:24:17,002 [1ab786b9-c79c-4265-88a1-5b3344c6beda:group-83ED8D00307D:LeaderElection36] INFO  server.RaftServerConfigKeys (ConfUtils.java:logGet(43)) - raft.server.write.element-limit = 4096 (default)
2019-09-20 10:24:17,002 [1ab786b9-c79c-4265-88a1-5b3344c6beda:group-83ED8D00307D:LeaderElection36] INFO  server.RaftServerConfigKeys (ConfUtils.java:logGet(43)) - raft.server.watch.timeout = 10s (default)
2019-09-20 10:24:17,002 [1ab786b9-c79c-4265-88a1-5b3344c6beda:group-83ED8D00307D:LeaderElection36] INFO  server.RaftServerConfigKeys (ConfUtils.java:logGet(43)) - raft.server.watch.timeout.denomination = 1s (default)
2019-09-20 10:24:17,003 [1ab786b9-c79c-4265-88a1-5b3344c6beda:group-83ED8D00307D:LeaderElection36] INFO  server.RaftServerConfigKeys (ConfUtils.java:logGet(43)) - raft.server.watch.element-limit = 65536 (default)
2019-09-20 10:24:17,003 [1ab786b9-c79c-4265-88a1-5b3344c6beda:group-83ED8D00307D:LeaderElection36] INFO  impl.RoleInfo (RoleInfo.java:updateAndGet(143)) - 1ab786b9-c79c-4265-88a1-5b3344c6beda: start LeaderState
2019-09-20 10:24:17,003 [1ab786b9-c79c-4265-88a1-5b3344c6beda:group-83ED8D00307D:LeaderElection36] INFO  segmented.SegmentedRaftLogWorker (SegmentedRaftLogWorker.java:startLogSegment(380)) - 1ab786b9-c79c-4265-88a1-5b3344c6beda-SegmentedRaftLogWorker:Storage Directory /workdir/hadoop-ozone/integration-test/target/test-dir/MiniOzoneClusterImpl-7bc36abf-c66f-431a-931d-8c1e5526238d/datanode-5/data/ratis/18acc8a4-ae6e-4497-9d4e-83ed8d00307d: Starting segment from index:0
2019-09-20 10:24:17,003 [1ab786b9-c79c-4265-88a1-5b3344c6beda:group-83ED8D00307D:LeaderElection36] INFO  impl.RaftServerImpl (ServerState.java:setRaftConf(361)) - 1ab786b9-c79c-4265-88a1-5b3344c6beda:group-83ED8D00307D set configuration 0: [1ab786b9-c79c-4265-88a1-5b3344c6beda:192.168.36.99:42782], old=null at 0
2019-09-20 10:24:17,045 [7af711bd-b5ae-4a73-a8be-b970cae6c2d1-SegmentedRaftLogWorker:Storage Directory /workdir/hadoop-ozone/integration-test/target/test-dir/MiniOzoneClusterImpl-7bc36abf-c66f-431a-931d-8c1e5526238d/datanode-6/data/ratis/a6a06d6c-ae3b-400f-b466-3803d37fd168] INFO  segmented.SegmentedRaftLogWorker (SegmentedRaftLogWorker.java:execute(569)) - 7af711bd-b5ae-4a73-a8be-b970cae6c2d1-SegmentedRaftLogWorker:Storage Directory /workdir/hadoop-ozone/integration-test/target/test-dir/MiniOzoneClusterImpl-7bc36abf-c66f-431a-931d-8c1e5526238d/datanode-6/data/ratis/a6a06d6c-ae3b-400f-b466-3803d37fd168: created new log segment /workdir/hadoop-ozone/integration-test/target/test-dir/MiniOzoneClusterImpl-7bc36abf-c66f-431a-931d-8c1e5526238d/datanode-6/data/ratis/a6a06d6c-ae3b-400f-b466-3803d37fd168/current/log_inprogress_0
2019-09-20 10:24:17,061 [1ab786b9-c79c-4265-88a1-5b3344c6beda-SegmentedRaftLogWorker:Storage Directory /workdir/hadoop-ozone/integration-test/target/test-dir/MiniOzoneClusterImpl-7bc36abf-c66f-431a-931d-8c1e5526238d/datanode-5/data/ratis/18acc8a4-ae6e-4497-9d4e-83ed8d00307d] INFO  segmented.SegmentedRaftLogWorker (SegmentedRaftLogWorker.java:execute(569)) - 1ab786b9-c79c-4265-88a1-5b3344c6beda-SegmentedRaftLogWorker:Storage Directory /workdir/hadoop-ozone/integration-test/target/test-dir/MiniOzoneClusterImpl-7bc36abf-c66f-431a-931d-8c1e5526238d/datanode-5/data/ratis/18acc8a4-ae6e-4497-9d4e-83ed8d00307d: created new log segment /workdir/hadoop-ozone/integration-test/target/test-dir/MiniOzoneClusterImpl-7bc36abf-c66f-431a-931d-8c1e5526238d/datanode-5/data/ratis/18acc8a4-ae6e-4497-9d4e-83ed8d00307d/current/log_inprogress_0
2019-09-20 10:24:17,080 [Thread-403] INFO  impl.FollowerState (FollowerState.java:run(106)) - 1ab786b9-c79c-4265-88a1-5b3344c6beda:group-3308C7C63078 changes to CANDIDATE, lastRpcTime:1073, electionTimeout:1073ms
2019-09-20 10:24:17,080 [Thread-403] INFO  impl.RoleInfo (RoleInfo.java:shutdownFollowerState(121)) - 1ab786b9-c79c-4265-88a1-5b3344c6beda: shutdown FollowerState
2019-09-20 10:24:17,080 [Thread-403] INFO  impl.RaftServerImpl (RaftServerImpl.java:setRole(171)) - 1ab786b9-c79c-4265-88a1-5b3344c6beda:group-3308C7C63078 changes role from FOLLOWER to CANDIDATE at term 0 for changeToCandidate
2019-09-20 10:24:17,080 [Thread-403] INFO  impl.RoleInfo (RoleInfo.java:updateAndGet(143)) - 1ab786b9-c79c-4265-88a1-5b3344c6beda: start LeaderElection
2019-09-20 10:24:17,104 [1ab786b9-c79c-4265-88a1-5b3344c6beda:group-3308C7C63078:LeaderElection37] INFO  impl.LeaderElection (LeaderElection.java:askForVotes(181)) - 1ab786b9-c79c-4265-88a1-5b3344c6beda:group-3308C7C63078:LeaderElection37: begin an election at term 1 for -1: [1ab786b9-c79c-4265-88a1-5b3344c6beda:192.168.36.99:42782], old=null
2019-09-20 10:24:17,105 [1ab786b9-c79c-4265-88a1-5b3344c6beda:group-3308C7C63078:LeaderElection37] INFO  impl.RoleInfo (RoleInfo.java:shutdownLeaderElection(134)) - 1ab786b9-c79c-4265-88a1-5b3344c6beda: shutdown LeaderElection
2019-09-20 10:24:17,105 [1ab786b9-c79c-4265-88a1-5b3344c6beda:group-3308C7C63078:LeaderElection37] INFO  impl.RaftServerImpl (RaftServerImpl.java:setRole(171)) - 1ab786b9-c79c-4265-88a1-5b3344c6beda:group-3308C7C63078 changes role from CANDIDATE to LEADER at term 1 for changeToLeader
2019-09-20 10:24:17,105 [1ab786b9-c79c-4265-88a1-5b3344c6beda:group-3308C7C63078:LeaderElection37] INFO  impl.RaftServerImpl (ServerState.java:setLeader(263)) - 1ab786b9-c79c-4265-88a1-5b3344c6beda:group-3308C7C63078 change Leader from null to 1ab786b9-c79c-4265-88a1-5b3344c6beda at term 1 for becomeLeader, leader elected after 1107ms
2019-09-20 10:24:17,105 [1ab786b9-c79c-4265-88a1-5b3344c6beda:group-3308C7C63078:LeaderElection37] INFO  server.RaftServerConfigKeys (ConfUtils.java:logGet(43)) - raft.server.staging.catchup.gap = 1000 (default)
2019-09-20 10:24:17,105 [1ab786b9-c79c-4265-88a1-5b3344c6beda:group-3308C7C63078:LeaderElection37] INFO  server.RaftServerConfigKeys (ConfUtils.java:logGet(43)) - raft.server.rpc.sleep.time = 25ms (default)
2019-09-20 10:24:17,105 [1ab786b9-c79c-4265-88a1-5b3344c6beda:group-3308C7C63078:LeaderElection37] INFO  server.RaftServerConfigKeys (ConfUtils.java:logGet(43)) - raft.server.write.element-limit = 4096 (default)
2019-09-20 10:24:17,105 [1ab786b9-c79c-4265-88a1-5b3344c6beda:group-3308C7C63078:LeaderElection37] INFO  server.RaftServerConfigKeys (ConfUtils.java:logGet(43)) - raft.server.watch.timeout = 10s (default)
2019-09-20 10:24:17,105 [1ab786b9-c79c-4265-88a1-5b3344c6beda:group-3308C7C63078:LeaderElection37] INFO  server.RaftServerConfigKeys (ConfUtils.java:logGet(43)) - raft.server.watch.timeout.denomination = 1s (default)
2019-09-20 10:24:17,106 [1ab786b9-c79c-4265-88a1-5b3344c6beda:group-3308C7C63078:LeaderElection37] INFO  server.RaftServerConfigKeys (ConfUtils.java:logGet(43)) - raft.server.watch.element-limit = 65536 (default)
2019-09-20 10:24:17,106 [1ab786b9-c79c-4265-88a1-5b3344c6beda:group-3308C7C63078:LeaderElection37] INFO  impl.RoleInfo (RoleInfo.java:updateAndGet(143)) - 1ab786b9-c79c-4265-88a1-5b3344c6beda: start LeaderState
2019-09-20 10:24:17,106 [1ab786b9-c79c-4265-88a1-5b3344c6beda:group-3308C7C63078:LeaderElection37] INFO  segmented.SegmentedRaftLogWorker (SegmentedRaftLogWorker.java:startLogSegment(380)) - 1ab786b9-c79c-4265-88a1-5b3344c6beda-SegmentedRaftLogWorker:Storage Directory /workdir/hadoop-ozone/integration-test/target/test-dir/MiniOzoneClusterImpl-7bc36abf-c66f-431a-931d-8c1e5526238d/datanode-5/data/ratis/433d6b74-0125-445a-85a3-3308c7c63078: Starting segment from index:0
2019-09-20 10:24:17,106 [1ab786b9-c79c-4265-88a1-5b3344c6beda:group-3308C7C63078:LeaderElection37] INFO  impl.RaftServerImpl (ServerState.java:setRaftConf(361)) - 1ab786b9-c79c-4265-88a1-5b3344c6beda:group-3308C7C63078 set configuration 0: [1ab786b9-c79c-4265-88a1-5b3344c6beda:192.168.36.99:42782], old=null at 0
2019-09-20 10:24:17,172 [1ab786b9-c79c-4265-88a1-5b3344c6beda-SegmentedRaftLogWorker:Storage Directory /workdir/hadoop-ozone/integration-test/target/test-dir/MiniOzoneClusterImpl-7bc36abf-c66f-431a-931d-8c1e5526238d/datanode-5/data/ratis/433d6b74-0125-445a-85a3-3308c7c63078] INFO  segmented.SegmentedRaftLogWorker (SegmentedRaftLogWorker.java:execute(569)) - 1ab786b9-c79c-4265-88a1-5b3344c6beda-SegmentedRaftLogWorker:Storage Directory /workdir/hadoop-ozone/integration-test/target/test-dir/MiniOzoneClusterImpl-7bc36abf-c66f-431a-931d-8c1e5526238d/datanode-5/data/ratis/433d6b74-0125-445a-85a3-3308c7c63078: created new log segment /workdir/hadoop-ozone/integration-test/target/test-dir/MiniOzoneClusterImpl-7bc36abf-c66f-431a-931d-8c1e5526238d/datanode-5/data/ratis/433d6b74-0125-445a-85a3-3308c7c63078/current/log_inprogress_0
2019-09-20 10:24:17,239 | INFO  | SCMAudit | user=jenkins1000 | ip=192.168.36.99 | op=SEND_HEARTBEAT {datanodeUUID=c3e532f8-1a8e-44f3-b56b-d765aee893af, command=[]} | ret=SUCCESS |  
2019-09-20 10:24:17,239 | INFO  | SCMAudit | user=jenkins1000 | ip=192.168.36.99 | op=SEND_HEARTBEAT {datanodeUUID=66416d0b-a71c-4af1-ae3a-62ca63b880a3, command=[]} | ret=SUCCESS |  
2019-09-20 10:24:17,242 [main] INFO  net.NodeSchemaLoader (NodeSchemaLoader.java:loadSchemaFromFile(125)) - Loading file from sun.misc.CompoundEnumeration@67b5e613
2019-09-20 10:24:17,242 [main] INFO  net.NodeSchemaLoader (NodeSchemaLoader.java:loadSchema(171)) - Loading network topology layer schema file
2019-09-20 10:24:17,246 [main] WARN  server.ServerUtils (ServerUtils.java:sanitizeUserArgs(70)) - ozone.scm.stale.node.interval value = 300000 is larger than max = 100000 based on the key value of ozone.scm.heartbeat.thread.interval, reset to the max value 100000.
2019-09-20 10:24:17,246 [Thread-409] INFO  impl.FollowerState (FollowerState.java:run(106)) - 1ab786b9-c79c-4265-88a1-5b3344c6beda:group-14EA3936E8E7 changes to CANDIDATE, lastRpcTime:1105, electionTimeout:1105ms
2019-09-20 10:24:17,247 [main] WARN  server.ServerUtils (ServerUtils.java:sanitizeUserArgs(70)) - ozone.scm.stale.node.interval value = 300000 is larger than max = 100000 based on the key value of ozone.scm.heartbeat.thread.interval, reset to the max value 100000.
2019-09-20 10:24:17,247 [Thread-409] INFO  impl.RoleInfo (RoleInfo.java:shutdownFollowerState(121)) - 1ab786b9-c79c-4265-88a1-5b3344c6beda: shutdown FollowerState
2019-09-20 10:24:17,247 [Thread-409] INFO  impl.RaftServerImpl (RaftServerImpl.java:setRole(171)) - 1ab786b9-c79c-4265-88a1-5b3344c6beda:group-14EA3936E8E7 changes role from FOLLOWER to CANDIDATE at term 0 for changeToCandidate
2019-09-20 10:24:17,247 [main] INFO  node.SCMNodeManager (SCMNodeManager.java:<init>(121)) - Entering startup safe mode.
2019-09-20 10:24:17,247 [Thread-409] INFO  impl.RoleInfo (RoleInfo.java:updateAndGet(143)) - 1ab786b9-c79c-4265-88a1-5b3344c6beda: start LeaderElection
2019-09-20 10:24:17,255 [main] INFO  algorithms.ContainerPlacementPolicyFactory (ContainerPlacementPolicyFactory.java:getPolicy(56)) - Create container placement policy of type org.apache.hadoop.hdds.scm.container.placement.algorithms.SCMContainerPlacementRandom
2019-09-20 10:24:17,256 [main] WARN  server.ServerUtils (ServerUtils.java:getScmDbDir(145)) - ozone.scm.db.dirs is not configured. We recommend adding this setting. Falling back to ozone.metadata.dirs instead.
2019-09-20 10:24:17,273 [Thread-414] INFO  impl.FollowerState (FollowerState.java:run(106)) - 7af711bd-b5ae-4a73-a8be-b970cae6c2d1:group-22B80B271321 changes to CANDIDATE, lastRpcTime:1030, electionTimeout:1030ms
2019-09-20 10:24:17,273 [Thread-414] INFO  impl.RoleInfo (RoleInfo.java:shutdownFollowerState(121)) - 7af711bd-b5ae-4a73-a8be-b970cae6c2d1: shutdown FollowerState
2019-09-20 10:24:17,273 [Thread-414] INFO  impl.RaftServerImpl (RaftServerImpl.java:setRole(171)) - 7af711bd-b5ae-4a73-a8be-b970cae6c2d1:group-22B80B271321 changes role from FOLLOWER to CANDIDATE at term 0 for changeToCandidate
2019-09-20 10:24:17,273 [Thread-414] INFO  impl.RoleInfo (RoleInfo.java:updateAndGet(143)) - 7af711bd-b5ae-4a73-a8be-b970cae6c2d1: start LeaderElection
2019-09-20 10:24:17,273 [1ab786b9-c79c-4265-88a1-5b3344c6beda:group-14EA3936E8E7:LeaderElection38] INFO  impl.LeaderElection (LeaderElection.java:askForVotes(181)) - 1ab786b9-c79c-4265-88a1-5b3344c6beda:group-14EA3936E8E7:LeaderElection38: begin an election at term 1 for -1: [1ab786b9-c79c-4265-88a1-5b3344c6beda:192.168.36.99:42782], old=null
2019-09-20 10:24:17,273 [1ab786b9-c79c-4265-88a1-5b3344c6beda:group-14EA3936E8E7:LeaderElection38] INFO  impl.RoleInfo (RoleInfo.java:shutdownLeaderElection(134)) - 1ab786b9-c79c-4265-88a1-5b3344c6beda: shutdown LeaderElection
2019-09-20 10:24:17,290 [1ab786b9-c79c-4265-88a1-5b3344c6beda:group-14EA3936E8E7:LeaderElection38] INFO  impl.RaftServerImpl (RaftServerImpl.java:setRole(171)) - 1ab786b9-c79c-4265-88a1-5b3344c6beda:group-14EA3936E8E7 changes role from CANDIDATE to LEADER at term 1 for changeToLeader
2019-09-20 10:24:17,290 [1ab786b9-c79c-4265-88a1-5b3344c6beda:group-14EA3936E8E7:LeaderElection38] INFO  impl.RaftServerImpl (ServerState.java:setLeader(263)) - 1ab786b9-c79c-4265-88a1-5b3344c6beda:group-14EA3936E8E7 change Leader from null to 1ab786b9-c79c-4265-88a1-5b3344c6beda at term 1 for becomeLeader, leader elected after 1154ms
2019-09-20 10:24:17,290 [1ab786b9-c79c-4265-88a1-5b3344c6beda:group-14EA3936E8E7:LeaderElection38] INFO  server.RaftServerConfigKeys (ConfUtils.java:logGet(43)) - raft.server.staging.catchup.gap = 1000 (default)
2019-09-20 10:24:17,290 [1ab786b9-c79c-4265-88a1-5b3344c6beda:group-14EA3936E8E7:LeaderElection38] INFO  server.RaftServerConfigKeys (ConfUtils.java:logGet(43)) - raft.server.rpc.sleep.time = 25ms (default)
2019-09-20 10:24:17,290 [1ab786b9-c79c-4265-88a1-5b3344c6beda:group-14EA3936E8E7:LeaderElection38] INFO  server.RaftServerConfigKeys (ConfUtils.java:logGet(43)) - raft.server.write.element-limit = 4096 (default)
2019-09-20 10:24:17,291 [1ab786b9-c79c-4265-88a1-5b3344c6beda:group-14EA3936E8E7:LeaderElection38] INFO  server.RaftServerConfigKeys (ConfUtils.java:logGet(43)) - raft.server.watch.timeout = 10s (default)
2019-09-20 10:24:17,291 [1ab786b9-c79c-4265-88a1-5b3344c6beda:group-14EA3936E8E7:LeaderElection38] INFO  server.RaftServerConfigKeys (ConfUtils.java:logGet(43)) - raft.server.watch.timeout.denomination = 1s (default)
2019-09-20 10:24:17,291 [1ab786b9-c79c-4265-88a1-5b3344c6beda:group-14EA3936E8E7:LeaderElection38] INFO  server.RaftServerConfigKeys (ConfUtils.java:logGet(43)) - raft.server.watch.element-limit = 65536 (default)
2019-09-20 10:24:17,291 [1ab786b9-c79c-4265-88a1-5b3344c6beda:group-14EA3936E8E7:LeaderElection38] INFO  impl.RoleInfo (RoleInfo.java:updateAndGet(143)) - 1ab786b9-c79c-4265-88a1-5b3344c6beda: start LeaderState
2019-09-20 10:24:17,291 [1ab786b9-c79c-4265-88a1-5b3344c6beda:group-14EA3936E8E7:LeaderElection38] INFO  segmented.SegmentedRaftLogWorker (SegmentedRaftLogWorker.java:startLogSegment(380)) - 1ab786b9-c79c-4265-88a1-5b3344c6beda-SegmentedRaftLogWorker:Storage Directory /workdir/hadoop-ozone/integration-test/target/test-dir/MiniOzoneClusterImpl-7bc36abf-c66f-431a-931d-8c1e5526238d/datanode-5/data/ratis/9b1957db-9729-4216-b868-14ea3936e8e7: Starting segment from index:0
2019-09-20 10:24:17,292 [1ab786b9-c79c-4265-88a1-5b3344c6beda:group-14EA3936E8E7:LeaderElection38] INFO  impl.RaftServerImpl (ServerState.java:setRaftConf(361)) - 1ab786b9-c79c-4265-88a1-5b3344c6beda:group-14EA3936E8E7 set configuration 0: [1ab786b9-c79c-4265-88a1-5b3344c6beda:192.168.36.99:42782], old=null at 0
2019-09-20 10:24:17,327 [7af711bd-b5ae-4a73-a8be-b970cae6c2d1:group-22B80B271321:LeaderElection39] INFO  impl.LeaderElection (LeaderElection.java:askForVotes(181)) - 7af711bd-b5ae-4a73-a8be-b970cae6c2d1:group-22B80B271321:LeaderElection39: begin an election at term 1 for -1: [7af711bd-b5ae-4a73-a8be-b970cae6c2d1:192.168.36.99:39953], old=null
2019-09-20 10:24:17,327 [7af711bd-b5ae-4a73-a8be-b970cae6c2d1:group-22B80B271321:LeaderElection39] INFO  impl.RoleInfo (RoleInfo.java:shutdownLeaderElection(134)) - 7af711bd-b5ae-4a73-a8be-b970cae6c2d1: shutdown LeaderElection
2019-09-20 10:24:17,327 [7af711bd-b5ae-4a73-a8be-b970cae6c2d1:group-22B80B271321:LeaderElection39] INFO  impl.RaftServerImpl (RaftServerImpl.java:setRole(171)) - 7af711bd-b5ae-4a73-a8be-b970cae6c2d1:group-22B80B271321 changes role from CANDIDATE to LEADER at term 1 for changeToLeader
2019-09-20 10:24:17,328 [7af711bd-b5ae-4a73-a8be-b970cae6c2d1:group-22B80B271321:LeaderElection39] INFO  impl.RaftServerImpl (ServerState.java:setLeader(263)) - 7af711bd-b5ae-4a73-a8be-b970cae6c2d1:group-22B80B271321 change Leader from null to 7af711bd-b5ae-4a73-a8be-b970cae6c2d1 at term 1 for becomeLeader, leader elected after 1093ms
2019-09-20 10:24:17,328 [7af711bd-b5ae-4a73-a8be-b970cae6c2d1:group-22B80B271321:LeaderElection39] INFO  server.RaftServerConfigKeys (ConfUtils.java:logGet(43)) - raft.server.staging.catchup.gap = 1000 (default)
2019-09-20 10:24:17,328 [7af711bd-b5ae-4a73-a8be-b970cae6c2d1:group-22B80B271321:LeaderElection39] INFO  server.RaftServerConfigKeys (ConfUtils.java:logGet(43)) - raft.server.rpc.sleep.time = 25ms (default)
2019-09-20 10:24:17,328 [7af711bd-b5ae-4a73-a8be-b970cae6c2d1:group-22B80B271321:LeaderElection39] INFO  server.RaftServerConfigKeys (ConfUtils.java:logGet(43)) - raft.server.write.element-limit = 4096 (default)
2019-09-20 10:24:17,328 | INFO  | SCMAudit | user=jenkins1000 | ip=192.168.36.99 | op=SEND_HEARTBEAT {datanodeUUID=4d972e91-cb6b-45de-8bd2-c18af7abe58b, command=[]} | ret=SUCCESS |  
2019-09-20 10:24:17,328 [7af711bd-b5ae-4a73-a8be-b970cae6c2d1:group-22B80B271321:LeaderElection39] INFO  server.RaftServerConfigKeys (ConfUtils.java:logGet(43)) - raft.server.watch.timeout = 10s (default)
2019-09-20 10:24:17,329 [7af711bd-b5ae-4a73-a8be-b970cae6c2d1:group-22B80B271321:LeaderElection39] INFO  server.RaftServerConfigKeys (ConfUtils.java:logGet(43)) - raft.server.watch.timeout.denomination = 1s (default)
2019-09-20 10:24:17,329 [7af711bd-b5ae-4a73-a8be-b970cae6c2d1:group-22B80B271321:LeaderElection39] INFO  server.RaftServerConfigKeys (ConfUtils.java:logGet(43)) - raft.server.watch.element-limit = 65536 (default)
2019-09-20 10:24:17,329 [7af711bd-b5ae-4a73-a8be-b970cae6c2d1:group-22B80B271321:LeaderElection39] INFO  impl.RoleInfo (RoleInfo.java:updateAndGet(143)) - 7af711bd-b5ae-4a73-a8be-b970cae6c2d1: start LeaderState
2019-09-20 10:24:17,329 [7af711bd-b5ae-4a73-a8be-b970cae6c2d1:group-22B80B271321:LeaderElection39] INFO  segmented.SegmentedRaftLogWorker (SegmentedRaftLogWorker.java:startLogSegment(380)) - 7af711bd-b5ae-4a73-a8be-b970cae6c2d1-SegmentedRaftLogWorker:Storage Directory /workdir/hadoop-ozone/integration-test/target/test-dir/MiniOzoneClusterImpl-7bc36abf-c66f-431a-931d-8c1e5526238d/datanode-6/data/ratis/c6d664f1-19c4-4586-99fc-22b80b271321: Starting segment from index:0
2019-09-20 10:24:17,330 [7af711bd-b5ae-4a73-a8be-b970cae6c2d1:group-22B80B271321:LeaderElection39] INFO  impl.RaftServerImpl (ServerState.java:setRaftConf(361)) - 7af711bd-b5ae-4a73-a8be-b970cae6c2d1:group-22B80B271321 set configuration 0: [7af711bd-b5ae-4a73-a8be-b970cae6c2d1:192.168.36.99:39953], old=null at 0
2019-09-20 10:24:17,360 [1ab786b9-c79c-4265-88a1-5b3344c6beda-SegmentedRaftLogWorker:Storage Directory /workdir/hadoop-ozone/integration-test/target/test-dir/MiniOzoneClusterImpl-7bc36abf-c66f-431a-931d-8c1e5526238d/datanode-5/data/ratis/9b1957db-9729-4216-b868-14ea3936e8e7] INFO  segmented.SegmentedRaftLogWorker (SegmentedRaftLogWorker.java:execute(569)) - 1ab786b9-c79c-4265-88a1-5b3344c6beda-SegmentedRaftLogWorker:Storage Directory /workdir/hadoop-ozone/integration-test/target/test-dir/MiniOzoneClusterImpl-7bc36abf-c66f-431a-931d-8c1e5526238d/datanode-5/data/ratis/9b1957db-9729-4216-b868-14ea3936e8e7: created new log segment /workdir/hadoop-ozone/integration-test/target/test-dir/MiniOzoneClusterImpl-7bc36abf-c66f-431a-931d-8c1e5526238d/datanode-5/data/ratis/9b1957db-9729-4216-b868-14ea3936e8e7/current/log_inprogress_0
2019-09-20 10:24:17,383 [7af711bd-b5ae-4a73-a8be-b970cae6c2d1-SegmentedRaftLogWorker:Storage Directory /workdir/hadoop-ozone/integration-test/target/test-dir/MiniOzoneClusterImpl-7bc36abf-c66f-431a-931d-8c1e5526238d/datanode-6/data/ratis/c6d664f1-19c4-4586-99fc-22b80b271321] INFO  segmented.SegmentedRaftLogWorker (SegmentedRaftLogWorker.java:execute(569)) - 7af711bd-b5ae-4a73-a8be-b970cae6c2d1-SegmentedRaftLogWorker:Storage Directory /workdir/hadoop-ozone/integration-test/target/test-dir/MiniOzoneClusterImpl-7bc36abf-c66f-431a-931d-8c1e5526238d/datanode-6/data/ratis/c6d664f1-19c4-4586-99fc-22b80b271321: created new log segment /workdir/hadoop-ozone/integration-test/target/test-dir/MiniOzoneClusterImpl-7bc36abf-c66f-431a-931d-8c1e5526238d/datanode-6/data/ratis/c6d664f1-19c4-4586-99fc-22b80b271321/current/log_inprogress_0
2019-09-20 10:24:17,386 [main] INFO  pipeline.SCMPipelineManager (SCMPipelineManager.java:initializePipelineState(126)) - No pipeline exists in current db
2019-09-20 10:24:17,386 [main] WARN  server.ServerUtils (ServerUtils.java:getScmDbDir(145)) - ozone.scm.db.dirs is not configured. We recommend adding this setting. Falling back to ozone.metadata.dirs instead.
2019-09-20 10:24:17,392 | INFO  | SCMAudit | user=jenkins1000 | ip=192.168.36.99 | op=SEND_HEARTBEAT {datanodeUUID=17e2ba94-38a1-40e7-84e0-f6802901db84, command=[]} | ret=SUCCESS |  
2019-09-20 10:24:17,516 [main] WARN  events.EventQueue (EventQueue.java:fireEvent(175)) - No event handler registered for event TypedEvent{payloadType=SafeModeStatus, name='SafeModeStatus'}
2019-09-20 10:24:17,519 [main] INFO  ipc.CallQueueManager (CallQueueManager.java:<init>(84)) - Using callQueue: class java.util.concurrent.LinkedBlockingQueue, queueCapacity: 2000, scheduler: class org.apache.hadoop.ipc.DefaultRpcScheduler, ipcBackoff: false.
2019-09-20 10:24:17,520 [Socket Reader #1 for port 39538] INFO  ipc.Server (Server.java:run(1074)) - Starting Socket Reader #1 for port 39538
2019-09-20 10:24:17,525 [main] INFO  ipc.CallQueueManager (CallQueueManager.java:<init>(84)) - Using callQueue: class java.util.concurrent.LinkedBlockingQueue, queueCapacity: 2000, scheduler: class org.apache.hadoop.ipc.DefaultRpcScheduler, ipcBackoff: false.
2019-09-20 10:24:17,526 [Socket Reader #1 for port 45465] INFO  ipc.Server (Server.java:run(1074)) - Starting Socket Reader #1 for port 45465
2019-09-20 10:24:17,531 [main] INFO  ipc.CallQueueManager (CallQueueManager.java:<init>(84)) - Using callQueue: class java.util.concurrent.LinkedBlockingQueue, queueCapacity: 2000, scheduler: class org.apache.hadoop.ipc.DefaultRpcScheduler, ipcBackoff: false.
2019-09-20 10:24:17,531 [Socket Reader #1 for port 45540] INFO  ipc.Server (Server.java:run(1074)) - Starting Socket Reader #1 for port 45540
2019-09-20 10:24:17,537 [main] INFO  hdfs.DFSUtil (DFSUtil.java:httpServerTemplateForNNAndJN(1641)) - Starting Web-server for scm at: http://0.0.0.0:0
2019-09-20 10:24:17,539 [main] INFO  server.AuthenticationFilter (AuthenticationFilter.java:constructSecretProvider(240)) - Unable to initialize FileSignerSecretProvider, falling back to use random secrets.
2019-09-20 10:24:17,540 [main] WARN  http.HttpRequestLog (HttpRequestLog.java:getRequestLog(97)) - Jetty request log can only be enabled using Log4j
2019-09-20 10:24:17,542 [main] INFO  http.HttpServer2 (HttpServer2.java:addGlobalFilter(975)) - Added global filter 'safety' (class=org.apache.hadoop.http.HttpServer2$QuotingInputFilter)
2019-09-20 10:24:17,542 [main] INFO  http.HttpServer2 (HttpServer2.java:addFilter(948)) - Added filter static_user_filter (class=org.apache.hadoop.http.lib.StaticUserWebFilter$StaticUserFilter) to context scm
2019-09-20 10:24:17,542 [main] INFO  http.HttpServer2 (HttpServer2.java:addFilter(958)) - Added filter static_user_filter (class=org.apache.hadoop.http.lib.StaticUserWebFilter$StaticUserFilter) to context static
2019-09-20 10:24:17,543 [main] INFO  http.HttpServer2 (HttpServer2.java:addFilter(958)) - Added filter static_user_filter (class=org.apache.hadoop.http.lib.StaticUserWebFilter$StaticUserFilter) to context logs
2019-09-20 10:24:17,549 [main] INFO  server.StorageContainerManager (StorageContainerManager.java:start(759)) - StorageContainerLocationProtocol RPC server is listening at /0.0.0.0:45540
2019-09-20 10:24:17,549 [main] INFO  impl.MetricsSystemImpl (MetricsSystemImpl.java:init(158)) - StorageContainerManager metrics system started (again)
2019-09-20 10:24:17,566 [main] INFO  server.SCMClientProtocolServer (SCMClientProtocolServer.java:start(151)) - RPC server for Client  is listening at /0.0.0.0:45540
2019-09-20 10:24:17,567 [IPC Server Responder] INFO  ipc.Server (Server.java:run(1314)) - IPC Server Responder: starting
2019-09-20 10:24:17,567 [IPC Server listener on 45540] INFO  ipc.Server (Server.java:run(1153)) - IPC Server listener on 45540: starting
2019-09-20 10:24:17,577 [main] INFO  server.StorageContainerManager (StorageContainerManager.java:start(769)) - ScmBlockLocationProtocol RPC server is listening at /0.0.0.0:45465
2019-09-20 10:24:17,577 [main] INFO  server.SCMBlockProtocolServer (SCMBlockProtocolServer.java:start(140)) - RPC server for Block Protocol is listening at /0.0.0.0:45465
2019-09-20 10:24:17,578 [IPC Server Responder] INFO  ipc.Server (Server.java:run(1314)) - IPC Server Responder: starting
2019-09-20 10:24:17,578 [IPC Server listener on 45465] INFO  ipc.Server (Server.java:run(1153)) - IPC Server listener on 45465: starting
2019-09-20 10:24:17,587 [main] INFO  server.StorageContainerManager (StorageContainerManager.java:start(773)) - ScmDatanodeProtocl RPC server is listening at /0.0.0.0:39538
2019-09-20 10:24:17,587 [main] INFO  server.SCMDatanodeProtocolServer (SCMDatanodeProtocolServer.java:start(191)) - RPC server for DataNodes is listening at /0.0.0.0:39538
2019-09-20 10:24:17,587 [IPC Server Responder] INFO  ipc.Server (Server.java:run(1314)) - IPC Server Responder: starting
2019-09-20 10:24:17,587 [IPC Server listener on 39538] INFO  ipc.Server (Server.java:run(1153)) - IPC Server listener on 39538: starting
2019-09-20 10:24:17,595 | INFO  | SCMAudit | user=jenkins1000 | ip=192.168.36.99 | op=SEND_HEARTBEAT {datanodeUUID=1ab786b9-c79c-4265-88a1-5b3344c6beda, command=[]} | ret=SUCCESS |  
2019-09-20 10:24:17,596 [main] INFO  http.HttpServer2 (HttpServer2.java:bindListener(1191)) - Jetty bound to port 36757
2019-09-20 10:24:17,596 [main] INFO  server.Server (Server.java:doStart(351)) - jetty-9.3.24.v20180605, build timestamp: 2018-06-05T17:11:56Z, git hash: 84205aa28f11a4f31f2a3b86d1bba2cc8ab69827
2019-09-20 10:24:17,599 [main] INFO  handler.ContextHandler (ContextHandler.java:doStart(781)) - Started o.e.j.s.ServletContextHandler@6f0a4e30{/logs,file:///workdir/hadoop-ozone/integration-test/target/log,AVAILABLE}
2019-09-20 10:24:17,600 [main] INFO  handler.ContextHandler (ContextHandler.java:doStart(781)) - Started o.e.j.s.ServletContextHandler@67a8bcbb{/static,file:///workdir/hadoop-ozone/integration-test/target/test-classes/webapps/static,AVAILABLE}
2019-09-20 10:24:17,606 [main] INFO  handler.ContextHandler (ContextHandler.java:doStart(781)) - Started o.e.j.w.WebAppContext@166ce247{/,file:///workdir/hadoop-ozone/integration-test/target/test-classes/webapps/scm/,AVAILABLE}{/scm}
2019-09-20 10:24:17,607 [main] INFO  server.AbstractConnector (AbstractConnector.java:doStart(278)) - Started ServerConnector@5d92e8e2{HTTP/1.1,[http/1.1]}{0.0.0.0:36757}
2019-09-20 10:24:17,610 [main] INFO  server.Server (Server.java:doStart(419)) - Started @18978ms
2019-09-20 10:24:17,611 [main] INFO  server.BaseHttpServer (BaseHttpServer.java:updateConnectorAddress(213)) - HTTP server of SCM is listening at http://0.0.0.0:36757
2019-09-20 10:24:17,611 [main] WARN  server.ServerUtils (ServerUtils.java:getDBPath(222)) - ozone.om.db.dirs is not configured. We recommend adding this setting. Falling back to ozone.metadata.dirs instead.
2019-09-20 10:24:17,613 [org.apache.hadoop.util.JvmPauseMonitor$Monitor@cdbe995] INFO  util.JvmPauseMonitor (JvmPauseMonitor.java:run(188)) - Starting JVM pause monitor
2019-09-20 10:24:17,627 [main] WARN  server.ServerUtils (ServerUtils.java:getDBPath(222)) - ozone.om.db.dirs is not configured. We recommend adding this setting. Falling back to ozone.metadata.dirs instead.
2019-09-20 10:24:17,628 [main] WARN  server.ServerUtils (ServerUtils.java:getDBPath(222)) - ozone.om.db.dirs is not configured. We recommend adding this setting. Falling back to ozone.metadata.dirs instead.
2019-09-20 10:24:17,628 [main] INFO  om.OzoneManager (OzoneManager.java:setOMNodeDetails(645)) - OM Service ID is not set. Setting it to the default ID: omServiceIdDefault
2019-09-20 10:24:17,628 [main] INFO  om.OzoneManager (OzoneManager.java:setOMNodeDetails(651)) - OM Node ID is not set. Setting it to the OmStorage's OmID: 7fd1b249-d132-4091-81f6-4087a01104c0
2019-09-20 10:24:17,628 [Thread-424] INFO  impl.FollowerState (FollowerState.java:run(106)) - 7af711bd-b5ae-4a73-a8be-b970cae6c2d1:group-5524967A823C changes to CANDIDATE, lastRpcTime:1077, electionTimeout:1077ms
2019-09-20 10:24:17,629 [main] INFO  om.OzoneManager (OzoneManager.java:loadOMHAConfigs(602)) - Found matching OM address with OMServiceId: null, OMNodeId: null, RPC Address: localhost:0 and Ratis port: 9872
2019-09-20 10:24:17,629 [Thread-424] INFO  impl.RoleInfo (RoleInfo.java:shutdownFollowerState(121)) - 7af711bd-b5ae-4a73-a8be-b970cae6c2d1: shutdown FollowerState
2019-09-20 10:24:17,629 [Thread-424] INFO  impl.RaftServerImpl (RaftServerImpl.java:setRole(171)) - 7af711bd-b5ae-4a73-a8be-b970cae6c2d1:group-5524967A823C changes role from FOLLOWER to CANDIDATE at term 0 for changeToCandidate
2019-09-20 10:24:17,629 [Thread-424] INFO  impl.RoleInfo (RoleInfo.java:updateAndGet(143)) - 7af711bd-b5ae-4a73-a8be-b970cae6c2d1: start LeaderElection
2019-09-20 10:24:17,638 [Thread-421] INFO  impl.FollowerState (FollowerState.java:run(106)) - 7af711bd-b5ae-4a73-a8be-b970cae6c2d1:group-5A633E8C9C02 changes to CANDIDATE, lastRpcTime:1168, electionTimeout:1168ms
2019-09-20 10:24:17,639 [Thread-421] INFO  impl.RoleInfo (RoleInfo.java:shutdownFollowerState(121)) - 7af711bd-b5ae-4a73-a8be-b970cae6c2d1: shutdown FollowerState
2019-09-20 10:24:17,639 [Thread-421] INFO  impl.RaftServerImpl (RaftServerImpl.java:setRole(171)) - 7af711bd-b5ae-4a73-a8be-b970cae6c2d1:group-5A633E8C9C02 changes role from FOLLOWER to CANDIDATE at term 0 for changeToCandidate
2019-09-20 10:24:17,639 [Thread-421] INFO  impl.RoleInfo (RoleInfo.java:updateAndGet(143)) - 7af711bd-b5ae-4a73-a8be-b970cae6c2d1: start LeaderElection
2019-09-20 10:24:17,639 | INFO  | SCMAudit | user=jenkins1000 | ip=192.168.36.99 | op=GET_SCM_INFO null | ret=SUCCESS |  
2019-09-20 10:24:17,643 [main] WARN  server.ServerUtils (ServerUtils.java:getDBPath(222)) - ozone.om.db.dirs is not configured. We recommend adding this setting. Falling back to ozone.metadata.dirs instead.
2019-09-20 10:24:17,644 [main] INFO  db.DBStoreBuilder (DBStoreBuilder.java:addTable(110)) - using custom profile for table: userTable
2019-09-20 10:24:17,644 [main] INFO  db.DBStoreBuilder (DBStoreBuilder.java:processTables(161)) - Using default column profile:DBProfile.DISK for Table:userTable
2019-09-20 10:24:17,644 [main] INFO  db.DBStoreBuilder (DBStoreBuilder.java:addTable(110)) - using custom profile for table: volumeTable
2019-09-20 10:24:17,644 [main] INFO  db.DBStoreBuilder (DBStoreBuilder.java:processTables(161)) - Using default column profile:DBProfile.DISK for Table:volumeTable
2019-09-20 10:24:17,645 [main] INFO  db.DBStoreBuilder (DBStoreBuilder.java:addTable(110)) - using custom profile for table: bucketTable
2019-09-20 10:24:17,645 [main] INFO  db.DBStoreBuilder (DBStoreBuilder.java:processTables(161)) - Using default column profile:DBProfile.DISK for Table:bucketTable
2019-09-20 10:24:17,645 [main] INFO  db.DBStoreBuilder (DBStoreBuilder.java:addTable(110)) - using custom profile for table: keyTable
2019-09-20 10:24:17,645 [main] INFO  db.DBStoreBuilder (DBStoreBuilder.java:processTables(161)) - Using default column profile:DBProfile.DISK for Table:keyTable
2019-09-20 10:24:17,645 [main] INFO  db.DBStoreBuilder (DBStoreBuilder.java:addTable(110)) - using custom profile for table: deletedTable
2019-09-20 10:24:17,645 [main] INFO  db.DBStoreBuilder (DBStoreBuilder.java:processTables(161)) - Using default column profile:DBProfile.DISK for Table:deletedTable
2019-09-20 10:24:17,646 [main] INFO  db.DBStoreBuilder (DBStoreBuilder.java:addTable(110)) - using custom profile for table: openKeyTable
2019-09-20 10:24:17,646 [main] INFO  db.DBStoreBuilder (DBStoreBuilder.java:processTables(161)) - Using default column profile:DBProfile.DISK for Table:openKeyTable
2019-09-20 10:24:17,646 [main] INFO  db.DBStoreBuilder (DBStoreBuilder.java:addTable(110)) - using custom profile for table: s3Table
2019-09-20 10:24:17,646 [main] INFO  db.DBStoreBuilder (DBStoreBuilder.java:processTables(161)) - Using default column profile:DBProfile.DISK for Table:s3Table
2019-09-20 10:24:17,646 [main] INFO  db.DBStoreBuilder (DBStoreBuilder.java:addTable(110)) - using custom profile for table: multipartInfoTable
2019-09-20 10:24:17,647 [main] INFO  db.DBStoreBuilder (DBStoreBuilder.java:processTables(161)) - Using default column profile:DBProfile.DISK for Table:multipartInfoTable
2019-09-20 10:24:17,647 [main] INFO  db.DBStoreBuilder (DBStoreBuilder.java:addTable(110)) - using custom profile for table: dTokenTable
2019-09-20 10:24:17,647 [main] INFO  db.DBStoreBuilder (DBStoreBuilder.java:processTables(161)) - Using default column profile:DBProfile.DISK for Table:dTokenTable
2019-09-20 10:24:17,647 [main] INFO  db.DBStoreBuilder (DBStoreBuilder.java:addTable(110)) - using custom profile for table: s3SecretTable
2019-09-20 10:24:17,647 [main] INFO  db.DBStoreBuilder (DBStoreBuilder.java:processTables(161)) - Using default column profile:DBProfile.DISK for Table:s3SecretTable
2019-09-20 10:24:17,648 [main] INFO  db.DBStoreBuilder (DBStoreBuilder.java:addTable(110)) - using custom profile for table: prefixTable
2019-09-20 10:24:17,648 [main] INFO  db.DBStoreBuilder (DBStoreBuilder.java:processTables(161)) - Using default column profile:DBProfile.DISK for Table:prefixTable
2019-09-20 10:24:17,648 [main] INFO  db.DBStoreBuilder (DBStoreBuilder.java:addTable(110)) - using custom profile for table: default
2019-09-20 10:24:17,648 [main] INFO  db.DBStoreBuilder (DBStoreBuilder.java:processTables(167)) - Using default column profile:DBProfile.DISK for Table:default
2019-09-20 10:24:17,648 [main] INFO  db.DBStoreBuilder (DBStoreBuilder.java:getDbProfile(198)) - Using default options. DBProfile.DISK
2019-09-20 10:24:17,653 [7af711bd-b5ae-4a73-a8be-b970cae6c2d1:group-5524967A823C:LeaderElection40] INFO  impl.LeaderElection (LeaderElection.java:askForVotes(181)) - 7af711bd-b5ae-4a73-a8be-b970cae6c2d1:group-5524967A823C:LeaderElection40: begin an election at term 1 for -1: [7af711bd-b5ae-4a73-a8be-b970cae6c2d1:192.168.36.99:39953], old=null
2019-09-20 10:24:17,653 [7af711bd-b5ae-4a73-a8be-b970cae6c2d1:group-5524967A823C:LeaderElection40] INFO  impl.RoleInfo (RoleInfo.java:shutdownLeaderElection(134)) - 7af711bd-b5ae-4a73-a8be-b970cae6c2d1: shutdown LeaderElection
2019-09-20 10:24:17,653 [7af711bd-b5ae-4a73-a8be-b970cae6c2d1:group-5524967A823C:LeaderElection40] INFO  impl.RaftServerImpl (RaftServerImpl.java:setRole(171)) - 7af711bd-b5ae-4a73-a8be-b970cae6c2d1:group-5524967A823C changes role from CANDIDATE to LEADER at term 1 for changeToLeader
2019-09-20 10:24:17,653 [7af711bd-b5ae-4a73-a8be-b970cae6c2d1:group-5524967A823C:LeaderElection40] INFO  impl.RaftServerImpl (ServerState.java:setLeader(263)) - 7af711bd-b5ae-4a73-a8be-b970cae6c2d1:group-5524967A823C change Leader from null to 7af711bd-b5ae-4a73-a8be-b970cae6c2d1 at term 1 for becomeLeader, leader elected after 1106ms
2019-09-20 10:24:17,653 [7af711bd-b5ae-4a73-a8be-b970cae6c2d1:group-5524967A823C:LeaderElection40] INFO  server.RaftServerConfigKeys (ConfUtils.java:logGet(43)) - raft.server.staging.catchup.gap = 1000 (default)
2019-09-20 10:24:17,653 [7af711bd-b5ae-4a73-a8be-b970cae6c2d1:group-5524967A823C:LeaderElection40] INFO  server.RaftServerConfigKeys (ConfUtils.java:logGet(43)) - raft.server.rpc.sleep.time = 25ms (default)
2019-09-20 10:24:17,654 [7af711bd-b5ae-4a73-a8be-b970cae6c2d1:group-5524967A823C:LeaderElection40] INFO  server.RaftServerConfigKeys (ConfUtils.java:logGet(43)) - raft.server.write.element-limit = 4096 (default)
2019-09-20 10:24:17,654 [7af711bd-b5ae-4a73-a8be-b970cae6c2d1:group-5524967A823C:LeaderElection40] INFO  server.RaftServerConfigKeys (ConfUtils.java:logGet(43)) - raft.server.watch.timeout = 10s (default)
2019-09-20 10:24:17,654 [7af711bd-b5ae-4a73-a8be-b970cae6c2d1:group-5524967A823C:LeaderElection40] INFO  server.RaftServerConfigKeys (ConfUtils.java:logGet(43)) - raft.server.watch.timeout.denomination = 1s (default)
2019-09-20 10:24:17,654 [7af711bd-b5ae-4a73-a8be-b970cae6c2d1:group-5524967A823C:LeaderElection40] INFO  server.RaftServerConfigKeys (ConfUtils.java:logGet(43)) - raft.server.watch.element-limit = 65536 (default)
2019-09-20 10:24:17,654 [7af711bd-b5ae-4a73-a8be-b970cae6c2d1:group-5524967A823C:LeaderElection40] INFO  impl.RoleInfo (RoleInfo.java:updateAndGet(143)) - 7af711bd-b5ae-4a73-a8be-b970cae6c2d1: start LeaderState
2019-09-20 10:24:17,655 [7af711bd-b5ae-4a73-a8be-b970cae6c2d1:group-5524967A823C:LeaderElection40] INFO  segmented.SegmentedRaftLogWorker (SegmentedRaftLogWorker.java:startLogSegment(380)) - 7af711bd-b5ae-4a73-a8be-b970cae6c2d1-SegmentedRaftLogWorker:Storage Directory /workdir/hadoop-ozone/integration-test/target/test-dir/MiniOzoneClusterImpl-7bc36abf-c66f-431a-931d-8c1e5526238d/datanode-6/data/ratis/5fb7672e-7209-42c2-9dba-5524967a823c: Starting segment from index:0
2019-09-20 10:24:17,655 [7af711bd-b5ae-4a73-a8be-b970cae6c2d1:group-5524967A823C:LeaderElection40] INFO  impl.RaftServerImpl (ServerState.java:setRaftConf(361)) - 7af711bd-b5ae-4a73-a8be-b970cae6c2d1:group-5524967A823C set configuration 0: [7af711bd-b5ae-4a73-a8be-b970cae6c2d1:192.168.36.99:39953], old=null at 0
2019-09-20 10:24:17,670 [7af711bd-b5ae-4a73-a8be-b970cae6c2d1:group-5A633E8C9C02:LeaderElection41] INFO  impl.LeaderElection (LeaderElection.java:askForVotes(181)) - 7af711bd-b5ae-4a73-a8be-b970cae6c2d1:group-5A633E8C9C02:LeaderElection41: begin an election at term 1 for -1: [7af711bd-b5ae-4a73-a8be-b970cae6c2d1:192.168.36.99:39953], old=null
2019-09-20 10:24:17,670 [7af711bd-b5ae-4a73-a8be-b970cae6c2d1:group-5A633E8C9C02:LeaderElection41] INFO  impl.RoleInfo (RoleInfo.java:shutdownLeaderElection(134)) - 7af711bd-b5ae-4a73-a8be-b970cae6c2d1: shutdown LeaderElection
2019-09-20 10:24:17,671 [7af711bd-b5ae-4a73-a8be-b970cae6c2d1:group-5A633E8C9C02:LeaderElection41] INFO  impl.RaftServerImpl (RaftServerImpl.java:setRole(171)) - 7af711bd-b5ae-4a73-a8be-b970cae6c2d1:group-5A633E8C9C02 changes role from CANDIDATE to LEADER at term 1 for changeToLeader
2019-09-20 10:24:17,671 [7af711bd-b5ae-4a73-a8be-b970cae6c2d1:group-5A633E8C9C02:LeaderElection41] INFO  impl.RaftServerImpl (ServerState.java:setLeader(263)) - 7af711bd-b5ae-4a73-a8be-b970cae6c2d1:group-5A633E8C9C02 change Leader from null to 7af711bd-b5ae-4a73-a8be-b970cae6c2d1 at term 1 for becomeLeader, leader elected after 1251ms
2019-09-20 10:24:17,671 [7af711bd-b5ae-4a73-a8be-b970cae6c2d1:group-5A633E8C9C02:LeaderElection41] INFO  server.RaftServerConfigKeys (ConfUtils.java:logGet(43)) - raft.server.staging.catchup.gap = 1000 (default)
2019-09-20 10:24:17,671 [7af711bd-b5ae-4a73-a8be-b970cae6c2d1:group-5A633E8C9C02:LeaderElection41] INFO  server.RaftServerConfigKeys (ConfUtils.java:logGet(43)) - raft.server.rpc.sleep.time = 25ms (default)
2019-09-20 10:24:17,671 [7af711bd-b5ae-4a73-a8be-b970cae6c2d1:group-5A633E8C9C02:LeaderElection41] INFO  server.RaftServerConfigKeys (ConfUtils.java:logGet(43)) - raft.server.write.element-limit = 4096 (default)
2019-09-20 10:24:17,671 [7af711bd-b5ae-4a73-a8be-b970cae6c2d1:group-5A633E8C9C02:LeaderElection41] INFO  server.RaftServerConfigKeys (ConfUtils.java:logGet(43)) - raft.server.watch.timeout = 10s (default)
2019-09-20 10:24:17,672 [7af711bd-b5ae-4a73-a8be-b970cae6c2d1:group-5A633E8C9C02:LeaderElection41] INFO  server.RaftServerConfigKeys (ConfUtils.java:logGet(43)) - raft.server.watch.timeout.denomination = 1s (default)
2019-09-20 10:24:17,672 [7af711bd-b5ae-4a73-a8be-b970cae6c2d1:group-5A633E8C9C02:LeaderElection41] INFO  server.RaftServerConfigKeys (ConfUtils.java:logGet(43)) - raft.server.watch.element-limit = 65536 (default)
2019-09-20 10:24:17,672 [7af711bd-b5ae-4a73-a8be-b970cae6c2d1:group-5A633E8C9C02:LeaderElection41] INFO  impl.RoleInfo (RoleInfo.java:updateAndGet(143)) - 7af711bd-b5ae-4a73-a8be-b970cae6c2d1: start LeaderState
2019-09-20 10:24:17,672 [7af711bd-b5ae-4a73-a8be-b970cae6c2d1:group-5A633E8C9C02:LeaderElection41] INFO  segmented.SegmentedRaftLogWorker (SegmentedRaftLogWorker.java:startLogSegment(380)) - 7af711bd-b5ae-4a73-a8be-b970cae6c2d1-SegmentedRaftLogWorker:Storage Directory /workdir/hadoop-ozone/integration-test/target/test-dir/MiniOzoneClusterImpl-7bc36abf-c66f-431a-931d-8c1e5526238d/datanode-6/data/ratis/8763f326-3f66-41ca-a3eb-5a633e8c9c02: Starting segment from index:0
2019-09-20 10:24:17,673 [7af711bd-b5ae-4a73-a8be-b970cae6c2d1:group-5A633E8C9C02:LeaderElection41] INFO  impl.RaftServerImpl (ServerState.java:setRaftConf(361)) - 7af711bd-b5ae-4a73-a8be-b970cae6c2d1:group-5A633E8C9C02 set configuration 0: [7af711bd-b5ae-4a73-a8be-b970cae6c2d1:192.168.36.99:39953], old=null at 0
2019-09-20 10:24:17,680 | INFO  | SCMAudit | user=jenkins1000 | ip=192.168.36.99 | op=SEND_HEARTBEAT {datanodeUUID=3d6f3241-e73c-473a-ad0b-c7be2f7e1dda, command=[]} | ret=SUCCESS |  
2019-09-20 10:24:17,699 [Thread-428] INFO  impl.FollowerState (FollowerState.java:run(106)) - 7af711bd-b5ae-4a73-a8be-b970cae6c2d1:group-6F37E46CE28B changes to CANDIDATE, lastRpcTime:1084, electionTimeout:1084ms
2019-09-20 10:24:17,699 [Thread-428] INFO  impl.RoleInfo (RoleInfo.java:shutdownFollowerState(121)) - 7af711bd-b5ae-4a73-a8be-b970cae6c2d1: shutdown FollowerState
2019-09-20 10:24:17,699 [Thread-428] INFO  impl.RaftServerImpl (RaftServerImpl.java:setRole(171)) - 7af711bd-b5ae-4a73-a8be-b970cae6c2d1:group-6F37E46CE28B changes role from FOLLOWER to CANDIDATE at term 0 for changeToCandidate
2019-09-20 10:24:17,699 [Thread-428] INFO  impl.RoleInfo (RoleInfo.java:updateAndGet(143)) - 7af711bd-b5ae-4a73-a8be-b970cae6c2d1: start LeaderElection
2019-09-20 10:24:17,722 [7af711bd-b5ae-4a73-a8be-b970cae6c2d1-SegmentedRaftLogWorker:Storage Directory /workdir/hadoop-ozone/integration-test/target/test-dir/MiniOzoneClusterImpl-7bc36abf-c66f-431a-931d-8c1e5526238d/datanode-6/data/ratis/5fb7672e-7209-42c2-9dba-5524967a823c] INFO  segmented.SegmentedRaftLogWorker (SegmentedRaftLogWorker.java:execute(569)) - 7af711bd-b5ae-4a73-a8be-b970cae6c2d1-SegmentedRaftLogWorker:Storage Directory /workdir/hadoop-ozone/integration-test/target/test-dir/MiniOzoneClusterImpl-7bc36abf-c66f-431a-931d-8c1e5526238d/datanode-6/data/ratis/5fb7672e-7209-42c2-9dba-5524967a823c: created new log segment /workdir/hadoop-ozone/integration-test/target/test-dir/MiniOzoneClusterImpl-7bc36abf-c66f-431a-931d-8c1e5526238d/datanode-6/data/ratis/5fb7672e-7209-42c2-9dba-5524967a823c/current/log_inprogress_0
2019-09-20 10:24:17,739 [7af711bd-b5ae-4a73-a8be-b970cae6c2d1-SegmentedRaftLogWorker:Storage Directory /workdir/hadoop-ozone/integration-test/target/test-dir/MiniOzoneClusterImpl-7bc36abf-c66f-431a-931d-8c1e5526238d/datanode-6/data/ratis/8763f326-3f66-41ca-a3eb-5a633e8c9c02] INFO  segmented.SegmentedRaftLogWorker (SegmentedRaftLogWorker.java:execute(569)) - 7af711bd-b5ae-4a73-a8be-b970cae6c2d1-SegmentedRaftLogWorker:Storage Directory /workdir/hadoop-ozone/integration-test/target/test-dir/MiniOzoneClusterImpl-7bc36abf-c66f-431a-931d-8c1e5526238d/datanode-6/data/ratis/8763f326-3f66-41ca-a3eb-5a633e8c9c02: created new log segment /workdir/hadoop-ozone/integration-test/target/test-dir/MiniOzoneClusterImpl-7bc36abf-c66f-431a-931d-8c1e5526238d/datanode-6/data/ratis/8763f326-3f66-41ca-a3eb-5a633e8c9c02/current/log_inprogress_0
2019-09-20 10:24:17,739 [7af711bd-b5ae-4a73-a8be-b970cae6c2d1:group-6F37E46CE28B:LeaderElection42] INFO  impl.LeaderElection (LeaderElection.java:askForVotes(181)) - 7af711bd-b5ae-4a73-a8be-b970cae6c2d1:group-6F37E46CE28B:LeaderElection42: begin an election at term 1 for -1: [7af711bd-b5ae-4a73-a8be-b970cae6c2d1:192.168.36.99:39953], old=null
2019-09-20 10:24:17,739 [7af711bd-b5ae-4a73-a8be-b970cae6c2d1:group-6F37E46CE28B:LeaderElection42] INFO  impl.RoleInfo (RoleInfo.java:shutdownLeaderElection(134)) - 7af711bd-b5ae-4a73-a8be-b970cae6c2d1: shutdown LeaderElection
2019-09-20 10:24:17,739 [7af711bd-b5ae-4a73-a8be-b970cae6c2d1:group-6F37E46CE28B:LeaderElection42] INFO  impl.RaftServerImpl (RaftServerImpl.java:setRole(171)) - 7af711bd-b5ae-4a73-a8be-b970cae6c2d1:group-6F37E46CE28B changes role from CANDIDATE to LEADER at term 1 for changeToLeader
2019-09-20 10:24:17,739 [7af711bd-b5ae-4a73-a8be-b970cae6c2d1:group-6F37E46CE28B:LeaderElection42] INFO  impl.RaftServerImpl (ServerState.java:setLeader(263)) - 7af711bd-b5ae-4a73-a8be-b970cae6c2d1:group-6F37E46CE28B change Leader from null to 7af711bd-b5ae-4a73-a8be-b970cae6c2d1 at term 1 for becomeLeader, leader elected after 1129ms
2019-09-20 10:24:17,740 [7af711bd-b5ae-4a73-a8be-b970cae6c2d1:group-6F37E46CE28B:LeaderElection42] INFO  server.RaftServerConfigKeys (ConfUtils.java:logGet(43)) - raft.server.staging.catchup.gap = 1000 (default)
2019-09-20 10:24:17,740 [7af711bd-b5ae-4a73-a8be-b970cae6c2d1:group-6F37E46CE28B:LeaderElection42] INFO  server.RaftServerConfigKeys (ConfUtils.java:logGet(43)) - raft.server.rpc.sleep.time = 25ms (default)
2019-09-20 10:24:17,740 [7af711bd-b5ae-4a73-a8be-b970cae6c2d1:group-6F37E46CE28B:LeaderElection42] INFO  server.RaftServerConfigKeys (ConfUtils.java:logGet(43)) - raft.server.write.element-limit = 4096 (default)
2019-09-20 10:24:17,740 [7af711bd-b5ae-4a73-a8be-b970cae6c2d1:group-6F37E46CE28B:LeaderElection42] INFO  server.RaftServerConfigKeys (ConfUtils.java:logGet(43)) - raft.server.watch.timeout = 10s (default)
2019-09-20 10:24:17,740 [7af711bd-b5ae-4a73-a8be-b970cae6c2d1:group-6F37E46CE28B:LeaderElection42] INFO  server.RaftServerConfigKeys (ConfUtils.java:logGet(43)) - raft.server.watch.timeout.denomination = 1s (default)
2019-09-20 10:24:17,740 [7af711bd-b5ae-4a73-a8be-b970cae6c2d1:group-6F37E46CE28B:LeaderElection42] INFO  server.RaftServerConfigKeys (ConfUtils.java:logGet(43)) - raft.server.watch.element-limit = 65536 (default)
2019-09-20 10:24:17,741 [7af711bd-b5ae-4a73-a8be-b970cae6c2d1:group-6F37E46CE28B:LeaderElection42] INFO  impl.RoleInfo (RoleInfo.java:updateAndGet(143)) - 7af711bd-b5ae-4a73-a8be-b970cae6c2d1: start LeaderState
2019-09-20 10:24:17,741 [7af711bd-b5ae-4a73-a8be-b970cae6c2d1:group-6F37E46CE28B:LeaderElection42] INFO  segmented.SegmentedRaftLogWorker (SegmentedRaftLogWorker.java:startLogSegment(380)) - 7af711bd-b5ae-4a73-a8be-b970cae6c2d1-SegmentedRaftLogWorker:Storage Directory /workdir/hadoop-ozone/integration-test/target/test-dir/MiniOzoneClusterImpl-7bc36abf-c66f-431a-931d-8c1e5526238d/datanode-6/data/ratis/26686de6-4c45-45a6-9db1-6f37e46ce28b: Starting segment from index:0
2019-09-20 10:24:17,741 [7af711bd-b5ae-4a73-a8be-b970cae6c2d1:group-6F37E46CE28B:LeaderElection42] INFO  impl.RaftServerImpl (ServerState.java:setRaftConf(361)) - 7af711bd-b5ae-4a73-a8be-b970cae6c2d1:group-6F37E46CE28B set configuration 0: [7af711bd-b5ae-4a73-a8be-b970cae6c2d1:192.168.36.99:39953], old=null at 0
2019-09-20 10:24:17,798 [7af711bd-b5ae-4a73-a8be-b970cae6c2d1-SegmentedRaftLogWorker:Storage Directory /workdir/hadoop-ozone/integration-test/target/test-dir/MiniOzoneClusterImpl-7bc36abf-c66f-431a-931d-8c1e5526238d/datanode-6/data/ratis/26686de6-4c45-45a6-9db1-6f37e46ce28b] INFO  segmented.SegmentedRaftLogWorker (SegmentedRaftLogWorker.java:execute(569)) - 7af711bd-b5ae-4a73-a8be-b970cae6c2d1-SegmentedRaftLogWorker:Storage Directory /workdir/hadoop-ozone/integration-test/target/test-dir/MiniOzoneClusterImpl-7bc36abf-c66f-431a-931d-8c1e5526238d/datanode-6/data/ratis/26686de6-4c45-45a6-9db1-6f37e46ce28b: created new log segment /workdir/hadoop-ozone/integration-test/target/test-dir/MiniOzoneClusterImpl-7bc36abf-c66f-431a-931d-8c1e5526238d/datanode-6/data/ratis/26686de6-4c45-45a6-9db1-6f37e46ce28b/current/log_inprogress_0
2019-09-20 10:24:17,843 | INFO  | SCMAudit | user=jenkins1000 | ip=192.168.36.99 | op=SEND_HEARTBEAT {datanodeUUID=7af711bd-b5ae-4a73-a8be-b970cae6c2d1, command=[]} | ret=SUCCESS |  
2019-09-20 10:24:18,238 | INFO  | SCMAudit | user=jenkins1000 | ip=192.168.36.99 | op=SEND_HEARTBEAT {datanodeUUID=c3e532f8-1a8e-44f3-b56b-d765aee893af, command=[]} | ret=SUCCESS |  
2019-09-20 10:24:18,239 | INFO  | SCMAudit | user=jenkins1000 | ip=192.168.36.99 | op=SEND_HEARTBEAT {datanodeUUID=66416d0b-a71c-4af1-ae3a-62ca63b880a3, command=[]} | ret=SUCCESS |  
2019-09-20 10:24:18,329 | INFO  | SCMAudit | user=jenkins1000 | ip=192.168.36.99 | op=SEND_HEARTBEAT {datanodeUUID=4d972e91-cb6b-45de-8bd2-c18af7abe58b, command=[]} | ret=SUCCESS |  
2019-09-20 10:24:18,392 | INFO  | SCMAudit | user=jenkins1000 | ip=192.168.36.99 | op=SEND_HEARTBEAT {datanodeUUID=17e2ba94-38a1-40e7-84e0-f6802901db84, command=[]} | ret=SUCCESS |  
2019-09-20 10:24:18,594 | INFO  | SCMAudit | user=jenkins1000 | ip=192.168.36.99 | op=SEND_HEARTBEAT {datanodeUUID=1ab786b9-c79c-4265-88a1-5b3344c6beda, command=[]} | ret=SUCCESS |  
2019-09-20 10:24:18,615 [main] INFO  ipc.CallQueueManager (CallQueueManager.java:<init>(84)) - Using callQueue: class java.util.concurrent.LinkedBlockingQueue, queueCapacity: 2000, scheduler: class org.apache.hadoop.ipc.DefaultRpcScheduler, ipcBackoff: false.
2019-09-20 10:24:18,617 [Socket Reader #1 for port 46232] INFO  ipc.Server (Server.java:run(1074)) - Starting Socket Reader #1 for port 46232
2019-09-20 10:24:18,639 [main] INFO  om.OzoneManager (OzoneManager.java:start(1256)) - OzoneManager RPC server is listening at localhost/127.0.0.1:46232
2019-09-20 10:24:18,640 [main] INFO  impl.MetricsSystemImpl (MetricsSystemImpl.java:init(158)) - OzoneManager metrics system started (again)
2019-09-20 10:24:18,641 [IPC Server Responder] INFO  ipc.Server (Server.java:run(1314)) - IPC Server Responder: starting
2019-09-20 10:24:18,641 [IPC Server listener on 46232] INFO  ipc.Server (Server.java:run(1153)) - IPC Server listener on 46232: starting
2019-09-20 10:24:18,651 [main] INFO  hdfs.DFSUtil (DFSUtil.java:httpServerTemplateForNNAndJN(1641)) - Starting Web-server for ozoneManager at: http://0.0.0.0:0
2019-09-20 10:24:18,653 [main] INFO  server.AuthenticationFilter (AuthenticationFilter.java:constructSecretProvider(240)) - Unable to initialize FileSignerSecretProvider, falling back to use random secrets.
2019-09-20 10:24:18,653 [main] WARN  http.HttpRequestLog (HttpRequestLog.java:getRequestLog(97)) - Jetty request log can only be enabled using Log4j
2019-09-20 10:24:18,655 [main] INFO  http.HttpServer2 (HttpServer2.java:addGlobalFilter(975)) - Added global filter 'safety' (class=org.apache.hadoop.http.HttpServer2$QuotingInputFilter)
2019-09-20 10:24:18,658 [main] INFO  http.HttpServer2 (HttpServer2.java:addFilter(948)) - Added filter static_user_filter (class=org.apache.hadoop.http.lib.StaticUserWebFilter$StaticUserFilter) to context ozoneManager
2019-09-20 10:24:18,658 [main] INFO  http.HttpServer2 (HttpServer2.java:addFilter(958)) - Added filter static_user_filter (class=org.apache.hadoop.http.lib.StaticUserWebFilter$StaticUserFilter) to context static
2019-09-20 10:24:18,658 [main] INFO  http.HttpServer2 (HttpServer2.java:addFilter(958)) - Added filter static_user_filter (class=org.apache.hadoop.http.lib.StaticUserWebFilter$StaticUserFilter) to context logs
2019-09-20 10:24:18,659 [main] INFO  http.HttpServer2 (HttpServer2.java:bindListener(1191)) - Jetty bound to port 34994
2019-09-20 10:24:18,659 [main] INFO  server.Server (Server.java:doStart(351)) - jetty-9.3.24.v20180605, build timestamp: 2018-06-05T17:11:56Z, git hash: 84205aa28f11a4f31f2a3b86d1bba2cc8ab69827
2019-09-20 10:24:18,662 [main] INFO  handler.ContextHandler (ContextHandler.java:doStart(781)) - Started o.e.j.s.ServletContextHandler@ce655b9{/logs,file:///workdir/hadoop-ozone/integration-test/target/log,AVAILABLE}
2019-09-20 10:24:18,662 [main] INFO  handler.ContextHandler (ContextHandler.java:doStart(781)) - Started o.e.j.s.ServletContextHandler@5731caaf{/static,file:///workdir/hadoop-ozone/integration-test/target/test-classes/webapps/static,AVAILABLE}
2019-09-20 10:24:18,668 [main] INFO  handler.ContextHandler (ContextHandler.java:doStart(781)) - Started o.e.j.w.WebAppContext@77ab5214{/,file:///workdir/hadoop-ozone/integration-test/target/test-classes/webapps/ozoneManager/,AVAILABLE}{/ozoneManager}
2019-09-20 10:24:18,670 [main] INFO  server.AbstractConnector (AbstractConnector.java:doStart(278)) - Started ServerConnector@6d420cdd{HTTP/1.1,[http/1.1]}{0.0.0.0:34994}
2019-09-20 10:24:18,670 [main] INFO  server.Server (Server.java:doStart(419)) - Started @20038ms
2019-09-20 10:24:18,671 [main] INFO  server.BaseHttpServer (BaseHttpServer.java:updateConnectorAddress(213)) - HTTP server of OZONEMANAGER is listening at http://0.0.0.0:34994
2019-09-20 10:24:18,679 | INFO  | SCMAudit | user=jenkins1000 | ip=192.168.36.99 | op=SEND_HEARTBEAT {datanodeUUID=3d6f3241-e73c-473a-ad0b-c7be2f7e1dda, command=[]} | ret=SUCCESS |  
2019-09-20 10:24:18,689 [main] INFO  impl.MetricsSystemImpl (MetricsSystemImpl.java:init(158)) - HddsDatanode metrics system started (again)
2019-09-20 10:24:18,710 [main] INFO  ozone.HddsDatanodeService (HddsDatanodeService.java:start(184)) - HddsDatanodeService host:pr-hdds-1569-p5fx8-1226042367 ip:192.168.36.99
2019-09-20 10:24:18,723 [main] INFO  volume.HddsVolume (HddsVolume.java:<init>(176)) - Creating Volume: /workdir/hadoop-ozone/integration-test/target/test-dir/MiniOzoneClusterImpl-0561fc2e-9288-4596-b687-0c9fb03504b1/datanode-0/data/containers/hdds of  storage type : DISK and capacity : 1482555576320
2019-09-20 10:24:18,723 [main] INFO  volume.VolumeSet (VolumeSet.java:initializeVolumeSet(170)) - Added Volume : /workdir/hadoop-ozone/integration-test/target/test-dir/MiniOzoneClusterImpl-0561fc2e-9288-4596-b687-0c9fb03504b1/datanode-0/data/containers/hdds to VolumeSet
2019-09-20 10:24:18,724 [main] INFO  volume.ThrottledAsyncChecker (ThrottledAsyncChecker.java:schedule(140)) - Scheduling a check for org.apache.hadoop.ozone.container.common.volume.HddsVolume@696174d3
2019-09-20 10:24:18,726 [main] INFO  volume.HddsVolumeChecker (HddsVolumeChecker.java:checkAllVolumes(203)) - Scheduled health check for volume org.apache.hadoop.ozone.container.common.volume.HddsVolume@696174d3
2019-09-20 10:24:18,745 [main] INFO  impl.RaftServerProxy (ConfUtils.java:logGet(43)) - raft.rpc.type = GRPC (default)
2019-09-20 10:24:18,746 [main] INFO  grpc.GrpcFactory (GrpcFactory.java:checkPooledByteBufAllocatorUseCacheForAllThreads(45)) - PERFORMANCE WARNING: useCacheForAllThreads is true that may cause Netty to create a lot garbage objects and, as a result, trigger GC.
	It is recommended to disable useCacheForAllThreads by setting -Dorg.apache.ratis.thirdparty.io.netty.allocator.useCacheForAllThreads=false in command line.
2019-09-20 10:24:18,746 [main] INFO  grpc.GrpcConfigKeys$Server (ConfUtils.java:logGet(43)) - raft.grpc.server.port = 0 (default)
2019-09-20 10:24:18,746 [main] INFO  server.GrpcService (ConfUtils.java:logGet(43)) - raft.grpc.message.size.max = 33570816 (custom)
2019-09-20 10:24:18,747 [main] INFO  server.RaftServerConfigKeys (ConfUtils.java:logGet(43)) - raft.server.log.appender.buffer.byte-limit = 33554432 (custom)
2019-09-20 10:24:18,747 [main] INFO  server.GrpcService (ConfUtils.java:logGet(43)) - raft.grpc.flow.control.window = 1MB (=1048576) (default)
2019-09-20 10:24:18,747 [main] INFO  server.RaftServerConfigKeys (ConfUtils.java:logGet(43)) - raft.server.rpc.request.timeout = 3000ms (default)
2019-09-20 10:24:18,748 [main] INFO  server.RaftServerConfigKeys (ConfUtils.java:logGet(43)) - raft.server.storage.dir = [/workdir/hadoop-ozone/integration-test/target/test-dir/MiniOzoneClusterImpl-0561fc2e-9288-4596-b687-0c9fb03504b1/datanode-0/data/ratis] (custom)
2019-09-20 10:24:18,748 [main] INFO  replication.SimpleContainerDownloader (SimpleContainerDownloader.java:<init>(72)) - Starting container downloader service to copy containers to replicate.
2019-09-20 10:24:18,750 [main] INFO  hdfs.DFSUtil (DFSUtil.java:httpServerTemplateForNNAndJN(1641)) - Starting Web-server for hddsDatanode at: http://0.0.0.0:0
2019-09-20 10:24:18,751 [main] INFO  server.AuthenticationFilter (AuthenticationFilter.java:constructSecretProvider(240)) - Unable to initialize FileSignerSecretProvider, falling back to use random secrets.
2019-09-20 10:24:18,752 [main] WARN  http.HttpRequestLog (HttpRequestLog.java:getRequestLog(97)) - Jetty request log can only be enabled using Log4j
2019-09-20 10:24:18,754 [main] INFO  http.HttpServer2 (HttpServer2.java:addGlobalFilter(975)) - Added global filter 'safety' (class=org.apache.hadoop.http.HttpServer2$QuotingInputFilter)
2019-09-20 10:24:18,754 [main] INFO  http.HttpServer2 (HttpServer2.java:addFilter(948)) - Added filter static_user_filter (class=org.apache.hadoop.http.lib.StaticUserWebFilter$StaticUserFilter) to context hddsDatanode
2019-09-20 10:24:18,754 [main] INFO  http.HttpServer2 (HttpServer2.java:addFilter(958)) - Added filter static_user_filter (class=org.apache.hadoop.http.lib.StaticUserWebFilter$StaticUserFilter) to context static
2019-09-20 10:24:18,755 [main] INFO  http.HttpServer2 (HttpServer2.java:addFilter(958)) - Added filter static_user_filter (class=org.apache.hadoop.http.lib.StaticUserWebFilter$StaticUserFilter) to context logs
2019-09-20 10:24:18,755 [main] INFO  http.HttpServer2 (HttpServer2.java:bindListener(1191)) - Jetty bound to port 33994
2019-09-20 10:24:18,755 [main] INFO  server.Server (Server.java:doStart(351)) - jetty-9.3.24.v20180605, build timestamp: 2018-06-05T17:11:56Z, git hash: 84205aa28f11a4f31f2a3b86d1bba2cc8ab69827
2019-09-20 10:24:18,758 [main] INFO  handler.ContextHandler (ContextHandler.java:doStart(781)) - Started o.e.j.s.ServletContextHandler@58aa5c94{/logs,file:///workdir/hadoop-ozone/integration-test/target/log,AVAILABLE}
2019-09-20 10:24:18,758 [main] INFO  handler.ContextHandler (ContextHandler.java:doStart(781)) - Started o.e.j.s.ServletContextHandler@50df37eb{/static,jar:file:/home/user/.m2/repository/org/apache/hadoop/hadoop-hdds-container-service/0.5.0-SNAPSHOT/hadoop-hdds-container-service-0.5.0-SNAPSHOT.jar!/webapps/static,AVAILABLE}
2019-09-20 10:24:18,786 [main] INFO  handler.ContextHandler (ContextHandler.java:doStart(781)) - Started o.e.j.w.WebAppContext@30eedaa4{/,file:///tmp/jetty-0.0.0.0-33994-hddsDatanode-_-any-8841825271012082153.dir/webapp/,AVAILABLE}{/hddsDatanode}
2019-09-20 10:24:18,786 [main] INFO  server.AbstractConnector (AbstractConnector.java:doStart(278)) - Started ServerConnector@52b30054{HTTP/1.1,[http/1.1]}{0.0.0.0:33994}
2019-09-20 10:24:18,789 [main] INFO  server.Server (Server.java:doStart(419)) - Started @20158ms
2019-09-20 10:24:18,790 [main] INFO  server.BaseHttpServer (BaseHttpServer.java:updateConnectorAddress(213)) - HTTP server of HDDSDATANODE is listening at http://0.0.0.0:33994
2019-09-20 10:24:18,843 | INFO  | SCMAudit | user=jenkins1000 | ip=192.168.36.99 | op=SEND_HEARTBEAT {datanodeUUID=7af711bd-b5ae-4a73-a8be-b970cae6c2d1, command=[]} | ret=SUCCESS |  
2019-09-20 10:24:18,931 | INFO  | ObjectStoreRestHttpServer | Listening HDDS REST traffic on /0.0.0.0:36500 |  
2019-09-20 10:24:18,931 [main] INFO  ozone.HddsDatanodeService (HddsDatanodeService.java:startPlugins(395)) - Started plug-in org.apache.hadoop.ozone.web.OzoneHddsDatanodeService@58f7215c
2019-09-20 10:24:18,931 [main] INFO  impl.MetricsSystemImpl (MetricsSystemImpl.java:init(158)) - HddsDatanode metrics system started (again)
2019-09-20 10:24:18,969 [org.apache.hadoop.util.JvmPauseMonitor$Monitor@15a6e791] INFO  util.JvmPauseMonitor (JvmPauseMonitor.java:run(188)) - Starting JVM pause monitor
2019-09-20 10:24:18,971 [main] INFO  ozone.HddsDatanodeService (HddsDatanodeService.java:start(184)) - HddsDatanodeService host:pr-hdds-1569-p5fx8-1226042367 ip:192.168.36.99
2019-09-20 10:24:18,973 [Datanode State Machine Thread - 0] INFO  datanode.InitDatanodeState (InitDatanodeState.java:persistContainerDatanodeDetails(140)) - DatanodeDetails is persisted to /workdir/hadoop-ozone/integration-test/target/test-dir/MiniOzoneClusterImpl-0561fc2e-9288-4596-b687-0c9fb03504b1/datanode-0/meta/datanode.id
2019-09-20 10:24:18,986 [main] INFO  volume.HddsVolume (HddsVolume.java:<init>(176)) - Creating Volume: /workdir/hadoop-ozone/integration-test/target/test-dir/MiniOzoneClusterImpl-0561fc2e-9288-4596-b687-0c9fb03504b1/datanode-1/data/containers/hdds of  storage type : DISK and capacity : 1482555576320
2019-09-20 10:24:18,987 [main] INFO  volume.VolumeSet (VolumeSet.java:initializeVolumeSet(170)) - Added Volume : /workdir/hadoop-ozone/integration-test/target/test-dir/MiniOzoneClusterImpl-0561fc2e-9288-4596-b687-0c9fb03504b1/datanode-1/data/containers/hdds to VolumeSet
2019-09-20 10:24:18,987 [main] INFO  volume.ThrottledAsyncChecker (ThrottledAsyncChecker.java:schedule(140)) - Scheduling a check for org.apache.hadoop.ozone.container.common.volume.HddsVolume@4a833595
2019-09-20 10:24:18,987 [main] INFO  volume.HddsVolumeChecker (HddsVolumeChecker.java:checkAllVolumes(203)) - Scheduled health check for volume org.apache.hadoop.ozone.container.common.volume.HddsVolume@4a833595
2019-09-20 10:24:19,009 [main] INFO  impl.RaftServerProxy (ConfUtils.java:logGet(43)) - raft.rpc.type = GRPC (default)
2019-09-20 10:24:19,010 [main] INFO  grpc.GrpcFactory (GrpcFactory.java:checkPooledByteBufAllocatorUseCacheForAllThreads(45)) - PERFORMANCE WARNING: useCacheForAllThreads is true that may cause Netty to create a lot garbage objects and, as a result, trigger GC.
	It is recommended to disable useCacheForAllThreads by setting -Dorg.apache.ratis.thirdparty.io.netty.allocator.useCacheForAllThreads=false in command line.
2019-09-20 10:24:19,010 [main] INFO  grpc.GrpcConfigKeys$Server (ConfUtils.java:logGet(43)) - raft.grpc.server.port = 0 (default)
2019-09-20 10:24:19,010 [main] INFO  server.GrpcService (ConfUtils.java:logGet(43)) - raft.grpc.message.size.max = 33570816 (custom)
2019-09-20 10:24:19,010 [main] INFO  server.RaftServerConfigKeys (ConfUtils.java:logGet(43)) - raft.server.log.appender.buffer.byte-limit = 33554432 (custom)
2019-09-20 10:24:19,011 [main] INFO  server.GrpcService (ConfUtils.java:logGet(43)) - raft.grpc.flow.control.window = 1MB (=1048576) (default)
2019-09-20 10:24:19,011 [main] INFO  server.RaftServerConfigKeys (ConfUtils.java:logGet(43)) - raft.server.rpc.request.timeout = 3000ms (default)
2019-09-20 10:24:19,011 [main] INFO  server.RaftServerConfigKeys (ConfUtils.java:logGet(43)) - raft.server.storage.dir = [/workdir/hadoop-ozone/integration-test/target/test-dir/MiniOzoneClusterImpl-0561fc2e-9288-4596-b687-0c9fb03504b1/datanode-1/data/ratis] (custom)
2019-09-20 10:24:19,012 [main] INFO  replication.SimpleContainerDownloader (SimpleContainerDownloader.java:<init>(72)) - Starting container downloader service to copy containers to replicate.
2019-09-20 10:24:19,013 [main] INFO  hdfs.DFSUtil (DFSUtil.java:httpServerTemplateForNNAndJN(1641)) - Starting Web-server for hddsDatanode at: http://0.0.0.0:0
2019-09-20 10:24:19,015 [main] INFO  server.AuthenticationFilter (AuthenticationFilter.java:constructSecretProvider(240)) - Unable to initialize FileSignerSecretProvider, falling back to use random secrets.
2019-09-20 10:24:19,015 [main] WARN  http.HttpRequestLog (HttpRequestLog.java:getRequestLog(97)) - Jetty request log can only be enabled using Log4j
2019-09-20 10:24:19,017 [main] INFO  http.HttpServer2 (HttpServer2.java:addGlobalFilter(975)) - Added global filter 'safety' (class=org.apache.hadoop.http.HttpServer2$QuotingInputFilter)
2019-09-20 10:24:19,017 [main] INFO  http.HttpServer2 (HttpServer2.java:addFilter(948)) - Added filter static_user_filter (class=org.apache.hadoop.http.lib.StaticUserWebFilter$StaticUserFilter) to context hddsDatanode
2019-09-20 10:24:19,017 [main] INFO  http.HttpServer2 (HttpServer2.java:addFilter(958)) - Added filter static_user_filter (class=org.apache.hadoop.http.lib.StaticUserWebFilter$StaticUserFilter) to context logs
2019-09-20 10:24:19,017 [main] INFO  http.HttpServer2 (HttpServer2.java:addFilter(958)) - Added filter static_user_filter (class=org.apache.hadoop.http.lib.StaticUserWebFilter$StaticUserFilter) to context static
2019-09-20 10:24:19,018 [main] INFO  http.HttpServer2 (HttpServer2.java:bindListener(1191)) - Jetty bound to port 37979
2019-09-20 10:24:19,018 [main] INFO  server.Server (Server.java:doStart(351)) - jetty-9.3.24.v20180605, build timestamp: 2018-06-05T17:11:56Z, git hash: 84205aa28f11a4f31f2a3b86d1bba2cc8ab69827
2019-09-20 10:24:19,020 [main] INFO  handler.ContextHandler (ContextHandler.java:doStart(781)) - Started o.e.j.s.ServletContextHandler@25fa6889{/logs,file:///workdir/hadoop-ozone/integration-test/target/log,AVAILABLE}
2019-09-20 10:24:19,021 [main] INFO  handler.ContextHandler (ContextHandler.java:doStart(781)) - Started o.e.j.s.ServletContextHandler@31693a86{/static,jar:file:/home/user/.m2/repository/org/apache/hadoop/hadoop-hdds-container-service/0.5.0-SNAPSHOT/hadoop-hdds-container-service-0.5.0-SNAPSHOT.jar!/webapps/static,AVAILABLE}
2019-09-20 10:24:19,050 [main] INFO  handler.ContextHandler (ContextHandler.java:doStart(781)) - Started o.e.j.w.WebAppContext@504b8705{/,file:///tmp/jetty-0.0.0.0-37979-hddsDatanode-_-any-4993730609602251686.dir/webapp/,AVAILABLE}{/hddsDatanode}
2019-09-20 10:24:19,050 [main] INFO  server.AbstractConnector (AbstractConnector.java:doStart(278)) - Started ServerConnector@24a8e40d{HTTP/1.1,[http/1.1]}{0.0.0.0:37979}
2019-09-20 10:24:19,055 [main] INFO  server.Server (Server.java:doStart(419)) - Started @20423ms
2019-09-20 10:24:19,056 [main] INFO  server.BaseHttpServer (BaseHttpServer.java:updateConnectorAddress(213)) - HTTP server of HDDSDATANODE is listening at http://0.0.0.0:37979
2019-09-20 10:24:19,212 | INFO  | ObjectStoreRestHttpServer | Listening HDDS REST traffic on /0.0.0.0:41025 |  
2019-09-20 10:24:19,212 [main] INFO  ozone.HddsDatanodeService (HddsDatanodeService.java:startPlugins(395)) - Started plug-in org.apache.hadoop.ozone.web.OzoneHddsDatanodeService@54daf8f9
2019-09-20 10:24:19,213 [main] INFO  impl.MetricsSystemImpl (MetricsSystemImpl.java:init(158)) - HddsDatanode metrics system started (again)
2019-09-20 10:24:19,233 [org.apache.hadoop.util.JvmPauseMonitor$Monitor@5e910d54] INFO  util.JvmPauseMonitor (JvmPauseMonitor.java:run(188)) - Starting JVM pause monitor
2019-09-20 10:24:19,236 [main] INFO  ozone.HddsDatanodeService (HddsDatanodeService.java:start(184)) - HddsDatanodeService host:pr-hdds-1569-p5fx8-1226042367 ip:192.168.36.99
2019-09-20 10:24:19,236 [Datanode State Machine Thread - 0] INFO  datanode.InitDatanodeState (InitDatanodeState.java:persistContainerDatanodeDetails(140)) - DatanodeDetails is persisted to /workdir/hadoop-ozone/integration-test/target/test-dir/MiniOzoneClusterImpl-0561fc2e-9288-4596-b687-0c9fb03504b1/datanode-1/meta/datanode.id
2019-09-20 10:24:19,238 | INFO  | SCMAudit | user=jenkins1000 | ip=192.168.36.99 | op=SEND_HEARTBEAT {datanodeUUID=66416d0b-a71c-4af1-ae3a-62ca63b880a3, command=[]} | ret=SUCCESS |  
2019-09-20 10:24:19,239 | INFO  | SCMAudit | user=jenkins1000 | ip=192.168.36.99 | op=SEND_HEARTBEAT {datanodeUUID=c3e532f8-1a8e-44f3-b56b-d765aee893af, command=[]} | ret=SUCCESS |  
2019-09-20 10:24:19,253 [main] INFO  volume.HddsVolume (HddsVolume.java:<init>(176)) - Creating Volume: /workdir/hadoop-ozone/integration-test/target/test-dir/MiniOzoneClusterImpl-0561fc2e-9288-4596-b687-0c9fb03504b1/datanode-2/data/containers/hdds of  storage type : DISK and capacity : 1482555576320
2019-09-20 10:24:19,253 [main] INFO  volume.VolumeSet (VolumeSet.java:initializeVolumeSet(170)) - Added Volume : /workdir/hadoop-ozone/integration-test/target/test-dir/MiniOzoneClusterImpl-0561fc2e-9288-4596-b687-0c9fb03504b1/datanode-2/data/containers/hdds to VolumeSet
2019-09-20 10:24:19,254 [main] INFO  volume.ThrottledAsyncChecker (ThrottledAsyncChecker.java:schedule(140)) - Scheduling a check for org.apache.hadoop.ozone.container.common.volume.HddsVolume@1958c0d9
2019-09-20 10:24:19,254 [main] INFO  volume.HddsVolumeChecker (HddsVolumeChecker.java:checkAllVolumes(203)) - Scheduled health check for volume org.apache.hadoop.ozone.container.common.volume.HddsVolume@1958c0d9
2019-09-20 10:24:19,272 [main] INFO  impl.RaftServerProxy (ConfUtils.java:logGet(43)) - raft.rpc.type = GRPC (default)
2019-09-20 10:24:19,272 [main] INFO  grpc.GrpcFactory (GrpcFactory.java:checkPooledByteBufAllocatorUseCacheForAllThreads(45)) - PERFORMANCE WARNING: useCacheForAllThreads is true that may cause Netty to create a lot garbage objects and, as a result, trigger GC.
	It is recommended to disable useCacheForAllThreads by setting -Dorg.apache.ratis.thirdparty.io.netty.allocator.useCacheForAllThreads=false in command line.
2019-09-20 10:24:19,272 [main] INFO  grpc.GrpcConfigKeys$Server (ConfUtils.java:logGet(43)) - raft.grpc.server.port = 0 (default)
2019-09-20 10:24:19,272 [main] INFO  server.GrpcService (ConfUtils.java:logGet(43)) - raft.grpc.message.size.max = 33570816 (custom)
2019-09-20 10:24:19,272 [main] INFO  server.RaftServerConfigKeys (ConfUtils.java:logGet(43)) - raft.server.log.appender.buffer.byte-limit = 33554432 (custom)
2019-09-20 10:24:19,273 [main] INFO  server.GrpcService (ConfUtils.java:logGet(43)) - raft.grpc.flow.control.window = 1MB (=1048576) (default)
2019-09-20 10:24:19,273 [main] INFO  server.RaftServerConfigKeys (ConfUtils.java:logGet(43)) - raft.server.rpc.request.timeout = 3000ms (default)
2019-09-20 10:24:19,273 [main] INFO  server.RaftServerConfigKeys (ConfUtils.java:logGet(43)) - raft.server.storage.dir = [/workdir/hadoop-ozone/integration-test/target/test-dir/MiniOzoneClusterImpl-0561fc2e-9288-4596-b687-0c9fb03504b1/datanode-2/data/ratis] (custom)
2019-09-20 10:24:19,274 [main] INFO  replication.SimpleContainerDownloader (SimpleContainerDownloader.java:<init>(72)) - Starting container downloader service to copy containers to replicate.
2019-09-20 10:24:19,275 [main] INFO  hdfs.DFSUtil (DFSUtil.java:httpServerTemplateForNNAndJN(1641)) - Starting Web-server for hddsDatanode at: http://0.0.0.0:0
2019-09-20 10:24:19,277 [main] INFO  server.AuthenticationFilter (AuthenticationFilter.java:constructSecretProvider(240)) - Unable to initialize FileSignerSecretProvider, falling back to use random secrets.
2019-09-20 10:24:19,278 [main] WARN  http.HttpRequestLog (HttpRequestLog.java:getRequestLog(97)) - Jetty request log can only be enabled using Log4j
2019-09-20 10:24:19,281 [main] INFO  http.HttpServer2 (HttpServer2.java:addGlobalFilter(975)) - Added global filter 'safety' (class=org.apache.hadoop.http.HttpServer2$QuotingInputFilter)
2019-09-20 10:24:19,281 [main] INFO  http.HttpServer2 (HttpServer2.java:addFilter(948)) - Added filter static_user_filter (class=org.apache.hadoop.http.lib.StaticUserWebFilter$StaticUserFilter) to context hddsDatanode
2019-09-20 10:24:19,282 [main] INFO  http.HttpServer2 (HttpServer2.java:addFilter(958)) - Added filter static_user_filter (class=org.apache.hadoop.http.lib.StaticUserWebFilter$StaticUserFilter) to context logs
2019-09-20 10:24:19,282 [main] INFO  http.HttpServer2 (HttpServer2.java:addFilter(958)) - Added filter static_user_filter (class=org.apache.hadoop.http.lib.StaticUserWebFilter$StaticUserFilter) to context static
2019-09-20 10:24:19,283 [main] INFO  http.HttpServer2 (HttpServer2.java:bindListener(1191)) - Jetty bound to port 43951
2019-09-20 10:24:19,283 [main] INFO  server.Server (Server.java:doStart(351)) - jetty-9.3.24.v20180605, build timestamp: 2018-06-05T17:11:56Z, git hash: 84205aa28f11a4f31f2a3b86d1bba2cc8ab69827
2019-09-20 10:24:19,286 [main] INFO  handler.ContextHandler (ContextHandler.java:doStart(781)) - Started o.e.j.s.ServletContextHandler@727453a3{/logs,file:///workdir/hadoop-ozone/integration-test/target/log,AVAILABLE}
2019-09-20 10:24:19,286 [main] INFO  handler.ContextHandler (ContextHandler.java:doStart(781)) - Started o.e.j.s.ServletContextHandler@57f2e67{/static,jar:file:/home/user/.m2/repository/org/apache/hadoop/hadoop-hdds-container-service/0.5.0-SNAPSHOT/hadoop-hdds-container-service-0.5.0-SNAPSHOT.jar!/webapps/static,AVAILABLE}
2019-09-20 10:24:19,324 [main] INFO  handler.ContextHandler (ContextHandler.java:doStart(781)) - Started o.e.j.w.WebAppContext@702f4124{/,file:///tmp/jetty-0.0.0.0-43951-hddsDatanode-_-any-5738768074517107286.dir/webapp/,AVAILABLE}{/hddsDatanode}
2019-09-20 10:24:19,325 [main] INFO  server.AbstractConnector (AbstractConnector.java:doStart(278)) - Started ServerConnector@10166230{HTTP/1.1,[http/1.1]}{0.0.0.0:43951}
2019-09-20 10:24:19,328 [main] INFO  server.Server (Server.java:doStart(419)) - Started @20696ms
2019-09-20 10:24:19,329 [main] INFO  server.BaseHttpServer (BaseHttpServer.java:updateConnectorAddress(213)) - HTTP server of HDDSDATANODE is listening at http://0.0.0.0:43951
2019-09-20 10:24:19,329 | INFO  | SCMAudit | user=jenkins1000 | ip=192.168.36.99 | op=SEND_HEARTBEAT {datanodeUUID=4d972e91-cb6b-45de-8bd2-c18af7abe58b, command=[]} | ret=SUCCESS |  
2019-09-20 10:24:19,391 | INFO  | SCMAudit | user=jenkins1000 | ip=192.168.36.99 | op=SEND_HEARTBEAT {datanodeUUID=17e2ba94-38a1-40e7-84e0-f6802901db84, command=[]} | ret=SUCCESS |  
2019-09-20 10:24:19,466 | INFO  | ObjectStoreRestHttpServer | Listening HDDS REST traffic on /0.0.0.0:46864 |  
2019-09-20 10:24:19,466 [main] INFO  ozone.HddsDatanodeService (HddsDatanodeService.java:startPlugins(395)) - Started plug-in org.apache.hadoop.ozone.web.OzoneHddsDatanodeService@3722f39d
2019-09-20 10:24:19,466 [main] INFO  impl.MetricsSystemImpl (MetricsSystemImpl.java:init(158)) - HddsDatanode metrics system started (again)
2019-09-20 10:24:19,488 [org.apache.hadoop.util.JvmPauseMonitor$Monitor@3ef4b08f] INFO  util.JvmPauseMonitor (JvmPauseMonitor.java:run(188)) - Starting JVM pause monitor
2019-09-20 10:24:19,490 [main] INFO  ozone.HddsDatanodeService (HddsDatanodeService.java:start(184)) - HddsDatanodeService host:pr-hdds-1569-p5fx8-1226042367 ip:192.168.36.99
2019-09-20 10:24:19,491 [Datanode State Machine Thread - 0] INFO  datanode.InitDatanodeState (InitDatanodeState.java:persistContainerDatanodeDetails(140)) - DatanodeDetails is persisted to /workdir/hadoop-ozone/integration-test/target/test-dir/MiniOzoneClusterImpl-0561fc2e-9288-4596-b687-0c9fb03504b1/datanode-2/meta/datanode.id
2019-09-20 10:24:19,515 [main] INFO  volume.HddsVolume (HddsVolume.java:<init>(176)) - Creating Volume: /workdir/hadoop-ozone/integration-test/target/test-dir/MiniOzoneClusterImpl-0561fc2e-9288-4596-b687-0c9fb03504b1/datanode-3/data/containers/hdds of  storage type : DISK and capacity : 1482555576320
2019-09-20 10:24:19,516 [main] INFO  volume.VolumeSet (VolumeSet.java:initializeVolumeSet(170)) - Added Volume : /workdir/hadoop-ozone/integration-test/target/test-dir/MiniOzoneClusterImpl-0561fc2e-9288-4596-b687-0c9fb03504b1/datanode-3/data/containers/hdds to VolumeSet
2019-09-20 10:24:19,516 [main] INFO  volume.ThrottledAsyncChecker (ThrottledAsyncChecker.java:schedule(140)) - Scheduling a check for org.apache.hadoop.ozone.container.common.volume.HddsVolume@35b3c1f6
2019-09-20 10:24:19,516 [main] INFO  volume.HddsVolumeChecker (HddsVolumeChecker.java:checkAllVolumes(203)) - Scheduled health check for volume org.apache.hadoop.ozone.container.common.volume.HddsVolume@35b3c1f6
2019-09-20 10:24:19,534 [main] INFO  impl.RaftServerProxy (ConfUtils.java:logGet(43)) - raft.rpc.type = GRPC (default)
2019-09-20 10:24:19,534 [main] INFO  grpc.GrpcFactory (GrpcFactory.java:checkPooledByteBufAllocatorUseCacheForAllThreads(45)) - PERFORMANCE WARNING: useCacheForAllThreads is true that may cause Netty to create a lot garbage objects and, as a result, trigger GC.
	It is recommended to disable useCacheForAllThreads by setting -Dorg.apache.ratis.thirdparty.io.netty.allocator.useCacheForAllThreads=false in command line.
2019-09-20 10:24:19,534 [main] INFO  grpc.GrpcConfigKeys$Server (ConfUtils.java:logGet(43)) - raft.grpc.server.port = 0 (default)
2019-09-20 10:24:19,534 [main] INFO  server.GrpcService (ConfUtils.java:logGet(43)) - raft.grpc.message.size.max = 33570816 (custom)
2019-09-20 10:24:19,535 [main] INFO  server.RaftServerConfigKeys (ConfUtils.java:logGet(43)) - raft.server.log.appender.buffer.byte-limit = 33554432 (custom)
2019-09-20 10:24:19,535 [main] INFO  server.GrpcService (ConfUtils.java:logGet(43)) - raft.grpc.flow.control.window = 1MB (=1048576) (default)
2019-09-20 10:24:19,535 [main] INFO  server.RaftServerConfigKeys (ConfUtils.java:logGet(43)) - raft.server.rpc.request.timeout = 3000ms (default)
2019-09-20 10:24:19,536 [main] INFO  server.RaftServerConfigKeys (ConfUtils.java:logGet(43)) - raft.server.storage.dir = [/workdir/hadoop-ozone/integration-test/target/test-dir/MiniOzoneClusterImpl-0561fc2e-9288-4596-b687-0c9fb03504b1/datanode-3/data/ratis] (custom)
2019-09-20 10:24:19,536 [main] INFO  replication.SimpleContainerDownloader (SimpleContainerDownloader.java:<init>(72)) - Starting container downloader service to copy containers to replicate.
2019-09-20 10:24:19,537 [main] INFO  hdfs.DFSUtil (DFSUtil.java:httpServerTemplateForNNAndJN(1641)) - Starting Web-server for hddsDatanode at: http://0.0.0.0:0
2019-09-20 10:24:19,539 [main] INFO  server.AuthenticationFilter (AuthenticationFilter.java:constructSecretProvider(240)) - Unable to initialize FileSignerSecretProvider, falling back to use random secrets.
2019-09-20 10:24:19,539 [main] WARN  http.HttpRequestLog (HttpRequestLog.java:getRequestLog(97)) - Jetty request log can only be enabled using Log4j
2019-09-20 10:24:19,541 [main] INFO  http.HttpServer2 (HttpServer2.java:addGlobalFilter(975)) - Added global filter 'safety' (class=org.apache.hadoop.http.HttpServer2$QuotingInputFilter)
2019-09-20 10:24:19,542 [main] INFO  http.HttpServer2 (HttpServer2.java:addFilter(948)) - Added filter static_user_filter (class=org.apache.hadoop.http.lib.StaticUserWebFilter$StaticUserFilter) to context hddsDatanode
2019-09-20 10:24:19,542 [main] INFO  http.HttpServer2 (HttpServer2.java:addFilter(958)) - Added filter static_user_filter (class=org.apache.hadoop.http.lib.StaticUserWebFilter$StaticUserFilter) to context logs
2019-09-20 10:24:19,542 [main] INFO  http.HttpServer2 (HttpServer2.java:addFilter(958)) - Added filter static_user_filter (class=org.apache.hadoop.http.lib.StaticUserWebFilter$StaticUserFilter) to context static
2019-09-20 10:24:19,543 [main] INFO  http.HttpServer2 (HttpServer2.java:bindListener(1191)) - Jetty bound to port 42543
2019-09-20 10:24:19,543 [main] INFO  server.Server (Server.java:doStart(351)) - jetty-9.3.24.v20180605, build timestamp: 2018-06-05T17:11:56Z, git hash: 84205aa28f11a4f31f2a3b86d1bba2cc8ab69827
2019-09-20 10:24:19,545 [main] INFO  handler.ContextHandler (ContextHandler.java:doStart(781)) - Started o.e.j.s.ServletContextHandler@4cc4d454{/logs,file:///workdir/hadoop-ozone/integration-test/target/log,AVAILABLE}
2019-09-20 10:24:19,546 [main] INFO  handler.ContextHandler (ContextHandler.java:doStart(781)) - Started o.e.j.s.ServletContextHandler@1c58d7be{/static,jar:file:/home/user/.m2/repository/org/apache/hadoop/hadoop-hdds-container-service/0.5.0-SNAPSHOT/hadoop-hdds-container-service-0.5.0-SNAPSHOT.jar!/webapps/static,AVAILABLE}
2019-09-20 10:24:19,578 [main] INFO  handler.ContextHandler (ContextHandler.java:doStart(781)) - Started o.e.j.w.WebAppContext@18513c23{/,file:///tmp/jetty-0.0.0.0-42543-hddsDatanode-_-any-154041093041946277.dir/webapp/,AVAILABLE}{/hddsDatanode}
2019-09-20 10:24:19,579 [main] INFO  server.AbstractConnector (AbstractConnector.java:doStart(278)) - Started ServerConnector@6be50b35{HTTP/1.1,[http/1.1]}{0.0.0.0:42543}
2019-09-20 10:24:19,582 [main] INFO  server.Server (Server.java:doStart(419)) - Started @20951ms
2019-09-20 10:24:19,584 [main] INFO  server.BaseHttpServer (BaseHttpServer.java:updateConnectorAddress(213)) - HTTP server of HDDSDATANODE is listening at http://0.0.0.0:42543
2019-09-20 10:24:19,593 | INFO  | SCMAudit | user=jenkins1000 | ip=192.168.36.99 | op=SEND_HEARTBEAT {datanodeUUID=1ab786b9-c79c-4265-88a1-5b3344c6beda, command=[]} | ret=SUCCESS |  
2019-09-20 10:24:19,680 | INFO  | SCMAudit | user=jenkins1000 | ip=192.168.36.99 | op=SEND_HEARTBEAT {datanodeUUID=3d6f3241-e73c-473a-ad0b-c7be2f7e1dda, command=[]} | ret=SUCCESS |  
2019-09-20 10:24:19,747 | INFO  | ObjectStoreRestHttpServer | Listening HDDS REST traffic on /0.0.0.0:37262 |  
2019-09-20 10:24:19,747 [main] INFO  ozone.HddsDatanodeService (HddsDatanodeService.java:startPlugins(395)) - Started plug-in org.apache.hadoop.ozone.web.OzoneHddsDatanodeService@13b29b34
2019-09-20 10:24:19,748 [main] INFO  impl.MetricsSystemImpl (MetricsSystemImpl.java:init(158)) - HddsDatanode metrics system started (again)
2019-09-20 10:24:19,771 [org.apache.hadoop.util.JvmPauseMonitor$Monitor@3ece3d1c] INFO  util.JvmPauseMonitor (JvmPauseMonitor.java:run(188)) - Starting JVM pause monitor
2019-09-20 10:24:19,773 [main] INFO  ozone.HddsDatanodeService (HddsDatanodeService.java:start(184)) - HddsDatanodeService host:pr-hdds-1569-p5fx8-1226042367 ip:192.168.36.99
2019-09-20 10:24:19,774 [Datanode State Machine Thread - 0] INFO  datanode.InitDatanodeState (InitDatanodeState.java:persistContainerDatanodeDetails(140)) - DatanodeDetails is persisted to /workdir/hadoop-ozone/integration-test/target/test-dir/MiniOzoneClusterImpl-0561fc2e-9288-4596-b687-0c9fb03504b1/datanode-3/meta/datanode.id
2019-09-20 10:24:19,788 [main] INFO  volume.HddsVolume (HddsVolume.java:<init>(176)) - Creating Volume: /workdir/hadoop-ozone/integration-test/target/test-dir/MiniOzoneClusterImpl-0561fc2e-9288-4596-b687-0c9fb03504b1/datanode-4/data/containers/hdds of  storage type : DISK and capacity : 1482555576320
2019-09-20 10:24:19,789 [main] INFO  volume.VolumeSet (VolumeSet.java:initializeVolumeSet(170)) - Added Volume : /workdir/hadoop-ozone/integration-test/target/test-dir/MiniOzoneClusterImpl-0561fc2e-9288-4596-b687-0c9fb03504b1/datanode-4/data/containers/hdds to VolumeSet
2019-09-20 10:24:19,789 [main] INFO  volume.ThrottledAsyncChecker (ThrottledAsyncChecker.java:schedule(140)) - Scheduling a check for org.apache.hadoop.ozone.container.common.volume.HddsVolume@4b50c21
2019-09-20 10:24:19,789 [main] INFO  volume.HddsVolumeChecker (HddsVolumeChecker.java:checkAllVolumes(203)) - Scheduled health check for volume org.apache.hadoop.ozone.container.common.volume.HddsVolume@4b50c21
2019-09-20 10:24:19,807 [main] INFO  impl.RaftServerProxy (ConfUtils.java:logGet(43)) - raft.rpc.type = GRPC (default)
2019-09-20 10:24:19,808 [main] INFO  grpc.GrpcFactory (GrpcFactory.java:checkPooledByteBufAllocatorUseCacheForAllThreads(45)) - PERFORMANCE WARNING: useCacheForAllThreads is true that may cause Netty to create a lot garbage objects and, as a result, trigger GC.
	It is recommended to disable useCacheForAllThreads by setting -Dorg.apache.ratis.thirdparty.io.netty.allocator.useCacheForAllThreads=false in command line.
2019-09-20 10:24:19,808 [main] INFO  grpc.GrpcConfigKeys$Server (ConfUtils.java:logGet(43)) - raft.grpc.server.port = 0 (default)
2019-09-20 10:24:19,808 [main] INFO  server.GrpcService (ConfUtils.java:logGet(43)) - raft.grpc.message.size.max = 33570816 (custom)
2019-09-20 10:24:19,809 [main] INFO  server.RaftServerConfigKeys (ConfUtils.java:logGet(43)) - raft.server.log.appender.buffer.byte-limit = 33554432 (custom)
2019-09-20 10:24:19,809 [main] INFO  server.GrpcService (ConfUtils.java:logGet(43)) - raft.grpc.flow.control.window = 1MB (=1048576) (default)
2019-09-20 10:24:19,809 [main] INFO  server.RaftServerConfigKeys (ConfUtils.java:logGet(43)) - raft.server.rpc.request.timeout = 3000ms (default)
2019-09-20 10:24:19,810 [main] INFO  server.RaftServerConfigKeys (ConfUtils.java:logGet(43)) - raft.server.storage.dir = [/workdir/hadoop-ozone/integration-test/target/test-dir/MiniOzoneClusterImpl-0561fc2e-9288-4596-b687-0c9fb03504b1/datanode-4/data/ratis] (custom)
2019-09-20 10:24:19,810 [main] INFO  replication.SimpleContainerDownloader (SimpleContainerDownloader.java:<init>(72)) - Starting container downloader service to copy containers to replicate.
2019-09-20 10:24:19,812 [main] INFO  hdfs.DFSUtil (DFSUtil.java:httpServerTemplateForNNAndJN(1641)) - Starting Web-server for hddsDatanode at: http://0.0.0.0:0
2019-09-20 10:24:19,814 [main] INFO  server.AuthenticationFilter (AuthenticationFilter.java:constructSecretProvider(240)) - Unable to initialize FileSignerSecretProvider, falling back to use random secrets.
2019-09-20 10:24:19,814 [main] WARN  http.HttpRequestLog (HttpRequestLog.java:getRequestLog(97)) - Jetty request log can only be enabled using Log4j
2019-09-20 10:24:19,815 [main] INFO  http.HttpServer2 (HttpServer2.java:addGlobalFilter(975)) - Added global filter 'safety' (class=org.apache.hadoop.http.HttpServer2$QuotingInputFilter)
2019-09-20 10:24:19,816 [main] INFO  http.HttpServer2 (HttpServer2.java:addFilter(948)) - Added filter static_user_filter (class=org.apache.hadoop.http.lib.StaticUserWebFilter$StaticUserFilter) to context hddsDatanode
2019-09-20 10:24:19,816 [main] INFO  http.HttpServer2 (HttpServer2.java:addFilter(958)) - Added filter static_user_filter (class=org.apache.hadoop.http.lib.StaticUserWebFilter$StaticUserFilter) to context logs
2019-09-20 10:24:19,817 [main] INFO  http.HttpServer2 (HttpServer2.java:addFilter(958)) - Added filter static_user_filter (class=org.apache.hadoop.http.lib.StaticUserWebFilter$StaticUserFilter) to context static
2019-09-20 10:24:19,817 [main] INFO  http.HttpServer2 (HttpServer2.java:bindListener(1191)) - Jetty bound to port 44056
2019-09-20 10:24:19,817 [main] INFO  server.Server (Server.java:doStart(351)) - jetty-9.3.24.v20180605, build timestamp: 2018-06-05T17:11:56Z, git hash: 84205aa28f11a4f31f2a3b86d1bba2cc8ab69827
2019-09-20 10:24:19,820 [main] INFO  handler.ContextHandler (ContextHandler.java:doStart(781)) - Started o.e.j.s.ServletContextHandler@690ed13a{/logs,file:///workdir/hadoop-ozone/integration-test/target/log,AVAILABLE}
2019-09-20 10:24:19,820 [main] INFO  handler.ContextHandler (ContextHandler.java:doStart(781)) - Started o.e.j.s.ServletContextHandler@2c7375da{/static,jar:file:/home/user/.m2/repository/org/apache/hadoop/hadoop-hdds-container-service/0.5.0-SNAPSHOT/hadoop-hdds-container-service-0.5.0-SNAPSHOT.jar!/webapps/static,AVAILABLE}
2019-09-20 10:24:19,843 | INFO  | SCMAudit | user=jenkins1000 | ip=192.168.36.99 | op=SEND_HEARTBEAT {datanodeUUID=7af711bd-b5ae-4a73-a8be-b970cae6c2d1, command=[]} | ret=SUCCESS |  
2019-09-20 10:24:19,860 [main] INFO  handler.ContextHandler (ContextHandler.java:doStart(781)) - Started o.e.j.w.WebAppContext@45dc7be{/,file:///tmp/jetty-0.0.0.0-44056-hddsDatanode-_-any-6321590303197344933.dir/webapp/,AVAILABLE}{/hddsDatanode}
2019-09-20 10:24:19,861 [main] INFO  server.AbstractConnector (AbstractConnector.java:doStart(278)) - Started ServerConnector@2d459bda{HTTP/1.1,[http/1.1]}{0.0.0.0:44056}
2019-09-20 10:24:19,864 [main] INFO  server.Server (Server.java:doStart(419)) - Started @21233ms
2019-09-20 10:24:19,865 [main] INFO  server.BaseHttpServer (BaseHttpServer.java:updateConnectorAddress(213)) - HTTP server of HDDSDATANODE is listening at http://0.0.0.0:44056
2019-09-20 10:24:19,997 | INFO  | ObjectStoreRestHttpServer | Listening HDDS REST traffic on /0.0.0.0:44169 |  
2019-09-20 10:24:19,997 [main] INFO  ozone.HddsDatanodeService (HddsDatanodeService.java:startPlugins(395)) - Started plug-in org.apache.hadoop.ozone.web.OzoneHddsDatanodeService@5b88af70
2019-09-20 10:24:19,997 [main] INFO  impl.MetricsSystemImpl (MetricsSystemImpl.java:init(158)) - HddsDatanode metrics system started (again)
2019-09-20 10:24:20,021 [org.apache.hadoop.util.JvmPauseMonitor$Monitor@122dfeae] INFO  util.JvmPauseMonitor (JvmPauseMonitor.java:run(188)) - Starting JVM pause monitor
2019-09-20 10:24:20,023 [main] INFO  ozone.HddsDatanodeService (HddsDatanodeService.java:start(184)) - HddsDatanodeService host:pr-hdds-1569-p5fx8-1226042367 ip:192.168.36.99
2019-09-20 10:24:20,024 [Datanode State Machine Thread - 0] INFO  datanode.InitDatanodeState (InitDatanodeState.java:persistContainerDatanodeDetails(140)) - DatanodeDetails is persisted to /workdir/hadoop-ozone/integration-test/target/test-dir/MiniOzoneClusterImpl-0561fc2e-9288-4596-b687-0c9fb03504b1/datanode-4/meta/datanode.id
2019-09-20 10:24:20,039 [main] INFO  volume.HddsVolume (HddsVolume.java:<init>(176)) - Creating Volume: /workdir/hadoop-ozone/integration-test/target/test-dir/MiniOzoneClusterImpl-0561fc2e-9288-4596-b687-0c9fb03504b1/datanode-5/data/containers/hdds of  storage type : DISK and capacity : 1482555576320
2019-09-20 10:24:20,039 [main] INFO  volume.VolumeSet (VolumeSet.java:initializeVolumeSet(170)) - Added Volume : /workdir/hadoop-ozone/integration-test/target/test-dir/MiniOzoneClusterImpl-0561fc2e-9288-4596-b687-0c9fb03504b1/datanode-5/data/containers/hdds to VolumeSet
2019-09-20 10:24:20,039 [main] INFO  volume.ThrottledAsyncChecker (ThrottledAsyncChecker.java:schedule(140)) - Scheduling a check for org.apache.hadoop.ozone.container.common.volume.HddsVolume@377e90b0
2019-09-20 10:24:20,040 [main] INFO  volume.HddsVolumeChecker (HddsVolumeChecker.java:checkAllVolumes(203)) - Scheduled health check for volume org.apache.hadoop.ozone.container.common.volume.HddsVolume@377e90b0
2019-09-20 10:24:20,060 [main] INFO  impl.RaftServerProxy (ConfUtils.java:logGet(43)) - raft.rpc.type = GRPC (default)
2019-09-20 10:24:20,060 [main] INFO  grpc.GrpcFactory (GrpcFactory.java:checkPooledByteBufAllocatorUseCacheForAllThreads(45)) - PERFORMANCE WARNING: useCacheForAllThreads is true that may cause Netty to create a lot garbage objects and, as a result, trigger GC.
	It is recommended to disable useCacheForAllThreads by setting -Dorg.apache.ratis.thirdparty.io.netty.allocator.useCacheForAllThreads=false in command line.
2019-09-20 10:24:20,060 [main] INFO  grpc.GrpcConfigKeys$Server (ConfUtils.java:logGet(43)) - raft.grpc.server.port = 0 (default)
2019-09-20 10:24:20,060 [main] INFO  server.GrpcService (ConfUtils.java:logGet(43)) - raft.grpc.message.size.max = 33570816 (custom)
2019-09-20 10:24:20,061 [main] INFO  server.RaftServerConfigKeys (ConfUtils.java:logGet(43)) - raft.server.log.appender.buffer.byte-limit = 33554432 (custom)
2019-09-20 10:24:20,061 [main] INFO  server.GrpcService (ConfUtils.java:logGet(43)) - raft.grpc.flow.control.window = 1MB (=1048576) (default)
2019-09-20 10:24:20,061 [main] INFO  server.RaftServerConfigKeys (ConfUtils.java:logGet(43)) - raft.server.rpc.request.timeout = 3000ms (default)
2019-09-20 10:24:20,061 [main] INFO  server.RaftServerConfigKeys (ConfUtils.java:logGet(43)) - raft.server.storage.dir = [/workdir/hadoop-ozone/integration-test/target/test-dir/MiniOzoneClusterImpl-0561fc2e-9288-4596-b687-0c9fb03504b1/datanode-5/data/ratis] (custom)
2019-09-20 10:24:20,062 [main] INFO  replication.SimpleContainerDownloader (SimpleContainerDownloader.java:<init>(72)) - Starting container downloader service to copy containers to replicate.
2019-09-20 10:24:20,063 [main] INFO  hdfs.DFSUtil (DFSUtil.java:httpServerTemplateForNNAndJN(1641)) - Starting Web-server for hddsDatanode at: http://0.0.0.0:0
2019-09-20 10:24:20,065 [main] INFO  server.AuthenticationFilter (AuthenticationFilter.java:constructSecretProvider(240)) - Unable to initialize FileSignerSecretProvider, falling back to use random secrets.
2019-09-20 10:24:20,065 [main] WARN  http.HttpRequestLog (HttpRequestLog.java:getRequestLog(97)) - Jetty request log can only be enabled using Log4j
2019-09-20 10:24:20,067 [main] INFO  http.HttpServer2 (HttpServer2.java:addGlobalFilter(975)) - Added global filter 'safety' (class=org.apache.hadoop.http.HttpServer2$QuotingInputFilter)
2019-09-20 10:24:20,068 [main] INFO  http.HttpServer2 (HttpServer2.java:addFilter(948)) - Added filter static_user_filter (class=org.apache.hadoop.http.lib.StaticUserWebFilter$StaticUserFilter) to context hddsDatanode
2019-09-20 10:24:20,068 [main] INFO  http.HttpServer2 (HttpServer2.java:addFilter(958)) - Added filter static_user_filter (class=org.apache.hadoop.http.lib.StaticUserWebFilter$StaticUserFilter) to context static
2019-09-20 10:24:20,068 [main] INFO  http.HttpServer2 (HttpServer2.java:addFilter(958)) - Added filter static_user_filter (class=org.apache.hadoop.http.lib.StaticUserWebFilter$StaticUserFilter) to context logs
2019-09-20 10:24:20,069 [main] INFO  http.HttpServer2 (HttpServer2.java:bindListener(1191)) - Jetty bound to port 33626
2019-09-20 10:24:20,069 [main] INFO  server.Server (Server.java:doStart(351)) - jetty-9.3.24.v20180605, build timestamp: 2018-06-05T17:11:56Z, git hash: 84205aa28f11a4f31f2a3b86d1bba2cc8ab69827
2019-09-20 10:24:20,071 [main] INFO  handler.ContextHandler (ContextHandler.java:doStart(781)) - Started o.e.j.s.ServletContextHandler@8b1202a{/logs,file:///workdir/hadoop-ozone/integration-test/target/log,AVAILABLE}
2019-09-20 10:24:20,072 [main] INFO  handler.ContextHandler (ContextHandler.java:doStart(781)) - Started o.e.j.s.ServletContextHandler@57839834{/static,jar:file:/home/user/.m2/repository/org/apache/hadoop/hadoop-hdds-container-service/0.5.0-SNAPSHOT/hadoop-hdds-container-service-0.5.0-SNAPSHOT.jar!/webapps/static,AVAILABLE}
2019-09-20 10:24:20,118 [main] INFO  handler.ContextHandler (ContextHandler.java:doStart(781)) - Started o.e.j.w.WebAppContext@413eaf5d{/,file:///tmp/jetty-0.0.0.0-33626-hddsDatanode-_-any-3105652627693746767.dir/webapp/,AVAILABLE}{/hddsDatanode}
2019-09-20 10:24:20,118 [main] INFO  server.AbstractConnector (AbstractConnector.java:doStart(278)) - Started ServerConnector@3e28af44{HTTP/1.1,[http/1.1]}{0.0.0.0:33626}
2019-09-20 10:24:20,122 [main] INFO  server.Server (Server.java:doStart(419)) - Started @21490ms
2019-09-20 10:24:20,123 [main] INFO  server.BaseHttpServer (BaseHttpServer.java:updateConnectorAddress(213)) - HTTP server of HDDSDATANODE is listening at http://0.0.0.0:33626
2019-09-20 10:24:20,238 | INFO  | SCMAudit | user=jenkins1000 | ip=192.168.36.99 | op=SEND_HEARTBEAT {datanodeUUID=66416d0b-a71c-4af1-ae3a-62ca63b880a3, command=[]} | ret=SUCCESS |  
2019-09-20 10:24:20,239 | INFO  | SCMAudit | user=jenkins1000 | ip=192.168.36.99 | op=SEND_HEARTBEAT {datanodeUUID=c3e532f8-1a8e-44f3-b56b-d765aee893af, command=[]} | ret=SUCCESS |  
2019-09-20 10:24:20,256 | INFO  | ObjectStoreRestHttpServer | Listening HDDS REST traffic on /0.0.0.0:37859 |  
2019-09-20 10:24:20,256 [main] INFO  ozone.HddsDatanodeService (HddsDatanodeService.java:startPlugins(395)) - Started plug-in org.apache.hadoop.ozone.web.OzoneHddsDatanodeService@41f90b10
2019-09-20 10:24:20,257 [main] INFO  impl.MetricsSystemImpl (MetricsSystemImpl.java:init(158)) - HddsDatanode metrics system started (again)
2019-09-20 10:24:20,282 [org.apache.hadoop.util.JvmPauseMonitor$Monitor@6bba239f] INFO  util.JvmPauseMonitor (JvmPauseMonitor.java:run(188)) - Starting JVM pause monitor
2019-09-20 10:24:20,284 [main] INFO  ozone.HddsDatanodeService (HddsDatanodeService.java:start(184)) - HddsDatanodeService host:pr-hdds-1569-p5fx8-1226042367 ip:192.168.36.99
2019-09-20 10:24:20,329 | INFO  | SCMAudit | user=jenkins1000 | ip=192.168.36.99 | op=SEND_HEARTBEAT {datanodeUUID=4d972e91-cb6b-45de-8bd2-c18af7abe58b, command=[]} | ret=SUCCESS |  
2019-09-20 10:24:20,392 | INFO  | SCMAudit | user=jenkins1000 | ip=192.168.36.99 | op=SEND_HEARTBEAT {datanodeUUID=17e2ba94-38a1-40e7-84e0-f6802901db84, command=[]} | ret=SUCCESS |  
2019-09-20 10:24:20,412 [Datanode State Machine Thread - 0] INFO  datanode.InitDatanodeState (InitDatanodeState.java:persistContainerDatanodeDetails(140)) - DatanodeDetails is persisted to /workdir/hadoop-ozone/integration-test/target/test-dir/MiniOzoneClusterImpl-0561fc2e-9288-4596-b687-0c9fb03504b1/datanode-5/meta/datanode.id
2019-09-20 10:24:20,426 [main] INFO  volume.HddsVolume (HddsVolume.java:<init>(176)) - Creating Volume: /workdir/hadoop-ozone/integration-test/target/test-dir/MiniOzoneClusterImpl-0561fc2e-9288-4596-b687-0c9fb03504b1/datanode-6/data/containers/hdds of  storage type : DISK and capacity : 1482555576320
2019-09-20 10:24:20,426 [main] INFO  volume.VolumeSet (VolumeSet.java:initializeVolumeSet(170)) - Added Volume : /workdir/hadoop-ozone/integration-test/target/test-dir/MiniOzoneClusterImpl-0561fc2e-9288-4596-b687-0c9fb03504b1/datanode-6/data/containers/hdds to VolumeSet
2019-09-20 10:24:20,427 [main] INFO  volume.ThrottledAsyncChecker (ThrottledAsyncChecker.java:schedule(140)) - Scheduling a check for org.apache.hadoop.ozone.container.common.volume.HddsVolume@45790cb
2019-09-20 10:24:20,427 [main] INFO  volume.HddsVolumeChecker (HddsVolumeChecker.java:checkAllVolumes(203)) - Scheduled health check for volume org.apache.hadoop.ozone.container.common.volume.HddsVolume@45790cb
2019-09-20 10:24:20,445 [main] INFO  impl.RaftServerProxy (ConfUtils.java:logGet(43)) - raft.rpc.type = GRPC (default)
2019-09-20 10:24:20,445 [main] INFO  grpc.GrpcFactory (GrpcFactory.java:checkPooledByteBufAllocatorUseCacheForAllThreads(45)) - PERFORMANCE WARNING: useCacheForAllThreads is true that may cause Netty to create a lot garbage objects and, as a result, trigger GC.
	It is recommended to disable useCacheForAllThreads by setting -Dorg.apache.ratis.thirdparty.io.netty.allocator.useCacheForAllThreads=false in command line.
2019-09-20 10:24:20,445 [main] INFO  grpc.GrpcConfigKeys$Server (ConfUtils.java:logGet(43)) - raft.grpc.server.port = 0 (default)
2019-09-20 10:24:20,446 [main] INFO  server.GrpcService (ConfUtils.java:logGet(43)) - raft.grpc.message.size.max = 33570816 (custom)
2019-09-20 10:24:20,446 [main] INFO  server.RaftServerConfigKeys (ConfUtils.java:logGet(43)) - raft.server.log.appender.buffer.byte-limit = 33554432 (custom)
2019-09-20 10:24:20,446 [main] INFO  server.GrpcService (ConfUtils.java:logGet(43)) - raft.grpc.flow.control.window = 1MB (=1048576) (default)
2019-09-20 10:24:20,446 [main] INFO  server.RaftServerConfigKeys (ConfUtils.java:logGet(43)) - raft.server.rpc.request.timeout = 3000ms (default)
2019-09-20 10:24:20,447 [main] INFO  server.RaftServerConfigKeys (ConfUtils.java:logGet(43)) - raft.server.storage.dir = [/workdir/hadoop-ozone/integration-test/target/test-dir/MiniOzoneClusterImpl-0561fc2e-9288-4596-b687-0c9fb03504b1/datanode-6/data/ratis] (custom)
2019-09-20 10:24:20,447 [main] INFO  replication.SimpleContainerDownloader (SimpleContainerDownloader.java:<init>(72)) - Starting container downloader service to copy containers to replicate.
2019-09-20 10:24:20,448 [main] INFO  hdfs.DFSUtil (DFSUtil.java:httpServerTemplateForNNAndJN(1641)) - Starting Web-server for hddsDatanode at: http://0.0.0.0:0
2019-09-20 10:24:20,449 [main] INFO  server.AuthenticationFilter (AuthenticationFilter.java:constructSecretProvider(240)) - Unable to initialize FileSignerSecretProvider, falling back to use random secrets.
2019-09-20 10:24:20,450 [main] WARN  http.HttpRequestLog (HttpRequestLog.java:getRequestLog(97)) - Jetty request log can only be enabled using Log4j
2019-09-20 10:24:20,454 [main] INFO  http.HttpServer2 (HttpServer2.java:addGlobalFilter(975)) - Added global filter 'safety' (class=org.apache.hadoop.http.HttpServer2$QuotingInputFilter)
2019-09-20 10:24:20,454 [main] INFO  http.HttpServer2 (HttpServer2.java:addFilter(948)) - Added filter static_user_filter (class=org.apache.hadoop.http.lib.StaticUserWebFilter$StaticUserFilter) to context hddsDatanode
2019-09-20 10:24:20,454 [main] INFO  http.HttpServer2 (HttpServer2.java:addFilter(958)) - Added filter static_user_filter (class=org.apache.hadoop.http.lib.StaticUserWebFilter$StaticUserFilter) to context logs
2019-09-20 10:24:20,455 [main] INFO  http.HttpServer2 (HttpServer2.java:addFilter(958)) - Added filter static_user_filter (class=org.apache.hadoop.http.lib.StaticUserWebFilter$StaticUserFilter) to context static
2019-09-20 10:24:20,455 [main] INFO  http.HttpServer2 (HttpServer2.java:bindListener(1191)) - Jetty bound to port 46397
2019-09-20 10:24:20,456 [main] INFO  server.Server (Server.java:doStart(351)) - jetty-9.3.24.v20180605, build timestamp: 2018-06-05T17:11:56Z, git hash: 84205aa28f11a4f31f2a3b86d1bba2cc8ab69827
2019-09-20 10:24:20,457 [main] INFO  handler.ContextHandler (ContextHandler.java:doStart(781)) - Started o.e.j.s.ServletContextHandler@7109b603{/logs,file:///workdir/hadoop-ozone/integration-test/target/log,AVAILABLE}
2019-09-20 10:24:20,458 [main] INFO  handler.ContextHandler (ContextHandler.java:doStart(781)) - Started o.e.j.s.ServletContextHandler@29b5e7db{/static,jar:file:/home/user/.m2/repository/org/apache/hadoop/hadoop-hdds-container-service/0.5.0-SNAPSHOT/hadoop-hdds-container-service-0.5.0-SNAPSHOT.jar!/webapps/static,AVAILABLE}
2019-09-20 10:24:20,481 [main] INFO  handler.ContextHandler (ContextHandler.java:doStart(781)) - Started o.e.j.w.WebAppContext@26712838{/,file:///tmp/jetty-0.0.0.0-46397-hddsDatanode-_-any-4714031047843636547.dir/webapp/,AVAILABLE}{/hddsDatanode}
2019-09-20 10:24:20,482 [main] INFO  server.AbstractConnector (AbstractConnector.java:doStart(278)) - Started ServerConnector@249a45fd{HTTP/1.1,[http/1.1]}{0.0.0.0:46397}
2019-09-20 10:24:20,484 [main] INFO  server.Server (Server.java:doStart(419)) - Started @21852ms
2019-09-20 10:24:20,485 [main] INFO  server.BaseHttpServer (BaseHttpServer.java:updateConnectorAddress(213)) - HTTP server of HDDSDATANODE is listening at http://0.0.0.0:46397
2019-09-20 10:24:20,594 | INFO  | ObjectStoreRestHttpServer | Listening HDDS REST traffic on /0.0.0.0:41591 |  
2019-09-20 10:24:20,594 [main] INFO  ozone.HddsDatanodeService (HddsDatanodeService.java:startPlugins(395)) - Started plug-in org.apache.hadoop.ozone.web.OzoneHddsDatanodeService@50d666a2
2019-09-20 10:24:20,595 [main] INFO  ozone.MiniOzoneClusterImpl (MiniOzoneClusterImpl.java:lambda$waitForClusterToBeReady$0(142)) - Waiting for cluster to be ready. Got 0 of 7 DN Heartbeats.
2019-09-20 10:24:20,596 | INFO  | SCMAudit | user=jenkins1000 | ip=192.168.36.99 | op=SEND_HEARTBEAT {datanodeUUID=1ab786b9-c79c-4265-88a1-5b3344c6beda, command=[]} | ret=SUCCESS |  
2019-09-20 10:24:20,596 [org.apache.hadoop.util.JvmPauseMonitor$Monitor@458a4fee] INFO  util.JvmPauseMonitor (JvmPauseMonitor.java:run(188)) - Starting JVM pause monitor
2019-09-20 10:24:20,599 [Datanode State Machine Thread - 0] INFO  datanode.InitDatanodeState (InitDatanodeState.java:persistContainerDatanodeDetails(140)) - DatanodeDetails is persisted to /workdir/hadoop-ozone/integration-test/target/test-dir/MiniOzoneClusterImpl-0561fc2e-9288-4596-b687-0c9fb03504b1/datanode-6/meta/datanode.id
2019-09-20 10:24:20,680 | INFO  | SCMAudit | user=jenkins1000 | ip=192.168.36.99 | op=SEND_HEARTBEAT {datanodeUUID=3d6f3241-e73c-473a-ad0b-c7be2f7e1dda, command=[]} | ret=SUCCESS |  
2019-09-20 10:24:20,843 | INFO  | SCMAudit | user=jenkins1000 | ip=192.168.36.99 | op=SEND_HEARTBEAT {datanodeUUID=7af711bd-b5ae-4a73-a8be-b970cae6c2d1, command=[]} | ret=SUCCESS |  
2019-09-20 10:24:20,981 | INFO  | SCMAudit | user=jenkins1000 | ip=192.168.36.99 | op=GET_VERSION null | ret=SUCCESS |  
2019-09-20 10:24:21,027 [Datanode State Machine Thread - 0] INFO  ozoneimpl.OzoneContainer (OzoneContainer.java:start(186)) - Attempting to start container services.
2019-09-20 10:24:21,028 [Datanode State Machine Thread - 0] INFO  ozoneimpl.OzoneContainer (OzoneContainer.java:startContainerScrub(160)) - Background container scrubber has been disabled by hdds.containerscrub.enabled
2019-09-20 10:24:21,028 [Datanode State Machine Thread - 0] INFO  ratis.XceiverServerRatis (XceiverServerRatis.java:start(404)) - Starting XceiverServerRatis 60260ec1-e192-4b95-89c8-d924d16a77a9 at port 0
2019-09-20 10:24:21,036 [Datanode State Machine Thread - 0] INFO  impl.RaftServerProxy (RaftServerProxy.java:lambda$start$3(299)) - 60260ec1-e192-4b95-89c8-d924d16a77a9: start RPC server
2019-09-20 10:24:21,038 [Datanode State Machine Thread - 0] INFO  server.GrpcService (GrpcService.java:startImpl(149)) - 60260ec1-e192-4b95-89c8-d924d16a77a9: GrpcService started, listening on 0.0.0.0/0.0.0.0:34923
2019-09-20 10:24:21,038 [Datanode State Machine Thread - 0] INFO  ratis.XceiverServerRatis (XceiverServerRatis.java:start(414)) - XceiverServerRatis 60260ec1-e192-4b95-89c8-d924d16a77a9 is started using port 34923
2019-09-20 10:24:21,039 [Datanode State Machine Thread - 0] INFO  server.XceiverServerGrpc (XceiverServerGrpc.java:start(163)) - XceiverServerGrpc 60260ec1-e192-4b95-89c8-d924d16a77a9 is started using port 42991
2019-09-20 10:24:21,235 | INFO  | SCMAudit | user=jenkins1000 | ip=192.168.36.99 | op=GET_VERSION null | ret=SUCCESS |  
2019-09-20 10:24:21,243 | INFO  | SCMAudit | user=jenkins1000 | ip=192.168.36.99 | op=SEND_HEARTBEAT {datanodeUUID=66416d0b-a71c-4af1-ae3a-62ca63b880a3, command=[]} | ret=SUCCESS |  
2019-09-20 10:24:21,243 | INFO  | SCMAudit | user=jenkins1000 | ip=192.168.36.99 | op=SEND_HEARTBEAT {datanodeUUID=c3e532f8-1a8e-44f3-b56b-d765aee893af, command=[]} | ret=SUCCESS |  
2019-09-20 10:24:21,261 [Datanode State Machine Thread - 0] INFO  ozoneimpl.OzoneContainer (OzoneContainer.java:start(186)) - Attempting to start container services.
2019-09-20 10:24:21,261 [Datanode State Machine Thread - 0] INFO  ozoneimpl.OzoneContainer (OzoneContainer.java:startContainerScrub(160)) - Background container scrubber has been disabled by hdds.containerscrub.enabled
2019-09-20 10:24:21,261 [Datanode State Machine Thread - 0] INFO  ratis.XceiverServerRatis (XceiverServerRatis.java:start(404)) - Starting XceiverServerRatis d2ed2d9b-7ac7-460e-84f6-6d9d6066f76d at port 0
2019-09-20 10:24:21,269 [Datanode State Machine Thread - 0] INFO  impl.RaftServerProxy (RaftServerProxy.java:lambda$start$3(299)) - d2ed2d9b-7ac7-460e-84f6-6d9d6066f76d: start RPC server
2019-09-20 10:24:21,270 [Datanode State Machine Thread - 0] INFO  server.GrpcService (GrpcService.java:startImpl(149)) - d2ed2d9b-7ac7-460e-84f6-6d9d6066f76d: GrpcService started, listening on 0.0.0.0/0.0.0.0:37669
2019-09-20 10:24:21,271 [Datanode State Machine Thread - 0] INFO  ratis.XceiverServerRatis (XceiverServerRatis.java:start(414)) - XceiverServerRatis d2ed2d9b-7ac7-460e-84f6-6d9d6066f76d is started using port 37669
2019-09-20 10:24:21,271 [Datanode State Machine Thread - 0] INFO  server.XceiverServerGrpc (XceiverServerGrpc.java:start(163)) - XceiverServerGrpc d2ed2d9b-7ac7-460e-84f6-6d9d6066f76d is started using port 32820
2019-09-20 10:24:21,329 | INFO  | SCMAudit | user=jenkins1000 | ip=192.168.36.99 | op=SEND_HEARTBEAT {datanodeUUID=4d972e91-cb6b-45de-8bd2-c18af7abe58b, command=[]} | ret=SUCCESS |  
2019-09-20 10:24:21,391 | INFO  | SCMAudit | user=jenkins1000 | ip=192.168.36.99 | op=SEND_HEARTBEAT {datanodeUUID=17e2ba94-38a1-40e7-84e0-f6802901db84, command=[]} | ret=SUCCESS |  
2019-09-20 10:24:21,489 | INFO  | SCMAudit | user=jenkins1000 | ip=192.168.36.99 | op=GET_VERSION null | ret=SUCCESS |  
2019-09-20 10:24:21,511 [Datanode State Machine Thread - 0] INFO  ozoneimpl.OzoneContainer (OzoneContainer.java:start(186)) - Attempting to start container services.
2019-09-20 10:24:21,512 [Datanode State Machine Thread - 0] INFO  ozoneimpl.OzoneContainer (OzoneContainer.java:startContainerScrub(160)) - Background container scrubber has been disabled by hdds.containerscrub.enabled
2019-09-20 10:24:21,512 [Datanode State Machine Thread - 0] INFO  ratis.XceiverServerRatis (XceiverServerRatis.java:start(404)) - Starting XceiverServerRatis 54207fe5-d92c-4c2e-b058-fbae630dabef at port 0
2019-09-20 10:24:21,519 [Datanode State Machine Thread - 0] INFO  impl.RaftServerProxy (RaftServerProxy.java:lambda$start$3(299)) - 54207fe5-d92c-4c2e-b058-fbae630dabef: start RPC server
2019-09-20 10:24:21,537 [Datanode State Machine Thread - 0] INFO  server.GrpcService (GrpcService.java:startImpl(149)) - 54207fe5-d92c-4c2e-b058-fbae630dabef: GrpcService started, listening on 0.0.0.0/0.0.0.0:37075
2019-09-20 10:24:21,537 [Datanode State Machine Thread - 0] INFO  ratis.XceiverServerRatis (XceiverServerRatis.java:start(414)) - XceiverServerRatis 54207fe5-d92c-4c2e-b058-fbae630dabef is started using port 37075
2019-09-20 10:24:21,553 [Datanode State Machine Thread - 0] INFO  server.XceiverServerGrpc (XceiverServerGrpc.java:start(163)) - XceiverServerGrpc 54207fe5-d92c-4c2e-b058-fbae630dabef is started using port 38028
2019-09-20 10:24:21,595 [main] INFO  ozone.MiniOzoneClusterImpl (MiniOzoneClusterImpl.java:lambda$waitForClusterToBeReady$0(142)) - Waiting for cluster to be ready. Got 0 of 7 DN Heartbeats.
2019-09-20 10:24:21,595 | INFO  | SCMAudit | user=jenkins1000 | ip=192.168.36.99 | op=SEND_HEARTBEAT {datanodeUUID=1ab786b9-c79c-4265-88a1-5b3344c6beda, command=[]} | ret=SUCCESS |  
2019-09-20 10:24:21,680 | INFO  | SCMAudit | user=jenkins1000 | ip=192.168.36.99 | op=SEND_HEARTBEAT {datanodeUUID=3d6f3241-e73c-473a-ad0b-c7be2f7e1dda, command=[]} | ret=SUCCESS |  
2019-09-20 10:24:21,772 | INFO  | SCMAudit | user=jenkins1000 | ip=192.168.36.99 | op=GET_VERSION null | ret=SUCCESS |  
2019-09-20 10:24:21,803 [Datanode State Machine Thread - 0] INFO  ozoneimpl.OzoneContainer (OzoneContainer.java:start(186)) - Attempting to start container services.
2019-09-20 10:24:21,804 [Datanode State Machine Thread - 0] INFO  ozoneimpl.OzoneContainer (OzoneContainer.java:startContainerScrub(160)) - Background container scrubber has been disabled by hdds.containerscrub.enabled
2019-09-20 10:24:21,804 [Datanode State Machine Thread - 0] INFO  ratis.XceiverServerRatis (XceiverServerRatis.java:start(404)) - Starting XceiverServerRatis 6491c372-a595-4104-b3e9-c4f3293baafa at port 0
2019-09-20 10:24:21,811 [Datanode State Machine Thread - 0] INFO  impl.RaftServerProxy (RaftServerProxy.java:lambda$start$3(299)) - 6491c372-a595-4104-b3e9-c4f3293baafa: start RPC server
2019-09-20 10:24:21,813 [Datanode State Machine Thread - 0] INFO  server.GrpcService (GrpcService.java:startImpl(149)) - 6491c372-a595-4104-b3e9-c4f3293baafa: GrpcService started, listening on 0.0.0.0/0.0.0.0:41491
2019-09-20 10:24:21,813 [Datanode State Machine Thread - 0] INFO  ratis.XceiverServerRatis (XceiverServerRatis.java:start(414)) - XceiverServerRatis 6491c372-a595-4104-b3e9-c4f3293baafa is started using port 41491
2019-09-20 10:24:21,814 [Datanode State Machine Thread - 0] INFO  server.XceiverServerGrpc (XceiverServerGrpc.java:start(163)) - XceiverServerGrpc 6491c372-a595-4104-b3e9-c4f3293baafa is started using port 46141
2019-09-20 10:24:21,843 | INFO  | SCMAudit | user=jenkins1000 | ip=192.168.36.99 | op=SEND_HEARTBEAT {datanodeUUID=7af711bd-b5ae-4a73-a8be-b970cae6c2d1, command=[]} | ret=SUCCESS |  
2019-09-20 10:24:22,023 | INFO  | SCMAudit | user=jenkins1000 | ip=192.168.36.99 | op=GET_VERSION null | ret=SUCCESS |  
2019-09-20 10:24:22,045 [Datanode State Machine Thread - 0] INFO  ozoneimpl.OzoneContainer (OzoneContainer.java:start(186)) - Attempting to start container services.
2019-09-20 10:24:22,046 [Datanode State Machine Thread - 0] INFO  ozoneimpl.OzoneContainer (OzoneContainer.java:startContainerScrub(160)) - Background container scrubber has been disabled by hdds.containerscrub.enabled
2019-09-20 10:24:22,046 [Datanode State Machine Thread - 0] INFO  ratis.XceiverServerRatis (XceiverServerRatis.java:start(404)) - Starting XceiverServerRatis 9e03ffa9-cf79-407a-a150-4c035e5aec5e at port 0
2019-09-20 10:24:22,054 [Datanode State Machine Thread - 0] INFO  impl.RaftServerProxy (RaftServerProxy.java:lambda$start$3(299)) - 9e03ffa9-cf79-407a-a150-4c035e5aec5e: start RPC server
2019-09-20 10:24:22,056 [Datanode State Machine Thread - 0] INFO  server.GrpcService (GrpcService.java:startImpl(149)) - 9e03ffa9-cf79-407a-a150-4c035e5aec5e: GrpcService started, listening on 0.0.0.0/0.0.0.0:38182
2019-09-20 10:24:22,056 [Datanode State Machine Thread - 0] INFO  ratis.XceiverServerRatis (XceiverServerRatis.java:start(414)) - XceiverServerRatis 9e03ffa9-cf79-407a-a150-4c035e5aec5e is started using port 38182
2019-09-20 10:24:22,057 [Datanode State Machine Thread - 0] INFO  server.XceiverServerGrpc (XceiverServerGrpc.java:start(163)) - XceiverServerGrpc 9e03ffa9-cf79-407a-a150-4c035e5aec5e is started using port 36021
2019-09-20 10:24:22,242 | INFO  | SCMAudit | user=jenkins1000 | ip=192.168.36.99 | op=SEND_HEARTBEAT {datanodeUUID=66416d0b-a71c-4af1-ae3a-62ca63b880a3, command=[]} | ret=SUCCESS |  
2019-09-20 10:24:22,242 | INFO  | SCMAudit | user=jenkins1000 | ip=192.168.36.99 | op=SEND_HEARTBEAT {datanodeUUID=c3e532f8-1a8e-44f3-b56b-d765aee893af, command=[]} | ret=SUCCESS |  
2019-09-20 10:24:22,284 | INFO  | SCMAudit | user=jenkins1000 | ip=192.168.36.99 | op=GET_VERSION null | ret=SUCCESS |  
2019-09-20 10:24:22,304 [Datanode State Machine Thread - 0] INFO  ozoneimpl.OzoneContainer (OzoneContainer.java:start(186)) - Attempting to start container services.
2019-09-20 10:24:22,304 [Datanode State Machine Thread - 0] INFO  ozoneimpl.OzoneContainer (OzoneContainer.java:startContainerScrub(160)) - Background container scrubber has been disabled by hdds.containerscrub.enabled
2019-09-20 10:24:22,304 [Datanode State Machine Thread - 0] INFO  ratis.XceiverServerRatis (XceiverServerRatis.java:start(404)) - Starting XceiverServerRatis 19fb8383-7c99-4449-b95c-a26e71717844 at port 0
2019-09-20 10:24:22,313 [Datanode State Machine Thread - 0] INFO  impl.RaftServerProxy (RaftServerProxy.java:lambda$start$3(299)) - 19fb8383-7c99-4449-b95c-a26e71717844: start RPC server
2019-09-20 10:24:22,314 [Datanode State Machine Thread - 0] INFO  server.GrpcService (GrpcService.java:startImpl(149)) - 19fb8383-7c99-4449-b95c-a26e71717844: GrpcService started, listening on 0.0.0.0/0.0.0.0:38491
2019-09-20 10:24:22,314 [Datanode State Machine Thread - 0] INFO  ratis.XceiverServerRatis (XceiverServerRatis.java:start(414)) - XceiverServerRatis 19fb8383-7c99-4449-b95c-a26e71717844 is started using port 38491
2019-09-20 10:24:22,321 [Datanode State Machine Thread - 0] INFO  server.XceiverServerGrpc (XceiverServerGrpc.java:start(163)) - XceiverServerGrpc 19fb8383-7c99-4449-b95c-a26e71717844 is started using port 34737
2019-09-20 10:24:22,329 | INFO  | SCMAudit | user=jenkins1000 | ip=192.168.36.99 | op=SEND_HEARTBEAT {datanodeUUID=4d972e91-cb6b-45de-8bd2-c18af7abe58b, command=[]} | ret=SUCCESS |  
2019-09-20 10:24:22,391 | INFO  | SCMAudit | user=jenkins1000 | ip=192.168.36.99 | op=SEND_HEARTBEAT {datanodeUUID=17e2ba94-38a1-40e7-84e0-f6802901db84, command=[]} | ret=SUCCESS |  
2019-09-20 10:24:22,596 | INFO  | SCMAudit | user=jenkins1000 | ip=192.168.36.99 | op=SEND_HEARTBEAT {datanodeUUID=1ab786b9-c79c-4265-88a1-5b3344c6beda, command=[]} | ret=SUCCESS |  
2019-09-20 10:24:22,596 [main] INFO  ozone.MiniOzoneClusterImpl (MiniOzoneClusterImpl.java:lambda$waitForClusterToBeReady$0(142)) - Waiting for cluster to be ready. Got 0 of 7 DN Heartbeats.
2019-09-20 10:24:22,598 | INFO  | SCMAudit | user=jenkins1000 | ip=192.168.36.99 | op=GET_VERSION null | ret=SUCCESS |  
2019-09-20 10:24:22,629 [Datanode State Machine Thread - 0] INFO  ozoneimpl.OzoneContainer (OzoneContainer.java:start(186)) - Attempting to start container services.
2019-09-20 10:24:22,629 [Datanode State Machine Thread - 0] INFO  ozoneimpl.OzoneContainer (OzoneContainer.java:startContainerScrub(160)) - Background container scrubber has been disabled by hdds.containerscrub.enabled
2019-09-20 10:24:22,630 [Datanode State Machine Thread - 0] INFO  ratis.XceiverServerRatis (XceiverServerRatis.java:start(404)) - Starting XceiverServerRatis 468be06f-55e9-4831-ba6b-3db017451a79 at port 0
2019-09-20 10:24:22,638 [Datanode State Machine Thread - 0] INFO  impl.RaftServerProxy (RaftServerProxy.java:lambda$start$3(299)) - 468be06f-55e9-4831-ba6b-3db017451a79: start RPC server
2019-09-20 10:24:22,639 [Datanode State Machine Thread - 0] INFO  server.GrpcService (GrpcService.java:startImpl(149)) - 468be06f-55e9-4831-ba6b-3db017451a79: GrpcService started, listening on 0.0.0.0/0.0.0.0:34815
2019-09-20 10:24:22,639 [Datanode State Machine Thread - 0] INFO  ratis.XceiverServerRatis (XceiverServerRatis.java:start(414)) - XceiverServerRatis 468be06f-55e9-4831-ba6b-3db017451a79 is started using port 34815
2019-09-20 10:24:22,640 [Datanode State Machine Thread - 0] INFO  server.XceiverServerGrpc (XceiverServerGrpc.java:start(163)) - XceiverServerGrpc 468be06f-55e9-4831-ba6b-3db017451a79 is started using port 33655
2019-09-20 10:24:22,680 | INFO  | SCMAudit | user=jenkins1000 | ip=192.168.36.99 | op=SEND_HEARTBEAT {datanodeUUID=3d6f3241-e73c-473a-ad0b-c7be2f7e1dda, command=[]} | ret=SUCCESS |  
2019-09-20 10:24:22,843 | INFO  | SCMAudit | user=jenkins1000 | ip=192.168.36.99 | op=SEND_HEARTBEAT {datanodeUUID=7af711bd-b5ae-4a73-a8be-b970cae6c2d1, command=[]} | ret=SUCCESS |  
2019-09-20 10:24:22,980 [IPC Server handler 1 on 39538] INFO  net.NetworkTopology (NetworkTopologyImpl.java:add(110)) - Added a new node: /default-rack/60260ec1-e192-4b95-89c8-d924d16a77a9
2019-09-20 10:24:22,984 [IPC Server handler 1 on 39538] INFO  node.SCMNodeManager (SCMNodeManager.java:register(273)) - Registered Data node : 60260ec1-e192-4b95-89c8-d924d16a77a9{ip: 192.168.36.99, host: pr-hdds-1569-p5fx8-1226042367, networkLocation: /default-rack, certSerialId: null}
2019-09-20 10:24:22,986 [EventQueue-NodeRegistrationContainerReportForDataNodeSafeModeRule] INFO  safemode.SCMSafeModeManager (DataNodeSafeModeRule.java:process(71)) - SCM in safe mode. 1 DataNodes registered, 1 required.
2019-09-20 10:24:22,986 | INFO  | SCMAudit | user=jenkins1000 | ip=192.168.36.99 | op=REGISTER {datanodeDetails=60260ec1-e192-4b95-89c8-d924d16a77a9{ip: 192.168.36.99, host: pr-hdds-1569-p5fx8-1226042367, networkLocation: /default-rack, certSerialId: null}} | ret=SUCCESS |  
2019-09-20 10:24:22,990 [EventQueue-NodeRegistrationContainerReportForDataNodeSafeModeRule] INFO  safemode.SCMSafeModeManager (SCMSafeModeManager.java:validateSafeModeExitRules(177)) - ScmSafeModeManager, all rules are successfully validated
2019-09-20 10:24:22,990 [EventQueue-NodeRegistrationContainerReportForDataNodeSafeModeRule] INFO  safemode.SCMSafeModeManager (SCMSafeModeManager.java:exitSafeMode(193)) - SCM exiting safe mode.
2019-09-20 10:24:23,016 [grpc-default-executor-0] INFO  impl.RaftServerProxy (RaftServerProxy.java:addNew(89)) - 60260ec1-e192-4b95-89c8-d924d16a77a9: addNew group-9ED848AF6C6E:[60260ec1-e192-4b95-89c8-d924d16a77a9:192.168.36.99:34923] returns group-9ED848AF6C6E:java.util.concurrent.CompletableFuture@75b4b509[Not completed]
2019-09-20 10:24:23,018 [pool-123-thread-1] INFO  impl.RaftServerImpl (RaftServerImpl.java:<init>(93)) - 60260ec1-e192-4b95-89c8-d924d16a77a9: new RaftServerImpl for group-9ED848AF6C6E:[60260ec1-e192-4b95-89c8-d924d16a77a9:192.168.36.99:34923] with ContainerStateMachine:uninitialized
2019-09-20 10:24:23,018 [pool-123-thread-1] INFO  server.RaftServerConfigKeys (ConfUtils.java:logGet(43)) - raft.server.rpc.timeout.min = 5s (custom)
2019-09-20 10:24:23,019 [pool-123-thread-1] INFO  server.RaftServerConfigKeys (ConfUtils.java:logGet(43)) - raft.server.rpc.timeout.max = 5200ms (custom)
2019-09-20 10:24:23,019 [pool-123-thread-1] INFO  server.RaftServerConfigKeys (ConfUtils.java:logGet(43)) - raft.server.rpcslowness.timeout = 120s (custom)
2019-09-20 10:24:23,019 [pool-123-thread-1] INFO  server.RaftServerConfigKeys (ConfUtils.java:logGet(43)) - raft.server.sleep.deviation.threshold = 300 (default)
2019-09-20 10:24:23,019 [pool-123-thread-1] INFO  server.RaftServerConfigKeys (ConfUtils.java:logGet(43)) - raft.server.log.appender.install.snapshot.enabled = false (custom)
2019-09-20 10:24:23,019 [pool-123-thread-1] INFO  impl.RaftServerImpl (ServerState.java:<init>(105)) - 60260ec1-e192-4b95-89c8-d924d16a77a9:group-9ED848AF6C6E ConfigurationManager, init=-1: [60260ec1-e192-4b95-89c8-d924d16a77a9:192.168.36.99:34923], old=null, confs=<EMPTY_MAP>
2019-09-20 10:24:23,020 [pool-123-thread-1] INFO  server.RaftServerConfigKeys (ConfUtils.java:logGet(43)) - raft.server.storage.dir = [/workdir/hadoop-ozone/integration-test/target/test-dir/MiniOzoneClusterImpl-0561fc2e-9288-4596-b687-0c9fb03504b1/datanode-0/data/ratis] (custom)
2019-09-20 10:24:23,022 [pool-123-thread-1] INFO  storage.RaftStorageDirectory (RaftStorageDirectory.java:analyzeStorage(246)) - The storage directory /workdir/hadoop-ozone/integration-test/target/test-dir/MiniOzoneClusterImpl-0561fc2e-9288-4596-b687-0c9fb03504b1/datanode-0/data/ratis/892085f9-28f3-47af-8bcc-9ed848af6c6e does not exist. Creating ...
2019-09-20 10:24:23,054 [pool-123-thread-1] INFO  storage.RaftStorageDirectory (RaftStorageDirectory.java:tryLock(328)) - Lock on /workdir/hadoop-ozone/integration-test/target/test-dir/MiniOzoneClusterImpl-0561fc2e-9288-4596-b687-0c9fb03504b1/datanode-0/data/ratis/892085f9-28f3-47af-8bcc-9ed848af6c6e/in_use.lock acquired by nodename 28506@pr-hdds-1569-p5fx8-1226042367
2019-09-20 10:24:23,072 [pool-123-thread-1] INFO  storage.RaftStorage (RaftStorage.java:format(72)) - Storage directory /workdir/hadoop-ozone/integration-test/target/test-dir/MiniOzoneClusterImpl-0561fc2e-9288-4596-b687-0c9fb03504b1/datanode-0/data/ratis/892085f9-28f3-47af-8bcc-9ed848af6c6e has been successfully formatted.
2019-09-20 10:24:23,072 [pool-123-thread-1] INFO  ratis.ContainerStateMachine (ContainerStateMachine.java:loadSnapshot(226)) - group-9ED848AF6C6E: The snapshot info is null. Setting the last applied indexto:(t:0, i:~)
2019-09-20 10:24:23,072 [pool-123-thread-1] INFO  server.RaftServerConfigKeys (ConfUtils.java:logGet(43)) - raft.server.leader.election.timeout = 120s (custom)
2019-09-20 10:24:23,072 [pool-123-thread-1] INFO  server.RaftServerConfigKeys (ConfUtils.java:logGet(43)) - raft.server.log.use.memory = false (default)
2019-09-20 10:24:23,073 [pool-123-thread-1] INFO  server.RaftServerConfigKeys (ConfUtils.java:logGet(43)) - raft.server.log.purge.gap = 1000000 (custom)
2019-09-20 10:24:23,073 [pool-123-thread-1] INFO  server.RaftServerConfigKeys (ConfUtils.java:logGet(43)) - raft.server.log.appender.buffer.byte-limit = 33554432 (custom)
2019-09-20 10:24:23,073 [pool-123-thread-1] INFO  server.RaftServerConfigKeys (ConfUtils.java:logGet(43)) - raft.server.log.segment.size.max = 1048576 (custom)
2019-09-20 10:24:23,073 [pool-123-thread-1] INFO  server.RaftServerConfigKeys (ConfUtils.java:logGet(43)) - raft.server.log.segment.cache.num.max = 2 (custom)
2019-09-20 10:24:23,073 [pool-123-thread-1] INFO  segmented.SegmentedRaftLogWorker (SegmentedRaftLogWorker.java:<init>(172)) - new 60260ec1-e192-4b95-89c8-d924d16a77a9-SegmentedRaftLogWorker:Storage Directory /workdir/hadoop-ozone/integration-test/target/test-dir/MiniOzoneClusterImpl-0561fc2e-9288-4596-b687-0c9fb03504b1/datanode-0/data/ratis/892085f9-28f3-47af-8bcc-9ed848af6c6e for RaftStorage:Storage Directory /workdir/hadoop-ozone/integration-test/target/test-dir/MiniOzoneClusterImpl-0561fc2e-9288-4596-b687-0c9fb03504b1/datanode-0/data/ratis/892085f9-28f3-47af-8bcc-9ed848af6c6e
2019-09-20 10:24:23,074 [pool-123-thread-1] INFO  server.RaftServerConfigKeys (ConfUtils.java:logGet(43)) - raft.server.log.queue.byte-limit = 2147483647 (custom)
2019-09-20 10:24:23,074 [pool-123-thread-1] INFO  server.RaftServerConfigKeys (ConfUtils.java:logGet(43)) - raft.server.log.queue.element-limit = 1024 (custom)
2019-09-20 10:24:23,074 [pool-123-thread-1] INFO  server.RaftServerConfigKeys (ConfUtils.java:logGet(43)) - raft.server.log.segment.size.max = 1048576 (custom)
2019-09-20 10:24:23,074 [pool-123-thread-1] INFO  server.RaftServerConfigKeys (ConfUtils.java:logGet(43)) - raft.server.log.preallocated.size = 16384 (custom)
2019-09-20 10:24:23,074 [pool-123-thread-1] INFO  server.RaftServerConfigKeys (ConfUtils.java:logGet(43)) - raft.server.log.write.buffer.size = 33554432 (custom)
2019-09-20 10:24:23,075 [pool-123-thread-1] INFO  server.RaftServerConfigKeys (ConfUtils.java:logGet(43)) - raft.server.log.force.sync.num = 128 (default)
2019-09-20 10:24:23,075 [pool-123-thread-1] INFO  server.RaftServerConfigKeys (ConfUtils.java:logGet(43)) - raft.server.log.statemachine.data.sync = true (default)
2019-09-20 10:24:23,075 [pool-123-thread-1] INFO  server.RaftServerConfigKeys (ConfUtils.java:logGet(43)) - raft.server.log.statemachine.data.sync.timeout = 10s (default)
2019-09-20 10:24:23,075 [pool-123-thread-1] INFO  server.RaftServerConfigKeys (ConfUtils.java:logGet(43)) - raft.server.log.statemachine.data.sync.timeout.retry = -1 (default)
2019-09-20 10:24:23,075 [pool-123-thread-1] INFO  server.RaftServerConfigKeys (ConfUtils.java:logGet(43)) - raft.server.log.statemachine.data.caching.enabled = true (custom)
2019-09-20 10:24:23,076 [pool-123-thread-1] INFO  segmented.SegmentedRaftLogWorker (SegmentedRaftLogWorker.java:lambda$new$0(132)) - 60260ec1-e192-4b95-89c8-d924d16a77a9-SegmentedRaftLogWorker:Storage Directory /workdir/hadoop-ozone/integration-test/target/test-dir/MiniOzoneClusterImpl-0561fc2e-9288-4596-b687-0c9fb03504b1/datanode-0/data/ratis/892085f9-28f3-47af-8bcc-9ed848af6c6e: flushIndex: setUnconditionally 0 -> -1
2019-09-20 10:24:23,076 [pool-123-thread-1] INFO  server.RaftServerConfigKeys (ConfUtils.java:logGet(43)) - raft.server.snapshot.auto.trigger.enabled = true (custom)
2019-09-20 10:24:23,077 [pool-123-thread-1] INFO  server.RaftServerConfigKeys (ConfUtils.java:logGet(43)) - raft.server.snapshot.auto.trigger.threshold = 10000 (custom)
2019-09-20 10:24:23,077 [pool-123-thread-1] INFO  server.RaftServerConfigKeys (ConfUtils.java:logGet(43)) - raft.server.retrycache.expirytime = 600000ms (custom)
2019-09-20 10:24:23,077 [pool-123-thread-1] INFO  impl.RaftServerImpl (RaftServerImpl.java:start(180)) - 60260ec1-e192-4b95-89c8-d924d16a77a9: start group-9ED848AF6C6E
2019-09-20 10:24:23,077 [pool-123-thread-1] INFO  impl.RaftServerImpl (RaftServerImpl.java:setRole(171)) - 60260ec1-e192-4b95-89c8-d924d16a77a9:group-9ED848AF6C6E changes role from null to FOLLOWER at term 0 for startAsFollower
2019-09-20 10:24:23,077 [pool-123-thread-1] INFO  impl.RoleInfo (RoleInfo.java:updateAndGet(143)) - 60260ec1-e192-4b95-89c8-d924d16a77a9: start FollowerState
2019-09-20 10:24:23,078 [pool-123-thread-1] INFO  util.JmxRegister (JmxRegister.java:tryRegister(44)) - Successfully registered JMX Bean with object name Ratis:service=RaftServer,group=group-9ED848AF6C6E,id=60260ec1-e192-4b95-89c8-d924d16a77a9
2019-09-20 10:24:23,104 [RatisPipelineUtilsThread] INFO  pipeline.PipelineStateManager (PipelineStateManager.java:addPipeline(56)) - Created pipeline Pipeline[ Id: 892085f9-28f3-47af-8bcc-9ed848af6c6e, Nodes: 60260ec1-e192-4b95-89c8-d924d16a77a9{ip: 192.168.36.99, host: pr-hdds-1569-p5fx8-1226042367, networkLocation: /default-rack, certSerialId: null}, Type:RATIS, Factor:ONE, State:OPEN]
2019-09-20 10:24:23,112 [grpc-default-executor-0] INFO  impl.RaftServerProxy (RaftServerProxy.java:addNew(89)) - 60260ec1-e192-4b95-89c8-d924d16a77a9: addNew group-14C8E7398B5B:[60260ec1-e192-4b95-89c8-d924d16a77a9:192.168.36.99:34923] returns group-14C8E7398B5B:java.util.concurrent.CompletableFuture@31c6e901[Not completed]
2019-09-20 10:24:23,113 [pool-123-thread-1] INFO  impl.RaftServerImpl (RaftServerImpl.java:<init>(93)) - 60260ec1-e192-4b95-89c8-d924d16a77a9: new RaftServerImpl for group-14C8E7398B5B:[60260ec1-e192-4b95-89c8-d924d16a77a9:192.168.36.99:34923] with ContainerStateMachine:uninitialized
2019-09-20 10:24:23,114 [pool-123-thread-1] INFO  server.RaftServerConfigKeys (ConfUtils.java:logGet(43)) - raft.server.rpc.timeout.min = 5s (custom)
2019-09-20 10:24:23,114 [pool-123-thread-1] INFO  server.RaftServerConfigKeys (ConfUtils.java:logGet(43)) - raft.server.rpc.timeout.max = 5200ms (custom)
2019-09-20 10:24:23,114 [pool-123-thread-1] INFO  server.RaftServerConfigKeys (ConfUtils.java:logGet(43)) - raft.server.rpcslowness.timeout = 120s (custom)
2019-09-20 10:24:23,114 [pool-123-thread-1] INFO  server.RaftServerConfigKeys (ConfUtils.java:logGet(43)) - raft.server.sleep.deviation.threshold = 300 (default)
2019-09-20 10:24:23,114 [pool-123-thread-1] INFO  server.RaftServerConfigKeys (ConfUtils.java:logGet(43)) - raft.server.log.appender.install.snapshot.enabled = false (custom)
2019-09-20 10:24:23,114 [pool-123-thread-1] INFO  impl.RaftServerImpl (ServerState.java:<init>(105)) - 60260ec1-e192-4b95-89c8-d924d16a77a9:group-14C8E7398B5B ConfigurationManager, init=-1: [60260ec1-e192-4b95-89c8-d924d16a77a9:192.168.36.99:34923], old=null, confs=<EMPTY_MAP>
2019-09-20 10:24:23,115 [pool-123-thread-1] INFO  server.RaftServerConfigKeys (ConfUtils.java:logGet(43)) - raft.server.storage.dir = [/workdir/hadoop-ozone/integration-test/target/test-dir/MiniOzoneClusterImpl-0561fc2e-9288-4596-b687-0c9fb03504b1/datanode-0/data/ratis] (custom)
2019-09-20 10:24:23,115 [pool-123-thread-1] INFO  storage.RaftStorageDirectory (RaftStorageDirectory.java:analyzeStorage(246)) - The storage directory /workdir/hadoop-ozone/integration-test/target/test-dir/MiniOzoneClusterImpl-0561fc2e-9288-4596-b687-0c9fb03504b1/datanode-0/data/ratis/9d2368ef-5daa-4ccf-b044-14c8e7398b5b does not exist. Creating ...
2019-09-20 10:24:23,139 [pool-123-thread-1] INFO  storage.RaftStorageDirectory (RaftStorageDirectory.java:tryLock(328)) - Lock on /workdir/hadoop-ozone/integration-test/target/test-dir/MiniOzoneClusterImpl-0561fc2e-9288-4596-b687-0c9fb03504b1/datanode-0/data/ratis/9d2368ef-5daa-4ccf-b044-14c8e7398b5b/in_use.lock acquired by nodename 28506@pr-hdds-1569-p5fx8-1226042367
2019-09-20 10:24:23,157 [pool-123-thread-1] INFO  storage.RaftStorage (RaftStorage.java:format(72)) - Storage directory /workdir/hadoop-ozone/integration-test/target/test-dir/MiniOzoneClusterImpl-0561fc2e-9288-4596-b687-0c9fb03504b1/datanode-0/data/ratis/9d2368ef-5daa-4ccf-b044-14c8e7398b5b has been successfully formatted.
2019-09-20 10:24:23,157 [pool-123-thread-1] INFO  ratis.ContainerStateMachine (ContainerStateMachine.java:loadSnapshot(226)) - group-14C8E7398B5B: The snapshot info is null. Setting the last applied indexto:(t:0, i:~)
2019-09-20 10:24:23,157 [pool-123-thread-1] INFO  server.RaftServerConfigKeys (ConfUtils.java:logGet(43)) - raft.server.leader.election.timeout = 120s (custom)
2019-09-20 10:24:23,157 [pool-123-thread-1] INFO  server.RaftServerConfigKeys (ConfUtils.java:logGet(43)) - raft.server.log.use.memory = false (default)
2019-09-20 10:24:23,157 [pool-123-thread-1] INFO  server.RaftServerConfigKeys (ConfUtils.java:logGet(43)) - raft.server.log.purge.gap = 1000000 (custom)
2019-09-20 10:24:23,158 [pool-123-thread-1] INFO  server.RaftServerConfigKeys (ConfUtils.java:logGet(43)) - raft.server.log.appender.buffer.byte-limit = 33554432 (custom)
2019-09-20 10:24:23,158 [pool-123-thread-1] INFO  server.RaftServerConfigKeys (ConfUtils.java:logGet(43)) - raft.server.log.segment.size.max = 1048576 (custom)
2019-09-20 10:24:23,158 [pool-123-thread-1] INFO  server.RaftServerConfigKeys (ConfUtils.java:logGet(43)) - raft.server.log.segment.cache.num.max = 2 (custom)
2019-09-20 10:24:23,158 [pool-123-thread-1] INFO  segmented.SegmentedRaftLogWorker (SegmentedRaftLogWorker.java:<init>(172)) - new 60260ec1-e192-4b95-89c8-d924d16a77a9-SegmentedRaftLogWorker:Storage Directory /workdir/hadoop-ozone/integration-test/target/test-dir/MiniOzoneClusterImpl-0561fc2e-9288-4596-b687-0c9fb03504b1/datanode-0/data/ratis/9d2368ef-5daa-4ccf-b044-14c8e7398b5b for RaftStorage:Storage Directory /workdir/hadoop-ozone/integration-test/target/test-dir/MiniOzoneClusterImpl-0561fc2e-9288-4596-b687-0c9fb03504b1/datanode-0/data/ratis/9d2368ef-5daa-4ccf-b044-14c8e7398b5b
2019-09-20 10:24:23,158 [pool-123-thread-1] INFO  server.RaftServerConfigKeys (ConfUtils.java:logGet(43)) - raft.server.log.queue.byte-limit = 2147483647 (custom)
2019-09-20 10:24:23,158 [pool-123-thread-1] INFO  server.RaftServerConfigKeys (ConfUtils.java:logGet(43)) - raft.server.log.queue.element-limit = 1024 (custom)
2019-09-20 10:24:23,159 [pool-123-thread-1] INFO  server.RaftServerConfigKeys (ConfUtils.java:logGet(43)) - raft.server.log.segment.size.max = 1048576 (custom)
2019-09-20 10:24:23,159 [pool-123-thread-1] INFO  server.RaftServerConfigKeys (ConfUtils.java:logGet(43)) - raft.server.log.preallocated.size = 16384 (custom)
2019-09-20 10:24:23,159 [pool-123-thread-1] INFO  server.RaftServerConfigKeys (ConfUtils.java:logGet(43)) - raft.server.log.write.buffer.size = 33554432 (custom)
2019-09-20 10:24:23,159 [pool-123-thread-1] INFO  server.RaftServerConfigKeys (ConfUtils.java:logGet(43)) - raft.server.log.force.sync.num = 128 (default)
2019-09-20 10:24:23,159 [pool-123-thread-1] INFO  server.RaftServerConfigKeys (ConfUtils.java:logGet(43)) - raft.server.log.statemachine.data.sync = true (default)
2019-09-20 10:24:23,159 [pool-123-thread-1] INFO  server.RaftServerConfigKeys (ConfUtils.java:logGet(43)) - raft.server.log.statemachine.data.sync.timeout = 10s (default)
2019-09-20 10:24:23,159 [pool-123-thread-1] INFO  server.RaftServerConfigKeys (ConfUtils.java:logGet(43)) - raft.server.log.statemachine.data.sync.timeout.retry = -1 (default)
2019-09-20 10:24:23,160 [pool-123-thread-1] INFO  server.RaftServerConfigKeys (ConfUtils.java:logGet(43)) - raft.server.log.statemachine.data.caching.enabled = true (custom)
2019-09-20 10:24:23,160 [pool-123-thread-1] INFO  segmented.SegmentedRaftLogWorker (SegmentedRaftLogWorker.java:lambda$new$0(132)) - 60260ec1-e192-4b95-89c8-d924d16a77a9-SegmentedRaftLogWorker:Storage Directory /workdir/hadoop-ozone/integration-test/target/test-dir/MiniOzoneClusterImpl-0561fc2e-9288-4596-b687-0c9fb03504b1/datanode-0/data/ratis/9d2368ef-5daa-4ccf-b044-14c8e7398b5b: flushIndex: setUnconditionally 0 -> -1
2019-09-20 10:24:23,160 [pool-123-thread-1] INFO  server.RaftServerConfigKeys (ConfUtils.java:logGet(43)) - raft.server.snapshot.auto.trigger.enabled = true (custom)
2019-09-20 10:24:23,160 [pool-123-thread-1] INFO  server.RaftServerConfigKeys (ConfUtils.java:logGet(43)) - raft.server.snapshot.auto.trigger.threshold = 10000 (custom)
2019-09-20 10:24:23,161 [pool-123-thread-1] INFO  server.RaftServerConfigKeys (ConfUtils.java:logGet(43)) - raft.server.retrycache.expirytime = 600000ms (custom)
2019-09-20 10:24:23,161 [pool-123-thread-1] INFO  impl.RaftServerImpl (RaftServerImpl.java:start(180)) - 60260ec1-e192-4b95-89c8-d924d16a77a9: start group-14C8E7398B5B
2019-09-20 10:24:23,161 [pool-123-thread-1] INFO  impl.RaftServerImpl (RaftServerImpl.java:setRole(171)) - 60260ec1-e192-4b95-89c8-d924d16a77a9:group-14C8E7398B5B changes role from null to FOLLOWER at term 0 for startAsFollower
2019-09-20 10:24:23,161 [pool-123-thread-1] INFO  impl.RoleInfo (RoleInfo.java:updateAndGet(143)) - 60260ec1-e192-4b95-89c8-d924d16a77a9: start FollowerState
2019-09-20 10:24:23,161 [pool-123-thread-1] INFO  util.JmxRegister (JmxRegister.java:tryRegister(44)) - Successfully registered JMX Bean with object name Ratis:service=RaftServer,group=group-14C8E7398B5B,id=60260ec1-e192-4b95-89c8-d924d16a77a9
2019-09-20 10:24:23,166 [RatisPipelineUtilsThread] INFO  pipeline.PipelineStateManager (PipelineStateManager.java:addPipeline(56)) - Created pipeline Pipeline[ Id: 9d2368ef-5daa-4ccf-b044-14c8e7398b5b, Nodes: 60260ec1-e192-4b95-89c8-d924d16a77a9{ip: 192.168.36.99, host: pr-hdds-1569-p5fx8-1226042367, networkLocation: /default-rack, certSerialId: null}, Type:RATIS, Factor:ONE, State:OPEN]
2019-09-20 10:24:23,172 [grpc-default-executor-0] INFO  impl.RaftServerProxy (RaftServerProxy.java:addNew(89)) - 60260ec1-e192-4b95-89c8-d924d16a77a9: addNew group-2F01CD13D029:[60260ec1-e192-4b95-89c8-d924d16a77a9:192.168.36.99:34923] returns group-2F01CD13D029:java.util.concurrent.CompletableFuture@2a73fd47[Not completed]
2019-09-20 10:24:23,173 [pool-123-thread-1] INFO  impl.RaftServerImpl (RaftServerImpl.java:<init>(93)) - 60260ec1-e192-4b95-89c8-d924d16a77a9: new RaftServerImpl for group-2F01CD13D029:[60260ec1-e192-4b95-89c8-d924d16a77a9:192.168.36.99:34923] with ContainerStateMachine:uninitialized
2019-09-20 10:24:23,173 [pool-123-thread-1] INFO  server.RaftServerConfigKeys (ConfUtils.java:logGet(43)) - raft.server.rpc.timeout.min = 5s (custom)
2019-09-20 10:24:23,173 [pool-123-thread-1] INFO  server.RaftServerConfigKeys (ConfUtils.java:logGet(43)) - raft.server.rpc.timeout.max = 5200ms (custom)
2019-09-20 10:24:23,173 [pool-123-thread-1] INFO  server.RaftServerConfigKeys (ConfUtils.java:logGet(43)) - raft.server.rpcslowness.timeout = 120s (custom)
2019-09-20 10:24:23,174 [pool-123-thread-1] INFO  server.RaftServerConfigKeys (ConfUtils.java:logGet(43)) - raft.server.sleep.deviation.threshold = 300 (default)
2019-09-20 10:24:23,174 [pool-123-thread-1] INFO  server.RaftServerConfigKeys (ConfUtils.java:logGet(43)) - raft.server.log.appender.install.snapshot.enabled = false (custom)
2019-09-20 10:24:23,174 [pool-123-thread-1] INFO  impl.RaftServerImpl (ServerState.java:<init>(105)) - 60260ec1-e192-4b95-89c8-d924d16a77a9:group-2F01CD13D029 ConfigurationManager, init=-1: [60260ec1-e192-4b95-89c8-d924d16a77a9:192.168.36.99:34923], old=null, confs=<EMPTY_MAP>
2019-09-20 10:24:23,174 [pool-123-thread-1] INFO  server.RaftServerConfigKeys (ConfUtils.java:logGet(43)) - raft.server.storage.dir = [/workdir/hadoop-ozone/integration-test/target/test-dir/MiniOzoneClusterImpl-0561fc2e-9288-4596-b687-0c9fb03504b1/datanode-0/data/ratis] (custom)
2019-09-20 10:24:23,174 [pool-123-thread-1] INFO  storage.RaftStorageDirectory (RaftStorageDirectory.java:analyzeStorage(246)) - The storage directory /workdir/hadoop-ozone/integration-test/target/test-dir/MiniOzoneClusterImpl-0561fc2e-9288-4596-b687-0c9fb03504b1/datanode-0/data/ratis/fd2dbcea-c8ce-423b-b078-2f01cd13d029 does not exist. Creating ...
2019-09-20 10:24:23,190 [pool-123-thread-1] INFO  storage.RaftStorageDirectory (RaftStorageDirectory.java:tryLock(328)) - Lock on /workdir/hadoop-ozone/integration-test/target/test-dir/MiniOzoneClusterImpl-0561fc2e-9288-4596-b687-0c9fb03504b1/datanode-0/data/ratis/fd2dbcea-c8ce-423b-b078-2f01cd13d029/in_use.lock acquired by nodename 28506@pr-hdds-1569-p5fx8-1226042367
2019-09-20 10:24:23,216 [pool-123-thread-1] INFO  storage.RaftStorage (RaftStorage.java:format(72)) - Storage directory /workdir/hadoop-ozone/integration-test/target/test-dir/MiniOzoneClusterImpl-0561fc2e-9288-4596-b687-0c9fb03504b1/datanode-0/data/ratis/fd2dbcea-c8ce-423b-b078-2f01cd13d029 has been successfully formatted.
2019-09-20 10:24:23,216 [pool-123-thread-1] INFO  ratis.ContainerStateMachine (ContainerStateMachine.java:loadSnapshot(226)) - group-2F01CD13D029: The snapshot info is null. Setting the last applied indexto:(t:0, i:~)
2019-09-20 10:24:23,216 [pool-123-thread-1] INFO  server.RaftServerConfigKeys (ConfUtils.java:logGet(43)) - raft.server.leader.election.timeout = 120s (custom)
2019-09-20 10:24:23,216 [pool-123-thread-1] INFO  server.RaftServerConfigKeys (ConfUtils.java:logGet(43)) - raft.server.log.use.memory = false (default)
2019-09-20 10:24:23,216 [pool-123-thread-1] INFO  server.RaftServerConfigKeys (ConfUtils.java:logGet(43)) - raft.server.log.purge.gap = 1000000 (custom)
2019-09-20 10:24:23,217 [pool-123-thread-1] INFO  server.RaftServerConfigKeys (ConfUtils.java:logGet(43)) - raft.server.log.appender.buffer.byte-limit = 33554432 (custom)
2019-09-20 10:24:23,217 [pool-123-thread-1] INFO  server.RaftServerConfigKeys (ConfUtils.java:logGet(43)) - raft.server.log.segment.size.max = 1048576 (custom)
2019-09-20 10:24:23,217 [pool-123-thread-1] INFO  server.RaftServerConfigKeys (ConfUtils.java:logGet(43)) - raft.server.log.segment.cache.num.max = 2 (custom)
2019-09-20 10:24:23,217 [pool-123-thread-1] INFO  segmented.SegmentedRaftLogWorker (SegmentedRaftLogWorker.java:<init>(172)) - new 60260ec1-e192-4b95-89c8-d924d16a77a9-SegmentedRaftLogWorker:Storage Directory /workdir/hadoop-ozone/integration-test/target/test-dir/MiniOzoneClusterImpl-0561fc2e-9288-4596-b687-0c9fb03504b1/datanode-0/data/ratis/fd2dbcea-c8ce-423b-b078-2f01cd13d029 for RaftStorage:Storage Directory /workdir/hadoop-ozone/integration-test/target/test-dir/MiniOzoneClusterImpl-0561fc2e-9288-4596-b687-0c9fb03504b1/datanode-0/data/ratis/fd2dbcea-c8ce-423b-b078-2f01cd13d029
2019-09-20 10:24:23,217 [pool-123-thread-1] INFO  server.RaftServerConfigKeys (ConfUtils.java:logGet(43)) - raft.server.log.queue.byte-limit = 2147483647 (custom)
2019-09-20 10:24:23,217 [pool-123-thread-1] INFO  server.RaftServerConfigKeys (ConfUtils.java:logGet(43)) - raft.server.log.queue.element-limit = 1024 (custom)
2019-09-20 10:24:23,217 [pool-123-thread-1] INFO  server.RaftServerConfigKeys (ConfUtils.java:logGet(43)) - raft.server.log.segment.size.max = 1048576 (custom)
2019-09-20 10:24:23,217 [pool-123-thread-1] INFO  server.RaftServerConfigKeys (ConfUtils.java:logGet(43)) - raft.server.log.preallocated.size = 16384 (custom)
2019-09-20 10:24:23,218 [pool-123-thread-1] INFO  server.RaftServerConfigKeys (ConfUtils.java:logGet(43)) - raft.server.log.write.buffer.size = 33554432 (custom)
2019-09-20 10:24:23,218 [pool-123-thread-1] INFO  server.RaftServerConfigKeys (ConfUtils.java:logGet(43)) - raft.server.log.force.sync.num = 128 (default)
2019-09-20 10:24:23,218 [pool-123-thread-1] INFO  server.RaftServerConfigKeys (ConfUtils.java:logGet(43)) - raft.server.log.statemachine.data.sync = true (default)
2019-09-20 10:24:23,218 [pool-123-thread-1] INFO  server.RaftServerConfigKeys (ConfUtils.java:logGet(43)) - raft.server.log.statemachine.data.sync.timeout = 10s (default)
2019-09-20 10:24:23,218 [pool-123-thread-1] INFO  server.RaftServerConfigKeys (ConfUtils.java:logGet(43)) - raft.server.log.statemachine.data.sync.timeout.retry = -1 (default)
2019-09-20 10:24:23,218 [pool-123-thread-1] INFO  server.RaftServerConfigKeys (ConfUtils.java:logGet(43)) - raft.server.log.statemachine.data.caching.enabled = true (custom)
2019-09-20 10:24:23,219 [pool-123-thread-1] INFO  segmented.SegmentedRaftLogWorker (SegmentedRaftLogWorker.java:lambda$new$0(132)) - 60260ec1-e192-4b95-89c8-d924d16a77a9-SegmentedRaftLogWorker:Storage Directory /workdir/hadoop-ozone/integration-test/target/test-dir/MiniOzoneClusterImpl-0561fc2e-9288-4596-b687-0c9fb03504b1/datanode-0/data/ratis/fd2dbcea-c8ce-423b-b078-2f01cd13d029: flushIndex: setUnconditionally 0 -> -1
2019-09-20 10:24:23,219 [pool-123-thread-1] INFO  server.RaftServerConfigKeys (ConfUtils.java:logGet(43)) - raft.server.snapshot.auto.trigger.enabled = true (custom)
2019-09-20 10:24:23,219 [pool-123-thread-1] INFO  server.RaftServerConfigKeys (ConfUtils.java:logGet(43)) - raft.server.snapshot.auto.trigger.threshold = 10000 (custom)
2019-09-20 10:24:23,219 [pool-123-thread-1] INFO  server.RaftServerConfigKeys (ConfUtils.java:logGet(43)) - raft.server.retrycache.expirytime = 600000ms (custom)
2019-09-20 10:24:23,219 [pool-123-thread-1] INFO  impl.RaftServerImpl (RaftServerImpl.java:start(180)) - 60260ec1-e192-4b95-89c8-d924d16a77a9: start group-2F01CD13D029
2019-09-20 10:24:23,219 [pool-123-thread-1] INFO  impl.RaftServerImpl (RaftServerImpl.java:setRole(171)) - 60260ec1-e192-4b95-89c8-d924d16a77a9:group-2F01CD13D029 changes role from null to FOLLOWER at term 0 for startAsFollower
2019-09-20 10:24:23,220 [pool-123-thread-1] INFO  impl.RoleInfo (RoleInfo.java:updateAndGet(143)) - 60260ec1-e192-4b95-89c8-d924d16a77a9: start FollowerState
2019-09-20 10:24:23,220 [pool-123-thread-1] INFO  util.JmxRegister (JmxRegister.java:tryRegister(44)) - Successfully registered JMX Bean with object name Ratis:service=RaftServer,group=group-2F01CD13D029,id=60260ec1-e192-4b95-89c8-d924d16a77a9
2019-09-20 10:24:23,223 [RatisPipelineUtilsThread] INFO  pipeline.PipelineStateManager (PipelineStateManager.java:addPipeline(56)) - Created pipeline Pipeline[ Id: fd2dbcea-c8ce-423b-b078-2f01cd13d029, Nodes: 60260ec1-e192-4b95-89c8-d924d16a77a9{ip: 192.168.36.99, host: pr-hdds-1569-p5fx8-1226042367, networkLocation: /default-rack, certSerialId: null}, Type:RATIS, Factor:ONE, State:OPEN]
2019-09-20 10:24:23,229 [grpc-default-executor-0] INFO  impl.RaftServerProxy (RaftServerProxy.java:addNew(89)) - 60260ec1-e192-4b95-89c8-d924d16a77a9: addNew group-8BFFEE4FBA6E:[60260ec1-e192-4b95-89c8-d924d16a77a9:192.168.36.99:34923] returns group-8BFFEE4FBA6E:java.util.concurrent.CompletableFuture@62895ff0[Not completed]
2019-09-20 10:24:23,230 [pool-123-thread-1] INFO  impl.RaftServerImpl (RaftServerImpl.java:<init>(93)) - 60260ec1-e192-4b95-89c8-d924d16a77a9: new RaftServerImpl for group-8BFFEE4FBA6E:[60260ec1-e192-4b95-89c8-d924d16a77a9:192.168.36.99:34923] with ContainerStateMachine:uninitialized
2019-09-20 10:24:23,230 [pool-123-thread-1] INFO  server.RaftServerConfigKeys (ConfUtils.java:logGet(43)) - raft.server.rpc.timeout.min = 5s (custom)
2019-09-20 10:24:23,230 [pool-123-thread-1] INFO  server.RaftServerConfigKeys (ConfUtils.java:logGet(43)) - raft.server.rpc.timeout.max = 5200ms (custom)
2019-09-20 10:24:23,230 [pool-123-thread-1] INFO  server.RaftServerConfigKeys (ConfUtils.java:logGet(43)) - raft.server.rpcslowness.timeout = 120s (custom)
2019-09-20 10:24:23,230 [pool-123-thread-1] INFO  server.RaftServerConfigKeys (ConfUtils.java:logGet(43)) - raft.server.sleep.deviation.threshold = 300 (default)
2019-09-20 10:24:23,230 [pool-123-thread-1] INFO  server.RaftServerConfigKeys (ConfUtils.java:logGet(43)) - raft.server.log.appender.install.snapshot.enabled = false (custom)
2019-09-20 10:24:23,231 [pool-123-thread-1] INFO  impl.RaftServerImpl (ServerState.java:<init>(105)) - 60260ec1-e192-4b95-89c8-d924d16a77a9:group-8BFFEE4FBA6E ConfigurationManager, init=-1: [60260ec1-e192-4b95-89c8-d924d16a77a9:192.168.36.99:34923], old=null, confs=<EMPTY_MAP>
2019-09-20 10:24:23,231 [pool-123-thread-1] INFO  server.RaftServerConfigKeys (ConfUtils.java:logGet(43)) - raft.server.storage.dir = [/workdir/hadoop-ozone/integration-test/target/test-dir/MiniOzoneClusterImpl-0561fc2e-9288-4596-b687-0c9fb03504b1/datanode-0/data/ratis] (custom)
2019-09-20 10:24:23,231 [pool-123-thread-1] INFO  storage.RaftStorageDirectory (RaftStorageDirectory.java:analyzeStorage(246)) - The storage directory /workdir/hadoop-ozone/integration-test/target/test-dir/MiniOzoneClusterImpl-0561fc2e-9288-4596-b687-0c9fb03504b1/datanode-0/data/ratis/adb5e36c-d59c-44d2-a066-8bffee4fba6e does not exist. Creating ...
2019-09-20 10:24:23,236 [IPC Server handler 2 on 39538] INFO  net.NetworkTopology (NetworkTopologyImpl.java:add(110)) - Added a new node: /default-rack/d2ed2d9b-7ac7-460e-84f6-6d9d6066f76d
2019-09-20 10:24:23,236 [IPC Server handler 2 on 39538] INFO  node.SCMNodeManager (SCMNodeManager.java:register(273)) - Registered Data node : d2ed2d9b-7ac7-460e-84f6-6d9d6066f76d{ip: 192.168.36.99, host: pr-hdds-1569-p5fx8-1226042367, networkLocation: /default-rack, certSerialId: null}
2019-09-20 10:24:23,236 | INFO  | SCMAudit | user=jenkins1000 | ip=192.168.36.99 | op=REGISTER {datanodeDetails=d2ed2d9b-7ac7-460e-84f6-6d9d6066f76d{ip: 192.168.36.99, host: pr-hdds-1569-p5fx8-1226042367, networkLocation: /default-rack, certSerialId: null}} | ret=SUCCESS |  
2019-09-20 10:24:23,242 | INFO  | SCMAudit | user=jenkins1000 | ip=192.168.36.99 | op=SEND_HEARTBEAT {datanodeUUID=66416d0b-a71c-4af1-ae3a-62ca63b880a3, command=[]} | ret=SUCCESS |  
2019-09-20 10:24:23,242 | INFO  | SCMAudit | user=jenkins1000 | ip=192.168.36.99 | op=SEND_HEARTBEAT {datanodeUUID=c3e532f8-1a8e-44f3-b56b-d765aee893af, command=[]} | ret=SUCCESS |  
2019-09-20 10:24:23,249 [pool-123-thread-1] INFO  storage.RaftStorageDirectory (RaftStorageDirectory.java:tryLock(328)) - Lock on /workdir/hadoop-ozone/integration-test/target/test-dir/MiniOzoneClusterImpl-0561fc2e-9288-4596-b687-0c9fb03504b1/datanode-0/data/ratis/adb5e36c-d59c-44d2-a066-8bffee4fba6e/in_use.lock acquired by nodename 28506@pr-hdds-1569-p5fx8-1226042367
2019-09-20 10:24:23,275 [pool-123-thread-1] INFO  storage.RaftStorage (RaftStorage.java:format(72)) - Storage directory /workdir/hadoop-ozone/integration-test/target/test-dir/MiniOzoneClusterImpl-0561fc2e-9288-4596-b687-0c9fb03504b1/datanode-0/data/ratis/adb5e36c-d59c-44d2-a066-8bffee4fba6e has been successfully formatted.
2019-09-20 10:24:23,275 [pool-123-thread-1] INFO  ratis.ContainerStateMachine (ContainerStateMachine.java:loadSnapshot(226)) - group-8BFFEE4FBA6E: The snapshot info is null. Setting the last applied indexto:(t:0, i:~)
2019-09-20 10:24:23,275 [pool-123-thread-1] INFO  server.RaftServerConfigKeys (ConfUtils.java:logGet(43)) - raft.server.leader.election.timeout = 120s (custom)
2019-09-20 10:24:23,275 [pool-123-thread-1] INFO  server.RaftServerConfigKeys (ConfUtils.java:logGet(43)) - raft.server.log.use.memory = false (default)
2019-09-20 10:24:23,276 [pool-123-thread-1] INFO  server.RaftServerConfigKeys (ConfUtils.java:logGet(43)) - raft.server.log.purge.gap = 1000000 (custom)
2019-09-20 10:24:23,276 [pool-123-thread-1] INFO  server.RaftServerConfigKeys (ConfUtils.java:logGet(43)) - raft.server.log.appender.buffer.byte-limit = 33554432 (custom)
2019-09-20 10:24:23,276 [pool-123-thread-1] INFO  server.RaftServerConfigKeys (ConfUtils.java:logGet(43)) - raft.server.log.segment.size.max = 1048576 (custom)
2019-09-20 10:24:23,276 [pool-123-thread-1] INFO  server.RaftServerConfigKeys (ConfUtils.java:logGet(43)) - raft.server.log.segment.cache.num.max = 2 (custom)
2019-09-20 10:24:23,276 [pool-123-thread-1] INFO  segmented.SegmentedRaftLogWorker (SegmentedRaftLogWorker.java:<init>(172)) - new 60260ec1-e192-4b95-89c8-d924d16a77a9-SegmentedRaftLogWorker:Storage Directory /workdir/hadoop-ozone/integration-test/target/test-dir/MiniOzoneClusterImpl-0561fc2e-9288-4596-b687-0c9fb03504b1/datanode-0/data/ratis/adb5e36c-d59c-44d2-a066-8bffee4fba6e for RaftStorage:Storage Directory /workdir/hadoop-ozone/integration-test/target/test-dir/MiniOzoneClusterImpl-0561fc2e-9288-4596-b687-0c9fb03504b1/datanode-0/data/ratis/adb5e36c-d59c-44d2-a066-8bffee4fba6e
2019-09-20 10:24:23,276 [pool-123-thread-1] INFO  server.RaftServerConfigKeys (ConfUtils.java:logGet(43)) - raft.server.log.queue.byte-limit = 2147483647 (custom)
2019-09-20 10:24:23,276 [pool-123-thread-1] INFO  server.RaftServerConfigKeys (ConfUtils.java:logGet(43)) - raft.server.log.queue.element-limit = 1024 (custom)
2019-09-20 10:24:23,277 [pool-123-thread-1] INFO  server.RaftServerConfigKeys (ConfUtils.java:logGet(43)) - raft.server.log.segment.size.max = 1048576 (custom)
2019-09-20 10:24:23,277 [pool-123-thread-1] INFO  server.RaftServerConfigKeys (ConfUtils.java:logGet(43)) - raft.server.log.preallocated.size = 16384 (custom)
2019-09-20 10:24:23,277 [pool-123-thread-1] INFO  server.RaftServerConfigKeys (ConfUtils.java:logGet(43)) - raft.server.log.write.buffer.size = 33554432 (custom)
2019-09-20 10:24:23,277 [pool-123-thread-1] INFO  server.RaftServerConfigKeys (ConfUtils.java:logGet(43)) - raft.server.log.force.sync.num = 128 (default)
2019-09-20 10:24:23,277 [pool-123-thread-1] INFO  server.RaftServerConfigKeys (ConfUtils.java:logGet(43)) - raft.server.log.statemachine.data.sync = true (default)
2019-09-20 10:24:23,277 [pool-123-thread-1] INFO  server.RaftServerConfigKeys (ConfUtils.java:logGet(43)) - raft.server.log.statemachine.data.sync.timeout = 10s (default)
2019-09-20 10:24:23,277 [pool-123-thread-1] INFO  server.RaftServerConfigKeys (ConfUtils.java:logGet(43)) - raft.server.log.statemachine.data.sync.timeout.retry = -1 (default)
2019-09-20 10:24:23,278 [pool-123-thread-1] INFO  server.RaftServerConfigKeys (ConfUtils.java:logGet(43)) - raft.server.log.statemachine.data.caching.enabled = true (custom)
2019-09-20 10:24:23,278 [pool-123-thread-1] INFO  segmented.SegmentedRaftLogWorker (SegmentedRaftLogWorker.java:lambda$new$0(132)) - 60260ec1-e192-4b95-89c8-d924d16a77a9-SegmentedRaftLogWorker:Storage Directory /workdir/hadoop-ozone/integration-test/target/test-dir/MiniOzoneClusterImpl-0561fc2e-9288-4596-b687-0c9fb03504b1/datanode-0/data/ratis/adb5e36c-d59c-44d2-a066-8bffee4fba6e: flushIndex: setUnconditionally 0 -> -1
2019-09-20 10:24:23,279 [pool-123-thread-1] INFO  server.RaftServerConfigKeys (ConfUtils.java:logGet(43)) - raft.server.snapshot.auto.trigger.enabled = true (custom)
2019-09-20 10:24:23,279 [pool-123-thread-1] INFO  server.RaftServerConfigKeys (ConfUtils.java:logGet(43)) - raft.server.snapshot.auto.trigger.threshold = 10000 (custom)
2019-09-20 10:24:23,279 [pool-123-thread-1] INFO  server.RaftServerConfigKeys (ConfUtils.java:logGet(43)) - raft.server.retrycache.expirytime = 600000ms (custom)
2019-09-20 10:24:23,279 [pool-123-thread-1] INFO  impl.RaftServerImpl (RaftServerImpl.java:start(180)) - 60260ec1-e192-4b95-89c8-d924d16a77a9: start group-8BFFEE4FBA6E
2019-09-20 10:24:23,279 [pool-123-thread-1] INFO  impl.RaftServerImpl (RaftServerImpl.java:setRole(171)) - 60260ec1-e192-4b95-89c8-d924d16a77a9:group-8BFFEE4FBA6E changes role from null to FOLLOWER at term 0 for startAsFollower
2019-09-20 10:24:23,279 [pool-123-thread-1] INFO  impl.RoleInfo (RoleInfo.java:updateAndGet(143)) - 60260ec1-e192-4b95-89c8-d924d16a77a9: start FollowerState
2019-09-20 10:24:23,280 [pool-123-thread-1] INFO  util.JmxRegister (JmxRegister.java:tryRegister(44)) - Successfully registered JMX Bean with object name Ratis:service=RaftServer,group=group-8BFFEE4FBA6E,id=60260ec1-e192-4b95-89c8-d924d16a77a9
2019-09-20 10:24:23,283 [RatisPipelineUtilsThread] INFO  pipeline.PipelineStateManager (PipelineStateManager.java:addPipeline(56)) - Created pipeline Pipeline[ Id: adb5e36c-d59c-44d2-a066-8bffee4fba6e, Nodes: 60260ec1-e192-4b95-89c8-d924d16a77a9{ip: 192.168.36.99, host: pr-hdds-1569-p5fx8-1226042367, networkLocation: /default-rack, certSerialId: null}, Type:RATIS, Factor:ONE, State:OPEN]
2019-09-20 10:24:23,296 [grpc-default-executor-0] INFO  impl.RaftServerProxy (RaftServerProxy.java:addNew(89)) - d2ed2d9b-7ac7-460e-84f6-6d9d6066f76d: addNew group-FCB75A6010AF:[d2ed2d9b-7ac7-460e-84f6-6d9d6066f76d:192.168.36.99:37669] returns group-FCB75A6010AF:java.util.concurrent.CompletableFuture@380fc37d[Not completed]
2019-09-20 10:24:23,297 [pool-134-thread-1] INFO  impl.RaftServerImpl (RaftServerImpl.java:<init>(93)) - d2ed2d9b-7ac7-460e-84f6-6d9d6066f76d: new RaftServerImpl for group-FCB75A6010AF:[d2ed2d9b-7ac7-460e-84f6-6d9d6066f76d:192.168.36.99:37669] with ContainerStateMachine:uninitialized
2019-09-20 10:24:23,297 [pool-134-thread-1] INFO  server.RaftServerConfigKeys (ConfUtils.java:logGet(43)) - raft.server.rpc.timeout.min = 5s (custom)
2019-09-20 10:24:23,298 [pool-134-thread-1] INFO  server.RaftServerConfigKeys (ConfUtils.java:logGet(43)) - raft.server.rpc.timeout.max = 5200ms (custom)
2019-09-20 10:24:23,298 [pool-134-thread-1] INFO  server.RaftServerConfigKeys (ConfUtils.java:logGet(43)) - raft.server.rpcslowness.timeout = 120s (custom)
2019-09-20 10:24:23,298 [pool-134-thread-1] INFO  server.RaftServerConfigKeys (ConfUtils.java:logGet(43)) - raft.server.sleep.deviation.threshold = 300 (default)
2019-09-20 10:24:23,298 [pool-134-thread-1] INFO  server.RaftServerConfigKeys (ConfUtils.java:logGet(43)) - raft.server.log.appender.install.snapshot.enabled = false (custom)
2019-09-20 10:24:23,298 [pool-134-thread-1] INFO  impl.RaftServerImpl (ServerState.java:<init>(105)) - d2ed2d9b-7ac7-460e-84f6-6d9d6066f76d:group-FCB75A6010AF ConfigurationManager, init=-1: [d2ed2d9b-7ac7-460e-84f6-6d9d6066f76d:192.168.36.99:37669], old=null, confs=<EMPTY_MAP>
2019-09-20 10:24:23,298 [pool-134-thread-1] INFO  server.RaftServerConfigKeys (ConfUtils.java:logGet(43)) - raft.server.storage.dir = [/workdir/hadoop-ozone/integration-test/target/test-dir/MiniOzoneClusterImpl-0561fc2e-9288-4596-b687-0c9fb03504b1/datanode-1/data/ratis] (custom)
2019-09-20 10:24:23,299 [pool-134-thread-1] INFO  storage.RaftStorageDirectory (RaftStorageDirectory.java:analyzeStorage(246)) - The storage directory /workdir/hadoop-ozone/integration-test/target/test-dir/MiniOzoneClusterImpl-0561fc2e-9288-4596-b687-0c9fb03504b1/datanode-1/data/ratis/940e9f52-b355-4199-bebe-fcb75a6010af does not exist. Creating ...
2019-09-20 10:24:23,329 | INFO  | SCMAudit | user=jenkins1000 | ip=192.168.36.99 | op=SEND_HEARTBEAT {datanodeUUID=4d972e91-cb6b-45de-8bd2-c18af7abe58b, command=[]} | ret=SUCCESS |  
2019-09-20 10:24:23,333 [pool-134-thread-1] INFO  storage.RaftStorageDirectory (RaftStorageDirectory.java:tryLock(328)) - Lock on /workdir/hadoop-ozone/integration-test/target/test-dir/MiniOzoneClusterImpl-0561fc2e-9288-4596-b687-0c9fb03504b1/datanode-1/data/ratis/940e9f52-b355-4199-bebe-fcb75a6010af/in_use.lock acquired by nodename 28506@pr-hdds-1569-p5fx8-1226042367
2019-09-20 10:24:23,351 [pool-134-thread-1] INFO  storage.RaftStorage (RaftStorage.java:format(72)) - Storage directory /workdir/hadoop-ozone/integration-test/target/test-dir/MiniOzoneClusterImpl-0561fc2e-9288-4596-b687-0c9fb03504b1/datanode-1/data/ratis/940e9f52-b355-4199-bebe-fcb75a6010af has been successfully formatted.
2019-09-20 10:24:23,351 [pool-134-thread-1] INFO  ratis.ContainerStateMachine (ContainerStateMachine.java:loadSnapshot(226)) - group-FCB75A6010AF: The snapshot info is null. Setting the last applied indexto:(t:0, i:~)
2019-09-20 10:24:23,351 [pool-134-thread-1] INFO  server.RaftServerConfigKeys (ConfUtils.java:logGet(43)) - raft.server.leader.election.timeout = 120s (custom)
2019-09-20 10:24:23,351 [pool-134-thread-1] INFO  server.RaftServerConfigKeys (ConfUtils.java:logGet(43)) - raft.server.log.use.memory = false (default)
2019-09-20 10:24:23,351 [pool-134-thread-1] INFO  server.RaftServerConfigKeys (ConfUtils.java:logGet(43)) - raft.server.log.purge.gap = 1000000 (custom)
2019-09-20 10:24:23,352 [pool-134-thread-1] INFO  server.RaftServerConfigKeys (ConfUtils.java:logGet(43)) - raft.server.log.appender.buffer.byte-limit = 33554432 (custom)
2019-09-20 10:24:23,352 [pool-134-thread-1] INFO  server.RaftServerConfigKeys (ConfUtils.java:logGet(43)) - raft.server.log.segment.size.max = 1048576 (custom)
2019-09-20 10:24:23,352 [pool-134-thread-1] INFO  server.RaftServerConfigKeys (ConfUtils.java:logGet(43)) - raft.server.log.segment.cache.num.max = 2 (custom)
2019-09-20 10:24:23,352 [pool-134-thread-1] INFO  segmented.SegmentedRaftLogWorker (SegmentedRaftLogWorker.java:<init>(172)) - new d2ed2d9b-7ac7-460e-84f6-6d9d6066f76d-SegmentedRaftLogWorker:Storage Directory /workdir/hadoop-ozone/integration-test/target/test-dir/MiniOzoneClusterImpl-0561fc2e-9288-4596-b687-0c9fb03504b1/datanode-1/data/ratis/940e9f52-b355-4199-bebe-fcb75a6010af for RaftStorage:Storage Directory /workdir/hadoop-ozone/integration-test/target/test-dir/MiniOzoneClusterImpl-0561fc2e-9288-4596-b687-0c9fb03504b1/datanode-1/data/ratis/940e9f52-b355-4199-bebe-fcb75a6010af
2019-09-20 10:24:23,352 [pool-134-thread-1] INFO  server.RaftServerConfigKeys (ConfUtils.java:logGet(43)) - raft.server.log.queue.byte-limit = 2147483647 (custom)
2019-09-20 10:24:23,353 [pool-134-thread-1] INFO  server.RaftServerConfigKeys (ConfUtils.java:logGet(43)) - raft.server.log.queue.element-limit = 1024 (custom)
2019-09-20 10:24:23,353 [pool-134-thread-1] INFO  server.RaftServerConfigKeys (ConfUtils.java:logGet(43)) - raft.server.log.segment.size.max = 1048576 (custom)
2019-09-20 10:24:23,353 [pool-134-thread-1] INFO  server.RaftServerConfigKeys (ConfUtils.java:logGet(43)) - raft.server.log.preallocated.size = 16384 (custom)
2019-09-20 10:24:23,353 [pool-134-thread-1] INFO  server.RaftServerConfigKeys (ConfUtils.java:logGet(43)) - raft.server.log.write.buffer.size = 33554432 (custom)
2019-09-20 10:24:23,353 [pool-134-thread-1] INFO  server.RaftServerConfigKeys (ConfUtils.java:logGet(43)) - raft.server.log.force.sync.num = 128 (default)
2019-09-20 10:24:23,354 [pool-134-thread-1] INFO  server.RaftServerConfigKeys (ConfUtils.java:logGet(43)) - raft.server.log.statemachine.data.sync = true (default)
2019-09-20 10:24:23,354 [pool-134-thread-1] INFO  server.RaftServerConfigKeys (ConfUtils.java:logGet(43)) - raft.server.log.statemachine.data.sync.timeout = 10s (default)
2019-09-20 10:24:23,354 [pool-134-thread-1] INFO  server.RaftServerConfigKeys (ConfUtils.java:logGet(43)) - raft.server.log.statemachine.data.sync.timeout.retry = -1 (default)
2019-09-20 10:24:23,355 [pool-134-thread-1] INFO  server.RaftServerConfigKeys (ConfUtils.java:logGet(43)) - raft.server.log.statemachine.data.caching.enabled = true (custom)
2019-09-20 10:24:23,355 [pool-134-thread-1] INFO  segmented.SegmentedRaftLogWorker (SegmentedRaftLogWorker.java:lambda$new$0(132)) - d2ed2d9b-7ac7-460e-84f6-6d9d6066f76d-SegmentedRaftLogWorker:Storage Directory /workdir/hadoop-ozone/integration-test/target/test-dir/MiniOzoneClusterImpl-0561fc2e-9288-4596-b687-0c9fb03504b1/datanode-1/data/ratis/940e9f52-b355-4199-bebe-fcb75a6010af: flushIndex: setUnconditionally 0 -> -1
2019-09-20 10:24:23,356 [pool-134-thread-1] INFO  server.RaftServerConfigKeys (ConfUtils.java:logGet(43)) - raft.server.snapshot.auto.trigger.enabled = true (custom)
2019-09-20 10:24:23,356 [pool-134-thread-1] INFO  server.RaftServerConfigKeys (ConfUtils.java:logGet(43)) - raft.server.snapshot.auto.trigger.threshold = 10000 (custom)
2019-09-20 10:24:23,356 [pool-134-thread-1] INFO  server.RaftServerConfigKeys (ConfUtils.java:logGet(43)) - raft.server.retrycache.expirytime = 600000ms (custom)
2019-09-20 10:24:23,357 [pool-134-thread-1] INFO  impl.RaftServerImpl (RaftServerImpl.java:start(180)) - d2ed2d9b-7ac7-460e-84f6-6d9d6066f76d: start group-FCB75A6010AF
2019-09-20 10:24:23,357 [pool-134-thread-1] INFO  impl.RaftServerImpl (RaftServerImpl.java:setRole(171)) - d2ed2d9b-7ac7-460e-84f6-6d9d6066f76d:group-FCB75A6010AF changes role from null to FOLLOWER at term 0 for startAsFollower
2019-09-20 10:24:23,357 [pool-134-thread-1] INFO  impl.RoleInfo (RoleInfo.java:updateAndGet(143)) - d2ed2d9b-7ac7-460e-84f6-6d9d6066f76d: start FollowerState
2019-09-20 10:24:23,358 [pool-134-thread-1] INFO  util.JmxRegister (JmxRegister.java:tryRegister(44)) - Successfully registered JMX Bean with object name Ratis:service=RaftServer,group=group-FCB75A6010AF,id=d2ed2d9b-7ac7-460e-84f6-6d9d6066f76d
2019-09-20 10:24:23,362 [RatisPipelineUtilsThread] INFO  pipeline.PipelineStateManager (PipelineStateManager.java:addPipeline(56)) - Created pipeline Pipeline[ Id: 940e9f52-b355-4199-bebe-fcb75a6010af, Nodes: d2ed2d9b-7ac7-460e-84f6-6d9d6066f76d{ip: 192.168.36.99, host: pr-hdds-1569-p5fx8-1226042367, networkLocation: /default-rack, certSerialId: null}, Type:RATIS, Factor:ONE, State:OPEN]
2019-09-20 10:24:23,368 [grpc-default-executor-0] INFO  impl.RaftServerProxy (RaftServerProxy.java:addNew(89)) - 60260ec1-e192-4b95-89c8-d924d16a77a9: addNew group-FB247963BED6:[60260ec1-e192-4b95-89c8-d924d16a77a9:192.168.36.99:34923] returns group-FB247963BED6:java.util.concurrent.CompletableFuture@2ec3a3cf[Not completed]
2019-09-20 10:24:23,370 [pool-123-thread-1] INFO  impl.RaftServerImpl (RaftServerImpl.java:<init>(93)) - 60260ec1-e192-4b95-89c8-d924d16a77a9: new RaftServerImpl for group-FB247963BED6:[60260ec1-e192-4b95-89c8-d924d16a77a9:192.168.36.99:34923] with ContainerStateMachine:uninitialized
2019-09-20 10:24:23,370 [pool-123-thread-1] INFO  server.RaftServerConfigKeys (ConfUtils.java:logGet(43)) - raft.server.rpc.timeout.min = 5s (custom)
2019-09-20 10:24:23,370 [pool-123-thread-1] INFO  server.RaftServerConfigKeys (ConfUtils.java:logGet(43)) - raft.server.rpc.timeout.max = 5200ms (custom)
2019-09-20 10:24:23,370 [pool-123-thread-1] INFO  server.RaftServerConfigKeys (ConfUtils.java:logGet(43)) - raft.server.rpcslowness.timeout = 120s (custom)
2019-09-20 10:24:23,371 [pool-123-thread-1] INFO  server.RaftServerConfigKeys (ConfUtils.java:logGet(43)) - raft.server.sleep.deviation.threshold = 300 (default)
2019-09-20 10:24:23,371 [pool-123-thread-1] INFO  server.RaftServerConfigKeys (ConfUtils.java:logGet(43)) - raft.server.log.appender.install.snapshot.enabled = false (custom)
2019-09-20 10:24:23,371 [pool-123-thread-1] INFO  impl.RaftServerImpl (ServerState.java:<init>(105)) - 60260ec1-e192-4b95-89c8-d924d16a77a9:group-FB247963BED6 ConfigurationManager, init=-1: [60260ec1-e192-4b95-89c8-d924d16a77a9:192.168.36.99:34923], old=null, confs=<EMPTY_MAP>
2019-09-20 10:24:23,371 [pool-123-thread-1] INFO  server.RaftServerConfigKeys (ConfUtils.java:logGet(43)) - raft.server.storage.dir = [/workdir/hadoop-ozone/integration-test/target/test-dir/MiniOzoneClusterImpl-0561fc2e-9288-4596-b687-0c9fb03504b1/datanode-0/data/ratis] (custom)
2019-09-20 10:24:23,372 [pool-123-thread-1] INFO  storage.RaftStorageDirectory (RaftStorageDirectory.java:analyzeStorage(246)) - The storage directory /workdir/hadoop-ozone/integration-test/target/test-dir/MiniOzoneClusterImpl-0561fc2e-9288-4596-b687-0c9fb03504b1/datanode-0/data/ratis/01975efc-f665-495e-a66c-fb247963bed6 does not exist. Creating ...
2019-09-20 10:24:23,391 | INFO  | SCMAudit | user=jenkins1000 | ip=192.168.36.99 | op=SEND_HEARTBEAT {datanodeUUID=17e2ba94-38a1-40e7-84e0-f6802901db84, command=[]} | ret=SUCCESS |  
2019-09-20 10:24:23,393 [pool-123-thread-1] INFO  storage.RaftStorageDirectory (RaftStorageDirectory.java:tryLock(328)) - Lock on /workdir/hadoop-ozone/integration-test/target/test-dir/MiniOzoneClusterImpl-0561fc2e-9288-4596-b687-0c9fb03504b1/datanode-0/data/ratis/01975efc-f665-495e-a66c-fb247963bed6/in_use.lock acquired by nodename 28506@pr-hdds-1569-p5fx8-1226042367
2019-09-20 10:24:23,418 [pool-123-thread-1] INFO  storage.RaftStorage (RaftStorage.java:format(72)) - Storage directory /workdir/hadoop-ozone/integration-test/target/test-dir/MiniOzoneClusterImpl-0561fc2e-9288-4596-b687-0c9fb03504b1/datanode-0/data/ratis/01975efc-f665-495e-a66c-fb247963bed6 has been successfully formatted.
2019-09-20 10:24:23,418 [pool-123-thread-1] INFO  ratis.ContainerStateMachine (ContainerStateMachine.java:loadSnapshot(226)) - group-FB247963BED6: The snapshot info is null. Setting the last applied indexto:(t:0, i:~)
2019-09-20 10:24:23,419 [pool-123-thread-1] INFO  server.RaftServerConfigKeys (ConfUtils.java:logGet(43)) - raft.server.leader.election.timeout = 120s (custom)
2019-09-20 10:24:23,419 [pool-123-thread-1] INFO  server.RaftServerConfigKeys (ConfUtils.java:logGet(43)) - raft.server.log.use.memory = false (default)
2019-09-20 10:24:23,419 [pool-123-thread-1] INFO  server.RaftServerConfigKeys (ConfUtils.java:logGet(43)) - raft.server.log.purge.gap = 1000000 (custom)
2019-09-20 10:24:23,419 [pool-123-thread-1] INFO  server.RaftServerConfigKeys (ConfUtils.java:logGet(43)) - raft.server.log.appender.buffer.byte-limit = 33554432 (custom)
2019-09-20 10:24:23,419 [pool-123-thread-1] INFO  server.RaftServerConfigKeys (ConfUtils.java:logGet(43)) - raft.server.log.segment.size.max = 1048576 (custom)
2019-09-20 10:24:23,419 [pool-123-thread-1] INFO  server.RaftServerConfigKeys (ConfUtils.java:logGet(43)) - raft.server.log.segment.cache.num.max = 2 (custom)
2019-09-20 10:24:23,420 [pool-123-thread-1] INFO  segmented.SegmentedRaftLogWorker (SegmentedRaftLogWorker.java:<init>(172)) - new 60260ec1-e192-4b95-89c8-d924d16a77a9-SegmentedRaftLogWorker:Storage Directory /workdir/hadoop-ozone/integration-test/target/test-dir/MiniOzoneClusterImpl-0561fc2e-9288-4596-b687-0c9fb03504b1/datanode-0/data/ratis/01975efc-f665-495e-a66c-fb247963bed6 for RaftStorage:Storage Directory /workdir/hadoop-ozone/integration-test/target/test-dir/MiniOzoneClusterImpl-0561fc2e-9288-4596-b687-0c9fb03504b1/datanode-0/data/ratis/01975efc-f665-495e-a66c-fb247963bed6
2019-09-20 10:24:23,420 [pool-123-thread-1] INFO  server.RaftServerConfigKeys (ConfUtils.java:logGet(43)) - raft.server.log.queue.byte-limit = 2147483647 (custom)
2019-09-20 10:24:23,420 [pool-123-thread-1] INFO  server.RaftServerConfigKeys (ConfUtils.java:logGet(43)) - raft.server.log.queue.element-limit = 1024 (custom)
2019-09-20 10:24:23,420 [pool-123-thread-1] INFO  server.RaftServerConfigKeys (ConfUtils.java:logGet(43)) - raft.server.log.segment.size.max = 1048576 (custom)
2019-09-20 10:24:23,420 [pool-123-thread-1] INFO  server.RaftServerConfigKeys (ConfUtils.java:logGet(43)) - raft.server.log.preallocated.size = 16384 (custom)
2019-09-20 10:24:23,420 [pool-123-thread-1] INFO  server.RaftServerConfigKeys (ConfUtils.java:logGet(43)) - raft.server.log.write.buffer.size = 33554432 (custom)
2019-09-20 10:24:23,420 [pool-123-thread-1] INFO  server.RaftServerConfigKeys (ConfUtils.java:logGet(43)) - raft.server.log.force.sync.num = 128 (default)
2019-09-20 10:24:23,421 [pool-123-thread-1] INFO  server.RaftServerConfigKeys (ConfUtils.java:logGet(43)) - raft.server.log.statemachine.data.sync = true (default)
2019-09-20 10:24:23,421 [pool-123-thread-1] INFO  server.RaftServerConfigKeys (ConfUtils.java:logGet(43)) - raft.server.log.statemachine.data.sync.timeout = 10s (default)
2019-09-20 10:24:23,421 [pool-123-thread-1] INFO  server.RaftServerConfigKeys (ConfUtils.java:logGet(43)) - raft.server.log.statemachine.data.sync.timeout.retry = -1 (default)
2019-09-20 10:24:23,421 [pool-123-thread-1] INFO  server.RaftServerConfigKeys (ConfUtils.java:logGet(43)) - raft.server.log.statemachine.data.caching.enabled = true (custom)
2019-09-20 10:24:23,421 [pool-123-thread-1] INFO  segmented.SegmentedRaftLogWorker (SegmentedRaftLogWorker.java:lambda$new$0(132)) - 60260ec1-e192-4b95-89c8-d924d16a77a9-SegmentedRaftLogWorker:Storage Directory /workdir/hadoop-ozone/integration-test/target/test-dir/MiniOzoneClusterImpl-0561fc2e-9288-4596-b687-0c9fb03504b1/datanode-0/data/ratis/01975efc-f665-495e-a66c-fb247963bed6: flushIndex: setUnconditionally 0 -> -1
2019-09-20 10:24:23,422 [pool-123-thread-1] INFO  server.RaftServerConfigKeys (ConfUtils.java:logGet(43)) - raft.server.snapshot.auto.trigger.enabled = true (custom)
2019-09-20 10:24:23,422 [pool-123-thread-1] INFO  server.RaftServerConfigKeys (ConfUtils.java:logGet(43)) - raft.server.snapshot.auto.trigger.threshold = 10000 (custom)
2019-09-20 10:24:23,422 [pool-123-thread-1] INFO  server.RaftServerConfigKeys (ConfUtils.java:logGet(43)) - raft.server.retrycache.expirytime = 600000ms (custom)
2019-09-20 10:24:23,423 [pool-123-thread-1] INFO  impl.RaftServerImpl (RaftServerImpl.java:start(180)) - 60260ec1-e192-4b95-89c8-d924d16a77a9: start group-FB247963BED6
2019-09-20 10:24:23,423 [pool-123-thread-1] INFO  impl.RaftServerImpl (RaftServerImpl.java:setRole(171)) - 60260ec1-e192-4b95-89c8-d924d16a77a9:group-FB247963BED6 changes role from null to FOLLOWER at term 0 for startAsFollower
2019-09-20 10:24:23,423 [pool-123-thread-1] INFO  impl.RoleInfo (RoleInfo.java:updateAndGet(143)) - 60260ec1-e192-4b95-89c8-d924d16a77a9: start FollowerState
2019-09-20 10:24:23,423 [pool-123-thread-1] INFO  util.JmxRegister (JmxRegister.java:tryRegister(44)) - Successfully registered JMX Bean with object name Ratis:service=RaftServer,group=group-FB247963BED6,id=60260ec1-e192-4b95-89c8-d924d16a77a9
2019-09-20 10:24:23,426 [RatisPipelineUtilsThread] INFO  pipeline.PipelineStateManager (PipelineStateManager.java:addPipeline(56)) - Created pipeline Pipeline[ Id: 01975efc-f665-495e-a66c-fb247963bed6, Nodes: 60260ec1-e192-4b95-89c8-d924d16a77a9{ip: 192.168.36.99, host: pr-hdds-1569-p5fx8-1226042367, networkLocation: /default-rack, certSerialId: null}, Type:RATIS, Factor:ONE, State:OPEN]
2019-09-20 10:24:23,432 [grpc-default-executor-0] INFO  impl.RaftServerProxy (RaftServerProxy.java:addNew(89)) - 60260ec1-e192-4b95-89c8-d924d16a77a9: addNew group-B32A6AB08CD6:[60260ec1-e192-4b95-89c8-d924d16a77a9:192.168.36.99:34923] returns group-B32A6AB08CD6:java.util.concurrent.CompletableFuture@1fc0d4d[Not completed]
2019-09-20 10:24:23,434 [pool-123-thread-1] INFO  impl.RaftServerImpl (RaftServerImpl.java:<init>(93)) - 60260ec1-e192-4b95-89c8-d924d16a77a9: new RaftServerImpl for group-B32A6AB08CD6:[60260ec1-e192-4b95-89c8-d924d16a77a9:192.168.36.99:34923] with ContainerStateMachine:uninitialized
2019-09-20 10:24:23,434 [pool-123-thread-1] INFO  server.RaftServerConfigKeys (ConfUtils.java:logGet(43)) - raft.server.rpc.timeout.min = 5s (custom)
2019-09-20 10:24:23,434 [pool-123-thread-1] INFO  server.RaftServerConfigKeys (ConfUtils.java:logGet(43)) - raft.server.rpc.timeout.max = 5200ms (custom)
2019-09-20 10:24:23,434 [pool-123-thread-1] INFO  server.RaftServerConfigKeys (ConfUtils.java:logGet(43)) - raft.server.rpcslowness.timeout = 120s (custom)
2019-09-20 10:24:23,434 [pool-123-thread-1] INFO  server.RaftServerConfigKeys (ConfUtils.java:logGet(43)) - raft.server.sleep.deviation.threshold = 300 (default)
2019-09-20 10:24:23,434 [pool-123-thread-1] INFO  server.RaftServerConfigKeys (ConfUtils.java:logGet(43)) - raft.server.log.appender.install.snapshot.enabled = false (custom)
2019-09-20 10:24:23,435 [pool-123-thread-1] INFO  impl.RaftServerImpl (ServerState.java:<init>(105)) - 60260ec1-e192-4b95-89c8-d924d16a77a9:group-B32A6AB08CD6 ConfigurationManager, init=-1: [60260ec1-e192-4b95-89c8-d924d16a77a9:192.168.36.99:34923], old=null, confs=<EMPTY_MAP>
2019-09-20 10:24:23,435 [pool-123-thread-1] INFO  server.RaftServerConfigKeys (ConfUtils.java:logGet(43)) - raft.server.storage.dir = [/workdir/hadoop-ozone/integration-test/target/test-dir/MiniOzoneClusterImpl-0561fc2e-9288-4596-b687-0c9fb03504b1/datanode-0/data/ratis] (custom)
2019-09-20 10:24:23,435 [pool-123-thread-1] INFO  storage.RaftStorageDirectory (RaftStorageDirectory.java:analyzeStorage(246)) - The storage directory /workdir/hadoop-ozone/integration-test/target/test-dir/MiniOzoneClusterImpl-0561fc2e-9288-4596-b687-0c9fb03504b1/datanode-0/data/ratis/7d47b783-bd2e-4259-b29a-b32a6ab08cd6 does not exist. Creating ...
2019-09-20 10:24:23,460 [pool-123-thread-1] INFO  storage.RaftStorageDirectory (RaftStorageDirectory.java:tryLock(328)) - Lock on /workdir/hadoop-ozone/integration-test/target/test-dir/MiniOzoneClusterImpl-0561fc2e-9288-4596-b687-0c9fb03504b1/datanode-0/data/ratis/7d47b783-bd2e-4259-b29a-b32a6ab08cd6/in_use.lock acquired by nodename 28506@pr-hdds-1569-p5fx8-1226042367
2019-09-20 10:24:23,485 [pool-123-thread-1] INFO  storage.RaftStorage (RaftStorage.java:format(72)) - Storage directory /workdir/hadoop-ozone/integration-test/target/test-dir/MiniOzoneClusterImpl-0561fc2e-9288-4596-b687-0c9fb03504b1/datanode-0/data/ratis/7d47b783-bd2e-4259-b29a-b32a6ab08cd6 has been successfully formatted.
2019-09-20 10:24:23,486 [pool-123-thread-1] INFO  ratis.ContainerStateMachine (ContainerStateMachine.java:loadSnapshot(226)) - group-B32A6AB08CD6: The snapshot info is null. Setting the last applied indexto:(t:0, i:~)
2019-09-20 10:24:23,486 [pool-123-thread-1] INFO  server.RaftServerConfigKeys (ConfUtils.java:logGet(43)) - raft.server.leader.election.timeout = 120s (custom)
2019-09-20 10:24:23,486 [pool-123-thread-1] INFO  server.RaftServerConfigKeys (ConfUtils.java:logGet(43)) - raft.server.log.use.memory = false (default)
2019-09-20 10:24:23,486 [pool-123-thread-1] INFO  server.RaftServerConfigKeys (ConfUtils.java:logGet(43)) - raft.server.log.purge.gap = 1000000 (custom)
2019-09-20 10:24:23,486 [pool-123-thread-1] INFO  server.RaftServerConfigKeys (ConfUtils.java:logGet(43)) - raft.server.log.appender.buffer.byte-limit = 33554432 (custom)
2019-09-20 10:24:23,486 [pool-123-thread-1] INFO  server.RaftServerConfigKeys (ConfUtils.java:logGet(43)) - raft.server.log.segment.size.max = 1048576 (custom)
2019-09-20 10:24:23,487 [pool-123-thread-1] INFO  server.RaftServerConfigKeys (ConfUtils.java:logGet(43)) - raft.server.log.segment.cache.num.max = 2 (custom)
2019-09-20 10:24:23,487 [pool-123-thread-1] INFO  segmented.SegmentedRaftLogWorker (SegmentedRaftLogWorker.java:<init>(172)) - new 60260ec1-e192-4b95-89c8-d924d16a77a9-SegmentedRaftLogWorker:Storage Directory /workdir/hadoop-ozone/integration-test/target/test-dir/MiniOzoneClusterImpl-0561fc2e-9288-4596-b687-0c9fb03504b1/datanode-0/data/ratis/7d47b783-bd2e-4259-b29a-b32a6ab08cd6 for RaftStorage:Storage Directory /workdir/hadoop-ozone/integration-test/target/test-dir/MiniOzoneClusterImpl-0561fc2e-9288-4596-b687-0c9fb03504b1/datanode-0/data/ratis/7d47b783-bd2e-4259-b29a-b32a6ab08cd6
2019-09-20 10:24:23,487 [pool-123-thread-1] INFO  server.RaftServerConfigKeys (ConfUtils.java:logGet(43)) - raft.server.log.queue.byte-limit = 2147483647 (custom)
2019-09-20 10:24:23,487 [pool-123-thread-1] INFO  server.RaftServerConfigKeys (ConfUtils.java:logGet(43)) - raft.server.log.queue.element-limit = 1024 (custom)
2019-09-20 10:24:23,487 [pool-123-thread-1] INFO  server.RaftServerConfigKeys (ConfUtils.java:logGet(43)) - raft.server.log.segment.size.max = 1048576 (custom)
2019-09-20 10:24:23,487 [pool-123-thread-1] INFO  server.RaftServerConfigKeys (ConfUtils.java:logGet(43)) - raft.server.log.preallocated.size = 16384 (custom)
2019-09-20 10:24:23,488 [pool-123-thread-1] INFO  server.RaftServerConfigKeys (ConfUtils.java:logGet(43)) - raft.server.log.write.buffer.size = 33554432 (custom)
2019-09-20 10:24:23,488 [pool-123-thread-1] INFO  server.RaftServerConfigKeys (ConfUtils.java:logGet(43)) - raft.server.log.force.sync.num = 128 (default)
2019-09-20 10:24:23,488 [pool-123-thread-1] INFO  server.RaftServerConfigKeys (ConfUtils.java:logGet(43)) - raft.server.log.statemachine.data.sync = true (default)
2019-09-20 10:24:23,488 [pool-123-thread-1] INFO  server.RaftServerConfigKeys (ConfUtils.java:logGet(43)) - raft.server.log.statemachine.data.sync.timeout = 10s (default)
2019-09-20 10:24:23,488 [pool-123-thread-1] INFO  server.RaftServerConfigKeys (ConfUtils.java:logGet(43)) - raft.server.log.statemachine.data.sync.timeout.retry = -1 (default)
2019-09-20 10:24:23,488 [pool-123-thread-1] INFO  server.RaftServerConfigKeys (ConfUtils.java:logGet(43)) - raft.server.log.statemachine.data.caching.enabled = true (custom)
2019-09-20 10:24:23,489 [pool-123-thread-1] INFO  segmented.SegmentedRaftLogWorker (SegmentedRaftLogWorker.java:lambda$new$0(132)) - 60260ec1-e192-4b95-89c8-d924d16a77a9-SegmentedRaftLogWorker:Storage Directory /workdir/hadoop-ozone/integration-test/target/test-dir/MiniOzoneClusterImpl-0561fc2e-9288-4596-b687-0c9fb03504b1/datanode-0/data/ratis/7d47b783-bd2e-4259-b29a-b32a6ab08cd6: flushIndex: setUnconditionally 0 -> -1
2019-09-20 10:24:23,489 [pool-123-thread-1] INFO  server.RaftServerConfigKeys (ConfUtils.java:logGet(43)) - raft.server.snapshot.auto.trigger.enabled = true (custom)
2019-09-20 10:24:23,489 [pool-123-thread-1] INFO  server.RaftServerConfigKeys (ConfUtils.java:logGet(43)) - raft.server.snapshot.auto.trigger.threshold = 10000 (custom)
2019-09-20 10:24:23,490 [pool-123-thread-1] INFO  server.RaftServerConfigKeys (ConfUtils.java:logGet(43)) - raft.server.retrycache.expirytime = 600000ms (custom)
2019-09-20 10:24:23,490 [IPC Server handler 3 on 39538] INFO  net.NetworkTopology (NetworkTopologyImpl.java:add(110)) - Added a new node: /default-rack/54207fe5-d92c-4c2e-b058-fbae630dabef
2019-09-20 10:24:23,490 [pool-123-thread-1] INFO  impl.RaftServerImpl (RaftServerImpl.java:start(180)) - 60260ec1-e192-4b95-89c8-d924d16a77a9: start group-B32A6AB08CD6
2019-09-20 10:24:23,490 [IPC Server handler 3 on 39538] INFO  node.SCMNodeManager (SCMNodeManager.java:register(273)) - Registered Data node : 54207fe5-d92c-4c2e-b058-fbae630dabef{ip: 192.168.36.99, host: pr-hdds-1569-p5fx8-1226042367, networkLocation: /default-rack, certSerialId: null}
2019-09-20 10:24:23,490 [pool-123-thread-1] INFO  impl.RaftServerImpl (RaftServerImpl.java:setRole(171)) - 60260ec1-e192-4b95-89c8-d924d16a77a9:group-B32A6AB08CD6 changes role from null to FOLLOWER at term 0 for startAsFollower
2019-09-20 10:24:23,491 [pool-123-thread-1] INFO  impl.RoleInfo (RoleInfo.java:updateAndGet(143)) - 60260ec1-e192-4b95-89c8-d924d16a77a9: start FollowerState
2019-09-20 10:24:23,491 | INFO  | SCMAudit | user=jenkins1000 | ip=192.168.36.99 | op=REGISTER {datanodeDetails=54207fe5-d92c-4c2e-b058-fbae630dabef{ip: 192.168.36.99, host: pr-hdds-1569-p5fx8-1226042367, networkLocation: /default-rack, certSerialId: null}} | ret=SUCCESS |  
2019-09-20 10:24:23,491 [pool-123-thread-1] INFO  util.JmxRegister (JmxRegister.java:tryRegister(44)) - Successfully registered JMX Bean with object name Ratis:service=RaftServer,group=group-B32A6AB08CD6,id=60260ec1-e192-4b95-89c8-d924d16a77a9
2019-09-20 10:24:23,494 [RatisPipelineUtilsThread] INFO  pipeline.PipelineStateManager (PipelineStateManager.java:addPipeline(56)) - Created pipeline Pipeline[ Id: 7d47b783-bd2e-4259-b29a-b32a6ab08cd6, Nodes: 60260ec1-e192-4b95-89c8-d924d16a77a9{ip: 192.168.36.99, host: pr-hdds-1569-p5fx8-1226042367, networkLocation: /default-rack, certSerialId: null}, Type:RATIS, Factor:ONE, State:OPEN]
2019-09-20 10:24:23,495 [RatisPipelineUtilsThread] INFO  pipeline.PipelinePlacementPolicy (PipelinePlacementPolicy.java:meetCriteria(91)) - Pipeline Placement: Doesn't meet the criteria to be viable node： 60260ec1-e192-4b95-89c8-d924d16a77a9 Heaviness: 6 limit: 5
2019-09-20 10:24:23,501 [grpc-default-executor-0] INFO  impl.RaftServerProxy (RaftServerProxy.java:addNew(89)) - d2ed2d9b-7ac7-460e-84f6-6d9d6066f76d: addNew group-F9AD220B434B:[d2ed2d9b-7ac7-460e-84f6-6d9d6066f76d:192.168.36.99:37669] returns group-F9AD220B434B:java.util.concurrent.CompletableFuture@2932c69b[Not completed]
2019-09-20 10:24:23,510 [pool-134-thread-1] INFO  impl.RaftServerImpl (RaftServerImpl.java:<init>(93)) - d2ed2d9b-7ac7-460e-84f6-6d9d6066f76d: new RaftServerImpl for group-F9AD220B434B:[d2ed2d9b-7ac7-460e-84f6-6d9d6066f76d:192.168.36.99:37669] with ContainerStateMachine:uninitialized
2019-09-20 10:24:23,510 [pool-134-thread-1] INFO  server.RaftServerConfigKeys (ConfUtils.java:logGet(43)) - raft.server.rpc.timeout.min = 5s (custom)
2019-09-20 10:24:23,510 [pool-134-thread-1] INFO  server.RaftServerConfigKeys (ConfUtils.java:logGet(43)) - raft.server.rpc.timeout.max = 5200ms (custom)
2019-09-20 10:24:23,510 [pool-134-thread-1] INFO  server.RaftServerConfigKeys (ConfUtils.java:logGet(43)) - raft.server.rpcslowness.timeout = 120s (custom)
2019-09-20 10:24:23,510 [pool-134-thread-1] INFO  server.RaftServerConfigKeys (ConfUtils.java:logGet(43)) - raft.server.sleep.deviation.threshold = 300 (default)
2019-09-20 10:24:23,510 [pool-134-thread-1] INFO  server.RaftServerConfigKeys (ConfUtils.java:logGet(43)) - raft.server.log.appender.install.snapshot.enabled = false (custom)
2019-09-20 10:24:23,510 [pool-134-thread-1] INFO  impl.RaftServerImpl (ServerState.java:<init>(105)) - d2ed2d9b-7ac7-460e-84f6-6d9d6066f76d:group-F9AD220B434B ConfigurationManager, init=-1: [d2ed2d9b-7ac7-460e-84f6-6d9d6066f76d:192.168.36.99:37669], old=null, confs=<EMPTY_MAP>
2019-09-20 10:24:23,511 [pool-134-thread-1] INFO  server.RaftServerConfigKeys (ConfUtils.java:logGet(43)) - raft.server.storage.dir = [/workdir/hadoop-ozone/integration-test/target/test-dir/MiniOzoneClusterImpl-0561fc2e-9288-4596-b687-0c9fb03504b1/datanode-1/data/ratis] (custom)
2019-09-20 10:24:23,511 [pool-134-thread-1] INFO  storage.RaftStorageDirectory (RaftStorageDirectory.java:analyzeStorage(246)) - The storage directory /workdir/hadoop-ozone/integration-test/target/test-dir/MiniOzoneClusterImpl-0561fc2e-9288-4596-b687-0c9fb03504b1/datanode-1/data/ratis/1fcfd1d4-00ad-4d17-a1af-f9ad220b434b does not exist. Creating ...
2019-09-20 10:24:23,536 [pool-134-thread-1] INFO  storage.RaftStorageDirectory (RaftStorageDirectory.java:tryLock(328)) - Lock on /workdir/hadoop-ozone/integration-test/target/test-dir/MiniOzoneClusterImpl-0561fc2e-9288-4596-b687-0c9fb03504b1/datanode-1/data/ratis/1fcfd1d4-00ad-4d17-a1af-f9ad220b434b/in_use.lock acquired by nodename 28506@pr-hdds-1569-p5fx8-1226042367
2019-09-20 10:24:23,553 [pool-134-thread-1] INFO  storage.RaftStorage (RaftStorage.java:format(72)) - Storage directory /workdir/hadoop-ozone/integration-test/target/test-dir/MiniOzoneClusterImpl-0561fc2e-9288-4596-b687-0c9fb03504b1/datanode-1/data/ratis/1fcfd1d4-00ad-4d17-a1af-f9ad220b434b has been successfully formatted.
2019-09-20 10:24:23,554 [pool-134-thread-1] INFO  ratis.ContainerStateMachine (ContainerStateMachine.java:loadSnapshot(226)) - group-F9AD220B434B: The snapshot info is null. Setting the last applied indexto:(t:0, i:~)
2019-09-20 10:24:23,554 [pool-134-thread-1] INFO  server.RaftServerConfigKeys (ConfUtils.java:logGet(43)) - raft.server.leader.election.timeout = 120s (custom)
2019-09-20 10:24:23,554 [pool-134-thread-1] INFO  server.RaftServerConfigKeys (ConfUtils.java:logGet(43)) - raft.server.log.use.memory = false (default)
2019-09-20 10:24:23,554 [pool-134-thread-1] INFO  server.RaftServerConfigKeys (ConfUtils.java:logGet(43)) - raft.server.log.purge.gap = 1000000 (custom)
2019-09-20 10:24:23,554 [pool-134-thread-1] INFO  server.RaftServerConfigKeys (ConfUtils.java:logGet(43)) - raft.server.log.appender.buffer.byte-limit = 33554432 (custom)
2019-09-20 10:24:23,555 [pool-134-thread-1] INFO  server.RaftServerConfigKeys (ConfUtils.java:logGet(43)) - raft.server.log.segment.size.max = 1048576 (custom)
2019-09-20 10:24:23,555 [pool-134-thread-1] INFO  server.RaftServerConfigKeys (ConfUtils.java:logGet(43)) - raft.server.log.segment.cache.num.max = 2 (custom)
2019-09-20 10:24:23,555 [pool-134-thread-1] INFO  segmented.SegmentedRaftLogWorker (SegmentedRaftLogWorker.java:<init>(172)) - new d2ed2d9b-7ac7-460e-84f6-6d9d6066f76d-SegmentedRaftLogWorker:Storage Directory /workdir/hadoop-ozone/integration-test/target/test-dir/MiniOzoneClusterImpl-0561fc2e-9288-4596-b687-0c9fb03504b1/datanode-1/data/ratis/1fcfd1d4-00ad-4d17-a1af-f9ad220b434b for RaftStorage:Storage Directory /workdir/hadoop-ozone/integration-test/target/test-dir/MiniOzoneClusterImpl-0561fc2e-9288-4596-b687-0c9fb03504b1/datanode-1/data/ratis/1fcfd1d4-00ad-4d17-a1af-f9ad220b434b
2019-09-20 10:24:23,555 [pool-134-thread-1] INFO  server.RaftServerConfigKeys (ConfUtils.java:logGet(43)) - raft.server.log.queue.byte-limit = 2147483647 (custom)
2019-09-20 10:24:23,555 [pool-134-thread-1] INFO  server.RaftServerConfigKeys (ConfUtils.java:logGet(43)) - raft.server.log.queue.element-limit = 1024 (custom)
2019-09-20 10:24:23,556 [pool-134-thread-1] INFO  server.RaftServerConfigKeys (ConfUtils.java:logGet(43)) - raft.server.log.segment.size.max = 1048576 (custom)
2019-09-20 10:24:23,556 [pool-134-thread-1] INFO  server.RaftServerConfigKeys (ConfUtils.java:logGet(43)) - raft.server.log.preallocated.size = 16384 (custom)
2019-09-20 10:24:23,556 [pool-134-thread-1] INFO  server.RaftServerConfigKeys (ConfUtils.java:logGet(43)) - raft.server.log.write.buffer.size = 33554432 (custom)
2019-09-20 10:24:23,556 [pool-134-thread-1] INFO  server.RaftServerConfigKeys (ConfUtils.java:logGet(43)) - raft.server.log.force.sync.num = 128 (default)
2019-09-20 10:24:23,556 [pool-134-thread-1] INFO  server.RaftServerConfigKeys (ConfUtils.java:logGet(43)) - raft.server.log.statemachine.data.sync = true (default)
2019-09-20 10:24:23,556 [pool-134-thread-1] INFO  server.RaftServerConfigKeys (ConfUtils.java:logGet(43)) - raft.server.log.statemachine.data.sync.timeout = 10s (default)
2019-09-20 10:24:23,557 [pool-134-thread-1] INFO  server.RaftServerConfigKeys (ConfUtils.java:logGet(43)) - raft.server.log.statemachine.data.sync.timeout.retry = -1 (default)
2019-09-20 10:24:23,557 [pool-134-thread-1] INFO  server.RaftServerConfigKeys (ConfUtils.java:logGet(43)) - raft.server.log.statemachine.data.caching.enabled = true (custom)
2019-09-20 10:24:23,557 [pool-134-thread-1] INFO  segmented.SegmentedRaftLogWorker (SegmentedRaftLogWorker.java:lambda$new$0(132)) - d2ed2d9b-7ac7-460e-84f6-6d9d6066f76d-SegmentedRaftLogWorker:Storage Directory /workdir/hadoop-ozone/integration-test/target/test-dir/MiniOzoneClusterImpl-0561fc2e-9288-4596-b687-0c9fb03504b1/datanode-1/data/ratis/1fcfd1d4-00ad-4d17-a1af-f9ad220b434b: flushIndex: setUnconditionally 0 -> -1
2019-09-20 10:24:23,558 [pool-134-thread-1] INFO  server.RaftServerConfigKeys (ConfUtils.java:logGet(43)) - raft.server.snapshot.auto.trigger.enabled = true (custom)
2019-09-20 10:24:23,558 [pool-134-thread-1] INFO  server.RaftServerConfigKeys (ConfUtils.java:logGet(43)) - raft.server.snapshot.auto.trigger.threshold = 10000 (custom)
2019-09-20 10:24:23,558 [pool-134-thread-1] INFO  server.RaftServerConfigKeys (ConfUtils.java:logGet(43)) - raft.server.retrycache.expirytime = 600000ms (custom)
2019-09-20 10:24:23,558 [pool-134-thread-1] INFO  impl.RaftServerImpl (RaftServerImpl.java:start(180)) - d2ed2d9b-7ac7-460e-84f6-6d9d6066f76d: start group-F9AD220B434B
2019-09-20 10:24:23,558 [pool-134-thread-1] INFO  impl.RaftServerImpl (RaftServerImpl.java:setRole(171)) - d2ed2d9b-7ac7-460e-84f6-6d9d6066f76d:group-F9AD220B434B changes role from null to FOLLOWER at term 0 for startAsFollower
2019-09-20 10:24:23,559 [pool-134-thread-1] INFO  impl.RoleInfo (RoleInfo.java:updateAndGet(143)) - d2ed2d9b-7ac7-460e-84f6-6d9d6066f76d: start FollowerState
2019-09-20 10:24:23,559 [pool-134-thread-1] INFO  util.JmxRegister (JmxRegister.java:tryRegister(44)) - Successfully registered JMX Bean with object name Ratis:service=RaftServer,group=group-F9AD220B434B,id=d2ed2d9b-7ac7-460e-84f6-6d9d6066f76d
2019-09-20 10:24:23,563 [RatisPipelineUtilsThread] INFO  pipeline.PipelineStateManager (PipelineStateManager.java:addPipeline(56)) - Created pipeline Pipeline[ Id: 1fcfd1d4-00ad-4d17-a1af-f9ad220b434b, Nodes: d2ed2d9b-7ac7-460e-84f6-6d9d6066f76d{ip: 192.168.36.99, host: pr-hdds-1569-p5fx8-1226042367, networkLocation: /default-rack, certSerialId: null}, Type:RATIS, Factor:ONE, State:OPEN]
2019-09-20 10:24:23,563 [RatisPipelineUtilsThread] INFO  pipeline.PipelinePlacementPolicy (PipelinePlacementPolicy.java:meetCriteria(91)) - Pipeline Placement: Doesn't meet the criteria to be viable node： 60260ec1-e192-4b95-89c8-d924d16a77a9 Heaviness: 6 limit: 5
2019-09-20 10:24:23,570 [grpc-default-executor-0] INFO  impl.RaftServerProxy (RaftServerProxy.java:addNew(89)) - d2ed2d9b-7ac7-460e-84f6-6d9d6066f76d: addNew group-279E49428CB6:[d2ed2d9b-7ac7-460e-84f6-6d9d6066f76d:192.168.36.99:37669] returns group-279E49428CB6:java.util.concurrent.CompletableFuture@7e0a005e[Not completed]
2019-09-20 10:24:23,572 [pool-134-thread-1] INFO  impl.RaftServerImpl (RaftServerImpl.java:<init>(93)) - d2ed2d9b-7ac7-460e-84f6-6d9d6066f76d: new RaftServerImpl for group-279E49428CB6:[d2ed2d9b-7ac7-460e-84f6-6d9d6066f76d:192.168.36.99:37669] with ContainerStateMachine:uninitialized
2019-09-20 10:24:23,572 [pool-134-thread-1] INFO  server.RaftServerConfigKeys (ConfUtils.java:logGet(43)) - raft.server.rpc.timeout.min = 5s (custom)
2019-09-20 10:24:23,572 [pool-134-thread-1] INFO  server.RaftServerConfigKeys (ConfUtils.java:logGet(43)) - raft.server.rpc.timeout.max = 5200ms (custom)
2019-09-20 10:24:23,572 [pool-134-thread-1] INFO  server.RaftServerConfigKeys (ConfUtils.java:logGet(43)) - raft.server.rpcslowness.timeout = 120s (custom)
2019-09-20 10:24:23,572 [pool-134-thread-1] INFO  server.RaftServerConfigKeys (ConfUtils.java:logGet(43)) - raft.server.sleep.deviation.threshold = 300 (default)
2019-09-20 10:24:23,572 [pool-134-thread-1] INFO  server.RaftServerConfigKeys (ConfUtils.java:logGet(43)) - raft.server.log.appender.install.snapshot.enabled = false (custom)
2019-09-20 10:24:23,572 [pool-134-thread-1] INFO  impl.RaftServerImpl (ServerState.java:<init>(105)) - d2ed2d9b-7ac7-460e-84f6-6d9d6066f76d:group-279E49428CB6 ConfigurationManager, init=-1: [d2ed2d9b-7ac7-460e-84f6-6d9d6066f76d:192.168.36.99:37669], old=null, confs=<EMPTY_MAP>
2019-09-20 10:24:23,573 [pool-134-thread-1] INFO  server.RaftServerConfigKeys (ConfUtils.java:logGet(43)) - raft.server.storage.dir = [/workdir/hadoop-ozone/integration-test/target/test-dir/MiniOzoneClusterImpl-0561fc2e-9288-4596-b687-0c9fb03504b1/datanode-1/data/ratis] (custom)
2019-09-20 10:24:23,573 [pool-134-thread-1] INFO  storage.RaftStorageDirectory (RaftStorageDirectory.java:analyzeStorage(246)) - The storage directory /workdir/hadoop-ozone/integration-test/target/test-dir/MiniOzoneClusterImpl-0561fc2e-9288-4596-b687-0c9fb03504b1/datanode-1/data/ratis/d0e2f3fe-4908-4ff7-920b-279e49428cb6 does not exist. Creating ...
2019-09-20 10:24:23,596 | INFO  | SCMAudit | user=jenkins1000 | ip=192.168.36.99 | op=SEND_HEARTBEAT {datanodeUUID=1ab786b9-c79c-4265-88a1-5b3344c6beda, command=[]} | ret=SUCCESS |  
2019-09-20 10:24:23,596 [main] INFO  ozone.MiniOzoneClusterImpl (MiniOzoneClusterImpl.java:lambda$waitForClusterToBeReady$0(142)) - Waiting for cluster to be ready. Got 3 of 7 DN Heartbeats.
2019-09-20 10:24:23,612 [pool-134-thread-1] INFO  storage.RaftStorageDirectory (RaftStorageDirectory.java:tryLock(328)) - Lock on /workdir/hadoop-ozone/integration-test/target/test-dir/MiniOzoneClusterImpl-0561fc2e-9288-4596-b687-0c9fb03504b1/datanode-1/data/ratis/d0e2f3fe-4908-4ff7-920b-279e49428cb6/in_use.lock acquired by nodename 28506@pr-hdds-1569-p5fx8-1226042367
2019-09-20 10:24:23,645 [pool-134-thread-1] INFO  storage.RaftStorage (RaftStorage.java:format(72)) - Storage directory /workdir/hadoop-ozone/integration-test/target/test-dir/MiniOzoneClusterImpl-0561fc2e-9288-4596-b687-0c9fb03504b1/datanode-1/data/ratis/d0e2f3fe-4908-4ff7-920b-279e49428cb6 has been successfully formatted.
2019-09-20 10:24:23,646 [pool-134-thread-1] INFO  ratis.ContainerStateMachine (ContainerStateMachine.java:loadSnapshot(226)) - group-279E49428CB6: The snapshot info is null. Setting the last applied indexto:(t:0, i:~)
2019-09-20 10:24:23,646 [pool-134-thread-1] INFO  server.RaftServerConfigKeys (ConfUtils.java:logGet(43)) - raft.server.leader.election.timeout = 120s (custom)
2019-09-20 10:24:23,646 [pool-134-thread-1] INFO  server.RaftServerConfigKeys (ConfUtils.java:logGet(43)) - raft.server.log.use.memory = false (default)
2019-09-20 10:24:23,646 [pool-134-thread-1] INFO  server.RaftServerConfigKeys (ConfUtils.java:logGet(43)) - raft.server.log.purge.gap = 1000000 (custom)
2019-09-20 10:24:23,646 [pool-134-thread-1] INFO  server.RaftServerConfigKeys (ConfUtils.java:logGet(43)) - raft.server.log.appender.buffer.byte-limit = 33554432 (custom)
2019-09-20 10:24:23,647 [pool-134-thread-1] INFO  server.RaftServerConfigKeys (ConfUtils.java:logGet(43)) - raft.server.log.segment.size.max = 1048576 (custom)
2019-09-20 10:24:23,647 [pool-134-thread-1] INFO  server.RaftServerConfigKeys (ConfUtils.java:logGet(43)) - raft.server.log.segment.cache.num.max = 2 (custom)
2019-09-20 10:24:23,647 [pool-134-thread-1] INFO  segmented.SegmentedRaftLogWorker (SegmentedRaftLogWorker.java:<init>(172)) - new d2ed2d9b-7ac7-460e-84f6-6d9d6066f76d-SegmentedRaftLogWorker:Storage Directory /workdir/hadoop-ozone/integration-test/target/test-dir/MiniOzoneClusterImpl-0561fc2e-9288-4596-b687-0c9fb03504b1/datanode-1/data/ratis/d0e2f3fe-4908-4ff7-920b-279e49428cb6 for RaftStorage:Storage Directory /workdir/hadoop-ozone/integration-test/target/test-dir/MiniOzoneClusterImpl-0561fc2e-9288-4596-b687-0c9fb03504b1/datanode-1/data/ratis/d0e2f3fe-4908-4ff7-920b-279e49428cb6
2019-09-20 10:24:23,647 [pool-134-thread-1] INFO  server.RaftServerConfigKeys (ConfUtils.java:logGet(43)) - raft.server.log.queue.byte-limit = 2147483647 (custom)
2019-09-20 10:24:23,647 [pool-134-thread-1] INFO  server.RaftServerConfigKeys (ConfUtils.java:logGet(43)) - raft.server.log.queue.element-limit = 1024 (custom)
2019-09-20 10:24:23,648 [pool-134-thread-1] INFO  server.RaftServerConfigKeys (ConfUtils.java:logGet(43)) - raft.server.log.segment.size.max = 1048576 (custom)
2019-09-20 10:24:23,648 [pool-134-thread-1] INFO  server.RaftServerConfigKeys (ConfUtils.java:logGet(43)) - raft.server.log.preallocated.size = 16384 (custom)
2019-09-20 10:24:23,648 [pool-134-thread-1] INFO  server.RaftServerConfigKeys (ConfUtils.java:logGet(43)) - raft.server.log.write.buffer.size = 33554432 (custom)
2019-09-20 10:24:23,648 [pool-134-thread-1] INFO  server.RaftServerConfigKeys (ConfUtils.java:logGet(43)) - raft.server.log.force.sync.num = 128 (default)
2019-09-20 10:24:23,648 [pool-134-thread-1] INFO  server.RaftServerConfigKeys (ConfUtils.java:logGet(43)) - raft.server.log.statemachine.data.sync = true (default)
2019-09-20 10:24:23,649 [pool-134-thread-1] INFO  server.RaftServerConfigKeys (ConfUtils.java:logGet(43)) - raft.server.log.statemachine.data.sync.timeout = 10s (default)
2019-09-20 10:24:23,649 [pool-134-thread-1] INFO  server.RaftServerConfigKeys (ConfUtils.java:logGet(43)) - raft.server.log.statemachine.data.sync.timeout.retry = -1 (default)
2019-09-20 10:24:23,649 [pool-134-thread-1] INFO  server.RaftServerConfigKeys (ConfUtils.java:logGet(43)) - raft.server.log.statemachine.data.caching.enabled = true (custom)
2019-09-20 10:24:23,649 [pool-134-thread-1] INFO  segmented.SegmentedRaftLogWorker (SegmentedRaftLogWorker.java:lambda$new$0(132)) - d2ed2d9b-7ac7-460e-84f6-6d9d6066f76d-SegmentedRaftLogWorker:Storage Directory /workdir/hadoop-ozone/integration-test/target/test-dir/MiniOzoneClusterImpl-0561fc2e-9288-4596-b687-0c9fb03504b1/datanode-1/data/ratis/d0e2f3fe-4908-4ff7-920b-279e49428cb6: flushIndex: setUnconditionally 0 -> -1
2019-09-20 10:24:23,650 [pool-134-thread-1] INFO  server.RaftServerConfigKeys (ConfUtils.java:logGet(43)) - raft.server.snapshot.auto.trigger.enabled = true (custom)
2019-09-20 10:24:23,650 [pool-134-thread-1] INFO  server.RaftServerConfigKeys (ConfUtils.java:logGet(43)) - raft.server.snapshot.auto.trigger.threshold = 10000 (custom)
2019-09-20 10:24:23,650 [pool-134-thread-1] INFO  server.RaftServerConfigKeys (ConfUtils.java:logGet(43)) - raft.server.retrycache.expirytime = 600000ms (custom)
2019-09-20 10:24:23,651 [pool-134-thread-1] INFO  impl.RaftServerImpl (RaftServerImpl.java:start(180)) - d2ed2d9b-7ac7-460e-84f6-6d9d6066f76d: start group-279E49428CB6
2019-09-20 10:24:23,651 [pool-134-thread-1] INFO  impl.RaftServerImpl (RaftServerImpl.java:setRole(171)) - d2ed2d9b-7ac7-460e-84f6-6d9d6066f76d:group-279E49428CB6 changes role from null to FOLLOWER at term 0 for startAsFollower
2019-09-20 10:24:23,651 [pool-134-thread-1] INFO  impl.RoleInfo (RoleInfo.java:updateAndGet(143)) - d2ed2d9b-7ac7-460e-84f6-6d9d6066f76d: start FollowerState
2019-09-20 10:24:23,651 [pool-134-thread-1] INFO  util.JmxRegister (JmxRegister.java:tryRegister(44)) - Successfully registered JMX Bean with object name Ratis:service=RaftServer,group=group-279E49428CB6,id=d2ed2d9b-7ac7-460e-84f6-6d9d6066f76d
2019-09-20 10:24:23,655 [RatisPipelineUtilsThread] INFO  pipeline.PipelineStateManager (PipelineStateManager.java:addPipeline(56)) - Created pipeline Pipeline[ Id: d0e2f3fe-4908-4ff7-920b-279e49428cb6, Nodes: d2ed2d9b-7ac7-460e-84f6-6d9d6066f76d{ip: 192.168.36.99, host: pr-hdds-1569-p5fx8-1226042367, networkLocation: /default-rack, certSerialId: null}, Type:RATIS, Factor:ONE, State:OPEN]
2019-09-20 10:24:23,656 [RatisPipelineUtilsThread] INFO  pipeline.PipelinePlacementPolicy (PipelinePlacementPolicy.java:meetCriteria(91)) - Pipeline Placement: Doesn't meet the criteria to be viable node： 60260ec1-e192-4b95-89c8-d924d16a77a9 Heaviness: 6 limit: 5
2019-09-20 10:24:23,669 [grpc-default-executor-0] INFO  impl.RaftServerProxy (RaftServerProxy.java:addNew(89)) - 54207fe5-d92c-4c2e-b058-fbae630dabef: addNew group-E17F4611DBE4:[54207fe5-d92c-4c2e-b058-fbae630dabef:192.168.36.99:37075] returns group-E17F4611DBE4:java.util.concurrent.CompletableFuture@4d04f0fb[Not completed]
2019-09-20 10:24:23,670 [pool-145-thread-1] INFO  impl.RaftServerImpl (RaftServerImpl.java:<init>(93)) - 54207fe5-d92c-4c2e-b058-fbae630dabef: new RaftServerImpl for group-E17F4611DBE4:[54207fe5-d92c-4c2e-b058-fbae630dabef:192.168.36.99:37075] with ContainerStateMachine:uninitialized
2019-09-20 10:24:23,670 [pool-145-thread-1] INFO  server.RaftServerConfigKeys (ConfUtils.java:logGet(43)) - raft.server.rpc.timeout.min = 5s (custom)
2019-09-20 10:24:23,671 [pool-145-thread-1] INFO  server.RaftServerConfigKeys (ConfUtils.java:logGet(43)) - raft.server.rpc.timeout.max = 5200ms (custom)
2019-09-20 10:24:23,671 [pool-145-thread-1] INFO  server.RaftServerConfigKeys (ConfUtils.java:logGet(43)) - raft.server.rpcslowness.timeout = 120s (custom)
2019-09-20 10:24:23,671 [pool-145-thread-1] INFO  server.RaftServerConfigKeys (ConfUtils.java:logGet(43)) - raft.server.sleep.deviation.threshold = 300 (default)
2019-09-20 10:24:23,671 [pool-145-thread-1] INFO  server.RaftServerConfigKeys (ConfUtils.java:logGet(43)) - raft.server.log.appender.install.snapshot.enabled = false (custom)
2019-09-20 10:24:23,671 [pool-145-thread-1] INFO  impl.RaftServerImpl (ServerState.java:<init>(105)) - 54207fe5-d92c-4c2e-b058-fbae630dabef:group-E17F4611DBE4 ConfigurationManager, init=-1: [54207fe5-d92c-4c2e-b058-fbae630dabef:192.168.36.99:37075], old=null, confs=<EMPTY_MAP>
2019-09-20 10:24:23,671 [pool-145-thread-1] INFO  server.RaftServerConfigKeys (ConfUtils.java:logGet(43)) - raft.server.storage.dir = [/workdir/hadoop-ozone/integration-test/target/test-dir/MiniOzoneClusterImpl-0561fc2e-9288-4596-b687-0c9fb03504b1/datanode-2/data/ratis] (custom)
2019-09-20 10:24:23,672 [pool-145-thread-1] INFO  storage.RaftStorageDirectory (RaftStorageDirectory.java:analyzeStorage(246)) - The storage directory /workdir/hadoop-ozone/integration-test/target/test-dir/MiniOzoneClusterImpl-0561fc2e-9288-4596-b687-0c9fb03504b1/datanode-2/data/ratis/211d65a9-78b9-4744-9042-e17f4611dbe4 does not exist. Creating ...
2019-09-20 10:24:23,681 | INFO  | SCMAudit | user=jenkins1000 | ip=192.168.36.99 | op=SEND_HEARTBEAT {datanodeUUID=3d6f3241-e73c-473a-ad0b-c7be2f7e1dda, command=[]} | ret=SUCCESS |  
2019-09-20 10:24:23,696 [pool-145-thread-1] INFO  storage.RaftStorageDirectory (RaftStorageDirectory.java:tryLock(328)) - Lock on /workdir/hadoop-ozone/integration-test/target/test-dir/MiniOzoneClusterImpl-0561fc2e-9288-4596-b687-0c9fb03504b1/datanode-2/data/ratis/211d65a9-78b9-4744-9042-e17f4611dbe4/in_use.lock acquired by nodename 28506@pr-hdds-1569-p5fx8-1226042367
2019-09-20 10:24:23,713 [pool-145-thread-1] INFO  storage.RaftStorage (RaftStorage.java:format(72)) - Storage directory /workdir/hadoop-ozone/integration-test/target/test-dir/MiniOzoneClusterImpl-0561fc2e-9288-4596-b687-0c9fb03504b1/datanode-2/data/ratis/211d65a9-78b9-4744-9042-e17f4611dbe4 has been successfully formatted.
2019-09-20 10:24:23,713 [pool-145-thread-1] INFO  ratis.ContainerStateMachine (ContainerStateMachine.java:loadSnapshot(226)) - group-E17F4611DBE4: The snapshot info is null. Setting the last applied indexto:(t:0, i:~)
2019-09-20 10:24:23,713 [pool-145-thread-1] INFO  server.RaftServerConfigKeys (ConfUtils.java:logGet(43)) - raft.server.leader.election.timeout = 120s (custom)
2019-09-20 10:24:23,713 [pool-145-thread-1] INFO  server.RaftServerConfigKeys (ConfUtils.java:logGet(43)) - raft.server.log.use.memory = false (default)
2019-09-20 10:24:23,714 [pool-145-thread-1] INFO  server.RaftServerConfigKeys (ConfUtils.java:logGet(43)) - raft.server.log.purge.gap = 1000000 (custom)
2019-09-20 10:24:23,714 [pool-145-thread-1] INFO  server.RaftServerConfigKeys (ConfUtils.java:logGet(43)) - raft.server.log.appender.buffer.byte-limit = 33554432 (custom)
2019-09-20 10:24:23,714 [pool-145-thread-1] INFO  server.RaftServerConfigKeys (ConfUtils.java:logGet(43)) - raft.server.log.segment.size.max = 1048576 (custom)
2019-09-20 10:24:23,714 [pool-145-thread-1] INFO  server.RaftServerConfigKeys (ConfUtils.java:logGet(43)) - raft.server.log.segment.cache.num.max = 2 (custom)
2019-09-20 10:24:23,714 [pool-145-thread-1] INFO  segmented.SegmentedRaftLogWorker (SegmentedRaftLogWorker.java:<init>(172)) - new 54207fe5-d92c-4c2e-b058-fbae630dabef-SegmentedRaftLogWorker:Storage Directory /workdir/hadoop-ozone/integration-test/target/test-dir/MiniOzoneClusterImpl-0561fc2e-9288-4596-b687-0c9fb03504b1/datanode-2/data/ratis/211d65a9-78b9-4744-9042-e17f4611dbe4 for RaftStorage:Storage Directory /workdir/hadoop-ozone/integration-test/target/test-dir/MiniOzoneClusterImpl-0561fc2e-9288-4596-b687-0c9fb03504b1/datanode-2/data/ratis/211d65a9-78b9-4744-9042-e17f4611dbe4
2019-09-20 10:24:23,714 [pool-145-thread-1] INFO  server.RaftServerConfigKeys (ConfUtils.java:logGet(43)) - raft.server.log.queue.byte-limit = 2147483647 (custom)
2019-09-20 10:24:23,715 [pool-145-thread-1] INFO  server.RaftServerConfigKeys (ConfUtils.java:logGet(43)) - raft.server.log.queue.element-limit = 1024 (custom)
2019-09-20 10:24:23,715 [pool-145-thread-1] INFO  server.RaftServerConfigKeys (ConfUtils.java:logGet(43)) - raft.server.log.segment.size.max = 1048576 (custom)
2019-09-20 10:24:23,715 [pool-145-thread-1] INFO  server.RaftServerConfigKeys (ConfUtils.java:logGet(43)) - raft.server.log.preallocated.size = 16384 (custom)
2019-09-20 10:24:23,715 [pool-145-thread-1] INFO  server.RaftServerConfigKeys (ConfUtils.java:logGet(43)) - raft.server.log.write.buffer.size = 33554432 (custom)
2019-09-20 10:24:23,715 [pool-145-thread-1] INFO  server.RaftServerConfigKeys (ConfUtils.java:logGet(43)) - raft.server.log.force.sync.num = 128 (default)
2019-09-20 10:24:23,716 [pool-145-thread-1] INFO  server.RaftServerConfigKeys (ConfUtils.java:logGet(43)) - raft.server.log.statemachine.data.sync = true (default)
2019-09-20 10:24:23,716 [pool-145-thread-1] INFO  server.RaftServerConfigKeys (ConfUtils.java:logGet(43)) - raft.server.log.statemachine.data.sync.timeout = 10s (default)
2019-09-20 10:24:23,716 [pool-145-thread-1] INFO  server.RaftServerConfigKeys (ConfUtils.java:logGet(43)) - raft.server.log.statemachine.data.sync.timeout.retry = -1 (default)
2019-09-20 10:24:23,716 [pool-145-thread-1] INFO  server.RaftServerConfigKeys (ConfUtils.java:logGet(43)) - raft.server.log.statemachine.data.caching.enabled = true (custom)
2019-09-20 10:24:23,717 [pool-145-thread-1] INFO  segmented.SegmentedRaftLogWorker (SegmentedRaftLogWorker.java:lambda$new$0(132)) - 54207fe5-d92c-4c2e-b058-fbae630dabef-SegmentedRaftLogWorker:Storage Directory /workdir/hadoop-ozone/integration-test/target/test-dir/MiniOzoneClusterImpl-0561fc2e-9288-4596-b687-0c9fb03504b1/datanode-2/data/ratis/211d65a9-78b9-4744-9042-e17f4611dbe4: flushIndex: setUnconditionally 0 -> -1
2019-09-20 10:24:23,717 [pool-145-thread-1] INFO  server.RaftServerConfigKeys (ConfUtils.java:logGet(43)) - raft.server.snapshot.auto.trigger.enabled = true (custom)
2019-09-20 10:24:23,717 [pool-145-thread-1] INFO  server.RaftServerConfigKeys (ConfUtils.java:logGet(43)) - raft.server.snapshot.auto.trigger.threshold = 10000 (custom)
2019-09-20 10:24:23,717 [pool-145-thread-1] INFO  server.RaftServerConfigKeys (ConfUtils.java:logGet(43)) - raft.server.retrycache.expirytime = 600000ms (custom)
2019-09-20 10:24:23,718 [pool-145-thread-1] INFO  impl.RaftServerImpl (RaftServerImpl.java:start(180)) - 54207fe5-d92c-4c2e-b058-fbae630dabef: start group-E17F4611DBE4
2019-09-20 10:24:23,718 [pool-145-thread-1] INFO  impl.RaftServerImpl (RaftServerImpl.java:setRole(171)) - 54207fe5-d92c-4c2e-b058-fbae630dabef:group-E17F4611DBE4 changes role from null to FOLLOWER at term 0 for startAsFollower
2019-09-20 10:24:23,718 [pool-145-thread-1] INFO  impl.RoleInfo (RoleInfo.java:updateAndGet(143)) - 54207fe5-d92c-4c2e-b058-fbae630dabef: start FollowerState
2019-09-20 10:24:23,719 [pool-145-thread-1] INFO  util.JmxRegister (JmxRegister.java:tryRegister(44)) - Successfully registered JMX Bean with object name Ratis:service=RaftServer,group=group-E17F4611DBE4,id=54207fe5-d92c-4c2e-b058-fbae630dabef
2019-09-20 10:24:23,722 [RatisPipelineUtilsThread] INFO  pipeline.PipelineStateManager (PipelineStateManager.java:addPipeline(56)) - Created pipeline Pipeline[ Id: 211d65a9-78b9-4744-9042-e17f4611dbe4, Nodes: 54207fe5-d92c-4c2e-b058-fbae630dabef{ip: 192.168.36.99, host: pr-hdds-1569-p5fx8-1226042367, networkLocation: /default-rack, certSerialId: null}, Type:RATIS, Factor:ONE, State:OPEN]
2019-09-20 10:24:23,723 [RatisPipelineUtilsThread] INFO  pipeline.PipelinePlacementPolicy (PipelinePlacementPolicy.java:meetCriteria(91)) - Pipeline Placement: Doesn't meet the criteria to be viable node： 60260ec1-e192-4b95-89c8-d924d16a77a9 Heaviness: 6 limit: 5
2019-09-20 10:24:23,729 [grpc-default-executor-0] INFO  impl.RaftServerProxy (RaftServerProxy.java:addNew(89)) - d2ed2d9b-7ac7-460e-84f6-6d9d6066f76d: addNew group-BB1AA49A7975:[d2ed2d9b-7ac7-460e-84f6-6d9d6066f76d:192.168.36.99:37669] returns group-BB1AA49A7975:java.util.concurrent.CompletableFuture@44442247[Not completed]
2019-09-20 10:24:23,731 [pool-134-thread-1] INFO  impl.RaftServerImpl (RaftServerImpl.java:<init>(93)) - d2ed2d9b-7ac7-460e-84f6-6d9d6066f76d: new RaftServerImpl for group-BB1AA49A7975:[d2ed2d9b-7ac7-460e-84f6-6d9d6066f76d:192.168.36.99:37669] with ContainerStateMachine:uninitialized
2019-09-20 10:24:23,731 [pool-134-thread-1] INFO  server.RaftServerConfigKeys (ConfUtils.java:logGet(43)) - raft.server.rpc.timeout.min = 5s (custom)
2019-09-20 10:24:23,731 [pool-134-thread-1] INFO  server.RaftServerConfigKeys (ConfUtils.java:logGet(43)) - raft.server.rpc.timeout.max = 5200ms (custom)
2019-09-20 10:24:23,731 [pool-134-thread-1] INFO  server.RaftServerConfigKeys (ConfUtils.java:logGet(43)) - raft.server.rpcslowness.timeout = 120s (custom)
2019-09-20 10:24:23,731 [pool-134-thread-1] INFO  server.RaftServerConfigKeys (ConfUtils.java:logGet(43)) - raft.server.sleep.deviation.threshold = 300 (default)
2019-09-20 10:24:23,731 [pool-134-thread-1] INFO  server.RaftServerConfigKeys (ConfUtils.java:logGet(43)) - raft.server.log.appender.install.snapshot.enabled = false (custom)
2019-09-20 10:24:23,732 [pool-134-thread-1] INFO  impl.RaftServerImpl (ServerState.java:<init>(105)) - d2ed2d9b-7ac7-460e-84f6-6d9d6066f76d:group-BB1AA49A7975 ConfigurationManager, init=-1: [d2ed2d9b-7ac7-460e-84f6-6d9d6066f76d:192.168.36.99:37669], old=null, confs=<EMPTY_MAP>
2019-09-20 10:24:23,732 [pool-134-thread-1] INFO  server.RaftServerConfigKeys (ConfUtils.java:logGet(43)) - raft.server.storage.dir = [/workdir/hadoop-ozone/integration-test/target/test-dir/MiniOzoneClusterImpl-0561fc2e-9288-4596-b687-0c9fb03504b1/datanode-1/data/ratis] (custom)
2019-09-20 10:24:23,732 [pool-134-thread-1] INFO  storage.RaftStorageDirectory (RaftStorageDirectory.java:analyzeStorage(246)) - The storage directory /workdir/hadoop-ozone/integration-test/target/test-dir/MiniOzoneClusterImpl-0561fc2e-9288-4596-b687-0c9fb03504b1/datanode-1/data/ratis/1e75a0d9-2d06-494d-b746-bb1aa49a7975 does not exist. Creating ...
2019-09-20 10:24:23,755 [pool-134-thread-1] INFO  storage.RaftStorageDirectory (RaftStorageDirectory.java:tryLock(328)) - Lock on /workdir/hadoop-ozone/integration-test/target/test-dir/MiniOzoneClusterImpl-0561fc2e-9288-4596-b687-0c9fb03504b1/datanode-1/data/ratis/1e75a0d9-2d06-494d-b746-bb1aa49a7975/in_use.lock acquired by nodename 28506@pr-hdds-1569-p5fx8-1226042367
2019-09-20 10:24:23,773 [IPC Server handler 1 on 39538] INFO  net.NetworkTopology (NetworkTopologyImpl.java:add(110)) - Added a new node: /default-rack/6491c372-a595-4104-b3e9-c4f3293baafa
2019-09-20 10:24:23,773 [IPC Server handler 1 on 39538] INFO  node.SCMNodeManager (SCMNodeManager.java:register(273)) - Registered Data node : 6491c372-a595-4104-b3e9-c4f3293baafa{ip: 192.168.36.99, host: pr-hdds-1569-p5fx8-1226042367, networkLocation: /default-rack, certSerialId: null}
2019-09-20 10:24:23,774 | INFO  | SCMAudit | user=jenkins1000 | ip=192.168.36.99 | op=REGISTER {datanodeDetails=6491c372-a595-4104-b3e9-c4f3293baafa{ip: 192.168.36.99, host: pr-hdds-1569-p5fx8-1226042367, networkLocation: /default-rack, certSerialId: null}} | ret=SUCCESS |  
2019-09-20 10:24:23,780 [pool-134-thread-1] INFO  storage.RaftStorage (RaftStorage.java:format(72)) - Storage directory /workdir/hadoop-ozone/integration-test/target/test-dir/MiniOzoneClusterImpl-0561fc2e-9288-4596-b687-0c9fb03504b1/datanode-1/data/ratis/1e75a0d9-2d06-494d-b746-bb1aa49a7975 has been successfully formatted.
2019-09-20 10:24:23,780 [pool-134-thread-1] INFO  ratis.ContainerStateMachine (ContainerStateMachine.java:loadSnapshot(226)) - group-BB1AA49A7975: The snapshot info is null. Setting the last applied indexto:(t:0, i:~)
2019-09-20 10:24:23,781 [pool-134-thread-1] INFO  server.RaftServerConfigKeys (ConfUtils.java:logGet(43)) - raft.server.leader.election.timeout = 120s (custom)
2019-09-20 10:24:23,781 [pool-134-thread-1] INFO  server.RaftServerConfigKeys (ConfUtils.java:logGet(43)) - raft.server.log.use.memory = false (default)
2019-09-20 10:24:23,781 [pool-134-thread-1] INFO  server.RaftServerConfigKeys (ConfUtils.java:logGet(43)) - raft.server.log.purge.gap = 1000000 (custom)
2019-09-20 10:24:23,781 [pool-134-thread-1] INFO  server.RaftServerConfigKeys (ConfUtils.java:logGet(43)) - raft.server.log.appender.buffer.byte-limit = 33554432 (custom)
2019-09-20 10:24:23,781 [pool-134-thread-1] INFO  server.RaftServerConfigKeys (ConfUtils.java:logGet(43)) - raft.server.log.segment.size.max = 1048576 (custom)
2019-09-20 10:24:23,781 [pool-134-thread-1] INFO  server.RaftServerConfigKeys (ConfUtils.java:logGet(43)) - raft.server.log.segment.cache.num.max = 2 (custom)
2019-09-20 10:24:23,782 [pool-134-thread-1] INFO  segmented.SegmentedRaftLogWorker (SegmentedRaftLogWorker.java:<init>(172)) - new d2ed2d9b-7ac7-460e-84f6-6d9d6066f76d-SegmentedRaftLogWorker:Storage Directory /workdir/hadoop-ozone/integration-test/target/test-dir/MiniOzoneClusterImpl-0561fc2e-9288-4596-b687-0c9fb03504b1/datanode-1/data/ratis/1e75a0d9-2d06-494d-b746-bb1aa49a7975 for RaftStorage:Storage Directory /workdir/hadoop-ozone/integration-test/target/test-dir/MiniOzoneClusterImpl-0561fc2e-9288-4596-b687-0c9fb03504b1/datanode-1/data/ratis/1e75a0d9-2d06-494d-b746-bb1aa49a7975
2019-09-20 10:24:23,782 [pool-134-thread-1] INFO  server.RaftServerConfigKeys (ConfUtils.java:logGet(43)) - raft.server.log.queue.byte-limit = 2147483647 (custom)
2019-09-20 10:24:23,782 [pool-134-thread-1] INFO  server.RaftServerConfigKeys (ConfUtils.java:logGet(43)) - raft.server.log.queue.element-limit = 1024 (custom)
2019-09-20 10:24:23,782 [pool-134-thread-1] INFO  server.RaftServerConfigKeys (ConfUtils.java:logGet(43)) - raft.server.log.segment.size.max = 1048576 (custom)
2019-09-20 10:24:23,782 [pool-134-thread-1] INFO  server.RaftServerConfigKeys (ConfUtils.java:logGet(43)) - raft.server.log.preallocated.size = 16384 (custom)
2019-09-20 10:24:23,782 [pool-134-thread-1] INFO  server.RaftServerConfigKeys (ConfUtils.java:logGet(43)) - raft.server.log.write.buffer.size = 33554432 (custom)
2019-09-20 10:24:23,783 [pool-134-thread-1] INFO  server.RaftServerConfigKeys (ConfUtils.java:logGet(43)) - raft.server.log.force.sync.num = 128 (default)
2019-09-20 10:24:23,783 [pool-134-thread-1] INFO  server.RaftServerConfigKeys (ConfUtils.java:logGet(43)) - raft.server.log.statemachine.data.sync = true (default)
2019-09-20 10:24:23,783 [pool-134-thread-1] INFO  server.RaftServerConfigKeys (ConfUtils.java:logGet(43)) - raft.server.log.statemachine.data.sync.timeout = 10s (default)
2019-09-20 10:24:23,783 [pool-134-thread-1] INFO  server.RaftServerConfigKeys (ConfUtils.java:logGet(43)) - raft.server.log.statemachine.data.sync.timeout.retry = -1 (default)
2019-09-20 10:24:23,783 [pool-134-thread-1] INFO  server.RaftServerConfigKeys (ConfUtils.java:logGet(43)) - raft.server.log.statemachine.data.caching.enabled = true (custom)
2019-09-20 10:24:23,784 [pool-134-thread-1] INFO  segmented.SegmentedRaftLogWorker (SegmentedRaftLogWorker.java:lambda$new$0(132)) - d2ed2d9b-7ac7-460e-84f6-6d9d6066f76d-SegmentedRaftLogWorker:Storage Directory /workdir/hadoop-ozone/integration-test/target/test-dir/MiniOzoneClusterImpl-0561fc2e-9288-4596-b687-0c9fb03504b1/datanode-1/data/ratis/1e75a0d9-2d06-494d-b746-bb1aa49a7975: flushIndex: setUnconditionally 0 -> -1
2019-09-20 10:24:23,784 [pool-134-thread-1] INFO  server.RaftServerConfigKeys (ConfUtils.java:logGet(43)) - raft.server.snapshot.auto.trigger.enabled = true (custom)
2019-09-20 10:24:23,784 [pool-134-thread-1] INFO  server.RaftServerConfigKeys (ConfUtils.java:logGet(43)) - raft.server.snapshot.auto.trigger.threshold = 10000 (custom)
2019-09-20 10:24:23,784 [pool-134-thread-1] INFO  server.RaftServerConfigKeys (ConfUtils.java:logGet(43)) - raft.server.retrycache.expirytime = 600000ms (custom)
2019-09-20 10:24:23,785 [pool-134-thread-1] INFO  impl.RaftServerImpl (RaftServerImpl.java:start(180)) - d2ed2d9b-7ac7-460e-84f6-6d9d6066f76d: start group-BB1AA49A7975
2019-09-20 10:24:23,785 [pool-134-thread-1] INFO  impl.RaftServerImpl (RaftServerImpl.java:setRole(171)) - d2ed2d9b-7ac7-460e-84f6-6d9d6066f76d:group-BB1AA49A7975 changes role from null to FOLLOWER at term 0 for startAsFollower
2019-09-20 10:24:23,785 [pool-134-thread-1] INFO  impl.RoleInfo (RoleInfo.java:updateAndGet(143)) - d2ed2d9b-7ac7-460e-84f6-6d9d6066f76d: start FollowerState
2019-09-20 10:24:23,785 [pool-134-thread-1] INFO  util.JmxRegister (JmxRegister.java:tryRegister(44)) - Successfully registered JMX Bean with object name Ratis:service=RaftServer,group=group-BB1AA49A7975,id=d2ed2d9b-7ac7-460e-84f6-6d9d6066f76d
2019-09-20 10:24:23,789 [RatisPipelineUtilsThread] INFO  pipeline.PipelineStateManager (PipelineStateManager.java:addPipeline(56)) - Created pipeline Pipeline[ Id: 1e75a0d9-2d06-494d-b746-bb1aa49a7975, Nodes: d2ed2d9b-7ac7-460e-84f6-6d9d6066f76d{ip: 192.168.36.99, host: pr-hdds-1569-p5fx8-1226042367, networkLocation: /default-rack, certSerialId: null}, Type:RATIS, Factor:ONE, State:OPEN]
2019-09-20 10:24:23,789 [RatisPipelineUtilsThread] INFO  pipeline.PipelinePlacementPolicy (PipelinePlacementPolicy.java:meetCriteria(91)) - Pipeline Placement: Doesn't meet the criteria to be viable node： 60260ec1-e192-4b95-89c8-d924d16a77a9 Heaviness: 6 limit: 5
2019-09-20 10:24:23,796 [grpc-default-executor-0] INFO  impl.RaftServerProxy (RaftServerProxy.java:addNew(89)) - d2ed2d9b-7ac7-460e-84f6-6d9d6066f76d: addNew group-D27E25B6E5E2:[d2ed2d9b-7ac7-460e-84f6-6d9d6066f76d:192.168.36.99:37669] returns group-D27E25B6E5E2:java.util.concurrent.CompletableFuture@7e43c31c[Not completed]
2019-09-20 10:24:23,797 [pool-134-thread-1] INFO  impl.RaftServerImpl (RaftServerImpl.java:<init>(93)) - d2ed2d9b-7ac7-460e-84f6-6d9d6066f76d: new RaftServerImpl for group-D27E25B6E5E2:[d2ed2d9b-7ac7-460e-84f6-6d9d6066f76d:192.168.36.99:37669] with ContainerStateMachine:uninitialized
2019-09-20 10:24:23,797 [pool-134-thread-1] INFO  server.RaftServerConfigKeys (ConfUtils.java:logGet(43)) - raft.server.rpc.timeout.min = 5s (custom)
2019-09-20 10:24:23,797 [pool-134-thread-1] INFO  server.RaftServerConfigKeys (ConfUtils.java:logGet(43)) - raft.server.rpc.timeout.max = 5200ms (custom)
2019-09-20 10:24:23,797 [pool-134-thread-1] INFO  server.RaftServerConfigKeys (ConfUtils.java:logGet(43)) - raft.server.rpcslowness.timeout = 120s (custom)
2019-09-20 10:24:23,798 [pool-134-thread-1] INFO  server.RaftServerConfigKeys (ConfUtils.java:logGet(43)) - raft.server.sleep.deviation.threshold = 300 (default)
2019-09-20 10:24:23,798 [pool-134-thread-1] INFO  server.RaftServerConfigKeys (ConfUtils.java:logGet(43)) - raft.server.log.appender.install.snapshot.enabled = false (custom)
2019-09-20 10:24:23,798 [pool-134-thread-1] INFO  impl.RaftServerImpl (ServerState.java:<init>(105)) - d2ed2d9b-7ac7-460e-84f6-6d9d6066f76d:group-D27E25B6E5E2 ConfigurationManager, init=-1: [d2ed2d9b-7ac7-460e-84f6-6d9d6066f76d:192.168.36.99:37669], old=null, confs=<EMPTY_MAP>
2019-09-20 10:24:23,798 [pool-134-thread-1] INFO  server.RaftServerConfigKeys (ConfUtils.java:logGet(43)) - raft.server.storage.dir = [/workdir/hadoop-ozone/integration-test/target/test-dir/MiniOzoneClusterImpl-0561fc2e-9288-4596-b687-0c9fb03504b1/datanode-1/data/ratis] (custom)
2019-09-20 10:24:23,798 [pool-134-thread-1] INFO  storage.RaftStorageDirectory (RaftStorageDirectory.java:analyzeStorage(246)) - The storage directory /workdir/hadoop-ozone/integration-test/target/test-dir/MiniOzoneClusterImpl-0561fc2e-9288-4596-b687-0c9fb03504b1/datanode-1/data/ratis/3ed268ea-af30-4e77-9586-d27e25b6e5e2 does not exist. Creating ...
2019-09-20 10:24:23,822 [pool-134-thread-1] INFO  storage.RaftStorageDirectory (RaftStorageDirectory.java:tryLock(328)) - Lock on /workdir/hadoop-ozone/integration-test/target/test-dir/MiniOzoneClusterImpl-0561fc2e-9288-4596-b687-0c9fb03504b1/datanode-1/data/ratis/3ed268ea-af30-4e77-9586-d27e25b6e5e2/in_use.lock acquired by nodename 28506@pr-hdds-1569-p5fx8-1226042367
2019-09-20 10:24:23,839 [pool-134-thread-1] INFO  storage.RaftStorage (RaftStorage.java:format(72)) - Storage directory /workdir/hadoop-ozone/integration-test/target/test-dir/MiniOzoneClusterImpl-0561fc2e-9288-4596-b687-0c9fb03504b1/datanode-1/data/ratis/3ed268ea-af30-4e77-9586-d27e25b6e5e2 has been successfully formatted.
2019-09-20 10:24:23,839 [pool-134-thread-1] INFO  ratis.ContainerStateMachine (ContainerStateMachine.java:loadSnapshot(226)) - group-D27E25B6E5E2: The snapshot info is null. Setting the last applied indexto:(t:0, i:~)
2019-09-20 10:24:23,840 [pool-134-thread-1] INFO  server.RaftServerConfigKeys (ConfUtils.java:logGet(43)) - raft.server.leader.election.timeout = 120s (custom)
2019-09-20 10:24:23,840 [pool-134-thread-1] INFO  server.RaftServerConfigKeys (ConfUtils.java:logGet(43)) - raft.server.log.use.memory = false (default)
2019-09-20 10:24:23,840 [pool-134-thread-1] INFO  server.RaftServerConfigKeys (ConfUtils.java:logGet(43)) - raft.server.log.purge.gap = 1000000 (custom)
2019-09-20 10:24:23,840 [pool-134-thread-1] INFO  server.RaftServerConfigKeys (ConfUtils.java:logGet(43)) - raft.server.log.appender.buffer.byte-limit = 33554432 (custom)
2019-09-20 10:24:23,840 [pool-134-thread-1] INFO  server.RaftServerConfigKeys (ConfUtils.java:logGet(43)) - raft.server.log.segment.size.max = 1048576 (custom)
2019-09-20 10:24:23,840 [pool-134-thread-1] INFO  server.RaftServerConfigKeys (ConfUtils.java:logGet(43)) - raft.server.log.segment.cache.num.max = 2 (custom)
2019-09-20 10:24:23,841 [pool-134-thread-1] INFO  segmented.SegmentedRaftLogWorker (SegmentedRaftLogWorker.java:<init>(172)) - new d2ed2d9b-7ac7-460e-84f6-6d9d6066f76d-SegmentedRaftLogWorker:Storage Directory /workdir/hadoop-ozone/integration-test/target/test-dir/MiniOzoneClusterImpl-0561fc2e-9288-4596-b687-0c9fb03504b1/datanode-1/data/ratis/3ed268ea-af30-4e77-9586-d27e25b6e5e2 for RaftStorage:Storage Directory /workdir/hadoop-ozone/integration-test/target/test-dir/MiniOzoneClusterImpl-0561fc2e-9288-4596-b687-0c9fb03504b1/datanode-1/data/ratis/3ed268ea-af30-4e77-9586-d27e25b6e5e2
2019-09-20 10:24:23,841 [pool-134-thread-1] INFO  server.RaftServerConfigKeys (ConfUtils.java:logGet(43)) - raft.server.log.queue.byte-limit = 2147483647 (custom)
2019-09-20 10:24:23,841 [pool-134-thread-1] INFO  server.RaftServerConfigKeys (ConfUtils.java:logGet(43)) - raft.server.log.queue.element-limit = 1024 (custom)
2019-09-20 10:24:23,841 [pool-134-thread-1] INFO  server.RaftServerConfigKeys (ConfUtils.java:logGet(43)) - raft.server.log.segment.size.max = 1048576 (custom)
2019-09-20 10:24:23,841 [pool-134-thread-1] INFO  server.RaftServerConfigKeys (ConfUtils.java:logGet(43)) - raft.server.log.preallocated.size = 16384 (custom)
2019-09-20 10:24:23,841 [pool-134-thread-1] INFO  server.RaftServerConfigKeys (ConfUtils.java:logGet(43)) - raft.server.log.write.buffer.size = 33554432 (custom)
2019-09-20 10:24:23,841 [pool-134-thread-1] INFO  server.RaftServerConfigKeys (ConfUtils.java:logGet(43)) - raft.server.log.force.sync.num = 128 (default)
2019-09-20 10:24:23,841 [pool-134-thread-1] INFO  server.RaftServerConfigKeys (ConfUtils.java:logGet(43)) - raft.server.log.statemachine.data.sync = true (default)
2019-09-20 10:24:23,842 [pool-134-thread-1] INFO  server.RaftServerConfigKeys (ConfUtils.java:logGet(43)) - raft.server.log.statemachine.data.sync.timeout = 10s (default)
2019-09-20 10:24:23,842 [pool-134-thread-1] INFO  server.RaftServerConfigKeys (ConfUtils.java:logGet(43)) - raft.server.log.statemachine.data.sync.timeout.retry = -1 (default)
2019-09-20 10:24:23,842 [pool-134-thread-1] INFO  server.RaftServerConfigKeys (ConfUtils.java:logGet(43)) - raft.server.log.statemachine.data.caching.enabled = true (custom)
2019-09-20 10:24:23,843 [pool-134-thread-1] INFO  segmented.SegmentedRaftLogWorker (SegmentedRaftLogWorker.java:lambda$new$0(132)) - d2ed2d9b-7ac7-460e-84f6-6d9d6066f76d-SegmentedRaftLogWorker:Storage Directory /workdir/hadoop-ozone/integration-test/target/test-dir/MiniOzoneClusterImpl-0561fc2e-9288-4596-b687-0c9fb03504b1/datanode-1/data/ratis/3ed268ea-af30-4e77-9586-d27e25b6e5e2: flushIndex: setUnconditionally 0 -> -1
2019-09-20 10:24:23,843 [pool-134-thread-1] INFO  server.RaftServerConfigKeys (ConfUtils.java:logGet(43)) - raft.server.snapshot.auto.trigger.enabled = true (custom)
2019-09-20 10:24:23,843 [pool-134-thread-1] INFO  server.RaftServerConfigKeys (ConfUtils.java:logGet(43)) - raft.server.snapshot.auto.trigger.threshold = 10000 (custom)
2019-09-20 10:24:23,843 | INFO  | SCMAudit | user=jenkins1000 | ip=192.168.36.99 | op=SEND_HEARTBEAT {datanodeUUID=7af711bd-b5ae-4a73-a8be-b970cae6c2d1, command=[]} | ret=SUCCESS |  
2019-09-20 10:24:23,843 [pool-134-thread-1] INFO  server.RaftServerConfigKeys (ConfUtils.java:logGet(43)) - raft.server.retrycache.expirytime = 600000ms (custom)
2019-09-20 10:24:23,844 [pool-134-thread-1] INFO  impl.RaftServerImpl (RaftServerImpl.java:start(180)) - d2ed2d9b-7ac7-460e-84f6-6d9d6066f76d: start group-D27E25B6E5E2
2019-09-20 10:24:23,844 [pool-134-thread-1] INFO  impl.RaftServerImpl (RaftServerImpl.java:setRole(171)) - d2ed2d9b-7ac7-460e-84f6-6d9d6066f76d:group-D27E25B6E5E2 changes role from null to FOLLOWER at term 0 for startAsFollower
2019-09-20 10:24:23,844 [pool-134-thread-1] INFO  impl.RoleInfo (RoleInfo.java:updateAndGet(143)) - d2ed2d9b-7ac7-460e-84f6-6d9d6066f76d: start FollowerState
2019-09-20 10:24:23,845 [pool-134-thread-1] INFO  util.JmxRegister (JmxRegister.java:tryRegister(44)) - Successfully registered JMX Bean with object name Ratis:service=RaftServer,group=group-D27E25B6E5E2,id=d2ed2d9b-7ac7-460e-84f6-6d9d6066f76d
2019-09-20 10:24:23,848 [RatisPipelineUtilsThread] INFO  pipeline.PipelineStateManager (PipelineStateManager.java:addPipeline(56)) - Created pipeline Pipeline[ Id: 3ed268ea-af30-4e77-9586-d27e25b6e5e2, Nodes: d2ed2d9b-7ac7-460e-84f6-6d9d6066f76d{ip: 192.168.36.99, host: pr-hdds-1569-p5fx8-1226042367, networkLocation: /default-rack, certSerialId: null}, Type:RATIS, Factor:ONE, State:OPEN]
2019-09-20 10:24:23,848 [RatisPipelineUtilsThread] INFO  pipeline.PipelinePlacementPolicy (PipelinePlacementPolicy.java:meetCriteria(91)) - Pipeline Placement: Doesn't meet the criteria to be viable node： 60260ec1-e192-4b95-89c8-d924d16a77a9 Heaviness: 6 limit: 5
2019-09-20 10:24:23,854 [grpc-default-executor-0] INFO  impl.RaftServerProxy (RaftServerProxy.java:addNew(89)) - 54207fe5-d92c-4c2e-b058-fbae630dabef: addNew group-9A55781D85B8:[54207fe5-d92c-4c2e-b058-fbae630dabef:192.168.36.99:37075] returns group-9A55781D85B8:java.util.concurrent.CompletableFuture@682e9576[Not completed]
2019-09-20 10:24:23,856 [pool-145-thread-1] INFO  impl.RaftServerImpl (RaftServerImpl.java:<init>(93)) - 54207fe5-d92c-4c2e-b058-fbae630dabef: new RaftServerImpl for group-9A55781D85B8:[54207fe5-d92c-4c2e-b058-fbae630dabef:192.168.36.99:37075] with ContainerStateMachine:uninitialized
2019-09-20 10:24:23,856 [pool-145-thread-1] INFO  server.RaftServerConfigKeys (ConfUtils.java:logGet(43)) - raft.server.rpc.timeout.min = 5s (custom)
2019-09-20 10:24:23,856 [pool-145-thread-1] INFO  server.RaftServerConfigKeys (ConfUtils.java:logGet(43)) - raft.server.rpc.timeout.max = 5200ms (custom)
2019-09-20 10:24:23,856 [pool-145-thread-1] INFO  server.RaftServerConfigKeys (ConfUtils.java:logGet(43)) - raft.server.rpcslowness.timeout = 120s (custom)
2019-09-20 10:24:23,856 [pool-145-thread-1] INFO  server.RaftServerConfigKeys (ConfUtils.java:logGet(43)) - raft.server.sleep.deviation.threshold = 300 (default)
2019-09-20 10:24:23,856 [pool-145-thread-1] INFO  server.RaftServerConfigKeys (ConfUtils.java:logGet(43)) - raft.server.log.appender.install.snapshot.enabled = false (custom)
2019-09-20 10:24:23,857 [pool-145-thread-1] INFO  impl.RaftServerImpl (ServerState.java:<init>(105)) - 54207fe5-d92c-4c2e-b058-fbae630dabef:group-9A55781D85B8 ConfigurationManager, init=-1: [54207fe5-d92c-4c2e-b058-fbae630dabef:192.168.36.99:37075], old=null, confs=<EMPTY_MAP>
2019-09-20 10:24:23,857 [pool-145-thread-1] INFO  server.RaftServerConfigKeys (ConfUtils.java:logGet(43)) - raft.server.storage.dir = [/workdir/hadoop-ozone/integration-test/target/test-dir/MiniOzoneClusterImpl-0561fc2e-9288-4596-b687-0c9fb03504b1/datanode-2/data/ratis] (custom)
2019-09-20 10:24:23,857 [pool-145-thread-1] INFO  storage.RaftStorageDirectory (RaftStorageDirectory.java:analyzeStorage(246)) - The storage directory /workdir/hadoop-ozone/integration-test/target/test-dir/MiniOzoneClusterImpl-0561fc2e-9288-4596-b687-0c9fb03504b1/datanode-2/data/ratis/f9e66e07-cd86-40c6-b6a4-9a55781d85b8 does not exist. Creating ...
2019-09-20 10:24:23,873 [pool-145-thread-1] INFO  storage.RaftStorageDirectory (RaftStorageDirectory.java:tryLock(328)) - Lock on /workdir/hadoop-ozone/integration-test/target/test-dir/MiniOzoneClusterImpl-0561fc2e-9288-4596-b687-0c9fb03504b1/datanode-2/data/ratis/f9e66e07-cd86-40c6-b6a4-9a55781d85b8/in_use.lock acquired by nodename 28506@pr-hdds-1569-p5fx8-1226042367
2019-09-20 10:24:23,891 [pool-145-thread-1] INFO  storage.RaftStorage (RaftStorage.java:format(72)) - Storage directory /workdir/hadoop-ozone/integration-test/target/test-dir/MiniOzoneClusterImpl-0561fc2e-9288-4596-b687-0c9fb03504b1/datanode-2/data/ratis/f9e66e07-cd86-40c6-b6a4-9a55781d85b8 has been successfully formatted.
2019-09-20 10:24:23,892 [pool-145-thread-1] INFO  ratis.ContainerStateMachine (ContainerStateMachine.java:loadSnapshot(226)) - group-9A55781D85B8: The snapshot info is null. Setting the last applied indexto:(t:0, i:~)
2019-09-20 10:24:23,892 [pool-145-thread-1] INFO  server.RaftServerConfigKeys (ConfUtils.java:logGet(43)) - raft.server.leader.election.timeout = 120s (custom)
2019-09-20 10:24:23,892 [pool-145-thread-1] INFO  server.RaftServerConfigKeys (ConfUtils.java:logGet(43)) - raft.server.log.use.memory = false (default)
2019-09-20 10:24:23,892 [pool-145-thread-1] INFO  server.RaftServerConfigKeys (ConfUtils.java:logGet(43)) - raft.server.log.purge.gap = 1000000 (custom)
2019-09-20 10:24:23,892 [pool-145-thread-1] INFO  server.RaftServerConfigKeys (ConfUtils.java:logGet(43)) - raft.server.log.appender.buffer.byte-limit = 33554432 (custom)
2019-09-20 10:24:23,893 [pool-145-thread-1] INFO  server.RaftServerConfigKeys (ConfUtils.java:logGet(43)) - raft.server.log.segment.size.max = 1048576 (custom)
2019-09-20 10:24:23,893 [pool-145-thread-1] INFO  server.RaftServerConfigKeys (ConfUtils.java:logGet(43)) - raft.server.log.segment.cache.num.max = 2 (custom)
2019-09-20 10:24:23,893 [pool-145-thread-1] INFO  segmented.SegmentedRaftLogWorker (SegmentedRaftLogWorker.java:<init>(172)) - new 54207fe5-d92c-4c2e-b058-fbae630dabef-SegmentedRaftLogWorker:Storage Directory /workdir/hadoop-ozone/integration-test/target/test-dir/MiniOzoneClusterImpl-0561fc2e-9288-4596-b687-0c9fb03504b1/datanode-2/data/ratis/f9e66e07-cd86-40c6-b6a4-9a55781d85b8 for RaftStorage:Storage Directory /workdir/hadoop-ozone/integration-test/target/test-dir/MiniOzoneClusterImpl-0561fc2e-9288-4596-b687-0c9fb03504b1/datanode-2/data/ratis/f9e66e07-cd86-40c6-b6a4-9a55781d85b8
2019-09-20 10:24:23,893 [pool-145-thread-1] INFO  server.RaftServerConfigKeys (ConfUtils.java:logGet(43)) - raft.server.log.queue.byte-limit = 2147483647 (custom)
2019-09-20 10:24:23,893 [pool-145-thread-1] INFO  server.RaftServerConfigKeys (ConfUtils.java:logGet(43)) - raft.server.log.queue.element-limit = 1024 (custom)
2019-09-20 10:24:23,893 [pool-145-thread-1] INFO  server.RaftServerConfigKeys (ConfUtils.java:logGet(43)) - raft.server.log.segment.size.max = 1048576 (custom)
2019-09-20 10:24:23,894 [pool-145-thread-1] INFO  server.RaftServerConfigKeys (ConfUtils.java:logGet(43)) - raft.server.log.preallocated.size = 16384 (custom)
2019-09-20 10:24:23,894 [pool-145-thread-1] INFO  server.RaftServerConfigKeys (ConfUtils.java:logGet(43)) - raft.server.log.write.buffer.size = 33554432 (custom)
2019-09-20 10:24:23,894 [pool-145-thread-1] INFO  server.RaftServerConfigKeys (ConfUtils.java:logGet(43)) - raft.server.log.force.sync.num = 128 (default)
2019-09-20 10:24:23,894 [pool-145-thread-1] INFO  server.RaftServerConfigKeys (ConfUtils.java:logGet(43)) - raft.server.log.statemachine.data.sync = true (default)
2019-09-20 10:24:23,894 [pool-145-thread-1] INFO  server.RaftServerConfigKeys (ConfUtils.java:logGet(43)) - raft.server.log.statemachine.data.sync.timeout = 10s (default)
2019-09-20 10:24:23,894 [pool-145-thread-1] INFO  server.RaftServerConfigKeys (ConfUtils.java:logGet(43)) - raft.server.log.statemachine.data.sync.timeout.retry = -1 (default)
2019-09-20 10:24:23,895 [pool-145-thread-1] INFO  server.RaftServerConfigKeys (ConfUtils.java:logGet(43)) - raft.server.log.statemachine.data.caching.enabled = true (custom)
2019-09-20 10:24:23,895 [pool-145-thread-1] INFO  segmented.SegmentedRaftLogWorker (SegmentedRaftLogWorker.java:lambda$new$0(132)) - 54207fe5-d92c-4c2e-b058-fbae630dabef-SegmentedRaftLogWorker:Storage Directory /workdir/hadoop-ozone/integration-test/target/test-dir/MiniOzoneClusterImpl-0561fc2e-9288-4596-b687-0c9fb03504b1/datanode-2/data/ratis/f9e66e07-cd86-40c6-b6a4-9a55781d85b8: flushIndex: setUnconditionally 0 -> -1
2019-09-20 10:24:23,896 [pool-145-thread-1] INFO  server.RaftServerConfigKeys (ConfUtils.java:logGet(43)) - raft.server.snapshot.auto.trigger.enabled = true (custom)
2019-09-20 10:24:23,896 [pool-145-thread-1] INFO  server.RaftServerConfigKeys (ConfUtils.java:logGet(43)) - raft.server.snapshot.auto.trigger.threshold = 10000 (custom)
2019-09-20 10:24:23,896 [pool-145-thread-1] INFO  server.RaftServerConfigKeys (ConfUtils.java:logGet(43)) - raft.server.retrycache.expirytime = 600000ms (custom)
2019-09-20 10:24:23,896 [pool-145-thread-1] INFO  impl.RaftServerImpl (RaftServerImpl.java:start(180)) - 54207fe5-d92c-4c2e-b058-fbae630dabef: start group-9A55781D85B8
2019-09-20 10:24:23,896 [pool-145-thread-1] INFO  impl.RaftServerImpl (RaftServerImpl.java:setRole(171)) - 54207fe5-d92c-4c2e-b058-fbae630dabef:group-9A55781D85B8 changes role from null to FOLLOWER at term 0 for startAsFollower
2019-09-20 10:24:23,897 [pool-145-thread-1] INFO  impl.RoleInfo (RoleInfo.java:updateAndGet(143)) - 54207fe5-d92c-4c2e-b058-fbae630dabef: start FollowerState
2019-09-20 10:24:23,897 [pool-145-thread-1] INFO  util.JmxRegister (JmxRegister.java:tryRegister(44)) - Successfully registered JMX Bean with object name Ratis:service=RaftServer,group=group-9A55781D85B8,id=54207fe5-d92c-4c2e-b058-fbae630dabef
2019-09-20 10:24:23,905 [RatisPipelineUtilsThread] INFO  pipeline.PipelineStateManager (PipelineStateManager.java:addPipeline(56)) - Created pipeline Pipeline[ Id: f9e66e07-cd86-40c6-b6a4-9a55781d85b8, Nodes: 54207fe5-d92c-4c2e-b058-fbae630dabef{ip: 192.168.36.99, host: pr-hdds-1569-p5fx8-1226042367, networkLocation: /default-rack, certSerialId: null}, Type:RATIS, Factor:ONE, State:OPEN]
2019-09-20 10:24:23,905 [RatisPipelineUtilsThread] INFO  pipeline.PipelinePlacementPolicy (PipelinePlacementPolicy.java:meetCriteria(91)) - Pipeline Placement: Doesn't meet the criteria to be viable node： 60260ec1-e192-4b95-89c8-d924d16a77a9 Heaviness: 6 limit: 5
2019-09-20 10:24:23,913 [grpc-default-executor-0] INFO  impl.RaftServerProxy (RaftServerProxy.java:addNew(89)) - d2ed2d9b-7ac7-460e-84f6-6d9d6066f76d: addNew group-BDEEE0B12ED5:[d2ed2d9b-7ac7-460e-84f6-6d9d6066f76d:192.168.36.99:37669] returns group-BDEEE0B12ED5:java.util.concurrent.CompletableFuture@4faaa75e[Not completed]
2019-09-20 10:24:23,915 [pool-134-thread-1] INFO  impl.RaftServerImpl (RaftServerImpl.java:<init>(93)) - d2ed2d9b-7ac7-460e-84f6-6d9d6066f76d: new RaftServerImpl for group-BDEEE0B12ED5:[d2ed2d9b-7ac7-460e-84f6-6d9d6066f76d:192.168.36.99:37669] with ContainerStateMachine:uninitialized
2019-09-20 10:24:23,915 [pool-134-thread-1] INFO  server.RaftServerConfigKeys (ConfUtils.java:logGet(43)) - raft.server.rpc.timeout.min = 5s (custom)
2019-09-20 10:24:23,915 [pool-134-thread-1] INFO  server.RaftServerConfigKeys (ConfUtils.java:logGet(43)) - raft.server.rpc.timeout.max = 5200ms (custom)
2019-09-20 10:24:23,915 [pool-134-thread-1] INFO  server.RaftServerConfigKeys (ConfUtils.java:logGet(43)) - raft.server.rpcslowness.timeout = 120s (custom)
2019-09-20 10:24:23,916 [pool-134-thread-1] INFO  server.RaftServerConfigKeys (ConfUtils.java:logGet(43)) - raft.server.sleep.deviation.threshold = 300 (default)
2019-09-20 10:24:23,916 [pool-134-thread-1] INFO  server.RaftServerConfigKeys (ConfUtils.java:logGet(43)) - raft.server.log.appender.install.snapshot.enabled = false (custom)
2019-09-20 10:24:23,916 [pool-134-thread-1] INFO  impl.RaftServerImpl (ServerState.java:<init>(105)) - d2ed2d9b-7ac7-460e-84f6-6d9d6066f76d:group-BDEEE0B12ED5 ConfigurationManager, init=-1: [d2ed2d9b-7ac7-460e-84f6-6d9d6066f76d:192.168.36.99:37669], old=null, confs=<EMPTY_MAP>
2019-09-20 10:24:23,916 [pool-134-thread-1] INFO  server.RaftServerConfigKeys (ConfUtils.java:logGet(43)) - raft.server.storage.dir = [/workdir/hadoop-ozone/integration-test/target/test-dir/MiniOzoneClusterImpl-0561fc2e-9288-4596-b687-0c9fb03504b1/datanode-1/data/ratis] (custom)
2019-09-20 10:24:23,917 [pool-134-thread-1] INFO  storage.RaftStorageDirectory (RaftStorageDirectory.java:analyzeStorage(246)) - The storage directory /workdir/hadoop-ozone/integration-test/target/test-dir/MiniOzoneClusterImpl-0561fc2e-9288-4596-b687-0c9fb03504b1/datanode-1/data/ratis/c8c3dd21-287a-4b65-b064-bdeee0b12ed5 does not exist. Creating ...
2019-09-20 10:24:23,933 [pool-134-thread-1] INFO  storage.RaftStorageDirectory (RaftStorageDirectory.java:tryLock(328)) - Lock on /workdir/hadoop-ozone/integration-test/target/test-dir/MiniOzoneClusterImpl-0561fc2e-9288-4596-b687-0c9fb03504b1/datanode-1/data/ratis/c8c3dd21-287a-4b65-b064-bdeee0b12ed5/in_use.lock acquired by nodename 28506@pr-hdds-1569-p5fx8-1226042367
2019-09-20 10:24:23,975 [pool-134-thread-1] INFO  storage.RaftStorage (RaftStorage.java:format(72)) - Storage directory /workdir/hadoop-ozone/integration-test/target/test-dir/MiniOzoneClusterImpl-0561fc2e-9288-4596-b687-0c9fb03504b1/datanode-1/data/ratis/c8c3dd21-287a-4b65-b064-bdeee0b12ed5 has been successfully formatted.
2019-09-20 10:24:23,975 [pool-134-thread-1] INFO  ratis.ContainerStateMachine (ContainerStateMachine.java:loadSnapshot(226)) - group-BDEEE0B12ED5: The snapshot info is null. Setting the last applied indexto:(t:0, i:~)
2019-09-20 10:24:23,976 [pool-134-thread-1] INFO  server.RaftServerConfigKeys (ConfUtils.java:logGet(43)) - raft.server.leader.election.timeout = 120s (custom)
2019-09-20 10:24:23,976 [pool-134-thread-1] INFO  server.RaftServerConfigKeys (ConfUtils.java:logGet(43)) - raft.server.log.use.memory = false (default)
2019-09-20 10:24:23,976 [pool-134-thread-1] INFO  server.RaftServerConfigKeys (ConfUtils.java:logGet(43)) - raft.server.log.purge.gap = 1000000 (custom)
2019-09-20 10:24:23,976 [pool-134-thread-1] INFO  server.RaftServerConfigKeys (ConfUtils.java:logGet(43)) - raft.server.log.appender.buffer.byte-limit = 33554432 (custom)
2019-09-20 10:24:23,976 [pool-134-thread-1] INFO  server.RaftServerConfigKeys (ConfUtils.java:logGet(43)) - raft.server.log.segment.size.max = 1048576 (custom)
2019-09-20 10:24:23,977 [pool-134-thread-1] INFO  server.RaftServerConfigKeys (ConfUtils.java:logGet(43)) - raft.server.log.segment.cache.num.max = 2 (custom)
2019-09-20 10:24:23,977 [pool-134-thread-1] INFO  segmented.SegmentedRaftLogWorker (SegmentedRaftLogWorker.java:<init>(172)) - new d2ed2d9b-7ac7-460e-84f6-6d9d6066f76d-SegmentedRaftLogWorker:Storage Directory /workdir/hadoop-ozone/integration-test/target/test-dir/MiniOzoneClusterImpl-0561fc2e-9288-4596-b687-0c9fb03504b1/datanode-1/data/ratis/c8c3dd21-287a-4b65-b064-bdeee0b12ed5 for RaftStorage:Storage Directory /workdir/hadoop-ozone/integration-test/target/test-dir/MiniOzoneClusterImpl-0561fc2e-9288-4596-b687-0c9fb03504b1/datanode-1/data/ratis/c8c3dd21-287a-4b65-b064-bdeee0b12ed5
2019-09-20 10:24:23,977 [pool-134-thread-1] INFO  server.RaftServerConfigKeys (ConfUtils.java:logGet(43)) - raft.server.log.queue.byte-limit = 2147483647 (custom)
2019-09-20 10:24:23,977 [pool-134-thread-1] INFO  server.RaftServerConfigKeys (ConfUtils.java:logGet(43)) - raft.server.log.queue.element-limit = 1024 (custom)
2019-09-20 10:24:23,977 [pool-134-thread-1] INFO  server.RaftServerConfigKeys (ConfUtils.java:logGet(43)) - raft.server.log.segment.size.max = 1048576 (custom)
2019-09-20 10:24:23,977 [pool-134-thread-1] INFO  server.RaftServerConfigKeys (ConfUtils.java:logGet(43)) - raft.server.log.preallocated.size = 16384 (custom)
2019-09-20 10:24:23,978 [pool-134-thread-1] INFO  server.RaftServerConfigKeys (ConfUtils.java:logGet(43)) - raft.server.log.write.buffer.size = 33554432 (custom)
2019-09-20 10:24:23,978 [pool-134-thread-1] INFO  server.RaftServerConfigKeys (ConfUtils.java:logGet(43)) - raft.server.log.force.sync.num = 128 (default)
2019-09-20 10:24:23,978 [pool-134-thread-1] INFO  server.RaftServerConfigKeys (ConfUtils.java:logGet(43)) - raft.server.log.statemachine.data.sync = true (default)
2019-09-20 10:24:23,978 [pool-134-thread-1] INFO  server.RaftServerConfigKeys (ConfUtils.java:logGet(43)) - raft.server.log.statemachine.data.sync.timeout = 10s (default)
2019-09-20 10:24:23,978 [pool-134-thread-1] INFO  server.RaftServerConfigKeys (ConfUtils.java:logGet(43)) - raft.server.log.statemachine.data.sync.timeout.retry = -1 (default)
2019-09-20 10:24:23,979 [pool-134-thread-1] INFO  server.RaftServerConfigKeys (ConfUtils.java:logGet(43)) - raft.server.log.statemachine.data.caching.enabled = true (custom)
2019-09-20 10:24:23,979 [pool-134-thread-1] INFO  segmented.SegmentedRaftLogWorker (SegmentedRaftLogWorker.java:lambda$new$0(132)) - d2ed2d9b-7ac7-460e-84f6-6d9d6066f76d-SegmentedRaftLogWorker:Storage Directory /workdir/hadoop-ozone/integration-test/target/test-dir/MiniOzoneClusterImpl-0561fc2e-9288-4596-b687-0c9fb03504b1/datanode-1/data/ratis/c8c3dd21-287a-4b65-b064-bdeee0b12ed5: flushIndex: setUnconditionally 0 -> -1
2019-09-20 10:24:23,980 [pool-134-thread-1] INFO  server.RaftServerConfigKeys (ConfUtils.java:logGet(43)) - raft.server.snapshot.auto.trigger.enabled = true (custom)
2019-09-20 10:24:23,980 [pool-134-thread-1] INFO  server.RaftServerConfigKeys (ConfUtils.java:logGet(43)) - raft.server.snapshot.auto.trigger.threshold = 10000 (custom)
2019-09-20 10:24:23,980 [pool-134-thread-1] INFO  server.RaftServerConfigKeys (ConfUtils.java:logGet(43)) - raft.server.retrycache.expirytime = 600000ms (custom)
2019-09-20 10:24:23,980 [pool-134-thread-1] INFO  impl.RaftServerImpl (RaftServerImpl.java:start(180)) - d2ed2d9b-7ac7-460e-84f6-6d9d6066f76d: start group-BDEEE0B12ED5
2019-09-20 10:24:23,980 [pool-134-thread-1] INFO  impl.RaftServerImpl (RaftServerImpl.java:setRole(171)) - d2ed2d9b-7ac7-460e-84f6-6d9d6066f76d:group-BDEEE0B12ED5 changes role from null to FOLLOWER at term 0 for startAsFollower
2019-09-20 10:24:23,981 [pool-134-thread-1] INFO  impl.RoleInfo (RoleInfo.java:updateAndGet(143)) - d2ed2d9b-7ac7-460e-84f6-6d9d6066f76d: start FollowerState
2019-09-20 10:24:23,981 [pool-134-thread-1] INFO  util.JmxRegister (JmxRegister.java:tryRegister(44)) - Successfully registered JMX Bean with object name Ratis:service=RaftServer,group=group-BDEEE0B12ED5,id=d2ed2d9b-7ac7-460e-84f6-6d9d6066f76d
2019-09-20 10:24:23,985 [RatisPipelineUtilsThread] INFO  pipeline.PipelineStateManager (PipelineStateManager.java:addPipeline(56)) - Created pipeline Pipeline[ Id: c8c3dd21-287a-4b65-b064-bdeee0b12ed5, Nodes: d2ed2d9b-7ac7-460e-84f6-6d9d6066f76d{ip: 192.168.36.99, host: pr-hdds-1569-p5fx8-1226042367, networkLocation: /default-rack, certSerialId: null}, Type:RATIS, Factor:ONE, State:OPEN]
2019-09-20 10:24:23,985 [RatisPipelineUtilsThread] INFO  pipeline.PipelinePlacementPolicy (PipelinePlacementPolicy.java:meetCriteria(91)) - Pipeline Placement: Doesn't meet the criteria to be viable node： 60260ec1-e192-4b95-89c8-d924d16a77a9 Heaviness: 6 limit: 5
2019-09-20 10:24:23,985 [RatisPipelineUtilsThread] INFO  pipeline.PipelinePlacementPolicy (PipelinePlacementPolicy.java:meetCriteria(91)) - Pipeline Placement: Doesn't meet the criteria to be viable node： d2ed2d9b-7ac7-460e-84f6-6d9d6066f76d Heaviness: 6 limit: 5
2019-09-20 10:24:23,992 [grpc-default-executor-0] INFO  impl.RaftServerProxy (RaftServerProxy.java:addNew(89)) - 54207fe5-d92c-4c2e-b058-fbae630dabef: addNew group-78F12B894F28:[54207fe5-d92c-4c2e-b058-fbae630dabef:192.168.36.99:37075] returns group-78F12B894F28:java.util.concurrent.CompletableFuture@3089da6a[Not completed]
2019-09-20 10:24:23,993 [pool-145-thread-1] INFO  impl.RaftServerImpl (RaftServerImpl.java:<init>(93)) - 54207fe5-d92c-4c2e-b058-fbae630dabef: new RaftServerImpl for group-78F12B894F28:[54207fe5-d92c-4c2e-b058-fbae630dabef:192.168.36.99:37075] with ContainerStateMachine:uninitialized
2019-09-20 10:24:23,993 [pool-145-thread-1] INFO  server.RaftServerConfigKeys (ConfUtils.java:logGet(43)) - raft.server.rpc.timeout.min = 5s (custom)
2019-09-20 10:24:23,993 [pool-145-thread-1] INFO  server.RaftServerConfigKeys (ConfUtils.java:logGet(43)) - raft.server.rpc.timeout.max = 5200ms (custom)
2019-09-20 10:24:23,993 [pool-145-thread-1] INFO  server.RaftServerConfigKeys (ConfUtils.java:logGet(43)) - raft.server.rpcslowness.timeout = 120s (custom)
2019-09-20 10:24:23,994 [pool-145-thread-1] INFO  server.RaftServerConfigKeys (ConfUtils.java:logGet(43)) - raft.server.sleep.deviation.threshold = 300 (default)
2019-09-20 10:24:23,994 [pool-145-thread-1] INFO  server.RaftServerConfigKeys (ConfUtils.java:logGet(43)) - raft.server.log.appender.install.snapshot.enabled = false (custom)
2019-09-20 10:24:23,994 [pool-145-thread-1] INFO  impl.RaftServerImpl (ServerState.java:<init>(105)) - 54207fe5-d92c-4c2e-b058-fbae630dabef:group-78F12B894F28 ConfigurationManager, init=-1: [54207fe5-d92c-4c2e-b058-fbae630dabef:192.168.36.99:37075], old=null, confs=<EMPTY_MAP>
2019-09-20 10:24:23,994 [pool-145-thread-1] INFO  server.RaftServerConfigKeys (ConfUtils.java:logGet(43)) - raft.server.storage.dir = [/workdir/hadoop-ozone/integration-test/target/test-dir/MiniOzoneClusterImpl-0561fc2e-9288-4596-b687-0c9fb03504b1/datanode-2/data/ratis] (custom)
2019-09-20 10:24:23,994 [pool-145-thread-1] INFO  storage.RaftStorageDirectory (RaftStorageDirectory.java:analyzeStorage(246)) - The storage directory /workdir/hadoop-ozone/integration-test/target/test-dir/MiniOzoneClusterImpl-0561fc2e-9288-4596-b687-0c9fb03504b1/datanode-2/data/ratis/1d4c7d9e-f7a4-4bfd-afb2-78f12b894f28 does not exist. Creating ...
2019-09-20 10:24:24,008 [pool-145-thread-1] INFO  storage.RaftStorageDirectory (RaftStorageDirectory.java:tryLock(328)) - Lock on /workdir/hadoop-ozone/integration-test/target/test-dir/MiniOzoneClusterImpl-0561fc2e-9288-4596-b687-0c9fb03504b1/datanode-2/data/ratis/1d4c7d9e-f7a4-4bfd-afb2-78f12b894f28/in_use.lock acquired by nodename 28506@pr-hdds-1569-p5fx8-1226042367
2019-09-20 10:24:24,024 [IPC Server handler 2 on 39538] INFO  net.NetworkTopology (NetworkTopologyImpl.java:add(110)) - Added a new node: /default-rack/9e03ffa9-cf79-407a-a150-4c035e5aec5e
2019-09-20 10:24:24,024 [IPC Server handler 2 on 39538] INFO  node.SCMNodeManager (SCMNodeManager.java:register(273)) - Registered Data node : 9e03ffa9-cf79-407a-a150-4c035e5aec5e{ip: 192.168.36.99, host: pr-hdds-1569-p5fx8-1226042367, networkLocation: /default-rack, certSerialId: null}
2019-09-20 10:24:24,025 | INFO  | SCMAudit | user=jenkins1000 | ip=192.168.36.99 | op=REGISTER {datanodeDetails=9e03ffa9-cf79-407a-a150-4c035e5aec5e{ip: 192.168.36.99, host: pr-hdds-1569-p5fx8-1226042367, networkLocation: /default-rack, certSerialId: null}} | ret=SUCCESS |  
2019-09-20 10:24:24,034 [pool-145-thread-1] INFO  storage.RaftStorage (RaftStorage.java:format(72)) - Storage directory /workdir/hadoop-ozone/integration-test/target/test-dir/MiniOzoneClusterImpl-0561fc2e-9288-4596-b687-0c9fb03504b1/datanode-2/data/ratis/1d4c7d9e-f7a4-4bfd-afb2-78f12b894f28 has been successfully formatted.
2019-09-20 10:24:24,034 [pool-145-thread-1] INFO  ratis.ContainerStateMachine (ContainerStateMachine.java:loadSnapshot(226)) - group-78F12B894F28: The snapshot info is null. Setting the last applied indexto:(t:0, i:~)
2019-09-20 10:24:24,035 [pool-145-thread-1] INFO  server.RaftServerConfigKeys (ConfUtils.java:logGet(43)) - raft.server.leader.election.timeout = 120s (custom)
2019-09-20 10:24:24,035 [pool-145-thread-1] INFO  server.RaftServerConfigKeys (ConfUtils.java:logGet(43)) - raft.server.log.use.memory = false (default)
2019-09-20 10:24:24,035 [pool-145-thread-1] INFO  server.RaftServerConfigKeys (ConfUtils.java:logGet(43)) - raft.server.log.purge.gap = 1000000 (custom)
2019-09-20 10:24:24,035 [pool-145-thread-1] INFO  server.RaftServerConfigKeys (ConfUtils.java:logGet(43)) - raft.server.log.appender.buffer.byte-limit = 33554432 (custom)
2019-09-20 10:24:24,035 [pool-145-thread-1] INFO  server.RaftServerConfigKeys (ConfUtils.java:logGet(43)) - raft.server.log.segment.size.max = 1048576 (custom)
2019-09-20 10:24:24,035 [pool-145-thread-1] INFO  server.RaftServerConfigKeys (ConfUtils.java:logGet(43)) - raft.server.log.segment.cache.num.max = 2 (custom)
2019-09-20 10:24:24,036 [pool-145-thread-1] INFO  segmented.SegmentedRaftLogWorker (SegmentedRaftLogWorker.java:<init>(172)) - new 54207fe5-d92c-4c2e-b058-fbae630dabef-SegmentedRaftLogWorker:Storage Directory /workdir/hadoop-ozone/integration-test/target/test-dir/MiniOzoneClusterImpl-0561fc2e-9288-4596-b687-0c9fb03504b1/datanode-2/data/ratis/1d4c7d9e-f7a4-4bfd-afb2-78f12b894f28 for RaftStorage:Storage Directory /workdir/hadoop-ozone/integration-test/target/test-dir/MiniOzoneClusterImpl-0561fc2e-9288-4596-b687-0c9fb03504b1/datanode-2/data/ratis/1d4c7d9e-f7a4-4bfd-afb2-78f12b894f28
2019-09-20 10:24:24,036 [pool-145-thread-1] INFO  server.RaftServerConfigKeys (ConfUtils.java:logGet(43)) - raft.server.log.queue.byte-limit = 2147483647 (custom)
2019-09-20 10:24:24,036 [pool-145-thread-1] INFO  server.RaftServerConfigKeys (ConfUtils.java:logGet(43)) - raft.server.log.queue.element-limit = 1024 (custom)
2019-09-20 10:24:24,036 [pool-145-thread-1] INFO  server.RaftServerConfigKeys (ConfUtils.java:logGet(43)) - raft.server.log.segment.size.max = 1048576 (custom)
2019-09-20 10:24:24,036 [pool-145-thread-1] INFO  server.RaftServerConfigKeys (ConfUtils.java:logGet(43)) - raft.server.log.preallocated.size = 16384 (custom)
2019-09-20 10:24:24,036 [pool-145-thread-1] INFO  server.RaftServerConfigKeys (ConfUtils.java:logGet(43)) - raft.server.log.write.buffer.size = 33554432 (custom)
2019-09-20 10:24:24,036 [pool-145-thread-1] INFO  server.RaftServerConfigKeys (ConfUtils.java:logGet(43)) - raft.server.log.force.sync.num = 128 (default)
2019-09-20 10:24:24,037 [pool-145-thread-1] INFO  server.RaftServerConfigKeys (ConfUtils.java:logGet(43)) - raft.server.log.statemachine.data.sync = true (default)
2019-09-20 10:24:24,037 [pool-145-thread-1] INFO  server.RaftServerConfigKeys (ConfUtils.java:logGet(43)) - raft.server.log.statemachine.data.sync.timeout = 10s (default)
2019-09-20 10:24:24,037 [pool-145-thread-1] INFO  server.RaftServerConfigKeys (ConfUtils.java:logGet(43)) - raft.server.log.statemachine.data.sync.timeout.retry = -1 (default)
2019-09-20 10:24:24,037 [pool-145-thread-1] INFO  server.RaftServerConfigKeys (ConfUtils.java:logGet(43)) - raft.server.log.statemachine.data.caching.enabled = true (custom)
2019-09-20 10:24:24,037 [pool-145-thread-1] INFO  segmented.SegmentedRaftLogWorker (SegmentedRaftLogWorker.java:lambda$new$0(132)) - 54207fe5-d92c-4c2e-b058-fbae630dabef-SegmentedRaftLogWorker:Storage Directory /workdir/hadoop-ozone/integration-test/target/test-dir/MiniOzoneClusterImpl-0561fc2e-9288-4596-b687-0c9fb03504b1/datanode-2/data/ratis/1d4c7d9e-f7a4-4bfd-afb2-78f12b894f28: flushIndex: setUnconditionally 0 -> -1
2019-09-20 10:24:24,038 [pool-145-thread-1] INFO  server.RaftServerConfigKeys (ConfUtils.java:logGet(43)) - raft.server.snapshot.auto.trigger.enabled = true (custom)
2019-09-20 10:24:24,038 [pool-145-thread-1] INFO  server.RaftServerConfigKeys (ConfUtils.java:logGet(43)) - raft.server.snapshot.auto.trigger.threshold = 10000 (custom)
2019-09-20 10:24:24,038 [pool-145-thread-1] INFO  server.RaftServerConfigKeys (ConfUtils.java:logGet(43)) - raft.server.retrycache.expirytime = 600000ms (custom)
2019-09-20 10:24:24,038 [pool-145-thread-1] INFO  impl.RaftServerImpl (RaftServerImpl.java:start(180)) - 54207fe5-d92c-4c2e-b058-fbae630dabef: start group-78F12B894F28
2019-09-20 10:24:24,038 [pool-145-thread-1] INFO  impl.RaftServerImpl (RaftServerImpl.java:setRole(171)) - 54207fe5-d92c-4c2e-b058-fbae630dabef:group-78F12B894F28 changes role from null to FOLLOWER at term 0 for startAsFollower
2019-09-20 10:24:24,039 [pool-145-thread-1] INFO  impl.RoleInfo (RoleInfo.java:updateAndGet(143)) - 54207fe5-d92c-4c2e-b058-fbae630dabef: start FollowerState
2019-09-20 10:24:24,039 [pool-145-thread-1] INFO  util.JmxRegister (JmxRegister.java:tryRegister(44)) - Successfully registered JMX Bean with object name Ratis:service=RaftServer,group=group-78F12B894F28,id=54207fe5-d92c-4c2e-b058-fbae630dabef
2019-09-20 10:24:24,043 [RatisPipelineUtilsThread] INFO  pipeline.PipelineStateManager (PipelineStateManager.java:addPipeline(56)) - Created pipeline Pipeline[ Id: 1d4c7d9e-f7a4-4bfd-afb2-78f12b894f28, Nodes: 54207fe5-d92c-4c2e-b058-fbae630dabef{ip: 192.168.36.99, host: pr-hdds-1569-p5fx8-1226042367, networkLocation: /default-rack, certSerialId: null}, Type:RATIS, Factor:ONE, State:OPEN]
2019-09-20 10:24:24,044 [RatisPipelineUtilsThread] INFO  pipeline.PipelinePlacementPolicy (PipelinePlacementPolicy.java:meetCriteria(91)) - Pipeline Placement: Doesn't meet the criteria to be viable node： 60260ec1-e192-4b95-89c8-d924d16a77a9 Heaviness: 6 limit: 5
2019-09-20 10:24:24,044 [RatisPipelineUtilsThread] INFO  pipeline.PipelinePlacementPolicy (PipelinePlacementPolicy.java:meetCriteria(91)) - Pipeline Placement: Doesn't meet the criteria to be viable node： d2ed2d9b-7ac7-460e-84f6-6d9d6066f76d Heaviness: 6 limit: 5
2019-09-20 10:24:24,059 [grpc-default-executor-0] INFO  impl.RaftServerProxy (RaftServerProxy.java:addNew(89)) - 6491c372-a595-4104-b3e9-c4f3293baafa: addNew group-2D625768C090:[6491c372-a595-4104-b3e9-c4f3293baafa:192.168.36.99:41491] returns group-2D625768C090:java.util.concurrent.CompletableFuture@24a5456e[Not completed]
2019-09-20 10:24:24,061 [pool-156-thread-1] INFO  impl.RaftServerImpl (RaftServerImpl.java:<init>(93)) - 6491c372-a595-4104-b3e9-c4f3293baafa: new RaftServerImpl for group-2D625768C090:[6491c372-a595-4104-b3e9-c4f3293baafa:192.168.36.99:41491] with ContainerStateMachine:uninitialized
2019-09-20 10:24:24,061 [pool-156-thread-1] INFO  server.RaftServerConfigKeys (ConfUtils.java:logGet(43)) - raft.server.rpc.timeout.min = 5s (custom)
2019-09-20 10:24:24,061 [pool-156-thread-1] INFO  server.RaftServerConfigKeys (ConfUtils.java:logGet(43)) - raft.server.rpc.timeout.max = 5200ms (custom)
2019-09-20 10:24:24,062 [pool-156-thread-1] INFO  server.RaftServerConfigKeys (ConfUtils.java:logGet(43)) - raft.server.rpcslowness.timeout = 120s (custom)
2019-09-20 10:24:24,062 [pool-156-thread-1] INFO  server.RaftServerConfigKeys (ConfUtils.java:logGet(43)) - raft.server.sleep.deviation.threshold = 300 (default)
2019-09-20 10:24:24,062 [pool-156-thread-1] INFO  server.RaftServerConfigKeys (ConfUtils.java:logGet(43)) - raft.server.log.appender.install.snapshot.enabled = false (custom)
2019-09-20 10:24:24,062 [pool-156-thread-1] INFO  impl.RaftServerImpl (ServerState.java:<init>(105)) - 6491c372-a595-4104-b3e9-c4f3293baafa:group-2D625768C090 ConfigurationManager, init=-1: [6491c372-a595-4104-b3e9-c4f3293baafa:192.168.36.99:41491], old=null, confs=<EMPTY_MAP>
2019-09-20 10:24:24,062 [pool-156-thread-1] INFO  server.RaftServerConfigKeys (ConfUtils.java:logGet(43)) - raft.server.storage.dir = [/workdir/hadoop-ozone/integration-test/target/test-dir/MiniOzoneClusterImpl-0561fc2e-9288-4596-b687-0c9fb03504b1/datanode-3/data/ratis] (custom)
2019-09-20 10:24:24,063 [pool-156-thread-1] INFO  storage.RaftStorageDirectory (RaftStorageDirectory.java:analyzeStorage(246)) - The storage directory /workdir/hadoop-ozone/integration-test/target/test-dir/MiniOzoneClusterImpl-0561fc2e-9288-4596-b687-0c9fb03504b1/datanode-3/data/ratis/73e726a1-a6aa-4cfa-9a5c-2d625768c090 does not exist. Creating ...
2019-09-20 10:24:24,093 [pool-156-thread-1] INFO  storage.RaftStorageDirectory (RaftStorageDirectory.java:tryLock(328)) - Lock on /workdir/hadoop-ozone/integration-test/target/test-dir/MiniOzoneClusterImpl-0561fc2e-9288-4596-b687-0c9fb03504b1/datanode-3/data/ratis/73e726a1-a6aa-4cfa-9a5c-2d625768c090/in_use.lock acquired by nodename 28506@pr-hdds-1569-p5fx8-1226042367
2019-09-20 10:24:24,110 [pool-156-thread-1] INFO  storage.RaftStorage (RaftStorage.java:format(72)) - Storage directory /workdir/hadoop-ozone/integration-test/target/test-dir/MiniOzoneClusterImpl-0561fc2e-9288-4596-b687-0c9fb03504b1/datanode-3/data/ratis/73e726a1-a6aa-4cfa-9a5c-2d625768c090 has been successfully formatted.
2019-09-20 10:24:24,110 [pool-156-thread-1] INFO  ratis.ContainerStateMachine (ContainerStateMachine.java:loadSnapshot(226)) - group-2D625768C090: The snapshot info is null. Setting the last applied indexto:(t:0, i:~)
2019-09-20 10:24:24,110 [pool-156-thread-1] INFO  server.RaftServerConfigKeys (ConfUtils.java:logGet(43)) - raft.server.leader.election.timeout = 120s (custom)
2019-09-20 10:24:24,110 [pool-156-thread-1] INFO  server.RaftServerConfigKeys (ConfUtils.java:logGet(43)) - raft.server.log.use.memory = false (default)
2019-09-20 10:24:24,111 [pool-156-thread-1] INFO  server.RaftServerConfigKeys (ConfUtils.java:logGet(43)) - raft.server.log.purge.gap = 1000000 (custom)
2019-09-20 10:24:24,111 [pool-156-thread-1] INFO  server.RaftServerConfigKeys (ConfUtils.java:logGet(43)) - raft.server.log.appender.buffer.byte-limit = 33554432 (custom)
2019-09-20 10:24:24,111 [pool-156-thread-1] INFO  server.RaftServerConfigKeys (ConfUtils.java:logGet(43)) - raft.server.log.segment.size.max = 1048576 (custom)
2019-09-20 10:24:24,111 [pool-156-thread-1] INFO  server.RaftServerConfigKeys (ConfUtils.java:logGet(43)) - raft.server.log.segment.cache.num.max = 2 (custom)
2019-09-20 10:24:24,111 [pool-156-thread-1] INFO  segmented.SegmentedRaftLogWorker (SegmentedRaftLogWorker.java:<init>(172)) - new 6491c372-a595-4104-b3e9-c4f3293baafa-SegmentedRaftLogWorker:Storage Directory /workdir/hadoop-ozone/integration-test/target/test-dir/MiniOzoneClusterImpl-0561fc2e-9288-4596-b687-0c9fb03504b1/datanode-3/data/ratis/73e726a1-a6aa-4cfa-9a5c-2d625768c090 for RaftStorage:Storage Directory /workdir/hadoop-ozone/integration-test/target/test-dir/MiniOzoneClusterImpl-0561fc2e-9288-4596-b687-0c9fb03504b1/datanode-3/data/ratis/73e726a1-a6aa-4cfa-9a5c-2d625768c090
2019-09-20 10:24:24,111 [pool-156-thread-1] INFO  server.RaftServerConfigKeys (ConfUtils.java:logGet(43)) - raft.server.log.queue.byte-limit = 2147483647 (custom)
2019-09-20 10:24:24,112 [pool-156-thread-1] INFO  server.RaftServerConfigKeys (ConfUtils.java:logGet(43)) - raft.server.log.queue.element-limit = 1024 (custom)
2019-09-20 10:24:24,112 [pool-156-thread-1] INFO  server.RaftServerConfigKeys (ConfUtils.java:logGet(43)) - raft.server.log.segment.size.max = 1048576 (custom)
2019-09-20 10:24:24,112 [pool-156-thread-1] INFO  server.RaftServerConfigKeys (ConfUtils.java:logGet(43)) - raft.server.log.preallocated.size = 16384 (custom)
2019-09-20 10:24:24,112 [pool-156-thread-1] INFO  server.RaftServerConfigKeys (ConfUtils.java:logGet(43)) - raft.server.log.write.buffer.size = 33554432 (custom)
2019-09-20 10:24:24,112 [pool-156-thread-1] INFO  server.RaftServerConfigKeys (ConfUtils.java:logGet(43)) - raft.server.log.force.sync.num = 128 (default)
2019-09-20 10:24:24,112 [pool-156-thread-1] INFO  server.RaftServerConfigKeys (ConfUtils.java:logGet(43)) - raft.server.log.statemachine.data.sync = true (default)
2019-09-20 10:24:24,113 [pool-156-thread-1] INFO  server.RaftServerConfigKeys (ConfUtils.java:logGet(43)) - raft.server.log.statemachine.data.sync.timeout = 10s (default)
2019-09-20 10:24:24,113 [pool-156-thread-1] INFO  server.RaftServerConfigKeys (ConfUtils.java:logGet(43)) - raft.server.log.statemachine.data.sync.timeout.retry = -1 (default)
2019-09-20 10:24:24,113 [pool-156-thread-1] INFO  server.RaftServerConfigKeys (ConfUtils.java:logGet(43)) - raft.server.log.statemachine.data.caching.enabled = true (custom)
2019-09-20 10:24:24,113 [pool-156-thread-1] INFO  segmented.SegmentedRaftLogWorker (SegmentedRaftLogWorker.java:lambda$new$0(132)) - 6491c372-a595-4104-b3e9-c4f3293baafa-SegmentedRaftLogWorker:Storage Directory /workdir/hadoop-ozone/integration-test/target/test-dir/MiniOzoneClusterImpl-0561fc2e-9288-4596-b687-0c9fb03504b1/datanode-3/data/ratis/73e726a1-a6aa-4cfa-9a5c-2d625768c090: flushIndex: setUnconditionally 0 -> -1
2019-09-20 10:24:24,114 [pool-156-thread-1] INFO  server.RaftServerConfigKeys (ConfUtils.java:logGet(43)) - raft.server.snapshot.auto.trigger.enabled = true (custom)
2019-09-20 10:24:24,114 [pool-156-thread-1] INFO  server.RaftServerConfigKeys (ConfUtils.java:logGet(43)) - raft.server.snapshot.auto.trigger.threshold = 10000 (custom)
2019-09-20 10:24:24,114 [pool-156-thread-1] INFO  server.RaftServerConfigKeys (ConfUtils.java:logGet(43)) - raft.server.retrycache.expirytime = 600000ms (custom)
2019-09-20 10:24:24,114 [pool-156-thread-1] INFO  impl.RaftServerImpl (RaftServerImpl.java:start(180)) - 6491c372-a595-4104-b3e9-c4f3293baafa: start group-2D625768C090
2019-09-20 10:24:24,115 [pool-156-thread-1] INFO  impl.RaftServerImpl (RaftServerImpl.java:setRole(171)) - 6491c372-a595-4104-b3e9-c4f3293baafa:group-2D625768C090 changes role from null to FOLLOWER at term 0 for startAsFollower
2019-09-20 10:24:24,115 [pool-156-thread-1] INFO  impl.RoleInfo (RoleInfo.java:updateAndGet(143)) - 6491c372-a595-4104-b3e9-c4f3293baafa: start FollowerState
2019-09-20 10:24:24,115 [pool-156-thread-1] INFO  util.JmxRegister (JmxRegister.java:tryRegister(44)) - Successfully registered JMX Bean with object name Ratis:service=RaftServer,group=group-2D625768C090,id=6491c372-a595-4104-b3e9-c4f3293baafa
2019-09-20 10:24:24,120 [RatisPipelineUtilsThread] INFO  pipeline.PipelineStateManager (PipelineStateManager.java:addPipeline(56)) - Created pipeline Pipeline[ Id: 73e726a1-a6aa-4cfa-9a5c-2d625768c090, Nodes: 6491c372-a595-4104-b3e9-c4f3293baafa{ip: 192.168.36.99, host: pr-hdds-1569-p5fx8-1226042367, networkLocation: /default-rack, certSerialId: null}, Type:RATIS, Factor:ONE, State:OPEN]
2019-09-20 10:24:24,120 [RatisPipelineUtilsThread] INFO  pipeline.PipelinePlacementPolicy (PipelinePlacementPolicy.java:meetCriteria(91)) - Pipeline Placement: Doesn't meet the criteria to be viable node： 60260ec1-e192-4b95-89c8-d924d16a77a9 Heaviness: 6 limit: 5
2019-09-20 10:24:24,120 [RatisPipelineUtilsThread] INFO  pipeline.PipelinePlacementPolicy (PipelinePlacementPolicy.java:meetCriteria(91)) - Pipeline Placement: Doesn't meet the criteria to be viable node： d2ed2d9b-7ac7-460e-84f6-6d9d6066f76d Heaviness: 6 limit: 5
2019-09-20 10:24:24,127 [grpc-default-executor-0] INFO  impl.RaftServerProxy (RaftServerProxy.java:addNew(89)) - 54207fe5-d92c-4c2e-b058-fbae630dabef: addNew group-4D4F2F0AD733:[54207fe5-d92c-4c2e-b058-fbae630dabef:192.168.36.99:37075] returns group-4D4F2F0AD733:java.util.concurrent.CompletableFuture@21ca316b[Not completed]
2019-09-20 10:24:24,129 [pool-145-thread-1] INFO  impl.RaftServerImpl (RaftServerImpl.java:<init>(93)) - 54207fe5-d92c-4c2e-b058-fbae630dabef: new RaftServerImpl for group-4D4F2F0AD733:[54207fe5-d92c-4c2e-b058-fbae630dabef:192.168.36.99:37075] with ContainerStateMachine:uninitialized
2019-09-20 10:24:24,129 [pool-145-thread-1] INFO  server.RaftServerConfigKeys (ConfUtils.java:logGet(43)) - raft.server.rpc.timeout.min = 5s (custom)
2019-09-20 10:24:24,129 [pool-145-thread-1] INFO  server.RaftServerConfigKeys (ConfUtils.java:logGet(43)) - raft.server.rpc.timeout.max = 5200ms (custom)
2019-09-20 10:24:24,129 [pool-145-thread-1] INFO  server.RaftServerConfigKeys (ConfUtils.java:logGet(43)) - raft.server.rpcslowness.timeout = 120s (custom)
2019-09-20 10:24:24,129 [pool-145-thread-1] INFO  server.RaftServerConfigKeys (ConfUtils.java:logGet(43)) - raft.server.sleep.deviation.threshold = 300 (default)
2019-09-20 10:24:24,130 [pool-145-thread-1] INFO  server.RaftServerConfigKeys (ConfUtils.java:logGet(43)) - raft.server.log.appender.install.snapshot.enabled = false (custom)
2019-09-20 10:24:24,130 [pool-145-thread-1] INFO  impl.RaftServerImpl (ServerState.java:<init>(105)) - 54207fe5-d92c-4c2e-b058-fbae630dabef:group-4D4F2F0AD733 ConfigurationManager, init=-1: [54207fe5-d92c-4c2e-b058-fbae630dabef:192.168.36.99:37075], old=null, confs=<EMPTY_MAP>
2019-09-20 10:24:24,130 [pool-145-thread-1] INFO  server.RaftServerConfigKeys (ConfUtils.java:logGet(43)) - raft.server.storage.dir = [/workdir/hadoop-ozone/integration-test/target/test-dir/MiniOzoneClusterImpl-0561fc2e-9288-4596-b687-0c9fb03504b1/datanode-2/data/ratis] (custom)
2019-09-20 10:24:24,130 [pool-145-thread-1] INFO  storage.RaftStorageDirectory (RaftStorageDirectory.java:analyzeStorage(246)) - The storage directory /workdir/hadoop-ozone/integration-test/target/test-dir/MiniOzoneClusterImpl-0561fc2e-9288-4596-b687-0c9fb03504b1/datanode-2/data/ratis/bd48154b-67a1-4653-999f-4d4f2f0ad733 does not exist. Creating ...
2019-09-20 10:24:24,152 [pool-145-thread-1] INFO  storage.RaftStorageDirectory (RaftStorageDirectory.java:tryLock(328)) - Lock on /workdir/hadoop-ozone/integration-test/target/test-dir/MiniOzoneClusterImpl-0561fc2e-9288-4596-b687-0c9fb03504b1/datanode-2/data/ratis/bd48154b-67a1-4653-999f-4d4f2f0ad733/in_use.lock acquired by nodename 28506@pr-hdds-1569-p5fx8-1226042367
2019-09-20 10:24:24,177 [pool-145-thread-1] INFO  storage.RaftStorage (RaftStorage.java:format(72)) - Storage directory /workdir/hadoop-ozone/integration-test/target/test-dir/MiniOzoneClusterImpl-0561fc2e-9288-4596-b687-0c9fb03504b1/datanode-2/data/ratis/bd48154b-67a1-4653-999f-4d4f2f0ad733 has been successfully formatted.
2019-09-20 10:24:24,178 [pool-145-thread-1] INFO  ratis.ContainerStateMachine (ContainerStateMachine.java:loadSnapshot(226)) - group-4D4F2F0AD733: The snapshot info is null. Setting the last applied indexto:(t:0, i:~)
2019-09-20 10:24:24,178 [pool-145-thread-1] INFO  server.RaftServerConfigKeys (ConfUtils.java:logGet(43)) - raft.server.leader.election.timeout = 120s (custom)
2019-09-20 10:24:24,178 [pool-145-thread-1] INFO  server.RaftServerConfigKeys (ConfUtils.java:logGet(43)) - raft.server.log.use.memory = false (default)
2019-09-20 10:24:24,178 [pool-145-thread-1] INFO  server.RaftServerConfigKeys (ConfUtils.java:logGet(43)) - raft.server.log.purge.gap = 1000000 (custom)
2019-09-20 10:24:24,178 [pool-145-thread-1] INFO  server.RaftServerConfigKeys (ConfUtils.java:logGet(43)) - raft.server.log.appender.buffer.byte-limit = 33554432 (custom)
2019-09-20 10:24:24,178 [pool-145-thread-1] INFO  server.RaftServerConfigKeys (ConfUtils.java:logGet(43)) - raft.server.log.segment.size.max = 1048576 (custom)
2019-09-20 10:24:24,179 [pool-145-thread-1] INFO  server.RaftServerConfigKeys (ConfUtils.java:logGet(43)) - raft.server.log.segment.cache.num.max = 2 (custom)
2019-09-20 10:24:24,179 [pool-145-thread-1] INFO  segmented.SegmentedRaftLogWorker (SegmentedRaftLogWorker.java:<init>(172)) - new 54207fe5-d92c-4c2e-b058-fbae630dabef-SegmentedRaftLogWorker:Storage Directory /workdir/hadoop-ozone/integration-test/target/test-dir/MiniOzoneClusterImpl-0561fc2e-9288-4596-b687-0c9fb03504b1/datanode-2/data/ratis/bd48154b-67a1-4653-999f-4d4f2f0ad733 for RaftStorage:Storage Directory /workdir/hadoop-ozone/integration-test/target/test-dir/MiniOzoneClusterImpl-0561fc2e-9288-4596-b687-0c9fb03504b1/datanode-2/data/ratis/bd48154b-67a1-4653-999f-4d4f2f0ad733
2019-09-20 10:24:24,179 [pool-145-thread-1] INFO  server.RaftServerConfigKeys (ConfUtils.java:logGet(43)) - raft.server.log.queue.byte-limit = 2147483647 (custom)
2019-09-20 10:24:24,179 [pool-145-thread-1] INFO  server.RaftServerConfigKeys (ConfUtils.java:logGet(43)) - raft.server.log.queue.element-limit = 1024 (custom)
2019-09-20 10:24:24,179 [pool-145-thread-1] INFO  server.RaftServerConfigKeys (ConfUtils.java:logGet(43)) - raft.server.log.segment.size.max = 1048576 (custom)
2019-09-20 10:24:24,179 [pool-145-thread-1] INFO  server.RaftServerConfigKeys (ConfUtils.java:logGet(43)) - raft.server.log.preallocated.size = 16384 (custom)
2019-09-20 10:24:24,179 [pool-145-thread-1] INFO  server.RaftServerConfigKeys (ConfUtils.java:logGet(43)) - raft.server.log.write.buffer.size = 33554432 (custom)
2019-09-20 10:24:24,180 [pool-145-thread-1] INFO  server.RaftServerConfigKeys (ConfUtils.java:logGet(43)) - raft.server.log.force.sync.num = 128 (default)
2019-09-20 10:24:24,180 [pool-145-thread-1] INFO  server.RaftServerConfigKeys (ConfUtils.java:logGet(43)) - raft.server.log.statemachine.data.sync = true (default)
2019-09-20 10:24:24,180 [pool-145-thread-1] INFO  server.RaftServerConfigKeys (ConfUtils.java:logGet(43)) - raft.server.log.statemachine.data.sync.timeout = 10s (default)
2019-09-20 10:24:24,180 [pool-145-thread-1] INFO  server.RaftServerConfigKeys (ConfUtils.java:logGet(43)) - raft.server.log.statemachine.data.sync.timeout.retry = -1 (default)
2019-09-20 10:24:24,180 [pool-145-thread-1] INFO  server.RaftServerConfigKeys (ConfUtils.java:logGet(43)) - raft.server.log.statemachine.data.caching.enabled = true (custom)
2019-09-20 10:24:24,181 [pool-145-thread-1] INFO  segmented.SegmentedRaftLogWorker (SegmentedRaftLogWorker.java:lambda$new$0(132)) - 54207fe5-d92c-4c2e-b058-fbae630dabef-SegmentedRaftLogWorker:Storage Directory /workdir/hadoop-ozone/integration-test/target/test-dir/MiniOzoneClusterImpl-0561fc2e-9288-4596-b687-0c9fb03504b1/datanode-2/data/ratis/bd48154b-67a1-4653-999f-4d4f2f0ad733: flushIndex: setUnconditionally 0 -> -1
2019-09-20 10:24:24,181 [pool-145-thread-1] INFO  server.RaftServerConfigKeys (ConfUtils.java:logGet(43)) - raft.server.snapshot.auto.trigger.enabled = true (custom)
2019-09-20 10:24:24,181 [pool-145-thread-1] INFO  server.RaftServerConfigKeys (ConfUtils.java:logGet(43)) - raft.server.snapshot.auto.trigger.threshold = 10000 (custom)
2019-09-20 10:24:24,182 [pool-145-thread-1] INFO  server.RaftServerConfigKeys (ConfUtils.java:logGet(43)) - raft.server.retrycache.expirytime = 600000ms (custom)
2019-09-20 10:24:24,182 [pool-145-thread-1] INFO  impl.RaftServerImpl (RaftServerImpl.java:start(180)) - 54207fe5-d92c-4c2e-b058-fbae630dabef: start group-4D4F2F0AD733
2019-09-20 10:24:24,182 [pool-145-thread-1] INFO  impl.RaftServerImpl (RaftServerImpl.java:setRole(171)) - 54207fe5-d92c-4c2e-b058-fbae630dabef:group-4D4F2F0AD733 changes role from null to FOLLOWER at term 0 for startAsFollower
2019-09-20 10:24:24,182 [pool-145-thread-1] INFO  impl.RoleInfo (RoleInfo.java:updateAndGet(143)) - 54207fe5-d92c-4c2e-b058-fbae630dabef: start FollowerState
2019-09-20 10:24:24,183 [pool-145-thread-1] INFO  util.JmxRegister (JmxRegister.java:tryRegister(44)) - Successfully registered JMX Bean with object name Ratis:service=RaftServer,group=group-4D4F2F0AD733,id=54207fe5-d92c-4c2e-b058-fbae630dabef
2019-09-20 10:24:24,186 [RatisPipelineUtilsThread] INFO  pipeline.PipelineStateManager (PipelineStateManager.java:addPipeline(56)) - Created pipeline Pipeline[ Id: bd48154b-67a1-4653-999f-4d4f2f0ad733, Nodes: 54207fe5-d92c-4c2e-b058-fbae630dabef{ip: 192.168.36.99, host: pr-hdds-1569-p5fx8-1226042367, networkLocation: /default-rack, certSerialId: null}, Type:RATIS, Factor:ONE, State:OPEN]
2019-09-20 10:24:24,187 [RatisPipelineUtilsThread] INFO  pipeline.PipelinePlacementPolicy (PipelinePlacementPolicy.java:meetCriteria(91)) - Pipeline Placement: Doesn't meet the criteria to be viable node： 60260ec1-e192-4b95-89c8-d924d16a77a9 Heaviness: 6 limit: 5
2019-09-20 10:24:24,187 [RatisPipelineUtilsThread] INFO  pipeline.PipelinePlacementPolicy (PipelinePlacementPolicy.java:meetCriteria(91)) - Pipeline Placement: Doesn't meet the criteria to be viable node： d2ed2d9b-7ac7-460e-84f6-6d9d6066f76d Heaviness: 6 limit: 5
2019-09-20 10:24:24,193 [grpc-default-executor-0] INFO  impl.RaftServerProxy (RaftServerProxy.java:addNew(89)) - 6491c372-a595-4104-b3e9-c4f3293baafa: addNew group-49592981EF4A:[6491c372-a595-4104-b3e9-c4f3293baafa:192.168.36.99:41491] returns group-49592981EF4A:java.util.concurrent.CompletableFuture@186ef124[Not completed]
2019-09-20 10:24:24,195 [pool-156-thread-1] INFO  impl.RaftServerImpl (RaftServerImpl.java:<init>(93)) - 6491c372-a595-4104-b3e9-c4f3293baafa: new RaftServerImpl for group-49592981EF4A:[6491c372-a595-4104-b3e9-c4f3293baafa:192.168.36.99:41491] with ContainerStateMachine:uninitialized
2019-09-20 10:24:24,195 [pool-156-thread-1] INFO  server.RaftServerConfigKeys (ConfUtils.java:logGet(43)) - raft.server.rpc.timeout.min = 5s (custom)
2019-09-20 10:24:24,196 [pool-156-thread-1] INFO  server.RaftServerConfigKeys (ConfUtils.java:logGet(43)) - raft.server.rpc.timeout.max = 5200ms (custom)
2019-09-20 10:24:24,196 [pool-156-thread-1] INFO  server.RaftServerConfigKeys (ConfUtils.java:logGet(43)) - raft.server.rpcslowness.timeout = 120s (custom)
2019-09-20 10:24:24,196 [pool-156-thread-1] INFO  server.RaftServerConfigKeys (ConfUtils.java:logGet(43)) - raft.server.sleep.deviation.threshold = 300 (default)
2019-09-20 10:24:24,196 [pool-156-thread-1] INFO  server.RaftServerConfigKeys (ConfUtils.java:logGet(43)) - raft.server.log.appender.install.snapshot.enabled = false (custom)
2019-09-20 10:24:24,196 [pool-156-thread-1] INFO  impl.RaftServerImpl (ServerState.java:<init>(105)) - 6491c372-a595-4104-b3e9-c4f3293baafa:group-49592981EF4A ConfigurationManager, init=-1: [6491c372-a595-4104-b3e9-c4f3293baafa:192.168.36.99:41491], old=null, confs=<EMPTY_MAP>
2019-09-20 10:24:24,197 [pool-156-thread-1] INFO  server.RaftServerConfigKeys (ConfUtils.java:logGet(43)) - raft.server.storage.dir = [/workdir/hadoop-ozone/integration-test/target/test-dir/MiniOzoneClusterImpl-0561fc2e-9288-4596-b687-0c9fb03504b1/datanode-3/data/ratis] (custom)
2019-09-20 10:24:24,197 [pool-156-thread-1] INFO  storage.RaftStorageDirectory (RaftStorageDirectory.java:analyzeStorage(246)) - The storage directory /workdir/hadoop-ozone/integration-test/target/test-dir/MiniOzoneClusterImpl-0561fc2e-9288-4596-b687-0c9fb03504b1/datanode-3/data/ratis/c61af954-14e2-4eb7-a1d0-49592981ef4a does not exist. Creating ...
2019-09-20 10:24:24,219 [pool-156-thread-1] INFO  storage.RaftStorageDirectory (RaftStorageDirectory.java:tryLock(328)) - Lock on /workdir/hadoop-ozone/integration-test/target/test-dir/MiniOzoneClusterImpl-0561fc2e-9288-4596-b687-0c9fb03504b1/datanode-3/data/ratis/c61af954-14e2-4eb7-a1d0-49592981ef4a/in_use.lock acquired by nodename 28506@pr-hdds-1569-p5fx8-1226042367
2019-09-20 10:24:24,243 | INFO  | SCMAudit | user=jenkins1000 | ip=192.168.36.99 | op=SEND_HEARTBEAT {datanodeUUID=66416d0b-a71c-4af1-ae3a-62ca63b880a3, command=[]} | ret=SUCCESS |  
2019-09-20 10:24:24,243 | INFO  | SCMAudit | user=jenkins1000 | ip=192.168.36.99 | op=SEND_HEARTBEAT {datanodeUUID=c3e532f8-1a8e-44f3-b56b-d765aee893af, command=[]} | ret=SUCCESS |  
2019-09-20 10:24:24,261 [pool-156-thread-1] INFO  storage.RaftStorage (RaftStorage.java:format(72)) - Storage directory /workdir/hadoop-ozone/integration-test/target/test-dir/MiniOzoneClusterImpl-0561fc2e-9288-4596-b687-0c9fb03504b1/datanode-3/data/ratis/c61af954-14e2-4eb7-a1d0-49592981ef4a has been successfully formatted.
2019-09-20 10:24:24,262 [pool-156-thread-1] INFO  ratis.ContainerStateMachine (ContainerStateMachine.java:loadSnapshot(226)) - group-49592981EF4A: The snapshot info is null. Setting the last applied indexto:(t:0, i:~)
2019-09-20 10:24:24,262 [pool-156-thread-1] INFO  server.RaftServerConfigKeys (ConfUtils.java:logGet(43)) - raft.server.leader.election.timeout = 120s (custom)
2019-09-20 10:24:24,262 [pool-156-thread-1] INFO  server.RaftServerConfigKeys (ConfUtils.java:logGet(43)) - raft.server.log.use.memory = false (default)
2019-09-20 10:24:24,262 [pool-156-thread-1] INFO  server.RaftServerConfigKeys (ConfUtils.java:logGet(43)) - raft.server.log.purge.gap = 1000000 (custom)
2019-09-20 10:24:24,262 [pool-156-thread-1] INFO  server.RaftServerConfigKeys (ConfUtils.java:logGet(43)) - raft.server.log.appender.buffer.byte-limit = 33554432 (custom)
2019-09-20 10:24:24,263 [pool-156-thread-1] INFO  server.RaftServerConfigKeys (ConfUtils.java:logGet(43)) - raft.server.log.segment.size.max = 1048576 (custom)
2019-09-20 10:24:24,263 [pool-156-thread-1] INFO  server.RaftServerConfigKeys (ConfUtils.java:logGet(43)) - raft.server.log.segment.cache.num.max = 2 (custom)
2019-09-20 10:24:24,263 [pool-156-thread-1] INFO  segmented.SegmentedRaftLogWorker (SegmentedRaftLogWorker.java:<init>(172)) - new 6491c372-a595-4104-b3e9-c4f3293baafa-SegmentedRaftLogWorker:Storage Directory /workdir/hadoop-ozone/integration-test/target/test-dir/MiniOzoneClusterImpl-0561fc2e-9288-4596-b687-0c9fb03504b1/datanode-3/data/ratis/c61af954-14e2-4eb7-a1d0-49592981ef4a for RaftStorage:Storage Directory /workdir/hadoop-ozone/integration-test/target/test-dir/MiniOzoneClusterImpl-0561fc2e-9288-4596-b687-0c9fb03504b1/datanode-3/data/ratis/c61af954-14e2-4eb7-a1d0-49592981ef4a
2019-09-20 10:24:24,263 [pool-156-thread-1] INFO  server.RaftServerConfigKeys (ConfUtils.java:logGet(43)) - raft.server.log.queue.byte-limit = 2147483647 (custom)
2019-09-20 10:24:24,263 [pool-156-thread-1] INFO  server.RaftServerConfigKeys (ConfUtils.java:logGet(43)) - raft.server.log.queue.element-limit = 1024 (custom)
2019-09-20 10:24:24,264 [pool-156-thread-1] INFO  server.RaftServerConfigKeys (ConfUtils.java:logGet(43)) - raft.server.log.segment.size.max = 1048576 (custom)
2019-09-20 10:24:24,264 [pool-156-thread-1] INFO  server.RaftServerConfigKeys (ConfUtils.java:logGet(43)) - raft.server.log.preallocated.size = 16384 (custom)
2019-09-20 10:24:24,264 [pool-156-thread-1] INFO  server.RaftServerConfigKeys (ConfUtils.java:logGet(43)) - raft.server.log.write.buffer.size = 33554432 (custom)
2019-09-20 10:24:24,264 [pool-156-thread-1] INFO  server.RaftServerConfigKeys (ConfUtils.java:logGet(43)) - raft.server.log.force.sync.num = 128 (default)
2019-09-20 10:24:24,264 [pool-156-thread-1] INFO  server.RaftServerConfigKeys (ConfUtils.java:logGet(43)) - raft.server.log.statemachine.data.sync = true (default)
2019-09-20 10:24:24,264 [pool-156-thread-1] INFO  server.RaftServerConfigKeys (ConfUtils.java:logGet(43)) - raft.server.log.statemachine.data.sync.timeout = 10s (default)
2019-09-20 10:24:24,264 [pool-156-thread-1] INFO  server.RaftServerConfigKeys (ConfUtils.java:logGet(43)) - raft.server.log.statemachine.data.sync.timeout.retry = -1 (default)
2019-09-20 10:24:24,265 [pool-156-thread-1] INFO  server.RaftServerConfigKeys (ConfUtils.java:logGet(43)) - raft.server.log.statemachine.data.caching.enabled = true (custom)
2019-09-20 10:24:24,265 [pool-156-thread-1] INFO  segmented.SegmentedRaftLogWorker (SegmentedRaftLogWorker.java:lambda$new$0(132)) - 6491c372-a595-4104-b3e9-c4f3293baafa-SegmentedRaftLogWorker:Storage Directory /workdir/hadoop-ozone/integration-test/target/test-dir/MiniOzoneClusterImpl-0561fc2e-9288-4596-b687-0c9fb03504b1/datanode-3/data/ratis/c61af954-14e2-4eb7-a1d0-49592981ef4a: flushIndex: setUnconditionally 0 -> -1
2019-09-20 10:24:24,265 [pool-156-thread-1] INFO  server.RaftServerConfigKeys (ConfUtils.java:logGet(43)) - raft.server.snapshot.auto.trigger.enabled = true (custom)
2019-09-20 10:24:24,265 [pool-156-thread-1] INFO  server.RaftServerConfigKeys (ConfUtils.java:logGet(43)) - raft.server.snapshot.auto.trigger.threshold = 10000 (custom)
2019-09-20 10:24:24,266 [pool-156-thread-1] INFO  server.RaftServerConfigKeys (ConfUtils.java:logGet(43)) - raft.server.retrycache.expirytime = 600000ms (custom)
2019-09-20 10:24:24,266 [pool-156-thread-1] INFO  impl.RaftServerImpl (RaftServerImpl.java:start(180)) - 6491c372-a595-4104-b3e9-c4f3293baafa: start group-49592981EF4A
2019-09-20 10:24:24,266 [pool-156-thread-1] INFO  impl.RaftServerImpl (RaftServerImpl.java:setRole(171)) - 6491c372-a595-4104-b3e9-c4f3293baafa:group-49592981EF4A changes role from null to FOLLOWER at term 0 for startAsFollower
2019-09-20 10:24:24,266 [pool-156-thread-1] INFO  impl.RoleInfo (RoleInfo.java:updateAndGet(143)) - 6491c372-a595-4104-b3e9-c4f3293baafa: start FollowerState
2019-09-20 10:24:24,267 [pool-156-thread-1] INFO  util.JmxRegister (JmxRegister.java:tryRegister(44)) - Successfully registered JMX Bean with object name Ratis:service=RaftServer,group=group-49592981EF4A,id=6491c372-a595-4104-b3e9-c4f3293baafa
2019-09-20 10:24:24,270 [RatisPipelineUtilsThread] INFO  pipeline.PipelineStateManager (PipelineStateManager.java:addPipeline(56)) - Created pipeline Pipeline[ Id: c61af954-14e2-4eb7-a1d0-49592981ef4a, Nodes: 6491c372-a595-4104-b3e9-c4f3293baafa{ip: 192.168.36.99, host: pr-hdds-1569-p5fx8-1226042367, networkLocation: /default-rack, certSerialId: null}, Type:RATIS, Factor:ONE, State:OPEN]
2019-09-20 10:24:24,270 [RatisPipelineUtilsThread] INFO  pipeline.PipelinePlacementPolicy (PipelinePlacementPolicy.java:meetCriteria(91)) - Pipeline Placement: Doesn't meet the criteria to be viable node： 60260ec1-e192-4b95-89c8-d924d16a77a9 Heaviness: 6 limit: 5
2019-09-20 10:24:24,270 [RatisPipelineUtilsThread] INFO  pipeline.PipelinePlacementPolicy (PipelinePlacementPolicy.java:meetCriteria(91)) - Pipeline Placement: Doesn't meet the criteria to be viable node： d2ed2d9b-7ac7-460e-84f6-6d9d6066f76d Heaviness: 6 limit: 5
2019-09-20 10:24:24,276 [grpc-default-executor-0] INFO  impl.RaftServerProxy (RaftServerProxy.java:addNew(89)) - 6491c372-a595-4104-b3e9-c4f3293baafa: addNew group-11388CDB44D5:[6491c372-a595-4104-b3e9-c4f3293baafa:192.168.36.99:41491] returns group-11388CDB44D5:java.util.concurrent.CompletableFuture@3e801ba6[Not completed]
2019-09-20 10:24:24,278 [pool-156-thread-1] INFO  impl.RaftServerImpl (RaftServerImpl.java:<init>(93)) - 6491c372-a595-4104-b3e9-c4f3293baafa: new RaftServerImpl for group-11388CDB44D5:[6491c372-a595-4104-b3e9-c4f3293baafa:192.168.36.99:41491] with ContainerStateMachine:uninitialized
2019-09-20 10:24:24,278 [pool-156-thread-1] INFO  server.RaftServerConfigKeys (ConfUtils.java:logGet(43)) - raft.server.rpc.timeout.min = 5s (custom)
2019-09-20 10:24:24,278 [pool-156-thread-1] INFO  server.RaftServerConfigKeys (ConfUtils.java:logGet(43)) - raft.server.rpc.timeout.max = 5200ms (custom)
2019-09-20 10:24:24,278 [pool-156-thread-1] INFO  server.RaftServerConfigKeys (ConfUtils.java:logGet(43)) - raft.server.rpcslowness.timeout = 120s (custom)
2019-09-20 10:24:24,278 [pool-156-thread-1] INFO  server.RaftServerConfigKeys (ConfUtils.java:logGet(43)) - raft.server.sleep.deviation.threshold = 300 (default)
2019-09-20 10:24:24,278 [pool-156-thread-1] INFO  server.RaftServerConfigKeys (ConfUtils.java:logGet(43)) - raft.server.log.appender.install.snapshot.enabled = false (custom)
2019-09-20 10:24:24,279 [pool-156-thread-1] INFO  impl.RaftServerImpl (ServerState.java:<init>(105)) - 6491c372-a595-4104-b3e9-c4f3293baafa:group-11388CDB44D5 ConfigurationManager, init=-1: [6491c372-a595-4104-b3e9-c4f3293baafa:192.168.36.99:41491], old=null, confs=<EMPTY_MAP>
2019-09-20 10:24:24,279 [pool-156-thread-1] INFO  server.RaftServerConfigKeys (ConfUtils.java:logGet(43)) - raft.server.storage.dir = [/workdir/hadoop-ozone/integration-test/target/test-dir/MiniOzoneClusterImpl-0561fc2e-9288-4596-b687-0c9fb03504b1/datanode-3/data/ratis] (custom)
2019-09-20 10:24:24,279 [pool-156-thread-1] INFO  storage.RaftStorageDirectory (RaftStorageDirectory.java:analyzeStorage(246)) - The storage directory /workdir/hadoop-ozone/integration-test/target/test-dir/MiniOzoneClusterImpl-0561fc2e-9288-4596-b687-0c9fb03504b1/datanode-3/data/ratis/e3496217-7e08-417b-ad43-11388cdb44d5 does not exist. Creating ...
2019-09-20 10:24:24,285 [IPC Server handler 3 on 39538] INFO  net.NetworkTopology (NetworkTopologyImpl.java:add(110)) - Added a new node: /default-rack/19fb8383-7c99-4449-b95c-a26e71717844
2019-09-20 10:24:24,285 [IPC Server handler 3 on 39538] INFO  node.SCMNodeManager (SCMNodeManager.java:register(273)) - Registered Data node : 19fb8383-7c99-4449-b95c-a26e71717844{ip: 192.168.36.99, host: pr-hdds-1569-p5fx8-1226042367, networkLocation: /default-rack, certSerialId: null}
2019-09-20 10:24:24,285 | INFO  | SCMAudit | user=jenkins1000 | ip=192.168.36.99 | op=REGISTER {datanodeDetails=19fb8383-7c99-4449-b95c-a26e71717844{ip: 192.168.36.99, host: pr-hdds-1569-p5fx8-1226042367, networkLocation: /default-rack, certSerialId: null}} | ret=SUCCESS |  
2019-09-20 10:24:24,303 [pool-156-thread-1] INFO  storage.RaftStorageDirectory (RaftStorageDirectory.java:tryLock(328)) - Lock on /workdir/hadoop-ozone/integration-test/target/test-dir/MiniOzoneClusterImpl-0561fc2e-9288-4596-b687-0c9fb03504b1/datanode-3/data/ratis/e3496217-7e08-417b-ad43-11388cdb44d5/in_use.lock acquired by nodename 28506@pr-hdds-1569-p5fx8-1226042367
2019-09-20 10:24:24,320 [pool-156-thread-1] INFO  storage.RaftStorage (RaftStorage.java:format(72)) - Storage directory /workdir/hadoop-ozone/integration-test/target/test-dir/MiniOzoneClusterImpl-0561fc2e-9288-4596-b687-0c9fb03504b1/datanode-3/data/ratis/e3496217-7e08-417b-ad43-11388cdb44d5 has been successfully formatted.
2019-09-20 10:24:24,321 [pool-156-thread-1] INFO  ratis.ContainerStateMachine (ContainerStateMachine.java:loadSnapshot(226)) - group-11388CDB44D5: The snapshot info is null. Setting the last applied indexto:(t:0, i:~)
2019-09-20 10:24:24,321 [pool-156-thread-1] INFO  server.RaftServerConfigKeys (ConfUtils.java:logGet(43)) - raft.server.leader.election.timeout = 120s (custom)
2019-09-20 10:24:24,321 [pool-156-thread-1] INFO  server.RaftServerConfigKeys (ConfUtils.java:logGet(43)) - raft.server.log.use.memory = false (default)
2019-09-20 10:24:24,321 [pool-156-thread-1] INFO  server.RaftServerConfigKeys (ConfUtils.java:logGet(43)) - raft.server.log.purge.gap = 1000000 (custom)
2019-09-20 10:24:24,321 [pool-156-thread-1] INFO  server.RaftServerConfigKeys (ConfUtils.java:logGet(43)) - raft.server.log.appender.buffer.byte-limit = 33554432 (custom)
2019-09-20 10:24:24,322 [pool-156-thread-1] INFO  server.RaftServerConfigKeys (ConfUtils.java:logGet(43)) - raft.server.log.segment.size.max = 1048576 (custom)
2019-09-20 10:24:24,322 [pool-156-thread-1] INFO  server.RaftServerConfigKeys (ConfUtils.java:logGet(43)) - raft.server.log.segment.cache.num.max = 2 (custom)
2019-09-20 10:24:24,322 [pool-156-thread-1] INFO  segmented.SegmentedRaftLogWorker (SegmentedRaftLogWorker.java:<init>(172)) - new 6491c372-a595-4104-b3e9-c4f3293baafa-SegmentedRaftLogWorker:Storage Directory /workdir/hadoop-ozone/integration-test/target/test-dir/MiniOzoneClusterImpl-0561fc2e-9288-4596-b687-0c9fb03504b1/datanode-3/data/ratis/e3496217-7e08-417b-ad43-11388cdb44d5 for RaftStorage:Storage Directory /workdir/hadoop-ozone/integration-test/target/test-dir/MiniOzoneClusterImpl-0561fc2e-9288-4596-b687-0c9fb03504b1/datanode-3/data/ratis/e3496217-7e08-417b-ad43-11388cdb44d5
2019-09-20 10:24:24,322 [pool-156-thread-1] INFO  server.RaftServerConfigKeys (ConfUtils.java:logGet(43)) - raft.server.log.queue.byte-limit = 2147483647 (custom)
2019-09-20 10:24:24,322 [pool-156-thread-1] INFO  server.RaftServerConfigKeys (ConfUtils.java:logGet(43)) - raft.server.log.queue.element-limit = 1024 (custom)
2019-09-20 10:24:24,322 [pool-156-thread-1] INFO  server.RaftServerConfigKeys (ConfUtils.java:logGet(43)) - raft.server.log.segment.size.max = 1048576 (custom)
2019-09-20 10:24:24,323 [pool-156-thread-1] INFO  server.RaftServerConfigKeys (ConfUtils.java:logGet(43)) - raft.server.log.preallocated.size = 16384 (custom)
2019-09-20 10:24:24,323 [pool-156-thread-1] INFO  server.RaftServerConfigKeys (ConfUtils.java:logGet(43)) - raft.server.log.write.buffer.size = 33554432 (custom)
2019-09-20 10:24:24,323 [pool-156-thread-1] INFO  server.RaftServerConfigKeys (ConfUtils.java:logGet(43)) - raft.server.log.force.sync.num = 128 (default)
2019-09-20 10:24:24,323 [pool-156-thread-1] INFO  server.RaftServerConfigKeys (ConfUtils.java:logGet(43)) - raft.server.log.statemachine.data.sync = true (default)
2019-09-20 10:24:24,323 [pool-156-thread-1] INFO  server.RaftServerConfigKeys (ConfUtils.java:logGet(43)) - raft.server.log.statemachine.data.sync.timeout = 10s (default)
2019-09-20 10:24:24,323 [pool-156-thread-1] INFO  server.RaftServerConfigKeys (ConfUtils.java:logGet(43)) - raft.server.log.statemachine.data.sync.timeout.retry = -1 (default)
2019-09-20 10:24:24,324 [pool-156-thread-1] INFO  server.RaftServerConfigKeys (ConfUtils.java:logGet(43)) - raft.server.log.statemachine.data.caching.enabled = true (custom)
2019-09-20 10:24:24,324 [pool-156-thread-1] INFO  segmented.SegmentedRaftLogWorker (SegmentedRaftLogWorker.java:lambda$new$0(132)) - 6491c372-a595-4104-b3e9-c4f3293baafa-SegmentedRaftLogWorker:Storage Directory /workdir/hadoop-ozone/integration-test/target/test-dir/MiniOzoneClusterImpl-0561fc2e-9288-4596-b687-0c9fb03504b1/datanode-3/data/ratis/e3496217-7e08-417b-ad43-11388cdb44d5: flushIndex: setUnconditionally 0 -> -1
2019-09-20 10:24:24,324 [pool-156-thread-1] INFO  server.RaftServerConfigKeys (ConfUtils.java:logGet(43)) - raft.server.snapshot.auto.trigger.enabled = true (custom)
2019-09-20 10:24:24,324 [pool-156-thread-1] INFO  server.RaftServerConfigKeys (ConfUtils.java:logGet(43)) - raft.server.snapshot.auto.trigger.threshold = 10000 (custom)
2019-09-20 10:24:24,325 [pool-156-thread-1] INFO  server.RaftServerConfigKeys (ConfUtils.java:logGet(43)) - raft.server.retrycache.expirytime = 600000ms (custom)
2019-09-20 10:24:24,325 [pool-156-thread-1] INFO  impl.RaftServerImpl (RaftServerImpl.java:start(180)) - 6491c372-a595-4104-b3e9-c4f3293baafa: start group-11388CDB44D5
2019-09-20 10:24:24,325 [pool-156-thread-1] INFO  impl.RaftServerImpl (RaftServerImpl.java:setRole(171)) - 6491c372-a595-4104-b3e9-c4f3293baafa:group-11388CDB44D5 changes role from null to FOLLOWER at term 0 for startAsFollower
2019-09-20 10:24:24,325 [pool-156-thread-1] INFO  impl.RoleInfo (RoleInfo.java:updateAndGet(143)) - 6491c372-a595-4104-b3e9-c4f3293baafa: start FollowerState
2019-09-20 10:24:24,326 [pool-156-thread-1] INFO  util.JmxRegister (JmxRegister.java:tryRegister(44)) - Successfully registered JMX Bean with object name Ratis:service=RaftServer,group=group-11388CDB44D5,id=6491c372-a595-4104-b3e9-c4f3293baafa
2019-09-20 10:24:24,328 [RatisPipelineUtilsThread] INFO  pipeline.PipelineStateManager (PipelineStateManager.java:addPipeline(56)) - Created pipeline Pipeline[ Id: e3496217-7e08-417b-ad43-11388cdb44d5, Nodes: 6491c372-a595-4104-b3e9-c4f3293baafa{ip: 192.168.36.99, host: pr-hdds-1569-p5fx8-1226042367, networkLocation: /default-rack, certSerialId: null}, Type:RATIS, Factor:ONE, State:OPEN]
2019-09-20 10:24:24,329 [RatisPipelineUtilsThread] INFO  pipeline.PipelinePlacementPolicy (PipelinePlacementPolicy.java:meetCriteria(91)) - Pipeline Placement: Doesn't meet the criteria to be viable node： 60260ec1-e192-4b95-89c8-d924d16a77a9 Heaviness: 6 limit: 5
2019-09-20 10:24:24,329 [RatisPipelineUtilsThread] INFO  pipeline.PipelinePlacementPolicy (PipelinePlacementPolicy.java:meetCriteria(91)) - Pipeline Placement: Doesn't meet the criteria to be viable node： d2ed2d9b-7ac7-460e-84f6-6d9d6066f76d Heaviness: 6 limit: 5
2019-09-20 10:24:24,329 | INFO  | SCMAudit | user=jenkins1000 | ip=192.168.36.99 | op=SEND_HEARTBEAT {datanodeUUID=4d972e91-cb6b-45de-8bd2-c18af7abe58b, command=[]} | ret=SUCCESS |  
2019-09-20 10:24:24,339 [grpc-default-executor-0] INFO  impl.RaftServerProxy (RaftServerProxy.java:addNew(89)) - 54207fe5-d92c-4c2e-b058-fbae630dabef: addNew group-4BD21DC28529:[54207fe5-d92c-4c2e-b058-fbae630dabef:192.168.36.99:37075] returns group-4BD21DC28529:java.util.concurrent.CompletableFuture@35c7d2b0[Not completed]
2019-09-20 10:24:24,343 [pool-145-thread-1] INFO  impl.RaftServerImpl (RaftServerImpl.java:<init>(93)) - 54207fe5-d92c-4c2e-b058-fbae630dabef: new RaftServerImpl for group-4BD21DC28529:[54207fe5-d92c-4c2e-b058-fbae630dabef:192.168.36.99:37075] with ContainerStateMachine:uninitialized
2019-09-20 10:24:24,343 [pool-145-thread-1] INFO  server.RaftServerConfigKeys (ConfUtils.java:logGet(43)) - raft.server.rpc.timeout.min = 5s (custom)
2019-09-20 10:24:24,344 [pool-145-thread-1] INFO  server.RaftServerConfigKeys (ConfUtils.java:logGet(43)) - raft.server.rpc.timeout.max = 5200ms (custom)
2019-09-20 10:24:24,344 [pool-145-thread-1] INFO  server.RaftServerConfigKeys (ConfUtils.java:logGet(43)) - raft.server.rpcslowness.timeout = 120s (custom)
2019-09-20 10:24:24,344 [pool-145-thread-1] INFO  server.RaftServerConfigKeys (ConfUtils.java:logGet(43)) - raft.server.sleep.deviation.threshold = 300 (default)
2019-09-20 10:24:24,344 [pool-145-thread-1] INFO  server.RaftServerConfigKeys (ConfUtils.java:logGet(43)) - raft.server.log.appender.install.snapshot.enabled = false (custom)
2019-09-20 10:24:24,344 [pool-145-thread-1] INFO  impl.RaftServerImpl (ServerState.java:<init>(105)) - 54207fe5-d92c-4c2e-b058-fbae630dabef:group-4BD21DC28529 ConfigurationManager, init=-1: [54207fe5-d92c-4c2e-b058-fbae630dabef:192.168.36.99:37075], old=null, confs=<EMPTY_MAP>
2019-09-20 10:24:24,345 [pool-145-thread-1] INFO  server.RaftServerConfigKeys (ConfUtils.java:logGet(43)) - raft.server.storage.dir = [/workdir/hadoop-ozone/integration-test/target/test-dir/MiniOzoneClusterImpl-0561fc2e-9288-4596-b687-0c9fb03504b1/datanode-2/data/ratis] (custom)
2019-09-20 10:24:24,345 [pool-145-thread-1] INFO  storage.RaftStorageDirectory (RaftStorageDirectory.java:analyzeStorage(246)) - The storage directory /workdir/hadoop-ozone/integration-test/target/test-dir/MiniOzoneClusterImpl-0561fc2e-9288-4596-b687-0c9fb03504b1/datanode-2/data/ratis/d9d25285-2183-4746-bd0d-4bd21dc28529 does not exist. Creating ...
2019-09-20 10:24:24,371 [pool-145-thread-1] INFO  storage.RaftStorageDirectory (RaftStorageDirectory.java:tryLock(328)) - Lock on /workdir/hadoop-ozone/integration-test/target/test-dir/MiniOzoneClusterImpl-0561fc2e-9288-4596-b687-0c9fb03504b1/datanode-2/data/ratis/d9d25285-2183-4746-bd0d-4bd21dc28529/in_use.lock acquired by nodename 28506@pr-hdds-1569-p5fx8-1226042367
2019-09-20 10:24:24,388 [pool-145-thread-1] INFO  storage.RaftStorage (RaftStorage.java:format(72)) - Storage directory /workdir/hadoop-ozone/integration-test/target/test-dir/MiniOzoneClusterImpl-0561fc2e-9288-4596-b687-0c9fb03504b1/datanode-2/data/ratis/d9d25285-2183-4746-bd0d-4bd21dc28529 has been successfully formatted.
2019-09-20 10:24:24,388 [pool-145-thread-1] INFO  ratis.ContainerStateMachine (ContainerStateMachine.java:loadSnapshot(226)) - group-4BD21DC28529: The snapshot info is null. Setting the last applied indexto:(t:0, i:~)
2019-09-20 10:24:24,388 [pool-145-thread-1] INFO  server.RaftServerConfigKeys (ConfUtils.java:logGet(43)) - raft.server.leader.election.timeout = 120s (custom)
2019-09-20 10:24:24,389 [pool-145-thread-1] INFO  server.RaftServerConfigKeys (ConfUtils.java:logGet(43)) - raft.server.log.use.memory = false (default)
2019-09-20 10:24:24,389 [pool-145-thread-1] INFO  server.RaftServerConfigKeys (ConfUtils.java:logGet(43)) - raft.server.log.purge.gap = 1000000 (custom)
2019-09-20 10:24:24,389 [pool-145-thread-1] INFO  server.RaftServerConfigKeys (ConfUtils.java:logGet(43)) - raft.server.log.appender.buffer.byte-limit = 33554432 (custom)
2019-09-20 10:24:24,389 [pool-145-thread-1] INFO  server.RaftServerConfigKeys (ConfUtils.java:logGet(43)) - raft.server.log.segment.size.max = 1048576 (custom)
2019-09-20 10:24:24,389 [pool-145-thread-1] INFO  server.RaftServerConfigKeys (ConfUtils.java:logGet(43)) - raft.server.log.segment.cache.num.max = 2 (custom)
2019-09-20 10:24:24,390 [pool-145-thread-1] INFO  segmented.SegmentedRaftLogWorker (SegmentedRaftLogWorker.java:<init>(172)) - new 54207fe5-d92c-4c2e-b058-fbae630dabef-SegmentedRaftLogWorker:Storage Directory /workdir/hadoop-ozone/integration-test/target/test-dir/MiniOzoneClusterImpl-0561fc2e-9288-4596-b687-0c9fb03504b1/datanode-2/data/ratis/d9d25285-2183-4746-bd0d-4bd21dc28529 for RaftStorage:Storage Directory /workdir/hadoop-ozone/integration-test/target/test-dir/MiniOzoneClusterImpl-0561fc2e-9288-4596-b687-0c9fb03504b1/datanode-2/data/ratis/d9d25285-2183-4746-bd0d-4bd21dc28529
2019-09-20 10:24:24,390 [pool-145-thread-1] INFO  server.RaftServerConfigKeys (ConfUtils.java:logGet(43)) - raft.server.log.queue.byte-limit = 2147483647 (custom)
2019-09-20 10:24:24,390 [pool-145-thread-1] INFO  server.RaftServerConfigKeys (ConfUtils.java:logGet(43)) - raft.server.log.queue.element-limit = 1024 (custom)
2019-09-20 10:24:24,390 [pool-145-thread-1] INFO  server.RaftServerConfigKeys (ConfUtils.java:logGet(43)) - raft.server.log.segment.size.max = 1048576 (custom)
2019-09-20 10:24:24,390 [pool-145-thread-1] INFO  server.RaftServerConfigKeys (ConfUtils.java:logGet(43)) - raft.server.log.preallocated.size = 16384 (custom)
2019-09-20 10:24:24,391 [pool-145-thread-1] INFO  server.RaftServerConfigKeys (ConfUtils.java:logGet(43)) - raft.server.log.write.buffer.size = 33554432 (custom)
2019-09-20 10:24:24,391 [pool-145-thread-1] INFO  server.RaftServerConfigKeys (ConfUtils.java:logGet(43)) - raft.server.log.force.sync.num = 128 (default)
2019-09-20 10:24:24,391 [pool-145-thread-1] INFO  server.RaftServerConfigKeys (ConfUtils.java:logGet(43)) - raft.server.log.statemachine.data.sync = true (default)
2019-09-20 10:24:24,391 [pool-145-thread-1] INFO  server.RaftServerConfigKeys (ConfUtils.java:logGet(43)) - raft.server.log.statemachine.data.sync.timeout = 10s (default)
2019-09-20 10:24:24,391 [pool-145-thread-1] INFO  server.RaftServerConfigKeys (ConfUtils.java:logGet(43)) - raft.server.log.statemachine.data.sync.timeout.retry = -1 (default)
2019-09-20 10:24:24,392 [pool-145-thread-1] INFO  server.RaftServerConfigKeys (ConfUtils.java:logGet(43)) - raft.server.log.statemachine.data.caching.enabled = true (custom)
2019-09-20 10:24:24,392 [pool-145-thread-1] INFO  segmented.SegmentedRaftLogWorker (SegmentedRaftLogWorker.java:lambda$new$0(132)) - 54207fe5-d92c-4c2e-b058-fbae630dabef-SegmentedRaftLogWorker:Storage Directory /workdir/hadoop-ozone/integration-test/target/test-dir/MiniOzoneClusterImpl-0561fc2e-9288-4596-b687-0c9fb03504b1/datanode-2/data/ratis/d9d25285-2183-4746-bd0d-4bd21dc28529: flushIndex: setUnconditionally 0 -> -1
2019-09-20 10:24:24,392 [pool-145-thread-1] INFO  server.RaftServerConfigKeys (ConfUtils.java:logGet(43)) - raft.server.snapshot.auto.trigger.enabled = true (custom)
2019-09-20 10:24:24,393 [pool-145-thread-1] INFO  server.RaftServerConfigKeys (ConfUtils.java:logGet(43)) - raft.server.snapshot.auto.trigger.threshold = 10000 (custom)
2019-09-20 10:24:24,393 [pool-145-thread-1] INFO  server.RaftServerConfigKeys (ConfUtils.java:logGet(43)) - raft.server.retrycache.expirytime = 600000ms (custom)
2019-09-20 10:24:24,393 [pool-145-thread-1] INFO  impl.RaftServerImpl (RaftServerImpl.java:start(180)) - 54207fe5-d92c-4c2e-b058-fbae630dabef: start group-4BD21DC28529
2019-09-20 10:24:24,393 [pool-145-thread-1] INFO  impl.RaftServerImpl (RaftServerImpl.java:setRole(171)) - 54207fe5-d92c-4c2e-b058-fbae630dabef:group-4BD21DC28529 changes role from null to FOLLOWER at term 0 for startAsFollower
2019-09-20 10:24:24,394 [pool-145-thread-1] INFO  impl.RoleInfo (RoleInfo.java:updateAndGet(143)) - 54207fe5-d92c-4c2e-b058-fbae630dabef: start FollowerState
2019-09-20 10:24:24,394 | INFO  | SCMAudit | user=jenkins1000 | ip=192.168.36.99 | op=SEND_HEARTBEAT {datanodeUUID=17e2ba94-38a1-40e7-84e0-f6802901db84, command=[]} | ret=SUCCESS |  
2019-09-20 10:24:24,394 [pool-145-thread-1] INFO  util.JmxRegister (JmxRegister.java:tryRegister(44)) - Successfully registered JMX Bean with object name Ratis:service=RaftServer,group=group-4BD21DC28529,id=54207fe5-d92c-4c2e-b058-fbae630dabef
2019-09-20 10:24:24,398 [RatisPipelineUtilsThread] INFO  pipeline.PipelineStateManager (PipelineStateManager.java:addPipeline(56)) - Created pipeline Pipeline[ Id: d9d25285-2183-4746-bd0d-4bd21dc28529, Nodes: 54207fe5-d92c-4c2e-b058-fbae630dabef{ip: 192.168.36.99, host: pr-hdds-1569-p5fx8-1226042367, networkLocation: /default-rack, certSerialId: null}, Type:RATIS, Factor:ONE, State:OPEN]
2019-09-20 10:24:24,398 [RatisPipelineUtilsThread] INFO  pipeline.PipelinePlacementPolicy (PipelinePlacementPolicy.java:meetCriteria(91)) - Pipeline Placement: Doesn't meet the criteria to be viable node： 60260ec1-e192-4b95-89c8-d924d16a77a9 Heaviness: 6 limit: 5
2019-09-20 10:24:24,399 [RatisPipelineUtilsThread] INFO  pipeline.PipelinePlacementPolicy (PipelinePlacementPolicy.java:meetCriteria(91)) - Pipeline Placement: Doesn't meet the criteria to be viable node： d2ed2d9b-7ac7-460e-84f6-6d9d6066f76d Heaviness: 6 limit: 5
2019-09-20 10:24:24,412 [grpc-default-executor-0] INFO  impl.RaftServerProxy (RaftServerProxy.java:addNew(89)) - 9e03ffa9-cf79-407a-a150-4c035e5aec5e: addNew group-9EAF51F6BA54:[9e03ffa9-cf79-407a-a150-4c035e5aec5e:192.168.36.99:38182] returns group-9EAF51F6BA54:java.util.concurrent.CompletableFuture@69935512[Not completed]
2019-09-20 10:24:24,414 [pool-167-thread-1] INFO  impl.RaftServerImpl (RaftServerImpl.java:<init>(93)) - 9e03ffa9-cf79-407a-a150-4c035e5aec5e: new RaftServerImpl for group-9EAF51F6BA54:[9e03ffa9-cf79-407a-a150-4c035e5aec5e:192.168.36.99:38182] with ContainerStateMachine:uninitialized
2019-09-20 10:24:24,415 [pool-167-thread-1] INFO  server.RaftServerConfigKeys (ConfUtils.java:logGet(43)) - raft.server.rpc.timeout.min = 5s (custom)
2019-09-20 10:24:24,415 [pool-167-thread-1] INFO  server.RaftServerConfigKeys (ConfUtils.java:logGet(43)) - raft.server.rpc.timeout.max = 5200ms (custom)
2019-09-20 10:24:24,415 [pool-167-thread-1] INFO  server.RaftServerConfigKeys (ConfUtils.java:logGet(43)) - raft.server.rpcslowness.timeout = 120s (custom)
2019-09-20 10:24:24,415 [pool-167-thread-1] INFO  server.RaftServerConfigKeys (ConfUtils.java:logGet(43)) - raft.server.sleep.deviation.threshold = 300 (default)
2019-09-20 10:24:24,415 [pool-167-thread-1] INFO  server.RaftServerConfigKeys (ConfUtils.java:logGet(43)) - raft.server.log.appender.install.snapshot.enabled = false (custom)
2019-09-20 10:24:24,415 [pool-167-thread-1] INFO  impl.RaftServerImpl (ServerState.java:<init>(105)) - 9e03ffa9-cf79-407a-a150-4c035e5aec5e:group-9EAF51F6BA54 ConfigurationManager, init=-1: [9e03ffa9-cf79-407a-a150-4c035e5aec5e:192.168.36.99:38182], old=null, confs=<EMPTY_MAP>
2019-09-20 10:24:24,416 [pool-167-thread-1] INFO  server.RaftServerConfigKeys (ConfUtils.java:logGet(43)) - raft.server.storage.dir = [/workdir/hadoop-ozone/integration-test/target/test-dir/MiniOzoneClusterImpl-0561fc2e-9288-4596-b687-0c9fb03504b1/datanode-4/data/ratis] (custom)
2019-09-20 10:24:24,416 [pool-167-thread-1] INFO  storage.RaftStorageDirectory (RaftStorageDirectory.java:analyzeStorage(246)) - The storage directory /workdir/hadoop-ozone/integration-test/target/test-dir/MiniOzoneClusterImpl-0561fc2e-9288-4596-b687-0c9fb03504b1/datanode-4/data/ratis/981afb2e-27b7-4995-a2ac-9eaf51f6ba54 does not exist. Creating ...
2019-09-20 10:24:24,438 [pool-167-thread-1] INFO  storage.RaftStorageDirectory (RaftStorageDirectory.java:tryLock(328)) - Lock on /workdir/hadoop-ozone/integration-test/target/test-dir/MiniOzoneClusterImpl-0561fc2e-9288-4596-b687-0c9fb03504b1/datanode-4/data/ratis/981afb2e-27b7-4995-a2ac-9eaf51f6ba54/in_use.lock acquired by nodename 28506@pr-hdds-1569-p5fx8-1226042367
2019-09-20 10:24:24,480 [pool-167-thread-1] INFO  storage.RaftStorage (RaftStorage.java:format(72)) - Storage directory /workdir/hadoop-ozone/integration-test/target/test-dir/MiniOzoneClusterImpl-0561fc2e-9288-4596-b687-0c9fb03504b1/datanode-4/data/ratis/981afb2e-27b7-4995-a2ac-9eaf51f6ba54 has been successfully formatted.
2019-09-20 10:24:24,481 [pool-167-thread-1] INFO  ratis.ContainerStateMachine (ContainerStateMachine.java:loadSnapshot(226)) - group-9EAF51F6BA54: The snapshot info is null. Setting the last applied indexto:(t:0, i:~)
2019-09-20 10:24:24,481 [pool-167-thread-1] INFO  server.RaftServerConfigKeys (ConfUtils.java:logGet(43)) - raft.server.leader.election.timeout = 120s (custom)
2019-09-20 10:24:24,481 [pool-167-thread-1] INFO  server.RaftServerConfigKeys (ConfUtils.java:logGet(43)) - raft.server.log.use.memory = false (default)
2019-09-20 10:24:24,481 [pool-167-thread-1] INFO  server.RaftServerConfigKeys (ConfUtils.java:logGet(43)) - raft.server.log.purge.gap = 1000000 (custom)
2019-09-20 10:24:24,481 [pool-167-thread-1] INFO  server.RaftServerConfigKeys (ConfUtils.java:logGet(43)) - raft.server.log.appender.buffer.byte-limit = 33554432 (custom)
2019-09-20 10:24:24,482 [pool-167-thread-1] INFO  server.RaftServerConfigKeys (ConfUtils.java:logGet(43)) - raft.server.log.segment.size.max = 1048576 (custom)
2019-09-20 10:24:24,482 [pool-167-thread-1] INFO  server.RaftServerConfigKeys (ConfUtils.java:logGet(43)) - raft.server.log.segment.cache.num.max = 2 (custom)
2019-09-20 10:24:24,482 [pool-167-thread-1] INFO  segmented.SegmentedRaftLogWorker (SegmentedRaftLogWorker.java:<init>(172)) - new 9e03ffa9-cf79-407a-a150-4c035e5aec5e-SegmentedRaftLogWorker:Storage Directory /workdir/hadoop-ozone/integration-test/target/test-dir/MiniOzoneClusterImpl-0561fc2e-9288-4596-b687-0c9fb03504b1/datanode-4/data/ratis/981afb2e-27b7-4995-a2ac-9eaf51f6ba54 for RaftStorage:Storage Directory /workdir/hadoop-ozone/integration-test/target/test-dir/MiniOzoneClusterImpl-0561fc2e-9288-4596-b687-0c9fb03504b1/datanode-4/data/ratis/981afb2e-27b7-4995-a2ac-9eaf51f6ba54
2019-09-20 10:24:24,482 [pool-167-thread-1] INFO  server.RaftServerConfigKeys (ConfUtils.java:logGet(43)) - raft.server.log.queue.byte-limit = 2147483647 (custom)
2019-09-20 10:24:24,482 [pool-167-thread-1] INFO  server.RaftServerConfigKeys (ConfUtils.java:logGet(43)) - raft.server.log.queue.element-limit = 1024 (custom)
2019-09-20 10:24:24,483 [pool-167-thread-1] INFO  server.RaftServerConfigKeys (ConfUtils.java:logGet(43)) - raft.server.log.segment.size.max = 1048576 (custom)
2019-09-20 10:24:24,483 [pool-167-thread-1] INFO  server.RaftServerConfigKeys (ConfUtils.java:logGet(43)) - raft.server.log.preallocated.size = 16384 (custom)
2019-09-20 10:24:24,483 [pool-167-thread-1] INFO  server.RaftServerConfigKeys (ConfUtils.java:logGet(43)) - raft.server.log.write.buffer.size = 33554432 (custom)
2019-09-20 10:24:24,483 [pool-167-thread-1] INFO  server.RaftServerConfigKeys (ConfUtils.java:logGet(43)) - raft.server.log.force.sync.num = 128 (default)
2019-09-20 10:24:24,484 [pool-167-thread-1] INFO  server.RaftServerConfigKeys (ConfUtils.java:logGet(43)) - raft.server.log.statemachine.data.sync = true (default)
2019-09-20 10:24:24,484 [pool-167-thread-1] INFO  server.RaftServerConfigKeys (ConfUtils.java:logGet(43)) - raft.server.log.statemachine.data.sync.timeout = 10s (default)
2019-09-20 10:24:24,484 [pool-167-thread-1] INFO  server.RaftServerConfigKeys (ConfUtils.java:logGet(43)) - raft.server.log.statemachine.data.sync.timeout.retry = -1 (default)
2019-09-20 10:24:24,484 [pool-167-thread-1] INFO  server.RaftServerConfigKeys (ConfUtils.java:logGet(43)) - raft.server.log.statemachine.data.caching.enabled = true (custom)
2019-09-20 10:24:24,485 [pool-167-thread-1] INFO  segmented.SegmentedRaftLogWorker (SegmentedRaftLogWorker.java:lambda$new$0(132)) - 9e03ffa9-cf79-407a-a150-4c035e5aec5e-SegmentedRaftLogWorker:Storage Directory /workdir/hadoop-ozone/integration-test/target/test-dir/MiniOzoneClusterImpl-0561fc2e-9288-4596-b687-0c9fb03504b1/datanode-4/data/ratis/981afb2e-27b7-4995-a2ac-9eaf51f6ba54: flushIndex: setUnconditionally 0 -> -1
2019-09-20 10:24:24,485 [pool-167-thread-1] INFO  server.RaftServerConfigKeys (ConfUtils.java:logGet(43)) - raft.server.snapshot.auto.trigger.enabled = true (custom)
2019-09-20 10:24:24,485 [pool-167-thread-1] INFO  server.RaftServerConfigKeys (ConfUtils.java:logGet(43)) - raft.server.snapshot.auto.trigger.threshold = 10000 (custom)
2019-09-20 10:24:24,486 [pool-167-thread-1] INFO  server.RaftServerConfigKeys (ConfUtils.java:logGet(43)) - raft.server.retrycache.expirytime = 600000ms (custom)
2019-09-20 10:24:24,486 [pool-167-thread-1] INFO  impl.RaftServerImpl (RaftServerImpl.java:start(180)) - 9e03ffa9-cf79-407a-a150-4c035e5aec5e: start group-9EAF51F6BA54
2019-09-20 10:24:24,486 [pool-167-thread-1] INFO  impl.RaftServerImpl (RaftServerImpl.java:setRole(171)) - 9e03ffa9-cf79-407a-a150-4c035e5aec5e:group-9EAF51F6BA54 changes role from null to FOLLOWER at term 0 for startAsFollower
2019-09-20 10:24:24,486 [pool-167-thread-1] INFO  impl.RoleInfo (RoleInfo.java:updateAndGet(143)) - 9e03ffa9-cf79-407a-a150-4c035e5aec5e: start FollowerState
2019-09-20 10:24:24,487 [pool-167-thread-1] INFO  util.JmxRegister (JmxRegister.java:tryRegister(44)) - Successfully registered JMX Bean with object name Ratis:service=RaftServer,group=group-9EAF51F6BA54,id=9e03ffa9-cf79-407a-a150-4c035e5aec5e
2019-09-20 10:24:24,490 [RatisPipelineUtilsThread] INFO  pipeline.PipelineStateManager (PipelineStateManager.java:addPipeline(56)) - Created pipeline Pipeline[ Id: 981afb2e-27b7-4995-a2ac-9eaf51f6ba54, Nodes: 9e03ffa9-cf79-407a-a150-4c035e5aec5e{ip: 192.168.36.99, host: pr-hdds-1569-p5fx8-1226042367, networkLocation: /default-rack, certSerialId: null}, Type:RATIS, Factor:ONE, State:OPEN]
2019-09-20 10:24:24,490 [RatisPipelineUtilsThread] INFO  pipeline.PipelinePlacementPolicy (PipelinePlacementPolicy.java:meetCriteria(91)) - Pipeline Placement: Doesn't meet the criteria to be viable node： 60260ec1-e192-4b95-89c8-d924d16a77a9 Heaviness: 6 limit: 5
2019-09-20 10:24:24,490 [RatisPipelineUtilsThread] INFO  pipeline.PipelinePlacementPolicy (PipelinePlacementPolicy.java:meetCriteria(91)) - Pipeline Placement: Doesn't meet the criteria to be viable node： d2ed2d9b-7ac7-460e-84f6-6d9d6066f76d Heaviness: 6 limit: 5
2019-09-20 10:24:24,497 [grpc-default-executor-0] INFO  impl.RaftServerProxy (RaftServerProxy.java:addNew(89)) - 54207fe5-d92c-4c2e-b058-fbae630dabef: addNew group-6F370A55BF23:[54207fe5-d92c-4c2e-b058-fbae630dabef:192.168.36.99:37075] returns group-6F370A55BF23:java.util.concurrent.CompletableFuture@2848c7[Not completed]
2019-09-20 10:24:24,499 [pool-145-thread-1] INFO  impl.RaftServerImpl (RaftServerImpl.java:<init>(93)) - 54207fe5-d92c-4c2e-b058-fbae630dabef: new RaftServerImpl for group-6F370A55BF23:[54207fe5-d92c-4c2e-b058-fbae630dabef:192.168.36.99:37075] with ContainerStateMachine:uninitialized
2019-09-20 10:24:24,499 [pool-145-thread-1] INFO  server.RaftServerConfigKeys (ConfUtils.java:logGet(43)) - raft.server.rpc.timeout.min = 5s (custom)
2019-09-20 10:24:24,500 [pool-145-thread-1] INFO  server.RaftServerConfigKeys (ConfUtils.java:logGet(43)) - raft.server.rpc.timeout.max = 5200ms (custom)
2019-09-20 10:24:24,500 [pool-145-thread-1] INFO  server.RaftServerConfigKeys (ConfUtils.java:logGet(43)) - raft.server.rpcslowness.timeout = 120s (custom)
2019-09-20 10:24:24,500 [pool-145-thread-1] INFO  server.RaftServerConfigKeys (ConfUtils.java:logGet(43)) - raft.server.sleep.deviation.threshold = 300 (default)
2019-09-20 10:24:24,500 [pool-145-thread-1] INFO  server.RaftServerConfigKeys (ConfUtils.java:logGet(43)) - raft.server.log.appender.install.snapshot.enabled = false (custom)
2019-09-20 10:24:24,500 [pool-145-thread-1] INFO  impl.RaftServerImpl (ServerState.java:<init>(105)) - 54207fe5-d92c-4c2e-b058-fbae630dabef:group-6F370A55BF23 ConfigurationManager, init=-1: [54207fe5-d92c-4c2e-b058-fbae630dabef:192.168.36.99:37075], old=null, confs=<EMPTY_MAP>
2019-09-20 10:24:24,500 [pool-145-thread-1] INFO  server.RaftServerConfigKeys (ConfUtils.java:logGet(43)) - raft.server.storage.dir = [/workdir/hadoop-ozone/integration-test/target/test-dir/MiniOzoneClusterImpl-0561fc2e-9288-4596-b687-0c9fb03504b1/datanode-2/data/ratis] (custom)
2019-09-20 10:24:24,501 [pool-145-thread-1] INFO  storage.RaftStorageDirectory (RaftStorageDirectory.java:analyzeStorage(246)) - The storage directory /workdir/hadoop-ozone/integration-test/target/test-dir/MiniOzoneClusterImpl-0561fc2e-9288-4596-b687-0c9fb03504b1/datanode-2/data/ratis/c8227d39-8132-4283-a3c0-6f370a55bf23 does not exist. Creating ...
2019-09-20 10:24:24,597 | INFO  | SCMAudit | user=jenkins1000 | ip=192.168.36.99 | op=SEND_HEARTBEAT {datanodeUUID=1ab786b9-c79c-4265-88a1-5b3344c6beda, command=[]} | ret=SUCCESS |  
2019-09-20 10:24:24,597 [main] INFO  ozone.MiniOzoneClusterImpl (MiniOzoneClusterImpl.java:lambda$waitForClusterToBeReady$0(142)) - Waiting for cluster to be ready. Got 6 of 7 DN Heartbeats.
2019-09-20 10:24:24,599 [IPC Server handler 0 on 39538] INFO  net.NetworkTopology (NetworkTopologyImpl.java:add(110)) - Added a new node: /default-rack/468be06f-55e9-4831-ba6b-3db017451a79
2019-09-20 10:24:24,600 [IPC Server handler 0 on 39538] INFO  node.SCMNodeManager (SCMNodeManager.java:register(273)) - Registered Data node : 468be06f-55e9-4831-ba6b-3db017451a79{ip: 192.168.36.99, host: pr-hdds-1569-p5fx8-1226042367, networkLocation: /default-rack, certSerialId: null}
2019-09-20 10:24:24,600 | INFO  | SCMAudit | user=jenkins1000 | ip=192.168.36.99 | op=REGISTER {datanodeDetails=468be06f-55e9-4831-ba6b-3db017451a79{ip: 192.168.36.99, host: pr-hdds-1569-p5fx8-1226042367, networkLocation: /default-rack, certSerialId: null}} | ret=SUCCESS |  
2019-09-20 10:24:24,665 [pool-145-thread-1] INFO  storage.RaftStorageDirectory (RaftStorageDirectory.java:tryLock(328)) - Lock on /workdir/hadoop-ozone/integration-test/target/test-dir/MiniOzoneClusterImpl-0561fc2e-9288-4596-b687-0c9fb03504b1/datanode-2/data/ratis/c8227d39-8132-4283-a3c0-6f370a55bf23/in_use.lock acquired by nodename 28506@pr-hdds-1569-p5fx8-1226042367
2019-09-20 10:24:24,680 | INFO  | SCMAudit | user=jenkins1000 | ip=192.168.36.99 | op=SEND_HEARTBEAT {datanodeUUID=3d6f3241-e73c-473a-ad0b-c7be2f7e1dda, command=[]} | ret=SUCCESS |  
2019-09-20 10:24:24,693 [pool-145-thread-1] INFO  storage.RaftStorage (RaftStorage.java:format(72)) - Storage directory /workdir/hadoop-ozone/integration-test/target/test-dir/MiniOzoneClusterImpl-0561fc2e-9288-4596-b687-0c9fb03504b1/datanode-2/data/ratis/c8227d39-8132-4283-a3c0-6f370a55bf23 has been successfully formatted.
2019-09-20 10:24:24,693 [pool-145-thread-1] INFO  ratis.ContainerStateMachine (ContainerStateMachine.java:loadSnapshot(226)) - group-6F370A55BF23: The snapshot info is null. Setting the last applied indexto:(t:0, i:~)
2019-09-20 10:24:24,693 [pool-145-thread-1] INFO  server.RaftServerConfigKeys (ConfUtils.java:logGet(43)) - raft.server.leader.election.timeout = 120s (custom)
2019-09-20 10:24:24,694 [pool-145-thread-1] INFO  server.RaftServerConfigKeys (ConfUtils.java:logGet(43)) - raft.server.log.use.memory = false (default)
2019-09-20 10:24:24,694 [pool-145-thread-1] INFO  server.RaftServerConfigKeys (ConfUtils.java:logGet(43)) - raft.server.log.purge.gap = 1000000 (custom)
2019-09-20 10:24:24,694 [pool-145-thread-1] INFO  server.RaftServerConfigKeys (ConfUtils.java:logGet(43)) - raft.server.log.appender.buffer.byte-limit = 33554432 (custom)
2019-09-20 10:24:24,694 [pool-145-thread-1] INFO  server.RaftServerConfigKeys (ConfUtils.java:logGet(43)) - raft.server.log.segment.size.max = 1048576 (custom)
2019-09-20 10:24:24,694 [pool-145-thread-1] INFO  server.RaftServerConfigKeys (ConfUtils.java:logGet(43)) - raft.server.log.segment.cache.num.max = 2 (custom)
2019-09-20 10:24:24,695 [pool-145-thread-1] INFO  segmented.SegmentedRaftLogWorker (SegmentedRaftLogWorker.java:<init>(172)) - new 54207fe5-d92c-4c2e-b058-fbae630dabef-SegmentedRaftLogWorker:Storage Directory /workdir/hadoop-ozone/integration-test/target/test-dir/MiniOzoneClusterImpl-0561fc2e-9288-4596-b687-0c9fb03504b1/datanode-2/data/ratis/c8227d39-8132-4283-a3c0-6f370a55bf23 for RaftStorage:Storage Directory /workdir/hadoop-ozone/integration-test/target/test-dir/MiniOzoneClusterImpl-0561fc2e-9288-4596-b687-0c9fb03504b1/datanode-2/data/ratis/c8227d39-8132-4283-a3c0-6f370a55bf23
2019-09-20 10:24:24,695 [pool-145-thread-1] INFO  server.RaftServerConfigKeys (ConfUtils.java:logGet(43)) - raft.server.log.queue.byte-limit = 2147483647 (custom)
2019-09-20 10:24:24,695 [pool-145-thread-1] INFO  server.RaftServerConfigKeys (ConfUtils.java:logGet(43)) - raft.server.log.queue.element-limit = 1024 (custom)
2019-09-20 10:24:24,695 [pool-145-thread-1] INFO  server.RaftServerConfigKeys (ConfUtils.java:logGet(43)) - raft.server.log.segment.size.max = 1048576 (custom)
2019-09-20 10:24:24,695 [pool-145-thread-1] INFO  server.RaftServerConfigKeys (ConfUtils.java:logGet(43)) - raft.server.log.preallocated.size = 16384 (custom)
2019-09-20 10:24:24,696 [pool-145-thread-1] INFO  server.RaftServerConfigKeys (ConfUtils.java:logGet(43)) - raft.server.log.write.buffer.size = 33554432 (custom)
2019-09-20 10:24:24,696 [pool-145-thread-1] INFO  server.RaftServerConfigKeys (ConfUtils.java:logGet(43)) - raft.server.log.force.sync.num = 128 (default)
2019-09-20 10:24:24,696 [pool-145-thread-1] INFO  server.RaftServerConfigKeys (ConfUtils.java:logGet(43)) - raft.server.log.statemachine.data.sync = true (default)
2019-09-20 10:24:24,696 [pool-145-thread-1] INFO  server.RaftServerConfigKeys (ConfUtils.java:logGet(43)) - raft.server.log.statemachine.data.sync.timeout = 10s (default)
2019-09-20 10:24:24,696 [pool-145-thread-1] INFO  server.RaftServerConfigKeys (ConfUtils.java:logGet(43)) - raft.server.log.statemachine.data.sync.timeout.retry = -1 (default)
2019-09-20 10:24:24,697 [pool-145-thread-1] INFO  server.RaftServerConfigKeys (ConfUtils.java:logGet(43)) - raft.server.log.statemachine.data.caching.enabled = true (custom)
2019-09-20 10:24:24,697 [pool-145-thread-1] INFO  segmented.SegmentedRaftLogWorker (SegmentedRaftLogWorker.java:lambda$new$0(132)) - 54207fe5-d92c-4c2e-b058-fbae630dabef-SegmentedRaftLogWorker:Storage Directory /workdir/hadoop-ozone/integration-test/target/test-dir/MiniOzoneClusterImpl-0561fc2e-9288-4596-b687-0c9fb03504b1/datanode-2/data/ratis/c8227d39-8132-4283-a3c0-6f370a55bf23: flushIndex: setUnconditionally 0 -> -1
2019-09-20 10:24:24,697 [pool-145-thread-1] INFO  server.RaftServerConfigKeys (ConfUtils.java:logGet(43)) - raft.server.snapshot.auto.trigger.enabled = true (custom)
2019-09-20 10:24:24,698 [pool-145-thread-1] INFO  server.RaftServerConfigKeys (ConfUtils.java:logGet(43)) - raft.server.snapshot.auto.trigger.threshold = 10000 (custom)
2019-09-20 10:24:24,698 [pool-145-thread-1] INFO  server.RaftServerConfigKeys (ConfUtils.java:logGet(43)) - raft.server.retrycache.expirytime = 600000ms (custom)
2019-09-20 10:24:24,698 [pool-145-thread-1] INFO  impl.RaftServerImpl (RaftServerImpl.java:start(180)) - 54207fe5-d92c-4c2e-b058-fbae630dabef: start group-6F370A55BF23
2019-09-20 10:24:24,698 [pool-145-thread-1] INFO  impl.RaftServerImpl (RaftServerImpl.java:setRole(171)) - 54207fe5-d92c-4c2e-b058-fbae630dabef:group-6F370A55BF23 changes role from null to FOLLOWER at term 0 for startAsFollower
2019-09-20 10:24:24,699 [pool-145-thread-1] INFO  impl.RoleInfo (RoleInfo.java:updateAndGet(143)) - 54207fe5-d92c-4c2e-b058-fbae630dabef: start FollowerState
2019-09-20 10:24:24,699 [pool-145-thread-1] INFO  util.JmxRegister (JmxRegister.java:tryRegister(44)) - Successfully registered JMX Bean with object name Ratis:service=RaftServer,group=group-6F370A55BF23,id=54207fe5-d92c-4c2e-b058-fbae630dabef
2019-09-20 10:24:24,704 [RatisPipelineUtilsThread] INFO  pipeline.PipelineStateManager (PipelineStateManager.java:addPipeline(56)) - Created pipeline Pipeline[ Id: c8227d39-8132-4283-a3c0-6f370a55bf23, Nodes: 54207fe5-d92c-4c2e-b058-fbae630dabef{ip: 192.168.36.99, host: pr-hdds-1569-p5fx8-1226042367, networkLocation: /default-rack, certSerialId: null}, Type:RATIS, Factor:ONE, State:OPEN]
2019-09-20 10:24:24,704 [RatisPipelineUtilsThread] INFO  pipeline.PipelinePlacementPolicy (PipelinePlacementPolicy.java:meetCriteria(91)) - Pipeline Placement: Doesn't meet the criteria to be viable node： 54207fe5-d92c-4c2e-b058-fbae630dabef Heaviness: 6 limit: 5
2019-09-20 10:24:24,704 [RatisPipelineUtilsThread] INFO  pipeline.PipelinePlacementPolicy (PipelinePlacementPolicy.java:meetCriteria(91)) - Pipeline Placement: Doesn't meet the criteria to be viable node： 60260ec1-e192-4b95-89c8-d924d16a77a9 Heaviness: 6 limit: 5
2019-09-20 10:24:24,704 [RatisPipelineUtilsThread] INFO  pipeline.PipelinePlacementPolicy (PipelinePlacementPolicy.java:meetCriteria(91)) - Pipeline Placement: Doesn't meet the criteria to be viable node： d2ed2d9b-7ac7-460e-84f6-6d9d6066f76d Heaviness: 6 limit: 5
2019-09-20 10:24:24,717 [grpc-default-executor-0] INFO  impl.RaftServerProxy (RaftServerProxy.java:addNew(89)) - 19fb8383-7c99-4449-b95c-a26e71717844: addNew group-7AD70FD4F128:[19fb8383-7c99-4449-b95c-a26e71717844:192.168.36.99:38491] returns group-7AD70FD4F128:java.util.concurrent.CompletableFuture@4be358b[Not completed]
2019-09-20 10:24:24,719 [pool-178-thread-1] INFO  impl.RaftServerImpl (RaftServerImpl.java:<init>(93)) - 19fb8383-7c99-4449-b95c-a26e71717844: new RaftServerImpl for group-7AD70FD4F128:[19fb8383-7c99-4449-b95c-a26e71717844:192.168.36.99:38491] with ContainerStateMachine:uninitialized
2019-09-20 10:24:24,719 [pool-178-thread-1] INFO  server.RaftServerConfigKeys (ConfUtils.java:logGet(43)) - raft.server.rpc.timeout.min = 5s (custom)
2019-09-20 10:24:24,720 [pool-178-thread-1] INFO  server.RaftServerConfigKeys (ConfUtils.java:logGet(43)) - raft.server.rpc.timeout.max = 5200ms (custom)
2019-09-20 10:24:24,720 [pool-178-thread-1] INFO  server.RaftServerConfigKeys (ConfUtils.java:logGet(43)) - raft.server.rpcslowness.timeout = 120s (custom)
2019-09-20 10:24:24,720 [pool-178-thread-1] INFO  server.RaftServerConfigKeys (ConfUtils.java:logGet(43)) - raft.server.sleep.deviation.threshold = 300 (default)
2019-09-20 10:24:24,720 [pool-178-thread-1] INFO  server.RaftServerConfigKeys (ConfUtils.java:logGet(43)) - raft.server.log.appender.install.snapshot.enabled = false (custom)
2019-09-20 10:24:24,720 [pool-178-thread-1] INFO  impl.RaftServerImpl (ServerState.java:<init>(105)) - 19fb8383-7c99-4449-b95c-a26e71717844:group-7AD70FD4F128 ConfigurationManager, init=-1: [19fb8383-7c99-4449-b95c-a26e71717844:192.168.36.99:38491], old=null, confs=<EMPTY_MAP>
2019-09-20 10:24:24,721 [pool-178-thread-1] INFO  server.RaftServerConfigKeys (ConfUtils.java:logGet(43)) - raft.server.storage.dir = [/workdir/hadoop-ozone/integration-test/target/test-dir/MiniOzoneClusterImpl-0561fc2e-9288-4596-b687-0c9fb03504b1/datanode-5/data/ratis] (custom)
2019-09-20 10:24:24,721 [pool-178-thread-1] INFO  storage.RaftStorageDirectory (RaftStorageDirectory.java:analyzeStorage(246)) - The storage directory /workdir/hadoop-ozone/integration-test/target/test-dir/MiniOzoneClusterImpl-0561fc2e-9288-4596-b687-0c9fb03504b1/datanode-5/data/ratis/405d5932-1c23-448d-b8fd-7ad70fd4f128 does not exist. Creating ...
2019-09-20 10:24:24,749 [pool-178-thread-1] INFO  storage.RaftStorageDirectory (RaftStorageDirectory.java:tryLock(328)) - Lock on /workdir/hadoop-ozone/integration-test/target/test-dir/MiniOzoneClusterImpl-0561fc2e-9288-4596-b687-0c9fb03504b1/datanode-5/data/ratis/405d5932-1c23-448d-b8fd-7ad70fd4f128/in_use.lock acquired by nodename 28506@pr-hdds-1569-p5fx8-1226042367
2019-09-20 10:24:24,768 [pool-178-thread-1] INFO  storage.RaftStorage (RaftStorage.java:format(72)) - Storage directory /workdir/hadoop-ozone/integration-test/target/test-dir/MiniOzoneClusterImpl-0561fc2e-9288-4596-b687-0c9fb03504b1/datanode-5/data/ratis/405d5932-1c23-448d-b8fd-7ad70fd4f128 has been successfully formatted.
2019-09-20 10:24:24,769 [pool-178-thread-1] INFO  ratis.ContainerStateMachine (ContainerStateMachine.java:loadSnapshot(226)) - group-7AD70FD4F128: The snapshot info is null. Setting the last applied indexto:(t:0, i:~)
2019-09-20 10:24:24,769 [pool-178-thread-1] INFO  server.RaftServerConfigKeys (ConfUtils.java:logGet(43)) - raft.server.leader.election.timeout = 120s (custom)
2019-09-20 10:24:24,769 [pool-178-thread-1] INFO  server.RaftServerConfigKeys (ConfUtils.java:logGet(43)) - raft.server.log.use.memory = false (default)
2019-09-20 10:24:24,769 [pool-178-thread-1] INFO  server.RaftServerConfigKeys (ConfUtils.java:logGet(43)) - raft.server.log.purge.gap = 1000000 (custom)
2019-09-20 10:24:24,769 [pool-178-thread-1] INFO  server.RaftServerConfigKeys (ConfUtils.java:logGet(43)) - raft.server.log.appender.buffer.byte-limit = 33554432 (custom)
2019-09-20 10:24:24,770 [pool-178-thread-1] INFO  server.RaftServerConfigKeys (ConfUtils.java:logGet(43)) - raft.server.log.segment.size.max = 1048576 (custom)
2019-09-20 10:24:24,770 [pool-178-thread-1] INFO  server.RaftServerConfigKeys (ConfUtils.java:logGet(43)) - raft.server.log.segment.cache.num.max = 2 (custom)
2019-09-20 10:24:24,770 [pool-178-thread-1] INFO  segmented.SegmentedRaftLogWorker (SegmentedRaftLogWorker.java:<init>(172)) - new 19fb8383-7c99-4449-b95c-a26e71717844-SegmentedRaftLogWorker:Storage Directory /workdir/hadoop-ozone/integration-test/target/test-dir/MiniOzoneClusterImpl-0561fc2e-9288-4596-b687-0c9fb03504b1/datanode-5/data/ratis/405d5932-1c23-448d-b8fd-7ad70fd4f128 for RaftStorage:Storage Directory /workdir/hadoop-ozone/integration-test/target/test-dir/MiniOzoneClusterImpl-0561fc2e-9288-4596-b687-0c9fb03504b1/datanode-5/data/ratis/405d5932-1c23-448d-b8fd-7ad70fd4f128
2019-09-20 10:24:24,770 [pool-178-thread-1] INFO  server.RaftServerConfigKeys (ConfUtils.java:logGet(43)) - raft.server.log.queue.byte-limit = 2147483647 (custom)
2019-09-20 10:24:24,770 [pool-178-thread-1] INFO  server.RaftServerConfigKeys (ConfUtils.java:logGet(43)) - raft.server.log.queue.element-limit = 1024 (custom)
2019-09-20 10:24:24,771 [pool-178-thread-1] INFO  server.RaftServerConfigKeys (ConfUtils.java:logGet(43)) - raft.server.log.segment.size.max = 1048576 (custom)
2019-09-20 10:24:24,771 [pool-178-thread-1] INFO  server.RaftServerConfigKeys (ConfUtils.java:logGet(43)) - raft.server.log.preallocated.size = 16384 (custom)
2019-09-20 10:24:24,771 [pool-178-thread-1] INFO  server.RaftServerConfigKeys (ConfUtils.java:logGet(43)) - raft.server.log.write.buffer.size = 33554432 (custom)
2019-09-20 10:24:24,771 [pool-178-thread-1] INFO  server.RaftServerConfigKeys (ConfUtils.java:logGet(43)) - raft.server.log.force.sync.num = 128 (default)
2019-09-20 10:24:24,771 [pool-178-thread-1] INFO  server.RaftServerConfigKeys (ConfUtils.java:logGet(43)) - raft.server.log.statemachine.data.sync = true (default)
2019-09-20 10:24:24,771 [pool-178-thread-1] INFO  server.RaftServerConfigKeys (ConfUtils.java:logGet(43)) - raft.server.log.statemachine.data.sync.timeout = 10s (default)
2019-09-20 10:24:24,772 [pool-178-thread-1] INFO  server.RaftServerConfigKeys (ConfUtils.java:logGet(43)) - raft.server.log.statemachine.data.sync.timeout.retry = -1 (default)
2019-09-20 10:24:24,772 [pool-178-thread-1] INFO  server.RaftServerConfigKeys (ConfUtils.java:logGet(43)) - raft.server.log.statemachine.data.caching.enabled = true (custom)
2019-09-20 10:24:24,772 [pool-178-thread-1] INFO  segmented.SegmentedRaftLogWorker (SegmentedRaftLogWorker.java:lambda$new$0(132)) - 19fb8383-7c99-4449-b95c-a26e71717844-SegmentedRaftLogWorker:Storage Directory /workdir/hadoop-ozone/integration-test/target/test-dir/MiniOzoneClusterImpl-0561fc2e-9288-4596-b687-0c9fb03504b1/datanode-5/data/ratis/405d5932-1c23-448d-b8fd-7ad70fd4f128: flushIndex: setUnconditionally 0 -> -1
2019-09-20 10:24:24,773 [pool-178-thread-1] INFO  server.RaftServerConfigKeys (ConfUtils.java:logGet(43)) - raft.server.snapshot.auto.trigger.enabled = true (custom)
2019-09-20 10:24:24,773 [pool-178-thread-1] INFO  server.RaftServerConfigKeys (ConfUtils.java:logGet(43)) - raft.server.snapshot.auto.trigger.threshold = 10000 (custom)
2019-09-20 10:24:24,773 [pool-178-thread-1] INFO  server.RaftServerConfigKeys (ConfUtils.java:logGet(43)) - raft.server.retrycache.expirytime = 600000ms (custom)
2019-09-20 10:24:24,774 [pool-178-thread-1] INFO  impl.RaftServerImpl (RaftServerImpl.java:start(180)) - 19fb8383-7c99-4449-b95c-a26e71717844: start group-7AD70FD4F128
2019-09-20 10:24:24,774 [pool-178-thread-1] INFO  impl.RaftServerImpl (RaftServerImpl.java:setRole(171)) - 19fb8383-7c99-4449-b95c-a26e71717844:group-7AD70FD4F128 changes role from null to FOLLOWER at term 0 for startAsFollower
2019-09-20 10:24:24,774 [pool-178-thread-1] INFO  impl.RoleInfo (RoleInfo.java:updateAndGet(143)) - 19fb8383-7c99-4449-b95c-a26e71717844: start FollowerState
2019-09-20 10:24:24,774 [pool-178-thread-1] INFO  util.JmxRegister (JmxRegister.java:tryRegister(44)) - Successfully registered JMX Bean with object name Ratis:service=RaftServer,group=group-7AD70FD4F128,id=19fb8383-7c99-4449-b95c-a26e71717844
2019-09-20 10:24:24,777 [RatisPipelineUtilsThread] INFO  pipeline.PipelineStateManager (PipelineStateManager.java:addPipeline(56)) - Created pipeline Pipeline[ Id: 405d5932-1c23-448d-b8fd-7ad70fd4f128, Nodes: 19fb8383-7c99-4449-b95c-a26e71717844{ip: 192.168.36.99, host: pr-hdds-1569-p5fx8-1226042367, networkLocation: /default-rack, certSerialId: null}, Type:RATIS, Factor:ONE, State:OPEN]
2019-09-20 10:24:24,778 [RatisPipelineUtilsThread] INFO  pipeline.PipelinePlacementPolicy (PipelinePlacementPolicy.java:meetCriteria(91)) - Pipeline Placement: Doesn't meet the criteria to be viable node： 54207fe5-d92c-4c2e-b058-fbae630dabef Heaviness: 6 limit: 5
2019-09-20 10:24:24,778 [RatisPipelineUtilsThread] INFO  pipeline.PipelinePlacementPolicy (PipelinePlacementPolicy.java:meetCriteria(91)) - Pipeline Placement: Doesn't meet the criteria to be viable node： 60260ec1-e192-4b95-89c8-d924d16a77a9 Heaviness: 6 limit: 5
2019-09-20 10:24:24,778 [RatisPipelineUtilsThread] INFO  pipeline.PipelinePlacementPolicy (PipelinePlacementPolicy.java:meetCriteria(91)) - Pipeline Placement: Doesn't meet the criteria to be viable node： d2ed2d9b-7ac7-460e-84f6-6d9d6066f76d Heaviness: 6 limit: 5
2019-09-20 10:24:24,784 [grpc-default-executor-0] INFO  impl.RaftServerProxy (RaftServerProxy.java:addNew(89)) - 9e03ffa9-cf79-407a-a150-4c035e5aec5e: addNew group-ED70E8EB2E1A:[9e03ffa9-cf79-407a-a150-4c035e5aec5e:192.168.36.99:38182] returns group-ED70E8EB2E1A:java.util.concurrent.CompletableFuture@51c20dbf[Not completed]
2019-09-20 10:24:24,786 [pool-167-thread-1] INFO  impl.RaftServerImpl (RaftServerImpl.java:<init>(93)) - 9e03ffa9-cf79-407a-a150-4c035e5aec5e: new RaftServerImpl for group-ED70E8EB2E1A:[9e03ffa9-cf79-407a-a150-4c035e5aec5e:192.168.36.99:38182] with ContainerStateMachine:uninitialized
2019-09-20 10:24:24,786 [pool-167-thread-1] INFO  server.RaftServerConfigKeys (ConfUtils.java:logGet(43)) - raft.server.rpc.timeout.min = 5s (custom)
2019-09-20 10:24:24,786 [pool-167-thread-1] INFO  server.RaftServerConfigKeys (ConfUtils.java:logGet(43)) - raft.server.rpc.timeout.max = 5200ms (custom)
2019-09-20 10:24:24,786 [pool-167-thread-1] INFO  server.RaftServerConfigKeys (ConfUtils.java:logGet(43)) - raft.server.rpcslowness.timeout = 120s (custom)
2019-09-20 10:24:24,786 [pool-167-thread-1] INFO  server.RaftServerConfigKeys (ConfUtils.java:logGet(43)) - raft.server.sleep.deviation.threshold = 300 (default)
2019-09-20 10:24:24,786 [pool-167-thread-1] INFO  server.RaftServerConfigKeys (ConfUtils.java:logGet(43)) - raft.server.log.appender.install.snapshot.enabled = false (custom)
2019-09-20 10:24:24,786 [pool-167-thread-1] INFO  impl.RaftServerImpl (ServerState.java:<init>(105)) - 9e03ffa9-cf79-407a-a150-4c035e5aec5e:group-ED70E8EB2E1A ConfigurationManager, init=-1: [9e03ffa9-cf79-407a-a150-4c035e5aec5e:192.168.36.99:38182], old=null, confs=<EMPTY_MAP>
2019-09-20 10:24:24,787 [pool-167-thread-1] INFO  server.RaftServerConfigKeys (ConfUtils.java:logGet(43)) - raft.server.storage.dir = [/workdir/hadoop-ozone/integration-test/target/test-dir/MiniOzoneClusterImpl-0561fc2e-9288-4596-b687-0c9fb03504b1/datanode-4/data/ratis] (custom)
2019-09-20 10:24:24,787 [pool-167-thread-1] INFO  storage.RaftStorageDirectory (RaftStorageDirectory.java:analyzeStorage(246)) - The storage directory /workdir/hadoop-ozone/integration-test/target/test-dir/MiniOzoneClusterImpl-0561fc2e-9288-4596-b687-0c9fb03504b1/datanode-4/data/ratis/f82f49ed-0679-4f5d-9b0c-ed70e8eb2e1a does not exist. Creating ...
2019-09-20 10:24:24,824 [pool-167-thread-1] INFO  storage.RaftStorageDirectory (RaftStorageDirectory.java:tryLock(328)) - Lock on /workdir/hadoop-ozone/integration-test/target/test-dir/MiniOzoneClusterImpl-0561fc2e-9288-4596-b687-0c9fb03504b1/datanode-4/data/ratis/f82f49ed-0679-4f5d-9b0c-ed70e8eb2e1a/in_use.lock acquired by nodename 28506@pr-hdds-1569-p5fx8-1226042367
2019-09-20 10:24:24,844 | INFO  | SCMAudit | user=jenkins1000 | ip=192.168.36.99 | op=SEND_HEARTBEAT {datanodeUUID=7af711bd-b5ae-4a73-a8be-b970cae6c2d1, command=[]} | ret=SUCCESS |  
2019-09-20 10:24:24,859 [pool-167-thread-1] INFO  storage.RaftStorage (RaftStorage.java:format(72)) - Storage directory /workdir/hadoop-ozone/integration-test/target/test-dir/MiniOzoneClusterImpl-0561fc2e-9288-4596-b687-0c9fb03504b1/datanode-4/data/ratis/f82f49ed-0679-4f5d-9b0c-ed70e8eb2e1a has been successfully formatted.
2019-09-20 10:24:24,860 [pool-167-thread-1] INFO  ratis.ContainerStateMachine (ContainerStateMachine.java:loadSnapshot(226)) - group-ED70E8EB2E1A: The snapshot info is null. Setting the last applied indexto:(t:0, i:~)
2019-09-20 10:24:24,860 [pool-167-thread-1] INFO  server.RaftServerConfigKeys (ConfUtils.java:logGet(43)) - raft.server.leader.election.timeout = 120s (custom)
2019-09-20 10:24:24,860 [pool-167-thread-1] INFO  server.RaftServerConfigKeys (ConfUtils.java:logGet(43)) - raft.server.log.use.memory = false (default)
2019-09-20 10:24:24,860 [pool-167-thread-1] INFO  server.RaftServerConfigKeys (ConfUtils.java:logGet(43)) - raft.server.log.purge.gap = 1000000 (custom)
2019-09-20 10:24:24,861 [pool-167-thread-1] INFO  server.RaftServerConfigKeys (ConfUtils.java:logGet(43)) - raft.server.log.appender.buffer.byte-limit = 33554432 (custom)
2019-09-20 10:24:24,861 [pool-167-thread-1] INFO  server.RaftServerConfigKeys (ConfUtils.java:logGet(43)) - raft.server.log.segment.size.max = 1048576 (custom)
2019-09-20 10:24:24,861 [pool-167-thread-1] INFO  server.RaftServerConfigKeys (ConfUtils.java:logGet(43)) - raft.server.log.segment.cache.num.max = 2 (custom)
2019-09-20 10:24:24,861 [pool-167-thread-1] INFO  segmented.SegmentedRaftLogWorker (SegmentedRaftLogWorker.java:<init>(172)) - new 9e03ffa9-cf79-407a-a150-4c035e5aec5e-SegmentedRaftLogWorker:Storage Directory /workdir/hadoop-ozone/integration-test/target/test-dir/MiniOzoneClusterImpl-0561fc2e-9288-4596-b687-0c9fb03504b1/datanode-4/data/ratis/f82f49ed-0679-4f5d-9b0c-ed70e8eb2e1a for RaftStorage:Storage Directory /workdir/hadoop-ozone/integration-test/target/test-dir/MiniOzoneClusterImpl-0561fc2e-9288-4596-b687-0c9fb03504b1/datanode-4/data/ratis/f82f49ed-0679-4f5d-9b0c-ed70e8eb2e1a
2019-09-20 10:24:24,861 [pool-167-thread-1] INFO  server.RaftServerConfigKeys (ConfUtils.java:logGet(43)) - raft.server.log.queue.byte-limit = 2147483647 (custom)
2019-09-20 10:24:24,861 [pool-167-thread-1] INFO  server.RaftServerConfigKeys (ConfUtils.java:logGet(43)) - raft.server.log.queue.element-limit = 1024 (custom)
2019-09-20 10:24:24,862 [pool-167-thread-1] INFO  server.RaftServerConfigKeys (ConfUtils.java:logGet(43)) - raft.server.log.segment.size.max = 1048576 (custom)
2019-09-20 10:24:24,862 [pool-167-thread-1] INFO  server.RaftServerConfigKeys (ConfUtils.java:logGet(43)) - raft.server.log.preallocated.size = 16384 (custom)
2019-09-20 10:24:24,862 [pool-167-thread-1] INFO  server.RaftServerConfigKeys (ConfUtils.java:logGet(43)) - raft.server.log.write.buffer.size = 33554432 (custom)
2019-09-20 10:24:24,862 [pool-167-thread-1] INFO  server.RaftServerConfigKeys (ConfUtils.java:logGet(43)) - raft.server.log.force.sync.num = 128 (default)
2019-09-20 10:24:24,862 [pool-167-thread-1] INFO  server.RaftServerConfigKeys (ConfUtils.java:logGet(43)) - raft.server.log.statemachine.data.sync = true (default)
2019-09-20 10:24:24,863 [pool-167-thread-1] INFO  server.RaftServerConfigKeys (ConfUtils.java:logGet(43)) - raft.server.log.statemachine.data.sync.timeout = 10s (default)
2019-09-20 10:24:24,863 [pool-167-thread-1] INFO  server.RaftServerConfigKeys (ConfUtils.java:logGet(43)) - raft.server.log.statemachine.data.sync.timeout.retry = -1 (default)
2019-09-20 10:24:24,863 [pool-167-thread-1] INFO  server.RaftServerConfigKeys (ConfUtils.java:logGet(43)) - raft.server.log.statemachine.data.caching.enabled = true (custom)
2019-09-20 10:24:24,864 [pool-167-thread-1] INFO  segmented.SegmentedRaftLogWorker (SegmentedRaftLogWorker.java:lambda$new$0(132)) - 9e03ffa9-cf79-407a-a150-4c035e5aec5e-SegmentedRaftLogWorker:Storage Directory /workdir/hadoop-ozone/integration-test/target/test-dir/MiniOzoneClusterImpl-0561fc2e-9288-4596-b687-0c9fb03504b1/datanode-4/data/ratis/f82f49ed-0679-4f5d-9b0c-ed70e8eb2e1a: flushIndex: setUnconditionally 0 -> -1
2019-09-20 10:24:24,864 [pool-167-thread-1] INFO  server.RaftServerConfigKeys (ConfUtils.java:logGet(43)) - raft.server.snapshot.auto.trigger.enabled = true (custom)
2019-09-20 10:24:24,864 [pool-167-thread-1] INFO  server.RaftServerConfigKeys (ConfUtils.java:logGet(43)) - raft.server.snapshot.auto.trigger.threshold = 10000 (custom)
2019-09-20 10:24:24,864 [pool-167-thread-1] INFO  server.RaftServerConfigKeys (ConfUtils.java:logGet(43)) - raft.server.retrycache.expirytime = 600000ms (custom)
2019-09-20 10:24:24,865 [pool-167-thread-1] INFO  impl.RaftServerImpl (RaftServerImpl.java:start(180)) - 9e03ffa9-cf79-407a-a150-4c035e5aec5e: start group-ED70E8EB2E1A
2019-09-20 10:24:24,865 [pool-167-thread-1] INFO  impl.RaftServerImpl (RaftServerImpl.java:setRole(171)) - 9e03ffa9-cf79-407a-a150-4c035e5aec5e:group-ED70E8EB2E1A changes role from null to FOLLOWER at term 0 for startAsFollower
2019-09-20 10:24:24,865 [pool-167-thread-1] INFO  impl.RoleInfo (RoleInfo.java:updateAndGet(143)) - 9e03ffa9-cf79-407a-a150-4c035e5aec5e: start FollowerState
2019-09-20 10:24:24,866 [pool-167-thread-1] INFO  util.JmxRegister (JmxRegister.java:tryRegister(44)) - Successfully registered JMX Bean with object name Ratis:service=RaftServer,group=group-ED70E8EB2E1A,id=9e03ffa9-cf79-407a-a150-4c035e5aec5e
2019-09-20 10:24:24,869 [RatisPipelineUtilsThread] INFO  pipeline.PipelineStateManager (PipelineStateManager.java:addPipeline(56)) - Created pipeline Pipeline[ Id: f82f49ed-0679-4f5d-9b0c-ed70e8eb2e1a, Nodes: 9e03ffa9-cf79-407a-a150-4c035e5aec5e{ip: 192.168.36.99, host: pr-hdds-1569-p5fx8-1226042367, networkLocation: /default-rack, certSerialId: null}, Type:RATIS, Factor:ONE, State:OPEN]
2019-09-20 10:24:24,870 [RatisPipelineUtilsThread] INFO  pipeline.PipelinePlacementPolicy (PipelinePlacementPolicy.java:meetCriteria(91)) - Pipeline Placement: Doesn't meet the criteria to be viable node： 54207fe5-d92c-4c2e-b058-fbae630dabef Heaviness: 6 limit: 5
2019-09-20 10:24:24,870 [RatisPipelineUtilsThread] INFO  pipeline.PipelinePlacementPolicy (PipelinePlacementPolicy.java:meetCriteria(91)) - Pipeline Placement: Doesn't meet the criteria to be viable node： 60260ec1-e192-4b95-89c8-d924d16a77a9 Heaviness: 6 limit: 5
2019-09-20 10:24:24,870 [RatisPipelineUtilsThread] INFO  pipeline.PipelinePlacementPolicy (PipelinePlacementPolicy.java:meetCriteria(91)) - Pipeline Placement: Doesn't meet the criteria to be viable node： d2ed2d9b-7ac7-460e-84f6-6d9d6066f76d Heaviness: 6 limit: 5
2019-09-20 10:24:24,876 [grpc-default-executor-0] INFO  impl.RaftServerProxy (RaftServerProxy.java:addNew(89)) - 9e03ffa9-cf79-407a-a150-4c035e5aec5e: addNew group-1D153A13AFF8:[9e03ffa9-cf79-407a-a150-4c035e5aec5e:192.168.36.99:38182] returns group-1D153A13AFF8:java.util.concurrent.CompletableFuture@7382744[Not completed]
2019-09-20 10:24:24,879 [pool-167-thread-1] INFO  impl.RaftServerImpl (RaftServerImpl.java:<init>(93)) - 9e03ffa9-cf79-407a-a150-4c035e5aec5e: new RaftServerImpl for group-1D153A13AFF8:[9e03ffa9-cf79-407a-a150-4c035e5aec5e:192.168.36.99:38182] with ContainerStateMachine:uninitialized
2019-09-20 10:24:24,879 [pool-167-thread-1] INFO  server.RaftServerConfigKeys (ConfUtils.java:logGet(43)) - raft.server.rpc.timeout.min = 5s (custom)
2019-09-20 10:24:24,879 [pool-167-thread-1] INFO  server.RaftServerConfigKeys (ConfUtils.java:logGet(43)) - raft.server.rpc.timeout.max = 5200ms (custom)
2019-09-20 10:24:24,879 [pool-167-thread-1] INFO  server.RaftServerConfigKeys (ConfUtils.java:logGet(43)) - raft.server.rpcslowness.timeout = 120s (custom)
2019-09-20 10:24:24,880 [pool-167-thread-1] INFO  server.RaftServerConfigKeys (ConfUtils.java:logGet(43)) - raft.server.sleep.deviation.threshold = 300 (default)
2019-09-20 10:24:24,880 [pool-167-thread-1] INFO  server.RaftServerConfigKeys (ConfUtils.java:logGet(43)) - raft.server.log.appender.install.snapshot.enabled = false (custom)
2019-09-20 10:24:24,880 [pool-167-thread-1] INFO  impl.RaftServerImpl (ServerState.java:<init>(105)) - 9e03ffa9-cf79-407a-a150-4c035e5aec5e:group-1D153A13AFF8 ConfigurationManager, init=-1: [9e03ffa9-cf79-407a-a150-4c035e5aec5e:192.168.36.99:38182], old=null, confs=<EMPTY_MAP>
2019-09-20 10:24:24,880 [pool-167-thread-1] INFO  server.RaftServerConfigKeys (ConfUtils.java:logGet(43)) - raft.server.storage.dir = [/workdir/hadoop-ozone/integration-test/target/test-dir/MiniOzoneClusterImpl-0561fc2e-9288-4596-b687-0c9fb03504b1/datanode-4/data/ratis] (custom)
2019-09-20 10:24:24,881 [pool-167-thread-1] INFO  storage.RaftStorageDirectory (RaftStorageDirectory.java:analyzeStorage(246)) - The storage directory /workdir/hadoop-ozone/integration-test/target/test-dir/MiniOzoneClusterImpl-0561fc2e-9288-4596-b687-0c9fb03504b1/datanode-4/data/ratis/512fd128-b72e-482f-b611-1d153a13aff8 does not exist. Creating ...
2019-09-20 10:24:24,897 [pool-167-thread-1] INFO  storage.RaftStorageDirectory (RaftStorageDirectory.java:tryLock(328)) - Lock on /workdir/hadoop-ozone/integration-test/target/test-dir/MiniOzoneClusterImpl-0561fc2e-9288-4596-b687-0c9fb03504b1/datanode-4/data/ratis/512fd128-b72e-482f-b611-1d153a13aff8/in_use.lock acquired by nodename 28506@pr-hdds-1569-p5fx8-1226042367
2019-09-20 10:24:24,943 [pool-167-thread-1] INFO  storage.RaftStorage (RaftStorage.java:format(72)) - Storage directory /workdir/hadoop-ozone/integration-test/target/test-dir/MiniOzoneClusterImpl-0561fc2e-9288-4596-b687-0c9fb03504b1/datanode-4/data/ratis/512fd128-b72e-482f-b611-1d153a13aff8 has been successfully formatted.
2019-09-20 10:24:24,943 [pool-167-thread-1] INFO  ratis.ContainerStateMachine (ContainerStateMachine.java:loadSnapshot(226)) - group-1D153A13AFF8: The snapshot info is null. Setting the last applied indexto:(t:0, i:~)
2019-09-20 10:24:24,944 [pool-167-thread-1] INFO  server.RaftServerConfigKeys (ConfUtils.java:logGet(43)) - raft.server.leader.election.timeout = 120s (custom)
2019-09-20 10:24:24,944 [pool-167-thread-1] INFO  server.RaftServerConfigKeys (ConfUtils.java:logGet(43)) - raft.server.log.use.memory = false (default)
2019-09-20 10:24:24,944 [pool-167-thread-1] INFO  server.RaftServerConfigKeys (ConfUtils.java:logGet(43)) - raft.server.log.purge.gap = 1000000 (custom)
2019-09-20 10:24:24,944 [pool-167-thread-1] INFO  server.RaftServerConfigKeys (ConfUtils.java:logGet(43)) - raft.server.log.appender.buffer.byte-limit = 33554432 (custom)
2019-09-20 10:24:24,944 [pool-167-thread-1] INFO  server.RaftServerConfigKeys (ConfUtils.java:logGet(43)) - raft.server.log.segment.size.max = 1048576 (custom)
2019-09-20 10:24:24,945 [pool-167-thread-1] INFO  server.RaftServerConfigKeys (ConfUtils.java:logGet(43)) - raft.server.log.segment.cache.num.max = 2 (custom)
2019-09-20 10:24:24,945 [pool-167-thread-1] INFO  segmented.SegmentedRaftLogWorker (SegmentedRaftLogWorker.java:<init>(172)) - new 9e03ffa9-cf79-407a-a150-4c035e5aec5e-SegmentedRaftLogWorker:Storage Directory /workdir/hadoop-ozone/integration-test/target/test-dir/MiniOzoneClusterImpl-0561fc2e-9288-4596-b687-0c9fb03504b1/datanode-4/data/ratis/512fd128-b72e-482f-b611-1d153a13aff8 for RaftStorage:Storage Directory /workdir/hadoop-ozone/integration-test/target/test-dir/MiniOzoneClusterImpl-0561fc2e-9288-4596-b687-0c9fb03504b1/datanode-4/data/ratis/512fd128-b72e-482f-b611-1d153a13aff8
2019-09-20 10:24:24,945 [pool-167-thread-1] INFO  server.RaftServerConfigKeys (ConfUtils.java:logGet(43)) - raft.server.log.queue.byte-limit = 2147483647 (custom)
2019-09-20 10:24:24,945 [pool-167-thread-1] INFO  server.RaftServerConfigKeys (ConfUtils.java:logGet(43)) - raft.server.log.queue.element-limit = 1024 (custom)
2019-09-20 10:24:24,945 [pool-167-thread-1] INFO  server.RaftServerConfigKeys (ConfUtils.java:logGet(43)) - raft.server.log.segment.size.max = 1048576 (custom)
2019-09-20 10:24:24,945 [pool-167-thread-1] INFO  server.RaftServerConfigKeys (ConfUtils.java:logGet(43)) - raft.server.log.preallocated.size = 16384 (custom)
2019-09-20 10:24:24,946 [pool-167-thread-1] INFO  server.RaftServerConfigKeys (ConfUtils.java:logGet(43)) - raft.server.log.write.buffer.size = 33554432 (custom)
2019-09-20 10:24:24,946 [pool-167-thread-1] INFO  server.RaftServerConfigKeys (ConfUtils.java:logGet(43)) - raft.server.log.force.sync.num = 128 (default)
2019-09-20 10:24:24,946 [pool-167-thread-1] INFO  server.RaftServerConfigKeys (ConfUtils.java:logGet(43)) - raft.server.log.statemachine.data.sync = true (default)
2019-09-20 10:24:24,946 [pool-167-thread-1] INFO  server.RaftServerConfigKeys (ConfUtils.java:logGet(43)) - raft.server.log.statemachine.data.sync.timeout = 10s (default)
2019-09-20 10:24:24,946 [pool-167-thread-1] INFO  server.RaftServerConfigKeys (ConfUtils.java:logGet(43)) - raft.server.log.statemachine.data.sync.timeout.retry = -1 (default)
2019-09-20 10:24:24,947 [pool-167-thread-1] INFO  server.RaftServerConfigKeys (ConfUtils.java:logGet(43)) - raft.server.log.statemachine.data.caching.enabled = true (custom)
2019-09-20 10:24:24,947 [pool-167-thread-1] INFO  segmented.SegmentedRaftLogWorker (SegmentedRaftLogWorker.java:lambda$new$0(132)) - 9e03ffa9-cf79-407a-a150-4c035e5aec5e-SegmentedRaftLogWorker:Storage Directory /workdir/hadoop-ozone/integration-test/target/test-dir/MiniOzoneClusterImpl-0561fc2e-9288-4596-b687-0c9fb03504b1/datanode-4/data/ratis/512fd128-b72e-482f-b611-1d153a13aff8: flushIndex: setUnconditionally 0 -> -1
2019-09-20 10:24:24,947 [pool-167-thread-1] INFO  server.RaftServerConfigKeys (ConfUtils.java:logGet(43)) - raft.server.snapshot.auto.trigger.enabled = true (custom)
2019-09-20 10:24:24,948 [pool-167-thread-1] INFO  server.RaftServerConfigKeys (ConfUtils.java:logGet(43)) - raft.server.snapshot.auto.trigger.threshold = 10000 (custom)
2019-09-20 10:24:24,948 [pool-167-thread-1] INFO  server.RaftServerConfigKeys (ConfUtils.java:logGet(43)) - raft.server.retrycache.expirytime = 600000ms (custom)
2019-09-20 10:24:24,948 [pool-167-thread-1] INFO  impl.RaftServerImpl (RaftServerImpl.java:start(180)) - 9e03ffa9-cf79-407a-a150-4c035e5aec5e: start group-1D153A13AFF8
2019-09-20 10:24:24,948 [pool-167-thread-1] INFO  impl.RaftServerImpl (RaftServerImpl.java:setRole(171)) - 9e03ffa9-cf79-407a-a150-4c035e5aec5e:group-1D153A13AFF8 changes role from null to FOLLOWER at term 0 for startAsFollower
2019-09-20 10:24:24,949 [pool-167-thread-1] INFO  impl.RoleInfo (RoleInfo.java:updateAndGet(143)) - 9e03ffa9-cf79-407a-a150-4c035e5aec5e: start FollowerState
2019-09-20 10:24:24,949 [pool-167-thread-1] INFO  util.JmxRegister (JmxRegister.java:tryRegister(44)) - Successfully registered JMX Bean with object name Ratis:service=RaftServer,group=group-1D153A13AFF8,id=9e03ffa9-cf79-407a-a150-4c035e5aec5e
2019-09-20 10:24:24,953 [RatisPipelineUtilsThread] INFO  pipeline.PipelineStateManager (PipelineStateManager.java:addPipeline(56)) - Created pipeline Pipeline[ Id: 512fd128-b72e-482f-b611-1d153a13aff8, Nodes: 9e03ffa9-cf79-407a-a150-4c035e5aec5e{ip: 192.168.36.99, host: pr-hdds-1569-p5fx8-1226042367, networkLocation: /default-rack, certSerialId: null}, Type:RATIS, Factor:ONE, State:OPEN]
2019-09-20 10:24:24,953 [RatisPipelineUtilsThread] INFO  pipeline.PipelinePlacementPolicy (PipelinePlacementPolicy.java:meetCriteria(91)) - Pipeline Placement: Doesn't meet the criteria to be viable node： 54207fe5-d92c-4c2e-b058-fbae630dabef Heaviness: 6 limit: 5
2019-09-20 10:24:24,954 [RatisPipelineUtilsThread] INFO  pipeline.PipelinePlacementPolicy (PipelinePlacementPolicy.java:meetCriteria(91)) - Pipeline Placement: Doesn't meet the criteria to be viable node： 60260ec1-e192-4b95-89c8-d924d16a77a9 Heaviness: 6 limit: 5
2019-09-20 10:24:24,954 [RatisPipelineUtilsThread] INFO  pipeline.PipelinePlacementPolicy (PipelinePlacementPolicy.java:meetCriteria(91)) - Pipeline Placement: Doesn't meet the criteria to be viable node： d2ed2d9b-7ac7-460e-84f6-6d9d6066f76d Heaviness: 6 limit: 5
2019-09-20 10:24:24,960 [grpc-default-executor-0] INFO  impl.RaftServerProxy (RaftServerProxy.java:addNew(89)) - 19fb8383-7c99-4449-b95c-a26e71717844: addNew group-1F94ADDF7DF5:[19fb8383-7c99-4449-b95c-a26e71717844:192.168.36.99:38491] returns group-1F94ADDF7DF5:java.util.concurrent.CompletableFuture@114e5b25[Not completed]
2019-09-20 10:24:24,963 [pool-178-thread-1] INFO  impl.RaftServerImpl (RaftServerImpl.java:<init>(93)) - 19fb8383-7c99-4449-b95c-a26e71717844: new RaftServerImpl for group-1F94ADDF7DF5:[19fb8383-7c99-4449-b95c-a26e71717844:192.168.36.99:38491] with ContainerStateMachine:uninitialized
2019-09-20 10:24:24,963 [pool-178-thread-1] INFO  server.RaftServerConfigKeys (ConfUtils.java:logGet(43)) - raft.server.rpc.timeout.min = 5s (custom)
2019-09-20 10:24:24,963 [pool-178-thread-1] INFO  server.RaftServerConfigKeys (ConfUtils.java:logGet(43)) - raft.server.rpc.timeout.max = 5200ms (custom)
2019-09-20 10:24:24,964 [pool-178-thread-1] INFO  server.RaftServerConfigKeys (ConfUtils.java:logGet(43)) - raft.server.rpcslowness.timeout = 120s (custom)
2019-09-20 10:24:24,964 [pool-178-thread-1] INFO  server.RaftServerConfigKeys (ConfUtils.java:logGet(43)) - raft.server.sleep.deviation.threshold = 300 (default)
2019-09-20 10:24:24,964 [pool-178-thread-1] INFO  server.RaftServerConfigKeys (ConfUtils.java:logGet(43)) - raft.server.log.appender.install.snapshot.enabled = false (custom)
2019-09-20 10:24:24,964 [pool-178-thread-1] INFO  impl.RaftServerImpl (ServerState.java:<init>(105)) - 19fb8383-7c99-4449-b95c-a26e71717844:group-1F94ADDF7DF5 ConfigurationManager, init=-1: [19fb8383-7c99-4449-b95c-a26e71717844:192.168.36.99:38491], old=null, confs=<EMPTY_MAP>
2019-09-20 10:24:24,964 [pool-178-thread-1] INFO  server.RaftServerConfigKeys (ConfUtils.java:logGet(43)) - raft.server.storage.dir = [/workdir/hadoop-ozone/integration-test/target/test-dir/MiniOzoneClusterImpl-0561fc2e-9288-4596-b687-0c9fb03504b1/datanode-5/data/ratis] (custom)
2019-09-20 10:24:24,965 [pool-178-thread-1] INFO  storage.RaftStorageDirectory (RaftStorageDirectory.java:analyzeStorage(246)) - The storage directory /workdir/hadoop-ozone/integration-test/target/test-dir/MiniOzoneClusterImpl-0561fc2e-9288-4596-b687-0c9fb03504b1/datanode-5/data/ratis/ef95a13f-c8ff-4124-975a-1f94addf7df5 does not exist. Creating ...
2019-09-20 10:24:24,971 | INFO  | SCMAudit | user=jenkins1000 | ip=192.168.36.99 | op=SEND_HEARTBEAT {datanodeUUID=60260ec1-e192-4b95-89c8-d924d16a77a9, command=[]} | ret=SUCCESS |  
2019-09-20 10:24:24,993 [pool-178-thread-1] INFO  storage.RaftStorageDirectory (RaftStorageDirectory.java:tryLock(328)) - Lock on /workdir/hadoop-ozone/integration-test/target/test-dir/MiniOzoneClusterImpl-0561fc2e-9288-4596-b687-0c9fb03504b1/datanode-5/data/ratis/ef95a13f-c8ff-4124-975a-1f94addf7df5/in_use.lock acquired by nodename 28506@pr-hdds-1569-p5fx8-1226042367
2019-09-20 10:24:25,027 [pool-178-thread-1] INFO  storage.RaftStorage (RaftStorage.java:format(72)) - Storage directory /workdir/hadoop-ozone/integration-test/target/test-dir/MiniOzoneClusterImpl-0561fc2e-9288-4596-b687-0c9fb03504b1/datanode-5/data/ratis/ef95a13f-c8ff-4124-975a-1f94addf7df5 has been successfully formatted.
2019-09-20 10:24:25,028 [pool-178-thread-1] INFO  ratis.ContainerStateMachine (ContainerStateMachine.java:loadSnapshot(226)) - group-1F94ADDF7DF5: The snapshot info is null. Setting the last applied indexto:(t:0, i:~)
2019-09-20 10:24:25,028 [pool-178-thread-1] INFO  server.RaftServerConfigKeys (ConfUtils.java:logGet(43)) - raft.server.leader.election.timeout = 120s (custom)
2019-09-20 10:24:25,028 [pool-178-thread-1] INFO  server.RaftServerConfigKeys (ConfUtils.java:logGet(43)) - raft.server.log.use.memory = false (default)
2019-09-20 10:24:25,028 [pool-178-thread-1] INFO  server.RaftServerConfigKeys (ConfUtils.java:logGet(43)) - raft.server.log.purge.gap = 1000000 (custom)
2019-09-20 10:24:25,028 [pool-178-thread-1] INFO  server.RaftServerConfigKeys (ConfUtils.java:logGet(43)) - raft.server.log.appender.buffer.byte-limit = 33554432 (custom)
2019-09-20 10:24:25,029 [pool-178-thread-1] INFO  server.RaftServerConfigKeys (ConfUtils.java:logGet(43)) - raft.server.log.segment.size.max = 1048576 (custom)
2019-09-20 10:24:25,029 [pool-178-thread-1] INFO  server.RaftServerConfigKeys (ConfUtils.java:logGet(43)) - raft.server.log.segment.cache.num.max = 2 (custom)
2019-09-20 10:24:25,029 [pool-178-thread-1] INFO  segmented.SegmentedRaftLogWorker (SegmentedRaftLogWorker.java:<init>(172)) - new 19fb8383-7c99-4449-b95c-a26e71717844-SegmentedRaftLogWorker:Storage Directory /workdir/hadoop-ozone/integration-test/target/test-dir/MiniOzoneClusterImpl-0561fc2e-9288-4596-b687-0c9fb03504b1/datanode-5/data/ratis/ef95a13f-c8ff-4124-975a-1f94addf7df5 for RaftStorage:Storage Directory /workdir/hadoop-ozone/integration-test/target/test-dir/MiniOzoneClusterImpl-0561fc2e-9288-4596-b687-0c9fb03504b1/datanode-5/data/ratis/ef95a13f-c8ff-4124-975a-1f94addf7df5
2019-09-20 10:24:25,029 [pool-178-thread-1] INFO  server.RaftServerConfigKeys (ConfUtils.java:logGet(43)) - raft.server.log.queue.byte-limit = 2147483647 (custom)
2019-09-20 10:24:25,029 [pool-178-thread-1] INFO  server.RaftServerConfigKeys (ConfUtils.java:logGet(43)) - raft.server.log.queue.element-limit = 1024 (custom)
2019-09-20 10:24:25,030 [pool-178-thread-1] INFO  server.RaftServerConfigKeys (ConfUtils.java:logGet(43)) - raft.server.log.segment.size.max = 1048576 (custom)
2019-09-20 10:24:25,030 [pool-178-thread-1] INFO  server.RaftServerConfigKeys (ConfUtils.java:logGet(43)) - raft.server.log.preallocated.size = 16384 (custom)
2019-09-20 10:24:25,030 [pool-178-thread-1] INFO  server.RaftServerConfigKeys (ConfUtils.java:logGet(43)) - raft.server.log.write.buffer.size = 33554432 (custom)
2019-09-20 10:24:25,030 [pool-178-thread-1] INFO  server.RaftServerConfigKeys (ConfUtils.java:logGet(43)) - raft.server.log.force.sync.num = 128 (default)
2019-09-20 10:24:25,030 [pool-178-thread-1] INFO  server.RaftServerConfigKeys (ConfUtils.java:logGet(43)) - raft.server.log.statemachine.data.sync = true (default)
2019-09-20 10:24:25,031 [pool-178-thread-1] INFO  server.RaftServerConfigKeys (ConfUtils.java:logGet(43)) - raft.server.log.statemachine.data.sync.timeout = 10s (default)
2019-09-20 10:24:25,031 [pool-178-thread-1] INFO  server.RaftServerConfigKeys (ConfUtils.java:logGet(43)) - raft.server.log.statemachine.data.sync.timeout.retry = -1 (default)
2019-09-20 10:24:25,031 [pool-178-thread-1] INFO  server.RaftServerConfigKeys (ConfUtils.java:logGet(43)) - raft.server.log.statemachine.data.caching.enabled = true (custom)
2019-09-20 10:24:25,031 [pool-178-thread-1] INFO  segmented.SegmentedRaftLogWorker (SegmentedRaftLogWorker.java:lambda$new$0(132)) - 19fb8383-7c99-4449-b95c-a26e71717844-SegmentedRaftLogWorker:Storage Directory /workdir/hadoop-ozone/integration-test/target/test-dir/MiniOzoneClusterImpl-0561fc2e-9288-4596-b687-0c9fb03504b1/datanode-5/data/ratis/ef95a13f-c8ff-4124-975a-1f94addf7df5: flushIndex: setUnconditionally 0 -> -1
2019-09-20 10:24:25,032 [pool-178-thread-1] INFO  server.RaftServerConfigKeys (ConfUtils.java:logGet(43)) - raft.server.snapshot.auto.trigger.enabled = true (custom)
2019-09-20 10:24:25,032 [pool-178-thread-1] INFO  server.RaftServerConfigKeys (ConfUtils.java:logGet(43)) - raft.server.snapshot.auto.trigger.threshold = 10000 (custom)
2019-09-20 10:24:25,032 [pool-178-thread-1] INFO  server.RaftServerConfigKeys (ConfUtils.java:logGet(43)) - raft.server.retrycache.expirytime = 600000ms (custom)
2019-09-20 10:24:25,033 [pool-178-thread-1] INFO  impl.RaftServerImpl (RaftServerImpl.java:start(180)) - 19fb8383-7c99-4449-b95c-a26e71717844: start group-1F94ADDF7DF5
2019-09-20 10:24:25,033 [pool-178-thread-1] INFO  impl.RaftServerImpl (RaftServerImpl.java:setRole(171)) - 19fb8383-7c99-4449-b95c-a26e71717844:group-1F94ADDF7DF5 changes role from null to FOLLOWER at term 0 for startAsFollower
2019-09-20 10:24:25,033 [pool-178-thread-1] INFO  impl.RoleInfo (RoleInfo.java:updateAndGet(143)) - 19fb8383-7c99-4449-b95c-a26e71717844: start FollowerState
2019-09-20 10:24:25,034 [pool-178-thread-1] INFO  util.JmxRegister (JmxRegister.java:tryRegister(44)) - Successfully registered JMX Bean with object name Ratis:service=RaftServer,group=group-1F94ADDF7DF5,id=19fb8383-7c99-4449-b95c-a26e71717844
2019-09-20 10:24:25,038 [RatisPipelineUtilsThread] INFO  pipeline.PipelineStateManager (PipelineStateManager.java:addPipeline(56)) - Created pipeline Pipeline[ Id: ef95a13f-c8ff-4124-975a-1f94addf7df5, Nodes: 19fb8383-7c99-4449-b95c-a26e71717844{ip: 192.168.36.99, host: pr-hdds-1569-p5fx8-1226042367, networkLocation: /default-rack, certSerialId: null}, Type:RATIS, Factor:ONE, State:OPEN]
2019-09-20 10:24:25,038 [RatisPipelineUtilsThread] INFO  pipeline.PipelinePlacementPolicy (PipelinePlacementPolicy.java:meetCriteria(91)) - Pipeline Placement: Doesn't meet the criteria to be viable node： 54207fe5-d92c-4c2e-b058-fbae630dabef Heaviness: 6 limit: 5
2019-09-20 10:24:25,038 [RatisPipelineUtilsThread] INFO  pipeline.PipelinePlacementPolicy (PipelinePlacementPolicy.java:meetCriteria(91)) - Pipeline Placement: Doesn't meet the criteria to be viable node： 60260ec1-e192-4b95-89c8-d924d16a77a9 Heaviness: 6 limit: 5
2019-09-20 10:24:25,038 [RatisPipelineUtilsThread] INFO  pipeline.PipelinePlacementPolicy (PipelinePlacementPolicy.java:meetCriteria(91)) - Pipeline Placement: Doesn't meet the criteria to be viable node： d2ed2d9b-7ac7-460e-84f6-6d9d6066f76d Heaviness: 6 limit: 5
2019-09-20 10:24:25,045 [grpc-default-executor-0] INFO  impl.RaftServerProxy (RaftServerProxy.java:addNew(89)) - 19fb8383-7c99-4449-b95c-a26e71717844: addNew group-F5A93CB7FE84:[19fb8383-7c99-4449-b95c-a26e71717844:192.168.36.99:38491] returns group-F5A93CB7FE84:java.util.concurrent.CompletableFuture@5f6a398d[Not completed]
2019-09-20 10:24:25,048 [pool-178-thread-1] INFO  impl.RaftServerImpl (RaftServerImpl.java:<init>(93)) - 19fb8383-7c99-4449-b95c-a26e71717844: new RaftServerImpl for group-F5A93CB7FE84:[19fb8383-7c99-4449-b95c-a26e71717844:192.168.36.99:38491] with ContainerStateMachine:uninitialized
2019-09-20 10:24:25,048 [pool-178-thread-1] INFO  server.RaftServerConfigKeys (ConfUtils.java:logGet(43)) - raft.server.rpc.timeout.min = 5s (custom)
2019-09-20 10:24:25,048 [pool-178-thread-1] INFO  server.RaftServerConfigKeys (ConfUtils.java:logGet(43)) - raft.server.rpc.timeout.max = 5200ms (custom)
2019-09-20 10:24:25,176 [pool-178-thread-1] INFO  server.RaftServerConfigKeys (ConfUtils.java:logGet(43)) - raft.server.rpcslowness.timeout = 120s (custom)
2019-09-20 10:24:25,176 [pool-178-thread-1] INFO  server.RaftServerConfigKeys (ConfUtils.java:logGet(43)) - raft.server.sleep.deviation.threshold = 300 (default)
2019-09-20 10:24:25,185 [pool-178-thread-1] INFO  server.RaftServerConfigKeys (ConfUtils.java:logGet(43)) - raft.server.log.appender.install.snapshot.enabled = false (custom)
2019-09-20 10:24:25,186 [pool-178-thread-1] INFO  impl.RaftServerImpl (ServerState.java:<init>(105)) - 19fb8383-7c99-4449-b95c-a26e71717844:group-F5A93CB7FE84 ConfigurationManager, init=-1: [19fb8383-7c99-4449-b95c-a26e71717844:192.168.36.99:38491], old=null, confs=<EMPTY_MAP>
2019-09-20 10:24:25,186 [pool-178-thread-1] INFO  server.RaftServerConfigKeys (ConfUtils.java:logGet(43)) - raft.server.storage.dir = [/workdir/hadoop-ozone/integration-test/target/test-dir/MiniOzoneClusterImpl-0561fc2e-9288-4596-b687-0c9fb03504b1/datanode-5/data/ratis] (custom)
2019-09-20 10:24:25,186 [pool-178-thread-1] INFO  storage.RaftStorageDirectory (RaftStorageDirectory.java:analyzeStorage(246)) - The storage directory /workdir/hadoop-ozone/integration-test/target/test-dir/MiniOzoneClusterImpl-0561fc2e-9288-4596-b687-0c9fb03504b1/datanode-5/data/ratis/b5874132-474f-4f23-bc9a-f5a93cb7fe84 does not exist. Creating ...
2019-09-20 10:24:25,219 [pool-178-thread-1] INFO  storage.RaftStorageDirectory (RaftStorageDirectory.java:tryLock(328)) - Lock on /workdir/hadoop-ozone/integration-test/target/test-dir/MiniOzoneClusterImpl-0561fc2e-9288-4596-b687-0c9fb03504b1/datanode-5/data/ratis/b5874132-474f-4f23-bc9a-f5a93cb7fe84/in_use.lock acquired by nodename 28506@pr-hdds-1569-p5fx8-1226042367
2019-09-20 10:24:25,236 | INFO  | SCMAudit | user=jenkins1000 | ip=192.168.36.99 | op=SEND_HEARTBEAT {datanodeUUID=d2ed2d9b-7ac7-460e-84f6-6d9d6066f76d, command=[]} | ret=SUCCESS |  
2019-09-20 10:24:25,244 | INFO  | SCMAudit | user=jenkins1000 | ip=192.168.36.99 | op=SEND_HEARTBEAT {datanodeUUID=66416d0b-a71c-4af1-ae3a-62ca63b880a3, command=[]} | ret=SUCCESS |  
2019-09-20 10:24:25,244 | INFO  | SCMAudit | user=jenkins1000 | ip=192.168.36.99 | op=SEND_HEARTBEAT {datanodeUUID=c3e532f8-1a8e-44f3-b56b-d765aee893af, command=[]} | ret=SUCCESS |  
2019-09-20 10:24:25,253 [pool-178-thread-1] INFO  storage.RaftStorage (RaftStorage.java:format(72)) - Storage directory /workdir/hadoop-ozone/integration-test/target/test-dir/MiniOzoneClusterImpl-0561fc2e-9288-4596-b687-0c9fb03504b1/datanode-5/data/ratis/b5874132-474f-4f23-bc9a-f5a93cb7fe84 has been successfully formatted.
2019-09-20 10:24:25,253 [pool-178-thread-1] INFO  ratis.ContainerStateMachine (ContainerStateMachine.java:loadSnapshot(226)) - group-F5A93CB7FE84: The snapshot info is null. Setting the last applied indexto:(t:0, i:~)
2019-09-20 10:24:25,253 [pool-178-thread-1] INFO  server.RaftServerConfigKeys (ConfUtils.java:logGet(43)) - raft.server.leader.election.timeout = 120s (custom)
2019-09-20 10:24:25,253 [pool-178-thread-1] INFO  server.RaftServerConfigKeys (ConfUtils.java:logGet(43)) - raft.server.log.use.memory = false (default)
2019-09-20 10:24:25,254 [pool-178-thread-1] INFO  server.RaftServerConfigKeys (ConfUtils.java:logGet(43)) - raft.server.log.purge.gap = 1000000 (custom)
2019-09-20 10:24:25,254 [pool-178-thread-1] INFO  server.RaftServerConfigKeys (ConfUtils.java:logGet(43)) - raft.server.log.appender.buffer.byte-limit = 33554432 (custom)
2019-09-20 10:24:25,254 [pool-178-thread-1] INFO  server.RaftServerConfigKeys (ConfUtils.java:logGet(43)) - raft.server.log.segment.size.max = 1048576 (custom)
2019-09-20 10:24:25,254 [pool-178-thread-1] INFO  server.RaftServerConfigKeys (ConfUtils.java:logGet(43)) - raft.server.log.segment.cache.num.max = 2 (custom)
2019-09-20 10:24:25,254 [pool-178-thread-1] INFO  segmented.SegmentedRaftLogWorker (SegmentedRaftLogWorker.java:<init>(172)) - new 19fb8383-7c99-4449-b95c-a26e71717844-SegmentedRaftLogWorker:Storage Directory /workdir/hadoop-ozone/integration-test/target/test-dir/MiniOzoneClusterImpl-0561fc2e-9288-4596-b687-0c9fb03504b1/datanode-5/data/ratis/b5874132-474f-4f23-bc9a-f5a93cb7fe84 for RaftStorage:Storage Directory /workdir/hadoop-ozone/integration-test/target/test-dir/MiniOzoneClusterImpl-0561fc2e-9288-4596-b687-0c9fb03504b1/datanode-5/data/ratis/b5874132-474f-4f23-bc9a-f5a93cb7fe84
2019-09-20 10:24:25,254 [pool-178-thread-1] INFO  server.RaftServerConfigKeys (ConfUtils.java:logGet(43)) - raft.server.log.queue.byte-limit = 2147483647 (custom)
2019-09-20 10:24:25,255 [pool-178-thread-1] INFO  server.RaftServerConfigKeys (ConfUtils.java:logGet(43)) - raft.server.log.queue.element-limit = 1024 (custom)
2019-09-20 10:24:25,255 [pool-178-thread-1] INFO  server.RaftServerConfigKeys (ConfUtils.java:logGet(43)) - raft.server.log.segment.size.max = 1048576 (custom)
2019-09-20 10:24:25,255 [pool-178-thread-1] INFO  server.RaftServerConfigKeys (ConfUtils.java:logGet(43)) - raft.server.log.preallocated.size = 16384 (custom)
2019-09-20 10:24:25,255 [pool-178-thread-1] INFO  server.RaftServerConfigKeys (ConfUtils.java:logGet(43)) - raft.server.log.write.buffer.size = 33554432 (custom)
2019-09-20 10:24:25,255 [pool-178-thread-1] INFO  server.RaftServerConfigKeys (ConfUtils.java:logGet(43)) - raft.server.log.force.sync.num = 128 (default)
2019-09-20 10:24:25,255 [pool-178-thread-1] INFO  server.RaftServerConfigKeys (ConfUtils.java:logGet(43)) - raft.server.log.statemachine.data.sync = true (default)
2019-09-20 10:24:25,256 [pool-178-thread-1] INFO  server.RaftServerConfigKeys (ConfUtils.java:logGet(43)) - raft.server.log.statemachine.data.sync.timeout = 10s (default)
2019-09-20 10:24:25,256 [pool-178-thread-1] INFO  server.RaftServerConfigKeys (ConfUtils.java:logGet(43)) - raft.server.log.statemachine.data.sync.timeout.retry = -1 (default)
2019-09-20 10:24:25,256 [pool-178-thread-1] INFO  server.RaftServerConfigKeys (ConfUtils.java:logGet(43)) - raft.server.log.statemachine.data.caching.enabled = true (custom)
2019-09-20 10:24:25,256 [pool-178-thread-1] INFO  segmented.SegmentedRaftLogWorker (SegmentedRaftLogWorker.java:lambda$new$0(132)) - 19fb8383-7c99-4449-b95c-a26e71717844-SegmentedRaftLogWorker:Storage Directory /workdir/hadoop-ozone/integration-test/target/test-dir/MiniOzoneClusterImpl-0561fc2e-9288-4596-b687-0c9fb03504b1/datanode-5/data/ratis/b5874132-474f-4f23-bc9a-f5a93cb7fe84: flushIndex: setUnconditionally 0 -> -1
2019-09-20 10:24:25,257 [pool-178-thread-1] INFO  server.RaftServerConfigKeys (ConfUtils.java:logGet(43)) - raft.server.snapshot.auto.trigger.enabled = true (custom)
2019-09-20 10:24:25,257 [pool-178-thread-1] INFO  server.RaftServerConfigKeys (ConfUtils.java:logGet(43)) - raft.server.snapshot.auto.trigger.threshold = 10000 (custom)
2019-09-20 10:24:25,257 [pool-178-thread-1] INFO  server.RaftServerConfigKeys (ConfUtils.java:logGet(43)) - raft.server.retrycache.expirytime = 600000ms (custom)
2019-09-20 10:24:25,257 [pool-178-thread-1] INFO  impl.RaftServerImpl (RaftServerImpl.java:start(180)) - 19fb8383-7c99-4449-b95c-a26e71717844: start group-F5A93CB7FE84
2019-09-20 10:24:25,257 [pool-178-thread-1] INFO  impl.RaftServerImpl (RaftServerImpl.java:setRole(171)) - 19fb8383-7c99-4449-b95c-a26e71717844:group-F5A93CB7FE84 changes role from null to FOLLOWER at term 0 for startAsFollower
2019-09-20 10:24:25,258 [pool-178-thread-1] INFO  impl.RoleInfo (RoleInfo.java:updateAndGet(143)) - 19fb8383-7c99-4449-b95c-a26e71717844: start FollowerState
2019-09-20 10:24:25,258 [pool-178-thread-1] INFO  util.JmxRegister (JmxRegister.java:tryRegister(44)) - Successfully registered JMX Bean with object name Ratis:service=RaftServer,group=group-F5A93CB7FE84,id=19fb8383-7c99-4449-b95c-a26e71717844
2019-09-20 10:24:25,262 [RatisPipelineUtilsThread] INFO  pipeline.PipelineStateManager (PipelineStateManager.java:addPipeline(56)) - Created pipeline Pipeline[ Id: b5874132-474f-4f23-bc9a-f5a93cb7fe84, Nodes: 19fb8383-7c99-4449-b95c-a26e71717844{ip: 192.168.36.99, host: pr-hdds-1569-p5fx8-1226042367, networkLocation: /default-rack, certSerialId: null}, Type:RATIS, Factor:ONE, State:OPEN]
2019-09-20 10:24:25,262 [RatisPipelineUtilsThread] INFO  pipeline.PipelinePlacementPolicy (PipelinePlacementPolicy.java:meetCriteria(91)) - Pipeline Placement: Doesn't meet the criteria to be viable node： 54207fe5-d92c-4c2e-b058-fbae630dabef Heaviness: 6 limit: 5
2019-09-20 10:24:25,263 [RatisPipelineUtilsThread] INFO  pipeline.PipelinePlacementPolicy (PipelinePlacementPolicy.java:meetCriteria(91)) - Pipeline Placement: Doesn't meet the criteria to be viable node： 60260ec1-e192-4b95-89c8-d924d16a77a9 Heaviness: 6 limit: 5
2019-09-20 10:24:25,263 [RatisPipelineUtilsThread] INFO  pipeline.PipelinePlacementPolicy (PipelinePlacementPolicy.java:meetCriteria(91)) - Pipeline Placement: Doesn't meet the criteria to be viable node： d2ed2d9b-7ac7-460e-84f6-6d9d6066f76d Heaviness: 6 limit: 5
2019-09-20 10:24:25,271 [grpc-default-executor-0] INFO  impl.RaftServerProxy (RaftServerProxy.java:addNew(89)) - 6491c372-a595-4104-b3e9-c4f3293baafa: addNew group-CC264DCBB11E:[6491c372-a595-4104-b3e9-c4f3293baafa:192.168.36.99:41491] returns group-CC264DCBB11E:java.util.concurrent.CompletableFuture@6cb57ff6[Not completed]
2019-09-20 10:24:25,272 [pool-156-thread-1] INFO  impl.RaftServerImpl (RaftServerImpl.java:<init>(93)) - 6491c372-a595-4104-b3e9-c4f3293baafa: new RaftServerImpl for group-CC264DCBB11E:[6491c372-a595-4104-b3e9-c4f3293baafa:192.168.36.99:41491] with ContainerStateMachine:uninitialized
2019-09-20 10:24:25,272 [pool-156-thread-1] INFO  server.RaftServerConfigKeys (ConfUtils.java:logGet(43)) - raft.server.rpc.timeout.min = 5s (custom)
2019-09-20 10:24:25,273 [pool-156-thread-1] INFO  server.RaftServerConfigKeys (ConfUtils.java:logGet(43)) - raft.server.rpc.timeout.max = 5200ms (custom)
2019-09-20 10:24:25,273 [pool-156-thread-1] INFO  server.RaftServerConfigKeys (ConfUtils.java:logGet(43)) - raft.server.rpcslowness.timeout = 120s (custom)
2019-09-20 10:24:25,273 [pool-156-thread-1] INFO  server.RaftServerConfigKeys (ConfUtils.java:logGet(43)) - raft.server.sleep.deviation.threshold = 300 (default)
2019-09-20 10:24:25,273 [pool-156-thread-1] INFO  server.RaftServerConfigKeys (ConfUtils.java:logGet(43)) - raft.server.log.appender.install.snapshot.enabled = false (custom)
2019-09-20 10:24:25,273 [pool-156-thread-1] INFO  impl.RaftServerImpl (ServerState.java:<init>(105)) - 6491c372-a595-4104-b3e9-c4f3293baafa:group-CC264DCBB11E ConfigurationManager, init=-1: [6491c372-a595-4104-b3e9-c4f3293baafa:192.168.36.99:41491], old=null, confs=<EMPTY_MAP>
2019-09-20 10:24:25,273 [pool-156-thread-1] INFO  server.RaftServerConfigKeys (ConfUtils.java:logGet(43)) - raft.server.storage.dir = [/workdir/hadoop-ozone/integration-test/target/test-dir/MiniOzoneClusterImpl-0561fc2e-9288-4596-b687-0c9fb03504b1/datanode-3/data/ratis] (custom)
2019-09-20 10:24:25,274 [pool-156-thread-1] INFO  storage.RaftStorageDirectory (RaftStorageDirectory.java:analyzeStorage(246)) - The storage directory /workdir/hadoop-ozone/integration-test/target/test-dir/MiniOzoneClusterImpl-0561fc2e-9288-4596-b687-0c9fb03504b1/datanode-3/data/ratis/ae352846-b0e7-4623-8315-cc264dcbb11e does not exist. Creating ...
2019-09-20 10:24:25,320 [pool-156-thread-1] INFO  storage.RaftStorageDirectory (RaftStorageDirectory.java:tryLock(328)) - Lock on /workdir/hadoop-ozone/integration-test/target/test-dir/MiniOzoneClusterImpl-0561fc2e-9288-4596-b687-0c9fb03504b1/datanode-3/data/ratis/ae352846-b0e7-4623-8315-cc264dcbb11e/in_use.lock acquired by nodename 28506@pr-hdds-1569-p5fx8-1226042367
2019-09-20 10:24:25,330 | INFO  | SCMAudit | user=jenkins1000 | ip=192.168.36.99 | op=SEND_HEARTBEAT {datanodeUUID=4d972e91-cb6b-45de-8bd2-c18af7abe58b, command=[]} | ret=SUCCESS |  
2019-09-20 10:24:25,354 [pool-156-thread-1] INFO  storage.RaftStorage (RaftStorage.java:format(72)) - Storage directory /workdir/hadoop-ozone/integration-test/target/test-dir/MiniOzoneClusterImpl-0561fc2e-9288-4596-b687-0c9fb03504b1/datanode-3/data/ratis/ae352846-b0e7-4623-8315-cc264dcbb11e has been successfully formatted.
2019-09-20 10:24:25,354 [pool-156-thread-1] INFO  ratis.ContainerStateMachine (ContainerStateMachine.java:loadSnapshot(226)) - group-CC264DCBB11E: The snapshot info is null. Setting the last applied indexto:(t:0, i:~)
2019-09-20 10:24:25,354 [pool-156-thread-1] INFO  server.RaftServerConfigKeys (ConfUtils.java:logGet(43)) - raft.server.leader.election.timeout = 120s (custom)
2019-09-20 10:24:25,354 [pool-156-thread-1] INFO  server.RaftServerConfigKeys (ConfUtils.java:logGet(43)) - raft.server.log.use.memory = false (default)
2019-09-20 10:24:25,354 [pool-156-thread-1] INFO  server.RaftServerConfigKeys (ConfUtils.java:logGet(43)) - raft.server.log.purge.gap = 1000000 (custom)
2019-09-20 10:24:25,355 [pool-156-thread-1] INFO  server.RaftServerConfigKeys (ConfUtils.java:logGet(43)) - raft.server.log.appender.buffer.byte-limit = 33554432 (custom)
2019-09-20 10:24:25,355 [pool-156-thread-1] INFO  server.RaftServerConfigKeys (ConfUtils.java:logGet(43)) - raft.server.log.segment.size.max = 1048576 (custom)
2019-09-20 10:24:25,355 [pool-156-thread-1] INFO  server.RaftServerConfigKeys (ConfUtils.java:logGet(43)) - raft.server.log.segment.cache.num.max = 2 (custom)
2019-09-20 10:24:25,355 [pool-156-thread-1] INFO  segmented.SegmentedRaftLogWorker (SegmentedRaftLogWorker.java:<init>(172)) - new 6491c372-a595-4104-b3e9-c4f3293baafa-SegmentedRaftLogWorker:Storage Directory /workdir/hadoop-ozone/integration-test/target/test-dir/MiniOzoneClusterImpl-0561fc2e-9288-4596-b687-0c9fb03504b1/datanode-3/data/ratis/ae352846-b0e7-4623-8315-cc264dcbb11e for RaftStorage:Storage Directory /workdir/hadoop-ozone/integration-test/target/test-dir/MiniOzoneClusterImpl-0561fc2e-9288-4596-b687-0c9fb03504b1/datanode-3/data/ratis/ae352846-b0e7-4623-8315-cc264dcbb11e
2019-09-20 10:24:25,355 [pool-156-thread-1] INFO  server.RaftServerConfigKeys (ConfUtils.java:logGet(43)) - raft.server.log.queue.byte-limit = 2147483647 (custom)
2019-09-20 10:24:25,355 [pool-156-thread-1] INFO  server.RaftServerConfigKeys (ConfUtils.java:logGet(43)) - raft.server.log.queue.element-limit = 1024 (custom)
2019-09-20 10:24:25,356 [pool-156-thread-1] INFO  server.RaftServerConfigKeys (ConfUtils.java:logGet(43)) - raft.server.log.segment.size.max = 1048576 (custom)
2019-09-20 10:24:25,356 [pool-156-thread-1] INFO  server.RaftServerConfigKeys (ConfUtils.java:logGet(43)) - raft.server.log.preallocated.size = 16384 (custom)
2019-09-20 10:24:25,356 [pool-156-thread-1] INFO  server.RaftServerConfigKeys (ConfUtils.java:logGet(43)) - raft.server.log.write.buffer.size = 33554432 (custom)
2019-09-20 10:24:25,356 [pool-156-thread-1] INFO  server.RaftServerConfigKeys (ConfUtils.java:logGet(43)) - raft.server.log.force.sync.num = 128 (default)
2019-09-20 10:24:25,356 [pool-156-thread-1] INFO  server.RaftServerConfigKeys (ConfUtils.java:logGet(43)) - raft.server.log.statemachine.data.sync = true (default)
2019-09-20 10:24:25,356 [pool-156-thread-1] INFO  server.RaftServerConfigKeys (ConfUtils.java:logGet(43)) - raft.server.log.statemachine.data.sync.timeout = 10s (default)
2019-09-20 10:24:25,357 [pool-156-thread-1] INFO  server.RaftServerConfigKeys (ConfUtils.java:logGet(43)) - raft.server.log.statemachine.data.sync.timeout.retry = -1 (default)
2019-09-20 10:24:25,357 [pool-156-thread-1] INFO  server.RaftServerConfigKeys (ConfUtils.java:logGet(43)) - raft.server.log.statemachine.data.caching.enabled = true (custom)
2019-09-20 10:24:25,357 [pool-156-thread-1] INFO  segmented.SegmentedRaftLogWorker (SegmentedRaftLogWorker.java:lambda$new$0(132)) - 6491c372-a595-4104-b3e9-c4f3293baafa-SegmentedRaftLogWorker:Storage Directory /workdir/hadoop-ozone/integration-test/target/test-dir/MiniOzoneClusterImpl-0561fc2e-9288-4596-b687-0c9fb03504b1/datanode-3/data/ratis/ae352846-b0e7-4623-8315-cc264dcbb11e: flushIndex: setUnconditionally 0 -> -1
2019-09-20 10:24:25,357 [pool-156-thread-1] INFO  server.RaftServerConfigKeys (ConfUtils.java:logGet(43)) - raft.server.snapshot.auto.trigger.enabled = true (custom)
2019-09-20 10:24:25,358 [pool-156-thread-1] INFO  server.RaftServerConfigKeys (ConfUtils.java:logGet(43)) - raft.server.snapshot.auto.trigger.threshold = 10000 (custom)
2019-09-20 10:24:25,358 [pool-156-thread-1] INFO  server.RaftServerConfigKeys (ConfUtils.java:logGet(43)) - raft.server.retrycache.expirytime = 600000ms (custom)
2019-09-20 10:24:25,358 [pool-156-thread-1] INFO  impl.RaftServerImpl (RaftServerImpl.java:start(180)) - 6491c372-a595-4104-b3e9-c4f3293baafa: start group-CC264DCBB11E
2019-09-20 10:24:25,358 [pool-156-thread-1] INFO  impl.RaftServerImpl (RaftServerImpl.java:setRole(171)) - 6491c372-a595-4104-b3e9-c4f3293baafa:group-CC264DCBB11E changes role from null to FOLLOWER at term 0 for startAsFollower
2019-09-20 10:24:25,358 [pool-156-thread-1] INFO  impl.RoleInfo (RoleInfo.java:updateAndGet(143)) - 6491c372-a595-4104-b3e9-c4f3293baafa: start FollowerState
2019-09-20 10:24:25,359 [pool-156-thread-1] INFO  util.JmxRegister (JmxRegister.java:tryRegister(44)) - Successfully registered JMX Bean with object name Ratis:service=RaftServer,group=group-CC264DCBB11E,id=6491c372-a595-4104-b3e9-c4f3293baafa
2019-09-20 10:24:25,362 [RatisPipelineUtilsThread] INFO  pipeline.PipelineStateManager (PipelineStateManager.java:addPipeline(56)) - Created pipeline Pipeline[ Id: ae352846-b0e7-4623-8315-cc264dcbb11e, Nodes: 6491c372-a595-4104-b3e9-c4f3293baafa{ip: 192.168.36.99, host: pr-hdds-1569-p5fx8-1226042367, networkLocation: /default-rack, certSerialId: null}, Type:RATIS, Factor:ONE, State:OPEN]
2019-09-20 10:24:25,363 [RatisPipelineUtilsThread] INFO  pipeline.PipelinePlacementPolicy (PipelinePlacementPolicy.java:meetCriteria(91)) - Pipeline Placement: Doesn't meet the criteria to be viable node： 54207fe5-d92c-4c2e-b058-fbae630dabef Heaviness: 6 limit: 5
2019-09-20 10:24:25,363 [RatisPipelineUtilsThread] INFO  pipeline.PipelinePlacementPolicy (PipelinePlacementPolicy.java:meetCriteria(91)) - Pipeline Placement: Doesn't meet the criteria to be viable node： 60260ec1-e192-4b95-89c8-d924d16a77a9 Heaviness: 6 limit: 5
2019-09-20 10:24:25,363 [RatisPipelineUtilsThread] INFO  pipeline.PipelinePlacementPolicy (PipelinePlacementPolicy.java:meetCriteria(91)) - Pipeline Placement: Doesn't meet the criteria to be viable node： d2ed2d9b-7ac7-460e-84f6-6d9d6066f76d Heaviness: 6 limit: 5
2019-09-20 10:24:25,370 [grpc-default-executor-0] INFO  impl.RaftServerProxy (RaftServerProxy.java:addNew(89)) - 6491c372-a595-4104-b3e9-c4f3293baafa: addNew group-5E41F07EBEA8:[6491c372-a595-4104-b3e9-c4f3293baafa:192.168.36.99:41491] returns group-5E41F07EBEA8:java.util.concurrent.CompletableFuture@aa433b1[Not completed]
2019-09-20 10:24:25,371 [pool-156-thread-1] INFO  impl.RaftServerImpl (RaftServerImpl.java:<init>(93)) - 6491c372-a595-4104-b3e9-c4f3293baafa: new RaftServerImpl for group-5E41F07EBEA8:[6491c372-a595-4104-b3e9-c4f3293baafa:192.168.36.99:41491] with ContainerStateMachine:uninitialized
2019-09-20 10:24:25,371 [pool-156-thread-1] INFO  server.RaftServerConfigKeys (ConfUtils.java:logGet(43)) - raft.server.rpc.timeout.min = 5s (custom)
2019-09-20 10:24:25,371 [pool-156-thread-1] INFO  server.RaftServerConfigKeys (ConfUtils.java:logGet(43)) - raft.server.rpc.timeout.max = 5200ms (custom)
2019-09-20 10:24:25,371 [pool-156-thread-1] INFO  server.RaftServerConfigKeys (ConfUtils.java:logGet(43)) - raft.server.rpcslowness.timeout = 120s (custom)
2019-09-20 10:24:25,371 [pool-156-thread-1] INFO  server.RaftServerConfigKeys (ConfUtils.java:logGet(43)) - raft.server.sleep.deviation.threshold = 300 (default)
2019-09-20 10:24:25,371 [pool-156-thread-1] INFO  server.RaftServerConfigKeys (ConfUtils.java:logGet(43)) - raft.server.log.appender.install.snapshot.enabled = false (custom)
2019-09-20 10:24:25,372 [pool-156-thread-1] INFO  impl.RaftServerImpl (ServerState.java:<init>(105)) - 6491c372-a595-4104-b3e9-c4f3293baafa:group-5E41F07EBEA8 ConfigurationManager, init=-1: [6491c372-a595-4104-b3e9-c4f3293baafa:192.168.36.99:41491], old=null, confs=<EMPTY_MAP>
2019-09-20 10:24:25,372 [pool-156-thread-1] INFO  server.RaftServerConfigKeys (ConfUtils.java:logGet(43)) - raft.server.storage.dir = [/workdir/hadoop-ozone/integration-test/target/test-dir/MiniOzoneClusterImpl-0561fc2e-9288-4596-b687-0c9fb03504b1/datanode-3/data/ratis] (custom)
2019-09-20 10:24:25,372 [pool-156-thread-1] INFO  storage.RaftStorageDirectory (RaftStorageDirectory.java:analyzeStorage(246)) - The storage directory /workdir/hadoop-ozone/integration-test/target/test-dir/MiniOzoneClusterImpl-0561fc2e-9288-4596-b687-0c9fb03504b1/datanode-3/data/ratis/107dea7f-d687-417a-9df3-5e41f07ebea8 does not exist. Creating ...
2019-09-20 10:24:25,393 | INFO  | SCMAudit | user=jenkins1000 | ip=192.168.36.99 | op=SEND_HEARTBEAT {datanodeUUID=17e2ba94-38a1-40e7-84e0-f6802901db84, command=[]} | ret=SUCCESS |  
2019-09-20 10:24:25,396 [pool-156-thread-1] INFO  storage.RaftStorageDirectory (RaftStorageDirectory.java:tryLock(328)) - Lock on /workdir/hadoop-ozone/integration-test/target/test-dir/MiniOzoneClusterImpl-0561fc2e-9288-4596-b687-0c9fb03504b1/datanode-3/data/ratis/107dea7f-d687-417a-9df3-5e41f07ebea8/in_use.lock acquired by nodename 28506@pr-hdds-1569-p5fx8-1226042367
2019-09-20 10:24:25,421 [pool-156-thread-1] INFO  storage.RaftStorage (RaftStorage.java:format(72)) - Storage directory /workdir/hadoop-ozone/integration-test/target/test-dir/MiniOzoneClusterImpl-0561fc2e-9288-4596-b687-0c9fb03504b1/datanode-3/data/ratis/107dea7f-d687-417a-9df3-5e41f07ebea8 has been successfully formatted.
2019-09-20 10:24:25,421 [pool-156-thread-1] INFO  ratis.ContainerStateMachine (ContainerStateMachine.java:loadSnapshot(226)) - group-5E41F07EBEA8: The snapshot info is null. Setting the last applied indexto:(t:0, i:~)
2019-09-20 10:24:25,421 [pool-156-thread-1] INFO  server.RaftServerConfigKeys (ConfUtils.java:logGet(43)) - raft.server.leader.election.timeout = 120s (custom)
2019-09-20 10:24:25,422 [pool-156-thread-1] INFO  server.RaftServerConfigKeys (ConfUtils.java:logGet(43)) - raft.server.log.use.memory = false (default)
2019-09-20 10:24:25,422 [pool-156-thread-1] INFO  server.RaftServerConfigKeys (ConfUtils.java:logGet(43)) - raft.server.log.purge.gap = 1000000 (custom)
2019-09-20 10:24:25,422 [pool-156-thread-1] INFO  server.RaftServerConfigKeys (ConfUtils.java:logGet(43)) - raft.server.log.appender.buffer.byte-limit = 33554432 (custom)
2019-09-20 10:24:25,422 [pool-156-thread-1] INFO  server.RaftServerConfigKeys (ConfUtils.java:logGet(43)) - raft.server.log.segment.size.max = 1048576 (custom)
2019-09-20 10:24:25,422 [pool-156-thread-1] INFO  server.RaftServerConfigKeys (ConfUtils.java:logGet(43)) - raft.server.log.segment.cache.num.max = 2 (custom)
2019-09-20 10:24:25,422 [pool-156-thread-1] INFO  segmented.SegmentedRaftLogWorker (SegmentedRaftLogWorker.java:<init>(172)) - new 6491c372-a595-4104-b3e9-c4f3293baafa-SegmentedRaftLogWorker:Storage Directory /workdir/hadoop-ozone/integration-test/target/test-dir/MiniOzoneClusterImpl-0561fc2e-9288-4596-b687-0c9fb03504b1/datanode-3/data/ratis/107dea7f-d687-417a-9df3-5e41f07ebea8 for RaftStorage:Storage Directory /workdir/hadoop-ozone/integration-test/target/test-dir/MiniOzoneClusterImpl-0561fc2e-9288-4596-b687-0c9fb03504b1/datanode-3/data/ratis/107dea7f-d687-417a-9df3-5e41f07ebea8
2019-09-20 10:24:25,423 [pool-156-thread-1] INFO  server.RaftServerConfigKeys (ConfUtils.java:logGet(43)) - raft.server.log.queue.byte-limit = 2147483647 (custom)
2019-09-20 10:24:25,423 [pool-156-thread-1] INFO  server.RaftServerConfigKeys (ConfUtils.java:logGet(43)) - raft.server.log.queue.element-limit = 1024 (custom)
2019-09-20 10:24:25,423 [pool-156-thread-1] INFO  server.RaftServerConfigKeys (ConfUtils.java:logGet(43)) - raft.server.log.segment.size.max = 1048576 (custom)
2019-09-20 10:24:25,423 [pool-156-thread-1] INFO  server.RaftServerConfigKeys (ConfUtils.java:logGet(43)) - raft.server.log.preallocated.size = 16384 (custom)
2019-09-20 10:24:25,423 [pool-156-thread-1] INFO  server.RaftServerConfigKeys (ConfUtils.java:logGet(43)) - raft.server.log.write.buffer.size = 33554432 (custom)
2019-09-20 10:24:25,423 [pool-156-thread-1] INFO  server.RaftServerConfigKeys (ConfUtils.java:logGet(43)) - raft.server.log.force.sync.num = 128 (default)
2019-09-20 10:24:25,423 [pool-156-thread-1] INFO  server.RaftServerConfigKeys (ConfUtils.java:logGet(43)) - raft.server.log.statemachine.data.sync = true (default)
2019-09-20 10:24:25,424 [pool-156-thread-1] INFO  server.RaftServerConfigKeys (ConfUtils.java:logGet(43)) - raft.server.log.statemachine.data.sync.timeout = 10s (default)
2019-09-20 10:24:25,424 [pool-156-thread-1] INFO  server.RaftServerConfigKeys (ConfUtils.java:logGet(43)) - raft.server.log.statemachine.data.sync.timeout.retry = -1 (default)
2019-09-20 10:24:25,424 [pool-156-thread-1] INFO  server.RaftServerConfigKeys (ConfUtils.java:logGet(43)) - raft.server.log.statemachine.data.caching.enabled = true (custom)
2019-09-20 10:24:25,424 [pool-156-thread-1] INFO  segmented.SegmentedRaftLogWorker (SegmentedRaftLogWorker.java:lambda$new$0(132)) - 6491c372-a595-4104-b3e9-c4f3293baafa-SegmentedRaftLogWorker:Storage Directory /workdir/hadoop-ozone/integration-test/target/test-dir/MiniOzoneClusterImpl-0561fc2e-9288-4596-b687-0c9fb03504b1/datanode-3/data/ratis/107dea7f-d687-417a-9df3-5e41f07ebea8: flushIndex: setUnconditionally 0 -> -1
2019-09-20 10:24:25,425 [pool-156-thread-1] INFO  server.RaftServerConfigKeys (ConfUtils.java:logGet(43)) - raft.server.snapshot.auto.trigger.enabled = true (custom)
2019-09-20 10:24:25,425 [pool-156-thread-1] INFO  server.RaftServerConfigKeys (ConfUtils.java:logGet(43)) - raft.server.snapshot.auto.trigger.threshold = 10000 (custom)
2019-09-20 10:24:25,425 [pool-156-thread-1] INFO  server.RaftServerConfigKeys (ConfUtils.java:logGet(43)) - raft.server.retrycache.expirytime = 600000ms (custom)
2019-09-20 10:24:25,425 [pool-156-thread-1] INFO  impl.RaftServerImpl (RaftServerImpl.java:start(180)) - 6491c372-a595-4104-b3e9-c4f3293baafa: start group-5E41F07EBEA8
2019-09-20 10:24:25,425 [pool-156-thread-1] INFO  impl.RaftServerImpl (RaftServerImpl.java:setRole(171)) - 6491c372-a595-4104-b3e9-c4f3293baafa:group-5E41F07EBEA8 changes role from null to FOLLOWER at term 0 for startAsFollower
2019-09-20 10:24:25,426 [pool-156-thread-1] INFO  impl.RoleInfo (RoleInfo.java:updateAndGet(143)) - 6491c372-a595-4104-b3e9-c4f3293baafa: start FollowerState
2019-09-20 10:24:25,426 [pool-156-thread-1] INFO  util.JmxRegister (JmxRegister.java:tryRegister(44)) - Successfully registered JMX Bean with object name Ratis:service=RaftServer,group=group-5E41F07EBEA8,id=6491c372-a595-4104-b3e9-c4f3293baafa
2019-09-20 10:24:25,430 [RatisPipelineUtilsThread] INFO  pipeline.PipelineStateManager (PipelineStateManager.java:addPipeline(56)) - Created pipeline Pipeline[ Id: 107dea7f-d687-417a-9df3-5e41f07ebea8, Nodes: 6491c372-a595-4104-b3e9-c4f3293baafa{ip: 192.168.36.99, host: pr-hdds-1569-p5fx8-1226042367, networkLocation: /default-rack, certSerialId: null}, Type:RATIS, Factor:ONE, State:OPEN]
2019-09-20 10:24:25,430 [RatisPipelineUtilsThread] INFO  pipeline.PipelinePlacementPolicy (PipelinePlacementPolicy.java:meetCriteria(91)) - Pipeline Placement: Doesn't meet the criteria to be viable node： 54207fe5-d92c-4c2e-b058-fbae630dabef Heaviness: 6 limit: 5
2019-09-20 10:24:25,430 [RatisPipelineUtilsThread] INFO  pipeline.PipelinePlacementPolicy (PipelinePlacementPolicy.java:meetCriteria(91)) - Pipeline Placement: Doesn't meet the criteria to be viable node： 60260ec1-e192-4b95-89c8-d924d16a77a9 Heaviness: 6 limit: 5
2019-09-20 10:24:25,430 [RatisPipelineUtilsThread] INFO  pipeline.PipelinePlacementPolicy (PipelinePlacementPolicy.java:meetCriteria(91)) - Pipeline Placement: Doesn't meet the criteria to be viable node： d2ed2d9b-7ac7-460e-84f6-6d9d6066f76d Heaviness: 6 limit: 5
2019-09-20 10:24:25,436 [grpc-default-executor-0] INFO  impl.RaftServerProxy (RaftServerProxy.java:addNew(89)) - 9e03ffa9-cf79-407a-a150-4c035e5aec5e: addNew group-010966951B22:[9e03ffa9-cf79-407a-a150-4c035e5aec5e:192.168.36.99:38182] returns group-010966951B22:java.util.concurrent.CompletableFuture@4e397f78[Not completed]
2019-09-20 10:24:25,438 [pool-167-thread-1] INFO  impl.RaftServerImpl (RaftServerImpl.java:<init>(93)) - 9e03ffa9-cf79-407a-a150-4c035e5aec5e: new RaftServerImpl for group-010966951B22:[9e03ffa9-cf79-407a-a150-4c035e5aec5e:192.168.36.99:38182] with ContainerStateMachine:uninitialized
2019-09-20 10:24:25,438 [pool-167-thread-1] INFO  server.RaftServerConfigKeys (ConfUtils.java:logGet(43)) - raft.server.rpc.timeout.min = 5s (custom)
2019-09-20 10:24:25,438 [pool-167-thread-1] INFO  server.RaftServerConfigKeys (ConfUtils.java:logGet(43)) - raft.server.rpc.timeout.max = 5200ms (custom)
2019-09-20 10:24:25,438 [pool-167-thread-1] INFO  server.RaftServerConfigKeys (ConfUtils.java:logGet(43)) - raft.server.rpcslowness.timeout = 120s (custom)
2019-09-20 10:24:25,438 [pool-167-thread-1] INFO  server.RaftServerConfigKeys (ConfUtils.java:logGet(43)) - raft.server.sleep.deviation.threshold = 300 (default)
2019-09-20 10:24:25,439 [pool-167-thread-1] INFO  server.RaftServerConfigKeys (ConfUtils.java:logGet(43)) - raft.server.log.appender.install.snapshot.enabled = false (custom)
2019-09-20 10:24:25,439 [pool-167-thread-1] INFO  impl.RaftServerImpl (ServerState.java:<init>(105)) - 9e03ffa9-cf79-407a-a150-4c035e5aec5e:group-010966951B22 ConfigurationManager, init=-1: [9e03ffa9-cf79-407a-a150-4c035e5aec5e:192.168.36.99:38182], old=null, confs=<EMPTY_MAP>
2019-09-20 10:24:25,439 [pool-167-thread-1] INFO  server.RaftServerConfigKeys (ConfUtils.java:logGet(43)) - raft.server.storage.dir = [/workdir/hadoop-ozone/integration-test/target/test-dir/MiniOzoneClusterImpl-0561fc2e-9288-4596-b687-0c9fb03504b1/datanode-4/data/ratis] (custom)
2019-09-20 10:24:25,440 [pool-167-thread-1] INFO  storage.RaftStorageDirectory (RaftStorageDirectory.java:analyzeStorage(246)) - The storage directory /workdir/hadoop-ozone/integration-test/target/test-dir/MiniOzoneClusterImpl-0561fc2e-9288-4596-b687-0c9fb03504b1/datanode-4/data/ratis/bd8055ec-d68d-4dc8-9787-010966951b22 does not exist. Creating ...
2019-09-20 10:24:25,455 [pool-167-thread-1] INFO  storage.RaftStorageDirectory (RaftStorageDirectory.java:tryLock(328)) - Lock on /workdir/hadoop-ozone/integration-test/target/test-dir/MiniOzoneClusterImpl-0561fc2e-9288-4596-b687-0c9fb03504b1/datanode-4/data/ratis/bd8055ec-d68d-4dc8-9787-010966951b22/in_use.lock acquired by nodename 28506@pr-hdds-1569-p5fx8-1226042367
2019-09-20 10:24:25,489 | INFO  | SCMAudit | user=jenkins1000 | ip=192.168.36.99 | op=SEND_HEARTBEAT {datanodeUUID=54207fe5-d92c-4c2e-b058-fbae630dabef, command=[]} | ret=SUCCESS |  
2019-09-20 10:24:25,497 [pool-167-thread-1] INFO  storage.RaftStorage (RaftStorage.java:format(72)) - Storage directory /workdir/hadoop-ozone/integration-test/target/test-dir/MiniOzoneClusterImpl-0561fc2e-9288-4596-b687-0c9fb03504b1/datanode-4/data/ratis/bd8055ec-d68d-4dc8-9787-010966951b22 has been successfully formatted.
2019-09-20 10:24:25,497 [pool-167-thread-1] INFO  ratis.ContainerStateMachine (ContainerStateMachine.java:loadSnapshot(226)) - group-010966951B22: The snapshot info is null. Setting the last applied indexto:(t:0, i:~)
2019-09-20 10:24:25,497 [pool-167-thread-1] INFO  server.RaftServerConfigKeys (ConfUtils.java:logGet(43)) - raft.server.leader.election.timeout = 120s (custom)
2019-09-20 10:24:25,498 [pool-167-thread-1] INFO  server.RaftServerConfigKeys (ConfUtils.java:logGet(43)) - raft.server.log.use.memory = false (default)
2019-09-20 10:24:25,498 [pool-167-thread-1] INFO  server.RaftServerConfigKeys (ConfUtils.java:logGet(43)) - raft.server.log.purge.gap = 1000000 (custom)
2019-09-20 10:24:25,498 [pool-167-thread-1] INFO  server.RaftServerConfigKeys (ConfUtils.java:logGet(43)) - raft.server.log.appender.buffer.byte-limit = 33554432 (custom)
2019-09-20 10:24:25,498 [pool-167-thread-1] INFO  server.RaftServerConfigKeys (ConfUtils.java:logGet(43)) - raft.server.log.segment.size.max = 1048576 (custom)
2019-09-20 10:24:25,498 [pool-167-thread-1] INFO  server.RaftServerConfigKeys (ConfUtils.java:logGet(43)) - raft.server.log.segment.cache.num.max = 2 (custom)
2019-09-20 10:24:25,499 [pool-167-thread-1] INFO  segmented.SegmentedRaftLogWorker (SegmentedRaftLogWorker.java:<init>(172)) - new 9e03ffa9-cf79-407a-a150-4c035e5aec5e-SegmentedRaftLogWorker:Storage Directory /workdir/hadoop-ozone/integration-test/target/test-dir/MiniOzoneClusterImpl-0561fc2e-9288-4596-b687-0c9fb03504b1/datanode-4/data/ratis/bd8055ec-d68d-4dc8-9787-010966951b22 for RaftStorage:Storage Directory /workdir/hadoop-ozone/integration-test/target/test-dir/MiniOzoneClusterImpl-0561fc2e-9288-4596-b687-0c9fb03504b1/datanode-4/data/ratis/bd8055ec-d68d-4dc8-9787-010966951b22
2019-09-20 10:24:25,499 [pool-167-thread-1] INFO  server.RaftServerConfigKeys (ConfUtils.java:logGet(43)) - raft.server.log.queue.byte-limit = 2147483647 (custom)
2019-09-20 10:24:25,499 [pool-167-thread-1] INFO  server.RaftServerConfigKeys (ConfUtils.java:logGet(43)) - raft.server.log.queue.element-limit = 1024 (custom)
2019-09-20 10:24:25,499 [pool-167-thread-1] INFO  server.RaftServerConfigKeys (ConfUtils.java:logGet(43)) - raft.server.log.segment.size.max = 1048576 (custom)
2019-09-20 10:24:25,499 [pool-167-thread-1] INFO  server.RaftServerConfigKeys (ConfUtils.java:logGet(43)) - raft.server.log.preallocated.size = 16384 (custom)
2019-09-20 10:24:25,500 [pool-167-thread-1] INFO  server.RaftServerConfigKeys (ConfUtils.java:logGet(43)) - raft.server.log.write.buffer.size = 33554432 (custom)
2019-09-20 10:24:25,500 [pool-167-thread-1] INFO  server.RaftServerConfigKeys (ConfUtils.java:logGet(43)) - raft.server.log.force.sync.num = 128 (default)
2019-09-20 10:24:25,500 [pool-167-thread-1] INFO  server.RaftServerConfigKeys (ConfUtils.java:logGet(43)) - raft.server.log.statemachine.data.sync = true (default)
2019-09-20 10:24:25,500 [pool-167-thread-1] INFO  server.RaftServerConfigKeys (ConfUtils.java:logGet(43)) - raft.server.log.statemachine.data.sync.timeout = 10s (default)
2019-09-20 10:24:25,500 [pool-167-thread-1] INFO  server.RaftServerConfigKeys (ConfUtils.java:logGet(43)) - raft.server.log.statemachine.data.sync.timeout.retry = -1 (default)
2019-09-20 10:24:25,500 [pool-167-thread-1] INFO  server.RaftServerConfigKeys (ConfUtils.java:logGet(43)) - raft.server.log.statemachine.data.caching.enabled = true (custom)
2019-09-20 10:24:25,501 [pool-167-thread-1] INFO  segmented.SegmentedRaftLogWorker (SegmentedRaftLogWorker.java:lambda$new$0(132)) - 9e03ffa9-cf79-407a-a150-4c035e5aec5e-SegmentedRaftLogWorker:Storage Directory /workdir/hadoop-ozone/integration-test/target/test-dir/MiniOzoneClusterImpl-0561fc2e-9288-4596-b687-0c9fb03504b1/datanode-4/data/ratis/bd8055ec-d68d-4dc8-9787-010966951b22: flushIndex: setUnconditionally 0 -> -1
2019-09-20 10:24:25,501 [pool-167-thread-1] INFO  server.RaftServerConfigKeys (ConfUtils.java:logGet(43)) - raft.server.snapshot.auto.trigger.enabled = true (custom)
2019-09-20 10:24:25,502 [pool-167-thread-1] INFO  server.RaftServerConfigKeys (ConfUtils.java:logGet(43)) - raft.server.snapshot.auto.trigger.threshold = 10000 (custom)
2019-09-20 10:24:25,502 [pool-167-thread-1] INFO  server.RaftServerConfigKeys (ConfUtils.java:logGet(43)) - raft.server.retrycache.expirytime = 600000ms (custom)
2019-09-20 10:24:25,502 [pool-167-thread-1] INFO  impl.RaftServerImpl (RaftServerImpl.java:start(180)) - 9e03ffa9-cf79-407a-a150-4c035e5aec5e: start group-010966951B22
2019-09-20 10:24:25,502 [pool-167-thread-1] INFO  impl.RaftServerImpl (RaftServerImpl.java:setRole(171)) - 9e03ffa9-cf79-407a-a150-4c035e5aec5e:group-010966951B22 changes role from null to FOLLOWER at term 0 for startAsFollower
2019-09-20 10:24:25,502 [pool-167-thread-1] INFO  impl.RoleInfo (RoleInfo.java:updateAndGet(143)) - 9e03ffa9-cf79-407a-a150-4c035e5aec5e: start FollowerState
2019-09-20 10:24:25,503 [pool-167-thread-1] INFO  util.JmxRegister (JmxRegister.java:tryRegister(44)) - Successfully registered JMX Bean with object name Ratis:service=RaftServer,group=group-010966951B22,id=9e03ffa9-cf79-407a-a150-4c035e5aec5e
2019-09-20 10:24:25,506 [RatisPipelineUtilsThread] INFO  pipeline.PipelineStateManager (PipelineStateManager.java:addPipeline(56)) - Created pipeline Pipeline[ Id: bd8055ec-d68d-4dc8-9787-010966951b22, Nodes: 9e03ffa9-cf79-407a-a150-4c035e5aec5e{ip: 192.168.36.99, host: pr-hdds-1569-p5fx8-1226042367, networkLocation: /default-rack, certSerialId: null}, Type:RATIS, Factor:ONE, State:OPEN]
2019-09-20 10:24:25,507 [RatisPipelineUtilsThread] INFO  pipeline.PipelinePlacementPolicy (PipelinePlacementPolicy.java:meetCriteria(91)) - Pipeline Placement: Doesn't meet the criteria to be viable node： 54207fe5-d92c-4c2e-b058-fbae630dabef Heaviness: 6 limit: 5
2019-09-20 10:24:25,507 [RatisPipelineUtilsThread] INFO  pipeline.PipelinePlacementPolicy (PipelinePlacementPolicy.java:meetCriteria(91)) - Pipeline Placement: Doesn't meet the criteria to be viable node： 60260ec1-e192-4b95-89c8-d924d16a77a9 Heaviness: 6 limit: 5
2019-09-20 10:24:25,507 [RatisPipelineUtilsThread] INFO  pipeline.PipelinePlacementPolicy (PipelinePlacementPolicy.java:meetCriteria(91)) - Pipeline Placement: Doesn't meet the criteria to be viable node： d2ed2d9b-7ac7-460e-84f6-6d9d6066f76d Heaviness: 6 limit: 5
2019-09-20 10:24:25,521 [grpc-default-executor-0] INFO  impl.RaftServerProxy (RaftServerProxy.java:addNew(89)) - 468be06f-55e9-4831-ba6b-3db017451a79: addNew group-D1A08F1980E2:[468be06f-55e9-4831-ba6b-3db017451a79:192.168.36.99:34815] returns group-D1A08F1980E2:java.util.concurrent.CompletableFuture@29a3d23b[Not completed]
2019-09-20 10:24:25,523 [pool-189-thread-1] INFO  impl.RaftServerImpl (RaftServerImpl.java:<init>(93)) - 468be06f-55e9-4831-ba6b-3db017451a79: new RaftServerImpl for group-D1A08F1980E2:[468be06f-55e9-4831-ba6b-3db017451a79:192.168.36.99:34815] with ContainerStateMachine:uninitialized
2019-09-20 10:24:25,523 [pool-189-thread-1] INFO  server.RaftServerConfigKeys (ConfUtils.java:logGet(43)) - raft.server.rpc.timeout.min = 5s (custom)
2019-09-20 10:24:25,524 [pool-189-thread-1] INFO  server.RaftServerConfigKeys (ConfUtils.java:logGet(43)) - raft.server.rpc.timeout.max = 5200ms (custom)
2019-09-20 10:24:25,524 [pool-189-thread-1] INFO  server.RaftServerConfigKeys (ConfUtils.java:logGet(43)) - raft.server.rpcslowness.timeout = 120s (custom)
2019-09-20 10:24:25,524 [pool-189-thread-1] INFO  server.RaftServerConfigKeys (ConfUtils.java:logGet(43)) - raft.server.sleep.deviation.threshold = 300 (default)
2019-09-20 10:24:25,524 [pool-189-thread-1] INFO  server.RaftServerConfigKeys (ConfUtils.java:logGet(43)) - raft.server.log.appender.install.snapshot.enabled = false (custom)
2019-09-20 10:24:25,524 [pool-189-thread-1] INFO  impl.RaftServerImpl (ServerState.java:<init>(105)) - 468be06f-55e9-4831-ba6b-3db017451a79:group-D1A08F1980E2 ConfigurationManager, init=-1: [468be06f-55e9-4831-ba6b-3db017451a79:192.168.36.99:34815], old=null, confs=<EMPTY_MAP>
2019-09-20 10:24:25,525 [pool-189-thread-1] INFO  server.RaftServerConfigKeys (ConfUtils.java:logGet(43)) - raft.server.storage.dir = [/workdir/hadoop-ozone/integration-test/target/test-dir/MiniOzoneClusterImpl-0561fc2e-9288-4596-b687-0c9fb03504b1/datanode-6/data/ratis] (custom)
2019-09-20 10:24:25,525 [pool-189-thread-1] INFO  storage.RaftStorageDirectory (RaftStorageDirectory.java:analyzeStorage(246)) - The storage directory /workdir/hadoop-ozone/integration-test/target/test-dir/MiniOzoneClusterImpl-0561fc2e-9288-4596-b687-0c9fb03504b1/datanode-6/data/ratis/0e782cf8-6eb1-4ecd-afad-d1a08f1980e2 does not exist. Creating ...
2019-09-20 10:24:25,555 [pool-189-thread-1] INFO  storage.RaftStorageDirectory (RaftStorageDirectory.java:tryLock(328)) - Lock on /workdir/hadoop-ozone/integration-test/target/test-dir/MiniOzoneClusterImpl-0561fc2e-9288-4596-b687-0c9fb03504b1/datanode-6/data/ratis/0e782cf8-6eb1-4ecd-afad-d1a08f1980e2/in_use.lock acquired by nodename 28506@pr-hdds-1569-p5fx8-1226042367
2019-09-20 10:24:25,581 [pool-189-thread-1] INFO  storage.RaftStorage (RaftStorage.java:format(72)) - Storage directory /workdir/hadoop-ozone/integration-test/target/test-dir/MiniOzoneClusterImpl-0561fc2e-9288-4596-b687-0c9fb03504b1/datanode-6/data/ratis/0e782cf8-6eb1-4ecd-afad-d1a08f1980e2 has been successfully formatted.
2019-09-20 10:24:25,581 [pool-189-thread-1] INFO  ratis.ContainerStateMachine (ContainerStateMachine.java:loadSnapshot(226)) - group-D1A08F1980E2: The snapshot info is null. Setting the last applied indexto:(t:0, i:~)
2019-09-20 10:24:25,581 [pool-189-thread-1] INFO  server.RaftServerConfigKeys (ConfUtils.java:logGet(43)) - raft.server.leader.election.timeout = 120s (custom)
2019-09-20 10:24:25,582 [pool-189-thread-1] INFO  server.RaftServerConfigKeys (ConfUtils.java:logGet(43)) - raft.server.log.use.memory = false (default)
2019-09-20 10:24:25,582 [pool-189-thread-1] INFO  server.RaftServerConfigKeys (ConfUtils.java:logGet(43)) - raft.server.log.purge.gap = 1000000 (custom)
2019-09-20 10:24:25,582 [pool-189-thread-1] INFO  server.RaftServerConfigKeys (ConfUtils.java:logGet(43)) - raft.server.log.appender.buffer.byte-limit = 33554432 (custom)
2019-09-20 10:24:25,582 [pool-189-thread-1] INFO  server.RaftServerConfigKeys (ConfUtils.java:logGet(43)) - raft.server.log.segment.size.max = 1048576 (custom)
2019-09-20 10:24:25,582 [pool-189-thread-1] INFO  server.RaftServerConfigKeys (ConfUtils.java:logGet(43)) - raft.server.log.segment.cache.num.max = 2 (custom)
2019-09-20 10:24:25,583 [pool-189-thread-1] INFO  segmented.SegmentedRaftLogWorker (SegmentedRaftLogWorker.java:<init>(172)) - new 468be06f-55e9-4831-ba6b-3db017451a79-SegmentedRaftLogWorker:Storage Directory /workdir/hadoop-ozone/integration-test/target/test-dir/MiniOzoneClusterImpl-0561fc2e-9288-4596-b687-0c9fb03504b1/datanode-6/data/ratis/0e782cf8-6eb1-4ecd-afad-d1a08f1980e2 for RaftStorage:Storage Directory /workdir/hadoop-ozone/integration-test/target/test-dir/MiniOzoneClusterImpl-0561fc2e-9288-4596-b687-0c9fb03504b1/datanode-6/data/ratis/0e782cf8-6eb1-4ecd-afad-d1a08f1980e2
2019-09-20 10:24:25,583 [pool-189-thread-1] INFO  server.RaftServerConfigKeys (ConfUtils.java:logGet(43)) - raft.server.log.queue.byte-limit = 2147483647 (custom)
2019-09-20 10:24:25,583 [pool-189-thread-1] INFO  server.RaftServerConfigKeys (ConfUtils.java:logGet(43)) - raft.server.log.queue.element-limit = 1024 (custom)
2019-09-20 10:24:25,583 [pool-189-thread-1] INFO  server.RaftServerConfigKeys (ConfUtils.java:logGet(43)) - raft.server.log.segment.size.max = 1048576 (custom)
2019-09-20 10:24:25,584 [pool-189-thread-1] INFO  server.RaftServerConfigKeys (ConfUtils.java:logGet(43)) - raft.server.log.preallocated.size = 16384 (custom)
2019-09-20 10:24:25,584 [pool-189-thread-1] INFO  server.RaftServerConfigKeys (ConfUtils.java:logGet(43)) - raft.server.log.write.buffer.size = 33554432 (custom)
2019-09-20 10:24:25,584 [pool-189-thread-1] INFO  server.RaftServerConfigKeys (ConfUtils.java:logGet(43)) - raft.server.log.force.sync.num = 128 (default)
2019-09-20 10:24:25,584 [pool-189-thread-1] INFO  server.RaftServerConfigKeys (ConfUtils.java:logGet(43)) - raft.server.log.statemachine.data.sync = true (default)
2019-09-20 10:24:25,584 [pool-189-thread-1] INFO  server.RaftServerConfigKeys (ConfUtils.java:logGet(43)) - raft.server.log.statemachine.data.sync.timeout = 10s (default)
2019-09-20 10:24:25,584 [pool-189-thread-1] INFO  server.RaftServerConfigKeys (ConfUtils.java:logGet(43)) - raft.server.log.statemachine.data.sync.timeout.retry = -1 (default)
2019-09-20 10:24:25,585 [pool-189-thread-1] INFO  server.RaftServerConfigKeys (ConfUtils.java:logGet(43)) - raft.server.log.statemachine.data.caching.enabled = true (custom)
2019-09-20 10:24:25,585 [pool-189-thread-1] INFO  segmented.SegmentedRaftLogWorker (SegmentedRaftLogWorker.java:lambda$new$0(132)) - 468be06f-55e9-4831-ba6b-3db017451a79-SegmentedRaftLogWorker:Storage Directory /workdir/hadoop-ozone/integration-test/target/test-dir/MiniOzoneClusterImpl-0561fc2e-9288-4596-b687-0c9fb03504b1/datanode-6/data/ratis/0e782cf8-6eb1-4ecd-afad-d1a08f1980e2: flushIndex: setUnconditionally 0 -> -1
2019-09-20 10:24:25,586 [pool-189-thread-1] INFO  server.RaftServerConfigKeys (ConfUtils.java:logGet(43)) - raft.server.snapshot.auto.trigger.enabled = true (custom)
2019-09-20 10:24:25,586 [pool-189-thread-1] INFO  server.RaftServerConfigKeys (ConfUtils.java:logGet(43)) - raft.server.snapshot.auto.trigger.threshold = 10000 (custom)
2019-09-20 10:24:25,586 [pool-189-thread-1] INFO  server.RaftServerConfigKeys (ConfUtils.java:logGet(43)) - raft.server.retrycache.expirytime = 600000ms (custom)
2019-09-20 10:24:25,587 [pool-189-thread-1] INFO  impl.RaftServerImpl (RaftServerImpl.java:start(180)) - 468be06f-55e9-4831-ba6b-3db017451a79: start group-D1A08F1980E2
2019-09-20 10:24:25,587 [pool-189-thread-1] INFO  impl.RaftServerImpl (RaftServerImpl.java:setRole(171)) - 468be06f-55e9-4831-ba6b-3db017451a79:group-D1A08F1980E2 changes role from null to FOLLOWER at term 0 for startAsFollower
2019-09-20 10:24:25,587 [pool-189-thread-1] INFO  impl.RoleInfo (RoleInfo.java:updateAndGet(143)) - 468be06f-55e9-4831-ba6b-3db017451a79: start FollowerState
2019-09-20 10:24:25,587 [pool-189-thread-1] INFO  util.JmxRegister (JmxRegister.java:tryRegister(44)) - Successfully registered JMX Bean with object name Ratis:service=RaftServer,group=group-D1A08F1980E2,id=468be06f-55e9-4831-ba6b-3db017451a79
2019-09-20 10:24:25,590 [RatisPipelineUtilsThread] INFO  pipeline.PipelineStateManager (PipelineStateManager.java:addPipeline(56)) - Created pipeline Pipeline[ Id: 0e782cf8-6eb1-4ecd-afad-d1a08f1980e2, Nodes: 468be06f-55e9-4831-ba6b-3db017451a79{ip: 192.168.36.99, host: pr-hdds-1569-p5fx8-1226042367, networkLocation: /default-rack, certSerialId: null}, Type:RATIS, Factor:ONE, State:OPEN]
2019-09-20 10:24:25,591 [RatisPipelineUtilsThread] INFO  pipeline.PipelinePlacementPolicy (PipelinePlacementPolicy.java:meetCriteria(91)) - Pipeline Placement: Doesn't meet the criteria to be viable node： 54207fe5-d92c-4c2e-b058-fbae630dabef Heaviness: 6 limit: 5
2019-09-20 10:24:25,591 [RatisPipelineUtilsThread] INFO  pipeline.PipelinePlacementPolicy (PipelinePlacementPolicy.java:meetCriteria(91)) - Pipeline Placement: Doesn't meet the criteria to be viable node： 60260ec1-e192-4b95-89c8-d924d16a77a9 Heaviness: 6 limit: 5
2019-09-20 10:24:25,591 [RatisPipelineUtilsThread] INFO  pipeline.PipelinePlacementPolicy (PipelinePlacementPolicy.java:meetCriteria(91)) - Pipeline Placement: Doesn't meet the criteria to be viable node： d2ed2d9b-7ac7-460e-84f6-6d9d6066f76d Heaviness: 6 limit: 5
2019-09-20 10:24:25,596 | INFO  | SCMAudit | user=jenkins1000 | ip=192.168.36.99 | op=SEND_HEARTBEAT {datanodeUUID=1ab786b9-c79c-4265-88a1-5b3344c6beda, command=[]} | ret=SUCCESS |  
2019-09-20 10:24:25,598 [main] INFO  ozone.MiniOzoneClusterImpl (MiniOzoneClusterImpl.java:lambda$waitForClusterToBeReady$0(142)) - Cluster is ready. Got 7 of 7 DN Heartbeats.
2019-09-20 10:24:25,598 [grpc-default-executor-0] INFO  impl.RaftServerProxy (RaftServerProxy.java:addNew(89)) - 9e03ffa9-cf79-407a-a150-4c035e5aec5e: addNew group-8DFB81EBA44D:[9e03ffa9-cf79-407a-a150-4c035e5aec5e:192.168.36.99:38182] returns group-8DFB81EBA44D:java.util.concurrent.CompletableFuture@3f4d1e2[Not completed]
2019-09-20 10:24:25,599 [pool-167-thread-1] INFO  impl.RaftServerImpl (RaftServerImpl.java:<init>(93)) - 9e03ffa9-cf79-407a-a150-4c035e5aec5e: new RaftServerImpl for group-8DFB81EBA44D:[9e03ffa9-cf79-407a-a150-4c035e5aec5e:192.168.36.99:38182] with ContainerStateMachine:uninitialized
2019-09-20 10:24:25,600 [pool-167-thread-1] INFO  server.RaftServerConfigKeys (ConfUtils.java:logGet(43)) - raft.server.rpc.timeout.min = 5s (custom)
2019-09-20 10:24:25,600 [pool-167-thread-1] INFO  server.RaftServerConfigKeys (ConfUtils.java:logGet(43)) - raft.server.rpc.timeout.max = 5200ms (custom)
2019-09-20 10:24:25,600 [pool-167-thread-1] INFO  server.RaftServerConfigKeys (ConfUtils.java:logGet(43)) - raft.server.rpcslowness.timeout = 120s (custom)
2019-09-20 10:24:25,600 [pool-167-thread-1] INFO  server.RaftServerConfigKeys (ConfUtils.java:logGet(43)) - raft.server.sleep.deviation.threshold = 300 (default)
2019-09-20 10:24:25,600 [pool-167-thread-1] INFO  server.RaftServerConfigKeys (ConfUtils.java:logGet(43)) - raft.server.log.appender.install.snapshot.enabled = false (custom)
2019-09-20 10:24:25,600 [pool-167-thread-1] INFO  impl.RaftServerImpl (ServerState.java:<init>(105)) - 9e03ffa9-cf79-407a-a150-4c035e5aec5e:group-8DFB81EBA44D ConfigurationManager, init=-1: [9e03ffa9-cf79-407a-a150-4c035e5aec5e:192.168.36.99:38182], old=null, confs=<EMPTY_MAP>
2019-09-20 10:24:25,601 [pool-167-thread-1] INFO  server.RaftServerConfigKeys (ConfUtils.java:logGet(43)) - raft.server.storage.dir = [/workdir/hadoop-ozone/integration-test/target/test-dir/MiniOzoneClusterImpl-0561fc2e-9288-4596-b687-0c9fb03504b1/datanode-4/data/ratis] (custom)
2019-09-20 10:24:25,601 [pool-167-thread-1] INFO  storage.RaftStorageDirectory (RaftStorageDirectory.java:analyzeStorage(246)) - The storage directory /workdir/hadoop-ozone/integration-test/target/test-dir/MiniOzoneClusterImpl-0561fc2e-9288-4596-b687-0c9fb03504b1/datanode-4/data/ratis/43fc272d-dda1-4eea-b4d9-8dfb81eba44d does not exist. Creating ...
2019-09-20 10:24:25,653 [pool-167-thread-1] INFO  storage.RaftStorageDirectory (RaftStorageDirectory.java:tryLock(328)) - Lock on /workdir/hadoop-ozone/integration-test/target/test-dir/MiniOzoneClusterImpl-0561fc2e-9288-4596-b687-0c9fb03504b1/datanode-4/data/ratis/43fc272d-dda1-4eea-b4d9-8dfb81eba44d/in_use.lock acquired by nodename 28506@pr-hdds-1569-p5fx8-1226042367
2019-09-20 10:24:25,664 [main] INFO  rpc.RpcClient (RpcClient.java:createVolume(293)) - Creating Volume: watchforcommithandlingtest, with jenkins1000 as owner.
2019-09-20 10:24:25,680 | INFO  | SCMAudit | user=jenkins1000 | ip=192.168.36.99 | op=SEND_HEARTBEAT {datanodeUUID=3d6f3241-e73c-473a-ad0b-c7be2f7e1dda, command=[]} | ret=SUCCESS |  
2019-09-20 10:24:25,721 | INFO  | OMAudit | user=jenkins1000 | ip=127.0.0.1 | op=CREATE_VOLUME {admin=jenkins1000, owner=jenkins1000, volume=watchforcommithandlingtest, creationTime=1568975065666, quotaInBytes=1152921504606846976} | ret=SUCCESS |  
2019-09-20 10:24:25,738 [pool-167-thread-1] INFO  storage.RaftStorage (RaftStorage.java:format(72)) - Storage directory /workdir/hadoop-ozone/integration-test/target/test-dir/MiniOzoneClusterImpl-0561fc2e-9288-4596-b687-0c9fb03504b1/datanode-4/data/ratis/43fc272d-dda1-4eea-b4d9-8dfb81eba44d has been successfully formatted.
2019-09-20 10:24:25,742 | INFO  | OMAudit | user=jenkins1000 | ip=127.0.0.1 | op=READ_VOLUME {volume=watchforcommithandlingtest} | ret=SUCCESS |  
2019-09-20 10:24:25,743 [pool-167-thread-1] INFO  ratis.ContainerStateMachine (ContainerStateMachine.java:loadSnapshot(226)) - group-8DFB81EBA44D: The snapshot info is null. Setting the last applied indexto:(t:0, i:~)
2019-09-20 10:24:25,743 [pool-167-thread-1] INFO  server.RaftServerConfigKeys (ConfUtils.java:logGet(43)) - raft.server.leader.election.timeout = 120s (custom)
2019-09-20 10:24:25,743 [pool-167-thread-1] INFO  server.RaftServerConfigKeys (ConfUtils.java:logGet(43)) - raft.server.log.use.memory = false (default)
2019-09-20 10:24:25,743 [pool-167-thread-1] INFO  server.RaftServerConfigKeys (ConfUtils.java:logGet(43)) - raft.server.log.purge.gap = 1000000 (custom)
2019-09-20 10:24:25,743 [pool-167-thread-1] INFO  server.RaftServerConfigKeys (ConfUtils.java:logGet(43)) - raft.server.log.appender.buffer.byte-limit = 33554432 (custom)
2019-09-20 10:24:25,744 [pool-167-thread-1] INFO  server.RaftServerConfigKeys (ConfUtils.java:logGet(43)) - raft.server.log.segment.size.max = 1048576 (custom)
2019-09-20 10:24:25,744 [pool-167-thread-1] INFO  server.RaftServerConfigKeys (ConfUtils.java:logGet(43)) - raft.server.log.segment.cache.num.max = 2 (custom)
2019-09-20 10:24:25,744 [main] INFO  rpc.RpcClient (RpcClient.java:createBucket(432)) - Creating Bucket: watchforcommithandlingtest/watchforcommithandlingtest, with Versioning false and Storage Type set to DISK and Encryption set to false 
2019-09-20 10:24:25,744 [pool-167-thread-1] INFO  segmented.SegmentedRaftLogWorker (SegmentedRaftLogWorker.java:<init>(172)) - new 9e03ffa9-cf79-407a-a150-4c035e5aec5e-SegmentedRaftLogWorker:Storage Directory /workdir/hadoop-ozone/integration-test/target/test-dir/MiniOzoneClusterImpl-0561fc2e-9288-4596-b687-0c9fb03504b1/datanode-4/data/ratis/43fc272d-dda1-4eea-b4d9-8dfb81eba44d for RaftStorage:Storage Directory /workdir/hadoop-ozone/integration-test/target/test-dir/MiniOzoneClusterImpl-0561fc2e-9288-4596-b687-0c9fb03504b1/datanode-4/data/ratis/43fc272d-dda1-4eea-b4d9-8dfb81eba44d
2019-09-20 10:24:25,744 [pool-167-thread-1] INFO  server.RaftServerConfigKeys (ConfUtils.java:logGet(43)) - raft.server.log.queue.byte-limit = 2147483647 (custom)
2019-09-20 10:24:25,745 [pool-167-thread-1] INFO  server.RaftServerConfigKeys (ConfUtils.java:logGet(43)) - raft.server.log.queue.element-limit = 1024 (custom)
2019-09-20 10:24:25,745 [pool-167-thread-1] INFO  server.RaftServerConfigKeys (ConfUtils.java:logGet(43)) - raft.server.log.segment.size.max = 1048576 (custom)
2019-09-20 10:24:25,745 [pool-167-thread-1] INFO  server.RaftServerConfigKeys (ConfUtils.java:logGet(43)) - raft.server.log.preallocated.size = 16384 (custom)
2019-09-20 10:24:25,745 [pool-167-thread-1] INFO  server.RaftServerConfigKeys (ConfUtils.java:logGet(43)) - raft.server.log.write.buffer.size = 33554432 (custom)
2019-09-20 10:24:25,745 [pool-167-thread-1] INFO  server.RaftServerConfigKeys (ConfUtils.java:logGet(43)) - raft.server.log.force.sync.num = 128 (default)
2019-09-20 10:24:25,746 [pool-167-thread-1] INFO  server.RaftServerConfigKeys (ConfUtils.java:logGet(43)) - raft.server.log.statemachine.data.sync = true (default)
2019-09-20 10:24:25,749 [pool-167-thread-1] INFO  server.RaftServerConfigKeys (ConfUtils.java:logGet(43)) - raft.server.log.statemachine.data.sync.timeout = 10s (default)
2019-09-20 10:24:25,750 [pool-167-thread-1] INFO  server.RaftServerConfigKeys (ConfUtils.java:logGet(43)) - raft.server.log.statemachine.data.sync.timeout.retry = -1 (default)
2019-09-20 10:24:25,750 [pool-167-thread-1] INFO  server.RaftServerConfigKeys (ConfUtils.java:logGet(43)) - raft.server.log.statemachine.data.caching.enabled = true (custom)
2019-09-20 10:24:25,750 | INFO  | OMAudit | user=jenkins1000 | ip=127.0.0.1 | op=CREATE_BUCKET {volume=watchforcommithandlingtest, bucket=watchforcommithandlingtest, acls=[user:jenkins1000:a[ACCESS], group:default:a[ACCESS]], isVersionEnabled=false, storageType=DISK, creationTime=0} | ret=SUCCESS |  
2019-09-20 10:24:25,750 [pool-167-thread-1] INFO  segmented.SegmentedRaftLogWorker (SegmentedRaftLogWorker.java:lambda$new$0(132)) - 9e03ffa9-cf79-407a-a150-4c035e5aec5e-SegmentedRaftLogWorker:Storage Directory /workdir/hadoop-ozone/integration-test/target/test-dir/MiniOzoneClusterImpl-0561fc2e-9288-4596-b687-0c9fb03504b1/datanode-4/data/ratis/43fc272d-dda1-4eea-b4d9-8dfb81eba44d: flushIndex: setUnconditionally 0 -> -1
2019-09-20 10:24:25,751 [main] INFO  ozone.MiniOzoneClusterImpl (MiniOzoneClusterImpl.java:getStorageContainerLocationClient(241)) - Creating StorageContainerLocationProtocol RPC client with address /0.0.0.0:45540
2019-09-20 10:24:25,751 [pool-167-thread-1] INFO  server.RaftServerConfigKeys (ConfUtils.java:logGet(43)) - raft.server.snapshot.auto.trigger.enabled = true (custom)
2019-09-20 10:24:25,751 [pool-167-thread-1] INFO  server.RaftServerConfigKeys (ConfUtils.java:logGet(43)) - raft.server.snapshot.auto.trigger.threshold = 10000 (custom)
2019-09-20 10:24:25,752 [pool-167-thread-1] INFO  server.RaftServerConfigKeys (ConfUtils.java:logGet(43)) - raft.server.retrycache.expirytime = 600000ms (custom)
2019-09-20 10:24:25,752 [pool-167-thread-1] INFO  impl.RaftServerImpl (RaftServerImpl.java:start(180)) - 9e03ffa9-cf79-407a-a150-4c035e5aec5e: start group-8DFB81EBA44D
2019-09-20 10:24:25,752 [pool-167-thread-1] INFO  impl.RaftServerImpl (RaftServerImpl.java:setRole(171)) - 9e03ffa9-cf79-407a-a150-4c035e5aec5e:group-8DFB81EBA44D changes role from null to FOLLOWER at term 0 for startAsFollower
2019-09-20 10:24:25,753 [pool-167-thread-1] INFO  impl.RoleInfo (RoleInfo.java:updateAndGet(143)) - 9e03ffa9-cf79-407a-a150-4c035e5aec5e: start FollowerState
2019-09-20 10:24:25,753 [pool-167-thread-1] INFO  util.JmxRegister (JmxRegister.java:tryRegister(44)) - Successfully registered JMX Bean with object name Ratis:service=RaftServer,group=group-8DFB81EBA44D,id=9e03ffa9-cf79-407a-a150-4c035e5aec5e
2019-09-20 10:24:25,757 [RatisPipelineUtilsThread] INFO  pipeline.PipelineStateManager (PipelineStateManager.java:addPipeline(56)) - Created pipeline Pipeline[ Id: 43fc272d-dda1-4eea-b4d9-8dfb81eba44d, Nodes: 9e03ffa9-cf79-407a-a150-4c035e5aec5e{ip: 192.168.36.99, host: pr-hdds-1569-p5fx8-1226042367, networkLocation: /default-rack, certSerialId: null}, Type:RATIS, Factor:ONE, State:OPEN]
2019-09-20 10:24:25,757 [IPC Server handler 3 on 45540] INFO  pipeline.PipelinePlacementPolicy (PipelinePlacementPolicy.java:meetCriteria(91)) - Pipeline Placement: Doesn't meet the criteria to be viable node： 54207fe5-d92c-4c2e-b058-fbae630dabef Heaviness: 6 limit: 5
2019-09-20 10:24:25,757 [IPC Server handler 3 on 45540] INFO  pipeline.PipelinePlacementPolicy (PipelinePlacementPolicy.java:meetCriteria(91)) - Pipeline Placement: Doesn't meet the criteria to be viable node： 60260ec1-e192-4b95-89c8-d924d16a77a9 Heaviness: 6 limit: 5
2019-09-20 10:24:25,758 [IPC Server handler 3 on 45540] INFO  pipeline.PipelinePlacementPolicy (PipelinePlacementPolicy.java:meetCriteria(91)) - Pipeline Placement: Doesn't meet the criteria to be viable node： d2ed2d9b-7ac7-460e-84f6-6d9d6066f76d Heaviness: 6 limit: 5
2019-09-20 10:24:25,781 | INFO  | SCMAudit | user=jenkins1000 | ip=192.168.36.99 | op=SEND_HEARTBEAT {datanodeUUID=6491c372-a595-4104-b3e9-c4f3293baafa, command=[]} | ret=SUCCESS |  
2019-09-20 10:24:25,788 [grpc-default-executor-2] INFO  impl.RaftServerProxy (RaftServerProxy.java:addNew(89)) - 9e03ffa9-cf79-407a-a150-4c035e5aec5e: addNew group-576A86C1D849:[468be06f-55e9-4831-ba6b-3db017451a79:192.168.36.99:34815, 6491c372-a595-4104-b3e9-c4f3293baafa:192.168.36.99:41491, 9e03ffa9-cf79-407a-a150-4c035e5aec5e:192.168.36.99:38182] returns group-576A86C1D849:java.util.concurrent.CompletableFuture@6a502ef7[Not completed]
2019-09-20 10:24:25,788 [grpc-default-executor-1] INFO  impl.RaftServerProxy (RaftServerProxy.java:addNew(89)) - 6491c372-a595-4104-b3e9-c4f3293baafa: addNew group-576A86C1D849:[468be06f-55e9-4831-ba6b-3db017451a79:192.168.36.99:34815, 6491c372-a595-4104-b3e9-c4f3293baafa:192.168.36.99:41491, 9e03ffa9-cf79-407a-a150-4c035e5aec5e:192.168.36.99:38182] returns group-576A86C1D849:java.util.concurrent.CompletableFuture@777b57a3[Not completed]
2019-09-20 10:24:25,789 [grpc-default-executor-1] INFO  impl.RaftServerProxy (RaftServerProxy.java:addNew(89)) - 468be06f-55e9-4831-ba6b-3db017451a79: addNew group-576A86C1D849:[468be06f-55e9-4831-ba6b-3db017451a79:192.168.36.99:34815, 6491c372-a595-4104-b3e9-c4f3293baafa:192.168.36.99:41491, 9e03ffa9-cf79-407a-a150-4c035e5aec5e:192.168.36.99:38182] returns group-576A86C1D849:java.util.concurrent.CompletableFuture@3279d728[Not completed]
2019-09-20 10:24:25,790 [pool-167-thread-1] INFO  impl.RaftServerImpl (RaftServerImpl.java:<init>(93)) - 9e03ffa9-cf79-407a-a150-4c035e5aec5e: new RaftServerImpl for group-576A86C1D849:[468be06f-55e9-4831-ba6b-3db017451a79:192.168.36.99:34815, 6491c372-a595-4104-b3e9-c4f3293baafa:192.168.36.99:41491, 9e03ffa9-cf79-407a-a150-4c035e5aec5e:192.168.36.99:38182] with ContainerStateMachine:uninitialized
2019-09-20 10:24:25,790 [pool-167-thread-1] INFO  server.RaftServerConfigKeys (ConfUtils.java:logGet(43)) - raft.server.rpc.timeout.min = 5s (custom)
2019-09-20 10:24:25,790 [pool-167-thread-1] INFO  server.RaftServerConfigKeys (ConfUtils.java:logGet(43)) - raft.server.rpc.timeout.max = 5200ms (custom)
2019-09-20 10:24:25,790 [pool-167-thread-1] INFO  server.RaftServerConfigKeys (ConfUtils.java:logGet(43)) - raft.server.rpcslowness.timeout = 120s (custom)
2019-09-20 10:24:25,790 [pool-167-thread-1] INFO  server.RaftServerConfigKeys (ConfUtils.java:logGet(43)) - raft.server.sleep.deviation.threshold = 300 (default)
2019-09-20 10:24:25,790 [pool-167-thread-1] INFO  server.RaftServerConfigKeys (ConfUtils.java:logGet(43)) - raft.server.log.appender.install.snapshot.enabled = false (custom)
2019-09-20 10:24:25,791 [pool-189-thread-1] INFO  impl.RaftServerImpl (RaftServerImpl.java:<init>(93)) - 468be06f-55e9-4831-ba6b-3db017451a79: new RaftServerImpl for group-576A86C1D849:[468be06f-55e9-4831-ba6b-3db017451a79:192.168.36.99:34815, 6491c372-a595-4104-b3e9-c4f3293baafa:192.168.36.99:41491, 9e03ffa9-cf79-407a-a150-4c035e5aec5e:192.168.36.99:38182] with ContainerStateMachine:uninitialized
2019-09-20 10:24:25,791 [pool-167-thread-1] INFO  impl.RaftServerImpl (ServerState.java:<init>(105)) - 9e03ffa9-cf79-407a-a150-4c035e5aec5e:group-576A86C1D849 ConfigurationManager, init=-1: [468be06f-55e9-4831-ba6b-3db017451a79:192.168.36.99:34815, 6491c372-a595-4104-b3e9-c4f3293baafa:192.168.36.99:41491, 9e03ffa9-cf79-407a-a150-4c035e5aec5e:192.168.36.99:38182], old=null, confs=<EMPTY_MAP>
2019-09-20 10:24:25,791 [pool-189-thread-1] INFO  server.RaftServerConfigKeys (ConfUtils.java:logGet(43)) - raft.server.rpc.timeout.min = 5s (custom)
2019-09-20 10:24:25,791 [pool-167-thread-1] INFO  server.RaftServerConfigKeys (ConfUtils.java:logGet(43)) - raft.server.storage.dir = [/workdir/hadoop-ozone/integration-test/target/test-dir/MiniOzoneClusterImpl-0561fc2e-9288-4596-b687-0c9fb03504b1/datanode-4/data/ratis] (custom)
2019-09-20 10:24:25,791 [pool-189-thread-1] INFO  server.RaftServerConfigKeys (ConfUtils.java:logGet(43)) - raft.server.rpc.timeout.max = 5200ms (custom)
2019-09-20 10:24:25,791 [pool-156-thread-1] INFO  impl.RaftServerImpl (RaftServerImpl.java:<init>(93)) - 6491c372-a595-4104-b3e9-c4f3293baafa: new RaftServerImpl for group-576A86C1D849:[468be06f-55e9-4831-ba6b-3db017451a79:192.168.36.99:34815, 6491c372-a595-4104-b3e9-c4f3293baafa:192.168.36.99:41491, 9e03ffa9-cf79-407a-a150-4c035e5aec5e:192.168.36.99:38182] with ContainerStateMachine:uninitialized
2019-09-20 10:24:25,791 [pool-189-thread-1] INFO  server.RaftServerConfigKeys (ConfUtils.java:logGet(43)) - raft.server.rpcslowness.timeout = 120s (custom)
2019-09-20 10:24:25,792 [pool-156-thread-1] INFO  server.RaftServerConfigKeys (ConfUtils.java:logGet(43)) - raft.server.rpc.timeout.min = 5s (custom)
2019-09-20 10:24:25,792 [pool-167-thread-1] INFO  storage.RaftStorageDirectory (RaftStorageDirectory.java:analyzeStorage(246)) - The storage directory /workdir/hadoop-ozone/integration-test/target/test-dir/MiniOzoneClusterImpl-0561fc2e-9288-4596-b687-0c9fb03504b1/datanode-4/data/ratis/0744cc0d-1490-487c-b826-576a86c1d849 does not exist. Creating ...
2019-09-20 10:24:25,792 [pool-156-thread-1] INFO  server.RaftServerConfigKeys (ConfUtils.java:logGet(43)) - raft.server.rpc.timeout.max = 5200ms (custom)
2019-09-20 10:24:25,792 [pool-189-thread-1] INFO  server.RaftServerConfigKeys (ConfUtils.java:logGet(43)) - raft.server.sleep.deviation.threshold = 300 (default)
2019-09-20 10:24:25,792 [pool-156-thread-1] INFO  server.RaftServerConfigKeys (ConfUtils.java:logGet(43)) - raft.server.rpcslowness.timeout = 120s (custom)
2019-09-20 10:24:25,792 [pool-189-thread-1] INFO  server.RaftServerConfigKeys (ConfUtils.java:logGet(43)) - raft.server.log.appender.install.snapshot.enabled = false (custom)
2019-09-20 10:24:25,792 [pool-156-thread-1] INFO  server.RaftServerConfigKeys (ConfUtils.java:logGet(43)) - raft.server.sleep.deviation.threshold = 300 (default)
2019-09-20 10:24:25,793 [pool-189-thread-1] INFO  impl.RaftServerImpl (ServerState.java:<init>(105)) - 468be06f-55e9-4831-ba6b-3db017451a79:group-576A86C1D849 ConfigurationManager, init=-1: [468be06f-55e9-4831-ba6b-3db017451a79:192.168.36.99:34815, 6491c372-a595-4104-b3e9-c4f3293baafa:192.168.36.99:41491, 9e03ffa9-cf79-407a-a150-4c035e5aec5e:192.168.36.99:38182], old=null, confs=<EMPTY_MAP>
2019-09-20 10:24:25,793 [pool-156-thread-1] INFO  server.RaftServerConfigKeys (ConfUtils.java:logGet(43)) - raft.server.log.appender.install.snapshot.enabled = false (custom)
2019-09-20 10:24:25,793 [pool-189-thread-1] INFO  server.RaftServerConfigKeys (ConfUtils.java:logGet(43)) - raft.server.storage.dir = [/workdir/hadoop-ozone/integration-test/target/test-dir/MiniOzoneClusterImpl-0561fc2e-9288-4596-b687-0c9fb03504b1/datanode-6/data/ratis] (custom)
2019-09-20 10:24:25,793 [pool-156-thread-1] INFO  impl.RaftServerImpl (ServerState.java:<init>(105)) - 6491c372-a595-4104-b3e9-c4f3293baafa:group-576A86C1D849 ConfigurationManager, init=-1: [468be06f-55e9-4831-ba6b-3db017451a79:192.168.36.99:34815, 6491c372-a595-4104-b3e9-c4f3293baafa:192.168.36.99:41491, 9e03ffa9-cf79-407a-a150-4c035e5aec5e:192.168.36.99:38182], old=null, confs=<EMPTY_MAP>
2019-09-20 10:24:25,793 [pool-156-thread-1] INFO  server.RaftServerConfigKeys (ConfUtils.java:logGet(43)) - raft.server.storage.dir = [/workdir/hadoop-ozone/integration-test/target/test-dir/MiniOzoneClusterImpl-0561fc2e-9288-4596-b687-0c9fb03504b1/datanode-3/data/ratis] (custom)
2019-09-20 10:24:25,794 [pool-189-thread-1] INFO  storage.RaftStorageDirectory (RaftStorageDirectory.java:analyzeStorage(246)) - The storage directory /workdir/hadoop-ozone/integration-test/target/test-dir/MiniOzoneClusterImpl-0561fc2e-9288-4596-b687-0c9fb03504b1/datanode-6/data/ratis/0744cc0d-1490-487c-b826-576a86c1d849 does not exist. Creating ...
2019-09-20 10:24:25,794 [pool-156-thread-1] INFO  storage.RaftStorageDirectory (RaftStorageDirectory.java:analyzeStorage(246)) - The storage directory /workdir/hadoop-ozone/integration-test/target/test-dir/MiniOzoneClusterImpl-0561fc2e-9288-4596-b687-0c9fb03504b1/datanode-3/data/ratis/0744cc0d-1490-487c-b826-576a86c1d849 does not exist. Creating ...
2019-09-20 10:24:25,824 [pool-156-thread-1] INFO  storage.RaftStorageDirectory (RaftStorageDirectory.java:tryLock(328)) - Lock on /workdir/hadoop-ozone/integration-test/target/test-dir/MiniOzoneClusterImpl-0561fc2e-9288-4596-b687-0c9fb03504b1/datanode-3/data/ratis/0744cc0d-1490-487c-b826-576a86c1d849/in_use.lock acquired by nodename 28506@pr-hdds-1569-p5fx8-1226042367
2019-09-20 10:24:25,824 [pool-189-thread-1] INFO  storage.RaftStorageDirectory (RaftStorageDirectory.java:tryLock(328)) - Lock on /workdir/hadoop-ozone/integration-test/target/test-dir/MiniOzoneClusterImpl-0561fc2e-9288-4596-b687-0c9fb03504b1/datanode-6/data/ratis/0744cc0d-1490-487c-b826-576a86c1d849/in_use.lock acquired by nodename 28506@pr-hdds-1569-p5fx8-1226042367
2019-09-20 10:24:25,824 [pool-167-thread-1] INFO  storage.RaftStorageDirectory (RaftStorageDirectory.java:tryLock(328)) - Lock on /workdir/hadoop-ozone/integration-test/target/test-dir/MiniOzoneClusterImpl-0561fc2e-9288-4596-b687-0c9fb03504b1/datanode-4/data/ratis/0744cc0d-1490-487c-b826-576a86c1d849/in_use.lock acquired by nodename 28506@pr-hdds-1569-p5fx8-1226042367
2019-09-20 10:24:25,844 | INFO  | SCMAudit | user=jenkins1000 | ip=192.168.36.99 | op=SEND_HEARTBEAT {datanodeUUID=7af711bd-b5ae-4a73-a8be-b970cae6c2d1, command=[]} | ret=SUCCESS |  
2019-09-20 10:24:25,858 [pool-167-thread-1] INFO  storage.RaftStorage (RaftStorage.java:format(72)) - Storage directory /workdir/hadoop-ozone/integration-test/target/test-dir/MiniOzoneClusterImpl-0561fc2e-9288-4596-b687-0c9fb03504b1/datanode-4/data/ratis/0744cc0d-1490-487c-b826-576a86c1d849 has been successfully formatted.
2019-09-20 10:24:25,858 [pool-189-thread-1] INFO  storage.RaftStorage (RaftStorage.java:format(72)) - Storage directory /workdir/hadoop-ozone/integration-test/target/test-dir/MiniOzoneClusterImpl-0561fc2e-9288-4596-b687-0c9fb03504b1/datanode-6/data/ratis/0744cc0d-1490-487c-b826-576a86c1d849 has been successfully formatted.
2019-09-20 10:24:25,858 [pool-167-thread-1] INFO  ratis.ContainerStateMachine (ContainerStateMachine.java:loadSnapshot(226)) - group-576A86C1D849: The snapshot info is null. Setting the last applied indexto:(t:0, i:~)
2019-09-20 10:24:25,859 [pool-189-thread-1] INFO  ratis.ContainerStateMachine (ContainerStateMachine.java:loadSnapshot(226)) - group-576A86C1D849: The snapshot info is null. Setting the last applied indexto:(t:0, i:~)
2019-09-20 10:24:25,858 [pool-156-thread-1] INFO  storage.RaftStorage (RaftStorage.java:format(72)) - Storage directory /workdir/hadoop-ozone/integration-test/target/test-dir/MiniOzoneClusterImpl-0561fc2e-9288-4596-b687-0c9fb03504b1/datanode-3/data/ratis/0744cc0d-1490-487c-b826-576a86c1d849 has been successfully formatted.
2019-09-20 10:24:25,859 [pool-189-thread-1] INFO  server.RaftServerConfigKeys (ConfUtils.java:logGet(43)) - raft.server.leader.election.timeout = 120s (custom)
2019-09-20 10:24:25,859 [pool-167-thread-1] INFO  server.RaftServerConfigKeys (ConfUtils.java:logGet(43)) - raft.server.leader.election.timeout = 120s (custom)
2019-09-20 10:24:25,859 [pool-189-thread-1] INFO  server.RaftServerConfigKeys (ConfUtils.java:logGet(43)) - raft.server.log.use.memory = false (default)
2019-09-20 10:24:25,859 [pool-156-thread-1] INFO  ratis.ContainerStateMachine (ContainerStateMachine.java:loadSnapshot(226)) - group-576A86C1D849: The snapshot info is null. Setting the last applied indexto:(t:0, i:~)
2019-09-20 10:24:25,859 [pool-189-thread-1] INFO  server.RaftServerConfigKeys (ConfUtils.java:logGet(43)) - raft.server.log.purge.gap = 1000000 (custom)
2019-09-20 10:24:25,860 [pool-189-thread-1] INFO  server.RaftServerConfigKeys (ConfUtils.java:logGet(43)) - raft.server.log.appender.buffer.byte-limit = 33554432 (custom)
2019-09-20 10:24:25,859 [pool-167-thread-1] INFO  server.RaftServerConfigKeys (ConfUtils.java:logGet(43)) - raft.server.log.use.memory = false (default)
2019-09-20 10:24:25,860 [pool-189-thread-1] INFO  server.RaftServerConfigKeys (ConfUtils.java:logGet(43)) - raft.server.log.segment.size.max = 1048576 (custom)
2019-09-20 10:24:25,860 [pool-156-thread-1] INFO  server.RaftServerConfigKeys (ConfUtils.java:logGet(43)) - raft.server.leader.election.timeout = 120s (custom)
2019-09-20 10:24:25,860 [pool-189-thread-1] INFO  server.RaftServerConfigKeys (ConfUtils.java:logGet(43)) - raft.server.log.segment.cache.num.max = 2 (custom)
2019-09-20 10:24:25,860 [pool-167-thread-1] INFO  server.RaftServerConfigKeys (ConfUtils.java:logGet(43)) - raft.server.log.purge.gap = 1000000 (custom)
2019-09-20 10:24:25,861 [pool-189-thread-1] INFO  segmented.SegmentedRaftLogWorker (SegmentedRaftLogWorker.java:<init>(172)) - new 468be06f-55e9-4831-ba6b-3db017451a79-SegmentedRaftLogWorker:Storage Directory /workdir/hadoop-ozone/integration-test/target/test-dir/MiniOzoneClusterImpl-0561fc2e-9288-4596-b687-0c9fb03504b1/datanode-6/data/ratis/0744cc0d-1490-487c-b826-576a86c1d849 for RaftStorage:Storage Directory /workdir/hadoop-ozone/integration-test/target/test-dir/MiniOzoneClusterImpl-0561fc2e-9288-4596-b687-0c9fb03504b1/datanode-6/data/ratis/0744cc0d-1490-487c-b826-576a86c1d849
2019-09-20 10:24:25,860 [pool-156-thread-1] INFO  server.RaftServerConfigKeys (ConfUtils.java:logGet(43)) - raft.server.log.use.memory = false (default)
2019-09-20 10:24:25,861 [pool-189-thread-1] INFO  server.RaftServerConfigKeys (ConfUtils.java:logGet(43)) - raft.server.log.queue.byte-limit = 2147483647 (custom)
2019-09-20 10:24:25,861 [pool-189-thread-1] INFO  server.RaftServerConfigKeys (ConfUtils.java:logGet(43)) - raft.server.log.queue.element-limit = 1024 (custom)
2019-09-20 10:24:25,861 [pool-167-thread-1] INFO  server.RaftServerConfigKeys (ConfUtils.java:logGet(43)) - raft.server.log.appender.buffer.byte-limit = 33554432 (custom)
2019-09-20 10:24:25,861 [pool-189-thread-1] INFO  server.RaftServerConfigKeys (ConfUtils.java:logGet(43)) - raft.server.log.segment.size.max = 1048576 (custom)
2019-09-20 10:24:25,861 [pool-156-thread-1] INFO  server.RaftServerConfigKeys (ConfUtils.java:logGet(43)) - raft.server.log.purge.gap = 1000000 (custom)
2019-09-20 10:24:25,862 [pool-189-thread-1] INFO  server.RaftServerConfigKeys (ConfUtils.java:logGet(43)) - raft.server.log.preallocated.size = 16384 (custom)
2019-09-20 10:24:25,862 [pool-167-thread-1] INFO  server.RaftServerConfigKeys (ConfUtils.java:logGet(43)) - raft.server.log.segment.size.max = 1048576 (custom)
2019-09-20 10:24:25,862 [pool-189-thread-1] INFO  server.RaftServerConfigKeys (ConfUtils.java:logGet(43)) - raft.server.log.write.buffer.size = 33554432 (custom)
2019-09-20 10:24:25,862 [pool-156-thread-1] INFO  server.RaftServerConfigKeys (ConfUtils.java:logGet(43)) - raft.server.log.appender.buffer.byte-limit = 33554432 (custom)
2019-09-20 10:24:25,862 [pool-189-thread-1] INFO  server.RaftServerConfigKeys (ConfUtils.java:logGet(43)) - raft.server.log.force.sync.num = 128 (default)
2019-09-20 10:24:25,862 [pool-167-thread-1] INFO  server.RaftServerConfigKeys (ConfUtils.java:logGet(43)) - raft.server.log.segment.cache.num.max = 2 (custom)
2019-09-20 10:24:25,863 [pool-189-thread-1] INFO  server.RaftServerConfigKeys (ConfUtils.java:logGet(43)) - raft.server.log.statemachine.data.sync = true (default)
2019-09-20 10:24:25,863 [pool-189-thread-1] INFO  server.RaftServerConfigKeys (ConfUtils.java:logGet(43)) - raft.server.log.statemachine.data.sync.timeout = 10s (default)
2019-09-20 10:24:25,863 [pool-156-thread-1] INFO  server.RaftServerConfigKeys (ConfUtils.java:logGet(43)) - raft.server.log.segment.size.max = 1048576 (custom)
2019-09-20 10:24:25,863 [pool-189-thread-1] INFO  server.RaftServerConfigKeys (ConfUtils.java:logGet(43)) - raft.server.log.statemachine.data.sync.timeout.retry = -1 (default)
2019-09-20 10:24:25,863 [pool-167-thread-1] INFO  segmented.SegmentedRaftLogWorker (SegmentedRaftLogWorker.java:<init>(172)) - new 9e03ffa9-cf79-407a-a150-4c035e5aec5e-SegmentedRaftLogWorker:Storage Directory /workdir/hadoop-ozone/integration-test/target/test-dir/MiniOzoneClusterImpl-0561fc2e-9288-4596-b687-0c9fb03504b1/datanode-4/data/ratis/0744cc0d-1490-487c-b826-576a86c1d849 for RaftStorage:Storage Directory /workdir/hadoop-ozone/integration-test/target/test-dir/MiniOzoneClusterImpl-0561fc2e-9288-4596-b687-0c9fb03504b1/datanode-4/data/ratis/0744cc0d-1490-487c-b826-576a86c1d849
2019-09-20 10:24:25,864 [pool-189-thread-1] INFO  server.RaftServerConfigKeys (ConfUtils.java:logGet(43)) - raft.server.log.statemachine.data.caching.enabled = true (custom)
2019-09-20 10:24:25,863 [pool-156-thread-1] INFO  server.RaftServerConfigKeys (ConfUtils.java:logGet(43)) - raft.server.log.segment.cache.num.max = 2 (custom)
2019-09-20 10:24:25,864 [pool-167-thread-1] INFO  server.RaftServerConfigKeys (ConfUtils.java:logGet(43)) - raft.server.log.queue.byte-limit = 2147483647 (custom)
2019-09-20 10:24:25,864 [pool-189-thread-1] INFO  segmented.SegmentedRaftLogWorker (SegmentedRaftLogWorker.java:lambda$new$0(132)) - 468be06f-55e9-4831-ba6b-3db017451a79-SegmentedRaftLogWorker:Storage Directory /workdir/hadoop-ozone/integration-test/target/test-dir/MiniOzoneClusterImpl-0561fc2e-9288-4596-b687-0c9fb03504b1/datanode-6/data/ratis/0744cc0d-1490-487c-b826-576a86c1d849: flushIndex: setUnconditionally 0 -> -1
2019-09-20 10:24:25,864 [pool-156-thread-1] INFO  segmented.SegmentedRaftLogWorker (SegmentedRaftLogWorker.java:<init>(172)) - new 6491c372-a595-4104-b3e9-c4f3293baafa-SegmentedRaftLogWorker:Storage Directory /workdir/hadoop-ozone/integration-test/target/test-dir/MiniOzoneClusterImpl-0561fc2e-9288-4596-b687-0c9fb03504b1/datanode-3/data/ratis/0744cc0d-1490-487c-b826-576a86c1d849 for RaftStorage:Storage Directory /workdir/hadoop-ozone/integration-test/target/test-dir/MiniOzoneClusterImpl-0561fc2e-9288-4596-b687-0c9fb03504b1/datanode-3/data/ratis/0744cc0d-1490-487c-b826-576a86c1d849
2019-09-20 10:24:25,865 [pool-189-thread-1] INFO  server.RaftServerConfigKeys (ConfUtils.java:logGet(43)) - raft.server.snapshot.auto.trigger.enabled = true (custom)
2019-09-20 10:24:25,864 [pool-167-thread-1] INFO  server.RaftServerConfigKeys (ConfUtils.java:logGet(43)) - raft.server.log.queue.element-limit = 1024 (custom)
2019-09-20 10:24:25,865 [pool-189-thread-1] INFO  server.RaftServerConfigKeys (ConfUtils.java:logGet(43)) - raft.server.snapshot.auto.trigger.threshold = 10000 (custom)
2019-09-20 10:24:25,865 [pool-156-thread-1] INFO  server.RaftServerConfigKeys (ConfUtils.java:logGet(43)) - raft.server.log.queue.byte-limit = 2147483647 (custom)
2019-09-20 10:24:25,865 [pool-189-thread-1] INFO  server.RaftServerConfigKeys (ConfUtils.java:logGet(43)) - raft.server.retrycache.expirytime = 600000ms (custom)
2019-09-20 10:24:25,865 [pool-167-thread-1] INFO  server.RaftServerConfigKeys (ConfUtils.java:logGet(43)) - raft.server.log.segment.size.max = 1048576 (custom)
2019-09-20 10:24:25,866 [pool-189-thread-1] INFO  impl.RaftServerImpl (RaftServerImpl.java:start(180)) - 468be06f-55e9-4831-ba6b-3db017451a79: start group-576A86C1D849
2019-09-20 10:24:25,865 [pool-156-thread-1] INFO  server.RaftServerConfigKeys (ConfUtils.java:logGet(43)) - raft.server.log.queue.element-limit = 1024 (custom)
2019-09-20 10:24:25,866 [pool-189-thread-1] INFO  impl.RaftServerImpl (RaftServerImpl.java:setRole(171)) - 468be06f-55e9-4831-ba6b-3db017451a79:group-576A86C1D849 changes role from null to FOLLOWER at term 0 for startAsFollower
2019-09-20 10:24:25,866 [pool-167-thread-1] INFO  server.RaftServerConfigKeys (ConfUtils.java:logGet(43)) - raft.server.log.preallocated.size = 16384 (custom)
2019-09-20 10:24:25,866 [pool-189-thread-1] INFO  impl.RoleInfo (RoleInfo.java:updateAndGet(143)) - 468be06f-55e9-4831-ba6b-3db017451a79: start FollowerState
2019-09-20 10:24:25,866 [pool-156-thread-1] INFO  server.RaftServerConfigKeys (ConfUtils.java:logGet(43)) - raft.server.log.segment.size.max = 1048576 (custom)
2019-09-20 10:24:25,866 [pool-167-thread-1] INFO  server.RaftServerConfigKeys (ConfUtils.java:logGet(43)) - raft.server.log.write.buffer.size = 33554432 (custom)
2019-09-20 10:24:25,867 [pool-189-thread-1] INFO  util.JmxRegister (JmxRegister.java:tryRegister(44)) - Successfully registered JMX Bean with object name Ratis:service=RaftServer,group=group-576A86C1D849,id=468be06f-55e9-4831-ba6b-3db017451a79
2019-09-20 10:24:25,867 [pool-156-thread-1] INFO  server.RaftServerConfigKeys (ConfUtils.java:logGet(43)) - raft.server.log.preallocated.size = 16384 (custom)
2019-09-20 10:24:25,867 [pool-156-thread-1] INFO  server.RaftServerConfigKeys (ConfUtils.java:logGet(43)) - raft.server.log.write.buffer.size = 33554432 (custom)
2019-09-20 10:24:25,867 [pool-167-thread-1] INFO  server.RaftServerConfigKeys (ConfUtils.java:logGet(43)) - raft.server.log.force.sync.num = 128 (default)
2019-09-20 10:24:25,867 [pool-156-thread-1] INFO  server.RaftServerConfigKeys (ConfUtils.java:logGet(43)) - raft.server.log.force.sync.num = 128 (default)
2019-09-20 10:24:25,868 [pool-167-thread-1] INFO  server.RaftServerConfigKeys (ConfUtils.java:logGet(43)) - raft.server.log.statemachine.data.sync = true (default)
2019-09-20 10:24:25,868 [pool-156-thread-1] INFO  server.RaftServerConfigKeys (ConfUtils.java:logGet(43)) - raft.server.log.statemachine.data.sync = true (default)
2019-09-20 10:24:25,868 [pool-167-thread-1] INFO  server.RaftServerConfigKeys (ConfUtils.java:logGet(43)) - raft.server.log.statemachine.data.sync.timeout = 10s (default)
2019-09-20 10:24:25,868 [pool-156-thread-1] INFO  server.RaftServerConfigKeys (ConfUtils.java:logGet(43)) - raft.server.log.statemachine.data.sync.timeout = 10s (default)
2019-09-20 10:24:25,868 [pool-167-thread-1] INFO  server.RaftServerConfigKeys (ConfUtils.java:logGet(43)) - raft.server.log.statemachine.data.sync.timeout.retry = -1 (default)
2019-09-20 10:24:25,873 [pool-156-thread-1] INFO  server.RaftServerConfigKeys (ConfUtils.java:logGet(43)) - raft.server.log.statemachine.data.sync.timeout.retry = -1 (default)
2019-09-20 10:24:25,873 [pool-167-thread-1] INFO  server.RaftServerConfigKeys (ConfUtils.java:logGet(43)) - raft.server.log.statemachine.data.caching.enabled = true (custom)
2019-09-20 10:24:25,873 [pool-156-thread-1] INFO  server.RaftServerConfigKeys (ConfUtils.java:logGet(43)) - raft.server.log.statemachine.data.caching.enabled = true (custom)
2019-09-20 10:24:25,874 [pool-167-thread-1] INFO  segmented.SegmentedRaftLogWorker (SegmentedRaftLogWorker.java:lambda$new$0(132)) - 9e03ffa9-cf79-407a-a150-4c035e5aec5e-SegmentedRaftLogWorker:Storage Directory /workdir/hadoop-ozone/integration-test/target/test-dir/MiniOzoneClusterImpl-0561fc2e-9288-4596-b687-0c9fb03504b1/datanode-4/data/ratis/0744cc0d-1490-487c-b826-576a86c1d849: flushIndex: setUnconditionally 0 -> -1
2019-09-20 10:24:25,874 [pool-156-thread-1] INFO  segmented.SegmentedRaftLogWorker (SegmentedRaftLogWorker.java:lambda$new$0(132)) - 6491c372-a595-4104-b3e9-c4f3293baafa-SegmentedRaftLogWorker:Storage Directory /workdir/hadoop-ozone/integration-test/target/test-dir/MiniOzoneClusterImpl-0561fc2e-9288-4596-b687-0c9fb03504b1/datanode-3/data/ratis/0744cc0d-1490-487c-b826-576a86c1d849: flushIndex: setUnconditionally 0 -> -1
2019-09-20 10:24:25,874 [pool-167-thread-1] INFO  server.RaftServerConfigKeys (ConfUtils.java:logGet(43)) - raft.server.snapshot.auto.trigger.enabled = true (custom)
2019-09-20 10:24:25,878 [pool-156-thread-1] INFO  server.RaftServerConfigKeys (ConfUtils.java:logGet(43)) - raft.server.snapshot.auto.trigger.enabled = true (custom)
2019-09-20 10:24:25,878 [pool-167-thread-1] INFO  server.RaftServerConfigKeys (ConfUtils.java:logGet(43)) - raft.server.snapshot.auto.trigger.threshold = 10000 (custom)
2019-09-20 10:24:25,879 [pool-156-thread-1] INFO  server.RaftServerConfigKeys (ConfUtils.java:logGet(43)) - raft.server.snapshot.auto.trigger.threshold = 10000 (custom)
2019-09-20 10:24:25,879 [pool-167-thread-1] INFO  server.RaftServerConfigKeys (ConfUtils.java:logGet(43)) - raft.server.retrycache.expirytime = 600000ms (custom)
2019-09-20 10:24:25,879 [pool-156-thread-1] INFO  server.RaftServerConfigKeys (ConfUtils.java:logGet(43)) - raft.server.retrycache.expirytime = 600000ms (custom)
2019-09-20 10:24:25,879 [pool-167-thread-1] INFO  impl.RaftServerImpl (RaftServerImpl.java:start(180)) - 9e03ffa9-cf79-407a-a150-4c035e5aec5e: start group-576A86C1D849
2019-09-20 10:24:25,879 [pool-156-thread-1] INFO  impl.RaftServerImpl (RaftServerImpl.java:start(180)) - 6491c372-a595-4104-b3e9-c4f3293baafa: start group-576A86C1D849
2019-09-20 10:24:25,879 [pool-167-thread-1] INFO  impl.RaftServerImpl (RaftServerImpl.java:setRole(171)) - 9e03ffa9-cf79-407a-a150-4c035e5aec5e:group-576A86C1D849 changes role from null to FOLLOWER at term 0 for startAsFollower
2019-09-20 10:24:25,879 [pool-156-thread-1] INFO  impl.RaftServerImpl (RaftServerImpl.java:setRole(171)) - 6491c372-a595-4104-b3e9-c4f3293baafa:group-576A86C1D849 changes role from null to FOLLOWER at term 0 for startAsFollower
2019-09-20 10:24:25,880 [pool-167-thread-1] INFO  impl.RoleInfo (RoleInfo.java:updateAndGet(143)) - 9e03ffa9-cf79-407a-a150-4c035e5aec5e: start FollowerState
2019-09-20 10:24:25,880 [pool-156-thread-1] INFO  impl.RoleInfo (RoleInfo.java:updateAndGet(143)) - 6491c372-a595-4104-b3e9-c4f3293baafa: start FollowerState
2019-09-20 10:24:25,880 [pool-167-thread-1] INFO  util.JmxRegister (JmxRegister.java:tryRegister(44)) - Successfully registered JMX Bean with object name Ratis:service=RaftServer,group=group-576A86C1D849,id=9e03ffa9-cf79-407a-a150-4c035e5aec5e
2019-09-20 10:24:25,880 [pool-156-thread-1] INFO  util.JmxRegister (JmxRegister.java:tryRegister(44)) - Successfully registered JMX Bean with object name Ratis:service=RaftServer,group=group-576A86C1D849,id=6491c372-a595-4104-b3e9-c4f3293baafa
2019-09-20 10:24:25,889 [IPC Server handler 3 on 45540] INFO  pipeline.PipelineStateManager (PipelineStateManager.java:addPipeline(56)) - Created pipeline Pipeline[ Id: 0744cc0d-1490-487c-b826-576a86c1d849, Nodes: 9e03ffa9-cf79-407a-a150-4c035e5aec5e{ip: 192.168.36.99, host: pr-hdds-1569-p5fx8-1226042367, networkLocation: /default-rack, certSerialId: null}6491c372-a595-4104-b3e9-c4f3293baafa{ip: 192.168.36.99, host: pr-hdds-1569-p5fx8-1226042367, networkLocation: /default-rack, certSerialId: null}468be06f-55e9-4831-ba6b-3db017451a79{ip: 192.168.36.99, host: pr-hdds-1569-p5fx8-1226042367, networkLocation: /default-rack, certSerialId: null}, Type:RATIS, Factor:THREE, State:OPEN]
2019-09-20 10:24:25,893 [RatisPipelineUtilsThread] INFO  pipeline.PipelinePlacementPolicy (PipelinePlacementPolicy.java:meetCriteria(91)) - Pipeline Placement: Doesn't meet the criteria to be viable node： 54207fe5-d92c-4c2e-b058-fbae630dabef Heaviness: 6 limit: 5
2019-09-20 10:24:25,894 [RatisPipelineUtilsThread] INFO  pipeline.PipelinePlacementPolicy (PipelinePlacementPolicy.java:meetCriteria(91)) - Pipeline Placement: Doesn't meet the criteria to be viable node： 6491c372-a595-4104-b3e9-c4f3293baafa Heaviness: 6 limit: 5
2019-09-20 10:24:25,894 [RatisPipelineUtilsThread] INFO  pipeline.PipelinePlacementPolicy (PipelinePlacementPolicy.java:meetCriteria(91)) - Pipeline Placement: Doesn't meet the criteria to be viable node： 9e03ffa9-cf79-407a-a150-4c035e5aec5e Heaviness: 6 limit: 5
2019-09-20 10:24:25,894 [RatisPipelineUtilsThread] INFO  pipeline.PipelinePlacementPolicy (PipelinePlacementPolicy.java:meetCriteria(91)) - Pipeline Placement: Doesn't meet the criteria to be viable node： 60260ec1-e192-4b95-89c8-d924d16a77a9 Heaviness: 6 limit: 5
2019-09-20 10:24:25,894 [RatisPipelineUtilsThread] INFO  pipeline.PipelinePlacementPolicy (PipelinePlacementPolicy.java:meetCriteria(91)) - Pipeline Placement: Doesn't meet the criteria to be viable node： d2ed2d9b-7ac7-460e-84f6-6d9d6066f76d Heaviness: 6 limit: 5
2019-09-20 10:24:25,901 [grpc-default-executor-1] INFO  impl.RaftServerProxy (RaftServerProxy.java:addNew(89)) - 19fb8383-7c99-4449-b95c-a26e71717844: addNew group-124B3A00B84C:[19fb8383-7c99-4449-b95c-a26e71717844:192.168.36.99:38491] returns group-124B3A00B84C:java.util.concurrent.CompletableFuture@301e399[Not completed]
2019-09-20 10:24:25,903 [pool-178-thread-1] INFO  impl.RaftServerImpl (RaftServerImpl.java:<init>(93)) - 19fb8383-7c99-4449-b95c-a26e71717844: new RaftServerImpl for group-124B3A00B84C:[19fb8383-7c99-4449-b95c-a26e71717844:192.168.36.99:38491] with ContainerStateMachine:uninitialized
2019-09-20 10:24:25,903 [pool-178-thread-1] INFO  server.RaftServerConfigKeys (ConfUtils.java:logGet(43)) - raft.server.rpc.timeout.min = 5s (custom)
2019-09-20 10:24:25,903 [pool-178-thread-1] INFO  server.RaftServerConfigKeys (ConfUtils.java:logGet(43)) - raft.server.rpc.timeout.max = 5200ms (custom)
2019-09-20 10:24:25,903 [pool-178-thread-1] INFO  server.RaftServerConfigKeys (ConfUtils.java:logGet(43)) - raft.server.rpcslowness.timeout = 120s (custom)
2019-09-20 10:24:25,903 [pool-178-thread-1] INFO  server.RaftServerConfigKeys (ConfUtils.java:logGet(43)) - raft.server.sleep.deviation.threshold = 300 (default)
2019-09-20 10:24:25,904 [pool-178-thread-1] INFO  server.RaftServerConfigKeys (ConfUtils.java:logGet(43)) - raft.server.log.appender.install.snapshot.enabled = false (custom)
2019-09-20 10:24:25,904 [pool-178-thread-1] INFO  impl.RaftServerImpl (ServerState.java:<init>(105)) - 19fb8383-7c99-4449-b95c-a26e71717844:group-124B3A00B84C ConfigurationManager, init=-1: [19fb8383-7c99-4449-b95c-a26e71717844:192.168.36.99:38491], old=null, confs=<EMPTY_MAP>
2019-09-20 10:24:25,904 [pool-178-thread-1] INFO  server.RaftServerConfigKeys (ConfUtils.java:logGet(43)) - raft.server.storage.dir = [/workdir/hadoop-ozone/integration-test/target/test-dir/MiniOzoneClusterImpl-0561fc2e-9288-4596-b687-0c9fb03504b1/datanode-5/data/ratis] (custom)
2019-09-20 10:24:25,904 [pool-178-thread-1] INFO  storage.RaftStorageDirectory (RaftStorageDirectory.java:analyzeStorage(246)) - The storage directory /workdir/hadoop-ozone/integration-test/target/test-dir/MiniOzoneClusterImpl-0561fc2e-9288-4596-b687-0c9fb03504b1/datanode-5/data/ratis/75477411-9667-45b6-ac20-124b3a00b84c does not exist. Creating ...
2019-09-20 10:24:25,943 [pool-178-thread-1] INFO  storage.RaftStorageDirectory (RaftStorageDirectory.java:tryLock(328)) - Lock on /workdir/hadoop-ozone/integration-test/target/test-dir/MiniOzoneClusterImpl-0561fc2e-9288-4596-b687-0c9fb03504b1/datanode-5/data/ratis/75477411-9667-45b6-ac20-124b3a00b84c/in_use.lock acquired by nodename 28506@pr-hdds-1569-p5fx8-1226042367
2019-09-20 10:24:25,971 | INFO  | SCMAudit | user=jenkins1000 | ip=192.168.36.99 | op=SEND_HEARTBEAT {datanodeUUID=60260ec1-e192-4b95-89c8-d924d16a77a9, command=[]} | ret=SUCCESS |  
2019-09-20 10:24:25,985 [pool-178-thread-1] INFO  storage.RaftStorage (RaftStorage.java:format(72)) - Storage directory /workdir/hadoop-ozone/integration-test/target/test-dir/MiniOzoneClusterImpl-0561fc2e-9288-4596-b687-0c9fb03504b1/datanode-5/data/ratis/75477411-9667-45b6-ac20-124b3a00b84c has been successfully formatted.
2019-09-20 10:24:25,985 [pool-178-thread-1] INFO  ratis.ContainerStateMachine (ContainerStateMachine.java:loadSnapshot(226)) - group-124B3A00B84C: The snapshot info is null. Setting the last applied indexto:(t:0, i:~)
2019-09-20 10:24:25,985 [pool-178-thread-1] INFO  server.RaftServerConfigKeys (ConfUtils.java:logGet(43)) - raft.server.leader.election.timeout = 120s (custom)
2019-09-20 10:24:25,986 [pool-178-thread-1] INFO  server.RaftServerConfigKeys (ConfUtils.java:logGet(43)) - raft.server.log.use.memory = false (default)
2019-09-20 10:24:25,986 [pool-178-thread-1] INFO  server.RaftServerConfigKeys (ConfUtils.java:logGet(43)) - raft.server.log.purge.gap = 1000000 (custom)
2019-09-20 10:24:25,986 [pool-178-thread-1] INFO  server.RaftServerConfigKeys (ConfUtils.java:logGet(43)) - raft.server.log.appender.buffer.byte-limit = 33554432 (custom)
2019-09-20 10:24:25,986 [pool-178-thread-1] INFO  server.RaftServerConfigKeys (ConfUtils.java:logGet(43)) - raft.server.log.segment.size.max = 1048576 (custom)
2019-09-20 10:24:25,986 [pool-178-thread-1] INFO  server.RaftServerConfigKeys (ConfUtils.java:logGet(43)) - raft.server.log.segment.cache.num.max = 2 (custom)
2019-09-20 10:24:25,986 [pool-178-thread-1] INFO  segmented.SegmentedRaftLogWorker (SegmentedRaftLogWorker.java:<init>(172)) - new 19fb8383-7c99-4449-b95c-a26e71717844-SegmentedRaftLogWorker:Storage Directory /workdir/hadoop-ozone/integration-test/target/test-dir/MiniOzoneClusterImpl-0561fc2e-9288-4596-b687-0c9fb03504b1/datanode-5/data/ratis/75477411-9667-45b6-ac20-124b3a00b84c for RaftStorage:Storage Directory /workdir/hadoop-ozone/integration-test/target/test-dir/MiniOzoneClusterImpl-0561fc2e-9288-4596-b687-0c9fb03504b1/datanode-5/data/ratis/75477411-9667-45b6-ac20-124b3a00b84c
2019-09-20 10:24:25,987 [pool-178-thread-1] INFO  server.RaftServerConfigKeys (ConfUtils.java:logGet(43)) - raft.server.log.queue.byte-limit = 2147483647 (custom)
2019-09-20 10:24:25,987 [pool-178-thread-1] INFO  server.RaftServerConfigKeys (ConfUtils.java:logGet(43)) - raft.server.log.queue.element-limit = 1024 (custom)
2019-09-20 10:24:25,987 [pool-178-thread-1] INFO  server.RaftServerConfigKeys (ConfUtils.java:logGet(43)) - raft.server.log.segment.size.max = 1048576 (custom)
2019-09-20 10:24:25,987 [pool-178-thread-1] INFO  server.RaftServerConfigKeys (ConfUtils.java:logGet(43)) - raft.server.log.preallocated.size = 16384 (custom)
2019-09-20 10:24:25,987 [pool-178-thread-1] INFO  server.RaftServerConfigKeys (ConfUtils.java:logGet(43)) - raft.server.log.write.buffer.size = 33554432 (custom)
2019-09-20 10:24:25,987 [pool-178-thread-1] INFO  server.RaftServerConfigKeys (ConfUtils.java:logGet(43)) - raft.server.log.force.sync.num = 128 (default)
2019-09-20 10:24:25,987 [pool-178-thread-1] INFO  server.RaftServerConfigKeys (ConfUtils.java:logGet(43)) - raft.server.log.statemachine.data.sync = true (default)
2019-09-20 10:24:25,988 [pool-178-thread-1] INFO  server.RaftServerConfigKeys (ConfUtils.java:logGet(43)) - raft.server.log.statemachine.data.sync.timeout = 10s (default)
2019-09-20 10:24:25,988 [pool-178-thread-1] INFO  server.RaftServerConfigKeys (ConfUtils.java:logGet(43)) - raft.server.log.statemachine.data.sync.timeout.retry = -1 (default)
2019-09-20 10:24:25,988 [pool-178-thread-1] INFO  server.RaftServerConfigKeys (ConfUtils.java:logGet(43)) - raft.server.log.statemachine.data.caching.enabled = true (custom)
2019-09-20 10:24:25,988 [pool-178-thread-1] INFO  segmented.SegmentedRaftLogWorker (SegmentedRaftLogWorker.java:lambda$new$0(132)) - 19fb8383-7c99-4449-b95c-a26e71717844-SegmentedRaftLogWorker:Storage Directory /workdir/hadoop-ozone/integration-test/target/test-dir/MiniOzoneClusterImpl-0561fc2e-9288-4596-b687-0c9fb03504b1/datanode-5/data/ratis/75477411-9667-45b6-ac20-124b3a00b84c: flushIndex: setUnconditionally 0 -> -1
2019-09-20 10:24:25,989 [pool-178-thread-1] INFO  server.RaftServerConfigKeys (ConfUtils.java:logGet(43)) - raft.server.snapshot.auto.trigger.enabled = true (custom)
2019-09-20 10:24:25,989 [pool-178-thread-1] INFO  server.RaftServerConfigKeys (ConfUtils.java:logGet(43)) - raft.server.snapshot.auto.trigger.threshold = 10000 (custom)
2019-09-20 10:24:25,989 [pool-178-thread-1] INFO  server.RaftServerConfigKeys (ConfUtils.java:logGet(43)) - raft.server.retrycache.expirytime = 600000ms (custom)
2019-09-20 10:24:25,989 [pool-178-thread-1] INFO  impl.RaftServerImpl (RaftServerImpl.java:start(180)) - 19fb8383-7c99-4449-b95c-a26e71717844: start group-124B3A00B84C
2019-09-20 10:24:25,989 [pool-178-thread-1] INFO  impl.RaftServerImpl (RaftServerImpl.java:setRole(171)) - 19fb8383-7c99-4449-b95c-a26e71717844:group-124B3A00B84C changes role from null to FOLLOWER at term 0 for startAsFollower
2019-09-20 10:24:25,990 [pool-178-thread-1] INFO  impl.RoleInfo (RoleInfo.java:updateAndGet(143)) - 19fb8383-7c99-4449-b95c-a26e71717844: start FollowerState
2019-09-20 10:24:25,990 [pool-178-thread-1] INFO  util.JmxRegister (JmxRegister.java:tryRegister(44)) - Successfully registered JMX Bean with object name Ratis:service=RaftServer,group=group-124B3A00B84C,id=19fb8383-7c99-4449-b95c-a26e71717844
2019-09-20 10:24:25,991 [Thread-683] INFO  container.ReplicationManager (ReplicationManager.java:start(151)) - Starting Replication Monitor Thread.
2019-09-20 10:24:25,998 [RatisPipelineUtilsThread] INFO  pipeline.PipelineStateManager (PipelineStateManager.java:addPipeline(56)) - Created pipeline Pipeline[ Id: 75477411-9667-45b6-ac20-124b3a00b84c, Nodes: 19fb8383-7c99-4449-b95c-a26e71717844{ip: 192.168.36.99, host: pr-hdds-1569-p5fx8-1226042367, networkLocation: /default-rack, certSerialId: null}, Type:RATIS, Factor:ONE, State:OPEN]
2019-09-20 10:24:25,998 [RatisPipelineUtilsThread] INFO  pipeline.PipelinePlacementPolicy (PipelinePlacementPolicy.java:meetCriteria(91)) - Pipeline Placement: Doesn't meet the criteria to be viable node： 54207fe5-d92c-4c2e-b058-fbae630dabef Heaviness: 6 limit: 5
2019-09-20 10:24:25,998 [RatisPipelineUtilsThread] INFO  pipeline.PipelinePlacementPolicy (PipelinePlacementPolicy.java:meetCriteria(91)) - Pipeline Placement: Doesn't meet the criteria to be viable node： 6491c372-a595-4104-b3e9-c4f3293baafa Heaviness: 6 limit: 5
2019-09-20 10:24:25,999 [RatisPipelineUtilsThread] INFO  pipeline.PipelinePlacementPolicy (PipelinePlacementPolicy.java:meetCriteria(91)) - Pipeline Placement: Doesn't meet the criteria to be viable node： 9e03ffa9-cf79-407a-a150-4c035e5aec5e Heaviness: 6 limit: 5
2019-09-20 10:24:25,999 [RatisPipelineUtilsThread] INFO  pipeline.PipelinePlacementPolicy (PipelinePlacementPolicy.java:meetCriteria(91)) - Pipeline Placement: Doesn't meet the criteria to be viable node： 60260ec1-e192-4b95-89c8-d924d16a77a9 Heaviness: 6 limit: 5
2019-09-20 10:24:25,999 [RatisPipelineUtilsThread] INFO  pipeline.PipelinePlacementPolicy (PipelinePlacementPolicy.java:meetCriteria(91)) - Pipeline Placement: Doesn't meet the criteria to be viable node： d2ed2d9b-7ac7-460e-84f6-6d9d6066f76d Heaviness: 6 limit: 5
2019-09-20 10:24:26,005 [grpc-default-executor-1] INFO  impl.RaftServerProxy (RaftServerProxy.java:addNew(89)) - 468be06f-55e9-4831-ba6b-3db017451a79: addNew group-36E8E47C374C:[468be06f-55e9-4831-ba6b-3db017451a79:192.168.36.99:34815] returns group-36E8E47C374C:java.util.concurrent.CompletableFuture@52562867[Not completed]
2019-09-20 10:24:26,006 [pool-189-thread-1] INFO  impl.RaftServerImpl (RaftServerImpl.java:<init>(93)) - 468be06f-55e9-4831-ba6b-3db017451a79: new RaftServerImpl for group-36E8E47C374C:[468be06f-55e9-4831-ba6b-3db017451a79:192.168.36.99:34815] with ContainerStateMachine:uninitialized
2019-09-20 10:24:26,006 [pool-189-thread-1] INFO  server.RaftServerConfigKeys (ConfUtils.java:logGet(43)) - raft.server.rpc.timeout.min = 5s (custom)
2019-09-20 10:24:26,006 [pool-189-thread-1] INFO  server.RaftServerConfigKeys (ConfUtils.java:logGet(43)) - raft.server.rpc.timeout.max = 5200ms (custom)
2019-09-20 10:24:26,007 [pool-189-thread-1] INFO  server.RaftServerConfigKeys (ConfUtils.java:logGet(43)) - raft.server.rpcslowness.timeout = 120s (custom)
2019-09-20 10:24:26,007 [pool-189-thread-1] INFO  server.RaftServerConfigKeys (ConfUtils.java:logGet(43)) - raft.server.sleep.deviation.threshold = 300 (default)
2019-09-20 10:24:26,007 [pool-189-thread-1] INFO  server.RaftServerConfigKeys (ConfUtils.java:logGet(43)) - raft.server.log.appender.install.snapshot.enabled = false (custom)
2019-09-20 10:24:26,007 [pool-189-thread-1] INFO  impl.RaftServerImpl (ServerState.java:<init>(105)) - 468be06f-55e9-4831-ba6b-3db017451a79:group-36E8E47C374C ConfigurationManager, init=-1: [468be06f-55e9-4831-ba6b-3db017451a79:192.168.36.99:34815], old=null, confs=<EMPTY_MAP>
2019-09-20 10:24:26,007 [pool-189-thread-1] INFO  server.RaftServerConfigKeys (ConfUtils.java:logGet(43)) - raft.server.storage.dir = [/workdir/hadoop-ozone/integration-test/target/test-dir/MiniOzoneClusterImpl-0561fc2e-9288-4596-b687-0c9fb03504b1/datanode-6/data/ratis] (custom)
2019-09-20 10:24:26,008 [pool-189-thread-1] INFO  storage.RaftStorageDirectory (RaftStorageDirectory.java:analyzeStorage(246)) - The storage directory /workdir/hadoop-ozone/integration-test/target/test-dir/MiniOzoneClusterImpl-0561fc2e-9288-4596-b687-0c9fb03504b1/datanode-6/data/ratis/ad363414-f75a-4744-b572-36e8e47c374c does not exist. Creating ...
2019-09-20 10:24:26,023 | INFO  | SCMAudit | user=jenkins1000 | ip=192.168.36.99 | op=SEND_HEARTBEAT {datanodeUUID=9e03ffa9-cf79-407a-a150-4c035e5aec5e, command=[]} | ret=SUCCESS |  
2019-09-20 10:24:26,052 [pool-189-thread-1] INFO  storage.RaftStorageDirectory (RaftStorageDirectory.java:tryLock(328)) - Lock on /workdir/hadoop-ozone/integration-test/target/test-dir/MiniOzoneClusterImpl-0561fc2e-9288-4596-b687-0c9fb03504b1/datanode-6/data/ratis/ad363414-f75a-4744-b572-36e8e47c374c/in_use.lock acquired by nodename 28506@pr-hdds-1569-p5fx8-1226042367
2019-09-20 10:24:26,086 [pool-189-thread-1] INFO  storage.RaftStorage (RaftStorage.java:format(72)) - Storage directory /workdir/hadoop-ozone/integration-test/target/test-dir/MiniOzoneClusterImpl-0561fc2e-9288-4596-b687-0c9fb03504b1/datanode-6/data/ratis/ad363414-f75a-4744-b572-36e8e47c374c has been successfully formatted.
2019-09-20 10:24:26,086 [pool-189-thread-1] INFO  ratis.ContainerStateMachine (ContainerStateMachine.java:loadSnapshot(226)) - group-36E8E47C374C: The snapshot info is null. Setting the last applied indexto:(t:0, i:~)
2019-09-20 10:24:26,086 [pool-189-thread-1] INFO  server.RaftServerConfigKeys (ConfUtils.java:logGet(43)) - raft.server.leader.election.timeout = 120s (custom)
2019-09-20 10:24:26,086 [pool-189-thread-1] INFO  server.RaftServerConfigKeys (ConfUtils.java:logGet(43)) - raft.server.log.use.memory = false (default)
2019-09-20 10:24:26,086 [pool-189-thread-1] INFO  server.RaftServerConfigKeys (ConfUtils.java:logGet(43)) - raft.server.log.purge.gap = 1000000 (custom)
2019-09-20 10:24:26,086 [pool-189-thread-1] INFO  server.RaftServerConfigKeys (ConfUtils.java:logGet(43)) - raft.server.log.appender.buffer.byte-limit = 33554432 (custom)
2019-09-20 10:24:26,087 [pool-189-thread-1] INFO  server.RaftServerConfigKeys (ConfUtils.java:logGet(43)) - raft.server.log.segment.size.max = 1048576 (custom)
2019-09-20 10:24:26,087 [pool-189-thread-1] INFO  server.RaftServerConfigKeys (ConfUtils.java:logGet(43)) - raft.server.log.segment.cache.num.max = 2 (custom)
2019-09-20 10:24:26,087 [pool-189-thread-1] INFO  segmented.SegmentedRaftLogWorker (SegmentedRaftLogWorker.java:<init>(172)) - new 468be06f-55e9-4831-ba6b-3db017451a79-SegmentedRaftLogWorker:Storage Directory /workdir/hadoop-ozone/integration-test/target/test-dir/MiniOzoneClusterImpl-0561fc2e-9288-4596-b687-0c9fb03504b1/datanode-6/data/ratis/ad363414-f75a-4744-b572-36e8e47c374c for RaftStorage:Storage Directory /workdir/hadoop-ozone/integration-test/target/test-dir/MiniOzoneClusterImpl-0561fc2e-9288-4596-b687-0c9fb03504b1/datanode-6/data/ratis/ad363414-f75a-4744-b572-36e8e47c374c
2019-09-20 10:24:26,087 [pool-189-thread-1] INFO  server.RaftServerConfigKeys (ConfUtils.java:logGet(43)) - raft.server.log.queue.byte-limit = 2147483647 (custom)
2019-09-20 10:24:26,087 [pool-189-thread-1] INFO  server.RaftServerConfigKeys (ConfUtils.java:logGet(43)) - raft.server.log.queue.element-limit = 1024 (custom)
2019-09-20 10:24:26,087 [pool-189-thread-1] INFO  server.RaftServerConfigKeys (ConfUtils.java:logGet(43)) - raft.server.log.segment.size.max = 1048576 (custom)
2019-09-20 10:24:26,088 [pool-189-thread-1] INFO  server.RaftServerConfigKeys (ConfUtils.java:logGet(43)) - raft.server.log.preallocated.size = 16384 (custom)
2019-09-20 10:24:26,088 [pool-189-thread-1] INFO  server.RaftServerConfigKeys (ConfUtils.java:logGet(43)) - raft.server.log.write.buffer.size = 33554432 (custom)
2019-09-20 10:24:26,088 [pool-189-thread-1] INFO  server.RaftServerConfigKeys (ConfUtils.java:logGet(43)) - raft.server.log.force.sync.num = 128 (default)
2019-09-20 10:24:26,088 [pool-189-thread-1] INFO  server.RaftServerConfigKeys (ConfUtils.java:logGet(43)) - raft.server.log.statemachine.data.sync = true (default)
2019-09-20 10:24:26,088 [pool-189-thread-1] INFO  server.RaftServerConfigKeys (ConfUtils.java:logGet(43)) - raft.server.log.statemachine.data.sync.timeout = 10s (default)
2019-09-20 10:24:26,089 [pool-189-thread-1] INFO  server.RaftServerConfigKeys (ConfUtils.java:logGet(43)) - raft.server.log.statemachine.data.sync.timeout.retry = -1 (default)
2019-09-20 10:24:26,089 [pool-189-thread-1] INFO  server.RaftServerConfigKeys (ConfUtils.java:logGet(43)) - raft.server.log.statemachine.data.caching.enabled = true (custom)
2019-09-20 10:24:26,089 [pool-189-thread-1] INFO  segmented.SegmentedRaftLogWorker (SegmentedRaftLogWorker.java:lambda$new$0(132)) - 468be06f-55e9-4831-ba6b-3db017451a79-SegmentedRaftLogWorker:Storage Directory /workdir/hadoop-ozone/integration-test/target/test-dir/MiniOzoneClusterImpl-0561fc2e-9288-4596-b687-0c9fb03504b1/datanode-6/data/ratis/ad363414-f75a-4744-b572-36e8e47c374c: flushIndex: setUnconditionally 0 -> -1
2019-09-20 10:24:26,089 [pool-189-thread-1] INFO  server.RaftServerConfigKeys (ConfUtils.java:logGet(43)) - raft.server.snapshot.auto.trigger.enabled = true (custom)
2019-09-20 10:24:26,090 [pool-189-thread-1] INFO  server.RaftServerConfigKeys (ConfUtils.java:logGet(43)) - raft.server.snapshot.auto.trigger.threshold = 10000 (custom)
2019-09-20 10:24:26,090 [pool-189-thread-1] INFO  server.RaftServerConfigKeys (ConfUtils.java:logGet(43)) - raft.server.retrycache.expirytime = 600000ms (custom)
2019-09-20 10:24:26,090 [pool-189-thread-1] INFO  impl.RaftServerImpl (RaftServerImpl.java:start(180)) - 468be06f-55e9-4831-ba6b-3db017451a79: start group-36E8E47C374C
2019-09-20 10:24:26,090 [pool-189-thread-1] INFO  impl.RaftServerImpl (RaftServerImpl.java:setRole(171)) - 468be06f-55e9-4831-ba6b-3db017451a79:group-36E8E47C374C changes role from null to FOLLOWER at term 0 for startAsFollower
2019-09-20 10:24:26,090 [pool-189-thread-1] INFO  impl.RoleInfo (RoleInfo.java:updateAndGet(143)) - 468be06f-55e9-4831-ba6b-3db017451a79: start FollowerState
2019-09-20 10:24:26,091 [pool-189-thread-1] INFO  util.JmxRegister (JmxRegister.java:tryRegister(44)) - Successfully registered JMX Bean with object name Ratis:service=RaftServer,group=group-36E8E47C374C,id=468be06f-55e9-4831-ba6b-3db017451a79
2019-09-20 10:24:26,094 [RatisPipelineUtilsThread] INFO  pipeline.PipelineStateManager (PipelineStateManager.java:addPipeline(56)) - Created pipeline Pipeline[ Id: ad363414-f75a-4744-b572-36e8e47c374c, Nodes: 468be06f-55e9-4831-ba6b-3db017451a79{ip: 192.168.36.99, host: pr-hdds-1569-p5fx8-1226042367, networkLocation: /default-rack, certSerialId: null}, Type:RATIS, Factor:ONE, State:OPEN]
2019-09-20 10:24:26,094 [RatisPipelineUtilsThread] INFO  pipeline.PipelinePlacementPolicy (PipelinePlacementPolicy.java:meetCriteria(91)) - Pipeline Placement: Doesn't meet the criteria to be viable node： 54207fe5-d92c-4c2e-b058-fbae630dabef Heaviness: 6 limit: 5
2019-09-20 10:24:26,094 [RatisPipelineUtilsThread] INFO  pipeline.PipelinePlacementPolicy (PipelinePlacementPolicy.java:meetCriteria(91)) - Pipeline Placement: Doesn't meet the criteria to be viable node： 6491c372-a595-4104-b3e9-c4f3293baafa Heaviness: 6 limit: 5
2019-09-20 10:24:26,094 [RatisPipelineUtilsThread] INFO  pipeline.PipelinePlacementPolicy (PipelinePlacementPolicy.java:meetCriteria(91)) - Pipeline Placement: Doesn't meet the criteria to be viable node： 9e03ffa9-cf79-407a-a150-4c035e5aec5e Heaviness: 6 limit: 5
2019-09-20 10:24:26,095 [RatisPipelineUtilsThread] INFO  pipeline.PipelinePlacementPolicy (PipelinePlacementPolicy.java:meetCriteria(91)) - Pipeline Placement: Doesn't meet the criteria to be viable node： 60260ec1-e192-4b95-89c8-d924d16a77a9 Heaviness: 6 limit: 5
2019-09-20 10:24:26,095 [RatisPipelineUtilsThread] INFO  pipeline.PipelinePlacementPolicy (PipelinePlacementPolicy.java:meetCriteria(91)) - Pipeline Placement: Doesn't meet the criteria to be viable node： d2ed2d9b-7ac7-460e-84f6-6d9d6066f76d Heaviness: 6 limit: 5
2019-09-20 10:24:26,100 [grpc-default-executor-1] INFO  impl.RaftServerProxy (RaftServerProxy.java:addNew(89)) - 19fb8383-7c99-4449-b95c-a26e71717844: addNew group-A8248DCF4B58:[19fb8383-7c99-4449-b95c-a26e71717844:192.168.36.99:38491] returns group-A8248DCF4B58:java.util.concurrent.CompletableFuture@48a9f498[Not completed]
2019-09-20 10:24:26,102 [pool-178-thread-1] INFO  impl.RaftServerImpl (RaftServerImpl.java:<init>(93)) - 19fb8383-7c99-4449-b95c-a26e71717844: new RaftServerImpl for group-A8248DCF4B58:[19fb8383-7c99-4449-b95c-a26e71717844:192.168.36.99:38491] with ContainerStateMachine:uninitialized
2019-09-20 10:24:26,102 [pool-178-thread-1] INFO  server.RaftServerConfigKeys (ConfUtils.java:logGet(43)) - raft.server.rpc.timeout.min = 5s (custom)
2019-09-20 10:24:26,102 [pool-178-thread-1] INFO  server.RaftServerConfigKeys (ConfUtils.java:logGet(43)) - raft.server.rpc.timeout.max = 5200ms (custom)
2019-09-20 10:24:26,102 [pool-178-thread-1] INFO  server.RaftServerConfigKeys (ConfUtils.java:logGet(43)) - raft.server.rpcslowness.timeout = 120s (custom)
2019-09-20 10:24:26,102 [pool-178-thread-1] INFO  server.RaftServerConfigKeys (ConfUtils.java:logGet(43)) - raft.server.sleep.deviation.threshold = 300 (default)
2019-09-20 10:24:26,102 [pool-178-thread-1] INFO  server.RaftServerConfigKeys (ConfUtils.java:logGet(43)) - raft.server.log.appender.install.snapshot.enabled = false (custom)
2019-09-20 10:24:26,103 [pool-178-thread-1] INFO  impl.RaftServerImpl (ServerState.java:<init>(105)) - 19fb8383-7c99-4449-b95c-a26e71717844:group-A8248DCF4B58 ConfigurationManager, init=-1: [19fb8383-7c99-4449-b95c-a26e71717844:192.168.36.99:38491], old=null, confs=<EMPTY_MAP>
2019-09-20 10:24:26,103 [pool-178-thread-1] INFO  server.RaftServerConfigKeys (ConfUtils.java:logGet(43)) - raft.server.storage.dir = [/workdir/hadoop-ozone/integration-test/target/test-dir/MiniOzoneClusterImpl-0561fc2e-9288-4596-b687-0c9fb03504b1/datanode-5/data/ratis] (custom)
2019-09-20 10:24:26,103 [pool-178-thread-1] INFO  storage.RaftStorageDirectory (RaftStorageDirectory.java:analyzeStorage(246)) - The storage directory /workdir/hadoop-ozone/integration-test/target/test-dir/MiniOzoneClusterImpl-0561fc2e-9288-4596-b687-0c9fb03504b1/datanode-5/data/ratis/38d2f8f5-950e-4037-9fb1-a8248dcf4b58 does not exist. Creating ...
2019-09-20 10:24:26,127 [pool-178-thread-1] INFO  storage.RaftStorageDirectory (RaftStorageDirectory.java:tryLock(328)) - Lock on /workdir/hadoop-ozone/integration-test/target/test-dir/MiniOzoneClusterImpl-0561fc2e-9288-4596-b687-0c9fb03504b1/datanode-5/data/ratis/38d2f8f5-950e-4037-9fb1-a8248dcf4b58/in_use.lock acquired by nodename 28506@pr-hdds-1569-p5fx8-1226042367
2019-09-20 10:24:26,178 [pool-178-thread-1] INFO  storage.RaftStorage (RaftStorage.java:format(72)) - Storage directory /workdir/hadoop-ozone/integration-test/target/test-dir/MiniOzoneClusterImpl-0561fc2e-9288-4596-b687-0c9fb03504b1/datanode-5/data/ratis/38d2f8f5-950e-4037-9fb1-a8248dcf4b58 has been successfully formatted.
2019-09-20 10:24:26,178 [pool-178-thread-1] INFO  ratis.ContainerStateMachine (ContainerStateMachine.java:loadSnapshot(226)) - group-A8248DCF4B58: The snapshot info is null. Setting the last applied indexto:(t:0, i:~)
2019-09-20 10:24:26,178 [pool-178-thread-1] INFO  server.RaftServerConfigKeys (ConfUtils.java:logGet(43)) - raft.server.leader.election.timeout = 120s (custom)
2019-09-20 10:24:26,179 [pool-178-thread-1] INFO  server.RaftServerConfigKeys (ConfUtils.java:logGet(43)) - raft.server.log.use.memory = false (default)
2019-09-20 10:24:26,179 [pool-178-thread-1] INFO  server.RaftServerConfigKeys (ConfUtils.java:logGet(43)) - raft.server.log.purge.gap = 1000000 (custom)
2019-09-20 10:24:26,179 [pool-178-thread-1] INFO  server.RaftServerConfigKeys (ConfUtils.java:logGet(43)) - raft.server.log.appender.buffer.byte-limit = 33554432 (custom)
2019-09-20 10:24:26,179 [pool-178-thread-1] INFO  server.RaftServerConfigKeys (ConfUtils.java:logGet(43)) - raft.server.log.segment.size.max = 1048576 (custom)
2019-09-20 10:24:26,179 [pool-178-thread-1] INFO  server.RaftServerConfigKeys (ConfUtils.java:logGet(43)) - raft.server.log.segment.cache.num.max = 2 (custom)
2019-09-20 10:24:26,180 [pool-178-thread-1] INFO  segmented.SegmentedRaftLogWorker (SegmentedRaftLogWorker.java:<init>(172)) - new 19fb8383-7c99-4449-b95c-a26e71717844-SegmentedRaftLogWorker:Storage Directory /workdir/hadoop-ozone/integration-test/target/test-dir/MiniOzoneClusterImpl-0561fc2e-9288-4596-b687-0c9fb03504b1/datanode-5/data/ratis/38d2f8f5-950e-4037-9fb1-a8248dcf4b58 for RaftStorage:Storage Directory /workdir/hadoop-ozone/integration-test/target/test-dir/MiniOzoneClusterImpl-0561fc2e-9288-4596-b687-0c9fb03504b1/datanode-5/data/ratis/38d2f8f5-950e-4037-9fb1-a8248dcf4b58
2019-09-20 10:24:26,180 [pool-178-thread-1] INFO  server.RaftServerConfigKeys (ConfUtils.java:logGet(43)) - raft.server.log.queue.byte-limit = 2147483647 (custom)
2019-09-20 10:24:26,180 [pool-178-thread-1] INFO  server.RaftServerConfigKeys (ConfUtils.java:logGet(43)) - raft.server.log.queue.element-limit = 1024 (custom)
2019-09-20 10:24:26,180 [pool-178-thread-1] INFO  server.RaftServerConfigKeys (ConfUtils.java:logGet(43)) - raft.server.log.segment.size.max = 1048576 (custom)
2019-09-20 10:24:26,180 [pool-178-thread-1] INFO  server.RaftServerConfigKeys (ConfUtils.java:logGet(43)) - raft.server.log.preallocated.size = 16384 (custom)
2019-09-20 10:24:26,180 [pool-178-thread-1] INFO  server.RaftServerConfigKeys (ConfUtils.java:logGet(43)) - raft.server.log.write.buffer.size = 33554432 (custom)
2019-09-20 10:24:26,181 [pool-178-thread-1] INFO  server.RaftServerConfigKeys (ConfUtils.java:logGet(43)) - raft.server.log.force.sync.num = 128 (default)
2019-09-20 10:24:26,181 [pool-178-thread-1] INFO  server.RaftServerConfigKeys (ConfUtils.java:logGet(43)) - raft.server.log.statemachine.data.sync = true (default)
2019-09-20 10:24:26,181 [pool-178-thread-1] INFO  server.RaftServerConfigKeys (ConfUtils.java:logGet(43)) - raft.server.log.statemachine.data.sync.timeout = 10s (default)
2019-09-20 10:24:26,181 [pool-178-thread-1] INFO  server.RaftServerConfigKeys (ConfUtils.java:logGet(43)) - raft.server.log.statemachine.data.sync.timeout.retry = -1 (default)
2019-09-20 10:24:26,181 [pool-178-thread-1] INFO  server.RaftServerConfigKeys (ConfUtils.java:logGet(43)) - raft.server.log.statemachine.data.caching.enabled = true (custom)
2019-09-20 10:24:26,182 [pool-178-thread-1] INFO  segmented.SegmentedRaftLogWorker (SegmentedRaftLogWorker.java:lambda$new$0(132)) - 19fb8383-7c99-4449-b95c-a26e71717844-SegmentedRaftLogWorker:Storage Directory /workdir/hadoop-ozone/integration-test/target/test-dir/MiniOzoneClusterImpl-0561fc2e-9288-4596-b687-0c9fb03504b1/datanode-5/data/ratis/38d2f8f5-950e-4037-9fb1-a8248dcf4b58: flushIndex: setUnconditionally 0 -> -1
2019-09-20 10:24:26,182 [pool-178-thread-1] INFO  server.RaftServerConfigKeys (ConfUtils.java:logGet(43)) - raft.server.snapshot.auto.trigger.enabled = true (custom)
2019-09-20 10:24:26,182 [pool-178-thread-1] INFO  server.RaftServerConfigKeys (ConfUtils.java:logGet(43)) - raft.server.snapshot.auto.trigger.threshold = 10000 (custom)
2019-09-20 10:24:26,183 [pool-178-thread-1] INFO  server.RaftServerConfigKeys (ConfUtils.java:logGet(43)) - raft.server.retrycache.expirytime = 600000ms (custom)
2019-09-20 10:24:26,183 [pool-178-thread-1] INFO  impl.RaftServerImpl (RaftServerImpl.java:start(180)) - 19fb8383-7c99-4449-b95c-a26e71717844: start group-A8248DCF4B58
2019-09-20 10:24:26,183 [pool-178-thread-1] INFO  impl.RaftServerImpl (RaftServerImpl.java:setRole(171)) - 19fb8383-7c99-4449-b95c-a26e71717844:group-A8248DCF4B58 changes role from null to FOLLOWER at term 0 for startAsFollower
2019-09-20 10:24:26,183 [pool-178-thread-1] INFO  impl.RoleInfo (RoleInfo.java:updateAndGet(143)) - 19fb8383-7c99-4449-b95c-a26e71717844: start FollowerState
2019-09-20 10:24:26,184 [pool-178-thread-1] INFO  util.JmxRegister (JmxRegister.java:tryRegister(44)) - Successfully registered JMX Bean with object name Ratis:service=RaftServer,group=group-A8248DCF4B58,id=19fb8383-7c99-4449-b95c-a26e71717844
2019-09-20 10:24:26,187 [RatisPipelineUtilsThread] INFO  pipeline.PipelineStateManager (PipelineStateManager.java:addPipeline(56)) - Created pipeline Pipeline[ Id: 38d2f8f5-950e-4037-9fb1-a8248dcf4b58, Nodes: 19fb8383-7c99-4449-b95c-a26e71717844{ip: 192.168.36.99, host: pr-hdds-1569-p5fx8-1226042367, networkLocation: /default-rack, certSerialId: null}, Type:RATIS, Factor:ONE, State:OPEN]
2019-09-20 10:24:26,187 [RatisPipelineUtilsThread] INFO  pipeline.PipelinePlacementPolicy (PipelinePlacementPolicy.java:meetCriteria(91)) - Pipeline Placement: Doesn't meet the criteria to be viable node： 54207fe5-d92c-4c2e-b058-fbae630dabef Heaviness: 6 limit: 5
2019-09-20 10:24:26,187 [RatisPipelineUtilsThread] INFO  pipeline.PipelinePlacementPolicy (PipelinePlacementPolicy.java:meetCriteria(91)) - Pipeline Placement: Doesn't meet the criteria to be viable node： 6491c372-a595-4104-b3e9-c4f3293baafa Heaviness: 6 limit: 5
2019-09-20 10:24:26,188 [RatisPipelineUtilsThread] INFO  pipeline.PipelinePlacementPolicy (PipelinePlacementPolicy.java:meetCriteria(91)) - Pipeline Placement: Doesn't meet the criteria to be viable node： 9e03ffa9-cf79-407a-a150-4c035e5aec5e Heaviness: 6 limit: 5
2019-09-20 10:24:26,188 [RatisPipelineUtilsThread] INFO  pipeline.PipelinePlacementPolicy (PipelinePlacementPolicy.java:meetCriteria(91)) - Pipeline Placement: Doesn't meet the criteria to be viable node： 60260ec1-e192-4b95-89c8-d924d16a77a9 Heaviness: 6 limit: 5
2019-09-20 10:24:26,188 [RatisPipelineUtilsThread] INFO  pipeline.PipelinePlacementPolicy (PipelinePlacementPolicy.java:meetCriteria(91)) - Pipeline Placement: Doesn't meet the criteria to be viable node： d2ed2d9b-7ac7-460e-84f6-6d9d6066f76d Heaviness: 6 limit: 5
2019-09-20 10:24:26,194 [grpc-default-executor-1] INFO  impl.RaftServerProxy (RaftServerProxy.java:addNew(89)) - 468be06f-55e9-4831-ba6b-3db017451a79: addNew group-1DE7C1AB29CF:[468be06f-55e9-4831-ba6b-3db017451a79:192.168.36.99:34815] returns group-1DE7C1AB29CF:java.util.concurrent.CompletableFuture@56189690[Not completed]
2019-09-20 10:24:26,195 [pool-189-thread-1] INFO  impl.RaftServerImpl (RaftServerImpl.java:<init>(93)) - 468be06f-55e9-4831-ba6b-3db017451a79: new RaftServerImpl for group-1DE7C1AB29CF:[468be06f-55e9-4831-ba6b-3db017451a79:192.168.36.99:34815] with ContainerStateMachine:uninitialized
2019-09-20 10:24:26,196 [pool-189-thread-1] INFO  server.RaftServerConfigKeys (ConfUtils.java:logGet(43)) - raft.server.rpc.timeout.min = 5s (custom)
2019-09-20 10:24:26,196 [pool-189-thread-1] INFO  server.RaftServerConfigKeys (ConfUtils.java:logGet(43)) - raft.server.rpc.timeout.max = 5200ms (custom)
2019-09-20 10:24:26,196 [pool-189-thread-1] INFO  server.RaftServerConfigKeys (ConfUtils.java:logGet(43)) - raft.server.rpcslowness.timeout = 120s (custom)
2019-09-20 10:24:26,196 [pool-189-thread-1] INFO  server.RaftServerConfigKeys (ConfUtils.java:logGet(43)) - raft.server.sleep.deviation.threshold = 300 (default)
2019-09-20 10:24:26,196 [pool-189-thread-1] INFO  server.RaftServerConfigKeys (ConfUtils.java:logGet(43)) - raft.server.log.appender.install.snapshot.enabled = false (custom)
2019-09-20 10:24:26,196 [pool-189-thread-1] INFO  impl.RaftServerImpl (ServerState.java:<init>(105)) - 468be06f-55e9-4831-ba6b-3db017451a79:group-1DE7C1AB29CF ConfigurationManager, init=-1: [468be06f-55e9-4831-ba6b-3db017451a79:192.168.36.99:34815], old=null, confs=<EMPTY_MAP>
2019-09-20 10:24:26,197 [pool-189-thread-1] INFO  server.RaftServerConfigKeys (ConfUtils.java:logGet(43)) - raft.server.storage.dir = [/workdir/hadoop-ozone/integration-test/target/test-dir/MiniOzoneClusterImpl-0561fc2e-9288-4596-b687-0c9fb03504b1/datanode-6/data/ratis] (custom)
2019-09-20 10:24:26,197 [pool-189-thread-1] INFO  storage.RaftStorageDirectory (RaftStorageDirectory.java:analyzeStorage(246)) - The storage directory /workdir/hadoop-ozone/integration-test/target/test-dir/MiniOzoneClusterImpl-0561fc2e-9288-4596-b687-0c9fb03504b1/datanode-6/data/ratis/f7c88964-19e5-4ac1-b1cd-1de7c1ab29cf does not exist. Creating ...
2019-09-20 10:24:26,212 [pool-189-thread-1] INFO  storage.RaftStorageDirectory (RaftStorageDirectory.java:tryLock(328)) - Lock on /workdir/hadoop-ozone/integration-test/target/test-dir/MiniOzoneClusterImpl-0561fc2e-9288-4596-b687-0c9fb03504b1/datanode-6/data/ratis/f7c88964-19e5-4ac1-b1cd-1de7c1ab29cf/in_use.lock acquired by nodename 28506@pr-hdds-1569-p5fx8-1226042367
2019-09-20 10:24:26,236 | INFO  | SCMAudit | user=jenkins1000 | ip=192.168.36.99 | op=SEND_HEARTBEAT {datanodeUUID=d2ed2d9b-7ac7-460e-84f6-6d9d6066f76d, command=[]} | ret=SUCCESS |  
2019-09-20 10:24:26,243 | INFO  | SCMAudit | user=jenkins1000 | ip=192.168.36.99 | op=SEND_HEARTBEAT {datanodeUUID=66416d0b-a71c-4af1-ae3a-62ca63b880a3, command=[]} | ret=SUCCESS |  
2019-09-20 10:24:26,244 | INFO  | SCMAudit | user=jenkins1000 | ip=192.168.36.99 | op=SEND_HEARTBEAT {datanodeUUID=c3e532f8-1a8e-44f3-b56b-d765aee893af, command=[]} | ret=SUCCESS |  
2019-09-20 10:24:26,245 [pool-189-thread-1] INFO  storage.RaftStorage (RaftStorage.java:format(72)) - Storage directory /workdir/hadoop-ozone/integration-test/target/test-dir/MiniOzoneClusterImpl-0561fc2e-9288-4596-b687-0c9fb03504b1/datanode-6/data/ratis/f7c88964-19e5-4ac1-b1cd-1de7c1ab29cf has been successfully formatted.
2019-09-20 10:24:26,246 [pool-189-thread-1] INFO  ratis.ContainerStateMachine (ContainerStateMachine.java:loadSnapshot(226)) - group-1DE7C1AB29CF: The snapshot info is null. Setting the last applied indexto:(t:0, i:~)
2019-09-20 10:24:26,246 [pool-189-thread-1] INFO  server.RaftServerConfigKeys (ConfUtils.java:logGet(43)) - raft.server.leader.election.timeout = 120s (custom)
2019-09-20 10:24:26,246 [pool-189-thread-1] INFO  server.RaftServerConfigKeys (ConfUtils.java:logGet(43)) - raft.server.log.use.memory = false (default)
2019-09-20 10:24:26,246 [pool-189-thread-1] INFO  server.RaftServerConfigKeys (ConfUtils.java:logGet(43)) - raft.server.log.purge.gap = 1000000 (custom)
2019-09-20 10:24:26,246 [pool-189-thread-1] INFO  server.RaftServerConfigKeys (ConfUtils.java:logGet(43)) - raft.server.log.appender.buffer.byte-limit = 33554432 (custom)
2019-09-20 10:24:26,246 [pool-189-thread-1] INFO  server.RaftServerConfigKeys (ConfUtils.java:logGet(43)) - raft.server.log.segment.size.max = 1048576 (custom)
2019-09-20 10:24:26,247 [pool-189-thread-1] INFO  server.RaftServerConfigKeys (ConfUtils.java:logGet(43)) - raft.server.log.segment.cache.num.max = 2 (custom)
2019-09-20 10:24:26,247 [pool-189-thread-1] INFO  segmented.SegmentedRaftLogWorker (SegmentedRaftLogWorker.java:<init>(172)) - new 468be06f-55e9-4831-ba6b-3db017451a79-SegmentedRaftLogWorker:Storage Directory /workdir/hadoop-ozone/integration-test/target/test-dir/MiniOzoneClusterImpl-0561fc2e-9288-4596-b687-0c9fb03504b1/datanode-6/data/ratis/f7c88964-19e5-4ac1-b1cd-1de7c1ab29cf for RaftStorage:Storage Directory /workdir/hadoop-ozone/integration-test/target/test-dir/MiniOzoneClusterImpl-0561fc2e-9288-4596-b687-0c9fb03504b1/datanode-6/data/ratis/f7c88964-19e5-4ac1-b1cd-1de7c1ab29cf
2019-09-20 10:24:26,247 [pool-189-thread-1] INFO  server.RaftServerConfigKeys (ConfUtils.java:logGet(43)) - raft.server.log.queue.byte-limit = 2147483647 (custom)
2019-09-20 10:24:26,247 [pool-189-thread-1] INFO  server.RaftServerConfigKeys (ConfUtils.java:logGet(43)) - raft.server.log.queue.element-limit = 1024 (custom)
2019-09-20 10:24:26,247 [pool-189-thread-1] INFO  server.RaftServerConfigKeys (ConfUtils.java:logGet(43)) - raft.server.log.segment.size.max = 1048576 (custom)
2019-09-20 10:24:26,248 [pool-189-thread-1] INFO  server.RaftServerConfigKeys (ConfUtils.java:logGet(43)) - raft.server.log.preallocated.size = 16384 (custom)
2019-09-20 10:24:26,248 [pool-189-thread-1] INFO  server.RaftServerConfigKeys (ConfUtils.java:logGet(43)) - raft.server.log.write.buffer.size = 33554432 (custom)
2019-09-20 10:24:26,248 [pool-189-thread-1] INFO  server.RaftServerConfigKeys (ConfUtils.java:logGet(43)) - raft.server.log.force.sync.num = 128 (default)
2019-09-20 10:24:26,248 [pool-189-thread-1] INFO  server.RaftServerConfigKeys (ConfUtils.java:logGet(43)) - raft.server.log.statemachine.data.sync = true (default)
2019-09-20 10:24:26,248 [pool-189-thread-1] INFO  server.RaftServerConfigKeys (ConfUtils.java:logGet(43)) - raft.server.log.statemachine.data.sync.timeout = 10s (default)
2019-09-20 10:24:26,248 [pool-189-thread-1] INFO  server.RaftServerConfigKeys (ConfUtils.java:logGet(43)) - raft.server.log.statemachine.data.sync.timeout.retry = -1 (default)
2019-09-20 10:24:26,249 [pool-189-thread-1] INFO  server.RaftServerConfigKeys (ConfUtils.java:logGet(43)) - raft.server.log.statemachine.data.caching.enabled = true (custom)
2019-09-20 10:24:26,249 [pool-189-thread-1] INFO  segmented.SegmentedRaftLogWorker (SegmentedRaftLogWorker.java:lambda$new$0(132)) - 468be06f-55e9-4831-ba6b-3db017451a79-SegmentedRaftLogWorker:Storage Directory /workdir/hadoop-ozone/integration-test/target/test-dir/MiniOzoneClusterImpl-0561fc2e-9288-4596-b687-0c9fb03504b1/datanode-6/data/ratis/f7c88964-19e5-4ac1-b1cd-1de7c1ab29cf: flushIndex: setUnconditionally 0 -> -1
2019-09-20 10:24:26,249 [pool-189-thread-1] INFO  server.RaftServerConfigKeys (ConfUtils.java:logGet(43)) - raft.server.snapshot.auto.trigger.enabled = true (custom)
2019-09-20 10:24:26,249 [pool-189-thread-1] INFO  server.RaftServerConfigKeys (ConfUtils.java:logGet(43)) - raft.server.snapshot.auto.trigger.threshold = 10000 (custom)
2019-09-20 10:24:26,250 [pool-189-thread-1] INFO  server.RaftServerConfigKeys (ConfUtils.java:logGet(43)) - raft.server.retrycache.expirytime = 600000ms (custom)
2019-09-20 10:24:26,250 [pool-189-thread-1] INFO  impl.RaftServerImpl (RaftServerImpl.java:start(180)) - 468be06f-55e9-4831-ba6b-3db017451a79: start group-1DE7C1AB29CF
2019-09-20 10:24:26,250 [pool-189-thread-1] INFO  impl.RaftServerImpl (RaftServerImpl.java:setRole(171)) - 468be06f-55e9-4831-ba6b-3db017451a79:group-1DE7C1AB29CF changes role from null to FOLLOWER at term 0 for startAsFollower
2019-09-20 10:24:26,250 [pool-189-thread-1] INFO  impl.RoleInfo (RoleInfo.java:updateAndGet(143)) - 468be06f-55e9-4831-ba6b-3db017451a79: start FollowerState
2019-09-20 10:24:26,251 [pool-189-thread-1] INFO  util.JmxRegister (JmxRegister.java:tryRegister(44)) - Successfully registered JMX Bean with object name Ratis:service=RaftServer,group=group-1DE7C1AB29CF,id=468be06f-55e9-4831-ba6b-3db017451a79
2019-09-20 10:24:26,254 [RatisPipelineUtilsThread] INFO  pipeline.PipelineStateManager (PipelineStateManager.java:addPipeline(56)) - Created pipeline Pipeline[ Id: f7c88964-19e5-4ac1-b1cd-1de7c1ab29cf, Nodes: 468be06f-55e9-4831-ba6b-3db017451a79{ip: 192.168.36.99, host: pr-hdds-1569-p5fx8-1226042367, networkLocation: /default-rack, certSerialId: null}, Type:RATIS, Factor:ONE, State:OPEN]
2019-09-20 10:24:26,254 [RatisPipelineUtilsThread] INFO  pipeline.PipelinePlacementPolicy (PipelinePlacementPolicy.java:meetCriteria(91)) - Pipeline Placement: Doesn't meet the criteria to be viable node： 54207fe5-d92c-4c2e-b058-fbae630dabef Heaviness: 6 limit: 5
2019-09-20 10:24:26,255 [RatisPipelineUtilsThread] INFO  pipeline.PipelinePlacementPolicy (PipelinePlacementPolicy.java:meetCriteria(91)) - Pipeline Placement: Doesn't meet the criteria to be viable node： 6491c372-a595-4104-b3e9-c4f3293baafa Heaviness: 6 limit: 5
2019-09-20 10:24:26,255 [RatisPipelineUtilsThread] INFO  pipeline.PipelinePlacementPolicy (PipelinePlacementPolicy.java:meetCriteria(91)) - Pipeline Placement: Doesn't meet the criteria to be viable node： 9e03ffa9-cf79-407a-a150-4c035e5aec5e Heaviness: 6 limit: 5
2019-09-20 10:24:26,255 [RatisPipelineUtilsThread] INFO  pipeline.PipelinePlacementPolicy (PipelinePlacementPolicy.java:meetCriteria(91)) - Pipeline Placement: Doesn't meet the criteria to be viable node： 60260ec1-e192-4b95-89c8-d924d16a77a9 Heaviness: 6 limit: 5
2019-09-20 10:24:26,255 [RatisPipelineUtilsThread] INFO  pipeline.PipelinePlacementPolicy (PipelinePlacementPolicy.java:meetCriteria(91)) - Pipeline Placement: Doesn't meet the criteria to be viable node： d2ed2d9b-7ac7-460e-84f6-6d9d6066f76d Heaviness: 6 limit: 5
2019-09-20 10:24:26,261 [grpc-default-executor-1] INFO  impl.RaftServerProxy (RaftServerProxy.java:addNew(89)) - 19fb8383-7c99-4449-b95c-a26e71717844: addNew group-6F6D52800827:[19fb8383-7c99-4449-b95c-a26e71717844:192.168.36.99:38491] returns group-6F6D52800827:java.util.concurrent.CompletableFuture@53fdf07e[Not completed]
2019-09-20 10:24:26,262 [pool-178-thread-1] INFO  impl.RaftServerImpl (RaftServerImpl.java:<init>(93)) - 19fb8383-7c99-4449-b95c-a26e71717844: new RaftServerImpl for group-6F6D52800827:[19fb8383-7c99-4449-b95c-a26e71717844:192.168.36.99:38491] with ContainerStateMachine:uninitialized
2019-09-20 10:24:26,263 [pool-178-thread-1] INFO  server.RaftServerConfigKeys (ConfUtils.java:logGet(43)) - raft.server.rpc.timeout.min = 5s (custom)
2019-09-20 10:24:26,263 [pool-178-thread-1] INFO  server.RaftServerConfigKeys (ConfUtils.java:logGet(43)) - raft.server.rpc.timeout.max = 5200ms (custom)
2019-09-20 10:24:26,263 [pool-178-thread-1] INFO  server.RaftServerConfigKeys (ConfUtils.java:logGet(43)) - raft.server.rpcslowness.timeout = 120s (custom)
2019-09-20 10:24:26,263 [pool-178-thread-1] INFO  server.RaftServerConfigKeys (ConfUtils.java:logGet(43)) - raft.server.sleep.deviation.threshold = 300 (default)
2019-09-20 10:24:26,263 [pool-178-thread-1] INFO  server.RaftServerConfigKeys (ConfUtils.java:logGet(43)) - raft.server.log.appender.install.snapshot.enabled = false (custom)
2019-09-20 10:24:26,263 [pool-178-thread-1] INFO  impl.RaftServerImpl (ServerState.java:<init>(105)) - 19fb8383-7c99-4449-b95c-a26e71717844:group-6F6D52800827 ConfigurationManager, init=-1: [19fb8383-7c99-4449-b95c-a26e71717844:192.168.36.99:38491], old=null, confs=<EMPTY_MAP>
2019-09-20 10:24:26,264 [pool-178-thread-1] INFO  server.RaftServerConfigKeys (ConfUtils.java:logGet(43)) - raft.server.storage.dir = [/workdir/hadoop-ozone/integration-test/target/test-dir/MiniOzoneClusterImpl-0561fc2e-9288-4596-b687-0c9fb03504b1/datanode-5/data/ratis] (custom)
2019-09-20 10:24:26,264 [pool-178-thread-1] INFO  storage.RaftStorageDirectory (RaftStorageDirectory.java:analyzeStorage(246)) - The storage directory /workdir/hadoop-ozone/integration-test/target/test-dir/MiniOzoneClusterImpl-0561fc2e-9288-4596-b687-0c9fb03504b1/datanode-5/data/ratis/079089be-e7d8-47ad-8d00-6f6d52800827 does not exist. Creating ...
2019-09-20 10:24:26,284 | INFO  | SCMAudit | user=jenkins1000 | ip=192.168.36.99 | op=SEND_HEARTBEAT {datanodeUUID=19fb8383-7c99-4449-b95c-a26e71717844, command=[]} | ret=SUCCESS |  
2019-09-20 10:24:26,321 [pool-178-thread-1] INFO  storage.RaftStorageDirectory (RaftStorageDirectory.java:tryLock(328)) - Lock on /workdir/hadoop-ozone/integration-test/target/test-dir/MiniOzoneClusterImpl-0561fc2e-9288-4596-b687-0c9fb03504b1/datanode-5/data/ratis/079089be-e7d8-47ad-8d00-6f6d52800827/in_use.lock acquired by nodename 28506@pr-hdds-1569-p5fx8-1226042367
2019-09-20 10:24:26,329 | INFO  | SCMAudit | user=jenkins1000 | ip=192.168.36.99 | op=SEND_HEARTBEAT {datanodeUUID=4d972e91-cb6b-45de-8bd2-c18af7abe58b, command=[]} | ret=SUCCESS |  
2019-09-20 10:24:26,363 [pool-178-thread-1] INFO  storage.RaftStorage (RaftStorage.java:format(72)) - Storage directory /workdir/hadoop-ozone/integration-test/target/test-dir/MiniOzoneClusterImpl-0561fc2e-9288-4596-b687-0c9fb03504b1/datanode-5/data/ratis/079089be-e7d8-47ad-8d00-6f6d52800827 has been successfully formatted.
2019-09-20 10:24:26,363 [pool-178-thread-1] INFO  ratis.ContainerStateMachine (ContainerStateMachine.java:loadSnapshot(226)) - group-6F6D52800827: The snapshot info is null. Setting the last applied indexto:(t:0, i:~)
2019-09-20 10:24:26,363 [pool-178-thread-1] INFO  server.RaftServerConfigKeys (ConfUtils.java:logGet(43)) - raft.server.leader.election.timeout = 120s (custom)
2019-09-20 10:24:26,363 [pool-178-thread-1] INFO  server.RaftServerConfigKeys (ConfUtils.java:logGet(43)) - raft.server.log.use.memory = false (default)
2019-09-20 10:24:26,363 [pool-178-thread-1] INFO  server.RaftServerConfigKeys (ConfUtils.java:logGet(43)) - raft.server.log.purge.gap = 1000000 (custom)
2019-09-20 10:24:26,364 [pool-178-thread-1] INFO  server.RaftServerConfigKeys (ConfUtils.java:logGet(43)) - raft.server.log.appender.buffer.byte-limit = 33554432 (custom)
2019-09-20 10:24:26,364 [pool-178-thread-1] INFO  server.RaftServerConfigKeys (ConfUtils.java:logGet(43)) - raft.server.log.segment.size.max = 1048576 (custom)
2019-09-20 10:24:26,364 [pool-178-thread-1] INFO  server.RaftServerConfigKeys (ConfUtils.java:logGet(43)) - raft.server.log.segment.cache.num.max = 2 (custom)
2019-09-20 10:24:26,364 [pool-178-thread-1] INFO  segmented.SegmentedRaftLogWorker (SegmentedRaftLogWorker.java:<init>(172)) - new 19fb8383-7c99-4449-b95c-a26e71717844-SegmentedRaftLogWorker:Storage Directory /workdir/hadoop-ozone/integration-test/target/test-dir/MiniOzoneClusterImpl-0561fc2e-9288-4596-b687-0c9fb03504b1/datanode-5/data/ratis/079089be-e7d8-47ad-8d00-6f6d52800827 for RaftStorage:Storage Directory /workdir/hadoop-ozone/integration-test/target/test-dir/MiniOzoneClusterImpl-0561fc2e-9288-4596-b687-0c9fb03504b1/datanode-5/data/ratis/079089be-e7d8-47ad-8d00-6f6d52800827
2019-09-20 10:24:26,364 [pool-178-thread-1] INFO  server.RaftServerConfigKeys (ConfUtils.java:logGet(43)) - raft.server.log.queue.byte-limit = 2147483647 (custom)
2019-09-20 10:24:26,364 [pool-178-thread-1] INFO  server.RaftServerConfigKeys (ConfUtils.java:logGet(43)) - raft.server.log.queue.element-limit = 1024 (custom)
2019-09-20 10:24:26,365 [pool-178-thread-1] INFO  server.RaftServerConfigKeys (ConfUtils.java:logGet(43)) - raft.server.log.segment.size.max = 1048576 (custom)
2019-09-20 10:24:26,365 [pool-178-thread-1] INFO  server.RaftServerConfigKeys (ConfUtils.java:logGet(43)) - raft.server.log.preallocated.size = 16384 (custom)
2019-09-20 10:24:26,365 [pool-178-thread-1] INFO  server.RaftServerConfigKeys (ConfUtils.java:logGet(43)) - raft.server.log.write.buffer.size = 33554432 (custom)
2019-09-20 10:24:26,365 [pool-178-thread-1] INFO  server.RaftServerConfigKeys (ConfUtils.java:logGet(43)) - raft.server.log.force.sync.num = 128 (default)
2019-09-20 10:24:26,365 [pool-178-thread-1] INFO  server.RaftServerConfigKeys (ConfUtils.java:logGet(43)) - raft.server.log.statemachine.data.sync = true (default)
2019-09-20 10:24:26,365 [pool-178-thread-1] INFO  server.RaftServerConfigKeys (ConfUtils.java:logGet(43)) - raft.server.log.statemachine.data.sync.timeout = 10s (default)
2019-09-20 10:24:26,366 [pool-178-thread-1] INFO  server.RaftServerConfigKeys (ConfUtils.java:logGet(43)) - raft.server.log.statemachine.data.sync.timeout.retry = -1 (default)
2019-09-20 10:24:26,366 [pool-178-thread-1] INFO  server.RaftServerConfigKeys (ConfUtils.java:logGet(43)) - raft.server.log.statemachine.data.caching.enabled = true (custom)
2019-09-20 10:24:26,366 [pool-178-thread-1] INFO  segmented.SegmentedRaftLogWorker (SegmentedRaftLogWorker.java:lambda$new$0(132)) - 19fb8383-7c99-4449-b95c-a26e71717844-SegmentedRaftLogWorker:Storage Directory /workdir/hadoop-ozone/integration-test/target/test-dir/MiniOzoneClusterImpl-0561fc2e-9288-4596-b687-0c9fb03504b1/datanode-5/data/ratis/079089be-e7d8-47ad-8d00-6f6d52800827: flushIndex: setUnconditionally 0 -> -1
2019-09-20 10:24:26,367 [pool-178-thread-1] INFO  server.RaftServerConfigKeys (ConfUtils.java:logGet(43)) - raft.server.snapshot.auto.trigger.enabled = true (custom)
2019-09-20 10:24:26,367 [pool-178-thread-1] INFO  server.RaftServerConfigKeys (ConfUtils.java:logGet(43)) - raft.server.snapshot.auto.trigger.threshold = 10000 (custom)
2019-09-20 10:24:26,367 [pool-178-thread-1] INFO  server.RaftServerConfigKeys (ConfUtils.java:logGet(43)) - raft.server.retrycache.expirytime = 600000ms (custom)
2019-09-20 10:24:26,367 [pool-178-thread-1] INFO  impl.RaftServerImpl (RaftServerImpl.java:start(180)) - 19fb8383-7c99-4449-b95c-a26e71717844: start group-6F6D52800827
2019-09-20 10:24:26,367 [pool-178-thread-1] INFO  impl.RaftServerImpl (RaftServerImpl.java:setRole(171)) - 19fb8383-7c99-4449-b95c-a26e71717844:group-6F6D52800827 changes role from null to FOLLOWER at term 0 for startAsFollower
2019-09-20 10:24:26,368 [pool-178-thread-1] INFO  impl.RoleInfo (RoleInfo.java:updateAndGet(143)) - 19fb8383-7c99-4449-b95c-a26e71717844: start FollowerState
2019-09-20 10:24:26,368 [pool-178-thread-1] INFO  util.JmxRegister (JmxRegister.java:tryRegister(44)) - Successfully registered JMX Bean with object name Ratis:service=RaftServer,group=group-6F6D52800827,id=19fb8383-7c99-4449-b95c-a26e71717844
2019-09-20 10:24:26,371 [RatisPipelineUtilsThread] INFO  pipeline.PipelineStateManager (PipelineStateManager.java:addPipeline(56)) - Created pipeline Pipeline[ Id: 079089be-e7d8-47ad-8d00-6f6d52800827, Nodes: 19fb8383-7c99-4449-b95c-a26e71717844{ip: 192.168.36.99, host: pr-hdds-1569-p5fx8-1226042367, networkLocation: /default-rack, certSerialId: null}, Type:RATIS, Factor:ONE, State:OPEN]
2019-09-20 10:24:26,371 [RatisPipelineUtilsThread] INFO  pipeline.PipelinePlacementPolicy (PipelinePlacementPolicy.java:meetCriteria(91)) - Pipeline Placement: Doesn't meet the criteria to be viable node： 54207fe5-d92c-4c2e-b058-fbae630dabef Heaviness: 6 limit: 5
2019-09-20 10:24:26,372 [RatisPipelineUtilsThread] INFO  pipeline.PipelinePlacementPolicy (PipelinePlacementPolicy.java:meetCriteria(91)) - Pipeline Placement: Doesn't meet the criteria to be viable node： 6491c372-a595-4104-b3e9-c4f3293baafa Heaviness: 6 limit: 5
2019-09-20 10:24:26,372 [RatisPipelineUtilsThread] INFO  pipeline.PipelinePlacementPolicy (PipelinePlacementPolicy.java:meetCriteria(91)) - Pipeline Placement: Doesn't meet the criteria to be viable node： 9e03ffa9-cf79-407a-a150-4c035e5aec5e Heaviness: 6 limit: 5
2019-09-20 10:24:26,372 [RatisPipelineUtilsThread] INFO  pipeline.PipelinePlacementPolicy (PipelinePlacementPolicy.java:meetCriteria(91)) - Pipeline Placement: Doesn't meet the criteria to be viable node： 60260ec1-e192-4b95-89c8-d924d16a77a9 Heaviness: 6 limit: 5
2019-09-20 10:24:26,373 [RatisPipelineUtilsThread] INFO  pipeline.PipelinePlacementPolicy (PipelinePlacementPolicy.java:meetCriteria(91)) - Pipeline Placement: Doesn't meet the criteria to be viable node： d2ed2d9b-7ac7-460e-84f6-6d9d6066f76d Heaviness: 6 limit: 5
2019-09-20 10:24:26,373 [RatisPipelineUtilsThread] INFO  pipeline.PipelinePlacementPolicy (PipelinePlacementPolicy.java:meetCriteria(91)) - Pipeline Placement: Doesn't meet the criteria to be viable node： 19fb8383-7c99-4449-b95c-a26e71717844 Heaviness: 6 limit: 5
2019-09-20 10:24:26,379 [grpc-default-executor-1] INFO  impl.RaftServerProxy (RaftServerProxy.java:addNew(89)) - 468be06f-55e9-4831-ba6b-3db017451a79: addNew group-F8803D57037C:[468be06f-55e9-4831-ba6b-3db017451a79:192.168.36.99:34815] returns group-F8803D57037C:java.util.concurrent.CompletableFuture@464347[Not completed]
2019-09-20 10:24:26,380 [pool-189-thread-1] INFO  impl.RaftServerImpl (RaftServerImpl.java:<init>(93)) - 468be06f-55e9-4831-ba6b-3db017451a79: new RaftServerImpl for group-F8803D57037C:[468be06f-55e9-4831-ba6b-3db017451a79:192.168.36.99:34815] with ContainerStateMachine:uninitialized
2019-09-20 10:24:26,380 [pool-189-thread-1] INFO  server.RaftServerConfigKeys (ConfUtils.java:logGet(43)) - raft.server.rpc.timeout.min = 5s (custom)
2019-09-20 10:24:26,380 [pool-189-thread-1] INFO  server.RaftServerConfigKeys (ConfUtils.java:logGet(43)) - raft.server.rpc.timeout.max = 5200ms (custom)
2019-09-20 10:24:26,380 [pool-189-thread-1] INFO  server.RaftServerConfigKeys (ConfUtils.java:logGet(43)) - raft.server.rpcslowness.timeout = 120s (custom)
2019-09-20 10:24:26,381 [pool-189-thread-1] INFO  server.RaftServerConfigKeys (ConfUtils.java:logGet(43)) - raft.server.sleep.deviation.threshold = 300 (default)
2019-09-20 10:24:26,381 [pool-189-thread-1] INFO  server.RaftServerConfigKeys (ConfUtils.java:logGet(43)) - raft.server.log.appender.install.snapshot.enabled = false (custom)
2019-09-20 10:24:26,381 [pool-189-thread-1] INFO  impl.RaftServerImpl (ServerState.java:<init>(105)) - 468be06f-55e9-4831-ba6b-3db017451a79:group-F8803D57037C ConfigurationManager, init=-1: [468be06f-55e9-4831-ba6b-3db017451a79:192.168.36.99:34815], old=null, confs=<EMPTY_MAP>
2019-09-20 10:24:26,381 [pool-189-thread-1] INFO  server.RaftServerConfigKeys (ConfUtils.java:logGet(43)) - raft.server.storage.dir = [/workdir/hadoop-ozone/integration-test/target/test-dir/MiniOzoneClusterImpl-0561fc2e-9288-4596-b687-0c9fb03504b1/datanode-6/data/ratis] (custom)
2019-09-20 10:24:26,382 [pool-189-thread-1] INFO  storage.RaftStorageDirectory (RaftStorageDirectory.java:analyzeStorage(246)) - The storage directory /workdir/hadoop-ozone/integration-test/target/test-dir/MiniOzoneClusterImpl-0561fc2e-9288-4596-b687-0c9fb03504b1/datanode-6/data/ratis/984c59fa-b7b8-416b-917b-f8803d57037c does not exist. Creating ...
2019-09-20 10:24:26,392 | INFO  | SCMAudit | user=jenkins1000 | ip=192.168.36.99 | op=SEND_HEARTBEAT {datanodeUUID=17e2ba94-38a1-40e7-84e0-f6802901db84, command=[]} | ret=SUCCESS |  
2019-09-20 10:24:26,396 [pool-189-thread-1] INFO  storage.RaftStorageDirectory (RaftStorageDirectory.java:tryLock(328)) - Lock on /workdir/hadoop-ozone/integration-test/target/test-dir/MiniOzoneClusterImpl-0561fc2e-9288-4596-b687-0c9fb03504b1/datanode-6/data/ratis/984c59fa-b7b8-416b-917b-f8803d57037c/in_use.lock acquired by nodename 28506@pr-hdds-1569-p5fx8-1226042367
2019-09-20 10:24:26,438 [pool-189-thread-1] INFO  storage.RaftStorage (RaftStorage.java:format(72)) - Storage directory /workdir/hadoop-ozone/integration-test/target/test-dir/MiniOzoneClusterImpl-0561fc2e-9288-4596-b687-0c9fb03504b1/datanode-6/data/ratis/984c59fa-b7b8-416b-917b-f8803d57037c has been successfully formatted.
2019-09-20 10:24:26,439 [pool-189-thread-1] INFO  ratis.ContainerStateMachine (ContainerStateMachine.java:loadSnapshot(226)) - group-F8803D57037C: The snapshot info is null. Setting the last applied indexto:(t:0, i:~)
2019-09-20 10:24:26,439 [pool-189-thread-1] INFO  server.RaftServerConfigKeys (ConfUtils.java:logGet(43)) - raft.server.leader.election.timeout = 120s (custom)
2019-09-20 10:24:26,439 [pool-189-thread-1] INFO  server.RaftServerConfigKeys (ConfUtils.java:logGet(43)) - raft.server.log.use.memory = false (default)
2019-09-20 10:24:26,439 [pool-189-thread-1] INFO  server.RaftServerConfigKeys (ConfUtils.java:logGet(43)) - raft.server.log.purge.gap = 1000000 (custom)
2019-09-20 10:24:26,439 [pool-189-thread-1] INFO  server.RaftServerConfigKeys (ConfUtils.java:logGet(43)) - raft.server.log.appender.buffer.byte-limit = 33554432 (custom)
2019-09-20 10:24:26,439 [pool-189-thread-1] INFO  server.RaftServerConfigKeys (ConfUtils.java:logGet(43)) - raft.server.log.segment.size.max = 1048576 (custom)
2019-09-20 10:24:26,440 [pool-189-thread-1] INFO  server.RaftServerConfigKeys (ConfUtils.java:logGet(43)) - raft.server.log.segment.cache.num.max = 2 (custom)
2019-09-20 10:24:26,440 [pool-189-thread-1] INFO  segmented.SegmentedRaftLogWorker (SegmentedRaftLogWorker.java:<init>(172)) - new 468be06f-55e9-4831-ba6b-3db017451a79-SegmentedRaftLogWorker:Storage Directory /workdir/hadoop-ozone/integration-test/target/test-dir/MiniOzoneClusterImpl-0561fc2e-9288-4596-b687-0c9fb03504b1/datanode-6/data/ratis/984c59fa-b7b8-416b-917b-f8803d57037c for RaftStorage:Storage Directory /workdir/hadoop-ozone/integration-test/target/test-dir/MiniOzoneClusterImpl-0561fc2e-9288-4596-b687-0c9fb03504b1/datanode-6/data/ratis/984c59fa-b7b8-416b-917b-f8803d57037c
2019-09-20 10:24:26,440 [pool-189-thread-1] INFO  server.RaftServerConfigKeys (ConfUtils.java:logGet(43)) - raft.server.log.queue.byte-limit = 2147483647 (custom)
2019-09-20 10:24:26,440 [pool-189-thread-1] INFO  server.RaftServerConfigKeys (ConfUtils.java:logGet(43)) - raft.server.log.queue.element-limit = 1024 (custom)
2019-09-20 10:24:26,440 [pool-189-thread-1] INFO  server.RaftServerConfigKeys (ConfUtils.java:logGet(43)) - raft.server.log.segment.size.max = 1048576 (custom)
2019-09-20 10:24:26,440 [pool-189-thread-1] INFO  server.RaftServerConfigKeys (ConfUtils.java:logGet(43)) - raft.server.log.preallocated.size = 16384 (custom)
2019-09-20 10:24:26,441 [pool-189-thread-1] INFO  server.RaftServerConfigKeys (ConfUtils.java:logGet(43)) - raft.server.log.write.buffer.size = 33554432 (custom)
2019-09-20 10:24:26,441 [pool-189-thread-1] INFO  server.RaftServerConfigKeys (ConfUtils.java:logGet(43)) - raft.server.log.force.sync.num = 128 (default)
2019-09-20 10:24:26,441 [pool-189-thread-1] INFO  server.RaftServerConfigKeys (ConfUtils.java:logGet(43)) - raft.server.log.statemachine.data.sync = true (default)
2019-09-20 10:24:26,441 [pool-189-thread-1] INFO  server.RaftServerConfigKeys (ConfUtils.java:logGet(43)) - raft.server.log.statemachine.data.sync.timeout = 10s (default)
2019-09-20 10:24:26,441 [pool-189-thread-1] INFO  server.RaftServerConfigKeys (ConfUtils.java:logGet(43)) - raft.server.log.statemachine.data.sync.timeout.retry = -1 (default)
2019-09-20 10:24:26,441 [pool-189-thread-1] INFO  server.RaftServerConfigKeys (ConfUtils.java:logGet(43)) - raft.server.log.statemachine.data.caching.enabled = true (custom)
2019-09-20 10:24:26,442 [pool-189-thread-1] INFO  segmented.SegmentedRaftLogWorker (SegmentedRaftLogWorker.java:lambda$new$0(132)) - 468be06f-55e9-4831-ba6b-3db017451a79-SegmentedRaftLogWorker:Storage Directory /workdir/hadoop-ozone/integration-test/target/test-dir/MiniOzoneClusterImpl-0561fc2e-9288-4596-b687-0c9fb03504b1/datanode-6/data/ratis/984c59fa-b7b8-416b-917b-f8803d57037c: flushIndex: setUnconditionally 0 -> -1
2019-09-20 10:24:26,442 [pool-189-thread-1] INFO  server.RaftServerConfigKeys (ConfUtils.java:logGet(43)) - raft.server.snapshot.auto.trigger.enabled = true (custom)
2019-09-20 10:24:26,442 [pool-189-thread-1] INFO  server.RaftServerConfigKeys (ConfUtils.java:logGet(43)) - raft.server.snapshot.auto.trigger.threshold = 10000 (custom)
2019-09-20 10:24:26,442 [pool-189-thread-1] INFO  server.RaftServerConfigKeys (ConfUtils.java:logGet(43)) - raft.server.retrycache.expirytime = 600000ms (custom)
2019-09-20 10:24:26,443 [pool-189-thread-1] INFO  impl.RaftServerImpl (RaftServerImpl.java:start(180)) - 468be06f-55e9-4831-ba6b-3db017451a79: start group-F8803D57037C
2019-09-20 10:24:26,443 [pool-189-thread-1] INFO  impl.RaftServerImpl (RaftServerImpl.java:setRole(171)) - 468be06f-55e9-4831-ba6b-3db017451a79:group-F8803D57037C changes role from null to FOLLOWER at term 0 for startAsFollower
2019-09-20 10:24:26,443 [pool-189-thread-1] INFO  impl.RoleInfo (RoleInfo.java:updateAndGet(143)) - 468be06f-55e9-4831-ba6b-3db017451a79: start FollowerState
2019-09-20 10:24:26,443 [pool-189-thread-1] INFO  util.JmxRegister (JmxRegister.java:tryRegister(44)) - Successfully registered JMX Bean with object name Ratis:service=RaftServer,group=group-F8803D57037C,id=468be06f-55e9-4831-ba6b-3db017451a79
2019-09-20 10:24:26,446 [RatisPipelineUtilsThread] INFO  pipeline.PipelineStateManager (PipelineStateManager.java:addPipeline(56)) - Created pipeline Pipeline[ Id: 984c59fa-b7b8-416b-917b-f8803d57037c, Nodes: 468be06f-55e9-4831-ba6b-3db017451a79{ip: 192.168.36.99, host: pr-hdds-1569-p5fx8-1226042367, networkLocation: /default-rack, certSerialId: null}, Type:RATIS, Factor:ONE, State:OPEN]
2019-09-20 10:24:26,446 [RatisPipelineUtilsThread] INFO  pipeline.PipelinePlacementPolicy (PipelinePlacementPolicy.java:meetCriteria(91)) - Pipeline Placement: Doesn't meet the criteria to be viable node： 54207fe5-d92c-4c2e-b058-fbae630dabef Heaviness: 6 limit: 5
2019-09-20 10:24:26,447 [RatisPipelineUtilsThread] INFO  pipeline.PipelinePlacementPolicy (PipelinePlacementPolicy.java:meetCriteria(91)) - Pipeline Placement: Doesn't meet the criteria to be viable node： 6491c372-a595-4104-b3e9-c4f3293baafa Heaviness: 6 limit: 5
2019-09-20 10:24:26,447 [RatisPipelineUtilsThread] INFO  pipeline.PipelinePlacementPolicy (PipelinePlacementPolicy.java:meetCriteria(91)) - Pipeline Placement: Doesn't meet the criteria to be viable node： 9e03ffa9-cf79-407a-a150-4c035e5aec5e Heaviness: 6 limit: 5
2019-09-20 10:24:26,447 [RatisPipelineUtilsThread] INFO  pipeline.PipelinePlacementPolicy (PipelinePlacementPolicy.java:meetCriteria(91)) - Pipeline Placement: Doesn't meet the criteria to be viable node： 60260ec1-e192-4b95-89c8-d924d16a77a9 Heaviness: 6 limit: 5
2019-09-20 10:24:26,447 [RatisPipelineUtilsThread] INFO  pipeline.PipelinePlacementPolicy (PipelinePlacementPolicy.java:meetCriteria(91)) - Pipeline Placement: Doesn't meet the criteria to be viable node： d2ed2d9b-7ac7-460e-84f6-6d9d6066f76d Heaviness: 6 limit: 5
2019-09-20 10:24:26,447 [RatisPipelineUtilsThread] INFO  pipeline.PipelinePlacementPolicy (PipelinePlacementPolicy.java:meetCriteria(91)) - Pipeline Placement: Doesn't meet the criteria to be viable node： 19fb8383-7c99-4449-b95c-a26e71717844 Heaviness: 6 limit: 5
2019-09-20 10:24:26,453 [grpc-default-executor-1] INFO  impl.RaftServerProxy (RaftServerProxy.java:addNew(89)) - 468be06f-55e9-4831-ba6b-3db017451a79: addNew group-B46B26B6325F:[468be06f-55e9-4831-ba6b-3db017451a79:192.168.36.99:34815] returns group-B46B26B6325F:java.util.concurrent.CompletableFuture@56836e96[Not completed]
2019-09-20 10:24:26,454 [pool-189-thread-1] INFO  impl.RaftServerImpl (RaftServerImpl.java:<init>(93)) - 468be06f-55e9-4831-ba6b-3db017451a79: new RaftServerImpl for group-B46B26B6325F:[468be06f-55e9-4831-ba6b-3db017451a79:192.168.36.99:34815] with ContainerStateMachine:uninitialized
2019-09-20 10:24:26,454 [pool-189-thread-1] INFO  server.RaftServerConfigKeys (ConfUtils.java:logGet(43)) - raft.server.rpc.timeout.min = 5s (custom)
2019-09-20 10:24:26,455 [pool-189-thread-1] INFO  server.RaftServerConfigKeys (ConfUtils.java:logGet(43)) - raft.server.rpc.timeout.max = 5200ms (custom)
2019-09-20 10:24:26,455 [pool-189-thread-1] INFO  server.RaftServerConfigKeys (ConfUtils.java:logGet(43)) - raft.server.rpcslowness.timeout = 120s (custom)
2019-09-20 10:24:26,455 [pool-189-thread-1] INFO  server.RaftServerConfigKeys (ConfUtils.java:logGet(43)) - raft.server.sleep.deviation.threshold = 300 (default)
2019-09-20 10:24:26,455 [pool-189-thread-1] INFO  server.RaftServerConfigKeys (ConfUtils.java:logGet(43)) - raft.server.log.appender.install.snapshot.enabled = false (custom)
2019-09-20 10:24:26,455 [pool-189-thread-1] INFO  impl.RaftServerImpl (ServerState.java:<init>(105)) - 468be06f-55e9-4831-ba6b-3db017451a79:group-B46B26B6325F ConfigurationManager, init=-1: [468be06f-55e9-4831-ba6b-3db017451a79:192.168.36.99:34815], old=null, confs=<EMPTY_MAP>
2019-09-20 10:24:26,455 [pool-189-thread-1] INFO  server.RaftServerConfigKeys (ConfUtils.java:logGet(43)) - raft.server.storage.dir = [/workdir/hadoop-ozone/integration-test/target/test-dir/MiniOzoneClusterImpl-0561fc2e-9288-4596-b687-0c9fb03504b1/datanode-6/data/ratis] (custom)
2019-09-20 10:24:26,456 [pool-189-thread-1] INFO  storage.RaftStorageDirectory (RaftStorageDirectory.java:analyzeStorage(246)) - The storage directory /workdir/hadoop-ozone/integration-test/target/test-dir/MiniOzoneClusterImpl-0561fc2e-9288-4596-b687-0c9fb03504b1/datanode-6/data/ratis/308f121f-a29d-4807-81ab-b46b26b6325f does not exist. Creating ...
2019-09-20 10:24:26,489 [pool-189-thread-1] INFO  storage.RaftStorageDirectory (RaftStorageDirectory.java:tryLock(328)) - Lock on /workdir/hadoop-ozone/integration-test/target/test-dir/MiniOzoneClusterImpl-0561fc2e-9288-4596-b687-0c9fb03504b1/datanode-6/data/ratis/308f121f-a29d-4807-81ab-b46b26b6325f/in_use.lock acquired by nodename 28506@pr-hdds-1569-p5fx8-1226042367
2019-09-20 10:24:26,490 | INFO  | SCMAudit | user=jenkins1000 | ip=192.168.36.99 | op=SEND_HEARTBEAT {datanodeUUID=54207fe5-d92c-4c2e-b058-fbae630dabef, command=[]} | ret=SUCCESS |  
2019-09-20 10:24:26,539 [pool-189-thread-1] INFO  storage.RaftStorage (RaftStorage.java:format(72)) - Storage directory /workdir/hadoop-ozone/integration-test/target/test-dir/MiniOzoneClusterImpl-0561fc2e-9288-4596-b687-0c9fb03504b1/datanode-6/data/ratis/308f121f-a29d-4807-81ab-b46b26b6325f has been successfully formatted.
2019-09-20 10:24:26,540 [pool-189-thread-1] INFO  ratis.ContainerStateMachine (ContainerStateMachine.java:loadSnapshot(226)) - group-B46B26B6325F: The snapshot info is null. Setting the last applied indexto:(t:0, i:~)
2019-09-20 10:24:26,540 [pool-189-thread-1] INFO  server.RaftServerConfigKeys (ConfUtils.java:logGet(43)) - raft.server.leader.election.timeout = 120s (custom)
2019-09-20 10:24:26,540 [pool-189-thread-1] INFO  server.RaftServerConfigKeys (ConfUtils.java:logGet(43)) - raft.server.log.use.memory = false (default)
2019-09-20 10:24:26,540 [pool-189-thread-1] INFO  server.RaftServerConfigKeys (ConfUtils.java:logGet(43)) - raft.server.log.purge.gap = 1000000 (custom)
2019-09-20 10:24:26,540 [pool-189-thread-1] INFO  server.RaftServerConfigKeys (ConfUtils.java:logGet(43)) - raft.server.log.appender.buffer.byte-limit = 33554432 (custom)
2019-09-20 10:24:26,540 [pool-189-thread-1] INFO  server.RaftServerConfigKeys (ConfUtils.java:logGet(43)) - raft.server.log.segment.size.max = 1048576 (custom)
2019-09-20 10:24:26,541 [pool-189-thread-1] INFO  server.RaftServerConfigKeys (ConfUtils.java:logGet(43)) - raft.server.log.segment.cache.num.max = 2 (custom)
2019-09-20 10:24:26,541 [pool-189-thread-1] INFO  segmented.SegmentedRaftLogWorker (SegmentedRaftLogWorker.java:<init>(172)) - new 468be06f-55e9-4831-ba6b-3db017451a79-SegmentedRaftLogWorker:Storage Directory /workdir/hadoop-ozone/integration-test/target/test-dir/MiniOzoneClusterImpl-0561fc2e-9288-4596-b687-0c9fb03504b1/datanode-6/data/ratis/308f121f-a29d-4807-81ab-b46b26b6325f for RaftStorage:Storage Directory /workdir/hadoop-ozone/integration-test/target/test-dir/MiniOzoneClusterImpl-0561fc2e-9288-4596-b687-0c9fb03504b1/datanode-6/data/ratis/308f121f-a29d-4807-81ab-b46b26b6325f
2019-09-20 10:24:26,541 [pool-189-thread-1] INFO  server.RaftServerConfigKeys (ConfUtils.java:logGet(43)) - raft.server.log.queue.byte-limit = 2147483647 (custom)
2019-09-20 10:24:26,541 [pool-189-thread-1] INFO  server.RaftServerConfigKeys (ConfUtils.java:logGet(43)) - raft.server.log.queue.element-limit = 1024 (custom)
2019-09-20 10:24:26,541 [pool-189-thread-1] INFO  server.RaftServerConfigKeys (ConfUtils.java:logGet(43)) - raft.server.log.segment.size.max = 1048576 (custom)
2019-09-20 10:24:26,541 [pool-189-thread-1] INFO  server.RaftServerConfigKeys (ConfUtils.java:logGet(43)) - raft.server.log.preallocated.size = 16384 (custom)
2019-09-20 10:24:26,542 [pool-189-thread-1] INFO  server.RaftServerConfigKeys (ConfUtils.java:logGet(43)) - raft.server.log.write.buffer.size = 33554432 (custom)
2019-09-20 10:24:26,542 [pool-189-thread-1] INFO  server.RaftServerConfigKeys (ConfUtils.java:logGet(43)) - raft.server.log.force.sync.num = 128 (default)
2019-09-20 10:24:26,542 [pool-189-thread-1] INFO  server.RaftServerConfigKeys (ConfUtils.java:logGet(43)) - raft.server.log.statemachine.data.sync = true (default)
2019-09-20 10:24:26,542 [pool-189-thread-1] INFO  server.RaftServerConfigKeys (ConfUtils.java:logGet(43)) - raft.server.log.statemachine.data.sync.timeout = 10s (default)
2019-09-20 10:24:26,542 [pool-189-thread-1] INFO  server.RaftServerConfigKeys (ConfUtils.java:logGet(43)) - raft.server.log.statemachine.data.sync.timeout.retry = -1 (default)
2019-09-20 10:24:26,542 [pool-189-thread-1] INFO  server.RaftServerConfigKeys (ConfUtils.java:logGet(43)) - raft.server.log.statemachine.data.caching.enabled = true (custom)
2019-09-20 10:24:26,543 [pool-189-thread-1] INFO  segmented.SegmentedRaftLogWorker (SegmentedRaftLogWorker.java:lambda$new$0(132)) - 468be06f-55e9-4831-ba6b-3db017451a79-SegmentedRaftLogWorker:Storage Directory /workdir/hadoop-ozone/integration-test/target/test-dir/MiniOzoneClusterImpl-0561fc2e-9288-4596-b687-0c9fb03504b1/datanode-6/data/ratis/308f121f-a29d-4807-81ab-b46b26b6325f: flushIndex: setUnconditionally 0 -> -1
2019-09-20 10:24:26,543 [pool-189-thread-1] INFO  server.RaftServerConfigKeys (ConfUtils.java:logGet(43)) - raft.server.snapshot.auto.trigger.enabled = true (custom)
2019-09-20 10:24:26,543 [pool-189-thread-1] INFO  server.RaftServerConfigKeys (ConfUtils.java:logGet(43)) - raft.server.snapshot.auto.trigger.threshold = 10000 (custom)
2019-09-20 10:24:26,544 [pool-189-thread-1] INFO  server.RaftServerConfigKeys (ConfUtils.java:logGet(43)) - raft.server.retrycache.expirytime = 600000ms (custom)
2019-09-20 10:24:26,544 [pool-189-thread-1] INFO  impl.RaftServerImpl (RaftServerImpl.java:start(180)) - 468be06f-55e9-4831-ba6b-3db017451a79: start group-B46B26B6325F
2019-09-20 10:24:26,544 [pool-189-thread-1] INFO  impl.RaftServerImpl (RaftServerImpl.java:setRole(171)) - 468be06f-55e9-4831-ba6b-3db017451a79:group-B46B26B6325F changes role from null to FOLLOWER at term 0 for startAsFollower
2019-09-20 10:24:26,544 [pool-189-thread-1] INFO  impl.RoleInfo (RoleInfo.java:updateAndGet(143)) - 468be06f-55e9-4831-ba6b-3db017451a79: start FollowerState
2019-09-20 10:24:26,545 [pool-189-thread-1] INFO  util.JmxRegister (JmxRegister.java:tryRegister(44)) - Successfully registered JMX Bean with object name Ratis:service=RaftServer,group=group-B46B26B6325F,id=468be06f-55e9-4831-ba6b-3db017451a79
2019-09-20 10:24:26,548 [RatisPipelineUtilsThread] INFO  pipeline.PipelineStateManager (PipelineStateManager.java:addPipeline(56)) - Created pipeline Pipeline[ Id: 308f121f-a29d-4807-81ab-b46b26b6325f, Nodes: 468be06f-55e9-4831-ba6b-3db017451a79{ip: 192.168.36.99, host: pr-hdds-1569-p5fx8-1226042367, networkLocation: /default-rack, certSerialId: null}, Type:RATIS, Factor:ONE, State:OPEN]
2019-09-20 10:24:26,549 [RatisPipelineUtilsThread] INFO  pipeline.PipelinePlacementPolicy (PipelinePlacementPolicy.java:meetCriteria(91)) - Pipeline Placement: Doesn't meet the criteria to be viable node： 54207fe5-d92c-4c2e-b058-fbae630dabef Heaviness: 6 limit: 5
2019-09-20 10:24:26,549 [RatisPipelineUtilsThread] INFO  pipeline.PipelinePlacementPolicy (PipelinePlacementPolicy.java:meetCriteria(91)) - Pipeline Placement: Doesn't meet the criteria to be viable node： 6491c372-a595-4104-b3e9-c4f3293baafa Heaviness: 6 limit: 5
2019-09-20 10:24:26,549 [RatisPipelineUtilsThread] INFO  pipeline.PipelinePlacementPolicy (PipelinePlacementPolicy.java:meetCriteria(91)) - Pipeline Placement: Doesn't meet the criteria to be viable node： 468be06f-55e9-4831-ba6b-3db017451a79 Heaviness: 6 limit: 5
2019-09-20 10:24:26,549 [RatisPipelineUtilsThread] INFO  pipeline.PipelinePlacementPolicy (PipelinePlacementPolicy.java:meetCriteria(91)) - Pipeline Placement: Doesn't meet the criteria to be viable node： 9e03ffa9-cf79-407a-a150-4c035e5aec5e Heaviness: 6 limit: 5
2019-09-20 10:24:26,549 [RatisPipelineUtilsThread] INFO  pipeline.PipelinePlacementPolicy (PipelinePlacementPolicy.java:meetCriteria(91)) - Pipeline Placement: Doesn't meet the criteria to be viable node： 60260ec1-e192-4b95-89c8-d924d16a77a9 Heaviness: 6 limit: 5
2019-09-20 10:24:26,550 [RatisPipelineUtilsThread] INFO  pipeline.PipelinePlacementPolicy (PipelinePlacementPolicy.java:meetCriteria(91)) - Pipeline Placement: Doesn't meet the criteria to be viable node： d2ed2d9b-7ac7-460e-84f6-6d9d6066f76d Heaviness: 6 limit: 5
2019-09-20 10:24:26,550 [RatisPipelineUtilsThread] INFO  pipeline.PipelinePlacementPolicy (PipelinePlacementPolicy.java:meetCriteria(91)) - Pipeline Placement: Doesn't meet the criteria to be viable node： 19fb8383-7c99-4449-b95c-a26e71717844 Heaviness: 6 limit: 5
2019-09-20 10:24:26,550 [RatisPipelineUtilsThread] ERROR pipeline.PipelinePlacementPolicy (PipelinePlacementPolicy.java:filterViableNodes(148)) - Unable to find enough nodes that meet the criteria that cannot engage in more than 5 pipelines. Nodes required: 1 Found: 0, healthy nodes count inNodeManager: 7.
2019-09-20 10:24:26,550 [RatisPipelineUtilsThread] ERROR pipeline.SCMPipelineManager (SCMPipelineManager.java:createPipeline(161)) - Pipeline creation failed due to exception: Unable to find enough nodes that meet the criteria that cannot engage in more than 5 pipelines. Nodes required: 1 Found: 0, healthy nodes count inNodeManager: 7.
2019-09-20 10:24:26,550 [RatisPipelineUtilsThread] INFO  pipeline.PipelinePlacementPolicy (PipelinePlacementPolicy.java:meetCriteria(91)) - Pipeline Placement: Doesn't meet the criteria to be viable node： 54207fe5-d92c-4c2e-b058-fbae630dabef Heaviness: 6 limit: 5
2019-09-20 10:24:26,550 [RatisPipelineUtilsThread] INFO  pipeline.PipelinePlacementPolicy (PipelinePlacementPolicy.java:meetCriteria(91)) - Pipeline Placement: Doesn't meet the criteria to be viable node： 6491c372-a595-4104-b3e9-c4f3293baafa Heaviness: 6 limit: 5
2019-09-20 10:24:26,551 [RatisPipelineUtilsThread] INFO  pipeline.PipelinePlacementPolicy (PipelinePlacementPolicy.java:meetCriteria(91)) - Pipeline Placement: Doesn't meet the criteria to be viable node： 468be06f-55e9-4831-ba6b-3db017451a79 Heaviness: 6 limit: 5
2019-09-20 10:24:26,551 [RatisPipelineUtilsThread] INFO  pipeline.PipelinePlacementPolicy (PipelinePlacementPolicy.java:meetCriteria(91)) - Pipeline Placement: Doesn't meet the criteria to be viable node： 9e03ffa9-cf79-407a-a150-4c035e5aec5e Heaviness: 6 limit: 5
2019-09-20 10:24:26,551 [RatisPipelineUtilsThread] INFO  pipeline.PipelinePlacementPolicy (PipelinePlacementPolicy.java:meetCriteria(91)) - Pipeline Placement: Doesn't meet the criteria to be viable node： 60260ec1-e192-4b95-89c8-d924d16a77a9 Heaviness: 6 limit: 5
2019-09-20 10:24:26,551 [RatisPipelineUtilsThread] INFO  pipeline.PipelinePlacementPolicy (PipelinePlacementPolicy.java:meetCriteria(91)) - Pipeline Placement: Doesn't meet the criteria to be viable node： d2ed2d9b-7ac7-460e-84f6-6d9d6066f76d Heaviness: 6 limit: 5
2019-09-20 10:24:26,551 [RatisPipelineUtilsThread] INFO  pipeline.PipelinePlacementPolicy (PipelinePlacementPolicy.java:meetCriteria(91)) - Pipeline Placement: Doesn't meet the criteria to be viable node： 19fb8383-7c99-4449-b95c-a26e71717844 Heaviness: 6 limit: 5
2019-09-20 10:24:26,551 [RatisPipelineUtilsThread] ERROR pipeline.PipelinePlacementPolicy (PipelinePlacementPolicy.java:filterViableNodes(148)) - Unable to find enough nodes that meet the criteria that cannot engage in more than 5 pipelines. Nodes required: 3 Found: 0, healthy nodes count inNodeManager: 7.
2019-09-20 10:24:26,551 [RatisPipelineUtilsThread] ERROR pipeline.SCMPipelineManager (SCMPipelineManager.java:createPipeline(161)) - Pipeline creation failed due to exception: Unable to find enough nodes that meet the criteria that cannot engage in more than 5 pipelines. Nodes required: 3 Found: 0, healthy nodes count inNodeManager: 7.
2019-09-20 10:24:26,552 [RatisPipelineUtilsThread] INFO  pipeline.PipelinePlacementPolicy (PipelinePlacementPolicy.java:meetCriteria(91)) - Pipeline Placement: Doesn't meet the criteria to be viable node： 54207fe5-d92c-4c2e-b058-fbae630dabef Heaviness: 6 limit: 5
2019-09-20 10:24:26,552 [RatisPipelineUtilsThread] INFO  pipeline.PipelinePlacementPolicy (PipelinePlacementPolicy.java:meetCriteria(91)) - Pipeline Placement: Doesn't meet the criteria to be viable node： 6491c372-a595-4104-b3e9-c4f3293baafa Heaviness: 6 limit: 5
2019-09-20 10:24:26,552 [RatisPipelineUtilsThread] INFO  pipeline.PipelinePlacementPolicy (PipelinePlacementPolicy.java:meetCriteria(91)) - Pipeline Placement: Doesn't meet the criteria to be viable node： 468be06f-55e9-4831-ba6b-3db017451a79 Heaviness: 6 limit: 5
2019-09-20 10:24:26,552 [RatisPipelineUtilsThread] INFO  pipeline.PipelinePlacementPolicy (PipelinePlacementPolicy.java:meetCriteria(91)) - Pipeline Placement: Doesn't meet the criteria to be viable node： 9e03ffa9-cf79-407a-a150-4c035e5aec5e Heaviness: 6 limit: 5
2019-09-20 10:24:26,552 [RatisPipelineUtilsThread] INFO  pipeline.PipelinePlacementPolicy (PipelinePlacementPolicy.java:meetCriteria(91)) - Pipeline Placement: Doesn't meet the criteria to be viable node： 60260ec1-e192-4b95-89c8-d924d16a77a9 Heaviness: 6 limit: 5
2019-09-20 10:24:26,552 [RatisPipelineUtilsThread] INFO  pipeline.PipelinePlacementPolicy (PipelinePlacementPolicy.java:meetCriteria(91)) - Pipeline Placement: Doesn't meet the criteria to be viable node： d2ed2d9b-7ac7-460e-84f6-6d9d6066f76d Heaviness: 6 limit: 5
2019-09-20 10:24:26,552 [RatisPipelineUtilsThread] INFO  pipeline.PipelinePlacementPolicy (PipelinePlacementPolicy.java:meetCriteria(91)) - Pipeline Placement: Doesn't meet the criteria to be viable node： 19fb8383-7c99-4449-b95c-a26e71717844 Heaviness: 6 limit: 5
2019-09-20 10:24:26,552 [RatisPipelineUtilsThread] ERROR pipeline.PipelinePlacementPolicy (PipelinePlacementPolicy.java:filterViableNodes(148)) - Unable to find enough nodes that meet the criteria that cannot engage in more than 5 pipelines. Nodes required: 1 Found: 0, healthy nodes count inNodeManager: 7.
2019-09-20 10:24:26,552 [RatisPipelineUtilsThread] ERROR pipeline.SCMPipelineManager (SCMPipelineManager.java:createPipeline(161)) - Pipeline creation failed due to exception: Unable to find enough nodes that meet the criteria that cannot engage in more than 5 pipelines. Nodes required: 1 Found: 0, healthy nodes count inNodeManager: 7.
2019-09-20 10:24:26,553 [RatisPipelineUtilsThread] INFO  pipeline.PipelinePlacementPolicy (PipelinePlacementPolicy.java:meetCriteria(91)) - Pipeline Placement: Doesn't meet the criteria to be viable node： 54207fe5-d92c-4c2e-b058-fbae630dabef Heaviness: 6 limit: 5
2019-09-20 10:24:26,553 [RatisPipelineUtilsThread] INFO  pipeline.PipelinePlacementPolicy (PipelinePlacementPolicy.java:meetCriteria(91)) - Pipeline Placement: Doesn't meet the criteria to be viable node： 6491c372-a595-4104-b3e9-c4f3293baafa Heaviness: 6 limit: 5
2019-09-20 10:24:26,553 [RatisPipelineUtilsThread] INFO  pipeline.PipelinePlacementPolicy (PipelinePlacementPolicy.java:meetCriteria(91)) - Pipeline Placement: Doesn't meet the criteria to be viable node： 468be06f-55e9-4831-ba6b-3db017451a79 Heaviness: 6 limit: 5
2019-09-20 10:24:26,553 [RatisPipelineUtilsThread] INFO  pipeline.PipelinePlacementPolicy (PipelinePlacementPolicy.java:meetCriteria(91)) - Pipeline Placement: Doesn't meet the criteria to be viable node： 9e03ffa9-cf79-407a-a150-4c035e5aec5e Heaviness: 6 limit: 5
2019-09-20 10:24:26,553 [RatisPipelineUtilsThread] INFO  pipeline.PipelinePlacementPolicy (PipelinePlacementPolicy.java:meetCriteria(91)) - Pipeline Placement: Doesn't meet the criteria to be viable node： 60260ec1-e192-4b95-89c8-d924d16a77a9 Heaviness: 6 limit: 5
2019-09-20 10:24:26,553 [RatisPipelineUtilsThread] INFO  pipeline.PipelinePlacementPolicy (PipelinePlacementPolicy.java:meetCriteria(91)) - Pipeline Placement: Doesn't meet the criteria to be viable node： d2ed2d9b-7ac7-460e-84f6-6d9d6066f76d Heaviness: 6 limit: 5
2019-09-20 10:24:26,553 [RatisPipelineUtilsThread] INFO  pipeline.PipelinePlacementPolicy (PipelinePlacementPolicy.java:meetCriteria(91)) - Pipeline Placement: Doesn't meet the criteria to be viable node： 19fb8383-7c99-4449-b95c-a26e71717844 Heaviness: 6 limit: 5
2019-09-20 10:24:26,553 [RatisPipelineUtilsThread] ERROR pipeline.PipelinePlacementPolicy (PipelinePlacementPolicy.java:filterViableNodes(148)) - Unable to find enough nodes that meet the criteria that cannot engage in more than 5 pipelines. Nodes required: 3 Found: 0, healthy nodes count inNodeManager: 7.
2019-09-20 10:24:26,554 [RatisPipelineUtilsThread] ERROR pipeline.SCMPipelineManager (SCMPipelineManager.java:createPipeline(161)) - Pipeline creation failed due to exception: Unable to find enough nodes that meet the criteria that cannot engage in more than 5 pipelines. Nodes required: 3 Found: 0, healthy nodes count inNodeManager: 7.
2019-09-20 10:24:26,562 [ReplicationMonitor] INFO  container.ReplicationManager (ReplicationManager.java:run(214)) - Replication Monitor Thread took 565 milliseconds for processing 1 containers.
2019-09-20 10:24:26,596 | INFO  | SCMAudit | user=jenkins1000 | ip=192.168.36.99 | op=SEND_HEARTBEAT {datanodeUUID=1ab786b9-c79c-4265-88a1-5b3344c6beda, command=[]} | ret=SUCCESS |  
2019-09-20 10:24:26,599 | INFO  | SCMAudit | user=jenkins1000 | ip=192.168.36.99 | op=SEND_HEARTBEAT {datanodeUUID=468be06f-55e9-4831-ba6b-3db017451a79, command=[]} | ret=SUCCESS |  
2019-09-20 10:24:26,672 [grpc-default-executor-1] INFO  client.GrpcClientProtocolClient (GrpcClientProtocolClient.java:onNext(255)) - client-21807ED29EC2->9e03ffa9-cf79-407a-a150-4c035e5aec5e: receive RaftClientReply:client-21807ED29EC2->9e03ffa9-cf79-407a-a150-4c035e5aec5e@group-576A86C1D849, cid=84, FAILED org.apache.ratis.protocol.NotLeaderException: Server 9e03ffa9-cf79-407a-a150-4c035e5aec5e is not the leader (null). Request must be sent to leader., logIndex=0, commits[9e03ffa9-cf79-407a-a150-4c035e5aec5e:c-1]
2019-09-20 10:24:26,683 | INFO  | SCMAudit | user=jenkins1000 | ip=192.168.36.99 | op=SEND_HEARTBEAT {datanodeUUID=3d6f3241-e73c-473a-ad0b-c7be2f7e1dda, command=[]} | ret=SUCCESS |  
2019-09-20 10:24:26,772 | INFO  | SCMAudit | user=jenkins1000 | ip=192.168.36.99 | op=SEND_HEARTBEAT {datanodeUUID=6491c372-a595-4104-b3e9-c4f3293baafa, command=[]} | ret=SUCCESS |  
2019-09-20 10:24:26,844 | INFO  | SCMAudit | user=jenkins1000 | ip=192.168.36.99 | op=SEND_HEARTBEAT {datanodeUUID=7af711bd-b5ae-4a73-a8be-b970cae6c2d1, command=[]} | ret=SUCCESS |  
2019-09-20 10:24:26,971 | INFO  | SCMAudit | user=jenkins1000 | ip=192.168.36.99 | op=SEND_HEARTBEAT {datanodeUUID=60260ec1-e192-4b95-89c8-d924d16a77a9, command=[]} | ret=SUCCESS |  
2019-09-20 10:24:27,023 | INFO  | SCMAudit | user=jenkins1000 | ip=192.168.36.99 | op=SEND_HEARTBEAT {datanodeUUID=9e03ffa9-cf79-407a-a150-4c035e5aec5e, command=[]} | ret=SUCCESS |  
2019-09-20 10:24:27,235 | INFO  | SCMAudit | user=jenkins1000 | ip=192.168.36.99 | op=SEND_HEARTBEAT {datanodeUUID=d2ed2d9b-7ac7-460e-84f6-6d9d6066f76d, command=[]} | ret=SUCCESS |  
2019-09-20 10:24:27,243 | INFO  | SCMAudit | user=jenkins1000 | ip=192.168.36.99 | op=SEND_HEARTBEAT {datanodeUUID=66416d0b-a71c-4af1-ae3a-62ca63b880a3, command=[]} | ret=SUCCESS |  
2019-09-20 10:24:27,243 | INFO  | SCMAudit | user=jenkins1000 | ip=192.168.36.99 | op=SEND_HEARTBEAT {datanodeUUID=c3e532f8-1a8e-44f3-b56b-d765aee893af, command=[]} | ret=SUCCESS |  
2019-09-20 10:24:27,284 | INFO  | SCMAudit | user=jenkins1000 | ip=192.168.36.99 | op=SEND_HEARTBEAT {datanodeUUID=19fb8383-7c99-4449-b95c-a26e71717844, command=[]} | ret=SUCCESS |  
2019-09-20 10:24:27,329 | INFO  | SCMAudit | user=jenkins1000 | ip=192.168.36.99 | op=SEND_HEARTBEAT {datanodeUUID=4d972e91-cb6b-45de-8bd2-c18af7abe58b, command=[]} | ret=SUCCESS |  
2019-09-20 10:24:27,392 | INFO  | SCMAudit | user=jenkins1000 | ip=192.168.36.99 | op=SEND_HEARTBEAT {datanodeUUID=17e2ba94-38a1-40e7-84e0-f6802901db84, command=[]} | ret=SUCCESS |  
2019-09-20 10:24:27,490 | INFO  | SCMAudit | user=jenkins1000 | ip=192.168.36.99 | op=SEND_HEARTBEAT {datanodeUUID=54207fe5-d92c-4c2e-b058-fbae630dabef, command=[]} | ret=SUCCESS |  
2019-09-20 10:24:27,634 | INFO  | SCMAudit | user=jenkins1000 | ip=192.168.36.99 | op=SEND_HEARTBEAT {datanodeUUID=468be06f-55e9-4831-ba6b-3db017451a79, command=[]} | ret=SUCCESS |  
2019-09-20 10:24:27,634 | INFO  | SCMAudit | user=jenkins1000 | ip=192.168.36.99 | op=SEND_HEARTBEAT {datanodeUUID=1ab786b9-c79c-4265-88a1-5b3344c6beda, command=[]} | ret=SUCCESS |  
2019-09-20 10:24:27,683 | INFO  | SCMAudit | user=jenkins1000 | ip=192.168.36.99 | op=SEND_HEARTBEAT {datanodeUUID=3d6f3241-e73c-473a-ad0b-c7be2f7e1dda, command=[]} | ret=SUCCESS |  
2019-09-20 10:24:27,713 [grpc-default-executor-1] INFO  client.GrpcClientProtocolClient (GrpcClientProtocolClient.java:onNext(255)) - client-21807ED29EC2->6491c372-a595-4104-b3e9-c4f3293baafa: receive RaftClientReply:client-21807ED29EC2->6491c372-a595-4104-b3e9-c4f3293baafa@group-576A86C1D849, cid=84, FAILED org.apache.ratis.protocol.NotLeaderException: Server 6491c372-a595-4104-b3e9-c4f3293baafa is not the leader (null). Request must be sent to leader., logIndex=0, commits[6491c372-a595-4104-b3e9-c4f3293baafa:c-1]
2019-09-20 10:24:27,772 | INFO  | SCMAudit | user=jenkins1000 | ip=192.168.36.99 | op=SEND_HEARTBEAT {datanodeUUID=6491c372-a595-4104-b3e9-c4f3293baafa, command=[]} | ret=SUCCESS |  
2019-09-20 10:24:27,844 | INFO  | SCMAudit | user=jenkins1000 | ip=192.168.36.99 | op=SEND_HEARTBEAT {datanodeUUID=7af711bd-b5ae-4a73-a8be-b970cae6c2d1, command=[]} | ret=SUCCESS |  
2019-09-20 10:24:27,971 | INFO  | SCMAudit | user=jenkins1000 | ip=192.168.36.99 | op=SEND_HEARTBEAT {datanodeUUID=60260ec1-e192-4b95-89c8-d924d16a77a9, command=[]} | ret=SUCCESS |  
2019-09-20 10:24:28,023 | INFO  | SCMAudit | user=jenkins1000 | ip=192.168.36.99 | op=SEND_HEARTBEAT {datanodeUUID=9e03ffa9-cf79-407a-a150-4c035e5aec5e, command=[]} | ret=SUCCESS |  
2019-09-20 10:24:28,170 [Thread-685] INFO  impl.FollowerState (FollowerState.java:run(106)) - 60260ec1-e192-4b95-89c8-d924d16a77a9:group-9ED848AF6C6E changes to CANDIDATE, lastRpcTime:5092, electionTimeout:5092ms
2019-09-20 10:24:28,170 [Thread-685] INFO  impl.RoleInfo (RoleInfo.java:shutdownFollowerState(121)) - 60260ec1-e192-4b95-89c8-d924d16a77a9: shutdown FollowerState
2019-09-20 10:24:28,171 [Thread-685] INFO  impl.RaftServerImpl (RaftServerImpl.java:setRole(171)) - 60260ec1-e192-4b95-89c8-d924d16a77a9:group-9ED848AF6C6E changes role from FOLLOWER to CANDIDATE at term 0 for changeToCandidate
2019-09-20 10:24:28,171 [Thread-685] INFO  impl.RoleInfo (RoleInfo.java:updateAndGet(143)) - 60260ec1-e192-4b95-89c8-d924d16a77a9: start LeaderElection
2019-09-20 10:24:28,206 [60260ec1-e192-4b95-89c8-d924d16a77a9:group-9ED848AF6C6E:LeaderElection43] INFO  impl.LeaderElection (LeaderElection.java:askForVotes(181)) - 60260ec1-e192-4b95-89c8-d924d16a77a9:group-9ED848AF6C6E:LeaderElection43: begin an election at term 1 for -1: [60260ec1-e192-4b95-89c8-d924d16a77a9:192.168.36.99:34923], old=null
2019-09-20 10:24:28,206 [60260ec1-e192-4b95-89c8-d924d16a77a9:group-9ED848AF6C6E:LeaderElection43] INFO  impl.RoleInfo (RoleInfo.java:shutdownLeaderElection(134)) - 60260ec1-e192-4b95-89c8-d924d16a77a9: shutdown LeaderElection
2019-09-20 10:24:28,207 [60260ec1-e192-4b95-89c8-d924d16a77a9:group-9ED848AF6C6E:LeaderElection43] INFO  impl.RaftServerImpl (RaftServerImpl.java:setRole(171)) - 60260ec1-e192-4b95-89c8-d924d16a77a9:group-9ED848AF6C6E changes role from CANDIDATE to LEADER at term 1 for changeToLeader
2019-09-20 10:24:28,207 [60260ec1-e192-4b95-89c8-d924d16a77a9:group-9ED848AF6C6E:LeaderElection43] INFO  impl.RaftServerImpl (ServerState.java:setLeader(263)) - 60260ec1-e192-4b95-89c8-d924d16a77a9:group-9ED848AF6C6E change Leader from null to 60260ec1-e192-4b95-89c8-d924d16a77a9 at term 1 for becomeLeader, leader elected after 5134ms
2019-09-20 10:24:28,207 [60260ec1-e192-4b95-89c8-d924d16a77a9:group-9ED848AF6C6E:LeaderElection43] INFO  server.RaftServerConfigKeys (ConfUtils.java:logGet(43)) - raft.server.staging.catchup.gap = 1000 (default)
2019-09-20 10:24:28,207 [60260ec1-e192-4b95-89c8-d924d16a77a9:group-9ED848AF6C6E:LeaderElection43] INFO  server.RaftServerConfigKeys (ConfUtils.java:logGet(43)) - raft.server.rpc.sleep.time = 25ms (default)
2019-09-20 10:24:28,207 [60260ec1-e192-4b95-89c8-d924d16a77a9:group-9ED848AF6C6E:LeaderElection43] INFO  server.RaftServerConfigKeys (ConfUtils.java:logGet(43)) - raft.server.write.element-limit = 4096 (default)
2019-09-20 10:24:28,207 [60260ec1-e192-4b95-89c8-d924d16a77a9:group-9ED848AF6C6E:LeaderElection43] INFO  server.RaftServerConfigKeys (ConfUtils.java:logGet(43)) - raft.server.watch.timeout = 10s (default)
2019-09-20 10:24:28,208 [60260ec1-e192-4b95-89c8-d924d16a77a9:group-9ED848AF6C6E:LeaderElection43] INFO  server.RaftServerConfigKeys (ConfUtils.java:logGet(43)) - raft.server.watch.timeout.denomination = 1s (default)
2019-09-20 10:24:28,208 [60260ec1-e192-4b95-89c8-d924d16a77a9:group-9ED848AF6C6E:LeaderElection43] INFO  server.RaftServerConfigKeys (ConfUtils.java:logGet(43)) - raft.server.watch.element-limit = 65536 (default)
2019-09-20 10:24:28,208 [60260ec1-e192-4b95-89c8-d924d16a77a9:group-9ED848AF6C6E:LeaderElection43] INFO  impl.RoleInfo (RoleInfo.java:updateAndGet(143)) - 60260ec1-e192-4b95-89c8-d924d16a77a9: start LeaderState
2019-09-20 10:24:28,208 [60260ec1-e192-4b95-89c8-d924d16a77a9:group-9ED848AF6C6E:LeaderElection43] INFO  segmented.SegmentedRaftLogWorker (SegmentedRaftLogWorker.java:startLogSegment(380)) - 60260ec1-e192-4b95-89c8-d924d16a77a9-SegmentedRaftLogWorker:Storage Directory /workdir/hadoop-ozone/integration-test/target/test-dir/MiniOzoneClusterImpl-0561fc2e-9288-4596-b687-0c9fb03504b1/datanode-0/data/ratis/892085f9-28f3-47af-8bcc-9ed848af6c6e: Starting segment from index:0
2019-09-20 10:24:28,209 [60260ec1-e192-4b95-89c8-d924d16a77a9:group-9ED848AF6C6E:LeaderElection43] INFO  impl.RaftServerImpl (ServerState.java:setRaftConf(361)) - 60260ec1-e192-4b95-89c8-d924d16a77a9:group-9ED848AF6C6E set configuration 0: [60260ec1-e192-4b95-89c8-d924d16a77a9:192.168.36.99:34923], old=null at 0
2019-09-20 10:24:28,236 | INFO  | SCMAudit | user=jenkins1000 | ip=192.168.36.99 | op=SEND_HEARTBEAT {datanodeUUID=d2ed2d9b-7ac7-460e-84f6-6d9d6066f76d, command=[]} | ret=SUCCESS |  
2019-09-20 10:24:28,243 | INFO  | SCMAudit | user=jenkins1000 | ip=192.168.36.99 | op=SEND_HEARTBEAT {datanodeUUID=66416d0b-a71c-4af1-ae3a-62ca63b880a3, command=[]} | ret=SUCCESS |  
2019-09-20 10:24:28,244 | INFO  | SCMAudit | user=jenkins1000 | ip=192.168.36.99 | op=SEND_HEARTBEAT {datanodeUUID=c3e532f8-1a8e-44f3-b56b-d765aee893af, command=[]} | ret=SUCCESS |  
2019-09-20 10:24:28,273 [60260ec1-e192-4b95-89c8-d924d16a77a9-SegmentedRaftLogWorker:Storage Directory /workdir/hadoop-ozone/integration-test/target/test-dir/MiniOzoneClusterImpl-0561fc2e-9288-4596-b687-0c9fb03504b1/datanode-0/data/ratis/892085f9-28f3-47af-8bcc-9ed848af6c6e] INFO  segmented.SegmentedRaftLogWorker (SegmentedRaftLogWorker.java:execute(569)) - 60260ec1-e192-4b95-89c8-d924d16a77a9-SegmentedRaftLogWorker:Storage Directory /workdir/hadoop-ozone/integration-test/target/test-dir/MiniOzoneClusterImpl-0561fc2e-9288-4596-b687-0c9fb03504b1/datanode-0/data/ratis/892085f9-28f3-47af-8bcc-9ed848af6c6e: created new log segment /workdir/hadoop-ozone/integration-test/target/test-dir/MiniOzoneClusterImpl-0561fc2e-9288-4596-b687-0c9fb03504b1/datanode-0/data/ratis/892085f9-28f3-47af-8bcc-9ed848af6c6e/current/log_inprogress_0
2019-09-20 10:24:28,284 | INFO  | SCMAudit | user=jenkins1000 | ip=192.168.36.99 | op=SEND_HEARTBEAT {datanodeUUID=19fb8383-7c99-4449-b95c-a26e71717844, command=[]} | ret=SUCCESS |  
2019-09-20 10:24:28,293 [Thread-688] INFO  impl.FollowerState (FollowerState.java:run(106)) - 60260ec1-e192-4b95-89c8-d924d16a77a9:group-14C8E7398B5B changes to CANDIDATE, lastRpcTime:5131, electionTimeout:5131ms
2019-09-20 10:24:28,293 [Thread-688] INFO  impl.RoleInfo (RoleInfo.java:shutdownFollowerState(121)) - 60260ec1-e192-4b95-89c8-d924d16a77a9: shutdown FollowerState
2019-09-20 10:24:28,293 [Thread-688] INFO  impl.RaftServerImpl (RaftServerImpl.java:setRole(171)) - 60260ec1-e192-4b95-89c8-d924d16a77a9:group-14C8E7398B5B changes role from FOLLOWER to CANDIDATE at term 0 for changeToCandidate
2019-09-20 10:24:28,293 [Thread-688] INFO  impl.RoleInfo (RoleInfo.java:updateAndGet(143)) - 60260ec1-e192-4b95-89c8-d924d16a77a9: start LeaderElection
2019-09-20 10:24:28,302 [Thread-694] INFO  impl.FollowerState (FollowerState.java:run(106)) - 60260ec1-e192-4b95-89c8-d924d16a77a9:group-8BFFEE4FBA6E changes to CANDIDATE, lastRpcTime:5022, electionTimeout:5017ms
2019-09-20 10:24:28,302 [Thread-694] INFO  impl.RoleInfo (RoleInfo.java:shutdownFollowerState(121)) - 60260ec1-e192-4b95-89c8-d924d16a77a9: shutdown FollowerState
2019-09-20 10:24:28,302 [Thread-694] INFO  impl.RaftServerImpl (RaftServerImpl.java:setRole(171)) - 60260ec1-e192-4b95-89c8-d924d16a77a9:group-8BFFEE4FBA6E changes role from FOLLOWER to CANDIDATE at term 0 for changeToCandidate
2019-09-20 10:24:28,302 [Thread-694] INFO  impl.RoleInfo (RoleInfo.java:updateAndGet(143)) - 60260ec1-e192-4b95-89c8-d924d16a77a9: start LeaderElection
2019-09-20 10:24:28,319 [Thread-691] INFO  impl.FollowerState (FollowerState.java:run(106)) - 60260ec1-e192-4b95-89c8-d924d16a77a9:group-2F01CD13D029 changes to CANDIDATE, lastRpcTime:5099, electionTimeout:5099ms
2019-09-20 10:24:28,319 [Thread-691] INFO  impl.RoleInfo (RoleInfo.java:shutdownFollowerState(121)) - 60260ec1-e192-4b95-89c8-d924d16a77a9: shutdown FollowerState
2019-09-20 10:24:28,319 [Thread-691] INFO  impl.RaftServerImpl (RaftServerImpl.java:setRole(171)) - 60260ec1-e192-4b95-89c8-d924d16a77a9:group-2F01CD13D029 changes role from FOLLOWER to CANDIDATE at term 0 for changeToCandidate
2019-09-20 10:24:28,320 [Thread-691] INFO  impl.RoleInfo (RoleInfo.java:updateAndGet(143)) - 60260ec1-e192-4b95-89c8-d924d16a77a9: start LeaderElection
2019-09-20 10:24:28,339 [60260ec1-e192-4b95-89c8-d924d16a77a9:group-8BFFEE4FBA6E:LeaderElection45] INFO  impl.LeaderElection (LeaderElection.java:askForVotes(181)) - 60260ec1-e192-4b95-89c8-d924d16a77a9:group-8BFFEE4FBA6E:LeaderElection45: begin an election at term 1 for -1: [60260ec1-e192-4b95-89c8-d924d16a77a9:192.168.36.99:34923], old=null
2019-09-20 10:24:28,339 [60260ec1-e192-4b95-89c8-d924d16a77a9:group-14C8E7398B5B:LeaderElection44] INFO  impl.LeaderElection (LeaderElection.java:askForVotes(181)) - 60260ec1-e192-4b95-89c8-d924d16a77a9:group-14C8E7398B5B:LeaderElection44: begin an election at term 1 for -1: [60260ec1-e192-4b95-89c8-d924d16a77a9:192.168.36.99:34923], old=null
2019-09-20 10:24:28,340 [60260ec1-e192-4b95-89c8-d924d16a77a9:group-8BFFEE4FBA6E:LeaderElection45] INFO  impl.RoleInfo (RoleInfo.java:shutdownLeaderElection(134)) - 60260ec1-e192-4b95-89c8-d924d16a77a9: shutdown LeaderElection
2019-09-20 10:24:28,340 [60260ec1-e192-4b95-89c8-d924d16a77a9:group-14C8E7398B5B:LeaderElection44] INFO  impl.RoleInfo (RoleInfo.java:shutdownLeaderElection(134)) - 60260ec1-e192-4b95-89c8-d924d16a77a9: shutdown LeaderElection
2019-09-20 10:24:28,340 [60260ec1-e192-4b95-89c8-d924d16a77a9:group-8BFFEE4FBA6E:LeaderElection45] INFO  impl.RaftServerImpl (RaftServerImpl.java:setRole(171)) - 60260ec1-e192-4b95-89c8-d924d16a77a9:group-8BFFEE4FBA6E changes role from CANDIDATE to LEADER at term 1 for changeToLeader
2019-09-20 10:24:28,340 [60260ec1-e192-4b95-89c8-d924d16a77a9:group-14C8E7398B5B:LeaderElection44] INFO  impl.RaftServerImpl (RaftServerImpl.java:setRole(171)) - 60260ec1-e192-4b95-89c8-d924d16a77a9:group-14C8E7398B5B changes role from CANDIDATE to LEADER at term 1 for changeToLeader
2019-09-20 10:24:28,340 [60260ec1-e192-4b95-89c8-d924d16a77a9:group-8BFFEE4FBA6E:LeaderElection45] INFO  impl.RaftServerImpl (ServerState.java:setLeader(263)) - 60260ec1-e192-4b95-89c8-d924d16a77a9:group-8BFFEE4FBA6E change Leader from null to 60260ec1-e192-4b95-89c8-d924d16a77a9 at term 1 for becomeLeader, leader elected after 5064ms
2019-09-20 10:24:28,340 [60260ec1-e192-4b95-89c8-d924d16a77a9:group-14C8E7398B5B:LeaderElection44] INFO  impl.RaftServerImpl (ServerState.java:setLeader(263)) - 60260ec1-e192-4b95-89c8-d924d16a77a9:group-14C8E7398B5B change Leader from null to 60260ec1-e192-4b95-89c8-d924d16a77a9 at term 1 for becomeLeader, leader elected after 5183ms
2019-09-20 10:24:28,340 [60260ec1-e192-4b95-89c8-d924d16a77a9:group-8BFFEE4FBA6E:LeaderElection45] INFO  server.RaftServerConfigKeys (ConfUtils.java:logGet(43)) - raft.server.staging.catchup.gap = 1000 (default)
2019-09-20 10:24:28,340 [60260ec1-e192-4b95-89c8-d924d16a77a9:group-14C8E7398B5B:LeaderElection44] INFO  server.RaftServerConfigKeys (ConfUtils.java:logGet(43)) - raft.server.staging.catchup.gap = 1000 (default)
2019-09-20 10:24:28,341 | INFO  | SCMAudit | user=jenkins1000 | ip=192.168.36.99 | op=SEND_HEARTBEAT {datanodeUUID=4d972e91-cb6b-45de-8bd2-c18af7abe58b, command=[]} | ret=SUCCESS |  
2019-09-20 10:24:28,341 [60260ec1-e192-4b95-89c8-d924d16a77a9:group-8BFFEE4FBA6E:LeaderElection45] INFO  server.RaftServerConfigKeys (ConfUtils.java:logGet(43)) - raft.server.rpc.sleep.time = 25ms (default)
2019-09-20 10:24:28,341 [60260ec1-e192-4b95-89c8-d924d16a77a9:group-14C8E7398B5B:LeaderElection44] INFO  server.RaftServerConfigKeys (ConfUtils.java:logGet(43)) - raft.server.rpc.sleep.time = 25ms (default)
2019-09-20 10:24:28,341 [60260ec1-e192-4b95-89c8-d924d16a77a9:group-8BFFEE4FBA6E:LeaderElection45] INFO  server.RaftServerConfigKeys (ConfUtils.java:logGet(43)) - raft.server.write.element-limit = 4096 (default)
2019-09-20 10:24:28,341 [60260ec1-e192-4b95-89c8-d924d16a77a9:group-14C8E7398B5B:LeaderElection44] INFO  server.RaftServerConfigKeys (ConfUtils.java:logGet(43)) - raft.server.write.element-limit = 4096 (default)
2019-09-20 10:24:28,341 [60260ec1-e192-4b95-89c8-d924d16a77a9:group-8BFFEE4FBA6E:LeaderElection45] INFO  server.RaftServerConfigKeys (ConfUtils.java:logGet(43)) - raft.server.watch.timeout = 10s (default)
2019-09-20 10:24:28,341 [60260ec1-e192-4b95-89c8-d924d16a77a9:group-14C8E7398B5B:LeaderElection44] INFO  server.RaftServerConfigKeys (ConfUtils.java:logGet(43)) - raft.server.watch.timeout = 10s (default)
2019-09-20 10:24:28,341 [60260ec1-e192-4b95-89c8-d924d16a77a9:group-8BFFEE4FBA6E:LeaderElection45] INFO  server.RaftServerConfigKeys (ConfUtils.java:logGet(43)) - raft.server.watch.timeout.denomination = 1s (default)
2019-09-20 10:24:28,342 [60260ec1-e192-4b95-89c8-d924d16a77a9:group-14C8E7398B5B:LeaderElection44] INFO  server.RaftServerConfigKeys (ConfUtils.java:logGet(43)) - raft.server.watch.timeout.denomination = 1s (default)
2019-09-20 10:24:28,342 [60260ec1-e192-4b95-89c8-d924d16a77a9:group-8BFFEE4FBA6E:LeaderElection45] INFO  server.RaftServerConfigKeys (ConfUtils.java:logGet(43)) - raft.server.watch.element-limit = 65536 (default)
2019-09-20 10:24:28,342 [60260ec1-e192-4b95-89c8-d924d16a77a9:group-14C8E7398B5B:LeaderElection44] INFO  server.RaftServerConfigKeys (ConfUtils.java:logGet(43)) - raft.server.watch.element-limit = 65536 (default)
2019-09-20 10:24:28,342 [60260ec1-e192-4b95-89c8-d924d16a77a9:group-8BFFEE4FBA6E:LeaderElection45] INFO  impl.RoleInfo (RoleInfo.java:updateAndGet(143)) - 60260ec1-e192-4b95-89c8-d924d16a77a9: start LeaderState
2019-09-20 10:24:28,342 [60260ec1-e192-4b95-89c8-d924d16a77a9:group-14C8E7398B5B:LeaderElection44] INFO  impl.RoleInfo (RoleInfo.java:updateAndGet(143)) - 60260ec1-e192-4b95-89c8-d924d16a77a9: start LeaderState
2019-09-20 10:24:28,343 [60260ec1-e192-4b95-89c8-d924d16a77a9:group-14C8E7398B5B:LeaderElection44] INFO  segmented.SegmentedRaftLogWorker (SegmentedRaftLogWorker.java:startLogSegment(380)) - 60260ec1-e192-4b95-89c8-d924d16a77a9-SegmentedRaftLogWorker:Storage Directory /workdir/hadoop-ozone/integration-test/target/test-dir/MiniOzoneClusterImpl-0561fc2e-9288-4596-b687-0c9fb03504b1/datanode-0/data/ratis/9d2368ef-5daa-4ccf-b044-14c8e7398b5b: Starting segment from index:0
2019-09-20 10:24:28,343 [60260ec1-e192-4b95-89c8-d924d16a77a9:group-8BFFEE4FBA6E:LeaderElection45] INFO  segmented.SegmentedRaftLogWorker (SegmentedRaftLogWorker.java:startLogSegment(380)) - 60260ec1-e192-4b95-89c8-d924d16a77a9-SegmentedRaftLogWorker:Storage Directory /workdir/hadoop-ozone/integration-test/target/test-dir/MiniOzoneClusterImpl-0561fc2e-9288-4596-b687-0c9fb03504b1/datanode-0/data/ratis/adb5e36c-d59c-44d2-a066-8bffee4fba6e: Starting segment from index:0
2019-09-20 10:24:28,344 [60260ec1-e192-4b95-89c8-d924d16a77a9:group-14C8E7398B5B:LeaderElection44] INFO  impl.RaftServerImpl (ServerState.java:setRaftConf(361)) - 60260ec1-e192-4b95-89c8-d924d16a77a9:group-14C8E7398B5B set configuration 0: [60260ec1-e192-4b95-89c8-d924d16a77a9:192.168.36.99:34923], old=null at 0
2019-09-20 10:24:28,344 [60260ec1-e192-4b95-89c8-d924d16a77a9:group-8BFFEE4FBA6E:LeaderElection45] INFO  impl.RaftServerImpl (ServerState.java:setRaftConf(361)) - 60260ec1-e192-4b95-89c8-d924d16a77a9:group-8BFFEE4FBA6E set configuration 0: [60260ec1-e192-4b95-89c8-d924d16a77a9:192.168.36.99:34923], old=null at 0
2019-09-20 10:24:28,357 [60260ec1-e192-4b95-89c8-d924d16a77a9:group-2F01CD13D029:LeaderElection46] INFO  impl.LeaderElection (LeaderElection.java:askForVotes(181)) - 60260ec1-e192-4b95-89c8-d924d16a77a9:group-2F01CD13D029:LeaderElection46: begin an election at term 1 for -1: [60260ec1-e192-4b95-89c8-d924d16a77a9:192.168.36.99:34923], old=null
2019-09-20 10:24:28,357 [60260ec1-e192-4b95-89c8-d924d16a77a9:group-2F01CD13D029:LeaderElection46] INFO  impl.RoleInfo (RoleInfo.java:shutdownLeaderElection(134)) - 60260ec1-e192-4b95-89c8-d924d16a77a9: shutdown LeaderElection
2019-09-20 10:24:28,358 [60260ec1-e192-4b95-89c8-d924d16a77a9:group-2F01CD13D029:LeaderElection46] INFO  impl.RaftServerImpl (RaftServerImpl.java:setRole(171)) - 60260ec1-e192-4b95-89c8-d924d16a77a9:group-2F01CD13D029 changes role from CANDIDATE to LEADER at term 1 for changeToLeader
2019-09-20 10:24:28,358 [60260ec1-e192-4b95-89c8-d924d16a77a9:group-2F01CD13D029:LeaderElection46] INFO  impl.RaftServerImpl (ServerState.java:setLeader(263)) - 60260ec1-e192-4b95-89c8-d924d16a77a9:group-2F01CD13D029 change Leader from null to 60260ec1-e192-4b95-89c8-d924d16a77a9 at term 1 for becomeLeader, leader elected after 5141ms
2019-09-20 10:24:28,358 [60260ec1-e192-4b95-89c8-d924d16a77a9:group-2F01CD13D029:LeaderElection46] INFO  server.RaftServerConfigKeys (ConfUtils.java:logGet(43)) - raft.server.staging.catchup.gap = 1000 (default)
2019-09-20 10:24:28,358 [60260ec1-e192-4b95-89c8-d924d16a77a9:group-2F01CD13D029:LeaderElection46] INFO  server.RaftServerConfigKeys (ConfUtils.java:logGet(43)) - raft.server.rpc.sleep.time = 25ms (default)
2019-09-20 10:24:28,358 [60260ec1-e192-4b95-89c8-d924d16a77a9:group-2F01CD13D029:LeaderElection46] INFO  server.RaftServerConfigKeys (ConfUtils.java:logGet(43)) - raft.server.write.element-limit = 4096 (default)
2019-09-20 10:24:28,358 [60260ec1-e192-4b95-89c8-d924d16a77a9:group-2F01CD13D029:LeaderElection46] INFO  server.RaftServerConfigKeys (ConfUtils.java:logGet(43)) - raft.server.watch.timeout = 10s (default)
2019-09-20 10:24:28,358 [60260ec1-e192-4b95-89c8-d924d16a77a9:group-2F01CD13D029:LeaderElection46] INFO  server.RaftServerConfigKeys (ConfUtils.java:logGet(43)) - raft.server.watch.timeout.denomination = 1s (default)
2019-09-20 10:24:28,358 [60260ec1-e192-4b95-89c8-d924d16a77a9:group-2F01CD13D029:LeaderElection46] INFO  server.RaftServerConfigKeys (ConfUtils.java:logGet(43)) - raft.server.watch.element-limit = 65536 (default)
2019-09-20 10:24:28,359 [60260ec1-e192-4b95-89c8-d924d16a77a9:group-2F01CD13D029:LeaderElection46] INFO  impl.RoleInfo (RoleInfo.java:updateAndGet(143)) - 60260ec1-e192-4b95-89c8-d924d16a77a9: start LeaderState
2019-09-20 10:24:28,359 [60260ec1-e192-4b95-89c8-d924d16a77a9:group-2F01CD13D029:LeaderElection46] INFO  segmented.SegmentedRaftLogWorker (SegmentedRaftLogWorker.java:startLogSegment(380)) - 60260ec1-e192-4b95-89c8-d924d16a77a9-SegmentedRaftLogWorker:Storage Directory /workdir/hadoop-ozone/integration-test/target/test-dir/MiniOzoneClusterImpl-0561fc2e-9288-4596-b687-0c9fb03504b1/datanode-0/data/ratis/fd2dbcea-c8ce-423b-b078-2f01cd13d029: Starting segment from index:0
2019-09-20 10:24:28,359 [60260ec1-e192-4b95-89c8-d924d16a77a9:group-2F01CD13D029:LeaderElection46] INFO  impl.RaftServerImpl (ServerState.java:setRaftConf(361)) - 60260ec1-e192-4b95-89c8-d924d16a77a9:group-2F01CD13D029 set configuration 0: [60260ec1-e192-4b95-89c8-d924d16a77a9:192.168.36.99:34923], old=null at 0
2019-09-20 10:24:28,392 | INFO  | SCMAudit | user=jenkins1000 | ip=192.168.36.99 | op=SEND_HEARTBEAT {datanodeUUID=17e2ba94-38a1-40e7-84e0-f6802901db84, command=[]} | ret=SUCCESS |  
2019-09-20 10:24:28,399 [60260ec1-e192-4b95-89c8-d924d16a77a9-SegmentedRaftLogWorker:Storage Directory /workdir/hadoop-ozone/integration-test/target/test-dir/MiniOzoneClusterImpl-0561fc2e-9288-4596-b687-0c9fb03504b1/datanode-0/data/ratis/adb5e36c-d59c-44d2-a066-8bffee4fba6e] INFO  segmented.SegmentedRaftLogWorker (SegmentedRaftLogWorker.java:execute(569)) - 60260ec1-e192-4b95-89c8-d924d16a77a9-SegmentedRaftLogWorker:Storage Directory /workdir/hadoop-ozone/integration-test/target/test-dir/MiniOzoneClusterImpl-0561fc2e-9288-4596-b687-0c9fb03504b1/datanode-0/data/ratis/adb5e36c-d59c-44d2-a066-8bffee4fba6e: created new log segment /workdir/hadoop-ozone/integration-test/target/test-dir/MiniOzoneClusterImpl-0561fc2e-9288-4596-b687-0c9fb03504b1/datanode-0/data/ratis/adb5e36c-d59c-44d2-a066-8bffee4fba6e/current/log_inprogress_0
2019-09-20 10:24:28,416 [60260ec1-e192-4b95-89c8-d924d16a77a9-SegmentedRaftLogWorker:Storage Directory /workdir/hadoop-ozone/integration-test/target/test-dir/MiniOzoneClusterImpl-0561fc2e-9288-4596-b687-0c9fb03504b1/datanode-0/data/ratis/9d2368ef-5daa-4ccf-b044-14c8e7398b5b] INFO  segmented.SegmentedRaftLogWorker (SegmentedRaftLogWorker.java:execute(569)) - 60260ec1-e192-4b95-89c8-d924d16a77a9-SegmentedRaftLogWorker:Storage Directory /workdir/hadoop-ozone/integration-test/target/test-dir/MiniOzoneClusterImpl-0561fc2e-9288-4596-b687-0c9fb03504b1/datanode-0/data/ratis/9d2368ef-5daa-4ccf-b044-14c8e7398b5b: created new log segment /workdir/hadoop-ozone/integration-test/target/test-dir/MiniOzoneClusterImpl-0561fc2e-9288-4596-b687-0c9fb03504b1/datanode-0/data/ratis/9d2368ef-5daa-4ccf-b044-14c8e7398b5b/current/log_inprogress_0
2019-09-20 10:24:28,433 [60260ec1-e192-4b95-89c8-d924d16a77a9-SegmentedRaftLogWorker:Storage Directory /workdir/hadoop-ozone/integration-test/target/test-dir/MiniOzoneClusterImpl-0561fc2e-9288-4596-b687-0c9fb03504b1/datanode-0/data/ratis/fd2dbcea-c8ce-423b-b078-2f01cd13d029] INFO  segmented.SegmentedRaftLogWorker (SegmentedRaftLogWorker.java:execute(569)) - 60260ec1-e192-4b95-89c8-d924d16a77a9-SegmentedRaftLogWorker:Storage Directory /workdir/hadoop-ozone/integration-test/target/test-dir/MiniOzoneClusterImpl-0561fc2e-9288-4596-b687-0c9fb03504b1/datanode-0/data/ratis/fd2dbcea-c8ce-423b-b078-2f01cd13d029: created new log segment /workdir/hadoop-ozone/integration-test/target/test-dir/MiniOzoneClusterImpl-0561fc2e-9288-4596-b687-0c9fb03504b1/datanode-0/data/ratis/fd2dbcea-c8ce-423b-b078-2f01cd13d029/current/log_inprogress_0
2019-09-20 10:24:28,451 [Thread-700] INFO  impl.FollowerState (FollowerState.java:run(106)) - 60260ec1-e192-4b95-89c8-d924d16a77a9:group-FB247963BED6 changes to CANDIDATE, lastRpcTime:5028, electionTimeout:5028ms
2019-09-20 10:24:28,452 [Thread-700] INFO  impl.RoleInfo (RoleInfo.java:shutdownFollowerState(121)) - 60260ec1-e192-4b95-89c8-d924d16a77a9: shutdown FollowerState
2019-09-20 10:24:28,452 [Thread-700] INFO  impl.RaftServerImpl (RaftServerImpl.java:setRole(171)) - 60260ec1-e192-4b95-89c8-d924d16a77a9:group-FB247963BED6 changes role from FOLLOWER to CANDIDATE at term 0 for changeToCandidate
2019-09-20 10:24:28,452 [Thread-700] INFO  impl.RoleInfo (RoleInfo.java:updateAndGet(143)) - 60260ec1-e192-4b95-89c8-d924d16a77a9: start LeaderElection
2019-09-20 10:24:28,475 [60260ec1-e192-4b95-89c8-d924d16a77a9:group-FB247963BED6:LeaderElection47] INFO  impl.LeaderElection (LeaderElection.java:askForVotes(181)) - 60260ec1-e192-4b95-89c8-d924d16a77a9:group-FB247963BED6:LeaderElection47: begin an election at term 1 for -1: [60260ec1-e192-4b95-89c8-d924d16a77a9:192.168.36.99:34923], old=null
2019-09-20 10:24:28,475 [60260ec1-e192-4b95-89c8-d924d16a77a9:group-FB247963BED6:LeaderElection47] INFO  impl.RoleInfo (RoleInfo.java:shutdownLeaderElection(134)) - 60260ec1-e192-4b95-89c8-d924d16a77a9: shutdown LeaderElection
2019-09-20 10:24:28,475 [60260ec1-e192-4b95-89c8-d924d16a77a9:group-FB247963BED6:LeaderElection47] INFO  impl.RaftServerImpl (RaftServerImpl.java:setRole(171)) - 60260ec1-e192-4b95-89c8-d924d16a77a9:group-FB247963BED6 changes role from CANDIDATE to LEADER at term 1 for changeToLeader
2019-09-20 10:24:28,476 [60260ec1-e192-4b95-89c8-d924d16a77a9:group-FB247963BED6:LeaderElection47] INFO  impl.RaftServerImpl (ServerState.java:setLeader(263)) - 60260ec1-e192-4b95-89c8-d924d16a77a9:group-FB247963BED6 change Leader from null to 60260ec1-e192-4b95-89c8-d924d16a77a9 at term 1 for becomeLeader, leader elected after 5056ms
2019-09-20 10:24:28,476 [60260ec1-e192-4b95-89c8-d924d16a77a9:group-FB247963BED6:LeaderElection47] INFO  server.RaftServerConfigKeys (ConfUtils.java:logGet(43)) - raft.server.staging.catchup.gap = 1000 (default)
2019-09-20 10:24:28,476 [60260ec1-e192-4b95-89c8-d924d16a77a9:group-FB247963BED6:LeaderElection47] INFO  server.RaftServerConfigKeys (ConfUtils.java:logGet(43)) - raft.server.rpc.sleep.time = 25ms (default)
2019-09-20 10:24:28,476 [60260ec1-e192-4b95-89c8-d924d16a77a9:group-FB247963BED6:LeaderElection47] INFO  server.RaftServerConfigKeys (ConfUtils.java:logGet(43)) - raft.server.write.element-limit = 4096 (default)
2019-09-20 10:24:28,476 [60260ec1-e192-4b95-89c8-d924d16a77a9:group-FB247963BED6:LeaderElection47] INFO  server.RaftServerConfigKeys (ConfUtils.java:logGet(43)) - raft.server.watch.timeout = 10s (default)
2019-09-20 10:24:28,476 [60260ec1-e192-4b95-89c8-d924d16a77a9:group-FB247963BED6:LeaderElection47] INFO  server.RaftServerConfigKeys (ConfUtils.java:logGet(43)) - raft.server.watch.timeout.denomination = 1s (default)
2019-09-20 10:24:28,476 [60260ec1-e192-4b95-89c8-d924d16a77a9:group-FB247963BED6:LeaderElection47] INFO  server.RaftServerConfigKeys (ConfUtils.java:logGet(43)) - raft.server.watch.element-limit = 65536 (default)
2019-09-20 10:24:28,476 [60260ec1-e192-4b95-89c8-d924d16a77a9:group-FB247963BED6:LeaderElection47] INFO  impl.RoleInfo (RoleInfo.java:updateAndGet(143)) - 60260ec1-e192-4b95-89c8-d924d16a77a9: start LeaderState
2019-09-20 10:24:28,477 [60260ec1-e192-4b95-89c8-d924d16a77a9:group-FB247963BED6:LeaderElection47] INFO  segmented.SegmentedRaftLogWorker (SegmentedRaftLogWorker.java:startLogSegment(380)) - 60260ec1-e192-4b95-89c8-d924d16a77a9-SegmentedRaftLogWorker:Storage Directory /workdir/hadoop-ozone/integration-test/target/test-dir/MiniOzoneClusterImpl-0561fc2e-9288-4596-b687-0c9fb03504b1/datanode-0/data/ratis/01975efc-f665-495e-a66c-fb247963bed6: Starting segment from index:0
2019-09-20 10:24:28,477 [60260ec1-e192-4b95-89c8-d924d16a77a9:group-FB247963BED6:LeaderElection47] INFO  impl.RaftServerImpl (ServerState.java:setRaftConf(361)) - 60260ec1-e192-4b95-89c8-d924d16a77a9:group-FB247963BED6 set configuration 0: [60260ec1-e192-4b95-89c8-d924d16a77a9:192.168.36.99:34923], old=null at 0
2019-09-20 10:24:28,490 | INFO  | SCMAudit | user=jenkins1000 | ip=192.168.36.99 | op=SEND_HEARTBEAT {datanodeUUID=54207fe5-d92c-4c2e-b058-fbae630dabef, command=[]} | ret=SUCCESS |  
2019-09-20 10:24:28,529 [Thread-697] INFO  impl.FollowerState (FollowerState.java:run(106)) - d2ed2d9b-7ac7-460e-84f6-6d9d6066f76d:group-FCB75A6010AF changes to CANDIDATE, lastRpcTime:5171, electionTimeout:5171ms
2019-09-20 10:24:28,529 [Thread-697] INFO  impl.RoleInfo (RoleInfo.java:shutdownFollowerState(121)) - d2ed2d9b-7ac7-460e-84f6-6d9d6066f76d: shutdown FollowerState
2019-09-20 10:24:28,529 [Thread-697] INFO  impl.RaftServerImpl (RaftServerImpl.java:setRole(171)) - d2ed2d9b-7ac7-460e-84f6-6d9d6066f76d:group-FCB75A6010AF changes role from FOLLOWER to CANDIDATE at term 0 for changeToCandidate
2019-09-20 10:24:28,529 [Thread-697] INFO  impl.RoleInfo (RoleInfo.java:updateAndGet(143)) - d2ed2d9b-7ac7-460e-84f6-6d9d6066f76d: start LeaderElection
2019-09-20 10:24:28,542 [60260ec1-e192-4b95-89c8-d924d16a77a9-SegmentedRaftLogWorker:Storage Directory /workdir/hadoop-ozone/integration-test/target/test-dir/MiniOzoneClusterImpl-0561fc2e-9288-4596-b687-0c9fb03504b1/datanode-0/data/ratis/01975efc-f665-495e-a66c-fb247963bed6] INFO  segmented.SegmentedRaftLogWorker (SegmentedRaftLogWorker.java:execute(569)) - 60260ec1-e192-4b95-89c8-d924d16a77a9-SegmentedRaftLogWorker:Storage Directory /workdir/hadoop-ozone/integration-test/target/test-dir/MiniOzoneClusterImpl-0561fc2e-9288-4596-b687-0c9fb03504b1/datanode-0/data/ratis/01975efc-f665-495e-a66c-fb247963bed6: created new log segment /workdir/hadoop-ozone/integration-test/target/test-dir/MiniOzoneClusterImpl-0561fc2e-9288-4596-b687-0c9fb03504b1/datanode-0/data/ratis/01975efc-f665-495e-a66c-fb247963bed6/current/log_inprogress_0
2019-09-20 10:24:28,559 [d2ed2d9b-7ac7-460e-84f6-6d9d6066f76d:group-FCB75A6010AF:LeaderElection48] INFO  impl.LeaderElection (LeaderElection.java:askForVotes(181)) - d2ed2d9b-7ac7-460e-84f6-6d9d6066f76d:group-FCB75A6010AF:LeaderElection48: begin an election at term 1 for -1: [d2ed2d9b-7ac7-460e-84f6-6d9d6066f76d:192.168.36.99:37669], old=null
2019-09-20 10:24:28,559 [d2ed2d9b-7ac7-460e-84f6-6d9d6066f76d:group-FCB75A6010AF:LeaderElection48] INFO  impl.RoleInfo (RoleInfo.java:shutdownLeaderElection(134)) - d2ed2d9b-7ac7-460e-84f6-6d9d6066f76d: shutdown LeaderElection
2019-09-20 10:24:28,559 [d2ed2d9b-7ac7-460e-84f6-6d9d6066f76d:group-FCB75A6010AF:LeaderElection48] INFO  impl.RaftServerImpl (RaftServerImpl.java:setRole(171)) - d2ed2d9b-7ac7-460e-84f6-6d9d6066f76d:group-FCB75A6010AF changes role from CANDIDATE to LEADER at term 1 for changeToLeader
2019-09-20 10:24:28,559 [d2ed2d9b-7ac7-460e-84f6-6d9d6066f76d:group-FCB75A6010AF:LeaderElection48] INFO  impl.RaftServerImpl (ServerState.java:setLeader(263)) - d2ed2d9b-7ac7-460e-84f6-6d9d6066f76d:group-FCB75A6010AF change Leader from null to d2ed2d9b-7ac7-460e-84f6-6d9d6066f76d at term 1 for becomeLeader, leader elected after 5208ms
2019-09-20 10:24:28,560 [d2ed2d9b-7ac7-460e-84f6-6d9d6066f76d:group-FCB75A6010AF:LeaderElection48] INFO  server.RaftServerConfigKeys (ConfUtils.java:logGet(43)) - raft.server.staging.catchup.gap = 1000 (default)
2019-09-20 10:24:28,560 [d2ed2d9b-7ac7-460e-84f6-6d9d6066f76d:group-FCB75A6010AF:LeaderElection48] INFO  server.RaftServerConfigKeys (ConfUtils.java:logGet(43)) - raft.server.rpc.sleep.time = 25ms (default)
2019-09-20 10:24:28,560 [d2ed2d9b-7ac7-460e-84f6-6d9d6066f76d:group-FCB75A6010AF:LeaderElection48] INFO  server.RaftServerConfigKeys (ConfUtils.java:logGet(43)) - raft.server.write.element-limit = 4096 (default)
2019-09-20 10:24:28,560 [d2ed2d9b-7ac7-460e-84f6-6d9d6066f76d:group-FCB75A6010AF:LeaderElection48] INFO  server.RaftServerConfigKeys (ConfUtils.java:logGet(43)) - raft.server.watch.timeout = 10s (default)
2019-09-20 10:24:28,560 [d2ed2d9b-7ac7-460e-84f6-6d9d6066f76d:group-FCB75A6010AF:LeaderElection48] INFO  server.RaftServerConfigKeys (ConfUtils.java:logGet(43)) - raft.server.watch.timeout.denomination = 1s (default)
2019-09-20 10:24:28,560 [d2ed2d9b-7ac7-460e-84f6-6d9d6066f76d:group-FCB75A6010AF:LeaderElection48] INFO  server.RaftServerConfigKeys (ConfUtils.java:logGet(43)) - raft.server.watch.element-limit = 65536 (default)
2019-09-20 10:24:28,561 [d2ed2d9b-7ac7-460e-84f6-6d9d6066f76d:group-FCB75A6010AF:LeaderElection48] INFO  impl.RoleInfo (RoleInfo.java:updateAndGet(143)) - d2ed2d9b-7ac7-460e-84f6-6d9d6066f76d: start LeaderState
2019-09-20 10:24:28,561 [d2ed2d9b-7ac7-460e-84f6-6d9d6066f76d:group-FCB75A6010AF:LeaderElection48] INFO  segmented.SegmentedRaftLogWorker (SegmentedRaftLogWorker.java:startLogSegment(380)) - d2ed2d9b-7ac7-460e-84f6-6d9d6066f76d-SegmentedRaftLogWorker:Storage Directory /workdir/hadoop-ozone/integration-test/target/test-dir/MiniOzoneClusterImpl-0561fc2e-9288-4596-b687-0c9fb03504b1/datanode-1/data/ratis/940e9f52-b355-4199-bebe-fcb75a6010af: Starting segment from index:0
2019-09-20 10:24:28,562 [d2ed2d9b-7ac7-460e-84f6-6d9d6066f76d:group-FCB75A6010AF:LeaderElection48] INFO  impl.RaftServerImpl (ServerState.java:setRaftConf(361)) - d2ed2d9b-7ac7-460e-84f6-6d9d6066f76d:group-FCB75A6010AF set configuration 0: [d2ed2d9b-7ac7-460e-84f6-6d9d6066f76d:192.168.36.99:37669], old=null at 0
2019-09-20 10:24:28,564 [Thread-706] INFO  impl.FollowerState (FollowerState.java:run(106)) - d2ed2d9b-7ac7-460e-84f6-6d9d6066f76d:group-F9AD220B434B changes to CANDIDATE, lastRpcTime:5005, electionTimeout:5005ms
2019-09-20 10:24:28,564 [Thread-706] INFO  impl.RoleInfo (RoleInfo.java:shutdownFollowerState(121)) - d2ed2d9b-7ac7-460e-84f6-6d9d6066f76d: shutdown FollowerState
2019-09-20 10:24:28,564 [Thread-706] INFO  impl.RaftServerImpl (RaftServerImpl.java:setRole(171)) - d2ed2d9b-7ac7-460e-84f6-6d9d6066f76d:group-F9AD220B434B changes role from FOLLOWER to CANDIDATE at term 0 for changeToCandidate
2019-09-20 10:24:28,565 [Thread-706] INFO  impl.RoleInfo (RoleInfo.java:updateAndGet(143)) - d2ed2d9b-7ac7-460e-84f6-6d9d6066f76d: start LeaderElection
2019-09-20 10:24:28,585 [d2ed2d9b-7ac7-460e-84f6-6d9d6066f76d:group-F9AD220B434B:LeaderElection49] INFO  impl.LeaderElection (LeaderElection.java:askForVotes(181)) - d2ed2d9b-7ac7-460e-84f6-6d9d6066f76d:group-F9AD220B434B:LeaderElection49: begin an election at term 1 for -1: [d2ed2d9b-7ac7-460e-84f6-6d9d6066f76d:192.168.36.99:37669], old=null
2019-09-20 10:24:28,586 [d2ed2d9b-7ac7-460e-84f6-6d9d6066f76d:group-F9AD220B434B:LeaderElection49] INFO  impl.RoleInfo (RoleInfo.java:shutdownLeaderElection(134)) - d2ed2d9b-7ac7-460e-84f6-6d9d6066f76d: shutdown LeaderElection
2019-09-20 10:24:28,586 [d2ed2d9b-7ac7-460e-84f6-6d9d6066f76d:group-F9AD220B434B:LeaderElection49] INFO  impl.RaftServerImpl (RaftServerImpl.java:setRole(171)) - d2ed2d9b-7ac7-460e-84f6-6d9d6066f76d:group-F9AD220B434B changes role from CANDIDATE to LEADER at term 1 for changeToLeader
2019-09-20 10:24:28,586 [d2ed2d9b-7ac7-460e-84f6-6d9d6066f76d:group-F9AD220B434B:LeaderElection49] INFO  impl.RaftServerImpl (ServerState.java:setLeader(263)) - d2ed2d9b-7ac7-460e-84f6-6d9d6066f76d:group-F9AD220B434B change Leader from null to d2ed2d9b-7ac7-460e-84f6-6d9d6066f76d at term 1 for becomeLeader, leader elected after 5031ms
2019-09-20 10:24:28,586 [d2ed2d9b-7ac7-460e-84f6-6d9d6066f76d:group-F9AD220B434B:LeaderElection49] INFO  server.RaftServerConfigKeys (ConfUtils.java:logGet(43)) - raft.server.staging.catchup.gap = 1000 (default)
2019-09-20 10:24:28,586 [d2ed2d9b-7ac7-460e-84f6-6d9d6066f76d:group-F9AD220B434B:LeaderElection49] INFO  server.RaftServerConfigKeys (ConfUtils.java:logGet(43)) - raft.server.rpc.sleep.time = 25ms (default)
2019-09-20 10:24:28,586 [d2ed2d9b-7ac7-460e-84f6-6d9d6066f76d:group-F9AD220B434B:LeaderElection49] INFO  server.RaftServerConfigKeys (ConfUtils.java:logGet(43)) - raft.server.write.element-limit = 4096 (default)
2019-09-20 10:24:28,587 [d2ed2d9b-7ac7-460e-84f6-6d9d6066f76d:group-F9AD220B434B:LeaderElection49] INFO  server.RaftServerConfigKeys (ConfUtils.java:logGet(43)) - raft.server.watch.timeout = 10s (default)
2019-09-20 10:24:28,587 [d2ed2d9b-7ac7-460e-84f6-6d9d6066f76d:group-F9AD220B434B:LeaderElection49] INFO  server.RaftServerConfigKeys (ConfUtils.java:logGet(43)) - raft.server.watch.timeout.denomination = 1s (default)
2019-09-20 10:24:28,587 [d2ed2d9b-7ac7-460e-84f6-6d9d6066f76d:group-F9AD220B434B:LeaderElection49] INFO  server.RaftServerConfigKeys (ConfUtils.java:logGet(43)) - raft.server.watch.element-limit = 65536 (default)
2019-09-20 10:24:28,587 [d2ed2d9b-7ac7-460e-84f6-6d9d6066f76d:group-F9AD220B434B:LeaderElection49] INFO  impl.RoleInfo (RoleInfo.java:updateAndGet(143)) - d2ed2d9b-7ac7-460e-84f6-6d9d6066f76d: start LeaderState
2019-09-20 10:24:28,587 [d2ed2d9b-7ac7-460e-84f6-6d9d6066f76d:group-F9AD220B434B:LeaderElection49] INFO  segmented.SegmentedRaftLogWorker (SegmentedRaftLogWorker.java:startLogSegment(380)) - d2ed2d9b-7ac7-460e-84f6-6d9d6066f76d-SegmentedRaftLogWorker:Storage Directory /workdir/hadoop-ozone/integration-test/target/test-dir/MiniOzoneClusterImpl-0561fc2e-9288-4596-b687-0c9fb03504b1/datanode-1/data/ratis/1fcfd1d4-00ad-4d17-a1af-f9ad220b434b: Starting segment from index:0
2019-09-20 10:24:28,588 [d2ed2d9b-7ac7-460e-84f6-6d9d6066f76d:group-F9AD220B434B:LeaderElection49] INFO  impl.RaftServerImpl (ServerState.java:setRaftConf(361)) - d2ed2d9b-7ac7-460e-84f6-6d9d6066f76d:group-F9AD220B434B set configuration 0: [d2ed2d9b-7ac7-460e-84f6-6d9d6066f76d:192.168.36.99:37669], old=null at 0
2019-09-20 10:24:28,611 [d2ed2d9b-7ac7-460e-84f6-6d9d6066f76d-SegmentedRaftLogWorker:Storage Directory /workdir/hadoop-ozone/integration-test/target/test-dir/MiniOzoneClusterImpl-0561fc2e-9288-4596-b687-0c9fb03504b1/datanode-1/data/ratis/940e9f52-b355-4199-bebe-fcb75a6010af] INFO  segmented.SegmentedRaftLogWorker (SegmentedRaftLogWorker.java:execute(569)) - d2ed2d9b-7ac7-460e-84f6-6d9d6066f76d-SegmentedRaftLogWorker:Storage Directory /workdir/hadoop-ozone/integration-test/target/test-dir/MiniOzoneClusterImpl-0561fc2e-9288-4596-b687-0c9fb03504b1/datanode-1/data/ratis/940e9f52-b355-4199-bebe-fcb75a6010af: created new log segment /workdir/hadoop-ozone/integration-test/target/test-dir/MiniOzoneClusterImpl-0561fc2e-9288-4596-b687-0c9fb03504b1/datanode-1/data/ratis/940e9f52-b355-4199-bebe-fcb75a6010af/current/log_inprogress_0
2019-09-20 10:24:28,616 | INFO  | SCMAudit | user=jenkins1000 | ip=192.168.36.99 | op=SEND_HEARTBEAT {datanodeUUID=468be06f-55e9-4831-ba6b-3db017451a79, command=[]} | ret=SUCCESS |  
2019-09-20 10:24:28,617 | INFO  | SCMAudit | user=jenkins1000 | ip=192.168.36.99 | op=SEND_HEARTBEAT {datanodeUUID=1ab786b9-c79c-4265-88a1-5b3344c6beda, command=[]} | ret=SUCCESS |  
2019-09-20 10:24:28,617 [Thread-703] INFO  impl.FollowerState (FollowerState.java:run(106)) - 60260ec1-e192-4b95-89c8-d924d16a77a9:group-B32A6AB08CD6 changes to CANDIDATE, lastRpcTime:5126, electionTimeout:5126ms
2019-09-20 10:24:28,617 [Thread-703] INFO  impl.RoleInfo (RoleInfo.java:shutdownFollowerState(121)) - 60260ec1-e192-4b95-89c8-d924d16a77a9: shutdown FollowerState
2019-09-20 10:24:28,617 [Thread-703] INFO  impl.RaftServerImpl (RaftServerImpl.java:setRole(171)) - 60260ec1-e192-4b95-89c8-d924d16a77a9:group-B32A6AB08CD6 changes role from FOLLOWER to CANDIDATE at term 0 for changeToCandidate
2019-09-20 10:24:28,618 [Thread-703] INFO  impl.RoleInfo (RoleInfo.java:updateAndGet(143)) - 60260ec1-e192-4b95-89c8-d924d16a77a9: start LeaderElection
2019-09-20 10:24:28,644 [d2ed2d9b-7ac7-460e-84f6-6d9d6066f76d-SegmentedRaftLogWorker:Storage Directory /workdir/hadoop-ozone/integration-test/target/test-dir/MiniOzoneClusterImpl-0561fc2e-9288-4596-b687-0c9fb03504b1/datanode-1/data/ratis/1fcfd1d4-00ad-4d17-a1af-f9ad220b434b] INFO  segmented.SegmentedRaftLogWorker (SegmentedRaftLogWorker.java:execute(569)) - d2ed2d9b-7ac7-460e-84f6-6d9d6066f76d-SegmentedRaftLogWorker:Storage Directory /workdir/hadoop-ozone/integration-test/target/test-dir/MiniOzoneClusterImpl-0561fc2e-9288-4596-b687-0c9fb03504b1/datanode-1/data/ratis/1fcfd1d4-00ad-4d17-a1af-f9ad220b434b: created new log segment /workdir/hadoop-ozone/integration-test/target/test-dir/MiniOzoneClusterImpl-0561fc2e-9288-4596-b687-0c9fb03504b1/datanode-1/data/ratis/1fcfd1d4-00ad-4d17-a1af-f9ad220b434b/current/log_inprogress_0
2019-09-20 10:24:28,644 [60260ec1-e192-4b95-89c8-d924d16a77a9:group-B32A6AB08CD6:LeaderElection50] INFO  impl.LeaderElection (LeaderElection.java:askForVotes(181)) - 60260ec1-e192-4b95-89c8-d924d16a77a9:group-B32A6AB08CD6:LeaderElection50: begin an election at term 1 for -1: [60260ec1-e192-4b95-89c8-d924d16a77a9:192.168.36.99:34923], old=null
2019-09-20 10:24:28,645 [60260ec1-e192-4b95-89c8-d924d16a77a9:group-B32A6AB08CD6:LeaderElection50] INFO  impl.RoleInfo (RoleInfo.java:shutdownLeaderElection(134)) - 60260ec1-e192-4b95-89c8-d924d16a77a9: shutdown LeaderElection
2019-09-20 10:24:28,645 [60260ec1-e192-4b95-89c8-d924d16a77a9:group-B32A6AB08CD6:LeaderElection50] INFO  impl.RaftServerImpl (RaftServerImpl.java:setRole(171)) - 60260ec1-e192-4b95-89c8-d924d16a77a9:group-B32A6AB08CD6 changes role from CANDIDATE to LEADER at term 1 for changeToLeader
2019-09-20 10:24:28,645 [60260ec1-e192-4b95-89c8-d924d16a77a9:group-B32A6AB08CD6:LeaderElection50] INFO  impl.RaftServerImpl (ServerState.java:setLeader(263)) - 60260ec1-e192-4b95-89c8-d924d16a77a9:group-B32A6AB08CD6 change Leader from null to 60260ec1-e192-4b95-89c8-d924d16a77a9 at term 1 for becomeLeader, leader elected after 5158ms
2019-09-20 10:24:28,645 [60260ec1-e192-4b95-89c8-d924d16a77a9:group-B32A6AB08CD6:LeaderElection50] INFO  server.RaftServerConfigKeys (ConfUtils.java:logGet(43)) - raft.server.staging.catchup.gap = 1000 (default)
2019-09-20 10:24:28,645 [60260ec1-e192-4b95-89c8-d924d16a77a9:group-B32A6AB08CD6:LeaderElection50] INFO  server.RaftServerConfigKeys (ConfUtils.java:logGet(43)) - raft.server.rpc.sleep.time = 25ms (default)
2019-09-20 10:24:28,645 [60260ec1-e192-4b95-89c8-d924d16a77a9:group-B32A6AB08CD6:LeaderElection50] INFO  server.RaftServerConfigKeys (ConfUtils.java:logGet(43)) - raft.server.write.element-limit = 4096 (default)
2019-09-20 10:24:28,645 [60260ec1-e192-4b95-89c8-d924d16a77a9:group-B32A6AB08CD6:LeaderElection50] INFO  server.RaftServerConfigKeys (ConfUtils.java:logGet(43)) - raft.server.watch.timeout = 10s (default)
2019-09-20 10:24:28,645 [60260ec1-e192-4b95-89c8-d924d16a77a9:group-B32A6AB08CD6:LeaderElection50] INFO  server.RaftServerConfigKeys (ConfUtils.java:logGet(43)) - raft.server.watch.timeout.denomination = 1s (default)
2019-09-20 10:24:28,645 [60260ec1-e192-4b95-89c8-d924d16a77a9:group-B32A6AB08CD6:LeaderElection50] INFO  server.RaftServerConfigKeys (ConfUtils.java:logGet(43)) - raft.server.watch.element-limit = 65536 (default)
2019-09-20 10:24:28,646 [60260ec1-e192-4b95-89c8-d924d16a77a9:group-B32A6AB08CD6:LeaderElection50] INFO  impl.RoleInfo (RoleInfo.java:updateAndGet(143)) - 60260ec1-e192-4b95-89c8-d924d16a77a9: start LeaderState
2019-09-20 10:24:28,646 [60260ec1-e192-4b95-89c8-d924d16a77a9:group-B32A6AB08CD6:LeaderElection50] INFO  segmented.SegmentedRaftLogWorker (SegmentedRaftLogWorker.java:startLogSegment(380)) - 60260ec1-e192-4b95-89c8-d924d16a77a9-SegmentedRaftLogWorker:Storage Directory /workdir/hadoop-ozone/integration-test/target/test-dir/MiniOzoneClusterImpl-0561fc2e-9288-4596-b687-0c9fb03504b1/datanode-0/data/ratis/7d47b783-bd2e-4259-b29a-b32a6ab08cd6: Starting segment from index:0
2019-09-20 10:24:28,646 [60260ec1-e192-4b95-89c8-d924d16a77a9:group-B32A6AB08CD6:LeaderElection50] INFO  impl.RaftServerImpl (ServerState.java:setRaftConf(361)) - 60260ec1-e192-4b95-89c8-d924d16a77a9:group-B32A6AB08CD6 set configuration 0: [60260ec1-e192-4b95-89c8-d924d16a77a9:192.168.36.99:34923], old=null at 0
2019-09-20 10:24:28,683 | INFO  | SCMAudit | user=jenkins1000 | ip=192.168.36.99 | op=SEND_HEARTBEAT {datanodeUUID=3d6f3241-e73c-473a-ad0b-c7be2f7e1dda, command=[]} | ret=SUCCESS |  
2019-09-20 10:24:28,686 [60260ec1-e192-4b95-89c8-d924d16a77a9-SegmentedRaftLogWorker:Storage Directory /workdir/hadoop-ozone/integration-test/target/test-dir/MiniOzoneClusterImpl-0561fc2e-9288-4596-b687-0c9fb03504b1/datanode-0/data/ratis/7d47b783-bd2e-4259-b29a-b32a6ab08cd6] INFO  segmented.SegmentedRaftLogWorker (SegmentedRaftLogWorker.java:execute(569)) - 60260ec1-e192-4b95-89c8-d924d16a77a9-SegmentedRaftLogWorker:Storage Directory /workdir/hadoop-ozone/integration-test/target/test-dir/MiniOzoneClusterImpl-0561fc2e-9288-4596-b687-0c9fb03504b1/datanode-0/data/ratis/7d47b783-bd2e-4259-b29a-b32a6ab08cd6: created new log segment /workdir/hadoop-ozone/integration-test/target/test-dir/MiniOzoneClusterImpl-0561fc2e-9288-4596-b687-0c9fb03504b1/datanode-0/data/ratis/7d47b783-bd2e-4259-b29a-b32a6ab08cd6/current/log_inprogress_0
2019-09-20 10:24:28,735 [Thread-709] INFO  impl.FollowerState (FollowerState.java:run(106)) - d2ed2d9b-7ac7-460e-84f6-6d9d6066f76d:group-279E49428CB6 changes to CANDIDATE, lastRpcTime:5083, electionTimeout:5080ms
2019-09-20 10:24:28,735 [Thread-709] INFO  impl.RoleInfo (RoleInfo.java:shutdownFollowerState(121)) - d2ed2d9b-7ac7-460e-84f6-6d9d6066f76d: shutdown FollowerState
2019-09-20 10:24:28,735 [Thread-709] INFO  impl.RaftServerImpl (RaftServerImpl.java:setRole(171)) - d2ed2d9b-7ac7-460e-84f6-6d9d6066f76d:group-279E49428CB6 changes role from FOLLOWER to CANDIDATE at term 0 for changeToCandidate
2019-09-20 10:24:28,735 [Thread-709] INFO  impl.RoleInfo (RoleInfo.java:updateAndGet(143)) - d2ed2d9b-7ac7-460e-84f6-6d9d6066f76d: start LeaderElection
2019-09-20 10:24:28,736 [grpc-default-executor-2] INFO  client.GrpcClientProtocolClient (GrpcClientProtocolClient.java:onNext(255)) - client-21807ED29EC2->9e03ffa9-cf79-407a-a150-4c035e5aec5e: receive RaftClientReply:client-21807ED29EC2->9e03ffa9-cf79-407a-a150-4c035e5aec5e@group-576A86C1D849, cid=84, FAILED org.apache.ratis.protocol.NotLeaderException: Server 9e03ffa9-cf79-407a-a150-4c035e5aec5e is not the leader (null). Request must be sent to leader., logIndex=0, commits[9e03ffa9-cf79-407a-a150-4c035e5aec5e:c-1]
2019-09-20 10:24:28,772 | INFO  | SCMAudit | user=jenkins1000 | ip=192.168.36.99 | op=SEND_HEARTBEAT {datanodeUUID=6491c372-a595-4104-b3e9-c4f3293baafa, command=[]} | ret=SUCCESS |  
2019-09-20 10:24:28,779 [d2ed2d9b-7ac7-460e-84f6-6d9d6066f76d:group-279E49428CB6:LeaderElection51] INFO  impl.LeaderElection (LeaderElection.java:askForVotes(181)) - d2ed2d9b-7ac7-460e-84f6-6d9d6066f76d:group-279E49428CB6:LeaderElection51: begin an election at term 1 for -1: [d2ed2d9b-7ac7-460e-84f6-6d9d6066f76d:192.168.36.99:37669], old=null
2019-09-20 10:24:28,779 [d2ed2d9b-7ac7-460e-84f6-6d9d6066f76d:group-279E49428CB6:LeaderElection51] INFO  impl.RoleInfo (RoleInfo.java:shutdownLeaderElection(134)) - d2ed2d9b-7ac7-460e-84f6-6d9d6066f76d: shutdown LeaderElection
2019-09-20 10:24:28,779 [d2ed2d9b-7ac7-460e-84f6-6d9d6066f76d:group-279E49428CB6:LeaderElection51] INFO  impl.RaftServerImpl (RaftServerImpl.java:setRole(171)) - d2ed2d9b-7ac7-460e-84f6-6d9d6066f76d:group-279E49428CB6 changes role from CANDIDATE to LEADER at term 1 for changeToLeader
2019-09-20 10:24:28,779 [d2ed2d9b-7ac7-460e-84f6-6d9d6066f76d:group-279E49428CB6:LeaderElection51] INFO  impl.RaftServerImpl (ServerState.java:setLeader(263)) - d2ed2d9b-7ac7-460e-84f6-6d9d6066f76d:group-279E49428CB6 change Leader from null to d2ed2d9b-7ac7-460e-84f6-6d9d6066f76d at term 1 for becomeLeader, leader elected after 5133ms
2019-09-20 10:24:28,779 [d2ed2d9b-7ac7-460e-84f6-6d9d6066f76d:group-279E49428CB6:LeaderElection51] INFO  server.RaftServerConfigKeys (ConfUtils.java:logGet(43)) - raft.server.staging.catchup.gap = 1000 (default)
2019-09-20 10:24:28,779 [d2ed2d9b-7ac7-460e-84f6-6d9d6066f76d:group-279E49428CB6:LeaderElection51] INFO  server.RaftServerConfigKeys (ConfUtils.java:logGet(43)) - raft.server.rpc.sleep.time = 25ms (default)
2019-09-20 10:24:28,779 [d2ed2d9b-7ac7-460e-84f6-6d9d6066f76d:group-279E49428CB6:LeaderElection51] INFO  server.RaftServerConfigKeys (ConfUtils.java:logGet(43)) - raft.server.write.element-limit = 4096 (default)
2019-09-20 10:24:28,779 [d2ed2d9b-7ac7-460e-84f6-6d9d6066f76d:group-279E49428CB6:LeaderElection51] INFO  server.RaftServerConfigKeys (ConfUtils.java:logGet(43)) - raft.server.watch.timeout = 10s (default)
2019-09-20 10:24:28,779 [d2ed2d9b-7ac7-460e-84f6-6d9d6066f76d:group-279E49428CB6:LeaderElection51] INFO  server.RaftServerConfigKeys (ConfUtils.java:logGet(43)) - raft.server.watch.timeout.denomination = 1s (default)
2019-09-20 10:24:28,779 [d2ed2d9b-7ac7-460e-84f6-6d9d6066f76d:group-279E49428CB6:LeaderElection51] INFO  server.RaftServerConfigKeys (ConfUtils.java:logGet(43)) - raft.server.watch.element-limit = 65536 (default)
2019-09-20 10:24:28,780 [d2ed2d9b-7ac7-460e-84f6-6d9d6066f76d:group-279E49428CB6:LeaderElection51] INFO  impl.RoleInfo (RoleInfo.java:updateAndGet(143)) - d2ed2d9b-7ac7-460e-84f6-6d9d6066f76d: start LeaderState
2019-09-20 10:24:28,780 [d2ed2d9b-7ac7-460e-84f6-6d9d6066f76d:group-279E49428CB6:LeaderElection51] INFO  segmented.SegmentedRaftLogWorker (SegmentedRaftLogWorker.java:startLogSegment(380)) - d2ed2d9b-7ac7-460e-84f6-6d9d6066f76d-SegmentedRaftLogWorker:Storage Directory /workdir/hadoop-ozone/integration-test/target/test-dir/MiniOzoneClusterImpl-0561fc2e-9288-4596-b687-0c9fb03504b1/datanode-1/data/ratis/d0e2f3fe-4908-4ff7-920b-279e49428cb6: Starting segment from index:0
2019-09-20 10:24:28,780 [d2ed2d9b-7ac7-460e-84f6-6d9d6066f76d:group-279E49428CB6:LeaderElection51] INFO  impl.RaftServerImpl (ServerState.java:setRaftConf(361)) - d2ed2d9b-7ac7-460e-84f6-6d9d6066f76d:group-279E49428CB6 set configuration 0: [d2ed2d9b-7ac7-460e-84f6-6d9d6066f76d:192.168.36.99:37669], old=null at 0
2019-09-20 10:24:28,829 [d2ed2d9b-7ac7-460e-84f6-6d9d6066f76d-SegmentedRaftLogWorker:Storage Directory /workdir/hadoop-ozone/integration-test/target/test-dir/MiniOzoneClusterImpl-0561fc2e-9288-4596-b687-0c9fb03504b1/datanode-1/data/ratis/d0e2f3fe-4908-4ff7-920b-279e49428cb6] INFO  segmented.SegmentedRaftLogWorker (SegmentedRaftLogWorker.java:execute(569)) - d2ed2d9b-7ac7-460e-84f6-6d9d6066f76d-SegmentedRaftLogWorker:Storage Directory /workdir/hadoop-ozone/integration-test/target/test-dir/MiniOzoneClusterImpl-0561fc2e-9288-4596-b687-0c9fb03504b1/datanode-1/data/ratis/d0e2f3fe-4908-4ff7-920b-279e49428cb6: created new log segment /workdir/hadoop-ozone/integration-test/target/test-dir/MiniOzoneClusterImpl-0561fc2e-9288-4596-b687-0c9fb03504b1/datanode-1/data/ratis/d0e2f3fe-4908-4ff7-920b-279e49428cb6/current/log_inprogress_0
2019-09-20 10:24:28,836 [Thread-712] INFO  impl.FollowerState (FollowerState.java:run(106)) - 54207fe5-d92c-4c2e-b058-fbae630dabef:group-E17F4611DBE4 changes to CANDIDATE, lastRpcTime:5117, electionTimeout:5117ms
2019-09-20 10:24:28,836 [Thread-712] INFO  impl.RoleInfo (RoleInfo.java:shutdownFollowerState(121)) - 54207fe5-d92c-4c2e-b058-fbae630dabef: shutdown FollowerState
2019-09-20 10:24:28,836 [Thread-712] INFO  impl.RaftServerImpl (RaftServerImpl.java:setRole(171)) - 54207fe5-d92c-4c2e-b058-fbae630dabef:group-E17F4611DBE4 changes role from FOLLOWER to CANDIDATE at term 0 for changeToCandidate
2019-09-20 10:24:28,836 [Thread-712] INFO  impl.RoleInfo (RoleInfo.java:updateAndGet(143)) - 54207fe5-d92c-4c2e-b058-fbae630dabef: start LeaderElection
2019-09-20 10:24:28,844 | INFO  | SCMAudit | user=jenkins1000 | ip=192.168.36.99 | op=SEND_HEARTBEAT {datanodeUUID=7af711bd-b5ae-4a73-a8be-b970cae6c2d1, command=[]} | ret=SUCCESS |  
2019-09-20 10:24:28,848 [Thread-718] INFO  impl.FollowerState (FollowerState.java:run(106)) - d2ed2d9b-7ac7-460e-84f6-6d9d6066f76d:group-D27E25B6E5E2 changes to CANDIDATE, lastRpcTime:5003, electionTimeout:5003ms
2019-09-20 10:24:28,848 [Thread-718] INFO  impl.RoleInfo (RoleInfo.java:shutdownFollowerState(121)) - d2ed2d9b-7ac7-460e-84f6-6d9d6066f76d: shutdown FollowerState
2019-09-20 10:24:28,848 [Thread-718] INFO  impl.RaftServerImpl (RaftServerImpl.java:setRole(171)) - d2ed2d9b-7ac7-460e-84f6-6d9d6066f76d:group-D27E25B6E5E2 changes role from FOLLOWER to CANDIDATE at term 0 for changeToCandidate
2019-09-20 10:24:28,848 [Thread-718] INFO  impl.RoleInfo (RoleInfo.java:updateAndGet(143)) - d2ed2d9b-7ac7-460e-84f6-6d9d6066f76d: start LeaderElection
2019-09-20 10:24:28,863 [54207fe5-d92c-4c2e-b058-fbae630dabef:group-E17F4611DBE4:LeaderElection52] INFO  impl.LeaderElection (LeaderElection.java:askForVotes(181)) - 54207fe5-d92c-4c2e-b058-fbae630dabef:group-E17F4611DBE4:LeaderElection52: begin an election at term 1 for -1: [54207fe5-d92c-4c2e-b058-fbae630dabef:192.168.36.99:37075], old=null
2019-09-20 10:24:28,863 [54207fe5-d92c-4c2e-b058-fbae630dabef:group-E17F4611DBE4:LeaderElection52] INFO  impl.RoleInfo (RoleInfo.java:shutdownLeaderElection(134)) - 54207fe5-d92c-4c2e-b058-fbae630dabef: shutdown LeaderElection
2019-09-20 10:24:28,863 [54207fe5-d92c-4c2e-b058-fbae630dabef:group-E17F4611DBE4:LeaderElection52] INFO  impl.RaftServerImpl (RaftServerImpl.java:setRole(171)) - 54207fe5-d92c-4c2e-b058-fbae630dabef:group-E17F4611DBE4 changes role from CANDIDATE to LEADER at term 1 for changeToLeader
2019-09-20 10:24:28,863 [54207fe5-d92c-4c2e-b058-fbae630dabef:group-E17F4611DBE4:LeaderElection52] INFO  impl.RaftServerImpl (ServerState.java:setLeader(263)) - 54207fe5-d92c-4c2e-b058-fbae630dabef:group-E17F4611DBE4 change Leader from null to 54207fe5-d92c-4c2e-b058-fbae630dabef at term 1 for becomeLeader, leader elected after 5149ms
2019-09-20 10:24:28,863 [54207fe5-d92c-4c2e-b058-fbae630dabef:group-E17F4611DBE4:LeaderElection52] INFO  server.RaftServerConfigKeys (ConfUtils.java:logGet(43)) - raft.server.staging.catchup.gap = 1000 (default)
2019-09-20 10:24:28,863 [54207fe5-d92c-4c2e-b058-fbae630dabef:group-E17F4611DBE4:LeaderElection52] INFO  server.RaftServerConfigKeys (ConfUtils.java:logGet(43)) - raft.server.rpc.sleep.time = 25ms (default)
2019-09-20 10:24:28,864 [54207fe5-d92c-4c2e-b058-fbae630dabef:group-E17F4611DBE4:LeaderElection52] INFO  server.RaftServerConfigKeys (ConfUtils.java:logGet(43)) - raft.server.write.element-limit = 4096 (default)
2019-09-20 10:24:28,864 [54207fe5-d92c-4c2e-b058-fbae630dabef:group-E17F4611DBE4:LeaderElection52] INFO  server.RaftServerConfigKeys (ConfUtils.java:logGet(43)) - raft.server.watch.timeout = 10s (default)
2019-09-20 10:24:28,864 [54207fe5-d92c-4c2e-b058-fbae630dabef:group-E17F4611DBE4:LeaderElection52] INFO  server.RaftServerConfigKeys (ConfUtils.java:logGet(43)) - raft.server.watch.timeout.denomination = 1s (default)
2019-09-20 10:24:28,864 [54207fe5-d92c-4c2e-b058-fbae630dabef:group-E17F4611DBE4:LeaderElection52] INFO  server.RaftServerConfigKeys (ConfUtils.java:logGet(43)) - raft.server.watch.element-limit = 65536 (default)
2019-09-20 10:24:28,864 [54207fe5-d92c-4c2e-b058-fbae630dabef:group-E17F4611DBE4:LeaderElection52] INFO  impl.RoleInfo (RoleInfo.java:updateAndGet(143)) - 54207fe5-d92c-4c2e-b058-fbae630dabef: start LeaderState
2019-09-20 10:24:28,865 [54207fe5-d92c-4c2e-b058-fbae630dabef:group-E17F4611DBE4:LeaderElection52] INFO  segmented.SegmentedRaftLogWorker (SegmentedRaftLogWorker.java:startLogSegment(380)) - 54207fe5-d92c-4c2e-b058-fbae630dabef-SegmentedRaftLogWorker:Storage Directory /workdir/hadoop-ozone/integration-test/target/test-dir/MiniOzoneClusterImpl-0561fc2e-9288-4596-b687-0c9fb03504b1/datanode-2/data/ratis/211d65a9-78b9-4744-9042-e17f4611dbe4: Starting segment from index:0
2019-09-20 10:24:28,865 [54207fe5-d92c-4c2e-b058-fbae630dabef:group-E17F4611DBE4:LeaderElection52] INFO  impl.RaftServerImpl (ServerState.java:setRaftConf(361)) - 54207fe5-d92c-4c2e-b058-fbae630dabef:group-E17F4611DBE4 set configuration 0: [54207fe5-d92c-4c2e-b058-fbae630dabef:192.168.36.99:37075], old=null at 0
2019-09-20 10:24:28,871 [d2ed2d9b-7ac7-460e-84f6-6d9d6066f76d:group-D27E25B6E5E2:LeaderElection53] INFO  impl.LeaderElection (LeaderElection.java:askForVotes(181)) - d2ed2d9b-7ac7-460e-84f6-6d9d6066f76d:group-D27E25B6E5E2:LeaderElection53: begin an election at term 1 for -1: [d2ed2d9b-7ac7-460e-84f6-6d9d6066f76d:192.168.36.99:37669], old=null
2019-09-20 10:24:28,871 [d2ed2d9b-7ac7-460e-84f6-6d9d6066f76d:group-D27E25B6E5E2:LeaderElection53] INFO  impl.RoleInfo (RoleInfo.java:shutdownLeaderElection(134)) - d2ed2d9b-7ac7-460e-84f6-6d9d6066f76d: shutdown LeaderElection
2019-09-20 10:24:28,871 [d2ed2d9b-7ac7-460e-84f6-6d9d6066f76d:group-D27E25B6E5E2:LeaderElection53] INFO  impl.RaftServerImpl (RaftServerImpl.java:setRole(171)) - d2ed2d9b-7ac7-460e-84f6-6d9d6066f76d:group-D27E25B6E5E2 changes role from CANDIDATE to LEADER at term 1 for changeToLeader
2019-09-20 10:24:28,871 [d2ed2d9b-7ac7-460e-84f6-6d9d6066f76d:group-D27E25B6E5E2:LeaderElection53] INFO  impl.RaftServerImpl (ServerState.java:setLeader(263)) - d2ed2d9b-7ac7-460e-84f6-6d9d6066f76d:group-D27E25B6E5E2 change Leader from null to d2ed2d9b-7ac7-460e-84f6-6d9d6066f76d at term 1 for becomeLeader, leader elected after 5031ms
2019-09-20 10:24:28,871 [d2ed2d9b-7ac7-460e-84f6-6d9d6066f76d:group-D27E25B6E5E2:LeaderElection53] INFO  server.RaftServerConfigKeys (ConfUtils.java:logGet(43)) - raft.server.staging.catchup.gap = 1000 (default)
2019-09-20 10:24:28,871 [d2ed2d9b-7ac7-460e-84f6-6d9d6066f76d:group-D27E25B6E5E2:LeaderElection53] INFO  server.RaftServerConfigKeys (ConfUtils.java:logGet(43)) - raft.server.rpc.sleep.time = 25ms (default)
2019-09-20 10:24:28,872 [d2ed2d9b-7ac7-460e-84f6-6d9d6066f76d:group-D27E25B6E5E2:LeaderElection53] INFO  server.RaftServerConfigKeys (ConfUtils.java:logGet(43)) - raft.server.write.element-limit = 4096 (default)
2019-09-20 10:24:28,872 [d2ed2d9b-7ac7-460e-84f6-6d9d6066f76d:group-D27E25B6E5E2:LeaderElection53] INFO  server.RaftServerConfigKeys (ConfUtils.java:logGet(43)) - raft.server.watch.timeout = 10s (default)
2019-09-20 10:24:28,872 [d2ed2d9b-7ac7-460e-84f6-6d9d6066f76d:group-D27E25B6E5E2:LeaderElection53] INFO  server.RaftServerConfigKeys (ConfUtils.java:logGet(43)) - raft.server.watch.timeout.denomination = 1s (default)
2019-09-20 10:24:28,872 [d2ed2d9b-7ac7-460e-84f6-6d9d6066f76d:group-D27E25B6E5E2:LeaderElection53] INFO  server.RaftServerConfigKeys (ConfUtils.java:logGet(43)) - raft.server.watch.element-limit = 65536 (default)
2019-09-20 10:24:28,872 [d2ed2d9b-7ac7-460e-84f6-6d9d6066f76d:group-D27E25B6E5E2:LeaderElection53] INFO  impl.RoleInfo (RoleInfo.java:updateAndGet(143)) - d2ed2d9b-7ac7-460e-84f6-6d9d6066f76d: start LeaderState
2019-09-20 10:24:28,872 [d2ed2d9b-7ac7-460e-84f6-6d9d6066f76d:group-D27E25B6E5E2:LeaderElection53] INFO  segmented.SegmentedRaftLogWorker (SegmentedRaftLogWorker.java:startLogSegment(380)) - d2ed2d9b-7ac7-460e-84f6-6d9d6066f76d-SegmentedRaftLogWorker:Storage Directory /workdir/hadoop-ozone/integration-test/target/test-dir/MiniOzoneClusterImpl-0561fc2e-9288-4596-b687-0c9fb03504b1/datanode-1/data/ratis/3ed268ea-af30-4e77-9586-d27e25b6e5e2: Starting segment from index:0
2019-09-20 10:24:28,873 [d2ed2d9b-7ac7-460e-84f6-6d9d6066f76d:group-D27E25B6E5E2:LeaderElection53] INFO  impl.RaftServerImpl (ServerState.java:setRaftConf(361)) - d2ed2d9b-7ac7-460e-84f6-6d9d6066f76d:group-D27E25B6E5E2 set configuration 0: [d2ed2d9b-7ac7-460e-84f6-6d9d6066f76d:192.168.36.99:37669], old=null at 0
2019-09-20 10:24:28,913 [54207fe5-d92c-4c2e-b058-fbae630dabef-SegmentedRaftLogWorker:Storage Directory /workdir/hadoop-ozone/integration-test/target/test-dir/MiniOzoneClusterImpl-0561fc2e-9288-4596-b687-0c9fb03504b1/datanode-2/data/ratis/211d65a9-78b9-4744-9042-e17f4611dbe4] INFO  segmented.SegmentedRaftLogWorker (SegmentedRaftLogWorker.java:execute(569)) - 54207fe5-d92c-4c2e-b058-fbae630dabef-SegmentedRaftLogWorker:Storage Directory /workdir/hadoop-ozone/integration-test/target/test-dir/MiniOzoneClusterImpl-0561fc2e-9288-4596-b687-0c9fb03504b1/datanode-2/data/ratis/211d65a9-78b9-4744-9042-e17f4611dbe4: created new log segment /workdir/hadoop-ozone/integration-test/target/test-dir/MiniOzoneClusterImpl-0561fc2e-9288-4596-b687-0c9fb03504b1/datanode-2/data/ratis/211d65a9-78b9-4744-9042-e17f4611dbe4/current/log_inprogress_0
2019-09-20 10:24:28,930 [d2ed2d9b-7ac7-460e-84f6-6d9d6066f76d-SegmentedRaftLogWorker:Storage Directory /workdir/hadoop-ozone/integration-test/target/test-dir/MiniOzoneClusterImpl-0561fc2e-9288-4596-b687-0c9fb03504b1/datanode-1/data/ratis/3ed268ea-af30-4e77-9586-d27e25b6e5e2] INFO  segmented.SegmentedRaftLogWorker (SegmentedRaftLogWorker.java:execute(569)) - d2ed2d9b-7ac7-460e-84f6-6d9d6066f76d-SegmentedRaftLogWorker:Storage Directory /workdir/hadoop-ozone/integration-test/target/test-dir/MiniOzoneClusterImpl-0561fc2e-9288-4596-b687-0c9fb03504b1/datanode-1/data/ratis/3ed268ea-af30-4e77-9586-d27e25b6e5e2: created new log segment /workdir/hadoop-ozone/integration-test/target/test-dir/MiniOzoneClusterImpl-0561fc2e-9288-4596-b687-0c9fb03504b1/datanode-1/data/ratis/3ed268ea-af30-4e77-9586-d27e25b6e5e2/current/log_inprogress_0
2019-09-20 10:24:28,949 [Thread-715] INFO  impl.FollowerState (FollowerState.java:run(106)) - d2ed2d9b-7ac7-460e-84f6-6d9d6066f76d:group-BB1AA49A7975 changes to CANDIDATE, lastRpcTime:5163, electionTimeout:5163ms
2019-09-20 10:24:28,949 [Thread-715] INFO  impl.RoleInfo (RoleInfo.java:shutdownFollowerState(121)) - d2ed2d9b-7ac7-460e-84f6-6d9d6066f76d: shutdown FollowerState
2019-09-20 10:24:28,949 [Thread-715] INFO  impl.RaftServerImpl (RaftServerImpl.java:setRole(171)) - d2ed2d9b-7ac7-460e-84f6-6d9d6066f76d:group-BB1AA49A7975 changes role from FOLLOWER to CANDIDATE at term 0 for changeToCandidate
2019-09-20 10:24:28,949 [Thread-715] INFO  impl.RoleInfo (RoleInfo.java:updateAndGet(143)) - d2ed2d9b-7ac7-460e-84f6-6d9d6066f76d: start LeaderElection
2019-09-20 10:24:28,971 | INFO  | SCMAudit | user=jenkins1000 | ip=192.168.36.99 | op=SEND_HEARTBEAT {datanodeUUID=60260ec1-e192-4b95-89c8-d924d16a77a9, command=[]} | ret=SUCCESS |  
2019-09-20 10:24:28,989 [d2ed2d9b-7ac7-460e-84f6-6d9d6066f76d:group-BB1AA49A7975:LeaderElection54] INFO  impl.LeaderElection (LeaderElection.java:askForVotes(181)) - d2ed2d9b-7ac7-460e-84f6-6d9d6066f76d:group-BB1AA49A7975:LeaderElection54: begin an election at term 1 for -1: [d2ed2d9b-7ac7-460e-84f6-6d9d6066f76d:192.168.36.99:37669], old=null
2019-09-20 10:24:28,989 [d2ed2d9b-7ac7-460e-84f6-6d9d6066f76d:group-BB1AA49A7975:LeaderElection54] INFO  impl.RoleInfo (RoleInfo.java:shutdownLeaderElection(134)) - d2ed2d9b-7ac7-460e-84f6-6d9d6066f76d: shutdown LeaderElection
2019-09-20 10:24:28,989 [d2ed2d9b-7ac7-460e-84f6-6d9d6066f76d:group-BB1AA49A7975:LeaderElection54] INFO  impl.RaftServerImpl (RaftServerImpl.java:setRole(171)) - d2ed2d9b-7ac7-460e-84f6-6d9d6066f76d:group-BB1AA49A7975 changes role from CANDIDATE to LEADER at term 1 for changeToLeader
2019-09-20 10:24:28,989 [d2ed2d9b-7ac7-460e-84f6-6d9d6066f76d:group-BB1AA49A7975:LeaderElection54] INFO  impl.RaftServerImpl (ServerState.java:setLeader(263)) - d2ed2d9b-7ac7-460e-84f6-6d9d6066f76d:group-BB1AA49A7975 change Leader from null to d2ed2d9b-7ac7-460e-84f6-6d9d6066f76d at term 1 for becomeLeader, leader elected after 5208ms
2019-09-20 10:24:28,989 [d2ed2d9b-7ac7-460e-84f6-6d9d6066f76d:group-BB1AA49A7975:LeaderElection54] INFO  server.RaftServerConfigKeys (ConfUtils.java:logGet(43)) - raft.server.staging.catchup.gap = 1000 (default)
2019-09-20 10:24:28,989 [d2ed2d9b-7ac7-460e-84f6-6d9d6066f76d:group-BB1AA49A7975:LeaderElection54] INFO  server.RaftServerConfigKeys (ConfUtils.java:logGet(43)) - raft.server.rpc.sleep.time = 25ms (default)
2019-09-20 10:24:28,989 [d2ed2d9b-7ac7-460e-84f6-6d9d6066f76d:group-BB1AA49A7975:LeaderElection54] INFO  server.RaftServerConfigKeys (ConfUtils.java:logGet(43)) - raft.server.write.element-limit = 4096 (default)
2019-09-20 10:24:28,990 [d2ed2d9b-7ac7-460e-84f6-6d9d6066f76d:group-BB1AA49A7975:LeaderElection54] INFO  server.RaftServerConfigKeys (ConfUtils.java:logGet(43)) - raft.server.watch.timeout = 10s (default)
2019-09-20 10:24:28,990 [d2ed2d9b-7ac7-460e-84f6-6d9d6066f76d:group-BB1AA49A7975:LeaderElection54] INFO  server.RaftServerConfigKeys (ConfUtils.java:logGet(43)) - raft.server.watch.timeout.denomination = 1s (default)
2019-09-20 10:24:28,990 [d2ed2d9b-7ac7-460e-84f6-6d9d6066f76d:group-BB1AA49A7975:LeaderElection54] INFO  server.RaftServerConfigKeys (ConfUtils.java:logGet(43)) - raft.server.watch.element-limit = 65536 (default)
2019-09-20 10:24:28,990 [d2ed2d9b-7ac7-460e-84f6-6d9d6066f76d:group-BB1AA49A7975:LeaderElection54] INFO  impl.RoleInfo (RoleInfo.java:updateAndGet(143)) - d2ed2d9b-7ac7-460e-84f6-6d9d6066f76d: start LeaderState
2019-09-20 10:24:28,990 [d2ed2d9b-7ac7-460e-84f6-6d9d6066f76d:group-BB1AA49A7975:LeaderElection54] INFO  segmented.SegmentedRaftLogWorker (SegmentedRaftLogWorker.java:startLogSegment(380)) - d2ed2d9b-7ac7-460e-84f6-6d9d6066f76d-SegmentedRaftLogWorker:Storage Directory /workdir/hadoop-ozone/integration-test/target/test-dir/MiniOzoneClusterImpl-0561fc2e-9288-4596-b687-0c9fb03504b1/datanode-1/data/ratis/1e75a0d9-2d06-494d-b746-bb1aa49a7975: Starting segment from index:0
2019-09-20 10:24:28,990 [d2ed2d9b-7ac7-460e-84f6-6d9d6066f76d:group-BB1AA49A7975:LeaderElection54] INFO  impl.RaftServerImpl (ServerState.java:setRaftConf(361)) - d2ed2d9b-7ac7-460e-84f6-6d9d6066f76d:group-BB1AA49A7975 set configuration 0: [d2ed2d9b-7ac7-460e-84f6-6d9d6066f76d:192.168.36.99:37669], old=null at 0
2019-09-20 10:24:29,024 | INFO  | SCMAudit | user=jenkins1000 | ip=192.168.36.99 | op=SEND_HEARTBEAT {datanodeUUID=9e03ffa9-cf79-407a-a150-4c035e5aec5e, command=[]} | ret=SUCCESS |  
2019-09-20 10:24:29,056 [d2ed2d9b-7ac7-460e-84f6-6d9d6066f76d-SegmentedRaftLogWorker:Storage Directory /workdir/hadoop-ozone/integration-test/target/test-dir/MiniOzoneClusterImpl-0561fc2e-9288-4596-b687-0c9fb03504b1/datanode-1/data/ratis/1e75a0d9-2d06-494d-b746-bb1aa49a7975] INFO  segmented.SegmentedRaftLogWorker (SegmentedRaftLogWorker.java:execute(569)) - d2ed2d9b-7ac7-460e-84f6-6d9d6066f76d-SegmentedRaftLogWorker:Storage Directory /workdir/hadoop-ozone/integration-test/target/test-dir/MiniOzoneClusterImpl-0561fc2e-9288-4596-b687-0c9fb03504b1/datanode-1/data/ratis/1e75a0d9-2d06-494d-b746-bb1aa49a7975: created new log segment /workdir/hadoop-ozone/integration-test/target/test-dir/MiniOzoneClusterImpl-0561fc2e-9288-4596-b687-0c9fb03504b1/datanode-1/data/ratis/1e75a0d9-2d06-494d-b746-bb1aa49a7975/current/log_inprogress_0
2019-09-20 10:24:29,061 [Thread-721] INFO  impl.FollowerState (FollowerState.java:run(106)) - 54207fe5-d92c-4c2e-b058-fbae630dabef:group-9A55781D85B8 changes to CANDIDATE, lastRpcTime:5164, electionTimeout:5164ms
2019-09-20 10:24:29,061 [Thread-721] INFO  impl.RoleInfo (RoleInfo.java:shutdownFollowerState(121)) - 54207fe5-d92c-4c2e-b058-fbae630dabef: shutdown FollowerState
2019-09-20 10:24:29,062 [Thread-721] INFO  impl.RaftServerImpl (RaftServerImpl.java:setRole(171)) - 54207fe5-d92c-4c2e-b058-fbae630dabef:group-9A55781D85B8 changes role from FOLLOWER to CANDIDATE at term 0 for changeToCandidate
2019-09-20 10:24:29,062 [Thread-721] INFO  impl.RoleInfo (RoleInfo.java:updateAndGet(143)) - 54207fe5-d92c-4c2e-b058-fbae630dabef: start LeaderElection
2019-09-20 10:24:29,063 [Thread-724] INFO  impl.FollowerState (FollowerState.java:run(106)) - d2ed2d9b-7ac7-460e-84f6-6d9d6066f76d:group-BDEEE0B12ED5 changes to CANDIDATE, lastRpcTime:5082, electionTimeout:5082ms
2019-09-20 10:24:29,063 [Thread-724] INFO  impl.RoleInfo (RoleInfo.java:shutdownFollowerState(121)) - d2ed2d9b-7ac7-460e-84f6-6d9d6066f76d: shutdown FollowerState
2019-09-20 10:24:29,063 [Thread-724] INFO  impl.RaftServerImpl (RaftServerImpl.java:setRole(171)) - d2ed2d9b-7ac7-460e-84f6-6d9d6066f76d:group-BDEEE0B12ED5 changes role from FOLLOWER to CANDIDATE at term 0 for changeToCandidate
2019-09-20 10:24:29,064 [Thread-724] INFO  impl.RoleInfo (RoleInfo.java:updateAndGet(143)) - d2ed2d9b-7ac7-460e-84f6-6d9d6066f76d: start LeaderElection
2019-09-20 10:24:29,081 [d2ed2d9b-7ac7-460e-84f6-6d9d6066f76d:group-BDEEE0B12ED5:LeaderElection56] INFO  impl.LeaderElection (LeaderElection.java:askForVotes(181)) - d2ed2d9b-7ac7-460e-84f6-6d9d6066f76d:group-BDEEE0B12ED5:LeaderElection56: begin an election at term 1 for -1: [d2ed2d9b-7ac7-460e-84f6-6d9d6066f76d:192.168.36.99:37669], old=null
2019-09-20 10:24:29,081 [54207fe5-d92c-4c2e-b058-fbae630dabef:group-9A55781D85B8:LeaderElection55] INFO  impl.LeaderElection (LeaderElection.java:askForVotes(181)) - 54207fe5-d92c-4c2e-b058-fbae630dabef:group-9A55781D85B8:LeaderElection55: begin an election at term 1 for -1: [54207fe5-d92c-4c2e-b058-fbae630dabef:192.168.36.99:37075], old=null
2019-09-20 10:24:29,081 [d2ed2d9b-7ac7-460e-84f6-6d9d6066f76d:group-BDEEE0B12ED5:LeaderElection56] INFO  impl.RoleInfo (RoleInfo.java:shutdownLeaderElection(134)) - d2ed2d9b-7ac7-460e-84f6-6d9d6066f76d: shutdown LeaderElection
2019-09-20 10:24:29,082 [54207fe5-d92c-4c2e-b058-fbae630dabef:group-9A55781D85B8:LeaderElection55] INFO  impl.RoleInfo (RoleInfo.java:shutdownLeaderElection(134)) - 54207fe5-d92c-4c2e-b058-fbae630dabef: shutdown LeaderElection
2019-09-20 10:24:29,082 [d2ed2d9b-7ac7-460e-84f6-6d9d6066f76d:group-BDEEE0B12ED5:LeaderElection56] INFO  impl.RaftServerImpl (RaftServerImpl.java:setRole(171)) - d2ed2d9b-7ac7-460e-84f6-6d9d6066f76d:group-BDEEE0B12ED5 changes role from CANDIDATE to LEADER at term 1 for changeToLeader
2019-09-20 10:24:29,082 [54207fe5-d92c-4c2e-b058-fbae630dabef:group-9A55781D85B8:LeaderElection55] INFO  impl.RaftServerImpl (RaftServerImpl.java:setRole(171)) - 54207fe5-d92c-4c2e-b058-fbae630dabef:group-9A55781D85B8 changes role from CANDIDATE to LEADER at term 1 for changeToLeader
2019-09-20 10:24:29,082 [d2ed2d9b-7ac7-460e-84f6-6d9d6066f76d:group-BDEEE0B12ED5:LeaderElection56] INFO  impl.RaftServerImpl (ServerState.java:setLeader(263)) - d2ed2d9b-7ac7-460e-84f6-6d9d6066f76d:group-BDEEE0B12ED5 change Leader from null to d2ed2d9b-7ac7-460e-84f6-6d9d6066f76d at term 1 for becomeLeader, leader elected after 5106ms
2019-09-20 10:24:29,082 [54207fe5-d92c-4c2e-b058-fbae630dabef:group-9A55781D85B8:LeaderElection55] INFO  impl.RaftServerImpl (ServerState.java:setLeader(263)) - 54207fe5-d92c-4c2e-b058-fbae630dabef:group-9A55781D85B8 change Leader from null to 54207fe5-d92c-4c2e-b058-fbae630dabef at term 1 for becomeLeader, leader elected after 5190ms
2019-09-20 10:24:29,082 [d2ed2d9b-7ac7-460e-84f6-6d9d6066f76d:group-BDEEE0B12ED5:LeaderElection56] INFO  server.RaftServerConfigKeys (ConfUtils.java:logGet(43)) - raft.server.staging.catchup.gap = 1000 (default)
2019-09-20 10:24:29,082 [54207fe5-d92c-4c2e-b058-fbae630dabef:group-9A55781D85B8:LeaderElection55] INFO  server.RaftServerConfigKeys (ConfUtils.java:logGet(43)) - raft.server.staging.catchup.gap = 1000 (default)
2019-09-20 10:24:29,082 [d2ed2d9b-7ac7-460e-84f6-6d9d6066f76d:group-BDEEE0B12ED5:LeaderElection56] INFO  server.RaftServerConfigKeys (ConfUtils.java:logGet(43)) - raft.server.rpc.sleep.time = 25ms (default)
2019-09-20 10:24:29,083 [54207fe5-d92c-4c2e-b058-fbae630dabef:group-9A55781D85B8:LeaderElection55] INFO  server.RaftServerConfigKeys (ConfUtils.java:logGet(43)) - raft.server.rpc.sleep.time = 25ms (default)
2019-09-20 10:24:29,083 [d2ed2d9b-7ac7-460e-84f6-6d9d6066f76d:group-BDEEE0B12ED5:LeaderElection56] INFO  server.RaftServerConfigKeys (ConfUtils.java:logGet(43)) - raft.server.write.element-limit = 4096 (default)
2019-09-20 10:24:29,083 [54207fe5-d92c-4c2e-b058-fbae630dabef:group-9A55781D85B8:LeaderElection55] INFO  server.RaftServerConfigKeys (ConfUtils.java:logGet(43)) - raft.server.write.element-limit = 4096 (default)
2019-09-20 10:24:29,083 [d2ed2d9b-7ac7-460e-84f6-6d9d6066f76d:group-BDEEE0B12ED5:LeaderElection56] INFO  server.RaftServerConfigKeys (ConfUtils.java:logGet(43)) - raft.server.watch.timeout = 10s (default)
2019-09-20 10:24:29,083 [54207fe5-d92c-4c2e-b058-fbae630dabef:group-9A55781D85B8:LeaderElection55] INFO  server.RaftServerConfigKeys (ConfUtils.java:logGet(43)) - raft.server.watch.timeout = 10s (default)
2019-09-20 10:24:29,083 [d2ed2d9b-7ac7-460e-84f6-6d9d6066f76d:group-BDEEE0B12ED5:LeaderElection56] INFO  server.RaftServerConfigKeys (ConfUtils.java:logGet(43)) - raft.server.watch.timeout.denomination = 1s (default)
2019-09-20 10:24:29,083 [54207fe5-d92c-4c2e-b058-fbae630dabef:group-9A55781D85B8:LeaderElection55] INFO  server.RaftServerConfigKeys (ConfUtils.java:logGet(43)) - raft.server.watch.timeout.denomination = 1s (default)
2019-09-20 10:24:29,083 [d2ed2d9b-7ac7-460e-84f6-6d9d6066f76d:group-BDEEE0B12ED5:LeaderElection56] INFO  server.RaftServerConfigKeys (ConfUtils.java:logGet(43)) - raft.server.watch.element-limit = 65536 (default)
2019-09-20 10:24:29,084 [54207fe5-d92c-4c2e-b058-fbae630dabef:group-9A55781D85B8:LeaderElection55] INFO  server.RaftServerConfigKeys (ConfUtils.java:logGet(43)) - raft.server.watch.element-limit = 65536 (default)
2019-09-20 10:24:29,084 [d2ed2d9b-7ac7-460e-84f6-6d9d6066f76d:group-BDEEE0B12ED5:LeaderElection56] INFO  impl.RoleInfo (RoleInfo.java:updateAndGet(143)) - d2ed2d9b-7ac7-460e-84f6-6d9d6066f76d: start LeaderState
2019-09-20 10:24:29,084 [54207fe5-d92c-4c2e-b058-fbae630dabef:group-9A55781D85B8:LeaderElection55] INFO  impl.RoleInfo (RoleInfo.java:updateAndGet(143)) - 54207fe5-d92c-4c2e-b058-fbae630dabef: start LeaderState
2019-09-20 10:24:29,084 [d2ed2d9b-7ac7-460e-84f6-6d9d6066f76d:group-BDEEE0B12ED5:LeaderElection56] INFO  segmented.SegmentedRaftLogWorker (SegmentedRaftLogWorker.java:startLogSegment(380)) - d2ed2d9b-7ac7-460e-84f6-6d9d6066f76d-SegmentedRaftLogWorker:Storage Directory /workdir/hadoop-ozone/integration-test/target/test-dir/MiniOzoneClusterImpl-0561fc2e-9288-4596-b687-0c9fb03504b1/datanode-1/data/ratis/c8c3dd21-287a-4b65-b064-bdeee0b12ed5: Starting segment from index:0
2019-09-20 10:24:29,084 [54207fe5-d92c-4c2e-b058-fbae630dabef:group-9A55781D85B8:LeaderElection55] INFO  segmented.SegmentedRaftLogWorker (SegmentedRaftLogWorker.java:startLogSegment(380)) - 54207fe5-d92c-4c2e-b058-fbae630dabef-SegmentedRaftLogWorker:Storage Directory /workdir/hadoop-ozone/integration-test/target/test-dir/MiniOzoneClusterImpl-0561fc2e-9288-4596-b687-0c9fb03504b1/datanode-2/data/ratis/f9e66e07-cd86-40c6-b6a4-9a55781d85b8: Starting segment from index:0
2019-09-20 10:24:29,085 [d2ed2d9b-7ac7-460e-84f6-6d9d6066f76d:group-BDEEE0B12ED5:LeaderElection56] INFO  impl.RaftServerImpl (ServerState.java:setRaftConf(361)) - d2ed2d9b-7ac7-460e-84f6-6d9d6066f76d:group-BDEEE0B12ED5 set configuration 0: [d2ed2d9b-7ac7-460e-84f6-6d9d6066f76d:192.168.36.99:37669], old=null at 0
2019-09-20 10:24:29,085 [54207fe5-d92c-4c2e-b058-fbae630dabef:group-9A55781D85B8:LeaderElection55] INFO  impl.RaftServerImpl (ServerState.java:setRaftConf(361)) - 54207fe5-d92c-4c2e-b058-fbae630dabef:group-9A55781D85B8 set configuration 0: [54207fe5-d92c-4c2e-b058-fbae630dabef:192.168.36.99:37075], old=null at 0
2019-09-20 10:24:29,131 [d2ed2d9b-7ac7-460e-84f6-6d9d6066f76d-SegmentedRaftLogWorker:Storage Directory /workdir/hadoop-ozone/integration-test/target/test-dir/MiniOzoneClusterImpl-0561fc2e-9288-4596-b687-0c9fb03504b1/datanode-1/data/ratis/c8c3dd21-287a-4b65-b064-bdeee0b12ed5] INFO  segmented.SegmentedRaftLogWorker (SegmentedRaftLogWorker.java:execute(569)) - d2ed2d9b-7ac7-460e-84f6-6d9d6066f76d-SegmentedRaftLogWorker:Storage Directory /workdir/hadoop-ozone/integration-test/target/test-dir/MiniOzoneClusterImpl-0561fc2e-9288-4596-b687-0c9fb03504b1/datanode-1/data/ratis/c8c3dd21-287a-4b65-b064-bdeee0b12ed5: created new log segment /workdir/hadoop-ozone/integration-test/target/test-dir/MiniOzoneClusterImpl-0561fc2e-9288-4596-b687-0c9fb03504b1/datanode-1/data/ratis/c8c3dd21-287a-4b65-b064-bdeee0b12ed5/current/log_inprogress_0
2019-09-20 10:24:29,148 [54207fe5-d92c-4c2e-b058-fbae630dabef-SegmentedRaftLogWorker:Storage Directory /workdir/hadoop-ozone/integration-test/target/test-dir/MiniOzoneClusterImpl-0561fc2e-9288-4596-b687-0c9fb03504b1/datanode-2/data/ratis/f9e66e07-cd86-40c6-b6a4-9a55781d85b8] INFO  segmented.SegmentedRaftLogWorker (SegmentedRaftLogWorker.java:execute(569)) - 54207fe5-d92c-4c2e-b058-fbae630dabef-SegmentedRaftLogWorker:Storage Directory /workdir/hadoop-ozone/integration-test/target/test-dir/MiniOzoneClusterImpl-0561fc2e-9288-4596-b687-0c9fb03504b1/datanode-2/data/ratis/f9e66e07-cd86-40c6-b6a4-9a55781d85b8: created new log segment /workdir/hadoop-ozone/integration-test/target/test-dir/MiniOzoneClusterImpl-0561fc2e-9288-4596-b687-0c9fb03504b1/datanode-2/data/ratis/f9e66e07-cd86-40c6-b6a4-9a55781d85b8/current/log_inprogress_0
2019-09-20 10:24:29,206 [Thread-727] INFO  impl.FollowerState (FollowerState.java:run(106)) - 54207fe5-d92c-4c2e-b058-fbae630dabef:group-78F12B894F28 changes to CANDIDATE, lastRpcTime:5167, electionTimeout:5167ms
2019-09-20 10:24:29,206 [Thread-727] INFO  impl.RoleInfo (RoleInfo.java:shutdownFollowerState(121)) - 54207fe5-d92c-4c2e-b058-fbae630dabef: shutdown FollowerState
2019-09-20 10:24:29,206 [Thread-727] INFO  impl.RaftServerImpl (RaftServerImpl.java:setRole(171)) - 54207fe5-d92c-4c2e-b058-fbae630dabef:group-78F12B894F28 changes role from FOLLOWER to CANDIDATE at term 0 for changeToCandidate
2019-09-20 10:24:29,207 [Thread-727] INFO  impl.RoleInfo (RoleInfo.java:updateAndGet(143)) - 54207fe5-d92c-4c2e-b058-fbae630dabef: start LeaderElection
2019-09-20 10:24:29,236 | INFO  | SCMAudit | user=jenkins1000 | ip=192.168.36.99 | op=SEND_HEARTBEAT {datanodeUUID=d2ed2d9b-7ac7-460e-84f6-6d9d6066f76d, command=[]} | ret=SUCCESS |  
2019-09-20 10:24:29,244 | INFO  | SCMAudit | user=jenkins1000 | ip=192.168.36.99 | op=SEND_HEARTBEAT {datanodeUUID=66416d0b-a71c-4af1-ae3a-62ca63b880a3, command=[]} | ret=SUCCESS |  
2019-09-20 10:24:29,244 | INFO  | SCMAudit | user=jenkins1000 | ip=192.168.36.99 | op=SEND_HEARTBEAT {datanodeUUID=c3e532f8-1a8e-44f3-b56b-d765aee893af, command=[]} | ret=SUCCESS |  
2019-09-20 10:24:29,249 [54207fe5-d92c-4c2e-b058-fbae630dabef:group-78F12B894F28:LeaderElection57] INFO  impl.LeaderElection (LeaderElection.java:askForVotes(181)) - 54207fe5-d92c-4c2e-b058-fbae630dabef:group-78F12B894F28:LeaderElection57: begin an election at term 1 for -1: [54207fe5-d92c-4c2e-b058-fbae630dabef:192.168.36.99:37075], old=null
2019-09-20 10:24:29,249 [54207fe5-d92c-4c2e-b058-fbae630dabef:group-78F12B894F28:LeaderElection57] INFO  impl.RoleInfo (RoleInfo.java:shutdownLeaderElection(134)) - 54207fe5-d92c-4c2e-b058-fbae630dabef: shutdown LeaderElection
2019-09-20 10:24:29,249 [54207fe5-d92c-4c2e-b058-fbae630dabef:group-78F12B894F28:LeaderElection57] INFO  impl.RaftServerImpl (RaftServerImpl.java:setRole(171)) - 54207fe5-d92c-4c2e-b058-fbae630dabef:group-78F12B894F28 changes role from CANDIDATE to LEADER at term 1 for changeToLeader
2019-09-20 10:24:29,250 [54207fe5-d92c-4c2e-b058-fbae630dabef:group-78F12B894F28:LeaderElection57] INFO  impl.RaftServerImpl (ServerState.java:setLeader(263)) - 54207fe5-d92c-4c2e-b058-fbae630dabef:group-78F12B894F28 change Leader from null to 54207fe5-d92c-4c2e-b058-fbae630dabef at term 1 for becomeLeader, leader elected after 5215ms
2019-09-20 10:24:29,250 [54207fe5-d92c-4c2e-b058-fbae630dabef:group-78F12B894F28:LeaderElection57] INFO  server.RaftServerConfigKeys (ConfUtils.java:logGet(43)) - raft.server.staging.catchup.gap = 1000 (default)
2019-09-20 10:24:29,250 [54207fe5-d92c-4c2e-b058-fbae630dabef:group-78F12B894F28:LeaderElection57] INFO  server.RaftServerConfigKeys (ConfUtils.java:logGet(43)) - raft.server.rpc.sleep.time = 25ms (default)
2019-09-20 10:24:29,250 [54207fe5-d92c-4c2e-b058-fbae630dabef:group-78F12B894F28:LeaderElection57] INFO  server.RaftServerConfigKeys (ConfUtils.java:logGet(43)) - raft.server.write.element-limit = 4096 (default)
2019-09-20 10:24:29,251 [54207fe5-d92c-4c2e-b058-fbae630dabef:group-78F12B894F28:LeaderElection57] INFO  server.RaftServerConfigKeys (ConfUtils.java:logGet(43)) - raft.server.watch.timeout = 10s (default)
2019-09-20 10:24:29,251 [54207fe5-d92c-4c2e-b058-fbae630dabef:group-78F12B894F28:LeaderElection57] INFO  server.RaftServerConfigKeys (ConfUtils.java:logGet(43)) - raft.server.watch.timeout.denomination = 1s (default)
2019-09-20 10:24:29,251 [54207fe5-d92c-4c2e-b058-fbae630dabef:group-78F12B894F28:LeaderElection57] INFO  server.RaftServerConfigKeys (ConfUtils.java:logGet(43)) - raft.server.watch.element-limit = 65536 (default)
2019-09-20 10:24:29,251 [54207fe5-d92c-4c2e-b058-fbae630dabef:group-78F12B894F28:LeaderElection57] INFO  impl.RoleInfo (RoleInfo.java:updateAndGet(143)) - 54207fe5-d92c-4c2e-b058-fbae630dabef: start LeaderState
2019-09-20 10:24:29,252 [54207fe5-d92c-4c2e-b058-fbae630dabef:group-78F12B894F28:LeaderElection57] INFO  segmented.SegmentedRaftLogWorker (SegmentedRaftLogWorker.java:startLogSegment(380)) - 54207fe5-d92c-4c2e-b058-fbae630dabef-SegmentedRaftLogWorker:Storage Directory /workdir/hadoop-ozone/integration-test/target/test-dir/MiniOzoneClusterImpl-0561fc2e-9288-4596-b687-0c9fb03504b1/datanode-2/data/ratis/1d4c7d9e-f7a4-4bfd-afb2-78f12b894f28: Starting segment from index:0
2019-09-20 10:24:29,253 [54207fe5-d92c-4c2e-b058-fbae630dabef:group-78F12B894F28:LeaderElection57] INFO  impl.RaftServerImpl (ServerState.java:setRaftConf(361)) - 54207fe5-d92c-4c2e-b058-fbae630dabef:group-78F12B894F28 set configuration 0: [54207fe5-d92c-4c2e-b058-fbae630dabef:192.168.36.99:37075], old=null at 0
2019-09-20 10:24:29,261 [Thread-733] INFO  impl.FollowerState (FollowerState.java:run(106)) - 54207fe5-d92c-4c2e-b058-fbae630dabef:group-4D4F2F0AD733 changes to CANDIDATE, lastRpcTime:5078, electionTimeout:5078ms
2019-09-20 10:24:29,261 [Thread-733] INFO  impl.RoleInfo (RoleInfo.java:shutdownFollowerState(121)) - 54207fe5-d92c-4c2e-b058-fbae630dabef: shutdown FollowerState
2019-09-20 10:24:29,261 [Thread-733] INFO  impl.RaftServerImpl (RaftServerImpl.java:setRole(171)) - 54207fe5-d92c-4c2e-b058-fbae630dabef:group-4D4F2F0AD733 changes role from FOLLOWER to CANDIDATE at term 0 for changeToCandidate
2019-09-20 10:24:29,261 [Thread-733] INFO  impl.RoleInfo (RoleInfo.java:updateAndGet(143)) - 54207fe5-d92c-4c2e-b058-fbae630dabef: start LeaderElection
2019-09-20 10:24:29,283 [54207fe5-d92c-4c2e-b058-fbae630dabef:group-4D4F2F0AD733:LeaderElection58] INFO  impl.LeaderElection (LeaderElection.java:askForVotes(181)) - 54207fe5-d92c-4c2e-b058-fbae630dabef:group-4D4F2F0AD733:LeaderElection58: begin an election at term 1 for -1: [54207fe5-d92c-4c2e-b058-fbae630dabef:192.168.36.99:37075], old=null
2019-09-20 10:24:29,283 [54207fe5-d92c-4c2e-b058-fbae630dabef:group-4D4F2F0AD733:LeaderElection58] INFO  impl.RoleInfo (RoleInfo.java:shutdownLeaderElection(134)) - 54207fe5-d92c-4c2e-b058-fbae630dabef: shutdown LeaderElection
2019-09-20 10:24:29,283 [54207fe5-d92c-4c2e-b058-fbae630dabef:group-4D4F2F0AD733:LeaderElection58] INFO  impl.RaftServerImpl (RaftServerImpl.java:setRole(171)) - 54207fe5-d92c-4c2e-b058-fbae630dabef:group-4D4F2F0AD733 changes role from CANDIDATE to LEADER at term 1 for changeToLeader
2019-09-20 10:24:29,283 [54207fe5-d92c-4c2e-b058-fbae630dabef:group-4D4F2F0AD733:LeaderElection58] INFO  impl.RaftServerImpl (ServerState.java:setLeader(263)) - 54207fe5-d92c-4c2e-b058-fbae630dabef:group-4D4F2F0AD733 change Leader from null to 54207fe5-d92c-4c2e-b058-fbae630dabef at term 1 for becomeLeader, leader elected after 5105ms
2019-09-20 10:24:29,283 [54207fe5-d92c-4c2e-b058-fbae630dabef:group-4D4F2F0AD733:LeaderElection58] INFO  server.RaftServerConfigKeys (ConfUtils.java:logGet(43)) - raft.server.staging.catchup.gap = 1000 (default)
2019-09-20 10:24:29,284 [54207fe5-d92c-4c2e-b058-fbae630dabef:group-4D4F2F0AD733:LeaderElection58] INFO  server.RaftServerConfigKeys (ConfUtils.java:logGet(43)) - raft.server.rpc.sleep.time = 25ms (default)
2019-09-20 10:24:29,284 [54207fe5-d92c-4c2e-b058-fbae630dabef:group-4D4F2F0AD733:LeaderElection58] INFO  server.RaftServerConfigKeys (ConfUtils.java:logGet(43)) - raft.server.write.element-limit = 4096 (default)
2019-09-20 10:24:29,284 [54207fe5-d92c-4c2e-b058-fbae630dabef:group-4D4F2F0AD733:LeaderElection58] INFO  server.RaftServerConfigKeys (ConfUtils.java:logGet(43)) - raft.server.watch.timeout = 10s (default)
2019-09-20 10:24:29,284 [54207fe5-d92c-4c2e-b058-fbae630dabef:group-4D4F2F0AD733:LeaderElection58] INFO  server.RaftServerConfigKeys (ConfUtils.java:logGet(43)) - raft.server.watch.timeout.denomination = 1s (default)
2019-09-20 10:24:29,284 [54207fe5-d92c-4c2e-b058-fbae630dabef:group-4D4F2F0AD733:LeaderElection58] INFO  server.RaftServerConfigKeys (ConfUtils.java:logGet(43)) - raft.server.watch.element-limit = 65536 (default)
2019-09-20 10:24:29,284 | INFO  | SCMAudit | user=jenkins1000 | ip=192.168.36.99 | op=SEND_HEARTBEAT {datanodeUUID=19fb8383-7c99-4449-b95c-a26e71717844, command=[]} | ret=SUCCESS |  
2019-09-20 10:24:29,285 [54207fe5-d92c-4c2e-b058-fbae630dabef:group-4D4F2F0AD733:LeaderElection58] INFO  impl.RoleInfo (RoleInfo.java:updateAndGet(143)) - 54207fe5-d92c-4c2e-b058-fbae630dabef: start LeaderState
2019-09-20 10:24:29,285 [54207fe5-d92c-4c2e-b058-fbae630dabef:group-4D4F2F0AD733:LeaderElection58] INFO  segmented.SegmentedRaftLogWorker (SegmentedRaftLogWorker.java:startLogSegment(380)) - 54207fe5-d92c-4c2e-b058-fbae630dabef-SegmentedRaftLogWorker:Storage Directory /workdir/hadoop-ozone/integration-test/target/test-dir/MiniOzoneClusterImpl-0561fc2e-9288-4596-b687-0c9fb03504b1/datanode-2/data/ratis/bd48154b-67a1-4653-999f-4d4f2f0ad733: Starting segment from index:0
2019-09-20 10:24:29,287 [54207fe5-d92c-4c2e-b058-fbae630dabef:group-4D4F2F0AD733:LeaderElection58] INFO  impl.RaftServerImpl (ServerState.java:setRaftConf(361)) - 54207fe5-d92c-4c2e-b058-fbae630dabef:group-4D4F2F0AD733 set configuration 0: [54207fe5-d92c-4c2e-b058-fbae630dabef:192.168.36.99:37075], old=null at 0
2019-09-20 10:24:29,294 [Thread-730] INFO  impl.FollowerState (FollowerState.java:run(106)) - 6491c372-a595-4104-b3e9-c4f3293baafa:group-2D625768C090 changes to CANDIDATE, lastRpcTime:5179, electionTimeout:5179ms
2019-09-20 10:24:29,295 [Thread-730] INFO  impl.RoleInfo (RoleInfo.java:shutdownFollowerState(121)) - 6491c372-a595-4104-b3e9-c4f3293baafa: shutdown FollowerState
2019-09-20 10:24:29,295 [Thread-730] INFO  impl.RaftServerImpl (RaftServerImpl.java:setRole(171)) - 6491c372-a595-4104-b3e9-c4f3293baafa:group-2D625768C090 changes role from FOLLOWER to CANDIDATE at term 0 for changeToCandidate
2019-09-20 10:24:29,295 [Thread-730] INFO  impl.RoleInfo (RoleInfo.java:updateAndGet(143)) - 6491c372-a595-4104-b3e9-c4f3293baafa: start LeaderElection
2019-09-20 10:24:29,298 [Thread-736] INFO  impl.FollowerState (FollowerState.java:run(106)) - 6491c372-a595-4104-b3e9-c4f3293baafa:group-49592981EF4A changes to CANDIDATE, lastRpcTime:5031, electionTimeout:5031ms
2019-09-20 10:24:29,298 [Thread-736] INFO  impl.RoleInfo (RoleInfo.java:shutdownFollowerState(121)) - 6491c372-a595-4104-b3e9-c4f3293baafa: shutdown FollowerState
2019-09-20 10:24:29,298 [Thread-736] INFO  impl.RaftServerImpl (RaftServerImpl.java:setRole(171)) - 6491c372-a595-4104-b3e9-c4f3293baafa:group-49592981EF4A changes role from FOLLOWER to CANDIDATE at term 0 for changeToCandidate
2019-09-20 10:24:29,298 [Thread-736] INFO  impl.RoleInfo (RoleInfo.java:updateAndGet(143)) - 6491c372-a595-4104-b3e9-c4f3293baafa: start LeaderElection
2019-09-20 10:24:29,316 [54207fe5-d92c-4c2e-b058-fbae630dabef-SegmentedRaftLogWorker:Storage Directory /workdir/hadoop-ozone/integration-test/target/test-dir/MiniOzoneClusterImpl-0561fc2e-9288-4596-b687-0c9fb03504b1/datanode-2/data/ratis/1d4c7d9e-f7a4-4bfd-afb2-78f12b894f28] INFO  segmented.SegmentedRaftLogWorker (SegmentedRaftLogWorker.java:execute(569)) - 54207fe5-d92c-4c2e-b058-fbae630dabef-SegmentedRaftLogWorker:Storage Directory /workdir/hadoop-ozone/integration-test/target/test-dir/MiniOzoneClusterImpl-0561fc2e-9288-4596-b687-0c9fb03504b1/datanode-2/data/ratis/1d4c7d9e-f7a4-4bfd-afb2-78f12b894f28: created new log segment /workdir/hadoop-ozone/integration-test/target/test-dir/MiniOzoneClusterImpl-0561fc2e-9288-4596-b687-0c9fb03504b1/datanode-2/data/ratis/1d4c7d9e-f7a4-4bfd-afb2-78f12b894f28/current/log_inprogress_0
2019-09-20 10:24:29,316 [6491c372-a595-4104-b3e9-c4f3293baafa:group-49592981EF4A:LeaderElection60] INFO  impl.LeaderElection (LeaderElection.java:askForVotes(181)) - 6491c372-a595-4104-b3e9-c4f3293baafa:group-49592981EF4A:LeaderElection60: begin an election at term 1 for -1: [6491c372-a595-4104-b3e9-c4f3293baafa:192.168.36.99:41491], old=null
2019-09-20 10:24:29,316 [6491c372-a595-4104-b3e9-c4f3293baafa:group-2D625768C090:LeaderElection59] INFO  impl.LeaderElection (LeaderElection.java:askForVotes(181)) - 6491c372-a595-4104-b3e9-c4f3293baafa:group-2D625768C090:LeaderElection59: begin an election at term 1 for -1: [6491c372-a595-4104-b3e9-c4f3293baafa:192.168.36.99:41491], old=null
2019-09-20 10:24:29,317 [6491c372-a595-4104-b3e9-c4f3293baafa:group-49592981EF4A:LeaderElection60] INFO  impl.RoleInfo (RoleInfo.java:shutdownLeaderElection(134)) - 6491c372-a595-4104-b3e9-c4f3293baafa: shutdown LeaderElection
2019-09-20 10:24:29,317 [6491c372-a595-4104-b3e9-c4f3293baafa:group-2D625768C090:LeaderElection59] INFO  impl.RoleInfo (RoleInfo.java:shutdownLeaderElection(134)) - 6491c372-a595-4104-b3e9-c4f3293baafa: shutdown LeaderElection
2019-09-20 10:24:29,317 [6491c372-a595-4104-b3e9-c4f3293baafa:group-49592981EF4A:LeaderElection60] INFO  impl.RaftServerImpl (RaftServerImpl.java:setRole(171)) - 6491c372-a595-4104-b3e9-c4f3293baafa:group-49592981EF4A changes role from CANDIDATE to LEADER at term 1 for changeToLeader
2019-09-20 10:24:29,317 [6491c372-a595-4104-b3e9-c4f3293baafa:group-2D625768C090:LeaderElection59] INFO  impl.RaftServerImpl (RaftServerImpl.java:setRole(171)) - 6491c372-a595-4104-b3e9-c4f3293baafa:group-2D625768C090 changes role from CANDIDATE to LEADER at term 1 for changeToLeader
2019-09-20 10:24:29,317 [6491c372-a595-4104-b3e9-c4f3293baafa:group-49592981EF4A:LeaderElection60] INFO  impl.RaftServerImpl (ServerState.java:setLeader(263)) - 6491c372-a595-4104-b3e9-c4f3293baafa:group-49592981EF4A change Leader from null to 6491c372-a595-4104-b3e9-c4f3293baafa at term 1 for becomeLeader, leader elected after 5055ms
2019-09-20 10:24:29,317 [6491c372-a595-4104-b3e9-c4f3293baafa:group-2D625768C090:LeaderElection59] INFO  impl.RaftServerImpl (ServerState.java:setLeader(263)) - 6491c372-a595-4104-b3e9-c4f3293baafa:group-2D625768C090 change Leader from null to 6491c372-a595-4104-b3e9-c4f3293baafa at term 1 for becomeLeader, leader elected after 5206ms
2019-09-20 10:24:29,317 [6491c372-a595-4104-b3e9-c4f3293baafa:group-49592981EF4A:LeaderElection60] INFO  server.RaftServerConfigKeys (ConfUtils.java:logGet(43)) - raft.server.staging.catchup.gap = 1000 (default)
2019-09-20 10:24:29,317 [6491c372-a595-4104-b3e9-c4f3293baafa:group-2D625768C090:LeaderElection59] INFO  server.RaftServerConfigKeys (ConfUtils.java:logGet(43)) - raft.server.staging.catchup.gap = 1000 (default)
2019-09-20 10:24:29,318 [6491c372-a595-4104-b3e9-c4f3293baafa:group-49592981EF4A:LeaderElection60] INFO  server.RaftServerConfigKeys (ConfUtils.java:logGet(43)) - raft.server.rpc.sleep.time = 25ms (default)
2019-09-20 10:24:29,318 [6491c372-a595-4104-b3e9-c4f3293baafa:group-2D625768C090:LeaderElection59] INFO  server.RaftServerConfigKeys (ConfUtils.java:logGet(43)) - raft.server.rpc.sleep.time = 25ms (default)
2019-09-20 10:24:29,318 [6491c372-a595-4104-b3e9-c4f3293baafa:group-49592981EF4A:LeaderElection60] INFO  server.RaftServerConfigKeys (ConfUtils.java:logGet(43)) - raft.server.write.element-limit = 4096 (default)
2019-09-20 10:24:29,318 [6491c372-a595-4104-b3e9-c4f3293baafa:group-2D625768C090:LeaderElection59] INFO  server.RaftServerConfigKeys (ConfUtils.java:logGet(43)) - raft.server.write.element-limit = 4096 (default)
2019-09-20 10:24:29,318 [6491c372-a595-4104-b3e9-c4f3293baafa:group-49592981EF4A:LeaderElection60] INFO  server.RaftServerConfigKeys (ConfUtils.java:logGet(43)) - raft.server.watch.timeout = 10s (default)
2019-09-20 10:24:29,318 [6491c372-a595-4104-b3e9-c4f3293baafa:group-2D625768C090:LeaderElection59] INFO  server.RaftServerConfigKeys (ConfUtils.java:logGet(43)) - raft.server.watch.timeout = 10s (default)
2019-09-20 10:24:29,318 [6491c372-a595-4104-b3e9-c4f3293baafa:group-49592981EF4A:LeaderElection60] INFO  server.RaftServerConfigKeys (ConfUtils.java:logGet(43)) - raft.server.watch.timeout.denomination = 1s (default)
2019-09-20 10:24:29,318 [6491c372-a595-4104-b3e9-c4f3293baafa:group-2D625768C090:LeaderElection59] INFO  server.RaftServerConfigKeys (ConfUtils.java:logGet(43)) - raft.server.watch.timeout.denomination = 1s (default)
2019-09-20 10:24:29,318 [6491c372-a595-4104-b3e9-c4f3293baafa:group-49592981EF4A:LeaderElection60] INFO  server.RaftServerConfigKeys (ConfUtils.java:logGet(43)) - raft.server.watch.element-limit = 65536 (default)
2019-09-20 10:24:29,319 [6491c372-a595-4104-b3e9-c4f3293baafa:group-2D625768C090:LeaderElection59] INFO  server.RaftServerConfigKeys (ConfUtils.java:logGet(43)) - raft.server.watch.element-limit = 65536 (default)
2019-09-20 10:24:29,319 [6491c372-a595-4104-b3e9-c4f3293baafa:group-49592981EF4A:LeaderElection60] INFO  impl.RoleInfo (RoleInfo.java:updateAndGet(143)) - 6491c372-a595-4104-b3e9-c4f3293baafa: start LeaderState
2019-09-20 10:24:29,319 [6491c372-a595-4104-b3e9-c4f3293baafa:group-2D625768C090:LeaderElection59] INFO  impl.RoleInfo (RoleInfo.java:updateAndGet(143)) - 6491c372-a595-4104-b3e9-c4f3293baafa: start LeaderState
2019-09-20 10:24:29,319 [6491c372-a595-4104-b3e9-c4f3293baafa:group-49592981EF4A:LeaderElection60] INFO  segmented.SegmentedRaftLogWorker (SegmentedRaftLogWorker.java:startLogSegment(380)) - 6491c372-a595-4104-b3e9-c4f3293baafa-SegmentedRaftLogWorker:Storage Directory /workdir/hadoop-ozone/integration-test/target/test-dir/MiniOzoneClusterImpl-0561fc2e-9288-4596-b687-0c9fb03504b1/datanode-3/data/ratis/c61af954-14e2-4eb7-a1d0-49592981ef4a: Starting segment from index:0
2019-09-20 10:24:29,319 [6491c372-a595-4104-b3e9-c4f3293baafa:group-2D625768C090:LeaderElection59] INFO  segmented.SegmentedRaftLogWorker (SegmentedRaftLogWorker.java:startLogSegment(380)) - 6491c372-a595-4104-b3e9-c4f3293baafa-SegmentedRaftLogWorker:Storage Directory /workdir/hadoop-ozone/integration-test/target/test-dir/MiniOzoneClusterImpl-0561fc2e-9288-4596-b687-0c9fb03504b1/datanode-3/data/ratis/73e726a1-a6aa-4cfa-9a5c-2d625768c090: Starting segment from index:0
2019-09-20 10:24:29,320 [6491c372-a595-4104-b3e9-c4f3293baafa:group-49592981EF4A:LeaderElection60] INFO  impl.RaftServerImpl (ServerState.java:setRaftConf(361)) - 6491c372-a595-4104-b3e9-c4f3293baafa:group-49592981EF4A set configuration 0: [6491c372-a595-4104-b3e9-c4f3293baafa:192.168.36.99:41491], old=null at 0
2019-09-20 10:24:29,320 [6491c372-a595-4104-b3e9-c4f3293baafa:group-2D625768C090:LeaderElection59] INFO  impl.RaftServerImpl (ServerState.java:setRaftConf(361)) - 6491c372-a595-4104-b3e9-c4f3293baafa:group-2D625768C090 set configuration 0: [6491c372-a595-4104-b3e9-c4f3293baafa:192.168.36.99:41491], old=null at 0
2019-09-20 10:24:29,333 [54207fe5-d92c-4c2e-b058-fbae630dabef-SegmentedRaftLogWorker:Storage Directory /workdir/hadoop-ozone/integration-test/target/test-dir/MiniOzoneClusterImpl-0561fc2e-9288-4596-b687-0c9fb03504b1/datanode-2/data/ratis/bd48154b-67a1-4653-999f-4d4f2f0ad733] INFO  segmented.SegmentedRaftLogWorker (SegmentedRaftLogWorker.java:execute(569)) - 54207fe5-d92c-4c2e-b058-fbae630dabef-SegmentedRaftLogWorker:Storage Directory /workdir/hadoop-ozone/integration-test/target/test-dir/MiniOzoneClusterImpl-0561fc2e-9288-4596-b687-0c9fb03504b1/datanode-2/data/ratis/bd48154b-67a1-4653-999f-4d4f2f0ad733: created new log segment /workdir/hadoop-ozone/integration-test/target/test-dir/MiniOzoneClusterImpl-0561fc2e-9288-4596-b687-0c9fb03504b1/datanode-2/data/ratis/bd48154b-67a1-4653-999f-4d4f2f0ad733/current/log_inprogress_0
2019-09-20 10:24:29,340 | INFO  | SCMAudit | user=jenkins1000 | ip=192.168.36.99 | op=SEND_HEARTBEAT {datanodeUUID=4d972e91-cb6b-45de-8bd2-c18af7abe58b, command=[]} | ret=SUCCESS |  
2019-09-20 10:24:29,384 [6491c372-a595-4104-b3e9-c4f3293baafa-SegmentedRaftLogWorker:Storage Directory /workdir/hadoop-ozone/integration-test/target/test-dir/MiniOzoneClusterImpl-0561fc2e-9288-4596-b687-0c9fb03504b1/datanode-3/data/ratis/c61af954-14e2-4eb7-a1d0-49592981ef4a] INFO  segmented.SegmentedRaftLogWorker (SegmentedRaftLogWorker.java:execute(569)) - 6491c372-a595-4104-b3e9-c4f3293baafa-SegmentedRaftLogWorker:Storage Directory /workdir/hadoop-ozone/integration-test/target/test-dir/MiniOzoneClusterImpl-0561fc2e-9288-4596-b687-0c9fb03504b1/datanode-3/data/ratis/c61af954-14e2-4eb7-a1d0-49592981ef4a: created new log segment /workdir/hadoop-ozone/integration-test/target/test-dir/MiniOzoneClusterImpl-0561fc2e-9288-4596-b687-0c9fb03504b1/datanode-3/data/ratis/c61af954-14e2-4eb7-a1d0-49592981ef4a/current/log_inprogress_0
2019-09-20 10:24:29,384 [6491c372-a595-4104-b3e9-c4f3293baafa-SegmentedRaftLogWorker:Storage Directory /workdir/hadoop-ozone/integration-test/target/test-dir/MiniOzoneClusterImpl-0561fc2e-9288-4596-b687-0c9fb03504b1/datanode-3/data/ratis/73e726a1-a6aa-4cfa-9a5c-2d625768c090] INFO  segmented.SegmentedRaftLogWorker (SegmentedRaftLogWorker.java:execute(569)) - 6491c372-a595-4104-b3e9-c4f3293baafa-SegmentedRaftLogWorker:Storage Directory /workdir/hadoop-ozone/integration-test/target/test-dir/MiniOzoneClusterImpl-0561fc2e-9288-4596-b687-0c9fb03504b1/datanode-3/data/ratis/73e726a1-a6aa-4cfa-9a5c-2d625768c090: created new log segment /workdir/hadoop-ozone/integration-test/target/test-dir/MiniOzoneClusterImpl-0561fc2e-9288-4596-b687-0c9fb03504b1/datanode-3/data/ratis/73e726a1-a6aa-4cfa-9a5c-2d625768c090/current/log_inprogress_0
2019-09-20 10:24:29,392 | INFO  | SCMAudit | user=jenkins1000 | ip=192.168.36.99 | op=SEND_HEARTBEAT {datanodeUUID=17e2ba94-38a1-40e7-84e0-f6802901db84, command=[]} | ret=SUCCESS |  
2019-09-20 10:24:29,413 [Thread-739] INFO  impl.FollowerState (FollowerState.java:run(106)) - 6491c372-a595-4104-b3e9-c4f3293baafa:group-11388CDB44D5 changes to CANDIDATE, lastRpcTime:5087, electionTimeout:5087ms
2019-09-20 10:24:29,413 [Thread-739] INFO  impl.RoleInfo (RoleInfo.java:shutdownFollowerState(121)) - 6491c372-a595-4104-b3e9-c4f3293baafa: shutdown FollowerState
2019-09-20 10:24:29,413 [Thread-739] INFO  impl.RaftServerImpl (RaftServerImpl.java:setRole(171)) - 6491c372-a595-4104-b3e9-c4f3293baafa:group-11388CDB44D5 changes role from FOLLOWER to CANDIDATE at term 0 for changeToCandidate
2019-09-20 10:24:29,413 [Thread-739] INFO  impl.RoleInfo (RoleInfo.java:updateAndGet(143)) - 6491c372-a595-4104-b3e9-c4f3293baafa: start LeaderElection
2019-09-20 10:24:29,434 [6491c372-a595-4104-b3e9-c4f3293baafa:group-11388CDB44D5:LeaderElection61] INFO  impl.LeaderElection (LeaderElection.java:askForVotes(181)) - 6491c372-a595-4104-b3e9-c4f3293baafa:group-11388CDB44D5:LeaderElection61: begin an election at term 1 for -1: [6491c372-a595-4104-b3e9-c4f3293baafa:192.168.36.99:41491], old=null
2019-09-20 10:24:29,434 [6491c372-a595-4104-b3e9-c4f3293baafa:group-11388CDB44D5:LeaderElection61] INFO  impl.RoleInfo (RoleInfo.java:shutdownLeaderElection(134)) - 6491c372-a595-4104-b3e9-c4f3293baafa: shutdown LeaderElection
2019-09-20 10:24:29,434 [6491c372-a595-4104-b3e9-c4f3293baafa:group-11388CDB44D5:LeaderElection61] INFO  impl.RaftServerImpl (RaftServerImpl.java:setRole(171)) - 6491c372-a595-4104-b3e9-c4f3293baafa:group-11388CDB44D5 changes role from CANDIDATE to LEADER at term 1 for changeToLeader
2019-09-20 10:24:29,435 [6491c372-a595-4104-b3e9-c4f3293baafa:group-11388CDB44D5:LeaderElection61] INFO  impl.RaftServerImpl (ServerState.java:setLeader(263)) - 6491c372-a595-4104-b3e9-c4f3293baafa:group-11388CDB44D5 change Leader from null to 6491c372-a595-4104-b3e9-c4f3293baafa at term 1 for becomeLeader, leader elected after 5113ms
2019-09-20 10:24:29,435 [6491c372-a595-4104-b3e9-c4f3293baafa:group-11388CDB44D5:LeaderElection61] INFO  server.RaftServerConfigKeys (ConfUtils.java:logGet(43)) - raft.server.staging.catchup.gap = 1000 (default)
2019-09-20 10:24:29,435 [6491c372-a595-4104-b3e9-c4f3293baafa:group-11388CDB44D5:LeaderElection61] INFO  server.RaftServerConfigKeys (ConfUtils.java:logGet(43)) - raft.server.rpc.sleep.time = 25ms (default)
2019-09-20 10:24:29,435 [6491c372-a595-4104-b3e9-c4f3293baafa:group-11388CDB44D5:LeaderElection61] INFO  server.RaftServerConfigKeys (ConfUtils.java:logGet(43)) - raft.server.write.element-limit = 4096 (default)
2019-09-20 10:24:29,435 [6491c372-a595-4104-b3e9-c4f3293baafa:group-11388CDB44D5:LeaderElection61] INFO  server.RaftServerConfigKeys (ConfUtils.java:logGet(43)) - raft.server.watch.timeout = 10s (default)
2019-09-20 10:24:29,435 [6491c372-a595-4104-b3e9-c4f3293baafa:group-11388CDB44D5:LeaderElection61] INFO  server.RaftServerConfigKeys (ConfUtils.java:logGet(43)) - raft.server.watch.timeout.denomination = 1s (default)
2019-09-20 10:24:29,435 [6491c372-a595-4104-b3e9-c4f3293baafa:group-11388CDB44D5:LeaderElection61] INFO  server.RaftServerConfigKeys (ConfUtils.java:logGet(43)) - raft.server.watch.element-limit = 65536 (default)
2019-09-20 10:24:29,436 [6491c372-a595-4104-b3e9-c4f3293baafa:group-11388CDB44D5:LeaderElection61] INFO  impl.RoleInfo (RoleInfo.java:updateAndGet(143)) - 6491c372-a595-4104-b3e9-c4f3293baafa: start LeaderState
2019-09-20 10:24:29,436 [6491c372-a595-4104-b3e9-c4f3293baafa:group-11388CDB44D5:LeaderElection61] INFO  segmented.SegmentedRaftLogWorker (SegmentedRaftLogWorker.java:startLogSegment(380)) - 6491c372-a595-4104-b3e9-c4f3293baafa-SegmentedRaftLogWorker:Storage Directory /workdir/hadoop-ozone/integration-test/target/test-dir/MiniOzoneClusterImpl-0561fc2e-9288-4596-b687-0c9fb03504b1/datanode-3/data/ratis/e3496217-7e08-417b-ad43-11388cdb44d5: Starting segment from index:0
2019-09-20 10:24:29,436 [6491c372-a595-4104-b3e9-c4f3293baafa:group-11388CDB44D5:LeaderElection61] INFO  impl.RaftServerImpl (ServerState.java:setRaftConf(361)) - 6491c372-a595-4104-b3e9-c4f3293baafa:group-11388CDB44D5 set configuration 0: [6491c372-a595-4104-b3e9-c4f3293baafa:192.168.36.99:41491], old=null at 0
2019-09-20 10:24:29,491 | INFO  | SCMAudit | user=jenkins1000 | ip=192.168.36.99 | op=SEND_HEARTBEAT {datanodeUUID=54207fe5-d92c-4c2e-b058-fbae630dabef, command=[]} | ret=SUCCESS |  
2019-09-20 10:24:29,501 [6491c372-a595-4104-b3e9-c4f3293baafa-SegmentedRaftLogWorker:Storage Directory /workdir/hadoop-ozone/integration-test/target/test-dir/MiniOzoneClusterImpl-0561fc2e-9288-4596-b687-0c9fb03504b1/datanode-3/data/ratis/e3496217-7e08-417b-ad43-11388cdb44d5] INFO  segmented.SegmentedRaftLogWorker (SegmentedRaftLogWorker.java:execute(569)) - 6491c372-a595-4104-b3e9-c4f3293baafa-SegmentedRaftLogWorker:Storage Directory /workdir/hadoop-ozone/integration-test/target/test-dir/MiniOzoneClusterImpl-0561fc2e-9288-4596-b687-0c9fb03504b1/datanode-3/data/ratis/e3496217-7e08-417b-ad43-11388cdb44d5: created new log segment /workdir/hadoop-ozone/integration-test/target/test-dir/MiniOzoneClusterImpl-0561fc2e-9288-4596-b687-0c9fb03504b1/datanode-3/data/ratis/e3496217-7e08-417b-ad43-11388cdb44d5/current/log_inprogress_0
2019-09-20 10:24:29,569 [Thread-742] INFO  impl.FollowerState (FollowerState.java:run(106)) - 54207fe5-d92c-4c2e-b058-fbae630dabef:group-4BD21DC28529 changes to CANDIDATE, lastRpcTime:5175, electionTimeout:5175ms
2019-09-20 10:24:29,570 [Thread-742] INFO  impl.RoleInfo (RoleInfo.java:shutdownFollowerState(121)) - 54207fe5-d92c-4c2e-b058-fbae630dabef: shutdown FollowerState
2019-09-20 10:24:29,570 [Thread-742] INFO  impl.RaftServerImpl (RaftServerImpl.java:setRole(171)) - 54207fe5-d92c-4c2e-b058-fbae630dabef:group-4BD21DC28529 changes role from FOLLOWER to CANDIDATE at term 0 for changeToCandidate
2019-09-20 10:24:29,570 [Thread-742] INFO  impl.RoleInfo (RoleInfo.java:updateAndGet(143)) - 54207fe5-d92c-4c2e-b058-fbae630dabef: start LeaderElection
2019-09-20 10:24:29,585 [54207fe5-d92c-4c2e-b058-fbae630dabef:group-4BD21DC28529:LeaderElection62] INFO  impl.LeaderElection (LeaderElection.java:askForVotes(181)) - 54207fe5-d92c-4c2e-b058-fbae630dabef:group-4BD21DC28529:LeaderElection62: begin an election at term 1 for -1: [54207fe5-d92c-4c2e-b058-fbae630dabef:192.168.36.99:37075], old=null
2019-09-20 10:24:29,585 [54207fe5-d92c-4c2e-b058-fbae630dabef:group-4BD21DC28529:LeaderElection62] INFO  impl.RoleInfo (RoleInfo.java:shutdownLeaderElection(134)) - 54207fe5-d92c-4c2e-b058-fbae630dabef: shutdown LeaderElection
2019-09-20 10:24:29,585 [54207fe5-d92c-4c2e-b058-fbae630dabef:group-4BD21DC28529:LeaderElection62] INFO  impl.RaftServerImpl (RaftServerImpl.java:setRole(171)) - 54207fe5-d92c-4c2e-b058-fbae630dabef:group-4BD21DC28529 changes role from CANDIDATE to LEADER at term 1 for changeToLeader
2019-09-20 10:24:29,585 [54207fe5-d92c-4c2e-b058-fbae630dabef:group-4BD21DC28529:LeaderElection62] INFO  impl.RaftServerImpl (ServerState.java:setLeader(263)) - 54207fe5-d92c-4c2e-b058-fbae630dabef:group-4BD21DC28529 change Leader from null to 54207fe5-d92c-4c2e-b058-fbae630dabef at term 1 for becomeLeader, leader elected after 5196ms
2019-09-20 10:24:29,586 [54207fe5-d92c-4c2e-b058-fbae630dabef:group-4BD21DC28529:LeaderElection62] INFO  server.RaftServerConfigKeys (ConfUtils.java:logGet(43)) - raft.server.staging.catchup.gap = 1000 (default)
2019-09-20 10:24:29,586 [54207fe5-d92c-4c2e-b058-fbae630dabef:group-4BD21DC28529:LeaderElection62] INFO  server.RaftServerConfigKeys (ConfUtils.java:logGet(43)) - raft.server.rpc.sleep.time = 25ms (default)
2019-09-20 10:24:29,586 [54207fe5-d92c-4c2e-b058-fbae630dabef:group-4BD21DC28529:LeaderElection62] INFO  server.RaftServerConfigKeys (ConfUtils.java:logGet(43)) - raft.server.write.element-limit = 4096 (default)
2019-09-20 10:24:29,586 [54207fe5-d92c-4c2e-b058-fbae630dabef:group-4BD21DC28529:LeaderElection62] INFO  server.RaftServerConfigKeys (ConfUtils.java:logGet(43)) - raft.server.watch.timeout = 10s (default)
2019-09-20 10:24:29,586 [54207fe5-d92c-4c2e-b058-fbae630dabef:group-4BD21DC28529:LeaderElection62] INFO  server.RaftServerConfigKeys (ConfUtils.java:logGet(43)) - raft.server.watch.timeout.denomination = 1s (default)
2019-09-20 10:24:29,586 [54207fe5-d92c-4c2e-b058-fbae630dabef:group-4BD21DC28529:LeaderElection62] INFO  server.RaftServerConfigKeys (ConfUtils.java:logGet(43)) - raft.server.watch.element-limit = 65536 (default)
2019-09-20 10:24:29,587 [54207fe5-d92c-4c2e-b058-fbae630dabef:group-4BD21DC28529:LeaderElection62] INFO  impl.RoleInfo (RoleInfo.java:updateAndGet(143)) - 54207fe5-d92c-4c2e-b058-fbae630dabef: start LeaderState
2019-09-20 10:24:29,587 [54207fe5-d92c-4c2e-b058-fbae630dabef:group-4BD21DC28529:LeaderElection62] INFO  segmented.SegmentedRaftLogWorker (SegmentedRaftLogWorker.java:startLogSegment(380)) - 54207fe5-d92c-4c2e-b058-fbae630dabef-SegmentedRaftLogWorker:Storage Directory /workdir/hadoop-ozone/integration-test/target/test-dir/MiniOzoneClusterImpl-0561fc2e-9288-4596-b687-0c9fb03504b1/datanode-2/data/ratis/d9d25285-2183-4746-bd0d-4bd21dc28529: Starting segment from index:0
2019-09-20 10:24:29,587 [54207fe5-d92c-4c2e-b058-fbae630dabef:group-4BD21DC28529:LeaderElection62] INFO  impl.RaftServerImpl (ServerState.java:setRaftConf(361)) - 54207fe5-d92c-4c2e-b058-fbae630dabef:group-4BD21DC28529 set configuration 0: [54207fe5-d92c-4c2e-b058-fbae630dabef:192.168.36.99:37075], old=null at 0
2019-09-20 10:24:30,203 [Thread-760] INFO  impl.FollowerState (FollowerState.java:run(106)) - 19fb8383-7c99-4449-b95c-a26e71717844:group-1F94ADDF7DF5 changes to CANDIDATE, lastRpcTime:5169, electionTimeout:5098ms
2019-09-20 10:24:30,203 [Thread-757] INFO  impl.FollowerState (FollowerState.java:run(106)) - 9e03ffa9-cf79-407a-a150-4c035e5aec5e:group-1D153A13AFF8 changes to CANDIDATE, lastRpcTime:5254, electionTimeout:5170ms
2019-09-20 10:24:30,203 [Thread-760] INFO  impl.RoleInfo (RoleInfo.java:shutdownFollowerState(121)) - 19fb8383-7c99-4449-b95c-a26e71717844: shutdown FollowerState
2019-09-20 10:24:30,204 [Thread-757] INFO  impl.RoleInfo (RoleInfo.java:shutdownFollowerState(121)) - 9e03ffa9-cf79-407a-a150-4c035e5aec5e: shutdown FollowerState
2019-09-20 10:24:30,204 [Thread-760] INFO  impl.RaftServerImpl (RaftServerImpl.java:setRole(171)) - 19fb8383-7c99-4449-b95c-a26e71717844:group-1F94ADDF7DF5 changes role from FOLLOWER to CANDIDATE at term 0 for changeToCandidate
2019-09-20 10:24:30,204 [Thread-754] INFO  impl.FollowerState (FollowerState.java:run(106)) - 9e03ffa9-cf79-407a-a150-4c035e5aec5e:group-ED70E8EB2E1A changes to CANDIDATE, lastRpcTime:5338, electionTimeout:5108ms
2019-09-20 10:24:30,204 [Thread-757] INFO  impl.RaftServerImpl (RaftServerImpl.java:setRole(171)) - 9e03ffa9-cf79-407a-a150-4c035e5aec5e:group-1D153A13AFF8 changes role from FOLLOWER to CANDIDATE at term 0 for changeToCandidate
2019-09-20 10:24:30,204 [Thread-754] INFO  impl.RoleInfo (RoleInfo.java:shutdownFollowerState(121)) - 9e03ffa9-cf79-407a-a150-4c035e5aec5e: shutdown FollowerState
2019-09-20 10:24:30,204 [Thread-760] INFO  impl.RoleInfo (RoleInfo.java:updateAndGet(143)) - 19fb8383-7c99-4449-b95c-a26e71717844: start LeaderElection
2019-09-20 10:24:30,205 [Thread-754] INFO  impl.RaftServerImpl (RaftServerImpl.java:setRole(171)) - 9e03ffa9-cf79-407a-a150-4c035e5aec5e:group-ED70E8EB2E1A changes role from FOLLOWER to CANDIDATE at term 0 for changeToCandidate
2019-09-20 10:24:30,204 [Thread-757] INFO  impl.RoleInfo (RoleInfo.java:updateAndGet(143)) - 9e03ffa9-cf79-407a-a150-4c035e5aec5e: start LeaderElection
2019-09-20 10:24:30,205 [Thread-754] INFO  impl.RoleInfo (RoleInfo.java:updateAndGet(143)) - 9e03ffa9-cf79-407a-a150-4c035e5aec5e: start LeaderElection
2019-09-20 10:24:30,204 [Thread-751] INFO  impl.FollowerState (FollowerState.java:run(106)) - 19fb8383-7c99-4449-b95c-a26e71717844:group-7AD70FD4F128 changes to CANDIDATE, lastRpcTime:5430, electionTimeout:5163ms
2019-09-20 10:24:30,205 [Thread-751] INFO  impl.RoleInfo (RoleInfo.java:shutdownFollowerState(121)) - 19fb8383-7c99-4449-b95c-a26e71717844: shutdown FollowerState
2019-09-20 10:24:30,206 [Thread-751] INFO  impl.RaftServerImpl (RaftServerImpl.java:setRole(171)) - 19fb8383-7c99-4449-b95c-a26e71717844:group-7AD70FD4F128 changes role from FOLLOWER to CANDIDATE at term 0 for changeToCandidate
2019-09-20 10:24:30,206 [Thread-748] WARN  util.JavaUtils (JavaUtils.java:sleep(250)) - Unexpected long sleep: sleep(5084ms) actually took 5506ms which is over the threshold 300ms
2019-09-20 10:24:30,206 [Thread-751] INFO  impl.RoleInfo (RoleInfo.java:updateAndGet(143)) - 19fb8383-7c99-4449-b95c-a26e71717844: start LeaderElection
2019-09-20 10:24:30,207 [Thread-745] WARN  util.JavaUtils (JavaUtils.java:sleep(250)) - Unexpected long sleep: sleep(5150ms) actually took 5720ms which is over the threshold 300ms
2019-09-20 10:24:30,219 | INFO  | SCMAudit | user=jenkins1000 | ip=192.168.36.99 | op=SEND_HEARTBEAT {datanodeUUID=9e03ffa9-cf79-407a-a150-4c035e5aec5e, command=[]} | ret=SUCCESS |  
2019-09-20 10:24:30,219 | INFO  | SCMAudit | user=jenkins1000 | ip=192.168.36.99 | op=SEND_HEARTBEAT {datanodeUUID=3d6f3241-e73c-473a-ad0b-c7be2f7e1dda, command=[]} | ret=SUCCESS |  
2019-09-20 10:24:30,220 | INFO  | SCMAudit | user=jenkins1000 | ip=192.168.36.99 | op=SEND_HEARTBEAT {datanodeUUID=1ab786b9-c79c-4265-88a1-5b3344c6beda, command=[]} | ret=SUCCESS |  
2019-09-20 10:24:30,219 | INFO  | SCMAudit | user=jenkins1000 | ip=192.168.36.99 | op=SEND_HEARTBEAT {datanodeUUID=60260ec1-e192-4b95-89c8-d924d16a77a9, command=[]} | ret=SUCCESS |  
2019-09-20 10:24:30,219 | INFO  | SCMAudit | user=jenkins1000 | ip=192.168.36.99 | op=SEND_HEARTBEAT {datanodeUUID=468be06f-55e9-4831-ba6b-3db017451a79, command=[]} | ret=SUCCESS |  
2019-09-20 10:24:30,219 | INFO  | SCMAudit | user=jenkins1000 | ip=192.168.36.99 | op=SEND_HEARTBEAT {datanodeUUID=7af711bd-b5ae-4a73-a8be-b970cae6c2d1, command=[]} | ret=SUCCESS |  
2019-09-20 10:24:30,219 | INFO  | SCMAudit | user=jenkins1000 | ip=192.168.36.99 | op=SEND_HEARTBEAT {datanodeUUID=6491c372-a595-4104-b3e9-c4f3293baafa, command=[]} | ret=SUCCESS |  
2019-09-20 10:24:30,229 [19fb8383-7c99-4449-b95c-a26e71717844:group-1F94ADDF7DF5:LeaderElection63] INFO  impl.LeaderElection (LeaderElection.java:askForVotes(181)) - 19fb8383-7c99-4449-b95c-a26e71717844:group-1F94ADDF7DF5:LeaderElection63: begin an election at term 1 for -1: [19fb8383-7c99-4449-b95c-a26e71717844:192.168.36.99:38491], old=null
2019-09-20 10:24:30,229 [9e03ffa9-cf79-407a-a150-4c035e5aec5e:group-1D153A13AFF8:LeaderElection64] INFO  impl.LeaderElection (LeaderElection.java:askForVotes(181)) - 9e03ffa9-cf79-407a-a150-4c035e5aec5e:group-1D153A13AFF8:LeaderElection64: begin an election at term 1 for -1: [9e03ffa9-cf79-407a-a150-4c035e5aec5e:192.168.36.99:38182], old=null
2019-09-20 10:24:30,229 [19fb8383-7c99-4449-b95c-a26e71717844:group-7AD70FD4F128:LeaderElection66] INFO  impl.LeaderElection (LeaderElection.java:askForVotes(181)) - 19fb8383-7c99-4449-b95c-a26e71717844:group-7AD70FD4F128:LeaderElection66: begin an election at term 1 for -1: [19fb8383-7c99-4449-b95c-a26e71717844:192.168.36.99:38491], old=null
2019-09-20 10:24:30,229 [9e03ffa9-cf79-407a-a150-4c035e5aec5e:group-1D153A13AFF8:LeaderElection64] INFO  impl.RoleInfo (RoleInfo.java:shutdownLeaderElection(134)) - 9e03ffa9-cf79-407a-a150-4c035e5aec5e: shutdown LeaderElection
2019-09-20 10:24:30,229 [19fb8383-7c99-4449-b95c-a26e71717844:group-1F94ADDF7DF5:LeaderElection63] INFO  impl.RoleInfo (RoleInfo.java:shutdownLeaderElection(134)) - 19fb8383-7c99-4449-b95c-a26e71717844: shutdown LeaderElection
2019-09-20 10:24:30,230 [9e03ffa9-cf79-407a-a150-4c035e5aec5e:group-1D153A13AFF8:LeaderElection64] INFO  impl.RaftServerImpl (RaftServerImpl.java:setRole(171)) - 9e03ffa9-cf79-407a-a150-4c035e5aec5e:group-1D153A13AFF8 changes role from CANDIDATE to LEADER at term 1 for changeToLeader
2019-09-20 10:24:30,229 [19fb8383-7c99-4449-b95c-a26e71717844:group-7AD70FD4F128:LeaderElection66] INFO  impl.RoleInfo (RoleInfo.java:shutdownLeaderElection(134)) - 19fb8383-7c99-4449-b95c-a26e71717844: shutdown LeaderElection
2019-09-20 10:24:30,230 [9e03ffa9-cf79-407a-a150-4c035e5aec5e:group-1D153A13AFF8:LeaderElection64] INFO  impl.RaftServerImpl (ServerState.java:setLeader(263)) - 9e03ffa9-cf79-407a-a150-4c035e5aec5e:group-1D153A13AFF8 change Leader from null to 9e03ffa9-cf79-407a-a150-4c035e5aec5e at term 1 for becomeLeader, leader elected after 5286ms
2019-09-20 10:24:30,230 [19fb8383-7c99-4449-b95c-a26e71717844:group-1F94ADDF7DF5:LeaderElection63] INFO  impl.RaftServerImpl (RaftServerImpl.java:setRole(171)) - 19fb8383-7c99-4449-b95c-a26e71717844:group-1F94ADDF7DF5 changes role from CANDIDATE to LEADER at term 1 for changeToLeader
2019-09-20 10:24:30,230 [9e03ffa9-cf79-407a-a150-4c035e5aec5e:group-1D153A13AFF8:LeaderElection64] INFO  server.RaftServerConfigKeys (ConfUtils.java:logGet(43)) - raft.server.staging.catchup.gap = 1000 (default)
2019-09-20 10:24:30,231 [9e03ffa9-cf79-407a-a150-4c035e5aec5e:group-1D153A13AFF8:LeaderElection64] INFO  server.RaftServerConfigKeys (ConfUtils.java:logGet(43)) - raft.server.rpc.sleep.time = 25ms (default)
2019-09-20 10:24:30,230 [19fb8383-7c99-4449-b95c-a26e71717844:group-7AD70FD4F128:LeaderElection66] INFO  impl.RaftServerImpl (RaftServerImpl.java:setRole(171)) - 19fb8383-7c99-4449-b95c-a26e71717844:group-7AD70FD4F128 changes role from CANDIDATE to LEADER at term 1 for changeToLeader
2019-09-20 10:24:30,231 [9e03ffa9-cf79-407a-a150-4c035e5aec5e:group-1D153A13AFF8:LeaderElection64] INFO  server.RaftServerConfigKeys (ConfUtils.java:logGet(43)) - raft.server.write.element-limit = 4096 (default)
2019-09-20 10:24:30,230 [19fb8383-7c99-4449-b95c-a26e71717844:group-1F94ADDF7DF5:LeaderElection63] INFO  impl.RaftServerImpl (ServerState.java:setLeader(263)) - 19fb8383-7c99-4449-b95c-a26e71717844:group-1F94ADDF7DF5 change Leader from null to 19fb8383-7c99-4449-b95c-a26e71717844 at term 1 for becomeLeader, leader elected after 5202ms
2019-09-20 10:24:30,231 [9e03ffa9-cf79-407a-a150-4c035e5aec5e:group-1D153A13AFF8:LeaderElection64] INFO  server.RaftServerConfigKeys (ConfUtils.java:logGet(43)) - raft.server.watch.timeout = 10s (default)
2019-09-20 10:24:30,231 [19fb8383-7c99-4449-b95c-a26e71717844:group-7AD70FD4F128:LeaderElection66] INFO  impl.RaftServerImpl (ServerState.java:setLeader(263)) - 19fb8383-7c99-4449-b95c-a26e71717844:group-7AD70FD4F128 change Leader from null to 19fb8383-7c99-4449-b95c-a26e71717844 at term 1 for becomeLeader, leader elected after 5462ms
2019-09-20 10:24:30,231 [9e03ffa9-cf79-407a-a150-4c035e5aec5e:group-1D153A13AFF8:LeaderElection64] INFO  server.RaftServerConfigKeys (ConfUtils.java:logGet(43)) - raft.server.watch.timeout.denomination = 1s (default)
2019-09-20 10:24:30,231 [19fb8383-7c99-4449-b95c-a26e71717844:group-1F94ADDF7DF5:LeaderElection63] INFO  server.RaftServerConfigKeys (ConfUtils.java:logGet(43)) - raft.server.staging.catchup.gap = 1000 (default)
2019-09-20 10:24:30,236 [9e03ffa9-cf79-407a-a150-4c035e5aec5e:group-1D153A13AFF8:LeaderElection64] INFO  server.RaftServerConfigKeys (ConfUtils.java:logGet(43)) - raft.server.watch.element-limit = 65536 (default)
2019-09-20 10:24:30,236 [19fb8383-7c99-4449-b95c-a26e71717844:group-7AD70FD4F128:LeaderElection66] INFO  server.RaftServerConfigKeys (ConfUtils.java:logGet(43)) - raft.server.staging.catchup.gap = 1000 (default)
2019-09-20 10:24:30,236 [19fb8383-7c99-4449-b95c-a26e71717844:group-1F94ADDF7DF5:LeaderElection63] INFO  server.RaftServerConfigKeys (ConfUtils.java:logGet(43)) - raft.server.rpc.sleep.time = 25ms (default)
2019-09-20 10:24:30,236 [9e03ffa9-cf79-407a-a150-4c035e5aec5e:group-1D153A13AFF8:LeaderElection64] INFO  impl.RoleInfo (RoleInfo.java:updateAndGet(143)) - 9e03ffa9-cf79-407a-a150-4c035e5aec5e: start LeaderState
2019-09-20 10:24:30,237 | INFO  | SCMAudit | user=jenkins1000 | ip=192.168.36.99 | op=SEND_HEARTBEAT {datanodeUUID=d2ed2d9b-7ac7-460e-84f6-6d9d6066f76d, command=[]} | ret=SUCCESS |  
2019-09-20 10:24:30,236 [19fb8383-7c99-4449-b95c-a26e71717844:group-7AD70FD4F128:LeaderElection66] INFO  server.RaftServerConfigKeys (ConfUtils.java:logGet(43)) - raft.server.rpc.sleep.time = 25ms (default)
2019-09-20 10:24:30,237 [19fb8383-7c99-4449-b95c-a26e71717844:group-1F94ADDF7DF5:LeaderElection63] INFO  server.RaftServerConfigKeys (ConfUtils.java:logGet(43)) - raft.server.write.element-limit = 4096 (default)
2019-09-20 10:24:30,237 [19fb8383-7c99-4449-b95c-a26e71717844:group-7AD70FD4F128:LeaderElection66] INFO  server.RaftServerConfigKeys (ConfUtils.java:logGet(43)) - raft.server.write.element-limit = 4096 (default)
2019-09-20 10:24:30,237 [9e03ffa9-cf79-407a-a150-4c035e5aec5e:group-1D153A13AFF8:LeaderElection64] INFO  segmented.SegmentedRaftLogWorker (SegmentedRaftLogWorker.java:startLogSegment(380)) - 9e03ffa9-cf79-407a-a150-4c035e5aec5e-SegmentedRaftLogWorker:Storage Directory /workdir/hadoop-ozone/integration-test/target/test-dir/MiniOzoneClusterImpl-0561fc2e-9288-4596-b687-0c9fb03504b1/datanode-4/data/ratis/512fd128-b72e-482f-b611-1d153a13aff8: Starting segment from index:0
2019-09-20 10:24:30,237 [grpc-default-executor-2] INFO  client.GrpcClientProtocolClient (GrpcClientProtocolClient.java:onNext(255)) - client-21807ED29EC2->468be06f-55e9-4831-ba6b-3db017451a79: receive RaftClientReply:client-21807ED29EC2->468be06f-55e9-4831-ba6b-3db017451a79@group-576A86C1D849, cid=84, FAILED org.apache.ratis.protocol.NotLeaderException: Server 468be06f-55e9-4831-ba6b-3db017451a79 is not the leader (null). Request must be sent to leader., logIndex=0, commits[468be06f-55e9-4831-ba6b-3db017451a79:c-1]
2019-09-20 10:24:30,237 [19fb8383-7c99-4449-b95c-a26e71717844:group-7AD70FD4F128:LeaderElection66] INFO  server.RaftServerConfigKeys (ConfUtils.java:logGet(43)) - raft.server.watch.timeout = 10s (default)
2019-09-20 10:24:30,713 | INFO  | SCMAudit | user=jenkins1000 | ip=192.168.36.99 | op=SEND_HEARTBEAT {datanodeUUID=54207fe5-d92c-4c2e-b058-fbae630dabef, command=[]} | ret=SUCCESS |  
2019-09-20 10:24:30,714 | INFO  | SCMAudit | user=jenkins1000 | ip=192.168.36.99 | op=SEND_HEARTBEAT {datanodeUUID=17e2ba94-38a1-40e7-84e0-f6802901db84, command=[]} | ret=SUCCESS |  
2019-09-20 10:24:30,237 [19fb8383-7c99-4449-b95c-a26e71717844:group-1F94ADDF7DF5:LeaderElection63] INFO  server.RaftServerConfigKeys (ConfUtils.java:logGet(43)) - raft.server.watch.timeout = 10s (default)
2019-09-20 10:24:30,724 | INFO  | SCMAudit | user=jenkins1000 | ip=192.168.36.99 | op=SEND_HEARTBEAT {datanodeUUID=4d972e91-cb6b-45de-8bd2-c18af7abe58b, command=[]} | ret=SUCCESS |  
2019-09-20 10:24:30,715 [9e03ffa9-cf79-407a-a150-4c035e5aec5e:group-ED70E8EB2E1A:LeaderElection65] INFO  impl.LeaderElection (LeaderElection.java:askForVotes(181)) - 9e03ffa9-cf79-407a-a150-4c035e5aec5e:group-ED70E8EB2E1A:LeaderElection65: begin an election at term 1 for -1: [9e03ffa9-cf79-407a-a150-4c035e5aec5e:192.168.36.99:38182], old=null
2019-09-20 10:24:30,715 [9e03ffa9-cf79-407a-a150-4c035e5aec5e:group-1D153A13AFF8:LeaderElection64] INFO  impl.RaftServerImpl (ServerState.java:setRaftConf(361)) - 9e03ffa9-cf79-407a-a150-4c035e5aec5e:group-1D153A13AFF8 set configuration 0: [9e03ffa9-cf79-407a-a150-4c035e5aec5e:192.168.36.99:38182], old=null at 0
2019-09-20 10:24:30,724 | INFO  | SCMAudit | user=jenkins1000 | ip=192.168.36.99 | op=SEND_HEARTBEAT {datanodeUUID=19fb8383-7c99-4449-b95c-a26e71717844, command=[]} | ret=SUCCESS |  
2019-09-20 10:24:30,730 | INFO  | SCMAudit | user=jenkins1000 | ip=192.168.36.99 | op=SEND_HEARTBEAT {datanodeUUID=66416d0b-a71c-4af1-ae3a-62ca63b880a3, command=[]} | ret=SUCCESS |  
2019-09-20 10:24:30,714 [Thread-763] WARN  util.JavaUtils (JavaUtils.java:sleep(250)) - Unexpected long sleep: sleep(5067ms) actually took 5455ms which is over the threshold 300ms
2019-09-20 10:24:30,731 | INFO  | SCMAudit | user=jenkins1000 | ip=192.168.36.99 | op=SEND_HEARTBEAT {datanodeUUID=c3e532f8-1a8e-44f3-b56b-d765aee893af, command=[]} | ret=SUCCESS |  
2019-09-20 10:24:30,713 [Thread-766] INFO  impl.FollowerState (FollowerState.java:run(106)) - 6491c372-a595-4104-b3e9-c4f3293baafa:group-CC264DCBB11E changes to CANDIDATE, lastRpcTime:5354, electionTimeout:5089ms
2019-09-20 10:24:30,711 [Thread-772] INFO  impl.FollowerState (FollowerState.java:run(106)) - 9e03ffa9-cf79-407a-a150-4c035e5aec5e:group-010966951B22 changes to CANDIDATE, lastRpcTime:5208, electionTimeout:5033ms
2019-09-20 10:24:30,711 [Thread-769] INFO  impl.FollowerState (FollowerState.java:run(106)) - 6491c372-a595-4104-b3e9-c4f3293baafa:group-5E41F07EBEA8 changes to CANDIDATE, lastRpcTime:5284, electionTimeout:5165ms
2019-09-20 10:24:30,242 [19fb8383-7c99-4449-b95c-a26e71717844:group-7AD70FD4F128:LeaderElection66] INFO  server.RaftServerConfigKeys (ConfUtils.java:logGet(43)) - raft.server.watch.timeout.denomination = 1s (default)
2019-09-20 10:24:30,731 [Thread-769] INFO  impl.RoleInfo (RoleInfo.java:shutdownFollowerState(121)) - 6491c372-a595-4104-b3e9-c4f3293baafa: shutdown FollowerState
2019-09-20 10:24:30,731 [Thread-772] INFO  impl.RoleInfo (RoleInfo.java:shutdownFollowerState(121)) - 9e03ffa9-cf79-407a-a150-4c035e5aec5e: shutdown FollowerState
2019-09-20 10:24:30,737 [Thread-772] INFO  impl.RaftServerImpl (RaftServerImpl.java:setRole(171)) - 9e03ffa9-cf79-407a-a150-4c035e5aec5e:group-010966951B22 changes role from FOLLOWER to CANDIDATE at term 0 for changeToCandidate
2019-09-20 10:24:30,731 [Thread-766] INFO  impl.RoleInfo (RoleInfo.java:shutdownFollowerState(121)) - 6491c372-a595-4104-b3e9-c4f3293baafa: shutdown FollowerState
2019-09-20 10:24:30,737 [Thread-766] INFO  impl.RaftServerImpl (RaftServerImpl.java:setRole(171)) - 6491c372-a595-4104-b3e9-c4f3293baafa:group-CC264DCBB11E changes role from FOLLOWER to CANDIDATE at term 0 for changeToCandidate
2019-09-20 10:24:30,724 [9e03ffa9-cf79-407a-a150-4c035e5aec5e:group-ED70E8EB2E1A:LeaderElection65] INFO  impl.RoleInfo (RoleInfo.java:shutdownLeaderElection(134)) - 9e03ffa9-cf79-407a-a150-4c035e5aec5e: shutdown LeaderElection
2019-09-20 10:24:30,737 [9e03ffa9-cf79-407a-a150-4c035e5aec5e:group-ED70E8EB2E1A:LeaderElection65] INFO  impl.RaftServerImpl (RaftServerImpl.java:setRole(171)) - 9e03ffa9-cf79-407a-a150-4c035e5aec5e:group-ED70E8EB2E1A changes role from CANDIDATE to LEADER at term 1 for changeToLeader
2019-09-20 10:24:30,724 [19fb8383-7c99-4449-b95c-a26e71717844:group-1F94ADDF7DF5:LeaderElection63] INFO  server.RaftServerConfigKeys (ConfUtils.java:logGet(43)) - raft.server.watch.timeout.denomination = 1s (default)
2019-09-20 10:24:30,737 [9e03ffa9-cf79-407a-a150-4c035e5aec5e:group-ED70E8EB2E1A:LeaderElection65] INFO  impl.RaftServerImpl (ServerState.java:setLeader(263)) - 9e03ffa9-cf79-407a-a150-4c035e5aec5e:group-ED70E8EB2E1A change Leader from null to 9e03ffa9-cf79-407a-a150-4c035e5aec5e at term 1 for becomeLeader, leader elected after 5877ms
2019-09-20 10:24:30,737 [Thread-766] INFO  impl.RoleInfo (RoleInfo.java:updateAndGet(143)) - 6491c372-a595-4104-b3e9-c4f3293baafa: start LeaderElection
2019-09-20 10:24:30,737 [Thread-772] INFO  impl.RoleInfo (RoleInfo.java:updateAndGet(143)) - 9e03ffa9-cf79-407a-a150-4c035e5aec5e: start LeaderElection
2019-09-20 10:24:30,737 [Thread-769] INFO  impl.RaftServerImpl (RaftServerImpl.java:setRole(171)) - 6491c372-a595-4104-b3e9-c4f3293baafa:group-5E41F07EBEA8 changes role from FOLLOWER to CANDIDATE at term 0 for changeToCandidate
2019-09-20 10:24:30,734 [19fb8383-7c99-4449-b95c-a26e71717844:group-7AD70FD4F128:LeaderElection66] INFO  server.RaftServerConfigKeys (ConfUtils.java:logGet(43)) - raft.server.watch.element-limit = 65536 (default)
2019-09-20 10:24:30,738 [Thread-769] INFO  impl.RoleInfo (RoleInfo.java:updateAndGet(143)) - 6491c372-a595-4104-b3e9-c4f3293baafa: start LeaderElection
2019-09-20 10:24:30,739 [19fb8383-7c99-4449-b95c-a26e71717844:group-7AD70FD4F128:LeaderElection66] INFO  impl.RoleInfo (RoleInfo.java:updateAndGet(143)) - 19fb8383-7c99-4449-b95c-a26e71717844: start LeaderState
2019-09-20 10:24:30,738 [9e03ffa9-cf79-407a-a150-4c035e5aec5e:group-ED70E8EB2E1A:LeaderElection65] INFO  server.RaftServerConfigKeys (ConfUtils.java:logGet(43)) - raft.server.staging.catchup.gap = 1000 (default)
2019-09-20 10:24:30,739 [19fb8383-7c99-4449-b95c-a26e71717844:group-7AD70FD4F128:LeaderElection66] INFO  segmented.SegmentedRaftLogWorker (SegmentedRaftLogWorker.java:startLogSegment(380)) - 19fb8383-7c99-4449-b95c-a26e71717844-SegmentedRaftLogWorker:Storage Directory /workdir/hadoop-ozone/integration-test/target/test-dir/MiniOzoneClusterImpl-0561fc2e-9288-4596-b687-0c9fb03504b1/datanode-5/data/ratis/405d5932-1c23-448d-b8fd-7ad70fd4f128: Starting segment from index:0
2019-09-20 10:24:30,738 [19fb8383-7c99-4449-b95c-a26e71717844:group-1F94ADDF7DF5:LeaderElection63] INFO  server.RaftServerConfigKeys (ConfUtils.java:logGet(43)) - raft.server.watch.element-limit = 65536 (default)
2019-09-20 10:24:30,739 [9e03ffa9-cf79-407a-a150-4c035e5aec5e:group-ED70E8EB2E1A:LeaderElection65] INFO  server.RaftServerConfigKeys (ConfUtils.java:logGet(43)) - raft.server.rpc.sleep.time = 25ms (default)
2019-09-20 10:24:31,121 [19fb8383-7c99-4449-b95c-a26e71717844:group-7AD70FD4F128:LeaderElection66] INFO  impl.RaftServerImpl (ServerState.java:setRaftConf(361)) - 19fb8383-7c99-4449-b95c-a26e71717844:group-7AD70FD4F128 set configuration 0: [19fb8383-7c99-4449-b95c-a26e71717844:192.168.36.99:38491], old=null at 0
2019-09-20 10:24:31,121 [Thread-775] WARN  util.JavaUtils (JavaUtils.java:sleep(250)) - Unexpected long sleep: sleep(5195ms) actually took 5533ms which is over the threshold 300ms
2019-09-20 10:24:31,121 [Thread-780] INFO  impl.FollowerState (FollowerState.java:run(106)) - 9e03ffa9-cf79-407a-a150-4c035e5aec5e:group-8DFB81EBA44D changes to CANDIDATE, lastRpcTime:5368, electionTimeout:5109ms
2019-09-20 10:24:31,122 [Thread-780] INFO  impl.RoleInfo (RoleInfo.java:shutdownFollowerState(121)) - 9e03ffa9-cf79-407a-a150-4c035e5aec5e: shutdown FollowerState
2019-09-20 10:24:31,121 [Thread-783] INFO  impl.FollowerState (FollowerState.java:run(106)) - 468be06f-55e9-4831-ba6b-3db017451a79:group-576A86C1D849 changes to CANDIDATE, lastRpcTime:5254, electionTimeout:5031ms
2019-09-20 10:24:31,122 [Thread-783] INFO  impl.RoleInfo (RoleInfo.java:shutdownFollowerState(121)) - 468be06f-55e9-4831-ba6b-3db017451a79: shutdown FollowerState
2019-09-20 10:24:31,121 [Thread-787] INFO  impl.FollowerState (FollowerState.java:run(106)) - 9e03ffa9-cf79-407a-a150-4c035e5aec5e:group-576A86C1D849 changes to CANDIDATE, lastRpcTime:5241, electionTimeout:5137ms
2019-09-20 10:24:31,121 [Thread-788] INFO  impl.FollowerState (FollowerState.java:run(106)) - 6491c372-a595-4104-b3e9-c4f3293baafa:group-576A86C1D849 changes to CANDIDATE, lastRpcTime:5241, electionTimeout:5100ms
2019-09-20 10:24:31,123 [Thread-788] INFO  impl.RoleInfo (RoleInfo.java:shutdownFollowerState(121)) - 6491c372-a595-4104-b3e9-c4f3293baafa: shutdown FollowerState
2019-09-20 10:24:31,121 [Thread-796] INFO  impl.FollowerState (FollowerState.java:run(106)) - 468be06f-55e9-4831-ba6b-3db017451a79:group-36E8E47C374C changes to CANDIDATE, lastRpcTime:5030, electionTimeout:5000ms
2019-09-20 10:24:31,121 [Thread-792] INFO  impl.FollowerState (FollowerState.java:run(106)) - 19fb8383-7c99-4449-b95c-a26e71717844:group-124B3A00B84C changes to CANDIDATE, lastRpcTime:5131, electionTimeout:5104ms
2019-09-20 10:24:31,123 [Thread-792] INFO  impl.RoleInfo (RoleInfo.java:shutdownFollowerState(121)) - 19fb8383-7c99-4449-b95c-a26e71717844: shutdown FollowerState
2019-09-20 10:24:30,739 [19fb8383-7c99-4449-b95c-a26e71717844:group-1F94ADDF7DF5:LeaderElection63] INFO  impl.RoleInfo (RoleInfo.java:updateAndGet(143)) - 19fb8383-7c99-4449-b95c-a26e71717844: start LeaderState
2019-09-20 10:24:31,123 [Thread-792] INFO  impl.RaftServerImpl (RaftServerImpl.java:setRole(171)) - 19fb8383-7c99-4449-b95c-a26e71717844:group-124B3A00B84C changes role from FOLLOWER to CANDIDATE at term 0 for changeToCandidate
2019-09-20 10:24:31,123 [Thread-796] INFO  impl.RoleInfo (RoleInfo.java:shutdownFollowerState(121)) - 468be06f-55e9-4831-ba6b-3db017451a79: shutdown FollowerState
2019-09-20 10:24:31,124 [19fb8383-7c99-4449-b95c-a26e71717844:group-1F94ADDF7DF5:LeaderElection63] INFO  segmented.SegmentedRaftLogWorker (SegmentedRaftLogWorker.java:startLogSegment(380)) - 19fb8383-7c99-4449-b95c-a26e71717844-SegmentedRaftLogWorker:Storage Directory /workdir/hadoop-ozone/integration-test/target/test-dir/MiniOzoneClusterImpl-0561fc2e-9288-4596-b687-0c9fb03504b1/datanode-5/data/ratis/ef95a13f-c8ff-4124-975a-1f94addf7df5: Starting segment from index:0
2019-09-20 10:24:31,123 [Thread-788] INFO  impl.RaftServerImpl (RaftServerImpl.java:setRole(171)) - 6491c372-a595-4104-b3e9-c4f3293baafa:group-576A86C1D849 changes role from FOLLOWER to CANDIDATE at term 0 for changeToCandidate
2019-09-20 10:24:31,123 [Thread-787] INFO  impl.RoleInfo (RoleInfo.java:shutdownFollowerState(121)) - 9e03ffa9-cf79-407a-a150-4c035e5aec5e: shutdown FollowerState
2019-09-20 10:24:31,124 [Thread-787] INFO  impl.RaftServerImpl (RaftServerImpl.java:setRole(171)) - 9e03ffa9-cf79-407a-a150-4c035e5aec5e:group-576A86C1D849 changes role from FOLLOWER to CANDIDATE at term 0 for changeToCandidate
2019-09-20 10:24:31,408 | INFO  | SCMAudit | user=jenkins1000 | ip=192.168.36.99 | op=SEND_HEARTBEAT {datanodeUUID=66416d0b-a71c-4af1-ae3a-62ca63b880a3, command=[]} | ret=SUCCESS |  
2019-09-20 10:24:31,408 | INFO  | SCMAudit | user=jenkins1000 | ip=192.168.36.99 | op=SEND_HEARTBEAT {datanodeUUID=d2ed2d9b-7ac7-460e-84f6-6d9d6066f76d, command=[]} | ret=SUCCESS |  
2019-09-20 10:24:31,409 | INFO  | SCMAudit | user=jenkins1000 | ip=192.168.36.99 | op=SEND_HEARTBEAT {datanodeUUID=468be06f-55e9-4831-ba6b-3db017451a79, command=[]} | ret=SUCCESS |  
2019-09-20 10:24:31,409 | INFO  | SCMAudit | user=jenkins1000 | ip=192.168.36.99 | op=SEND_HEARTBEAT {datanodeUUID=1ab786b9-c79c-4265-88a1-5b3344c6beda, command=[]} | ret=SUCCESS |  
2019-09-20 10:24:31,410 | INFO  | SCMAudit | user=jenkins1000 | ip=192.168.36.99 | op=SEND_HEARTBEAT {datanodeUUID=3d6f3241-e73c-473a-ad0b-c7be2f7e1dda, command=[]} | ret=SUCCESS |  
2019-09-20 10:24:31,410 | INFO  | SCMAudit | user=jenkins1000 | ip=192.168.36.99 | op=SEND_HEARTBEAT {datanodeUUID=6491c372-a595-4104-b3e9-c4f3293baafa, command=[]} | ret=SUCCESS |  
2019-09-20 10:24:31,123 [Thread-783] INFO  impl.RaftServerImpl (RaftServerImpl.java:setRole(171)) - 468be06f-55e9-4831-ba6b-3db017451a79:group-576A86C1D849 changes role from FOLLOWER to CANDIDATE at term 0 for changeToCandidate
2019-09-20 10:24:31,122 [Thread-780] INFO  impl.RaftServerImpl (RaftServerImpl.java:setRole(171)) - 9e03ffa9-cf79-407a-a150-4c035e5aec5e:group-8DFB81EBA44D changes role from FOLLOWER to CANDIDATE at term 0 for changeToCandidate
2019-09-20 10:24:31,411 | INFO  | SCMAudit | user=jenkins1000 | ip=192.168.36.99 | op=SEND_HEARTBEAT {datanodeUUID=60260ec1-e192-4b95-89c8-d924d16a77a9, command=[]} | ret=SUCCESS |  
2019-09-20 10:24:31,122 [9e03ffa9-cf79-407a-a150-4c035e5aec5e:group-ED70E8EB2E1A:LeaderElection65] INFO  server.RaftServerConfigKeys (ConfUtils.java:logGet(43)) - raft.server.write.element-limit = 4096 (default)
2019-09-20 10:24:31,411 | INFO  | SCMAudit | user=jenkins1000 | ip=192.168.36.99 | op=SEND_HEARTBEAT {datanodeUUID=9e03ffa9-cf79-407a-a150-4c035e5aec5e, command=[]} | ret=SUCCESS |  
2019-09-20 10:24:31,411 | INFO  | SCMAudit | user=jenkins1000 | ip=192.168.36.99 | op=SEND_HEARTBEAT {datanodeUUID=7af711bd-b5ae-4a73-a8be-b970cae6c2d1, command=[]} | ret=SUCCESS |  
2019-09-20 10:24:31,411 [Thread-780] INFO  impl.RoleInfo (RoleInfo.java:updateAndGet(143)) - 9e03ffa9-cf79-407a-a150-4c035e5aec5e: start LeaderElection
2019-09-20 10:24:31,411 [Thread-783] INFO  impl.RoleInfo (RoleInfo.java:updateAndGet(143)) - 468be06f-55e9-4831-ba6b-3db017451a79: start LeaderElection
2019-09-20 10:24:31,411 [6491c372-a595-4104-b3e9-c4f3293baafa:group-CC264DCBB11E:LeaderElection68] INFO  impl.LeaderElection (LeaderElection.java:askForVotes(181)) - 6491c372-a595-4104-b3e9-c4f3293baafa:group-CC264DCBB11E:LeaderElection68: begin an election at term 1 for -1: [6491c372-a595-4104-b3e9-c4f3293baafa:192.168.36.99:41491], old=null
2019-09-20 10:24:31,411 [9e03ffa9-cf79-407a-a150-4c035e5aec5e:group-010966951B22:LeaderElection67] INFO  impl.LeaderElection (LeaderElection.java:askForVotes(181)) - 9e03ffa9-cf79-407a-a150-4c035e5aec5e:group-010966951B22:LeaderElection67: begin an election at term 1 for -1: [9e03ffa9-cf79-407a-a150-4c035e5aec5e:192.168.36.99:38182], old=null
2019-09-20 10:24:31,411 [6491c372-a595-4104-b3e9-c4f3293baafa:group-5E41F07EBEA8:LeaderElection69] INFO  impl.LeaderElection (LeaderElection.java:askForVotes(181)) - 6491c372-a595-4104-b3e9-c4f3293baafa:group-5E41F07EBEA8:LeaderElection69: begin an election at term 1 for -1: [6491c372-a595-4104-b3e9-c4f3293baafa:192.168.36.99:41491], old=null
2019-09-20 10:24:31,411 [Thread-787] INFO  impl.RoleInfo (RoleInfo.java:updateAndGet(143)) - 9e03ffa9-cf79-407a-a150-4c035e5aec5e: start LeaderElection
2019-09-20 10:24:31,406 [Thread-802] INFO  impl.FollowerState (FollowerState.java:run(106)) - 468be06f-55e9-4831-ba6b-3db017451a79:group-1DE7C1AB29CF changes to CANDIDATE, lastRpcTime:5155, electionTimeout:5146ms
2019-09-20 10:24:31,406 [Thread-799] INFO  impl.FollowerState (FollowerState.java:run(106)) - 19fb8383-7c99-4449-b95c-a26e71717844:group-A8248DCF4B58 changes to CANDIDATE, lastRpcTime:5223, electionTimeout:5139ms
2019-09-20 10:24:31,124 [19fb8383-7c99-4449-b95c-a26e71717844:group-1F94ADDF7DF5:LeaderElection63] INFO  impl.RaftServerImpl (ServerState.java:setRaftConf(361)) - 19fb8383-7c99-4449-b95c-a26e71717844:group-1F94ADDF7DF5 set configuration 0: [19fb8383-7c99-4449-b95c-a26e71717844:192.168.36.99:38491], old=null at 0
2019-09-20 10:24:31,124 [Thread-788] INFO  impl.RoleInfo (RoleInfo.java:updateAndGet(143)) - 6491c372-a595-4104-b3e9-c4f3293baafa: start LeaderElection
2019-09-20 10:24:31,124 [Thread-796] INFO  impl.RaftServerImpl (RaftServerImpl.java:setRole(171)) - 468be06f-55e9-4831-ba6b-3db017451a79:group-36E8E47C374C changes role from FOLLOWER to CANDIDATE at term 0 for changeToCandidate
2019-09-20 10:24:31,124 [Thread-792] INFO  impl.RoleInfo (RoleInfo.java:updateAndGet(143)) - 19fb8383-7c99-4449-b95c-a26e71717844: start LeaderElection
2019-09-20 10:24:31,413 [Thread-796] INFO  impl.RoleInfo (RoleInfo.java:updateAndGet(143)) - 468be06f-55e9-4831-ba6b-3db017451a79: start LeaderElection
2019-09-20 10:24:31,412 [Thread-799] INFO  impl.RoleInfo (RoleInfo.java:shutdownFollowerState(121)) - 19fb8383-7c99-4449-b95c-a26e71717844: shutdown FollowerState
2019-09-20 10:24:31,412 [Thread-802] INFO  impl.RoleInfo (RoleInfo.java:shutdownFollowerState(121)) - 468be06f-55e9-4831-ba6b-3db017451a79: shutdown FollowerState
2019-09-20 10:24:31,412 [6491c372-a595-4104-b3e9-c4f3293baafa:group-5E41F07EBEA8:LeaderElection69] INFO  impl.RoleInfo (RoleInfo.java:shutdownLeaderElection(134)) - 6491c372-a595-4104-b3e9-c4f3293baafa: shutdown LeaderElection
2019-09-20 10:24:31,412 [9e03ffa9-cf79-407a-a150-4c035e5aec5e:group-010966951B22:LeaderElection67] INFO  impl.RoleInfo (RoleInfo.java:shutdownLeaderElection(134)) - 9e03ffa9-cf79-407a-a150-4c035e5aec5e: shutdown LeaderElection
2019-09-20 10:24:31,412 [6491c372-a595-4104-b3e9-c4f3293baafa:group-CC264DCBB11E:LeaderElection68] INFO  impl.RoleInfo (RoleInfo.java:shutdownLeaderElection(134)) - 6491c372-a595-4104-b3e9-c4f3293baafa: shutdown LeaderElection
2019-09-20 10:24:31,411 [9e03ffa9-cf79-407a-a150-4c035e5aec5e:group-ED70E8EB2E1A:LeaderElection65] INFO  server.RaftServerConfigKeys (ConfUtils.java:logGet(43)) - raft.server.watch.timeout = 10s (default)
2019-09-20 10:24:31,415 [6491c372-a595-4104-b3e9-c4f3293baafa:group-CC264DCBB11E:LeaderElection68] INFO  impl.RaftServerImpl (RaftServerImpl.java:setRole(171)) - 6491c372-a595-4104-b3e9-c4f3293baafa:group-CC264DCBB11E changes role from CANDIDATE to LEADER at term 1 for changeToLeader
2019-09-20 10:24:31,414 [9e03ffa9-cf79-407a-a150-4c035e5aec5e:group-010966951B22:LeaderElection67] INFO  impl.RaftServerImpl (RaftServerImpl.java:setRole(171)) - 9e03ffa9-cf79-407a-a150-4c035e5aec5e:group-010966951B22 changes role from CANDIDATE to LEADER at term 1 for changeToLeader
2019-09-20 10:24:31,414 [6491c372-a595-4104-b3e9-c4f3293baafa:group-5E41F07EBEA8:LeaderElection69] INFO  impl.RaftServerImpl (RaftServerImpl.java:setRole(171)) - 6491c372-a595-4104-b3e9-c4f3293baafa:group-5E41F07EBEA8 changes role from CANDIDATE to LEADER at term 1 for changeToLeader
2019-09-20 10:24:31,414 [Thread-802] INFO  impl.RaftServerImpl (RaftServerImpl.java:setRole(171)) - 468be06f-55e9-4831-ba6b-3db017451a79:group-1DE7C1AB29CF changes role from FOLLOWER to CANDIDATE at term 0 for changeToCandidate
2019-09-20 10:24:31,414 [Thread-799] INFO  impl.RaftServerImpl (RaftServerImpl.java:setRole(171)) - 19fb8383-7c99-4449-b95c-a26e71717844:group-A8248DCF4B58 changes role from FOLLOWER to CANDIDATE at term 0 for changeToCandidate
2019-09-20 10:24:31,416 [Thread-802] INFO  impl.RoleInfo (RoleInfo.java:updateAndGet(143)) - 468be06f-55e9-4831-ba6b-3db017451a79: start LeaderElection
2019-09-20 10:24:31,415 [6491c372-a595-4104-b3e9-c4f3293baafa:group-5E41F07EBEA8:LeaderElection69] INFO  impl.RaftServerImpl (ServerState.java:setLeader(263)) - 6491c372-a595-4104-b3e9-c4f3293baafa:group-5E41F07EBEA8 change Leader from null to 6491c372-a595-4104-b3e9-c4f3293baafa at term 1 for becomeLeader, leader elected after 5993ms
2019-09-20 10:24:31,415 [9e03ffa9-cf79-407a-a150-4c035e5aec5e:group-010966951B22:LeaderElection67] INFO  impl.RaftServerImpl (ServerState.java:setLeader(263)) - 9e03ffa9-cf79-407a-a150-4c035e5aec5e:group-010966951B22 change Leader from null to 9e03ffa9-cf79-407a-a150-4c035e5aec5e at term 1 for becomeLeader, leader elected after 5917ms
2019-09-20 10:24:31,415 [6491c372-a595-4104-b3e9-c4f3293baafa:group-CC264DCBB11E:LeaderElection68] INFO  impl.RaftServerImpl (ServerState.java:setLeader(263)) - 6491c372-a595-4104-b3e9-c4f3293baafa:group-CC264DCBB11E change Leader from null to 6491c372-a595-4104-b3e9-c4f3293baafa at term 1 for becomeLeader, leader elected after 6060ms
2019-09-20 10:24:31,415 [9e03ffa9-cf79-407a-a150-4c035e5aec5e:group-ED70E8EB2E1A:LeaderElection65] INFO  server.RaftServerConfigKeys (ConfUtils.java:logGet(43)) - raft.server.watch.timeout.denomination = 1s (default)
2019-09-20 10:24:31,416 [6491c372-a595-4104-b3e9-c4f3293baafa:group-CC264DCBB11E:LeaderElection68] INFO  server.RaftServerConfigKeys (ConfUtils.java:logGet(43)) - raft.server.staging.catchup.gap = 1000 (default)
2019-09-20 10:24:31,416 [9e03ffa9-cf79-407a-a150-4c035e5aec5e:group-010966951B22:LeaderElection67] INFO  server.RaftServerConfigKeys (ConfUtils.java:logGet(43)) - raft.server.staging.catchup.gap = 1000 (default)
2019-09-20 10:24:31,416 [6491c372-a595-4104-b3e9-c4f3293baafa:group-5E41F07EBEA8:LeaderElection69] INFO  server.RaftServerConfigKeys (ConfUtils.java:logGet(43)) - raft.server.staging.catchup.gap = 1000 (default)
2019-09-20 10:24:31,416 [Thread-799] INFO  impl.RoleInfo (RoleInfo.java:updateAndGet(143)) - 19fb8383-7c99-4449-b95c-a26e71717844: start LeaderElection
2019-09-20 10:24:31,417 [6491c372-a595-4104-b3e9-c4f3293baafa:group-5E41F07EBEA8:LeaderElection69] INFO  server.RaftServerConfigKeys (ConfUtils.java:logGet(43)) - raft.server.rpc.sleep.time = 25ms (default)
2019-09-20 10:24:31,417 [9e03ffa9-cf79-407a-a150-4c035e5aec5e:group-010966951B22:LeaderElection67] INFO  server.RaftServerConfigKeys (ConfUtils.java:logGet(43)) - raft.server.rpc.sleep.time = 25ms (default)
2019-09-20 10:24:31,417 [6491c372-a595-4104-b3e9-c4f3293baafa:group-CC264DCBB11E:LeaderElection68] INFO  server.RaftServerConfigKeys (ConfUtils.java:logGet(43)) - raft.server.rpc.sleep.time = 25ms (default)
2019-09-20 10:24:31,416 [9e03ffa9-cf79-407a-a150-4c035e5aec5e:group-ED70E8EB2E1A:LeaderElection65] INFO  server.RaftServerConfigKeys (ConfUtils.java:logGet(43)) - raft.server.watch.element-limit = 65536 (default)
2019-09-20 10:24:31,418 [6491c372-a595-4104-b3e9-c4f3293baafa:group-CC264DCBB11E:LeaderElection68] INFO  server.RaftServerConfigKeys (ConfUtils.java:logGet(43)) - raft.server.write.element-limit = 4096 (default)
2019-09-20 10:24:31,417 [9e03ffa9-cf79-407a-a150-4c035e5aec5e:group-010966951B22:LeaderElection67] INFO  server.RaftServerConfigKeys (ConfUtils.java:logGet(43)) - raft.server.write.element-limit = 4096 (default)
2019-09-20 10:24:31,417 [6491c372-a595-4104-b3e9-c4f3293baafa:group-5E41F07EBEA8:LeaderElection69] INFO  server.RaftServerConfigKeys (ConfUtils.java:logGet(43)) - raft.server.write.element-limit = 4096 (default)
2019-09-20 10:24:31,418 [9e03ffa9-cf79-407a-a150-4c035e5aec5e:group-010966951B22:LeaderElection67] INFO  server.RaftServerConfigKeys (ConfUtils.java:logGet(43)) - raft.server.watch.timeout = 10s (default)
2019-09-20 10:24:31,418 [6491c372-a595-4104-b3e9-c4f3293baafa:group-CC264DCBB11E:LeaderElection68] INFO  server.RaftServerConfigKeys (ConfUtils.java:logGet(43)) - raft.server.watch.timeout = 10s (default)
2019-09-20 10:24:31,418 [9e03ffa9-cf79-407a-a150-4c035e5aec5e:group-ED70E8EB2E1A:LeaderElection65] INFO  impl.RoleInfo (RoleInfo.java:updateAndGet(143)) - 9e03ffa9-cf79-407a-a150-4c035e5aec5e: start LeaderState
2019-09-20 10:24:31,419 [6491c372-a595-4104-b3e9-c4f3293baafa:group-CC264DCBB11E:LeaderElection68] INFO  server.RaftServerConfigKeys (ConfUtils.java:logGet(43)) - raft.server.watch.timeout.denomination = 1s (default)
2019-09-20 10:24:31,418 [9e03ffa9-cf79-407a-a150-4c035e5aec5e:group-010966951B22:LeaderElection67] INFO  server.RaftServerConfigKeys (ConfUtils.java:logGet(43)) - raft.server.watch.timeout.denomination = 1s (default)
2019-09-20 10:24:31,418 [6491c372-a595-4104-b3e9-c4f3293baafa:group-5E41F07EBEA8:LeaderElection69] INFO  server.RaftServerConfigKeys (ConfUtils.java:logGet(43)) - raft.server.watch.timeout = 10s (default)
2019-09-20 10:24:31,419 [9e03ffa9-cf79-407a-a150-4c035e5aec5e:group-010966951B22:LeaderElection67] INFO  server.RaftServerConfigKeys (ConfUtils.java:logGet(43)) - raft.server.watch.element-limit = 65536 (default)
2019-09-20 10:24:31,419 [9e03ffa9-cf79-407a-a150-4c035e5aec5e:group-ED70E8EB2E1A:LeaderElection65] INFO  segmented.SegmentedRaftLogWorker (SegmentedRaftLogWorker.java:startLogSegment(380)) - 9e03ffa9-cf79-407a-a150-4c035e5aec5e-SegmentedRaftLogWorker:Storage Directory /workdir/hadoop-ozone/integration-test/target/test-dir/MiniOzoneClusterImpl-0561fc2e-9288-4596-b687-0c9fb03504b1/datanode-4/data/ratis/f82f49ed-0679-4f5d-9b0c-ed70e8eb2e1a: Starting segment from index:0
2019-09-20 10:24:31,419 [6491c372-a595-4104-b3e9-c4f3293baafa:group-CC264DCBB11E:LeaderElection68] INFO  server.RaftServerConfigKeys (ConfUtils.java:logGet(43)) - raft.server.watch.element-limit = 65536 (default)
2019-09-20 10:24:31,419 [9e03ffa9-cf79-407a-a150-4c035e5aec5e:group-010966951B22:LeaderElection67] INFO  impl.RoleInfo (RoleInfo.java:updateAndGet(143)) - 9e03ffa9-cf79-407a-a150-4c035e5aec5e: start LeaderState
2019-09-20 10:24:31,419 [6491c372-a595-4104-b3e9-c4f3293baafa:group-5E41F07EBEA8:LeaderElection69] INFO  server.RaftServerConfigKeys (ConfUtils.java:logGet(43)) - raft.server.watch.timeout.denomination = 1s (default)
2019-09-20 10:24:31,420 [9e03ffa9-cf79-407a-a150-4c035e5aec5e:group-010966951B22:LeaderElection67] INFO  segmented.SegmentedRaftLogWorker (SegmentedRaftLogWorker.java:startLogSegment(380)) - 9e03ffa9-cf79-407a-a150-4c035e5aec5e-SegmentedRaftLogWorker:Storage Directory /workdir/hadoop-ozone/integration-test/target/test-dir/MiniOzoneClusterImpl-0561fc2e-9288-4596-b687-0c9fb03504b1/datanode-4/data/ratis/bd8055ec-d68d-4dc8-9787-010966951b22: Starting segment from index:0
2019-09-20 10:24:31,420 [9e03ffa9-cf79-407a-a150-4c035e5aec5e:group-ED70E8EB2E1A:LeaderElection65] INFO  impl.RaftServerImpl (ServerState.java:setRaftConf(361)) - 9e03ffa9-cf79-407a-a150-4c035e5aec5e:group-ED70E8EB2E1A set configuration 0: [9e03ffa9-cf79-407a-a150-4c035e5aec5e:192.168.36.99:38182], old=null at 0
2019-09-20 10:24:31,420 [6491c372-a595-4104-b3e9-c4f3293baafa:group-CC264DCBB11E:LeaderElection68] INFO  impl.RoleInfo (RoleInfo.java:updateAndGet(143)) - 6491c372-a595-4104-b3e9-c4f3293baafa: start LeaderState
2019-09-20 10:24:31,420 [6491c372-a595-4104-b3e9-c4f3293baafa:group-5E41F07EBEA8:LeaderElection69] INFO  server.RaftServerConfigKeys (ConfUtils.java:logGet(43)) - raft.server.watch.element-limit = 65536 (default)
2019-09-20 10:24:31,421 [6491c372-a595-4104-b3e9-c4f3293baafa:group-CC264DCBB11E:LeaderElection68] INFO  segmented.SegmentedRaftLogWorker (SegmentedRaftLogWorker.java:startLogSegment(380)) - 6491c372-a595-4104-b3e9-c4f3293baafa-SegmentedRaftLogWorker:Storage Directory /workdir/hadoop-ozone/integration-test/target/test-dir/MiniOzoneClusterImpl-0561fc2e-9288-4596-b687-0c9fb03504b1/datanode-3/data/ratis/ae352846-b0e7-4623-8315-cc264dcbb11e: Starting segment from index:0
2019-09-20 10:24:31,421 [9e03ffa9-cf79-407a-a150-4c035e5aec5e:group-010966951B22:LeaderElection67] INFO  impl.RaftServerImpl (ServerState.java:setRaftConf(361)) - 9e03ffa9-cf79-407a-a150-4c035e5aec5e:group-010966951B22 set configuration 0: [9e03ffa9-cf79-407a-a150-4c035e5aec5e:192.168.36.99:38182], old=null at 0
2019-09-20 10:24:31,421 [6491c372-a595-4104-b3e9-c4f3293baafa:group-5E41F07EBEA8:LeaderElection69] INFO  impl.RoleInfo (RoleInfo.java:updateAndGet(143)) - 6491c372-a595-4104-b3e9-c4f3293baafa: start LeaderState
2019-09-20 10:24:31,421 [6491c372-a595-4104-b3e9-c4f3293baafa:group-CC264DCBB11E:LeaderElection68] INFO  impl.RaftServerImpl (ServerState.java:setRaftConf(361)) - 6491c372-a595-4104-b3e9-c4f3293baafa:group-CC264DCBB11E set configuration 0: [6491c372-a595-4104-b3e9-c4f3293baafa:192.168.36.99:41491], old=null at 0
2019-09-20 10:24:31,421 [6491c372-a595-4104-b3e9-c4f3293baafa:group-5E41F07EBEA8:LeaderElection69] INFO  segmented.SegmentedRaftLogWorker (SegmentedRaftLogWorker.java:startLogSegment(380)) - 6491c372-a595-4104-b3e9-c4f3293baafa-SegmentedRaftLogWorker:Storage Directory /workdir/hadoop-ozone/integration-test/target/test-dir/MiniOzoneClusterImpl-0561fc2e-9288-4596-b687-0c9fb03504b1/datanode-3/data/ratis/107dea7f-d687-417a-9df3-5e41f07ebea8: Starting segment from index:0
2019-09-20 10:24:31,422 [6491c372-a595-4104-b3e9-c4f3293baafa:group-5E41F07EBEA8:LeaderElection69] INFO  impl.RaftServerImpl (ServerState.java:setRaftConf(361)) - 6491c372-a595-4104-b3e9-c4f3293baafa:group-5E41F07EBEA8 set configuration 0: [6491c372-a595-4104-b3e9-c4f3293baafa:192.168.36.99:41491], old=null at 0
2019-09-20 10:24:32,519 | INFO  | SCMAudit | user=jenkins1000 | ip=192.168.36.99 | op=SEND_HEARTBEAT {datanodeUUID=17e2ba94-38a1-40e7-84e0-f6802901db84, command=[]} | ret=SUCCESS |  
2019-09-20 10:24:32,520 | INFO  | SCMAudit | user=jenkins1000 | ip=192.168.36.99 | op=SEND_HEARTBEAT {datanodeUUID=4d972e91-cb6b-45de-8bd2-c18af7abe58b, command=[]} | ret=SUCCESS |  
2019-09-20 10:24:32,520 [Thread-811] WARN  util.JavaUtils (JavaUtils.java:sleep(250)) - Unexpected long sleep: sleep(5052ms) actually took 5975ms which is over the threshold 300ms
2019-09-20 10:24:32,520 [Thread-808] WARN  util.JavaUtils (JavaUtils.java:sleep(250)) - Unexpected long sleep: sleep(5121ms) actually took 6076ms which is over the threshold 300ms
2019-09-20 10:24:32,520 [Thread-805] WARN  util.JavaUtils (JavaUtils.java:sleep(250)) - Unexpected long sleep: sleep(5099ms) actually took 6151ms which is over the threshold 300ms
2019-09-20 10:24:32,520 [19fb8383-7c99-4449-b95c-a26e71717844:group-124B3A00B84C:LeaderElection70] INFO  impl.LeaderElection (LeaderElection.java:askForVotes(181)) - 19fb8383-7c99-4449-b95c-a26e71717844:group-124B3A00B84C:LeaderElection70: begin an election at term 1 for -1: [19fb8383-7c99-4449-b95c-a26e71717844:192.168.36.99:38491], old=null
2019-09-20 10:24:32,520 [6491c372-a595-4104-b3e9-c4f3293baafa:group-576A86C1D849:LeaderElection71] INFO  impl.LeaderElection (LeaderElection.java:askForVotes(181)) - 6491c372-a595-4104-b3e9-c4f3293baafa:group-576A86C1D849:LeaderElection71: begin an election at term 1 for -1: [468be06f-55e9-4831-ba6b-3db017451a79:192.168.36.99:34815, 6491c372-a595-4104-b3e9-c4f3293baafa:192.168.36.99:41491, 9e03ffa9-cf79-407a-a150-4c035e5aec5e:192.168.36.99:38182], old=null
2019-09-20 10:24:32,520 [9e03ffa9-cf79-407a-a150-4c035e5aec5e:group-576A86C1D849:LeaderElection72] INFO  impl.LeaderElection (LeaderElection.java:askForVotes(181)) - 9e03ffa9-cf79-407a-a150-4c035e5aec5e:group-576A86C1D849:LeaderElection72: begin an election at term 1 for -1: [468be06f-55e9-4831-ba6b-3db017451a79:192.168.36.99:34815, 6491c372-a595-4104-b3e9-c4f3293baafa:192.168.36.99:41491, 9e03ffa9-cf79-407a-a150-4c035e5aec5e:192.168.36.99:38182], old=null
2019-09-20 10:24:32,521 [19fb8383-7c99-4449-b95c-a26e71717844:group-124B3A00B84C:LeaderElection70] INFO  impl.RoleInfo (RoleInfo.java:shutdownLeaderElection(134)) - 19fb8383-7c99-4449-b95c-a26e71717844: shutdown LeaderElection
2019-09-20 10:24:32,520 [9e03ffa9-cf79-407a-a150-4c035e5aec5e:group-8DFB81EBA44D:LeaderElection74] INFO  impl.LeaderElection (LeaderElection.java:askForVotes(181)) - 9e03ffa9-cf79-407a-a150-4c035e5aec5e:group-8DFB81EBA44D:LeaderElection74: begin an election at term 1 for -1: [9e03ffa9-cf79-407a-a150-4c035e5aec5e:192.168.36.99:38182], old=null
2019-09-20 10:24:32,520 [468be06f-55e9-4831-ba6b-3db017451a79:group-576A86C1D849:LeaderElection73] INFO  impl.LeaderElection (LeaderElection.java:askForVotes(181)) - 468be06f-55e9-4831-ba6b-3db017451a79:group-576A86C1D849:LeaderElection73: begin an election at term 1 for -1: [468be06f-55e9-4831-ba6b-3db017451a79:192.168.36.99:34815, 6491c372-a595-4104-b3e9-c4f3293baafa:192.168.36.99:41491, 9e03ffa9-cf79-407a-a150-4c035e5aec5e:192.168.36.99:38182], old=null
2019-09-20 10:24:32,521 [9e03ffa9-cf79-407a-a150-4c035e5aec5e:group-8DFB81EBA44D:LeaderElection74] INFO  impl.RoleInfo (RoleInfo.java:shutdownLeaderElection(134)) - 9e03ffa9-cf79-407a-a150-4c035e5aec5e: shutdown LeaderElection
2019-09-20 10:24:32,521 [19fb8383-7c99-4449-b95c-a26e71717844:group-124B3A00B84C:LeaderElection70] INFO  impl.RaftServerImpl (RaftServerImpl.java:setRole(171)) - 19fb8383-7c99-4449-b95c-a26e71717844:group-124B3A00B84C changes role from CANDIDATE to LEADER at term 1 for changeToLeader
2019-09-20 10:24:32,521 [9e03ffa9-cf79-407a-a150-4c035e5aec5e:group-8DFB81EBA44D:LeaderElection74] INFO  impl.RaftServerImpl (RaftServerImpl.java:setRole(171)) - 9e03ffa9-cf79-407a-a150-4c035e5aec5e:group-8DFB81EBA44D changes role from CANDIDATE to LEADER at term 1 for changeToLeader
2019-09-20 10:24:32,522 [19fb8383-7c99-4449-b95c-a26e71717844:group-124B3A00B84C:LeaderElection70] INFO  impl.RaftServerImpl (ServerState.java:setLeader(263)) - 19fb8383-7c99-4449-b95c-a26e71717844:group-124B3A00B84C change Leader from null to 19fb8383-7c99-4449-b95c-a26e71717844 at term 1 for becomeLeader, leader elected after 6536ms
2019-09-20 10:24:32,522 [9e03ffa9-cf79-407a-a150-4c035e5aec5e:group-8DFB81EBA44D:LeaderElection74] INFO  impl.RaftServerImpl (ServerState.java:setLeader(263)) - 9e03ffa9-cf79-407a-a150-4c035e5aec5e:group-8DFB81EBA44D change Leader from null to 9e03ffa9-cf79-407a-a150-4c035e5aec5e at term 1 for becomeLeader, leader elected after 6778ms
2019-09-20 10:24:32,522 [19fb8383-7c99-4449-b95c-a26e71717844:group-124B3A00B84C:LeaderElection70] INFO  server.RaftServerConfigKeys (ConfUtils.java:logGet(43)) - raft.server.staging.catchup.gap = 1000 (default)
2019-09-20 10:24:32,522 [9e03ffa9-cf79-407a-a150-4c035e5aec5e:group-8DFB81EBA44D:LeaderElection74] INFO  server.RaftServerConfigKeys (ConfUtils.java:logGet(43)) - raft.server.staging.catchup.gap = 1000 (default)
2019-09-20 10:24:32,522 [19fb8383-7c99-4449-b95c-a26e71717844:group-124B3A00B84C:LeaderElection70] INFO  server.RaftServerConfigKeys (ConfUtils.java:logGet(43)) - raft.server.rpc.sleep.time = 25ms (default)
2019-09-20 10:24:32,522 [9e03ffa9-cf79-407a-a150-4c035e5aec5e:group-8DFB81EBA44D:LeaderElection74] INFO  server.RaftServerConfigKeys (ConfUtils.java:logGet(43)) - raft.server.rpc.sleep.time = 25ms (default)
2019-09-20 10:24:32,523 [19fb8383-7c99-4449-b95c-a26e71717844:group-124B3A00B84C:LeaderElection70] INFO  server.RaftServerConfigKeys (ConfUtils.java:logGet(43)) - raft.server.write.element-limit = 4096 (default)
2019-09-20 10:24:32,523 [9e03ffa9-cf79-407a-a150-4c035e5aec5e:group-8DFB81EBA44D:LeaderElection74] INFO  server.RaftServerConfigKeys (ConfUtils.java:logGet(43)) - raft.server.write.element-limit = 4096 (default)
2019-09-20 10:24:32,523 | INFO  | SCMAudit | user=jenkins1000 | ip=192.168.36.99 | op=SEND_HEARTBEAT {datanodeUUID=7af711bd-b5ae-4a73-a8be-b970cae6c2d1, command=[]} | ret=SUCCESS |  
2019-09-20 10:24:32,523 [19fb8383-7c99-4449-b95c-a26e71717844:group-124B3A00B84C:LeaderElection70] INFO  server.RaftServerConfigKeys (ConfUtils.java:logGet(43)) - raft.server.watch.timeout = 10s (default)
2019-09-20 10:24:32,523 | INFO  | SCMAudit | user=jenkins1000 | ip=192.168.36.99 | op=SEND_HEARTBEAT {datanodeUUID=9e03ffa9-cf79-407a-a150-4c035e5aec5e, command=[]} | ret=SUCCESS |  
2019-09-20 10:24:32,523 | INFO  | SCMAudit | user=jenkins1000 | ip=192.168.36.99 | op=SEND_HEARTBEAT {datanodeUUID=3d6f3241-e73c-473a-ad0b-c7be2f7e1dda, command=[]} | ret=SUCCESS |  
2019-09-20 10:24:32,523 | INFO  | SCMAudit | user=jenkins1000 | ip=192.168.36.99 | op=SEND_HEARTBEAT {datanodeUUID=1ab786b9-c79c-4265-88a1-5b3344c6beda, command=[]} | ret=SUCCESS |  
2019-09-20 10:24:32,523 | INFO  | SCMAudit | user=jenkins1000 | ip=192.168.36.99 | op=SEND_HEARTBEAT {datanodeUUID=19fb8383-7c99-4449-b95c-a26e71717844, command=[]} | ret=SUCCESS |  
2019-09-20 10:24:32,523 | INFO  | SCMAudit | user=jenkins1000 | ip=192.168.36.99 | op=SEND_HEARTBEAT {datanodeUUID=60260ec1-e192-4b95-89c8-d924d16a77a9, command=[]} | ret=SUCCESS |  
2019-09-20 10:24:32,523 | INFO  | SCMAudit | user=jenkins1000 | ip=192.168.36.99 | op=SEND_HEARTBEAT {datanodeUUID=468be06f-55e9-4831-ba6b-3db017451a79, command=[]} | ret=SUCCESS |  
2019-09-20 10:24:32,523 [9e03ffa9-cf79-407a-a150-4c035e5aec5e:group-8DFB81EBA44D:LeaderElection74] INFO  server.RaftServerConfigKeys (ConfUtils.java:logGet(43)) - raft.server.watch.timeout = 10s (default)
2019-09-20 10:24:32,523 | INFO  | SCMAudit | user=jenkins1000 | ip=192.168.36.99 | op=SEND_HEARTBEAT {datanodeUUID=54207fe5-d92c-4c2e-b058-fbae630dabef, command=[]} | ret=SUCCESS |  
2019-09-20 10:24:32,523 | INFO  | SCMAudit | user=jenkins1000 | ip=192.168.36.99 | op=SEND_HEARTBEAT {datanodeUUID=6491c372-a595-4104-b3e9-c4f3293baafa, command=[]} | ret=SUCCESS |  
2019-09-20 10:24:32,523 [19fb8383-7c99-4449-b95c-a26e71717844:group-124B3A00B84C:LeaderElection70] INFO  server.RaftServerConfigKeys (ConfUtils.java:logGet(43)) - raft.server.watch.timeout.denomination = 1s (default)
2019-09-20 10:24:32,524 [9e03ffa9-cf79-407a-a150-4c035e5aec5e:group-8DFB81EBA44D:LeaderElection74] INFO  server.RaftServerConfigKeys (ConfUtils.java:logGet(43)) - raft.server.watch.timeout.denomination = 1s (default)
2019-09-20 10:24:32,530 | INFO  | SCMAudit | user=jenkins1000 | ip=192.168.36.99 | op=SEND_HEARTBEAT {datanodeUUID=66416d0b-a71c-4af1-ae3a-62ca63b880a3, command=[]} | ret=SUCCESS |  
2019-09-20 10:24:32,530 | INFO  | SCMAudit | user=jenkins1000 | ip=192.168.36.99 | op=SEND_HEARTBEAT {datanodeUUID=c3e532f8-1a8e-44f3-b56b-d765aee893af, command=[]} | ret=SUCCESS |  
2019-09-20 10:24:32,530 | INFO  | SCMAudit | user=jenkins1000 | ip=192.168.36.99 | op=SEND_HEARTBEAT {datanodeUUID=d2ed2d9b-7ac7-460e-84f6-6d9d6066f76d, command=[]} | ret=SUCCESS |  
2019-09-20 10:24:32,530 [19fb8383-7c99-4449-b95c-a26e71717844:group-124B3A00B84C:LeaderElection70] INFO  server.RaftServerConfigKeys (ConfUtils.java:logGet(43)) - raft.server.watch.element-limit = 65536 (default)
2019-09-20 10:24:32,530 [9e03ffa9-cf79-407a-a150-4c035e5aec5e:group-8DFB81EBA44D:LeaderElection74] INFO  server.RaftServerConfigKeys (ConfUtils.java:logGet(43)) - raft.server.watch.element-limit = 65536 (default)
2019-09-20 10:24:32,531 [19fb8383-7c99-4449-b95c-a26e71717844:group-124B3A00B84C:LeaderElection70] INFO  impl.RoleInfo (RoleInfo.java:updateAndGet(143)) - 19fb8383-7c99-4449-b95c-a26e71717844: start LeaderState
2019-09-20 10:24:32,531 [9e03ffa9-cf79-407a-a150-4c035e5aec5e:group-8DFB81EBA44D:LeaderElection74] INFO  impl.RoleInfo (RoleInfo.java:updateAndGet(143)) - 9e03ffa9-cf79-407a-a150-4c035e5aec5e: start LeaderState
2019-09-20 10:24:32,531 [19fb8383-7c99-4449-b95c-a26e71717844:group-124B3A00B84C:LeaderElection70] INFO  segmented.SegmentedRaftLogWorker (SegmentedRaftLogWorker.java:startLogSegment(380)) - 19fb8383-7c99-4449-b95c-a26e71717844-SegmentedRaftLogWorker:Storage Directory /workdir/hadoop-ozone/integration-test/target/test-dir/MiniOzoneClusterImpl-0561fc2e-9288-4596-b687-0c9fb03504b1/datanode-5/data/ratis/75477411-9667-45b6-ac20-124b3a00b84c: Starting segment from index:0
2019-09-20 10:24:32,531 [9e03ffa9-cf79-407a-a150-4c035e5aec5e:group-8DFB81EBA44D:LeaderElection74] INFO  segmented.SegmentedRaftLogWorker (SegmentedRaftLogWorker.java:startLogSegment(380)) - 9e03ffa9-cf79-407a-a150-4c035e5aec5e-SegmentedRaftLogWorker:Storage Directory /workdir/hadoop-ozone/integration-test/target/test-dir/MiniOzoneClusterImpl-0561fc2e-9288-4596-b687-0c9fb03504b1/datanode-4/data/ratis/43fc272d-dda1-4eea-b4d9-8dfb81eba44d: Starting segment from index:0
2019-09-20 10:24:32,532 [19fb8383-7c99-4449-b95c-a26e71717844:group-124B3A00B84C:LeaderElection70] INFO  impl.RaftServerImpl (ServerState.java:setRaftConf(361)) - 19fb8383-7c99-4449-b95c-a26e71717844:group-124B3A00B84C set configuration 0: [19fb8383-7c99-4449-b95c-a26e71717844:192.168.36.99:38491], old=null at 0
2019-09-20 10:24:32,532 [9e03ffa9-cf79-407a-a150-4c035e5aec5e:group-8DFB81EBA44D:LeaderElection74] INFO  impl.RaftServerImpl (ServerState.java:setRaftConf(361)) - 9e03ffa9-cf79-407a-a150-4c035e5aec5e:group-8DFB81EBA44D set configuration 0: [9e03ffa9-cf79-407a-a150-4c035e5aec5e:192.168.36.99:38182], old=null at 0
2019-09-20 10:24:32,545 [19fb8383-7c99-4449-b95c-a26e71717844:group-A8248DCF4B58:LeaderElection77] INFO  impl.LeaderElection (LeaderElection.java:askForVotes(181)) - 19fb8383-7c99-4449-b95c-a26e71717844:group-A8248DCF4B58:LeaderElection77: begin an election at term 1 for -1: [19fb8383-7c99-4449-b95c-a26e71717844:192.168.36.99:38491], old=null
2019-09-20 10:24:32,545 [468be06f-55e9-4831-ba6b-3db017451a79:group-36E8E47C374C:LeaderElection75] INFO  impl.LeaderElection (LeaderElection.java:askForVotes(181)) - 468be06f-55e9-4831-ba6b-3db017451a79:group-36E8E47C374C:LeaderElection75: begin an election at term 1 for -1: [468be06f-55e9-4831-ba6b-3db017451a79:192.168.36.99:34815], old=null
2019-09-20 10:24:32,906 [19fb8383-7c99-4449-b95c-a26e71717844:group-A8248DCF4B58:LeaderElection77] INFO  impl.RoleInfo (RoleInfo.java:shutdownLeaderElection(134)) - 19fb8383-7c99-4449-b95c-a26e71717844: shutdown LeaderElection
2019-09-20 10:24:32,545 [468be06f-55e9-4831-ba6b-3db017451a79:group-1DE7C1AB29CF:LeaderElection76] INFO  impl.LeaderElection (LeaderElection.java:askForVotes(181)) - 468be06f-55e9-4831-ba6b-3db017451a79:group-1DE7C1AB29CF:LeaderElection76: begin an election at term 1 for -1: [468be06f-55e9-4831-ba6b-3db017451a79:192.168.36.99:34815], old=null
2019-09-20 10:24:32,907 [19fb8383-7c99-4449-b95c-a26e71717844:group-A8248DCF4B58:LeaderElection77] INFO  impl.RaftServerImpl (RaftServerImpl.java:setRole(171)) - 19fb8383-7c99-4449-b95c-a26e71717844:group-A8248DCF4B58 changes role from CANDIDATE to LEADER at term 1 for changeToLeader
2019-09-20 10:24:32,906 [468be06f-55e9-4831-ba6b-3db017451a79:group-36E8E47C374C:LeaderElection75] INFO  impl.RoleInfo (RoleInfo.java:shutdownLeaderElection(134)) - 468be06f-55e9-4831-ba6b-3db017451a79: shutdown LeaderElection
2019-09-20 10:24:32,906 [54207fe5-d92c-4c2e-b058-fbae630dabef-SegmentedRaftLogWorker:Storage Directory /workdir/hadoop-ozone/integration-test/target/test-dir/MiniOzoneClusterImpl-0561fc2e-9288-4596-b687-0c9fb03504b1/datanode-2/data/ratis/d9d25285-2183-4746-bd0d-4bd21dc28529] ERROR segmented.SegmentedRaftLogWorker (SegmentedRaftLogWorker.java:run(323)) - 54207fe5-d92c-4c2e-b058-fbae630dabef-SegmentedRaftLogWorker:Storage Directory /workdir/hadoop-ozone/integration-test/target/test-dir/MiniOzoneClusterImpl-0561fc2e-9288-4596-b687-0c9fb03504b1/datanode-2/data/ratis/d9d25285-2183-4746-bd0d-4bd21dc28529 hit exception
java.lang.OutOfMemoryError: Direct buffer memory
	at java.nio.Bits.reserveMemory(Bits.java:666)
	at java.nio.DirectByteBuffer.<init>(DirectByteBuffer.java:123)
	at java.nio.ByteBuffer.allocateDirect(ByteBuffer.java:311)
	at org.apache.ratis.server.raftlog.segmented.BufferedWriteChannel.<init>(BufferedWriteChannel.java:41)
	at org.apache.ratis.server.raftlog.segmented.SegmentedRaftLogOutputStream.<init>(SegmentedRaftLogOutputStream.java:72)
	at org.apache.ratis.server.raftlog.segmented.SegmentedRaftLogWorker$StartLogSegment.execute(SegmentedRaftLogWorker.java:566)
	at org.apache.ratis.server.raftlog.segmented.SegmentedRaftLogWorker.run(SegmentedRaftLogWorker.java:289)
	at java.lang.Thread.run(Thread.java:748)
2019-09-20 10:24:32,907 [468be06f-55e9-4831-ba6b-3db017451a79:group-36E8E47C374C:LeaderElection75] INFO  impl.RaftServerImpl (RaftServerImpl.java:setRole(171)) - 468be06f-55e9-4831-ba6b-3db017451a79:group-36E8E47C374C changes role from CANDIDATE to LEADER at term 1 for changeToLeader
2019-09-20 10:24:32,908 [468be06f-55e9-4831-ba6b-3db017451a79:group-36E8E47C374C:LeaderElection75] INFO  impl.RaftServerImpl (ServerState.java:setLeader(263)) - 468be06f-55e9-4831-ba6b-3db017451a79:group-36E8E47C374C change Leader from null to 468be06f-55e9-4831-ba6b-3db017451a79 at term 1 for becomeLeader, leader elected after 6821ms
2019-09-20 10:24:32,907 [19fb8383-7c99-4449-b95c-a26e71717844:group-A8248DCF4B58:LeaderElection77] INFO  impl.RaftServerImpl (ServerState.java:setLeader(263)) - 19fb8383-7c99-4449-b95c-a26e71717844:group-A8248DCF4B58 change Leader from null to 19fb8383-7c99-4449-b95c-a26e71717844 at term 1 for becomeLeader, leader elected after 6728ms
2019-09-20 10:24:32,908 [grpc-default-executor-4] INFO  client.GrpcClientProtocolClient (GrpcClientProtocolClient.java:onNext(255)) - client-21807ED29EC2->9e03ffa9-cf79-407a-a150-4c035e5aec5e: receive RaftClientReply:client-21807ED29EC2->9e03ffa9-cf79-407a-a150-4c035e5aec5e@group-576A86C1D849, cid=84, FAILED org.apache.ratis.protocol.NotLeaderException: Server 9e03ffa9-cf79-407a-a150-4c035e5aec5e is not the leader (null). Request must be sent to leader., logIndex=0, commits[9e03ffa9-cf79-407a-a150-4c035e5aec5e:c-1]
2019-09-20 10:24:32,908 [468be06f-55e9-4831-ba6b-3db017451a79:group-36E8E47C374C:LeaderElection75] INFO  server.RaftServerConfigKeys (ConfUtils.java:logGet(43)) - raft.server.staging.catchup.gap = 1000 (default)
2019-09-20 10:24:32,907 [468be06f-55e9-4831-ba6b-3db017451a79:group-1DE7C1AB29CF:LeaderElection76] INFO  impl.RoleInfo (RoleInfo.java:shutdownLeaderElection(134)) - 468be06f-55e9-4831-ba6b-3db017451a79: shutdown LeaderElection
2019-09-20 10:24:32,921 [54207fe5-d92c-4c2e-b058-fbae630dabef-SegmentedRaftLogWorker:Storage Directory /workdir/hadoop-ozone/integration-test/target/test-dir/MiniOzoneClusterImpl-0561fc2e-9288-4596-b687-0c9fb03504b1/datanode-2/data/ratis/d9d25285-2183-4746-bd0d-4bd21dc28529] INFO  impl.RaftServerImpl (RaftServerImpl.java:lambda$shutdown$3(245)) - 54207fe5-d92c-4c2e-b058-fbae630dabef: shutdown group-4BD21DC28529
2019-09-20 10:24:32,921 [468be06f-55e9-4831-ba6b-3db017451a79:group-36E8E47C374C:LeaderElection75] INFO  server.RaftServerConfigKeys (ConfUtils.java:logGet(43)) - raft.server.rpc.sleep.time = 25ms (default)
2019-09-20 10:24:32,908 [19fb8383-7c99-4449-b95c-a26e71717844:group-A8248DCF4B58:LeaderElection77] INFO  server.RaftServerConfigKeys (ConfUtils.java:logGet(43)) - raft.server.staging.catchup.gap = 1000 (default)
2019-09-20 10:24:32,922 [468be06f-55e9-4831-ba6b-3db017451a79:group-36E8E47C374C:LeaderElection75] INFO  server.RaftServerConfigKeys (ConfUtils.java:logGet(43)) - raft.server.write.element-limit = 4096 (default)
2019-09-20 10:24:32,921 [468be06f-55e9-4831-ba6b-3db017451a79:group-1DE7C1AB29CF:LeaderElection76] INFO  impl.RaftServerImpl (RaftServerImpl.java:setRole(171)) - 468be06f-55e9-4831-ba6b-3db017451a79:group-1DE7C1AB29CF changes role from CANDIDATE to LEADER at term 1 for changeToLeader
2019-09-20 10:24:32,922 [468be06f-55e9-4831-ba6b-3db017451a79:group-36E8E47C374C:LeaderElection75] INFO  server.RaftServerConfigKeys (ConfUtils.java:logGet(43)) - raft.server.watch.timeout = 10s (default)
2019-09-20 10:24:32,922 [54207fe5-d92c-4c2e-b058-fbae630dabef-SegmentedRaftLogWorker:Storage Directory /workdir/hadoop-ozone/integration-test/target/test-dir/MiniOzoneClusterImpl-0561fc2e-9288-4596-b687-0c9fb03504b1/datanode-2/data/ratis/d9d25285-2183-4746-bd0d-4bd21dc28529] INFO  util.JmxRegister (JmxRegister.java:unregister(73)) - Successfully un-registered JMX Bean with object name Ratis:service=RaftServer,group=group-4BD21DC28529,id=54207fe5-d92c-4c2e-b058-fbae630dabef
2019-09-20 10:24:32,922 [19fb8383-7c99-4449-b95c-a26e71717844:group-A8248DCF4B58:LeaderElection77] INFO  server.RaftServerConfigKeys (ConfUtils.java:logGet(43)) - raft.server.rpc.sleep.time = 25ms (default)
2019-09-20 10:24:32,927 [54207fe5-d92c-4c2e-b058-fbae630dabef-SegmentedRaftLogWorker:Storage Directory /workdir/hadoop-ozone/integration-test/target/test-dir/MiniOzoneClusterImpl-0561fc2e-9288-4596-b687-0c9fb03504b1/datanode-2/data/ratis/d9d25285-2183-4746-bd0d-4bd21dc28529] INFO  impl.RoleInfo (RoleInfo.java:shutdownLeaderState(104)) - 54207fe5-d92c-4c2e-b058-fbae630dabef: shutdown LeaderState
2019-09-20 10:24:32,927 [468be06f-55e9-4831-ba6b-3db017451a79:group-36E8E47C374C:LeaderElection75] INFO  server.RaftServerConfigKeys (ConfUtils.java:logGet(43)) - raft.server.watch.timeout.denomination = 1s (default)
2019-09-20 10:24:32,922 [468be06f-55e9-4831-ba6b-3db017451a79:group-1DE7C1AB29CF:LeaderElection76] INFO  impl.RaftServerImpl (ServerState.java:setLeader(263)) - 468be06f-55e9-4831-ba6b-3db017451a79:group-1DE7C1AB29CF change Leader from null to 468be06f-55e9-4831-ba6b-3db017451a79 at term 1 for becomeLeader, leader elected after 6676ms
2019-09-20 10:24:32,927 [468be06f-55e9-4831-ba6b-3db017451a79:group-36E8E47C374C:LeaderElection75] INFO  server.RaftServerConfigKeys (ConfUtils.java:logGet(43)) - raft.server.watch.element-limit = 65536 (default)
2019-09-20 10:24:32,927 [19fb8383-7c99-4449-b95c-a26e71717844:group-A8248DCF4B58:LeaderElection77] INFO  server.RaftServerConfigKeys (ConfUtils.java:logGet(43)) - raft.server.write.element-limit = 4096 (default)
2019-09-20 10:24:32,928 [468be06f-55e9-4831-ba6b-3db017451a79:group-1DE7C1AB29CF:LeaderElection76] INFO  server.RaftServerConfigKeys (ConfUtils.java:logGet(43)) - raft.server.staging.catchup.gap = 1000 (default)
2019-09-20 10:24:32,928 [19fb8383-7c99-4449-b95c-a26e71717844:group-A8248DCF4B58:LeaderElection77] INFO  server.RaftServerConfigKeys (ConfUtils.java:logGet(43)) - raft.server.watch.timeout = 10s (default)
2019-09-20 10:24:32,928 [468be06f-55e9-4831-ba6b-3db017451a79:group-36E8E47C374C:LeaderElection75] INFO  impl.RoleInfo (RoleInfo.java:updateAndGet(143)) - 468be06f-55e9-4831-ba6b-3db017451a79: start LeaderState
2019-09-20 10:24:32,928 [19fb8383-7c99-4449-b95c-a26e71717844:group-A8248DCF4B58:LeaderElection77] INFO  server.RaftServerConfigKeys (ConfUtils.java:logGet(43)) - raft.server.watch.timeout.denomination = 1s (default)
2019-09-20 10:24:32,928 [468be06f-55e9-4831-ba6b-3db017451a79:group-1DE7C1AB29CF:LeaderElection76] INFO  server.RaftServerConfigKeys (ConfUtils.java:logGet(43)) - raft.server.rpc.sleep.time = 25ms (default)
2019-09-20 10:24:32,928 [19fb8383-7c99-4449-b95c-a26e71717844:group-A8248DCF4B58:LeaderElection77] INFO  server.RaftServerConfigKeys (ConfUtils.java:logGet(43)) - raft.server.watch.element-limit = 65536 (default)
2019-09-20 10:24:32,928 [468be06f-55e9-4831-ba6b-3db017451a79:group-36E8E47C374C:LeaderElection75] INFO  segmented.SegmentedRaftLogWorker (SegmentedRaftLogWorker.java:startLogSegment(380)) - 468be06f-55e9-4831-ba6b-3db017451a79-SegmentedRaftLogWorker:Storage Directory /workdir/hadoop-ozone/integration-test/target/test-dir/MiniOzoneClusterImpl-0561fc2e-9288-4596-b687-0c9fb03504b1/datanode-6/data/ratis/ad363414-f75a-4744-b572-36e8e47c374c: Starting segment from index:0
2019-09-20 10:24:32,929 [19fb8383-7c99-4449-b95c-a26e71717844:group-A8248DCF4B58:LeaderElection77] INFO  impl.RoleInfo (RoleInfo.java:updateAndGet(143)) - 19fb8383-7c99-4449-b95c-a26e71717844: start LeaderState
2019-09-20 10:24:32,929 [54207fe5-d92c-4c2e-b058-fbae630dabef-SegmentedRaftLogWorker:Storage Directory /workdir/hadoop-ozone/integration-test/target/test-dir/MiniOzoneClusterImpl-0561fc2e-9288-4596-b687-0c9fb03504b1/datanode-2/data/ratis/d9d25285-2183-4746-bd0d-4bd21dc28529] INFO  impl.PendingRequests (PendingRequests.java:sendNotLeaderResponses(202)) - 54207fe5-d92c-4c2e-b058-fbae630dabef-PendingRequests: sendNotLeaderResponses
2019-09-20 10:24:32,929 [468be06f-55e9-4831-ba6b-3db017451a79:group-1DE7C1AB29CF:LeaderElection76] INFO  server.RaftServerConfigKeys (ConfUtils.java:logGet(43)) - raft.server.write.element-limit = 4096 (default)
2019-09-20 10:24:32,929 [19fb8383-7c99-4449-b95c-a26e71717844:group-A8248DCF4B58:LeaderElection77] INFO  segmented.SegmentedRaftLogWorker (SegmentedRaftLogWorker.java:startLogSegment(380)) - 19fb8383-7c99-4449-b95c-a26e71717844-SegmentedRaftLogWorker:Storage Directory /workdir/hadoop-ozone/integration-test/target/test-dir/MiniOzoneClusterImpl-0561fc2e-9288-4596-b687-0c9fb03504b1/datanode-5/data/ratis/38d2f8f5-950e-4037-9fb1-a8248dcf4b58: Starting segment from index:0
2019-09-20 10:24:32,929 [468be06f-55e9-4831-ba6b-3db017451a79:group-36E8E47C374C:LeaderElection75] INFO  impl.RaftServerImpl (ServerState.java:setRaftConf(361)) - 468be06f-55e9-4831-ba6b-3db017451a79:group-36E8E47C374C set configuration 0: [468be06f-55e9-4831-ba6b-3db017451a79:192.168.36.99:34815], old=null at 0
2019-09-20 10:24:32,929 [468be06f-55e9-4831-ba6b-3db017451a79:group-1DE7C1AB29CF:LeaderElection76] INFO  server.RaftServerConfigKeys (ConfUtils.java:logGet(43)) - raft.server.watch.timeout = 10s (default)
2019-09-20 10:24:33,195 [19fb8383-7c99-4449-b95c-a26e71717844:group-A8248DCF4B58:LeaderElection77] INFO  impl.RaftServerImpl (ServerState.java:setRaftConf(361)) - 19fb8383-7c99-4449-b95c-a26e71717844:group-A8248DCF4B58 set configuration 0: [19fb8383-7c99-4449-b95c-a26e71717844:192.168.36.99:38491], old=null at 0
2019-09-20 10:24:33,196 [468be06f-55e9-4831-ba6b-3db017451a79:group-1DE7C1AB29CF:LeaderElection76] INFO  server.RaftServerConfigKeys (ConfUtils.java:logGet(43)) - raft.server.watch.timeout.denomination = 1s (default)
2019-09-20 10:24:33,486 [9e03ffa9-cf79-407a-a150-4c035e5aec5e-SegmentedRaftLogWorker:Storage Directory /workdir/hadoop-ozone/integration-test/target/test-dir/MiniOzoneClusterImpl-0561fc2e-9288-4596-b687-0c9fb03504b1/datanode-4/data/ratis/512fd128-b72e-482f-b611-1d153a13aff8] ERROR segmented.SegmentedRaftLogWorker (SegmentedRaftLogWorker.java:run(323)) - 9e03ffa9-cf79-407a-a150-4c035e5aec5e-SegmentedRaftLogWorker:Storage Directory /workdir/hadoop-ozone/integration-test/target/test-dir/MiniOzoneClusterImpl-0561fc2e-9288-4596-b687-0c9fb03504b1/datanode-4/data/ratis/512fd128-b72e-482f-b611-1d153a13aff8 hit exception
java.lang.OutOfMemoryError: Direct buffer memory
	at java.nio.Bits.reserveMemory(Bits.java:666)
	at java.nio.DirectByteBuffer.<init>(DirectByteBuffer.java:123)
	at java.nio.ByteBuffer.allocateDirect(ByteBuffer.java:311)
	at org.apache.ratis.server.raftlog.segmented.BufferedWriteChannel.<init>(BufferedWriteChannel.java:41)
	at org.apache.ratis.server.raftlog.segmented.SegmentedRaftLogOutputStream.<init>(SegmentedRaftLogOutputStream.java:72)
	at org.apache.ratis.server.raftlog.segmented.SegmentedRaftLogWorker$StartLogSegment.execute(SegmentedRaftLogWorker.java:566)
	at org.apache.ratis.server.raftlog.segmented.SegmentedRaftLogWorker.run(SegmentedRaftLogWorker.java:289)
	at java.lang.Thread.run(Thread.java:748)
2019-09-20 10:24:33,492 [468be06f-55e9-4831-ba6b-3db017451a79:group-1DE7C1AB29CF:LeaderElection76] INFO  server.RaftServerConfigKeys (ConfUtils.java:logGet(43)) - raft.server.watch.element-limit = 65536 (default)
2019-09-20 10:24:33,493 [9e03ffa9-cf79-407a-a150-4c035e5aec5e-SegmentedRaftLogWorker:Storage Directory /workdir/hadoop-ozone/integration-test/target/test-dir/MiniOzoneClusterImpl-0561fc2e-9288-4596-b687-0c9fb03504b1/datanode-4/data/ratis/512fd128-b72e-482f-b611-1d153a13aff8] INFO  impl.RaftServerImpl (RaftServerImpl.java:lambda$shutdown$3(245)) - 9e03ffa9-cf79-407a-a150-4c035e5aec5e: shutdown group-1D153A13AFF8
2019-09-20 10:24:33,493 [468be06f-55e9-4831-ba6b-3db017451a79:group-1DE7C1AB29CF:LeaderElection76] INFO  impl.RoleInfo (RoleInfo.java:updateAndGet(143)) - 468be06f-55e9-4831-ba6b-3db017451a79: start LeaderState
2019-09-20 10:24:33,493 [9e03ffa9-cf79-407a-a150-4c035e5aec5e-SegmentedRaftLogWorker:Storage Directory /workdir/hadoop-ozone/integration-test/target/test-dir/MiniOzoneClusterImpl-0561fc2e-9288-4596-b687-0c9fb03504b1/datanode-4/data/ratis/512fd128-b72e-482f-b611-1d153a13aff8] INFO  util.JmxRegister (JmxRegister.java:unregister(73)) - Successfully un-registered JMX Bean with object name Ratis:service=RaftServer,group=group-1D153A13AFF8,id=9e03ffa9-cf79-407a-a150-4c035e5aec5e
2019-09-20 10:24:33,493 [468be06f-55e9-4831-ba6b-3db017451a79:group-1DE7C1AB29CF:LeaderElection76] INFO  segmented.SegmentedRaftLogWorker (SegmentedRaftLogWorker.java:startLogSegment(380)) - 468be06f-55e9-4831-ba6b-3db017451a79-SegmentedRaftLogWorker:Storage Directory /workdir/hadoop-ozone/integration-test/target/test-dir/MiniOzoneClusterImpl-0561fc2e-9288-4596-b687-0c9fb03504b1/datanode-6/data/ratis/f7c88964-19e5-4ac1-b1cd-1de7c1ab29cf: Starting segment from index:0
2019-09-20 10:24:33,493 [9e03ffa9-cf79-407a-a150-4c035e5aec5e-SegmentedRaftLogWorker:Storage Directory /workdir/hadoop-ozone/integration-test/target/test-dir/MiniOzoneClusterImpl-0561fc2e-9288-4596-b687-0c9fb03504b1/datanode-4/data/ratis/512fd128-b72e-482f-b611-1d153a13aff8] INFO  impl.RoleInfo (RoleInfo.java:shutdownLeaderState(104)) - 9e03ffa9-cf79-407a-a150-4c035e5aec5e: shutdown LeaderState
2019-09-20 10:24:33,494 [54207fe5-d92c-4c2e-b058-fbae630dabef-SegmentedRaftLogWorker:Storage Directory /workdir/hadoop-ozone/integration-test/target/test-dir/MiniOzoneClusterImpl-0561fc2e-9288-4596-b687-0c9fb03504b1/datanode-2/data/ratis/d9d25285-2183-4746-bd0d-4bd21dc28529] INFO  impl.StateMachineUpdater (StateMachineUpdater.java:stopAndJoin(115)) - StateMachineUpdater:54207fe5-d92c-4c2e-b058-fbae630dabef:group-4BD21DC28529: set stopIndex = -1
2019-09-20 10:24:33,494 [9e03ffa9-cf79-407a-a150-4c035e5aec5e-SegmentedRaftLogWorker:Storage Directory /workdir/hadoop-ozone/integration-test/target/test-dir/MiniOzoneClusterImpl-0561fc2e-9288-4596-b687-0c9fb03504b1/datanode-4/data/ratis/512fd128-b72e-482f-b611-1d153a13aff8] INFO  impl.PendingRequests (PendingRequests.java:sendNotLeaderResponses(202)) - 9e03ffa9-cf79-407a-a150-4c035e5aec5e-PendingRequests: sendNotLeaderResponses
2019-09-20 10:24:33,813 | INFO  | SCMAudit | user=jenkins1000 | ip=192.168.36.99 | op=SEND_HEARTBEAT {datanodeUUID=d2ed2d9b-7ac7-460e-84f6-6d9d6066f76d, command=[]} | ret=SUCCESS |  
2019-09-20 10:24:33,813 | INFO  | SCMAudit | user=jenkins1000 | ip=192.168.36.99 | op=SEND_HEARTBEAT {datanodeUUID=468be06f-55e9-4831-ba6b-3db017451a79, command=[]} | ret=SUCCESS |  
2019-09-20 10:24:33,818 | INFO  | SCMAudit | user=jenkins1000 | ip=192.168.36.99 | op=SEND_HEARTBEAT {datanodeUUID=66416d0b-a71c-4af1-ae3a-62ca63b880a3, command=[]} | ret=SUCCESS |  
2019-09-20 10:24:33,817 | INFO  | SCMAudit | user=jenkins1000 | ip=192.168.36.99 | op=SEND_HEARTBEAT {datanodeUUID=54207fe5-d92c-4c2e-b058-fbae630dabef, command=[]} | ret=SUCCESS |  
2019-09-20 10:24:33,815 | INFO  | SCMAudit | user=jenkins1000 | ip=192.168.36.99 | op=SEND_HEARTBEAT {datanodeUUID=6491c372-a595-4104-b3e9-c4f3293baafa, command=[]} | ret=SUCCESS |  
2019-09-20 10:24:33,815 | INFO  | SCMAudit | user=jenkins1000 | ip=192.168.36.99 | op=SEND_HEARTBEAT {datanodeUUID=9e03ffa9-cf79-407a-a150-4c035e5aec5e, command=[]} | ret=SUCCESS |  
2019-09-20 10:24:33,814 | INFO  | SCMAudit | user=jenkins1000 | ip=192.168.36.99 | op=SEND_HEARTBEAT {datanodeUUID=60260ec1-e192-4b95-89c8-d924d16a77a9, command=[]} | ret=SUCCESS |  
2019-09-20 10:24:33,808 [19fb8383-7c99-4449-b95c-a26e71717844-SegmentedRaftLogWorker:Storage Directory /workdir/hadoop-ozone/integration-test/target/test-dir/MiniOzoneClusterImpl-0561fc2e-9288-4596-b687-0c9fb03504b1/datanode-5/data/ratis/405d5932-1c23-448d-b8fd-7ad70fd4f128] ERROR segmented.SegmentedRaftLogWorker (SegmentedRaftLogWorker.java:run(323)) - 19fb8383-7c99-4449-b95c-a26e71717844-SegmentedRaftLogWorker:Storage Directory /workdir/hadoop-ozone/integration-test/target/test-dir/MiniOzoneClusterImpl-0561fc2e-9288-4596-b687-0c9fb03504b1/datanode-5/data/ratis/405d5932-1c23-448d-b8fd-7ad70fd4f128 hit exception
java.lang.OutOfMemoryError: Direct buffer memory
	at java.nio.Bits.reserveMemory(Bits.java:666)
	at java.nio.DirectByteBuffer.<init>(DirectByteBuffer.java:123)
	at java.nio.ByteBuffer.allocateDirect(ByteBuffer.java:311)
	at org.apache.ratis.server.raftlog.segmented.BufferedWriteChannel.<init>(BufferedWriteChannel.java:41)
	at org.apache.ratis.server.raftlog.segmented.SegmentedRaftLogOutputStream.<init>(SegmentedRaftLogOutputStream.java:72)
	at org.apache.ratis.server.raftlog.segmented.SegmentedRaftLogWorker$StartLogSegment.execute(SegmentedRaftLogWorker.java:566)
	at org.apache.ratis.server.raftlog.segmented.SegmentedRaftLogWorker.run(SegmentedRaftLogWorker.java:289)
	at java.lang.Thread.run(Thread.java:748)
2019-09-20 10:24:33,852 | INFO  | SCMAudit | user=jenkins1000 | ip=192.168.36.99 | op=SEND_HEARTBEAT {datanodeUUID=19fb8383-7c99-4449-b95c-a26e71717844, command=[]} | ret=SUCCESS |  
2019-09-20 10:24:33,852 | INFO  | SCMAudit | user=jenkins1000 | ip=192.168.36.99 | op=SEND_HEARTBEAT {datanodeUUID=c3e532f8-1a8e-44f3-b56b-d765aee893af, command=[]} | ret=SUCCESS |  
2019-09-20 10:24:33,853 | INFO  | SCMAudit | user=jenkins1000 | ip=192.168.36.99 | op=SEND_HEARTBEAT {datanodeUUID=4d972e91-cb6b-45de-8bd2-c18af7abe58b, command=[]} | ret=SUCCESS |  
2019-09-20 10:24:33,853 | INFO  | SCMAudit | user=jenkins1000 | ip=192.168.36.99 | op=SEND_HEARTBEAT {datanodeUUID=17e2ba94-38a1-40e7-84e0-f6802901db84, command=[]} | ret=SUCCESS |  
2019-09-20 10:24:33,808 [19fb8383-7c99-4449-b95c-a26e71717844-SegmentedRaftLogWorker:Storage Directory /workdir/hadoop-ozone/integration-test/target/test-dir/MiniOzoneClusterImpl-0561fc2e-9288-4596-b687-0c9fb03504b1/datanode-5/data/ratis/ef95a13f-c8ff-4124-975a-1f94addf7df5] ERROR segmented.SegmentedRaftLogWorker (SegmentedRaftLogWorker.java:run(323)) - 19fb8383-7c99-4449-b95c-a26e71717844-SegmentedRaftLogWorker:Storage Directory /workdir/hadoop-ozone/integration-test/target/test-dir/MiniOzoneClusterImpl-0561fc2e-9288-4596-b687-0c9fb03504b1/datanode-5/data/ratis/ef95a13f-c8ff-4124-975a-1f94addf7df5 hit exception
java.lang.OutOfMemoryError: Direct buffer memory
	at java.nio.Bits.reserveMemory(Bits.java:666)
	at java.nio.DirectByteBuffer.<init>(DirectByteBuffer.java:123)
	at java.nio.ByteBuffer.allocateDirect(ByteBuffer.java:311)
	at org.apache.ratis.server.raftlog.segmented.BufferedWriteChannel.<init>(BufferedWriteChannel.java:41)
	at org.apache.ratis.server.raftlog.segmented.SegmentedRaftLogOutputStream.<init>(SegmentedRaftLogOutputStream.java:72)
	at org.apache.ratis.server.raftlog.segmented.SegmentedRaftLogWorker$StartLogSegment.execute(SegmentedRaftLogWorker.java:566)
	at org.apache.ratis.server.raftlog.segmented.SegmentedRaftLogWorker.run(SegmentedRaftLogWorker.java:289)
	at java.lang.Thread.run(Thread.java:748)
2019-09-20 10:24:33,853 | INFO  | SCMAudit | user=jenkins1000 | ip=192.168.36.99 | op=SEND_HEARTBEAT {datanodeUUID=7af711bd-b5ae-4a73-a8be-b970cae6c2d1, command=[]} | ret=SUCCESS |  
2019-09-20 10:24:33,852 [19fb8383-7c99-4449-b95c-a26e71717844-SegmentedRaftLogWorker:Storage Directory /workdir/hadoop-ozone/integration-test/target/test-dir/MiniOzoneClusterImpl-0561fc2e-9288-4596-b687-0c9fb03504b1/datanode-5/data/ratis/405d5932-1c23-448d-b8fd-7ad70fd4f128] INFO  impl.RaftServerImpl (RaftServerImpl.java:lambda$shutdown$3(245)) - 19fb8383-7c99-4449-b95c-a26e71717844: shutdown group-7AD70FD4F128
2019-09-20 10:24:33,818 [9e03ffa9-cf79-407a-a150-4c035e5aec5e-SegmentedRaftLogWorker:Storage Directory /workdir/hadoop-ozone/integration-test/target/test-dir/MiniOzoneClusterImpl-0561fc2e-9288-4596-b687-0c9fb03504b1/datanode-4/data/ratis/512fd128-b72e-482f-b611-1d153a13aff8] INFO  impl.StateMachineUpdater (StateMachineUpdater.java:stopAndJoin(115)) - StateMachineUpdater:9e03ffa9-cf79-407a-a150-4c035e5aec5e:group-1D153A13AFF8: set stopIndex = -1
2019-09-20 10:24:33,853 | INFO  | SCMAudit | user=jenkins1000 | ip=192.168.36.99 | op=SEND_HEARTBEAT {datanodeUUID=3d6f3241-e73c-473a-ad0b-c7be2f7e1dda, command=[]} | ret=SUCCESS |  
2019-09-20 10:24:33,853 | INFO  | SCMAudit | user=jenkins1000 | ip=192.168.36.99 | op=SEND_HEARTBEAT {datanodeUUID=1ab786b9-c79c-4265-88a1-5b3344c6beda, command=[]} | ret=SUCCESS |  
2019-09-20 10:24:33,818 [54207fe5-d92c-4c2e-b058-fbae630dabef-SegmentedRaftLogWorker:Storage Directory /workdir/hadoop-ozone/integration-test/target/test-dir/MiniOzoneClusterImpl-0561fc2e-9288-4596-b687-0c9fb03504b1/datanode-2/data/ratis/d9d25285-2183-4746-bd0d-4bd21dc28529] INFO  impl.RaftServerImpl (ServerState.java:close(394)) - 54207fe5-d92c-4c2e-b058-fbae630dabef:group-4BD21DC28529 closes. The last applied log index is -1
2019-09-20 10:24:33,818 [468be06f-55e9-4831-ba6b-3db017451a79:group-1DE7C1AB29CF:LeaderElection76] INFO  impl.RaftServerImpl (ServerState.java:setRaftConf(361)) - 468be06f-55e9-4831-ba6b-3db017451a79:group-1DE7C1AB29CF set configuration 0: [468be06f-55e9-4831-ba6b-3db017451a79:192.168.36.99:34815], old=null at 0
2019-09-20 10:24:33,853 [9e03ffa9-cf79-407a-a150-4c035e5aec5e-SegmentedRaftLogWorker:Storage Directory /workdir/hadoop-ozone/integration-test/target/test-dir/MiniOzoneClusterImpl-0561fc2e-9288-4596-b687-0c9fb03504b1/datanode-4/data/ratis/512fd128-b72e-482f-b611-1d153a13aff8] INFO  impl.RaftServerImpl (ServerState.java:close(394)) - 9e03ffa9-cf79-407a-a150-4c035e5aec5e:group-1D153A13AFF8 closes. The last applied log index is -1
2019-09-20 10:24:33,853 [19fb8383-7c99-4449-b95c-a26e71717844-SegmentedRaftLogWorker:Storage Directory /workdir/hadoop-ozone/integration-test/target/test-dir/MiniOzoneClusterImpl-0561fc2e-9288-4596-b687-0c9fb03504b1/datanode-5/data/ratis/405d5932-1c23-448d-b8fd-7ad70fd4f128] INFO  util.JmxRegister (JmxRegister.java:unregister(73)) - Successfully un-registered JMX Bean with object name Ratis:service=RaftServer,group=group-7AD70FD4F128,id=19fb8383-7c99-4449-b95c-a26e71717844
2019-09-20 10:24:33,853 [19fb8383-7c99-4449-b95c-a26e71717844-SegmentedRaftLogWorker:Storage Directory /workdir/hadoop-ozone/integration-test/target/test-dir/MiniOzoneClusterImpl-0561fc2e-9288-4596-b687-0c9fb03504b1/datanode-5/data/ratis/ef95a13f-c8ff-4124-975a-1f94addf7df5] INFO  impl.RaftServerImpl (RaftServerImpl.java:lambda$shutdown$3(245)) - 19fb8383-7c99-4449-b95c-a26e71717844: shutdown group-1F94ADDF7DF5
2019-09-20 10:24:33,854 [19fb8383-7c99-4449-b95c-a26e71717844-SegmentedRaftLogWorker:Storage Directory /workdir/hadoop-ozone/integration-test/target/test-dir/MiniOzoneClusterImpl-0561fc2e-9288-4596-b687-0c9fb03504b1/datanode-5/data/ratis/405d5932-1c23-448d-b8fd-7ad70fd4f128] INFO  impl.RoleInfo (RoleInfo.java:shutdownLeaderState(104)) - 19fb8383-7c99-4449-b95c-a26e71717844: shutdown LeaderState
2019-09-20 10:24:33,854 [19fb8383-7c99-4449-b95c-a26e71717844-SegmentedRaftLogWorker:Storage Directory /workdir/hadoop-ozone/integration-test/target/test-dir/MiniOzoneClusterImpl-0561fc2e-9288-4596-b687-0c9fb03504b1/datanode-5/data/ratis/ef95a13f-c8ff-4124-975a-1f94addf7df5] INFO  util.JmxRegister (JmxRegister.java:unregister(73)) - Successfully un-registered JMX Bean with object name Ratis:service=RaftServer,group=group-1F94ADDF7DF5,id=19fb8383-7c99-4449-b95c-a26e71717844
2019-09-20 10:24:33,855 [19fb8383-7c99-4449-b95c-a26e71717844-SegmentedRaftLogWorker:Storage Directory /workdir/hadoop-ozone/integration-test/target/test-dir/MiniOzoneClusterImpl-0561fc2e-9288-4596-b687-0c9fb03504b1/datanode-5/data/ratis/405d5932-1c23-448d-b8fd-7ad70fd4f128] INFO  impl.PendingRequests (PendingRequests.java:sendNotLeaderResponses(202)) - 19fb8383-7c99-4449-b95c-a26e71717844-PendingRequests: sendNotLeaderResponses
2019-09-20 10:24:33,855 [19fb8383-7c99-4449-b95c-a26e71717844-SegmentedRaftLogWorker:Storage Directory /workdir/hadoop-ozone/integration-test/target/test-dir/MiniOzoneClusterImpl-0561fc2e-9288-4596-b687-0c9fb03504b1/datanode-5/data/ratis/ef95a13f-c8ff-4124-975a-1f94addf7df5] INFO  impl.RoleInfo (RoleInfo.java:shutdownLeaderState(104)) - 19fb8383-7c99-4449-b95c-a26e71717844: shutdown LeaderState
2019-09-20 10:24:33,855 [19fb8383-7c99-4449-b95c-a26e71717844-SegmentedRaftLogWorker:Storage Directory /workdir/hadoop-ozone/integration-test/target/test-dir/MiniOzoneClusterImpl-0561fc2e-9288-4596-b687-0c9fb03504b1/datanode-5/data/ratis/405d5932-1c23-448d-b8fd-7ad70fd4f128] INFO  impl.StateMachineUpdater (StateMachineUpdater.java:stopAndJoin(115)) - StateMachineUpdater:19fb8383-7c99-4449-b95c-a26e71717844:group-7AD70FD4F128: set stopIndex = -1
2019-09-20 10:24:33,861 [19fb8383-7c99-4449-b95c-a26e71717844-SegmentedRaftLogWorker:Storage Directory /workdir/hadoop-ozone/integration-test/target/test-dir/MiniOzoneClusterImpl-0561fc2e-9288-4596-b687-0c9fb03504b1/datanode-5/data/ratis/ef95a13f-c8ff-4124-975a-1f94addf7df5] INFO  impl.PendingRequests (PendingRequests.java:sendNotLeaderResponses(202)) - 19fb8383-7c99-4449-b95c-a26e71717844-PendingRequests: sendNotLeaderResponses
2019-09-20 10:24:33,861 [19fb8383-7c99-4449-b95c-a26e71717844-SegmentedRaftLogWorker:Storage Directory /workdir/hadoop-ozone/integration-test/target/test-dir/MiniOzoneClusterImpl-0561fc2e-9288-4596-b687-0c9fb03504b1/datanode-5/data/ratis/405d5932-1c23-448d-b8fd-7ad70fd4f128] INFO  impl.RaftServerImpl (ServerState.java:close(394)) - 19fb8383-7c99-4449-b95c-a26e71717844:group-7AD70FD4F128 closes. The last applied log index is -1
2019-09-20 10:24:33,861 [19fb8383-7c99-4449-b95c-a26e71717844-SegmentedRaftLogWorker:Storage Directory /workdir/hadoop-ozone/integration-test/target/test-dir/MiniOzoneClusterImpl-0561fc2e-9288-4596-b687-0c9fb03504b1/datanode-5/data/ratis/ef95a13f-c8ff-4124-975a-1f94addf7df5] INFO  impl.StateMachineUpdater (StateMachineUpdater.java:stopAndJoin(115)) - StateMachineUpdater:19fb8383-7c99-4449-b95c-a26e71717844:group-1F94ADDF7DF5: set stopIndex = -1
2019-09-20 10:24:33,862 [19fb8383-7c99-4449-b95c-a26e71717844-SegmentedRaftLogWorker:Storage Directory /workdir/hadoop-ozone/integration-test/target/test-dir/MiniOzoneClusterImpl-0561fc2e-9288-4596-b687-0c9fb03504b1/datanode-5/data/ratis/ef95a13f-c8ff-4124-975a-1f94addf7df5] INFO  impl.RaftServerImpl (ServerState.java:close(394)) - 19fb8383-7c99-4449-b95c-a26e71717844:group-1F94ADDF7DF5 closes. The last applied log index is -1
2019-09-20 10:24:33,862 [19fb8383-7c99-4449-b95c-a26e71717844-SegmentedRaftLogWorker:Storage Directory /workdir/hadoop-ozone/integration-test/target/test-dir/MiniOzoneClusterImpl-0561fc2e-9288-4596-b687-0c9fb03504b1/datanode-5/data/ratis/405d5932-1c23-448d-b8fd-7ad70fd4f128] INFO  segmented.SegmentedRaftLogWorker (SegmentedRaftLogWorker.java:close(228)) - 19fb8383-7c99-4449-b95c-a26e71717844-SegmentedRaftLogWorker:Storage Directory /workdir/hadoop-ozone/integration-test/target/test-dir/MiniOzoneClusterImpl-0561fc2e-9288-4596-b687-0c9fb03504b1/datanode-5/data/ratis/405d5932-1c23-448d-b8fd-7ad70fd4f128 close()
2019-09-20 10:24:33,863 [54207fe5-d92c-4c2e-b058-fbae630dabef-SegmentedRaftLogWorker:Storage Directory /workdir/hadoop-ozone/integration-test/target/test-dir/MiniOzoneClusterImpl-0561fc2e-9288-4596-b687-0c9fb03504b1/datanode-2/data/ratis/d9d25285-2183-4746-bd0d-4bd21dc28529] INFO  segmented.SegmentedRaftLogWorker (SegmentedRaftLogWorker.java:close(228)) - 54207fe5-d92c-4c2e-b058-fbae630dabef-SegmentedRaftLogWorker:Storage Directory /workdir/hadoop-ozone/integration-test/target/test-dir/MiniOzoneClusterImpl-0561fc2e-9288-4596-b687-0c9fb03504b1/datanode-2/data/ratis/d9d25285-2183-4746-bd0d-4bd21dc28529 close()
2019-09-20 10:24:33,863 [9e03ffa9-cf79-407a-a150-4c035e5aec5e-SegmentedRaftLogWorker:Storage Directory /workdir/hadoop-ozone/integration-test/target/test-dir/MiniOzoneClusterImpl-0561fc2e-9288-4596-b687-0c9fb03504b1/datanode-4/data/ratis/512fd128-b72e-482f-b611-1d153a13aff8] INFO  segmented.SegmentedRaftLogWorker (SegmentedRaftLogWorker.java:close(228)) - 9e03ffa9-cf79-407a-a150-4c035e5aec5e-SegmentedRaftLogWorker:Storage Directory /workdir/hadoop-ozone/integration-test/target/test-dir/MiniOzoneClusterImpl-0561fc2e-9288-4596-b687-0c9fb03504b1/datanode-4/data/ratis/512fd128-b72e-482f-b611-1d153a13aff8 close()
2019-09-20 10:24:33,862 [19fb8383-7c99-4449-b95c-a26e71717844-SegmentedRaftLogWorker:Storage Directory /workdir/hadoop-ozone/integration-test/target/test-dir/MiniOzoneClusterImpl-0561fc2e-9288-4596-b687-0c9fb03504b1/datanode-5/data/ratis/ef95a13f-c8ff-4124-975a-1f94addf7df5] INFO  segmented.SegmentedRaftLogWorker (SegmentedRaftLogWorker.java:close(228)) - 19fb8383-7c99-4449-b95c-a26e71717844-SegmentedRaftLogWorker:Storage Directory /workdir/hadoop-ozone/integration-test/target/test-dir/MiniOzoneClusterImpl-0561fc2e-9288-4596-b687-0c9fb03504b1/datanode-5/data/ratis/ef95a13f-c8ff-4124-975a-1f94addf7df5 close()
2019-09-20 10:24:33,882 [468be06f-55e9-4831-ba6b-3db017451a79:group-576A86C1D849:LeaderElection73] INFO  impl.LeaderElection (LeaderElection.java:logAndReturn(56)) - 468be06f-55e9-4831-ba6b-3db017451a79:group-576A86C1D849:LeaderElection73: Election REJECTED; received 2 response(s) [468be06f-55e9-4831-ba6b-3db017451a79<-6491c372-a595-4104-b3e9-c4f3293baafa#0:FAIL-t1, 468be06f-55e9-4831-ba6b-3db017451a79<-9e03ffa9-cf79-407a-a150-4c035e5aec5e#0:FAIL-t1] and 0 exception(s); 468be06f-55e9-4831-ba6b-3db017451a79:t1, leader=null, voted=468be06f-55e9-4831-ba6b-3db017451a79, raftlog=468be06f-55e9-4831-ba6b-3db017451a79-SegmentedRaftLog:OPENED:c-1,f-1,i0, conf=-1: [468be06f-55e9-4831-ba6b-3db017451a79:192.168.36.99:34815, 6491c372-a595-4104-b3e9-c4f3293baafa:192.168.36.99:41491, 9e03ffa9-cf79-407a-a150-4c035e5aec5e:192.168.36.99:38182], old=null
2019-09-20 10:24:33,882 [6491c372-a595-4104-b3e9-c4f3293baafa:group-576A86C1D849:LeaderElection71] INFO  impl.LeaderElection (LeaderElection.java:logAndReturn(56)) - 6491c372-a595-4104-b3e9-c4f3293baafa:group-576A86C1D849:LeaderElection71: Election REJECTED; received 2 response(s) [6491c372-a595-4104-b3e9-c4f3293baafa<-468be06f-55e9-4831-ba6b-3db017451a79#0:FAIL-t1, 6491c372-a595-4104-b3e9-c4f3293baafa<-9e03ffa9-cf79-407a-a150-4c035e5aec5e#0:FAIL-t1] and 0 exception(s); 6491c372-a595-4104-b3e9-c4f3293baafa:t1, leader=null, voted=6491c372-a595-4104-b3e9-c4f3293baafa, raftlog=6491c372-a595-4104-b3e9-c4f3293baafa-SegmentedRaftLog:OPENED:c-1,f-1,i0, conf=-1: [468be06f-55e9-4831-ba6b-3db017451a79:192.168.36.99:34815, 6491c372-a595-4104-b3e9-c4f3293baafa:192.168.36.99:41491, 9e03ffa9-cf79-407a-a150-4c035e5aec5e:192.168.36.99:38182], old=null
2019-09-20 10:24:33,889 [9e03ffa9-cf79-407a-a150-4c035e5aec5e:group-576A86C1D849:LeaderElection72] INFO  impl.LeaderElection (LeaderElection.java:logAndReturn(56)) - 9e03ffa9-cf79-407a-a150-4c035e5aec5e:group-576A86C1D849:LeaderElection72: Election REJECTED; received 2 response(s) [9e03ffa9-cf79-407a-a150-4c035e5aec5e<-468be06f-55e9-4831-ba6b-3db017451a79#0:FAIL-t1, 9e03ffa9-cf79-407a-a150-4c035e5aec5e<-6491c372-a595-4104-b3e9-c4f3293baafa#0:FAIL-t1] and 0 exception(s); 9e03ffa9-cf79-407a-a150-4c035e5aec5e:t1, leader=null, voted=9e03ffa9-cf79-407a-a150-4c035e5aec5e, raftlog=9e03ffa9-cf79-407a-a150-4c035e5aec5e-SegmentedRaftLog:OPENED:c-1,f-1,i0, conf=-1: [468be06f-55e9-4831-ba6b-3db017451a79:192.168.36.99:34815, 6491c372-a595-4104-b3e9-c4f3293baafa:192.168.36.99:41491, 9e03ffa9-cf79-407a-a150-4c035e5aec5e:192.168.36.99:38182], old=null
2019-09-20 10:24:33,889 [6491c372-a595-4104-b3e9-c4f3293baafa:group-576A86C1D849:LeaderElection71] INFO  impl.RaftServerImpl (RaftServerImpl.java:setRole(171)) - 6491c372-a595-4104-b3e9-c4f3293baafa:group-576A86C1D849 changes role from CANDIDATE to FOLLOWER at term 1 for DISCOVERED_A_NEW_TERM
2019-09-20 10:24:33,889 [468be06f-55e9-4831-ba6b-3db017451a79:group-576A86C1D849:LeaderElection73] INFO  impl.RaftServerImpl (RaftServerImpl.java:setRole(171)) - 468be06f-55e9-4831-ba6b-3db017451a79:group-576A86C1D849 changes role from CANDIDATE to FOLLOWER at term 1 for DISCOVERED_A_NEW_TERM
2019-09-20 10:24:33,890 [9e03ffa9-cf79-407a-a150-4c035e5aec5e:group-576A86C1D849:LeaderElection72] INFO  impl.RaftServerImpl (RaftServerImpl.java:setRole(171)) - 9e03ffa9-cf79-407a-a150-4c035e5aec5e:group-576A86C1D849 changes role from CANDIDATE to FOLLOWER at term 1 for DISCOVERED_A_NEW_TERM
2019-09-20 10:24:33,890 [6491c372-a595-4104-b3e9-c4f3293baafa:group-576A86C1D849:LeaderElection71] INFO  impl.RoleInfo (RoleInfo.java:shutdownLeaderElection(134)) - 6491c372-a595-4104-b3e9-c4f3293baafa: shutdown LeaderElection
2019-09-20 10:24:33,890 [9e03ffa9-cf79-407a-a150-4c035e5aec5e:group-576A86C1D849:LeaderElection72] INFO  impl.RoleInfo (RoleInfo.java:shutdownLeaderElection(134)) - 9e03ffa9-cf79-407a-a150-4c035e5aec5e: shutdown LeaderElection
2019-09-20 10:24:33,890 [468be06f-55e9-4831-ba6b-3db017451a79:group-576A86C1D849:LeaderElection73] INFO  impl.RoleInfo (RoleInfo.java:shutdownLeaderElection(134)) - 468be06f-55e9-4831-ba6b-3db017451a79: shutdown LeaderElection
2019-09-20 10:24:33,890 [9e03ffa9-cf79-407a-a150-4c035e5aec5e:group-576A86C1D849:LeaderElection72] INFO  impl.RoleInfo (RoleInfo.java:updateAndGet(143)) - 9e03ffa9-cf79-407a-a150-4c035e5aec5e: start FollowerState
2019-09-20 10:24:33,890 [6491c372-a595-4104-b3e9-c4f3293baafa:group-576A86C1D849:LeaderElection71] INFO  impl.RoleInfo (RoleInfo.java:updateAndGet(143)) - 6491c372-a595-4104-b3e9-c4f3293baafa: start FollowerState
2019-09-20 10:24:33,890 [468be06f-55e9-4831-ba6b-3db017451a79:group-576A86C1D849:LeaderElection73] INFO  impl.RoleInfo (RoleInfo.java:updateAndGet(143)) - 468be06f-55e9-4831-ba6b-3db017451a79: start FollowerState
2019-09-20 10:24:33,934 [grpc-default-executor-4] INFO  client.GrpcClientProtocolClient (GrpcClientProtocolClient.java:onNext(255)) - client-21807ED29EC2->468be06f-55e9-4831-ba6b-3db017451a79: receive RaftClientReply:client-21807ED29EC2->468be06f-55e9-4831-ba6b-3db017451a79@group-576A86C1D849, cid=84, FAILED org.apache.ratis.protocol.NotLeaderException: Server 468be06f-55e9-4831-ba6b-3db017451a79 is not the leader (null). Request must be sent to leader., logIndex=0, commits[468be06f-55e9-4831-ba6b-3db017451a79:c-1]
2019-09-20 10:24:34,066 [9e03ffa9-cf79-407a-a150-4c035e5aec5e-SegmentedRaftLogWorker:Storage Directory /workdir/hadoop-ozone/integration-test/target/test-dir/MiniOzoneClusterImpl-0561fc2e-9288-4596-b687-0c9fb03504b1/datanode-4/data/ratis/f82f49ed-0679-4f5d-9b0c-ed70e8eb2e1a] ERROR segmented.SegmentedRaftLogWorker (SegmentedRaftLogWorker.java:run(323)) - 9e03ffa9-cf79-407a-a150-4c035e5aec5e-SegmentedRaftLogWorker:Storage Directory /workdir/hadoop-ozone/integration-test/target/test-dir/MiniOzoneClusterImpl-0561fc2e-9288-4596-b687-0c9fb03504b1/datanode-4/data/ratis/f82f49ed-0679-4f5d-9b0c-ed70e8eb2e1a hit exception
java.lang.OutOfMemoryError: Direct buffer memory
	at java.nio.Bits.reserveMemory(Bits.java:666)
	at java.nio.DirectByteBuffer.<init>(DirectByteBuffer.java:123)
	at java.nio.ByteBuffer.allocateDirect(ByteBuffer.java:311)
	at org.apache.ratis.server.raftlog.segmented.BufferedWriteChannel.<init>(BufferedWriteChannel.java:41)
	at org.apache.ratis.server.raftlog.segmented.SegmentedRaftLogOutputStream.<init>(SegmentedRaftLogOutputStream.java:72)
	at org.apache.ratis.server.raftlog.segmented.SegmentedRaftLogWorker$StartLogSegment.execute(SegmentedRaftLogWorker.java:566)
	at org.apache.ratis.server.raftlog.segmented.SegmentedRaftLogWorker.run(SegmentedRaftLogWorker.java:289)
	at java.lang.Thread.run(Thread.java:748)
2019-09-20 10:24:34,066 [9e03ffa9-cf79-407a-a150-4c035e5aec5e-SegmentedRaftLogWorker:Storage Directory /workdir/hadoop-ozone/integration-test/target/test-dir/MiniOzoneClusterImpl-0561fc2e-9288-4596-b687-0c9fb03504b1/datanode-4/data/ratis/bd8055ec-d68d-4dc8-9787-010966951b22] ERROR segmented.SegmentedRaftLogWorker (SegmentedRaftLogWorker.java:run(323)) - 9e03ffa9-cf79-407a-a150-4c035e5aec5e-SegmentedRaftLogWorker:Storage Directory /workdir/hadoop-ozone/integration-test/target/test-dir/MiniOzoneClusterImpl-0561fc2e-9288-4596-b687-0c9fb03504b1/datanode-4/data/ratis/bd8055ec-d68d-4dc8-9787-010966951b22 hit exception
java.lang.OutOfMemoryError: Direct buffer memory
	at java.nio.Bits.reserveMemory(Bits.java:666)
	at java.nio.DirectByteBuffer.<init>(DirectByteBuffer.java:123)
	at java.nio.ByteBuffer.allocateDirect(ByteBuffer.java:311)
	at org.apache.ratis.server.raftlog.segmented.BufferedWriteChannel.<init>(BufferedWriteChannel.java:41)
	at org.apache.ratis.server.raftlog.segmented.SegmentedRaftLogOutputStream.<init>(SegmentedRaftLogOutputStream.java:72)
	at org.apache.ratis.server.raftlog.segmented.SegmentedRaftLogWorker$StartLogSegment.execute(SegmentedRaftLogWorker.java:566)
	at org.apache.ratis.server.raftlog.segmented.SegmentedRaftLogWorker.run(SegmentedRaftLogWorker.java:289)
	at java.lang.Thread.run(Thread.java:748)
2019-09-20 10:24:34,067 [9e03ffa9-cf79-407a-a150-4c035e5aec5e-SegmentedRaftLogWorker:Storage Directory /workdir/hadoop-ozone/integration-test/target/test-dir/MiniOzoneClusterImpl-0561fc2e-9288-4596-b687-0c9fb03504b1/datanode-4/data/ratis/bd8055ec-d68d-4dc8-9787-010966951b22] INFO  impl.RaftServerImpl (RaftServerImpl.java:lambda$shutdown$3(245)) - 9e03ffa9-cf79-407a-a150-4c035e5aec5e: shutdown group-010966951B22
2019-09-20 10:24:34,066 [6491c372-a595-4104-b3e9-c4f3293baafa-SegmentedRaftLogWorker:Storage Directory /workdir/hadoop-ozone/integration-test/target/test-dir/MiniOzoneClusterImpl-0561fc2e-9288-4596-b687-0c9fb03504b1/datanode-3/data/ratis/ae352846-b0e7-4623-8315-cc264dcbb11e] ERROR segmented.SegmentedRaftLogWorker (SegmentedRaftLogWorker.java:run(323)) - 6491c372-a595-4104-b3e9-c4f3293baafa-SegmentedRaftLogWorker:Storage Directory /workdir/hadoop-ozone/integration-test/target/test-dir/MiniOzoneClusterImpl-0561fc2e-9288-4596-b687-0c9fb03504b1/datanode-3/data/ratis/ae352846-b0e7-4623-8315-cc264dcbb11e hit exception
java.lang.OutOfMemoryError: Direct buffer memory
	at java.nio.Bits.reserveMemory(Bits.java:666)
	at java.nio.DirectByteBuffer.<init>(DirectByteBuffer.java:123)
	at java.nio.ByteBuffer.allocateDirect(ByteBuffer.java:311)
	at org.apache.ratis.server.raftlog.segmented.BufferedWriteChannel.<init>(BufferedWriteChannel.java:41)
	at org.apache.ratis.server.raftlog.segmented.SegmentedRaftLogOutputStream.<init>(SegmentedRaftLogOutputStream.java:72)
	at org.apache.ratis.server.raftlog.segmented.SegmentedRaftLogWorker$StartLogSegment.execute(SegmentedRaftLogWorker.java:566)
	at org.apache.ratis.server.raftlog.segmented.SegmentedRaftLogWorker.run(SegmentedRaftLogWorker.java:289)
	at java.lang.Thread.run(Thread.java:748)
2019-09-20 10:24:34,066 [6491c372-a595-4104-b3e9-c4f3293baafa-SegmentedRaftLogWorker:Storage Directory /workdir/hadoop-ozone/integration-test/target/test-dir/MiniOzoneClusterImpl-0561fc2e-9288-4596-b687-0c9fb03504b1/datanode-3/data/ratis/107dea7f-d687-417a-9df3-5e41f07ebea8] ERROR segmented.SegmentedRaftLogWorker (SegmentedRaftLogWorker.java:run(323)) - 6491c372-a595-4104-b3e9-c4f3293baafa-SegmentedRaftLogWorker:Storage Directory /workdir/hadoop-ozone/integration-test/target/test-dir/MiniOzoneClusterImpl-0561fc2e-9288-4596-b687-0c9fb03504b1/datanode-3/data/ratis/107dea7f-d687-417a-9df3-5e41f07ebea8 hit exception
java.lang.OutOfMemoryError: Direct buffer memory
	at java.nio.Bits.reserveMemory(Bits.java:666)
	at java.nio.DirectByteBuffer.<init>(DirectByteBuffer.java:123)
	at java.nio.ByteBuffer.allocateDirect(ByteBuffer.java:311)
	at org.apache.ratis.server.raftlog.segmented.BufferedWriteChannel.<init>(BufferedWriteChannel.java:41)
	at org.apache.ratis.server.raftlog.segmented.SegmentedRaftLogOutputStream.<init>(SegmentedRaftLogOutputStream.java:72)
	at org.apache.ratis.server.raftlog.segmented.SegmentedRaftLogWorker$StartLogSegment.execute(SegmentedRaftLogWorker.java:566)
	at org.apache.ratis.server.raftlog.segmented.SegmentedRaftLogWorker.run(SegmentedRaftLogWorker.java:289)
	at java.lang.Thread.run(Thread.java:748)
2019-09-20 10:24:34,067 [6491c372-a595-4104-b3e9-c4f3293baafa-SegmentedRaftLogWorker:Storage Directory /workdir/hadoop-ozone/integration-test/target/test-dir/MiniOzoneClusterImpl-0561fc2e-9288-4596-b687-0c9fb03504b1/datanode-3/data/ratis/ae352846-b0e7-4623-8315-cc264dcbb11e] INFO  impl.RaftServerImpl (RaftServerImpl.java:lambda$shutdown$3(245)) - 6491c372-a595-4104-b3e9-c4f3293baafa: shutdown group-CC264DCBB11E
2019-09-20 10:24:34,067 [9e03ffa9-cf79-407a-a150-4c035e5aec5e-SegmentedRaftLogWorker:Storage Directory /workdir/hadoop-ozone/integration-test/target/test-dir/MiniOzoneClusterImpl-0561fc2e-9288-4596-b687-0c9fb03504b1/datanode-4/data/ratis/bd8055ec-d68d-4dc8-9787-010966951b22] INFO  util.JmxRegister (JmxRegister.java:unregister(73)) - Successfully un-registered JMX Bean with object name Ratis:service=RaftServer,group=group-010966951B22,id=9e03ffa9-cf79-407a-a150-4c035e5aec5e
2019-09-20 10:24:34,066 [9e03ffa9-cf79-407a-a150-4c035e5aec5e-SegmentedRaftLogWorker:Storage Directory /workdir/hadoop-ozone/integration-test/target/test-dir/MiniOzoneClusterImpl-0561fc2e-9288-4596-b687-0c9fb03504b1/datanode-4/data/ratis/f82f49ed-0679-4f5d-9b0c-ed70e8eb2e1a] INFO  impl.RaftServerImpl (RaftServerImpl.java:lambda$shutdown$3(245)) - 9e03ffa9-cf79-407a-a150-4c035e5aec5e: shutdown group-ED70E8EB2E1A
2019-09-20 10:24:34,068 [9e03ffa9-cf79-407a-a150-4c035e5aec5e-SegmentedRaftLogWorker:Storage Directory /workdir/hadoop-ozone/integration-test/target/test-dir/MiniOzoneClusterImpl-0561fc2e-9288-4596-b687-0c9fb03504b1/datanode-4/data/ratis/bd8055ec-d68d-4dc8-9787-010966951b22] INFO  impl.RoleInfo (RoleInfo.java:shutdownLeaderState(104)) - 9e03ffa9-cf79-407a-a150-4c035e5aec5e: shutdown LeaderState
2019-09-20 10:24:34,068 [6491c372-a595-4104-b3e9-c4f3293baafa-SegmentedRaftLogWorker:Storage Directory /workdir/hadoop-ozone/integration-test/target/test-dir/MiniOzoneClusterImpl-0561fc2e-9288-4596-b687-0c9fb03504b1/datanode-3/data/ratis/ae352846-b0e7-4623-8315-cc264dcbb11e] INFO  util.JmxRegister (JmxRegister.java:unregister(73)) - Successfully un-registered JMX Bean with object name Ratis:service=RaftServer,group=group-CC264DCBB11E,id=6491c372-a595-4104-b3e9-c4f3293baafa
2019-09-20 10:24:34,068 [6491c372-a595-4104-b3e9-c4f3293baafa-SegmentedRaftLogWorker:Storage Directory /workdir/hadoop-ozone/integration-test/target/test-dir/MiniOzoneClusterImpl-0561fc2e-9288-4596-b687-0c9fb03504b1/datanode-3/data/ratis/107dea7f-d687-417a-9df3-5e41f07ebea8] INFO  impl.RaftServerImpl (RaftServerImpl.java:lambda$shutdown$3(245)) - 6491c372-a595-4104-b3e9-c4f3293baafa: shutdown group-5E41F07EBEA8
2019-09-20 10:24:34,068 [6491c372-a595-4104-b3e9-c4f3293baafa-SegmentedRaftLogWorker:Storage Directory /workdir/hadoop-ozone/integration-test/target/test-dir/MiniOzoneClusterImpl-0561fc2e-9288-4596-b687-0c9fb03504b1/datanode-3/data/ratis/ae352846-b0e7-4623-8315-cc264dcbb11e] INFO  impl.RoleInfo (RoleInfo.java:shutdownLeaderState(104)) - 6491c372-a595-4104-b3e9-c4f3293baafa: shutdown LeaderState
2019-09-20 10:24:34,068 [9e03ffa9-cf79-407a-a150-4c035e5aec5e-SegmentedRaftLogWorker:Storage Directory /workdir/hadoop-ozone/integration-test/target/test-dir/MiniOzoneClusterImpl-0561fc2e-9288-4596-b687-0c9fb03504b1/datanode-4/data/ratis/bd8055ec-d68d-4dc8-9787-010966951b22] INFO  impl.PendingRequests (PendingRequests.java:sendNotLeaderResponses(202)) - 9e03ffa9-cf79-407a-a150-4c035e5aec5e-PendingRequests: sendNotLeaderResponses
2019-09-20 10:24:34,068 [9e03ffa9-cf79-407a-a150-4c035e5aec5e-SegmentedRaftLogWorker:Storage Directory /workdir/hadoop-ozone/integration-test/target/test-dir/MiniOzoneClusterImpl-0561fc2e-9288-4596-b687-0c9fb03504b1/datanode-4/data/ratis/f82f49ed-0679-4f5d-9b0c-ed70e8eb2e1a] INFO  util.JmxRegister (JmxRegister.java:unregister(73)) - Successfully un-registered JMX Bean with object name Ratis:service=RaftServer,group=group-ED70E8EB2E1A,id=9e03ffa9-cf79-407a-a150-4c035e5aec5e
2019-09-20 10:24:34,069 [6491c372-a595-4104-b3e9-c4f3293baafa-SegmentedRaftLogWorker:Storage Directory /workdir/hadoop-ozone/integration-test/target/test-dir/MiniOzoneClusterImpl-0561fc2e-9288-4596-b687-0c9fb03504b1/datanode-3/data/ratis/ae352846-b0e7-4623-8315-cc264dcbb11e] INFO  impl.PendingRequests (PendingRequests.java:sendNotLeaderResponses(202)) - 6491c372-a595-4104-b3e9-c4f3293baafa-PendingRequests: sendNotLeaderResponses
2019-09-20 10:24:34,069 [6491c372-a595-4104-b3e9-c4f3293baafa-SegmentedRaftLogWorker:Storage Directory /workdir/hadoop-ozone/integration-test/target/test-dir/MiniOzoneClusterImpl-0561fc2e-9288-4596-b687-0c9fb03504b1/datanode-3/data/ratis/107dea7f-d687-417a-9df3-5e41f07ebea8] INFO  util.JmxRegister (JmxRegister.java:unregister(73)) - Successfully un-registered JMX Bean with object name Ratis:service=RaftServer,group=group-5E41F07EBEA8,id=6491c372-a595-4104-b3e9-c4f3293baafa
2019-09-20 10:24:34,069 [6491c372-a595-4104-b3e9-c4f3293baafa-SegmentedRaftLogWorker:Storage Directory /workdir/hadoop-ozone/integration-test/target/test-dir/MiniOzoneClusterImpl-0561fc2e-9288-4596-b687-0c9fb03504b1/datanode-3/data/ratis/ae352846-b0e7-4623-8315-cc264dcbb11e] INFO  impl.StateMachineUpdater (StateMachineUpdater.java:stopAndJoin(115)) - StateMachineUpdater:6491c372-a595-4104-b3e9-c4f3293baafa:group-CC264DCBB11E: set stopIndex = -1
2019-09-20 10:24:34,069 [9e03ffa9-cf79-407a-a150-4c035e5aec5e-SegmentedRaftLogWorker:Storage Directory /workdir/hadoop-ozone/integration-test/target/test-dir/MiniOzoneClusterImpl-0561fc2e-9288-4596-b687-0c9fb03504b1/datanode-4/data/ratis/bd8055ec-d68d-4dc8-9787-010966951b22] INFO  impl.StateMachineUpdater (StateMachineUpdater.java:stopAndJoin(115)) - StateMachineUpdater:9e03ffa9-cf79-407a-a150-4c035e5aec5e:group-010966951B22: set stopIndex = -1
2019-09-20 10:24:34,069 [9e03ffa9-cf79-407a-a150-4c035e5aec5e-SegmentedRaftLogWorker:Storage Directory /workdir/hadoop-ozone/integration-test/target/test-dir/MiniOzoneClusterImpl-0561fc2e-9288-4596-b687-0c9fb03504b1/datanode-4/data/ratis/f82f49ed-0679-4f5d-9b0c-ed70e8eb2e1a] INFO  impl.RoleInfo (RoleInfo.java:shutdownLeaderState(104)) - 9e03ffa9-cf79-407a-a150-4c035e5aec5e: shutdown LeaderState
2019-09-20 10:24:34,070 [9e03ffa9-cf79-407a-a150-4c035e5aec5e-SegmentedRaftLogWorker:Storage Directory /workdir/hadoop-ozone/integration-test/target/test-dir/MiniOzoneClusterImpl-0561fc2e-9288-4596-b687-0c9fb03504b1/datanode-4/data/ratis/bd8055ec-d68d-4dc8-9787-010966951b22] INFO  impl.RaftServerImpl (ServerState.java:close(394)) - 9e03ffa9-cf79-407a-a150-4c035e5aec5e:group-010966951B22 closes. The last applied log index is -1
2019-09-20 10:24:34,069 [6491c372-a595-4104-b3e9-c4f3293baafa-SegmentedRaftLogWorker:Storage Directory /workdir/hadoop-ozone/integration-test/target/test-dir/MiniOzoneClusterImpl-0561fc2e-9288-4596-b687-0c9fb03504b1/datanode-3/data/ratis/ae352846-b0e7-4623-8315-cc264dcbb11e] INFO  impl.RaftServerImpl (ServerState.java:close(394)) - 6491c372-a595-4104-b3e9-c4f3293baafa:group-CC264DCBB11E closes. The last applied log index is -1
2019-09-20 10:24:34,069 [6491c372-a595-4104-b3e9-c4f3293baafa-SegmentedRaftLogWorker:Storage Directory /workdir/hadoop-ozone/integration-test/target/test-dir/MiniOzoneClusterImpl-0561fc2e-9288-4596-b687-0c9fb03504b1/datanode-3/data/ratis/107dea7f-d687-417a-9df3-5e41f07ebea8] INFO  impl.RoleInfo (RoleInfo.java:shutdownLeaderState(104)) - 6491c372-a595-4104-b3e9-c4f3293baafa: shutdown LeaderState
2019-09-20 10:24:34,070 [6491c372-a595-4104-b3e9-c4f3293baafa-SegmentedRaftLogWorker:Storage Directory /workdir/hadoop-ozone/integration-test/target/test-dir/MiniOzoneClusterImpl-0561fc2e-9288-4596-b687-0c9fb03504b1/datanode-3/data/ratis/ae352846-b0e7-4623-8315-cc264dcbb11e] INFO  segmented.SegmentedRaftLogWorker (SegmentedRaftLogWorker.java:close(228)) - 6491c372-a595-4104-b3e9-c4f3293baafa-SegmentedRaftLogWorker:Storage Directory /workdir/hadoop-ozone/integration-test/target/test-dir/MiniOzoneClusterImpl-0561fc2e-9288-4596-b687-0c9fb03504b1/datanode-3/data/ratis/ae352846-b0e7-4623-8315-cc264dcbb11e close()
2019-09-20 10:24:34,070 [9e03ffa9-cf79-407a-a150-4c035e5aec5e-SegmentedRaftLogWorker:Storage Directory /workdir/hadoop-ozone/integration-test/target/test-dir/MiniOzoneClusterImpl-0561fc2e-9288-4596-b687-0c9fb03504b1/datanode-4/data/ratis/bd8055ec-d68d-4dc8-9787-010966951b22] INFO  segmented.SegmentedRaftLogWorker (SegmentedRaftLogWorker.java:close(228)) - 9e03ffa9-cf79-407a-a150-4c035e5aec5e-SegmentedRaftLogWorker:Storage Directory /workdir/hadoop-ozone/integration-test/target/test-dir/MiniOzoneClusterImpl-0561fc2e-9288-4596-b687-0c9fb03504b1/datanode-4/data/ratis/bd8055ec-d68d-4dc8-9787-010966951b22 close()
2019-09-20 10:24:34,070 [9e03ffa9-cf79-407a-a150-4c035e5aec5e-SegmentedRaftLogWorker:Storage Directory /workdir/hadoop-ozone/integration-test/target/test-dir/MiniOzoneClusterImpl-0561fc2e-9288-4596-b687-0c9fb03504b1/datanode-4/data/ratis/f82f49ed-0679-4f5d-9b0c-ed70e8eb2e1a] INFO  impl.PendingRequests (PendingRequests.java:sendNotLeaderResponses(202)) - 9e03ffa9-cf79-407a-a150-4c035e5aec5e-PendingRequests: sendNotLeaderResponses
2019-09-20 10:24:34,070 [6491c372-a595-4104-b3e9-c4f3293baafa-SegmentedRaftLogWorker:Storage Directory /workdir/hadoop-ozone/integration-test/target/test-dir/MiniOzoneClusterImpl-0561fc2e-9288-4596-b687-0c9fb03504b1/datanode-3/data/ratis/107dea7f-d687-417a-9df3-5e41f07ebea8] INFO  impl.PendingRequests (PendingRequests.java:sendNotLeaderResponses(202)) - 6491c372-a595-4104-b3e9-c4f3293baafa-PendingRequests: sendNotLeaderResponses
2019-09-20 10:24:34,089 [9e03ffa9-cf79-407a-a150-4c035e5aec5e-SegmentedRaftLogWorker:Storage Directory /workdir/hadoop-ozone/integration-test/target/test-dir/MiniOzoneClusterImpl-0561fc2e-9288-4596-b687-0c9fb03504b1/datanode-4/data/ratis/f82f49ed-0679-4f5d-9b0c-ed70e8eb2e1a] INFO  impl.StateMachineUpdater (StateMachineUpdater.java:stopAndJoin(115)) - StateMachineUpdater:9e03ffa9-cf79-407a-a150-4c035e5aec5e:group-ED70E8EB2E1A: set stopIndex = -1
2019-09-20 10:24:34,089 [6491c372-a595-4104-b3e9-c4f3293baafa-SegmentedRaftLogWorker:Storage Directory /workdir/hadoop-ozone/integration-test/target/test-dir/MiniOzoneClusterImpl-0561fc2e-9288-4596-b687-0c9fb03504b1/datanode-3/data/ratis/107dea7f-d687-417a-9df3-5e41f07ebea8] INFO  impl.StateMachineUpdater (StateMachineUpdater.java:stopAndJoin(115)) - StateMachineUpdater:6491c372-a595-4104-b3e9-c4f3293baafa:group-5E41F07EBEA8: set stopIndex = -1
2019-09-20 10:24:34,089 [9e03ffa9-cf79-407a-a150-4c035e5aec5e-SegmentedRaftLogWorker:Storage Directory /workdir/hadoop-ozone/integration-test/target/test-dir/MiniOzoneClusterImpl-0561fc2e-9288-4596-b687-0c9fb03504b1/datanode-4/data/ratis/f82f49ed-0679-4f5d-9b0c-ed70e8eb2e1a] INFO  impl.RaftServerImpl (ServerState.java:close(394)) - 9e03ffa9-cf79-407a-a150-4c035e5aec5e:group-ED70E8EB2E1A closes. The last applied log index is -1
2019-09-20 10:24:34,089 [6491c372-a595-4104-b3e9-c4f3293baafa-SegmentedRaftLogWorker:Storage Directory /workdir/hadoop-ozone/integration-test/target/test-dir/MiniOzoneClusterImpl-0561fc2e-9288-4596-b687-0c9fb03504b1/datanode-3/data/ratis/107dea7f-d687-417a-9df3-5e41f07ebea8] INFO  impl.RaftServerImpl (ServerState.java:close(394)) - 6491c372-a595-4104-b3e9-c4f3293baafa:group-5E41F07EBEA8 closes. The last applied log index is -1
2019-09-20 10:24:34,090 [9e03ffa9-cf79-407a-a150-4c035e5aec5e-SegmentedRaftLogWorker:Storage Directory /workdir/hadoop-ozone/integration-test/target/test-dir/MiniOzoneClusterImpl-0561fc2e-9288-4596-b687-0c9fb03504b1/datanode-4/data/ratis/f82f49ed-0679-4f5d-9b0c-ed70e8eb2e1a] INFO  segmented.SegmentedRaftLogWorker (SegmentedRaftLogWorker.java:close(228)) - 9e03ffa9-cf79-407a-a150-4c035e5aec5e-SegmentedRaftLogWorker:Storage Directory /workdir/hadoop-ozone/integration-test/target/test-dir/MiniOzoneClusterImpl-0561fc2e-9288-4596-b687-0c9fb03504b1/datanode-4/data/ratis/f82f49ed-0679-4f5d-9b0c-ed70e8eb2e1a close()
2019-09-20 10:24:34,090 [6491c372-a595-4104-b3e9-c4f3293baafa-SegmentedRaftLogWorker:Storage Directory /workdir/hadoop-ozone/integration-test/target/test-dir/MiniOzoneClusterImpl-0561fc2e-9288-4596-b687-0c9fb03504b1/datanode-3/data/ratis/107dea7f-d687-417a-9df3-5e41f07ebea8] INFO  segmented.SegmentedRaftLogWorker (SegmentedRaftLogWorker.java:close(228)) - 6491c372-a595-4104-b3e9-c4f3293baafa-SegmentedRaftLogWorker:Storage Directory /workdir/hadoop-ozone/integration-test/target/test-dir/MiniOzoneClusterImpl-0561fc2e-9288-4596-b687-0c9fb03504b1/datanode-3/data/ratis/107dea7f-d687-417a-9df3-5e41f07ebea8 close()
2019-09-20 10:24:34,196 [19fb8383-7c99-4449-b95c-a26e71717844-SegmentedRaftLogWorker:Storage Directory /workdir/hadoop-ozone/integration-test/target/test-dir/MiniOzoneClusterImpl-0561fc2e-9288-4596-b687-0c9fb03504b1/datanode-5/data/ratis/75477411-9667-45b6-ac20-124b3a00b84c] ERROR segmented.SegmentedRaftLogWorker (SegmentedRaftLogWorker.java:run(323)) - 19fb8383-7c99-4449-b95c-a26e71717844-SegmentedRaftLogWorker:Storage Directory /workdir/hadoop-ozone/integration-test/target/test-dir/MiniOzoneClusterImpl-0561fc2e-9288-4596-b687-0c9fb03504b1/datanode-5/data/ratis/75477411-9667-45b6-ac20-124b3a00b84c hit exception
java.lang.OutOfMemoryError: Direct buffer memory
	at java.nio.Bits.reserveMemory(Bits.java:666)
	at java.nio.DirectByteBuffer.<init>(DirectByteBuffer.java:123)
	at java.nio.ByteBuffer.allocateDirect(ByteBuffer.java:311)
	at org.apache.ratis.server.raftlog.segmented.BufferedWriteChannel.<init>(BufferedWriteChannel.java:41)
	at org.apache.ratis.server.raftlog.segmented.SegmentedRaftLogOutputStream.<init>(SegmentedRaftLogOutputStream.java:72)
	at org.apache.ratis.server.raftlog.segmented.SegmentedRaftLogWorker$StartLogSegment.execute(SegmentedRaftLogWorker.java:566)
	at org.apache.ratis.server.raftlog.segmented.SegmentedRaftLogWorker.run(SegmentedRaftLogWorker.java:289)
	at java.lang.Thread.run(Thread.java:748)
2019-09-20 10:24:34,196 [9e03ffa9-cf79-407a-a150-4c035e5aec5e-SegmentedRaftLogWorker:Storage Directory /workdir/hadoop-ozone/integration-test/target/test-dir/MiniOzoneClusterImpl-0561fc2e-9288-4596-b687-0c9fb03504b1/datanode-4/data/ratis/43fc272d-dda1-4eea-b4d9-8dfb81eba44d] ERROR segmented.SegmentedRaftLogWorker (SegmentedRaftLogWorker.java:run(323)) - 9e03ffa9-cf79-407a-a150-4c035e5aec5e-SegmentedRaftLogWorker:Storage Directory /workdir/hadoop-ozone/integration-test/target/test-dir/MiniOzoneClusterImpl-0561fc2e-9288-4596-b687-0c9fb03504b1/datanode-4/data/ratis/43fc272d-dda1-4eea-b4d9-8dfb81eba44d hit exception
java.lang.OutOfMemoryError: Direct buffer memory
	at java.nio.Bits.reserveMemory(Bits.java:666)
	at java.nio.DirectByteBuffer.<init>(DirectByteBuffer.java:123)
	at java.nio.ByteBuffer.allocateDirect(ByteBuffer.java:311)
	at org.apache.ratis.server.raftlog.segmented.BufferedWriteChannel.<init>(BufferedWriteChannel.java:41)
	at org.apache.ratis.server.raftlog.segmented.SegmentedRaftLogOutputStream.<init>(SegmentedRaftLogOutputStream.java:72)
	at org.apache.ratis.server.raftlog.segmented.SegmentedRaftLogWorker$StartLogSegment.execute(SegmentedRaftLogWorker.java:566)
	at org.apache.ratis.server.raftlog.segmented.SegmentedRaftLogWorker.run(SegmentedRaftLogWorker.java:289)
	at java.lang.Thread.run(Thread.java:748)
2019-09-20 10:24:34,196 [19fb8383-7c99-4449-b95c-a26e71717844-SegmentedRaftLogWorker:Storage Directory /workdir/hadoop-ozone/integration-test/target/test-dir/MiniOzoneClusterImpl-0561fc2e-9288-4596-b687-0c9fb03504b1/datanode-5/data/ratis/75477411-9667-45b6-ac20-124b3a00b84c] INFO  impl.RaftServerImpl (RaftServerImpl.java:lambda$shutdown$3(245)) - 19fb8383-7c99-4449-b95c-a26e71717844: shutdown group-124B3A00B84C
2019-09-20 10:24:34,196 [9e03ffa9-cf79-407a-a150-4c035e5aec5e-SegmentedRaftLogWorker:Storage Directory /workdir/hadoop-ozone/integration-test/target/test-dir/MiniOzoneClusterImpl-0561fc2e-9288-4596-b687-0c9fb03504b1/datanode-4/data/ratis/43fc272d-dda1-4eea-b4d9-8dfb81eba44d] INFO  impl.RaftServerImpl (RaftServerImpl.java:lambda$shutdown$3(245)) - 9e03ffa9-cf79-407a-a150-4c035e5aec5e: shutdown group-8DFB81EBA44D
2019-09-20 10:24:34,197 [19fb8383-7c99-4449-b95c-a26e71717844-SegmentedRaftLogWorker:Storage Directory /workdir/hadoop-ozone/integration-test/target/test-dir/MiniOzoneClusterImpl-0561fc2e-9288-4596-b687-0c9fb03504b1/datanode-5/data/ratis/75477411-9667-45b6-ac20-124b3a00b84c] INFO  util.JmxRegister (JmxRegister.java:unregister(73)) - Successfully un-registered JMX Bean with object name Ratis:service=RaftServer,group=group-124B3A00B84C,id=19fb8383-7c99-4449-b95c-a26e71717844
2019-09-20 10:24:34,197 [9e03ffa9-cf79-407a-a150-4c035e5aec5e-SegmentedRaftLogWorker:Storage Directory /workdir/hadoop-ozone/integration-test/target/test-dir/MiniOzoneClusterImpl-0561fc2e-9288-4596-b687-0c9fb03504b1/datanode-4/data/ratis/43fc272d-dda1-4eea-b4d9-8dfb81eba44d] INFO  util.JmxRegister (JmxRegister.java:unregister(73)) - Successfully un-registered JMX Bean with object name Ratis:service=RaftServer,group=group-8DFB81EBA44D,id=9e03ffa9-cf79-407a-a150-4c035e5aec5e
2019-09-20 10:24:34,197 [19fb8383-7c99-4449-b95c-a26e71717844-SegmentedRaftLogWorker:Storage Directory /workdir/hadoop-ozone/integration-test/target/test-dir/MiniOzoneClusterImpl-0561fc2e-9288-4596-b687-0c9fb03504b1/datanode-5/data/ratis/75477411-9667-45b6-ac20-124b3a00b84c] INFO  impl.RoleInfo (RoleInfo.java:shutdownLeaderState(104)) - 19fb8383-7c99-4449-b95c-a26e71717844: shutdown LeaderState
2019-09-20 10:24:34,197 [9e03ffa9-cf79-407a-a150-4c035e5aec5e-SegmentedRaftLogWorker:Storage Directory /workdir/hadoop-ozone/integration-test/target/test-dir/MiniOzoneClusterImpl-0561fc2e-9288-4596-b687-0c9fb03504b1/datanode-4/data/ratis/43fc272d-dda1-4eea-b4d9-8dfb81eba44d] INFO  impl.RoleInfo (RoleInfo.java:shutdownLeaderState(104)) - 9e03ffa9-cf79-407a-a150-4c035e5aec5e: shutdown LeaderState
2019-09-20 10:24:34,197 [19fb8383-7c99-4449-b95c-a26e71717844-SegmentedRaftLogWorker:Storage Directory /workdir/hadoop-ozone/integration-test/target/test-dir/MiniOzoneClusterImpl-0561fc2e-9288-4596-b687-0c9fb03504b1/datanode-5/data/ratis/75477411-9667-45b6-ac20-124b3a00b84c] INFO  impl.PendingRequests (PendingRequests.java:sendNotLeaderResponses(202)) - 19fb8383-7c99-4449-b95c-a26e71717844-PendingRequests: sendNotLeaderResponses
2019-09-20 10:24:34,197 [9e03ffa9-cf79-407a-a150-4c035e5aec5e-SegmentedRaftLogWorker:Storage Directory /workdir/hadoop-ozone/integration-test/target/test-dir/MiniOzoneClusterImpl-0561fc2e-9288-4596-b687-0c9fb03504b1/datanode-4/data/ratis/43fc272d-dda1-4eea-b4d9-8dfb81eba44d] INFO  impl.PendingRequests (PendingRequests.java:sendNotLeaderResponses(202)) - 9e03ffa9-cf79-407a-a150-4c035e5aec5e-PendingRequests: sendNotLeaderResponses
2019-09-20 10:24:34,198 [19fb8383-7c99-4449-b95c-a26e71717844-SegmentedRaftLogWorker:Storage Directory /workdir/hadoop-ozone/integration-test/target/test-dir/MiniOzoneClusterImpl-0561fc2e-9288-4596-b687-0c9fb03504b1/datanode-5/data/ratis/75477411-9667-45b6-ac20-124b3a00b84c] INFO  impl.StateMachineUpdater (StateMachineUpdater.java:stopAndJoin(115)) - StateMachineUpdater:19fb8383-7c99-4449-b95c-a26e71717844:group-124B3A00B84C: set stopIndex = -1
2019-09-20 10:24:34,198 [9e03ffa9-cf79-407a-a150-4c035e5aec5e-SegmentedRaftLogWorker:Storage Directory /workdir/hadoop-ozone/integration-test/target/test-dir/MiniOzoneClusterImpl-0561fc2e-9288-4596-b687-0c9fb03504b1/datanode-4/data/ratis/43fc272d-dda1-4eea-b4d9-8dfb81eba44d] INFO  impl.StateMachineUpdater (StateMachineUpdater.java:stopAndJoin(115)) - StateMachineUpdater:9e03ffa9-cf79-407a-a150-4c035e5aec5e:group-8DFB81EBA44D: set stopIndex = -1
2019-09-20 10:24:34,198 [9e03ffa9-cf79-407a-a150-4c035e5aec5e-SegmentedRaftLogWorker:Storage Directory /workdir/hadoop-ozone/integration-test/target/test-dir/MiniOzoneClusterImpl-0561fc2e-9288-4596-b687-0c9fb03504b1/datanode-4/data/ratis/43fc272d-dda1-4eea-b4d9-8dfb81eba44d] INFO  impl.RaftServerImpl (ServerState.java:close(394)) - 9e03ffa9-cf79-407a-a150-4c035e5aec5e:group-8DFB81EBA44D closes. The last applied log index is -1
2019-09-20 10:24:34,198 [19fb8383-7c99-4449-b95c-a26e71717844-SegmentedRaftLogWorker:Storage Directory /workdir/hadoop-ozone/integration-test/target/test-dir/MiniOzoneClusterImpl-0561fc2e-9288-4596-b687-0c9fb03504b1/datanode-5/data/ratis/75477411-9667-45b6-ac20-124b3a00b84c] INFO  impl.RaftServerImpl (ServerState.java:close(394)) - 19fb8383-7c99-4449-b95c-a26e71717844:group-124B3A00B84C closes. The last applied log index is -1
2019-09-20 10:24:34,198 [9e03ffa9-cf79-407a-a150-4c035e5aec5e-SegmentedRaftLogWorker:Storage Directory /workdir/hadoop-ozone/integration-test/target/test-dir/MiniOzoneClusterImpl-0561fc2e-9288-4596-b687-0c9fb03504b1/datanode-4/data/ratis/43fc272d-dda1-4eea-b4d9-8dfb81eba44d] INFO  segmented.SegmentedRaftLogWorker (SegmentedRaftLogWorker.java:close(228)) - 9e03ffa9-cf79-407a-a150-4c035e5aec5e-SegmentedRaftLogWorker:Storage Directory /workdir/hadoop-ozone/integration-test/target/test-dir/MiniOzoneClusterImpl-0561fc2e-9288-4596-b687-0c9fb03504b1/datanode-4/data/ratis/43fc272d-dda1-4eea-b4d9-8dfb81eba44d close()
2019-09-20 10:24:34,198 [19fb8383-7c99-4449-b95c-a26e71717844-SegmentedRaftLogWorker:Storage Directory /workdir/hadoop-ozone/integration-test/target/test-dir/MiniOzoneClusterImpl-0561fc2e-9288-4596-b687-0c9fb03504b1/datanode-5/data/ratis/75477411-9667-45b6-ac20-124b3a00b84c] INFO  segmented.SegmentedRaftLogWorker (SegmentedRaftLogWorker.java:close(228)) - 19fb8383-7c99-4449-b95c-a26e71717844-SegmentedRaftLogWorker:Storage Directory /workdir/hadoop-ozone/integration-test/target/test-dir/MiniOzoneClusterImpl-0561fc2e-9288-4596-b687-0c9fb03504b1/datanode-5/data/ratis/75477411-9667-45b6-ac20-124b3a00b84c close()
2019-09-20 10:24:34,337 [468be06f-55e9-4831-ba6b-3db017451a79-SegmentedRaftLogWorker:Storage Directory /workdir/hadoop-ozone/integration-test/target/test-dir/MiniOzoneClusterImpl-0561fc2e-9288-4596-b687-0c9fb03504b1/datanode-6/data/ratis/ad363414-f75a-4744-b572-36e8e47c374c] ERROR segmented.SegmentedRaftLogWorker (SegmentedRaftLogWorker.java:run(323)) - 468be06f-55e9-4831-ba6b-3db017451a79-SegmentedRaftLogWorker:Storage Directory /workdir/hadoop-ozone/integration-test/target/test-dir/MiniOzoneClusterImpl-0561fc2e-9288-4596-b687-0c9fb03504b1/datanode-6/data/ratis/ad363414-f75a-4744-b572-36e8e47c374c hit exception
java.lang.OutOfMemoryError: Direct buffer memory
	at java.nio.Bits.reserveMemory(Bits.java:666)
	at java.nio.DirectByteBuffer.<init>(DirectByteBuffer.java:123)
	at java.nio.ByteBuffer.allocateDirect(ByteBuffer.java:311)
	at org.apache.ratis.server.raftlog.segmented.BufferedWriteChannel.<init>(BufferedWriteChannel.java:41)
	at org.apache.ratis.server.raftlog.segmented.SegmentedRaftLogOutputStream.<init>(SegmentedRaftLogOutputStream.java:72)
	at org.apache.ratis.server.raftlog.segmented.SegmentedRaftLogWorker$StartLogSegment.execute(SegmentedRaftLogWorker.java:566)
	at org.apache.ratis.server.raftlog.segmented.SegmentedRaftLogWorker.run(SegmentedRaftLogWorker.java:289)
	at java.lang.Thread.run(Thread.java:748)
2019-09-20 10:24:34,337 [19fb8383-7c99-4449-b95c-a26e71717844-SegmentedRaftLogWorker:Storage Directory /workdir/hadoop-ozone/integration-test/target/test-dir/MiniOzoneClusterImpl-0561fc2e-9288-4596-b687-0c9fb03504b1/datanode-5/data/ratis/38d2f8f5-950e-4037-9fb1-a8248dcf4b58] ERROR segmented.SegmentedRaftLogWorker (SegmentedRaftLogWorker.java:run(323)) - 19fb8383-7c99-4449-b95c-a26e71717844-SegmentedRaftLogWorker:Storage Directory /workdir/hadoop-ozone/integration-test/target/test-dir/MiniOzoneClusterImpl-0561fc2e-9288-4596-b687-0c9fb03504b1/datanode-5/data/ratis/38d2f8f5-950e-4037-9fb1-a8248dcf4b58 hit exception
java.lang.OutOfMemoryError: Direct buffer memory
	at java.nio.Bits.reserveMemory(Bits.java:666)
	at java.nio.DirectByteBuffer.<init>(DirectByteBuffer.java:123)
	at java.nio.ByteBuffer.allocateDirect(ByteBuffer.java:311)
	at org.apache.ratis.server.raftlog.segmented.BufferedWriteChannel.<init>(BufferedWriteChannel.java:41)
	at org.apache.ratis.server.raftlog.segmented.SegmentedRaftLogOutputStream.<init>(SegmentedRaftLogOutputStream.java:72)
	at org.apache.ratis.server.raftlog.segmented.SegmentedRaftLogWorker$StartLogSegment.execute(SegmentedRaftLogWorker.java:566)
	at org.apache.ratis.server.raftlog.segmented.SegmentedRaftLogWorker.run(SegmentedRaftLogWorker.java:289)
	at java.lang.Thread.run(Thread.java:748)
2019-09-20 10:24:34,338 [468be06f-55e9-4831-ba6b-3db017451a79-SegmentedRaftLogWorker:Storage Directory /workdir/hadoop-ozone/integration-test/target/test-dir/MiniOzoneClusterImpl-0561fc2e-9288-4596-b687-0c9fb03504b1/datanode-6/data/ratis/ad363414-f75a-4744-b572-36e8e47c374c] INFO  impl.RaftServerImpl (RaftServerImpl.java:lambda$shutdown$3(245)) - 468be06f-55e9-4831-ba6b-3db017451a79: shutdown group-36E8E47C374C
2019-09-20 10:24:34,338 [19fb8383-7c99-4449-b95c-a26e71717844-SegmentedRaftLogWorker:Storage Directory /workdir/hadoop-ozone/integration-test/target/test-dir/MiniOzoneClusterImpl-0561fc2e-9288-4596-b687-0c9fb03504b1/datanode-5/data/ratis/38d2f8f5-950e-4037-9fb1-a8248dcf4b58] INFO  impl.RaftServerImpl (RaftServerImpl.java:lambda$shutdown$3(245)) - 19fb8383-7c99-4449-b95c-a26e71717844: shutdown group-A8248DCF4B58
2019-09-20 10:24:34,338 [468be06f-55e9-4831-ba6b-3db017451a79-SegmentedRaftLogWorker:Storage Directory /workdir/hadoop-ozone/integration-test/target/test-dir/MiniOzoneClusterImpl-0561fc2e-9288-4596-b687-0c9fb03504b1/datanode-6/data/ratis/ad363414-f75a-4744-b572-36e8e47c374c] INFO  util.JmxRegister (JmxRegister.java:unregister(73)) - Successfully un-registered JMX Bean with object name Ratis:service=RaftServer,group=group-36E8E47C374C,id=468be06f-55e9-4831-ba6b-3db017451a79
2019-09-20 10:24:34,338 [19fb8383-7c99-4449-b95c-a26e71717844-SegmentedRaftLogWorker:Storage Directory /workdir/hadoop-ozone/integration-test/target/test-dir/MiniOzoneClusterImpl-0561fc2e-9288-4596-b687-0c9fb03504b1/datanode-5/data/ratis/38d2f8f5-950e-4037-9fb1-a8248dcf4b58] INFO  util.JmxRegister (JmxRegister.java:unregister(73)) - Successfully un-registered JMX Bean with object name Ratis:service=RaftServer,group=group-A8248DCF4B58,id=19fb8383-7c99-4449-b95c-a26e71717844
2019-09-20 10:24:34,339 [468be06f-55e9-4831-ba6b-3db017451a79-SegmentedRaftLogWorker:Storage Directory /workdir/hadoop-ozone/integration-test/target/test-dir/MiniOzoneClusterImpl-0561fc2e-9288-4596-b687-0c9fb03504b1/datanode-6/data/ratis/ad363414-f75a-4744-b572-36e8e47c374c] INFO  impl.RoleInfo (RoleInfo.java:shutdownLeaderState(104)) - 468be06f-55e9-4831-ba6b-3db017451a79: shutdown LeaderState
2019-09-20 10:24:34,339 [19fb8383-7c99-4449-b95c-a26e71717844-SegmentedRaftLogWorker:Storage Directory /workdir/hadoop-ozone/integration-test/target/test-dir/MiniOzoneClusterImpl-0561fc2e-9288-4596-b687-0c9fb03504b1/datanode-5/data/ratis/38d2f8f5-950e-4037-9fb1-a8248dcf4b58] INFO  impl.RoleInfo (RoleInfo.java:shutdownLeaderState(104)) - 19fb8383-7c99-4449-b95c-a26e71717844: shutdown LeaderState
2019-09-20 10:24:34,339 [468be06f-55e9-4831-ba6b-3db017451a79-SegmentedRaftLogWorker:Storage Directory /workdir/hadoop-ozone/integration-test/target/test-dir/MiniOzoneClusterImpl-0561fc2e-9288-4596-b687-0c9fb03504b1/datanode-6/data/ratis/ad363414-f75a-4744-b572-36e8e47c374c] INFO  impl.PendingRequests (PendingRequests.java:sendNotLeaderResponses(202)) - 468be06f-55e9-4831-ba6b-3db017451a79-PendingRequests: sendNotLeaderResponses
2019-09-20 10:24:34,339 [19fb8383-7c99-4449-b95c-a26e71717844-SegmentedRaftLogWorker:Storage Directory /workdir/hadoop-ozone/integration-test/target/test-dir/MiniOzoneClusterImpl-0561fc2e-9288-4596-b687-0c9fb03504b1/datanode-5/data/ratis/38d2f8f5-950e-4037-9fb1-a8248dcf4b58] INFO  impl.PendingRequests (PendingRequests.java:sendNotLeaderResponses(202)) - 19fb8383-7c99-4449-b95c-a26e71717844-PendingRequests: sendNotLeaderResponses
2019-09-20 10:24:34,339 [468be06f-55e9-4831-ba6b-3db017451a79-SegmentedRaftLogWorker:Storage Directory /workdir/hadoop-ozone/integration-test/target/test-dir/MiniOzoneClusterImpl-0561fc2e-9288-4596-b687-0c9fb03504b1/datanode-6/data/ratis/ad363414-f75a-4744-b572-36e8e47c374c] INFO  impl.StateMachineUpdater (StateMachineUpdater.java:stopAndJoin(115)) - StateMachineUpdater:468be06f-55e9-4831-ba6b-3db017451a79:group-36E8E47C374C: set stopIndex = -1
2019-09-20 10:24:34,339 [19fb8383-7c99-4449-b95c-a26e71717844-SegmentedRaftLogWorker:Storage Directory /workdir/hadoop-ozone/integration-test/target/test-dir/MiniOzoneClusterImpl-0561fc2e-9288-4596-b687-0c9fb03504b1/datanode-5/data/ratis/38d2f8f5-950e-4037-9fb1-a8248dcf4b58] INFO  impl.StateMachineUpdater (StateMachineUpdater.java:stopAndJoin(115)) - StateMachineUpdater:19fb8383-7c99-4449-b95c-a26e71717844:group-A8248DCF4B58: set stopIndex = -1
2019-09-20 10:24:34,339 [468be06f-55e9-4831-ba6b-3db017451a79-SegmentedRaftLogWorker:Storage Directory /workdir/hadoop-ozone/integration-test/target/test-dir/MiniOzoneClusterImpl-0561fc2e-9288-4596-b687-0c9fb03504b1/datanode-6/data/ratis/ad363414-f75a-4744-b572-36e8e47c374c] INFO  impl.RaftServerImpl (ServerState.java:close(394)) - 468be06f-55e9-4831-ba6b-3db017451a79:group-36E8E47C374C closes. The last applied log index is -1
2019-09-20 10:24:34,340 [19fb8383-7c99-4449-b95c-a26e71717844-SegmentedRaftLogWorker:Storage Directory /workdir/hadoop-ozone/integration-test/target/test-dir/MiniOzoneClusterImpl-0561fc2e-9288-4596-b687-0c9fb03504b1/datanode-5/data/ratis/38d2f8f5-950e-4037-9fb1-a8248dcf4b58] INFO  impl.RaftServerImpl (ServerState.java:close(394)) - 19fb8383-7c99-4449-b95c-a26e71717844:group-A8248DCF4B58 closes. The last applied log index is -1
2019-09-20 10:24:34,340 [468be06f-55e9-4831-ba6b-3db017451a79-SegmentedRaftLogWorker:Storage Directory /workdir/hadoop-ozone/integration-test/target/test-dir/MiniOzoneClusterImpl-0561fc2e-9288-4596-b687-0c9fb03504b1/datanode-6/data/ratis/ad363414-f75a-4744-b572-36e8e47c374c] INFO  segmented.SegmentedRaftLogWorker (SegmentedRaftLogWorker.java:close(228)) - 468be06f-55e9-4831-ba6b-3db017451a79-SegmentedRaftLogWorker:Storage Directory /workdir/hadoop-ozone/integration-test/target/test-dir/MiniOzoneClusterImpl-0561fc2e-9288-4596-b687-0c9fb03504b1/datanode-6/data/ratis/ad363414-f75a-4744-b572-36e8e47c374c close()
2019-09-20 10:24:34,340 [19fb8383-7c99-4449-b95c-a26e71717844-SegmentedRaftLogWorker:Storage Directory /workdir/hadoop-ozone/integration-test/target/test-dir/MiniOzoneClusterImpl-0561fc2e-9288-4596-b687-0c9fb03504b1/datanode-5/data/ratis/38d2f8f5-950e-4037-9fb1-a8248dcf4b58] INFO  segmented.SegmentedRaftLogWorker (SegmentedRaftLogWorker.java:close(228)) - 19fb8383-7c99-4449-b95c-a26e71717844-SegmentedRaftLogWorker:Storage Directory /workdir/hadoop-ozone/integration-test/target/test-dir/MiniOzoneClusterImpl-0561fc2e-9288-4596-b687-0c9fb03504b1/datanode-5/data/ratis/38d2f8f5-950e-4037-9fb1-a8248dcf4b58 close()
2019-09-20 10:24:34,354 [468be06f-55e9-4831-ba6b-3db017451a79-SegmentedRaftLogWorker:Storage Directory /workdir/hadoop-ozone/integration-test/target/test-dir/MiniOzoneClusterImpl-0561fc2e-9288-4596-b687-0c9fb03504b1/datanode-6/data/ratis/f7c88964-19e5-4ac1-b1cd-1de7c1ab29cf] ERROR segmented.SegmentedRaftLogWorker (SegmentedRaftLogWorker.java:run(323)) - 468be06f-55e9-4831-ba6b-3db017451a79-SegmentedRaftLogWorker:Storage Directory /workdir/hadoop-ozone/integration-test/target/test-dir/MiniOzoneClusterImpl-0561fc2e-9288-4596-b687-0c9fb03504b1/datanode-6/data/ratis/f7c88964-19e5-4ac1-b1cd-1de7c1ab29cf hit exception
java.lang.OutOfMemoryError: Direct buffer memory
	at java.nio.Bits.reserveMemory(Bits.java:666)
	at java.nio.DirectByteBuffer.<init>(DirectByteBuffer.java:123)
	at java.nio.ByteBuffer.allocateDirect(ByteBuffer.java:311)
	at org.apache.ratis.server.raftlog.segmented.BufferedWriteChannel.<init>(BufferedWriteChannel.java:41)
	at org.apache.ratis.server.raftlog.segmented.SegmentedRaftLogOutputStream.<init>(SegmentedRaftLogOutputStream.java:72)
	at org.apache.ratis.server.raftlog.segmented.SegmentedRaftLogWorker$StartLogSegment.execute(SegmentedRaftLogWorker.java:566)
	at org.apache.ratis.server.raftlog.segmented.SegmentedRaftLogWorker.run(SegmentedRaftLogWorker.java:289)
	at java.lang.Thread.run(Thread.java:748)
2019-09-20 10:24:34,358 [468be06f-55e9-4831-ba6b-3db017451a79-SegmentedRaftLogWorker:Storage Directory /workdir/hadoop-ozone/integration-test/target/test-dir/MiniOzoneClusterImpl-0561fc2e-9288-4596-b687-0c9fb03504b1/datanode-6/data/ratis/f7c88964-19e5-4ac1-b1cd-1de7c1ab29cf] INFO  impl.RaftServerImpl (RaftServerImpl.java:lambda$shutdown$3(245)) - 468be06f-55e9-4831-ba6b-3db017451a79: shutdown group-1DE7C1AB29CF
2019-09-20 10:24:34,359 [468be06f-55e9-4831-ba6b-3db017451a79-SegmentedRaftLogWorker:Storage Directory /workdir/hadoop-ozone/integration-test/target/test-dir/MiniOzoneClusterImpl-0561fc2e-9288-4596-b687-0c9fb03504b1/datanode-6/data/ratis/f7c88964-19e5-4ac1-b1cd-1de7c1ab29cf] INFO  util.JmxRegister (JmxRegister.java:unregister(73)) - Successfully un-registered JMX Bean with object name Ratis:service=RaftServer,group=group-1DE7C1AB29CF,id=468be06f-55e9-4831-ba6b-3db017451a79
2019-09-20 10:24:34,359 [468be06f-55e9-4831-ba6b-3db017451a79-SegmentedRaftLogWorker:Storage Directory /workdir/hadoop-ozone/integration-test/target/test-dir/MiniOzoneClusterImpl-0561fc2e-9288-4596-b687-0c9fb03504b1/datanode-6/data/ratis/f7c88964-19e5-4ac1-b1cd-1de7c1ab29cf] INFO  impl.RoleInfo (RoleInfo.java:shutdownLeaderState(104)) - 468be06f-55e9-4831-ba6b-3db017451a79: shutdown LeaderState
2019-09-20 10:24:34,359 [468be06f-55e9-4831-ba6b-3db017451a79-SegmentedRaftLogWorker:Storage Directory /workdir/hadoop-ozone/integration-test/target/test-dir/MiniOzoneClusterImpl-0561fc2e-9288-4596-b687-0c9fb03504b1/datanode-6/data/ratis/f7c88964-19e5-4ac1-b1cd-1de7c1ab29cf] INFO  impl.PendingRequests (PendingRequests.java:sendNotLeaderResponses(202)) - 468be06f-55e9-4831-ba6b-3db017451a79-PendingRequests: sendNotLeaderResponses
2019-09-20 10:24:34,359 [468be06f-55e9-4831-ba6b-3db017451a79-SegmentedRaftLogWorker:Storage Directory /workdir/hadoop-ozone/integration-test/target/test-dir/MiniOzoneClusterImpl-0561fc2e-9288-4596-b687-0c9fb03504b1/datanode-6/data/ratis/f7c88964-19e5-4ac1-b1cd-1de7c1ab29cf] INFO  impl.StateMachineUpdater (StateMachineUpdater.java:stopAndJoin(115)) - StateMachineUpdater:468be06f-55e9-4831-ba6b-3db017451a79:group-1DE7C1AB29CF: set stopIndex = -1
2019-09-20 10:24:34,359 [468be06f-55e9-4831-ba6b-3db017451a79-SegmentedRaftLogWorker:Storage Directory /workdir/hadoop-ozone/integration-test/target/test-dir/MiniOzoneClusterImpl-0561fc2e-9288-4596-b687-0c9fb03504b1/datanode-6/data/ratis/f7c88964-19e5-4ac1-b1cd-1de7c1ab29cf] INFO  impl.RaftServerImpl (ServerState.java:close(394)) - 468be06f-55e9-4831-ba6b-3db017451a79:group-1DE7C1AB29CF closes. The last applied log index is -1
2019-09-20 10:24:34,360 [468be06f-55e9-4831-ba6b-3db017451a79-SegmentedRaftLogWorker:Storage Directory /workdir/hadoop-ozone/integration-test/target/test-dir/MiniOzoneClusterImpl-0561fc2e-9288-4596-b687-0c9fb03504b1/datanode-6/data/ratis/f7c88964-19e5-4ac1-b1cd-1de7c1ab29cf] INFO  segmented.SegmentedRaftLogWorker (SegmentedRaftLogWorker.java:close(228)) - 468be06f-55e9-4831-ba6b-3db017451a79-SegmentedRaftLogWorker:Storage Directory /workdir/hadoop-ozone/integration-test/target/test-dir/MiniOzoneClusterImpl-0561fc2e-9288-4596-b687-0c9fb03504b1/datanode-6/data/ratis/f7c88964-19e5-4ac1-b1cd-1de7c1ab29cf close()
2019-09-20 10:24:34,812 | INFO  | SCMAudit | user=jenkins1000 | ip=192.168.36.99 | op=SEND_HEARTBEAT {datanodeUUID=468be06f-55e9-4831-ba6b-3db017451a79, command=[]} | ret=SUCCESS |  
2019-09-20 10:24:34,812 | INFO  | SCMAudit | user=jenkins1000 | ip=192.168.36.99 | op=SEND_HEARTBEAT {datanodeUUID=d2ed2d9b-7ac7-460e-84f6-6d9d6066f76d, command=[]} | ret=SUCCESS |  
2019-09-20 10:24:34,812 | INFO  | SCMAudit | user=jenkins1000 | ip=192.168.36.99 | op=SEND_HEARTBEAT {datanodeUUID=66416d0b-a71c-4af1-ae3a-62ca63b880a3, command=[]} | ret=SUCCESS |  
2019-09-20 10:24:34,813 | INFO  | SCMAudit | user=jenkins1000 | ip=192.168.36.99 | op=SEND_HEARTBEAT {datanodeUUID=c3e532f8-1a8e-44f3-b56b-d765aee893af, command=[]} | ret=SUCCESS |  
2019-09-20 10:24:34,814 | INFO  | SCMAudit | user=jenkins1000 | ip=192.168.36.99 | op=SEND_HEARTBEAT {datanodeUUID=60260ec1-e192-4b95-89c8-d924d16a77a9, command=[]} | ret=SUCCESS |  
2019-09-20 10:24:34,814 | INFO  | SCMAudit | user=jenkins1000 | ip=192.168.36.99 | op=SEND_HEARTBEAT {datanodeUUID=1ab786b9-c79c-4265-88a1-5b3344c6beda, command=[]} | ret=SUCCESS |  
2019-09-20 10:24:34,814 | INFO  | SCMAudit | user=jenkins1000 | ip=192.168.36.99 | op=SEND_HEARTBEAT {datanodeUUID=3d6f3241-e73c-473a-ad0b-c7be2f7e1dda, command=[]} | ret=SUCCESS |  
2019-09-20 10:24:34,814 | INFO  | SCMAudit | user=jenkins1000 | ip=192.168.36.99 | op=SEND_HEARTBEAT {datanodeUUID=6491c372-a595-4104-b3e9-c4f3293baafa, command=[]} | ret=SUCCESS |  
2019-09-20 10:24:34,815 | INFO  | SCMAudit | user=jenkins1000 | ip=192.168.36.99 | op=SEND_HEARTBEAT {datanodeUUID=9e03ffa9-cf79-407a-a150-4c035e5aec5e, command=[]} | ret=SUCCESS |  
2019-09-20 10:24:34,815 | INFO  | SCMAudit | user=jenkins1000 | ip=192.168.36.99 | op=SEND_HEARTBEAT {datanodeUUID=7af711bd-b5ae-4a73-a8be-b970cae6c2d1, command=[]} | ret=SUCCESS |  
2019-09-20 10:24:34,817 | INFO  | SCMAudit | user=jenkins1000 | ip=192.168.36.99 | op=SEND_HEARTBEAT {datanodeUUID=54207fe5-d92c-4c2e-b058-fbae630dabef, command=[]} | ret=SUCCESS |  
2019-09-20 10:24:34,818 | INFO  | SCMAudit | user=jenkins1000 | ip=192.168.36.99 | op=SEND_HEARTBEAT {datanodeUUID=17e2ba94-38a1-40e7-84e0-f6802901db84, command=[]} | ret=SUCCESS |  
2019-09-20 10:24:34,819 | INFO  | SCMAudit | user=jenkins1000 | ip=192.168.36.99 | op=SEND_HEARTBEAT {datanodeUUID=4d972e91-cb6b-45de-8bd2-c18af7abe58b, command=[]} | ret=SUCCESS |  
2019-09-20 10:24:34,819 | INFO  | SCMAudit | user=jenkins1000 | ip=192.168.36.99 | op=SEND_HEARTBEAT {datanodeUUID=19fb8383-7c99-4449-b95c-a26e71717844, command=[]} | ret=SUCCESS |  
2019-09-20 10:24:34,962 [grpc-default-executor-5] INFO  client.GrpcClientProtocolClient (GrpcClientProtocolClient.java:onNext(255)) - client-21807ED29EC2->6491c372-a595-4104-b3e9-c4f3293baafa: receive RaftClientReply:client-21807ED29EC2->6491c372-a595-4104-b3e9-c4f3293baafa@group-576A86C1D849, cid=84, FAILED org.apache.ratis.protocol.NotLeaderException: Server 6491c372-a595-4104-b3e9-c4f3293baafa is not the leader (null). Request must be sent to leader., logIndex=0, commits[6491c372-a595-4104-b3e9-c4f3293baafa:c-1]
2019-09-20 10:24:35,385 [Thread-748] INFO  impl.FollowerState (FollowerState.java:run(106)) - 54207fe5-d92c-4c2e-b058-fbae630dabef:group-6F370A55BF23 changes to CANDIDATE, lastRpcTime:10686, electionTimeout:5179ms
2019-09-20 10:24:35,385 [Thread-748] INFO  impl.RoleInfo (RoleInfo.java:shutdownFollowerState(121)) - 54207fe5-d92c-4c2e-b058-fbae630dabef: shutdown FollowerState
2019-09-20 10:24:35,386 [Thread-748] INFO  impl.RaftServerImpl (RaftServerImpl.java:setRole(171)) - 54207fe5-d92c-4c2e-b058-fbae630dabef:group-6F370A55BF23 changes role from FOLLOWER to CANDIDATE at term 0 for changeToCandidate
2019-09-20 10:24:35,386 [Thread-748] INFO  impl.RoleInfo (RoleInfo.java:updateAndGet(143)) - 54207fe5-d92c-4c2e-b058-fbae630dabef: start LeaderElection
2019-09-20 10:24:35,405 [54207fe5-d92c-4c2e-b058-fbae630dabef:group-6F370A55BF23:LeaderElection78] INFO  impl.LeaderElection (LeaderElection.java:askForVotes(181)) - 54207fe5-d92c-4c2e-b058-fbae630dabef:group-6F370A55BF23:LeaderElection78: begin an election at term 1 for -1: [54207fe5-d92c-4c2e-b058-fbae630dabef:192.168.36.99:37075], old=null
2019-09-20 10:24:35,405 [54207fe5-d92c-4c2e-b058-fbae630dabef:group-6F370A55BF23:LeaderElection78] INFO  impl.RoleInfo (RoleInfo.java:shutdownLeaderElection(134)) - 54207fe5-d92c-4c2e-b058-fbae630dabef: shutdown LeaderElection
2019-09-20 10:24:35,405 [54207fe5-d92c-4c2e-b058-fbae630dabef:group-6F370A55BF23:LeaderElection78] INFO  impl.RaftServerImpl (RaftServerImpl.java:setRole(171)) - 54207fe5-d92c-4c2e-b058-fbae630dabef:group-6F370A55BF23 changes role from CANDIDATE to LEADER at term 1 for changeToLeader
2019-09-20 10:24:35,405 [54207fe5-d92c-4c2e-b058-fbae630dabef:group-6F370A55BF23:LeaderElection78] INFO  impl.RaftServerImpl (ServerState.java:setLeader(263)) - 54207fe5-d92c-4c2e-b058-fbae630dabef:group-6F370A55BF23 change Leader from null to 54207fe5-d92c-4c2e-b058-fbae630dabef at term 1 for becomeLeader, leader elected after 10711ms
2019-09-20 10:24:35,405 [54207fe5-d92c-4c2e-b058-fbae630dabef:group-6F370A55BF23:LeaderElection78] INFO  server.RaftServerConfigKeys (ConfUtils.java:logGet(43)) - raft.server.staging.catchup.gap = 1000 (default)
2019-09-20 10:24:35,405 [54207fe5-d92c-4c2e-b058-fbae630dabef:group-6F370A55BF23:LeaderElection78] INFO  server.RaftServerConfigKeys (ConfUtils.java:logGet(43)) - raft.server.rpc.sleep.time = 25ms (default)
2019-09-20 10:24:35,406 [54207fe5-d92c-4c2e-b058-fbae630dabef:group-6F370A55BF23:LeaderElection78] INFO  server.RaftServerConfigKeys (ConfUtils.java:logGet(43)) - raft.server.write.element-limit = 4096 (default)
2019-09-20 10:24:35,406 [54207fe5-d92c-4c2e-b058-fbae630dabef:group-6F370A55BF23:LeaderElection78] INFO  server.RaftServerConfigKeys (ConfUtils.java:logGet(43)) - raft.server.watch.timeout = 10s (default)
2019-09-20 10:24:35,406 [54207fe5-d92c-4c2e-b058-fbae630dabef:group-6F370A55BF23:LeaderElection78] INFO  server.RaftServerConfigKeys (ConfUtils.java:logGet(43)) - raft.server.watch.timeout.denomination = 1s (default)
2019-09-20 10:24:35,406 [54207fe5-d92c-4c2e-b058-fbae630dabef:group-6F370A55BF23:LeaderElection78] INFO  server.RaftServerConfigKeys (ConfUtils.java:logGet(43)) - raft.server.watch.element-limit = 65536 (default)
2019-09-20 10:24:35,406 [54207fe5-d92c-4c2e-b058-fbae630dabef:group-6F370A55BF23:LeaderElection78] INFO  impl.RoleInfo (RoleInfo.java:updateAndGet(143)) - 54207fe5-d92c-4c2e-b058-fbae630dabef: start LeaderState
2019-09-20 10:24:35,407 [54207fe5-d92c-4c2e-b058-fbae630dabef:group-6F370A55BF23:LeaderElection78] INFO  segmented.SegmentedRaftLogWorker (SegmentedRaftLogWorker.java:startLogSegment(380)) - 54207fe5-d92c-4c2e-b058-fbae630dabef-SegmentedRaftLogWorker:Storage Directory /workdir/hadoop-ozone/integration-test/target/test-dir/MiniOzoneClusterImpl-0561fc2e-9288-4596-b687-0c9fb03504b1/datanode-2/data/ratis/c8227d39-8132-4283-a3c0-6f370a55bf23: Starting segment from index:0
2019-09-20 10:24:35,407 [54207fe5-d92c-4c2e-b058-fbae630dabef:group-6F370A55BF23:LeaderElection78] INFO  impl.RaftServerImpl (ServerState.java:setRaftConf(361)) - 54207fe5-d92c-4c2e-b058-fbae630dabef:group-6F370A55BF23 set configuration 0: [54207fe5-d92c-4c2e-b058-fbae630dabef:192.168.36.99:37075], old=null at 0
2019-09-20 10:24:35,831 [Thread-763] INFO  impl.FollowerState (FollowerState.java:run(106)) - 19fb8383-7c99-4449-b95c-a26e71717844:group-F5A93CB7FE84 changes to CANDIDATE, lastRpcTime:10572, electionTimeout:5000ms
2019-09-20 10:24:35,831 [Thread-745] WARN  util.JavaUtils (JavaUtils.java:sleep(250)) - Unexpected long sleep: sleep(5196ms) actually took 5618ms which is over the threshold 300ms
2019-09-20 10:24:35,842 [Thread-763] INFO  impl.RoleInfo (RoleInfo.java:shutdownFollowerState(121)) - 19fb8383-7c99-4449-b95c-a26e71717844: shutdown FollowerState
2019-09-20 10:24:35,843 | INFO  | SCMAudit | user=jenkins1000 | ip=192.168.36.99 | op=SEND_HEARTBEAT {datanodeUUID=6491c372-a595-4104-b3e9-c4f3293baafa, command=[]} | ret=SUCCESS |  
2019-09-20 10:24:35,843 | INFO  | SCMAudit | user=jenkins1000 | ip=192.168.36.99 | op=SEND_HEARTBEAT {datanodeUUID=9e03ffa9-cf79-407a-a150-4c035e5aec5e, command=[]} | ret=SUCCESS |  
2019-09-20 10:24:35,843 | INFO  | SCMAudit | user=jenkins1000 | ip=192.168.36.99 | op=SEND_HEARTBEAT {datanodeUUID=60260ec1-e192-4b95-89c8-d924d16a77a9, command=[]} | ret=SUCCESS |  
2019-09-20 10:24:35,843 | INFO  | SCMAudit | user=jenkins1000 | ip=192.168.36.99 | op=SEND_HEARTBEAT {datanodeUUID=17e2ba94-38a1-40e7-84e0-f6802901db84, command=[]} | ret=SUCCESS |  
2019-09-20 10:24:35,843 [Thread-763] INFO  impl.RaftServerImpl (RaftServerImpl.java:setRole(171)) - 19fb8383-7c99-4449-b95c-a26e71717844:group-F5A93CB7FE84 changes role from FOLLOWER to CANDIDATE at term 0 for changeToCandidate
2019-09-20 10:24:35,843 | INFO  | SCMAudit | user=jenkins1000 | ip=192.168.36.99 | op=SEND_HEARTBEAT {datanodeUUID=3d6f3241-e73c-473a-ad0b-c7be2f7e1dda, command=[]} | ret=SUCCESS |  
2019-09-20 10:24:35,843 | INFO  | SCMAudit | user=jenkins1000 | ip=192.168.36.99 | op=SEND_HEARTBEAT {datanodeUUID=19fb8383-7c99-4449-b95c-a26e71717844, command=[]} | ret=SUCCESS |  
2019-09-20 10:24:35,843 | INFO  | SCMAudit | user=jenkins1000 | ip=192.168.36.99 | op=SEND_HEARTBEAT {datanodeUUID=d2ed2d9b-7ac7-460e-84f6-6d9d6066f76d, command=[]} | ret=SUCCESS |  
2019-09-20 10:24:35,843 | INFO  | SCMAudit | user=jenkins1000 | ip=192.168.36.99 | op=SEND_HEARTBEAT {datanodeUUID=66416d0b-a71c-4af1-ae3a-62ca63b880a3, command=[]} | ret=SUCCESS |  
2019-09-20 10:24:35,843 [Thread-763] INFO  impl.RoleInfo (RoleInfo.java:updateAndGet(143)) - 19fb8383-7c99-4449-b95c-a26e71717844: start LeaderElection
2019-09-20 10:24:35,843 | INFO  | SCMAudit | user=jenkins1000 | ip=192.168.36.99 | op=SEND_HEARTBEAT {datanodeUUID=4d972e91-cb6b-45de-8bd2-c18af7abe58b, command=[]} | ret=SUCCESS |  
2019-09-20 10:24:35,843 | INFO  | SCMAudit | user=jenkins1000 | ip=192.168.36.99 | op=SEND_HEARTBEAT {datanodeUUID=c3e532f8-1a8e-44f3-b56b-d765aee893af, command=[]} | ret=SUCCESS |  
2019-09-20 10:24:35,843 | INFO  | SCMAudit | user=jenkins1000 | ip=192.168.36.99 | op=SEND_HEARTBEAT {datanodeUUID=7af711bd-b5ae-4a73-a8be-b970cae6c2d1, command=[]} | ret=SUCCESS |  
2019-09-20 10:24:35,843 | INFO  | SCMAudit | user=jenkins1000 | ip=192.168.36.99 | op=SEND_HEARTBEAT {datanodeUUID=1ab786b9-c79c-4265-88a1-5b3344c6beda, command=[]} | ret=SUCCESS |  
2019-09-20 10:24:35,843 | INFO  | SCMAudit | user=jenkins1000 | ip=192.168.36.99 | op=SEND_HEARTBEAT {datanodeUUID=468be06f-55e9-4831-ba6b-3db017451a79, command=[]} | ret=SUCCESS |  
2019-09-20 10:24:35,843 | INFO  | SCMAudit | user=jenkins1000 | ip=192.168.36.99 | op=SEND_HEARTBEAT {datanodeUUID=54207fe5-d92c-4c2e-b058-fbae630dabef, command=[]} | ret=SUCCESS |  
2019-09-20 10:24:35,867 [19fb8383-7c99-4449-b95c-a26e71717844:group-F5A93CB7FE84:LeaderElection79] INFO  impl.LeaderElection (LeaderElection.java:askForVotes(181)) - 19fb8383-7c99-4449-b95c-a26e71717844:group-F5A93CB7FE84:LeaderElection79: begin an election at term 1 for -1: [19fb8383-7c99-4449-b95c-a26e71717844:192.168.36.99:38491], old=null
2019-09-20 10:24:35,867 [19fb8383-7c99-4449-b95c-a26e71717844:group-F5A93CB7FE84:LeaderElection79] INFO  impl.RoleInfo (RoleInfo.java:shutdownLeaderElection(134)) - 19fb8383-7c99-4449-b95c-a26e71717844: shutdown LeaderElection
2019-09-20 10:24:35,867 [19fb8383-7c99-4449-b95c-a26e71717844:group-F5A93CB7FE84:LeaderElection79] INFO  impl.RaftServerImpl (RaftServerImpl.java:setRole(171)) - 19fb8383-7c99-4449-b95c-a26e71717844:group-F5A93CB7FE84 changes role from CANDIDATE to LEADER at term 1 for changeToLeader
2019-09-20 10:24:35,867 [19fb8383-7c99-4449-b95c-a26e71717844:group-F5A93CB7FE84:LeaderElection79] INFO  impl.RaftServerImpl (ServerState.java:setLeader(263)) - 19fb8383-7c99-4449-b95c-a26e71717844:group-F5A93CB7FE84 change Leader from null to 19fb8383-7c99-4449-b95c-a26e71717844 at term 1 for becomeLeader, leader elected after 10614ms
2019-09-20 10:24:35,868 [19fb8383-7c99-4449-b95c-a26e71717844:group-F5A93CB7FE84:LeaderElection79] INFO  server.RaftServerConfigKeys (ConfUtils.java:logGet(43)) - raft.server.staging.catchup.gap = 1000 (default)
2019-09-20 10:24:35,868 [19fb8383-7c99-4449-b95c-a26e71717844:group-F5A93CB7FE84:LeaderElection79] INFO  server.RaftServerConfigKeys (ConfUtils.java:logGet(43)) - raft.server.rpc.sleep.time = 25ms (default)
2019-09-20 10:24:35,868 [19fb8383-7c99-4449-b95c-a26e71717844:group-F5A93CB7FE84:LeaderElection79] INFO  server.RaftServerConfigKeys (ConfUtils.java:logGet(43)) - raft.server.write.element-limit = 4096 (default)
2019-09-20 10:24:35,868 [19fb8383-7c99-4449-b95c-a26e71717844:group-F5A93CB7FE84:LeaderElection79] INFO  server.RaftServerConfigKeys (ConfUtils.java:logGet(43)) - raft.server.watch.timeout = 10s (default)
2019-09-20 10:24:35,868 [19fb8383-7c99-4449-b95c-a26e71717844:group-F5A93CB7FE84:LeaderElection79] INFO  server.RaftServerConfigKeys (ConfUtils.java:logGet(43)) - raft.server.watch.timeout.denomination = 1s (default)
2019-09-20 10:24:35,868 [19fb8383-7c99-4449-b95c-a26e71717844:group-F5A93CB7FE84:LeaderElection79] INFO  server.RaftServerConfigKeys (ConfUtils.java:logGet(43)) - raft.server.watch.element-limit = 65536 (default)
2019-09-20 10:24:35,869 [19fb8383-7c99-4449-b95c-a26e71717844:group-F5A93CB7FE84:LeaderElection79] INFO  impl.RoleInfo (RoleInfo.java:updateAndGet(143)) - 19fb8383-7c99-4449-b95c-a26e71717844: start LeaderState
2019-09-20 10:24:35,869 [19fb8383-7c99-4449-b95c-a26e71717844:group-F5A93CB7FE84:LeaderElection79] INFO  segmented.SegmentedRaftLogWorker (SegmentedRaftLogWorker.java:startLogSegment(380)) - 19fb8383-7c99-4449-b95c-a26e71717844-SegmentedRaftLogWorker:Storage Directory /workdir/hadoop-ozone/integration-test/target/test-dir/MiniOzoneClusterImpl-0561fc2e-9288-4596-b687-0c9fb03504b1/datanode-5/data/ratis/b5874132-474f-4f23-bc9a-f5a93cb7fe84: Starting segment from index:0
2019-09-20 10:24:36,137 [19fb8383-7c99-4449-b95c-a26e71717844:group-F5A93CB7FE84:LeaderElection79] INFO  impl.RaftServerImpl (ServerState.java:setRaftConf(361)) - 19fb8383-7c99-4449-b95c-a26e71717844:group-F5A93CB7FE84 set configuration 0: [19fb8383-7c99-4449-b95c-a26e71717844:192.168.36.99:38491], old=null at 0
2019-09-20 10:24:36,147 [grpc-default-executor-4] INFO  client.GrpcClientProtocolClient (GrpcClientProtocolClient.java:onNext(255)) - client-21807ED29EC2->468be06f-55e9-4831-ba6b-3db017451a79: receive RaftClientReply:client-21807ED29EC2->468be06f-55e9-4831-ba6b-3db017451a79@group-576A86C1D849, cid=84, FAILED org.apache.ratis.protocol.NotLeaderException: Server 468be06f-55e9-4831-ba6b-3db017451a79 is not the leader (null). Request must be sent to leader., logIndex=0, commits[468be06f-55e9-4831-ba6b-3db017451a79:c-1]
2019-09-20 10:24:36,215 [Thread-775] INFO  impl.FollowerState (FollowerState.java:run(106)) - 468be06f-55e9-4831-ba6b-3db017451a79:group-D1A08F1980E2 changes to CANDIDATE, lastRpcTime:10628, electionTimeout:5093ms
2019-09-20 10:24:36,215 [Thread-775] INFO  impl.RoleInfo (RoleInfo.java:shutdownFollowerState(121)) - 468be06f-55e9-4831-ba6b-3db017451a79: shutdown FollowerState
2019-09-20 10:24:36,215 [Thread-775] INFO  impl.RaftServerImpl (RaftServerImpl.java:setRole(171)) - 468be06f-55e9-4831-ba6b-3db017451a79:group-D1A08F1980E2 changes role from FOLLOWER to CANDIDATE at term 0 for changeToCandidate
2019-09-20 10:24:36,216 [Thread-775] INFO  impl.RoleInfo (RoleInfo.java:updateAndGet(143)) - 468be06f-55e9-4831-ba6b-3db017451a79: start LeaderElection
2019-09-20 10:24:36,238 [468be06f-55e9-4831-ba6b-3db017451a79:group-D1A08F1980E2:LeaderElection80] INFO  impl.LeaderElection (LeaderElection.java:askForVotes(181)) - 468be06f-55e9-4831-ba6b-3db017451a79:group-D1A08F1980E2:LeaderElection80: begin an election at term 1 for -1: [468be06f-55e9-4831-ba6b-3db017451a79:192.168.36.99:34815], old=null
2019-09-20 10:24:36,238 [468be06f-55e9-4831-ba6b-3db017451a79:group-D1A08F1980E2:LeaderElection80] INFO  impl.RoleInfo (RoleInfo.java:shutdownLeaderElection(134)) - 468be06f-55e9-4831-ba6b-3db017451a79: shutdown LeaderElection
2019-09-20 10:24:36,238 [468be06f-55e9-4831-ba6b-3db017451a79:group-D1A08F1980E2:LeaderElection80] INFO  impl.RaftServerImpl (RaftServerImpl.java:setRole(171)) - 468be06f-55e9-4831-ba6b-3db017451a79:group-D1A08F1980E2 changes role from CANDIDATE to LEADER at term 1 for changeToLeader
2019-09-20 10:24:36,238 [468be06f-55e9-4831-ba6b-3db017451a79:group-D1A08F1980E2:LeaderElection80] INFO  impl.RaftServerImpl (ServerState.java:setLeader(263)) - 468be06f-55e9-4831-ba6b-3db017451a79:group-D1A08F1980E2 change Leader from null to 468be06f-55e9-4831-ba6b-3db017451a79 at term 1 for becomeLeader, leader elected after 10656ms
2019-09-20 10:24:36,238 [468be06f-55e9-4831-ba6b-3db017451a79:group-D1A08F1980E2:LeaderElection80] INFO  server.RaftServerConfigKeys (ConfUtils.java:logGet(43)) - raft.server.staging.catchup.gap = 1000 (default)
2019-09-20 10:24:36,239 [468be06f-55e9-4831-ba6b-3db017451a79:group-D1A08F1980E2:LeaderElection80] INFO  server.RaftServerConfigKeys (ConfUtils.java:logGet(43)) - raft.server.rpc.sleep.time = 25ms (default)
2019-09-20 10:24:36,239 [468be06f-55e9-4831-ba6b-3db017451a79:group-D1A08F1980E2:LeaderElection80] INFO  server.RaftServerConfigKeys (ConfUtils.java:logGet(43)) - raft.server.write.element-limit = 4096 (default)
2019-09-20 10:24:36,239 [468be06f-55e9-4831-ba6b-3db017451a79:group-D1A08F1980E2:LeaderElection80] INFO  server.RaftServerConfigKeys (ConfUtils.java:logGet(43)) - raft.server.watch.timeout = 10s (default)
2019-09-20 10:24:36,239 [468be06f-55e9-4831-ba6b-3db017451a79:group-D1A08F1980E2:LeaderElection80] INFO  server.RaftServerConfigKeys (ConfUtils.java:logGet(43)) - raft.server.watch.timeout.denomination = 1s (default)
2019-09-20 10:24:36,239 [468be06f-55e9-4831-ba6b-3db017451a79:group-D1A08F1980E2:LeaderElection80] INFO  server.RaftServerConfigKeys (ConfUtils.java:logGet(43)) - raft.server.watch.element-limit = 65536 (default)
2019-09-20 10:24:36,240 [468be06f-55e9-4831-ba6b-3db017451a79:group-D1A08F1980E2:LeaderElection80] INFO  impl.RoleInfo (RoleInfo.java:updateAndGet(143)) - 468be06f-55e9-4831-ba6b-3db017451a79: start LeaderState
2019-09-20 10:24:36,240 [468be06f-55e9-4831-ba6b-3db017451a79:group-D1A08F1980E2:LeaderElection80] INFO  segmented.SegmentedRaftLogWorker (SegmentedRaftLogWorker.java:startLogSegment(380)) - 468be06f-55e9-4831-ba6b-3db017451a79-SegmentedRaftLogWorker:Storage Directory /workdir/hadoop-ozone/integration-test/target/test-dir/MiniOzoneClusterImpl-0561fc2e-9288-4596-b687-0c9fb03504b1/datanode-6/data/ratis/0e782cf8-6eb1-4ecd-afad-d1a08f1980e2: Starting segment from index:0
2019-09-20 10:24:36,570 [468be06f-55e9-4831-ba6b-3db017451a79:group-D1A08F1980E2:LeaderElection80] INFO  impl.RaftServerImpl (ServerState.java:setRaftConf(361)) - 468be06f-55e9-4831-ba6b-3db017451a79:group-D1A08F1980E2 set configuration 0: [468be06f-55e9-4831-ba6b-3db017451a79:192.168.36.99:34815], old=null at 0
2019-09-20 10:24:36,819 [54207fe5-d92c-4c2e-b058-fbae630dabef-SegmentedRaftLogWorker:Storage Directory /workdir/hadoop-ozone/integration-test/target/test-dir/MiniOzoneClusterImpl-0561fc2e-9288-4596-b687-0c9fb03504b1/datanode-2/data/ratis/c8227d39-8132-4283-a3c0-6f370a55bf23] ERROR segmented.SegmentedRaftLogWorker (SegmentedRaftLogWorker.java:run(323)) - 54207fe5-d92c-4c2e-b058-fbae630dabef-SegmentedRaftLogWorker:Storage Directory /workdir/hadoop-ozone/integration-test/target/test-dir/MiniOzoneClusterImpl-0561fc2e-9288-4596-b687-0c9fb03504b1/datanode-2/data/ratis/c8227d39-8132-4283-a3c0-6f370a55bf23 hit exception
java.lang.OutOfMemoryError: Direct buffer memory
	at java.nio.Bits.reserveMemory(Bits.java:666)
	at java.nio.DirectByteBuffer.<init>(DirectByteBuffer.java:123)
	at java.nio.ByteBuffer.allocateDirect(ByteBuffer.java:311)
	at org.apache.ratis.server.raftlog.segmented.BufferedWriteChannel.<init>(BufferedWriteChannel.java:41)
	at org.apache.ratis.server.raftlog.segmented.SegmentedRaftLogOutputStream.<init>(SegmentedRaftLogOutputStream.java:72)
	at org.apache.ratis.server.raftlog.segmented.SegmentedRaftLogWorker$StartLogSegment.execute(SegmentedRaftLogWorker.java:566)
	at org.apache.ratis.server.raftlog.segmented.SegmentedRaftLogWorker.run(SegmentedRaftLogWorker.java:289)
	at java.lang.Thread.run(Thread.java:748)
2019-09-20 10:24:36,820 [54207fe5-d92c-4c2e-b058-fbae630dabef-SegmentedRaftLogWorker:Storage Directory /workdir/hadoop-ozone/integration-test/target/test-dir/MiniOzoneClusterImpl-0561fc2e-9288-4596-b687-0c9fb03504b1/datanode-2/data/ratis/c8227d39-8132-4283-a3c0-6f370a55bf23] INFO  impl.RaftServerImpl (RaftServerImpl.java:lambda$shutdown$3(245)) - 54207fe5-d92c-4c2e-b058-fbae630dabef: shutdown group-6F370A55BF23
2019-09-20 10:24:36,820 [54207fe5-d92c-4c2e-b058-fbae630dabef-SegmentedRaftLogWorker:Storage Directory /workdir/hadoop-ozone/integration-test/target/test-dir/MiniOzoneClusterImpl-0561fc2e-9288-4596-b687-0c9fb03504b1/datanode-2/data/ratis/c8227d39-8132-4283-a3c0-6f370a55bf23] INFO  util.JmxRegister (JmxRegister.java:unregister(73)) - Successfully un-registered JMX Bean with object name Ratis:service=RaftServer,group=group-6F370A55BF23,id=54207fe5-d92c-4c2e-b058-fbae630dabef
2019-09-20 10:24:36,821 [54207fe5-d92c-4c2e-b058-fbae630dabef-SegmentedRaftLogWorker:Storage Directory /workdir/hadoop-ozone/integration-test/target/test-dir/MiniOzoneClusterImpl-0561fc2e-9288-4596-b687-0c9fb03504b1/datanode-2/data/ratis/c8227d39-8132-4283-a3c0-6f370a55bf23] INFO  impl.RoleInfo (RoleInfo.java:shutdownLeaderState(104)) - 54207fe5-d92c-4c2e-b058-fbae630dabef: shutdown LeaderState
2019-09-20 10:24:36,821 [54207fe5-d92c-4c2e-b058-fbae630dabef-SegmentedRaftLogWorker:Storage Directory /workdir/hadoop-ozone/integration-test/target/test-dir/MiniOzoneClusterImpl-0561fc2e-9288-4596-b687-0c9fb03504b1/datanode-2/data/ratis/c8227d39-8132-4283-a3c0-6f370a55bf23] INFO  impl.PendingRequests (PendingRequests.java:sendNotLeaderResponses(202)) - 54207fe5-d92c-4c2e-b058-fbae630dabef-PendingRequests: sendNotLeaderResponses
2019-09-20 10:24:36,821 [54207fe5-d92c-4c2e-b058-fbae630dabef-SegmentedRaftLogWorker:Storage Directory /workdir/hadoop-ozone/integration-test/target/test-dir/MiniOzoneClusterImpl-0561fc2e-9288-4596-b687-0c9fb03504b1/datanode-2/data/ratis/c8227d39-8132-4283-a3c0-6f370a55bf23] INFO  impl.StateMachineUpdater (StateMachineUpdater.java:stopAndJoin(115)) - StateMachineUpdater:54207fe5-d92c-4c2e-b058-fbae630dabef:group-6F370A55BF23: set stopIndex = -1
2019-09-20 10:24:36,821 [54207fe5-d92c-4c2e-b058-fbae630dabef-SegmentedRaftLogWorker:Storage Directory /workdir/hadoop-ozone/integration-test/target/test-dir/MiniOzoneClusterImpl-0561fc2e-9288-4596-b687-0c9fb03504b1/datanode-2/data/ratis/c8227d39-8132-4283-a3c0-6f370a55bf23] INFO  impl.RaftServerImpl (ServerState.java:close(394)) - 54207fe5-d92c-4c2e-b058-fbae630dabef:group-6F370A55BF23 closes. The last applied log index is -1
2019-09-20 10:24:36,822 [54207fe5-d92c-4c2e-b058-fbae630dabef-SegmentedRaftLogWorker:Storage Directory /workdir/hadoop-ozone/integration-test/target/test-dir/MiniOzoneClusterImpl-0561fc2e-9288-4596-b687-0c9fb03504b1/datanode-2/data/ratis/c8227d39-8132-4283-a3c0-6f370a55bf23] INFO  segmented.SegmentedRaftLogWorker (SegmentedRaftLogWorker.java:close(228)) - 54207fe5-d92c-4c2e-b058-fbae630dabef-SegmentedRaftLogWorker:Storage Directory /workdir/hadoop-ozone/integration-test/target/test-dir/MiniOzoneClusterImpl-0561fc2e-9288-4596-b687-0c9fb03504b1/datanode-2/data/ratis/c8227d39-8132-4283-a3c0-6f370a55bf23 close()
2019-09-20 10:24:36,836 | INFO  | SCMAudit | user=jenkins1000 | ip=192.168.36.99 | op=SEND_HEARTBEAT {datanodeUUID=7af711bd-b5ae-4a73-a8be-b970cae6c2d1, command=[]} | ret=SUCCESS |  
2019-09-20 10:24:36,838 | INFO  | SCMAudit | user=jenkins1000 | ip=192.168.36.99 | op=SEND_HEARTBEAT {datanodeUUID=4d972e91-cb6b-45de-8bd2-c18af7abe58b, command=[]} | ret=SUCCESS |  
2019-09-20 10:24:36,839 | INFO  | SCMAudit | user=jenkins1000 | ip=192.168.36.99 | op=SEND_HEARTBEAT {datanodeUUID=17e2ba94-38a1-40e7-84e0-f6802901db84, command=[]} | ret=SUCCESS |  
2019-09-20 10:24:36,839 | INFO  | SCMAudit | user=jenkins1000 | ip=192.168.36.99 | op=SEND_HEARTBEAT {datanodeUUID=54207fe5-d92c-4c2e-b058-fbae630dabef, command=[]} | ret=SUCCESS |  
2019-09-20 10:24:36,839 | INFO  | SCMAudit | user=jenkins1000 | ip=192.168.36.99 | op=SEND_HEARTBEAT {datanodeUUID=19fb8383-7c99-4449-b95c-a26e71717844, command=[]} | ret=SUCCESS |  
2019-09-20 10:24:36,839 | INFO  | SCMAudit | user=jenkins1000 | ip=192.168.36.99 | op=SEND_HEARTBEAT {datanodeUUID=6491c372-a595-4104-b3e9-c4f3293baafa, command=[]} | ret=SUCCESS |  
2019-09-20 10:24:36,839 | INFO  | SCMAudit | user=jenkins1000 | ip=192.168.36.99 | op=SEND_HEARTBEAT {datanodeUUID=60260ec1-e192-4b95-89c8-d924d16a77a9, command=[]} | ret=SUCCESS |  
2019-09-20 10:24:36,839 | INFO  | SCMAudit | user=jenkins1000 | ip=192.168.36.99 | op=SEND_HEARTBEAT {datanodeUUID=9e03ffa9-cf79-407a-a150-4c035e5aec5e, command=[]} | ret=SUCCESS |  
2019-09-20 10:24:36,839 | INFO  | SCMAudit | user=jenkins1000 | ip=192.168.36.99 | op=SEND_HEARTBEAT {datanodeUUID=468be06f-55e9-4831-ba6b-3db017451a79, command=[]} | ret=SUCCESS |  
2019-09-20 10:24:36,839 | INFO  | SCMAudit | user=jenkins1000 | ip=192.168.36.99 | op=SEND_HEARTBEAT {datanodeUUID=c3e532f8-1a8e-44f3-b56b-d765aee893af, command=[]} | ret=SUCCESS |  
2019-09-20 10:24:36,839 | INFO  | SCMAudit | user=jenkins1000 | ip=192.168.36.99 | op=SEND_HEARTBEAT {datanodeUUID=d2ed2d9b-7ac7-460e-84f6-6d9d6066f76d, command=[]} | ret=SUCCESS |  
2019-09-20 10:24:36,840 | INFO  | SCMAudit | user=jenkins1000 | ip=192.168.36.99 | op=SEND_HEARTBEAT {datanodeUUID=66416d0b-a71c-4af1-ae3a-62ca63b880a3, command=[]} | ret=SUCCESS |  
2019-09-20 10:24:36,840 | INFO  | SCMAudit | user=jenkins1000 | ip=192.168.36.99 | op=SEND_HEARTBEAT {datanodeUUID=1ab786b9-c79c-4265-88a1-5b3344c6beda, command=[]} | ret=SUCCESS |  
2019-09-20 10:24:36,840 | INFO  | SCMAudit | user=jenkins1000 | ip=192.168.36.99 | op=SEND_HEARTBEAT {datanodeUUID=3d6f3241-e73c-473a-ad0b-c7be2f7e1dda, command=[]} | ret=SUCCESS |  
2019-09-20 10:24:36,948 [19fb8383-7c99-4449-b95c-a26e71717844-SegmentedRaftLogWorker:Storage Directory /workdir/hadoop-ozone/integration-test/target/test-dir/MiniOzoneClusterImpl-0561fc2e-9288-4596-b687-0c9fb03504b1/datanode-5/data/ratis/b5874132-474f-4f23-bc9a-f5a93cb7fe84] ERROR segmented.SegmentedRaftLogWorker (SegmentedRaftLogWorker.java:run(323)) - 19fb8383-7c99-4449-b95c-a26e71717844-SegmentedRaftLogWorker:Storage Directory /workdir/hadoop-ozone/integration-test/target/test-dir/MiniOzoneClusterImpl-0561fc2e-9288-4596-b687-0c9fb03504b1/datanode-5/data/ratis/b5874132-474f-4f23-bc9a-f5a93cb7fe84 hit exception
java.lang.OutOfMemoryError: Direct buffer memory
	at java.nio.Bits.reserveMemory(Bits.java:666)
	at java.nio.DirectByteBuffer.<init>(DirectByteBuffer.java:123)
	at java.nio.ByteBuffer.allocateDirect(ByteBuffer.java:311)
	at org.apache.ratis.server.raftlog.segmented.BufferedWriteChannel.<init>(BufferedWriteChannel.java:41)
	at org.apache.ratis.server.raftlog.segmented.SegmentedRaftLogOutputStream.<init>(SegmentedRaftLogOutputStream.java:72)
	at org.apache.ratis.server.raftlog.segmented.SegmentedRaftLogWorker$StartLogSegment.execute(SegmentedRaftLogWorker.java:566)
	at org.apache.ratis.server.raftlog.segmented.SegmentedRaftLogWorker.run(SegmentedRaftLogWorker.java:289)
	at java.lang.Thread.run(Thread.java:748)
2019-09-20 10:24:36,948 [19fb8383-7c99-4449-b95c-a26e71717844-SegmentedRaftLogWorker:Storage Directory /workdir/hadoop-ozone/integration-test/target/test-dir/MiniOzoneClusterImpl-0561fc2e-9288-4596-b687-0c9fb03504b1/datanode-5/data/ratis/b5874132-474f-4f23-bc9a-f5a93cb7fe84] INFO  impl.RaftServerImpl (RaftServerImpl.java:lambda$shutdown$3(245)) - 19fb8383-7c99-4449-b95c-a26e71717844: shutdown group-F5A93CB7FE84
2019-09-20 10:24:36,949 [19fb8383-7c99-4449-b95c-a26e71717844-SegmentedRaftLogWorker:Storage Directory /workdir/hadoop-ozone/integration-test/target/test-dir/MiniOzoneClusterImpl-0561fc2e-9288-4596-b687-0c9fb03504b1/datanode-5/data/ratis/b5874132-474f-4f23-bc9a-f5a93cb7fe84] INFO  util.JmxRegister (JmxRegister.java:unregister(73)) - Successfully un-registered JMX Bean with object name Ratis:service=RaftServer,group=group-F5A93CB7FE84,id=19fb8383-7c99-4449-b95c-a26e71717844
2019-09-20 10:24:36,949 [19fb8383-7c99-4449-b95c-a26e71717844-SegmentedRaftLogWorker:Storage Directory /workdir/hadoop-ozone/integration-test/target/test-dir/MiniOzoneClusterImpl-0561fc2e-9288-4596-b687-0c9fb03504b1/datanode-5/data/ratis/b5874132-474f-4f23-bc9a-f5a93cb7fe84] INFO  impl.RoleInfo (RoleInfo.java:shutdownLeaderState(104)) - 19fb8383-7c99-4449-b95c-a26e71717844: shutdown LeaderState
2019-09-20 10:24:36,949 [19fb8383-7c99-4449-b95c-a26e71717844-SegmentedRaftLogWorker:Storage Directory /workdir/hadoop-ozone/integration-test/target/test-dir/MiniOzoneClusterImpl-0561fc2e-9288-4596-b687-0c9fb03504b1/datanode-5/data/ratis/b5874132-474f-4f23-bc9a-f5a93cb7fe84] INFO  impl.PendingRequests (PendingRequests.java:sendNotLeaderResponses(202)) - 19fb8383-7c99-4449-b95c-a26e71717844-PendingRequests: sendNotLeaderResponses
2019-09-20 10:24:36,949 [19fb8383-7c99-4449-b95c-a26e71717844-SegmentedRaftLogWorker:Storage Directory /workdir/hadoop-ozone/integration-test/target/test-dir/MiniOzoneClusterImpl-0561fc2e-9288-4596-b687-0c9fb03504b1/datanode-5/data/ratis/b5874132-474f-4f23-bc9a-f5a93cb7fe84] INFO  impl.StateMachineUpdater (StateMachineUpdater.java:stopAndJoin(115)) - StateMachineUpdater:19fb8383-7c99-4449-b95c-a26e71717844:group-F5A93CB7FE84: set stopIndex = -1
2019-09-20 10:24:36,950 [19fb8383-7c99-4449-b95c-a26e71717844-SegmentedRaftLogWorker:Storage Directory /workdir/hadoop-ozone/integration-test/target/test-dir/MiniOzoneClusterImpl-0561fc2e-9288-4596-b687-0c9fb03504b1/datanode-5/data/ratis/b5874132-474f-4f23-bc9a-f5a93cb7fe84] INFO  impl.RaftServerImpl (ServerState.java:close(394)) - 19fb8383-7c99-4449-b95c-a26e71717844:group-F5A93CB7FE84 closes. The last applied log index is -1
2019-09-20 10:24:36,950 [19fb8383-7c99-4449-b95c-a26e71717844-SegmentedRaftLogWorker:Storage Directory /workdir/hadoop-ozone/integration-test/target/test-dir/MiniOzoneClusterImpl-0561fc2e-9288-4596-b687-0c9fb03504b1/datanode-5/data/ratis/b5874132-474f-4f23-bc9a-f5a93cb7fe84] INFO  segmented.SegmentedRaftLogWorker (SegmentedRaftLogWorker.java:close(228)) - 19fb8383-7c99-4449-b95c-a26e71717844-SegmentedRaftLogWorker:Storage Directory /workdir/hadoop-ozone/integration-test/target/test-dir/MiniOzoneClusterImpl-0561fc2e-9288-4596-b687-0c9fb03504b1/datanode-5/data/ratis/b5874132-474f-4f23-bc9a-f5a93cb7fe84 close()
2019-09-20 10:24:37,093 [468be06f-55e9-4831-ba6b-3db017451a79-SegmentedRaftLogWorker:Storage Directory /workdir/hadoop-ozone/integration-test/target/test-dir/MiniOzoneClusterImpl-0561fc2e-9288-4596-b687-0c9fb03504b1/datanode-6/data/ratis/0e782cf8-6eb1-4ecd-afad-d1a08f1980e2] ERROR segmented.SegmentedRaftLogWorker (SegmentedRaftLogWorker.java:run(323)) - 468be06f-55e9-4831-ba6b-3db017451a79-SegmentedRaftLogWorker:Storage Directory /workdir/hadoop-ozone/integration-test/target/test-dir/MiniOzoneClusterImpl-0561fc2e-9288-4596-b687-0c9fb03504b1/datanode-6/data/ratis/0e782cf8-6eb1-4ecd-afad-d1a08f1980e2 hit exception
java.lang.OutOfMemoryError: Direct buffer memory
	at java.nio.Bits.reserveMemory(Bits.java:666)
	at java.nio.DirectByteBuffer.<init>(DirectByteBuffer.java:123)
	at java.nio.ByteBuffer.allocateDirect(ByteBuffer.java:311)
	at org.apache.ratis.server.raftlog.segmented.BufferedWriteChannel.<init>(BufferedWriteChannel.java:41)
	at org.apache.ratis.server.raftlog.segmented.SegmentedRaftLogOutputStream.<init>(SegmentedRaftLogOutputStream.java:72)
	at org.apache.ratis.server.raftlog.segmented.SegmentedRaftLogWorker$StartLogSegment.execute(SegmentedRaftLogWorker.java:566)
	at org.apache.ratis.server.raftlog.segmented.SegmentedRaftLogWorker.run(SegmentedRaftLogWorker.java:289)
	at java.lang.Thread.run(Thread.java:748)
2019-09-20 10:24:37,094 [468be06f-55e9-4831-ba6b-3db017451a79-SegmentedRaftLogWorker:Storage Directory /workdir/hadoop-ozone/integration-test/target/test-dir/MiniOzoneClusterImpl-0561fc2e-9288-4596-b687-0c9fb03504b1/datanode-6/data/ratis/0e782cf8-6eb1-4ecd-afad-d1a08f1980e2] INFO  impl.RaftServerImpl (RaftServerImpl.java:lambda$shutdown$3(245)) - 468be06f-55e9-4831-ba6b-3db017451a79: shutdown group-D1A08F1980E2
2019-09-20 10:24:37,094 [468be06f-55e9-4831-ba6b-3db017451a79-SegmentedRaftLogWorker:Storage Directory /workdir/hadoop-ozone/integration-test/target/test-dir/MiniOzoneClusterImpl-0561fc2e-9288-4596-b687-0c9fb03504b1/datanode-6/data/ratis/0e782cf8-6eb1-4ecd-afad-d1a08f1980e2] INFO  util.JmxRegister (JmxRegister.java:unregister(73)) - Successfully un-registered JMX Bean with object name Ratis:service=RaftServer,group=group-D1A08F1980E2,id=468be06f-55e9-4831-ba6b-3db017451a79
2019-09-20 10:24:37,094 [468be06f-55e9-4831-ba6b-3db017451a79-SegmentedRaftLogWorker:Storage Directory /workdir/hadoop-ozone/integration-test/target/test-dir/MiniOzoneClusterImpl-0561fc2e-9288-4596-b687-0c9fb03504b1/datanode-6/data/ratis/0e782cf8-6eb1-4ecd-afad-d1a08f1980e2] INFO  impl.RoleInfo (RoleInfo.java:shutdownLeaderState(104)) - 468be06f-55e9-4831-ba6b-3db017451a79: shutdown LeaderState
2019-09-20 10:24:37,094 [468be06f-55e9-4831-ba6b-3db017451a79-SegmentedRaftLogWorker:Storage Directory /workdir/hadoop-ozone/integration-test/target/test-dir/MiniOzoneClusterImpl-0561fc2e-9288-4596-b687-0c9fb03504b1/datanode-6/data/ratis/0e782cf8-6eb1-4ecd-afad-d1a08f1980e2] INFO  impl.PendingRequests (PendingRequests.java:sendNotLeaderResponses(202)) - 468be06f-55e9-4831-ba6b-3db017451a79-PendingRequests: sendNotLeaderResponses
2019-09-20 10:24:37,094 [468be06f-55e9-4831-ba6b-3db017451a79-SegmentedRaftLogWorker:Storage Directory /workdir/hadoop-ozone/integration-test/target/test-dir/MiniOzoneClusterImpl-0561fc2e-9288-4596-b687-0c9fb03504b1/datanode-6/data/ratis/0e782cf8-6eb1-4ecd-afad-d1a08f1980e2] INFO  impl.StateMachineUpdater (StateMachineUpdater.java:stopAndJoin(115)) - StateMachineUpdater:468be06f-55e9-4831-ba6b-3db017451a79:group-D1A08F1980E2: set stopIndex = -1
2019-09-20 10:24:37,095 [468be06f-55e9-4831-ba6b-3db017451a79-SegmentedRaftLogWorker:Storage Directory /workdir/hadoop-ozone/integration-test/target/test-dir/MiniOzoneClusterImpl-0561fc2e-9288-4596-b687-0c9fb03504b1/datanode-6/data/ratis/0e782cf8-6eb1-4ecd-afad-d1a08f1980e2] INFO  impl.RaftServerImpl (ServerState.java:close(394)) - 468be06f-55e9-4831-ba6b-3db017451a79:group-D1A08F1980E2 closes. The last applied log index is -1
2019-09-20 10:24:37,095 [468be06f-55e9-4831-ba6b-3db017451a79-SegmentedRaftLogWorker:Storage Directory /workdir/hadoop-ozone/integration-test/target/test-dir/MiniOzoneClusterImpl-0561fc2e-9288-4596-b687-0c9fb03504b1/datanode-6/data/ratis/0e782cf8-6eb1-4ecd-afad-d1a08f1980e2] INFO  segmented.SegmentedRaftLogWorker (SegmentedRaftLogWorker.java:close(228)) - 468be06f-55e9-4831-ba6b-3db017451a79-SegmentedRaftLogWorker:Storage Directory /workdir/hadoop-ozone/integration-test/target/test-dir/MiniOzoneClusterImpl-0561fc2e-9288-4596-b687-0c9fb03504b1/datanode-6/data/ratis/0e782cf8-6eb1-4ecd-afad-d1a08f1980e2 close()
2019-09-20 10:24:37,169 [grpc-default-executor-4] INFO  client.GrpcClientProtocolClient (GrpcClientProtocolClient.java:onNext(255)) - client-21807ED29EC2->9e03ffa9-cf79-407a-a150-4c035e5aec5e: receive RaftClientReply:client-21807ED29EC2->9e03ffa9-cf79-407a-a150-4c035e5aec5e@group-576A86C1D849, cid=84, FAILED org.apache.ratis.protocol.NotLeaderException: Server 9e03ffa9-cf79-407a-a150-4c035e5aec5e is not the leader (null). Request must be sent to leader., logIndex=0, commits[9e03ffa9-cf79-407a-a150-4c035e5aec5e:c-1]
2019-09-20 10:24:37,603 [Thread-811] INFO  impl.FollowerState (FollowerState.java:run(106)) - 468be06f-55e9-4831-ba6b-3db017451a79:group-B46B26B6325F changes to CANDIDATE, lastRpcTime:11058, electionTimeout:5083ms
2019-09-20 10:24:37,603 [Thread-811] INFO  impl.RoleInfo (RoleInfo.java:shutdownFollowerState(121)) - 468be06f-55e9-4831-ba6b-3db017451a79: shutdown FollowerState
2019-09-20 10:24:37,603 [Thread-811] INFO  impl.RaftServerImpl (RaftServerImpl.java:setRole(171)) - 468be06f-55e9-4831-ba6b-3db017451a79:group-B46B26B6325F changes role from FOLLOWER to CANDIDATE at term 0 for changeToCandidate
2019-09-20 10:24:37,604 [Thread-811] INFO  impl.RoleInfo (RoleInfo.java:updateAndGet(143)) - 468be06f-55e9-4831-ba6b-3db017451a79: start LeaderElection
2019-09-20 10:24:37,618 [Thread-808] INFO  impl.FollowerState (FollowerState.java:run(106)) - 468be06f-55e9-4831-ba6b-3db017451a79:group-F8803D57037C changes to CANDIDATE, lastRpcTime:11175, electionTimeout:5098ms
2019-09-20 10:24:37,619 [Thread-808] INFO  impl.RoleInfo (RoleInfo.java:shutdownFollowerState(121)) - 468be06f-55e9-4831-ba6b-3db017451a79: shutdown FollowerState
2019-09-20 10:24:37,619 [Thread-808] INFO  impl.RaftServerImpl (RaftServerImpl.java:setRole(171)) - 468be06f-55e9-4831-ba6b-3db017451a79:group-F8803D57037C changes role from FOLLOWER to CANDIDATE at term 0 for changeToCandidate
2019-09-20 10:24:37,619 [Thread-808] INFO  impl.RoleInfo (RoleInfo.java:updateAndGet(143)) - 468be06f-55e9-4831-ba6b-3db017451a79: start LeaderElection
2019-09-20 10:24:37,619 [468be06f-55e9-4831-ba6b-3db017451a79:group-B46B26B6325F:LeaderElection81] INFO  impl.LeaderElection (LeaderElection.java:askForVotes(181)) - 468be06f-55e9-4831-ba6b-3db017451a79:group-B46B26B6325F:LeaderElection81: begin an election at term 1 for -1: [468be06f-55e9-4831-ba6b-3db017451a79:192.168.36.99:34815], old=null
2019-09-20 10:24:37,620 [468be06f-55e9-4831-ba6b-3db017451a79:group-B46B26B6325F:LeaderElection81] INFO  impl.RoleInfo (RoleInfo.java:shutdownLeaderElection(134)) - 468be06f-55e9-4831-ba6b-3db017451a79: shutdown LeaderElection
2019-09-20 10:24:37,620 [468be06f-55e9-4831-ba6b-3db017451a79:group-B46B26B6325F:LeaderElection81] INFO  impl.RaftServerImpl (RaftServerImpl.java:setRole(171)) - 468be06f-55e9-4831-ba6b-3db017451a79:group-B46B26B6325F changes role from CANDIDATE to LEADER at term 1 for changeToLeader
2019-09-20 10:24:37,620 [468be06f-55e9-4831-ba6b-3db017451a79:group-B46B26B6325F:LeaderElection81] INFO  impl.RaftServerImpl (ServerState.java:setLeader(263)) - 468be06f-55e9-4831-ba6b-3db017451a79:group-B46B26B6325F change Leader from null to 468be06f-55e9-4831-ba6b-3db017451a79 at term 1 for becomeLeader, leader elected after 11080ms
2019-09-20 10:24:37,620 [468be06f-55e9-4831-ba6b-3db017451a79:group-B46B26B6325F:LeaderElection81] INFO  server.RaftServerConfigKeys (ConfUtils.java:logGet(43)) - raft.server.staging.catchup.gap = 1000 (default)
2019-09-20 10:24:37,621 [468be06f-55e9-4831-ba6b-3db017451a79:group-B46B26B6325F:LeaderElection81] INFO  server.RaftServerConfigKeys (ConfUtils.java:logGet(43)) - raft.server.rpc.sleep.time = 25ms (default)
2019-09-20 10:24:37,621 [468be06f-55e9-4831-ba6b-3db017451a79:group-B46B26B6325F:LeaderElection81] INFO  server.RaftServerConfigKeys (ConfUtils.java:logGet(43)) - raft.server.write.element-limit = 4096 (default)
2019-09-20 10:24:37,621 [468be06f-55e9-4831-ba6b-3db017451a79:group-B46B26B6325F:LeaderElection81] INFO  server.RaftServerConfigKeys (ConfUtils.java:logGet(43)) - raft.server.watch.timeout = 10s (default)
2019-09-20 10:24:37,621 [468be06f-55e9-4831-ba6b-3db017451a79:group-B46B26B6325F:LeaderElection81] INFO  server.RaftServerConfigKeys (ConfUtils.java:logGet(43)) - raft.server.watch.timeout.denomination = 1s (default)
2019-09-20 10:24:37,621 [468be06f-55e9-4831-ba6b-3db017451a79:group-B46B26B6325F:LeaderElection81] INFO  server.RaftServerConfigKeys (ConfUtils.java:logGet(43)) - raft.server.watch.element-limit = 65536 (default)
2019-09-20 10:24:37,621 [468be06f-55e9-4831-ba6b-3db017451a79:group-B46B26B6325F:LeaderElection81] INFO  impl.RoleInfo (RoleInfo.java:updateAndGet(143)) - 468be06f-55e9-4831-ba6b-3db017451a79: start LeaderState
2019-09-20 10:24:37,622 [468be06f-55e9-4831-ba6b-3db017451a79:group-B46B26B6325F:LeaderElection81] INFO  segmented.SegmentedRaftLogWorker (SegmentedRaftLogWorker.java:startLogSegment(380)) - 468be06f-55e9-4831-ba6b-3db017451a79-SegmentedRaftLogWorker:Storage Directory /workdir/hadoop-ozone/integration-test/target/test-dir/MiniOzoneClusterImpl-0561fc2e-9288-4596-b687-0c9fb03504b1/datanode-6/data/ratis/308f121f-a29d-4807-81ab-b46b26b6325f: Starting segment from index:0
2019-09-20 10:24:37,967 | INFO  | SCMAudit | user=jenkins1000 | ip=192.168.36.99 | op=SEND_HEARTBEAT {datanodeUUID=d2ed2d9b-7ac7-460e-84f6-6d9d6066f76d, command=[]} | ret=SUCCESS |  
2019-09-20 10:24:37,968 | INFO  | SCMAudit | user=jenkins1000 | ip=192.168.36.99 | op=SEND_HEARTBEAT {datanodeUUID=66416d0b-a71c-4af1-ae3a-62ca63b880a3, command=[]} | ret=SUCCESS |  
2019-09-20 10:24:37,968 | INFO  | SCMAudit | user=jenkins1000 | ip=192.168.36.99 | op=SEND_HEARTBEAT {datanodeUUID=c3e532f8-1a8e-44f3-b56b-d765aee893af, command=[]} | ret=SUCCESS |  
2019-09-20 10:24:37,968 | INFO  | SCMAudit | user=jenkins1000 | ip=192.168.36.99 | op=SEND_HEARTBEAT {datanodeUUID=1ab786b9-c79c-4265-88a1-5b3344c6beda, command=[]} | ret=SUCCESS |  
2019-09-20 10:24:37,968 | INFO  | SCMAudit | user=jenkins1000 | ip=192.168.36.99 | op=SEND_HEARTBEAT {datanodeUUID=3d6f3241-e73c-473a-ad0b-c7be2f7e1dda, command=[]} | ret=SUCCESS |  
2019-09-20 10:24:37,968 | INFO  | SCMAudit | user=jenkins1000 | ip=192.168.36.99 | op=SEND_HEARTBEAT {datanodeUUID=19fb8383-7c99-4449-b95c-a26e71717844, command=[]} | ret=SUCCESS |  
2019-09-20 10:24:37,968 | INFO  | SCMAudit | user=jenkins1000 | ip=192.168.36.99 | op=SEND_HEARTBEAT {datanodeUUID=17e2ba94-38a1-40e7-84e0-f6802901db84, command=[]} | ret=SUCCESS |  
2019-09-20 10:24:37,968 | INFO  | SCMAudit | user=jenkins1000 | ip=192.168.36.99 | op=SEND_HEARTBEAT {datanodeUUID=4d972e91-cb6b-45de-8bd2-c18af7abe58b, command=[]} | ret=SUCCESS |  
2019-09-20 10:24:37,968 | INFO  | SCMAudit | user=jenkins1000 | ip=192.168.36.99 | op=SEND_HEARTBEAT {datanodeUUID=468be06f-55e9-4831-ba6b-3db017451a79, command=[]} | ret=SUCCESS |  
2019-09-20 10:24:37,968 | INFO  | SCMAudit | user=jenkins1000 | ip=192.168.36.99 | op=SEND_HEARTBEAT {datanodeUUID=54207fe5-d92c-4c2e-b058-fbae630dabef, command=[]} | ret=SUCCESS |  
2019-09-20 10:24:37,969 | INFO  | SCMAudit | user=jenkins1000 | ip=192.168.36.99 | op=SEND_HEARTBEAT {datanodeUUID=7af711bd-b5ae-4a73-a8be-b970cae6c2d1, command=[]} | ret=SUCCESS |  
2019-09-20 10:24:37,969 | INFO  | SCMAudit | user=jenkins1000 | ip=192.168.36.99 | op=SEND_HEARTBEAT {datanodeUUID=60260ec1-e192-4b95-89c8-d924d16a77a9, command=[]} | ret=SUCCESS |  
2019-09-20 10:24:37,969 | INFO  | SCMAudit | user=jenkins1000 | ip=192.168.36.99 | op=SEND_HEARTBEAT {datanodeUUID=9e03ffa9-cf79-407a-a150-4c035e5aec5e, command=[]} | ret=SUCCESS |  
2019-09-20 10:24:37,970 | INFO  | SCMAudit | user=jenkins1000 | ip=192.168.36.99 | op=SEND_HEARTBEAT {datanodeUUID=6491c372-a595-4104-b3e9-c4f3293baafa, command=[]} | ret=SUCCESS |  
2019-09-20 10:24:37,975 [468be06f-55e9-4831-ba6b-3db017451a79:group-B46B26B6325F:LeaderElection81] INFO  impl.RaftServerImpl (ServerState.java:setRaftConf(361)) - 468be06f-55e9-4831-ba6b-3db017451a79:group-B46B26B6325F set configuration 0: [468be06f-55e9-4831-ba6b-3db017451a79:192.168.36.99:34815], old=null at 0
2019-09-20 10:24:37,975 [468be06f-55e9-4831-ba6b-3db017451a79:group-F8803D57037C:LeaderElection82] INFO  impl.LeaderElection (LeaderElection.java:askForVotes(181)) - 468be06f-55e9-4831-ba6b-3db017451a79:group-F8803D57037C:LeaderElection82: begin an election at term 1 for -1: [468be06f-55e9-4831-ba6b-3db017451a79:192.168.36.99:34815], old=null
2019-09-20 10:24:37,975 [Thread-805] INFO  impl.FollowerState (FollowerState.java:run(106)) - 19fb8383-7c99-4449-b95c-a26e71717844:group-6F6D52800827 changes to CANDIDATE, lastRpcTime:11607, electionTimeout:5152ms
2019-09-20 10:24:37,976 [468be06f-55e9-4831-ba6b-3db017451a79:group-F8803D57037C:LeaderElection82] INFO  impl.RoleInfo (RoleInfo.java:shutdownLeaderElection(134)) - 468be06f-55e9-4831-ba6b-3db017451a79: shutdown LeaderElection
2019-09-20 10:24:37,976 [Thread-805] INFO  impl.RoleInfo (RoleInfo.java:shutdownFollowerState(121)) - 19fb8383-7c99-4449-b95c-a26e71717844: shutdown FollowerState
2019-09-20 10:24:37,976 [468be06f-55e9-4831-ba6b-3db017451a79:group-F8803D57037C:LeaderElection82] INFO  impl.RaftServerImpl (RaftServerImpl.java:setRole(171)) - 468be06f-55e9-4831-ba6b-3db017451a79:group-F8803D57037C changes role from CANDIDATE to LEADER at term 1 for changeToLeader
2019-09-20 10:24:37,976 [Thread-805] INFO  impl.RaftServerImpl (RaftServerImpl.java:setRole(171)) - 19fb8383-7c99-4449-b95c-a26e71717844:group-6F6D52800827 changes role from FOLLOWER to CANDIDATE at term 0 for changeToCandidate
2019-09-20 10:24:37,976 [468be06f-55e9-4831-ba6b-3db017451a79:group-F8803D57037C:LeaderElection82] INFO  impl.RaftServerImpl (ServerState.java:setLeader(263)) - 468be06f-55e9-4831-ba6b-3db017451a79:group-F8803D57037C change Leader from null to 468be06f-55e9-4831-ba6b-3db017451a79 at term 1 for becomeLeader, leader elected after 11537ms
2019-09-20 10:24:37,976 [Thread-805] INFO  impl.RoleInfo (RoleInfo.java:updateAndGet(143)) - 19fb8383-7c99-4449-b95c-a26e71717844: start LeaderElection
2019-09-20 10:24:37,977 [468be06f-55e9-4831-ba6b-3db017451a79:group-F8803D57037C:LeaderElection82] INFO  server.RaftServerConfigKeys (ConfUtils.java:logGet(43)) - raft.server.staging.catchup.gap = 1000 (default)
2019-09-20 10:24:37,977 [468be06f-55e9-4831-ba6b-3db017451a79:group-F8803D57037C:LeaderElection82] INFO  server.RaftServerConfigKeys (ConfUtils.java:logGet(43)) - raft.server.rpc.sleep.time = 25ms (default)
2019-09-20 10:24:37,977 [468be06f-55e9-4831-ba6b-3db017451a79:group-F8803D57037C:LeaderElection82] INFO  server.RaftServerConfigKeys (ConfUtils.java:logGet(43)) - raft.server.write.element-limit = 4096 (default)
2019-09-20 10:24:37,977 [468be06f-55e9-4831-ba6b-3db017451a79:group-F8803D57037C:LeaderElection82] INFO  server.RaftServerConfigKeys (ConfUtils.java:logGet(43)) - raft.server.watch.timeout = 10s (default)
2019-09-20 10:24:37,978 [468be06f-55e9-4831-ba6b-3db017451a79:group-F8803D57037C:LeaderElection82] INFO  server.RaftServerConfigKeys (ConfUtils.java:logGet(43)) - raft.server.watch.timeout.denomination = 1s (default)
2019-09-20 10:24:37,978 [468be06f-55e9-4831-ba6b-3db017451a79:group-F8803D57037C:LeaderElection82] INFO  server.RaftServerConfigKeys (ConfUtils.java:logGet(43)) - raft.server.watch.element-limit = 65536 (default)
2019-09-20 10:24:37,978 [468be06f-55e9-4831-ba6b-3db017451a79:group-F8803D57037C:LeaderElection82] INFO  impl.RoleInfo (RoleInfo.java:updateAndGet(143)) - 468be06f-55e9-4831-ba6b-3db017451a79: start LeaderState
2019-09-20 10:24:37,978 [468be06f-55e9-4831-ba6b-3db017451a79:group-F8803D57037C:LeaderElection82] INFO  segmented.SegmentedRaftLogWorker (SegmentedRaftLogWorker.java:startLogSegment(380)) - 468be06f-55e9-4831-ba6b-3db017451a79-SegmentedRaftLogWorker:Storage Directory /workdir/hadoop-ozone/integration-test/target/test-dir/MiniOzoneClusterImpl-0561fc2e-9288-4596-b687-0c9fb03504b1/datanode-6/data/ratis/984c59fa-b7b8-416b-917b-f8803d57037c: Starting segment from index:0
2019-09-20 10:24:38,269 [468be06f-55e9-4831-ba6b-3db017451a79:group-F8803D57037C:LeaderElection82] INFO  impl.RaftServerImpl (ServerState.java:setRaftConf(361)) - 468be06f-55e9-4831-ba6b-3db017451a79:group-F8803D57037C set configuration 0: [468be06f-55e9-4831-ba6b-3db017451a79:192.168.36.99:34815], old=null at 0
2019-09-20 10:24:38,269 [19fb8383-7c99-4449-b95c-a26e71717844:group-6F6D52800827:LeaderElection83] INFO  impl.LeaderElection (LeaderElection.java:askForVotes(181)) - 19fb8383-7c99-4449-b95c-a26e71717844:group-6F6D52800827:LeaderElection83: begin an election at term 1 for -1: [19fb8383-7c99-4449-b95c-a26e71717844:192.168.36.99:38491], old=null
2019-09-20 10:24:38,269 [19fb8383-7c99-4449-b95c-a26e71717844:group-6F6D52800827:LeaderElection83] INFO  impl.RoleInfo (RoleInfo.java:shutdownLeaderElection(134)) - 19fb8383-7c99-4449-b95c-a26e71717844: shutdown LeaderElection
2019-09-20 10:24:38,269 [19fb8383-7c99-4449-b95c-a26e71717844:group-6F6D52800827:LeaderElection83] INFO  impl.RaftServerImpl (RaftServerImpl.java:setRole(171)) - 19fb8383-7c99-4449-b95c-a26e71717844:group-6F6D52800827 changes role from CANDIDATE to LEADER at term 1 for changeToLeader
2019-09-20 10:24:38,269 [19fb8383-7c99-4449-b95c-a26e71717844:group-6F6D52800827:LeaderElection83] INFO  impl.RaftServerImpl (ServerState.java:setLeader(263)) - 19fb8383-7c99-4449-b95c-a26e71717844:group-6F6D52800827 change Leader from null to 19fb8383-7c99-4449-b95c-a26e71717844 at term 1 for becomeLeader, leader elected after 11906ms
2019-09-20 10:24:38,270 [19fb8383-7c99-4449-b95c-a26e71717844:group-6F6D52800827:LeaderElection83] INFO  server.RaftServerConfigKeys (ConfUtils.java:logGet(43)) - raft.server.staging.catchup.gap = 1000 (default)
2019-09-20 10:24:38,270 [19fb8383-7c99-4449-b95c-a26e71717844:group-6F6D52800827:LeaderElection83] INFO  server.RaftServerConfigKeys (ConfUtils.java:logGet(43)) - raft.server.rpc.sleep.time = 25ms (default)
2019-09-20 10:24:38,270 [19fb8383-7c99-4449-b95c-a26e71717844:group-6F6D52800827:LeaderElection83] INFO  server.RaftServerConfigKeys (ConfUtils.java:logGet(43)) - raft.server.write.element-limit = 4096 (default)
2019-09-20 10:24:38,270 [19fb8383-7c99-4449-b95c-a26e71717844:group-6F6D52800827:LeaderElection83] INFO  server.RaftServerConfigKeys (ConfUtils.java:logGet(43)) - raft.server.watch.timeout = 10s (default)
2019-09-20 10:24:38,270 [19fb8383-7c99-4449-b95c-a26e71717844:group-6F6D52800827:LeaderElection83] INFO  server.RaftServerConfigKeys (ConfUtils.java:logGet(43)) - raft.server.watch.timeout.denomination = 1s (default)
2019-09-20 10:24:38,270 [19fb8383-7c99-4449-b95c-a26e71717844:group-6F6D52800827:LeaderElection83] INFO  server.RaftServerConfigKeys (ConfUtils.java:logGet(43)) - raft.server.watch.element-limit = 65536 (default)
2019-09-20 10:24:38,271 [19fb8383-7c99-4449-b95c-a26e71717844:group-6F6D52800827:LeaderElection83] INFO  impl.RoleInfo (RoleInfo.java:updateAndGet(143)) - 19fb8383-7c99-4449-b95c-a26e71717844: start LeaderState
2019-09-20 10:24:38,271 [19fb8383-7c99-4449-b95c-a26e71717844:group-6F6D52800827:LeaderElection83] INFO  segmented.SegmentedRaftLogWorker (SegmentedRaftLogWorker.java:startLogSegment(380)) - 19fb8383-7c99-4449-b95c-a26e71717844-SegmentedRaftLogWorker:Storage Directory /workdir/hadoop-ozone/integration-test/target/test-dir/MiniOzoneClusterImpl-0561fc2e-9288-4596-b687-0c9fb03504b1/datanode-5/data/ratis/079089be-e7d8-47ad-8d00-6f6d52800827: Starting segment from index:0
2019-09-20 10:24:38,271 [19fb8383-7c99-4449-b95c-a26e71717844:group-6F6D52800827:LeaderElection83] INFO  impl.RaftServerImpl (ServerState.java:setRaftConf(361)) - 19fb8383-7c99-4449-b95c-a26e71717844:group-6F6D52800827 set configuration 0: [19fb8383-7c99-4449-b95c-a26e71717844:192.168.36.99:38491], old=null at 0
2019-09-20 10:24:38,544 [grpc-default-executor-5] INFO  client.GrpcClientProtocolClient (GrpcClientProtocolClient.java:onNext(255)) - client-21807ED29EC2->468be06f-55e9-4831-ba6b-3db017451a79: receive RaftClientReply:client-21807ED29EC2->468be06f-55e9-4831-ba6b-3db017451a79@group-576A86C1D849, cid=84, FAILED org.apache.ratis.protocol.NotLeaderException: Server 468be06f-55e9-4831-ba6b-3db017451a79 is not the leader (null). Request must be sent to leader., logIndex=0, commits[468be06f-55e9-4831-ba6b-3db017451a79:c-1]
2019-09-20 10:24:38,966 | INFO  | SCMAudit | user=jenkins1000 | ip=192.168.36.99 | op=SEND_HEARTBEAT {datanodeUUID=3d6f3241-e73c-473a-ad0b-c7be2f7e1dda, command=[]} | ret=SUCCESS |  
2019-09-20 10:24:38,967 | INFO  | SCMAudit | user=jenkins1000 | ip=192.168.36.99 | op=SEND_HEARTBEAT {datanodeUUID=c3e532f8-1a8e-44f3-b56b-d765aee893af, command=[]} | ret=SUCCESS |  
2019-09-20 10:24:38,967 | INFO  | SCMAudit | user=jenkins1000 | ip=192.168.36.99 | op=SEND_HEARTBEAT {datanodeUUID=d2ed2d9b-7ac7-460e-84f6-6d9d6066f76d, command=[]} | ret=SUCCESS |  
2019-09-20 10:24:38,967 | INFO  | SCMAudit | user=jenkins1000 | ip=192.168.36.99 | op=SEND_HEARTBEAT {datanodeUUID=66416d0b-a71c-4af1-ae3a-62ca63b880a3, command=[]} | ret=SUCCESS |  
2019-09-20 10:24:38,968 | INFO  | SCMAudit | user=jenkins1000 | ip=192.168.36.99 | op=SEND_HEARTBEAT {datanodeUUID=19fb8383-7c99-4449-b95c-a26e71717844, command=[]} | ret=SUCCESS |  
2019-09-20 10:24:38,968 | INFO  | SCMAudit | user=jenkins1000 | ip=192.168.36.99 | op=SEND_HEARTBEAT {datanodeUUID=468be06f-55e9-4831-ba6b-3db017451a79, command=[]} | ret=SUCCESS |  
2019-09-20 10:24:38,968 | INFO  | SCMAudit | user=jenkins1000 | ip=192.168.36.99 | op=SEND_HEARTBEAT {datanodeUUID=17e2ba94-38a1-40e7-84e0-f6802901db84, command=[]} | ret=SUCCESS |  
2019-09-20 10:24:38,969 | INFO  | SCMAudit | user=jenkins1000 | ip=192.168.36.99 | op=SEND_HEARTBEAT {datanodeUUID=4d972e91-cb6b-45de-8bd2-c18af7abe58b, command=[]} | ret=SUCCESS |  
2019-09-20 10:24:38,969 | INFO  | SCMAudit | user=jenkins1000 | ip=192.168.36.99 | op=SEND_HEARTBEAT {datanodeUUID=1ab786b9-c79c-4265-88a1-5b3344c6beda, command=[]} | ret=SUCCESS |  
2019-09-20 10:24:38,969 | INFO  | SCMAudit | user=jenkins1000 | ip=192.168.36.99 | op=SEND_HEARTBEAT {datanodeUUID=54207fe5-d92c-4c2e-b058-fbae630dabef, command=[]} | ret=SUCCESS |  
2019-09-20 10:24:38,970 | INFO  | SCMAudit | user=jenkins1000 | ip=192.168.36.99 | op=SEND_HEARTBEAT {datanodeUUID=60260ec1-e192-4b95-89c8-d924d16a77a9, command=[]} | ret=SUCCESS |  
2019-09-20 10:24:38,970 | INFO  | SCMAudit | user=jenkins1000 | ip=192.168.36.99 | op=SEND_HEARTBEAT {datanodeUUID=7af711bd-b5ae-4a73-a8be-b970cae6c2d1, command=[]} | ret=SUCCESS |  
2019-09-20 10:24:38,970 | INFO  | SCMAudit | user=jenkins1000 | ip=192.168.36.99 | op=SEND_HEARTBEAT {datanodeUUID=9e03ffa9-cf79-407a-a150-4c035e5aec5e, command=[]} | ret=SUCCESS |  
2019-09-20 10:24:38,970 | INFO  | SCMAudit | user=jenkins1000 | ip=192.168.36.99 | op=SEND_HEARTBEAT {datanodeUUID=6491c372-a595-4104-b3e9-c4f3293baafa, command=[]} | ret=SUCCESS |  
2019-09-20 10:24:39,031 [468be06f-55e9-4831-ba6b-3db017451a79-SegmentedRaftLogWorker:Storage Directory /workdir/hadoop-ozone/integration-test/target/test-dir/MiniOzoneClusterImpl-0561fc2e-9288-4596-b687-0c9fb03504b1/datanode-6/data/ratis/308f121f-a29d-4807-81ab-b46b26b6325f] ERROR segmented.SegmentedRaftLogWorker (SegmentedRaftLogWorker.java:run(323)) - 468be06f-55e9-4831-ba6b-3db017451a79-SegmentedRaftLogWorker:Storage Directory /workdir/hadoop-ozone/integration-test/target/test-dir/MiniOzoneClusterImpl-0561fc2e-9288-4596-b687-0c9fb03504b1/datanode-6/data/ratis/308f121f-a29d-4807-81ab-b46b26b6325f hit exception
java.lang.OutOfMemoryError: Direct buffer memory
	at java.nio.Bits.reserveMemory(Bits.java:666)
	at java.nio.DirectByteBuffer.<init>(DirectByteBuffer.java:123)
	at java.nio.ByteBuffer.allocateDirect(ByteBuffer.java:311)
	at org.apache.ratis.server.raftlog.segmented.BufferedWriteChannel.<init>(BufferedWriteChannel.java:41)
	at org.apache.ratis.server.raftlog.segmented.SegmentedRaftLogOutputStream.<init>(SegmentedRaftLogOutputStream.java:72)
	at org.apache.ratis.server.raftlog.segmented.SegmentedRaftLogWorker$StartLogSegment.execute(SegmentedRaftLogWorker.java:566)
	at org.apache.ratis.server.raftlog.segmented.SegmentedRaftLogWorker.run(SegmentedRaftLogWorker.java:289)
	at java.lang.Thread.run(Thread.java:748)
2019-09-20 10:24:39,032 [468be06f-55e9-4831-ba6b-3db017451a79-SegmentedRaftLogWorker:Storage Directory /workdir/hadoop-ozone/integration-test/target/test-dir/MiniOzoneClusterImpl-0561fc2e-9288-4596-b687-0c9fb03504b1/datanode-6/data/ratis/308f121f-a29d-4807-81ab-b46b26b6325f] INFO  impl.RaftServerImpl (RaftServerImpl.java:lambda$shutdown$3(245)) - 468be06f-55e9-4831-ba6b-3db017451a79: shutdown group-B46B26B6325F
2019-09-20 10:24:39,032 [468be06f-55e9-4831-ba6b-3db017451a79-SegmentedRaftLogWorker:Storage Directory /workdir/hadoop-ozone/integration-test/target/test-dir/MiniOzoneClusterImpl-0561fc2e-9288-4596-b687-0c9fb03504b1/datanode-6/data/ratis/308f121f-a29d-4807-81ab-b46b26b6325f] INFO  util.JmxRegister (JmxRegister.java:unregister(73)) - Successfully un-registered JMX Bean with object name Ratis:service=RaftServer,group=group-B46B26B6325F,id=468be06f-55e9-4831-ba6b-3db017451a79
2019-09-20 10:24:39,032 [468be06f-55e9-4831-ba6b-3db017451a79-SegmentedRaftLogWorker:Storage Directory /workdir/hadoop-ozone/integration-test/target/test-dir/MiniOzoneClusterImpl-0561fc2e-9288-4596-b687-0c9fb03504b1/datanode-6/data/ratis/308f121f-a29d-4807-81ab-b46b26b6325f] INFO  impl.RoleInfo (RoleInfo.java:shutdownLeaderState(104)) - 468be06f-55e9-4831-ba6b-3db017451a79: shutdown LeaderState
2019-09-20 10:24:39,033 [468be06f-55e9-4831-ba6b-3db017451a79-SegmentedRaftLogWorker:Storage Directory /workdir/hadoop-ozone/integration-test/target/test-dir/MiniOzoneClusterImpl-0561fc2e-9288-4596-b687-0c9fb03504b1/datanode-6/data/ratis/308f121f-a29d-4807-81ab-b46b26b6325f] INFO  impl.PendingRequests (PendingRequests.java:sendNotLeaderResponses(202)) - 468be06f-55e9-4831-ba6b-3db017451a79-PendingRequests: sendNotLeaderResponses
2019-09-20 10:24:39,033 [468be06f-55e9-4831-ba6b-3db017451a79-SegmentedRaftLogWorker:Storage Directory /workdir/hadoop-ozone/integration-test/target/test-dir/MiniOzoneClusterImpl-0561fc2e-9288-4596-b687-0c9fb03504b1/datanode-6/data/ratis/308f121f-a29d-4807-81ab-b46b26b6325f] INFO  impl.StateMachineUpdater (StateMachineUpdater.java:stopAndJoin(115)) - StateMachineUpdater:468be06f-55e9-4831-ba6b-3db017451a79:group-B46B26B6325F: set stopIndex = -1
2019-09-20 10:24:39,033 [468be06f-55e9-4831-ba6b-3db017451a79-SegmentedRaftLogWorker:Storage Directory /workdir/hadoop-ozone/integration-test/target/test-dir/MiniOzoneClusterImpl-0561fc2e-9288-4596-b687-0c9fb03504b1/datanode-6/data/ratis/308f121f-a29d-4807-81ab-b46b26b6325f] INFO  impl.RaftServerImpl (ServerState.java:close(394)) - 468be06f-55e9-4831-ba6b-3db017451a79:group-B46B26B6325F closes. The last applied log index is -1
2019-09-20 10:24:39,033 [468be06f-55e9-4831-ba6b-3db017451a79-SegmentedRaftLogWorker:Storage Directory /workdir/hadoop-ozone/integration-test/target/test-dir/MiniOzoneClusterImpl-0561fc2e-9288-4596-b687-0c9fb03504b1/datanode-6/data/ratis/308f121f-a29d-4807-81ab-b46b26b6325f] INFO  segmented.SegmentedRaftLogWorker (SegmentedRaftLogWorker.java:close(228)) - 468be06f-55e9-4831-ba6b-3db017451a79-SegmentedRaftLogWorker:Storage Directory /workdir/hadoop-ozone/integration-test/target/test-dir/MiniOzoneClusterImpl-0561fc2e-9288-4596-b687-0c9fb03504b1/datanode-6/data/ratis/308f121f-a29d-4807-81ab-b46b26b6325f close()
2019-09-20 10:24:39,040 [468be06f-55e9-4831-ba6b-3db017451a79-SegmentedRaftLogWorker:Storage Directory /workdir/hadoop-ozone/integration-test/target/test-dir/MiniOzoneClusterImpl-0561fc2e-9288-4596-b687-0c9fb03504b1/datanode-6/data/ratis/984c59fa-b7b8-416b-917b-f8803d57037c] ERROR segmented.SegmentedRaftLogWorker (SegmentedRaftLogWorker.java:run(323)) - 468be06f-55e9-4831-ba6b-3db017451a79-SegmentedRaftLogWorker:Storage Directory /workdir/hadoop-ozone/integration-test/target/test-dir/MiniOzoneClusterImpl-0561fc2e-9288-4596-b687-0c9fb03504b1/datanode-6/data/ratis/984c59fa-b7b8-416b-917b-f8803d57037c hit exception
java.lang.OutOfMemoryError: Direct buffer memory
	at java.nio.Bits.reserveMemory(Bits.java:666)
	at java.nio.DirectByteBuffer.<init>(DirectByteBuffer.java:123)
	at java.nio.ByteBuffer.allocateDirect(ByteBuffer.java:311)
	at org.apache.ratis.server.raftlog.segmented.BufferedWriteChannel.<init>(BufferedWriteChannel.java:41)
	at org.apache.ratis.server.raftlog.segmented.SegmentedRaftLogOutputStream.<init>(SegmentedRaftLogOutputStream.java:72)
	at org.apache.ratis.server.raftlog.segmented.SegmentedRaftLogWorker$StartLogSegment.execute(SegmentedRaftLogWorker.java:566)
	at org.apache.ratis.server.raftlog.segmented.SegmentedRaftLogWorker.run(SegmentedRaftLogWorker.java:289)
	at java.lang.Thread.run(Thread.java:748)
2019-09-20 10:24:39,043 [468be06f-55e9-4831-ba6b-3db017451a79-SegmentedRaftLogWorker:Storage Directory /workdir/hadoop-ozone/integration-test/target/test-dir/MiniOzoneClusterImpl-0561fc2e-9288-4596-b687-0c9fb03504b1/datanode-6/data/ratis/984c59fa-b7b8-416b-917b-f8803d57037c] INFO  impl.RaftServerImpl (RaftServerImpl.java:lambda$shutdown$3(245)) - 468be06f-55e9-4831-ba6b-3db017451a79: shutdown group-F8803D57037C
2019-09-20 10:24:39,044 [468be06f-55e9-4831-ba6b-3db017451a79-SegmentedRaftLogWorker:Storage Directory /workdir/hadoop-ozone/integration-test/target/test-dir/MiniOzoneClusterImpl-0561fc2e-9288-4596-b687-0c9fb03504b1/datanode-6/data/ratis/984c59fa-b7b8-416b-917b-f8803d57037c] INFO  util.JmxRegister (JmxRegister.java:unregister(73)) - Successfully un-registered JMX Bean with object name Ratis:service=RaftServer,group=group-F8803D57037C,id=468be06f-55e9-4831-ba6b-3db017451a79
2019-09-20 10:24:39,044 [468be06f-55e9-4831-ba6b-3db017451a79-SegmentedRaftLogWorker:Storage Directory /workdir/hadoop-ozone/integration-test/target/test-dir/MiniOzoneClusterImpl-0561fc2e-9288-4596-b687-0c9fb03504b1/datanode-6/data/ratis/984c59fa-b7b8-416b-917b-f8803d57037c] INFO  impl.RoleInfo (RoleInfo.java:shutdownLeaderState(104)) - 468be06f-55e9-4831-ba6b-3db017451a79: shutdown LeaderState
2019-09-20 10:24:39,044 [468be06f-55e9-4831-ba6b-3db017451a79-SegmentedRaftLogWorker:Storage Directory /workdir/hadoop-ozone/integration-test/target/test-dir/MiniOzoneClusterImpl-0561fc2e-9288-4596-b687-0c9fb03504b1/datanode-6/data/ratis/984c59fa-b7b8-416b-917b-f8803d57037c] INFO  impl.PendingRequests (PendingRequests.java:sendNotLeaderResponses(202)) - 468be06f-55e9-4831-ba6b-3db017451a79-PendingRequests: sendNotLeaderResponses
2019-09-20 10:24:39,044 [468be06f-55e9-4831-ba6b-3db017451a79-SegmentedRaftLogWorker:Storage Directory /workdir/hadoop-ozone/integration-test/target/test-dir/MiniOzoneClusterImpl-0561fc2e-9288-4596-b687-0c9fb03504b1/datanode-6/data/ratis/984c59fa-b7b8-416b-917b-f8803d57037c] INFO  impl.StateMachineUpdater (StateMachineUpdater.java:stopAndJoin(115)) - StateMachineUpdater:468be06f-55e9-4831-ba6b-3db017451a79:group-F8803D57037C: set stopIndex = -1
2019-09-20 10:24:39,044 [468be06f-55e9-4831-ba6b-3db017451a79-SegmentedRaftLogWorker:Storage Directory /workdir/hadoop-ozone/integration-test/target/test-dir/MiniOzoneClusterImpl-0561fc2e-9288-4596-b687-0c9fb03504b1/datanode-6/data/ratis/984c59fa-b7b8-416b-917b-f8803d57037c] INFO  impl.RaftServerImpl (ServerState.java:close(394)) - 468be06f-55e9-4831-ba6b-3db017451a79:group-F8803D57037C closes. The last applied log index is -1
2019-09-20 10:24:39,045 [468be06f-55e9-4831-ba6b-3db017451a79-SegmentedRaftLogWorker:Storage Directory /workdir/hadoop-ozone/integration-test/target/test-dir/MiniOzoneClusterImpl-0561fc2e-9288-4596-b687-0c9fb03504b1/datanode-6/data/ratis/984c59fa-b7b8-416b-917b-f8803d57037c] INFO  segmented.SegmentedRaftLogWorker (SegmentedRaftLogWorker.java:close(228)) - 468be06f-55e9-4831-ba6b-3db017451a79-SegmentedRaftLogWorker:Storage Directory /workdir/hadoop-ozone/integration-test/target/test-dir/MiniOzoneClusterImpl-0561fc2e-9288-4596-b687-0c9fb03504b1/datanode-6/data/ratis/984c59fa-b7b8-416b-917b-f8803d57037c close()
2019-09-20 10:24:39,051 [19fb8383-7c99-4449-b95c-a26e71717844-SegmentedRaftLogWorker:Storage Directory /workdir/hadoop-ozone/integration-test/target/test-dir/MiniOzoneClusterImpl-0561fc2e-9288-4596-b687-0c9fb03504b1/datanode-5/data/ratis/079089be-e7d8-47ad-8d00-6f6d52800827] ERROR segmented.SegmentedRaftLogWorker (SegmentedRaftLogWorker.java:run(323)) - 19fb8383-7c99-4449-b95c-a26e71717844-SegmentedRaftLogWorker:Storage Directory /workdir/hadoop-ozone/integration-test/target/test-dir/MiniOzoneClusterImpl-0561fc2e-9288-4596-b687-0c9fb03504b1/datanode-5/data/ratis/079089be-e7d8-47ad-8d00-6f6d52800827 hit exception
java.lang.OutOfMemoryError: Direct buffer memory
	at java.nio.Bits.reserveMemory(Bits.java:666)
	at java.nio.DirectByteBuffer.<init>(DirectByteBuffer.java:123)
	at java.nio.ByteBuffer.allocateDirect(ByteBuffer.java:311)
	at org.apache.ratis.server.raftlog.segmented.BufferedWriteChannel.<init>(BufferedWriteChannel.java:41)
	at org.apache.ratis.server.raftlog.segmented.SegmentedRaftLogOutputStream.<init>(SegmentedRaftLogOutputStream.java:72)
	at org.apache.ratis.server.raftlog.segmented.SegmentedRaftLogWorker$StartLogSegment.execute(SegmentedRaftLogWorker.java:566)
	at org.apache.ratis.server.raftlog.segmented.SegmentedRaftLogWorker.run(SegmentedRaftLogWorker.java:289)
	at java.lang.Thread.run(Thread.java:748)
2019-09-20 10:24:39,051 [19fb8383-7c99-4449-b95c-a26e71717844-SegmentedRaftLogWorker:Storage Directory /workdir/hadoop-ozone/integration-test/target/test-dir/MiniOzoneClusterImpl-0561fc2e-9288-4596-b687-0c9fb03504b1/datanode-5/data/ratis/079089be-e7d8-47ad-8d00-6f6d52800827] INFO  impl.RaftServerImpl (RaftServerImpl.java:lambda$shutdown$3(245)) - 19fb8383-7c99-4449-b95c-a26e71717844: shutdown group-6F6D52800827
2019-09-20 10:24:39,051 [19fb8383-7c99-4449-b95c-a26e71717844-SegmentedRaftLogWorker:Storage Directory /workdir/hadoop-ozone/integration-test/target/test-dir/MiniOzoneClusterImpl-0561fc2e-9288-4596-b687-0c9fb03504b1/datanode-5/data/ratis/079089be-e7d8-47ad-8d00-6f6d52800827] INFO  util.JmxRegister (JmxRegister.java:unregister(73)) - Successfully un-registered JMX Bean with object name Ratis:service=RaftServer,group=group-6F6D52800827,id=19fb8383-7c99-4449-b95c-a26e71717844
2019-09-20 10:24:39,051 [19fb8383-7c99-4449-b95c-a26e71717844-SegmentedRaftLogWorker:Storage Directory /workdir/hadoop-ozone/integration-test/target/test-dir/MiniOzoneClusterImpl-0561fc2e-9288-4596-b687-0c9fb03504b1/datanode-5/data/ratis/079089be-e7d8-47ad-8d00-6f6d52800827] INFO  impl.RoleInfo (RoleInfo.java:shutdownLeaderState(104)) - 19fb8383-7c99-4449-b95c-a26e71717844: shutdown LeaderState
2019-09-20 10:24:39,052 [19fb8383-7c99-4449-b95c-a26e71717844-SegmentedRaftLogWorker:Storage Directory /workdir/hadoop-ozone/integration-test/target/test-dir/MiniOzoneClusterImpl-0561fc2e-9288-4596-b687-0c9fb03504b1/datanode-5/data/ratis/079089be-e7d8-47ad-8d00-6f6d52800827] INFO  impl.PendingRequests (PendingRequests.java:sendNotLeaderResponses(202)) - 19fb8383-7c99-4449-b95c-a26e71717844-PendingRequests: sendNotLeaderResponses
2019-09-20 10:24:39,052 [19fb8383-7c99-4449-b95c-a26e71717844-SegmentedRaftLogWorker:Storage Directory /workdir/hadoop-ozone/integration-test/target/test-dir/MiniOzoneClusterImpl-0561fc2e-9288-4596-b687-0c9fb03504b1/datanode-5/data/ratis/079089be-e7d8-47ad-8d00-6f6d52800827] INFO  impl.StateMachineUpdater (StateMachineUpdater.java:stopAndJoin(115)) - StateMachineUpdater:19fb8383-7c99-4449-b95c-a26e71717844:group-6F6D52800827: set stopIndex = -1
2019-09-20 10:24:39,052 [19fb8383-7c99-4449-b95c-a26e71717844-SegmentedRaftLogWorker:Storage Directory /workdir/hadoop-ozone/integration-test/target/test-dir/MiniOzoneClusterImpl-0561fc2e-9288-4596-b687-0c9fb03504b1/datanode-5/data/ratis/079089be-e7d8-47ad-8d00-6f6d52800827] INFO  impl.RaftServerImpl (ServerState.java:close(394)) - 19fb8383-7c99-4449-b95c-a26e71717844:group-6F6D52800827 closes. The last applied log index is -1
2019-09-20 10:24:39,052 [19fb8383-7c99-4449-b95c-a26e71717844-SegmentedRaftLogWorker:Storage Directory /workdir/hadoop-ozone/integration-test/target/test-dir/MiniOzoneClusterImpl-0561fc2e-9288-4596-b687-0c9fb03504b1/datanode-5/data/ratis/079089be-e7d8-47ad-8d00-6f6d52800827] INFO  segmented.SegmentedRaftLogWorker (SegmentedRaftLogWorker.java:close(228)) - 19fb8383-7c99-4449-b95c-a26e71717844-SegmentedRaftLogWorker:Storage Directory /workdir/hadoop-ozone/integration-test/target/test-dir/MiniOzoneClusterImpl-0561fc2e-9288-4596-b687-0c9fb03504b1/datanode-5/data/ratis/079089be-e7d8-47ad-8d00-6f6d52800827 close()
2019-09-20 10:24:39,058 [Thread-905] INFO  impl.FollowerState (FollowerState.java:run(106)) - 468be06f-55e9-4831-ba6b-3db017451a79:group-576A86C1D849 changes to CANDIDATE, lastRpcTime:5167, electionTimeout:5164ms
2019-09-20 10:24:39,061 [Thread-905] INFO  impl.RoleInfo (RoleInfo.java:shutdownFollowerState(121)) - 468be06f-55e9-4831-ba6b-3db017451a79: shutdown FollowerState
2019-09-20 10:24:39,061 [Thread-905] INFO  impl.RaftServerImpl (RaftServerImpl.java:setRole(171)) - 468be06f-55e9-4831-ba6b-3db017451a79:group-576A86C1D849 changes role from FOLLOWER to CANDIDATE at term 1 for changeToCandidate
2019-09-20 10:24:39,061 [Thread-905] INFO  impl.RoleInfo (RoleInfo.java:updateAndGet(143)) - 468be06f-55e9-4831-ba6b-3db017451a79: start LeaderElection
2019-09-20 10:24:39,074 [Thread-904] INFO  impl.FollowerState (FollowerState.java:run(106)) - 9e03ffa9-cf79-407a-a150-4c035e5aec5e:group-576A86C1D849 changes to CANDIDATE, lastRpcTime:5183, electionTimeout:5183ms
2019-09-20 10:24:39,074 [Thread-904] INFO  impl.RoleInfo (RoleInfo.java:shutdownFollowerState(121)) - 9e03ffa9-cf79-407a-a150-4c035e5aec5e: shutdown FollowerState
2019-09-20 10:24:39,074 [Thread-904] INFO  impl.RaftServerImpl (RaftServerImpl.java:setRole(171)) - 9e03ffa9-cf79-407a-a150-4c035e5aec5e:group-576A86C1D849 changes role from FOLLOWER to CANDIDATE at term 1 for changeToCandidate
2019-09-20 10:24:39,074 [Thread-904] INFO  impl.RoleInfo (RoleInfo.java:updateAndGet(143)) - 9e03ffa9-cf79-407a-a150-4c035e5aec5e: start LeaderElection
2019-09-20 10:24:39,077 [Thread-903] INFO  impl.FollowerState (FollowerState.java:run(106)) - 6491c372-a595-4104-b3e9-c4f3293baafa:group-576A86C1D849 changes to CANDIDATE, lastRpcTime:5187, electionTimeout:5186ms
2019-09-20 10:24:39,077 [Thread-903] INFO  impl.RoleInfo (RoleInfo.java:shutdownFollowerState(121)) - 6491c372-a595-4104-b3e9-c4f3293baafa: shutdown FollowerState
2019-09-20 10:24:39,078 [Thread-903] INFO  impl.RaftServerImpl (RaftServerImpl.java:setRole(171)) - 6491c372-a595-4104-b3e9-c4f3293baafa:group-576A86C1D849 changes role from FOLLOWER to CANDIDATE at term 1 for changeToCandidate
2019-09-20 10:24:39,078 [Thread-903] INFO  impl.RoleInfo (RoleInfo.java:updateAndGet(143)) - 6491c372-a595-4104-b3e9-c4f3293baafa: start LeaderElection
2019-09-20 10:24:39,114 [6491c372-a595-4104-b3e9-c4f3293baafa:group-576A86C1D849:LeaderElection86] INFO  impl.LeaderElection (LeaderElection.java:askForVotes(181)) - 6491c372-a595-4104-b3e9-c4f3293baafa:group-576A86C1D849:LeaderElection86: begin an election at term 2 for -1: [468be06f-55e9-4831-ba6b-3db017451a79:192.168.36.99:34815, 6491c372-a595-4104-b3e9-c4f3293baafa:192.168.36.99:41491, 9e03ffa9-cf79-407a-a150-4c035e5aec5e:192.168.36.99:38182], old=null
2019-09-20 10:24:39,114 [468be06f-55e9-4831-ba6b-3db017451a79:group-576A86C1D849:LeaderElection84] INFO  impl.LeaderElection (LeaderElection.java:askForVotes(181)) - 468be06f-55e9-4831-ba6b-3db017451a79:group-576A86C1D849:LeaderElection84: begin an election at term 2 for -1: [468be06f-55e9-4831-ba6b-3db017451a79:192.168.36.99:34815, 6491c372-a595-4104-b3e9-c4f3293baafa:192.168.36.99:41491, 9e03ffa9-cf79-407a-a150-4c035e5aec5e:192.168.36.99:38182], old=null
2019-09-20 10:24:39,114 [9e03ffa9-cf79-407a-a150-4c035e5aec5e:group-576A86C1D849:LeaderElection85] INFO  impl.LeaderElection (LeaderElection.java:askForVotes(181)) - 9e03ffa9-cf79-407a-a150-4c035e5aec5e:group-576A86C1D849:LeaderElection85: begin an election at term 2 for -1: [468be06f-55e9-4831-ba6b-3db017451a79:192.168.36.99:34815, 6491c372-a595-4104-b3e9-c4f3293baafa:192.168.36.99:41491, 9e03ffa9-cf79-407a-a150-4c035e5aec5e:192.168.36.99:38182], old=null
2019-09-20 10:24:39,122 [6491c372-a595-4104-b3e9-c4f3293baafa:group-576A86C1D849:LeaderElection86] INFO  impl.LeaderElection (LeaderElection.java:logAndReturn(56)) - 6491c372-a595-4104-b3e9-c4f3293baafa:group-576A86C1D849:LeaderElection86: Election REJECTED; received 2 response(s) [6491c372-a595-4104-b3e9-c4f3293baafa<-468be06f-55e9-4831-ba6b-3db017451a79#0:FAIL-t2, 6491c372-a595-4104-b3e9-c4f3293baafa<-9e03ffa9-cf79-407a-a150-4c035e5aec5e#0:FAIL-t2] and 0 exception(s); 6491c372-a595-4104-b3e9-c4f3293baafa:t2, leader=null, voted=6491c372-a595-4104-b3e9-c4f3293baafa, raftlog=6491c372-a595-4104-b3e9-c4f3293baafa-SegmentedRaftLog:OPENED:c-1,f-1,i0, conf=-1: [468be06f-55e9-4831-ba6b-3db017451a79:192.168.36.99:34815, 6491c372-a595-4104-b3e9-c4f3293baafa:192.168.36.99:41491, 9e03ffa9-cf79-407a-a150-4c035e5aec5e:192.168.36.99:38182], old=null
2019-09-20 10:24:39,122 [6491c372-a595-4104-b3e9-c4f3293baafa:group-576A86C1D849:LeaderElection86] INFO  impl.RaftServerImpl (RaftServerImpl.java:setRole(171)) - 6491c372-a595-4104-b3e9-c4f3293baafa:group-576A86C1D849 changes role from CANDIDATE to FOLLOWER at term 2 for DISCOVERED_A_NEW_TERM
2019-09-20 10:24:39,122 [9e03ffa9-cf79-407a-a150-4c035e5aec5e:group-576A86C1D849:LeaderElection85] INFO  impl.LeaderElection (LeaderElection.java:logAndReturn(56)) - 9e03ffa9-cf79-407a-a150-4c035e5aec5e:group-576A86C1D849:LeaderElection85: Election REJECTED; received 2 response(s) [9e03ffa9-cf79-407a-a150-4c035e5aec5e<-468be06f-55e9-4831-ba6b-3db017451a79#0:FAIL-t2, 9e03ffa9-cf79-407a-a150-4c035e5aec5e<-6491c372-a595-4104-b3e9-c4f3293baafa#0:FAIL-t2] and 0 exception(s); 9e03ffa9-cf79-407a-a150-4c035e5aec5e:t2, leader=null, voted=9e03ffa9-cf79-407a-a150-4c035e5aec5e, raftlog=9e03ffa9-cf79-407a-a150-4c035e5aec5e-SegmentedRaftLog:OPENED:c-1,f-1,i0, conf=-1: [468be06f-55e9-4831-ba6b-3db017451a79:192.168.36.99:34815, 6491c372-a595-4104-b3e9-c4f3293baafa:192.168.36.99:41491, 9e03ffa9-cf79-407a-a150-4c035e5aec5e:192.168.36.99:38182], old=null
2019-09-20 10:24:39,122 [468be06f-55e9-4831-ba6b-3db017451a79:group-576A86C1D849:LeaderElection84] INFO  impl.LeaderElection (LeaderElection.java:logAndReturn(56)) - 468be06f-55e9-4831-ba6b-3db017451a79:group-576A86C1D849:LeaderElection84: Election REJECTED; received 2 response(s) [468be06f-55e9-4831-ba6b-3db017451a79<-6491c372-a595-4104-b3e9-c4f3293baafa#0:FAIL-t2, 468be06f-55e9-4831-ba6b-3db017451a79<-9e03ffa9-cf79-407a-a150-4c035e5aec5e#0:FAIL-t2] and 0 exception(s); 468be06f-55e9-4831-ba6b-3db017451a79:t2, leader=null, voted=468be06f-55e9-4831-ba6b-3db017451a79, raftlog=468be06f-55e9-4831-ba6b-3db017451a79-SegmentedRaftLog:OPENED:c-1,f-1,i0, conf=-1: [468be06f-55e9-4831-ba6b-3db017451a79:192.168.36.99:34815, 6491c372-a595-4104-b3e9-c4f3293baafa:192.168.36.99:41491, 9e03ffa9-cf79-407a-a150-4c035e5aec5e:192.168.36.99:38182], old=null
2019-09-20 10:24:39,122 [6491c372-a595-4104-b3e9-c4f3293baafa:group-576A86C1D849:LeaderElection86] INFO  impl.RoleInfo (RoleInfo.java:shutdownLeaderElection(134)) - 6491c372-a595-4104-b3e9-c4f3293baafa: shutdown LeaderElection
2019-09-20 10:24:39,123 [468be06f-55e9-4831-ba6b-3db017451a79:group-576A86C1D849:LeaderElection84] INFO  impl.RaftServerImpl (RaftServerImpl.java:setRole(171)) - 468be06f-55e9-4831-ba6b-3db017451a79:group-576A86C1D849 changes role from CANDIDATE to FOLLOWER at term 2 for DISCOVERED_A_NEW_TERM
2019-09-20 10:24:39,123 [468be06f-55e9-4831-ba6b-3db017451a79:group-576A86C1D849:LeaderElection84] INFO  impl.RoleInfo (RoleInfo.java:shutdownLeaderElection(134)) - 468be06f-55e9-4831-ba6b-3db017451a79: shutdown LeaderElection
2019-09-20 10:24:39,122 [9e03ffa9-cf79-407a-a150-4c035e5aec5e:group-576A86C1D849:LeaderElection85] INFO  impl.RaftServerImpl (RaftServerImpl.java:setRole(171)) - 9e03ffa9-cf79-407a-a150-4c035e5aec5e:group-576A86C1D849 changes role from CANDIDATE to FOLLOWER at term 2 for DISCOVERED_A_NEW_TERM
2019-09-20 10:24:39,123 [468be06f-55e9-4831-ba6b-3db017451a79:group-576A86C1D849:LeaderElection84] INFO  impl.RoleInfo (RoleInfo.java:updateAndGet(143)) - 468be06f-55e9-4831-ba6b-3db017451a79: start FollowerState
2019-09-20 10:24:39,123 [6491c372-a595-4104-b3e9-c4f3293baafa:group-576A86C1D849:LeaderElection86] INFO  impl.RoleInfo (RoleInfo.java:updateAndGet(143)) - 6491c372-a595-4104-b3e9-c4f3293baafa: start FollowerState
2019-09-20 10:24:39,123 [9e03ffa9-cf79-407a-a150-4c035e5aec5e:group-576A86C1D849:LeaderElection85] INFO  impl.RoleInfo (RoleInfo.java:shutdownLeaderElection(134)) - 9e03ffa9-cf79-407a-a150-4c035e5aec5e: shutdown LeaderElection
2019-09-20 10:24:39,124 [9e03ffa9-cf79-407a-a150-4c035e5aec5e:group-576A86C1D849:LeaderElection85] INFO  impl.RoleInfo (RoleInfo.java:updateAndGet(143)) - 9e03ffa9-cf79-407a-a150-4c035e5aec5e: start FollowerState
2019-09-20 10:24:39,567 [grpc-default-executor-5] INFO  client.GrpcClientProtocolClient (GrpcClientProtocolClient.java:onNext(255)) - client-21807ED29EC2->6491c372-a595-4104-b3e9-c4f3293baafa: receive RaftClientReply:client-21807ED29EC2->6491c372-a595-4104-b3e9-c4f3293baafa@group-576A86C1D849, cid=84, FAILED org.apache.ratis.protocol.NotLeaderException: Server 6491c372-a595-4104-b3e9-c4f3293baafa is not the leader (null). Request must be sent to leader., logIndex=0, commits[6491c372-a595-4104-b3e9-c4f3293baafa:c-1]
2019-09-20 10:24:39,966 | INFO  | SCMAudit | user=jenkins1000 | ip=192.168.36.99 | op=SEND_HEARTBEAT {datanodeUUID=3d6f3241-e73c-473a-ad0b-c7be2f7e1dda, command=[]} | ret=SUCCESS |  
2019-09-20 10:24:39,967 | INFO  | SCMAudit | user=jenkins1000 | ip=192.168.36.99 | op=SEND_HEARTBEAT {datanodeUUID=c3e532f8-1a8e-44f3-b56b-d765aee893af, command=[]} | ret=SUCCESS |  
2019-09-20 10:24:39,967 | INFO  | SCMAudit | user=jenkins1000 | ip=192.168.36.99 | op=SEND_HEARTBEAT {datanodeUUID=d2ed2d9b-7ac7-460e-84f6-6d9d6066f76d, command=[]} | ret=SUCCESS |  
2019-09-20 10:24:39,967 | INFO  | SCMAudit | user=jenkins1000 | ip=192.168.36.99 | op=SEND_HEARTBEAT {datanodeUUID=1ab786b9-c79c-4265-88a1-5b3344c6beda, command=[]} | ret=SUCCESS |  
2019-09-20 10:24:39,968 | INFO  | SCMAudit | user=jenkins1000 | ip=192.168.36.99 | op=SEND_HEARTBEAT {datanodeUUID=66416d0b-a71c-4af1-ae3a-62ca63b880a3, command=[]} | ret=SUCCESS |  
2019-09-20 10:24:39,968 | INFO  | SCMAudit | user=jenkins1000 | ip=192.168.36.99 | op=SEND_HEARTBEAT {datanodeUUID=19fb8383-7c99-4449-b95c-a26e71717844, command=[]} | ret=SUCCESS |  
2019-09-20 10:24:39,968 | INFO  | SCMAudit | user=jenkins1000 | ip=192.168.36.99 | op=SEND_HEARTBEAT {datanodeUUID=17e2ba94-38a1-40e7-84e0-f6802901db84, command=[]} | ret=SUCCESS |  
2019-09-20 10:24:39,968 | INFO  | SCMAudit | user=jenkins1000 | ip=192.168.36.99 | op=SEND_HEARTBEAT {datanodeUUID=4d972e91-cb6b-45de-8bd2-c18af7abe58b, command=[]} | ret=SUCCESS |  
2019-09-20 10:24:39,968 | INFO  | SCMAudit | user=jenkins1000 | ip=192.168.36.99 | op=SEND_HEARTBEAT {datanodeUUID=468be06f-55e9-4831-ba6b-3db017451a79, command=[]} | ret=SUCCESS |  
2019-09-20 10:24:39,968 | INFO  | SCMAudit | user=jenkins1000 | ip=192.168.36.99 | op=SEND_HEARTBEAT {datanodeUUID=54207fe5-d92c-4c2e-b058-fbae630dabef, command=[]} | ret=SUCCESS |  
2019-09-20 10:24:39,970 | INFO  | SCMAudit | user=jenkins1000 | ip=192.168.36.99 | op=SEND_HEARTBEAT {datanodeUUID=9e03ffa9-cf79-407a-a150-4c035e5aec5e, command=[]} | ret=SUCCESS |  
2019-09-20 10:24:39,970 | INFO  | SCMAudit | user=jenkins1000 | ip=192.168.36.99 | op=SEND_HEARTBEAT {datanodeUUID=60260ec1-e192-4b95-89c8-d924d16a77a9, command=[]} | ret=SUCCESS |  
2019-09-20 10:24:39,970 | INFO  | SCMAudit | user=jenkins1000 | ip=192.168.36.99 | op=SEND_HEARTBEAT {datanodeUUID=7af711bd-b5ae-4a73-a8be-b970cae6c2d1, command=[]} | ret=SUCCESS |  
2019-09-20 10:24:39,970 | INFO  | SCMAudit | user=jenkins1000 | ip=192.168.36.99 | op=SEND_HEARTBEAT {datanodeUUID=6491c372-a595-4104-b3e9-c4f3293baafa, command=[]} | ret=SUCCESS |  
2019-09-20 10:24:40,596 [grpc-default-executor-4] INFO  client.GrpcClientProtocolClient (GrpcClientProtocolClient.java:onNext(255)) - client-21807ED29EC2->468be06f-55e9-4831-ba6b-3db017451a79: receive RaftClientReply:client-21807ED29EC2->468be06f-55e9-4831-ba6b-3db017451a79@group-576A86C1D849, cid=84, FAILED org.apache.ratis.protocol.NotLeaderException: Server 468be06f-55e9-4831-ba6b-3db017451a79 is not the leader (null). Request must be sent to leader., logIndex=0, commits[468be06f-55e9-4831-ba6b-3db017451a79:c-1]
2019-09-20 10:24:40,902 [Thread-745] INFO  impl.FollowerState (FollowerState.java:run(106)) - 9e03ffa9-cf79-407a-a150-4c035e5aec5e:group-9EAF51F6BA54 changes to CANDIDATE, lastRpcTime:16415, electionTimeout:5059ms
2019-09-20 10:24:40,902 [Thread-745] INFO  impl.RoleInfo (RoleInfo.java:shutdownFollowerState(121)) - 9e03ffa9-cf79-407a-a150-4c035e5aec5e: shutdown FollowerState
2019-09-20 10:24:40,902 [Thread-745] INFO  impl.RaftServerImpl (RaftServerImpl.java:setRole(171)) - 9e03ffa9-cf79-407a-a150-4c035e5aec5e:group-9EAF51F6BA54 changes role from FOLLOWER to CANDIDATE at term 0 for changeToCandidate
2019-09-20 10:24:40,902 [Thread-745] INFO  impl.RoleInfo (RoleInfo.java:updateAndGet(143)) - 9e03ffa9-cf79-407a-a150-4c035e5aec5e: start LeaderElection
2019-09-20 10:24:40,941 [9e03ffa9-cf79-407a-a150-4c035e5aec5e:group-9EAF51F6BA54:LeaderElection87] INFO  impl.LeaderElection (LeaderElection.java:askForVotes(181)) - 9e03ffa9-cf79-407a-a150-4c035e5aec5e:group-9EAF51F6BA54:LeaderElection87: begin an election at term 1 for -1: [9e03ffa9-cf79-407a-a150-4c035e5aec5e:192.168.36.99:38182], old=null
2019-09-20 10:24:40,941 [9e03ffa9-cf79-407a-a150-4c035e5aec5e:group-9EAF51F6BA54:LeaderElection87] INFO  impl.RoleInfo (RoleInfo.java:shutdownLeaderElection(134)) - 9e03ffa9-cf79-407a-a150-4c035e5aec5e: shutdown LeaderElection
2019-09-20 10:24:40,941 [9e03ffa9-cf79-407a-a150-4c035e5aec5e:group-9EAF51F6BA54:LeaderElection87] INFO  impl.RaftServerImpl (RaftServerImpl.java:setRole(171)) - 9e03ffa9-cf79-407a-a150-4c035e5aec5e:group-9EAF51F6BA54 changes role from CANDIDATE to LEADER at term 1 for changeToLeader
2019-09-20 10:24:40,941 [9e03ffa9-cf79-407a-a150-4c035e5aec5e:group-9EAF51F6BA54:LeaderElection87] INFO  impl.RaftServerImpl (ServerState.java:setLeader(263)) - 9e03ffa9-cf79-407a-a150-4c035e5aec5e:group-9EAF51F6BA54 change Leader from null to 9e03ffa9-cf79-407a-a150-4c035e5aec5e at term 1 for becomeLeader, leader elected after 16460ms
2019-09-20 10:24:40,941 [9e03ffa9-cf79-407a-a150-4c035e5aec5e:group-9EAF51F6BA54:LeaderElection87] INFO  server.RaftServerConfigKeys (ConfUtils.java:logGet(43)) - raft.server.staging.catchup.gap = 1000 (default)
2019-09-20 10:24:40,942 [9e03ffa9-cf79-407a-a150-4c035e5aec5e:group-9EAF51F6BA54:LeaderElection87] INFO  server.RaftServerConfigKeys (ConfUtils.java:logGet(43)) - raft.server.rpc.sleep.time = 25ms (default)
2019-09-20 10:24:40,942 [9e03ffa9-cf79-407a-a150-4c035e5aec5e:group-9EAF51F6BA54:LeaderElection87] INFO  server.RaftServerConfigKeys (ConfUtils.java:logGet(43)) - raft.server.write.element-limit = 4096 (default)
2019-09-20 10:24:40,942 [9e03ffa9-cf79-407a-a150-4c035e5aec5e:group-9EAF51F6BA54:LeaderElection87] INFO  server.RaftServerConfigKeys (ConfUtils.java:logGet(43)) - raft.server.watch.timeout = 10s (default)
2019-09-20 10:24:40,942 [9e03ffa9-cf79-407a-a150-4c035e5aec5e:group-9EAF51F6BA54:LeaderElection87] INFO  server.RaftServerConfigKeys (ConfUtils.java:logGet(43)) - raft.server.watch.timeout.denomination = 1s (default)
2019-09-20 10:24:40,942 [9e03ffa9-cf79-407a-a150-4c035e5aec5e:group-9EAF51F6BA54:LeaderElection87] INFO  server.RaftServerConfigKeys (ConfUtils.java:logGet(43)) - raft.server.watch.element-limit = 65536 (default)
2019-09-20 10:24:40,943 [9e03ffa9-cf79-407a-a150-4c035e5aec5e:group-9EAF51F6BA54:LeaderElection87] INFO  impl.RoleInfo (RoleInfo.java:updateAndGet(143)) - 9e03ffa9-cf79-407a-a150-4c035e5aec5e: start LeaderState
2019-09-20 10:24:40,943 [9e03ffa9-cf79-407a-a150-4c035e5aec5e:group-9EAF51F6BA54:LeaderElection87] INFO  segmented.SegmentedRaftLogWorker (SegmentedRaftLogWorker.java:startLogSegment(380)) - 9e03ffa9-cf79-407a-a150-4c035e5aec5e-SegmentedRaftLogWorker:Storage Directory /workdir/hadoop-ozone/integration-test/target/test-dir/MiniOzoneClusterImpl-0561fc2e-9288-4596-b687-0c9fb03504b1/datanode-4/data/ratis/981afb2e-27b7-4995-a2ac-9eaf51f6ba54: Starting segment from index:0
2019-09-20 10:24:41,278 | INFO  | SCMAudit | user=jenkins1000 | ip=192.168.36.99 | op=SEND_HEARTBEAT {datanodeUUID=6491c372-a595-4104-b3e9-c4f3293baafa, command=[]} | ret=SUCCESS |  
2019-09-20 10:24:41,278 | INFO  | SCMAudit | user=jenkins1000 | ip=192.168.36.99 | op=SEND_HEARTBEAT {datanodeUUID=9e03ffa9-cf79-407a-a150-4c035e5aec5e, command=[]} | ret=SUCCESS |  
2019-09-20 10:24:41,278 | INFO  | SCMAudit | user=jenkins1000 | ip=192.168.36.99 | op=SEND_HEARTBEAT {datanodeUUID=60260ec1-e192-4b95-89c8-d924d16a77a9, command=[]} | ret=SUCCESS |  
2019-09-20 10:24:40,944 [9e03ffa9-cf79-407a-a150-4c035e5aec5e:group-9EAF51F6BA54:LeaderElection87] INFO  impl.RaftServerImpl (ServerState.java:setRaftConf(361)) - 9e03ffa9-cf79-407a-a150-4c035e5aec5e:group-9EAF51F6BA54 set configuration 0: [9e03ffa9-cf79-407a-a150-4c035e5aec5e:192.168.36.99:38182], old=null at 0
2019-09-20 10:24:41,279 | INFO  | SCMAudit | user=jenkins1000 | ip=192.168.36.99 | op=SEND_HEARTBEAT {datanodeUUID=17e2ba94-38a1-40e7-84e0-f6802901db84, command=[]} | ret=SUCCESS |  
2019-09-20 10:24:41,279 | INFO  | SCMAudit | user=jenkins1000 | ip=192.168.36.99 | op=SEND_HEARTBEAT {datanodeUUID=7af711bd-b5ae-4a73-a8be-b970cae6c2d1, command=[]} | ret=SUCCESS |  
2019-09-20 10:24:41,279 | INFO  | SCMAudit | user=jenkins1000 | ip=192.168.36.99 | op=SEND_HEARTBEAT {datanodeUUID=66416d0b-a71c-4af1-ae3a-62ca63b880a3, command=[]} | ret=SUCCESS |  
2019-09-20 10:24:41,279 | INFO  | SCMAudit | user=jenkins1000 | ip=192.168.36.99 | op=SEND_HEARTBEAT {datanodeUUID=c3e532f8-1a8e-44f3-b56b-d765aee893af, command=[]} | ret=SUCCESS |  
2019-09-20 10:24:41,279 | INFO  | SCMAudit | user=jenkins1000 | ip=192.168.36.99 | op=SEND_HEARTBEAT {datanodeUUID=4d972e91-cb6b-45de-8bd2-c18af7abe58b, command=[]} | ret=SUCCESS |  
2019-09-20 10:24:41,279 | INFO  | SCMAudit | user=jenkins1000 | ip=192.168.36.99 | op=SEND_HEARTBEAT {datanodeUUID=1ab786b9-c79c-4265-88a1-5b3344c6beda, command=[]} | ret=SUCCESS |  
2019-09-20 10:24:41,285 | INFO  | SCMAudit | user=jenkins1000 | ip=192.168.36.99 | op=SEND_HEARTBEAT {datanodeUUID=3d6f3241-e73c-473a-ad0b-c7be2f7e1dda, command=[]} | ret=SUCCESS |  
2019-09-20 10:24:41,285 | INFO  | SCMAudit | user=jenkins1000 | ip=192.168.36.99 | op=SEND_HEARTBEAT {datanodeUUID=54207fe5-d92c-4c2e-b058-fbae630dabef, command=[]} | ret=SUCCESS |  
2019-09-20 10:24:41,285 | INFO  | SCMAudit | user=jenkins1000 | ip=192.168.36.99 | op=SEND_HEARTBEAT {datanodeUUID=468be06f-55e9-4831-ba6b-3db017451a79, command=[]} | ret=SUCCESS |  
2019-09-20 10:24:41,285 | INFO  | SCMAudit | user=jenkins1000 | ip=192.168.36.99 | op=SEND_HEARTBEAT {datanodeUUID=19fb8383-7c99-4449-b95c-a26e71717844, command=[]} | ret=SUCCESS |  
2019-09-20 10:24:41,285 | INFO  | SCMAudit | user=jenkins1000 | ip=192.168.36.99 | op=SEND_HEARTBEAT {datanodeUUID=d2ed2d9b-7ac7-460e-84f6-6d9d6066f76d, command=[]} | ret=SUCCESS |  
2019-09-20 10:24:41,623 [grpc-default-executor-5] INFO  client.GrpcClientProtocolClient (GrpcClientProtocolClient.java:onNext(255)) - client-21807ED29EC2->6491c372-a595-4104-b3e9-c4f3293baafa: receive RaftClientReply:client-21807ED29EC2->6491c372-a595-4104-b3e9-c4f3293baafa@group-576A86C1D849, cid=84, FAILED org.apache.ratis.protocol.NotLeaderException: Server 6491c372-a595-4104-b3e9-c4f3293baafa is not the leader (null). Request must be sent to leader., logIndex=0, commits[6491c372-a595-4104-b3e9-c4f3293baafa:c-1]
2019-09-20 10:24:41,795 [9e03ffa9-cf79-407a-a150-4c035e5aec5e-SegmentedRaftLogWorker:Storage Directory /workdir/hadoop-ozone/integration-test/target/test-dir/MiniOzoneClusterImpl-0561fc2e-9288-4596-b687-0c9fb03504b1/datanode-4/data/ratis/981afb2e-27b7-4995-a2ac-9eaf51f6ba54] ERROR segmented.SegmentedRaftLogWorker (SegmentedRaftLogWorker.java:run(323)) - 9e03ffa9-cf79-407a-a150-4c035e5aec5e-SegmentedRaftLogWorker:Storage Directory /workdir/hadoop-ozone/integration-test/target/test-dir/MiniOzoneClusterImpl-0561fc2e-9288-4596-b687-0c9fb03504b1/datanode-4/data/ratis/981afb2e-27b7-4995-a2ac-9eaf51f6ba54 hit exception
java.lang.OutOfMemoryError: Direct buffer memory
	at java.nio.Bits.reserveMemory(Bits.java:666)
	at java.nio.DirectByteBuffer.<init>(DirectByteBuffer.java:123)
	at java.nio.ByteBuffer.allocateDirect(ByteBuffer.java:311)
	at org.apache.ratis.server.raftlog.segmented.BufferedWriteChannel.<init>(BufferedWriteChannel.java:41)
	at org.apache.ratis.server.raftlog.segmented.SegmentedRaftLogOutputStream.<init>(SegmentedRaftLogOutputStream.java:72)
	at org.apache.ratis.server.raftlog.segmented.SegmentedRaftLogWorker$StartLogSegment.execute(SegmentedRaftLogWorker.java:566)
	at org.apache.ratis.server.raftlog.segmented.SegmentedRaftLogWorker.run(SegmentedRaftLogWorker.java:289)
	at java.lang.Thread.run(Thread.java:748)
2019-09-20 10:24:41,827 [9e03ffa9-cf79-407a-a150-4c035e5aec5e-SegmentedRaftLogWorker:Storage Directory /workdir/hadoop-ozone/integration-test/target/test-dir/MiniOzoneClusterImpl-0561fc2e-9288-4596-b687-0c9fb03504b1/datanode-4/data/ratis/981afb2e-27b7-4995-a2ac-9eaf51f6ba54] INFO  impl.RaftServerImpl (RaftServerImpl.java:lambda$shutdown$3(245)) - 9e03ffa9-cf79-407a-a150-4c035e5aec5e: shutdown group-9EAF51F6BA54
2019-09-20 10:24:41,827 [9e03ffa9-cf79-407a-a150-4c035e5aec5e-SegmentedRaftLogWorker:Storage Directory /workdir/hadoop-ozone/integration-test/target/test-dir/MiniOzoneClusterImpl-0561fc2e-9288-4596-b687-0c9fb03504b1/datanode-4/data/ratis/981afb2e-27b7-4995-a2ac-9eaf51f6ba54] INFO  util.JmxRegister (JmxRegister.java:unregister(73)) - Successfully un-registered JMX Bean with object name Ratis:service=RaftServer,group=group-9EAF51F6BA54,id=9e03ffa9-cf79-407a-a150-4c035e5aec5e
2019-09-20 10:24:41,827 [9e03ffa9-cf79-407a-a150-4c035e5aec5e-SegmentedRaftLogWorker:Storage Directory /workdir/hadoop-ozone/integration-test/target/test-dir/MiniOzoneClusterImpl-0561fc2e-9288-4596-b687-0c9fb03504b1/datanode-4/data/ratis/981afb2e-27b7-4995-a2ac-9eaf51f6ba54] INFO  impl.RoleInfo (RoleInfo.java:shutdownLeaderState(104)) - 9e03ffa9-cf79-407a-a150-4c035e5aec5e: shutdown LeaderState
2019-09-20 10:24:41,827 [9e03ffa9-cf79-407a-a150-4c035e5aec5e-SegmentedRaftLogWorker:Storage Directory /workdir/hadoop-ozone/integration-test/target/test-dir/MiniOzoneClusterImpl-0561fc2e-9288-4596-b687-0c9fb03504b1/datanode-4/data/ratis/981afb2e-27b7-4995-a2ac-9eaf51f6ba54] INFO  impl.PendingRequests (PendingRequests.java:sendNotLeaderResponses(202)) - 9e03ffa9-cf79-407a-a150-4c035e5aec5e-PendingRequests: sendNotLeaderResponses
2019-09-20 10:24:41,828 [9e03ffa9-cf79-407a-a150-4c035e5aec5e-SegmentedRaftLogWorker:Storage Directory /workdir/hadoop-ozone/integration-test/target/test-dir/MiniOzoneClusterImpl-0561fc2e-9288-4596-b687-0c9fb03504b1/datanode-4/data/ratis/981afb2e-27b7-4995-a2ac-9eaf51f6ba54] INFO  impl.StateMachineUpdater (StateMachineUpdater.java:stopAndJoin(115)) - StateMachineUpdater:9e03ffa9-cf79-407a-a150-4c035e5aec5e:group-9EAF51F6BA54: set stopIndex = -1
2019-09-20 10:24:41,828 [9e03ffa9-cf79-407a-a150-4c035e5aec5e-SegmentedRaftLogWorker:Storage Directory /workdir/hadoop-ozone/integration-test/target/test-dir/MiniOzoneClusterImpl-0561fc2e-9288-4596-b687-0c9fb03504b1/datanode-4/data/ratis/981afb2e-27b7-4995-a2ac-9eaf51f6ba54] INFO  impl.RaftServerImpl (ServerState.java:close(394)) - 9e03ffa9-cf79-407a-a150-4c035e5aec5e:group-9EAF51F6BA54 closes. The last applied log index is -1
2019-09-20 10:24:41,828 [9e03ffa9-cf79-407a-a150-4c035e5aec5e-SegmentedRaftLogWorker:Storage Directory /workdir/hadoop-ozone/integration-test/target/test-dir/MiniOzoneClusterImpl-0561fc2e-9288-4596-b687-0c9fb03504b1/datanode-4/data/ratis/981afb2e-27b7-4995-a2ac-9eaf51f6ba54] INFO  segmented.SegmentedRaftLogWorker (SegmentedRaftLogWorker.java:close(228)) - 9e03ffa9-cf79-407a-a150-4c035e5aec5e-SegmentedRaftLogWorker:Storage Directory /workdir/hadoop-ozone/integration-test/target/test-dir/MiniOzoneClusterImpl-0561fc2e-9288-4596-b687-0c9fb03504b1/datanode-4/data/ratis/981afb2e-27b7-4995-a2ac-9eaf51f6ba54 close()
2019-09-20 10:24:42,275 | INFO  | SCMAudit | user=jenkins1000 | ip=192.168.36.99 | op=SEND_HEARTBEAT {datanodeUUID=7af711bd-b5ae-4a73-a8be-b970cae6c2d1, command=[]} | ret=SUCCESS |  
2019-09-20 10:24:42,275 | INFO  | SCMAudit | user=jenkins1000 | ip=192.168.36.99 | op=SEND_HEARTBEAT {datanodeUUID=60260ec1-e192-4b95-89c8-d924d16a77a9, command=[]} | ret=SUCCESS |  
2019-09-20 10:24:42,275 | INFO  | SCMAudit | user=jenkins1000 | ip=192.168.36.99 | op=SEND_HEARTBEAT {datanodeUUID=9e03ffa9-cf79-407a-a150-4c035e5aec5e, command=[]} | ret=SUCCESS |  
2019-09-20 10:24:42,277 | INFO  | SCMAudit | user=jenkins1000 | ip=192.168.36.99 | op=SEND_HEARTBEAT {datanodeUUID=54207fe5-d92c-4c2e-b058-fbae630dabef, command=[]} | ret=SUCCESS |  
2019-09-20 10:24:42,277 | INFO  | SCMAudit | user=jenkins1000 | ip=192.168.36.99 | op=SEND_HEARTBEAT {datanodeUUID=4d972e91-cb6b-45de-8bd2-c18af7abe58b, command=[]} | ret=SUCCESS |  
2019-09-20 10:24:42,277 | INFO  | SCMAudit | user=jenkins1000 | ip=192.168.36.99 | op=SEND_HEARTBEAT {datanodeUUID=17e2ba94-38a1-40e7-84e0-f6802901db84, command=[]} | ret=SUCCESS |  
2019-09-20 10:24:42,278 | INFO  | SCMAudit | user=jenkins1000 | ip=192.168.36.99 | op=SEND_HEARTBEAT {datanodeUUID=66416d0b-a71c-4af1-ae3a-62ca63b880a3, command=[]} | ret=SUCCESS |  
2019-09-20 10:24:42,278 | INFO  | SCMAudit | user=jenkins1000 | ip=192.168.36.99 | op=SEND_HEARTBEAT {datanodeUUID=1ab786b9-c79c-4265-88a1-5b3344c6beda, command=[]} | ret=SUCCESS |  
2019-09-20 10:24:42,278 | INFO  | SCMAudit | user=jenkins1000 | ip=192.168.36.99 | op=SEND_HEARTBEAT {datanodeUUID=468be06f-55e9-4831-ba6b-3db017451a79, command=[]} | ret=SUCCESS |  
2019-09-20 10:24:42,278 | INFO  | SCMAudit | user=jenkins1000 | ip=192.168.36.99 | op=SEND_HEARTBEAT {datanodeUUID=19fb8383-7c99-4449-b95c-a26e71717844, command=[]} | ret=SUCCESS |  
2019-09-20 10:24:42,279 | INFO  | SCMAudit | user=jenkins1000 | ip=192.168.36.99 | op=SEND_HEARTBEAT {datanodeUUID=c3e532f8-1a8e-44f3-b56b-d765aee893af, command=[]} | ret=SUCCESS |  
2019-09-20 10:24:42,279 | INFO  | SCMAudit | user=jenkins1000 | ip=192.168.36.99 | op=SEND_HEARTBEAT {datanodeUUID=d2ed2d9b-7ac7-460e-84f6-6d9d6066f76d, command=[]} | ret=SUCCESS |  
2019-09-20 10:24:42,279 | INFO  | SCMAudit | user=jenkins1000 | ip=192.168.36.99 | op=SEND_HEARTBEAT {datanodeUUID=3d6f3241-e73c-473a-ad0b-c7be2f7e1dda, command=[]} | ret=SUCCESS |  
2019-09-20 10:24:42,280 | INFO  | SCMAudit | user=jenkins1000 | ip=192.168.36.99 | op=SEND_HEARTBEAT {datanodeUUID=6491c372-a595-4104-b3e9-c4f3293baafa, command=[]} | ret=SUCCESS |  
2019-09-20 10:24:42,655 [grpc-default-executor-4] INFO  client.GrpcClientProtocolClient (GrpcClientProtocolClient.java:onNext(255)) - client-21807ED29EC2->9e03ffa9-cf79-407a-a150-4c035e5aec5e: receive RaftClientReply:client-21807ED29EC2->9e03ffa9-cf79-407a-a150-4c035e5aec5e@group-576A86C1D849, cid=84, FAILED org.apache.ratis.protocol.NotLeaderException: Server 9e03ffa9-cf79-407a-a150-4c035e5aec5e is not the leader (null). Request must be sent to leader., logIndex=0, commits[9e03ffa9-cf79-407a-a150-4c035e5aec5e:c-1]
2019-09-20 10:24:43,274 | INFO  | SCMAudit | user=jenkins1000 | ip=192.168.36.99 | op=SEND_HEARTBEAT {datanodeUUID=7af711bd-b5ae-4a73-a8be-b970cae6c2d1, command=[]} | ret=SUCCESS |  
2019-09-20 10:24:43,274 | INFO  | SCMAudit | user=jenkins1000 | ip=192.168.36.99 | op=SEND_HEARTBEAT {datanodeUUID=60260ec1-e192-4b95-89c8-d924d16a77a9, command=[]} | ret=SUCCESS |  
2019-09-20 10:24:43,276 | INFO  | SCMAudit | user=jenkins1000 | ip=192.168.36.99 | op=SEND_HEARTBEAT {datanodeUUID=9e03ffa9-cf79-407a-a150-4c035e5aec5e, command=[]} | ret=SUCCESS |  
2019-09-20 10:24:43,277 | INFO  | SCMAudit | user=jenkins1000 | ip=192.168.36.99 | op=SEND_HEARTBEAT {datanodeUUID=54207fe5-d92c-4c2e-b058-fbae630dabef, command=[]} | ret=SUCCESS |  
2019-09-20 10:24:43,277 | INFO  | SCMAudit | user=jenkins1000 | ip=192.168.36.99 | op=SEND_HEARTBEAT {datanodeUUID=17e2ba94-38a1-40e7-84e0-f6802901db84, command=[]} | ret=SUCCESS |  
2019-09-20 10:24:43,277 | INFO  | SCMAudit | user=jenkins1000 | ip=192.168.36.99 | op=SEND_HEARTBEAT {datanodeUUID=4d972e91-cb6b-45de-8bd2-c18af7abe58b, command=[]} | ret=SUCCESS |  
2019-09-20 10:24:43,278 | INFO  | SCMAudit | user=jenkins1000 | ip=192.168.36.99 | op=SEND_HEARTBEAT {datanodeUUID=468be06f-55e9-4831-ba6b-3db017451a79, command=[]} | ret=SUCCESS |  
2019-09-20 10:24:43,278 | INFO  | SCMAudit | user=jenkins1000 | ip=192.168.36.99 | op=SEND_HEARTBEAT {datanodeUUID=66416d0b-a71c-4af1-ae3a-62ca63b880a3, command=[]} | ret=SUCCESS |  
2019-09-20 10:24:43,278 | INFO  | SCMAudit | user=jenkins1000 | ip=192.168.36.99 | op=SEND_HEARTBEAT {datanodeUUID=19fb8383-7c99-4449-b95c-a26e71717844, command=[]} | ret=SUCCESS |  
2019-09-20 10:24:43,278 | INFO  | SCMAudit | user=jenkins1000 | ip=192.168.36.99 | op=SEND_HEARTBEAT {datanodeUUID=1ab786b9-c79c-4265-88a1-5b3344c6beda, command=[]} | ret=SUCCESS |  
2019-09-20 10:24:43,278 | INFO  | SCMAudit | user=jenkins1000 | ip=192.168.36.99 | op=SEND_HEARTBEAT {datanodeUUID=d2ed2d9b-7ac7-460e-84f6-6d9d6066f76d, command=[]} | ret=SUCCESS |  
2019-09-20 10:24:43,279 | INFO  | SCMAudit | user=jenkins1000 | ip=192.168.36.99 | op=SEND_HEARTBEAT {datanodeUUID=c3e532f8-1a8e-44f3-b56b-d765aee893af, command=[]} | ret=SUCCESS |  
2019-09-20 10:24:43,280 | INFO  | SCMAudit | user=jenkins1000 | ip=192.168.36.99 | op=SEND_HEARTBEAT {datanodeUUID=6491c372-a595-4104-b3e9-c4f3293baafa, command=[]} | ret=SUCCESS |  
2019-09-20 10:24:43,280 | INFO  | SCMAudit | user=jenkins1000 | ip=192.168.36.99 | op=SEND_HEARTBEAT {datanodeUUID=3d6f3241-e73c-473a-ad0b-c7be2f7e1dda, command=[]} | ret=SUCCESS |  
2019-09-20 10:24:43,686 [grpc-default-executor-5] INFO  client.GrpcClientProtocolClient (GrpcClientProtocolClient.java:onNext(255)) - client-21807ED29EC2->6491c372-a595-4104-b3e9-c4f3293baafa: receive RaftClientReply:client-21807ED29EC2->6491c372-a595-4104-b3e9-c4f3293baafa@group-576A86C1D849, cid=84, FAILED org.apache.ratis.protocol.NotLeaderException: Server 6491c372-a595-4104-b3e9-c4f3293baafa is not the leader (null). Request must be sent to leader., logIndex=0, commits[6491c372-a595-4104-b3e9-c4f3293baafa:c-1]
2019-09-20 10:24:44,169 [Thread-941] INFO  impl.FollowerState (FollowerState.java:run(106)) - 468be06f-55e9-4831-ba6b-3db017451a79:group-576A86C1D849 changes to CANDIDATE, lastRpcTime:5045, electionTimeout:5045ms
2019-09-20 10:24:44,169 [Thread-941] INFO  impl.RoleInfo (RoleInfo.java:shutdownFollowerState(121)) - 468be06f-55e9-4831-ba6b-3db017451a79: shutdown FollowerState
2019-09-20 10:24:44,169 [Thread-941] INFO  impl.RaftServerImpl (RaftServerImpl.java:setRole(171)) - 468be06f-55e9-4831-ba6b-3db017451a79:group-576A86C1D849 changes role from FOLLOWER to CANDIDATE at term 2 for changeToCandidate
2019-09-20 10:24:44,170 [Thread-941] INFO  impl.RoleInfo (RoleInfo.java:updateAndGet(143)) - 468be06f-55e9-4831-ba6b-3db017451a79: start LeaderElection
2019-09-20 10:24:44,180 [Thread-942] INFO  impl.FollowerState (FollowerState.java:run(106)) - 9e03ffa9-cf79-407a-a150-4c035e5aec5e:group-576A86C1D849 changes to CANDIDATE, lastRpcTime:5056, electionTimeout:5056ms
2019-09-20 10:24:44,181 [Thread-942] INFO  impl.RoleInfo (RoleInfo.java:shutdownFollowerState(121)) - 9e03ffa9-cf79-407a-a150-4c035e5aec5e: shutdown FollowerState
2019-09-20 10:24:44,181 [Thread-942] INFO  impl.RaftServerImpl (RaftServerImpl.java:setRole(171)) - 9e03ffa9-cf79-407a-a150-4c035e5aec5e:group-576A86C1D849 changes role from FOLLOWER to CANDIDATE at term 2 for changeToCandidate
2019-09-20 10:24:44,181 [Thread-942] INFO  impl.RoleInfo (RoleInfo.java:updateAndGet(143)) - 9e03ffa9-cf79-407a-a150-4c035e5aec5e: start LeaderElection
2019-09-20 10:24:44,186 [468be06f-55e9-4831-ba6b-3db017451a79:group-576A86C1D849:LeaderElection88] INFO  impl.LeaderElection (LeaderElection.java:askForVotes(181)) - 468be06f-55e9-4831-ba6b-3db017451a79:group-576A86C1D849:LeaderElection88: begin an election at term 3 for -1: [468be06f-55e9-4831-ba6b-3db017451a79:192.168.36.99:34815, 6491c372-a595-4104-b3e9-c4f3293baafa:192.168.36.99:41491, 9e03ffa9-cf79-407a-a150-4c035e5aec5e:192.168.36.99:38182], old=null
2019-09-20 10:24:44,190 [grpc-default-executor-4] INFO  impl.RaftServerImpl (RaftServerImpl.java:setRole(171)) - 6491c372-a595-4104-b3e9-c4f3293baafa:group-576A86C1D849 changes role from FOLLOWER to FOLLOWER at term 3 for recognizeCandidate:468be06f-55e9-4831-ba6b-3db017451a79
2019-09-20 10:24:44,190 [grpc-default-executor-4] INFO  impl.RoleInfo (RoleInfo.java:shutdownFollowerState(121)) - 6491c372-a595-4104-b3e9-c4f3293baafa: shutdown FollowerState
2019-09-20 10:24:44,190 [grpc-default-executor-4] INFO  impl.RoleInfo (RoleInfo.java:updateAndGet(143)) - 6491c372-a595-4104-b3e9-c4f3293baafa: start FollowerState
2019-09-20 10:24:44,190 [Thread-940] INFO  impl.FollowerState (FollowerState.java:run(114)) - 6491c372-a595-4104-b3e9-c4f3293baafa: FollowerState was interrupted: java.lang.InterruptedException: sleep interrupted
2019-09-20 10:24:44,208 [9e03ffa9-cf79-407a-a150-4c035e5aec5e:group-576A86C1D849:LeaderElection89] INFO  impl.LeaderElection (LeaderElection.java:askForVotes(181)) - 9e03ffa9-cf79-407a-a150-4c035e5aec5e:group-576A86C1D849:LeaderElection89: begin an election at term 3 for -1: [468be06f-55e9-4831-ba6b-3db017451a79:192.168.36.99:34815, 6491c372-a595-4104-b3e9-c4f3293baafa:192.168.36.99:41491, 9e03ffa9-cf79-407a-a150-4c035e5aec5e:192.168.36.99:38182], old=null
2019-09-20 10:24:44,221 [468be06f-55e9-4831-ba6b-3db017451a79:group-576A86C1D849:LeaderElection88] INFO  impl.LeaderElection (LeaderElection.java:logAndReturn(56)) - 468be06f-55e9-4831-ba6b-3db017451a79:group-576A86C1D849:LeaderElection88: Election PASSED; received 2 response(s) [468be06f-55e9-4831-ba6b-3db017451a79<-6491c372-a595-4104-b3e9-c4f3293baafa#0:OK-t3, 468be06f-55e9-4831-ba6b-3db017451a79<-9e03ffa9-cf79-407a-a150-4c035e5aec5e#0:FAIL-t3] and 0 exception(s); 468be06f-55e9-4831-ba6b-3db017451a79:t3, leader=null, voted=468be06f-55e9-4831-ba6b-3db017451a79, raftlog=468be06f-55e9-4831-ba6b-3db017451a79-SegmentedRaftLog:OPENED:c-1,f-1,i0, conf=-1: [468be06f-55e9-4831-ba6b-3db017451a79:192.168.36.99:34815, 6491c372-a595-4104-b3e9-c4f3293baafa:192.168.36.99:41491, 9e03ffa9-cf79-407a-a150-4c035e5aec5e:192.168.36.99:38182], old=null
2019-09-20 10:24:44,221 [9e03ffa9-cf79-407a-a150-4c035e5aec5e:group-576A86C1D849:LeaderElection89] INFO  impl.LeaderElection (LeaderElection.java:logAndReturn(56)) - 9e03ffa9-cf79-407a-a150-4c035e5aec5e:group-576A86C1D849:LeaderElection89: Election REJECTED; received 2 response(s) [9e03ffa9-cf79-407a-a150-4c035e5aec5e<-468be06f-55e9-4831-ba6b-3db017451a79#0:FAIL-t3, 9e03ffa9-cf79-407a-a150-4c035e5aec5e<-6491c372-a595-4104-b3e9-c4f3293baafa#0:FAIL-t3] and 0 exception(s); 9e03ffa9-cf79-407a-a150-4c035e5aec5e:t3, leader=null, voted=9e03ffa9-cf79-407a-a150-4c035e5aec5e, raftlog=9e03ffa9-cf79-407a-a150-4c035e5aec5e-SegmentedRaftLog:OPENED:c-1,f-1,i0, conf=-1: [468be06f-55e9-4831-ba6b-3db017451a79:192.168.36.99:34815, 6491c372-a595-4104-b3e9-c4f3293baafa:192.168.36.99:41491, 9e03ffa9-cf79-407a-a150-4c035e5aec5e:192.168.36.99:38182], old=null
2019-09-20 10:24:44,221 [468be06f-55e9-4831-ba6b-3db017451a79:group-576A86C1D849:LeaderElection88] INFO  impl.RoleInfo (RoleInfo.java:shutdownLeaderElection(134)) - 468be06f-55e9-4831-ba6b-3db017451a79: shutdown LeaderElection
2019-09-20 10:24:44,221 [9e03ffa9-cf79-407a-a150-4c035e5aec5e:group-576A86C1D849:LeaderElection89] INFO  impl.RaftServerImpl (RaftServerImpl.java:setRole(171)) - 9e03ffa9-cf79-407a-a150-4c035e5aec5e:group-576A86C1D849 changes role from CANDIDATE to FOLLOWER at term 3 for DISCOVERED_A_NEW_TERM
2019-09-20 10:24:44,221 [468be06f-55e9-4831-ba6b-3db017451a79:group-576A86C1D849:LeaderElection88] INFO  impl.RaftServerImpl (RaftServerImpl.java:setRole(171)) - 468be06f-55e9-4831-ba6b-3db017451a79:group-576A86C1D849 changes role from CANDIDATE to LEADER at term 3 for changeToLeader
2019-09-20 10:24:44,222 [9e03ffa9-cf79-407a-a150-4c035e5aec5e:group-576A86C1D849:LeaderElection89] INFO  impl.RoleInfo (RoleInfo.java:shutdownLeaderElection(134)) - 9e03ffa9-cf79-407a-a150-4c035e5aec5e: shutdown LeaderElection
2019-09-20 10:24:44,222 [468be06f-55e9-4831-ba6b-3db017451a79:group-576A86C1D849:LeaderElection88] INFO  impl.RaftServerImpl (ServerState.java:setLeader(263)) - 468be06f-55e9-4831-ba6b-3db017451a79:group-576A86C1D849 change Leader from null to 468be06f-55e9-4831-ba6b-3db017451a79 at term 3 for becomeLeader, leader elected after 18362ms
2019-09-20 10:24:44,222 [9e03ffa9-cf79-407a-a150-4c035e5aec5e:group-576A86C1D849:LeaderElection89] INFO  impl.RoleInfo (RoleInfo.java:updateAndGet(143)) - 9e03ffa9-cf79-407a-a150-4c035e5aec5e: start FollowerState
2019-09-20 10:24:44,222 [468be06f-55e9-4831-ba6b-3db017451a79:group-576A86C1D849:LeaderElection88] INFO  server.RaftServerConfigKeys (ConfUtils.java:logGet(43)) - raft.server.staging.catchup.gap = 1000 (default)
2019-09-20 10:24:44,222 [468be06f-55e9-4831-ba6b-3db017451a79:group-576A86C1D849:LeaderElection88] INFO  server.RaftServerConfigKeys (ConfUtils.java:logGet(43)) - raft.server.rpc.sleep.time = 25ms (default)
2019-09-20 10:24:44,222 [468be06f-55e9-4831-ba6b-3db017451a79:group-576A86C1D849:LeaderElection88] INFO  server.RaftServerConfigKeys (ConfUtils.java:logGet(43)) - raft.server.write.element-limit = 4096 (default)
2019-09-20 10:24:44,223 [468be06f-55e9-4831-ba6b-3db017451a79:group-576A86C1D849:LeaderElection88] INFO  server.RaftServerConfigKeys (ConfUtils.java:logGet(43)) - raft.server.watch.timeout = 10s (default)
2019-09-20 10:24:44,223 [468be06f-55e9-4831-ba6b-3db017451a79:group-576A86C1D849:LeaderElection88] INFO  server.RaftServerConfigKeys (ConfUtils.java:logGet(43)) - raft.server.watch.timeout.denomination = 1s (default)
2019-09-20 10:24:44,223 [468be06f-55e9-4831-ba6b-3db017451a79:group-576A86C1D849:LeaderElection88] INFO  server.RaftServerConfigKeys (ConfUtils.java:logGet(43)) - raft.server.watch.element-limit = 65536 (default)
2019-09-20 10:24:44,226 [468be06f-55e9-4831-ba6b-3db017451a79:group-576A86C1D849:LeaderElection88] INFO  server.RaftServerConfigKeys (ConfUtils.java:logGet(43)) - raft.server.log.appender.snapshot.chunk.size.max = 16MB (=16777216) (default)
2019-09-20 10:24:44,226 [468be06f-55e9-4831-ba6b-3db017451a79:group-576A86C1D849:LeaderElection88] INFO  server.RaftServerConfigKeys (ConfUtils.java:logGet(43)) - raft.server.log.appender.buffer.byte-limit = 33554432 (custom)
2019-09-20 10:24:44,227 [468be06f-55e9-4831-ba6b-3db017451a79:group-576A86C1D849:LeaderElection88] INFO  server.RaftServerConfigKeys (ConfUtils.java:logGet(43)) - raft.server.log.appender.buffer.element-limit = 1 (custom)
2019-09-20 10:24:44,231 [468be06f-55e9-4831-ba6b-3db017451a79:group-576A86C1D849:LeaderElection88] INFO  grpc.GrpcConfigKeys$Server (ConfUtils.java:logGet(43)) - raft.grpc.server.leader.outstanding.appends.max = 128 (default)
2019-09-20 10:24:44,231 [468be06f-55e9-4831-ba6b-3db017451a79:group-576A86C1D849:LeaderElection88] INFO  server.RaftServerConfigKeys (ConfUtils.java:logGet(43)) - raft.server.rpc.request.timeout = 3000ms (default)
2019-09-20 10:24:44,231 [468be06f-55e9-4831-ba6b-3db017451a79:group-576A86C1D849:LeaderElection88] INFO  server.RaftServerConfigKeys (ConfUtils.java:logGet(43)) - raft.server.log.appender.install.snapshot.enabled = false (custom)
2019-09-20 10:24:44,231 [468be06f-55e9-4831-ba6b-3db017451a79:group-576A86C1D849:LeaderElection88] INFO  server.RaftServerConfigKeys (ConfUtils.java:logGet(43)) - raft.server.log.appender.snapshot.chunk.size.max = 16MB (=16777216) (default)
2019-09-20 10:24:44,232 [468be06f-55e9-4831-ba6b-3db017451a79:group-576A86C1D849:LeaderElection88] INFO  server.RaftServerConfigKeys (ConfUtils.java:logGet(43)) - raft.server.log.appender.buffer.byte-limit = 33554432 (custom)
2019-09-20 10:24:44,232 [468be06f-55e9-4831-ba6b-3db017451a79:group-576A86C1D849:LeaderElection88] INFO  server.RaftServerConfigKeys (ConfUtils.java:logGet(43)) - raft.server.log.appender.buffer.element-limit = 1 (custom)
2019-09-20 10:24:44,232 [468be06f-55e9-4831-ba6b-3db017451a79:group-576A86C1D849:LeaderElection88] INFO  grpc.GrpcConfigKeys$Server (ConfUtils.java:logGet(43)) - raft.grpc.server.leader.outstanding.appends.max = 128 (default)
2019-09-20 10:24:44,232 [468be06f-55e9-4831-ba6b-3db017451a79:group-576A86C1D849:LeaderElection88] INFO  server.RaftServerConfigKeys (ConfUtils.java:logGet(43)) - raft.server.rpc.request.timeout = 3000ms (default)
2019-09-20 10:24:44,232 [468be06f-55e9-4831-ba6b-3db017451a79:group-576A86C1D849:LeaderElection88] INFO  server.RaftServerConfigKeys (ConfUtils.java:logGet(43)) - raft.server.log.appender.install.snapshot.enabled = false (custom)
2019-09-20 10:24:44,234 [468be06f-55e9-4831-ba6b-3db017451a79:group-576A86C1D849:LeaderElection88] INFO  impl.RoleInfo (RoleInfo.java:updateAndGet(143)) - 468be06f-55e9-4831-ba6b-3db017451a79: start LeaderState
2019-09-20 10:24:44,234 [468be06f-55e9-4831-ba6b-3db017451a79:group-576A86C1D849:LeaderElection88] INFO  segmented.SegmentedRaftLogWorker (SegmentedRaftLogWorker.java:startLogSegment(380)) - 468be06f-55e9-4831-ba6b-3db017451a79-SegmentedRaftLogWorker:Storage Directory /workdir/hadoop-ozone/integration-test/target/test-dir/MiniOzoneClusterImpl-0561fc2e-9288-4596-b687-0c9fb03504b1/datanode-6/data/ratis/0744cc0d-1490-487c-b826-576a86c1d849: Starting segment from index:0
2019-09-20 10:24:44,556 | INFO  | SCMAudit | user=jenkins1000 | ip=192.168.36.99 | op=SEND_HEARTBEAT {datanodeUUID=468be06f-55e9-4831-ba6b-3db017451a79, command=[]} | ret=SUCCESS |  
2019-09-20 10:24:44,556 | INFO  | SCMAudit | user=jenkins1000 | ip=192.168.36.99 | op=SEND_HEARTBEAT {datanodeUUID=54207fe5-d92c-4c2e-b058-fbae630dabef, command=[]} | ret=SUCCESS |  
2019-09-20 10:24:44,556 | INFO  | SCMAudit | user=jenkins1000 | ip=192.168.36.99 | op=SEND_HEARTBEAT {datanodeUUID=19fb8383-7c99-4449-b95c-a26e71717844, command=[]} | ret=SUCCESS |  
2019-09-20 10:24:44,556 | INFO  | SCMAudit | user=jenkins1000 | ip=192.168.36.99 | op=SEND_HEARTBEAT {datanodeUUID=66416d0b-a71c-4af1-ae3a-62ca63b880a3, command=[]} | ret=SUCCESS |  
2019-09-20 10:24:44,556 | INFO  | SCMAudit | user=jenkins1000 | ip=192.168.36.99 | op=SEND_HEARTBEAT {datanodeUUID=3d6f3241-e73c-473a-ad0b-c7be2f7e1dda, command=[]} | ret=SUCCESS |  
2019-09-20 10:24:44,556 | INFO  | SCMAudit | user=jenkins1000 | ip=192.168.36.99 | op=SEND_HEARTBEAT {datanodeUUID=4d972e91-cb6b-45de-8bd2-c18af7abe58b, command=[]} | ret=SUCCESS |  
2019-09-20 10:24:44,556 | INFO  | SCMAudit | user=jenkins1000 | ip=192.168.36.99 | op=SEND_HEARTBEAT {datanodeUUID=1ab786b9-c79c-4265-88a1-5b3344c6beda, command=[]} | ret=SUCCESS |  
2019-09-20 10:24:44,556 | INFO  | SCMAudit | user=jenkins1000 | ip=192.168.36.99 | op=SEND_HEARTBEAT {datanodeUUID=7af711bd-b5ae-4a73-a8be-b970cae6c2d1, command=[]} | ret=SUCCESS |  
2019-09-20 10:24:44,556 | INFO  | SCMAudit | user=jenkins1000 | ip=192.168.36.99 | op=SEND_HEARTBEAT {datanodeUUID=c3e532f8-1a8e-44f3-b56b-d765aee893af, command=[]} | ret=SUCCESS |  
2019-09-20 10:24:44,556 | INFO  | SCMAudit | user=jenkins1000 | ip=192.168.36.99 | op=SEND_HEARTBEAT {datanodeUUID=6491c372-a595-4104-b3e9-c4f3293baafa, command=[]} | ret=SUCCESS |  
2019-09-20 10:24:44,556 | INFO  | SCMAudit | user=jenkins1000 | ip=192.168.36.99 | op=SEND_HEARTBEAT {datanodeUUID=9e03ffa9-cf79-407a-a150-4c035e5aec5e, command=[]} | ret=SUCCESS |  
2019-09-20 10:24:44,556 | INFO  | SCMAudit | user=jenkins1000 | ip=192.168.36.99 | op=SEND_HEARTBEAT {datanodeUUID=60260ec1-e192-4b95-89c8-d924d16a77a9, command=[]} | ret=SUCCESS |  
2019-09-20 10:24:44,556 | INFO  | SCMAudit | user=jenkins1000 | ip=192.168.36.99 | op=SEND_HEARTBEAT {datanodeUUID=d2ed2d9b-7ac7-460e-84f6-6d9d6066f76d, command=[]} | ret=SUCCESS |  
2019-09-20 10:24:44,556 [468be06f-55e9-4831-ba6b-3db017451a79:group-576A86C1D849:LeaderElection88] INFO  impl.RaftServerImpl (ServerState.java:setRaftConf(361)) - 468be06f-55e9-4831-ba6b-3db017451a79:group-576A86C1D849 set configuration 0: [468be06f-55e9-4831-ba6b-3db017451a79:192.168.36.99:34815, 6491c372-a595-4104-b3e9-c4f3293baafa:192.168.36.99:41491, 9e03ffa9-cf79-407a-a150-4c035e5aec5e:192.168.36.99:38182], old=null at 0
2019-09-20 10:24:44,556 | INFO  | SCMAudit | user=jenkins1000 | ip=192.168.36.99 | op=SEND_HEARTBEAT {datanodeUUID=17e2ba94-38a1-40e7-84e0-f6802901db84, command=[]} | ret=SUCCESS |  
2019-09-20 10:24:44,583 [grpc-default-executor-4] INFO  impl.RaftServerImpl (ServerState.java:setLeader(263)) - 9e03ffa9-cf79-407a-a150-4c035e5aec5e:group-576A86C1D849 change Leader from null to 468be06f-55e9-4831-ba6b-3db017451a79 at term 3 for appendEntries, leader elected after 18724ms
2019-09-20 10:24:44,583 [grpc-default-executor-5] INFO  impl.RaftServerImpl (ServerState.java:setLeader(263)) - 6491c372-a595-4104-b3e9-c4f3293baafa:group-576A86C1D849 change Leader from null to 468be06f-55e9-4831-ba6b-3db017451a79 at term 3 for appendEntries, leader elected after 18723ms
2019-09-20 10:24:44,627 [grpc-default-executor-4] INFO  impl.RaftServerImpl (ServerState.java:setRaftConf(361)) - 9e03ffa9-cf79-407a-a150-4c035e5aec5e:group-576A86C1D849 set configuration 0: [468be06f-55e9-4831-ba6b-3db017451a79:192.168.36.99:34815, 6491c372-a595-4104-b3e9-c4f3293baafa:192.168.36.99:41491, 9e03ffa9-cf79-407a-a150-4c035e5aec5e:192.168.36.99:38182], old=null at 0
2019-09-20 10:24:44,627 [grpc-default-executor-5] INFO  impl.RaftServerImpl (ServerState.java:setRaftConf(361)) - 6491c372-a595-4104-b3e9-c4f3293baafa:group-576A86C1D849 set configuration 0: [468be06f-55e9-4831-ba6b-3db017451a79:192.168.36.99:34815, 6491c372-a595-4104-b3e9-c4f3293baafa:192.168.36.99:41491, 9e03ffa9-cf79-407a-a150-4c035e5aec5e:192.168.36.99:38182], old=null at 0
2019-09-20 10:24:44,627 [grpc-default-executor-4] INFO  segmented.SegmentedRaftLogWorker (SegmentedRaftLogWorker.java:startLogSegment(380)) - 9e03ffa9-cf79-407a-a150-4c035e5aec5e-SegmentedRaftLogWorker:Storage Directory /workdir/hadoop-ozone/integration-test/target/test-dir/MiniOzoneClusterImpl-0561fc2e-9288-4596-b687-0c9fb03504b1/datanode-4/data/ratis/0744cc0d-1490-487c-b826-576a86c1d849: Starting segment from index:0
2019-09-20 10:24:44,627 [grpc-default-executor-5] INFO  segmented.SegmentedRaftLogWorker (SegmentedRaftLogWorker.java:startLogSegment(380)) - 6491c372-a595-4104-b3e9-c4f3293baafa-SegmentedRaftLogWorker:Storage Directory /workdir/hadoop-ozone/integration-test/target/test-dir/MiniOzoneClusterImpl-0561fc2e-9288-4596-b687-0c9fb03504b1/datanode-3/data/ratis/0744cc0d-1490-487c-b826-576a86c1d849: Starting segment from index:0
2019-09-20 10:24:45,112 [grpc-default-executor-4] INFO  client.GrpcClientProtocolClient (GrpcClientProtocolClient.java:onNext(255)) - client-21807ED29EC2->9e03ffa9-cf79-407a-a150-4c035e5aec5e: receive RaftClientReply:client-21807ED29EC2->9e03ffa9-cf79-407a-a150-4c035e5aec5e@group-576A86C1D849, cid=84, FAILED org.apache.ratis.protocol.NotLeaderException: Server 9e03ffa9-cf79-407a-a150-4c035e5aec5e is not the leader (468be06f-55e9-4831-ba6b-3db017451a79:192.168.36.99:34815). Request must be sent to leader., logIndex=0, commits[9e03ffa9-cf79-407a-a150-4c035e5aec5e:c-1, 468be06f-55e9-4831-ba6b-3db017451a79:c-1, 6491c372-a595-4104-b3e9-c4f3293baafa:c-1]
2019-09-20 10:24:45,145 [grpc-default-executor-4] INFO  client.GrpcClientProtocolClient (GrpcClientProtocolClient.java:onNext(255)) - client-21807ED29EC2->468be06f-55e9-4831-ba6b-3db017451a79: receive RaftClientReply:client-21807ED29EC2->468be06f-55e9-4831-ba6b-3db017451a79@group-576A86C1D849, cid=84, FAILED org.apache.ratis.protocol.LeaderNotReadyException: 468be06f-55e9-4831-ba6b-3db017451a79 is in LEADER state but not ready yet., logIndex=0, commits[468be06f-55e9-4831-ba6b-3db017451a79:c-1, 6491c372-a595-4104-b3e9-c4f3293baafa:c-1, 9e03ffa9-cf79-407a-a150-4c035e5aec5e:c-1]
2019-09-20 10:24:45,482 [468be06f-55e9-4831-ba6b-3db017451a79-SegmentedRaftLogWorker:Storage Directory /workdir/hadoop-ozone/integration-test/target/test-dir/MiniOzoneClusterImpl-0561fc2e-9288-4596-b687-0c9fb03504b1/datanode-6/data/ratis/0744cc0d-1490-487c-b826-576a86c1d849] ERROR segmented.SegmentedRaftLogWorker (SegmentedRaftLogWorker.java:run(323)) - 468be06f-55e9-4831-ba6b-3db017451a79-SegmentedRaftLogWorker:Storage Directory /workdir/hadoop-ozone/integration-test/target/test-dir/MiniOzoneClusterImpl-0561fc2e-9288-4596-b687-0c9fb03504b1/datanode-6/data/ratis/0744cc0d-1490-487c-b826-576a86c1d849 hit exception
java.lang.OutOfMemoryError: Direct buffer memory
	at java.nio.Bits.reserveMemory(Bits.java:666)
	at java.nio.DirectByteBuffer.<init>(DirectByteBuffer.java:123)
	at java.nio.ByteBuffer.allocateDirect(ByteBuffer.java:311)
	at org.apache.ratis.server.raftlog.segmented.BufferedWriteChannel.<init>(BufferedWriteChannel.java:41)
	at org.apache.ratis.server.raftlog.segmented.SegmentedRaftLogOutputStream.<init>(SegmentedRaftLogOutputStream.java:72)
	at org.apache.ratis.server.raftlog.segmented.SegmentedRaftLogWorker$StartLogSegment.execute(SegmentedRaftLogWorker.java:566)
	at org.apache.ratis.server.raftlog.segmented.SegmentedRaftLogWorker.run(SegmentedRaftLogWorker.java:289)
	at java.lang.Thread.run(Thread.java:748)
2019-09-20 10:24:45,483 [468be06f-55e9-4831-ba6b-3db017451a79-SegmentedRaftLogWorker:Storage Directory /workdir/hadoop-ozone/integration-test/target/test-dir/MiniOzoneClusterImpl-0561fc2e-9288-4596-b687-0c9fb03504b1/datanode-6/data/ratis/0744cc0d-1490-487c-b826-576a86c1d849] INFO  impl.RaftServerImpl (RaftServerImpl.java:lambda$shutdown$3(245)) - 468be06f-55e9-4831-ba6b-3db017451a79: shutdown group-576A86C1D849
2019-09-20 10:24:45,483 [468be06f-55e9-4831-ba6b-3db017451a79-SegmentedRaftLogWorker:Storage Directory /workdir/hadoop-ozone/integration-test/target/test-dir/MiniOzoneClusterImpl-0561fc2e-9288-4596-b687-0c9fb03504b1/datanode-6/data/ratis/0744cc0d-1490-487c-b826-576a86c1d849] INFO  util.JmxRegister (JmxRegister.java:unregister(73)) - Successfully un-registered JMX Bean with object name Ratis:service=RaftServer,group=group-576A86C1D849,id=468be06f-55e9-4831-ba6b-3db017451a79
2019-09-20 10:24:45,483 [468be06f-55e9-4831-ba6b-3db017451a79-SegmentedRaftLogWorker:Storage Directory /workdir/hadoop-ozone/integration-test/target/test-dir/MiniOzoneClusterImpl-0561fc2e-9288-4596-b687-0c9fb03504b1/datanode-6/data/ratis/0744cc0d-1490-487c-b826-576a86c1d849] INFO  impl.RoleInfo (RoleInfo.java:shutdownLeaderState(104)) - 468be06f-55e9-4831-ba6b-3db017451a79: shutdown LeaderState
2019-09-20 10:24:45,494 [468be06f-55e9-4831-ba6b-3db017451a79-SegmentedRaftLogWorker:Storage Directory /workdir/hadoop-ozone/integration-test/target/test-dir/MiniOzoneClusterImpl-0561fc2e-9288-4596-b687-0c9fb03504b1/datanode-6/data/ratis/0744cc0d-1490-487c-b826-576a86c1d849] INFO  impl.PendingRequests (PendingRequests.java:sendNotLeaderResponses(202)) - 468be06f-55e9-4831-ba6b-3db017451a79-PendingRequests: sendNotLeaderResponses
2019-09-20 10:24:45,494 [org.apache.ratis.server.impl.LogAppender$AppenderDaemon$$Lambda$510/328451623@22376335] WARN  server.GrpcLogAppender (GrpcLogAppender.java:mayWait(143)) - GrpcLogAppender(468be06f-55e9-4831-ba6b-3db017451a79->9e03ffa9-cf79-407a-a150-4c035e5aec5e): Wait interrupted by java.lang.InterruptedException
2019-09-20 10:24:45,494 [org.apache.ratis.server.impl.LogAppender$AppenderDaemon$$Lambda$510/328451623@3362d405] WARN  server.GrpcLogAppender (GrpcLogAppender.java:mayWait(143)) - GrpcLogAppender(468be06f-55e9-4831-ba6b-3db017451a79->6491c372-a595-4104-b3e9-c4f3293baafa): Wait interrupted by java.lang.InterruptedException
2019-09-20 10:24:45,501 [468be06f-55e9-4831-ba6b-3db017451a79-SegmentedRaftLogWorker:Storage Directory /workdir/hadoop-ozone/integration-test/target/test-dir/MiniOzoneClusterImpl-0561fc2e-9288-4596-b687-0c9fb03504b1/datanode-6/data/ratis/0744cc0d-1490-487c-b826-576a86c1d849] INFO  impl.StateMachineUpdater (StateMachineUpdater.java:stopAndJoin(115)) - StateMachineUpdater:468be06f-55e9-4831-ba6b-3db017451a79:group-576A86C1D849: set stopIndex = -1
2019-09-20 10:24:45,501 [468be06f-55e9-4831-ba6b-3db017451a79-SegmentedRaftLogWorker:Storage Directory /workdir/hadoop-ozone/integration-test/target/test-dir/MiniOzoneClusterImpl-0561fc2e-9288-4596-b687-0c9fb03504b1/datanode-6/data/ratis/0744cc0d-1490-487c-b826-576a86c1d849] INFO  impl.RaftServerImpl (ServerState.java:close(394)) - 468be06f-55e9-4831-ba6b-3db017451a79:group-576A86C1D849 closes. The last applied log index is -1
2019-09-20 10:24:45,501 [468be06f-55e9-4831-ba6b-3db017451a79-SegmentedRaftLogWorker:Storage Directory /workdir/hadoop-ozone/integration-test/target/test-dir/MiniOzoneClusterImpl-0561fc2e-9288-4596-b687-0c9fb03504b1/datanode-6/data/ratis/0744cc0d-1490-487c-b826-576a86c1d849] INFO  segmented.SegmentedRaftLogWorker (SegmentedRaftLogWorker.java:close(228)) - 468be06f-55e9-4831-ba6b-3db017451a79-SegmentedRaftLogWorker:Storage Directory /workdir/hadoop-ozone/integration-test/target/test-dir/MiniOzoneClusterImpl-0561fc2e-9288-4596-b687-0c9fb03504b1/datanode-6/data/ratis/0744cc0d-1490-487c-b826-576a86c1d849 close()
2019-09-20 10:24:45,503 [grpc-default-executor-4] INFO  server.GrpcServerProtocolService (GrpcServerProtocolService.java:onCompleted(104)) - 9e03ffa9-cf79-407a-a150-4c035e5aec5e: appendEntries completed
2019-09-20 10:24:45,503 [grpc-default-executor-5] INFO  server.GrpcServerProtocolService (GrpcServerProtocolService.java:onCompleted(104)) - 6491c372-a595-4104-b3e9-c4f3293baafa: appendEntries completed
2019-09-20 10:24:45,507 [grpc-default-executor-5] INFO  server.GrpcLogAppender (GrpcLogAppender.java:onCompleted(292)) - 468be06f-55e9-4831-ba6b-3db017451a79->9e03ffa9-cf79-407a-a150-4c035e5aec5e: follower responses appendEntries COMPLETED
2019-09-20 10:24:45,510 [grpc-default-executor-4] INFO  server.GrpcLogAppender (GrpcLogAppender.java:onCompleted(292)) - 468be06f-55e9-4831-ba6b-3db017451a79->6491c372-a595-4104-b3e9-c4f3293baafa: follower responses appendEntries COMPLETED
2019-09-20 10:24:45,514 [grpc-default-executor-5] INFO  impl.FollowerInfo (FollowerInfo.java:lambda$new$0(50)) - 468be06f-55e9-4831-ba6b-3db017451a79->9e03ffa9-cf79-407a-a150-4c035e5aec5e: nextIndex: updateUnconditionally 1 -> 0
2019-09-20 10:24:45,514 [grpc-default-executor-4] INFO  impl.FollowerInfo (FollowerInfo.java:lambda$new$0(50)) - 468be06f-55e9-4831-ba6b-3db017451a79->6491c372-a595-4104-b3e9-c4f3293baafa: nextIndex: updateUnconditionally 1 -> 0
2019-09-20 10:24:45,551 | INFO  | SCMAudit | user=jenkins1000 | ip=192.168.36.99 | op=SEND_HEARTBEAT {datanodeUUID=d2ed2d9b-7ac7-460e-84f6-6d9d6066f76d, command=[]} | ret=SUCCESS |  
2019-09-20 10:24:45,551 | INFO  | SCMAudit | user=jenkins1000 | ip=192.168.36.99 | op=SEND_HEARTBEAT {datanodeUUID=6491c372-a595-4104-b3e9-c4f3293baafa, command=[]} | ret=SUCCESS |  
2019-09-20 10:24:45,551 | INFO  | SCMAudit | user=jenkins1000 | ip=192.168.36.99 | op=SEND_HEARTBEAT {datanodeUUID=3d6f3241-e73c-473a-ad0b-c7be2f7e1dda, command=[]} | ret=SUCCESS |  
2019-09-20 10:24:45,551 | INFO  | SCMAudit | user=jenkins1000 | ip=192.168.36.99 | op=SEND_HEARTBEAT {datanodeUUID=c3e532f8-1a8e-44f3-b56b-d765aee893af, command=[]} | ret=SUCCESS |  
2019-09-20 10:24:45,553 | INFO  | SCMAudit | user=jenkins1000 | ip=192.168.36.99 | op=SEND_HEARTBEAT {datanodeUUID=1ab786b9-c79c-4265-88a1-5b3344c6beda, command=[]} | ret=SUCCESS |  
2019-09-20 10:24:45,553 | INFO  | SCMAudit | user=jenkins1000 | ip=192.168.36.99 | op=SEND_HEARTBEAT {datanodeUUID=468be06f-55e9-4831-ba6b-3db017451a79, command=[]} | ret=SUCCESS |  
2019-09-20 10:24:45,553 | INFO  | SCMAudit | user=jenkins1000 | ip=192.168.36.99 | op=SEND_HEARTBEAT {datanodeUUID=19fb8383-7c99-4449-b95c-a26e71717844, command=[]} | ret=SUCCESS |  
2019-09-20 10:24:45,553 | INFO  | SCMAudit | user=jenkins1000 | ip=192.168.36.99 | op=SEND_HEARTBEAT {datanodeUUID=66416d0b-a71c-4af1-ae3a-62ca63b880a3, command=[]} | ret=SUCCESS |  
2019-09-20 10:24:45,553 | INFO  | SCMAudit | user=jenkins1000 | ip=192.168.36.99 | op=SEND_HEARTBEAT {datanodeUUID=54207fe5-d92c-4c2e-b058-fbae630dabef, command=[]} | ret=SUCCESS |  
2019-09-20 10:24:45,554 | INFO  | SCMAudit | user=jenkins1000 | ip=192.168.36.99 | op=SEND_HEARTBEAT {datanodeUUID=17e2ba94-38a1-40e7-84e0-f6802901db84, command=[]} | ret=SUCCESS |  
2019-09-20 10:24:45,554 | INFO  | SCMAudit | user=jenkins1000 | ip=192.168.36.99 | op=SEND_HEARTBEAT {datanodeUUID=4d972e91-cb6b-45de-8bd2-c18af7abe58b, command=[]} | ret=SUCCESS |  
2019-09-20 10:24:45,554 | INFO  | SCMAudit | user=jenkins1000 | ip=192.168.36.99 | op=SEND_HEARTBEAT {datanodeUUID=9e03ffa9-cf79-407a-a150-4c035e5aec5e, command=[]} | ret=SUCCESS |  
2019-09-20 10:24:45,555 | INFO  | SCMAudit | user=jenkins1000 | ip=192.168.36.99 | op=SEND_HEARTBEAT {datanodeUUID=60260ec1-e192-4b95-89c8-d924d16a77a9, command=[]} | ret=SUCCESS |  
2019-09-20 10:24:45,555 | INFO  | SCMAudit | user=jenkins1000 | ip=192.168.36.99 | op=SEND_HEARTBEAT {datanodeUUID=7af711bd-b5ae-4a73-a8be-b970cae6c2d1, command=[]} | ret=SUCCESS |  
2019-09-20 10:24:45,610 [6491c372-a595-4104-b3e9-c4f3293baafa-SegmentedRaftLogWorker:Storage Directory /workdir/hadoop-ozone/integration-test/target/test-dir/MiniOzoneClusterImpl-0561fc2e-9288-4596-b687-0c9fb03504b1/datanode-3/data/ratis/0744cc0d-1490-487c-b826-576a86c1d849] ERROR segmented.SegmentedRaftLogWorker (SegmentedRaftLogWorker.java:run(323)) - 6491c372-a595-4104-b3e9-c4f3293baafa-SegmentedRaftLogWorker:Storage Directory /workdir/hadoop-ozone/integration-test/target/test-dir/MiniOzoneClusterImpl-0561fc2e-9288-4596-b687-0c9fb03504b1/datanode-3/data/ratis/0744cc0d-1490-487c-b826-576a86c1d849 hit exception
java.lang.OutOfMemoryError: Direct buffer memory
	at java.nio.Bits.reserveMemory(Bits.java:666)
	at java.nio.DirectByteBuffer.<init>(DirectByteBuffer.java:123)
	at java.nio.ByteBuffer.allocateDirect(ByteBuffer.java:311)
	at org.apache.ratis.server.raftlog.segmented.BufferedWriteChannel.<init>(BufferedWriteChannel.java:41)
	at org.apache.ratis.server.raftlog.segmented.SegmentedRaftLogOutputStream.<init>(SegmentedRaftLogOutputStream.java:72)
	at org.apache.ratis.server.raftlog.segmented.SegmentedRaftLogWorker$StartLogSegment.execute(SegmentedRaftLogWorker.java:566)
	at org.apache.ratis.server.raftlog.segmented.SegmentedRaftLogWorker.run(SegmentedRaftLogWorker.java:289)
	at java.lang.Thread.run(Thread.java:748)
2019-09-20 10:24:45,611 [6491c372-a595-4104-b3e9-c4f3293baafa-SegmentedRaftLogWorker:Storage Directory /workdir/hadoop-ozone/integration-test/target/test-dir/MiniOzoneClusterImpl-0561fc2e-9288-4596-b687-0c9fb03504b1/datanode-3/data/ratis/0744cc0d-1490-487c-b826-576a86c1d849] INFO  impl.RaftServerImpl (RaftServerImpl.java:lambda$shutdown$3(245)) - 6491c372-a595-4104-b3e9-c4f3293baafa: shutdown group-576A86C1D849
2019-09-20 10:24:45,611 [6491c372-a595-4104-b3e9-c4f3293baafa-SegmentedRaftLogWorker:Storage Directory /workdir/hadoop-ozone/integration-test/target/test-dir/MiniOzoneClusterImpl-0561fc2e-9288-4596-b687-0c9fb03504b1/datanode-3/data/ratis/0744cc0d-1490-487c-b826-576a86c1d849] INFO  util.JmxRegister (JmxRegister.java:unregister(73)) - Successfully un-registered JMX Bean with object name Ratis:service=RaftServer,group=group-576A86C1D849,id=6491c372-a595-4104-b3e9-c4f3293baafa
2019-09-20 10:24:45,611 [6491c372-a595-4104-b3e9-c4f3293baafa-SegmentedRaftLogWorker:Storage Directory /workdir/hadoop-ozone/integration-test/target/test-dir/MiniOzoneClusterImpl-0561fc2e-9288-4596-b687-0c9fb03504b1/datanode-3/data/ratis/0744cc0d-1490-487c-b826-576a86c1d849] INFO  impl.RoleInfo (RoleInfo.java:shutdownFollowerState(121)) - 6491c372-a595-4104-b3e9-c4f3293baafa: shutdown FollowerState
2019-09-20 10:24:45,611 [6491c372-a595-4104-b3e9-c4f3293baafa-SegmentedRaftLogWorker:Storage Directory /workdir/hadoop-ozone/integration-test/target/test-dir/MiniOzoneClusterImpl-0561fc2e-9288-4596-b687-0c9fb03504b1/datanode-3/data/ratis/0744cc0d-1490-487c-b826-576a86c1d849] INFO  impl.StateMachineUpdater (StateMachineUpdater.java:stopAndJoin(115)) - StateMachineUpdater:6491c372-a595-4104-b3e9-c4f3293baafa:group-576A86C1D849: set stopIndex = -1
2019-09-20 10:24:45,612 [Thread-964] INFO  impl.FollowerState (FollowerState.java:run(114)) - 6491c372-a595-4104-b3e9-c4f3293baafa: FollowerState was interrupted: java.lang.InterruptedException: sleep interrupted
2019-09-20 10:24:45,612 [6491c372-a595-4104-b3e9-c4f3293baafa-SegmentedRaftLogWorker:Storage Directory /workdir/hadoop-ozone/integration-test/target/test-dir/MiniOzoneClusterImpl-0561fc2e-9288-4596-b687-0c9fb03504b1/datanode-3/data/ratis/0744cc0d-1490-487c-b826-576a86c1d849] INFO  impl.RaftServerImpl (ServerState.java:close(394)) - 6491c372-a595-4104-b3e9-c4f3293baafa:group-576A86C1D849 closes. The last applied log index is -1
2019-09-20 10:24:45,612 [6491c372-a595-4104-b3e9-c4f3293baafa-SegmentedRaftLogWorker:Storage Directory /workdir/hadoop-ozone/integration-test/target/test-dir/MiniOzoneClusterImpl-0561fc2e-9288-4596-b687-0c9fb03504b1/datanode-3/data/ratis/0744cc0d-1490-487c-b826-576a86c1d849] INFO  segmented.SegmentedRaftLogWorker (SegmentedRaftLogWorker.java:close(228)) - 6491c372-a595-4104-b3e9-c4f3293baafa-SegmentedRaftLogWorker:Storage Directory /workdir/hadoop-ozone/integration-test/target/test-dir/MiniOzoneClusterImpl-0561fc2e-9288-4596-b687-0c9fb03504b1/datanode-3/data/ratis/0744cc0d-1490-487c-b826-576a86c1d849 close()
2019-09-20 10:24:45,614 [9e03ffa9-cf79-407a-a150-4c035e5aec5e-SegmentedRaftLogWorker:Storage Directory /workdir/hadoop-ozone/integration-test/target/test-dir/MiniOzoneClusterImpl-0561fc2e-9288-4596-b687-0c9fb03504b1/datanode-4/data/ratis/0744cc0d-1490-487c-b826-576a86c1d849] ERROR segmented.SegmentedRaftLogWorker (SegmentedRaftLogWorker.java:run(323)) - 9e03ffa9-cf79-407a-a150-4c035e5aec5e-SegmentedRaftLogWorker:Storage Directory /workdir/hadoop-ozone/integration-test/target/test-dir/MiniOzoneClusterImpl-0561fc2e-9288-4596-b687-0c9fb03504b1/datanode-4/data/ratis/0744cc0d-1490-487c-b826-576a86c1d849 hit exception
java.lang.OutOfMemoryError: Direct buffer memory
	at java.nio.Bits.reserveMemory(Bits.java:666)
	at java.nio.DirectByteBuffer.<init>(DirectByteBuffer.java:123)
	at java.nio.ByteBuffer.allocateDirect(ByteBuffer.java:311)
	at org.apache.ratis.server.raftlog.segmented.BufferedWriteChannel.<init>(BufferedWriteChannel.java:41)
	at org.apache.ratis.server.raftlog.segmented.SegmentedRaftLogOutputStream.<init>(SegmentedRaftLogOutputStream.java:72)
	at org.apache.ratis.server.raftlog.segmented.SegmentedRaftLogWorker$StartLogSegment.execute(SegmentedRaftLogWorker.java:566)
	at org.apache.ratis.server.raftlog.segmented.SegmentedRaftLogWorker.run(SegmentedRaftLogWorker.java:289)
	at java.lang.Thread.run(Thread.java:748)
2019-09-20 10:24:45,614 [9e03ffa9-cf79-407a-a150-4c035e5aec5e-SegmentedRaftLogWorker:Storage Directory /workdir/hadoop-ozone/integration-test/target/test-dir/MiniOzoneClusterImpl-0561fc2e-9288-4596-b687-0c9fb03504b1/datanode-4/data/ratis/0744cc0d-1490-487c-b826-576a86c1d849] INFO  impl.RaftServerImpl (RaftServerImpl.java:lambda$shutdown$3(245)) - 9e03ffa9-cf79-407a-a150-4c035e5aec5e: shutdown group-576A86C1D849
2019-09-20 10:24:45,615 [9e03ffa9-cf79-407a-a150-4c035e5aec5e-SegmentedRaftLogWorker:Storage Directory /workdir/hadoop-ozone/integration-test/target/test-dir/MiniOzoneClusterImpl-0561fc2e-9288-4596-b687-0c9fb03504b1/datanode-4/data/ratis/0744cc0d-1490-487c-b826-576a86c1d849] INFO  util.JmxRegister (JmxRegister.java:unregister(73)) - Successfully un-registered JMX Bean with object name Ratis:service=RaftServer,group=group-576A86C1D849,id=9e03ffa9-cf79-407a-a150-4c035e5aec5e
2019-09-20 10:24:45,615 [9e03ffa9-cf79-407a-a150-4c035e5aec5e-SegmentedRaftLogWorker:Storage Directory /workdir/hadoop-ozone/integration-test/target/test-dir/MiniOzoneClusterImpl-0561fc2e-9288-4596-b687-0c9fb03504b1/datanode-4/data/ratis/0744cc0d-1490-487c-b826-576a86c1d849] INFO  impl.RoleInfo (RoleInfo.java:shutdownFollowerState(121)) - 9e03ffa9-cf79-407a-a150-4c035e5aec5e: shutdown FollowerState
2019-09-20 10:24:45,615 [9e03ffa9-cf79-407a-a150-4c035e5aec5e-SegmentedRaftLogWorker:Storage Directory /workdir/hadoop-ozone/integration-test/target/test-dir/MiniOzoneClusterImpl-0561fc2e-9288-4596-b687-0c9fb03504b1/datanode-4/data/ratis/0744cc0d-1490-487c-b826-576a86c1d849] INFO  impl.StateMachineUpdater (StateMachineUpdater.java:stopAndJoin(115)) - StateMachineUpdater:9e03ffa9-cf79-407a-a150-4c035e5aec5e:group-576A86C1D849: set stopIndex = -1
2019-09-20 10:24:45,615 [Thread-967] INFO  impl.FollowerState (FollowerState.java:run(114)) - 9e03ffa9-cf79-407a-a150-4c035e5aec5e: FollowerState was interrupted: java.lang.InterruptedException: sleep interrupted
2019-09-20 10:24:45,615 [9e03ffa9-cf79-407a-a150-4c035e5aec5e-SegmentedRaftLogWorker:Storage Directory /workdir/hadoop-ozone/integration-test/target/test-dir/MiniOzoneClusterImpl-0561fc2e-9288-4596-b687-0c9fb03504b1/datanode-4/data/ratis/0744cc0d-1490-487c-b826-576a86c1d849] INFO  impl.RaftServerImpl (ServerState.java:close(394)) - 9e03ffa9-cf79-407a-a150-4c035e5aec5e:group-576A86C1D849 closes. The last applied log index is -1
2019-09-20 10:24:45,616 [9e03ffa9-cf79-407a-a150-4c035e5aec5e-SegmentedRaftLogWorker:Storage Directory /workdir/hadoop-ozone/integration-test/target/test-dir/MiniOzoneClusterImpl-0561fc2e-9288-4596-b687-0c9fb03504b1/datanode-4/data/ratis/0744cc0d-1490-487c-b826-576a86c1d849] INFO  segmented.SegmentedRaftLogWorker (SegmentedRaftLogWorker.java:close(228)) - 9e03ffa9-cf79-407a-a150-4c035e5aec5e-SegmentedRaftLogWorker:Storage Directory /workdir/hadoop-ozone/integration-test/target/test-dir/MiniOzoneClusterImpl-0561fc2e-9288-4596-b687-0c9fb03504b1/datanode-4/data/ratis/0744cc0d-1490-487c-b826-576a86c1d849 close()
2019-09-20 10:24:46,551 | INFO  | SCMAudit | user=jenkins1000 | ip=192.168.36.99 | op=SEND_HEARTBEAT {datanodeUUID=6491c372-a595-4104-b3e9-c4f3293baafa, command=[]} | ret=SUCCESS |  
2019-09-20 10:24:46,551 | INFO  | SCMAudit | user=jenkins1000 | ip=192.168.36.99 | op=SEND_HEARTBEAT {datanodeUUID=3d6f3241-e73c-473a-ad0b-c7be2f7e1dda, command=[]} | ret=SUCCESS |  
2019-09-20 10:24:46,551 | INFO  | SCMAudit | user=jenkins1000 | ip=192.168.36.99 | op=SEND_HEARTBEAT {datanodeUUID=d2ed2d9b-7ac7-460e-84f6-6d9d6066f76d, command=[]} | ret=SUCCESS |  
2019-09-20 10:24:46,552 | INFO  | SCMAudit | user=jenkins1000 | ip=192.168.36.99 | op=SEND_HEARTBEAT {datanodeUUID=c3e532f8-1a8e-44f3-b56b-d765aee893af, command=[]} | ret=SUCCESS |  
2019-09-20 10:24:46,552 | INFO  | SCMAudit | user=jenkins1000 | ip=192.168.36.99 | op=SEND_HEARTBEAT {datanodeUUID=468be06f-55e9-4831-ba6b-3db017451a79, command=[]} | ret=SUCCESS |  
2019-09-20 10:24:46,552 | INFO  | SCMAudit | user=jenkins1000 | ip=192.168.36.99 | op=SEND_HEARTBEAT {datanodeUUID=19fb8383-7c99-4449-b95c-a26e71717844, command=[]} | ret=SUCCESS |  
2019-09-20 10:24:46,553 | INFO  | SCMAudit | user=jenkins1000 | ip=192.168.36.99 | op=SEND_HEARTBEAT {datanodeUUID=1ab786b9-c79c-4265-88a1-5b3344c6beda, command=[]} | ret=SUCCESS |  
2019-09-20 10:24:46,554 | INFO  | SCMAudit | user=jenkins1000 | ip=192.168.36.99 | op=SEND_HEARTBEAT {datanodeUUID=66416d0b-a71c-4af1-ae3a-62ca63b880a3, command=[]} | ret=SUCCESS |  
2019-09-20 10:24:46,554 | INFO  | SCMAudit | user=jenkins1000 | ip=192.168.36.99 | op=SEND_HEARTBEAT {datanodeUUID=54207fe5-d92c-4c2e-b058-fbae630dabef, command=[]} | ret=SUCCESS |  
2019-09-20 10:24:46,554 | INFO  | SCMAudit | user=jenkins1000 | ip=192.168.36.99 | op=SEND_HEARTBEAT {datanodeUUID=17e2ba94-38a1-40e7-84e0-f6802901db84, command=[]} | ret=SUCCESS |  
2019-09-20 10:24:46,554 | INFO  | SCMAudit | user=jenkins1000 | ip=192.168.36.99 | op=SEND_HEARTBEAT {datanodeUUID=4d972e91-cb6b-45de-8bd2-c18af7abe58b, command=[]} | ret=SUCCESS |  
2019-09-20 10:24:46,555 | INFO  | SCMAudit | user=jenkins1000 | ip=192.168.36.99 | op=SEND_HEARTBEAT {datanodeUUID=9e03ffa9-cf79-407a-a150-4c035e5aec5e, command=[]} | ret=SUCCESS |  
2019-09-20 10:24:46,556 | INFO  | SCMAudit | user=jenkins1000 | ip=192.168.36.99 | op=SEND_HEARTBEAT {datanodeUUID=7af711bd-b5ae-4a73-a8be-b970cae6c2d1, command=[]} | ret=SUCCESS |  
2019-09-20 10:24:46,556 | INFO  | SCMAudit | user=jenkins1000 | ip=192.168.36.99 | op=SEND_HEARTBEAT {datanodeUUID=60260ec1-e192-4b95-89c8-d924d16a77a9, command=[]} | ret=SUCCESS |  
2019-09-20 10:24:47,551 | INFO  | SCMAudit | user=jenkins1000 | ip=192.168.36.99 | op=SEND_HEARTBEAT {datanodeUUID=3d6f3241-e73c-473a-ad0b-c7be2f7e1dda, command=[]} | ret=SUCCESS |  
2019-09-20 10:24:47,551 | INFO  | SCMAudit | user=jenkins1000 | ip=192.168.36.99 | op=SEND_HEARTBEAT {datanodeUUID=6491c372-a595-4104-b3e9-c4f3293baafa, command=[]} | ret=SUCCESS |  
2019-09-20 10:24:47,552 | INFO  | SCMAudit | user=jenkins1000 | ip=192.168.36.99 | op=SEND_HEARTBEAT {datanodeUUID=d2ed2d9b-7ac7-460e-84f6-6d9d6066f76d, command=[]} | ret=SUCCESS |  
2019-09-20 10:24:47,552 | INFO  | SCMAudit | user=jenkins1000 | ip=192.168.36.99 | op=SEND_HEARTBEAT {datanodeUUID=c3e532f8-1a8e-44f3-b56b-d765aee893af, command=[]} | ret=SUCCESS |  
2019-09-20 10:24:47,552 | INFO  | SCMAudit | user=jenkins1000 | ip=192.168.36.99 | op=SEND_HEARTBEAT {datanodeUUID=1ab786b9-c79c-4265-88a1-5b3344c6beda, command=[]} | ret=SUCCESS |  
2019-09-20 10:24:47,553 | INFO  | SCMAudit | user=jenkins1000 | ip=192.168.36.99 | op=SEND_HEARTBEAT {datanodeUUID=19fb8383-7c99-4449-b95c-a26e71717844, command=[]} | ret=SUCCESS |  
2019-09-20 10:24:47,553 | INFO  | SCMAudit | user=jenkins1000 | ip=192.168.36.99 | op=SEND_HEARTBEAT {datanodeUUID=468be06f-55e9-4831-ba6b-3db017451a79, command=[]} | ret=SUCCESS |  
2019-09-20 10:24:47,554 | INFO  | SCMAudit | user=jenkins1000 | ip=192.168.36.99 | op=SEND_HEARTBEAT {datanodeUUID=66416d0b-a71c-4af1-ae3a-62ca63b880a3, command=[]} | ret=SUCCESS |  
2019-09-20 10:24:47,554 | INFO  | SCMAudit | user=jenkins1000 | ip=192.168.36.99 | op=SEND_HEARTBEAT {datanodeUUID=54207fe5-d92c-4c2e-b058-fbae630dabef, command=[]} | ret=SUCCESS |  
2019-09-20 10:24:47,554 | INFO  | SCMAudit | user=jenkins1000 | ip=192.168.36.99 | op=SEND_HEARTBEAT {datanodeUUID=17e2ba94-38a1-40e7-84e0-f6802901db84, command=[]} | ret=SUCCESS |  
2019-09-20 10:24:47,555 | INFO  | SCMAudit | user=jenkins1000 | ip=192.168.36.99 | op=SEND_HEARTBEAT {datanodeUUID=4d972e91-cb6b-45de-8bd2-c18af7abe58b, command=[]} | ret=SUCCESS |  
2019-09-20 10:24:47,555 | INFO  | SCMAudit | user=jenkins1000 | ip=192.168.36.99 | op=SEND_HEARTBEAT {datanodeUUID=9e03ffa9-cf79-407a-a150-4c035e5aec5e, command=[]} | ret=SUCCESS |  
2019-09-20 10:24:47,555 | INFO  | SCMAudit | user=jenkins1000 | ip=192.168.36.99 | op=SEND_HEARTBEAT {datanodeUUID=60260ec1-e192-4b95-89c8-d924d16a77a9, command=[]} | ret=SUCCESS |  
2019-09-20 10:24:47,556 | INFO  | SCMAudit | user=jenkins1000 | ip=192.168.36.99 | op=SEND_HEARTBEAT {datanodeUUID=7af711bd-b5ae-4a73-a8be-b970cae6c2d1, command=[]} | ret=SUCCESS |  
]]></system-out>
    <system-err><![CDATA[Sep 20, 2019 10:24:18 AM com.sun.jersey.server.impl.application.WebApplicationImpl _initiate
INFO: Initiating Jersey application, version 'Jersey: 1.19 02/11/2015 03:25 AM'
Sep 20, 2019 10:24:19 AM com.sun.jersey.server.impl.application.WebApplicationImpl _initiate
INFO: Initiating Jersey application, version 'Jersey: 1.19 02/11/2015 03:25 AM'
Sep 20, 2019 10:24:19 AM com.sun.jersey.server.impl.application.WebApplicationImpl _initiate
INFO: Initiating Jersey application, version 'Jersey: 1.19 02/11/2015 03:25 AM'
Sep 20, 2019 10:24:19 AM com.sun.jersey.server.impl.application.WebApplicationImpl _initiate
INFO: Initiating Jersey application, version 'Jersey: 1.19 02/11/2015 03:25 AM'
Sep 20, 2019 10:24:19 AM com.sun.jersey.server.impl.application.WebApplicationImpl _initiate
INFO: Initiating Jersey application, version 'Jersey: 1.19 02/11/2015 03:25 AM'
Sep 20, 2019 10:24:20 AM com.sun.jersey.server.impl.application.WebApplicationImpl _initiate
INFO: Initiating Jersey application, version 'Jersey: 1.19 02/11/2015 03:25 AM'
Sep 20, 2019 10:24:20 AM com.sun.jersey.server.impl.application.WebApplicationImpl _initiate
INFO: Initiating Jersey application, version 'Jersey: 1.19 02/11/2015 03:25 AM'
]]></system-err>
  </testcase>
  <testcase name="testWatchForCommitForRetryfailure" classname="org.apache.hadoop.ozone.client.rpc.TestWatchForCommit" time="9.733">
    <error message="Could not allocate container. Cannot get any matching pipeline for Type:RATIS, Factor:THREE, State:PipelineState.OPEN&#10;	at org.apache.hadoop.hdds.scm.container.ContainerStateManager.allocateContainer(ContainerStateManager.java:260)&#10;	at org.apache.hadoop.hdds.scm.container.SCMContainerManager.allocateContainer(SCMContainerManager.java:247)&#10;	at org.apache.hadoop.hdds.scm.server.SCMClientProtocolServer.allocateContainer(SCMClientProtocolServer.java:186)&#10;	at org.apache.hadoop.ozone.protocolPB.StorageContainerLocationProtocolServerSideTranslatorPB.allocateContainer(StorageContainerLocationProtocolServerSideTranslatorPB.java:115)&#10;	at org.apache.hadoop.hdds.protocol.proto.StorageContainerLocationProtocolProtos$StorageContainerLocationProtocolService$2.callBlockingMethod(StorageContainerLocationProtocolProtos.java:19079)&#10;	at org.apache.hadoop.ipc.ProtobufRpcEngine$Server$ProtoBufRpcInvoker.call(ProtobufRpcEngine.java:524)&#10;	at org.apache.hadoop.ipc.RPC$Server.call(RPC.java:1025)&#10;	at org.apache.hadoop.ipc.Server$RpcCall.run(Server.java:876)&#10;	at org.apache.hadoop.ipc.Server$RpcCall.run(Server.java:822)&#10;	at java.security.AccessController.doPrivileged(Native Method)&#10;	at javax.security.auth.Subject.doAs(Subject.java:422)&#10;	at org.apache.hadoop.security.UserGroupInformation.doAs(UserGroupInformation.java:1730)&#10;	at org.apache.hadoop.ipc.Server$Handler.run(Server.java:2682)&#10;" type="org.apache.hadoop.ipc.RemoteException(java.io.IOException)">org.apache.hadoop.ipc.RemoteException(java.io.IOException): Could not allocate container. Cannot get any matching pipeline for Type:RATIS, Factor:THREE, State:PipelineState.OPEN
	at org.apache.hadoop.hdds.scm.container.ContainerStateManager.allocateContainer(ContainerStateManager.java:260)
	at org.apache.hadoop.hdds.scm.container.SCMContainerManager.allocateContainer(SCMContainerManager.java:247)
	at org.apache.hadoop.hdds.scm.server.SCMClientProtocolServer.allocateContainer(SCMClientProtocolServer.java:186)
	at org.apache.hadoop.ozone.protocolPB.StorageContainerLocationProtocolServerSideTranslatorPB.allocateContainer(StorageContainerLocationProtocolServerSideTranslatorPB.java:115)
	at org.apache.hadoop.hdds.protocol.proto.StorageContainerLocationProtocolProtos$StorageContainerLocationProtocolService$2.callBlockingMethod(StorageContainerLocationProtocolProtos.java:19079)
	at org.apache.hadoop.ipc.ProtobufRpcEngine$Server$ProtoBufRpcInvoker.call(ProtobufRpcEngine.java:524)
	at org.apache.hadoop.ipc.RPC$Server.call(RPC.java:1025)
	at org.apache.hadoop.ipc.Server$RpcCall.run(Server.java:876)
	at org.apache.hadoop.ipc.Server$RpcCall.run(Server.java:822)
	at java.security.AccessController.doPrivileged(Native Method)
	at javax.security.auth.Subject.doAs(Subject.java:422)
	at org.apache.hadoop.security.UserGroupInformation.doAs(UserGroupInformation.java:1730)
	at org.apache.hadoop.ipc.Server$Handler.run(Server.java:2682)

	at org.apache.hadoop.ipc.Client.getRpcResponse(Client.java:1511)
	at org.apache.hadoop.ipc.Client.call(Client.java:1457)
	at org.apache.hadoop.ipc.Client.call(Client.java:1367)
	at org.apache.hadoop.ipc.ProtobufRpcEngine$Invoker.invoke(ProtobufRpcEngine.java:228)
	at org.apache.hadoop.ipc.ProtobufRpcEngine$Invoker.invoke(ProtobufRpcEngine.java:116)
	at com.sun.proxy.$Proxy34.allocateContainer(Unknown Source)
	at org.apache.hadoop.hdds.scm.protocolPB.StorageContainerLocationProtocolClientSideTranslatorPB.allocateContainer(StorageContainerLocationProtocolClientSideTranslatorPB.java:125)
	at org.apache.hadoop.ozone.client.rpc.TestWatchForCommit.testWatchForCommitForRetryfailure(TestWatchForCommit.java:323)
	at sun.reflect.NativeMethodAccessorImpl.invoke0(Native Method)
	at sun.reflect.NativeMethodAccessorImpl.invoke(NativeMethodAccessorImpl.java:62)
	at sun.reflect.DelegatingMethodAccessorImpl.invoke(DelegatingMethodAccessorImpl.java:43)
	at java.lang.reflect.Method.invoke(Method.java:498)
	at org.junit.runners.model.FrameworkMethod$1.runReflectiveCall(FrameworkMethod.java:47)
	at org.junit.internal.runners.model.ReflectiveCallable.run(ReflectiveCallable.java:12)
	at org.junit.runners.model.FrameworkMethod.invokeExplosively(FrameworkMethod.java:44)
	at org.junit.internal.runners.statements.InvokeMethod.evaluate(InvokeMethod.java:17)
	at org.junit.runners.ParentRunner.runLeaf(ParentRunner.java:271)
	at org.junit.runners.BlockJUnit4ClassRunner.runChild(BlockJUnit4ClassRunner.java:70)
	at org.junit.runners.BlockJUnit4ClassRunner.runChild(BlockJUnit4ClassRunner.java:50)
	at org.junit.runners.ParentRunner$3.run(ParentRunner.java:238)
	at org.junit.runners.ParentRunner$1.schedule(ParentRunner.java:63)
	at org.junit.runners.ParentRunner.runChildren(ParentRunner.java:236)
	at org.junit.runners.ParentRunner.access$000(ParentRunner.java:53)
	at org.junit.runners.ParentRunner$2.evaluate(ParentRunner.java:229)
	at org.junit.runners.ParentRunner.run(ParentRunner.java:309)
	at org.apache.maven.surefire.junit4.JUnit4Provider.execute(JUnit4Provider.java:365)
	at org.apache.maven.surefire.junit4.JUnit4Provider.executeWithRerun(JUnit4Provider.java:273)
	at org.apache.maven.surefire.junit4.JUnit4Provider.executeTestSet(JUnit4Provider.java:238)
	at org.apache.maven.surefire.junit4.JUnit4Provider.invoke(JUnit4Provider.java:159)
	at org.apache.maven.surefire.booter.ForkedBooter.invokeProviderInSameClassLoader(ForkedBooter.java:384)
	at org.apache.maven.surefire.booter.ForkedBooter.runSuitesInProcess(ForkedBooter.java:345)
	at org.apache.maven.surefire.booter.ForkedBooter.execute(ForkedBooter.java:126)
	at org.apache.maven.surefire.booter.ForkedBooter.main(ForkedBooter.java:418)
</error>
    <system-out><![CDATA[2019-09-20 10:24:48,319 [main] WARN  server.ServerUtils (ServerUtils.java:getScmDbDir(145)) - ozone.scm.db.dirs is not configured. We recommend adding this setting. Falling back to ozone.metadata.dirs instead.
2019-09-20 10:24:48,336 [main] WARN  server.ServerUtils (ServerUtils.java:getScmDbDir(145)) - ozone.scm.db.dirs is not configured. We recommend adding this setting. Falling back to ozone.metadata.dirs instead.
2019-09-20 10:24:48,337 [main] WARN  server.ServerUtils (ServerUtils.java:getScmDbDir(145)) - ozone.scm.db.dirs is not configured. We recommend adding this setting. Falling back to ozone.metadata.dirs instead.
2019-09-20 10:24:48,337 [main] INFO  db.DBStoreBuilder (DBStoreBuilder.java:addTable(110)) - using custom profile for table: deletedBlocks
2019-09-20 10:24:48,337 [main] INFO  db.DBStoreBuilder (DBStoreBuilder.java:processTables(161)) - Using default column profile:DBProfile.DISK for Table:deletedBlocks
2019-09-20 10:24:48,338 [main] INFO  db.DBStoreBuilder (DBStoreBuilder.java:addTable(110)) - using custom profile for table: validCerts
2019-09-20 10:24:48,338 [main] INFO  db.DBStoreBuilder (DBStoreBuilder.java:processTables(161)) - Using default column profile:DBProfile.DISK for Table:validCerts
2019-09-20 10:24:48,338 [main] INFO  db.DBStoreBuilder (DBStoreBuilder.java:addTable(110)) - using custom profile for table: revokedCerts
2019-09-20 10:24:48,339 [main] INFO  db.DBStoreBuilder (DBStoreBuilder.java:processTables(161)) - Using default column profile:DBProfile.DISK for Table:revokedCerts
2019-09-20 10:24:48,339 [main] INFO  db.DBStoreBuilder (DBStoreBuilder.java:addTable(110)) - using custom profile for table: default
2019-09-20 10:24:48,339 [main] INFO  db.DBStoreBuilder (DBStoreBuilder.java:processTables(167)) - Using default column profile:DBProfile.DISK for Table:default
2019-09-20 10:24:48,339 [main] INFO  db.DBStoreBuilder (DBStoreBuilder.java:getDbProfile(198)) - Using default options. DBProfile.DISK
2019-09-20 10:24:48,551 | INFO  | SCMAudit | user=jenkins1000 | ip=192.168.36.99 | op=SEND_HEARTBEAT {datanodeUUID=3d6f3241-e73c-473a-ad0b-c7be2f7e1dda, command=[]} | ret=SUCCESS |  
2019-09-20 10:24:48,552 | INFO  | SCMAudit | user=jenkins1000 | ip=192.168.36.99 | op=SEND_HEARTBEAT {datanodeUUID=d2ed2d9b-7ac7-460e-84f6-6d9d6066f76d, command=[]} | ret=SUCCESS |  
2019-09-20 10:24:48,552 | INFO  | SCMAudit | user=jenkins1000 | ip=192.168.36.99 | op=SEND_HEARTBEAT {datanodeUUID=6491c372-a595-4104-b3e9-c4f3293baafa, command=[]} | ret=SUCCESS |  
2019-09-20 10:24:48,553 | INFO  | SCMAudit | user=jenkins1000 | ip=192.168.36.99 | op=SEND_HEARTBEAT {datanodeUUID=19fb8383-7c99-4449-b95c-a26e71717844, command=[]} | ret=SUCCESS |  
2019-09-20 10:24:48,553 | INFO  | SCMAudit | user=jenkins1000 | ip=192.168.36.99 | op=SEND_HEARTBEAT {datanodeUUID=c3e532f8-1a8e-44f3-b56b-d765aee893af, command=[]} | ret=SUCCESS |  
2019-09-20 10:24:48,553 | INFO  | SCMAudit | user=jenkins1000 | ip=192.168.36.99 | op=SEND_HEARTBEAT {datanodeUUID=1ab786b9-c79c-4265-88a1-5b3344c6beda, command=[]} | ret=SUCCESS |  
2019-09-20 10:24:48,553 | INFO  | SCMAudit | user=jenkins1000 | ip=192.168.36.99 | op=SEND_HEARTBEAT {datanodeUUID=468be06f-55e9-4831-ba6b-3db017451a79, command=[]} | ret=SUCCESS |  
2019-09-20 10:24:48,553 | INFO  | SCMAudit | user=jenkins1000 | ip=192.168.36.99 | op=SEND_HEARTBEAT {datanodeUUID=66416d0b-a71c-4af1-ae3a-62ca63b880a3, command=[]} | ret=SUCCESS |  
2019-09-20 10:24:48,554 | INFO  | SCMAudit | user=jenkins1000 | ip=192.168.36.99 | op=SEND_HEARTBEAT {datanodeUUID=54207fe5-d92c-4c2e-b058-fbae630dabef, command=[]} | ret=SUCCESS |  
2019-09-20 10:24:48,555 | INFO  | SCMAudit | user=jenkins1000 | ip=192.168.36.99 | op=SEND_HEARTBEAT {datanodeUUID=17e2ba94-38a1-40e7-84e0-f6802901db84, command=[]} | ret=SUCCESS |  
2019-09-20 10:24:48,555 | INFO  | SCMAudit | user=jenkins1000 | ip=192.168.36.99 | op=SEND_HEARTBEAT {datanodeUUID=9e03ffa9-cf79-407a-a150-4c035e5aec5e, command=[]} | ret=SUCCESS |  
2019-09-20 10:24:48,555 | INFO  | SCMAudit | user=jenkins1000 | ip=192.168.36.99 | op=SEND_HEARTBEAT {datanodeUUID=4d972e91-cb6b-45de-8bd2-c18af7abe58b, command=[]} | ret=SUCCESS |  
2019-09-20 10:24:48,555 | INFO  | SCMAudit | user=jenkins1000 | ip=192.168.36.99 | op=SEND_HEARTBEAT {datanodeUUID=7af711bd-b5ae-4a73-a8be-b970cae6c2d1, command=[]} | ret=SUCCESS |  
2019-09-20 10:24:48,555 | INFO  | SCMAudit | user=jenkins1000 | ip=192.168.36.99 | op=SEND_HEARTBEAT {datanodeUUID=60260ec1-e192-4b95-89c8-d924d16a77a9, command=[]} | ret=SUCCESS |  
2019-09-20 10:24:48,659 [main] INFO  net.NodeSchemaLoader (NodeSchemaLoader.java:loadSchemaFromFile(125)) - Loading file from sun.misc.CompoundEnumeration@579dde54
2019-09-20 10:24:48,659 [main] INFO  net.NodeSchemaLoader (NodeSchemaLoader.java:loadSchema(171)) - Loading network topology layer schema file
2019-09-20 10:24:48,663 [main] WARN  server.ServerUtils (ServerUtils.java:sanitizeUserArgs(70)) - ozone.scm.stale.node.interval value = 300000 is larger than max = 100000 based on the key value of ozone.scm.heartbeat.thread.interval, reset to the max value 100000.
2019-09-20 10:24:48,663 [main] WARN  server.ServerUtils (ServerUtils.java:sanitizeUserArgs(70)) - ozone.scm.stale.node.interval value = 300000 is larger than max = 100000 based on the key value of ozone.scm.heartbeat.thread.interval, reset to the max value 100000.
2019-09-20 10:24:48,664 [main] INFO  node.SCMNodeManager (SCMNodeManager.java:<init>(121)) - Entering startup safe mode.
2019-09-20 10:24:48,665 [main] INFO  algorithms.ContainerPlacementPolicyFactory (ContainerPlacementPolicyFactory.java:getPolicy(56)) - Create container placement policy of type org.apache.hadoop.hdds.scm.container.placement.algorithms.SCMContainerPlacementRandom
2019-09-20 10:24:48,665 [main] WARN  server.ServerUtils (ServerUtils.java:getScmDbDir(145)) - ozone.scm.db.dirs is not configured. We recommend adding this setting. Falling back to ozone.metadata.dirs instead.
2019-09-20 10:24:48,768 [main] INFO  pipeline.SCMPipelineManager (SCMPipelineManager.java:initializePipelineState(126)) - No pipeline exists in current db
2019-09-20 10:24:48,768 [main] WARN  server.ServerUtils (ServerUtils.java:getScmDbDir(145)) - ozone.scm.db.dirs is not configured. We recommend adding this setting. Falling back to ozone.metadata.dirs instead.
2019-09-20 10:24:48,897 [main] WARN  events.EventQueue (EventQueue.java:fireEvent(175)) - No event handler registered for event TypedEvent{payloadType=SafeModeStatus, name='SafeModeStatus'}
2019-09-20 10:24:48,899 [main] INFO  ipc.CallQueueManager (CallQueueManager.java:<init>(84)) - Using callQueue: class java.util.concurrent.LinkedBlockingQueue, queueCapacity: 2000, scheduler: class org.apache.hadoop.ipc.DefaultRpcScheduler, ipcBackoff: false.
2019-09-20 10:24:48,900 [Socket Reader #1 for port 37594] INFO  ipc.Server (Server.java:run(1074)) - Starting Socket Reader #1 for port 37594
2019-09-20 10:24:48,910 [main] INFO  ipc.CallQueueManager (CallQueueManager.java:<init>(84)) - Using callQueue: class java.util.concurrent.LinkedBlockingQueue, queueCapacity: 2000, scheduler: class org.apache.hadoop.ipc.DefaultRpcScheduler, ipcBackoff: false.
2019-09-20 10:24:48,910 [Socket Reader #1 for port 36427] INFO  ipc.Server (Server.java:run(1074)) - Starting Socket Reader #1 for port 36427
2019-09-20 10:24:48,917 [main] INFO  ipc.CallQueueManager (CallQueueManager.java:<init>(84)) - Using callQueue: class java.util.concurrent.LinkedBlockingQueue, queueCapacity: 2000, scheduler: class org.apache.hadoop.ipc.DefaultRpcScheduler, ipcBackoff: false.
2019-09-20 10:24:48,918 [Socket Reader #1 for port 37393] INFO  ipc.Server (Server.java:run(1074)) - Starting Socket Reader #1 for port 37393
2019-09-20 10:24:48,925 [main] INFO  hdfs.DFSUtil (DFSUtil.java:httpServerTemplateForNNAndJN(1641)) - Starting Web-server for scm at: http://0.0.0.0:0
2019-09-20 10:24:48,927 [main] INFO  server.AuthenticationFilter (AuthenticationFilter.java:constructSecretProvider(240)) - Unable to initialize FileSignerSecretProvider, falling back to use random secrets.
2019-09-20 10:24:48,928 [main] WARN  http.HttpRequestLog (HttpRequestLog.java:getRequestLog(97)) - Jetty request log can only be enabled using Log4j
2019-09-20 10:24:48,930 [main] INFO  http.HttpServer2 (HttpServer2.java:addGlobalFilter(975)) - Added global filter 'safety' (class=org.apache.hadoop.http.HttpServer2$QuotingInputFilter)
2019-09-20 10:24:48,931 [main] INFO  http.HttpServer2 (HttpServer2.java:addFilter(948)) - Added filter static_user_filter (class=org.apache.hadoop.http.lib.StaticUserWebFilter$StaticUserFilter) to context scm
2019-09-20 10:24:48,931 [main] INFO  http.HttpServer2 (HttpServer2.java:addFilter(958)) - Added filter static_user_filter (class=org.apache.hadoop.http.lib.StaticUserWebFilter$StaticUserFilter) to context logs
2019-09-20 10:24:48,931 [main] INFO  http.HttpServer2 (HttpServer2.java:addFilter(958)) - Added filter static_user_filter (class=org.apache.hadoop.http.lib.StaticUserWebFilter$StaticUserFilter) to context static
2019-09-20 10:24:48,937 [main] INFO  server.StorageContainerManager (StorageContainerManager.java:start(759)) - StorageContainerLocationProtocol RPC server is listening at /0.0.0.0:37393
2019-09-20 10:24:48,937 [main] INFO  impl.MetricsSystemImpl (MetricsSystemImpl.java:init(158)) - StorageContainerManager metrics system started (again)
2019-09-20 10:24:49,004 [main] INFO  server.SCMClientProtocolServer (SCMClientProtocolServer.java:start(151)) - RPC server for Client  is listening at /0.0.0.0:37393
2019-09-20 10:24:49,005 [IPC Server Responder] INFO  ipc.Server (Server.java:run(1314)) - IPC Server Responder: starting
2019-09-20 10:24:49,005 [IPC Server listener on 37393] INFO  ipc.Server (Server.java:run(1153)) - IPC Server listener on 37393: starting
2019-09-20 10:24:49,022 [main] INFO  server.StorageContainerManager (StorageContainerManager.java:start(769)) - ScmBlockLocationProtocol RPC server is listening at /0.0.0.0:36427
2019-09-20 10:24:49,022 [main] INFO  server.SCMBlockProtocolServer (SCMBlockProtocolServer.java:start(140)) - RPC server for Block Protocol is listening at /0.0.0.0:36427
2019-09-20 10:24:49,022 [IPC Server Responder] INFO  ipc.Server (Server.java:run(1314)) - IPC Server Responder: starting
2019-09-20 10:24:49,022 [IPC Server listener on 36427] INFO  ipc.Server (Server.java:run(1153)) - IPC Server listener on 36427: starting
2019-09-20 10:24:49,037 [main] INFO  server.StorageContainerManager (StorageContainerManager.java:start(773)) - ScmDatanodeProtocl RPC server is listening at /0.0.0.0:37594
2019-09-20 10:24:49,037 [main] INFO  server.SCMDatanodeProtocolServer (SCMDatanodeProtocolServer.java:start(191)) - RPC server for DataNodes is listening at /0.0.0.0:37594
2019-09-20 10:24:49,037 [IPC Server Responder] INFO  ipc.Server (Server.java:run(1314)) - IPC Server Responder: starting
2019-09-20 10:24:49,037 [IPC Server listener on 37594] INFO  ipc.Server (Server.java:run(1153)) - IPC Server listener on 37594: starting
2019-09-20 10:24:49,051 [main] INFO  http.HttpServer2 (HttpServer2.java:bindListener(1191)) - Jetty bound to port 40925
2019-09-20 10:24:49,051 [main] INFO  server.Server (Server.java:doStart(351)) - jetty-9.3.24.v20180605, build timestamp: 2018-06-05T17:11:56Z, git hash: 84205aa28f11a4f31f2a3b86d1bba2cc8ab69827
2019-09-20 10:24:49,054 [main] INFO  handler.ContextHandler (ContextHandler.java:doStart(781)) - Started o.e.j.s.ServletContextHandler@33399052{/logs,file:///workdir/hadoop-ozone/integration-test/target/log,AVAILABLE}
2019-09-20 10:24:49,054 [main] INFO  handler.ContextHandler (ContextHandler.java:doStart(781)) - Started o.e.j.s.ServletContextHandler@460b77d6{/static,file:///workdir/hadoop-ozone/integration-test/target/test-classes/webapps/static,AVAILABLE}
2019-09-20 10:24:49,058 [main] INFO  handler.ContextHandler (ContextHandler.java:doStart(781)) - Started o.e.j.w.WebAppContext@4682882a{/,file:///workdir/hadoop-ozone/integration-test/target/test-classes/webapps/scm/,AVAILABLE}{/scm}
2019-09-20 10:24:49,059 [main] INFO  server.AbstractConnector (AbstractConnector.java:doStart(278)) - Started ServerConnector@37fffef3{HTTP/1.1,[http/1.1]}{0.0.0.0:40925}
2019-09-20 10:24:49,063 [main] INFO  server.Server (Server.java:doStart(419)) - Started @50431ms
2019-09-20 10:24:49,064 [main] INFO  server.BaseHttpServer (BaseHttpServer.java:updateConnectorAddress(213)) - HTTP server of SCM is listening at http://0.0.0.0:40925
2019-09-20 10:24:49,065 [main] WARN  server.ServerUtils (ServerUtils.java:getDBPath(222)) - ozone.om.db.dirs is not configured. We recommend adding this setting. Falling back to ozone.metadata.dirs instead.
2019-09-20 10:24:49,069 [org.apache.hadoop.util.JvmPauseMonitor$Monitor@66716959] INFO  util.JvmPauseMonitor (JvmPauseMonitor.java:run(188)) - Starting JVM pause monitor
2019-09-20 10:24:49,092 [main] WARN  server.ServerUtils (ServerUtils.java:getDBPath(222)) - ozone.om.db.dirs is not configured. We recommend adding this setting. Falling back to ozone.metadata.dirs instead.
2019-09-20 10:24:49,093 [main] WARN  server.ServerUtils (ServerUtils.java:getDBPath(222)) - ozone.om.db.dirs is not configured. We recommend adding this setting. Falling back to ozone.metadata.dirs instead.
2019-09-20 10:24:49,093 [main] INFO  om.OzoneManager (OzoneManager.java:setOMNodeDetails(645)) - OM Service ID is not set. Setting it to the default ID: omServiceIdDefault
2019-09-20 10:24:49,093 [main] INFO  om.OzoneManager (OzoneManager.java:setOMNodeDetails(651)) - OM Node ID is not set. Setting it to the OmStorage's OmID: a57376fa-e0fd-4d0f-84cb-ffa443d4b322
2019-09-20 10:24:49,093 [main] INFO  om.OzoneManager (OzoneManager.java:loadOMHAConfigs(602)) - Found matching OM address with OMServiceId: null, OMNodeId: null, RPC Address: localhost:0 and Ratis port: 9872
2019-09-20 10:24:49,104 | INFO  | SCMAudit | user=jenkins1000 | ip=192.168.36.99 | op=GET_SCM_INFO null | ret=SUCCESS |  
2019-09-20 10:24:49,112 [main] WARN  server.ServerUtils (ServerUtils.java:getDBPath(222)) - ozone.om.db.dirs is not configured. We recommend adding this setting. Falling back to ozone.metadata.dirs instead.
2019-09-20 10:24:49,113 [main] INFO  db.DBStoreBuilder (DBStoreBuilder.java:addTable(110)) - using custom profile for table: userTable
2019-09-20 10:24:49,113 [main] INFO  db.DBStoreBuilder (DBStoreBuilder.java:processTables(161)) - Using default column profile:DBProfile.DISK for Table:userTable
2019-09-20 10:24:49,113 [main] INFO  db.DBStoreBuilder (DBStoreBuilder.java:addTable(110)) - using custom profile for table: volumeTable
2019-09-20 10:24:49,113 [main] INFO  db.DBStoreBuilder (DBStoreBuilder.java:processTables(161)) - Using default column profile:DBProfile.DISK for Table:volumeTable
2019-09-20 10:24:49,113 [main] INFO  db.DBStoreBuilder (DBStoreBuilder.java:addTable(110)) - using custom profile for table: bucketTable
2019-09-20 10:24:49,113 [main] INFO  db.DBStoreBuilder (DBStoreBuilder.java:processTables(161)) - Using default column profile:DBProfile.DISK for Table:bucketTable
2019-09-20 10:24:49,114 [main] INFO  db.DBStoreBuilder (DBStoreBuilder.java:addTable(110)) - using custom profile for table: keyTable
2019-09-20 10:24:49,114 [main] INFO  db.DBStoreBuilder (DBStoreBuilder.java:processTables(161)) - Using default column profile:DBProfile.DISK for Table:keyTable
2019-09-20 10:24:49,114 [main] INFO  db.DBStoreBuilder (DBStoreBuilder.java:addTable(110)) - using custom profile for table: deletedTable
2019-09-20 10:24:49,114 [main] INFO  db.DBStoreBuilder (DBStoreBuilder.java:processTables(161)) - Using default column profile:DBProfile.DISK for Table:deletedTable
2019-09-20 10:24:49,114 [main] INFO  db.DBStoreBuilder (DBStoreBuilder.java:addTable(110)) - using custom profile for table: openKeyTable
2019-09-20 10:24:49,115 [main] INFO  db.DBStoreBuilder (DBStoreBuilder.java:processTables(161)) - Using default column profile:DBProfile.DISK for Table:openKeyTable
2019-09-20 10:24:49,115 [main] INFO  db.DBStoreBuilder (DBStoreBuilder.java:addTable(110)) - using custom profile for table: s3Table
2019-09-20 10:24:49,115 [main] INFO  db.DBStoreBuilder (DBStoreBuilder.java:processTables(161)) - Using default column profile:DBProfile.DISK for Table:s3Table
2019-09-20 10:24:49,115 [main] INFO  db.DBStoreBuilder (DBStoreBuilder.java:addTable(110)) - using custom profile for table: multipartInfoTable
2019-09-20 10:24:49,115 [main] INFO  db.DBStoreBuilder (DBStoreBuilder.java:processTables(161)) - Using default column profile:DBProfile.DISK for Table:multipartInfoTable
2019-09-20 10:24:49,116 [main] INFO  db.DBStoreBuilder (DBStoreBuilder.java:addTable(110)) - using custom profile for table: dTokenTable
2019-09-20 10:24:49,116 [main] INFO  db.DBStoreBuilder (DBStoreBuilder.java:processTables(161)) - Using default column profile:DBProfile.DISK for Table:dTokenTable
2019-09-20 10:24:49,116 [main] INFO  db.DBStoreBuilder (DBStoreBuilder.java:addTable(110)) - using custom profile for table: s3SecretTable
2019-09-20 10:24:49,116 [main] INFO  db.DBStoreBuilder (DBStoreBuilder.java:processTables(161)) - Using default column profile:DBProfile.DISK for Table:s3SecretTable
2019-09-20 10:24:49,116 [main] INFO  db.DBStoreBuilder (DBStoreBuilder.java:addTable(110)) - using custom profile for table: prefixTable
2019-09-20 10:24:49,116 [main] INFO  db.DBStoreBuilder (DBStoreBuilder.java:processTables(161)) - Using default column profile:DBProfile.DISK for Table:prefixTable
2019-09-20 10:24:49,117 [main] INFO  db.DBStoreBuilder (DBStoreBuilder.java:addTable(110)) - using custom profile for table: default
2019-09-20 10:24:49,117 [main] INFO  db.DBStoreBuilder (DBStoreBuilder.java:processTables(167)) - Using default column profile:DBProfile.DISK for Table:default
2019-09-20 10:24:49,117 [main] INFO  db.DBStoreBuilder (DBStoreBuilder.java:getDbProfile(198)) - Using default options. DBProfile.DISK
2019-09-20 10:24:49,551 | INFO  | SCMAudit | user=jenkins1000 | ip=192.168.36.99 | op=SEND_HEARTBEAT {datanodeUUID=6491c372-a595-4104-b3e9-c4f3293baafa, command=[]} | ret=SUCCESS |  
2019-09-20 10:24:49,551 | INFO  | SCMAudit | user=jenkins1000 | ip=192.168.36.99 | op=SEND_HEARTBEAT {datanodeUUID=3d6f3241-e73c-473a-ad0b-c7be2f7e1dda, command=[]} | ret=SUCCESS |  
2019-09-20 10:24:49,551 | INFO  | SCMAudit | user=jenkins1000 | ip=192.168.36.99 | op=SEND_HEARTBEAT {datanodeUUID=d2ed2d9b-7ac7-460e-84f6-6d9d6066f76d, command=[]} | ret=SUCCESS |  
2019-09-20 10:24:49,552 | INFO  | SCMAudit | user=jenkins1000 | ip=192.168.36.99 | op=SEND_HEARTBEAT {datanodeUUID=19fb8383-7c99-4449-b95c-a26e71717844, command=[]} | ret=SUCCESS |  
2019-09-20 10:24:49,553 | INFO  | SCMAudit | user=jenkins1000 | ip=192.168.36.99 | op=SEND_HEARTBEAT {datanodeUUID=468be06f-55e9-4831-ba6b-3db017451a79, command=[]} | ret=SUCCESS |  
2019-09-20 10:24:49,553 | INFO  | SCMAudit | user=jenkins1000 | ip=192.168.36.99 | op=SEND_HEARTBEAT {datanodeUUID=c3e532f8-1a8e-44f3-b56b-d765aee893af, command=[]} | ret=SUCCESS |  
2019-09-20 10:24:49,553 | INFO  | SCMAudit | user=jenkins1000 | ip=192.168.36.99 | op=SEND_HEARTBEAT {datanodeUUID=1ab786b9-c79c-4265-88a1-5b3344c6beda, command=[]} | ret=SUCCESS |  
2019-09-20 10:24:49,554 | INFO  | SCMAudit | user=jenkins1000 | ip=192.168.36.99 | op=SEND_HEARTBEAT {datanodeUUID=66416d0b-a71c-4af1-ae3a-62ca63b880a3, command=[]} | ret=SUCCESS |  
2019-09-20 10:24:49,554 | INFO  | SCMAudit | user=jenkins1000 | ip=192.168.36.99 | op=SEND_HEARTBEAT {datanodeUUID=17e2ba94-38a1-40e7-84e0-f6802901db84, command=[]} | ret=SUCCESS |  
2019-09-20 10:24:49,555 | INFO  | SCMAudit | user=jenkins1000 | ip=192.168.36.99 | op=SEND_HEARTBEAT {datanodeUUID=4d972e91-cb6b-45de-8bd2-c18af7abe58b, command=[]} | ret=SUCCESS |  
2019-09-20 10:24:49,555 | INFO  | SCMAudit | user=jenkins1000 | ip=192.168.36.99 | op=SEND_HEARTBEAT {datanodeUUID=54207fe5-d92c-4c2e-b058-fbae630dabef, command=[]} | ret=SUCCESS |  
2019-09-20 10:24:49,555 | INFO  | SCMAudit | user=jenkins1000 | ip=192.168.36.99 | op=SEND_HEARTBEAT {datanodeUUID=9e03ffa9-cf79-407a-a150-4c035e5aec5e, command=[]} | ret=SUCCESS |  
2019-09-20 10:24:49,555 | INFO  | SCMAudit | user=jenkins1000 | ip=192.168.36.99 | op=SEND_HEARTBEAT {datanodeUUID=7af711bd-b5ae-4a73-a8be-b970cae6c2d1, command=[]} | ret=SUCCESS |  
2019-09-20 10:24:49,556 | INFO  | SCMAudit | user=jenkins1000 | ip=192.168.36.99 | op=SEND_HEARTBEAT {datanodeUUID=60260ec1-e192-4b95-89c8-d924d16a77a9, command=[]} | ret=SUCCESS |  
2019-09-20 10:24:49,953 [main] INFO  ipc.CallQueueManager (CallQueueManager.java:<init>(84)) - Using callQueue: class java.util.concurrent.LinkedBlockingQueue, queueCapacity: 2000, scheduler: class org.apache.hadoop.ipc.DefaultRpcScheduler, ipcBackoff: false.
2019-09-20 10:24:49,954 [Socket Reader #1 for port 33970] INFO  ipc.Server (Server.java:run(1074)) - Starting Socket Reader #1 for port 33970
2019-09-20 10:24:49,974 [main] INFO  om.OzoneManager (OzoneManager.java:start(1256)) - OzoneManager RPC server is listening at localhost/127.0.0.1:33970
2019-09-20 10:24:49,975 [main] INFO  impl.MetricsSystemImpl (MetricsSystemImpl.java:init(158)) - OzoneManager metrics system started (again)
2019-09-20 10:24:49,975 [IPC Server Responder] INFO  ipc.Server (Server.java:run(1314)) - IPC Server Responder: starting
2019-09-20 10:24:49,976 [IPC Server listener on 33970] INFO  ipc.Server (Server.java:run(1153)) - IPC Server listener on 33970: starting
2019-09-20 10:24:49,994 [main] INFO  hdfs.DFSUtil (DFSUtil.java:httpServerTemplateForNNAndJN(1641)) - Starting Web-server for ozoneManager at: http://0.0.0.0:0
2019-09-20 10:24:49,996 [main] INFO  server.AuthenticationFilter (AuthenticationFilter.java:constructSecretProvider(240)) - Unable to initialize FileSignerSecretProvider, falling back to use random secrets.
2019-09-20 10:24:49,996 [main] WARN  http.HttpRequestLog (HttpRequestLog.java:getRequestLog(97)) - Jetty request log can only be enabled using Log4j
2019-09-20 10:24:49,998 [main] INFO  http.HttpServer2 (HttpServer2.java:addGlobalFilter(975)) - Added global filter 'safety' (class=org.apache.hadoop.http.HttpServer2$QuotingInputFilter)
2019-09-20 10:24:49,999 [main] INFO  http.HttpServer2 (HttpServer2.java:addFilter(948)) - Added filter static_user_filter (class=org.apache.hadoop.http.lib.StaticUserWebFilter$StaticUserFilter) to context ozoneManager
2019-09-20 10:24:49,999 [main] INFO  http.HttpServer2 (HttpServer2.java:addFilter(958)) - Added filter static_user_filter (class=org.apache.hadoop.http.lib.StaticUserWebFilter$StaticUserFilter) to context logs
2019-09-20 10:24:49,999 [main] INFO  http.HttpServer2 (HttpServer2.java:addFilter(958)) - Added filter static_user_filter (class=org.apache.hadoop.http.lib.StaticUserWebFilter$StaticUserFilter) to context static
2019-09-20 10:24:50,000 [main] INFO  http.HttpServer2 (HttpServer2.java:bindListener(1191)) - Jetty bound to port 40525
2019-09-20 10:24:50,000 [main] INFO  server.Server (Server.java:doStart(351)) - jetty-9.3.24.v20180605, build timestamp: 2018-06-05T17:11:56Z, git hash: 84205aa28f11a4f31f2a3b86d1bba2cc8ab69827
2019-09-20 10:24:50,003 [main] INFO  handler.ContextHandler (ContextHandler.java:doStart(781)) - Started o.e.j.s.ServletContextHandler@6144e499{/logs,file:///workdir/hadoop-ozone/integration-test/target/log,AVAILABLE}
2019-09-20 10:24:50,003 [main] INFO  handler.ContextHandler (ContextHandler.java:doStart(781)) - Started o.e.j.s.ServletContextHandler@28295554{/static,file:///workdir/hadoop-ozone/integration-test/target/test-classes/webapps/static,AVAILABLE}
2019-09-20 10:24:50,008 [main] INFO  handler.ContextHandler (ContextHandler.java:doStart(781)) - Started o.e.j.w.WebAppContext@2b3abeeb{/,file:///workdir/hadoop-ozone/integration-test/target/test-classes/webapps/ozoneManager/,AVAILABLE}{/ozoneManager}
2019-09-20 10:24:50,008 [main] INFO  server.AbstractConnector (AbstractConnector.java:doStart(278)) - Started ServerConnector@3aeb267{HTTP/1.1,[http/1.1]}{0.0.0.0:40525}
2019-09-20 10:24:50,013 [main] INFO  server.Server (Server.java:doStart(419)) - Started @51381ms
2019-09-20 10:24:50,014 [main] INFO  server.BaseHttpServer (BaseHttpServer.java:updateConnectorAddress(213)) - HTTP server of OZONEMANAGER is listening at http://0.0.0.0:40525
2019-09-20 10:24:50,035 [main] INFO  impl.MetricsSystemImpl (MetricsSystemImpl.java:init(158)) - HddsDatanode metrics system started (again)
2019-09-20 10:24:50,111 [main] INFO  ozone.HddsDatanodeService (HddsDatanodeService.java:start(184)) - HddsDatanodeService host:pr-hdds-1569-p5fx8-1226042367 ip:192.168.36.99
2019-09-20 10:24:50,130 [main] INFO  volume.HddsVolume (HddsVolume.java:<init>(176)) - Creating Volume: /workdir/hadoop-ozone/integration-test/target/test-dir/MiniOzoneClusterImpl-806821b2-061b-4172-afaf-fb68ff5248bd/datanode-0/data/containers/hdds of  storage type : DISK and capacity : 1482555576320
2019-09-20 10:24:50,130 [main] INFO  volume.VolumeSet (VolumeSet.java:initializeVolumeSet(170)) - Added Volume : /workdir/hadoop-ozone/integration-test/target/test-dir/MiniOzoneClusterImpl-806821b2-061b-4172-afaf-fb68ff5248bd/datanode-0/data/containers/hdds to VolumeSet
2019-09-20 10:24:50,130 [main] INFO  volume.ThrottledAsyncChecker (ThrottledAsyncChecker.java:schedule(140)) - Scheduling a check for org.apache.hadoop.ozone.container.common.volume.HddsVolume@2aac6fa7
2019-09-20 10:24:50,131 [main] INFO  volume.HddsVolumeChecker (HddsVolumeChecker.java:checkAllVolumes(203)) - Scheduled health check for volume org.apache.hadoop.ozone.container.common.volume.HddsVolume@2aac6fa7
2019-09-20 10:24:50,195 [main] INFO  impl.RaftServerProxy (ConfUtils.java:logGet(43)) - raft.rpc.type = GRPC (default)
2019-09-20 10:24:50,195 [main] INFO  grpc.GrpcFactory (GrpcFactory.java:checkPooledByteBufAllocatorUseCacheForAllThreads(45)) - PERFORMANCE WARNING: useCacheForAllThreads is true that may cause Netty to create a lot garbage objects and, as a result, trigger GC.
	It is recommended to disable useCacheForAllThreads by setting -Dorg.apache.ratis.thirdparty.io.netty.allocator.useCacheForAllThreads=false in command line.
2019-09-20 10:24:50,196 [main] INFO  grpc.GrpcConfigKeys$Server (ConfUtils.java:logGet(43)) - raft.grpc.server.port = 0 (default)
2019-09-20 10:24:50,200 [main] INFO  server.GrpcService (ConfUtils.java:logGet(43)) - raft.grpc.message.size.max = 33570816 (custom)
2019-09-20 10:24:50,200 [main] INFO  server.RaftServerConfigKeys (ConfUtils.java:logGet(43)) - raft.server.log.appender.buffer.byte-limit = 33554432 (custom)
2019-09-20 10:24:50,201 [main] INFO  server.GrpcService (ConfUtils.java:logGet(43)) - raft.grpc.flow.control.window = 1MB (=1048576) (default)
2019-09-20 10:24:50,201 [main] INFO  server.RaftServerConfigKeys (ConfUtils.java:logGet(43)) - raft.server.rpc.request.timeout = 3000ms (default)
2019-09-20 10:24:50,201 [main] INFO  server.RaftServerConfigKeys (ConfUtils.java:logGet(43)) - raft.server.storage.dir = [/workdir/hadoop-ozone/integration-test/target/test-dir/MiniOzoneClusterImpl-806821b2-061b-4172-afaf-fb68ff5248bd/datanode-0/data/ratis] (custom)
2019-09-20 10:24:50,202 [main] INFO  replication.SimpleContainerDownloader (SimpleContainerDownloader.java:<init>(72)) - Starting container downloader service to copy containers to replicate.
2019-09-20 10:24:50,203 [main] INFO  hdfs.DFSUtil (DFSUtil.java:httpServerTemplateForNNAndJN(1641)) - Starting Web-server for hddsDatanode at: http://0.0.0.0:0
2019-09-20 10:24:50,220 [main] INFO  server.AuthenticationFilter (AuthenticationFilter.java:constructSecretProvider(240)) - Unable to initialize FileSignerSecretProvider, falling back to use random secrets.
2019-09-20 10:24:50,221 [main] WARN  http.HttpRequestLog (HttpRequestLog.java:getRequestLog(97)) - Jetty request log can only be enabled using Log4j
2019-09-20 10:24:50,222 [main] INFO  http.HttpServer2 (HttpServer2.java:addGlobalFilter(975)) - Added global filter 'safety' (class=org.apache.hadoop.http.HttpServer2$QuotingInputFilter)
2019-09-20 10:24:50,223 [main] INFO  http.HttpServer2 (HttpServer2.java:addFilter(948)) - Added filter static_user_filter (class=org.apache.hadoop.http.lib.StaticUserWebFilter$StaticUserFilter) to context hddsDatanode
2019-09-20 10:24:50,223 [main] INFO  http.HttpServer2 (HttpServer2.java:addFilter(958)) - Added filter static_user_filter (class=org.apache.hadoop.http.lib.StaticUserWebFilter$StaticUserFilter) to context static
2019-09-20 10:24:50,224 [main] INFO  http.HttpServer2 (HttpServer2.java:addFilter(958)) - Added filter static_user_filter (class=org.apache.hadoop.http.lib.StaticUserWebFilter$StaticUserFilter) to context logs
2019-09-20 10:24:50,225 [main] INFO  http.HttpServer2 (HttpServer2.java:bindListener(1191)) - Jetty bound to port 34739
2019-09-20 10:24:50,225 [main] INFO  server.Server (Server.java:doStart(351)) - jetty-9.3.24.v20180605, build timestamp: 2018-06-05T17:11:56Z, git hash: 84205aa28f11a4f31f2a3b86d1bba2cc8ab69827
2019-09-20 10:24:50,227 [main] INFO  handler.ContextHandler (ContextHandler.java:doStart(781)) - Started o.e.j.s.ServletContextHandler@2524d07a{/logs,file:///workdir/hadoop-ozone/integration-test/target/log,AVAILABLE}
2019-09-20 10:24:50,228 [main] INFO  handler.ContextHandler (ContextHandler.java:doStart(781)) - Started o.e.j.s.ServletContextHandler@554d040d{/static,jar:file:/home/user/.m2/repository/org/apache/hadoop/hadoop-hdds-container-service/0.5.0-SNAPSHOT/hadoop-hdds-container-service-0.5.0-SNAPSHOT.jar!/webapps/static,AVAILABLE}
2019-09-20 10:24:50,255 [main] INFO  handler.ContextHandler (ContextHandler.java:doStart(781)) - Started o.e.j.w.WebAppContext@4c9cce17{/,file:///tmp/jetty-0.0.0.0-34739-hddsDatanode-_-any-7854613933078570531.dir/webapp/,AVAILABLE}{/hddsDatanode}
2019-09-20 10:24:50,256 [main] INFO  server.AbstractConnector (AbstractConnector.java:doStart(278)) - Started ServerConnector@73316a0a{HTTP/1.1,[http/1.1]}{0.0.0.0:34739}
2019-09-20 10:24:50,277 [main] INFO  server.Server (Server.java:doStart(419)) - Started @51645ms
2019-09-20 10:24:50,278 [main] INFO  server.BaseHttpServer (BaseHttpServer.java:updateConnectorAddress(213)) - HTTP server of HDDSDATANODE is listening at http://0.0.0.0:34739
2019-09-20 10:24:50,414 | INFO  | ObjectStoreRestHttpServer | Listening HDDS REST traffic on /0.0.0.0:42423 |  
2019-09-20 10:24:50,414 [main] INFO  ozone.HddsDatanodeService (HddsDatanodeService.java:startPlugins(395)) - Started plug-in org.apache.hadoop.ozone.web.OzoneHddsDatanodeService@5ca8bd01
2019-09-20 10:24:50,415 [main] INFO  impl.MetricsSystemImpl (MetricsSystemImpl.java:init(158)) - HddsDatanode metrics system started (again)
2019-09-20 10:24:50,480 [org.apache.hadoop.util.JvmPauseMonitor$Monitor@76ef1abe] INFO  util.JvmPauseMonitor (JvmPauseMonitor.java:run(188)) - Starting JVM pause monitor
2019-09-20 10:24:50,483 [main] INFO  ozone.HddsDatanodeService (HddsDatanodeService.java:start(184)) - HddsDatanodeService host:pr-hdds-1569-p5fx8-1226042367 ip:192.168.36.99
2019-09-20 10:24:50,483 [Datanode State Machine Thread - 0] INFO  datanode.InitDatanodeState (InitDatanodeState.java:persistContainerDatanodeDetails(140)) - DatanodeDetails is persisted to /workdir/hadoop-ozone/integration-test/target/test-dir/MiniOzoneClusterImpl-806821b2-061b-4172-afaf-fb68ff5248bd/datanode-0/meta/datanode.id
2019-09-20 10:24:50,503 [main] INFO  volume.HddsVolume (HddsVolume.java:<init>(176)) - Creating Volume: /workdir/hadoop-ozone/integration-test/target/test-dir/MiniOzoneClusterImpl-806821b2-061b-4172-afaf-fb68ff5248bd/datanode-1/data/containers/hdds of  storage type : DISK and capacity : 1482555576320
2019-09-20 10:24:50,504 [main] INFO  volume.VolumeSet (VolumeSet.java:initializeVolumeSet(170)) - Added Volume : /workdir/hadoop-ozone/integration-test/target/test-dir/MiniOzoneClusterImpl-806821b2-061b-4172-afaf-fb68ff5248bd/datanode-1/data/containers/hdds to VolumeSet
2019-09-20 10:24:50,504 [main] INFO  volume.ThrottledAsyncChecker (ThrottledAsyncChecker.java:schedule(140)) - Scheduling a check for org.apache.hadoop.ozone.container.common.volume.HddsVolume@46748b04
2019-09-20 10:24:50,504 [main] INFO  volume.HddsVolumeChecker (HddsVolumeChecker.java:checkAllVolumes(203)) - Scheduled health check for volume org.apache.hadoop.ozone.container.common.volume.HddsVolume@46748b04
2019-09-20 10:24:50,532 [main] INFO  impl.RaftServerProxy (ConfUtils.java:logGet(43)) - raft.rpc.type = GRPC (default)
2019-09-20 10:24:50,532 [main] INFO  grpc.GrpcFactory (GrpcFactory.java:checkPooledByteBufAllocatorUseCacheForAllThreads(45)) - PERFORMANCE WARNING: useCacheForAllThreads is true that may cause Netty to create a lot garbage objects and, as a result, trigger GC.
	It is recommended to disable useCacheForAllThreads by setting -Dorg.apache.ratis.thirdparty.io.netty.allocator.useCacheForAllThreads=false in command line.
2019-09-20 10:24:50,533 [main] INFO  grpc.GrpcConfigKeys$Server (ConfUtils.java:logGet(43)) - raft.grpc.server.port = 0 (default)
2019-09-20 10:24:50,533 [main] INFO  server.GrpcService (ConfUtils.java:logGet(43)) - raft.grpc.message.size.max = 33570816 (custom)
2019-09-20 10:24:50,533 [main] INFO  server.RaftServerConfigKeys (ConfUtils.java:logGet(43)) - raft.server.log.appender.buffer.byte-limit = 33554432 (custom)
2019-09-20 10:24:50,533 [main] INFO  server.GrpcService (ConfUtils.java:logGet(43)) - raft.grpc.flow.control.window = 1MB (=1048576) (default)
2019-09-20 10:24:50,534 [main] INFO  server.RaftServerConfigKeys (ConfUtils.java:logGet(43)) - raft.server.rpc.request.timeout = 3000ms (default)
2019-09-20 10:24:50,534 [main] INFO  server.RaftServerConfigKeys (ConfUtils.java:logGet(43)) - raft.server.storage.dir = [/workdir/hadoop-ozone/integration-test/target/test-dir/MiniOzoneClusterImpl-806821b2-061b-4172-afaf-fb68ff5248bd/datanode-1/data/ratis] (custom)
2019-09-20 10:24:50,534 [main] INFO  replication.SimpleContainerDownloader (SimpleContainerDownloader.java:<init>(72)) - Starting container downloader service to copy containers to replicate.
2019-09-20 10:24:50,536 [main] INFO  hdfs.DFSUtil (DFSUtil.java:httpServerTemplateForNNAndJN(1641)) - Starting Web-server for hddsDatanode at: http://0.0.0.0:0
2019-09-20 10:24:50,538 [main] INFO  server.AuthenticationFilter (AuthenticationFilter.java:constructSecretProvider(240)) - Unable to initialize FileSignerSecretProvider, falling back to use random secrets.
2019-09-20 10:24:50,538 [main] WARN  http.HttpRequestLog (HttpRequestLog.java:getRequestLog(97)) - Jetty request log can only be enabled using Log4j
2019-09-20 10:24:50,540 [main] INFO  http.HttpServer2 (HttpServer2.java:addGlobalFilter(975)) - Added global filter 'safety' (class=org.apache.hadoop.http.HttpServer2$QuotingInputFilter)
2019-09-20 10:24:50,540 [main] INFO  http.HttpServer2 (HttpServer2.java:addFilter(948)) - Added filter static_user_filter (class=org.apache.hadoop.http.lib.StaticUserWebFilter$StaticUserFilter) to context hddsDatanode
2019-09-20 10:24:50,540 [main] INFO  http.HttpServer2 (HttpServer2.java:addFilter(958)) - Added filter static_user_filter (class=org.apache.hadoop.http.lib.StaticUserWebFilter$StaticUserFilter) to context static
2019-09-20 10:24:50,540 [main] INFO  http.HttpServer2 (HttpServer2.java:addFilter(958)) - Added filter static_user_filter (class=org.apache.hadoop.http.lib.StaticUserWebFilter$StaticUserFilter) to context logs
2019-09-20 10:24:50,541 [main] INFO  http.HttpServer2 (HttpServer2.java:bindListener(1191)) - Jetty bound to port 42732
2019-09-20 10:24:50,541 [main] INFO  server.Server (Server.java:doStart(351)) - jetty-9.3.24.v20180605, build timestamp: 2018-06-05T17:11:56Z, git hash: 84205aa28f11a4f31f2a3b86d1bba2cc8ab69827
2019-09-20 10:24:50,543 [main] INFO  handler.ContextHandler (ContextHandler.java:doStart(781)) - Started o.e.j.s.ServletContextHandler@5b2c7186{/logs,file:///workdir/hadoop-ozone/integration-test/target/log,AVAILABLE}
2019-09-20 10:24:50,544 [main] INFO  handler.ContextHandler (ContextHandler.java:doStart(781)) - Started o.e.j.s.ServletContextHandler@f6bc75c{/static,jar:file:/home/user/.m2/repository/org/apache/hadoop/hadoop-hdds-container-service/0.5.0-SNAPSHOT/hadoop-hdds-container-service-0.5.0-SNAPSHOT.jar!/webapps/static,AVAILABLE}
2019-09-20 10:24:50,551 | INFO  | SCMAudit | user=jenkins1000 | ip=192.168.36.99 | op=SEND_HEARTBEAT {datanodeUUID=6491c372-a595-4104-b3e9-c4f3293baafa, command=[]} | ret=SUCCESS |  
2019-09-20 10:24:50,552 | INFO  | SCMAudit | user=jenkins1000 | ip=192.168.36.99 | op=SEND_HEARTBEAT {datanodeUUID=d2ed2d9b-7ac7-460e-84f6-6d9d6066f76d, command=[]} | ret=SUCCESS |  
2019-09-20 10:24:50,552 | INFO  | SCMAudit | user=jenkins1000 | ip=192.168.36.99 | op=SEND_HEARTBEAT {datanodeUUID=3d6f3241-e73c-473a-ad0b-c7be2f7e1dda, command=[]} | ret=SUCCESS |  
2019-09-20 10:24:50,552 | INFO  | SCMAudit | user=jenkins1000 | ip=192.168.36.99 | op=SEND_HEARTBEAT {datanodeUUID=468be06f-55e9-4831-ba6b-3db017451a79, command=[]} | ret=SUCCESS |  
2019-09-20 10:24:50,552 | INFO  | SCMAudit | user=jenkins1000 | ip=192.168.36.99 | op=SEND_HEARTBEAT {datanodeUUID=1ab786b9-c79c-4265-88a1-5b3344c6beda, command=[]} | ret=SUCCESS |  
2019-09-20 10:24:50,552 | INFO  | SCMAudit | user=jenkins1000 | ip=192.168.36.99 | op=SEND_HEARTBEAT {datanodeUUID=c3e532f8-1a8e-44f3-b56b-d765aee893af, command=[]} | ret=SUCCESS |  
2019-09-20 10:24:50,553 | INFO  | SCMAudit | user=jenkins1000 | ip=192.168.36.99 | op=SEND_HEARTBEAT {datanodeUUID=19fb8383-7c99-4449-b95c-a26e71717844, command=[]} | ret=SUCCESS |  
2019-09-20 10:24:50,554 | INFO  | SCMAudit | user=jenkins1000 | ip=192.168.36.99 | op=SEND_HEARTBEAT {datanodeUUID=66416d0b-a71c-4af1-ae3a-62ca63b880a3, command=[]} | ret=SUCCESS |  
2019-09-20 10:24:50,554 | INFO  | SCMAudit | user=jenkins1000 | ip=192.168.36.99 | op=SEND_HEARTBEAT {datanodeUUID=17e2ba94-38a1-40e7-84e0-f6802901db84, command=[]} | ret=SUCCESS |  
2019-09-20 10:24:50,555 | INFO  | SCMAudit | user=jenkins1000 | ip=192.168.36.99 | op=SEND_HEARTBEAT {datanodeUUID=54207fe5-d92c-4c2e-b058-fbae630dabef, command=[]} | ret=SUCCESS |  
2019-09-20 10:24:50,555 | INFO  | SCMAudit | user=jenkins1000 | ip=192.168.36.99 | op=SEND_HEARTBEAT {datanodeUUID=4d972e91-cb6b-45de-8bd2-c18af7abe58b, command=[]} | ret=SUCCESS |  
2019-09-20 10:24:50,555 | INFO  | SCMAudit | user=jenkins1000 | ip=192.168.36.99 | op=SEND_HEARTBEAT {datanodeUUID=60260ec1-e192-4b95-89c8-d924d16a77a9, command=[]} | ret=SUCCESS |  
2019-09-20 10:24:50,556 | INFO  | SCMAudit | user=jenkins1000 | ip=192.168.36.99 | op=SEND_HEARTBEAT {datanodeUUID=7af711bd-b5ae-4a73-a8be-b970cae6c2d1, command=[]} | ret=SUCCESS |  
2019-09-20 10:24:50,556 | INFO  | SCMAudit | user=jenkins1000 | ip=192.168.36.99 | op=SEND_HEARTBEAT {datanodeUUID=9e03ffa9-cf79-407a-a150-4c035e5aec5e, command=[]} | ret=SUCCESS |  
2019-09-20 10:24:50,584 [main] INFO  handler.ContextHandler (ContextHandler.java:doStart(781)) - Started o.e.j.w.WebAppContext@6c8ad6d7{/,file:///tmp/jetty-0.0.0.0-42732-hddsDatanode-_-any-6659498478759016250.dir/webapp/,AVAILABLE}{/hddsDatanode}
2019-09-20 10:24:50,585 [main] INFO  server.AbstractConnector (AbstractConnector.java:doStart(278)) - Started ServerConnector@2d0778d0{HTTP/1.1,[http/1.1]}{0.0.0.0:42732}
2019-09-20 10:24:50,592 [main] INFO  server.Server (Server.java:doStart(419)) - Started @51960ms
2019-09-20 10:24:50,593 [main] INFO  server.BaseHttpServer (BaseHttpServer.java:updateConnectorAddress(213)) - HTTP server of HDDSDATANODE is listening at http://0.0.0.0:42732
2019-09-20 10:24:50,760 | INFO  | ObjectStoreRestHttpServer | Listening HDDS REST traffic on /0.0.0.0:44912 |  
2019-09-20 10:24:50,760 [main] INFO  ozone.HddsDatanodeService (HddsDatanodeService.java:startPlugins(395)) - Started plug-in org.apache.hadoop.ozone.web.OzoneHddsDatanodeService@20960b51
2019-09-20 10:24:50,761 [main] INFO  impl.MetricsSystemImpl (MetricsSystemImpl.java:init(158)) - HddsDatanode metrics system started (again)
2019-09-20 10:24:50,828 [org.apache.hadoop.util.JvmPauseMonitor$Monitor@499d699e] INFO  util.JvmPauseMonitor (JvmPauseMonitor.java:run(188)) - Starting JVM pause monitor
2019-09-20 10:24:50,831 [main] INFO  ozone.HddsDatanodeService (HddsDatanodeService.java:start(184)) - HddsDatanodeService host:pr-hdds-1569-p5fx8-1226042367 ip:192.168.36.99
2019-09-20 10:24:50,833 [Datanode State Machine Thread - 0] INFO  datanode.InitDatanodeState (InitDatanodeState.java:persistContainerDatanodeDetails(140)) - DatanodeDetails is persisted to /workdir/hadoop-ozone/integration-test/target/test-dir/MiniOzoneClusterImpl-806821b2-061b-4172-afaf-fb68ff5248bd/datanode-1/meta/datanode.id
2019-09-20 10:24:50,850 [main] INFO  volume.HddsVolume (HddsVolume.java:<init>(176)) - Creating Volume: /workdir/hadoop-ozone/integration-test/target/test-dir/MiniOzoneClusterImpl-806821b2-061b-4172-afaf-fb68ff5248bd/datanode-2/data/containers/hdds of  storage type : DISK and capacity : 1482555576320
2019-09-20 10:24:50,850 [main] INFO  volume.VolumeSet (VolumeSet.java:initializeVolumeSet(170)) - Added Volume : /workdir/hadoop-ozone/integration-test/target/test-dir/MiniOzoneClusterImpl-806821b2-061b-4172-afaf-fb68ff5248bd/datanode-2/data/containers/hdds to VolumeSet
2019-09-20 10:24:50,851 [main] INFO  volume.ThrottledAsyncChecker (ThrottledAsyncChecker.java:schedule(140)) - Scheduling a check for org.apache.hadoop.ozone.container.common.volume.HddsVolume@6e7f29d5
2019-09-20 10:24:50,851 [main] INFO  volume.HddsVolumeChecker (HddsVolumeChecker.java:checkAllVolumes(203)) - Scheduled health check for volume org.apache.hadoop.ozone.container.common.volume.HddsVolume@6e7f29d5
2019-09-20 10:24:50,872 [main] INFO  impl.RaftServerProxy (ConfUtils.java:logGet(43)) - raft.rpc.type = GRPC (default)
2019-09-20 10:24:50,872 [main] INFO  grpc.GrpcFactory (GrpcFactory.java:checkPooledByteBufAllocatorUseCacheForAllThreads(45)) - PERFORMANCE WARNING: useCacheForAllThreads is true that may cause Netty to create a lot garbage objects and, as a result, trigger GC.
	It is recommended to disable useCacheForAllThreads by setting -Dorg.apache.ratis.thirdparty.io.netty.allocator.useCacheForAllThreads=false in command line.
2019-09-20 10:24:50,872 [main] INFO  grpc.GrpcConfigKeys$Server (ConfUtils.java:logGet(43)) - raft.grpc.server.port = 0 (default)
2019-09-20 10:24:50,872 [main] INFO  server.GrpcService (ConfUtils.java:logGet(43)) - raft.grpc.message.size.max = 33570816 (custom)
2019-09-20 10:24:50,873 [main] INFO  server.RaftServerConfigKeys (ConfUtils.java:logGet(43)) - raft.server.log.appender.buffer.byte-limit = 33554432 (custom)
2019-09-20 10:24:50,873 [main] INFO  server.GrpcService (ConfUtils.java:logGet(43)) - raft.grpc.flow.control.window = 1MB (=1048576) (default)
2019-09-20 10:24:50,873 [main] INFO  server.RaftServerConfigKeys (ConfUtils.java:logGet(43)) - raft.server.rpc.request.timeout = 3000ms (default)
2019-09-20 10:24:50,874 [main] INFO  server.RaftServerConfigKeys (ConfUtils.java:logGet(43)) - raft.server.storage.dir = [/workdir/hadoop-ozone/integration-test/target/test-dir/MiniOzoneClusterImpl-806821b2-061b-4172-afaf-fb68ff5248bd/datanode-2/data/ratis] (custom)
2019-09-20 10:24:50,874 [main] INFO  replication.SimpleContainerDownloader (SimpleContainerDownloader.java:<init>(72)) - Starting container downloader service to copy containers to replicate.
2019-09-20 10:24:50,876 [main] INFO  hdfs.DFSUtil (DFSUtil.java:httpServerTemplateForNNAndJN(1641)) - Starting Web-server for hddsDatanode at: http://0.0.0.0:0
2019-09-20 10:24:50,878 [main] INFO  server.AuthenticationFilter (AuthenticationFilter.java:constructSecretProvider(240)) - Unable to initialize FileSignerSecretProvider, falling back to use random secrets.
2019-09-20 10:24:50,878 [main] WARN  http.HttpRequestLog (HttpRequestLog.java:getRequestLog(97)) - Jetty request log can only be enabled using Log4j
2019-09-20 10:24:50,881 [main] INFO  http.HttpServer2 (HttpServer2.java:addGlobalFilter(975)) - Added global filter 'safety' (class=org.apache.hadoop.http.HttpServer2$QuotingInputFilter)
2019-09-20 10:24:50,881 [main] INFO  http.HttpServer2 (HttpServer2.java:addFilter(948)) - Added filter static_user_filter (class=org.apache.hadoop.http.lib.StaticUserWebFilter$StaticUserFilter) to context hddsDatanode
2019-09-20 10:24:50,882 [main] INFO  http.HttpServer2 (HttpServer2.java:addFilter(958)) - Added filter static_user_filter (class=org.apache.hadoop.http.lib.StaticUserWebFilter$StaticUserFilter) to context static
2019-09-20 10:24:50,882 [main] INFO  http.HttpServer2 (HttpServer2.java:addFilter(958)) - Added filter static_user_filter (class=org.apache.hadoop.http.lib.StaticUserWebFilter$StaticUserFilter) to context logs
2019-09-20 10:24:50,883 [main] INFO  http.HttpServer2 (HttpServer2.java:bindListener(1191)) - Jetty bound to port 37068
2019-09-20 10:24:50,883 [main] INFO  server.Server (Server.java:doStart(351)) - jetty-9.3.24.v20180605, build timestamp: 2018-06-05T17:11:56Z, git hash: 84205aa28f11a4f31f2a3b86d1bba2cc8ab69827
2019-09-20 10:24:50,886 [main] INFO  handler.ContextHandler (ContextHandler.java:doStart(781)) - Started o.e.j.s.ServletContextHandler@6a54aa7a{/logs,file:///workdir/hadoop-ozone/integration-test/target/log,AVAILABLE}
2019-09-20 10:24:50,886 [main] INFO  handler.ContextHandler (ContextHandler.java:doStart(781)) - Started o.e.j.s.ServletContextHandler@2a60981c{/static,jar:file:/home/user/.m2/repository/org/apache/hadoop/hadoop-hdds-container-service/0.5.0-SNAPSHOT/hadoop-hdds-container-service-0.5.0-SNAPSHOT.jar!/webapps/static,AVAILABLE}
2019-09-20 10:24:50,930 [main] INFO  handler.ContextHandler (ContextHandler.java:doStart(781)) - Started o.e.j.w.WebAppContext@2fb70301{/,file:///tmp/jetty-0.0.0.0-37068-hddsDatanode-_-any-6985028248669092537.dir/webapp/,AVAILABLE}{/hddsDatanode}
2019-09-20 10:24:50,931 [main] INFO  server.AbstractConnector (AbstractConnector.java:doStart(278)) - Started ServerConnector@126f2eb8{HTTP/1.1,[http/1.1]}{0.0.0.0:37068}
2019-09-20 10:24:50,939 [main] INFO  server.Server (Server.java:doStart(419)) - Started @52307ms
2019-09-20 10:24:50,939 [main] INFO  server.BaseHttpServer (BaseHttpServer.java:updateConnectorAddress(213)) - HTTP server of HDDSDATANODE is listening at http://0.0.0.0:37068
2019-09-20 10:24:51,097 | INFO  | ObjectStoreRestHttpServer | Listening HDDS REST traffic on /0.0.0.0:34321 |  
2019-09-20 10:24:51,097 [main] INFO  ozone.HddsDatanodeService (HddsDatanodeService.java:startPlugins(395)) - Started plug-in org.apache.hadoop.ozone.web.OzoneHddsDatanodeService@56a72887
2019-09-20 10:24:51,098 [main] INFO  impl.MetricsSystemImpl (MetricsSystemImpl.java:init(158)) - HddsDatanode metrics system started (again)
2019-09-20 10:24:51,167 [org.apache.hadoop.util.JvmPauseMonitor$Monitor@731279c2] INFO  util.JvmPauseMonitor (JvmPauseMonitor.java:run(188)) - Starting JVM pause monitor
2019-09-20 10:24:51,170 [Datanode State Machine Thread - 0] INFO  datanode.InitDatanodeState (InitDatanodeState.java:persistContainerDatanodeDetails(140)) - DatanodeDetails is persisted to /workdir/hadoop-ozone/integration-test/target/test-dir/MiniOzoneClusterImpl-806821b2-061b-4172-afaf-fb68ff5248bd/datanode-2/meta/datanode.id
2019-09-20 10:24:51,170 [main] INFO  ozone.HddsDatanodeService (HddsDatanodeService.java:start(184)) - HddsDatanodeService host:pr-hdds-1569-p5fx8-1226042367 ip:192.168.36.99
2019-09-20 10:24:51,220 [main] INFO  volume.HddsVolume (HddsVolume.java:<init>(176)) - Creating Volume: /workdir/hadoop-ozone/integration-test/target/test-dir/MiniOzoneClusterImpl-806821b2-061b-4172-afaf-fb68ff5248bd/datanode-3/data/containers/hdds of  storage type : DISK and capacity : 1482555576320
2019-09-20 10:24:51,220 [main] INFO  volume.VolumeSet (VolumeSet.java:initializeVolumeSet(170)) - Added Volume : /workdir/hadoop-ozone/integration-test/target/test-dir/MiniOzoneClusterImpl-806821b2-061b-4172-afaf-fb68ff5248bd/datanode-3/data/containers/hdds to VolumeSet
2019-09-20 10:24:51,220 [main] INFO  volume.ThrottledAsyncChecker (ThrottledAsyncChecker.java:schedule(140)) - Scheduling a check for org.apache.hadoop.ozone.container.common.volume.HddsVolume@7ee02968
2019-09-20 10:24:51,221 [main] INFO  volume.HddsVolumeChecker (HddsVolumeChecker.java:checkAllVolumes(203)) - Scheduled health check for volume org.apache.hadoop.ozone.container.common.volume.HddsVolume@7ee02968
2019-09-20 10:24:51,251 [main] INFO  impl.RaftServerProxy (ConfUtils.java:logGet(43)) - raft.rpc.type = GRPC (default)
2019-09-20 10:24:51,252 [main] INFO  grpc.GrpcFactory (GrpcFactory.java:checkPooledByteBufAllocatorUseCacheForAllThreads(45)) - PERFORMANCE WARNING: useCacheForAllThreads is true that may cause Netty to create a lot garbage objects and, as a result, trigger GC.
	It is recommended to disable useCacheForAllThreads by setting -Dorg.apache.ratis.thirdparty.io.netty.allocator.useCacheForAllThreads=false in command line.
2019-09-20 10:24:51,252 [main] INFO  grpc.GrpcConfigKeys$Server (ConfUtils.java:logGet(43)) - raft.grpc.server.port = 0 (default)
2019-09-20 10:24:51,252 [main] INFO  server.GrpcService (ConfUtils.java:logGet(43)) - raft.grpc.message.size.max = 33570816 (custom)
2019-09-20 10:24:51,252 [main] INFO  server.RaftServerConfigKeys (ConfUtils.java:logGet(43)) - raft.server.log.appender.buffer.byte-limit = 33554432 (custom)
2019-09-20 10:24:51,253 [main] INFO  server.GrpcService (ConfUtils.java:logGet(43)) - raft.grpc.flow.control.window = 1MB (=1048576) (default)
2019-09-20 10:24:51,253 [main] INFO  server.RaftServerConfigKeys (ConfUtils.java:logGet(43)) - raft.server.rpc.request.timeout = 3000ms (default)
2019-09-20 10:24:51,253 [main] INFO  server.RaftServerConfigKeys (ConfUtils.java:logGet(43)) - raft.server.storage.dir = [/workdir/hadoop-ozone/integration-test/target/test-dir/MiniOzoneClusterImpl-806821b2-061b-4172-afaf-fb68ff5248bd/datanode-3/data/ratis] (custom)
2019-09-20 10:24:51,254 [main] INFO  replication.SimpleContainerDownloader (SimpleContainerDownloader.java:<init>(72)) - Starting container downloader service to copy containers to replicate.
2019-09-20 10:24:51,255 [main] INFO  hdfs.DFSUtil (DFSUtil.java:httpServerTemplateForNNAndJN(1641)) - Starting Web-server for hddsDatanode at: http://0.0.0.0:0
2019-09-20 10:24:51,256 [main] INFO  server.AuthenticationFilter (AuthenticationFilter.java:constructSecretProvider(240)) - Unable to initialize FileSignerSecretProvider, falling back to use random secrets.
2019-09-20 10:24:51,257 [main] WARN  http.HttpRequestLog (HttpRequestLog.java:getRequestLog(97)) - Jetty request log can only be enabled using Log4j
2019-09-20 10:24:51,258 [main] INFO  http.HttpServer2 (HttpServer2.java:addGlobalFilter(975)) - Added global filter 'safety' (class=org.apache.hadoop.http.HttpServer2$QuotingInputFilter)
2019-09-20 10:24:51,259 [main] INFO  http.HttpServer2 (HttpServer2.java:addFilter(948)) - Added filter static_user_filter (class=org.apache.hadoop.http.lib.StaticUserWebFilter$StaticUserFilter) to context hddsDatanode
2019-09-20 10:24:51,259 [main] INFO  http.HttpServer2 (HttpServer2.java:addFilter(958)) - Added filter static_user_filter (class=org.apache.hadoop.http.lib.StaticUserWebFilter$StaticUserFilter) to context logs
2019-09-20 10:24:51,259 [main] INFO  http.HttpServer2 (HttpServer2.java:addFilter(958)) - Added filter static_user_filter (class=org.apache.hadoop.http.lib.StaticUserWebFilter$StaticUserFilter) to context static
2019-09-20 10:24:51,260 [main] INFO  http.HttpServer2 (HttpServer2.java:bindListener(1191)) - Jetty bound to port 38674
2019-09-20 10:24:51,260 [main] INFO  server.Server (Server.java:doStart(351)) - jetty-9.3.24.v20180605, build timestamp: 2018-06-05T17:11:56Z, git hash: 84205aa28f11a4f31f2a3b86d1bba2cc8ab69827
2019-09-20 10:24:51,266 [main] INFO  handler.ContextHandler (ContextHandler.java:doStart(781)) - Started o.e.j.s.ServletContextHandler@1aef7428{/logs,file:///workdir/hadoop-ozone/integration-test/target/log,AVAILABLE}
2019-09-20 10:24:51,266 [main] INFO  handler.ContextHandler (ContextHandler.java:doStart(781)) - Started o.e.j.s.ServletContextHandler@332fa1c{/static,jar:file:/home/user/.m2/repository/org/apache/hadoop/hadoop-hdds-container-service/0.5.0-SNAPSHOT/hadoop-hdds-container-service-0.5.0-SNAPSHOT.jar!/webapps/static,AVAILABLE}
2019-09-20 10:24:51,294 [main] INFO  handler.ContextHandler (ContextHandler.java:doStart(781)) - Started o.e.j.w.WebAppContext@2e785b28{/,file:///tmp/jetty-0.0.0.0-38674-hddsDatanode-_-any-1891992977398984098.dir/webapp/,AVAILABLE}{/hddsDatanode}
2019-09-20 10:24:51,294 [main] INFO  server.AbstractConnector (AbstractConnector.java:doStart(278)) - Started ServerConnector@55c20a91{HTTP/1.1,[http/1.1]}{0.0.0.0:38674}
2019-09-20 10:24:51,300 [main] INFO  server.Server (Server.java:doStart(419)) - Started @52669ms
2019-09-20 10:24:51,301 [main] INFO  server.BaseHttpServer (BaseHttpServer.java:updateConnectorAddress(213)) - HTTP server of HDDSDATANODE is listening at http://0.0.0.0:38674
2019-09-20 10:24:51,429 | INFO  | ObjectStoreRestHttpServer | Listening HDDS REST traffic on /0.0.0.0:40881 |  
2019-09-20 10:24:51,429 [main] INFO  ozone.HddsDatanodeService (HddsDatanodeService.java:startPlugins(395)) - Started plug-in org.apache.hadoop.ozone.web.OzoneHddsDatanodeService@70bc9070
2019-09-20 10:24:51,429 [main] INFO  impl.MetricsSystemImpl (MetricsSystemImpl.java:init(158)) - HddsDatanode metrics system started (again)
2019-09-20 10:24:51,502 [org.apache.hadoop.util.JvmPauseMonitor$Monitor@35e02ef] INFO  util.JvmPauseMonitor (JvmPauseMonitor.java:run(188)) - Starting JVM pause monitor
2019-09-20 10:24:51,505 [Datanode State Machine Thread - 0] INFO  datanode.InitDatanodeState (InitDatanodeState.java:persistContainerDatanodeDetails(140)) - DatanodeDetails is persisted to /workdir/hadoop-ozone/integration-test/target/test-dir/MiniOzoneClusterImpl-806821b2-061b-4172-afaf-fb68ff5248bd/datanode-3/meta/datanode.id
2019-09-20 10:24:51,505 [main] INFO  ozone.HddsDatanodeService (HddsDatanodeService.java:start(184)) - HddsDatanodeService host:pr-hdds-1569-p5fx8-1226042367 ip:192.168.36.99
2019-09-20 10:24:51,543 [main] INFO  volume.HddsVolume (HddsVolume.java:<init>(176)) - Creating Volume: /workdir/hadoop-ozone/integration-test/target/test-dir/MiniOzoneClusterImpl-806821b2-061b-4172-afaf-fb68ff5248bd/datanode-4/data/containers/hdds of  storage type : DISK and capacity : 1482555576320
2019-09-20 10:24:51,543 [main] INFO  volume.VolumeSet (VolumeSet.java:initializeVolumeSet(170)) - Added Volume : /workdir/hadoop-ozone/integration-test/target/test-dir/MiniOzoneClusterImpl-806821b2-061b-4172-afaf-fb68ff5248bd/datanode-4/data/containers/hdds to VolumeSet
2019-09-20 10:24:51,543 [main] INFO  volume.ThrottledAsyncChecker (ThrottledAsyncChecker.java:schedule(140)) - Scheduling a check for org.apache.hadoop.ozone.container.common.volume.HddsVolume@6636448b
2019-09-20 10:24:51,544 [main] INFO  volume.HddsVolumeChecker (HddsVolumeChecker.java:checkAllVolumes(203)) - Scheduled health check for volume org.apache.hadoop.ozone.container.common.volume.HddsVolume@6636448b
2019-09-20 10:24:51,551 | INFO  | SCMAudit | user=jenkins1000 | ip=192.168.36.99 | op=SEND_HEARTBEAT {datanodeUUID=6491c372-a595-4104-b3e9-c4f3293baafa, command=[]} | ret=SUCCESS |  
2019-09-20 10:24:51,552 | INFO  | SCMAudit | user=jenkins1000 | ip=192.168.36.99 | op=SEND_HEARTBEAT {datanodeUUID=3d6f3241-e73c-473a-ad0b-c7be2f7e1dda, command=[]} | ret=SUCCESS |  
2019-09-20 10:24:51,552 | INFO  | SCMAudit | user=jenkins1000 | ip=192.168.36.99 | op=SEND_HEARTBEAT {datanodeUUID=d2ed2d9b-7ac7-460e-84f6-6d9d6066f76d, command=[]} | ret=SUCCESS |  
2019-09-20 10:24:51,552 | INFO  | SCMAudit | user=jenkins1000 | ip=192.168.36.99 | op=SEND_HEARTBEAT {datanodeUUID=468be06f-55e9-4831-ba6b-3db017451a79, command=[]} | ret=SUCCESS |  
2019-09-20 10:24:51,553 | INFO  | SCMAudit | user=jenkins1000 | ip=192.168.36.99 | op=SEND_HEARTBEAT {datanodeUUID=19fb8383-7c99-4449-b95c-a26e71717844, command=[]} | ret=SUCCESS |  
2019-09-20 10:24:51,553 | INFO  | SCMAudit | user=jenkins1000 | ip=192.168.36.99 | op=SEND_HEARTBEAT {datanodeUUID=c3e532f8-1a8e-44f3-b56b-d765aee893af, command=[]} | ret=SUCCESS |  
2019-09-20 10:24:51,553 | INFO  | SCMAudit | user=jenkins1000 | ip=192.168.36.99 | op=SEND_HEARTBEAT {datanodeUUID=1ab786b9-c79c-4265-88a1-5b3344c6beda, command=[]} | ret=SUCCESS |  
2019-09-20 10:24:51,554 | INFO  | SCMAudit | user=jenkins1000 | ip=192.168.36.99 | op=SEND_HEARTBEAT {datanodeUUID=66416d0b-a71c-4af1-ae3a-62ca63b880a3, command=[]} | ret=SUCCESS |  
2019-09-20 10:24:51,554 | INFO  | SCMAudit | user=jenkins1000 | ip=192.168.36.99 | op=SEND_HEARTBEAT {datanodeUUID=17e2ba94-38a1-40e7-84e0-f6802901db84, command=[]} | ret=SUCCESS |  
2019-09-20 10:24:51,554 | INFO  | SCMAudit | user=jenkins1000 | ip=192.168.36.99 | op=SEND_HEARTBEAT {datanodeUUID=4d972e91-cb6b-45de-8bd2-c18af7abe58b, command=[]} | ret=SUCCESS |  
2019-09-20 10:24:51,555 | INFO  | SCMAudit | user=jenkins1000 | ip=192.168.36.99 | op=SEND_HEARTBEAT {datanodeUUID=54207fe5-d92c-4c2e-b058-fbae630dabef, command=[]} | ret=SUCCESS |  
2019-09-20 10:24:51,555 | INFO  | SCMAudit | user=jenkins1000 | ip=192.168.36.99 | op=SEND_HEARTBEAT {datanodeUUID=60260ec1-e192-4b95-89c8-d924d16a77a9, command=[]} | ret=SUCCESS |  
2019-09-20 10:24:51,556 | INFO  | SCMAudit | user=jenkins1000 | ip=192.168.36.99 | op=SEND_HEARTBEAT {datanodeUUID=7af711bd-b5ae-4a73-a8be-b970cae6c2d1, command=[]} | ret=SUCCESS |  
2019-09-20 10:24:51,556 | INFO  | SCMAudit | user=jenkins1000 | ip=192.168.36.99 | op=SEND_HEARTBEAT {datanodeUUID=9e03ffa9-cf79-407a-a150-4c035e5aec5e, command=[]} | ret=SUCCESS |  
2019-09-20 10:24:51,575 [main] INFO  impl.RaftServerProxy (ConfUtils.java:logGet(43)) - raft.rpc.type = GRPC (default)
2019-09-20 10:24:51,576 [main] INFO  grpc.GrpcFactory (GrpcFactory.java:checkPooledByteBufAllocatorUseCacheForAllThreads(45)) - PERFORMANCE WARNING: useCacheForAllThreads is true that may cause Netty to create a lot garbage objects and, as a result, trigger GC.
	It is recommended to disable useCacheForAllThreads by setting -Dorg.apache.ratis.thirdparty.io.netty.allocator.useCacheForAllThreads=false in command line.
2019-09-20 10:24:51,576 [main] INFO  grpc.GrpcConfigKeys$Server (ConfUtils.java:logGet(43)) - raft.grpc.server.port = 0 (default)
2019-09-20 10:24:51,576 [main] INFO  server.GrpcService (ConfUtils.java:logGet(43)) - raft.grpc.message.size.max = 33570816 (custom)
2019-09-20 10:24:51,576 [main] INFO  server.RaftServerConfigKeys (ConfUtils.java:logGet(43)) - raft.server.log.appender.buffer.byte-limit = 33554432 (custom)
2019-09-20 10:24:51,577 [main] INFO  server.GrpcService (ConfUtils.java:logGet(43)) - raft.grpc.flow.control.window = 1MB (=1048576) (default)
2019-09-20 10:24:51,577 [main] INFO  server.RaftServerConfigKeys (ConfUtils.java:logGet(43)) - raft.server.rpc.request.timeout = 3000ms (default)
2019-09-20 10:24:51,578 [main] INFO  server.RaftServerConfigKeys (ConfUtils.java:logGet(43)) - raft.server.storage.dir = [/workdir/hadoop-ozone/integration-test/target/test-dir/MiniOzoneClusterImpl-806821b2-061b-4172-afaf-fb68ff5248bd/datanode-4/data/ratis] (custom)
2019-09-20 10:24:51,578 [main] INFO  replication.SimpleContainerDownloader (SimpleContainerDownloader.java:<init>(72)) - Starting container downloader service to copy containers to replicate.
2019-09-20 10:24:51,580 [main] INFO  hdfs.DFSUtil (DFSUtil.java:httpServerTemplateForNNAndJN(1641)) - Starting Web-server for hddsDatanode at: http://0.0.0.0:0
2019-09-20 10:24:51,582 [main] INFO  server.AuthenticationFilter (AuthenticationFilter.java:constructSecretProvider(240)) - Unable to initialize FileSignerSecretProvider, falling back to use random secrets.
2019-09-20 10:24:51,583 [main] WARN  http.HttpRequestLog (HttpRequestLog.java:getRequestLog(97)) - Jetty request log can only be enabled using Log4j
2019-09-20 10:24:51,585 [main] INFO  http.HttpServer2 (HttpServer2.java:addGlobalFilter(975)) - Added global filter 'safety' (class=org.apache.hadoop.http.HttpServer2$QuotingInputFilter)
2019-09-20 10:24:51,586 [main] INFO  http.HttpServer2 (HttpServer2.java:addFilter(948)) - Added filter static_user_filter (class=org.apache.hadoop.http.lib.StaticUserWebFilter$StaticUserFilter) to context hddsDatanode
2019-09-20 10:24:51,587 [main] INFO  http.HttpServer2 (HttpServer2.java:addFilter(958)) - Added filter static_user_filter (class=org.apache.hadoop.http.lib.StaticUserWebFilter$StaticUserFilter) to context static
2019-09-20 10:24:51,587 [main] INFO  http.HttpServer2 (HttpServer2.java:addFilter(958)) - Added filter static_user_filter (class=org.apache.hadoop.http.lib.StaticUserWebFilter$StaticUserFilter) to context logs
2019-09-20 10:24:51,588 [main] INFO  http.HttpServer2 (HttpServer2.java:bindListener(1191)) - Jetty bound to port 38191
2019-09-20 10:24:51,588 [main] INFO  server.Server (Server.java:doStart(351)) - jetty-9.3.24.v20180605, build timestamp: 2018-06-05T17:11:56Z, git hash: 84205aa28f11a4f31f2a3b86d1bba2cc8ab69827
2019-09-20 10:24:51,591 [main] INFO  handler.ContextHandler (ContextHandler.java:doStart(781)) - Started o.e.j.s.ServletContextHandler@339cde4b{/logs,file:///workdir/hadoop-ozone/integration-test/target/log,AVAILABLE}
2019-09-20 10:24:51,592 [main] INFO  handler.ContextHandler (ContextHandler.java:doStart(781)) - Started o.e.j.s.ServletContextHandler@f0381f0{/static,jar:file:/home/user/.m2/repository/org/apache/hadoop/hadoop-hdds-container-service/0.5.0-SNAPSHOT/hadoop-hdds-container-service-0.5.0-SNAPSHOT.jar!/webapps/static,AVAILABLE}
2019-09-20 10:24:51,632 [main] INFO  handler.ContextHandler (ContextHandler.java:doStart(781)) - Started o.e.j.w.WebAppContext@5b80b41d{/,file:///tmp/jetty-0.0.0.0-38191-hddsDatanode-_-any-1915609609624842917.dir/webapp/,AVAILABLE}{/hddsDatanode}
2019-09-20 10:24:51,633 [main] INFO  server.AbstractConnector (AbstractConnector.java:doStart(278)) - Started ServerConnector@54ef9698{HTTP/1.1,[http/1.1]}{0.0.0.0:38191}
2019-09-20 10:24:51,641 [main] INFO  server.Server (Server.java:doStart(419)) - Started @53009ms
2019-09-20 10:24:51,642 [main] INFO  server.BaseHttpServer (BaseHttpServer.java:updateConnectorAddress(213)) - HTTP server of HDDSDATANODE is listening at http://0.0.0.0:38191
2019-09-20 10:24:51,823 | INFO  | ObjectStoreRestHttpServer | Listening HDDS REST traffic on /0.0.0.0:44209 |  
2019-09-20 10:24:51,823 [main] INFO  ozone.HddsDatanodeService (HddsDatanodeService.java:startPlugins(395)) - Started plug-in org.apache.hadoop.ozone.web.OzoneHddsDatanodeService@17ea3bc0
2019-09-20 10:24:51,823 [main] INFO  impl.MetricsSystemImpl (MetricsSystemImpl.java:init(158)) - HddsDatanode metrics system started (again)
2019-09-20 10:24:51,898 [org.apache.hadoop.util.JvmPauseMonitor$Monitor@5f477064] INFO  util.JvmPauseMonitor (JvmPauseMonitor.java:run(188)) - Starting JVM pause monitor
2019-09-20 10:24:51,901 [main] INFO  ozone.HddsDatanodeService (HddsDatanodeService.java:start(184)) - HddsDatanodeService host:pr-hdds-1569-p5fx8-1226042367 ip:192.168.36.99
2019-09-20 10:24:52,007 [Datanode State Machine Thread - 0] INFO  datanode.InitDatanodeState (InitDatanodeState.java:persistContainerDatanodeDetails(140)) - DatanodeDetails is persisted to /workdir/hadoop-ozone/integration-test/target/test-dir/MiniOzoneClusterImpl-806821b2-061b-4172-afaf-fb68ff5248bd/datanode-4/meta/datanode.id
2019-09-20 10:24:52,024 [main] INFO  volume.HddsVolume (HddsVolume.java:<init>(176)) - Creating Volume: /workdir/hadoop-ozone/integration-test/target/test-dir/MiniOzoneClusterImpl-806821b2-061b-4172-afaf-fb68ff5248bd/datanode-5/data/containers/hdds of  storage type : DISK and capacity : 1482555576320
2019-09-20 10:24:52,024 [main] INFO  volume.VolumeSet (VolumeSet.java:initializeVolumeSet(170)) - Added Volume : /workdir/hadoop-ozone/integration-test/target/test-dir/MiniOzoneClusterImpl-806821b2-061b-4172-afaf-fb68ff5248bd/datanode-5/data/containers/hdds to VolumeSet
2019-09-20 10:24:52,024 [main] INFO  volume.ThrottledAsyncChecker (ThrottledAsyncChecker.java:schedule(140)) - Scheduling a check for org.apache.hadoop.ozone.container.common.volume.HddsVolume@fc21ff4
2019-09-20 10:24:52,025 [main] INFO  volume.HddsVolumeChecker (HddsVolumeChecker.java:checkAllVolumes(203)) - Scheduled health check for volume org.apache.hadoop.ozone.container.common.volume.HddsVolume@fc21ff4
2019-09-20 10:24:52,050 [main] INFO  impl.RaftServerProxy (ConfUtils.java:logGet(43)) - raft.rpc.type = GRPC (default)
2019-09-20 10:24:52,050 [main] INFO  grpc.GrpcFactory (GrpcFactory.java:checkPooledByteBufAllocatorUseCacheForAllThreads(45)) - PERFORMANCE WARNING: useCacheForAllThreads is true that may cause Netty to create a lot garbage objects and, as a result, trigger GC.
	It is recommended to disable useCacheForAllThreads by setting -Dorg.apache.ratis.thirdparty.io.netty.allocator.useCacheForAllThreads=false in command line.
2019-09-20 10:24:52,051 [main] INFO  grpc.GrpcConfigKeys$Server (ConfUtils.java:logGet(43)) - raft.grpc.server.port = 0 (default)
2019-09-20 10:24:52,051 [main] INFO  server.GrpcService (ConfUtils.java:logGet(43)) - raft.grpc.message.size.max = 33570816 (custom)
2019-09-20 10:24:52,051 [main] INFO  server.RaftServerConfigKeys (ConfUtils.java:logGet(43)) - raft.server.log.appender.buffer.byte-limit = 33554432 (custom)
2019-09-20 10:24:52,051 [main] INFO  server.GrpcService (ConfUtils.java:logGet(43)) - raft.grpc.flow.control.window = 1MB (=1048576) (default)
2019-09-20 10:24:52,051 [main] INFO  server.RaftServerConfigKeys (ConfUtils.java:logGet(43)) - raft.server.rpc.request.timeout = 3000ms (default)
2019-09-20 10:24:52,052 [main] INFO  server.RaftServerConfigKeys (ConfUtils.java:logGet(43)) - raft.server.storage.dir = [/workdir/hadoop-ozone/integration-test/target/test-dir/MiniOzoneClusterImpl-806821b2-061b-4172-afaf-fb68ff5248bd/datanode-5/data/ratis] (custom)
2019-09-20 10:24:52,052 [main] INFO  replication.SimpleContainerDownloader (SimpleContainerDownloader.java:<init>(72)) - Starting container downloader service to copy containers to replicate.
2019-09-20 10:24:52,054 [main] INFO  hdfs.DFSUtil (DFSUtil.java:httpServerTemplateForNNAndJN(1641)) - Starting Web-server for hddsDatanode at: http://0.0.0.0:0
2019-09-20 10:24:52,055 [main] INFO  server.AuthenticationFilter (AuthenticationFilter.java:constructSecretProvider(240)) - Unable to initialize FileSignerSecretProvider, falling back to use random secrets.
2019-09-20 10:24:52,055 [main] WARN  http.HttpRequestLog (HttpRequestLog.java:getRequestLog(97)) - Jetty request log can only be enabled using Log4j
2019-09-20 10:24:52,057 [main] INFO  http.HttpServer2 (HttpServer2.java:addGlobalFilter(975)) - Added global filter 'safety' (class=org.apache.hadoop.http.HttpServer2$QuotingInputFilter)
2019-09-20 10:24:52,058 [main] INFO  http.HttpServer2 (HttpServer2.java:addFilter(948)) - Added filter static_user_filter (class=org.apache.hadoop.http.lib.StaticUserWebFilter$StaticUserFilter) to context hddsDatanode
2019-09-20 10:24:52,058 [main] INFO  http.HttpServer2 (HttpServer2.java:addFilter(958)) - Added filter static_user_filter (class=org.apache.hadoop.http.lib.StaticUserWebFilter$StaticUserFilter) to context static
2019-09-20 10:24:52,058 [main] INFO  http.HttpServer2 (HttpServer2.java:addFilter(958)) - Added filter static_user_filter (class=org.apache.hadoop.http.lib.StaticUserWebFilter$StaticUserFilter) to context logs
2019-09-20 10:24:52,059 [main] INFO  http.HttpServer2 (HttpServer2.java:bindListener(1191)) - Jetty bound to port 42040
2019-09-20 10:24:52,059 [main] INFO  server.Server (Server.java:doStart(351)) - jetty-9.3.24.v20180605, build timestamp: 2018-06-05T17:11:56Z, git hash: 84205aa28f11a4f31f2a3b86d1bba2cc8ab69827
2019-09-20 10:24:52,061 [main] INFO  handler.ContextHandler (ContextHandler.java:doStart(781)) - Started o.e.j.s.ServletContextHandler@79e9c14{/logs,file:///workdir/hadoop-ozone/integration-test/target/log,AVAILABLE}
2019-09-20 10:24:52,062 [main] INFO  handler.ContextHandler (ContextHandler.java:doStart(781)) - Started o.e.j.s.ServletContextHandler@575e862c{/static,jar:file:/home/user/.m2/repository/org/apache/hadoop/hadoop-hdds-container-service/0.5.0-SNAPSHOT/hadoop-hdds-container-service-0.5.0-SNAPSHOT.jar!/webapps/static,AVAILABLE}
2019-09-20 10:24:52,091 [main] INFO  handler.ContextHandler (ContextHandler.java:doStart(781)) - Started o.e.j.w.WebAppContext@75db328e{/,file:///tmp/jetty-0.0.0.0-42040-hddsDatanode-_-any-5631507998224336077.dir/webapp/,AVAILABLE}{/hddsDatanode}
2019-09-20 10:24:52,091 [main] INFO  server.AbstractConnector (AbstractConnector.java:doStart(278)) - Started ServerConnector@46d18a33{HTTP/1.1,[http/1.1]}{0.0.0.0:42040}
2019-09-20 10:24:52,098 [main] INFO  server.Server (Server.java:doStart(419)) - Started @53466ms
2019-09-20 10:24:52,099 [main] INFO  server.BaseHttpServer (BaseHttpServer.java:updateConnectorAddress(213)) - HTTP server of HDDSDATANODE is listening at http://0.0.0.0:42040
2019-09-20 10:24:52,295 | INFO  | ObjectStoreRestHttpServer | Listening HDDS REST traffic on /0.0.0.0:45567 |  
2019-09-20 10:24:52,295 [main] INFO  ozone.HddsDatanodeService (HddsDatanodeService.java:startPlugins(395)) - Started plug-in org.apache.hadoop.ozone.web.OzoneHddsDatanodeService@571c7572
2019-09-20 10:24:52,296 [main] INFO  impl.MetricsSystemImpl (MetricsSystemImpl.java:init(158)) - HddsDatanode metrics system started (again)
2019-09-20 10:24:52,375 [org.apache.hadoop.util.JvmPauseMonitor$Monitor@751d99f6] INFO  util.JvmPauseMonitor (JvmPauseMonitor.java:run(188)) - Starting JVM pause monitor
2019-09-20 10:24:52,377 [Datanode State Machine Thread - 0] INFO  datanode.InitDatanodeState (InitDatanodeState.java:persistContainerDatanodeDetails(140)) - DatanodeDetails is persisted to /workdir/hadoop-ozone/integration-test/target/test-dir/MiniOzoneClusterImpl-806821b2-061b-4172-afaf-fb68ff5248bd/datanode-5/meta/datanode.id
2019-09-20 10:24:52,378 [main] INFO  ozone.HddsDatanodeService (HddsDatanodeService.java:start(184)) - HddsDatanodeService host:pr-hdds-1569-p5fx8-1226042367 ip:192.168.36.99
2019-09-20 10:24:52,398 [main] INFO  volume.HddsVolume (HddsVolume.java:<init>(176)) - Creating Volume: /workdir/hadoop-ozone/integration-test/target/test-dir/MiniOzoneClusterImpl-806821b2-061b-4172-afaf-fb68ff5248bd/datanode-6/data/containers/hdds of  storage type : DISK and capacity : 1482555576320
2019-09-20 10:24:52,398 [main] INFO  volume.VolumeSet (VolumeSet.java:initializeVolumeSet(170)) - Added Volume : /workdir/hadoop-ozone/integration-test/target/test-dir/MiniOzoneClusterImpl-806821b2-061b-4172-afaf-fb68ff5248bd/datanode-6/data/containers/hdds to VolumeSet
2019-09-20 10:24:52,399 [main] INFO  volume.ThrottledAsyncChecker (ThrottledAsyncChecker.java:schedule(140)) - Scheduling a check for org.apache.hadoop.ozone.container.common.volume.HddsVolume@5773f83d
2019-09-20 10:24:52,399 [main] INFO  volume.HddsVolumeChecker (HddsVolumeChecker.java:checkAllVolumes(203)) - Scheduled health check for volume org.apache.hadoop.ozone.container.common.volume.HddsVolume@5773f83d
2019-09-20 10:24:52,423 [main] INFO  impl.RaftServerProxy (ConfUtils.java:logGet(43)) - raft.rpc.type = GRPC (default)
2019-09-20 10:24:52,423 [main] INFO  grpc.GrpcFactory (GrpcFactory.java:checkPooledByteBufAllocatorUseCacheForAllThreads(45)) - PERFORMANCE WARNING: useCacheForAllThreads is true that may cause Netty to create a lot garbage objects and, as a result, trigger GC.
	It is recommended to disable useCacheForAllThreads by setting -Dorg.apache.ratis.thirdparty.io.netty.allocator.useCacheForAllThreads=false in command line.
2019-09-20 10:24:52,424 [main] INFO  grpc.GrpcConfigKeys$Server (ConfUtils.java:logGet(43)) - raft.grpc.server.port = 0 (default)
2019-09-20 10:24:52,424 [main] INFO  server.GrpcService (ConfUtils.java:logGet(43)) - raft.grpc.message.size.max = 33570816 (custom)
2019-09-20 10:24:52,424 [main] INFO  server.RaftServerConfigKeys (ConfUtils.java:logGet(43)) - raft.server.log.appender.buffer.byte-limit = 33554432 (custom)
2019-09-20 10:24:52,424 [main] INFO  server.GrpcService (ConfUtils.java:logGet(43)) - raft.grpc.flow.control.window = 1MB (=1048576) (default)
2019-09-20 10:24:52,424 [main] INFO  server.RaftServerConfigKeys (ConfUtils.java:logGet(43)) - raft.server.rpc.request.timeout = 3000ms (default)
2019-09-20 10:24:52,425 [main] INFO  server.RaftServerConfigKeys (ConfUtils.java:logGet(43)) - raft.server.storage.dir = [/workdir/hadoop-ozone/integration-test/target/test-dir/MiniOzoneClusterImpl-806821b2-061b-4172-afaf-fb68ff5248bd/datanode-6/data/ratis] (custom)
2019-09-20 10:24:52,425 [main] INFO  replication.SimpleContainerDownloader (SimpleContainerDownloader.java:<init>(72)) - Starting container downloader service to copy containers to replicate.
2019-09-20 10:24:52,426 [main] INFO  hdfs.DFSUtil (DFSUtil.java:httpServerTemplateForNNAndJN(1641)) - Starting Web-server for hddsDatanode at: http://0.0.0.0:0
2019-09-20 10:24:52,428 [main] INFO  server.AuthenticationFilter (AuthenticationFilter.java:constructSecretProvider(240)) - Unable to initialize FileSignerSecretProvider, falling back to use random secrets.
2019-09-20 10:24:52,428 [main] WARN  http.HttpRequestLog (HttpRequestLog.java:getRequestLog(97)) - Jetty request log can only be enabled using Log4j
2019-09-20 10:24:52,430 [main] INFO  http.HttpServer2 (HttpServer2.java:addGlobalFilter(975)) - Added global filter 'safety' (class=org.apache.hadoop.http.HttpServer2$QuotingInputFilter)
2019-09-20 10:24:52,431 [main] INFO  http.HttpServer2 (HttpServer2.java:addFilter(948)) - Added filter static_user_filter (class=org.apache.hadoop.http.lib.StaticUserWebFilter$StaticUserFilter) to context hddsDatanode
2019-09-20 10:24:52,431 [main] INFO  http.HttpServer2 (HttpServer2.java:addFilter(958)) - Added filter static_user_filter (class=org.apache.hadoop.http.lib.StaticUserWebFilter$StaticUserFilter) to context static
2019-09-20 10:24:52,431 [main] INFO  http.HttpServer2 (HttpServer2.java:addFilter(958)) - Added filter static_user_filter (class=org.apache.hadoop.http.lib.StaticUserWebFilter$StaticUserFilter) to context logs
2019-09-20 10:24:52,432 [main] INFO  http.HttpServer2 (HttpServer2.java:bindListener(1191)) - Jetty bound to port 36451
2019-09-20 10:24:52,432 [main] INFO  server.Server (Server.java:doStart(351)) - jetty-9.3.24.v20180605, build timestamp: 2018-06-05T17:11:56Z, git hash: 84205aa28f11a4f31f2a3b86d1bba2cc8ab69827
2019-09-20 10:24:52,434 [main] INFO  handler.ContextHandler (ContextHandler.java:doStart(781)) - Started o.e.j.s.ServletContextHandler@4c12f54a{/logs,file:///workdir/hadoop-ozone/integration-test/target/log,AVAILABLE}
2019-09-20 10:24:52,435 [main] INFO  handler.ContextHandler (ContextHandler.java:doStart(781)) - Started o.e.j.s.ServletContextHandler@42a7e7e1{/static,jar:file:/home/user/.m2/repository/org/apache/hadoop/hadoop-hdds-container-service/0.5.0-SNAPSHOT/hadoop-hdds-container-service-0.5.0-SNAPSHOT.jar!/webapps/static,AVAILABLE}
2019-09-20 10:24:52,463 [main] INFO  handler.ContextHandler (ContextHandler.java:doStart(781)) - Started o.e.j.w.WebAppContext@2184962c{/,file:///tmp/jetty-0.0.0.0-36451-hddsDatanode-_-any-911159351008785456.dir/webapp/,AVAILABLE}{/hddsDatanode}
2019-09-20 10:24:52,464 [main] INFO  server.AbstractConnector (AbstractConnector.java:doStart(278)) - Started ServerConnector@4d9bccfe{HTTP/1.1,[http/1.1]}{0.0.0.0:36451}
2019-09-20 10:24:52,470 [main] INFO  server.Server (Server.java:doStart(419)) - Started @53838ms
2019-09-20 10:24:52,470 [main] INFO  server.BaseHttpServer (BaseHttpServer.java:updateConnectorAddress(213)) - HTTP server of HDDSDATANODE is listening at http://0.0.0.0:36451
2019-09-20 10:24:52,492 | INFO  | SCMAudit | user=jenkins1000 | ip=192.168.36.99 | op=GET_VERSION null | ret=SUCCESS |  
2019-09-20 10:24:52,519 [Datanode State Machine Thread - 0] INFO  ozoneimpl.OzoneContainer (OzoneContainer.java:start(186)) - Attempting to start container services.
2019-09-20 10:24:52,520 [Datanode State Machine Thread - 0] INFO  ozoneimpl.OzoneContainer (OzoneContainer.java:startContainerScrub(160)) - Background container scrubber has been disabled by hdds.containerscrub.enabled
2019-09-20 10:24:52,520 [Datanode State Machine Thread - 0] INFO  ratis.XceiverServerRatis (XceiverServerRatis.java:start(404)) - Starting XceiverServerRatis 61649f92-8c0f-475a-818d-1064548aeef6 at port 0
2019-09-20 10:24:52,528 [Datanode State Machine Thread - 0] INFO  impl.RaftServerProxy (RaftServerProxy.java:lambda$start$3(299)) - 61649f92-8c0f-475a-818d-1064548aeef6: start RPC server
2019-09-20 10:24:52,535 [Datanode State Machine Thread - 0] INFO  server.GrpcService (GrpcService.java:startImpl(149)) - 61649f92-8c0f-475a-818d-1064548aeef6: GrpcService started, listening on 0.0.0.0/0.0.0.0:43150
2019-09-20 10:24:52,535 [Datanode State Machine Thread - 0] INFO  ratis.XceiverServerRatis (XceiverServerRatis.java:start(414)) - XceiverServerRatis 61649f92-8c0f-475a-818d-1064548aeef6 is started using port 43150
2019-09-20 10:24:52,535 [Datanode State Machine Thread - 0] INFO  server.XceiverServerGrpc (XceiverServerGrpc.java:start(163)) - XceiverServerGrpc 61649f92-8c0f-475a-818d-1064548aeef6 is started using port 36837
2019-09-20 10:24:52,551 | INFO  | SCMAudit | user=jenkins1000 | ip=192.168.36.99 | op=SEND_HEARTBEAT {datanodeUUID=6491c372-a595-4104-b3e9-c4f3293baafa, command=[]} | ret=SUCCESS |  
2019-09-20 10:24:52,552 | INFO  | SCMAudit | user=jenkins1000 | ip=192.168.36.99 | op=SEND_HEARTBEAT {datanodeUUID=1ab786b9-c79c-4265-88a1-5b3344c6beda, command=[]} | ret=SUCCESS |  
2019-09-20 10:24:52,552 | INFO  | SCMAudit | user=jenkins1000 | ip=192.168.36.99 | op=SEND_HEARTBEAT {datanodeUUID=3d6f3241-e73c-473a-ad0b-c7be2f7e1dda, command=[]} | ret=SUCCESS |  
2019-09-20 10:24:52,552 | INFO  | SCMAudit | user=jenkins1000 | ip=192.168.36.99 | op=SEND_HEARTBEAT {datanodeUUID=d2ed2d9b-7ac7-460e-84f6-6d9d6066f76d, command=[]} | ret=SUCCESS |  
2019-09-20 10:24:52,553 | INFO  | SCMAudit | user=jenkins1000 | ip=192.168.36.99 | op=SEND_HEARTBEAT {datanodeUUID=468be06f-55e9-4831-ba6b-3db017451a79, command=[]} | ret=SUCCESS |  
2019-09-20 10:24:52,553 | INFO  | SCMAudit | user=jenkins1000 | ip=192.168.36.99 | op=SEND_HEARTBEAT {datanodeUUID=19fb8383-7c99-4449-b95c-a26e71717844, command=[]} | ret=SUCCESS |  
2019-09-20 10:24:52,553 | INFO  | SCMAudit | user=jenkins1000 | ip=192.168.36.99 | op=SEND_HEARTBEAT {datanodeUUID=c3e532f8-1a8e-44f3-b56b-d765aee893af, command=[]} | ret=SUCCESS |  
2019-09-20 10:24:52,554 | INFO  | SCMAudit | user=jenkins1000 | ip=192.168.36.99 | op=SEND_HEARTBEAT {datanodeUUID=66416d0b-a71c-4af1-ae3a-62ca63b880a3, command=[]} | ret=SUCCESS |  
2019-09-20 10:24:52,554 | INFO  | SCMAudit | user=jenkins1000 | ip=192.168.36.99 | op=SEND_HEARTBEAT {datanodeUUID=17e2ba94-38a1-40e7-84e0-f6802901db84, command=[]} | ret=SUCCESS |  
2019-09-20 10:24:52,555 | INFO  | SCMAudit | user=jenkins1000 | ip=192.168.36.99 | op=SEND_HEARTBEAT {datanodeUUID=4d972e91-cb6b-45de-8bd2-c18af7abe58b, command=[]} | ret=SUCCESS |  
2019-09-20 10:24:52,555 | INFO  | SCMAudit | user=jenkins1000 | ip=192.168.36.99 | op=SEND_HEARTBEAT {datanodeUUID=9e03ffa9-cf79-407a-a150-4c035e5aec5e, command=[]} | ret=SUCCESS |  
2019-09-20 10:24:52,555 | INFO  | SCMAudit | user=jenkins1000 | ip=192.168.36.99 | op=SEND_HEARTBEAT {datanodeUUID=54207fe5-d92c-4c2e-b058-fbae630dabef, command=[]} | ret=SUCCESS |  
2019-09-20 10:24:52,555 | INFO  | SCMAudit | user=jenkins1000 | ip=192.168.36.99 | op=SEND_HEARTBEAT {datanodeUUID=7af711bd-b5ae-4a73-a8be-b970cae6c2d1, command=[]} | ret=SUCCESS |  
2019-09-20 10:24:52,555 | INFO  | SCMAudit | user=jenkins1000 | ip=192.168.36.99 | op=SEND_HEARTBEAT {datanodeUUID=60260ec1-e192-4b95-89c8-d924d16a77a9, command=[]} | ret=SUCCESS |  
2019-09-20 10:24:52,692 | INFO  | ObjectStoreRestHttpServer | Listening HDDS REST traffic on /0.0.0.0:33146 |  
2019-09-20 10:24:52,692 [main] INFO  ozone.HddsDatanodeService (HddsDatanodeService.java:startPlugins(395)) - Started plug-in org.apache.hadoop.ozone.web.OzoneHddsDatanodeService@1885905b
2019-09-20 10:24:52,693 [main] INFO  ozone.MiniOzoneClusterImpl (MiniOzoneClusterImpl.java:lambda$waitForClusterToBeReady$0(142)) - Waiting for cluster to be ready. Got 0 of 7 DN Heartbeats.
2019-09-20 10:24:52,694 [org.apache.hadoop.util.JvmPauseMonitor$Monitor@67b5e090] INFO  util.JvmPauseMonitor (JvmPauseMonitor.java:run(188)) - Starting JVM pause monitor
2019-09-20 10:24:52,696 [Datanode State Machine Thread - 0] INFO  datanode.InitDatanodeState (InitDatanodeState.java:persistContainerDatanodeDetails(140)) - DatanodeDetails is persisted to /workdir/hadoop-ozone/integration-test/target/test-dir/MiniOzoneClusterImpl-806821b2-061b-4172-afaf-fb68ff5248bd/datanode-6/meta/datanode.id
2019-09-20 10:24:52,829 | INFO  | SCMAudit | user=jenkins1000 | ip=192.168.36.99 | op=GET_VERSION null | ret=SUCCESS |  
2019-09-20 10:24:52,861 [Datanode State Machine Thread - 0] INFO  ozoneimpl.OzoneContainer (OzoneContainer.java:start(186)) - Attempting to start container services.
2019-09-20 10:24:52,862 [Datanode State Machine Thread - 0] INFO  ozoneimpl.OzoneContainer (OzoneContainer.java:startContainerScrub(160)) - Background container scrubber has been disabled by hdds.containerscrub.enabled
2019-09-20 10:24:52,862 [Datanode State Machine Thread - 0] INFO  ratis.XceiverServerRatis (XceiverServerRatis.java:start(404)) - Starting XceiverServerRatis e8013689-2f13-4aaf-8a03-99f419c430ec at port 0
2019-09-20 10:24:52,871 [Datanode State Machine Thread - 0] INFO  impl.RaftServerProxy (RaftServerProxy.java:lambda$start$3(299)) - e8013689-2f13-4aaf-8a03-99f419c430ec: start RPC server
2019-09-20 10:24:52,872 [Datanode State Machine Thread - 0] INFO  server.GrpcService (GrpcService.java:startImpl(149)) - e8013689-2f13-4aaf-8a03-99f419c430ec: GrpcService started, listening on 0.0.0.0/0.0.0.0:43054
2019-09-20 10:24:52,872 [Datanode State Machine Thread - 0] INFO  ratis.XceiverServerRatis (XceiverServerRatis.java:start(414)) - XceiverServerRatis e8013689-2f13-4aaf-8a03-99f419c430ec is started using port 43054
2019-09-20 10:24:52,873 [Datanode State Machine Thread - 0] INFO  server.XceiverServerGrpc (XceiverServerGrpc.java:start(163)) - XceiverServerGrpc e8013689-2f13-4aaf-8a03-99f419c430ec is started using port 42873
2019-09-20 10:24:53,168 | INFO  | SCMAudit | user=jenkins1000 | ip=192.168.36.99 | op=GET_VERSION null | ret=SUCCESS |  
2019-09-20 10:24:53,186 [Datanode State Machine Thread - 0] INFO  ozoneimpl.OzoneContainer (OzoneContainer.java:start(186)) - Attempting to start container services.
2019-09-20 10:24:53,186 [Datanode State Machine Thread - 0] INFO  ozoneimpl.OzoneContainer (OzoneContainer.java:startContainerScrub(160)) - Background container scrubber has been disabled by hdds.containerscrub.enabled
2019-09-20 10:24:53,186 [Datanode State Machine Thread - 0] INFO  ratis.XceiverServerRatis (XceiverServerRatis.java:start(404)) - Starting XceiverServerRatis 136f1953-bb94-4097-a2d4-422a6782bee0 at port 0
2019-09-20 10:24:53,194 [Datanode State Machine Thread - 0] INFO  impl.RaftServerProxy (RaftServerProxy.java:lambda$start$3(299)) - 136f1953-bb94-4097-a2d4-422a6782bee0: start RPC server
2019-09-20 10:24:53,195 [Datanode State Machine Thread - 0] INFO  server.GrpcService (GrpcService.java:startImpl(149)) - 136f1953-bb94-4097-a2d4-422a6782bee0: GrpcService started, listening on 0.0.0.0/0.0.0.0:37121
2019-09-20 10:24:53,195 [Datanode State Machine Thread - 0] INFO  ratis.XceiverServerRatis (XceiverServerRatis.java:start(414)) - XceiverServerRatis 136f1953-bb94-4097-a2d4-422a6782bee0 is started using port 37121
2019-09-20 10:24:53,205 [Datanode State Machine Thread - 0] INFO  server.XceiverServerGrpc (XceiverServerGrpc.java:start(163)) - XceiverServerGrpc 136f1953-bb94-4097-a2d4-422a6782bee0 is started using port 42882
2019-09-20 10:24:53,504 | INFO  | SCMAudit | user=jenkins1000 | ip=192.168.36.99 | op=GET_VERSION null | ret=SUCCESS |  
2019-09-20 10:24:53,524 [Datanode State Machine Thread - 0] INFO  ozoneimpl.OzoneContainer (OzoneContainer.java:start(186)) - Attempting to start container services.
2019-09-20 10:24:53,525 [Datanode State Machine Thread - 0] INFO  ozoneimpl.OzoneContainer (OzoneContainer.java:startContainerScrub(160)) - Background container scrubber has been disabled by hdds.containerscrub.enabled
2019-09-20 10:24:53,525 [Datanode State Machine Thread - 0] INFO  ratis.XceiverServerRatis (XceiverServerRatis.java:start(404)) - Starting XceiverServerRatis cff8bf6b-8d20-4327-9f29-08a3c2b49247 at port 0
2019-09-20 10:24:53,532 [Datanode State Machine Thread - 0] INFO  impl.RaftServerProxy (RaftServerProxy.java:lambda$start$3(299)) - cff8bf6b-8d20-4327-9f29-08a3c2b49247: start RPC server
2019-09-20 10:24:53,533 [Datanode State Machine Thread - 0] INFO  server.GrpcService (GrpcService.java:startImpl(149)) - cff8bf6b-8d20-4327-9f29-08a3c2b49247: GrpcService started, listening on 0.0.0.0/0.0.0.0:46163
2019-09-20 10:24:53,534 [Datanode State Machine Thread - 0] INFO  ratis.XceiverServerRatis (XceiverServerRatis.java:start(414)) - XceiverServerRatis cff8bf6b-8d20-4327-9f29-08a3c2b49247 is started using port 46163
2019-09-20 10:24:53,534 [Datanode State Machine Thread - 0] INFO  server.XceiverServerGrpc (XceiverServerGrpc.java:start(163)) - XceiverServerGrpc cff8bf6b-8d20-4327-9f29-08a3c2b49247 is started using port 35585
2019-09-20 10:24:53,552 | INFO  | SCMAudit | user=jenkins1000 | ip=192.168.36.99 | op=SEND_HEARTBEAT {datanodeUUID=6491c372-a595-4104-b3e9-c4f3293baafa, command=[]} | ret=SUCCESS |  
2019-09-20 10:24:53,552 | INFO  | SCMAudit | user=jenkins1000 | ip=192.168.36.99 | op=SEND_HEARTBEAT {datanodeUUID=3d6f3241-e73c-473a-ad0b-c7be2f7e1dda, command=[]} | ret=SUCCESS |  
2019-09-20 10:24:53,552 | INFO  | SCMAudit | user=jenkins1000 | ip=192.168.36.99 | op=SEND_HEARTBEAT {datanodeUUID=d2ed2d9b-7ac7-460e-84f6-6d9d6066f76d, command=[]} | ret=SUCCESS |  
2019-09-20 10:24:53,552 | INFO  | SCMAudit | user=jenkins1000 | ip=192.168.36.99 | op=SEND_HEARTBEAT {datanodeUUID=1ab786b9-c79c-4265-88a1-5b3344c6beda, command=[]} | ret=SUCCESS |  
2019-09-20 10:24:53,553 | INFO  | SCMAudit | user=jenkins1000 | ip=192.168.36.99 | op=SEND_HEARTBEAT {datanodeUUID=19fb8383-7c99-4449-b95c-a26e71717844, command=[]} | ret=SUCCESS |  
2019-09-20 10:24:53,553 | INFO  | SCMAudit | user=jenkins1000 | ip=192.168.36.99 | op=SEND_HEARTBEAT {datanodeUUID=468be06f-55e9-4831-ba6b-3db017451a79, command=[]} | ret=SUCCESS |  
2019-09-20 10:24:53,553 | INFO  | SCMAudit | user=jenkins1000 | ip=192.168.36.99 | op=SEND_HEARTBEAT {datanodeUUID=c3e532f8-1a8e-44f3-b56b-d765aee893af, command=[]} | ret=SUCCESS |  
2019-09-20 10:24:53,555 | INFO  | SCMAudit | user=jenkins1000 | ip=192.168.36.99 | op=SEND_HEARTBEAT {datanodeUUID=66416d0b-a71c-4af1-ae3a-62ca63b880a3, command=[]} | ret=SUCCESS |  
2019-09-20 10:24:53,555 | INFO  | SCMAudit | user=jenkins1000 | ip=192.168.36.99 | op=SEND_HEARTBEAT {datanodeUUID=17e2ba94-38a1-40e7-84e0-f6802901db84, command=[]} | ret=SUCCESS |  
2019-09-20 10:24:53,555 | INFO  | SCMAudit | user=jenkins1000 | ip=192.168.36.99 | op=SEND_HEARTBEAT {datanodeUUID=4d972e91-cb6b-45de-8bd2-c18af7abe58b, command=[]} | ret=SUCCESS |  
2019-09-20 10:24:53,556 | INFO  | SCMAudit | user=jenkins1000 | ip=192.168.36.99 | op=SEND_HEARTBEAT {datanodeUUID=7af711bd-b5ae-4a73-a8be-b970cae6c2d1, command=[]} | ret=SUCCESS |  
2019-09-20 10:24:53,557 | INFO  | SCMAudit | user=jenkins1000 | ip=192.168.36.99 | op=SEND_HEARTBEAT {datanodeUUID=54207fe5-d92c-4c2e-b058-fbae630dabef, command=[]} | ret=SUCCESS |  
2019-09-20 10:24:53,557 | INFO  | SCMAudit | user=jenkins1000 | ip=192.168.36.99 | op=SEND_HEARTBEAT {datanodeUUID=60260ec1-e192-4b95-89c8-d924d16a77a9, command=[]} | ret=SUCCESS |  
2019-09-20 10:24:53,557 | INFO  | SCMAudit | user=jenkins1000 | ip=192.168.36.99 | op=SEND_HEARTBEAT {datanodeUUID=9e03ffa9-cf79-407a-a150-4c035e5aec5e, command=[]} | ret=SUCCESS |  
2019-09-20 10:24:53,693 [main] INFO  ozone.MiniOzoneClusterImpl (MiniOzoneClusterImpl.java:lambda$waitForClusterToBeReady$0(142)) - Waiting for cluster to be ready. Got 0 of 7 DN Heartbeats.
2019-09-20 10:24:53,899 | INFO  | SCMAudit | user=jenkins1000 | ip=192.168.36.99 | op=GET_VERSION null | ret=SUCCESS |  
2019-09-20 10:24:53,920 [Datanode State Machine Thread - 0] INFO  ozoneimpl.OzoneContainer (OzoneContainer.java:start(186)) - Attempting to start container services.
2019-09-20 10:24:53,921 [Datanode State Machine Thread - 0] INFO  ozoneimpl.OzoneContainer (OzoneContainer.java:startContainerScrub(160)) - Background container scrubber has been disabled by hdds.containerscrub.enabled
2019-09-20 10:24:53,921 [Datanode State Machine Thread - 0] INFO  ratis.XceiverServerRatis (XceiverServerRatis.java:start(404)) - Starting XceiverServerRatis b5962e8e-c9f1-48aa-8eb4-d8f74b8afdbe at port 0
2019-09-20 10:24:53,928 [Datanode State Machine Thread - 0] INFO  impl.RaftServerProxy (RaftServerProxy.java:lambda$start$3(299)) - b5962e8e-c9f1-48aa-8eb4-d8f74b8afdbe: start RPC server
2019-09-20 10:24:53,929 [Datanode State Machine Thread - 0] INFO  server.GrpcService (GrpcService.java:startImpl(149)) - b5962e8e-c9f1-48aa-8eb4-d8f74b8afdbe: GrpcService started, listening on 0.0.0.0/0.0.0.0:39222
2019-09-20 10:24:53,929 [Datanode State Machine Thread - 0] INFO  ratis.XceiverServerRatis (XceiverServerRatis.java:start(414)) - XceiverServerRatis b5962e8e-c9f1-48aa-8eb4-d8f74b8afdbe is started using port 39222
2019-09-20 10:24:53,930 [Datanode State Machine Thread - 0] INFO  server.XceiverServerGrpc (XceiverServerGrpc.java:start(163)) - XceiverServerGrpc b5962e8e-c9f1-48aa-8eb4-d8f74b8afdbe is started using port 38540
2019-09-20 10:24:54,376 | INFO  | SCMAudit | user=jenkins1000 | ip=192.168.36.99 | op=GET_VERSION null | ret=SUCCESS |  
2019-09-20 10:24:54,396 [Datanode State Machine Thread - 0] INFO  ozoneimpl.OzoneContainer (OzoneContainer.java:start(186)) - Attempting to start container services.
2019-09-20 10:24:54,396 [Datanode State Machine Thread - 0] INFO  ozoneimpl.OzoneContainer (OzoneContainer.java:startContainerScrub(160)) - Background container scrubber has been disabled by hdds.containerscrub.enabled
2019-09-20 10:24:54,396 [Datanode State Machine Thread - 0] INFO  ratis.XceiverServerRatis (XceiverServerRatis.java:start(404)) - Starting XceiverServerRatis bb8f5112-316d-4974-a5a6-f698f3fbb5be at port 0
2019-09-20 10:24:54,404 [Datanode State Machine Thread - 0] INFO  impl.RaftServerProxy (RaftServerProxy.java:lambda$start$3(299)) - bb8f5112-316d-4974-a5a6-f698f3fbb5be: start RPC server
2019-09-20 10:24:54,405 [Datanode State Machine Thread - 0] INFO  server.GrpcService (GrpcService.java:startImpl(149)) - bb8f5112-316d-4974-a5a6-f698f3fbb5be: GrpcService started, listening on 0.0.0.0/0.0.0.0:38352
2019-09-20 10:24:54,405 [Datanode State Machine Thread - 0] INFO  ratis.XceiverServerRatis (XceiverServerRatis.java:start(414)) - XceiverServerRatis bb8f5112-316d-4974-a5a6-f698f3fbb5be is started using port 38352
2019-09-20 10:24:54,405 [Datanode State Machine Thread - 0] INFO  server.XceiverServerGrpc (XceiverServerGrpc.java:start(163)) - XceiverServerGrpc bb8f5112-316d-4974-a5a6-f698f3fbb5be is started using port 41590
2019-09-20 10:24:54,489 [IPC Server handler 2 on 37594] INFO  net.NetworkTopology (NetworkTopologyImpl.java:add(110)) - Added a new node: /default-rack/61649f92-8c0f-475a-818d-1064548aeef6
2019-09-20 10:24:54,494 [IPC Server handler 2 on 37594] INFO  node.SCMNodeManager (SCMNodeManager.java:register(273)) - Registered Data node : 61649f92-8c0f-475a-818d-1064548aeef6{ip: 192.168.36.99, host: pr-hdds-1569-p5fx8-1226042367, networkLocation: /default-rack, certSerialId: null}
2019-09-20 10:24:54,495 [EventQueue-NodeRegistrationContainerReportForDataNodeSafeModeRule] INFO  safemode.SCMSafeModeManager (DataNodeSafeModeRule.java:process(71)) - SCM in safe mode. 1 DataNodes registered, 1 required.
2019-09-20 10:24:54,500 [EventQueue-NodeRegistrationContainerReportForContainerSafeModeRule] INFO  safemode.SCMSafeModeManager (SCMSafeModeManager.java:validateSafeModeExitRules(177)) - ScmSafeModeManager, all rules are successfully validated
2019-09-20 10:24:54,495 | INFO  | SCMAudit | user=jenkins1000 | ip=192.168.36.99 | op=REGISTER {datanodeDetails=61649f92-8c0f-475a-818d-1064548aeef6{ip: 192.168.36.99, host: pr-hdds-1569-p5fx8-1226042367, networkLocation: /default-rack, certSerialId: null}} | ret=SUCCESS |  
2019-09-20 10:24:54,500 [EventQueue-NodeRegistrationContainerReportForContainerSafeModeRule] INFO  safemode.SCMSafeModeManager (SCMSafeModeManager.java:exitSafeMode(193)) - SCM exiting safe mode.
2019-09-20 10:24:54,516 [grpc-default-executor-4] INFO  impl.RaftServerProxy (RaftServerProxy.java:addNew(89)) - 61649f92-8c0f-475a-818d-1064548aeef6: addNew group-0E77731DA77C:[61649f92-8c0f-475a-818d-1064548aeef6:192.168.36.99:43150] returns group-0E77731DA77C:java.util.concurrent.CompletableFuture@6f5c78ec[Not completed]
2019-09-20 10:24:54,517 [pool-218-thread-1] INFO  impl.RaftServerImpl (RaftServerImpl.java:<init>(93)) - 61649f92-8c0f-475a-818d-1064548aeef6: new RaftServerImpl for group-0E77731DA77C:[61649f92-8c0f-475a-818d-1064548aeef6:192.168.36.99:43150] with ContainerStateMachine:uninitialized
2019-09-20 10:24:54,518 [pool-218-thread-1] INFO  server.RaftServerConfigKeys (ConfUtils.java:logGet(43)) - raft.server.rpc.timeout.min = 5s (custom)
2019-09-20 10:24:54,518 [pool-218-thread-1] INFO  server.RaftServerConfigKeys (ConfUtils.java:logGet(43)) - raft.server.rpc.timeout.max = 5200ms (custom)
2019-09-20 10:24:54,518 [pool-218-thread-1] INFO  server.RaftServerConfigKeys (ConfUtils.java:logGet(43)) - raft.server.rpcslowness.timeout = 120s (custom)
2019-09-20 10:24:54,518 [pool-218-thread-1] INFO  server.RaftServerConfigKeys (ConfUtils.java:logGet(43)) - raft.server.sleep.deviation.threshold = 300 (default)
2019-09-20 10:24:54,518 [pool-218-thread-1] INFO  server.RaftServerConfigKeys (ConfUtils.java:logGet(43)) - raft.server.log.appender.install.snapshot.enabled = false (custom)
2019-09-20 10:24:54,518 [pool-218-thread-1] INFO  impl.RaftServerImpl (ServerState.java:<init>(105)) - 61649f92-8c0f-475a-818d-1064548aeef6:group-0E77731DA77C ConfigurationManager, init=-1: [61649f92-8c0f-475a-818d-1064548aeef6:192.168.36.99:43150], old=null, confs=<EMPTY_MAP>
2019-09-20 10:24:54,519 [pool-218-thread-1] INFO  server.RaftServerConfigKeys (ConfUtils.java:logGet(43)) - raft.server.storage.dir = [/workdir/hadoop-ozone/integration-test/target/test-dir/MiniOzoneClusterImpl-806821b2-061b-4172-afaf-fb68ff5248bd/datanode-0/data/ratis] (custom)
2019-09-20 10:24:54,519 [pool-218-thread-1] INFO  storage.RaftStorageDirectory (RaftStorageDirectory.java:analyzeStorage(246)) - The storage directory /workdir/hadoop-ozone/integration-test/target/test-dir/MiniOzoneClusterImpl-806821b2-061b-4172-afaf-fb68ff5248bd/datanode-0/data/ratis/df9ffc0a-3283-420d-bf01-0e77731da77c does not exist. Creating ...
2019-09-20 10:24:54,535 [pool-218-thread-1] INFO  storage.RaftStorageDirectory (RaftStorageDirectory.java:tryLock(328)) - Lock on /workdir/hadoop-ozone/integration-test/target/test-dir/MiniOzoneClusterImpl-806821b2-061b-4172-afaf-fb68ff5248bd/datanode-0/data/ratis/df9ffc0a-3283-420d-bf01-0e77731da77c/in_use.lock acquired by nodename 28506@pr-hdds-1569-p5fx8-1226042367
2019-09-20 10:24:54,551 | INFO  | SCMAudit | user=jenkins1000 | ip=192.168.36.99 | op=SEND_HEARTBEAT {datanodeUUID=6491c372-a595-4104-b3e9-c4f3293baafa, command=[]} | ret=SUCCESS |  
2019-09-20 10:24:54,552 | INFO  | SCMAudit | user=jenkins1000 | ip=192.168.36.99 | op=SEND_HEARTBEAT {datanodeUUID=3d6f3241-e73c-473a-ad0b-c7be2f7e1dda, command=[]} | ret=SUCCESS |  
2019-09-20 10:24:54,552 | INFO  | SCMAudit | user=jenkins1000 | ip=192.168.36.99 | op=SEND_HEARTBEAT {datanodeUUID=d2ed2d9b-7ac7-460e-84f6-6d9d6066f76d, command=[]} | ret=SUCCESS |  
2019-09-20 10:24:54,552 | INFO  | SCMAudit | user=jenkins1000 | ip=192.168.36.99 | op=SEND_HEARTBEAT {datanodeUUID=468be06f-55e9-4831-ba6b-3db017451a79, command=[]} | ret=SUCCESS |  
2019-09-20 10:24:54,553 | INFO  | SCMAudit | user=jenkins1000 | ip=192.168.36.99 | op=SEND_HEARTBEAT {datanodeUUID=1ab786b9-c79c-4265-88a1-5b3344c6beda, command=[]} | ret=SUCCESS |  
2019-09-20 10:24:54,553 | INFO  | SCMAudit | user=jenkins1000 | ip=192.168.36.99 | op=SEND_HEARTBEAT {datanodeUUID=19fb8383-7c99-4449-b95c-a26e71717844, command=[]} | ret=SUCCESS |  
2019-09-20 10:24:54,554 | INFO  | SCMAudit | user=jenkins1000 | ip=192.168.36.99 | op=SEND_HEARTBEAT {datanodeUUID=c3e532f8-1a8e-44f3-b56b-d765aee893af, command=[]} | ret=SUCCESS |  
2019-09-20 10:24:54,555 | INFO  | SCMAudit | user=jenkins1000 | ip=192.168.36.99 | op=SEND_HEARTBEAT {datanodeUUID=17e2ba94-38a1-40e7-84e0-f6802901db84, command=[]} | ret=SUCCESS |  
2019-09-20 10:24:54,555 | INFO  | SCMAudit | user=jenkins1000 | ip=192.168.36.99 | op=SEND_HEARTBEAT {datanodeUUID=66416d0b-a71c-4af1-ae3a-62ca63b880a3, command=[]} | ret=SUCCESS |  
2019-09-20 10:24:54,555 [pool-218-thread-1] INFO  storage.RaftStorage (RaftStorage.java:format(72)) - Storage directory /workdir/hadoop-ozone/integration-test/target/test-dir/MiniOzoneClusterImpl-806821b2-061b-4172-afaf-fb68ff5248bd/datanode-0/data/ratis/df9ffc0a-3283-420d-bf01-0e77731da77c has been successfully formatted.
2019-09-20 10:24:54,555 | INFO  | SCMAudit | user=jenkins1000 | ip=192.168.36.99 | op=SEND_HEARTBEAT {datanodeUUID=4d972e91-cb6b-45de-8bd2-c18af7abe58b, command=[]} | ret=SUCCESS |  
2019-09-20 10:24:54,555 [pool-218-thread-1] INFO  ratis.ContainerStateMachine (ContainerStateMachine.java:loadSnapshot(226)) - group-0E77731DA77C: The snapshot info is null. Setting the last applied indexto:(t:0, i:~)
2019-09-20 10:24:54,555 | INFO  | SCMAudit | user=jenkins1000 | ip=192.168.36.99 | op=SEND_HEARTBEAT {datanodeUUID=9e03ffa9-cf79-407a-a150-4c035e5aec5e, command=[]} | ret=SUCCESS |  
2019-09-20 10:24:54,556 | INFO  | SCMAudit | user=jenkins1000 | ip=192.168.36.99 | op=SEND_HEARTBEAT {datanodeUUID=7af711bd-b5ae-4a73-a8be-b970cae6c2d1, command=[]} | ret=SUCCESS |  
2019-09-20 10:24:54,556 [pool-218-thread-1] INFO  server.RaftServerConfigKeys (ConfUtils.java:logGet(43)) - raft.server.leader.election.timeout = 120s (custom)
2019-09-20 10:24:54,556 [pool-218-thread-1] INFO  server.RaftServerConfigKeys (ConfUtils.java:logGet(43)) - raft.server.log.use.memory = false (default)
2019-09-20 10:24:54,556 | INFO  | SCMAudit | user=jenkins1000 | ip=192.168.36.99 | op=SEND_HEARTBEAT {datanodeUUID=54207fe5-d92c-4c2e-b058-fbae630dabef, command=[]} | ret=SUCCESS |  
2019-09-20 10:24:54,556 | INFO  | SCMAudit | user=jenkins1000 | ip=192.168.36.99 | op=SEND_HEARTBEAT {datanodeUUID=60260ec1-e192-4b95-89c8-d924d16a77a9, command=[]} | ret=SUCCESS |  
2019-09-20 10:24:54,556 [pool-218-thread-1] INFO  server.RaftServerConfigKeys (ConfUtils.java:logGet(43)) - raft.server.log.purge.gap = 1000000 (custom)
2019-09-20 10:24:54,556 [pool-218-thread-1] INFO  server.RaftServerConfigKeys (ConfUtils.java:logGet(43)) - raft.server.log.appender.buffer.byte-limit = 33554432 (custom)
2019-09-20 10:24:54,556 [pool-218-thread-1] INFO  server.RaftServerConfigKeys (ConfUtils.java:logGet(43)) - raft.server.log.segment.size.max = 1048576 (custom)
2019-09-20 10:24:54,556 [pool-218-thread-1] INFO  server.RaftServerConfigKeys (ConfUtils.java:logGet(43)) - raft.server.log.segment.cache.num.max = 2 (custom)
2019-09-20 10:24:54,557 [pool-218-thread-1] INFO  segmented.SegmentedRaftLogWorker (SegmentedRaftLogWorker.java:<init>(172)) - new 61649f92-8c0f-475a-818d-1064548aeef6-SegmentedRaftLogWorker:Storage Directory /workdir/hadoop-ozone/integration-test/target/test-dir/MiniOzoneClusterImpl-806821b2-061b-4172-afaf-fb68ff5248bd/datanode-0/data/ratis/df9ffc0a-3283-420d-bf01-0e77731da77c for RaftStorage:Storage Directory /workdir/hadoop-ozone/integration-test/target/test-dir/MiniOzoneClusterImpl-806821b2-061b-4172-afaf-fb68ff5248bd/datanode-0/data/ratis/df9ffc0a-3283-420d-bf01-0e77731da77c
2019-09-20 10:24:54,557 [pool-218-thread-1] INFO  server.RaftServerConfigKeys (ConfUtils.java:logGet(43)) - raft.server.log.queue.byte-limit = 2147483647 (custom)
2019-09-20 10:24:54,557 [pool-218-thread-1] INFO  server.RaftServerConfigKeys (ConfUtils.java:logGet(43)) - raft.server.log.queue.element-limit = 1024 (custom)
2019-09-20 10:24:54,557 [pool-218-thread-1] INFO  server.RaftServerConfigKeys (ConfUtils.java:logGet(43)) - raft.server.log.segment.size.max = 1048576 (custom)
2019-09-20 10:24:54,558 [pool-218-thread-1] INFO  server.RaftServerConfigKeys (ConfUtils.java:logGet(43)) - raft.server.log.preallocated.size = 16384 (custom)
2019-09-20 10:24:54,558 [pool-218-thread-1] INFO  server.RaftServerConfigKeys (ConfUtils.java:logGet(43)) - raft.server.log.write.buffer.size = 33554432 (custom)
2019-09-20 10:24:54,558 [pool-218-thread-1] INFO  server.RaftServerConfigKeys (ConfUtils.java:logGet(43)) - raft.server.log.force.sync.num = 128 (default)
2019-09-20 10:24:54,558 [pool-218-thread-1] INFO  server.RaftServerConfigKeys (ConfUtils.java:logGet(43)) - raft.server.log.statemachine.data.sync = true (default)
2019-09-20 10:24:54,558 [pool-218-thread-1] INFO  server.RaftServerConfigKeys (ConfUtils.java:logGet(43)) - raft.server.log.statemachine.data.sync.timeout = 10s (default)
2019-09-20 10:24:54,558 [pool-218-thread-1] INFO  server.RaftServerConfigKeys (ConfUtils.java:logGet(43)) - raft.server.log.statemachine.data.sync.timeout.retry = -1 (default)
2019-09-20 10:24:54,559 [pool-218-thread-1] INFO  server.RaftServerConfigKeys (ConfUtils.java:logGet(43)) - raft.server.log.statemachine.data.caching.enabled = true (custom)
2019-09-20 10:24:54,559 [pool-218-thread-1] INFO  segmented.SegmentedRaftLogWorker (SegmentedRaftLogWorker.java:lambda$new$0(132)) - 61649f92-8c0f-475a-818d-1064548aeef6-SegmentedRaftLogWorker:Storage Directory /workdir/hadoop-ozone/integration-test/target/test-dir/MiniOzoneClusterImpl-806821b2-061b-4172-afaf-fb68ff5248bd/datanode-0/data/ratis/df9ffc0a-3283-420d-bf01-0e77731da77c: flushIndex: setUnconditionally 0 -> -1
2019-09-20 10:24:54,559 [pool-218-thread-1] INFO  server.RaftServerConfigKeys (ConfUtils.java:logGet(43)) - raft.server.snapshot.auto.trigger.enabled = true (custom)
2019-09-20 10:24:54,560 [pool-218-thread-1] INFO  server.RaftServerConfigKeys (ConfUtils.java:logGet(43)) - raft.server.snapshot.auto.trigger.threshold = 10000 (custom)
2019-09-20 10:24:54,560 [pool-218-thread-1] INFO  server.RaftServerConfigKeys (ConfUtils.java:logGet(43)) - raft.server.retrycache.expirytime = 600000ms (custom)
2019-09-20 10:24:54,560 [pool-218-thread-1] INFO  impl.RaftServerImpl (RaftServerImpl.java:start(180)) - 61649f92-8c0f-475a-818d-1064548aeef6: start group-0E77731DA77C
2019-09-20 10:24:54,560 [pool-218-thread-1] INFO  impl.RaftServerImpl (RaftServerImpl.java:setRole(171)) - 61649f92-8c0f-475a-818d-1064548aeef6:group-0E77731DA77C changes role from null to FOLLOWER at term 0 for startAsFollower
2019-09-20 10:24:54,560 [pool-218-thread-1] INFO  impl.RoleInfo (RoleInfo.java:updateAndGet(143)) - 61649f92-8c0f-475a-818d-1064548aeef6: start FollowerState
2019-09-20 10:24:54,561 [pool-218-thread-1] INFO  util.JmxRegister (JmxRegister.java:tryRegister(44)) - Successfully registered JMX Bean with object name Ratis:service=RaftServer,group=group-0E77731DA77C,id=61649f92-8c0f-475a-818d-1064548aeef6
2019-09-20 10:24:54,579 [RatisPipelineUtilsThread] INFO  pipeline.PipelineStateManager (PipelineStateManager.java:addPipeline(56)) - Created pipeline Pipeline[ Id: df9ffc0a-3283-420d-bf01-0e77731da77c, Nodes: 61649f92-8c0f-475a-818d-1064548aeef6{ip: 192.168.36.99, host: pr-hdds-1569-p5fx8-1226042367, networkLocation: /default-rack, certSerialId: null}, Type:RATIS, Factor:ONE, State:OPEN]
2019-09-20 10:24:54,585 [grpc-default-executor-4] INFO  impl.RaftServerProxy (RaftServerProxy.java:addNew(89)) - 61649f92-8c0f-475a-818d-1064548aeef6: addNew group-9225348034EC:[61649f92-8c0f-475a-818d-1064548aeef6:192.168.36.99:43150] returns group-9225348034EC:java.util.concurrent.CompletableFuture@6a400701[Not completed]
2019-09-20 10:24:54,586 [pool-218-thread-1] INFO  impl.RaftServerImpl (RaftServerImpl.java:<init>(93)) - 61649f92-8c0f-475a-818d-1064548aeef6: new RaftServerImpl for group-9225348034EC:[61649f92-8c0f-475a-818d-1064548aeef6:192.168.36.99:43150] with ContainerStateMachine:uninitialized
2019-09-20 10:24:54,586 [pool-218-thread-1] INFO  server.RaftServerConfigKeys (ConfUtils.java:logGet(43)) - raft.server.rpc.timeout.min = 5s (custom)
2019-09-20 10:24:54,586 [pool-218-thread-1] INFO  server.RaftServerConfigKeys (ConfUtils.java:logGet(43)) - raft.server.rpc.timeout.max = 5200ms (custom)
2019-09-20 10:24:54,586 [pool-218-thread-1] INFO  server.RaftServerConfigKeys (ConfUtils.java:logGet(43)) - raft.server.rpcslowness.timeout = 120s (custom)
2019-09-20 10:24:54,587 [pool-218-thread-1] INFO  server.RaftServerConfigKeys (ConfUtils.java:logGet(43)) - raft.server.sleep.deviation.threshold = 300 (default)
2019-09-20 10:24:54,587 [pool-218-thread-1] INFO  server.RaftServerConfigKeys (ConfUtils.java:logGet(43)) - raft.server.log.appender.install.snapshot.enabled = false (custom)
2019-09-20 10:24:54,587 [pool-218-thread-1] INFO  impl.RaftServerImpl (ServerState.java:<init>(105)) - 61649f92-8c0f-475a-818d-1064548aeef6:group-9225348034EC ConfigurationManager, init=-1: [61649f92-8c0f-475a-818d-1064548aeef6:192.168.36.99:43150], old=null, confs=<EMPTY_MAP>
2019-09-20 10:24:54,587 [pool-218-thread-1] INFO  server.RaftServerConfigKeys (ConfUtils.java:logGet(43)) - raft.server.storage.dir = [/workdir/hadoop-ozone/integration-test/target/test-dir/MiniOzoneClusterImpl-806821b2-061b-4172-afaf-fb68ff5248bd/datanode-0/data/ratis] (custom)
2019-09-20 10:24:54,587 [pool-218-thread-1] INFO  storage.RaftStorageDirectory (RaftStorageDirectory.java:analyzeStorage(246)) - The storage directory /workdir/hadoop-ozone/integration-test/target/test-dir/MiniOzoneClusterImpl-806821b2-061b-4172-afaf-fb68ff5248bd/datanode-0/data/ratis/a7ea21ff-7ca2-43cb-83e3-9225348034ec does not exist. Creating ...
2019-09-20 10:24:54,608 [pool-218-thread-1] INFO  storage.RaftStorageDirectory (RaftStorageDirectory.java:tryLock(328)) - Lock on /workdir/hadoop-ozone/integration-test/target/test-dir/MiniOzoneClusterImpl-806821b2-061b-4172-afaf-fb68ff5248bd/datanode-0/data/ratis/a7ea21ff-7ca2-43cb-83e3-9225348034ec/in_use.lock acquired by nodename 28506@pr-hdds-1569-p5fx8-1226042367
2019-09-20 10:24:54,627 [pool-218-thread-1] INFO  storage.RaftStorage (RaftStorage.java:format(72)) - Storage directory /workdir/hadoop-ozone/integration-test/target/test-dir/MiniOzoneClusterImpl-806821b2-061b-4172-afaf-fb68ff5248bd/datanode-0/data/ratis/a7ea21ff-7ca2-43cb-83e3-9225348034ec has been successfully formatted.
2019-09-20 10:24:54,627 [pool-218-thread-1] INFO  ratis.ContainerStateMachine (ContainerStateMachine.java:loadSnapshot(226)) - group-9225348034EC: The snapshot info is null. Setting the last applied indexto:(t:0, i:~)
2019-09-20 10:24:54,627 [pool-218-thread-1] INFO  server.RaftServerConfigKeys (ConfUtils.java:logGet(43)) - raft.server.leader.election.timeout = 120s (custom)
2019-09-20 10:24:54,627 [pool-218-thread-1] INFO  server.RaftServerConfigKeys (ConfUtils.java:logGet(43)) - raft.server.log.use.memory = false (default)
2019-09-20 10:24:54,627 [pool-218-thread-1] INFO  server.RaftServerConfigKeys (ConfUtils.java:logGet(43)) - raft.server.log.purge.gap = 1000000 (custom)
2019-09-20 10:24:54,628 [pool-218-thread-1] INFO  server.RaftServerConfigKeys (ConfUtils.java:logGet(43)) - raft.server.log.appender.buffer.byte-limit = 33554432 (custom)
2019-09-20 10:24:54,628 [pool-218-thread-1] INFO  server.RaftServerConfigKeys (ConfUtils.java:logGet(43)) - raft.server.log.segment.size.max = 1048576 (custom)
2019-09-20 10:24:54,628 [pool-218-thread-1] INFO  server.RaftServerConfigKeys (ConfUtils.java:logGet(43)) - raft.server.log.segment.cache.num.max = 2 (custom)
2019-09-20 10:24:54,628 [pool-218-thread-1] INFO  segmented.SegmentedRaftLogWorker (SegmentedRaftLogWorker.java:<init>(172)) - new 61649f92-8c0f-475a-818d-1064548aeef6-SegmentedRaftLogWorker:Storage Directory /workdir/hadoop-ozone/integration-test/target/test-dir/MiniOzoneClusterImpl-806821b2-061b-4172-afaf-fb68ff5248bd/datanode-0/data/ratis/a7ea21ff-7ca2-43cb-83e3-9225348034ec for RaftStorage:Storage Directory /workdir/hadoop-ozone/integration-test/target/test-dir/MiniOzoneClusterImpl-806821b2-061b-4172-afaf-fb68ff5248bd/datanode-0/data/ratis/a7ea21ff-7ca2-43cb-83e3-9225348034ec
2019-09-20 10:24:54,628 [pool-218-thread-1] INFO  server.RaftServerConfigKeys (ConfUtils.java:logGet(43)) - raft.server.log.queue.byte-limit = 2147483647 (custom)
2019-09-20 10:24:54,628 [pool-218-thread-1] INFO  server.RaftServerConfigKeys (ConfUtils.java:logGet(43)) - raft.server.log.queue.element-limit = 1024 (custom)
2019-09-20 10:24:54,628 [pool-218-thread-1] INFO  server.RaftServerConfigKeys (ConfUtils.java:logGet(43)) - raft.server.log.segment.size.max = 1048576 (custom)
2019-09-20 10:24:54,629 [pool-218-thread-1] INFO  server.RaftServerConfigKeys (ConfUtils.java:logGet(43)) - raft.server.log.preallocated.size = 16384 (custom)
2019-09-20 10:24:54,629 [pool-218-thread-1] INFO  server.RaftServerConfigKeys (ConfUtils.java:logGet(43)) - raft.server.log.write.buffer.size = 33554432 (custom)
2019-09-20 10:24:54,629 [pool-218-thread-1] INFO  server.RaftServerConfigKeys (ConfUtils.java:logGet(43)) - raft.server.log.force.sync.num = 128 (default)
2019-09-20 10:24:54,629 [pool-218-thread-1] INFO  server.RaftServerConfigKeys (ConfUtils.java:logGet(43)) - raft.server.log.statemachine.data.sync = true (default)
2019-09-20 10:24:54,629 [pool-218-thread-1] INFO  server.RaftServerConfigKeys (ConfUtils.java:logGet(43)) - raft.server.log.statemachine.data.sync.timeout = 10s (default)
2019-09-20 10:24:54,629 [pool-218-thread-1] INFO  server.RaftServerConfigKeys (ConfUtils.java:logGet(43)) - raft.server.log.statemachine.data.sync.timeout.retry = -1 (default)
2019-09-20 10:24:54,629 [pool-218-thread-1] INFO  server.RaftServerConfigKeys (ConfUtils.java:logGet(43)) - raft.server.log.statemachine.data.caching.enabled = true (custom)
2019-09-20 10:24:54,630 [pool-218-thread-1] INFO  segmented.SegmentedRaftLogWorker (SegmentedRaftLogWorker.java:lambda$new$0(132)) - 61649f92-8c0f-475a-818d-1064548aeef6-SegmentedRaftLogWorker:Storage Directory /workdir/hadoop-ozone/integration-test/target/test-dir/MiniOzoneClusterImpl-806821b2-061b-4172-afaf-fb68ff5248bd/datanode-0/data/ratis/a7ea21ff-7ca2-43cb-83e3-9225348034ec: flushIndex: setUnconditionally 0 -> -1
2019-09-20 10:24:54,630 [pool-218-thread-1] INFO  server.RaftServerConfigKeys (ConfUtils.java:logGet(43)) - raft.server.snapshot.auto.trigger.enabled = true (custom)
2019-09-20 10:24:54,630 [pool-218-thread-1] INFO  server.RaftServerConfigKeys (ConfUtils.java:logGet(43)) - raft.server.snapshot.auto.trigger.threshold = 10000 (custom)
2019-09-20 10:24:54,630 [pool-218-thread-1] INFO  server.RaftServerConfigKeys (ConfUtils.java:logGet(43)) - raft.server.retrycache.expirytime = 600000ms (custom)
2019-09-20 10:24:54,631 [pool-218-thread-1] INFO  impl.RaftServerImpl (RaftServerImpl.java:start(180)) - 61649f92-8c0f-475a-818d-1064548aeef6: start group-9225348034EC
2019-09-20 10:24:54,631 [pool-218-thread-1] INFO  impl.RaftServerImpl (RaftServerImpl.java:setRole(171)) - 61649f92-8c0f-475a-818d-1064548aeef6:group-9225348034EC changes role from null to FOLLOWER at term 0 for startAsFollower
2019-09-20 10:24:54,631 [pool-218-thread-1] INFO  impl.RoleInfo (RoleInfo.java:updateAndGet(143)) - 61649f92-8c0f-475a-818d-1064548aeef6: start FollowerState
2019-09-20 10:24:54,631 [pool-218-thread-1] INFO  util.JmxRegister (JmxRegister.java:tryRegister(44)) - Successfully registered JMX Bean with object name Ratis:service=RaftServer,group=group-9225348034EC,id=61649f92-8c0f-475a-818d-1064548aeef6
2019-09-20 10:24:54,634 [RatisPipelineUtilsThread] INFO  pipeline.PipelineStateManager (PipelineStateManager.java:addPipeline(56)) - Created pipeline Pipeline[ Id: a7ea21ff-7ca2-43cb-83e3-9225348034ec, Nodes: 61649f92-8c0f-475a-818d-1064548aeef6{ip: 192.168.36.99, host: pr-hdds-1569-p5fx8-1226042367, networkLocation: /default-rack, certSerialId: null}, Type:RATIS, Factor:ONE, State:OPEN]
2019-09-20 10:24:54,639 [grpc-default-executor-4] INFO  impl.RaftServerProxy (RaftServerProxy.java:addNew(89)) - 61649f92-8c0f-475a-818d-1064548aeef6: addNew group-5FC9C0484930:[61649f92-8c0f-475a-818d-1064548aeef6:192.168.36.99:43150] returns group-5FC9C0484930:java.util.concurrent.CompletableFuture@39733a78[Not completed]
2019-09-20 10:24:54,639 [pool-218-thread-1] INFO  impl.RaftServerImpl (RaftServerImpl.java:<init>(93)) - 61649f92-8c0f-475a-818d-1064548aeef6: new RaftServerImpl for group-5FC9C0484930:[61649f92-8c0f-475a-818d-1064548aeef6:192.168.36.99:43150] with ContainerStateMachine:uninitialized
2019-09-20 10:24:54,640 [pool-218-thread-1] INFO  server.RaftServerConfigKeys (ConfUtils.java:logGet(43)) - raft.server.rpc.timeout.min = 5s (custom)
2019-09-20 10:24:54,640 [pool-218-thread-1] INFO  server.RaftServerConfigKeys (ConfUtils.java:logGet(43)) - raft.server.rpc.timeout.max = 5200ms (custom)
2019-09-20 10:24:54,640 [pool-218-thread-1] INFO  server.RaftServerConfigKeys (ConfUtils.java:logGet(43)) - raft.server.rpcslowness.timeout = 120s (custom)
2019-09-20 10:24:54,640 [pool-218-thread-1] INFO  server.RaftServerConfigKeys (ConfUtils.java:logGet(43)) - raft.server.sleep.deviation.threshold = 300 (default)
2019-09-20 10:24:54,640 [pool-218-thread-1] INFO  server.RaftServerConfigKeys (ConfUtils.java:logGet(43)) - raft.server.log.appender.install.snapshot.enabled = false (custom)
2019-09-20 10:24:54,640 [pool-218-thread-1] INFO  impl.RaftServerImpl (ServerState.java:<init>(105)) - 61649f92-8c0f-475a-818d-1064548aeef6:group-5FC9C0484930 ConfigurationManager, init=-1: [61649f92-8c0f-475a-818d-1064548aeef6:192.168.36.99:43150], old=null, confs=<EMPTY_MAP>
2019-09-20 10:24:54,641 [pool-218-thread-1] INFO  server.RaftServerConfigKeys (ConfUtils.java:logGet(43)) - raft.server.storage.dir = [/workdir/hadoop-ozone/integration-test/target/test-dir/MiniOzoneClusterImpl-806821b2-061b-4172-afaf-fb68ff5248bd/datanode-0/data/ratis] (custom)
2019-09-20 10:24:54,641 [pool-218-thread-1] INFO  storage.RaftStorageDirectory (RaftStorageDirectory.java:analyzeStorage(246)) - The storage directory /workdir/hadoop-ozone/integration-test/target/test-dir/MiniOzoneClusterImpl-806821b2-061b-4172-afaf-fb68ff5248bd/datanode-0/data/ratis/3fc352d5-1630-4a4e-a32c-5fc9c0484930 does not exist. Creating ...
2019-09-20 10:24:54,694 [main] INFO  ozone.MiniOzoneClusterImpl (MiniOzoneClusterImpl.java:lambda$waitForClusterToBeReady$0(142)) - Waiting for cluster to be ready. Got 1 of 7 DN Heartbeats.
2019-09-20 10:24:54,695 | INFO  | SCMAudit | user=jenkins1000 | ip=192.168.36.99 | op=GET_VERSION null | ret=SUCCESS |  
2019-09-20 10:24:54,830 [IPC Server handler 3 on 37594] INFO  net.NetworkTopology (NetworkTopologyImpl.java:add(110)) - Added a new node: /default-rack/e8013689-2f13-4aaf-8a03-99f419c430ec
2019-09-20 10:24:54,830 [IPC Server handler 3 on 37594] INFO  node.SCMNodeManager (SCMNodeManager.java:register(273)) - Registered Data node : e8013689-2f13-4aaf-8a03-99f419c430ec{ip: 192.168.36.99, host: pr-hdds-1569-p5fx8-1226042367, networkLocation: /default-rack, certSerialId: null}
2019-09-20 10:24:54,831 | INFO  | SCMAudit | user=jenkins1000 | ip=192.168.36.99 | op=REGISTER {datanodeDetails=e8013689-2f13-4aaf-8a03-99f419c430ec{ip: 192.168.36.99, host: pr-hdds-1569-p5fx8-1226042367, networkLocation: /default-rack, certSerialId: null}} | ret=SUCCESS |  
2019-09-20 10:24:54,886 [pool-218-thread-1] INFO  storage.RaftStorageDirectory (RaftStorageDirectory.java:tryLock(328)) - Lock on /workdir/hadoop-ozone/integration-test/target/test-dir/MiniOzoneClusterImpl-806821b2-061b-4172-afaf-fb68ff5248bd/datanode-0/data/ratis/3fc352d5-1630-4a4e-a32c-5fc9c0484930/in_use.lock acquired by nodename 28506@pr-hdds-1569-p5fx8-1226042367
2019-09-20 10:24:54,888 [Datanode State Machine Thread - 0] INFO  ozoneimpl.OzoneContainer (OzoneContainer.java:start(186)) - Attempting to start container services.
2019-09-20 10:24:54,888 [Datanode State Machine Thread - 0] INFO  ozoneimpl.OzoneContainer (OzoneContainer.java:startContainerScrub(160)) - Background container scrubber has been disabled by hdds.containerscrub.enabled
2019-09-20 10:24:54,888 [Datanode State Machine Thread - 0] INFO  ratis.XceiverServerRatis (XceiverServerRatis.java:start(404)) - Starting XceiverServerRatis 99e70dd4-d763-4473-944c-c5628506dcf8 at port 0
2019-09-20 10:24:54,894 [Datanode State Machine Thread - 0] INFO  impl.RaftServerProxy (RaftServerProxy.java:lambda$start$3(299)) - 99e70dd4-d763-4473-944c-c5628506dcf8: start RPC server
2019-09-20 10:24:54,904 [Datanode State Machine Thread - 0] INFO  server.GrpcService (GrpcService.java:startImpl(149)) - 99e70dd4-d763-4473-944c-c5628506dcf8: GrpcService started, listening on 0.0.0.0/0.0.0.0:46869
2019-09-20 10:24:54,904 [Datanode State Machine Thread - 0] INFO  ratis.XceiverServerRatis (XceiverServerRatis.java:start(414)) - XceiverServerRatis 99e70dd4-d763-4473-944c-c5628506dcf8 is started using port 46869
2019-09-20 10:24:54,904 [Datanode State Machine Thread - 0] INFO  server.XceiverServerGrpc (XceiverServerGrpc.java:start(163)) - XceiverServerGrpc 99e70dd4-d763-4473-944c-c5628506dcf8 is started using port 43272
2019-09-20 10:24:54,923 [pool-218-thread-1] INFO  storage.RaftStorage (RaftStorage.java:format(72)) - Storage directory /workdir/hadoop-ozone/integration-test/target/test-dir/MiniOzoneClusterImpl-806821b2-061b-4172-afaf-fb68ff5248bd/datanode-0/data/ratis/3fc352d5-1630-4a4e-a32c-5fc9c0484930 has been successfully formatted.
2019-09-20 10:24:54,923 [pool-218-thread-1] INFO  ratis.ContainerStateMachine (ContainerStateMachine.java:loadSnapshot(226)) - group-5FC9C0484930: The snapshot info is null. Setting the last applied indexto:(t:0, i:~)
2019-09-20 10:24:54,923 [pool-218-thread-1] INFO  server.RaftServerConfigKeys (ConfUtils.java:logGet(43)) - raft.server.leader.election.timeout = 120s (custom)
2019-09-20 10:24:54,923 [pool-218-thread-1] INFO  server.RaftServerConfigKeys (ConfUtils.java:logGet(43)) - raft.server.log.use.memory = false (default)
2019-09-20 10:24:54,923 [pool-218-thread-1] INFO  server.RaftServerConfigKeys (ConfUtils.java:logGet(43)) - raft.server.log.purge.gap = 1000000 (custom)
2019-09-20 10:24:54,924 [pool-218-thread-1] INFO  server.RaftServerConfigKeys (ConfUtils.java:logGet(43)) - raft.server.log.appender.buffer.byte-limit = 33554432 (custom)
2019-09-20 10:24:54,924 [pool-218-thread-1] INFO  server.RaftServerConfigKeys (ConfUtils.java:logGet(43)) - raft.server.log.segment.size.max = 1048576 (custom)
2019-09-20 10:24:54,924 [pool-218-thread-1] INFO  server.RaftServerConfigKeys (ConfUtils.java:logGet(43)) - raft.server.log.segment.cache.num.max = 2 (custom)
2019-09-20 10:24:54,924 [pool-218-thread-1] INFO  segmented.SegmentedRaftLogWorker (SegmentedRaftLogWorker.java:<init>(172)) - new 61649f92-8c0f-475a-818d-1064548aeef6-SegmentedRaftLogWorker:Storage Directory /workdir/hadoop-ozone/integration-test/target/test-dir/MiniOzoneClusterImpl-806821b2-061b-4172-afaf-fb68ff5248bd/datanode-0/data/ratis/3fc352d5-1630-4a4e-a32c-5fc9c0484930 for RaftStorage:Storage Directory /workdir/hadoop-ozone/integration-test/target/test-dir/MiniOzoneClusterImpl-806821b2-061b-4172-afaf-fb68ff5248bd/datanode-0/data/ratis/3fc352d5-1630-4a4e-a32c-5fc9c0484930
2019-09-20 10:24:54,924 [pool-218-thread-1] INFO  server.RaftServerConfigKeys (ConfUtils.java:logGet(43)) - raft.server.log.queue.byte-limit = 2147483647 (custom)
2019-09-20 10:24:54,925 [pool-218-thread-1] INFO  server.RaftServerConfigKeys (ConfUtils.java:logGet(43)) - raft.server.log.queue.element-limit = 1024 (custom)
2019-09-20 10:24:54,925 [pool-218-thread-1] INFO  server.RaftServerConfigKeys (ConfUtils.java:logGet(43)) - raft.server.log.segment.size.max = 1048576 (custom)
2019-09-20 10:24:54,925 [pool-218-thread-1] INFO  server.RaftServerConfigKeys (ConfUtils.java:logGet(43)) - raft.server.log.preallocated.size = 16384 (custom)
2019-09-20 10:24:54,925 [pool-218-thread-1] INFO  server.RaftServerConfigKeys (ConfUtils.java:logGet(43)) - raft.server.log.write.buffer.size = 33554432 (custom)
2019-09-20 10:24:54,925 [pool-218-thread-1] INFO  server.RaftServerConfigKeys (ConfUtils.java:logGet(43)) - raft.server.log.force.sync.num = 128 (default)
2019-09-20 10:24:54,925 [pool-218-thread-1] INFO  server.RaftServerConfigKeys (ConfUtils.java:logGet(43)) - raft.server.log.statemachine.data.sync = true (default)
2019-09-20 10:24:54,926 [pool-218-thread-1] INFO  server.RaftServerConfigKeys (ConfUtils.java:logGet(43)) - raft.server.log.statemachine.data.sync.timeout = 10s (default)
2019-09-20 10:24:54,926 [pool-218-thread-1] INFO  server.RaftServerConfigKeys (ConfUtils.java:logGet(43)) - raft.server.log.statemachine.data.sync.timeout.retry = -1 (default)
2019-09-20 10:24:54,926 [pool-218-thread-1] INFO  server.RaftServerConfigKeys (ConfUtils.java:logGet(43)) - raft.server.log.statemachine.data.caching.enabled = true (custom)
2019-09-20 10:24:54,926 [pool-218-thread-1] INFO  segmented.SegmentedRaftLogWorker (SegmentedRaftLogWorker.java:lambda$new$0(132)) - 61649f92-8c0f-475a-818d-1064548aeef6-SegmentedRaftLogWorker:Storage Directory /workdir/hadoop-ozone/integration-test/target/test-dir/MiniOzoneClusterImpl-806821b2-061b-4172-afaf-fb68ff5248bd/datanode-0/data/ratis/3fc352d5-1630-4a4e-a32c-5fc9c0484930: flushIndex: setUnconditionally 0 -> -1
2019-09-20 10:24:54,927 [pool-218-thread-1] INFO  server.RaftServerConfigKeys (ConfUtils.java:logGet(43)) - raft.server.snapshot.auto.trigger.enabled = true (custom)
2019-09-20 10:24:54,927 [pool-218-thread-1] INFO  server.RaftServerConfigKeys (ConfUtils.java:logGet(43)) - raft.server.snapshot.auto.trigger.threshold = 10000 (custom)
2019-09-20 10:24:54,927 [pool-218-thread-1] INFO  server.RaftServerConfigKeys (ConfUtils.java:logGet(43)) - raft.server.retrycache.expirytime = 600000ms (custom)
2019-09-20 10:24:54,927 [pool-218-thread-1] INFO  impl.RaftServerImpl (RaftServerImpl.java:start(180)) - 61649f92-8c0f-475a-818d-1064548aeef6: start group-5FC9C0484930
2019-09-20 10:24:54,927 [pool-218-thread-1] INFO  impl.RaftServerImpl (RaftServerImpl.java:setRole(171)) - 61649f92-8c0f-475a-818d-1064548aeef6:group-5FC9C0484930 changes role from null to FOLLOWER at term 0 for startAsFollower
2019-09-20 10:24:54,928 [pool-218-thread-1] INFO  impl.RoleInfo (RoleInfo.java:updateAndGet(143)) - 61649f92-8c0f-475a-818d-1064548aeef6: start FollowerState
2019-09-20 10:24:54,928 [pool-218-thread-1] INFO  util.JmxRegister (JmxRegister.java:tryRegister(44)) - Successfully registered JMX Bean with object name Ratis:service=RaftServer,group=group-5FC9C0484930,id=61649f92-8c0f-475a-818d-1064548aeef6
2019-09-20 10:24:54,931 [RatisPipelineUtilsThread] INFO  pipeline.PipelineStateManager (PipelineStateManager.java:addPipeline(56)) - Created pipeline Pipeline[ Id: 3fc352d5-1630-4a4e-a32c-5fc9c0484930, Nodes: 61649f92-8c0f-475a-818d-1064548aeef6{ip: 192.168.36.99, host: pr-hdds-1569-p5fx8-1226042367, networkLocation: /default-rack, certSerialId: null}, Type:RATIS, Factor:ONE, State:OPEN]
2019-09-20 10:24:54,936 [grpc-default-executor-4] INFO  impl.RaftServerProxy (RaftServerProxy.java:addNew(89)) - 61649f92-8c0f-475a-818d-1064548aeef6: addNew group-83EDA5826E09:[61649f92-8c0f-475a-818d-1064548aeef6:192.168.36.99:43150] returns group-83EDA5826E09:java.util.concurrent.CompletableFuture@7fb34b5f[Not completed]
2019-09-20 10:24:54,937 [pool-218-thread-1] INFO  impl.RaftServerImpl (RaftServerImpl.java:<init>(93)) - 61649f92-8c0f-475a-818d-1064548aeef6: new RaftServerImpl for group-83EDA5826E09:[61649f92-8c0f-475a-818d-1064548aeef6:192.168.36.99:43150] with ContainerStateMachine:uninitialized
2019-09-20 10:24:54,937 [pool-218-thread-1] INFO  server.RaftServerConfigKeys (ConfUtils.java:logGet(43)) - raft.server.rpc.timeout.min = 5s (custom)
2019-09-20 10:24:54,938 [pool-218-thread-1] INFO  server.RaftServerConfigKeys (ConfUtils.java:logGet(43)) - raft.server.rpc.timeout.max = 5200ms (custom)
2019-09-20 10:24:54,938 [pool-218-thread-1] INFO  server.RaftServerConfigKeys (ConfUtils.java:logGet(43)) - raft.server.rpcslowness.timeout = 120s (custom)
2019-09-20 10:24:54,938 [pool-218-thread-1] INFO  server.RaftServerConfigKeys (ConfUtils.java:logGet(43)) - raft.server.sleep.deviation.threshold = 300 (default)
2019-09-20 10:24:54,938 [pool-218-thread-1] INFO  server.RaftServerConfigKeys (ConfUtils.java:logGet(43)) - raft.server.log.appender.install.snapshot.enabled = false (custom)
2019-09-20 10:24:54,938 [pool-218-thread-1] INFO  impl.RaftServerImpl (ServerState.java:<init>(105)) - 61649f92-8c0f-475a-818d-1064548aeef6:group-83EDA5826E09 ConfigurationManager, init=-1: [61649f92-8c0f-475a-818d-1064548aeef6:192.168.36.99:43150], old=null, confs=<EMPTY_MAP>
2019-09-20 10:24:54,938 [pool-218-thread-1] INFO  server.RaftServerConfigKeys (ConfUtils.java:logGet(43)) - raft.server.storage.dir = [/workdir/hadoop-ozone/integration-test/target/test-dir/MiniOzoneClusterImpl-806821b2-061b-4172-afaf-fb68ff5248bd/datanode-0/data/ratis] (custom)
2019-09-20 10:24:54,939 [pool-218-thread-1] INFO  storage.RaftStorageDirectory (RaftStorageDirectory.java:analyzeStorage(246)) - The storage directory /workdir/hadoop-ozone/integration-test/target/test-dir/MiniOzoneClusterImpl-806821b2-061b-4172-afaf-fb68ff5248bd/datanode-0/data/ratis/3845c9ce-c2af-48fb-8839-83eda5826e09 does not exist. Creating ...
2019-09-20 10:24:54,948 [pool-218-thread-1] INFO  storage.RaftStorageDirectory (RaftStorageDirectory.java:tryLock(328)) - Lock on /workdir/hadoop-ozone/integration-test/target/test-dir/MiniOzoneClusterImpl-806821b2-061b-4172-afaf-fb68ff5248bd/datanode-0/data/ratis/3845c9ce-c2af-48fb-8839-83eda5826e09/in_use.lock acquired by nodename 28506@pr-hdds-1569-p5fx8-1226042367
2019-09-20 10:24:54,964 [pool-218-thread-1] INFO  storage.RaftStorage (RaftStorage.java:format(72)) - Storage directory /workdir/hadoop-ozone/integration-test/target/test-dir/MiniOzoneClusterImpl-806821b2-061b-4172-afaf-fb68ff5248bd/datanode-0/data/ratis/3845c9ce-c2af-48fb-8839-83eda5826e09 has been successfully formatted.
2019-09-20 10:24:54,964 [pool-218-thread-1] INFO  ratis.ContainerStateMachine (ContainerStateMachine.java:loadSnapshot(226)) - group-83EDA5826E09: The snapshot info is null. Setting the last applied indexto:(t:0, i:~)
2019-09-20 10:24:54,964 [pool-218-thread-1] INFO  server.RaftServerConfigKeys (ConfUtils.java:logGet(43)) - raft.server.leader.election.timeout = 120s (custom)
2019-09-20 10:24:54,965 [pool-218-thread-1] INFO  server.RaftServerConfigKeys (ConfUtils.java:logGet(43)) - raft.server.log.use.memory = false (default)
2019-09-20 10:24:54,965 [pool-218-thread-1] INFO  server.RaftServerConfigKeys (ConfUtils.java:logGet(43)) - raft.server.log.purge.gap = 1000000 (custom)
2019-09-20 10:24:54,965 [pool-218-thread-1] INFO  server.RaftServerConfigKeys (ConfUtils.java:logGet(43)) - raft.server.log.appender.buffer.byte-limit = 33554432 (custom)
2019-09-20 10:24:54,965 [pool-218-thread-1] INFO  server.RaftServerConfigKeys (ConfUtils.java:logGet(43)) - raft.server.log.segment.size.max = 1048576 (custom)
2019-09-20 10:24:54,965 [pool-218-thread-1] INFO  server.RaftServerConfigKeys (ConfUtils.java:logGet(43)) - raft.server.log.segment.cache.num.max = 2 (custom)
2019-09-20 10:24:54,965 [pool-218-thread-1] INFO  segmented.SegmentedRaftLogWorker (SegmentedRaftLogWorker.java:<init>(172)) - new 61649f92-8c0f-475a-818d-1064548aeef6-SegmentedRaftLogWorker:Storage Directory /workdir/hadoop-ozone/integration-test/target/test-dir/MiniOzoneClusterImpl-806821b2-061b-4172-afaf-fb68ff5248bd/datanode-0/data/ratis/3845c9ce-c2af-48fb-8839-83eda5826e09 for RaftStorage:Storage Directory /workdir/hadoop-ozone/integration-test/target/test-dir/MiniOzoneClusterImpl-806821b2-061b-4172-afaf-fb68ff5248bd/datanode-0/data/ratis/3845c9ce-c2af-48fb-8839-83eda5826e09
2019-09-20 10:24:54,966 [pool-218-thread-1] INFO  server.RaftServerConfigKeys (ConfUtils.java:logGet(43)) - raft.server.log.queue.byte-limit = 2147483647 (custom)
2019-09-20 10:24:54,966 [pool-218-thread-1] INFO  server.RaftServerConfigKeys (ConfUtils.java:logGet(43)) - raft.server.log.queue.element-limit = 1024 (custom)
2019-09-20 10:24:54,966 [pool-218-thread-1] INFO  server.RaftServerConfigKeys (ConfUtils.java:logGet(43)) - raft.server.log.segment.size.max = 1048576 (custom)
2019-09-20 10:24:54,966 [pool-218-thread-1] INFO  server.RaftServerConfigKeys (ConfUtils.java:logGet(43)) - raft.server.log.preallocated.size = 16384 (custom)
2019-09-20 10:24:54,966 [pool-218-thread-1] INFO  server.RaftServerConfigKeys (ConfUtils.java:logGet(43)) - raft.server.log.write.buffer.size = 33554432 (custom)
2019-09-20 10:24:54,966 [pool-218-thread-1] INFO  server.RaftServerConfigKeys (ConfUtils.java:logGet(43)) - raft.server.log.force.sync.num = 128 (default)
2019-09-20 10:24:54,966 [pool-218-thread-1] INFO  server.RaftServerConfigKeys (ConfUtils.java:logGet(43)) - raft.server.log.statemachine.data.sync = true (default)
2019-09-20 10:24:54,967 [pool-218-thread-1] INFO  server.RaftServerConfigKeys (ConfUtils.java:logGet(43)) - raft.server.log.statemachine.data.sync.timeout = 10s (default)
2019-09-20 10:24:54,967 [pool-218-thread-1] INFO  server.RaftServerConfigKeys (ConfUtils.java:logGet(43)) - raft.server.log.statemachine.data.sync.timeout.retry = -1 (default)
2019-09-20 10:24:54,967 [pool-218-thread-1] INFO  server.RaftServerConfigKeys (ConfUtils.java:logGet(43)) - raft.server.log.statemachine.data.caching.enabled = true (custom)
2019-09-20 10:24:54,967 [pool-218-thread-1] INFO  segmented.SegmentedRaftLogWorker (SegmentedRaftLogWorker.java:lambda$new$0(132)) - 61649f92-8c0f-475a-818d-1064548aeef6-SegmentedRaftLogWorker:Storage Directory /workdir/hadoop-ozone/integration-test/target/test-dir/MiniOzoneClusterImpl-806821b2-061b-4172-afaf-fb68ff5248bd/datanode-0/data/ratis/3845c9ce-c2af-48fb-8839-83eda5826e09: flushIndex: setUnconditionally 0 -> -1
2019-09-20 10:24:54,968 [pool-218-thread-1] INFO  server.RaftServerConfigKeys (ConfUtils.java:logGet(43)) - raft.server.snapshot.auto.trigger.enabled = true (custom)
2019-09-20 10:24:54,968 [pool-218-thread-1] INFO  server.RaftServerConfigKeys (ConfUtils.java:logGet(43)) - raft.server.snapshot.auto.trigger.threshold = 10000 (custom)
2019-09-20 10:24:54,968 [pool-218-thread-1] INFO  server.RaftServerConfigKeys (ConfUtils.java:logGet(43)) - raft.server.retrycache.expirytime = 600000ms (custom)
2019-09-20 10:24:54,968 [pool-218-thread-1] INFO  impl.RaftServerImpl (RaftServerImpl.java:start(180)) - 61649f92-8c0f-475a-818d-1064548aeef6: start group-83EDA5826E09
2019-09-20 10:24:54,968 [pool-218-thread-1] INFO  impl.RaftServerImpl (RaftServerImpl.java:setRole(171)) - 61649f92-8c0f-475a-818d-1064548aeef6:group-83EDA5826E09 changes role from null to FOLLOWER at term 0 for startAsFollower
2019-09-20 10:24:54,969 [pool-218-thread-1] INFO  impl.RoleInfo (RoleInfo.java:updateAndGet(143)) - 61649f92-8c0f-475a-818d-1064548aeef6: start FollowerState
2019-09-20 10:24:54,969 [pool-218-thread-1] INFO  util.JmxRegister (JmxRegister.java:tryRegister(44)) - Successfully registered JMX Bean with object name Ratis:service=RaftServer,group=group-83EDA5826E09,id=61649f92-8c0f-475a-818d-1064548aeef6
2019-09-20 10:24:54,972 [RatisPipelineUtilsThread] INFO  pipeline.PipelineStateManager (PipelineStateManager.java:addPipeline(56)) - Created pipeline Pipeline[ Id: 3845c9ce-c2af-48fb-8839-83eda5826e09, Nodes: 61649f92-8c0f-475a-818d-1064548aeef6{ip: 192.168.36.99, host: pr-hdds-1569-p5fx8-1226042367, networkLocation: /default-rack, certSerialId: null}, Type:RATIS, Factor:ONE, State:OPEN]
2019-09-20 10:24:54,977 [grpc-default-executor-4] INFO  impl.RaftServerProxy (RaftServerProxy.java:addNew(89)) - 61649f92-8c0f-475a-818d-1064548aeef6: addNew group-9A102802CB06:[61649f92-8c0f-475a-818d-1064548aeef6:192.168.36.99:43150] returns group-9A102802CB06:java.util.concurrent.CompletableFuture@4f3eb1c3[Not completed]
2019-09-20 10:24:54,978 [pool-218-thread-1] INFO  impl.RaftServerImpl (RaftServerImpl.java:<init>(93)) - 61649f92-8c0f-475a-818d-1064548aeef6: new RaftServerImpl for group-9A102802CB06:[61649f92-8c0f-475a-818d-1064548aeef6:192.168.36.99:43150] with ContainerStateMachine:uninitialized
2019-09-20 10:24:54,978 [pool-218-thread-1] INFO  server.RaftServerConfigKeys (ConfUtils.java:logGet(43)) - raft.server.rpc.timeout.min = 5s (custom)
2019-09-20 10:24:54,978 [pool-218-thread-1] INFO  server.RaftServerConfigKeys (ConfUtils.java:logGet(43)) - raft.server.rpc.timeout.max = 5200ms (custom)
2019-09-20 10:24:54,978 [pool-218-thread-1] INFO  server.RaftServerConfigKeys (ConfUtils.java:logGet(43)) - raft.server.rpcslowness.timeout = 120s (custom)
2019-09-20 10:24:54,979 [pool-218-thread-1] INFO  server.RaftServerConfigKeys (ConfUtils.java:logGet(43)) - raft.server.sleep.deviation.threshold = 300 (default)
2019-09-20 10:24:54,979 [pool-218-thread-1] INFO  server.RaftServerConfigKeys (ConfUtils.java:logGet(43)) - raft.server.log.appender.install.snapshot.enabled = false (custom)
2019-09-20 10:24:54,979 [pool-218-thread-1] INFO  impl.RaftServerImpl (ServerState.java:<init>(105)) - 61649f92-8c0f-475a-818d-1064548aeef6:group-9A102802CB06 ConfigurationManager, init=-1: [61649f92-8c0f-475a-818d-1064548aeef6:192.168.36.99:43150], old=null, confs=<EMPTY_MAP>
2019-09-20 10:24:54,979 [pool-218-thread-1] INFO  server.RaftServerConfigKeys (ConfUtils.java:logGet(43)) - raft.server.storage.dir = [/workdir/hadoop-ozone/integration-test/target/test-dir/MiniOzoneClusterImpl-806821b2-061b-4172-afaf-fb68ff5248bd/datanode-0/data/ratis] (custom)
2019-09-20 10:24:54,979 [pool-218-thread-1] INFO  storage.RaftStorageDirectory (RaftStorageDirectory.java:analyzeStorage(246)) - The storage directory /workdir/hadoop-ozone/integration-test/target/test-dir/MiniOzoneClusterImpl-806821b2-061b-4172-afaf-fb68ff5248bd/datanode-0/data/ratis/59fe6920-8a57-4445-b052-9a102802cb06 does not exist. Creating ...
2019-09-20 10:24:55,017 [pool-218-thread-1] INFO  storage.RaftStorageDirectory (RaftStorageDirectory.java:tryLock(328)) - Lock on /workdir/hadoop-ozone/integration-test/target/test-dir/MiniOzoneClusterImpl-806821b2-061b-4172-afaf-fb68ff5248bd/datanode-0/data/ratis/59fe6920-8a57-4445-b052-9a102802cb06/in_use.lock acquired by nodename 28506@pr-hdds-1569-p5fx8-1226042367
2019-09-20 10:24:55,049 [pool-218-thread-1] INFO  storage.RaftStorage (RaftStorage.java:format(72)) - Storage directory /workdir/hadoop-ozone/integration-test/target/test-dir/MiniOzoneClusterImpl-806821b2-061b-4172-afaf-fb68ff5248bd/datanode-0/data/ratis/59fe6920-8a57-4445-b052-9a102802cb06 has been successfully formatted.
2019-09-20 10:24:55,050 [pool-218-thread-1] INFO  ratis.ContainerStateMachine (ContainerStateMachine.java:loadSnapshot(226)) - group-9A102802CB06: The snapshot info is null. Setting the last applied indexto:(t:0, i:~)
2019-09-20 10:24:55,050 [pool-218-thread-1] INFO  server.RaftServerConfigKeys (ConfUtils.java:logGet(43)) - raft.server.leader.election.timeout = 120s (custom)
2019-09-20 10:24:55,050 [pool-218-thread-1] INFO  server.RaftServerConfigKeys (ConfUtils.java:logGet(43)) - raft.server.log.use.memory = false (default)
2019-09-20 10:24:55,050 [pool-218-thread-1] INFO  server.RaftServerConfigKeys (ConfUtils.java:logGet(43)) - raft.server.log.purge.gap = 1000000 (custom)
2019-09-20 10:24:55,050 [pool-218-thread-1] INFO  server.RaftServerConfigKeys (ConfUtils.java:logGet(43)) - raft.server.log.appender.buffer.byte-limit = 33554432 (custom)
2019-09-20 10:24:55,051 [pool-218-thread-1] INFO  server.RaftServerConfigKeys (ConfUtils.java:logGet(43)) - raft.server.log.segment.size.max = 1048576 (custom)
2019-09-20 10:24:55,051 [pool-218-thread-1] INFO  server.RaftServerConfigKeys (ConfUtils.java:logGet(43)) - raft.server.log.segment.cache.num.max = 2 (custom)
2019-09-20 10:24:55,051 [pool-218-thread-1] INFO  segmented.SegmentedRaftLogWorker (SegmentedRaftLogWorker.java:<init>(172)) - new 61649f92-8c0f-475a-818d-1064548aeef6-SegmentedRaftLogWorker:Storage Directory /workdir/hadoop-ozone/integration-test/target/test-dir/MiniOzoneClusterImpl-806821b2-061b-4172-afaf-fb68ff5248bd/datanode-0/data/ratis/59fe6920-8a57-4445-b052-9a102802cb06 for RaftStorage:Storage Directory /workdir/hadoop-ozone/integration-test/target/test-dir/MiniOzoneClusterImpl-806821b2-061b-4172-afaf-fb68ff5248bd/datanode-0/data/ratis/59fe6920-8a57-4445-b052-9a102802cb06
2019-09-20 10:24:55,051 [pool-218-thread-1] INFO  server.RaftServerConfigKeys (ConfUtils.java:logGet(43)) - raft.server.log.queue.byte-limit = 2147483647 (custom)
2019-09-20 10:24:55,051 [pool-218-thread-1] INFO  server.RaftServerConfigKeys (ConfUtils.java:logGet(43)) - raft.server.log.queue.element-limit = 1024 (custom)
2019-09-20 10:24:55,051 [pool-218-thread-1] INFO  server.RaftServerConfigKeys (ConfUtils.java:logGet(43)) - raft.server.log.segment.size.max = 1048576 (custom)
2019-09-20 10:24:55,052 [pool-218-thread-1] INFO  server.RaftServerConfigKeys (ConfUtils.java:logGet(43)) - raft.server.log.preallocated.size = 16384 (custom)
2019-09-20 10:24:55,052 [pool-218-thread-1] INFO  server.RaftServerConfigKeys (ConfUtils.java:logGet(43)) - raft.server.log.write.buffer.size = 33554432 (custom)
2019-09-20 10:24:55,052 [pool-218-thread-1] INFO  server.RaftServerConfigKeys (ConfUtils.java:logGet(43)) - raft.server.log.force.sync.num = 128 (default)
2019-09-20 10:24:55,052 [pool-218-thread-1] INFO  server.RaftServerConfigKeys (ConfUtils.java:logGet(43)) - raft.server.log.statemachine.data.sync = true (default)
2019-09-20 10:24:55,052 [pool-218-thread-1] INFO  server.RaftServerConfigKeys (ConfUtils.java:logGet(43)) - raft.server.log.statemachine.data.sync.timeout = 10s (default)
2019-09-20 10:24:55,052 [pool-218-thread-1] INFO  server.RaftServerConfigKeys (ConfUtils.java:logGet(43)) - raft.server.log.statemachine.data.sync.timeout.retry = -1 (default)
2019-09-20 10:24:55,053 [pool-218-thread-1] INFO  server.RaftServerConfigKeys (ConfUtils.java:logGet(43)) - raft.server.log.statemachine.data.caching.enabled = true (custom)
2019-09-20 10:24:55,053 [pool-218-thread-1] INFO  segmented.SegmentedRaftLogWorker (SegmentedRaftLogWorker.java:lambda$new$0(132)) - 61649f92-8c0f-475a-818d-1064548aeef6-SegmentedRaftLogWorker:Storage Directory /workdir/hadoop-ozone/integration-test/target/test-dir/MiniOzoneClusterImpl-806821b2-061b-4172-afaf-fb68ff5248bd/datanode-0/data/ratis/59fe6920-8a57-4445-b052-9a102802cb06: flushIndex: setUnconditionally 0 -> -1
2019-09-20 10:24:55,053 [pool-218-thread-1] INFO  server.RaftServerConfigKeys (ConfUtils.java:logGet(43)) - raft.server.snapshot.auto.trigger.enabled = true (custom)
2019-09-20 10:24:55,053 [pool-218-thread-1] INFO  server.RaftServerConfigKeys (ConfUtils.java:logGet(43)) - raft.server.snapshot.auto.trigger.threshold = 10000 (custom)
2019-09-20 10:24:55,054 [pool-218-thread-1] INFO  server.RaftServerConfigKeys (ConfUtils.java:logGet(43)) - raft.server.retrycache.expirytime = 600000ms (custom)
2019-09-20 10:24:55,054 [pool-218-thread-1] INFO  impl.RaftServerImpl (RaftServerImpl.java:start(180)) - 61649f92-8c0f-475a-818d-1064548aeef6: start group-9A102802CB06
2019-09-20 10:24:55,054 [pool-218-thread-1] INFO  impl.RaftServerImpl (RaftServerImpl.java:setRole(171)) - 61649f92-8c0f-475a-818d-1064548aeef6:group-9A102802CB06 changes role from null to FOLLOWER at term 0 for startAsFollower
2019-09-20 10:24:55,054 [pool-218-thread-1] INFO  impl.RoleInfo (RoleInfo.java:updateAndGet(143)) - 61649f92-8c0f-475a-818d-1064548aeef6: start FollowerState
2019-09-20 10:24:55,055 [pool-218-thread-1] INFO  util.JmxRegister (JmxRegister.java:tryRegister(44)) - Successfully registered JMX Bean with object name Ratis:service=RaftServer,group=group-9A102802CB06,id=61649f92-8c0f-475a-818d-1064548aeef6
2019-09-20 10:24:55,057 [RatisPipelineUtilsThread] INFO  pipeline.PipelineStateManager (PipelineStateManager.java:addPipeline(56)) - Created pipeline Pipeline[ Id: 59fe6920-8a57-4445-b052-9a102802cb06, Nodes: 61649f92-8c0f-475a-818d-1064548aeef6{ip: 192.168.36.99, host: pr-hdds-1569-p5fx8-1226042367, networkLocation: /default-rack, certSerialId: null}, Type:RATIS, Factor:ONE, State:OPEN]
2019-09-20 10:24:55,062 [grpc-default-executor-4] INFO  impl.RaftServerProxy (RaftServerProxy.java:addNew(89)) - 61649f92-8c0f-475a-818d-1064548aeef6: addNew group-922645F2303A:[61649f92-8c0f-475a-818d-1064548aeef6:192.168.36.99:43150] returns group-922645F2303A:java.util.concurrent.CompletableFuture@3678a8d5[Not completed]
2019-09-20 10:24:55,064 [pool-218-thread-1] INFO  impl.RaftServerImpl (RaftServerImpl.java:<init>(93)) - 61649f92-8c0f-475a-818d-1064548aeef6: new RaftServerImpl for group-922645F2303A:[61649f92-8c0f-475a-818d-1064548aeef6:192.168.36.99:43150] with ContainerStateMachine:uninitialized
2019-09-20 10:24:55,064 [pool-218-thread-1] INFO  server.RaftServerConfigKeys (ConfUtils.java:logGet(43)) - raft.server.rpc.timeout.min = 5s (custom)
2019-09-20 10:24:55,064 [pool-218-thread-1] INFO  server.RaftServerConfigKeys (ConfUtils.java:logGet(43)) - raft.server.rpc.timeout.max = 5200ms (custom)
2019-09-20 10:24:55,064 [pool-218-thread-1] INFO  server.RaftServerConfigKeys (ConfUtils.java:logGet(43)) - raft.server.rpcslowness.timeout = 120s (custom)
2019-09-20 10:24:55,064 [pool-218-thread-1] INFO  server.RaftServerConfigKeys (ConfUtils.java:logGet(43)) - raft.server.sleep.deviation.threshold = 300 (default)
2019-09-20 10:24:55,064 [pool-218-thread-1] INFO  server.RaftServerConfigKeys (ConfUtils.java:logGet(43)) - raft.server.log.appender.install.snapshot.enabled = false (custom)
2019-09-20 10:24:55,064 [pool-218-thread-1] INFO  impl.RaftServerImpl (ServerState.java:<init>(105)) - 61649f92-8c0f-475a-818d-1064548aeef6:group-922645F2303A ConfigurationManager, init=-1: [61649f92-8c0f-475a-818d-1064548aeef6:192.168.36.99:43150], old=null, confs=<EMPTY_MAP>
2019-09-20 10:24:55,065 [pool-218-thread-1] INFO  server.RaftServerConfigKeys (ConfUtils.java:logGet(43)) - raft.server.storage.dir = [/workdir/hadoop-ozone/integration-test/target/test-dir/MiniOzoneClusterImpl-806821b2-061b-4172-afaf-fb68ff5248bd/datanode-0/data/ratis] (custom)
2019-09-20 10:24:55,065 [pool-218-thread-1] INFO  storage.RaftStorageDirectory (RaftStorageDirectory.java:analyzeStorage(246)) - The storage directory /workdir/hadoop-ozone/integration-test/target/test-dir/MiniOzoneClusterImpl-806821b2-061b-4172-afaf-fb68ff5248bd/datanode-0/data/ratis/f42beeb0-fa7e-4c86-ab53-922645f2303a does not exist. Creating ...
2019-09-20 10:24:55,091 [pool-218-thread-1] INFO  storage.RaftStorageDirectory (RaftStorageDirectory.java:tryLock(328)) - Lock on /workdir/hadoop-ozone/integration-test/target/test-dir/MiniOzoneClusterImpl-806821b2-061b-4172-afaf-fb68ff5248bd/datanode-0/data/ratis/f42beeb0-fa7e-4c86-ab53-922645f2303a/in_use.lock acquired by nodename 28506@pr-hdds-1569-p5fx8-1226042367
2019-09-20 10:24:55,134 [pool-218-thread-1] INFO  storage.RaftStorage (RaftStorage.java:format(72)) - Storage directory /workdir/hadoop-ozone/integration-test/target/test-dir/MiniOzoneClusterImpl-806821b2-061b-4172-afaf-fb68ff5248bd/datanode-0/data/ratis/f42beeb0-fa7e-4c86-ab53-922645f2303a has been successfully formatted.
2019-09-20 10:24:55,135 [pool-218-thread-1] INFO  ratis.ContainerStateMachine (ContainerStateMachine.java:loadSnapshot(226)) - group-922645F2303A: The snapshot info is null. Setting the last applied indexto:(t:0, i:~)
2019-09-20 10:24:55,135 [pool-218-thread-1] INFO  server.RaftServerConfigKeys (ConfUtils.java:logGet(43)) - raft.server.leader.election.timeout = 120s (custom)
2019-09-20 10:24:55,135 [pool-218-thread-1] INFO  server.RaftServerConfigKeys (ConfUtils.java:logGet(43)) - raft.server.log.use.memory = false (default)
2019-09-20 10:24:55,135 [pool-218-thread-1] INFO  server.RaftServerConfigKeys (ConfUtils.java:logGet(43)) - raft.server.log.purge.gap = 1000000 (custom)
2019-09-20 10:24:55,135 [pool-218-thread-1] INFO  server.RaftServerConfigKeys (ConfUtils.java:logGet(43)) - raft.server.log.appender.buffer.byte-limit = 33554432 (custom)
2019-09-20 10:24:55,135 [pool-218-thread-1] INFO  server.RaftServerConfigKeys (ConfUtils.java:logGet(43)) - raft.server.log.segment.size.max = 1048576 (custom)
2019-09-20 10:24:55,136 [pool-218-thread-1] INFO  server.RaftServerConfigKeys (ConfUtils.java:logGet(43)) - raft.server.log.segment.cache.num.max = 2 (custom)
2019-09-20 10:24:55,136 [pool-218-thread-1] INFO  segmented.SegmentedRaftLogWorker (SegmentedRaftLogWorker.java:<init>(172)) - new 61649f92-8c0f-475a-818d-1064548aeef6-SegmentedRaftLogWorker:Storage Directory /workdir/hadoop-ozone/integration-test/target/test-dir/MiniOzoneClusterImpl-806821b2-061b-4172-afaf-fb68ff5248bd/datanode-0/data/ratis/f42beeb0-fa7e-4c86-ab53-922645f2303a for RaftStorage:Storage Directory /workdir/hadoop-ozone/integration-test/target/test-dir/MiniOzoneClusterImpl-806821b2-061b-4172-afaf-fb68ff5248bd/datanode-0/data/ratis/f42beeb0-fa7e-4c86-ab53-922645f2303a
2019-09-20 10:24:55,136 [pool-218-thread-1] INFO  server.RaftServerConfigKeys (ConfUtils.java:logGet(43)) - raft.server.log.queue.byte-limit = 2147483647 (custom)
2019-09-20 10:24:55,136 [pool-218-thread-1] INFO  server.RaftServerConfigKeys (ConfUtils.java:logGet(43)) - raft.server.log.queue.element-limit = 1024 (custom)
2019-09-20 10:24:55,136 [pool-218-thread-1] INFO  server.RaftServerConfigKeys (ConfUtils.java:logGet(43)) - raft.server.log.segment.size.max = 1048576 (custom)
2019-09-20 10:24:55,136 [pool-218-thread-1] INFO  server.RaftServerConfigKeys (ConfUtils.java:logGet(43)) - raft.server.log.preallocated.size = 16384 (custom)
2019-09-20 10:24:55,137 [pool-218-thread-1] INFO  server.RaftServerConfigKeys (ConfUtils.java:logGet(43)) - raft.server.log.write.buffer.size = 33554432 (custom)
2019-09-20 10:24:55,137 [pool-218-thread-1] INFO  server.RaftServerConfigKeys (ConfUtils.java:logGet(43)) - raft.server.log.force.sync.num = 128 (default)
2019-09-20 10:24:55,137 [pool-218-thread-1] INFO  server.RaftServerConfigKeys (ConfUtils.java:logGet(43)) - raft.server.log.statemachine.data.sync = true (default)
2019-09-20 10:24:55,137 [pool-218-thread-1] INFO  server.RaftServerConfigKeys (ConfUtils.java:logGet(43)) - raft.server.log.statemachine.data.sync.timeout = 10s (default)
2019-09-20 10:24:55,137 [pool-218-thread-1] INFO  server.RaftServerConfigKeys (ConfUtils.java:logGet(43)) - raft.server.log.statemachine.data.sync.timeout.retry = -1 (default)
2019-09-20 10:24:55,137 [pool-218-thread-1] INFO  server.RaftServerConfigKeys (ConfUtils.java:logGet(43)) - raft.server.log.statemachine.data.caching.enabled = true (custom)
2019-09-20 10:24:55,138 [pool-218-thread-1] INFO  segmented.SegmentedRaftLogWorker (SegmentedRaftLogWorker.java:lambda$new$0(132)) - 61649f92-8c0f-475a-818d-1064548aeef6-SegmentedRaftLogWorker:Storage Directory /workdir/hadoop-ozone/integration-test/target/test-dir/MiniOzoneClusterImpl-806821b2-061b-4172-afaf-fb68ff5248bd/datanode-0/data/ratis/f42beeb0-fa7e-4c86-ab53-922645f2303a: flushIndex: setUnconditionally 0 -> -1
2019-09-20 10:24:55,138 [pool-218-thread-1] INFO  server.RaftServerConfigKeys (ConfUtils.java:logGet(43)) - raft.server.snapshot.auto.trigger.enabled = true (custom)
2019-09-20 10:24:55,138 [pool-218-thread-1] INFO  server.RaftServerConfigKeys (ConfUtils.java:logGet(43)) - raft.server.snapshot.auto.trigger.threshold = 10000 (custom)
2019-09-20 10:24:55,139 [pool-218-thread-1] INFO  server.RaftServerConfigKeys (ConfUtils.java:logGet(43)) - raft.server.retrycache.expirytime = 600000ms (custom)
2019-09-20 10:24:55,139 [pool-218-thread-1] INFO  impl.RaftServerImpl (RaftServerImpl.java:start(180)) - 61649f92-8c0f-475a-818d-1064548aeef6: start group-922645F2303A
2019-09-20 10:24:55,139 [pool-218-thread-1] INFO  impl.RaftServerImpl (RaftServerImpl.java:setRole(171)) - 61649f92-8c0f-475a-818d-1064548aeef6:group-922645F2303A changes role from null to FOLLOWER at term 0 for startAsFollower
2019-09-20 10:24:55,139 [pool-218-thread-1] INFO  impl.RoleInfo (RoleInfo.java:updateAndGet(143)) - 61649f92-8c0f-475a-818d-1064548aeef6: start FollowerState
2019-09-20 10:24:55,139 [pool-218-thread-1] INFO  util.JmxRegister (JmxRegister.java:tryRegister(44)) - Successfully registered JMX Bean with object name Ratis:service=RaftServer,group=group-922645F2303A,id=61649f92-8c0f-475a-818d-1064548aeef6
2019-09-20 10:24:55,142 [RatisPipelineUtilsThread] INFO  pipeline.PipelineStateManager (PipelineStateManager.java:addPipeline(56)) - Created pipeline Pipeline[ Id: f42beeb0-fa7e-4c86-ab53-922645f2303a, Nodes: 61649f92-8c0f-475a-818d-1064548aeef6{ip: 192.168.36.99, host: pr-hdds-1569-p5fx8-1226042367, networkLocation: /default-rack, certSerialId: null}, Type:RATIS, Factor:ONE, State:OPEN]
2019-09-20 10:24:55,142 [RatisPipelineUtilsThread] INFO  pipeline.PipelinePlacementPolicy (PipelinePlacementPolicy.java:meetCriteria(91)) - Pipeline Placement: Doesn't meet the criteria to be viable node： 61649f92-8c0f-475a-818d-1064548aeef6 Heaviness: 6 limit: 5
2019-09-20 10:24:55,160 [grpc-default-executor-4] INFO  impl.RaftServerProxy (RaftServerProxy.java:addNew(89)) - e8013689-2f13-4aaf-8a03-99f419c430ec: addNew group-F720D76A59AE:[e8013689-2f13-4aaf-8a03-99f419c430ec:192.168.36.99:43054] returns group-F720D76A59AE:java.util.concurrent.CompletableFuture@60a38b56[Not completed]
2019-09-20 10:24:55,161 [pool-229-thread-1] INFO  impl.RaftServerImpl (RaftServerImpl.java:<init>(93)) - e8013689-2f13-4aaf-8a03-99f419c430ec: new RaftServerImpl for group-F720D76A59AE:[e8013689-2f13-4aaf-8a03-99f419c430ec:192.168.36.99:43054] with ContainerStateMachine:uninitialized
2019-09-20 10:24:55,161 [pool-229-thread-1] INFO  server.RaftServerConfigKeys (ConfUtils.java:logGet(43)) - raft.server.rpc.timeout.min = 5s (custom)
2019-09-20 10:24:55,161 [pool-229-thread-1] INFO  server.RaftServerConfigKeys (ConfUtils.java:logGet(43)) - raft.server.rpc.timeout.max = 5200ms (custom)
2019-09-20 10:24:55,162 [pool-229-thread-1] INFO  server.RaftServerConfigKeys (ConfUtils.java:logGet(43)) - raft.server.rpcslowness.timeout = 120s (custom)
2019-09-20 10:24:55,162 [pool-229-thread-1] INFO  server.RaftServerConfigKeys (ConfUtils.java:logGet(43)) - raft.server.sleep.deviation.threshold = 300 (default)
2019-09-20 10:24:55,162 [pool-229-thread-1] INFO  server.RaftServerConfigKeys (ConfUtils.java:logGet(43)) - raft.server.log.appender.install.snapshot.enabled = false (custom)
2019-09-20 10:24:55,162 [pool-229-thread-1] INFO  impl.RaftServerImpl (ServerState.java:<init>(105)) - e8013689-2f13-4aaf-8a03-99f419c430ec:group-F720D76A59AE ConfigurationManager, init=-1: [e8013689-2f13-4aaf-8a03-99f419c430ec:192.168.36.99:43054], old=null, confs=<EMPTY_MAP>
2019-09-20 10:24:55,162 [pool-229-thread-1] INFO  server.RaftServerConfigKeys (ConfUtils.java:logGet(43)) - raft.server.storage.dir = [/workdir/hadoop-ozone/integration-test/target/test-dir/MiniOzoneClusterImpl-806821b2-061b-4172-afaf-fb68ff5248bd/datanode-1/data/ratis] (custom)
2019-09-20 10:24:55,162 [pool-229-thread-1] INFO  storage.RaftStorageDirectory (RaftStorageDirectory.java:analyzeStorage(246)) - The storage directory /workdir/hadoop-ozone/integration-test/target/test-dir/MiniOzoneClusterImpl-806821b2-061b-4172-afaf-fb68ff5248bd/datanode-1/data/ratis/1433d132-f579-41f9-9a5d-f720d76a59ae does not exist. Creating ...
2019-09-20 10:24:55,168 [IPC Server handler 0 on 37594] INFO  net.NetworkTopology (NetworkTopologyImpl.java:add(110)) - Added a new node: /default-rack/136f1953-bb94-4097-a2d4-422a6782bee0
2019-09-20 10:24:55,169 [IPC Server handler 0 on 37594] INFO  node.SCMNodeManager (SCMNodeManager.java:register(273)) - Registered Data node : 136f1953-bb94-4097-a2d4-422a6782bee0{ip: 192.168.36.99, host: pr-hdds-1569-p5fx8-1226042367, networkLocation: /default-rack, certSerialId: null}
2019-09-20 10:24:55,169 | INFO  | SCMAudit | user=jenkins1000 | ip=192.168.36.99 | op=REGISTER {datanodeDetails=136f1953-bb94-4097-a2d4-422a6782bee0{ip: 192.168.36.99, host: pr-hdds-1569-p5fx8-1226042367, networkLocation: /default-rack, certSerialId: null}} | ret=SUCCESS |  
2019-09-20 10:24:55,199 [pool-229-thread-1] INFO  storage.RaftStorageDirectory (RaftStorageDirectory.java:tryLock(328)) - Lock on /workdir/hadoop-ozone/integration-test/target/test-dir/MiniOzoneClusterImpl-806821b2-061b-4172-afaf-fb68ff5248bd/datanode-1/data/ratis/1433d132-f579-41f9-9a5d-f720d76a59ae/in_use.lock acquired by nodename 28506@pr-hdds-1569-p5fx8-1226042367
2019-09-20 10:24:55,238 [pool-229-thread-1] INFO  storage.RaftStorage (RaftStorage.java:format(72)) - Storage directory /workdir/hadoop-ozone/integration-test/target/test-dir/MiniOzoneClusterImpl-806821b2-061b-4172-afaf-fb68ff5248bd/datanode-1/data/ratis/1433d132-f579-41f9-9a5d-f720d76a59ae has been successfully formatted.
2019-09-20 10:24:55,238 [pool-229-thread-1] INFO  ratis.ContainerStateMachine (ContainerStateMachine.java:loadSnapshot(226)) - group-F720D76A59AE: The snapshot info is null. Setting the last applied indexto:(t:0, i:~)
2019-09-20 10:24:55,238 [pool-229-thread-1] INFO  server.RaftServerConfigKeys (ConfUtils.java:logGet(43)) - raft.server.leader.election.timeout = 120s (custom)
2019-09-20 10:24:55,238 [pool-229-thread-1] INFO  server.RaftServerConfigKeys (ConfUtils.java:logGet(43)) - raft.server.log.use.memory = false (default)
2019-09-20 10:24:55,238 [pool-229-thread-1] INFO  server.RaftServerConfigKeys (ConfUtils.java:logGet(43)) - raft.server.log.purge.gap = 1000000 (custom)
2019-09-20 10:24:55,239 [pool-229-thread-1] INFO  server.RaftServerConfigKeys (ConfUtils.java:logGet(43)) - raft.server.log.appender.buffer.byte-limit = 33554432 (custom)
2019-09-20 10:24:55,239 [pool-229-thread-1] INFO  server.RaftServerConfigKeys (ConfUtils.java:logGet(43)) - raft.server.log.segment.size.max = 1048576 (custom)
2019-09-20 10:24:55,239 [pool-229-thread-1] INFO  server.RaftServerConfigKeys (ConfUtils.java:logGet(43)) - raft.server.log.segment.cache.num.max = 2 (custom)
2019-09-20 10:24:55,239 [pool-229-thread-1] INFO  segmented.SegmentedRaftLogWorker (SegmentedRaftLogWorker.java:<init>(172)) - new e8013689-2f13-4aaf-8a03-99f419c430ec-SegmentedRaftLogWorker:Storage Directory /workdir/hadoop-ozone/integration-test/target/test-dir/MiniOzoneClusterImpl-806821b2-061b-4172-afaf-fb68ff5248bd/datanode-1/data/ratis/1433d132-f579-41f9-9a5d-f720d76a59ae for RaftStorage:Storage Directory /workdir/hadoop-ozone/integration-test/target/test-dir/MiniOzoneClusterImpl-806821b2-061b-4172-afaf-fb68ff5248bd/datanode-1/data/ratis/1433d132-f579-41f9-9a5d-f720d76a59ae
2019-09-20 10:24:55,239 [pool-229-thread-1] INFO  server.RaftServerConfigKeys (ConfUtils.java:logGet(43)) - raft.server.log.queue.byte-limit = 2147483647 (custom)
2019-09-20 10:24:55,239 [pool-229-thread-1] INFO  server.RaftServerConfigKeys (ConfUtils.java:logGet(43)) - raft.server.log.queue.element-limit = 1024 (custom)
2019-09-20 10:24:55,240 [pool-229-thread-1] INFO  server.RaftServerConfigKeys (ConfUtils.java:logGet(43)) - raft.server.log.segment.size.max = 1048576 (custom)
2019-09-20 10:24:55,240 [pool-229-thread-1] INFO  server.RaftServerConfigKeys (ConfUtils.java:logGet(43)) - raft.server.log.preallocated.size = 16384 (custom)
2019-09-20 10:24:55,240 [pool-229-thread-1] INFO  server.RaftServerConfigKeys (ConfUtils.java:logGet(43)) - raft.server.log.write.buffer.size = 33554432 (custom)
2019-09-20 10:24:55,240 [pool-229-thread-1] INFO  server.RaftServerConfigKeys (ConfUtils.java:logGet(43)) - raft.server.log.force.sync.num = 128 (default)
2019-09-20 10:24:55,240 [pool-229-thread-1] INFO  server.RaftServerConfigKeys (ConfUtils.java:logGet(43)) - raft.server.log.statemachine.data.sync = true (default)
2019-09-20 10:24:55,240 [pool-229-thread-1] INFO  server.RaftServerConfigKeys (ConfUtils.java:logGet(43)) - raft.server.log.statemachine.data.sync.timeout = 10s (default)
2019-09-20 10:24:55,241 [pool-229-thread-1] INFO  server.RaftServerConfigKeys (ConfUtils.java:logGet(43)) - raft.server.log.statemachine.data.sync.timeout.retry = -1 (default)
2019-09-20 10:24:55,241 [pool-229-thread-1] INFO  server.RaftServerConfigKeys (ConfUtils.java:logGet(43)) - raft.server.log.statemachine.data.caching.enabled = true (custom)
2019-09-20 10:24:55,241 [pool-229-thread-1] INFO  segmented.SegmentedRaftLogWorker (SegmentedRaftLogWorker.java:lambda$new$0(132)) - e8013689-2f13-4aaf-8a03-99f419c430ec-SegmentedRaftLogWorker:Storage Directory /workdir/hadoop-ozone/integration-test/target/test-dir/MiniOzoneClusterImpl-806821b2-061b-4172-afaf-fb68ff5248bd/datanode-1/data/ratis/1433d132-f579-41f9-9a5d-f720d76a59ae: flushIndex: setUnconditionally 0 -> -1
2019-09-20 10:24:55,242 [pool-229-thread-1] INFO  server.RaftServerConfigKeys (ConfUtils.java:logGet(43)) - raft.server.snapshot.auto.trigger.enabled = true (custom)
2019-09-20 10:24:55,242 [pool-229-thread-1] INFO  server.RaftServerConfigKeys (ConfUtils.java:logGet(43)) - raft.server.snapshot.auto.trigger.threshold = 10000 (custom)
2019-09-20 10:24:55,242 [pool-229-thread-1] INFO  server.RaftServerConfigKeys (ConfUtils.java:logGet(43)) - raft.server.retrycache.expirytime = 600000ms (custom)
2019-09-20 10:24:55,242 [pool-229-thread-1] INFO  impl.RaftServerImpl (RaftServerImpl.java:start(180)) - e8013689-2f13-4aaf-8a03-99f419c430ec: start group-F720D76A59AE
2019-09-20 10:24:55,242 [pool-229-thread-1] INFO  impl.RaftServerImpl (RaftServerImpl.java:setRole(171)) - e8013689-2f13-4aaf-8a03-99f419c430ec:group-F720D76A59AE changes role from null to FOLLOWER at term 0 for startAsFollower
2019-09-20 10:24:55,243 [pool-229-thread-1] INFO  impl.RoleInfo (RoleInfo.java:updateAndGet(143)) - e8013689-2f13-4aaf-8a03-99f419c430ec: start FollowerState
2019-09-20 10:24:55,243 [pool-229-thread-1] INFO  util.JmxRegister (JmxRegister.java:tryRegister(44)) - Successfully registered JMX Bean with object name Ratis:service=RaftServer,group=group-F720D76A59AE,id=e8013689-2f13-4aaf-8a03-99f419c430ec
2019-09-20 10:24:55,246 [RatisPipelineUtilsThread] INFO  pipeline.PipelineStateManager (PipelineStateManager.java:addPipeline(56)) - Created pipeline Pipeline[ Id: 1433d132-f579-41f9-9a5d-f720d76a59ae, Nodes: e8013689-2f13-4aaf-8a03-99f419c430ec{ip: 192.168.36.99, host: pr-hdds-1569-p5fx8-1226042367, networkLocation: /default-rack, certSerialId: null}, Type:RATIS, Factor:ONE, State:OPEN]
2019-09-20 10:24:55,246 [RatisPipelineUtilsThread] INFO  pipeline.PipelinePlacementPolicy (PipelinePlacementPolicy.java:meetCriteria(91)) - Pipeline Placement: Doesn't meet the criteria to be viable node： 61649f92-8c0f-475a-818d-1064548aeef6 Heaviness: 6 limit: 5
2019-09-20 10:24:55,251 [grpc-default-executor-4] INFO  impl.RaftServerProxy (RaftServerProxy.java:addNew(89)) - e8013689-2f13-4aaf-8a03-99f419c430ec: addNew group-39574B001817:[e8013689-2f13-4aaf-8a03-99f419c430ec:192.168.36.99:43054] returns group-39574B001817:java.util.concurrent.CompletableFuture@666ffca3[Not completed]
2019-09-20 10:24:55,252 [pool-229-thread-1] INFO  impl.RaftServerImpl (RaftServerImpl.java:<init>(93)) - e8013689-2f13-4aaf-8a03-99f419c430ec: new RaftServerImpl for group-39574B001817:[e8013689-2f13-4aaf-8a03-99f419c430ec:192.168.36.99:43054] with ContainerStateMachine:uninitialized
2019-09-20 10:24:55,252 [pool-229-thread-1] INFO  server.RaftServerConfigKeys (ConfUtils.java:logGet(43)) - raft.server.rpc.timeout.min = 5s (custom)
2019-09-20 10:24:55,253 [pool-229-thread-1] INFO  server.RaftServerConfigKeys (ConfUtils.java:logGet(43)) - raft.server.rpc.timeout.max = 5200ms (custom)
2019-09-20 10:24:55,253 [pool-229-thread-1] INFO  server.RaftServerConfigKeys (ConfUtils.java:logGet(43)) - raft.server.rpcslowness.timeout = 120s (custom)
2019-09-20 10:24:55,253 [pool-229-thread-1] INFO  server.RaftServerConfigKeys (ConfUtils.java:logGet(43)) - raft.server.sleep.deviation.threshold = 300 (default)
2019-09-20 10:24:55,253 [pool-229-thread-1] INFO  server.RaftServerConfigKeys (ConfUtils.java:logGet(43)) - raft.server.log.appender.install.snapshot.enabled = false (custom)
2019-09-20 10:24:55,253 [pool-229-thread-1] INFO  impl.RaftServerImpl (ServerState.java:<init>(105)) - e8013689-2f13-4aaf-8a03-99f419c430ec:group-39574B001817 ConfigurationManager, init=-1: [e8013689-2f13-4aaf-8a03-99f419c430ec:192.168.36.99:43054], old=null, confs=<EMPTY_MAP>
2019-09-20 10:24:55,253 [pool-229-thread-1] INFO  server.RaftServerConfigKeys (ConfUtils.java:logGet(43)) - raft.server.storage.dir = [/workdir/hadoop-ozone/integration-test/target/test-dir/MiniOzoneClusterImpl-806821b2-061b-4172-afaf-fb68ff5248bd/datanode-1/data/ratis] (custom)
2019-09-20 10:24:55,254 [pool-229-thread-1] INFO  storage.RaftStorageDirectory (RaftStorageDirectory.java:analyzeStorage(246)) - The storage directory /workdir/hadoop-ozone/integration-test/target/test-dir/MiniOzoneClusterImpl-806821b2-061b-4172-afaf-fb68ff5248bd/datanode-1/data/ratis/d6f61380-79ec-40e9-890f-39574b001817 does not exist. Creating ...
2019-09-20 10:24:55,288 [pool-229-thread-1] INFO  storage.RaftStorageDirectory (RaftStorageDirectory.java:tryLock(328)) - Lock on /workdir/hadoop-ozone/integration-test/target/test-dir/MiniOzoneClusterImpl-806821b2-061b-4172-afaf-fb68ff5248bd/datanode-1/data/ratis/d6f61380-79ec-40e9-890f-39574b001817/in_use.lock acquired by nodename 28506@pr-hdds-1569-p5fx8-1226042367
2019-09-20 10:24:55,330 [pool-229-thread-1] INFO  storage.RaftStorage (RaftStorage.java:format(72)) - Storage directory /workdir/hadoop-ozone/integration-test/target/test-dir/MiniOzoneClusterImpl-806821b2-061b-4172-afaf-fb68ff5248bd/datanode-1/data/ratis/d6f61380-79ec-40e9-890f-39574b001817 has been successfully formatted.
2019-09-20 10:24:55,330 [pool-229-thread-1] INFO  ratis.ContainerStateMachine (ContainerStateMachine.java:loadSnapshot(226)) - group-39574B001817: The snapshot info is null. Setting the last applied indexto:(t:0, i:~)
2019-09-20 10:24:55,330 [pool-229-thread-1] INFO  server.RaftServerConfigKeys (ConfUtils.java:logGet(43)) - raft.server.leader.election.timeout = 120s (custom)
2019-09-20 10:24:55,331 [pool-229-thread-1] INFO  server.RaftServerConfigKeys (ConfUtils.java:logGet(43)) - raft.server.log.use.memory = false (default)
2019-09-20 10:24:55,331 [pool-229-thread-1] INFO  server.RaftServerConfigKeys (ConfUtils.java:logGet(43)) - raft.server.log.purge.gap = 1000000 (custom)
2019-09-20 10:24:55,331 [pool-229-thread-1] INFO  server.RaftServerConfigKeys (ConfUtils.java:logGet(43)) - raft.server.log.appender.buffer.byte-limit = 33554432 (custom)
2019-09-20 10:24:55,331 [pool-229-thread-1] INFO  server.RaftServerConfigKeys (ConfUtils.java:logGet(43)) - raft.server.log.segment.size.max = 1048576 (custom)
2019-09-20 10:24:55,331 [pool-229-thread-1] INFO  server.RaftServerConfigKeys (ConfUtils.java:logGet(43)) - raft.server.log.segment.cache.num.max = 2 (custom)
2019-09-20 10:24:55,331 [pool-229-thread-1] INFO  segmented.SegmentedRaftLogWorker (SegmentedRaftLogWorker.java:<init>(172)) - new e8013689-2f13-4aaf-8a03-99f419c430ec-SegmentedRaftLogWorker:Storage Directory /workdir/hadoop-ozone/integration-test/target/test-dir/MiniOzoneClusterImpl-806821b2-061b-4172-afaf-fb68ff5248bd/datanode-1/data/ratis/d6f61380-79ec-40e9-890f-39574b001817 for RaftStorage:Storage Directory /workdir/hadoop-ozone/integration-test/target/test-dir/MiniOzoneClusterImpl-806821b2-061b-4172-afaf-fb68ff5248bd/datanode-1/data/ratis/d6f61380-79ec-40e9-890f-39574b001817
2019-09-20 10:24:55,332 [pool-229-thread-1] INFO  server.RaftServerConfigKeys (ConfUtils.java:logGet(43)) - raft.server.log.queue.byte-limit = 2147483647 (custom)
2019-09-20 10:24:55,332 [pool-229-thread-1] INFO  server.RaftServerConfigKeys (ConfUtils.java:logGet(43)) - raft.server.log.queue.element-limit = 1024 (custom)
2019-09-20 10:24:55,332 [pool-229-thread-1] INFO  server.RaftServerConfigKeys (ConfUtils.java:logGet(43)) - raft.server.log.segment.size.max = 1048576 (custom)
2019-09-20 10:24:55,332 [pool-229-thread-1] INFO  server.RaftServerConfigKeys (ConfUtils.java:logGet(43)) - raft.server.log.preallocated.size = 16384 (custom)
2019-09-20 10:24:55,332 [pool-229-thread-1] INFO  server.RaftServerConfigKeys (ConfUtils.java:logGet(43)) - raft.server.log.write.buffer.size = 33554432 (custom)
2019-09-20 10:24:55,332 [pool-229-thread-1] INFO  server.RaftServerConfigKeys (ConfUtils.java:logGet(43)) - raft.server.log.force.sync.num = 128 (default)
2019-09-20 10:24:55,333 [pool-229-thread-1] INFO  server.RaftServerConfigKeys (ConfUtils.java:logGet(43)) - raft.server.log.statemachine.data.sync = true (default)
2019-09-20 10:24:55,333 [pool-229-thread-1] INFO  server.RaftServerConfigKeys (ConfUtils.java:logGet(43)) - raft.server.log.statemachine.data.sync.timeout = 10s (default)
2019-09-20 10:24:55,333 [pool-229-thread-1] INFO  server.RaftServerConfigKeys (ConfUtils.java:logGet(43)) - raft.server.log.statemachine.data.sync.timeout.retry = -1 (default)
2019-09-20 10:24:55,333 [pool-229-thread-1] INFO  server.RaftServerConfigKeys (ConfUtils.java:logGet(43)) - raft.server.log.statemachine.data.caching.enabled = true (custom)
2019-09-20 10:24:55,333 [pool-229-thread-1] INFO  segmented.SegmentedRaftLogWorker (SegmentedRaftLogWorker.java:lambda$new$0(132)) - e8013689-2f13-4aaf-8a03-99f419c430ec-SegmentedRaftLogWorker:Storage Directory /workdir/hadoop-ozone/integration-test/target/test-dir/MiniOzoneClusterImpl-806821b2-061b-4172-afaf-fb68ff5248bd/datanode-1/data/ratis/d6f61380-79ec-40e9-890f-39574b001817: flushIndex: setUnconditionally 0 -> -1
2019-09-20 10:24:55,334 [pool-229-thread-1] INFO  server.RaftServerConfigKeys (ConfUtils.java:logGet(43)) - raft.server.snapshot.auto.trigger.enabled = true (custom)
2019-09-20 10:24:55,334 [pool-229-thread-1] INFO  server.RaftServerConfigKeys (ConfUtils.java:logGet(43)) - raft.server.snapshot.auto.trigger.threshold = 10000 (custom)
2019-09-20 10:24:55,334 [pool-229-thread-1] INFO  server.RaftServerConfigKeys (ConfUtils.java:logGet(43)) - raft.server.retrycache.expirytime = 600000ms (custom)
2019-09-20 10:24:55,334 [pool-229-thread-1] INFO  impl.RaftServerImpl (RaftServerImpl.java:start(180)) - e8013689-2f13-4aaf-8a03-99f419c430ec: start group-39574B001817
2019-09-20 10:24:55,335 [pool-229-thread-1] INFO  impl.RaftServerImpl (RaftServerImpl.java:setRole(171)) - e8013689-2f13-4aaf-8a03-99f419c430ec:group-39574B001817 changes role from null to FOLLOWER at term 0 for startAsFollower
2019-09-20 10:24:55,335 [pool-229-thread-1] INFO  impl.RoleInfo (RoleInfo.java:updateAndGet(143)) - e8013689-2f13-4aaf-8a03-99f419c430ec: start FollowerState
2019-09-20 10:24:55,335 [pool-229-thread-1] INFO  util.JmxRegister (JmxRegister.java:tryRegister(44)) - Successfully registered JMX Bean with object name Ratis:service=RaftServer,group=group-39574B001817,id=e8013689-2f13-4aaf-8a03-99f419c430ec
2019-09-20 10:24:55,338 [RatisPipelineUtilsThread] INFO  pipeline.PipelineStateManager (PipelineStateManager.java:addPipeline(56)) - Created pipeline Pipeline[ Id: d6f61380-79ec-40e9-890f-39574b001817, Nodes: e8013689-2f13-4aaf-8a03-99f419c430ec{ip: 192.168.36.99, host: pr-hdds-1569-p5fx8-1226042367, networkLocation: /default-rack, certSerialId: null}, Type:RATIS, Factor:ONE, State:OPEN]
2019-09-20 10:24:55,338 [RatisPipelineUtilsThread] INFO  pipeline.PipelinePlacementPolicy (PipelinePlacementPolicy.java:meetCriteria(91)) - Pipeline Placement: Doesn't meet the criteria to be viable node： 61649f92-8c0f-475a-818d-1064548aeef6 Heaviness: 6 limit: 5
2019-09-20 10:24:55,342 [grpc-default-executor-4] INFO  impl.RaftServerProxy (RaftServerProxy.java:addNew(89)) - e8013689-2f13-4aaf-8a03-99f419c430ec: addNew group-7996EA82AE07:[e8013689-2f13-4aaf-8a03-99f419c430ec:192.168.36.99:43054] returns group-7996EA82AE07:java.util.concurrent.CompletableFuture@5ee31f4[Not completed]
2019-09-20 10:24:55,344 [pool-229-thread-1] INFO  impl.RaftServerImpl (RaftServerImpl.java:<init>(93)) - e8013689-2f13-4aaf-8a03-99f419c430ec: new RaftServerImpl for group-7996EA82AE07:[e8013689-2f13-4aaf-8a03-99f419c430ec:192.168.36.99:43054] with ContainerStateMachine:uninitialized
2019-09-20 10:24:55,344 [pool-229-thread-1] INFO  server.RaftServerConfigKeys (ConfUtils.java:logGet(43)) - raft.server.rpc.timeout.min = 5s (custom)
2019-09-20 10:24:55,344 [pool-229-thread-1] INFO  server.RaftServerConfigKeys (ConfUtils.java:logGet(43)) - raft.server.rpc.timeout.max = 5200ms (custom)
2019-09-20 10:24:55,344 [pool-229-thread-1] INFO  server.RaftServerConfigKeys (ConfUtils.java:logGet(43)) - raft.server.rpcslowness.timeout = 120s (custom)
2019-09-20 10:24:55,344 [pool-229-thread-1] INFO  server.RaftServerConfigKeys (ConfUtils.java:logGet(43)) - raft.server.sleep.deviation.threshold = 300 (default)
2019-09-20 10:24:55,344 [pool-229-thread-1] INFO  server.RaftServerConfigKeys (ConfUtils.java:logGet(43)) - raft.server.log.appender.install.snapshot.enabled = false (custom)
2019-09-20 10:24:55,344 [pool-229-thread-1] INFO  impl.RaftServerImpl (ServerState.java:<init>(105)) - e8013689-2f13-4aaf-8a03-99f419c430ec:group-7996EA82AE07 ConfigurationManager, init=-1: [e8013689-2f13-4aaf-8a03-99f419c430ec:192.168.36.99:43054], old=null, confs=<EMPTY_MAP>
2019-09-20 10:24:55,345 [pool-229-thread-1] INFO  server.RaftServerConfigKeys (ConfUtils.java:logGet(43)) - raft.server.storage.dir = [/workdir/hadoop-ozone/integration-test/target/test-dir/MiniOzoneClusterImpl-806821b2-061b-4172-afaf-fb68ff5248bd/datanode-1/data/ratis] (custom)
2019-09-20 10:24:55,345 [pool-229-thread-1] INFO  storage.RaftStorageDirectory (RaftStorageDirectory.java:analyzeStorage(246)) - The storage directory /workdir/hadoop-ozone/integration-test/target/test-dir/MiniOzoneClusterImpl-806821b2-061b-4172-afaf-fb68ff5248bd/datanode-1/data/ratis/4fe962ac-7d8f-4645-8671-7996ea82ae07 does not exist. Creating ...
2019-09-20 10:24:55,380 [pool-229-thread-1] INFO  storage.RaftStorageDirectory (RaftStorageDirectory.java:tryLock(328)) - Lock on /workdir/hadoop-ozone/integration-test/target/test-dir/MiniOzoneClusterImpl-806821b2-061b-4172-afaf-fb68ff5248bd/datanode-1/data/ratis/4fe962ac-7d8f-4645-8671-7996ea82ae07/in_use.lock acquired by nodename 28506@pr-hdds-1569-p5fx8-1226042367
2019-09-20 10:24:55,414 [pool-229-thread-1] INFO  storage.RaftStorage (RaftStorage.java:format(72)) - Storage directory /workdir/hadoop-ozone/integration-test/target/test-dir/MiniOzoneClusterImpl-806821b2-061b-4172-afaf-fb68ff5248bd/datanode-1/data/ratis/4fe962ac-7d8f-4645-8671-7996ea82ae07 has been successfully formatted.
2019-09-20 10:24:55,414 [pool-229-thread-1] INFO  ratis.ContainerStateMachine (ContainerStateMachine.java:loadSnapshot(226)) - group-7996EA82AE07: The snapshot info is null. Setting the last applied indexto:(t:0, i:~)
2019-09-20 10:24:55,415 [pool-229-thread-1] INFO  server.RaftServerConfigKeys (ConfUtils.java:logGet(43)) - raft.server.leader.election.timeout = 120s (custom)
2019-09-20 10:24:55,415 [pool-229-thread-1] INFO  server.RaftServerConfigKeys (ConfUtils.java:logGet(43)) - raft.server.log.use.memory = false (default)
2019-09-20 10:24:55,415 [pool-229-thread-1] INFO  server.RaftServerConfigKeys (ConfUtils.java:logGet(43)) - raft.server.log.purge.gap = 1000000 (custom)
2019-09-20 10:24:55,415 [pool-229-thread-1] INFO  server.RaftServerConfigKeys (ConfUtils.java:logGet(43)) - raft.server.log.appender.buffer.byte-limit = 33554432 (custom)
2019-09-20 10:24:55,415 [pool-229-thread-1] INFO  server.RaftServerConfigKeys (ConfUtils.java:logGet(43)) - raft.server.log.segment.size.max = 1048576 (custom)
2019-09-20 10:24:55,415 [pool-229-thread-1] INFO  server.RaftServerConfigKeys (ConfUtils.java:logGet(43)) - raft.server.log.segment.cache.num.max = 2 (custom)
2019-09-20 10:24:55,415 [pool-229-thread-1] INFO  segmented.SegmentedRaftLogWorker (SegmentedRaftLogWorker.java:<init>(172)) - new e8013689-2f13-4aaf-8a03-99f419c430ec-SegmentedRaftLogWorker:Storage Directory /workdir/hadoop-ozone/integration-test/target/test-dir/MiniOzoneClusterImpl-806821b2-061b-4172-afaf-fb68ff5248bd/datanode-1/data/ratis/4fe962ac-7d8f-4645-8671-7996ea82ae07 for RaftStorage:Storage Directory /workdir/hadoop-ozone/integration-test/target/test-dir/MiniOzoneClusterImpl-806821b2-061b-4172-afaf-fb68ff5248bd/datanode-1/data/ratis/4fe962ac-7d8f-4645-8671-7996ea82ae07
2019-09-20 10:24:55,416 [pool-229-thread-1] INFO  server.RaftServerConfigKeys (ConfUtils.java:logGet(43)) - raft.server.log.queue.byte-limit = 2147483647 (custom)
2019-09-20 10:24:55,416 [pool-229-thread-1] INFO  server.RaftServerConfigKeys (ConfUtils.java:logGet(43)) - raft.server.log.queue.element-limit = 1024 (custom)
2019-09-20 10:24:55,416 [pool-229-thread-1] INFO  server.RaftServerConfigKeys (ConfUtils.java:logGet(43)) - raft.server.log.segment.size.max = 1048576 (custom)
2019-09-20 10:24:55,416 [pool-229-thread-1] INFO  server.RaftServerConfigKeys (ConfUtils.java:logGet(43)) - raft.server.log.preallocated.size = 16384 (custom)
2019-09-20 10:24:55,416 [pool-229-thread-1] INFO  server.RaftServerConfigKeys (ConfUtils.java:logGet(43)) - raft.server.log.write.buffer.size = 33554432 (custom)
2019-09-20 10:24:55,416 [pool-229-thread-1] INFO  server.RaftServerConfigKeys (ConfUtils.java:logGet(43)) - raft.server.log.force.sync.num = 128 (default)
2019-09-20 10:24:55,417 [pool-229-thread-1] INFO  server.RaftServerConfigKeys (ConfUtils.java:logGet(43)) - raft.server.log.statemachine.data.sync = true (default)
2019-09-20 10:24:55,417 [pool-229-thread-1] INFO  server.RaftServerConfigKeys (ConfUtils.java:logGet(43)) - raft.server.log.statemachine.data.sync.timeout = 10s (default)
2019-09-20 10:24:55,417 [pool-229-thread-1] INFO  server.RaftServerConfigKeys (ConfUtils.java:logGet(43)) - raft.server.log.statemachine.data.sync.timeout.retry = -1 (default)
2019-09-20 10:24:55,417 [pool-229-thread-1] INFO  server.RaftServerConfigKeys (ConfUtils.java:logGet(43)) - raft.server.log.statemachine.data.caching.enabled = true (custom)
2019-09-20 10:24:55,417 [pool-229-thread-1] INFO  segmented.SegmentedRaftLogWorker (SegmentedRaftLogWorker.java:lambda$new$0(132)) - e8013689-2f13-4aaf-8a03-99f419c430ec-SegmentedRaftLogWorker:Storage Directory /workdir/hadoop-ozone/integration-test/target/test-dir/MiniOzoneClusterImpl-806821b2-061b-4172-afaf-fb68ff5248bd/datanode-1/data/ratis/4fe962ac-7d8f-4645-8671-7996ea82ae07: flushIndex: setUnconditionally 0 -> -1
2019-09-20 10:24:55,418 [pool-229-thread-1] INFO  server.RaftServerConfigKeys (ConfUtils.java:logGet(43)) - raft.server.snapshot.auto.trigger.enabled = true (custom)
2019-09-20 10:24:55,418 [pool-229-thread-1] INFO  server.RaftServerConfigKeys (ConfUtils.java:logGet(43)) - raft.server.snapshot.auto.trigger.threshold = 10000 (custom)
2019-09-20 10:24:55,418 [pool-229-thread-1] INFO  server.RaftServerConfigKeys (ConfUtils.java:logGet(43)) - raft.server.retrycache.expirytime = 600000ms (custom)
2019-09-20 10:24:55,418 [pool-229-thread-1] INFO  impl.RaftServerImpl (RaftServerImpl.java:start(180)) - e8013689-2f13-4aaf-8a03-99f419c430ec: start group-7996EA82AE07
2019-09-20 10:24:55,419 [pool-229-thread-1] INFO  impl.RaftServerImpl (RaftServerImpl.java:setRole(171)) - e8013689-2f13-4aaf-8a03-99f419c430ec:group-7996EA82AE07 changes role from null to FOLLOWER at term 0 for startAsFollower
2019-09-20 10:24:55,419 [pool-229-thread-1] INFO  impl.RoleInfo (RoleInfo.java:updateAndGet(143)) - e8013689-2f13-4aaf-8a03-99f419c430ec: start FollowerState
2019-09-20 10:24:55,419 [pool-229-thread-1] INFO  util.JmxRegister (JmxRegister.java:tryRegister(44)) - Successfully registered JMX Bean with object name Ratis:service=RaftServer,group=group-7996EA82AE07,id=e8013689-2f13-4aaf-8a03-99f419c430ec
2019-09-20 10:24:55,422 [RatisPipelineUtilsThread] INFO  pipeline.PipelineStateManager (PipelineStateManager.java:addPipeline(56)) - Created pipeline Pipeline[ Id: 4fe962ac-7d8f-4645-8671-7996ea82ae07, Nodes: e8013689-2f13-4aaf-8a03-99f419c430ec{ip: 192.168.36.99, host: pr-hdds-1569-p5fx8-1226042367, networkLocation: /default-rack, certSerialId: null}, Type:RATIS, Factor:ONE, State:OPEN]
2019-09-20 10:24:55,422 [RatisPipelineUtilsThread] INFO  pipeline.PipelinePlacementPolicy (PipelinePlacementPolicy.java:meetCriteria(91)) - Pipeline Placement: Doesn't meet the criteria to be viable node： 61649f92-8c0f-475a-818d-1064548aeef6 Heaviness: 6 limit: 5
2019-09-20 10:24:55,427 [grpc-default-executor-4] INFO  impl.RaftServerProxy (RaftServerProxy.java:addNew(89)) - e8013689-2f13-4aaf-8a03-99f419c430ec: addNew group-4F0D8B9435FE:[e8013689-2f13-4aaf-8a03-99f419c430ec:192.168.36.99:43054] returns group-4F0D8B9435FE:java.util.concurrent.CompletableFuture@7ab960fd[Not completed]
2019-09-20 10:24:55,429 [pool-229-thread-1] INFO  impl.RaftServerImpl (RaftServerImpl.java:<init>(93)) - e8013689-2f13-4aaf-8a03-99f419c430ec: new RaftServerImpl for group-4F0D8B9435FE:[e8013689-2f13-4aaf-8a03-99f419c430ec:192.168.36.99:43054] with ContainerStateMachine:uninitialized
2019-09-20 10:24:55,429 [pool-229-thread-1] INFO  server.RaftServerConfigKeys (ConfUtils.java:logGet(43)) - raft.server.rpc.timeout.min = 5s (custom)
2019-09-20 10:24:55,429 [pool-229-thread-1] INFO  server.RaftServerConfigKeys (ConfUtils.java:logGet(43)) - raft.server.rpc.timeout.max = 5200ms (custom)
2019-09-20 10:24:55,429 [pool-229-thread-1] INFO  server.RaftServerConfigKeys (ConfUtils.java:logGet(43)) - raft.server.rpcslowness.timeout = 120s (custom)
2019-09-20 10:24:55,429 [pool-229-thread-1] INFO  server.RaftServerConfigKeys (ConfUtils.java:logGet(43)) - raft.server.sleep.deviation.threshold = 300 (default)
2019-09-20 10:24:55,430 [pool-229-thread-1] INFO  server.RaftServerConfigKeys (ConfUtils.java:logGet(43)) - raft.server.log.appender.install.snapshot.enabled = false (custom)
2019-09-20 10:24:55,430 [pool-229-thread-1] INFO  impl.RaftServerImpl (ServerState.java:<init>(105)) - e8013689-2f13-4aaf-8a03-99f419c430ec:group-4F0D8B9435FE ConfigurationManager, init=-1: [e8013689-2f13-4aaf-8a03-99f419c430ec:192.168.36.99:43054], old=null, confs=<EMPTY_MAP>
2019-09-20 10:24:55,430 [pool-229-thread-1] INFO  server.RaftServerConfigKeys (ConfUtils.java:logGet(43)) - raft.server.storage.dir = [/workdir/hadoop-ozone/integration-test/target/test-dir/MiniOzoneClusterImpl-806821b2-061b-4172-afaf-fb68ff5248bd/datanode-1/data/ratis] (custom)
2019-09-20 10:24:55,431 [pool-229-thread-1] INFO  storage.RaftStorageDirectory (RaftStorageDirectory.java:analyzeStorage(246)) - The storage directory /workdir/hadoop-ozone/integration-test/target/test-dir/MiniOzoneClusterImpl-806821b2-061b-4172-afaf-fb68ff5248bd/datanode-1/data/ratis/08136aa7-4ba0-4fe8-b0eb-4f0d8b9435fe does not exist. Creating ...
2019-09-20 10:24:55,473 [pool-229-thread-1] INFO  storage.RaftStorageDirectory (RaftStorageDirectory.java:tryLock(328)) - Lock on /workdir/hadoop-ozone/integration-test/target/test-dir/MiniOzoneClusterImpl-806821b2-061b-4172-afaf-fb68ff5248bd/datanode-1/data/ratis/08136aa7-4ba0-4fe8-b0eb-4f0d8b9435fe/in_use.lock acquired by nodename 28506@pr-hdds-1569-p5fx8-1226042367
2019-09-20 10:24:55,503 [IPC Server handler 4 on 37594] INFO  net.NetworkTopology (NetworkTopologyImpl.java:add(110)) - Added a new node: /default-rack/cff8bf6b-8d20-4327-9f29-08a3c2b49247
2019-09-20 10:24:55,503 [IPC Server handler 4 on 37594] INFO  node.SCMNodeManager (SCMNodeManager.java:register(273)) - Registered Data node : cff8bf6b-8d20-4327-9f29-08a3c2b49247{ip: 192.168.36.99, host: pr-hdds-1569-p5fx8-1226042367, networkLocation: /default-rack, certSerialId: null}
2019-09-20 10:24:55,504 | INFO  | SCMAudit | user=jenkins1000 | ip=192.168.36.99 | op=REGISTER {datanodeDetails=cff8bf6b-8d20-4327-9f29-08a3c2b49247{ip: 192.168.36.99, host: pr-hdds-1569-p5fx8-1226042367, networkLocation: /default-rack, certSerialId: null}} | ret=SUCCESS |  
2019-09-20 10:24:55,507 [pool-229-thread-1] INFO  storage.RaftStorage (RaftStorage.java:format(72)) - Storage directory /workdir/hadoop-ozone/integration-test/target/test-dir/MiniOzoneClusterImpl-806821b2-061b-4172-afaf-fb68ff5248bd/datanode-1/data/ratis/08136aa7-4ba0-4fe8-b0eb-4f0d8b9435fe has been successfully formatted.
2019-09-20 10:24:55,508 [pool-229-thread-1] INFO  ratis.ContainerStateMachine (ContainerStateMachine.java:loadSnapshot(226)) - group-4F0D8B9435FE: The snapshot info is null. Setting the last applied indexto:(t:0, i:~)
2019-09-20 10:24:55,508 [pool-229-thread-1] INFO  server.RaftServerConfigKeys (ConfUtils.java:logGet(43)) - raft.server.leader.election.timeout = 120s (custom)
2019-09-20 10:24:55,508 [pool-229-thread-1] INFO  server.RaftServerConfigKeys (ConfUtils.java:logGet(43)) - raft.server.log.use.memory = false (default)
2019-09-20 10:24:55,508 [pool-229-thread-1] INFO  server.RaftServerConfigKeys (ConfUtils.java:logGet(43)) - raft.server.log.purge.gap = 1000000 (custom)
2019-09-20 10:24:55,508 [pool-229-thread-1] INFO  server.RaftServerConfigKeys (ConfUtils.java:logGet(43)) - raft.server.log.appender.buffer.byte-limit = 33554432 (custom)
2019-09-20 10:24:55,508 [pool-229-thread-1] INFO  server.RaftServerConfigKeys (ConfUtils.java:logGet(43)) - raft.server.log.segment.size.max = 1048576 (custom)
2019-09-20 10:24:55,509 [pool-229-thread-1] INFO  server.RaftServerConfigKeys (ConfUtils.java:logGet(43)) - raft.server.log.segment.cache.num.max = 2 (custom)
2019-09-20 10:24:55,509 [pool-229-thread-1] INFO  segmented.SegmentedRaftLogWorker (SegmentedRaftLogWorker.java:<init>(172)) - new e8013689-2f13-4aaf-8a03-99f419c430ec-SegmentedRaftLogWorker:Storage Directory /workdir/hadoop-ozone/integration-test/target/test-dir/MiniOzoneClusterImpl-806821b2-061b-4172-afaf-fb68ff5248bd/datanode-1/data/ratis/08136aa7-4ba0-4fe8-b0eb-4f0d8b9435fe for RaftStorage:Storage Directory /workdir/hadoop-ozone/integration-test/target/test-dir/MiniOzoneClusterImpl-806821b2-061b-4172-afaf-fb68ff5248bd/datanode-1/data/ratis/08136aa7-4ba0-4fe8-b0eb-4f0d8b9435fe
2019-09-20 10:24:55,509 [pool-229-thread-1] INFO  server.RaftServerConfigKeys (ConfUtils.java:logGet(43)) - raft.server.log.queue.byte-limit = 2147483647 (custom)
2019-09-20 10:24:55,509 [pool-229-thread-1] INFO  server.RaftServerConfigKeys (ConfUtils.java:logGet(43)) - raft.server.log.queue.element-limit = 1024 (custom)
2019-09-20 10:24:55,509 [pool-229-thread-1] INFO  server.RaftServerConfigKeys (ConfUtils.java:logGet(43)) - raft.server.log.segment.size.max = 1048576 (custom)
2019-09-20 10:24:55,509 [pool-229-thread-1] INFO  server.RaftServerConfigKeys (ConfUtils.java:logGet(43)) - raft.server.log.preallocated.size = 16384 (custom)
2019-09-20 10:24:55,510 [pool-229-thread-1] INFO  server.RaftServerConfigKeys (ConfUtils.java:logGet(43)) - raft.server.log.write.buffer.size = 33554432 (custom)
2019-09-20 10:24:55,510 [pool-229-thread-1] INFO  server.RaftServerConfigKeys (ConfUtils.java:logGet(43)) - raft.server.log.force.sync.num = 128 (default)
2019-09-20 10:24:55,510 [pool-229-thread-1] INFO  server.RaftServerConfigKeys (ConfUtils.java:logGet(43)) - raft.server.log.statemachine.data.sync = true (default)
2019-09-20 10:24:55,510 [pool-229-thread-1] INFO  server.RaftServerConfigKeys (ConfUtils.java:logGet(43)) - raft.server.log.statemachine.data.sync.timeout = 10s (default)
2019-09-20 10:24:55,510 [pool-229-thread-1] INFO  server.RaftServerConfigKeys (ConfUtils.java:logGet(43)) - raft.server.log.statemachine.data.sync.timeout.retry = -1 (default)
2019-09-20 10:24:55,510 [pool-229-thread-1] INFO  server.RaftServerConfigKeys (ConfUtils.java:logGet(43)) - raft.server.log.statemachine.data.caching.enabled = true (custom)
2019-09-20 10:24:55,511 [pool-229-thread-1] INFO  segmented.SegmentedRaftLogWorker (SegmentedRaftLogWorker.java:lambda$new$0(132)) - e8013689-2f13-4aaf-8a03-99f419c430ec-SegmentedRaftLogWorker:Storage Directory /workdir/hadoop-ozone/integration-test/target/test-dir/MiniOzoneClusterImpl-806821b2-061b-4172-afaf-fb68ff5248bd/datanode-1/data/ratis/08136aa7-4ba0-4fe8-b0eb-4f0d8b9435fe: flushIndex: setUnconditionally 0 -> -1
2019-09-20 10:24:55,511 [pool-229-thread-1] INFO  server.RaftServerConfigKeys (ConfUtils.java:logGet(43)) - raft.server.snapshot.auto.trigger.enabled = true (custom)
2019-09-20 10:24:55,511 [pool-229-thread-1] INFO  server.RaftServerConfigKeys (ConfUtils.java:logGet(43)) - raft.server.snapshot.auto.trigger.threshold = 10000 (custom)
2019-09-20 10:24:55,512 [pool-229-thread-1] INFO  server.RaftServerConfigKeys (ConfUtils.java:logGet(43)) - raft.server.retrycache.expirytime = 600000ms (custom)
2019-09-20 10:24:55,512 [pool-229-thread-1] INFO  impl.RaftServerImpl (RaftServerImpl.java:start(180)) - e8013689-2f13-4aaf-8a03-99f419c430ec: start group-4F0D8B9435FE
2019-09-20 10:24:55,512 [pool-229-thread-1] INFO  impl.RaftServerImpl (RaftServerImpl.java:setRole(171)) - e8013689-2f13-4aaf-8a03-99f419c430ec:group-4F0D8B9435FE changes role from null to FOLLOWER at term 0 for startAsFollower
2019-09-20 10:24:55,512 [pool-229-thread-1] INFO  impl.RoleInfo (RoleInfo.java:updateAndGet(143)) - e8013689-2f13-4aaf-8a03-99f419c430ec: start FollowerState
2019-09-20 10:24:55,513 [pool-229-thread-1] INFO  util.JmxRegister (JmxRegister.java:tryRegister(44)) - Successfully registered JMX Bean with object name Ratis:service=RaftServer,group=group-4F0D8B9435FE,id=e8013689-2f13-4aaf-8a03-99f419c430ec
2019-09-20 10:24:55,515 [RatisPipelineUtilsThread] INFO  pipeline.PipelineStateManager (PipelineStateManager.java:addPipeline(56)) - Created pipeline Pipeline[ Id: 08136aa7-4ba0-4fe8-b0eb-4f0d8b9435fe, Nodes: e8013689-2f13-4aaf-8a03-99f419c430ec{ip: 192.168.36.99, host: pr-hdds-1569-p5fx8-1226042367, networkLocation: /default-rack, certSerialId: null}, Type:RATIS, Factor:ONE, State:OPEN]
2019-09-20 10:24:55,516 [RatisPipelineUtilsThread] INFO  pipeline.PipelinePlacementPolicy (PipelinePlacementPolicy.java:meetCriteria(91)) - Pipeline Placement: Doesn't meet the criteria to be viable node： 61649f92-8c0f-475a-818d-1064548aeef6 Heaviness: 6 limit: 5
2019-09-20 10:24:55,531 [grpc-default-executor-4] INFO  impl.RaftServerProxy (RaftServerProxy.java:addNew(89)) - 136f1953-bb94-4097-a2d4-422a6782bee0: addNew group-3EE8DB6CDF8E:[136f1953-bb94-4097-a2d4-422a6782bee0:192.168.36.99:37121] returns group-3EE8DB6CDF8E:java.util.concurrent.CompletableFuture@1b0b0590[Not completed]
2019-09-20 10:24:55,533 [pool-240-thread-1] INFO  impl.RaftServerImpl (RaftServerImpl.java:<init>(93)) - 136f1953-bb94-4097-a2d4-422a6782bee0: new RaftServerImpl for group-3EE8DB6CDF8E:[136f1953-bb94-4097-a2d4-422a6782bee0:192.168.36.99:37121] with ContainerStateMachine:uninitialized
2019-09-20 10:24:55,533 [pool-240-thread-1] INFO  server.RaftServerConfigKeys (ConfUtils.java:logGet(43)) - raft.server.rpc.timeout.min = 5s (custom)
2019-09-20 10:24:55,533 [pool-240-thread-1] INFO  server.RaftServerConfigKeys (ConfUtils.java:logGet(43)) - raft.server.rpc.timeout.max = 5200ms (custom)
2019-09-20 10:24:55,533 [pool-240-thread-1] INFO  server.RaftServerConfigKeys (ConfUtils.java:logGet(43)) - raft.server.rpcslowness.timeout = 120s (custom)
2019-09-20 10:24:55,534 [pool-240-thread-1] INFO  server.RaftServerConfigKeys (ConfUtils.java:logGet(43)) - raft.server.sleep.deviation.threshold = 300 (default)
2019-09-20 10:24:55,534 [pool-240-thread-1] INFO  server.RaftServerConfigKeys (ConfUtils.java:logGet(43)) - raft.server.log.appender.install.snapshot.enabled = false (custom)
2019-09-20 10:24:55,534 [pool-240-thread-1] INFO  impl.RaftServerImpl (ServerState.java:<init>(105)) - 136f1953-bb94-4097-a2d4-422a6782bee0:group-3EE8DB6CDF8E ConfigurationManager, init=-1: [136f1953-bb94-4097-a2d4-422a6782bee0:192.168.36.99:37121], old=null, confs=<EMPTY_MAP>
2019-09-20 10:24:55,534 [pool-240-thread-1] INFO  server.RaftServerConfigKeys (ConfUtils.java:logGet(43)) - raft.server.storage.dir = [/workdir/hadoop-ozone/integration-test/target/test-dir/MiniOzoneClusterImpl-806821b2-061b-4172-afaf-fb68ff5248bd/datanode-2/data/ratis] (custom)
2019-09-20 10:24:55,535 [pool-240-thread-1] INFO  storage.RaftStorageDirectory (RaftStorageDirectory.java:analyzeStorage(246)) - The storage directory /workdir/hadoop-ozone/integration-test/target/test-dir/MiniOzoneClusterImpl-806821b2-061b-4172-afaf-fb68ff5248bd/datanode-2/data/ratis/ab429de5-7bd6-4f65-abd0-3ee8db6cdf8e does not exist. Creating ...
2019-09-20 10:24:55,551 | INFO  | SCMAudit | user=jenkins1000 | ip=192.168.36.99 | op=SEND_HEARTBEAT {datanodeUUID=6491c372-a595-4104-b3e9-c4f3293baafa, command=[]} | ret=SUCCESS |  
2019-09-20 10:24:55,551 | INFO  | SCMAudit | user=jenkins1000 | ip=192.168.36.99 | op=SEND_HEARTBEAT {datanodeUUID=d2ed2d9b-7ac7-460e-84f6-6d9d6066f76d, command=[]} | ret=SUCCESS |  
2019-09-20 10:24:55,552 | INFO  | SCMAudit | user=jenkins1000 | ip=192.168.36.99 | op=SEND_HEARTBEAT {datanodeUUID=3d6f3241-e73c-473a-ad0b-c7be2f7e1dda, command=[]} | ret=SUCCESS |  
2019-09-20 10:24:55,552 | INFO  | SCMAudit | user=jenkins1000 | ip=192.168.36.99 | op=SEND_HEARTBEAT {datanodeUUID=19fb8383-7c99-4449-b95c-a26e71717844, command=[]} | ret=SUCCESS |  
2019-09-20 10:24:55,553 | INFO  | SCMAudit | user=jenkins1000 | ip=192.168.36.99 | op=SEND_HEARTBEAT {datanodeUUID=468be06f-55e9-4831-ba6b-3db017451a79, command=[]} | ret=SUCCESS |  
2019-09-20 10:24:55,553 | INFO  | SCMAudit | user=jenkins1000 | ip=192.168.36.99 | op=SEND_HEARTBEAT {datanodeUUID=1ab786b9-c79c-4265-88a1-5b3344c6beda, command=[]} | ret=SUCCESS |  
2019-09-20 10:24:55,554 | INFO  | SCMAudit | user=jenkins1000 | ip=192.168.36.99 | op=SEND_HEARTBEAT {datanodeUUID=c3e532f8-1a8e-44f3-b56b-d765aee893af, command=[]} | ret=SUCCESS |  
2019-09-20 10:24:55,554 | INFO  | SCMAudit | user=jenkins1000 | ip=192.168.36.99 | op=SEND_HEARTBEAT {datanodeUUID=17e2ba94-38a1-40e7-84e0-f6802901db84, command=[]} | ret=SUCCESS |  
2019-09-20 10:24:55,554 | INFO  | SCMAudit | user=jenkins1000 | ip=192.168.36.99 | op=SEND_HEARTBEAT {datanodeUUID=66416d0b-a71c-4af1-ae3a-62ca63b880a3, command=[]} | ret=SUCCESS |  
2019-09-20 10:24:55,555 | INFO  | SCMAudit | user=jenkins1000 | ip=192.168.36.99 | op=SEND_HEARTBEAT {datanodeUUID=60260ec1-e192-4b95-89c8-d924d16a77a9, command=[]} | ret=SUCCESS |  
2019-09-20 10:24:55,556 | INFO  | SCMAudit | user=jenkins1000 | ip=192.168.36.99 | op=SEND_HEARTBEAT {datanodeUUID=4d972e91-cb6b-45de-8bd2-c18af7abe58b, command=[]} | ret=SUCCESS |  
2019-09-20 10:24:55,556 | INFO  | SCMAudit | user=jenkins1000 | ip=192.168.36.99 | op=SEND_HEARTBEAT {datanodeUUID=9e03ffa9-cf79-407a-a150-4c035e5aec5e, command=[]} | ret=SUCCESS |  
2019-09-20 10:24:55,556 | INFO  | SCMAudit | user=jenkins1000 | ip=192.168.36.99 | op=SEND_HEARTBEAT {datanodeUUID=7af711bd-b5ae-4a73-a8be-b970cae6c2d1, command=[]} | ret=SUCCESS |  
2019-09-20 10:24:55,556 | INFO  | SCMAudit | user=jenkins1000 | ip=192.168.36.99 | op=SEND_HEARTBEAT {datanodeUUID=54207fe5-d92c-4c2e-b058-fbae630dabef, command=[]} | ret=SUCCESS |  
2019-09-20 10:24:55,566 [pool-240-thread-1] INFO  storage.RaftStorageDirectory (RaftStorageDirectory.java:tryLock(328)) - Lock on /workdir/hadoop-ozone/integration-test/target/test-dir/MiniOzoneClusterImpl-806821b2-061b-4172-afaf-fb68ff5248bd/datanode-2/data/ratis/ab429de5-7bd6-4f65-abd0-3ee8db6cdf8e/in_use.lock acquired by nodename 28506@pr-hdds-1569-p5fx8-1226042367
2019-09-20 10:24:55,616 [pool-240-thread-1] INFO  storage.RaftStorage (RaftStorage.java:format(72)) - Storage directory /workdir/hadoop-ozone/integration-test/target/test-dir/MiniOzoneClusterImpl-806821b2-061b-4172-afaf-fb68ff5248bd/datanode-2/data/ratis/ab429de5-7bd6-4f65-abd0-3ee8db6cdf8e has been successfully formatted.
2019-09-20 10:24:55,617 [pool-240-thread-1] INFO  ratis.ContainerStateMachine (ContainerStateMachine.java:loadSnapshot(226)) - group-3EE8DB6CDF8E: The snapshot info is null. Setting the last applied indexto:(t:0, i:~)
2019-09-20 10:24:55,617 [pool-240-thread-1] INFO  server.RaftServerConfigKeys (ConfUtils.java:logGet(43)) - raft.server.leader.election.timeout = 120s (custom)
2019-09-20 10:24:55,617 [pool-240-thread-1] INFO  server.RaftServerConfigKeys (ConfUtils.java:logGet(43)) - raft.server.log.use.memory = false (default)
2019-09-20 10:24:55,617 [pool-240-thread-1] INFO  server.RaftServerConfigKeys (ConfUtils.java:logGet(43)) - raft.server.log.purge.gap = 1000000 (custom)
2019-09-20 10:24:55,617 [pool-240-thread-1] INFO  server.RaftServerConfigKeys (ConfUtils.java:logGet(43)) - raft.server.log.appender.buffer.byte-limit = 33554432 (custom)
2019-09-20 10:24:55,618 [pool-240-thread-1] INFO  server.RaftServerConfigKeys (ConfUtils.java:logGet(43)) - raft.server.log.segment.size.max = 1048576 (custom)
2019-09-20 10:24:55,618 [pool-240-thread-1] INFO  server.RaftServerConfigKeys (ConfUtils.java:logGet(43)) - raft.server.log.segment.cache.num.max = 2 (custom)
2019-09-20 10:24:55,618 [pool-240-thread-1] INFO  segmented.SegmentedRaftLogWorker (SegmentedRaftLogWorker.java:<init>(172)) - new 136f1953-bb94-4097-a2d4-422a6782bee0-SegmentedRaftLogWorker:Storage Directory /workdir/hadoop-ozone/integration-test/target/test-dir/MiniOzoneClusterImpl-806821b2-061b-4172-afaf-fb68ff5248bd/datanode-2/data/ratis/ab429de5-7bd6-4f65-abd0-3ee8db6cdf8e for RaftStorage:Storage Directory /workdir/hadoop-ozone/integration-test/target/test-dir/MiniOzoneClusterImpl-806821b2-061b-4172-afaf-fb68ff5248bd/datanode-2/data/ratis/ab429de5-7bd6-4f65-abd0-3ee8db6cdf8e
2019-09-20 10:24:55,618 [pool-240-thread-1] INFO  server.RaftServerConfigKeys (ConfUtils.java:logGet(43)) - raft.server.log.queue.byte-limit = 2147483647 (custom)
2019-09-20 10:24:55,618 [pool-240-thread-1] INFO  server.RaftServerConfigKeys (ConfUtils.java:logGet(43)) - raft.server.log.queue.element-limit = 1024 (custom)
2019-09-20 10:24:55,619 [pool-240-thread-1] INFO  server.RaftServerConfigKeys (ConfUtils.java:logGet(43)) - raft.server.log.segment.size.max = 1048576 (custom)
2019-09-20 10:24:55,619 [pool-240-thread-1] INFO  server.RaftServerConfigKeys (ConfUtils.java:logGet(43)) - raft.server.log.preallocated.size = 16384 (custom)
2019-09-20 10:24:55,619 [pool-240-thread-1] INFO  server.RaftServerConfigKeys (ConfUtils.java:logGet(43)) - raft.server.log.write.buffer.size = 33554432 (custom)
2019-09-20 10:24:55,619 [pool-240-thread-1] INFO  server.RaftServerConfigKeys (ConfUtils.java:logGet(43)) - raft.server.log.force.sync.num = 128 (default)
2019-09-20 10:24:55,619 [pool-240-thread-1] INFO  server.RaftServerConfigKeys (ConfUtils.java:logGet(43)) - raft.server.log.statemachine.data.sync = true (default)
2019-09-20 10:24:55,619 [pool-240-thread-1] INFO  server.RaftServerConfigKeys (ConfUtils.java:logGet(43)) - raft.server.log.statemachine.data.sync.timeout = 10s (default)
2019-09-20 10:24:55,620 [pool-240-thread-1] INFO  server.RaftServerConfigKeys (ConfUtils.java:logGet(43)) - raft.server.log.statemachine.data.sync.timeout.retry = -1 (default)
2019-09-20 10:24:55,620 [pool-240-thread-1] INFO  server.RaftServerConfigKeys (ConfUtils.java:logGet(43)) - raft.server.log.statemachine.data.caching.enabled = true (custom)
2019-09-20 10:24:55,620 [pool-240-thread-1] INFO  segmented.SegmentedRaftLogWorker (SegmentedRaftLogWorker.java:lambda$new$0(132)) - 136f1953-bb94-4097-a2d4-422a6782bee0-SegmentedRaftLogWorker:Storage Directory /workdir/hadoop-ozone/integration-test/target/test-dir/MiniOzoneClusterImpl-806821b2-061b-4172-afaf-fb68ff5248bd/datanode-2/data/ratis/ab429de5-7bd6-4f65-abd0-3ee8db6cdf8e: flushIndex: setUnconditionally 0 -> -1
2019-09-20 10:24:55,621 [pool-240-thread-1] INFO  server.RaftServerConfigKeys (ConfUtils.java:logGet(43)) - raft.server.snapshot.auto.trigger.enabled = true (custom)
2019-09-20 10:24:55,621 [pool-240-thread-1] INFO  server.RaftServerConfigKeys (ConfUtils.java:logGet(43)) - raft.server.snapshot.auto.trigger.threshold = 10000 (custom)
2019-09-20 10:24:55,621 [pool-240-thread-1] INFO  server.RaftServerConfigKeys (ConfUtils.java:logGet(43)) - raft.server.retrycache.expirytime = 600000ms (custom)
2019-09-20 10:24:55,621 [pool-240-thread-1] INFO  impl.RaftServerImpl (RaftServerImpl.java:start(180)) - 136f1953-bb94-4097-a2d4-422a6782bee0: start group-3EE8DB6CDF8E
2019-09-20 10:24:55,621 [pool-240-thread-1] INFO  impl.RaftServerImpl (RaftServerImpl.java:setRole(171)) - 136f1953-bb94-4097-a2d4-422a6782bee0:group-3EE8DB6CDF8E changes role from null to FOLLOWER at term 0 for startAsFollower
2019-09-20 10:24:55,621 [pool-240-thread-1] INFO  impl.RoleInfo (RoleInfo.java:updateAndGet(143)) - 136f1953-bb94-4097-a2d4-422a6782bee0: start FollowerState
2019-09-20 10:24:55,622 [pool-240-thread-1] INFO  util.JmxRegister (JmxRegister.java:tryRegister(44)) - Successfully registered JMX Bean with object name Ratis:service=RaftServer,group=group-3EE8DB6CDF8E,id=136f1953-bb94-4097-a2d4-422a6782bee0
2019-09-20 10:24:55,625 [RatisPipelineUtilsThread] INFO  pipeline.PipelineStateManager (PipelineStateManager.java:addPipeline(56)) - Created pipeline Pipeline[ Id: ab429de5-7bd6-4f65-abd0-3ee8db6cdf8e, Nodes: 136f1953-bb94-4097-a2d4-422a6782bee0{ip: 192.168.36.99, host: pr-hdds-1569-p5fx8-1226042367, networkLocation: /default-rack, certSerialId: null}, Type:RATIS, Factor:ONE, State:OPEN]
2019-09-20 10:24:55,625 [RatisPipelineUtilsThread] INFO  pipeline.PipelinePlacementPolicy (PipelinePlacementPolicy.java:meetCriteria(91)) - Pipeline Placement: Doesn't meet the criteria to be viable node： 61649f92-8c0f-475a-818d-1064548aeef6 Heaviness: 6 limit: 5
2019-09-20 10:24:55,631 [grpc-default-executor-4] INFO  impl.RaftServerProxy (RaftServerProxy.java:addNew(89)) - e8013689-2f13-4aaf-8a03-99f419c430ec: addNew group-F7C2ACBA30A6:[e8013689-2f13-4aaf-8a03-99f419c430ec:192.168.36.99:43054] returns group-F7C2ACBA30A6:java.util.concurrent.CompletableFuture@7f2e673b[Not completed]
2019-09-20 10:24:55,632 [pool-229-thread-1] INFO  impl.RaftServerImpl (RaftServerImpl.java:<init>(93)) - e8013689-2f13-4aaf-8a03-99f419c430ec: new RaftServerImpl for group-F7C2ACBA30A6:[e8013689-2f13-4aaf-8a03-99f419c430ec:192.168.36.99:43054] with ContainerStateMachine:uninitialized
2019-09-20 10:24:55,632 [pool-229-thread-1] INFO  server.RaftServerConfigKeys (ConfUtils.java:logGet(43)) - raft.server.rpc.timeout.min = 5s (custom)
2019-09-20 10:24:55,632 [pool-229-thread-1] INFO  server.RaftServerConfigKeys (ConfUtils.java:logGet(43)) - raft.server.rpc.timeout.max = 5200ms (custom)
2019-09-20 10:24:55,633 [pool-229-thread-1] INFO  server.RaftServerConfigKeys (ConfUtils.java:logGet(43)) - raft.server.rpcslowness.timeout = 120s (custom)
2019-09-20 10:24:55,633 [pool-229-thread-1] INFO  server.RaftServerConfigKeys (ConfUtils.java:logGet(43)) - raft.server.sleep.deviation.threshold = 300 (default)
2019-09-20 10:24:55,633 [pool-229-thread-1] INFO  server.RaftServerConfigKeys (ConfUtils.java:logGet(43)) - raft.server.log.appender.install.snapshot.enabled = false (custom)
2019-09-20 10:24:55,633 [pool-229-thread-1] INFO  impl.RaftServerImpl (ServerState.java:<init>(105)) - e8013689-2f13-4aaf-8a03-99f419c430ec:group-F7C2ACBA30A6 ConfigurationManager, init=-1: [e8013689-2f13-4aaf-8a03-99f419c430ec:192.168.36.99:43054], old=null, confs=<EMPTY_MAP>
2019-09-20 10:24:55,633 [pool-229-thread-1] INFO  server.RaftServerConfigKeys (ConfUtils.java:logGet(43)) - raft.server.storage.dir = [/workdir/hadoop-ozone/integration-test/target/test-dir/MiniOzoneClusterImpl-806821b2-061b-4172-afaf-fb68ff5248bd/datanode-1/data/ratis] (custom)
2019-09-20 10:24:55,634 [pool-229-thread-1] INFO  storage.RaftStorageDirectory (RaftStorageDirectory.java:analyzeStorage(246)) - The storage directory /workdir/hadoop-ozone/integration-test/target/test-dir/MiniOzoneClusterImpl-806821b2-061b-4172-afaf-fb68ff5248bd/datanode-1/data/ratis/cb9ec300-e6b5-4cd9-9086-f7c2acba30a6 does not exist. Creating ...
2019-09-20 10:24:55,650 [pool-229-thread-1] INFO  storage.RaftStorageDirectory (RaftStorageDirectory.java:tryLock(328)) - Lock on /workdir/hadoop-ozone/integration-test/target/test-dir/MiniOzoneClusterImpl-806821b2-061b-4172-afaf-fb68ff5248bd/datanode-1/data/ratis/cb9ec300-e6b5-4cd9-9086-f7c2acba30a6/in_use.lock acquired by nodename 28506@pr-hdds-1569-p5fx8-1226042367
2019-09-20 10:24:55,667 [pool-229-thread-1] INFO  storage.RaftStorage (RaftStorage.java:format(72)) - Storage directory /workdir/hadoop-ozone/integration-test/target/test-dir/MiniOzoneClusterImpl-806821b2-061b-4172-afaf-fb68ff5248bd/datanode-1/data/ratis/cb9ec300-e6b5-4cd9-9086-f7c2acba30a6 has been successfully formatted.
2019-09-20 10:24:55,667 [pool-229-thread-1] INFO  ratis.ContainerStateMachine (ContainerStateMachine.java:loadSnapshot(226)) - group-F7C2ACBA30A6: The snapshot info is null. Setting the last applied indexto:(t:0, i:~)
2019-09-20 10:24:55,668 [pool-229-thread-1] INFO  server.RaftServerConfigKeys (ConfUtils.java:logGet(43)) - raft.server.leader.election.timeout = 120s (custom)
2019-09-20 10:24:55,668 [pool-229-thread-1] INFO  server.RaftServerConfigKeys (ConfUtils.java:logGet(43)) - raft.server.log.use.memory = false (default)
2019-09-20 10:24:55,668 [pool-229-thread-1] INFO  server.RaftServerConfigKeys (ConfUtils.java:logGet(43)) - raft.server.log.purge.gap = 1000000 (custom)
2019-09-20 10:24:55,668 [pool-229-thread-1] INFO  server.RaftServerConfigKeys (ConfUtils.java:logGet(43)) - raft.server.log.appender.buffer.byte-limit = 33554432 (custom)
2019-09-20 10:24:55,668 [pool-229-thread-1] INFO  server.RaftServerConfigKeys (ConfUtils.java:logGet(43)) - raft.server.log.segment.size.max = 1048576 (custom)
2019-09-20 10:24:55,668 [pool-229-thread-1] INFO  server.RaftServerConfigKeys (ConfUtils.java:logGet(43)) - raft.server.log.segment.cache.num.max = 2 (custom)
2019-09-20 10:24:55,669 [pool-229-thread-1] INFO  segmented.SegmentedRaftLogWorker (SegmentedRaftLogWorker.java:<init>(172)) - new e8013689-2f13-4aaf-8a03-99f419c430ec-SegmentedRaftLogWorker:Storage Directory /workdir/hadoop-ozone/integration-test/target/test-dir/MiniOzoneClusterImpl-806821b2-061b-4172-afaf-fb68ff5248bd/datanode-1/data/ratis/cb9ec300-e6b5-4cd9-9086-f7c2acba30a6 for RaftStorage:Storage Directory /workdir/hadoop-ozone/integration-test/target/test-dir/MiniOzoneClusterImpl-806821b2-061b-4172-afaf-fb68ff5248bd/datanode-1/data/ratis/cb9ec300-e6b5-4cd9-9086-f7c2acba30a6
2019-09-20 10:24:55,669 [pool-229-thread-1] INFO  server.RaftServerConfigKeys (ConfUtils.java:logGet(43)) - raft.server.log.queue.byte-limit = 2147483647 (custom)
2019-09-20 10:24:55,669 [pool-229-thread-1] INFO  server.RaftServerConfigKeys (ConfUtils.java:logGet(43)) - raft.server.log.queue.element-limit = 1024 (custom)
2019-09-20 10:24:55,669 [pool-229-thread-1] INFO  server.RaftServerConfigKeys (ConfUtils.java:logGet(43)) - raft.server.log.segment.size.max = 1048576 (custom)
2019-09-20 10:24:55,669 [pool-229-thread-1] INFO  server.RaftServerConfigKeys (ConfUtils.java:logGet(43)) - raft.server.log.preallocated.size = 16384 (custom)
2019-09-20 10:24:55,669 [pool-229-thread-1] INFO  server.RaftServerConfigKeys (ConfUtils.java:logGet(43)) - raft.server.log.write.buffer.size = 33554432 (custom)
2019-09-20 10:24:55,670 [pool-229-thread-1] INFO  server.RaftServerConfigKeys (ConfUtils.java:logGet(43)) - raft.server.log.force.sync.num = 128 (default)
2019-09-20 10:24:55,670 [pool-229-thread-1] INFO  server.RaftServerConfigKeys (ConfUtils.java:logGet(43)) - raft.server.log.statemachine.data.sync = true (default)
2019-09-20 10:24:55,670 [pool-229-thread-1] INFO  server.RaftServerConfigKeys (ConfUtils.java:logGet(43)) - raft.server.log.statemachine.data.sync.timeout = 10s (default)
2019-09-20 10:24:55,670 [pool-229-thread-1] INFO  server.RaftServerConfigKeys (ConfUtils.java:logGet(43)) - raft.server.log.statemachine.data.sync.timeout.retry = -1 (default)
2019-09-20 10:24:55,670 [pool-229-thread-1] INFO  server.RaftServerConfigKeys (ConfUtils.java:logGet(43)) - raft.server.log.statemachine.data.caching.enabled = true (custom)
2019-09-20 10:24:55,671 [pool-229-thread-1] INFO  segmented.SegmentedRaftLogWorker (SegmentedRaftLogWorker.java:lambda$new$0(132)) - e8013689-2f13-4aaf-8a03-99f419c430ec-SegmentedRaftLogWorker:Storage Directory /workdir/hadoop-ozone/integration-test/target/test-dir/MiniOzoneClusterImpl-806821b2-061b-4172-afaf-fb68ff5248bd/datanode-1/data/ratis/cb9ec300-e6b5-4cd9-9086-f7c2acba30a6: flushIndex: setUnconditionally 0 -> -1
2019-09-20 10:24:55,671 [pool-229-thread-1] INFO  server.RaftServerConfigKeys (ConfUtils.java:logGet(43)) - raft.server.snapshot.auto.trigger.enabled = true (custom)
2019-09-20 10:24:55,671 [pool-229-thread-1] INFO  server.RaftServerConfigKeys (ConfUtils.java:logGet(43)) - raft.server.snapshot.auto.trigger.threshold = 10000 (custom)
2019-09-20 10:24:55,671 [pool-229-thread-1] INFO  server.RaftServerConfigKeys (ConfUtils.java:logGet(43)) - raft.server.retrycache.expirytime = 600000ms (custom)
2019-09-20 10:24:55,672 [pool-229-thread-1] INFO  impl.RaftServerImpl (RaftServerImpl.java:start(180)) - e8013689-2f13-4aaf-8a03-99f419c430ec: start group-F7C2ACBA30A6
2019-09-20 10:24:55,672 [pool-229-thread-1] INFO  impl.RaftServerImpl (RaftServerImpl.java:setRole(171)) - e8013689-2f13-4aaf-8a03-99f419c430ec:group-F7C2ACBA30A6 changes role from null to FOLLOWER at term 0 for startAsFollower
2019-09-20 10:24:55,672 [pool-229-thread-1] INFO  impl.RoleInfo (RoleInfo.java:updateAndGet(143)) - e8013689-2f13-4aaf-8a03-99f419c430ec: start FollowerState
2019-09-20 10:24:55,672 [pool-229-thread-1] INFO  util.JmxRegister (JmxRegister.java:tryRegister(44)) - Successfully registered JMX Bean with object name Ratis:service=RaftServer,group=group-F7C2ACBA30A6,id=e8013689-2f13-4aaf-8a03-99f419c430ec
2019-09-20 10:24:55,675 [RatisPipelineUtilsThread] INFO  pipeline.PipelineStateManager (PipelineStateManager.java:addPipeline(56)) - Created pipeline Pipeline[ Id: cb9ec300-e6b5-4cd9-9086-f7c2acba30a6, Nodes: e8013689-2f13-4aaf-8a03-99f419c430ec{ip: 192.168.36.99, host: pr-hdds-1569-p5fx8-1226042367, networkLocation: /default-rack, certSerialId: null}, Type:RATIS, Factor:ONE, State:OPEN]
2019-09-20 10:24:55,675 [RatisPipelineUtilsThread] INFO  pipeline.PipelinePlacementPolicy (PipelinePlacementPolicy.java:meetCriteria(91)) - Pipeline Placement: Doesn't meet the criteria to be viable node： 61649f92-8c0f-475a-818d-1064548aeef6 Heaviness: 6 limit: 5
2019-09-20 10:24:55,681 [grpc-default-executor-4] INFO  impl.RaftServerProxy (RaftServerProxy.java:addNew(89)) - e8013689-2f13-4aaf-8a03-99f419c430ec: addNew group-ECC0DA2B67F9:[e8013689-2f13-4aaf-8a03-99f419c430ec:192.168.36.99:43054] returns group-ECC0DA2B67F9:java.util.concurrent.CompletableFuture@32f11fa2[Not completed]
2019-09-20 10:24:55,682 [pool-229-thread-1] INFO  impl.RaftServerImpl (RaftServerImpl.java:<init>(93)) - e8013689-2f13-4aaf-8a03-99f419c430ec: new RaftServerImpl for group-ECC0DA2B67F9:[e8013689-2f13-4aaf-8a03-99f419c430ec:192.168.36.99:43054] with ContainerStateMachine:uninitialized
2019-09-20 10:24:55,682 [pool-229-thread-1] INFO  server.RaftServerConfigKeys (ConfUtils.java:logGet(43)) - raft.server.rpc.timeout.min = 5s (custom)
2019-09-20 10:24:55,682 [pool-229-thread-1] INFO  server.RaftServerConfigKeys (ConfUtils.java:logGet(43)) - raft.server.rpc.timeout.max = 5200ms (custom)
2019-09-20 10:24:55,682 [pool-229-thread-1] INFO  server.RaftServerConfigKeys (ConfUtils.java:logGet(43)) - raft.server.rpcslowness.timeout = 120s (custom)
2019-09-20 10:24:55,682 [pool-229-thread-1] INFO  server.RaftServerConfigKeys (ConfUtils.java:logGet(43)) - raft.server.sleep.deviation.threshold = 300 (default)
2019-09-20 10:24:55,683 [pool-229-thread-1] INFO  server.RaftServerConfigKeys (ConfUtils.java:logGet(43)) - raft.server.log.appender.install.snapshot.enabled = false (custom)
2019-09-20 10:24:55,683 [pool-229-thread-1] INFO  impl.RaftServerImpl (ServerState.java:<init>(105)) - e8013689-2f13-4aaf-8a03-99f419c430ec:group-ECC0DA2B67F9 ConfigurationManager, init=-1: [e8013689-2f13-4aaf-8a03-99f419c430ec:192.168.36.99:43054], old=null, confs=<EMPTY_MAP>
2019-09-20 10:24:55,683 [pool-229-thread-1] INFO  server.RaftServerConfigKeys (ConfUtils.java:logGet(43)) - raft.server.storage.dir = [/workdir/hadoop-ozone/integration-test/target/test-dir/MiniOzoneClusterImpl-806821b2-061b-4172-afaf-fb68ff5248bd/datanode-1/data/ratis] (custom)
2019-09-20 10:24:55,683 [pool-229-thread-1] INFO  storage.RaftStorageDirectory (RaftStorageDirectory.java:analyzeStorage(246)) - The storage directory /workdir/hadoop-ozone/integration-test/target/test-dir/MiniOzoneClusterImpl-806821b2-061b-4172-afaf-fb68ff5248bd/datanode-1/data/ratis/9dc661b3-6bc1-4668-93d5-ecc0da2b67f9 does not exist. Creating ...
2019-09-20 10:24:55,694 [main] INFO  ozone.MiniOzoneClusterImpl (MiniOzoneClusterImpl.java:lambda$waitForClusterToBeReady$0(142)) - Waiting for cluster to be ready. Got 4 of 7 DN Heartbeats.
2019-09-20 10:24:55,726 [pool-229-thread-1] INFO  storage.RaftStorageDirectory (RaftStorageDirectory.java:tryLock(328)) - Lock on /workdir/hadoop-ozone/integration-test/target/test-dir/MiniOzoneClusterImpl-806821b2-061b-4172-afaf-fb68ff5248bd/datanode-1/data/ratis/9dc661b3-6bc1-4668-93d5-ecc0da2b67f9/in_use.lock acquired by nodename 28506@pr-hdds-1569-p5fx8-1226042367
2019-09-20 10:24:55,768 [pool-229-thread-1] INFO  storage.RaftStorage (RaftStorage.java:format(72)) - Storage directory /workdir/hadoop-ozone/integration-test/target/test-dir/MiniOzoneClusterImpl-806821b2-061b-4172-afaf-fb68ff5248bd/datanode-1/data/ratis/9dc661b3-6bc1-4668-93d5-ecc0da2b67f9 has been successfully formatted.
2019-09-20 10:24:55,769 [pool-229-thread-1] INFO  ratis.ContainerStateMachine (ContainerStateMachine.java:loadSnapshot(226)) - group-ECC0DA2B67F9: The snapshot info is null. Setting the last applied indexto:(t:0, i:~)
2019-09-20 10:24:55,769 [pool-229-thread-1] INFO  server.RaftServerConfigKeys (ConfUtils.java:logGet(43)) - raft.server.leader.election.timeout = 120s (custom)
2019-09-20 10:24:55,769 [pool-229-thread-1] INFO  server.RaftServerConfigKeys (ConfUtils.java:logGet(43)) - raft.server.log.use.memory = false (default)
2019-09-20 10:24:55,769 [pool-229-thread-1] INFO  server.RaftServerConfigKeys (ConfUtils.java:logGet(43)) - raft.server.log.purge.gap = 1000000 (custom)
2019-09-20 10:24:55,770 [pool-229-thread-1] INFO  server.RaftServerConfigKeys (ConfUtils.java:logGet(43)) - raft.server.log.appender.buffer.byte-limit = 33554432 (custom)
2019-09-20 10:24:55,770 [pool-229-thread-1] INFO  server.RaftServerConfigKeys (ConfUtils.java:logGet(43)) - raft.server.log.segment.size.max = 1048576 (custom)
2019-09-20 10:24:55,770 [pool-229-thread-1] INFO  server.RaftServerConfigKeys (ConfUtils.java:logGet(43)) - raft.server.log.segment.cache.num.max = 2 (custom)
2019-09-20 10:24:55,770 [pool-229-thread-1] INFO  segmented.SegmentedRaftLogWorker (SegmentedRaftLogWorker.java:<init>(172)) - new e8013689-2f13-4aaf-8a03-99f419c430ec-SegmentedRaftLogWorker:Storage Directory /workdir/hadoop-ozone/integration-test/target/test-dir/MiniOzoneClusterImpl-806821b2-061b-4172-afaf-fb68ff5248bd/datanode-1/data/ratis/9dc661b3-6bc1-4668-93d5-ecc0da2b67f9 for RaftStorage:Storage Directory /workdir/hadoop-ozone/integration-test/target/test-dir/MiniOzoneClusterImpl-806821b2-061b-4172-afaf-fb68ff5248bd/datanode-1/data/ratis/9dc661b3-6bc1-4668-93d5-ecc0da2b67f9
2019-09-20 10:24:55,770 [pool-229-thread-1] INFO  server.RaftServerConfigKeys (ConfUtils.java:logGet(43)) - raft.server.log.queue.byte-limit = 2147483647 (custom)
2019-09-20 10:24:55,770 [pool-229-thread-1] INFO  server.RaftServerConfigKeys (ConfUtils.java:logGet(43)) - raft.server.log.queue.element-limit = 1024 (custom)
2019-09-20 10:24:55,771 [pool-229-thread-1] INFO  server.RaftServerConfigKeys (ConfUtils.java:logGet(43)) - raft.server.log.segment.size.max = 1048576 (custom)
2019-09-20 10:24:55,771 [pool-229-thread-1] INFO  server.RaftServerConfigKeys (ConfUtils.java:logGet(43)) - raft.server.log.preallocated.size = 16384 (custom)
2019-09-20 10:24:55,771 [pool-229-thread-1] INFO  server.RaftServerConfigKeys (ConfUtils.java:logGet(43)) - raft.server.log.write.buffer.size = 33554432 (custom)
2019-09-20 10:24:55,771 [pool-229-thread-1] INFO  server.RaftServerConfigKeys (ConfUtils.java:logGet(43)) - raft.server.log.force.sync.num = 128 (default)
2019-09-20 10:24:55,771 [pool-229-thread-1] INFO  server.RaftServerConfigKeys (ConfUtils.java:logGet(43)) - raft.server.log.statemachine.data.sync = true (default)
2019-09-20 10:24:55,771 [pool-229-thread-1] INFO  server.RaftServerConfigKeys (ConfUtils.java:logGet(43)) - raft.server.log.statemachine.data.sync.timeout = 10s (default)
2019-09-20 10:24:55,772 [pool-229-thread-1] INFO  server.RaftServerConfigKeys (ConfUtils.java:logGet(43)) - raft.server.log.statemachine.data.sync.timeout.retry = -1 (default)
2019-09-20 10:24:55,772 [pool-229-thread-1] INFO  server.RaftServerConfigKeys (ConfUtils.java:logGet(43)) - raft.server.log.statemachine.data.caching.enabled = true (custom)
2019-09-20 10:24:55,772 [pool-229-thread-1] INFO  segmented.SegmentedRaftLogWorker (SegmentedRaftLogWorker.java:lambda$new$0(132)) - e8013689-2f13-4aaf-8a03-99f419c430ec-SegmentedRaftLogWorker:Storage Directory /workdir/hadoop-ozone/integration-test/target/test-dir/MiniOzoneClusterImpl-806821b2-061b-4172-afaf-fb68ff5248bd/datanode-1/data/ratis/9dc661b3-6bc1-4668-93d5-ecc0da2b67f9: flushIndex: setUnconditionally 0 -> -1
2019-09-20 10:24:55,773 [pool-229-thread-1] INFO  server.RaftServerConfigKeys (ConfUtils.java:logGet(43)) - raft.server.snapshot.auto.trigger.enabled = true (custom)
2019-09-20 10:24:55,773 [pool-229-thread-1] INFO  server.RaftServerConfigKeys (ConfUtils.java:logGet(43)) - raft.server.snapshot.auto.trigger.threshold = 10000 (custom)
2019-09-20 10:24:55,773 [pool-229-thread-1] INFO  server.RaftServerConfigKeys (ConfUtils.java:logGet(43)) - raft.server.retrycache.expirytime = 600000ms (custom)
2019-09-20 10:24:55,773 [pool-229-thread-1] INFO  impl.RaftServerImpl (RaftServerImpl.java:start(180)) - e8013689-2f13-4aaf-8a03-99f419c430ec: start group-ECC0DA2B67F9
2019-09-20 10:24:55,773 [pool-229-thread-1] INFO  impl.RaftServerImpl (RaftServerImpl.java:setRole(171)) - e8013689-2f13-4aaf-8a03-99f419c430ec:group-ECC0DA2B67F9 changes role from null to FOLLOWER at term 0 for startAsFollower
2019-09-20 10:24:55,774 [pool-229-thread-1] INFO  impl.RoleInfo (RoleInfo.java:updateAndGet(143)) - e8013689-2f13-4aaf-8a03-99f419c430ec: start FollowerState
2019-09-20 10:24:55,774 [pool-229-thread-1] INFO  util.JmxRegister (JmxRegister.java:tryRegister(44)) - Successfully registered JMX Bean with object name Ratis:service=RaftServer,group=group-ECC0DA2B67F9,id=e8013689-2f13-4aaf-8a03-99f419c430ec
2019-09-20 10:24:55,777 [RatisPipelineUtilsThread] INFO  pipeline.PipelineStateManager (PipelineStateManager.java:addPipeline(56)) - Created pipeline Pipeline[ Id: 9dc661b3-6bc1-4668-93d5-ecc0da2b67f9, Nodes: e8013689-2f13-4aaf-8a03-99f419c430ec{ip: 192.168.36.99, host: pr-hdds-1569-p5fx8-1226042367, networkLocation: /default-rack, certSerialId: null}, Type:RATIS, Factor:ONE, State:OPEN]
2019-09-20 10:24:55,777 [RatisPipelineUtilsThread] INFO  pipeline.PipelinePlacementPolicy (PipelinePlacementPolicy.java:meetCriteria(91)) - Pipeline Placement: Doesn't meet the criteria to be viable node： 61649f92-8c0f-475a-818d-1064548aeef6 Heaviness: 6 limit: 5
2019-09-20 10:24:55,777 [RatisPipelineUtilsThread] INFO  pipeline.PipelinePlacementPolicy (PipelinePlacementPolicy.java:meetCriteria(91)) - Pipeline Placement: Doesn't meet the criteria to be viable node： e8013689-2f13-4aaf-8a03-99f419c430ec Heaviness: 6 limit: 5
2019-09-20 10:24:55,783 [grpc-default-executor-4] INFO  impl.RaftServerProxy (RaftServerProxy.java:addNew(89)) - 136f1953-bb94-4097-a2d4-422a6782bee0: addNew group-36BD9A13BEB9:[136f1953-bb94-4097-a2d4-422a6782bee0:192.168.36.99:37121] returns group-36BD9A13BEB9:java.util.concurrent.CompletableFuture@3561a6d3[Not completed]
2019-09-20 10:24:55,784 [pool-240-thread-1] INFO  impl.RaftServerImpl (RaftServerImpl.java:<init>(93)) - 136f1953-bb94-4097-a2d4-422a6782bee0: new RaftServerImpl for group-36BD9A13BEB9:[136f1953-bb94-4097-a2d4-422a6782bee0:192.168.36.99:37121] with ContainerStateMachine:uninitialized
2019-09-20 10:24:55,784 [pool-240-thread-1] INFO  server.RaftServerConfigKeys (ConfUtils.java:logGet(43)) - raft.server.rpc.timeout.min = 5s (custom)
2019-09-20 10:24:55,784 [pool-240-thread-1] INFO  server.RaftServerConfigKeys (ConfUtils.java:logGet(43)) - raft.server.rpc.timeout.max = 5200ms (custom)
2019-09-20 10:24:55,784 [pool-240-thread-1] INFO  server.RaftServerConfigKeys (ConfUtils.java:logGet(43)) - raft.server.rpcslowness.timeout = 120s (custom)
2019-09-20 10:24:55,784 [pool-240-thread-1] INFO  server.RaftServerConfigKeys (ConfUtils.java:logGet(43)) - raft.server.sleep.deviation.threshold = 300 (default)
2019-09-20 10:24:55,784 [pool-240-thread-1] INFO  server.RaftServerConfigKeys (ConfUtils.java:logGet(43)) - raft.server.log.appender.install.snapshot.enabled = false (custom)
2019-09-20 10:24:55,784 [pool-240-thread-1] INFO  impl.RaftServerImpl (ServerState.java:<init>(105)) - 136f1953-bb94-4097-a2d4-422a6782bee0:group-36BD9A13BEB9 ConfigurationManager, init=-1: [136f1953-bb94-4097-a2d4-422a6782bee0:192.168.36.99:37121], old=null, confs=<EMPTY_MAP>
2019-09-20 10:24:55,785 [pool-240-thread-1] INFO  server.RaftServerConfigKeys (ConfUtils.java:logGet(43)) - raft.server.storage.dir = [/workdir/hadoop-ozone/integration-test/target/test-dir/MiniOzoneClusterImpl-806821b2-061b-4172-afaf-fb68ff5248bd/datanode-2/data/ratis] (custom)
2019-09-20 10:24:55,785 [pool-240-thread-1] INFO  storage.RaftStorageDirectory (RaftStorageDirectory.java:analyzeStorage(246)) - The storage directory /workdir/hadoop-ozone/integration-test/target/test-dir/MiniOzoneClusterImpl-806821b2-061b-4172-afaf-fb68ff5248bd/datanode-2/data/ratis/2098dca0-b973-4b31-8914-36bd9a13beb9 does not exist. Creating ...
2019-09-20 10:24:55,827 [pool-240-thread-1] INFO  storage.RaftStorageDirectory (RaftStorageDirectory.java:tryLock(328)) - Lock on /workdir/hadoop-ozone/integration-test/target/test-dir/MiniOzoneClusterImpl-806821b2-061b-4172-afaf-fb68ff5248bd/datanode-2/data/ratis/2098dca0-b973-4b31-8914-36bd9a13beb9/in_use.lock acquired by nodename 28506@pr-hdds-1569-p5fx8-1226042367
2019-09-20 10:24:55,860 [pool-240-thread-1] INFO  storage.RaftStorage (RaftStorage.java:format(72)) - Storage directory /workdir/hadoop-ozone/integration-test/target/test-dir/MiniOzoneClusterImpl-806821b2-061b-4172-afaf-fb68ff5248bd/datanode-2/data/ratis/2098dca0-b973-4b31-8914-36bd9a13beb9 has been successfully formatted.
2019-09-20 10:24:55,861 [pool-240-thread-1] INFO  ratis.ContainerStateMachine (ContainerStateMachine.java:loadSnapshot(226)) - group-36BD9A13BEB9: The snapshot info is null. Setting the last applied indexto:(t:0, i:~)
2019-09-20 10:24:55,861 [pool-240-thread-1] INFO  server.RaftServerConfigKeys (ConfUtils.java:logGet(43)) - raft.server.leader.election.timeout = 120s (custom)
2019-09-20 10:24:55,861 [pool-240-thread-1] INFO  server.RaftServerConfigKeys (ConfUtils.java:logGet(43)) - raft.server.log.use.memory = false (default)
2019-09-20 10:24:55,861 [pool-240-thread-1] INFO  server.RaftServerConfigKeys (ConfUtils.java:logGet(43)) - raft.server.log.purge.gap = 1000000 (custom)
2019-09-20 10:24:55,861 [pool-240-thread-1] INFO  server.RaftServerConfigKeys (ConfUtils.java:logGet(43)) - raft.server.log.appender.buffer.byte-limit = 33554432 (custom)
2019-09-20 10:24:55,862 [pool-240-thread-1] INFO  server.RaftServerConfigKeys (ConfUtils.java:logGet(43)) - raft.server.log.segment.size.max = 1048576 (custom)
2019-09-20 10:24:55,862 [pool-240-thread-1] INFO  server.RaftServerConfigKeys (ConfUtils.java:logGet(43)) - raft.server.log.segment.cache.num.max = 2 (custom)
2019-09-20 10:24:55,862 [pool-240-thread-1] INFO  segmented.SegmentedRaftLogWorker (SegmentedRaftLogWorker.java:<init>(172)) - new 136f1953-bb94-4097-a2d4-422a6782bee0-SegmentedRaftLogWorker:Storage Directory /workdir/hadoop-ozone/integration-test/target/test-dir/MiniOzoneClusterImpl-806821b2-061b-4172-afaf-fb68ff5248bd/datanode-2/data/ratis/2098dca0-b973-4b31-8914-36bd9a13beb9 for RaftStorage:Storage Directory /workdir/hadoop-ozone/integration-test/target/test-dir/MiniOzoneClusterImpl-806821b2-061b-4172-afaf-fb68ff5248bd/datanode-2/data/ratis/2098dca0-b973-4b31-8914-36bd9a13beb9
2019-09-20 10:24:55,862 [pool-240-thread-1] INFO  server.RaftServerConfigKeys (ConfUtils.java:logGet(43)) - raft.server.log.queue.byte-limit = 2147483647 (custom)
2019-09-20 10:24:55,862 [pool-240-thread-1] INFO  server.RaftServerConfigKeys (ConfUtils.java:logGet(43)) - raft.server.log.queue.element-limit = 1024 (custom)
2019-09-20 10:24:55,862 [pool-240-thread-1] INFO  server.RaftServerConfigKeys (ConfUtils.java:logGet(43)) - raft.server.log.segment.size.max = 1048576 (custom)
2019-09-20 10:24:55,863 [pool-240-thread-1] INFO  server.RaftServerConfigKeys (ConfUtils.java:logGet(43)) - raft.server.log.preallocated.size = 16384 (custom)
2019-09-20 10:24:55,863 [pool-240-thread-1] INFO  server.RaftServerConfigKeys (ConfUtils.java:logGet(43)) - raft.server.log.write.buffer.size = 33554432 (custom)
2019-09-20 10:24:55,863 [pool-240-thread-1] INFO  server.RaftServerConfigKeys (ConfUtils.java:logGet(43)) - raft.server.log.force.sync.num = 128 (default)
2019-09-20 10:24:55,863 [pool-240-thread-1] INFO  server.RaftServerConfigKeys (ConfUtils.java:logGet(43)) - raft.server.log.statemachine.data.sync = true (default)
2019-09-20 10:24:55,863 [pool-240-thread-1] INFO  server.RaftServerConfigKeys (ConfUtils.java:logGet(43)) - raft.server.log.statemachine.data.sync.timeout = 10s (default)
2019-09-20 10:24:55,863 [pool-240-thread-1] INFO  server.RaftServerConfigKeys (ConfUtils.java:logGet(43)) - raft.server.log.statemachine.data.sync.timeout.retry = -1 (default)
2019-09-20 10:24:55,864 [pool-240-thread-1] INFO  server.RaftServerConfigKeys (ConfUtils.java:logGet(43)) - raft.server.log.statemachine.data.caching.enabled = true (custom)
2019-09-20 10:24:55,864 [pool-240-thread-1] INFO  segmented.SegmentedRaftLogWorker (SegmentedRaftLogWorker.java:lambda$new$0(132)) - 136f1953-bb94-4097-a2d4-422a6782bee0-SegmentedRaftLogWorker:Storage Directory /workdir/hadoop-ozone/integration-test/target/test-dir/MiniOzoneClusterImpl-806821b2-061b-4172-afaf-fb68ff5248bd/datanode-2/data/ratis/2098dca0-b973-4b31-8914-36bd9a13beb9: flushIndex: setUnconditionally 0 -> -1
2019-09-20 10:24:55,864 [pool-240-thread-1] INFO  server.RaftServerConfigKeys (ConfUtils.java:logGet(43)) - raft.server.snapshot.auto.trigger.enabled = true (custom)
2019-09-20 10:24:55,864 [pool-240-thread-1] INFO  server.RaftServerConfigKeys (ConfUtils.java:logGet(43)) - raft.server.snapshot.auto.trigger.threshold = 10000 (custom)
2019-09-20 10:24:55,865 [pool-240-thread-1] INFO  server.RaftServerConfigKeys (ConfUtils.java:logGet(43)) - raft.server.retrycache.expirytime = 600000ms (custom)
2019-09-20 10:24:55,865 [pool-240-thread-1] INFO  impl.RaftServerImpl (RaftServerImpl.java:start(180)) - 136f1953-bb94-4097-a2d4-422a6782bee0: start group-36BD9A13BEB9
2019-09-20 10:24:55,865 [pool-240-thread-1] INFO  impl.RaftServerImpl (RaftServerImpl.java:setRole(171)) - 136f1953-bb94-4097-a2d4-422a6782bee0:group-36BD9A13BEB9 changes role from null to FOLLOWER at term 0 for startAsFollower
2019-09-20 10:24:55,865 [pool-240-thread-1] INFO  impl.RoleInfo (RoleInfo.java:updateAndGet(143)) - 136f1953-bb94-4097-a2d4-422a6782bee0: start FollowerState
2019-09-20 10:24:55,866 [pool-240-thread-1] INFO  util.JmxRegister (JmxRegister.java:tryRegister(44)) - Successfully registered JMX Bean with object name Ratis:service=RaftServer,group=group-36BD9A13BEB9,id=136f1953-bb94-4097-a2d4-422a6782bee0
2019-09-20 10:24:55,868 [RatisPipelineUtilsThread] INFO  pipeline.PipelineStateManager (PipelineStateManager.java:addPipeline(56)) - Created pipeline Pipeline[ Id: 2098dca0-b973-4b31-8914-36bd9a13beb9, Nodes: 136f1953-bb94-4097-a2d4-422a6782bee0{ip: 192.168.36.99, host: pr-hdds-1569-p5fx8-1226042367, networkLocation: /default-rack, certSerialId: null}, Type:RATIS, Factor:ONE, State:OPEN]
2019-09-20 10:24:55,869 [RatisPipelineUtilsThread] INFO  pipeline.PipelinePlacementPolicy (PipelinePlacementPolicy.java:meetCriteria(91)) - Pipeline Placement: Doesn't meet the criteria to be viable node： 61649f92-8c0f-475a-818d-1064548aeef6 Heaviness: 6 limit: 5
2019-09-20 10:24:55,869 [RatisPipelineUtilsThread] INFO  pipeline.PipelinePlacementPolicy (PipelinePlacementPolicy.java:meetCriteria(91)) - Pipeline Placement: Doesn't meet the criteria to be viable node： e8013689-2f13-4aaf-8a03-99f419c430ec Heaviness: 6 limit: 5
2019-09-20 10:24:55,874 [grpc-default-executor-4] INFO  impl.RaftServerProxy (RaftServerProxy.java:addNew(89)) - 136f1953-bb94-4097-a2d4-422a6782bee0: addNew group-D306834017EB:[136f1953-bb94-4097-a2d4-422a6782bee0:192.168.36.99:37121] returns group-D306834017EB:java.util.concurrent.CompletableFuture@5382acea[Not completed]
2019-09-20 10:24:55,875 [pool-240-thread-1] INFO  impl.RaftServerImpl (RaftServerImpl.java:<init>(93)) - 136f1953-bb94-4097-a2d4-422a6782bee0: new RaftServerImpl for group-D306834017EB:[136f1953-bb94-4097-a2d4-422a6782bee0:192.168.36.99:37121] with ContainerStateMachine:uninitialized
2019-09-20 10:24:55,875 [pool-240-thread-1] INFO  server.RaftServerConfigKeys (ConfUtils.java:logGet(43)) - raft.server.rpc.timeout.min = 5s (custom)
2019-09-20 10:24:55,875 [pool-240-thread-1] INFO  server.RaftServerConfigKeys (ConfUtils.java:logGet(43)) - raft.server.rpc.timeout.max = 5200ms (custom)
2019-09-20 10:24:55,875 [pool-240-thread-1] INFO  server.RaftServerConfigKeys (ConfUtils.java:logGet(43)) - raft.server.rpcslowness.timeout = 120s (custom)
2019-09-20 10:24:55,876 [pool-240-thread-1] INFO  server.RaftServerConfigKeys (ConfUtils.java:logGet(43)) - raft.server.sleep.deviation.threshold = 300 (default)
2019-09-20 10:24:55,876 [pool-240-thread-1] INFO  server.RaftServerConfigKeys (ConfUtils.java:logGet(43)) - raft.server.log.appender.install.snapshot.enabled = false (custom)
2019-09-20 10:24:55,876 [pool-240-thread-1] INFO  impl.RaftServerImpl (ServerState.java:<init>(105)) - 136f1953-bb94-4097-a2d4-422a6782bee0:group-D306834017EB ConfigurationManager, init=-1: [136f1953-bb94-4097-a2d4-422a6782bee0:192.168.36.99:37121], old=null, confs=<EMPTY_MAP>
2019-09-20 10:24:55,876 [pool-240-thread-1] INFO  server.RaftServerConfigKeys (ConfUtils.java:logGet(43)) - raft.server.storage.dir = [/workdir/hadoop-ozone/integration-test/target/test-dir/MiniOzoneClusterImpl-806821b2-061b-4172-afaf-fb68ff5248bd/datanode-2/data/ratis] (custom)
2019-09-20 10:24:55,876 [pool-240-thread-1] INFO  storage.RaftStorageDirectory (RaftStorageDirectory.java:analyzeStorage(246)) - The storage directory /workdir/hadoop-ozone/integration-test/target/test-dir/MiniOzoneClusterImpl-806821b2-061b-4172-afaf-fb68ff5248bd/datanode-2/data/ratis/3a28e6b2-f888-47e8-8242-d306834017eb does not exist. Creating ...
2019-09-20 10:24:55,894 [pool-240-thread-1] INFO  storage.RaftStorageDirectory (RaftStorageDirectory.java:tryLock(328)) - Lock on /workdir/hadoop-ozone/integration-test/target/test-dir/MiniOzoneClusterImpl-806821b2-061b-4172-afaf-fb68ff5248bd/datanode-2/data/ratis/3a28e6b2-f888-47e8-8242-d306834017eb/in_use.lock acquired by nodename 28506@pr-hdds-1569-p5fx8-1226042367
2019-09-20 10:24:55,899 [IPC Server handler 6 on 37594] INFO  net.NetworkTopology (NetworkTopologyImpl.java:add(110)) - Added a new node: /default-rack/b5962e8e-c9f1-48aa-8eb4-d8f74b8afdbe
2019-09-20 10:24:55,900 [IPC Server handler 6 on 37594] INFO  node.SCMNodeManager (SCMNodeManager.java:register(273)) - Registered Data node : b5962e8e-c9f1-48aa-8eb4-d8f74b8afdbe{ip: 192.168.36.99, host: pr-hdds-1569-p5fx8-1226042367, networkLocation: /default-rack, certSerialId: null}
2019-09-20 10:24:55,900 | INFO  | SCMAudit | user=jenkins1000 | ip=192.168.36.99 | op=REGISTER {datanodeDetails=b5962e8e-c9f1-48aa-8eb4-d8f74b8afdbe{ip: 192.168.36.99, host: pr-hdds-1569-p5fx8-1226042367, networkLocation: /default-rack, certSerialId: null}} | ret=SUCCESS |  
2019-09-20 10:24:55,928 [pool-240-thread-1] INFO  storage.RaftStorage (RaftStorage.java:format(72)) - Storage directory /workdir/hadoop-ozone/integration-test/target/test-dir/MiniOzoneClusterImpl-806821b2-061b-4172-afaf-fb68ff5248bd/datanode-2/data/ratis/3a28e6b2-f888-47e8-8242-d306834017eb has been successfully formatted.
2019-09-20 10:24:55,928 [pool-240-thread-1] INFO  ratis.ContainerStateMachine (ContainerStateMachine.java:loadSnapshot(226)) - group-D306834017EB: The snapshot info is null. Setting the last applied indexto:(t:0, i:~)
2019-09-20 10:24:55,928 [pool-240-thread-1] INFO  server.RaftServerConfigKeys (ConfUtils.java:logGet(43)) - raft.server.leader.election.timeout = 120s (custom)
2019-09-20 10:24:55,928 [pool-240-thread-1] INFO  server.RaftServerConfigKeys (ConfUtils.java:logGet(43)) - raft.server.log.use.memory = false (default)
2019-09-20 10:24:55,929 [pool-240-thread-1] INFO  server.RaftServerConfigKeys (ConfUtils.java:logGet(43)) - raft.server.log.purge.gap = 1000000 (custom)
2019-09-20 10:24:55,929 [pool-240-thread-1] INFO  server.RaftServerConfigKeys (ConfUtils.java:logGet(43)) - raft.server.log.appender.buffer.byte-limit = 33554432 (custom)
2019-09-20 10:24:55,929 [pool-240-thread-1] INFO  server.RaftServerConfigKeys (ConfUtils.java:logGet(43)) - raft.server.log.segment.size.max = 1048576 (custom)
2019-09-20 10:24:55,929 [pool-240-thread-1] INFO  server.RaftServerConfigKeys (ConfUtils.java:logGet(43)) - raft.server.log.segment.cache.num.max = 2 (custom)
2019-09-20 10:24:55,929 [pool-240-thread-1] INFO  segmented.SegmentedRaftLogWorker (SegmentedRaftLogWorker.java:<init>(172)) - new 136f1953-bb94-4097-a2d4-422a6782bee0-SegmentedRaftLogWorker:Storage Directory /workdir/hadoop-ozone/integration-test/target/test-dir/MiniOzoneClusterImpl-806821b2-061b-4172-afaf-fb68ff5248bd/datanode-2/data/ratis/3a28e6b2-f888-47e8-8242-d306834017eb for RaftStorage:Storage Directory /workdir/hadoop-ozone/integration-test/target/test-dir/MiniOzoneClusterImpl-806821b2-061b-4172-afaf-fb68ff5248bd/datanode-2/data/ratis/3a28e6b2-f888-47e8-8242-d306834017eb
2019-09-20 10:24:55,929 [pool-240-thread-1] INFO  server.RaftServerConfigKeys (ConfUtils.java:logGet(43)) - raft.server.log.queue.byte-limit = 2147483647 (custom)
2019-09-20 10:24:55,929 [pool-240-thread-1] INFO  server.RaftServerConfigKeys (ConfUtils.java:logGet(43)) - raft.server.log.queue.element-limit = 1024 (custom)
2019-09-20 10:24:55,930 [pool-240-thread-1] INFO  server.RaftServerConfigKeys (ConfUtils.java:logGet(43)) - raft.server.log.segment.size.max = 1048576 (custom)
2019-09-20 10:24:55,930 [pool-240-thread-1] INFO  server.RaftServerConfigKeys (ConfUtils.java:logGet(43)) - raft.server.log.preallocated.size = 16384 (custom)
2019-09-20 10:24:55,930 [pool-240-thread-1] INFO  server.RaftServerConfigKeys (ConfUtils.java:logGet(43)) - raft.server.log.write.buffer.size = 33554432 (custom)
2019-09-20 10:24:55,930 [pool-240-thread-1] INFO  server.RaftServerConfigKeys (ConfUtils.java:logGet(43)) - raft.server.log.force.sync.num = 128 (default)
2019-09-20 10:24:55,930 [pool-240-thread-1] INFO  server.RaftServerConfigKeys (ConfUtils.java:logGet(43)) - raft.server.log.statemachine.data.sync = true (default)
2019-09-20 10:24:55,930 [pool-240-thread-1] INFO  server.RaftServerConfigKeys (ConfUtils.java:logGet(43)) - raft.server.log.statemachine.data.sync.timeout = 10s (default)
2019-09-20 10:24:55,930 [pool-240-thread-1] INFO  server.RaftServerConfigKeys (ConfUtils.java:logGet(43)) - raft.server.log.statemachine.data.sync.timeout.retry = -1 (default)
2019-09-20 10:24:55,931 [pool-240-thread-1] INFO  server.RaftServerConfigKeys (ConfUtils.java:logGet(43)) - raft.server.log.statemachine.data.caching.enabled = true (custom)
2019-09-20 10:24:55,931 [pool-240-thread-1] INFO  segmented.SegmentedRaftLogWorker (SegmentedRaftLogWorker.java:lambda$new$0(132)) - 136f1953-bb94-4097-a2d4-422a6782bee0-SegmentedRaftLogWorker:Storage Directory /workdir/hadoop-ozone/integration-test/target/test-dir/MiniOzoneClusterImpl-806821b2-061b-4172-afaf-fb68ff5248bd/datanode-2/data/ratis/3a28e6b2-f888-47e8-8242-d306834017eb: flushIndex: setUnconditionally 0 -> -1
2019-09-20 10:24:55,931 [pool-240-thread-1] INFO  server.RaftServerConfigKeys (ConfUtils.java:logGet(43)) - raft.server.snapshot.auto.trigger.enabled = true (custom)
2019-09-20 10:24:55,931 [pool-240-thread-1] INFO  server.RaftServerConfigKeys (ConfUtils.java:logGet(43)) - raft.server.snapshot.auto.trigger.threshold = 10000 (custom)
2019-09-20 10:24:55,932 [pool-240-thread-1] INFO  server.RaftServerConfigKeys (ConfUtils.java:logGet(43)) - raft.server.retrycache.expirytime = 600000ms (custom)
2019-09-20 10:24:55,932 [pool-240-thread-1] INFO  impl.RaftServerImpl (RaftServerImpl.java:start(180)) - 136f1953-bb94-4097-a2d4-422a6782bee0: start group-D306834017EB
2019-09-20 10:24:55,932 [pool-240-thread-1] INFO  impl.RaftServerImpl (RaftServerImpl.java:setRole(171)) - 136f1953-bb94-4097-a2d4-422a6782bee0:group-D306834017EB changes role from null to FOLLOWER at term 0 for startAsFollower
2019-09-20 10:24:55,932 [pool-240-thread-1] INFO  impl.RoleInfo (RoleInfo.java:updateAndGet(143)) - 136f1953-bb94-4097-a2d4-422a6782bee0: start FollowerState
2019-09-20 10:24:55,932 [pool-240-thread-1] INFO  util.JmxRegister (JmxRegister.java:tryRegister(44)) - Successfully registered JMX Bean with object name Ratis:service=RaftServer,group=group-D306834017EB,id=136f1953-bb94-4097-a2d4-422a6782bee0
2019-09-20 10:24:55,935 [RatisPipelineUtilsThread] INFO  pipeline.PipelineStateManager (PipelineStateManager.java:addPipeline(56)) - Created pipeline Pipeline[ Id: 3a28e6b2-f888-47e8-8242-d306834017eb, Nodes: 136f1953-bb94-4097-a2d4-422a6782bee0{ip: 192.168.36.99, host: pr-hdds-1569-p5fx8-1226042367, networkLocation: /default-rack, certSerialId: null}, Type:RATIS, Factor:ONE, State:OPEN]
2019-09-20 10:24:55,936 [RatisPipelineUtilsThread] INFO  pipeline.PipelinePlacementPolicy (PipelinePlacementPolicy.java:meetCriteria(91)) - Pipeline Placement: Doesn't meet the criteria to be viable node： 61649f92-8c0f-475a-818d-1064548aeef6 Heaviness: 6 limit: 5
2019-09-20 10:24:55,936 [RatisPipelineUtilsThread] INFO  pipeline.PipelinePlacementPolicy (PipelinePlacementPolicy.java:meetCriteria(91)) - Pipeline Placement: Doesn't meet the criteria to be viable node： e8013689-2f13-4aaf-8a03-99f419c430ec Heaviness: 6 limit: 5
2019-09-20 10:24:55,954 [grpc-default-executor-4] INFO  impl.RaftServerProxy (RaftServerProxy.java:addNew(89)) - cff8bf6b-8d20-4327-9f29-08a3c2b49247: addNew group-41168AB8A65F:[cff8bf6b-8d20-4327-9f29-08a3c2b49247:192.168.36.99:46163] returns group-41168AB8A65F:java.util.concurrent.CompletableFuture@4ede2d10[Not completed]
2019-09-20 10:24:55,955 [pool-251-thread-1] INFO  impl.RaftServerImpl (RaftServerImpl.java:<init>(93)) - cff8bf6b-8d20-4327-9f29-08a3c2b49247: new RaftServerImpl for group-41168AB8A65F:[cff8bf6b-8d20-4327-9f29-08a3c2b49247:192.168.36.99:46163] with ContainerStateMachine:uninitialized
2019-09-20 10:24:55,955 [pool-251-thread-1] INFO  server.RaftServerConfigKeys (ConfUtils.java:logGet(43)) - raft.server.rpc.timeout.min = 5s (custom)
2019-09-20 10:24:55,955 [pool-251-thread-1] INFO  server.RaftServerConfigKeys (ConfUtils.java:logGet(43)) - raft.server.rpc.timeout.max = 5200ms (custom)
2019-09-20 10:24:55,955 [pool-251-thread-1] INFO  server.RaftServerConfigKeys (ConfUtils.java:logGet(43)) - raft.server.rpcslowness.timeout = 120s (custom)
2019-09-20 10:24:55,955 [pool-251-thread-1] INFO  server.RaftServerConfigKeys (ConfUtils.java:logGet(43)) - raft.server.sleep.deviation.threshold = 300 (default)
2019-09-20 10:24:55,955 [pool-251-thread-1] INFO  server.RaftServerConfigKeys (ConfUtils.java:logGet(43)) - raft.server.log.appender.install.snapshot.enabled = false (custom)
2019-09-20 10:24:55,956 [pool-251-thread-1] INFO  impl.RaftServerImpl (ServerState.java:<init>(105)) - cff8bf6b-8d20-4327-9f29-08a3c2b49247:group-41168AB8A65F ConfigurationManager, init=-1: [cff8bf6b-8d20-4327-9f29-08a3c2b49247:192.168.36.99:46163], old=null, confs=<EMPTY_MAP>
2019-09-20 10:24:55,956 [pool-251-thread-1] INFO  server.RaftServerConfigKeys (ConfUtils.java:logGet(43)) - raft.server.storage.dir = [/workdir/hadoop-ozone/integration-test/target/test-dir/MiniOzoneClusterImpl-806821b2-061b-4172-afaf-fb68ff5248bd/datanode-3/data/ratis] (custom)
2019-09-20 10:24:55,956 [pool-251-thread-1] INFO  storage.RaftStorageDirectory (RaftStorageDirectory.java:analyzeStorage(246)) - The storage directory /workdir/hadoop-ozone/integration-test/target/test-dir/MiniOzoneClusterImpl-806821b2-061b-4172-afaf-fb68ff5248bd/datanode-3/data/ratis/dd8bb0d1-585a-4aee-9fa3-41168ab8a65f does not exist. Creating ...
2019-09-20 10:24:56,003 [pool-251-thread-1] INFO  storage.RaftStorageDirectory (RaftStorageDirectory.java:tryLock(328)) - Lock on /workdir/hadoop-ozone/integration-test/target/test-dir/MiniOzoneClusterImpl-806821b2-061b-4172-afaf-fb68ff5248bd/datanode-3/data/ratis/dd8bb0d1-585a-4aee-9fa3-41168ab8a65f/in_use.lock acquired by nodename 28506@pr-hdds-1569-p5fx8-1226042367
2019-09-20 10:24:56,037 [pool-251-thread-1] INFO  storage.RaftStorage (RaftStorage.java:format(72)) - Storage directory /workdir/hadoop-ozone/integration-test/target/test-dir/MiniOzoneClusterImpl-806821b2-061b-4172-afaf-fb68ff5248bd/datanode-3/data/ratis/dd8bb0d1-585a-4aee-9fa3-41168ab8a65f has been successfully formatted.
2019-09-20 10:24:56,037 [pool-251-thread-1] INFO  ratis.ContainerStateMachine (ContainerStateMachine.java:loadSnapshot(226)) - group-41168AB8A65F: The snapshot info is null. Setting the last applied indexto:(t:0, i:~)
2019-09-20 10:24:56,037 [pool-251-thread-1] INFO  server.RaftServerConfigKeys (ConfUtils.java:logGet(43)) - raft.server.leader.election.timeout = 120s (custom)
2019-09-20 10:24:56,037 [pool-251-thread-1] INFO  server.RaftServerConfigKeys (ConfUtils.java:logGet(43)) - raft.server.log.use.memory = false (default)
2019-09-20 10:24:56,038 [pool-251-thread-1] INFO  server.RaftServerConfigKeys (ConfUtils.java:logGet(43)) - raft.server.log.purge.gap = 1000000 (custom)
2019-09-20 10:24:56,038 [pool-251-thread-1] INFO  server.RaftServerConfigKeys (ConfUtils.java:logGet(43)) - raft.server.log.appender.buffer.byte-limit = 33554432 (custom)
2019-09-20 10:24:56,038 [pool-251-thread-1] INFO  server.RaftServerConfigKeys (ConfUtils.java:logGet(43)) - raft.server.log.segment.size.max = 1048576 (custom)
2019-09-20 10:24:56,038 [pool-251-thread-1] INFO  server.RaftServerConfigKeys (ConfUtils.java:logGet(43)) - raft.server.log.segment.cache.num.max = 2 (custom)
2019-09-20 10:24:56,038 [pool-251-thread-1] INFO  segmented.SegmentedRaftLogWorker (SegmentedRaftLogWorker.java:<init>(172)) - new cff8bf6b-8d20-4327-9f29-08a3c2b49247-SegmentedRaftLogWorker:Storage Directory /workdir/hadoop-ozone/integration-test/target/test-dir/MiniOzoneClusterImpl-806821b2-061b-4172-afaf-fb68ff5248bd/datanode-3/data/ratis/dd8bb0d1-585a-4aee-9fa3-41168ab8a65f for RaftStorage:Storage Directory /workdir/hadoop-ozone/integration-test/target/test-dir/MiniOzoneClusterImpl-806821b2-061b-4172-afaf-fb68ff5248bd/datanode-3/data/ratis/dd8bb0d1-585a-4aee-9fa3-41168ab8a65f
2019-09-20 10:24:56,038 [pool-251-thread-1] INFO  server.RaftServerConfigKeys (ConfUtils.java:logGet(43)) - raft.server.log.queue.byte-limit = 2147483647 (custom)
2019-09-20 10:24:56,038 [pool-251-thread-1] INFO  server.RaftServerConfigKeys (ConfUtils.java:logGet(43)) - raft.server.log.queue.element-limit = 1024 (custom)
2019-09-20 10:24:56,039 [pool-251-thread-1] INFO  server.RaftServerConfigKeys (ConfUtils.java:logGet(43)) - raft.server.log.segment.size.max = 1048576 (custom)
2019-09-20 10:24:56,039 [pool-251-thread-1] INFO  server.RaftServerConfigKeys (ConfUtils.java:logGet(43)) - raft.server.log.preallocated.size = 16384 (custom)
2019-09-20 10:24:56,039 [pool-251-thread-1] INFO  server.RaftServerConfigKeys (ConfUtils.java:logGet(43)) - raft.server.log.write.buffer.size = 33554432 (custom)
2019-09-20 10:24:56,039 [pool-251-thread-1] INFO  server.RaftServerConfigKeys (ConfUtils.java:logGet(43)) - raft.server.log.force.sync.num = 128 (default)
2019-09-20 10:24:56,039 [pool-251-thread-1] INFO  server.RaftServerConfigKeys (ConfUtils.java:logGet(43)) - raft.server.log.statemachine.data.sync = true (default)
2019-09-20 10:24:56,039 [pool-251-thread-1] INFO  server.RaftServerConfigKeys (ConfUtils.java:logGet(43)) - raft.server.log.statemachine.data.sync.timeout = 10s (default)
2019-09-20 10:24:56,039 [pool-251-thread-1] INFO  server.RaftServerConfigKeys (ConfUtils.java:logGet(43)) - raft.server.log.statemachine.data.sync.timeout.retry = -1 (default)
2019-09-20 10:24:56,040 [pool-251-thread-1] INFO  server.RaftServerConfigKeys (ConfUtils.java:logGet(43)) - raft.server.log.statemachine.data.caching.enabled = true (custom)
2019-09-20 10:24:56,040 [pool-251-thread-1] INFO  segmented.SegmentedRaftLogWorker (SegmentedRaftLogWorker.java:lambda$new$0(132)) - cff8bf6b-8d20-4327-9f29-08a3c2b49247-SegmentedRaftLogWorker:Storage Directory /workdir/hadoop-ozone/integration-test/target/test-dir/MiniOzoneClusterImpl-806821b2-061b-4172-afaf-fb68ff5248bd/datanode-3/data/ratis/dd8bb0d1-585a-4aee-9fa3-41168ab8a65f: flushIndex: setUnconditionally 0 -> -1
2019-09-20 10:24:56,040 [pool-251-thread-1] INFO  server.RaftServerConfigKeys (ConfUtils.java:logGet(43)) - raft.server.snapshot.auto.trigger.enabled = true (custom)
2019-09-20 10:24:56,041 [pool-251-thread-1] INFO  server.RaftServerConfigKeys (ConfUtils.java:logGet(43)) - raft.server.snapshot.auto.trigger.threshold = 10000 (custom)
2019-09-20 10:24:56,041 [pool-251-thread-1] INFO  server.RaftServerConfigKeys (ConfUtils.java:logGet(43)) - raft.server.retrycache.expirytime = 600000ms (custom)
2019-09-20 10:24:56,041 [pool-251-thread-1] INFO  impl.RaftServerImpl (RaftServerImpl.java:start(180)) - cff8bf6b-8d20-4327-9f29-08a3c2b49247: start group-41168AB8A65F
2019-09-20 10:24:56,041 [pool-251-thread-1] INFO  impl.RaftServerImpl (RaftServerImpl.java:setRole(171)) - cff8bf6b-8d20-4327-9f29-08a3c2b49247:group-41168AB8A65F changes role from null to FOLLOWER at term 0 for startAsFollower
2019-09-20 10:24:56,041 [pool-251-thread-1] INFO  impl.RoleInfo (RoleInfo.java:updateAndGet(143)) - cff8bf6b-8d20-4327-9f29-08a3c2b49247: start FollowerState
2019-09-20 10:24:56,042 [pool-251-thread-1] INFO  util.JmxRegister (JmxRegister.java:tryRegister(44)) - Successfully registered JMX Bean with object name Ratis:service=RaftServer,group=group-41168AB8A65F,id=cff8bf6b-8d20-4327-9f29-08a3c2b49247
2019-09-20 10:24:56,045 [RatisPipelineUtilsThread] INFO  pipeline.PipelineStateManager (PipelineStateManager.java:addPipeline(56)) - Created pipeline Pipeline[ Id: dd8bb0d1-585a-4aee-9fa3-41168ab8a65f, Nodes: cff8bf6b-8d20-4327-9f29-08a3c2b49247{ip: 192.168.36.99, host: pr-hdds-1569-p5fx8-1226042367, networkLocation: /default-rack, certSerialId: null}, Type:RATIS, Factor:ONE, State:OPEN]
2019-09-20 10:24:56,045 [RatisPipelineUtilsThread] INFO  pipeline.PipelinePlacementPolicy (PipelinePlacementPolicy.java:meetCriteria(91)) - Pipeline Placement: Doesn't meet the criteria to be viable node： 61649f92-8c0f-475a-818d-1064548aeef6 Heaviness: 6 limit: 5
2019-09-20 10:24:56,045 [RatisPipelineUtilsThread] INFO  pipeline.PipelinePlacementPolicy (PipelinePlacementPolicy.java:meetCriteria(91)) - Pipeline Placement: Doesn't meet the criteria to be viable node： e8013689-2f13-4aaf-8a03-99f419c430ec Heaviness: 6 limit: 5
2019-09-20 10:24:56,052 [grpc-default-executor-4] INFO  impl.RaftServerProxy (RaftServerProxy.java:addNew(89)) - 136f1953-bb94-4097-a2d4-422a6782bee0: addNew group-C7C9E2BEED22:[136f1953-bb94-4097-a2d4-422a6782bee0:192.168.36.99:37121] returns group-C7C9E2BEED22:java.util.concurrent.CompletableFuture@643e05ef[Not completed]
2019-09-20 10:24:56,053 [pool-240-thread-1] INFO  impl.RaftServerImpl (RaftServerImpl.java:<init>(93)) - 136f1953-bb94-4097-a2d4-422a6782bee0: new RaftServerImpl for group-C7C9E2BEED22:[136f1953-bb94-4097-a2d4-422a6782bee0:192.168.36.99:37121] with ContainerStateMachine:uninitialized
2019-09-20 10:24:56,054 [pool-240-thread-1] INFO  server.RaftServerConfigKeys (ConfUtils.java:logGet(43)) - raft.server.rpc.timeout.min = 5s (custom)
2019-09-20 10:24:56,054 [pool-240-thread-1] INFO  server.RaftServerConfigKeys (ConfUtils.java:logGet(43)) - raft.server.rpc.timeout.max = 5200ms (custom)
2019-09-20 10:24:56,054 [pool-240-thread-1] INFO  server.RaftServerConfigKeys (ConfUtils.java:logGet(43)) - raft.server.rpcslowness.timeout = 120s (custom)
2019-09-20 10:24:56,054 [pool-240-thread-1] INFO  server.RaftServerConfigKeys (ConfUtils.java:logGet(43)) - raft.server.sleep.deviation.threshold = 300 (default)
2019-09-20 10:24:56,054 [pool-240-thread-1] INFO  server.RaftServerConfigKeys (ConfUtils.java:logGet(43)) - raft.server.log.appender.install.snapshot.enabled = false (custom)
2019-09-20 10:24:56,054 [pool-240-thread-1] INFO  impl.RaftServerImpl (ServerState.java:<init>(105)) - 136f1953-bb94-4097-a2d4-422a6782bee0:group-C7C9E2BEED22 ConfigurationManager, init=-1: [136f1953-bb94-4097-a2d4-422a6782bee0:192.168.36.99:37121], old=null, confs=<EMPTY_MAP>
2019-09-20 10:24:56,054 [pool-240-thread-1] INFO  server.RaftServerConfigKeys (ConfUtils.java:logGet(43)) - raft.server.storage.dir = [/workdir/hadoop-ozone/integration-test/target/test-dir/MiniOzoneClusterImpl-806821b2-061b-4172-afaf-fb68ff5248bd/datanode-2/data/ratis] (custom)
2019-09-20 10:24:56,055 [pool-240-thread-1] INFO  storage.RaftStorageDirectory (RaftStorageDirectory.java:analyzeStorage(246)) - The storage directory /workdir/hadoop-ozone/integration-test/target/test-dir/MiniOzoneClusterImpl-806821b2-061b-4172-afaf-fb68ff5248bd/datanode-2/data/ratis/0eedc282-be83-4ac8-ab7a-c7c9e2beed22 does not exist. Creating ...
2019-09-20 10:24:56,104 [pool-240-thread-1] INFO  storage.RaftStorageDirectory (RaftStorageDirectory.java:tryLock(328)) - Lock on /workdir/hadoop-ozone/integration-test/target/test-dir/MiniOzoneClusterImpl-806821b2-061b-4172-afaf-fb68ff5248bd/datanode-2/data/ratis/0eedc282-be83-4ac8-ab7a-c7c9e2beed22/in_use.lock acquired by nodename 28506@pr-hdds-1569-p5fx8-1226042367
2019-09-20 10:24:56,138 [pool-240-thread-1] INFO  storage.RaftStorage (RaftStorage.java:format(72)) - Storage directory /workdir/hadoop-ozone/integration-test/target/test-dir/MiniOzoneClusterImpl-806821b2-061b-4172-afaf-fb68ff5248bd/datanode-2/data/ratis/0eedc282-be83-4ac8-ab7a-c7c9e2beed22 has been successfully formatted.
2019-09-20 10:24:56,138 [pool-240-thread-1] INFO  ratis.ContainerStateMachine (ContainerStateMachine.java:loadSnapshot(226)) - group-C7C9E2BEED22: The snapshot info is null. Setting the last applied indexto:(t:0, i:~)
2019-09-20 10:24:56,138 [pool-240-thread-1] INFO  server.RaftServerConfigKeys (ConfUtils.java:logGet(43)) - raft.server.leader.election.timeout = 120s (custom)
2019-09-20 10:24:56,138 [pool-240-thread-1] INFO  server.RaftServerConfigKeys (ConfUtils.java:logGet(43)) - raft.server.log.use.memory = false (default)
2019-09-20 10:24:56,138 [pool-240-thread-1] INFO  server.RaftServerConfigKeys (ConfUtils.java:logGet(43)) - raft.server.log.purge.gap = 1000000 (custom)
2019-09-20 10:24:56,139 [pool-240-thread-1] INFO  server.RaftServerConfigKeys (ConfUtils.java:logGet(43)) - raft.server.log.appender.buffer.byte-limit = 33554432 (custom)
2019-09-20 10:24:56,139 [pool-240-thread-1] INFO  server.RaftServerConfigKeys (ConfUtils.java:logGet(43)) - raft.server.log.segment.size.max = 1048576 (custom)
2019-09-20 10:24:56,139 [pool-240-thread-1] INFO  server.RaftServerConfigKeys (ConfUtils.java:logGet(43)) - raft.server.log.segment.cache.num.max = 2 (custom)
2019-09-20 10:24:56,139 [pool-240-thread-1] INFO  segmented.SegmentedRaftLogWorker (SegmentedRaftLogWorker.java:<init>(172)) - new 136f1953-bb94-4097-a2d4-422a6782bee0-SegmentedRaftLogWorker:Storage Directory /workdir/hadoop-ozone/integration-test/target/test-dir/MiniOzoneClusterImpl-806821b2-061b-4172-afaf-fb68ff5248bd/datanode-2/data/ratis/0eedc282-be83-4ac8-ab7a-c7c9e2beed22 for RaftStorage:Storage Directory /workdir/hadoop-ozone/integration-test/target/test-dir/MiniOzoneClusterImpl-806821b2-061b-4172-afaf-fb68ff5248bd/datanode-2/data/ratis/0eedc282-be83-4ac8-ab7a-c7c9e2beed22
2019-09-20 10:24:56,139 [pool-240-thread-1] INFO  server.RaftServerConfigKeys (ConfUtils.java:logGet(43)) - raft.server.log.queue.byte-limit = 2147483647 (custom)
2019-09-20 10:24:56,140 [pool-240-thread-1] INFO  server.RaftServerConfigKeys (ConfUtils.java:logGet(43)) - raft.server.log.queue.element-limit = 1024 (custom)
2019-09-20 10:24:56,140 [pool-240-thread-1] INFO  server.RaftServerConfigKeys (ConfUtils.java:logGet(43)) - raft.server.log.segment.size.max = 1048576 (custom)
2019-09-20 10:24:56,140 [pool-240-thread-1] INFO  server.RaftServerConfigKeys (ConfUtils.java:logGet(43)) - raft.server.log.preallocated.size = 16384 (custom)
2019-09-20 10:24:56,140 [pool-240-thread-1] INFO  server.RaftServerConfigKeys (ConfUtils.java:logGet(43)) - raft.server.log.write.buffer.size = 33554432 (custom)
2019-09-20 10:24:56,140 [pool-240-thread-1] INFO  server.RaftServerConfigKeys (ConfUtils.java:logGet(43)) - raft.server.log.force.sync.num = 128 (default)
2019-09-20 10:24:56,140 [pool-240-thread-1] INFO  server.RaftServerConfigKeys (ConfUtils.java:logGet(43)) - raft.server.log.statemachine.data.sync = true (default)
2019-09-20 10:24:56,141 [pool-240-thread-1] INFO  server.RaftServerConfigKeys (ConfUtils.java:logGet(43)) - raft.server.log.statemachine.data.sync.timeout = 10s (default)
2019-09-20 10:24:56,141 [pool-240-thread-1] INFO  server.RaftServerConfigKeys (ConfUtils.java:logGet(43)) - raft.server.log.statemachine.data.sync.timeout.retry = -1 (default)
2019-09-20 10:24:56,141 [pool-240-thread-1] INFO  server.RaftServerConfigKeys (ConfUtils.java:logGet(43)) - raft.server.log.statemachine.data.caching.enabled = true (custom)
2019-09-20 10:24:56,141 [pool-240-thread-1] INFO  segmented.SegmentedRaftLogWorker (SegmentedRaftLogWorker.java:lambda$new$0(132)) - 136f1953-bb94-4097-a2d4-422a6782bee0-SegmentedRaftLogWorker:Storage Directory /workdir/hadoop-ozone/integration-test/target/test-dir/MiniOzoneClusterImpl-806821b2-061b-4172-afaf-fb68ff5248bd/datanode-2/data/ratis/0eedc282-be83-4ac8-ab7a-c7c9e2beed22: flushIndex: setUnconditionally 0 -> -1
2019-09-20 10:24:56,142 [pool-240-thread-1] INFO  server.RaftServerConfigKeys (ConfUtils.java:logGet(43)) - raft.server.snapshot.auto.trigger.enabled = true (custom)
2019-09-20 10:24:56,142 [pool-240-thread-1] INFO  server.RaftServerConfigKeys (ConfUtils.java:logGet(43)) - raft.server.snapshot.auto.trigger.threshold = 10000 (custom)
2019-09-20 10:24:56,142 [pool-240-thread-1] INFO  server.RaftServerConfigKeys (ConfUtils.java:logGet(43)) - raft.server.retrycache.expirytime = 600000ms (custom)
2019-09-20 10:24:56,142 [pool-240-thread-1] INFO  impl.RaftServerImpl (RaftServerImpl.java:start(180)) - 136f1953-bb94-4097-a2d4-422a6782bee0: start group-C7C9E2BEED22
2019-09-20 10:24:56,143 [pool-240-thread-1] INFO  impl.RaftServerImpl (RaftServerImpl.java:setRole(171)) - 136f1953-bb94-4097-a2d4-422a6782bee0:group-C7C9E2BEED22 changes role from null to FOLLOWER at term 0 for startAsFollower
2019-09-20 10:24:56,143 [pool-240-thread-1] INFO  impl.RoleInfo (RoleInfo.java:updateAndGet(143)) - 136f1953-bb94-4097-a2d4-422a6782bee0: start FollowerState
2019-09-20 10:24:56,143 [pool-240-thread-1] INFO  util.JmxRegister (JmxRegister.java:tryRegister(44)) - Successfully registered JMX Bean with object name Ratis:service=RaftServer,group=group-C7C9E2BEED22,id=136f1953-bb94-4097-a2d4-422a6782bee0
2019-09-20 10:24:56,147 [RatisPipelineUtilsThread] INFO  pipeline.PipelineStateManager (PipelineStateManager.java:addPipeline(56)) - Created pipeline Pipeline[ Id: 0eedc282-be83-4ac8-ab7a-c7c9e2beed22, Nodes: 136f1953-bb94-4097-a2d4-422a6782bee0{ip: 192.168.36.99, host: pr-hdds-1569-p5fx8-1226042367, networkLocation: /default-rack, certSerialId: null}, Type:RATIS, Factor:ONE, State:OPEN]
2019-09-20 10:24:56,147 [RatisPipelineUtilsThread] INFO  pipeline.PipelinePlacementPolicy (PipelinePlacementPolicy.java:meetCriteria(91)) - Pipeline Placement: Doesn't meet the criteria to be viable node： 61649f92-8c0f-475a-818d-1064548aeef6 Heaviness: 6 limit: 5
2019-09-20 10:24:56,147 [RatisPipelineUtilsThread] INFO  pipeline.PipelinePlacementPolicy (PipelinePlacementPolicy.java:meetCriteria(91)) - Pipeline Placement: Doesn't meet the criteria to be viable node： e8013689-2f13-4aaf-8a03-99f419c430ec Heaviness: 6 limit: 5
2019-09-20 10:24:56,152 [grpc-default-executor-4] INFO  impl.RaftServerProxy (RaftServerProxy.java:addNew(89)) - 136f1953-bb94-4097-a2d4-422a6782bee0: addNew group-F0B5BE8CFE34:[136f1953-bb94-4097-a2d4-422a6782bee0:192.168.36.99:37121] returns group-F0B5BE8CFE34:java.util.concurrent.CompletableFuture@74adf6e4[Not completed]
2019-09-20 10:24:56,154 [pool-240-thread-1] INFO  impl.RaftServerImpl (RaftServerImpl.java:<init>(93)) - 136f1953-bb94-4097-a2d4-422a6782bee0: new RaftServerImpl for group-F0B5BE8CFE34:[136f1953-bb94-4097-a2d4-422a6782bee0:192.168.36.99:37121] with ContainerStateMachine:uninitialized
2019-09-20 10:24:56,154 [pool-240-thread-1] INFO  server.RaftServerConfigKeys (ConfUtils.java:logGet(43)) - raft.server.rpc.timeout.min = 5s (custom)
2019-09-20 10:24:56,155 [pool-240-thread-1] INFO  server.RaftServerConfigKeys (ConfUtils.java:logGet(43)) - raft.server.rpc.timeout.max = 5200ms (custom)
2019-09-20 10:24:56,155 [pool-240-thread-1] INFO  server.RaftServerConfigKeys (ConfUtils.java:logGet(43)) - raft.server.rpcslowness.timeout = 120s (custom)
2019-09-20 10:24:56,155 [pool-240-thread-1] INFO  server.RaftServerConfigKeys (ConfUtils.java:logGet(43)) - raft.server.sleep.deviation.threshold = 300 (default)
2019-09-20 10:24:56,155 [pool-240-thread-1] INFO  server.RaftServerConfigKeys (ConfUtils.java:logGet(43)) - raft.server.log.appender.install.snapshot.enabled = false (custom)
2019-09-20 10:24:56,155 [pool-240-thread-1] INFO  impl.RaftServerImpl (ServerState.java:<init>(105)) - 136f1953-bb94-4097-a2d4-422a6782bee0:group-F0B5BE8CFE34 ConfigurationManager, init=-1: [136f1953-bb94-4097-a2d4-422a6782bee0:192.168.36.99:37121], old=null, confs=<EMPTY_MAP>
2019-09-20 10:24:56,155 [pool-240-thread-1] INFO  server.RaftServerConfigKeys (ConfUtils.java:logGet(43)) - raft.server.storage.dir = [/workdir/hadoop-ozone/integration-test/target/test-dir/MiniOzoneClusterImpl-806821b2-061b-4172-afaf-fb68ff5248bd/datanode-2/data/ratis] (custom)
2019-09-20 10:24:56,156 [pool-240-thread-1] INFO  storage.RaftStorageDirectory (RaftStorageDirectory.java:analyzeStorage(246)) - The storage directory /workdir/hadoop-ozone/integration-test/target/test-dir/MiniOzoneClusterImpl-806821b2-061b-4172-afaf-fb68ff5248bd/datanode-2/data/ratis/9e0b6be5-3a8b-46a6-91d2-f0b5be8cfe34 does not exist. Creating ...
2019-09-20 10:24:56,180 [pool-240-thread-1] INFO  storage.RaftStorageDirectory (RaftStorageDirectory.java:tryLock(328)) - Lock on /workdir/hadoop-ozone/integration-test/target/test-dir/MiniOzoneClusterImpl-806821b2-061b-4172-afaf-fb68ff5248bd/datanode-2/data/ratis/9e0b6be5-3a8b-46a6-91d2-f0b5be8cfe34/in_use.lock acquired by nodename 28506@pr-hdds-1569-p5fx8-1226042367
2019-09-20 10:24:56,230 [pool-240-thread-1] INFO  storage.RaftStorage (RaftStorage.java:format(72)) - Storage directory /workdir/hadoop-ozone/integration-test/target/test-dir/MiniOzoneClusterImpl-806821b2-061b-4172-afaf-fb68ff5248bd/datanode-2/data/ratis/9e0b6be5-3a8b-46a6-91d2-f0b5be8cfe34 has been successfully formatted.
2019-09-20 10:24:56,230 [pool-240-thread-1] INFO  ratis.ContainerStateMachine (ContainerStateMachine.java:loadSnapshot(226)) - group-F0B5BE8CFE34: The snapshot info is null. Setting the last applied indexto:(t:0, i:~)
2019-09-20 10:24:56,231 [pool-240-thread-1] INFO  server.RaftServerConfigKeys (ConfUtils.java:logGet(43)) - raft.server.leader.election.timeout = 120s (custom)
2019-09-20 10:24:56,231 [pool-240-thread-1] INFO  server.RaftServerConfigKeys (ConfUtils.java:logGet(43)) - raft.server.log.use.memory = false (default)
2019-09-20 10:24:56,231 [pool-240-thread-1] INFO  server.RaftServerConfigKeys (ConfUtils.java:logGet(43)) - raft.server.log.purge.gap = 1000000 (custom)
2019-09-20 10:24:56,231 [pool-240-thread-1] INFO  server.RaftServerConfigKeys (ConfUtils.java:logGet(43)) - raft.server.log.appender.buffer.byte-limit = 33554432 (custom)
2019-09-20 10:24:56,231 [pool-240-thread-1] INFO  server.RaftServerConfigKeys (ConfUtils.java:logGet(43)) - raft.server.log.segment.size.max = 1048576 (custom)
2019-09-20 10:24:56,232 [pool-240-thread-1] INFO  server.RaftServerConfigKeys (ConfUtils.java:logGet(43)) - raft.server.log.segment.cache.num.max = 2 (custom)
2019-09-20 10:24:56,232 [pool-240-thread-1] INFO  segmented.SegmentedRaftLogWorker (SegmentedRaftLogWorker.java:<init>(172)) - new 136f1953-bb94-4097-a2d4-422a6782bee0-SegmentedRaftLogWorker:Storage Directory /workdir/hadoop-ozone/integration-test/target/test-dir/MiniOzoneClusterImpl-806821b2-061b-4172-afaf-fb68ff5248bd/datanode-2/data/ratis/9e0b6be5-3a8b-46a6-91d2-f0b5be8cfe34 for RaftStorage:Storage Directory /workdir/hadoop-ozone/integration-test/target/test-dir/MiniOzoneClusterImpl-806821b2-061b-4172-afaf-fb68ff5248bd/datanode-2/data/ratis/9e0b6be5-3a8b-46a6-91d2-f0b5be8cfe34
2019-09-20 10:24:56,232 [pool-240-thread-1] INFO  server.RaftServerConfigKeys (ConfUtils.java:logGet(43)) - raft.server.log.queue.byte-limit = 2147483647 (custom)
2019-09-20 10:24:56,232 [pool-240-thread-1] INFO  server.RaftServerConfigKeys (ConfUtils.java:logGet(43)) - raft.server.log.queue.element-limit = 1024 (custom)
2019-09-20 10:24:56,232 [pool-240-thread-1] INFO  server.RaftServerConfigKeys (ConfUtils.java:logGet(43)) - raft.server.log.segment.size.max = 1048576 (custom)
2019-09-20 10:24:56,233 [pool-240-thread-1] INFO  server.RaftServerConfigKeys (ConfUtils.java:logGet(43)) - raft.server.log.preallocated.size = 16384 (custom)
2019-09-20 10:24:56,233 [pool-240-thread-1] INFO  server.RaftServerConfigKeys (ConfUtils.java:logGet(43)) - raft.server.log.write.buffer.size = 33554432 (custom)
2019-09-20 10:24:56,233 [pool-240-thread-1] INFO  server.RaftServerConfigKeys (ConfUtils.java:logGet(43)) - raft.server.log.force.sync.num = 128 (default)
2019-09-20 10:24:56,233 [pool-240-thread-1] INFO  server.RaftServerConfigKeys (ConfUtils.java:logGet(43)) - raft.server.log.statemachine.data.sync = true (default)
2019-09-20 10:24:56,233 [pool-240-thread-1] INFO  server.RaftServerConfigKeys (ConfUtils.java:logGet(43)) - raft.server.log.statemachine.data.sync.timeout = 10s (default)
2019-09-20 10:24:56,234 [pool-240-thread-1] INFO  server.RaftServerConfigKeys (ConfUtils.java:logGet(43)) - raft.server.log.statemachine.data.sync.timeout.retry = -1 (default)
2019-09-20 10:24:56,234 [pool-240-thread-1] INFO  server.RaftServerConfigKeys (ConfUtils.java:logGet(43)) - raft.server.log.statemachine.data.caching.enabled = true (custom)
2019-09-20 10:24:56,234 [pool-240-thread-1] INFO  segmented.SegmentedRaftLogWorker (SegmentedRaftLogWorker.java:lambda$new$0(132)) - 136f1953-bb94-4097-a2d4-422a6782bee0-SegmentedRaftLogWorker:Storage Directory /workdir/hadoop-ozone/integration-test/target/test-dir/MiniOzoneClusterImpl-806821b2-061b-4172-afaf-fb68ff5248bd/datanode-2/data/ratis/9e0b6be5-3a8b-46a6-91d2-f0b5be8cfe34: flushIndex: setUnconditionally 0 -> -1
2019-09-20 10:24:56,235 [pool-240-thread-1] INFO  server.RaftServerConfigKeys (ConfUtils.java:logGet(43)) - raft.server.snapshot.auto.trigger.enabled = true (custom)
2019-09-20 10:24:56,235 [pool-240-thread-1] INFO  server.RaftServerConfigKeys (ConfUtils.java:logGet(43)) - raft.server.snapshot.auto.trigger.threshold = 10000 (custom)
2019-09-20 10:24:56,235 [pool-240-thread-1] INFO  server.RaftServerConfigKeys (ConfUtils.java:logGet(43)) - raft.server.retrycache.expirytime = 600000ms (custom)
2019-09-20 10:24:56,235 [pool-240-thread-1] INFO  impl.RaftServerImpl (RaftServerImpl.java:start(180)) - 136f1953-bb94-4097-a2d4-422a6782bee0: start group-F0B5BE8CFE34
2019-09-20 10:24:56,235 [pool-240-thread-1] INFO  impl.RaftServerImpl (RaftServerImpl.java:setRole(171)) - 136f1953-bb94-4097-a2d4-422a6782bee0:group-F0B5BE8CFE34 changes role from null to FOLLOWER at term 0 for startAsFollower
2019-09-20 10:24:56,236 [pool-240-thread-1] INFO  impl.RoleInfo (RoleInfo.java:updateAndGet(143)) - 136f1953-bb94-4097-a2d4-422a6782bee0: start FollowerState
2019-09-20 10:24:56,236 [pool-240-thread-1] INFO  util.JmxRegister (JmxRegister.java:tryRegister(44)) - Successfully registered JMX Bean with object name Ratis:service=RaftServer,group=group-F0B5BE8CFE34,id=136f1953-bb94-4097-a2d4-422a6782bee0
2019-09-20 10:24:56,240 [RatisPipelineUtilsThread] INFO  pipeline.PipelineStateManager (PipelineStateManager.java:addPipeline(56)) - Created pipeline Pipeline[ Id: 9e0b6be5-3a8b-46a6-91d2-f0b5be8cfe34, Nodes: 136f1953-bb94-4097-a2d4-422a6782bee0{ip: 192.168.36.99, host: pr-hdds-1569-p5fx8-1226042367, networkLocation: /default-rack, certSerialId: null}, Type:RATIS, Factor:ONE, State:OPEN]
2019-09-20 10:24:56,240 [RatisPipelineUtilsThread] INFO  pipeline.PipelinePlacementPolicy (PipelinePlacementPolicy.java:meetCriteria(91)) - Pipeline Placement: Doesn't meet the criteria to be viable node： 61649f92-8c0f-475a-818d-1064548aeef6 Heaviness: 6 limit: 5
2019-09-20 10:24:56,240 [RatisPipelineUtilsThread] INFO  pipeline.PipelinePlacementPolicy (PipelinePlacementPolicy.java:meetCriteria(91)) - Pipeline Placement: Doesn't meet the criteria to be viable node： e8013689-2f13-4aaf-8a03-99f419c430ec Heaviness: 6 limit: 5
2019-09-20 10:24:56,246 [grpc-default-executor-4] INFO  impl.RaftServerProxy (RaftServerProxy.java:addNew(89)) - cff8bf6b-8d20-4327-9f29-08a3c2b49247: addNew group-E11B07918171:[cff8bf6b-8d20-4327-9f29-08a3c2b49247:192.168.36.99:46163] returns group-E11B07918171:java.util.concurrent.CompletableFuture@15a4040[Not completed]
2019-09-20 10:24:56,249 [pool-251-thread-1] INFO  impl.RaftServerImpl (RaftServerImpl.java:<init>(93)) - cff8bf6b-8d20-4327-9f29-08a3c2b49247: new RaftServerImpl for group-E11B07918171:[cff8bf6b-8d20-4327-9f29-08a3c2b49247:192.168.36.99:46163] with ContainerStateMachine:uninitialized
2019-09-20 10:24:56,249 [pool-251-thread-1] INFO  server.RaftServerConfigKeys (ConfUtils.java:logGet(43)) - raft.server.rpc.timeout.min = 5s (custom)
2019-09-20 10:24:56,249 [pool-251-thread-1] INFO  server.RaftServerConfigKeys (ConfUtils.java:logGet(43)) - raft.server.rpc.timeout.max = 5200ms (custom)
2019-09-20 10:24:56,249 [pool-251-thread-1] INFO  server.RaftServerConfigKeys (ConfUtils.java:logGet(43)) - raft.server.rpcslowness.timeout = 120s (custom)
2019-09-20 10:24:56,249 [pool-251-thread-1] INFO  server.RaftServerConfigKeys (ConfUtils.java:logGet(43)) - raft.server.sleep.deviation.threshold = 300 (default)
2019-09-20 10:24:56,250 [pool-251-thread-1] INFO  server.RaftServerConfigKeys (ConfUtils.java:logGet(43)) - raft.server.log.appender.install.snapshot.enabled = false (custom)
2019-09-20 10:24:56,250 [pool-251-thread-1] INFO  impl.RaftServerImpl (ServerState.java:<init>(105)) - cff8bf6b-8d20-4327-9f29-08a3c2b49247:group-E11B07918171 ConfigurationManager, init=-1: [cff8bf6b-8d20-4327-9f29-08a3c2b49247:192.168.36.99:46163], old=null, confs=<EMPTY_MAP>
2019-09-20 10:24:56,250 [pool-251-thread-1] INFO  server.RaftServerConfigKeys (ConfUtils.java:logGet(43)) - raft.server.storage.dir = [/workdir/hadoop-ozone/integration-test/target/test-dir/MiniOzoneClusterImpl-806821b2-061b-4172-afaf-fb68ff5248bd/datanode-3/data/ratis] (custom)
2019-09-20 10:24:56,250 [pool-251-thread-1] INFO  storage.RaftStorageDirectory (RaftStorageDirectory.java:analyzeStorage(246)) - The storage directory /workdir/hadoop-ozone/integration-test/target/test-dir/MiniOzoneClusterImpl-806821b2-061b-4172-afaf-fb68ff5248bd/datanode-3/data/ratis/3136328c-58bd-431e-a818-e11b07918171 does not exist. Creating ...
2019-09-20 10:24:56,272 [pool-251-thread-1] INFO  storage.RaftStorageDirectory (RaftStorageDirectory.java:tryLock(328)) - Lock on /workdir/hadoop-ozone/integration-test/target/test-dir/MiniOzoneClusterImpl-806821b2-061b-4172-afaf-fb68ff5248bd/datanode-3/data/ratis/3136328c-58bd-431e-a818-e11b07918171/in_use.lock acquired by nodename 28506@pr-hdds-1569-p5fx8-1226042367
2019-09-20 10:24:56,306 [pool-251-thread-1] INFO  storage.RaftStorage (RaftStorage.java:format(72)) - Storage directory /workdir/hadoop-ozone/integration-test/target/test-dir/MiniOzoneClusterImpl-806821b2-061b-4172-afaf-fb68ff5248bd/datanode-3/data/ratis/3136328c-58bd-431e-a818-e11b07918171 has been successfully formatted.
2019-09-20 10:24:56,306 [pool-251-thread-1] INFO  ratis.ContainerStateMachine (ContainerStateMachine.java:loadSnapshot(226)) - group-E11B07918171: The snapshot info is null. Setting the last applied indexto:(t:0, i:~)
2019-09-20 10:24:56,306 [pool-251-thread-1] INFO  server.RaftServerConfigKeys (ConfUtils.java:logGet(43)) - raft.server.leader.election.timeout = 120s (custom)
2019-09-20 10:24:56,307 [pool-251-thread-1] INFO  server.RaftServerConfigKeys (ConfUtils.java:logGet(43)) - raft.server.log.use.memory = false (default)
2019-09-20 10:24:56,307 [pool-251-thread-1] INFO  server.RaftServerConfigKeys (ConfUtils.java:logGet(43)) - raft.server.log.purge.gap = 1000000 (custom)
2019-09-20 10:24:56,307 [pool-251-thread-1] INFO  server.RaftServerConfigKeys (ConfUtils.java:logGet(43)) - raft.server.log.appender.buffer.byte-limit = 33554432 (custom)
2019-09-20 10:24:56,307 [pool-251-thread-1] INFO  server.RaftServerConfigKeys (ConfUtils.java:logGet(43)) - raft.server.log.segment.size.max = 1048576 (custom)
2019-09-20 10:24:56,307 [pool-251-thread-1] INFO  server.RaftServerConfigKeys (ConfUtils.java:logGet(43)) - raft.server.log.segment.cache.num.max = 2 (custom)
2019-09-20 10:24:56,307 [pool-251-thread-1] INFO  segmented.SegmentedRaftLogWorker (SegmentedRaftLogWorker.java:<init>(172)) - new cff8bf6b-8d20-4327-9f29-08a3c2b49247-SegmentedRaftLogWorker:Storage Directory /workdir/hadoop-ozone/integration-test/target/test-dir/MiniOzoneClusterImpl-806821b2-061b-4172-afaf-fb68ff5248bd/datanode-3/data/ratis/3136328c-58bd-431e-a818-e11b07918171 for RaftStorage:Storage Directory /workdir/hadoop-ozone/integration-test/target/test-dir/MiniOzoneClusterImpl-806821b2-061b-4172-afaf-fb68ff5248bd/datanode-3/data/ratis/3136328c-58bd-431e-a818-e11b07918171
2019-09-20 10:24:56,308 [pool-251-thread-1] INFO  server.RaftServerConfigKeys (ConfUtils.java:logGet(43)) - raft.server.log.queue.byte-limit = 2147483647 (custom)
2019-09-20 10:24:56,308 [pool-251-thread-1] INFO  server.RaftServerConfigKeys (ConfUtils.java:logGet(43)) - raft.server.log.queue.element-limit = 1024 (custom)
2019-09-20 10:24:56,308 [pool-251-thread-1] INFO  server.RaftServerConfigKeys (ConfUtils.java:logGet(43)) - raft.server.log.segment.size.max = 1048576 (custom)
2019-09-20 10:24:56,308 [pool-251-thread-1] INFO  server.RaftServerConfigKeys (ConfUtils.java:logGet(43)) - raft.server.log.preallocated.size = 16384 (custom)
2019-09-20 10:24:56,308 [pool-251-thread-1] INFO  server.RaftServerConfigKeys (ConfUtils.java:logGet(43)) - raft.server.log.write.buffer.size = 33554432 (custom)
2019-09-20 10:24:56,309 [pool-251-thread-1] INFO  server.RaftServerConfigKeys (ConfUtils.java:logGet(43)) - raft.server.log.force.sync.num = 128 (default)
2019-09-20 10:24:56,309 [pool-251-thread-1] INFO  server.RaftServerConfigKeys (ConfUtils.java:logGet(43)) - raft.server.log.statemachine.data.sync = true (default)
2019-09-20 10:24:56,309 [pool-251-thread-1] INFO  server.RaftServerConfigKeys (ConfUtils.java:logGet(43)) - raft.server.log.statemachine.data.sync.timeout = 10s (default)
2019-09-20 10:24:56,309 [pool-251-thread-1] INFO  server.RaftServerConfigKeys (ConfUtils.java:logGet(43)) - raft.server.log.statemachine.data.sync.timeout.retry = -1 (default)
2019-09-20 10:24:56,309 [pool-251-thread-1] INFO  server.RaftServerConfigKeys (ConfUtils.java:logGet(43)) - raft.server.log.statemachine.data.caching.enabled = true (custom)
2019-09-20 10:24:56,310 [pool-251-thread-1] INFO  segmented.SegmentedRaftLogWorker (SegmentedRaftLogWorker.java:lambda$new$0(132)) - cff8bf6b-8d20-4327-9f29-08a3c2b49247-SegmentedRaftLogWorker:Storage Directory /workdir/hadoop-ozone/integration-test/target/test-dir/MiniOzoneClusterImpl-806821b2-061b-4172-afaf-fb68ff5248bd/datanode-3/data/ratis/3136328c-58bd-431e-a818-e11b07918171: flushIndex: setUnconditionally 0 -> -1
2019-09-20 10:24:56,310 [pool-251-thread-1] INFO  server.RaftServerConfigKeys (ConfUtils.java:logGet(43)) - raft.server.snapshot.auto.trigger.enabled = true (custom)
2019-09-20 10:24:56,310 [pool-251-thread-1] INFO  server.RaftServerConfigKeys (ConfUtils.java:logGet(43)) - raft.server.snapshot.auto.trigger.threshold = 10000 (custom)
2019-09-20 10:24:56,310 [pool-251-thread-1] INFO  server.RaftServerConfigKeys (ConfUtils.java:logGet(43)) - raft.server.retrycache.expirytime = 600000ms (custom)
2019-09-20 10:24:56,311 [pool-251-thread-1] INFO  impl.RaftServerImpl (RaftServerImpl.java:start(180)) - cff8bf6b-8d20-4327-9f29-08a3c2b49247: start group-E11B07918171
2019-09-20 10:24:56,311 [pool-251-thread-1] INFO  impl.RaftServerImpl (RaftServerImpl.java:setRole(171)) - cff8bf6b-8d20-4327-9f29-08a3c2b49247:group-E11B07918171 changes role from null to FOLLOWER at term 0 for startAsFollower
2019-09-20 10:24:56,311 [pool-251-thread-1] INFO  impl.RoleInfo (RoleInfo.java:updateAndGet(143)) - cff8bf6b-8d20-4327-9f29-08a3c2b49247: start FollowerState
2019-09-20 10:24:56,312 [pool-251-thread-1] INFO  util.JmxRegister (JmxRegister.java:tryRegister(44)) - Successfully registered JMX Bean with object name Ratis:service=RaftServer,group=group-E11B07918171,id=cff8bf6b-8d20-4327-9f29-08a3c2b49247
2019-09-20 10:24:56,315 [RatisPipelineUtilsThread] INFO  pipeline.PipelineStateManager (PipelineStateManager.java:addPipeline(56)) - Created pipeline Pipeline[ Id: 3136328c-58bd-431e-a818-e11b07918171, Nodes: cff8bf6b-8d20-4327-9f29-08a3c2b49247{ip: 192.168.36.99, host: pr-hdds-1569-p5fx8-1226042367, networkLocation: /default-rack, certSerialId: null}, Type:RATIS, Factor:ONE, State:OPEN]
2019-09-20 10:24:56,315 [RatisPipelineUtilsThread] INFO  pipeline.PipelinePlacementPolicy (PipelinePlacementPolicy.java:meetCriteria(91)) - Pipeline Placement: Doesn't meet the criteria to be viable node： 61649f92-8c0f-475a-818d-1064548aeef6 Heaviness: 6 limit: 5
2019-09-20 10:24:56,315 [RatisPipelineUtilsThread] INFO  pipeline.PipelinePlacementPolicy (PipelinePlacementPolicy.java:meetCriteria(91)) - Pipeline Placement: Doesn't meet the criteria to be viable node： e8013689-2f13-4aaf-8a03-99f419c430ec Heaviness: 6 limit: 5
2019-09-20 10:24:56,320 [grpc-default-executor-4] INFO  impl.RaftServerProxy (RaftServerProxy.java:addNew(89)) - 136f1953-bb94-4097-a2d4-422a6782bee0: addNew group-F29F1192F946:[136f1953-bb94-4097-a2d4-422a6782bee0:192.168.36.99:37121] returns group-F29F1192F946:java.util.concurrent.CompletableFuture@76b208de[Not completed]
2019-09-20 10:24:56,321 [pool-240-thread-1] INFO  impl.RaftServerImpl (RaftServerImpl.java:<init>(93)) - 136f1953-bb94-4097-a2d4-422a6782bee0: new RaftServerImpl for group-F29F1192F946:[136f1953-bb94-4097-a2d4-422a6782bee0:192.168.36.99:37121] with ContainerStateMachine:uninitialized
2019-09-20 10:24:56,322 [pool-240-thread-1] INFO  server.RaftServerConfigKeys (ConfUtils.java:logGet(43)) - raft.server.rpc.timeout.min = 5s (custom)
2019-09-20 10:24:56,322 [pool-240-thread-1] INFO  server.RaftServerConfigKeys (ConfUtils.java:logGet(43)) - raft.server.rpc.timeout.max = 5200ms (custom)
2019-09-20 10:24:56,322 [pool-240-thread-1] INFO  server.RaftServerConfigKeys (ConfUtils.java:logGet(43)) - raft.server.rpcslowness.timeout = 120s (custom)
2019-09-20 10:24:56,322 [pool-240-thread-1] INFO  server.RaftServerConfigKeys (ConfUtils.java:logGet(43)) - raft.server.sleep.deviation.threshold = 300 (default)
2019-09-20 10:24:56,322 [pool-240-thread-1] INFO  server.RaftServerConfigKeys (ConfUtils.java:logGet(43)) - raft.server.log.appender.install.snapshot.enabled = false (custom)
2019-09-20 10:24:56,322 [pool-240-thread-1] INFO  impl.RaftServerImpl (ServerState.java:<init>(105)) - 136f1953-bb94-4097-a2d4-422a6782bee0:group-F29F1192F946 ConfigurationManager, init=-1: [136f1953-bb94-4097-a2d4-422a6782bee0:192.168.36.99:37121], old=null, confs=<EMPTY_MAP>
2019-09-20 10:24:56,323 [pool-240-thread-1] INFO  server.RaftServerConfigKeys (ConfUtils.java:logGet(43)) - raft.server.storage.dir = [/workdir/hadoop-ozone/integration-test/target/test-dir/MiniOzoneClusterImpl-806821b2-061b-4172-afaf-fb68ff5248bd/datanode-2/data/ratis] (custom)
2019-09-20 10:24:56,323 [pool-240-thread-1] INFO  storage.RaftStorageDirectory (RaftStorageDirectory.java:analyzeStorage(246)) - The storage directory /workdir/hadoop-ozone/integration-test/target/test-dir/MiniOzoneClusterImpl-806821b2-061b-4172-afaf-fb68ff5248bd/datanode-2/data/ratis/54e10fd4-cd9d-4fa1-8c4c-f29f1192f946 does not exist. Creating ...
2019-09-20 10:24:56,339 [pool-240-thread-1] INFO  storage.RaftStorageDirectory (RaftStorageDirectory.java:tryLock(328)) - Lock on /workdir/hadoop-ozone/integration-test/target/test-dir/MiniOzoneClusterImpl-806821b2-061b-4172-afaf-fb68ff5248bd/datanode-2/data/ratis/54e10fd4-cd9d-4fa1-8c4c-f29f1192f946/in_use.lock acquired by nodename 28506@pr-hdds-1569-p5fx8-1226042367
2019-09-20 10:24:56,373 [pool-240-thread-1] INFO  storage.RaftStorage (RaftStorage.java:format(72)) - Storage directory /workdir/hadoop-ozone/integration-test/target/test-dir/MiniOzoneClusterImpl-806821b2-061b-4172-afaf-fb68ff5248bd/datanode-2/data/ratis/54e10fd4-cd9d-4fa1-8c4c-f29f1192f946 has been successfully formatted.
2019-09-20 10:24:56,374 [pool-240-thread-1] INFO  ratis.ContainerStateMachine (ContainerStateMachine.java:loadSnapshot(226)) - group-F29F1192F946: The snapshot info is null. Setting the last applied indexto:(t:0, i:~)
2019-09-20 10:24:56,374 [pool-240-thread-1] INFO  server.RaftServerConfigKeys (ConfUtils.java:logGet(43)) - raft.server.leader.election.timeout = 120s (custom)
2019-09-20 10:24:56,374 [pool-240-thread-1] INFO  server.RaftServerConfigKeys (ConfUtils.java:logGet(43)) - raft.server.log.use.memory = false (default)
2019-09-20 10:24:56,374 [pool-240-thread-1] INFO  server.RaftServerConfigKeys (ConfUtils.java:logGet(43)) - raft.server.log.purge.gap = 1000000 (custom)
2019-09-20 10:24:56,374 [pool-240-thread-1] INFO  server.RaftServerConfigKeys (ConfUtils.java:logGet(43)) - raft.server.log.appender.buffer.byte-limit = 33554432 (custom)
2019-09-20 10:24:56,374 [pool-240-thread-1] INFO  server.RaftServerConfigKeys (ConfUtils.java:logGet(43)) - raft.server.log.segment.size.max = 1048576 (custom)
2019-09-20 10:24:56,375 [pool-240-thread-1] INFO  server.RaftServerConfigKeys (ConfUtils.java:logGet(43)) - raft.server.log.segment.cache.num.max = 2 (custom)
2019-09-20 10:24:56,375 [pool-240-thread-1] INFO  segmented.SegmentedRaftLogWorker (SegmentedRaftLogWorker.java:<init>(172)) - new 136f1953-bb94-4097-a2d4-422a6782bee0-SegmentedRaftLogWorker:Storage Directory /workdir/hadoop-ozone/integration-test/target/test-dir/MiniOzoneClusterImpl-806821b2-061b-4172-afaf-fb68ff5248bd/datanode-2/data/ratis/54e10fd4-cd9d-4fa1-8c4c-f29f1192f946 for RaftStorage:Storage Directory /workdir/hadoop-ozone/integration-test/target/test-dir/MiniOzoneClusterImpl-806821b2-061b-4172-afaf-fb68ff5248bd/datanode-2/data/ratis/54e10fd4-cd9d-4fa1-8c4c-f29f1192f946
2019-09-20 10:24:56,375 [pool-240-thread-1] INFO  server.RaftServerConfigKeys (ConfUtils.java:logGet(43)) - raft.server.log.queue.byte-limit = 2147483647 (custom)
2019-09-20 10:24:56,375 [pool-240-thread-1] INFO  server.RaftServerConfigKeys (ConfUtils.java:logGet(43)) - raft.server.log.queue.element-limit = 1024 (custom)
2019-09-20 10:24:56,375 [pool-240-thread-1] INFO  server.RaftServerConfigKeys (ConfUtils.java:logGet(43)) - raft.server.log.segment.size.max = 1048576 (custom)
2019-09-20 10:24:56,376 [pool-240-thread-1] INFO  server.RaftServerConfigKeys (ConfUtils.java:logGet(43)) - raft.server.log.preallocated.size = 16384 (custom)
2019-09-20 10:24:56,376 [pool-240-thread-1] INFO  server.RaftServerConfigKeys (ConfUtils.java:logGet(43)) - raft.server.log.write.buffer.size = 33554432 (custom)
2019-09-20 10:24:56,376 [pool-240-thread-1] INFO  server.RaftServerConfigKeys (ConfUtils.java:logGet(43)) - raft.server.log.force.sync.num = 128 (default)
2019-09-20 10:24:56,376 [IPC Server handler 1 on 37594] INFO  net.NetworkTopology (NetworkTopologyImpl.java:add(110)) - Added a new node: /default-rack/bb8f5112-316d-4974-a5a6-f698f3fbb5be
2019-09-20 10:24:56,377 [pool-240-thread-1] INFO  server.RaftServerConfigKeys (ConfUtils.java:logGet(43)) - raft.server.log.statemachine.data.sync = true (default)
2019-09-20 10:24:56,377 [IPC Server handler 1 on 37594] INFO  node.SCMNodeManager (SCMNodeManager.java:register(273)) - Registered Data node : bb8f5112-316d-4974-a5a6-f698f3fbb5be{ip: 192.168.36.99, host: pr-hdds-1569-p5fx8-1226042367, networkLocation: /default-rack, certSerialId: null}
2019-09-20 10:24:56,377 [pool-240-thread-1] INFO  server.RaftServerConfigKeys (ConfUtils.java:logGet(43)) - raft.server.log.statemachine.data.sync.timeout = 10s (default)
2019-09-20 10:24:56,378 | INFO  | SCMAudit | user=jenkins1000 | ip=192.168.36.99 | op=REGISTER {datanodeDetails=bb8f5112-316d-4974-a5a6-f698f3fbb5be{ip: 192.168.36.99, host: pr-hdds-1569-p5fx8-1226042367, networkLocation: /default-rack, certSerialId: null}} | ret=SUCCESS |  
2019-09-20 10:24:56,378 [pool-240-thread-1] INFO  server.RaftServerConfigKeys (ConfUtils.java:logGet(43)) - raft.server.log.statemachine.data.sync.timeout.retry = -1 (default)
2019-09-20 10:24:56,378 [pool-240-thread-1] INFO  server.RaftServerConfigKeys (ConfUtils.java:logGet(43)) - raft.server.log.statemachine.data.caching.enabled = true (custom)
2019-09-20 10:24:56,379 [pool-240-thread-1] INFO  segmented.SegmentedRaftLogWorker (SegmentedRaftLogWorker.java:lambda$new$0(132)) - 136f1953-bb94-4097-a2d4-422a6782bee0-SegmentedRaftLogWorker:Storage Directory /workdir/hadoop-ozone/integration-test/target/test-dir/MiniOzoneClusterImpl-806821b2-061b-4172-afaf-fb68ff5248bd/datanode-2/data/ratis/54e10fd4-cd9d-4fa1-8c4c-f29f1192f946: flushIndex: setUnconditionally 0 -> -1
2019-09-20 10:24:56,379 [pool-240-thread-1] INFO  server.RaftServerConfigKeys (ConfUtils.java:logGet(43)) - raft.server.snapshot.auto.trigger.enabled = true (custom)
2019-09-20 10:24:56,379 [pool-240-thread-1] INFO  server.RaftServerConfigKeys (ConfUtils.java:logGet(43)) - raft.server.snapshot.auto.trigger.threshold = 10000 (custom)
2019-09-20 10:24:56,379 [pool-240-thread-1] INFO  server.RaftServerConfigKeys (ConfUtils.java:logGet(43)) - raft.server.retrycache.expirytime = 600000ms (custom)
2019-09-20 10:24:56,380 [pool-240-thread-1] INFO  impl.RaftServerImpl (RaftServerImpl.java:start(180)) - 136f1953-bb94-4097-a2d4-422a6782bee0: start group-F29F1192F946
2019-09-20 10:24:56,380 [pool-240-thread-1] INFO  impl.RaftServerImpl (RaftServerImpl.java:setRole(171)) - 136f1953-bb94-4097-a2d4-422a6782bee0:group-F29F1192F946 changes role from null to FOLLOWER at term 0 for startAsFollower
2019-09-20 10:24:56,380 [pool-240-thread-1] INFO  impl.RoleInfo (RoleInfo.java:updateAndGet(143)) - 136f1953-bb94-4097-a2d4-422a6782bee0: start FollowerState
2019-09-20 10:24:56,381 [pool-240-thread-1] INFO  util.JmxRegister (JmxRegister.java:tryRegister(44)) - Successfully registered JMX Bean with object name Ratis:service=RaftServer,group=group-F29F1192F946,id=136f1953-bb94-4097-a2d4-422a6782bee0
2019-09-20 10:24:56,383 [RatisPipelineUtilsThread] INFO  pipeline.PipelineStateManager (PipelineStateManager.java:addPipeline(56)) - Created pipeline Pipeline[ Id: 54e10fd4-cd9d-4fa1-8c4c-f29f1192f946, Nodes: 136f1953-bb94-4097-a2d4-422a6782bee0{ip: 192.168.36.99, host: pr-hdds-1569-p5fx8-1226042367, networkLocation: /default-rack, certSerialId: null}, Type:RATIS, Factor:ONE, State:OPEN]
2019-09-20 10:24:56,384 [RatisPipelineUtilsThread] INFO  pipeline.PipelinePlacementPolicy (PipelinePlacementPolicy.java:meetCriteria(91)) - Pipeline Placement: Doesn't meet the criteria to be viable node： 136f1953-bb94-4097-a2d4-422a6782bee0 Heaviness: 6 limit: 5
2019-09-20 10:24:56,384 [RatisPipelineUtilsThread] INFO  pipeline.PipelinePlacementPolicy (PipelinePlacementPolicy.java:meetCriteria(91)) - Pipeline Placement: Doesn't meet the criteria to be viable node： 61649f92-8c0f-475a-818d-1064548aeef6 Heaviness: 6 limit: 5
2019-09-20 10:24:56,384 [RatisPipelineUtilsThread] INFO  pipeline.PipelinePlacementPolicy (PipelinePlacementPolicy.java:meetCriteria(91)) - Pipeline Placement: Doesn't meet the criteria to be viable node： e8013689-2f13-4aaf-8a03-99f419c430ec Heaviness: 6 limit: 5
2019-09-20 10:24:56,401 [grpc-default-executor-4] INFO  impl.RaftServerProxy (RaftServerProxy.java:addNew(89)) - b5962e8e-c9f1-48aa-8eb4-d8f74b8afdbe: addNew group-C6BC69FEB661:[b5962e8e-c9f1-48aa-8eb4-d8f74b8afdbe:192.168.36.99:39222] returns group-C6BC69FEB661:java.util.concurrent.CompletableFuture@3af32ea5[Not completed]
2019-09-20 10:24:56,403 [pool-262-thread-1] INFO  impl.RaftServerImpl (RaftServerImpl.java:<init>(93)) - b5962e8e-c9f1-48aa-8eb4-d8f74b8afdbe: new RaftServerImpl for group-C6BC69FEB661:[b5962e8e-c9f1-48aa-8eb4-d8f74b8afdbe:192.168.36.99:39222] with ContainerStateMachine:uninitialized
2019-09-20 10:24:56,403 [pool-262-thread-1] INFO  server.RaftServerConfigKeys (ConfUtils.java:logGet(43)) - raft.server.rpc.timeout.min = 5s (custom)
2019-09-20 10:24:56,403 [pool-262-thread-1] INFO  server.RaftServerConfigKeys (ConfUtils.java:logGet(43)) - raft.server.rpc.timeout.max = 5200ms (custom)
2019-09-20 10:24:56,403 [pool-262-thread-1] INFO  server.RaftServerConfigKeys (ConfUtils.java:logGet(43)) - raft.server.rpcslowness.timeout = 120s (custom)
2019-09-20 10:24:56,404 [pool-262-thread-1] INFO  server.RaftServerConfigKeys (ConfUtils.java:logGet(43)) - raft.server.sleep.deviation.threshold = 300 (default)
2019-09-20 10:24:56,404 [pool-262-thread-1] INFO  server.RaftServerConfigKeys (ConfUtils.java:logGet(43)) - raft.server.log.appender.install.snapshot.enabled = false (custom)
2019-09-20 10:24:56,404 [pool-262-thread-1] INFO  impl.RaftServerImpl (ServerState.java:<init>(105)) - b5962e8e-c9f1-48aa-8eb4-d8f74b8afdbe:group-C6BC69FEB661 ConfigurationManager, init=-1: [b5962e8e-c9f1-48aa-8eb4-d8f74b8afdbe:192.168.36.99:39222], old=null, confs=<EMPTY_MAP>
2019-09-20 10:24:56,404 [pool-262-thread-1] INFO  server.RaftServerConfigKeys (ConfUtils.java:logGet(43)) - raft.server.storage.dir = [/workdir/hadoop-ozone/integration-test/target/test-dir/MiniOzoneClusterImpl-806821b2-061b-4172-afaf-fb68ff5248bd/datanode-4/data/ratis] (custom)
2019-09-20 10:24:56,405 [pool-262-thread-1] INFO  storage.RaftStorageDirectory (RaftStorageDirectory.java:analyzeStorage(246)) - The storage directory /workdir/hadoop-ozone/integration-test/target/test-dir/MiniOzoneClusterImpl-806821b2-061b-4172-afaf-fb68ff5248bd/datanode-4/data/ratis/b9d254a5-b21f-40c4-ac46-c6bc69feb661 does not exist. Creating ...
2019-09-20 10:24:56,440 [pool-262-thread-1] INFO  storage.RaftStorageDirectory (RaftStorageDirectory.java:tryLock(328)) - Lock on /workdir/hadoop-ozone/integration-test/target/test-dir/MiniOzoneClusterImpl-806821b2-061b-4172-afaf-fb68ff5248bd/datanode-4/data/ratis/b9d254a5-b21f-40c4-ac46-c6bc69feb661/in_use.lock acquired by nodename 28506@pr-hdds-1569-p5fx8-1226042367
2019-09-20 10:24:56,481 | INFO  | SCMAudit | user=jenkins1000 | ip=192.168.36.99 | op=SEND_HEARTBEAT {datanodeUUID=61649f92-8c0f-475a-818d-1064548aeef6, command=[]} | ret=SUCCESS |  
2019-09-20 10:24:56,483 [pool-262-thread-1] INFO  storage.RaftStorage (RaftStorage.java:format(72)) - Storage directory /workdir/hadoop-ozone/integration-test/target/test-dir/MiniOzoneClusterImpl-806821b2-061b-4172-afaf-fb68ff5248bd/datanode-4/data/ratis/b9d254a5-b21f-40c4-ac46-c6bc69feb661 has been successfully formatted.
2019-09-20 10:24:56,484 [pool-262-thread-1] INFO  ratis.ContainerStateMachine (ContainerStateMachine.java:loadSnapshot(226)) - group-C6BC69FEB661: The snapshot info is null. Setting the last applied indexto:(t:0, i:~)
2019-09-20 10:24:56,484 [pool-262-thread-1] INFO  server.RaftServerConfigKeys (ConfUtils.java:logGet(43)) - raft.server.leader.election.timeout = 120s (custom)
2019-09-20 10:24:56,484 [pool-262-thread-1] INFO  server.RaftServerConfigKeys (ConfUtils.java:logGet(43)) - raft.server.log.use.memory = false (default)
2019-09-20 10:24:56,484 [pool-262-thread-1] INFO  server.RaftServerConfigKeys (ConfUtils.java:logGet(43)) - raft.server.log.purge.gap = 1000000 (custom)
2019-09-20 10:24:56,484 [pool-262-thread-1] INFO  server.RaftServerConfigKeys (ConfUtils.java:logGet(43)) - raft.server.log.appender.buffer.byte-limit = 33554432 (custom)
2019-09-20 10:24:56,485 [pool-262-thread-1] INFO  server.RaftServerConfigKeys (ConfUtils.java:logGet(43)) - raft.server.log.segment.size.max = 1048576 (custom)
2019-09-20 10:24:56,485 [pool-262-thread-1] INFO  server.RaftServerConfigKeys (ConfUtils.java:logGet(43)) - raft.server.log.segment.cache.num.max = 2 (custom)
2019-09-20 10:24:56,485 [pool-262-thread-1] INFO  segmented.SegmentedRaftLogWorker (SegmentedRaftLogWorker.java:<init>(172)) - new b5962e8e-c9f1-48aa-8eb4-d8f74b8afdbe-SegmentedRaftLogWorker:Storage Directory /workdir/hadoop-ozone/integration-test/target/test-dir/MiniOzoneClusterImpl-806821b2-061b-4172-afaf-fb68ff5248bd/datanode-4/data/ratis/b9d254a5-b21f-40c4-ac46-c6bc69feb661 for RaftStorage:Storage Directory /workdir/hadoop-ozone/integration-test/target/test-dir/MiniOzoneClusterImpl-806821b2-061b-4172-afaf-fb68ff5248bd/datanode-4/data/ratis/b9d254a5-b21f-40c4-ac46-c6bc69feb661
2019-09-20 10:24:56,485 [pool-262-thread-1] INFO  server.RaftServerConfigKeys (ConfUtils.java:logGet(43)) - raft.server.log.queue.byte-limit = 2147483647 (custom)
2019-09-20 10:24:56,486 [pool-262-thread-1] INFO  server.RaftServerConfigKeys (ConfUtils.java:logGet(43)) - raft.server.log.queue.element-limit = 1024 (custom)
2019-09-20 10:24:56,486 [pool-262-thread-1] INFO  server.RaftServerConfigKeys (ConfUtils.java:logGet(43)) - raft.server.log.segment.size.max = 1048576 (custom)
2019-09-20 10:24:56,486 [pool-262-thread-1] INFO  server.RaftServerConfigKeys (ConfUtils.java:logGet(43)) - raft.server.log.preallocated.size = 16384 (custom)
2019-09-20 10:24:56,486 [pool-262-thread-1] INFO  server.RaftServerConfigKeys (ConfUtils.java:logGet(43)) - raft.server.log.write.buffer.size = 33554432 (custom)
2019-09-20 10:24:56,487 [pool-262-thread-1] INFO  server.RaftServerConfigKeys (ConfUtils.java:logGet(43)) - raft.server.log.force.sync.num = 128 (default)
2019-09-20 10:24:56,487 [pool-262-thread-1] INFO  server.RaftServerConfigKeys (ConfUtils.java:logGet(43)) - raft.server.log.statemachine.data.sync = true (default)
2019-09-20 10:24:56,487 [pool-262-thread-1] INFO  server.RaftServerConfigKeys (ConfUtils.java:logGet(43)) - raft.server.log.statemachine.data.sync.timeout = 10s (default)
2019-09-20 10:24:56,487 [pool-262-thread-1] INFO  server.RaftServerConfigKeys (ConfUtils.java:logGet(43)) - raft.server.log.statemachine.data.sync.timeout.retry = -1 (default)
2019-09-20 10:24:56,487 [pool-262-thread-1] INFO  server.RaftServerConfigKeys (ConfUtils.java:logGet(43)) - raft.server.log.statemachine.data.caching.enabled = true (custom)
2019-09-20 10:24:56,488 [pool-262-thread-1] INFO  segmented.SegmentedRaftLogWorker (SegmentedRaftLogWorker.java:lambda$new$0(132)) - b5962e8e-c9f1-48aa-8eb4-d8f74b8afdbe-SegmentedRaftLogWorker:Storage Directory /workdir/hadoop-ozone/integration-test/target/test-dir/MiniOzoneClusterImpl-806821b2-061b-4172-afaf-fb68ff5248bd/datanode-4/data/ratis/b9d254a5-b21f-40c4-ac46-c6bc69feb661: flushIndex: setUnconditionally 0 -> -1
2019-09-20 10:24:56,488 [pool-262-thread-1] INFO  server.RaftServerConfigKeys (ConfUtils.java:logGet(43)) - raft.server.snapshot.auto.trigger.enabled = true (custom)
2019-09-20 10:24:56,489 [pool-262-thread-1] INFO  server.RaftServerConfigKeys (ConfUtils.java:logGet(43)) - raft.server.snapshot.auto.trigger.threshold = 10000 (custom)
2019-09-20 10:24:56,489 [pool-262-thread-1] INFO  server.RaftServerConfigKeys (ConfUtils.java:logGet(43)) - raft.server.retrycache.expirytime = 600000ms (custom)
2019-09-20 10:24:56,489 [pool-262-thread-1] INFO  impl.RaftServerImpl (RaftServerImpl.java:start(180)) - b5962e8e-c9f1-48aa-8eb4-d8f74b8afdbe: start group-C6BC69FEB661
2019-09-20 10:24:56,489 [pool-262-thread-1] INFO  impl.RaftServerImpl (RaftServerImpl.java:setRole(171)) - b5962e8e-c9f1-48aa-8eb4-d8f74b8afdbe:group-C6BC69FEB661 changes role from null to FOLLOWER at term 0 for startAsFollower
2019-09-20 10:24:56,489 [pool-262-thread-1] INFO  impl.RoleInfo (RoleInfo.java:updateAndGet(143)) - b5962e8e-c9f1-48aa-8eb4-d8f74b8afdbe: start FollowerState
2019-09-20 10:24:56,490 [pool-262-thread-1] INFO  util.JmxRegister (JmxRegister.java:tryRegister(44)) - Successfully registered JMX Bean with object name Ratis:service=RaftServer,group=group-C6BC69FEB661,id=b5962e8e-c9f1-48aa-8eb4-d8f74b8afdbe
2019-09-20 10:24:56,494 [RatisPipelineUtilsThread] INFO  pipeline.PipelineStateManager (PipelineStateManager.java:addPipeline(56)) - Created pipeline Pipeline[ Id: b9d254a5-b21f-40c4-ac46-c6bc69feb661, Nodes: b5962e8e-c9f1-48aa-8eb4-d8f74b8afdbe{ip: 192.168.36.99, host: pr-hdds-1569-p5fx8-1226042367, networkLocation: /default-rack, certSerialId: null}, Type:RATIS, Factor:ONE, State:OPEN]
2019-09-20 10:24:56,494 [RatisPipelineUtilsThread] INFO  pipeline.PipelinePlacementPolicy (PipelinePlacementPolicy.java:meetCriteria(91)) - Pipeline Placement: Doesn't meet the criteria to be viable node： 136f1953-bb94-4097-a2d4-422a6782bee0 Heaviness: 6 limit: 5
2019-09-20 10:24:56,494 [RatisPipelineUtilsThread] INFO  pipeline.PipelinePlacementPolicy (PipelinePlacementPolicy.java:meetCriteria(91)) - Pipeline Placement: Doesn't meet the criteria to be viable node： 61649f92-8c0f-475a-818d-1064548aeef6 Heaviness: 6 limit: 5
2019-09-20 10:24:56,494 [RatisPipelineUtilsThread] INFO  pipeline.PipelinePlacementPolicy (PipelinePlacementPolicy.java:meetCriteria(91)) - Pipeline Placement: Doesn't meet the criteria to be viable node： e8013689-2f13-4aaf-8a03-99f419c430ec Heaviness: 6 limit: 5
2019-09-20 10:24:56,500 [grpc-default-executor-4] INFO  impl.RaftServerProxy (RaftServerProxy.java:addNew(89)) - b5962e8e-c9f1-48aa-8eb4-d8f74b8afdbe: addNew group-0610CA833D6D:[b5962e8e-c9f1-48aa-8eb4-d8f74b8afdbe:192.168.36.99:39222] returns group-0610CA833D6D:java.util.concurrent.CompletableFuture@547bc8b2[Not completed]
2019-09-20 10:24:56,502 [pool-262-thread-1] INFO  impl.RaftServerImpl (RaftServerImpl.java:<init>(93)) - b5962e8e-c9f1-48aa-8eb4-d8f74b8afdbe: new RaftServerImpl for group-0610CA833D6D:[b5962e8e-c9f1-48aa-8eb4-d8f74b8afdbe:192.168.36.99:39222] with ContainerStateMachine:uninitialized
2019-09-20 10:24:56,502 [pool-262-thread-1] INFO  server.RaftServerConfigKeys (ConfUtils.java:logGet(43)) - raft.server.rpc.timeout.min = 5s (custom)
2019-09-20 10:24:56,503 [pool-262-thread-1] INFO  server.RaftServerConfigKeys (ConfUtils.java:logGet(43)) - raft.server.rpc.timeout.max = 5200ms (custom)
2019-09-20 10:24:56,503 [pool-262-thread-1] INFO  server.RaftServerConfigKeys (ConfUtils.java:logGet(43)) - raft.server.rpcslowness.timeout = 120s (custom)
2019-09-20 10:24:56,503 [pool-262-thread-1] INFO  server.RaftServerConfigKeys (ConfUtils.java:logGet(43)) - raft.server.sleep.deviation.threshold = 300 (default)
2019-09-20 10:24:56,503 [pool-262-thread-1] INFO  server.RaftServerConfigKeys (ConfUtils.java:logGet(43)) - raft.server.log.appender.install.snapshot.enabled = false (custom)
2019-09-20 10:24:56,503 [pool-262-thread-1] INFO  impl.RaftServerImpl (ServerState.java:<init>(105)) - b5962e8e-c9f1-48aa-8eb4-d8f74b8afdbe:group-0610CA833D6D ConfigurationManager, init=-1: [b5962e8e-c9f1-48aa-8eb4-d8f74b8afdbe:192.168.36.99:39222], old=null, confs=<EMPTY_MAP>
2019-09-20 10:24:56,503 [pool-262-thread-1] INFO  server.RaftServerConfigKeys (ConfUtils.java:logGet(43)) - raft.server.storage.dir = [/workdir/hadoop-ozone/integration-test/target/test-dir/MiniOzoneClusterImpl-806821b2-061b-4172-afaf-fb68ff5248bd/datanode-4/data/ratis] (custom)
2019-09-20 10:24:56,504 [pool-262-thread-1] INFO  storage.RaftStorageDirectory (RaftStorageDirectory.java:analyzeStorage(246)) - The storage directory /workdir/hadoop-ozone/integration-test/target/test-dir/MiniOzoneClusterImpl-806821b2-061b-4172-afaf-fb68ff5248bd/datanode-4/data/ratis/e3ba0f3f-260a-4b1e-ad91-0610ca833d6d does not exist. Creating ...
2019-09-20 10:24:56,534 [pool-262-thread-1] INFO  storage.RaftStorageDirectory (RaftStorageDirectory.java:tryLock(328)) - Lock on /workdir/hadoop-ozone/integration-test/target/test-dir/MiniOzoneClusterImpl-806821b2-061b-4172-afaf-fb68ff5248bd/datanode-4/data/ratis/e3ba0f3f-260a-4b1e-ad91-0610ca833d6d/in_use.lock acquired by nodename 28506@pr-hdds-1569-p5fx8-1226042367
2019-09-20 10:24:56,551 [pool-262-thread-1] INFO  storage.RaftStorage (RaftStorage.java:format(72)) - Storage directory /workdir/hadoop-ozone/integration-test/target/test-dir/MiniOzoneClusterImpl-806821b2-061b-4172-afaf-fb68ff5248bd/datanode-4/data/ratis/e3ba0f3f-260a-4b1e-ad91-0610ca833d6d has been successfully formatted.
2019-09-20 10:24:56,551 [pool-262-thread-1] INFO  ratis.ContainerStateMachine (ContainerStateMachine.java:loadSnapshot(226)) - group-0610CA833D6D: The snapshot info is null. Setting the last applied indexto:(t:0, i:~)
2019-09-20 10:24:56,551 [pool-262-thread-1] INFO  server.RaftServerConfigKeys (ConfUtils.java:logGet(43)) - raft.server.leader.election.timeout = 120s (custom)
2019-09-20 10:24:56,552 [pool-262-thread-1] INFO  server.RaftServerConfigKeys (ConfUtils.java:logGet(43)) - raft.server.log.use.memory = false (default)
2019-09-20 10:24:56,552 | INFO  | SCMAudit | user=jenkins1000 | ip=192.168.36.99 | op=SEND_HEARTBEAT {datanodeUUID=6491c372-a595-4104-b3e9-c4f3293baafa, command=[]} | ret=SUCCESS |  
2019-09-20 10:24:56,552 | INFO  | SCMAudit | user=jenkins1000 | ip=192.168.36.99 | op=SEND_HEARTBEAT {datanodeUUID=3d6f3241-e73c-473a-ad0b-c7be2f7e1dda, command=[]} | ret=SUCCESS |  
2019-09-20 10:24:56,552 [pool-262-thread-1] INFO  server.RaftServerConfigKeys (ConfUtils.java:logGet(43)) - raft.server.log.purge.gap = 1000000 (custom)
2019-09-20 10:24:56,552 [pool-262-thread-1] INFO  server.RaftServerConfigKeys (ConfUtils.java:logGet(43)) - raft.server.log.appender.buffer.byte-limit = 33554432 (custom)
2019-09-20 10:24:56,552 | INFO  | SCMAudit | user=jenkins1000 | ip=192.168.36.99 | op=SEND_HEARTBEAT {datanodeUUID=d2ed2d9b-7ac7-460e-84f6-6d9d6066f76d, command=[]} | ret=SUCCESS |  
2019-09-20 10:24:56,552 | INFO  | SCMAudit | user=jenkins1000 | ip=192.168.36.99 | op=SEND_HEARTBEAT {datanodeUUID=1ab786b9-c79c-4265-88a1-5b3344c6beda, command=[]} | ret=SUCCESS |  
2019-09-20 10:24:56,552 [pool-262-thread-1] INFO  server.RaftServerConfigKeys (ConfUtils.java:logGet(43)) - raft.server.log.segment.size.max = 1048576 (custom)
2019-09-20 10:24:56,553 [pool-262-thread-1] INFO  server.RaftServerConfigKeys (ConfUtils.java:logGet(43)) - raft.server.log.segment.cache.num.max = 2 (custom)
2019-09-20 10:24:56,553 [pool-262-thread-1] INFO  segmented.SegmentedRaftLogWorker (SegmentedRaftLogWorker.java:<init>(172)) - new b5962e8e-c9f1-48aa-8eb4-d8f74b8afdbe-SegmentedRaftLogWorker:Storage Directory /workdir/hadoop-ozone/integration-test/target/test-dir/MiniOzoneClusterImpl-806821b2-061b-4172-afaf-fb68ff5248bd/datanode-4/data/ratis/e3ba0f3f-260a-4b1e-ad91-0610ca833d6d for RaftStorage:Storage Directory /workdir/hadoop-ozone/integration-test/target/test-dir/MiniOzoneClusterImpl-806821b2-061b-4172-afaf-fb68ff5248bd/datanode-4/data/ratis/e3ba0f3f-260a-4b1e-ad91-0610ca833d6d
2019-09-20 10:24:56,553 | INFO  | SCMAudit | user=jenkins1000 | ip=192.168.36.99 | op=SEND_HEARTBEAT {datanodeUUID=19fb8383-7c99-4449-b95c-a26e71717844, command=[]} | ret=SUCCESS |  
2019-09-20 10:24:56,553 [pool-262-thread-1] INFO  server.RaftServerConfigKeys (ConfUtils.java:logGet(43)) - raft.server.log.queue.byte-limit = 2147483647 (custom)
2019-09-20 10:24:56,553 | INFO  | SCMAudit | user=jenkins1000 | ip=192.168.36.99 | op=SEND_HEARTBEAT {datanodeUUID=468be06f-55e9-4831-ba6b-3db017451a79, command=[]} | ret=SUCCESS |  
2019-09-20 10:24:56,553 | INFO  | SCMAudit | user=jenkins1000 | ip=192.168.36.99 | op=SEND_HEARTBEAT {datanodeUUID=c3e532f8-1a8e-44f3-b56b-d765aee893af, command=[]} | ret=SUCCESS |  
2019-09-20 10:24:56,553 [pool-262-thread-1] INFO  server.RaftServerConfigKeys (ConfUtils.java:logGet(43)) - raft.server.log.queue.element-limit = 1024 (custom)
2019-09-20 10:24:56,553 [pool-262-thread-1] INFO  server.RaftServerConfigKeys (ConfUtils.java:logGet(43)) - raft.server.log.segment.size.max = 1048576 (custom)
2019-09-20 10:24:56,554 [pool-262-thread-1] INFO  server.RaftServerConfigKeys (ConfUtils.java:logGet(43)) - raft.server.log.preallocated.size = 16384 (custom)
2019-09-20 10:24:56,554 [pool-262-thread-1] INFO  server.RaftServerConfigKeys (ConfUtils.java:logGet(43)) - raft.server.log.write.buffer.size = 33554432 (custom)
2019-09-20 10:24:56,554 [pool-262-thread-1] INFO  server.RaftServerConfigKeys (ConfUtils.java:logGet(43)) - raft.server.log.force.sync.num = 128 (default)
2019-09-20 10:24:56,554 [pool-262-thread-1] INFO  server.RaftServerConfigKeys (ConfUtils.java:logGet(43)) - raft.server.log.statemachine.data.sync = true (default)
2019-09-20 10:24:56,554 [pool-262-thread-1] INFO  server.RaftServerConfigKeys (ConfUtils.java:logGet(43)) - raft.server.log.statemachine.data.sync.timeout = 10s (default)
2019-09-20 10:24:56,554 [pool-262-thread-1] INFO  server.RaftServerConfigKeys (ConfUtils.java:logGet(43)) - raft.server.log.statemachine.data.sync.timeout.retry = -1 (default)
2019-09-20 10:24:56,555 | INFO  | SCMAudit | user=jenkins1000 | ip=192.168.36.99 | op=SEND_HEARTBEAT {datanodeUUID=17e2ba94-38a1-40e7-84e0-f6802901db84, command=[]} | ret=SUCCESS |  
2019-09-20 10:24:56,555 [pool-262-thread-1] INFO  server.RaftServerConfigKeys (ConfUtils.java:logGet(43)) - raft.server.log.statemachine.data.caching.enabled = true (custom)
2019-09-20 10:24:56,555 | INFO  | SCMAudit | user=jenkins1000 | ip=192.168.36.99 | op=SEND_HEARTBEAT {datanodeUUID=66416d0b-a71c-4af1-ae3a-62ca63b880a3, command=[]} | ret=SUCCESS |  
2019-09-20 10:24:56,555 [pool-262-thread-1] INFO  segmented.SegmentedRaftLogWorker (SegmentedRaftLogWorker.java:lambda$new$0(132)) - b5962e8e-c9f1-48aa-8eb4-d8f74b8afdbe-SegmentedRaftLogWorker:Storage Directory /workdir/hadoop-ozone/integration-test/target/test-dir/MiniOzoneClusterImpl-806821b2-061b-4172-afaf-fb68ff5248bd/datanode-4/data/ratis/e3ba0f3f-260a-4b1e-ad91-0610ca833d6d: flushIndex: setUnconditionally 0 -> -1
2019-09-20 10:24:56,556 [pool-262-thread-1] INFO  server.RaftServerConfigKeys (ConfUtils.java:logGet(43)) - raft.server.snapshot.auto.trigger.enabled = true (custom)
2019-09-20 10:24:56,556 [pool-262-thread-1] INFO  server.RaftServerConfigKeys (ConfUtils.java:logGet(43)) - raft.server.snapshot.auto.trigger.threshold = 10000 (custom)
2019-09-20 10:24:56,556 | INFO  | SCMAudit | user=jenkins1000 | ip=192.168.36.99 | op=SEND_HEARTBEAT {datanodeUUID=4d972e91-cb6b-45de-8bd2-c18af7abe58b, command=[]} | ret=SUCCESS |  
2019-09-20 10:24:56,556 | INFO  | SCMAudit | user=jenkins1000 | ip=192.168.36.99 | op=SEND_HEARTBEAT {datanodeUUID=7af711bd-b5ae-4a73-a8be-b970cae6c2d1, command=[]} | ret=SUCCESS |  
2019-09-20 10:24:56,556 | INFO  | SCMAudit | user=jenkins1000 | ip=192.168.36.99 | op=SEND_HEARTBEAT {datanodeUUID=60260ec1-e192-4b95-89c8-d924d16a77a9, command=[]} | ret=SUCCESS |  
2019-09-20 10:24:56,556 [pool-262-thread-1] INFO  server.RaftServerConfigKeys (ConfUtils.java:logGet(43)) - raft.server.retrycache.expirytime = 600000ms (custom)
2019-09-20 10:24:56,556 | INFO  | SCMAudit | user=jenkins1000 | ip=192.168.36.99 | op=SEND_HEARTBEAT {datanodeUUID=9e03ffa9-cf79-407a-a150-4c035e5aec5e, command=[]} | ret=SUCCESS |  
2019-09-20 10:24:56,556 [pool-262-thread-1] INFO  impl.RaftServerImpl (RaftServerImpl.java:start(180)) - b5962e8e-c9f1-48aa-8eb4-d8f74b8afdbe: start group-0610CA833D6D
2019-09-20 10:24:56,557 [pool-262-thread-1] INFO  impl.RaftServerImpl (RaftServerImpl.java:setRole(171)) - b5962e8e-c9f1-48aa-8eb4-d8f74b8afdbe:group-0610CA833D6D changes role from null to FOLLOWER at term 0 for startAsFollower
2019-09-20 10:24:56,557 | INFO  | SCMAudit | user=jenkins1000 | ip=192.168.36.99 | op=SEND_HEARTBEAT {datanodeUUID=54207fe5-d92c-4c2e-b058-fbae630dabef, command=[]} | ret=SUCCESS |  
2019-09-20 10:24:56,557 [pool-262-thread-1] INFO  impl.RoleInfo (RoleInfo.java:updateAndGet(143)) - b5962e8e-c9f1-48aa-8eb4-d8f74b8afdbe: start FollowerState
2019-09-20 10:24:56,557 [pool-262-thread-1] INFO  util.JmxRegister (JmxRegister.java:tryRegister(44)) - Successfully registered JMX Bean with object name Ratis:service=RaftServer,group=group-0610CA833D6D,id=b5962e8e-c9f1-48aa-8eb4-d8f74b8afdbe
2019-09-20 10:24:56,560 [RatisPipelineUtilsThread] INFO  pipeline.PipelineStateManager (PipelineStateManager.java:addPipeline(56)) - Created pipeline Pipeline[ Id: e3ba0f3f-260a-4b1e-ad91-0610ca833d6d, Nodes: b5962e8e-c9f1-48aa-8eb4-d8f74b8afdbe{ip: 192.168.36.99, host: pr-hdds-1569-p5fx8-1226042367, networkLocation: /default-rack, certSerialId: null}, Type:RATIS, Factor:ONE, State:OPEN]
2019-09-20 10:24:56,560 [RatisPipelineUtilsThread] INFO  pipeline.PipelinePlacementPolicy (PipelinePlacementPolicy.java:meetCriteria(91)) - Pipeline Placement: Doesn't meet the criteria to be viable node： 136f1953-bb94-4097-a2d4-422a6782bee0 Heaviness: 6 limit: 5
2019-09-20 10:24:56,560 [RatisPipelineUtilsThread] INFO  pipeline.PipelinePlacementPolicy (PipelinePlacementPolicy.java:meetCriteria(91)) - Pipeline Placement: Doesn't meet the criteria to be viable node： 61649f92-8c0f-475a-818d-1064548aeef6 Heaviness: 6 limit: 5
2019-09-20 10:24:56,561 [RatisPipelineUtilsThread] INFO  pipeline.PipelinePlacementPolicy (PipelinePlacementPolicy.java:meetCriteria(91)) - Pipeline Placement: Doesn't meet the criteria to be viable node： e8013689-2f13-4aaf-8a03-99f419c430ec Heaviness: 6 limit: 5
2019-09-20 10:24:56,615 [grpc-default-executor-4] INFO  impl.RaftServerProxy (RaftServerProxy.java:addNew(89)) - bb8f5112-316d-4974-a5a6-f698f3fbb5be: addNew group-43E823771414:[bb8f5112-316d-4974-a5a6-f698f3fbb5be:192.168.36.99:38352] returns group-43E823771414:java.util.concurrent.CompletableFuture@218488ac[Not completed]
2019-09-20 10:24:56,616 [pool-273-thread-1] INFO  impl.RaftServerImpl (RaftServerImpl.java:<init>(93)) - bb8f5112-316d-4974-a5a6-f698f3fbb5be: new RaftServerImpl for group-43E823771414:[bb8f5112-316d-4974-a5a6-f698f3fbb5be:192.168.36.99:38352] with ContainerStateMachine:uninitialized
2019-09-20 10:24:56,616 [pool-273-thread-1] INFO  server.RaftServerConfigKeys (ConfUtils.java:logGet(43)) - raft.server.rpc.timeout.min = 5s (custom)
2019-09-20 10:24:56,616 [pool-273-thread-1] INFO  server.RaftServerConfigKeys (ConfUtils.java:logGet(43)) - raft.server.rpc.timeout.max = 5200ms (custom)
2019-09-20 10:24:56,616 [pool-273-thread-1] INFO  server.RaftServerConfigKeys (ConfUtils.java:logGet(43)) - raft.server.rpcslowness.timeout = 120s (custom)
2019-09-20 10:24:56,617 [pool-273-thread-1] INFO  server.RaftServerConfigKeys (ConfUtils.java:logGet(43)) - raft.server.sleep.deviation.threshold = 300 (default)
2019-09-20 10:24:56,617 [pool-273-thread-1] INFO  server.RaftServerConfigKeys (ConfUtils.java:logGet(43)) - raft.server.log.appender.install.snapshot.enabled = false (custom)
2019-09-20 10:24:56,617 [pool-273-thread-1] INFO  impl.RaftServerImpl (ServerState.java:<init>(105)) - bb8f5112-316d-4974-a5a6-f698f3fbb5be:group-43E823771414 ConfigurationManager, init=-1: [bb8f5112-316d-4974-a5a6-f698f3fbb5be:192.168.36.99:38352], old=null, confs=<EMPTY_MAP>
2019-09-20 10:24:56,617 [pool-273-thread-1] INFO  server.RaftServerConfigKeys (ConfUtils.java:logGet(43)) - raft.server.storage.dir = [/workdir/hadoop-ozone/integration-test/target/test-dir/MiniOzoneClusterImpl-806821b2-061b-4172-afaf-fb68ff5248bd/datanode-5/data/ratis] (custom)
2019-09-20 10:24:56,618 [pool-273-thread-1] INFO  storage.RaftStorageDirectory (RaftStorageDirectory.java:analyzeStorage(246)) - The storage directory /workdir/hadoop-ozone/integration-test/target/test-dir/MiniOzoneClusterImpl-806821b2-061b-4172-afaf-fb68ff5248bd/datanode-5/data/ratis/e194f024-2958-46c3-9e56-43e823771414 does not exist. Creating ...
2019-09-20 10:24:56,634 [pool-273-thread-1] INFO  storage.RaftStorageDirectory (RaftStorageDirectory.java:tryLock(328)) - Lock on /workdir/hadoop-ozone/integration-test/target/test-dir/MiniOzoneClusterImpl-806821b2-061b-4172-afaf-fb68ff5248bd/datanode-5/data/ratis/e194f024-2958-46c3-9e56-43e823771414/in_use.lock acquired by nodename 28506@pr-hdds-1569-p5fx8-1226042367
2019-09-20 10:24:56,660 [pool-273-thread-1] INFO  storage.RaftStorage (RaftStorage.java:format(72)) - Storage directory /workdir/hadoop-ozone/integration-test/target/test-dir/MiniOzoneClusterImpl-806821b2-061b-4172-afaf-fb68ff5248bd/datanode-5/data/ratis/e194f024-2958-46c3-9e56-43e823771414 has been successfully formatted.
2019-09-20 10:24:56,660 [pool-273-thread-1] INFO  ratis.ContainerStateMachine (ContainerStateMachine.java:loadSnapshot(226)) - group-43E823771414: The snapshot info is null. Setting the last applied indexto:(t:0, i:~)
2019-09-20 10:24:56,660 [pool-273-thread-1] INFO  server.RaftServerConfigKeys (ConfUtils.java:logGet(43)) - raft.server.leader.election.timeout = 120s (custom)
2019-09-20 10:24:56,660 [pool-273-thread-1] INFO  server.RaftServerConfigKeys (ConfUtils.java:logGet(43)) - raft.server.log.use.memory = false (default)
2019-09-20 10:24:56,660 [pool-273-thread-1] INFO  server.RaftServerConfigKeys (ConfUtils.java:logGet(43)) - raft.server.log.purge.gap = 1000000 (custom)
2019-09-20 10:24:56,661 [pool-273-thread-1] INFO  server.RaftServerConfigKeys (ConfUtils.java:logGet(43)) - raft.server.log.appender.buffer.byte-limit = 33554432 (custom)
2019-09-20 10:24:56,661 [pool-273-thread-1] INFO  server.RaftServerConfigKeys (ConfUtils.java:logGet(43)) - raft.server.log.segment.size.max = 1048576 (custom)
2019-09-20 10:24:56,661 [pool-273-thread-1] INFO  server.RaftServerConfigKeys (ConfUtils.java:logGet(43)) - raft.server.log.segment.cache.num.max = 2 (custom)
2019-09-20 10:24:56,661 [pool-273-thread-1] INFO  segmented.SegmentedRaftLogWorker (SegmentedRaftLogWorker.java:<init>(172)) - new bb8f5112-316d-4974-a5a6-f698f3fbb5be-SegmentedRaftLogWorker:Storage Directory /workdir/hadoop-ozone/integration-test/target/test-dir/MiniOzoneClusterImpl-806821b2-061b-4172-afaf-fb68ff5248bd/datanode-5/data/ratis/e194f024-2958-46c3-9e56-43e823771414 for RaftStorage:Storage Directory /workdir/hadoop-ozone/integration-test/target/test-dir/MiniOzoneClusterImpl-806821b2-061b-4172-afaf-fb68ff5248bd/datanode-5/data/ratis/e194f024-2958-46c3-9e56-43e823771414
2019-09-20 10:24:56,661 [pool-273-thread-1] INFO  server.RaftServerConfigKeys (ConfUtils.java:logGet(43)) - raft.server.log.queue.byte-limit = 2147483647 (custom)
2019-09-20 10:24:56,661 [pool-273-thread-1] INFO  server.RaftServerConfigKeys (ConfUtils.java:logGet(43)) - raft.server.log.queue.element-limit = 1024 (custom)
2019-09-20 10:24:56,662 [pool-273-thread-1] INFO  server.RaftServerConfigKeys (ConfUtils.java:logGet(43)) - raft.server.log.segment.size.max = 1048576 (custom)
2019-09-20 10:24:56,662 [pool-273-thread-1] INFO  server.RaftServerConfigKeys (ConfUtils.java:logGet(43)) - raft.server.log.preallocated.size = 16384 (custom)
2019-09-20 10:24:56,662 [pool-273-thread-1] INFO  server.RaftServerConfigKeys (ConfUtils.java:logGet(43)) - raft.server.log.write.buffer.size = 33554432 (custom)
2019-09-20 10:24:56,662 [pool-273-thread-1] INFO  server.RaftServerConfigKeys (ConfUtils.java:logGet(43)) - raft.server.log.force.sync.num = 128 (default)
2019-09-20 10:24:56,662 [pool-273-thread-1] INFO  server.RaftServerConfigKeys (ConfUtils.java:logGet(43)) - raft.server.log.statemachine.data.sync = true (default)
2019-09-20 10:24:56,662 [pool-273-thread-1] INFO  server.RaftServerConfigKeys (ConfUtils.java:logGet(43)) - raft.server.log.statemachine.data.sync.timeout = 10s (default)
2019-09-20 10:24:56,663 [pool-273-thread-1] INFO  server.RaftServerConfigKeys (ConfUtils.java:logGet(43)) - raft.server.log.statemachine.data.sync.timeout.retry = -1 (default)
2019-09-20 10:24:56,663 [pool-273-thread-1] INFO  server.RaftServerConfigKeys (ConfUtils.java:logGet(43)) - raft.server.log.statemachine.data.caching.enabled = true (custom)
2019-09-20 10:24:56,663 [pool-273-thread-1] INFO  segmented.SegmentedRaftLogWorker (SegmentedRaftLogWorker.java:lambda$new$0(132)) - bb8f5112-316d-4974-a5a6-f698f3fbb5be-SegmentedRaftLogWorker:Storage Directory /workdir/hadoop-ozone/integration-test/target/test-dir/MiniOzoneClusterImpl-806821b2-061b-4172-afaf-fb68ff5248bd/datanode-5/data/ratis/e194f024-2958-46c3-9e56-43e823771414: flushIndex: setUnconditionally 0 -> -1
2019-09-20 10:24:56,664 [pool-273-thread-1] INFO  server.RaftServerConfigKeys (ConfUtils.java:logGet(43)) - raft.server.snapshot.auto.trigger.enabled = true (custom)
2019-09-20 10:24:56,664 [pool-273-thread-1] INFO  server.RaftServerConfigKeys (ConfUtils.java:logGet(43)) - raft.server.snapshot.auto.trigger.threshold = 10000 (custom)
2019-09-20 10:24:56,664 [pool-273-thread-1] INFO  server.RaftServerConfigKeys (ConfUtils.java:logGet(43)) - raft.server.retrycache.expirytime = 600000ms (custom)
2019-09-20 10:24:56,664 [pool-273-thread-1] INFO  impl.RaftServerImpl (RaftServerImpl.java:start(180)) - bb8f5112-316d-4974-a5a6-f698f3fbb5be: start group-43E823771414
2019-09-20 10:24:56,665 [pool-273-thread-1] INFO  impl.RaftServerImpl (RaftServerImpl.java:setRole(171)) - bb8f5112-316d-4974-a5a6-f698f3fbb5be:group-43E823771414 changes role from null to FOLLOWER at term 0 for startAsFollower
2019-09-20 10:24:56,665 [pool-273-thread-1] INFO  impl.RoleInfo (RoleInfo.java:updateAndGet(143)) - bb8f5112-316d-4974-a5a6-f698f3fbb5be: start FollowerState
2019-09-20 10:24:56,665 [pool-273-thread-1] INFO  util.JmxRegister (JmxRegister.java:tryRegister(44)) - Successfully registered JMX Bean with object name Ratis:service=RaftServer,group=group-43E823771414,id=bb8f5112-316d-4974-a5a6-f698f3fbb5be
2019-09-20 10:24:56,668 [RatisPipelineUtilsThread] INFO  pipeline.PipelineStateManager (PipelineStateManager.java:addPipeline(56)) - Created pipeline Pipeline[ Id: e194f024-2958-46c3-9e56-43e823771414, Nodes: bb8f5112-316d-4974-a5a6-f698f3fbb5be{ip: 192.168.36.99, host: pr-hdds-1569-p5fx8-1226042367, networkLocation: /default-rack, certSerialId: null}, Type:RATIS, Factor:ONE, State:OPEN]
2019-09-20 10:24:56,669 [RatisPipelineUtilsThread] INFO  pipeline.PipelinePlacementPolicy (PipelinePlacementPolicy.java:meetCriteria(91)) - Pipeline Placement: Doesn't meet the criteria to be viable node： 136f1953-bb94-4097-a2d4-422a6782bee0 Heaviness: 6 limit: 5
2019-09-20 10:24:56,669 [RatisPipelineUtilsThread] INFO  pipeline.PipelinePlacementPolicy (PipelinePlacementPolicy.java:meetCriteria(91)) - Pipeline Placement: Doesn't meet the criteria to be viable node： 61649f92-8c0f-475a-818d-1064548aeef6 Heaviness: 6 limit: 5
2019-09-20 10:24:56,669 [RatisPipelineUtilsThread] INFO  pipeline.PipelinePlacementPolicy (PipelinePlacementPolicy.java:meetCriteria(91)) - Pipeline Placement: Doesn't meet the criteria to be viable node： e8013689-2f13-4aaf-8a03-99f419c430ec Heaviness: 6 limit: 5
2019-09-20 10:24:56,676 [grpc-default-executor-4] INFO  impl.RaftServerProxy (RaftServerProxy.java:addNew(89)) - cff8bf6b-8d20-4327-9f29-08a3c2b49247: addNew group-8BF4BCFBCE01:[cff8bf6b-8d20-4327-9f29-08a3c2b49247:192.168.36.99:46163] returns group-8BF4BCFBCE01:java.util.concurrent.CompletableFuture@2073613d[Not completed]
2019-09-20 10:24:56,677 [pool-251-thread-1] INFO  impl.RaftServerImpl (RaftServerImpl.java:<init>(93)) - cff8bf6b-8d20-4327-9f29-08a3c2b49247: new RaftServerImpl for group-8BF4BCFBCE01:[cff8bf6b-8d20-4327-9f29-08a3c2b49247:192.168.36.99:46163] with ContainerStateMachine:uninitialized
2019-09-20 10:24:56,677 [pool-251-thread-1] INFO  server.RaftServerConfigKeys (ConfUtils.java:logGet(43)) - raft.server.rpc.timeout.min = 5s (custom)
2019-09-20 10:24:56,677 [pool-251-thread-1] INFO  server.RaftServerConfigKeys (ConfUtils.java:logGet(43)) - raft.server.rpc.timeout.max = 5200ms (custom)
2019-09-20 10:24:56,677 [pool-251-thread-1] INFO  server.RaftServerConfigKeys (ConfUtils.java:logGet(43)) - raft.server.rpcslowness.timeout = 120s (custom)
2019-09-20 10:24:56,677 [pool-251-thread-1] INFO  server.RaftServerConfigKeys (ConfUtils.java:logGet(43)) - raft.server.sleep.deviation.threshold = 300 (default)
2019-09-20 10:24:56,677 [pool-251-thread-1] INFO  server.RaftServerConfigKeys (ConfUtils.java:logGet(43)) - raft.server.log.appender.install.snapshot.enabled = false (custom)
2019-09-20 10:24:56,678 [pool-251-thread-1] INFO  impl.RaftServerImpl (ServerState.java:<init>(105)) - cff8bf6b-8d20-4327-9f29-08a3c2b49247:group-8BF4BCFBCE01 ConfigurationManager, init=-1: [cff8bf6b-8d20-4327-9f29-08a3c2b49247:192.168.36.99:46163], old=null, confs=<EMPTY_MAP>
2019-09-20 10:24:56,678 [pool-251-thread-1] INFO  server.RaftServerConfigKeys (ConfUtils.java:logGet(43)) - raft.server.storage.dir = [/workdir/hadoop-ozone/integration-test/target/test-dir/MiniOzoneClusterImpl-806821b2-061b-4172-afaf-fb68ff5248bd/datanode-3/data/ratis] (custom)
2019-09-20 10:24:56,678 [pool-251-thread-1] INFO  storage.RaftStorageDirectory (RaftStorageDirectory.java:analyzeStorage(246)) - The storage directory /workdir/hadoop-ozone/integration-test/target/test-dir/MiniOzoneClusterImpl-806821b2-061b-4172-afaf-fb68ff5248bd/datanode-3/data/ratis/ef7727ff-9c01-4f29-a141-8bf4bcfbce01 does not exist. Creating ...
2019-09-20 10:24:56,695 [main] INFO  ozone.MiniOzoneClusterImpl (MiniOzoneClusterImpl.java:lambda$waitForClusterToBeReady$0(142)) - Waiting for cluster to be ready. Got 6 of 7 DN Heartbeats.
2019-09-20 10:24:56,695 [IPC Server handler 3 on 37594] INFO  net.NetworkTopology (NetworkTopologyImpl.java:add(110)) - Added a new node: /default-rack/99e70dd4-d763-4473-944c-c5628506dcf8
2019-09-20 10:24:56,695 [IPC Server handler 3 on 37594] INFO  node.SCMNodeManager (SCMNodeManager.java:register(273)) - Registered Data node : 99e70dd4-d763-4473-944c-c5628506dcf8{ip: 192.168.36.99, host: pr-hdds-1569-p5fx8-1226042367, networkLocation: /default-rack, certSerialId: null}
2019-09-20 10:24:56,696 | INFO  | SCMAudit | user=jenkins1000 | ip=192.168.36.99 | op=REGISTER {datanodeDetails=99e70dd4-d763-4473-944c-c5628506dcf8{ip: 192.168.36.99, host: pr-hdds-1569-p5fx8-1226042367, networkLocation: /default-rack, certSerialId: null}} | ret=SUCCESS |  
2019-09-20 10:24:56,702 [pool-251-thread-1] INFO  storage.RaftStorageDirectory (RaftStorageDirectory.java:tryLock(328)) - Lock on /workdir/hadoop-ozone/integration-test/target/test-dir/MiniOzoneClusterImpl-806821b2-061b-4172-afaf-fb68ff5248bd/datanode-3/data/ratis/ef7727ff-9c01-4f29-a141-8bf4bcfbce01/in_use.lock acquired by nodename 28506@pr-hdds-1569-p5fx8-1226042367
2019-09-20 10:24:56,727 [pool-251-thread-1] INFO  storage.RaftStorage (RaftStorage.java:format(72)) - Storage directory /workdir/hadoop-ozone/integration-test/target/test-dir/MiniOzoneClusterImpl-806821b2-061b-4172-afaf-fb68ff5248bd/datanode-3/data/ratis/ef7727ff-9c01-4f29-a141-8bf4bcfbce01 has been successfully formatted.
2019-09-20 10:24:56,728 [pool-251-thread-1] INFO  ratis.ContainerStateMachine (ContainerStateMachine.java:loadSnapshot(226)) - group-8BF4BCFBCE01: The snapshot info is null. Setting the last applied indexto:(t:0, i:~)
2019-09-20 10:24:56,728 [pool-251-thread-1] INFO  server.RaftServerConfigKeys (ConfUtils.java:logGet(43)) - raft.server.leader.election.timeout = 120s (custom)
2019-09-20 10:24:56,728 [pool-251-thread-1] INFO  server.RaftServerConfigKeys (ConfUtils.java:logGet(43)) - raft.server.log.use.memory = false (default)
2019-09-20 10:24:56,728 [pool-251-thread-1] INFO  server.RaftServerConfigKeys (ConfUtils.java:logGet(43)) - raft.server.log.purge.gap = 1000000 (custom)
2019-09-20 10:24:56,728 [pool-251-thread-1] INFO  server.RaftServerConfigKeys (ConfUtils.java:logGet(43)) - raft.server.log.appender.buffer.byte-limit = 33554432 (custom)
2019-09-20 10:24:56,728 [pool-251-thread-1] INFO  server.RaftServerConfigKeys (ConfUtils.java:logGet(43)) - raft.server.log.segment.size.max = 1048576 (custom)
2019-09-20 10:24:56,729 [pool-251-thread-1] INFO  server.RaftServerConfigKeys (ConfUtils.java:logGet(43)) - raft.server.log.segment.cache.num.max = 2 (custom)
2019-09-20 10:24:56,729 [pool-251-thread-1] INFO  segmented.SegmentedRaftLogWorker (SegmentedRaftLogWorker.java:<init>(172)) - new cff8bf6b-8d20-4327-9f29-08a3c2b49247-SegmentedRaftLogWorker:Storage Directory /workdir/hadoop-ozone/integration-test/target/test-dir/MiniOzoneClusterImpl-806821b2-061b-4172-afaf-fb68ff5248bd/datanode-3/data/ratis/ef7727ff-9c01-4f29-a141-8bf4bcfbce01 for RaftStorage:Storage Directory /workdir/hadoop-ozone/integration-test/target/test-dir/MiniOzoneClusterImpl-806821b2-061b-4172-afaf-fb68ff5248bd/datanode-3/data/ratis/ef7727ff-9c01-4f29-a141-8bf4bcfbce01
2019-09-20 10:24:56,729 [pool-251-thread-1] INFO  server.RaftServerConfigKeys (ConfUtils.java:logGet(43)) - raft.server.log.queue.byte-limit = 2147483647 (custom)
2019-09-20 10:24:56,729 [pool-251-thread-1] INFO  server.RaftServerConfigKeys (ConfUtils.java:logGet(43)) - raft.server.log.queue.element-limit = 1024 (custom)
2019-09-20 10:24:56,729 [pool-251-thread-1] INFO  server.RaftServerConfigKeys (ConfUtils.java:logGet(43)) - raft.server.log.segment.size.max = 1048576 (custom)
2019-09-20 10:24:56,729 [pool-251-thread-1] INFO  server.RaftServerConfigKeys (ConfUtils.java:logGet(43)) - raft.server.log.preallocated.size = 16384 (custom)
2019-09-20 10:24:56,730 [pool-251-thread-1] INFO  server.RaftServerConfigKeys (ConfUtils.java:logGet(43)) - raft.server.log.write.buffer.size = 33554432 (custom)
2019-09-20 10:24:56,730 [pool-251-thread-1] INFO  server.RaftServerConfigKeys (ConfUtils.java:logGet(43)) - raft.server.log.force.sync.num = 128 (default)
2019-09-20 10:24:56,730 [pool-251-thread-1] INFO  server.RaftServerConfigKeys (ConfUtils.java:logGet(43)) - raft.server.log.statemachine.data.sync = true (default)
2019-09-20 10:24:56,730 [pool-251-thread-1] INFO  server.RaftServerConfigKeys (ConfUtils.java:logGet(43)) - raft.server.log.statemachine.data.sync.timeout = 10s (default)
2019-09-20 10:24:56,730 [pool-251-thread-1] INFO  server.RaftServerConfigKeys (ConfUtils.java:logGet(43)) - raft.server.log.statemachine.data.sync.timeout.retry = -1 (default)
2019-09-20 10:24:56,730 [pool-251-thread-1] INFO  server.RaftServerConfigKeys (ConfUtils.java:logGet(43)) - raft.server.log.statemachine.data.caching.enabled = true (custom)
2019-09-20 10:24:56,731 [pool-251-thread-1] INFO  segmented.SegmentedRaftLogWorker (SegmentedRaftLogWorker.java:lambda$new$0(132)) - cff8bf6b-8d20-4327-9f29-08a3c2b49247-SegmentedRaftLogWorker:Storage Directory /workdir/hadoop-ozone/integration-test/target/test-dir/MiniOzoneClusterImpl-806821b2-061b-4172-afaf-fb68ff5248bd/datanode-3/data/ratis/ef7727ff-9c01-4f29-a141-8bf4bcfbce01: flushIndex: setUnconditionally 0 -> -1
2019-09-20 10:24:56,731 [pool-251-thread-1] INFO  server.RaftServerConfigKeys (ConfUtils.java:logGet(43)) - raft.server.snapshot.auto.trigger.enabled = true (custom)
2019-09-20 10:24:56,731 [pool-251-thread-1] INFO  server.RaftServerConfigKeys (ConfUtils.java:logGet(43)) - raft.server.snapshot.auto.trigger.threshold = 10000 (custom)
2019-09-20 10:24:56,732 [pool-251-thread-1] INFO  server.RaftServerConfigKeys (ConfUtils.java:logGet(43)) - raft.server.retrycache.expirytime = 600000ms (custom)
2019-09-20 10:24:56,732 [pool-251-thread-1] INFO  impl.RaftServerImpl (RaftServerImpl.java:start(180)) - cff8bf6b-8d20-4327-9f29-08a3c2b49247: start group-8BF4BCFBCE01
2019-09-20 10:24:56,732 [pool-251-thread-1] INFO  impl.RaftServerImpl (RaftServerImpl.java:setRole(171)) - cff8bf6b-8d20-4327-9f29-08a3c2b49247:group-8BF4BCFBCE01 changes role from null to FOLLOWER at term 0 for startAsFollower
2019-09-20 10:24:56,732 [pool-251-thread-1] INFO  impl.RoleInfo (RoleInfo.java:updateAndGet(143)) - cff8bf6b-8d20-4327-9f29-08a3c2b49247: start FollowerState
2019-09-20 10:24:56,733 [pool-251-thread-1] INFO  util.JmxRegister (JmxRegister.java:tryRegister(44)) - Successfully registered JMX Bean with object name Ratis:service=RaftServer,group=group-8BF4BCFBCE01,id=cff8bf6b-8d20-4327-9f29-08a3c2b49247
2019-09-20 10:24:56,735 [RatisPipelineUtilsThread] INFO  pipeline.PipelineStateManager (PipelineStateManager.java:addPipeline(56)) - Created pipeline Pipeline[ Id: ef7727ff-9c01-4f29-a141-8bf4bcfbce01, Nodes: cff8bf6b-8d20-4327-9f29-08a3c2b49247{ip: 192.168.36.99, host: pr-hdds-1569-p5fx8-1226042367, networkLocation: /default-rack, certSerialId: null}, Type:RATIS, Factor:ONE, State:OPEN]
2019-09-20 10:24:56,736 [RatisPipelineUtilsThread] INFO  pipeline.PipelinePlacementPolicy (PipelinePlacementPolicy.java:meetCriteria(91)) - Pipeline Placement: Doesn't meet the criteria to be viable node： 136f1953-bb94-4097-a2d4-422a6782bee0 Heaviness: 6 limit: 5
2019-09-20 10:24:56,736 [RatisPipelineUtilsThread] INFO  pipeline.PipelinePlacementPolicy (PipelinePlacementPolicy.java:meetCriteria(91)) - Pipeline Placement: Doesn't meet the criteria to be viable node： 61649f92-8c0f-475a-818d-1064548aeef6 Heaviness: 6 limit: 5
2019-09-20 10:24:56,736 [RatisPipelineUtilsThread] INFO  pipeline.PipelinePlacementPolicy (PipelinePlacementPolicy.java:meetCriteria(91)) - Pipeline Placement: Doesn't meet the criteria to be viable node： e8013689-2f13-4aaf-8a03-99f419c430ec Heaviness: 6 limit: 5
2019-09-20 10:24:56,742 [grpc-default-executor-4] INFO  impl.RaftServerProxy (RaftServerProxy.java:addNew(89)) - cff8bf6b-8d20-4327-9f29-08a3c2b49247: addNew group-1AD398AC37E4:[cff8bf6b-8d20-4327-9f29-08a3c2b49247:192.168.36.99:46163] returns group-1AD398AC37E4:java.util.concurrent.CompletableFuture@218c0b2d[Not completed]
2019-09-20 10:24:56,743 [pool-251-thread-1] INFO  impl.RaftServerImpl (RaftServerImpl.java:<init>(93)) - cff8bf6b-8d20-4327-9f29-08a3c2b49247: new RaftServerImpl for group-1AD398AC37E4:[cff8bf6b-8d20-4327-9f29-08a3c2b49247:192.168.36.99:46163] with ContainerStateMachine:uninitialized
2019-09-20 10:24:56,743 [pool-251-thread-1] INFO  server.RaftServerConfigKeys (ConfUtils.java:logGet(43)) - raft.server.rpc.timeout.min = 5s (custom)
2019-09-20 10:24:56,743 [pool-251-thread-1] INFO  server.RaftServerConfigKeys (ConfUtils.java:logGet(43)) - raft.server.rpc.timeout.max = 5200ms (custom)
2019-09-20 10:24:56,743 [pool-251-thread-1] INFO  server.RaftServerConfigKeys (ConfUtils.java:logGet(43)) - raft.server.rpcslowness.timeout = 120s (custom)
2019-09-20 10:24:56,743 [pool-251-thread-1] INFO  server.RaftServerConfigKeys (ConfUtils.java:logGet(43)) - raft.server.sleep.deviation.threshold = 300 (default)
2019-09-20 10:24:56,744 [pool-251-thread-1] INFO  server.RaftServerConfigKeys (ConfUtils.java:logGet(43)) - raft.server.log.appender.install.snapshot.enabled = false (custom)
2019-09-20 10:24:56,744 [pool-251-thread-1] INFO  impl.RaftServerImpl (ServerState.java:<init>(105)) - cff8bf6b-8d20-4327-9f29-08a3c2b49247:group-1AD398AC37E4 ConfigurationManager, init=-1: [cff8bf6b-8d20-4327-9f29-08a3c2b49247:192.168.36.99:46163], old=null, confs=<EMPTY_MAP>
2019-09-20 10:24:56,744 [pool-251-thread-1] INFO  server.RaftServerConfigKeys (ConfUtils.java:logGet(43)) - raft.server.storage.dir = [/workdir/hadoop-ozone/integration-test/target/test-dir/MiniOzoneClusterImpl-806821b2-061b-4172-afaf-fb68ff5248bd/datanode-3/data/ratis] (custom)
2019-09-20 10:24:56,744 [pool-251-thread-1] INFO  storage.RaftStorageDirectory (RaftStorageDirectory.java:analyzeStorage(246)) - The storage directory /workdir/hadoop-ozone/integration-test/target/test-dir/MiniOzoneClusterImpl-806821b2-061b-4172-afaf-fb68ff5248bd/datanode-3/data/ratis/82c1f05a-17be-499c-81f5-1ad398ac37e4 does not exist. Creating ...
2019-09-20 10:24:56,769 [pool-251-thread-1] INFO  storage.RaftStorageDirectory (RaftStorageDirectory.java:tryLock(328)) - Lock on /workdir/hadoop-ozone/integration-test/target/test-dir/MiniOzoneClusterImpl-806821b2-061b-4172-afaf-fb68ff5248bd/datanode-3/data/ratis/82c1f05a-17be-499c-81f5-1ad398ac37e4/in_use.lock acquired by nodename 28506@pr-hdds-1569-p5fx8-1226042367
2019-09-20 10:24:56,786 [pool-251-thread-1] INFO  storage.RaftStorage (RaftStorage.java:format(72)) - Storage directory /workdir/hadoop-ozone/integration-test/target/test-dir/MiniOzoneClusterImpl-806821b2-061b-4172-afaf-fb68ff5248bd/datanode-3/data/ratis/82c1f05a-17be-499c-81f5-1ad398ac37e4 has been successfully formatted.
2019-09-20 10:24:56,787 [pool-251-thread-1] INFO  ratis.ContainerStateMachine (ContainerStateMachine.java:loadSnapshot(226)) - group-1AD398AC37E4: The snapshot info is null. Setting the last applied indexto:(t:0, i:~)
2019-09-20 10:24:56,787 [pool-251-thread-1] INFO  server.RaftServerConfigKeys (ConfUtils.java:logGet(43)) - raft.server.leader.election.timeout = 120s (custom)
2019-09-20 10:24:56,787 [pool-251-thread-1] INFO  server.RaftServerConfigKeys (ConfUtils.java:logGet(43)) - raft.server.log.use.memory = false (default)
2019-09-20 10:24:56,787 [pool-251-thread-1] INFO  server.RaftServerConfigKeys (ConfUtils.java:logGet(43)) - raft.server.log.purge.gap = 1000000 (custom)
2019-09-20 10:24:56,787 [pool-251-thread-1] INFO  server.RaftServerConfigKeys (ConfUtils.java:logGet(43)) - raft.server.log.appender.buffer.byte-limit = 33554432 (custom)
2019-09-20 10:24:56,788 [pool-251-thread-1] INFO  server.RaftServerConfigKeys (ConfUtils.java:logGet(43)) - raft.server.log.segment.size.max = 1048576 (custom)
2019-09-20 10:24:56,788 [pool-251-thread-1] INFO  server.RaftServerConfigKeys (ConfUtils.java:logGet(43)) - raft.server.log.segment.cache.num.max = 2 (custom)
2019-09-20 10:24:56,788 [pool-251-thread-1] INFO  segmented.SegmentedRaftLogWorker (SegmentedRaftLogWorker.java:<init>(172)) - new cff8bf6b-8d20-4327-9f29-08a3c2b49247-SegmentedRaftLogWorker:Storage Directory /workdir/hadoop-ozone/integration-test/target/test-dir/MiniOzoneClusterImpl-806821b2-061b-4172-afaf-fb68ff5248bd/datanode-3/data/ratis/82c1f05a-17be-499c-81f5-1ad398ac37e4 for RaftStorage:Storage Directory /workdir/hadoop-ozone/integration-test/target/test-dir/MiniOzoneClusterImpl-806821b2-061b-4172-afaf-fb68ff5248bd/datanode-3/data/ratis/82c1f05a-17be-499c-81f5-1ad398ac37e4
2019-09-20 10:24:56,788 [pool-251-thread-1] INFO  server.RaftServerConfigKeys (ConfUtils.java:logGet(43)) - raft.server.log.queue.byte-limit = 2147483647 (custom)
2019-09-20 10:24:56,788 [pool-251-thread-1] INFO  server.RaftServerConfigKeys (ConfUtils.java:logGet(43)) - raft.server.log.queue.element-limit = 1024 (custom)
2019-09-20 10:24:56,788 [pool-251-thread-1] INFO  server.RaftServerConfigKeys (ConfUtils.java:logGet(43)) - raft.server.log.segment.size.max = 1048576 (custom)
2019-09-20 10:24:56,789 [pool-251-thread-1] INFO  server.RaftServerConfigKeys (ConfUtils.java:logGet(43)) - raft.server.log.preallocated.size = 16384 (custom)
2019-09-20 10:24:56,789 [pool-251-thread-1] INFO  server.RaftServerConfigKeys (ConfUtils.java:logGet(43)) - raft.server.log.write.buffer.size = 33554432 (custom)
2019-09-20 10:24:56,789 [pool-251-thread-1] INFO  server.RaftServerConfigKeys (ConfUtils.java:logGet(43)) - raft.server.log.force.sync.num = 128 (default)
2019-09-20 10:24:56,789 [pool-251-thread-1] INFO  server.RaftServerConfigKeys (ConfUtils.java:logGet(43)) - raft.server.log.statemachine.data.sync = true (default)
2019-09-20 10:24:56,789 [pool-251-thread-1] INFO  server.RaftServerConfigKeys (ConfUtils.java:logGet(43)) - raft.server.log.statemachine.data.sync.timeout = 10s (default)
2019-09-20 10:24:56,789 [pool-251-thread-1] INFO  server.RaftServerConfigKeys (ConfUtils.java:logGet(43)) - raft.server.log.statemachine.data.sync.timeout.retry = -1 (default)
2019-09-20 10:24:56,790 [pool-251-thread-1] INFO  server.RaftServerConfigKeys (ConfUtils.java:logGet(43)) - raft.server.log.statemachine.data.caching.enabled = true (custom)
2019-09-20 10:24:56,790 [pool-251-thread-1] INFO  segmented.SegmentedRaftLogWorker (SegmentedRaftLogWorker.java:lambda$new$0(132)) - cff8bf6b-8d20-4327-9f29-08a3c2b49247-SegmentedRaftLogWorker:Storage Directory /workdir/hadoop-ozone/integration-test/target/test-dir/MiniOzoneClusterImpl-806821b2-061b-4172-afaf-fb68ff5248bd/datanode-3/data/ratis/82c1f05a-17be-499c-81f5-1ad398ac37e4: flushIndex: setUnconditionally 0 -> -1
2019-09-20 10:24:56,790 [pool-251-thread-1] INFO  server.RaftServerConfigKeys (ConfUtils.java:logGet(43)) - raft.server.snapshot.auto.trigger.enabled = true (custom)
2019-09-20 10:24:56,790 [pool-251-thread-1] INFO  server.RaftServerConfigKeys (ConfUtils.java:logGet(43)) - raft.server.snapshot.auto.trigger.threshold = 10000 (custom)
2019-09-20 10:24:56,791 [pool-251-thread-1] INFO  server.RaftServerConfigKeys (ConfUtils.java:logGet(43)) - raft.server.retrycache.expirytime = 600000ms (custom)
2019-09-20 10:24:56,791 [pool-251-thread-1] INFO  impl.RaftServerImpl (RaftServerImpl.java:start(180)) - cff8bf6b-8d20-4327-9f29-08a3c2b49247: start group-1AD398AC37E4
2019-09-20 10:24:56,791 [pool-251-thread-1] INFO  impl.RaftServerImpl (RaftServerImpl.java:setRole(171)) - cff8bf6b-8d20-4327-9f29-08a3c2b49247:group-1AD398AC37E4 changes role from null to FOLLOWER at term 0 for startAsFollower
2019-09-20 10:24:56,791 [pool-251-thread-1] INFO  impl.RoleInfo (RoleInfo.java:updateAndGet(143)) - cff8bf6b-8d20-4327-9f29-08a3c2b49247: start FollowerState
2019-09-20 10:24:56,792 [pool-251-thread-1] INFO  util.JmxRegister (JmxRegister.java:tryRegister(44)) - Successfully registered JMX Bean with object name Ratis:service=RaftServer,group=group-1AD398AC37E4,id=cff8bf6b-8d20-4327-9f29-08a3c2b49247
2019-09-20 10:24:56,795 [RatisPipelineUtilsThread] INFO  pipeline.PipelineStateManager (PipelineStateManager.java:addPipeline(56)) - Created pipeline Pipeline[ Id: 82c1f05a-17be-499c-81f5-1ad398ac37e4, Nodes: cff8bf6b-8d20-4327-9f29-08a3c2b49247{ip: 192.168.36.99, host: pr-hdds-1569-p5fx8-1226042367, networkLocation: /default-rack, certSerialId: null}, Type:RATIS, Factor:ONE, State:OPEN]
2019-09-20 10:24:56,795 [RatisPipelineUtilsThread] INFO  pipeline.PipelinePlacementPolicy (PipelinePlacementPolicy.java:meetCriteria(91)) - Pipeline Placement: Doesn't meet the criteria to be viable node： 136f1953-bb94-4097-a2d4-422a6782bee0 Heaviness: 6 limit: 5
2019-09-20 10:24:56,795 [RatisPipelineUtilsThread] INFO  pipeline.PipelinePlacementPolicy (PipelinePlacementPolicy.java:meetCriteria(91)) - Pipeline Placement: Doesn't meet the criteria to be viable node： 61649f92-8c0f-475a-818d-1064548aeef6 Heaviness: 6 limit: 5
2019-09-20 10:24:56,795 [RatisPipelineUtilsThread] INFO  pipeline.PipelinePlacementPolicy (PipelinePlacementPolicy.java:meetCriteria(91)) - Pipeline Placement: Doesn't meet the criteria to be viable node： e8013689-2f13-4aaf-8a03-99f419c430ec Heaviness: 6 limit: 5
2019-09-20 10:24:56,800 [grpc-default-executor-4] INFO  impl.RaftServerProxy (RaftServerProxy.java:addNew(89)) - cff8bf6b-8d20-4327-9f29-08a3c2b49247: addNew group-54713C5DDCE3:[cff8bf6b-8d20-4327-9f29-08a3c2b49247:192.168.36.99:46163] returns group-54713C5DDCE3:java.util.concurrent.CompletableFuture@3682d42c[Not completed]
2019-09-20 10:24:56,801 [pool-251-thread-1] INFO  impl.RaftServerImpl (RaftServerImpl.java:<init>(93)) - cff8bf6b-8d20-4327-9f29-08a3c2b49247: new RaftServerImpl for group-54713C5DDCE3:[cff8bf6b-8d20-4327-9f29-08a3c2b49247:192.168.36.99:46163] with ContainerStateMachine:uninitialized
2019-09-20 10:24:56,801 [pool-251-thread-1] INFO  server.RaftServerConfigKeys (ConfUtils.java:logGet(43)) - raft.server.rpc.timeout.min = 5s (custom)
2019-09-20 10:24:56,801 [pool-251-thread-1] INFO  server.RaftServerConfigKeys (ConfUtils.java:logGet(43)) - raft.server.rpc.timeout.max = 5200ms (custom)
2019-09-20 10:24:56,802 [pool-251-thread-1] INFO  server.RaftServerConfigKeys (ConfUtils.java:logGet(43)) - raft.server.rpcslowness.timeout = 120s (custom)
2019-09-20 10:24:56,802 [pool-251-thread-1] INFO  server.RaftServerConfigKeys (ConfUtils.java:logGet(43)) - raft.server.sleep.deviation.threshold = 300 (default)
2019-09-20 10:24:56,802 [pool-251-thread-1] INFO  server.RaftServerConfigKeys (ConfUtils.java:logGet(43)) - raft.server.log.appender.install.snapshot.enabled = false (custom)
2019-09-20 10:24:56,802 [pool-251-thread-1] INFO  impl.RaftServerImpl (ServerState.java:<init>(105)) - cff8bf6b-8d20-4327-9f29-08a3c2b49247:group-54713C5DDCE3 ConfigurationManager, init=-1: [cff8bf6b-8d20-4327-9f29-08a3c2b49247:192.168.36.99:46163], old=null, confs=<EMPTY_MAP>
2019-09-20 10:24:56,802 [pool-251-thread-1] INFO  server.RaftServerConfigKeys (ConfUtils.java:logGet(43)) - raft.server.storage.dir = [/workdir/hadoop-ozone/integration-test/target/test-dir/MiniOzoneClusterImpl-806821b2-061b-4172-afaf-fb68ff5248bd/datanode-3/data/ratis] (custom)
2019-09-20 10:24:56,803 [pool-251-thread-1] INFO  storage.RaftStorageDirectory (RaftStorageDirectory.java:analyzeStorage(246)) - The storage directory /workdir/hadoop-ozone/integration-test/target/test-dir/MiniOzoneClusterImpl-806821b2-061b-4172-afaf-fb68ff5248bd/datanode-3/data/ratis/34ec9df5-f75e-420a-b1e1-54713c5ddce3 does not exist. Creating ...
2019-09-20 10:24:56,820 [pool-251-thread-1] INFO  storage.RaftStorageDirectory (RaftStorageDirectory.java:tryLock(328)) - Lock on /workdir/hadoop-ozone/integration-test/target/test-dir/MiniOzoneClusterImpl-806821b2-061b-4172-afaf-fb68ff5248bd/datanode-3/data/ratis/34ec9df5-f75e-420a-b1e1-54713c5ddce3/in_use.lock acquired by nodename 28506@pr-hdds-1569-p5fx8-1226042367
2019-09-20 10:24:56,830 | INFO  | SCMAudit | user=jenkins1000 | ip=192.168.36.99 | op=SEND_HEARTBEAT {datanodeUUID=e8013689-2f13-4aaf-8a03-99f419c430ec, command=[]} | ret=SUCCESS |  
2019-09-20 10:24:56,870 [pool-251-thread-1] INFO  storage.RaftStorage (RaftStorage.java:format(72)) - Storage directory /workdir/hadoop-ozone/integration-test/target/test-dir/MiniOzoneClusterImpl-806821b2-061b-4172-afaf-fb68ff5248bd/datanode-3/data/ratis/34ec9df5-f75e-420a-b1e1-54713c5ddce3 has been successfully formatted.
2019-09-20 10:24:56,871 [pool-251-thread-1] INFO  ratis.ContainerStateMachine (ContainerStateMachine.java:loadSnapshot(226)) - group-54713C5DDCE3: The snapshot info is null. Setting the last applied indexto:(t:0, i:~)
2019-09-20 10:24:56,871 [pool-251-thread-1] INFO  server.RaftServerConfigKeys (ConfUtils.java:logGet(43)) - raft.server.leader.election.timeout = 120s (custom)
2019-09-20 10:24:56,871 [pool-251-thread-1] INFO  server.RaftServerConfigKeys (ConfUtils.java:logGet(43)) - raft.server.log.use.memory = false (default)
2019-09-20 10:24:56,871 [pool-251-thread-1] INFO  server.RaftServerConfigKeys (ConfUtils.java:logGet(43)) - raft.server.log.purge.gap = 1000000 (custom)
2019-09-20 10:24:56,871 [pool-251-thread-1] INFO  server.RaftServerConfigKeys (ConfUtils.java:logGet(43)) - raft.server.log.appender.buffer.byte-limit = 33554432 (custom)
2019-09-20 10:24:56,872 [pool-251-thread-1] INFO  server.RaftServerConfigKeys (ConfUtils.java:logGet(43)) - raft.server.log.segment.size.max = 1048576 (custom)
2019-09-20 10:24:56,872 [pool-251-thread-1] INFO  server.RaftServerConfigKeys (ConfUtils.java:logGet(43)) - raft.server.log.segment.cache.num.max = 2 (custom)
2019-09-20 10:24:56,872 [pool-251-thread-1] INFO  segmented.SegmentedRaftLogWorker (SegmentedRaftLogWorker.java:<init>(172)) - new cff8bf6b-8d20-4327-9f29-08a3c2b49247-SegmentedRaftLogWorker:Storage Directory /workdir/hadoop-ozone/integration-test/target/test-dir/MiniOzoneClusterImpl-806821b2-061b-4172-afaf-fb68ff5248bd/datanode-3/data/ratis/34ec9df5-f75e-420a-b1e1-54713c5ddce3 for RaftStorage:Storage Directory /workdir/hadoop-ozone/integration-test/target/test-dir/MiniOzoneClusterImpl-806821b2-061b-4172-afaf-fb68ff5248bd/datanode-3/data/ratis/34ec9df5-f75e-420a-b1e1-54713c5ddce3
2019-09-20 10:24:56,872 [pool-251-thread-1] INFO  server.RaftServerConfigKeys (ConfUtils.java:logGet(43)) - raft.server.log.queue.byte-limit = 2147483647 (custom)
2019-09-20 10:24:56,872 [pool-251-thread-1] INFO  server.RaftServerConfigKeys (ConfUtils.java:logGet(43)) - raft.server.log.queue.element-limit = 1024 (custom)
2019-09-20 10:24:56,872 [pool-251-thread-1] INFO  server.RaftServerConfigKeys (ConfUtils.java:logGet(43)) - raft.server.log.segment.size.max = 1048576 (custom)
2019-09-20 10:24:56,873 [pool-251-thread-1] INFO  server.RaftServerConfigKeys (ConfUtils.java:logGet(43)) - raft.server.log.preallocated.size = 16384 (custom)
2019-09-20 10:24:56,873 [pool-251-thread-1] INFO  server.RaftServerConfigKeys (ConfUtils.java:logGet(43)) - raft.server.log.write.buffer.size = 33554432 (custom)
2019-09-20 10:24:56,873 [pool-251-thread-1] INFO  server.RaftServerConfigKeys (ConfUtils.java:logGet(43)) - raft.server.log.force.sync.num = 128 (default)
2019-09-20 10:24:56,873 [pool-251-thread-1] INFO  server.RaftServerConfigKeys (ConfUtils.java:logGet(43)) - raft.server.log.statemachine.data.sync = true (default)
2019-09-20 10:24:56,873 [pool-251-thread-1] INFO  server.RaftServerConfigKeys (ConfUtils.java:logGet(43)) - raft.server.log.statemachine.data.sync.timeout = 10s (default)
2019-09-20 10:24:56,873 [pool-251-thread-1] INFO  server.RaftServerConfigKeys (ConfUtils.java:logGet(43)) - raft.server.log.statemachine.data.sync.timeout.retry = -1 (default)
2019-09-20 10:24:56,874 [pool-251-thread-1] INFO  server.RaftServerConfigKeys (ConfUtils.java:logGet(43)) - raft.server.log.statemachine.data.caching.enabled = true (custom)
2019-09-20 10:24:56,874 [pool-251-thread-1] INFO  segmented.SegmentedRaftLogWorker (SegmentedRaftLogWorker.java:lambda$new$0(132)) - cff8bf6b-8d20-4327-9f29-08a3c2b49247-SegmentedRaftLogWorker:Storage Directory /workdir/hadoop-ozone/integration-test/target/test-dir/MiniOzoneClusterImpl-806821b2-061b-4172-afaf-fb68ff5248bd/datanode-3/data/ratis/34ec9df5-f75e-420a-b1e1-54713c5ddce3: flushIndex: setUnconditionally 0 -> -1
2019-09-20 10:24:56,874 [pool-251-thread-1] INFO  server.RaftServerConfigKeys (ConfUtils.java:logGet(43)) - raft.server.snapshot.auto.trigger.enabled = true (custom)
2019-09-20 10:24:56,875 [pool-251-thread-1] INFO  server.RaftServerConfigKeys (ConfUtils.java:logGet(43)) - raft.server.snapshot.auto.trigger.threshold = 10000 (custom)
2019-09-20 10:24:56,875 [pool-251-thread-1] INFO  server.RaftServerConfigKeys (ConfUtils.java:logGet(43)) - raft.server.retrycache.expirytime = 600000ms (custom)
2019-09-20 10:24:56,875 [pool-251-thread-1] INFO  impl.RaftServerImpl (RaftServerImpl.java:start(180)) - cff8bf6b-8d20-4327-9f29-08a3c2b49247: start group-54713C5DDCE3
2019-09-20 10:24:56,875 [pool-251-thread-1] INFO  impl.RaftServerImpl (RaftServerImpl.java:setRole(171)) - cff8bf6b-8d20-4327-9f29-08a3c2b49247:group-54713C5DDCE3 changes role from null to FOLLOWER at term 0 for startAsFollower
2019-09-20 10:24:56,875 [pool-251-thread-1] INFO  impl.RoleInfo (RoleInfo.java:updateAndGet(143)) - cff8bf6b-8d20-4327-9f29-08a3c2b49247: start FollowerState
2019-09-20 10:24:56,876 [pool-251-thread-1] INFO  util.JmxRegister (JmxRegister.java:tryRegister(44)) - Successfully registered JMX Bean with object name Ratis:service=RaftServer,group=group-54713C5DDCE3,id=cff8bf6b-8d20-4327-9f29-08a3c2b49247
2019-09-20 10:24:56,879 [RatisPipelineUtilsThread] INFO  pipeline.PipelineStateManager (PipelineStateManager.java:addPipeline(56)) - Created pipeline Pipeline[ Id: 34ec9df5-f75e-420a-b1e1-54713c5ddce3, Nodes: cff8bf6b-8d20-4327-9f29-08a3c2b49247{ip: 192.168.36.99, host: pr-hdds-1569-p5fx8-1226042367, networkLocation: /default-rack, certSerialId: null}, Type:RATIS, Factor:ONE, State:OPEN]
2019-09-20 10:24:56,879 [RatisPipelineUtilsThread] INFO  pipeline.PipelinePlacementPolicy (PipelinePlacementPolicy.java:meetCriteria(91)) - Pipeline Placement: Doesn't meet the criteria to be viable node： 136f1953-bb94-4097-a2d4-422a6782bee0 Heaviness: 6 limit: 5
2019-09-20 10:24:56,879 [RatisPipelineUtilsThread] INFO  pipeline.PipelinePlacementPolicy (PipelinePlacementPolicy.java:meetCriteria(91)) - Pipeline Placement: Doesn't meet the criteria to be viable node： 61649f92-8c0f-475a-818d-1064548aeef6 Heaviness: 6 limit: 5
2019-09-20 10:24:56,879 [RatisPipelineUtilsThread] INFO  pipeline.PipelinePlacementPolicy (PipelinePlacementPolicy.java:meetCriteria(91)) - Pipeline Placement: Doesn't meet the criteria to be viable node： e8013689-2f13-4aaf-8a03-99f419c430ec Heaviness: 6 limit: 5
2019-09-20 10:24:56,885 [grpc-default-executor-4] INFO  impl.RaftServerProxy (RaftServerProxy.java:addNew(89)) - cff8bf6b-8d20-4327-9f29-08a3c2b49247: addNew group-59D57AF1BF79:[cff8bf6b-8d20-4327-9f29-08a3c2b49247:192.168.36.99:46163] returns group-59D57AF1BF79:java.util.concurrent.CompletableFuture@128cb797[Not completed]
2019-09-20 10:24:56,886 [pool-251-thread-1] INFO  impl.RaftServerImpl (RaftServerImpl.java:<init>(93)) - cff8bf6b-8d20-4327-9f29-08a3c2b49247: new RaftServerImpl for group-59D57AF1BF79:[cff8bf6b-8d20-4327-9f29-08a3c2b49247:192.168.36.99:46163] with ContainerStateMachine:uninitialized
2019-09-20 10:24:56,886 [pool-251-thread-1] INFO  server.RaftServerConfigKeys (ConfUtils.java:logGet(43)) - raft.server.rpc.timeout.min = 5s (custom)
2019-09-20 10:24:56,886 [pool-251-thread-1] INFO  server.RaftServerConfigKeys (ConfUtils.java:logGet(43)) - raft.server.rpc.timeout.max = 5200ms (custom)
2019-09-20 10:24:56,886 [pool-251-thread-1] INFO  server.RaftServerConfigKeys (ConfUtils.java:logGet(43)) - raft.server.rpcslowness.timeout = 120s (custom)
2019-09-20 10:24:56,887 [pool-251-thread-1] INFO  server.RaftServerConfigKeys (ConfUtils.java:logGet(43)) - raft.server.sleep.deviation.threshold = 300 (default)
2019-09-20 10:24:56,887 [pool-251-thread-1] INFO  server.RaftServerConfigKeys (ConfUtils.java:logGet(43)) - raft.server.log.appender.install.snapshot.enabled = false (custom)
2019-09-20 10:24:56,887 [pool-251-thread-1] INFO  impl.RaftServerImpl (ServerState.java:<init>(105)) - cff8bf6b-8d20-4327-9f29-08a3c2b49247:group-59D57AF1BF79 ConfigurationManager, init=-1: [cff8bf6b-8d20-4327-9f29-08a3c2b49247:192.168.36.99:46163], old=null, confs=<EMPTY_MAP>
2019-09-20 10:24:56,887 [pool-251-thread-1] INFO  server.RaftServerConfigKeys (ConfUtils.java:logGet(43)) - raft.server.storage.dir = [/workdir/hadoop-ozone/integration-test/target/test-dir/MiniOzoneClusterImpl-806821b2-061b-4172-afaf-fb68ff5248bd/datanode-3/data/ratis] (custom)
2019-09-20 10:24:56,887 [pool-251-thread-1] INFO  storage.RaftStorageDirectory (RaftStorageDirectory.java:analyzeStorage(246)) - The storage directory /workdir/hadoop-ozone/integration-test/target/test-dir/MiniOzoneClusterImpl-806821b2-061b-4172-afaf-fb68ff5248bd/datanode-3/data/ratis/e3e3c918-b34d-46f7-b3c6-59d57af1bf79 does not exist. Creating ...
2019-09-20 10:24:56,912 [pool-251-thread-1] INFO  storage.RaftStorageDirectory (RaftStorageDirectory.java:tryLock(328)) - Lock on /workdir/hadoop-ozone/integration-test/target/test-dir/MiniOzoneClusterImpl-806821b2-061b-4172-afaf-fb68ff5248bd/datanode-3/data/ratis/e3e3c918-b34d-46f7-b3c6-59d57af1bf79/in_use.lock acquired by nodename 28506@pr-hdds-1569-p5fx8-1226042367
2019-09-20 10:24:56,929 [pool-251-thread-1] INFO  storage.RaftStorage (RaftStorage.java:format(72)) - Storage directory /workdir/hadoop-ozone/integration-test/target/test-dir/MiniOzoneClusterImpl-806821b2-061b-4172-afaf-fb68ff5248bd/datanode-3/data/ratis/e3e3c918-b34d-46f7-b3c6-59d57af1bf79 has been successfully formatted.
2019-09-20 10:24:56,930 [pool-251-thread-1] INFO  ratis.ContainerStateMachine (ContainerStateMachine.java:loadSnapshot(226)) - group-59D57AF1BF79: The snapshot info is null. Setting the last applied indexto:(t:0, i:~)
2019-09-20 10:24:56,930 [pool-251-thread-1] INFO  server.RaftServerConfigKeys (ConfUtils.java:logGet(43)) - raft.server.leader.election.timeout = 120s (custom)
2019-09-20 10:24:56,930 [pool-251-thread-1] INFO  server.RaftServerConfigKeys (ConfUtils.java:logGet(43)) - raft.server.log.use.memory = false (default)
2019-09-20 10:24:56,930 [pool-251-thread-1] INFO  server.RaftServerConfigKeys (ConfUtils.java:logGet(43)) - raft.server.log.purge.gap = 1000000 (custom)
2019-09-20 10:24:56,930 [pool-251-thread-1] INFO  server.RaftServerConfigKeys (ConfUtils.java:logGet(43)) - raft.server.log.appender.buffer.byte-limit = 33554432 (custom)
2019-09-20 10:24:56,930 [pool-251-thread-1] INFO  server.RaftServerConfigKeys (ConfUtils.java:logGet(43)) - raft.server.log.segment.size.max = 1048576 (custom)
2019-09-20 10:24:56,931 [pool-251-thread-1] INFO  server.RaftServerConfigKeys (ConfUtils.java:logGet(43)) - raft.server.log.segment.cache.num.max = 2 (custom)
2019-09-20 10:24:56,931 [pool-251-thread-1] INFO  segmented.SegmentedRaftLogWorker (SegmentedRaftLogWorker.java:<init>(172)) - new cff8bf6b-8d20-4327-9f29-08a3c2b49247-SegmentedRaftLogWorker:Storage Directory /workdir/hadoop-ozone/integration-test/target/test-dir/MiniOzoneClusterImpl-806821b2-061b-4172-afaf-fb68ff5248bd/datanode-3/data/ratis/e3e3c918-b34d-46f7-b3c6-59d57af1bf79 for RaftStorage:Storage Directory /workdir/hadoop-ozone/integration-test/target/test-dir/MiniOzoneClusterImpl-806821b2-061b-4172-afaf-fb68ff5248bd/datanode-3/data/ratis/e3e3c918-b34d-46f7-b3c6-59d57af1bf79
2019-09-20 10:24:56,931 [pool-251-thread-1] INFO  server.RaftServerConfigKeys (ConfUtils.java:logGet(43)) - raft.server.log.queue.byte-limit = 2147483647 (custom)
2019-09-20 10:24:56,931 [pool-251-thread-1] INFO  server.RaftServerConfigKeys (ConfUtils.java:logGet(43)) - raft.server.log.queue.element-limit = 1024 (custom)
2019-09-20 10:24:56,931 [pool-251-thread-1] INFO  server.RaftServerConfigKeys (ConfUtils.java:logGet(43)) - raft.server.log.segment.size.max = 1048576 (custom)
2019-09-20 10:24:56,931 [pool-251-thread-1] INFO  server.RaftServerConfigKeys (ConfUtils.java:logGet(43)) - raft.server.log.preallocated.size = 16384 (custom)
2019-09-20 10:24:56,931 [pool-251-thread-1] INFO  server.RaftServerConfigKeys (ConfUtils.java:logGet(43)) - raft.server.log.write.buffer.size = 33554432 (custom)
2019-09-20 10:24:56,932 [pool-251-thread-1] INFO  server.RaftServerConfigKeys (ConfUtils.java:logGet(43)) - raft.server.log.force.sync.num = 128 (default)
2019-09-20 10:24:56,932 [pool-251-thread-1] INFO  server.RaftServerConfigKeys (ConfUtils.java:logGet(43)) - raft.server.log.statemachine.data.sync = true (default)
2019-09-20 10:24:56,932 [pool-251-thread-1] INFO  server.RaftServerConfigKeys (ConfUtils.java:logGet(43)) - raft.server.log.statemachine.data.sync.timeout = 10s (default)
2019-09-20 10:24:56,932 [pool-251-thread-1] INFO  server.RaftServerConfigKeys (ConfUtils.java:logGet(43)) - raft.server.log.statemachine.data.sync.timeout.retry = -1 (default)
2019-09-20 10:24:56,932 [pool-251-thread-1] INFO  server.RaftServerConfigKeys (ConfUtils.java:logGet(43)) - raft.server.log.statemachine.data.caching.enabled = true (custom)
2019-09-20 10:24:56,933 [pool-251-thread-1] INFO  segmented.SegmentedRaftLogWorker (SegmentedRaftLogWorker.java:lambda$new$0(132)) - cff8bf6b-8d20-4327-9f29-08a3c2b49247-SegmentedRaftLogWorker:Storage Directory /workdir/hadoop-ozone/integration-test/target/test-dir/MiniOzoneClusterImpl-806821b2-061b-4172-afaf-fb68ff5248bd/datanode-3/data/ratis/e3e3c918-b34d-46f7-b3c6-59d57af1bf79: flushIndex: setUnconditionally 0 -> -1
2019-09-20 10:24:56,933 [pool-251-thread-1] INFO  server.RaftServerConfigKeys (ConfUtils.java:logGet(43)) - raft.server.snapshot.auto.trigger.enabled = true (custom)
2019-09-20 10:24:56,933 [pool-251-thread-1] INFO  server.RaftServerConfigKeys (ConfUtils.java:logGet(43)) - raft.server.snapshot.auto.trigger.threshold = 10000 (custom)
2019-09-20 10:24:56,933 [pool-251-thread-1] INFO  server.RaftServerConfigKeys (ConfUtils.java:logGet(43)) - raft.server.retrycache.expirytime = 600000ms (custom)
2019-09-20 10:24:56,933 [pool-251-thread-1] INFO  impl.RaftServerImpl (RaftServerImpl.java:start(180)) - cff8bf6b-8d20-4327-9f29-08a3c2b49247: start group-59D57AF1BF79
2019-09-20 10:24:56,933 [pool-251-thread-1] INFO  impl.RaftServerImpl (RaftServerImpl.java:setRole(171)) - cff8bf6b-8d20-4327-9f29-08a3c2b49247:group-59D57AF1BF79 changes role from null to FOLLOWER at term 0 for startAsFollower
2019-09-20 10:24:56,934 [pool-251-thread-1] INFO  impl.RoleInfo (RoleInfo.java:updateAndGet(143)) - cff8bf6b-8d20-4327-9f29-08a3c2b49247: start FollowerState
2019-09-20 10:24:56,934 [pool-251-thread-1] INFO  util.JmxRegister (JmxRegister.java:tryRegister(44)) - Successfully registered JMX Bean with object name Ratis:service=RaftServer,group=group-59D57AF1BF79,id=cff8bf6b-8d20-4327-9f29-08a3c2b49247
2019-09-20 10:24:56,937 [RatisPipelineUtilsThread] INFO  pipeline.PipelineStateManager (PipelineStateManager.java:addPipeline(56)) - Created pipeline Pipeline[ Id: e3e3c918-b34d-46f7-b3c6-59d57af1bf79, Nodes: cff8bf6b-8d20-4327-9f29-08a3c2b49247{ip: 192.168.36.99, host: pr-hdds-1569-p5fx8-1226042367, networkLocation: /default-rack, certSerialId: null}, Type:RATIS, Factor:ONE, State:OPEN]
2019-09-20 10:24:56,937 [RatisPipelineUtilsThread] INFO  pipeline.PipelinePlacementPolicy (PipelinePlacementPolicy.java:meetCriteria(91)) - Pipeline Placement: Doesn't meet the criteria to be viable node： 136f1953-bb94-4097-a2d4-422a6782bee0 Heaviness: 6 limit: 5
2019-09-20 10:24:56,937 [RatisPipelineUtilsThread] INFO  pipeline.PipelinePlacementPolicy (PipelinePlacementPolicy.java:meetCriteria(91)) - Pipeline Placement: Doesn't meet the criteria to be viable node： 61649f92-8c0f-475a-818d-1064548aeef6 Heaviness: 6 limit: 5
2019-09-20 10:24:56,937 [RatisPipelineUtilsThread] INFO  pipeline.PipelinePlacementPolicy (PipelinePlacementPolicy.java:meetCriteria(91)) - Pipeline Placement: Doesn't meet the criteria to be viable node： e8013689-2f13-4aaf-8a03-99f419c430ec Heaviness: 6 limit: 5
2019-09-20 10:24:56,938 [RatisPipelineUtilsThread] INFO  pipeline.PipelinePlacementPolicy (PipelinePlacementPolicy.java:meetCriteria(91)) - Pipeline Placement: Doesn't meet the criteria to be viable node： cff8bf6b-8d20-4327-9f29-08a3c2b49247 Heaviness: 6 limit: 5
2019-09-20 10:24:56,943 [grpc-default-executor-4] INFO  impl.RaftServerProxy (RaftServerProxy.java:addNew(89)) - b5962e8e-c9f1-48aa-8eb4-d8f74b8afdbe: addNew group-900160021207:[b5962e8e-c9f1-48aa-8eb4-d8f74b8afdbe:192.168.36.99:39222] returns group-900160021207:java.util.concurrent.CompletableFuture@2669f695[Not completed]
2019-09-20 10:24:56,944 [pool-262-thread-1] INFO  impl.RaftServerImpl (RaftServerImpl.java:<init>(93)) - b5962e8e-c9f1-48aa-8eb4-d8f74b8afdbe: new RaftServerImpl for group-900160021207:[b5962e8e-c9f1-48aa-8eb4-d8f74b8afdbe:192.168.36.99:39222] with ContainerStateMachine:uninitialized
2019-09-20 10:24:56,944 [pool-262-thread-1] INFO  server.RaftServerConfigKeys (ConfUtils.java:logGet(43)) - raft.server.rpc.timeout.min = 5s (custom)
2019-09-20 10:24:56,944 [pool-262-thread-1] INFO  server.RaftServerConfigKeys (ConfUtils.java:logGet(43)) - raft.server.rpc.timeout.max = 5200ms (custom)
2019-09-20 10:24:56,945 [pool-262-thread-1] INFO  server.RaftServerConfigKeys (ConfUtils.java:logGet(43)) - raft.server.rpcslowness.timeout = 120s (custom)
2019-09-20 10:24:56,945 [pool-262-thread-1] INFO  server.RaftServerConfigKeys (ConfUtils.java:logGet(43)) - raft.server.sleep.deviation.threshold = 300 (default)
2019-09-20 10:24:56,945 [pool-262-thread-1] INFO  server.RaftServerConfigKeys (ConfUtils.java:logGet(43)) - raft.server.log.appender.install.snapshot.enabled = false (custom)
2019-09-20 10:24:56,945 [pool-262-thread-1] INFO  impl.RaftServerImpl (ServerState.java:<init>(105)) - b5962e8e-c9f1-48aa-8eb4-d8f74b8afdbe:group-900160021207 ConfigurationManager, init=-1: [b5962e8e-c9f1-48aa-8eb4-d8f74b8afdbe:192.168.36.99:39222], old=null, confs=<EMPTY_MAP>
2019-09-20 10:24:56,945 [pool-262-thread-1] INFO  server.RaftServerConfigKeys (ConfUtils.java:logGet(43)) - raft.server.storage.dir = [/workdir/hadoop-ozone/integration-test/target/test-dir/MiniOzoneClusterImpl-806821b2-061b-4172-afaf-fb68ff5248bd/datanode-4/data/ratis] (custom)
2019-09-20 10:24:56,946 [pool-262-thread-1] INFO  storage.RaftStorageDirectory (RaftStorageDirectory.java:analyzeStorage(246)) - The storage directory /workdir/hadoop-ozone/integration-test/target/test-dir/MiniOzoneClusterImpl-806821b2-061b-4172-afaf-fb68ff5248bd/datanode-4/data/ratis/1c092731-1da3-4de9-b9bf-900160021207 does not exist. Creating ...
2019-09-20 10:24:56,963 [pool-262-thread-1] INFO  storage.RaftStorageDirectory (RaftStorageDirectory.java:tryLock(328)) - Lock on /workdir/hadoop-ozone/integration-test/target/test-dir/MiniOzoneClusterImpl-806821b2-061b-4172-afaf-fb68ff5248bd/datanode-4/data/ratis/1c092731-1da3-4de9-b9bf-900160021207/in_use.lock acquired by nodename 28506@pr-hdds-1569-p5fx8-1226042367
2019-09-20 10:24:56,989 [pool-262-thread-1] INFO  storage.RaftStorage (RaftStorage.java:format(72)) - Storage directory /workdir/hadoop-ozone/integration-test/target/test-dir/MiniOzoneClusterImpl-806821b2-061b-4172-afaf-fb68ff5248bd/datanode-4/data/ratis/1c092731-1da3-4de9-b9bf-900160021207 has been successfully formatted.
2019-09-20 10:24:56,989 [pool-262-thread-1] INFO  ratis.ContainerStateMachine (ContainerStateMachine.java:loadSnapshot(226)) - group-900160021207: The snapshot info is null. Setting the last applied indexto:(t:0, i:~)
2019-09-20 10:24:56,989 [pool-262-thread-1] INFO  server.RaftServerConfigKeys (ConfUtils.java:logGet(43)) - raft.server.leader.election.timeout = 120s (custom)
2019-09-20 10:24:56,989 [pool-262-thread-1] INFO  server.RaftServerConfigKeys (ConfUtils.java:logGet(43)) - raft.server.log.use.memory = false (default)
2019-09-20 10:24:56,989 [pool-262-thread-1] INFO  server.RaftServerConfigKeys (ConfUtils.java:logGet(43)) - raft.server.log.purge.gap = 1000000 (custom)
2019-09-20 10:24:56,990 [pool-262-thread-1] INFO  server.RaftServerConfigKeys (ConfUtils.java:logGet(43)) - raft.server.log.appender.buffer.byte-limit = 33554432 (custom)
2019-09-20 10:24:56,990 [pool-262-thread-1] INFO  server.RaftServerConfigKeys (ConfUtils.java:logGet(43)) - raft.server.log.segment.size.max = 1048576 (custom)
2019-09-20 10:24:56,990 [pool-262-thread-1] INFO  server.RaftServerConfigKeys (ConfUtils.java:logGet(43)) - raft.server.log.segment.cache.num.max = 2 (custom)
2019-09-20 10:24:56,990 [pool-262-thread-1] INFO  segmented.SegmentedRaftLogWorker (SegmentedRaftLogWorker.java:<init>(172)) - new b5962e8e-c9f1-48aa-8eb4-d8f74b8afdbe-SegmentedRaftLogWorker:Storage Directory /workdir/hadoop-ozone/integration-test/target/test-dir/MiniOzoneClusterImpl-806821b2-061b-4172-afaf-fb68ff5248bd/datanode-4/data/ratis/1c092731-1da3-4de9-b9bf-900160021207 for RaftStorage:Storage Directory /workdir/hadoop-ozone/integration-test/target/test-dir/MiniOzoneClusterImpl-806821b2-061b-4172-afaf-fb68ff5248bd/datanode-4/data/ratis/1c092731-1da3-4de9-b9bf-900160021207
2019-09-20 10:24:56,990 [pool-262-thread-1] INFO  server.RaftServerConfigKeys (ConfUtils.java:logGet(43)) - raft.server.log.queue.byte-limit = 2147483647 (custom)
2019-09-20 10:24:56,990 [pool-262-thread-1] INFO  server.RaftServerConfigKeys (ConfUtils.java:logGet(43)) - raft.server.log.queue.element-limit = 1024 (custom)
2019-09-20 10:24:56,991 [pool-262-thread-1] INFO  server.RaftServerConfigKeys (ConfUtils.java:logGet(43)) - raft.server.log.segment.size.max = 1048576 (custom)
2019-09-20 10:24:56,991 [pool-262-thread-1] INFO  server.RaftServerConfigKeys (ConfUtils.java:logGet(43)) - raft.server.log.preallocated.size = 16384 (custom)
2019-09-20 10:24:56,991 [pool-262-thread-1] INFO  server.RaftServerConfigKeys (ConfUtils.java:logGet(43)) - raft.server.log.write.buffer.size = 33554432 (custom)
2019-09-20 10:24:56,991 [pool-262-thread-1] INFO  server.RaftServerConfigKeys (ConfUtils.java:logGet(43)) - raft.server.log.force.sync.num = 128 (default)
2019-09-20 10:24:56,991 [pool-262-thread-1] INFO  server.RaftServerConfigKeys (ConfUtils.java:logGet(43)) - raft.server.log.statemachine.data.sync = true (default)
2019-09-20 10:24:56,992 [pool-262-thread-1] INFO  server.RaftServerConfigKeys (ConfUtils.java:logGet(43)) - raft.server.log.statemachine.data.sync.timeout = 10s (default)
2019-09-20 10:24:56,992 [pool-262-thread-1] INFO  server.RaftServerConfigKeys (ConfUtils.java:logGet(43)) - raft.server.log.statemachine.data.sync.timeout.retry = -1 (default)
2019-09-20 10:24:56,992 [pool-262-thread-1] INFO  server.RaftServerConfigKeys (ConfUtils.java:logGet(43)) - raft.server.log.statemachine.data.caching.enabled = true (custom)
2019-09-20 10:24:56,992 [pool-262-thread-1] INFO  segmented.SegmentedRaftLogWorker (SegmentedRaftLogWorker.java:lambda$new$0(132)) - b5962e8e-c9f1-48aa-8eb4-d8f74b8afdbe-SegmentedRaftLogWorker:Storage Directory /workdir/hadoop-ozone/integration-test/target/test-dir/MiniOzoneClusterImpl-806821b2-061b-4172-afaf-fb68ff5248bd/datanode-4/data/ratis/1c092731-1da3-4de9-b9bf-900160021207: flushIndex: setUnconditionally 0 -> -1
2019-09-20 10:24:56,993 [pool-262-thread-1] INFO  server.RaftServerConfigKeys (ConfUtils.java:logGet(43)) - raft.server.snapshot.auto.trigger.enabled = true (custom)
2019-09-20 10:24:56,993 [pool-262-thread-1] INFO  server.RaftServerConfigKeys (ConfUtils.java:logGet(43)) - raft.server.snapshot.auto.trigger.threshold = 10000 (custom)
2019-09-20 10:24:56,993 [pool-262-thread-1] INFO  server.RaftServerConfigKeys (ConfUtils.java:logGet(43)) - raft.server.retrycache.expirytime = 600000ms (custom)
2019-09-20 10:24:56,993 [pool-262-thread-1] INFO  impl.RaftServerImpl (RaftServerImpl.java:start(180)) - b5962e8e-c9f1-48aa-8eb4-d8f74b8afdbe: start group-900160021207
2019-09-20 10:24:56,993 [pool-262-thread-1] INFO  impl.RaftServerImpl (RaftServerImpl.java:setRole(171)) - b5962e8e-c9f1-48aa-8eb4-d8f74b8afdbe:group-900160021207 changes role from null to FOLLOWER at term 0 for startAsFollower
2019-09-20 10:24:56,994 [pool-262-thread-1] INFO  impl.RoleInfo (RoleInfo.java:updateAndGet(143)) - b5962e8e-c9f1-48aa-8eb4-d8f74b8afdbe: start FollowerState
2019-09-20 10:24:56,994 [pool-262-thread-1] INFO  util.JmxRegister (JmxRegister.java:tryRegister(44)) - Successfully registered JMX Bean with object name Ratis:service=RaftServer,group=group-900160021207,id=b5962e8e-c9f1-48aa-8eb4-d8f74b8afdbe
2019-09-20 10:24:56,997 [RatisPipelineUtilsThread] INFO  pipeline.PipelineStateManager (PipelineStateManager.java:addPipeline(56)) - Created pipeline Pipeline[ Id: 1c092731-1da3-4de9-b9bf-900160021207, Nodes: b5962e8e-c9f1-48aa-8eb4-d8f74b8afdbe{ip: 192.168.36.99, host: pr-hdds-1569-p5fx8-1226042367, networkLocation: /default-rack, certSerialId: null}, Type:RATIS, Factor:ONE, State:OPEN]
2019-09-20 10:24:56,998 [RatisPipelineUtilsThread] INFO  pipeline.PipelinePlacementPolicy (PipelinePlacementPolicy.java:meetCriteria(91)) - Pipeline Placement: Doesn't meet the criteria to be viable node： 136f1953-bb94-4097-a2d4-422a6782bee0 Heaviness: 6 limit: 5
2019-09-20 10:24:56,998 [RatisPipelineUtilsThread] INFO  pipeline.PipelinePlacementPolicy (PipelinePlacementPolicy.java:meetCriteria(91)) - Pipeline Placement: Doesn't meet the criteria to be viable node： 61649f92-8c0f-475a-818d-1064548aeef6 Heaviness: 6 limit: 5
2019-09-20 10:24:56,998 [RatisPipelineUtilsThread] INFO  pipeline.PipelinePlacementPolicy (PipelinePlacementPolicy.java:meetCriteria(91)) - Pipeline Placement: Doesn't meet the criteria to be viable node： e8013689-2f13-4aaf-8a03-99f419c430ec Heaviness: 6 limit: 5
2019-09-20 10:24:56,998 [RatisPipelineUtilsThread] INFO  pipeline.PipelinePlacementPolicy (PipelinePlacementPolicy.java:meetCriteria(91)) - Pipeline Placement: Doesn't meet the criteria to be viable node： cff8bf6b-8d20-4327-9f29-08a3c2b49247 Heaviness: 6 limit: 5
2019-09-20 10:24:57,004 [grpc-default-executor-4] INFO  impl.RaftServerProxy (RaftServerProxy.java:addNew(89)) - bb8f5112-316d-4974-a5a6-f698f3fbb5be: addNew group-7A5798921CF6:[bb8f5112-316d-4974-a5a6-f698f3fbb5be:192.168.36.99:38352] returns group-7A5798921CF6:java.util.concurrent.CompletableFuture@4278c506[Not completed]
2019-09-20 10:24:57,006 [pool-273-thread-1] INFO  impl.RaftServerImpl (RaftServerImpl.java:<init>(93)) - bb8f5112-316d-4974-a5a6-f698f3fbb5be: new RaftServerImpl for group-7A5798921CF6:[bb8f5112-316d-4974-a5a6-f698f3fbb5be:192.168.36.99:38352] with ContainerStateMachine:uninitialized
2019-09-20 10:24:57,006 [pool-273-thread-1] INFO  server.RaftServerConfigKeys (ConfUtils.java:logGet(43)) - raft.server.rpc.timeout.min = 5s (custom)
2019-09-20 10:24:57,006 [pool-273-thread-1] INFO  server.RaftServerConfigKeys (ConfUtils.java:logGet(43)) - raft.server.rpc.timeout.max = 5200ms (custom)
2019-09-20 10:24:57,006 [pool-273-thread-1] INFO  server.RaftServerConfigKeys (ConfUtils.java:logGet(43)) - raft.server.rpcslowness.timeout = 120s (custom)
2019-09-20 10:24:57,007 [pool-273-thread-1] INFO  server.RaftServerConfigKeys (ConfUtils.java:logGet(43)) - raft.server.sleep.deviation.threshold = 300 (default)
2019-09-20 10:24:57,007 [pool-273-thread-1] INFO  server.RaftServerConfigKeys (ConfUtils.java:logGet(43)) - raft.server.log.appender.install.snapshot.enabled = false (custom)
2019-09-20 10:24:57,007 [pool-273-thread-1] INFO  impl.RaftServerImpl (ServerState.java:<init>(105)) - bb8f5112-316d-4974-a5a6-f698f3fbb5be:group-7A5798921CF6 ConfigurationManager, init=-1: [bb8f5112-316d-4974-a5a6-f698f3fbb5be:192.168.36.99:38352], old=null, confs=<EMPTY_MAP>
2019-09-20 10:24:57,007 [pool-273-thread-1] INFO  server.RaftServerConfigKeys (ConfUtils.java:logGet(43)) - raft.server.storage.dir = [/workdir/hadoop-ozone/integration-test/target/test-dir/MiniOzoneClusterImpl-806821b2-061b-4172-afaf-fb68ff5248bd/datanode-5/data/ratis] (custom)
2019-09-20 10:24:57,007 [pool-273-thread-1] INFO  storage.RaftStorageDirectory (RaftStorageDirectory.java:analyzeStorage(246)) - The storage directory /workdir/hadoop-ozone/integration-test/target/test-dir/MiniOzoneClusterImpl-806821b2-061b-4172-afaf-fb68ff5248bd/datanode-5/data/ratis/a507a5b9-5e34-42b7-a73c-7a5798921cf6 does not exist. Creating ...
2019-09-20 10:24:57,055 [pool-273-thread-1] INFO  storage.RaftStorageDirectory (RaftStorageDirectory.java:tryLock(328)) - Lock on /workdir/hadoop-ozone/integration-test/target/test-dir/MiniOzoneClusterImpl-806821b2-061b-4172-afaf-fb68ff5248bd/datanode-5/data/ratis/a507a5b9-5e34-42b7-a73c-7a5798921cf6/in_use.lock acquired by nodename 28506@pr-hdds-1569-p5fx8-1226042367
2019-09-20 10:24:57,106 [pool-273-thread-1] INFO  storage.RaftStorage (RaftStorage.java:format(72)) - Storage directory /workdir/hadoop-ozone/integration-test/target/test-dir/MiniOzoneClusterImpl-806821b2-061b-4172-afaf-fb68ff5248bd/datanode-5/data/ratis/a507a5b9-5e34-42b7-a73c-7a5798921cf6 has been successfully formatted.
2019-09-20 10:24:57,106 [pool-273-thread-1] INFO  ratis.ContainerStateMachine (ContainerStateMachine.java:loadSnapshot(226)) - group-7A5798921CF6: The snapshot info is null. Setting the last applied indexto:(t:0, i:~)
2019-09-20 10:24:57,107 [pool-273-thread-1] INFO  server.RaftServerConfigKeys (ConfUtils.java:logGet(43)) - raft.server.leader.election.timeout = 120s (custom)
2019-09-20 10:24:57,107 [pool-273-thread-1] INFO  server.RaftServerConfigKeys (ConfUtils.java:logGet(43)) - raft.server.log.use.memory = false (default)
2019-09-20 10:24:57,107 [pool-273-thread-1] INFO  server.RaftServerConfigKeys (ConfUtils.java:logGet(43)) - raft.server.log.purge.gap = 1000000 (custom)
2019-09-20 10:24:57,107 [pool-273-thread-1] INFO  server.RaftServerConfigKeys (ConfUtils.java:logGet(43)) - raft.server.log.appender.buffer.byte-limit = 33554432 (custom)
2019-09-20 10:24:57,107 [pool-273-thread-1] INFO  server.RaftServerConfigKeys (ConfUtils.java:logGet(43)) - raft.server.log.segment.size.max = 1048576 (custom)
2019-09-20 10:24:57,108 [pool-273-thread-1] INFO  server.RaftServerConfigKeys (ConfUtils.java:logGet(43)) - raft.server.log.segment.cache.num.max = 2 (custom)
2019-09-20 10:24:57,108 [pool-273-thread-1] INFO  segmented.SegmentedRaftLogWorker (SegmentedRaftLogWorker.java:<init>(172)) - new bb8f5112-316d-4974-a5a6-f698f3fbb5be-SegmentedRaftLogWorker:Storage Directory /workdir/hadoop-ozone/integration-test/target/test-dir/MiniOzoneClusterImpl-806821b2-061b-4172-afaf-fb68ff5248bd/datanode-5/data/ratis/a507a5b9-5e34-42b7-a73c-7a5798921cf6 for RaftStorage:Storage Directory /workdir/hadoop-ozone/integration-test/target/test-dir/MiniOzoneClusterImpl-806821b2-061b-4172-afaf-fb68ff5248bd/datanode-5/data/ratis/a507a5b9-5e34-42b7-a73c-7a5798921cf6
2019-09-20 10:24:57,108 [pool-273-thread-1] INFO  server.RaftServerConfigKeys (ConfUtils.java:logGet(43)) - raft.server.log.queue.byte-limit = 2147483647 (custom)
2019-09-20 10:24:57,108 [pool-273-thread-1] INFO  server.RaftServerConfigKeys (ConfUtils.java:logGet(43)) - raft.server.log.queue.element-limit = 1024 (custom)
2019-09-20 10:24:57,108 [pool-273-thread-1] INFO  server.RaftServerConfigKeys (ConfUtils.java:logGet(43)) - raft.server.log.segment.size.max = 1048576 (custom)
2019-09-20 10:24:57,108 [pool-273-thread-1] INFO  server.RaftServerConfigKeys (ConfUtils.java:logGet(43)) - raft.server.log.preallocated.size = 16384 (custom)
2019-09-20 10:24:57,109 [pool-273-thread-1] INFO  server.RaftServerConfigKeys (ConfUtils.java:logGet(43)) - raft.server.log.write.buffer.size = 33554432 (custom)
2019-09-20 10:24:57,109 [pool-273-thread-1] INFO  server.RaftServerConfigKeys (ConfUtils.java:logGet(43)) - raft.server.log.force.sync.num = 128 (default)
2019-09-20 10:24:57,109 [pool-273-thread-1] INFO  server.RaftServerConfigKeys (ConfUtils.java:logGet(43)) - raft.server.log.statemachine.data.sync = true (default)
2019-09-20 10:24:57,109 [pool-273-thread-1] INFO  server.RaftServerConfigKeys (ConfUtils.java:logGet(43)) - raft.server.log.statemachine.data.sync.timeout = 10s (default)
2019-09-20 10:24:57,109 [pool-273-thread-1] INFO  server.RaftServerConfigKeys (ConfUtils.java:logGet(43)) - raft.server.log.statemachine.data.sync.timeout.retry = -1 (default)
2019-09-20 10:24:57,109 [pool-273-thread-1] INFO  server.RaftServerConfigKeys (ConfUtils.java:logGet(43)) - raft.server.log.statemachine.data.caching.enabled = true (custom)
2019-09-20 10:24:57,110 [pool-273-thread-1] INFO  segmented.SegmentedRaftLogWorker (SegmentedRaftLogWorker.java:lambda$new$0(132)) - bb8f5112-316d-4974-a5a6-f698f3fbb5be-SegmentedRaftLogWorker:Storage Directory /workdir/hadoop-ozone/integration-test/target/test-dir/MiniOzoneClusterImpl-806821b2-061b-4172-afaf-fb68ff5248bd/datanode-5/data/ratis/a507a5b9-5e34-42b7-a73c-7a5798921cf6: flushIndex: setUnconditionally 0 -> -1
2019-09-20 10:24:57,110 [pool-273-thread-1] INFO  server.RaftServerConfigKeys (ConfUtils.java:logGet(43)) - raft.server.snapshot.auto.trigger.enabled = true (custom)
2019-09-20 10:24:57,110 [pool-273-thread-1] INFO  server.RaftServerConfigKeys (ConfUtils.java:logGet(43)) - raft.server.snapshot.auto.trigger.threshold = 10000 (custom)
2019-09-20 10:24:57,111 [pool-273-thread-1] INFO  server.RaftServerConfigKeys (ConfUtils.java:logGet(43)) - raft.server.retrycache.expirytime = 600000ms (custom)
2019-09-20 10:24:57,111 [pool-273-thread-1] INFO  impl.RaftServerImpl (RaftServerImpl.java:start(180)) - bb8f5112-316d-4974-a5a6-f698f3fbb5be: start group-7A5798921CF6
2019-09-20 10:24:57,111 [pool-273-thread-1] INFO  impl.RaftServerImpl (RaftServerImpl.java:setRole(171)) - bb8f5112-316d-4974-a5a6-f698f3fbb5be:group-7A5798921CF6 changes role from null to FOLLOWER at term 0 for startAsFollower
2019-09-20 10:24:57,111 [pool-273-thread-1] INFO  impl.RoleInfo (RoleInfo.java:updateAndGet(143)) - bb8f5112-316d-4974-a5a6-f698f3fbb5be: start FollowerState
2019-09-20 10:24:57,112 [pool-273-thread-1] INFO  util.JmxRegister (JmxRegister.java:tryRegister(44)) - Successfully registered JMX Bean with object name Ratis:service=RaftServer,group=group-7A5798921CF6,id=bb8f5112-316d-4974-a5a6-f698f3fbb5be
2019-09-20 10:24:57,115 [RatisPipelineUtilsThread] INFO  pipeline.PipelineStateManager (PipelineStateManager.java:addPipeline(56)) - Created pipeline Pipeline[ Id: a507a5b9-5e34-42b7-a73c-7a5798921cf6, Nodes: bb8f5112-316d-4974-a5a6-f698f3fbb5be{ip: 192.168.36.99, host: pr-hdds-1569-p5fx8-1226042367, networkLocation: /default-rack, certSerialId: null}, Type:RATIS, Factor:ONE, State:OPEN]
2019-09-20 10:24:57,116 [RatisPipelineUtilsThread] INFO  pipeline.PipelinePlacementPolicy (PipelinePlacementPolicy.java:meetCriteria(91)) - Pipeline Placement: Doesn't meet the criteria to be viable node： 136f1953-bb94-4097-a2d4-422a6782bee0 Heaviness: 6 limit: 5
2019-09-20 10:24:57,116 [RatisPipelineUtilsThread] INFO  pipeline.PipelinePlacementPolicy (PipelinePlacementPolicy.java:meetCriteria(91)) - Pipeline Placement: Doesn't meet the criteria to be viable node： 61649f92-8c0f-475a-818d-1064548aeef6 Heaviness: 6 limit: 5
2019-09-20 10:24:57,116 [RatisPipelineUtilsThread] INFO  pipeline.PipelinePlacementPolicy (PipelinePlacementPolicy.java:meetCriteria(91)) - Pipeline Placement: Doesn't meet the criteria to be viable node： e8013689-2f13-4aaf-8a03-99f419c430ec Heaviness: 6 limit: 5
2019-09-20 10:24:57,116 [RatisPipelineUtilsThread] INFO  pipeline.PipelinePlacementPolicy (PipelinePlacementPolicy.java:meetCriteria(91)) - Pipeline Placement: Doesn't meet the criteria to be viable node： cff8bf6b-8d20-4327-9f29-08a3c2b49247 Heaviness: 6 limit: 5
2019-09-20 10:24:57,122 [grpc-default-executor-4] INFO  impl.RaftServerProxy (RaftServerProxy.java:addNew(89)) - b5962e8e-c9f1-48aa-8eb4-d8f74b8afdbe: addNew group-66792EEE1340:[b5962e8e-c9f1-48aa-8eb4-d8f74b8afdbe:192.168.36.99:39222] returns group-66792EEE1340:java.util.concurrent.CompletableFuture@7e7dc9da[Not completed]
2019-09-20 10:24:57,123 [pool-262-thread-1] INFO  impl.RaftServerImpl (RaftServerImpl.java:<init>(93)) - b5962e8e-c9f1-48aa-8eb4-d8f74b8afdbe: new RaftServerImpl for group-66792EEE1340:[b5962e8e-c9f1-48aa-8eb4-d8f74b8afdbe:192.168.36.99:39222] with ContainerStateMachine:uninitialized
2019-09-20 10:24:57,123 [pool-262-thread-1] INFO  server.RaftServerConfigKeys (ConfUtils.java:logGet(43)) - raft.server.rpc.timeout.min = 5s (custom)
2019-09-20 10:24:57,124 [pool-262-thread-1] INFO  server.RaftServerConfigKeys (ConfUtils.java:logGet(43)) - raft.server.rpc.timeout.max = 5200ms (custom)
2019-09-20 10:24:57,124 [pool-262-thread-1] INFO  server.RaftServerConfigKeys (ConfUtils.java:logGet(43)) - raft.server.rpcslowness.timeout = 120s (custom)
2019-09-20 10:24:57,124 [pool-262-thread-1] INFO  server.RaftServerConfigKeys (ConfUtils.java:logGet(43)) - raft.server.sleep.deviation.threshold = 300 (default)
2019-09-20 10:24:57,124 [pool-262-thread-1] INFO  server.RaftServerConfigKeys (ConfUtils.java:logGet(43)) - raft.server.log.appender.install.snapshot.enabled = false (custom)
2019-09-20 10:24:57,124 [pool-262-thread-1] INFO  impl.RaftServerImpl (ServerState.java:<init>(105)) - b5962e8e-c9f1-48aa-8eb4-d8f74b8afdbe:group-66792EEE1340 ConfigurationManager, init=-1: [b5962e8e-c9f1-48aa-8eb4-d8f74b8afdbe:192.168.36.99:39222], old=null, confs=<EMPTY_MAP>
2019-09-20 10:24:57,124 [pool-262-thread-1] INFO  server.RaftServerConfigKeys (ConfUtils.java:logGet(43)) - raft.server.storage.dir = [/workdir/hadoop-ozone/integration-test/target/test-dir/MiniOzoneClusterImpl-806821b2-061b-4172-afaf-fb68ff5248bd/datanode-4/data/ratis] (custom)
2019-09-20 10:24:57,125 [pool-262-thread-1] INFO  storage.RaftStorageDirectory (RaftStorageDirectory.java:analyzeStorage(246)) - The storage directory /workdir/hadoop-ozone/integration-test/target/test-dir/MiniOzoneClusterImpl-806821b2-061b-4172-afaf-fb68ff5248bd/datanode-4/data/ratis/3e56b3b8-13b0-4630-9f02-66792eee1340 does not exist. Creating ...
2019-09-20 10:24:57,148 [pool-262-thread-1] INFO  storage.RaftStorageDirectory (RaftStorageDirectory.java:tryLock(328)) - Lock on /workdir/hadoop-ozone/integration-test/target/test-dir/MiniOzoneClusterImpl-806821b2-061b-4172-afaf-fb68ff5248bd/datanode-4/data/ratis/3e56b3b8-13b0-4630-9f02-66792eee1340/in_use.lock acquired by nodename 28506@pr-hdds-1569-p5fx8-1226042367
2019-09-20 10:24:57,165 [pool-262-thread-1] INFO  storage.RaftStorage (RaftStorage.java:format(72)) - Storage directory /workdir/hadoop-ozone/integration-test/target/test-dir/MiniOzoneClusterImpl-806821b2-061b-4172-afaf-fb68ff5248bd/datanode-4/data/ratis/3e56b3b8-13b0-4630-9f02-66792eee1340 has been successfully formatted.
2019-09-20 10:24:57,165 [pool-262-thread-1] INFO  ratis.ContainerStateMachine (ContainerStateMachine.java:loadSnapshot(226)) - group-66792EEE1340: The snapshot info is null. Setting the last applied indexto:(t:0, i:~)
2019-09-20 10:24:57,166 [pool-262-thread-1] INFO  server.RaftServerConfigKeys (ConfUtils.java:logGet(43)) - raft.server.leader.election.timeout = 120s (custom)
2019-09-20 10:24:57,166 [pool-262-thread-1] INFO  server.RaftServerConfigKeys (ConfUtils.java:logGet(43)) - raft.server.log.use.memory = false (default)
2019-09-20 10:24:57,166 [pool-262-thread-1] INFO  server.RaftServerConfigKeys (ConfUtils.java:logGet(43)) - raft.server.log.purge.gap = 1000000 (custom)
2019-09-20 10:24:57,166 [pool-262-thread-1] INFO  server.RaftServerConfigKeys (ConfUtils.java:logGet(43)) - raft.server.log.appender.buffer.byte-limit = 33554432 (custom)
2019-09-20 10:24:57,166 [pool-262-thread-1] INFO  server.RaftServerConfigKeys (ConfUtils.java:logGet(43)) - raft.server.log.segment.size.max = 1048576 (custom)
2019-09-20 10:24:57,166 [pool-262-thread-1] INFO  server.RaftServerConfigKeys (ConfUtils.java:logGet(43)) - raft.server.log.segment.cache.num.max = 2 (custom)
2019-09-20 10:24:57,166 [pool-262-thread-1] INFO  segmented.SegmentedRaftLogWorker (SegmentedRaftLogWorker.java:<init>(172)) - new b5962e8e-c9f1-48aa-8eb4-d8f74b8afdbe-SegmentedRaftLogWorker:Storage Directory /workdir/hadoop-ozone/integration-test/target/test-dir/MiniOzoneClusterImpl-806821b2-061b-4172-afaf-fb68ff5248bd/datanode-4/data/ratis/3e56b3b8-13b0-4630-9f02-66792eee1340 for RaftStorage:Storage Directory /workdir/hadoop-ozone/integration-test/target/test-dir/MiniOzoneClusterImpl-806821b2-061b-4172-afaf-fb68ff5248bd/datanode-4/data/ratis/3e56b3b8-13b0-4630-9f02-66792eee1340
2019-09-20 10:24:57,167 [pool-262-thread-1] INFO  server.RaftServerConfigKeys (ConfUtils.java:logGet(43)) - raft.server.log.queue.byte-limit = 2147483647 (custom)
2019-09-20 10:24:57,167 [pool-262-thread-1] INFO  server.RaftServerConfigKeys (ConfUtils.java:logGet(43)) - raft.server.log.queue.element-limit = 1024 (custom)
2019-09-20 10:24:57,167 [pool-262-thread-1] INFO  server.RaftServerConfigKeys (ConfUtils.java:logGet(43)) - raft.server.log.segment.size.max = 1048576 (custom)
2019-09-20 10:24:57,167 [pool-262-thread-1] INFO  server.RaftServerConfigKeys (ConfUtils.java:logGet(43)) - raft.server.log.preallocated.size = 16384 (custom)
2019-09-20 10:24:57,167 [pool-262-thread-1] INFO  server.RaftServerConfigKeys (ConfUtils.java:logGet(43)) - raft.server.log.write.buffer.size = 33554432 (custom)
2019-09-20 10:24:57,167 [pool-262-thread-1] INFO  server.RaftServerConfigKeys (ConfUtils.java:logGet(43)) - raft.server.log.force.sync.num = 128 (default)
2019-09-20 10:24:57,167 [pool-262-thread-1] INFO  server.RaftServerConfigKeys (ConfUtils.java:logGet(43)) - raft.server.log.statemachine.data.sync = true (default)
2019-09-20 10:24:57,168 [pool-262-thread-1] INFO  server.RaftServerConfigKeys (ConfUtils.java:logGet(43)) - raft.server.log.statemachine.data.sync.timeout = 10s (default)
2019-09-20 10:24:57,168 | INFO  | SCMAudit | user=jenkins1000 | ip=192.168.36.99 | op=SEND_HEARTBEAT {datanodeUUID=136f1953-bb94-4097-a2d4-422a6782bee0, command=[]} | ret=SUCCESS |  
2019-09-20 10:24:57,168 [pool-262-thread-1] INFO  server.RaftServerConfigKeys (ConfUtils.java:logGet(43)) - raft.server.log.statemachine.data.sync.timeout.retry = -1 (default)
2019-09-20 10:24:57,168 [pool-262-thread-1] INFO  server.RaftServerConfigKeys (ConfUtils.java:logGet(43)) - raft.server.log.statemachine.data.caching.enabled = true (custom)
2019-09-20 10:24:57,168 [pool-262-thread-1] INFO  segmented.SegmentedRaftLogWorker (SegmentedRaftLogWorker.java:lambda$new$0(132)) - b5962e8e-c9f1-48aa-8eb4-d8f74b8afdbe-SegmentedRaftLogWorker:Storage Directory /workdir/hadoop-ozone/integration-test/target/test-dir/MiniOzoneClusterImpl-806821b2-061b-4172-afaf-fb68ff5248bd/datanode-4/data/ratis/3e56b3b8-13b0-4630-9f02-66792eee1340: flushIndex: setUnconditionally 0 -> -1
2019-09-20 10:24:57,169 [pool-262-thread-1] INFO  server.RaftServerConfigKeys (ConfUtils.java:logGet(43)) - raft.server.snapshot.auto.trigger.enabled = true (custom)
2019-09-20 10:24:57,169 [pool-262-thread-1] INFO  server.RaftServerConfigKeys (ConfUtils.java:logGet(43)) - raft.server.snapshot.auto.trigger.threshold = 10000 (custom)
2019-09-20 10:24:57,169 [pool-262-thread-1] INFO  server.RaftServerConfigKeys (ConfUtils.java:logGet(43)) - raft.server.retrycache.expirytime = 600000ms (custom)
2019-09-20 10:24:57,169 [pool-262-thread-1] INFO  impl.RaftServerImpl (RaftServerImpl.java:start(180)) - b5962e8e-c9f1-48aa-8eb4-d8f74b8afdbe: start group-66792EEE1340
2019-09-20 10:24:57,169 [pool-262-thread-1] INFO  impl.RaftServerImpl (RaftServerImpl.java:setRole(171)) - b5962e8e-c9f1-48aa-8eb4-d8f74b8afdbe:group-66792EEE1340 changes role from null to FOLLOWER at term 0 for startAsFollower
2019-09-20 10:24:57,169 [pool-262-thread-1] INFO  impl.RoleInfo (RoleInfo.java:updateAndGet(143)) - b5962e8e-c9f1-48aa-8eb4-d8f74b8afdbe: start FollowerState
2019-09-20 10:24:57,170 [pool-262-thread-1] INFO  util.JmxRegister (JmxRegister.java:tryRegister(44)) - Successfully registered JMX Bean with object name Ratis:service=RaftServer,group=group-66792EEE1340,id=b5962e8e-c9f1-48aa-8eb4-d8f74b8afdbe
2019-09-20 10:24:57,173 [RatisPipelineUtilsThread] INFO  pipeline.PipelineStateManager (PipelineStateManager.java:addPipeline(56)) - Created pipeline Pipeline[ Id: 3e56b3b8-13b0-4630-9f02-66792eee1340, Nodes: b5962e8e-c9f1-48aa-8eb4-d8f74b8afdbe{ip: 192.168.36.99, host: pr-hdds-1569-p5fx8-1226042367, networkLocation: /default-rack, certSerialId: null}, Type:RATIS, Factor:ONE, State:OPEN]
2019-09-20 10:24:57,173 [RatisPipelineUtilsThread] INFO  pipeline.PipelinePlacementPolicy (PipelinePlacementPolicy.java:meetCriteria(91)) - Pipeline Placement: Doesn't meet the criteria to be viable node： 136f1953-bb94-4097-a2d4-422a6782bee0 Heaviness: 6 limit: 5
2019-09-20 10:24:57,173 [RatisPipelineUtilsThread] INFO  pipeline.PipelinePlacementPolicy (PipelinePlacementPolicy.java:meetCriteria(91)) - Pipeline Placement: Doesn't meet the criteria to be viable node： 61649f92-8c0f-475a-818d-1064548aeef6 Heaviness: 6 limit: 5
2019-09-20 10:24:57,173 [RatisPipelineUtilsThread] INFO  pipeline.PipelinePlacementPolicy (PipelinePlacementPolicy.java:meetCriteria(91)) - Pipeline Placement: Doesn't meet the criteria to be viable node： e8013689-2f13-4aaf-8a03-99f419c430ec Heaviness: 6 limit: 5
2019-09-20 10:24:57,174 [RatisPipelineUtilsThread] INFO  pipeline.PipelinePlacementPolicy (PipelinePlacementPolicy.java:meetCriteria(91)) - Pipeline Placement: Doesn't meet the criteria to be viable node： cff8bf6b-8d20-4327-9f29-08a3c2b49247 Heaviness: 6 limit: 5
2019-09-20 10:24:57,179 [grpc-default-executor-4] INFO  impl.RaftServerProxy (RaftServerProxy.java:addNew(89)) - bb8f5112-316d-4974-a5a6-f698f3fbb5be: addNew group-60E02580B572:[bb8f5112-316d-4974-a5a6-f698f3fbb5be:192.168.36.99:38352] returns group-60E02580B572:java.util.concurrent.CompletableFuture@303d1ff6[Not completed]
2019-09-20 10:24:57,180 [pool-273-thread-1] INFO  impl.RaftServerImpl (RaftServerImpl.java:<init>(93)) - bb8f5112-316d-4974-a5a6-f698f3fbb5be: new RaftServerImpl for group-60E02580B572:[bb8f5112-316d-4974-a5a6-f698f3fbb5be:192.168.36.99:38352] with ContainerStateMachine:uninitialized
2019-09-20 10:24:57,180 [pool-273-thread-1] INFO  server.RaftServerConfigKeys (ConfUtils.java:logGet(43)) - raft.server.rpc.timeout.min = 5s (custom)
2019-09-20 10:24:57,180 [pool-273-thread-1] INFO  server.RaftServerConfigKeys (ConfUtils.java:logGet(43)) - raft.server.rpc.timeout.max = 5200ms (custom)
2019-09-20 10:24:57,181 [pool-273-thread-1] INFO  server.RaftServerConfigKeys (ConfUtils.java:logGet(43)) - raft.server.rpcslowness.timeout = 120s (custom)
2019-09-20 10:24:57,181 [pool-273-thread-1] INFO  server.RaftServerConfigKeys (ConfUtils.java:logGet(43)) - raft.server.sleep.deviation.threshold = 300 (default)
2019-09-20 10:24:57,181 [pool-273-thread-1] INFO  server.RaftServerConfigKeys (ConfUtils.java:logGet(43)) - raft.server.log.appender.install.snapshot.enabled = false (custom)
2019-09-20 10:24:57,181 [pool-273-thread-1] INFO  impl.RaftServerImpl (ServerState.java:<init>(105)) - bb8f5112-316d-4974-a5a6-f698f3fbb5be:group-60E02580B572 ConfigurationManager, init=-1: [bb8f5112-316d-4974-a5a6-f698f3fbb5be:192.168.36.99:38352], old=null, confs=<EMPTY_MAP>
2019-09-20 10:24:57,181 [pool-273-thread-1] INFO  server.RaftServerConfigKeys (ConfUtils.java:logGet(43)) - raft.server.storage.dir = [/workdir/hadoop-ozone/integration-test/target/test-dir/MiniOzoneClusterImpl-806821b2-061b-4172-afaf-fb68ff5248bd/datanode-5/data/ratis] (custom)
2019-09-20 10:24:57,182 [pool-273-thread-1] INFO  storage.RaftStorageDirectory (RaftStorageDirectory.java:analyzeStorage(246)) - The storage directory /workdir/hadoop-ozone/integration-test/target/test-dir/MiniOzoneClusterImpl-806821b2-061b-4172-afaf-fb68ff5248bd/datanode-5/data/ratis/2c0b8948-2465-4466-b44d-60e02580b572 does not exist. Creating ...
2019-09-20 10:24:57,199 [pool-273-thread-1] INFO  storage.RaftStorageDirectory (RaftStorageDirectory.java:tryLock(328)) - Lock on /workdir/hadoop-ozone/integration-test/target/test-dir/MiniOzoneClusterImpl-806821b2-061b-4172-afaf-fb68ff5248bd/datanode-5/data/ratis/2c0b8948-2465-4466-b44d-60e02580b572/in_use.lock acquired by nodename 28506@pr-hdds-1569-p5fx8-1226042367
2019-09-20 10:24:57,216 [pool-273-thread-1] INFO  storage.RaftStorage (RaftStorage.java:format(72)) - Storage directory /workdir/hadoop-ozone/integration-test/target/test-dir/MiniOzoneClusterImpl-806821b2-061b-4172-afaf-fb68ff5248bd/datanode-5/data/ratis/2c0b8948-2465-4466-b44d-60e02580b572 has been successfully formatted.
2019-09-20 10:24:57,216 [pool-273-thread-1] INFO  ratis.ContainerStateMachine (ContainerStateMachine.java:loadSnapshot(226)) - group-60E02580B572: The snapshot info is null. Setting the last applied indexto:(t:0, i:~)
2019-09-20 10:24:57,216 [pool-273-thread-1] INFO  server.RaftServerConfigKeys (ConfUtils.java:logGet(43)) - raft.server.leader.election.timeout = 120s (custom)
2019-09-20 10:24:57,217 [pool-273-thread-1] INFO  server.RaftServerConfigKeys (ConfUtils.java:logGet(43)) - raft.server.log.use.memory = false (default)
2019-09-20 10:24:57,217 [pool-273-thread-1] INFO  server.RaftServerConfigKeys (ConfUtils.java:logGet(43)) - raft.server.log.purge.gap = 1000000 (custom)
2019-09-20 10:24:57,217 [pool-273-thread-1] INFO  server.RaftServerConfigKeys (ConfUtils.java:logGet(43)) - raft.server.log.appender.buffer.byte-limit = 33554432 (custom)
2019-09-20 10:24:57,217 [pool-273-thread-1] INFO  server.RaftServerConfigKeys (ConfUtils.java:logGet(43)) - raft.server.log.segment.size.max = 1048576 (custom)
2019-09-20 10:24:57,217 [pool-273-thread-1] INFO  server.RaftServerConfigKeys (ConfUtils.java:logGet(43)) - raft.server.log.segment.cache.num.max = 2 (custom)
2019-09-20 10:24:57,218 [pool-273-thread-1] INFO  segmented.SegmentedRaftLogWorker (SegmentedRaftLogWorker.java:<init>(172)) - new bb8f5112-316d-4974-a5a6-f698f3fbb5be-SegmentedRaftLogWorker:Storage Directory /workdir/hadoop-ozone/integration-test/target/test-dir/MiniOzoneClusterImpl-806821b2-061b-4172-afaf-fb68ff5248bd/datanode-5/data/ratis/2c0b8948-2465-4466-b44d-60e02580b572 for RaftStorage:Storage Directory /workdir/hadoop-ozone/integration-test/target/test-dir/MiniOzoneClusterImpl-806821b2-061b-4172-afaf-fb68ff5248bd/datanode-5/data/ratis/2c0b8948-2465-4466-b44d-60e02580b572
2019-09-20 10:24:57,218 [pool-273-thread-1] INFO  server.RaftServerConfigKeys (ConfUtils.java:logGet(43)) - raft.server.log.queue.byte-limit = 2147483647 (custom)
2019-09-20 10:24:57,218 [pool-273-thread-1] INFO  server.RaftServerConfigKeys (ConfUtils.java:logGet(43)) - raft.server.log.queue.element-limit = 1024 (custom)
2019-09-20 10:24:57,218 [pool-273-thread-1] INFO  server.RaftServerConfigKeys (ConfUtils.java:logGet(43)) - raft.server.log.segment.size.max = 1048576 (custom)
2019-09-20 10:24:57,218 [pool-273-thread-1] INFO  server.RaftServerConfigKeys (ConfUtils.java:logGet(43)) - raft.server.log.preallocated.size = 16384 (custom)
2019-09-20 10:24:57,219 [pool-273-thread-1] INFO  server.RaftServerConfigKeys (ConfUtils.java:logGet(43)) - raft.server.log.write.buffer.size = 33554432 (custom)
2019-09-20 10:24:57,219 [pool-273-thread-1] INFO  server.RaftServerConfigKeys (ConfUtils.java:logGet(43)) - raft.server.log.force.sync.num = 128 (default)
2019-09-20 10:24:57,219 [pool-273-thread-1] INFO  server.RaftServerConfigKeys (ConfUtils.java:logGet(43)) - raft.server.log.statemachine.data.sync = true (default)
2019-09-20 10:24:57,219 [pool-273-thread-1] INFO  server.RaftServerConfigKeys (ConfUtils.java:logGet(43)) - raft.server.log.statemachine.data.sync.timeout = 10s (default)
2019-09-20 10:24:57,219 [pool-273-thread-1] INFO  server.RaftServerConfigKeys (ConfUtils.java:logGet(43)) - raft.server.log.statemachine.data.sync.timeout.retry = -1 (default)
2019-09-20 10:24:57,220 [pool-273-thread-1] INFO  server.RaftServerConfigKeys (ConfUtils.java:logGet(43)) - raft.server.log.statemachine.data.caching.enabled = true (custom)
2019-09-20 10:24:57,220 [pool-273-thread-1] INFO  segmented.SegmentedRaftLogWorker (SegmentedRaftLogWorker.java:lambda$new$0(132)) - bb8f5112-316d-4974-a5a6-f698f3fbb5be-SegmentedRaftLogWorker:Storage Directory /workdir/hadoop-ozone/integration-test/target/test-dir/MiniOzoneClusterImpl-806821b2-061b-4172-afaf-fb68ff5248bd/datanode-5/data/ratis/2c0b8948-2465-4466-b44d-60e02580b572: flushIndex: setUnconditionally 0 -> -1
2019-09-20 10:24:57,220 [pool-273-thread-1] INFO  server.RaftServerConfigKeys (ConfUtils.java:logGet(43)) - raft.server.snapshot.auto.trigger.enabled = true (custom)
2019-09-20 10:24:57,221 [pool-273-thread-1] INFO  server.RaftServerConfigKeys (ConfUtils.java:logGet(43)) - raft.server.snapshot.auto.trigger.threshold = 10000 (custom)
2019-09-20 10:24:57,221 [pool-273-thread-1] INFO  server.RaftServerConfigKeys (ConfUtils.java:logGet(43)) - raft.server.retrycache.expirytime = 600000ms (custom)
2019-09-20 10:24:57,221 [pool-273-thread-1] INFO  impl.RaftServerImpl (RaftServerImpl.java:start(180)) - bb8f5112-316d-4974-a5a6-f698f3fbb5be: start group-60E02580B572
2019-09-20 10:24:57,221 [pool-273-thread-1] INFO  impl.RaftServerImpl (RaftServerImpl.java:setRole(171)) - bb8f5112-316d-4974-a5a6-f698f3fbb5be:group-60E02580B572 changes role from null to FOLLOWER at term 0 for startAsFollower
2019-09-20 10:24:57,222 [pool-273-thread-1] INFO  impl.RoleInfo (RoleInfo.java:updateAndGet(143)) - bb8f5112-316d-4974-a5a6-f698f3fbb5be: start FollowerState
2019-09-20 10:24:57,222 [pool-273-thread-1] INFO  util.JmxRegister (JmxRegister.java:tryRegister(44)) - Successfully registered JMX Bean with object name Ratis:service=RaftServer,group=group-60E02580B572,id=bb8f5112-316d-4974-a5a6-f698f3fbb5be
2019-09-20 10:24:57,225 [RatisPipelineUtilsThread] INFO  pipeline.PipelineStateManager (PipelineStateManager.java:addPipeline(56)) - Created pipeline Pipeline[ Id: 2c0b8948-2465-4466-b44d-60e02580b572, Nodes: bb8f5112-316d-4974-a5a6-f698f3fbb5be{ip: 192.168.36.99, host: pr-hdds-1569-p5fx8-1226042367, networkLocation: /default-rack, certSerialId: null}, Type:RATIS, Factor:ONE, State:OPEN]
2019-09-20 10:24:57,225 [RatisPipelineUtilsThread] INFO  pipeline.PipelinePlacementPolicy (PipelinePlacementPolicy.java:meetCriteria(91)) - Pipeline Placement: Doesn't meet the criteria to be viable node： 136f1953-bb94-4097-a2d4-422a6782bee0 Heaviness: 6 limit: 5
2019-09-20 10:24:57,226 [RatisPipelineUtilsThread] INFO  pipeline.PipelinePlacementPolicy (PipelinePlacementPolicy.java:meetCriteria(91)) - Pipeline Placement: Doesn't meet the criteria to be viable node： 61649f92-8c0f-475a-818d-1064548aeef6 Heaviness: 6 limit: 5
2019-09-20 10:24:57,226 [RatisPipelineUtilsThread] INFO  pipeline.PipelinePlacementPolicy (PipelinePlacementPolicy.java:meetCriteria(91)) - Pipeline Placement: Doesn't meet the criteria to be viable node： e8013689-2f13-4aaf-8a03-99f419c430ec Heaviness: 6 limit: 5
2019-09-20 10:24:57,226 [RatisPipelineUtilsThread] INFO  pipeline.PipelinePlacementPolicy (PipelinePlacementPolicy.java:meetCriteria(91)) - Pipeline Placement: Doesn't meet the criteria to be viable node： cff8bf6b-8d20-4327-9f29-08a3c2b49247 Heaviness: 6 limit: 5
2019-09-20 10:24:57,243 [grpc-default-executor-4] INFO  impl.RaftServerProxy (RaftServerProxy.java:addNew(89)) - 99e70dd4-d763-4473-944c-c5628506dcf8: addNew group-56945867D80F:[99e70dd4-d763-4473-944c-c5628506dcf8:192.168.36.99:46869] returns group-56945867D80F:java.util.concurrent.CompletableFuture@4b956a2[Not completed]
2019-09-20 10:24:57,244 [pool-284-thread-1] INFO  impl.RaftServerImpl (RaftServerImpl.java:<init>(93)) - 99e70dd4-d763-4473-944c-c5628506dcf8: new RaftServerImpl for group-56945867D80F:[99e70dd4-d763-4473-944c-c5628506dcf8:192.168.36.99:46869] with ContainerStateMachine:uninitialized
2019-09-20 10:24:57,245 [pool-284-thread-1] INFO  server.RaftServerConfigKeys (ConfUtils.java:logGet(43)) - raft.server.rpc.timeout.min = 5s (custom)
2019-09-20 10:24:57,245 [pool-284-thread-1] INFO  server.RaftServerConfigKeys (ConfUtils.java:logGet(43)) - raft.server.rpc.timeout.max = 5200ms (custom)
2019-09-20 10:24:57,245 [pool-284-thread-1] INFO  server.RaftServerConfigKeys (ConfUtils.java:logGet(43)) - raft.server.rpcslowness.timeout = 120s (custom)
2019-09-20 10:24:57,245 [pool-284-thread-1] INFO  server.RaftServerConfigKeys (ConfUtils.java:logGet(43)) - raft.server.sleep.deviation.threshold = 300 (default)
2019-09-20 10:24:57,245 [pool-284-thread-1] INFO  server.RaftServerConfigKeys (ConfUtils.java:logGet(43)) - raft.server.log.appender.install.snapshot.enabled = false (custom)
2019-09-20 10:24:57,245 [pool-284-thread-1] INFO  impl.RaftServerImpl (ServerState.java:<init>(105)) - 99e70dd4-d763-4473-944c-c5628506dcf8:group-56945867D80F ConfigurationManager, init=-1: [99e70dd4-d763-4473-944c-c5628506dcf8:192.168.36.99:46869], old=null, confs=<EMPTY_MAP>
2019-09-20 10:24:57,246 [pool-284-thread-1] INFO  server.RaftServerConfigKeys (ConfUtils.java:logGet(43)) - raft.server.storage.dir = [/workdir/hadoop-ozone/integration-test/target/test-dir/MiniOzoneClusterImpl-806821b2-061b-4172-afaf-fb68ff5248bd/datanode-6/data/ratis] (custom)
2019-09-20 10:24:57,246 [pool-284-thread-1] INFO  storage.RaftStorageDirectory (RaftStorageDirectory.java:analyzeStorage(246)) - The storage directory /workdir/hadoop-ozone/integration-test/target/test-dir/MiniOzoneClusterImpl-806821b2-061b-4172-afaf-fb68ff5248bd/datanode-6/data/ratis/f78361ec-dd32-4323-9398-56945867d80f does not exist. Creating ...
2019-09-20 10:24:57,266 [pool-284-thread-1] INFO  storage.RaftStorageDirectory (RaftStorageDirectory.java:tryLock(328)) - Lock on /workdir/hadoop-ozone/integration-test/target/test-dir/MiniOzoneClusterImpl-806821b2-061b-4172-afaf-fb68ff5248bd/datanode-6/data/ratis/f78361ec-dd32-4323-9398-56945867d80f/in_use.lock acquired by nodename 28506@pr-hdds-1569-p5fx8-1226042367
2019-09-20 10:24:57,309 [pool-284-thread-1] INFO  storage.RaftStorage (RaftStorage.java:format(72)) - Storage directory /workdir/hadoop-ozone/integration-test/target/test-dir/MiniOzoneClusterImpl-806821b2-061b-4172-afaf-fb68ff5248bd/datanode-6/data/ratis/f78361ec-dd32-4323-9398-56945867d80f has been successfully formatted.
2019-09-20 10:24:57,310 [pool-284-thread-1] INFO  ratis.ContainerStateMachine (ContainerStateMachine.java:loadSnapshot(226)) - group-56945867D80F: The snapshot info is null. Setting the last applied indexto:(t:0, i:~)
2019-09-20 10:24:57,310 [pool-284-thread-1] INFO  server.RaftServerConfigKeys (ConfUtils.java:logGet(43)) - raft.server.leader.election.timeout = 120s (custom)
2019-09-20 10:24:57,310 [pool-284-thread-1] INFO  server.RaftServerConfigKeys (ConfUtils.java:logGet(43)) - raft.server.log.use.memory = false (default)
2019-09-20 10:24:57,310 [pool-284-thread-1] INFO  server.RaftServerConfigKeys (ConfUtils.java:logGet(43)) - raft.server.log.purge.gap = 1000000 (custom)
2019-09-20 10:24:57,310 [pool-284-thread-1] INFO  server.RaftServerConfigKeys (ConfUtils.java:logGet(43)) - raft.server.log.appender.buffer.byte-limit = 33554432 (custom)
2019-09-20 10:24:57,310 [pool-284-thread-1] INFO  server.RaftServerConfigKeys (ConfUtils.java:logGet(43)) - raft.server.log.segment.size.max = 1048576 (custom)
2019-09-20 10:24:57,310 [pool-284-thread-1] INFO  server.RaftServerConfigKeys (ConfUtils.java:logGet(43)) - raft.server.log.segment.cache.num.max = 2 (custom)
2019-09-20 10:24:57,311 [pool-284-thread-1] INFO  segmented.SegmentedRaftLogWorker (SegmentedRaftLogWorker.java:<init>(172)) - new 99e70dd4-d763-4473-944c-c5628506dcf8-SegmentedRaftLogWorker:Storage Directory /workdir/hadoop-ozone/integration-test/target/test-dir/MiniOzoneClusterImpl-806821b2-061b-4172-afaf-fb68ff5248bd/datanode-6/data/ratis/f78361ec-dd32-4323-9398-56945867d80f for RaftStorage:Storage Directory /workdir/hadoop-ozone/integration-test/target/test-dir/MiniOzoneClusterImpl-806821b2-061b-4172-afaf-fb68ff5248bd/datanode-6/data/ratis/f78361ec-dd32-4323-9398-56945867d80f
2019-09-20 10:24:57,311 [pool-284-thread-1] INFO  server.RaftServerConfigKeys (ConfUtils.java:logGet(43)) - raft.server.log.queue.byte-limit = 2147483647 (custom)
2019-09-20 10:24:57,311 [pool-284-thread-1] INFO  server.RaftServerConfigKeys (ConfUtils.java:logGet(43)) - raft.server.log.queue.element-limit = 1024 (custom)
2019-09-20 10:24:57,311 [pool-284-thread-1] INFO  server.RaftServerConfigKeys (ConfUtils.java:logGet(43)) - raft.server.log.segment.size.max = 1048576 (custom)
2019-09-20 10:24:57,312 [pool-284-thread-1] INFO  server.RaftServerConfigKeys (ConfUtils.java:logGet(43)) - raft.server.log.preallocated.size = 16384 (custom)
2019-09-20 10:24:57,312 [pool-284-thread-1] INFO  server.RaftServerConfigKeys (ConfUtils.java:logGet(43)) - raft.server.log.write.buffer.size = 33554432 (custom)
2019-09-20 10:24:57,312 [pool-284-thread-1] INFO  server.RaftServerConfigKeys (ConfUtils.java:logGet(43)) - raft.server.log.force.sync.num = 128 (default)
2019-09-20 10:24:57,312 [pool-284-thread-1] INFO  server.RaftServerConfigKeys (ConfUtils.java:logGet(43)) - raft.server.log.statemachine.data.sync = true (default)
2019-09-20 10:24:57,312 [pool-284-thread-1] INFO  server.RaftServerConfigKeys (ConfUtils.java:logGet(43)) - raft.server.log.statemachine.data.sync.timeout = 10s (default)
2019-09-20 10:24:57,312 [pool-284-thread-1] INFO  server.RaftServerConfigKeys (ConfUtils.java:logGet(43)) - raft.server.log.statemachine.data.sync.timeout.retry = -1 (default)
2019-09-20 10:24:57,313 [pool-284-thread-1] INFO  server.RaftServerConfigKeys (ConfUtils.java:logGet(43)) - raft.server.log.statemachine.data.caching.enabled = true (custom)
2019-09-20 10:24:57,313 [pool-284-thread-1] INFO  segmented.SegmentedRaftLogWorker (SegmentedRaftLogWorker.java:lambda$new$0(132)) - 99e70dd4-d763-4473-944c-c5628506dcf8-SegmentedRaftLogWorker:Storage Directory /workdir/hadoop-ozone/integration-test/target/test-dir/MiniOzoneClusterImpl-806821b2-061b-4172-afaf-fb68ff5248bd/datanode-6/data/ratis/f78361ec-dd32-4323-9398-56945867d80f: flushIndex: setUnconditionally 0 -> -1
2019-09-20 10:24:57,313 [pool-284-thread-1] INFO  server.RaftServerConfigKeys (ConfUtils.java:logGet(43)) - raft.server.snapshot.auto.trigger.enabled = true (custom)
2019-09-20 10:24:57,313 [pool-284-thread-1] INFO  server.RaftServerConfigKeys (ConfUtils.java:logGet(43)) - raft.server.snapshot.auto.trigger.threshold = 10000 (custom)
2019-09-20 10:24:57,314 [pool-284-thread-1] INFO  server.RaftServerConfigKeys (ConfUtils.java:logGet(43)) - raft.server.retrycache.expirytime = 600000ms (custom)
2019-09-20 10:24:57,314 [pool-284-thread-1] INFO  impl.RaftServerImpl (RaftServerImpl.java:start(180)) - 99e70dd4-d763-4473-944c-c5628506dcf8: start group-56945867D80F
2019-09-20 10:24:57,314 [pool-284-thread-1] INFO  impl.RaftServerImpl (RaftServerImpl.java:setRole(171)) - 99e70dd4-d763-4473-944c-c5628506dcf8:group-56945867D80F changes role from null to FOLLOWER at term 0 for startAsFollower
2019-09-20 10:24:57,314 [pool-284-thread-1] INFO  impl.RoleInfo (RoleInfo.java:updateAndGet(143)) - 99e70dd4-d763-4473-944c-c5628506dcf8: start FollowerState
2019-09-20 10:24:57,315 [pool-284-thread-1] INFO  util.JmxRegister (JmxRegister.java:tryRegister(44)) - Successfully registered JMX Bean with object name Ratis:service=RaftServer,group=group-56945867D80F,id=99e70dd4-d763-4473-944c-c5628506dcf8
2019-09-20 10:24:57,318 [RatisPipelineUtilsThread] INFO  pipeline.PipelineStateManager (PipelineStateManager.java:addPipeline(56)) - Created pipeline Pipeline[ Id: f78361ec-dd32-4323-9398-56945867d80f, Nodes: 99e70dd4-d763-4473-944c-c5628506dcf8{ip: 192.168.36.99, host: pr-hdds-1569-p5fx8-1226042367, networkLocation: /default-rack, certSerialId: null}, Type:RATIS, Factor:ONE, State:OPEN]
2019-09-20 10:24:57,319 [RatisPipelineUtilsThread] INFO  pipeline.PipelinePlacementPolicy (PipelinePlacementPolicy.java:meetCriteria(91)) - Pipeline Placement: Doesn't meet the criteria to be viable node： 136f1953-bb94-4097-a2d4-422a6782bee0 Heaviness: 6 limit: 5
2019-09-20 10:24:57,319 [RatisPipelineUtilsThread] INFO  pipeline.PipelinePlacementPolicy (PipelinePlacementPolicy.java:meetCriteria(91)) - Pipeline Placement: Doesn't meet the criteria to be viable node： 61649f92-8c0f-475a-818d-1064548aeef6 Heaviness: 6 limit: 5
2019-09-20 10:24:57,319 [RatisPipelineUtilsThread] INFO  pipeline.PipelinePlacementPolicy (PipelinePlacementPolicy.java:meetCriteria(91)) - Pipeline Placement: Doesn't meet the criteria to be viable node： e8013689-2f13-4aaf-8a03-99f419c430ec Heaviness: 6 limit: 5
2019-09-20 10:24:57,319 [RatisPipelineUtilsThread] INFO  pipeline.PipelinePlacementPolicy (PipelinePlacementPolicy.java:meetCriteria(91)) - Pipeline Placement: Doesn't meet the criteria to be viable node： cff8bf6b-8d20-4327-9f29-08a3c2b49247 Heaviness: 6 limit: 5
2019-09-20 10:24:57,325 [grpc-default-executor-4] INFO  impl.RaftServerProxy (RaftServerProxy.java:addNew(89)) - bb8f5112-316d-4974-a5a6-f698f3fbb5be: addNew group-EF2B7B4F9A5B:[bb8f5112-316d-4974-a5a6-f698f3fbb5be:192.168.36.99:38352] returns group-EF2B7B4F9A5B:java.util.concurrent.CompletableFuture@41ac35ee[Not completed]
2019-09-20 10:24:57,327 [pool-273-thread-1] INFO  impl.RaftServerImpl (RaftServerImpl.java:<init>(93)) - bb8f5112-316d-4974-a5a6-f698f3fbb5be: new RaftServerImpl for group-EF2B7B4F9A5B:[bb8f5112-316d-4974-a5a6-f698f3fbb5be:192.168.36.99:38352] with ContainerStateMachine:uninitialized
2019-09-20 10:24:57,327 [pool-273-thread-1] INFO  server.RaftServerConfigKeys (ConfUtils.java:logGet(43)) - raft.server.rpc.timeout.min = 5s (custom)
2019-09-20 10:24:57,327 [pool-273-thread-1] INFO  server.RaftServerConfigKeys (ConfUtils.java:logGet(43)) - raft.server.rpc.timeout.max = 5200ms (custom)
2019-09-20 10:24:57,327 [pool-273-thread-1] INFO  server.RaftServerConfigKeys (ConfUtils.java:logGet(43)) - raft.server.rpcslowness.timeout = 120s (custom)
2019-09-20 10:24:57,327 [pool-273-thread-1] INFO  server.RaftServerConfigKeys (ConfUtils.java:logGet(43)) - raft.server.sleep.deviation.threshold = 300 (default)
2019-09-20 10:24:57,327 [pool-273-thread-1] INFO  server.RaftServerConfigKeys (ConfUtils.java:logGet(43)) - raft.server.log.appender.install.snapshot.enabled = false (custom)
2019-09-20 10:24:57,328 [pool-273-thread-1] INFO  impl.RaftServerImpl (ServerState.java:<init>(105)) - bb8f5112-316d-4974-a5a6-f698f3fbb5be:group-EF2B7B4F9A5B ConfigurationManager, init=-1: [bb8f5112-316d-4974-a5a6-f698f3fbb5be:192.168.36.99:38352], old=null, confs=<EMPTY_MAP>
2019-09-20 10:24:57,328 [pool-273-thread-1] INFO  server.RaftServerConfigKeys (ConfUtils.java:logGet(43)) - raft.server.storage.dir = [/workdir/hadoop-ozone/integration-test/target/test-dir/MiniOzoneClusterImpl-806821b2-061b-4172-afaf-fb68ff5248bd/datanode-5/data/ratis] (custom)
2019-09-20 10:24:57,328 [pool-273-thread-1] INFO  storage.RaftStorageDirectory (RaftStorageDirectory.java:analyzeStorage(246)) - The storage directory /workdir/hadoop-ozone/integration-test/target/test-dir/MiniOzoneClusterImpl-806821b2-061b-4172-afaf-fb68ff5248bd/datanode-5/data/ratis/7594aa15-b11a-4322-8747-ef2b7b4f9a5b does not exist. Creating ...
2019-09-20 10:24:57,343 [pool-273-thread-1] INFO  storage.RaftStorageDirectory (RaftStorageDirectory.java:tryLock(328)) - Lock on /workdir/hadoop-ozone/integration-test/target/test-dir/MiniOzoneClusterImpl-806821b2-061b-4172-afaf-fb68ff5248bd/datanode-5/data/ratis/7594aa15-b11a-4322-8747-ef2b7b4f9a5b/in_use.lock acquired by nodename 28506@pr-hdds-1569-p5fx8-1226042367
2019-09-20 10:24:57,368 [pool-273-thread-1] INFO  storage.RaftStorage (RaftStorage.java:format(72)) - Storage directory /workdir/hadoop-ozone/integration-test/target/test-dir/MiniOzoneClusterImpl-806821b2-061b-4172-afaf-fb68ff5248bd/datanode-5/data/ratis/7594aa15-b11a-4322-8747-ef2b7b4f9a5b has been successfully formatted.
2019-09-20 10:24:57,369 [pool-273-thread-1] INFO  ratis.ContainerStateMachine (ContainerStateMachine.java:loadSnapshot(226)) - group-EF2B7B4F9A5B: The snapshot info is null. Setting the last applied indexto:(t:0, i:~)
2019-09-20 10:24:57,369 [pool-273-thread-1] INFO  server.RaftServerConfigKeys (ConfUtils.java:logGet(43)) - raft.server.leader.election.timeout = 120s (custom)
2019-09-20 10:24:57,369 [pool-273-thread-1] INFO  server.RaftServerConfigKeys (ConfUtils.java:logGet(43)) - raft.server.log.use.memory = false (default)
2019-09-20 10:24:57,369 [pool-273-thread-1] INFO  server.RaftServerConfigKeys (ConfUtils.java:logGet(43)) - raft.server.log.purge.gap = 1000000 (custom)
2019-09-20 10:24:57,369 [pool-273-thread-1] INFO  server.RaftServerConfigKeys (ConfUtils.java:logGet(43)) - raft.server.log.appender.buffer.byte-limit = 33554432 (custom)
2019-09-20 10:24:57,369 [pool-273-thread-1] INFO  server.RaftServerConfigKeys (ConfUtils.java:logGet(43)) - raft.server.log.segment.size.max = 1048576 (custom)
2019-09-20 10:24:57,370 [pool-273-thread-1] INFO  server.RaftServerConfigKeys (ConfUtils.java:logGet(43)) - raft.server.log.segment.cache.num.max = 2 (custom)
2019-09-20 10:24:57,370 [pool-273-thread-1] INFO  segmented.SegmentedRaftLogWorker (SegmentedRaftLogWorker.java:<init>(172)) - new bb8f5112-316d-4974-a5a6-f698f3fbb5be-SegmentedRaftLogWorker:Storage Directory /workdir/hadoop-ozone/integration-test/target/test-dir/MiniOzoneClusterImpl-806821b2-061b-4172-afaf-fb68ff5248bd/datanode-5/data/ratis/7594aa15-b11a-4322-8747-ef2b7b4f9a5b for RaftStorage:Storage Directory /workdir/hadoop-ozone/integration-test/target/test-dir/MiniOzoneClusterImpl-806821b2-061b-4172-afaf-fb68ff5248bd/datanode-5/data/ratis/7594aa15-b11a-4322-8747-ef2b7b4f9a5b
2019-09-20 10:24:57,370 [pool-273-thread-1] INFO  server.RaftServerConfigKeys (ConfUtils.java:logGet(43)) - raft.server.log.queue.byte-limit = 2147483647 (custom)
2019-09-20 10:24:57,370 [pool-273-thread-1] INFO  server.RaftServerConfigKeys (ConfUtils.java:logGet(43)) - raft.server.log.queue.element-limit = 1024 (custom)
2019-09-20 10:24:57,370 [pool-273-thread-1] INFO  server.RaftServerConfigKeys (ConfUtils.java:logGet(43)) - raft.server.log.segment.size.max = 1048576 (custom)
2019-09-20 10:24:57,371 [pool-273-thread-1] INFO  server.RaftServerConfigKeys (ConfUtils.java:logGet(43)) - raft.server.log.preallocated.size = 16384 (custom)
2019-09-20 10:24:57,371 [pool-273-thread-1] INFO  server.RaftServerConfigKeys (ConfUtils.java:logGet(43)) - raft.server.log.write.buffer.size = 33554432 (custom)
2019-09-20 10:24:57,371 [pool-273-thread-1] INFO  server.RaftServerConfigKeys (ConfUtils.java:logGet(43)) - raft.server.log.force.sync.num = 128 (default)
2019-09-20 10:24:57,371 [pool-273-thread-1] INFO  server.RaftServerConfigKeys (ConfUtils.java:logGet(43)) - raft.server.log.statemachine.data.sync = true (default)
2019-09-20 10:24:57,371 [pool-273-thread-1] INFO  server.RaftServerConfigKeys (ConfUtils.java:logGet(43)) - raft.server.log.statemachine.data.sync.timeout = 10s (default)
2019-09-20 10:24:57,371 [pool-273-thread-1] INFO  server.RaftServerConfigKeys (ConfUtils.java:logGet(43)) - raft.server.log.statemachine.data.sync.timeout.retry = -1 (default)
2019-09-20 10:24:57,372 [pool-273-thread-1] INFO  server.RaftServerConfigKeys (ConfUtils.java:logGet(43)) - raft.server.log.statemachine.data.caching.enabled = true (custom)
2019-09-20 10:24:57,372 [pool-273-thread-1] INFO  segmented.SegmentedRaftLogWorker (SegmentedRaftLogWorker.java:lambda$new$0(132)) - bb8f5112-316d-4974-a5a6-f698f3fbb5be-SegmentedRaftLogWorker:Storage Directory /workdir/hadoop-ozone/integration-test/target/test-dir/MiniOzoneClusterImpl-806821b2-061b-4172-afaf-fb68ff5248bd/datanode-5/data/ratis/7594aa15-b11a-4322-8747-ef2b7b4f9a5b: flushIndex: setUnconditionally 0 -> -1
2019-09-20 10:24:57,372 [pool-273-thread-1] INFO  server.RaftServerConfigKeys (ConfUtils.java:logGet(43)) - raft.server.snapshot.auto.trigger.enabled = true (custom)
2019-09-20 10:24:57,373 [pool-273-thread-1] INFO  server.RaftServerConfigKeys (ConfUtils.java:logGet(43)) - raft.server.snapshot.auto.trigger.threshold = 10000 (custom)
2019-09-20 10:24:57,373 [pool-273-thread-1] INFO  server.RaftServerConfigKeys (ConfUtils.java:logGet(43)) - raft.server.retrycache.expirytime = 600000ms (custom)
2019-09-20 10:24:57,373 [pool-273-thread-1] INFO  impl.RaftServerImpl (RaftServerImpl.java:start(180)) - bb8f5112-316d-4974-a5a6-f698f3fbb5be: start group-EF2B7B4F9A5B
2019-09-20 10:24:57,373 [pool-273-thread-1] INFO  impl.RaftServerImpl (RaftServerImpl.java:setRole(171)) - bb8f5112-316d-4974-a5a6-f698f3fbb5be:group-EF2B7B4F9A5B changes role from null to FOLLOWER at term 0 for startAsFollower
2019-09-20 10:24:57,373 [pool-273-thread-1] INFO  impl.RoleInfo (RoleInfo.java:updateAndGet(143)) - bb8f5112-316d-4974-a5a6-f698f3fbb5be: start FollowerState
2019-09-20 10:24:57,374 [pool-273-thread-1] INFO  util.JmxRegister (JmxRegister.java:tryRegister(44)) - Successfully registered JMX Bean with object name Ratis:service=RaftServer,group=group-EF2B7B4F9A5B,id=bb8f5112-316d-4974-a5a6-f698f3fbb5be
2019-09-20 10:24:57,377 [RatisPipelineUtilsThread] INFO  pipeline.PipelineStateManager (PipelineStateManager.java:addPipeline(56)) - Created pipeline Pipeline[ Id: 7594aa15-b11a-4322-8747-ef2b7b4f9a5b, Nodes: bb8f5112-316d-4974-a5a6-f698f3fbb5be{ip: 192.168.36.99, host: pr-hdds-1569-p5fx8-1226042367, networkLocation: /default-rack, certSerialId: null}, Type:RATIS, Factor:ONE, State:OPEN]
2019-09-20 10:24:57,377 [RatisPipelineUtilsThread] INFO  pipeline.PipelinePlacementPolicy (PipelinePlacementPolicy.java:meetCriteria(91)) - Pipeline Placement: Doesn't meet the criteria to be viable node： 136f1953-bb94-4097-a2d4-422a6782bee0 Heaviness: 6 limit: 5
2019-09-20 10:24:57,377 [RatisPipelineUtilsThread] INFO  pipeline.PipelinePlacementPolicy (PipelinePlacementPolicy.java:meetCriteria(91)) - Pipeline Placement: Doesn't meet the criteria to be viable node： 61649f92-8c0f-475a-818d-1064548aeef6 Heaviness: 6 limit: 5
2019-09-20 10:24:57,377 [RatisPipelineUtilsThread] INFO  pipeline.PipelinePlacementPolicy (PipelinePlacementPolicy.java:meetCriteria(91)) - Pipeline Placement: Doesn't meet the criteria to be viable node： e8013689-2f13-4aaf-8a03-99f419c430ec Heaviness: 6 limit: 5
2019-09-20 10:24:57,378 [RatisPipelineUtilsThread] INFO  pipeline.PipelinePlacementPolicy (PipelinePlacementPolicy.java:meetCriteria(91)) - Pipeline Placement: Doesn't meet the criteria to be viable node： cff8bf6b-8d20-4327-9f29-08a3c2b49247 Heaviness: 6 limit: 5
2019-09-20 10:24:57,382 [grpc-default-executor-4] INFO  impl.RaftServerProxy (RaftServerProxy.java:addNew(89)) - b5962e8e-c9f1-48aa-8eb4-d8f74b8afdbe: addNew group-A03A25B01F56:[b5962e8e-c9f1-48aa-8eb4-d8f74b8afdbe:192.168.36.99:39222] returns group-A03A25B01F56:java.util.concurrent.CompletableFuture@1b70a7a6[Not completed]
2019-09-20 10:24:57,383 [pool-262-thread-1] INFO  impl.RaftServerImpl (RaftServerImpl.java:<init>(93)) - b5962e8e-c9f1-48aa-8eb4-d8f74b8afdbe: new RaftServerImpl for group-A03A25B01F56:[b5962e8e-c9f1-48aa-8eb4-d8f74b8afdbe:192.168.36.99:39222] with ContainerStateMachine:uninitialized
2019-09-20 10:24:57,384 [pool-262-thread-1] INFO  server.RaftServerConfigKeys (ConfUtils.java:logGet(43)) - raft.server.rpc.timeout.min = 5s (custom)
2019-09-20 10:24:57,384 [pool-262-thread-1] INFO  server.RaftServerConfigKeys (ConfUtils.java:logGet(43)) - raft.server.rpc.timeout.max = 5200ms (custom)
2019-09-20 10:24:57,384 [pool-262-thread-1] INFO  server.RaftServerConfigKeys (ConfUtils.java:logGet(43)) - raft.server.rpcslowness.timeout = 120s (custom)
2019-09-20 10:24:57,384 [pool-262-thread-1] INFO  server.RaftServerConfigKeys (ConfUtils.java:logGet(43)) - raft.server.sleep.deviation.threshold = 300 (default)
2019-09-20 10:24:57,384 [pool-262-thread-1] INFO  server.RaftServerConfigKeys (ConfUtils.java:logGet(43)) - raft.server.log.appender.install.snapshot.enabled = false (custom)
2019-09-20 10:24:57,384 [pool-262-thread-1] INFO  impl.RaftServerImpl (ServerState.java:<init>(105)) - b5962e8e-c9f1-48aa-8eb4-d8f74b8afdbe:group-A03A25B01F56 ConfigurationManager, init=-1: [b5962e8e-c9f1-48aa-8eb4-d8f74b8afdbe:192.168.36.99:39222], old=null, confs=<EMPTY_MAP>
2019-09-20 10:24:57,385 [pool-262-thread-1] INFO  server.RaftServerConfigKeys (ConfUtils.java:logGet(43)) - raft.server.storage.dir = [/workdir/hadoop-ozone/integration-test/target/test-dir/MiniOzoneClusterImpl-806821b2-061b-4172-afaf-fb68ff5248bd/datanode-4/data/ratis] (custom)
2019-09-20 10:24:57,385 [pool-262-thread-1] INFO  storage.RaftStorageDirectory (RaftStorageDirectory.java:analyzeStorage(246)) - The storage directory /workdir/hadoop-ozone/integration-test/target/test-dir/MiniOzoneClusterImpl-806821b2-061b-4172-afaf-fb68ff5248bd/datanode-4/data/ratis/4e6bf148-73e4-41c1-822e-a03a25b01f56 does not exist. Creating ...
2019-09-20 10:24:57,402 [pool-262-thread-1] INFO  storage.RaftStorageDirectory (RaftStorageDirectory.java:tryLock(328)) - Lock on /workdir/hadoop-ozone/integration-test/target/test-dir/MiniOzoneClusterImpl-806821b2-061b-4172-afaf-fb68ff5248bd/datanode-4/data/ratis/4e6bf148-73e4-41c1-822e-a03a25b01f56/in_use.lock acquired by nodename 28506@pr-hdds-1569-p5fx8-1226042367
2019-09-20 10:24:57,419 [pool-262-thread-1] INFO  storage.RaftStorage (RaftStorage.java:format(72)) - Storage directory /workdir/hadoop-ozone/integration-test/target/test-dir/MiniOzoneClusterImpl-806821b2-061b-4172-afaf-fb68ff5248bd/datanode-4/data/ratis/4e6bf148-73e4-41c1-822e-a03a25b01f56 has been successfully formatted.
2019-09-20 10:24:57,419 [pool-262-thread-1] INFO  ratis.ContainerStateMachine (ContainerStateMachine.java:loadSnapshot(226)) - group-A03A25B01F56: The snapshot info is null. Setting the last applied indexto:(t:0, i:~)
2019-09-20 10:24:57,419 [pool-262-thread-1] INFO  server.RaftServerConfigKeys (ConfUtils.java:logGet(43)) - raft.server.leader.election.timeout = 120s (custom)
2019-09-20 10:24:57,420 [pool-262-thread-1] INFO  server.RaftServerConfigKeys (ConfUtils.java:logGet(43)) - raft.server.log.use.memory = false (default)
2019-09-20 10:24:57,420 [pool-262-thread-1] INFO  server.RaftServerConfigKeys (ConfUtils.java:logGet(43)) - raft.server.log.purge.gap = 1000000 (custom)
2019-09-20 10:24:57,420 [pool-262-thread-1] INFO  server.RaftServerConfigKeys (ConfUtils.java:logGet(43)) - raft.server.log.appender.buffer.byte-limit = 33554432 (custom)
2019-09-20 10:24:57,420 [pool-262-thread-1] INFO  server.RaftServerConfigKeys (ConfUtils.java:logGet(43)) - raft.server.log.segment.size.max = 1048576 (custom)
2019-09-20 10:24:57,420 [pool-262-thread-1] INFO  server.RaftServerConfigKeys (ConfUtils.java:logGet(43)) - raft.server.log.segment.cache.num.max = 2 (custom)
2019-09-20 10:24:57,420 [pool-262-thread-1] INFO  segmented.SegmentedRaftLogWorker (SegmentedRaftLogWorker.java:<init>(172)) - new b5962e8e-c9f1-48aa-8eb4-d8f74b8afdbe-SegmentedRaftLogWorker:Storage Directory /workdir/hadoop-ozone/integration-test/target/test-dir/MiniOzoneClusterImpl-806821b2-061b-4172-afaf-fb68ff5248bd/datanode-4/data/ratis/4e6bf148-73e4-41c1-822e-a03a25b01f56 for RaftStorage:Storage Directory /workdir/hadoop-ozone/integration-test/target/test-dir/MiniOzoneClusterImpl-806821b2-061b-4172-afaf-fb68ff5248bd/datanode-4/data/ratis/4e6bf148-73e4-41c1-822e-a03a25b01f56
2019-09-20 10:24:57,421 [pool-262-thread-1] INFO  server.RaftServerConfigKeys (ConfUtils.java:logGet(43)) - raft.server.log.queue.byte-limit = 2147483647 (custom)
2019-09-20 10:24:57,421 [pool-262-thread-1] INFO  server.RaftServerConfigKeys (ConfUtils.java:logGet(43)) - raft.server.log.queue.element-limit = 1024 (custom)
2019-09-20 10:24:57,421 [pool-262-thread-1] INFO  server.RaftServerConfigKeys (ConfUtils.java:logGet(43)) - raft.server.log.segment.size.max = 1048576 (custom)
2019-09-20 10:24:57,421 [pool-262-thread-1] INFO  server.RaftServerConfigKeys (ConfUtils.java:logGet(43)) - raft.server.log.preallocated.size = 16384 (custom)
2019-09-20 10:24:57,421 [pool-262-thread-1] INFO  server.RaftServerConfigKeys (ConfUtils.java:logGet(43)) - raft.server.log.write.buffer.size = 33554432 (custom)
2019-09-20 10:24:57,421 [pool-262-thread-1] INFO  server.RaftServerConfigKeys (ConfUtils.java:logGet(43)) - raft.server.log.force.sync.num = 128 (default)
2019-09-20 10:24:57,422 [pool-262-thread-1] INFO  server.RaftServerConfigKeys (ConfUtils.java:logGet(43)) - raft.server.log.statemachine.data.sync = true (default)
2019-09-20 10:24:57,422 [pool-262-thread-1] INFO  server.RaftServerConfigKeys (ConfUtils.java:logGet(43)) - raft.server.log.statemachine.data.sync.timeout = 10s (default)
2019-09-20 10:24:57,422 [pool-262-thread-1] INFO  server.RaftServerConfigKeys (ConfUtils.java:logGet(43)) - raft.server.log.statemachine.data.sync.timeout.retry = -1 (default)
2019-09-20 10:24:57,422 [pool-262-thread-1] INFO  server.RaftServerConfigKeys (ConfUtils.java:logGet(43)) - raft.server.log.statemachine.data.caching.enabled = true (custom)
2019-09-20 10:24:57,422 [pool-262-thread-1] INFO  segmented.SegmentedRaftLogWorker (SegmentedRaftLogWorker.java:lambda$new$0(132)) - b5962e8e-c9f1-48aa-8eb4-d8f74b8afdbe-SegmentedRaftLogWorker:Storage Directory /workdir/hadoop-ozone/integration-test/target/test-dir/MiniOzoneClusterImpl-806821b2-061b-4172-afaf-fb68ff5248bd/datanode-4/data/ratis/4e6bf148-73e4-41c1-822e-a03a25b01f56: flushIndex: setUnconditionally 0 -> -1
2019-09-20 10:24:57,423 [pool-262-thread-1] INFO  server.RaftServerConfigKeys (ConfUtils.java:logGet(43)) - raft.server.snapshot.auto.trigger.enabled = true (custom)
2019-09-20 10:24:57,423 [pool-262-thread-1] INFO  server.RaftServerConfigKeys (ConfUtils.java:logGet(43)) - raft.server.snapshot.auto.trigger.threshold = 10000 (custom)
2019-09-20 10:24:57,423 [pool-262-thread-1] INFO  server.RaftServerConfigKeys (ConfUtils.java:logGet(43)) - raft.server.retrycache.expirytime = 600000ms (custom)
2019-09-20 10:24:57,423 [pool-262-thread-1] INFO  impl.RaftServerImpl (RaftServerImpl.java:start(180)) - b5962e8e-c9f1-48aa-8eb4-d8f74b8afdbe: start group-A03A25B01F56
2019-09-20 10:24:57,424 [pool-262-thread-1] INFO  impl.RaftServerImpl (RaftServerImpl.java:setRole(171)) - b5962e8e-c9f1-48aa-8eb4-d8f74b8afdbe:group-A03A25B01F56 changes role from null to FOLLOWER at term 0 for startAsFollower
2019-09-20 10:24:57,424 [pool-262-thread-1] INFO  impl.RoleInfo (RoleInfo.java:updateAndGet(143)) - b5962e8e-c9f1-48aa-8eb4-d8f74b8afdbe: start FollowerState
2019-09-20 10:24:57,424 [pool-262-thread-1] INFO  util.JmxRegister (JmxRegister.java:tryRegister(44)) - Successfully registered JMX Bean with object name Ratis:service=RaftServer,group=group-A03A25B01F56,id=b5962e8e-c9f1-48aa-8eb4-d8f74b8afdbe
2019-09-20 10:24:57,427 [RatisPipelineUtilsThread] INFO  pipeline.PipelineStateManager (PipelineStateManager.java:addPipeline(56)) - Created pipeline Pipeline[ Id: 4e6bf148-73e4-41c1-822e-a03a25b01f56, Nodes: b5962e8e-c9f1-48aa-8eb4-d8f74b8afdbe{ip: 192.168.36.99, host: pr-hdds-1569-p5fx8-1226042367, networkLocation: /default-rack, certSerialId: null}, Type:RATIS, Factor:ONE, State:OPEN]
2019-09-20 10:24:57,427 [RatisPipelineUtilsThread] INFO  pipeline.PipelinePlacementPolicy (PipelinePlacementPolicy.java:meetCriteria(91)) - Pipeline Placement: Doesn't meet the criteria to be viable node： 136f1953-bb94-4097-a2d4-422a6782bee0 Heaviness: 6 limit: 5
2019-09-20 10:24:57,428 [RatisPipelineUtilsThread] INFO  pipeline.PipelinePlacementPolicy (PipelinePlacementPolicy.java:meetCriteria(91)) - Pipeline Placement: Doesn't meet the criteria to be viable node： 61649f92-8c0f-475a-818d-1064548aeef6 Heaviness: 6 limit: 5
2019-09-20 10:24:57,428 [RatisPipelineUtilsThread] INFO  pipeline.PipelinePlacementPolicy (PipelinePlacementPolicy.java:meetCriteria(91)) - Pipeline Placement: Doesn't meet the criteria to be viable node： e8013689-2f13-4aaf-8a03-99f419c430ec Heaviness: 6 limit: 5
2019-09-20 10:24:57,428 [RatisPipelineUtilsThread] INFO  pipeline.PipelinePlacementPolicy (PipelinePlacementPolicy.java:meetCriteria(91)) - Pipeline Placement: Doesn't meet the criteria to be viable node： cff8bf6b-8d20-4327-9f29-08a3c2b49247 Heaviness: 6 limit: 5
2019-09-20 10:24:57,432 [grpc-default-executor-4] INFO  impl.RaftServerProxy (RaftServerProxy.java:addNew(89)) - bb8f5112-316d-4974-a5a6-f698f3fbb5be: addNew group-29F07B0353B5:[bb8f5112-316d-4974-a5a6-f698f3fbb5be:192.168.36.99:38352] returns group-29F07B0353B5:java.util.concurrent.CompletableFuture@7e6eca9d[Not completed]
2019-09-20 10:24:57,433 [pool-273-thread-1] INFO  impl.RaftServerImpl (RaftServerImpl.java:<init>(93)) - bb8f5112-316d-4974-a5a6-f698f3fbb5be: new RaftServerImpl for group-29F07B0353B5:[bb8f5112-316d-4974-a5a6-f698f3fbb5be:192.168.36.99:38352] with ContainerStateMachine:uninitialized
2019-09-20 10:24:57,434 [pool-273-thread-1] INFO  server.RaftServerConfigKeys (ConfUtils.java:logGet(43)) - raft.server.rpc.timeout.min = 5s (custom)
2019-09-20 10:24:57,434 [pool-273-thread-1] INFO  server.RaftServerConfigKeys (ConfUtils.java:logGet(43)) - raft.server.rpc.timeout.max = 5200ms (custom)
2019-09-20 10:24:57,434 [pool-273-thread-1] INFO  server.RaftServerConfigKeys (ConfUtils.java:logGet(43)) - raft.server.rpcslowness.timeout = 120s (custom)
2019-09-20 10:24:57,434 [pool-273-thread-1] INFO  server.RaftServerConfigKeys (ConfUtils.java:logGet(43)) - raft.server.sleep.deviation.threshold = 300 (default)
2019-09-20 10:24:57,434 [pool-273-thread-1] INFO  server.RaftServerConfigKeys (ConfUtils.java:logGet(43)) - raft.server.log.appender.install.snapshot.enabled = false (custom)
2019-09-20 10:24:57,434 [pool-273-thread-1] INFO  impl.RaftServerImpl (ServerState.java:<init>(105)) - bb8f5112-316d-4974-a5a6-f698f3fbb5be:group-29F07B0353B5 ConfigurationManager, init=-1: [bb8f5112-316d-4974-a5a6-f698f3fbb5be:192.168.36.99:38352], old=null, confs=<EMPTY_MAP>
2019-09-20 10:24:57,435 [pool-273-thread-1] INFO  server.RaftServerConfigKeys (ConfUtils.java:logGet(43)) - raft.server.storage.dir = [/workdir/hadoop-ozone/integration-test/target/test-dir/MiniOzoneClusterImpl-806821b2-061b-4172-afaf-fb68ff5248bd/datanode-5/data/ratis] (custom)
2019-09-20 10:24:57,435 [pool-273-thread-1] INFO  storage.RaftStorageDirectory (RaftStorageDirectory.java:analyzeStorage(246)) - The storage directory /workdir/hadoop-ozone/integration-test/target/test-dir/MiniOzoneClusterImpl-806821b2-061b-4172-afaf-fb68ff5248bd/datanode-5/data/ratis/be381889-a2b2-41b0-b2d7-29f07b0353b5 does not exist. Creating ...
2019-09-20 10:24:57,453 [pool-273-thread-1] INFO  storage.RaftStorageDirectory (RaftStorageDirectory.java:tryLock(328)) - Lock on /workdir/hadoop-ozone/integration-test/target/test-dir/MiniOzoneClusterImpl-806821b2-061b-4172-afaf-fb68ff5248bd/datanode-5/data/ratis/be381889-a2b2-41b0-b2d7-29f07b0353b5/in_use.lock acquired by nodename 28506@pr-hdds-1569-p5fx8-1226042367
2019-09-20 10:24:57,478 [pool-273-thread-1] INFO  storage.RaftStorage (RaftStorage.java:format(72)) - Storage directory /workdir/hadoop-ozone/integration-test/target/test-dir/MiniOzoneClusterImpl-806821b2-061b-4172-afaf-fb68ff5248bd/datanode-5/data/ratis/be381889-a2b2-41b0-b2d7-29f07b0353b5 has been successfully formatted.
2019-09-20 10:24:57,478 [pool-273-thread-1] INFO  ratis.ContainerStateMachine (ContainerStateMachine.java:loadSnapshot(226)) - group-29F07B0353B5: The snapshot info is null. Setting the last applied indexto:(t:0, i:~)
2019-09-20 10:24:57,479 [pool-273-thread-1] INFO  server.RaftServerConfigKeys (ConfUtils.java:logGet(43)) - raft.server.leader.election.timeout = 120s (custom)
2019-09-20 10:24:57,479 [pool-273-thread-1] INFO  server.RaftServerConfigKeys (ConfUtils.java:logGet(43)) - raft.server.log.use.memory = false (default)
2019-09-20 10:24:57,479 [pool-273-thread-1] INFO  server.RaftServerConfigKeys (ConfUtils.java:logGet(43)) - raft.server.log.purge.gap = 1000000 (custom)
2019-09-20 10:24:57,479 [pool-273-thread-1] INFO  server.RaftServerConfigKeys (ConfUtils.java:logGet(43)) - raft.server.log.appender.buffer.byte-limit = 33554432 (custom)
2019-09-20 10:24:57,479 [pool-273-thread-1] INFO  server.RaftServerConfigKeys (ConfUtils.java:logGet(43)) - raft.server.log.segment.size.max = 1048576 (custom)
2019-09-20 10:24:57,479 [pool-273-thread-1] INFO  server.RaftServerConfigKeys (ConfUtils.java:logGet(43)) - raft.server.log.segment.cache.num.max = 2 (custom)
2019-09-20 10:24:57,480 [pool-273-thread-1] INFO  segmented.SegmentedRaftLogWorker (SegmentedRaftLogWorker.java:<init>(172)) - new bb8f5112-316d-4974-a5a6-f698f3fbb5be-SegmentedRaftLogWorker:Storage Directory /workdir/hadoop-ozone/integration-test/target/test-dir/MiniOzoneClusterImpl-806821b2-061b-4172-afaf-fb68ff5248bd/datanode-5/data/ratis/be381889-a2b2-41b0-b2d7-29f07b0353b5 for RaftStorage:Storage Directory /workdir/hadoop-ozone/integration-test/target/test-dir/MiniOzoneClusterImpl-806821b2-061b-4172-afaf-fb68ff5248bd/datanode-5/data/ratis/be381889-a2b2-41b0-b2d7-29f07b0353b5
2019-09-20 10:24:57,480 [pool-273-thread-1] INFO  server.RaftServerConfigKeys (ConfUtils.java:logGet(43)) - raft.server.log.queue.byte-limit = 2147483647 (custom)
2019-09-20 10:24:57,480 [pool-273-thread-1] INFO  server.RaftServerConfigKeys (ConfUtils.java:logGet(43)) - raft.server.log.queue.element-limit = 1024 (custom)
2019-09-20 10:24:57,480 [pool-273-thread-1] INFO  server.RaftServerConfigKeys (ConfUtils.java:logGet(43)) - raft.server.log.segment.size.max = 1048576 (custom)
2019-09-20 10:24:57,480 [pool-273-thread-1] INFO  server.RaftServerConfigKeys (ConfUtils.java:logGet(43)) - raft.server.log.preallocated.size = 16384 (custom)
2019-09-20 10:24:57,481 [pool-273-thread-1] INFO  server.RaftServerConfigKeys (ConfUtils.java:logGet(43)) - raft.server.log.write.buffer.size = 33554432 (custom)
2019-09-20 10:24:57,481 [pool-273-thread-1] INFO  server.RaftServerConfigKeys (ConfUtils.java:logGet(43)) - raft.server.log.force.sync.num = 128 (default)
2019-09-20 10:24:57,481 [pool-273-thread-1] INFO  server.RaftServerConfigKeys (ConfUtils.java:logGet(43)) - raft.server.log.statemachine.data.sync = true (default)
2019-09-20 10:24:57,481 [pool-273-thread-1] INFO  server.RaftServerConfigKeys (ConfUtils.java:logGet(43)) - raft.server.log.statemachine.data.sync.timeout = 10s (default)
2019-09-20 10:24:57,481 [pool-273-thread-1] INFO  server.RaftServerConfigKeys (ConfUtils.java:logGet(43)) - raft.server.log.statemachine.data.sync.timeout.retry = -1 (default)
2019-09-20 10:24:57,481 [pool-273-thread-1] INFO  server.RaftServerConfigKeys (ConfUtils.java:logGet(43)) - raft.server.log.statemachine.data.caching.enabled = true (custom)
2019-09-20 10:24:57,482 | INFO  | SCMAudit | user=jenkins1000 | ip=192.168.36.99 | op=SEND_HEARTBEAT {datanodeUUID=61649f92-8c0f-475a-818d-1064548aeef6, command=[]} | ret=SUCCESS |  
2019-09-20 10:24:57,482 [pool-273-thread-1] INFO  segmented.SegmentedRaftLogWorker (SegmentedRaftLogWorker.java:lambda$new$0(132)) - bb8f5112-316d-4974-a5a6-f698f3fbb5be-SegmentedRaftLogWorker:Storage Directory /workdir/hadoop-ozone/integration-test/target/test-dir/MiniOzoneClusterImpl-806821b2-061b-4172-afaf-fb68ff5248bd/datanode-5/data/ratis/be381889-a2b2-41b0-b2d7-29f07b0353b5: flushIndex: setUnconditionally 0 -> -1
2019-09-20 10:24:57,482 [pool-273-thread-1] INFO  server.RaftServerConfigKeys (ConfUtils.java:logGet(43)) - raft.server.snapshot.auto.trigger.enabled = true (custom)
2019-09-20 10:24:57,482 [pool-273-thread-1] INFO  server.RaftServerConfigKeys (ConfUtils.java:logGet(43)) - raft.server.snapshot.auto.trigger.threshold = 10000 (custom)
2019-09-20 10:24:57,483 [pool-273-thread-1] INFO  server.RaftServerConfigKeys (ConfUtils.java:logGet(43)) - raft.server.retrycache.expirytime = 600000ms (custom)
2019-09-20 10:24:57,483 [pool-273-thread-1] INFO  impl.RaftServerImpl (RaftServerImpl.java:start(180)) - bb8f5112-316d-4974-a5a6-f698f3fbb5be: start group-29F07B0353B5
2019-09-20 10:24:57,483 [pool-273-thread-1] INFO  impl.RaftServerImpl (RaftServerImpl.java:setRole(171)) - bb8f5112-316d-4974-a5a6-f698f3fbb5be:group-29F07B0353B5 changes role from null to FOLLOWER at term 0 for startAsFollower
2019-09-20 10:24:57,483 [pool-273-thread-1] INFO  impl.RoleInfo (RoleInfo.java:updateAndGet(143)) - bb8f5112-316d-4974-a5a6-f698f3fbb5be: start FollowerState
2019-09-20 10:24:57,484 [pool-273-thread-1] INFO  util.JmxRegister (JmxRegister.java:tryRegister(44)) - Successfully registered JMX Bean with object name Ratis:service=RaftServer,group=group-29F07B0353B5,id=bb8f5112-316d-4974-a5a6-f698f3fbb5be
2019-09-20 10:24:57,487 [RatisPipelineUtilsThread] INFO  pipeline.PipelineStateManager (PipelineStateManager.java:addPipeline(56)) - Created pipeline Pipeline[ Id: be381889-a2b2-41b0-b2d7-29f07b0353b5, Nodes: bb8f5112-316d-4974-a5a6-f698f3fbb5be{ip: 192.168.36.99, host: pr-hdds-1569-p5fx8-1226042367, networkLocation: /default-rack, certSerialId: null}, Type:RATIS, Factor:ONE, State:OPEN]
2019-09-20 10:24:57,487 [RatisPipelineUtilsThread] INFO  pipeline.PipelinePlacementPolicy (PipelinePlacementPolicy.java:meetCriteria(91)) - Pipeline Placement: Doesn't meet the criteria to be viable node： 136f1953-bb94-4097-a2d4-422a6782bee0 Heaviness: 6 limit: 5
2019-09-20 10:24:57,487 [RatisPipelineUtilsThread] INFO  pipeline.PipelinePlacementPolicy (PipelinePlacementPolicy.java:meetCriteria(91)) - Pipeline Placement: Doesn't meet the criteria to be viable node： 61649f92-8c0f-475a-818d-1064548aeef6 Heaviness: 6 limit: 5
2019-09-20 10:24:57,488 [RatisPipelineUtilsThread] INFO  pipeline.PipelinePlacementPolicy (PipelinePlacementPolicy.java:meetCriteria(91)) - Pipeline Placement: Doesn't meet the criteria to be viable node： e8013689-2f13-4aaf-8a03-99f419c430ec Heaviness: 6 limit: 5
2019-09-20 10:24:57,488 [RatisPipelineUtilsThread] INFO  pipeline.PipelinePlacementPolicy (PipelinePlacementPolicy.java:meetCriteria(91)) - Pipeline Placement: Doesn't meet the criteria to be viable node： cff8bf6b-8d20-4327-9f29-08a3c2b49247 Heaviness: 6 limit: 5
2019-09-20 10:24:57,494 [grpc-default-executor-4] INFO  impl.RaftServerProxy (RaftServerProxy.java:addNew(89)) - bb8f5112-316d-4974-a5a6-f698f3fbb5be: addNew group-8A09BD39043B:[bb8f5112-316d-4974-a5a6-f698f3fbb5be:192.168.36.99:38352] returns group-8A09BD39043B:java.util.concurrent.CompletableFuture@2272c2d6[Not completed]
2019-09-20 10:24:57,496 [pool-273-thread-1] INFO  impl.RaftServerImpl (RaftServerImpl.java:<init>(93)) - bb8f5112-316d-4974-a5a6-f698f3fbb5be: new RaftServerImpl for group-8A09BD39043B:[bb8f5112-316d-4974-a5a6-f698f3fbb5be:192.168.36.99:38352] with ContainerStateMachine:uninitialized
2019-09-20 10:24:57,496 [pool-273-thread-1] INFO  server.RaftServerConfigKeys (ConfUtils.java:logGet(43)) - raft.server.rpc.timeout.min = 5s (custom)
2019-09-20 10:24:57,496 [pool-273-thread-1] INFO  server.RaftServerConfigKeys (ConfUtils.java:logGet(43)) - raft.server.rpc.timeout.max = 5200ms (custom)
2019-09-20 10:24:57,496 [pool-273-thread-1] INFO  server.RaftServerConfigKeys (ConfUtils.java:logGet(43)) - raft.server.rpcslowness.timeout = 120s (custom)
2019-09-20 10:24:57,496 [pool-273-thread-1] INFO  server.RaftServerConfigKeys (ConfUtils.java:logGet(43)) - raft.server.sleep.deviation.threshold = 300 (default)
2019-09-20 10:24:57,496 [pool-273-thread-1] INFO  server.RaftServerConfigKeys (ConfUtils.java:logGet(43)) - raft.server.log.appender.install.snapshot.enabled = false (custom)
2019-09-20 10:24:57,497 [pool-273-thread-1] INFO  impl.RaftServerImpl (ServerState.java:<init>(105)) - bb8f5112-316d-4974-a5a6-f698f3fbb5be:group-8A09BD39043B ConfigurationManager, init=-1: [bb8f5112-316d-4974-a5a6-f698f3fbb5be:192.168.36.99:38352], old=null, confs=<EMPTY_MAP>
2019-09-20 10:24:57,497 [pool-273-thread-1] INFO  server.RaftServerConfigKeys (ConfUtils.java:logGet(43)) - raft.server.storage.dir = [/workdir/hadoop-ozone/integration-test/target/test-dir/MiniOzoneClusterImpl-806821b2-061b-4172-afaf-fb68ff5248bd/datanode-5/data/ratis] (custom)
2019-09-20 10:24:57,497 [pool-273-thread-1] INFO  storage.RaftStorageDirectory (RaftStorageDirectory.java:analyzeStorage(246)) - The storage directory /workdir/hadoop-ozone/integration-test/target/test-dir/MiniOzoneClusterImpl-806821b2-061b-4172-afaf-fb68ff5248bd/datanode-5/data/ratis/fcd4079d-f79c-4329-aba0-8a09bd39043b does not exist. Creating ...
2019-09-20 10:24:57,501 [Thread-1218] INFO  container.ReplicationManager (ReplicationManager.java:start(151)) - Starting Replication Monitor Thread.
2019-09-20 10:24:57,514 [ReplicationMonitor] INFO  container.ReplicationManager (ReplicationManager.java:run(214)) - Replication Monitor Thread took 0 milliseconds for processing 0 containers.
2019-09-20 10:24:57,515 | INFO  | SCMAudit | user=jenkins1000 | ip=192.168.36.99 | op=SEND_HEARTBEAT {datanodeUUID=cff8bf6b-8d20-4327-9f29-08a3c2b49247, command=[]} | ret=SUCCESS |  
2019-09-20 10:24:57,521 [pool-273-thread-1] INFO  storage.RaftStorageDirectory (RaftStorageDirectory.java:tryLock(328)) - Lock on /workdir/hadoop-ozone/integration-test/target/test-dir/MiniOzoneClusterImpl-806821b2-061b-4172-afaf-fb68ff5248bd/datanode-5/data/ratis/fcd4079d-f79c-4329-aba0-8a09bd39043b/in_use.lock acquired by nodename 28506@pr-hdds-1569-p5fx8-1226042367
2019-09-20 10:24:57,551 | INFO  | SCMAudit | user=jenkins1000 | ip=192.168.36.99 | op=SEND_HEARTBEAT {datanodeUUID=6491c372-a595-4104-b3e9-c4f3293baafa, command=[]} | ret=SUCCESS |  
2019-09-20 10:24:57,551 | INFO  | SCMAudit | user=jenkins1000 | ip=192.168.36.99 | op=SEND_HEARTBEAT {datanodeUUID=d2ed2d9b-7ac7-460e-84f6-6d9d6066f76d, command=[]} | ret=SUCCESS |  
2019-09-20 10:24:57,552 | INFO  | SCMAudit | user=jenkins1000 | ip=192.168.36.99 | op=SEND_HEARTBEAT {datanodeUUID=3d6f3241-e73c-473a-ad0b-c7be2f7e1dda, command=[]} | ret=SUCCESS |  
2019-09-20 10:24:57,552 | INFO  | SCMAudit | user=jenkins1000 | ip=192.168.36.99 | op=SEND_HEARTBEAT {datanodeUUID=19fb8383-7c99-4449-b95c-a26e71717844, command=[]} | ret=SUCCESS |  
2019-09-20 10:24:57,553 | INFO  | SCMAudit | user=jenkins1000 | ip=192.168.36.99 | op=SEND_HEARTBEAT {datanodeUUID=1ab786b9-c79c-4265-88a1-5b3344c6beda, command=[]} | ret=SUCCESS |  
2019-09-20 10:24:57,553 | INFO  | SCMAudit | user=jenkins1000 | ip=192.168.36.99 | op=SEND_HEARTBEAT {datanodeUUID=468be06f-55e9-4831-ba6b-3db017451a79, command=[]} | ret=SUCCESS |  
2019-09-20 10:24:57,553 | INFO  | SCMAudit | user=jenkins1000 | ip=192.168.36.99 | op=SEND_HEARTBEAT {datanodeUUID=c3e532f8-1a8e-44f3-b56b-d765aee893af, command=[]} | ret=SUCCESS |  
2019-09-20 10:24:57,554 | INFO  | SCMAudit | user=jenkins1000 | ip=192.168.36.99 | op=SEND_HEARTBEAT {datanodeUUID=66416d0b-a71c-4af1-ae3a-62ca63b880a3, command=[]} | ret=SUCCESS |  
2019-09-20 10:24:57,555 | INFO  | SCMAudit | user=jenkins1000 | ip=192.168.36.99 | op=SEND_HEARTBEAT {datanodeUUID=17e2ba94-38a1-40e7-84e0-f6802901db84, command=[]} | ret=SUCCESS |  
2019-09-20 10:24:57,555 | INFO  | SCMAudit | user=jenkins1000 | ip=192.168.36.99 | op=SEND_HEARTBEAT {datanodeUUID=4d972e91-cb6b-45de-8bd2-c18af7abe58b, command=[]} | ret=SUCCESS |  
2019-09-20 10:24:57,555 | INFO  | SCMAudit | user=jenkins1000 | ip=192.168.36.99 | op=SEND_HEARTBEAT {datanodeUUID=60260ec1-e192-4b95-89c8-d924d16a77a9, command=[]} | ret=SUCCESS |  
2019-09-20 10:24:57,556 | INFO  | SCMAudit | user=jenkins1000 | ip=192.168.36.99 | op=SEND_HEARTBEAT {datanodeUUID=7af711bd-b5ae-4a73-a8be-b970cae6c2d1, command=[]} | ret=SUCCESS |  
2019-09-20 10:24:57,557 | INFO  | SCMAudit | user=jenkins1000 | ip=192.168.36.99 | op=SEND_HEARTBEAT {datanodeUUID=9e03ffa9-cf79-407a-a150-4c035e5aec5e, command=[]} | ret=SUCCESS |  
2019-09-20 10:24:57,557 | INFO  | SCMAudit | user=jenkins1000 | ip=192.168.36.99 | op=SEND_HEARTBEAT {datanodeUUID=54207fe5-d92c-4c2e-b058-fbae630dabef, command=[]} | ret=SUCCESS |  
2019-09-20 10:24:57,562 [pool-273-thread-1] INFO  storage.RaftStorage (RaftStorage.java:format(72)) - Storage directory /workdir/hadoop-ozone/integration-test/target/test-dir/MiniOzoneClusterImpl-806821b2-061b-4172-afaf-fb68ff5248bd/datanode-5/data/ratis/fcd4079d-f79c-4329-aba0-8a09bd39043b has been successfully formatted.
2019-09-20 10:24:57,563 [pool-273-thread-1] INFO  ratis.ContainerStateMachine (ContainerStateMachine.java:loadSnapshot(226)) - group-8A09BD39043B: The snapshot info is null. Setting the last applied indexto:(t:0, i:~)
2019-09-20 10:24:57,563 [pool-273-thread-1] INFO  server.RaftServerConfigKeys (ConfUtils.java:logGet(43)) - raft.server.leader.election.timeout = 120s (custom)
2019-09-20 10:24:57,563 [pool-273-thread-1] INFO  server.RaftServerConfigKeys (ConfUtils.java:logGet(43)) - raft.server.log.use.memory = false (default)
2019-09-20 10:24:57,563 [pool-273-thread-1] INFO  server.RaftServerConfigKeys (ConfUtils.java:logGet(43)) - raft.server.log.purge.gap = 1000000 (custom)
2019-09-20 10:24:57,563 [pool-273-thread-1] INFO  server.RaftServerConfigKeys (ConfUtils.java:logGet(43)) - raft.server.log.appender.buffer.byte-limit = 33554432 (custom)
2019-09-20 10:24:57,564 [pool-273-thread-1] INFO  server.RaftServerConfigKeys (ConfUtils.java:logGet(43)) - raft.server.log.segment.size.max = 1048576 (custom)
2019-09-20 10:24:57,564 [pool-273-thread-1] INFO  server.RaftServerConfigKeys (ConfUtils.java:logGet(43)) - raft.server.log.segment.cache.num.max = 2 (custom)
2019-09-20 10:24:57,564 [pool-273-thread-1] INFO  segmented.SegmentedRaftLogWorker (SegmentedRaftLogWorker.java:<init>(172)) - new bb8f5112-316d-4974-a5a6-f698f3fbb5be-SegmentedRaftLogWorker:Storage Directory /workdir/hadoop-ozone/integration-test/target/test-dir/MiniOzoneClusterImpl-806821b2-061b-4172-afaf-fb68ff5248bd/datanode-5/data/ratis/fcd4079d-f79c-4329-aba0-8a09bd39043b for RaftStorage:Storage Directory /workdir/hadoop-ozone/integration-test/target/test-dir/MiniOzoneClusterImpl-806821b2-061b-4172-afaf-fb68ff5248bd/datanode-5/data/ratis/fcd4079d-f79c-4329-aba0-8a09bd39043b
2019-09-20 10:24:57,564 [pool-273-thread-1] INFO  server.RaftServerConfigKeys (ConfUtils.java:logGet(43)) - raft.server.log.queue.byte-limit = 2147483647 (custom)
2019-09-20 10:24:57,564 [pool-273-thread-1] INFO  server.RaftServerConfigKeys (ConfUtils.java:logGet(43)) - raft.server.log.queue.element-limit = 1024 (custom)
2019-09-20 10:24:57,565 [pool-273-thread-1] INFO  server.RaftServerConfigKeys (ConfUtils.java:logGet(43)) - raft.server.log.segment.size.max = 1048576 (custom)
2019-09-20 10:24:57,565 [pool-273-thread-1] INFO  server.RaftServerConfigKeys (ConfUtils.java:logGet(43)) - raft.server.log.preallocated.size = 16384 (custom)
2019-09-20 10:24:57,565 [pool-273-thread-1] INFO  server.RaftServerConfigKeys (ConfUtils.java:logGet(43)) - raft.server.log.write.buffer.size = 33554432 (custom)
2019-09-20 10:24:57,565 [pool-273-thread-1] INFO  server.RaftServerConfigKeys (ConfUtils.java:logGet(43)) - raft.server.log.force.sync.num = 128 (default)
2019-09-20 10:24:57,565 [pool-273-thread-1] INFO  server.RaftServerConfigKeys (ConfUtils.java:logGet(43)) - raft.server.log.statemachine.data.sync = true (default)
2019-09-20 10:24:57,565 [pool-273-thread-1] INFO  server.RaftServerConfigKeys (ConfUtils.java:logGet(43)) - raft.server.log.statemachine.data.sync.timeout = 10s (default)
2019-09-20 10:24:57,566 [pool-273-thread-1] INFO  server.RaftServerConfigKeys (ConfUtils.java:logGet(43)) - raft.server.log.statemachine.data.sync.timeout.retry = -1 (default)
2019-09-20 10:24:57,566 [pool-273-thread-1] INFO  server.RaftServerConfigKeys (ConfUtils.java:logGet(43)) - raft.server.log.statemachine.data.caching.enabled = true (custom)
2019-09-20 10:24:57,566 [pool-273-thread-1] INFO  segmented.SegmentedRaftLogWorker (SegmentedRaftLogWorker.java:lambda$new$0(132)) - bb8f5112-316d-4974-a5a6-f698f3fbb5be-SegmentedRaftLogWorker:Storage Directory /workdir/hadoop-ozone/integration-test/target/test-dir/MiniOzoneClusterImpl-806821b2-061b-4172-afaf-fb68ff5248bd/datanode-5/data/ratis/fcd4079d-f79c-4329-aba0-8a09bd39043b: flushIndex: setUnconditionally 0 -> -1
2019-09-20 10:24:57,567 [pool-273-thread-1] INFO  server.RaftServerConfigKeys (ConfUtils.java:logGet(43)) - raft.server.snapshot.auto.trigger.enabled = true (custom)
2019-09-20 10:24:57,567 [pool-273-thread-1] INFO  server.RaftServerConfigKeys (ConfUtils.java:logGet(43)) - raft.server.snapshot.auto.trigger.threshold = 10000 (custom)
2019-09-20 10:24:57,567 [pool-273-thread-1] INFO  server.RaftServerConfigKeys (ConfUtils.java:logGet(43)) - raft.server.retrycache.expirytime = 600000ms (custom)
2019-09-20 10:24:57,567 [pool-273-thread-1] INFO  impl.RaftServerImpl (RaftServerImpl.java:start(180)) - bb8f5112-316d-4974-a5a6-f698f3fbb5be: start group-8A09BD39043B
2019-09-20 10:24:57,567 [pool-273-thread-1] INFO  impl.RaftServerImpl (RaftServerImpl.java:setRole(171)) - bb8f5112-316d-4974-a5a6-f698f3fbb5be:group-8A09BD39043B changes role from null to FOLLOWER at term 0 for startAsFollower
2019-09-20 10:24:57,567 [pool-273-thread-1] INFO  impl.RoleInfo (RoleInfo.java:updateAndGet(143)) - bb8f5112-316d-4974-a5a6-f698f3fbb5be: start FollowerState
2019-09-20 10:24:57,568 [pool-273-thread-1] INFO  util.JmxRegister (JmxRegister.java:tryRegister(44)) - Successfully registered JMX Bean with object name Ratis:service=RaftServer,group=group-8A09BD39043B,id=bb8f5112-316d-4974-a5a6-f698f3fbb5be
2019-09-20 10:24:57,572 [RatisPipelineUtilsThread] INFO  pipeline.PipelineStateManager (PipelineStateManager.java:addPipeline(56)) - Created pipeline Pipeline[ Id: fcd4079d-f79c-4329-aba0-8a09bd39043b, Nodes: bb8f5112-316d-4974-a5a6-f698f3fbb5be{ip: 192.168.36.99, host: pr-hdds-1569-p5fx8-1226042367, networkLocation: /default-rack, certSerialId: null}, Type:RATIS, Factor:ONE, State:OPEN]
2019-09-20 10:24:57,573 [RatisPipelineUtilsThread] INFO  pipeline.PipelinePlacementPolicy (PipelinePlacementPolicy.java:meetCriteria(91)) - Pipeline Placement: Doesn't meet the criteria to be viable node： 136f1953-bb94-4097-a2d4-422a6782bee0 Heaviness: 6 limit: 5
2019-09-20 10:24:57,573 [RatisPipelineUtilsThread] INFO  pipeline.PipelinePlacementPolicy (PipelinePlacementPolicy.java:meetCriteria(91)) - Pipeline Placement: Doesn't meet the criteria to be viable node： 61649f92-8c0f-475a-818d-1064548aeef6 Heaviness: 6 limit: 5
2019-09-20 10:24:57,573 [RatisPipelineUtilsThread] INFO  pipeline.PipelinePlacementPolicy (PipelinePlacementPolicy.java:meetCriteria(91)) - Pipeline Placement: Doesn't meet the criteria to be viable node： e8013689-2f13-4aaf-8a03-99f419c430ec Heaviness: 6 limit: 5
2019-09-20 10:24:57,573 [RatisPipelineUtilsThread] INFO  pipeline.PipelinePlacementPolicy (PipelinePlacementPolicy.java:meetCriteria(91)) - Pipeline Placement: Doesn't meet the criteria to be viable node： cff8bf6b-8d20-4327-9f29-08a3c2b49247 Heaviness: 6 limit: 5
2019-09-20 10:24:57,573 [RatisPipelineUtilsThread] INFO  pipeline.PipelinePlacementPolicy (PipelinePlacementPolicy.java:meetCriteria(91)) - Pipeline Placement: Doesn't meet the criteria to be viable node： bb8f5112-316d-4974-a5a6-f698f3fbb5be Heaviness: 6 limit: 5
2019-09-20 10:24:57,579 [grpc-default-executor-4] INFO  impl.RaftServerProxy (RaftServerProxy.java:addNew(89)) - b5962e8e-c9f1-48aa-8eb4-d8f74b8afdbe: addNew group-827999EF7ADD:[b5962e8e-c9f1-48aa-8eb4-d8f74b8afdbe:192.168.36.99:39222] returns group-827999EF7ADD:java.util.concurrent.CompletableFuture@18805131[Not completed]
2019-09-20 10:24:57,580 [pool-262-thread-1] INFO  impl.RaftServerImpl (RaftServerImpl.java:<init>(93)) - b5962e8e-c9f1-48aa-8eb4-d8f74b8afdbe: new RaftServerImpl for group-827999EF7ADD:[b5962e8e-c9f1-48aa-8eb4-d8f74b8afdbe:192.168.36.99:39222] with ContainerStateMachine:uninitialized
2019-09-20 10:24:57,580 [pool-262-thread-1] INFO  server.RaftServerConfigKeys (ConfUtils.java:logGet(43)) - raft.server.rpc.timeout.min = 5s (custom)
2019-09-20 10:24:57,580 [pool-262-thread-1] INFO  server.RaftServerConfigKeys (ConfUtils.java:logGet(43)) - raft.server.rpc.timeout.max = 5200ms (custom)
2019-09-20 10:24:57,580 [pool-262-thread-1] INFO  server.RaftServerConfigKeys (ConfUtils.java:logGet(43)) - raft.server.rpcslowness.timeout = 120s (custom)
2019-09-20 10:24:57,580 [pool-262-thread-1] INFO  server.RaftServerConfigKeys (ConfUtils.java:logGet(43)) - raft.server.sleep.deviation.threshold = 300 (default)
2019-09-20 10:24:57,580 [pool-262-thread-1] INFO  server.RaftServerConfigKeys (ConfUtils.java:logGet(43)) - raft.server.log.appender.install.snapshot.enabled = false (custom)
2019-09-20 10:24:57,580 [pool-262-thread-1] INFO  impl.RaftServerImpl (ServerState.java:<init>(105)) - b5962e8e-c9f1-48aa-8eb4-d8f74b8afdbe:group-827999EF7ADD ConfigurationManager, init=-1: [b5962e8e-c9f1-48aa-8eb4-d8f74b8afdbe:192.168.36.99:39222], old=null, confs=<EMPTY_MAP>
2019-09-20 10:24:57,580 [pool-262-thread-1] INFO  server.RaftServerConfigKeys (ConfUtils.java:logGet(43)) - raft.server.storage.dir = [/workdir/hadoop-ozone/integration-test/target/test-dir/MiniOzoneClusterImpl-806821b2-061b-4172-afaf-fb68ff5248bd/datanode-4/data/ratis] (custom)
2019-09-20 10:24:57,581 [pool-262-thread-1] INFO  storage.RaftStorageDirectory (RaftStorageDirectory.java:analyzeStorage(246)) - The storage directory /workdir/hadoop-ozone/integration-test/target/test-dir/MiniOzoneClusterImpl-806821b2-061b-4172-afaf-fb68ff5248bd/datanode-4/data/ratis/db493c02-5d8a-473f-87ac-827999ef7add does not exist. Creating ...
2019-09-20 10:24:57,596 [pool-262-thread-1] INFO  storage.RaftStorageDirectory (RaftStorageDirectory.java:tryLock(328)) - Lock on /workdir/hadoop-ozone/integration-test/target/test-dir/MiniOzoneClusterImpl-806821b2-061b-4172-afaf-fb68ff5248bd/datanode-4/data/ratis/db493c02-5d8a-473f-87ac-827999ef7add/in_use.lock acquired by nodename 28506@pr-hdds-1569-p5fx8-1226042367
2019-09-20 10:24:57,613 [pool-262-thread-1] INFO  storage.RaftStorage (RaftStorage.java:format(72)) - Storage directory /workdir/hadoop-ozone/integration-test/target/test-dir/MiniOzoneClusterImpl-806821b2-061b-4172-afaf-fb68ff5248bd/datanode-4/data/ratis/db493c02-5d8a-473f-87ac-827999ef7add has been successfully formatted.
2019-09-20 10:24:57,613 [pool-262-thread-1] INFO  ratis.ContainerStateMachine (ContainerStateMachine.java:loadSnapshot(226)) - group-827999EF7ADD: The snapshot info is null. Setting the last applied indexto:(t:0, i:~)
2019-09-20 10:24:57,613 [pool-262-thread-1] INFO  server.RaftServerConfigKeys (ConfUtils.java:logGet(43)) - raft.server.leader.election.timeout = 120s (custom)
2019-09-20 10:24:57,614 [pool-262-thread-1] INFO  server.RaftServerConfigKeys (ConfUtils.java:logGet(43)) - raft.server.log.use.memory = false (default)
2019-09-20 10:24:57,614 [pool-262-thread-1] INFO  server.RaftServerConfigKeys (ConfUtils.java:logGet(43)) - raft.server.log.purge.gap = 1000000 (custom)
2019-09-20 10:24:57,614 [pool-262-thread-1] INFO  server.RaftServerConfigKeys (ConfUtils.java:logGet(43)) - raft.server.log.appender.buffer.byte-limit = 33554432 (custom)
2019-09-20 10:24:57,614 [pool-262-thread-1] INFO  server.RaftServerConfigKeys (ConfUtils.java:logGet(43)) - raft.server.log.segment.size.max = 1048576 (custom)
2019-09-20 10:24:57,614 [pool-262-thread-1] INFO  server.RaftServerConfigKeys (ConfUtils.java:logGet(43)) - raft.server.log.segment.cache.num.max = 2 (custom)
2019-09-20 10:24:57,614 [pool-262-thread-1] INFO  segmented.SegmentedRaftLogWorker (SegmentedRaftLogWorker.java:<init>(172)) - new b5962e8e-c9f1-48aa-8eb4-d8f74b8afdbe-SegmentedRaftLogWorker:Storage Directory /workdir/hadoop-ozone/integration-test/target/test-dir/MiniOzoneClusterImpl-806821b2-061b-4172-afaf-fb68ff5248bd/datanode-4/data/ratis/db493c02-5d8a-473f-87ac-827999ef7add for RaftStorage:Storage Directory /workdir/hadoop-ozone/integration-test/target/test-dir/MiniOzoneClusterImpl-806821b2-061b-4172-afaf-fb68ff5248bd/datanode-4/data/ratis/db493c02-5d8a-473f-87ac-827999ef7add
2019-09-20 10:24:57,614 [pool-262-thread-1] INFO  server.RaftServerConfigKeys (ConfUtils.java:logGet(43)) - raft.server.log.queue.byte-limit = 2147483647 (custom)
2019-09-20 10:24:57,615 [pool-262-thread-1] INFO  server.RaftServerConfigKeys (ConfUtils.java:logGet(43)) - raft.server.log.queue.element-limit = 1024 (custom)
2019-09-20 10:24:57,615 [pool-262-thread-1] INFO  server.RaftServerConfigKeys (ConfUtils.java:logGet(43)) - raft.server.log.segment.size.max = 1048576 (custom)
2019-09-20 10:24:57,615 [pool-262-thread-1] INFO  server.RaftServerConfigKeys (ConfUtils.java:logGet(43)) - raft.server.log.preallocated.size = 16384 (custom)
2019-09-20 10:24:57,615 [pool-262-thread-1] INFO  server.RaftServerConfigKeys (ConfUtils.java:logGet(43)) - raft.server.log.write.buffer.size = 33554432 (custom)
2019-09-20 10:24:57,615 [pool-262-thread-1] INFO  server.RaftServerConfigKeys (ConfUtils.java:logGet(43)) - raft.server.log.force.sync.num = 128 (default)
2019-09-20 10:24:57,615 [pool-262-thread-1] INFO  server.RaftServerConfigKeys (ConfUtils.java:logGet(43)) - raft.server.log.statemachine.data.sync = true (default)
2019-09-20 10:24:57,616 [pool-262-thread-1] INFO  server.RaftServerConfigKeys (ConfUtils.java:logGet(43)) - raft.server.log.statemachine.data.sync.timeout = 10s (default)
2019-09-20 10:24:57,616 [pool-262-thread-1] INFO  server.RaftServerConfigKeys (ConfUtils.java:logGet(43)) - raft.server.log.statemachine.data.sync.timeout.retry = -1 (default)
2019-09-20 10:24:57,616 [pool-262-thread-1] INFO  server.RaftServerConfigKeys (ConfUtils.java:logGet(43)) - raft.server.log.statemachine.data.caching.enabled = true (custom)
2019-09-20 10:24:57,616 [pool-262-thread-1] INFO  segmented.SegmentedRaftLogWorker (SegmentedRaftLogWorker.java:lambda$new$0(132)) - b5962e8e-c9f1-48aa-8eb4-d8f74b8afdbe-SegmentedRaftLogWorker:Storage Directory /workdir/hadoop-ozone/integration-test/target/test-dir/MiniOzoneClusterImpl-806821b2-061b-4172-afaf-fb68ff5248bd/datanode-4/data/ratis/db493c02-5d8a-473f-87ac-827999ef7add: flushIndex: setUnconditionally 0 -> -1
2019-09-20 10:24:57,617 [pool-262-thread-1] INFO  server.RaftServerConfigKeys (ConfUtils.java:logGet(43)) - raft.server.snapshot.auto.trigger.enabled = true (custom)
2019-09-20 10:24:57,617 [pool-262-thread-1] INFO  server.RaftServerConfigKeys (ConfUtils.java:logGet(43)) - raft.server.snapshot.auto.trigger.threshold = 10000 (custom)
2019-09-20 10:24:57,617 [pool-262-thread-1] INFO  server.RaftServerConfigKeys (ConfUtils.java:logGet(43)) - raft.server.retrycache.expirytime = 600000ms (custom)
2019-09-20 10:24:57,617 [pool-262-thread-1] INFO  impl.RaftServerImpl (RaftServerImpl.java:start(180)) - b5962e8e-c9f1-48aa-8eb4-d8f74b8afdbe: start group-827999EF7ADD
2019-09-20 10:24:57,617 [pool-262-thread-1] INFO  impl.RaftServerImpl (RaftServerImpl.java:setRole(171)) - b5962e8e-c9f1-48aa-8eb4-d8f74b8afdbe:group-827999EF7ADD changes role from null to FOLLOWER at term 0 for startAsFollower
2019-09-20 10:24:57,618 [pool-262-thread-1] INFO  impl.RoleInfo (RoleInfo.java:updateAndGet(143)) - b5962e8e-c9f1-48aa-8eb4-d8f74b8afdbe: start FollowerState
2019-09-20 10:24:57,618 [pool-262-thread-1] INFO  util.JmxRegister (JmxRegister.java:tryRegister(44)) - Successfully registered JMX Bean with object name Ratis:service=RaftServer,group=group-827999EF7ADD,id=b5962e8e-c9f1-48aa-8eb4-d8f74b8afdbe
2019-09-20 10:24:57,621 [RatisPipelineUtilsThread] INFO  pipeline.PipelineStateManager (PipelineStateManager.java:addPipeline(56)) - Created pipeline Pipeline[ Id: db493c02-5d8a-473f-87ac-827999ef7add, Nodes: b5962e8e-c9f1-48aa-8eb4-d8f74b8afdbe{ip: 192.168.36.99, host: pr-hdds-1569-p5fx8-1226042367, networkLocation: /default-rack, certSerialId: null}, Type:RATIS, Factor:ONE, State:OPEN]
2019-09-20 10:24:57,621 [RatisPipelineUtilsThread] INFO  pipeline.PipelinePlacementPolicy (PipelinePlacementPolicy.java:meetCriteria(91)) - Pipeline Placement: Doesn't meet the criteria to be viable node： 136f1953-bb94-4097-a2d4-422a6782bee0 Heaviness: 6 limit: 5
2019-09-20 10:24:57,621 [RatisPipelineUtilsThread] INFO  pipeline.PipelinePlacementPolicy (PipelinePlacementPolicy.java:meetCriteria(91)) - Pipeline Placement: Doesn't meet the criteria to be viable node： b5962e8e-c9f1-48aa-8eb4-d8f74b8afdbe Heaviness: 6 limit: 5
2019-09-20 10:24:57,622 [RatisPipelineUtilsThread] INFO  pipeline.PipelinePlacementPolicy (PipelinePlacementPolicy.java:meetCriteria(91)) - Pipeline Placement: Doesn't meet the criteria to be viable node： 61649f92-8c0f-475a-818d-1064548aeef6 Heaviness: 6 limit: 5
2019-09-20 10:24:57,622 [RatisPipelineUtilsThread] INFO  pipeline.PipelinePlacementPolicy (PipelinePlacementPolicy.java:meetCriteria(91)) - Pipeline Placement: Doesn't meet the criteria to be viable node： e8013689-2f13-4aaf-8a03-99f419c430ec Heaviness: 6 limit: 5
2019-09-20 10:24:57,622 [RatisPipelineUtilsThread] INFO  pipeline.PipelinePlacementPolicy (PipelinePlacementPolicy.java:meetCriteria(91)) - Pipeline Placement: Doesn't meet the criteria to be viable node： cff8bf6b-8d20-4327-9f29-08a3c2b49247 Heaviness: 6 limit: 5
2019-09-20 10:24:57,622 [RatisPipelineUtilsThread] INFO  pipeline.PipelinePlacementPolicy (PipelinePlacementPolicy.java:meetCriteria(91)) - Pipeline Placement: Doesn't meet the criteria to be viable node： bb8f5112-316d-4974-a5a6-f698f3fbb5be Heaviness: 6 limit: 5
2019-09-20 10:24:57,627 [grpc-default-executor-4] INFO  impl.RaftServerProxy (RaftServerProxy.java:addNew(89)) - 99e70dd4-d763-4473-944c-c5628506dcf8: addNew group-CCAADAAF72A4:[99e70dd4-d763-4473-944c-c5628506dcf8:192.168.36.99:46869] returns group-CCAADAAF72A4:java.util.concurrent.CompletableFuture@183e1cfc[Not completed]
2019-09-20 10:24:57,628 [pool-284-thread-1] INFO  impl.RaftServerImpl (RaftServerImpl.java:<init>(93)) - 99e70dd4-d763-4473-944c-c5628506dcf8: new RaftServerImpl for group-CCAADAAF72A4:[99e70dd4-d763-4473-944c-c5628506dcf8:192.168.36.99:46869] with ContainerStateMachine:uninitialized
2019-09-20 10:24:57,628 [pool-284-thread-1] INFO  server.RaftServerConfigKeys (ConfUtils.java:logGet(43)) - raft.server.rpc.timeout.min = 5s (custom)
2019-09-20 10:24:57,628 [pool-284-thread-1] INFO  server.RaftServerConfigKeys (ConfUtils.java:logGet(43)) - raft.server.rpc.timeout.max = 5200ms (custom)
2019-09-20 10:24:57,628 [pool-284-thread-1] INFO  server.RaftServerConfigKeys (ConfUtils.java:logGet(43)) - raft.server.rpcslowness.timeout = 120s (custom)
2019-09-20 10:24:57,628 [pool-284-thread-1] INFO  server.RaftServerConfigKeys (ConfUtils.java:logGet(43)) - raft.server.sleep.deviation.threshold = 300 (default)
2019-09-20 10:24:57,628 [pool-284-thread-1] INFO  server.RaftServerConfigKeys (ConfUtils.java:logGet(43)) - raft.server.log.appender.install.snapshot.enabled = false (custom)
2019-09-20 10:24:57,628 [pool-284-thread-1] INFO  impl.RaftServerImpl (ServerState.java:<init>(105)) - 99e70dd4-d763-4473-944c-c5628506dcf8:group-CCAADAAF72A4 ConfigurationManager, init=-1: [99e70dd4-d763-4473-944c-c5628506dcf8:192.168.36.99:46869], old=null, confs=<EMPTY_MAP>
2019-09-20 10:24:57,628 [pool-284-thread-1] INFO  server.RaftServerConfigKeys (ConfUtils.java:logGet(43)) - raft.server.storage.dir = [/workdir/hadoop-ozone/integration-test/target/test-dir/MiniOzoneClusterImpl-806821b2-061b-4172-afaf-fb68ff5248bd/datanode-6/data/ratis] (custom)
2019-09-20 10:24:57,629 [pool-284-thread-1] INFO  storage.RaftStorageDirectory (RaftStorageDirectory.java:analyzeStorage(246)) - The storage directory /workdir/hadoop-ozone/integration-test/target/test-dir/MiniOzoneClusterImpl-806821b2-061b-4172-afaf-fb68ff5248bd/datanode-6/data/ratis/4c01b66e-c0f9-4c3b-9ad0-ccaadaaf72a4 does not exist. Creating ...
2019-09-20 10:24:57,646 [pool-284-thread-1] INFO  storage.RaftStorageDirectory (RaftStorageDirectory.java:tryLock(328)) - Lock on /workdir/hadoop-ozone/integration-test/target/test-dir/MiniOzoneClusterImpl-806821b2-061b-4172-afaf-fb68ff5248bd/datanode-6/data/ratis/4c01b66e-c0f9-4c3b-9ad0-ccaadaaf72a4/in_use.lock acquired by nodename 28506@pr-hdds-1569-p5fx8-1226042367
2019-09-20 10:24:57,672 [pool-284-thread-1] INFO  storage.RaftStorage (RaftStorage.java:format(72)) - Storage directory /workdir/hadoop-ozone/integration-test/target/test-dir/MiniOzoneClusterImpl-806821b2-061b-4172-afaf-fb68ff5248bd/datanode-6/data/ratis/4c01b66e-c0f9-4c3b-9ad0-ccaadaaf72a4 has been successfully formatted.
2019-09-20 10:24:57,672 [pool-284-thread-1] INFO  ratis.ContainerStateMachine (ContainerStateMachine.java:loadSnapshot(226)) - group-CCAADAAF72A4: The snapshot info is null. Setting the last applied indexto:(t:0, i:~)
2019-09-20 10:24:57,672 [pool-284-thread-1] INFO  server.RaftServerConfigKeys (ConfUtils.java:logGet(43)) - raft.server.leader.election.timeout = 120s (custom)
2019-09-20 10:24:57,673 [pool-284-thread-1] INFO  server.RaftServerConfigKeys (ConfUtils.java:logGet(43)) - raft.server.log.use.memory = false (default)
2019-09-20 10:24:57,673 [pool-284-thread-1] INFO  server.RaftServerConfigKeys (ConfUtils.java:logGet(43)) - raft.server.log.purge.gap = 1000000 (custom)
2019-09-20 10:24:57,673 [pool-284-thread-1] INFO  server.RaftServerConfigKeys (ConfUtils.java:logGet(43)) - raft.server.log.appender.buffer.byte-limit = 33554432 (custom)
2019-09-20 10:24:57,673 [pool-284-thread-1] INFO  server.RaftServerConfigKeys (ConfUtils.java:logGet(43)) - raft.server.log.segment.size.max = 1048576 (custom)
2019-09-20 10:24:57,673 [pool-284-thread-1] INFO  server.RaftServerConfigKeys (ConfUtils.java:logGet(43)) - raft.server.log.segment.cache.num.max = 2 (custom)
2019-09-20 10:24:57,673 [pool-284-thread-1] INFO  segmented.SegmentedRaftLogWorker (SegmentedRaftLogWorker.java:<init>(172)) - new 99e70dd4-d763-4473-944c-c5628506dcf8-SegmentedRaftLogWorker:Storage Directory /workdir/hadoop-ozone/integration-test/target/test-dir/MiniOzoneClusterImpl-806821b2-061b-4172-afaf-fb68ff5248bd/datanode-6/data/ratis/4c01b66e-c0f9-4c3b-9ad0-ccaadaaf72a4 for RaftStorage:Storage Directory /workdir/hadoop-ozone/integration-test/target/test-dir/MiniOzoneClusterImpl-806821b2-061b-4172-afaf-fb68ff5248bd/datanode-6/data/ratis/4c01b66e-c0f9-4c3b-9ad0-ccaadaaf72a4
2019-09-20 10:24:57,674 [pool-284-thread-1] INFO  server.RaftServerConfigKeys (ConfUtils.java:logGet(43)) - raft.server.log.queue.byte-limit = 2147483647 (custom)
2019-09-20 10:24:57,674 [pool-284-thread-1] INFO  server.RaftServerConfigKeys (ConfUtils.java:logGet(43)) - raft.server.log.queue.element-limit = 1024 (custom)
2019-09-20 10:24:57,674 [pool-284-thread-1] INFO  server.RaftServerConfigKeys (ConfUtils.java:logGet(43)) - raft.server.log.segment.size.max = 1048576 (custom)
2019-09-20 10:24:57,674 [pool-284-thread-1] INFO  server.RaftServerConfigKeys (ConfUtils.java:logGet(43)) - raft.server.log.preallocated.size = 16384 (custom)
2019-09-20 10:24:57,674 [pool-284-thread-1] INFO  server.RaftServerConfigKeys (ConfUtils.java:logGet(43)) - raft.server.log.write.buffer.size = 33554432 (custom)
2019-09-20 10:24:57,674 [pool-284-thread-1] INFO  server.RaftServerConfigKeys (ConfUtils.java:logGet(43)) - raft.server.log.force.sync.num = 128 (default)
2019-09-20 10:24:57,675 [pool-284-thread-1] INFO  server.RaftServerConfigKeys (ConfUtils.java:logGet(43)) - raft.server.log.statemachine.data.sync = true (default)
2019-09-20 10:24:57,675 [pool-284-thread-1] INFO  server.RaftServerConfigKeys (ConfUtils.java:logGet(43)) - raft.server.log.statemachine.data.sync.timeout = 10s (default)
2019-09-20 10:24:57,675 [pool-284-thread-1] INFO  server.RaftServerConfigKeys (ConfUtils.java:logGet(43)) - raft.server.log.statemachine.data.sync.timeout.retry = -1 (default)
2019-09-20 10:24:57,675 [pool-284-thread-1] INFO  server.RaftServerConfigKeys (ConfUtils.java:logGet(43)) - raft.server.log.statemachine.data.caching.enabled = true (custom)
2019-09-20 10:24:57,675 [pool-284-thread-1] INFO  segmented.SegmentedRaftLogWorker (SegmentedRaftLogWorker.java:lambda$new$0(132)) - 99e70dd4-d763-4473-944c-c5628506dcf8-SegmentedRaftLogWorker:Storage Directory /workdir/hadoop-ozone/integration-test/target/test-dir/MiniOzoneClusterImpl-806821b2-061b-4172-afaf-fb68ff5248bd/datanode-6/data/ratis/4c01b66e-c0f9-4c3b-9ad0-ccaadaaf72a4: flushIndex: setUnconditionally 0 -> -1
2019-09-20 10:24:57,676 [pool-284-thread-1] INFO  server.RaftServerConfigKeys (ConfUtils.java:logGet(43)) - raft.server.snapshot.auto.trigger.enabled = true (custom)
2019-09-20 10:24:57,676 [pool-284-thread-1] INFO  server.RaftServerConfigKeys (ConfUtils.java:logGet(43)) - raft.server.snapshot.auto.trigger.threshold = 10000 (custom)
2019-09-20 10:24:57,676 [pool-284-thread-1] INFO  server.RaftServerConfigKeys (ConfUtils.java:logGet(43)) - raft.server.retrycache.expirytime = 600000ms (custom)
2019-09-20 10:24:57,676 [pool-284-thread-1] INFO  impl.RaftServerImpl (RaftServerImpl.java:start(180)) - 99e70dd4-d763-4473-944c-c5628506dcf8: start group-CCAADAAF72A4
2019-09-20 10:24:57,676 [pool-284-thread-1] INFO  impl.RaftServerImpl (RaftServerImpl.java:setRole(171)) - 99e70dd4-d763-4473-944c-c5628506dcf8:group-CCAADAAF72A4 changes role from null to FOLLOWER at term 0 for startAsFollower
2019-09-20 10:24:57,677 [pool-284-thread-1] INFO  impl.RoleInfo (RoleInfo.java:updateAndGet(143)) - 99e70dd4-d763-4473-944c-c5628506dcf8: start FollowerState
2019-09-20 10:24:57,677 [pool-284-thread-1] INFO  util.JmxRegister (JmxRegister.java:tryRegister(44)) - Successfully registered JMX Bean with object name Ratis:service=RaftServer,group=group-CCAADAAF72A4,id=99e70dd4-d763-4473-944c-c5628506dcf8
2019-09-20 10:24:57,679 [RatisPipelineUtilsThread] INFO  pipeline.PipelineStateManager (PipelineStateManager.java:addPipeline(56)) - Created pipeline Pipeline[ Id: 4c01b66e-c0f9-4c3b-9ad0-ccaadaaf72a4, Nodes: 99e70dd4-d763-4473-944c-c5628506dcf8{ip: 192.168.36.99, host: pr-hdds-1569-p5fx8-1226042367, networkLocation: /default-rack, certSerialId: null}, Type:RATIS, Factor:ONE, State:OPEN]
2019-09-20 10:24:57,680 [RatisPipelineUtilsThread] INFO  pipeline.PipelinePlacementPolicy (PipelinePlacementPolicy.java:meetCriteria(91)) - Pipeline Placement: Doesn't meet the criteria to be viable node： 136f1953-bb94-4097-a2d4-422a6782bee0 Heaviness: 6 limit: 5
2019-09-20 10:24:57,680 [RatisPipelineUtilsThread] INFO  pipeline.PipelinePlacementPolicy (PipelinePlacementPolicy.java:meetCriteria(91)) - Pipeline Placement: Doesn't meet the criteria to be viable node： b5962e8e-c9f1-48aa-8eb4-d8f74b8afdbe Heaviness: 6 limit: 5
2019-09-20 10:24:57,680 [RatisPipelineUtilsThread] INFO  pipeline.PipelinePlacementPolicy (PipelinePlacementPolicy.java:meetCriteria(91)) - Pipeline Placement: Doesn't meet the criteria to be viable node： 61649f92-8c0f-475a-818d-1064548aeef6 Heaviness: 6 limit: 5
2019-09-20 10:24:57,680 [RatisPipelineUtilsThread] INFO  pipeline.PipelinePlacementPolicy (PipelinePlacementPolicy.java:meetCriteria(91)) - Pipeline Placement: Doesn't meet the criteria to be viable node： e8013689-2f13-4aaf-8a03-99f419c430ec Heaviness: 6 limit: 5
2019-09-20 10:24:57,680 [RatisPipelineUtilsThread] INFO  pipeline.PipelinePlacementPolicy (PipelinePlacementPolicy.java:meetCriteria(91)) - Pipeline Placement: Doesn't meet the criteria to be viable node： cff8bf6b-8d20-4327-9f29-08a3c2b49247 Heaviness: 6 limit: 5
2019-09-20 10:24:57,680 [RatisPipelineUtilsThread] INFO  pipeline.PipelinePlacementPolicy (PipelinePlacementPolicy.java:meetCriteria(91)) - Pipeline Placement: Doesn't meet the criteria to be viable node： bb8f5112-316d-4974-a5a6-f698f3fbb5be Heaviness: 6 limit: 5
2019-09-20 10:24:57,686 [grpc-default-executor-4] INFO  impl.RaftServerProxy (RaftServerProxy.java:addNew(89)) - 99e70dd4-d763-4473-944c-c5628506dcf8: addNew group-D0A60C53CD0E:[99e70dd4-d763-4473-944c-c5628506dcf8:192.168.36.99:46869] returns group-D0A60C53CD0E:java.util.concurrent.CompletableFuture@c1395a[Not completed]
2019-09-20 10:24:57,687 [pool-284-thread-1] INFO  impl.RaftServerImpl (RaftServerImpl.java:<init>(93)) - 99e70dd4-d763-4473-944c-c5628506dcf8: new RaftServerImpl for group-D0A60C53CD0E:[99e70dd4-d763-4473-944c-c5628506dcf8:192.168.36.99:46869] with ContainerStateMachine:uninitialized
2019-09-20 10:24:57,687 [pool-284-thread-1] INFO  server.RaftServerConfigKeys (ConfUtils.java:logGet(43)) - raft.server.rpc.timeout.min = 5s (custom)
2019-09-20 10:24:57,687 [pool-284-thread-1] INFO  server.RaftServerConfigKeys (ConfUtils.java:logGet(43)) - raft.server.rpc.timeout.max = 5200ms (custom)
2019-09-20 10:24:57,687 [pool-284-thread-1] INFO  server.RaftServerConfigKeys (ConfUtils.java:logGet(43)) - raft.server.rpcslowness.timeout = 120s (custom)
2019-09-20 10:24:57,688 [pool-284-thread-1] INFO  server.RaftServerConfigKeys (ConfUtils.java:logGet(43)) - raft.server.sleep.deviation.threshold = 300 (default)
2019-09-20 10:24:57,688 [pool-284-thread-1] INFO  server.RaftServerConfigKeys (ConfUtils.java:logGet(43)) - raft.server.log.appender.install.snapshot.enabled = false (custom)
2019-09-20 10:24:57,688 [pool-284-thread-1] INFO  impl.RaftServerImpl (ServerState.java:<init>(105)) - 99e70dd4-d763-4473-944c-c5628506dcf8:group-D0A60C53CD0E ConfigurationManager, init=-1: [99e70dd4-d763-4473-944c-c5628506dcf8:192.168.36.99:46869], old=null, confs=<EMPTY_MAP>
2019-09-20 10:24:57,688 [pool-284-thread-1] INFO  server.RaftServerConfigKeys (ConfUtils.java:logGet(43)) - raft.server.storage.dir = [/workdir/hadoop-ozone/integration-test/target/test-dir/MiniOzoneClusterImpl-806821b2-061b-4172-afaf-fb68ff5248bd/datanode-6/data/ratis] (custom)
2019-09-20 10:24:57,688 [pool-284-thread-1] INFO  storage.RaftStorageDirectory (RaftStorageDirectory.java:analyzeStorage(246)) - The storage directory /workdir/hadoop-ozone/integration-test/target/test-dir/MiniOzoneClusterImpl-806821b2-061b-4172-afaf-fb68ff5248bd/datanode-6/data/ratis/9ed2b117-4d89-4708-843a-d0a60c53cd0e does not exist. Creating ...
2019-09-20 10:24:57,695 [main] INFO  ozone.MiniOzoneClusterImpl (MiniOzoneClusterImpl.java:lambda$waitForClusterToBeReady$0(142)) - Cluster is ready. Got 7 of 7 DN Heartbeats.
2019-09-20 10:24:57,715 [pool-284-thread-1] INFO  storage.RaftStorageDirectory (RaftStorageDirectory.java:tryLock(328)) - Lock on /workdir/hadoop-ozone/integration-test/target/test-dir/MiniOzoneClusterImpl-806821b2-061b-4172-afaf-fb68ff5248bd/datanode-6/data/ratis/9ed2b117-4d89-4708-843a-d0a60c53cd0e/in_use.lock acquired by nodename 28506@pr-hdds-1569-p5fx8-1226042367
2019-09-20 10:24:57,748 [pool-284-thread-1] INFO  storage.RaftStorage (RaftStorage.java:format(72)) - Storage directory /workdir/hadoop-ozone/integration-test/target/test-dir/MiniOzoneClusterImpl-806821b2-061b-4172-afaf-fb68ff5248bd/datanode-6/data/ratis/9ed2b117-4d89-4708-843a-d0a60c53cd0e has been successfully formatted.
2019-09-20 10:24:57,748 [pool-284-thread-1] INFO  ratis.ContainerStateMachine (ContainerStateMachine.java:loadSnapshot(226)) - group-D0A60C53CD0E: The snapshot info is null. Setting the last applied indexto:(t:0, i:~)
2019-09-20 10:24:57,749 [pool-284-thread-1] INFO  server.RaftServerConfigKeys (ConfUtils.java:logGet(43)) - raft.server.leader.election.timeout = 120s (custom)
2019-09-20 10:24:57,749 [pool-284-thread-1] INFO  server.RaftServerConfigKeys (ConfUtils.java:logGet(43)) - raft.server.log.use.memory = false (default)
2019-09-20 10:24:57,749 [pool-284-thread-1] INFO  server.RaftServerConfigKeys (ConfUtils.java:logGet(43)) - raft.server.log.purge.gap = 1000000 (custom)
2019-09-20 10:24:57,749 [pool-284-thread-1] INFO  server.RaftServerConfigKeys (ConfUtils.java:logGet(43)) - raft.server.log.appender.buffer.byte-limit = 33554432 (custom)
2019-09-20 10:24:57,749 [pool-284-thread-1] INFO  server.RaftServerConfigKeys (ConfUtils.java:logGet(43)) - raft.server.log.segment.size.max = 1048576 (custom)
2019-09-20 10:24:57,759 [pool-284-thread-1] INFO  server.RaftServerConfigKeys (ConfUtils.java:logGet(43)) - raft.server.log.segment.cache.num.max = 2 (custom)
2019-09-20 10:24:57,759 [pool-284-thread-1] INFO  segmented.SegmentedRaftLogWorker (SegmentedRaftLogWorker.java:<init>(172)) - new 99e70dd4-d763-4473-944c-c5628506dcf8-SegmentedRaftLogWorker:Storage Directory /workdir/hadoop-ozone/integration-test/target/test-dir/MiniOzoneClusterImpl-806821b2-061b-4172-afaf-fb68ff5248bd/datanode-6/data/ratis/9ed2b117-4d89-4708-843a-d0a60c53cd0e for RaftStorage:Storage Directory /workdir/hadoop-ozone/integration-test/target/test-dir/MiniOzoneClusterImpl-806821b2-061b-4172-afaf-fb68ff5248bd/datanode-6/data/ratis/9ed2b117-4d89-4708-843a-d0a60c53cd0e
2019-09-20 10:24:57,760 [pool-284-thread-1] INFO  server.RaftServerConfigKeys (ConfUtils.java:logGet(43)) - raft.server.log.queue.byte-limit = 2147483647 (custom)
2019-09-20 10:24:57,760 [pool-284-thread-1] INFO  server.RaftServerConfigKeys (ConfUtils.java:logGet(43)) - raft.server.log.queue.element-limit = 1024 (custom)
2019-09-20 10:24:57,760 [pool-284-thread-1] INFO  server.RaftServerConfigKeys (ConfUtils.java:logGet(43)) - raft.server.log.segment.size.max = 1048576 (custom)
2019-09-20 10:24:57,760 [pool-284-thread-1] INFO  server.RaftServerConfigKeys (ConfUtils.java:logGet(43)) - raft.server.log.preallocated.size = 16384 (custom)
2019-09-20 10:24:57,760 [pool-284-thread-1] INFO  server.RaftServerConfigKeys (ConfUtils.java:logGet(43)) - raft.server.log.write.buffer.size = 33554432 (custom)
2019-09-20 10:24:57,760 [pool-284-thread-1] INFO  server.RaftServerConfigKeys (ConfUtils.java:logGet(43)) - raft.server.log.force.sync.num = 128 (default)
2019-09-20 10:24:57,761 [pool-284-thread-1] INFO  server.RaftServerConfigKeys (ConfUtils.java:logGet(43)) - raft.server.log.statemachine.data.sync = true (default)
2019-09-20 10:24:57,761 [main] INFO  rpc.RpcClient (RpcClient.java:createVolume(293)) - Creating Volume: watchforcommithandlingtest, with jenkins1000 as owner.
2019-09-20 10:24:57,761 [pool-284-thread-1] INFO  server.RaftServerConfigKeys (ConfUtils.java:logGet(43)) - raft.server.log.statemachine.data.sync.timeout = 10s (default)
2019-09-20 10:24:57,761 [pool-284-thread-1] INFO  server.RaftServerConfigKeys (ConfUtils.java:logGet(43)) - raft.server.log.statemachine.data.sync.timeout.retry = -1 (default)
2019-09-20 10:24:57,761 [pool-284-thread-1] INFO  server.RaftServerConfigKeys (ConfUtils.java:logGet(43)) - raft.server.log.statemachine.data.caching.enabled = true (custom)
2019-09-20 10:24:57,762 [pool-284-thread-1] INFO  segmented.SegmentedRaftLogWorker (SegmentedRaftLogWorker.java:lambda$new$0(132)) - 99e70dd4-d763-4473-944c-c5628506dcf8-SegmentedRaftLogWorker:Storage Directory /workdir/hadoop-ozone/integration-test/target/test-dir/MiniOzoneClusterImpl-806821b2-061b-4172-afaf-fb68ff5248bd/datanode-6/data/ratis/9ed2b117-4d89-4708-843a-d0a60c53cd0e: flushIndex: setUnconditionally 0 -> -1
2019-09-20 10:24:57,762 [pool-284-thread-1] INFO  server.RaftServerConfigKeys (ConfUtils.java:logGet(43)) - raft.server.snapshot.auto.trigger.enabled = true (custom)
2019-09-20 10:24:57,762 [pool-284-thread-1] INFO  server.RaftServerConfigKeys (ConfUtils.java:logGet(43)) - raft.server.snapshot.auto.trigger.threshold = 10000 (custom)
2019-09-20 10:24:57,763 [pool-284-thread-1] INFO  server.RaftServerConfigKeys (ConfUtils.java:logGet(43)) - raft.server.retrycache.expirytime = 600000ms (custom)
2019-09-20 10:24:57,763 [pool-284-thread-1] INFO  impl.RaftServerImpl (RaftServerImpl.java:start(180)) - 99e70dd4-d763-4473-944c-c5628506dcf8: start group-D0A60C53CD0E
2019-09-20 10:24:57,763 [pool-284-thread-1] INFO  impl.RaftServerImpl (RaftServerImpl.java:setRole(171)) - 99e70dd4-d763-4473-944c-c5628506dcf8:group-D0A60C53CD0E changes role from null to FOLLOWER at term 0 for startAsFollower
2019-09-20 10:24:57,763 [pool-284-thread-1] INFO  impl.RoleInfo (RoleInfo.java:updateAndGet(143)) - 99e70dd4-d763-4473-944c-c5628506dcf8: start FollowerState
2019-09-20 10:24:57,764 [pool-284-thread-1] INFO  util.JmxRegister (JmxRegister.java:tryRegister(44)) - Successfully registered JMX Bean with object name Ratis:service=RaftServer,group=group-D0A60C53CD0E,id=99e70dd4-d763-4473-944c-c5628506dcf8
2019-09-20 10:24:57,766 [RatisPipelineUtilsThread] INFO  pipeline.PipelineStateManager (PipelineStateManager.java:addPipeline(56)) - Created pipeline Pipeline[ Id: 9ed2b117-4d89-4708-843a-d0a60c53cd0e, Nodes: 99e70dd4-d763-4473-944c-c5628506dcf8{ip: 192.168.36.99, host: pr-hdds-1569-p5fx8-1226042367, networkLocation: /default-rack, certSerialId: null}, Type:RATIS, Factor:ONE, State:OPEN]
2019-09-20 10:24:57,767 [RatisPipelineUtilsThread] INFO  pipeline.PipelinePlacementPolicy (PipelinePlacementPolicy.java:meetCriteria(91)) - Pipeline Placement: Doesn't meet the criteria to be viable node： 136f1953-bb94-4097-a2d4-422a6782bee0 Heaviness: 6 limit: 5
2019-09-20 10:24:57,767 [RatisPipelineUtilsThread] INFO  pipeline.PipelinePlacementPolicy (PipelinePlacementPolicy.java:meetCriteria(91)) - Pipeline Placement: Doesn't meet the criteria to be viable node： b5962e8e-c9f1-48aa-8eb4-d8f74b8afdbe Heaviness: 6 limit: 5
2019-09-20 10:24:57,767 [RatisPipelineUtilsThread] INFO  pipeline.PipelinePlacementPolicy (PipelinePlacementPolicy.java:meetCriteria(91)) - Pipeline Placement: Doesn't meet the criteria to be viable node： 61649f92-8c0f-475a-818d-1064548aeef6 Heaviness: 6 limit: 5
2019-09-20 10:24:57,767 [RatisPipelineUtilsThread] INFO  pipeline.PipelinePlacementPolicy (PipelinePlacementPolicy.java:meetCriteria(91)) - Pipeline Placement: Doesn't meet the criteria to be viable node： e8013689-2f13-4aaf-8a03-99f419c430ec Heaviness: 6 limit: 5
2019-09-20 10:24:57,767 [RatisPipelineUtilsThread] INFO  pipeline.PipelinePlacementPolicy (PipelinePlacementPolicy.java:meetCriteria(91)) - Pipeline Placement: Doesn't meet the criteria to be viable node： cff8bf6b-8d20-4327-9f29-08a3c2b49247 Heaviness: 6 limit: 5
2019-09-20 10:24:57,767 [RatisPipelineUtilsThread] INFO  pipeline.PipelinePlacementPolicy (PipelinePlacementPolicy.java:meetCriteria(91)) - Pipeline Placement: Doesn't meet the criteria to be viable node： bb8f5112-316d-4974-a5a6-f698f3fbb5be Heaviness: 6 limit: 5
2019-09-20 10:24:57,773 [grpc-default-executor-4] INFO  impl.RaftServerProxy (RaftServerProxy.java:addNew(89)) - 99e70dd4-d763-4473-944c-c5628506dcf8: addNew group-5542CC850C81:[99e70dd4-d763-4473-944c-c5628506dcf8:192.168.36.99:46869] returns group-5542CC850C81:java.util.concurrent.CompletableFuture@34bca021[Not completed]
2019-09-20 10:24:57,774 [pool-284-thread-1] INFO  impl.RaftServerImpl (RaftServerImpl.java:<init>(93)) - 99e70dd4-d763-4473-944c-c5628506dcf8: new RaftServerImpl for group-5542CC850C81:[99e70dd4-d763-4473-944c-c5628506dcf8:192.168.36.99:46869] with ContainerStateMachine:uninitialized
2019-09-20 10:24:57,774 [pool-284-thread-1] INFO  server.RaftServerConfigKeys (ConfUtils.java:logGet(43)) - raft.server.rpc.timeout.min = 5s (custom)
2019-09-20 10:24:57,774 [pool-284-thread-1] INFO  server.RaftServerConfigKeys (ConfUtils.java:logGet(43)) - raft.server.rpc.timeout.max = 5200ms (custom)
2019-09-20 10:24:57,774 [pool-284-thread-1] INFO  server.RaftServerConfigKeys (ConfUtils.java:logGet(43)) - raft.server.rpcslowness.timeout = 120s (custom)
2019-09-20 10:24:57,774 [pool-284-thread-1] INFO  server.RaftServerConfigKeys (ConfUtils.java:logGet(43)) - raft.server.sleep.deviation.threshold = 300 (default)
2019-09-20 10:24:57,774 [pool-284-thread-1] INFO  server.RaftServerConfigKeys (ConfUtils.java:logGet(43)) - raft.server.log.appender.install.snapshot.enabled = false (custom)
2019-09-20 10:24:57,775 [pool-284-thread-1] INFO  impl.RaftServerImpl (ServerState.java:<init>(105)) - 99e70dd4-d763-4473-944c-c5628506dcf8:group-5542CC850C81 ConfigurationManager, init=-1: [99e70dd4-d763-4473-944c-c5628506dcf8:192.168.36.99:46869], old=null, confs=<EMPTY_MAP>
2019-09-20 10:24:57,775 [pool-284-thread-1] INFO  server.RaftServerConfigKeys (ConfUtils.java:logGet(43)) - raft.server.storage.dir = [/workdir/hadoop-ozone/integration-test/target/test-dir/MiniOzoneClusterImpl-806821b2-061b-4172-afaf-fb68ff5248bd/datanode-6/data/ratis] (custom)
2019-09-20 10:24:57,775 [pool-284-thread-1] INFO  storage.RaftStorageDirectory (RaftStorageDirectory.java:analyzeStorage(246)) - The storage directory /workdir/hadoop-ozone/integration-test/target/test-dir/MiniOzoneClusterImpl-806821b2-061b-4172-afaf-fb68ff5248bd/datanode-6/data/ratis/42e5dfb2-9b38-41c6-a700-5542cc850c81 does not exist. Creating ...
2019-09-20 10:24:57,779 | INFO  | OMAudit | user=jenkins1000 | ip=127.0.0.1 | op=CREATE_VOLUME {admin=jenkins1000, owner=jenkins1000, volume=watchforcommithandlingtest, creationTime=1568975097763, quotaInBytes=1152921504606846976} | ret=SUCCESS |  
2019-09-20 10:24:57,812 | INFO  | OMAudit | user=jenkins1000 | ip=127.0.0.1 | op=READ_VOLUME {volume=watchforcommithandlingtest} | ret=SUCCESS |  
2019-09-20 10:24:57,813 [main] INFO  rpc.RpcClient (RpcClient.java:createBucket(432)) - Creating Bucket: watchforcommithandlingtest/watchforcommithandlingtest, with Versioning false and Storage Type set to DISK and Encryption set to false 
2019-09-20 10:24:57,821 | INFO  | OMAudit | user=jenkins1000 | ip=127.0.0.1 | op=CREATE_BUCKET {volume=watchforcommithandlingtest, bucket=watchforcommithandlingtest, acls=[user:jenkins1000:a[ACCESS], group:default:a[ACCESS]], isVersionEnabled=false, storageType=DISK, creationTime=0} | ret=SUCCESS |  
2019-09-20 10:24:57,822 [main] INFO  ozone.MiniOzoneClusterImpl (MiniOzoneClusterImpl.java:getStorageContainerLocationClient(241)) - Creating StorageContainerLocationProtocol RPC client with address /0.0.0.0:37393
2019-09-20 10:24:57,831 | INFO  | SCMAudit | user=jenkins1000 | ip=192.168.36.99 | op=SEND_HEARTBEAT {datanodeUUID=e8013689-2f13-4aaf-8a03-99f419c430ec, command=[]} | ret=SUCCESS |  
2019-09-20 10:24:57,831 [pool-284-thread-1] INFO  storage.RaftStorageDirectory (RaftStorageDirectory.java:tryLock(328)) - Lock on /workdir/hadoop-ozone/integration-test/target/test-dir/MiniOzoneClusterImpl-806821b2-061b-4172-afaf-fb68ff5248bd/datanode-6/data/ratis/42e5dfb2-9b38-41c6-a700-5542cc850c81/in_use.lock acquired by nodename 28506@pr-hdds-1569-p5fx8-1226042367
2019-09-20 10:24:57,857 [pool-284-thread-1] INFO  storage.RaftStorage (RaftStorage.java:format(72)) - Storage directory /workdir/hadoop-ozone/integration-test/target/test-dir/MiniOzoneClusterImpl-806821b2-061b-4172-afaf-fb68ff5248bd/datanode-6/data/ratis/42e5dfb2-9b38-41c6-a700-5542cc850c81 has been successfully formatted.
2019-09-20 10:24:57,857 [pool-284-thread-1] INFO  ratis.ContainerStateMachine (ContainerStateMachine.java:loadSnapshot(226)) - group-5542CC850C81: The snapshot info is null. Setting the last applied indexto:(t:0, i:~)
2019-09-20 10:24:57,857 [pool-284-thread-1] INFO  server.RaftServerConfigKeys (ConfUtils.java:logGet(43)) - raft.server.leader.election.timeout = 120s (custom)
2019-09-20 10:24:57,858 [pool-284-thread-1] INFO  server.RaftServerConfigKeys (ConfUtils.java:logGet(43)) - raft.server.log.use.memory = false (default)
2019-09-20 10:24:57,858 [pool-284-thread-1] INFO  server.RaftServerConfigKeys (ConfUtils.java:logGet(43)) - raft.server.log.purge.gap = 1000000 (custom)
2019-09-20 10:24:57,858 [pool-284-thread-1] INFO  server.RaftServerConfigKeys (ConfUtils.java:logGet(43)) - raft.server.log.appender.buffer.byte-limit = 33554432 (custom)
2019-09-20 10:24:57,858 [pool-284-thread-1] INFO  server.RaftServerConfigKeys (ConfUtils.java:logGet(43)) - raft.server.log.segment.size.max = 1048576 (custom)
2019-09-20 10:24:57,858 [pool-284-thread-1] INFO  server.RaftServerConfigKeys (ConfUtils.java:logGet(43)) - raft.server.log.segment.cache.num.max = 2 (custom)
2019-09-20 10:24:57,858 [pool-284-thread-1] INFO  segmented.SegmentedRaftLogWorker (SegmentedRaftLogWorker.java:<init>(172)) - new 99e70dd4-d763-4473-944c-c5628506dcf8-SegmentedRaftLogWorker:Storage Directory /workdir/hadoop-ozone/integration-test/target/test-dir/MiniOzoneClusterImpl-806821b2-061b-4172-afaf-fb68ff5248bd/datanode-6/data/ratis/42e5dfb2-9b38-41c6-a700-5542cc850c81 for RaftStorage:Storage Directory /workdir/hadoop-ozone/integration-test/target/test-dir/MiniOzoneClusterImpl-806821b2-061b-4172-afaf-fb68ff5248bd/datanode-6/data/ratis/42e5dfb2-9b38-41c6-a700-5542cc850c81
2019-09-20 10:24:57,859 [pool-284-thread-1] INFO  server.RaftServerConfigKeys (ConfUtils.java:logGet(43)) - raft.server.log.queue.byte-limit = 2147483647 (custom)
2019-09-20 10:24:57,859 [pool-284-thread-1] INFO  server.RaftServerConfigKeys (ConfUtils.java:logGet(43)) - raft.server.log.queue.element-limit = 1024 (custom)
2019-09-20 10:24:57,859 [pool-284-thread-1] INFO  server.RaftServerConfigKeys (ConfUtils.java:logGet(43)) - raft.server.log.segment.size.max = 1048576 (custom)
2019-09-20 10:24:57,859 [pool-284-thread-1] INFO  server.RaftServerConfigKeys (ConfUtils.java:logGet(43)) - raft.server.log.preallocated.size = 16384 (custom)
2019-09-20 10:24:57,859 [pool-284-thread-1] INFO  server.RaftServerConfigKeys (ConfUtils.java:logGet(43)) - raft.server.log.write.buffer.size = 33554432 (custom)
2019-09-20 10:24:57,859 [pool-284-thread-1] INFO  server.RaftServerConfigKeys (ConfUtils.java:logGet(43)) - raft.server.log.force.sync.num = 128 (default)
2019-09-20 10:24:57,860 [pool-284-thread-1] INFO  server.RaftServerConfigKeys (ConfUtils.java:logGet(43)) - raft.server.log.statemachine.data.sync = true (default)
2019-09-20 10:24:57,860 [pool-284-thread-1] INFO  server.RaftServerConfigKeys (ConfUtils.java:logGet(43)) - raft.server.log.statemachine.data.sync.timeout = 10s (default)
2019-09-20 10:24:57,860 [pool-284-thread-1] INFO  server.RaftServerConfigKeys (ConfUtils.java:logGet(43)) - raft.server.log.statemachine.data.sync.timeout.retry = -1 (default)
2019-09-20 10:24:57,860 [pool-284-thread-1] INFO  server.RaftServerConfigKeys (ConfUtils.java:logGet(43)) - raft.server.log.statemachine.data.caching.enabled = true (custom)
2019-09-20 10:24:57,861 [pool-284-thread-1] INFO  segmented.SegmentedRaftLogWorker (SegmentedRaftLogWorker.java:lambda$new$0(132)) - 99e70dd4-d763-4473-944c-c5628506dcf8-SegmentedRaftLogWorker:Storage Directory /workdir/hadoop-ozone/integration-test/target/test-dir/MiniOzoneClusterImpl-806821b2-061b-4172-afaf-fb68ff5248bd/datanode-6/data/ratis/42e5dfb2-9b38-41c6-a700-5542cc850c81: flushIndex: setUnconditionally 0 -> -1
2019-09-20 10:24:57,861 [pool-284-thread-1] INFO  server.RaftServerConfigKeys (ConfUtils.java:logGet(43)) - raft.server.snapshot.auto.trigger.enabled = true (custom)
2019-09-20 10:24:57,861 [pool-284-thread-1] INFO  server.RaftServerConfigKeys (ConfUtils.java:logGet(43)) - raft.server.snapshot.auto.trigger.threshold = 10000 (custom)
2019-09-20 10:24:57,861 [pool-284-thread-1] INFO  server.RaftServerConfigKeys (ConfUtils.java:logGet(43)) - raft.server.retrycache.expirytime = 600000ms (custom)
2019-09-20 10:24:57,862 [pool-284-thread-1] INFO  impl.RaftServerImpl (RaftServerImpl.java:start(180)) - 99e70dd4-d763-4473-944c-c5628506dcf8: start group-5542CC850C81
2019-09-20 10:24:57,862 [pool-284-thread-1] INFO  impl.RaftServerImpl (RaftServerImpl.java:setRole(171)) - 99e70dd4-d763-4473-944c-c5628506dcf8:group-5542CC850C81 changes role from null to FOLLOWER at term 0 for startAsFollower
2019-09-20 10:24:57,862 [pool-284-thread-1] INFO  impl.RoleInfo (RoleInfo.java:updateAndGet(143)) - 99e70dd4-d763-4473-944c-c5628506dcf8: start FollowerState
2019-09-20 10:24:57,862 [pool-284-thread-1] INFO  util.JmxRegister (JmxRegister.java:tryRegister(44)) - Successfully registered JMX Bean with object name Ratis:service=RaftServer,group=group-5542CC850C81,id=99e70dd4-d763-4473-944c-c5628506dcf8
2019-09-20 10:24:57,866 [RatisPipelineUtilsThread] INFO  pipeline.PipelineStateManager (PipelineStateManager.java:addPipeline(56)) - Created pipeline Pipeline[ Id: 42e5dfb2-9b38-41c6-a700-5542cc850c81, Nodes: 99e70dd4-d763-4473-944c-c5628506dcf8{ip: 192.168.36.99, host: pr-hdds-1569-p5fx8-1226042367, networkLocation: /default-rack, certSerialId: null}, Type:RATIS, Factor:ONE, State:OPEN]
2019-09-20 10:24:57,866 [RatisPipelineUtilsThread] INFO  pipeline.PipelinePlacementPolicy (PipelinePlacementPolicy.java:meetCriteria(91)) - Pipeline Placement: Doesn't meet the criteria to be viable node： 136f1953-bb94-4097-a2d4-422a6782bee0 Heaviness: 6 limit: 5
2019-09-20 10:24:57,866 [RatisPipelineUtilsThread] INFO  pipeline.PipelinePlacementPolicy (PipelinePlacementPolicy.java:meetCriteria(91)) - Pipeline Placement: Doesn't meet the criteria to be viable node： b5962e8e-c9f1-48aa-8eb4-d8f74b8afdbe Heaviness: 6 limit: 5
2019-09-20 10:24:57,867 [RatisPipelineUtilsThread] INFO  pipeline.PipelinePlacementPolicy (PipelinePlacementPolicy.java:meetCriteria(91)) - Pipeline Placement: Doesn't meet the criteria to be viable node： 61649f92-8c0f-475a-818d-1064548aeef6 Heaviness: 6 limit: 5
2019-09-20 10:24:57,867 [RatisPipelineUtilsThread] INFO  pipeline.PipelinePlacementPolicy (PipelinePlacementPolicy.java:meetCriteria(91)) - Pipeline Placement: Doesn't meet the criteria to be viable node： e8013689-2f13-4aaf-8a03-99f419c430ec Heaviness: 6 limit: 5
2019-09-20 10:24:57,867 [RatisPipelineUtilsThread] INFO  pipeline.PipelinePlacementPolicy (PipelinePlacementPolicy.java:meetCriteria(91)) - Pipeline Placement: Doesn't meet the criteria to be viable node： cff8bf6b-8d20-4327-9f29-08a3c2b49247 Heaviness: 6 limit: 5
2019-09-20 10:24:57,867 [RatisPipelineUtilsThread] INFO  pipeline.PipelinePlacementPolicy (PipelinePlacementPolicy.java:meetCriteria(91)) - Pipeline Placement: Doesn't meet the criteria to be viable node： bb8f5112-316d-4974-a5a6-f698f3fbb5be Heaviness: 6 limit: 5
2019-09-20 10:24:57,873 [grpc-default-executor-4] INFO  impl.RaftServerProxy (RaftServerProxy.java:addNew(89)) - 99e70dd4-d763-4473-944c-c5628506dcf8: addNew group-496F8780B312:[99e70dd4-d763-4473-944c-c5628506dcf8:192.168.36.99:46869] returns group-496F8780B312:java.util.concurrent.CompletableFuture@3036fce1[Not completed]
2019-09-20 10:24:57,874 [pool-284-thread-1] INFO  impl.RaftServerImpl (RaftServerImpl.java:<init>(93)) - 99e70dd4-d763-4473-944c-c5628506dcf8: new RaftServerImpl for group-496F8780B312:[99e70dd4-d763-4473-944c-c5628506dcf8:192.168.36.99:46869] with ContainerStateMachine:uninitialized
2019-09-20 10:24:57,874 [pool-284-thread-1] INFO  server.RaftServerConfigKeys (ConfUtils.java:logGet(43)) - raft.server.rpc.timeout.min = 5s (custom)
2019-09-20 10:24:57,875 [pool-284-thread-1] INFO  server.RaftServerConfigKeys (ConfUtils.java:logGet(43)) - raft.server.rpc.timeout.max = 5200ms (custom)
2019-09-20 10:24:57,875 [pool-284-thread-1] INFO  server.RaftServerConfigKeys (ConfUtils.java:logGet(43)) - raft.server.rpcslowness.timeout = 120s (custom)
2019-09-20 10:24:57,875 [pool-284-thread-1] INFO  server.RaftServerConfigKeys (ConfUtils.java:logGet(43)) - raft.server.sleep.deviation.threshold = 300 (default)
2019-09-20 10:24:57,875 [pool-284-thread-1] INFO  server.RaftServerConfigKeys (ConfUtils.java:logGet(43)) - raft.server.log.appender.install.snapshot.enabled = false (custom)
2019-09-20 10:24:57,875 [pool-284-thread-1] INFO  impl.RaftServerImpl (ServerState.java:<init>(105)) - 99e70dd4-d763-4473-944c-c5628506dcf8:group-496F8780B312 ConfigurationManager, init=-1: [99e70dd4-d763-4473-944c-c5628506dcf8:192.168.36.99:46869], old=null, confs=<EMPTY_MAP>
2019-09-20 10:24:57,875 [pool-284-thread-1] INFO  server.RaftServerConfigKeys (ConfUtils.java:logGet(43)) - raft.server.storage.dir = [/workdir/hadoop-ozone/integration-test/target/test-dir/MiniOzoneClusterImpl-806821b2-061b-4172-afaf-fb68ff5248bd/datanode-6/data/ratis] (custom)
2019-09-20 10:24:57,876 [pool-284-thread-1] INFO  storage.RaftStorageDirectory (RaftStorageDirectory.java:analyzeStorage(246)) - The storage directory /workdir/hadoop-ozone/integration-test/target/test-dir/MiniOzoneClusterImpl-806821b2-061b-4172-afaf-fb68ff5248bd/datanode-6/data/ratis/6668b571-7404-4c4c-b041-496f8780b312 does not exist. Creating ...
2019-09-20 10:24:57,899 [pool-284-thread-1] INFO  storage.RaftStorageDirectory (RaftStorageDirectory.java:tryLock(328)) - Lock on /workdir/hadoop-ozone/integration-test/target/test-dir/MiniOzoneClusterImpl-806821b2-061b-4172-afaf-fb68ff5248bd/datanode-6/data/ratis/6668b571-7404-4c4c-b041-496f8780b312/in_use.lock acquired by nodename 28506@pr-hdds-1569-p5fx8-1226042367
2019-09-20 10:24:57,899 | INFO  | SCMAudit | user=jenkins1000 | ip=192.168.36.99 | op=SEND_HEARTBEAT {datanodeUUID=b5962e8e-c9f1-48aa-8eb4-d8f74b8afdbe, command=[]} | ret=SUCCESS |  
2019-09-20 10:24:57,924 [pool-284-thread-1] INFO  storage.RaftStorage (RaftStorage.java:format(72)) - Storage directory /workdir/hadoop-ozone/integration-test/target/test-dir/MiniOzoneClusterImpl-806821b2-061b-4172-afaf-fb68ff5248bd/datanode-6/data/ratis/6668b571-7404-4c4c-b041-496f8780b312 has been successfully formatted.
2019-09-20 10:24:57,925 [pool-284-thread-1] INFO  ratis.ContainerStateMachine (ContainerStateMachine.java:loadSnapshot(226)) - group-496F8780B312: The snapshot info is null. Setting the last applied indexto:(t:0, i:~)
2019-09-20 10:24:57,925 [pool-284-thread-1] INFO  server.RaftServerConfigKeys (ConfUtils.java:logGet(43)) - raft.server.leader.election.timeout = 120s (custom)
2019-09-20 10:24:57,925 [pool-284-thread-1] INFO  server.RaftServerConfigKeys (ConfUtils.java:logGet(43)) - raft.server.log.use.memory = false (default)
2019-09-20 10:24:57,925 [pool-284-thread-1] INFO  server.RaftServerConfigKeys (ConfUtils.java:logGet(43)) - raft.server.log.purge.gap = 1000000 (custom)
2019-09-20 10:24:57,925 [pool-284-thread-1] INFO  server.RaftServerConfigKeys (ConfUtils.java:logGet(43)) - raft.server.log.appender.buffer.byte-limit = 33554432 (custom)
2019-09-20 10:24:57,926 [pool-284-thread-1] INFO  server.RaftServerConfigKeys (ConfUtils.java:logGet(43)) - raft.server.log.segment.size.max = 1048576 (custom)
2019-09-20 10:24:57,926 [pool-284-thread-1] INFO  server.RaftServerConfigKeys (ConfUtils.java:logGet(43)) - raft.server.log.segment.cache.num.max = 2 (custom)
2019-09-20 10:24:57,926 [pool-284-thread-1] INFO  segmented.SegmentedRaftLogWorker (SegmentedRaftLogWorker.java:<init>(172)) - new 99e70dd4-d763-4473-944c-c5628506dcf8-SegmentedRaftLogWorker:Storage Directory /workdir/hadoop-ozone/integration-test/target/test-dir/MiniOzoneClusterImpl-806821b2-061b-4172-afaf-fb68ff5248bd/datanode-6/data/ratis/6668b571-7404-4c4c-b041-496f8780b312 for RaftStorage:Storage Directory /workdir/hadoop-ozone/integration-test/target/test-dir/MiniOzoneClusterImpl-806821b2-061b-4172-afaf-fb68ff5248bd/datanode-6/data/ratis/6668b571-7404-4c4c-b041-496f8780b312
2019-09-20 10:24:57,926 [pool-284-thread-1] INFO  server.RaftServerConfigKeys (ConfUtils.java:logGet(43)) - raft.server.log.queue.byte-limit = 2147483647 (custom)
2019-09-20 10:24:57,926 [pool-284-thread-1] INFO  server.RaftServerConfigKeys (ConfUtils.java:logGet(43)) - raft.server.log.queue.element-limit = 1024 (custom)
2019-09-20 10:24:57,927 [pool-284-thread-1] INFO  server.RaftServerConfigKeys (ConfUtils.java:logGet(43)) - raft.server.log.segment.size.max = 1048576 (custom)
2019-09-20 10:24:57,927 [pool-284-thread-1] INFO  server.RaftServerConfigKeys (ConfUtils.java:logGet(43)) - raft.server.log.preallocated.size = 16384 (custom)
2019-09-20 10:24:57,927 [pool-284-thread-1] INFO  server.RaftServerConfigKeys (ConfUtils.java:logGet(43)) - raft.server.log.write.buffer.size = 33554432 (custom)
2019-09-20 10:24:57,927 [pool-284-thread-1] INFO  server.RaftServerConfigKeys (ConfUtils.java:logGet(43)) - raft.server.log.force.sync.num = 128 (default)
2019-09-20 10:24:57,927 [pool-284-thread-1] INFO  server.RaftServerConfigKeys (ConfUtils.java:logGet(43)) - raft.server.log.statemachine.data.sync = true (default)
2019-09-20 10:24:57,927 [pool-284-thread-1] INFO  server.RaftServerConfigKeys (ConfUtils.java:logGet(43)) - raft.server.log.statemachine.data.sync.timeout = 10s (default)
2019-09-20 10:24:57,928 [pool-284-thread-1] INFO  server.RaftServerConfigKeys (ConfUtils.java:logGet(43)) - raft.server.log.statemachine.data.sync.timeout.retry = -1 (default)
2019-09-20 10:24:57,928 [pool-284-thread-1] INFO  server.RaftServerConfigKeys (ConfUtils.java:logGet(43)) - raft.server.log.statemachine.data.caching.enabled = true (custom)
2019-09-20 10:24:57,928 [pool-284-thread-1] INFO  segmented.SegmentedRaftLogWorker (SegmentedRaftLogWorker.java:lambda$new$0(132)) - 99e70dd4-d763-4473-944c-c5628506dcf8-SegmentedRaftLogWorker:Storage Directory /workdir/hadoop-ozone/integration-test/target/test-dir/MiniOzoneClusterImpl-806821b2-061b-4172-afaf-fb68ff5248bd/datanode-6/data/ratis/6668b571-7404-4c4c-b041-496f8780b312: flushIndex: setUnconditionally 0 -> -1
2019-09-20 10:24:57,929 [pool-284-thread-1] INFO  server.RaftServerConfigKeys (ConfUtils.java:logGet(43)) - raft.server.snapshot.auto.trigger.enabled = true (custom)
2019-09-20 10:24:57,929 [pool-284-thread-1] INFO  server.RaftServerConfigKeys (ConfUtils.java:logGet(43)) - raft.server.snapshot.auto.trigger.threshold = 10000 (custom)
2019-09-20 10:24:57,929 [pool-284-thread-1] INFO  server.RaftServerConfigKeys (ConfUtils.java:logGet(43)) - raft.server.retrycache.expirytime = 600000ms (custom)
2019-09-20 10:24:57,929 [pool-284-thread-1] INFO  impl.RaftServerImpl (RaftServerImpl.java:start(180)) - 99e70dd4-d763-4473-944c-c5628506dcf8: start group-496F8780B312
2019-09-20 10:24:57,929 [pool-284-thread-1] INFO  impl.RaftServerImpl (RaftServerImpl.java:setRole(171)) - 99e70dd4-d763-4473-944c-c5628506dcf8:group-496F8780B312 changes role from null to FOLLOWER at term 0 for startAsFollower
2019-09-20 10:24:57,929 [pool-284-thread-1] INFO  impl.RoleInfo (RoleInfo.java:updateAndGet(143)) - 99e70dd4-d763-4473-944c-c5628506dcf8: start FollowerState
2019-09-20 10:24:57,930 [pool-284-thread-1] INFO  util.JmxRegister (JmxRegister.java:tryRegister(44)) - Successfully registered JMX Bean with object name Ratis:service=RaftServer,group=group-496F8780B312,id=99e70dd4-d763-4473-944c-c5628506dcf8
2019-09-20 10:24:57,933 [RatisPipelineUtilsThread] INFO  pipeline.PipelineStateManager (PipelineStateManager.java:addPipeline(56)) - Created pipeline Pipeline[ Id: 6668b571-7404-4c4c-b041-496f8780b312, Nodes: 99e70dd4-d763-4473-944c-c5628506dcf8{ip: 192.168.36.99, host: pr-hdds-1569-p5fx8-1226042367, networkLocation: /default-rack, certSerialId: null}, Type:RATIS, Factor:ONE, State:OPEN]
2019-09-20 10:24:57,933 [RatisPipelineUtilsThread] INFO  pipeline.PipelinePlacementPolicy (PipelinePlacementPolicy.java:meetCriteria(91)) - Pipeline Placement: Doesn't meet the criteria to be viable node： 136f1953-bb94-4097-a2d4-422a6782bee0 Heaviness: 6 limit: 5
2019-09-20 10:24:57,933 [RatisPipelineUtilsThread] INFO  pipeline.PipelinePlacementPolicy (PipelinePlacementPolicy.java:meetCriteria(91)) - Pipeline Placement: Doesn't meet the criteria to be viable node： b5962e8e-c9f1-48aa-8eb4-d8f74b8afdbe Heaviness: 6 limit: 5
2019-09-20 10:24:57,933 [RatisPipelineUtilsThread] INFO  pipeline.PipelinePlacementPolicy (PipelinePlacementPolicy.java:meetCriteria(91)) - Pipeline Placement: Doesn't meet the criteria to be viable node： 61649f92-8c0f-475a-818d-1064548aeef6 Heaviness: 6 limit: 5
2019-09-20 10:24:57,934 [RatisPipelineUtilsThread] INFO  pipeline.PipelinePlacementPolicy (PipelinePlacementPolicy.java:meetCriteria(91)) - Pipeline Placement: Doesn't meet the criteria to be viable node： e8013689-2f13-4aaf-8a03-99f419c430ec Heaviness: 6 limit: 5
2019-09-20 10:24:57,934 [RatisPipelineUtilsThread] INFO  pipeline.PipelinePlacementPolicy (PipelinePlacementPolicy.java:meetCriteria(91)) - Pipeline Placement: Doesn't meet the criteria to be viable node： cff8bf6b-8d20-4327-9f29-08a3c2b49247 Heaviness: 6 limit: 5
2019-09-20 10:24:57,934 [RatisPipelineUtilsThread] INFO  pipeline.PipelinePlacementPolicy (PipelinePlacementPolicy.java:meetCriteria(91)) - Pipeline Placement: Doesn't meet the criteria to be viable node： bb8f5112-316d-4974-a5a6-f698f3fbb5be Heaviness: 6 limit: 5
2019-09-20 10:24:57,939 [grpc-default-executor-4] INFO  impl.RaftServerProxy (RaftServerProxy.java:addNew(89)) - 99e70dd4-d763-4473-944c-c5628506dcf8: addNew group-335F5008A6D5:[99e70dd4-d763-4473-944c-c5628506dcf8:192.168.36.99:46869] returns group-335F5008A6D5:java.util.concurrent.CompletableFuture@5112194f[Not completed]
2019-09-20 10:24:57,940 [pool-284-thread-1] INFO  impl.RaftServerImpl (RaftServerImpl.java:<init>(93)) - 99e70dd4-d763-4473-944c-c5628506dcf8: new RaftServerImpl for group-335F5008A6D5:[99e70dd4-d763-4473-944c-c5628506dcf8:192.168.36.99:46869] with ContainerStateMachine:uninitialized
2019-09-20 10:24:57,940 [pool-284-thread-1] INFO  server.RaftServerConfigKeys (ConfUtils.java:logGet(43)) - raft.server.rpc.timeout.min = 5s (custom)
2019-09-20 10:24:57,941 [pool-284-thread-1] INFO  server.RaftServerConfigKeys (ConfUtils.java:logGet(43)) - raft.server.rpc.timeout.max = 5200ms (custom)
2019-09-20 10:24:57,941 [pool-284-thread-1] INFO  server.RaftServerConfigKeys (ConfUtils.java:logGet(43)) - raft.server.rpcslowness.timeout = 120s (custom)
2019-09-20 10:24:57,941 [pool-284-thread-1] INFO  server.RaftServerConfigKeys (ConfUtils.java:logGet(43)) - raft.server.sleep.deviation.threshold = 300 (default)
2019-09-20 10:24:57,941 [pool-284-thread-1] INFO  server.RaftServerConfigKeys (ConfUtils.java:logGet(43)) - raft.server.log.appender.install.snapshot.enabled = false (custom)
2019-09-20 10:24:57,941 [pool-284-thread-1] INFO  impl.RaftServerImpl (ServerState.java:<init>(105)) - 99e70dd4-d763-4473-944c-c5628506dcf8:group-335F5008A6D5 ConfigurationManager, init=-1: [99e70dd4-d763-4473-944c-c5628506dcf8:192.168.36.99:46869], old=null, confs=<EMPTY_MAP>
2019-09-20 10:24:57,941 [pool-284-thread-1] INFO  server.RaftServerConfigKeys (ConfUtils.java:logGet(43)) - raft.server.storage.dir = [/workdir/hadoop-ozone/integration-test/target/test-dir/MiniOzoneClusterImpl-806821b2-061b-4172-afaf-fb68ff5248bd/datanode-6/data/ratis] (custom)
2019-09-20 10:24:57,942 [pool-284-thread-1] INFO  storage.RaftStorageDirectory (RaftStorageDirectory.java:analyzeStorage(246)) - The storage directory /workdir/hadoop-ozone/integration-test/target/test-dir/MiniOzoneClusterImpl-806821b2-061b-4172-afaf-fb68ff5248bd/datanode-6/data/ratis/85f25d20-cad3-49af-822a-335f5008a6d5 does not exist. Creating ...
2019-09-20 10:24:57,966 [pool-284-thread-1] INFO  storage.RaftStorageDirectory (RaftStorageDirectory.java:tryLock(328)) - Lock on /workdir/hadoop-ozone/integration-test/target/test-dir/MiniOzoneClusterImpl-806821b2-061b-4172-afaf-fb68ff5248bd/datanode-6/data/ratis/85f25d20-cad3-49af-822a-335f5008a6d5/in_use.lock acquired by nodename 28506@pr-hdds-1569-p5fx8-1226042367
2019-09-20 10:24:57,992 [pool-284-thread-1] INFO  storage.RaftStorage (RaftStorage.java:format(72)) - Storage directory /workdir/hadoop-ozone/integration-test/target/test-dir/MiniOzoneClusterImpl-806821b2-061b-4172-afaf-fb68ff5248bd/datanode-6/data/ratis/85f25d20-cad3-49af-822a-335f5008a6d5 has been successfully formatted.
2019-09-20 10:24:57,992 [pool-284-thread-1] INFO  ratis.ContainerStateMachine (ContainerStateMachine.java:loadSnapshot(226)) - group-335F5008A6D5: The snapshot info is null. Setting the last applied indexto:(t:0, i:~)
2019-09-20 10:24:57,992 [pool-284-thread-1] INFO  server.RaftServerConfigKeys (ConfUtils.java:logGet(43)) - raft.server.leader.election.timeout = 120s (custom)
2019-09-20 10:24:57,992 [pool-284-thread-1] INFO  server.RaftServerConfigKeys (ConfUtils.java:logGet(43)) - raft.server.log.use.memory = false (default)
2019-09-20 10:24:57,993 [pool-284-thread-1] INFO  server.RaftServerConfigKeys (ConfUtils.java:logGet(43)) - raft.server.log.purge.gap = 1000000 (custom)
2019-09-20 10:24:57,993 [pool-284-thread-1] INFO  server.RaftServerConfigKeys (ConfUtils.java:logGet(43)) - raft.server.log.appender.buffer.byte-limit = 33554432 (custom)
2019-09-20 10:24:57,993 [pool-284-thread-1] INFO  server.RaftServerConfigKeys (ConfUtils.java:logGet(43)) - raft.server.log.segment.size.max = 1048576 (custom)
2019-09-20 10:24:57,993 [pool-284-thread-1] INFO  server.RaftServerConfigKeys (ConfUtils.java:logGet(43)) - raft.server.log.segment.cache.num.max = 2 (custom)
2019-09-20 10:24:57,993 [pool-284-thread-1] INFO  segmented.SegmentedRaftLogWorker (SegmentedRaftLogWorker.java:<init>(172)) - new 99e70dd4-d763-4473-944c-c5628506dcf8-SegmentedRaftLogWorker:Storage Directory /workdir/hadoop-ozone/integration-test/target/test-dir/MiniOzoneClusterImpl-806821b2-061b-4172-afaf-fb68ff5248bd/datanode-6/data/ratis/85f25d20-cad3-49af-822a-335f5008a6d5 for RaftStorage:Storage Directory /workdir/hadoop-ozone/integration-test/target/test-dir/MiniOzoneClusterImpl-806821b2-061b-4172-afaf-fb68ff5248bd/datanode-6/data/ratis/85f25d20-cad3-49af-822a-335f5008a6d5
2019-09-20 10:24:57,993 [pool-284-thread-1] INFO  server.RaftServerConfigKeys (ConfUtils.java:logGet(43)) - raft.server.log.queue.byte-limit = 2147483647 (custom)
2019-09-20 10:24:57,994 [pool-284-thread-1] INFO  server.RaftServerConfigKeys (ConfUtils.java:logGet(43)) - raft.server.log.queue.element-limit = 1024 (custom)
2019-09-20 10:24:57,994 [pool-284-thread-1] INFO  server.RaftServerConfigKeys (ConfUtils.java:logGet(43)) - raft.server.log.segment.size.max = 1048576 (custom)
2019-09-20 10:24:57,994 [pool-284-thread-1] INFO  server.RaftServerConfigKeys (ConfUtils.java:logGet(43)) - raft.server.log.preallocated.size = 16384 (custom)
2019-09-20 10:24:57,994 [pool-284-thread-1] INFO  server.RaftServerConfigKeys (ConfUtils.java:logGet(43)) - raft.server.log.write.buffer.size = 33554432 (custom)
2019-09-20 10:24:57,994 [pool-284-thread-1] INFO  server.RaftServerConfigKeys (ConfUtils.java:logGet(43)) - raft.server.log.force.sync.num = 128 (default)
2019-09-20 10:24:57,994 [pool-284-thread-1] INFO  server.RaftServerConfigKeys (ConfUtils.java:logGet(43)) - raft.server.log.statemachine.data.sync = true (default)
2019-09-20 10:24:57,995 [pool-284-thread-1] INFO  server.RaftServerConfigKeys (ConfUtils.java:logGet(43)) - raft.server.log.statemachine.data.sync.timeout = 10s (default)
2019-09-20 10:24:57,995 [pool-284-thread-1] INFO  server.RaftServerConfigKeys (ConfUtils.java:logGet(43)) - raft.server.log.statemachine.data.sync.timeout.retry = -1 (default)
2019-09-20 10:24:57,995 [pool-284-thread-1] INFO  server.RaftServerConfigKeys (ConfUtils.java:logGet(43)) - raft.server.log.statemachine.data.caching.enabled = true (custom)
2019-09-20 10:24:57,995 [pool-284-thread-1] INFO  segmented.SegmentedRaftLogWorker (SegmentedRaftLogWorker.java:lambda$new$0(132)) - 99e70dd4-d763-4473-944c-c5628506dcf8-SegmentedRaftLogWorker:Storage Directory /workdir/hadoop-ozone/integration-test/target/test-dir/MiniOzoneClusterImpl-806821b2-061b-4172-afaf-fb68ff5248bd/datanode-6/data/ratis/85f25d20-cad3-49af-822a-335f5008a6d5: flushIndex: setUnconditionally 0 -> -1
2019-09-20 10:24:57,996 [pool-284-thread-1] INFO  server.RaftServerConfigKeys (ConfUtils.java:logGet(43)) - raft.server.snapshot.auto.trigger.enabled = true (custom)
2019-09-20 10:24:57,996 [pool-284-thread-1] INFO  server.RaftServerConfigKeys (ConfUtils.java:logGet(43)) - raft.server.snapshot.auto.trigger.threshold = 10000 (custom)
2019-09-20 10:24:57,996 [pool-284-thread-1] INFO  server.RaftServerConfigKeys (ConfUtils.java:logGet(43)) - raft.server.retrycache.expirytime = 600000ms (custom)
2019-09-20 10:24:57,996 [pool-284-thread-1] INFO  impl.RaftServerImpl (RaftServerImpl.java:start(180)) - 99e70dd4-d763-4473-944c-c5628506dcf8: start group-335F5008A6D5
2019-09-20 10:24:57,996 [pool-284-thread-1] INFO  impl.RaftServerImpl (RaftServerImpl.java:setRole(171)) - 99e70dd4-d763-4473-944c-c5628506dcf8:group-335F5008A6D5 changes role from null to FOLLOWER at term 0 for startAsFollower
2019-09-20 10:24:57,996 [pool-284-thread-1] INFO  impl.RoleInfo (RoleInfo.java:updateAndGet(143)) - 99e70dd4-d763-4473-944c-c5628506dcf8: start FollowerState
2019-09-20 10:24:57,997 [pool-284-thread-1] INFO  util.JmxRegister (JmxRegister.java:tryRegister(44)) - Successfully registered JMX Bean with object name Ratis:service=RaftServer,group=group-335F5008A6D5,id=99e70dd4-d763-4473-944c-c5628506dcf8
2019-09-20 10:24:57,999 [RatisPipelineUtilsThread] INFO  pipeline.PipelineStateManager (PipelineStateManager.java:addPipeline(56)) - Created pipeline Pipeline[ Id: 85f25d20-cad3-49af-822a-335f5008a6d5, Nodes: 99e70dd4-d763-4473-944c-c5628506dcf8{ip: 192.168.36.99, host: pr-hdds-1569-p5fx8-1226042367, networkLocation: /default-rack, certSerialId: null}, Type:RATIS, Factor:ONE, State:OPEN]
2019-09-20 10:24:58,000 [RatisPipelineUtilsThread] INFO  pipeline.PipelinePlacementPolicy (PipelinePlacementPolicy.java:meetCriteria(91)) - Pipeline Placement: Doesn't meet the criteria to be viable node： 136f1953-bb94-4097-a2d4-422a6782bee0 Heaviness: 6 limit: 5
2019-09-20 10:24:58,000 [RatisPipelineUtilsThread] INFO  pipeline.PipelinePlacementPolicy (PipelinePlacementPolicy.java:meetCriteria(91)) - Pipeline Placement: Doesn't meet the criteria to be viable node： 99e70dd4-d763-4473-944c-c5628506dcf8 Heaviness: 6 limit: 5
2019-09-20 10:24:58,000 [RatisPipelineUtilsThread] INFO  pipeline.PipelinePlacementPolicy (PipelinePlacementPolicy.java:meetCriteria(91)) - Pipeline Placement: Doesn't meet the criteria to be viable node： b5962e8e-c9f1-48aa-8eb4-d8f74b8afdbe Heaviness: 6 limit: 5
2019-09-20 10:24:58,001 [RatisPipelineUtilsThread] INFO  pipeline.PipelinePlacementPolicy (PipelinePlacementPolicy.java:meetCriteria(91)) - Pipeline Placement: Doesn't meet the criteria to be viable node： 61649f92-8c0f-475a-818d-1064548aeef6 Heaviness: 6 limit: 5
2019-09-20 10:24:58,001 [RatisPipelineUtilsThread] INFO  pipeline.PipelinePlacementPolicy (PipelinePlacementPolicy.java:meetCriteria(91)) - Pipeline Placement: Doesn't meet the criteria to be viable node： e8013689-2f13-4aaf-8a03-99f419c430ec Heaviness: 6 limit: 5
2019-09-20 10:24:58,001 [RatisPipelineUtilsThread] INFO  pipeline.PipelinePlacementPolicy (PipelinePlacementPolicy.java:meetCriteria(91)) - Pipeline Placement: Doesn't meet the criteria to be viable node： cff8bf6b-8d20-4327-9f29-08a3c2b49247 Heaviness: 6 limit: 5
2019-09-20 10:24:58,001 [RatisPipelineUtilsThread] INFO  pipeline.PipelinePlacementPolicy (PipelinePlacementPolicy.java:meetCriteria(91)) - Pipeline Placement: Doesn't meet the criteria to be viable node： bb8f5112-316d-4974-a5a6-f698f3fbb5be Heaviness: 6 limit: 5
2019-09-20 10:24:58,001 [RatisPipelineUtilsThread] ERROR pipeline.PipelinePlacementPolicy (PipelinePlacementPolicy.java:filterViableNodes(148)) - Unable to find enough nodes that meet the criteria that cannot engage in more than 5 pipelines. Nodes required: 1 Found: 0, healthy nodes count inNodeManager: 7.
2019-09-20 10:24:58,001 [RatisPipelineUtilsThread] ERROR pipeline.SCMPipelineManager (SCMPipelineManager.java:createPipeline(161)) - Pipeline creation failed due to exception: Unable to find enough nodes that meet the criteria that cannot engage in more than 5 pipelines. Nodes required: 1 Found: 0, healthy nodes count inNodeManager: 7.
2019-09-20 10:24:58,002 [RatisPipelineUtilsThread] INFO  pipeline.PipelinePlacementPolicy (PipelinePlacementPolicy.java:meetCriteria(91)) - Pipeline Placement: Doesn't meet the criteria to be viable node： 136f1953-bb94-4097-a2d4-422a6782bee0 Heaviness: 6 limit: 5
2019-09-20 10:24:58,002 [RatisPipelineUtilsThread] INFO  pipeline.PipelinePlacementPolicy (PipelinePlacementPolicy.java:meetCriteria(91)) - Pipeline Placement: Doesn't meet the criteria to be viable node： 99e70dd4-d763-4473-944c-c5628506dcf8 Heaviness: 6 limit: 5
2019-09-20 10:24:58,002 [RatisPipelineUtilsThread] INFO  pipeline.PipelinePlacementPolicy (PipelinePlacementPolicy.java:meetCriteria(91)) - Pipeline Placement: Doesn't meet the criteria to be viable node： b5962e8e-c9f1-48aa-8eb4-d8f74b8afdbe Heaviness: 6 limit: 5
2019-09-20 10:24:58,002 [RatisPipelineUtilsThread] INFO  pipeline.PipelinePlacementPolicy (PipelinePlacementPolicy.java:meetCriteria(91)) - Pipeline Placement: Doesn't meet the criteria to be viable node： 61649f92-8c0f-475a-818d-1064548aeef6 Heaviness: 6 limit: 5
2019-09-20 10:24:58,002 [RatisPipelineUtilsThread] INFO  pipeline.PipelinePlacementPolicy (PipelinePlacementPolicy.java:meetCriteria(91)) - Pipeline Placement: Doesn't meet the criteria to be viable node： e8013689-2f13-4aaf-8a03-99f419c430ec Heaviness: 6 limit: 5
2019-09-20 10:24:58,003 [RatisPipelineUtilsThread] INFO  pipeline.PipelinePlacementPolicy (PipelinePlacementPolicy.java:meetCriteria(91)) - Pipeline Placement: Doesn't meet the criteria to be viable node： cff8bf6b-8d20-4327-9f29-08a3c2b49247 Heaviness: 6 limit: 5
2019-09-20 10:24:58,003 [RatisPipelineUtilsThread] INFO  pipeline.PipelinePlacementPolicy (PipelinePlacementPolicy.java:meetCriteria(91)) - Pipeline Placement: Doesn't meet the criteria to be viable node： bb8f5112-316d-4974-a5a6-f698f3fbb5be Heaviness: 6 limit: 5
2019-09-20 10:24:58,003 [RatisPipelineUtilsThread] ERROR pipeline.PipelinePlacementPolicy (PipelinePlacementPolicy.java:filterViableNodes(148)) - Unable to find enough nodes that meet the criteria that cannot engage in more than 5 pipelines. Nodes required: 3 Found: 0, healthy nodes count inNodeManager: 7.
2019-09-20 10:24:58,003 [RatisPipelineUtilsThread] ERROR pipeline.SCMPipelineManager (SCMPipelineManager.java:createPipeline(161)) - Pipeline creation failed due to exception: Unable to find enough nodes that meet the criteria that cannot engage in more than 5 pipelines. Nodes required: 3 Found: 0, healthy nodes count inNodeManager: 7.
2019-09-20 10:24:58,003 [RatisPipelineUtilsThread] INFO  pipeline.PipelinePlacementPolicy (PipelinePlacementPolicy.java:meetCriteria(91)) - Pipeline Placement: Doesn't meet the criteria to be viable node： 136f1953-bb94-4097-a2d4-422a6782bee0 Heaviness: 6 limit: 5
2019-09-20 10:24:58,003 [RatisPipelineUtilsThread] INFO  pipeline.PipelinePlacementPolicy (PipelinePlacementPolicy.java:meetCriteria(91)) - Pipeline Placement: Doesn't meet the criteria to be viable node： 99e70dd4-d763-4473-944c-c5628506dcf8 Heaviness: 6 limit: 5
2019-09-20 10:24:58,004 [RatisPipelineUtilsThread] INFO  pipeline.PipelinePlacementPolicy (PipelinePlacementPolicy.java:meetCriteria(91)) - Pipeline Placement: Doesn't meet the criteria to be viable node： b5962e8e-c9f1-48aa-8eb4-d8f74b8afdbe Heaviness: 6 limit: 5
2019-09-20 10:24:58,004 [RatisPipelineUtilsThread] INFO  pipeline.PipelinePlacementPolicy (PipelinePlacementPolicy.java:meetCriteria(91)) - Pipeline Placement: Doesn't meet the criteria to be viable node： 61649f92-8c0f-475a-818d-1064548aeef6 Heaviness: 6 limit: 5
2019-09-20 10:24:58,004 [RatisPipelineUtilsThread] INFO  pipeline.PipelinePlacementPolicy (PipelinePlacementPolicy.java:meetCriteria(91)) - Pipeline Placement: Doesn't meet the criteria to be viable node： e8013689-2f13-4aaf-8a03-99f419c430ec Heaviness: 6 limit: 5
2019-09-20 10:24:58,004 [RatisPipelineUtilsThread] INFO  pipeline.PipelinePlacementPolicy (PipelinePlacementPolicy.java:meetCriteria(91)) - Pipeline Placement: Doesn't meet the criteria to be viable node： cff8bf6b-8d20-4327-9f29-08a3c2b49247 Heaviness: 6 limit: 5
2019-09-20 10:24:58,004 [RatisPipelineUtilsThread] INFO  pipeline.PipelinePlacementPolicy (PipelinePlacementPolicy.java:meetCriteria(91)) - Pipeline Placement: Doesn't meet the criteria to be viable node： bb8f5112-316d-4974-a5a6-f698f3fbb5be Heaviness: 6 limit: 5
2019-09-20 10:24:58,004 [RatisPipelineUtilsThread] ERROR pipeline.PipelinePlacementPolicy (PipelinePlacementPolicy.java:filterViableNodes(148)) - Unable to find enough nodes that meet the criteria that cannot engage in more than 5 pipelines. Nodes required: 1 Found: 0, healthy nodes count inNodeManager: 7.
2019-09-20 10:24:58,005 [RatisPipelineUtilsThread] ERROR pipeline.SCMPipelineManager (SCMPipelineManager.java:createPipeline(161)) - Pipeline creation failed due to exception: Unable to find enough nodes that meet the criteria that cannot engage in more than 5 pipelines. Nodes required: 1 Found: 0, healthy nodes count inNodeManager: 7.
2019-09-20 10:24:58,005 [RatisPipelineUtilsThread] INFO  pipeline.PipelinePlacementPolicy (PipelinePlacementPolicy.java:meetCriteria(91)) - Pipeline Placement: Doesn't meet the criteria to be viable node： 136f1953-bb94-4097-a2d4-422a6782bee0 Heaviness: 6 limit: 5
2019-09-20 10:24:58,005 [RatisPipelineUtilsThread] INFO  pipeline.PipelinePlacementPolicy (PipelinePlacementPolicy.java:meetCriteria(91)) - Pipeline Placement: Doesn't meet the criteria to be viable node： 99e70dd4-d763-4473-944c-c5628506dcf8 Heaviness: 6 limit: 5
2019-09-20 10:24:58,005 [RatisPipelineUtilsThread] INFO  pipeline.PipelinePlacementPolicy (PipelinePlacementPolicy.java:meetCriteria(91)) - Pipeline Placement: Doesn't meet the criteria to be viable node： b5962e8e-c9f1-48aa-8eb4-d8f74b8afdbe Heaviness: 6 limit: 5
2019-09-20 10:24:58,005 [RatisPipelineUtilsThread] INFO  pipeline.PipelinePlacementPolicy (PipelinePlacementPolicy.java:meetCriteria(91)) - Pipeline Placement: Doesn't meet the criteria to be viable node： 61649f92-8c0f-475a-818d-1064548aeef6 Heaviness: 6 limit: 5
2019-09-20 10:24:58,005 [RatisPipelineUtilsThread] INFO  pipeline.PipelinePlacementPolicy (PipelinePlacementPolicy.java:meetCriteria(91)) - Pipeline Placement: Doesn't meet the criteria to be viable node： e8013689-2f13-4aaf-8a03-99f419c430ec Heaviness: 6 limit: 5
2019-09-20 10:24:58,006 [RatisPipelineUtilsThread] INFO  pipeline.PipelinePlacementPolicy (PipelinePlacementPolicy.java:meetCriteria(91)) - Pipeline Placement: Doesn't meet the criteria to be viable node： cff8bf6b-8d20-4327-9f29-08a3c2b49247 Heaviness: 6 limit: 5
2019-09-20 10:24:58,006 [RatisPipelineUtilsThread] INFO  pipeline.PipelinePlacementPolicy (PipelinePlacementPolicy.java:meetCriteria(91)) - Pipeline Placement: Doesn't meet the criteria to be viable node： bb8f5112-316d-4974-a5a6-f698f3fbb5be Heaviness: 6 limit: 5
2019-09-20 10:24:58,006 [RatisPipelineUtilsThread] ERROR pipeline.PipelinePlacementPolicy (PipelinePlacementPolicy.java:filterViableNodes(148)) - Unable to find enough nodes that meet the criteria that cannot engage in more than 5 pipelines. Nodes required: 3 Found: 0, healthy nodes count inNodeManager: 7.
2019-09-20 10:24:58,006 [RatisPipelineUtilsThread] ERROR pipeline.SCMPipelineManager (SCMPipelineManager.java:createPipeline(161)) - Pipeline creation failed due to exception: Unable to find enough nodes that meet the criteria that cannot engage in more than 5 pipelines. Nodes required: 3 Found: 0, healthy nodes count inNodeManager: 7.
2019-09-20 10:24:58,006 [IPC Server handler 1 on 37393] INFO  pipeline.PipelinePlacementPolicy (PipelinePlacementPolicy.java:meetCriteria(91)) - Pipeline Placement: Doesn't meet the criteria to be viable node： 136f1953-bb94-4097-a2d4-422a6782bee0 Heaviness: 6 limit: 5
2019-09-20 10:24:58,007 [IPC Server handler 1 on 37393] INFO  pipeline.PipelinePlacementPolicy (PipelinePlacementPolicy.java:meetCriteria(91)) - Pipeline Placement: Doesn't meet the criteria to be viable node： 99e70dd4-d763-4473-944c-c5628506dcf8 Heaviness: 6 limit: 5
2019-09-20 10:24:58,007 [IPC Server handler 1 on 37393] INFO  pipeline.PipelinePlacementPolicy (PipelinePlacementPolicy.java:meetCriteria(91)) - Pipeline Placement: Doesn't meet the criteria to be viable node： b5962e8e-c9f1-48aa-8eb4-d8f74b8afdbe Heaviness: 6 limit: 5
2019-09-20 10:24:58,007 [IPC Server handler 1 on 37393] INFO  pipeline.PipelinePlacementPolicy (PipelinePlacementPolicy.java:meetCriteria(91)) - Pipeline Placement: Doesn't meet the criteria to be viable node： 61649f92-8c0f-475a-818d-1064548aeef6 Heaviness: 6 limit: 5
2019-09-20 10:24:58,007 [IPC Server handler 1 on 37393] INFO  pipeline.PipelinePlacementPolicy (PipelinePlacementPolicy.java:meetCriteria(91)) - Pipeline Placement: Doesn't meet the criteria to be viable node： e8013689-2f13-4aaf-8a03-99f419c430ec Heaviness: 6 limit: 5
2019-09-20 10:24:58,008 [IPC Server handler 1 on 37393] INFO  pipeline.PipelinePlacementPolicy (PipelinePlacementPolicy.java:meetCriteria(91)) - Pipeline Placement: Doesn't meet the criteria to be viable node： cff8bf6b-8d20-4327-9f29-08a3c2b49247 Heaviness: 6 limit: 5
2019-09-20 10:24:58,008 [IPC Server handler 1 on 37393] INFO  pipeline.PipelinePlacementPolicy (PipelinePlacementPolicy.java:meetCriteria(91)) - Pipeline Placement: Doesn't meet the criteria to be viable node： bb8f5112-316d-4974-a5a6-f698f3fbb5be Heaviness: 6 limit: 5
2019-09-20 10:24:58,008 [IPC Server handler 1 on 37393] ERROR pipeline.PipelinePlacementPolicy (PipelinePlacementPolicy.java:filterViableNodes(148)) - Unable to find enough nodes that meet the criteria that cannot engage in more than 5 pipelines. Nodes required: 3 Found: 0, healthy nodes count inNodeManager: 7.
2019-09-20 10:24:58,008 [IPC Server handler 1 on 37393] ERROR pipeline.SCMPipelineManager (SCMPipelineManager.java:createPipeline(161)) - Pipeline creation failed due to exception: Unable to find enough nodes that meet the criteria that cannot engage in more than 5 pipelines. Nodes required: 3 Found: 0, healthy nodes count inNodeManager: 7.
2019-09-20 10:24:58,009 [IPC Server handler 1 on 37393] INFO  ipc.Server (Server.java:logException(2726)) - IPC Server handler 1 on 37393, call Call#591 Retry#0 org.apache.hadoop.hdds.scm.protocol.StorageContainerLocationProtocol.allocateContainer from 192.168.36.99:52950
java.io.IOException: Could not allocate container. Cannot get any matching pipeline for Type:RATIS, Factor:THREE, State:PipelineState.OPEN
	at org.apache.hadoop.hdds.scm.container.ContainerStateManager.allocateContainer(ContainerStateManager.java:260)
	at org.apache.hadoop.hdds.scm.container.SCMContainerManager.allocateContainer(SCMContainerManager.java:247)
	at org.apache.hadoop.hdds.scm.server.SCMClientProtocolServer.allocateContainer(SCMClientProtocolServer.java:186)
	at org.apache.hadoop.ozone.protocolPB.StorageContainerLocationProtocolServerSideTranslatorPB.allocateContainer(StorageContainerLocationProtocolServerSideTranslatorPB.java:115)
	at org.apache.hadoop.hdds.protocol.proto.StorageContainerLocationProtocolProtos$StorageContainerLocationProtocolService$2.callBlockingMethod(StorageContainerLocationProtocolProtos.java:19079)
	at org.apache.hadoop.ipc.ProtobufRpcEngine$Server$ProtoBufRpcInvoker.call(ProtobufRpcEngine.java:524)
	at org.apache.hadoop.ipc.RPC$Server.call(RPC.java:1025)
	at org.apache.hadoop.ipc.Server$RpcCall.run(Server.java:876)
	at org.apache.hadoop.ipc.Server$RpcCall.run(Server.java:822)
	at java.security.AccessController.doPrivileged(Native Method)
	at javax.security.auth.Subject.doAs(Subject.java:422)
	at org.apache.hadoop.security.UserGroupInformation.doAs(UserGroupInformation.java:1730)
	at org.apache.hadoop.ipc.Server$Handler.run(Server.java:2682)
]]></system-out>
    <system-err><![CDATA[Sep 20, 2019 10:24:50 AM com.sun.jersey.server.impl.application.WebApplicationImpl _initiate
INFO: Initiating Jersey application, version 'Jersey: 1.19 02/11/2015 03:25 AM'
Sep 20, 2019 10:24:50 AM com.sun.jersey.server.impl.application.WebApplicationImpl _initiate
INFO: Initiating Jersey application, version 'Jersey: 1.19 02/11/2015 03:25 AM'
Sep 20, 2019 10:24:50 AM com.sun.jersey.server.impl.application.WebApplicationImpl _initiate
INFO: Initiating Jersey application, version 'Jersey: 1.19 02/11/2015 03:25 AM'
Sep 20, 2019 10:24:51 AM com.sun.jersey.server.impl.application.WebApplicationImpl _initiate
INFO: Initiating Jersey application, version 'Jersey: 1.19 02/11/2015 03:25 AM'
Sep 20, 2019 10:24:51 AM com.sun.jersey.server.impl.application.WebApplicationImpl _initiate
INFO: Initiating Jersey application, version 'Jersey: 1.19 02/11/2015 03:25 AM'
Sep 20, 2019 10:24:52 AM com.sun.jersey.server.impl.application.WebApplicationImpl _initiate
INFO: Initiating Jersey application, version 'Jersey: 1.19 02/11/2015 03:25 AM'
Sep 20, 2019 10:24:52 AM com.sun.jersey.server.impl.application.WebApplicationImpl _initiate
INFO: Initiating Jersey application, version 'Jersey: 1.19 02/11/2015 03:25 AM'
]]></system-err>
  </testcase>
  <testcase name="testWatchForCommitForGroupMismatchException" classname="org.apache.hadoop.ozone.client.rpc.TestWatchForCommit" time="25.225">
    <error message="Could not allocate container. Cannot get any matching pipeline for Type:RATIS, Factor:THREE, State:PipelineState.OPEN&#10;	at org.apache.hadoop.hdds.scm.container.ContainerStateManager.allocateContainer(ContainerStateManager.java:260)&#10;	at org.apache.hadoop.hdds.scm.container.SCMContainerManager.allocateContainer(SCMContainerManager.java:247)&#10;	at org.apache.hadoop.hdds.scm.server.SCMClientProtocolServer.allocateContainer(SCMClientProtocolServer.java:186)&#10;	at org.apache.hadoop.ozone.protocolPB.StorageContainerLocationProtocolServerSideTranslatorPB.allocateContainer(StorageContainerLocationProtocolServerSideTranslatorPB.java:115)&#10;	at org.apache.hadoop.hdds.protocol.proto.StorageContainerLocationProtocolProtos$StorageContainerLocationProtocolService$2.callBlockingMethod(StorageContainerLocationProtocolProtos.java:19079)&#10;	at org.apache.hadoop.ipc.ProtobufRpcEngine$Server$ProtoBufRpcInvoker.call(ProtobufRpcEngine.java:524)&#10;	at org.apache.hadoop.ipc.RPC$Server.call(RPC.java:1025)&#10;	at org.apache.hadoop.ipc.Server$RpcCall.run(Server.java:876)&#10;	at org.apache.hadoop.ipc.Server$RpcCall.run(Server.java:822)&#10;	at java.security.AccessController.doPrivileged(Native Method)&#10;	at javax.security.auth.Subject.doAs(Subject.java:422)&#10;	at org.apache.hadoop.security.UserGroupInformation.doAs(UserGroupInformation.java:1730)&#10;	at org.apache.hadoop.ipc.Server$Handler.run(Server.java:2682)&#10;" type="org.apache.hadoop.ipc.RemoteException(java.io.IOException)">org.apache.hadoop.ipc.RemoteException(java.io.IOException): Could not allocate container. Cannot get any matching pipeline for Type:RATIS, Factor:THREE, State:PipelineState.OPEN
	at org.apache.hadoop.hdds.scm.container.ContainerStateManager.allocateContainer(ContainerStateManager.java:260)
	at org.apache.hadoop.hdds.scm.container.SCMContainerManager.allocateContainer(SCMContainerManager.java:247)
	at org.apache.hadoop.hdds.scm.server.SCMClientProtocolServer.allocateContainer(SCMClientProtocolServer.java:186)
	at org.apache.hadoop.ozone.protocolPB.StorageContainerLocationProtocolServerSideTranslatorPB.allocateContainer(StorageContainerLocationProtocolServerSideTranslatorPB.java:115)
	at org.apache.hadoop.hdds.protocol.proto.StorageContainerLocationProtocolProtos$StorageContainerLocationProtocolService$2.callBlockingMethod(StorageContainerLocationProtocolProtos.java:19079)
	at org.apache.hadoop.ipc.ProtobufRpcEngine$Server$ProtoBufRpcInvoker.call(ProtobufRpcEngine.java:524)
	at org.apache.hadoop.ipc.RPC$Server.call(RPC.java:1025)
	at org.apache.hadoop.ipc.Server$RpcCall.run(Server.java:876)
	at org.apache.hadoop.ipc.Server$RpcCall.run(Server.java:822)
	at java.security.AccessController.doPrivileged(Native Method)
	at javax.security.auth.Subject.doAs(Subject.java:422)
	at org.apache.hadoop.security.UserGroupInformation.doAs(UserGroupInformation.java:1730)
	at org.apache.hadoop.ipc.Server$Handler.run(Server.java:2682)

	at org.apache.hadoop.ipc.Client.getRpcResponse(Client.java:1511)
	at org.apache.hadoop.ipc.Client.call(Client.java:1457)
	at org.apache.hadoop.ipc.Client.call(Client.java:1367)
	at org.apache.hadoop.ipc.ProtobufRpcEngine$Invoker.invoke(ProtobufRpcEngine.java:228)
	at org.apache.hadoop.ipc.ProtobufRpcEngine$Invoker.invoke(ProtobufRpcEngine.java:116)
	at com.sun.proxy.$Proxy34.allocateContainer(Unknown Source)
	at org.apache.hadoop.hdds.scm.protocolPB.StorageContainerLocationProtocolClientSideTranslatorPB.allocateContainer(StorageContainerLocationProtocolClientSideTranslatorPB.java:125)
	at org.apache.hadoop.ozone.client.rpc.TestWatchForCommit.testWatchForCommitForGroupMismatchException(TestWatchForCommit.java:419)
	at sun.reflect.NativeMethodAccessorImpl.invoke0(Native Method)
	at sun.reflect.NativeMethodAccessorImpl.invoke(NativeMethodAccessorImpl.java:62)
	at sun.reflect.DelegatingMethodAccessorImpl.invoke(DelegatingMethodAccessorImpl.java:43)
	at java.lang.reflect.Method.invoke(Method.java:498)
	at org.junit.runners.model.FrameworkMethod$1.runReflectiveCall(FrameworkMethod.java:47)
	at org.junit.internal.runners.model.ReflectiveCallable.run(ReflectiveCallable.java:12)
	at org.junit.runners.model.FrameworkMethod.invokeExplosively(FrameworkMethod.java:44)
	at org.junit.internal.runners.statements.InvokeMethod.evaluate(InvokeMethod.java:17)
	at org.junit.runners.ParentRunner.runLeaf(ParentRunner.java:271)
	at org.junit.runners.BlockJUnit4ClassRunner.runChild(BlockJUnit4ClassRunner.java:70)
	at org.junit.runners.BlockJUnit4ClassRunner.runChild(BlockJUnit4ClassRunner.java:50)
	at org.junit.runners.ParentRunner$3.run(ParentRunner.java:238)
	at org.junit.runners.ParentRunner$1.schedule(ParentRunner.java:63)
	at org.junit.runners.ParentRunner.runChildren(ParentRunner.java:236)
	at org.junit.runners.ParentRunner.access$000(ParentRunner.java:53)
	at org.junit.runners.ParentRunner$2.evaluate(ParentRunner.java:229)
	at org.junit.runners.ParentRunner.run(ParentRunner.java:309)
	at org.apache.maven.surefire.junit4.JUnit4Provider.execute(JUnit4Provider.java:365)
	at org.apache.maven.surefire.junit4.JUnit4Provider.executeWithRerun(JUnit4Provider.java:273)
	at org.apache.maven.surefire.junit4.JUnit4Provider.executeTestSet(JUnit4Provider.java:238)
	at org.apache.maven.surefire.junit4.JUnit4Provider.invoke(JUnit4Provider.java:159)
	at org.apache.maven.surefire.booter.ForkedBooter.invokeProviderInSameClassLoader(ForkedBooter.java:384)
	at org.apache.maven.surefire.booter.ForkedBooter.runSuitesInProcess(ForkedBooter.java:345)
	at org.apache.maven.surefire.booter.ForkedBooter.execute(ForkedBooter.java:126)
	at org.apache.maven.surefire.booter.ForkedBooter.main(ForkedBooter.java:418)
</error>
    <system-out><![CDATA[2019-09-20 10:24:58,049 [main] WARN  server.ServerUtils (ServerUtils.java:getScmDbDir(145)) - ozone.scm.db.dirs is not configured. We recommend adding this setting. Falling back to ozone.metadata.dirs instead.
2019-09-20 10:24:58,068 [main] WARN  server.ServerUtils (ServerUtils.java:getScmDbDir(145)) - ozone.scm.db.dirs is not configured. We recommend adding this setting. Falling back to ozone.metadata.dirs instead.
2019-09-20 10:24:58,068 [main] WARN  server.ServerUtils (ServerUtils.java:getScmDbDir(145)) - ozone.scm.db.dirs is not configured. We recommend adding this setting. Falling back to ozone.metadata.dirs instead.
2019-09-20 10:24:58,069 [main] INFO  db.DBStoreBuilder (DBStoreBuilder.java:addTable(110)) - using custom profile for table: deletedBlocks
2019-09-20 10:24:58,069 [main] INFO  db.DBStoreBuilder (DBStoreBuilder.java:processTables(161)) - Using default column profile:DBProfile.DISK for Table:deletedBlocks
2019-09-20 10:24:58,070 [main] INFO  db.DBStoreBuilder (DBStoreBuilder.java:addTable(110)) - using custom profile for table: validCerts
2019-09-20 10:24:58,070 [main] INFO  db.DBStoreBuilder (DBStoreBuilder.java:processTables(161)) - Using default column profile:DBProfile.DISK for Table:validCerts
2019-09-20 10:24:58,070 [main] INFO  db.DBStoreBuilder (DBStoreBuilder.java:addTable(110)) - using custom profile for table: revokedCerts
2019-09-20 10:24:58,070 [main] INFO  db.DBStoreBuilder (DBStoreBuilder.java:processTables(161)) - Using default column profile:DBProfile.DISK for Table:revokedCerts
2019-09-20 10:24:58,071 [main] INFO  db.DBStoreBuilder (DBStoreBuilder.java:addTable(110)) - using custom profile for table: default
2019-09-20 10:24:58,071 [main] INFO  db.DBStoreBuilder (DBStoreBuilder.java:processTables(167)) - Using default column profile:DBProfile.DISK for Table:default
2019-09-20 10:24:58,071 [main] INFO  db.DBStoreBuilder (DBStoreBuilder.java:getDbProfile(198)) - Using default options. DBProfile.DISK
2019-09-20 10:24:58,168 | INFO  | SCMAudit | user=jenkins1000 | ip=192.168.36.99 | op=SEND_HEARTBEAT {datanodeUUID=136f1953-bb94-4097-a2d4-422a6782bee0, command=[]} | ret=SUCCESS |  
2019-09-20 10:24:58,376 | INFO  | SCMAudit | user=jenkins1000 | ip=192.168.36.99 | op=SEND_HEARTBEAT {datanodeUUID=bb8f5112-316d-4974-a5a6-f698f3fbb5be, command=[]} | ret=SUCCESS |  
2019-09-20 10:24:58,433 [main] INFO  net.NodeSchemaLoader (NodeSchemaLoader.java:loadSchemaFromFile(125)) - Loading file from sun.misc.CompoundEnumeration@44580de0
2019-09-20 10:24:58,434 [main] INFO  net.NodeSchemaLoader (NodeSchemaLoader.java:loadSchema(171)) - Loading network topology layer schema file
2019-09-20 10:24:58,438 [main] INFO  node.SCMNodeManager (SCMNodeManager.java:<init>(121)) - Entering startup safe mode.
2019-09-20 10:24:58,439 [main] INFO  algorithms.ContainerPlacementPolicyFactory (ContainerPlacementPolicyFactory.java:getPolicy(56)) - Create container placement policy of type org.apache.hadoop.hdds.scm.container.placement.algorithms.SCMContainerPlacementRandom
2019-09-20 10:24:58,439 [main] WARN  server.ServerUtils (ServerUtils.java:getScmDbDir(145)) - ozone.scm.db.dirs is not configured. We recommend adding this setting. Falling back to ozone.metadata.dirs instead.
2019-09-20 10:24:58,481 | INFO  | SCMAudit | user=jenkins1000 | ip=192.168.36.99 | op=SEND_HEARTBEAT {datanodeUUID=61649f92-8c0f-475a-818d-1064548aeef6, command=[]} | ret=SUCCESS |  
2019-09-20 10:24:58,503 | INFO  | SCMAudit | user=jenkins1000 | ip=192.168.36.99 | op=SEND_HEARTBEAT {datanodeUUID=cff8bf6b-8d20-4327-9f29-08a3c2b49247, command=[]} | ret=SUCCESS |  
2019-09-20 10:24:58,551 [main] INFO  pipeline.SCMPipelineManager (SCMPipelineManager.java:initializePipelineState(126)) - No pipeline exists in current db
2019-09-20 10:24:58,551 [main] WARN  server.ServerUtils (ServerUtils.java:getScmDbDir(145)) - ozone.scm.db.dirs is not configured. We recommend adding this setting. Falling back to ozone.metadata.dirs instead.
2019-09-20 10:24:58,551 | INFO  | SCMAudit | user=jenkins1000 | ip=192.168.36.99 | op=SEND_HEARTBEAT {datanodeUUID=d2ed2d9b-7ac7-460e-84f6-6d9d6066f76d, command=[]} | ret=SUCCESS |  
2019-09-20 10:24:58,551 | INFO  | SCMAudit | user=jenkins1000 | ip=192.168.36.99 | op=SEND_HEARTBEAT {datanodeUUID=6491c372-a595-4104-b3e9-c4f3293baafa, command=[]} | ret=SUCCESS |  
2019-09-20 10:24:58,552 | INFO  | SCMAudit | user=jenkins1000 | ip=192.168.36.99 | op=SEND_HEARTBEAT {datanodeUUID=3d6f3241-e73c-473a-ad0b-c7be2f7e1dda, command=[]} | ret=SUCCESS |  
2019-09-20 10:24:58,552 | INFO  | SCMAudit | user=jenkins1000 | ip=192.168.36.99 | op=SEND_HEARTBEAT {datanodeUUID=19fb8383-7c99-4449-b95c-a26e71717844, command=[]} | ret=SUCCESS |  
2019-09-20 10:24:58,553 | INFO  | SCMAudit | user=jenkins1000 | ip=192.168.36.99 | op=SEND_HEARTBEAT {datanodeUUID=1ab786b9-c79c-4265-88a1-5b3344c6beda, command=[]} | ret=SUCCESS |  
2019-09-20 10:24:58,553 | INFO  | SCMAudit | user=jenkins1000 | ip=192.168.36.99 | op=SEND_HEARTBEAT {datanodeUUID=468be06f-55e9-4831-ba6b-3db017451a79, command=[]} | ret=SUCCESS |  
2019-09-20 10:24:58,553 | INFO  | SCMAudit | user=jenkins1000 | ip=192.168.36.99 | op=SEND_HEARTBEAT {datanodeUUID=c3e532f8-1a8e-44f3-b56b-d765aee893af, command=[]} | ret=SUCCESS |  
2019-09-20 10:24:58,554 | INFO  | SCMAudit | user=jenkins1000 | ip=192.168.36.99 | op=SEND_HEARTBEAT {datanodeUUID=66416d0b-a71c-4af1-ae3a-62ca63b880a3, command=[]} | ret=SUCCESS |  
2019-09-20 10:24:58,555 | INFO  | SCMAudit | user=jenkins1000 | ip=192.168.36.99 | op=SEND_HEARTBEAT {datanodeUUID=17e2ba94-38a1-40e7-84e0-f6802901db84, command=[]} | ret=SUCCESS |  
2019-09-20 10:24:58,555 | INFO  | SCMAudit | user=jenkins1000 | ip=192.168.36.99 | op=SEND_HEARTBEAT {datanodeUUID=4d972e91-cb6b-45de-8bd2-c18af7abe58b, command=[]} | ret=SUCCESS |  
2019-09-20 10:24:58,555 | INFO  | SCMAudit | user=jenkins1000 | ip=192.168.36.99 | op=SEND_HEARTBEAT {datanodeUUID=60260ec1-e192-4b95-89c8-d924d16a77a9, command=[]} | ret=SUCCESS |  
2019-09-20 10:24:58,556 | INFO  | SCMAudit | user=jenkins1000 | ip=192.168.36.99 | op=SEND_HEARTBEAT {datanodeUUID=54207fe5-d92c-4c2e-b058-fbae630dabef, command=[]} | ret=SUCCESS |  
2019-09-20 10:24:58,556 | INFO  | SCMAudit | user=jenkins1000 | ip=192.168.36.99 | op=SEND_HEARTBEAT {datanodeUUID=7af711bd-b5ae-4a73-a8be-b970cae6c2d1, command=[]} | ret=SUCCESS |  
2019-09-20 10:24:58,557 | INFO  | SCMAudit | user=jenkins1000 | ip=192.168.36.99 | op=SEND_HEARTBEAT {datanodeUUID=9e03ffa9-cf79-407a-a150-4c035e5aec5e, command=[]} | ret=SUCCESS |  
2019-09-20 10:24:58,695 | INFO  | SCMAudit | user=jenkins1000 | ip=192.168.36.99 | op=SEND_HEARTBEAT {datanodeUUID=99e70dd4-d763-4473-944c-c5628506dcf8, command=[]} | ret=SUCCESS |  
2019-09-20 10:24:58,713 [main] WARN  events.EventQueue (EventQueue.java:fireEvent(175)) - No event handler registered for event TypedEvent{payloadType=SafeModeStatus, name='SafeModeStatus'}
2019-09-20 10:24:58,714 [main] INFO  ipc.CallQueueManager (CallQueueManager.java:<init>(84)) - Using callQueue: class java.util.concurrent.LinkedBlockingQueue, queueCapacity: 2000, scheduler: class org.apache.hadoop.ipc.DefaultRpcScheduler, ipcBackoff: false.
2019-09-20 10:24:58,715 [Socket Reader #1 for port 33175] INFO  ipc.Server (Server.java:run(1074)) - Starting Socket Reader #1 for port 33175
2019-09-20 10:24:58,729 [main] INFO  ipc.CallQueueManager (CallQueueManager.java:<init>(84)) - Using callQueue: class java.util.concurrent.LinkedBlockingQueue, queueCapacity: 2000, scheduler: class org.apache.hadoop.ipc.DefaultRpcScheduler, ipcBackoff: false.
2019-09-20 10:24:58,730 [Socket Reader #1 for port 37936] INFO  ipc.Server (Server.java:run(1074)) - Starting Socket Reader #1 for port 37936
2019-09-20 10:24:58,738 [main] INFO  ipc.CallQueueManager (CallQueueManager.java:<init>(84)) - Using callQueue: class java.util.concurrent.LinkedBlockingQueue, queueCapacity: 2000, scheduler: class org.apache.hadoop.ipc.DefaultRpcScheduler, ipcBackoff: false.
2019-09-20 10:24:58,739 [Socket Reader #1 for port 44276] INFO  ipc.Server (Server.java:run(1074)) - Starting Socket Reader #1 for port 44276
2019-09-20 10:24:58,748 [main] INFO  hdfs.DFSUtil (DFSUtil.java:httpServerTemplateForNNAndJN(1641)) - Starting Web-server for scm at: http://0.0.0.0:0
2019-09-20 10:24:58,751 [main] INFO  server.AuthenticationFilter (AuthenticationFilter.java:constructSecretProvider(240)) - Unable to initialize FileSignerSecretProvider, falling back to use random secrets.
2019-09-20 10:24:58,752 [main] WARN  http.HttpRequestLog (HttpRequestLog.java:getRequestLog(97)) - Jetty request log can only be enabled using Log4j
2019-09-20 10:24:58,756 [main] INFO  http.HttpServer2 (HttpServer2.java:addGlobalFilter(975)) - Added global filter 'safety' (class=org.apache.hadoop.http.HttpServer2$QuotingInputFilter)
2019-09-20 10:24:58,758 [main] INFO  http.HttpServer2 (HttpServer2.java:addFilter(948)) - Added filter static_user_filter (class=org.apache.hadoop.http.lib.StaticUserWebFilter$StaticUserFilter) to context scm
2019-09-20 10:24:58,758 [main] INFO  http.HttpServer2 (HttpServer2.java:addFilter(958)) - Added filter static_user_filter (class=org.apache.hadoop.http.lib.StaticUserWebFilter$StaticUserFilter) to context static
2019-09-20 10:24:58,759 [main] INFO  http.HttpServer2 (HttpServer2.java:addFilter(958)) - Added filter static_user_filter (class=org.apache.hadoop.http.lib.StaticUserWebFilter$StaticUserFilter) to context logs
2019-09-20 10:24:58,767 [main] INFO  server.StorageContainerManager (StorageContainerManager.java:start(759)) - StorageContainerLocationProtocol RPC server is listening at /0.0.0.0:44276
2019-09-20 10:24:58,767 [main] INFO  impl.MetricsSystemImpl (MetricsSystemImpl.java:init(158)) - StorageContainerManager metrics system started (again)
2019-09-20 10:24:58,831 | INFO  | SCMAudit | user=jenkins1000 | ip=192.168.36.99 | op=SEND_HEARTBEAT {datanodeUUID=e8013689-2f13-4aaf-8a03-99f419c430ec, command=[]} | ret=SUCCESS |  
2019-09-20 10:24:58,928 | INFO  | SCMAudit | user=jenkins1000 | ip=192.168.36.99 | op=SEND_HEARTBEAT {datanodeUUID=b5962e8e-c9f1-48aa-8eb4-d8f74b8afdbe, command=[]} | ret=SUCCESS |  
2019-09-20 10:24:58,937 [main] INFO  server.SCMClientProtocolServer (SCMClientProtocolServer.java:start(151)) - RPC server for Client  is listening at /0.0.0.0:44276
2019-09-20 10:24:58,937 [IPC Server Responder] INFO  ipc.Server (Server.java:run(1314)) - IPC Server Responder: starting
2019-09-20 10:24:58,937 [IPC Server listener on 44276] INFO  ipc.Server (Server.java:run(1153)) - IPC Server listener on 44276: starting
2019-09-20 10:24:58,963 [main] INFO  server.StorageContainerManager (StorageContainerManager.java:start(769)) - ScmBlockLocationProtocol RPC server is listening at /0.0.0.0:37936
2019-09-20 10:24:58,964 [main] INFO  server.SCMBlockProtocolServer (SCMBlockProtocolServer.java:start(140)) - RPC server for Block Protocol is listening at /0.0.0.0:37936
2019-09-20 10:24:58,964 [IPC Server listener on 37936] INFO  ipc.Server (Server.java:run(1153)) - IPC Server listener on 37936: starting
2019-09-20 10:24:58,964 [IPC Server Responder] INFO  ipc.Server (Server.java:run(1314)) - IPC Server Responder: starting
2019-09-20 10:24:58,986 [main] INFO  server.StorageContainerManager (StorageContainerManager.java:start(773)) - ScmDatanodeProtocl RPC server is listening at /0.0.0.0:33175
2019-09-20 10:24:58,986 [main] INFO  server.SCMDatanodeProtocolServer (SCMDatanodeProtocolServer.java:start(191)) - RPC server for DataNodes is listening at /0.0.0.0:33175
2019-09-20 10:24:58,986 [IPC Server Responder] INFO  ipc.Server (Server.java:run(1314)) - IPC Server Responder: starting
2019-09-20 10:24:58,986 [IPC Server listener on 33175] INFO  ipc.Server (Server.java:run(1153)) - IPC Server listener on 33175: starting
2019-09-20 10:24:59,011 [main] INFO  http.HttpServer2 (HttpServer2.java:bindListener(1191)) - Jetty bound to port 44656
2019-09-20 10:24:59,012 [main] INFO  server.Server (Server.java:doStart(351)) - jetty-9.3.24.v20180605, build timestamp: 2018-06-05T17:11:56Z, git hash: 84205aa28f11a4f31f2a3b86d1bba2cc8ab69827
2019-09-20 10:24:59,014 [main] INFO  handler.ContextHandler (ContextHandler.java:doStart(781)) - Started o.e.j.s.ServletContextHandler@63e0057a{/logs,file:///workdir/hadoop-ozone/integration-test/target/log,AVAILABLE}
2019-09-20 10:24:59,015 [main] INFO  handler.ContextHandler (ContextHandler.java:doStart(781)) - Started o.e.j.s.ServletContextHandler@611a91df{/static,file:///workdir/hadoop-ozone/integration-test/target/test-classes/webapps/static,AVAILABLE}
2019-09-20 10:24:59,021 [main] INFO  handler.ContextHandler (ContextHandler.java:doStart(781)) - Started o.e.j.w.WebAppContext@3bd79444{/,file:///workdir/hadoop-ozone/integration-test/target/test-classes/webapps/scm/,AVAILABLE}{/scm}
2019-09-20 10:24:59,021 [main] INFO  server.AbstractConnector (AbstractConnector.java:doStart(278)) - Started ServerConnector@5671078e{HTTP/1.1,[http/1.1]}{0.0.0.0:44656}
2019-09-20 10:24:59,031 [main] INFO  server.Server (Server.java:doStart(419)) - Started @60399ms
2019-09-20 10:24:59,032 [main] INFO  server.BaseHttpServer (BaseHttpServer.java:updateConnectorAddress(213)) - HTTP server of SCM is listening at http://0.0.0.0:44656
2019-09-20 10:24:59,032 [main] WARN  server.ServerUtils (ServerUtils.java:getDBPath(222)) - ozone.om.db.dirs is not configured. We recommend adding this setting. Falling back to ozone.metadata.dirs instead.
2019-09-20 10:24:59,039 [org.apache.hadoop.util.JvmPauseMonitor$Monitor@4b4bc73d] INFO  util.JvmPauseMonitor (JvmPauseMonitor.java:run(188)) - Starting JVM pause monitor
2019-09-20 10:24:59,084 [main] WARN  server.ServerUtils (ServerUtils.java:getDBPath(222)) - ozone.om.db.dirs is not configured. We recommend adding this setting. Falling back to ozone.metadata.dirs instead.
2019-09-20 10:24:59,084 [main] WARN  server.ServerUtils (ServerUtils.java:getDBPath(222)) - ozone.om.db.dirs is not configured. We recommend adding this setting. Falling back to ozone.metadata.dirs instead.
2019-09-20 10:24:59,085 [main] INFO  om.OzoneManager (OzoneManager.java:setOMNodeDetails(645)) - OM Service ID is not set. Setting it to the default ID: omServiceIdDefault
2019-09-20 10:24:59,085 [main] INFO  om.OzoneManager (OzoneManager.java:setOMNodeDetails(651)) - OM Node ID is not set. Setting it to the OmStorage's OmID: cc60ffe7-3e7e-4c23-886b-faa3ae1470bc
2019-09-20 10:24:59,085 [main] INFO  om.OzoneManager (OzoneManager.java:loadOMHAConfigs(602)) - Found matching OM address with OMServiceId: null, OMNodeId: null, RPC Address: localhost:0 and Ratis port: 9872
2019-09-20 10:24:59,104 | INFO  | SCMAudit | user=jenkins1000 | ip=192.168.36.99 | op=GET_SCM_INFO null | ret=SUCCESS |  
2019-09-20 10:24:59,149 [main] WARN  server.ServerUtils (ServerUtils.java:getDBPath(222)) - ozone.om.db.dirs is not configured. We recommend adding this setting. Falling back to ozone.metadata.dirs instead.
2019-09-20 10:24:59,150 [main] INFO  db.DBStoreBuilder (DBStoreBuilder.java:addTable(110)) - using custom profile for table: userTable
2019-09-20 10:24:59,150 [main] INFO  db.DBStoreBuilder (DBStoreBuilder.java:processTables(161)) - Using default column profile:DBProfile.DISK for Table:userTable
2019-09-20 10:24:59,150 [main] INFO  db.DBStoreBuilder (DBStoreBuilder.java:addTable(110)) - using custom profile for table: volumeTable
2019-09-20 10:24:59,151 [main] INFO  db.DBStoreBuilder (DBStoreBuilder.java:processTables(161)) - Using default column profile:DBProfile.DISK for Table:volumeTable
2019-09-20 10:24:59,151 [main] INFO  db.DBStoreBuilder (DBStoreBuilder.java:addTable(110)) - using custom profile for table: bucketTable
2019-09-20 10:24:59,151 [main] INFO  db.DBStoreBuilder (DBStoreBuilder.java:processTables(161)) - Using default column profile:DBProfile.DISK for Table:bucketTable
2019-09-20 10:24:59,151 [main] INFO  db.DBStoreBuilder (DBStoreBuilder.java:addTable(110)) - using custom profile for table: keyTable
2019-09-20 10:24:59,152 [main] INFO  db.DBStoreBuilder (DBStoreBuilder.java:processTables(161)) - Using default column profile:DBProfile.DISK for Table:keyTable
2019-09-20 10:24:59,152 [main] INFO  db.DBStoreBuilder (DBStoreBuilder.java:addTable(110)) - using custom profile for table: deletedTable
2019-09-20 10:24:59,152 [main] INFO  db.DBStoreBuilder (DBStoreBuilder.java:processTables(161)) - Using default column profile:DBProfile.DISK for Table:deletedTable
2019-09-20 10:24:59,152 [main] INFO  db.DBStoreBuilder (DBStoreBuilder.java:addTable(110)) - using custom profile for table: openKeyTable
2019-09-20 10:24:59,153 [main] INFO  db.DBStoreBuilder (DBStoreBuilder.java:processTables(161)) - Using default column profile:DBProfile.DISK for Table:openKeyTable
2019-09-20 10:24:59,153 [main] INFO  db.DBStoreBuilder (DBStoreBuilder.java:addTable(110)) - using custom profile for table: s3Table
2019-09-20 10:24:59,153 [main] INFO  db.DBStoreBuilder (DBStoreBuilder.java:processTables(161)) - Using default column profile:DBProfile.DISK for Table:s3Table
2019-09-20 10:24:59,153 [main] INFO  db.DBStoreBuilder (DBStoreBuilder.java:addTable(110)) - using custom profile for table: multipartInfoTable
2019-09-20 10:24:59,154 [main] INFO  db.DBStoreBuilder (DBStoreBuilder.java:processTables(161)) - Using default column profile:DBProfile.DISK for Table:multipartInfoTable
2019-09-20 10:24:59,154 [main] INFO  db.DBStoreBuilder (DBStoreBuilder.java:addTable(110)) - using custom profile for table: dTokenTable
2019-09-20 10:24:59,154 [main] INFO  db.DBStoreBuilder (DBStoreBuilder.java:processTables(161)) - Using default column profile:DBProfile.DISK for Table:dTokenTable
2019-09-20 10:24:59,154 [main] INFO  db.DBStoreBuilder (DBStoreBuilder.java:addTable(110)) - using custom profile for table: s3SecretTable
2019-09-20 10:24:59,155 [main] INFO  db.DBStoreBuilder (DBStoreBuilder.java:processTables(161)) - Using default column profile:DBProfile.DISK for Table:s3SecretTable
2019-09-20 10:24:59,155 [main] INFO  db.DBStoreBuilder (DBStoreBuilder.java:addTable(110)) - using custom profile for table: prefixTable
2019-09-20 10:24:59,155 [main] INFO  db.DBStoreBuilder (DBStoreBuilder.java:processTables(161)) - Using default column profile:DBProfile.DISK for Table:prefixTable
2019-09-20 10:24:59,155 [main] INFO  db.DBStoreBuilder (DBStoreBuilder.java:addTable(110)) - using custom profile for table: default
2019-09-20 10:24:59,155 [main] INFO  db.DBStoreBuilder (DBStoreBuilder.java:processTables(167)) - Using default column profile:DBProfile.DISK for Table:default
2019-09-20 10:24:59,156 [main] INFO  db.DBStoreBuilder (DBStoreBuilder.java:getDbProfile(198)) - Using default options. DBProfile.DISK
2019-09-20 10:24:59,167 | INFO  | SCMAudit | user=jenkins1000 | ip=192.168.36.99 | op=SEND_HEARTBEAT {datanodeUUID=136f1953-bb94-4097-a2d4-422a6782bee0, command=[]} | ret=SUCCESS |  
2019-09-20 10:24:59,376 | INFO  | SCMAudit | user=jenkins1000 | ip=192.168.36.99 | op=SEND_HEARTBEAT {datanodeUUID=bb8f5112-316d-4974-a5a6-f698f3fbb5be, command=[]} | ret=SUCCESS |  
2019-09-20 10:24:59,481 | INFO  | SCMAudit | user=jenkins1000 | ip=192.168.36.99 | op=SEND_HEARTBEAT {datanodeUUID=61649f92-8c0f-475a-818d-1064548aeef6, command=[]} | ret=SUCCESS |  
2019-09-20 10:24:59,504 | INFO  | SCMAudit | user=jenkins1000 | ip=192.168.36.99 | op=SEND_HEARTBEAT {datanodeUUID=cff8bf6b-8d20-4327-9f29-08a3c2b49247, command=[]} | ret=SUCCESS |  
2019-09-20 10:24:59,552 | INFO  | SCMAudit | user=jenkins1000 | ip=192.168.36.99 | op=SEND_HEARTBEAT {datanodeUUID=3d6f3241-e73c-473a-ad0b-c7be2f7e1dda, command=[]} | ret=SUCCESS |  
2019-09-20 10:24:59,552 | INFO  | SCMAudit | user=jenkins1000 | ip=192.168.36.99 | op=SEND_HEARTBEAT {datanodeUUID=d2ed2d9b-7ac7-460e-84f6-6d9d6066f76d, command=[]} | ret=SUCCESS |  
2019-09-20 10:24:59,552 | INFO  | SCMAudit | user=jenkins1000 | ip=192.168.36.99 | op=SEND_HEARTBEAT {datanodeUUID=6491c372-a595-4104-b3e9-c4f3293baafa, command=[]} | ret=SUCCESS |  
2019-09-20 10:24:59,552 | INFO  | SCMAudit | user=jenkins1000 | ip=192.168.36.99 | op=SEND_HEARTBEAT {datanodeUUID=1ab786b9-c79c-4265-88a1-5b3344c6beda, command=[]} | ret=SUCCESS |  
2019-09-20 10:24:59,553 | INFO  | SCMAudit | user=jenkins1000 | ip=192.168.36.99 | op=SEND_HEARTBEAT {datanodeUUID=19fb8383-7c99-4449-b95c-a26e71717844, command=[]} | ret=SUCCESS |  
2019-09-20 10:24:59,554 | INFO  | SCMAudit | user=jenkins1000 | ip=192.168.36.99 | op=SEND_HEARTBEAT {datanodeUUID=468be06f-55e9-4831-ba6b-3db017451a79, command=[]} | ret=SUCCESS |  
2019-09-20 10:24:59,554 | INFO  | SCMAudit | user=jenkins1000 | ip=192.168.36.99 | op=SEND_HEARTBEAT {datanodeUUID=c3e532f8-1a8e-44f3-b56b-d765aee893af, command=[]} | ret=SUCCESS |  
2019-09-20 10:24:59,554 | INFO  | SCMAudit | user=jenkins1000 | ip=192.168.36.99 | op=SEND_HEARTBEAT {datanodeUUID=66416d0b-a71c-4af1-ae3a-62ca63b880a3, command=[]} | ret=SUCCESS |  
2019-09-20 10:24:59,555 | INFO  | SCMAudit | user=jenkins1000 | ip=192.168.36.99 | op=SEND_HEARTBEAT {datanodeUUID=17e2ba94-38a1-40e7-84e0-f6802901db84, command=[]} | ret=SUCCESS |  
2019-09-20 10:24:59,556 | INFO  | SCMAudit | user=jenkins1000 | ip=192.168.36.99 | op=SEND_HEARTBEAT {datanodeUUID=4d972e91-cb6b-45de-8bd2-c18af7abe58b, command=[]} | ret=SUCCESS |  
2019-09-20 10:24:59,556 | INFO  | SCMAudit | user=jenkins1000 | ip=192.168.36.99 | op=SEND_HEARTBEAT {datanodeUUID=60260ec1-e192-4b95-89c8-d924d16a77a9, command=[]} | ret=SUCCESS |  
2019-09-20 10:24:59,556 | INFO  | SCMAudit | user=jenkins1000 | ip=192.168.36.99 | op=SEND_HEARTBEAT {datanodeUUID=54207fe5-d92c-4c2e-b058-fbae630dabef, command=[]} | ret=SUCCESS |  
2019-09-20 10:24:59,556 | INFO  | SCMAudit | user=jenkins1000 | ip=192.168.36.99 | op=SEND_HEARTBEAT {datanodeUUID=7af711bd-b5ae-4a73-a8be-b970cae6c2d1, command=[]} | ret=SUCCESS |  
2019-09-20 10:24:59,557 | INFO  | SCMAudit | user=jenkins1000 | ip=192.168.36.99 | op=SEND_HEARTBEAT {datanodeUUID=9e03ffa9-cf79-407a-a150-4c035e5aec5e, command=[]} | ret=SUCCESS |  
2019-09-20 10:24:59,695 | INFO  | SCMAudit | user=jenkins1000 | ip=192.168.36.99 | op=SEND_HEARTBEAT {datanodeUUID=99e70dd4-d763-4473-944c-c5628506dcf8, command=[]} | ret=SUCCESS |  
2019-09-20 10:24:59,699 [Thread-1220] INFO  impl.FollowerState (FollowerState.java:run(106)) - 61649f92-8c0f-475a-818d-1064548aeef6:group-0E77731DA77C changes to CANDIDATE, lastRpcTime:5138, electionTimeout:5138ms
2019-09-20 10:24:59,699 [Thread-1220] INFO  impl.RoleInfo (RoleInfo.java:shutdownFollowerState(121)) - 61649f92-8c0f-475a-818d-1064548aeef6: shutdown FollowerState
2019-09-20 10:24:59,699 [Thread-1220] INFO  impl.RaftServerImpl (RaftServerImpl.java:setRole(171)) - 61649f92-8c0f-475a-818d-1064548aeef6:group-0E77731DA77C changes role from FOLLOWER to CANDIDATE at term 0 for changeToCandidate
2019-09-20 10:24:59,700 [Thread-1220] INFO  impl.RoleInfo (RoleInfo.java:updateAndGet(143)) - 61649f92-8c0f-475a-818d-1064548aeef6: start LeaderElection
2019-09-20 10:24:59,733 [61649f92-8c0f-475a-818d-1064548aeef6:group-0E77731DA77C:LeaderElection90] INFO  impl.LeaderElection (LeaderElection.java:askForVotes(181)) - 61649f92-8c0f-475a-818d-1064548aeef6:group-0E77731DA77C:LeaderElection90: begin an election at term 1 for -1: [61649f92-8c0f-475a-818d-1064548aeef6:192.168.36.99:43150], old=null
2019-09-20 10:24:59,733 [61649f92-8c0f-475a-818d-1064548aeef6:group-0E77731DA77C:LeaderElection90] INFO  impl.RoleInfo (RoleInfo.java:shutdownLeaderElection(134)) - 61649f92-8c0f-475a-818d-1064548aeef6: shutdown LeaderElection
2019-09-20 10:24:59,733 [61649f92-8c0f-475a-818d-1064548aeef6:group-0E77731DA77C:LeaderElection90] INFO  impl.RaftServerImpl (RaftServerImpl.java:setRole(171)) - 61649f92-8c0f-475a-818d-1064548aeef6:group-0E77731DA77C changes role from CANDIDATE to LEADER at term 1 for changeToLeader
2019-09-20 10:24:59,734 [61649f92-8c0f-475a-818d-1064548aeef6:group-0E77731DA77C:LeaderElection90] INFO  impl.RaftServerImpl (ServerState.java:setLeader(263)) - 61649f92-8c0f-475a-818d-1064548aeef6:group-0E77731DA77C change Leader from null to 61649f92-8c0f-475a-818d-1064548aeef6 at term 1 for becomeLeader, leader elected after 5178ms
2019-09-20 10:24:59,734 [61649f92-8c0f-475a-818d-1064548aeef6:group-0E77731DA77C:LeaderElection90] INFO  server.RaftServerConfigKeys (ConfUtils.java:logGet(43)) - raft.server.staging.catchup.gap = 1000 (default)
2019-09-20 10:24:59,734 [61649f92-8c0f-475a-818d-1064548aeef6:group-0E77731DA77C:LeaderElection90] INFO  server.RaftServerConfigKeys (ConfUtils.java:logGet(43)) - raft.server.rpc.sleep.time = 25ms (default)
2019-09-20 10:24:59,734 [61649f92-8c0f-475a-818d-1064548aeef6:group-0E77731DA77C:LeaderElection90] INFO  server.RaftServerConfigKeys (ConfUtils.java:logGet(43)) - raft.server.write.element-limit = 4096 (default)
2019-09-20 10:24:59,734 [61649f92-8c0f-475a-818d-1064548aeef6:group-0E77731DA77C:LeaderElection90] INFO  server.RaftServerConfigKeys (ConfUtils.java:logGet(43)) - raft.server.watch.timeout = 10s (default)
2019-09-20 10:24:59,735 [61649f92-8c0f-475a-818d-1064548aeef6:group-0E77731DA77C:LeaderElection90] INFO  server.RaftServerConfigKeys (ConfUtils.java:logGet(43)) - raft.server.watch.timeout.denomination = 1s (default)
2019-09-20 10:24:59,735 [61649f92-8c0f-475a-818d-1064548aeef6:group-0E77731DA77C:LeaderElection90] INFO  server.RaftServerConfigKeys (ConfUtils.java:logGet(43)) - raft.server.watch.element-limit = 65536 (default)
2019-09-20 10:24:59,735 [61649f92-8c0f-475a-818d-1064548aeef6:group-0E77731DA77C:LeaderElection90] INFO  impl.RoleInfo (RoleInfo.java:updateAndGet(143)) - 61649f92-8c0f-475a-818d-1064548aeef6: start LeaderState
2019-09-20 10:24:59,735 [61649f92-8c0f-475a-818d-1064548aeef6:group-0E77731DA77C:LeaderElection90] INFO  segmented.SegmentedRaftLogWorker (SegmentedRaftLogWorker.java:startLogSegment(380)) - 61649f92-8c0f-475a-818d-1064548aeef6-SegmentedRaftLogWorker:Storage Directory /workdir/hadoop-ozone/integration-test/target/test-dir/MiniOzoneClusterImpl-806821b2-061b-4172-afaf-fb68ff5248bd/datanode-0/data/ratis/df9ffc0a-3283-420d-bf01-0e77731da77c: Starting segment from index:0
2019-09-20 10:24:59,736 [61649f92-8c0f-475a-818d-1064548aeef6:group-0E77731DA77C:LeaderElection90] INFO  impl.RaftServerImpl (ServerState.java:setRaftConf(361)) - 61649f92-8c0f-475a-818d-1064548aeef6:group-0E77731DA77C set configuration 0: [61649f92-8c0f-475a-818d-1064548aeef6:192.168.36.99:43150], old=null at 0
2019-09-20 10:25:00,371 [Thread-1223] WARN  util.JavaUtils (JavaUtils.java:sleep(250)) - Unexpected long sleep: sleep(5152ms) actually took 5739ms which is over the threshold 300ms
2019-09-20 10:25:00,369 [Thread-1226] WARN  util.JavaUtils (JavaUtils.java:sleep(250)) - Unexpected long sleep: sleep(5039ms) actually took 5441ms which is over the threshold 300ms
2019-09-20 10:25:00,359 [Thread-1232] INFO  impl.FollowerState (FollowerState.java:run(106)) - 61649f92-8c0f-475a-818d-1064548aeef6:group-9A102802CB06 changes to CANDIDATE, lastRpcTime:5304, electionTimeout:5086ms
2019-09-20 10:25:00,359 [Thread-1229] INFO  impl.FollowerState (FollowerState.java:run(106)) - 61649f92-8c0f-475a-818d-1064548aeef6:group-83EDA5826E09 changes to CANDIDATE, lastRpcTime:5390, electionTimeout:5105ms
2019-09-20 10:25:00,358 [Thread-1235] INFO  impl.FollowerState (FollowerState.java:run(106)) - 61649f92-8c0f-475a-818d-1064548aeef6:group-922645F2303A changes to CANDIDATE, lastRpcTime:5218, electionTimeout:5044ms
2019-09-20 10:25:00,358 [Thread-1238] INFO  impl.FollowerState (FollowerState.java:run(106)) - e8013689-2f13-4aaf-8a03-99f419c430ec:group-F720D76A59AE changes to CANDIDATE, lastRpcTime:5114, electionTimeout:5009ms
2019-09-20 10:25:00,372 [Thread-1235] INFO  impl.RoleInfo (RoleInfo.java:shutdownFollowerState(121)) - 61649f92-8c0f-475a-818d-1064548aeef6: shutdown FollowerState
2019-09-20 10:25:00,372 | INFO  | SCMAudit | user=jenkins1000 | ip=192.168.36.99 | op=SEND_HEARTBEAT {datanodeUUID=136f1953-bb94-4097-a2d4-422a6782bee0, command=[]} | ret=SUCCESS |  
2019-09-20 10:25:00,372 | INFO  | SCMAudit | user=jenkins1000 | ip=192.168.36.99 | op=SEND_HEARTBEAT {datanodeUUID=e8013689-2f13-4aaf-8a03-99f419c430ec, command=[]} | ret=SUCCESS |  
2019-09-20 10:25:00,372 | INFO  | SCMAudit | user=jenkins1000 | ip=192.168.36.99 | op=SEND_HEARTBEAT {datanodeUUID=b5962e8e-c9f1-48aa-8eb4-d8f74b8afdbe, command=[]} | ret=SUCCESS |  
2019-09-20 10:25:00,425 [Thread-1241] INFO  impl.FollowerState (FollowerState.java:run(106)) - e8013689-2f13-4aaf-8a03-99f419c430ec:group-39574B001817 changes to CANDIDATE, lastRpcTime:5090, electionTimeout:5065ms
2019-09-20 10:25:00,372 [Thread-1229] INFO  impl.RoleInfo (RoleInfo.java:shutdownFollowerState(121)) - 61649f92-8c0f-475a-818d-1064548aeef6: shutdown FollowerState
2019-09-20 10:25:00,372 [Thread-1232] INFO  impl.RoleInfo (RoleInfo.java:shutdownFollowerState(121)) - 61649f92-8c0f-475a-818d-1064548aeef6: shutdown FollowerState
2019-09-20 10:25:00,426 [Thread-1229] INFO  impl.RaftServerImpl (RaftServerImpl.java:setRole(171)) - 61649f92-8c0f-475a-818d-1064548aeef6:group-83EDA5826E09 changes role from FOLLOWER to CANDIDATE at term 0 for changeToCandidate
2019-09-20 10:25:00,426 [Thread-1241] INFO  impl.RoleInfo (RoleInfo.java:shutdownFollowerState(121)) - e8013689-2f13-4aaf-8a03-99f419c430ec: shutdown FollowerState
2019-09-20 10:25:00,426 [Thread-1229] INFO  impl.RoleInfo (RoleInfo.java:updateAndGet(143)) - 61649f92-8c0f-475a-818d-1064548aeef6: start LeaderElection
2019-09-20 10:25:00,426 | INFO  | SCMAudit | user=jenkins1000 | ip=192.168.36.99 | op=SEND_HEARTBEAT {datanodeUUID=bb8f5112-316d-4974-a5a6-f698f3fbb5be, command=[]} | ret=SUCCESS |  
2019-09-20 10:25:00,425 [Thread-1235] INFO  impl.RaftServerImpl (RaftServerImpl.java:setRole(171)) - 61649f92-8c0f-475a-818d-1064548aeef6:group-922645F2303A changes role from FOLLOWER to CANDIDATE at term 0 for changeToCandidate
2019-09-20 10:25:00,372 [Thread-1238] INFO  impl.RoleInfo (RoleInfo.java:shutdownFollowerState(121)) - e8013689-2f13-4aaf-8a03-99f419c430ec: shutdown FollowerState
2019-09-20 10:25:00,426 [Thread-1241] INFO  impl.RaftServerImpl (RaftServerImpl.java:setRole(171)) - e8013689-2f13-4aaf-8a03-99f419c430ec:group-39574B001817 changes role from FOLLOWER to CANDIDATE at term 0 for changeToCandidate
2019-09-20 10:25:00,427 [Thread-1235] INFO  impl.RoleInfo (RoleInfo.java:updateAndGet(143)) - 61649f92-8c0f-475a-818d-1064548aeef6: start LeaderElection
2019-09-20 10:25:00,426 [Thread-1232] INFO  impl.RaftServerImpl (RaftServerImpl.java:setRole(171)) - 61649f92-8c0f-475a-818d-1064548aeef6:group-9A102802CB06 changes role from FOLLOWER to CANDIDATE at term 0 for changeToCandidate
2019-09-20 10:25:00,427 [Thread-1241] INFO  impl.RoleInfo (RoleInfo.java:updateAndGet(143)) - e8013689-2f13-4aaf-8a03-99f419c430ec: start LeaderElection
2019-09-20 10:25:00,427 [Thread-1238] INFO  impl.RaftServerImpl (RaftServerImpl.java:setRole(171)) - e8013689-2f13-4aaf-8a03-99f419c430ec:group-F720D76A59AE changes role from FOLLOWER to CANDIDATE at term 0 for changeToCandidate
2019-09-20 10:25:00,427 [Thread-1232] INFO  impl.RoleInfo (RoleInfo.java:updateAndGet(143)) - 61649f92-8c0f-475a-818d-1064548aeef6: start LeaderElection
2019-09-20 10:25:00,428 [Thread-1238] INFO  impl.RoleInfo (RoleInfo.java:updateAndGet(143)) - e8013689-2f13-4aaf-8a03-99f419c430ec: start LeaderElection
2019-09-20 10:25:00,428 [main] INFO  ipc.CallQueueManager (CallQueueManager.java:<init>(84)) - Using callQueue: class java.util.concurrent.LinkedBlockingQueue, queueCapacity: 2000, scheduler: class org.apache.hadoop.ipc.DefaultRpcScheduler, ipcBackoff: false.
2019-09-20 10:25:00,429 [Socket Reader #1 for port 46593] INFO  ipc.Server (Server.java:run(1074)) - Starting Socket Reader #1 for port 46593
2019-09-20 10:25:00,444 [e8013689-2f13-4aaf-8a03-99f419c430ec:group-39574B001817:LeaderElection93] INFO  impl.LeaderElection (LeaderElection.java:askForVotes(181)) - e8013689-2f13-4aaf-8a03-99f419c430ec:group-39574B001817:LeaderElection93: begin an election at term 1 for -1: [e8013689-2f13-4aaf-8a03-99f419c430ec:192.168.36.99:43054], old=null
2019-09-20 10:25:00,444 [61649f92-8c0f-475a-818d-1064548aeef6:group-83EDA5826E09:LeaderElection91] INFO  impl.LeaderElection (LeaderElection.java:askForVotes(181)) - 61649f92-8c0f-475a-818d-1064548aeef6:group-83EDA5826E09:LeaderElection91: begin an election at term 1 for -1: [61649f92-8c0f-475a-818d-1064548aeef6:192.168.36.99:43150], old=null
2019-09-20 10:25:00,444 [e8013689-2f13-4aaf-8a03-99f419c430ec:group-39574B001817:LeaderElection93] INFO  impl.RoleInfo (RoleInfo.java:shutdownLeaderElection(134)) - e8013689-2f13-4aaf-8a03-99f419c430ec: shutdown LeaderElection
2019-09-20 10:25:00,444 [61649f92-8c0f-475a-818d-1064548aeef6:group-922645F2303A:LeaderElection92] INFO  impl.LeaderElection (LeaderElection.java:askForVotes(181)) - 61649f92-8c0f-475a-818d-1064548aeef6:group-922645F2303A:LeaderElection92: begin an election at term 1 for -1: [61649f92-8c0f-475a-818d-1064548aeef6:192.168.36.99:43150], old=null
2019-09-20 10:25:00,444 [e8013689-2f13-4aaf-8a03-99f419c430ec:group-39574B001817:LeaderElection93] INFO  impl.RaftServerImpl (RaftServerImpl.java:setRole(171)) - e8013689-2f13-4aaf-8a03-99f419c430ec:group-39574B001817 changes role from CANDIDATE to LEADER at term 1 for changeToLeader
2019-09-20 10:25:00,444 [61649f92-8c0f-475a-818d-1064548aeef6:group-83EDA5826E09:LeaderElection91] INFO  impl.RoleInfo (RoleInfo.java:shutdownLeaderElection(134)) - 61649f92-8c0f-475a-818d-1064548aeef6: shutdown LeaderElection
2019-09-20 10:25:00,444 [e8013689-2f13-4aaf-8a03-99f419c430ec:group-39574B001817:LeaderElection93] INFO  impl.RaftServerImpl (ServerState.java:setLeader(263)) - e8013689-2f13-4aaf-8a03-99f419c430ec:group-39574B001817 change Leader from null to e8013689-2f13-4aaf-8a03-99f419c430ec at term 1 for becomeLeader, leader elected after 5113ms
2019-09-20 10:25:00,444 [61649f92-8c0f-475a-818d-1064548aeef6:group-922645F2303A:LeaderElection92] INFO  impl.RoleInfo (RoleInfo.java:shutdownLeaderElection(134)) - 61649f92-8c0f-475a-818d-1064548aeef6: shutdown LeaderElection
2019-09-20 10:25:00,445 [61649f92-8c0f-475a-818d-1064548aeef6:group-922645F2303A:LeaderElection92] INFO  impl.RaftServerImpl (RaftServerImpl.java:setRole(171)) - 61649f92-8c0f-475a-818d-1064548aeef6:group-922645F2303A changes role from CANDIDATE to LEADER at term 1 for changeToLeader
2019-09-20 10:25:00,444 [61649f92-8c0f-475a-818d-1064548aeef6:group-83EDA5826E09:LeaderElection91] INFO  impl.RaftServerImpl (RaftServerImpl.java:setRole(171)) - 61649f92-8c0f-475a-818d-1064548aeef6:group-83EDA5826E09 changes role from CANDIDATE to LEADER at term 1 for changeToLeader
2019-09-20 10:25:00,445 [61649f92-8c0f-475a-818d-1064548aeef6:group-922645F2303A:LeaderElection92] INFO  impl.RaftServerImpl (ServerState.java:setLeader(263)) - 61649f92-8c0f-475a-818d-1064548aeef6:group-922645F2303A change Leader from null to 61649f92-8c0f-475a-818d-1064548aeef6 at term 1 for becomeLeader, leader elected after 5310ms
2019-09-20 10:25:00,445 [e8013689-2f13-4aaf-8a03-99f419c430ec:group-39574B001817:LeaderElection93] INFO  server.RaftServerConfigKeys (ConfUtils.java:logGet(43)) - raft.server.staging.catchup.gap = 1000 (default)
2019-09-20 10:25:00,445 [61649f92-8c0f-475a-818d-1064548aeef6:group-922645F2303A:LeaderElection92] INFO  server.RaftServerConfigKeys (ConfUtils.java:logGet(43)) - raft.server.staging.catchup.gap = 1000 (default)
2019-09-20 10:25:00,445 [61649f92-8c0f-475a-818d-1064548aeef6:group-83EDA5826E09:LeaderElection91] INFO  impl.RaftServerImpl (ServerState.java:setLeader(263)) - 61649f92-8c0f-475a-818d-1064548aeef6:group-83EDA5826E09 change Leader from null to 61649f92-8c0f-475a-818d-1064548aeef6 at term 1 for becomeLeader, leader elected after 5480ms
2019-09-20 10:25:00,446 [61649f92-8c0f-475a-818d-1064548aeef6:group-922645F2303A:LeaderElection92] INFO  server.RaftServerConfigKeys (ConfUtils.java:logGet(43)) - raft.server.rpc.sleep.time = 25ms (default)
2019-09-20 10:25:00,445 [e8013689-2f13-4aaf-8a03-99f419c430ec:group-39574B001817:LeaderElection93] INFO  server.RaftServerConfigKeys (ConfUtils.java:logGet(43)) - raft.server.rpc.sleep.time = 25ms (default)
2019-09-20 10:25:00,446 [61649f92-8c0f-475a-818d-1064548aeef6:group-922645F2303A:LeaderElection92] INFO  server.RaftServerConfigKeys (ConfUtils.java:logGet(43)) - raft.server.write.element-limit = 4096 (default)
2019-09-20 10:25:00,446 [61649f92-8c0f-475a-818d-1064548aeef6:group-83EDA5826E09:LeaderElection91] INFO  server.RaftServerConfigKeys (ConfUtils.java:logGet(43)) - raft.server.staging.catchup.gap = 1000 (default)
2019-09-20 10:25:00,446 [61649f92-8c0f-475a-818d-1064548aeef6:group-922645F2303A:LeaderElection92] INFO  server.RaftServerConfigKeys (ConfUtils.java:logGet(43)) - raft.server.watch.timeout = 10s (default)
2019-09-20 10:25:00,446 [e8013689-2f13-4aaf-8a03-99f419c430ec:group-39574B001817:LeaderElection93] INFO  server.RaftServerConfigKeys (ConfUtils.java:logGet(43)) - raft.server.write.element-limit = 4096 (default)
2019-09-20 10:25:00,447 [61649f92-8c0f-475a-818d-1064548aeef6:group-922645F2303A:LeaderElection92] INFO  server.RaftServerConfigKeys (ConfUtils.java:logGet(43)) - raft.server.watch.timeout.denomination = 1s (default)
2019-09-20 10:25:00,446 [61649f92-8c0f-475a-818d-1064548aeef6:group-83EDA5826E09:LeaderElection91] INFO  server.RaftServerConfigKeys (ConfUtils.java:logGet(43)) - raft.server.rpc.sleep.time = 25ms (default)
2019-09-20 10:25:00,447 [61649f92-8c0f-475a-818d-1064548aeef6:group-922645F2303A:LeaderElection92] INFO  server.RaftServerConfigKeys (ConfUtils.java:logGet(43)) - raft.server.watch.element-limit = 65536 (default)
2019-09-20 10:25:00,447 [e8013689-2f13-4aaf-8a03-99f419c430ec:group-39574B001817:LeaderElection93] INFO  server.RaftServerConfigKeys (ConfUtils.java:logGet(43)) - raft.server.watch.timeout = 10s (default)
2019-09-20 10:25:00,447 [61649f92-8c0f-475a-818d-1064548aeef6:group-922645F2303A:LeaderElection92] INFO  impl.RoleInfo (RoleInfo.java:updateAndGet(143)) - 61649f92-8c0f-475a-818d-1064548aeef6: start LeaderState
2019-09-20 10:25:00,447 [61649f92-8c0f-475a-818d-1064548aeef6:group-83EDA5826E09:LeaderElection91] INFO  server.RaftServerConfigKeys (ConfUtils.java:logGet(43)) - raft.server.write.element-limit = 4096 (default)
2019-09-20 10:25:00,448 [61649f92-8c0f-475a-818d-1064548aeef6:group-922645F2303A:LeaderElection92] INFO  segmented.SegmentedRaftLogWorker (SegmentedRaftLogWorker.java:startLogSegment(380)) - 61649f92-8c0f-475a-818d-1064548aeef6-SegmentedRaftLogWorker:Storage Directory /workdir/hadoop-ozone/integration-test/target/test-dir/MiniOzoneClusterImpl-806821b2-061b-4172-afaf-fb68ff5248bd/datanode-0/data/ratis/f42beeb0-fa7e-4c86-ab53-922645f2303a: Starting segment from index:0
2019-09-20 10:25:00,447 [e8013689-2f13-4aaf-8a03-99f419c430ec:group-39574B001817:LeaderElection93] INFO  server.RaftServerConfigKeys (ConfUtils.java:logGet(43)) - raft.server.watch.timeout.denomination = 1s (default)
2019-09-20 10:25:00,448 [61649f92-8c0f-475a-818d-1064548aeef6:group-83EDA5826E09:LeaderElection91] INFO  server.RaftServerConfigKeys (ConfUtils.java:logGet(43)) - raft.server.watch.timeout = 10s (default)
2019-09-20 10:25:00,935 | INFO  | SCMAudit | user=jenkins1000 | ip=192.168.36.99 | op=SEND_HEARTBEAT {datanodeUUID=17e2ba94-38a1-40e7-84e0-f6802901db84, command=[]} | ret=SUCCESS |  
2019-09-20 10:25:00,935 | INFO  | SCMAudit | user=jenkins1000 | ip=192.168.36.99 | op=SEND_HEARTBEAT {datanodeUUID=3d6f3241-e73c-473a-ad0b-c7be2f7e1dda, command=[]} | ret=SUCCESS |  
2019-09-20 10:25:00,935 | INFO  | SCMAudit | user=jenkins1000 | ip=192.168.36.99 | op=SEND_HEARTBEAT {datanodeUUID=9e03ffa9-cf79-407a-a150-4c035e5aec5e, command=[]} | ret=SUCCESS |  
2019-09-20 10:25:00,935 | INFO  | SCMAudit | user=jenkins1000 | ip=192.168.36.99 | op=SEND_HEARTBEAT {datanodeUUID=66416d0b-a71c-4af1-ae3a-62ca63b880a3, command=[]} | ret=SUCCESS |  
2019-09-20 10:25:00,936 | INFO  | SCMAudit | user=jenkins1000 | ip=192.168.36.99 | op=SEND_HEARTBEAT {datanodeUUID=99e70dd4-d763-4473-944c-c5628506dcf8, command=[]} | ret=SUCCESS |  
2019-09-20 10:25:00,936 | INFO  | SCMAudit | user=jenkins1000 | ip=192.168.36.99 | op=SEND_HEARTBEAT {datanodeUUID=7af711bd-b5ae-4a73-a8be-b970cae6c2d1, command=[]} | ret=SUCCESS |  
2019-09-20 10:25:00,936 | INFO  | SCMAudit | user=jenkins1000 | ip=192.168.36.99 | op=SEND_HEARTBEAT {datanodeUUID=60260ec1-e192-4b95-89c8-d924d16a77a9, command=[]} | ret=SUCCESS |  
2019-09-20 10:25:00,936 | INFO  | SCMAudit | user=jenkins1000 | ip=192.168.36.99 | op=SEND_HEARTBEAT {datanodeUUID=468be06f-55e9-4831-ba6b-3db017451a79, command=[]} | ret=SUCCESS |  
2019-09-20 10:25:00,936 | INFO  | SCMAudit | user=jenkins1000 | ip=192.168.36.99 | op=SEND_HEARTBEAT {datanodeUUID=cff8bf6b-8d20-4327-9f29-08a3c2b49247, command=[]} | ret=SUCCESS |  
2019-09-20 10:25:00,936 | INFO  | SCMAudit | user=jenkins1000 | ip=192.168.36.99 | op=SEND_HEARTBEAT {datanodeUUID=19fb8383-7c99-4449-b95c-a26e71717844, command=[]} | ret=SUCCESS |  
2019-09-20 10:25:00,448 [e8013689-2f13-4aaf-8a03-99f419c430ec:group-39574B001817:LeaderElection93] INFO  server.RaftServerConfigKeys (ConfUtils.java:logGet(43)) - raft.server.watch.element-limit = 65536 (default)
2019-09-20 10:25:00,935 | INFO  | SCMAudit | user=jenkins1000 | ip=192.168.36.99 | op=SEND_HEARTBEAT {datanodeUUID=4d972e91-cb6b-45de-8bd2-c18af7abe58b, command=[]} | ret=SUCCESS |  
2019-09-20 10:25:00,936 | INFO  | SCMAudit | user=jenkins1000 | ip=192.168.36.99 | op=SEND_HEARTBEAT {datanodeUUID=54207fe5-d92c-4c2e-b058-fbae630dabef, command=[]} | ret=SUCCESS |  
2019-09-20 10:25:00,935 | INFO  | SCMAudit | user=jenkins1000 | ip=192.168.36.99 | op=SEND_HEARTBEAT {datanodeUUID=c3e532f8-1a8e-44f3-b56b-d765aee893af, command=[]} | ret=SUCCESS |  
2019-09-20 10:25:00,935 | INFO  | SCMAudit | user=jenkins1000 | ip=192.168.36.99 | op=SEND_HEARTBEAT {datanodeUUID=1ab786b9-c79c-4265-88a1-5b3344c6beda, command=[]} | ret=SUCCESS |  
2019-09-20 10:25:00,936 | INFO  | SCMAudit | user=jenkins1000 | ip=192.168.36.99 | op=SEND_HEARTBEAT {datanodeUUID=d2ed2d9b-7ac7-460e-84f6-6d9d6066f76d, command=[]} | ret=SUCCESS |  
2019-09-20 10:25:00,936 [e8013689-2f13-4aaf-8a03-99f419c430ec:group-F720D76A59AE:LeaderElection95] INFO  impl.LeaderElection (LeaderElection.java:askForVotes(181)) - e8013689-2f13-4aaf-8a03-99f419c430ec:group-F720D76A59AE:LeaderElection95: begin an election at term 1 for -1: [e8013689-2f13-4aaf-8a03-99f419c430ec:192.168.36.99:43054], old=null
2019-09-20 10:25:00,936 | INFO  | SCMAudit | user=jenkins1000 | ip=192.168.36.99 | op=SEND_HEARTBEAT {datanodeUUID=6491c372-a595-4104-b3e9-c4f3293baafa, command=[]} | ret=SUCCESS |  
2019-09-20 10:25:00,936 | INFO  | SCMAudit | user=jenkins1000 | ip=192.168.36.99 | op=SEND_HEARTBEAT {datanodeUUID=61649f92-8c0f-475a-818d-1064548aeef6, command=[]} | ret=SUCCESS |  
2019-09-20 10:25:00,935 [61649f92-8c0f-475a-818d-1064548aeef6:group-9A102802CB06:LeaderElection94] INFO  impl.LeaderElection (LeaderElection.java:askForVotes(181)) - 61649f92-8c0f-475a-818d-1064548aeef6:group-9A102802CB06:LeaderElection94: begin an election at term 1 for -1: [61649f92-8c0f-475a-818d-1064548aeef6:192.168.36.99:43150], old=null
2019-09-20 10:25:00,928 [Thread-1244] WARN  util.JavaUtils (JavaUtils.java:sleep(250)) - Unexpected long sleep: sleep(5159ms) actually took 5508ms which is over the threshold 300ms
2019-09-20 10:25:00,928 [Thread-1250] INFO  impl.FollowerState (FollowerState.java:run(106)) - 136f1953-bb94-4097-a2d4-422a6782bee0:group-3EE8DB6CDF8E changes to CANDIDATE, lastRpcTime:5306, electionTimeout:5029ms
2019-09-20 10:25:00,927 [Thread-1247] INFO  impl.FollowerState (FollowerState.java:run(106)) - e8013689-2f13-4aaf-8a03-99f419c430ec:group-4F0D8B9435FE changes to CANDIDATE, lastRpcTime:5414, electionTimeout:5197ms
2019-09-20 10:25:00,927 [Thread-1253] INFO  impl.FollowerState (FollowerState.java:run(106)) - e8013689-2f13-4aaf-8a03-99f419c430ec:group-F7C2ACBA30A6 changes to CANDIDATE, lastRpcTime:5254, electionTimeout:5062ms
2019-09-20 10:25:00,937 [Thread-1253] INFO  impl.RoleInfo (RoleInfo.java:shutdownFollowerState(121)) - e8013689-2f13-4aaf-8a03-99f419c430ec: shutdown FollowerState
2019-09-20 10:25:00,925 [Thread-1259] INFO  impl.FollowerState (FollowerState.java:run(106)) - 136f1953-bb94-4097-a2d4-422a6782bee0:group-36BD9A13BEB9 changes to CANDIDATE, lastRpcTime:5059, electionTimeout:5038ms
2019-09-20 10:25:00,925 [Thread-1256] INFO  impl.FollowerState (FollowerState.java:run(106)) - e8013689-2f13-4aaf-8a03-99f419c430ec:group-ECC0DA2B67F9 changes to CANDIDATE, lastRpcTime:5151, electionTimeout:5131ms
2019-09-20 10:25:00,448 [61649f92-8c0f-475a-818d-1064548aeef6:group-83EDA5826E09:LeaderElection91] INFO  server.RaftServerConfigKeys (ConfUtils.java:logGet(43)) - raft.server.watch.timeout.denomination = 1s (default)
2019-09-20 10:25:00,937 [Thread-1256] INFO  impl.RoleInfo (RoleInfo.java:shutdownFollowerState(121)) - e8013689-2f13-4aaf-8a03-99f419c430ec: shutdown FollowerState
2019-09-20 10:25:00,937 [Thread-1259] INFO  impl.RoleInfo (RoleInfo.java:shutdownFollowerState(121)) - 136f1953-bb94-4097-a2d4-422a6782bee0: shutdown FollowerState
2019-09-20 10:25:00,937 [Thread-1253] INFO  impl.RaftServerImpl (RaftServerImpl.java:setRole(171)) - e8013689-2f13-4aaf-8a03-99f419c430ec:group-F7C2ACBA30A6 changes role from FOLLOWER to CANDIDATE at term 0 for changeToCandidate
2019-09-20 10:25:00,937 [Thread-1247] INFO  impl.RoleInfo (RoleInfo.java:shutdownFollowerState(121)) - e8013689-2f13-4aaf-8a03-99f419c430ec: shutdown FollowerState
2019-09-20 10:25:00,937 [Thread-1250] INFO  impl.RoleInfo (RoleInfo.java:shutdownFollowerState(121)) - 136f1953-bb94-4097-a2d4-422a6782bee0: shutdown FollowerState
2019-09-20 10:25:00,938 [Thread-1250] INFO  impl.RaftServerImpl (RaftServerImpl.java:setRole(171)) - 136f1953-bb94-4097-a2d4-422a6782bee0:group-3EE8DB6CDF8E changes role from FOLLOWER to CANDIDATE at term 0 for changeToCandidate
2019-09-20 10:25:00,936 [61649f92-8c0f-475a-818d-1064548aeef6:group-9A102802CB06:LeaderElection94] INFO  impl.RoleInfo (RoleInfo.java:shutdownLeaderElection(134)) - 61649f92-8c0f-475a-818d-1064548aeef6: shutdown LeaderElection
2019-09-20 10:25:00,936 [e8013689-2f13-4aaf-8a03-99f419c430ec:group-F720D76A59AE:LeaderElection95] INFO  impl.RoleInfo (RoleInfo.java:shutdownLeaderElection(134)) - e8013689-2f13-4aaf-8a03-99f419c430ec: shutdown LeaderElection
2019-09-20 10:25:00,939 [e8013689-2f13-4aaf-8a03-99f419c430ec:group-F720D76A59AE:LeaderElection95] INFO  impl.RaftServerImpl (RaftServerImpl.java:setRole(171)) - e8013689-2f13-4aaf-8a03-99f419c430ec:group-F720D76A59AE changes role from CANDIDATE to LEADER at term 1 for changeToLeader
2019-09-20 10:25:00,936 [e8013689-2f13-4aaf-8a03-99f419c430ec:group-39574B001817:LeaderElection93] INFO  impl.RoleInfo (RoleInfo.java:updateAndGet(143)) - e8013689-2f13-4aaf-8a03-99f419c430ec: start LeaderState
2019-09-20 10:25:00,936 [61649f92-8c0f-475a-818d-1064548aeef6:group-922645F2303A:LeaderElection92] INFO  impl.RaftServerImpl (ServerState.java:setRaftConf(361)) - 61649f92-8c0f-475a-818d-1064548aeef6:group-922645F2303A set configuration 0: [61649f92-8c0f-475a-818d-1064548aeef6:192.168.36.99:43150], old=null at 0
2019-09-20 10:25:00,939 [e8013689-2f13-4aaf-8a03-99f419c430ec:group-F720D76A59AE:LeaderElection95] INFO  impl.RaftServerImpl (ServerState.java:setLeader(263)) - e8013689-2f13-4aaf-8a03-99f419c430ec:group-F720D76A59AE change Leader from null to e8013689-2f13-4aaf-8a03-99f419c430ec at term 1 for becomeLeader, leader elected after 5700ms
2019-09-20 10:25:00,939 [61649f92-8c0f-475a-818d-1064548aeef6:group-9A102802CB06:LeaderElection94] INFO  impl.RaftServerImpl (RaftServerImpl.java:setRole(171)) - 61649f92-8c0f-475a-818d-1064548aeef6:group-9A102802CB06 changes role from CANDIDATE to LEADER at term 1 for changeToLeader
2019-09-20 10:25:00,938 [Thread-1250] INFO  impl.RoleInfo (RoleInfo.java:updateAndGet(143)) - 136f1953-bb94-4097-a2d4-422a6782bee0: start LeaderElection
2019-09-20 10:25:00,938 [Thread-1247] INFO  impl.RaftServerImpl (RaftServerImpl.java:setRole(171)) - e8013689-2f13-4aaf-8a03-99f419c430ec:group-4F0D8B9435FE changes role from FOLLOWER to CANDIDATE at term 0 for changeToCandidate
2019-09-20 10:25:00,938 [Thread-1253] INFO  impl.RoleInfo (RoleInfo.java:updateAndGet(143)) - e8013689-2f13-4aaf-8a03-99f419c430ec: start LeaderElection
2019-09-20 10:25:00,938 [Thread-1259] INFO  impl.RaftServerImpl (RaftServerImpl.java:setRole(171)) - 136f1953-bb94-4097-a2d4-422a6782bee0:group-36BD9A13BEB9 changes role from FOLLOWER to CANDIDATE at term 0 for changeToCandidate
2019-09-20 10:25:00,938 [Thread-1256] INFO  impl.RaftServerImpl (RaftServerImpl.java:setRole(171)) - e8013689-2f13-4aaf-8a03-99f419c430ec:group-ECC0DA2B67F9 changes role from FOLLOWER to CANDIDATE at term 0 for changeToCandidate
2019-09-20 10:25:00,938 [61649f92-8c0f-475a-818d-1064548aeef6:group-83EDA5826E09:LeaderElection91] INFO  server.RaftServerConfigKeys (ConfUtils.java:logGet(43)) - raft.server.watch.element-limit = 65536 (default)
2019-09-20 10:25:00,940 [Thread-1256] INFO  impl.RoleInfo (RoleInfo.java:updateAndGet(143)) - e8013689-2f13-4aaf-8a03-99f419c430ec: start LeaderElection
2019-09-20 10:25:00,940 [Thread-1259] INFO  impl.RoleInfo (RoleInfo.java:updateAndGet(143)) - 136f1953-bb94-4097-a2d4-422a6782bee0: start LeaderElection
2019-09-20 10:25:00,940 [Thread-1247] INFO  impl.RoleInfo (RoleInfo.java:updateAndGet(143)) - e8013689-2f13-4aaf-8a03-99f419c430ec: start LeaderElection
2019-09-20 10:25:00,939 [61649f92-8c0f-475a-818d-1064548aeef6:group-9A102802CB06:LeaderElection94] INFO  impl.RaftServerImpl (ServerState.java:setLeader(263)) - 61649f92-8c0f-475a-818d-1064548aeef6:group-9A102802CB06 change Leader from null to 61649f92-8c0f-475a-818d-1064548aeef6 at term 1 for becomeLeader, leader elected after 5889ms
2019-09-20 10:25:00,939 [e8013689-2f13-4aaf-8a03-99f419c430ec:group-F720D76A59AE:LeaderElection95] INFO  server.RaftServerConfigKeys (ConfUtils.java:logGet(43)) - raft.server.staging.catchup.gap = 1000 (default)
2019-09-20 10:25:00,939 [e8013689-2f13-4aaf-8a03-99f419c430ec:group-39574B001817:LeaderElection93] INFO  segmented.SegmentedRaftLogWorker (SegmentedRaftLogWorker.java:startLogSegment(380)) - e8013689-2f13-4aaf-8a03-99f419c430ec-SegmentedRaftLogWorker:Storage Directory /workdir/hadoop-ozone/integration-test/target/test-dir/MiniOzoneClusterImpl-806821b2-061b-4172-afaf-fb68ff5248bd/datanode-1/data/ratis/d6f61380-79ec-40e9-890f-39574b001817: Starting segment from index:0
2019-09-20 10:25:00,941 [e8013689-2f13-4aaf-8a03-99f419c430ec:group-F720D76A59AE:LeaderElection95] INFO  server.RaftServerConfigKeys (ConfUtils.java:logGet(43)) - raft.server.rpc.sleep.time = 25ms (default)
2019-09-20 10:25:00,941 [61649f92-8c0f-475a-818d-1064548aeef6:group-9A102802CB06:LeaderElection94] INFO  server.RaftServerConfigKeys (ConfUtils.java:logGet(43)) - raft.server.staging.catchup.gap = 1000 (default)
2019-09-20 10:25:00,940 [61649f92-8c0f-475a-818d-1064548aeef6:group-83EDA5826E09:LeaderElection91] INFO  impl.RoleInfo (RoleInfo.java:updateAndGet(143)) - 61649f92-8c0f-475a-818d-1064548aeef6: start LeaderState
2019-09-20 10:25:00,942 [e8013689-2f13-4aaf-8a03-99f419c430ec:group-F720D76A59AE:LeaderElection95] INFO  server.RaftServerConfigKeys (ConfUtils.java:logGet(43)) - raft.server.write.element-limit = 4096 (default)
2019-09-20 10:25:01,302 [136f1953-bb94-4097-a2d4-422a6782bee0:group-3EE8DB6CDF8E:LeaderElection97] INFO  impl.LeaderElection (LeaderElection.java:askForVotes(181)) - 136f1953-bb94-4097-a2d4-422a6782bee0:group-3EE8DB6CDF8E:LeaderElection97: begin an election at term 1 for -1: [136f1953-bb94-4097-a2d4-422a6782bee0:192.168.36.99:37121], old=null
2019-09-20 10:25:01,302 [Thread-1271] INFO  impl.FollowerState (FollowerState.java:run(106)) - 136f1953-bb94-4097-a2d4-422a6782bee0:group-F0B5BE8CFE34 changes to CANDIDATE, lastRpcTime:5065, electionTimeout:5049ms
2019-09-20 10:25:01,302 [e8013689-2f13-4aaf-8a03-99f419c430ec:group-39574B001817:LeaderElection93] INFO  impl.RaftServerImpl (ServerState.java:setRaftConf(361)) - e8013689-2f13-4aaf-8a03-99f419c430ec:group-39574B001817 set configuration 0: [e8013689-2f13-4aaf-8a03-99f419c430ec:192.168.36.99:43054], old=null at 0
2019-09-20 10:25:01,302 [e8013689-2f13-4aaf-8a03-99f419c430ec:group-F7C2ACBA30A6:LeaderElection96] INFO  impl.LeaderElection (LeaderElection.java:askForVotes(181)) - e8013689-2f13-4aaf-8a03-99f419c430ec:group-F7C2ACBA30A6:LeaderElection96: begin an election at term 1 for -1: [e8013689-2f13-4aaf-8a03-99f419c430ec:192.168.36.99:43054], old=null
2019-09-20 10:25:00,942 [61649f92-8c0f-475a-818d-1064548aeef6:group-9A102802CB06:LeaderElection94] INFO  server.RaftServerConfigKeys (ConfUtils.java:logGet(43)) - raft.server.rpc.sleep.time = 25ms (default)
2019-09-20 10:25:01,302 [Thread-1265] INFO  impl.FollowerState (FollowerState.java:run(106)) - cff8bf6b-8d20-4327-9f29-08a3c2b49247:group-41168AB8A65F changes to CANDIDATE, lastRpcTime:5260, electionTimeout:5011ms
2019-09-20 10:25:01,303 [Thread-1265] INFO  impl.RoleInfo (RoleInfo.java:shutdownFollowerState(121)) - cff8bf6b-8d20-4327-9f29-08a3c2b49247: shutdown FollowerState
2019-09-20 10:25:01,302 [Thread-1268] INFO  impl.FollowerState (FollowerState.java:run(106)) - 136f1953-bb94-4097-a2d4-422a6782bee0:group-C7C9E2BEED22 changes to CANDIDATE, lastRpcTime:5158, electionTimeout:5025ms
2019-09-20 10:25:01,302 [Thread-1262] INFO  impl.FollowerState (FollowerState.java:run(106)) - 136f1953-bb94-4097-a2d4-422a6782bee0:group-D306834017EB changes to CANDIDATE, lastRpcTime:5369, electionTimeout:5133ms
2019-09-20 10:25:01,303 [Thread-1268] INFO  impl.RoleInfo (RoleInfo.java:shutdownFollowerState(121)) - 136f1953-bb94-4097-a2d4-422a6782bee0: shutdown FollowerState
2019-09-20 10:25:01,303 [Thread-1265] INFO  impl.RaftServerImpl (RaftServerImpl.java:setRole(171)) - cff8bf6b-8d20-4327-9f29-08a3c2b49247:group-41168AB8A65F changes role from FOLLOWER to CANDIDATE at term 0 for changeToCandidate
2019-09-20 10:25:01,303 [61649f92-8c0f-475a-818d-1064548aeef6:group-9A102802CB06:LeaderElection94] INFO  server.RaftServerConfigKeys (ConfUtils.java:logGet(43)) - raft.server.write.element-limit = 4096 (default)
2019-09-20 10:25:01,303 [e8013689-2f13-4aaf-8a03-99f419c430ec:group-F7C2ACBA30A6:LeaderElection96] INFO  impl.RoleInfo (RoleInfo.java:shutdownLeaderElection(134)) - e8013689-2f13-4aaf-8a03-99f419c430ec: shutdown LeaderElection
2019-09-20 10:25:01,303 [Thread-1271] INFO  impl.RoleInfo (RoleInfo.java:shutdownFollowerState(121)) - 136f1953-bb94-4097-a2d4-422a6782bee0: shutdown FollowerState
2019-09-20 10:25:01,304 [Thread-1271] INFO  impl.RaftServerImpl (RaftServerImpl.java:setRole(171)) - 136f1953-bb94-4097-a2d4-422a6782bee0:group-F0B5BE8CFE34 changes role from FOLLOWER to CANDIDATE at term 0 for changeToCandidate
2019-09-20 10:25:01,303 [136f1953-bb94-4097-a2d4-422a6782bee0:group-3EE8DB6CDF8E:LeaderElection97] INFO  impl.RoleInfo (RoleInfo.java:shutdownLeaderElection(134)) - 136f1953-bb94-4097-a2d4-422a6782bee0: shutdown LeaderElection
2019-09-20 10:25:01,303 [e8013689-2f13-4aaf-8a03-99f419c430ec:group-F720D76A59AE:LeaderElection95] INFO  server.RaftServerConfigKeys (ConfUtils.java:logGet(43)) - raft.server.watch.timeout = 10s (default)
2019-09-20 10:25:01,302 [61649f92-8c0f-475a-818d-1064548aeef6:group-83EDA5826E09:LeaderElection91] INFO  segmented.SegmentedRaftLogWorker (SegmentedRaftLogWorker.java:startLogSegment(380)) - 61649f92-8c0f-475a-818d-1064548aeef6-SegmentedRaftLogWorker:Storage Directory /workdir/hadoop-ozone/integration-test/target/test-dir/MiniOzoneClusterImpl-806821b2-061b-4172-afaf-fb68ff5248bd/datanode-0/data/ratis/3845c9ce-c2af-48fb-8839-83eda5826e09: Starting segment from index:0
2019-09-20 10:25:01,304 [e8013689-2f13-4aaf-8a03-99f419c430ec:group-F720D76A59AE:LeaderElection95] INFO  server.RaftServerConfigKeys (ConfUtils.java:logGet(43)) - raft.server.watch.timeout.denomination = 1s (default)
2019-09-20 10:25:01,305 [e8013689-2f13-4aaf-8a03-99f419c430ec:group-F720D76A59AE:LeaderElection95] INFO  server.RaftServerConfigKeys (ConfUtils.java:logGet(43)) - raft.server.watch.element-limit = 65536 (default)
2019-09-20 10:25:01,304 [136f1953-bb94-4097-a2d4-422a6782bee0:group-3EE8DB6CDF8E:LeaderElection97] INFO  impl.RaftServerImpl (RaftServerImpl.java:setRole(171)) - 136f1953-bb94-4097-a2d4-422a6782bee0:group-3EE8DB6CDF8E changes role from CANDIDATE to LEADER at term 1 for changeToLeader
2019-09-20 10:25:01,623 | INFO  | SCMAudit | user=jenkins1000 | ip=192.168.36.99 | op=SEND_HEARTBEAT {datanodeUUID=e8013689-2f13-4aaf-8a03-99f419c430ec, command=[]} | ret=SUCCESS |  
2019-09-20 10:25:01,623 | INFO  | SCMAudit | user=jenkins1000 | ip=192.168.36.99 | op=SEND_HEARTBEAT {datanodeUUID=b5962e8e-c9f1-48aa-8eb4-d8f74b8afdbe, command=[]} | ret=SUCCESS |  
2019-09-20 10:25:01,623 | INFO  | SCMAudit | user=jenkins1000 | ip=192.168.36.99 | op=SEND_HEARTBEAT {datanodeUUID=bb8f5112-316d-4974-a5a6-f698f3fbb5be, command=[]} | ret=SUCCESS |  
2019-09-20 10:25:01,304 [Thread-1271] INFO  impl.RoleInfo (RoleInfo.java:updateAndGet(143)) - 136f1953-bb94-4097-a2d4-422a6782bee0: start LeaderElection
2019-09-20 10:25:01,304 [e8013689-2f13-4aaf-8a03-99f419c430ec:group-F7C2ACBA30A6:LeaderElection96] INFO  impl.RaftServerImpl (RaftServerImpl.java:setRole(171)) - e8013689-2f13-4aaf-8a03-99f419c430ec:group-F7C2ACBA30A6 changes role from CANDIDATE to LEADER at term 1 for changeToLeader
2019-09-20 10:25:01,623 | INFO  | SCMAudit | user=jenkins1000 | ip=192.168.36.99 | op=SEND_HEARTBEAT {datanodeUUID=136f1953-bb94-4097-a2d4-422a6782bee0, command=[]} | ret=SUCCESS |  
2019-09-20 10:25:01,304 [61649f92-8c0f-475a-818d-1064548aeef6:group-9A102802CB06:LeaderElection94] INFO  server.RaftServerConfigKeys (ConfUtils.java:logGet(43)) - raft.server.watch.timeout = 10s (default)
2019-09-20 10:25:01,304 [Thread-1265] INFO  impl.RoleInfo (RoleInfo.java:updateAndGet(143)) - cff8bf6b-8d20-4327-9f29-08a3c2b49247: start LeaderElection
2019-09-20 10:25:01,304 [Thread-1268] INFO  impl.RaftServerImpl (RaftServerImpl.java:setRole(171)) - 136f1953-bb94-4097-a2d4-422a6782bee0:group-C7C9E2BEED22 changes role from FOLLOWER to CANDIDATE at term 0 for changeToCandidate
2019-09-20 10:25:01,304 [Thread-1262] INFO  impl.RoleInfo (RoleInfo.java:shutdownFollowerState(121)) - 136f1953-bb94-4097-a2d4-422a6782bee0: shutdown FollowerState
2019-09-20 10:25:01,624 [Thread-1268] INFO  impl.RoleInfo (RoleInfo.java:updateAndGet(143)) - 136f1953-bb94-4097-a2d4-422a6782bee0: start LeaderElection
2019-09-20 10:25:01,624 [61649f92-8c0f-475a-818d-1064548aeef6:group-9A102802CB06:LeaderElection94] INFO  server.RaftServerConfigKeys (ConfUtils.java:logGet(43)) - raft.server.watch.timeout.denomination = 1s (default)
2019-09-20 10:25:01,623 [e8013689-2f13-4aaf-8a03-99f419c430ec:group-F7C2ACBA30A6:LeaderElection96] INFO  impl.RaftServerImpl (ServerState.java:setLeader(263)) - e8013689-2f13-4aaf-8a03-99f419c430ec:group-F7C2ACBA30A6 change Leader from null to e8013689-2f13-4aaf-8a03-99f419c430ec at term 1 for becomeLeader, leader elected after 5955ms
2019-09-20 10:25:01,623 [e8013689-2f13-4aaf-8a03-99f419c430ec:group-4F0D8B9435FE:LeaderElection98] INFO  impl.LeaderElection (LeaderElection.java:askForVotes(181)) - e8013689-2f13-4aaf-8a03-99f419c430ec:group-4F0D8B9435FE:LeaderElection98: begin an election at term 1 for -1: [e8013689-2f13-4aaf-8a03-99f419c430ec:192.168.36.99:43054], old=null
2019-09-20 10:25:01,623 [e8013689-2f13-4aaf-8a03-99f419c430ec:group-ECC0DA2B67F9:LeaderElection100] INFO  impl.LeaderElection (LeaderElection.java:askForVotes(181)) - e8013689-2f13-4aaf-8a03-99f419c430ec:group-ECC0DA2B67F9:LeaderElection100: begin an election at term 1 for -1: [e8013689-2f13-4aaf-8a03-99f419c430ec:192.168.36.99:43054], old=null
2019-09-20 10:25:01,623 [136f1953-bb94-4097-a2d4-422a6782bee0:group-36BD9A13BEB9:LeaderElection99] INFO  impl.LeaderElection (LeaderElection.java:askForVotes(181)) - 136f1953-bb94-4097-a2d4-422a6782bee0:group-36BD9A13BEB9:LeaderElection99: begin an election at term 1 for -1: [136f1953-bb94-4097-a2d4-422a6782bee0:192.168.36.99:37121], old=null
2019-09-20 10:25:01,623 [Thread-1274] INFO  impl.FollowerState (FollowerState.java:run(106)) - cff8bf6b-8d20-4327-9f29-08a3c2b49247:group-E11B07918171 changes to CANDIDATE, lastRpcTime:5311, electionTimeout:5014ms
2019-09-20 10:25:01,616 [Thread-1277] INFO  impl.FollowerState (FollowerState.java:run(106)) - 136f1953-bb94-4097-a2d4-422a6782bee0:group-F29F1192F946 changes to CANDIDATE, lastRpcTime:5235, electionTimeout:5180ms
2019-09-20 10:25:01,305 [61649f92-8c0f-475a-818d-1064548aeef6:group-83EDA5826E09:LeaderElection91] INFO  impl.RaftServerImpl (ServerState.java:setRaftConf(361)) - 61649f92-8c0f-475a-818d-1064548aeef6:group-83EDA5826E09 set configuration 0: [61649f92-8c0f-475a-818d-1064548aeef6:192.168.36.99:43150], old=null at 0
2019-09-20 10:25:01,305 [e8013689-2f13-4aaf-8a03-99f419c430ec:group-F720D76A59AE:LeaderElection95] INFO  impl.RoleInfo (RoleInfo.java:updateAndGet(143)) - e8013689-2f13-4aaf-8a03-99f419c430ec: start LeaderState
2019-09-20 10:25:01,305 [136f1953-bb94-4097-a2d4-422a6782bee0:group-3EE8DB6CDF8E:LeaderElection97] INFO  impl.RaftServerImpl (ServerState.java:setLeader(263)) - 136f1953-bb94-4097-a2d4-422a6782bee0:group-3EE8DB6CDF8E change Leader from null to 136f1953-bb94-4097-a2d4-422a6782bee0 at term 1 for becomeLeader, leader elected after 5687ms
2019-09-20 10:25:01,305 [main] INFO  om.OzoneManager (OzoneManager.java:start(1256)) - OzoneManager RPC server is listening at localhost/127.0.0.1:46593
2019-09-20 10:25:01,626 [136f1953-bb94-4097-a2d4-422a6782bee0:group-3EE8DB6CDF8E:LeaderElection97] INFO  server.RaftServerConfigKeys (ConfUtils.java:logGet(43)) - raft.server.staging.catchup.gap = 1000 (default)
2019-09-20 10:25:01,626 [e8013689-2f13-4aaf-8a03-99f419c430ec:group-F720D76A59AE:LeaderElection95] INFO  segmented.SegmentedRaftLogWorker (SegmentedRaftLogWorker.java:startLogSegment(380)) - e8013689-2f13-4aaf-8a03-99f419c430ec-SegmentedRaftLogWorker:Storage Directory /workdir/hadoop-ozone/integration-test/target/test-dir/MiniOzoneClusterImpl-806821b2-061b-4172-afaf-fb68ff5248bd/datanode-1/data/ratis/1433d132-f579-41f9-9a5d-f720d76a59ae: Starting segment from index:0
2019-09-20 10:25:01,625 [Thread-1277] INFO  impl.RoleInfo (RoleInfo.java:shutdownFollowerState(121)) - 136f1953-bb94-4097-a2d4-422a6782bee0: shutdown FollowerState
2019-09-20 10:25:01,627 [Thread-1277] INFO  impl.RaftServerImpl (RaftServerImpl.java:setRole(171)) - 136f1953-bb94-4097-a2d4-422a6782bee0:group-F29F1192F946 changes role from FOLLOWER to CANDIDATE at term 0 for changeToCandidate
2019-09-20 10:25:01,625 [Thread-1274] INFO  impl.RoleInfo (RoleInfo.java:shutdownFollowerState(121)) - cff8bf6b-8d20-4327-9f29-08a3c2b49247: shutdown FollowerState
2019-09-20 10:25:01,625 [136f1953-bb94-4097-a2d4-422a6782bee0:group-36BD9A13BEB9:LeaderElection99] INFO  impl.RoleInfo (RoleInfo.java:shutdownLeaderElection(134)) - 136f1953-bb94-4097-a2d4-422a6782bee0: shutdown LeaderElection
2019-09-20 10:25:01,625 [e8013689-2f13-4aaf-8a03-99f419c430ec:group-ECC0DA2B67F9:LeaderElection100] INFO  impl.RoleInfo (RoleInfo.java:shutdownLeaderElection(134)) - e8013689-2f13-4aaf-8a03-99f419c430ec: shutdown LeaderElection
2019-09-20 10:25:02,003 [e8013689-2f13-4aaf-8a03-99f419c430ec:group-ECC0DA2B67F9:LeaderElection100] INFO  impl.RaftServerImpl (RaftServerImpl.java:setRole(171)) - e8013689-2f13-4aaf-8a03-99f419c430ec:group-ECC0DA2B67F9 changes role from CANDIDATE to LEADER at term 1 for changeToLeader
2019-09-20 10:25:01,625 [e8013689-2f13-4aaf-8a03-99f419c430ec:group-4F0D8B9435FE:LeaderElection98] INFO  impl.RoleInfo (RoleInfo.java:shutdownLeaderElection(134)) - e8013689-2f13-4aaf-8a03-99f419c430ec: shutdown LeaderElection
2019-09-20 10:25:02,003 | INFO  | SCMAudit | user=jenkins1000 | ip=192.168.36.99 | op=SEND_HEARTBEAT {datanodeUUID=3d6f3241-e73c-473a-ad0b-c7be2f7e1dda, command=[]} | ret=SUCCESS |  
2019-09-20 10:25:02,003 | INFO  | SCMAudit | user=jenkins1000 | ip=192.168.36.99 | op=SEND_HEARTBEAT {datanodeUUID=19fb8383-7c99-4449-b95c-a26e71717844, command=[]} | ret=SUCCESS |  
2019-09-20 10:25:02,003 | INFO  | SCMAudit | user=jenkins1000 | ip=192.168.36.99 | op=SEND_HEARTBEAT {datanodeUUID=d2ed2d9b-7ac7-460e-84f6-6d9d6066f76d, command=[]} | ret=SUCCESS |  
2019-09-20 10:25:02,003 | INFO  | SCMAudit | user=jenkins1000 | ip=192.168.36.99 | op=SEND_HEARTBEAT {datanodeUUID=17e2ba94-38a1-40e7-84e0-f6802901db84, command=[]} | ret=SUCCESS |  
2019-09-20 10:25:02,003 | INFO  | SCMAudit | user=jenkins1000 | ip=192.168.36.99 | op=SEND_HEARTBEAT {datanodeUUID=61649f92-8c0f-475a-818d-1064548aeef6, command=[]} | ret=SUCCESS |  
2019-09-20 10:25:02,003 | INFO  | SCMAudit | user=jenkins1000 | ip=192.168.36.99 | op=SEND_HEARTBEAT {datanodeUUID=7af711bd-b5ae-4a73-a8be-b970cae6c2d1, command=[]} | ret=SUCCESS |  
2019-09-20 10:25:02,003 | INFO  | SCMAudit | user=jenkins1000 | ip=192.168.36.99 | op=SEND_HEARTBEAT {datanodeUUID=9e03ffa9-cf79-407a-a150-4c035e5aec5e, command=[]} | ret=SUCCESS |  
2019-09-20 10:25:01,625 [e8013689-2f13-4aaf-8a03-99f419c430ec:group-F7C2ACBA30A6:LeaderElection96] INFO  server.RaftServerConfigKeys (ConfUtils.java:logGet(43)) - raft.server.staging.catchup.gap = 1000 (default)
2019-09-20 10:25:02,003 | INFO  | SCMAudit | user=jenkins1000 | ip=192.168.36.99 | op=SEND_HEARTBEAT {datanodeUUID=1ab786b9-c79c-4265-88a1-5b3344c6beda, command=[]} | ret=SUCCESS |  
2019-09-20 10:25:02,004 | INFO  | SCMAudit | user=jenkins1000 | ip=192.168.36.99 | op=SEND_HEARTBEAT {datanodeUUID=60260ec1-e192-4b95-89c8-d924d16a77a9, command=[]} | ret=SUCCESS |  
2019-09-20 10:25:02,003 | INFO  | SCMAudit | user=jenkins1000 | ip=192.168.36.99 | op=SEND_HEARTBEAT {datanodeUUID=cff8bf6b-8d20-4327-9f29-08a3c2b49247, command=[]} | ret=SUCCESS |  
2019-09-20 10:25:02,003 | INFO  | SCMAudit | user=jenkins1000 | ip=192.168.36.99 | op=SEND_HEARTBEAT {datanodeUUID=99e70dd4-d763-4473-944c-c5628506dcf8, command=[]} | ret=SUCCESS |  
2019-09-20 10:25:02,004 | INFO  | SCMAudit | user=jenkins1000 | ip=192.168.36.99 | op=SEND_HEARTBEAT {datanodeUUID=4d972e91-cb6b-45de-8bd2-c18af7abe58b, command=[]} | ret=SUCCESS |  
2019-09-20 10:25:02,004 | INFO  | SCMAudit | user=jenkins1000 | ip=192.168.36.99 | op=SEND_HEARTBEAT {datanodeUUID=66416d0b-a71c-4af1-ae3a-62ca63b880a3, command=[]} | ret=SUCCESS |  
2019-09-20 10:25:01,625 [61649f92-8c0f-475a-818d-1064548aeef6:group-9A102802CB06:LeaderElection94] INFO  server.RaftServerConfigKeys (ConfUtils.java:logGet(43)) - raft.server.watch.element-limit = 65536 (default)
2019-09-20 10:25:02,004 | INFO  | SCMAudit | user=jenkins1000 | ip=192.168.36.99 | op=SEND_HEARTBEAT {datanodeUUID=c3e532f8-1a8e-44f3-b56b-d765aee893af, command=[]} | ret=SUCCESS |  
2019-09-20 10:25:01,624 [Thread-1262] INFO  impl.RaftServerImpl (RaftServerImpl.java:setRole(171)) - 136f1953-bb94-4097-a2d4-422a6782bee0:group-D306834017EB changes role from FOLLOWER to CANDIDATE at term 0 for changeToCandidate
2019-09-20 10:25:02,003 | INFO  | SCMAudit | user=jenkins1000 | ip=192.168.36.99 | op=SEND_HEARTBEAT {datanodeUUID=54207fe5-d92c-4c2e-b058-fbae630dabef, command=[]} | ret=SUCCESS |  
2019-09-20 10:25:02,004 [e8013689-2f13-4aaf-8a03-99f419c430ec:group-F7C2ACBA30A6:LeaderElection96] INFO  server.RaftServerConfigKeys (ConfUtils.java:logGet(43)) - raft.server.rpc.sleep.time = 25ms (default)
2019-09-20 10:25:02,004 | INFO  | SCMAudit | user=jenkins1000 | ip=192.168.36.99 | op=SEND_HEARTBEAT {datanodeUUID=6491c372-a595-4104-b3e9-c4f3293baafa, command=[]} | ret=SUCCESS |  
2019-09-20 10:25:02,004 | INFO  | SCMAudit | user=jenkins1000 | ip=192.168.36.99 | op=SEND_HEARTBEAT {datanodeUUID=468be06f-55e9-4831-ba6b-3db017451a79, command=[]} | ret=SUCCESS |  
2019-09-20 10:25:02,003 [e8013689-2f13-4aaf-8a03-99f419c430ec:group-4F0D8B9435FE:LeaderElection98] INFO  impl.RaftServerImpl (RaftServerImpl.java:setRole(171)) - e8013689-2f13-4aaf-8a03-99f419c430ec:group-4F0D8B9435FE changes role from CANDIDATE to LEADER at term 1 for changeToLeader
2019-09-20 10:25:02,003 [e8013689-2f13-4aaf-8a03-99f419c430ec:group-ECC0DA2B67F9:LeaderElection100] INFO  impl.RaftServerImpl (ServerState.java:setLeader(263)) - e8013689-2f13-4aaf-8a03-99f419c430ec:group-ECC0DA2B67F9 change Leader from null to e8013689-2f13-4aaf-8a03-99f419c430ec at term 1 for becomeLeader, leader elected after 6234ms
2019-09-20 10:25:02,003 [136f1953-bb94-4097-a2d4-422a6782bee0:group-36BD9A13BEB9:LeaderElection99] INFO  impl.RaftServerImpl (RaftServerImpl.java:setRole(171)) - 136f1953-bb94-4097-a2d4-422a6782bee0:group-36BD9A13BEB9 changes role from CANDIDATE to LEADER at term 1 for changeToLeader
2019-09-20 10:25:02,004 [136f1953-bb94-4097-a2d4-422a6782bee0:group-36BD9A13BEB9:LeaderElection99] INFO  impl.RaftServerImpl (ServerState.java:setLeader(263)) - 136f1953-bb94-4097-a2d4-422a6782bee0:group-36BD9A13BEB9 change Leader from null to 136f1953-bb94-4097-a2d4-422a6782bee0 at term 1 for becomeLeader, leader elected after 6143ms
2019-09-20 10:25:02,003 [Thread-1274] INFO  impl.RaftServerImpl (RaftServerImpl.java:setRole(171)) - cff8bf6b-8d20-4327-9f29-08a3c2b49247:group-E11B07918171 changes role from FOLLOWER to CANDIDATE at term 0 for changeToCandidate
2019-09-20 10:25:02,003 [e8013689-2f13-4aaf-8a03-99f419c430ec:group-F720D76A59AE:LeaderElection95] INFO  impl.RaftServerImpl (ServerState.java:setRaftConf(361)) - e8013689-2f13-4aaf-8a03-99f419c430ec:group-F720D76A59AE set configuration 0: [e8013689-2f13-4aaf-8a03-99f419c430ec:192.168.36.99:43054], old=null at 0
2019-09-20 10:25:02,002 [136f1953-bb94-4097-a2d4-422a6782bee0:group-F0B5BE8CFE34:LeaderElection102] INFO  impl.LeaderElection (LeaderElection.java:askForVotes(181)) - 136f1953-bb94-4097-a2d4-422a6782bee0:group-F0B5BE8CFE34:LeaderElection102: begin an election at term 1 for -1: [136f1953-bb94-4097-a2d4-422a6782bee0:192.168.36.99:37121], old=null
2019-09-20 10:25:02,002 [cff8bf6b-8d20-4327-9f29-08a3c2b49247:group-41168AB8A65F:LeaderElection101] INFO  impl.LeaderElection (LeaderElection.java:askForVotes(181)) - cff8bf6b-8d20-4327-9f29-08a3c2b49247:group-41168AB8A65F:LeaderElection101: begin an election at term 1 for -1: [cff8bf6b-8d20-4327-9f29-08a3c2b49247:192.168.36.99:46163], old=null
2019-09-20 10:25:02,002 [136f1953-bb94-4097-a2d4-422a6782bee0:group-C7C9E2BEED22:LeaderElection103] INFO  impl.LeaderElection (LeaderElection.java:askForVotes(181)) - 136f1953-bb94-4097-a2d4-422a6782bee0:group-C7C9E2BEED22:LeaderElection103: begin an election at term 1 for -1: [136f1953-bb94-4097-a2d4-422a6782bee0:192.168.36.99:37121], old=null
2019-09-20 10:25:02,002 [Thread-1280] WARN  util.JavaUtils (JavaUtils.java:sleep(250)) - Unexpected long sleep: sleep(5162ms) actually took 5512ms which is over the threshold 300ms
2019-09-20 10:25:02,002 [Thread-1283] WARN  util.JavaUtils (JavaUtils.java:sleep(250)) - Unexpected long sleep: sleep(5139ms) actually took 5445ms which is over the threshold 300ms
2019-09-20 10:25:02,002 [Thread-1286] INFO  impl.FollowerState (FollowerState.java:run(106)) - bb8f5112-316d-4974-a5a6-f698f3fbb5be:group-43E823771414 changes to CANDIDATE, lastRpcTime:5337, electionTimeout:5039ms
2019-09-20 10:25:02,002 [Thread-1289] INFO  impl.FollowerState (FollowerState.java:run(106)) - cff8bf6b-8d20-4327-9f29-08a3c2b49247:group-8BF4BCFBCE01 changes to CANDIDATE, lastRpcTime:5269, electionTimeout:5083ms
2019-09-20 10:25:02,002 [Thread-1295] INFO  impl.FollowerState (FollowerState.java:run(106)) - cff8bf6b-8d20-4327-9f29-08a3c2b49247:group-54713C5DDCE3 changes to CANDIDATE, lastRpcTime:5126, electionTimeout:5035ms
2019-09-20 10:25:02,002 [Thread-1292] INFO  impl.FollowerState (FollowerState.java:run(106)) - cff8bf6b-8d20-4327-9f29-08a3c2b49247:group-1AD398AC37E4 changes to CANDIDATE, lastRpcTime:5210, electionTimeout:5046ms
2019-09-20 10:25:02,006 [Thread-1292] INFO  impl.RoleInfo (RoleInfo.java:shutdownFollowerState(121)) - cff8bf6b-8d20-4327-9f29-08a3c2b49247: shutdown FollowerState
2019-09-20 10:25:01,627 [Thread-1277] INFO  impl.RoleInfo (RoleInfo.java:updateAndGet(143)) - 136f1953-bb94-4097-a2d4-422a6782bee0: start LeaderElection
2019-09-20 10:25:01,627 [136f1953-bb94-4097-a2d4-422a6782bee0:group-3EE8DB6CDF8E:LeaderElection97] INFO  server.RaftServerConfigKeys (ConfUtils.java:logGet(43)) - raft.server.rpc.sleep.time = 25ms (default)
2019-09-20 10:25:01,626 [main] INFO  impl.MetricsSystemImpl (MetricsSystemImpl.java:init(158)) - OzoneManager metrics system started (again)
2019-09-20 10:25:02,006 [136f1953-bb94-4097-a2d4-422a6782bee0:group-3EE8DB6CDF8E:LeaderElection97] INFO  server.RaftServerConfigKeys (ConfUtils.java:logGet(43)) - raft.server.write.element-limit = 4096 (default)
2019-09-20 10:25:02,006 [Thread-1292] INFO  impl.RaftServerImpl (RaftServerImpl.java:setRole(171)) - cff8bf6b-8d20-4327-9f29-08a3c2b49247:group-1AD398AC37E4 changes role from FOLLOWER to CANDIDATE at term 0 for changeToCandidate
2019-09-20 10:25:02,005 [Thread-1295] INFO  impl.RoleInfo (RoleInfo.java:shutdownFollowerState(121)) - cff8bf6b-8d20-4327-9f29-08a3c2b49247: shutdown FollowerState
2019-09-20 10:25:02,005 [Thread-1289] INFO  impl.RoleInfo (RoleInfo.java:shutdownFollowerState(121)) - cff8bf6b-8d20-4327-9f29-08a3c2b49247: shutdown FollowerState
2019-09-20 10:25:02,005 [Thread-1286] INFO  impl.RoleInfo (RoleInfo.java:shutdownFollowerState(121)) - bb8f5112-316d-4974-a5a6-f698f3fbb5be: shutdown FollowerState
2019-09-20 10:25:02,005 [136f1953-bb94-4097-a2d4-422a6782bee0:group-C7C9E2BEED22:LeaderElection103] INFO  impl.RoleInfo (RoleInfo.java:shutdownLeaderElection(134)) - 136f1953-bb94-4097-a2d4-422a6782bee0: shutdown LeaderElection
2019-09-20 10:25:02,007 [136f1953-bb94-4097-a2d4-422a6782bee0:group-C7C9E2BEED22:LeaderElection103] INFO  impl.RaftServerImpl (RaftServerImpl.java:setRole(171)) - 136f1953-bb94-4097-a2d4-422a6782bee0:group-C7C9E2BEED22 changes role from CANDIDATE to LEADER at term 1 for changeToLeader
2019-09-20 10:25:02,005 [cff8bf6b-8d20-4327-9f29-08a3c2b49247:group-41168AB8A65F:LeaderElection101] INFO  impl.RoleInfo (RoleInfo.java:shutdownLeaderElection(134)) - cff8bf6b-8d20-4327-9f29-08a3c2b49247: shutdown LeaderElection
2019-09-20 10:25:02,005 [136f1953-bb94-4097-a2d4-422a6782bee0:group-F0B5BE8CFE34:LeaderElection102] INFO  impl.RoleInfo (RoleInfo.java:shutdownLeaderElection(134)) - 136f1953-bb94-4097-a2d4-422a6782bee0: shutdown LeaderElection
2019-09-20 10:25:02,007 [136f1953-bb94-4097-a2d4-422a6782bee0:group-F0B5BE8CFE34:LeaderElection102] INFO  impl.RaftServerImpl (RaftServerImpl.java:setRole(171)) - 136f1953-bb94-4097-a2d4-422a6782bee0:group-F0B5BE8CFE34 changes role from CANDIDATE to LEADER at term 1 for changeToLeader
2019-09-20 10:25:02,005 [Thread-1274] INFO  impl.RoleInfo (RoleInfo.java:updateAndGet(143)) - cff8bf6b-8d20-4327-9f29-08a3c2b49247: start LeaderElection
2019-09-20 10:25:02,004 [136f1953-bb94-4097-a2d4-422a6782bee0:group-36BD9A13BEB9:LeaderElection99] INFO  server.RaftServerConfigKeys (ConfUtils.java:logGet(43)) - raft.server.staging.catchup.gap = 1000 (default)
2019-09-20 10:25:02,008 [136f1953-bb94-4097-a2d4-422a6782bee0:group-36BD9A13BEB9:LeaderElection99] INFO  server.RaftServerConfigKeys (ConfUtils.java:logGet(43)) - raft.server.rpc.sleep.time = 25ms (default)
2019-09-20 10:25:02,004 [e8013689-2f13-4aaf-8a03-99f419c430ec:group-ECC0DA2B67F9:LeaderElection100] INFO  server.RaftServerConfigKeys (ConfUtils.java:logGet(43)) - raft.server.staging.catchup.gap = 1000 (default)
2019-09-20 10:25:02,004 [e8013689-2f13-4aaf-8a03-99f419c430ec:group-4F0D8B9435FE:LeaderElection98] INFO  impl.RaftServerImpl (ServerState.java:setLeader(263)) - e8013689-2f13-4aaf-8a03-99f419c430ec:group-4F0D8B9435FE change Leader from null to e8013689-2f13-4aaf-8a03-99f419c430ec at term 1 for becomeLeader, leader elected after 6496ms
2019-09-20 10:25:02,004 [e8013689-2f13-4aaf-8a03-99f419c430ec:group-F7C2ACBA30A6:LeaderElection96] INFO  server.RaftServerConfigKeys (ConfUtils.java:logGet(43)) - raft.server.write.element-limit = 4096 (default)
2019-09-20 10:25:02,004 [Thread-1262] INFO  impl.RoleInfo (RoleInfo.java:updateAndGet(143)) - 136f1953-bb94-4097-a2d4-422a6782bee0: start LeaderElection
2019-09-20 10:25:02,004 [61649f92-8c0f-475a-818d-1064548aeef6:group-9A102802CB06:LeaderElection94] INFO  impl.RoleInfo (RoleInfo.java:updateAndGet(143)) - 61649f92-8c0f-475a-818d-1064548aeef6: start LeaderState
2019-09-20 10:25:02,008 [e8013689-2f13-4aaf-8a03-99f419c430ec:group-F7C2ACBA30A6:LeaderElection96] INFO  server.RaftServerConfigKeys (ConfUtils.java:logGet(43)) - raft.server.watch.timeout = 10s (default)
2019-09-20 10:25:02,008 [61649f92-8c0f-475a-818d-1064548aeef6:group-9A102802CB06:LeaderElection94] INFO  segmented.SegmentedRaftLogWorker (SegmentedRaftLogWorker.java:startLogSegment(380)) - 61649f92-8c0f-475a-818d-1064548aeef6-SegmentedRaftLogWorker:Storage Directory /workdir/hadoop-ozone/integration-test/target/test-dir/MiniOzoneClusterImpl-806821b2-061b-4172-afaf-fb68ff5248bd/datanode-0/data/ratis/59fe6920-8a57-4445-b052-9a102802cb06: Starting segment from index:0
2019-09-20 10:25:02,008 [e8013689-2f13-4aaf-8a03-99f419c430ec:group-4F0D8B9435FE:LeaderElection98] INFO  server.RaftServerConfigKeys (ConfUtils.java:logGet(43)) - raft.server.staging.catchup.gap = 1000 (default)
2019-09-20 10:25:02,008 [136f1953-bb94-4097-a2d4-422a6782bee0:group-36BD9A13BEB9:LeaderElection99] INFO  server.RaftServerConfigKeys (ConfUtils.java:logGet(43)) - raft.server.write.element-limit = 4096 (default)
2019-09-20 10:25:02,008 [e8013689-2f13-4aaf-8a03-99f419c430ec:group-ECC0DA2B67F9:LeaderElection100] INFO  server.RaftServerConfigKeys (ConfUtils.java:logGet(43)) - raft.server.rpc.sleep.time = 25ms (default)
2019-09-20 10:25:02,007 [136f1953-bb94-4097-a2d4-422a6782bee0:group-F0B5BE8CFE34:LeaderElection102] INFO  impl.RaftServerImpl (ServerState.java:setLeader(263)) - 136f1953-bb94-4097-a2d4-422a6782bee0:group-F0B5BE8CFE34 change Leader from null to 136f1953-bb94-4097-a2d4-422a6782bee0 at term 1 for becomeLeader, leader elected after 5776ms
2019-09-20 10:25:02,009 [61649f92-8c0f-475a-818d-1064548aeef6:group-9A102802CB06:LeaderElection94] INFO  impl.RaftServerImpl (ServerState.java:setRaftConf(361)) - 61649f92-8c0f-475a-818d-1064548aeef6:group-9A102802CB06 set configuration 0: [61649f92-8c0f-475a-818d-1064548aeef6:192.168.36.99:43150], old=null at 0
2019-09-20 10:25:02,007 [cff8bf6b-8d20-4327-9f29-08a3c2b49247:group-41168AB8A65F:LeaderElection101] INFO  impl.RaftServerImpl (RaftServerImpl.java:setRole(171)) - cff8bf6b-8d20-4327-9f29-08a3c2b49247:group-41168AB8A65F changes role from CANDIDATE to LEADER at term 1 for changeToLeader
2019-09-20 10:25:02,007 [136f1953-bb94-4097-a2d4-422a6782bee0:group-C7C9E2BEED22:LeaderElection103] INFO  impl.RaftServerImpl (ServerState.java:setLeader(263)) - 136f1953-bb94-4097-a2d4-422a6782bee0:group-C7C9E2BEED22 change Leader from null to 136f1953-bb94-4097-a2d4-422a6782bee0 at term 1 for becomeLeader, leader elected after 5868ms
2019-09-20 10:25:02,007 [IPC Server Responder] INFO  ipc.Server (Server.java:run(1314)) - IPC Server Responder: starting
2019-09-20 10:25:02,007 [IPC Server listener on 46593] INFO  ipc.Server (Server.java:run(1153)) - IPC Server listener on 46593: starting
2019-09-20 10:25:02,007 [Thread-1286] INFO  impl.RaftServerImpl (RaftServerImpl.java:setRole(171)) - bb8f5112-316d-4974-a5a6-f698f3fbb5be:group-43E823771414 changes role from FOLLOWER to CANDIDATE at term 0 for changeToCandidate
2019-09-20 10:25:02,369 [main] INFO  hdfs.DFSUtil (DFSUtil.java:httpServerTemplateForNNAndJN(1641)) - Starting Web-server for ozoneManager at: http://0.0.0.0:0
2019-09-20 10:25:02,007 [Thread-1289] INFO  impl.RaftServerImpl (RaftServerImpl.java:setRole(171)) - cff8bf6b-8d20-4327-9f29-08a3c2b49247:group-8BF4BCFBCE01 changes role from FOLLOWER to CANDIDATE at term 0 for changeToCandidate
2019-09-20 10:25:02,007 [Thread-1295] INFO  impl.RaftServerImpl (RaftServerImpl.java:setRole(171)) - cff8bf6b-8d20-4327-9f29-08a3c2b49247:group-54713C5DDCE3 changes role from FOLLOWER to CANDIDATE at term 0 for changeToCandidate
2019-09-20 10:25:02,006 [Thread-1292] INFO  impl.RoleInfo (RoleInfo.java:updateAndGet(143)) - cff8bf6b-8d20-4327-9f29-08a3c2b49247: start LeaderElection
2019-09-20 10:25:02,006 [136f1953-bb94-4097-a2d4-422a6782bee0:group-3EE8DB6CDF8E:LeaderElection97] INFO  server.RaftServerConfigKeys (ConfUtils.java:logGet(43)) - raft.server.watch.timeout = 10s (default)
2019-09-20 10:25:02,370 [Thread-1295] INFO  impl.RoleInfo (RoleInfo.java:updateAndGet(143)) - cff8bf6b-8d20-4327-9f29-08a3c2b49247: start LeaderElection
2019-09-20 10:25:02,370 [Thread-1289] INFO  impl.RoleInfo (RoleInfo.java:updateAndGet(143)) - cff8bf6b-8d20-4327-9f29-08a3c2b49247: start LeaderElection
2019-09-20 10:25:02,369 [Thread-1286] INFO  impl.RoleInfo (RoleInfo.java:updateAndGet(143)) - bb8f5112-316d-4974-a5a6-f698f3fbb5be: start LeaderElection
2019-09-20 10:25:02,369 [Thread-1307] INFO  impl.FollowerState (FollowerState.java:run(106)) - b5962e8e-c9f1-48aa-8eb4-d8f74b8afdbe:group-66792EEE1340 changes to CANDIDATE, lastRpcTime:5199, electionTimeout:5195ms
2019-09-20 10:25:02,371 [Thread-1307] INFO  impl.RoleInfo (RoleInfo.java:shutdownFollowerState(121)) - b5962e8e-c9f1-48aa-8eb4-d8f74b8afdbe: shutdown FollowerState
2019-09-20 10:25:02,348 [136f1953-bb94-4097-a2d4-422a6782bee0:group-C7C9E2BEED22:LeaderElection103] INFO  server.RaftServerConfigKeys (ConfUtils.java:logGet(43)) - raft.server.staging.catchup.gap = 1000 (default)
2019-09-20 10:25:02,371 [136f1953-bb94-4097-a2d4-422a6782bee0:group-C7C9E2BEED22:LeaderElection103] INFO  server.RaftServerConfigKeys (ConfUtils.java:logGet(43)) - raft.server.rpc.sleep.time = 25ms (default)
2019-09-20 10:25:02,347 [cff8bf6b-8d20-4327-9f29-08a3c2b49247:group-41168AB8A65F:LeaderElection101] INFO  impl.RaftServerImpl (ServerState.java:setLeader(263)) - cff8bf6b-8d20-4327-9f29-08a3c2b49247:group-41168AB8A65F change Leader from null to cff8bf6b-8d20-4327-9f29-08a3c2b49247 at term 1 for becomeLeader, leader elected after 6310ms
2019-09-20 10:25:02,347 [cff8bf6b-8d20-4327-9f29-08a3c2b49247:group-E11B07918171:LeaderElection106] INFO  impl.LeaderElection (LeaderElection.java:askForVotes(181)) - cff8bf6b-8d20-4327-9f29-08a3c2b49247:group-E11B07918171:LeaderElection106: begin an election at term 1 for -1: [cff8bf6b-8d20-4327-9f29-08a3c2b49247:192.168.36.99:46163], old=null
2019-09-20 10:25:02,347 [136f1953-bb94-4097-a2d4-422a6782bee0:group-F29F1192F946:LeaderElection104] INFO  impl.LeaderElection (LeaderElection.java:askForVotes(181)) - 136f1953-bb94-4097-a2d4-422a6782bee0:group-F29F1192F946:LeaderElection104: begin an election at term 1 for -1: [136f1953-bb94-4097-a2d4-422a6782bee0:192.168.36.99:37121], old=null
2019-09-20 10:25:02,347 [Thread-1301] INFO  impl.FollowerState (FollowerState.java:run(106)) - b5962e8e-c9f1-48aa-8eb4-d8f74b8afdbe:group-900160021207 changes to CANDIDATE, lastRpcTime:5353, electionTimeout:5053ms
2019-09-20 10:25:02,347 [Thread-1298] INFO  impl.FollowerState (FollowerState.java:run(106)) - cff8bf6b-8d20-4327-9f29-08a3c2b49247:group-59D57AF1BF79 changes to CANDIDATE, lastRpcTime:5413, electionTimeout:5135ms
2019-09-20 10:25:02,347 [Thread-1304] INFO  impl.FollowerState (FollowerState.java:run(106)) - bb8f5112-316d-4974-a5a6-f698f3fbb5be:group-7A5798921CF6 changes to CANDIDATE, lastRpcTime:5235, electionTimeout:5000ms
2019-09-20 10:25:02,372 [Thread-1304] INFO  impl.RoleInfo (RoleInfo.java:shutdownFollowerState(121)) - bb8f5112-316d-4974-a5a6-f698f3fbb5be: shutdown FollowerState
2019-09-20 10:25:02,344 [61649f92-8c0f-475a-818d-1064548aeef6-SegmentedRaftLogWorker:Storage Directory /workdir/hadoop-ozone/integration-test/target/test-dir/MiniOzoneClusterImpl-806821b2-061b-4172-afaf-fb68ff5248bd/datanode-0/data/ratis/df9ffc0a-3283-420d-bf01-0e77731da77c] ERROR segmented.SegmentedRaftLogWorker (SegmentedRaftLogWorker.java:run(323)) - 61649f92-8c0f-475a-818d-1064548aeef6-SegmentedRaftLogWorker:Storage Directory /workdir/hadoop-ozone/integration-test/target/test-dir/MiniOzoneClusterImpl-806821b2-061b-4172-afaf-fb68ff5248bd/datanode-0/data/ratis/df9ffc0a-3283-420d-bf01-0e77731da77c hit exception
java.lang.OutOfMemoryError: Direct buffer memory
	at java.nio.Bits.reserveMemory(Bits.java:666)
	at java.nio.DirectByteBuffer.<init>(DirectByteBuffer.java:123)
	at java.nio.ByteBuffer.allocateDirect(ByteBuffer.java:311)
	at org.apache.ratis.server.raftlog.segmented.BufferedWriteChannel.<init>(BufferedWriteChannel.java:41)
	at org.apache.ratis.server.raftlog.segmented.SegmentedRaftLogOutputStream.<init>(SegmentedRaftLogOutputStream.java:72)
	at org.apache.ratis.server.raftlog.segmented.SegmentedRaftLogWorker$StartLogSegment.execute(SegmentedRaftLogWorker.java:566)
	at org.apache.ratis.server.raftlog.segmented.SegmentedRaftLogWorker.run(SegmentedRaftLogWorker.java:289)
	at java.lang.Thread.run(Thread.java:748)
2019-09-20 10:25:02,009 [136f1953-bb94-4097-a2d4-422a6782bee0:group-F0B5BE8CFE34:LeaderElection102] INFO  server.RaftServerConfigKeys (ConfUtils.java:logGet(43)) - raft.server.staging.catchup.gap = 1000 (default)
2019-09-20 10:25:02,373 [136f1953-bb94-4097-a2d4-422a6782bee0:group-F0B5BE8CFE34:LeaderElection102] INFO  server.RaftServerConfigKeys (ConfUtils.java:logGet(43)) - raft.server.rpc.sleep.time = 25ms (default)
2019-09-20 10:25:02,009 [e8013689-2f13-4aaf-8a03-99f419c430ec:group-ECC0DA2B67F9:LeaderElection100] INFO  server.RaftServerConfigKeys (ConfUtils.java:logGet(43)) - raft.server.write.element-limit = 4096 (default)
2019-09-20 10:25:02,009 [136f1953-bb94-4097-a2d4-422a6782bee0:group-36BD9A13BEB9:LeaderElection99] INFO  server.RaftServerConfigKeys (ConfUtils.java:logGet(43)) - raft.server.watch.timeout = 10s (default)
2019-09-20 10:25:02,374 [136f1953-bb94-4097-a2d4-422a6782bee0:group-36BD9A13BEB9:LeaderElection99] INFO  server.RaftServerConfigKeys (ConfUtils.java:logGet(43)) - raft.server.watch.timeout.denomination = 1s (default)
2019-09-20 10:25:02,009 [e8013689-2f13-4aaf-8a03-99f419c430ec:group-4F0D8B9435FE:LeaderElection98] INFO  server.RaftServerConfigKeys (ConfUtils.java:logGet(43)) - raft.server.rpc.sleep.time = 25ms (default)
2019-09-20 10:25:02,008 [e8013689-2f13-4aaf-8a03-99f419c430ec:group-F7C2ACBA30A6:LeaderElection96] INFO  server.RaftServerConfigKeys (ConfUtils.java:logGet(43)) - raft.server.watch.timeout.denomination = 1s (default)
2019-09-20 10:25:02,374 [e8013689-2f13-4aaf-8a03-99f419c430ec:group-4F0D8B9435FE:LeaderElection98] INFO  server.RaftServerConfigKeys (ConfUtils.java:logGet(43)) - raft.server.write.element-limit = 4096 (default)
2019-09-20 10:25:02,374 [136f1953-bb94-4097-a2d4-422a6782bee0:group-36BD9A13BEB9:LeaderElection99] INFO  server.RaftServerConfigKeys (ConfUtils.java:logGet(43)) - raft.server.watch.element-limit = 65536 (default)
2019-09-20 10:25:02,374 [e8013689-2f13-4aaf-8a03-99f419c430ec:group-ECC0DA2B67F9:LeaderElection100] INFO  server.RaftServerConfigKeys (ConfUtils.java:logGet(43)) - raft.server.watch.timeout = 10s (default)
2019-09-20 10:25:02,373 [136f1953-bb94-4097-a2d4-422a6782bee0:group-F0B5BE8CFE34:LeaderElection102] INFO  server.RaftServerConfigKeys (ConfUtils.java:logGet(43)) - raft.server.write.element-limit = 4096 (default)
2019-09-20 10:25:02,373 [61649f92-8c0f-475a-818d-1064548aeef6-SegmentedRaftLogWorker:Storage Directory /workdir/hadoop-ozone/integration-test/target/test-dir/MiniOzoneClusterImpl-806821b2-061b-4172-afaf-fb68ff5248bd/datanode-0/data/ratis/df9ffc0a-3283-420d-bf01-0e77731da77c] INFO  impl.RaftServerImpl (RaftServerImpl.java:lambda$shutdown$3(245)) - 61649f92-8c0f-475a-818d-1064548aeef6: shutdown group-0E77731DA77C
2019-09-20 10:25:02,373 [136f1953-bb94-4097-a2d4-422a6782bee0:group-D306834017EB:LeaderElection105] INFO  impl.LeaderElection (LeaderElection.java:askForVotes(181)) - 136f1953-bb94-4097-a2d4-422a6782bee0:group-D306834017EB:LeaderElection105: begin an election at term 1 for -1: [136f1953-bb94-4097-a2d4-422a6782bee0:192.168.36.99:37121], old=null
2019-09-20 10:25:02,373 [Thread-1304] INFO  impl.RaftServerImpl (RaftServerImpl.java:setRole(171)) - bb8f5112-316d-4974-a5a6-f698f3fbb5be:group-7A5798921CF6 changes role from FOLLOWER to CANDIDATE at term 0 for changeToCandidate
2019-09-20 10:25:02,372 [Thread-1298] INFO  impl.RoleInfo (RoleInfo.java:shutdownFollowerState(121)) - cff8bf6b-8d20-4327-9f29-08a3c2b49247: shutdown FollowerState
2019-09-20 10:25:02,376 [Thread-1298] INFO  impl.RaftServerImpl (RaftServerImpl.java:setRole(171)) - cff8bf6b-8d20-4327-9f29-08a3c2b49247:group-59D57AF1BF79 changes role from FOLLOWER to CANDIDATE at term 0 for changeToCandidate
2019-09-20 10:25:02,372 [Thread-1301] INFO  impl.RoleInfo (RoleInfo.java:shutdownFollowerState(121)) - b5962e8e-c9f1-48aa-8eb4-d8f74b8afdbe: shutdown FollowerState
2019-09-20 10:25:02,376 [Thread-1301] INFO  impl.RaftServerImpl (RaftServerImpl.java:setRole(171)) - b5962e8e-c9f1-48aa-8eb4-d8f74b8afdbe:group-900160021207 changes role from FOLLOWER to CANDIDATE at term 0 for changeToCandidate
2019-09-20 10:25:02,372 [main] INFO  server.AuthenticationFilter (AuthenticationFilter.java:constructSecretProvider(240)) - Unable to initialize FileSignerSecretProvider, falling back to use random secrets.
2019-09-20 10:25:02,372 [136f1953-bb94-4097-a2d4-422a6782bee0:group-F29F1192F946:LeaderElection104] INFO  impl.RoleInfo (RoleInfo.java:shutdownLeaderElection(134)) - 136f1953-bb94-4097-a2d4-422a6782bee0: shutdown LeaderElection
2019-09-20 10:25:02,377 [136f1953-bb94-4097-a2d4-422a6782bee0:group-F29F1192F946:LeaderElection104] INFO  impl.RaftServerImpl (RaftServerImpl.java:setRole(171)) - 136f1953-bb94-4097-a2d4-422a6782bee0:group-F29F1192F946 changes role from CANDIDATE to LEADER at term 1 for changeToLeader
2019-09-20 10:25:02,372 [cff8bf6b-8d20-4327-9f29-08a3c2b49247:group-E11B07918171:LeaderElection106] INFO  impl.RoleInfo (RoleInfo.java:shutdownLeaderElection(134)) - cff8bf6b-8d20-4327-9f29-08a3c2b49247: shutdown LeaderElection
2019-09-20 10:25:02,377 [cff8bf6b-8d20-4327-9f29-08a3c2b49247:group-E11B07918171:LeaderElection106] INFO  impl.RaftServerImpl (RaftServerImpl.java:setRole(171)) - cff8bf6b-8d20-4327-9f29-08a3c2b49247:group-E11B07918171 changes role from CANDIDATE to LEADER at term 1 for changeToLeader
2019-09-20 10:25:02,372 [cff8bf6b-8d20-4327-9f29-08a3c2b49247:group-41168AB8A65F:LeaderElection101] INFO  server.RaftServerConfigKeys (ConfUtils.java:logGet(43)) - raft.server.staging.catchup.gap = 1000 (default)
2019-09-20 10:25:02,371 [136f1953-bb94-4097-a2d4-422a6782bee0:group-C7C9E2BEED22:LeaderElection103] INFO  server.RaftServerConfigKeys (ConfUtils.java:logGet(43)) - raft.server.write.element-limit = 4096 (default)
2019-09-20 10:25:02,371 [Thread-1307] INFO  impl.RaftServerImpl (RaftServerImpl.java:setRole(171)) - b5962e8e-c9f1-48aa-8eb4-d8f74b8afdbe:group-66792EEE1340 changes role from FOLLOWER to CANDIDATE at term 0 for changeToCandidate
2019-09-20 10:25:02,370 [136f1953-bb94-4097-a2d4-422a6782bee0:group-3EE8DB6CDF8E:LeaderElection97] INFO  server.RaftServerConfigKeys (ConfUtils.java:logGet(43)) - raft.server.watch.timeout.denomination = 1s (default)
2019-09-20 10:25:02,378 [Thread-1307] INFO  impl.RoleInfo (RoleInfo.java:updateAndGet(143)) - b5962e8e-c9f1-48aa-8eb4-d8f74b8afdbe: start LeaderElection
2019-09-20 10:25:02,377 [136f1953-bb94-4097-a2d4-422a6782bee0:group-C7C9E2BEED22:LeaderElection103] INFO  server.RaftServerConfigKeys (ConfUtils.java:logGet(43)) - raft.server.watch.timeout = 10s (default)
2019-09-20 10:25:02,377 [cff8bf6b-8d20-4327-9f29-08a3c2b49247:group-41168AB8A65F:LeaderElection101] INFO  server.RaftServerConfigKeys (ConfUtils.java:logGet(43)) - raft.server.rpc.sleep.time = 25ms (default)
2019-09-20 10:25:02,377 [cff8bf6b-8d20-4327-9f29-08a3c2b49247:group-E11B07918171:LeaderElection106] INFO  impl.RaftServerImpl (ServerState.java:setLeader(263)) - cff8bf6b-8d20-4327-9f29-08a3c2b49247:group-E11B07918171 change Leader from null to cff8bf6b-8d20-4327-9f29-08a3c2b49247 at term 1 for becomeLeader, leader elected after 6070ms
2019-09-20 10:25:02,377 [main] WARN  http.HttpRequestLog (HttpRequestLog.java:getRequestLog(97)) - Jetty request log can only be enabled using Log4j
2019-09-20 10:25:02,377 [136f1953-bb94-4097-a2d4-422a6782bee0:group-F29F1192F946:LeaderElection104] INFO  impl.RaftServerImpl (ServerState.java:setLeader(263)) - 136f1953-bb94-4097-a2d4-422a6782bee0:group-F29F1192F946 change Leader from null to 136f1953-bb94-4097-a2d4-422a6782bee0 at term 1 for becomeLeader, leader elected after 6002ms
2019-09-20 10:25:02,376 [Thread-1301] INFO  impl.RoleInfo (RoleInfo.java:updateAndGet(143)) - b5962e8e-c9f1-48aa-8eb4-d8f74b8afdbe: start LeaderElection
2019-09-20 10:25:02,376 [Thread-1298] INFO  impl.RoleInfo (RoleInfo.java:updateAndGet(143)) - cff8bf6b-8d20-4327-9f29-08a3c2b49247: start LeaderElection
2019-09-20 10:25:02,376 [61649f92-8c0f-475a-818d-1064548aeef6-SegmentedRaftLogWorker:Storage Directory /workdir/hadoop-ozone/integration-test/target/test-dir/MiniOzoneClusterImpl-806821b2-061b-4172-afaf-fb68ff5248bd/datanode-0/data/ratis/df9ffc0a-3283-420d-bf01-0e77731da77c] INFO  util.JmxRegister (JmxRegister.java:unregister(73)) - Successfully un-registered JMX Bean with object name Ratis:service=RaftServer,group=group-0E77731DA77C,id=61649f92-8c0f-475a-818d-1064548aeef6
2019-09-20 10:25:02,376 [Thread-1304] INFO  impl.RoleInfo (RoleInfo.java:updateAndGet(143)) - bb8f5112-316d-4974-a5a6-f698f3fbb5be: start LeaderElection
2019-09-20 10:25:02,375 [136f1953-bb94-4097-a2d4-422a6782bee0:group-D306834017EB:LeaderElection105] INFO  impl.RoleInfo (RoleInfo.java:shutdownLeaderElection(134)) - 136f1953-bb94-4097-a2d4-422a6782bee0: shutdown LeaderElection
2019-09-20 10:25:02,375 [136f1953-bb94-4097-a2d4-422a6782bee0:group-F0B5BE8CFE34:LeaderElection102] INFO  server.RaftServerConfigKeys (ConfUtils.java:logGet(43)) - raft.server.watch.timeout = 10s (default)
2019-09-20 10:25:02,380 [136f1953-bb94-4097-a2d4-422a6782bee0:group-F0B5BE8CFE34:LeaderElection102] INFO  server.RaftServerConfigKeys (ConfUtils.java:logGet(43)) - raft.server.watch.timeout.denomination = 1s (default)
2019-09-20 10:25:02,375 [e8013689-2f13-4aaf-8a03-99f419c430ec:group-ECC0DA2B67F9:LeaderElection100] INFO  server.RaftServerConfigKeys (ConfUtils.java:logGet(43)) - raft.server.watch.timeout.denomination = 1s (default)
2019-09-20 10:25:02,375 [136f1953-bb94-4097-a2d4-422a6782bee0:group-36BD9A13BEB9:LeaderElection99] INFO  impl.RoleInfo (RoleInfo.java:updateAndGet(143)) - 136f1953-bb94-4097-a2d4-422a6782bee0: start LeaderState
2019-09-20 10:25:02,375 [e8013689-2f13-4aaf-8a03-99f419c430ec:group-4F0D8B9435FE:LeaderElection98] INFO  server.RaftServerConfigKeys (ConfUtils.java:logGet(43)) - raft.server.watch.timeout = 10s (default)
2019-09-20 10:25:02,381 [136f1953-bb94-4097-a2d4-422a6782bee0:group-36BD9A13BEB9:LeaderElection99] INFO  segmented.SegmentedRaftLogWorker (SegmentedRaftLogWorker.java:startLogSegment(380)) - 136f1953-bb94-4097-a2d4-422a6782bee0-SegmentedRaftLogWorker:Storage Directory /workdir/hadoop-ozone/integration-test/target/test-dir/MiniOzoneClusterImpl-806821b2-061b-4172-afaf-fb68ff5248bd/datanode-2/data/ratis/2098dca0-b973-4b31-8914-36bd9a13beb9: Starting segment from index:0
2019-09-20 10:25:02,374 [e8013689-2f13-4aaf-8a03-99f419c430ec:group-F7C2ACBA30A6:LeaderElection96] INFO  server.RaftServerConfigKeys (ConfUtils.java:logGet(43)) - raft.server.watch.element-limit = 65536 (default)
2019-09-20 10:25:02,381 [e8013689-2f13-4aaf-8a03-99f419c430ec:group-4F0D8B9435FE:LeaderElection98] INFO  server.RaftServerConfigKeys (ConfUtils.java:logGet(43)) - raft.server.watch.timeout.denomination = 1s (default)
2019-09-20 10:25:02,796 | INFO  | SCMAudit | user=jenkins1000 | ip=192.168.36.99 | op=SEND_HEARTBEAT {datanodeUUID=136f1953-bb94-4097-a2d4-422a6782bee0, command=[]} | ret=SUCCESS |  
2019-09-20 10:25:02,796 | INFO  | SCMAudit | user=jenkins1000 | ip=192.168.36.99 | op=SEND_HEARTBEAT {datanodeUUID=e8013689-2f13-4aaf-8a03-99f419c430ec, command=[]} | ret=SUCCESS |  
2019-09-20 10:25:02,796 | INFO  | SCMAudit | user=jenkins1000 | ip=192.168.36.99 | op=SEND_HEARTBEAT {datanodeUUID=b5962e8e-c9f1-48aa-8eb4-d8f74b8afdbe, command=[]} | ret=SUCCESS |  
2019-09-20 10:25:02,796 | INFO  | SCMAudit | user=jenkins1000 | ip=192.168.36.99 | op=SEND_HEARTBEAT {datanodeUUID=bb8f5112-316d-4974-a5a6-f698f3fbb5be, command=[]} | ret=SUCCESS |  
2019-09-20 10:25:02,381 [e8013689-2f13-4aaf-8a03-99f419c430ec:group-F7C2ACBA30A6:LeaderElection96] INFO  impl.RoleInfo (RoleInfo.java:updateAndGet(143)) - e8013689-2f13-4aaf-8a03-99f419c430ec: start LeaderState
2019-09-20 10:25:02,380 [e8013689-2f13-4aaf-8a03-99f419c430ec:group-ECC0DA2B67F9:LeaderElection100] INFO  server.RaftServerConfigKeys (ConfUtils.java:logGet(43)) - raft.server.watch.element-limit = 65536 (default)
2019-09-20 10:25:02,380 [136f1953-bb94-4097-a2d4-422a6782bee0:group-F0B5BE8CFE34:LeaderElection102] INFO  server.RaftServerConfigKeys (ConfUtils.java:logGet(43)) - raft.server.watch.element-limit = 65536 (default)
2019-09-20 10:25:02,380 [136f1953-bb94-4097-a2d4-422a6782bee0:group-D306834017EB:LeaderElection105] INFO  impl.RaftServerImpl (RaftServerImpl.java:setRole(171)) - 136f1953-bb94-4097-a2d4-422a6782bee0:group-D306834017EB changes role from CANDIDATE to LEADER at term 1 for changeToLeader
2019-09-20 10:25:02,379 [61649f92-8c0f-475a-818d-1064548aeef6-SegmentedRaftLogWorker:Storage Directory /workdir/hadoop-ozone/integration-test/target/test-dir/MiniOzoneClusterImpl-806821b2-061b-4172-afaf-fb68ff5248bd/datanode-0/data/ratis/df9ffc0a-3283-420d-bf01-0e77731da77c] INFO  impl.RoleInfo (RoleInfo.java:shutdownLeaderState(104)) - 61649f92-8c0f-475a-818d-1064548aeef6: shutdown LeaderState
2019-09-20 10:25:02,379 [136f1953-bb94-4097-a2d4-422a6782bee0:group-F29F1192F946:LeaderElection104] INFO  server.RaftServerConfigKeys (ConfUtils.java:logGet(43)) - raft.server.staging.catchup.gap = 1000 (default)
2019-09-20 10:25:02,378 [cff8bf6b-8d20-4327-9f29-08a3c2b49247:group-E11B07918171:LeaderElection106] INFO  server.RaftServerConfigKeys (ConfUtils.java:logGet(43)) - raft.server.staging.catchup.gap = 1000 (default)
2019-09-20 10:25:02,378 [cff8bf6b-8d20-4327-9f29-08a3c2b49247:group-41168AB8A65F:LeaderElection101] INFO  server.RaftServerConfigKeys (ConfUtils.java:logGet(43)) - raft.server.write.element-limit = 4096 (default)
2019-09-20 10:25:02,378 [136f1953-bb94-4097-a2d4-422a6782bee0:group-C7C9E2BEED22:LeaderElection103] INFO  server.RaftServerConfigKeys (ConfUtils.java:logGet(43)) - raft.server.watch.timeout.denomination = 1s (default)
2019-09-20 10:25:02,378 [136f1953-bb94-4097-a2d4-422a6782bee0:group-3EE8DB6CDF8E:LeaderElection97] INFO  server.RaftServerConfigKeys (ConfUtils.java:logGet(43)) - raft.server.watch.element-limit = 65536 (default)
2019-09-20 10:25:02,798 [136f1953-bb94-4097-a2d4-422a6782bee0:group-C7C9E2BEED22:LeaderElection103] INFO  server.RaftServerConfigKeys (ConfUtils.java:logGet(43)) - raft.server.watch.element-limit = 65536 (default)
2019-09-20 10:25:02,798 [cff8bf6b-8d20-4327-9f29-08a3c2b49247:group-41168AB8A65F:LeaderElection101] INFO  server.RaftServerConfigKeys (ConfUtils.java:logGet(43)) - raft.server.watch.timeout = 10s (default)
2019-09-20 10:25:02,798 [cff8bf6b-8d20-4327-9f29-08a3c2b49247:group-41168AB8A65F:LeaderElection101] INFO  server.RaftServerConfigKeys (ConfUtils.java:logGet(43)) - raft.server.watch.timeout.denomination = 1s (default)
2019-09-20 10:25:02,798 [cff8bf6b-8d20-4327-9f29-08a3c2b49247:group-E11B07918171:LeaderElection106] INFO  server.RaftServerConfigKeys (ConfUtils.java:logGet(43)) - raft.server.rpc.sleep.time = 25ms (default)
2019-09-20 10:25:02,797 [136f1953-bb94-4097-a2d4-422a6782bee0:group-F29F1192F946:LeaderElection104] INFO  server.RaftServerConfigKeys (ConfUtils.java:logGet(43)) - raft.server.rpc.sleep.time = 25ms (default)
2019-09-20 10:25:02,797 [61649f92-8c0f-475a-818d-1064548aeef6-SegmentedRaftLogWorker:Storage Directory /workdir/hadoop-ozone/integration-test/target/test-dir/MiniOzoneClusterImpl-806821b2-061b-4172-afaf-fb68ff5248bd/datanode-0/data/ratis/df9ffc0a-3283-420d-bf01-0e77731da77c] INFO  impl.PendingRequests (PendingRequests.java:sendNotLeaderResponses(202)) - 61649f92-8c0f-475a-818d-1064548aeef6-PendingRequests: sendNotLeaderResponses
2019-09-20 10:25:02,797 [136f1953-bb94-4097-a2d4-422a6782bee0:group-D306834017EB:LeaderElection105] INFO  impl.RaftServerImpl (ServerState.java:setLeader(263)) - 136f1953-bb94-4097-a2d4-422a6782bee0:group-D306834017EB change Leader from null to 136f1953-bb94-4097-a2d4-422a6782bee0 at term 1 for becomeLeader, leader elected after 6868ms
2019-09-20 10:25:02,797 [136f1953-bb94-4097-a2d4-422a6782bee0:group-F0B5BE8CFE34:LeaderElection102] INFO  impl.RoleInfo (RoleInfo.java:updateAndGet(143)) - 136f1953-bb94-4097-a2d4-422a6782bee0: start LeaderState
2019-09-20 10:25:02,797 [e8013689-2f13-4aaf-8a03-99f419c430ec:group-ECC0DA2B67F9:LeaderElection100] INFO  impl.RoleInfo (RoleInfo.java:updateAndGet(143)) - e8013689-2f13-4aaf-8a03-99f419c430ec: start LeaderState
2019-09-20 10:25:02,796 [e8013689-2f13-4aaf-8a03-99f419c430ec:group-F7C2ACBA30A6:LeaderElection96] INFO  segmented.SegmentedRaftLogWorker (SegmentedRaftLogWorker.java:startLogSegment(380)) - e8013689-2f13-4aaf-8a03-99f419c430ec-SegmentedRaftLogWorker:Storage Directory /workdir/hadoop-ozone/integration-test/target/test-dir/MiniOzoneClusterImpl-806821b2-061b-4172-afaf-fb68ff5248bd/datanode-1/data/ratis/cb9ec300-e6b5-4cd9-9086-f7c2acba30a6: Starting segment from index:0
2019-09-20 10:25:02,796 [bb8f5112-316d-4974-a5a6-f698f3fbb5be:group-7A5798921CF6:LeaderElection111] INFO  impl.LeaderElection (LeaderElection.java:askForVotes(181)) - bb8f5112-316d-4974-a5a6-f698f3fbb5be:group-7A5798921CF6:LeaderElection111: begin an election at term 1 for -1: [bb8f5112-316d-4974-a5a6-f698f3fbb5be:192.168.36.99:38352], old=null
2019-09-20 10:25:02,796 [b5962e8e-c9f1-48aa-8eb4-d8f74b8afdbe:group-900160021207:LeaderElection113] INFO  impl.LeaderElection (LeaderElection.java:askForVotes(181)) - b5962e8e-c9f1-48aa-8eb4-d8f74b8afdbe:group-900160021207:LeaderElection113: begin an election at term 1 for -1: [b5962e8e-c9f1-48aa-8eb4-d8f74b8afdbe:192.168.36.99:39222], old=null
2019-09-20 10:25:02,381 [e8013689-2f13-4aaf-8a03-99f419c430ec:group-4F0D8B9435FE:LeaderElection98] INFO  server.RaftServerConfigKeys (ConfUtils.java:logGet(43)) - raft.server.watch.element-limit = 65536 (default)
2019-09-20 10:25:03,147 | INFO  | SCMAudit | user=jenkins1000 | ip=192.168.36.99 | op=SEND_HEARTBEAT {datanodeUUID=99e70dd4-d763-4473-944c-c5628506dcf8, command=[]} | ret=SUCCESS |  
2019-09-20 10:25:03,152 | INFO  | SCMAudit | user=jenkins1000 | ip=192.168.36.99 | op=SEND_HEARTBEAT {datanodeUUID=17e2ba94-38a1-40e7-84e0-f6802901db84, command=[]} | ret=SUCCESS |  
2019-09-20 10:25:03,152 | INFO  | SCMAudit | user=jenkins1000 | ip=192.168.36.99 | op=SEND_HEARTBEAT {datanodeUUID=19fb8383-7c99-4449-b95c-a26e71717844, command=[]} | ret=SUCCESS |  
2019-09-20 10:25:03,152 | INFO  | SCMAudit | user=jenkins1000 | ip=192.168.36.99 | op=SEND_HEARTBEAT {datanodeUUID=d2ed2d9b-7ac7-460e-84f6-6d9d6066f76d, command=[]} | ret=SUCCESS |  
2019-09-20 10:25:02,796 [Thread-1313] WARN  util.JavaUtils (JavaUtils.java:sleep(250)) - Unexpected long sleep: sleep(5073ms) actually took 5481ms which is over the threshold 300ms
2019-09-20 10:25:03,152 | INFO  | SCMAudit | user=jenkins1000 | ip=192.168.36.99 | op=SEND_HEARTBEAT {datanodeUUID=468be06f-55e9-4831-ba6b-3db017451a79, command=[]} | ret=SUCCESS |  
2019-09-20 10:25:03,152 | INFO  | SCMAudit | user=jenkins1000 | ip=192.168.36.99 | op=SEND_HEARTBEAT {datanodeUUID=61649f92-8c0f-475a-818d-1064548aeef6, command=[]} | ret=SUCCESS |  
2019-09-20 10:25:03,152 | INFO  | SCMAudit | user=jenkins1000 | ip=192.168.36.99 | op=SEND_HEARTBEAT {datanodeUUID=1ab786b9-c79c-4265-88a1-5b3344c6beda, command=[]} | ret=SUCCESS |  
2019-09-20 10:25:03,151 | INFO  | SCMAudit | user=jenkins1000 | ip=192.168.36.99 | op=SEND_HEARTBEAT {datanodeUUID=7af711bd-b5ae-4a73-a8be-b970cae6c2d1, command=[]} | ret=SUCCESS |  
2019-09-20 10:25:03,152 | INFO  | SCMAudit | user=jenkins1000 | ip=192.168.36.99 | op=SEND_HEARTBEAT {datanodeUUID=6491c372-a595-4104-b3e9-c4f3293baafa, command=[]} | ret=SUCCESS |  
2019-09-20 10:25:03,152 | INFO  | SCMAudit | user=jenkins1000 | ip=192.168.36.99 | op=SEND_HEARTBEAT {datanodeUUID=60260ec1-e192-4b95-89c8-d924d16a77a9, command=[]} | ret=SUCCESS |  
2019-09-20 10:25:02,381 [136f1953-bb94-4097-a2d4-422a6782bee0:group-36BD9A13BEB9:LeaderElection99] INFO  impl.RaftServerImpl (ServerState.java:setRaftConf(361)) - 136f1953-bb94-4097-a2d4-422a6782bee0:group-36BD9A13BEB9 set configuration 0: [136f1953-bb94-4097-a2d4-422a6782bee0:192.168.36.99:37121], old=null at 0
2019-09-20 10:25:03,151 | INFO  | SCMAudit | user=jenkins1000 | ip=192.168.36.99 | op=SEND_HEARTBEAT {datanodeUUID=3d6f3241-e73c-473a-ad0b-c7be2f7e1dda, command=[]} | ret=SUCCESS |  
2019-09-20 10:25:03,151 | INFO  | SCMAudit | user=jenkins1000 | ip=192.168.36.99 | op=SEND_HEARTBEAT {datanodeUUID=4d972e91-cb6b-45de-8bd2-c18af7abe58b, command=[]} | ret=SUCCESS |  
2019-09-20 10:25:03,151 | INFO  | SCMAudit | user=jenkins1000 | ip=192.168.36.99 | op=SEND_HEARTBEAT {datanodeUUID=66416d0b-a71c-4af1-ae3a-62ca63b880a3, command=[]} | ret=SUCCESS |  
2019-09-20 10:25:03,151 | INFO  | SCMAudit | user=jenkins1000 | ip=192.168.36.99 | op=SEND_HEARTBEAT {datanodeUUID=cff8bf6b-8d20-4327-9f29-08a3c2b49247, command=[]} | ret=SUCCESS |  
2019-09-20 10:25:03,151 | INFO  | SCMAudit | user=jenkins1000 | ip=192.168.36.99 | op=SEND_HEARTBEAT {datanodeUUID=9e03ffa9-cf79-407a-a150-4c035e5aec5e, command=[]} | ret=SUCCESS |  
2019-09-20 10:25:03,151 | INFO  | SCMAudit | user=jenkins1000 | ip=192.168.36.99 | op=SEND_HEARTBEAT {datanodeUUID=c3e532f8-1a8e-44f3-b56b-d765aee893af, command=[]} | ret=SUCCESS |  
2019-09-20 10:25:02,796 [bb8f5112-316d-4974-a5a6-f698f3fbb5be:group-43E823771414:LeaderElection108] INFO  impl.LeaderElection (LeaderElection.java:askForVotes(181)) - bb8f5112-316d-4974-a5a6-f698f3fbb5be:group-43E823771414:LeaderElection108: begin an election at term 1 for -1: [bb8f5112-316d-4974-a5a6-f698f3fbb5be:192.168.36.99:38352], old=null
2019-09-20 10:25:03,151 | INFO  | SCMAudit | user=jenkins1000 | ip=192.168.36.99 | op=SEND_HEARTBEAT {datanodeUUID=54207fe5-d92c-4c2e-b058-fbae630dabef, command=[]} | ret=SUCCESS |  
2019-09-20 10:25:02,796 [b5962e8e-c9f1-48aa-8eb4-d8f74b8afdbe:group-66792EEE1340:LeaderElection114] INFO  impl.LeaderElection (LeaderElection.java:askForVotes(181)) - b5962e8e-c9f1-48aa-8eb4-d8f74b8afdbe:group-66792EEE1340:LeaderElection114: begin an election at term 1 for -1: [b5962e8e-c9f1-48aa-8eb4-d8f74b8afdbe:192.168.36.99:39222], old=null
2019-09-20 10:25:02,796 [cff8bf6b-8d20-4327-9f29-08a3c2b49247:group-1AD398AC37E4:LeaderElection107] INFO  impl.LeaderElection (LeaderElection.java:askForVotes(181)) - cff8bf6b-8d20-4327-9f29-08a3c2b49247:group-1AD398AC37E4:LeaderElection107: begin an election at term 1 for -1: [cff8bf6b-8d20-4327-9f29-08a3c2b49247:192.168.36.99:46163], old=null
2019-09-20 10:25:02,796 [cff8bf6b-8d20-4327-9f29-08a3c2b49247:group-54713C5DDCE3:LeaderElection110] INFO  impl.LeaderElection (LeaderElection.java:askForVotes(181)) - cff8bf6b-8d20-4327-9f29-08a3c2b49247:group-54713C5DDCE3:LeaderElection110: begin an election at term 1 for -1: [cff8bf6b-8d20-4327-9f29-08a3c2b49247:192.168.36.99:46163], old=null
2019-09-20 10:25:02,796 [cff8bf6b-8d20-4327-9f29-08a3c2b49247:group-59D57AF1BF79:LeaderElection112] INFO  impl.LeaderElection (LeaderElection.java:askForVotes(181)) - cff8bf6b-8d20-4327-9f29-08a3c2b49247:group-59D57AF1BF79:LeaderElection112: begin an election at term 1 for -1: [cff8bf6b-8d20-4327-9f29-08a3c2b49247:192.168.36.99:46163], old=null
2019-09-20 10:25:02,796 [cff8bf6b-8d20-4327-9f29-08a3c2b49247:group-8BF4BCFBCE01:LeaderElection109] INFO  impl.LeaderElection (LeaderElection.java:askForVotes(181)) - cff8bf6b-8d20-4327-9f29-08a3c2b49247:group-8BF4BCFBCE01:LeaderElection109: begin an election at term 1 for -1: [cff8bf6b-8d20-4327-9f29-08a3c2b49247:192.168.36.99:46163], old=null
2019-09-20 10:25:02,796 [Thread-1310] WARN  util.JavaUtils (JavaUtils.java:sleep(250)) - Unexpected long sleep: sleep(5194ms) actually took 5573ms which is over the threshold 300ms
2019-09-20 10:25:02,796 [Thread-1319] WARN  util.JavaUtils (JavaUtils.java:sleep(250)) - Unexpected long sleep: sleep(5038ms) actually took 5371ms which is over the threshold 300ms
2019-09-20 10:25:02,796 [Thread-1316] WARN  util.JavaUtils (JavaUtils.java:sleep(250)) - Unexpected long sleep: sleep(5093ms) actually took 5421ms which is over the threshold 300ms
2019-09-20 10:25:02,795 [61649f92-8c0f-475a-818d-1064548aeef6-SegmentedRaftLogWorker:Storage Directory /workdir/hadoop-ozone/integration-test/target/test-dir/MiniOzoneClusterImpl-806821b2-061b-4172-afaf-fb68ff5248bd/datanode-0/data/ratis/f42beeb0-fa7e-4c86-ab53-922645f2303a] ERROR segmented.SegmentedRaftLogWorker (SegmentedRaftLogWorker.java:run(323)) - 61649f92-8c0f-475a-818d-1064548aeef6-SegmentedRaftLogWorker:Storage Directory /workdir/hadoop-ozone/integration-test/target/test-dir/MiniOzoneClusterImpl-806821b2-061b-4172-afaf-fb68ff5248bd/datanode-0/data/ratis/f42beeb0-fa7e-4c86-ab53-922645f2303a hit exception
java.lang.OutOfMemoryError: Direct buffer memory
	at java.nio.Bits.reserveMemory(Bits.java:666)
	at java.nio.DirectByteBuffer.<init>(DirectByteBuffer.java:123)
	at java.nio.ByteBuffer.allocateDirect(ByteBuffer.java:311)
	at org.apache.ratis.server.raftlog.segmented.BufferedWriteChannel.<init>(BufferedWriteChannel.java:41)
	at org.apache.ratis.server.raftlog.segmented.SegmentedRaftLogOutputStream.<init>(SegmentedRaftLogOutputStream.java:72)
	at org.apache.ratis.server.raftlog.segmented.SegmentedRaftLogWorker$StartLogSegment.execute(SegmentedRaftLogWorker.java:566)
	at org.apache.ratis.server.raftlog.segmented.SegmentedRaftLogWorker.run(SegmentedRaftLogWorker.java:289)
	at java.lang.Thread.run(Thread.java:748)
2019-09-20 10:25:03,155 [61649f92-8c0f-475a-818d-1064548aeef6-SegmentedRaftLogWorker:Storage Directory /workdir/hadoop-ozone/integration-test/target/test-dir/MiniOzoneClusterImpl-806821b2-061b-4172-afaf-fb68ff5248bd/datanode-0/data/ratis/f42beeb0-fa7e-4c86-ab53-922645f2303a] INFO  impl.RaftServerImpl (RaftServerImpl.java:lambda$shutdown$3(245)) - 61649f92-8c0f-475a-818d-1064548aeef6: shutdown group-922645F2303A
2019-09-20 10:25:02,795 [Thread-1322] INFO  impl.FollowerState (FollowerState.java:run(106)) - bb8f5112-316d-4974-a5a6-f698f3fbb5be:group-29F07B0353B5 changes to CANDIDATE, lastRpcTime:5311, electionTimeout:5068ms
2019-09-20 10:25:02,790 [Thread-1329] INFO  impl.FollowerState (FollowerState.java:run(106)) - b5962e8e-c9f1-48aa-8eb4-d8f74b8afdbe:group-827999EF7ADD changes to CANDIDATE, lastRpcTime:5172, electionTimeout:5042ms
2019-09-20 10:25:02,790 [Thread-1326] INFO  impl.FollowerState (FollowerState.java:run(106)) - bb8f5112-316d-4974-a5a6-f698f3fbb5be:group-8A09BD39043B changes to CANDIDATE, lastRpcTime:5222, electionTimeout:5150ms
2019-09-20 10:25:03,156 [Thread-1326] INFO  impl.RoleInfo (RoleInfo.java:shutdownFollowerState(121)) - bb8f5112-316d-4974-a5a6-f698f3fbb5be: shutdown FollowerState
2019-09-20 10:25:02,790 [Thread-1332] INFO  impl.FollowerState (FollowerState.java:run(106)) - 99e70dd4-d763-4473-944c-c5628506dcf8:group-CCAADAAF72A4 changes to CANDIDATE, lastRpcTime:5113, electionTimeout:5060ms
2019-09-20 10:25:02,790 [Thread-1337] INFO  impl.FollowerState (FollowerState.java:run(106)) - 99e70dd4-d763-4473-944c-c5628506dcf8:group-D0A60C53CD0E changes to CANDIDATE, lastRpcTime:5026, electionTimeout:5005ms
2019-09-20 10:25:02,381 [main] INFO  http.HttpServer2 (HttpServer2.java:addGlobalFilter(975)) - Added global filter 'safety' (class=org.apache.hadoop.http.HttpServer2$QuotingInputFilter)
2019-09-20 10:25:03,156 [Thread-1337] INFO  impl.RoleInfo (RoleInfo.java:shutdownFollowerState(121)) - 99e70dd4-d763-4473-944c-c5628506dcf8: shutdown FollowerState
2019-09-20 10:25:03,156 [Thread-1337] INFO  impl.RaftServerImpl (RaftServerImpl.java:setRole(171)) - 99e70dd4-d763-4473-944c-c5628506dcf8:group-D0A60C53CD0E changes role from FOLLOWER to CANDIDATE at term 0 for changeToCandidate
2019-09-20 10:25:03,156 [Thread-1332] INFO  impl.RoleInfo (RoleInfo.java:shutdownFollowerState(121)) - 99e70dd4-d763-4473-944c-c5628506dcf8: shutdown FollowerState
2019-09-20 10:25:03,156 [Thread-1332] INFO  impl.RaftServerImpl (RaftServerImpl.java:setRole(171)) - 99e70dd4-d763-4473-944c-c5628506dcf8:group-CCAADAAF72A4 changes role from FOLLOWER to CANDIDATE at term 0 for changeToCandidate
2019-09-20 10:25:03,157 [main] INFO  http.HttpServer2 (HttpServer2.java:addFilter(948)) - Added filter static_user_filter (class=org.apache.hadoop.http.lib.StaticUserWebFilter$StaticUserFilter) to context ozoneManager
2019-09-20 10:25:03,156 [Thread-1326] INFO  impl.RaftServerImpl (RaftServerImpl.java:setRole(171)) - bb8f5112-316d-4974-a5a6-f698f3fbb5be:group-8A09BD39043B changes role from FOLLOWER to CANDIDATE at term 0 for changeToCandidate
2019-09-20 10:25:03,155 [Thread-1329] INFO  impl.RoleInfo (RoleInfo.java:shutdownFollowerState(121)) - b5962e8e-c9f1-48aa-8eb4-d8f74b8afdbe: shutdown FollowerState
2019-09-20 10:25:03,157 [Thread-1329] INFO  impl.RaftServerImpl (RaftServerImpl.java:setRole(171)) - b5962e8e-c9f1-48aa-8eb4-d8f74b8afdbe:group-827999EF7ADD changes role from FOLLOWER to CANDIDATE at term 0 for changeToCandidate
2019-09-20 10:25:03,155 [Thread-1322] INFO  impl.RoleInfo (RoleInfo.java:shutdownFollowerState(121)) - bb8f5112-316d-4974-a5a6-f698f3fbb5be: shutdown FollowerState
2019-09-20 10:25:03,155 [61649f92-8c0f-475a-818d-1064548aeef6-SegmentedRaftLogWorker:Storage Directory /workdir/hadoop-ozone/integration-test/target/test-dir/MiniOzoneClusterImpl-806821b2-061b-4172-afaf-fb68ff5248bd/datanode-0/data/ratis/f42beeb0-fa7e-4c86-ab53-922645f2303a] INFO  util.JmxRegister (JmxRegister.java:unregister(73)) - Successfully un-registered JMX Bean with object name Ratis:service=RaftServer,group=group-922645F2303A,id=61649f92-8c0f-475a-818d-1064548aeef6
2019-09-20 10:25:03,157 [61649f92-8c0f-475a-818d-1064548aeef6-SegmentedRaftLogWorker:Storage Directory /workdir/hadoop-ozone/integration-test/target/test-dir/MiniOzoneClusterImpl-806821b2-061b-4172-afaf-fb68ff5248bd/datanode-0/data/ratis/f42beeb0-fa7e-4c86-ab53-922645f2303a] INFO  impl.RoleInfo (RoleInfo.java:shutdownLeaderState(104)) - 61649f92-8c0f-475a-818d-1064548aeef6: shutdown LeaderState
2019-09-20 10:25:03,154 [cff8bf6b-8d20-4327-9f29-08a3c2b49247:group-8BF4BCFBCE01:LeaderElection109] INFO  impl.RoleInfo (RoleInfo.java:shutdownLeaderElection(134)) - cff8bf6b-8d20-4327-9f29-08a3c2b49247: shutdown LeaderElection
2019-09-20 10:25:03,154 [cff8bf6b-8d20-4327-9f29-08a3c2b49247:group-59D57AF1BF79:LeaderElection112] INFO  impl.RoleInfo (RoleInfo.java:shutdownLeaderElection(134)) - cff8bf6b-8d20-4327-9f29-08a3c2b49247: shutdown LeaderElection
2019-09-20 10:25:03,158 [cff8bf6b-8d20-4327-9f29-08a3c2b49247:group-59D57AF1BF79:LeaderElection112] INFO  impl.RaftServerImpl (RaftServerImpl.java:setRole(171)) - cff8bf6b-8d20-4327-9f29-08a3c2b49247:group-59D57AF1BF79 changes role from CANDIDATE to LEADER at term 1 for changeToLeader
2019-09-20 10:25:03,154 [cff8bf6b-8d20-4327-9f29-08a3c2b49247:group-54713C5DDCE3:LeaderElection110] INFO  impl.RoleInfo (RoleInfo.java:shutdownLeaderElection(134)) - cff8bf6b-8d20-4327-9f29-08a3c2b49247: shutdown LeaderElection
2019-09-20 10:25:03,154 [cff8bf6b-8d20-4327-9f29-08a3c2b49247:group-1AD398AC37E4:LeaderElection107] INFO  impl.RoleInfo (RoleInfo.java:shutdownLeaderElection(134)) - cff8bf6b-8d20-4327-9f29-08a3c2b49247: shutdown LeaderElection
2019-09-20 10:25:03,153 [b5962e8e-c9f1-48aa-8eb4-d8f74b8afdbe:group-66792EEE1340:LeaderElection114] INFO  impl.RoleInfo (RoleInfo.java:shutdownLeaderElection(134)) - b5962e8e-c9f1-48aa-8eb4-d8f74b8afdbe: shutdown LeaderElection
2019-09-20 10:25:03,153 [bb8f5112-316d-4974-a5a6-f698f3fbb5be:group-43E823771414:LeaderElection108] INFO  impl.RoleInfo (RoleInfo.java:shutdownLeaderElection(134)) - bb8f5112-316d-4974-a5a6-f698f3fbb5be: shutdown LeaderElection
2019-09-20 10:25:03,153 [e8013689-2f13-4aaf-8a03-99f419c430ec:group-4F0D8B9435FE:LeaderElection98] INFO  impl.RoleInfo (RoleInfo.java:updateAndGet(143)) - e8013689-2f13-4aaf-8a03-99f419c430ec: start LeaderState
2019-09-20 10:25:03,152 [Thread-1340] INFO  impl.FollowerState (FollowerState.java:run(106)) - 99e70dd4-d763-4473-944c-c5628506dcf8:group-5542CC850C81 changes to CANDIDATE, lastRpcTime:5289, electionTimeout:5010ms
2019-09-20 10:25:03,152 [Thread-1343] INFO  impl.FollowerState (FollowerState.java:run(106)) - 99e70dd4-d763-4473-944c-c5628506dcf8:group-496F8780B312 changes to CANDIDATE, lastRpcTime:5222, electionTimeout:5028ms
2019-09-20 10:25:03,159 [Thread-1343] INFO  impl.RoleInfo (RoleInfo.java:shutdownFollowerState(121)) - 99e70dd4-d763-4473-944c-c5628506dcf8: shutdown FollowerState
2019-09-20 10:25:03,145 [Thread-1346] INFO  impl.FollowerState (FollowerState.java:run(106)) - 99e70dd4-d763-4473-944c-c5628506dcf8:group-335F5008A6D5 changes to CANDIDATE, lastRpcTime:5148, electionTimeout:5066ms
2019-09-20 10:25:03,159 [Thread-1346] INFO  impl.RoleInfo (RoleInfo.java:shutdownFollowerState(121)) - 99e70dd4-d763-4473-944c-c5628506dcf8: shutdown FollowerState
2019-09-20 10:25:02,800 [e8013689-2f13-4aaf-8a03-99f419c430ec:group-F7C2ACBA30A6:LeaderElection96] INFO  impl.RaftServerImpl (ServerState.java:setRaftConf(361)) - e8013689-2f13-4aaf-8a03-99f419c430ec:group-F7C2ACBA30A6 set configuration 0: [e8013689-2f13-4aaf-8a03-99f419c430ec:192.168.36.99:43054], old=null at 0
2019-09-20 10:25:02,800 [b5962e8e-c9f1-48aa-8eb4-d8f74b8afdbe:group-900160021207:LeaderElection113] INFO  impl.RoleInfo (RoleInfo.java:shutdownLeaderElection(134)) - b5962e8e-c9f1-48aa-8eb4-d8f74b8afdbe: shutdown LeaderElection
2019-09-20 10:25:03,159 [b5962e8e-c9f1-48aa-8eb4-d8f74b8afdbe:group-900160021207:LeaderElection113] INFO  impl.RaftServerImpl (RaftServerImpl.java:setRole(171)) - b5962e8e-c9f1-48aa-8eb4-d8f74b8afdbe:group-900160021207 changes role from CANDIDATE to LEADER at term 1 for changeToLeader
2019-09-20 10:25:02,800 [bb8f5112-316d-4974-a5a6-f698f3fbb5be:group-7A5798921CF6:LeaderElection111] INFO  impl.RoleInfo (RoleInfo.java:shutdownLeaderElection(134)) - bb8f5112-316d-4974-a5a6-f698f3fbb5be: shutdown LeaderElection
2019-09-20 10:25:02,800 [e8013689-2f13-4aaf-8a03-99f419c430ec:group-ECC0DA2B67F9:LeaderElection100] INFO  segmented.SegmentedRaftLogWorker (SegmentedRaftLogWorker.java:startLogSegment(380)) - e8013689-2f13-4aaf-8a03-99f419c430ec-SegmentedRaftLogWorker:Storage Directory /workdir/hadoop-ozone/integration-test/target/test-dir/MiniOzoneClusterImpl-806821b2-061b-4172-afaf-fb68ff5248bd/datanode-1/data/ratis/9dc661b3-6bc1-4668-93d5-ecc0da2b67f9: Starting segment from index:0
2019-09-20 10:25:02,800 [136f1953-bb94-4097-a2d4-422a6782bee0:group-F0B5BE8CFE34:LeaderElection102] INFO  segmented.SegmentedRaftLogWorker (SegmentedRaftLogWorker.java:startLogSegment(380)) - 136f1953-bb94-4097-a2d4-422a6782bee0-SegmentedRaftLogWorker:Storage Directory /workdir/hadoop-ozone/integration-test/target/test-dir/MiniOzoneClusterImpl-806821b2-061b-4172-afaf-fb68ff5248bd/datanode-2/data/ratis/9e0b6be5-3a8b-46a6-91d2-f0b5be8cfe34: Starting segment from index:0
2019-09-20 10:25:02,799 [136f1953-bb94-4097-a2d4-422a6782bee0:group-D306834017EB:LeaderElection105] INFO  server.RaftServerConfigKeys (ConfUtils.java:logGet(43)) - raft.server.staging.catchup.gap = 1000 (default)
2019-09-20 10:25:03,160 [e8013689-2f13-4aaf-8a03-99f419c430ec:group-ECC0DA2B67F9:LeaderElection100] INFO  impl.RaftServerImpl (ServerState.java:setRaftConf(361)) - e8013689-2f13-4aaf-8a03-99f419c430ec:group-ECC0DA2B67F9 set configuration 0: [e8013689-2f13-4aaf-8a03-99f419c430ec:192.168.36.99:43054], old=null at 0
2019-09-20 10:25:02,799 [61649f92-8c0f-475a-818d-1064548aeef6-SegmentedRaftLogWorker:Storage Directory /workdir/hadoop-ozone/integration-test/target/test-dir/MiniOzoneClusterImpl-806821b2-061b-4172-afaf-fb68ff5248bd/datanode-0/data/ratis/df9ffc0a-3283-420d-bf01-0e77731da77c] INFO  impl.StateMachineUpdater (StateMachineUpdater.java:stopAndJoin(115)) - StateMachineUpdater:61649f92-8c0f-475a-818d-1064548aeef6:group-0E77731DA77C: set stopIndex = -1
2019-09-20 10:25:02,799 [136f1953-bb94-4097-a2d4-422a6782bee0:group-F29F1192F946:LeaderElection104] INFO  server.RaftServerConfigKeys (ConfUtils.java:logGet(43)) - raft.server.write.element-limit = 4096 (default)
2019-09-20 10:25:02,799 [cff8bf6b-8d20-4327-9f29-08a3c2b49247:group-E11B07918171:LeaderElection106] INFO  server.RaftServerConfigKeys (ConfUtils.java:logGet(43)) - raft.server.write.element-limit = 4096 (default)
2019-09-20 10:25:02,799 [cff8bf6b-8d20-4327-9f29-08a3c2b49247:group-41168AB8A65F:LeaderElection101] INFO  server.RaftServerConfigKeys (ConfUtils.java:logGet(43)) - raft.server.watch.element-limit = 65536 (default)
2019-09-20 10:25:02,798 [136f1953-bb94-4097-a2d4-422a6782bee0:group-C7C9E2BEED22:LeaderElection103] INFO  impl.RoleInfo (RoleInfo.java:updateAndGet(143)) - 136f1953-bb94-4097-a2d4-422a6782bee0: start LeaderState
2019-09-20 10:25:02,798 [136f1953-bb94-4097-a2d4-422a6782bee0:group-3EE8DB6CDF8E:LeaderElection97] INFO  impl.RoleInfo (RoleInfo.java:updateAndGet(143)) - 136f1953-bb94-4097-a2d4-422a6782bee0: start LeaderState
2019-09-20 10:25:03,771 [cff8bf6b-8d20-4327-9f29-08a3c2b49247:group-41168AB8A65F:LeaderElection101] INFO  impl.RoleInfo (RoleInfo.java:updateAndGet(143)) - cff8bf6b-8d20-4327-9f29-08a3c2b49247: start LeaderState
2019-09-20 10:25:03,771 [cff8bf6b-8d20-4327-9f29-08a3c2b49247:group-E11B07918171:LeaderElection106] INFO  server.RaftServerConfigKeys (ConfUtils.java:logGet(43)) - raft.server.watch.timeout = 10s (default)
2019-09-20 10:25:03,770 [136f1953-bb94-4097-a2d4-422a6782bee0:group-F29F1192F946:LeaderElection104] INFO  server.RaftServerConfigKeys (ConfUtils.java:logGet(43)) - raft.server.watch.timeout = 10s (default)
2019-09-20 10:25:03,772 [136f1953-bb94-4097-a2d4-422a6782bee0:group-F29F1192F946:LeaderElection104] INFO  server.RaftServerConfigKeys (ConfUtils.java:logGet(43)) - raft.server.watch.timeout.denomination = 1s (default)
2019-09-20 10:25:03,770 [61649f92-8c0f-475a-818d-1064548aeef6-SegmentedRaftLogWorker:Storage Directory /workdir/hadoop-ozone/integration-test/target/test-dir/MiniOzoneClusterImpl-806821b2-061b-4172-afaf-fb68ff5248bd/datanode-0/data/ratis/df9ffc0a-3283-420d-bf01-0e77731da77c] INFO  impl.RaftServerImpl (ServerState.java:close(394)) - 61649f92-8c0f-475a-818d-1064548aeef6:group-0E77731DA77C closes. The last applied log index is -1
2019-09-20 10:25:03,767 [e8013689-2f13-4aaf-8a03-99f419c430ec-SegmentedRaftLogWorker:Storage Directory /workdir/hadoop-ozone/integration-test/target/test-dir/MiniOzoneClusterImpl-806821b2-061b-4172-afaf-fb68ff5248bd/datanode-1/data/ratis/1433d132-f579-41f9-9a5d-f720d76a59ae] ERROR segmented.SegmentedRaftLogWorker (SegmentedRaftLogWorker.java:run(323)) - e8013689-2f13-4aaf-8a03-99f419c430ec-SegmentedRaftLogWorker:Storage Directory /workdir/hadoop-ozone/integration-test/target/test-dir/MiniOzoneClusterImpl-806821b2-061b-4172-afaf-fb68ff5248bd/datanode-1/data/ratis/1433d132-f579-41f9-9a5d-f720d76a59ae hit exception
java.lang.OutOfMemoryError: Direct buffer memory
	at java.nio.Bits.reserveMemory(Bits.java:666)
	at java.nio.DirectByteBuffer.<init>(DirectByteBuffer.java:123)
	at java.nio.ByteBuffer.allocateDirect(ByteBuffer.java:311)
	at org.apache.ratis.server.raftlog.segmented.BufferedWriteChannel.<init>(BufferedWriteChannel.java:41)
	at org.apache.ratis.server.raftlog.segmented.SegmentedRaftLogOutputStream.<init>(SegmentedRaftLogOutputStream.java:72)
	at org.apache.ratis.server.raftlog.segmented.SegmentedRaftLogWorker$StartLogSegment.execute(SegmentedRaftLogWorker.java:566)
	at org.apache.ratis.server.raftlog.segmented.SegmentedRaftLogWorker.run(SegmentedRaftLogWorker.java:289)
	at java.lang.Thread.run(Thread.java:748)
2019-09-20 10:25:03,772 [e8013689-2f13-4aaf-8a03-99f419c430ec-SegmentedRaftLogWorker:Storage Directory /workdir/hadoop-ozone/integration-test/target/test-dir/MiniOzoneClusterImpl-806821b2-061b-4172-afaf-fb68ff5248bd/datanode-1/data/ratis/1433d132-f579-41f9-9a5d-f720d76a59ae] INFO  impl.RaftServerImpl (RaftServerImpl.java:lambda$shutdown$3(245)) - e8013689-2f13-4aaf-8a03-99f419c430ec: shutdown group-F720D76A59AE
2019-09-20 10:25:03,433 [136f1953-bb94-4097-a2d4-422a6782bee0:group-F0B5BE8CFE34:LeaderElection102] INFO  impl.RaftServerImpl (ServerState.java:setRaftConf(361)) - 136f1953-bb94-4097-a2d4-422a6782bee0:group-F0B5BE8CFE34 set configuration 0: [136f1953-bb94-4097-a2d4-422a6782bee0:192.168.36.99:37121], old=null at 0
2019-09-20 10:25:03,433 [e8013689-2f13-4aaf-8a03-99f419c430ec-SegmentedRaftLogWorker:Storage Directory /workdir/hadoop-ozone/integration-test/target/test-dir/MiniOzoneClusterImpl-806821b2-061b-4172-afaf-fb68ff5248bd/datanode-1/data/ratis/d6f61380-79ec-40e9-890f-39574b001817] ERROR segmented.SegmentedRaftLogWorker (SegmentedRaftLogWorker.java:run(323)) - e8013689-2f13-4aaf-8a03-99f419c430ec-SegmentedRaftLogWorker:Storage Directory /workdir/hadoop-ozone/integration-test/target/test-dir/MiniOzoneClusterImpl-806821b2-061b-4172-afaf-fb68ff5248bd/datanode-1/data/ratis/d6f61380-79ec-40e9-890f-39574b001817 hit exception
java.lang.OutOfMemoryError: Direct buffer memory
	at java.nio.Bits.reserveMemory(Bits.java:666)
	at java.nio.DirectByteBuffer.<init>(DirectByteBuffer.java:123)
	at java.nio.ByteBuffer.allocateDirect(ByteBuffer.java:311)
	at org.apache.ratis.server.raftlog.segmented.BufferedWriteChannel.<init>(BufferedWriteChannel.java:41)
	at org.apache.ratis.server.raftlog.segmented.SegmentedRaftLogOutputStream.<init>(SegmentedRaftLogOutputStream.java:72)
	at org.apache.ratis.server.raftlog.segmented.SegmentedRaftLogWorker$StartLogSegment.execute(SegmentedRaftLogWorker.java:566)
	at org.apache.ratis.server.raftlog.segmented.SegmentedRaftLogWorker.run(SegmentedRaftLogWorker.java:289)
	at java.lang.Thread.run(Thread.java:748)
2019-09-20 10:25:03,433 [61649f92-8c0f-475a-818d-1064548aeef6-SegmentedRaftLogWorker:Storage Directory /workdir/hadoop-ozone/integration-test/target/test-dir/MiniOzoneClusterImpl-806821b2-061b-4172-afaf-fb68ff5248bd/datanode-0/data/ratis/3845c9ce-c2af-48fb-8839-83eda5826e09] ERROR segmented.SegmentedRaftLogWorker (SegmentedRaftLogWorker.java:run(323)) - 61649f92-8c0f-475a-818d-1064548aeef6-SegmentedRaftLogWorker:Storage Directory /workdir/hadoop-ozone/integration-test/target/test-dir/MiniOzoneClusterImpl-806821b2-061b-4172-afaf-fb68ff5248bd/datanode-0/data/ratis/3845c9ce-c2af-48fb-8839-83eda5826e09 hit exception
java.lang.OutOfMemoryError: Direct buffer memory
	at java.nio.Bits.reserveMemory(Bits.java:666)
	at java.nio.DirectByteBuffer.<init>(DirectByteBuffer.java:123)
	at java.nio.ByteBuffer.allocateDirect(ByteBuffer.java:311)
	at org.apache.ratis.server.raftlog.segmented.BufferedWriteChannel.<init>(BufferedWriteChannel.java:41)
	at org.apache.ratis.server.raftlog.segmented.SegmentedRaftLogOutputStream.<init>(SegmentedRaftLogOutputStream.java:72)
	at org.apache.ratis.server.raftlog.segmented.SegmentedRaftLogWorker$StartLogSegment.execute(SegmentedRaftLogWorker.java:566)
	at org.apache.ratis.server.raftlog.segmented.SegmentedRaftLogWorker.run(SegmentedRaftLogWorker.java:289)
	at java.lang.Thread.run(Thread.java:748)
2019-09-20 10:25:03,773 [61649f92-8c0f-475a-818d-1064548aeef6-SegmentedRaftLogWorker:Storage Directory /workdir/hadoop-ozone/integration-test/target/test-dir/MiniOzoneClusterImpl-806821b2-061b-4172-afaf-fb68ff5248bd/datanode-0/data/ratis/3845c9ce-c2af-48fb-8839-83eda5826e09] INFO  impl.RaftServerImpl (RaftServerImpl.java:lambda$shutdown$3(245)) - 61649f92-8c0f-475a-818d-1064548aeef6: shutdown group-83EDA5826E09
2019-09-20 10:25:03,160 [136f1953-bb94-4097-a2d4-422a6782bee0:group-D306834017EB:LeaderElection105] INFO  server.RaftServerConfigKeys (ConfUtils.java:logGet(43)) - raft.server.rpc.sleep.time = 25ms (default)
2019-09-20 10:25:03,160 [bb8f5112-316d-4974-a5a6-f698f3fbb5be:group-7A5798921CF6:LeaderElection111] INFO  impl.RaftServerImpl (RaftServerImpl.java:setRole(171)) - bb8f5112-316d-4974-a5a6-f698f3fbb5be:group-7A5798921CF6 changes role from CANDIDATE to LEADER at term 1 for changeToLeader
2019-09-20 10:25:03,159 [b5962e8e-c9f1-48aa-8eb4-d8f74b8afdbe:group-900160021207:LeaderElection113] INFO  impl.RaftServerImpl (ServerState.java:setLeader(263)) - b5962e8e-c9f1-48aa-8eb4-d8f74b8afdbe:group-900160021207 change Leader from null to b5962e8e-c9f1-48aa-8eb4-d8f74b8afdbe at term 1 for becomeLeader, leader elected after 6170ms
2019-09-20 10:25:03,159 [Thread-1346] INFO  impl.RaftServerImpl (RaftServerImpl.java:setRole(171)) - 99e70dd4-d763-4473-944c-c5628506dcf8:group-335F5008A6D5 changes role from FOLLOWER to CANDIDATE at term 0 for changeToCandidate
2019-09-20 10:25:03,159 [Thread-1343] INFO  impl.RaftServerImpl (RaftServerImpl.java:setRole(171)) - 99e70dd4-d763-4473-944c-c5628506dcf8:group-496F8780B312 changes role from FOLLOWER to CANDIDATE at term 0 for changeToCandidate
2019-09-20 10:25:03,159 [e8013689-2f13-4aaf-8a03-99f419c430ec:group-4F0D8B9435FE:LeaderElection98] INFO  segmented.SegmentedRaftLogWorker (SegmentedRaftLogWorker.java:startLogSegment(380)) - e8013689-2f13-4aaf-8a03-99f419c430ec-SegmentedRaftLogWorker:Storage Directory /workdir/hadoop-ozone/integration-test/target/test-dir/MiniOzoneClusterImpl-806821b2-061b-4172-afaf-fb68ff5248bd/datanode-1/data/ratis/08136aa7-4ba0-4fe8-b0eb-4f0d8b9435fe: Starting segment from index:0
2019-09-20 10:25:03,159 [Thread-1340] INFO  impl.RoleInfo (RoleInfo.java:shutdownFollowerState(121)) - 99e70dd4-d763-4473-944c-c5628506dcf8: shutdown FollowerState
2019-09-20 10:25:03,158 [bb8f5112-316d-4974-a5a6-f698f3fbb5be:group-43E823771414:LeaderElection108] INFO  impl.RaftServerImpl (RaftServerImpl.java:setRole(171)) - bb8f5112-316d-4974-a5a6-f698f3fbb5be:group-43E823771414 changes role from CANDIDATE to LEADER at term 1 for changeToLeader
2019-09-20 10:25:03,158 [b5962e8e-c9f1-48aa-8eb4-d8f74b8afdbe:group-66792EEE1340:LeaderElection114] INFO  impl.RaftServerImpl (RaftServerImpl.java:setRole(171)) - b5962e8e-c9f1-48aa-8eb4-d8f74b8afdbe:group-66792EEE1340 changes role from CANDIDATE to LEADER at term 1 for changeToLeader
2019-09-20 10:25:03,158 [cff8bf6b-8d20-4327-9f29-08a3c2b49247:group-1AD398AC37E4:LeaderElection107] INFO  impl.RaftServerImpl (RaftServerImpl.java:setRole(171)) - cff8bf6b-8d20-4327-9f29-08a3c2b49247:group-1AD398AC37E4 changes role from CANDIDATE to LEADER at term 1 for changeToLeader
2019-09-20 10:25:03,158 [cff8bf6b-8d20-4327-9f29-08a3c2b49247:group-54713C5DDCE3:LeaderElection110] INFO  impl.RaftServerImpl (RaftServerImpl.java:setRole(171)) - cff8bf6b-8d20-4327-9f29-08a3c2b49247:group-54713C5DDCE3 changes role from CANDIDATE to LEADER at term 1 for changeToLeader
2019-09-20 10:25:04,147 | INFO  | SCMAudit | user=jenkins1000 | ip=192.168.36.99 | op=SEND_HEARTBEAT {datanodeUUID=136f1953-bb94-4097-a2d4-422a6782bee0, command=[]} | ret=SUCCESS |  
2019-09-20 10:25:04,147 | INFO  | SCMAudit | user=jenkins1000 | ip=192.168.36.99 | op=SEND_HEARTBEAT {datanodeUUID=b5962e8e-c9f1-48aa-8eb4-d8f74b8afdbe, command=[]} | ret=SUCCESS |  
2019-09-20 10:25:04,147 | INFO  | SCMAudit | user=jenkins1000 | ip=192.168.36.99 | op=SEND_HEARTBEAT {datanodeUUID=bb8f5112-316d-4974-a5a6-f698f3fbb5be, command=[]} | ret=SUCCESS |  
2019-09-20 10:25:04,147 | INFO  | SCMAudit | user=jenkins1000 | ip=192.168.36.99 | op=SEND_HEARTBEAT {datanodeUUID=99e70dd4-d763-4473-944c-c5628506dcf8, command=[]} | ret=SUCCESS |  
2019-09-20 10:25:04,147 | INFO  | SCMAudit | user=jenkins1000 | ip=192.168.36.99 | op=SEND_HEARTBEAT {datanodeUUID=e8013689-2f13-4aaf-8a03-99f419c430ec, command=[]} | ret=SUCCESS |  
2019-09-20 10:25:03,158 [cff8bf6b-8d20-4327-9f29-08a3c2b49247:group-59D57AF1BF79:LeaderElection112] INFO  impl.RaftServerImpl (ServerState.java:setLeader(263)) - cff8bf6b-8d20-4327-9f29-08a3c2b49247:group-59D57AF1BF79 change Leader from null to cff8bf6b-8d20-4327-9f29-08a3c2b49247 at term 1 for becomeLeader, leader elected after 6227ms
2019-09-20 10:25:04,147 | INFO  | SCMAudit | user=jenkins1000 | ip=192.168.36.99 | op=SEND_HEARTBEAT {datanodeUUID=9e03ffa9-cf79-407a-a150-4c035e5aec5e, command=[]} | ret=SUCCESS |  
2019-09-20 10:25:03,158 [cff8bf6b-8d20-4327-9f29-08a3c2b49247:group-8BF4BCFBCE01:LeaderElection109] INFO  impl.RaftServerImpl (RaftServerImpl.java:setRole(171)) - cff8bf6b-8d20-4327-9f29-08a3c2b49247:group-8BF4BCFBCE01 changes role from CANDIDATE to LEADER at term 1 for changeToLeader
2019-09-20 10:25:04,147 | INFO  | SCMAudit | user=jenkins1000 | ip=192.168.36.99 | op=SEND_HEARTBEAT {datanodeUUID=54207fe5-d92c-4c2e-b058-fbae630dabef, command=[]} | ret=SUCCESS |  
2019-09-20 10:25:03,157 [61649f92-8c0f-475a-818d-1064548aeef6-SegmentedRaftLogWorker:Storage Directory /workdir/hadoop-ozone/integration-test/target/test-dir/MiniOzoneClusterImpl-806821b2-061b-4172-afaf-fb68ff5248bd/datanode-0/data/ratis/f42beeb0-fa7e-4c86-ab53-922645f2303a] INFO  impl.PendingRequests (PendingRequests.java:sendNotLeaderResponses(202)) - 61649f92-8c0f-475a-818d-1064548aeef6-PendingRequests: sendNotLeaderResponses
2019-09-20 10:25:03,157 [Thread-1322] INFO  impl.RaftServerImpl (RaftServerImpl.java:setRole(171)) - bb8f5112-316d-4974-a5a6-f698f3fbb5be:group-29F07B0353B5 changes role from FOLLOWER to CANDIDATE at term 0 for changeToCandidate
2019-09-20 10:25:04,148 [61649f92-8c0f-475a-818d-1064548aeef6-SegmentedRaftLogWorker:Storage Directory /workdir/hadoop-ozone/integration-test/target/test-dir/MiniOzoneClusterImpl-806821b2-061b-4172-afaf-fb68ff5248bd/datanode-0/data/ratis/f42beeb0-fa7e-4c86-ab53-922645f2303a] INFO  impl.StateMachineUpdater (StateMachineUpdater.java:stopAndJoin(115)) - StateMachineUpdater:61649f92-8c0f-475a-818d-1064548aeef6:group-922645F2303A: set stopIndex = -1
2019-09-20 10:25:04,148 [Thread-1322] INFO  impl.RoleInfo (RoleInfo.java:updateAndGet(143)) - bb8f5112-316d-4974-a5a6-f698f3fbb5be: start LeaderElection
2019-09-20 10:25:04,148 [61649f92-8c0f-475a-818d-1064548aeef6-SegmentedRaftLogWorker:Storage Directory /workdir/hadoop-ozone/integration-test/target/test-dir/MiniOzoneClusterImpl-806821b2-061b-4172-afaf-fb68ff5248bd/datanode-0/data/ratis/f42beeb0-fa7e-4c86-ab53-922645f2303a] INFO  impl.RaftServerImpl (ServerState.java:close(394)) - 61649f92-8c0f-475a-818d-1064548aeef6:group-922645F2303A closes. The last applied log index is -1
2019-09-20 10:25:04,148 | INFO  | SCMAudit | user=jenkins1000 | ip=192.168.36.99 | op=SEND_HEARTBEAT {datanodeUUID=7af711bd-b5ae-4a73-a8be-b970cae6c2d1, command=[]} | ret=SUCCESS |  
2019-09-20 10:25:04,148 | INFO  | SCMAudit | user=jenkins1000 | ip=192.168.36.99 | op=SEND_HEARTBEAT {datanodeUUID=4d972e91-cb6b-45de-8bd2-c18af7abe58b, command=[]} | ret=SUCCESS |  
2019-09-20 10:25:03,157 [Thread-1329] INFO  impl.RoleInfo (RoleInfo.java:updateAndGet(143)) - b5962e8e-c9f1-48aa-8eb4-d8f74b8afdbe: start LeaderElection
2019-09-20 10:25:04,148 | INFO  | SCMAudit | user=jenkins1000 | ip=192.168.36.99 | op=SEND_HEARTBEAT {datanodeUUID=66416d0b-a71c-4af1-ae3a-62ca63b880a3, command=[]} | ret=SUCCESS |  
2019-09-20 10:25:04,148 | INFO  | SCMAudit | user=jenkins1000 | ip=192.168.36.99 | op=SEND_HEARTBEAT {datanodeUUID=60260ec1-e192-4b95-89c8-d924d16a77a9, command=[]} | ret=SUCCESS |  
2019-09-20 10:25:03,157 [Thread-1326] INFO  impl.RoleInfo (RoleInfo.java:updateAndGet(143)) - bb8f5112-316d-4974-a5a6-f698f3fbb5be: start LeaderElection
2019-09-20 10:25:03,157 [main] INFO  http.HttpServer2 (HttpServer2.java:addFilter(958)) - Added filter static_user_filter (class=org.apache.hadoop.http.lib.StaticUserWebFilter$StaticUserFilter) to context logs
2019-09-20 10:25:03,157 [Thread-1332] INFO  impl.RoleInfo (RoleInfo.java:updateAndGet(143)) - 99e70dd4-d763-4473-944c-c5628506dcf8: start LeaderElection
2019-09-20 10:25:03,156 [Thread-1337] INFO  impl.RoleInfo (RoleInfo.java:updateAndGet(143)) - 99e70dd4-d763-4473-944c-c5628506dcf8: start LeaderElection
2019-09-20 10:25:04,150 [main] INFO  http.HttpServer2 (HttpServer2.java:addFilter(958)) - Added filter static_user_filter (class=org.apache.hadoop.http.lib.StaticUserWebFilter$StaticUserFilter) to context static
2019-09-20 10:25:04,148 [61649f92-8c0f-475a-818d-1064548aeef6-SegmentedRaftLogWorker:Storage Directory /workdir/hadoop-ozone/integration-test/target/test-dir/MiniOzoneClusterImpl-806821b2-061b-4172-afaf-fb68ff5248bd/datanode-0/data/ratis/f42beeb0-fa7e-4c86-ab53-922645f2303a] INFO  segmented.SegmentedRaftLogWorker (SegmentedRaftLogWorker.java:close(228)) - 61649f92-8c0f-475a-818d-1064548aeef6-SegmentedRaftLogWorker:Storage Directory /workdir/hadoop-ozone/integration-test/target/test-dir/MiniOzoneClusterImpl-806821b2-061b-4172-afaf-fb68ff5248bd/datanode-0/data/ratis/f42beeb0-fa7e-4c86-ab53-922645f2303a close()
2019-09-20 10:25:04,147 [cff8bf6b-8d20-4327-9f29-08a3c2b49247:group-8BF4BCFBCE01:LeaderElection109] INFO  impl.RaftServerImpl (ServerState.java:setLeader(263)) - cff8bf6b-8d20-4327-9f29-08a3c2b49247:group-8BF4BCFBCE01 change Leader from null to cff8bf6b-8d20-4327-9f29-08a3c2b49247 at term 1 for becomeLeader, leader elected after 7419ms
2019-09-20 10:25:04,147 [cff8bf6b-8d20-4327-9f29-08a3c2b49247:group-59D57AF1BF79:LeaderElection112] INFO  server.RaftServerConfigKeys (ConfUtils.java:logGet(43)) - raft.server.staging.catchup.gap = 1000 (default)
2019-09-20 10:25:04,171 [cff8bf6b-8d20-4327-9f29-08a3c2b49247:group-59D57AF1BF79:LeaderElection112] INFO  server.RaftServerConfigKeys (ConfUtils.java:logGet(43)) - raft.server.rpc.sleep.time = 25ms (default)
2019-09-20 10:25:04,171 [cff8bf6b-8d20-4327-9f29-08a3c2b49247:group-59D57AF1BF79:LeaderElection112] INFO  server.RaftServerConfigKeys (ConfUtils.java:logGet(43)) - raft.server.write.element-limit = 4096 (default)
2019-09-20 10:25:04,147 [cff8bf6b-8d20-4327-9f29-08a3c2b49247:group-54713C5DDCE3:LeaderElection110] INFO  impl.RaftServerImpl (ServerState.java:setLeader(263)) - cff8bf6b-8d20-4327-9f29-08a3c2b49247:group-54713C5DDCE3 change Leader from null to cff8bf6b-8d20-4327-9f29-08a3c2b49247 at term 1 for becomeLeader, leader elected after 7275ms
2019-09-20 10:25:04,147 [cff8bf6b-8d20-4327-9f29-08a3c2b49247:group-1AD398AC37E4:LeaderElection107] INFO  impl.RaftServerImpl (ServerState.java:setLeader(263)) - cff8bf6b-8d20-4327-9f29-08a3c2b49247:group-1AD398AC37E4 change Leader from null to cff8bf6b-8d20-4327-9f29-08a3c2b49247 at term 1 for becomeLeader, leader elected after 7359ms
2019-09-20 10:25:04,172 | INFO  | SCMAudit | user=jenkins1000 | ip=192.168.36.99 | op=SEND_HEARTBEAT {datanodeUUID=61649f92-8c0f-475a-818d-1064548aeef6, command=[]} | ret=SUCCESS |  
2019-09-20 10:25:04,135 [61649f92-8c0f-475a-818d-1064548aeef6-SegmentedRaftLogWorker:Storage Directory /workdir/hadoop-ozone/integration-test/target/test-dir/MiniOzoneClusterImpl-806821b2-061b-4172-afaf-fb68ff5248bd/datanode-0/data/ratis/59fe6920-8a57-4445-b052-9a102802cb06] ERROR segmented.SegmentedRaftLogWorker (SegmentedRaftLogWorker.java:run(323)) - 61649f92-8c0f-475a-818d-1064548aeef6-SegmentedRaftLogWorker:Storage Directory /workdir/hadoop-ozone/integration-test/target/test-dir/MiniOzoneClusterImpl-806821b2-061b-4172-afaf-fb68ff5248bd/datanode-0/data/ratis/59fe6920-8a57-4445-b052-9a102802cb06 hit exception
java.lang.OutOfMemoryError: Direct buffer memory
	at java.nio.Bits.reserveMemory(Bits.java:666)
	at java.nio.DirectByteBuffer.<init>(DirectByteBuffer.java:123)
	at java.nio.ByteBuffer.allocateDirect(ByteBuffer.java:311)
	at org.apache.ratis.server.raftlog.segmented.BufferedWriteChannel.<init>(BufferedWriteChannel.java:41)
	at org.apache.ratis.server.raftlog.segmented.SegmentedRaftLogOutputStream.<init>(SegmentedRaftLogOutputStream.java:72)
	at org.apache.ratis.server.raftlog.segmented.SegmentedRaftLogWorker$StartLogSegment.execute(SegmentedRaftLogWorker.java:566)
	at org.apache.ratis.server.raftlog.segmented.SegmentedRaftLogWorker.run(SegmentedRaftLogWorker.java:289)
	at java.lang.Thread.run(Thread.java:748)
2019-09-20 10:25:04,172 | INFO  | SCMAudit | user=jenkins1000 | ip=192.168.36.99 | op=SEND_HEARTBEAT {datanodeUUID=19fb8383-7c99-4449-b95c-a26e71717844, command=[]} | ret=SUCCESS |  
2019-09-20 10:25:04,172 | INFO  | SCMAudit | user=jenkins1000 | ip=192.168.36.99 | op=SEND_HEARTBEAT {datanodeUUID=3d6f3241-e73c-473a-ad0b-c7be2f7e1dda, command=[]} | ret=SUCCESS |  
2019-09-20 10:25:03,775 [b5962e8e-c9f1-48aa-8eb4-d8f74b8afdbe:group-66792EEE1340:LeaderElection114] INFO  impl.RaftServerImpl (ServerState.java:setLeader(263)) - b5962e8e-c9f1-48aa-8eb4-d8f74b8afdbe:group-66792EEE1340 change Leader from null to b5962e8e-c9f1-48aa-8eb4-d8f74b8afdbe at term 1 for becomeLeader, leader elected after 6609ms
2019-09-20 10:25:04,172 | INFO  | SCMAudit | user=jenkins1000 | ip=192.168.36.99 | op=SEND_HEARTBEAT {datanodeUUID=cff8bf6b-8d20-4327-9f29-08a3c2b49247, command=[]} | ret=SUCCESS |  
2019-09-20 10:25:04,172 | INFO  | SCMAudit | user=jenkins1000 | ip=192.168.36.99 | op=SEND_HEARTBEAT {datanodeUUID=d2ed2d9b-7ac7-460e-84f6-6d9d6066f76d, command=[]} | ret=SUCCESS |  
2019-09-20 10:25:03,775 [e8013689-2f13-4aaf-8a03-99f419c430ec:group-4F0D8B9435FE:LeaderElection98] INFO  impl.RaftServerImpl (ServerState.java:setRaftConf(361)) - e8013689-2f13-4aaf-8a03-99f419c430ec:group-4F0D8B9435FE set configuration 0: [e8013689-2f13-4aaf-8a03-99f419c430ec:192.168.36.99:43054], old=null at 0
2019-09-20 10:25:04,172 | INFO  | SCMAudit | user=jenkins1000 | ip=192.168.36.99 | op=SEND_HEARTBEAT {datanodeUUID=c3e532f8-1a8e-44f3-b56b-d765aee893af, command=[]} | ret=SUCCESS |  
2019-09-20 10:25:04,172 | INFO  | SCMAudit | user=jenkins1000 | ip=192.168.36.99 | op=SEND_HEARTBEAT {datanodeUUID=17e2ba94-38a1-40e7-84e0-f6802901db84, command=[]} | ret=SUCCESS |  
2019-09-20 10:25:04,172 | INFO  | SCMAudit | user=jenkins1000 | ip=192.168.36.99 | op=SEND_HEARTBEAT {datanodeUUID=1ab786b9-c79c-4265-88a1-5b3344c6beda, command=[]} | ret=SUCCESS |  
2019-09-20 10:25:04,172 | INFO  | SCMAudit | user=jenkins1000 | ip=192.168.36.99 | op=SEND_HEARTBEAT {datanodeUUID=468be06f-55e9-4831-ba6b-3db017451a79, command=[]} | ret=SUCCESS |  
2019-09-20 10:25:03,775 [bb8f5112-316d-4974-a5a6-f698f3fbb5be:group-43E823771414:LeaderElection108] INFO  impl.RaftServerImpl (ServerState.java:setLeader(263)) - bb8f5112-316d-4974-a5a6-f698f3fbb5be:group-43E823771414 change Leader from null to bb8f5112-316d-4974-a5a6-f698f3fbb5be at term 1 for becomeLeader, leader elected after 7114ms
2019-09-20 10:25:04,173 | INFO  | SCMAudit | user=jenkins1000 | ip=192.168.36.99 | op=SEND_HEARTBEAT {datanodeUUID=6491c372-a595-4104-b3e9-c4f3293baafa, command=[]} | ret=SUCCESS |  
2019-09-20 10:25:03,775 [Thread-1340] INFO  impl.RaftServerImpl (RaftServerImpl.java:setRole(171)) - 99e70dd4-d763-4473-944c-c5628506dcf8:group-5542CC850C81 changes role from FOLLOWER to CANDIDATE at term 0 for changeToCandidate
2019-09-20 10:25:03,775 [Thread-1343] INFO  impl.RoleInfo (RoleInfo.java:updateAndGet(143)) - 99e70dd4-d763-4473-944c-c5628506dcf8: start LeaderElection
2019-09-20 10:25:03,774 [Thread-1346] INFO  impl.RoleInfo (RoleInfo.java:updateAndGet(143)) - 99e70dd4-d763-4473-944c-c5628506dcf8: start LeaderElection
2019-09-20 10:25:03,774 [b5962e8e-c9f1-48aa-8eb4-d8f74b8afdbe:group-900160021207:LeaderElection113] INFO  server.RaftServerConfigKeys (ConfUtils.java:logGet(43)) - raft.server.staging.catchup.gap = 1000 (default)
2019-09-20 10:25:03,774 [bb8f5112-316d-4974-a5a6-f698f3fbb5be:group-7A5798921CF6:LeaderElection111] INFO  impl.RaftServerImpl (ServerState.java:setLeader(263)) - bb8f5112-316d-4974-a5a6-f698f3fbb5be:group-7A5798921CF6 change Leader from null to bb8f5112-316d-4974-a5a6-f698f3fbb5be at term 1 for becomeLeader, leader elected after 6667ms
2019-09-20 10:25:03,774 [136f1953-bb94-4097-a2d4-422a6782bee0:group-D306834017EB:LeaderElection105] INFO  server.RaftServerConfigKeys (ConfUtils.java:logGet(43)) - raft.server.write.element-limit = 4096 (default)
2019-09-20 10:25:03,774 [61649f92-8c0f-475a-818d-1064548aeef6-SegmentedRaftLogWorker:Storage Directory /workdir/hadoop-ozone/integration-test/target/test-dir/MiniOzoneClusterImpl-806821b2-061b-4172-afaf-fb68ff5248bd/datanode-0/data/ratis/3845c9ce-c2af-48fb-8839-83eda5826e09] INFO  util.JmxRegister (JmxRegister.java:unregister(73)) - Successfully un-registered JMX Bean with object name Ratis:service=RaftServer,group=group-83EDA5826E09,id=61649f92-8c0f-475a-818d-1064548aeef6
2019-09-20 10:25:04,174 [61649f92-8c0f-475a-818d-1064548aeef6-SegmentedRaftLogWorker:Storage Directory /workdir/hadoop-ozone/integration-test/target/test-dir/MiniOzoneClusterImpl-806821b2-061b-4172-afaf-fb68ff5248bd/datanode-0/data/ratis/3845c9ce-c2af-48fb-8839-83eda5826e09] INFO  impl.RoleInfo (RoleInfo.java:shutdownLeaderState(104)) - 61649f92-8c0f-475a-818d-1064548aeef6: shutdown LeaderState
2019-09-20 10:25:03,773 [e8013689-2f13-4aaf-8a03-99f419c430ec-SegmentedRaftLogWorker:Storage Directory /workdir/hadoop-ozone/integration-test/target/test-dir/MiniOzoneClusterImpl-806821b2-061b-4172-afaf-fb68ff5248bd/datanode-1/data/ratis/d6f61380-79ec-40e9-890f-39574b001817] INFO  impl.RaftServerImpl (RaftServerImpl.java:lambda$shutdown$3(245)) - e8013689-2f13-4aaf-8a03-99f419c430ec: shutdown group-39574B001817
2019-09-20 10:25:03,773 [e8013689-2f13-4aaf-8a03-99f419c430ec-SegmentedRaftLogWorker:Storage Directory /workdir/hadoop-ozone/integration-test/target/test-dir/MiniOzoneClusterImpl-806821b2-061b-4172-afaf-fb68ff5248bd/datanode-1/data/ratis/1433d132-f579-41f9-9a5d-f720d76a59ae] INFO  util.JmxRegister (JmxRegister.java:unregister(73)) - Successfully un-registered JMX Bean with object name Ratis:service=RaftServer,group=group-F720D76A59AE,id=e8013689-2f13-4aaf-8a03-99f419c430ec
2019-09-20 10:25:03,772 [61649f92-8c0f-475a-818d-1064548aeef6-SegmentedRaftLogWorker:Storage Directory /workdir/hadoop-ozone/integration-test/target/test-dir/MiniOzoneClusterImpl-806821b2-061b-4172-afaf-fb68ff5248bd/datanode-0/data/ratis/df9ffc0a-3283-420d-bf01-0e77731da77c] INFO  segmented.SegmentedRaftLogWorker (SegmentedRaftLogWorker.java:close(228)) - 61649f92-8c0f-475a-818d-1064548aeef6-SegmentedRaftLogWorker:Storage Directory /workdir/hadoop-ozone/integration-test/target/test-dir/MiniOzoneClusterImpl-806821b2-061b-4172-afaf-fb68ff5248bd/datanode-0/data/ratis/df9ffc0a-3283-420d-bf01-0e77731da77c close()
2019-09-20 10:25:03,772 [136f1953-bb94-4097-a2d4-422a6782bee0:group-F29F1192F946:LeaderElection104] INFO  server.RaftServerConfigKeys (ConfUtils.java:logGet(43)) - raft.server.watch.element-limit = 65536 (default)
2019-09-20 10:25:04,188 [99e70dd4-d763-4473-944c-c5628506dcf8:group-CCAADAAF72A4:LeaderElection116] INFO  impl.LeaderElection (LeaderElection.java:askForVotes(181)) - 99e70dd4-d763-4473-944c-c5628506dcf8:group-CCAADAAF72A4:LeaderElection116: begin an election at term 1 for -1: [99e70dd4-d763-4473-944c-c5628506dcf8:192.168.36.99:46869], old=null
2019-09-20 10:25:03,772 [cff8bf6b-8d20-4327-9f29-08a3c2b49247:group-E11B07918171:LeaderElection106] INFO  server.RaftServerConfigKeys (ConfUtils.java:logGet(43)) - raft.server.watch.timeout.denomination = 1s (default)
2019-09-20 10:25:03,771 [cff8bf6b-8d20-4327-9f29-08a3c2b49247:group-41168AB8A65F:LeaderElection101] INFO  segmented.SegmentedRaftLogWorker (SegmentedRaftLogWorker.java:startLogSegment(380)) - cff8bf6b-8d20-4327-9f29-08a3c2b49247-SegmentedRaftLogWorker:Storage Directory /workdir/hadoop-ozone/integration-test/target/test-dir/MiniOzoneClusterImpl-806821b2-061b-4172-afaf-fb68ff5248bd/datanode-3/data/ratis/dd8bb0d1-585a-4aee-9fa3-41168ab8a65f: Starting segment from index:0
2019-09-20 10:25:03,771 [136f1953-bb94-4097-a2d4-422a6782bee0:group-3EE8DB6CDF8E:LeaderElection97] INFO  segmented.SegmentedRaftLogWorker (SegmentedRaftLogWorker.java:startLogSegment(380)) - 136f1953-bb94-4097-a2d4-422a6782bee0-SegmentedRaftLogWorker:Storage Directory /workdir/hadoop-ozone/integration-test/target/test-dir/MiniOzoneClusterImpl-806821b2-061b-4172-afaf-fb68ff5248bd/datanode-2/data/ratis/ab429de5-7bd6-4f65-abd0-3ee8db6cdf8e: Starting segment from index:0
2019-09-20 10:25:03,771 [136f1953-bb94-4097-a2d4-422a6782bee0:group-C7C9E2BEED22:LeaderElection103] INFO  segmented.SegmentedRaftLogWorker (SegmentedRaftLogWorker.java:startLogSegment(380)) - 136f1953-bb94-4097-a2d4-422a6782bee0-SegmentedRaftLogWorker:Storage Directory /workdir/hadoop-ozone/integration-test/target/test-dir/MiniOzoneClusterImpl-806821b2-061b-4172-afaf-fb68ff5248bd/datanode-2/data/ratis/0eedc282-be83-4ac8-ab7a-c7c9e2beed22: Starting segment from index:0
2019-09-20 10:25:04,189 [cff8bf6b-8d20-4327-9f29-08a3c2b49247:group-E11B07918171:LeaderElection106] INFO  server.RaftServerConfigKeys (ConfUtils.java:logGet(43)) - raft.server.watch.element-limit = 65536 (default)
2019-09-20 10:25:04,188 [99e70dd4-d763-4473-944c-c5628506dcf8:group-CCAADAAF72A4:LeaderElection116] INFO  impl.RoleInfo (RoleInfo.java:shutdownLeaderElection(134)) - 99e70dd4-d763-4473-944c-c5628506dcf8: shutdown LeaderElection
2019-09-20 10:25:04,188 [136f1953-bb94-4097-a2d4-422a6782bee0:group-F29F1192F946:LeaderElection104] INFO  impl.RoleInfo (RoleInfo.java:updateAndGet(143)) - 136f1953-bb94-4097-a2d4-422a6782bee0: start LeaderState
2019-09-20 10:25:04,188 [99e70dd4-d763-4473-944c-c5628506dcf8:group-496F8780B312:LeaderElection120] INFO  impl.LeaderElection (LeaderElection.java:askForVotes(181)) - 99e70dd4-d763-4473-944c-c5628506dcf8:group-496F8780B312:LeaderElection120: begin an election at term 1 for -1: [99e70dd4-d763-4473-944c-c5628506dcf8:192.168.36.99:46869], old=null
2019-09-20 10:25:05,312 [136f1953-bb94-4097-a2d4-422a6782bee0-SegmentedRaftLogWorker:Storage Directory /workdir/hadoop-ozone/integration-test/target/test-dir/MiniOzoneClusterImpl-806821b2-061b-4172-afaf-fb68ff5248bd/datanode-2/data/ratis/2098dca0-b973-4b31-8914-36bd9a13beb9] ERROR segmented.SegmentedRaftLogWorker (SegmentedRaftLogWorker.java:run(323)) - 136f1953-bb94-4097-a2d4-422a6782bee0-SegmentedRaftLogWorker:Storage Directory /workdir/hadoop-ozone/integration-test/target/test-dir/MiniOzoneClusterImpl-806821b2-061b-4172-afaf-fb68ff5248bd/datanode-2/data/ratis/2098dca0-b973-4b31-8914-36bd9a13beb9 hit exception
java.lang.OutOfMemoryError: Direct buffer memory
	at java.nio.Bits.reserveMemory(Bits.java:666)
	at java.nio.DirectByteBuffer.<init>(DirectByteBuffer.java:123)
	at java.nio.ByteBuffer.allocateDirect(ByteBuffer.java:311)
	at org.apache.ratis.server.raftlog.segmented.BufferedWriteChannel.<init>(BufferedWriteChannel.java:41)
	at org.apache.ratis.server.raftlog.segmented.SegmentedRaftLogOutputStream.<init>(SegmentedRaftLogOutputStream.java:72)
	at org.apache.ratis.server.raftlog.segmented.SegmentedRaftLogWorker$StartLogSegment.execute(SegmentedRaftLogWorker.java:566)
	at org.apache.ratis.server.raftlog.segmented.SegmentedRaftLogWorker.run(SegmentedRaftLogWorker.java:289)
	at java.lang.Thread.run(Thread.java:748)
2019-09-20 10:25:05,313 [136f1953-bb94-4097-a2d4-422a6782bee0-SegmentedRaftLogWorker:Storage Directory /workdir/hadoop-ozone/integration-test/target/test-dir/MiniOzoneClusterImpl-806821b2-061b-4172-afaf-fb68ff5248bd/datanode-2/data/ratis/2098dca0-b973-4b31-8914-36bd9a13beb9] INFO  impl.RaftServerImpl (RaftServerImpl.java:lambda$shutdown$3(245)) - 136f1953-bb94-4097-a2d4-422a6782bee0: shutdown group-36BD9A13BEB9
2019-09-20 10:25:05,313 [136f1953-bb94-4097-a2d4-422a6782bee0-SegmentedRaftLogWorker:Storage Directory /workdir/hadoop-ozone/integration-test/target/test-dir/MiniOzoneClusterImpl-806821b2-061b-4172-afaf-fb68ff5248bd/datanode-2/data/ratis/2098dca0-b973-4b31-8914-36bd9a13beb9] INFO  util.JmxRegister (JmxRegister.java:unregister(73)) - Successfully un-registered JMX Bean with object name Ratis:service=RaftServer,group=group-36BD9A13BEB9,id=136f1953-bb94-4097-a2d4-422a6782bee0
2019-09-20 10:25:05,313 [136f1953-bb94-4097-a2d4-422a6782bee0-SegmentedRaftLogWorker:Storage Directory /workdir/hadoop-ozone/integration-test/target/test-dir/MiniOzoneClusterImpl-806821b2-061b-4172-afaf-fb68ff5248bd/datanode-2/data/ratis/2098dca0-b973-4b31-8914-36bd9a13beb9] INFO  impl.RoleInfo (RoleInfo.java:shutdownLeaderState(104)) - 136f1953-bb94-4097-a2d4-422a6782bee0: shutdown LeaderState
2019-09-20 10:25:04,188 [99e70dd4-d763-4473-944c-c5628506dcf8:group-335F5008A6D5:LeaderElection119] INFO  impl.LeaderElection (LeaderElection.java:askForVotes(181)) - 99e70dd4-d763-4473-944c-c5628506dcf8:group-335F5008A6D5:LeaderElection119: begin an election at term 1 for -1: [99e70dd4-d763-4473-944c-c5628506dcf8:192.168.36.99:46869], old=null
2019-09-20 10:25:04,188 [99e70dd4-d763-4473-944c-c5628506dcf8:group-D0A60C53CD0E:LeaderElection115] INFO  impl.LeaderElection (LeaderElection.java:askForVotes(181)) - 99e70dd4-d763-4473-944c-c5628506dcf8:group-D0A60C53CD0E:LeaderElection115: begin an election at term 1 for -1: [99e70dd4-d763-4473-944c-c5628506dcf8:192.168.36.99:46869], old=null
2019-09-20 10:25:05,314 [99e70dd4-d763-4473-944c-c5628506dcf8:group-D0A60C53CD0E:LeaderElection115] INFO  impl.RoleInfo (RoleInfo.java:shutdownLeaderElection(134)) - 99e70dd4-d763-4473-944c-c5628506dcf8: shutdown LeaderElection
2019-09-20 10:25:05,314 [99e70dd4-d763-4473-944c-c5628506dcf8:group-D0A60C53CD0E:LeaderElection115] INFO  impl.RaftServerImpl (RaftServerImpl.java:setRole(171)) - 99e70dd4-d763-4473-944c-c5628506dcf8:group-D0A60C53CD0E changes role from CANDIDATE to LEADER at term 1 for changeToLeader
2019-09-20 10:25:05,314 [99e70dd4-d763-4473-944c-c5628506dcf8:group-D0A60C53CD0E:LeaderElection115] INFO  impl.RaftServerImpl (ServerState.java:setLeader(263)) - 99e70dd4-d763-4473-944c-c5628506dcf8:group-D0A60C53CD0E change Leader from null to 99e70dd4-d763-4473-944c-c5628506dcf8 at term 1 for becomeLeader, leader elected after 7565ms
2019-09-20 10:25:04,174 [e8013689-2f13-4aaf-8a03-99f419c430ec-SegmentedRaftLogWorker:Storage Directory /workdir/hadoop-ozone/integration-test/target/test-dir/MiniOzoneClusterImpl-806821b2-061b-4172-afaf-fb68ff5248bd/datanode-1/data/ratis/1433d132-f579-41f9-9a5d-f720d76a59ae] INFO  impl.RoleInfo (RoleInfo.java:shutdownLeaderState(104)) - e8013689-2f13-4aaf-8a03-99f419c430ec: shutdown LeaderState
2019-09-20 10:25:04,174 [e8013689-2f13-4aaf-8a03-99f419c430ec-SegmentedRaftLogWorker:Storage Directory /workdir/hadoop-ozone/integration-test/target/test-dir/MiniOzoneClusterImpl-806821b2-061b-4172-afaf-fb68ff5248bd/datanode-1/data/ratis/d6f61380-79ec-40e9-890f-39574b001817] INFO  util.JmxRegister (JmxRegister.java:unregister(73)) - Successfully un-registered JMX Bean with object name Ratis:service=RaftServer,group=group-39574B001817,id=e8013689-2f13-4aaf-8a03-99f419c430ec
2019-09-20 10:25:05,315 [e8013689-2f13-4aaf-8a03-99f419c430ec-SegmentedRaftLogWorker:Storage Directory /workdir/hadoop-ozone/integration-test/target/test-dir/MiniOzoneClusterImpl-806821b2-061b-4172-afaf-fb68ff5248bd/datanode-1/data/ratis/d6f61380-79ec-40e9-890f-39574b001817] INFO  impl.RoleInfo (RoleInfo.java:shutdownLeaderState(104)) - e8013689-2f13-4aaf-8a03-99f419c430ec: shutdown LeaderState
2019-09-20 10:25:05,315 [e8013689-2f13-4aaf-8a03-99f419c430ec-SegmentedRaftLogWorker:Storage Directory /workdir/hadoop-ozone/integration-test/target/test-dir/MiniOzoneClusterImpl-806821b2-061b-4172-afaf-fb68ff5248bd/datanode-1/data/ratis/d6f61380-79ec-40e9-890f-39574b001817] INFO  impl.PendingRequests (PendingRequests.java:sendNotLeaderResponses(202)) - e8013689-2f13-4aaf-8a03-99f419c430ec-PendingRequests: sendNotLeaderResponses
2019-09-20 10:25:04,174 [61649f92-8c0f-475a-818d-1064548aeef6-SegmentedRaftLogWorker:Storage Directory /workdir/hadoop-ozone/integration-test/target/test-dir/MiniOzoneClusterImpl-806821b2-061b-4172-afaf-fb68ff5248bd/datanode-0/data/ratis/3845c9ce-c2af-48fb-8839-83eda5826e09] INFO  impl.PendingRequests (PendingRequests.java:sendNotLeaderResponses(202)) - 61649f92-8c0f-475a-818d-1064548aeef6-PendingRequests: sendNotLeaderResponses
2019-09-20 10:25:04,174 [136f1953-bb94-4097-a2d4-422a6782bee0:group-D306834017EB:LeaderElection105] INFO  server.RaftServerConfigKeys (ConfUtils.java:logGet(43)) - raft.server.watch.timeout = 10s (default)
2019-09-20 10:25:04,174 [bb8f5112-316d-4974-a5a6-f698f3fbb5be:group-7A5798921CF6:LeaderElection111] INFO  server.RaftServerConfigKeys (ConfUtils.java:logGet(43)) - raft.server.staging.catchup.gap = 1000 (default)
2019-09-20 10:25:04,173 [b5962e8e-c9f1-48aa-8eb4-d8f74b8afdbe:group-900160021207:LeaderElection113] INFO  server.RaftServerConfigKeys (ConfUtils.java:logGet(43)) - raft.server.rpc.sleep.time = 25ms (default)
2019-09-20 10:25:04,173 [Thread-1340] INFO  impl.RoleInfo (RoleInfo.java:updateAndGet(143)) - 99e70dd4-d763-4473-944c-c5628506dcf8: start LeaderElection
2019-09-20 10:25:04,173 [bb8f5112-316d-4974-a5a6-f698f3fbb5be:group-43E823771414:LeaderElection108] INFO  server.RaftServerConfigKeys (ConfUtils.java:logGet(43)) - raft.server.staging.catchup.gap = 1000 (default)
2019-09-20 10:25:04,172 [b5962e8e-c9f1-48aa-8eb4-d8f74b8afdbe:group-66792EEE1340:LeaderElection114] INFO  server.RaftServerConfigKeys (ConfUtils.java:logGet(43)) - raft.server.staging.catchup.gap = 1000 (default)
2019-09-20 10:25:04,172 [61649f92-8c0f-475a-818d-1064548aeef6-SegmentedRaftLogWorker:Storage Directory /workdir/hadoop-ozone/integration-test/target/test-dir/MiniOzoneClusterImpl-806821b2-061b-4172-afaf-fb68ff5248bd/datanode-0/data/ratis/59fe6920-8a57-4445-b052-9a102802cb06] INFO  impl.RaftServerImpl (RaftServerImpl.java:lambda$shutdown$3(245)) - 61649f92-8c0f-475a-818d-1064548aeef6: shutdown group-9A102802CB06
2019-09-20 10:25:04,172 [b5962e8e-c9f1-48aa-8eb4-d8f74b8afdbe:group-827999EF7ADD:LeaderElection118] INFO  impl.LeaderElection (LeaderElection.java:askForVotes(181)) - b5962e8e-c9f1-48aa-8eb4-d8f74b8afdbe:group-827999EF7ADD:LeaderElection118: begin an election at term 1 for -1: [b5962e8e-c9f1-48aa-8eb4-d8f74b8afdbe:192.168.36.99:39222], old=null
2019-09-20 10:25:04,172 [bb8f5112-316d-4974-a5a6-f698f3fbb5be:group-8A09BD39043B:LeaderElection117] INFO  impl.LeaderElection (LeaderElection.java:askForVotes(181)) - bb8f5112-316d-4974-a5a6-f698f3fbb5be:group-8A09BD39043B:LeaderElection117: begin an election at term 1 for -1: [bb8f5112-316d-4974-a5a6-f698f3fbb5be:192.168.36.99:38352], old=null
2019-09-20 10:25:04,172 [bb8f5112-316d-4974-a5a6-f698f3fbb5be:group-29F07B0353B5:LeaderElection121] INFO  impl.LeaderElection (LeaderElection.java:askForVotes(181)) - bb8f5112-316d-4974-a5a6-f698f3fbb5be:group-29F07B0353B5:LeaderElection121: begin an election at term 1 for -1: [bb8f5112-316d-4974-a5a6-f698f3fbb5be:192.168.36.99:38352], old=null
2019-09-20 10:25:04,172 [cff8bf6b-8d20-4327-9f29-08a3c2b49247:group-1AD398AC37E4:LeaderElection107] INFO  server.RaftServerConfigKeys (ConfUtils.java:logGet(43)) - raft.server.staging.catchup.gap = 1000 (default)
2019-09-20 10:25:04,171 [cff8bf6b-8d20-4327-9f29-08a3c2b49247:group-54713C5DDCE3:LeaderElection110] INFO  server.RaftServerConfigKeys (ConfUtils.java:logGet(43)) - raft.server.staging.catchup.gap = 1000 (default)
2019-09-20 10:25:04,171 [main] INFO  http.HttpServer2 (HttpServer2.java:bindListener(1191)) - Jetty bound to port 37611
2019-09-20 10:25:04,171 [cff8bf6b-8d20-4327-9f29-08a3c2b49247:group-59D57AF1BF79:LeaderElection112] INFO  server.RaftServerConfigKeys (ConfUtils.java:logGet(43)) - raft.server.watch.timeout = 10s (default)
2019-09-20 10:25:04,171 [cff8bf6b-8d20-4327-9f29-08a3c2b49247:group-8BF4BCFBCE01:LeaderElection109] INFO  server.RaftServerConfigKeys (ConfUtils.java:logGet(43)) - raft.server.staging.catchup.gap = 1000 (default)
2019-09-20 10:25:05,319 [cff8bf6b-8d20-4327-9f29-08a3c2b49247:group-59D57AF1BF79:LeaderElection112] INFO  server.RaftServerConfigKeys (ConfUtils.java:logGet(43)) - raft.server.watch.timeout.denomination = 1s (default)
2019-09-20 10:25:05,319 [main] INFO  server.Server (Server.java:doStart(351)) - jetty-9.3.24.v20180605, build timestamp: 2018-06-05T17:11:56Z, git hash: 84205aa28f11a4f31f2a3b86d1bba2cc8ab69827
2019-09-20 10:25:05,319 [cff8bf6b-8d20-4327-9f29-08a3c2b49247:group-54713C5DDCE3:LeaderElection110] INFO  server.RaftServerConfigKeys (ConfUtils.java:logGet(43)) - raft.server.rpc.sleep.time = 25ms (default)
2019-09-20 10:25:05,319 [cff8bf6b-8d20-4327-9f29-08a3c2b49247:group-1AD398AC37E4:LeaderElection107] INFO  server.RaftServerConfigKeys (ConfUtils.java:logGet(43)) - raft.server.rpc.sleep.time = 25ms (default)
2019-09-20 10:25:05,319 [bb8f5112-316d-4974-a5a6-f698f3fbb5be:group-29F07B0353B5:LeaderElection121] INFO  impl.RoleInfo (RoleInfo.java:shutdownLeaderElection(134)) - bb8f5112-316d-4974-a5a6-f698f3fbb5be: shutdown LeaderElection
2019-09-20 10:25:05,318 [bb8f5112-316d-4974-a5a6-f698f3fbb5be:group-8A09BD39043B:LeaderElection117] INFO  impl.RoleInfo (RoleInfo.java:shutdownLeaderElection(134)) - bb8f5112-316d-4974-a5a6-f698f3fbb5be: shutdown LeaderElection
2019-09-20 10:25:05,318 [b5962e8e-c9f1-48aa-8eb4-d8f74b8afdbe:group-827999EF7ADD:LeaderElection118] INFO  impl.RoleInfo (RoleInfo.java:shutdownLeaderElection(134)) - b5962e8e-c9f1-48aa-8eb4-d8f74b8afdbe: shutdown LeaderElection
2019-09-20 10:25:05,318 [61649f92-8c0f-475a-818d-1064548aeef6-SegmentedRaftLogWorker:Storage Directory /workdir/hadoop-ozone/integration-test/target/test-dir/MiniOzoneClusterImpl-806821b2-061b-4172-afaf-fb68ff5248bd/datanode-0/data/ratis/59fe6920-8a57-4445-b052-9a102802cb06] INFO  util.JmxRegister (JmxRegister.java:unregister(73)) - Successfully un-registered JMX Bean with object name Ratis:service=RaftServer,group=group-9A102802CB06,id=61649f92-8c0f-475a-818d-1064548aeef6
2019-09-20 10:25:05,318 [b5962e8e-c9f1-48aa-8eb4-d8f74b8afdbe:group-66792EEE1340:LeaderElection114] INFO  server.RaftServerConfigKeys (ConfUtils.java:logGet(43)) - raft.server.rpc.sleep.time = 25ms (default)
2019-09-20 10:25:05,321 | INFO  | SCMAudit | user=jenkins1000 | ip=192.168.36.99 | op=SEND_HEARTBEAT {datanodeUUID=d2ed2d9b-7ac7-460e-84f6-6d9d6066f76d, command=[]} | ret=SUCCESS |  
2019-09-20 10:25:05,321 | INFO  | SCMAudit | user=jenkins1000 | ip=192.168.36.99 | op=SEND_HEARTBEAT {datanodeUUID=19fb8383-7c99-4449-b95c-a26e71717844, command=[]} | ret=SUCCESS |  
2019-09-20 10:25:05,321 | INFO  | SCMAudit | user=jenkins1000 | ip=192.168.36.99 | op=SEND_HEARTBEAT {datanodeUUID=468be06f-55e9-4831-ba6b-3db017451a79, command=[]} | ret=SUCCESS |  
2019-09-20 10:25:05,321 | INFO  | SCMAudit | user=jenkins1000 | ip=192.168.36.99 | op=SEND_HEARTBEAT {datanodeUUID=6491c372-a595-4104-b3e9-c4f3293baafa, command=[]} | ret=SUCCESS |  
2019-09-20 10:25:05,318 [bb8f5112-316d-4974-a5a6-f698f3fbb5be:group-43E823771414:LeaderElection108] INFO  server.RaftServerConfigKeys (ConfUtils.java:logGet(43)) - raft.server.rpc.sleep.time = 25ms (default)
2019-09-20 10:25:05,321 | INFO  | SCMAudit | user=jenkins1000 | ip=192.168.36.99 | op=SEND_HEARTBEAT {datanodeUUID=60260ec1-e192-4b95-89c8-d924d16a77a9, command=[]} | ret=SUCCESS |  
2019-09-20 10:25:05,321 | INFO  | SCMAudit | user=jenkins1000 | ip=192.168.36.99 | op=SEND_HEARTBEAT {datanodeUUID=54207fe5-d92c-4c2e-b058-fbae630dabef, command=[]} | ret=SUCCESS |  
2019-09-20 10:25:05,321 | INFO  | SCMAudit | user=jenkins1000 | ip=192.168.36.99 | op=SEND_HEARTBEAT {datanodeUUID=9e03ffa9-cf79-407a-a150-4c035e5aec5e, command=[]} | ret=SUCCESS |  
2019-09-20 10:25:05,317 [b5962e8e-c9f1-48aa-8eb4-d8f74b8afdbe:group-900160021207:LeaderElection113] INFO  server.RaftServerConfigKeys (ConfUtils.java:logGet(43)) - raft.server.write.element-limit = 4096 (default)
2019-09-20 10:25:05,322 | INFO  | SCMAudit | user=jenkins1000 | ip=192.168.36.99 | op=SEND_HEARTBEAT {datanodeUUID=c3e532f8-1a8e-44f3-b56b-d765aee893af, command=[]} | ret=SUCCESS |  
2019-09-20 10:25:05,317 [bb8f5112-316d-4974-a5a6-f698f3fbb5be:group-7A5798921CF6:LeaderElection111] INFO  server.RaftServerConfigKeys (ConfUtils.java:logGet(43)) - raft.server.rpc.sleep.time = 25ms (default)
2019-09-20 10:25:05,322 | INFO  | SCMAudit | user=jenkins1000 | ip=192.168.36.99 | op=SEND_HEARTBEAT {datanodeUUID=17e2ba94-38a1-40e7-84e0-f6802901db84, command=[]} | ret=SUCCESS |  
2019-09-20 10:25:05,322 | INFO  | SCMAudit | user=jenkins1000 | ip=192.168.36.99 | op=SEND_HEARTBEAT {datanodeUUID=3d6f3241-e73c-473a-ad0b-c7be2f7e1dda, command=[]} | ret=SUCCESS |  
2019-09-20 10:25:05,322 | INFO  | SCMAudit | user=jenkins1000 | ip=192.168.36.99 | op=SEND_HEARTBEAT {datanodeUUID=66416d0b-a71c-4af1-ae3a-62ca63b880a3, command=[]} | ret=SUCCESS |  
2019-09-20 10:25:05,317 [136f1953-bb94-4097-a2d4-422a6782bee0:group-D306834017EB:LeaderElection105] INFO  server.RaftServerConfigKeys (ConfUtils.java:logGet(43)) - raft.server.watch.timeout.denomination = 1s (default)
2019-09-20 10:25:05,322 | INFO  | SCMAudit | user=jenkins1000 | ip=192.168.36.99 | op=SEND_HEARTBEAT {datanodeUUID=1ab786b9-c79c-4265-88a1-5b3344c6beda, command=[]} | ret=SUCCESS |  
2019-09-20 10:25:05,322 | INFO  | SCMAudit | user=jenkins1000 | ip=192.168.36.99 | op=SEND_HEARTBEAT {datanodeUUID=4d972e91-cb6b-45de-8bd2-c18af7abe58b, command=[]} | ret=SUCCESS |  
2019-09-20 10:25:05,317 [61649f92-8c0f-475a-818d-1064548aeef6-SegmentedRaftLogWorker:Storage Directory /workdir/hadoop-ozone/integration-test/target/test-dir/MiniOzoneClusterImpl-806821b2-061b-4172-afaf-fb68ff5248bd/datanode-0/data/ratis/3845c9ce-c2af-48fb-8839-83eda5826e09] INFO  impl.StateMachineUpdater (StateMachineUpdater.java:stopAndJoin(115)) - StateMachineUpdater:61649f92-8c0f-475a-818d-1064548aeef6:group-83EDA5826E09: set stopIndex = -1
2019-09-20 10:25:05,322 | INFO  | SCMAudit | user=jenkins1000 | ip=192.168.36.99 | op=SEND_HEARTBEAT {datanodeUUID=7af711bd-b5ae-4a73-a8be-b970cae6c2d1, command=[]} | ret=SUCCESS |  
2019-09-20 10:25:05,315 [e8013689-2f13-4aaf-8a03-99f419c430ec-SegmentedRaftLogWorker:Storage Directory /workdir/hadoop-ozone/integration-test/target/test-dir/MiniOzoneClusterImpl-806821b2-061b-4172-afaf-fb68ff5248bd/datanode-1/data/ratis/d6f61380-79ec-40e9-890f-39574b001817] INFO  impl.StateMachineUpdater (StateMachineUpdater.java:stopAndJoin(115)) - StateMachineUpdater:e8013689-2f13-4aaf-8a03-99f419c430ec:group-39574B001817: set stopIndex = -1
2019-09-20 10:25:05,315 [e8013689-2f13-4aaf-8a03-99f419c430ec-SegmentedRaftLogWorker:Storage Directory /workdir/hadoop-ozone/integration-test/target/test-dir/MiniOzoneClusterImpl-806821b2-061b-4172-afaf-fb68ff5248bd/datanode-1/data/ratis/1433d132-f579-41f9-9a5d-f720d76a59ae] INFO  impl.PendingRequests (PendingRequests.java:sendNotLeaderResponses(202)) - e8013689-2f13-4aaf-8a03-99f419c430ec-PendingRequests: sendNotLeaderResponses
2019-09-20 10:25:05,314 [99e70dd4-d763-4473-944c-c5628506dcf8:group-D0A60C53CD0E:LeaderElection115] INFO  server.RaftServerConfigKeys (ConfUtils.java:logGet(43)) - raft.server.staging.catchup.gap = 1000 (default)
2019-09-20 10:25:05,314 [99e70dd4-d763-4473-944c-c5628506dcf8:group-335F5008A6D5:LeaderElection119] INFO  impl.RoleInfo (RoleInfo.java:shutdownLeaderElection(134)) - 99e70dd4-d763-4473-944c-c5628506dcf8: shutdown LeaderElection
2019-09-20 10:25:05,313 [136f1953-bb94-4097-a2d4-422a6782bee0-SegmentedRaftLogWorker:Storage Directory /workdir/hadoop-ozone/integration-test/target/test-dir/MiniOzoneClusterImpl-806821b2-061b-4172-afaf-fb68ff5248bd/datanode-2/data/ratis/2098dca0-b973-4b31-8914-36bd9a13beb9] INFO  impl.PendingRequests (PendingRequests.java:sendNotLeaderResponses(202)) - 136f1953-bb94-4097-a2d4-422a6782bee0-PendingRequests: sendNotLeaderResponses
2019-09-20 10:25:05,312 [99e70dd4-d763-4473-944c-c5628506dcf8:group-496F8780B312:LeaderElection120] INFO  impl.RoleInfo (RoleInfo.java:shutdownLeaderElection(134)) - 99e70dd4-d763-4473-944c-c5628506dcf8: shutdown LeaderElection
2019-09-20 10:25:05,312 [e8013689-2f13-4aaf-8a03-99f419c430ec-SegmentedRaftLogWorker:Storage Directory /workdir/hadoop-ozone/integration-test/target/test-dir/MiniOzoneClusterImpl-806821b2-061b-4172-afaf-fb68ff5248bd/datanode-1/data/ratis/cb9ec300-e6b5-4cd9-9086-f7c2acba30a6] ERROR segmented.SegmentedRaftLogWorker (SegmentedRaftLogWorker.java:run(323)) - e8013689-2f13-4aaf-8a03-99f419c430ec-SegmentedRaftLogWorker:Storage Directory /workdir/hadoop-ozone/integration-test/target/test-dir/MiniOzoneClusterImpl-806821b2-061b-4172-afaf-fb68ff5248bd/datanode-1/data/ratis/cb9ec300-e6b5-4cd9-9086-f7c2acba30a6 hit exception
java.lang.OutOfMemoryError: Direct buffer memory
	at java.nio.Bits.reserveMemory(Bits.java:666)
	at java.nio.DirectByteBuffer.<init>(DirectByteBuffer.java:123)
	at java.nio.ByteBuffer.allocateDirect(ByteBuffer.java:311)
	at org.apache.ratis.server.raftlog.segmented.BufferedWriteChannel.<init>(BufferedWriteChannel.java:41)
	at org.apache.ratis.server.raftlog.segmented.SegmentedRaftLogOutputStream.<init>(SegmentedRaftLogOutputStream.java:72)
	at org.apache.ratis.server.raftlog.segmented.SegmentedRaftLogWorker$StartLogSegment.execute(SegmentedRaftLogWorker.java:566)
	at org.apache.ratis.server.raftlog.segmented.SegmentedRaftLogWorker.run(SegmentedRaftLogWorker.java:289)
	at java.lang.Thread.run(Thread.java:748)
2019-09-20 10:25:05,312 [136f1953-bb94-4097-a2d4-422a6782bee0:group-F29F1192F946:LeaderElection104] INFO  segmented.SegmentedRaftLogWorker (SegmentedRaftLogWorker.java:startLogSegment(380)) - 136f1953-bb94-4097-a2d4-422a6782bee0-SegmentedRaftLogWorker:Storage Directory /workdir/hadoop-ozone/integration-test/target/test-dir/MiniOzoneClusterImpl-806821b2-061b-4172-afaf-fb68ff5248bd/datanode-2/data/ratis/54e10fd4-cd9d-4fa1-8c4c-f29f1192f946: Starting segment from index:0
2019-09-20 10:25:05,312 [99e70dd4-d763-4473-944c-c5628506dcf8:group-CCAADAAF72A4:LeaderElection116] INFO  impl.RaftServerImpl (RaftServerImpl.java:setRole(171)) - 99e70dd4-d763-4473-944c-c5628506dcf8:group-CCAADAAF72A4 changes role from CANDIDATE to LEADER at term 1 for changeToLeader
2019-09-20 10:25:05,312 [cff8bf6b-8d20-4327-9f29-08a3c2b49247:group-E11B07918171:LeaderElection106] INFO  impl.RoleInfo (RoleInfo.java:updateAndGet(143)) - cff8bf6b-8d20-4327-9f29-08a3c2b49247: start LeaderState
2019-09-20 10:25:04,609 [136f1953-bb94-4097-a2d4-422a6782bee0:group-3EE8DB6CDF8E:LeaderElection97] INFO  impl.RaftServerImpl (ServerState.java:setRaftConf(361)) - 136f1953-bb94-4097-a2d4-422a6782bee0:group-3EE8DB6CDF8E set configuration 0: [136f1953-bb94-4097-a2d4-422a6782bee0:192.168.36.99:37121], old=null at 0
2019-09-20 10:25:04,608 [136f1953-bb94-4097-a2d4-422a6782bee0:group-C7C9E2BEED22:LeaderElection103] INFO  impl.RaftServerImpl (ServerState.java:setRaftConf(361)) - 136f1953-bb94-4097-a2d4-422a6782bee0:group-C7C9E2BEED22 set configuration 0: [136f1953-bb94-4097-a2d4-422a6782bee0:192.168.36.99:37121], old=null at 0
2019-09-20 10:25:04,189 [cff8bf6b-8d20-4327-9f29-08a3c2b49247:group-41168AB8A65F:LeaderElection101] INFO  impl.RaftServerImpl (ServerState.java:setRaftConf(361)) - cff8bf6b-8d20-4327-9f29-08a3c2b49247:group-41168AB8A65F set configuration 0: [cff8bf6b-8d20-4327-9f29-08a3c2b49247:192.168.36.99:46163], old=null at 0
2019-09-20 10:25:05,324 [cff8bf6b-8d20-4327-9f29-08a3c2b49247:group-E11B07918171:LeaderElection106] INFO  segmented.SegmentedRaftLogWorker (SegmentedRaftLogWorker.java:startLogSegment(380)) - cff8bf6b-8d20-4327-9f29-08a3c2b49247-SegmentedRaftLogWorker:Storage Directory /workdir/hadoop-ozone/integration-test/target/test-dir/MiniOzoneClusterImpl-806821b2-061b-4172-afaf-fb68ff5248bd/datanode-3/data/ratis/3136328c-58bd-431e-a818-e11b07918171: Starting segment from index:0
2019-09-20 10:25:05,324 [136f1953-bb94-4097-a2d4-422a6782bee0:group-F29F1192F946:LeaderElection104] INFO  impl.RaftServerImpl (ServerState.java:setRaftConf(361)) - 136f1953-bb94-4097-a2d4-422a6782bee0:group-F29F1192F946 set configuration 0: [136f1953-bb94-4097-a2d4-422a6782bee0:192.168.36.99:37121], old=null at 0
2019-09-20 10:25:05,324 [99e70dd4-d763-4473-944c-c5628506dcf8:group-CCAADAAF72A4:LeaderElection116] INFO  impl.RaftServerImpl (ServerState.java:setLeader(263)) - 99e70dd4-d763-4473-944c-c5628506dcf8:group-CCAADAAF72A4 change Leader from null to 99e70dd4-d763-4473-944c-c5628506dcf8 at term 1 for becomeLeader, leader elected after 7651ms
2019-09-20 10:25:05,324 [e8013689-2f13-4aaf-8a03-99f419c430ec-SegmentedRaftLogWorker:Storage Directory /workdir/hadoop-ozone/integration-test/target/test-dir/MiniOzoneClusterImpl-806821b2-061b-4172-afaf-fb68ff5248bd/datanode-1/data/ratis/cb9ec300-e6b5-4cd9-9086-f7c2acba30a6] INFO  impl.RaftServerImpl (RaftServerImpl.java:lambda$shutdown$3(245)) - e8013689-2f13-4aaf-8a03-99f419c430ec: shutdown group-F7C2ACBA30A6
2019-09-20 10:25:05,326 | INFO  | SCMAudit | user=jenkins1000 | ip=192.168.36.99 | op=SEND_HEARTBEAT {datanodeUUID=99e70dd4-d763-4473-944c-c5628506dcf8, command=[]} | ret=SUCCESS |  
2019-09-20 10:25:05,323 [main] INFO  handler.ContextHandler (ContextHandler.java:doStart(781)) - Started o.e.j.s.ServletContextHandler@140cfc5f{/logs,file:///workdir/hadoop-ozone/integration-test/target/log,AVAILABLE}
2019-09-20 10:25:05,326 | INFO  | SCMAudit | user=jenkins1000 | ip=192.168.36.99 | op=SEND_HEARTBEAT {datanodeUUID=61649f92-8c0f-475a-818d-1064548aeef6, command=[]} | ret=SUCCESS |  
2019-09-20 10:25:05,326 | INFO  | SCMAudit | user=jenkins1000 | ip=192.168.36.99 | op=SEND_HEARTBEAT {datanodeUUID=cff8bf6b-8d20-4327-9f29-08a3c2b49247, command=[]} | ret=SUCCESS |  
2019-09-20 10:25:05,326 | INFO  | SCMAudit | user=jenkins1000 | ip=192.168.36.99 | op=SEND_HEARTBEAT {datanodeUUID=136f1953-bb94-4097-a2d4-422a6782bee0, command=[]} | ret=SUCCESS |  
2019-09-20 10:25:05,323 [99e70dd4-d763-4473-944c-c5628506dcf8:group-496F8780B312:LeaderElection120] INFO  impl.RaftServerImpl (RaftServerImpl.java:setRole(171)) - 99e70dd4-d763-4473-944c-c5628506dcf8:group-496F8780B312 changes role from CANDIDATE to LEADER at term 1 for changeToLeader
2019-09-20 10:25:05,326 | INFO  | SCMAudit | user=jenkins1000 | ip=192.168.36.99 | op=SEND_HEARTBEAT {datanodeUUID=e8013689-2f13-4aaf-8a03-99f419c430ec, command=[]} | ret=SUCCESS |  
2019-09-20 10:25:05,326 | INFO  | SCMAudit | user=jenkins1000 | ip=192.168.36.99 | op=SEND_HEARTBEAT {datanodeUUID=b5962e8e-c9f1-48aa-8eb4-d8f74b8afdbe, command=[]} | ret=SUCCESS |  
2019-09-20 10:25:05,326 | INFO  | SCMAudit | user=jenkins1000 | ip=192.168.36.99 | op=SEND_HEARTBEAT {datanodeUUID=bb8f5112-316d-4974-a5a6-f698f3fbb5be, command=[]} | ret=SUCCESS |  
2019-09-20 10:25:05,323 [136f1953-bb94-4097-a2d4-422a6782bee0-SegmentedRaftLogWorker:Storage Directory /workdir/hadoop-ozone/integration-test/target/test-dir/MiniOzoneClusterImpl-806821b2-061b-4172-afaf-fb68ff5248bd/datanode-2/data/ratis/2098dca0-b973-4b31-8914-36bd9a13beb9] INFO  impl.StateMachineUpdater (StateMachineUpdater.java:stopAndJoin(115)) - StateMachineUpdater:136f1953-bb94-4097-a2d4-422a6782bee0:group-36BD9A13BEB9: set stopIndex = -1
2019-09-20 10:25:05,323 [99e70dd4-d763-4473-944c-c5628506dcf8:group-335F5008A6D5:LeaderElection119] INFO  impl.RaftServerImpl (RaftServerImpl.java:setRole(171)) - 99e70dd4-d763-4473-944c-c5628506dcf8:group-335F5008A6D5 changes role from CANDIDATE to LEADER at term 1 for changeToLeader
2019-09-20 10:25:05,326 [bb8f5112-316d-4974-a5a6-f698f3fbb5be:group-7A5798921CF6:LeaderElection111] INFO  server.RaftServerConfigKeys (ConfUtils.java:logGet(43)) - raft.server.write.element-limit = 4096 (default)
2019-09-20 10:25:05,323 [99e70dd4-d763-4473-944c-c5628506dcf8:group-D0A60C53CD0E:LeaderElection115] INFO  server.RaftServerConfigKeys (ConfUtils.java:logGet(43)) - raft.server.rpc.sleep.time = 25ms (default)
2019-09-20 10:25:05,323 [e8013689-2f13-4aaf-8a03-99f419c430ec-SegmentedRaftLogWorker:Storage Directory /workdir/hadoop-ozone/integration-test/target/test-dir/MiniOzoneClusterImpl-806821b2-061b-4172-afaf-fb68ff5248bd/datanode-1/data/ratis/1433d132-f579-41f9-9a5d-f720d76a59ae] INFO  impl.StateMachineUpdater (StateMachineUpdater.java:stopAndJoin(115)) - StateMachineUpdater:e8013689-2f13-4aaf-8a03-99f419c430ec:group-F720D76A59AE: set stopIndex = -1
2019-09-20 10:25:05,322 [e8013689-2f13-4aaf-8a03-99f419c430ec-SegmentedRaftLogWorker:Storage Directory /workdir/hadoop-ozone/integration-test/target/test-dir/MiniOzoneClusterImpl-806821b2-061b-4172-afaf-fb68ff5248bd/datanode-1/data/ratis/d6f61380-79ec-40e9-890f-39574b001817] INFO  impl.RaftServerImpl (ServerState.java:close(394)) - e8013689-2f13-4aaf-8a03-99f419c430ec:group-39574B001817 closes. The last applied log index is -1
2019-09-20 10:25:05,322 [61649f92-8c0f-475a-818d-1064548aeef6-SegmentedRaftLogWorker:Storage Directory /workdir/hadoop-ozone/integration-test/target/test-dir/MiniOzoneClusterImpl-806821b2-061b-4172-afaf-fb68ff5248bd/datanode-0/data/ratis/3845c9ce-c2af-48fb-8839-83eda5826e09] INFO  impl.RaftServerImpl (ServerState.java:close(394)) - 61649f92-8c0f-475a-818d-1064548aeef6:group-83EDA5826E09 closes. The last applied log index is -1
2019-09-20 10:25:05,322 [136f1953-bb94-4097-a2d4-422a6782bee0:group-D306834017EB:LeaderElection105] INFO  server.RaftServerConfigKeys (ConfUtils.java:logGet(43)) - raft.server.watch.element-limit = 65536 (default)
2019-09-20 10:25:05,322 [b5962e8e-c9f1-48aa-8eb4-d8f74b8afdbe:group-900160021207:LeaderElection113] INFO  server.RaftServerConfigKeys (ConfUtils.java:logGet(43)) - raft.server.watch.timeout = 10s (default)
2019-09-20 10:25:05,321 [61649f92-8c0f-475a-818d-1064548aeef6-SegmentedRaftLogWorker:Storage Directory /workdir/hadoop-ozone/integration-test/target/test-dir/MiniOzoneClusterImpl-806821b2-061b-4172-afaf-fb68ff5248bd/datanode-0/data/ratis/59fe6920-8a57-4445-b052-9a102802cb06] INFO  impl.RoleInfo (RoleInfo.java:shutdownLeaderState(104)) - 61649f92-8c0f-475a-818d-1064548aeef6: shutdown LeaderState
2019-09-20 10:25:05,321 [b5962e8e-c9f1-48aa-8eb4-d8f74b8afdbe:group-827999EF7ADD:LeaderElection118] INFO  impl.RaftServerImpl (RaftServerImpl.java:setRole(171)) - b5962e8e-c9f1-48aa-8eb4-d8f74b8afdbe:group-827999EF7ADD changes role from CANDIDATE to LEADER at term 1 for changeToLeader
2019-09-20 10:25:05,321 [bb8f5112-316d-4974-a5a6-f698f3fbb5be:group-8A09BD39043B:LeaderElection117] INFO  impl.RaftServerImpl (RaftServerImpl.java:setRole(171)) - bb8f5112-316d-4974-a5a6-f698f3fbb5be:group-8A09BD39043B changes role from CANDIDATE to LEADER at term 1 for changeToLeader
2019-09-20 10:25:05,321 [bb8f5112-316d-4974-a5a6-f698f3fbb5be:group-29F07B0353B5:LeaderElection121] INFO  impl.RaftServerImpl (RaftServerImpl.java:setRole(171)) - bb8f5112-316d-4974-a5a6-f698f3fbb5be:group-29F07B0353B5 changes role from CANDIDATE to LEADER at term 1 for changeToLeader
2019-09-20 10:25:05,328 [bb8f5112-316d-4974-a5a6-f698f3fbb5be:group-29F07B0353B5:LeaderElection121] INFO  impl.RaftServerImpl (ServerState.java:setLeader(263)) - bb8f5112-316d-4974-a5a6-f698f3fbb5be:group-29F07B0353B5 change Leader from null to bb8f5112-316d-4974-a5a6-f698f3fbb5be at term 1 for becomeLeader, leader elected after 7849ms
2019-09-20 10:25:05,320 [cff8bf6b-8d20-4327-9f29-08a3c2b49247:group-54713C5DDCE3:LeaderElection110] INFO  server.RaftServerConfigKeys (ConfUtils.java:logGet(43)) - raft.server.write.element-limit = 4096 (default)
2019-09-20 10:25:05,320 [cff8bf6b-8d20-4327-9f29-08a3c2b49247:group-59D57AF1BF79:LeaderElection112] INFO  server.RaftServerConfigKeys (ConfUtils.java:logGet(43)) - raft.server.watch.element-limit = 65536 (default)
2019-09-20 10:25:05,320 [cff8bf6b-8d20-4327-9f29-08a3c2b49247:group-8BF4BCFBCE01:LeaderElection109] INFO  server.RaftServerConfigKeys (ConfUtils.java:logGet(43)) - raft.server.rpc.sleep.time = 25ms (default)
2019-09-20 10:25:05,328 [cff8bf6b-8d20-4327-9f29-08a3c2b49247:group-59D57AF1BF79:LeaderElection112] INFO  impl.RoleInfo (RoleInfo.java:updateAndGet(143)) - cff8bf6b-8d20-4327-9f29-08a3c2b49247: start LeaderState
2019-09-20 10:25:05,328 [cff8bf6b-8d20-4327-9f29-08a3c2b49247:group-54713C5DDCE3:LeaderElection110] INFO  server.RaftServerConfigKeys (ConfUtils.java:logGet(43)) - raft.server.watch.timeout = 10s (default)
2019-09-20 10:25:05,328 [bb8f5112-316d-4974-a5a6-f698f3fbb5be:group-29F07B0353B5:LeaderElection121] INFO  server.RaftServerConfigKeys (ConfUtils.java:logGet(43)) - raft.server.staging.catchup.gap = 1000 (default)
2019-09-20 10:25:05,327 [bb8f5112-316d-4974-a5a6-f698f3fbb5be:group-8A09BD39043B:LeaderElection117] INFO  impl.RaftServerImpl (ServerState.java:setLeader(263)) - bb8f5112-316d-4974-a5a6-f698f3fbb5be:group-8A09BD39043B change Leader from null to bb8f5112-316d-4974-a5a6-f698f3fbb5be at term 1 for becomeLeader, leader elected after 7764ms
2019-09-20 10:25:05,327 [b5962e8e-c9f1-48aa-8eb4-d8f74b8afdbe:group-827999EF7ADD:LeaderElection118] INFO  impl.RaftServerImpl (ServerState.java:setLeader(263)) - b5962e8e-c9f1-48aa-8eb4-d8f74b8afdbe:group-827999EF7ADD change Leader from null to b5962e8e-c9f1-48aa-8eb4-d8f74b8afdbe at term 1 for becomeLeader, leader elected after 7714ms
2019-09-20 10:25:05,327 [61649f92-8c0f-475a-818d-1064548aeef6-SegmentedRaftLogWorker:Storage Directory /workdir/hadoop-ozone/integration-test/target/test-dir/MiniOzoneClusterImpl-806821b2-061b-4172-afaf-fb68ff5248bd/datanode-0/data/ratis/59fe6920-8a57-4445-b052-9a102802cb06] INFO  impl.PendingRequests (PendingRequests.java:sendNotLeaderResponses(202)) - 61649f92-8c0f-475a-818d-1064548aeef6-PendingRequests: sendNotLeaderResponses
2019-09-20 10:25:05,327 [b5962e8e-c9f1-48aa-8eb4-d8f74b8afdbe:group-900160021207:LeaderElection113] INFO  server.RaftServerConfigKeys (ConfUtils.java:logGet(43)) - raft.server.watch.timeout.denomination = 1s (default)
2019-09-20 10:25:05,327 [136f1953-bb94-4097-a2d4-422a6782bee0:group-D306834017EB:LeaderElection105] INFO  impl.RoleInfo (RoleInfo.java:updateAndGet(143)) - 136f1953-bb94-4097-a2d4-422a6782bee0: start LeaderState
2019-09-20 10:25:05,327 [61649f92-8c0f-475a-818d-1064548aeef6-SegmentedRaftLogWorker:Storage Directory /workdir/hadoop-ozone/integration-test/target/test-dir/MiniOzoneClusterImpl-806821b2-061b-4172-afaf-fb68ff5248bd/datanode-0/data/ratis/3845c9ce-c2af-48fb-8839-83eda5826e09] INFO  segmented.SegmentedRaftLogWorker (SegmentedRaftLogWorker.java:close(228)) - 61649f92-8c0f-475a-818d-1064548aeef6-SegmentedRaftLogWorker:Storage Directory /workdir/hadoop-ozone/integration-test/target/test-dir/MiniOzoneClusterImpl-806821b2-061b-4172-afaf-fb68ff5248bd/datanode-0/data/ratis/3845c9ce-c2af-48fb-8839-83eda5826e09 close()
2019-09-20 10:25:05,327 [e8013689-2f13-4aaf-8a03-99f419c430ec-SegmentedRaftLogWorker:Storage Directory /workdir/hadoop-ozone/integration-test/target/test-dir/MiniOzoneClusterImpl-806821b2-061b-4172-afaf-fb68ff5248bd/datanode-1/data/ratis/d6f61380-79ec-40e9-890f-39574b001817] INFO  segmented.SegmentedRaftLogWorker (SegmentedRaftLogWorker.java:close(228)) - e8013689-2f13-4aaf-8a03-99f419c430ec-SegmentedRaftLogWorker:Storage Directory /workdir/hadoop-ozone/integration-test/target/test-dir/MiniOzoneClusterImpl-806821b2-061b-4172-afaf-fb68ff5248bd/datanode-1/data/ratis/d6f61380-79ec-40e9-890f-39574b001817 close()
2019-09-20 10:25:05,327 [e8013689-2f13-4aaf-8a03-99f419c430ec-SegmentedRaftLogWorker:Storage Directory /workdir/hadoop-ozone/integration-test/target/test-dir/MiniOzoneClusterImpl-806821b2-061b-4172-afaf-fb68ff5248bd/datanode-1/data/ratis/1433d132-f579-41f9-9a5d-f720d76a59ae] INFO  impl.RaftServerImpl (ServerState.java:close(394)) - e8013689-2f13-4aaf-8a03-99f419c430ec:group-F720D76A59AE closes. The last applied log index is -1
2019-09-20 10:25:05,326 [99e70dd4-d763-4473-944c-c5628506dcf8:group-D0A60C53CD0E:LeaderElection115] INFO  server.RaftServerConfigKeys (ConfUtils.java:logGet(43)) - raft.server.write.element-limit = 4096 (default)
2019-09-20 10:25:05,326 [bb8f5112-316d-4974-a5a6-f698f3fbb5be:group-7A5798921CF6:LeaderElection111] INFO  server.RaftServerConfigKeys (ConfUtils.java:logGet(43)) - raft.server.watch.timeout = 10s (default)
2019-09-20 10:25:05,326 [b5962e8e-c9f1-48aa-8eb4-d8f74b8afdbe:group-66792EEE1340:LeaderElection114] INFO  server.RaftServerConfigKeys (ConfUtils.java:logGet(43)) - raft.server.write.element-limit = 4096 (default)
2019-09-20 10:25:06,056 [b5962e8e-c9f1-48aa-8eb4-d8f74b8afdbe:group-66792EEE1340:LeaderElection114] INFO  server.RaftServerConfigKeys (ConfUtils.java:logGet(43)) - raft.server.watch.timeout = 10s (default)
2019-09-20 10:25:05,326 [main] INFO  handler.ContextHandler (ContextHandler.java:doStart(781)) - Started o.e.j.s.ServletContextHandler@43edd2ea{/static,file:///workdir/hadoop-ozone/integration-test/target/test-classes/webapps/static,AVAILABLE}
2019-09-20 10:25:05,326 [99e70dd4-d763-4473-944c-c5628506dcf8:group-335F5008A6D5:LeaderElection119] INFO  impl.RaftServerImpl (ServerState.java:setLeader(263)) - 99e70dd4-d763-4473-944c-c5628506dcf8:group-335F5008A6D5 change Leader from null to 99e70dd4-d763-4473-944c-c5628506dcf8 at term 1 for becomeLeader, leader elected after 7333ms
2019-09-20 10:25:05,326 [cff8bf6b-8d20-4327-9f29-08a3c2b49247:group-1AD398AC37E4:LeaderElection107] INFO  server.RaftServerConfigKeys (ConfUtils.java:logGet(43)) - raft.server.write.element-limit = 4096 (default)
2019-09-20 10:25:05,326 [bb8f5112-316d-4974-a5a6-f698f3fbb5be:group-43E823771414:LeaderElection108] INFO  server.RaftServerConfigKeys (ConfUtils.java:logGet(43)) - raft.server.write.element-limit = 4096 (default)
2019-09-20 10:25:05,326 [136f1953-bb94-4097-a2d4-422a6782bee0-SegmentedRaftLogWorker:Storage Directory /workdir/hadoop-ozone/integration-test/target/test-dir/MiniOzoneClusterImpl-806821b2-061b-4172-afaf-fb68ff5248bd/datanode-2/data/ratis/2098dca0-b973-4b31-8914-36bd9a13beb9] INFO  impl.RaftServerImpl (ServerState.java:close(394)) - 136f1953-bb94-4097-a2d4-422a6782bee0:group-36BD9A13BEB9 closes. The last applied log index is -1
2019-09-20 10:25:05,326 [99e70dd4-d763-4473-944c-c5628506dcf8:group-496F8780B312:LeaderElection120] INFO  impl.RaftServerImpl (ServerState.java:setLeader(263)) - 99e70dd4-d763-4473-944c-c5628506dcf8:group-496F8780B312 change Leader from null to 99e70dd4-d763-4473-944c-c5628506dcf8 at term 1 for becomeLeader, leader elected after 7400ms
2019-09-20 10:25:05,325 [e8013689-2f13-4aaf-8a03-99f419c430ec-SegmentedRaftLogWorker:Storage Directory /workdir/hadoop-ozone/integration-test/target/test-dir/MiniOzoneClusterImpl-806821b2-061b-4172-afaf-fb68ff5248bd/datanode-1/data/ratis/cb9ec300-e6b5-4cd9-9086-f7c2acba30a6] INFO  util.JmxRegister (JmxRegister.java:unregister(73)) - Successfully un-registered JMX Bean with object name Ratis:service=RaftServer,group=group-F7C2ACBA30A6,id=e8013689-2f13-4aaf-8a03-99f419c430ec
2019-09-20 10:25:05,325 [cff8bf6b-8d20-4327-9f29-08a3c2b49247:group-E11B07918171:LeaderElection106] INFO  impl.RaftServerImpl (ServerState.java:setRaftConf(361)) - cff8bf6b-8d20-4327-9f29-08a3c2b49247:group-E11B07918171 set configuration 0: [cff8bf6b-8d20-4327-9f29-08a3c2b49247:192.168.36.99:46163], old=null at 0
2019-09-20 10:25:05,325 [99e70dd4-d763-4473-944c-c5628506dcf8:group-CCAADAAF72A4:LeaderElection116] INFO  server.RaftServerConfigKeys (ConfUtils.java:logGet(43)) - raft.server.staging.catchup.gap = 1000 (default)
2019-09-20 10:25:06,066 [e8013689-2f13-4aaf-8a03-99f419c430ec-SegmentedRaftLogWorker:Storage Directory /workdir/hadoop-ozone/integration-test/target/test-dir/MiniOzoneClusterImpl-806821b2-061b-4172-afaf-fb68ff5248bd/datanode-1/data/ratis/cb9ec300-e6b5-4cd9-9086-f7c2acba30a6] INFO  impl.RoleInfo (RoleInfo.java:shutdownLeaderState(104)) - e8013689-2f13-4aaf-8a03-99f419c430ec: shutdown LeaderState
2019-09-20 10:25:06,066 [99e70dd4-d763-4473-944c-c5628506dcf8:group-496F8780B312:LeaderElection120] INFO  server.RaftServerConfigKeys (ConfUtils.java:logGet(43)) - raft.server.staging.catchup.gap = 1000 (default)
2019-09-20 10:25:06,067 [99e70dd4-d763-4473-944c-c5628506dcf8:group-496F8780B312:LeaderElection120] INFO  server.RaftServerConfigKeys (ConfUtils.java:logGet(43)) - raft.server.rpc.sleep.time = 25ms (default)
2019-09-20 10:25:06,066 [136f1953-bb94-4097-a2d4-422a6782bee0-SegmentedRaftLogWorker:Storage Directory /workdir/hadoop-ozone/integration-test/target/test-dir/MiniOzoneClusterImpl-806821b2-061b-4172-afaf-fb68ff5248bd/datanode-2/data/ratis/2098dca0-b973-4b31-8914-36bd9a13beb9] INFO  segmented.SegmentedRaftLogWorker (SegmentedRaftLogWorker.java:close(228)) - 136f1953-bb94-4097-a2d4-422a6782bee0-SegmentedRaftLogWorker:Storage Directory /workdir/hadoop-ozone/integration-test/target/test-dir/MiniOzoneClusterImpl-806821b2-061b-4172-afaf-fb68ff5248bd/datanode-2/data/ratis/2098dca0-b973-4b31-8914-36bd9a13beb9 close()
2019-09-20 10:25:06,066 [bb8f5112-316d-4974-a5a6-f698f3fbb5be:group-43E823771414:LeaderElection108] INFO  server.RaftServerConfigKeys (ConfUtils.java:logGet(43)) - raft.server.watch.timeout = 10s (default)
2019-09-20 10:25:06,065 [cff8bf6b-8d20-4327-9f29-08a3c2b49247:group-1AD398AC37E4:LeaderElection107] INFO  server.RaftServerConfigKeys (ConfUtils.java:logGet(43)) - raft.server.watch.timeout = 10s (default)
2019-09-20 10:25:06,080 [cff8bf6b-8d20-4327-9f29-08a3c2b49247:group-1AD398AC37E4:LeaderElection107] INFO  server.RaftServerConfigKeys (ConfUtils.java:logGet(43)) - raft.server.watch.timeout.denomination = 1s (default)
2019-09-20 10:25:06,080 [cff8bf6b-8d20-4327-9f29-08a3c2b49247:group-1AD398AC37E4:LeaderElection107] INFO  server.RaftServerConfigKeys (ConfUtils.java:logGet(43)) - raft.server.watch.element-limit = 65536 (default)
2019-09-20 10:25:06,065 [99e70dd4-d763-4473-944c-c5628506dcf8:group-335F5008A6D5:LeaderElection119] INFO  server.RaftServerConfigKeys (ConfUtils.java:logGet(43)) - raft.server.staging.catchup.gap = 1000 (default)
2019-09-20 10:25:06,080 [99e70dd4-d763-4473-944c-c5628506dcf8:group-335F5008A6D5:LeaderElection119] INFO  server.RaftServerConfigKeys (ConfUtils.java:logGet(43)) - raft.server.rpc.sleep.time = 25ms (default)
2019-09-20 10:25:06,064 [Thread-1223] WARN  util.JavaUtils (JavaUtils.java:sleep(250)) - Unexpected long sleep: sleep(5137ms) actually took 5692ms which is over the threshold 300ms
2019-09-20 10:25:06,064 [Thread-1226] WARN  util.JavaUtils (JavaUtils.java:sleep(250)) - Unexpected long sleep: sleep(5142ms) actually took 5692ms which is over the threshold 300ms
2019-09-20 10:25:06,057 [b5962e8e-c9f1-48aa-8eb4-d8f74b8afdbe:group-66792EEE1340:LeaderElection114] INFO  server.RaftServerConfigKeys (ConfUtils.java:logGet(43)) - raft.server.watch.timeout.denomination = 1s (default)
2019-09-20 10:25:06,056 [bb8f5112-316d-4974-a5a6-f698f3fbb5be:group-7A5798921CF6:LeaderElection111] INFO  server.RaftServerConfigKeys (ConfUtils.java:logGet(43)) - raft.server.watch.timeout.denomination = 1s (default)
2019-09-20 10:25:06,056 [99e70dd4-d763-4473-944c-c5628506dcf8:group-D0A60C53CD0E:LeaderElection115] INFO  server.RaftServerConfigKeys (ConfUtils.java:logGet(43)) - raft.server.watch.timeout = 10s (default)
2019-09-20 10:25:06,081 [99e70dd4-d763-4473-944c-c5628506dcf8:group-D0A60C53CD0E:LeaderElection115] INFO  server.RaftServerConfigKeys (ConfUtils.java:logGet(43)) - raft.server.watch.timeout.denomination = 1s (default)
2019-09-20 10:25:06,056 [e8013689-2f13-4aaf-8a03-99f419c430ec-SegmentedRaftLogWorker:Storage Directory /workdir/hadoop-ozone/integration-test/target/test-dir/MiniOzoneClusterImpl-806821b2-061b-4172-afaf-fb68ff5248bd/datanode-1/data/ratis/1433d132-f579-41f9-9a5d-f720d76a59ae] INFO  segmented.SegmentedRaftLogWorker (SegmentedRaftLogWorker.java:close(228)) - e8013689-2f13-4aaf-8a03-99f419c430ec-SegmentedRaftLogWorker:Storage Directory /workdir/hadoop-ozone/integration-test/target/test-dir/MiniOzoneClusterImpl-806821b2-061b-4172-afaf-fb68ff5248bd/datanode-1/data/ratis/1433d132-f579-41f9-9a5d-f720d76a59ae close()
2019-09-20 10:25:05,350 [99e70dd4-d763-4473-944c-c5628506dcf8:group-5542CC850C81:LeaderElection122] INFO  impl.LeaderElection (LeaderElection.java:askForVotes(181)) - 99e70dd4-d763-4473-944c-c5628506dcf8:group-5542CC850C81:LeaderElection122: begin an election at term 1 for -1: [99e70dd4-d763-4473-944c-c5628506dcf8:192.168.36.99:46869], old=null
2019-09-20 10:25:05,329 [136f1953-bb94-4097-a2d4-422a6782bee0:group-D306834017EB:LeaderElection105] INFO  segmented.SegmentedRaftLogWorker (SegmentedRaftLogWorker.java:startLogSegment(380)) - 136f1953-bb94-4097-a2d4-422a6782bee0-SegmentedRaftLogWorker:Storage Directory /workdir/hadoop-ozone/integration-test/target/test-dir/MiniOzoneClusterImpl-806821b2-061b-4172-afaf-fb68ff5248bd/datanode-2/data/ratis/3a28e6b2-f888-47e8-8242-d306834017eb: Starting segment from index:0
2019-09-20 10:25:06,094 [99e70dd4-d763-4473-944c-c5628506dcf8:group-5542CC850C81:LeaderElection122] INFO  impl.RoleInfo (RoleInfo.java:shutdownLeaderElection(134)) - 99e70dd4-d763-4473-944c-c5628506dcf8: shutdown LeaderElection
2019-09-20 10:25:05,329 [b5962e8e-c9f1-48aa-8eb4-d8f74b8afdbe:group-900160021207:LeaderElection113] INFO  server.RaftServerConfigKeys (ConfUtils.java:logGet(43)) - raft.server.watch.element-limit = 65536 (default)
2019-09-20 10:25:06,452 | INFO  | SCMAudit | user=jenkins1000 | ip=192.168.36.99 | op=SEND_HEARTBEAT {datanodeUUID=3d6f3241-e73c-473a-ad0b-c7be2f7e1dda, command=[]} | ret=SUCCESS |  
2019-09-20 10:25:06,452 | INFO  | SCMAudit | user=jenkins1000 | ip=192.168.36.99 | op=SEND_HEARTBEAT {datanodeUUID=9e03ffa9-cf79-407a-a150-4c035e5aec5e, command=[]} | ret=SUCCESS |  
2019-09-20 10:25:06,452 | INFO  | SCMAudit | user=jenkins1000 | ip=192.168.36.99 | op=SEND_HEARTBEAT {datanodeUUID=4d972e91-cb6b-45de-8bd2-c18af7abe58b, command=[]} | ret=SUCCESS |  
2019-09-20 10:25:06,452 | INFO  | SCMAudit | user=jenkins1000 | ip=192.168.36.99 | op=SEND_HEARTBEAT {datanodeUUID=17e2ba94-38a1-40e7-84e0-f6802901db84, command=[]} | ret=SUCCESS |  
2019-09-20 10:25:06,452 | INFO  | SCMAudit | user=jenkins1000 | ip=192.168.36.99 | op=SEND_HEARTBEAT {datanodeUUID=bb8f5112-316d-4974-a5a6-f698f3fbb5be, command=[]} | ret=SUCCESS |  
2019-09-20 10:25:06,452 | INFO  | SCMAudit | user=jenkins1000 | ip=192.168.36.99 | op=SEND_HEARTBEAT {datanodeUUID=b5962e8e-c9f1-48aa-8eb4-d8f74b8afdbe, command=[]} | ret=SUCCESS |  
2019-09-20 10:25:06,452 | INFO  | SCMAudit | user=jenkins1000 | ip=192.168.36.99 | op=SEND_HEARTBEAT {datanodeUUID=99e70dd4-d763-4473-944c-c5628506dcf8, command=[]} | ret=SUCCESS |  
2019-09-20 10:25:06,452 | INFO  | SCMAudit | user=jenkins1000 | ip=192.168.36.99 | op=SEND_HEARTBEAT {datanodeUUID=cff8bf6b-8d20-4327-9f29-08a3c2b49247, command=[]} | ret=SUCCESS |  
2019-09-20 10:25:06,452 | INFO  | SCMAudit | user=jenkins1000 | ip=192.168.36.99 | op=SEND_HEARTBEAT {datanodeUUID=60260ec1-e192-4b95-89c8-d924d16a77a9, command=[]} | ret=SUCCESS |  
2019-09-20 10:25:06,452 | INFO  | SCMAudit | user=jenkins1000 | ip=192.168.36.99 | op=SEND_HEARTBEAT {datanodeUUID=66416d0b-a71c-4af1-ae3a-62ca63b880a3, command=[]} | ret=SUCCESS |  
2019-09-20 10:25:06,452 | INFO  | SCMAudit | user=jenkins1000 | ip=192.168.36.99 | op=SEND_HEARTBEAT {datanodeUUID=d2ed2d9b-7ac7-460e-84f6-6d9d6066f76d, command=[]} | ret=SUCCESS |  
2019-09-20 10:25:06,452 | INFO  | SCMAudit | user=jenkins1000 | ip=192.168.36.99 | op=SEND_HEARTBEAT {datanodeUUID=7af711bd-b5ae-4a73-a8be-b970cae6c2d1, command=[]} | ret=SUCCESS |  
2019-09-20 10:25:06,452 | INFO  | SCMAudit | user=jenkins1000 | ip=192.168.36.99 | op=SEND_HEARTBEAT {datanodeUUID=54207fe5-d92c-4c2e-b058-fbae630dabef, command=[]} | ret=SUCCESS |  
2019-09-20 10:25:06,452 | INFO  | SCMAudit | user=jenkins1000 | ip=192.168.36.99 | op=SEND_HEARTBEAT {datanodeUUID=1ab786b9-c79c-4265-88a1-5b3344c6beda, command=[]} | ret=SUCCESS |  
2019-09-20 10:25:06,452 | INFO  | SCMAudit | user=jenkins1000 | ip=192.168.36.99 | op=SEND_HEARTBEAT {datanodeUUID=c3e532f8-1a8e-44f3-b56b-d765aee893af, command=[]} | ret=SUCCESS |  
2019-09-20 10:25:06,452 | INFO  | SCMAudit | user=jenkins1000 | ip=192.168.36.99 | op=SEND_HEARTBEAT {datanodeUUID=6491c372-a595-4104-b3e9-c4f3293baafa, command=[]} | ret=SUCCESS |  
2019-09-20 10:25:06,452 | INFO  | SCMAudit | user=jenkins1000 | ip=192.168.36.99 | op=SEND_HEARTBEAT {datanodeUUID=61649f92-8c0f-475a-818d-1064548aeef6, command=[]} | ret=SUCCESS |  
2019-09-20 10:25:06,452 | INFO  | SCMAudit | user=jenkins1000 | ip=192.168.36.99 | op=SEND_HEARTBEAT {datanodeUUID=468be06f-55e9-4831-ba6b-3db017451a79, command=[]} | ret=SUCCESS |  
2019-09-20 10:25:06,452 | INFO  | SCMAudit | user=jenkins1000 | ip=192.168.36.99 | op=SEND_HEARTBEAT {datanodeUUID=e8013689-2f13-4aaf-8a03-99f419c430ec, command=[]} | ret=SUCCESS |  
2019-09-20 10:25:06,452 | INFO  | SCMAudit | user=jenkins1000 | ip=192.168.36.99 | op=SEND_HEARTBEAT {datanodeUUID=136f1953-bb94-4097-a2d4-422a6782bee0, command=[]} | ret=SUCCESS |  
2019-09-20 10:25:06,453 | INFO  | SCMAudit | user=jenkins1000 | ip=192.168.36.99 | op=SEND_HEARTBEAT {datanodeUUID=19fb8383-7c99-4449-b95c-a26e71717844, command=[]} | ret=SUCCESS |  
2019-09-20 10:25:05,329 [61649f92-8c0f-475a-818d-1064548aeef6-SegmentedRaftLogWorker:Storage Directory /workdir/hadoop-ozone/integration-test/target/test-dir/MiniOzoneClusterImpl-806821b2-061b-4172-afaf-fb68ff5248bd/datanode-0/data/ratis/59fe6920-8a57-4445-b052-9a102802cb06] INFO  impl.StateMachineUpdater (StateMachineUpdater.java:stopAndJoin(115)) - StateMachineUpdater:61649f92-8c0f-475a-818d-1064548aeef6:group-9A102802CB06: set stopIndex = -1
2019-09-20 10:25:05,329 [b5962e8e-c9f1-48aa-8eb4-d8f74b8afdbe:group-827999EF7ADD:LeaderElection118] INFO  server.RaftServerConfigKeys (ConfUtils.java:logGet(43)) - raft.server.staging.catchup.gap = 1000 (default)
2019-09-20 10:25:05,329 [bb8f5112-316d-4974-a5a6-f698f3fbb5be:group-8A09BD39043B:LeaderElection117] INFO  server.RaftServerConfigKeys (ConfUtils.java:logGet(43)) - raft.server.staging.catchup.gap = 1000 (default)
2019-09-20 10:25:05,329 [bb8f5112-316d-4974-a5a6-f698f3fbb5be:group-29F07B0353B5:LeaderElection121] INFO  server.RaftServerConfigKeys (ConfUtils.java:logGet(43)) - raft.server.rpc.sleep.time = 25ms (default)
2019-09-20 10:25:05,328 [cff8bf6b-8d20-4327-9f29-08a3c2b49247:group-54713C5DDCE3:LeaderElection110] INFO  server.RaftServerConfigKeys (ConfUtils.java:logGet(43)) - raft.server.watch.timeout.denomination = 1s (default)
2019-09-20 10:25:05,328 [cff8bf6b-8d20-4327-9f29-08a3c2b49247:group-59D57AF1BF79:LeaderElection112] INFO  segmented.SegmentedRaftLogWorker (SegmentedRaftLogWorker.java:startLogSegment(380)) - cff8bf6b-8d20-4327-9f29-08a3c2b49247-SegmentedRaftLogWorker:Storage Directory /workdir/hadoop-ozone/integration-test/target/test-dir/MiniOzoneClusterImpl-806821b2-061b-4172-afaf-fb68ff5248bd/datanode-3/data/ratis/e3e3c918-b34d-46f7-b3c6-59d57af1bf79: Starting segment from index:0
2019-09-20 10:25:05,328 [cff8bf6b-8d20-4327-9f29-08a3c2b49247:group-8BF4BCFBCE01:LeaderElection109] INFO  server.RaftServerConfigKeys (ConfUtils.java:logGet(43)) - raft.server.write.element-limit = 4096 (default)
2019-09-20 10:25:06,466 [cff8bf6b-8d20-4327-9f29-08a3c2b49247:group-54713C5DDCE3:LeaderElection110] INFO  server.RaftServerConfigKeys (ConfUtils.java:logGet(43)) - raft.server.watch.element-limit = 65536 (default)
2019-09-20 10:25:06,466 [bb8f5112-316d-4974-a5a6-f698f3fbb5be:group-29F07B0353B5:LeaderElection121] INFO  server.RaftServerConfigKeys (ConfUtils.java:logGet(43)) - raft.server.write.element-limit = 4096 (default)
2019-09-20 10:25:06,466 [bb8f5112-316d-4974-a5a6-f698f3fbb5be:group-8A09BD39043B:LeaderElection117] INFO  server.RaftServerConfigKeys (ConfUtils.java:logGet(43)) - raft.server.rpc.sleep.time = 25ms (default)
2019-09-20 10:25:06,466 [b5962e8e-c9f1-48aa-8eb4-d8f74b8afdbe:group-827999EF7ADD:LeaderElection118] INFO  server.RaftServerConfigKeys (ConfUtils.java:logGet(43)) - raft.server.rpc.sleep.time = 25ms (default)
2019-09-20 10:25:06,465 [main] INFO  handler.ContextHandler (ContextHandler.java:doStart(781)) - Started o.e.j.w.WebAppContext@782e0844{/,file:///workdir/hadoop-ozone/integration-test/target/test-classes/webapps/ozoneManager/,AVAILABLE}{/ozoneManager}
2019-09-20 10:25:06,465 [61649f92-8c0f-475a-818d-1064548aeef6-SegmentedRaftLogWorker:Storage Directory /workdir/hadoop-ozone/integration-test/target/test-dir/MiniOzoneClusterImpl-806821b2-061b-4172-afaf-fb68ff5248bd/datanode-0/data/ratis/59fe6920-8a57-4445-b052-9a102802cb06] INFO  impl.RaftServerImpl (ServerState.java:close(394)) - 61649f92-8c0f-475a-818d-1064548aeef6:group-9A102802CB06 closes. The last applied log index is -1
2019-09-20 10:25:06,453 [b5962e8e-c9f1-48aa-8eb4-d8f74b8afdbe:group-900160021207:LeaderElection113] INFO  impl.RoleInfo (RoleInfo.java:updateAndGet(143)) - b5962e8e-c9f1-48aa-8eb4-d8f74b8afdbe: start LeaderState
2019-09-20 10:25:06,453 [136f1953-bb94-4097-a2d4-422a6782bee0:group-D306834017EB:LeaderElection105] INFO  impl.RaftServerImpl (ServerState.java:setRaftConf(361)) - 136f1953-bb94-4097-a2d4-422a6782bee0:group-D306834017EB set configuration 0: [136f1953-bb94-4097-a2d4-422a6782bee0:192.168.36.99:37121], old=null at 0
2019-09-20 10:25:06,453 [Thread-1244] WARN  util.JavaUtils (JavaUtils.java:sleep(250)) - Unexpected long sleep: sleep(5184ms) actually took 5516ms which is over the threshold 300ms
2019-09-20 10:25:06,447 [e8013689-2f13-4aaf-8a03-99f419c430ec-SegmentedRaftLogWorker:Storage Directory /workdir/hadoop-ozone/integration-test/target/test-dir/MiniOzoneClusterImpl-806821b2-061b-4172-afaf-fb68ff5248bd/datanode-1/data/ratis/9dc661b3-6bc1-4668-93d5-ecc0da2b67f9] ERROR segmented.SegmentedRaftLogWorker (SegmentedRaftLogWorker.java:run(323)) - e8013689-2f13-4aaf-8a03-99f419c430ec-SegmentedRaftLogWorker:Storage Directory /workdir/hadoop-ozone/integration-test/target/test-dir/MiniOzoneClusterImpl-806821b2-061b-4172-afaf-fb68ff5248bd/datanode-1/data/ratis/9dc661b3-6bc1-4668-93d5-ecc0da2b67f9 hit exception
java.lang.OutOfMemoryError: Direct buffer memory
	at java.nio.Bits.reserveMemory(Bits.java:666)
	at java.nio.DirectByteBuffer.<init>(DirectByteBuffer.java:123)
	at java.nio.ByteBuffer.allocateDirect(ByteBuffer.java:311)
	at org.apache.ratis.server.raftlog.segmented.BufferedWriteChannel.<init>(BufferedWriteChannel.java:41)
	at org.apache.ratis.server.raftlog.segmented.SegmentedRaftLogOutputStream.<init>(SegmentedRaftLogOutputStream.java:72)
	at org.apache.ratis.server.raftlog.segmented.SegmentedRaftLogWorker$StartLogSegment.execute(SegmentedRaftLogWorker.java:566)
	at org.apache.ratis.server.raftlog.segmented.SegmentedRaftLogWorker.run(SegmentedRaftLogWorker.java:289)
	at java.lang.Thread.run(Thread.java:748)
2019-09-20 10:25:06,842 [e8013689-2f13-4aaf-8a03-99f419c430ec-SegmentedRaftLogWorker:Storage Directory /workdir/hadoop-ozone/integration-test/target/test-dir/MiniOzoneClusterImpl-806821b2-061b-4172-afaf-fb68ff5248bd/datanode-1/data/ratis/9dc661b3-6bc1-4668-93d5-ecc0da2b67f9] INFO  impl.RaftServerImpl (RaftServerImpl.java:lambda$shutdown$3(245)) - e8013689-2f13-4aaf-8a03-99f419c430ec: shutdown group-ECC0DA2B67F9
2019-09-20 10:25:06,446 [136f1953-bb94-4097-a2d4-422a6782bee0-SegmentedRaftLogWorker:Storage Directory /workdir/hadoop-ozone/integration-test/target/test-dir/MiniOzoneClusterImpl-806821b2-061b-4172-afaf-fb68ff5248bd/datanode-2/data/ratis/9e0b6be5-3a8b-46a6-91d2-f0b5be8cfe34] ERROR segmented.SegmentedRaftLogWorker (SegmentedRaftLogWorker.java:run(323)) - 136f1953-bb94-4097-a2d4-422a6782bee0-SegmentedRaftLogWorker:Storage Directory /workdir/hadoop-ozone/integration-test/target/test-dir/MiniOzoneClusterImpl-806821b2-061b-4172-afaf-fb68ff5248bd/datanode-2/data/ratis/9e0b6be5-3a8b-46a6-91d2-f0b5be8cfe34 hit exception
java.lang.OutOfMemoryError: Direct buffer memory
	at java.nio.Bits.reserveMemory(Bits.java:666)
	at java.nio.DirectByteBuffer.<init>(DirectByteBuffer.java:123)
	at java.nio.ByteBuffer.allocateDirect(ByteBuffer.java:311)
	at org.apache.ratis.server.raftlog.segmented.BufferedWriteChannel.<init>(BufferedWriteChannel.java:41)
	at org.apache.ratis.server.raftlog.segmented.SegmentedRaftLogOutputStream.<init>(SegmentedRaftLogOutputStream.java:72)
	at org.apache.ratis.server.raftlog.segmented.SegmentedRaftLogWorker$StartLogSegment.execute(SegmentedRaftLogWorker.java:566)
	at org.apache.ratis.server.raftlog.segmented.SegmentedRaftLogWorker.run(SegmentedRaftLogWorker.java:289)
	at java.lang.Thread.run(Thread.java:748)
2019-09-20 10:25:06,094 [99e70dd4-d763-4473-944c-c5628506dcf8:group-5542CC850C81:LeaderElection122] INFO  impl.RaftServerImpl (RaftServerImpl.java:setRole(171)) - 99e70dd4-d763-4473-944c-c5628506dcf8:group-5542CC850C81 changes role from CANDIDATE to LEADER at term 1 for changeToLeader
2019-09-20 10:25:06,842 [99e70dd4-d763-4473-944c-c5628506dcf8:group-5542CC850C81:LeaderElection122] INFO  impl.RaftServerImpl (ServerState.java:setLeader(263)) - 99e70dd4-d763-4473-944c-c5628506dcf8:group-5542CC850C81 change Leader from null to 99e70dd4-d763-4473-944c-c5628506dcf8 at term 1 for becomeLeader, leader elected after 8984ms
2019-09-20 10:25:06,081 [99e70dd4-d763-4473-944c-c5628506dcf8:group-D0A60C53CD0E:LeaderElection115] INFO  server.RaftServerConfigKeys (ConfUtils.java:logGet(43)) - raft.server.watch.element-limit = 65536 (default)
2019-09-20 10:25:06,081 [bb8f5112-316d-4974-a5a6-f698f3fbb5be:group-7A5798921CF6:LeaderElection111] INFO  server.RaftServerConfigKeys (ConfUtils.java:logGet(43)) - raft.server.watch.element-limit = 65536 (default)
2019-09-20 10:25:06,081 [b5962e8e-c9f1-48aa-8eb4-d8f74b8afdbe:group-66792EEE1340:LeaderElection114] INFO  server.RaftServerConfigKeys (ConfUtils.java:logGet(43)) - raft.server.watch.element-limit = 65536 (default)
2019-09-20 10:25:06,080 [99e70dd4-d763-4473-944c-c5628506dcf8:group-335F5008A6D5:LeaderElection119] INFO  server.RaftServerConfigKeys (ConfUtils.java:logGet(43)) - raft.server.write.element-limit = 4096 (default)
2019-09-20 10:25:06,080 [cff8bf6b-8d20-4327-9f29-08a3c2b49247:group-1AD398AC37E4:LeaderElection107] INFO  impl.RoleInfo (RoleInfo.java:updateAndGet(143)) - cff8bf6b-8d20-4327-9f29-08a3c2b49247: start LeaderState
2019-09-20 10:25:06,843 [99e70dd4-d763-4473-944c-c5628506dcf8:group-335F5008A6D5:LeaderElection119] INFO  server.RaftServerConfigKeys (ConfUtils.java:logGet(43)) - raft.server.watch.timeout = 10s (default)
2019-09-20 10:25:06,080 [bb8f5112-316d-4974-a5a6-f698f3fbb5be:group-43E823771414:LeaderElection108] INFO  server.RaftServerConfigKeys (ConfUtils.java:logGet(43)) - raft.server.watch.timeout.denomination = 1s (default)
2019-09-20 10:25:06,067 [99e70dd4-d763-4473-944c-c5628506dcf8:group-496F8780B312:LeaderElection120] INFO  server.RaftServerConfigKeys (ConfUtils.java:logGet(43)) - raft.server.write.element-limit = 4096 (default)
2019-09-20 10:25:06,067 [e8013689-2f13-4aaf-8a03-99f419c430ec-SegmentedRaftLogWorker:Storage Directory /workdir/hadoop-ozone/integration-test/target/test-dir/MiniOzoneClusterImpl-806821b2-061b-4172-afaf-fb68ff5248bd/datanode-1/data/ratis/cb9ec300-e6b5-4cd9-9086-f7c2acba30a6] INFO  impl.PendingRequests (PendingRequests.java:sendNotLeaderResponses(202)) - e8013689-2f13-4aaf-8a03-99f419c430ec-PendingRequests: sendNotLeaderResponses
2019-09-20 10:25:06,067 [99e70dd4-d763-4473-944c-c5628506dcf8:group-CCAADAAF72A4:LeaderElection116] INFO  server.RaftServerConfigKeys (ConfUtils.java:logGet(43)) - raft.server.rpc.sleep.time = 25ms (default)
2019-09-20 10:25:06,844 [99e70dd4-d763-4473-944c-c5628506dcf8:group-496F8780B312:LeaderElection120] INFO  server.RaftServerConfigKeys (ConfUtils.java:logGet(43)) - raft.server.watch.timeout = 10s (default)
2019-09-20 10:25:06,843 [bb8f5112-316d-4974-a5a6-f698f3fbb5be:group-43E823771414:LeaderElection108] INFO  server.RaftServerConfigKeys (ConfUtils.java:logGet(43)) - raft.server.watch.element-limit = 65536 (default)
2019-09-20 10:25:06,843 [99e70dd4-d763-4473-944c-c5628506dcf8:group-335F5008A6D5:LeaderElection119] INFO  server.RaftServerConfigKeys (ConfUtils.java:logGet(43)) - raft.server.watch.timeout.denomination = 1s (default)
2019-09-20 10:25:06,843 [cff8bf6b-8d20-4327-9f29-08a3c2b49247:group-1AD398AC37E4:LeaderElection107] INFO  segmented.SegmentedRaftLogWorker (SegmentedRaftLogWorker.java:startLogSegment(380)) - cff8bf6b-8d20-4327-9f29-08a3c2b49247-SegmentedRaftLogWorker:Storage Directory /workdir/hadoop-ozone/integration-test/target/test-dir/MiniOzoneClusterImpl-806821b2-061b-4172-afaf-fb68ff5248bd/datanode-3/data/ratis/82c1f05a-17be-499c-81f5-1ad398ac37e4: Starting segment from index:0
2019-09-20 10:25:06,843 [b5962e8e-c9f1-48aa-8eb4-d8f74b8afdbe:group-66792EEE1340:LeaderElection114] INFO  impl.RoleInfo (RoleInfo.java:updateAndGet(143)) - b5962e8e-c9f1-48aa-8eb4-d8f74b8afdbe: start LeaderState
2019-09-20 10:25:06,843 [bb8f5112-316d-4974-a5a6-f698f3fbb5be:group-7A5798921CF6:LeaderElection111] INFO  impl.RoleInfo (RoleInfo.java:updateAndGet(143)) - bb8f5112-316d-4974-a5a6-f698f3fbb5be: start LeaderState
2019-09-20 10:25:06,845 [b5962e8e-c9f1-48aa-8eb4-d8f74b8afdbe:group-66792EEE1340:LeaderElection114] INFO  segmented.SegmentedRaftLogWorker (SegmentedRaftLogWorker.java:startLogSegment(380)) - b5962e8e-c9f1-48aa-8eb4-d8f74b8afdbe-SegmentedRaftLogWorker:Storage Directory /workdir/hadoop-ozone/integration-test/target/test-dir/MiniOzoneClusterImpl-806821b2-061b-4172-afaf-fb68ff5248bd/datanode-4/data/ratis/3e56b3b8-13b0-4630-9f02-66792eee1340: Starting segment from index:0
2019-09-20 10:25:06,843 [99e70dd4-d763-4473-944c-c5628506dcf8:group-D0A60C53CD0E:LeaderElection115] INFO  impl.RoleInfo (RoleInfo.java:updateAndGet(143)) - 99e70dd4-d763-4473-944c-c5628506dcf8: start LeaderState
2019-09-20 10:25:07,645 | INFO  | SCMAudit | user=jenkins1000 | ip=192.168.36.99 | op=SEND_HEARTBEAT {datanodeUUID=7af711bd-b5ae-4a73-a8be-b970cae6c2d1, command=[]} | ret=SUCCESS |  
2019-09-20 10:25:07,648 | INFO  | SCMAudit | user=jenkins1000 | ip=192.168.36.99 | op=SEND_HEARTBEAT {datanodeUUID=99e70dd4-d763-4473-944c-c5628506dcf8, command=[]} | ret=SUCCESS |  
2019-09-20 10:25:07,648 | INFO  | SCMAudit | user=jenkins1000 | ip=192.168.36.99 | op=SEND_HEARTBEAT {datanodeUUID=cff8bf6b-8d20-4327-9f29-08a3c2b49247, command=[]} | ret=SUCCESS |  
2019-09-20 10:25:07,648 | INFO  | SCMAudit | user=jenkins1000 | ip=192.168.36.99 | op=SEND_HEARTBEAT {datanodeUUID=e8013689-2f13-4aaf-8a03-99f419c430ec, command=[]} | ret=SUCCESS |  
2019-09-20 10:25:07,648 | INFO  | SCMAudit | user=jenkins1000 | ip=192.168.36.99 | op=SEND_HEARTBEAT {datanodeUUID=61649f92-8c0f-475a-818d-1064548aeef6, command=[]} | ret=SUCCESS |  
2019-09-20 10:25:07,648 | INFO  | SCMAudit | user=jenkins1000 | ip=192.168.36.99 | op=SEND_HEARTBEAT {datanodeUUID=bb8f5112-316d-4974-a5a6-f698f3fbb5be, command=[]} | ret=SUCCESS |  
2019-09-20 10:25:07,648 | INFO  | SCMAudit | user=jenkins1000 | ip=192.168.36.99 | op=SEND_HEARTBEAT {datanodeUUID=136f1953-bb94-4097-a2d4-422a6782bee0, command=[]} | ret=SUCCESS |  
2019-09-20 10:25:07,649 | INFO  | SCMAudit | user=jenkins1000 | ip=192.168.36.99 | op=SEND_HEARTBEAT {datanodeUUID=b5962e8e-c9f1-48aa-8eb4-d8f74b8afdbe, command=[]} | ret=SUCCESS |  
2019-09-20 10:25:06,842 [99e70dd4-d763-4473-944c-c5628506dcf8:group-5542CC850C81:LeaderElection122] INFO  server.RaftServerConfigKeys (ConfUtils.java:logGet(43)) - raft.server.staging.catchup.gap = 1000 (default)
2019-09-20 10:25:06,842 [136f1953-bb94-4097-a2d4-422a6782bee0-SegmentedRaftLogWorker:Storage Directory /workdir/hadoop-ozone/integration-test/target/test-dir/MiniOzoneClusterImpl-806821b2-061b-4172-afaf-fb68ff5248bd/datanode-2/data/ratis/9e0b6be5-3a8b-46a6-91d2-f0b5be8cfe34] INFO  impl.RaftServerImpl (RaftServerImpl.java:lambda$shutdown$3(245)) - 136f1953-bb94-4097-a2d4-422a6782bee0: shutdown group-F0B5BE8CFE34
2019-09-20 10:25:06,842 [e8013689-2f13-4aaf-8a03-99f419c430ec-SegmentedRaftLogWorker:Storage Directory /workdir/hadoop-ozone/integration-test/target/test-dir/MiniOzoneClusterImpl-806821b2-061b-4172-afaf-fb68ff5248bd/datanode-1/data/ratis/9dc661b3-6bc1-4668-93d5-ecc0da2b67f9] INFO  util.JmxRegister (JmxRegister.java:unregister(73)) - Successfully un-registered JMX Bean with object name Ratis:service=RaftServer,group=group-ECC0DA2B67F9,id=e8013689-2f13-4aaf-8a03-99f419c430ec
2019-09-20 10:25:07,650 [e8013689-2f13-4aaf-8a03-99f419c430ec-SegmentedRaftLogWorker:Storage Directory /workdir/hadoop-ozone/integration-test/target/test-dir/MiniOzoneClusterImpl-806821b2-061b-4172-afaf-fb68ff5248bd/datanode-1/data/ratis/9dc661b3-6bc1-4668-93d5-ecc0da2b67f9] INFO  impl.RoleInfo (RoleInfo.java:shutdownLeaderState(104)) - e8013689-2f13-4aaf-8a03-99f419c430ec: shutdown LeaderState
2019-09-20 10:25:07,650 | INFO  | SCMAudit | user=jenkins1000 | ip=192.168.36.99 | op=SEND_HEARTBEAT {datanodeUUID=19fb8383-7c99-4449-b95c-a26e71717844, command=[]} | ret=SUCCESS |  
2019-09-20 10:25:06,841 [b5962e8e-c9f1-48aa-8eb4-d8f74b8afdbe:group-900160021207:LeaderElection113] INFO  segmented.SegmentedRaftLogWorker (SegmentedRaftLogWorker.java:startLogSegment(380)) - b5962e8e-c9f1-48aa-8eb4-d8f74b8afdbe-SegmentedRaftLogWorker:Storage Directory /workdir/hadoop-ozone/integration-test/target/test-dir/MiniOzoneClusterImpl-806821b2-061b-4172-afaf-fb68ff5248bd/datanode-4/data/ratis/1c092731-1da3-4de9-b9bf-900160021207: Starting segment from index:0
2019-09-20 10:25:07,650 | INFO  | SCMAudit | user=jenkins1000 | ip=192.168.36.99 | op=SEND_HEARTBEAT {datanodeUUID=9e03ffa9-cf79-407a-a150-4c035e5aec5e, command=[]} | ret=SUCCESS |  
2019-09-20 10:25:07,650 | INFO  | SCMAudit | user=jenkins1000 | ip=192.168.36.99 | op=SEND_HEARTBEAT {datanodeUUID=d2ed2d9b-7ac7-460e-84f6-6d9d6066f76d, command=[]} | ret=SUCCESS |  
2019-09-20 10:25:07,650 | INFO  | SCMAudit | user=jenkins1000 | ip=192.168.36.99 | op=SEND_HEARTBEAT {datanodeUUID=468be06f-55e9-4831-ba6b-3db017451a79, command=[]} | ret=SUCCESS |  
2019-09-20 10:25:07,650 | INFO  | SCMAudit | user=jenkins1000 | ip=192.168.36.99 | op=SEND_HEARTBEAT {datanodeUUID=6491c372-a595-4104-b3e9-c4f3293baafa, command=[]} | ret=SUCCESS |  
2019-09-20 10:25:07,650 | INFO  | SCMAudit | user=jenkins1000 | ip=192.168.36.99 | op=SEND_HEARTBEAT {datanodeUUID=54207fe5-d92c-4c2e-b058-fbae630dabef, command=[]} | ret=SUCCESS |  
2019-09-20 10:25:06,835 [main] INFO  server.AbstractConnector (AbstractConnector.java:doStart(278)) - Started ServerConnector@608c7b5b{HTTP/1.1,[http/1.1]}{0.0.0.0:37611}
2019-09-20 10:25:06,835 [61649f92-8c0f-475a-818d-1064548aeef6-SegmentedRaftLogWorker:Storage Directory /workdir/hadoop-ozone/integration-test/target/test-dir/MiniOzoneClusterImpl-806821b2-061b-4172-afaf-fb68ff5248bd/datanode-0/data/ratis/59fe6920-8a57-4445-b052-9a102802cb06] INFO  segmented.SegmentedRaftLogWorker (SegmentedRaftLogWorker.java:close(228)) - 61649f92-8c0f-475a-818d-1064548aeef6-SegmentedRaftLogWorker:Storage Directory /workdir/hadoop-ozone/integration-test/target/test-dir/MiniOzoneClusterImpl-806821b2-061b-4172-afaf-fb68ff5248bd/datanode-0/data/ratis/59fe6920-8a57-4445-b052-9a102802cb06 close()
2019-09-20 10:25:07,651 | INFO  | SCMAudit | user=jenkins1000 | ip=192.168.36.99 | op=SEND_HEARTBEAT {datanodeUUID=60260ec1-e192-4b95-89c8-d924d16a77a9, command=[]} | ret=SUCCESS |  
2019-09-20 10:25:06,834 [b5962e8e-c9f1-48aa-8eb4-d8f74b8afdbe:group-827999EF7ADD:LeaderElection118] INFO  server.RaftServerConfigKeys (ConfUtils.java:logGet(43)) - raft.server.write.element-limit = 4096 (default)
2019-09-20 10:25:06,834 [bb8f5112-316d-4974-a5a6-f698f3fbb5be:group-8A09BD39043B:LeaderElection117] INFO  server.RaftServerConfigKeys (ConfUtils.java:logGet(43)) - raft.server.write.element-limit = 4096 (default)
2019-09-20 10:25:06,818 [bb8f5112-316d-4974-a5a6-f698f3fbb5be:group-29F07B0353B5:LeaderElection121] INFO  server.RaftServerConfigKeys (ConfUtils.java:logGet(43)) - raft.server.watch.timeout = 10s (default)
2019-09-20 10:25:06,818 [cff8bf6b-8d20-4327-9f29-08a3c2b49247:group-54713C5DDCE3:LeaderElection110] INFO  impl.RoleInfo (RoleInfo.java:updateAndGet(143)) - cff8bf6b-8d20-4327-9f29-08a3c2b49247: start LeaderState
2019-09-20 10:25:06,815 [e8013689-2f13-4aaf-8a03-99f419c430ec-SegmentedRaftLogWorker:Storage Directory /workdir/hadoop-ozone/integration-test/target/test-dir/MiniOzoneClusterImpl-806821b2-061b-4172-afaf-fb68ff5248bd/datanode-1/data/ratis/08136aa7-4ba0-4fe8-b0eb-4f0d8b9435fe] ERROR segmented.SegmentedRaftLogWorker (SegmentedRaftLogWorker.java:run(323)) - e8013689-2f13-4aaf-8a03-99f419c430ec-SegmentedRaftLogWorker:Storage Directory /workdir/hadoop-ozone/integration-test/target/test-dir/MiniOzoneClusterImpl-806821b2-061b-4172-afaf-fb68ff5248bd/datanode-1/data/ratis/08136aa7-4ba0-4fe8-b0eb-4f0d8b9435fe hit exception
java.lang.OutOfMemoryError: Direct buffer memory
	at java.nio.Bits.reserveMemory(Bits.java:666)
	at java.nio.DirectByteBuffer.<init>(DirectByteBuffer.java:123)
	at java.nio.ByteBuffer.allocateDirect(ByteBuffer.java:311)
	at org.apache.ratis.server.raftlog.segmented.BufferedWriteChannel.<init>(BufferedWriteChannel.java:41)
	at org.apache.ratis.server.raftlog.segmented.SegmentedRaftLogOutputStream.<init>(SegmentedRaftLogOutputStream.java:72)
	at org.apache.ratis.server.raftlog.segmented.SegmentedRaftLogWorker$StartLogSegment.execute(SegmentedRaftLogWorker.java:566)
	at org.apache.ratis.server.raftlog.segmented.SegmentedRaftLogWorker.run(SegmentedRaftLogWorker.java:289)
	at java.lang.Thread.run(Thread.java:748)
2019-09-20 10:25:06,467 [cff8bf6b-8d20-4327-9f29-08a3c2b49247:group-59D57AF1BF79:LeaderElection112] INFO  impl.RaftServerImpl (ServerState.java:setRaftConf(361)) - cff8bf6b-8d20-4327-9f29-08a3c2b49247:group-59D57AF1BF79 set configuration 0: [cff8bf6b-8d20-4327-9f29-08a3c2b49247:192.168.36.99:46163], old=null at 0
2019-09-20 10:25:06,467 [cff8bf6b-8d20-4327-9f29-08a3c2b49247:group-8BF4BCFBCE01:LeaderElection109] INFO  server.RaftServerConfigKeys (ConfUtils.java:logGet(43)) - raft.server.watch.timeout = 10s (default)
2019-09-20 10:25:08,075 [e8013689-2f13-4aaf-8a03-99f419c430ec-SegmentedRaftLogWorker:Storage Directory /workdir/hadoop-ozone/integration-test/target/test-dir/MiniOzoneClusterImpl-806821b2-061b-4172-afaf-fb68ff5248bd/datanode-1/data/ratis/08136aa7-4ba0-4fe8-b0eb-4f0d8b9435fe] INFO  impl.RaftServerImpl (RaftServerImpl.java:lambda$shutdown$3(245)) - e8013689-2f13-4aaf-8a03-99f419c430ec: shutdown group-4F0D8B9435FE
2019-09-20 10:25:08,074 [cff8bf6b-8d20-4327-9f29-08a3c2b49247:group-54713C5DDCE3:LeaderElection110] INFO  segmented.SegmentedRaftLogWorker (SegmentedRaftLogWorker.java:startLogSegment(380)) - cff8bf6b-8d20-4327-9f29-08a3c2b49247-SegmentedRaftLogWorker:Storage Directory /workdir/hadoop-ozone/integration-test/target/test-dir/MiniOzoneClusterImpl-806821b2-061b-4172-afaf-fb68ff5248bd/datanode-3/data/ratis/34ec9df5-f75e-420a-b1e1-54713c5ddce3: Starting segment from index:0
2019-09-20 10:25:08,074 [bb8f5112-316d-4974-a5a6-f698f3fbb5be:group-29F07B0353B5:LeaderElection121] INFO  server.RaftServerConfigKeys (ConfUtils.java:logGet(43)) - raft.server.watch.timeout.denomination = 1s (default)
2019-09-20 10:25:08,074 [bb8f5112-316d-4974-a5a6-f698f3fbb5be:group-8A09BD39043B:LeaderElection117] INFO  server.RaftServerConfigKeys (ConfUtils.java:logGet(43)) - raft.server.watch.timeout = 10s (default)
2019-09-20 10:25:08,076 [bb8f5112-316d-4974-a5a6-f698f3fbb5be:group-8A09BD39043B:LeaderElection117] INFO  server.RaftServerConfigKeys (ConfUtils.java:logGet(43)) - raft.server.watch.timeout.denomination = 1s (default)
2019-09-20 10:25:08,074 [b5962e8e-c9f1-48aa-8eb4-d8f74b8afdbe:group-827999EF7ADD:LeaderElection118] INFO  server.RaftServerConfigKeys (ConfUtils.java:logGet(43)) - raft.server.watch.timeout = 10s (default)
2019-09-20 10:25:08,059 [main] INFO  server.Server (Server.java:doStart(419)) - Started @69427ms
2019-09-20 10:25:08,049 [136f1953-bb94-4097-a2d4-422a6782bee0-SegmentedRaftLogWorker:Storage Directory /workdir/hadoop-ozone/integration-test/target/test-dir/MiniOzoneClusterImpl-806821b2-061b-4172-afaf-fb68ff5248bd/datanode-2/data/ratis/54e10fd4-cd9d-4fa1-8c4c-f29f1192f946] ERROR segmented.SegmentedRaftLogWorker (SegmentedRaftLogWorker.java:run(323)) - 136f1953-bb94-4097-a2d4-422a6782bee0-SegmentedRaftLogWorker:Storage Directory /workdir/hadoop-ozone/integration-test/target/test-dir/MiniOzoneClusterImpl-806821b2-061b-4172-afaf-fb68ff5248bd/datanode-2/data/ratis/54e10fd4-cd9d-4fa1-8c4c-f29f1192f946 hit exception
java.lang.OutOfMemoryError: Direct buffer memory
	at java.nio.Bits.reserveMemory(Bits.java:666)
	at java.nio.DirectByteBuffer.<init>(DirectByteBuffer.java:123)
	at java.nio.ByteBuffer.allocateDirect(ByteBuffer.java:311)
	at org.apache.ratis.server.raftlog.segmented.BufferedWriteChannel.<init>(BufferedWriteChannel.java:41)
	at org.apache.ratis.server.raftlog.segmented.SegmentedRaftLogOutputStream.<init>(SegmentedRaftLogOutputStream.java:72)
	at org.apache.ratis.server.raftlog.segmented.SegmentedRaftLogWorker$StartLogSegment.execute(SegmentedRaftLogWorker.java:566)
	at org.apache.ratis.server.raftlog.segmented.SegmentedRaftLogWorker.run(SegmentedRaftLogWorker.java:289)
	at java.lang.Thread.run(Thread.java:748)
2019-09-20 10:25:08,049 [cff8bf6b-8d20-4327-9f29-08a3c2b49247-SegmentedRaftLogWorker:Storage Directory /workdir/hadoop-ozone/integration-test/target/test-dir/MiniOzoneClusterImpl-806821b2-061b-4172-afaf-fb68ff5248bd/datanode-3/data/ratis/3136328c-58bd-431e-a818-e11b07918171] ERROR segmented.SegmentedRaftLogWorker (SegmentedRaftLogWorker.java:run(323)) - cff8bf6b-8d20-4327-9f29-08a3c2b49247-SegmentedRaftLogWorker:Storage Directory /workdir/hadoop-ozone/integration-test/target/test-dir/MiniOzoneClusterImpl-806821b2-061b-4172-afaf-fb68ff5248bd/datanode-3/data/ratis/3136328c-58bd-431e-a818-e11b07918171 hit exception
java.lang.OutOfMemoryError: Direct buffer memory
	at java.nio.Bits.reserveMemory(Bits.java:666)
	at java.nio.DirectByteBuffer.<init>(DirectByteBuffer.java:123)
	at java.nio.ByteBuffer.allocateDirect(ByteBuffer.java:311)
	at org.apache.ratis.server.raftlog.segmented.BufferedWriteChannel.<init>(BufferedWriteChannel.java:41)
	at org.apache.ratis.server.raftlog.segmented.SegmentedRaftLogOutputStream.<init>(SegmentedRaftLogOutputStream.java:72)
	at org.apache.ratis.server.raftlog.segmented.SegmentedRaftLogWorker$StartLogSegment.execute(SegmentedRaftLogWorker.java:566)
	at org.apache.ratis.server.raftlog.segmented.SegmentedRaftLogWorker.run(SegmentedRaftLogWorker.java:289)
	at java.lang.Thread.run(Thread.java:748)
2019-09-20 10:25:07,651 [b5962e8e-c9f1-48aa-8eb4-d8f74b8afdbe:group-900160021207:LeaderElection113] INFO  impl.RaftServerImpl (ServerState.java:setRaftConf(361)) - b5962e8e-c9f1-48aa-8eb4-d8f74b8afdbe:group-900160021207 set configuration 0: [b5962e8e-c9f1-48aa-8eb4-d8f74b8afdbe:192.168.36.99:39222], old=null at 0
2019-09-20 10:25:07,650 [e8013689-2f13-4aaf-8a03-99f419c430ec-SegmentedRaftLogWorker:Storage Directory /workdir/hadoop-ozone/integration-test/target/test-dir/MiniOzoneClusterImpl-806821b2-061b-4172-afaf-fb68ff5248bd/datanode-1/data/ratis/9dc661b3-6bc1-4668-93d5-ecc0da2b67f9] INFO  impl.PendingRequests (PendingRequests.java:sendNotLeaderResponses(202)) - e8013689-2f13-4aaf-8a03-99f419c430ec-PendingRequests: sendNotLeaderResponses
2019-09-20 10:25:07,650 [99e70dd4-d763-4473-944c-c5628506dcf8:group-D0A60C53CD0E:LeaderElection115] INFO  segmented.SegmentedRaftLogWorker (SegmentedRaftLogWorker.java:startLogSegment(380)) - 99e70dd4-d763-4473-944c-c5628506dcf8-SegmentedRaftLogWorker:Storage Directory /workdir/hadoop-ozone/integration-test/target/test-dir/MiniOzoneClusterImpl-806821b2-061b-4172-afaf-fb68ff5248bd/datanode-6/data/ratis/9ed2b117-4d89-4708-843a-d0a60c53cd0e: Starting segment from index:0
2019-09-20 10:25:07,649 [136f1953-bb94-4097-a2d4-422a6782bee0-SegmentedRaftLogWorker:Storage Directory /workdir/hadoop-ozone/integration-test/target/test-dir/MiniOzoneClusterImpl-806821b2-061b-4172-afaf-fb68ff5248bd/datanode-2/data/ratis/9e0b6be5-3a8b-46a6-91d2-f0b5be8cfe34] INFO  util.JmxRegister (JmxRegister.java:unregister(73)) - Successfully un-registered JMX Bean with object name Ratis:service=RaftServer,group=group-F0B5BE8CFE34,id=136f1953-bb94-4097-a2d4-422a6782bee0
2019-09-20 10:25:07,649 [99e70dd4-d763-4473-944c-c5628506dcf8:group-5542CC850C81:LeaderElection122] INFO  server.RaftServerConfigKeys (ConfUtils.java:logGet(43)) - raft.server.rpc.sleep.time = 25ms (default)
2019-09-20 10:25:08,840 | INFO  | SCMAudit | user=jenkins1000 | ip=192.168.36.99 | op=SEND_HEARTBEAT {datanodeUUID=6491c372-a595-4104-b3e9-c4f3293baafa, command=[]} | ret=SUCCESS |  
2019-09-20 10:25:08,840 | INFO  | SCMAudit | user=jenkins1000 | ip=192.168.36.99 | op=SEND_HEARTBEAT {datanodeUUID=99e70dd4-d763-4473-944c-c5628506dcf8, command=[]} | ret=SUCCESS |  
2019-09-20 10:25:08,840 | INFO  | SCMAudit | user=jenkins1000 | ip=192.168.36.99 | op=SEND_HEARTBEAT {datanodeUUID=b5962e8e-c9f1-48aa-8eb4-d8f74b8afdbe, command=[]} | ret=SUCCESS |  
2019-09-20 10:25:07,260 [b5962e8e-c9f1-48aa-8eb4-d8f74b8afdbe:group-66792EEE1340:LeaderElection114] INFO  impl.RaftServerImpl (ServerState.java:setRaftConf(361)) - b5962e8e-c9f1-48aa-8eb4-d8f74b8afdbe:group-66792EEE1340 set configuration 0: [b5962e8e-c9f1-48aa-8eb4-d8f74b8afdbe:192.168.36.99:39222], old=null at 0
2019-09-20 10:25:08,840 | INFO  | SCMAudit | user=jenkins1000 | ip=192.168.36.99 | op=SEND_HEARTBEAT {datanodeUUID=136f1953-bb94-4097-a2d4-422a6782bee0, command=[]} | ret=SUCCESS |  
2019-09-20 10:25:08,840 | INFO  | SCMAudit | user=jenkins1000 | ip=192.168.36.99 | op=SEND_HEARTBEAT {datanodeUUID=bb8f5112-316d-4974-a5a6-f698f3fbb5be, command=[]} | ret=SUCCESS |  
2019-09-20 10:25:08,840 | INFO  | SCMAudit | user=jenkins1000 | ip=192.168.36.99 | op=SEND_HEARTBEAT {datanodeUUID=54207fe5-d92c-4c2e-b058-fbae630dabef, command=[]} | ret=SUCCESS |  
2019-09-20 10:25:08,840 | INFO  | SCMAudit | user=jenkins1000 | ip=192.168.36.99 | op=SEND_HEARTBEAT {datanodeUUID=e8013689-2f13-4aaf-8a03-99f419c430ec, command=[]} | ret=SUCCESS |  
2019-09-20 10:25:07,255 [Thread-1283] INFO  impl.FollowerState (FollowerState.java:run(106)) - b5962e8e-c9f1-48aa-8eb4-d8f74b8afdbe:group-0610CA833D6D changes to CANDIDATE, lastRpcTime:10698, electionTimeout:5173ms
2019-09-20 10:25:08,840 | INFO  | SCMAudit | user=jenkins1000 | ip=192.168.36.99 | op=SEND_HEARTBEAT {datanodeUUID=9e03ffa9-cf79-407a-a150-4c035e5aec5e, command=[]} | ret=SUCCESS |  
2019-09-20 10:25:08,840 | INFO  | SCMAudit | user=jenkins1000 | ip=192.168.36.99 | op=SEND_HEARTBEAT {datanodeUUID=d2ed2d9b-7ac7-460e-84f6-6d9d6066f76d, command=[]} | ret=SUCCESS |  
2019-09-20 10:25:08,840 | INFO  | SCMAudit | user=jenkins1000 | ip=192.168.36.99 | op=SEND_HEARTBEAT {datanodeUUID=60260ec1-e192-4b95-89c8-d924d16a77a9, command=[]} | ret=SUCCESS |  
2019-09-20 10:25:08,840 | INFO  | SCMAudit | user=jenkins1000 | ip=192.168.36.99 | op=SEND_HEARTBEAT {datanodeUUID=468be06f-55e9-4831-ba6b-3db017451a79, command=[]} | ret=SUCCESS |  
2019-09-20 10:25:07,249 [136f1953-bb94-4097-a2d4-422a6782bee0-SegmentedRaftLogWorker:Storage Directory /workdir/hadoop-ozone/integration-test/target/test-dir/MiniOzoneClusterImpl-806821b2-061b-4172-afaf-fb68ff5248bd/datanode-2/data/ratis/0eedc282-be83-4ac8-ab7a-c7c9e2beed22] ERROR segmented.SegmentedRaftLogWorker (SegmentedRaftLogWorker.java:run(323)) - 136f1953-bb94-4097-a2d4-422a6782bee0-SegmentedRaftLogWorker:Storage Directory /workdir/hadoop-ozone/integration-test/target/test-dir/MiniOzoneClusterImpl-806821b2-061b-4172-afaf-fb68ff5248bd/datanode-2/data/ratis/0eedc282-be83-4ac8-ab7a-c7c9e2beed22 hit exception
java.lang.OutOfMemoryError: Direct buffer memory
	at java.nio.Bits.reserveMemory(Bits.java:666)
	at java.nio.DirectByteBuffer.<init>(DirectByteBuffer.java:123)
	at java.nio.ByteBuffer.allocateDirect(ByteBuffer.java:311)
	at org.apache.ratis.server.raftlog.segmented.BufferedWriteChannel.<init>(BufferedWriteChannel.java:41)
	at org.apache.ratis.server.raftlog.segmented.SegmentedRaftLogOutputStream.<init>(SegmentedRaftLogOutputStream.java:72)
	at org.apache.ratis.server.raftlog.segmented.SegmentedRaftLogWorker$StartLogSegment.execute(SegmentedRaftLogWorker.java:566)
	at org.apache.ratis.server.raftlog.segmented.SegmentedRaftLogWorker.run(SegmentedRaftLogWorker.java:289)
	at java.lang.Thread.run(Thread.java:748)
2019-09-20 10:25:08,840 | INFO  | SCMAudit | user=jenkins1000 | ip=192.168.36.99 | op=SEND_HEARTBEAT {datanodeUUID=61649f92-8c0f-475a-818d-1064548aeef6, command=[]} | ret=SUCCESS |  
2019-09-20 10:25:08,841 | INFO  | SCMAudit | user=jenkins1000 | ip=192.168.36.99 | op=SEND_HEARTBEAT {datanodeUUID=19fb8383-7c99-4449-b95c-a26e71717844, command=[]} | ret=SUCCESS |  
2019-09-20 10:25:08,841 | INFO  | SCMAudit | user=jenkins1000 | ip=192.168.36.99 | op=SEND_HEARTBEAT {datanodeUUID=cff8bf6b-8d20-4327-9f29-08a3c2b49247, command=[]} | ret=SUCCESS |  
2019-09-20 10:25:07,249 [136f1953-bb94-4097-a2d4-422a6782bee0-SegmentedRaftLogWorker:Storage Directory /workdir/hadoop-ozone/integration-test/target/test-dir/MiniOzoneClusterImpl-806821b2-061b-4172-afaf-fb68ff5248bd/datanode-2/data/ratis/ab429de5-7bd6-4f65-abd0-3ee8db6cdf8e] ERROR segmented.SegmentedRaftLogWorker (SegmentedRaftLogWorker.java:run(323)) - 136f1953-bb94-4097-a2d4-422a6782bee0-SegmentedRaftLogWorker:Storage Directory /workdir/hadoop-ozone/integration-test/target/test-dir/MiniOzoneClusterImpl-806821b2-061b-4172-afaf-fb68ff5248bd/datanode-2/data/ratis/ab429de5-7bd6-4f65-abd0-3ee8db6cdf8e hit exception
java.lang.OutOfMemoryError: Direct buffer memory
	at java.nio.Bits.reserveMemory(Bits.java:666)
	at java.nio.DirectByteBuffer.<init>(DirectByteBuffer.java:123)
	at java.nio.ByteBuffer.allocateDirect(ByteBuffer.java:311)
	at org.apache.ratis.server.raftlog.segmented.BufferedWriteChannel.<init>(BufferedWriteChannel.java:41)
	at org.apache.ratis.server.raftlog.segmented.SegmentedRaftLogOutputStream.<init>(SegmentedRaftLogOutputStream.java:72)
	at org.apache.ratis.server.raftlog.segmented.SegmentedRaftLogWorker$StartLogSegment.execute(SegmentedRaftLogWorker.java:566)
	at org.apache.ratis.server.raftlog.segmented.SegmentedRaftLogWorker.run(SegmentedRaftLogWorker.java:289)
	at java.lang.Thread.run(Thread.java:748)
2019-09-20 10:25:07,249 [cff8bf6b-8d20-4327-9f29-08a3c2b49247-SegmentedRaftLogWorker:Storage Directory /workdir/hadoop-ozone/integration-test/target/test-dir/MiniOzoneClusterImpl-806821b2-061b-4172-afaf-fb68ff5248bd/datanode-3/data/ratis/dd8bb0d1-585a-4aee-9fa3-41168ab8a65f] ERROR segmented.SegmentedRaftLogWorker (SegmentedRaftLogWorker.java:run(323)) - cff8bf6b-8d20-4327-9f29-08a3c2b49247-SegmentedRaftLogWorker:Storage Directory /workdir/hadoop-ozone/integration-test/target/test-dir/MiniOzoneClusterImpl-806821b2-061b-4172-afaf-fb68ff5248bd/datanode-3/data/ratis/dd8bb0d1-585a-4aee-9fa3-41168ab8a65f hit exception
java.lang.OutOfMemoryError: Direct buffer memory
	at java.nio.Bits.reserveMemory(Bits.java:666)
	at java.nio.DirectByteBuffer.<init>(DirectByteBuffer.java:123)
	at java.nio.ByteBuffer.allocateDirect(ByteBuffer.java:311)
	at org.apache.ratis.server.raftlog.segmented.BufferedWriteChannel.<init>(BufferedWriteChannel.java:41)
	at org.apache.ratis.server.raftlog.segmented.SegmentedRaftLogOutputStream.<init>(SegmentedRaftLogOutputStream.java:72)
	at org.apache.ratis.server.raftlog.segmented.SegmentedRaftLogWorker$StartLogSegment.execute(SegmentedRaftLogWorker.java:566)
	at org.apache.ratis.server.raftlog.segmented.SegmentedRaftLogWorker.run(SegmentedRaftLogWorker.java:289)
	at java.lang.Thread.run(Thread.java:748)
2019-09-20 10:25:07,249 [Thread-1280] INFO  impl.FollowerState (FollowerState.java:run(106)) - b5962e8e-c9f1-48aa-8eb4-d8f74b8afdbe:group-C6BC69FEB661 changes to CANDIDATE, lastRpcTime:10759, electionTimeout:5070ms
2019-09-20 10:25:06,845 [cff8bf6b-8d20-4327-9f29-08a3c2b49247:group-1AD398AC37E4:LeaderElection107] INFO  impl.RaftServerImpl (ServerState.java:setRaftConf(361)) - cff8bf6b-8d20-4327-9f29-08a3c2b49247:group-1AD398AC37E4 set configuration 0: [cff8bf6b-8d20-4327-9f29-08a3c2b49247:192.168.36.99:46163], old=null at 0
2019-09-20 10:25:06,845 [bb8f5112-316d-4974-a5a6-f698f3fbb5be:group-7A5798921CF6:LeaderElection111] INFO  segmented.SegmentedRaftLogWorker (SegmentedRaftLogWorker.java:startLogSegment(380)) - bb8f5112-316d-4974-a5a6-f698f3fbb5be-SegmentedRaftLogWorker:Storage Directory /workdir/hadoop-ozone/integration-test/target/test-dir/MiniOzoneClusterImpl-806821b2-061b-4172-afaf-fb68ff5248bd/datanode-5/data/ratis/a507a5b9-5e34-42b7-a73c-7a5798921cf6: Starting segment from index:0
2019-09-20 10:25:06,844 [99e70dd4-d763-4473-944c-c5628506dcf8:group-335F5008A6D5:LeaderElection119] INFO  server.RaftServerConfigKeys (ConfUtils.java:logGet(43)) - raft.server.watch.element-limit = 65536 (default)
2019-09-20 10:25:06,844 [bb8f5112-316d-4974-a5a6-f698f3fbb5be:group-43E823771414:LeaderElection108] INFO  impl.RoleInfo (RoleInfo.java:updateAndGet(143)) - bb8f5112-316d-4974-a5a6-f698f3fbb5be: start LeaderState
2019-09-20 10:25:06,844 [99e70dd4-d763-4473-944c-c5628506dcf8:group-496F8780B312:LeaderElection120] INFO  server.RaftServerConfigKeys (ConfUtils.java:logGet(43)) - raft.server.watch.timeout.denomination = 1s (default)
2019-09-20 10:25:06,844 [e8013689-2f13-4aaf-8a03-99f419c430ec-SegmentedRaftLogWorker:Storage Directory /workdir/hadoop-ozone/integration-test/target/test-dir/MiniOzoneClusterImpl-806821b2-061b-4172-afaf-fb68ff5248bd/datanode-1/data/ratis/cb9ec300-e6b5-4cd9-9086-f7c2acba30a6] INFO  impl.StateMachineUpdater (StateMachineUpdater.java:stopAndJoin(115)) - StateMachineUpdater:e8013689-2f13-4aaf-8a03-99f419c430ec:group-F7C2ACBA30A6: set stopIndex = -1
2019-09-20 10:25:09,095 [e8013689-2f13-4aaf-8a03-99f419c430ec-SegmentedRaftLogWorker:Storage Directory /workdir/hadoop-ozone/integration-test/target/test-dir/MiniOzoneClusterImpl-806821b2-061b-4172-afaf-fb68ff5248bd/datanode-1/data/ratis/cb9ec300-e6b5-4cd9-9086-f7c2acba30a6] INFO  impl.RaftServerImpl (ServerState.java:close(394)) - e8013689-2f13-4aaf-8a03-99f419c430ec:group-F7C2ACBA30A6 closes. The last applied log index is -1
2019-09-20 10:25:06,844 [99e70dd4-d763-4473-944c-c5628506dcf8:group-CCAADAAF72A4:LeaderElection116] INFO  server.RaftServerConfigKeys (ConfUtils.java:logGet(43)) - raft.server.write.element-limit = 4096 (default)
2019-09-20 10:25:09,096 [cff8bf6b-8d20-4327-9f29-08a3c2b49247-SegmentedRaftLogWorker:Storage Directory /workdir/hadoop-ozone/integration-test/target/test-dir/MiniOzoneClusterImpl-806821b2-061b-4172-afaf-fb68ff5248bd/datanode-3/data/ratis/e3e3c918-b34d-46f7-b3c6-59d57af1bf79] ERROR segmented.SegmentedRaftLogWorker (SegmentedRaftLogWorker.java:run(323)) - cff8bf6b-8d20-4327-9f29-08a3c2b49247-SegmentedRaftLogWorker:Storage Directory /workdir/hadoop-ozone/integration-test/target/test-dir/MiniOzoneClusterImpl-806821b2-061b-4172-afaf-fb68ff5248bd/datanode-3/data/ratis/e3e3c918-b34d-46f7-b3c6-59d57af1bf79 hit exception
java.lang.OutOfMemoryError: Direct buffer memory
	at java.nio.Bits.reserveMemory(Bits.java:666)
	at java.nio.DirectByteBuffer.<init>(DirectByteBuffer.java:123)
	at java.nio.ByteBuffer.allocateDirect(ByteBuffer.java:311)
	at org.apache.ratis.server.raftlog.segmented.BufferedWriteChannel.<init>(BufferedWriteChannel.java:41)
	at org.apache.ratis.server.raftlog.segmented.SegmentedRaftLogOutputStream.<init>(SegmentedRaftLogOutputStream.java:72)
	at org.apache.ratis.server.raftlog.segmented.SegmentedRaftLogWorker$StartLogSegment.execute(SegmentedRaftLogWorker.java:566)
	at org.apache.ratis.server.raftlog.segmented.SegmentedRaftLogWorker.run(SegmentedRaftLogWorker.java:289)
	at java.lang.Thread.run(Thread.java:748)
2019-09-20 10:25:09,096 [e8013689-2f13-4aaf-8a03-99f419c430ec-SegmentedRaftLogWorker:Storage Directory /workdir/hadoop-ozone/integration-test/target/test-dir/MiniOzoneClusterImpl-806821b2-061b-4172-afaf-fb68ff5248bd/datanode-1/data/ratis/cb9ec300-e6b5-4cd9-9086-f7c2acba30a6] INFO  segmented.SegmentedRaftLogWorker (SegmentedRaftLogWorker.java:close(228)) - e8013689-2f13-4aaf-8a03-99f419c430ec-SegmentedRaftLogWorker:Storage Directory /workdir/hadoop-ozone/integration-test/target/test-dir/MiniOzoneClusterImpl-806821b2-061b-4172-afaf-fb68ff5248bd/datanode-1/data/ratis/cb9ec300-e6b5-4cd9-9086-f7c2acba30a6 close()
2019-09-20 10:25:09,095 [bb8f5112-316d-4974-a5a6-f698f3fbb5be:group-43E823771414:LeaderElection108] INFO  segmented.SegmentedRaftLogWorker (SegmentedRaftLogWorker.java:startLogSegment(380)) - bb8f5112-316d-4974-a5a6-f698f3fbb5be-SegmentedRaftLogWorker:Storage Directory /workdir/hadoop-ozone/integration-test/target/test-dir/MiniOzoneClusterImpl-806821b2-061b-4172-afaf-fb68ff5248bd/datanode-5/data/ratis/e194f024-2958-46c3-9e56-43e823771414: Starting segment from index:0
2019-09-20 10:25:09,095 [99e70dd4-d763-4473-944c-c5628506dcf8:group-496F8780B312:LeaderElection120] INFO  server.RaftServerConfigKeys (ConfUtils.java:logGet(43)) - raft.server.watch.element-limit = 65536 (default)
2019-09-20 10:25:09,109 [99e70dd4-d763-4473-944c-c5628506dcf8:group-496F8780B312:LeaderElection120] INFO  impl.RoleInfo (RoleInfo.java:updateAndGet(143)) - 99e70dd4-d763-4473-944c-c5628506dcf8: start LeaderState
2019-09-20 10:25:09,095 [bb8f5112-316d-4974-a5a6-f698f3fbb5be:group-7A5798921CF6:LeaderElection111] INFO  impl.RaftServerImpl (ServerState.java:setRaftConf(361)) - bb8f5112-316d-4974-a5a6-f698f3fbb5be:group-7A5798921CF6 set configuration 0: [bb8f5112-316d-4974-a5a6-f698f3fbb5be:192.168.36.99:38352], old=null at 0
2019-09-20 10:25:09,115 [bb8f5112-316d-4974-a5a6-f698f3fbb5be:group-43E823771414:LeaderElection108] INFO  impl.RaftServerImpl (ServerState.java:setRaftConf(361)) - bb8f5112-316d-4974-a5a6-f698f3fbb5be:group-43E823771414 set configuration 0: [bb8f5112-316d-4974-a5a6-f698f3fbb5be:192.168.36.99:38352], old=null at 0
2019-09-20 10:25:09,095 [99e70dd4-d763-4473-944c-c5628506dcf8:group-335F5008A6D5:LeaderElection119] INFO  impl.RoleInfo (RoleInfo.java:updateAndGet(143)) - 99e70dd4-d763-4473-944c-c5628506dcf8: start LeaderState
2019-09-20 10:25:08,841 [Thread-1280] INFO  impl.RoleInfo (RoleInfo.java:shutdownFollowerState(121)) - b5962e8e-c9f1-48aa-8eb4-d8f74b8afdbe: shutdown FollowerState
2019-09-20 10:25:08,841 [cff8bf6b-8d20-4327-9f29-08a3c2b49247-SegmentedRaftLogWorker:Storage Directory /workdir/hadoop-ozone/integration-test/target/test-dir/MiniOzoneClusterImpl-806821b2-061b-4172-afaf-fb68ff5248bd/datanode-3/data/ratis/dd8bb0d1-585a-4aee-9fa3-41168ab8a65f] INFO  impl.RaftServerImpl (RaftServerImpl.java:lambda$shutdown$3(245)) - cff8bf6b-8d20-4327-9f29-08a3c2b49247: shutdown group-41168AB8A65F
2019-09-20 10:25:08,841 [136f1953-bb94-4097-a2d4-422a6782bee0-SegmentedRaftLogWorker:Storage Directory /workdir/hadoop-ozone/integration-test/target/test-dir/MiniOzoneClusterImpl-806821b2-061b-4172-afaf-fb68ff5248bd/datanode-2/data/ratis/ab429de5-7bd6-4f65-abd0-3ee8db6cdf8e] INFO  impl.RaftServerImpl (RaftServerImpl.java:lambda$shutdown$3(245)) - 136f1953-bb94-4097-a2d4-422a6782bee0: shutdown group-3EE8DB6CDF8E
2019-09-20 10:25:08,841 [136f1953-bb94-4097-a2d4-422a6782bee0-SegmentedRaftLogWorker:Storage Directory /workdir/hadoop-ozone/integration-test/target/test-dir/MiniOzoneClusterImpl-806821b2-061b-4172-afaf-fb68ff5248bd/datanode-2/data/ratis/0eedc282-be83-4ac8-ab7a-c7c9e2beed22] INFO  impl.RaftServerImpl (RaftServerImpl.java:lambda$shutdown$3(245)) - 136f1953-bb94-4097-a2d4-422a6782bee0: shutdown group-C7C9E2BEED22
2019-09-20 10:25:08,840 [Thread-1283] INFO  impl.RoleInfo (RoleInfo.java:shutdownFollowerState(121)) - b5962e8e-c9f1-48aa-8eb4-d8f74b8afdbe: shutdown FollowerState
2019-09-20 10:25:08,840 [99e70dd4-d763-4473-944c-c5628506dcf8:group-D0A60C53CD0E:LeaderElection115] INFO  impl.RaftServerImpl (ServerState.java:setRaftConf(361)) - 99e70dd4-d763-4473-944c-c5628506dcf8:group-D0A60C53CD0E set configuration 0: [99e70dd4-d763-4473-944c-c5628506dcf8:192.168.36.99:46869], old=null at 0
2019-09-20 10:25:08,499 [99e70dd4-d763-4473-944c-c5628506dcf8:group-5542CC850C81:LeaderElection122] INFO  server.RaftServerConfigKeys (ConfUtils.java:logGet(43)) - raft.server.write.element-limit = 4096 (default)
2019-09-20 10:25:08,499 [main] INFO  server.BaseHttpServer (BaseHttpServer.java:updateConnectorAddress(213)) - HTTP server of OZONEMANAGER is listening at http://0.0.0.0:37611
2019-09-20 10:25:08,499 [136f1953-bb94-4097-a2d4-422a6782bee0-SegmentedRaftLogWorker:Storage Directory /workdir/hadoop-ozone/integration-test/target/test-dir/MiniOzoneClusterImpl-806821b2-061b-4172-afaf-fb68ff5248bd/datanode-2/data/ratis/9e0b6be5-3a8b-46a6-91d2-f0b5be8cfe34] INFO  impl.RoleInfo (RoleInfo.java:shutdownLeaderState(104)) - 136f1953-bb94-4097-a2d4-422a6782bee0: shutdown LeaderState
2019-09-20 10:25:08,499 [e8013689-2f13-4aaf-8a03-99f419c430ec-SegmentedRaftLogWorker:Storage Directory /workdir/hadoop-ozone/integration-test/target/test-dir/MiniOzoneClusterImpl-806821b2-061b-4172-afaf-fb68ff5248bd/datanode-1/data/ratis/9dc661b3-6bc1-4668-93d5-ecc0da2b67f9] INFO  impl.StateMachineUpdater (StateMachineUpdater.java:stopAndJoin(115)) - StateMachineUpdater:e8013689-2f13-4aaf-8a03-99f419c430ec:group-ECC0DA2B67F9: set stopIndex = -1
2019-09-20 10:25:08,498 [cff8bf6b-8d20-4327-9f29-08a3c2b49247-SegmentedRaftLogWorker:Storage Directory /workdir/hadoop-ozone/integration-test/target/test-dir/MiniOzoneClusterImpl-806821b2-061b-4172-afaf-fb68ff5248bd/datanode-3/data/ratis/3136328c-58bd-431e-a818-e11b07918171] INFO  impl.RaftServerImpl (RaftServerImpl.java:lambda$shutdown$3(245)) - cff8bf6b-8d20-4327-9f29-08a3c2b49247: shutdown group-E11B07918171
2019-09-20 10:25:08,498 [136f1953-bb94-4097-a2d4-422a6782bee0-SegmentedRaftLogWorker:Storage Directory /workdir/hadoop-ozone/integration-test/target/test-dir/MiniOzoneClusterImpl-806821b2-061b-4172-afaf-fb68ff5248bd/datanode-2/data/ratis/54e10fd4-cd9d-4fa1-8c4c-f29f1192f946] INFO  impl.RaftServerImpl (RaftServerImpl.java:lambda$shutdown$3(245)) - 136f1953-bb94-4097-a2d4-422a6782bee0: shutdown group-F29F1192F946
2019-09-20 10:25:08,497 [b5962e8e-c9f1-48aa-8eb4-d8f74b8afdbe:group-827999EF7ADD:LeaderElection118] INFO  server.RaftServerConfigKeys (ConfUtils.java:logGet(43)) - raft.server.watch.timeout.denomination = 1s (default)
2019-09-20 10:25:08,497 [bb8f5112-316d-4974-a5a6-f698f3fbb5be:group-8A09BD39043B:LeaderElection117] INFO  server.RaftServerConfigKeys (ConfUtils.java:logGet(43)) - raft.server.watch.element-limit = 65536 (default)
2019-09-20 10:25:08,497 [cff8bf6b-8d20-4327-9f29-08a3c2b49247:group-54713C5DDCE3:LeaderElection110] INFO  impl.RaftServerImpl (ServerState.java:setRaftConf(361)) - cff8bf6b-8d20-4327-9f29-08a3c2b49247:group-54713C5DDCE3 set configuration 0: [cff8bf6b-8d20-4327-9f29-08a3c2b49247:192.168.36.99:46163], old=null at 0
2019-09-20 10:25:09,134 [bb8f5112-316d-4974-a5a6-f698f3fbb5be:group-8A09BD39043B:LeaderElection117] INFO  impl.RoleInfo (RoleInfo.java:updateAndGet(143)) - bb8f5112-316d-4974-a5a6-f698f3fbb5be: start LeaderState
2019-09-20 10:25:08,488 [Thread-1310] INFO  impl.FollowerState (FollowerState.java:run(106)) - bb8f5112-316d-4974-a5a6-f698f3fbb5be:group-60E02580B572 changes to CANDIDATE, lastRpcTime:11266, electionTimeout:5054ms
2019-09-20 10:25:09,134 [Thread-1310] INFO  impl.RoleInfo (RoleInfo.java:shutdownFollowerState(121)) - bb8f5112-316d-4974-a5a6-f698f3fbb5be: shutdown FollowerState
2019-09-20 10:25:08,488 [136f1953-bb94-4097-a2d4-422a6782bee0-SegmentedRaftLogWorker:Storage Directory /workdir/hadoop-ozone/integration-test/target/test-dir/MiniOzoneClusterImpl-806821b2-061b-4172-afaf-fb68ff5248bd/datanode-2/data/ratis/3a28e6b2-f888-47e8-8242-d306834017eb] ERROR segmented.SegmentedRaftLogWorker (SegmentedRaftLogWorker.java:run(323)) - 136f1953-bb94-4097-a2d4-422a6782bee0-SegmentedRaftLogWorker:Storage Directory /workdir/hadoop-ozone/integration-test/target/test-dir/MiniOzoneClusterImpl-806821b2-061b-4172-afaf-fb68ff5248bd/datanode-2/data/ratis/3a28e6b2-f888-47e8-8242-d306834017eb hit exception
java.lang.OutOfMemoryError: Direct buffer memory
	at java.nio.Bits.reserveMemory(Bits.java:666)
	at java.nio.DirectByteBuffer.<init>(DirectByteBuffer.java:123)
	at java.nio.ByteBuffer.allocateDirect(ByteBuffer.java:311)
	at org.apache.ratis.server.raftlog.segmented.BufferedWriteChannel.<init>(BufferedWriteChannel.java:41)
	at org.apache.ratis.server.raftlog.segmented.SegmentedRaftLogOutputStream.<init>(SegmentedRaftLogOutputStream.java:72)
	at org.apache.ratis.server.raftlog.segmented.SegmentedRaftLogWorker$StartLogSegment.execute(SegmentedRaftLogWorker.java:566)
	at org.apache.ratis.server.raftlog.segmented.SegmentedRaftLogWorker.run(SegmentedRaftLogWorker.java:289)
	at java.lang.Thread.run(Thread.java:748)
2019-09-20 10:25:08,488 [Thread-1316] INFO  impl.FollowerState (FollowerState.java:run(106)) - bb8f5112-316d-4974-a5a6-f698f3fbb5be:group-EF2B7B4F9A5B changes to CANDIDATE, lastRpcTime:11114, electionTimeout:5125ms
2019-09-20 10:25:08,488 [Thread-1319] INFO  impl.FollowerState (FollowerState.java:run(106)) - b5962e8e-c9f1-48aa-8eb4-d8f74b8afdbe:group-A03A25B01F56 changes to CANDIDATE, lastRpcTime:11063, electionTimeout:5159ms
2019-09-20 10:25:09,135 [Thread-1319] INFO  impl.RoleInfo (RoleInfo.java:shutdownFollowerState(121)) - b5962e8e-c9f1-48aa-8eb4-d8f74b8afdbe: shutdown FollowerState
2019-09-20 10:25:08,488 [Thread-1313] INFO  impl.FollowerState (FollowerState.java:run(106)) - 99e70dd4-d763-4473-944c-c5628506dcf8:group-56945867D80F changes to CANDIDATE, lastRpcTime:11173, electionTimeout:5192ms
2019-09-20 10:25:09,135 [Thread-1313] INFO  impl.RoleInfo (RoleInfo.java:shutdownFollowerState(121)) - 99e70dd4-d763-4473-944c-c5628506dcf8: shutdown FollowerState
2019-09-20 10:25:08,076 [bb8f5112-316d-4974-a5a6-f698f3fbb5be:group-29F07B0353B5:LeaderElection121] INFO  server.RaftServerConfigKeys (ConfUtils.java:logGet(43)) - raft.server.watch.element-limit = 65536 (default)
2019-09-20 10:25:08,075 [e8013689-2f13-4aaf-8a03-99f419c430ec-SegmentedRaftLogWorker:Storage Directory /workdir/hadoop-ozone/integration-test/target/test-dir/MiniOzoneClusterImpl-806821b2-061b-4172-afaf-fb68ff5248bd/datanode-1/data/ratis/08136aa7-4ba0-4fe8-b0eb-4f0d8b9435fe] INFO  util.JmxRegister (JmxRegister.java:unregister(73)) - Successfully un-registered JMX Bean with object name Ratis:service=RaftServer,group=group-4F0D8B9435FE,id=e8013689-2f13-4aaf-8a03-99f419c430ec
2019-09-20 10:25:08,075 [cff8bf6b-8d20-4327-9f29-08a3c2b49247:group-8BF4BCFBCE01:LeaderElection109] INFO  server.RaftServerConfigKeys (ConfUtils.java:logGet(43)) - raft.server.watch.timeout.denomination = 1s (default)
2019-09-20 10:25:09,135 [e8013689-2f13-4aaf-8a03-99f419c430ec-SegmentedRaftLogWorker:Storage Directory /workdir/hadoop-ozone/integration-test/target/test-dir/MiniOzoneClusterImpl-806821b2-061b-4172-afaf-fb68ff5248bd/datanode-1/data/ratis/08136aa7-4ba0-4fe8-b0eb-4f0d8b9435fe] INFO  impl.RoleInfo (RoleInfo.java:shutdownLeaderState(104)) - e8013689-2f13-4aaf-8a03-99f419c430ec: shutdown LeaderState
2019-09-20 10:25:09,135 [bb8f5112-316d-4974-a5a6-f698f3fbb5be:group-29F07B0353B5:LeaderElection121] INFO  impl.RoleInfo (RoleInfo.java:updateAndGet(143)) - bb8f5112-316d-4974-a5a6-f698f3fbb5be: start LeaderState
2019-09-20 10:25:09,135 [Thread-1313] INFO  impl.RaftServerImpl (RaftServerImpl.java:setRole(171)) - 99e70dd4-d763-4473-944c-c5628506dcf8:group-56945867D80F changes role from FOLLOWER to CANDIDATE at term 0 for changeToCandidate
2019-09-20 10:25:09,135 [Thread-1319] INFO  impl.RaftServerImpl (RaftServerImpl.java:setRole(171)) - b5962e8e-c9f1-48aa-8eb4-d8f74b8afdbe:group-A03A25B01F56 changes role from FOLLOWER to CANDIDATE at term 0 for changeToCandidate
2019-09-20 10:25:09,135 [Thread-1316] INFO  impl.RoleInfo (RoleInfo.java:shutdownFollowerState(121)) - bb8f5112-316d-4974-a5a6-f698f3fbb5be: shutdown FollowerState
2019-09-20 10:25:09,134 [136f1953-bb94-4097-a2d4-422a6782bee0-SegmentedRaftLogWorker:Storage Directory /workdir/hadoop-ozone/integration-test/target/test-dir/MiniOzoneClusterImpl-806821b2-061b-4172-afaf-fb68ff5248bd/datanode-2/data/ratis/3a28e6b2-f888-47e8-8242-d306834017eb] INFO  impl.RaftServerImpl (RaftServerImpl.java:lambda$shutdown$3(245)) - 136f1953-bb94-4097-a2d4-422a6782bee0: shutdown group-D306834017EB
2019-09-20 10:25:09,134 [Thread-1310] INFO  impl.RaftServerImpl (RaftServerImpl.java:setRole(171)) - bb8f5112-316d-4974-a5a6-f698f3fbb5be:group-60E02580B572 changes role from FOLLOWER to CANDIDATE at term 0 for changeToCandidate
2019-09-20 10:25:09,134 [bb8f5112-316d-4974-a5a6-f698f3fbb5be:group-8A09BD39043B:LeaderElection117] INFO  segmented.SegmentedRaftLogWorker (SegmentedRaftLogWorker.java:startLogSegment(380)) - bb8f5112-316d-4974-a5a6-f698f3fbb5be-SegmentedRaftLogWorker:Storage Directory /workdir/hadoop-ozone/integration-test/target/test-dir/MiniOzoneClusterImpl-806821b2-061b-4172-afaf-fb68ff5248bd/datanode-5/data/ratis/fcd4079d-f79c-4329-aba0-8a09bd39043b: Starting segment from index:0
2019-09-20 10:25:09,133 [b5962e8e-c9f1-48aa-8eb4-d8f74b8afdbe:group-827999EF7ADD:LeaderElection118] INFO  server.RaftServerConfigKeys (ConfUtils.java:logGet(43)) - raft.server.watch.element-limit = 65536 (default)
2019-09-20 10:25:09,133 [136f1953-bb94-4097-a2d4-422a6782bee0-SegmentedRaftLogWorker:Storage Directory /workdir/hadoop-ozone/integration-test/target/test-dir/MiniOzoneClusterImpl-806821b2-061b-4172-afaf-fb68ff5248bd/datanode-2/data/ratis/54e10fd4-cd9d-4fa1-8c4c-f29f1192f946] INFO  util.JmxRegister (JmxRegister.java:unregister(73)) - Successfully un-registered JMX Bean with object name Ratis:service=RaftServer,group=group-F29F1192F946,id=136f1953-bb94-4097-a2d4-422a6782bee0
2019-09-20 10:25:09,133 [cff8bf6b-8d20-4327-9f29-08a3c2b49247-SegmentedRaftLogWorker:Storage Directory /workdir/hadoop-ozone/integration-test/target/test-dir/MiniOzoneClusterImpl-806821b2-061b-4172-afaf-fb68ff5248bd/datanode-3/data/ratis/3136328c-58bd-431e-a818-e11b07918171] INFO  util.JmxRegister (JmxRegister.java:unregister(73)) - Successfully un-registered JMX Bean with object name Ratis:service=RaftServer,group=group-E11B07918171,id=cff8bf6b-8d20-4327-9f29-08a3c2b49247
2019-09-20 10:25:09,133 [e8013689-2f13-4aaf-8a03-99f419c430ec-SegmentedRaftLogWorker:Storage Directory /workdir/hadoop-ozone/integration-test/target/test-dir/MiniOzoneClusterImpl-806821b2-061b-4172-afaf-fb68ff5248bd/datanode-1/data/ratis/9dc661b3-6bc1-4668-93d5-ecc0da2b67f9] INFO  impl.RaftServerImpl (ServerState.java:close(394)) - e8013689-2f13-4aaf-8a03-99f419c430ec:group-ECC0DA2B67F9 closes. The last applied log index is -1
2019-09-20 10:25:09,133 [136f1953-bb94-4097-a2d4-422a6782bee0-SegmentedRaftLogWorker:Storage Directory /workdir/hadoop-ozone/integration-test/target/test-dir/MiniOzoneClusterImpl-806821b2-061b-4172-afaf-fb68ff5248bd/datanode-2/data/ratis/9e0b6be5-3a8b-46a6-91d2-f0b5be8cfe34] INFO  impl.PendingRequests (PendingRequests.java:sendNotLeaderResponses(202)) - 136f1953-bb94-4097-a2d4-422a6782bee0-PendingRequests: sendNotLeaderResponses
2019-09-20 10:25:09,133 [99e70dd4-d763-4473-944c-c5628506dcf8:group-5542CC850C81:LeaderElection122] INFO  server.RaftServerConfigKeys (ConfUtils.java:logGet(43)) - raft.server.watch.timeout = 10s (default)
2019-09-20 10:25:09,132 [Thread-1283] INFO  impl.RaftServerImpl (RaftServerImpl.java:setRole(171)) - b5962e8e-c9f1-48aa-8eb4-d8f74b8afdbe:group-0610CA833D6D changes role from FOLLOWER to CANDIDATE at term 0 for changeToCandidate
2019-09-20 10:25:09,132 [136f1953-bb94-4097-a2d4-422a6782bee0-SegmentedRaftLogWorker:Storage Directory /workdir/hadoop-ozone/integration-test/target/test-dir/MiniOzoneClusterImpl-806821b2-061b-4172-afaf-fb68ff5248bd/datanode-2/data/ratis/0eedc282-be83-4ac8-ab7a-c7c9e2beed22] INFO  util.JmxRegister (JmxRegister.java:unregister(73)) - Successfully un-registered JMX Bean with object name Ratis:service=RaftServer,group=group-C7C9E2BEED22,id=136f1953-bb94-4097-a2d4-422a6782bee0
2019-09-20 10:25:09,132 [136f1953-bb94-4097-a2d4-422a6782bee0-SegmentedRaftLogWorker:Storage Directory /workdir/hadoop-ozone/integration-test/target/test-dir/MiniOzoneClusterImpl-806821b2-061b-4172-afaf-fb68ff5248bd/datanode-2/data/ratis/ab429de5-7bd6-4f65-abd0-3ee8db6cdf8e] INFO  util.JmxRegister (JmxRegister.java:unregister(73)) - Successfully un-registered JMX Bean with object name Ratis:service=RaftServer,group=group-3EE8DB6CDF8E,id=136f1953-bb94-4097-a2d4-422a6782bee0
2019-09-20 10:25:09,429 [136f1953-bb94-4097-a2d4-422a6782bee0-SegmentedRaftLogWorker:Storage Directory /workdir/hadoop-ozone/integration-test/target/test-dir/MiniOzoneClusterImpl-806821b2-061b-4172-afaf-fb68ff5248bd/datanode-2/data/ratis/ab429de5-7bd6-4f65-abd0-3ee8db6cdf8e] INFO  impl.RoleInfo (RoleInfo.java:shutdownLeaderState(104)) - 136f1953-bb94-4097-a2d4-422a6782bee0: shutdown LeaderState
2019-09-20 10:25:09,132 [cff8bf6b-8d20-4327-9f29-08a3c2b49247-SegmentedRaftLogWorker:Storage Directory /workdir/hadoop-ozone/integration-test/target/test-dir/MiniOzoneClusterImpl-806821b2-061b-4172-afaf-fb68ff5248bd/datanode-3/data/ratis/dd8bb0d1-585a-4aee-9fa3-41168ab8a65f] INFO  util.JmxRegister (JmxRegister.java:unregister(73)) - Successfully un-registered JMX Bean with object name Ratis:service=RaftServer,group=group-41168AB8A65F,id=cff8bf6b-8d20-4327-9f29-08a3c2b49247
2019-09-20 10:25:09,132 [99e70dd4-d763-4473-944c-c5628506dcf8:group-335F5008A6D5:LeaderElection119] INFO  segmented.SegmentedRaftLogWorker (SegmentedRaftLogWorker.java:startLogSegment(380)) - 99e70dd4-d763-4473-944c-c5628506dcf8-SegmentedRaftLogWorker:Storage Directory /workdir/hadoop-ozone/integration-test/target/test-dir/MiniOzoneClusterImpl-806821b2-061b-4172-afaf-fb68ff5248bd/datanode-6/data/ratis/85f25d20-cad3-49af-822a-335f5008a6d5: Starting segment from index:0
2019-09-20 10:25:09,132 [Thread-1280] INFO  impl.RaftServerImpl (RaftServerImpl.java:setRole(171)) - b5962e8e-c9f1-48aa-8eb4-d8f74b8afdbe:group-C6BC69FEB661 changes role from FOLLOWER to CANDIDATE at term 0 for changeToCandidate
2019-09-20 10:25:09,116 [99e70dd4-d763-4473-944c-c5628506dcf8:group-496F8780B312:LeaderElection120] INFO  segmented.SegmentedRaftLogWorker (SegmentedRaftLogWorker.java:startLogSegment(380)) - 99e70dd4-d763-4473-944c-c5628506dcf8-SegmentedRaftLogWorker:Storage Directory /workdir/hadoop-ozone/integration-test/target/test-dir/MiniOzoneClusterImpl-806821b2-061b-4172-afaf-fb68ff5248bd/datanode-6/data/ratis/6668b571-7404-4c4c-b041-496f8780b312: Starting segment from index:0
2019-09-20 10:25:09,430 | INFO  | SCMAudit | user=jenkins1000 | ip=192.168.36.99 | op=SEND_HEARTBEAT {datanodeUUID=3d6f3241-e73c-473a-ad0b-c7be2f7e1dda, command=[]} | ret=SUCCESS |  
2019-09-20 10:25:09,430 | INFO  | SCMAudit | user=jenkins1000 | ip=192.168.36.99 | op=SEND_HEARTBEAT {datanodeUUID=17e2ba94-38a1-40e7-84e0-f6802901db84, command=[]} | ret=SUCCESS |  
2019-09-20 10:25:09,096 [cff8bf6b-8d20-4327-9f29-08a3c2b49247-SegmentedRaftLogWorker:Storage Directory /workdir/hadoop-ozone/integration-test/target/test-dir/MiniOzoneClusterImpl-806821b2-061b-4172-afaf-fb68ff5248bd/datanode-3/data/ratis/e3e3c918-b34d-46f7-b3c6-59d57af1bf79] INFO  impl.RaftServerImpl (RaftServerImpl.java:lambda$shutdown$3(245)) - cff8bf6b-8d20-4327-9f29-08a3c2b49247: shutdown group-59D57AF1BF79
2019-09-20 10:25:09,430 | INFO  | SCMAudit | user=jenkins1000 | ip=192.168.36.99 | op=SEND_HEARTBEAT {datanodeUUID=4d972e91-cb6b-45de-8bd2-c18af7abe58b, command=[]} | ret=SUCCESS |  
2019-09-20 10:25:10,077 | INFO  | SCMAudit | user=jenkins1000 | ip=192.168.36.99 | op=SEND_HEARTBEAT {datanodeUUID=c3e532f8-1a8e-44f3-b56b-d765aee893af, command=[]} | ret=SUCCESS |  
2019-09-20 10:25:09,430 | INFO  | SCMAudit | user=jenkins1000 | ip=192.168.36.99 | op=SEND_HEARTBEAT {datanodeUUID=1ab786b9-c79c-4265-88a1-5b3344c6beda, command=[]} | ret=SUCCESS |  
2019-09-20 10:25:10,077 | INFO  | SCMAudit | user=jenkins1000 | ip=192.168.36.99 | op=SEND_HEARTBEAT {datanodeUUID=66416d0b-a71c-4af1-ae3a-62ca63b880a3, command=[]} | ret=SUCCESS |  
2019-09-20 10:25:09,096 [99e70dd4-d763-4473-944c-c5628506dcf8:group-CCAADAAF72A4:LeaderElection116] INFO  server.RaftServerConfigKeys (ConfUtils.java:logGet(43)) - raft.server.watch.timeout = 10s (default)
2019-09-20 10:25:09,430 | INFO  | SCMAudit | user=jenkins1000 | ip=192.168.36.99 | op=SEND_HEARTBEAT {datanodeUUID=7af711bd-b5ae-4a73-a8be-b970cae6c2d1, command=[]} | ret=SUCCESS |  
2019-09-20 10:25:10,077 [cff8bf6b-8d20-4327-9f29-08a3c2b49247-SegmentedRaftLogWorker:Storage Directory /workdir/hadoop-ozone/integration-test/target/test-dir/MiniOzoneClusterImpl-806821b2-061b-4172-afaf-fb68ff5248bd/datanode-3/data/ratis/e3e3c918-b34d-46f7-b3c6-59d57af1bf79] INFO  util.JmxRegister (JmxRegister.java:unregister(73)) - Successfully un-registered JMX Bean with object name Ratis:service=RaftServer,group=group-59D57AF1BF79,id=cff8bf6b-8d20-4327-9f29-08a3c2b49247
2019-09-20 10:25:10,097 | INFO  | SCMAudit | user=jenkins1000 | ip=192.168.36.99 | op=SEND_HEARTBEAT {datanodeUUID=61649f92-8c0f-475a-818d-1064548aeef6, command=[]} | ret=SUCCESS |  
2019-09-20 10:25:10,097 | INFO  | SCMAudit | user=jenkins1000 | ip=192.168.36.99 | op=SEND_HEARTBEAT {datanodeUUID=99e70dd4-d763-4473-944c-c5628506dcf8, command=[]} | ret=SUCCESS |  
2019-09-20 10:25:10,097 | INFO  | SCMAudit | user=jenkins1000 | ip=192.168.36.99 | op=SEND_HEARTBEAT {datanodeUUID=136f1953-bb94-4097-a2d4-422a6782bee0, command=[]} | ret=SUCCESS |  
2019-09-20 10:25:10,097 | INFO  | SCMAudit | user=jenkins1000 | ip=192.168.36.99 | op=SEND_HEARTBEAT {datanodeUUID=b5962e8e-c9f1-48aa-8eb4-d8f74b8afdbe, command=[]} | ret=SUCCESS |  
2019-09-20 10:25:10,097 | INFO  | SCMAudit | user=jenkins1000 | ip=192.168.36.99 | op=SEND_HEARTBEAT {datanodeUUID=19fb8383-7c99-4449-b95c-a26e71717844, command=[]} | ret=SUCCESS |  
2019-09-20 10:25:10,097 | INFO  | SCMAudit | user=jenkins1000 | ip=192.168.36.99 | op=SEND_HEARTBEAT {datanodeUUID=e8013689-2f13-4aaf-8a03-99f419c430ec, command=[]} | ret=SUCCESS |  
2019-09-20 10:25:10,097 | INFO  | SCMAudit | user=jenkins1000 | ip=192.168.36.99 | op=SEND_HEARTBEAT {datanodeUUID=9e03ffa9-cf79-407a-a150-4c035e5aec5e, command=[]} | ret=SUCCESS |  
2019-09-20 10:25:10,097 | INFO  | SCMAudit | user=jenkins1000 | ip=192.168.36.99 | op=SEND_HEARTBEAT {datanodeUUID=468be06f-55e9-4831-ba6b-3db017451a79, command=[]} | ret=SUCCESS |  
2019-09-20 10:25:10,097 | INFO  | SCMAudit | user=jenkins1000 | ip=192.168.36.99 | op=SEND_HEARTBEAT {datanodeUUID=54207fe5-d92c-4c2e-b058-fbae630dabef, command=[]} | ret=SUCCESS |  
2019-09-20 10:25:09,430 [99e70dd4-d763-4473-944c-c5628506dcf8:group-335F5008A6D5:LeaderElection119] INFO  impl.RaftServerImpl (ServerState.java:setRaftConf(361)) - 99e70dd4-d763-4473-944c-c5628506dcf8:group-335F5008A6D5 set configuration 0: [99e70dd4-d763-4473-944c-c5628506dcf8:192.168.36.99:46869], old=null at 0
2019-09-20 10:25:09,430 [Thread-1280] INFO  impl.RoleInfo (RoleInfo.java:updateAndGet(143)) - b5962e8e-c9f1-48aa-8eb4-d8f74b8afdbe: start LeaderElection
2019-09-20 10:25:10,097 | INFO  | SCMAudit | user=jenkins1000 | ip=192.168.36.99 | op=SEND_HEARTBEAT {datanodeUUID=cff8bf6b-8d20-4327-9f29-08a3c2b49247, command=[]} | ret=SUCCESS |  
2019-09-20 10:25:10,097 | INFO  | SCMAudit | user=jenkins1000 | ip=192.168.36.99 | op=SEND_HEARTBEAT {datanodeUUID=60260ec1-e192-4b95-89c8-d924d16a77a9, command=[]} | ret=SUCCESS |  
2019-09-20 10:25:10,097 | INFO  | SCMAudit | user=jenkins1000 | ip=192.168.36.99 | op=SEND_HEARTBEAT {datanodeUUID=d2ed2d9b-7ac7-460e-84f6-6d9d6066f76d, command=[]} | ret=SUCCESS |  
2019-09-20 10:25:09,429 [cff8bf6b-8d20-4327-9f29-08a3c2b49247-SegmentedRaftLogWorker:Storage Directory /workdir/hadoop-ozone/integration-test/target/test-dir/MiniOzoneClusterImpl-806821b2-061b-4172-afaf-fb68ff5248bd/datanode-3/data/ratis/dd8bb0d1-585a-4aee-9fa3-41168ab8a65f] INFO  impl.RoleInfo (RoleInfo.java:shutdownLeaderState(104)) - cff8bf6b-8d20-4327-9f29-08a3c2b49247: shutdown LeaderState
2019-09-20 10:25:10,097 | INFO  | SCMAudit | user=jenkins1000 | ip=192.168.36.99 | op=SEND_HEARTBEAT {datanodeUUID=6491c372-a595-4104-b3e9-c4f3293baafa, command=[]} | ret=SUCCESS |  
2019-09-20 10:25:10,135 | INFO  | SCMAudit | user=jenkins1000 | ip=192.168.36.99 | op=SEND_HEARTBEAT {datanodeUUID=4d972e91-cb6b-45de-8bd2-c18af7abe58b, command=[]} | ret=SUCCESS |  
2019-09-20 10:25:09,429 [136f1953-bb94-4097-a2d4-422a6782bee0-SegmentedRaftLogWorker:Storage Directory /workdir/hadoop-ozone/integration-test/target/test-dir/MiniOzoneClusterImpl-806821b2-061b-4172-afaf-fb68ff5248bd/datanode-2/data/ratis/ab429de5-7bd6-4f65-abd0-3ee8db6cdf8e] INFO  impl.PendingRequests (PendingRequests.java:sendNotLeaderResponses(202)) - 136f1953-bb94-4097-a2d4-422a6782bee0-PendingRequests: sendNotLeaderResponses
2019-09-20 10:25:09,429 [136f1953-bb94-4097-a2d4-422a6782bee0-SegmentedRaftLogWorker:Storage Directory /workdir/hadoop-ozone/integration-test/target/test-dir/MiniOzoneClusterImpl-806821b2-061b-4172-afaf-fb68ff5248bd/datanode-2/data/ratis/0eedc282-be83-4ac8-ab7a-c7c9e2beed22] INFO  impl.RoleInfo (RoleInfo.java:shutdownLeaderState(104)) - 136f1953-bb94-4097-a2d4-422a6782bee0: shutdown LeaderState
2019-09-20 10:25:10,135 [136f1953-bb94-4097-a2d4-422a6782bee0-SegmentedRaftLogWorker:Storage Directory /workdir/hadoop-ozone/integration-test/target/test-dir/MiniOzoneClusterImpl-806821b2-061b-4172-afaf-fb68ff5248bd/datanode-2/data/ratis/ab429de5-7bd6-4f65-abd0-3ee8db6cdf8e] INFO  impl.StateMachineUpdater (StateMachineUpdater.java:stopAndJoin(115)) - StateMachineUpdater:136f1953-bb94-4097-a2d4-422a6782bee0:group-3EE8DB6CDF8E: set stopIndex = -1
2019-09-20 10:25:10,135 | INFO  | SCMAudit | user=jenkins1000 | ip=192.168.36.99 | op=SEND_HEARTBEAT {datanodeUUID=1ab786b9-c79c-4265-88a1-5b3344c6beda, command=[]} | ret=SUCCESS |  
2019-09-20 10:25:10,135 | INFO  | SCMAudit | user=jenkins1000 | ip=192.168.36.99 | op=SEND_HEARTBEAT {datanodeUUID=3d6f3241-e73c-473a-ad0b-c7be2f7e1dda, command=[]} | ret=SUCCESS |  
2019-09-20 10:25:09,428 [Thread-1283] INFO  impl.RoleInfo (RoleInfo.java:updateAndGet(143)) - b5962e8e-c9f1-48aa-8eb4-d8f74b8afdbe: start LeaderElection
2019-09-20 10:25:10,136 | INFO  | SCMAudit | user=jenkins1000 | ip=192.168.36.99 | op=SEND_HEARTBEAT {datanodeUUID=7af711bd-b5ae-4a73-a8be-b970cae6c2d1, command=[]} | ret=SUCCESS |  
2019-09-20 10:25:09,428 [99e70dd4-d763-4473-944c-c5628506dcf8:group-5542CC850C81:LeaderElection122] INFO  server.RaftServerConfigKeys (ConfUtils.java:logGet(43)) - raft.server.watch.timeout.denomination = 1s (default)
2019-09-20 10:25:10,136 | INFO  | SCMAudit | user=jenkins1000 | ip=192.168.36.99 | op=SEND_HEARTBEAT {datanodeUUID=bb8f5112-316d-4974-a5a6-f698f3fbb5be, command=[]} | ret=SUCCESS |  
2019-09-20 10:25:10,136 | INFO  | SCMAudit | user=jenkins1000 | ip=192.168.36.99 | op=SEND_HEARTBEAT {datanodeUUID=66416d0b-a71c-4af1-ae3a-62ca63b880a3, command=[]} | ret=SUCCESS |  
2019-09-20 10:25:10,136 | INFO  | SCMAudit | user=jenkins1000 | ip=192.168.36.99 | op=SEND_HEARTBEAT {datanodeUUID=17e2ba94-38a1-40e7-84e0-f6802901db84, command=[]} | ret=SUCCESS |  
2019-09-20 10:25:09,428 [136f1953-bb94-4097-a2d4-422a6782bee0-SegmentedRaftLogWorker:Storage Directory /workdir/hadoop-ozone/integration-test/target/test-dir/MiniOzoneClusterImpl-806821b2-061b-4172-afaf-fb68ff5248bd/datanode-2/data/ratis/9e0b6be5-3a8b-46a6-91d2-f0b5be8cfe34] INFO  impl.StateMachineUpdater (StateMachineUpdater.java:stopAndJoin(115)) - StateMachineUpdater:136f1953-bb94-4097-a2d4-422a6782bee0:group-F0B5BE8CFE34: set stopIndex = -1
2019-09-20 10:25:10,136 | INFO  | SCMAudit | user=jenkins1000 | ip=192.168.36.99 | op=SEND_HEARTBEAT {datanodeUUID=c3e532f8-1a8e-44f3-b56b-d765aee893af, command=[]} | ret=SUCCESS |  
2019-09-20 10:25:09,428 [e8013689-2f13-4aaf-8a03-99f419c430ec-SegmentedRaftLogWorker:Storage Directory /workdir/hadoop-ozone/integration-test/target/test-dir/MiniOzoneClusterImpl-806821b2-061b-4172-afaf-fb68ff5248bd/datanode-1/data/ratis/9dc661b3-6bc1-4668-93d5-ecc0da2b67f9] INFO  segmented.SegmentedRaftLogWorker (SegmentedRaftLogWorker.java:close(228)) - e8013689-2f13-4aaf-8a03-99f419c430ec-SegmentedRaftLogWorker:Storage Directory /workdir/hadoop-ozone/integration-test/target/test-dir/MiniOzoneClusterImpl-806821b2-061b-4172-afaf-fb68ff5248bd/datanode-1/data/ratis/9dc661b3-6bc1-4668-93d5-ecc0da2b67f9 close()
2019-09-20 10:25:10,137 | INFO  | SCMAudit | user=jenkins1000 | ip=192.168.36.99 | op=SEND_HEARTBEAT {datanodeUUID=4d972e91-cb6b-45de-8bd2-c18af7abe58b, command=[]} | ret=SUCCESS |  
2019-09-20 10:25:10,148 | INFO  | SCMAudit | user=jenkins1000 | ip=192.168.36.99 | op=SEND_HEARTBEAT {datanodeUUID=17e2ba94-38a1-40e7-84e0-f6802901db84, command=[]} | ret=SUCCESS |  
2019-09-20 10:25:09,428 [cff8bf6b-8d20-4327-9f29-08a3c2b49247-SegmentedRaftLogWorker:Storage Directory /workdir/hadoop-ozone/integration-test/target/test-dir/MiniOzoneClusterImpl-806821b2-061b-4172-afaf-fb68ff5248bd/datanode-3/data/ratis/82c1f05a-17be-499c-81f5-1ad398ac37e4] ERROR segmented.SegmentedRaftLogWorker (SegmentedRaftLogWorker.java:run(323)) - cff8bf6b-8d20-4327-9f29-08a3c2b49247-SegmentedRaftLogWorker:Storage Directory /workdir/hadoop-ozone/integration-test/target/test-dir/MiniOzoneClusterImpl-806821b2-061b-4172-afaf-fb68ff5248bd/datanode-3/data/ratis/82c1f05a-17be-499c-81f5-1ad398ac37e4 hit exception
java.lang.OutOfMemoryError: Direct buffer memory
	at java.nio.Bits.reserveMemory(Bits.java:666)
	at java.nio.DirectByteBuffer.<init>(DirectByteBuffer.java:123)
	at java.nio.ByteBuffer.allocateDirect(ByteBuffer.java:311)
	at org.apache.ratis.server.raftlog.segmented.BufferedWriteChannel.<init>(BufferedWriteChannel.java:41)
	at org.apache.ratis.server.raftlog.segmented.SegmentedRaftLogOutputStream.<init>(SegmentedRaftLogOutputStream.java:72)
	at org.apache.ratis.server.raftlog.segmented.SegmentedRaftLogWorker$StartLogSegment.execute(SegmentedRaftLogWorker.java:566)
	at org.apache.ratis.server.raftlog.segmented.SegmentedRaftLogWorker.run(SegmentedRaftLogWorker.java:289)
	at java.lang.Thread.run(Thread.java:748)
2019-09-20 10:25:10,148 | INFO  | SCMAudit | user=jenkins1000 | ip=192.168.36.99 | op=SEND_HEARTBEAT {datanodeUUID=1ab786b9-c79c-4265-88a1-5b3344c6beda, command=[]} | ret=SUCCESS |  
2019-09-20 10:25:09,428 [bb8f5112-316d-4974-a5a6-f698f3fbb5be:group-8A09BD39043B:LeaderElection117] INFO  impl.RaftServerImpl (ServerState.java:setRaftConf(361)) - bb8f5112-316d-4974-a5a6-f698f3fbb5be:group-8A09BD39043B set configuration 0: [bb8f5112-316d-4974-a5a6-f698f3fbb5be:192.168.36.99:38352], old=null at 0
2019-09-20 10:25:10,148 | INFO  | SCMAudit | user=jenkins1000 | ip=192.168.36.99 | op=SEND_HEARTBEAT {datanodeUUID=66416d0b-a71c-4af1-ae3a-62ca63b880a3, command=[]} | ret=SUCCESS |  
2019-09-20 10:25:09,428 [cff8bf6b-8d20-4327-9f29-08a3c2b49247-SegmentedRaftLogWorker:Storage Directory /workdir/hadoop-ozone/integration-test/target/test-dir/MiniOzoneClusterImpl-806821b2-061b-4172-afaf-fb68ff5248bd/datanode-3/data/ratis/3136328c-58bd-431e-a818-e11b07918171] INFO  impl.RoleInfo (RoleInfo.java:shutdownLeaderState(104)) - cff8bf6b-8d20-4327-9f29-08a3c2b49247: shutdown LeaderState
2019-09-20 10:25:10,148 | INFO  | SCMAudit | user=jenkins1000 | ip=192.168.36.99 | op=SEND_HEARTBEAT {datanodeUUID=3d6f3241-e73c-473a-ad0b-c7be2f7e1dda, command=[]} | ret=SUCCESS |  
2019-09-20 10:25:09,137 [136f1953-bb94-4097-a2d4-422a6782bee0-SegmentedRaftLogWorker:Storage Directory /workdir/hadoop-ozone/integration-test/target/test-dir/MiniOzoneClusterImpl-806821b2-061b-4172-afaf-fb68ff5248bd/datanode-2/data/ratis/54e10fd4-cd9d-4fa1-8c4c-f29f1192f946] INFO  impl.RoleInfo (RoleInfo.java:shutdownLeaderState(104)) - 136f1953-bb94-4097-a2d4-422a6782bee0: shutdown LeaderState
2019-09-20 10:25:10,148 | INFO  | SCMAudit | user=jenkins1000 | ip=192.168.36.99 | op=SEND_HEARTBEAT {datanodeUUID=c3e532f8-1a8e-44f3-b56b-d765aee893af, command=[]} | ret=SUCCESS |  
2019-09-20 10:25:09,137 [b5962e8e-c9f1-48aa-8eb4-d8f74b8afdbe:group-827999EF7ADD:LeaderElection118] INFO  impl.RoleInfo (RoleInfo.java:updateAndGet(143)) - b5962e8e-c9f1-48aa-8eb4-d8f74b8afdbe: start LeaderState
2019-09-20 10:25:09,136 [Thread-1310] INFO  impl.RoleInfo (RoleInfo.java:updateAndGet(143)) - bb8f5112-316d-4974-a5a6-f698f3fbb5be: start LeaderElection
2019-09-20 10:25:09,136 [136f1953-bb94-4097-a2d4-422a6782bee0-SegmentedRaftLogWorker:Storage Directory /workdir/hadoop-ozone/integration-test/target/test-dir/MiniOzoneClusterImpl-806821b2-061b-4172-afaf-fb68ff5248bd/datanode-2/data/ratis/3a28e6b2-f888-47e8-8242-d306834017eb] INFO  util.JmxRegister (JmxRegister.java:unregister(73)) - Successfully un-registered JMX Bean with object name Ratis:service=RaftServer,group=group-D306834017EB,id=136f1953-bb94-4097-a2d4-422a6782bee0
2019-09-20 10:25:10,149 [136f1953-bb94-4097-a2d4-422a6782bee0-SegmentedRaftLogWorker:Storage Directory /workdir/hadoop-ozone/integration-test/target/test-dir/MiniOzoneClusterImpl-806821b2-061b-4172-afaf-fb68ff5248bd/datanode-2/data/ratis/3a28e6b2-f888-47e8-8242-d306834017eb] INFO  impl.RoleInfo (RoleInfo.java:shutdownLeaderState(104)) - 136f1953-bb94-4097-a2d4-422a6782bee0: shutdown LeaderState
2019-09-20 10:25:09,136 [Thread-1316] INFO  impl.RaftServerImpl (RaftServerImpl.java:setRole(171)) - bb8f5112-316d-4974-a5a6-f698f3fbb5be:group-EF2B7B4F9A5B changes role from FOLLOWER to CANDIDATE at term 0 for changeToCandidate
2019-09-20 10:25:09,136 [Thread-1319] INFO  impl.RoleInfo (RoleInfo.java:updateAndGet(143)) - b5962e8e-c9f1-48aa-8eb4-d8f74b8afdbe: start LeaderElection
2019-09-20 10:25:10,149 [Thread-1316] INFO  impl.RoleInfo (RoleInfo.java:updateAndGet(143)) - bb8f5112-316d-4974-a5a6-f698f3fbb5be: start LeaderElection
2019-09-20 10:25:09,136 [Thread-1313] INFO  impl.RoleInfo (RoleInfo.java:updateAndGet(143)) - 99e70dd4-d763-4473-944c-c5628506dcf8: start LeaderElection
2019-09-20 10:25:09,136 [bb8f5112-316d-4974-a5a6-f698f3fbb5be:group-29F07B0353B5:LeaderElection121] INFO  segmented.SegmentedRaftLogWorker (SegmentedRaftLogWorker.java:startLogSegment(380)) - bb8f5112-316d-4974-a5a6-f698f3fbb5be-SegmentedRaftLogWorker:Storage Directory /workdir/hadoop-ozone/integration-test/target/test-dir/MiniOzoneClusterImpl-806821b2-061b-4172-afaf-fb68ff5248bd/datanode-5/data/ratis/be381889-a2b2-41b0-b2d7-29f07b0353b5: Starting segment from index:0
2019-09-20 10:25:09,136 [e8013689-2f13-4aaf-8a03-99f419c430ec-SegmentedRaftLogWorker:Storage Directory /workdir/hadoop-ozone/integration-test/target/test-dir/MiniOzoneClusterImpl-806821b2-061b-4172-afaf-fb68ff5248bd/datanode-1/data/ratis/08136aa7-4ba0-4fe8-b0eb-4f0d8b9435fe] INFO  impl.PendingRequests (PendingRequests.java:sendNotLeaderResponses(202)) - e8013689-2f13-4aaf-8a03-99f419c430ec-PendingRequests: sendNotLeaderResponses
2019-09-20 10:25:09,136 [cff8bf6b-8d20-4327-9f29-08a3c2b49247:group-8BF4BCFBCE01:LeaderElection109] INFO  server.RaftServerConfigKeys (ConfUtils.java:logGet(43)) - raft.server.watch.element-limit = 65536 (default)
2019-09-20 10:25:10,487 [e8013689-2f13-4aaf-8a03-99f419c430ec-SegmentedRaftLogWorker:Storage Directory /workdir/hadoop-ozone/integration-test/target/test-dir/MiniOzoneClusterImpl-806821b2-061b-4172-afaf-fb68ff5248bd/datanode-1/data/ratis/08136aa7-4ba0-4fe8-b0eb-4f0d8b9435fe] INFO  impl.StateMachineUpdater (StateMachineUpdater.java:stopAndJoin(115)) - StateMachineUpdater:e8013689-2f13-4aaf-8a03-99f419c430ec:group-4F0D8B9435FE: set stopIndex = -1
2019-09-20 10:25:10,487 [bb8f5112-316d-4974-a5a6-f698f3fbb5be:group-29F07B0353B5:LeaderElection121] INFO  impl.RaftServerImpl (ServerState.java:setRaftConf(361)) - bb8f5112-316d-4974-a5a6-f698f3fbb5be:group-29F07B0353B5 set configuration 0: [bb8f5112-316d-4974-a5a6-f698f3fbb5be:192.168.36.99:38352], old=null at 0
2019-09-20 10:25:10,486 [b5962e8e-c9f1-48aa-8eb4-d8f74b8afdbe:group-0610CA833D6D:LeaderElection126] INFO  impl.LeaderElection (LeaderElection.java:askForVotes(181)) - b5962e8e-c9f1-48aa-8eb4-d8f74b8afdbe:group-0610CA833D6D:LeaderElection126: begin an election at term 1 for -1: [b5962e8e-c9f1-48aa-8eb4-d8f74b8afdbe:192.168.36.99:39222], old=null
2019-09-20 10:25:10,486 [b5962e8e-c9f1-48aa-8eb4-d8f74b8afdbe:group-C6BC69FEB661:LeaderElection127] INFO  impl.LeaderElection (LeaderElection.java:askForVotes(181)) - b5962e8e-c9f1-48aa-8eb4-d8f74b8afdbe:group-C6BC69FEB661:LeaderElection127: begin an election at term 1 for -1: [b5962e8e-c9f1-48aa-8eb4-d8f74b8afdbe:192.168.36.99:39222], old=null
2019-09-20 10:25:10,486 [bb8f5112-316d-4974-a5a6-f698f3fbb5be:group-60E02580B572:LeaderElection125] INFO  impl.LeaderElection (LeaderElection.java:askForVotes(181)) - bb8f5112-316d-4974-a5a6-f698f3fbb5be:group-60E02580B572:LeaderElection125: begin an election at term 1 for -1: [bb8f5112-316d-4974-a5a6-f698f3fbb5be:192.168.36.99:38352], old=null
2019-09-20 10:25:10,486 [b5962e8e-c9f1-48aa-8eb4-d8f74b8afdbe-SegmentedRaftLogWorker:Storage Directory /workdir/hadoop-ozone/integration-test/target/test-dir/MiniOzoneClusterImpl-806821b2-061b-4172-afaf-fb68ff5248bd/datanode-4/data/ratis/1c092731-1da3-4de9-b9bf-900160021207] ERROR segmented.SegmentedRaftLogWorker (SegmentedRaftLogWorker.java:run(323)) - b5962e8e-c9f1-48aa-8eb4-d8f74b8afdbe-SegmentedRaftLogWorker:Storage Directory /workdir/hadoop-ozone/integration-test/target/test-dir/MiniOzoneClusterImpl-806821b2-061b-4172-afaf-fb68ff5248bd/datanode-4/data/ratis/1c092731-1da3-4de9-b9bf-900160021207 hit exception
java.lang.OutOfMemoryError: Direct buffer memory
	at java.nio.Bits.reserveMemory(Bits.java:666)
	at java.nio.DirectByteBuffer.<init>(DirectByteBuffer.java:123)
	at java.nio.ByteBuffer.allocateDirect(ByteBuffer.java:311)
	at org.apache.ratis.server.raftlog.segmented.BufferedWriteChannel.<init>(BufferedWriteChannel.java:41)
	at org.apache.ratis.server.raftlog.segmented.SegmentedRaftLogOutputStream.<init>(SegmentedRaftLogOutputStream.java:72)
	at org.apache.ratis.server.raftlog.segmented.SegmentedRaftLogWorker$StartLogSegment.execute(SegmentedRaftLogWorker.java:566)
	at org.apache.ratis.server.raftlog.segmented.SegmentedRaftLogWorker.run(SegmentedRaftLogWorker.java:289)
	at java.lang.Thread.run(Thread.java:748)
2019-09-20 10:25:10,488 [b5962e8e-c9f1-48aa-8eb4-d8f74b8afdbe-SegmentedRaftLogWorker:Storage Directory /workdir/hadoop-ozone/integration-test/target/test-dir/MiniOzoneClusterImpl-806821b2-061b-4172-afaf-fb68ff5248bd/datanode-4/data/ratis/1c092731-1da3-4de9-b9bf-900160021207] INFO  impl.RaftServerImpl (RaftServerImpl.java:lambda$shutdown$3(245)) - b5962e8e-c9f1-48aa-8eb4-d8f74b8afdbe: shutdown group-900160021207
2019-09-20 10:25:10,486 [b5962e8e-c9f1-48aa-8eb4-d8f74b8afdbe-SegmentedRaftLogWorker:Storage Directory /workdir/hadoop-ozone/integration-test/target/test-dir/MiniOzoneClusterImpl-806821b2-061b-4172-afaf-fb68ff5248bd/datanode-4/data/ratis/3e56b3b8-13b0-4630-9f02-66792eee1340] ERROR segmented.SegmentedRaftLogWorker (SegmentedRaftLogWorker.java:run(323)) - b5962e8e-c9f1-48aa-8eb4-d8f74b8afdbe-SegmentedRaftLogWorker:Storage Directory /workdir/hadoop-ozone/integration-test/target/test-dir/MiniOzoneClusterImpl-806821b2-061b-4172-afaf-fb68ff5248bd/datanode-4/data/ratis/3e56b3b8-13b0-4630-9f02-66792eee1340 hit exception
java.lang.OutOfMemoryError: Direct buffer memory
	at java.nio.Bits.reserveMemory(Bits.java:666)
	at java.nio.DirectByteBuffer.<init>(DirectByteBuffer.java:123)
	at java.nio.ByteBuffer.allocateDirect(ByteBuffer.java:311)
	at org.apache.ratis.server.raftlog.segmented.BufferedWriteChannel.<init>(BufferedWriteChannel.java:41)
	at org.apache.ratis.server.raftlog.segmented.SegmentedRaftLogOutputStream.<init>(SegmentedRaftLogOutputStream.java:72)
	at org.apache.ratis.server.raftlog.segmented.SegmentedRaftLogWorker$StartLogSegment.execute(SegmentedRaftLogWorker.java:566)
	at org.apache.ratis.server.raftlog.segmented.SegmentedRaftLogWorker.run(SegmentedRaftLogWorker.java:289)
	at java.lang.Thread.run(Thread.java:748)
2019-09-20 10:25:10,488 [b5962e8e-c9f1-48aa-8eb4-d8f74b8afdbe-SegmentedRaftLogWorker:Storage Directory /workdir/hadoop-ozone/integration-test/target/test-dir/MiniOzoneClusterImpl-806821b2-061b-4172-afaf-fb68ff5248bd/datanode-4/data/ratis/3e56b3b8-13b0-4630-9f02-66792eee1340] INFO  impl.RaftServerImpl (RaftServerImpl.java:lambda$shutdown$3(245)) - b5962e8e-c9f1-48aa-8eb4-d8f74b8afdbe: shutdown group-66792EEE1340
2019-09-20 10:25:10,149 [136f1953-bb94-4097-a2d4-422a6782bee0-SegmentedRaftLogWorker:Storage Directory /workdir/hadoop-ozone/integration-test/target/test-dir/MiniOzoneClusterImpl-806821b2-061b-4172-afaf-fb68ff5248bd/datanode-2/data/ratis/3a28e6b2-f888-47e8-8242-d306834017eb] INFO  impl.PendingRequests (PendingRequests.java:sendNotLeaderResponses(202)) - 136f1953-bb94-4097-a2d4-422a6782bee0-PendingRequests: sendNotLeaderResponses
2019-09-20 10:25:10,149 [b5962e8e-c9f1-48aa-8eb4-d8f74b8afdbe:group-827999EF7ADD:LeaderElection118] INFO  segmented.SegmentedRaftLogWorker (SegmentedRaftLogWorker.java:startLogSegment(380)) - b5962e8e-c9f1-48aa-8eb4-d8f74b8afdbe-SegmentedRaftLogWorker:Storage Directory /workdir/hadoop-ozone/integration-test/target/test-dir/MiniOzoneClusterImpl-806821b2-061b-4172-afaf-fb68ff5248bd/datanode-4/data/ratis/db493c02-5d8a-473f-87ac-827999ef7add: Starting segment from index:0
2019-09-20 10:25:10,148 [136f1953-bb94-4097-a2d4-422a6782bee0-SegmentedRaftLogWorker:Storage Directory /workdir/hadoop-ozone/integration-test/target/test-dir/MiniOzoneClusterImpl-806821b2-061b-4172-afaf-fb68ff5248bd/datanode-2/data/ratis/54e10fd4-cd9d-4fa1-8c4c-f29f1192f946] INFO  impl.PendingRequests (PendingRequests.java:sendNotLeaderResponses(202)) - 136f1953-bb94-4097-a2d4-422a6782bee0-PendingRequests: sendNotLeaderResponses
2019-09-20 10:25:10,148 [cff8bf6b-8d20-4327-9f29-08a3c2b49247-SegmentedRaftLogWorker:Storage Directory /workdir/hadoop-ozone/integration-test/target/test-dir/MiniOzoneClusterImpl-806821b2-061b-4172-afaf-fb68ff5248bd/datanode-3/data/ratis/3136328c-58bd-431e-a818-e11b07918171] INFO  impl.PendingRequests (PendingRequests.java:sendNotLeaderResponses(202)) - cff8bf6b-8d20-4327-9f29-08a3c2b49247-PendingRequests: sendNotLeaderResponses
2019-09-20 10:25:10,148 [cff8bf6b-8d20-4327-9f29-08a3c2b49247-SegmentedRaftLogWorker:Storage Directory /workdir/hadoop-ozone/integration-test/target/test-dir/MiniOzoneClusterImpl-806821b2-061b-4172-afaf-fb68ff5248bd/datanode-3/data/ratis/82c1f05a-17be-499c-81f5-1ad398ac37e4] INFO  impl.RaftServerImpl (RaftServerImpl.java:lambda$shutdown$3(245)) - cff8bf6b-8d20-4327-9f29-08a3c2b49247: shutdown group-1AD398AC37E4
2019-09-20 10:25:10,136 [136f1953-bb94-4097-a2d4-422a6782bee0-SegmentedRaftLogWorker:Storage Directory /workdir/hadoop-ozone/integration-test/target/test-dir/MiniOzoneClusterImpl-806821b2-061b-4172-afaf-fb68ff5248bd/datanode-2/data/ratis/9e0b6be5-3a8b-46a6-91d2-f0b5be8cfe34] INFO  impl.RaftServerImpl (ServerState.java:close(394)) - 136f1953-bb94-4097-a2d4-422a6782bee0:group-F0B5BE8CFE34 closes. The last applied log index is -1
2019-09-20 10:25:10,136 [99e70dd4-d763-4473-944c-c5628506dcf8:group-5542CC850C81:LeaderElection122] INFO  server.RaftServerConfigKeys (ConfUtils.java:logGet(43)) - raft.server.watch.element-limit = 65536 (default)
2019-09-20 10:25:10,136 [136f1953-bb94-4097-a2d4-422a6782bee0-SegmentedRaftLogWorker:Storage Directory /workdir/hadoop-ozone/integration-test/target/test-dir/MiniOzoneClusterImpl-806821b2-061b-4172-afaf-fb68ff5248bd/datanode-2/data/ratis/ab429de5-7bd6-4f65-abd0-3ee8db6cdf8e] INFO  impl.RaftServerImpl (ServerState.java:close(394)) - 136f1953-bb94-4097-a2d4-422a6782bee0:group-3EE8DB6CDF8E closes. The last applied log index is -1
2019-09-20 10:25:10,135 [136f1953-bb94-4097-a2d4-422a6782bee0-SegmentedRaftLogWorker:Storage Directory /workdir/hadoop-ozone/integration-test/target/test-dir/MiniOzoneClusterImpl-806821b2-061b-4172-afaf-fb68ff5248bd/datanode-2/data/ratis/0eedc282-be83-4ac8-ab7a-c7c9e2beed22] INFO  impl.PendingRequests (PendingRequests.java:sendNotLeaderResponses(202)) - 136f1953-bb94-4097-a2d4-422a6782bee0-PendingRequests: sendNotLeaderResponses
2019-09-20 10:25:10,135 [cff8bf6b-8d20-4327-9f29-08a3c2b49247-SegmentedRaftLogWorker:Storage Directory /workdir/hadoop-ozone/integration-test/target/test-dir/MiniOzoneClusterImpl-806821b2-061b-4172-afaf-fb68ff5248bd/datanode-3/data/ratis/dd8bb0d1-585a-4aee-9fa3-41168ab8a65f] INFO  impl.PendingRequests (PendingRequests.java:sendNotLeaderResponses(202)) - cff8bf6b-8d20-4327-9f29-08a3c2b49247-PendingRequests: sendNotLeaderResponses
2019-09-20 10:25:10,097 [99e70dd4-d763-4473-944c-c5628506dcf8:group-496F8780B312:LeaderElection120] INFO  impl.RaftServerImpl (ServerState.java:setRaftConf(361)) - 99e70dd4-d763-4473-944c-c5628506dcf8:group-496F8780B312 set configuration 0: [99e70dd4-d763-4473-944c-c5628506dcf8:192.168.36.99:46869], old=null at 0
2019-09-20 10:25:10,788 [cff8bf6b-8d20-4327-9f29-08a3c2b49247-SegmentedRaftLogWorker:Storage Directory /workdir/hadoop-ozone/integration-test/target/test-dir/MiniOzoneClusterImpl-806821b2-061b-4172-afaf-fb68ff5248bd/datanode-3/data/ratis/dd8bb0d1-585a-4aee-9fa3-41168ab8a65f] INFO  impl.StateMachineUpdater (StateMachineUpdater.java:stopAndJoin(115)) - StateMachineUpdater:cff8bf6b-8d20-4327-9f29-08a3c2b49247:group-41168AB8A65F: set stopIndex = -1
2019-09-20 10:25:10,078 [cff8bf6b-8d20-4327-9f29-08a3c2b49247-SegmentedRaftLogWorker:Storage Directory /workdir/hadoop-ozone/integration-test/target/test-dir/MiniOzoneClusterImpl-806821b2-061b-4172-afaf-fb68ff5248bd/datanode-3/data/ratis/e3e3c918-b34d-46f7-b3c6-59d57af1bf79] INFO  impl.RoleInfo (RoleInfo.java:shutdownLeaderState(104)) - cff8bf6b-8d20-4327-9f29-08a3c2b49247: shutdown LeaderState
2019-09-20 10:25:10,078 [99e70dd4-d763-4473-944c-c5628506dcf8:group-CCAADAAF72A4:LeaderElection116] INFO  server.RaftServerConfigKeys (ConfUtils.java:logGet(43)) - raft.server.watch.timeout.denomination = 1s (default)
2019-09-20 10:25:10,788 [cff8bf6b-8d20-4327-9f29-08a3c2b49247-SegmentedRaftLogWorker:Storage Directory /workdir/hadoop-ozone/integration-test/target/test-dir/MiniOzoneClusterImpl-806821b2-061b-4172-afaf-fb68ff5248bd/datanode-3/data/ratis/e3e3c918-b34d-46f7-b3c6-59d57af1bf79] INFO  impl.PendingRequests (PendingRequests.java:sendNotLeaderResponses(202)) - cff8bf6b-8d20-4327-9f29-08a3c2b49247-PendingRequests: sendNotLeaderResponses
2019-09-20 10:25:10,788 [cff8bf6b-8d20-4327-9f29-08a3c2b49247-SegmentedRaftLogWorker:Storage Directory /workdir/hadoop-ozone/integration-test/target/test-dir/MiniOzoneClusterImpl-806821b2-061b-4172-afaf-fb68ff5248bd/datanode-3/data/ratis/dd8bb0d1-585a-4aee-9fa3-41168ab8a65f] INFO  impl.RaftServerImpl (ServerState.java:close(394)) - cff8bf6b-8d20-4327-9f29-08a3c2b49247:group-41168AB8A65F closes. The last applied log index is -1
2019-09-20 10:25:10,787 [136f1953-bb94-4097-a2d4-422a6782bee0-SegmentedRaftLogWorker:Storage Directory /workdir/hadoop-ozone/integration-test/target/test-dir/MiniOzoneClusterImpl-806821b2-061b-4172-afaf-fb68ff5248bd/datanode-2/data/ratis/0eedc282-be83-4ac8-ab7a-c7c9e2beed22] INFO  impl.StateMachineUpdater (StateMachineUpdater.java:stopAndJoin(115)) - StateMachineUpdater:136f1953-bb94-4097-a2d4-422a6782bee0:group-C7C9E2BEED22: set stopIndex = -1
2019-09-20 10:25:10,789 [cff8bf6b-8d20-4327-9f29-08a3c2b49247-SegmentedRaftLogWorker:Storage Directory /workdir/hadoop-ozone/integration-test/target/test-dir/MiniOzoneClusterImpl-806821b2-061b-4172-afaf-fb68ff5248bd/datanode-3/data/ratis/dd8bb0d1-585a-4aee-9fa3-41168ab8a65f] INFO  segmented.SegmentedRaftLogWorker (SegmentedRaftLogWorker.java:close(228)) - cff8bf6b-8d20-4327-9f29-08a3c2b49247-SegmentedRaftLogWorker:Storage Directory /workdir/hadoop-ozone/integration-test/target/test-dir/MiniOzoneClusterImpl-806821b2-061b-4172-afaf-fb68ff5248bd/datanode-3/data/ratis/dd8bb0d1-585a-4aee-9fa3-41168ab8a65f close()
2019-09-20 10:25:10,787 [136f1953-bb94-4097-a2d4-422a6782bee0-SegmentedRaftLogWorker:Storage Directory /workdir/hadoop-ozone/integration-test/target/test-dir/MiniOzoneClusterImpl-806821b2-061b-4172-afaf-fb68ff5248bd/datanode-2/data/ratis/ab429de5-7bd6-4f65-abd0-3ee8db6cdf8e] INFO  segmented.SegmentedRaftLogWorker (SegmentedRaftLogWorker.java:close(228)) - 136f1953-bb94-4097-a2d4-422a6782bee0-SegmentedRaftLogWorker:Storage Directory /workdir/hadoop-ozone/integration-test/target/test-dir/MiniOzoneClusterImpl-806821b2-061b-4172-afaf-fb68ff5248bd/datanode-2/data/ratis/ab429de5-7bd6-4f65-abd0-3ee8db6cdf8e close()
2019-09-20 10:25:10,787 [99e70dd4-d763-4473-944c-c5628506dcf8:group-5542CC850C81:LeaderElection122] INFO  impl.RoleInfo (RoleInfo.java:updateAndGet(143)) - 99e70dd4-d763-4473-944c-c5628506dcf8: start LeaderState
2019-09-20 10:25:10,787 [136f1953-bb94-4097-a2d4-422a6782bee0-SegmentedRaftLogWorker:Storage Directory /workdir/hadoop-ozone/integration-test/target/test-dir/MiniOzoneClusterImpl-806821b2-061b-4172-afaf-fb68ff5248bd/datanode-2/data/ratis/9e0b6be5-3a8b-46a6-91d2-f0b5be8cfe34] INFO  segmented.SegmentedRaftLogWorker (SegmentedRaftLogWorker.java:close(228)) - 136f1953-bb94-4097-a2d4-422a6782bee0-SegmentedRaftLogWorker:Storage Directory /workdir/hadoop-ozone/integration-test/target/test-dir/MiniOzoneClusterImpl-806821b2-061b-4172-afaf-fb68ff5248bd/datanode-2/data/ratis/9e0b6be5-3a8b-46a6-91d2-f0b5be8cfe34 close()
2019-09-20 10:25:10,786 [cff8bf6b-8d20-4327-9f29-08a3c2b49247-SegmentedRaftLogWorker:Storage Directory /workdir/hadoop-ozone/integration-test/target/test-dir/MiniOzoneClusterImpl-806821b2-061b-4172-afaf-fb68ff5248bd/datanode-3/data/ratis/82c1f05a-17be-499c-81f5-1ad398ac37e4] INFO  util.JmxRegister (JmxRegister.java:unregister(73)) - Successfully un-registered JMX Bean with object name Ratis:service=RaftServer,group=group-1AD398AC37E4,id=cff8bf6b-8d20-4327-9f29-08a3c2b49247
2019-09-20 10:25:10,826 [cff8bf6b-8d20-4327-9f29-08a3c2b49247-SegmentedRaftLogWorker:Storage Directory /workdir/hadoop-ozone/integration-test/target/test-dir/MiniOzoneClusterImpl-806821b2-061b-4172-afaf-fb68ff5248bd/datanode-3/data/ratis/82c1f05a-17be-499c-81f5-1ad398ac37e4] INFO  impl.RoleInfo (RoleInfo.java:shutdownLeaderState(104)) - cff8bf6b-8d20-4327-9f29-08a3c2b49247: shutdown LeaderState
2019-09-20 10:25:10,779 [cff8bf6b-8d20-4327-9f29-08a3c2b49247-SegmentedRaftLogWorker:Storage Directory /workdir/hadoop-ozone/integration-test/target/test-dir/MiniOzoneClusterImpl-806821b2-061b-4172-afaf-fb68ff5248bd/datanode-3/data/ratis/3136328c-58bd-431e-a818-e11b07918171] INFO  impl.StateMachineUpdater (StateMachineUpdater.java:stopAndJoin(115)) - StateMachineUpdater:cff8bf6b-8d20-4327-9f29-08a3c2b49247:group-E11B07918171: set stopIndex = -1
2019-09-20 10:25:10,779 [b5962e8e-c9f1-48aa-8eb4-d8f74b8afdbe:group-A03A25B01F56:LeaderElection124] INFO  impl.LeaderElection (LeaderElection.java:askForVotes(181)) - b5962e8e-c9f1-48aa-8eb4-d8f74b8afdbe:group-A03A25B01F56:LeaderElection124: begin an election at term 1 for -1: [b5962e8e-c9f1-48aa-8eb4-d8f74b8afdbe:192.168.36.99:39222], old=null
2019-09-20 10:25:10,779 [99e70dd4-d763-4473-944c-c5628506dcf8:group-56945867D80F:LeaderElection123] INFO  impl.LeaderElection (LeaderElection.java:askForVotes(181)) - 99e70dd4-d763-4473-944c-c5628506dcf8:group-56945867D80F:LeaderElection123: begin an election at term 1 for -1: [99e70dd4-d763-4473-944c-c5628506dcf8:192.168.36.99:46869], old=null
2019-09-20 10:25:10,779 [bb8f5112-316d-4974-a5a6-f698f3fbb5be:group-EF2B7B4F9A5B:LeaderElection128] INFO  impl.LeaderElection (LeaderElection.java:askForVotes(181)) - bb8f5112-316d-4974-a5a6-f698f3fbb5be:group-EF2B7B4F9A5B:LeaderElection128: begin an election at term 1 for -1: [bb8f5112-316d-4974-a5a6-f698f3fbb5be:192.168.36.99:38352], old=null
2019-09-20 10:25:10,489 [b5962e8e-c9f1-48aa-8eb4-d8f74b8afdbe:group-827999EF7ADD:LeaderElection118] INFO  impl.RaftServerImpl (ServerState.java:setRaftConf(361)) - b5962e8e-c9f1-48aa-8eb4-d8f74b8afdbe:group-827999EF7ADD set configuration 0: [b5962e8e-c9f1-48aa-8eb4-d8f74b8afdbe:192.168.36.99:39222], old=null at 0
2019-09-20 10:25:10,763 [bb8f5112-316d-4974-a5a6-f698f3fbb5be-SegmentedRaftLogWorker:Storage Directory /workdir/hadoop-ozone/integration-test/target/test-dir/MiniOzoneClusterImpl-806821b2-061b-4172-afaf-fb68ff5248bd/datanode-5/data/ratis/a507a5b9-5e34-42b7-a73c-7a5798921cf6] ERROR segmented.SegmentedRaftLogWorker (SegmentedRaftLogWorker.java:run(323)) - bb8f5112-316d-4974-a5a6-f698f3fbb5be-SegmentedRaftLogWorker:Storage Directory /workdir/hadoop-ozone/integration-test/target/test-dir/MiniOzoneClusterImpl-806821b2-061b-4172-afaf-fb68ff5248bd/datanode-5/data/ratis/a507a5b9-5e34-42b7-a73c-7a5798921cf6 hit exception
java.lang.OutOfMemoryError: Direct buffer memory
	at java.nio.Bits.reserveMemory(Bits.java:666)
	at java.nio.DirectByteBuffer.<init>(DirectByteBuffer.java:123)
	at java.nio.ByteBuffer.allocateDirect(ByteBuffer.java:311)
	at org.apache.ratis.server.raftlog.segmented.BufferedWriteChannel.<init>(BufferedWriteChannel.java:41)
	at org.apache.ratis.server.raftlog.segmented.SegmentedRaftLogOutputStream.<init>(SegmentedRaftLogOutputStream.java:72)
	at org.apache.ratis.server.raftlog.segmented.SegmentedRaftLogWorker$StartLogSegment.execute(SegmentedRaftLogWorker.java:566)
	at org.apache.ratis.server.raftlog.segmented.SegmentedRaftLogWorker.run(SegmentedRaftLogWorker.java:289)
	at java.lang.Thread.run(Thread.java:748)
2019-09-20 10:25:10,828 [bb8f5112-316d-4974-a5a6-f698f3fbb5be-SegmentedRaftLogWorker:Storage Directory /workdir/hadoop-ozone/integration-test/target/test-dir/MiniOzoneClusterImpl-806821b2-061b-4172-afaf-fb68ff5248bd/datanode-5/data/ratis/a507a5b9-5e34-42b7-a73c-7a5798921cf6] INFO  impl.RaftServerImpl (RaftServerImpl.java:lambda$shutdown$3(245)) - bb8f5112-316d-4974-a5a6-f698f3fbb5be: shutdown group-7A5798921CF6
2019-09-20 10:25:10,763 [cff8bf6b-8d20-4327-9f29-08a3c2b49247-SegmentedRaftLogWorker:Storage Directory /workdir/hadoop-ozone/integration-test/target/test-dir/MiniOzoneClusterImpl-806821b2-061b-4172-afaf-fb68ff5248bd/datanode-3/data/ratis/34ec9df5-f75e-420a-b1e1-54713c5ddce3] ERROR segmented.SegmentedRaftLogWorker (SegmentedRaftLogWorker.java:run(323)) - cff8bf6b-8d20-4327-9f29-08a3c2b49247-SegmentedRaftLogWorker:Storage Directory /workdir/hadoop-ozone/integration-test/target/test-dir/MiniOzoneClusterImpl-806821b2-061b-4172-afaf-fb68ff5248bd/datanode-3/data/ratis/34ec9df5-f75e-420a-b1e1-54713c5ddce3 hit exception
java.lang.OutOfMemoryError: Direct buffer memory
	at java.nio.Bits.reserveMemory(Bits.java:666)
	at java.nio.DirectByteBuffer.<init>(DirectByteBuffer.java:123)
	at java.nio.ByteBuffer.allocateDirect(ByteBuffer.java:311)
	at org.apache.ratis.server.raftlog.segmented.BufferedWriteChannel.<init>(BufferedWriteChannel.java:41)
	at org.apache.ratis.server.raftlog.segmented.SegmentedRaftLogOutputStream.<init>(SegmentedRaftLogOutputStream.java:72)
	at org.apache.ratis.server.raftlog.segmented.SegmentedRaftLogWorker$StartLogSegment.execute(SegmentedRaftLogWorker.java:566)
	at org.apache.ratis.server.raftlog.segmented.SegmentedRaftLogWorker.run(SegmentedRaftLogWorker.java:289)
	at java.lang.Thread.run(Thread.java:748)
2019-09-20 10:25:10,828 [cff8bf6b-8d20-4327-9f29-08a3c2b49247-SegmentedRaftLogWorker:Storage Directory /workdir/hadoop-ozone/integration-test/target/test-dir/MiniOzoneClusterImpl-806821b2-061b-4172-afaf-fb68ff5248bd/datanode-3/data/ratis/34ec9df5-f75e-420a-b1e1-54713c5ddce3] INFO  impl.RaftServerImpl (RaftServerImpl.java:lambda$shutdown$3(245)) - cff8bf6b-8d20-4327-9f29-08a3c2b49247: shutdown group-54713C5DDCE3
2019-09-20 10:25:10,763 [99e70dd4-d763-4473-944c-c5628506dcf8-SegmentedRaftLogWorker:Storage Directory /workdir/hadoop-ozone/integration-test/target/test-dir/MiniOzoneClusterImpl-806821b2-061b-4172-afaf-fb68ff5248bd/datanode-6/data/ratis/9ed2b117-4d89-4708-843a-d0a60c53cd0e] ERROR segmented.SegmentedRaftLogWorker (SegmentedRaftLogWorker.java:run(323)) - 99e70dd4-d763-4473-944c-c5628506dcf8-SegmentedRaftLogWorker:Storage Directory /workdir/hadoop-ozone/integration-test/target/test-dir/MiniOzoneClusterImpl-806821b2-061b-4172-afaf-fb68ff5248bd/datanode-6/data/ratis/9ed2b117-4d89-4708-843a-d0a60c53cd0e hit exception
java.lang.OutOfMemoryError: Direct buffer memory
	at java.nio.Bits.reserveMemory(Bits.java:666)
	at java.nio.DirectByteBuffer.<init>(DirectByteBuffer.java:123)
	at java.nio.ByteBuffer.allocateDirect(ByteBuffer.java:311)
	at org.apache.ratis.server.raftlog.segmented.BufferedWriteChannel.<init>(BufferedWriteChannel.java:41)
	at org.apache.ratis.server.raftlog.segmented.SegmentedRaftLogOutputStream.<init>(SegmentedRaftLogOutputStream.java:72)
	at org.apache.ratis.server.raftlog.segmented.SegmentedRaftLogWorker$StartLogSegment.execute(SegmentedRaftLogWorker.java:566)
	at org.apache.ratis.server.raftlog.segmented.SegmentedRaftLogWorker.run(SegmentedRaftLogWorker.java:289)
	at java.lang.Thread.run(Thread.java:748)
2019-09-20 10:25:10,829 [99e70dd4-d763-4473-944c-c5628506dcf8-SegmentedRaftLogWorker:Storage Directory /workdir/hadoop-ozone/integration-test/target/test-dir/MiniOzoneClusterImpl-806821b2-061b-4172-afaf-fb68ff5248bd/datanode-6/data/ratis/9ed2b117-4d89-4708-843a-d0a60c53cd0e] INFO  impl.RaftServerImpl (RaftServerImpl.java:lambda$shutdown$3(245)) - 99e70dd4-d763-4473-944c-c5628506dcf8: shutdown group-D0A60C53CD0E
2019-09-20 10:25:10,489 [136f1953-bb94-4097-a2d4-422a6782bee0-SegmentedRaftLogWorker:Storage Directory /workdir/hadoop-ozone/integration-test/target/test-dir/MiniOzoneClusterImpl-806821b2-061b-4172-afaf-fb68ff5248bd/datanode-2/data/ratis/54e10fd4-cd9d-4fa1-8c4c-f29f1192f946] INFO  impl.StateMachineUpdater (StateMachineUpdater.java:stopAndJoin(115)) - StateMachineUpdater:136f1953-bb94-4097-a2d4-422a6782bee0:group-F29F1192F946: set stopIndex = -1
2019-09-20 10:25:10,489 [136f1953-bb94-4097-a2d4-422a6782bee0-SegmentedRaftLogWorker:Storage Directory /workdir/hadoop-ozone/integration-test/target/test-dir/MiniOzoneClusterImpl-806821b2-061b-4172-afaf-fb68ff5248bd/datanode-2/data/ratis/3a28e6b2-f888-47e8-8242-d306834017eb] INFO  impl.StateMachineUpdater (StateMachineUpdater.java:stopAndJoin(115)) - StateMachineUpdater:136f1953-bb94-4097-a2d4-422a6782bee0:group-D306834017EB: set stopIndex = -1
2019-09-20 10:25:10,489 [b5962e8e-c9f1-48aa-8eb4-d8f74b8afdbe-SegmentedRaftLogWorker:Storage Directory /workdir/hadoop-ozone/integration-test/target/test-dir/MiniOzoneClusterImpl-806821b2-061b-4172-afaf-fb68ff5248bd/datanode-4/data/ratis/3e56b3b8-13b0-4630-9f02-66792eee1340] INFO  util.JmxRegister (JmxRegister.java:unregister(73)) - Successfully un-registered JMX Bean with object name Ratis:service=RaftServer,group=group-66792EEE1340,id=b5962e8e-c9f1-48aa-8eb4-d8f74b8afdbe
2019-09-20 10:25:10,829 [b5962e8e-c9f1-48aa-8eb4-d8f74b8afdbe-SegmentedRaftLogWorker:Storage Directory /workdir/hadoop-ozone/integration-test/target/test-dir/MiniOzoneClusterImpl-806821b2-061b-4172-afaf-fb68ff5248bd/datanode-4/data/ratis/3e56b3b8-13b0-4630-9f02-66792eee1340] INFO  impl.RoleInfo (RoleInfo.java:shutdownLeaderState(104)) - b5962e8e-c9f1-48aa-8eb4-d8f74b8afdbe: shutdown LeaderState
2019-09-20 10:25:10,488 [b5962e8e-c9f1-48aa-8eb4-d8f74b8afdbe-SegmentedRaftLogWorker:Storage Directory /workdir/hadoop-ozone/integration-test/target/test-dir/MiniOzoneClusterImpl-806821b2-061b-4172-afaf-fb68ff5248bd/datanode-4/data/ratis/1c092731-1da3-4de9-b9bf-900160021207] INFO  util.JmxRegister (JmxRegister.java:unregister(73)) - Successfully un-registered JMX Bean with object name Ratis:service=RaftServer,group=group-900160021207,id=b5962e8e-c9f1-48aa-8eb4-d8f74b8afdbe
2019-09-20 10:25:10,830 [b5962e8e-c9f1-48aa-8eb4-d8f74b8afdbe-SegmentedRaftLogWorker:Storage Directory /workdir/hadoop-ozone/integration-test/target/test-dir/MiniOzoneClusterImpl-806821b2-061b-4172-afaf-fb68ff5248bd/datanode-4/data/ratis/1c092731-1da3-4de9-b9bf-900160021207] INFO  impl.RoleInfo (RoleInfo.java:shutdownLeaderState(104)) - b5962e8e-c9f1-48aa-8eb4-d8f74b8afdbe: shutdown LeaderState
2019-09-20 10:25:10,488 [bb8f5112-316d-4974-a5a6-f698f3fbb5be:group-60E02580B572:LeaderElection125] INFO  impl.RoleInfo (RoleInfo.java:shutdownLeaderElection(134)) - bb8f5112-316d-4974-a5a6-f698f3fbb5be: shutdown LeaderElection
2019-09-20 10:25:10,830 [bb8f5112-316d-4974-a5a6-f698f3fbb5be:group-60E02580B572:LeaderElection125] INFO  impl.RaftServerImpl (RaftServerImpl.java:setRole(171)) - bb8f5112-316d-4974-a5a6-f698f3fbb5be:group-60E02580B572 changes role from CANDIDATE to LEADER at term 1 for changeToLeader
2019-09-20 10:25:10,488 [b5962e8e-c9f1-48aa-8eb4-d8f74b8afdbe:group-C6BC69FEB661:LeaderElection127] INFO  impl.RoleInfo (RoleInfo.java:shutdownLeaderElection(134)) - b5962e8e-c9f1-48aa-8eb4-d8f74b8afdbe: shutdown LeaderElection
2019-09-20 10:25:10,488 [b5962e8e-c9f1-48aa-8eb4-d8f74b8afdbe:group-0610CA833D6D:LeaderElection126] INFO  impl.RoleInfo (RoleInfo.java:shutdownLeaderElection(134)) - b5962e8e-c9f1-48aa-8eb4-d8f74b8afdbe: shutdown LeaderElection
2019-09-20 10:25:10,830 [b5962e8e-c9f1-48aa-8eb4-d8f74b8afdbe:group-0610CA833D6D:LeaderElection126] INFO  impl.RaftServerImpl (RaftServerImpl.java:setRole(171)) - b5962e8e-c9f1-48aa-8eb4-d8f74b8afdbe:group-0610CA833D6D changes role from CANDIDATE to LEADER at term 1 for changeToLeader
2019-09-20 10:25:10,487 [e8013689-2f13-4aaf-8a03-99f419c430ec-SegmentedRaftLogWorker:Storage Directory /workdir/hadoop-ozone/integration-test/target/test-dir/MiniOzoneClusterImpl-806821b2-061b-4172-afaf-fb68ff5248bd/datanode-1/data/ratis/08136aa7-4ba0-4fe8-b0eb-4f0d8b9435fe] INFO  impl.RaftServerImpl (ServerState.java:close(394)) - e8013689-2f13-4aaf-8a03-99f419c430ec:group-4F0D8B9435FE closes. The last applied log index is -1
2019-09-20 10:25:10,487 [cff8bf6b-8d20-4327-9f29-08a3c2b49247:group-8BF4BCFBCE01:LeaderElection109] INFO  impl.RoleInfo (RoleInfo.java:updateAndGet(143)) - cff8bf6b-8d20-4327-9f29-08a3c2b49247: start LeaderState
2019-09-20 10:25:10,831 [e8013689-2f13-4aaf-8a03-99f419c430ec-SegmentedRaftLogWorker:Storage Directory /workdir/hadoop-ozone/integration-test/target/test-dir/MiniOzoneClusterImpl-806821b2-061b-4172-afaf-fb68ff5248bd/datanode-1/data/ratis/08136aa7-4ba0-4fe8-b0eb-4f0d8b9435fe] INFO  segmented.SegmentedRaftLogWorker (SegmentedRaftLogWorker.java:close(228)) - e8013689-2f13-4aaf-8a03-99f419c430ec-SegmentedRaftLogWorker:Storage Directory /workdir/hadoop-ozone/integration-test/target/test-dir/MiniOzoneClusterImpl-806821b2-061b-4172-afaf-fb68ff5248bd/datanode-1/data/ratis/08136aa7-4ba0-4fe8-b0eb-4f0d8b9435fe close()
2019-09-20 10:25:10,831 [b5962e8e-c9f1-48aa-8eb4-d8f74b8afdbe:group-0610CA833D6D:LeaderElection126] INFO  impl.RaftServerImpl (ServerState.java:setLeader(263)) - b5962e8e-c9f1-48aa-8eb4-d8f74b8afdbe:group-0610CA833D6D change Leader from null to b5962e8e-c9f1-48aa-8eb4-d8f74b8afdbe at term 1 for becomeLeader, leader elected after 14279ms
2019-09-20 10:25:10,830 [b5962e8e-c9f1-48aa-8eb4-d8f74b8afdbe:group-C6BC69FEB661:LeaderElection127] INFO  impl.RaftServerImpl (RaftServerImpl.java:setRole(171)) - b5962e8e-c9f1-48aa-8eb4-d8f74b8afdbe:group-C6BC69FEB661 changes role from CANDIDATE to LEADER at term 1 for changeToLeader
2019-09-20 10:25:10,830 [bb8f5112-316d-4974-a5a6-f698f3fbb5be:group-60E02580B572:LeaderElection125] INFO  impl.RaftServerImpl (ServerState.java:setLeader(263)) - bb8f5112-316d-4974-a5a6-f698f3fbb5be:group-60E02580B572 change Leader from null to bb8f5112-316d-4974-a5a6-f698f3fbb5be at term 1 for becomeLeader, leader elected after 13613ms
2019-09-20 10:25:10,830 [b5962e8e-c9f1-48aa-8eb4-d8f74b8afdbe-SegmentedRaftLogWorker:Storage Directory /workdir/hadoop-ozone/integration-test/target/test-dir/MiniOzoneClusterImpl-806821b2-061b-4172-afaf-fb68ff5248bd/datanode-4/data/ratis/1c092731-1da3-4de9-b9bf-900160021207] INFO  impl.PendingRequests (PendingRequests.java:sendNotLeaderResponses(202)) - b5962e8e-c9f1-48aa-8eb4-d8f74b8afdbe-PendingRequests: sendNotLeaderResponses
2019-09-20 10:25:10,830 [b5962e8e-c9f1-48aa-8eb4-d8f74b8afdbe-SegmentedRaftLogWorker:Storage Directory /workdir/hadoop-ozone/integration-test/target/test-dir/MiniOzoneClusterImpl-806821b2-061b-4172-afaf-fb68ff5248bd/datanode-4/data/ratis/3e56b3b8-13b0-4630-9f02-66792eee1340] INFO  impl.PendingRequests (PendingRequests.java:sendNotLeaderResponses(202)) - b5962e8e-c9f1-48aa-8eb4-d8f74b8afdbe-PendingRequests: sendNotLeaderResponses
2019-09-20 10:25:10,829 [136f1953-bb94-4097-a2d4-422a6782bee0-SegmentedRaftLogWorker:Storage Directory /workdir/hadoop-ozone/integration-test/target/test-dir/MiniOzoneClusterImpl-806821b2-061b-4172-afaf-fb68ff5248bd/datanode-2/data/ratis/3a28e6b2-f888-47e8-8242-d306834017eb] INFO  impl.RaftServerImpl (ServerState.java:close(394)) - 136f1953-bb94-4097-a2d4-422a6782bee0:group-D306834017EB closes. The last applied log index is -1
2019-09-20 10:25:10,829 [136f1953-bb94-4097-a2d4-422a6782bee0-SegmentedRaftLogWorker:Storage Directory /workdir/hadoop-ozone/integration-test/target/test-dir/MiniOzoneClusterImpl-806821b2-061b-4172-afaf-fb68ff5248bd/datanode-2/data/ratis/54e10fd4-cd9d-4fa1-8c4c-f29f1192f946] INFO  impl.RaftServerImpl (ServerState.java:close(394)) - 136f1953-bb94-4097-a2d4-422a6782bee0:group-F29F1192F946 closes. The last applied log index is -1
2019-09-20 10:25:10,829 [99e70dd4-d763-4473-944c-c5628506dcf8-SegmentedRaftLogWorker:Storage Directory /workdir/hadoop-ozone/integration-test/target/test-dir/MiniOzoneClusterImpl-806821b2-061b-4172-afaf-fb68ff5248bd/datanode-6/data/ratis/9ed2b117-4d89-4708-843a-d0a60c53cd0e] INFO  util.JmxRegister (JmxRegister.java:unregister(73)) - Successfully un-registered JMX Bean with object name Ratis:service=RaftServer,group=group-D0A60C53CD0E,id=99e70dd4-d763-4473-944c-c5628506dcf8
2019-09-20 10:25:10,828 [cff8bf6b-8d20-4327-9f29-08a3c2b49247-SegmentedRaftLogWorker:Storage Directory /workdir/hadoop-ozone/integration-test/target/test-dir/MiniOzoneClusterImpl-806821b2-061b-4172-afaf-fb68ff5248bd/datanode-3/data/ratis/34ec9df5-f75e-420a-b1e1-54713c5ddce3] INFO  util.JmxRegister (JmxRegister.java:unregister(73)) - Successfully un-registered JMX Bean with object name Ratis:service=RaftServer,group=group-54713C5DDCE3,id=cff8bf6b-8d20-4327-9f29-08a3c2b49247
2019-09-20 10:25:10,845 [cff8bf6b-8d20-4327-9f29-08a3c2b49247-SegmentedRaftLogWorker:Storage Directory /workdir/hadoop-ozone/integration-test/target/test-dir/MiniOzoneClusterImpl-806821b2-061b-4172-afaf-fb68ff5248bd/datanode-3/data/ratis/34ec9df5-f75e-420a-b1e1-54713c5ddce3] INFO  impl.RoleInfo (RoleInfo.java:shutdownLeaderState(104)) - cff8bf6b-8d20-4327-9f29-08a3c2b49247: shutdown LeaderState
2019-09-20 10:25:10,828 [bb8f5112-316d-4974-a5a6-f698f3fbb5be-SegmentedRaftLogWorker:Storage Directory /workdir/hadoop-ozone/integration-test/target/test-dir/MiniOzoneClusterImpl-806821b2-061b-4172-afaf-fb68ff5248bd/datanode-5/data/ratis/a507a5b9-5e34-42b7-a73c-7a5798921cf6] INFO  util.JmxRegister (JmxRegister.java:unregister(73)) - Successfully un-registered JMX Bean with object name Ratis:service=RaftServer,group=group-7A5798921CF6,id=bb8f5112-316d-4974-a5a6-f698f3fbb5be
2019-09-20 10:25:10,845 [bb8f5112-316d-4974-a5a6-f698f3fbb5be-SegmentedRaftLogWorker:Storage Directory /workdir/hadoop-ozone/integration-test/target/test-dir/MiniOzoneClusterImpl-806821b2-061b-4172-afaf-fb68ff5248bd/datanode-5/data/ratis/a507a5b9-5e34-42b7-a73c-7a5798921cf6] INFO  impl.RoleInfo (RoleInfo.java:shutdownLeaderState(104)) - bb8f5112-316d-4974-a5a6-f698f3fbb5be: shutdown LeaderState
2019-09-20 10:25:10,827 [bb8f5112-316d-4974-a5a6-f698f3fbb5be:group-EF2B7B4F9A5B:LeaderElection128] INFO  impl.RoleInfo (RoleInfo.java:shutdownLeaderElection(134)) - bb8f5112-316d-4974-a5a6-f698f3fbb5be: shutdown LeaderElection
2019-09-20 10:25:10,845 [bb8f5112-316d-4974-a5a6-f698f3fbb5be:group-EF2B7B4F9A5B:LeaderElection128] INFO  impl.RaftServerImpl (RaftServerImpl.java:setRole(171)) - bb8f5112-316d-4974-a5a6-f698f3fbb5be:group-EF2B7B4F9A5B changes role from CANDIDATE to LEADER at term 1 for changeToLeader
2019-09-20 10:25:10,827 [99e70dd4-d763-4473-944c-c5628506dcf8:group-56945867D80F:LeaderElection123] INFO  impl.RoleInfo (RoleInfo.java:shutdownLeaderElection(134)) - 99e70dd4-d763-4473-944c-c5628506dcf8: shutdown LeaderElection
2019-09-20 10:25:10,827 [b5962e8e-c9f1-48aa-8eb4-d8f74b8afdbe:group-A03A25B01F56:LeaderElection124] INFO  impl.RoleInfo (RoleInfo.java:shutdownLeaderElection(134)) - b5962e8e-c9f1-48aa-8eb4-d8f74b8afdbe: shutdown LeaderElection
2019-09-20 10:25:10,827 [cff8bf6b-8d20-4327-9f29-08a3c2b49247-SegmentedRaftLogWorker:Storage Directory /workdir/hadoop-ozone/integration-test/target/test-dir/MiniOzoneClusterImpl-806821b2-061b-4172-afaf-fb68ff5248bd/datanode-3/data/ratis/3136328c-58bd-431e-a818-e11b07918171] INFO  impl.RaftServerImpl (ServerState.java:close(394)) - cff8bf6b-8d20-4327-9f29-08a3c2b49247:group-E11B07918171 closes. The last applied log index is -1
2019-09-20 10:25:10,827 [cff8bf6b-8d20-4327-9f29-08a3c2b49247-SegmentedRaftLogWorker:Storage Directory /workdir/hadoop-ozone/integration-test/target/test-dir/MiniOzoneClusterImpl-806821b2-061b-4172-afaf-fb68ff5248bd/datanode-3/data/ratis/82c1f05a-17be-499c-81f5-1ad398ac37e4] INFO  impl.PendingRequests (PendingRequests.java:sendNotLeaderResponses(202)) - cff8bf6b-8d20-4327-9f29-08a3c2b49247-PendingRequests: sendNotLeaderResponses
2019-09-20 10:25:10,815 [99e70dd4-d763-4473-944c-c5628506dcf8:group-5542CC850C81:LeaderElection122] INFO  segmented.SegmentedRaftLogWorker (SegmentedRaftLogWorker.java:startLogSegment(380)) - 99e70dd4-d763-4473-944c-c5628506dcf8-SegmentedRaftLogWorker:Storage Directory /workdir/hadoop-ozone/integration-test/target/test-dir/MiniOzoneClusterImpl-806821b2-061b-4172-afaf-fb68ff5248bd/datanode-6/data/ratis/42e5dfb2-9b38-41c6-a700-5542cc850c81: Starting segment from index:0
2019-09-20 10:25:10,803 [main] INFO  impl.MetricsSystemImpl (MetricsSystemImpl.java:init(158)) - HddsDatanode metrics system started (again)
2019-09-20 10:25:11,206 | INFO  | SCMAudit | user=jenkins1000 | ip=192.168.36.99 | op=SEND_HEARTBEAT {datanodeUUID=4d972e91-cb6b-45de-8bd2-c18af7abe58b, command=[]} | ret=SUCCESS |  
2019-09-20 10:25:11,206 | INFO  | SCMAudit | user=jenkins1000 | ip=192.168.36.99 | op=SEND_HEARTBEAT {datanodeUUID=60260ec1-e192-4b95-89c8-d924d16a77a9, command=[]} | ret=SUCCESS |  
2019-09-20 10:25:11,206 | INFO  | SCMAudit | user=jenkins1000 | ip=192.168.36.99 | op=SEND_HEARTBEAT {datanodeUUID=e8013689-2f13-4aaf-8a03-99f419c430ec, command=[]} | ret=SUCCESS |  
2019-09-20 10:25:11,206 | INFO  | SCMAudit | user=jenkins1000 | ip=192.168.36.99 | op=SEND_HEARTBEAT {datanodeUUID=bb8f5112-316d-4974-a5a6-f698f3fbb5be, command=[]} | ret=SUCCESS |  
2019-09-20 10:25:11,207 | INFO  | SCMAudit | user=jenkins1000 | ip=192.168.36.99 | op=SEND_HEARTBEAT {datanodeUUID=b5962e8e-c9f1-48aa-8eb4-d8f74b8afdbe, command=[]} | ret=SUCCESS |  
2019-09-20 10:25:11,207 | INFO  | SCMAudit | user=jenkins1000 | ip=192.168.36.99 | op=SEND_HEARTBEAT {datanodeUUID=6491c372-a595-4104-b3e9-c4f3293baafa, command=[]} | ret=SUCCESS |  
2019-09-20 10:25:11,207 | INFO  | SCMAudit | user=jenkins1000 | ip=192.168.36.99 | op=SEND_HEARTBEAT {datanodeUUID=136f1953-bb94-4097-a2d4-422a6782bee0, command=[]} | ret=SUCCESS |  
2019-09-20 10:25:11,207 | INFO  | SCMAudit | user=jenkins1000 | ip=192.168.36.99 | op=SEND_HEARTBEAT {datanodeUUID=99e70dd4-d763-4473-944c-c5628506dcf8, command=[]} | ret=SUCCESS |  
2019-09-20 10:25:11,207 | INFO  | SCMAudit | user=jenkins1000 | ip=192.168.36.99 | op=SEND_HEARTBEAT {datanodeUUID=61649f92-8c0f-475a-818d-1064548aeef6, command=[]} | ret=SUCCESS |  
2019-09-20 10:25:11,207 | INFO  | SCMAudit | user=jenkins1000 | ip=192.168.36.99 | op=SEND_HEARTBEAT {datanodeUUID=cff8bf6b-8d20-4327-9f29-08a3c2b49247, command=[]} | ret=SUCCESS |  
2019-09-20 10:25:11,207 | INFO  | SCMAudit | user=jenkins1000 | ip=192.168.36.99 | op=SEND_HEARTBEAT {datanodeUUID=3d6f3241-e73c-473a-ad0b-c7be2f7e1dda, command=[]} | ret=SUCCESS |  
2019-09-20 10:25:11,207 | INFO  | SCMAudit | user=jenkins1000 | ip=192.168.36.99 | op=SEND_HEARTBEAT {datanodeUUID=19fb8383-7c99-4449-b95c-a26e71717844, command=[]} | ret=SUCCESS |  
2019-09-20 10:25:10,789 [136f1953-bb94-4097-a2d4-422a6782bee0-SegmentedRaftLogWorker:Storage Directory /workdir/hadoop-ozone/integration-test/target/test-dir/MiniOzoneClusterImpl-806821b2-061b-4172-afaf-fb68ff5248bd/datanode-2/data/ratis/0eedc282-be83-4ac8-ab7a-c7c9e2beed22] INFO  impl.RaftServerImpl (ServerState.java:close(394)) - 136f1953-bb94-4097-a2d4-422a6782bee0:group-C7C9E2BEED22 closes. The last applied log index is -1
2019-09-20 10:25:11,206 | INFO  | SCMAudit | user=jenkins1000 | ip=192.168.36.99 | op=SEND_HEARTBEAT {datanodeUUID=c3e532f8-1a8e-44f3-b56b-d765aee893af, command=[]} | ret=SUCCESS |  
2019-09-20 10:25:11,206 | INFO  | SCMAudit | user=jenkins1000 | ip=192.168.36.99 | op=SEND_HEARTBEAT {datanodeUUID=17e2ba94-38a1-40e7-84e0-f6802901db84, command=[]} | ret=SUCCESS |  
2019-09-20 10:25:11,206 | INFO  | SCMAudit | user=jenkins1000 | ip=192.168.36.99 | op=SEND_HEARTBEAT {datanodeUUID=54207fe5-d92c-4c2e-b058-fbae630dabef, command=[]} | ret=SUCCESS |  
2019-09-20 10:25:10,789 [cff8bf6b-8d20-4327-9f29-08a3c2b49247-SegmentedRaftLogWorker:Storage Directory /workdir/hadoop-ozone/integration-test/target/test-dir/MiniOzoneClusterImpl-806821b2-061b-4172-afaf-fb68ff5248bd/datanode-3/data/ratis/e3e3c918-b34d-46f7-b3c6-59d57af1bf79] INFO  impl.StateMachineUpdater (StateMachineUpdater.java:stopAndJoin(115)) - StateMachineUpdater:cff8bf6b-8d20-4327-9f29-08a3c2b49247:group-59D57AF1BF79: set stopIndex = -1
2019-09-20 10:25:11,206 | INFO  | SCMAudit | user=jenkins1000 | ip=192.168.36.99 | op=SEND_HEARTBEAT {datanodeUUID=66416d0b-a71c-4af1-ae3a-62ca63b880a3, command=[]} | ret=SUCCESS |  
2019-09-20 10:25:11,206 | INFO  | SCMAudit | user=jenkins1000 | ip=192.168.36.99 | op=SEND_HEARTBEAT {datanodeUUID=7af711bd-b5ae-4a73-a8be-b970cae6c2d1, command=[]} | ret=SUCCESS |  
2019-09-20 10:25:11,207 | INFO  | SCMAudit | user=jenkins1000 | ip=192.168.36.99 | op=SEND_HEARTBEAT {datanodeUUID=1ab786b9-c79c-4265-88a1-5b3344c6beda, command=[]} | ret=SUCCESS |  
2019-09-20 10:25:11,207 | INFO  | SCMAudit | user=jenkins1000 | ip=192.168.36.99 | op=SEND_HEARTBEAT {datanodeUUID=d2ed2d9b-7ac7-460e-84f6-6d9d6066f76d, command=[]} | ret=SUCCESS |  
2019-09-20 10:25:11,207 | INFO  | SCMAudit | user=jenkins1000 | ip=192.168.36.99 | op=SEND_HEARTBEAT {datanodeUUID=9e03ffa9-cf79-407a-a150-4c035e5aec5e, command=[]} | ret=SUCCESS |  
2019-09-20 10:25:11,207 | INFO  | SCMAudit | user=jenkins1000 | ip=192.168.36.99 | op=SEND_HEARTBEAT {datanodeUUID=468be06f-55e9-4831-ba6b-3db017451a79, command=[]} | ret=SUCCESS |  
2019-09-20 10:25:10,788 [99e70dd4-d763-4473-944c-c5628506dcf8:group-CCAADAAF72A4:LeaderElection116] INFO  server.RaftServerConfigKeys (ConfUtils.java:logGet(43)) - raft.server.watch.element-limit = 65536 (default)
2019-09-20 10:25:11,207 [cff8bf6b-8d20-4327-9f29-08a3c2b49247-SegmentedRaftLogWorker:Storage Directory /workdir/hadoop-ozone/integration-test/target/test-dir/MiniOzoneClusterImpl-806821b2-061b-4172-afaf-fb68ff5248bd/datanode-3/data/ratis/e3e3c918-b34d-46f7-b3c6-59d57af1bf79] INFO  impl.RaftServerImpl (ServerState.java:close(394)) - cff8bf6b-8d20-4327-9f29-08a3c2b49247:group-59D57AF1BF79 closes. The last applied log index is -1
2019-09-20 10:25:11,207 [136f1953-bb94-4097-a2d4-422a6782bee0-SegmentedRaftLogWorker:Storage Directory /workdir/hadoop-ozone/integration-test/target/test-dir/MiniOzoneClusterImpl-806821b2-061b-4172-afaf-fb68ff5248bd/datanode-2/data/ratis/0eedc282-be83-4ac8-ab7a-c7c9e2beed22] INFO  segmented.SegmentedRaftLogWorker (SegmentedRaftLogWorker.java:close(228)) - 136f1953-bb94-4097-a2d4-422a6782bee0-SegmentedRaftLogWorker:Storage Directory /workdir/hadoop-ozone/integration-test/target/test-dir/MiniOzoneClusterImpl-806821b2-061b-4172-afaf-fb68ff5248bd/datanode-2/data/ratis/0eedc282-be83-4ac8-ab7a-c7c9e2beed22 close()
2019-09-20 10:25:11,207 [bb8f5112-316d-4974-a5a6-f698f3fbb5be-SegmentedRaftLogWorker:Storage Directory /workdir/hadoop-ozone/integration-test/target/test-dir/MiniOzoneClusterImpl-806821b2-061b-4172-afaf-fb68ff5248bd/datanode-5/data/ratis/e194f024-2958-46c3-9e56-43e823771414] ERROR segmented.SegmentedRaftLogWorker (SegmentedRaftLogWorker.java:run(323)) - bb8f5112-316d-4974-a5a6-f698f3fbb5be-SegmentedRaftLogWorker:Storage Directory /workdir/hadoop-ozone/integration-test/target/test-dir/MiniOzoneClusterImpl-806821b2-061b-4172-afaf-fb68ff5248bd/datanode-5/data/ratis/e194f024-2958-46c3-9e56-43e823771414 hit exception
java.lang.OutOfMemoryError: Direct buffer memory
	at java.nio.Bits.reserveMemory(Bits.java:666)
	at java.nio.DirectByteBuffer.<init>(DirectByteBuffer.java:123)
	at java.nio.ByteBuffer.allocateDirect(ByteBuffer.java:311)
	at org.apache.ratis.server.raftlog.segmented.BufferedWriteChannel.<init>(BufferedWriteChannel.java:41)
	at org.apache.ratis.server.raftlog.segmented.SegmentedRaftLogOutputStream.<init>(SegmentedRaftLogOutputStream.java:72)
	at org.apache.ratis.server.raftlog.segmented.SegmentedRaftLogWorker$StartLogSegment.execute(SegmentedRaftLogWorker.java:566)
	at org.apache.ratis.server.raftlog.segmented.SegmentedRaftLogWorker.run(SegmentedRaftLogWorker.java:289)
	at java.lang.Thread.run(Thread.java:748)
2019-09-20 10:25:11,206 [Thread-1226] INFO  impl.FollowerState (FollowerState.java:run(106)) - 61649f92-8c0f-475a-818d-1064548aeef6:group-5FC9C0484930 changes to CANDIDATE, lastRpcTime:16278, electionTimeout:5001ms
2019-09-20 10:25:11,224 [Thread-1226] INFO  impl.RoleInfo (RoleInfo.java:shutdownFollowerState(121)) - 61649f92-8c0f-475a-818d-1064548aeef6: shutdown FollowerState
2019-09-20 10:25:10,846 [99e70dd4-d763-4473-944c-c5628506dcf8:group-5542CC850C81:LeaderElection122] INFO  impl.RaftServerImpl (ServerState.java:setRaftConf(361)) - 99e70dd4-d763-4473-944c-c5628506dcf8:group-5542CC850C81 set configuration 0: [99e70dd4-d763-4473-944c-c5628506dcf8:192.168.36.99:46869], old=null at 0
2019-09-20 10:25:10,846 [cff8bf6b-8d20-4327-9f29-08a3c2b49247-SegmentedRaftLogWorker:Storage Directory /workdir/hadoop-ozone/integration-test/target/test-dir/MiniOzoneClusterImpl-806821b2-061b-4172-afaf-fb68ff5248bd/datanode-3/data/ratis/82c1f05a-17be-499c-81f5-1ad398ac37e4] INFO  impl.StateMachineUpdater (StateMachineUpdater.java:stopAndJoin(115)) - StateMachineUpdater:cff8bf6b-8d20-4327-9f29-08a3c2b49247:group-1AD398AC37E4: set stopIndex = -1
2019-09-20 10:25:11,224 [cff8bf6b-8d20-4327-9f29-08a3c2b49247-SegmentedRaftLogWorker:Storage Directory /workdir/hadoop-ozone/integration-test/target/test-dir/MiniOzoneClusterImpl-806821b2-061b-4172-afaf-fb68ff5248bd/datanode-3/data/ratis/82c1f05a-17be-499c-81f5-1ad398ac37e4] INFO  impl.RaftServerImpl (ServerState.java:close(394)) - cff8bf6b-8d20-4327-9f29-08a3c2b49247:group-1AD398AC37E4 closes. The last applied log index is -1
2019-09-20 10:25:10,846 [cff8bf6b-8d20-4327-9f29-08a3c2b49247-SegmentedRaftLogWorker:Storage Directory /workdir/hadoop-ozone/integration-test/target/test-dir/MiniOzoneClusterImpl-806821b2-061b-4172-afaf-fb68ff5248bd/datanode-3/data/ratis/3136328c-58bd-431e-a818-e11b07918171] INFO  segmented.SegmentedRaftLogWorker (SegmentedRaftLogWorker.java:close(228)) - cff8bf6b-8d20-4327-9f29-08a3c2b49247-SegmentedRaftLogWorker:Storage Directory /workdir/hadoop-ozone/integration-test/target/test-dir/MiniOzoneClusterImpl-806821b2-061b-4172-afaf-fb68ff5248bd/datanode-3/data/ratis/3136328c-58bd-431e-a818-e11b07918171 close()
2019-09-20 10:25:10,846 [b5962e8e-c9f1-48aa-8eb4-d8f74b8afdbe:group-A03A25B01F56:LeaderElection124] INFO  impl.RaftServerImpl (RaftServerImpl.java:setRole(171)) - b5962e8e-c9f1-48aa-8eb4-d8f74b8afdbe:group-A03A25B01F56 changes role from CANDIDATE to LEADER at term 1 for changeToLeader
2019-09-20 10:25:10,845 [99e70dd4-d763-4473-944c-c5628506dcf8:group-56945867D80F:LeaderElection123] INFO  impl.RaftServerImpl (RaftServerImpl.java:setRole(171)) - 99e70dd4-d763-4473-944c-c5628506dcf8:group-56945867D80F changes role from CANDIDATE to LEADER at term 1 for changeToLeader
2019-09-20 10:25:10,845 [bb8f5112-316d-4974-a5a6-f698f3fbb5be:group-EF2B7B4F9A5B:LeaderElection128] INFO  impl.RaftServerImpl (ServerState.java:setLeader(263)) - bb8f5112-316d-4974-a5a6-f698f3fbb5be:group-EF2B7B4F9A5B change Leader from null to bb8f5112-316d-4974-a5a6-f698f3fbb5be at term 1 for becomeLeader, leader elected after 13476ms
2019-09-20 10:25:10,845 [bb8f5112-316d-4974-a5a6-f698f3fbb5be-SegmentedRaftLogWorker:Storage Directory /workdir/hadoop-ozone/integration-test/target/test-dir/MiniOzoneClusterImpl-806821b2-061b-4172-afaf-fb68ff5248bd/datanode-5/data/ratis/a507a5b9-5e34-42b7-a73c-7a5798921cf6] INFO  impl.PendingRequests (PendingRequests.java:sendNotLeaderResponses(202)) - bb8f5112-316d-4974-a5a6-f698f3fbb5be-PendingRequests: sendNotLeaderResponses
2019-09-20 10:25:10,845 [cff8bf6b-8d20-4327-9f29-08a3c2b49247-SegmentedRaftLogWorker:Storage Directory /workdir/hadoop-ozone/integration-test/target/test-dir/MiniOzoneClusterImpl-806821b2-061b-4172-afaf-fb68ff5248bd/datanode-3/data/ratis/34ec9df5-f75e-420a-b1e1-54713c5ddce3] INFO  impl.PendingRequests (PendingRequests.java:sendNotLeaderResponses(202)) - cff8bf6b-8d20-4327-9f29-08a3c2b49247-PendingRequests: sendNotLeaderResponses
2019-09-20 10:25:10,844 [99e70dd4-d763-4473-944c-c5628506dcf8-SegmentedRaftLogWorker:Storage Directory /workdir/hadoop-ozone/integration-test/target/test-dir/MiniOzoneClusterImpl-806821b2-061b-4172-afaf-fb68ff5248bd/datanode-6/data/ratis/9ed2b117-4d89-4708-843a-d0a60c53cd0e] INFO  impl.RoleInfo (RoleInfo.java:shutdownLeaderState(104)) - 99e70dd4-d763-4473-944c-c5628506dcf8: shutdown LeaderState
2019-09-20 10:25:10,844 [136f1953-bb94-4097-a2d4-422a6782bee0-SegmentedRaftLogWorker:Storage Directory /workdir/hadoop-ozone/integration-test/target/test-dir/MiniOzoneClusterImpl-806821b2-061b-4172-afaf-fb68ff5248bd/datanode-2/data/ratis/54e10fd4-cd9d-4fa1-8c4c-f29f1192f946] INFO  segmented.SegmentedRaftLogWorker (SegmentedRaftLogWorker.java:close(228)) - 136f1953-bb94-4097-a2d4-422a6782bee0-SegmentedRaftLogWorker:Storage Directory /workdir/hadoop-ozone/integration-test/target/test-dir/MiniOzoneClusterImpl-806821b2-061b-4172-afaf-fb68ff5248bd/datanode-2/data/ratis/54e10fd4-cd9d-4fa1-8c4c-f29f1192f946 close()
2019-09-20 10:25:10,844 [136f1953-bb94-4097-a2d4-422a6782bee0-SegmentedRaftLogWorker:Storage Directory /workdir/hadoop-ozone/integration-test/target/test-dir/MiniOzoneClusterImpl-806821b2-061b-4172-afaf-fb68ff5248bd/datanode-2/data/ratis/3a28e6b2-f888-47e8-8242-d306834017eb] INFO  segmented.SegmentedRaftLogWorker (SegmentedRaftLogWorker.java:close(228)) - 136f1953-bb94-4097-a2d4-422a6782bee0-SegmentedRaftLogWorker:Storage Directory /workdir/hadoop-ozone/integration-test/target/test-dir/MiniOzoneClusterImpl-806821b2-061b-4172-afaf-fb68ff5248bd/datanode-2/data/ratis/3a28e6b2-f888-47e8-8242-d306834017eb close()
2019-09-20 10:25:10,844 [b5962e8e-c9f1-48aa-8eb4-d8f74b8afdbe-SegmentedRaftLogWorker:Storage Directory /workdir/hadoop-ozone/integration-test/target/test-dir/MiniOzoneClusterImpl-806821b2-061b-4172-afaf-fb68ff5248bd/datanode-4/data/ratis/3e56b3b8-13b0-4630-9f02-66792eee1340] INFO  impl.StateMachineUpdater (StateMachineUpdater.java:stopAndJoin(115)) - StateMachineUpdater:b5962e8e-c9f1-48aa-8eb4-d8f74b8afdbe:group-66792EEE1340: set stopIndex = -1
2019-09-20 10:25:10,844 [b5962e8e-c9f1-48aa-8eb4-d8f74b8afdbe-SegmentedRaftLogWorker:Storage Directory /workdir/hadoop-ozone/integration-test/target/test-dir/MiniOzoneClusterImpl-806821b2-061b-4172-afaf-fb68ff5248bd/datanode-4/data/ratis/1c092731-1da3-4de9-b9bf-900160021207] INFO  impl.StateMachineUpdater (StateMachineUpdater.java:stopAndJoin(115)) - StateMachineUpdater:b5962e8e-c9f1-48aa-8eb4-d8f74b8afdbe:group-900160021207: set stopIndex = -1
2019-09-20 10:25:11,226 [b5962e8e-c9f1-48aa-8eb4-d8f74b8afdbe-SegmentedRaftLogWorker:Storage Directory /workdir/hadoop-ozone/integration-test/target/test-dir/MiniOzoneClusterImpl-806821b2-061b-4172-afaf-fb68ff5248bd/datanode-4/data/ratis/1c092731-1da3-4de9-b9bf-900160021207] INFO  impl.RaftServerImpl (ServerState.java:close(394)) - b5962e8e-c9f1-48aa-8eb4-d8f74b8afdbe:group-900160021207 closes. The last applied log index is -1
2019-09-20 10:25:10,843 [bb8f5112-316d-4974-a5a6-f698f3fbb5be:group-60E02580B572:LeaderElection125] INFO  server.RaftServerConfigKeys (ConfUtils.java:logGet(43)) - raft.server.staging.catchup.gap = 1000 (default)
2019-09-20 10:25:10,843 [b5962e8e-c9f1-48aa-8eb4-d8f74b8afdbe:group-C6BC69FEB661:LeaderElection127] INFO  impl.RaftServerImpl (ServerState.java:setLeader(263)) - b5962e8e-c9f1-48aa-8eb4-d8f74b8afdbe:group-C6BC69FEB661 change Leader from null to b5962e8e-c9f1-48aa-8eb4-d8f74b8afdbe at term 1 for becomeLeader, leader elected after 14359ms
2019-09-20 10:25:10,843 [b5962e8e-c9f1-48aa-8eb4-d8f74b8afdbe:group-0610CA833D6D:LeaderElection126] INFO  server.RaftServerConfigKeys (ConfUtils.java:logGet(43)) - raft.server.staging.catchup.gap = 1000 (default)
2019-09-20 10:25:10,831 [cff8bf6b-8d20-4327-9f29-08a3c2b49247:group-8BF4BCFBCE01:LeaderElection109] INFO  segmented.SegmentedRaftLogWorker (SegmentedRaftLogWorker.java:startLogSegment(380)) - cff8bf6b-8d20-4327-9f29-08a3c2b49247-SegmentedRaftLogWorker:Storage Directory /workdir/hadoop-ozone/integration-test/target/test-dir/MiniOzoneClusterImpl-806821b2-061b-4172-afaf-fb68ff5248bd/datanode-3/data/ratis/ef7727ff-9c01-4f29-a141-8bf4bcfbce01: Starting segment from index:0
2019-09-20 10:25:11,227 [b5962e8e-c9f1-48aa-8eb4-d8f74b8afdbe:group-0610CA833D6D:LeaderElection126] INFO  server.RaftServerConfigKeys (ConfUtils.java:logGet(43)) - raft.server.rpc.sleep.time = 25ms (default)
2019-09-20 10:25:11,227 [b5962e8e-c9f1-48aa-8eb4-d8f74b8afdbe:group-C6BC69FEB661:LeaderElection127] INFO  server.RaftServerConfigKeys (ConfUtils.java:logGet(43)) - raft.server.staging.catchup.gap = 1000 (default)
2019-09-20 10:25:11,226 [bb8f5112-316d-4974-a5a6-f698f3fbb5be:group-60E02580B572:LeaderElection125] INFO  server.RaftServerConfigKeys (ConfUtils.java:logGet(43)) - raft.server.rpc.sleep.time = 25ms (default)
2019-09-20 10:25:11,226 [b5962e8e-c9f1-48aa-8eb4-d8f74b8afdbe-SegmentedRaftLogWorker:Storage Directory /workdir/hadoop-ozone/integration-test/target/test-dir/MiniOzoneClusterImpl-806821b2-061b-4172-afaf-fb68ff5248bd/datanode-4/data/ratis/1c092731-1da3-4de9-b9bf-900160021207] INFO  segmented.SegmentedRaftLogWorker (SegmentedRaftLogWorker.java:close(228)) - b5962e8e-c9f1-48aa-8eb4-d8f74b8afdbe-SegmentedRaftLogWorker:Storage Directory /workdir/hadoop-ozone/integration-test/target/test-dir/MiniOzoneClusterImpl-806821b2-061b-4172-afaf-fb68ff5248bd/datanode-4/data/ratis/1c092731-1da3-4de9-b9bf-900160021207 close()
2019-09-20 10:25:11,226 [b5962e8e-c9f1-48aa-8eb4-d8f74b8afdbe-SegmentedRaftLogWorker:Storage Directory /workdir/hadoop-ozone/integration-test/target/test-dir/MiniOzoneClusterImpl-806821b2-061b-4172-afaf-fb68ff5248bd/datanode-4/data/ratis/3e56b3b8-13b0-4630-9f02-66792eee1340] INFO  impl.RaftServerImpl (ServerState.java:close(394)) - b5962e8e-c9f1-48aa-8eb4-d8f74b8afdbe:group-66792EEE1340 closes. The last applied log index is -1
2019-09-20 10:25:11,226 [99e70dd4-d763-4473-944c-c5628506dcf8-SegmentedRaftLogWorker:Storage Directory /workdir/hadoop-ozone/integration-test/target/test-dir/MiniOzoneClusterImpl-806821b2-061b-4172-afaf-fb68ff5248bd/datanode-6/data/ratis/9ed2b117-4d89-4708-843a-d0a60c53cd0e] INFO  impl.PendingRequests (PendingRequests.java:sendNotLeaderResponses(202)) - 99e70dd4-d763-4473-944c-c5628506dcf8-PendingRequests: sendNotLeaderResponses
2019-09-20 10:25:11,225 [cff8bf6b-8d20-4327-9f29-08a3c2b49247-SegmentedRaftLogWorker:Storage Directory /workdir/hadoop-ozone/integration-test/target/test-dir/MiniOzoneClusterImpl-806821b2-061b-4172-afaf-fb68ff5248bd/datanode-3/data/ratis/34ec9df5-f75e-420a-b1e1-54713c5ddce3] INFO  impl.StateMachineUpdater (StateMachineUpdater.java:stopAndJoin(115)) - StateMachineUpdater:cff8bf6b-8d20-4327-9f29-08a3c2b49247:group-54713C5DDCE3: set stopIndex = -1
2019-09-20 10:25:11,225 [bb8f5112-316d-4974-a5a6-f698f3fbb5be-SegmentedRaftLogWorker:Storage Directory /workdir/hadoop-ozone/integration-test/target/test-dir/MiniOzoneClusterImpl-806821b2-061b-4172-afaf-fb68ff5248bd/datanode-5/data/ratis/a507a5b9-5e34-42b7-a73c-7a5798921cf6] INFO  impl.StateMachineUpdater (StateMachineUpdater.java:stopAndJoin(115)) - StateMachineUpdater:bb8f5112-316d-4974-a5a6-f698f3fbb5be:group-7A5798921CF6: set stopIndex = -1
2019-09-20 10:25:11,225 [bb8f5112-316d-4974-a5a6-f698f3fbb5be:group-EF2B7B4F9A5B:LeaderElection128] INFO  server.RaftServerConfigKeys (ConfUtils.java:logGet(43)) - raft.server.staging.catchup.gap = 1000 (default)
2019-09-20 10:25:11,225 [99e70dd4-d763-4473-944c-c5628506dcf8:group-56945867D80F:LeaderElection123] INFO  impl.RaftServerImpl (ServerState.java:setLeader(263)) - 99e70dd4-d763-4473-944c-c5628506dcf8:group-56945867D80F change Leader from null to 99e70dd4-d763-4473-944c-c5628506dcf8 at term 1 for becomeLeader, leader elected after 13915ms
2019-09-20 10:25:11,225 [b5962e8e-c9f1-48aa-8eb4-d8f74b8afdbe:group-A03A25B01F56:LeaderElection124] INFO  impl.RaftServerImpl (ServerState.java:setLeader(263)) - b5962e8e-c9f1-48aa-8eb4-d8f74b8afdbe:group-A03A25B01F56 change Leader from null to b5962e8e-c9f1-48aa-8eb4-d8f74b8afdbe at term 1 for becomeLeader, leader elected after 13805ms
2019-09-20 10:25:11,224 [cff8bf6b-8d20-4327-9f29-08a3c2b49247-SegmentedRaftLogWorker:Storage Directory /workdir/hadoop-ozone/integration-test/target/test-dir/MiniOzoneClusterImpl-806821b2-061b-4172-afaf-fb68ff5248bd/datanode-3/data/ratis/82c1f05a-17be-499c-81f5-1ad398ac37e4] INFO  segmented.SegmentedRaftLogWorker (SegmentedRaftLogWorker.java:close(228)) - cff8bf6b-8d20-4327-9f29-08a3c2b49247-SegmentedRaftLogWorker:Storage Directory /workdir/hadoop-ozone/integration-test/target/test-dir/MiniOzoneClusterImpl-806821b2-061b-4172-afaf-fb68ff5248bd/datanode-3/data/ratis/82c1f05a-17be-499c-81f5-1ad398ac37e4 close()
2019-09-20 10:25:11,224 [Thread-1226] INFO  impl.RaftServerImpl (RaftServerImpl.java:setRole(171)) - 61649f92-8c0f-475a-818d-1064548aeef6:group-5FC9C0484930 changes role from FOLLOWER to CANDIDATE at term 0 for changeToCandidate
2019-09-20 10:25:11,223 [bb8f5112-316d-4974-a5a6-f698f3fbb5be-SegmentedRaftLogWorker:Storage Directory /workdir/hadoop-ozone/integration-test/target/test-dir/MiniOzoneClusterImpl-806821b2-061b-4172-afaf-fb68ff5248bd/datanode-5/data/ratis/e194f024-2958-46c3-9e56-43e823771414] INFO  impl.RaftServerImpl (RaftServerImpl.java:lambda$shutdown$3(245)) - bb8f5112-316d-4974-a5a6-f698f3fbb5be: shutdown group-43E823771414
2019-09-20 10:25:11,208 [cff8bf6b-8d20-4327-9f29-08a3c2b49247-SegmentedRaftLogWorker:Storage Directory /workdir/hadoop-ozone/integration-test/target/test-dir/MiniOzoneClusterImpl-806821b2-061b-4172-afaf-fb68ff5248bd/datanode-3/data/ratis/e3e3c918-b34d-46f7-b3c6-59d57af1bf79] INFO  segmented.SegmentedRaftLogWorker (SegmentedRaftLogWorker.java:close(228)) - cff8bf6b-8d20-4327-9f29-08a3c2b49247-SegmentedRaftLogWorker:Storage Directory /workdir/hadoop-ozone/integration-test/target/test-dir/MiniOzoneClusterImpl-806821b2-061b-4172-afaf-fb68ff5248bd/datanode-3/data/ratis/e3e3c918-b34d-46f7-b3c6-59d57af1bf79 close()
2019-09-20 10:25:11,208 [99e70dd4-d763-4473-944c-c5628506dcf8:group-CCAADAAF72A4:LeaderElection116] INFO  impl.RoleInfo (RoleInfo.java:updateAndGet(143)) - 99e70dd4-d763-4473-944c-c5628506dcf8: start LeaderState
2019-09-20 10:25:11,229 [bb8f5112-316d-4974-a5a6-f698f3fbb5be-SegmentedRaftLogWorker:Storage Directory /workdir/hadoop-ozone/integration-test/target/test-dir/MiniOzoneClusterImpl-806821b2-061b-4172-afaf-fb68ff5248bd/datanode-5/data/ratis/e194f024-2958-46c3-9e56-43e823771414] INFO  util.JmxRegister (JmxRegister.java:unregister(73)) - Successfully un-registered JMX Bean with object name Ratis:service=RaftServer,group=group-43E823771414,id=bb8f5112-316d-4974-a5a6-f698f3fbb5be
2019-09-20 10:25:11,230 [bb8f5112-316d-4974-a5a6-f698f3fbb5be-SegmentedRaftLogWorker:Storage Directory /workdir/hadoop-ozone/integration-test/target/test-dir/MiniOzoneClusterImpl-806821b2-061b-4172-afaf-fb68ff5248bd/datanode-5/data/ratis/e194f024-2958-46c3-9e56-43e823771414] INFO  impl.RoleInfo (RoleInfo.java:shutdownLeaderState(104)) - bb8f5112-316d-4974-a5a6-f698f3fbb5be: shutdown LeaderState
2019-09-20 10:25:11,229 [b5962e8e-c9f1-48aa-8eb4-d8f74b8afdbe:group-A03A25B01F56:LeaderElection124] INFO  server.RaftServerConfigKeys (ConfUtils.java:logGet(43)) - raft.server.staging.catchup.gap = 1000 (default)
2019-09-20 10:25:11,229 [99e70dd4-d763-4473-944c-c5628506dcf8:group-56945867D80F:LeaderElection123] INFO  server.RaftServerConfigKeys (ConfUtils.java:logGet(43)) - raft.server.staging.catchup.gap = 1000 (default)
2019-09-20 10:25:11,228 [bb8f5112-316d-4974-a5a6-f698f3fbb5be:group-EF2B7B4F9A5B:LeaderElection128] INFO  server.RaftServerConfigKeys (ConfUtils.java:logGet(43)) - raft.server.rpc.sleep.time = 25ms (default)
2019-09-20 10:25:11,228 [bb8f5112-316d-4974-a5a6-f698f3fbb5be-SegmentedRaftLogWorker:Storage Directory /workdir/hadoop-ozone/integration-test/target/test-dir/MiniOzoneClusterImpl-806821b2-061b-4172-afaf-fb68ff5248bd/datanode-5/data/ratis/a507a5b9-5e34-42b7-a73c-7a5798921cf6] INFO  impl.RaftServerImpl (ServerState.java:close(394)) - bb8f5112-316d-4974-a5a6-f698f3fbb5be:group-7A5798921CF6 closes. The last applied log index is -1
2019-09-20 10:25:11,228 [cff8bf6b-8d20-4327-9f29-08a3c2b49247-SegmentedRaftLogWorker:Storage Directory /workdir/hadoop-ozone/integration-test/target/test-dir/MiniOzoneClusterImpl-806821b2-061b-4172-afaf-fb68ff5248bd/datanode-3/data/ratis/34ec9df5-f75e-420a-b1e1-54713c5ddce3] INFO  impl.RaftServerImpl (ServerState.java:close(394)) - cff8bf6b-8d20-4327-9f29-08a3c2b49247:group-54713C5DDCE3 closes. The last applied log index is -1
2019-09-20 10:25:11,228 [99e70dd4-d763-4473-944c-c5628506dcf8-SegmentedRaftLogWorker:Storage Directory /workdir/hadoop-ozone/integration-test/target/test-dir/MiniOzoneClusterImpl-806821b2-061b-4172-afaf-fb68ff5248bd/datanode-6/data/ratis/9ed2b117-4d89-4708-843a-d0a60c53cd0e] INFO  impl.StateMachineUpdater (StateMachineUpdater.java:stopAndJoin(115)) - StateMachineUpdater:99e70dd4-d763-4473-944c-c5628506dcf8:group-D0A60C53CD0E: set stopIndex = -1
2019-09-20 10:25:11,230 [99e70dd4-d763-4473-944c-c5628506dcf8-SegmentedRaftLogWorker:Storage Directory /workdir/hadoop-ozone/integration-test/target/test-dir/MiniOzoneClusterImpl-806821b2-061b-4172-afaf-fb68ff5248bd/datanode-6/data/ratis/9ed2b117-4d89-4708-843a-d0a60c53cd0e] INFO  impl.RaftServerImpl (ServerState.java:close(394)) - 99e70dd4-d763-4473-944c-c5628506dcf8:group-D0A60C53CD0E closes. The last applied log index is -1
2019-09-20 10:25:11,228 [b5962e8e-c9f1-48aa-8eb4-d8f74b8afdbe-SegmentedRaftLogWorker:Storage Directory /workdir/hadoop-ozone/integration-test/target/test-dir/MiniOzoneClusterImpl-806821b2-061b-4172-afaf-fb68ff5248bd/datanode-4/data/ratis/3e56b3b8-13b0-4630-9f02-66792eee1340] INFO  segmented.SegmentedRaftLogWorker (SegmentedRaftLogWorker.java:close(228)) - b5962e8e-c9f1-48aa-8eb4-d8f74b8afdbe-SegmentedRaftLogWorker:Storage Directory /workdir/hadoop-ozone/integration-test/target/test-dir/MiniOzoneClusterImpl-806821b2-061b-4172-afaf-fb68ff5248bd/datanode-4/data/ratis/3e56b3b8-13b0-4630-9f02-66792eee1340 close()
2019-09-20 10:25:11,227 [b5962e8e-c9f1-48aa-8eb4-d8f74b8afdbe:group-C6BC69FEB661:LeaderElection127] INFO  server.RaftServerConfigKeys (ConfUtils.java:logGet(43)) - raft.server.rpc.sleep.time = 25ms (default)
2019-09-20 10:25:11,231 [99e70dd4-d763-4473-944c-c5628506dcf8-SegmentedRaftLogWorker:Storage Directory /workdir/hadoop-ozone/integration-test/target/test-dir/MiniOzoneClusterImpl-806821b2-061b-4172-afaf-fb68ff5248bd/datanode-6/data/ratis/9ed2b117-4d89-4708-843a-d0a60c53cd0e] INFO  segmented.SegmentedRaftLogWorker (SegmentedRaftLogWorker.java:close(228)) - 99e70dd4-d763-4473-944c-c5628506dcf8-SegmentedRaftLogWorker:Storage Directory /workdir/hadoop-ozone/integration-test/target/test-dir/MiniOzoneClusterImpl-806821b2-061b-4172-afaf-fb68ff5248bd/datanode-6/data/ratis/9ed2b117-4d89-4708-843a-d0a60c53cd0e close()
2019-09-20 10:25:11,230 [cff8bf6b-8d20-4327-9f29-08a3c2b49247-SegmentedRaftLogWorker:Storage Directory /workdir/hadoop-ozone/integration-test/target/test-dir/MiniOzoneClusterImpl-806821b2-061b-4172-afaf-fb68ff5248bd/datanode-3/data/ratis/34ec9df5-f75e-420a-b1e1-54713c5ddce3] INFO  segmented.SegmentedRaftLogWorker (SegmentedRaftLogWorker.java:close(228)) - cff8bf6b-8d20-4327-9f29-08a3c2b49247-SegmentedRaftLogWorker:Storage Directory /workdir/hadoop-ozone/integration-test/target/test-dir/MiniOzoneClusterImpl-806821b2-061b-4172-afaf-fb68ff5248bd/datanode-3/data/ratis/34ec9df5-f75e-420a-b1e1-54713c5ddce3 close()
2019-09-20 10:25:11,230 [bb8f5112-316d-4974-a5a6-f698f3fbb5be-SegmentedRaftLogWorker:Storage Directory /workdir/hadoop-ozone/integration-test/target/test-dir/MiniOzoneClusterImpl-806821b2-061b-4172-afaf-fb68ff5248bd/datanode-5/data/ratis/a507a5b9-5e34-42b7-a73c-7a5798921cf6] INFO  segmented.SegmentedRaftLogWorker (SegmentedRaftLogWorker.java:close(228)) - bb8f5112-316d-4974-a5a6-f698f3fbb5be-SegmentedRaftLogWorker:Storage Directory /workdir/hadoop-ozone/integration-test/target/test-dir/MiniOzoneClusterImpl-806821b2-061b-4172-afaf-fb68ff5248bd/datanode-5/data/ratis/a507a5b9-5e34-42b7-a73c-7a5798921cf6 close()
2019-09-20 10:25:11,230 [99e70dd4-d763-4473-944c-c5628506dcf8:group-56945867D80F:LeaderElection123] INFO  server.RaftServerConfigKeys (ConfUtils.java:logGet(43)) - raft.server.rpc.sleep.time = 25ms (default)
2019-09-20 10:25:11,230 [b5962e8e-c9f1-48aa-8eb4-d8f74b8afdbe:group-A03A25B01F56:LeaderElection124] INFO  server.RaftServerConfigKeys (ConfUtils.java:logGet(43)) - raft.server.rpc.sleep.time = 25ms (default)
2019-09-20 10:25:11,230 [bb8f5112-316d-4974-a5a6-f698f3fbb5be-SegmentedRaftLogWorker:Storage Directory /workdir/hadoop-ozone/integration-test/target/test-dir/MiniOzoneClusterImpl-806821b2-061b-4172-afaf-fb68ff5248bd/datanode-5/data/ratis/e194f024-2958-46c3-9e56-43e823771414] INFO  impl.PendingRequests (PendingRequests.java:sendNotLeaderResponses(202)) - bb8f5112-316d-4974-a5a6-f698f3fbb5be-PendingRequests: sendNotLeaderResponses
2019-09-20 10:25:11,230 [99e70dd4-d763-4473-944c-c5628506dcf8:group-CCAADAAF72A4:LeaderElection116] INFO  segmented.SegmentedRaftLogWorker (SegmentedRaftLogWorker.java:startLogSegment(380)) - 99e70dd4-d763-4473-944c-c5628506dcf8-SegmentedRaftLogWorker:Storage Directory /workdir/hadoop-ozone/integration-test/target/test-dir/MiniOzoneClusterImpl-806821b2-061b-4172-afaf-fb68ff5248bd/datanode-6/data/ratis/4c01b66e-c0f9-4c3b-9ad0-ccaadaaf72a4: Starting segment from index:0
2019-09-20 10:25:11,232 [bb8f5112-316d-4974-a5a6-f698f3fbb5be-SegmentedRaftLogWorker:Storage Directory /workdir/hadoop-ozone/integration-test/target/test-dir/MiniOzoneClusterImpl-806821b2-061b-4172-afaf-fb68ff5248bd/datanode-5/data/ratis/e194f024-2958-46c3-9e56-43e823771414] INFO  impl.StateMachineUpdater (StateMachineUpdater.java:stopAndJoin(115)) - StateMachineUpdater:bb8f5112-316d-4974-a5a6-f698f3fbb5be:group-43E823771414: set stopIndex = -1
2019-09-20 10:25:11,232 [bb8f5112-316d-4974-a5a6-f698f3fbb5be-SegmentedRaftLogWorker:Storage Directory /workdir/hadoop-ozone/integration-test/target/test-dir/MiniOzoneClusterImpl-806821b2-061b-4172-afaf-fb68ff5248bd/datanode-5/data/ratis/e194f024-2958-46c3-9e56-43e823771414] INFO  impl.RaftServerImpl (ServerState.java:close(394)) - bb8f5112-316d-4974-a5a6-f698f3fbb5be:group-43E823771414 closes. The last applied log index is -1
2019-09-20 10:25:11,232 [bb8f5112-316d-4974-a5a6-f698f3fbb5be-SegmentedRaftLogWorker:Storage Directory /workdir/hadoop-ozone/integration-test/target/test-dir/MiniOzoneClusterImpl-806821b2-061b-4172-afaf-fb68ff5248bd/datanode-5/data/ratis/e194f024-2958-46c3-9e56-43e823771414] INFO  segmented.SegmentedRaftLogWorker (SegmentedRaftLogWorker.java:close(228)) - bb8f5112-316d-4974-a5a6-f698f3fbb5be-SegmentedRaftLogWorker:Storage Directory /workdir/hadoop-ozone/integration-test/target/test-dir/MiniOzoneClusterImpl-806821b2-061b-4172-afaf-fb68ff5248bd/datanode-5/data/ratis/e194f024-2958-46c3-9e56-43e823771414 close()
2019-09-20 10:25:11,247 [Thread-1223] INFO  impl.FollowerState (FollowerState.java:run(106)) - 61649f92-8c0f-475a-818d-1064548aeef6:group-9225348034EC changes to CANDIDATE, lastRpcTime:16615, electionTimeout:5166ms
2019-09-20 10:25:11,247 [Thread-1223] INFO  impl.RoleInfo (RoleInfo.java:shutdownFollowerState(121)) - 61649f92-8c0f-475a-818d-1064548aeef6: shutdown FollowerState
2019-09-20 10:25:11,247 [Thread-1223] INFO  impl.RaftServerImpl (RaftServerImpl.java:setRole(171)) - 61649f92-8c0f-475a-818d-1064548aeef6:group-9225348034EC changes role from FOLLOWER to CANDIDATE at term 0 for changeToCandidate
2019-09-20 10:25:11,376 [Thread-1223] INFO  impl.RoleInfo (RoleInfo.java:updateAndGet(143)) - 61649f92-8c0f-475a-818d-1064548aeef6: start LeaderElection
2019-09-20 10:25:11,376 [b5962e8e-c9f1-48aa-8eb4-d8f74b8afdbe:group-A03A25B01F56:LeaderElection124] INFO  server.RaftServerConfigKeys (ConfUtils.java:logGet(43)) - raft.server.write.element-limit = 4096 (default)
2019-09-20 10:25:11,376 [Thread-1226] INFO  impl.RoleInfo (RoleInfo.java:updateAndGet(143)) - 61649f92-8c0f-475a-818d-1064548aeef6: start LeaderElection
2019-09-20 10:25:11,376 [bb8f5112-316d-4974-a5a6-f698f3fbb5be:group-EF2B7B4F9A5B:LeaderElection128] INFO  server.RaftServerConfigKeys (ConfUtils.java:logGet(43)) - raft.server.write.element-limit = 4096 (default)
2019-09-20 10:25:11,376 [b5962e8e-c9f1-48aa-8eb4-d8f74b8afdbe:group-C6BC69FEB661:LeaderElection127] INFO  server.RaftServerConfigKeys (ConfUtils.java:logGet(43)) - raft.server.write.element-limit = 4096 (default)
2019-09-20 10:25:11,709 [99e70dd4-d763-4473-944c-c5628506dcf8:group-CCAADAAF72A4:LeaderElection116] INFO  impl.RaftServerImpl (ServerState.java:setRaftConf(361)) - 99e70dd4-d763-4473-944c-c5628506dcf8:group-CCAADAAF72A4 set configuration 0: [99e70dd4-d763-4473-944c-c5628506dcf8:192.168.36.99:46869], old=null at 0
2019-09-20 10:25:11,376 [99e70dd4-d763-4473-944c-c5628506dcf8:group-56945867D80F:LeaderElection123] INFO  server.RaftServerConfigKeys (ConfUtils.java:logGet(43)) - raft.server.write.element-limit = 4096 (default)
2019-09-20 10:25:11,709 [b5962e8e-c9f1-48aa-8eb4-d8f74b8afdbe:group-C6BC69FEB661:LeaderElection127] INFO  server.RaftServerConfigKeys (ConfUtils.java:logGet(43)) - raft.server.watch.timeout = 10s (default)
2019-09-20 10:25:11,709 [cff8bf6b-8d20-4327-9f29-08a3c2b49247:group-8BF4BCFBCE01:LeaderElection109] INFO  impl.RaftServerImpl (ServerState.java:setRaftConf(361)) - cff8bf6b-8d20-4327-9f29-08a3c2b49247:group-8BF4BCFBCE01 set configuration 0: [cff8bf6b-8d20-4327-9f29-08a3c2b49247:192.168.36.99:46163], old=null at 0
2019-09-20 10:25:11,709 [bb8f5112-316d-4974-a5a6-f698f3fbb5be:group-EF2B7B4F9A5B:LeaderElection128] INFO  server.RaftServerConfigKeys (ConfUtils.java:logGet(43)) - raft.server.watch.timeout = 10s (default)
2019-09-20 10:25:11,377 [b5962e8e-c9f1-48aa-8eb4-d8f74b8afdbe:group-A03A25B01F56:LeaderElection124] INFO  server.RaftServerConfigKeys (ConfUtils.java:logGet(43)) - raft.server.watch.timeout = 10s (default)
2019-09-20 10:25:11,708 [bb8f5112-316d-4974-a5a6-f698f3fbb5be-SegmentedRaftLogWorker:Storage Directory /workdir/hadoop-ozone/integration-test/target/test-dir/MiniOzoneClusterImpl-806821b2-061b-4172-afaf-fb68ff5248bd/datanode-5/data/ratis/fcd4079d-f79c-4329-aba0-8a09bd39043b] ERROR segmented.SegmentedRaftLogWorker (SegmentedRaftLogWorker.java:run(323)) - bb8f5112-316d-4974-a5a6-f698f3fbb5be-SegmentedRaftLogWorker:Storage Directory /workdir/hadoop-ozone/integration-test/target/test-dir/MiniOzoneClusterImpl-806821b2-061b-4172-afaf-fb68ff5248bd/datanode-5/data/ratis/fcd4079d-f79c-4329-aba0-8a09bd39043b hit exception
java.lang.OutOfMemoryError: Direct buffer memory
	at java.nio.Bits.reserveMemory(Bits.java:666)
	at java.nio.DirectByteBuffer.<init>(DirectByteBuffer.java:123)
	at java.nio.ByteBuffer.allocateDirect(ByteBuffer.java:311)
	at org.apache.ratis.server.raftlog.segmented.BufferedWriteChannel.<init>(BufferedWriteChannel.java:41)
	at org.apache.ratis.server.raftlog.segmented.SegmentedRaftLogOutputStream.<init>(SegmentedRaftLogOutputStream.java:72)
	at org.apache.ratis.server.raftlog.segmented.SegmentedRaftLogWorker$StartLogSegment.execute(SegmentedRaftLogWorker.java:566)
	at org.apache.ratis.server.raftlog.segmented.SegmentedRaftLogWorker.run(SegmentedRaftLogWorker.java:289)
	at java.lang.Thread.run(Thread.java:748)
2019-09-20 10:25:11,708 [99e70dd4-d763-4473-944c-c5628506dcf8-SegmentedRaftLogWorker:Storage Directory /workdir/hadoop-ozone/integration-test/target/test-dir/MiniOzoneClusterImpl-806821b2-061b-4172-afaf-fb68ff5248bd/datanode-6/data/ratis/6668b571-7404-4c4c-b041-496f8780b312] ERROR segmented.SegmentedRaftLogWorker (SegmentedRaftLogWorker.java:run(323)) - 99e70dd4-d763-4473-944c-c5628506dcf8-SegmentedRaftLogWorker:Storage Directory /workdir/hadoop-ozone/integration-test/target/test-dir/MiniOzoneClusterImpl-806821b2-061b-4172-afaf-fb68ff5248bd/datanode-6/data/ratis/6668b571-7404-4c4c-b041-496f8780b312 hit exception
java.lang.OutOfMemoryError: Direct buffer memory
	at java.nio.Bits.reserveMemory(Bits.java:666)
	at java.nio.DirectByteBuffer.<init>(DirectByteBuffer.java:123)
	at java.nio.ByteBuffer.allocateDirect(ByteBuffer.java:311)
	at org.apache.ratis.server.raftlog.segmented.BufferedWriteChannel.<init>(BufferedWriteChannel.java:41)
	at org.apache.ratis.server.raftlog.segmented.SegmentedRaftLogOutputStream.<init>(SegmentedRaftLogOutputStream.java:72)
	at org.apache.ratis.server.raftlog.segmented.SegmentedRaftLogWorker$StartLogSegment.execute(SegmentedRaftLogWorker.java:566)
	at org.apache.ratis.server.raftlog.segmented.SegmentedRaftLogWorker.run(SegmentedRaftLogWorker.java:289)
	at java.lang.Thread.run(Thread.java:748)
2019-09-20 10:25:11,708 [99e70dd4-d763-4473-944c-c5628506dcf8-SegmentedRaftLogWorker:Storage Directory /workdir/hadoop-ozone/integration-test/target/test-dir/MiniOzoneClusterImpl-806821b2-061b-4172-afaf-fb68ff5248bd/datanode-6/data/ratis/85f25d20-cad3-49af-822a-335f5008a6d5] ERROR segmented.SegmentedRaftLogWorker (SegmentedRaftLogWorker.java:run(323)) - 99e70dd4-d763-4473-944c-c5628506dcf8-SegmentedRaftLogWorker:Storage Directory /workdir/hadoop-ozone/integration-test/target/test-dir/MiniOzoneClusterImpl-806821b2-061b-4172-afaf-fb68ff5248bd/datanode-6/data/ratis/85f25d20-cad3-49af-822a-335f5008a6d5 hit exception
java.lang.OutOfMemoryError: Direct buffer memory
	at java.nio.Bits.reserveMemory(Bits.java:666)
	at java.nio.DirectByteBuffer.<init>(DirectByteBuffer.java:123)
	at java.nio.ByteBuffer.allocateDirect(ByteBuffer.java:311)
	at org.apache.ratis.server.raftlog.segmented.BufferedWriteChannel.<init>(BufferedWriteChannel.java:41)
	at org.apache.ratis.server.raftlog.segmented.SegmentedRaftLogOutputStream.<init>(SegmentedRaftLogOutputStream.java:72)
	at org.apache.ratis.server.raftlog.segmented.SegmentedRaftLogWorker$StartLogSegment.execute(SegmentedRaftLogWorker.java:566)
	at org.apache.ratis.server.raftlog.segmented.SegmentedRaftLogWorker.run(SegmentedRaftLogWorker.java:289)
	at java.lang.Thread.run(Thread.java:748)
2019-09-20 10:25:11,708 [bb8f5112-316d-4974-a5a6-f698f3fbb5be-SegmentedRaftLogWorker:Storage Directory /workdir/hadoop-ozone/integration-test/target/test-dir/MiniOzoneClusterImpl-806821b2-061b-4172-afaf-fb68ff5248bd/datanode-5/data/ratis/be381889-a2b2-41b0-b2d7-29f07b0353b5] ERROR segmented.SegmentedRaftLogWorker (SegmentedRaftLogWorker.java:run(323)) - bb8f5112-316d-4974-a5a6-f698f3fbb5be-SegmentedRaftLogWorker:Storage Directory /workdir/hadoop-ozone/integration-test/target/test-dir/MiniOzoneClusterImpl-806821b2-061b-4172-afaf-fb68ff5248bd/datanode-5/data/ratis/be381889-a2b2-41b0-b2d7-29f07b0353b5 hit exception
java.lang.OutOfMemoryError: Direct buffer memory
	at java.nio.Bits.reserveMemory(Bits.java:666)
	at java.nio.DirectByteBuffer.<init>(DirectByteBuffer.java:123)
	at java.nio.ByteBuffer.allocateDirect(ByteBuffer.java:311)
	at org.apache.ratis.server.raftlog.segmented.BufferedWriteChannel.<init>(BufferedWriteChannel.java:41)
	at org.apache.ratis.server.raftlog.segmented.SegmentedRaftLogOutputStream.<init>(SegmentedRaftLogOutputStream.java:72)
	at org.apache.ratis.server.raftlog.segmented.SegmentedRaftLogWorker$StartLogSegment.execute(SegmentedRaftLogWorker.java:566)
	at org.apache.ratis.server.raftlog.segmented.SegmentedRaftLogWorker.run(SegmentedRaftLogWorker.java:289)
	at java.lang.Thread.run(Thread.java:748)
2019-09-20 10:25:12,066 [bb8f5112-316d-4974-a5a6-f698f3fbb5be-SegmentedRaftLogWorker:Storage Directory /workdir/hadoop-ozone/integration-test/target/test-dir/MiniOzoneClusterImpl-806821b2-061b-4172-afaf-fb68ff5248bd/datanode-5/data/ratis/be381889-a2b2-41b0-b2d7-29f07b0353b5] INFO  impl.RaftServerImpl (RaftServerImpl.java:lambda$shutdown$3(245)) - bb8f5112-316d-4974-a5a6-f698f3fbb5be: shutdown group-29F07B0353B5
2019-09-20 10:25:11,377 [b5962e8e-c9f1-48aa-8eb4-d8f74b8afdbe:group-0610CA833D6D:LeaderElection126] INFO  server.RaftServerConfigKeys (ConfUtils.java:logGet(43)) - raft.server.write.element-limit = 4096 (default)
2019-09-20 10:25:11,377 [bb8f5112-316d-4974-a5a6-f698f3fbb5be:group-60E02580B572:LeaderElection125] INFO  server.RaftServerConfigKeys (ConfUtils.java:logGet(43)) - raft.server.write.element-limit = 4096 (default)
2019-09-20 10:25:12,067 [b5962e8e-c9f1-48aa-8eb4-d8f74b8afdbe:group-0610CA833D6D:LeaderElection126] INFO  server.RaftServerConfigKeys (ConfUtils.java:logGet(43)) - raft.server.watch.timeout = 10s (default)
2019-09-20 10:25:12,066 [bb8f5112-316d-4974-a5a6-f698f3fbb5be-SegmentedRaftLogWorker:Storage Directory /workdir/hadoop-ozone/integration-test/target/test-dir/MiniOzoneClusterImpl-806821b2-061b-4172-afaf-fb68ff5248bd/datanode-5/data/ratis/be381889-a2b2-41b0-b2d7-29f07b0353b5] INFO  util.JmxRegister (JmxRegister.java:unregister(73)) - Successfully un-registered JMX Bean with object name Ratis:service=RaftServer,group=group-29F07B0353B5,id=bb8f5112-316d-4974-a5a6-f698f3fbb5be
2019-09-20 10:25:12,067 [bb8f5112-316d-4974-a5a6-f698f3fbb5be-SegmentedRaftLogWorker:Storage Directory /workdir/hadoop-ozone/integration-test/target/test-dir/MiniOzoneClusterImpl-806821b2-061b-4172-afaf-fb68ff5248bd/datanode-5/data/ratis/be381889-a2b2-41b0-b2d7-29f07b0353b5] INFO  impl.RoleInfo (RoleInfo.java:shutdownLeaderState(104)) - bb8f5112-316d-4974-a5a6-f698f3fbb5be: shutdown LeaderState
2019-09-20 10:25:12,066 [99e70dd4-d763-4473-944c-c5628506dcf8-SegmentedRaftLogWorker:Storage Directory /workdir/hadoop-ozone/integration-test/target/test-dir/MiniOzoneClusterImpl-806821b2-061b-4172-afaf-fb68ff5248bd/datanode-6/data/ratis/85f25d20-cad3-49af-822a-335f5008a6d5] INFO  impl.RaftServerImpl (RaftServerImpl.java:lambda$shutdown$3(245)) - 99e70dd4-d763-4473-944c-c5628506dcf8: shutdown group-335F5008A6D5
2019-09-20 10:25:12,066 [61649f92-8c0f-475a-818d-1064548aeef6:group-5FC9C0484930:LeaderElection129] INFO  impl.LeaderElection (LeaderElection.java:askForVotes(181)) - 61649f92-8c0f-475a-818d-1064548aeef6:group-5FC9C0484930:LeaderElection129: begin an election at term 1 for -1: [61649f92-8c0f-475a-818d-1064548aeef6:192.168.36.99:43150], old=null
2019-09-20 10:25:12,066 [61649f92-8c0f-475a-818d-1064548aeef6:group-9225348034EC:LeaderElection130] INFO  impl.LeaderElection (LeaderElection.java:askForVotes(181)) - 61649f92-8c0f-475a-818d-1064548aeef6:group-9225348034EC:LeaderElection130: begin an election at term 1 for -1: [61649f92-8c0f-475a-818d-1064548aeef6:192.168.36.99:43150], old=null
2019-09-20 10:25:12,031 [99e70dd4-d763-4473-944c-c5628506dcf8-SegmentedRaftLogWorker:Storage Directory /workdir/hadoop-ozone/integration-test/target/test-dir/MiniOzoneClusterImpl-806821b2-061b-4172-afaf-fb68ff5248bd/datanode-6/data/ratis/6668b571-7404-4c4c-b041-496f8780b312] INFO  impl.RaftServerImpl (RaftServerImpl.java:lambda$shutdown$3(245)) - 99e70dd4-d763-4473-944c-c5628506dcf8: shutdown group-496F8780B312
2019-09-20 10:25:12,031 [bb8f5112-316d-4974-a5a6-f698f3fbb5be-SegmentedRaftLogWorker:Storage Directory /workdir/hadoop-ozone/integration-test/target/test-dir/MiniOzoneClusterImpl-806821b2-061b-4172-afaf-fb68ff5248bd/datanode-5/data/ratis/fcd4079d-f79c-4329-aba0-8a09bd39043b] INFO  impl.RaftServerImpl (RaftServerImpl.java:lambda$shutdown$3(245)) - bb8f5112-316d-4974-a5a6-f698f3fbb5be: shutdown group-8A09BD39043B
2019-09-20 10:25:12,030 [b5962e8e-c9f1-48aa-8eb4-d8f74b8afdbe:group-A03A25B01F56:LeaderElection124] INFO  server.RaftServerConfigKeys (ConfUtils.java:logGet(43)) - raft.server.watch.timeout.denomination = 1s (default)
2019-09-20 10:25:12,030 [bb8f5112-316d-4974-a5a6-f698f3fbb5be:group-EF2B7B4F9A5B:LeaderElection128] INFO  server.RaftServerConfigKeys (ConfUtils.java:logGet(43)) - raft.server.watch.timeout.denomination = 1s (default)
2019-09-20 10:25:12,030 [b5962e8e-c9f1-48aa-8eb4-d8f74b8afdbe:group-C6BC69FEB661:LeaderElection127] INFO  server.RaftServerConfigKeys (ConfUtils.java:logGet(43)) - raft.server.watch.timeout.denomination = 1s (default)
2019-09-20 10:25:12,029 [99e70dd4-d763-4473-944c-c5628506dcf8:group-56945867D80F:LeaderElection123] INFO  server.RaftServerConfigKeys (ConfUtils.java:logGet(43)) - raft.server.watch.timeout = 10s (default)
2019-09-20 10:25:12,028 [Thread-1244] INFO  impl.FollowerState (FollowerState.java:run(106)) - e8013689-2f13-4aaf-8a03-99f419c430ec:group-7996EA82AE07 changes to CANDIDATE, lastRpcTime:16609, electionTimeout:5038ms
2019-09-20 10:25:12,027 [99e70dd4-d763-4473-944c-c5628506dcf8-SegmentedRaftLogWorker:Storage Directory /workdir/hadoop-ozone/integration-test/target/test-dir/MiniOzoneClusterImpl-806821b2-061b-4172-afaf-fb68ff5248bd/datanode-6/data/ratis/42e5dfb2-9b38-41c6-a700-5542cc850c81] ERROR segmented.SegmentedRaftLogWorker (SegmentedRaftLogWorker.java:run(323)) - 99e70dd4-d763-4473-944c-c5628506dcf8-SegmentedRaftLogWorker:Storage Directory /workdir/hadoop-ozone/integration-test/target/test-dir/MiniOzoneClusterImpl-806821b2-061b-4172-afaf-fb68ff5248bd/datanode-6/data/ratis/42e5dfb2-9b38-41c6-a700-5542cc850c81 hit exception
java.lang.OutOfMemoryError: Direct buffer memory
	at java.nio.Bits.reserveMemory(Bits.java:666)
	at java.nio.DirectByteBuffer.<init>(DirectByteBuffer.java:123)
	at java.nio.ByteBuffer.allocateDirect(ByteBuffer.java:311)
	at org.apache.ratis.server.raftlog.segmented.BufferedWriteChannel.<init>(BufferedWriteChannel.java:41)
	at org.apache.ratis.server.raftlog.segmented.SegmentedRaftLogOutputStream.<init>(SegmentedRaftLogOutputStream.java:72)
	at org.apache.ratis.server.raftlog.segmented.SegmentedRaftLogWorker$StartLogSegment.execute(SegmentedRaftLogWorker.java:566)
	at org.apache.ratis.server.raftlog.segmented.SegmentedRaftLogWorker.run(SegmentedRaftLogWorker.java:289)
	at java.lang.Thread.run(Thread.java:748)
2019-09-20 10:25:12,068 [Thread-1244] INFO  impl.RoleInfo (RoleInfo.java:shutdownFollowerState(121)) - e8013689-2f13-4aaf-8a03-99f419c430ec: shutdown FollowerState
2019-09-20 10:25:12,068 [99e70dd4-d763-4473-944c-c5628506dcf8:group-56945867D80F:LeaderElection123] INFO  server.RaftServerConfigKeys (ConfUtils.java:logGet(43)) - raft.server.watch.timeout.denomination = 1s (default)
2019-09-20 10:25:12,069 [99e70dd4-d763-4473-944c-c5628506dcf8:group-56945867D80F:LeaderElection123] INFO  server.RaftServerConfigKeys (ConfUtils.java:logGet(43)) - raft.server.watch.element-limit = 65536 (default)
2019-09-20 10:25:12,068 [b5962e8e-c9f1-48aa-8eb4-d8f74b8afdbe:group-C6BC69FEB661:LeaderElection127] INFO  server.RaftServerConfigKeys (ConfUtils.java:logGet(43)) - raft.server.watch.element-limit = 65536 (default)
2019-09-20 10:25:12,068 [bb8f5112-316d-4974-a5a6-f698f3fbb5be:group-EF2B7B4F9A5B:LeaderElection128] INFO  server.RaftServerConfigKeys (ConfUtils.java:logGet(43)) - raft.server.watch.element-limit = 65536 (default)
2019-09-20 10:25:12,068 [b5962e8e-c9f1-48aa-8eb4-d8f74b8afdbe:group-A03A25B01F56:LeaderElection124] INFO  server.RaftServerConfigKeys (ConfUtils.java:logGet(43)) - raft.server.watch.element-limit = 65536 (default)
2019-09-20 10:25:12,068 [bb8f5112-316d-4974-a5a6-f698f3fbb5be-SegmentedRaftLogWorker:Storage Directory /workdir/hadoop-ozone/integration-test/target/test-dir/MiniOzoneClusterImpl-806821b2-061b-4172-afaf-fb68ff5248bd/datanode-5/data/ratis/fcd4079d-f79c-4329-aba0-8a09bd39043b] INFO  util.JmxRegister (JmxRegister.java:unregister(73)) - Successfully un-registered JMX Bean with object name Ratis:service=RaftServer,group=group-8A09BD39043B,id=bb8f5112-316d-4974-a5a6-f698f3fbb5be
2019-09-20 10:25:12,069 [bb8f5112-316d-4974-a5a6-f698f3fbb5be-SegmentedRaftLogWorker:Storage Directory /workdir/hadoop-ozone/integration-test/target/test-dir/MiniOzoneClusterImpl-806821b2-061b-4172-afaf-fb68ff5248bd/datanode-5/data/ratis/fcd4079d-f79c-4329-aba0-8a09bd39043b] INFO  impl.RoleInfo (RoleInfo.java:shutdownLeaderState(104)) - bb8f5112-316d-4974-a5a6-f698f3fbb5be: shutdown LeaderState
2019-09-20 10:25:12,068 [99e70dd4-d763-4473-944c-c5628506dcf8-SegmentedRaftLogWorker:Storage Directory /workdir/hadoop-ozone/integration-test/target/test-dir/MiniOzoneClusterImpl-806821b2-061b-4172-afaf-fb68ff5248bd/datanode-6/data/ratis/6668b571-7404-4c4c-b041-496f8780b312] INFO  util.JmxRegister (JmxRegister.java:unregister(73)) - Successfully un-registered JMX Bean with object name Ratis:service=RaftServer,group=group-496F8780B312,id=99e70dd4-d763-4473-944c-c5628506dcf8
2019-09-20 10:25:12,070 [99e70dd4-d763-4473-944c-c5628506dcf8-SegmentedRaftLogWorker:Storage Directory /workdir/hadoop-ozone/integration-test/target/test-dir/MiniOzoneClusterImpl-806821b2-061b-4172-afaf-fb68ff5248bd/datanode-6/data/ratis/6668b571-7404-4c4c-b041-496f8780b312] INFO  impl.RoleInfo (RoleInfo.java:shutdownLeaderState(104)) - 99e70dd4-d763-4473-944c-c5628506dcf8: shutdown LeaderState
2019-09-20 10:25:12,068 [61649f92-8c0f-475a-818d-1064548aeef6:group-9225348034EC:LeaderElection130] INFO  impl.RoleInfo (RoleInfo.java:shutdownLeaderElection(134)) - 61649f92-8c0f-475a-818d-1064548aeef6: shutdown LeaderElection
2019-09-20 10:25:12,067 [61649f92-8c0f-475a-818d-1064548aeef6:group-5FC9C0484930:LeaderElection129] INFO  impl.RoleInfo (RoleInfo.java:shutdownLeaderElection(134)) - 61649f92-8c0f-475a-818d-1064548aeef6: shutdown LeaderElection
2019-09-20 10:25:12,070 [61649f92-8c0f-475a-818d-1064548aeef6:group-5FC9C0484930:LeaderElection129] INFO  impl.RaftServerImpl (RaftServerImpl.java:setRole(171)) - 61649f92-8c0f-475a-818d-1064548aeef6:group-5FC9C0484930 changes role from CANDIDATE to LEADER at term 1 for changeToLeader
2019-09-20 10:25:12,067 [99e70dd4-d763-4473-944c-c5628506dcf8-SegmentedRaftLogWorker:Storage Directory /workdir/hadoop-ozone/integration-test/target/test-dir/MiniOzoneClusterImpl-806821b2-061b-4172-afaf-fb68ff5248bd/datanode-6/data/ratis/85f25d20-cad3-49af-822a-335f5008a6d5] INFO  util.JmxRegister (JmxRegister.java:unregister(73)) - Successfully un-registered JMX Bean with object name Ratis:service=RaftServer,group=group-335F5008A6D5,id=99e70dd4-d763-4473-944c-c5628506dcf8
2019-09-20 10:25:12,067 [bb8f5112-316d-4974-a5a6-f698f3fbb5be-SegmentedRaftLogWorker:Storage Directory /workdir/hadoop-ozone/integration-test/target/test-dir/MiniOzoneClusterImpl-806821b2-061b-4172-afaf-fb68ff5248bd/datanode-5/data/ratis/be381889-a2b2-41b0-b2d7-29f07b0353b5] INFO  impl.PendingRequests (PendingRequests.java:sendNotLeaderResponses(202)) - bb8f5112-316d-4974-a5a6-f698f3fbb5be-PendingRequests: sendNotLeaderResponses
2019-09-20 10:25:12,067 [b5962e8e-c9f1-48aa-8eb4-d8f74b8afdbe:group-0610CA833D6D:LeaderElection126] INFO  server.RaftServerConfigKeys (ConfUtils.java:logGet(43)) - raft.server.watch.timeout.denomination = 1s (default)
2019-09-20 10:25:12,071 [b5962e8e-c9f1-48aa-8eb4-d8f74b8afdbe:group-0610CA833D6D:LeaderElection126] INFO  server.RaftServerConfigKeys (ConfUtils.java:logGet(43)) - raft.server.watch.element-limit = 65536 (default)
2019-09-20 10:25:12,067 [bb8f5112-316d-4974-a5a6-f698f3fbb5be:group-60E02580B572:LeaderElection125] INFO  server.RaftServerConfigKeys (ConfUtils.java:logGet(43)) - raft.server.watch.timeout = 10s (default)
2019-09-20 10:25:12,071 [b5962e8e-c9f1-48aa-8eb4-d8f74b8afdbe:group-0610CA833D6D:LeaderElection126] INFO  impl.RoleInfo (RoleInfo.java:updateAndGet(143)) - b5962e8e-c9f1-48aa-8eb4-d8f74b8afdbe: start LeaderState
2019-09-20 10:25:12,071 [bb8f5112-316d-4974-a5a6-f698f3fbb5be-SegmentedRaftLogWorker:Storage Directory /workdir/hadoop-ozone/integration-test/target/test-dir/MiniOzoneClusterImpl-806821b2-061b-4172-afaf-fb68ff5248bd/datanode-5/data/ratis/be381889-a2b2-41b0-b2d7-29f07b0353b5] INFO  impl.StateMachineUpdater (StateMachineUpdater.java:stopAndJoin(115)) - StateMachineUpdater:bb8f5112-316d-4974-a5a6-f698f3fbb5be:group-29F07B0353B5: set stopIndex = -1
2019-09-20 10:25:12,070 [99e70dd4-d763-4473-944c-c5628506dcf8-SegmentedRaftLogWorker:Storage Directory /workdir/hadoop-ozone/integration-test/target/test-dir/MiniOzoneClusterImpl-806821b2-061b-4172-afaf-fb68ff5248bd/datanode-6/data/ratis/85f25d20-cad3-49af-822a-335f5008a6d5] INFO  impl.RoleInfo (RoleInfo.java:shutdownLeaderState(104)) - 99e70dd4-d763-4473-944c-c5628506dcf8: shutdown LeaderState
2019-09-20 10:25:12,070 [61649f92-8c0f-475a-818d-1064548aeef6:group-5FC9C0484930:LeaderElection129] INFO  impl.RaftServerImpl (ServerState.java:setLeader(263)) - 61649f92-8c0f-475a-818d-1064548aeef6:group-5FC9C0484930 change Leader from null to 61649f92-8c0f-475a-818d-1064548aeef6 at term 1 for becomeLeader, leader elected after 17147ms
2019-09-20 10:25:12,070 [61649f92-8c0f-475a-818d-1064548aeef6:group-9225348034EC:LeaderElection130] INFO  impl.RaftServerImpl (RaftServerImpl.java:setRole(171)) - 61649f92-8c0f-475a-818d-1064548aeef6:group-9225348034EC changes role from CANDIDATE to LEADER at term 1 for changeToLeader
2019-09-20 10:25:12,071 [61649f92-8c0f-475a-818d-1064548aeef6:group-9225348034EC:LeaderElection130] INFO  impl.RaftServerImpl (ServerState.java:setLeader(263)) - 61649f92-8c0f-475a-818d-1064548aeef6:group-9225348034EC change Leader from null to 61649f92-8c0f-475a-818d-1064548aeef6 at term 1 for becomeLeader, leader elected after 17444ms
2019-09-20 10:25:12,070 [99e70dd4-d763-4473-944c-c5628506dcf8-SegmentedRaftLogWorker:Storage Directory /workdir/hadoop-ozone/integration-test/target/test-dir/MiniOzoneClusterImpl-806821b2-061b-4172-afaf-fb68ff5248bd/datanode-6/data/ratis/6668b571-7404-4c4c-b041-496f8780b312] INFO  impl.PendingRequests (PendingRequests.java:sendNotLeaderResponses(202)) - 99e70dd4-d763-4473-944c-c5628506dcf8-PendingRequests: sendNotLeaderResponses
2019-09-20 10:25:12,070 [bb8f5112-316d-4974-a5a6-f698f3fbb5be-SegmentedRaftLogWorker:Storage Directory /workdir/hadoop-ozone/integration-test/target/test-dir/MiniOzoneClusterImpl-806821b2-061b-4172-afaf-fb68ff5248bd/datanode-5/data/ratis/fcd4079d-f79c-4329-aba0-8a09bd39043b] INFO  impl.PendingRequests (PendingRequests.java:sendNotLeaderResponses(202)) - bb8f5112-316d-4974-a5a6-f698f3fbb5be-PendingRequests: sendNotLeaderResponses
2019-09-20 10:25:12,069 [b5962e8e-c9f1-48aa-8eb4-d8f74b8afdbe:group-A03A25B01F56:LeaderElection124] INFO  impl.RoleInfo (RoleInfo.java:updateAndGet(143)) - b5962e8e-c9f1-48aa-8eb4-d8f74b8afdbe: start LeaderState
2019-09-20 10:25:12,069 [bb8f5112-316d-4974-a5a6-f698f3fbb5be:group-EF2B7B4F9A5B:LeaderElection128] INFO  impl.RoleInfo (RoleInfo.java:updateAndGet(143)) - bb8f5112-316d-4974-a5a6-f698f3fbb5be: start LeaderState
2019-09-20 10:25:12,069 [b5962e8e-c9f1-48aa-8eb4-d8f74b8afdbe:group-C6BC69FEB661:LeaderElection127] INFO  impl.RoleInfo (RoleInfo.java:updateAndGet(143)) - b5962e8e-c9f1-48aa-8eb4-d8f74b8afdbe: start LeaderState
2019-09-20 10:25:12,069 [99e70dd4-d763-4473-944c-c5628506dcf8:group-56945867D80F:LeaderElection123] INFO  impl.RoleInfo (RoleInfo.java:updateAndGet(143)) - 99e70dd4-d763-4473-944c-c5628506dcf8: start LeaderState
2019-09-20 10:25:12,069 [Thread-1244] INFO  impl.RaftServerImpl (RaftServerImpl.java:setRole(171)) - e8013689-2f13-4aaf-8a03-99f419c430ec:group-7996EA82AE07 changes role from FOLLOWER to CANDIDATE at term 0 for changeToCandidate
2019-09-20 10:25:12,069 [99e70dd4-d763-4473-944c-c5628506dcf8-SegmentedRaftLogWorker:Storage Directory /workdir/hadoop-ozone/integration-test/target/test-dir/MiniOzoneClusterImpl-806821b2-061b-4172-afaf-fb68ff5248bd/datanode-6/data/ratis/42e5dfb2-9b38-41c6-a700-5542cc850c81] INFO  impl.RaftServerImpl (RaftServerImpl.java:lambda$shutdown$3(245)) - 99e70dd4-d763-4473-944c-c5628506dcf8: shutdown group-5542CC850C81
2019-09-20 10:25:12,073 [Thread-1244] INFO  impl.RoleInfo (RoleInfo.java:updateAndGet(143)) - e8013689-2f13-4aaf-8a03-99f419c430ec: start LeaderElection
2019-09-20 10:25:12,072 [99e70dd4-d763-4473-944c-c5628506dcf8:group-56945867D80F:LeaderElection123] INFO  segmented.SegmentedRaftLogWorker (SegmentedRaftLogWorker.java:startLogSegment(380)) - 99e70dd4-d763-4473-944c-c5628506dcf8-SegmentedRaftLogWorker:Storage Directory /workdir/hadoop-ozone/integration-test/target/test-dir/MiniOzoneClusterImpl-806821b2-061b-4172-afaf-fb68ff5248bd/datanode-6/data/ratis/f78361ec-dd32-4323-9398-56945867d80f: Starting segment from index:0
2019-09-20 10:25:12,072 [b5962e8e-c9f1-48aa-8eb4-d8f74b8afdbe:group-C6BC69FEB661:LeaderElection127] INFO  segmented.SegmentedRaftLogWorker (SegmentedRaftLogWorker.java:startLogSegment(380)) - b5962e8e-c9f1-48aa-8eb4-d8f74b8afdbe-SegmentedRaftLogWorker:Storage Directory /workdir/hadoop-ozone/integration-test/target/test-dir/MiniOzoneClusterImpl-806821b2-061b-4172-afaf-fb68ff5248bd/datanode-4/data/ratis/b9d254a5-b21f-40c4-ac46-c6bc69feb661: Starting segment from index:0
2019-09-20 10:25:12,072 [bb8f5112-316d-4974-a5a6-f698f3fbb5be:group-EF2B7B4F9A5B:LeaderElection128] INFO  segmented.SegmentedRaftLogWorker (SegmentedRaftLogWorker.java:startLogSegment(380)) - bb8f5112-316d-4974-a5a6-f698f3fbb5be-SegmentedRaftLogWorker:Storage Directory /workdir/hadoop-ozone/integration-test/target/test-dir/MiniOzoneClusterImpl-806821b2-061b-4172-afaf-fb68ff5248bd/datanode-5/data/ratis/7594aa15-b11a-4322-8747-ef2b7b4f9a5b: Starting segment from index:0
2019-09-20 10:25:12,701 | INFO  | SCMAudit | user=jenkins1000 | ip=192.168.36.99 | op=SEND_HEARTBEAT {datanodeUUID=61649f92-8c0f-475a-818d-1064548aeef6, command=[]} | ret=SUCCESS |  
2019-09-20 10:25:12,701 | INFO  | SCMAudit | user=jenkins1000 | ip=192.168.36.99 | op=SEND_HEARTBEAT {datanodeUUID=60260ec1-e192-4b95-89c8-d924d16a77a9, command=[]} | ret=SUCCESS |  
2019-09-20 10:25:12,701 | INFO  | SCMAudit | user=jenkins1000 | ip=192.168.36.99 | op=SEND_HEARTBEAT {datanodeUUID=6491c372-a595-4104-b3e9-c4f3293baafa, command=[]} | ret=SUCCESS |  
2019-09-20 10:25:12,701 | INFO  | SCMAudit | user=jenkins1000 | ip=192.168.36.99 | op=SEND_HEARTBEAT {datanodeUUID=b5962e8e-c9f1-48aa-8eb4-d8f74b8afdbe, command=[]} | ret=SUCCESS |  
2019-09-20 10:25:12,701 | INFO  | SCMAudit | user=jenkins1000 | ip=192.168.36.99 | op=SEND_HEARTBEAT {datanodeUUID=1ab786b9-c79c-4265-88a1-5b3344c6beda, command=[]} | ret=SUCCESS |  
2019-09-20 10:25:12,701 | INFO  | SCMAudit | user=jenkins1000 | ip=192.168.36.99 | op=SEND_HEARTBEAT {datanodeUUID=99e70dd4-d763-4473-944c-c5628506dcf8, command=[]} | ret=SUCCESS |  
2019-09-20 10:25:12,701 | INFO  | SCMAudit | user=jenkins1000 | ip=192.168.36.99 | op=SEND_HEARTBEAT {datanodeUUID=136f1953-bb94-4097-a2d4-422a6782bee0, command=[]} | ret=SUCCESS |  
2019-09-20 10:25:12,701 | INFO  | SCMAudit | user=jenkins1000 | ip=192.168.36.99 | op=SEND_HEARTBEAT {datanodeUUID=d2ed2d9b-7ac7-460e-84f6-6d9d6066f76d, command=[]} | ret=SUCCESS |  
2019-09-20 10:25:12,701 | INFO  | SCMAudit | user=jenkins1000 | ip=192.168.36.99 | op=SEND_HEARTBEAT {datanodeUUID=3d6f3241-e73c-473a-ad0b-c7be2f7e1dda, command=[]} | ret=SUCCESS |  
2019-09-20 10:25:12,701 | INFO  | SCMAudit | user=jenkins1000 | ip=192.168.36.99 | op=SEND_HEARTBEAT {datanodeUUID=7af711bd-b5ae-4a73-a8be-b970cae6c2d1, command=[]} | ret=SUCCESS |  
2019-09-20 10:25:12,701 | INFO  | SCMAudit | user=jenkins1000 | ip=192.168.36.99 | op=SEND_HEARTBEAT {datanodeUUID=c3e532f8-1a8e-44f3-b56b-d765aee893af, command=[]} | ret=SUCCESS |  
2019-09-20 10:25:12,701 | INFO  | SCMAudit | user=jenkins1000 | ip=192.168.36.99 | op=SEND_HEARTBEAT {datanodeUUID=54207fe5-d92c-4c2e-b058-fbae630dabef, command=[]} | ret=SUCCESS |  
2019-09-20 10:25:12,701 | INFO  | SCMAudit | user=jenkins1000 | ip=192.168.36.99 | op=SEND_HEARTBEAT {datanodeUUID=4d972e91-cb6b-45de-8bd2-c18af7abe58b, command=[]} | ret=SUCCESS |  
2019-09-20 10:25:12,701 | INFO  | SCMAudit | user=jenkins1000 | ip=192.168.36.99 | op=SEND_HEARTBEAT {datanodeUUID=bb8f5112-316d-4974-a5a6-f698f3fbb5be, command=[]} | ret=SUCCESS |  
2019-09-20 10:25:12,701 | INFO  | SCMAudit | user=jenkins1000 | ip=192.168.36.99 | op=SEND_HEARTBEAT {datanodeUUID=9e03ffa9-cf79-407a-a150-4c035e5aec5e, command=[]} | ret=SUCCESS |  
2019-09-20 10:25:12,701 | INFO  | SCMAudit | user=jenkins1000 | ip=192.168.36.99 | op=SEND_HEARTBEAT {datanodeUUID=468be06f-55e9-4831-ba6b-3db017451a79, command=[]} | ret=SUCCESS |  
2019-09-20 10:25:12,701 | INFO  | SCMAudit | user=jenkins1000 | ip=192.168.36.99 | op=SEND_HEARTBEAT {datanodeUUID=e8013689-2f13-4aaf-8a03-99f419c430ec, command=[]} | ret=SUCCESS |  
2019-09-20 10:25:12,701 | INFO  | SCMAudit | user=jenkins1000 | ip=192.168.36.99 | op=SEND_HEARTBEAT {datanodeUUID=19fb8383-7c99-4449-b95c-a26e71717844, command=[]} | ret=SUCCESS |  
2019-09-20 10:25:12,701 | INFO  | SCMAudit | user=jenkins1000 | ip=192.168.36.99 | op=SEND_HEARTBEAT {datanodeUUID=cff8bf6b-8d20-4327-9f29-08a3c2b49247, command=[]} | ret=SUCCESS |  
2019-09-20 10:25:12,701 | INFO  | SCMAudit | user=jenkins1000 | ip=192.168.36.99 | op=SEND_HEARTBEAT {datanodeUUID=66416d0b-a71c-4af1-ae3a-62ca63b880a3, command=[]} | ret=SUCCESS |  
2019-09-20 10:25:12,701 | INFO  | SCMAudit | user=jenkins1000 | ip=192.168.36.99 | op=SEND_HEARTBEAT {datanodeUUID=17e2ba94-38a1-40e7-84e0-f6802901db84, command=[]} | ret=SUCCESS |  
2019-09-20 10:25:12,072 [b5962e8e-c9f1-48aa-8eb4-d8f74b8afdbe:group-A03A25B01F56:LeaderElection124] INFO  segmented.SegmentedRaftLogWorker (SegmentedRaftLogWorker.java:startLogSegment(380)) - b5962e8e-c9f1-48aa-8eb4-d8f74b8afdbe-SegmentedRaftLogWorker:Storage Directory /workdir/hadoop-ozone/integration-test/target/test-dir/MiniOzoneClusterImpl-806821b2-061b-4172-afaf-fb68ff5248bd/datanode-4/data/ratis/4e6bf148-73e4-41c1-822e-a03a25b01f56: Starting segment from index:0
2019-09-20 10:25:12,072 [bb8f5112-316d-4974-a5a6-f698f3fbb5be-SegmentedRaftLogWorker:Storage Directory /workdir/hadoop-ozone/integration-test/target/test-dir/MiniOzoneClusterImpl-806821b2-061b-4172-afaf-fb68ff5248bd/datanode-5/data/ratis/fcd4079d-f79c-4329-aba0-8a09bd39043b] INFO  impl.StateMachineUpdater (StateMachineUpdater.java:stopAndJoin(115)) - StateMachineUpdater:bb8f5112-316d-4974-a5a6-f698f3fbb5be:group-8A09BD39043B: set stopIndex = -1
2019-09-20 10:25:12,072 [99e70dd4-d763-4473-944c-c5628506dcf8-SegmentedRaftLogWorker:Storage Directory /workdir/hadoop-ozone/integration-test/target/test-dir/MiniOzoneClusterImpl-806821b2-061b-4172-afaf-fb68ff5248bd/datanode-6/data/ratis/6668b571-7404-4c4c-b041-496f8780b312] INFO  impl.StateMachineUpdater (StateMachineUpdater.java:stopAndJoin(115)) - StateMachineUpdater:99e70dd4-d763-4473-944c-c5628506dcf8:group-496F8780B312: set stopIndex = -1
2019-09-20 10:25:13,004 [b5962e8e-c9f1-48aa-8eb4-d8f74b8afdbe:group-A03A25B01F56:LeaderElection124] INFO  impl.RaftServerImpl (ServerState.java:setRaftConf(361)) - b5962e8e-c9f1-48aa-8eb4-d8f74b8afdbe:group-A03A25B01F56 set configuration 0: [b5962e8e-c9f1-48aa-8eb4-d8f74b8afdbe:192.168.36.99:39222], old=null at 0
2019-09-20 10:25:12,072 [61649f92-8c0f-475a-818d-1064548aeef6:group-9225348034EC:LeaderElection130] INFO  server.RaftServerConfigKeys (ConfUtils.java:logGet(43)) - raft.server.staging.catchup.gap = 1000 (default)
2019-09-20 10:25:12,071 [61649f92-8c0f-475a-818d-1064548aeef6:group-5FC9C0484930:LeaderElection129] INFO  server.RaftServerConfigKeys (ConfUtils.java:logGet(43)) - raft.server.staging.catchup.gap = 1000 (default)
2019-09-20 10:25:12,071 [99e70dd4-d763-4473-944c-c5628506dcf8-SegmentedRaftLogWorker:Storage Directory /workdir/hadoop-ozone/integration-test/target/test-dir/MiniOzoneClusterImpl-806821b2-061b-4172-afaf-fb68ff5248bd/datanode-6/data/ratis/85f25d20-cad3-49af-822a-335f5008a6d5] INFO  impl.PendingRequests (PendingRequests.java:sendNotLeaderResponses(202)) - 99e70dd4-d763-4473-944c-c5628506dcf8-PendingRequests: sendNotLeaderResponses
2019-09-20 10:25:12,071 [bb8f5112-316d-4974-a5a6-f698f3fbb5be-SegmentedRaftLogWorker:Storage Directory /workdir/hadoop-ozone/integration-test/target/test-dir/MiniOzoneClusterImpl-806821b2-061b-4172-afaf-fb68ff5248bd/datanode-5/data/ratis/be381889-a2b2-41b0-b2d7-29f07b0353b5] INFO  impl.RaftServerImpl (ServerState.java:close(394)) - bb8f5112-316d-4974-a5a6-f698f3fbb5be:group-29F07B0353B5 closes. The last applied log index is -1
2019-09-20 10:25:12,071 [b5962e8e-c9f1-48aa-8eb4-d8f74b8afdbe:group-0610CA833D6D:LeaderElection126] INFO  segmented.SegmentedRaftLogWorker (SegmentedRaftLogWorker.java:startLogSegment(380)) - b5962e8e-c9f1-48aa-8eb4-d8f74b8afdbe-SegmentedRaftLogWorker:Storage Directory /workdir/hadoop-ozone/integration-test/target/test-dir/MiniOzoneClusterImpl-806821b2-061b-4172-afaf-fb68ff5248bd/datanode-4/data/ratis/e3ba0f3f-260a-4b1e-ad91-0610ca833d6d: Starting segment from index:0
2019-09-20 10:25:12,071 [bb8f5112-316d-4974-a5a6-f698f3fbb5be:group-60E02580B572:LeaderElection125] INFO  server.RaftServerConfigKeys (ConfUtils.java:logGet(43)) - raft.server.watch.timeout.denomination = 1s (default)
2019-09-20 10:25:13,314 [bb8f5112-316d-4974-a5a6-f698f3fbb5be-SegmentedRaftLogWorker:Storage Directory /workdir/hadoop-ozone/integration-test/target/test-dir/MiniOzoneClusterImpl-806821b2-061b-4172-afaf-fb68ff5248bd/datanode-5/data/ratis/be381889-a2b2-41b0-b2d7-29f07b0353b5] INFO  segmented.SegmentedRaftLogWorker (SegmentedRaftLogWorker.java:close(228)) - bb8f5112-316d-4974-a5a6-f698f3fbb5be-SegmentedRaftLogWorker:Storage Directory /workdir/hadoop-ozone/integration-test/target/test-dir/MiniOzoneClusterImpl-806821b2-061b-4172-afaf-fb68ff5248bd/datanode-5/data/ratis/be381889-a2b2-41b0-b2d7-29f07b0353b5 close()
2019-09-20 10:25:13,735 | INFO  | SCMAudit | user=jenkins1000 | ip=192.168.36.99 | op=SEND_HEARTBEAT {datanodeUUID=c3e532f8-1a8e-44f3-b56b-d765aee893af, command=[]} | ret=SUCCESS |  
2019-09-20 10:25:13,735 | INFO  | SCMAudit | user=jenkins1000 | ip=192.168.36.99 | op=SEND_HEARTBEAT {datanodeUUID=4d972e91-cb6b-45de-8bd2-c18af7abe58b, command=[]} | ret=SUCCESS |  
2019-09-20 10:25:13,735 | INFO  | SCMAudit | user=jenkins1000 | ip=192.168.36.99 | op=SEND_HEARTBEAT {datanodeUUID=7af711bd-b5ae-4a73-a8be-b970cae6c2d1, command=[]} | ret=SUCCESS |  
2019-09-20 10:25:13,735 | INFO  | SCMAudit | user=jenkins1000 | ip=192.168.36.99 | op=SEND_HEARTBEAT {datanodeUUID=66416d0b-a71c-4af1-ae3a-62ca63b880a3, command=[]} | ret=SUCCESS |  
2019-09-20 10:25:13,735 | INFO  | SCMAudit | user=jenkins1000 | ip=192.168.36.99 | op=SEND_HEARTBEAT {datanodeUUID=9e03ffa9-cf79-407a-a150-4c035e5aec5e, command=[]} | ret=SUCCESS |  
2019-09-20 10:25:13,735 | INFO  | SCMAudit | user=jenkins1000 | ip=192.168.36.99 | op=SEND_HEARTBEAT {datanodeUUID=60260ec1-e192-4b95-89c8-d924d16a77a9, command=[]} | ret=SUCCESS |  
2019-09-20 10:25:13,736 | INFO  | SCMAudit | user=jenkins1000 | ip=192.168.36.99 | op=SEND_HEARTBEAT {datanodeUUID=1ab786b9-c79c-4265-88a1-5b3344c6beda, command=[]} | ret=SUCCESS |  
2019-09-20 10:25:13,736 | INFO  | SCMAudit | user=jenkins1000 | ip=192.168.36.99 | op=SEND_HEARTBEAT {datanodeUUID=bb8f5112-316d-4974-a5a6-f698f3fbb5be, command=[]} | ret=SUCCESS |  
2019-09-20 10:25:13,736 | INFO  | SCMAudit | user=jenkins1000 | ip=192.168.36.99 | op=SEND_HEARTBEAT {datanodeUUID=3d6f3241-e73c-473a-ad0b-c7be2f7e1dda, command=[]} | ret=SUCCESS |  
2019-09-20 10:25:13,736 | INFO  | SCMAudit | user=jenkins1000 | ip=192.168.36.99 | op=SEND_HEARTBEAT {datanodeUUID=e8013689-2f13-4aaf-8a03-99f419c430ec, command=[]} | ret=SUCCESS |  
2019-09-20 10:25:13,736 | INFO  | SCMAudit | user=jenkins1000 | ip=192.168.36.99 | op=SEND_HEARTBEAT {datanodeUUID=17e2ba94-38a1-40e7-84e0-f6802901db84, command=[]} | ret=SUCCESS |  
2019-09-20 10:25:13,736 | INFO  | SCMAudit | user=jenkins1000 | ip=192.168.36.99 | op=SEND_HEARTBEAT {datanodeUUID=468be06f-55e9-4831-ba6b-3db017451a79, command=[]} | ret=SUCCESS |  
2019-09-20 10:25:13,736 | INFO  | SCMAudit | user=jenkins1000 | ip=192.168.36.99 | op=SEND_HEARTBEAT {datanodeUUID=54207fe5-d92c-4c2e-b058-fbae630dabef, command=[]} | ret=SUCCESS |  
2019-09-20 10:25:13,736 | INFO  | SCMAudit | user=jenkins1000 | ip=192.168.36.99 | op=SEND_HEARTBEAT {datanodeUUID=d2ed2d9b-7ac7-460e-84f6-6d9d6066f76d, command=[]} | ret=SUCCESS |  
2019-09-20 10:25:13,736 | INFO  | SCMAudit | user=jenkins1000 | ip=192.168.36.99 | op=SEND_HEARTBEAT {datanodeUUID=cff8bf6b-8d20-4327-9f29-08a3c2b49247, command=[]} | ret=SUCCESS |  
2019-09-20 10:25:13,736 | INFO  | SCMAudit | user=jenkins1000 | ip=192.168.36.99 | op=SEND_HEARTBEAT {datanodeUUID=b5962e8e-c9f1-48aa-8eb4-d8f74b8afdbe, command=[]} | ret=SUCCESS |  
2019-09-20 10:25:13,736 | INFO  | SCMAudit | user=jenkins1000 | ip=192.168.36.99 | op=SEND_HEARTBEAT {datanodeUUID=6491c372-a595-4104-b3e9-c4f3293baafa, command=[]} | ret=SUCCESS |  
2019-09-20 10:25:13,736 | INFO  | SCMAudit | user=jenkins1000 | ip=192.168.36.99 | op=SEND_HEARTBEAT {datanodeUUID=19fb8383-7c99-4449-b95c-a26e71717844, command=[]} | ret=SUCCESS |  
2019-09-20 10:25:13,314 [99e70dd4-d763-4473-944c-c5628506dcf8-SegmentedRaftLogWorker:Storage Directory /workdir/hadoop-ozone/integration-test/target/test-dir/MiniOzoneClusterImpl-806821b2-061b-4172-afaf-fb68ff5248bd/datanode-6/data/ratis/85f25d20-cad3-49af-822a-335f5008a6d5] INFO  impl.StateMachineUpdater (StateMachineUpdater.java:stopAndJoin(115)) - StateMachineUpdater:99e70dd4-d763-4473-944c-c5628506dcf8:group-335F5008A6D5: set stopIndex = -1
2019-09-20 10:25:13,741 [99e70dd4-d763-4473-944c-c5628506dcf8-SegmentedRaftLogWorker:Storage Directory /workdir/hadoop-ozone/integration-test/target/test-dir/MiniOzoneClusterImpl-806821b2-061b-4172-afaf-fb68ff5248bd/datanode-6/data/ratis/85f25d20-cad3-49af-822a-335f5008a6d5] INFO  impl.RaftServerImpl (ServerState.java:close(394)) - 99e70dd4-d763-4473-944c-c5628506dcf8:group-335F5008A6D5 closes. The last applied log index is -1
2019-09-20 10:25:13,741 | INFO  | SCMAudit | user=jenkins1000 | ip=192.168.36.99 | op=SEND_HEARTBEAT {datanodeUUID=61649f92-8c0f-475a-818d-1064548aeef6, command=[]} | ret=SUCCESS |  
2019-09-20 10:25:13,313 [61649f92-8c0f-475a-818d-1064548aeef6:group-5FC9C0484930:LeaderElection129] INFO  server.RaftServerConfigKeys (ConfUtils.java:logGet(43)) - raft.server.rpc.sleep.time = 25ms (default)
2019-09-20 10:25:13,741 | INFO  | SCMAudit | user=jenkins1000 | ip=192.168.36.99 | op=SEND_HEARTBEAT {datanodeUUID=136f1953-bb94-4097-a2d4-422a6782bee0, command=[]} | ret=SUCCESS |  
2019-09-20 10:25:13,742 | INFO  | SCMAudit | user=jenkins1000 | ip=192.168.36.99 | op=SEND_HEARTBEAT {datanodeUUID=99e70dd4-d763-4473-944c-c5628506dcf8, command=[]} | ret=SUCCESS |  
2019-09-20 10:25:13,313 [61649f92-8c0f-475a-818d-1064548aeef6:group-9225348034EC:LeaderElection130] INFO  server.RaftServerConfigKeys (ConfUtils.java:logGet(43)) - raft.server.rpc.sleep.time = 25ms (default)
2019-09-20 10:25:13,313 [e8013689-2f13-4aaf-8a03-99f419c430ec:group-7996EA82AE07:LeaderElection131] INFO  impl.LeaderElection (LeaderElection.java:askForVotes(181)) - e8013689-2f13-4aaf-8a03-99f419c430ec:group-7996EA82AE07:LeaderElection131: begin an election at term 1 for -1: [e8013689-2f13-4aaf-8a03-99f419c430ec:192.168.36.99:43054], old=null
2019-09-20 10:25:13,004 [99e70dd4-d763-4473-944c-c5628506dcf8-SegmentedRaftLogWorker:Storage Directory /workdir/hadoop-ozone/integration-test/target/test-dir/MiniOzoneClusterImpl-806821b2-061b-4172-afaf-fb68ff5248bd/datanode-6/data/ratis/6668b571-7404-4c4c-b041-496f8780b312] INFO  impl.RaftServerImpl (ServerState.java:close(394)) - 99e70dd4-d763-4473-944c-c5628506dcf8:group-496F8780B312 closes. The last applied log index is -1
2019-09-20 10:25:13,004 [bb8f5112-316d-4974-a5a6-f698f3fbb5be-SegmentedRaftLogWorker:Storage Directory /workdir/hadoop-ozone/integration-test/target/test-dir/MiniOzoneClusterImpl-806821b2-061b-4172-afaf-fb68ff5248bd/datanode-5/data/ratis/fcd4079d-f79c-4329-aba0-8a09bd39043b] INFO  impl.RaftServerImpl (ServerState.java:close(394)) - bb8f5112-316d-4974-a5a6-f698f3fbb5be:group-8A09BD39043B closes. The last applied log index is -1
2019-09-20 10:25:13,004 [bb8f5112-316d-4974-a5a6-f698f3fbb5be:group-EF2B7B4F9A5B:LeaderElection128] INFO  impl.RaftServerImpl (ServerState.java:setRaftConf(361)) - bb8f5112-316d-4974-a5a6-f698f3fbb5be:group-EF2B7B4F9A5B set configuration 0: [bb8f5112-316d-4974-a5a6-f698f3fbb5be:192.168.36.99:38352], old=null at 0
2019-09-20 10:25:13,742 [bb8f5112-316d-4974-a5a6-f698f3fbb5be-SegmentedRaftLogWorker:Storage Directory /workdir/hadoop-ozone/integration-test/target/test-dir/MiniOzoneClusterImpl-806821b2-061b-4172-afaf-fb68ff5248bd/datanode-5/data/ratis/fcd4079d-f79c-4329-aba0-8a09bd39043b] INFO  segmented.SegmentedRaftLogWorker (SegmentedRaftLogWorker.java:close(228)) - bb8f5112-316d-4974-a5a6-f698f3fbb5be-SegmentedRaftLogWorker:Storage Directory /workdir/hadoop-ozone/integration-test/target/test-dir/MiniOzoneClusterImpl-806821b2-061b-4172-afaf-fb68ff5248bd/datanode-5/data/ratis/fcd4079d-f79c-4329-aba0-8a09bd39043b close()
2019-09-20 10:25:13,003 [b5962e8e-c9f1-48aa-8eb4-d8f74b8afdbe-SegmentedRaftLogWorker:Storage Directory /workdir/hadoop-ozone/integration-test/target/test-dir/MiniOzoneClusterImpl-806821b2-061b-4172-afaf-fb68ff5248bd/datanode-4/data/ratis/db493c02-5d8a-473f-87ac-827999ef7add] ERROR segmented.SegmentedRaftLogWorker (SegmentedRaftLogWorker.java:run(323)) - b5962e8e-c9f1-48aa-8eb4-d8f74b8afdbe-SegmentedRaftLogWorker:Storage Directory /workdir/hadoop-ozone/integration-test/target/test-dir/MiniOzoneClusterImpl-806821b2-061b-4172-afaf-fb68ff5248bd/datanode-4/data/ratis/db493c02-5d8a-473f-87ac-827999ef7add hit exception
java.lang.OutOfMemoryError: Direct buffer memory
	at java.nio.Bits.reserveMemory(Bits.java:666)
	at java.nio.DirectByteBuffer.<init>(DirectByteBuffer.java:123)
	at java.nio.ByteBuffer.allocateDirect(ByteBuffer.java:311)
	at org.apache.ratis.server.raftlog.segmented.BufferedWriteChannel.<init>(BufferedWriteChannel.java:41)
	at org.apache.ratis.server.raftlog.segmented.SegmentedRaftLogOutputStream.<init>(SegmentedRaftLogOutputStream.java:72)
	at org.apache.ratis.server.raftlog.segmented.SegmentedRaftLogWorker$StartLogSegment.execute(SegmentedRaftLogWorker.java:566)
	at org.apache.ratis.server.raftlog.segmented.SegmentedRaftLogWorker.run(SegmentedRaftLogWorker.java:289)
	at java.lang.Thread.run(Thread.java:748)
2019-09-20 10:25:12,702 [b5962e8e-c9f1-48aa-8eb4-d8f74b8afdbe:group-C6BC69FEB661:LeaderElection127] INFO  impl.RaftServerImpl (ServerState.java:setRaftConf(361)) - b5962e8e-c9f1-48aa-8eb4-d8f74b8afdbe:group-C6BC69FEB661 set configuration 0: [b5962e8e-c9f1-48aa-8eb4-d8f74b8afdbe:192.168.36.99:39222], old=null at 0
2019-09-20 10:25:12,073 [99e70dd4-d763-4473-944c-c5628506dcf8:group-56945867D80F:LeaderElection123] INFO  impl.RaftServerImpl (ServerState.java:setRaftConf(361)) - 99e70dd4-d763-4473-944c-c5628506dcf8:group-56945867D80F set configuration 0: [99e70dd4-d763-4473-944c-c5628506dcf8:192.168.36.99:46869], old=null at 0
2019-09-20 10:25:12,073 [main] INFO  ozone.HddsDatanodeService (HddsDatanodeService.java:start(184)) - HddsDatanodeService host:pr-hdds-1569-p5fx8-1226042367 ip:192.168.36.99
2019-09-20 10:25:12,073 [99e70dd4-d763-4473-944c-c5628506dcf8-SegmentedRaftLogWorker:Storage Directory /workdir/hadoop-ozone/integration-test/target/test-dir/MiniOzoneClusterImpl-806821b2-061b-4172-afaf-fb68ff5248bd/datanode-6/data/ratis/42e5dfb2-9b38-41c6-a700-5542cc850c81] INFO  util.JmxRegister (JmxRegister.java:unregister(73)) - Successfully un-registered JMX Bean with object name Ratis:service=RaftServer,group=group-5542CC850C81,id=99e70dd4-d763-4473-944c-c5628506dcf8
2019-09-20 10:25:13,744 [99e70dd4-d763-4473-944c-c5628506dcf8-SegmentedRaftLogWorker:Storage Directory /workdir/hadoop-ozone/integration-test/target/test-dir/MiniOzoneClusterImpl-806821b2-061b-4172-afaf-fb68ff5248bd/datanode-6/data/ratis/42e5dfb2-9b38-41c6-a700-5542cc850c81] INFO  impl.RoleInfo (RoleInfo.java:shutdownLeaderState(104)) - 99e70dd4-d763-4473-944c-c5628506dcf8: shutdown LeaderState
2019-09-20 10:25:13,743 [b5962e8e-c9f1-48aa-8eb4-d8f74b8afdbe-SegmentedRaftLogWorker:Storage Directory /workdir/hadoop-ozone/integration-test/target/test-dir/MiniOzoneClusterImpl-806821b2-061b-4172-afaf-fb68ff5248bd/datanode-4/data/ratis/db493c02-5d8a-473f-87ac-827999ef7add] INFO  impl.RaftServerImpl (RaftServerImpl.java:lambda$shutdown$3(245)) - b5962e8e-c9f1-48aa-8eb4-d8f74b8afdbe: shutdown group-827999EF7ADD
2019-09-20 10:25:13,742 [99e70dd4-d763-4473-944c-c5628506dcf8-SegmentedRaftLogWorker:Storage Directory /workdir/hadoop-ozone/integration-test/target/test-dir/MiniOzoneClusterImpl-806821b2-061b-4172-afaf-fb68ff5248bd/datanode-6/data/ratis/6668b571-7404-4c4c-b041-496f8780b312] INFO  segmented.SegmentedRaftLogWorker (SegmentedRaftLogWorker.java:close(228)) - 99e70dd4-d763-4473-944c-c5628506dcf8-SegmentedRaftLogWorker:Storage Directory /workdir/hadoop-ozone/integration-test/target/test-dir/MiniOzoneClusterImpl-806821b2-061b-4172-afaf-fb68ff5248bd/datanode-6/data/ratis/6668b571-7404-4c4c-b041-496f8780b312 close()
2019-09-20 10:25:13,742 [e8013689-2f13-4aaf-8a03-99f419c430ec:group-7996EA82AE07:LeaderElection131] INFO  impl.RoleInfo (RoleInfo.java:shutdownLeaderElection(134)) - e8013689-2f13-4aaf-8a03-99f419c430ec: shutdown LeaderElection
2019-09-20 10:25:13,742 [61649f92-8c0f-475a-818d-1064548aeef6:group-9225348034EC:LeaderElection130] INFO  server.RaftServerConfigKeys (ConfUtils.java:logGet(43)) - raft.server.write.element-limit = 4096 (default)
2019-09-20 10:25:13,742 [61649f92-8c0f-475a-818d-1064548aeef6:group-5FC9C0484930:LeaderElection129] INFO  server.RaftServerConfigKeys (ConfUtils.java:logGet(43)) - raft.server.write.element-limit = 4096 (default)
2019-09-20 10:25:13,741 [99e70dd4-d763-4473-944c-c5628506dcf8-SegmentedRaftLogWorker:Storage Directory /workdir/hadoop-ozone/integration-test/target/test-dir/MiniOzoneClusterImpl-806821b2-061b-4172-afaf-fb68ff5248bd/datanode-6/data/ratis/85f25d20-cad3-49af-822a-335f5008a6d5] INFO  segmented.SegmentedRaftLogWorker (SegmentedRaftLogWorker.java:close(228)) - 99e70dd4-d763-4473-944c-c5628506dcf8-SegmentedRaftLogWorker:Storage Directory /workdir/hadoop-ozone/integration-test/target/test-dir/MiniOzoneClusterImpl-806821b2-061b-4172-afaf-fb68ff5248bd/datanode-6/data/ratis/85f25d20-cad3-49af-822a-335f5008a6d5 close()
2019-09-20 10:25:13,317 [b5962e8e-c9f1-48aa-8eb4-d8f74b8afdbe:group-0610CA833D6D:LeaderElection126] INFO  impl.RaftServerImpl (ServerState.java:setRaftConf(361)) - b5962e8e-c9f1-48aa-8eb4-d8f74b8afdbe:group-0610CA833D6D set configuration 0: [b5962e8e-c9f1-48aa-8eb4-d8f74b8afdbe:192.168.36.99:39222], old=null at 0
2019-09-20 10:25:13,317 [bb8f5112-316d-4974-a5a6-f698f3fbb5be:group-60E02580B572:LeaderElection125] INFO  server.RaftServerConfigKeys (ConfUtils.java:logGet(43)) - raft.server.watch.element-limit = 65536 (default)
2019-09-20 10:25:13,745 [61649f92-8c0f-475a-818d-1064548aeef6:group-5FC9C0484930:LeaderElection129] INFO  server.RaftServerConfigKeys (ConfUtils.java:logGet(43)) - raft.server.watch.timeout = 10s (default)
2019-09-20 10:25:13,746 [61649f92-8c0f-475a-818d-1064548aeef6:group-5FC9C0484930:LeaderElection129] INFO  server.RaftServerConfigKeys (ConfUtils.java:logGet(43)) - raft.server.watch.timeout.denomination = 1s (default)
2019-09-20 10:25:13,746 [61649f92-8c0f-475a-818d-1064548aeef6:group-5FC9C0484930:LeaderElection129] INFO  server.RaftServerConfigKeys (ConfUtils.java:logGet(43)) - raft.server.watch.element-limit = 65536 (default)
2019-09-20 10:25:13,747 [61649f92-8c0f-475a-818d-1064548aeef6:group-5FC9C0484930:LeaderElection129] INFO  impl.RoleInfo (RoleInfo.java:updateAndGet(143)) - 61649f92-8c0f-475a-818d-1064548aeef6: start LeaderState
2019-09-20 10:25:13,747 [61649f92-8c0f-475a-818d-1064548aeef6:group-5FC9C0484930:LeaderElection129] INFO  segmented.SegmentedRaftLogWorker (SegmentedRaftLogWorker.java:startLogSegment(380)) - 61649f92-8c0f-475a-818d-1064548aeef6-SegmentedRaftLogWorker:Storage Directory /workdir/hadoop-ozone/integration-test/target/test-dir/MiniOzoneClusterImpl-806821b2-061b-4172-afaf-fb68ff5248bd/datanode-0/data/ratis/3fc352d5-1630-4a4e-a32c-5fc9c0484930: Starting segment from index:0
2019-09-20 10:25:13,745 [61649f92-8c0f-475a-818d-1064548aeef6:group-9225348034EC:LeaderElection130] INFO  server.RaftServerConfigKeys (ConfUtils.java:logGet(43)) - raft.server.watch.timeout = 10s (default)
2019-09-20 10:25:13,745 [e8013689-2f13-4aaf-8a03-99f419c430ec:group-7996EA82AE07:LeaderElection131] INFO  impl.RaftServerImpl (RaftServerImpl.java:setRole(171)) - e8013689-2f13-4aaf-8a03-99f419c430ec:group-7996EA82AE07 changes role from CANDIDATE to LEADER at term 1 for changeToLeader
2019-09-20 10:25:13,745 [b5962e8e-c9f1-48aa-8eb4-d8f74b8afdbe-SegmentedRaftLogWorker:Storage Directory /workdir/hadoop-ozone/integration-test/target/test-dir/MiniOzoneClusterImpl-806821b2-061b-4172-afaf-fb68ff5248bd/datanode-4/data/ratis/db493c02-5d8a-473f-87ac-827999ef7add] INFO  util.JmxRegister (JmxRegister.java:unregister(73)) - Successfully un-registered JMX Bean with object name Ratis:service=RaftServer,group=group-827999EF7ADD,id=b5962e8e-c9f1-48aa-8eb4-d8f74b8afdbe
2019-09-20 10:25:14,084 [b5962e8e-c9f1-48aa-8eb4-d8f74b8afdbe-SegmentedRaftLogWorker:Storage Directory /workdir/hadoop-ozone/integration-test/target/test-dir/MiniOzoneClusterImpl-806821b2-061b-4172-afaf-fb68ff5248bd/datanode-4/data/ratis/db493c02-5d8a-473f-87ac-827999ef7add] INFO  impl.RoleInfo (RoleInfo.java:shutdownLeaderState(104)) - b5962e8e-c9f1-48aa-8eb4-d8f74b8afdbe: shutdown LeaderState
2019-09-20 10:25:13,745 [99e70dd4-d763-4473-944c-c5628506dcf8-SegmentedRaftLogWorker:Storage Directory /workdir/hadoop-ozone/integration-test/target/test-dir/MiniOzoneClusterImpl-806821b2-061b-4172-afaf-fb68ff5248bd/datanode-6/data/ratis/42e5dfb2-9b38-41c6-a700-5542cc850c81] INFO  impl.PendingRequests (PendingRequests.java:sendNotLeaderResponses(202)) - 99e70dd4-d763-4473-944c-c5628506dcf8-PendingRequests: sendNotLeaderResponses
2019-09-20 10:25:14,098 [main] INFO  volume.HddsVolume (HddsVolume.java:<init>(176)) - Creating Volume: /workdir/hadoop-ozone/integration-test/target/test-dir/MiniOzoneClusterImpl-280c06ed-bcb5-4979-9226-67616719d9ed/datanode-0/data/containers/hdds of  storage type : DISK and capacity : 1482555576320
2019-09-20 10:25:14,084 [b5962e8e-c9f1-48aa-8eb4-d8f74b8afdbe-SegmentedRaftLogWorker:Storage Directory /workdir/hadoop-ozone/integration-test/target/test-dir/MiniOzoneClusterImpl-806821b2-061b-4172-afaf-fb68ff5248bd/datanode-4/data/ratis/db493c02-5d8a-473f-87ac-827999ef7add] INFO  impl.PendingRequests (PendingRequests.java:sendNotLeaderResponses(202)) - b5962e8e-c9f1-48aa-8eb4-d8f74b8afdbe-PendingRequests: sendNotLeaderResponses
2019-09-20 10:25:14,083 [e8013689-2f13-4aaf-8a03-99f419c430ec:group-7996EA82AE07:LeaderElection131] INFO  impl.RaftServerImpl (ServerState.java:setLeader(263)) - e8013689-2f13-4aaf-8a03-99f419c430ec:group-7996EA82AE07 change Leader from null to e8013689-2f13-4aaf-8a03-99f419c430ec at term 1 for becomeLeader, leader elected after 18668ms
2019-09-20 10:25:14,083 [61649f92-8c0f-475a-818d-1064548aeef6:group-5FC9C0484930:LeaderElection129] INFO  impl.RaftServerImpl (ServerState.java:setRaftConf(361)) - 61649f92-8c0f-475a-818d-1064548aeef6:group-5FC9C0484930 set configuration 0: [61649f92-8c0f-475a-818d-1064548aeef6:192.168.36.99:43150], old=null at 0
2019-09-20 10:25:13,747 [61649f92-8c0f-475a-818d-1064548aeef6:group-9225348034EC:LeaderElection130] INFO  server.RaftServerConfigKeys (ConfUtils.java:logGet(43)) - raft.server.watch.timeout.denomination = 1s (default)
2019-09-20 10:25:13,746 [bb8f5112-316d-4974-a5a6-f698f3fbb5be:group-60E02580B572:LeaderElection125] INFO  impl.RoleInfo (RoleInfo.java:updateAndGet(143)) - bb8f5112-316d-4974-a5a6-f698f3fbb5be: start LeaderState
2019-09-20 10:25:14,099 [61649f92-8c0f-475a-818d-1064548aeef6:group-9225348034EC:LeaderElection130] INFO  server.RaftServerConfigKeys (ConfUtils.java:logGet(43)) - raft.server.watch.element-limit = 65536 (default)
2019-09-20 10:25:14,099 [e8013689-2f13-4aaf-8a03-99f419c430ec:group-7996EA82AE07:LeaderElection131] INFO  server.RaftServerConfigKeys (ConfUtils.java:logGet(43)) - raft.server.staging.catchup.gap = 1000 (default)
2019-09-20 10:25:14,099 [b5962e8e-c9f1-48aa-8eb4-d8f74b8afdbe-SegmentedRaftLogWorker:Storage Directory /workdir/hadoop-ozone/integration-test/target/test-dir/MiniOzoneClusterImpl-806821b2-061b-4172-afaf-fb68ff5248bd/datanode-4/data/ratis/db493c02-5d8a-473f-87ac-827999ef7add] INFO  impl.StateMachineUpdater (StateMachineUpdater.java:stopAndJoin(115)) - StateMachineUpdater:b5962e8e-c9f1-48aa-8eb4-d8f74b8afdbe:group-827999EF7ADD: set stopIndex = -1
2019-09-20 10:25:14,100 [b5962e8e-c9f1-48aa-8eb4-d8f74b8afdbe-SegmentedRaftLogWorker:Storage Directory /workdir/hadoop-ozone/integration-test/target/test-dir/MiniOzoneClusterImpl-806821b2-061b-4172-afaf-fb68ff5248bd/datanode-4/data/ratis/db493c02-5d8a-473f-87ac-827999ef7add] INFO  impl.RaftServerImpl (ServerState.java:close(394)) - b5962e8e-c9f1-48aa-8eb4-d8f74b8afdbe:group-827999EF7ADD closes. The last applied log index is -1
2019-09-20 10:25:14,098 [main] INFO  volume.VolumeSet (VolumeSet.java:initializeVolumeSet(170)) - Added Volume : /workdir/hadoop-ozone/integration-test/target/test-dir/MiniOzoneClusterImpl-280c06ed-bcb5-4979-9226-67616719d9ed/datanode-0/data/containers/hdds to VolumeSet
2019-09-20 10:25:14,098 [99e70dd4-d763-4473-944c-c5628506dcf8-SegmentedRaftLogWorker:Storage Directory /workdir/hadoop-ozone/integration-test/target/test-dir/MiniOzoneClusterImpl-806821b2-061b-4172-afaf-fb68ff5248bd/datanode-6/data/ratis/42e5dfb2-9b38-41c6-a700-5542cc850c81] INFO  impl.StateMachineUpdater (StateMachineUpdater.java:stopAndJoin(115)) - StateMachineUpdater:99e70dd4-d763-4473-944c-c5628506dcf8:group-5542CC850C81: set stopIndex = -1
2019-09-20 10:25:14,101 [99e70dd4-d763-4473-944c-c5628506dcf8-SegmentedRaftLogWorker:Storage Directory /workdir/hadoop-ozone/integration-test/target/test-dir/MiniOzoneClusterImpl-806821b2-061b-4172-afaf-fb68ff5248bd/datanode-6/data/ratis/42e5dfb2-9b38-41c6-a700-5542cc850c81] INFO  impl.RaftServerImpl (ServerState.java:close(394)) - 99e70dd4-d763-4473-944c-c5628506dcf8:group-5542CC850C81 closes. The last applied log index is -1
2019-09-20 10:25:14,100 [b5962e8e-c9f1-48aa-8eb4-d8f74b8afdbe-SegmentedRaftLogWorker:Storage Directory /workdir/hadoop-ozone/integration-test/target/test-dir/MiniOzoneClusterImpl-806821b2-061b-4172-afaf-fb68ff5248bd/datanode-4/data/ratis/db493c02-5d8a-473f-87ac-827999ef7add] INFO  segmented.SegmentedRaftLogWorker (SegmentedRaftLogWorker.java:close(228)) - b5962e8e-c9f1-48aa-8eb4-d8f74b8afdbe-SegmentedRaftLogWorker:Storage Directory /workdir/hadoop-ozone/integration-test/target/test-dir/MiniOzoneClusterImpl-806821b2-061b-4172-afaf-fb68ff5248bd/datanode-4/data/ratis/db493c02-5d8a-473f-87ac-827999ef7add close()
2019-09-20 10:25:14,100 [e8013689-2f13-4aaf-8a03-99f419c430ec:group-7996EA82AE07:LeaderElection131] INFO  server.RaftServerConfigKeys (ConfUtils.java:logGet(43)) - raft.server.rpc.sleep.time = 25ms (default)
2019-09-20 10:25:14,100 [61649f92-8c0f-475a-818d-1064548aeef6:group-9225348034EC:LeaderElection130] INFO  impl.RoleInfo (RoleInfo.java:updateAndGet(143)) - 61649f92-8c0f-475a-818d-1064548aeef6: start LeaderState
2019-09-20 10:25:14,100 [bb8f5112-316d-4974-a5a6-f698f3fbb5be:group-60E02580B572:LeaderElection125] INFO  segmented.SegmentedRaftLogWorker (SegmentedRaftLogWorker.java:startLogSegment(380)) - bb8f5112-316d-4974-a5a6-f698f3fbb5be-SegmentedRaftLogWorker:Storage Directory /workdir/hadoop-ozone/integration-test/target/test-dir/MiniOzoneClusterImpl-806821b2-061b-4172-afaf-fb68ff5248bd/datanode-5/data/ratis/2c0b8948-2465-4466-b44d-60e02580b572: Starting segment from index:0
2019-09-20 10:25:14,102 [61649f92-8c0f-475a-818d-1064548aeef6:group-9225348034EC:LeaderElection130] INFO  segmented.SegmentedRaftLogWorker (SegmentedRaftLogWorker.java:startLogSegment(380)) - 61649f92-8c0f-475a-818d-1064548aeef6-SegmentedRaftLogWorker:Storage Directory /workdir/hadoop-ozone/integration-test/target/test-dir/MiniOzoneClusterImpl-806821b2-061b-4172-afaf-fb68ff5248bd/datanode-0/data/ratis/a7ea21ff-7ca2-43cb-83e3-9225348034ec: Starting segment from index:0
2019-09-20 10:25:14,101 [e8013689-2f13-4aaf-8a03-99f419c430ec:group-7996EA82AE07:LeaderElection131] INFO  server.RaftServerConfigKeys (ConfUtils.java:logGet(43)) - raft.server.write.element-limit = 4096 (default)
2019-09-20 10:25:14,101 [99e70dd4-d763-4473-944c-c5628506dcf8-SegmentedRaftLogWorker:Storage Directory /workdir/hadoop-ozone/integration-test/target/test-dir/MiniOzoneClusterImpl-806821b2-061b-4172-afaf-fb68ff5248bd/datanode-6/data/ratis/42e5dfb2-9b38-41c6-a700-5542cc850c81] INFO  segmented.SegmentedRaftLogWorker (SegmentedRaftLogWorker.java:close(228)) - 99e70dd4-d763-4473-944c-c5628506dcf8-SegmentedRaftLogWorker:Storage Directory /workdir/hadoop-ozone/integration-test/target/test-dir/MiniOzoneClusterImpl-806821b2-061b-4172-afaf-fb68ff5248bd/datanode-6/data/ratis/42e5dfb2-9b38-41c6-a700-5542cc850c81 close()
2019-09-20 10:25:14,101 [main] INFO  volume.ThrottledAsyncChecker (ThrottledAsyncChecker.java:schedule(140)) - Scheduling a check for org.apache.hadoop.ozone.container.common.volume.HddsVolume@3e3bf77b
2019-09-20 10:25:14,747 [61649f92-8c0f-475a-818d-1064548aeef6:group-9225348034EC:LeaderElection130] INFO  impl.RaftServerImpl (ServerState.java:setRaftConf(361)) - 61649f92-8c0f-475a-818d-1064548aeef6:group-9225348034EC set configuration 0: [61649f92-8c0f-475a-818d-1064548aeef6:192.168.36.99:43150], old=null at 0
2019-09-20 10:25:14,762 | INFO  | SCMAudit | user=jenkins1000 | ip=192.168.36.99 | op=SEND_HEARTBEAT {datanodeUUID=60260ec1-e192-4b95-89c8-d924d16a77a9, command=[]} | ret=SUCCESS |  
2019-09-20 10:25:14,762 | INFO  | SCMAudit | user=jenkins1000 | ip=192.168.36.99 | op=SEND_HEARTBEAT {datanodeUUID=6491c372-a595-4104-b3e9-c4f3293baafa, command=[]} | ret=SUCCESS |  
2019-09-20 10:25:14,762 | INFO  | SCMAudit | user=jenkins1000 | ip=192.168.36.99 | op=SEND_HEARTBEAT {datanodeUUID=3d6f3241-e73c-473a-ad0b-c7be2f7e1dda, command=[]} | ret=SUCCESS |  
2019-09-20 10:25:14,762 | INFO  | SCMAudit | user=jenkins1000 | ip=192.168.36.99 | op=SEND_HEARTBEAT {datanodeUUID=468be06f-55e9-4831-ba6b-3db017451a79, command=[]} | ret=SUCCESS |  
2019-09-20 10:25:14,762 | INFO  | SCMAudit | user=jenkins1000 | ip=192.168.36.99 | op=SEND_HEARTBEAT {datanodeUUID=19fb8383-7c99-4449-b95c-a26e71717844, command=[]} | ret=SUCCESS |  
2019-09-20 10:25:14,762 | INFO  | SCMAudit | user=jenkins1000 | ip=192.168.36.99 | op=SEND_HEARTBEAT {datanodeUUID=d2ed2d9b-7ac7-460e-84f6-6d9d6066f76d, command=[]} | ret=SUCCESS |  
2019-09-20 10:25:14,762 | INFO  | SCMAudit | user=jenkins1000 | ip=192.168.36.99 | op=SEND_HEARTBEAT {datanodeUUID=66416d0b-a71c-4af1-ae3a-62ca63b880a3, command=[]} | ret=SUCCESS |  
2019-09-20 10:25:14,762 | INFO  | SCMAudit | user=jenkins1000 | ip=192.168.36.99 | op=SEND_HEARTBEAT {datanodeUUID=4d972e91-cb6b-45de-8bd2-c18af7abe58b, command=[]} | ret=SUCCESS |  
2019-09-20 10:25:14,762 | INFO  | SCMAudit | user=jenkins1000 | ip=192.168.36.99 | op=SEND_HEARTBEAT {datanodeUUID=9e03ffa9-cf79-407a-a150-4c035e5aec5e, command=[]} | ret=SUCCESS |  
2019-09-20 10:25:14,762 | INFO  | SCMAudit | user=jenkins1000 | ip=192.168.36.99 | op=SEND_HEARTBEAT {datanodeUUID=1ab786b9-c79c-4265-88a1-5b3344c6beda, command=[]} | ret=SUCCESS |  
2019-09-20 10:25:14,762 | INFO  | SCMAudit | user=jenkins1000 | ip=192.168.36.99 | op=SEND_HEARTBEAT {datanodeUUID=17e2ba94-38a1-40e7-84e0-f6802901db84, command=[]} | ret=SUCCESS |  
2019-09-20 10:25:14,762 | INFO  | SCMAudit | user=jenkins1000 | ip=192.168.36.99 | op=SEND_HEARTBEAT {datanodeUUID=54207fe5-d92c-4c2e-b058-fbae630dabef, command=[]} | ret=SUCCESS |  
2019-09-20 10:25:14,762 | INFO  | SCMAudit | user=jenkins1000 | ip=192.168.36.99 | op=SEND_HEARTBEAT {datanodeUUID=7af711bd-b5ae-4a73-a8be-b970cae6c2d1, command=[]} | ret=SUCCESS |  
2019-09-20 10:25:14,762 | INFO  | SCMAudit | user=jenkins1000 | ip=192.168.36.99 | op=SEND_HEARTBEAT {datanodeUUID=c3e532f8-1a8e-44f3-b56b-d765aee893af, command=[]} | ret=SUCCESS |  
2019-09-20 10:25:14,440 [b5962e8e-c9f1-48aa-8eb4-d8f74b8afdbe-SegmentedRaftLogWorker:Storage Directory /workdir/hadoop-ozone/integration-test/target/test-dir/MiniOzoneClusterImpl-806821b2-061b-4172-afaf-fb68ff5248bd/datanode-4/data/ratis/b9d254a5-b21f-40c4-ac46-c6bc69feb661] ERROR segmented.SegmentedRaftLogWorker (SegmentedRaftLogWorker.java:run(323)) - b5962e8e-c9f1-48aa-8eb4-d8f74b8afdbe-SegmentedRaftLogWorker:Storage Directory /workdir/hadoop-ozone/integration-test/target/test-dir/MiniOzoneClusterImpl-806821b2-061b-4172-afaf-fb68ff5248bd/datanode-4/data/ratis/b9d254a5-b21f-40c4-ac46-c6bc69feb661 hit exception
java.lang.OutOfMemoryError: Direct buffer memory
	at java.nio.Bits.reserveMemory(Bits.java:666)
	at java.nio.DirectByteBuffer.<init>(DirectByteBuffer.java:123)
	at java.nio.ByteBuffer.allocateDirect(ByteBuffer.java:311)
	at org.apache.ratis.server.raftlog.segmented.BufferedWriteChannel.<init>(BufferedWriteChannel.java:41)
	at org.apache.ratis.server.raftlog.segmented.SegmentedRaftLogOutputStream.<init>(SegmentedRaftLogOutputStream.java:72)
	at org.apache.ratis.server.raftlog.segmented.SegmentedRaftLogWorker$StartLogSegment.execute(SegmentedRaftLogWorker.java:566)
	at org.apache.ratis.server.raftlog.segmented.SegmentedRaftLogWorker.run(SegmentedRaftLogWorker.java:289)
	at java.lang.Thread.run(Thread.java:748)
2019-09-20 10:25:14,771 | INFO  | SCMAudit | user=jenkins1000 | ip=192.168.36.99 | op=SEND_HEARTBEAT {datanodeUUID=cff8bf6b-8d20-4327-9f29-08a3c2b49247, command=[]} | ret=SUCCESS |  
2019-09-20 10:25:14,102 [bb8f5112-316d-4974-a5a6-f698f3fbb5be:group-60E02580B572:LeaderElection125] INFO  impl.RaftServerImpl (ServerState.java:setRaftConf(361)) - bb8f5112-316d-4974-a5a6-f698f3fbb5be:group-60E02580B572 set configuration 0: [bb8f5112-316d-4974-a5a6-f698f3fbb5be:192.168.36.99:38352], old=null at 0
2019-09-20 10:25:14,772 | INFO  | SCMAudit | user=jenkins1000 | ip=192.168.36.99 | op=SEND_HEARTBEAT {datanodeUUID=99e70dd4-d763-4473-944c-c5628506dcf8, command=[]} | ret=SUCCESS |  
2019-09-20 10:25:14,102 [e8013689-2f13-4aaf-8a03-99f419c430ec:group-7996EA82AE07:LeaderElection131] INFO  server.RaftServerConfigKeys (ConfUtils.java:logGet(43)) - raft.server.watch.timeout = 10s (default)
2019-09-20 10:25:14,772 [b5962e8e-c9f1-48aa-8eb4-d8f74b8afdbe-SegmentedRaftLogWorker:Storage Directory /workdir/hadoop-ozone/integration-test/target/test-dir/MiniOzoneClusterImpl-806821b2-061b-4172-afaf-fb68ff5248bd/datanode-4/data/ratis/b9d254a5-b21f-40c4-ac46-c6bc69feb661] INFO  impl.RaftServerImpl (RaftServerImpl.java:lambda$shutdown$3(245)) - b5962e8e-c9f1-48aa-8eb4-d8f74b8afdbe: shutdown group-C6BC69FEB661
2019-09-20 10:25:14,772 | INFO  | SCMAudit | user=jenkins1000 | ip=192.168.36.99 | op=SEND_HEARTBEAT {datanodeUUID=b5962e8e-c9f1-48aa-8eb4-d8f74b8afdbe, command=[]} | ret=SUCCESS |  
2019-09-20 10:25:14,772 | INFO  | SCMAudit | user=jenkins1000 | ip=192.168.36.99 | op=SEND_HEARTBEAT {datanodeUUID=61649f92-8c0f-475a-818d-1064548aeef6, command=[]} | ret=SUCCESS |  
2019-09-20 10:25:14,772 | INFO  | SCMAudit | user=jenkins1000 | ip=192.168.36.99 | op=SEND_HEARTBEAT {datanodeUUID=136f1953-bb94-4097-a2d4-422a6782bee0, command=[]} | ret=SUCCESS |  
2019-09-20 10:25:14,772 | INFO  | SCMAudit | user=jenkins1000 | ip=192.168.36.99 | op=SEND_HEARTBEAT {datanodeUUID=bb8f5112-316d-4974-a5a6-f698f3fbb5be, command=[]} | ret=SUCCESS |  
2019-09-20 10:25:14,772 | INFO  | SCMAudit | user=jenkins1000 | ip=192.168.36.99 | op=SEND_HEARTBEAT {datanodeUUID=e8013689-2f13-4aaf-8a03-99f419c430ec, command=[]} | ret=SUCCESS |  
2019-09-20 10:25:14,764 [main] INFO  volume.HddsVolumeChecker (HddsVolumeChecker.java:checkAllVolumes(203)) - Scheduled health check for volume org.apache.hadoop.ozone.container.common.volume.HddsVolume@3e3bf77b
2019-09-20 10:25:14,763 [99e70dd4-d763-4473-944c-c5628506dcf8-SegmentedRaftLogWorker:Storage Directory /workdir/hadoop-ozone/integration-test/target/test-dir/MiniOzoneClusterImpl-806821b2-061b-4172-afaf-fb68ff5248bd/datanode-6/data/ratis/4c01b66e-c0f9-4c3b-9ad0-ccaadaaf72a4] ERROR segmented.SegmentedRaftLogWorker (SegmentedRaftLogWorker.java:run(323)) - 99e70dd4-d763-4473-944c-c5628506dcf8-SegmentedRaftLogWorker:Storage Directory /workdir/hadoop-ozone/integration-test/target/test-dir/MiniOzoneClusterImpl-806821b2-061b-4172-afaf-fb68ff5248bd/datanode-6/data/ratis/4c01b66e-c0f9-4c3b-9ad0-ccaadaaf72a4 hit exception
java.lang.OutOfMemoryError: Direct buffer memory
	at java.nio.Bits.reserveMemory(Bits.java:666)
	at java.nio.DirectByteBuffer.<init>(DirectByteBuffer.java:123)
	at java.nio.ByteBuffer.allocateDirect(ByteBuffer.java:311)
	at org.apache.ratis.server.raftlog.segmented.BufferedWriteChannel.<init>(BufferedWriteChannel.java:41)
	at org.apache.ratis.server.raftlog.segmented.SegmentedRaftLogOutputStream.<init>(SegmentedRaftLogOutputStream.java:72)
	at org.apache.ratis.server.raftlog.segmented.SegmentedRaftLogWorker$StartLogSegment.execute(SegmentedRaftLogWorker.java:566)
	at org.apache.ratis.server.raftlog.segmented.SegmentedRaftLogWorker.run(SegmentedRaftLogWorker.java:289)
	at java.lang.Thread.run(Thread.java:748)
2019-09-20 10:25:14,763 [cff8bf6b-8d20-4327-9f29-08a3c2b49247-SegmentedRaftLogWorker:Storage Directory /workdir/hadoop-ozone/integration-test/target/test-dir/MiniOzoneClusterImpl-806821b2-061b-4172-afaf-fb68ff5248bd/datanode-3/data/ratis/ef7727ff-9c01-4f29-a141-8bf4bcfbce01] ERROR segmented.SegmentedRaftLogWorker (SegmentedRaftLogWorker.java:run(323)) - cff8bf6b-8d20-4327-9f29-08a3c2b49247-SegmentedRaftLogWorker:Storage Directory /workdir/hadoop-ozone/integration-test/target/test-dir/MiniOzoneClusterImpl-806821b2-061b-4172-afaf-fb68ff5248bd/datanode-3/data/ratis/ef7727ff-9c01-4f29-a141-8bf4bcfbce01 hit exception
java.lang.OutOfMemoryError: Direct buffer memory
	at java.nio.Bits.reserveMemory(Bits.java:666)
	at java.nio.DirectByteBuffer.<init>(DirectByteBuffer.java:123)
	at java.nio.ByteBuffer.allocateDirect(ByteBuffer.java:311)
	at org.apache.ratis.server.raftlog.segmented.BufferedWriteChannel.<init>(BufferedWriteChannel.java:41)
	at org.apache.ratis.server.raftlog.segmented.SegmentedRaftLogOutputStream.<init>(SegmentedRaftLogOutputStream.java:72)
	at org.apache.ratis.server.raftlog.segmented.SegmentedRaftLogWorker$StartLogSegment.execute(SegmentedRaftLogWorker.java:566)
	at org.apache.ratis.server.raftlog.segmented.SegmentedRaftLogWorker.run(SegmentedRaftLogWorker.java:289)
	at java.lang.Thread.run(Thread.java:748)
2019-09-20 10:25:14,773 [99e70dd4-d763-4473-944c-c5628506dcf8-SegmentedRaftLogWorker:Storage Directory /workdir/hadoop-ozone/integration-test/target/test-dir/MiniOzoneClusterImpl-806821b2-061b-4172-afaf-fb68ff5248bd/datanode-6/data/ratis/4c01b66e-c0f9-4c3b-9ad0-ccaadaaf72a4] INFO  impl.RaftServerImpl (RaftServerImpl.java:lambda$shutdown$3(245)) - 99e70dd4-d763-4473-944c-c5628506dcf8: shutdown group-CCAADAAF72A4
2019-09-20 10:25:14,772 [b5962e8e-c9f1-48aa-8eb4-d8f74b8afdbe-SegmentedRaftLogWorker:Storage Directory /workdir/hadoop-ozone/integration-test/target/test-dir/MiniOzoneClusterImpl-806821b2-061b-4172-afaf-fb68ff5248bd/datanode-4/data/ratis/b9d254a5-b21f-40c4-ac46-c6bc69feb661] INFO  util.JmxRegister (JmxRegister.java:unregister(73)) - Successfully un-registered JMX Bean with object name Ratis:service=RaftServer,group=group-C6BC69FEB661,id=b5962e8e-c9f1-48aa-8eb4-d8f74b8afdbe
2019-09-20 10:25:14,772 [e8013689-2f13-4aaf-8a03-99f419c430ec:group-7996EA82AE07:LeaderElection131] INFO  server.RaftServerConfigKeys (ConfUtils.java:logGet(43)) - raft.server.watch.timeout.denomination = 1s (default)
2019-09-20 10:25:14,774 [b5962e8e-c9f1-48aa-8eb4-d8f74b8afdbe-SegmentedRaftLogWorker:Storage Directory /workdir/hadoop-ozone/integration-test/target/test-dir/MiniOzoneClusterImpl-806821b2-061b-4172-afaf-fb68ff5248bd/datanode-4/data/ratis/b9d254a5-b21f-40c4-ac46-c6bc69feb661] INFO  impl.RoleInfo (RoleInfo.java:shutdownLeaderState(104)) - b5962e8e-c9f1-48aa-8eb4-d8f74b8afdbe: shutdown LeaderState
2019-09-20 10:25:14,773 [99e70dd4-d763-4473-944c-c5628506dcf8-SegmentedRaftLogWorker:Storage Directory /workdir/hadoop-ozone/integration-test/target/test-dir/MiniOzoneClusterImpl-806821b2-061b-4172-afaf-fb68ff5248bd/datanode-6/data/ratis/4c01b66e-c0f9-4c3b-9ad0-ccaadaaf72a4] INFO  util.JmxRegister (JmxRegister.java:unregister(73)) - Successfully un-registered JMX Bean with object name Ratis:service=RaftServer,group=group-CCAADAAF72A4,id=99e70dd4-d763-4473-944c-c5628506dcf8
2019-09-20 10:25:14,773 [cff8bf6b-8d20-4327-9f29-08a3c2b49247-SegmentedRaftLogWorker:Storage Directory /workdir/hadoop-ozone/integration-test/target/test-dir/MiniOzoneClusterImpl-806821b2-061b-4172-afaf-fb68ff5248bd/datanode-3/data/ratis/ef7727ff-9c01-4f29-a141-8bf4bcfbce01] INFO  impl.RaftServerImpl (RaftServerImpl.java:lambda$shutdown$3(245)) - cff8bf6b-8d20-4327-9f29-08a3c2b49247: shutdown group-8BF4BCFBCE01
2019-09-20 10:25:14,774 [99e70dd4-d763-4473-944c-c5628506dcf8-SegmentedRaftLogWorker:Storage Directory /workdir/hadoop-ozone/integration-test/target/test-dir/MiniOzoneClusterImpl-806821b2-061b-4172-afaf-fb68ff5248bd/datanode-6/data/ratis/4c01b66e-c0f9-4c3b-9ad0-ccaadaaf72a4] INFO  impl.RoleInfo (RoleInfo.java:shutdownLeaderState(104)) - 99e70dd4-d763-4473-944c-c5628506dcf8: shutdown LeaderState
2019-09-20 10:25:14,774 [b5962e8e-c9f1-48aa-8eb4-d8f74b8afdbe-SegmentedRaftLogWorker:Storage Directory /workdir/hadoop-ozone/integration-test/target/test-dir/MiniOzoneClusterImpl-806821b2-061b-4172-afaf-fb68ff5248bd/datanode-4/data/ratis/b9d254a5-b21f-40c4-ac46-c6bc69feb661] INFO  impl.PendingRequests (PendingRequests.java:sendNotLeaderResponses(202)) - b5962e8e-c9f1-48aa-8eb4-d8f74b8afdbe-PendingRequests: sendNotLeaderResponses
2019-09-20 10:25:14,774 [e8013689-2f13-4aaf-8a03-99f419c430ec:group-7996EA82AE07:LeaderElection131] INFO  server.RaftServerConfigKeys (ConfUtils.java:logGet(43)) - raft.server.watch.element-limit = 65536 (default)
2019-09-20 10:25:14,774 [b5962e8e-c9f1-48aa-8eb4-d8f74b8afdbe-SegmentedRaftLogWorker:Storage Directory /workdir/hadoop-ozone/integration-test/target/test-dir/MiniOzoneClusterImpl-806821b2-061b-4172-afaf-fb68ff5248bd/datanode-4/data/ratis/b9d254a5-b21f-40c4-ac46-c6bc69feb661] INFO  impl.StateMachineUpdater (StateMachineUpdater.java:stopAndJoin(115)) - StateMachineUpdater:b5962e8e-c9f1-48aa-8eb4-d8f74b8afdbe:group-C6BC69FEB661: set stopIndex = -1
2019-09-20 10:25:14,774 [99e70dd4-d763-4473-944c-c5628506dcf8-SegmentedRaftLogWorker:Storage Directory /workdir/hadoop-ozone/integration-test/target/test-dir/MiniOzoneClusterImpl-806821b2-061b-4172-afaf-fb68ff5248bd/datanode-6/data/ratis/4c01b66e-c0f9-4c3b-9ad0-ccaadaaf72a4] INFO  impl.PendingRequests (PendingRequests.java:sendNotLeaderResponses(202)) - 99e70dd4-d763-4473-944c-c5628506dcf8-PendingRequests: sendNotLeaderResponses
2019-09-20 10:25:14,775 [e8013689-2f13-4aaf-8a03-99f419c430ec:group-7996EA82AE07:LeaderElection131] INFO  impl.RoleInfo (RoleInfo.java:updateAndGet(143)) - e8013689-2f13-4aaf-8a03-99f419c430ec: start LeaderState
2019-09-20 10:25:14,774 [cff8bf6b-8d20-4327-9f29-08a3c2b49247-SegmentedRaftLogWorker:Storage Directory /workdir/hadoop-ozone/integration-test/target/test-dir/MiniOzoneClusterImpl-806821b2-061b-4172-afaf-fb68ff5248bd/datanode-3/data/ratis/ef7727ff-9c01-4f29-a141-8bf4bcfbce01] INFO  util.JmxRegister (JmxRegister.java:unregister(73)) - Successfully un-registered JMX Bean with object name Ratis:service=RaftServer,group=group-8BF4BCFBCE01,id=cff8bf6b-8d20-4327-9f29-08a3c2b49247
2019-09-20 10:25:14,775 [99e70dd4-d763-4473-944c-c5628506dcf8-SegmentedRaftLogWorker:Storage Directory /workdir/hadoop-ozone/integration-test/target/test-dir/MiniOzoneClusterImpl-806821b2-061b-4172-afaf-fb68ff5248bd/datanode-6/data/ratis/4c01b66e-c0f9-4c3b-9ad0-ccaadaaf72a4] INFO  impl.StateMachineUpdater (StateMachineUpdater.java:stopAndJoin(115)) - StateMachineUpdater:99e70dd4-d763-4473-944c-c5628506dcf8:group-CCAADAAF72A4: set stopIndex = -1
2019-09-20 10:25:14,775 [b5962e8e-c9f1-48aa-8eb4-d8f74b8afdbe-SegmentedRaftLogWorker:Storage Directory /workdir/hadoop-ozone/integration-test/target/test-dir/MiniOzoneClusterImpl-806821b2-061b-4172-afaf-fb68ff5248bd/datanode-4/data/ratis/b9d254a5-b21f-40c4-ac46-c6bc69feb661] INFO  impl.RaftServerImpl (ServerState.java:close(394)) - b5962e8e-c9f1-48aa-8eb4-d8f74b8afdbe:group-C6BC69FEB661 closes. The last applied log index is -1
2019-09-20 10:25:14,775 [e8013689-2f13-4aaf-8a03-99f419c430ec:group-7996EA82AE07:LeaderElection131] INFO  segmented.SegmentedRaftLogWorker (SegmentedRaftLogWorker.java:startLogSegment(380)) - e8013689-2f13-4aaf-8a03-99f419c430ec-SegmentedRaftLogWorker:Storage Directory /workdir/hadoop-ozone/integration-test/target/test-dir/MiniOzoneClusterImpl-806821b2-061b-4172-afaf-fb68ff5248bd/datanode-1/data/ratis/4fe962ac-7d8f-4645-8671-7996ea82ae07: Starting segment from index:0
2019-09-20 10:25:14,775 [99e70dd4-d763-4473-944c-c5628506dcf8-SegmentedRaftLogWorker:Storage Directory /workdir/hadoop-ozone/integration-test/target/test-dir/MiniOzoneClusterImpl-806821b2-061b-4172-afaf-fb68ff5248bd/datanode-6/data/ratis/4c01b66e-c0f9-4c3b-9ad0-ccaadaaf72a4] INFO  impl.RaftServerImpl (ServerState.java:close(394)) - 99e70dd4-d763-4473-944c-c5628506dcf8:group-CCAADAAF72A4 closes. The last applied log index is -1
2019-09-20 10:25:14,775 [cff8bf6b-8d20-4327-9f29-08a3c2b49247-SegmentedRaftLogWorker:Storage Directory /workdir/hadoop-ozone/integration-test/target/test-dir/MiniOzoneClusterImpl-806821b2-061b-4172-afaf-fb68ff5248bd/datanode-3/data/ratis/ef7727ff-9c01-4f29-a141-8bf4bcfbce01] INFO  impl.RoleInfo (RoleInfo.java:shutdownLeaderState(104)) - cff8bf6b-8d20-4327-9f29-08a3c2b49247: shutdown LeaderState
2019-09-20 10:25:14,776 [99e70dd4-d763-4473-944c-c5628506dcf8-SegmentedRaftLogWorker:Storage Directory /workdir/hadoop-ozone/integration-test/target/test-dir/MiniOzoneClusterImpl-806821b2-061b-4172-afaf-fb68ff5248bd/datanode-6/data/ratis/4c01b66e-c0f9-4c3b-9ad0-ccaadaaf72a4] INFO  segmented.SegmentedRaftLogWorker (SegmentedRaftLogWorker.java:close(228)) - 99e70dd4-d763-4473-944c-c5628506dcf8-SegmentedRaftLogWorker:Storage Directory /workdir/hadoop-ozone/integration-test/target/test-dir/MiniOzoneClusterImpl-806821b2-061b-4172-afaf-fb68ff5248bd/datanode-6/data/ratis/4c01b66e-c0f9-4c3b-9ad0-ccaadaaf72a4 close()
2019-09-20 10:25:14,775 [b5962e8e-c9f1-48aa-8eb4-d8f74b8afdbe-SegmentedRaftLogWorker:Storage Directory /workdir/hadoop-ozone/integration-test/target/test-dir/MiniOzoneClusterImpl-806821b2-061b-4172-afaf-fb68ff5248bd/datanode-4/data/ratis/b9d254a5-b21f-40c4-ac46-c6bc69feb661] INFO  segmented.SegmentedRaftLogWorker (SegmentedRaftLogWorker.java:close(228)) - b5962e8e-c9f1-48aa-8eb4-d8f74b8afdbe-SegmentedRaftLogWorker:Storage Directory /workdir/hadoop-ozone/integration-test/target/test-dir/MiniOzoneClusterImpl-806821b2-061b-4172-afaf-fb68ff5248bd/datanode-4/data/ratis/b9d254a5-b21f-40c4-ac46-c6bc69feb661 close()
2019-09-20 10:25:15,106 [e8013689-2f13-4aaf-8a03-99f419c430ec:group-7996EA82AE07:LeaderElection131] INFO  impl.RaftServerImpl (ServerState.java:setRaftConf(361)) - e8013689-2f13-4aaf-8a03-99f419c430ec:group-7996EA82AE07 set configuration 0: [e8013689-2f13-4aaf-8a03-99f419c430ec:192.168.36.99:43054], old=null at 0
2019-09-20 10:25:14,776 [cff8bf6b-8d20-4327-9f29-08a3c2b49247-SegmentedRaftLogWorker:Storage Directory /workdir/hadoop-ozone/integration-test/target/test-dir/MiniOzoneClusterImpl-806821b2-061b-4172-afaf-fb68ff5248bd/datanode-3/data/ratis/ef7727ff-9c01-4f29-a141-8bf4bcfbce01] INFO  impl.PendingRequests (PendingRequests.java:sendNotLeaderResponses(202)) - cff8bf6b-8d20-4327-9f29-08a3c2b49247-PendingRequests: sendNotLeaderResponses
2019-09-20 10:25:15,107 [cff8bf6b-8d20-4327-9f29-08a3c2b49247-SegmentedRaftLogWorker:Storage Directory /workdir/hadoop-ozone/integration-test/target/test-dir/MiniOzoneClusterImpl-806821b2-061b-4172-afaf-fb68ff5248bd/datanode-3/data/ratis/ef7727ff-9c01-4f29-a141-8bf4bcfbce01] INFO  impl.StateMachineUpdater (StateMachineUpdater.java:stopAndJoin(115)) - StateMachineUpdater:cff8bf6b-8d20-4327-9f29-08a3c2b49247:group-8BF4BCFBCE01: set stopIndex = -1
2019-09-20 10:25:15,107 [cff8bf6b-8d20-4327-9f29-08a3c2b49247-SegmentedRaftLogWorker:Storage Directory /workdir/hadoop-ozone/integration-test/target/test-dir/MiniOzoneClusterImpl-806821b2-061b-4172-afaf-fb68ff5248bd/datanode-3/data/ratis/ef7727ff-9c01-4f29-a141-8bf4bcfbce01] INFO  impl.RaftServerImpl (ServerState.java:close(394)) - cff8bf6b-8d20-4327-9f29-08a3c2b49247:group-8BF4BCFBCE01 closes. The last applied log index is -1
2019-09-20 10:25:15,107 [cff8bf6b-8d20-4327-9f29-08a3c2b49247-SegmentedRaftLogWorker:Storage Directory /workdir/hadoop-ozone/integration-test/target/test-dir/MiniOzoneClusterImpl-806821b2-061b-4172-afaf-fb68ff5248bd/datanode-3/data/ratis/ef7727ff-9c01-4f29-a141-8bf4bcfbce01] INFO  segmented.SegmentedRaftLogWorker (SegmentedRaftLogWorker.java:close(228)) - cff8bf6b-8d20-4327-9f29-08a3c2b49247-SegmentedRaftLogWorker:Storage Directory /workdir/hadoop-ozone/integration-test/target/test-dir/MiniOzoneClusterImpl-806821b2-061b-4172-afaf-fb68ff5248bd/datanode-3/data/ratis/ef7727ff-9c01-4f29-a141-8bf4bcfbce01 close()
2019-09-20 10:25:15,129 [main] INFO  impl.RaftServerProxy (ConfUtils.java:logGet(43)) - raft.rpc.type = GRPC (default)
2019-09-20 10:25:15,130 [main] INFO  grpc.GrpcFactory (GrpcFactory.java:checkPooledByteBufAllocatorUseCacheForAllThreads(45)) - PERFORMANCE WARNING: useCacheForAllThreads is true that may cause Netty to create a lot garbage objects and, as a result, trigger GC.
	It is recommended to disable useCacheForAllThreads by setting -Dorg.apache.ratis.thirdparty.io.netty.allocator.useCacheForAllThreads=false in command line.
2019-09-20 10:25:15,130 [main] INFO  grpc.GrpcConfigKeys$Server (ConfUtils.java:logGet(43)) - raft.grpc.server.port = 0 (default)
2019-09-20 10:25:15,130 [main] INFO  server.GrpcService (ConfUtils.java:logGet(43)) - raft.grpc.message.size.max = 33570816 (custom)
2019-09-20 10:25:15,130 [main] INFO  server.RaftServerConfigKeys (ConfUtils.java:logGet(43)) - raft.server.log.appender.buffer.byte-limit = 33554432 (custom)
2019-09-20 10:25:15,131 [main] INFO  server.GrpcService (ConfUtils.java:logGet(43)) - raft.grpc.flow.control.window = 1MB (=1048576) (default)
2019-09-20 10:25:15,131 [main] INFO  server.RaftServerConfigKeys (ConfUtils.java:logGet(43)) - raft.server.rpc.request.timeout = 3000ms (default)
2019-09-20 10:25:15,132 [main] INFO  server.RaftServerConfigKeys (ConfUtils.java:logGet(43)) - raft.server.storage.dir = [/workdir/hadoop-ozone/integration-test/target/test-dir/MiniOzoneClusterImpl-280c06ed-bcb5-4979-9226-67616719d9ed/datanode-0/data/ratis] (custom)
2019-09-20 10:25:15,132 [main] INFO  replication.SimpleContainerDownloader (SimpleContainerDownloader.java:<init>(72)) - Starting container downloader service to copy containers to replicate.
2019-09-20 10:25:15,134 [main] INFO  hdfs.DFSUtil (DFSUtil.java:httpServerTemplateForNNAndJN(1641)) - Starting Web-server for hddsDatanode at: http://0.0.0.0:0
2019-09-20 10:25:15,137 [main] INFO  server.AuthenticationFilter (AuthenticationFilter.java:constructSecretProvider(240)) - Unable to initialize FileSignerSecretProvider, falling back to use random secrets.
2019-09-20 10:25:15,137 [main] WARN  http.HttpRequestLog (HttpRequestLog.java:getRequestLog(97)) - Jetty request log can only be enabled using Log4j
2019-09-20 10:25:15,140 [main] INFO  http.HttpServer2 (HttpServer2.java:addGlobalFilter(975)) - Added global filter 'safety' (class=org.apache.hadoop.http.HttpServer2$QuotingInputFilter)
2019-09-20 10:25:15,140 [main] INFO  http.HttpServer2 (HttpServer2.java:addFilter(948)) - Added filter static_user_filter (class=org.apache.hadoop.http.lib.StaticUserWebFilter$StaticUserFilter) to context hddsDatanode
2019-09-20 10:25:15,141 [main] INFO  http.HttpServer2 (HttpServer2.java:addFilter(958)) - Added filter static_user_filter (class=org.apache.hadoop.http.lib.StaticUserWebFilter$StaticUserFilter) to context static
2019-09-20 10:25:15,141 [main] INFO  http.HttpServer2 (HttpServer2.java:addFilter(958)) - Added filter static_user_filter (class=org.apache.hadoop.http.lib.StaticUserWebFilter$StaticUserFilter) to context logs
2019-09-20 10:25:15,142 [main] INFO  http.HttpServer2 (HttpServer2.java:bindListener(1191)) - Jetty bound to port 45519
2019-09-20 10:25:15,142 [main] INFO  server.Server (Server.java:doStart(351)) - jetty-9.3.24.v20180605, build timestamp: 2018-06-05T17:11:56Z, git hash: 84205aa28f11a4f31f2a3b86d1bba2cc8ab69827
2019-09-20 10:25:15,145 [main] INFO  handler.ContextHandler (ContextHandler.java:doStart(781)) - Started o.e.j.s.ServletContextHandler@311453ab{/logs,file:///workdir/hadoop-ozone/integration-test/target/log,AVAILABLE}
2019-09-20 10:25:15,146 [main] INFO  handler.ContextHandler (ContextHandler.java:doStart(781)) - Started o.e.j.s.ServletContextHandler@2dd4a7a9{/static,jar:file:/home/user/.m2/repository/org/apache/hadoop/hadoop-hdds-container-service/0.5.0-SNAPSHOT/hadoop-hdds-container-service-0.5.0-SNAPSHOT.jar!/webapps/static,AVAILABLE}
2019-09-20 10:25:15,175 [main] INFO  handler.ContextHandler (ContextHandler.java:doStart(781)) - Started o.e.j.w.WebAppContext@2b9370cc{/,file:///tmp/jetty-0.0.0.0-45519-hddsDatanode-_-any-4035467551070379156.dir/webapp/,AVAILABLE}{/hddsDatanode}
2019-09-20 10:25:15,176 [main] INFO  server.AbstractConnector (AbstractConnector.java:doStart(278)) - Started ServerConnector@1a56f608{HTTP/1.1,[http/1.1]}{0.0.0.0:45519}
2019-09-20 10:25:15,183 [main] INFO  server.Server (Server.java:doStart(419)) - Started @76544ms
2019-09-20 10:25:15,185 [main] INFO  server.BaseHttpServer (BaseHttpServer.java:updateConnectorAddress(213)) - HTTP server of HDDSDATANODE is listening at http://0.0.0.0:45519
2019-09-20 10:25:15,363 [bb8f5112-316d-4974-a5a6-f698f3fbb5be-SegmentedRaftLogWorker:Storage Directory /workdir/hadoop-ozone/integration-test/target/test-dir/MiniOzoneClusterImpl-806821b2-061b-4172-afaf-fb68ff5248bd/datanode-5/data/ratis/7594aa15-b11a-4322-8747-ef2b7b4f9a5b] ERROR segmented.SegmentedRaftLogWorker (SegmentedRaftLogWorker.java:run(323)) - bb8f5112-316d-4974-a5a6-f698f3fbb5be-SegmentedRaftLogWorker:Storage Directory /workdir/hadoop-ozone/integration-test/target/test-dir/MiniOzoneClusterImpl-806821b2-061b-4172-afaf-fb68ff5248bd/datanode-5/data/ratis/7594aa15-b11a-4322-8747-ef2b7b4f9a5b hit exception
java.lang.OutOfMemoryError: Direct buffer memory
	at java.nio.Bits.reserveMemory(Bits.java:666)
	at java.nio.DirectByteBuffer.<init>(DirectByteBuffer.java:123)
	at java.nio.ByteBuffer.allocateDirect(ByteBuffer.java:311)
	at org.apache.ratis.server.raftlog.segmented.BufferedWriteChannel.<init>(BufferedWriteChannel.java:41)
	at org.apache.ratis.server.raftlog.segmented.SegmentedRaftLogOutputStream.<init>(SegmentedRaftLogOutputStream.java:72)
	at org.apache.ratis.server.raftlog.segmented.SegmentedRaftLogWorker$StartLogSegment.execute(SegmentedRaftLogWorker.java:566)
	at org.apache.ratis.server.raftlog.segmented.SegmentedRaftLogWorker.run(SegmentedRaftLogWorker.java:289)
	at java.lang.Thread.run(Thread.java:748)
2019-09-20 10:25:15,363 | INFO  | ObjectStoreRestHttpServer | Listening HDDS REST traffic on /0.0.0.0:45206 |  
2019-09-20 10:25:15,363 [b5962e8e-c9f1-48aa-8eb4-d8f74b8afdbe-SegmentedRaftLogWorker:Storage Directory /workdir/hadoop-ozone/integration-test/target/test-dir/MiniOzoneClusterImpl-806821b2-061b-4172-afaf-fb68ff5248bd/datanode-4/data/ratis/4e6bf148-73e4-41c1-822e-a03a25b01f56] ERROR segmented.SegmentedRaftLogWorker (SegmentedRaftLogWorker.java:run(323)) - b5962e8e-c9f1-48aa-8eb4-d8f74b8afdbe-SegmentedRaftLogWorker:Storage Directory /workdir/hadoop-ozone/integration-test/target/test-dir/MiniOzoneClusterImpl-806821b2-061b-4172-afaf-fb68ff5248bd/datanode-4/data/ratis/4e6bf148-73e4-41c1-822e-a03a25b01f56 hit exception
java.lang.OutOfMemoryError: Direct buffer memory
	at java.nio.Bits.reserveMemory(Bits.java:666)
	at java.nio.DirectByteBuffer.<init>(DirectByteBuffer.java:123)
	at java.nio.ByteBuffer.allocateDirect(ByteBuffer.java:311)
	at org.apache.ratis.server.raftlog.segmented.BufferedWriteChannel.<init>(BufferedWriteChannel.java:41)
	at org.apache.ratis.server.raftlog.segmented.SegmentedRaftLogOutputStream.<init>(SegmentedRaftLogOutputStream.java:72)
	at org.apache.ratis.server.raftlog.segmented.SegmentedRaftLogWorker$StartLogSegment.execute(SegmentedRaftLogWorker.java:566)
	at org.apache.ratis.server.raftlog.segmented.SegmentedRaftLogWorker.run(SegmentedRaftLogWorker.java:289)
	at java.lang.Thread.run(Thread.java:748)
2019-09-20 10:25:15,364 [b5962e8e-c9f1-48aa-8eb4-d8f74b8afdbe-SegmentedRaftLogWorker:Storage Directory /workdir/hadoop-ozone/integration-test/target/test-dir/MiniOzoneClusterImpl-806821b2-061b-4172-afaf-fb68ff5248bd/datanode-4/data/ratis/4e6bf148-73e4-41c1-822e-a03a25b01f56] INFO  impl.RaftServerImpl (RaftServerImpl.java:lambda$shutdown$3(245)) - b5962e8e-c9f1-48aa-8eb4-d8f74b8afdbe: shutdown group-A03A25B01F56
2019-09-20 10:25:15,363 [99e70dd4-d763-4473-944c-c5628506dcf8-SegmentedRaftLogWorker:Storage Directory /workdir/hadoop-ozone/integration-test/target/test-dir/MiniOzoneClusterImpl-806821b2-061b-4172-afaf-fb68ff5248bd/datanode-6/data/ratis/f78361ec-dd32-4323-9398-56945867d80f] ERROR segmented.SegmentedRaftLogWorker (SegmentedRaftLogWorker.java:run(323)) - 99e70dd4-d763-4473-944c-c5628506dcf8-SegmentedRaftLogWorker:Storage Directory /workdir/hadoop-ozone/integration-test/target/test-dir/MiniOzoneClusterImpl-806821b2-061b-4172-afaf-fb68ff5248bd/datanode-6/data/ratis/f78361ec-dd32-4323-9398-56945867d80f hit exception
java.lang.OutOfMemoryError: Direct buffer memory
	at java.nio.Bits.reserveMemory(Bits.java:666)
	at java.nio.DirectByteBuffer.<init>(DirectByteBuffer.java:123)
	at java.nio.ByteBuffer.allocateDirect(ByteBuffer.java:311)
	at org.apache.ratis.server.raftlog.segmented.BufferedWriteChannel.<init>(BufferedWriteChannel.java:41)
	at org.apache.ratis.server.raftlog.segmented.SegmentedRaftLogOutputStream.<init>(SegmentedRaftLogOutputStream.java:72)
	at org.apache.ratis.server.raftlog.segmented.SegmentedRaftLogWorker$StartLogSegment.execute(SegmentedRaftLogWorker.java:566)
	at org.apache.ratis.server.raftlog.segmented.SegmentedRaftLogWorker.run(SegmentedRaftLogWorker.java:289)
	at java.lang.Thread.run(Thread.java:748)
2019-09-20 10:25:15,364 [b5962e8e-c9f1-48aa-8eb4-d8f74b8afdbe-SegmentedRaftLogWorker:Storage Directory /workdir/hadoop-ozone/integration-test/target/test-dir/MiniOzoneClusterImpl-806821b2-061b-4172-afaf-fb68ff5248bd/datanode-4/data/ratis/4e6bf148-73e4-41c1-822e-a03a25b01f56] INFO  util.JmxRegister (JmxRegister.java:unregister(73)) - Successfully un-registered JMX Bean with object name Ratis:service=RaftServer,group=group-A03A25B01F56,id=b5962e8e-c9f1-48aa-8eb4-d8f74b8afdbe
2019-09-20 10:25:15,364 [b5962e8e-c9f1-48aa-8eb4-d8f74b8afdbe-SegmentedRaftLogWorker:Storage Directory /workdir/hadoop-ozone/integration-test/target/test-dir/MiniOzoneClusterImpl-806821b2-061b-4172-afaf-fb68ff5248bd/datanode-4/data/ratis/4e6bf148-73e4-41c1-822e-a03a25b01f56] INFO  impl.RoleInfo (RoleInfo.java:shutdownLeaderState(104)) - b5962e8e-c9f1-48aa-8eb4-d8f74b8afdbe: shutdown LeaderState
2019-09-20 10:25:15,363 [main] INFO  ozone.HddsDatanodeService (HddsDatanodeService.java:startPlugins(395)) - Started plug-in org.apache.hadoop.ozone.web.OzoneHddsDatanodeService@7c3223aa
2019-09-20 10:25:15,363 [bb8f5112-316d-4974-a5a6-f698f3fbb5be-SegmentedRaftLogWorker:Storage Directory /workdir/hadoop-ozone/integration-test/target/test-dir/MiniOzoneClusterImpl-806821b2-061b-4172-afaf-fb68ff5248bd/datanode-5/data/ratis/7594aa15-b11a-4322-8747-ef2b7b4f9a5b] INFO  impl.RaftServerImpl (RaftServerImpl.java:lambda$shutdown$3(245)) - bb8f5112-316d-4974-a5a6-f698f3fbb5be: shutdown group-EF2B7B4F9A5B
2019-09-20 10:25:15,364 [b5962e8e-c9f1-48aa-8eb4-d8f74b8afdbe-SegmentedRaftLogWorker:Storage Directory /workdir/hadoop-ozone/integration-test/target/test-dir/MiniOzoneClusterImpl-806821b2-061b-4172-afaf-fb68ff5248bd/datanode-4/data/ratis/4e6bf148-73e4-41c1-822e-a03a25b01f56] INFO  impl.PendingRequests (PendingRequests.java:sendNotLeaderResponses(202)) - b5962e8e-c9f1-48aa-8eb4-d8f74b8afdbe-PendingRequests: sendNotLeaderResponses
2019-09-20 10:25:15,364 [99e70dd4-d763-4473-944c-c5628506dcf8-SegmentedRaftLogWorker:Storage Directory /workdir/hadoop-ozone/integration-test/target/test-dir/MiniOzoneClusterImpl-806821b2-061b-4172-afaf-fb68ff5248bd/datanode-6/data/ratis/f78361ec-dd32-4323-9398-56945867d80f] INFO  impl.RaftServerImpl (RaftServerImpl.java:lambda$shutdown$3(245)) - 99e70dd4-d763-4473-944c-c5628506dcf8: shutdown group-56945867D80F
2019-09-20 10:25:15,365 [bb8f5112-316d-4974-a5a6-f698f3fbb5be-SegmentedRaftLogWorker:Storage Directory /workdir/hadoop-ozone/integration-test/target/test-dir/MiniOzoneClusterImpl-806821b2-061b-4172-afaf-fb68ff5248bd/datanode-5/data/ratis/7594aa15-b11a-4322-8747-ef2b7b4f9a5b] INFO  util.JmxRegister (JmxRegister.java:unregister(73)) - Successfully un-registered JMX Bean with object name Ratis:service=RaftServer,group=group-EF2B7B4F9A5B,id=bb8f5112-316d-4974-a5a6-f698f3fbb5be
2019-09-20 10:25:15,365 [main] INFO  impl.MetricsSystemImpl (MetricsSystemImpl.java:init(158)) - HddsDatanode metrics system started (again)
2019-09-20 10:25:15,365 [bb8f5112-316d-4974-a5a6-f698f3fbb5be-SegmentedRaftLogWorker:Storage Directory /workdir/hadoop-ozone/integration-test/target/test-dir/MiniOzoneClusterImpl-806821b2-061b-4172-afaf-fb68ff5248bd/datanode-5/data/ratis/7594aa15-b11a-4322-8747-ef2b7b4f9a5b] INFO  impl.RoleInfo (RoleInfo.java:shutdownLeaderState(104)) - bb8f5112-316d-4974-a5a6-f698f3fbb5be: shutdown LeaderState
2019-09-20 10:25:15,365 [b5962e8e-c9f1-48aa-8eb4-d8f74b8afdbe-SegmentedRaftLogWorker:Storage Directory /workdir/hadoop-ozone/integration-test/target/test-dir/MiniOzoneClusterImpl-806821b2-061b-4172-afaf-fb68ff5248bd/datanode-4/data/ratis/4e6bf148-73e4-41c1-822e-a03a25b01f56] INFO  impl.StateMachineUpdater (StateMachineUpdater.java:stopAndJoin(115)) - StateMachineUpdater:b5962e8e-c9f1-48aa-8eb4-d8f74b8afdbe:group-A03A25B01F56: set stopIndex = -1
2019-09-20 10:25:15,365 [99e70dd4-d763-4473-944c-c5628506dcf8-SegmentedRaftLogWorker:Storage Directory /workdir/hadoop-ozone/integration-test/target/test-dir/MiniOzoneClusterImpl-806821b2-061b-4172-afaf-fb68ff5248bd/datanode-6/data/ratis/f78361ec-dd32-4323-9398-56945867d80f] INFO  util.JmxRegister (JmxRegister.java:unregister(73)) - Successfully un-registered JMX Bean with object name Ratis:service=RaftServer,group=group-56945867D80F,id=99e70dd4-d763-4473-944c-c5628506dcf8
2019-09-20 10:25:15,366 [b5962e8e-c9f1-48aa-8eb4-d8f74b8afdbe-SegmentedRaftLogWorker:Storage Directory /workdir/hadoop-ozone/integration-test/target/test-dir/MiniOzoneClusterImpl-806821b2-061b-4172-afaf-fb68ff5248bd/datanode-4/data/ratis/4e6bf148-73e4-41c1-822e-a03a25b01f56] INFO  impl.RaftServerImpl (ServerState.java:close(394)) - b5962e8e-c9f1-48aa-8eb4-d8f74b8afdbe:group-A03A25B01F56 closes. The last applied log index is -1
2019-09-20 10:25:15,366 [bb8f5112-316d-4974-a5a6-f698f3fbb5be-SegmentedRaftLogWorker:Storage Directory /workdir/hadoop-ozone/integration-test/target/test-dir/MiniOzoneClusterImpl-806821b2-061b-4172-afaf-fb68ff5248bd/datanode-5/data/ratis/7594aa15-b11a-4322-8747-ef2b7b4f9a5b] INFO  impl.PendingRequests (PendingRequests.java:sendNotLeaderResponses(202)) - bb8f5112-316d-4974-a5a6-f698f3fbb5be-PendingRequests: sendNotLeaderResponses
2019-09-20 10:25:15,366 [99e70dd4-d763-4473-944c-c5628506dcf8-SegmentedRaftLogWorker:Storage Directory /workdir/hadoop-ozone/integration-test/target/test-dir/MiniOzoneClusterImpl-806821b2-061b-4172-afaf-fb68ff5248bd/datanode-6/data/ratis/f78361ec-dd32-4323-9398-56945867d80f] INFO  impl.RoleInfo (RoleInfo.java:shutdownLeaderState(104)) - 99e70dd4-d763-4473-944c-c5628506dcf8: shutdown LeaderState
2019-09-20 10:25:15,366 [bb8f5112-316d-4974-a5a6-f698f3fbb5be-SegmentedRaftLogWorker:Storage Directory /workdir/hadoop-ozone/integration-test/target/test-dir/MiniOzoneClusterImpl-806821b2-061b-4172-afaf-fb68ff5248bd/datanode-5/data/ratis/7594aa15-b11a-4322-8747-ef2b7b4f9a5b] INFO  impl.StateMachineUpdater (StateMachineUpdater.java:stopAndJoin(115)) - StateMachineUpdater:bb8f5112-316d-4974-a5a6-f698f3fbb5be:group-EF2B7B4F9A5B: set stopIndex = -1
2019-09-20 10:25:15,366 [b5962e8e-c9f1-48aa-8eb4-d8f74b8afdbe-SegmentedRaftLogWorker:Storage Directory /workdir/hadoop-ozone/integration-test/target/test-dir/MiniOzoneClusterImpl-806821b2-061b-4172-afaf-fb68ff5248bd/datanode-4/data/ratis/4e6bf148-73e4-41c1-822e-a03a25b01f56] INFO  segmented.SegmentedRaftLogWorker (SegmentedRaftLogWorker.java:close(228)) - b5962e8e-c9f1-48aa-8eb4-d8f74b8afdbe-SegmentedRaftLogWorker:Storage Directory /workdir/hadoop-ozone/integration-test/target/test-dir/MiniOzoneClusterImpl-806821b2-061b-4172-afaf-fb68ff5248bd/datanode-4/data/ratis/4e6bf148-73e4-41c1-822e-a03a25b01f56 close()
2019-09-20 10:25:15,367 [bb8f5112-316d-4974-a5a6-f698f3fbb5be-SegmentedRaftLogWorker:Storage Directory /workdir/hadoop-ozone/integration-test/target/test-dir/MiniOzoneClusterImpl-806821b2-061b-4172-afaf-fb68ff5248bd/datanode-5/data/ratis/7594aa15-b11a-4322-8747-ef2b7b4f9a5b] INFO  impl.RaftServerImpl (ServerState.java:close(394)) - bb8f5112-316d-4974-a5a6-f698f3fbb5be:group-EF2B7B4F9A5B closes. The last applied log index is -1
2019-09-20 10:25:15,367 [org.apache.hadoop.util.JvmPauseMonitor$Monitor@42da320] INFO  util.JvmPauseMonitor (JvmPauseMonitor.java:run(188)) - Starting JVM pause monitor
2019-09-20 10:25:15,367 [99e70dd4-d763-4473-944c-c5628506dcf8-SegmentedRaftLogWorker:Storage Directory /workdir/hadoop-ozone/integration-test/target/test-dir/MiniOzoneClusterImpl-806821b2-061b-4172-afaf-fb68ff5248bd/datanode-6/data/ratis/f78361ec-dd32-4323-9398-56945867d80f] INFO  impl.PendingRequests (PendingRequests.java:sendNotLeaderResponses(202)) - 99e70dd4-d763-4473-944c-c5628506dcf8-PendingRequests: sendNotLeaderResponses
2019-09-20 10:25:15,367 [bb8f5112-316d-4974-a5a6-f698f3fbb5be-SegmentedRaftLogWorker:Storage Directory /workdir/hadoop-ozone/integration-test/target/test-dir/MiniOzoneClusterImpl-806821b2-061b-4172-afaf-fb68ff5248bd/datanode-5/data/ratis/7594aa15-b11a-4322-8747-ef2b7b4f9a5b] INFO  segmented.SegmentedRaftLogWorker (SegmentedRaftLogWorker.java:close(228)) - bb8f5112-316d-4974-a5a6-f698f3fbb5be-SegmentedRaftLogWorker:Storage Directory /workdir/hadoop-ozone/integration-test/target/test-dir/MiniOzoneClusterImpl-806821b2-061b-4172-afaf-fb68ff5248bd/datanode-5/data/ratis/7594aa15-b11a-4322-8747-ef2b7b4f9a5b close()
2019-09-20 10:25:15,367 [99e70dd4-d763-4473-944c-c5628506dcf8-SegmentedRaftLogWorker:Storage Directory /workdir/hadoop-ozone/integration-test/target/test-dir/MiniOzoneClusterImpl-806821b2-061b-4172-afaf-fb68ff5248bd/datanode-6/data/ratis/f78361ec-dd32-4323-9398-56945867d80f] INFO  impl.StateMachineUpdater (StateMachineUpdater.java:stopAndJoin(115)) - StateMachineUpdater:99e70dd4-d763-4473-944c-c5628506dcf8:group-56945867D80F: set stopIndex = -1
2019-09-20 10:25:15,368 [99e70dd4-d763-4473-944c-c5628506dcf8-SegmentedRaftLogWorker:Storage Directory /workdir/hadoop-ozone/integration-test/target/test-dir/MiniOzoneClusterImpl-806821b2-061b-4172-afaf-fb68ff5248bd/datanode-6/data/ratis/f78361ec-dd32-4323-9398-56945867d80f] INFO  impl.RaftServerImpl (ServerState.java:close(394)) - 99e70dd4-d763-4473-944c-c5628506dcf8:group-56945867D80F closes. The last applied log index is -1
2019-09-20 10:25:15,368 [99e70dd4-d763-4473-944c-c5628506dcf8-SegmentedRaftLogWorker:Storage Directory /workdir/hadoop-ozone/integration-test/target/test-dir/MiniOzoneClusterImpl-806821b2-061b-4172-afaf-fb68ff5248bd/datanode-6/data/ratis/f78361ec-dd32-4323-9398-56945867d80f] INFO  segmented.SegmentedRaftLogWorker (SegmentedRaftLogWorker.java:close(228)) - 99e70dd4-d763-4473-944c-c5628506dcf8-SegmentedRaftLogWorker:Storage Directory /workdir/hadoop-ozone/integration-test/target/test-dir/MiniOzoneClusterImpl-806821b2-061b-4172-afaf-fb68ff5248bd/datanode-6/data/ratis/f78361ec-dd32-4323-9398-56945867d80f close()
2019-09-20 10:25:15,369 [Datanode State Machine Thread - 0] INFO  datanode.InitDatanodeState (InitDatanodeState.java:persistContainerDatanodeDetails(140)) - DatanodeDetails is persisted to /workdir/hadoop-ozone/integration-test/target/test-dir/MiniOzoneClusterImpl-280c06ed-bcb5-4979-9226-67616719d9ed/datanode-0/meta/datanode.id
2019-09-20 10:25:15,490 [b5962e8e-c9f1-48aa-8eb4-d8f74b8afdbe-SegmentedRaftLogWorker:Storage Directory /workdir/hadoop-ozone/integration-test/target/test-dir/MiniOzoneClusterImpl-806821b2-061b-4172-afaf-fb68ff5248bd/datanode-4/data/ratis/e3ba0f3f-260a-4b1e-ad91-0610ca833d6d] ERROR segmented.SegmentedRaftLogWorker (SegmentedRaftLogWorker.java:run(323)) - b5962e8e-c9f1-48aa-8eb4-d8f74b8afdbe-SegmentedRaftLogWorker:Storage Directory /workdir/hadoop-ozone/integration-test/target/test-dir/MiniOzoneClusterImpl-806821b2-061b-4172-afaf-fb68ff5248bd/datanode-4/data/ratis/e3ba0f3f-260a-4b1e-ad91-0610ca833d6d hit exception
java.lang.OutOfMemoryError: Direct buffer memory
	at java.nio.Bits.reserveMemory(Bits.java:666)
	at java.nio.DirectByteBuffer.<init>(DirectByteBuffer.java:123)
	at java.nio.ByteBuffer.allocateDirect(ByteBuffer.java:311)
	at org.apache.ratis.server.raftlog.segmented.BufferedWriteChannel.<init>(BufferedWriteChannel.java:41)
	at org.apache.ratis.server.raftlog.segmented.SegmentedRaftLogOutputStream.<init>(SegmentedRaftLogOutputStream.java:72)
	at org.apache.ratis.server.raftlog.segmented.SegmentedRaftLogWorker$StartLogSegment.execute(SegmentedRaftLogWorker.java:566)
	at org.apache.ratis.server.raftlog.segmented.SegmentedRaftLogWorker.run(SegmentedRaftLogWorker.java:289)
	at java.lang.Thread.run(Thread.java:748)
2019-09-20 10:25:15,490 [b5962e8e-c9f1-48aa-8eb4-d8f74b8afdbe-SegmentedRaftLogWorker:Storage Directory /workdir/hadoop-ozone/integration-test/target/test-dir/MiniOzoneClusterImpl-806821b2-061b-4172-afaf-fb68ff5248bd/datanode-4/data/ratis/e3ba0f3f-260a-4b1e-ad91-0610ca833d6d] INFO  impl.RaftServerImpl (RaftServerImpl.java:lambda$shutdown$3(245)) - b5962e8e-c9f1-48aa-8eb4-d8f74b8afdbe: shutdown group-0610CA833D6D
2019-09-20 10:25:15,491 [b5962e8e-c9f1-48aa-8eb4-d8f74b8afdbe-SegmentedRaftLogWorker:Storage Directory /workdir/hadoop-ozone/integration-test/target/test-dir/MiniOzoneClusterImpl-806821b2-061b-4172-afaf-fb68ff5248bd/datanode-4/data/ratis/e3ba0f3f-260a-4b1e-ad91-0610ca833d6d] INFO  util.JmxRegister (JmxRegister.java:unregister(73)) - Successfully un-registered JMX Bean with object name Ratis:service=RaftServer,group=group-0610CA833D6D,id=b5962e8e-c9f1-48aa-8eb4-d8f74b8afdbe
2019-09-20 10:25:15,491 [b5962e8e-c9f1-48aa-8eb4-d8f74b8afdbe-SegmentedRaftLogWorker:Storage Directory /workdir/hadoop-ozone/integration-test/target/test-dir/MiniOzoneClusterImpl-806821b2-061b-4172-afaf-fb68ff5248bd/datanode-4/data/ratis/e3ba0f3f-260a-4b1e-ad91-0610ca833d6d] INFO  impl.RoleInfo (RoleInfo.java:shutdownLeaderState(104)) - b5962e8e-c9f1-48aa-8eb4-d8f74b8afdbe: shutdown LeaderState
2019-09-20 10:25:15,491 [b5962e8e-c9f1-48aa-8eb4-d8f74b8afdbe-SegmentedRaftLogWorker:Storage Directory /workdir/hadoop-ozone/integration-test/target/test-dir/MiniOzoneClusterImpl-806821b2-061b-4172-afaf-fb68ff5248bd/datanode-4/data/ratis/e3ba0f3f-260a-4b1e-ad91-0610ca833d6d] INFO  impl.PendingRequests (PendingRequests.java:sendNotLeaderResponses(202)) - b5962e8e-c9f1-48aa-8eb4-d8f74b8afdbe-PendingRequests: sendNotLeaderResponses
2019-09-20 10:25:15,491 [b5962e8e-c9f1-48aa-8eb4-d8f74b8afdbe-SegmentedRaftLogWorker:Storage Directory /workdir/hadoop-ozone/integration-test/target/test-dir/MiniOzoneClusterImpl-806821b2-061b-4172-afaf-fb68ff5248bd/datanode-4/data/ratis/e3ba0f3f-260a-4b1e-ad91-0610ca833d6d] INFO  impl.StateMachineUpdater (StateMachineUpdater.java:stopAndJoin(115)) - StateMachineUpdater:b5962e8e-c9f1-48aa-8eb4-d8f74b8afdbe:group-0610CA833D6D: set stopIndex = -1
2019-09-20 10:25:15,491 [b5962e8e-c9f1-48aa-8eb4-d8f74b8afdbe-SegmentedRaftLogWorker:Storage Directory /workdir/hadoop-ozone/integration-test/target/test-dir/MiniOzoneClusterImpl-806821b2-061b-4172-afaf-fb68ff5248bd/datanode-4/data/ratis/e3ba0f3f-260a-4b1e-ad91-0610ca833d6d] INFO  impl.RaftServerImpl (ServerState.java:close(394)) - b5962e8e-c9f1-48aa-8eb4-d8f74b8afdbe:group-0610CA833D6D closes. The last applied log index is -1
2019-09-20 10:25:15,491 [b5962e8e-c9f1-48aa-8eb4-d8f74b8afdbe-SegmentedRaftLogWorker:Storage Directory /workdir/hadoop-ozone/integration-test/target/test-dir/MiniOzoneClusterImpl-806821b2-061b-4172-afaf-fb68ff5248bd/datanode-4/data/ratis/e3ba0f3f-260a-4b1e-ad91-0610ca833d6d] INFO  segmented.SegmentedRaftLogWorker (SegmentedRaftLogWorker.java:close(228)) - b5962e8e-c9f1-48aa-8eb4-d8f74b8afdbe-SegmentedRaftLogWorker:Storage Directory /workdir/hadoop-ozone/integration-test/target/test-dir/MiniOzoneClusterImpl-806821b2-061b-4172-afaf-fb68ff5248bd/datanode-4/data/ratis/e3ba0f3f-260a-4b1e-ad91-0610ca833d6d close()
2019-09-20 10:25:15,518 [main] INFO  ozone.HddsDatanodeService (HddsDatanodeService.java:start(184)) - HddsDatanodeService host:pr-hdds-1569-p5fx8-1226042367 ip:192.168.36.99
2019-09-20 10:25:15,544 [main] INFO  volume.HddsVolume (HddsVolume.java:<init>(176)) - Creating Volume: /workdir/hadoop-ozone/integration-test/target/test-dir/MiniOzoneClusterImpl-280c06ed-bcb5-4979-9226-67616719d9ed/datanode-1/data/containers/hdds of  storage type : DISK and capacity : 1482555576320
2019-09-20 10:25:15,544 [main] INFO  volume.VolumeSet (VolumeSet.java:initializeVolumeSet(170)) - Added Volume : /workdir/hadoop-ozone/integration-test/target/test-dir/MiniOzoneClusterImpl-280c06ed-bcb5-4979-9226-67616719d9ed/datanode-1/data/containers/hdds to VolumeSet
2019-09-20 10:25:15,545 [main] INFO  volume.ThrottledAsyncChecker (ThrottledAsyncChecker.java:schedule(140)) - Scheduling a check for org.apache.hadoop.ozone.container.common.volume.HddsVolume@7010c9e4
2019-09-20 10:25:15,545 [main] INFO  volume.HddsVolumeChecker (HddsVolumeChecker.java:checkAllVolumes(203)) - Scheduled health check for volume org.apache.hadoop.ozone.container.common.volume.HddsVolume@7010c9e4
2019-09-20 10:25:15,554 [61649f92-8c0f-475a-818d-1064548aeef6-SegmentedRaftLogWorker:Storage Directory /workdir/hadoop-ozone/integration-test/target/test-dir/MiniOzoneClusterImpl-806821b2-061b-4172-afaf-fb68ff5248bd/datanode-0/data/ratis/3fc352d5-1630-4a4e-a32c-5fc9c0484930] ERROR segmented.SegmentedRaftLogWorker (SegmentedRaftLogWorker.java:run(323)) - 61649f92-8c0f-475a-818d-1064548aeef6-SegmentedRaftLogWorker:Storage Directory /workdir/hadoop-ozone/integration-test/target/test-dir/MiniOzoneClusterImpl-806821b2-061b-4172-afaf-fb68ff5248bd/datanode-0/data/ratis/3fc352d5-1630-4a4e-a32c-5fc9c0484930 hit exception
java.lang.OutOfMemoryError: Direct buffer memory
	at java.nio.Bits.reserveMemory(Bits.java:666)
	at java.nio.DirectByteBuffer.<init>(DirectByteBuffer.java:123)
	at java.nio.ByteBuffer.allocateDirect(ByteBuffer.java:311)
	at org.apache.ratis.server.raftlog.segmented.BufferedWriteChannel.<init>(BufferedWriteChannel.java:41)
	at org.apache.ratis.server.raftlog.segmented.SegmentedRaftLogOutputStream.<init>(SegmentedRaftLogOutputStream.java:72)
	at org.apache.ratis.server.raftlog.segmented.SegmentedRaftLogWorker$StartLogSegment.execute(SegmentedRaftLogWorker.java:566)
	at org.apache.ratis.server.raftlog.segmented.SegmentedRaftLogWorker.run(SegmentedRaftLogWorker.java:289)
	at java.lang.Thread.run(Thread.java:748)
2019-09-20 10:25:15,555 [61649f92-8c0f-475a-818d-1064548aeef6-SegmentedRaftLogWorker:Storage Directory /workdir/hadoop-ozone/integration-test/target/test-dir/MiniOzoneClusterImpl-806821b2-061b-4172-afaf-fb68ff5248bd/datanode-0/data/ratis/3fc352d5-1630-4a4e-a32c-5fc9c0484930] INFO  impl.RaftServerImpl (RaftServerImpl.java:lambda$shutdown$3(245)) - 61649f92-8c0f-475a-818d-1064548aeef6: shutdown group-5FC9C0484930
2019-09-20 10:25:15,555 [61649f92-8c0f-475a-818d-1064548aeef6-SegmentedRaftLogWorker:Storage Directory /workdir/hadoop-ozone/integration-test/target/test-dir/MiniOzoneClusterImpl-806821b2-061b-4172-afaf-fb68ff5248bd/datanode-0/data/ratis/3fc352d5-1630-4a4e-a32c-5fc9c0484930] INFO  util.JmxRegister (JmxRegister.java:unregister(73)) - Successfully un-registered JMX Bean with object name Ratis:service=RaftServer,group=group-5FC9C0484930,id=61649f92-8c0f-475a-818d-1064548aeef6
2019-09-20 10:25:15,555 [61649f92-8c0f-475a-818d-1064548aeef6-SegmentedRaftLogWorker:Storage Directory /workdir/hadoop-ozone/integration-test/target/test-dir/MiniOzoneClusterImpl-806821b2-061b-4172-afaf-fb68ff5248bd/datanode-0/data/ratis/3fc352d5-1630-4a4e-a32c-5fc9c0484930] INFO  impl.RoleInfo (RoleInfo.java:shutdownLeaderState(104)) - 61649f92-8c0f-475a-818d-1064548aeef6: shutdown LeaderState
2019-09-20 10:25:15,555 [61649f92-8c0f-475a-818d-1064548aeef6-SegmentedRaftLogWorker:Storage Directory /workdir/hadoop-ozone/integration-test/target/test-dir/MiniOzoneClusterImpl-806821b2-061b-4172-afaf-fb68ff5248bd/datanode-0/data/ratis/3fc352d5-1630-4a4e-a32c-5fc9c0484930] INFO  impl.PendingRequests (PendingRequests.java:sendNotLeaderResponses(202)) - 61649f92-8c0f-475a-818d-1064548aeef6-PendingRequests: sendNotLeaderResponses
2019-09-20 10:25:15,555 [61649f92-8c0f-475a-818d-1064548aeef6-SegmentedRaftLogWorker:Storage Directory /workdir/hadoop-ozone/integration-test/target/test-dir/MiniOzoneClusterImpl-806821b2-061b-4172-afaf-fb68ff5248bd/datanode-0/data/ratis/3fc352d5-1630-4a4e-a32c-5fc9c0484930] INFO  impl.StateMachineUpdater (StateMachineUpdater.java:stopAndJoin(115)) - StateMachineUpdater:61649f92-8c0f-475a-818d-1064548aeef6:group-5FC9C0484930: set stopIndex = -1
2019-09-20 10:25:15,556 [61649f92-8c0f-475a-818d-1064548aeef6-SegmentedRaftLogWorker:Storage Directory /workdir/hadoop-ozone/integration-test/target/test-dir/MiniOzoneClusterImpl-806821b2-061b-4172-afaf-fb68ff5248bd/datanode-0/data/ratis/3fc352d5-1630-4a4e-a32c-5fc9c0484930] INFO  impl.RaftServerImpl (ServerState.java:close(394)) - 61649f92-8c0f-475a-818d-1064548aeef6:group-5FC9C0484930 closes. The last applied log index is -1
2019-09-20 10:25:15,556 [61649f92-8c0f-475a-818d-1064548aeef6-SegmentedRaftLogWorker:Storage Directory /workdir/hadoop-ozone/integration-test/target/test-dir/MiniOzoneClusterImpl-806821b2-061b-4172-afaf-fb68ff5248bd/datanode-0/data/ratis/3fc352d5-1630-4a4e-a32c-5fc9c0484930] INFO  segmented.SegmentedRaftLogWorker (SegmentedRaftLogWorker.java:close(228)) - 61649f92-8c0f-475a-818d-1064548aeef6-SegmentedRaftLogWorker:Storage Directory /workdir/hadoop-ozone/integration-test/target/test-dir/MiniOzoneClusterImpl-806821b2-061b-4172-afaf-fb68ff5248bd/datanode-0/data/ratis/3fc352d5-1630-4a4e-a32c-5fc9c0484930 close()
2019-09-20 10:25:15,570 [main] INFO  impl.RaftServerProxy (ConfUtils.java:logGet(43)) - raft.rpc.type = GRPC (default)
2019-09-20 10:25:15,570 [main] INFO  grpc.GrpcFactory (GrpcFactory.java:checkPooledByteBufAllocatorUseCacheForAllThreads(45)) - PERFORMANCE WARNING: useCacheForAllThreads is true that may cause Netty to create a lot garbage objects and, as a result, trigger GC.
	It is recommended to disable useCacheForAllThreads by setting -Dorg.apache.ratis.thirdparty.io.netty.allocator.useCacheForAllThreads=false in command line.
2019-09-20 10:25:15,570 [main] INFO  grpc.GrpcConfigKeys$Server (ConfUtils.java:logGet(43)) - raft.grpc.server.port = 0 (default)
2019-09-20 10:25:15,571 [main] INFO  server.GrpcService (ConfUtils.java:logGet(43)) - raft.grpc.message.size.max = 33570816 (custom)
2019-09-20 10:25:15,571 [main] INFO  server.RaftServerConfigKeys (ConfUtils.java:logGet(43)) - raft.server.log.appender.buffer.byte-limit = 33554432 (custom)
2019-09-20 10:25:15,571 [main] INFO  server.GrpcService (ConfUtils.java:logGet(43)) - raft.grpc.flow.control.window = 1MB (=1048576) (default)
2019-09-20 10:25:15,572 [main] INFO  server.RaftServerConfigKeys (ConfUtils.java:logGet(43)) - raft.server.rpc.request.timeout = 3000ms (default)
2019-09-20 10:25:15,572 [main] INFO  server.RaftServerConfigKeys (ConfUtils.java:logGet(43)) - raft.server.storage.dir = [/workdir/hadoop-ozone/integration-test/target/test-dir/MiniOzoneClusterImpl-280c06ed-bcb5-4979-9226-67616719d9ed/datanode-1/data/ratis] (custom)
2019-09-20 10:25:15,573 [main] INFO  replication.SimpleContainerDownloader (SimpleContainerDownloader.java:<init>(72)) - Starting container downloader service to copy containers to replicate.
2019-09-20 10:25:15,574 [main] INFO  hdfs.DFSUtil (DFSUtil.java:httpServerTemplateForNNAndJN(1641)) - Starting Web-server for hddsDatanode at: http://0.0.0.0:0
2019-09-20 10:25:15,576 [main] INFO  server.AuthenticationFilter (AuthenticationFilter.java:constructSecretProvider(240)) - Unable to initialize FileSignerSecretProvider, falling back to use random secrets.
2019-09-20 10:25:15,577 [main] WARN  http.HttpRequestLog (HttpRequestLog.java:getRequestLog(97)) - Jetty request log can only be enabled using Log4j
2019-09-20 10:25:15,579 [main] INFO  http.HttpServer2 (HttpServer2.java:addGlobalFilter(975)) - Added global filter 'safety' (class=org.apache.hadoop.http.HttpServer2$QuotingInputFilter)
2019-09-20 10:25:15,579 [main] INFO  http.HttpServer2 (HttpServer2.java:addFilter(948)) - Added filter static_user_filter (class=org.apache.hadoop.http.lib.StaticUserWebFilter$StaticUserFilter) to context hddsDatanode
2019-09-20 10:25:15,580 [main] INFO  http.HttpServer2 (HttpServer2.java:addFilter(958)) - Added filter static_user_filter (class=org.apache.hadoop.http.lib.StaticUserWebFilter$StaticUserFilter) to context static
2019-09-20 10:25:15,580 [main] INFO  http.HttpServer2 (HttpServer2.java:addFilter(958)) - Added filter static_user_filter (class=org.apache.hadoop.http.lib.StaticUserWebFilter$StaticUserFilter) to context logs
2019-09-20 10:25:15,581 [main] INFO  http.HttpServer2 (HttpServer2.java:bindListener(1191)) - Jetty bound to port 45873
2019-09-20 10:25:15,581 [main] INFO  server.Server (Server.java:doStart(351)) - jetty-9.3.24.v20180605, build timestamp: 2018-06-05T17:11:56Z, git hash: 84205aa28f11a4f31f2a3b86d1bba2cc8ab69827
2019-09-20 10:25:15,583 [main] INFO  handler.ContextHandler (ContextHandler.java:doStart(781)) - Started o.e.j.s.ServletContextHandler@75559cd9{/logs,file:///workdir/hadoop-ozone/integration-test/target/log,AVAILABLE}
2019-09-20 10:25:15,584 [main] INFO  handler.ContextHandler (ContextHandler.java:doStart(781)) - Started o.e.j.s.ServletContextHandler@3dbf3bc{/static,jar:file:/home/user/.m2/repository/org/apache/hadoop/hadoop-hdds-container-service/0.5.0-SNAPSHOT/hadoop-hdds-container-service-0.5.0-SNAPSHOT.jar!/webapps/static,AVAILABLE}
2019-09-20 10:25:15,613 [bb8f5112-316d-4974-a5a6-f698f3fbb5be-SegmentedRaftLogWorker:Storage Directory /workdir/hadoop-ozone/integration-test/target/test-dir/MiniOzoneClusterImpl-806821b2-061b-4172-afaf-fb68ff5248bd/datanode-5/data/ratis/2c0b8948-2465-4466-b44d-60e02580b572] ERROR segmented.SegmentedRaftLogWorker (SegmentedRaftLogWorker.java:run(323)) - bb8f5112-316d-4974-a5a6-f698f3fbb5be-SegmentedRaftLogWorker:Storage Directory /workdir/hadoop-ozone/integration-test/target/test-dir/MiniOzoneClusterImpl-806821b2-061b-4172-afaf-fb68ff5248bd/datanode-5/data/ratis/2c0b8948-2465-4466-b44d-60e02580b572 hit exception
java.lang.OutOfMemoryError: Direct buffer memory
	at java.nio.Bits.reserveMemory(Bits.java:666)
	at java.nio.DirectByteBuffer.<init>(DirectByteBuffer.java:123)
	at java.nio.ByteBuffer.allocateDirect(ByteBuffer.java:311)
	at org.apache.ratis.server.raftlog.segmented.BufferedWriteChannel.<init>(BufferedWriteChannel.java:41)
	at org.apache.ratis.server.raftlog.segmented.SegmentedRaftLogOutputStream.<init>(SegmentedRaftLogOutputStream.java:72)
	at org.apache.ratis.server.raftlog.segmented.SegmentedRaftLogWorker$StartLogSegment.execute(SegmentedRaftLogWorker.java:566)
	at org.apache.ratis.server.raftlog.segmented.SegmentedRaftLogWorker.run(SegmentedRaftLogWorker.java:289)
	at java.lang.Thread.run(Thread.java:748)
2019-09-20 10:25:15,613 [61649f92-8c0f-475a-818d-1064548aeef6-SegmentedRaftLogWorker:Storage Directory /workdir/hadoop-ozone/integration-test/target/test-dir/MiniOzoneClusterImpl-806821b2-061b-4172-afaf-fb68ff5248bd/datanode-0/data/ratis/a7ea21ff-7ca2-43cb-83e3-9225348034ec] ERROR segmented.SegmentedRaftLogWorker (SegmentedRaftLogWorker.java:run(323)) - 61649f92-8c0f-475a-818d-1064548aeef6-SegmentedRaftLogWorker:Storage Directory /workdir/hadoop-ozone/integration-test/target/test-dir/MiniOzoneClusterImpl-806821b2-061b-4172-afaf-fb68ff5248bd/datanode-0/data/ratis/a7ea21ff-7ca2-43cb-83e3-9225348034ec hit exception
java.lang.OutOfMemoryError: Direct buffer memory
	at java.nio.Bits.reserveMemory(Bits.java:666)
	at java.nio.DirectByteBuffer.<init>(DirectByteBuffer.java:123)
	at java.nio.ByteBuffer.allocateDirect(ByteBuffer.java:311)
	at org.apache.ratis.server.raftlog.segmented.BufferedWriteChannel.<init>(BufferedWriteChannel.java:41)
	at org.apache.ratis.server.raftlog.segmented.SegmentedRaftLogOutputStream.<init>(SegmentedRaftLogOutputStream.java:72)
	at org.apache.ratis.server.raftlog.segmented.SegmentedRaftLogWorker$StartLogSegment.execute(SegmentedRaftLogWorker.java:566)
	at org.apache.ratis.server.raftlog.segmented.SegmentedRaftLogWorker.run(SegmentedRaftLogWorker.java:289)
	at java.lang.Thread.run(Thread.java:748)
2019-09-20 10:25:15,614 [bb8f5112-316d-4974-a5a6-f698f3fbb5be-SegmentedRaftLogWorker:Storage Directory /workdir/hadoop-ozone/integration-test/target/test-dir/MiniOzoneClusterImpl-806821b2-061b-4172-afaf-fb68ff5248bd/datanode-5/data/ratis/2c0b8948-2465-4466-b44d-60e02580b572] INFO  impl.RaftServerImpl (RaftServerImpl.java:lambda$shutdown$3(245)) - bb8f5112-316d-4974-a5a6-f698f3fbb5be: shutdown group-60E02580B572
2019-09-20 10:25:15,614 [61649f92-8c0f-475a-818d-1064548aeef6-SegmentedRaftLogWorker:Storage Directory /workdir/hadoop-ozone/integration-test/target/test-dir/MiniOzoneClusterImpl-806821b2-061b-4172-afaf-fb68ff5248bd/datanode-0/data/ratis/a7ea21ff-7ca2-43cb-83e3-9225348034ec] INFO  impl.RaftServerImpl (RaftServerImpl.java:lambda$shutdown$3(245)) - 61649f92-8c0f-475a-818d-1064548aeef6: shutdown group-9225348034EC
2019-09-20 10:25:15,614 [bb8f5112-316d-4974-a5a6-f698f3fbb5be-SegmentedRaftLogWorker:Storage Directory /workdir/hadoop-ozone/integration-test/target/test-dir/MiniOzoneClusterImpl-806821b2-061b-4172-afaf-fb68ff5248bd/datanode-5/data/ratis/2c0b8948-2465-4466-b44d-60e02580b572] INFO  util.JmxRegister (JmxRegister.java:unregister(73)) - Successfully un-registered JMX Bean with object name Ratis:service=RaftServer,group=group-60E02580B572,id=bb8f5112-316d-4974-a5a6-f698f3fbb5be
2019-09-20 10:25:15,614 [61649f92-8c0f-475a-818d-1064548aeef6-SegmentedRaftLogWorker:Storage Directory /workdir/hadoop-ozone/integration-test/target/test-dir/MiniOzoneClusterImpl-806821b2-061b-4172-afaf-fb68ff5248bd/datanode-0/data/ratis/a7ea21ff-7ca2-43cb-83e3-9225348034ec] INFO  util.JmxRegister (JmxRegister.java:unregister(73)) - Successfully un-registered JMX Bean with object name Ratis:service=RaftServer,group=group-9225348034EC,id=61649f92-8c0f-475a-818d-1064548aeef6
2019-09-20 10:25:15,615 [bb8f5112-316d-4974-a5a6-f698f3fbb5be-SegmentedRaftLogWorker:Storage Directory /workdir/hadoop-ozone/integration-test/target/test-dir/MiniOzoneClusterImpl-806821b2-061b-4172-afaf-fb68ff5248bd/datanode-5/data/ratis/2c0b8948-2465-4466-b44d-60e02580b572] INFO  impl.RoleInfo (RoleInfo.java:shutdownLeaderState(104)) - bb8f5112-316d-4974-a5a6-f698f3fbb5be: shutdown LeaderState
2019-09-20 10:25:15,615 [61649f92-8c0f-475a-818d-1064548aeef6-SegmentedRaftLogWorker:Storage Directory /workdir/hadoop-ozone/integration-test/target/test-dir/MiniOzoneClusterImpl-806821b2-061b-4172-afaf-fb68ff5248bd/datanode-0/data/ratis/a7ea21ff-7ca2-43cb-83e3-9225348034ec] INFO  impl.RoleInfo (RoleInfo.java:shutdownLeaderState(104)) - 61649f92-8c0f-475a-818d-1064548aeef6: shutdown LeaderState
2019-09-20 10:25:15,615 [bb8f5112-316d-4974-a5a6-f698f3fbb5be-SegmentedRaftLogWorker:Storage Directory /workdir/hadoop-ozone/integration-test/target/test-dir/MiniOzoneClusterImpl-806821b2-061b-4172-afaf-fb68ff5248bd/datanode-5/data/ratis/2c0b8948-2465-4466-b44d-60e02580b572] INFO  impl.PendingRequests (PendingRequests.java:sendNotLeaderResponses(202)) - bb8f5112-316d-4974-a5a6-f698f3fbb5be-PendingRequests: sendNotLeaderResponses
2019-09-20 10:25:15,615 [main] INFO  handler.ContextHandler (ContextHandler.java:doStart(781)) - Started o.e.j.w.WebAppContext@1d4c6e32{/,file:///tmp/jetty-0.0.0.0-45873-hddsDatanode-_-any-3953547525504271386.dir/webapp/,AVAILABLE}{/hddsDatanode}
2019-09-20 10:25:15,615 [61649f92-8c0f-475a-818d-1064548aeef6-SegmentedRaftLogWorker:Storage Directory /workdir/hadoop-ozone/integration-test/target/test-dir/MiniOzoneClusterImpl-806821b2-061b-4172-afaf-fb68ff5248bd/datanode-0/data/ratis/a7ea21ff-7ca2-43cb-83e3-9225348034ec] INFO  impl.PendingRequests (PendingRequests.java:sendNotLeaderResponses(202)) - 61649f92-8c0f-475a-818d-1064548aeef6-PendingRequests: sendNotLeaderResponses
2019-09-20 10:25:15,615 [bb8f5112-316d-4974-a5a6-f698f3fbb5be-SegmentedRaftLogWorker:Storage Directory /workdir/hadoop-ozone/integration-test/target/test-dir/MiniOzoneClusterImpl-806821b2-061b-4172-afaf-fb68ff5248bd/datanode-5/data/ratis/2c0b8948-2465-4466-b44d-60e02580b572] INFO  impl.StateMachineUpdater (StateMachineUpdater.java:stopAndJoin(115)) - StateMachineUpdater:bb8f5112-316d-4974-a5a6-f698f3fbb5be:group-60E02580B572: set stopIndex = -1
2019-09-20 10:25:15,616 [61649f92-8c0f-475a-818d-1064548aeef6-SegmentedRaftLogWorker:Storage Directory /workdir/hadoop-ozone/integration-test/target/test-dir/MiniOzoneClusterImpl-806821b2-061b-4172-afaf-fb68ff5248bd/datanode-0/data/ratis/a7ea21ff-7ca2-43cb-83e3-9225348034ec] INFO  impl.StateMachineUpdater (StateMachineUpdater.java:stopAndJoin(115)) - StateMachineUpdater:61649f92-8c0f-475a-818d-1064548aeef6:group-9225348034EC: set stopIndex = -1
2019-09-20 10:25:15,616 [bb8f5112-316d-4974-a5a6-f698f3fbb5be-SegmentedRaftLogWorker:Storage Directory /workdir/hadoop-ozone/integration-test/target/test-dir/MiniOzoneClusterImpl-806821b2-061b-4172-afaf-fb68ff5248bd/datanode-5/data/ratis/2c0b8948-2465-4466-b44d-60e02580b572] INFO  impl.RaftServerImpl (ServerState.java:close(394)) - bb8f5112-316d-4974-a5a6-f698f3fbb5be:group-60E02580B572 closes. The last applied log index is -1
2019-09-20 10:25:15,616 [main] INFO  server.AbstractConnector (AbstractConnector.java:doStart(278)) - Started ServerConnector@3a5ffea{HTTP/1.1,[http/1.1]}{0.0.0.0:45873}
2019-09-20 10:25:15,623 [bb8f5112-316d-4974-a5a6-f698f3fbb5be-SegmentedRaftLogWorker:Storage Directory /workdir/hadoop-ozone/integration-test/target/test-dir/MiniOzoneClusterImpl-806821b2-061b-4172-afaf-fb68ff5248bd/datanode-5/data/ratis/2c0b8948-2465-4466-b44d-60e02580b572] INFO  segmented.SegmentedRaftLogWorker (SegmentedRaftLogWorker.java:close(228)) - bb8f5112-316d-4974-a5a6-f698f3fbb5be-SegmentedRaftLogWorker:Storage Directory /workdir/hadoop-ozone/integration-test/target/test-dir/MiniOzoneClusterImpl-806821b2-061b-4172-afaf-fb68ff5248bd/datanode-5/data/ratis/2c0b8948-2465-4466-b44d-60e02580b572 close()
2019-09-20 10:25:15,623 [61649f92-8c0f-475a-818d-1064548aeef6-SegmentedRaftLogWorker:Storage Directory /workdir/hadoop-ozone/integration-test/target/test-dir/MiniOzoneClusterImpl-806821b2-061b-4172-afaf-fb68ff5248bd/datanode-0/data/ratis/a7ea21ff-7ca2-43cb-83e3-9225348034ec] INFO  impl.RaftServerImpl (ServerState.java:close(394)) - 61649f92-8c0f-475a-818d-1064548aeef6:group-9225348034EC closes. The last applied log index is -1
2019-09-20 10:25:15,624 [main] INFO  server.Server (Server.java:doStart(419)) - Started @76992ms
2019-09-20 10:25:15,624 [61649f92-8c0f-475a-818d-1064548aeef6-SegmentedRaftLogWorker:Storage Directory /workdir/hadoop-ozone/integration-test/target/test-dir/MiniOzoneClusterImpl-806821b2-061b-4172-afaf-fb68ff5248bd/datanode-0/data/ratis/a7ea21ff-7ca2-43cb-83e3-9225348034ec] INFO  segmented.SegmentedRaftLogWorker (SegmentedRaftLogWorker.java:close(228)) - 61649f92-8c0f-475a-818d-1064548aeef6-SegmentedRaftLogWorker:Storage Directory /workdir/hadoop-ozone/integration-test/target/test-dir/MiniOzoneClusterImpl-806821b2-061b-4172-afaf-fb68ff5248bd/datanode-0/data/ratis/a7ea21ff-7ca2-43cb-83e3-9225348034ec close()
2019-09-20 10:25:15,625 [main] INFO  server.BaseHttpServer (BaseHttpServer.java:updateConnectorAddress(213)) - HTTP server of HDDSDATANODE is listening at http://0.0.0.0:45873
2019-09-20 10:25:15,632 [e8013689-2f13-4aaf-8a03-99f419c430ec-SegmentedRaftLogWorker:Storage Directory /workdir/hadoop-ozone/integration-test/target/test-dir/MiniOzoneClusterImpl-806821b2-061b-4172-afaf-fb68ff5248bd/datanode-1/data/ratis/4fe962ac-7d8f-4645-8671-7996ea82ae07] ERROR segmented.SegmentedRaftLogWorker (SegmentedRaftLogWorker.java:run(323)) - e8013689-2f13-4aaf-8a03-99f419c430ec-SegmentedRaftLogWorker:Storage Directory /workdir/hadoop-ozone/integration-test/target/test-dir/MiniOzoneClusterImpl-806821b2-061b-4172-afaf-fb68ff5248bd/datanode-1/data/ratis/4fe962ac-7d8f-4645-8671-7996ea82ae07 hit exception
java.lang.OutOfMemoryError: Direct buffer memory
	at java.nio.Bits.reserveMemory(Bits.java:666)
	at java.nio.DirectByteBuffer.<init>(DirectByteBuffer.java:123)
	at java.nio.ByteBuffer.allocateDirect(ByteBuffer.java:311)
	at org.apache.ratis.server.raftlog.segmented.BufferedWriteChannel.<init>(BufferedWriteChannel.java:41)
	at org.apache.ratis.server.raftlog.segmented.SegmentedRaftLogOutputStream.<init>(SegmentedRaftLogOutputStream.java:72)
	at org.apache.ratis.server.raftlog.segmented.SegmentedRaftLogWorker$StartLogSegment.execute(SegmentedRaftLogWorker.java:566)
	at org.apache.ratis.server.raftlog.segmented.SegmentedRaftLogWorker.run(SegmentedRaftLogWorker.java:289)
	at java.lang.Thread.run(Thread.java:748)
2019-09-20 10:25:15,632 [e8013689-2f13-4aaf-8a03-99f419c430ec-SegmentedRaftLogWorker:Storage Directory /workdir/hadoop-ozone/integration-test/target/test-dir/MiniOzoneClusterImpl-806821b2-061b-4172-afaf-fb68ff5248bd/datanode-1/data/ratis/4fe962ac-7d8f-4645-8671-7996ea82ae07] INFO  impl.RaftServerImpl (RaftServerImpl.java:lambda$shutdown$3(245)) - e8013689-2f13-4aaf-8a03-99f419c430ec: shutdown group-7996EA82AE07
2019-09-20 10:25:15,632 [e8013689-2f13-4aaf-8a03-99f419c430ec-SegmentedRaftLogWorker:Storage Directory /workdir/hadoop-ozone/integration-test/target/test-dir/MiniOzoneClusterImpl-806821b2-061b-4172-afaf-fb68ff5248bd/datanode-1/data/ratis/4fe962ac-7d8f-4645-8671-7996ea82ae07] INFO  util.JmxRegister (JmxRegister.java:unregister(73)) - Successfully un-registered JMX Bean with object name Ratis:service=RaftServer,group=group-7996EA82AE07,id=e8013689-2f13-4aaf-8a03-99f419c430ec
2019-09-20 10:25:15,632 [e8013689-2f13-4aaf-8a03-99f419c430ec-SegmentedRaftLogWorker:Storage Directory /workdir/hadoop-ozone/integration-test/target/test-dir/MiniOzoneClusterImpl-806821b2-061b-4172-afaf-fb68ff5248bd/datanode-1/data/ratis/4fe962ac-7d8f-4645-8671-7996ea82ae07] INFO  impl.RoleInfo (RoleInfo.java:shutdownLeaderState(104)) - e8013689-2f13-4aaf-8a03-99f419c430ec: shutdown LeaderState
2019-09-20 10:25:15,633 [e8013689-2f13-4aaf-8a03-99f419c430ec-SegmentedRaftLogWorker:Storage Directory /workdir/hadoop-ozone/integration-test/target/test-dir/MiniOzoneClusterImpl-806821b2-061b-4172-afaf-fb68ff5248bd/datanode-1/data/ratis/4fe962ac-7d8f-4645-8671-7996ea82ae07] INFO  impl.PendingRequests (PendingRequests.java:sendNotLeaderResponses(202)) - e8013689-2f13-4aaf-8a03-99f419c430ec-PendingRequests: sendNotLeaderResponses
2019-09-20 10:25:15,633 [e8013689-2f13-4aaf-8a03-99f419c430ec-SegmentedRaftLogWorker:Storage Directory /workdir/hadoop-ozone/integration-test/target/test-dir/MiniOzoneClusterImpl-806821b2-061b-4172-afaf-fb68ff5248bd/datanode-1/data/ratis/4fe962ac-7d8f-4645-8671-7996ea82ae07] INFO  impl.StateMachineUpdater (StateMachineUpdater.java:stopAndJoin(115)) - StateMachineUpdater:e8013689-2f13-4aaf-8a03-99f419c430ec:group-7996EA82AE07: set stopIndex = -1
2019-09-20 10:25:15,633 [e8013689-2f13-4aaf-8a03-99f419c430ec-SegmentedRaftLogWorker:Storage Directory /workdir/hadoop-ozone/integration-test/target/test-dir/MiniOzoneClusterImpl-806821b2-061b-4172-afaf-fb68ff5248bd/datanode-1/data/ratis/4fe962ac-7d8f-4645-8671-7996ea82ae07] INFO  impl.RaftServerImpl (ServerState.java:close(394)) - e8013689-2f13-4aaf-8a03-99f419c430ec:group-7996EA82AE07 closes. The last applied log index is -1
2019-09-20 10:25:15,633 [e8013689-2f13-4aaf-8a03-99f419c430ec-SegmentedRaftLogWorker:Storage Directory /workdir/hadoop-ozone/integration-test/target/test-dir/MiniOzoneClusterImpl-806821b2-061b-4172-afaf-fb68ff5248bd/datanode-1/data/ratis/4fe962ac-7d8f-4645-8671-7996ea82ae07] INFO  segmented.SegmentedRaftLogWorker (SegmentedRaftLogWorker.java:close(228)) - e8013689-2f13-4aaf-8a03-99f419c430ec-SegmentedRaftLogWorker:Storage Directory /workdir/hadoop-ozone/integration-test/target/test-dir/MiniOzoneClusterImpl-806821b2-061b-4172-afaf-fb68ff5248bd/datanode-1/data/ratis/4fe962ac-7d8f-4645-8671-7996ea82ae07 close()
2019-09-20 10:25:15,749 | INFO  | SCMAudit | user=jenkins1000 | ip=192.168.36.99 | op=SEND_HEARTBEAT {datanodeUUID=61649f92-8c0f-475a-818d-1064548aeef6, command=[]} | ret=SUCCESS |  
2019-09-20 10:25:15,756 | INFO  | SCMAudit | user=jenkins1000 | ip=192.168.36.99 | op=SEND_HEARTBEAT {datanodeUUID=3d6f3241-e73c-473a-ad0b-c7be2f7e1dda, command=[]} | ret=SUCCESS |  
2019-09-20 10:25:15,756 | INFO  | SCMAudit | user=jenkins1000 | ip=192.168.36.99 | op=SEND_HEARTBEAT {datanodeUUID=19fb8383-7c99-4449-b95c-a26e71717844, command=[]} | ret=SUCCESS |  
2019-09-20 10:25:15,756 | INFO  | SCMAudit | user=jenkins1000 | ip=192.168.36.99 | op=SEND_HEARTBEAT {datanodeUUID=6491c372-a595-4104-b3e9-c4f3293baafa, command=[]} | ret=SUCCESS |  
2019-09-20 10:25:15,757 | INFO  | SCMAudit | user=jenkins1000 | ip=192.168.36.99 | op=SEND_HEARTBEAT {datanodeUUID=cff8bf6b-8d20-4327-9f29-08a3c2b49247, command=[]} | ret=SUCCESS |  
2019-09-20 10:25:15,757 | INFO  | SCMAudit | user=jenkins1000 | ip=192.168.36.99 | op=SEND_HEARTBEAT {datanodeUUID=1ab786b9-c79c-4265-88a1-5b3344c6beda, command=[]} | ret=SUCCESS |  
2019-09-20 10:25:15,757 | INFO  | SCMAudit | user=jenkins1000 | ip=192.168.36.99 | op=SEND_HEARTBEAT {datanodeUUID=d2ed2d9b-7ac7-460e-84f6-6d9d6066f76d, command=[]} | ret=SUCCESS |  
2019-09-20 10:25:15,758 | INFO  | SCMAudit | user=jenkins1000 | ip=192.168.36.99 | op=SEND_HEARTBEAT {datanodeUUID=4d972e91-cb6b-45de-8bd2-c18af7abe58b, command=[]} | ret=SUCCESS |  
2019-09-20 10:25:15,758 | INFO  | SCMAudit | user=jenkins1000 | ip=192.168.36.99 | op=SEND_HEARTBEAT {datanodeUUID=17e2ba94-38a1-40e7-84e0-f6802901db84, command=[]} | ret=SUCCESS |  
2019-09-20 10:25:15,759 | INFO  | SCMAudit | user=jenkins1000 | ip=192.168.36.99 | op=SEND_HEARTBEAT {datanodeUUID=468be06f-55e9-4831-ba6b-3db017451a79, command=[]} | ret=SUCCESS |  
2019-09-20 10:25:15,759 | INFO  | SCMAudit | user=jenkins1000 | ip=192.168.36.99 | op=SEND_HEARTBEAT {datanodeUUID=66416d0b-a71c-4af1-ae3a-62ca63b880a3, command=[]} | ret=SUCCESS |  
2019-09-20 10:25:15,759 | INFO  | SCMAudit | user=jenkins1000 | ip=192.168.36.99 | op=SEND_HEARTBEAT {datanodeUUID=54207fe5-d92c-4c2e-b058-fbae630dabef, command=[]} | ret=SUCCESS |  
2019-09-20 10:25:15,760 | INFO  | SCMAudit | user=jenkins1000 | ip=192.168.36.99 | op=SEND_HEARTBEAT {datanodeUUID=9e03ffa9-cf79-407a-a150-4c035e5aec5e, command=[]} | ret=SUCCESS |  
2019-09-20 10:25:15,760 | INFO  | SCMAudit | user=jenkins1000 | ip=192.168.36.99 | op=SEND_HEARTBEAT {datanodeUUID=7af711bd-b5ae-4a73-a8be-b970cae6c2d1, command=[]} | ret=SUCCESS |  
2019-09-20 10:25:15,760 | INFO  | SCMAudit | user=jenkins1000 | ip=192.168.36.99 | op=SEND_HEARTBEAT {datanodeUUID=60260ec1-e192-4b95-89c8-d924d16a77a9, command=[]} | ret=SUCCESS |  
2019-09-20 10:25:15,760 | INFO  | SCMAudit | user=jenkins1000 | ip=192.168.36.99 | op=SEND_HEARTBEAT {datanodeUUID=136f1953-bb94-4097-a2d4-422a6782bee0, command=[]} | ret=SUCCESS |  
2019-09-20 10:25:15,761 | INFO  | SCMAudit | user=jenkins1000 | ip=192.168.36.99 | op=SEND_HEARTBEAT {datanodeUUID=99e70dd4-d763-4473-944c-c5628506dcf8, command=[]} | ret=SUCCESS |  
2019-09-20 10:25:15,762 | INFO  | SCMAudit | user=jenkins1000 | ip=192.168.36.99 | op=SEND_HEARTBEAT {datanodeUUID=c3e532f8-1a8e-44f3-b56b-d765aee893af, command=[]} | ret=SUCCESS |  
2019-09-20 10:25:15,762 | INFO  | SCMAudit | user=jenkins1000 | ip=192.168.36.99 | op=SEND_HEARTBEAT {datanodeUUID=b5962e8e-c9f1-48aa-8eb4-d8f74b8afdbe, command=[]} | ret=SUCCESS |  
2019-09-20 10:25:15,762 | INFO  | SCMAudit | user=jenkins1000 | ip=192.168.36.99 | op=SEND_HEARTBEAT {datanodeUUID=bb8f5112-316d-4974-a5a6-f698f3fbb5be, command=[]} | ret=SUCCESS |  
2019-09-20 10:25:15,762 | INFO  | SCMAudit | user=jenkins1000 | ip=192.168.36.99 | op=SEND_HEARTBEAT {datanodeUUID=e8013689-2f13-4aaf-8a03-99f419c430ec, command=[]} | ret=SUCCESS |  
2019-09-20 10:25:15,840 | INFO  | ObjectStoreRestHttpServer | Listening HDDS REST traffic on /0.0.0.0:43083 |  
2019-09-20 10:25:15,841 [main] INFO  ozone.HddsDatanodeService (HddsDatanodeService.java:startPlugins(395)) - Started plug-in org.apache.hadoop.ozone.web.OzoneHddsDatanodeService@103033fe
2019-09-20 10:25:15,841 [main] INFO  impl.MetricsSystemImpl (MetricsSystemImpl.java:init(158)) - HddsDatanode metrics system started (again)
2019-09-20 10:25:15,983 [org.apache.hadoop.util.JvmPauseMonitor$Monitor@2cab750b] INFO  util.JvmPauseMonitor (JvmPauseMonitor.java:run(188)) - Starting JVM pause monitor
2019-09-20 10:25:15,985 [Datanode State Machine Thread - 0] INFO  datanode.InitDatanodeState (InitDatanodeState.java:persistContainerDatanodeDetails(140)) - DatanodeDetails is persisted to /workdir/hadoop-ozone/integration-test/target/test-dir/MiniOzoneClusterImpl-280c06ed-bcb5-4979-9226-67616719d9ed/datanode-1/meta/datanode.id
2019-09-20 10:25:15,988 [main] INFO  ozone.HddsDatanodeService (HddsDatanodeService.java:start(184)) - HddsDatanodeService host:pr-hdds-1569-p5fx8-1226042367 ip:192.168.36.99
2019-09-20 10:25:16,018 [main] INFO  volume.HddsVolume (HddsVolume.java:<init>(176)) - Creating Volume: /workdir/hadoop-ozone/integration-test/target/test-dir/MiniOzoneClusterImpl-280c06ed-bcb5-4979-9226-67616719d9ed/datanode-2/data/containers/hdds of  storage type : DISK and capacity : 1482555576320
2019-09-20 10:25:16,019 [main] INFO  volume.VolumeSet (VolumeSet.java:initializeVolumeSet(170)) - Added Volume : /workdir/hadoop-ozone/integration-test/target/test-dir/MiniOzoneClusterImpl-280c06ed-bcb5-4979-9226-67616719d9ed/datanode-2/data/containers/hdds to VolumeSet
2019-09-20 10:25:16,019 [main] INFO  volume.ThrottledAsyncChecker (ThrottledAsyncChecker.java:schedule(140)) - Scheduling a check for org.apache.hadoop.ozone.container.common.volume.HddsVolume@5749e633
2019-09-20 10:25:16,020 [main] INFO  volume.HddsVolumeChecker (HddsVolumeChecker.java:checkAllVolumes(203)) - Scheduled health check for volume org.apache.hadoop.ozone.container.common.volume.HddsVolume@5749e633
2019-09-20 10:25:16,052 [main] INFO  impl.RaftServerProxy (ConfUtils.java:logGet(43)) - raft.rpc.type = GRPC (default)
2019-09-20 10:25:16,052 [main] INFO  grpc.GrpcFactory (GrpcFactory.java:checkPooledByteBufAllocatorUseCacheForAllThreads(45)) - PERFORMANCE WARNING: useCacheForAllThreads is true that may cause Netty to create a lot garbage objects and, as a result, trigger GC.
	It is recommended to disable useCacheForAllThreads by setting -Dorg.apache.ratis.thirdparty.io.netty.allocator.useCacheForAllThreads=false in command line.
2019-09-20 10:25:16,053 [main] INFO  grpc.GrpcConfigKeys$Server (ConfUtils.java:logGet(43)) - raft.grpc.server.port = 0 (default)
2019-09-20 10:25:16,053 [main] INFO  server.GrpcService (ConfUtils.java:logGet(43)) - raft.grpc.message.size.max = 33570816 (custom)
2019-09-20 10:25:16,053 [main] INFO  server.RaftServerConfigKeys (ConfUtils.java:logGet(43)) - raft.server.log.appender.buffer.byte-limit = 33554432 (custom)
2019-09-20 10:25:16,053 [main] INFO  server.GrpcService (ConfUtils.java:logGet(43)) - raft.grpc.flow.control.window = 1MB (=1048576) (default)
2019-09-20 10:25:16,054 [main] INFO  server.RaftServerConfigKeys (ConfUtils.java:logGet(43)) - raft.server.rpc.request.timeout = 3000ms (default)
2019-09-20 10:25:16,054 [main] INFO  server.RaftServerConfigKeys (ConfUtils.java:logGet(43)) - raft.server.storage.dir = [/workdir/hadoop-ozone/integration-test/target/test-dir/MiniOzoneClusterImpl-280c06ed-bcb5-4979-9226-67616719d9ed/datanode-2/data/ratis] (custom)
2019-09-20 10:25:16,055 [main] INFO  replication.SimpleContainerDownloader (SimpleContainerDownloader.java:<init>(72)) - Starting container downloader service to copy containers to replicate.
2019-09-20 10:25:16,056 [main] INFO  hdfs.DFSUtil (DFSUtil.java:httpServerTemplateForNNAndJN(1641)) - Starting Web-server for hddsDatanode at: http://0.0.0.0:0
2019-09-20 10:25:16,058 [main] INFO  server.AuthenticationFilter (AuthenticationFilter.java:constructSecretProvider(240)) - Unable to initialize FileSignerSecretProvider, falling back to use random secrets.
2019-09-20 10:25:16,058 [main] WARN  http.HttpRequestLog (HttpRequestLog.java:getRequestLog(97)) - Jetty request log can only be enabled using Log4j
2019-09-20 10:25:16,060 [main] INFO  http.HttpServer2 (HttpServer2.java:addGlobalFilter(975)) - Added global filter 'safety' (class=org.apache.hadoop.http.HttpServer2$QuotingInputFilter)
2019-09-20 10:25:16,061 [main] INFO  http.HttpServer2 (HttpServer2.java:addFilter(948)) - Added filter static_user_filter (class=org.apache.hadoop.http.lib.StaticUserWebFilter$StaticUserFilter) to context hddsDatanode
2019-09-20 10:25:16,061 [main] INFO  http.HttpServer2 (HttpServer2.java:addFilter(958)) - Added filter static_user_filter (class=org.apache.hadoop.http.lib.StaticUserWebFilter$StaticUserFilter) to context logs
2019-09-20 10:25:16,061 [main] INFO  http.HttpServer2 (HttpServer2.java:addFilter(958)) - Added filter static_user_filter (class=org.apache.hadoop.http.lib.StaticUserWebFilter$StaticUserFilter) to context static
2019-09-20 10:25:16,062 [main] INFO  http.HttpServer2 (HttpServer2.java:bindListener(1191)) - Jetty bound to port 34119
2019-09-20 10:25:16,062 [main] INFO  server.Server (Server.java:doStart(351)) - jetty-9.3.24.v20180605, build timestamp: 2018-06-05T17:11:56Z, git hash: 84205aa28f11a4f31f2a3b86d1bba2cc8ab69827
2019-09-20 10:25:16,065 [main] INFO  handler.ContextHandler (ContextHandler.java:doStart(781)) - Started o.e.j.s.ServletContextHandler@7833407{/logs,file:///workdir/hadoop-ozone/integration-test/target/log,AVAILABLE}
2019-09-20 10:25:16,065 [main] INFO  handler.ContextHandler (ContextHandler.java:doStart(781)) - Started o.e.j.s.ServletContextHandler@60739eca{/static,jar:file:/home/user/.m2/repository/org/apache/hadoop/hadoop-hdds-container-service/0.5.0-SNAPSHOT/hadoop-hdds-container-service-0.5.0-SNAPSHOT.jar!/webapps/static,AVAILABLE}
2019-09-20 10:25:16,101 [main] INFO  handler.ContextHandler (ContextHandler.java:doStart(781)) - Started o.e.j.w.WebAppContext@54d2887a{/,file:///tmp/jetty-0.0.0.0-34119-hddsDatanode-_-any-2051798950260689279.dir/webapp/,AVAILABLE}{/hddsDatanode}
2019-09-20 10:25:16,101 [main] INFO  server.AbstractConnector (AbstractConnector.java:doStart(278)) - Started ServerConnector@73e63b4d{HTTP/1.1,[http/1.1]}{0.0.0.0:34119}
2019-09-20 10:25:16,110 [main] INFO  server.Server (Server.java:doStart(419)) - Started @77478ms
2019-09-20 10:25:16,111 [main] INFO  server.BaseHttpServer (BaseHttpServer.java:updateConnectorAddress(213)) - HTTP server of HDDSDATANODE is listening at http://0.0.0.0:34119
2019-09-20 10:25:16,280 | INFO  | ObjectStoreRestHttpServer | Listening HDDS REST traffic on /0.0.0.0:46356 |  
2019-09-20 10:25:16,280 [main] INFO  ozone.HddsDatanodeService (HddsDatanodeService.java:startPlugins(395)) - Started plug-in org.apache.hadoop.ozone.web.OzoneHddsDatanodeService@24f77077
2019-09-20 10:25:16,280 [main] INFO  impl.MetricsSystemImpl (MetricsSystemImpl.java:init(158)) - HddsDatanode metrics system started (again)
2019-09-20 10:25:16,283 [org.apache.hadoop.util.JvmPauseMonitor$Monitor@6a5a6268] INFO  util.JvmPauseMonitor (JvmPauseMonitor.java:run(188)) - Starting JVM pause monitor
2019-09-20 10:25:16,285 [Datanode State Machine Thread - 0] INFO  datanode.InitDatanodeState (InitDatanodeState.java:persistContainerDatanodeDetails(140)) - DatanodeDetails is persisted to /workdir/hadoop-ozone/integration-test/target/test-dir/MiniOzoneClusterImpl-280c06ed-bcb5-4979-9226-67616719d9ed/datanode-2/meta/datanode.id
2019-09-20 10:25:16,467 [main] INFO  ozone.HddsDatanodeService (HddsDatanodeService.java:start(184)) - HddsDatanodeService host:pr-hdds-1569-p5fx8-1226042367 ip:192.168.36.99
2019-09-20 10:25:16,491 [main] INFO  volume.HddsVolume (HddsVolume.java:<init>(176)) - Creating Volume: /workdir/hadoop-ozone/integration-test/target/test-dir/MiniOzoneClusterImpl-280c06ed-bcb5-4979-9226-67616719d9ed/datanode-3/data/containers/hdds of  storage type : DISK and capacity : 1482555576320
2019-09-20 10:25:16,492 [main] INFO  volume.VolumeSet (VolumeSet.java:initializeVolumeSet(170)) - Added Volume : /workdir/hadoop-ozone/integration-test/target/test-dir/MiniOzoneClusterImpl-280c06ed-bcb5-4979-9226-67616719d9ed/datanode-3/data/containers/hdds to VolumeSet
2019-09-20 10:25:16,492 [main] INFO  volume.ThrottledAsyncChecker (ThrottledAsyncChecker.java:schedule(140)) - Scheduling a check for org.apache.hadoop.ozone.container.common.volume.HddsVolume@28c75c93
2019-09-20 10:25:16,493 [main] INFO  volume.HddsVolumeChecker (HddsVolumeChecker.java:checkAllVolumes(203)) - Scheduled health check for volume org.apache.hadoop.ozone.container.common.volume.HddsVolume@28c75c93
2019-09-20 10:25:16,517 [main] INFO  impl.RaftServerProxy (ConfUtils.java:logGet(43)) - raft.rpc.type = GRPC (default)
2019-09-20 10:25:16,517 [main] INFO  grpc.GrpcFactory (GrpcFactory.java:checkPooledByteBufAllocatorUseCacheForAllThreads(45)) - PERFORMANCE WARNING: useCacheForAllThreads is true that may cause Netty to create a lot garbage objects and, as a result, trigger GC.
	It is recommended to disable useCacheForAllThreads by setting -Dorg.apache.ratis.thirdparty.io.netty.allocator.useCacheForAllThreads=false in command line.
2019-09-20 10:25:16,517 [main] INFO  grpc.GrpcConfigKeys$Server (ConfUtils.java:logGet(43)) - raft.grpc.server.port = 0 (default)
2019-09-20 10:25:16,517 [main] INFO  server.GrpcService (ConfUtils.java:logGet(43)) - raft.grpc.message.size.max = 33570816 (custom)
2019-09-20 10:25:16,518 [main] INFO  server.RaftServerConfigKeys (ConfUtils.java:logGet(43)) - raft.server.log.appender.buffer.byte-limit = 33554432 (custom)
2019-09-20 10:25:16,518 [main] INFO  server.GrpcService (ConfUtils.java:logGet(43)) - raft.grpc.flow.control.window = 1MB (=1048576) (default)
2019-09-20 10:25:16,518 [main] INFO  server.RaftServerConfigKeys (ConfUtils.java:logGet(43)) - raft.server.rpc.request.timeout = 3000ms (default)
2019-09-20 10:25:16,518 [main] INFO  server.RaftServerConfigKeys (ConfUtils.java:logGet(43)) - raft.server.storage.dir = [/workdir/hadoop-ozone/integration-test/target/test-dir/MiniOzoneClusterImpl-280c06ed-bcb5-4979-9226-67616719d9ed/datanode-3/data/ratis] (custom)
2019-09-20 10:25:16,519 [main] INFO  replication.SimpleContainerDownloader (SimpleContainerDownloader.java:<init>(72)) - Starting container downloader service to copy containers to replicate.
2019-09-20 10:25:16,520 [main] INFO  hdfs.DFSUtil (DFSUtil.java:httpServerTemplateForNNAndJN(1641)) - Starting Web-server for hddsDatanode at: http://0.0.0.0:0
2019-09-20 10:25:16,521 [main] INFO  server.AuthenticationFilter (AuthenticationFilter.java:constructSecretProvider(240)) - Unable to initialize FileSignerSecretProvider, falling back to use random secrets.
2019-09-20 10:25:16,522 [main] WARN  http.HttpRequestLog (HttpRequestLog.java:getRequestLog(97)) - Jetty request log can only be enabled using Log4j
2019-09-20 10:25:16,523 [main] INFO  http.HttpServer2 (HttpServer2.java:addGlobalFilter(975)) - Added global filter 'safety' (class=org.apache.hadoop.http.HttpServer2$QuotingInputFilter)
2019-09-20 10:25:16,524 [main] INFO  http.HttpServer2 (HttpServer2.java:addFilter(948)) - Added filter static_user_filter (class=org.apache.hadoop.http.lib.StaticUserWebFilter$StaticUserFilter) to context hddsDatanode
2019-09-20 10:25:16,524 [main] INFO  http.HttpServer2 (HttpServer2.java:addFilter(958)) - Added filter static_user_filter (class=org.apache.hadoop.http.lib.StaticUserWebFilter$StaticUserFilter) to context logs
2019-09-20 10:25:16,524 [main] INFO  http.HttpServer2 (HttpServer2.java:addFilter(958)) - Added filter static_user_filter (class=org.apache.hadoop.http.lib.StaticUserWebFilter$StaticUserFilter) to context static
2019-09-20 10:25:16,525 [main] INFO  http.HttpServer2 (HttpServer2.java:bindListener(1191)) - Jetty bound to port 46145
2019-09-20 10:25:16,525 [main] INFO  server.Server (Server.java:doStart(351)) - jetty-9.3.24.v20180605, build timestamp: 2018-06-05T17:11:56Z, git hash: 84205aa28f11a4f31f2a3b86d1bba2cc8ab69827
2019-09-20 10:25:16,527 [main] INFO  handler.ContextHandler (ContextHandler.java:doStart(781)) - Started o.e.j.s.ServletContextHandler@7b55f0a6{/logs,file:///workdir/hadoop-ozone/integration-test/target/log,AVAILABLE}
2019-09-20 10:25:16,527 [main] INFO  handler.ContextHandler (ContextHandler.java:doStart(781)) - Started o.e.j.s.ServletContextHandler@1016b44e{/static,jar:file:/home/user/.m2/repository/org/apache/hadoop/hadoop-hdds-container-service/0.5.0-SNAPSHOT/hadoop-hdds-container-service-0.5.0-SNAPSHOT.jar!/webapps/static,AVAILABLE}
2019-09-20 10:25:16,558 [main] INFO  handler.ContextHandler (ContextHandler.java:doStart(781)) - Started o.e.j.w.WebAppContext@36ae17ef{/,file:///tmp/jetty-0.0.0.0-46145-hddsDatanode-_-any-2786620097383720161.dir/webapp/,AVAILABLE}{/hddsDatanode}
2019-09-20 10:25:16,559 [main] INFO  server.AbstractConnector (AbstractConnector.java:doStart(278)) - Started ServerConnector@3f919230{HTTP/1.1,[http/1.1]}{0.0.0.0:46145}
2019-09-20 10:25:16,565 [main] INFO  server.Server (Server.java:doStart(419)) - Started @77933ms
2019-09-20 10:25:16,566 [main] INFO  server.BaseHttpServer (BaseHttpServer.java:updateConnectorAddress(213)) - HTTP server of HDDSDATANODE is listening at http://0.0.0.0:46145
2019-09-20 10:25:16,733 | INFO  | ObjectStoreRestHttpServer | Listening HDDS REST traffic on /0.0.0.0:41321 |  
2019-09-20 10:25:16,733 [main] INFO  ozone.HddsDatanodeService (HddsDatanodeService.java:startPlugins(395)) - Started plug-in org.apache.hadoop.ozone.web.OzoneHddsDatanodeService@fbdba1c
2019-09-20 10:25:16,734 [main] INFO  impl.MetricsSystemImpl (MetricsSystemImpl.java:init(158)) - HddsDatanode metrics system started (again)
2019-09-20 10:25:16,749 | INFO  | SCMAudit | user=jenkins1000 | ip=192.168.36.99 | op=SEND_HEARTBEAT {datanodeUUID=61649f92-8c0f-475a-818d-1064548aeef6, command=[]} | ret=SUCCESS |  
2019-09-20 10:25:16,755 | INFO  | SCMAudit | user=jenkins1000 | ip=192.168.36.99 | op=SEND_HEARTBEAT {datanodeUUID=3d6f3241-e73c-473a-ad0b-c7be2f7e1dda, command=[]} | ret=SUCCESS |  
2019-09-20 10:25:16,755 | INFO  | SCMAudit | user=jenkins1000 | ip=192.168.36.99 | op=SEND_HEARTBEAT {datanodeUUID=19fb8383-7c99-4449-b95c-a26e71717844, command=[]} | ret=SUCCESS |  
2019-09-20 10:25:16,756 | INFO  | SCMAudit | user=jenkins1000 | ip=192.168.36.99 | op=SEND_HEARTBEAT {datanodeUUID=6491c372-a595-4104-b3e9-c4f3293baafa, command=[]} | ret=SUCCESS |  
2019-09-20 10:25:16,757 | INFO  | SCMAudit | user=jenkins1000 | ip=192.168.36.99 | op=SEND_HEARTBEAT {datanodeUUID=cff8bf6b-8d20-4327-9f29-08a3c2b49247, command=[]} | ret=SUCCESS |  
2019-09-20 10:25:16,757 | INFO  | SCMAudit | user=jenkins1000 | ip=192.168.36.99 | op=SEND_HEARTBEAT {datanodeUUID=17e2ba94-38a1-40e7-84e0-f6802901db84, command=[]} | ret=SUCCESS |  
2019-09-20 10:25:16,757 | INFO  | SCMAudit | user=jenkins1000 | ip=192.168.36.99 | op=SEND_HEARTBEAT {datanodeUUID=1ab786b9-c79c-4265-88a1-5b3344c6beda, command=[]} | ret=SUCCESS |  
2019-09-20 10:25:16,757 | INFO  | SCMAudit | user=jenkins1000 | ip=192.168.36.99 | op=SEND_HEARTBEAT {datanodeUUID=d2ed2d9b-7ac7-460e-84f6-6d9d6066f76d, command=[]} | ret=SUCCESS |  
2019-09-20 10:25:16,758 | INFO  | SCMAudit | user=jenkins1000 | ip=192.168.36.99 | op=SEND_HEARTBEAT {datanodeUUID=468be06f-55e9-4831-ba6b-3db017451a79, command=[]} | ret=SUCCESS |  
2019-09-20 10:25:16,758 | INFO  | SCMAudit | user=jenkins1000 | ip=192.168.36.99 | op=SEND_HEARTBEAT {datanodeUUID=4d972e91-cb6b-45de-8bd2-c18af7abe58b, command=[]} | ret=SUCCESS |  
2019-09-20 10:25:16,758 | INFO  | SCMAudit | user=jenkins1000 | ip=192.168.36.99 | op=SEND_HEARTBEAT {datanodeUUID=66416d0b-a71c-4af1-ae3a-62ca63b880a3, command=[]} | ret=SUCCESS |  
2019-09-20 10:25:16,759 | INFO  | SCMAudit | user=jenkins1000 | ip=192.168.36.99 | op=SEND_HEARTBEAT {datanodeUUID=54207fe5-d92c-4c2e-b058-fbae630dabef, command=[]} | ret=SUCCESS |  
2019-09-20 10:25:16,760 | INFO  | SCMAudit | user=jenkins1000 | ip=192.168.36.99 | op=SEND_HEARTBEAT {datanodeUUID=9e03ffa9-cf79-407a-a150-4c035e5aec5e, command=[]} | ret=SUCCESS |  
2019-09-20 10:25:16,760 | INFO  | SCMAudit | user=jenkins1000 | ip=192.168.36.99 | op=SEND_HEARTBEAT {datanodeUUID=60260ec1-e192-4b95-89c8-d924d16a77a9, command=[]} | ret=SUCCESS |  
2019-09-20 10:25:16,760 | INFO  | SCMAudit | user=jenkins1000 | ip=192.168.36.99 | op=SEND_HEARTBEAT {datanodeUUID=136f1953-bb94-4097-a2d4-422a6782bee0, command=[]} | ret=SUCCESS |  
2019-09-20 10:25:16,760 | INFO  | SCMAudit | user=jenkins1000 | ip=192.168.36.99 | op=SEND_HEARTBEAT {datanodeUUID=99e70dd4-d763-4473-944c-c5628506dcf8, command=[]} | ret=SUCCESS |  
2019-09-20 10:25:16,761 | INFO  | SCMAudit | user=jenkins1000 | ip=192.168.36.99 | op=SEND_HEARTBEAT {datanodeUUID=7af711bd-b5ae-4a73-a8be-b970cae6c2d1, command=[]} | ret=SUCCESS |  
2019-09-20 10:25:16,762 | INFO  | SCMAudit | user=jenkins1000 | ip=192.168.36.99 | op=SEND_HEARTBEAT {datanodeUUID=c3e532f8-1a8e-44f3-b56b-d765aee893af, command=[]} | ret=SUCCESS |  
2019-09-20 10:25:16,762 | INFO  | SCMAudit | user=jenkins1000 | ip=192.168.36.99 | op=SEND_HEARTBEAT {datanodeUUID=b5962e8e-c9f1-48aa-8eb4-d8f74b8afdbe, command=[]} | ret=SUCCESS |  
2019-09-20 10:25:16,762 | INFO  | SCMAudit | user=jenkins1000 | ip=192.168.36.99 | op=SEND_HEARTBEAT {datanodeUUID=bb8f5112-316d-4974-a5a6-f698f3fbb5be, command=[]} | ret=SUCCESS |  
2019-09-20 10:25:16,762 | INFO  | SCMAudit | user=jenkins1000 | ip=192.168.36.99 | op=SEND_HEARTBEAT {datanodeUUID=e8013689-2f13-4aaf-8a03-99f419c430ec, command=[]} | ret=SUCCESS |  
2019-09-20 10:25:16,876 [org.apache.hadoop.util.JvmPauseMonitor$Monitor@47bb7530] INFO  util.JvmPauseMonitor (JvmPauseMonitor.java:run(188)) - Starting JVM pause monitor
2019-09-20 10:25:16,878 [Datanode State Machine Thread - 0] INFO  datanode.InitDatanodeState (InitDatanodeState.java:persistContainerDatanodeDetails(140)) - DatanodeDetails is persisted to /workdir/hadoop-ozone/integration-test/target/test-dir/MiniOzoneClusterImpl-280c06ed-bcb5-4979-9226-67616719d9ed/datanode-3/meta/datanode.id
2019-09-20 10:25:16,880 [main] INFO  ozone.HddsDatanodeService (HddsDatanodeService.java:start(184)) - HddsDatanodeService host:pr-hdds-1569-p5fx8-1226042367 ip:192.168.36.99
2019-09-20 10:25:16,900 [main] INFO  volume.HddsVolume (HddsVolume.java:<init>(176)) - Creating Volume: /workdir/hadoop-ozone/integration-test/target/test-dir/MiniOzoneClusterImpl-280c06ed-bcb5-4979-9226-67616719d9ed/datanode-4/data/containers/hdds of  storage type : DISK and capacity : 1482555576320
2019-09-20 10:25:16,901 [main] INFO  volume.VolumeSet (VolumeSet.java:initializeVolumeSet(170)) - Added Volume : /workdir/hadoop-ozone/integration-test/target/test-dir/MiniOzoneClusterImpl-280c06ed-bcb5-4979-9226-67616719d9ed/datanode-4/data/containers/hdds to VolumeSet
2019-09-20 10:25:16,901 [main] INFO  volume.ThrottledAsyncChecker (ThrottledAsyncChecker.java:schedule(140)) - Scheduling a check for org.apache.hadoop.ozone.container.common.volume.HddsVolume@1e987f59
2019-09-20 10:25:16,901 [main] INFO  volume.HddsVolumeChecker (HddsVolumeChecker.java:checkAllVolumes(203)) - Scheduled health check for volume org.apache.hadoop.ozone.container.common.volume.HddsVolume@1e987f59
2019-09-20 10:25:16,925 [main] INFO  impl.RaftServerProxy (ConfUtils.java:logGet(43)) - raft.rpc.type = GRPC (default)
2019-09-20 10:25:16,926 [main] INFO  grpc.GrpcFactory (GrpcFactory.java:checkPooledByteBufAllocatorUseCacheForAllThreads(45)) - PERFORMANCE WARNING: useCacheForAllThreads is true that may cause Netty to create a lot garbage objects and, as a result, trigger GC.
	It is recommended to disable useCacheForAllThreads by setting -Dorg.apache.ratis.thirdparty.io.netty.allocator.useCacheForAllThreads=false in command line.
2019-09-20 10:25:16,926 [main] INFO  grpc.GrpcConfigKeys$Server (ConfUtils.java:logGet(43)) - raft.grpc.server.port = 0 (default)
2019-09-20 10:25:16,926 [main] INFO  server.GrpcService (ConfUtils.java:logGet(43)) - raft.grpc.message.size.max = 33570816 (custom)
2019-09-20 10:25:16,927 [main] INFO  server.RaftServerConfigKeys (ConfUtils.java:logGet(43)) - raft.server.log.appender.buffer.byte-limit = 33554432 (custom)
2019-09-20 10:25:16,927 [main] INFO  server.GrpcService (ConfUtils.java:logGet(43)) - raft.grpc.flow.control.window = 1MB (=1048576) (default)
2019-09-20 10:25:16,927 [main] INFO  server.RaftServerConfigKeys (ConfUtils.java:logGet(43)) - raft.server.rpc.request.timeout = 3000ms (default)
2019-09-20 10:25:16,928 [main] INFO  server.RaftServerConfigKeys (ConfUtils.java:logGet(43)) - raft.server.storage.dir = [/workdir/hadoop-ozone/integration-test/target/test-dir/MiniOzoneClusterImpl-280c06ed-bcb5-4979-9226-67616719d9ed/datanode-4/data/ratis] (custom)
2019-09-20 10:25:16,928 [main] INFO  replication.SimpleContainerDownloader (SimpleContainerDownloader.java:<init>(72)) - Starting container downloader service to copy containers to replicate.
2019-09-20 10:25:16,930 [main] INFO  hdfs.DFSUtil (DFSUtil.java:httpServerTemplateForNNAndJN(1641)) - Starting Web-server for hddsDatanode at: http://0.0.0.0:0
2019-09-20 10:25:16,932 [main] INFO  server.AuthenticationFilter (AuthenticationFilter.java:constructSecretProvider(240)) - Unable to initialize FileSignerSecretProvider, falling back to use random secrets.
2019-09-20 10:25:16,932 [main] WARN  http.HttpRequestLog (HttpRequestLog.java:getRequestLog(97)) - Jetty request log can only be enabled using Log4j
2019-09-20 10:25:16,934 [main] INFO  http.HttpServer2 (HttpServer2.java:addGlobalFilter(975)) - Added global filter 'safety' (class=org.apache.hadoop.http.HttpServer2$QuotingInputFilter)
2019-09-20 10:25:16,935 [main] INFO  http.HttpServer2 (HttpServer2.java:addFilter(948)) - Added filter static_user_filter (class=org.apache.hadoop.http.lib.StaticUserWebFilter$StaticUserFilter) to context hddsDatanode
2019-09-20 10:25:16,935 [main] INFO  http.HttpServer2 (HttpServer2.java:addFilter(958)) - Added filter static_user_filter (class=org.apache.hadoop.http.lib.StaticUserWebFilter$StaticUserFilter) to context static
2019-09-20 10:25:16,935 [main] INFO  http.HttpServer2 (HttpServer2.java:addFilter(958)) - Added filter static_user_filter (class=org.apache.hadoop.http.lib.StaticUserWebFilter$StaticUserFilter) to context logs
2019-09-20 10:25:16,936 [main] INFO  http.HttpServer2 (HttpServer2.java:bindListener(1191)) - Jetty bound to port 36551
2019-09-20 10:25:16,936 [main] INFO  server.Server (Server.java:doStart(351)) - jetty-9.3.24.v20180605, build timestamp: 2018-06-05T17:11:56Z, git hash: 84205aa28f11a4f31f2a3b86d1bba2cc8ab69827
2019-09-20 10:25:16,938 [main] INFO  handler.ContextHandler (ContextHandler.java:doStart(781)) - Started o.e.j.s.ServletContextHandler@930911e{/logs,file:///workdir/hadoop-ozone/integration-test/target/log,AVAILABLE}
2019-09-20 10:25:16,939 [main] INFO  handler.ContextHandler (ContextHandler.java:doStart(781)) - Started o.e.j.s.ServletContextHandler@42d96745{/static,jar:file:/home/user/.m2/repository/org/apache/hadoop/hadoop-hdds-container-service/0.5.0-SNAPSHOT/hadoop-hdds-container-service-0.5.0-SNAPSHOT.jar!/webapps/static,AVAILABLE}
2019-09-20 10:25:16,976 [main] INFO  handler.ContextHandler (ContextHandler.java:doStart(781)) - Started o.e.j.w.WebAppContext@6d6ddeb5{/,file:///tmp/jetty-0.0.0.0-36551-hddsDatanode-_-any-2778723258413006213.dir/webapp/,AVAILABLE}{/hddsDatanode}
2019-09-20 10:25:16,977 [main] INFO  server.AbstractConnector (AbstractConnector.java:doStart(278)) - Started ServerConnector@3e574f9c{HTTP/1.1,[http/1.1]}{0.0.0.0:36551}
2019-09-20 10:25:16,986 [main] INFO  server.Server (Server.java:doStart(419)) - Started @78354ms
2019-09-20 10:25:16,987 [main] INFO  server.BaseHttpServer (BaseHttpServer.java:updateConnectorAddress(213)) - HTTP server of HDDSDATANODE is listening at http://0.0.0.0:36551
2019-09-20 10:25:17,117 | INFO  | ObjectStoreRestHttpServer | Listening HDDS REST traffic on /0.0.0.0:41755 |  
2019-09-20 10:25:17,117 [main] INFO  ozone.HddsDatanodeService (HddsDatanodeService.java:startPlugins(395)) - Started plug-in org.apache.hadoop.ozone.web.OzoneHddsDatanodeService@62cf873a
2019-09-20 10:25:17,118 [main] INFO  impl.MetricsSystemImpl (MetricsSystemImpl.java:init(158)) - HddsDatanode metrics system started (again)
2019-09-20 10:25:17,119 [org.apache.hadoop.util.JvmPauseMonitor$Monitor@24d8454f] INFO  util.JvmPauseMonitor (JvmPauseMonitor.java:run(188)) - Starting JVM pause monitor
2019-09-20 10:25:17,120 [Datanode State Machine Thread - 0] INFO  datanode.InitDatanodeState (InitDatanodeState.java:persistContainerDatanodeDetails(140)) - DatanodeDetails is persisted to /workdir/hadoop-ozone/integration-test/target/test-dir/MiniOzoneClusterImpl-280c06ed-bcb5-4979-9226-67616719d9ed/datanode-4/meta/datanode.id
2019-09-20 10:25:17,274 [main] INFO  ozone.HddsDatanodeService (HddsDatanodeService.java:start(184)) - HddsDatanodeService host:pr-hdds-1569-p5fx8-1226042367 ip:192.168.36.99
2019-09-20 10:25:17,296 [main] INFO  volume.HddsVolume (HddsVolume.java:<init>(176)) - Creating Volume: /workdir/hadoop-ozone/integration-test/target/test-dir/MiniOzoneClusterImpl-280c06ed-bcb5-4979-9226-67616719d9ed/datanode-5/data/containers/hdds of  storage type : DISK and capacity : 1482555576320
2019-09-20 10:25:17,296 [main] INFO  volume.VolumeSet (VolumeSet.java:initializeVolumeSet(170)) - Added Volume : /workdir/hadoop-ozone/integration-test/target/test-dir/MiniOzoneClusterImpl-280c06ed-bcb5-4979-9226-67616719d9ed/datanode-5/data/containers/hdds to VolumeSet
2019-09-20 10:25:17,296 [main] INFO  volume.ThrottledAsyncChecker (ThrottledAsyncChecker.java:schedule(140)) - Scheduling a check for org.apache.hadoop.ozone.container.common.volume.HddsVolume@1a1c308b
2019-09-20 10:25:17,297 [main] INFO  volume.HddsVolumeChecker (HddsVolumeChecker.java:checkAllVolumes(203)) - Scheduled health check for volume org.apache.hadoop.ozone.container.common.volume.HddsVolume@1a1c308b
2019-09-20 10:25:17,322 [main] INFO  impl.RaftServerProxy (ConfUtils.java:logGet(43)) - raft.rpc.type = GRPC (default)
2019-09-20 10:25:17,322 [main] INFO  grpc.GrpcFactory (GrpcFactory.java:checkPooledByteBufAllocatorUseCacheForAllThreads(45)) - PERFORMANCE WARNING: useCacheForAllThreads is true that may cause Netty to create a lot garbage objects and, as a result, trigger GC.
	It is recommended to disable useCacheForAllThreads by setting -Dorg.apache.ratis.thirdparty.io.netty.allocator.useCacheForAllThreads=false in command line.
2019-09-20 10:25:17,322 [main] INFO  grpc.GrpcConfigKeys$Server (ConfUtils.java:logGet(43)) - raft.grpc.server.port = 0 (default)
2019-09-20 10:25:17,323 [main] INFO  server.GrpcService (ConfUtils.java:logGet(43)) - raft.grpc.message.size.max = 33570816 (custom)
2019-09-20 10:25:17,323 [main] INFO  server.RaftServerConfigKeys (ConfUtils.java:logGet(43)) - raft.server.log.appender.buffer.byte-limit = 33554432 (custom)
2019-09-20 10:25:17,323 [main] INFO  server.GrpcService (ConfUtils.java:logGet(43)) - raft.grpc.flow.control.window = 1MB (=1048576) (default)
2019-09-20 10:25:17,323 [main] INFO  server.RaftServerConfigKeys (ConfUtils.java:logGet(43)) - raft.server.rpc.request.timeout = 3000ms (default)
2019-09-20 10:25:17,324 [main] INFO  server.RaftServerConfigKeys (ConfUtils.java:logGet(43)) - raft.server.storage.dir = [/workdir/hadoop-ozone/integration-test/target/test-dir/MiniOzoneClusterImpl-280c06ed-bcb5-4979-9226-67616719d9ed/datanode-5/data/ratis] (custom)
2019-09-20 10:25:17,324 [main] INFO  replication.SimpleContainerDownloader (SimpleContainerDownloader.java:<init>(72)) - Starting container downloader service to copy containers to replicate.
2019-09-20 10:25:17,326 [main] INFO  hdfs.DFSUtil (DFSUtil.java:httpServerTemplateForNNAndJN(1641)) - Starting Web-server for hddsDatanode at: http://0.0.0.0:0
2019-09-20 10:25:17,328 [main] INFO  server.AuthenticationFilter (AuthenticationFilter.java:constructSecretProvider(240)) - Unable to initialize FileSignerSecretProvider, falling back to use random secrets.
2019-09-20 10:25:17,328 [main] WARN  http.HttpRequestLog (HttpRequestLog.java:getRequestLog(97)) - Jetty request log can only be enabled using Log4j
2019-09-20 10:25:17,332 [main] INFO  http.HttpServer2 (HttpServer2.java:addGlobalFilter(975)) - Added global filter 'safety' (class=org.apache.hadoop.http.HttpServer2$QuotingInputFilter)
2019-09-20 10:25:17,333 [main] INFO  http.HttpServer2 (HttpServer2.java:addFilter(948)) - Added filter static_user_filter (class=org.apache.hadoop.http.lib.StaticUserWebFilter$StaticUserFilter) to context hddsDatanode
2019-09-20 10:25:17,333 [main] INFO  http.HttpServer2 (HttpServer2.java:addFilter(958)) - Added filter static_user_filter (class=org.apache.hadoop.http.lib.StaticUserWebFilter$StaticUserFilter) to context static
2019-09-20 10:25:17,333 [main] INFO  http.HttpServer2 (HttpServer2.java:addFilter(958)) - Added filter static_user_filter (class=org.apache.hadoop.http.lib.StaticUserWebFilter$StaticUserFilter) to context logs
2019-09-20 10:25:17,334 [main] INFO  http.HttpServer2 (HttpServer2.java:bindListener(1191)) - Jetty bound to port 33453
2019-09-20 10:25:17,335 [main] INFO  server.Server (Server.java:doStart(351)) - jetty-9.3.24.v20180605, build timestamp: 2018-06-05T17:11:56Z, git hash: 84205aa28f11a4f31f2a3b86d1bba2cc8ab69827
2019-09-20 10:25:17,337 [main] INFO  handler.ContextHandler (ContextHandler.java:doStart(781)) - Started o.e.j.s.ServletContextHandler@69ee0861{/logs,file:///workdir/hadoop-ozone/integration-test/target/log,AVAILABLE}
2019-09-20 10:25:17,338 [main] INFO  handler.ContextHandler (ContextHandler.java:doStart(781)) - Started o.e.j.s.ServletContextHandler@69f55ea{/static,jar:file:/home/user/.m2/repository/org/apache/hadoop/hadoop-hdds-container-service/0.5.0-SNAPSHOT/hadoop-hdds-container-service-0.5.0-SNAPSHOT.jar!/webapps/static,AVAILABLE}
2019-09-20 10:25:17,385 | INFO  | SCMAudit | user=jenkins1000 | ip=192.168.36.99 | op=GET_VERSION null | ret=SUCCESS |  
2019-09-20 10:25:17,392 [main] INFO  handler.ContextHandler (ContextHandler.java:doStart(781)) - Started o.e.j.w.WebAppContext@237824b0{/,file:///tmp/jetty-0.0.0.0-33453-hddsDatanode-_-any-2575423426238129265.dir/webapp/,AVAILABLE}{/hddsDatanode}
2019-09-20 10:25:17,393 [main] INFO  server.AbstractConnector (AbstractConnector.java:doStart(278)) - Started ServerConnector@52a8f789{HTTP/1.1,[http/1.1]}{0.0.0.0:33453}
2019-09-20 10:25:17,400 [main] INFO  server.Server (Server.java:doStart(419)) - Started @78768ms
2019-09-20 10:25:17,401 [main] INFO  server.BaseHttpServer (BaseHttpServer.java:updateConnectorAddress(213)) - HTTP server of HDDSDATANODE is listening at http://0.0.0.0:33453
2019-09-20 10:25:17,410 [Datanode State Machine Thread - 0] INFO  ozoneimpl.OzoneContainer (OzoneContainer.java:start(186)) - Attempting to start container services.
2019-09-20 10:25:17,410 [Datanode State Machine Thread - 0] INFO  ozoneimpl.OzoneContainer (OzoneContainer.java:startContainerScrub(160)) - Background container scrubber has been disabled by hdds.containerscrub.enabled
2019-09-20 10:25:17,410 [Datanode State Machine Thread - 0] INFO  ratis.XceiverServerRatis (XceiverServerRatis.java:start(404)) - Starting XceiverServerRatis fac63c4b-287e-453e-9ac7-8c8c283fdab7 at port 0
2019-09-20 10:25:17,416 [Datanode State Machine Thread - 0] INFO  impl.RaftServerProxy (RaftServerProxy.java:lambda$start$3(299)) - fac63c4b-287e-453e-9ac7-8c8c283fdab7: start RPC server
2019-09-20 10:25:17,417 [Datanode State Machine Thread - 0] INFO  server.GrpcService (GrpcService.java:startImpl(149)) - fac63c4b-287e-453e-9ac7-8c8c283fdab7: GrpcService started, listening on 0.0.0.0/0.0.0.0:38258
2019-09-20 10:25:17,417 [Datanode State Machine Thread - 0] INFO  ratis.XceiverServerRatis (XceiverServerRatis.java:start(414)) - XceiverServerRatis fac63c4b-287e-453e-9ac7-8c8c283fdab7 is started using port 38258
2019-09-20 10:25:17,464 [Datanode State Machine Thread - 0] INFO  server.XceiverServerGrpc (XceiverServerGrpc.java:start(163)) - XceiverServerGrpc fac63c4b-287e-453e-9ac7-8c8c283fdab7 is started using port 42066
2019-09-20 10:25:17,620 | INFO  | ObjectStoreRestHttpServer | Listening HDDS REST traffic on /0.0.0.0:36924 |  
2019-09-20 10:25:17,620 [main] INFO  ozone.HddsDatanodeService (HddsDatanodeService.java:startPlugins(395)) - Started plug-in org.apache.hadoop.ozone.web.OzoneHddsDatanodeService@1f591b2e
2019-09-20 10:25:17,620 [main] INFO  impl.MetricsSystemImpl (MetricsSystemImpl.java:init(158)) - HddsDatanode metrics system started (again)
2019-09-20 10:25:17,622 [org.apache.hadoop.util.JvmPauseMonitor$Monitor@86595ed] INFO  util.JvmPauseMonitor (JvmPauseMonitor.java:run(188)) - Starting JVM pause monitor
2019-09-20 10:25:17,748 | INFO  | SCMAudit | user=jenkins1000 | ip=192.168.36.99 | op=SEND_HEARTBEAT {datanodeUUID=61649f92-8c0f-475a-818d-1064548aeef6, command=[]} | ret=SUCCESS |  
2019-09-20 10:25:17,756 | INFO  | SCMAudit | user=jenkins1000 | ip=192.168.36.99 | op=SEND_HEARTBEAT {datanodeUUID=3d6f3241-e73c-473a-ad0b-c7be2f7e1dda, command=[]} | ret=SUCCESS |  
2019-09-20 10:25:17,756 | INFO  | SCMAudit | user=jenkins1000 | ip=192.168.36.99 | op=SEND_HEARTBEAT {datanodeUUID=19fb8383-7c99-4449-b95c-a26e71717844, command=[]} | ret=SUCCESS |  
2019-09-20 10:25:17,756 | INFO  | SCMAudit | user=jenkins1000 | ip=192.168.36.99 | op=SEND_HEARTBEAT {datanodeUUID=6491c372-a595-4104-b3e9-c4f3293baafa, command=[]} | ret=SUCCESS |  
2019-09-20 10:25:17,757 | INFO  | SCMAudit | user=jenkins1000 | ip=192.168.36.99 | op=SEND_HEARTBEAT {datanodeUUID=d2ed2d9b-7ac7-460e-84f6-6d9d6066f76d, command=[]} | ret=SUCCESS |  
2019-09-20 10:25:17,757 | INFO  | SCMAudit | user=jenkins1000 | ip=192.168.36.99 | op=SEND_HEARTBEAT {datanodeUUID=17e2ba94-38a1-40e7-84e0-f6802901db84, command=[]} | ret=SUCCESS |  
2019-09-20 10:25:17,757 | INFO  | SCMAudit | user=jenkins1000 | ip=192.168.36.99 | op=SEND_HEARTBEAT {datanodeUUID=1ab786b9-c79c-4265-88a1-5b3344c6beda, command=[]} | ret=SUCCESS |  
2019-09-20 10:25:17,758 | INFO  | SCMAudit | user=jenkins1000 | ip=192.168.36.99 | op=SEND_HEARTBEAT {datanodeUUID=cff8bf6b-8d20-4327-9f29-08a3c2b49247, command=[]} | ret=SUCCESS |  
2019-09-20 10:25:17,758 | INFO  | SCMAudit | user=jenkins1000 | ip=192.168.36.99 | op=SEND_HEARTBEAT {datanodeUUID=4d972e91-cb6b-45de-8bd2-c18af7abe58b, command=[]} | ret=SUCCESS |  
2019-09-20 10:25:17,758 | INFO  | SCMAudit | user=jenkins1000 | ip=192.168.36.99 | op=SEND_HEARTBEAT {datanodeUUID=468be06f-55e9-4831-ba6b-3db017451a79, command=[]} | ret=SUCCESS |  
2019-09-20 10:25:17,759 | INFO  | SCMAudit | user=jenkins1000 | ip=192.168.36.99 | op=SEND_HEARTBEAT {datanodeUUID=66416d0b-a71c-4af1-ae3a-62ca63b880a3, command=[]} | ret=SUCCESS |  
2019-09-20 10:25:17,759 | INFO  | SCMAudit | user=jenkins1000 | ip=192.168.36.99 | op=SEND_HEARTBEAT {datanodeUUID=54207fe5-d92c-4c2e-b058-fbae630dabef, command=[]} | ret=SUCCESS |  
2019-09-20 10:25:17,759 | INFO  | SCMAudit | user=jenkins1000 | ip=192.168.36.99 | op=SEND_HEARTBEAT {datanodeUUID=9e03ffa9-cf79-407a-a150-4c035e5aec5e, command=[]} | ret=SUCCESS |  
2019-09-20 10:25:17,759 | INFO  | SCMAudit | user=jenkins1000 | ip=192.168.36.99 | op=SEND_HEARTBEAT {datanodeUUID=60260ec1-e192-4b95-89c8-d924d16a77a9, command=[]} | ret=SUCCESS |  
2019-09-20 10:25:17,760 | INFO  | SCMAudit | user=jenkins1000 | ip=192.168.36.99 | op=SEND_HEARTBEAT {datanodeUUID=136f1953-bb94-4097-a2d4-422a6782bee0, command=[]} | ret=SUCCESS |  
2019-09-20 10:25:17,760 | INFO  | SCMAudit | user=jenkins1000 | ip=192.168.36.99 | op=SEND_HEARTBEAT {datanodeUUID=99e70dd4-d763-4473-944c-c5628506dcf8, command=[]} | ret=SUCCESS |  
2019-09-20 10:25:17,760 | INFO  | SCMAudit | user=jenkins1000 | ip=192.168.36.99 | op=SEND_HEARTBEAT {datanodeUUID=7af711bd-b5ae-4a73-a8be-b970cae6c2d1, command=[]} | ret=SUCCESS |  
2019-09-20 10:25:17,762 | INFO  | SCMAudit | user=jenkins1000 | ip=192.168.36.99 | op=SEND_HEARTBEAT {datanodeUUID=bb8f5112-316d-4974-a5a6-f698f3fbb5be, command=[]} | ret=SUCCESS |  
2019-09-20 10:25:17,762 | INFO  | SCMAudit | user=jenkins1000 | ip=192.168.36.99 | op=SEND_HEARTBEAT {datanodeUUID=e8013689-2f13-4aaf-8a03-99f419c430ec, command=[]} | ret=SUCCESS |  
2019-09-20 10:25:17,763 | INFO  | SCMAudit | user=jenkins1000 | ip=192.168.36.99 | op=SEND_HEARTBEAT {datanodeUUID=c3e532f8-1a8e-44f3-b56b-d765aee893af, command=[]} | ret=SUCCESS |  
2019-09-20 10:25:17,763 | INFO  | SCMAudit | user=jenkins1000 | ip=192.168.36.99 | op=SEND_HEARTBEAT {datanodeUUID=b5962e8e-c9f1-48aa-8eb4-d8f74b8afdbe, command=[]} | ret=SUCCESS |  
2019-09-20 10:25:17,790 [Datanode State Machine Thread - 0] INFO  datanode.InitDatanodeState (InitDatanodeState.java:persistContainerDatanodeDetails(140)) - DatanodeDetails is persisted to /workdir/hadoop-ozone/integration-test/target/test-dir/MiniOzoneClusterImpl-280c06ed-bcb5-4979-9226-67616719d9ed/datanode-5/meta/datanode.id
2019-09-20 10:25:17,797 [main] INFO  ozone.HddsDatanodeService (HddsDatanodeService.java:start(184)) - HddsDatanodeService host:pr-hdds-1569-p5fx8-1226042367 ip:192.168.36.99
2019-09-20 10:25:17,823 [main] INFO  volume.HddsVolume (HddsVolume.java:<init>(176)) - Creating Volume: /workdir/hadoop-ozone/integration-test/target/test-dir/MiniOzoneClusterImpl-280c06ed-bcb5-4979-9226-67616719d9ed/datanode-6/data/containers/hdds of  storage type : DISK and capacity : 1482555576320
2019-09-20 10:25:17,824 [main] INFO  volume.VolumeSet (VolumeSet.java:initializeVolumeSet(170)) - Added Volume : /workdir/hadoop-ozone/integration-test/target/test-dir/MiniOzoneClusterImpl-280c06ed-bcb5-4979-9226-67616719d9ed/datanode-6/data/containers/hdds to VolumeSet
2019-09-20 10:25:17,824 [main] INFO  volume.ThrottledAsyncChecker (ThrottledAsyncChecker.java:schedule(140)) - Scheduling a check for org.apache.hadoop.ozone.container.common.volume.HddsVolume@76b6bad3
2019-09-20 10:25:17,825 [main] INFO  volume.HddsVolumeChecker (HddsVolumeChecker.java:checkAllVolumes(203)) - Scheduled health check for volume org.apache.hadoop.ozone.container.common.volume.HddsVolume@76b6bad3
2019-09-20 10:25:17,847 [main] INFO  impl.RaftServerProxy (ConfUtils.java:logGet(43)) - raft.rpc.type = GRPC (default)
2019-09-20 10:25:17,847 [main] INFO  grpc.GrpcFactory (GrpcFactory.java:checkPooledByteBufAllocatorUseCacheForAllThreads(45)) - PERFORMANCE WARNING: useCacheForAllThreads is true that may cause Netty to create a lot garbage objects and, as a result, trigger GC.
	It is recommended to disable useCacheForAllThreads by setting -Dorg.apache.ratis.thirdparty.io.netty.allocator.useCacheForAllThreads=false in command line.
2019-09-20 10:25:17,848 [main] INFO  grpc.GrpcConfigKeys$Server (ConfUtils.java:logGet(43)) - raft.grpc.server.port = 0 (default)
2019-09-20 10:25:17,848 [main] INFO  server.GrpcService (ConfUtils.java:logGet(43)) - raft.grpc.message.size.max = 33570816 (custom)
2019-09-20 10:25:17,848 [main] INFO  server.RaftServerConfigKeys (ConfUtils.java:logGet(43)) - raft.server.log.appender.buffer.byte-limit = 33554432 (custom)
2019-09-20 10:25:17,848 [main] INFO  server.GrpcService (ConfUtils.java:logGet(43)) - raft.grpc.flow.control.window = 1MB (=1048576) (default)
2019-09-20 10:25:17,849 [main] INFO  server.RaftServerConfigKeys (ConfUtils.java:logGet(43)) - raft.server.rpc.request.timeout = 3000ms (default)
2019-09-20 10:25:17,849 [main] INFO  server.RaftServerConfigKeys (ConfUtils.java:logGet(43)) - raft.server.storage.dir = [/workdir/hadoop-ozone/integration-test/target/test-dir/MiniOzoneClusterImpl-280c06ed-bcb5-4979-9226-67616719d9ed/datanode-6/data/ratis] (custom)
2019-09-20 10:25:17,850 [main] INFO  replication.SimpleContainerDownloader (SimpleContainerDownloader.java:<init>(72)) - Starting container downloader service to copy containers to replicate.
2019-09-20 10:25:17,851 [main] INFO  hdfs.DFSUtil (DFSUtil.java:httpServerTemplateForNNAndJN(1641)) - Starting Web-server for hddsDatanode at: http://0.0.0.0:0
2019-09-20 10:25:17,852 [main] INFO  server.AuthenticationFilter (AuthenticationFilter.java:constructSecretProvider(240)) - Unable to initialize FileSignerSecretProvider, falling back to use random secrets.
2019-09-20 10:25:17,852 [main] WARN  http.HttpRequestLog (HttpRequestLog.java:getRequestLog(97)) - Jetty request log can only be enabled using Log4j
2019-09-20 10:25:17,854 [main] INFO  http.HttpServer2 (HttpServer2.java:addGlobalFilter(975)) - Added global filter 'safety' (class=org.apache.hadoop.http.HttpServer2$QuotingInputFilter)
2019-09-20 10:25:17,854 [main] INFO  http.HttpServer2 (HttpServer2.java:addFilter(948)) - Added filter static_user_filter (class=org.apache.hadoop.http.lib.StaticUserWebFilter$StaticUserFilter) to context hddsDatanode
2019-09-20 10:25:17,854 [main] INFO  http.HttpServer2 (HttpServer2.java:addFilter(958)) - Added filter static_user_filter (class=org.apache.hadoop.http.lib.StaticUserWebFilter$StaticUserFilter) to context static
2019-09-20 10:25:17,855 [main] INFO  http.HttpServer2 (HttpServer2.java:addFilter(958)) - Added filter static_user_filter (class=org.apache.hadoop.http.lib.StaticUserWebFilter$StaticUserFilter) to context logs
2019-09-20 10:25:17,855 [main] INFO  http.HttpServer2 (HttpServer2.java:bindListener(1191)) - Jetty bound to port 46106
2019-09-20 10:25:17,855 [main] INFO  server.Server (Server.java:doStart(351)) - jetty-9.3.24.v20180605, build timestamp: 2018-06-05T17:11:56Z, git hash: 84205aa28f11a4f31f2a3b86d1bba2cc8ab69827
2019-09-20 10:25:17,857 [main] INFO  handler.ContextHandler (ContextHandler.java:doStart(781)) - Started o.e.j.s.ServletContextHandler@2f006edf{/logs,file:///workdir/hadoop-ozone/integration-test/target/log,AVAILABLE}
2019-09-20 10:25:17,858 [main] INFO  handler.ContextHandler (ContextHandler.java:doStart(781)) - Started o.e.j.s.ServletContextHandler@28dd038f{/static,jar:file:/home/user/.m2/repository/org/apache/hadoop/hadoop-hdds-container-service/0.5.0-SNAPSHOT/hadoop-hdds-container-service-0.5.0-SNAPSHOT.jar!/webapps/static,AVAILABLE}
2019-09-20 10:25:17,885 [main] INFO  handler.ContextHandler (ContextHandler.java:doStart(781)) - Started o.e.j.w.WebAppContext@625c9248{/,file:///tmp/jetty-0.0.0.0-46106-hddsDatanode-_-any-605678020931412553.dir/webapp/,AVAILABLE}{/hddsDatanode}
2019-09-20 10:25:17,885 [main] INFO  server.AbstractConnector (AbstractConnector.java:doStart(278)) - Started ServerConnector@3c1ef806{HTTP/1.1,[http/1.1]}{0.0.0.0:46106}
2019-09-20 10:25:17,895 [main] INFO  server.Server (Server.java:doStart(419)) - Started @79263ms
2019-09-20 10:25:17,896 [main] INFO  server.BaseHttpServer (BaseHttpServer.java:updateConnectorAddress(213)) - HTTP server of HDDSDATANODE is listening at http://0.0.0.0:46106
2019-09-20 10:25:17,983 | INFO  | SCMAudit | user=jenkins1000 | ip=192.168.36.99 | op=GET_VERSION null | ret=SUCCESS |  
2019-09-20 10:25:18,000 [Datanode State Machine Thread - 0] INFO  ozoneimpl.OzoneContainer (OzoneContainer.java:start(186)) - Attempting to start container services.
2019-09-20 10:25:18,000 [Datanode State Machine Thread - 0] INFO  ozoneimpl.OzoneContainer (OzoneContainer.java:startContainerScrub(160)) - Background container scrubber has been disabled by hdds.containerscrub.enabled
2019-09-20 10:25:18,000 [Datanode State Machine Thread - 0] INFO  ratis.XceiverServerRatis (XceiverServerRatis.java:start(404)) - Starting XceiverServerRatis 99153be1-ba81-4c7b-b6ab-4442760615cb at port 0
2019-09-20 10:25:18,007 [Datanode State Machine Thread - 0] INFO  impl.RaftServerProxy (RaftServerProxy.java:lambda$start$3(299)) - 99153be1-ba81-4c7b-b6ab-4442760615cb: start RPC server
2019-09-20 10:25:18,008 [Datanode State Machine Thread - 0] INFO  server.GrpcService (GrpcService.java:startImpl(149)) - 99153be1-ba81-4c7b-b6ab-4442760615cb: GrpcService started, listening on 0.0.0.0/0.0.0.0:42693
2019-09-20 10:25:18,009 [Datanode State Machine Thread - 0] INFO  ratis.XceiverServerRatis (XceiverServerRatis.java:start(414)) - XceiverServerRatis 99153be1-ba81-4c7b-b6ab-4442760615cb is started using port 42693
2019-09-20 10:25:18,019 [Datanode State Machine Thread - 0] INFO  server.XceiverServerGrpc (XceiverServerGrpc.java:start(163)) - XceiverServerGrpc 99153be1-ba81-4c7b-b6ab-4442760615cb is started using port 37160
2019-09-20 10:25:18,042 | INFO  | ObjectStoreRestHttpServer | Listening HDDS REST traffic on /0.0.0.0:39039 |  
2019-09-20 10:25:18,042 [main] INFO  ozone.HddsDatanodeService (HddsDatanodeService.java:startPlugins(395)) - Started plug-in org.apache.hadoop.ozone.web.OzoneHddsDatanodeService@623be2a0
2019-09-20 10:25:18,042 [main] INFO  ozone.MiniOzoneClusterImpl (MiniOzoneClusterImpl.java:lambda$waitForClusterToBeReady$0(142)) - Waiting for cluster to be ready. Got 0 of 7 DN Heartbeats.
2019-09-20 10:25:18,043 [org.apache.hadoop.util.JvmPauseMonitor$Monitor@35ce277d] INFO  util.JvmPauseMonitor (JvmPauseMonitor.java:run(188)) - Starting JVM pause monitor
2019-09-20 10:25:18,046 [Datanode State Machine Thread - 0] INFO  datanode.InitDatanodeState (InitDatanodeState.java:persistContainerDatanodeDetails(140)) - DatanodeDetails is persisted to /workdir/hadoop-ozone/integration-test/target/test-dir/MiniOzoneClusterImpl-280c06ed-bcb5-4979-9226-67616719d9ed/datanode-6/meta/datanode.id
2019-09-20 10:25:18,284 | INFO  | SCMAudit | user=jenkins1000 | ip=192.168.36.99 | op=GET_VERSION null | ret=SUCCESS |  
2019-09-20 10:25:18,326 [Datanode State Machine Thread - 0] INFO  ozoneimpl.OzoneContainer (OzoneContainer.java:start(186)) - Attempting to start container services.
2019-09-20 10:25:18,326 [Datanode State Machine Thread - 0] INFO  ozoneimpl.OzoneContainer (OzoneContainer.java:startContainerScrub(160)) - Background container scrubber has been disabled by hdds.containerscrub.enabled
2019-09-20 10:25:18,326 [Datanode State Machine Thread - 0] INFO  ratis.XceiverServerRatis (XceiverServerRatis.java:start(404)) - Starting XceiverServerRatis e29464ab-17d7-4a4e-ab54-c178fccc723c at port 0
2019-09-20 10:25:18,333 [Datanode State Machine Thread - 0] INFO  impl.RaftServerProxy (RaftServerProxy.java:lambda$start$3(299)) - e29464ab-17d7-4a4e-ab54-c178fccc723c: start RPC server
2019-09-20 10:25:18,335 [Datanode State Machine Thread - 0] INFO  server.GrpcService (GrpcService.java:startImpl(149)) - e29464ab-17d7-4a4e-ab54-c178fccc723c: GrpcService started, listening on 0.0.0.0/0.0.0.0:36623
2019-09-20 10:25:18,335 [Datanode State Machine Thread - 0] INFO  ratis.XceiverServerRatis (XceiverServerRatis.java:start(414)) - XceiverServerRatis e29464ab-17d7-4a4e-ab54-c178fccc723c is started using port 36623
2019-09-20 10:25:18,379 [Datanode State Machine Thread - 0] INFO  server.XceiverServerGrpc (XceiverServerGrpc.java:start(163)) - XceiverServerGrpc e29464ab-17d7-4a4e-ab54-c178fccc723c is started using port 34517
2019-09-20 10:25:18,749 | INFO  | SCMAudit | user=jenkins1000 | ip=192.168.36.99 | op=SEND_HEARTBEAT {datanodeUUID=61649f92-8c0f-475a-818d-1064548aeef6, command=[]} | ret=SUCCESS |  
2019-09-20 10:25:18,756 | INFO  | SCMAudit | user=jenkins1000 | ip=192.168.36.99 | op=SEND_HEARTBEAT {datanodeUUID=19fb8383-7c99-4449-b95c-a26e71717844, command=[]} | ret=SUCCESS |  
2019-09-20 10:25:18,756 | INFO  | SCMAudit | user=jenkins1000 | ip=192.168.36.99 | op=SEND_HEARTBEAT {datanodeUUID=6491c372-a595-4104-b3e9-c4f3293baafa, command=[]} | ret=SUCCESS |  
2019-09-20 10:25:18,756 | INFO  | SCMAudit | user=jenkins1000 | ip=192.168.36.99 | op=SEND_HEARTBEAT {datanodeUUID=3d6f3241-e73c-473a-ad0b-c7be2f7e1dda, command=[]} | ret=SUCCESS |  
2019-09-20 10:25:18,757 | INFO  | SCMAudit | user=jenkins1000 | ip=192.168.36.99 | op=SEND_HEARTBEAT {datanodeUUID=d2ed2d9b-7ac7-460e-84f6-6d9d6066f76d, command=[]} | ret=SUCCESS |  
2019-09-20 10:25:18,757 | INFO  | SCMAudit | user=jenkins1000 | ip=192.168.36.99 | op=SEND_HEARTBEAT {datanodeUUID=17e2ba94-38a1-40e7-84e0-f6802901db84, command=[]} | ret=SUCCESS |  
2019-09-20 10:25:18,758 | INFO  | SCMAudit | user=jenkins1000 | ip=192.168.36.99 | op=SEND_HEARTBEAT {datanodeUUID=1ab786b9-c79c-4265-88a1-5b3344c6beda, command=[]} | ret=SUCCESS |  
2019-09-20 10:25:18,758 | INFO  | SCMAudit | user=jenkins1000 | ip=192.168.36.99 | op=SEND_HEARTBEAT {datanodeUUID=4d972e91-cb6b-45de-8bd2-c18af7abe58b, command=[]} | ret=SUCCESS |  
2019-09-20 10:25:18,758 | INFO  | SCMAudit | user=jenkins1000 | ip=192.168.36.99 | op=SEND_HEARTBEAT {datanodeUUID=cff8bf6b-8d20-4327-9f29-08a3c2b49247, command=[]} | ret=SUCCESS |  
2019-09-20 10:25:18,759 | INFO  | SCMAudit | user=jenkins1000 | ip=192.168.36.99 | op=SEND_HEARTBEAT {datanodeUUID=468be06f-55e9-4831-ba6b-3db017451a79, command=[]} | ret=SUCCESS |  
2019-09-20 10:25:18,759 | INFO  | SCMAudit | user=jenkins1000 | ip=192.168.36.99 | op=SEND_HEARTBEAT {datanodeUUID=66416d0b-a71c-4af1-ae3a-62ca63b880a3, command=[]} | ret=SUCCESS |  
2019-09-20 10:25:18,759 | INFO  | SCMAudit | user=jenkins1000 | ip=192.168.36.99 | op=SEND_HEARTBEAT {datanodeUUID=9e03ffa9-cf79-407a-a150-4c035e5aec5e, command=[]} | ret=SUCCESS |  
2019-09-20 10:25:18,760 | INFO  | SCMAudit | user=jenkins1000 | ip=192.168.36.99 | op=SEND_HEARTBEAT {datanodeUUID=60260ec1-e192-4b95-89c8-d924d16a77a9, command=[]} | ret=SUCCESS |  
2019-09-20 10:25:18,760 | INFO  | SCMAudit | user=jenkins1000 | ip=192.168.36.99 | op=SEND_HEARTBEAT {datanodeUUID=54207fe5-d92c-4c2e-b058-fbae630dabef, command=[]} | ret=SUCCESS |  
2019-09-20 10:25:18,760 | INFO  | SCMAudit | user=jenkins1000 | ip=192.168.36.99 | op=SEND_HEARTBEAT {datanodeUUID=99e70dd4-d763-4473-944c-c5628506dcf8, command=[]} | ret=SUCCESS |  
2019-09-20 10:25:18,760 | INFO  | SCMAudit | user=jenkins1000 | ip=192.168.36.99 | op=SEND_HEARTBEAT {datanodeUUID=7af711bd-b5ae-4a73-a8be-b970cae6c2d1, command=[]} | ret=SUCCESS |  
2019-09-20 10:25:18,761 | INFO  | SCMAudit | user=jenkins1000 | ip=192.168.36.99 | op=SEND_HEARTBEAT {datanodeUUID=136f1953-bb94-4097-a2d4-422a6782bee0, command=[]} | ret=SUCCESS |  
2019-09-20 10:25:18,763 | INFO  | SCMAudit | user=jenkins1000 | ip=192.168.36.99 | op=SEND_HEARTBEAT {datanodeUUID=c3e532f8-1a8e-44f3-b56b-d765aee893af, command=[]} | ret=SUCCESS |  
2019-09-20 10:25:18,763 | INFO  | SCMAudit | user=jenkins1000 | ip=192.168.36.99 | op=SEND_HEARTBEAT {datanodeUUID=bb8f5112-316d-4974-a5a6-f698f3fbb5be, command=[]} | ret=SUCCESS |  
2019-09-20 10:25:18,763 | INFO  | SCMAudit | user=jenkins1000 | ip=192.168.36.99 | op=SEND_HEARTBEAT {datanodeUUID=e8013689-2f13-4aaf-8a03-99f419c430ec, command=[]} | ret=SUCCESS |  
2019-09-20 10:25:18,764 | INFO  | SCMAudit | user=jenkins1000 | ip=192.168.36.99 | op=SEND_HEARTBEAT {datanodeUUID=b5962e8e-c9f1-48aa-8eb4-d8f74b8afdbe, command=[]} | ret=SUCCESS |  
2019-09-20 10:25:18,877 | INFO  | SCMAudit | user=jenkins1000 | ip=192.168.36.99 | op=GET_VERSION null | ret=SUCCESS |  
2019-09-20 10:25:18,894 [Datanode State Machine Thread - 0] INFO  ozoneimpl.OzoneContainer (OzoneContainer.java:start(186)) - Attempting to start container services.
2019-09-20 10:25:18,894 [Datanode State Machine Thread - 0] INFO  ozoneimpl.OzoneContainer (OzoneContainer.java:startContainerScrub(160)) - Background container scrubber has been disabled by hdds.containerscrub.enabled
2019-09-20 10:25:18,894 [Datanode State Machine Thread - 0] INFO  ratis.XceiverServerRatis (XceiverServerRatis.java:start(404)) - Starting XceiverServerRatis 1bfb6844-04ed-4104-839b-60e510b6bb68 at port 0
2019-09-20 10:25:18,902 [Datanode State Machine Thread - 0] INFO  impl.RaftServerProxy (RaftServerProxy.java:lambda$start$3(299)) - 1bfb6844-04ed-4104-839b-60e510b6bb68: start RPC server
2019-09-20 10:25:18,903 [Datanode State Machine Thread - 0] INFO  server.GrpcService (GrpcService.java:startImpl(149)) - 1bfb6844-04ed-4104-839b-60e510b6bb68: GrpcService started, listening on 0.0.0.0/0.0.0.0:44647
2019-09-20 10:25:18,903 [Datanode State Machine Thread - 0] INFO  ratis.XceiverServerRatis (XceiverServerRatis.java:start(414)) - XceiverServerRatis 1bfb6844-04ed-4104-839b-60e510b6bb68 is started using port 44647
2019-09-20 10:25:18,916 [Datanode State Machine Thread - 0] INFO  server.XceiverServerGrpc (XceiverServerGrpc.java:start(163)) - XceiverServerGrpc 1bfb6844-04ed-4104-839b-60e510b6bb68 is started using port 38183
2019-09-20 10:25:19,043 [main] INFO  ozone.MiniOzoneClusterImpl (MiniOzoneClusterImpl.java:lambda$waitForClusterToBeReady$0(142)) - Waiting for cluster to be ready. Got 0 of 7 DN Heartbeats.
2019-09-20 10:25:19,120 | INFO  | SCMAudit | user=jenkins1000 | ip=192.168.36.99 | op=GET_VERSION null | ret=SUCCESS |  
2019-09-20 10:25:19,143 [Datanode State Machine Thread - 0] INFO  ozoneimpl.OzoneContainer (OzoneContainer.java:start(186)) - Attempting to start container services.
2019-09-20 10:25:19,143 [Datanode State Machine Thread - 0] INFO  ozoneimpl.OzoneContainer (OzoneContainer.java:startContainerScrub(160)) - Background container scrubber has been disabled by hdds.containerscrub.enabled
2019-09-20 10:25:19,144 [Datanode State Machine Thread - 0] INFO  ratis.XceiverServerRatis (XceiverServerRatis.java:start(404)) - Starting XceiverServerRatis 075fa85b-703c-4900-807d-88f08b36438a at port 0
2019-09-20 10:25:19,151 [Datanode State Machine Thread - 0] INFO  impl.RaftServerProxy (RaftServerProxy.java:lambda$start$3(299)) - 075fa85b-703c-4900-807d-88f08b36438a: start RPC server
2019-09-20 10:25:19,166 [Datanode State Machine Thread - 0] INFO  server.GrpcService (GrpcService.java:startImpl(149)) - 075fa85b-703c-4900-807d-88f08b36438a: GrpcService started, listening on 0.0.0.0/0.0.0.0:38301
2019-09-20 10:25:19,166 [Datanode State Machine Thread - 0] INFO  ratis.XceiverServerRatis (XceiverServerRatis.java:start(414)) - XceiverServerRatis 075fa85b-703c-4900-807d-88f08b36438a is started using port 38301
2019-09-20 10:25:19,174 [Datanode State Machine Thread - 0] INFO  server.XceiverServerGrpc (XceiverServerGrpc.java:start(163)) - XceiverServerGrpc 075fa85b-703c-4900-807d-88f08b36438a is started using port 34780
2019-09-20 10:25:19,381 [IPC Server handler 9 on 33175] INFO  net.NetworkTopology (NetworkTopologyImpl.java:add(110)) - Added a new node: /default-rack/fac63c4b-287e-453e-9ac7-8c8c283fdab7
2019-09-20 10:25:19,390 [IPC Server handler 9 on 33175] INFO  node.SCMNodeManager (SCMNodeManager.java:register(273)) - Registered Data node : fac63c4b-287e-453e-9ac7-8c8c283fdab7{ip: 192.168.36.99, host: pr-hdds-1569-p5fx8-1226042367, networkLocation: /default-rack, certSerialId: null}
2019-09-20 10:25:19,391 [EventQueue-NodeRegistrationContainerReportForDataNodeSafeModeRule] INFO  safemode.SCMSafeModeManager (DataNodeSafeModeRule.java:process(71)) - SCM in safe mode. 1 DataNodes registered, 1 required.
2019-09-20 10:25:19,391 | INFO  | SCMAudit | user=jenkins1000 | ip=192.168.36.99 | op=REGISTER {datanodeDetails=fac63c4b-287e-453e-9ac7-8c8c283fdab7{ip: 192.168.36.99, host: pr-hdds-1569-p5fx8-1226042367, networkLocation: /default-rack, certSerialId: null}} | ret=SUCCESS |  
2019-09-20 10:25:19,399 [EventQueue-NodeRegistrationContainerReportForContainerSafeModeRule] INFO  safemode.SCMSafeModeManager (SCMSafeModeManager.java:validateSafeModeExitRules(177)) - ScmSafeModeManager, all rules are successfully validated
2019-09-20 10:25:19,400 [EventQueue-NodeRegistrationContainerReportForContainerSafeModeRule] INFO  safemode.SCMSafeModeManager (SCMSafeModeManager.java:exitSafeMode(193)) - SCM exiting safe mode.
2019-09-20 10:25:19,449 [grpc-default-executor-4] INFO  impl.RaftServerProxy (RaftServerProxy.java:addNew(89)) - fac63c4b-287e-453e-9ac7-8c8c283fdab7: addNew group-23C9435A8786:[fac63c4b-287e-453e-9ac7-8c8c283fdab7:192.168.36.99:38258] returns group-23C9435A8786:java.util.concurrent.CompletableFuture@3fca2cd2[Not completed]
2019-09-20 10:25:19,450 [pool-313-thread-1] INFO  impl.RaftServerImpl (RaftServerImpl.java:<init>(93)) - fac63c4b-287e-453e-9ac7-8c8c283fdab7: new RaftServerImpl for group-23C9435A8786:[fac63c4b-287e-453e-9ac7-8c8c283fdab7:192.168.36.99:38258] with ContainerStateMachine:uninitialized
2019-09-20 10:25:19,450 [pool-313-thread-1] INFO  server.RaftServerConfigKeys (ConfUtils.java:logGet(43)) - raft.server.rpc.timeout.min = 5s (custom)
2019-09-20 10:25:19,450 [pool-313-thread-1] INFO  server.RaftServerConfigKeys (ConfUtils.java:logGet(43)) - raft.server.rpc.timeout.max = 5200ms (custom)
2019-09-20 10:25:19,451 [pool-313-thread-1] INFO  server.RaftServerConfigKeys (ConfUtils.java:logGet(43)) - raft.server.rpcslowness.timeout = 120s (custom)
2019-09-20 10:25:19,451 [pool-313-thread-1] INFO  server.RaftServerConfigKeys (ConfUtils.java:logGet(43)) - raft.server.sleep.deviation.threshold = 300 (default)
2019-09-20 10:25:19,451 [pool-313-thread-1] INFO  server.RaftServerConfigKeys (ConfUtils.java:logGet(43)) - raft.server.log.appender.install.snapshot.enabled = false (custom)
2019-09-20 10:25:19,451 [pool-313-thread-1] INFO  impl.RaftServerImpl (ServerState.java:<init>(105)) - fac63c4b-287e-453e-9ac7-8c8c283fdab7:group-23C9435A8786 ConfigurationManager, init=-1: [fac63c4b-287e-453e-9ac7-8c8c283fdab7:192.168.36.99:38258], old=null, confs=<EMPTY_MAP>
2019-09-20 10:25:19,451 [pool-313-thread-1] INFO  server.RaftServerConfigKeys (ConfUtils.java:logGet(43)) - raft.server.storage.dir = [/workdir/hadoop-ozone/integration-test/target/test-dir/MiniOzoneClusterImpl-280c06ed-bcb5-4979-9226-67616719d9ed/datanode-0/data/ratis] (custom)
2019-09-20 10:25:19,452 [pool-313-thread-1] INFO  storage.RaftStorageDirectory (RaftStorageDirectory.java:analyzeStorage(246)) - The storage directory /workdir/hadoop-ozone/integration-test/target/test-dir/MiniOzoneClusterImpl-280c06ed-bcb5-4979-9226-67616719d9ed/datanode-0/data/ratis/ecd7b46d-b01b-4d07-8997-23c9435a8786 does not exist. Creating ...
2019-09-20 10:25:19,470 [pool-313-thread-1] INFO  storage.RaftStorageDirectory (RaftStorageDirectory.java:tryLock(328)) - Lock on /workdir/hadoop-ozone/integration-test/target/test-dir/MiniOzoneClusterImpl-280c06ed-bcb5-4979-9226-67616719d9ed/datanode-0/data/ratis/ecd7b46d-b01b-4d07-8997-23c9435a8786/in_use.lock acquired by nodename 28506@pr-hdds-1569-p5fx8-1226042367
2019-09-20 10:25:19,487 [pool-313-thread-1] INFO  storage.RaftStorage (RaftStorage.java:format(72)) - Storage directory /workdir/hadoop-ozone/integration-test/target/test-dir/MiniOzoneClusterImpl-280c06ed-bcb5-4979-9226-67616719d9ed/datanode-0/data/ratis/ecd7b46d-b01b-4d07-8997-23c9435a8786 has been successfully formatted.
2019-09-20 10:25:19,487 [pool-313-thread-1] INFO  ratis.ContainerStateMachine (ContainerStateMachine.java:loadSnapshot(226)) - group-23C9435A8786: The snapshot info is null. Setting the last applied indexto:(t:0, i:~)
2019-09-20 10:25:19,487 [pool-313-thread-1] INFO  server.RaftServerConfigKeys (ConfUtils.java:logGet(43)) - raft.server.leader.election.timeout = 120s (custom)
2019-09-20 10:25:19,487 [pool-313-thread-1] INFO  server.RaftServerConfigKeys (ConfUtils.java:logGet(43)) - raft.server.log.use.memory = false (default)
2019-09-20 10:25:19,488 [pool-313-thread-1] INFO  server.RaftServerConfigKeys (ConfUtils.java:logGet(43)) - raft.server.log.purge.gap = 1000000 (custom)
2019-09-20 10:25:19,488 [pool-313-thread-1] INFO  server.RaftServerConfigKeys (ConfUtils.java:logGet(43)) - raft.server.log.appender.buffer.byte-limit = 33554432 (custom)
2019-09-20 10:25:19,488 [pool-313-thread-1] INFO  server.RaftServerConfigKeys (ConfUtils.java:logGet(43)) - raft.server.log.segment.size.max = 1048576 (custom)
2019-09-20 10:25:19,488 [pool-313-thread-1] INFO  server.RaftServerConfigKeys (ConfUtils.java:logGet(43)) - raft.server.log.segment.cache.num.max = 2 (custom)
2019-09-20 10:25:19,488 [pool-313-thread-1] INFO  segmented.SegmentedRaftLogWorker (SegmentedRaftLogWorker.java:<init>(172)) - new fac63c4b-287e-453e-9ac7-8c8c283fdab7-SegmentedRaftLogWorker:Storage Directory /workdir/hadoop-ozone/integration-test/target/test-dir/MiniOzoneClusterImpl-280c06ed-bcb5-4979-9226-67616719d9ed/datanode-0/data/ratis/ecd7b46d-b01b-4d07-8997-23c9435a8786 for RaftStorage:Storage Directory /workdir/hadoop-ozone/integration-test/target/test-dir/MiniOzoneClusterImpl-280c06ed-bcb5-4979-9226-67616719d9ed/datanode-0/data/ratis/ecd7b46d-b01b-4d07-8997-23c9435a8786
2019-09-20 10:25:19,488 [pool-313-thread-1] INFO  server.RaftServerConfigKeys (ConfUtils.java:logGet(43)) - raft.server.log.queue.byte-limit = 2147483647 (custom)
2019-09-20 10:25:19,489 [pool-313-thread-1] INFO  server.RaftServerConfigKeys (ConfUtils.java:logGet(43)) - raft.server.log.queue.element-limit = 1024 (custom)
2019-09-20 10:25:19,489 [pool-313-thread-1] INFO  server.RaftServerConfigKeys (ConfUtils.java:logGet(43)) - raft.server.log.segment.size.max = 1048576 (custom)
2019-09-20 10:25:19,489 [pool-313-thread-1] INFO  server.RaftServerConfigKeys (ConfUtils.java:logGet(43)) - raft.server.log.preallocated.size = 16384 (custom)
2019-09-20 10:25:19,490 [pool-313-thread-1] INFO  server.RaftServerConfigKeys (ConfUtils.java:logGet(43)) - raft.server.log.write.buffer.size = 33554432 (custom)
2019-09-20 10:25:19,490 [pool-313-thread-1] INFO  server.RaftServerConfigKeys (ConfUtils.java:logGet(43)) - raft.server.log.force.sync.num = 128 (default)
2019-09-20 10:25:19,490 [pool-313-thread-1] INFO  server.RaftServerConfigKeys (ConfUtils.java:logGet(43)) - raft.server.log.statemachine.data.sync = true (default)
2019-09-20 10:25:19,490 [pool-313-thread-1] INFO  server.RaftServerConfigKeys (ConfUtils.java:logGet(43)) - raft.server.log.statemachine.data.sync.timeout = 10s (default)
2019-09-20 10:25:19,490 [pool-313-thread-1] INFO  server.RaftServerConfigKeys (ConfUtils.java:logGet(43)) - raft.server.log.statemachine.data.sync.timeout.retry = -1 (default)
2019-09-20 10:25:19,491 [pool-313-thread-1] INFO  server.RaftServerConfigKeys (ConfUtils.java:logGet(43)) - raft.server.log.statemachine.data.caching.enabled = true (custom)
2019-09-20 10:25:19,492 [pool-313-thread-1] INFO  segmented.SegmentedRaftLogWorker (SegmentedRaftLogWorker.java:lambda$new$0(132)) - fac63c4b-287e-453e-9ac7-8c8c283fdab7-SegmentedRaftLogWorker:Storage Directory /workdir/hadoop-ozone/integration-test/target/test-dir/MiniOzoneClusterImpl-280c06ed-bcb5-4979-9226-67616719d9ed/datanode-0/data/ratis/ecd7b46d-b01b-4d07-8997-23c9435a8786: flushIndex: setUnconditionally 0 -> -1
2019-09-20 10:25:19,492 [pool-313-thread-1] INFO  server.RaftServerConfigKeys (ConfUtils.java:logGet(43)) - raft.server.snapshot.auto.trigger.enabled = true (custom)
2019-09-20 10:25:19,492 [pool-313-thread-1] INFO  server.RaftServerConfigKeys (ConfUtils.java:logGet(43)) - raft.server.snapshot.auto.trigger.threshold = 10000 (custom)
2019-09-20 10:25:19,493 [pool-313-thread-1] INFO  server.RaftServerConfigKeys (ConfUtils.java:logGet(43)) - raft.server.retrycache.expirytime = 600000ms (custom)
2019-09-20 10:25:19,493 [pool-313-thread-1] INFO  impl.RaftServerImpl (RaftServerImpl.java:start(180)) - fac63c4b-287e-453e-9ac7-8c8c283fdab7: start group-23C9435A8786
2019-09-20 10:25:19,493 [pool-313-thread-1] INFO  impl.RaftServerImpl (RaftServerImpl.java:setRole(171)) - fac63c4b-287e-453e-9ac7-8c8c283fdab7:group-23C9435A8786 changes role from null to FOLLOWER at term 0 for startAsFollower
2019-09-20 10:25:19,493 [pool-313-thread-1] INFO  impl.RoleInfo (RoleInfo.java:updateAndGet(143)) - fac63c4b-287e-453e-9ac7-8c8c283fdab7: start FollowerState
2019-09-20 10:25:19,494 [pool-313-thread-1] INFO  util.JmxRegister (JmxRegister.java:tryRegister(44)) - Successfully registered JMX Bean with object name Ratis:service=RaftServer,group=group-23C9435A8786,id=fac63c4b-287e-453e-9ac7-8c8c283fdab7
2019-09-20 10:25:19,513 [RatisPipelineUtilsThread] INFO  pipeline.PipelineStateManager (PipelineStateManager.java:addPipeline(56)) - Created pipeline Pipeline[ Id: ecd7b46d-b01b-4d07-8997-23c9435a8786, Nodes: fac63c4b-287e-453e-9ac7-8c8c283fdab7{ip: 192.168.36.99, host: pr-hdds-1569-p5fx8-1226042367, networkLocation: /default-rack, certSerialId: null}, Type:RATIS, Factor:ONE, State:OPEN]
2019-09-20 10:25:19,519 [grpc-default-executor-4] INFO  impl.RaftServerProxy (RaftServerProxy.java:addNew(89)) - fac63c4b-287e-453e-9ac7-8c8c283fdab7: addNew group-D756FC2324CD:[fac63c4b-287e-453e-9ac7-8c8c283fdab7:192.168.36.99:38258] returns group-D756FC2324CD:java.util.concurrent.CompletableFuture@14e0812a[Not completed]
2019-09-20 10:25:19,520 [pool-313-thread-1] INFO  impl.RaftServerImpl (RaftServerImpl.java:<init>(93)) - fac63c4b-287e-453e-9ac7-8c8c283fdab7: new RaftServerImpl for group-D756FC2324CD:[fac63c4b-287e-453e-9ac7-8c8c283fdab7:192.168.36.99:38258] with ContainerStateMachine:uninitialized
2019-09-20 10:25:19,520 [pool-313-thread-1] INFO  server.RaftServerConfigKeys (ConfUtils.java:logGet(43)) - raft.server.rpc.timeout.min = 5s (custom)
2019-09-20 10:25:19,521 [pool-313-thread-1] INFO  server.RaftServerConfigKeys (ConfUtils.java:logGet(43)) - raft.server.rpc.timeout.max = 5200ms (custom)
2019-09-20 10:25:19,521 [pool-313-thread-1] INFO  server.RaftServerConfigKeys (ConfUtils.java:logGet(43)) - raft.server.rpcslowness.timeout = 120s (custom)
2019-09-20 10:25:19,521 [pool-313-thread-1] INFO  server.RaftServerConfigKeys (ConfUtils.java:logGet(43)) - raft.server.sleep.deviation.threshold = 300 (default)
2019-09-20 10:25:19,521 [pool-313-thread-1] INFO  server.RaftServerConfigKeys (ConfUtils.java:logGet(43)) - raft.server.log.appender.install.snapshot.enabled = false (custom)
2019-09-20 10:25:19,521 [pool-313-thread-1] INFO  impl.RaftServerImpl (ServerState.java:<init>(105)) - fac63c4b-287e-453e-9ac7-8c8c283fdab7:group-D756FC2324CD ConfigurationManager, init=-1: [fac63c4b-287e-453e-9ac7-8c8c283fdab7:192.168.36.99:38258], old=null, confs=<EMPTY_MAP>
2019-09-20 10:25:19,521 [pool-313-thread-1] INFO  server.RaftServerConfigKeys (ConfUtils.java:logGet(43)) - raft.server.storage.dir = [/workdir/hadoop-ozone/integration-test/target/test-dir/MiniOzoneClusterImpl-280c06ed-bcb5-4979-9226-67616719d9ed/datanode-0/data/ratis] (custom)
2019-09-20 10:25:19,522 [pool-313-thread-1] INFO  storage.RaftStorageDirectory (RaftStorageDirectory.java:analyzeStorage(246)) - The storage directory /workdir/hadoop-ozone/integration-test/target/test-dir/MiniOzoneClusterImpl-280c06ed-bcb5-4979-9226-67616719d9ed/datanode-0/data/ratis/a0afef71-4a96-42e1-97f9-d756fc2324cd does not exist. Creating ...
2019-09-20 10:25:19,553 [pool-313-thread-1] INFO  storage.RaftStorageDirectory (RaftStorageDirectory.java:tryLock(328)) - Lock on /workdir/hadoop-ozone/integration-test/target/test-dir/MiniOzoneClusterImpl-280c06ed-bcb5-4979-9226-67616719d9ed/datanode-0/data/ratis/a0afef71-4a96-42e1-97f9-d756fc2324cd/in_use.lock acquired by nodename 28506@pr-hdds-1569-p5fx8-1226042367
2019-09-20 10:25:19,578 [pool-313-thread-1] INFO  storage.RaftStorage (RaftStorage.java:format(72)) - Storage directory /workdir/hadoop-ozone/integration-test/target/test-dir/MiniOzoneClusterImpl-280c06ed-bcb5-4979-9226-67616719d9ed/datanode-0/data/ratis/a0afef71-4a96-42e1-97f9-d756fc2324cd has been successfully formatted.
2019-09-20 10:25:19,579 [pool-313-thread-1] INFO  ratis.ContainerStateMachine (ContainerStateMachine.java:loadSnapshot(226)) - group-D756FC2324CD: The snapshot info is null. Setting the last applied indexto:(t:0, i:~)
2019-09-20 10:25:19,579 [pool-313-thread-1] INFO  server.RaftServerConfigKeys (ConfUtils.java:logGet(43)) - raft.server.leader.election.timeout = 120s (custom)
2019-09-20 10:25:19,579 [pool-313-thread-1] INFO  server.RaftServerConfigKeys (ConfUtils.java:logGet(43)) - raft.server.log.use.memory = false (default)
2019-09-20 10:25:19,579 [pool-313-thread-1] INFO  server.RaftServerConfigKeys (ConfUtils.java:logGet(43)) - raft.server.log.purge.gap = 1000000 (custom)
2019-09-20 10:25:19,579 [pool-313-thread-1] INFO  server.RaftServerConfigKeys (ConfUtils.java:logGet(43)) - raft.server.log.appender.buffer.byte-limit = 33554432 (custom)
2019-09-20 10:25:19,579 [pool-313-thread-1] INFO  server.RaftServerConfigKeys (ConfUtils.java:logGet(43)) - raft.server.log.segment.size.max = 1048576 (custom)
2019-09-20 10:25:19,580 [pool-313-thread-1] INFO  server.RaftServerConfigKeys (ConfUtils.java:logGet(43)) - raft.server.log.segment.cache.num.max = 2 (custom)
2019-09-20 10:25:19,580 [pool-313-thread-1] INFO  segmented.SegmentedRaftLogWorker (SegmentedRaftLogWorker.java:<init>(172)) - new fac63c4b-287e-453e-9ac7-8c8c283fdab7-SegmentedRaftLogWorker:Storage Directory /workdir/hadoop-ozone/integration-test/target/test-dir/MiniOzoneClusterImpl-280c06ed-bcb5-4979-9226-67616719d9ed/datanode-0/data/ratis/a0afef71-4a96-42e1-97f9-d756fc2324cd for RaftStorage:Storage Directory /workdir/hadoop-ozone/integration-test/target/test-dir/MiniOzoneClusterImpl-280c06ed-bcb5-4979-9226-67616719d9ed/datanode-0/data/ratis/a0afef71-4a96-42e1-97f9-d756fc2324cd
2019-09-20 10:25:19,580 [pool-313-thread-1] INFO  server.RaftServerConfigKeys (ConfUtils.java:logGet(43)) - raft.server.log.queue.byte-limit = 2147483647 (custom)
2019-09-20 10:25:19,580 [pool-313-thread-1] INFO  server.RaftServerConfigKeys (ConfUtils.java:logGet(43)) - raft.server.log.queue.element-limit = 1024 (custom)
2019-09-20 10:25:19,580 [pool-313-thread-1] INFO  server.RaftServerConfigKeys (ConfUtils.java:logGet(43)) - raft.server.log.segment.size.max = 1048576 (custom)
2019-09-20 10:25:19,581 [pool-313-thread-1] INFO  server.RaftServerConfigKeys (ConfUtils.java:logGet(43)) - raft.server.log.preallocated.size = 16384 (custom)
2019-09-20 10:25:19,581 [pool-313-thread-1] INFO  server.RaftServerConfigKeys (ConfUtils.java:logGet(43)) - raft.server.log.write.buffer.size = 33554432 (custom)
2019-09-20 10:25:19,581 [pool-313-thread-1] INFO  server.RaftServerConfigKeys (ConfUtils.java:logGet(43)) - raft.server.log.force.sync.num = 128 (default)
2019-09-20 10:25:19,581 [pool-313-thread-1] INFO  server.RaftServerConfigKeys (ConfUtils.java:logGet(43)) - raft.server.log.statemachine.data.sync = true (default)
2019-09-20 10:25:19,581 [pool-313-thread-1] INFO  server.RaftServerConfigKeys (ConfUtils.java:logGet(43)) - raft.server.log.statemachine.data.sync.timeout = 10s (default)
2019-09-20 10:25:19,581 [pool-313-thread-1] INFO  server.RaftServerConfigKeys (ConfUtils.java:logGet(43)) - raft.server.log.statemachine.data.sync.timeout.retry = -1 (default)
2019-09-20 10:25:19,582 [pool-313-thread-1] INFO  server.RaftServerConfigKeys (ConfUtils.java:logGet(43)) - raft.server.log.statemachine.data.caching.enabled = true (custom)
2019-09-20 10:25:19,582 [pool-313-thread-1] INFO  segmented.SegmentedRaftLogWorker (SegmentedRaftLogWorker.java:lambda$new$0(132)) - fac63c4b-287e-453e-9ac7-8c8c283fdab7-SegmentedRaftLogWorker:Storage Directory /workdir/hadoop-ozone/integration-test/target/test-dir/MiniOzoneClusterImpl-280c06ed-bcb5-4979-9226-67616719d9ed/datanode-0/data/ratis/a0afef71-4a96-42e1-97f9-d756fc2324cd: flushIndex: setUnconditionally 0 -> -1
2019-09-20 10:25:19,582 [pool-313-thread-1] INFO  server.RaftServerConfigKeys (ConfUtils.java:logGet(43)) - raft.server.snapshot.auto.trigger.enabled = true (custom)
2019-09-20 10:25:19,583 [pool-313-thread-1] INFO  server.RaftServerConfigKeys (ConfUtils.java:logGet(43)) - raft.server.snapshot.auto.trigger.threshold = 10000 (custom)
2019-09-20 10:25:19,583 [pool-313-thread-1] INFO  server.RaftServerConfigKeys (ConfUtils.java:logGet(43)) - raft.server.retrycache.expirytime = 600000ms (custom)
2019-09-20 10:25:19,583 [pool-313-thread-1] INFO  impl.RaftServerImpl (RaftServerImpl.java:start(180)) - fac63c4b-287e-453e-9ac7-8c8c283fdab7: start group-D756FC2324CD
2019-09-20 10:25:19,583 [pool-313-thread-1] INFO  impl.RaftServerImpl (RaftServerImpl.java:setRole(171)) - fac63c4b-287e-453e-9ac7-8c8c283fdab7:group-D756FC2324CD changes role from null to FOLLOWER at term 0 for startAsFollower
2019-09-20 10:25:19,583 [pool-313-thread-1] INFO  impl.RoleInfo (RoleInfo.java:updateAndGet(143)) - fac63c4b-287e-453e-9ac7-8c8c283fdab7: start FollowerState
2019-09-20 10:25:19,584 [pool-313-thread-1] INFO  util.JmxRegister (JmxRegister.java:tryRegister(44)) - Successfully registered JMX Bean with object name Ratis:service=RaftServer,group=group-D756FC2324CD,id=fac63c4b-287e-453e-9ac7-8c8c283fdab7
2019-09-20 10:25:19,587 [RatisPipelineUtilsThread] INFO  pipeline.PipelineStateManager (PipelineStateManager.java:addPipeline(56)) - Created pipeline Pipeline[ Id: a0afef71-4a96-42e1-97f9-d756fc2324cd, Nodes: fac63c4b-287e-453e-9ac7-8c8c283fdab7{ip: 192.168.36.99, host: pr-hdds-1569-p5fx8-1226042367, networkLocation: /default-rack, certSerialId: null}, Type:RATIS, Factor:ONE, State:OPEN]
2019-09-20 10:25:19,592 [grpc-default-executor-4] INFO  impl.RaftServerProxy (RaftServerProxy.java:addNew(89)) - fac63c4b-287e-453e-9ac7-8c8c283fdab7: addNew group-A60E90D6B906:[fac63c4b-287e-453e-9ac7-8c8c283fdab7:192.168.36.99:38258] returns group-A60E90D6B906:java.util.concurrent.CompletableFuture@269154d8[Not completed]
2019-09-20 10:25:19,593 [pool-313-thread-1] INFO  impl.RaftServerImpl (RaftServerImpl.java:<init>(93)) - fac63c4b-287e-453e-9ac7-8c8c283fdab7: new RaftServerImpl for group-A60E90D6B906:[fac63c4b-287e-453e-9ac7-8c8c283fdab7:192.168.36.99:38258] with ContainerStateMachine:uninitialized
2019-09-20 10:25:19,593 [pool-313-thread-1] INFO  server.RaftServerConfigKeys (ConfUtils.java:logGet(43)) - raft.server.rpc.timeout.min = 5s (custom)
2019-09-20 10:25:19,593 [pool-313-thread-1] INFO  server.RaftServerConfigKeys (ConfUtils.java:logGet(43)) - raft.server.rpc.timeout.max = 5200ms (custom)
2019-09-20 10:25:19,593 [pool-313-thread-1] INFO  server.RaftServerConfigKeys (ConfUtils.java:logGet(43)) - raft.server.rpcslowness.timeout = 120s (custom)
2019-09-20 10:25:19,593 [pool-313-thread-1] INFO  server.RaftServerConfigKeys (ConfUtils.java:logGet(43)) - raft.server.sleep.deviation.threshold = 300 (default)
2019-09-20 10:25:19,593 [pool-313-thread-1] INFO  server.RaftServerConfigKeys (ConfUtils.java:logGet(43)) - raft.server.log.appender.install.snapshot.enabled = false (custom)
2019-09-20 10:25:19,594 [pool-313-thread-1] INFO  impl.RaftServerImpl (ServerState.java:<init>(105)) - fac63c4b-287e-453e-9ac7-8c8c283fdab7:group-A60E90D6B906 ConfigurationManager, init=-1: [fac63c4b-287e-453e-9ac7-8c8c283fdab7:192.168.36.99:38258], old=null, confs=<EMPTY_MAP>
2019-09-20 10:25:19,594 [pool-313-thread-1] INFO  server.RaftServerConfigKeys (ConfUtils.java:logGet(43)) - raft.server.storage.dir = [/workdir/hadoop-ozone/integration-test/target/test-dir/MiniOzoneClusterImpl-280c06ed-bcb5-4979-9226-67616719d9ed/datanode-0/data/ratis] (custom)
2019-09-20 10:25:19,594 [pool-313-thread-1] INFO  storage.RaftStorageDirectory (RaftStorageDirectory.java:analyzeStorage(246)) - The storage directory /workdir/hadoop-ozone/integration-test/target/test-dir/MiniOzoneClusterImpl-280c06ed-bcb5-4979-9226-67616719d9ed/datanode-0/data/ratis/ba5ac46e-e91a-4737-8e5f-a60e90d6b906 does not exist. Creating ...
2019-09-20 10:25:19,612 [pool-313-thread-1] INFO  storage.RaftStorageDirectory (RaftStorageDirectory.java:tryLock(328)) - Lock on /workdir/hadoop-ozone/integration-test/target/test-dir/MiniOzoneClusterImpl-280c06ed-bcb5-4979-9226-67616719d9ed/datanode-0/data/ratis/ba5ac46e-e91a-4737-8e5f-a60e90d6b906/in_use.lock acquired by nodename 28506@pr-hdds-1569-p5fx8-1226042367
2019-09-20 10:25:19,623 | INFO  | SCMAudit | user=jenkins1000 | ip=192.168.36.99 | op=GET_VERSION null | ret=SUCCESS |  
2019-09-20 10:25:19,629 [pool-313-thread-1] INFO  storage.RaftStorage (RaftStorage.java:format(72)) - Storage directory /workdir/hadoop-ozone/integration-test/target/test-dir/MiniOzoneClusterImpl-280c06ed-bcb5-4979-9226-67616719d9ed/datanode-0/data/ratis/ba5ac46e-e91a-4737-8e5f-a60e90d6b906 has been successfully formatted.
2019-09-20 10:25:19,629 [pool-313-thread-1] INFO  ratis.ContainerStateMachine (ContainerStateMachine.java:loadSnapshot(226)) - group-A60E90D6B906: The snapshot info is null. Setting the last applied indexto:(t:0, i:~)
2019-09-20 10:25:19,630 [pool-313-thread-1] INFO  server.RaftServerConfigKeys (ConfUtils.java:logGet(43)) - raft.server.leader.election.timeout = 120s (custom)
2019-09-20 10:25:19,630 [pool-313-thread-1] INFO  server.RaftServerConfigKeys (ConfUtils.java:logGet(43)) - raft.server.log.use.memory = false (default)
2019-09-20 10:25:19,630 [pool-313-thread-1] INFO  server.RaftServerConfigKeys (ConfUtils.java:logGet(43)) - raft.server.log.purge.gap = 1000000 (custom)
2019-09-20 10:25:19,630 [pool-313-thread-1] INFO  server.RaftServerConfigKeys (ConfUtils.java:logGet(43)) - raft.server.log.appender.buffer.byte-limit = 33554432 (custom)
2019-09-20 10:25:19,630 [pool-313-thread-1] INFO  server.RaftServerConfigKeys (ConfUtils.java:logGet(43)) - raft.server.log.segment.size.max = 1048576 (custom)
2019-09-20 10:25:19,630 [pool-313-thread-1] INFO  server.RaftServerConfigKeys (ConfUtils.java:logGet(43)) - raft.server.log.segment.cache.num.max = 2 (custom)
2019-09-20 10:25:19,631 [pool-313-thread-1] INFO  segmented.SegmentedRaftLogWorker (SegmentedRaftLogWorker.java:<init>(172)) - new fac63c4b-287e-453e-9ac7-8c8c283fdab7-SegmentedRaftLogWorker:Storage Directory /workdir/hadoop-ozone/integration-test/target/test-dir/MiniOzoneClusterImpl-280c06ed-bcb5-4979-9226-67616719d9ed/datanode-0/data/ratis/ba5ac46e-e91a-4737-8e5f-a60e90d6b906 for RaftStorage:Storage Directory /workdir/hadoop-ozone/integration-test/target/test-dir/MiniOzoneClusterImpl-280c06ed-bcb5-4979-9226-67616719d9ed/datanode-0/data/ratis/ba5ac46e-e91a-4737-8e5f-a60e90d6b906
2019-09-20 10:25:19,631 [pool-313-thread-1] INFO  server.RaftServerConfigKeys (ConfUtils.java:logGet(43)) - raft.server.log.queue.byte-limit = 2147483647 (custom)
2019-09-20 10:25:19,631 [pool-313-thread-1] INFO  server.RaftServerConfigKeys (ConfUtils.java:logGet(43)) - raft.server.log.queue.element-limit = 1024 (custom)
2019-09-20 10:25:19,631 [pool-313-thread-1] INFO  server.RaftServerConfigKeys (ConfUtils.java:logGet(43)) - raft.server.log.segment.size.max = 1048576 (custom)
2019-09-20 10:25:19,631 [pool-313-thread-1] INFO  server.RaftServerConfigKeys (ConfUtils.java:logGet(43)) - raft.server.log.preallocated.size = 16384 (custom)
2019-09-20 10:25:19,632 [pool-313-thread-1] INFO  server.RaftServerConfigKeys (ConfUtils.java:logGet(43)) - raft.server.log.write.buffer.size = 33554432 (custom)
2019-09-20 10:25:19,632 [pool-313-thread-1] INFO  server.RaftServerConfigKeys (ConfUtils.java:logGet(43)) - raft.server.log.force.sync.num = 128 (default)
2019-09-20 10:25:19,632 [pool-313-thread-1] INFO  server.RaftServerConfigKeys (ConfUtils.java:logGet(43)) - raft.server.log.statemachine.data.sync = true (default)
2019-09-20 10:25:19,632 [pool-313-thread-1] INFO  server.RaftServerConfigKeys (ConfUtils.java:logGet(43)) - raft.server.log.statemachine.data.sync.timeout = 10s (default)
2019-09-20 10:25:19,632 [pool-313-thread-1] INFO  server.RaftServerConfigKeys (ConfUtils.java:logGet(43)) - raft.server.log.statemachine.data.sync.timeout.retry = -1 (default)
2019-09-20 10:25:19,633 [pool-313-thread-1] INFO  server.RaftServerConfigKeys (ConfUtils.java:logGet(43)) - raft.server.log.statemachine.data.caching.enabled = true (custom)
2019-09-20 10:25:19,633 [pool-313-thread-1] INFO  segmented.SegmentedRaftLogWorker (SegmentedRaftLogWorker.java:lambda$new$0(132)) - fac63c4b-287e-453e-9ac7-8c8c283fdab7-SegmentedRaftLogWorker:Storage Directory /workdir/hadoop-ozone/integration-test/target/test-dir/MiniOzoneClusterImpl-280c06ed-bcb5-4979-9226-67616719d9ed/datanode-0/data/ratis/ba5ac46e-e91a-4737-8e5f-a60e90d6b906: flushIndex: setUnconditionally 0 -> -1
2019-09-20 10:25:19,633 [pool-313-thread-1] INFO  server.RaftServerConfigKeys (ConfUtils.java:logGet(43)) - raft.server.snapshot.auto.trigger.enabled = true (custom)
2019-09-20 10:25:19,634 [pool-313-thread-1] INFO  server.RaftServerConfigKeys (ConfUtils.java:logGet(43)) - raft.server.snapshot.auto.trigger.threshold = 10000 (custom)
2019-09-20 10:25:19,634 [pool-313-thread-1] INFO  server.RaftServerConfigKeys (ConfUtils.java:logGet(43)) - raft.server.retrycache.expirytime = 600000ms (custom)
2019-09-20 10:25:19,634 [pool-313-thread-1] INFO  impl.RaftServerImpl (RaftServerImpl.java:start(180)) - fac63c4b-287e-453e-9ac7-8c8c283fdab7: start group-A60E90D6B906
2019-09-20 10:25:19,634 [pool-313-thread-1] INFO  impl.RaftServerImpl (RaftServerImpl.java:setRole(171)) - fac63c4b-287e-453e-9ac7-8c8c283fdab7:group-A60E90D6B906 changes role from null to FOLLOWER at term 0 for startAsFollower
2019-09-20 10:25:19,634 [pool-313-thread-1] INFO  impl.RoleInfo (RoleInfo.java:updateAndGet(143)) - fac63c4b-287e-453e-9ac7-8c8c283fdab7: start FollowerState
2019-09-20 10:25:19,635 [pool-313-thread-1] INFO  util.JmxRegister (JmxRegister.java:tryRegister(44)) - Successfully registered JMX Bean with object name Ratis:service=RaftServer,group=group-A60E90D6B906,id=fac63c4b-287e-453e-9ac7-8c8c283fdab7
2019-09-20 10:25:19,637 [RatisPipelineUtilsThread] INFO  pipeline.PipelineStateManager (PipelineStateManager.java:addPipeline(56)) - Created pipeline Pipeline[ Id: ba5ac46e-e91a-4737-8e5f-a60e90d6b906, Nodes: fac63c4b-287e-453e-9ac7-8c8c283fdab7{ip: 192.168.36.99, host: pr-hdds-1569-p5fx8-1226042367, networkLocation: /default-rack, certSerialId: null}, Type:RATIS, Factor:ONE, State:OPEN]
2019-09-20 10:25:19,642 [grpc-default-executor-4] INFO  impl.RaftServerProxy (RaftServerProxy.java:addNew(89)) - fac63c4b-287e-453e-9ac7-8c8c283fdab7: addNew group-92B61ACBDA5D:[fac63c4b-287e-453e-9ac7-8c8c283fdab7:192.168.36.99:38258] returns group-92B61ACBDA5D:java.util.concurrent.CompletableFuture@54c909d8[Not completed]
2019-09-20 10:25:19,643 [pool-313-thread-1] INFO  impl.RaftServerImpl (RaftServerImpl.java:<init>(93)) - fac63c4b-287e-453e-9ac7-8c8c283fdab7: new RaftServerImpl for group-92B61ACBDA5D:[fac63c4b-287e-453e-9ac7-8c8c283fdab7:192.168.36.99:38258] with ContainerStateMachine:uninitialized
2019-09-20 10:25:19,643 [pool-313-thread-1] INFO  server.RaftServerConfigKeys (ConfUtils.java:logGet(43)) - raft.server.rpc.timeout.min = 5s (custom)
2019-09-20 10:25:19,644 [pool-313-thread-1] INFO  server.RaftServerConfigKeys (ConfUtils.java:logGet(43)) - raft.server.rpc.timeout.max = 5200ms (custom)
2019-09-20 10:25:19,644 [pool-313-thread-1] INFO  server.RaftServerConfigKeys (ConfUtils.java:logGet(43)) - raft.server.rpcslowness.timeout = 120s (custom)
2019-09-20 10:25:19,644 [pool-313-thread-1] INFO  server.RaftServerConfigKeys (ConfUtils.java:logGet(43)) - raft.server.sleep.deviation.threshold = 300 (default)
2019-09-20 10:25:19,644 [pool-313-thread-1] INFO  server.RaftServerConfigKeys (ConfUtils.java:logGet(43)) - raft.server.log.appender.install.snapshot.enabled = false (custom)
2019-09-20 10:25:19,644 [pool-313-thread-1] INFO  impl.RaftServerImpl (ServerState.java:<init>(105)) - fac63c4b-287e-453e-9ac7-8c8c283fdab7:group-92B61ACBDA5D ConfigurationManager, init=-1: [fac63c4b-287e-453e-9ac7-8c8c283fdab7:192.168.36.99:38258], old=null, confs=<EMPTY_MAP>
2019-09-20 10:25:19,644 [pool-313-thread-1] INFO  server.RaftServerConfigKeys (ConfUtils.java:logGet(43)) - raft.server.storage.dir = [/workdir/hadoop-ozone/integration-test/target/test-dir/MiniOzoneClusterImpl-280c06ed-bcb5-4979-9226-67616719d9ed/datanode-0/data/ratis] (custom)
2019-09-20 10:25:19,645 [pool-313-thread-1] INFO  storage.RaftStorageDirectory (RaftStorageDirectory.java:analyzeStorage(246)) - The storage directory /workdir/hadoop-ozone/integration-test/target/test-dir/MiniOzoneClusterImpl-280c06ed-bcb5-4979-9226-67616719d9ed/datanode-0/data/ratis/bbe12489-1cc2-49b2-ade0-92b61acbda5d does not exist. Creating ...
2019-09-20 10:25:19,646 [Datanode State Machine Thread - 0] INFO  ozoneimpl.OzoneContainer (OzoneContainer.java:start(186)) - Attempting to start container services.
2019-09-20 10:25:19,646 [Datanode State Machine Thread - 0] INFO  ozoneimpl.OzoneContainer (OzoneContainer.java:startContainerScrub(160)) - Background container scrubber has been disabled by hdds.containerscrub.enabled
2019-09-20 10:25:19,646 [Datanode State Machine Thread - 0] INFO  ratis.XceiverServerRatis (XceiverServerRatis.java:start(404)) - Starting XceiverServerRatis 7f6418e1-cc7a-441a-8f41-c73576b5a1c5 at port 0
2019-09-20 10:25:19,654 [Datanode State Machine Thread - 0] INFO  impl.RaftServerProxy (RaftServerProxy.java:lambda$start$3(299)) - 7f6418e1-cc7a-441a-8f41-c73576b5a1c5: start RPC server
2019-09-20 10:25:19,667 [pool-313-thread-1] INFO  storage.RaftStorageDirectory (RaftStorageDirectory.java:tryLock(328)) - Lock on /workdir/hadoop-ozone/integration-test/target/test-dir/MiniOzoneClusterImpl-280c06ed-bcb5-4979-9226-67616719d9ed/datanode-0/data/ratis/bbe12489-1cc2-49b2-ade0-92b61acbda5d/in_use.lock acquired by nodename 28506@pr-hdds-1569-p5fx8-1226042367
2019-09-20 10:25:19,667 [Datanode State Machine Thread - 0] INFO  server.GrpcService (GrpcService.java:startImpl(149)) - 7f6418e1-cc7a-441a-8f41-c73576b5a1c5: GrpcService started, listening on 0.0.0.0/0.0.0.0:40506
2019-09-20 10:25:19,667 [Datanode State Machine Thread - 0] INFO  ratis.XceiverServerRatis (XceiverServerRatis.java:start(414)) - XceiverServerRatis 7f6418e1-cc7a-441a-8f41-c73576b5a1c5 is started using port 40506
2019-09-20 10:25:19,668 [Datanode State Machine Thread - 0] INFO  server.XceiverServerGrpc (XceiverServerGrpc.java:start(163)) - XceiverServerGrpc 7f6418e1-cc7a-441a-8f41-c73576b5a1c5 is started using port 43382
2019-09-20 10:25:19,688 [pool-313-thread-1] INFO  storage.RaftStorage (RaftStorage.java:format(72)) - Storage directory /workdir/hadoop-ozone/integration-test/target/test-dir/MiniOzoneClusterImpl-280c06ed-bcb5-4979-9226-67616719d9ed/datanode-0/data/ratis/bbe12489-1cc2-49b2-ade0-92b61acbda5d has been successfully formatted.
2019-09-20 10:25:19,689 [pool-313-thread-1] INFO  ratis.ContainerStateMachine (ContainerStateMachine.java:loadSnapshot(226)) - group-92B61ACBDA5D: The snapshot info is null. Setting the last applied indexto:(t:0, i:~)
2019-09-20 10:25:19,689 [pool-313-thread-1] INFO  server.RaftServerConfigKeys (ConfUtils.java:logGet(43)) - raft.server.leader.election.timeout = 120s (custom)
2019-09-20 10:25:19,689 [pool-313-thread-1] INFO  server.RaftServerConfigKeys (ConfUtils.java:logGet(43)) - raft.server.log.use.memory = false (default)
2019-09-20 10:25:19,689 [pool-313-thread-1] INFO  server.RaftServerConfigKeys (ConfUtils.java:logGet(43)) - raft.server.log.purge.gap = 1000000 (custom)
2019-09-20 10:25:19,689 [pool-313-thread-1] INFO  server.RaftServerConfigKeys (ConfUtils.java:logGet(43)) - raft.server.log.appender.buffer.byte-limit = 33554432 (custom)
2019-09-20 10:25:19,689 [pool-313-thread-1] INFO  server.RaftServerConfigKeys (ConfUtils.java:logGet(43)) - raft.server.log.segment.size.max = 1048576 (custom)
2019-09-20 10:25:19,690 [pool-313-thread-1] INFO  server.RaftServerConfigKeys (ConfUtils.java:logGet(43)) - raft.server.log.segment.cache.num.max = 2 (custom)
2019-09-20 10:25:19,690 [pool-313-thread-1] INFO  segmented.SegmentedRaftLogWorker (SegmentedRaftLogWorker.java:<init>(172)) - new fac63c4b-287e-453e-9ac7-8c8c283fdab7-SegmentedRaftLogWorker:Storage Directory /workdir/hadoop-ozone/integration-test/target/test-dir/MiniOzoneClusterImpl-280c06ed-bcb5-4979-9226-67616719d9ed/datanode-0/data/ratis/bbe12489-1cc2-49b2-ade0-92b61acbda5d for RaftStorage:Storage Directory /workdir/hadoop-ozone/integration-test/target/test-dir/MiniOzoneClusterImpl-280c06ed-bcb5-4979-9226-67616719d9ed/datanode-0/data/ratis/bbe12489-1cc2-49b2-ade0-92b61acbda5d
2019-09-20 10:25:19,690 [pool-313-thread-1] INFO  server.RaftServerConfigKeys (ConfUtils.java:logGet(43)) - raft.server.log.queue.byte-limit = 2147483647 (custom)
2019-09-20 10:25:19,690 [pool-313-thread-1] INFO  server.RaftServerConfigKeys (ConfUtils.java:logGet(43)) - raft.server.log.queue.element-limit = 1024 (custom)
2019-09-20 10:25:19,690 [pool-313-thread-1] INFO  server.RaftServerConfigKeys (ConfUtils.java:logGet(43)) - raft.server.log.segment.size.max = 1048576 (custom)
2019-09-20 10:25:19,691 [pool-313-thread-1] INFO  server.RaftServerConfigKeys (ConfUtils.java:logGet(43)) - raft.server.log.preallocated.size = 16384 (custom)
2019-09-20 10:25:19,691 [pool-313-thread-1] INFO  server.RaftServerConfigKeys (ConfUtils.java:logGet(43)) - raft.server.log.write.buffer.size = 33554432 (custom)
2019-09-20 10:25:19,691 [pool-313-thread-1] INFO  server.RaftServerConfigKeys (ConfUtils.java:logGet(43)) - raft.server.log.force.sync.num = 128 (default)
2019-09-20 10:25:19,691 [pool-313-thread-1] INFO  server.RaftServerConfigKeys (ConfUtils.java:logGet(43)) - raft.server.log.statemachine.data.sync = true (default)
2019-09-20 10:25:19,691 [pool-313-thread-1] INFO  server.RaftServerConfigKeys (ConfUtils.java:logGet(43)) - raft.server.log.statemachine.data.sync.timeout = 10s (default)
2019-09-20 10:25:19,691 [pool-313-thread-1] INFO  server.RaftServerConfigKeys (ConfUtils.java:logGet(43)) - raft.server.log.statemachine.data.sync.timeout.retry = -1 (default)
2019-09-20 10:25:19,692 [pool-313-thread-1] INFO  server.RaftServerConfigKeys (ConfUtils.java:logGet(43)) - raft.server.log.statemachine.data.caching.enabled = true (custom)
2019-09-20 10:25:19,692 [pool-313-thread-1] INFO  segmented.SegmentedRaftLogWorker (SegmentedRaftLogWorker.java:lambda$new$0(132)) - fac63c4b-287e-453e-9ac7-8c8c283fdab7-SegmentedRaftLogWorker:Storage Directory /workdir/hadoop-ozone/integration-test/target/test-dir/MiniOzoneClusterImpl-280c06ed-bcb5-4979-9226-67616719d9ed/datanode-0/data/ratis/bbe12489-1cc2-49b2-ade0-92b61acbda5d: flushIndex: setUnconditionally 0 -> -1
2019-09-20 10:25:19,692 [pool-313-thread-1] INFO  server.RaftServerConfigKeys (ConfUtils.java:logGet(43)) - raft.server.snapshot.auto.trigger.enabled = true (custom)
2019-09-20 10:25:19,692 [pool-313-thread-1] INFO  server.RaftServerConfigKeys (ConfUtils.java:logGet(43)) - raft.server.snapshot.auto.trigger.threshold = 10000 (custom)
2019-09-20 10:25:19,693 [pool-313-thread-1] INFO  server.RaftServerConfigKeys (ConfUtils.java:logGet(43)) - raft.server.retrycache.expirytime = 600000ms (custom)
2019-09-20 10:25:19,693 [pool-313-thread-1] INFO  impl.RaftServerImpl (RaftServerImpl.java:start(180)) - fac63c4b-287e-453e-9ac7-8c8c283fdab7: start group-92B61ACBDA5D
2019-09-20 10:25:19,693 [pool-313-thread-1] INFO  impl.RaftServerImpl (RaftServerImpl.java:setRole(171)) - fac63c4b-287e-453e-9ac7-8c8c283fdab7:group-92B61ACBDA5D changes role from null to FOLLOWER at term 0 for startAsFollower
2019-09-20 10:25:19,693 [pool-313-thread-1] INFO  impl.RoleInfo (RoleInfo.java:updateAndGet(143)) - fac63c4b-287e-453e-9ac7-8c8c283fdab7: start FollowerState
2019-09-20 10:25:19,694 [pool-313-thread-1] INFO  util.JmxRegister (JmxRegister.java:tryRegister(44)) - Successfully registered JMX Bean with object name Ratis:service=RaftServer,group=group-92B61ACBDA5D,id=fac63c4b-287e-453e-9ac7-8c8c283fdab7
2019-09-20 10:25:19,697 [RatisPipelineUtilsThread] INFO  pipeline.PipelineStateManager (PipelineStateManager.java:addPipeline(56)) - Created pipeline Pipeline[ Id: bbe12489-1cc2-49b2-ade0-92b61acbda5d, Nodes: fac63c4b-287e-453e-9ac7-8c8c283fdab7{ip: 192.168.36.99, host: pr-hdds-1569-p5fx8-1226042367, networkLocation: /default-rack, certSerialId: null}, Type:RATIS, Factor:ONE, State:OPEN]
2019-09-20 10:25:19,701 [grpc-default-executor-4] INFO  impl.RaftServerProxy (RaftServerProxy.java:addNew(89)) - fac63c4b-287e-453e-9ac7-8c8c283fdab7: addNew group-39F7007D2871:[fac63c4b-287e-453e-9ac7-8c8c283fdab7:192.168.36.99:38258] returns group-39F7007D2871:java.util.concurrent.CompletableFuture@2abe23d8[Not completed]
2019-09-20 10:25:19,702 [pool-313-thread-1] INFO  impl.RaftServerImpl (RaftServerImpl.java:<init>(93)) - fac63c4b-287e-453e-9ac7-8c8c283fdab7: new RaftServerImpl for group-39F7007D2871:[fac63c4b-287e-453e-9ac7-8c8c283fdab7:192.168.36.99:38258] with ContainerStateMachine:uninitialized
2019-09-20 10:25:19,702 [pool-313-thread-1] INFO  server.RaftServerConfigKeys (ConfUtils.java:logGet(43)) - raft.server.rpc.timeout.min = 5s (custom)
2019-09-20 10:25:19,703 [pool-313-thread-1] INFO  server.RaftServerConfigKeys (ConfUtils.java:logGet(43)) - raft.server.rpc.timeout.max = 5200ms (custom)
2019-09-20 10:25:19,703 [pool-313-thread-1] INFO  server.RaftServerConfigKeys (ConfUtils.java:logGet(43)) - raft.server.rpcslowness.timeout = 120s (custom)
2019-09-20 10:25:19,703 [pool-313-thread-1] INFO  server.RaftServerConfigKeys (ConfUtils.java:logGet(43)) - raft.server.sleep.deviation.threshold = 300 (default)
2019-09-20 10:25:19,703 [pool-313-thread-1] INFO  server.RaftServerConfigKeys (ConfUtils.java:logGet(43)) - raft.server.log.appender.install.snapshot.enabled = false (custom)
2019-09-20 10:25:19,703 [pool-313-thread-1] INFO  impl.RaftServerImpl (ServerState.java:<init>(105)) - fac63c4b-287e-453e-9ac7-8c8c283fdab7:group-39F7007D2871 ConfigurationManager, init=-1: [fac63c4b-287e-453e-9ac7-8c8c283fdab7:192.168.36.99:38258], old=null, confs=<EMPTY_MAP>
2019-09-20 10:25:19,703 [pool-313-thread-1] INFO  server.RaftServerConfigKeys (ConfUtils.java:logGet(43)) - raft.server.storage.dir = [/workdir/hadoop-ozone/integration-test/target/test-dir/MiniOzoneClusterImpl-280c06ed-bcb5-4979-9226-67616719d9ed/datanode-0/data/ratis] (custom)
2019-09-20 10:25:19,704 [pool-313-thread-1] INFO  storage.RaftStorageDirectory (RaftStorageDirectory.java:analyzeStorage(246)) - The storage directory /workdir/hadoop-ozone/integration-test/target/test-dir/MiniOzoneClusterImpl-280c06ed-bcb5-4979-9226-67616719d9ed/datanode-0/data/ratis/8a742697-a86b-4b2c-9d92-39f7007d2871 does not exist. Creating ...
2019-09-20 10:25:19,722 [pool-313-thread-1] INFO  storage.RaftStorageDirectory (RaftStorageDirectory.java:tryLock(328)) - Lock on /workdir/hadoop-ozone/integration-test/target/test-dir/MiniOzoneClusterImpl-280c06ed-bcb5-4979-9226-67616719d9ed/datanode-0/data/ratis/8a742697-a86b-4b2c-9d92-39f7007d2871/in_use.lock acquired by nodename 28506@pr-hdds-1569-p5fx8-1226042367
2019-09-20 10:25:19,749 | INFO  | SCMAudit | user=jenkins1000 | ip=192.168.36.99 | op=SEND_HEARTBEAT {datanodeUUID=61649f92-8c0f-475a-818d-1064548aeef6, command=[]} | ret=SUCCESS |  
2019-09-20 10:25:19,756 | INFO  | SCMAudit | user=jenkins1000 | ip=192.168.36.99 | op=SEND_HEARTBEAT {datanodeUUID=19fb8383-7c99-4449-b95c-a26e71717844, command=[]} | ret=SUCCESS |  
2019-09-20 10:25:19,756 | INFO  | SCMAudit | user=jenkins1000 | ip=192.168.36.99 | op=SEND_HEARTBEAT {datanodeUUID=3d6f3241-e73c-473a-ad0b-c7be2f7e1dda, command=[]} | ret=SUCCESS |  
2019-09-20 10:25:19,757 [pool-313-thread-1] INFO  storage.RaftStorage (RaftStorage.java:format(72)) - Storage directory /workdir/hadoop-ozone/integration-test/target/test-dir/MiniOzoneClusterImpl-280c06ed-bcb5-4979-9226-67616719d9ed/datanode-0/data/ratis/8a742697-a86b-4b2c-9d92-39f7007d2871 has been successfully formatted.
2019-09-20 10:25:19,757 [pool-313-thread-1] INFO  ratis.ContainerStateMachine (ContainerStateMachine.java:loadSnapshot(226)) - group-39F7007D2871: The snapshot info is null. Setting the last applied indexto:(t:0, i:~)
2019-09-20 10:25:19,757 | INFO  | SCMAudit | user=jenkins1000 | ip=192.168.36.99 | op=SEND_HEARTBEAT {datanodeUUID=6491c372-a595-4104-b3e9-c4f3293baafa, command=[]} | ret=SUCCESS |  
2019-09-20 10:25:19,757 [pool-313-thread-1] INFO  server.RaftServerConfigKeys (ConfUtils.java:logGet(43)) - raft.server.leader.election.timeout = 120s (custom)
2019-09-20 10:25:19,757 [pool-313-thread-1] INFO  server.RaftServerConfigKeys (ConfUtils.java:logGet(43)) - raft.server.log.use.memory = false (default)
2019-09-20 10:25:19,757 | INFO  | SCMAudit | user=jenkins1000 | ip=192.168.36.99 | op=SEND_HEARTBEAT {datanodeUUID=17e2ba94-38a1-40e7-84e0-f6802901db84, command=[]} | ret=SUCCESS |  
2019-09-20 10:25:19,757 | INFO  | SCMAudit | user=jenkins1000 | ip=192.168.36.99 | op=SEND_HEARTBEAT {datanodeUUID=d2ed2d9b-7ac7-460e-84f6-6d9d6066f76d, command=[]} | ret=SUCCESS |  
2019-09-20 10:25:19,757 [pool-313-thread-1] INFO  server.RaftServerConfigKeys (ConfUtils.java:logGet(43)) - raft.server.log.purge.gap = 1000000 (custom)
2019-09-20 10:25:19,758 | INFO  | SCMAudit | user=jenkins1000 | ip=192.168.36.99 | op=SEND_HEARTBEAT {datanodeUUID=1ab786b9-c79c-4265-88a1-5b3344c6beda, command=[]} | ret=SUCCESS |  
2019-09-20 10:25:19,758 | INFO  | SCMAudit | user=jenkins1000 | ip=192.168.36.99 | op=SEND_HEARTBEAT {datanodeUUID=cff8bf6b-8d20-4327-9f29-08a3c2b49247, command=[]} | ret=SUCCESS |  
2019-09-20 10:25:19,758 [pool-313-thread-1] INFO  server.RaftServerConfigKeys (ConfUtils.java:logGet(43)) - raft.server.log.appender.buffer.byte-limit = 33554432 (custom)
2019-09-20 10:25:19,758 | INFO  | SCMAudit | user=jenkins1000 | ip=192.168.36.99 | op=SEND_HEARTBEAT {datanodeUUID=4d972e91-cb6b-45de-8bd2-c18af7abe58b, command=[]} | ret=SUCCESS |  
2019-09-20 10:25:19,758 | INFO  | SCMAudit | user=jenkins1000 | ip=192.168.36.99 | op=SEND_HEARTBEAT {datanodeUUID=468be06f-55e9-4831-ba6b-3db017451a79, command=[]} | ret=SUCCESS |  
2019-09-20 10:25:19,758 [pool-313-thread-1] INFO  server.RaftServerConfigKeys (ConfUtils.java:logGet(43)) - raft.server.log.segment.size.max = 1048576 (custom)
2019-09-20 10:25:19,758 [pool-313-thread-1] INFO  server.RaftServerConfigKeys (ConfUtils.java:logGet(43)) - raft.server.log.segment.cache.num.max = 2 (custom)
2019-09-20 10:25:19,758 [pool-313-thread-1] INFO  segmented.SegmentedRaftLogWorker (SegmentedRaftLogWorker.java:<init>(172)) - new fac63c4b-287e-453e-9ac7-8c8c283fdab7-SegmentedRaftLogWorker:Storage Directory /workdir/hadoop-ozone/integration-test/target/test-dir/MiniOzoneClusterImpl-280c06ed-bcb5-4979-9226-67616719d9ed/datanode-0/data/ratis/8a742697-a86b-4b2c-9d92-39f7007d2871 for RaftStorage:Storage Directory /workdir/hadoop-ozone/integration-test/target/test-dir/MiniOzoneClusterImpl-280c06ed-bcb5-4979-9226-67616719d9ed/datanode-0/data/ratis/8a742697-a86b-4b2c-9d92-39f7007d2871
2019-09-20 10:25:19,759 [pool-313-thread-1] INFO  server.RaftServerConfigKeys (ConfUtils.java:logGet(43)) - raft.server.log.queue.byte-limit = 2147483647 (custom)
2019-09-20 10:25:19,759 | INFO  | SCMAudit | user=jenkins1000 | ip=192.168.36.99 | op=SEND_HEARTBEAT {datanodeUUID=66416d0b-a71c-4af1-ae3a-62ca63b880a3, command=[]} | ret=SUCCESS |  
2019-09-20 10:25:19,759 [pool-313-thread-1] INFO  server.RaftServerConfigKeys (ConfUtils.java:logGet(43)) - raft.server.log.queue.element-limit = 1024 (custom)
2019-09-20 10:25:19,759 | INFO  | SCMAudit | user=jenkins1000 | ip=192.168.36.99 | op=SEND_HEARTBEAT {datanodeUUID=9e03ffa9-cf79-407a-a150-4c035e5aec5e, command=[]} | ret=SUCCESS |  
2019-09-20 10:25:19,759 [pool-313-thread-1] INFO  server.RaftServerConfigKeys (ConfUtils.java:logGet(43)) - raft.server.log.segment.size.max = 1048576 (custom)
2019-09-20 10:25:19,759 [pool-313-thread-1] INFO  server.RaftServerConfigKeys (ConfUtils.java:logGet(43)) - raft.server.log.preallocated.size = 16384 (custom)
2019-09-20 10:25:19,759 [pool-313-thread-1] INFO  server.RaftServerConfigKeys (ConfUtils.java:logGet(43)) - raft.server.log.write.buffer.size = 33554432 (custom)
2019-09-20 10:25:19,760 [pool-313-thread-1] INFO  server.RaftServerConfigKeys (ConfUtils.java:logGet(43)) - raft.server.log.force.sync.num = 128 (default)
2019-09-20 10:25:19,760 [pool-313-thread-1] INFO  server.RaftServerConfigKeys (ConfUtils.java:logGet(43)) - raft.server.log.statemachine.data.sync = true (default)
2019-09-20 10:25:19,760 | INFO  | SCMAudit | user=jenkins1000 | ip=192.168.36.99 | op=SEND_HEARTBEAT {datanodeUUID=60260ec1-e192-4b95-89c8-d924d16a77a9, command=[]} | ret=SUCCESS |  
2019-09-20 10:25:19,760 | INFO  | SCMAudit | user=jenkins1000 | ip=192.168.36.99 | op=SEND_HEARTBEAT {datanodeUUID=54207fe5-d92c-4c2e-b058-fbae630dabef, command=[]} | ret=SUCCESS |  
2019-09-20 10:25:19,760 [pool-313-thread-1] INFO  server.RaftServerConfigKeys (ConfUtils.java:logGet(43)) - raft.server.log.statemachine.data.sync.timeout = 10s (default)
2019-09-20 10:25:19,760 [pool-313-thread-1] INFO  server.RaftServerConfigKeys (ConfUtils.java:logGet(43)) - raft.server.log.statemachine.data.sync.timeout.retry = -1 (default)
2019-09-20 10:25:19,760 | INFO  | SCMAudit | user=jenkins1000 | ip=192.168.36.99 | op=SEND_HEARTBEAT {datanodeUUID=99e70dd4-d763-4473-944c-c5628506dcf8, command=[]} | ret=SUCCESS |  
2019-09-20 10:25:19,760 [pool-313-thread-1] INFO  server.RaftServerConfigKeys (ConfUtils.java:logGet(43)) - raft.server.log.statemachine.data.caching.enabled = true (custom)
2019-09-20 10:25:19,760 | INFO  | SCMAudit | user=jenkins1000 | ip=192.168.36.99 | op=SEND_HEARTBEAT {datanodeUUID=7af711bd-b5ae-4a73-a8be-b970cae6c2d1, command=[]} | ret=SUCCESS |  
2019-09-20 10:25:19,761 [pool-313-thread-1] INFO  segmented.SegmentedRaftLogWorker (SegmentedRaftLogWorker.java:lambda$new$0(132)) - fac63c4b-287e-453e-9ac7-8c8c283fdab7-SegmentedRaftLogWorker:Storage Directory /workdir/hadoop-ozone/integration-test/target/test-dir/MiniOzoneClusterImpl-280c06ed-bcb5-4979-9226-67616719d9ed/datanode-0/data/ratis/8a742697-a86b-4b2c-9d92-39f7007d2871: flushIndex: setUnconditionally 0 -> -1
2019-09-20 10:25:19,761 | INFO  | SCMAudit | user=jenkins1000 | ip=192.168.36.99 | op=SEND_HEARTBEAT {datanodeUUID=136f1953-bb94-4097-a2d4-422a6782bee0, command=[]} | ret=SUCCESS |  
2019-09-20 10:25:19,761 [pool-313-thread-1] INFO  server.RaftServerConfigKeys (ConfUtils.java:logGet(43)) - raft.server.snapshot.auto.trigger.enabled = true (custom)
2019-09-20 10:25:19,761 [pool-313-thread-1] INFO  server.RaftServerConfigKeys (ConfUtils.java:logGet(43)) - raft.server.snapshot.auto.trigger.threshold = 10000 (custom)
2019-09-20 10:25:19,762 [pool-313-thread-1] INFO  server.RaftServerConfigKeys (ConfUtils.java:logGet(43)) - raft.server.retrycache.expirytime = 600000ms (custom)
2019-09-20 10:25:19,762 [pool-313-thread-1] INFO  impl.RaftServerImpl (RaftServerImpl.java:start(180)) - fac63c4b-287e-453e-9ac7-8c8c283fdab7: start group-39F7007D2871
2019-09-20 10:25:19,762 [pool-313-thread-1] INFO  impl.RaftServerImpl (RaftServerImpl.java:setRole(171)) - fac63c4b-287e-453e-9ac7-8c8c283fdab7:group-39F7007D2871 changes role from null to FOLLOWER at term 0 for startAsFollower
2019-09-20 10:25:19,762 [pool-313-thread-1] INFO  impl.RoleInfo (RoleInfo.java:updateAndGet(143)) - fac63c4b-287e-453e-9ac7-8c8c283fdab7: start FollowerState
2019-09-20 10:25:19,763 [pool-313-thread-1] INFO  util.JmxRegister (JmxRegister.java:tryRegister(44)) - Successfully registered JMX Bean with object name Ratis:service=RaftServer,group=group-39F7007D2871,id=fac63c4b-287e-453e-9ac7-8c8c283fdab7
2019-09-20 10:25:19,763 | INFO  | SCMAudit | user=jenkins1000 | ip=192.168.36.99 | op=SEND_HEARTBEAT {datanodeUUID=bb8f5112-316d-4974-a5a6-f698f3fbb5be, command=[]} | ret=SUCCESS |  
2019-09-20 10:25:19,763 | INFO  | SCMAudit | user=jenkins1000 | ip=192.168.36.99 | op=SEND_HEARTBEAT {datanodeUUID=c3e532f8-1a8e-44f3-b56b-d765aee893af, command=[]} | ret=SUCCESS |  
2019-09-20 10:25:19,763 | INFO  | SCMAudit | user=jenkins1000 | ip=192.168.36.99 | op=SEND_HEARTBEAT {datanodeUUID=e8013689-2f13-4aaf-8a03-99f419c430ec, command=[]} | ret=SUCCESS |  
2019-09-20 10:25:19,764 | INFO  | SCMAudit | user=jenkins1000 | ip=192.168.36.99 | op=SEND_HEARTBEAT {datanodeUUID=b5962e8e-c9f1-48aa-8eb4-d8f74b8afdbe, command=[]} | ret=SUCCESS |  
2019-09-20 10:25:19,765 [RatisPipelineUtilsThread] INFO  pipeline.PipelineStateManager (PipelineStateManager.java:addPipeline(56)) - Created pipeline Pipeline[ Id: 8a742697-a86b-4b2c-9d92-39f7007d2871, Nodes: fac63c4b-287e-453e-9ac7-8c8c283fdab7{ip: 192.168.36.99, host: pr-hdds-1569-p5fx8-1226042367, networkLocation: /default-rack, certSerialId: null}, Type:RATIS, Factor:ONE, State:OPEN]
2019-09-20 10:25:19,770 [grpc-default-executor-4] INFO  impl.RaftServerProxy (RaftServerProxy.java:addNew(89)) - fac63c4b-287e-453e-9ac7-8c8c283fdab7: addNew group-AF75374769B9:[fac63c4b-287e-453e-9ac7-8c8c283fdab7:192.168.36.99:38258] returns group-AF75374769B9:java.util.concurrent.CompletableFuture@739d194a[Not completed]
2019-09-20 10:25:19,771 [pool-313-thread-1] INFO  impl.RaftServerImpl (RaftServerImpl.java:<init>(93)) - fac63c4b-287e-453e-9ac7-8c8c283fdab7: new RaftServerImpl for group-AF75374769B9:[fac63c4b-287e-453e-9ac7-8c8c283fdab7:192.168.36.99:38258] with ContainerStateMachine:uninitialized
2019-09-20 10:25:19,771 [pool-313-thread-1] INFO  server.RaftServerConfigKeys (ConfUtils.java:logGet(43)) - raft.server.rpc.timeout.min = 5s (custom)
2019-09-20 10:25:19,771 [pool-313-thread-1] INFO  server.RaftServerConfigKeys (ConfUtils.java:logGet(43)) - raft.server.rpc.timeout.max = 5200ms (custom)
2019-09-20 10:25:19,771 [pool-313-thread-1] INFO  server.RaftServerConfigKeys (ConfUtils.java:logGet(43)) - raft.server.rpcslowness.timeout = 120s (custom)
2019-09-20 10:25:19,772 [pool-313-thread-1] INFO  server.RaftServerConfigKeys (ConfUtils.java:logGet(43)) - raft.server.sleep.deviation.threshold = 300 (default)
2019-09-20 10:25:19,772 [pool-313-thread-1] INFO  server.RaftServerConfigKeys (ConfUtils.java:logGet(43)) - raft.server.log.appender.install.snapshot.enabled = false (custom)
2019-09-20 10:25:19,772 [pool-313-thread-1] INFO  impl.RaftServerImpl (ServerState.java:<init>(105)) - fac63c4b-287e-453e-9ac7-8c8c283fdab7:group-AF75374769B9 ConfigurationManager, init=-1: [fac63c4b-287e-453e-9ac7-8c8c283fdab7:192.168.36.99:38258], old=null, confs=<EMPTY_MAP>
2019-09-20 10:25:19,772 [pool-313-thread-1] INFO  server.RaftServerConfigKeys (ConfUtils.java:logGet(43)) - raft.server.storage.dir = [/workdir/hadoop-ozone/integration-test/target/test-dir/MiniOzoneClusterImpl-280c06ed-bcb5-4979-9226-67616719d9ed/datanode-0/data/ratis] (custom)
2019-09-20 10:25:19,772 [pool-313-thread-1] INFO  storage.RaftStorageDirectory (RaftStorageDirectory.java:analyzeStorage(246)) - The storage directory /workdir/hadoop-ozone/integration-test/target/test-dir/MiniOzoneClusterImpl-280c06ed-bcb5-4979-9226-67616719d9ed/datanode-0/data/ratis/d435cf88-1db5-4cd5-9c6a-af75374769b9 does not exist. Creating ...
2019-09-20 10:25:19,799 [pool-313-thread-1] INFO  storage.RaftStorageDirectory (RaftStorageDirectory.java:tryLock(328)) - Lock on /workdir/hadoop-ozone/integration-test/target/test-dir/MiniOzoneClusterImpl-280c06ed-bcb5-4979-9226-67616719d9ed/datanode-0/data/ratis/d435cf88-1db5-4cd5-9c6a-af75374769b9/in_use.lock acquired by nodename 28506@pr-hdds-1569-p5fx8-1226042367
2019-09-20 10:25:19,816 [pool-313-thread-1] INFO  storage.RaftStorage (RaftStorage.java:format(72)) - Storage directory /workdir/hadoop-ozone/integration-test/target/test-dir/MiniOzoneClusterImpl-280c06ed-bcb5-4979-9226-67616719d9ed/datanode-0/data/ratis/d435cf88-1db5-4cd5-9c6a-af75374769b9 has been successfully formatted.
2019-09-20 10:25:19,816 [pool-313-thread-1] INFO  ratis.ContainerStateMachine (ContainerStateMachine.java:loadSnapshot(226)) - group-AF75374769B9: The snapshot info is null. Setting the last applied indexto:(t:0, i:~)
2019-09-20 10:25:19,816 [pool-313-thread-1] INFO  server.RaftServerConfigKeys (ConfUtils.java:logGet(43)) - raft.server.leader.election.timeout = 120s (custom)
2019-09-20 10:25:19,816 [pool-313-thread-1] INFO  server.RaftServerConfigKeys (ConfUtils.java:logGet(43)) - raft.server.log.use.memory = false (default)
2019-09-20 10:25:19,817 [pool-313-thread-1] INFO  server.RaftServerConfigKeys (ConfUtils.java:logGet(43)) - raft.server.log.purge.gap = 1000000 (custom)
2019-09-20 10:25:19,817 [pool-313-thread-1] INFO  server.RaftServerConfigKeys (ConfUtils.java:logGet(43)) - raft.server.log.appender.buffer.byte-limit = 33554432 (custom)
2019-09-20 10:25:19,817 [pool-313-thread-1] INFO  server.RaftServerConfigKeys (ConfUtils.java:logGet(43)) - raft.server.log.segment.size.max = 1048576 (custom)
2019-09-20 10:25:19,817 [pool-313-thread-1] INFO  server.RaftServerConfigKeys (ConfUtils.java:logGet(43)) - raft.server.log.segment.cache.num.max = 2 (custom)
2019-09-20 10:25:19,817 [pool-313-thread-1] INFO  segmented.SegmentedRaftLogWorker (SegmentedRaftLogWorker.java:<init>(172)) - new fac63c4b-287e-453e-9ac7-8c8c283fdab7-SegmentedRaftLogWorker:Storage Directory /workdir/hadoop-ozone/integration-test/target/test-dir/MiniOzoneClusterImpl-280c06ed-bcb5-4979-9226-67616719d9ed/datanode-0/data/ratis/d435cf88-1db5-4cd5-9c6a-af75374769b9 for RaftStorage:Storage Directory /workdir/hadoop-ozone/integration-test/target/test-dir/MiniOzoneClusterImpl-280c06ed-bcb5-4979-9226-67616719d9ed/datanode-0/data/ratis/d435cf88-1db5-4cd5-9c6a-af75374769b9
2019-09-20 10:25:19,817 [pool-313-thread-1] INFO  server.RaftServerConfigKeys (ConfUtils.java:logGet(43)) - raft.server.log.queue.byte-limit = 2147483647 (custom)
2019-09-20 10:25:19,818 [pool-313-thread-1] INFO  server.RaftServerConfigKeys (ConfUtils.java:logGet(43)) - raft.server.log.queue.element-limit = 1024 (custom)
2019-09-20 10:25:19,818 [pool-313-thread-1] INFO  server.RaftServerConfigKeys (ConfUtils.java:logGet(43)) - raft.server.log.segment.size.max = 1048576 (custom)
2019-09-20 10:25:19,818 [pool-313-thread-1] INFO  server.RaftServerConfigKeys (ConfUtils.java:logGet(43)) - raft.server.log.preallocated.size = 16384 (custom)
2019-09-20 10:25:19,818 [pool-313-thread-1] INFO  server.RaftServerConfigKeys (ConfUtils.java:logGet(43)) - raft.server.log.write.buffer.size = 33554432 (custom)
2019-09-20 10:25:19,818 [pool-313-thread-1] INFO  server.RaftServerConfigKeys (ConfUtils.java:logGet(43)) - raft.server.log.force.sync.num = 128 (default)
2019-09-20 10:25:19,818 [pool-313-thread-1] INFO  server.RaftServerConfigKeys (ConfUtils.java:logGet(43)) - raft.server.log.statemachine.data.sync = true (default)
2019-09-20 10:25:19,818 [pool-313-thread-1] INFO  server.RaftServerConfigKeys (ConfUtils.java:logGet(43)) - raft.server.log.statemachine.data.sync.timeout = 10s (default)
2019-09-20 10:25:19,819 [pool-313-thread-1] INFO  server.RaftServerConfigKeys (ConfUtils.java:logGet(43)) - raft.server.log.statemachine.data.sync.timeout.retry = -1 (default)
2019-09-20 10:25:19,819 [pool-313-thread-1] INFO  server.RaftServerConfigKeys (ConfUtils.java:logGet(43)) - raft.server.log.statemachine.data.caching.enabled = true (custom)
2019-09-20 10:25:19,819 [pool-313-thread-1] INFO  segmented.SegmentedRaftLogWorker (SegmentedRaftLogWorker.java:lambda$new$0(132)) - fac63c4b-287e-453e-9ac7-8c8c283fdab7-SegmentedRaftLogWorker:Storage Directory /workdir/hadoop-ozone/integration-test/target/test-dir/MiniOzoneClusterImpl-280c06ed-bcb5-4979-9226-67616719d9ed/datanode-0/data/ratis/d435cf88-1db5-4cd5-9c6a-af75374769b9: flushIndex: setUnconditionally 0 -> -1
2019-09-20 10:25:19,819 [pool-313-thread-1] INFO  server.RaftServerConfigKeys (ConfUtils.java:logGet(43)) - raft.server.snapshot.auto.trigger.enabled = true (custom)
2019-09-20 10:25:19,820 [pool-313-thread-1] INFO  server.RaftServerConfigKeys (ConfUtils.java:logGet(43)) - raft.server.snapshot.auto.trigger.threshold = 10000 (custom)
2019-09-20 10:25:19,820 [pool-313-thread-1] INFO  server.RaftServerConfigKeys (ConfUtils.java:logGet(43)) - raft.server.retrycache.expirytime = 600000ms (custom)
2019-09-20 10:25:19,820 [pool-313-thread-1] INFO  impl.RaftServerImpl (RaftServerImpl.java:start(180)) - fac63c4b-287e-453e-9ac7-8c8c283fdab7: start group-AF75374769B9
2019-09-20 10:25:19,820 [pool-313-thread-1] INFO  impl.RaftServerImpl (RaftServerImpl.java:setRole(171)) - fac63c4b-287e-453e-9ac7-8c8c283fdab7:group-AF75374769B9 changes role from null to FOLLOWER at term 0 for startAsFollower
2019-09-20 10:25:19,820 [pool-313-thread-1] INFO  impl.RoleInfo (RoleInfo.java:updateAndGet(143)) - fac63c4b-287e-453e-9ac7-8c8c283fdab7: start FollowerState
2019-09-20 10:25:19,821 [pool-313-thread-1] INFO  util.JmxRegister (JmxRegister.java:tryRegister(44)) - Successfully registered JMX Bean with object name Ratis:service=RaftServer,group=group-AF75374769B9,id=fac63c4b-287e-453e-9ac7-8c8c283fdab7
2019-09-20 10:25:19,877 [RatisPipelineUtilsThread] INFO  pipeline.PipelineStateManager (PipelineStateManager.java:addPipeline(56)) - Created pipeline Pipeline[ Id: d435cf88-1db5-4cd5-9c6a-af75374769b9, Nodes: fac63c4b-287e-453e-9ac7-8c8c283fdab7{ip: 192.168.36.99, host: pr-hdds-1569-p5fx8-1226042367, networkLocation: /default-rack, certSerialId: null}, Type:RATIS, Factor:ONE, State:OPEN]
2019-09-20 10:25:19,878 [RatisPipelineUtilsThread] INFO  pipeline.PipelinePlacementPolicy (PipelinePlacementPolicy.java:meetCriteria(91)) - Pipeline Placement: Doesn't meet the criteria to be viable node： fac63c4b-287e-453e-9ac7-8c8c283fdab7 Heaviness: 6 limit: 5
2019-09-20 10:25:19,878 [RatisPipelineUtilsThread] ERROR pipeline.PipelinePlacementPolicy (PipelinePlacementPolicy.java:filterViableNodes(148)) - Unable to find enough nodes that meet the criteria that cannot engage in more than 5 pipelines. Nodes required: 1 Found: 0, healthy nodes count inNodeManager: 1.
2019-09-20 10:25:19,878 [RatisPipelineUtilsThread] ERROR pipeline.SCMPipelineManager (SCMPipelineManager.java:createPipeline(161)) - Pipeline creation failed due to exception: Unable to find enough nodes that meet the criteria that cannot engage in more than 5 pipelines. Nodes required: 1 Found: 0, healthy nodes count inNodeManager: 1.
2019-09-20 10:25:19,878 [RatisPipelineUtilsThread] ERROR pipeline.PipelinePlacementPolicy (PipelinePlacementPolicy.java:filterViableNodes(131)) - Not enough healthy nodes to allocate pipeline. 3  datanodes required. Found 1
2019-09-20 10:25:19,879 [RatisPipelineUtilsThread] ERROR pipeline.SCMPipelineManager (SCMPipelineManager.java:createPipeline(161)) - Pipeline creation failed due to exception: Not enough healthy nodes to allocate pipeline. 3  datanodes required. Found 1
2019-09-20 10:25:19,879 [RatisPipelineUtilsThread] INFO  pipeline.PipelinePlacementPolicy (PipelinePlacementPolicy.java:meetCriteria(91)) - Pipeline Placement: Doesn't meet the criteria to be viable node： fac63c4b-287e-453e-9ac7-8c8c283fdab7 Heaviness: 6 limit: 5
2019-09-20 10:25:19,879 [RatisPipelineUtilsThread] ERROR pipeline.PipelinePlacementPolicy (PipelinePlacementPolicy.java:filterViableNodes(148)) - Unable to find enough nodes that meet the criteria that cannot engage in more than 5 pipelines. Nodes required: 1 Found: 0, healthy nodes count inNodeManager: 1.
2019-09-20 10:25:19,879 [RatisPipelineUtilsThread] ERROR pipeline.SCMPipelineManager (SCMPipelineManager.java:createPipeline(161)) - Pipeline creation failed due to exception: Unable to find enough nodes that meet the criteria that cannot engage in more than 5 pipelines. Nodes required: 1 Found: 0, healthy nodes count inNodeManager: 1.
2019-09-20 10:25:19,879 [RatisPipelineUtilsThread] ERROR pipeline.PipelinePlacementPolicy (PipelinePlacementPolicy.java:filterViableNodes(131)) - Not enough healthy nodes to allocate pipeline. 3  datanodes required. Found 1
2019-09-20 10:25:19,880 [RatisPipelineUtilsThread] ERROR pipeline.SCMPipelineManager (SCMPipelineManager.java:createPipeline(161)) - Pipeline creation failed due to exception: Not enough healthy nodes to allocate pipeline. 3  datanodes required. Found 1
2019-09-20 10:25:19,985 [IPC Server handler 2 on 33175] INFO  net.NetworkTopology (NetworkTopologyImpl.java:add(110)) - Added a new node: /default-rack/99153be1-ba81-4c7b-b6ab-4442760615cb
2019-09-20 10:25:19,985 [RatisPipelineUtilsThread] INFO  pipeline.PipelinePlacementPolicy (PipelinePlacementPolicy.java:meetCriteria(91)) - Pipeline Placement: Doesn't meet the criteria to be viable node： fac63c4b-287e-453e-9ac7-8c8c283fdab7 Heaviness: 6 limit: 5
2019-09-20 10:25:19,985 [IPC Server handler 2 on 33175] INFO  node.SCMNodeManager (SCMNodeManager.java:register(273)) - Registered Data node : 99153be1-ba81-4c7b-b6ab-4442760615cb{ip: 192.168.36.99, host: pr-hdds-1569-p5fx8-1226042367, networkLocation: /default-rack, certSerialId: null}
2019-09-20 10:25:19,986 | INFO  | SCMAudit | user=jenkins1000 | ip=192.168.36.99 | op=REGISTER {datanodeDetails=99153be1-ba81-4c7b-b6ab-4442760615cb{ip: 192.168.36.99, host: pr-hdds-1569-p5fx8-1226042367, networkLocation: /default-rack, certSerialId: null}} | ret=SUCCESS |  
2019-09-20 10:25:20,003 [grpc-default-executor-4] INFO  impl.RaftServerProxy (RaftServerProxy.java:addNew(89)) - 99153be1-ba81-4c7b-b6ab-4442760615cb: addNew group-9EC3DCF23BFA:[99153be1-ba81-4c7b-b6ab-4442760615cb:192.168.36.99:42693] returns group-9EC3DCF23BFA:java.util.concurrent.CompletableFuture@5f65a914[Not completed]
2019-09-20 10:25:20,005 [pool-324-thread-1] INFO  impl.RaftServerImpl (RaftServerImpl.java:<init>(93)) - 99153be1-ba81-4c7b-b6ab-4442760615cb: new RaftServerImpl for group-9EC3DCF23BFA:[99153be1-ba81-4c7b-b6ab-4442760615cb:192.168.36.99:42693] with ContainerStateMachine:uninitialized
2019-09-20 10:25:20,005 [pool-324-thread-1] INFO  server.RaftServerConfigKeys (ConfUtils.java:logGet(43)) - raft.server.rpc.timeout.min = 5s (custom)
2019-09-20 10:25:20,005 [pool-324-thread-1] INFO  server.RaftServerConfigKeys (ConfUtils.java:logGet(43)) - raft.server.rpc.timeout.max = 5200ms (custom)
2019-09-20 10:25:20,006 [pool-324-thread-1] INFO  server.RaftServerConfigKeys (ConfUtils.java:logGet(43)) - raft.server.rpcslowness.timeout = 120s (custom)
2019-09-20 10:25:20,006 [pool-324-thread-1] INFO  server.RaftServerConfigKeys (ConfUtils.java:logGet(43)) - raft.server.sleep.deviation.threshold = 300 (default)
2019-09-20 10:25:20,006 [pool-324-thread-1] INFO  server.RaftServerConfigKeys (ConfUtils.java:logGet(43)) - raft.server.log.appender.install.snapshot.enabled = false (custom)
2019-09-20 10:25:20,006 [pool-324-thread-1] INFO  impl.RaftServerImpl (ServerState.java:<init>(105)) - 99153be1-ba81-4c7b-b6ab-4442760615cb:group-9EC3DCF23BFA ConfigurationManager, init=-1: [99153be1-ba81-4c7b-b6ab-4442760615cb:192.168.36.99:42693], old=null, confs=<EMPTY_MAP>
2019-09-20 10:25:20,006 [pool-324-thread-1] INFO  server.RaftServerConfigKeys (ConfUtils.java:logGet(43)) - raft.server.storage.dir = [/workdir/hadoop-ozone/integration-test/target/test-dir/MiniOzoneClusterImpl-280c06ed-bcb5-4979-9226-67616719d9ed/datanode-1/data/ratis] (custom)
2019-09-20 10:25:20,007 [pool-324-thread-1] INFO  storage.RaftStorageDirectory (RaftStorageDirectory.java:analyzeStorage(246)) - The storage directory /workdir/hadoop-ozone/integration-test/target/test-dir/MiniOzoneClusterImpl-280c06ed-bcb5-4979-9226-67616719d9ed/datanode-1/data/ratis/95e159f1-0cc1-40e4-94b3-9ec3dcf23bfa does not exist. Creating ...
2019-09-20 10:25:20,022 [pool-324-thread-1] INFO  storage.RaftStorageDirectory (RaftStorageDirectory.java:tryLock(328)) - Lock on /workdir/hadoop-ozone/integration-test/target/test-dir/MiniOzoneClusterImpl-280c06ed-bcb5-4979-9226-67616719d9ed/datanode-1/data/ratis/95e159f1-0cc1-40e4-94b3-9ec3dcf23bfa/in_use.lock acquired by nodename 28506@pr-hdds-1569-p5fx8-1226042367
2019-09-20 10:25:20,039 [pool-324-thread-1] INFO  storage.RaftStorage (RaftStorage.java:format(72)) - Storage directory /workdir/hadoop-ozone/integration-test/target/test-dir/MiniOzoneClusterImpl-280c06ed-bcb5-4979-9226-67616719d9ed/datanode-1/data/ratis/95e159f1-0cc1-40e4-94b3-9ec3dcf23bfa has been successfully formatted.
2019-09-20 10:25:20,040 [pool-324-thread-1] INFO  ratis.ContainerStateMachine (ContainerStateMachine.java:loadSnapshot(226)) - group-9EC3DCF23BFA: The snapshot info is null. Setting the last applied indexto:(t:0, i:~)
2019-09-20 10:25:20,040 [pool-324-thread-1] INFO  server.RaftServerConfigKeys (ConfUtils.java:logGet(43)) - raft.server.leader.election.timeout = 120s (custom)
2019-09-20 10:25:20,040 [pool-324-thread-1] INFO  server.RaftServerConfigKeys (ConfUtils.java:logGet(43)) - raft.server.log.use.memory = false (default)
2019-09-20 10:25:20,040 [pool-324-thread-1] INFO  server.RaftServerConfigKeys (ConfUtils.java:logGet(43)) - raft.server.log.purge.gap = 1000000 (custom)
2019-09-20 10:25:20,040 [pool-324-thread-1] INFO  server.RaftServerConfigKeys (ConfUtils.java:logGet(43)) - raft.server.log.appender.buffer.byte-limit = 33554432 (custom)
2019-09-20 10:25:20,041 [pool-324-thread-1] INFO  server.RaftServerConfigKeys (ConfUtils.java:logGet(43)) - raft.server.log.segment.size.max = 1048576 (custom)
2019-09-20 10:25:20,041 [pool-324-thread-1] INFO  server.RaftServerConfigKeys (ConfUtils.java:logGet(43)) - raft.server.log.segment.cache.num.max = 2 (custom)
2019-09-20 10:25:20,041 [pool-324-thread-1] INFO  segmented.SegmentedRaftLogWorker (SegmentedRaftLogWorker.java:<init>(172)) - new 99153be1-ba81-4c7b-b6ab-4442760615cb-SegmentedRaftLogWorker:Storage Directory /workdir/hadoop-ozone/integration-test/target/test-dir/MiniOzoneClusterImpl-280c06ed-bcb5-4979-9226-67616719d9ed/datanode-1/data/ratis/95e159f1-0cc1-40e4-94b3-9ec3dcf23bfa for RaftStorage:Storage Directory /workdir/hadoop-ozone/integration-test/target/test-dir/MiniOzoneClusterImpl-280c06ed-bcb5-4979-9226-67616719d9ed/datanode-1/data/ratis/95e159f1-0cc1-40e4-94b3-9ec3dcf23bfa
2019-09-20 10:25:20,041 [pool-324-thread-1] INFO  server.RaftServerConfigKeys (ConfUtils.java:logGet(43)) - raft.server.log.queue.byte-limit = 2147483647 (custom)
2019-09-20 10:25:20,041 [pool-324-thread-1] INFO  server.RaftServerConfigKeys (ConfUtils.java:logGet(43)) - raft.server.log.queue.element-limit = 1024 (custom)
2019-09-20 10:25:20,042 [pool-324-thread-1] INFO  server.RaftServerConfigKeys (ConfUtils.java:logGet(43)) - raft.server.log.segment.size.max = 1048576 (custom)
2019-09-20 10:25:20,042 [pool-324-thread-1] INFO  server.RaftServerConfigKeys (ConfUtils.java:logGet(43)) - raft.server.log.preallocated.size = 16384 (custom)
2019-09-20 10:25:20,042 [pool-324-thread-1] INFO  server.RaftServerConfigKeys (ConfUtils.java:logGet(43)) - raft.server.log.write.buffer.size = 33554432 (custom)
2019-09-20 10:25:20,042 [pool-324-thread-1] INFO  server.RaftServerConfigKeys (ConfUtils.java:logGet(43)) - raft.server.log.force.sync.num = 128 (default)
2019-09-20 10:25:20,042 [pool-324-thread-1] INFO  server.RaftServerConfigKeys (ConfUtils.java:logGet(43)) - raft.server.log.statemachine.data.sync = true (default)
2019-09-20 10:25:20,042 [pool-324-thread-1] INFO  server.RaftServerConfigKeys (ConfUtils.java:logGet(43)) - raft.server.log.statemachine.data.sync.timeout = 10s (default)
2019-09-20 10:25:20,043 [pool-324-thread-1] INFO  server.RaftServerConfigKeys (ConfUtils.java:logGet(43)) - raft.server.log.statemachine.data.sync.timeout.retry = -1 (default)
2019-09-20 10:25:20,043 [pool-324-thread-1] INFO  server.RaftServerConfigKeys (ConfUtils.java:logGet(43)) - raft.server.log.statemachine.data.caching.enabled = true (custom)
2019-09-20 10:25:20,043 [main] INFO  ozone.MiniOzoneClusterImpl (MiniOzoneClusterImpl.java:lambda$waitForClusterToBeReady$0(142)) - Waiting for cluster to be ready. Got 2 of 7 DN Heartbeats.
2019-09-20 10:25:20,043 [pool-324-thread-1] INFO  segmented.SegmentedRaftLogWorker (SegmentedRaftLogWorker.java:lambda$new$0(132)) - 99153be1-ba81-4c7b-b6ab-4442760615cb-SegmentedRaftLogWorker:Storage Directory /workdir/hadoop-ozone/integration-test/target/test-dir/MiniOzoneClusterImpl-280c06ed-bcb5-4979-9226-67616719d9ed/datanode-1/data/ratis/95e159f1-0cc1-40e4-94b3-9ec3dcf23bfa: flushIndex: setUnconditionally 0 -> -1
2019-09-20 10:25:20,044 [pool-324-thread-1] INFO  server.RaftServerConfigKeys (ConfUtils.java:logGet(43)) - raft.server.snapshot.auto.trigger.enabled = true (custom)
2019-09-20 10:25:20,044 [pool-324-thread-1] INFO  server.RaftServerConfigKeys (ConfUtils.java:logGet(43)) - raft.server.snapshot.auto.trigger.threshold = 10000 (custom)
2019-09-20 10:25:20,044 [pool-324-thread-1] INFO  server.RaftServerConfigKeys (ConfUtils.java:logGet(43)) - raft.server.retrycache.expirytime = 600000ms (custom)
2019-09-20 10:25:20,045 [pool-324-thread-1] INFO  impl.RaftServerImpl (RaftServerImpl.java:start(180)) - 99153be1-ba81-4c7b-b6ab-4442760615cb: start group-9EC3DCF23BFA
2019-09-20 10:25:20,045 [pool-324-thread-1] INFO  impl.RaftServerImpl (RaftServerImpl.java:setRole(171)) - 99153be1-ba81-4c7b-b6ab-4442760615cb:group-9EC3DCF23BFA changes role from null to FOLLOWER at term 0 for startAsFollower
2019-09-20 10:25:20,045 [pool-324-thread-1] INFO  impl.RoleInfo (RoleInfo.java:updateAndGet(143)) - 99153be1-ba81-4c7b-b6ab-4442760615cb: start FollowerState
2019-09-20 10:25:20,045 | INFO  | SCMAudit | user=jenkins1000 | ip=192.168.36.99 | op=GET_VERSION null | ret=SUCCESS |  
2019-09-20 10:25:20,045 [pool-324-thread-1] INFO  util.JmxRegister (JmxRegister.java:tryRegister(44)) - Successfully registered JMX Bean with object name Ratis:service=RaftServer,group=group-9EC3DCF23BFA,id=99153be1-ba81-4c7b-b6ab-4442760615cb
2019-09-20 10:25:20,048 [RatisPipelineUtilsThread] INFO  pipeline.PipelineStateManager (PipelineStateManager.java:addPipeline(56)) - Created pipeline Pipeline[ Id: 95e159f1-0cc1-40e4-94b3-9ec3dcf23bfa, Nodes: 99153be1-ba81-4c7b-b6ab-4442760615cb{ip: 192.168.36.99, host: pr-hdds-1569-p5fx8-1226042367, networkLocation: /default-rack, certSerialId: null}, Type:RATIS, Factor:ONE, State:OPEN]
2019-09-20 10:25:20,048 [RatisPipelineUtilsThread] INFO  pipeline.PipelinePlacementPolicy (PipelinePlacementPolicy.java:meetCriteria(91)) - Pipeline Placement: Doesn't meet the criteria to be viable node： fac63c4b-287e-453e-9ac7-8c8c283fdab7 Heaviness: 6 limit: 5
2019-09-20 10:25:20,054 [grpc-default-executor-4] INFO  impl.RaftServerProxy (RaftServerProxy.java:addNew(89)) - 99153be1-ba81-4c7b-b6ab-4442760615cb: addNew group-19027D6FD54F:[99153be1-ba81-4c7b-b6ab-4442760615cb:192.168.36.99:42693] returns group-19027D6FD54F:java.util.concurrent.CompletableFuture@18665f7f[Not completed]
2019-09-20 10:25:20,056 [pool-324-thread-1] INFO  impl.RaftServerImpl (RaftServerImpl.java:<init>(93)) - 99153be1-ba81-4c7b-b6ab-4442760615cb: new RaftServerImpl for group-19027D6FD54F:[99153be1-ba81-4c7b-b6ab-4442760615cb:192.168.36.99:42693] with ContainerStateMachine:uninitialized
2019-09-20 10:25:20,056 [pool-324-thread-1] INFO  server.RaftServerConfigKeys (ConfUtils.java:logGet(43)) - raft.server.rpc.timeout.min = 5s (custom)
2019-09-20 10:25:20,056 [pool-324-thread-1] INFO  server.RaftServerConfigKeys (ConfUtils.java:logGet(43)) - raft.server.rpc.timeout.max = 5200ms (custom)
2019-09-20 10:25:20,056 [pool-324-thread-1] INFO  server.RaftServerConfigKeys (ConfUtils.java:logGet(43)) - raft.server.rpcslowness.timeout = 120s (custom)
2019-09-20 10:25:20,056 [pool-324-thread-1] INFO  server.RaftServerConfigKeys (ConfUtils.java:logGet(43)) - raft.server.sleep.deviation.threshold = 300 (default)
2019-09-20 10:25:20,056 [pool-324-thread-1] INFO  server.RaftServerConfigKeys (ConfUtils.java:logGet(43)) - raft.server.log.appender.install.snapshot.enabled = false (custom)
2019-09-20 10:25:20,056 [pool-324-thread-1] INFO  impl.RaftServerImpl (ServerState.java:<init>(105)) - 99153be1-ba81-4c7b-b6ab-4442760615cb:group-19027D6FD54F ConfigurationManager, init=-1: [99153be1-ba81-4c7b-b6ab-4442760615cb:192.168.36.99:42693], old=null, confs=<EMPTY_MAP>
2019-09-20 10:25:20,057 [pool-324-thread-1] INFO  server.RaftServerConfigKeys (ConfUtils.java:logGet(43)) - raft.server.storage.dir = [/workdir/hadoop-ozone/integration-test/target/test-dir/MiniOzoneClusterImpl-280c06ed-bcb5-4979-9226-67616719d9ed/datanode-1/data/ratis] (custom)
2019-09-20 10:25:20,057 [pool-324-thread-1] INFO  storage.RaftStorageDirectory (RaftStorageDirectory.java:analyzeStorage(246)) - The storage directory /workdir/hadoop-ozone/integration-test/target/test-dir/MiniOzoneClusterImpl-280c06ed-bcb5-4979-9226-67616719d9ed/datanode-1/data/ratis/ac254c74-aa75-4afc-9c99-19027d6fd54f does not exist. Creating ...
2019-09-20 10:25:20,075 [pool-324-thread-1] INFO  storage.RaftStorageDirectory (RaftStorageDirectory.java:tryLock(328)) - Lock on /workdir/hadoop-ozone/integration-test/target/test-dir/MiniOzoneClusterImpl-280c06ed-bcb5-4979-9226-67616719d9ed/datanode-1/data/ratis/ac254c74-aa75-4afc-9c99-19027d6fd54f/in_use.lock acquired by nodename 28506@pr-hdds-1569-p5fx8-1226042367
2019-09-20 10:25:20,075 [Datanode State Machine Thread - 0] INFO  ozoneimpl.OzoneContainer (OzoneContainer.java:start(186)) - Attempting to start container services.
2019-09-20 10:25:20,076 [Datanode State Machine Thread - 0] INFO  ozoneimpl.OzoneContainer (OzoneContainer.java:startContainerScrub(160)) - Background container scrubber has been disabled by hdds.containerscrub.enabled
2019-09-20 10:25:20,076 [Datanode State Machine Thread - 0] INFO  ratis.XceiverServerRatis (XceiverServerRatis.java:start(404)) - Starting XceiverServerRatis ece458fc-6687-4915-9be7-f98d86977b7d at port 0
2019-09-20 10:25:20,083 [Datanode State Machine Thread - 0] INFO  impl.RaftServerProxy (RaftServerProxy.java:lambda$start$3(299)) - ece458fc-6687-4915-9be7-f98d86977b7d: start RPC server
2019-09-20 10:25:20,084 [Datanode State Machine Thread - 0] INFO  server.GrpcService (GrpcService.java:startImpl(149)) - ece458fc-6687-4915-9be7-f98d86977b7d: GrpcService started, listening on 0.0.0.0/0.0.0.0:40344
2019-09-20 10:25:20,084 [Datanode State Machine Thread - 0] INFO  ratis.XceiverServerRatis (XceiverServerRatis.java:start(414)) - XceiverServerRatis ece458fc-6687-4915-9be7-f98d86977b7d is started using port 40344
2019-09-20 10:25:20,085 [Datanode State Machine Thread - 0] INFO  server.XceiverServerGrpc (XceiverServerGrpc.java:start(163)) - XceiverServerGrpc ece458fc-6687-4915-9be7-f98d86977b7d is started using port 35308
2019-09-20 10:25:20,092 [pool-324-thread-1] INFO  storage.RaftStorage (RaftStorage.java:format(72)) - Storage directory /workdir/hadoop-ozone/integration-test/target/test-dir/MiniOzoneClusterImpl-280c06ed-bcb5-4979-9226-67616719d9ed/datanode-1/data/ratis/ac254c74-aa75-4afc-9c99-19027d6fd54f has been successfully formatted.
2019-09-20 10:25:20,092 [pool-324-thread-1] INFO  ratis.ContainerStateMachine (ContainerStateMachine.java:loadSnapshot(226)) - group-19027D6FD54F: The snapshot info is null. Setting the last applied indexto:(t:0, i:~)
2019-09-20 10:25:20,092 [pool-324-thread-1] INFO  server.RaftServerConfigKeys (ConfUtils.java:logGet(43)) - raft.server.leader.election.timeout = 120s (custom)
2019-09-20 10:25:20,092 [pool-324-thread-1] INFO  server.RaftServerConfigKeys (ConfUtils.java:logGet(43)) - raft.server.log.use.memory = false (default)
2019-09-20 10:25:20,092 [pool-324-thread-1] INFO  server.RaftServerConfigKeys (ConfUtils.java:logGet(43)) - raft.server.log.purge.gap = 1000000 (custom)
2019-09-20 10:25:20,092 [pool-324-thread-1] INFO  server.RaftServerConfigKeys (ConfUtils.java:logGet(43)) - raft.server.log.appender.buffer.byte-limit = 33554432 (custom)
2019-09-20 10:25:20,093 [pool-324-thread-1] INFO  server.RaftServerConfigKeys (ConfUtils.java:logGet(43)) - raft.server.log.segment.size.max = 1048576 (custom)
2019-09-20 10:25:20,093 [pool-324-thread-1] INFO  server.RaftServerConfigKeys (ConfUtils.java:logGet(43)) - raft.server.log.segment.cache.num.max = 2 (custom)
2019-09-20 10:25:20,093 [pool-324-thread-1] INFO  segmented.SegmentedRaftLogWorker (SegmentedRaftLogWorker.java:<init>(172)) - new 99153be1-ba81-4c7b-b6ab-4442760615cb-SegmentedRaftLogWorker:Storage Directory /workdir/hadoop-ozone/integration-test/target/test-dir/MiniOzoneClusterImpl-280c06ed-bcb5-4979-9226-67616719d9ed/datanode-1/data/ratis/ac254c74-aa75-4afc-9c99-19027d6fd54f for RaftStorage:Storage Directory /workdir/hadoop-ozone/integration-test/target/test-dir/MiniOzoneClusterImpl-280c06ed-bcb5-4979-9226-67616719d9ed/datanode-1/data/ratis/ac254c74-aa75-4afc-9c99-19027d6fd54f
2019-09-20 10:25:20,093 [pool-324-thread-1] INFO  server.RaftServerConfigKeys (ConfUtils.java:logGet(43)) - raft.server.log.queue.byte-limit = 2147483647 (custom)
2019-09-20 10:25:20,093 [pool-324-thread-1] INFO  server.RaftServerConfigKeys (ConfUtils.java:logGet(43)) - raft.server.log.queue.element-limit = 1024 (custom)
2019-09-20 10:25:20,093 [pool-324-thread-1] INFO  server.RaftServerConfigKeys (ConfUtils.java:logGet(43)) - raft.server.log.segment.size.max = 1048576 (custom)
2019-09-20 10:25:20,093 [pool-324-thread-1] INFO  server.RaftServerConfigKeys (ConfUtils.java:logGet(43)) - raft.server.log.preallocated.size = 16384 (custom)
2019-09-20 10:25:20,093 [pool-324-thread-1] INFO  server.RaftServerConfigKeys (ConfUtils.java:logGet(43)) - raft.server.log.write.buffer.size = 33554432 (custom)
2019-09-20 10:25:20,094 [pool-324-thread-1] INFO  server.RaftServerConfigKeys (ConfUtils.java:logGet(43)) - raft.server.log.force.sync.num = 128 (default)
2019-09-20 10:25:20,094 [pool-324-thread-1] INFO  server.RaftServerConfigKeys (ConfUtils.java:logGet(43)) - raft.server.log.statemachine.data.sync = true (default)
2019-09-20 10:25:20,094 [pool-324-thread-1] INFO  server.RaftServerConfigKeys (ConfUtils.java:logGet(43)) - raft.server.log.statemachine.data.sync.timeout = 10s (default)
2019-09-20 10:25:20,094 [pool-324-thread-1] INFO  server.RaftServerConfigKeys (ConfUtils.java:logGet(43)) - raft.server.log.statemachine.data.sync.timeout.retry = -1 (default)
2019-09-20 10:25:20,094 [pool-324-thread-1] INFO  server.RaftServerConfigKeys (ConfUtils.java:logGet(43)) - raft.server.log.statemachine.data.caching.enabled = true (custom)
2019-09-20 10:25:20,094 [pool-324-thread-1] INFO  segmented.SegmentedRaftLogWorker (SegmentedRaftLogWorker.java:lambda$new$0(132)) - 99153be1-ba81-4c7b-b6ab-4442760615cb-SegmentedRaftLogWorker:Storage Directory /workdir/hadoop-ozone/integration-test/target/test-dir/MiniOzoneClusterImpl-280c06ed-bcb5-4979-9226-67616719d9ed/datanode-1/data/ratis/ac254c74-aa75-4afc-9c99-19027d6fd54f: flushIndex: setUnconditionally 0 -> -1
2019-09-20 10:25:20,095 [pool-324-thread-1] INFO  server.RaftServerConfigKeys (ConfUtils.java:logGet(43)) - raft.server.snapshot.auto.trigger.enabled = true (custom)
2019-09-20 10:25:20,095 [pool-324-thread-1] INFO  server.RaftServerConfigKeys (ConfUtils.java:logGet(43)) - raft.server.snapshot.auto.trigger.threshold = 10000 (custom)
2019-09-20 10:25:20,095 [pool-324-thread-1] INFO  server.RaftServerConfigKeys (ConfUtils.java:logGet(43)) - raft.server.retrycache.expirytime = 600000ms (custom)
2019-09-20 10:25:20,095 [pool-324-thread-1] INFO  impl.RaftServerImpl (RaftServerImpl.java:start(180)) - 99153be1-ba81-4c7b-b6ab-4442760615cb: start group-19027D6FD54F
2019-09-20 10:25:20,095 [pool-324-thread-1] INFO  impl.RaftServerImpl (RaftServerImpl.java:setRole(171)) - 99153be1-ba81-4c7b-b6ab-4442760615cb:group-19027D6FD54F changes role from null to FOLLOWER at term 0 for startAsFollower
2019-09-20 10:25:20,096 [pool-324-thread-1] INFO  impl.RoleInfo (RoleInfo.java:updateAndGet(143)) - 99153be1-ba81-4c7b-b6ab-4442760615cb: start FollowerState
2019-09-20 10:25:20,096 [pool-324-thread-1] INFO  util.JmxRegister (JmxRegister.java:tryRegister(44)) - Successfully registered JMX Bean with object name Ratis:service=RaftServer,group=group-19027D6FD54F,id=99153be1-ba81-4c7b-b6ab-4442760615cb
2019-09-20 10:25:20,098 [RatisPipelineUtilsThread] INFO  pipeline.PipelineStateManager (PipelineStateManager.java:addPipeline(56)) - Created pipeline Pipeline[ Id: ac254c74-aa75-4afc-9c99-19027d6fd54f, Nodes: 99153be1-ba81-4c7b-b6ab-4442760615cb{ip: 192.168.36.99, host: pr-hdds-1569-p5fx8-1226042367, networkLocation: /default-rack, certSerialId: null}, Type:RATIS, Factor:ONE, State:OPEN]
2019-09-20 10:25:20,099 [RatisPipelineUtilsThread] INFO  pipeline.PipelinePlacementPolicy (PipelinePlacementPolicy.java:meetCriteria(91)) - Pipeline Placement: Doesn't meet the criteria to be viable node： fac63c4b-287e-453e-9ac7-8c8c283fdab7 Heaviness: 6 limit: 5
2019-09-20 10:25:20,103 [grpc-default-executor-4] INFO  impl.RaftServerProxy (RaftServerProxy.java:addNew(89)) - 99153be1-ba81-4c7b-b6ab-4442760615cb: addNew group-2C82EAA67AE4:[99153be1-ba81-4c7b-b6ab-4442760615cb:192.168.36.99:42693] returns group-2C82EAA67AE4:java.util.concurrent.CompletableFuture@374c20c4[Not completed]
2019-09-20 10:25:20,104 [pool-324-thread-1] INFO  impl.RaftServerImpl (RaftServerImpl.java:<init>(93)) - 99153be1-ba81-4c7b-b6ab-4442760615cb: new RaftServerImpl for group-2C82EAA67AE4:[99153be1-ba81-4c7b-b6ab-4442760615cb:192.168.36.99:42693] with ContainerStateMachine:uninitialized
2019-09-20 10:25:20,104 [pool-324-thread-1] INFO  server.RaftServerConfigKeys (ConfUtils.java:logGet(43)) - raft.server.rpc.timeout.min = 5s (custom)
2019-09-20 10:25:20,104 [pool-324-thread-1] INFO  server.RaftServerConfigKeys (ConfUtils.java:logGet(43)) - raft.server.rpc.timeout.max = 5200ms (custom)
2019-09-20 10:25:20,105 [pool-324-thread-1] INFO  server.RaftServerConfigKeys (ConfUtils.java:logGet(43)) - raft.server.rpcslowness.timeout = 120s (custom)
2019-09-20 10:25:20,105 [pool-324-thread-1] INFO  server.RaftServerConfigKeys (ConfUtils.java:logGet(43)) - raft.server.sleep.deviation.threshold = 300 (default)
2019-09-20 10:25:20,105 [pool-324-thread-1] INFO  server.RaftServerConfigKeys (ConfUtils.java:logGet(43)) - raft.server.log.appender.install.snapshot.enabled = false (custom)
2019-09-20 10:25:20,105 [pool-324-thread-1] INFO  impl.RaftServerImpl (ServerState.java:<init>(105)) - 99153be1-ba81-4c7b-b6ab-4442760615cb:group-2C82EAA67AE4 ConfigurationManager, init=-1: [99153be1-ba81-4c7b-b6ab-4442760615cb:192.168.36.99:42693], old=null, confs=<EMPTY_MAP>
2019-09-20 10:25:20,105 [pool-324-thread-1] INFO  server.RaftServerConfigKeys (ConfUtils.java:logGet(43)) - raft.server.storage.dir = [/workdir/hadoop-ozone/integration-test/target/test-dir/MiniOzoneClusterImpl-280c06ed-bcb5-4979-9226-67616719d9ed/datanode-1/data/ratis] (custom)
2019-09-20 10:25:20,105 [pool-324-thread-1] INFO  storage.RaftStorageDirectory (RaftStorageDirectory.java:analyzeStorage(246)) - The storage directory /workdir/hadoop-ozone/integration-test/target/test-dir/MiniOzoneClusterImpl-280c06ed-bcb5-4979-9226-67616719d9ed/datanode-1/data/ratis/22746fd9-6933-4e25-ad88-2c82eaa67ae4 does not exist. Creating ...
2019-09-20 10:25:20,124 [pool-324-thread-1] INFO  storage.RaftStorageDirectory (RaftStorageDirectory.java:tryLock(328)) - Lock on /workdir/hadoop-ozone/integration-test/target/test-dir/MiniOzoneClusterImpl-280c06ed-bcb5-4979-9226-67616719d9ed/datanode-1/data/ratis/22746fd9-6933-4e25-ad88-2c82eaa67ae4/in_use.lock acquired by nodename 28506@pr-hdds-1569-p5fx8-1226042367
2019-09-20 10:25:20,146 [pool-324-thread-1] INFO  storage.RaftStorage (RaftStorage.java:format(72)) - Storage directory /workdir/hadoop-ozone/integration-test/target/test-dir/MiniOzoneClusterImpl-280c06ed-bcb5-4979-9226-67616719d9ed/datanode-1/data/ratis/22746fd9-6933-4e25-ad88-2c82eaa67ae4 has been successfully formatted.
2019-09-20 10:25:20,146 [pool-324-thread-1] INFO  ratis.ContainerStateMachine (ContainerStateMachine.java:loadSnapshot(226)) - group-2C82EAA67AE4: The snapshot info is null. Setting the last applied indexto:(t:0, i:~)
2019-09-20 10:25:20,147 [pool-324-thread-1] INFO  server.RaftServerConfigKeys (ConfUtils.java:logGet(43)) - raft.server.leader.election.timeout = 120s (custom)
2019-09-20 10:25:20,147 [pool-324-thread-1] INFO  server.RaftServerConfigKeys (ConfUtils.java:logGet(43)) - raft.server.log.use.memory = false (default)
2019-09-20 10:25:20,147 [pool-324-thread-1] INFO  server.RaftServerConfigKeys (ConfUtils.java:logGet(43)) - raft.server.log.purge.gap = 1000000 (custom)
2019-09-20 10:25:20,147 [pool-324-thread-1] INFO  server.RaftServerConfigKeys (ConfUtils.java:logGet(43)) - raft.server.log.appender.buffer.byte-limit = 33554432 (custom)
2019-09-20 10:25:20,147 [pool-324-thread-1] INFO  server.RaftServerConfigKeys (ConfUtils.java:logGet(43)) - raft.server.log.segment.size.max = 1048576 (custom)
2019-09-20 10:25:20,147 [pool-324-thread-1] INFO  server.RaftServerConfigKeys (ConfUtils.java:logGet(43)) - raft.server.log.segment.cache.num.max = 2 (custom)
2019-09-20 10:25:20,148 [pool-324-thread-1] INFO  segmented.SegmentedRaftLogWorker (SegmentedRaftLogWorker.java:<init>(172)) - new 99153be1-ba81-4c7b-b6ab-4442760615cb-SegmentedRaftLogWorker:Storage Directory /workdir/hadoop-ozone/integration-test/target/test-dir/MiniOzoneClusterImpl-280c06ed-bcb5-4979-9226-67616719d9ed/datanode-1/data/ratis/22746fd9-6933-4e25-ad88-2c82eaa67ae4 for RaftStorage:Storage Directory /workdir/hadoop-ozone/integration-test/target/test-dir/MiniOzoneClusterImpl-280c06ed-bcb5-4979-9226-67616719d9ed/datanode-1/data/ratis/22746fd9-6933-4e25-ad88-2c82eaa67ae4
2019-09-20 10:25:20,148 [pool-324-thread-1] INFO  server.RaftServerConfigKeys (ConfUtils.java:logGet(43)) - raft.server.log.queue.byte-limit = 2147483647 (custom)
2019-09-20 10:25:20,148 [pool-324-thread-1] INFO  server.RaftServerConfigKeys (ConfUtils.java:logGet(43)) - raft.server.log.queue.element-limit = 1024 (custom)
2019-09-20 10:25:20,148 [pool-324-thread-1] INFO  server.RaftServerConfigKeys (ConfUtils.java:logGet(43)) - raft.server.log.segment.size.max = 1048576 (custom)
2019-09-20 10:25:20,148 [pool-324-thread-1] INFO  server.RaftServerConfigKeys (ConfUtils.java:logGet(43)) - raft.server.log.preallocated.size = 16384 (custom)
2019-09-20 10:25:20,148 [pool-324-thread-1] INFO  server.RaftServerConfigKeys (ConfUtils.java:logGet(43)) - raft.server.log.write.buffer.size = 33554432 (custom)
2019-09-20 10:25:20,149 [pool-324-thread-1] INFO  server.RaftServerConfigKeys (ConfUtils.java:logGet(43)) - raft.server.log.force.sync.num = 128 (default)
2019-09-20 10:25:20,149 [pool-324-thread-1] INFO  server.RaftServerConfigKeys (ConfUtils.java:logGet(43)) - raft.server.log.statemachine.data.sync = true (default)
2019-09-20 10:25:20,149 [pool-324-thread-1] INFO  server.RaftServerConfigKeys (ConfUtils.java:logGet(43)) - raft.server.log.statemachine.data.sync.timeout = 10s (default)
2019-09-20 10:25:20,149 [pool-324-thread-1] INFO  server.RaftServerConfigKeys (ConfUtils.java:logGet(43)) - raft.server.log.statemachine.data.sync.timeout.retry = -1 (default)
2019-09-20 10:25:20,149 [pool-324-thread-1] INFO  server.RaftServerConfigKeys (ConfUtils.java:logGet(43)) - raft.server.log.statemachine.data.caching.enabled = true (custom)
2019-09-20 10:25:20,149 [pool-324-thread-1] INFO  segmented.SegmentedRaftLogWorker (SegmentedRaftLogWorker.java:lambda$new$0(132)) - 99153be1-ba81-4c7b-b6ab-4442760615cb-SegmentedRaftLogWorker:Storage Directory /workdir/hadoop-ozone/integration-test/target/test-dir/MiniOzoneClusterImpl-280c06ed-bcb5-4979-9226-67616719d9ed/datanode-1/data/ratis/22746fd9-6933-4e25-ad88-2c82eaa67ae4: flushIndex: setUnconditionally 0 -> -1
2019-09-20 10:25:20,150 [pool-324-thread-1] INFO  server.RaftServerConfigKeys (ConfUtils.java:logGet(43)) - raft.server.snapshot.auto.trigger.enabled = true (custom)
2019-09-20 10:25:20,150 [pool-324-thread-1] INFO  server.RaftServerConfigKeys (ConfUtils.java:logGet(43)) - raft.server.snapshot.auto.trigger.threshold = 10000 (custom)
2019-09-20 10:25:20,150 [pool-324-thread-1] INFO  server.RaftServerConfigKeys (ConfUtils.java:logGet(43)) - raft.server.retrycache.expirytime = 600000ms (custom)
2019-09-20 10:25:20,150 [pool-324-thread-1] INFO  impl.RaftServerImpl (RaftServerImpl.java:start(180)) - 99153be1-ba81-4c7b-b6ab-4442760615cb: start group-2C82EAA67AE4
2019-09-20 10:25:20,151 [pool-324-thread-1] INFO  impl.RaftServerImpl (RaftServerImpl.java:setRole(171)) - 99153be1-ba81-4c7b-b6ab-4442760615cb:group-2C82EAA67AE4 changes role from null to FOLLOWER at term 0 for startAsFollower
2019-09-20 10:25:20,151 [pool-324-thread-1] INFO  impl.RoleInfo (RoleInfo.java:updateAndGet(143)) - 99153be1-ba81-4c7b-b6ab-4442760615cb: start FollowerState
2019-09-20 10:25:20,151 [pool-324-thread-1] INFO  util.JmxRegister (JmxRegister.java:tryRegister(44)) - Successfully registered JMX Bean with object name Ratis:service=RaftServer,group=group-2C82EAA67AE4,id=99153be1-ba81-4c7b-b6ab-4442760615cb
2019-09-20 10:25:20,155 [RatisPipelineUtilsThread] INFO  pipeline.PipelineStateManager (PipelineStateManager.java:addPipeline(56)) - Created pipeline Pipeline[ Id: 22746fd9-6933-4e25-ad88-2c82eaa67ae4, Nodes: 99153be1-ba81-4c7b-b6ab-4442760615cb{ip: 192.168.36.99, host: pr-hdds-1569-p5fx8-1226042367, networkLocation: /default-rack, certSerialId: null}, Type:RATIS, Factor:ONE, State:OPEN]
2019-09-20 10:25:20,155 [RatisPipelineUtilsThread] INFO  pipeline.PipelinePlacementPolicy (PipelinePlacementPolicy.java:meetCriteria(91)) - Pipeline Placement: Doesn't meet the criteria to be viable node： fac63c4b-287e-453e-9ac7-8c8c283fdab7 Heaviness: 6 limit: 5
2019-09-20 10:25:20,161 [grpc-default-executor-4] INFO  impl.RaftServerProxy (RaftServerProxy.java:addNew(89)) - 99153be1-ba81-4c7b-b6ab-4442760615cb: addNew group-685DC754E815:[99153be1-ba81-4c7b-b6ab-4442760615cb:192.168.36.99:42693] returns group-685DC754E815:java.util.concurrent.CompletableFuture@14bc21bb[Not completed]
2019-09-20 10:25:20,162 [pool-324-thread-1] INFO  impl.RaftServerImpl (RaftServerImpl.java:<init>(93)) - 99153be1-ba81-4c7b-b6ab-4442760615cb: new RaftServerImpl for group-685DC754E815:[99153be1-ba81-4c7b-b6ab-4442760615cb:192.168.36.99:42693] with ContainerStateMachine:uninitialized
2019-09-20 10:25:20,162 [pool-324-thread-1] INFO  server.RaftServerConfigKeys (ConfUtils.java:logGet(43)) - raft.server.rpc.timeout.min = 5s (custom)
2019-09-20 10:25:20,162 [pool-324-thread-1] INFO  server.RaftServerConfigKeys (ConfUtils.java:logGet(43)) - raft.server.rpc.timeout.max = 5200ms (custom)
2019-09-20 10:25:20,162 [pool-324-thread-1] INFO  server.RaftServerConfigKeys (ConfUtils.java:logGet(43)) - raft.server.rpcslowness.timeout = 120s (custom)
2019-09-20 10:25:20,162 [pool-324-thread-1] INFO  server.RaftServerConfigKeys (ConfUtils.java:logGet(43)) - raft.server.sleep.deviation.threshold = 300 (default)
2019-09-20 10:25:20,162 [pool-324-thread-1] INFO  server.RaftServerConfigKeys (ConfUtils.java:logGet(43)) - raft.server.log.appender.install.snapshot.enabled = false (custom)
2019-09-20 10:25:20,163 [pool-324-thread-1] INFO  impl.RaftServerImpl (ServerState.java:<init>(105)) - 99153be1-ba81-4c7b-b6ab-4442760615cb:group-685DC754E815 ConfigurationManager, init=-1: [99153be1-ba81-4c7b-b6ab-4442760615cb:192.168.36.99:42693], old=null, confs=<EMPTY_MAP>
2019-09-20 10:25:20,163 [pool-324-thread-1] INFO  server.RaftServerConfigKeys (ConfUtils.java:logGet(43)) - raft.server.storage.dir = [/workdir/hadoop-ozone/integration-test/target/test-dir/MiniOzoneClusterImpl-280c06ed-bcb5-4979-9226-67616719d9ed/datanode-1/data/ratis] (custom)
2019-09-20 10:25:20,163 [pool-324-thread-1] INFO  storage.RaftStorageDirectory (RaftStorageDirectory.java:analyzeStorage(246)) - The storage directory /workdir/hadoop-ozone/integration-test/target/test-dir/MiniOzoneClusterImpl-280c06ed-bcb5-4979-9226-67616719d9ed/datanode-1/data/ratis/349b8c6b-61a6-425a-80f9-685dc754e815 does not exist. Creating ...
2019-09-20 10:25:20,179 [pool-324-thread-1] INFO  storage.RaftStorageDirectory (RaftStorageDirectory.java:tryLock(328)) - Lock on /workdir/hadoop-ozone/integration-test/target/test-dir/MiniOzoneClusterImpl-280c06ed-bcb5-4979-9226-67616719d9ed/datanode-1/data/ratis/349b8c6b-61a6-425a-80f9-685dc754e815/in_use.lock acquired by nodename 28506@pr-hdds-1569-p5fx8-1226042367
2019-09-20 10:25:20,236 [pool-324-thread-1] INFO  storage.RaftStorage (RaftStorage.java:format(72)) - Storage directory /workdir/hadoop-ozone/integration-test/target/test-dir/MiniOzoneClusterImpl-280c06ed-bcb5-4979-9226-67616719d9ed/datanode-1/data/ratis/349b8c6b-61a6-425a-80f9-685dc754e815 has been successfully formatted.
2019-09-20 10:25:20,236 [pool-324-thread-1] INFO  ratis.ContainerStateMachine (ContainerStateMachine.java:loadSnapshot(226)) - group-685DC754E815: The snapshot info is null. Setting the last applied indexto:(t:0, i:~)
2019-09-20 10:25:20,237 [pool-324-thread-1] INFO  server.RaftServerConfigKeys (ConfUtils.java:logGet(43)) - raft.server.leader.election.timeout = 120s (custom)
2019-09-20 10:25:20,237 [pool-324-thread-1] INFO  server.RaftServerConfigKeys (ConfUtils.java:logGet(43)) - raft.server.log.use.memory = false (default)
2019-09-20 10:25:20,237 [pool-324-thread-1] INFO  server.RaftServerConfigKeys (ConfUtils.java:logGet(43)) - raft.server.log.purge.gap = 1000000 (custom)
2019-09-20 10:25:20,237 [pool-324-thread-1] INFO  server.RaftServerConfigKeys (ConfUtils.java:logGet(43)) - raft.server.log.appender.buffer.byte-limit = 33554432 (custom)
2019-09-20 10:25:20,237 [pool-324-thread-1] INFO  server.RaftServerConfigKeys (ConfUtils.java:logGet(43)) - raft.server.log.segment.size.max = 1048576 (custom)
2019-09-20 10:25:20,237 [pool-324-thread-1] INFO  server.RaftServerConfigKeys (ConfUtils.java:logGet(43)) - raft.server.log.segment.cache.num.max = 2 (custom)
2019-09-20 10:25:20,238 [pool-324-thread-1] INFO  segmented.SegmentedRaftLogWorker (SegmentedRaftLogWorker.java:<init>(172)) - new 99153be1-ba81-4c7b-b6ab-4442760615cb-SegmentedRaftLogWorker:Storage Directory /workdir/hadoop-ozone/integration-test/target/test-dir/MiniOzoneClusterImpl-280c06ed-bcb5-4979-9226-67616719d9ed/datanode-1/data/ratis/349b8c6b-61a6-425a-80f9-685dc754e815 for RaftStorage:Storage Directory /workdir/hadoop-ozone/integration-test/target/test-dir/MiniOzoneClusterImpl-280c06ed-bcb5-4979-9226-67616719d9ed/datanode-1/data/ratis/349b8c6b-61a6-425a-80f9-685dc754e815
2019-09-20 10:25:20,238 [pool-324-thread-1] INFO  server.RaftServerConfigKeys (ConfUtils.java:logGet(43)) - raft.server.log.queue.byte-limit = 2147483647 (custom)
2019-09-20 10:25:20,238 [pool-324-thread-1] INFO  server.RaftServerConfigKeys (ConfUtils.java:logGet(43)) - raft.server.log.queue.element-limit = 1024 (custom)
2019-09-20 10:25:20,238 [pool-324-thread-1] INFO  server.RaftServerConfigKeys (ConfUtils.java:logGet(43)) - raft.server.log.segment.size.max = 1048576 (custom)
2019-09-20 10:25:20,238 [pool-324-thread-1] INFO  server.RaftServerConfigKeys (ConfUtils.java:logGet(43)) - raft.server.log.preallocated.size = 16384 (custom)
2019-09-20 10:25:20,238 [pool-324-thread-1] INFO  server.RaftServerConfigKeys (ConfUtils.java:logGet(43)) - raft.server.log.write.buffer.size = 33554432 (custom)
2019-09-20 10:25:20,239 [pool-324-thread-1] INFO  server.RaftServerConfigKeys (ConfUtils.java:logGet(43)) - raft.server.log.force.sync.num = 128 (default)
2019-09-20 10:25:20,239 [pool-324-thread-1] INFO  server.RaftServerConfigKeys (ConfUtils.java:logGet(43)) - raft.server.log.statemachine.data.sync = true (default)
2019-09-20 10:25:20,239 [pool-324-thread-1] INFO  server.RaftServerConfigKeys (ConfUtils.java:logGet(43)) - raft.server.log.statemachine.data.sync.timeout = 10s (default)
2019-09-20 10:25:20,239 [pool-324-thread-1] INFO  server.RaftServerConfigKeys (ConfUtils.java:logGet(43)) - raft.server.log.statemachine.data.sync.timeout.retry = -1 (default)
2019-09-20 10:25:20,239 [pool-324-thread-1] INFO  server.RaftServerConfigKeys (ConfUtils.java:logGet(43)) - raft.server.log.statemachine.data.caching.enabled = true (custom)
2019-09-20 10:25:20,240 [pool-324-thread-1] INFO  segmented.SegmentedRaftLogWorker (SegmentedRaftLogWorker.java:lambda$new$0(132)) - 99153be1-ba81-4c7b-b6ab-4442760615cb-SegmentedRaftLogWorker:Storage Directory /workdir/hadoop-ozone/integration-test/target/test-dir/MiniOzoneClusterImpl-280c06ed-bcb5-4979-9226-67616719d9ed/datanode-1/data/ratis/349b8c6b-61a6-425a-80f9-685dc754e815: flushIndex: setUnconditionally 0 -> -1
2019-09-20 10:25:20,240 [pool-324-thread-1] INFO  server.RaftServerConfigKeys (ConfUtils.java:logGet(43)) - raft.server.snapshot.auto.trigger.enabled = true (custom)
2019-09-20 10:25:20,240 [pool-324-thread-1] INFO  server.RaftServerConfigKeys (ConfUtils.java:logGet(43)) - raft.server.snapshot.auto.trigger.threshold = 10000 (custom)
2019-09-20 10:25:20,241 [pool-324-thread-1] INFO  server.RaftServerConfigKeys (ConfUtils.java:logGet(43)) - raft.server.retrycache.expirytime = 600000ms (custom)
2019-09-20 10:25:20,241 [pool-324-thread-1] INFO  impl.RaftServerImpl (RaftServerImpl.java:start(180)) - 99153be1-ba81-4c7b-b6ab-4442760615cb: start group-685DC754E815
2019-09-20 10:25:20,241 [pool-324-thread-1] INFO  impl.RaftServerImpl (RaftServerImpl.java:setRole(171)) - 99153be1-ba81-4c7b-b6ab-4442760615cb:group-685DC754E815 changes role from null to FOLLOWER at term 0 for startAsFollower
2019-09-20 10:25:20,241 [pool-324-thread-1] INFO  impl.RoleInfo (RoleInfo.java:updateAndGet(143)) - 99153be1-ba81-4c7b-b6ab-4442760615cb: start FollowerState
2019-09-20 10:25:20,241 [pool-324-thread-1] INFO  util.JmxRegister (JmxRegister.java:tryRegister(44)) - Successfully registered JMX Bean with object name Ratis:service=RaftServer,group=group-685DC754E815,id=99153be1-ba81-4c7b-b6ab-4442760615cb
2019-09-20 10:25:20,245 [RatisPipelineUtilsThread] INFO  pipeline.PipelineStateManager (PipelineStateManager.java:addPipeline(56)) - Created pipeline Pipeline[ Id: 349b8c6b-61a6-425a-80f9-685dc754e815, Nodes: 99153be1-ba81-4c7b-b6ab-4442760615cb{ip: 192.168.36.99, host: pr-hdds-1569-p5fx8-1226042367, networkLocation: /default-rack, certSerialId: null}, Type:RATIS, Factor:ONE, State:OPEN]
2019-09-20 10:25:20,245 [RatisPipelineUtilsThread] INFO  pipeline.PipelinePlacementPolicy (PipelinePlacementPolicy.java:meetCriteria(91)) - Pipeline Placement: Doesn't meet the criteria to be viable node： fac63c4b-287e-453e-9ac7-8c8c283fdab7 Heaviness: 6 limit: 5
2019-09-20 10:25:20,251 [grpc-default-executor-4] INFO  impl.RaftServerProxy (RaftServerProxy.java:addNew(89)) - 99153be1-ba81-4c7b-b6ab-4442760615cb: addNew group-D8066A925F3E:[99153be1-ba81-4c7b-b6ab-4442760615cb:192.168.36.99:42693] returns group-D8066A925F3E:java.util.concurrent.CompletableFuture@1f8d5475[Not completed]
2019-09-20 10:25:20,252 [pool-324-thread-1] INFO  impl.RaftServerImpl (RaftServerImpl.java:<init>(93)) - 99153be1-ba81-4c7b-b6ab-4442760615cb: new RaftServerImpl for group-D8066A925F3E:[99153be1-ba81-4c7b-b6ab-4442760615cb:192.168.36.99:42693] with ContainerStateMachine:uninitialized
2019-09-20 10:25:20,252 [pool-324-thread-1] INFO  server.RaftServerConfigKeys (ConfUtils.java:logGet(43)) - raft.server.rpc.timeout.min = 5s (custom)
2019-09-20 10:25:20,252 [pool-324-thread-1] INFO  server.RaftServerConfigKeys (ConfUtils.java:logGet(43)) - raft.server.rpc.timeout.max = 5200ms (custom)
2019-09-20 10:25:20,252 [pool-324-thread-1] INFO  server.RaftServerConfigKeys (ConfUtils.java:logGet(43)) - raft.server.rpcslowness.timeout = 120s (custom)
2019-09-20 10:25:20,253 [pool-324-thread-1] INFO  server.RaftServerConfigKeys (ConfUtils.java:logGet(43)) - raft.server.sleep.deviation.threshold = 300 (default)
2019-09-20 10:25:20,253 [pool-324-thread-1] INFO  server.RaftServerConfigKeys (ConfUtils.java:logGet(43)) - raft.server.log.appender.install.snapshot.enabled = false (custom)
2019-09-20 10:25:20,253 [pool-324-thread-1] INFO  impl.RaftServerImpl (ServerState.java:<init>(105)) - 99153be1-ba81-4c7b-b6ab-4442760615cb:group-D8066A925F3E ConfigurationManager, init=-1: [99153be1-ba81-4c7b-b6ab-4442760615cb:192.168.36.99:42693], old=null, confs=<EMPTY_MAP>
2019-09-20 10:25:20,253 [pool-324-thread-1] INFO  server.RaftServerConfigKeys (ConfUtils.java:logGet(43)) - raft.server.storage.dir = [/workdir/hadoop-ozone/integration-test/target/test-dir/MiniOzoneClusterImpl-280c06ed-bcb5-4979-9226-67616719d9ed/datanode-1/data/ratis] (custom)
2019-09-20 10:25:20,253 [pool-324-thread-1] INFO  storage.RaftStorageDirectory (RaftStorageDirectory.java:analyzeStorage(246)) - The storage directory /workdir/hadoop-ozone/integration-test/target/test-dir/MiniOzoneClusterImpl-280c06ed-bcb5-4979-9226-67616719d9ed/datanode-1/data/ratis/66d2ec1c-a7d3-4855-b686-d8066a925f3e does not exist. Creating ...
2019-09-20 10:25:20,284 [IPC Server handler 11 on 33175] INFO  net.NetworkTopology (NetworkTopologyImpl.java:add(110)) - Added a new node: /default-rack/e29464ab-17d7-4a4e-ab54-c178fccc723c
2019-09-20 10:25:20,284 [IPC Server handler 11 on 33175] INFO  node.SCMNodeManager (SCMNodeManager.java:register(273)) - Registered Data node : e29464ab-17d7-4a4e-ab54-c178fccc723c{ip: 192.168.36.99, host: pr-hdds-1569-p5fx8-1226042367, networkLocation: /default-rack, certSerialId: null}
2019-09-20 10:25:20,285 | INFO  | SCMAudit | user=jenkins1000 | ip=192.168.36.99 | op=REGISTER {datanodeDetails=e29464ab-17d7-4a4e-ab54-c178fccc723c{ip: 192.168.36.99, host: pr-hdds-1569-p5fx8-1226042367, networkLocation: /default-rack, certSerialId: null}} | ret=SUCCESS |  
2019-09-20 10:25:20,286 [pool-324-thread-1] INFO  storage.RaftStorageDirectory (RaftStorageDirectory.java:tryLock(328)) - Lock on /workdir/hadoop-ozone/integration-test/target/test-dir/MiniOzoneClusterImpl-280c06ed-bcb5-4979-9226-67616719d9ed/datanode-1/data/ratis/66d2ec1c-a7d3-4855-b686-d8066a925f3e/in_use.lock acquired by nodename 28506@pr-hdds-1569-p5fx8-1226042367
2019-09-20 10:25:20,328 [pool-324-thread-1] INFO  storage.RaftStorage (RaftStorage.java:format(72)) - Storage directory /workdir/hadoop-ozone/integration-test/target/test-dir/MiniOzoneClusterImpl-280c06ed-bcb5-4979-9226-67616719d9ed/datanode-1/data/ratis/66d2ec1c-a7d3-4855-b686-d8066a925f3e has been successfully formatted.
2019-09-20 10:25:20,329 [pool-324-thread-1] INFO  ratis.ContainerStateMachine (ContainerStateMachine.java:loadSnapshot(226)) - group-D8066A925F3E: The snapshot info is null. Setting the last applied indexto:(t:0, i:~)
2019-09-20 10:25:20,329 [pool-324-thread-1] INFO  server.RaftServerConfigKeys (ConfUtils.java:logGet(43)) - raft.server.leader.election.timeout = 120s (custom)
2019-09-20 10:25:20,329 [pool-324-thread-1] INFO  server.RaftServerConfigKeys (ConfUtils.java:logGet(43)) - raft.server.log.use.memory = false (default)
2019-09-20 10:25:20,329 [pool-324-thread-1] INFO  server.RaftServerConfigKeys (ConfUtils.java:logGet(43)) - raft.server.log.purge.gap = 1000000 (custom)
2019-09-20 10:25:20,329 [pool-324-thread-1] INFO  server.RaftServerConfigKeys (ConfUtils.java:logGet(43)) - raft.server.log.appender.buffer.byte-limit = 33554432 (custom)
2019-09-20 10:25:20,330 [pool-324-thread-1] INFO  server.RaftServerConfigKeys (ConfUtils.java:logGet(43)) - raft.server.log.segment.size.max = 1048576 (custom)
2019-09-20 10:25:20,330 [pool-324-thread-1] INFO  server.RaftServerConfigKeys (ConfUtils.java:logGet(43)) - raft.server.log.segment.cache.num.max = 2 (custom)
2019-09-20 10:25:20,330 [pool-324-thread-1] INFO  segmented.SegmentedRaftLogWorker (SegmentedRaftLogWorker.java:<init>(172)) - new 99153be1-ba81-4c7b-b6ab-4442760615cb-SegmentedRaftLogWorker:Storage Directory /workdir/hadoop-ozone/integration-test/target/test-dir/MiniOzoneClusterImpl-280c06ed-bcb5-4979-9226-67616719d9ed/datanode-1/data/ratis/66d2ec1c-a7d3-4855-b686-d8066a925f3e for RaftStorage:Storage Directory /workdir/hadoop-ozone/integration-test/target/test-dir/MiniOzoneClusterImpl-280c06ed-bcb5-4979-9226-67616719d9ed/datanode-1/data/ratis/66d2ec1c-a7d3-4855-b686-d8066a925f3e
2019-09-20 10:25:20,330 [pool-324-thread-1] INFO  server.RaftServerConfigKeys (ConfUtils.java:logGet(43)) - raft.server.log.queue.byte-limit = 2147483647 (custom)
2019-09-20 10:25:20,330 [pool-324-thread-1] INFO  server.RaftServerConfigKeys (ConfUtils.java:logGet(43)) - raft.server.log.queue.element-limit = 1024 (custom)
2019-09-20 10:25:20,330 [pool-324-thread-1] INFO  server.RaftServerConfigKeys (ConfUtils.java:logGet(43)) - raft.server.log.segment.size.max = 1048576 (custom)
2019-09-20 10:25:20,331 [pool-324-thread-1] INFO  server.RaftServerConfigKeys (ConfUtils.java:logGet(43)) - raft.server.log.preallocated.size = 16384 (custom)
2019-09-20 10:25:20,331 [pool-324-thread-1] INFO  server.RaftServerConfigKeys (ConfUtils.java:logGet(43)) - raft.server.log.write.buffer.size = 33554432 (custom)
2019-09-20 10:25:20,331 [pool-324-thread-1] INFO  server.RaftServerConfigKeys (ConfUtils.java:logGet(43)) - raft.server.log.force.sync.num = 128 (default)
2019-09-20 10:25:20,331 [pool-324-thread-1] INFO  server.RaftServerConfigKeys (ConfUtils.java:logGet(43)) - raft.server.log.statemachine.data.sync = true (default)
2019-09-20 10:25:20,331 [pool-324-thread-1] INFO  server.RaftServerConfigKeys (ConfUtils.java:logGet(43)) - raft.server.log.statemachine.data.sync.timeout = 10s (default)
2019-09-20 10:25:20,331 [pool-324-thread-1] INFO  server.RaftServerConfigKeys (ConfUtils.java:logGet(43)) - raft.server.log.statemachine.data.sync.timeout.retry = -1 (default)
2019-09-20 10:25:20,332 [pool-324-thread-1] INFO  server.RaftServerConfigKeys (ConfUtils.java:logGet(43)) - raft.server.log.statemachine.data.caching.enabled = true (custom)
2019-09-20 10:25:20,332 [pool-324-thread-1] INFO  segmented.SegmentedRaftLogWorker (SegmentedRaftLogWorker.java:lambda$new$0(132)) - 99153be1-ba81-4c7b-b6ab-4442760615cb-SegmentedRaftLogWorker:Storage Directory /workdir/hadoop-ozone/integration-test/target/test-dir/MiniOzoneClusterImpl-280c06ed-bcb5-4979-9226-67616719d9ed/datanode-1/data/ratis/66d2ec1c-a7d3-4855-b686-d8066a925f3e: flushIndex: setUnconditionally 0 -> -1
2019-09-20 10:25:20,332 [pool-324-thread-1] INFO  server.RaftServerConfigKeys (ConfUtils.java:logGet(43)) - raft.server.snapshot.auto.trigger.enabled = true (custom)
2019-09-20 10:25:20,333 [pool-324-thread-1] INFO  server.RaftServerConfigKeys (ConfUtils.java:logGet(43)) - raft.server.snapshot.auto.trigger.threshold = 10000 (custom)
2019-09-20 10:25:20,333 [pool-324-thread-1] INFO  server.RaftServerConfigKeys (ConfUtils.java:logGet(43)) - raft.server.retrycache.expirytime = 600000ms (custom)
2019-09-20 10:25:20,333 [pool-324-thread-1] INFO  impl.RaftServerImpl (RaftServerImpl.java:start(180)) - 99153be1-ba81-4c7b-b6ab-4442760615cb: start group-D8066A925F3E
2019-09-20 10:25:20,333 [pool-324-thread-1] INFO  impl.RaftServerImpl (RaftServerImpl.java:setRole(171)) - 99153be1-ba81-4c7b-b6ab-4442760615cb:group-D8066A925F3E changes role from null to FOLLOWER at term 0 for startAsFollower
2019-09-20 10:25:20,333 [pool-324-thread-1] INFO  impl.RoleInfo (RoleInfo.java:updateAndGet(143)) - 99153be1-ba81-4c7b-b6ab-4442760615cb: start FollowerState
2019-09-20 10:25:20,334 [pool-324-thread-1] INFO  util.JmxRegister (JmxRegister.java:tryRegister(44)) - Successfully registered JMX Bean with object name Ratis:service=RaftServer,group=group-D8066A925F3E,id=99153be1-ba81-4c7b-b6ab-4442760615cb
2019-09-20 10:25:20,337 [RatisPipelineUtilsThread] INFO  pipeline.PipelineStateManager (PipelineStateManager.java:addPipeline(56)) - Created pipeline Pipeline[ Id: 66d2ec1c-a7d3-4855-b686-d8066a925f3e, Nodes: 99153be1-ba81-4c7b-b6ab-4442760615cb{ip: 192.168.36.99, host: pr-hdds-1569-p5fx8-1226042367, networkLocation: /default-rack, certSerialId: null}, Type:RATIS, Factor:ONE, State:OPEN]
2019-09-20 10:25:20,337 [RatisPipelineUtilsThread] INFO  pipeline.PipelinePlacementPolicy (PipelinePlacementPolicy.java:meetCriteria(91)) - Pipeline Placement: Doesn't meet the criteria to be viable node： fac63c4b-287e-453e-9ac7-8c8c283fdab7 Heaviness: 6 limit: 5
2019-09-20 10:25:20,342 [grpc-default-executor-4] INFO  impl.RaftServerProxy (RaftServerProxy.java:addNew(89)) - 99153be1-ba81-4c7b-b6ab-4442760615cb: addNew group-08C92995A0B5:[99153be1-ba81-4c7b-b6ab-4442760615cb:192.168.36.99:42693] returns group-08C92995A0B5:java.util.concurrent.CompletableFuture@c41f2c8[Not completed]
2019-09-20 10:25:20,343 [pool-324-thread-1] INFO  impl.RaftServerImpl (RaftServerImpl.java:<init>(93)) - 99153be1-ba81-4c7b-b6ab-4442760615cb: new RaftServerImpl for group-08C92995A0B5:[99153be1-ba81-4c7b-b6ab-4442760615cb:192.168.36.99:42693] with ContainerStateMachine:uninitialized
2019-09-20 10:25:20,343 [pool-324-thread-1] INFO  server.RaftServerConfigKeys (ConfUtils.java:logGet(43)) - raft.server.rpc.timeout.min = 5s (custom)
2019-09-20 10:25:20,343 [pool-324-thread-1] INFO  server.RaftServerConfigKeys (ConfUtils.java:logGet(43)) - raft.server.rpc.timeout.max = 5200ms (custom)
2019-09-20 10:25:20,343 [pool-324-thread-1] INFO  server.RaftServerConfigKeys (ConfUtils.java:logGet(43)) - raft.server.rpcslowness.timeout = 120s (custom)
2019-09-20 10:25:20,344 [pool-324-thread-1] INFO  server.RaftServerConfigKeys (ConfUtils.java:logGet(43)) - raft.server.sleep.deviation.threshold = 300 (default)
2019-09-20 10:25:20,344 [pool-324-thread-1] INFO  server.RaftServerConfigKeys (ConfUtils.java:logGet(43)) - raft.server.log.appender.install.snapshot.enabled = false (custom)
2019-09-20 10:25:20,344 [pool-324-thread-1] INFO  impl.RaftServerImpl (ServerState.java:<init>(105)) - 99153be1-ba81-4c7b-b6ab-4442760615cb:group-08C92995A0B5 ConfigurationManager, init=-1: [99153be1-ba81-4c7b-b6ab-4442760615cb:192.168.36.99:42693], old=null, confs=<EMPTY_MAP>
2019-09-20 10:25:20,344 [pool-324-thread-1] INFO  server.RaftServerConfigKeys (ConfUtils.java:logGet(43)) - raft.server.storage.dir = [/workdir/hadoop-ozone/integration-test/target/test-dir/MiniOzoneClusterImpl-280c06ed-bcb5-4979-9226-67616719d9ed/datanode-1/data/ratis] (custom)
2019-09-20 10:25:20,344 [pool-324-thread-1] INFO  storage.RaftStorageDirectory (RaftStorageDirectory.java:analyzeStorage(246)) - The storage directory /workdir/hadoop-ozone/integration-test/target/test-dir/MiniOzoneClusterImpl-280c06ed-bcb5-4979-9226-67616719d9ed/datanode-1/data/ratis/edfe5b5c-c529-44ab-b92f-08c92995a0b5 does not exist. Creating ...
2019-09-20 10:25:20,395 [pool-324-thread-1] INFO  storage.RaftStorageDirectory (RaftStorageDirectory.java:tryLock(328)) - Lock on /workdir/hadoop-ozone/integration-test/target/test-dir/MiniOzoneClusterImpl-280c06ed-bcb5-4979-9226-67616719d9ed/datanode-1/data/ratis/edfe5b5c-c529-44ab-b92f-08c92995a0b5/in_use.lock acquired by nodename 28506@pr-hdds-1569-p5fx8-1226042367
2019-09-20 10:25:20,429 [pool-324-thread-1] INFO  storage.RaftStorage (RaftStorage.java:format(72)) - Storage directory /workdir/hadoop-ozone/integration-test/target/test-dir/MiniOzoneClusterImpl-280c06ed-bcb5-4979-9226-67616719d9ed/datanode-1/data/ratis/edfe5b5c-c529-44ab-b92f-08c92995a0b5 has been successfully formatted.
2019-09-20 10:25:20,430 [pool-324-thread-1] INFO  ratis.ContainerStateMachine (ContainerStateMachine.java:loadSnapshot(226)) - group-08C92995A0B5: The snapshot info is null. Setting the last applied indexto:(t:0, i:~)
2019-09-20 10:25:20,430 [pool-324-thread-1] INFO  server.RaftServerConfigKeys (ConfUtils.java:logGet(43)) - raft.server.leader.election.timeout = 120s (custom)
2019-09-20 10:25:20,430 [pool-324-thread-1] INFO  server.RaftServerConfigKeys (ConfUtils.java:logGet(43)) - raft.server.log.use.memory = false (default)
2019-09-20 10:25:20,430 [pool-324-thread-1] INFO  server.RaftServerConfigKeys (ConfUtils.java:logGet(43)) - raft.server.log.purge.gap = 1000000 (custom)
2019-09-20 10:25:20,430 [pool-324-thread-1] INFO  server.RaftServerConfigKeys (ConfUtils.java:logGet(43)) - raft.server.log.appender.buffer.byte-limit = 33554432 (custom)
2019-09-20 10:25:20,431 [pool-324-thread-1] INFO  server.RaftServerConfigKeys (ConfUtils.java:logGet(43)) - raft.server.log.segment.size.max = 1048576 (custom)
2019-09-20 10:25:20,431 [pool-324-thread-1] INFO  server.RaftServerConfigKeys (ConfUtils.java:logGet(43)) - raft.server.log.segment.cache.num.max = 2 (custom)
2019-09-20 10:25:20,431 [pool-324-thread-1] INFO  segmented.SegmentedRaftLogWorker (SegmentedRaftLogWorker.java:<init>(172)) - new 99153be1-ba81-4c7b-b6ab-4442760615cb-SegmentedRaftLogWorker:Storage Directory /workdir/hadoop-ozone/integration-test/target/test-dir/MiniOzoneClusterImpl-280c06ed-bcb5-4979-9226-67616719d9ed/datanode-1/data/ratis/edfe5b5c-c529-44ab-b92f-08c92995a0b5 for RaftStorage:Storage Directory /workdir/hadoop-ozone/integration-test/target/test-dir/MiniOzoneClusterImpl-280c06ed-bcb5-4979-9226-67616719d9ed/datanode-1/data/ratis/edfe5b5c-c529-44ab-b92f-08c92995a0b5
2019-09-20 10:25:20,431 [pool-324-thread-1] INFO  server.RaftServerConfigKeys (ConfUtils.java:logGet(43)) - raft.server.log.queue.byte-limit = 2147483647 (custom)
2019-09-20 10:25:20,431 [pool-324-thread-1] INFO  server.RaftServerConfigKeys (ConfUtils.java:logGet(43)) - raft.server.log.queue.element-limit = 1024 (custom)
2019-09-20 10:25:20,432 [pool-324-thread-1] INFO  server.RaftServerConfigKeys (ConfUtils.java:logGet(43)) - raft.server.log.segment.size.max = 1048576 (custom)
2019-09-20 10:25:20,432 [pool-324-thread-1] INFO  server.RaftServerConfigKeys (ConfUtils.java:logGet(43)) - raft.server.log.preallocated.size = 16384 (custom)
2019-09-20 10:25:20,432 [pool-324-thread-1] INFO  server.RaftServerConfigKeys (ConfUtils.java:logGet(43)) - raft.server.log.write.buffer.size = 33554432 (custom)
2019-09-20 10:25:20,432 [pool-324-thread-1] INFO  server.RaftServerConfigKeys (ConfUtils.java:logGet(43)) - raft.server.log.force.sync.num = 128 (default)
2019-09-20 10:25:20,432 [pool-324-thread-1] INFO  server.RaftServerConfigKeys (ConfUtils.java:logGet(43)) - raft.server.log.statemachine.data.sync = true (default)
2019-09-20 10:25:20,432 [pool-324-thread-1] INFO  server.RaftServerConfigKeys (ConfUtils.java:logGet(43)) - raft.server.log.statemachine.data.sync.timeout = 10s (default)
2019-09-20 10:25:20,433 [pool-324-thread-1] INFO  server.RaftServerConfigKeys (ConfUtils.java:logGet(43)) - raft.server.log.statemachine.data.sync.timeout.retry = -1 (default)
2019-09-20 10:25:20,433 [pool-324-thread-1] INFO  server.RaftServerConfigKeys (ConfUtils.java:logGet(43)) - raft.server.log.statemachine.data.caching.enabled = true (custom)
2019-09-20 10:25:20,433 [pool-324-thread-1] INFO  segmented.SegmentedRaftLogWorker (SegmentedRaftLogWorker.java:lambda$new$0(132)) - 99153be1-ba81-4c7b-b6ab-4442760615cb-SegmentedRaftLogWorker:Storage Directory /workdir/hadoop-ozone/integration-test/target/test-dir/MiniOzoneClusterImpl-280c06ed-bcb5-4979-9226-67616719d9ed/datanode-1/data/ratis/edfe5b5c-c529-44ab-b92f-08c92995a0b5: flushIndex: setUnconditionally 0 -> -1
2019-09-20 10:25:20,434 [pool-324-thread-1] INFO  server.RaftServerConfigKeys (ConfUtils.java:logGet(43)) - raft.server.snapshot.auto.trigger.enabled = true (custom)
2019-09-20 10:25:20,434 [pool-324-thread-1] INFO  server.RaftServerConfigKeys (ConfUtils.java:logGet(43)) - raft.server.snapshot.auto.trigger.threshold = 10000 (custom)
2019-09-20 10:25:20,434 [pool-324-thread-1] INFO  server.RaftServerConfigKeys (ConfUtils.java:logGet(43)) - raft.server.retrycache.expirytime = 600000ms (custom)
2019-09-20 10:25:20,434 [pool-324-thread-1] INFO  impl.RaftServerImpl (RaftServerImpl.java:start(180)) - 99153be1-ba81-4c7b-b6ab-4442760615cb: start group-08C92995A0B5
2019-09-20 10:25:20,434 [pool-324-thread-1] INFO  impl.RaftServerImpl (RaftServerImpl.java:setRole(171)) - 99153be1-ba81-4c7b-b6ab-4442760615cb:group-08C92995A0B5 changes role from null to FOLLOWER at term 0 for startAsFollower
2019-09-20 10:25:20,435 [pool-324-thread-1] INFO  impl.RoleInfo (RoleInfo.java:updateAndGet(143)) - 99153be1-ba81-4c7b-b6ab-4442760615cb: start FollowerState
2019-09-20 10:25:20,435 [pool-324-thread-1] INFO  util.JmxRegister (JmxRegister.java:tryRegister(44)) - Successfully registered JMX Bean with object name Ratis:service=RaftServer,group=group-08C92995A0B5,id=99153be1-ba81-4c7b-b6ab-4442760615cb
2019-09-20 10:25:20,438 [RatisPipelineUtilsThread] INFO  pipeline.PipelineStateManager (PipelineStateManager.java:addPipeline(56)) - Created pipeline Pipeline[ Id: edfe5b5c-c529-44ab-b92f-08c92995a0b5, Nodes: 99153be1-ba81-4c7b-b6ab-4442760615cb{ip: 192.168.36.99, host: pr-hdds-1569-p5fx8-1226042367, networkLocation: /default-rack, certSerialId: null}, Type:RATIS, Factor:ONE, State:OPEN]
2019-09-20 10:25:20,438 [RatisPipelineUtilsThread] INFO  pipeline.PipelinePlacementPolicy (PipelinePlacementPolicy.java:meetCriteria(91)) - Pipeline Placement: Doesn't meet the criteria to be viable node： 99153be1-ba81-4c7b-b6ab-4442760615cb Heaviness: 6 limit: 5
2019-09-20 10:25:20,438 [RatisPipelineUtilsThread] INFO  pipeline.PipelinePlacementPolicy (PipelinePlacementPolicy.java:meetCriteria(91)) - Pipeline Placement: Doesn't meet the criteria to be viable node： fac63c4b-287e-453e-9ac7-8c8c283fdab7 Heaviness: 6 limit: 5
2019-09-20 10:25:20,456 [grpc-default-executor-4] INFO  impl.RaftServerProxy (RaftServerProxy.java:addNew(89)) - e29464ab-17d7-4a4e-ab54-c178fccc723c: addNew group-9DD029744A42:[e29464ab-17d7-4a4e-ab54-c178fccc723c:192.168.36.99:36623] returns group-9DD029744A42:java.util.concurrent.CompletableFuture@6c0ad0b1[Not completed]
2019-09-20 10:25:20,458 [pool-335-thread-1] INFO  impl.RaftServerImpl (RaftServerImpl.java:<init>(93)) - e29464ab-17d7-4a4e-ab54-c178fccc723c: new RaftServerImpl for group-9DD029744A42:[e29464ab-17d7-4a4e-ab54-c178fccc723c:192.168.36.99:36623] with ContainerStateMachine:uninitialized
2019-09-20 10:25:20,458 [pool-335-thread-1] INFO  server.RaftServerConfigKeys (ConfUtils.java:logGet(43)) - raft.server.rpc.timeout.min = 5s (custom)
2019-09-20 10:25:20,458 [pool-335-thread-1] INFO  server.RaftServerConfigKeys (ConfUtils.java:logGet(43)) - raft.server.rpc.timeout.max = 5200ms (custom)
2019-09-20 10:25:20,459 [pool-335-thread-1] INFO  server.RaftServerConfigKeys (ConfUtils.java:logGet(43)) - raft.server.rpcslowness.timeout = 120s (custom)
2019-09-20 10:25:20,459 [pool-335-thread-1] INFO  server.RaftServerConfigKeys (ConfUtils.java:logGet(43)) - raft.server.sleep.deviation.threshold = 300 (default)
2019-09-20 10:25:20,459 [pool-335-thread-1] INFO  server.RaftServerConfigKeys (ConfUtils.java:logGet(43)) - raft.server.log.appender.install.snapshot.enabled = false (custom)
2019-09-20 10:25:20,459 [pool-335-thread-1] INFO  impl.RaftServerImpl (ServerState.java:<init>(105)) - e29464ab-17d7-4a4e-ab54-c178fccc723c:group-9DD029744A42 ConfigurationManager, init=-1: [e29464ab-17d7-4a4e-ab54-c178fccc723c:192.168.36.99:36623], old=null, confs=<EMPTY_MAP>
2019-09-20 10:25:20,459 [pool-335-thread-1] INFO  server.RaftServerConfigKeys (ConfUtils.java:logGet(43)) - raft.server.storage.dir = [/workdir/hadoop-ozone/integration-test/target/test-dir/MiniOzoneClusterImpl-280c06ed-bcb5-4979-9226-67616719d9ed/datanode-2/data/ratis] (custom)
2019-09-20 10:25:20,460 [pool-335-thread-1] INFO  storage.RaftStorageDirectory (RaftStorageDirectory.java:analyzeStorage(246)) - The storage directory /workdir/hadoop-ozone/integration-test/target/test-dir/MiniOzoneClusterImpl-280c06ed-bcb5-4979-9226-67616719d9ed/datanode-2/data/ratis/382c3d44-f644-42c4-a242-9dd029744a42 does not exist. Creating ...
2019-09-20 10:25:20,496 [pool-335-thread-1] INFO  storage.RaftStorageDirectory (RaftStorageDirectory.java:tryLock(328)) - Lock on /workdir/hadoop-ozone/integration-test/target/test-dir/MiniOzoneClusterImpl-280c06ed-bcb5-4979-9226-67616719d9ed/datanode-2/data/ratis/382c3d44-f644-42c4-a242-9dd029744a42/in_use.lock acquired by nodename 28506@pr-hdds-1569-p5fx8-1226042367
2019-09-20 10:25:20,522 [pool-335-thread-1] INFO  storage.RaftStorage (RaftStorage.java:format(72)) - Storage directory /workdir/hadoop-ozone/integration-test/target/test-dir/MiniOzoneClusterImpl-280c06ed-bcb5-4979-9226-67616719d9ed/datanode-2/data/ratis/382c3d44-f644-42c4-a242-9dd029744a42 has been successfully formatted.
2019-09-20 10:25:20,522 [pool-335-thread-1] INFO  ratis.ContainerStateMachine (ContainerStateMachine.java:loadSnapshot(226)) - group-9DD029744A42: The snapshot info is null. Setting the last applied indexto:(t:0, i:~)
2019-09-20 10:25:20,522 [pool-335-thread-1] INFO  server.RaftServerConfigKeys (ConfUtils.java:logGet(43)) - raft.server.leader.election.timeout = 120s (custom)
2019-09-20 10:25:20,522 [pool-335-thread-1] INFO  server.RaftServerConfigKeys (ConfUtils.java:logGet(43)) - raft.server.log.use.memory = false (default)
2019-09-20 10:25:20,522 [pool-335-thread-1] INFO  server.RaftServerConfigKeys (ConfUtils.java:logGet(43)) - raft.server.log.purge.gap = 1000000 (custom)
2019-09-20 10:25:20,522 [pool-335-thread-1] INFO  server.RaftServerConfigKeys (ConfUtils.java:logGet(43)) - raft.server.log.appender.buffer.byte-limit = 33554432 (custom)
2019-09-20 10:25:20,523 [pool-335-thread-1] INFO  server.RaftServerConfigKeys (ConfUtils.java:logGet(43)) - raft.server.log.segment.size.max = 1048576 (custom)
2019-09-20 10:25:20,523 [pool-335-thread-1] INFO  server.RaftServerConfigKeys (ConfUtils.java:logGet(43)) - raft.server.log.segment.cache.num.max = 2 (custom)
2019-09-20 10:25:20,523 [pool-335-thread-1] INFO  segmented.SegmentedRaftLogWorker (SegmentedRaftLogWorker.java:<init>(172)) - new e29464ab-17d7-4a4e-ab54-c178fccc723c-SegmentedRaftLogWorker:Storage Directory /workdir/hadoop-ozone/integration-test/target/test-dir/MiniOzoneClusterImpl-280c06ed-bcb5-4979-9226-67616719d9ed/datanode-2/data/ratis/382c3d44-f644-42c4-a242-9dd029744a42 for RaftStorage:Storage Directory /workdir/hadoop-ozone/integration-test/target/test-dir/MiniOzoneClusterImpl-280c06ed-bcb5-4979-9226-67616719d9ed/datanode-2/data/ratis/382c3d44-f644-42c4-a242-9dd029744a42
2019-09-20 10:25:20,523 [pool-335-thread-1] INFO  server.RaftServerConfigKeys (ConfUtils.java:logGet(43)) - raft.server.log.queue.byte-limit = 2147483647 (custom)
2019-09-20 10:25:20,523 [pool-335-thread-1] INFO  server.RaftServerConfigKeys (ConfUtils.java:logGet(43)) - raft.server.log.queue.element-limit = 1024 (custom)
2019-09-20 10:25:20,524 [pool-335-thread-1] INFO  server.RaftServerConfigKeys (ConfUtils.java:logGet(43)) - raft.server.log.segment.size.max = 1048576 (custom)
2019-09-20 10:25:20,524 [pool-335-thread-1] INFO  server.RaftServerConfigKeys (ConfUtils.java:logGet(43)) - raft.server.log.preallocated.size = 16384 (custom)
2019-09-20 10:25:20,524 [pool-335-thread-1] INFO  server.RaftServerConfigKeys (ConfUtils.java:logGet(43)) - raft.server.log.write.buffer.size = 33554432 (custom)
2019-09-20 10:25:20,524 [pool-335-thread-1] INFO  server.RaftServerConfigKeys (ConfUtils.java:logGet(43)) - raft.server.log.force.sync.num = 128 (default)
2019-09-20 10:25:20,524 [pool-335-thread-1] INFO  server.RaftServerConfigKeys (ConfUtils.java:logGet(43)) - raft.server.log.statemachine.data.sync = true (default)
2019-09-20 10:25:20,524 [pool-335-thread-1] INFO  server.RaftServerConfigKeys (ConfUtils.java:logGet(43)) - raft.server.log.statemachine.data.sync.timeout = 10s (default)
2019-09-20 10:25:20,525 [pool-335-thread-1] INFO  server.RaftServerConfigKeys (ConfUtils.java:logGet(43)) - raft.server.log.statemachine.data.sync.timeout.retry = -1 (default)
2019-09-20 10:25:20,525 [pool-335-thread-1] INFO  server.RaftServerConfigKeys (ConfUtils.java:logGet(43)) - raft.server.log.statemachine.data.caching.enabled = true (custom)
2019-09-20 10:25:20,525 [pool-335-thread-1] INFO  segmented.SegmentedRaftLogWorker (SegmentedRaftLogWorker.java:lambda$new$0(132)) - e29464ab-17d7-4a4e-ab54-c178fccc723c-SegmentedRaftLogWorker:Storage Directory /workdir/hadoop-ozone/integration-test/target/test-dir/MiniOzoneClusterImpl-280c06ed-bcb5-4979-9226-67616719d9ed/datanode-2/data/ratis/382c3d44-f644-42c4-a242-9dd029744a42: flushIndex: setUnconditionally 0 -> -1
2019-09-20 10:25:20,526 [pool-335-thread-1] INFO  server.RaftServerConfigKeys (ConfUtils.java:logGet(43)) - raft.server.snapshot.auto.trigger.enabled = true (custom)
2019-09-20 10:25:20,526 [pool-335-thread-1] INFO  server.RaftServerConfigKeys (ConfUtils.java:logGet(43)) - raft.server.snapshot.auto.trigger.threshold = 10000 (custom)
2019-09-20 10:25:20,526 [pool-335-thread-1] INFO  server.RaftServerConfigKeys (ConfUtils.java:logGet(43)) - raft.server.retrycache.expirytime = 600000ms (custom)
2019-09-20 10:25:20,526 [pool-335-thread-1] INFO  impl.RaftServerImpl (RaftServerImpl.java:start(180)) - e29464ab-17d7-4a4e-ab54-c178fccc723c: start group-9DD029744A42
2019-09-20 10:25:20,526 [pool-335-thread-1] INFO  impl.RaftServerImpl (RaftServerImpl.java:setRole(171)) - e29464ab-17d7-4a4e-ab54-c178fccc723c:group-9DD029744A42 changes role from null to FOLLOWER at term 0 for startAsFollower
2019-09-20 10:25:20,526 [pool-335-thread-1] INFO  impl.RoleInfo (RoleInfo.java:updateAndGet(143)) - e29464ab-17d7-4a4e-ab54-c178fccc723c: start FollowerState
2019-09-20 10:25:20,527 [pool-335-thread-1] INFO  util.JmxRegister (JmxRegister.java:tryRegister(44)) - Successfully registered JMX Bean with object name Ratis:service=RaftServer,group=group-9DD029744A42,id=e29464ab-17d7-4a4e-ab54-c178fccc723c
2019-09-20 10:25:20,530 [RatisPipelineUtilsThread] INFO  pipeline.PipelineStateManager (PipelineStateManager.java:addPipeline(56)) - Created pipeline Pipeline[ Id: 382c3d44-f644-42c4-a242-9dd029744a42, Nodes: e29464ab-17d7-4a4e-ab54-c178fccc723c{ip: 192.168.36.99, host: pr-hdds-1569-p5fx8-1226042367, networkLocation: /default-rack, certSerialId: null}, Type:RATIS, Factor:ONE, State:OPEN]
2019-09-20 10:25:20,530 [RatisPipelineUtilsThread] INFO  pipeline.PipelinePlacementPolicy (PipelinePlacementPolicy.java:meetCriteria(91)) - Pipeline Placement: Doesn't meet the criteria to be viable node： 99153be1-ba81-4c7b-b6ab-4442760615cb Heaviness: 6 limit: 5
2019-09-20 10:25:20,530 [RatisPipelineUtilsThread] INFO  pipeline.PipelinePlacementPolicy (PipelinePlacementPolicy.java:meetCriteria(91)) - Pipeline Placement: Doesn't meet the criteria to be viable node： fac63c4b-287e-453e-9ac7-8c8c283fdab7 Heaviness: 6 limit: 5
2019-09-20 10:25:20,536 [grpc-default-executor-4] INFO  impl.RaftServerProxy (RaftServerProxy.java:addNew(89)) - e29464ab-17d7-4a4e-ab54-c178fccc723c: addNew group-21276ECFD8C5:[e29464ab-17d7-4a4e-ab54-c178fccc723c:192.168.36.99:36623] returns group-21276ECFD8C5:java.util.concurrent.CompletableFuture@48deb3dc[Not completed]
2019-09-20 10:25:20,537 [pool-335-thread-1] INFO  impl.RaftServerImpl (RaftServerImpl.java:<init>(93)) - e29464ab-17d7-4a4e-ab54-c178fccc723c: new RaftServerImpl for group-21276ECFD8C5:[e29464ab-17d7-4a4e-ab54-c178fccc723c:192.168.36.99:36623] with ContainerStateMachine:uninitialized
2019-09-20 10:25:20,537 [pool-335-thread-1] INFO  server.RaftServerConfigKeys (ConfUtils.java:logGet(43)) - raft.server.rpc.timeout.min = 5s (custom)
2019-09-20 10:25:20,537 [pool-335-thread-1] INFO  server.RaftServerConfigKeys (ConfUtils.java:logGet(43)) - raft.server.rpc.timeout.max = 5200ms (custom)
2019-09-20 10:25:20,537 [pool-335-thread-1] INFO  server.RaftServerConfigKeys (ConfUtils.java:logGet(43)) - raft.server.rpcslowness.timeout = 120s (custom)
2019-09-20 10:25:20,537 [pool-335-thread-1] INFO  server.RaftServerConfigKeys (ConfUtils.java:logGet(43)) - raft.server.sleep.deviation.threshold = 300 (default)
2019-09-20 10:25:20,538 [pool-335-thread-1] INFO  server.RaftServerConfigKeys (ConfUtils.java:logGet(43)) - raft.server.log.appender.install.snapshot.enabled = false (custom)
2019-09-20 10:25:20,538 [pool-335-thread-1] INFO  impl.RaftServerImpl (ServerState.java:<init>(105)) - e29464ab-17d7-4a4e-ab54-c178fccc723c:group-21276ECFD8C5 ConfigurationManager, init=-1: [e29464ab-17d7-4a4e-ab54-c178fccc723c:192.168.36.99:36623], old=null, confs=<EMPTY_MAP>
2019-09-20 10:25:20,538 [pool-335-thread-1] INFO  server.RaftServerConfigKeys (ConfUtils.java:logGet(43)) - raft.server.storage.dir = [/workdir/hadoop-ozone/integration-test/target/test-dir/MiniOzoneClusterImpl-280c06ed-bcb5-4979-9226-67616719d9ed/datanode-2/data/ratis] (custom)
2019-09-20 10:25:20,538 [pool-335-thread-1] INFO  storage.RaftStorageDirectory (RaftStorageDirectory.java:analyzeStorage(246)) - The storage directory /workdir/hadoop-ozone/integration-test/target/test-dir/MiniOzoneClusterImpl-280c06ed-bcb5-4979-9226-67616719d9ed/datanode-2/data/ratis/577052bf-06ec-4cd8-932a-21276ecfd8c5 does not exist. Creating ...
2019-09-20 10:25:20,564 [pool-335-thread-1] INFO  storage.RaftStorageDirectory (RaftStorageDirectory.java:tryLock(328)) - Lock on /workdir/hadoop-ozone/integration-test/target/test-dir/MiniOzoneClusterImpl-280c06ed-bcb5-4979-9226-67616719d9ed/datanode-2/data/ratis/577052bf-06ec-4cd8-932a-21276ecfd8c5/in_use.lock acquired by nodename 28506@pr-hdds-1569-p5fx8-1226042367
2019-09-20 10:25:20,589 [pool-335-thread-1] INFO  storage.RaftStorage (RaftStorage.java:format(72)) - Storage directory /workdir/hadoop-ozone/integration-test/target/test-dir/MiniOzoneClusterImpl-280c06ed-bcb5-4979-9226-67616719d9ed/datanode-2/data/ratis/577052bf-06ec-4cd8-932a-21276ecfd8c5 has been successfully formatted.
2019-09-20 10:25:20,589 [pool-335-thread-1] INFO  ratis.ContainerStateMachine (ContainerStateMachine.java:loadSnapshot(226)) - group-21276ECFD8C5: The snapshot info is null. Setting the last applied indexto:(t:0, i:~)
2019-09-20 10:25:20,590 [pool-335-thread-1] INFO  server.RaftServerConfigKeys (ConfUtils.java:logGet(43)) - raft.server.leader.election.timeout = 120s (custom)
2019-09-20 10:25:20,590 [pool-335-thread-1] INFO  server.RaftServerConfigKeys (ConfUtils.java:logGet(43)) - raft.server.log.use.memory = false (default)
2019-09-20 10:25:20,590 [pool-335-thread-1] INFO  server.RaftServerConfigKeys (ConfUtils.java:logGet(43)) - raft.server.log.purge.gap = 1000000 (custom)
2019-09-20 10:25:20,590 [pool-335-thread-1] INFO  server.RaftServerConfigKeys (ConfUtils.java:logGet(43)) - raft.server.log.appender.buffer.byte-limit = 33554432 (custom)
2019-09-20 10:25:20,590 [pool-335-thread-1] INFO  server.RaftServerConfigKeys (ConfUtils.java:logGet(43)) - raft.server.log.segment.size.max = 1048576 (custom)
2019-09-20 10:25:20,590 [pool-335-thread-1] INFO  server.RaftServerConfigKeys (ConfUtils.java:logGet(43)) - raft.server.log.segment.cache.num.max = 2 (custom)
2019-09-20 10:25:20,591 [pool-335-thread-1] INFO  segmented.SegmentedRaftLogWorker (SegmentedRaftLogWorker.java:<init>(172)) - new e29464ab-17d7-4a4e-ab54-c178fccc723c-SegmentedRaftLogWorker:Storage Directory /workdir/hadoop-ozone/integration-test/target/test-dir/MiniOzoneClusterImpl-280c06ed-bcb5-4979-9226-67616719d9ed/datanode-2/data/ratis/577052bf-06ec-4cd8-932a-21276ecfd8c5 for RaftStorage:Storage Directory /workdir/hadoop-ozone/integration-test/target/test-dir/MiniOzoneClusterImpl-280c06ed-bcb5-4979-9226-67616719d9ed/datanode-2/data/ratis/577052bf-06ec-4cd8-932a-21276ecfd8c5
2019-09-20 10:25:20,591 [pool-335-thread-1] INFO  server.RaftServerConfigKeys (ConfUtils.java:logGet(43)) - raft.server.log.queue.byte-limit = 2147483647 (custom)
2019-09-20 10:25:20,591 [pool-335-thread-1] INFO  server.RaftServerConfigKeys (ConfUtils.java:logGet(43)) - raft.server.log.queue.element-limit = 1024 (custom)
2019-09-20 10:25:20,591 [pool-335-thread-1] INFO  server.RaftServerConfigKeys (ConfUtils.java:logGet(43)) - raft.server.log.segment.size.max = 1048576 (custom)
2019-09-20 10:25:20,591 [pool-335-thread-1] INFO  server.RaftServerConfigKeys (ConfUtils.java:logGet(43)) - raft.server.log.preallocated.size = 16384 (custom)
2019-09-20 10:25:20,591 [pool-335-thread-1] INFO  server.RaftServerConfigKeys (ConfUtils.java:logGet(43)) - raft.server.log.write.buffer.size = 33554432 (custom)
2019-09-20 10:25:20,591 [pool-335-thread-1] INFO  server.RaftServerConfigKeys (ConfUtils.java:logGet(43)) - raft.server.log.force.sync.num = 128 (default)
2019-09-20 10:25:20,592 [pool-335-thread-1] INFO  server.RaftServerConfigKeys (ConfUtils.java:logGet(43)) - raft.server.log.statemachine.data.sync = true (default)
2019-09-20 10:25:20,592 [pool-335-thread-1] INFO  server.RaftServerConfigKeys (ConfUtils.java:logGet(43)) - raft.server.log.statemachine.data.sync.timeout = 10s (default)
2019-09-20 10:25:20,592 [pool-335-thread-1] INFO  server.RaftServerConfigKeys (ConfUtils.java:logGet(43)) - raft.server.log.statemachine.data.sync.timeout.retry = -1 (default)
2019-09-20 10:25:20,592 [pool-335-thread-1] INFO  server.RaftServerConfigKeys (ConfUtils.java:logGet(43)) - raft.server.log.statemachine.data.caching.enabled = true (custom)
2019-09-20 10:25:20,592 [pool-335-thread-1] INFO  segmented.SegmentedRaftLogWorker (SegmentedRaftLogWorker.java:lambda$new$0(132)) - e29464ab-17d7-4a4e-ab54-c178fccc723c-SegmentedRaftLogWorker:Storage Directory /workdir/hadoop-ozone/integration-test/target/test-dir/MiniOzoneClusterImpl-280c06ed-bcb5-4979-9226-67616719d9ed/datanode-2/data/ratis/577052bf-06ec-4cd8-932a-21276ecfd8c5: flushIndex: setUnconditionally 0 -> -1
2019-09-20 10:25:20,593 [pool-335-thread-1] INFO  server.RaftServerConfigKeys (ConfUtils.java:logGet(43)) - raft.server.snapshot.auto.trigger.enabled = true (custom)
2019-09-20 10:25:20,593 [pool-335-thread-1] INFO  server.RaftServerConfigKeys (ConfUtils.java:logGet(43)) - raft.server.snapshot.auto.trigger.threshold = 10000 (custom)
2019-09-20 10:25:20,593 [pool-335-thread-1] INFO  server.RaftServerConfigKeys (ConfUtils.java:logGet(43)) - raft.server.retrycache.expirytime = 600000ms (custom)
2019-09-20 10:25:20,593 [pool-335-thread-1] INFO  impl.RaftServerImpl (RaftServerImpl.java:start(180)) - e29464ab-17d7-4a4e-ab54-c178fccc723c: start group-21276ECFD8C5
2019-09-20 10:25:20,594 [pool-335-thread-1] INFO  impl.RaftServerImpl (RaftServerImpl.java:setRole(171)) - e29464ab-17d7-4a4e-ab54-c178fccc723c:group-21276ECFD8C5 changes role from null to FOLLOWER at term 0 for startAsFollower
2019-09-20 10:25:20,594 [pool-335-thread-1] INFO  impl.RoleInfo (RoleInfo.java:updateAndGet(143)) - e29464ab-17d7-4a4e-ab54-c178fccc723c: start FollowerState
2019-09-20 10:25:20,594 [pool-335-thread-1] INFO  util.JmxRegister (JmxRegister.java:tryRegister(44)) - Successfully registered JMX Bean with object name Ratis:service=RaftServer,group=group-21276ECFD8C5,id=e29464ab-17d7-4a4e-ab54-c178fccc723c
2019-09-20 10:25:20,597 [RatisPipelineUtilsThread] INFO  pipeline.PipelineStateManager (PipelineStateManager.java:addPipeline(56)) - Created pipeline Pipeline[ Id: 577052bf-06ec-4cd8-932a-21276ecfd8c5, Nodes: e29464ab-17d7-4a4e-ab54-c178fccc723c{ip: 192.168.36.99, host: pr-hdds-1569-p5fx8-1226042367, networkLocation: /default-rack, certSerialId: null}, Type:RATIS, Factor:ONE, State:OPEN]
2019-09-20 10:25:20,598 [RatisPipelineUtilsThread] INFO  pipeline.PipelinePlacementPolicy (PipelinePlacementPolicy.java:meetCriteria(91)) - Pipeline Placement: Doesn't meet the criteria to be viable node： 99153be1-ba81-4c7b-b6ab-4442760615cb Heaviness: 6 limit: 5
2019-09-20 10:25:20,598 [RatisPipelineUtilsThread] INFO  pipeline.PipelinePlacementPolicy (PipelinePlacementPolicy.java:meetCriteria(91)) - Pipeline Placement: Doesn't meet the criteria to be viable node： fac63c4b-287e-453e-9ac7-8c8c283fdab7 Heaviness: 6 limit: 5
2019-09-20 10:25:20,603 [grpc-default-executor-4] INFO  impl.RaftServerProxy (RaftServerProxy.java:addNew(89)) - e29464ab-17d7-4a4e-ab54-c178fccc723c: addNew group-E026FD1C3C19:[e29464ab-17d7-4a4e-ab54-c178fccc723c:192.168.36.99:36623] returns group-E026FD1C3C19:java.util.concurrent.CompletableFuture@7e424a4a[Not completed]
2019-09-20 10:25:20,604 [pool-335-thread-1] INFO  impl.RaftServerImpl (RaftServerImpl.java:<init>(93)) - e29464ab-17d7-4a4e-ab54-c178fccc723c: new RaftServerImpl for group-E026FD1C3C19:[e29464ab-17d7-4a4e-ab54-c178fccc723c:192.168.36.99:36623] with ContainerStateMachine:uninitialized
2019-09-20 10:25:20,604 [pool-335-thread-1] INFO  server.RaftServerConfigKeys (ConfUtils.java:logGet(43)) - raft.server.rpc.timeout.min = 5s (custom)
2019-09-20 10:25:20,604 [pool-335-thread-1] INFO  server.RaftServerConfigKeys (ConfUtils.java:logGet(43)) - raft.server.rpc.timeout.max = 5200ms (custom)
2019-09-20 10:25:20,604 [pool-335-thread-1] INFO  server.RaftServerConfigKeys (ConfUtils.java:logGet(43)) - raft.server.rpcslowness.timeout = 120s (custom)
2019-09-20 10:25:20,605 [pool-335-thread-1] INFO  server.RaftServerConfigKeys (ConfUtils.java:logGet(43)) - raft.server.sleep.deviation.threshold = 300 (default)
2019-09-20 10:25:20,605 [pool-335-thread-1] INFO  server.RaftServerConfigKeys (ConfUtils.java:logGet(43)) - raft.server.log.appender.install.snapshot.enabled = false (custom)
2019-09-20 10:25:20,605 [pool-335-thread-1] INFO  impl.RaftServerImpl (ServerState.java:<init>(105)) - e29464ab-17d7-4a4e-ab54-c178fccc723c:group-E026FD1C3C19 ConfigurationManager, init=-1: [e29464ab-17d7-4a4e-ab54-c178fccc723c:192.168.36.99:36623], old=null, confs=<EMPTY_MAP>
2019-09-20 10:25:20,605 [pool-335-thread-1] INFO  server.RaftServerConfigKeys (ConfUtils.java:logGet(43)) - raft.server.storage.dir = [/workdir/hadoop-ozone/integration-test/target/test-dir/MiniOzoneClusterImpl-280c06ed-bcb5-4979-9226-67616719d9ed/datanode-2/data/ratis] (custom)
2019-09-20 10:25:20,605 [pool-335-thread-1] INFO  storage.RaftStorageDirectory (RaftStorageDirectory.java:analyzeStorage(246)) - The storage directory /workdir/hadoop-ozone/integration-test/target/test-dir/MiniOzoneClusterImpl-280c06ed-bcb5-4979-9226-67616719d9ed/datanode-2/data/ratis/01a9749c-d41e-4ed4-9506-e026fd1c3c19 does not exist. Creating ...
2019-09-20 10:25:20,623 [pool-335-thread-1] INFO  storage.RaftStorageDirectory (RaftStorageDirectory.java:tryLock(328)) - Lock on /workdir/hadoop-ozone/integration-test/target/test-dir/MiniOzoneClusterImpl-280c06ed-bcb5-4979-9226-67616719d9ed/datanode-2/data/ratis/01a9749c-d41e-4ed4-9506-e026fd1c3c19/in_use.lock acquired by nodename 28506@pr-hdds-1569-p5fx8-1226042367
2019-09-20 10:25:20,666 [pool-335-thread-1] INFO  storage.RaftStorage (RaftStorage.java:format(72)) - Storage directory /workdir/hadoop-ozone/integration-test/target/test-dir/MiniOzoneClusterImpl-280c06ed-bcb5-4979-9226-67616719d9ed/datanode-2/data/ratis/01a9749c-d41e-4ed4-9506-e026fd1c3c19 has been successfully formatted.
2019-09-20 10:25:20,666 [pool-335-thread-1] INFO  ratis.ContainerStateMachine (ContainerStateMachine.java:loadSnapshot(226)) - group-E026FD1C3C19: The snapshot info is null. Setting the last applied indexto:(t:0, i:~)
2019-09-20 10:25:20,666 [pool-335-thread-1] INFO  server.RaftServerConfigKeys (ConfUtils.java:logGet(43)) - raft.server.leader.election.timeout = 120s (custom)
2019-09-20 10:25:20,666 [pool-335-thread-1] INFO  server.RaftServerConfigKeys (ConfUtils.java:logGet(43)) - raft.server.log.use.memory = false (default)
2019-09-20 10:25:20,667 [pool-335-thread-1] INFO  server.RaftServerConfigKeys (ConfUtils.java:logGet(43)) - raft.server.log.purge.gap = 1000000 (custom)
2019-09-20 10:25:20,667 [pool-335-thread-1] INFO  server.RaftServerConfigKeys (ConfUtils.java:logGet(43)) - raft.server.log.appender.buffer.byte-limit = 33554432 (custom)
2019-09-20 10:25:20,667 [pool-335-thread-1] INFO  server.RaftServerConfigKeys (ConfUtils.java:logGet(43)) - raft.server.log.segment.size.max = 1048576 (custom)
2019-09-20 10:25:20,667 [pool-335-thread-1] INFO  server.RaftServerConfigKeys (ConfUtils.java:logGet(43)) - raft.server.log.segment.cache.num.max = 2 (custom)
2019-09-20 10:25:20,667 [pool-335-thread-1] INFO  segmented.SegmentedRaftLogWorker (SegmentedRaftLogWorker.java:<init>(172)) - new e29464ab-17d7-4a4e-ab54-c178fccc723c-SegmentedRaftLogWorker:Storage Directory /workdir/hadoop-ozone/integration-test/target/test-dir/MiniOzoneClusterImpl-280c06ed-bcb5-4979-9226-67616719d9ed/datanode-2/data/ratis/01a9749c-d41e-4ed4-9506-e026fd1c3c19 for RaftStorage:Storage Directory /workdir/hadoop-ozone/integration-test/target/test-dir/MiniOzoneClusterImpl-280c06ed-bcb5-4979-9226-67616719d9ed/datanode-2/data/ratis/01a9749c-d41e-4ed4-9506-e026fd1c3c19
2019-09-20 10:25:20,667 [pool-335-thread-1] INFO  server.RaftServerConfigKeys (ConfUtils.java:logGet(43)) - raft.server.log.queue.byte-limit = 2147483647 (custom)
2019-09-20 10:25:20,668 [pool-335-thread-1] INFO  server.RaftServerConfigKeys (ConfUtils.java:logGet(43)) - raft.server.log.queue.element-limit = 1024 (custom)
2019-09-20 10:25:20,668 [pool-335-thread-1] INFO  server.RaftServerConfigKeys (ConfUtils.java:logGet(43)) - raft.server.log.segment.size.max = 1048576 (custom)
2019-09-20 10:25:20,668 [pool-335-thread-1] INFO  server.RaftServerConfigKeys (ConfUtils.java:logGet(43)) - raft.server.log.preallocated.size = 16384 (custom)
2019-09-20 10:25:20,668 [pool-335-thread-1] INFO  server.RaftServerConfigKeys (ConfUtils.java:logGet(43)) - raft.server.log.write.buffer.size = 33554432 (custom)
2019-09-20 10:25:20,668 [pool-335-thread-1] INFO  server.RaftServerConfigKeys (ConfUtils.java:logGet(43)) - raft.server.log.force.sync.num = 128 (default)
2019-09-20 10:25:20,669 [pool-335-thread-1] INFO  server.RaftServerConfigKeys (ConfUtils.java:logGet(43)) - raft.server.log.statemachine.data.sync = true (default)
2019-09-20 10:25:20,669 [pool-335-thread-1] INFO  server.RaftServerConfigKeys (ConfUtils.java:logGet(43)) - raft.server.log.statemachine.data.sync.timeout = 10s (default)
2019-09-20 10:25:20,669 [pool-335-thread-1] INFO  server.RaftServerConfigKeys (ConfUtils.java:logGet(43)) - raft.server.log.statemachine.data.sync.timeout.retry = -1 (default)
2019-09-20 10:25:20,669 [pool-335-thread-1] INFO  server.RaftServerConfigKeys (ConfUtils.java:logGet(43)) - raft.server.log.statemachine.data.caching.enabled = true (custom)
2019-09-20 10:25:20,670 [pool-335-thread-1] INFO  segmented.SegmentedRaftLogWorker (SegmentedRaftLogWorker.java:lambda$new$0(132)) - e29464ab-17d7-4a4e-ab54-c178fccc723c-SegmentedRaftLogWorker:Storage Directory /workdir/hadoop-ozone/integration-test/target/test-dir/MiniOzoneClusterImpl-280c06ed-bcb5-4979-9226-67616719d9ed/datanode-2/data/ratis/01a9749c-d41e-4ed4-9506-e026fd1c3c19: flushIndex: setUnconditionally 0 -> -1
2019-09-20 10:25:20,670 [pool-335-thread-1] INFO  server.RaftServerConfigKeys (ConfUtils.java:logGet(43)) - raft.server.snapshot.auto.trigger.enabled = true (custom)
2019-09-20 10:25:20,670 [pool-335-thread-1] INFO  server.RaftServerConfigKeys (ConfUtils.java:logGet(43)) - raft.server.snapshot.auto.trigger.threshold = 10000 (custom)
2019-09-20 10:25:20,670 [pool-335-thread-1] INFO  server.RaftServerConfigKeys (ConfUtils.java:logGet(43)) - raft.server.retrycache.expirytime = 600000ms (custom)
2019-09-20 10:25:20,671 [pool-335-thread-1] INFO  impl.RaftServerImpl (RaftServerImpl.java:start(180)) - e29464ab-17d7-4a4e-ab54-c178fccc723c: start group-E026FD1C3C19
2019-09-20 10:25:20,671 [pool-335-thread-1] INFO  impl.RaftServerImpl (RaftServerImpl.java:setRole(171)) - e29464ab-17d7-4a4e-ab54-c178fccc723c:group-E026FD1C3C19 changes role from null to FOLLOWER at term 0 for startAsFollower
2019-09-20 10:25:20,671 [pool-335-thread-1] INFO  impl.RoleInfo (RoleInfo.java:updateAndGet(143)) - e29464ab-17d7-4a4e-ab54-c178fccc723c: start FollowerState
2019-09-20 10:25:20,671 [pool-335-thread-1] INFO  util.JmxRegister (JmxRegister.java:tryRegister(44)) - Successfully registered JMX Bean with object name Ratis:service=RaftServer,group=group-E026FD1C3C19,id=e29464ab-17d7-4a4e-ab54-c178fccc723c
2019-09-20 10:25:20,675 [RatisPipelineUtilsThread] INFO  pipeline.PipelineStateManager (PipelineStateManager.java:addPipeline(56)) - Created pipeline Pipeline[ Id: 01a9749c-d41e-4ed4-9506-e026fd1c3c19, Nodes: e29464ab-17d7-4a4e-ab54-c178fccc723c{ip: 192.168.36.99, host: pr-hdds-1569-p5fx8-1226042367, networkLocation: /default-rack, certSerialId: null}, Type:RATIS, Factor:ONE, State:OPEN]
2019-09-20 10:25:20,675 [RatisPipelineUtilsThread] INFO  pipeline.PipelinePlacementPolicy (PipelinePlacementPolicy.java:meetCriteria(91)) - Pipeline Placement: Doesn't meet the criteria to be viable node： 99153be1-ba81-4c7b-b6ab-4442760615cb Heaviness: 6 limit: 5
2019-09-20 10:25:20,675 [RatisPipelineUtilsThread] INFO  pipeline.PipelinePlacementPolicy (PipelinePlacementPolicy.java:meetCriteria(91)) - Pipeline Placement: Doesn't meet the criteria to be viable node： fac63c4b-287e-453e-9ac7-8c8c283fdab7 Heaviness: 6 limit: 5
2019-09-20 10:25:20,681 [grpc-default-executor-4] INFO  impl.RaftServerProxy (RaftServerProxy.java:addNew(89)) - e29464ab-17d7-4a4e-ab54-c178fccc723c: addNew group-A41042AF4D51:[e29464ab-17d7-4a4e-ab54-c178fccc723c:192.168.36.99:36623] returns group-A41042AF4D51:java.util.concurrent.CompletableFuture@5939be37[Not completed]
2019-09-20 10:25:20,682 [pool-335-thread-1] INFO  impl.RaftServerImpl (RaftServerImpl.java:<init>(93)) - e29464ab-17d7-4a4e-ab54-c178fccc723c: new RaftServerImpl for group-A41042AF4D51:[e29464ab-17d7-4a4e-ab54-c178fccc723c:192.168.36.99:36623] with ContainerStateMachine:uninitialized
2019-09-20 10:25:20,682 [pool-335-thread-1] INFO  server.RaftServerConfigKeys (ConfUtils.java:logGet(43)) - raft.server.rpc.timeout.min = 5s (custom)
2019-09-20 10:25:20,682 [pool-335-thread-1] INFO  server.RaftServerConfigKeys (ConfUtils.java:logGet(43)) - raft.server.rpc.timeout.max = 5200ms (custom)
2019-09-20 10:25:20,683 [pool-335-thread-1] INFO  server.RaftServerConfigKeys (ConfUtils.java:logGet(43)) - raft.server.rpcslowness.timeout = 120s (custom)
2019-09-20 10:25:20,683 [pool-335-thread-1] INFO  server.RaftServerConfigKeys (ConfUtils.java:logGet(43)) - raft.server.sleep.deviation.threshold = 300 (default)
2019-09-20 10:25:20,683 [pool-335-thread-1] INFO  server.RaftServerConfigKeys (ConfUtils.java:logGet(43)) - raft.server.log.appender.install.snapshot.enabled = false (custom)
2019-09-20 10:25:20,683 [pool-335-thread-1] INFO  impl.RaftServerImpl (ServerState.java:<init>(105)) - e29464ab-17d7-4a4e-ab54-c178fccc723c:group-A41042AF4D51 ConfigurationManager, init=-1: [e29464ab-17d7-4a4e-ab54-c178fccc723c:192.168.36.99:36623], old=null, confs=<EMPTY_MAP>
2019-09-20 10:25:20,683 [pool-335-thread-1] INFO  server.RaftServerConfigKeys (ConfUtils.java:logGet(43)) - raft.server.storage.dir = [/workdir/hadoop-ozone/integration-test/target/test-dir/MiniOzoneClusterImpl-280c06ed-bcb5-4979-9226-67616719d9ed/datanode-2/data/ratis] (custom)
2019-09-20 10:25:20,684 [pool-335-thread-1] INFO  storage.RaftStorageDirectory (RaftStorageDirectory.java:analyzeStorage(246)) - The storage directory /workdir/hadoop-ozone/integration-test/target/test-dir/MiniOzoneClusterImpl-280c06ed-bcb5-4979-9226-67616719d9ed/datanode-2/data/ratis/0c8d45d9-620a-4b74-93e7-a41042af4d51 does not exist. Creating ...
2019-09-20 10:25:20,733 [pool-335-thread-1] INFO  storage.RaftStorageDirectory (RaftStorageDirectory.java:tryLock(328)) - Lock on /workdir/hadoop-ozone/integration-test/target/test-dir/MiniOzoneClusterImpl-280c06ed-bcb5-4979-9226-67616719d9ed/datanode-2/data/ratis/0c8d45d9-620a-4b74-93e7-a41042af4d51/in_use.lock acquired by nodename 28506@pr-hdds-1569-p5fx8-1226042367
2019-09-20 10:25:20,749 | INFO  | SCMAudit | user=jenkins1000 | ip=192.168.36.99 | op=SEND_HEARTBEAT {datanodeUUID=61649f92-8c0f-475a-818d-1064548aeef6, command=[]} | ret=SUCCESS |  
2019-09-20 10:25:20,756 | INFO  | SCMAudit | user=jenkins1000 | ip=192.168.36.99 | op=SEND_HEARTBEAT {datanodeUUID=6491c372-a595-4104-b3e9-c4f3293baafa, command=[]} | ret=SUCCESS |  
2019-09-20 10:25:20,756 | INFO  | SCMAudit | user=jenkins1000 | ip=192.168.36.99 | op=SEND_HEARTBEAT {datanodeUUID=19fb8383-7c99-4449-b95c-a26e71717844, command=[]} | ret=SUCCESS |  
2019-09-20 10:25:20,757 | INFO  | SCMAudit | user=jenkins1000 | ip=192.168.36.99 | op=SEND_HEARTBEAT {datanodeUUID=d2ed2d9b-7ac7-460e-84f6-6d9d6066f76d, command=[]} | ret=SUCCESS |  
2019-09-20 10:25:20,758 | INFO  | SCMAudit | user=jenkins1000 | ip=192.168.36.99 | op=SEND_HEARTBEAT {datanodeUUID=17e2ba94-38a1-40e7-84e0-f6802901db84, command=[]} | ret=SUCCESS |  
2019-09-20 10:25:20,758 | INFO  | SCMAudit | user=jenkins1000 | ip=192.168.36.99 | op=SEND_HEARTBEAT {datanodeUUID=4d972e91-cb6b-45de-8bd2-c18af7abe58b, command=[]} | ret=SUCCESS |  
2019-09-20 10:25:20,758 | INFO  | SCMAudit | user=jenkins1000 | ip=192.168.36.99 | op=SEND_HEARTBEAT {datanodeUUID=1ab786b9-c79c-4265-88a1-5b3344c6beda, command=[]} | ret=SUCCESS |  
2019-09-20 10:25:20,758 | INFO  | SCMAudit | user=jenkins1000 | ip=192.168.36.99 | op=SEND_HEARTBEAT {datanodeUUID=cff8bf6b-8d20-4327-9f29-08a3c2b49247, command=[]} | ret=SUCCESS |  
2019-09-20 10:25:20,758 [pool-335-thread-1] INFO  storage.RaftStorage (RaftStorage.java:format(72)) - Storage directory /workdir/hadoop-ozone/integration-test/target/test-dir/MiniOzoneClusterImpl-280c06ed-bcb5-4979-9226-67616719d9ed/datanode-2/data/ratis/0c8d45d9-620a-4b74-93e7-a41042af4d51 has been successfully formatted.
2019-09-20 10:25:20,758 | INFO  | SCMAudit | user=jenkins1000 | ip=192.168.36.99 | op=SEND_HEARTBEAT {datanodeUUID=468be06f-55e9-4831-ba6b-3db017451a79, command=[]} | ret=SUCCESS |  
2019-09-20 10:25:20,758 [pool-335-thread-1] INFO  ratis.ContainerStateMachine (ContainerStateMachine.java:loadSnapshot(226)) - group-A41042AF4D51: The snapshot info is null. Setting the last applied indexto:(t:0, i:~)
2019-09-20 10:25:20,759 [pool-335-thread-1] INFO  server.RaftServerConfigKeys (ConfUtils.java:logGet(43)) - raft.server.leader.election.timeout = 120s (custom)
2019-09-20 10:25:20,759 [pool-335-thread-1] INFO  server.RaftServerConfigKeys (ConfUtils.java:logGet(43)) - raft.server.log.use.memory = false (default)
2019-09-20 10:25:20,759 | INFO  | SCMAudit | user=jenkins1000 | ip=192.168.36.99 | op=SEND_HEARTBEAT {datanodeUUID=66416d0b-a71c-4af1-ae3a-62ca63b880a3, command=[]} | ret=SUCCESS |  
2019-09-20 10:25:20,759 | INFO  | SCMAudit | user=jenkins1000 | ip=192.168.36.99 | op=SEND_HEARTBEAT {datanodeUUID=60260ec1-e192-4b95-89c8-d924d16a77a9, command=[]} | ret=SUCCESS |  
2019-09-20 10:25:20,759 | INFO  | SCMAudit | user=jenkins1000 | ip=192.168.36.99 | op=SEND_HEARTBEAT {datanodeUUID=54207fe5-d92c-4c2e-b058-fbae630dabef, command=[]} | ret=SUCCESS |  
2019-09-20 10:25:20,759 [pool-335-thread-1] INFO  server.RaftServerConfigKeys (ConfUtils.java:logGet(43)) - raft.server.log.purge.gap = 1000000 (custom)
2019-09-20 10:25:20,759 | INFO  | SCMAudit | user=jenkins1000 | ip=192.168.36.99 | op=SEND_HEARTBEAT {datanodeUUID=9e03ffa9-cf79-407a-a150-4c035e5aec5e, command=[]} | ret=SUCCESS |  
2019-09-20 10:25:20,759 [pool-335-thread-1] INFO  server.RaftServerConfigKeys (ConfUtils.java:logGet(43)) - raft.server.log.appender.buffer.byte-limit = 33554432 (custom)
2019-09-20 10:25:20,759 [pool-335-thread-1] INFO  server.RaftServerConfigKeys (ConfUtils.java:logGet(43)) - raft.server.log.segment.size.max = 1048576 (custom)
2019-09-20 10:25:20,760 [pool-335-thread-1] INFO  server.RaftServerConfigKeys (ConfUtils.java:logGet(43)) - raft.server.log.segment.cache.num.max = 2 (custom)
2019-09-20 10:25:20,760 [pool-335-thread-1] INFO  segmented.SegmentedRaftLogWorker (SegmentedRaftLogWorker.java:<init>(172)) - new e29464ab-17d7-4a4e-ab54-c178fccc723c-SegmentedRaftLogWorker:Storage Directory /workdir/hadoop-ozone/integration-test/target/test-dir/MiniOzoneClusterImpl-280c06ed-bcb5-4979-9226-67616719d9ed/datanode-2/data/ratis/0c8d45d9-620a-4b74-93e7-a41042af4d51 for RaftStorage:Storage Directory /workdir/hadoop-ozone/integration-test/target/test-dir/MiniOzoneClusterImpl-280c06ed-bcb5-4979-9226-67616719d9ed/datanode-2/data/ratis/0c8d45d9-620a-4b74-93e7-a41042af4d51
2019-09-20 10:25:20,760 [pool-335-thread-1] INFO  server.RaftServerConfigKeys (ConfUtils.java:logGet(43)) - raft.server.log.queue.byte-limit = 2147483647 (custom)
2019-09-20 10:25:20,760 [pool-335-thread-1] INFO  server.RaftServerConfigKeys (ConfUtils.java:logGet(43)) - raft.server.log.queue.element-limit = 1024 (custom)
2019-09-20 10:25:20,760 | INFO  | SCMAudit | user=jenkins1000 | ip=192.168.36.99 | op=SEND_HEARTBEAT {datanodeUUID=99e70dd4-d763-4473-944c-c5628506dcf8, command=[]} | ret=SUCCESS |  
2019-09-20 10:25:20,761 | INFO  | SCMAudit | user=jenkins1000 | ip=192.168.36.99 | op=SEND_HEARTBEAT {datanodeUUID=7af711bd-b5ae-4a73-a8be-b970cae6c2d1, command=[]} | ret=SUCCESS |  
2019-09-20 10:25:20,760 [pool-335-thread-1] INFO  server.RaftServerConfigKeys (ConfUtils.java:logGet(43)) - raft.server.log.segment.size.max = 1048576 (custom)
2019-09-20 10:25:20,761 | INFO  | SCMAudit | user=jenkins1000 | ip=192.168.36.99 | op=SEND_HEARTBEAT {datanodeUUID=3d6f3241-e73c-473a-ad0b-c7be2f7e1dda, command=[]} | ret=SUCCESS |  
2019-09-20 10:25:20,761 [pool-335-thread-1] INFO  server.RaftServerConfigKeys (ConfUtils.java:logGet(43)) - raft.server.log.preallocated.size = 16384 (custom)
2019-09-20 10:25:20,761 [pool-335-thread-1] INFO  server.RaftServerConfigKeys (ConfUtils.java:logGet(43)) - raft.server.log.write.buffer.size = 33554432 (custom)
2019-09-20 10:25:20,761 | INFO  | SCMAudit | user=jenkins1000 | ip=192.168.36.99 | op=SEND_HEARTBEAT {datanodeUUID=136f1953-bb94-4097-a2d4-422a6782bee0, command=[]} | ret=SUCCESS |  
2019-09-20 10:25:20,761 [pool-335-thread-1] INFO  server.RaftServerConfigKeys (ConfUtils.java:logGet(43)) - raft.server.log.force.sync.num = 128 (default)
2019-09-20 10:25:20,761 [pool-335-thread-1] INFO  server.RaftServerConfigKeys (ConfUtils.java:logGet(43)) - raft.server.log.statemachine.data.sync = true (default)
2019-09-20 10:25:20,761 [pool-335-thread-1] INFO  server.RaftServerConfigKeys (ConfUtils.java:logGet(43)) - raft.server.log.statemachine.data.sync.timeout = 10s (default)
2019-09-20 10:25:20,762 [pool-335-thread-1] INFO  server.RaftServerConfigKeys (ConfUtils.java:logGet(43)) - raft.server.log.statemachine.data.sync.timeout.retry = -1 (default)
2019-09-20 10:25:20,762 [pool-335-thread-1] INFO  server.RaftServerConfigKeys (ConfUtils.java:logGet(43)) - raft.server.log.statemachine.data.caching.enabled = true (custom)
2019-09-20 10:25:20,762 | INFO  | SCMAudit | user=jenkins1000 | ip=192.168.36.99 | op=SEND_HEARTBEAT {datanodeUUID=c3e532f8-1a8e-44f3-b56b-d765aee893af, command=[]} | ret=SUCCESS |  
2019-09-20 10:25:20,762 [pool-335-thread-1] INFO  segmented.SegmentedRaftLogWorker (SegmentedRaftLogWorker.java:lambda$new$0(132)) - e29464ab-17d7-4a4e-ab54-c178fccc723c-SegmentedRaftLogWorker:Storage Directory /workdir/hadoop-ozone/integration-test/target/test-dir/MiniOzoneClusterImpl-280c06ed-bcb5-4979-9226-67616719d9ed/datanode-2/data/ratis/0c8d45d9-620a-4b74-93e7-a41042af4d51: flushIndex: setUnconditionally 0 -> -1
2019-09-20 10:25:20,762 [pool-335-thread-1] INFO  server.RaftServerConfigKeys (ConfUtils.java:logGet(43)) - raft.server.snapshot.auto.trigger.enabled = true (custom)
2019-09-20 10:25:20,763 [pool-335-thread-1] INFO  server.RaftServerConfigKeys (ConfUtils.java:logGet(43)) - raft.server.snapshot.auto.trigger.threshold = 10000 (custom)
2019-09-20 10:25:20,763 | INFO  | SCMAudit | user=jenkins1000 | ip=192.168.36.99 | op=SEND_HEARTBEAT {datanodeUUID=bb8f5112-316d-4974-a5a6-f698f3fbb5be, command=[]} | ret=SUCCESS |  
2019-09-20 10:25:20,763 [pool-335-thread-1] INFO  server.RaftServerConfigKeys (ConfUtils.java:logGet(43)) - raft.server.retrycache.expirytime = 600000ms (custom)
2019-09-20 10:25:20,763 | INFO  | SCMAudit | user=jenkins1000 | ip=192.168.36.99 | op=SEND_HEARTBEAT {datanodeUUID=e8013689-2f13-4aaf-8a03-99f419c430ec, command=[]} | ret=SUCCESS |  
2019-09-20 10:25:20,763 [pool-335-thread-1] INFO  impl.RaftServerImpl (RaftServerImpl.java:start(180)) - e29464ab-17d7-4a4e-ab54-c178fccc723c: start group-A41042AF4D51
2019-09-20 10:25:20,763 [pool-335-thread-1] INFO  impl.RaftServerImpl (RaftServerImpl.java:setRole(171)) - e29464ab-17d7-4a4e-ab54-c178fccc723c:group-A41042AF4D51 changes role from null to FOLLOWER at term 0 for startAsFollower
2019-09-20 10:25:20,763 [pool-335-thread-1] INFO  impl.RoleInfo (RoleInfo.java:updateAndGet(143)) - e29464ab-17d7-4a4e-ab54-c178fccc723c: start FollowerState
2019-09-20 10:25:20,764 | INFO  | SCMAudit | user=jenkins1000 | ip=192.168.36.99 | op=SEND_HEARTBEAT {datanodeUUID=b5962e8e-c9f1-48aa-8eb4-d8f74b8afdbe, command=[]} | ret=SUCCESS |  
2019-09-20 10:25:20,764 [pool-335-thread-1] INFO  util.JmxRegister (JmxRegister.java:tryRegister(44)) - Successfully registered JMX Bean with object name Ratis:service=RaftServer,group=group-A41042AF4D51,id=e29464ab-17d7-4a4e-ab54-c178fccc723c
2019-09-20 10:25:20,767 [RatisPipelineUtilsThread] INFO  pipeline.PipelineStateManager (PipelineStateManager.java:addPipeline(56)) - Created pipeline Pipeline[ Id: 0c8d45d9-620a-4b74-93e7-a41042af4d51, Nodes: e29464ab-17d7-4a4e-ab54-c178fccc723c{ip: 192.168.36.99, host: pr-hdds-1569-p5fx8-1226042367, networkLocation: /default-rack, certSerialId: null}, Type:RATIS, Factor:ONE, State:OPEN]
2019-09-20 10:25:20,768 [RatisPipelineUtilsThread] INFO  pipeline.PipelinePlacementPolicy (PipelinePlacementPolicy.java:meetCriteria(91)) - Pipeline Placement: Doesn't meet the criteria to be viable node： 99153be1-ba81-4c7b-b6ab-4442760615cb Heaviness: 6 limit: 5
2019-09-20 10:25:20,768 [RatisPipelineUtilsThread] INFO  pipeline.PipelinePlacementPolicy (PipelinePlacementPolicy.java:meetCriteria(91)) - Pipeline Placement: Doesn't meet the criteria to be viable node： fac63c4b-287e-453e-9ac7-8c8c283fdab7 Heaviness: 6 limit: 5
2019-09-20 10:25:20,773 [grpc-default-executor-4] INFO  impl.RaftServerProxy (RaftServerProxy.java:addNew(89)) - e29464ab-17d7-4a4e-ab54-c178fccc723c: addNew group-57ACA9389BDB:[e29464ab-17d7-4a4e-ab54-c178fccc723c:192.168.36.99:36623] returns group-57ACA9389BDB:java.util.concurrent.CompletableFuture@4d630823[Not completed]
2019-09-20 10:25:20,774 [pool-335-thread-1] INFO  impl.RaftServerImpl (RaftServerImpl.java:<init>(93)) - e29464ab-17d7-4a4e-ab54-c178fccc723c: new RaftServerImpl for group-57ACA9389BDB:[e29464ab-17d7-4a4e-ab54-c178fccc723c:192.168.36.99:36623] with ContainerStateMachine:uninitialized
2019-09-20 10:25:20,774 [pool-335-thread-1] INFO  server.RaftServerConfigKeys (ConfUtils.java:logGet(43)) - raft.server.rpc.timeout.min = 5s (custom)
2019-09-20 10:25:20,774 [pool-335-thread-1] INFO  server.RaftServerConfigKeys (ConfUtils.java:logGet(43)) - raft.server.rpc.timeout.max = 5200ms (custom)
2019-09-20 10:25:20,774 [pool-335-thread-1] INFO  server.RaftServerConfigKeys (ConfUtils.java:logGet(43)) - raft.server.rpcslowness.timeout = 120s (custom)
2019-09-20 10:25:20,775 [pool-335-thread-1] INFO  server.RaftServerConfigKeys (ConfUtils.java:logGet(43)) - raft.server.sleep.deviation.threshold = 300 (default)
2019-09-20 10:25:20,775 [pool-335-thread-1] INFO  server.RaftServerConfigKeys (ConfUtils.java:logGet(43)) - raft.server.log.appender.install.snapshot.enabled = false (custom)
2019-09-20 10:25:20,775 [pool-335-thread-1] INFO  impl.RaftServerImpl (ServerState.java:<init>(105)) - e29464ab-17d7-4a4e-ab54-c178fccc723c:group-57ACA9389BDB ConfigurationManager, init=-1: [e29464ab-17d7-4a4e-ab54-c178fccc723c:192.168.36.99:36623], old=null, confs=<EMPTY_MAP>
2019-09-20 10:25:20,775 [pool-335-thread-1] INFO  server.RaftServerConfigKeys (ConfUtils.java:logGet(43)) - raft.server.storage.dir = [/workdir/hadoop-ozone/integration-test/target/test-dir/MiniOzoneClusterImpl-280c06ed-bcb5-4979-9226-67616719d9ed/datanode-2/data/ratis] (custom)
2019-09-20 10:25:20,775 [pool-335-thread-1] INFO  storage.RaftStorageDirectory (RaftStorageDirectory.java:analyzeStorage(246)) - The storage directory /workdir/hadoop-ozone/integration-test/target/test-dir/MiniOzoneClusterImpl-280c06ed-bcb5-4979-9226-67616719d9ed/datanode-2/data/ratis/0c561c41-421b-4d47-a6d5-57aca9389bdb does not exist. Creating ...
2019-09-20 10:25:20,792 [pool-335-thread-1] INFO  storage.RaftStorageDirectory (RaftStorageDirectory.java:tryLock(328)) - Lock on /workdir/hadoop-ozone/integration-test/target/test-dir/MiniOzoneClusterImpl-280c06ed-bcb5-4979-9226-67616719d9ed/datanode-2/data/ratis/0c561c41-421b-4d47-a6d5-57aca9389bdb/in_use.lock acquired by nodename 28506@pr-hdds-1569-p5fx8-1226042367
2019-09-20 10:25:20,817 [pool-335-thread-1] INFO  storage.RaftStorage (RaftStorage.java:format(72)) - Storage directory /workdir/hadoop-ozone/integration-test/target/test-dir/MiniOzoneClusterImpl-280c06ed-bcb5-4979-9226-67616719d9ed/datanode-2/data/ratis/0c561c41-421b-4d47-a6d5-57aca9389bdb has been successfully formatted.
2019-09-20 10:25:20,817 [pool-335-thread-1] INFO  ratis.ContainerStateMachine (ContainerStateMachine.java:loadSnapshot(226)) - group-57ACA9389BDB: The snapshot info is null. Setting the last applied indexto:(t:0, i:~)
2019-09-20 10:25:20,818 [pool-335-thread-1] INFO  server.RaftServerConfigKeys (ConfUtils.java:logGet(43)) - raft.server.leader.election.timeout = 120s (custom)
2019-09-20 10:25:20,818 [pool-335-thread-1] INFO  server.RaftServerConfigKeys (ConfUtils.java:logGet(43)) - raft.server.log.use.memory = false (default)
2019-09-20 10:25:20,818 [pool-335-thread-1] INFO  server.RaftServerConfigKeys (ConfUtils.java:logGet(43)) - raft.server.log.purge.gap = 1000000 (custom)
2019-09-20 10:25:20,818 [pool-335-thread-1] INFO  server.RaftServerConfigKeys (ConfUtils.java:logGet(43)) - raft.server.log.appender.buffer.byte-limit = 33554432 (custom)
2019-09-20 10:25:20,818 [pool-335-thread-1] INFO  server.RaftServerConfigKeys (ConfUtils.java:logGet(43)) - raft.server.log.segment.size.max = 1048576 (custom)
2019-09-20 10:25:20,819 [pool-335-thread-1] INFO  server.RaftServerConfigKeys (ConfUtils.java:logGet(43)) - raft.server.log.segment.cache.num.max = 2 (custom)
2019-09-20 10:25:20,819 [pool-335-thread-1] INFO  segmented.SegmentedRaftLogWorker (SegmentedRaftLogWorker.java:<init>(172)) - new e29464ab-17d7-4a4e-ab54-c178fccc723c-SegmentedRaftLogWorker:Storage Directory /workdir/hadoop-ozone/integration-test/target/test-dir/MiniOzoneClusterImpl-280c06ed-bcb5-4979-9226-67616719d9ed/datanode-2/data/ratis/0c561c41-421b-4d47-a6d5-57aca9389bdb for RaftStorage:Storage Directory /workdir/hadoop-ozone/integration-test/target/test-dir/MiniOzoneClusterImpl-280c06ed-bcb5-4979-9226-67616719d9ed/datanode-2/data/ratis/0c561c41-421b-4d47-a6d5-57aca9389bdb
2019-09-20 10:25:20,819 [pool-335-thread-1] INFO  server.RaftServerConfigKeys (ConfUtils.java:logGet(43)) - raft.server.log.queue.byte-limit = 2147483647 (custom)
2019-09-20 10:25:20,819 [pool-335-thread-1] INFO  server.RaftServerConfigKeys (ConfUtils.java:logGet(43)) - raft.server.log.queue.element-limit = 1024 (custom)
2019-09-20 10:25:20,819 [pool-335-thread-1] INFO  server.RaftServerConfigKeys (ConfUtils.java:logGet(43)) - raft.server.log.segment.size.max = 1048576 (custom)
2019-09-20 10:25:20,819 [pool-335-thread-1] INFO  server.RaftServerConfigKeys (ConfUtils.java:logGet(43)) - raft.server.log.preallocated.size = 16384 (custom)
2019-09-20 10:25:20,819 [pool-335-thread-1] INFO  server.RaftServerConfigKeys (ConfUtils.java:logGet(43)) - raft.server.log.write.buffer.size = 33554432 (custom)
2019-09-20 10:25:20,820 [pool-335-thread-1] INFO  server.RaftServerConfigKeys (ConfUtils.java:logGet(43)) - raft.server.log.force.sync.num = 128 (default)
2019-09-20 10:25:20,820 [pool-335-thread-1] INFO  server.RaftServerConfigKeys (ConfUtils.java:logGet(43)) - raft.server.log.statemachine.data.sync = true (default)
2019-09-20 10:25:20,820 [pool-335-thread-1] INFO  server.RaftServerConfigKeys (ConfUtils.java:logGet(43)) - raft.server.log.statemachine.data.sync.timeout = 10s (default)
2019-09-20 10:25:20,820 [pool-335-thread-1] INFO  server.RaftServerConfigKeys (ConfUtils.java:logGet(43)) - raft.server.log.statemachine.data.sync.timeout.retry = -1 (default)
2019-09-20 10:25:20,820 [pool-335-thread-1] INFO  server.RaftServerConfigKeys (ConfUtils.java:logGet(43)) - raft.server.log.statemachine.data.caching.enabled = true (custom)
2019-09-20 10:25:20,821 [pool-335-thread-1] INFO  segmented.SegmentedRaftLogWorker (SegmentedRaftLogWorker.java:lambda$new$0(132)) - e29464ab-17d7-4a4e-ab54-c178fccc723c-SegmentedRaftLogWorker:Storage Directory /workdir/hadoop-ozone/integration-test/target/test-dir/MiniOzoneClusterImpl-280c06ed-bcb5-4979-9226-67616719d9ed/datanode-2/data/ratis/0c561c41-421b-4d47-a6d5-57aca9389bdb: flushIndex: setUnconditionally 0 -> -1
2019-09-20 10:25:20,821 [pool-335-thread-1] INFO  server.RaftServerConfigKeys (ConfUtils.java:logGet(43)) - raft.server.snapshot.auto.trigger.enabled = true (custom)
2019-09-20 10:25:20,821 [pool-335-thread-1] INFO  server.RaftServerConfigKeys (ConfUtils.java:logGet(43)) - raft.server.snapshot.auto.trigger.threshold = 10000 (custom)
2019-09-20 10:25:20,821 [pool-335-thread-1] INFO  server.RaftServerConfigKeys (ConfUtils.java:logGet(43)) - raft.server.retrycache.expirytime = 600000ms (custom)
2019-09-20 10:25:20,822 [pool-335-thread-1] INFO  impl.RaftServerImpl (RaftServerImpl.java:start(180)) - e29464ab-17d7-4a4e-ab54-c178fccc723c: start group-57ACA9389BDB
2019-09-20 10:25:20,822 [pool-335-thread-1] INFO  impl.RaftServerImpl (RaftServerImpl.java:setRole(171)) - e29464ab-17d7-4a4e-ab54-c178fccc723c:group-57ACA9389BDB changes role from null to FOLLOWER at term 0 for startAsFollower
2019-09-20 10:25:20,822 [pool-335-thread-1] INFO  impl.RoleInfo (RoleInfo.java:updateAndGet(143)) - e29464ab-17d7-4a4e-ab54-c178fccc723c: start FollowerState
2019-09-20 10:25:20,822 [pool-335-thread-1] INFO  util.JmxRegister (JmxRegister.java:tryRegister(44)) - Successfully registered JMX Bean with object name Ratis:service=RaftServer,group=group-57ACA9389BDB,id=e29464ab-17d7-4a4e-ab54-c178fccc723c
2019-09-20 10:25:20,826 [RatisPipelineUtilsThread] INFO  pipeline.PipelineStateManager (PipelineStateManager.java:addPipeline(56)) - Created pipeline Pipeline[ Id: 0c561c41-421b-4d47-a6d5-57aca9389bdb, Nodes: e29464ab-17d7-4a4e-ab54-c178fccc723c{ip: 192.168.36.99, host: pr-hdds-1569-p5fx8-1226042367, networkLocation: /default-rack, certSerialId: null}, Type:RATIS, Factor:ONE, State:OPEN]
2019-09-20 10:25:20,826 [RatisPipelineUtilsThread] INFO  pipeline.PipelinePlacementPolicy (PipelinePlacementPolicy.java:meetCriteria(91)) - Pipeline Placement: Doesn't meet the criteria to be viable node： 99153be1-ba81-4c7b-b6ab-4442760615cb Heaviness: 6 limit: 5
2019-09-20 10:25:20,826 [RatisPipelineUtilsThread] INFO  pipeline.PipelinePlacementPolicy (PipelinePlacementPolicy.java:meetCriteria(91)) - Pipeline Placement: Doesn't meet the criteria to be viable node： fac63c4b-287e-453e-9ac7-8c8c283fdab7 Heaviness: 6 limit: 5
2019-09-20 10:25:20,831 [grpc-default-executor-4] INFO  impl.RaftServerProxy (RaftServerProxy.java:addNew(89)) - e29464ab-17d7-4a4e-ab54-c178fccc723c: addNew group-487D388BDFAD:[e29464ab-17d7-4a4e-ab54-c178fccc723c:192.168.36.99:36623] returns group-487D388BDFAD:java.util.concurrent.CompletableFuture@1833a2a2[Not completed]
2019-09-20 10:25:20,832 [pool-335-thread-1] INFO  impl.RaftServerImpl (RaftServerImpl.java:<init>(93)) - e29464ab-17d7-4a4e-ab54-c178fccc723c: new RaftServerImpl for group-487D388BDFAD:[e29464ab-17d7-4a4e-ab54-c178fccc723c:192.168.36.99:36623] with ContainerStateMachine:uninitialized
2019-09-20 10:25:20,832 [pool-335-thread-1] INFO  server.RaftServerConfigKeys (ConfUtils.java:logGet(43)) - raft.server.rpc.timeout.min = 5s (custom)
2019-09-20 10:25:20,832 [pool-335-thread-1] INFO  server.RaftServerConfigKeys (ConfUtils.java:logGet(43)) - raft.server.rpc.timeout.max = 5200ms (custom)
2019-09-20 10:25:20,832 [pool-335-thread-1] INFO  server.RaftServerConfigKeys (ConfUtils.java:logGet(43)) - raft.server.rpcslowness.timeout = 120s (custom)
2019-09-20 10:25:20,833 [pool-335-thread-1] INFO  server.RaftServerConfigKeys (ConfUtils.java:logGet(43)) - raft.server.sleep.deviation.threshold = 300 (default)
2019-09-20 10:25:20,833 [pool-335-thread-1] INFO  server.RaftServerConfigKeys (ConfUtils.java:logGet(43)) - raft.server.log.appender.install.snapshot.enabled = false (custom)
2019-09-20 10:25:20,833 [pool-335-thread-1] INFO  impl.RaftServerImpl (ServerState.java:<init>(105)) - e29464ab-17d7-4a4e-ab54-c178fccc723c:group-487D388BDFAD ConfigurationManager, init=-1: [e29464ab-17d7-4a4e-ab54-c178fccc723c:192.168.36.99:36623], old=null, confs=<EMPTY_MAP>
2019-09-20 10:25:20,833 [pool-335-thread-1] INFO  server.RaftServerConfigKeys (ConfUtils.java:logGet(43)) - raft.server.storage.dir = [/workdir/hadoop-ozone/integration-test/target/test-dir/MiniOzoneClusterImpl-280c06ed-bcb5-4979-9226-67616719d9ed/datanode-2/data/ratis] (custom)
2019-09-20 10:25:20,833 [pool-335-thread-1] INFO  storage.RaftStorageDirectory (RaftStorageDirectory.java:analyzeStorage(246)) - The storage directory /workdir/hadoop-ozone/integration-test/target/test-dir/MiniOzoneClusterImpl-280c06ed-bcb5-4979-9226-67616719d9ed/datanode-2/data/ratis/7496f4b4-b2c4-4381-83be-487d388bdfad does not exist. Creating ...
2019-09-20 10:25:20,859 [pool-335-thread-1] INFO  storage.RaftStorageDirectory (RaftStorageDirectory.java:tryLock(328)) - Lock on /workdir/hadoop-ozone/integration-test/target/test-dir/MiniOzoneClusterImpl-280c06ed-bcb5-4979-9226-67616719d9ed/datanode-2/data/ratis/7496f4b4-b2c4-4381-83be-487d388bdfad/in_use.lock acquired by nodename 28506@pr-hdds-1569-p5fx8-1226042367
2019-09-20 10:25:20,878 [IPC Server handler 14 on 33175] INFO  net.NetworkTopology (NetworkTopologyImpl.java:add(110)) - Added a new node: /default-rack/1bfb6844-04ed-4104-839b-60e510b6bb68
2019-09-20 10:25:20,878 [IPC Server handler 14 on 33175] INFO  node.SCMNodeManager (SCMNodeManager.java:register(273)) - Registered Data node : 1bfb6844-04ed-4104-839b-60e510b6bb68{ip: 192.168.36.99, host: pr-hdds-1569-p5fx8-1226042367, networkLocation: /default-rack, certSerialId: null}
2019-09-20 10:25:20,878 | INFO  | SCMAudit | user=jenkins1000 | ip=192.168.36.99 | op=REGISTER {datanodeDetails=1bfb6844-04ed-4104-839b-60e510b6bb68{ip: 192.168.36.99, host: pr-hdds-1569-p5fx8-1226042367, networkLocation: /default-rack, certSerialId: null}} | ret=SUCCESS |  
2019-09-20 10:25:20,885 [pool-335-thread-1] INFO  storage.RaftStorage (RaftStorage.java:format(72)) - Storage directory /workdir/hadoop-ozone/integration-test/target/test-dir/MiniOzoneClusterImpl-280c06ed-bcb5-4979-9226-67616719d9ed/datanode-2/data/ratis/7496f4b4-b2c4-4381-83be-487d388bdfad has been successfully formatted.
2019-09-20 10:25:20,885 [pool-335-thread-1] INFO  ratis.ContainerStateMachine (ContainerStateMachine.java:loadSnapshot(226)) - group-487D388BDFAD: The snapshot info is null. Setting the last applied indexto:(t:0, i:~)
2019-09-20 10:25:20,885 [pool-335-thread-1] INFO  server.RaftServerConfigKeys (ConfUtils.java:logGet(43)) - raft.server.leader.election.timeout = 120s (custom)
2019-09-20 10:25:20,885 [pool-335-thread-1] INFO  server.RaftServerConfigKeys (ConfUtils.java:logGet(43)) - raft.server.log.use.memory = false (default)
2019-09-20 10:25:20,885 [pool-335-thread-1] INFO  server.RaftServerConfigKeys (ConfUtils.java:logGet(43)) - raft.server.log.purge.gap = 1000000 (custom)
2019-09-20 10:25:20,886 [pool-335-thread-1] INFO  server.RaftServerConfigKeys (ConfUtils.java:logGet(43)) - raft.server.log.appender.buffer.byte-limit = 33554432 (custom)
2019-09-20 10:25:20,886 [pool-335-thread-1] INFO  server.RaftServerConfigKeys (ConfUtils.java:logGet(43)) - raft.server.log.segment.size.max = 1048576 (custom)
2019-09-20 10:25:20,886 [pool-335-thread-1] INFO  server.RaftServerConfigKeys (ConfUtils.java:logGet(43)) - raft.server.log.segment.cache.num.max = 2 (custom)
2019-09-20 10:25:20,886 [pool-335-thread-1] INFO  segmented.SegmentedRaftLogWorker (SegmentedRaftLogWorker.java:<init>(172)) - new e29464ab-17d7-4a4e-ab54-c178fccc723c-SegmentedRaftLogWorker:Storage Directory /workdir/hadoop-ozone/integration-test/target/test-dir/MiniOzoneClusterImpl-280c06ed-bcb5-4979-9226-67616719d9ed/datanode-2/data/ratis/7496f4b4-b2c4-4381-83be-487d388bdfad for RaftStorage:Storage Directory /workdir/hadoop-ozone/integration-test/target/test-dir/MiniOzoneClusterImpl-280c06ed-bcb5-4979-9226-67616719d9ed/datanode-2/data/ratis/7496f4b4-b2c4-4381-83be-487d388bdfad
2019-09-20 10:25:20,886 [pool-335-thread-1] INFO  server.RaftServerConfigKeys (ConfUtils.java:logGet(43)) - raft.server.log.queue.byte-limit = 2147483647 (custom)
2019-09-20 10:25:20,887 [pool-335-thread-1] INFO  server.RaftServerConfigKeys (ConfUtils.java:logGet(43)) - raft.server.log.queue.element-limit = 1024 (custom)
2019-09-20 10:25:20,887 [pool-335-thread-1] INFO  server.RaftServerConfigKeys (ConfUtils.java:logGet(43)) - raft.server.log.segment.size.max = 1048576 (custom)
2019-09-20 10:25:20,887 [pool-335-thread-1] INFO  server.RaftServerConfigKeys (ConfUtils.java:logGet(43)) - raft.server.log.preallocated.size = 16384 (custom)
2019-09-20 10:25:20,887 [pool-335-thread-1] INFO  server.RaftServerConfigKeys (ConfUtils.java:logGet(43)) - raft.server.log.write.buffer.size = 33554432 (custom)
2019-09-20 10:25:20,887 [pool-335-thread-1] INFO  server.RaftServerConfigKeys (ConfUtils.java:logGet(43)) - raft.server.log.force.sync.num = 128 (default)
2019-09-20 10:25:20,887 [pool-335-thread-1] INFO  server.RaftServerConfigKeys (ConfUtils.java:logGet(43)) - raft.server.log.statemachine.data.sync = true (default)
2019-09-20 10:25:20,888 [pool-335-thread-1] INFO  server.RaftServerConfigKeys (ConfUtils.java:logGet(43)) - raft.server.log.statemachine.data.sync.timeout = 10s (default)
2019-09-20 10:25:20,888 [pool-335-thread-1] INFO  server.RaftServerConfigKeys (ConfUtils.java:logGet(43)) - raft.server.log.statemachine.data.sync.timeout.retry = -1 (default)
2019-09-20 10:25:20,888 [pool-335-thread-1] INFO  server.RaftServerConfigKeys (ConfUtils.java:logGet(43)) - raft.server.log.statemachine.data.caching.enabled = true (custom)
2019-09-20 10:25:20,888 [pool-335-thread-1] INFO  segmented.SegmentedRaftLogWorker (SegmentedRaftLogWorker.java:lambda$new$0(132)) - e29464ab-17d7-4a4e-ab54-c178fccc723c-SegmentedRaftLogWorker:Storage Directory /workdir/hadoop-ozone/integration-test/target/test-dir/MiniOzoneClusterImpl-280c06ed-bcb5-4979-9226-67616719d9ed/datanode-2/data/ratis/7496f4b4-b2c4-4381-83be-487d388bdfad: flushIndex: setUnconditionally 0 -> -1
2019-09-20 10:25:20,889 [pool-335-thread-1] INFO  server.RaftServerConfigKeys (ConfUtils.java:logGet(43)) - raft.server.snapshot.auto.trigger.enabled = true (custom)
2019-09-20 10:25:20,889 [pool-335-thread-1] INFO  server.RaftServerConfigKeys (ConfUtils.java:logGet(43)) - raft.server.snapshot.auto.trigger.threshold = 10000 (custom)
2019-09-20 10:25:20,889 [pool-335-thread-1] INFO  server.RaftServerConfigKeys (ConfUtils.java:logGet(43)) - raft.server.retrycache.expirytime = 600000ms (custom)
2019-09-20 10:25:20,889 [pool-335-thread-1] INFO  impl.RaftServerImpl (RaftServerImpl.java:start(180)) - e29464ab-17d7-4a4e-ab54-c178fccc723c: start group-487D388BDFAD
2019-09-20 10:25:20,889 [pool-335-thread-1] INFO  impl.RaftServerImpl (RaftServerImpl.java:setRole(171)) - e29464ab-17d7-4a4e-ab54-c178fccc723c:group-487D388BDFAD changes role from null to FOLLOWER at term 0 for startAsFollower
2019-09-20 10:25:20,890 [pool-335-thread-1] INFO  impl.RoleInfo (RoleInfo.java:updateAndGet(143)) - e29464ab-17d7-4a4e-ab54-c178fccc723c: start FollowerState
2019-09-20 10:25:20,890 [pool-335-thread-1] INFO  util.JmxRegister (JmxRegister.java:tryRegister(44)) - Successfully registered JMX Bean with object name Ratis:service=RaftServer,group=group-487D388BDFAD,id=e29464ab-17d7-4a4e-ab54-c178fccc723c
2019-09-20 10:25:20,893 [RatisPipelineUtilsThread] INFO  pipeline.PipelineStateManager (PipelineStateManager.java:addPipeline(56)) - Created pipeline Pipeline[ Id: 7496f4b4-b2c4-4381-83be-487d388bdfad, Nodes: e29464ab-17d7-4a4e-ab54-c178fccc723c{ip: 192.168.36.99, host: pr-hdds-1569-p5fx8-1226042367, networkLocation: /default-rack, certSerialId: null}, Type:RATIS, Factor:ONE, State:OPEN]
2019-09-20 10:25:20,893 [RatisPipelineUtilsThread] INFO  pipeline.PipelinePlacementPolicy (PipelinePlacementPolicy.java:meetCriteria(91)) - Pipeline Placement: Doesn't meet the criteria to be viable node： 99153be1-ba81-4c7b-b6ab-4442760615cb Heaviness: 6 limit: 5
2019-09-20 10:25:20,893 [RatisPipelineUtilsThread] INFO  pipeline.PipelinePlacementPolicy (PipelinePlacementPolicy.java:meetCriteria(91)) - Pipeline Placement: Doesn't meet the criteria to be viable node： e29464ab-17d7-4a4e-ab54-c178fccc723c Heaviness: 6 limit: 5
2019-09-20 10:25:20,894 [RatisPipelineUtilsThread] INFO  pipeline.PipelinePlacementPolicy (PipelinePlacementPolicy.java:meetCriteria(91)) - Pipeline Placement: Doesn't meet the criteria to be viable node： fac63c4b-287e-453e-9ac7-8c8c283fdab7 Heaviness: 6 limit: 5
2019-09-20 10:25:20,912 [grpc-default-executor-4] INFO  impl.RaftServerProxy (RaftServerProxy.java:addNew(89)) - 1bfb6844-04ed-4104-839b-60e510b6bb68: addNew group-6AA3DDC6C181:[1bfb6844-04ed-4104-839b-60e510b6bb68:192.168.36.99:44647] returns group-6AA3DDC6C181:java.util.concurrent.CompletableFuture@63c0387c[Not completed]
2019-09-20 10:25:20,913 [pool-346-thread-1] INFO  impl.RaftServerImpl (RaftServerImpl.java:<init>(93)) - 1bfb6844-04ed-4104-839b-60e510b6bb68: new RaftServerImpl for group-6AA3DDC6C181:[1bfb6844-04ed-4104-839b-60e510b6bb68:192.168.36.99:44647] with ContainerStateMachine:uninitialized
2019-09-20 10:25:20,914 [pool-346-thread-1] INFO  server.RaftServerConfigKeys (ConfUtils.java:logGet(43)) - raft.server.rpc.timeout.min = 5s (custom)
2019-09-20 10:25:20,914 [pool-346-thread-1] INFO  server.RaftServerConfigKeys (ConfUtils.java:logGet(43)) - raft.server.rpc.timeout.max = 5200ms (custom)
2019-09-20 10:25:20,914 [pool-346-thread-1] INFO  server.RaftServerConfigKeys (ConfUtils.java:logGet(43)) - raft.server.rpcslowness.timeout = 120s (custom)
2019-09-20 10:25:20,914 [pool-346-thread-1] INFO  server.RaftServerConfigKeys (ConfUtils.java:logGet(43)) - raft.server.sleep.deviation.threshold = 300 (default)
2019-09-20 10:25:20,914 [pool-346-thread-1] INFO  server.RaftServerConfigKeys (ConfUtils.java:logGet(43)) - raft.server.log.appender.install.snapshot.enabled = false (custom)
2019-09-20 10:25:20,914 [pool-346-thread-1] INFO  impl.RaftServerImpl (ServerState.java:<init>(105)) - 1bfb6844-04ed-4104-839b-60e510b6bb68:group-6AA3DDC6C181 ConfigurationManager, init=-1: [1bfb6844-04ed-4104-839b-60e510b6bb68:192.168.36.99:44647], old=null, confs=<EMPTY_MAP>
2019-09-20 10:25:20,914 [pool-346-thread-1] INFO  server.RaftServerConfigKeys (ConfUtils.java:logGet(43)) - raft.server.storage.dir = [/workdir/hadoop-ozone/integration-test/target/test-dir/MiniOzoneClusterImpl-280c06ed-bcb5-4979-9226-67616719d9ed/datanode-3/data/ratis] (custom)
2019-09-20 10:25:20,915 [pool-346-thread-1] INFO  storage.RaftStorageDirectory (RaftStorageDirectory.java:analyzeStorage(246)) - The storage directory /workdir/hadoop-ozone/integration-test/target/test-dir/MiniOzoneClusterImpl-280c06ed-bcb5-4979-9226-67616719d9ed/datanode-3/data/ratis/cf0edf38-4f7d-443f-a3f6-6aa3ddc6c181 does not exist. Creating ...
2019-09-20 10:25:20,943 [pool-346-thread-1] INFO  storage.RaftStorageDirectory (RaftStorageDirectory.java:tryLock(328)) - Lock on /workdir/hadoop-ozone/integration-test/target/test-dir/MiniOzoneClusterImpl-280c06ed-bcb5-4979-9226-67616719d9ed/datanode-3/data/ratis/cf0edf38-4f7d-443f-a3f6-6aa3ddc6c181/in_use.lock acquired by nodename 28506@pr-hdds-1569-p5fx8-1226042367
2019-09-20 10:25:20,960 [pool-346-thread-1] INFO  storage.RaftStorage (RaftStorage.java:format(72)) - Storage directory /workdir/hadoop-ozone/integration-test/target/test-dir/MiniOzoneClusterImpl-280c06ed-bcb5-4979-9226-67616719d9ed/datanode-3/data/ratis/cf0edf38-4f7d-443f-a3f6-6aa3ddc6c181 has been successfully formatted.
2019-09-20 10:25:20,961 [pool-346-thread-1] INFO  ratis.ContainerStateMachine (ContainerStateMachine.java:loadSnapshot(226)) - group-6AA3DDC6C181: The snapshot info is null. Setting the last applied indexto:(t:0, i:~)
2019-09-20 10:25:20,961 [pool-346-thread-1] INFO  server.RaftServerConfigKeys (ConfUtils.java:logGet(43)) - raft.server.leader.election.timeout = 120s (custom)
2019-09-20 10:25:20,961 [pool-346-thread-1] INFO  server.RaftServerConfigKeys (ConfUtils.java:logGet(43)) - raft.server.log.use.memory = false (default)
2019-09-20 10:25:20,961 [pool-346-thread-1] INFO  server.RaftServerConfigKeys (ConfUtils.java:logGet(43)) - raft.server.log.purge.gap = 1000000 (custom)
2019-09-20 10:25:20,962 [pool-346-thread-1] INFO  server.RaftServerConfigKeys (ConfUtils.java:logGet(43)) - raft.server.log.appender.buffer.byte-limit = 33554432 (custom)
2019-09-20 10:25:20,962 [pool-346-thread-1] INFO  server.RaftServerConfigKeys (ConfUtils.java:logGet(43)) - raft.server.log.segment.size.max = 1048576 (custom)
2019-09-20 10:25:20,962 [pool-346-thread-1] INFO  server.RaftServerConfigKeys (ConfUtils.java:logGet(43)) - raft.server.log.segment.cache.num.max = 2 (custom)
2019-09-20 10:25:20,962 [pool-346-thread-1] INFO  segmented.SegmentedRaftLogWorker (SegmentedRaftLogWorker.java:<init>(172)) - new 1bfb6844-04ed-4104-839b-60e510b6bb68-SegmentedRaftLogWorker:Storage Directory /workdir/hadoop-ozone/integration-test/target/test-dir/MiniOzoneClusterImpl-280c06ed-bcb5-4979-9226-67616719d9ed/datanode-3/data/ratis/cf0edf38-4f7d-443f-a3f6-6aa3ddc6c181 for RaftStorage:Storage Directory /workdir/hadoop-ozone/integration-test/target/test-dir/MiniOzoneClusterImpl-280c06ed-bcb5-4979-9226-67616719d9ed/datanode-3/data/ratis/cf0edf38-4f7d-443f-a3f6-6aa3ddc6c181
2019-09-20 10:25:20,962 [pool-346-thread-1] INFO  server.RaftServerConfigKeys (ConfUtils.java:logGet(43)) - raft.server.log.queue.byte-limit = 2147483647 (custom)
2019-09-20 10:25:20,963 [pool-346-thread-1] INFO  server.RaftServerConfigKeys (ConfUtils.java:logGet(43)) - raft.server.log.queue.element-limit = 1024 (custom)
2019-09-20 10:25:20,963 [pool-346-thread-1] INFO  server.RaftServerConfigKeys (ConfUtils.java:logGet(43)) - raft.server.log.segment.size.max = 1048576 (custom)
2019-09-20 10:25:20,963 [pool-346-thread-1] INFO  server.RaftServerConfigKeys (ConfUtils.java:logGet(43)) - raft.server.log.preallocated.size = 16384 (custom)
2019-09-20 10:25:20,963 [pool-346-thread-1] INFO  server.RaftServerConfigKeys (ConfUtils.java:logGet(43)) - raft.server.log.write.buffer.size = 33554432 (custom)
2019-09-20 10:25:20,963 [pool-346-thread-1] INFO  server.RaftServerConfigKeys (ConfUtils.java:logGet(43)) - raft.server.log.force.sync.num = 128 (default)
2019-09-20 10:25:20,964 [pool-346-thread-1] INFO  server.RaftServerConfigKeys (ConfUtils.java:logGet(43)) - raft.server.log.statemachine.data.sync = true (default)
2019-09-20 10:25:20,964 [pool-346-thread-1] INFO  server.RaftServerConfigKeys (ConfUtils.java:logGet(43)) - raft.server.log.statemachine.data.sync.timeout = 10s (default)
2019-09-20 10:25:20,964 [pool-346-thread-1] INFO  server.RaftServerConfigKeys (ConfUtils.java:logGet(43)) - raft.server.log.statemachine.data.sync.timeout.retry = -1 (default)
2019-09-20 10:25:20,964 [pool-346-thread-1] INFO  server.RaftServerConfigKeys (ConfUtils.java:logGet(43)) - raft.server.log.statemachine.data.caching.enabled = true (custom)
2019-09-20 10:25:20,965 [pool-346-thread-1] INFO  segmented.SegmentedRaftLogWorker (SegmentedRaftLogWorker.java:lambda$new$0(132)) - 1bfb6844-04ed-4104-839b-60e510b6bb68-SegmentedRaftLogWorker:Storage Directory /workdir/hadoop-ozone/integration-test/target/test-dir/MiniOzoneClusterImpl-280c06ed-bcb5-4979-9226-67616719d9ed/datanode-3/data/ratis/cf0edf38-4f7d-443f-a3f6-6aa3ddc6c181: flushIndex: setUnconditionally 0 -> -1
2019-09-20 10:25:20,965 [pool-346-thread-1] INFO  server.RaftServerConfigKeys (ConfUtils.java:logGet(43)) - raft.server.snapshot.auto.trigger.enabled = true (custom)
2019-09-20 10:25:20,965 [pool-346-thread-1] INFO  server.RaftServerConfigKeys (ConfUtils.java:logGet(43)) - raft.server.snapshot.auto.trigger.threshold = 10000 (custom)
2019-09-20 10:25:20,966 [pool-346-thread-1] INFO  server.RaftServerConfigKeys (ConfUtils.java:logGet(43)) - raft.server.retrycache.expirytime = 600000ms (custom)
2019-09-20 10:25:20,966 [pool-346-thread-1] INFO  impl.RaftServerImpl (RaftServerImpl.java:start(180)) - 1bfb6844-04ed-4104-839b-60e510b6bb68: start group-6AA3DDC6C181
2019-09-20 10:25:20,966 [pool-346-thread-1] INFO  impl.RaftServerImpl (RaftServerImpl.java:setRole(171)) - 1bfb6844-04ed-4104-839b-60e510b6bb68:group-6AA3DDC6C181 changes role from null to FOLLOWER at term 0 for startAsFollower
2019-09-20 10:25:20,966 [pool-346-thread-1] INFO  impl.RoleInfo (RoleInfo.java:updateAndGet(143)) - 1bfb6844-04ed-4104-839b-60e510b6bb68: start FollowerState
2019-09-20 10:25:20,967 [pool-346-thread-1] INFO  util.JmxRegister (JmxRegister.java:tryRegister(44)) - Successfully registered JMX Bean with object name Ratis:service=RaftServer,group=group-6AA3DDC6C181,id=1bfb6844-04ed-4104-839b-60e510b6bb68
2019-09-20 10:25:20,970 [RatisPipelineUtilsThread] INFO  pipeline.PipelineStateManager (PipelineStateManager.java:addPipeline(56)) - Created pipeline Pipeline[ Id: cf0edf38-4f7d-443f-a3f6-6aa3ddc6c181, Nodes: 1bfb6844-04ed-4104-839b-60e510b6bb68{ip: 192.168.36.99, host: pr-hdds-1569-p5fx8-1226042367, networkLocation: /default-rack, certSerialId: null}, Type:RATIS, Factor:ONE, State:OPEN]
2019-09-20 10:25:20,970 [RatisPipelineUtilsThread] INFO  pipeline.PipelinePlacementPolicy (PipelinePlacementPolicy.java:meetCriteria(91)) - Pipeline Placement: Doesn't meet the criteria to be viable node： 99153be1-ba81-4c7b-b6ab-4442760615cb Heaviness: 6 limit: 5
2019-09-20 10:25:20,970 [RatisPipelineUtilsThread] INFO  pipeline.PipelinePlacementPolicy (PipelinePlacementPolicy.java:meetCriteria(91)) - Pipeline Placement: Doesn't meet the criteria to be viable node： e29464ab-17d7-4a4e-ab54-c178fccc723c Heaviness: 6 limit: 5
2019-09-20 10:25:20,971 [RatisPipelineUtilsThread] INFO  pipeline.PipelinePlacementPolicy (PipelinePlacementPolicy.java:meetCriteria(91)) - Pipeline Placement: Doesn't meet the criteria to be viable node： fac63c4b-287e-453e-9ac7-8c8c283fdab7 Heaviness: 6 limit: 5
2019-09-20 10:25:20,976 [grpc-default-executor-4] INFO  impl.RaftServerProxy (RaftServerProxy.java:addNew(89)) - 1bfb6844-04ed-4104-839b-60e510b6bb68: addNew group-F0FD01D7A7AA:[1bfb6844-04ed-4104-839b-60e510b6bb68:192.168.36.99:44647] returns group-F0FD01D7A7AA:java.util.concurrent.CompletableFuture@1b8e2620[Not completed]
2019-09-20 10:25:20,977 [pool-346-thread-1] INFO  impl.RaftServerImpl (RaftServerImpl.java:<init>(93)) - 1bfb6844-04ed-4104-839b-60e510b6bb68: new RaftServerImpl for group-F0FD01D7A7AA:[1bfb6844-04ed-4104-839b-60e510b6bb68:192.168.36.99:44647] with ContainerStateMachine:uninitialized
2019-09-20 10:25:20,978 [pool-346-thread-1] INFO  server.RaftServerConfigKeys (ConfUtils.java:logGet(43)) - raft.server.rpc.timeout.min = 5s (custom)
2019-09-20 10:25:20,978 [pool-346-thread-1] INFO  server.RaftServerConfigKeys (ConfUtils.java:logGet(43)) - raft.server.rpc.timeout.max = 5200ms (custom)
2019-09-20 10:25:20,978 [pool-346-thread-1] INFO  server.RaftServerConfigKeys (ConfUtils.java:logGet(43)) - raft.server.rpcslowness.timeout = 120s (custom)
2019-09-20 10:25:20,978 [pool-346-thread-1] INFO  server.RaftServerConfigKeys (ConfUtils.java:logGet(43)) - raft.server.sleep.deviation.threshold = 300 (default)
2019-09-20 10:25:20,978 [pool-346-thread-1] INFO  server.RaftServerConfigKeys (ConfUtils.java:logGet(43)) - raft.server.log.appender.install.snapshot.enabled = false (custom)
2019-09-20 10:25:20,978 [pool-346-thread-1] INFO  impl.RaftServerImpl (ServerState.java:<init>(105)) - 1bfb6844-04ed-4104-839b-60e510b6bb68:group-F0FD01D7A7AA ConfigurationManager, init=-1: [1bfb6844-04ed-4104-839b-60e510b6bb68:192.168.36.99:44647], old=null, confs=<EMPTY_MAP>
2019-09-20 10:25:20,978 [pool-346-thread-1] INFO  server.RaftServerConfigKeys (ConfUtils.java:logGet(43)) - raft.server.storage.dir = [/workdir/hadoop-ozone/integration-test/target/test-dir/MiniOzoneClusterImpl-280c06ed-bcb5-4979-9226-67616719d9ed/datanode-3/data/ratis] (custom)
2019-09-20 10:25:20,979 [pool-346-thread-1] INFO  storage.RaftStorageDirectory (RaftStorageDirectory.java:analyzeStorage(246)) - The storage directory /workdir/hadoop-ozone/integration-test/target/test-dir/MiniOzoneClusterImpl-280c06ed-bcb5-4979-9226-67616719d9ed/datanode-3/data/ratis/cb47917b-0b43-40d6-b53f-f0fd01d7a7aa does not exist. Creating ...
2019-09-20 10:25:21,005 [pool-346-thread-1] INFO  storage.RaftStorageDirectory (RaftStorageDirectory.java:tryLock(328)) - Lock on /workdir/hadoop-ozone/integration-test/target/test-dir/MiniOzoneClusterImpl-280c06ed-bcb5-4979-9226-67616719d9ed/datanode-3/data/ratis/cb47917b-0b43-40d6-b53f-f0fd01d7a7aa/in_use.lock acquired by nodename 28506@pr-hdds-1569-p5fx8-1226042367
2019-09-20 10:25:21,028 [pool-346-thread-1] INFO  storage.RaftStorage (RaftStorage.java:format(72)) - Storage directory /workdir/hadoop-ozone/integration-test/target/test-dir/MiniOzoneClusterImpl-280c06ed-bcb5-4979-9226-67616719d9ed/datanode-3/data/ratis/cb47917b-0b43-40d6-b53f-f0fd01d7a7aa has been successfully formatted.
2019-09-20 10:25:21,028 [pool-346-thread-1] INFO  ratis.ContainerStateMachine (ContainerStateMachine.java:loadSnapshot(226)) - group-F0FD01D7A7AA: The snapshot info is null. Setting the last applied indexto:(t:0, i:~)
2019-09-20 10:25:21,028 [pool-346-thread-1] INFO  server.RaftServerConfigKeys (ConfUtils.java:logGet(43)) - raft.server.leader.election.timeout = 120s (custom)
2019-09-20 10:25:21,029 [pool-346-thread-1] INFO  server.RaftServerConfigKeys (ConfUtils.java:logGet(43)) - raft.server.log.use.memory = false (default)
2019-09-20 10:25:21,029 [pool-346-thread-1] INFO  server.RaftServerConfigKeys (ConfUtils.java:logGet(43)) - raft.server.log.purge.gap = 1000000 (custom)
2019-09-20 10:25:21,029 [pool-346-thread-1] INFO  server.RaftServerConfigKeys (ConfUtils.java:logGet(43)) - raft.server.log.appender.buffer.byte-limit = 33554432 (custom)
2019-09-20 10:25:21,029 [pool-346-thread-1] INFO  server.RaftServerConfigKeys (ConfUtils.java:logGet(43)) - raft.server.log.segment.size.max = 1048576 (custom)
2019-09-20 10:25:21,029 [pool-346-thread-1] INFO  server.RaftServerConfigKeys (ConfUtils.java:logGet(43)) - raft.server.log.segment.cache.num.max = 2 (custom)
2019-09-20 10:25:21,029 [pool-346-thread-1] INFO  segmented.SegmentedRaftLogWorker (SegmentedRaftLogWorker.java:<init>(172)) - new 1bfb6844-04ed-4104-839b-60e510b6bb68-SegmentedRaftLogWorker:Storage Directory /workdir/hadoop-ozone/integration-test/target/test-dir/MiniOzoneClusterImpl-280c06ed-bcb5-4979-9226-67616719d9ed/datanode-3/data/ratis/cb47917b-0b43-40d6-b53f-f0fd01d7a7aa for RaftStorage:Storage Directory /workdir/hadoop-ozone/integration-test/target/test-dir/MiniOzoneClusterImpl-280c06ed-bcb5-4979-9226-67616719d9ed/datanode-3/data/ratis/cb47917b-0b43-40d6-b53f-f0fd01d7a7aa
2019-09-20 10:25:21,030 [pool-346-thread-1] INFO  server.RaftServerConfigKeys (ConfUtils.java:logGet(43)) - raft.server.log.queue.byte-limit = 2147483647 (custom)
2019-09-20 10:25:21,030 [pool-346-thread-1] INFO  server.RaftServerConfigKeys (ConfUtils.java:logGet(43)) - raft.server.log.queue.element-limit = 1024 (custom)
2019-09-20 10:25:21,030 [pool-346-thread-1] INFO  server.RaftServerConfigKeys (ConfUtils.java:logGet(43)) - raft.server.log.segment.size.max = 1048576 (custom)
2019-09-20 10:25:21,030 [pool-346-thread-1] INFO  server.RaftServerConfigKeys (ConfUtils.java:logGet(43)) - raft.server.log.preallocated.size = 16384 (custom)
2019-09-20 10:25:21,030 [pool-346-thread-1] INFO  server.RaftServerConfigKeys (ConfUtils.java:logGet(43)) - raft.server.log.write.buffer.size = 33554432 (custom)
2019-09-20 10:25:21,030 [pool-346-thread-1] INFO  server.RaftServerConfigKeys (ConfUtils.java:logGet(43)) - raft.server.log.force.sync.num = 128 (default)
2019-09-20 10:25:21,030 [pool-346-thread-1] INFO  server.RaftServerConfigKeys (ConfUtils.java:logGet(43)) - raft.server.log.statemachine.data.sync = true (default)
2019-09-20 10:25:21,030 [pool-346-thread-1] INFO  server.RaftServerConfigKeys (ConfUtils.java:logGet(43)) - raft.server.log.statemachine.data.sync.timeout = 10s (default)
2019-09-20 10:25:21,031 [pool-346-thread-1] INFO  server.RaftServerConfigKeys (ConfUtils.java:logGet(43)) - raft.server.log.statemachine.data.sync.timeout.retry = -1 (default)
2019-09-20 10:25:21,031 [pool-346-thread-1] INFO  server.RaftServerConfigKeys (ConfUtils.java:logGet(43)) - raft.server.log.statemachine.data.caching.enabled = true (custom)
2019-09-20 10:25:21,031 [pool-346-thread-1] INFO  segmented.SegmentedRaftLogWorker (SegmentedRaftLogWorker.java:lambda$new$0(132)) - 1bfb6844-04ed-4104-839b-60e510b6bb68-SegmentedRaftLogWorker:Storage Directory /workdir/hadoop-ozone/integration-test/target/test-dir/MiniOzoneClusterImpl-280c06ed-bcb5-4979-9226-67616719d9ed/datanode-3/data/ratis/cb47917b-0b43-40d6-b53f-f0fd01d7a7aa: flushIndex: setUnconditionally 0 -> -1
2019-09-20 10:25:21,032 [pool-346-thread-1] INFO  server.RaftServerConfigKeys (ConfUtils.java:logGet(43)) - raft.server.snapshot.auto.trigger.enabled = true (custom)
2019-09-20 10:25:21,032 [pool-346-thread-1] INFO  server.RaftServerConfigKeys (ConfUtils.java:logGet(43)) - raft.server.snapshot.auto.trigger.threshold = 10000 (custom)
2019-09-20 10:25:21,032 [pool-346-thread-1] INFO  server.RaftServerConfigKeys (ConfUtils.java:logGet(43)) - raft.server.retrycache.expirytime = 600000ms (custom)
2019-09-20 10:25:21,032 [pool-346-thread-1] INFO  impl.RaftServerImpl (RaftServerImpl.java:start(180)) - 1bfb6844-04ed-4104-839b-60e510b6bb68: start group-F0FD01D7A7AA
2019-09-20 10:25:21,032 [pool-346-thread-1] INFO  impl.RaftServerImpl (RaftServerImpl.java:setRole(171)) - 1bfb6844-04ed-4104-839b-60e510b6bb68:group-F0FD01D7A7AA changes role from null to FOLLOWER at term 0 for startAsFollower
2019-09-20 10:25:21,032 [pool-346-thread-1] INFO  impl.RoleInfo (RoleInfo.java:updateAndGet(143)) - 1bfb6844-04ed-4104-839b-60e510b6bb68: start FollowerState
2019-09-20 10:25:21,033 [pool-346-thread-1] INFO  util.JmxRegister (JmxRegister.java:tryRegister(44)) - Successfully registered JMX Bean with object name Ratis:service=RaftServer,group=group-F0FD01D7A7AA,id=1bfb6844-04ed-4104-839b-60e510b6bb68
2019-09-20 10:25:21,036 [RatisPipelineUtilsThread] INFO  pipeline.PipelineStateManager (PipelineStateManager.java:addPipeline(56)) - Created pipeline Pipeline[ Id: cb47917b-0b43-40d6-b53f-f0fd01d7a7aa, Nodes: 1bfb6844-04ed-4104-839b-60e510b6bb68{ip: 192.168.36.99, host: pr-hdds-1569-p5fx8-1226042367, networkLocation: /default-rack, certSerialId: null}, Type:RATIS, Factor:ONE, State:OPEN]
2019-09-20 10:25:21,037 [RatisPipelineUtilsThread] INFO  pipeline.PipelinePlacementPolicy (PipelinePlacementPolicy.java:meetCriteria(91)) - Pipeline Placement: Doesn't meet the criteria to be viable node： 99153be1-ba81-4c7b-b6ab-4442760615cb Heaviness: 6 limit: 5
2019-09-20 10:25:21,037 [RatisPipelineUtilsThread] INFO  pipeline.PipelinePlacementPolicy (PipelinePlacementPolicy.java:meetCriteria(91)) - Pipeline Placement: Doesn't meet the criteria to be viable node： e29464ab-17d7-4a4e-ab54-c178fccc723c Heaviness: 6 limit: 5
2019-09-20 10:25:21,037 [RatisPipelineUtilsThread] INFO  pipeline.PipelinePlacementPolicy (PipelinePlacementPolicy.java:meetCriteria(91)) - Pipeline Placement: Doesn't meet the criteria to be viable node： fac63c4b-287e-453e-9ac7-8c8c283fdab7 Heaviness: 6 limit: 5
2019-09-20 10:25:21,043 [grpc-default-executor-4] INFO  impl.RaftServerProxy (RaftServerProxy.java:addNew(89)) - 1bfb6844-04ed-4104-839b-60e510b6bb68: addNew group-22A2006E1636:[1bfb6844-04ed-4104-839b-60e510b6bb68:192.168.36.99:44647] returns group-22A2006E1636:java.util.concurrent.CompletableFuture@684930b1[Not completed]
2019-09-20 10:25:21,044 [main] INFO  ozone.MiniOzoneClusterImpl (MiniOzoneClusterImpl.java:lambda$waitForClusterToBeReady$0(142)) - Waiting for cluster to be ready. Got 4 of 7 DN Heartbeats.
2019-09-20 10:25:21,044 [pool-346-thread-1] INFO  impl.RaftServerImpl (RaftServerImpl.java:<init>(93)) - 1bfb6844-04ed-4104-839b-60e510b6bb68: new RaftServerImpl for group-22A2006E1636:[1bfb6844-04ed-4104-839b-60e510b6bb68:192.168.36.99:44647] with ContainerStateMachine:uninitialized
2019-09-20 10:25:21,044 [pool-346-thread-1] INFO  server.RaftServerConfigKeys (ConfUtils.java:logGet(43)) - raft.server.rpc.timeout.min = 5s (custom)
2019-09-20 10:25:21,044 [pool-346-thread-1] INFO  server.RaftServerConfigKeys (ConfUtils.java:logGet(43)) - raft.server.rpc.timeout.max = 5200ms (custom)
2019-09-20 10:25:21,045 [pool-346-thread-1] INFO  server.RaftServerConfigKeys (ConfUtils.java:logGet(43)) - raft.server.rpcslowness.timeout = 120s (custom)
2019-09-20 10:25:21,045 [pool-346-thread-1] INFO  server.RaftServerConfigKeys (ConfUtils.java:logGet(43)) - raft.server.sleep.deviation.threshold = 300 (default)
2019-09-20 10:25:21,045 [pool-346-thread-1] INFO  server.RaftServerConfigKeys (ConfUtils.java:logGet(43)) - raft.server.log.appender.install.snapshot.enabled = false (custom)
2019-09-20 10:25:21,045 [pool-346-thread-1] INFO  impl.RaftServerImpl (ServerState.java:<init>(105)) - 1bfb6844-04ed-4104-839b-60e510b6bb68:group-22A2006E1636 ConfigurationManager, init=-1: [1bfb6844-04ed-4104-839b-60e510b6bb68:192.168.36.99:44647], old=null, confs=<EMPTY_MAP>
2019-09-20 10:25:21,045 [pool-346-thread-1] INFO  server.RaftServerConfigKeys (ConfUtils.java:logGet(43)) - raft.server.storage.dir = [/workdir/hadoop-ozone/integration-test/target/test-dir/MiniOzoneClusterImpl-280c06ed-bcb5-4979-9226-67616719d9ed/datanode-3/data/ratis] (custom)
2019-09-20 10:25:21,045 [pool-346-thread-1] INFO  storage.RaftStorageDirectory (RaftStorageDirectory.java:analyzeStorage(246)) - The storage directory /workdir/hadoop-ozone/integration-test/target/test-dir/MiniOzoneClusterImpl-280c06ed-bcb5-4979-9226-67616719d9ed/datanode-3/data/ratis/cb92b45f-c7c4-47c4-880a-22a2006e1636 does not exist. Creating ...
2019-09-20 10:25:21,070 [pool-346-thread-1] INFO  storage.RaftStorageDirectory (RaftStorageDirectory.java:tryLock(328)) - Lock on /workdir/hadoop-ozone/integration-test/target/test-dir/MiniOzoneClusterImpl-280c06ed-bcb5-4979-9226-67616719d9ed/datanode-3/data/ratis/cb92b45f-c7c4-47c4-880a-22a2006e1636/in_use.lock acquired by nodename 28506@pr-hdds-1569-p5fx8-1226042367
2019-09-20 10:25:21,095 [pool-346-thread-1] INFO  storage.RaftStorage (RaftStorage.java:format(72)) - Storage directory /workdir/hadoop-ozone/integration-test/target/test-dir/MiniOzoneClusterImpl-280c06ed-bcb5-4979-9226-67616719d9ed/datanode-3/data/ratis/cb92b45f-c7c4-47c4-880a-22a2006e1636 has been successfully formatted.
2019-09-20 10:25:21,096 [pool-346-thread-1] INFO  ratis.ContainerStateMachine (ContainerStateMachine.java:loadSnapshot(226)) - group-22A2006E1636: The snapshot info is null. Setting the last applied indexto:(t:0, i:~)
2019-09-20 10:25:21,096 [pool-346-thread-1] INFO  server.RaftServerConfigKeys (ConfUtils.java:logGet(43)) - raft.server.leader.election.timeout = 120s (custom)
2019-09-20 10:25:21,096 [pool-346-thread-1] INFO  server.RaftServerConfigKeys (ConfUtils.java:logGet(43)) - raft.server.log.use.memory = false (default)
2019-09-20 10:25:21,096 [pool-346-thread-1] INFO  server.RaftServerConfigKeys (ConfUtils.java:logGet(43)) - raft.server.log.purge.gap = 1000000 (custom)
2019-09-20 10:25:21,096 [pool-346-thread-1] INFO  server.RaftServerConfigKeys (ConfUtils.java:logGet(43)) - raft.server.log.appender.buffer.byte-limit = 33554432 (custom)
2019-09-20 10:25:21,097 [pool-346-thread-1] INFO  server.RaftServerConfigKeys (ConfUtils.java:logGet(43)) - raft.server.log.segment.size.max = 1048576 (custom)
2019-09-20 10:25:21,097 [pool-346-thread-1] INFO  server.RaftServerConfigKeys (ConfUtils.java:logGet(43)) - raft.server.log.segment.cache.num.max = 2 (custom)
2019-09-20 10:25:21,097 [pool-346-thread-1] INFO  segmented.SegmentedRaftLogWorker (SegmentedRaftLogWorker.java:<init>(172)) - new 1bfb6844-04ed-4104-839b-60e510b6bb68-SegmentedRaftLogWorker:Storage Directory /workdir/hadoop-ozone/integration-test/target/test-dir/MiniOzoneClusterImpl-280c06ed-bcb5-4979-9226-67616719d9ed/datanode-3/data/ratis/cb92b45f-c7c4-47c4-880a-22a2006e1636 for RaftStorage:Storage Directory /workdir/hadoop-ozone/integration-test/target/test-dir/MiniOzoneClusterImpl-280c06ed-bcb5-4979-9226-67616719d9ed/datanode-3/data/ratis/cb92b45f-c7c4-47c4-880a-22a2006e1636
2019-09-20 10:25:21,097 [pool-346-thread-1] INFO  server.RaftServerConfigKeys (ConfUtils.java:logGet(43)) - raft.server.log.queue.byte-limit = 2147483647 (custom)
2019-09-20 10:25:21,097 [pool-346-thread-1] INFO  server.RaftServerConfigKeys (ConfUtils.java:logGet(43)) - raft.server.log.queue.element-limit = 1024 (custom)
2019-09-20 10:25:21,097 [pool-346-thread-1] INFO  server.RaftServerConfigKeys (ConfUtils.java:logGet(43)) - raft.server.log.segment.size.max = 1048576 (custom)
2019-09-20 10:25:21,098 [pool-346-thread-1] INFO  server.RaftServerConfigKeys (ConfUtils.java:logGet(43)) - raft.server.log.preallocated.size = 16384 (custom)
2019-09-20 10:25:21,098 [pool-346-thread-1] INFO  server.RaftServerConfigKeys (ConfUtils.java:logGet(43)) - raft.server.log.write.buffer.size = 33554432 (custom)
2019-09-20 10:25:21,098 [pool-346-thread-1] INFO  server.RaftServerConfigKeys (ConfUtils.java:logGet(43)) - raft.server.log.force.sync.num = 128 (default)
2019-09-20 10:25:21,098 [pool-346-thread-1] INFO  server.RaftServerConfigKeys (ConfUtils.java:logGet(43)) - raft.server.log.statemachine.data.sync = true (default)
2019-09-20 10:25:21,098 [pool-346-thread-1] INFO  server.RaftServerConfigKeys (ConfUtils.java:logGet(43)) - raft.server.log.statemachine.data.sync.timeout = 10s (default)
2019-09-20 10:25:21,098 [pool-346-thread-1] INFO  server.RaftServerConfigKeys (ConfUtils.java:logGet(43)) - raft.server.log.statemachine.data.sync.timeout.retry = -1 (default)
2019-09-20 10:25:21,099 [pool-346-thread-1] INFO  server.RaftServerConfigKeys (ConfUtils.java:logGet(43)) - raft.server.log.statemachine.data.caching.enabled = true (custom)
2019-09-20 10:25:21,099 [pool-346-thread-1] INFO  segmented.SegmentedRaftLogWorker (SegmentedRaftLogWorker.java:lambda$new$0(132)) - 1bfb6844-04ed-4104-839b-60e510b6bb68-SegmentedRaftLogWorker:Storage Directory /workdir/hadoop-ozone/integration-test/target/test-dir/MiniOzoneClusterImpl-280c06ed-bcb5-4979-9226-67616719d9ed/datanode-3/data/ratis/cb92b45f-c7c4-47c4-880a-22a2006e1636: flushIndex: setUnconditionally 0 -> -1
2019-09-20 10:25:21,099 [pool-346-thread-1] INFO  server.RaftServerConfigKeys (ConfUtils.java:logGet(43)) - raft.server.snapshot.auto.trigger.enabled = true (custom)
2019-09-20 10:25:21,100 [pool-346-thread-1] INFO  server.RaftServerConfigKeys (ConfUtils.java:logGet(43)) - raft.server.snapshot.auto.trigger.threshold = 10000 (custom)
2019-09-20 10:25:21,100 [pool-346-thread-1] INFO  server.RaftServerConfigKeys (ConfUtils.java:logGet(43)) - raft.server.retrycache.expirytime = 600000ms (custom)
2019-09-20 10:25:21,100 [pool-346-thread-1] INFO  impl.RaftServerImpl (RaftServerImpl.java:start(180)) - 1bfb6844-04ed-4104-839b-60e510b6bb68: start group-22A2006E1636
2019-09-20 10:25:21,100 [pool-346-thread-1] INFO  impl.RaftServerImpl (RaftServerImpl.java:setRole(171)) - 1bfb6844-04ed-4104-839b-60e510b6bb68:group-22A2006E1636 changes role from null to FOLLOWER at term 0 for startAsFollower
2019-09-20 10:25:21,100 [pool-346-thread-1] INFO  impl.RoleInfo (RoleInfo.java:updateAndGet(143)) - 1bfb6844-04ed-4104-839b-60e510b6bb68: start FollowerState
2019-09-20 10:25:21,101 [pool-346-thread-1] INFO  util.JmxRegister (JmxRegister.java:tryRegister(44)) - Successfully registered JMX Bean with object name Ratis:service=RaftServer,group=group-22A2006E1636,id=1bfb6844-04ed-4104-839b-60e510b6bb68
2019-09-20 10:25:21,104 [RatisPipelineUtilsThread] INFO  pipeline.PipelineStateManager (PipelineStateManager.java:addPipeline(56)) - Created pipeline Pipeline[ Id: cb92b45f-c7c4-47c4-880a-22a2006e1636, Nodes: 1bfb6844-04ed-4104-839b-60e510b6bb68{ip: 192.168.36.99, host: pr-hdds-1569-p5fx8-1226042367, networkLocation: /default-rack, certSerialId: null}, Type:RATIS, Factor:ONE, State:OPEN]
2019-09-20 10:25:21,105 [RatisPipelineUtilsThread] INFO  pipeline.PipelinePlacementPolicy (PipelinePlacementPolicy.java:meetCriteria(91)) - Pipeline Placement: Doesn't meet the criteria to be viable node： 99153be1-ba81-4c7b-b6ab-4442760615cb Heaviness: 6 limit: 5
2019-09-20 10:25:21,105 [RatisPipelineUtilsThread] INFO  pipeline.PipelinePlacementPolicy (PipelinePlacementPolicy.java:meetCriteria(91)) - Pipeline Placement: Doesn't meet the criteria to be viable node： e29464ab-17d7-4a4e-ab54-c178fccc723c Heaviness: 6 limit: 5
2019-09-20 10:25:21,105 [RatisPipelineUtilsThread] INFO  pipeline.PipelinePlacementPolicy (PipelinePlacementPolicy.java:meetCriteria(91)) - Pipeline Placement: Doesn't meet the criteria to be viable node： fac63c4b-287e-453e-9ac7-8c8c283fdab7 Heaviness: 6 limit: 5
2019-09-20 10:25:21,111 [grpc-default-executor-4] INFO  impl.RaftServerProxy (RaftServerProxy.java:addNew(89)) - 1bfb6844-04ed-4104-839b-60e510b6bb68: addNew group-9C7B24CF797E:[1bfb6844-04ed-4104-839b-60e510b6bb68:192.168.36.99:44647] returns group-9C7B24CF797E:java.util.concurrent.CompletableFuture@7984d5d0[Not completed]
2019-09-20 10:25:21,112 [pool-346-thread-1] INFO  impl.RaftServerImpl (RaftServerImpl.java:<init>(93)) - 1bfb6844-04ed-4104-839b-60e510b6bb68: new RaftServerImpl for group-9C7B24CF797E:[1bfb6844-04ed-4104-839b-60e510b6bb68:192.168.36.99:44647] with ContainerStateMachine:uninitialized
2019-09-20 10:25:21,112 [pool-346-thread-1] INFO  server.RaftServerConfigKeys (ConfUtils.java:logGet(43)) - raft.server.rpc.timeout.min = 5s (custom)
2019-09-20 10:25:21,112 [pool-346-thread-1] INFO  server.RaftServerConfigKeys (ConfUtils.java:logGet(43)) - raft.server.rpc.timeout.max = 5200ms (custom)
2019-09-20 10:25:21,112 [pool-346-thread-1] INFO  server.RaftServerConfigKeys (ConfUtils.java:logGet(43)) - raft.server.rpcslowness.timeout = 120s (custom)
2019-09-20 10:25:21,113 [pool-346-thread-1] INFO  server.RaftServerConfigKeys (ConfUtils.java:logGet(43)) - raft.server.sleep.deviation.threshold = 300 (default)
2019-09-20 10:25:21,113 [pool-346-thread-1] INFO  server.RaftServerConfigKeys (ConfUtils.java:logGet(43)) - raft.server.log.appender.install.snapshot.enabled = false (custom)
2019-09-20 10:25:21,113 [pool-346-thread-1] INFO  impl.RaftServerImpl (ServerState.java:<init>(105)) - 1bfb6844-04ed-4104-839b-60e510b6bb68:group-9C7B24CF797E ConfigurationManager, init=-1: [1bfb6844-04ed-4104-839b-60e510b6bb68:192.168.36.99:44647], old=null, confs=<EMPTY_MAP>
2019-09-20 10:25:21,113 [pool-346-thread-1] INFO  server.RaftServerConfigKeys (ConfUtils.java:logGet(43)) - raft.server.storage.dir = [/workdir/hadoop-ozone/integration-test/target/test-dir/MiniOzoneClusterImpl-280c06ed-bcb5-4979-9226-67616719d9ed/datanode-3/data/ratis] (custom)
2019-09-20 10:25:21,113 [pool-346-thread-1] INFO  storage.RaftStorageDirectory (RaftStorageDirectory.java:analyzeStorage(246)) - The storage directory /workdir/hadoop-ozone/integration-test/target/test-dir/MiniOzoneClusterImpl-280c06ed-bcb5-4979-9226-67616719d9ed/datanode-3/data/ratis/114a629f-cda6-4987-82ab-9c7b24cf797e does not exist. Creating ...
2019-09-20 10:25:21,120 [IPC Server handler 11 on 33175] INFO  net.NetworkTopology (NetworkTopologyImpl.java:add(110)) - Added a new node: /default-rack/075fa85b-703c-4900-807d-88f08b36438a
2019-09-20 10:25:21,120 [IPC Server handler 11 on 33175] INFO  node.SCMNodeManager (SCMNodeManager.java:register(273)) - Registered Data node : 075fa85b-703c-4900-807d-88f08b36438a{ip: 192.168.36.99, host: pr-hdds-1569-p5fx8-1226042367, networkLocation: /default-rack, certSerialId: null}
2019-09-20 10:25:21,120 | INFO  | SCMAudit | user=jenkins1000 | ip=192.168.36.99 | op=REGISTER {datanodeDetails=075fa85b-703c-4900-807d-88f08b36438a{ip: 192.168.36.99, host: pr-hdds-1569-p5fx8-1226042367, networkLocation: /default-rack, certSerialId: null}} | ret=SUCCESS |  
2019-09-20 10:25:21,137 [pool-346-thread-1] INFO  storage.RaftStorageDirectory (RaftStorageDirectory.java:tryLock(328)) - Lock on /workdir/hadoop-ozone/integration-test/target/test-dir/MiniOzoneClusterImpl-280c06ed-bcb5-4979-9226-67616719d9ed/datanode-3/data/ratis/114a629f-cda6-4987-82ab-9c7b24cf797e/in_use.lock acquired by nodename 28506@pr-hdds-1569-p5fx8-1226042367
2019-09-20 10:25:21,163 [pool-346-thread-1] INFO  storage.RaftStorage (RaftStorage.java:format(72)) - Storage directory /workdir/hadoop-ozone/integration-test/target/test-dir/MiniOzoneClusterImpl-280c06ed-bcb5-4979-9226-67616719d9ed/datanode-3/data/ratis/114a629f-cda6-4987-82ab-9c7b24cf797e has been successfully formatted.
2019-09-20 10:25:21,163 [pool-346-thread-1] INFO  ratis.ContainerStateMachine (ContainerStateMachine.java:loadSnapshot(226)) - group-9C7B24CF797E: The snapshot info is null. Setting the last applied indexto:(t:0, i:~)
2019-09-20 10:25:21,163 [pool-346-thread-1] INFO  server.RaftServerConfigKeys (ConfUtils.java:logGet(43)) - raft.server.leader.election.timeout = 120s (custom)
2019-09-20 10:25:21,163 [pool-346-thread-1] INFO  server.RaftServerConfigKeys (ConfUtils.java:logGet(43)) - raft.server.log.use.memory = false (default)
2019-09-20 10:25:21,164 [pool-346-thread-1] INFO  server.RaftServerConfigKeys (ConfUtils.java:logGet(43)) - raft.server.log.purge.gap = 1000000 (custom)
2019-09-20 10:25:21,164 [pool-346-thread-1] INFO  server.RaftServerConfigKeys (ConfUtils.java:logGet(43)) - raft.server.log.appender.buffer.byte-limit = 33554432 (custom)
2019-09-20 10:25:21,164 [pool-346-thread-1] INFO  server.RaftServerConfigKeys (ConfUtils.java:logGet(43)) - raft.server.log.segment.size.max = 1048576 (custom)
2019-09-20 10:25:21,164 [pool-346-thread-1] INFO  server.RaftServerConfigKeys (ConfUtils.java:logGet(43)) - raft.server.log.segment.cache.num.max = 2 (custom)
2019-09-20 10:25:21,164 [pool-346-thread-1] INFO  segmented.SegmentedRaftLogWorker (SegmentedRaftLogWorker.java:<init>(172)) - new 1bfb6844-04ed-4104-839b-60e510b6bb68-SegmentedRaftLogWorker:Storage Directory /workdir/hadoop-ozone/integration-test/target/test-dir/MiniOzoneClusterImpl-280c06ed-bcb5-4979-9226-67616719d9ed/datanode-3/data/ratis/114a629f-cda6-4987-82ab-9c7b24cf797e for RaftStorage:Storage Directory /workdir/hadoop-ozone/integration-test/target/test-dir/MiniOzoneClusterImpl-280c06ed-bcb5-4979-9226-67616719d9ed/datanode-3/data/ratis/114a629f-cda6-4987-82ab-9c7b24cf797e
2019-09-20 10:25:21,165 [pool-346-thread-1] INFO  server.RaftServerConfigKeys (ConfUtils.java:logGet(43)) - raft.server.log.queue.byte-limit = 2147483647 (custom)
2019-09-20 10:25:21,165 [pool-346-thread-1] INFO  server.RaftServerConfigKeys (ConfUtils.java:logGet(43)) - raft.server.log.queue.element-limit = 1024 (custom)
2019-09-20 10:25:21,165 [pool-346-thread-1] INFO  server.RaftServerConfigKeys (ConfUtils.java:logGet(43)) - raft.server.log.segment.size.max = 1048576 (custom)
2019-09-20 10:25:21,165 [pool-346-thread-1] INFO  server.RaftServerConfigKeys (ConfUtils.java:logGet(43)) - raft.server.log.preallocated.size = 16384 (custom)
2019-09-20 10:25:21,165 [pool-346-thread-1] INFO  server.RaftServerConfigKeys (ConfUtils.java:logGet(43)) - raft.server.log.write.buffer.size = 33554432 (custom)
2019-09-20 10:25:21,165 [pool-346-thread-1] INFO  server.RaftServerConfigKeys (ConfUtils.java:logGet(43)) - raft.server.log.force.sync.num = 128 (default)
2019-09-20 10:25:21,166 [pool-346-thread-1] INFO  server.RaftServerConfigKeys (ConfUtils.java:logGet(43)) - raft.server.log.statemachine.data.sync = true (default)
2019-09-20 10:25:21,166 [pool-346-thread-1] INFO  server.RaftServerConfigKeys (ConfUtils.java:logGet(43)) - raft.server.log.statemachine.data.sync.timeout = 10s (default)
2019-09-20 10:25:21,166 [pool-346-thread-1] INFO  server.RaftServerConfigKeys (ConfUtils.java:logGet(43)) - raft.server.log.statemachine.data.sync.timeout.retry = -1 (default)
2019-09-20 10:25:21,166 [pool-346-thread-1] INFO  server.RaftServerConfigKeys (ConfUtils.java:logGet(43)) - raft.server.log.statemachine.data.caching.enabled = true (custom)
2019-09-20 10:25:21,167 [pool-346-thread-1] INFO  segmented.SegmentedRaftLogWorker (SegmentedRaftLogWorker.java:lambda$new$0(132)) - 1bfb6844-04ed-4104-839b-60e510b6bb68-SegmentedRaftLogWorker:Storage Directory /workdir/hadoop-ozone/integration-test/target/test-dir/MiniOzoneClusterImpl-280c06ed-bcb5-4979-9226-67616719d9ed/datanode-3/data/ratis/114a629f-cda6-4987-82ab-9c7b24cf797e: flushIndex: setUnconditionally 0 -> -1
2019-09-20 10:25:21,167 [pool-346-thread-1] INFO  server.RaftServerConfigKeys (ConfUtils.java:logGet(43)) - raft.server.snapshot.auto.trigger.enabled = true (custom)
2019-09-20 10:25:21,167 [pool-346-thread-1] INFO  server.RaftServerConfigKeys (ConfUtils.java:logGet(43)) - raft.server.snapshot.auto.trigger.threshold = 10000 (custom)
2019-09-20 10:25:21,167 [pool-346-thread-1] INFO  server.RaftServerConfigKeys (ConfUtils.java:logGet(43)) - raft.server.retrycache.expirytime = 600000ms (custom)
2019-09-20 10:25:21,168 [pool-346-thread-1] INFO  impl.RaftServerImpl (RaftServerImpl.java:start(180)) - 1bfb6844-04ed-4104-839b-60e510b6bb68: start group-9C7B24CF797E
2019-09-20 10:25:21,168 [pool-346-thread-1] INFO  impl.RaftServerImpl (RaftServerImpl.java:setRole(171)) - 1bfb6844-04ed-4104-839b-60e510b6bb68:group-9C7B24CF797E changes role from null to FOLLOWER at term 0 for startAsFollower
2019-09-20 10:25:21,168 [pool-346-thread-1] INFO  impl.RoleInfo (RoleInfo.java:updateAndGet(143)) - 1bfb6844-04ed-4104-839b-60e510b6bb68: start FollowerState
2019-09-20 10:25:21,169 [pool-346-thread-1] INFO  util.JmxRegister (JmxRegister.java:tryRegister(44)) - Successfully registered JMX Bean with object name Ratis:service=RaftServer,group=group-9C7B24CF797E,id=1bfb6844-04ed-4104-839b-60e510b6bb68
2019-09-20 10:25:21,172 [RatisPipelineUtilsThread] INFO  pipeline.PipelineStateManager (PipelineStateManager.java:addPipeline(56)) - Created pipeline Pipeline[ Id: 114a629f-cda6-4987-82ab-9c7b24cf797e, Nodes: 1bfb6844-04ed-4104-839b-60e510b6bb68{ip: 192.168.36.99, host: pr-hdds-1569-p5fx8-1226042367, networkLocation: /default-rack, certSerialId: null}, Type:RATIS, Factor:ONE, State:OPEN]
2019-09-20 10:25:21,172 [RatisPipelineUtilsThread] INFO  pipeline.PipelinePlacementPolicy (PipelinePlacementPolicy.java:meetCriteria(91)) - Pipeline Placement: Doesn't meet the criteria to be viable node： 99153be1-ba81-4c7b-b6ab-4442760615cb Heaviness: 6 limit: 5
2019-09-20 10:25:21,172 [RatisPipelineUtilsThread] INFO  pipeline.PipelinePlacementPolicy (PipelinePlacementPolicy.java:meetCriteria(91)) - Pipeline Placement: Doesn't meet the criteria to be viable node： e29464ab-17d7-4a4e-ab54-c178fccc723c Heaviness: 6 limit: 5
2019-09-20 10:25:21,172 [RatisPipelineUtilsThread] INFO  pipeline.PipelinePlacementPolicy (PipelinePlacementPolicy.java:meetCriteria(91)) - Pipeline Placement: Doesn't meet the criteria to be viable node： fac63c4b-287e-453e-9ac7-8c8c283fdab7 Heaviness: 6 limit: 5
2019-09-20 10:25:21,177 [grpc-default-executor-4] INFO  impl.RaftServerProxy (RaftServerProxy.java:addNew(89)) - 1bfb6844-04ed-4104-839b-60e510b6bb68: addNew group-127086B3354F:[1bfb6844-04ed-4104-839b-60e510b6bb68:192.168.36.99:44647] returns group-127086B3354F:java.util.concurrent.CompletableFuture@155eb845[Not completed]
2019-09-20 10:25:21,179 [pool-346-thread-1] INFO  impl.RaftServerImpl (RaftServerImpl.java:<init>(93)) - 1bfb6844-04ed-4104-839b-60e510b6bb68: new RaftServerImpl for group-127086B3354F:[1bfb6844-04ed-4104-839b-60e510b6bb68:192.168.36.99:44647] with ContainerStateMachine:uninitialized
2019-09-20 10:25:21,179 [pool-346-thread-1] INFO  server.RaftServerConfigKeys (ConfUtils.java:logGet(43)) - raft.server.rpc.timeout.min = 5s (custom)
2019-09-20 10:25:21,179 [pool-346-thread-1] INFO  server.RaftServerConfigKeys (ConfUtils.java:logGet(43)) - raft.server.rpc.timeout.max = 5200ms (custom)
2019-09-20 10:25:21,179 [pool-346-thread-1] INFO  server.RaftServerConfigKeys (ConfUtils.java:logGet(43)) - raft.server.rpcslowness.timeout = 120s (custom)
2019-09-20 10:25:21,180 [pool-346-thread-1] INFO  server.RaftServerConfigKeys (ConfUtils.java:logGet(43)) - raft.server.sleep.deviation.threshold = 300 (default)
2019-09-20 10:25:21,180 [pool-346-thread-1] INFO  server.RaftServerConfigKeys (ConfUtils.java:logGet(43)) - raft.server.log.appender.install.snapshot.enabled = false (custom)
2019-09-20 10:25:21,180 [pool-346-thread-1] INFO  impl.RaftServerImpl (ServerState.java:<init>(105)) - 1bfb6844-04ed-4104-839b-60e510b6bb68:group-127086B3354F ConfigurationManager, init=-1: [1bfb6844-04ed-4104-839b-60e510b6bb68:192.168.36.99:44647], old=null, confs=<EMPTY_MAP>
2019-09-20 10:25:21,180 [pool-346-thread-1] INFO  server.RaftServerConfigKeys (ConfUtils.java:logGet(43)) - raft.server.storage.dir = [/workdir/hadoop-ozone/integration-test/target/test-dir/MiniOzoneClusterImpl-280c06ed-bcb5-4979-9226-67616719d9ed/datanode-3/data/ratis] (custom)
2019-09-20 10:25:21,180 [pool-346-thread-1] INFO  storage.RaftStorageDirectory (RaftStorageDirectory.java:analyzeStorage(246)) - The storage directory /workdir/hadoop-ozone/integration-test/target/test-dir/MiniOzoneClusterImpl-280c06ed-bcb5-4979-9226-67616719d9ed/datanode-3/data/ratis/a7d1308a-1383-4265-9797-127086b3354f does not exist. Creating ...
2019-09-20 10:25:21,205 [pool-346-thread-1] INFO  storage.RaftStorageDirectory (RaftStorageDirectory.java:tryLock(328)) - Lock on /workdir/hadoop-ozone/integration-test/target/test-dir/MiniOzoneClusterImpl-280c06ed-bcb5-4979-9226-67616719d9ed/datanode-3/data/ratis/a7d1308a-1383-4265-9797-127086b3354f/in_use.lock acquired by nodename 28506@pr-hdds-1569-p5fx8-1226042367
2019-09-20 10:25:21,238 [pool-346-thread-1] INFO  storage.RaftStorage (RaftStorage.java:format(72)) - Storage directory /workdir/hadoop-ozone/integration-test/target/test-dir/MiniOzoneClusterImpl-280c06ed-bcb5-4979-9226-67616719d9ed/datanode-3/data/ratis/a7d1308a-1383-4265-9797-127086b3354f has been successfully formatted.
2019-09-20 10:25:21,239 [pool-346-thread-1] INFO  ratis.ContainerStateMachine (ContainerStateMachine.java:loadSnapshot(226)) - group-127086B3354F: The snapshot info is null. Setting the last applied indexto:(t:0, i:~)
2019-09-20 10:25:21,239 [pool-346-thread-1] INFO  server.RaftServerConfigKeys (ConfUtils.java:logGet(43)) - raft.server.leader.election.timeout = 120s (custom)
2019-09-20 10:25:21,239 [pool-346-thread-1] INFO  server.RaftServerConfigKeys (ConfUtils.java:logGet(43)) - raft.server.log.use.memory = false (default)
2019-09-20 10:25:21,239 [pool-346-thread-1] INFO  server.RaftServerConfigKeys (ConfUtils.java:logGet(43)) - raft.server.log.purge.gap = 1000000 (custom)
2019-09-20 10:25:21,239 [pool-346-thread-1] INFO  server.RaftServerConfigKeys (ConfUtils.java:logGet(43)) - raft.server.log.appender.buffer.byte-limit = 33554432 (custom)
2019-09-20 10:25:21,240 [pool-346-thread-1] INFO  server.RaftServerConfigKeys (ConfUtils.java:logGet(43)) - raft.server.log.segment.size.max = 1048576 (custom)
2019-09-20 10:25:21,240 [pool-346-thread-1] INFO  server.RaftServerConfigKeys (ConfUtils.java:logGet(43)) - raft.server.log.segment.cache.num.max = 2 (custom)
2019-09-20 10:25:21,240 [pool-346-thread-1] INFO  segmented.SegmentedRaftLogWorker (SegmentedRaftLogWorker.java:<init>(172)) - new 1bfb6844-04ed-4104-839b-60e510b6bb68-SegmentedRaftLogWorker:Storage Directory /workdir/hadoop-ozone/integration-test/target/test-dir/MiniOzoneClusterImpl-280c06ed-bcb5-4979-9226-67616719d9ed/datanode-3/data/ratis/a7d1308a-1383-4265-9797-127086b3354f for RaftStorage:Storage Directory /workdir/hadoop-ozone/integration-test/target/test-dir/MiniOzoneClusterImpl-280c06ed-bcb5-4979-9226-67616719d9ed/datanode-3/data/ratis/a7d1308a-1383-4265-9797-127086b3354f
2019-09-20 10:25:21,240 [pool-346-thread-1] INFO  server.RaftServerConfigKeys (ConfUtils.java:logGet(43)) - raft.server.log.queue.byte-limit = 2147483647 (custom)
2019-09-20 10:25:21,240 [pool-346-thread-1] INFO  server.RaftServerConfigKeys (ConfUtils.java:logGet(43)) - raft.server.log.queue.element-limit = 1024 (custom)
2019-09-20 10:25:21,241 [pool-346-thread-1] INFO  server.RaftServerConfigKeys (ConfUtils.java:logGet(43)) - raft.server.log.segment.size.max = 1048576 (custom)
2019-09-20 10:25:21,241 [pool-346-thread-1] INFO  server.RaftServerConfigKeys (ConfUtils.java:logGet(43)) - raft.server.log.preallocated.size = 16384 (custom)
2019-09-20 10:25:21,241 [pool-346-thread-1] INFO  server.RaftServerConfigKeys (ConfUtils.java:logGet(43)) - raft.server.log.write.buffer.size = 33554432 (custom)
2019-09-20 10:25:21,241 [pool-346-thread-1] INFO  server.RaftServerConfigKeys (ConfUtils.java:logGet(43)) - raft.server.log.force.sync.num = 128 (default)
2019-09-20 10:25:21,241 [pool-346-thread-1] INFO  server.RaftServerConfigKeys (ConfUtils.java:logGet(43)) - raft.server.log.statemachine.data.sync = true (default)
2019-09-20 10:25:21,241 [pool-346-thread-1] INFO  server.RaftServerConfigKeys (ConfUtils.java:logGet(43)) - raft.server.log.statemachine.data.sync.timeout = 10s (default)
2019-09-20 10:25:21,241 [pool-346-thread-1] INFO  server.RaftServerConfigKeys (ConfUtils.java:logGet(43)) - raft.server.log.statemachine.data.sync.timeout.retry = -1 (default)
2019-09-20 10:25:21,242 [pool-346-thread-1] INFO  server.RaftServerConfigKeys (ConfUtils.java:logGet(43)) - raft.server.log.statemachine.data.caching.enabled = true (custom)
2019-09-20 10:25:21,242 [pool-346-thread-1] INFO  segmented.SegmentedRaftLogWorker (SegmentedRaftLogWorker.java:lambda$new$0(132)) - 1bfb6844-04ed-4104-839b-60e510b6bb68-SegmentedRaftLogWorker:Storage Directory /workdir/hadoop-ozone/integration-test/target/test-dir/MiniOzoneClusterImpl-280c06ed-bcb5-4979-9226-67616719d9ed/datanode-3/data/ratis/a7d1308a-1383-4265-9797-127086b3354f: flushIndex: setUnconditionally 0 -> -1
2019-09-20 10:25:21,242 [pool-346-thread-1] INFO  server.RaftServerConfigKeys (ConfUtils.java:logGet(43)) - raft.server.snapshot.auto.trigger.enabled = true (custom)
2019-09-20 10:25:21,243 [pool-346-thread-1] INFO  server.RaftServerConfigKeys (ConfUtils.java:logGet(43)) - raft.server.snapshot.auto.trigger.threshold = 10000 (custom)
2019-09-20 10:25:21,243 [pool-346-thread-1] INFO  server.RaftServerConfigKeys (ConfUtils.java:logGet(43)) - raft.server.retrycache.expirytime = 600000ms (custom)
2019-09-20 10:25:21,243 [pool-346-thread-1] INFO  impl.RaftServerImpl (RaftServerImpl.java:start(180)) - 1bfb6844-04ed-4104-839b-60e510b6bb68: start group-127086B3354F
2019-09-20 10:25:21,243 [pool-346-thread-1] INFO  impl.RaftServerImpl (RaftServerImpl.java:setRole(171)) - 1bfb6844-04ed-4104-839b-60e510b6bb68:group-127086B3354F changes role from null to FOLLOWER at term 0 for startAsFollower
2019-09-20 10:25:21,243 [pool-346-thread-1] INFO  impl.RoleInfo (RoleInfo.java:updateAndGet(143)) - 1bfb6844-04ed-4104-839b-60e510b6bb68: start FollowerState
2019-09-20 10:25:21,244 [pool-346-thread-1] INFO  util.JmxRegister (JmxRegister.java:tryRegister(44)) - Successfully registered JMX Bean with object name Ratis:service=RaftServer,group=group-127086B3354F,id=1bfb6844-04ed-4104-839b-60e510b6bb68
2019-09-20 10:25:21,248 [RatisPipelineUtilsThread] INFO  pipeline.PipelineStateManager (PipelineStateManager.java:addPipeline(56)) - Created pipeline Pipeline[ Id: a7d1308a-1383-4265-9797-127086b3354f, Nodes: 1bfb6844-04ed-4104-839b-60e510b6bb68{ip: 192.168.36.99, host: pr-hdds-1569-p5fx8-1226042367, networkLocation: /default-rack, certSerialId: null}, Type:RATIS, Factor:ONE, State:OPEN]
2019-09-20 10:25:21,248 [RatisPipelineUtilsThread] INFO  pipeline.PipelinePlacementPolicy (PipelinePlacementPolicy.java:meetCriteria(91)) - Pipeline Placement: Doesn't meet the criteria to be viable node： 99153be1-ba81-4c7b-b6ab-4442760615cb Heaviness: 6 limit: 5
2019-09-20 10:25:21,248 [RatisPipelineUtilsThread] INFO  pipeline.PipelinePlacementPolicy (PipelinePlacementPolicy.java:meetCriteria(91)) - Pipeline Placement: Doesn't meet the criteria to be viable node： e29464ab-17d7-4a4e-ab54-c178fccc723c Heaviness: 6 limit: 5
2019-09-20 10:25:21,248 [RatisPipelineUtilsThread] INFO  pipeline.PipelinePlacementPolicy (PipelinePlacementPolicy.java:meetCriteria(91)) - Pipeline Placement: Doesn't meet the criteria to be viable node： fac63c4b-287e-453e-9ac7-8c8c283fdab7 Heaviness: 6 limit: 5
2019-09-20 10:25:21,254 [grpc-default-executor-4] INFO  impl.RaftServerProxy (RaftServerProxy.java:addNew(89)) - 1bfb6844-04ed-4104-839b-60e510b6bb68: addNew group-55F61A620423:[1bfb6844-04ed-4104-839b-60e510b6bb68:192.168.36.99:44647] returns group-55F61A620423:java.util.concurrent.CompletableFuture@5316de75[Not completed]
2019-09-20 10:25:21,256 [pool-346-thread-1] INFO  impl.RaftServerImpl (RaftServerImpl.java:<init>(93)) - 1bfb6844-04ed-4104-839b-60e510b6bb68: new RaftServerImpl for group-55F61A620423:[1bfb6844-04ed-4104-839b-60e510b6bb68:192.168.36.99:44647] with ContainerStateMachine:uninitialized
2019-09-20 10:25:21,256 [pool-346-thread-1] INFO  server.RaftServerConfigKeys (ConfUtils.java:logGet(43)) - raft.server.rpc.timeout.min = 5s (custom)
2019-09-20 10:25:21,256 [pool-346-thread-1] INFO  server.RaftServerConfigKeys (ConfUtils.java:logGet(43)) - raft.server.rpc.timeout.max = 5200ms (custom)
2019-09-20 10:25:21,256 [pool-346-thread-1] INFO  server.RaftServerConfigKeys (ConfUtils.java:logGet(43)) - raft.server.rpcslowness.timeout = 120s (custom)
2019-09-20 10:25:21,256 [pool-346-thread-1] INFO  server.RaftServerConfigKeys (ConfUtils.java:logGet(43)) - raft.server.sleep.deviation.threshold = 300 (default)
2019-09-20 10:25:21,256 [pool-346-thread-1] INFO  server.RaftServerConfigKeys (ConfUtils.java:logGet(43)) - raft.server.log.appender.install.snapshot.enabled = false (custom)
2019-09-20 10:25:21,256 [pool-346-thread-1] INFO  impl.RaftServerImpl (ServerState.java:<init>(105)) - 1bfb6844-04ed-4104-839b-60e510b6bb68:group-55F61A620423 ConfigurationManager, init=-1: [1bfb6844-04ed-4104-839b-60e510b6bb68:192.168.36.99:44647], old=null, confs=<EMPTY_MAP>
2019-09-20 10:25:21,257 [pool-346-thread-1] INFO  server.RaftServerConfigKeys (ConfUtils.java:logGet(43)) - raft.server.storage.dir = [/workdir/hadoop-ozone/integration-test/target/test-dir/MiniOzoneClusterImpl-280c06ed-bcb5-4979-9226-67616719d9ed/datanode-3/data/ratis] (custom)
2019-09-20 10:25:21,257 [pool-346-thread-1] INFO  storage.RaftStorageDirectory (RaftStorageDirectory.java:analyzeStorage(246)) - The storage directory /workdir/hadoop-ozone/integration-test/target/test-dir/MiniOzoneClusterImpl-280c06ed-bcb5-4979-9226-67616719d9ed/datanode-3/data/ratis/21ff9a42-4cf2-4e40-bc10-55f61a620423 does not exist. Creating ...
2019-09-20 10:25:21,280 [pool-346-thread-1] INFO  storage.RaftStorageDirectory (RaftStorageDirectory.java:tryLock(328)) - Lock on /workdir/hadoop-ozone/integration-test/target/test-dir/MiniOzoneClusterImpl-280c06ed-bcb5-4979-9226-67616719d9ed/datanode-3/data/ratis/21ff9a42-4cf2-4e40-bc10-55f61a620423/in_use.lock acquired by nodename 28506@pr-hdds-1569-p5fx8-1226042367
2019-09-20 10:25:21,306 [pool-346-thread-1] INFO  storage.RaftStorage (RaftStorage.java:format(72)) - Storage directory /workdir/hadoop-ozone/integration-test/target/test-dir/MiniOzoneClusterImpl-280c06ed-bcb5-4979-9226-67616719d9ed/datanode-3/data/ratis/21ff9a42-4cf2-4e40-bc10-55f61a620423 has been successfully formatted.
2019-09-20 10:25:21,306 [pool-346-thread-1] INFO  ratis.ContainerStateMachine (ContainerStateMachine.java:loadSnapshot(226)) - group-55F61A620423: The snapshot info is null. Setting the last applied indexto:(t:0, i:~)
2019-09-20 10:25:21,306 [pool-346-thread-1] INFO  server.RaftServerConfigKeys (ConfUtils.java:logGet(43)) - raft.server.leader.election.timeout = 120s (custom)
2019-09-20 10:25:21,307 [pool-346-thread-1] INFO  server.RaftServerConfigKeys (ConfUtils.java:logGet(43)) - raft.server.log.use.memory = false (default)
2019-09-20 10:25:21,307 [pool-346-thread-1] INFO  server.RaftServerConfigKeys (ConfUtils.java:logGet(43)) - raft.server.log.purge.gap = 1000000 (custom)
2019-09-20 10:25:21,307 [pool-346-thread-1] INFO  server.RaftServerConfigKeys (ConfUtils.java:logGet(43)) - raft.server.log.appender.buffer.byte-limit = 33554432 (custom)
2019-09-20 10:25:21,307 [pool-346-thread-1] INFO  server.RaftServerConfigKeys (ConfUtils.java:logGet(43)) - raft.server.log.segment.size.max = 1048576 (custom)
2019-09-20 10:25:21,307 [pool-346-thread-1] INFO  server.RaftServerConfigKeys (ConfUtils.java:logGet(43)) - raft.server.log.segment.cache.num.max = 2 (custom)
2019-09-20 10:25:21,307 [pool-346-thread-1] INFO  segmented.SegmentedRaftLogWorker (SegmentedRaftLogWorker.java:<init>(172)) - new 1bfb6844-04ed-4104-839b-60e510b6bb68-SegmentedRaftLogWorker:Storage Directory /workdir/hadoop-ozone/integration-test/target/test-dir/MiniOzoneClusterImpl-280c06ed-bcb5-4979-9226-67616719d9ed/datanode-3/data/ratis/21ff9a42-4cf2-4e40-bc10-55f61a620423 for RaftStorage:Storage Directory /workdir/hadoop-ozone/integration-test/target/test-dir/MiniOzoneClusterImpl-280c06ed-bcb5-4979-9226-67616719d9ed/datanode-3/data/ratis/21ff9a42-4cf2-4e40-bc10-55f61a620423
2019-09-20 10:25:21,308 [pool-346-thread-1] INFO  server.RaftServerConfigKeys (ConfUtils.java:logGet(43)) - raft.server.log.queue.byte-limit = 2147483647 (custom)
2019-09-20 10:25:21,308 [pool-346-thread-1] INFO  server.RaftServerConfigKeys (ConfUtils.java:logGet(43)) - raft.server.log.queue.element-limit = 1024 (custom)
2019-09-20 10:25:21,308 [pool-346-thread-1] INFO  server.RaftServerConfigKeys (ConfUtils.java:logGet(43)) - raft.server.log.segment.size.max = 1048576 (custom)
2019-09-20 10:25:21,308 [pool-346-thread-1] INFO  server.RaftServerConfigKeys (ConfUtils.java:logGet(43)) - raft.server.log.preallocated.size = 16384 (custom)
2019-09-20 10:25:21,308 [pool-346-thread-1] INFO  server.RaftServerConfigKeys (ConfUtils.java:logGet(43)) - raft.server.log.write.buffer.size = 33554432 (custom)
2019-09-20 10:25:21,308 [pool-346-thread-1] INFO  server.RaftServerConfigKeys (ConfUtils.java:logGet(43)) - raft.server.log.force.sync.num = 128 (default)
2019-09-20 10:25:21,309 [pool-346-thread-1] INFO  server.RaftServerConfigKeys (ConfUtils.java:logGet(43)) - raft.server.log.statemachine.data.sync = true (default)
2019-09-20 10:25:21,309 [pool-346-thread-1] INFO  server.RaftServerConfigKeys (ConfUtils.java:logGet(43)) - raft.server.log.statemachine.data.sync.timeout = 10s (default)
2019-09-20 10:25:21,309 [pool-346-thread-1] INFO  server.RaftServerConfigKeys (ConfUtils.java:logGet(43)) - raft.server.log.statemachine.data.sync.timeout.retry = -1 (default)
2019-09-20 10:25:21,309 [pool-346-thread-1] INFO  server.RaftServerConfigKeys (ConfUtils.java:logGet(43)) - raft.server.log.statemachine.data.caching.enabled = true (custom)
2019-09-20 10:25:21,309 [pool-346-thread-1] INFO  segmented.SegmentedRaftLogWorker (SegmentedRaftLogWorker.java:lambda$new$0(132)) - 1bfb6844-04ed-4104-839b-60e510b6bb68-SegmentedRaftLogWorker:Storage Directory /workdir/hadoop-ozone/integration-test/target/test-dir/MiniOzoneClusterImpl-280c06ed-bcb5-4979-9226-67616719d9ed/datanode-3/data/ratis/21ff9a42-4cf2-4e40-bc10-55f61a620423: flushIndex: setUnconditionally 0 -> -1
2019-09-20 10:25:21,310 [pool-346-thread-1] INFO  server.RaftServerConfigKeys (ConfUtils.java:logGet(43)) - raft.server.snapshot.auto.trigger.enabled = true (custom)
2019-09-20 10:25:21,310 [pool-346-thread-1] INFO  server.RaftServerConfigKeys (ConfUtils.java:logGet(43)) - raft.server.snapshot.auto.trigger.threshold = 10000 (custom)
2019-09-20 10:25:21,310 [pool-346-thread-1] INFO  server.RaftServerConfigKeys (ConfUtils.java:logGet(43)) - raft.server.retrycache.expirytime = 600000ms (custom)
2019-09-20 10:25:21,310 [pool-346-thread-1] INFO  impl.RaftServerImpl (RaftServerImpl.java:start(180)) - 1bfb6844-04ed-4104-839b-60e510b6bb68: start group-55F61A620423
2019-09-20 10:25:21,311 [pool-346-thread-1] INFO  impl.RaftServerImpl (RaftServerImpl.java:setRole(171)) - 1bfb6844-04ed-4104-839b-60e510b6bb68:group-55F61A620423 changes role from null to FOLLOWER at term 0 for startAsFollower
2019-09-20 10:25:21,311 [pool-346-thread-1] INFO  impl.RoleInfo (RoleInfo.java:updateAndGet(143)) - 1bfb6844-04ed-4104-839b-60e510b6bb68: start FollowerState
2019-09-20 10:25:21,311 [pool-346-thread-1] INFO  util.JmxRegister (JmxRegister.java:tryRegister(44)) - Successfully registered JMX Bean with object name Ratis:service=RaftServer,group=group-55F61A620423,id=1bfb6844-04ed-4104-839b-60e510b6bb68
2019-09-20 10:25:21,314 [RatisPipelineUtilsThread] INFO  pipeline.PipelineStateManager (PipelineStateManager.java:addPipeline(56)) - Created pipeline Pipeline[ Id: 21ff9a42-4cf2-4e40-bc10-55f61a620423, Nodes: 1bfb6844-04ed-4104-839b-60e510b6bb68{ip: 192.168.36.99, host: pr-hdds-1569-p5fx8-1226042367, networkLocation: /default-rack, certSerialId: null}, Type:RATIS, Factor:ONE, State:OPEN]
2019-09-20 10:25:21,315 [RatisPipelineUtilsThread] INFO  pipeline.PipelinePlacementPolicy (PipelinePlacementPolicy.java:meetCriteria(91)) - Pipeline Placement: Doesn't meet the criteria to be viable node： 1bfb6844-04ed-4104-839b-60e510b6bb68 Heaviness: 6 limit: 5
2019-09-20 10:25:21,315 [RatisPipelineUtilsThread] INFO  pipeline.PipelinePlacementPolicy (PipelinePlacementPolicy.java:meetCriteria(91)) - Pipeline Placement: Doesn't meet the criteria to be viable node： 99153be1-ba81-4c7b-b6ab-4442760615cb Heaviness: 6 limit: 5
2019-09-20 10:25:21,315 [RatisPipelineUtilsThread] INFO  pipeline.PipelinePlacementPolicy (PipelinePlacementPolicy.java:meetCriteria(91)) - Pipeline Placement: Doesn't meet the criteria to be viable node： e29464ab-17d7-4a4e-ab54-c178fccc723c Heaviness: 6 limit: 5
2019-09-20 10:25:21,315 [RatisPipelineUtilsThread] INFO  pipeline.PipelinePlacementPolicy (PipelinePlacementPolicy.java:meetCriteria(91)) - Pipeline Placement: Doesn't meet the criteria to be viable node： fac63c4b-287e-453e-9ac7-8c8c283fdab7 Heaviness: 6 limit: 5
2019-09-20 10:25:21,332 [grpc-default-executor-4] INFO  impl.RaftServerProxy (RaftServerProxy.java:addNew(89)) - 075fa85b-703c-4900-807d-88f08b36438a: addNew group-B0B958123A92:[075fa85b-703c-4900-807d-88f08b36438a:192.168.36.99:38301] returns group-B0B958123A92:java.util.concurrent.CompletableFuture@8541b31[Not completed]
2019-09-20 10:25:21,333 [pool-357-thread-1] INFO  impl.RaftServerImpl (RaftServerImpl.java:<init>(93)) - 075fa85b-703c-4900-807d-88f08b36438a: new RaftServerImpl for group-B0B958123A92:[075fa85b-703c-4900-807d-88f08b36438a:192.168.36.99:38301] with ContainerStateMachine:uninitialized
2019-09-20 10:25:21,334 [pool-357-thread-1] INFO  server.RaftServerConfigKeys (ConfUtils.java:logGet(43)) - raft.server.rpc.timeout.min = 5s (custom)
2019-09-20 10:25:21,334 [pool-357-thread-1] INFO  server.RaftServerConfigKeys (ConfUtils.java:logGet(43)) - raft.server.rpc.timeout.max = 5200ms (custom)
2019-09-20 10:25:21,334 [pool-357-thread-1] INFO  server.RaftServerConfigKeys (ConfUtils.java:logGet(43)) - raft.server.rpcslowness.timeout = 120s (custom)
2019-09-20 10:25:21,334 [pool-357-thread-1] INFO  server.RaftServerConfigKeys (ConfUtils.java:logGet(43)) - raft.server.sleep.deviation.threshold = 300 (default)
2019-09-20 10:25:21,334 [pool-357-thread-1] INFO  server.RaftServerConfigKeys (ConfUtils.java:logGet(43)) - raft.server.log.appender.install.snapshot.enabled = false (custom)
2019-09-20 10:25:21,334 [pool-357-thread-1] INFO  impl.RaftServerImpl (ServerState.java:<init>(105)) - 075fa85b-703c-4900-807d-88f08b36438a:group-B0B958123A92 ConfigurationManager, init=-1: [075fa85b-703c-4900-807d-88f08b36438a:192.168.36.99:38301], old=null, confs=<EMPTY_MAP>
2019-09-20 10:25:21,334 [pool-357-thread-1] INFO  server.RaftServerConfigKeys (ConfUtils.java:logGet(43)) - raft.server.storage.dir = [/workdir/hadoop-ozone/integration-test/target/test-dir/MiniOzoneClusterImpl-280c06ed-bcb5-4979-9226-67616719d9ed/datanode-4/data/ratis] (custom)
2019-09-20 10:25:21,335 [pool-357-thread-1] INFO  storage.RaftStorageDirectory (RaftStorageDirectory.java:analyzeStorage(246)) - The storage directory /workdir/hadoop-ozone/integration-test/target/test-dir/MiniOzoneClusterImpl-280c06ed-bcb5-4979-9226-67616719d9ed/datanode-4/data/ratis/3f9e5201-15ad-42ac-83f2-b0b958123a92 does not exist. Creating ...
2019-09-20 10:25:21,364 [pool-357-thread-1] INFO  storage.RaftStorageDirectory (RaftStorageDirectory.java:tryLock(328)) - Lock on /workdir/hadoop-ozone/integration-test/target/test-dir/MiniOzoneClusterImpl-280c06ed-bcb5-4979-9226-67616719d9ed/datanode-4/data/ratis/3f9e5201-15ad-42ac-83f2-b0b958123a92/in_use.lock acquired by nodename 28506@pr-hdds-1569-p5fx8-1226042367
2019-09-20 10:25:21,368 | INFO  | SCMAudit | user=jenkins1000 | ip=192.168.36.99 | op=SEND_HEARTBEAT {datanodeUUID=fac63c4b-287e-453e-9ac7-8c8c283fdab7, command=[]} | ret=SUCCESS |  
2019-09-20 10:25:21,390 [pool-357-thread-1] INFO  storage.RaftStorage (RaftStorage.java:format(72)) - Storage directory /workdir/hadoop-ozone/integration-test/target/test-dir/MiniOzoneClusterImpl-280c06ed-bcb5-4979-9226-67616719d9ed/datanode-4/data/ratis/3f9e5201-15ad-42ac-83f2-b0b958123a92 has been successfully formatted.
2019-09-20 10:25:21,390 [pool-357-thread-1] INFO  ratis.ContainerStateMachine (ContainerStateMachine.java:loadSnapshot(226)) - group-B0B958123A92: The snapshot info is null. Setting the last applied indexto:(t:0, i:~)
2019-09-20 10:25:21,390 [pool-357-thread-1] INFO  server.RaftServerConfigKeys (ConfUtils.java:logGet(43)) - raft.server.leader.election.timeout = 120s (custom)
2019-09-20 10:25:21,391 [pool-357-thread-1] INFO  server.RaftServerConfigKeys (ConfUtils.java:logGet(43)) - raft.server.log.use.memory = false (default)
2019-09-20 10:25:21,391 [pool-357-thread-1] INFO  server.RaftServerConfigKeys (ConfUtils.java:logGet(43)) - raft.server.log.purge.gap = 1000000 (custom)
2019-09-20 10:25:21,391 [pool-357-thread-1] INFO  server.RaftServerConfigKeys (ConfUtils.java:logGet(43)) - raft.server.log.appender.buffer.byte-limit = 33554432 (custom)
2019-09-20 10:25:21,391 [pool-357-thread-1] INFO  server.RaftServerConfigKeys (ConfUtils.java:logGet(43)) - raft.server.log.segment.size.max = 1048576 (custom)
2019-09-20 10:25:21,391 [pool-357-thread-1] INFO  server.RaftServerConfigKeys (ConfUtils.java:logGet(43)) - raft.server.log.segment.cache.num.max = 2 (custom)
2019-09-20 10:25:21,391 [pool-357-thread-1] INFO  segmented.SegmentedRaftLogWorker (SegmentedRaftLogWorker.java:<init>(172)) - new 075fa85b-703c-4900-807d-88f08b36438a-SegmentedRaftLogWorker:Storage Directory /workdir/hadoop-ozone/integration-test/target/test-dir/MiniOzoneClusterImpl-280c06ed-bcb5-4979-9226-67616719d9ed/datanode-4/data/ratis/3f9e5201-15ad-42ac-83f2-b0b958123a92 for RaftStorage:Storage Directory /workdir/hadoop-ozone/integration-test/target/test-dir/MiniOzoneClusterImpl-280c06ed-bcb5-4979-9226-67616719d9ed/datanode-4/data/ratis/3f9e5201-15ad-42ac-83f2-b0b958123a92
2019-09-20 10:25:21,391 [pool-357-thread-1] INFO  server.RaftServerConfigKeys (ConfUtils.java:logGet(43)) - raft.server.log.queue.byte-limit = 2147483647 (custom)
2019-09-20 10:25:21,392 [pool-357-thread-1] INFO  server.RaftServerConfigKeys (ConfUtils.java:logGet(43)) - raft.server.log.queue.element-limit = 1024 (custom)
2019-09-20 10:25:21,392 [pool-357-thread-1] INFO  server.RaftServerConfigKeys (ConfUtils.java:logGet(43)) - raft.server.log.segment.size.max = 1048576 (custom)
2019-09-20 10:25:21,392 [pool-357-thread-1] INFO  server.RaftServerConfigKeys (ConfUtils.java:logGet(43)) - raft.server.log.preallocated.size = 16384 (custom)
2019-09-20 10:25:21,392 [pool-357-thread-1] INFO  server.RaftServerConfigKeys (ConfUtils.java:logGet(43)) - raft.server.log.write.buffer.size = 33554432 (custom)
2019-09-20 10:25:21,392 [pool-357-thread-1] INFO  server.RaftServerConfigKeys (ConfUtils.java:logGet(43)) - raft.server.log.force.sync.num = 128 (default)
2019-09-20 10:25:21,393 [pool-357-thread-1] INFO  server.RaftServerConfigKeys (ConfUtils.java:logGet(43)) - raft.server.log.statemachine.data.sync = true (default)
2019-09-20 10:25:21,393 [pool-357-thread-1] INFO  server.RaftServerConfigKeys (ConfUtils.java:logGet(43)) - raft.server.log.statemachine.data.sync.timeout = 10s (default)
2019-09-20 10:25:21,393 [pool-357-thread-1] INFO  server.RaftServerConfigKeys (ConfUtils.java:logGet(43)) - raft.server.log.statemachine.data.sync.timeout.retry = -1 (default)
2019-09-20 10:25:21,393 [pool-357-thread-1] INFO  server.RaftServerConfigKeys (ConfUtils.java:logGet(43)) - raft.server.log.statemachine.data.caching.enabled = true (custom)
2019-09-20 10:25:21,394 [pool-357-thread-1] INFO  segmented.SegmentedRaftLogWorker (SegmentedRaftLogWorker.java:lambda$new$0(132)) - 075fa85b-703c-4900-807d-88f08b36438a-SegmentedRaftLogWorker:Storage Directory /workdir/hadoop-ozone/integration-test/target/test-dir/MiniOzoneClusterImpl-280c06ed-bcb5-4979-9226-67616719d9ed/datanode-4/data/ratis/3f9e5201-15ad-42ac-83f2-b0b958123a92: flushIndex: setUnconditionally 0 -> -1
2019-09-20 10:25:21,394 [pool-357-thread-1] INFO  server.RaftServerConfigKeys (ConfUtils.java:logGet(43)) - raft.server.snapshot.auto.trigger.enabled = true (custom)
2019-09-20 10:25:21,394 [pool-357-thread-1] INFO  server.RaftServerConfigKeys (ConfUtils.java:logGet(43)) - raft.server.snapshot.auto.trigger.threshold = 10000 (custom)
2019-09-20 10:25:21,394 [pool-357-thread-1] INFO  server.RaftServerConfigKeys (ConfUtils.java:logGet(43)) - raft.server.retrycache.expirytime = 600000ms (custom)
2019-09-20 10:25:21,395 [pool-357-thread-1] INFO  impl.RaftServerImpl (RaftServerImpl.java:start(180)) - 075fa85b-703c-4900-807d-88f08b36438a: start group-B0B958123A92
2019-09-20 10:25:21,395 [pool-357-thread-1] INFO  impl.RaftServerImpl (RaftServerImpl.java:setRole(171)) - 075fa85b-703c-4900-807d-88f08b36438a:group-B0B958123A92 changes role from null to FOLLOWER at term 0 for startAsFollower
2019-09-20 10:25:21,395 [pool-357-thread-1] INFO  impl.RoleInfo (RoleInfo.java:updateAndGet(143)) - 075fa85b-703c-4900-807d-88f08b36438a: start FollowerState
2019-09-20 10:25:21,395 [pool-357-thread-1] INFO  util.JmxRegister (JmxRegister.java:tryRegister(44)) - Successfully registered JMX Bean with object name Ratis:service=RaftServer,group=group-B0B958123A92,id=075fa85b-703c-4900-807d-88f08b36438a
2019-09-20 10:25:21,399 [RatisPipelineUtilsThread] INFO  pipeline.PipelineStateManager (PipelineStateManager.java:addPipeline(56)) - Created pipeline Pipeline[ Id: 3f9e5201-15ad-42ac-83f2-b0b958123a92, Nodes: 075fa85b-703c-4900-807d-88f08b36438a{ip: 192.168.36.99, host: pr-hdds-1569-p5fx8-1226042367, networkLocation: /default-rack, certSerialId: null}, Type:RATIS, Factor:ONE, State:OPEN]
2019-09-20 10:25:21,399 [RatisPipelineUtilsThread] INFO  pipeline.PipelinePlacementPolicy (PipelinePlacementPolicy.java:meetCriteria(91)) - Pipeline Placement: Doesn't meet the criteria to be viable node： 1bfb6844-04ed-4104-839b-60e510b6bb68 Heaviness: 6 limit: 5
2019-09-20 10:25:21,399 [RatisPipelineUtilsThread] INFO  pipeline.PipelinePlacementPolicy (PipelinePlacementPolicy.java:meetCriteria(91)) - Pipeline Placement: Doesn't meet the criteria to be viable node： 99153be1-ba81-4c7b-b6ab-4442760615cb Heaviness: 6 limit: 5
2019-09-20 10:25:21,399 [RatisPipelineUtilsThread] INFO  pipeline.PipelinePlacementPolicy (PipelinePlacementPolicy.java:meetCriteria(91)) - Pipeline Placement: Doesn't meet the criteria to be viable node： e29464ab-17d7-4a4e-ab54-c178fccc723c Heaviness: 6 limit: 5
2019-09-20 10:25:21,400 [RatisPipelineUtilsThread] INFO  pipeline.PipelinePlacementPolicy (PipelinePlacementPolicy.java:meetCriteria(91)) - Pipeline Placement: Doesn't meet the criteria to be viable node： fac63c4b-287e-453e-9ac7-8c8c283fdab7 Heaviness: 6 limit: 5
2019-09-20 10:25:21,405 [grpc-default-executor-4] INFO  impl.RaftServerProxy (RaftServerProxy.java:addNew(89)) - 075fa85b-703c-4900-807d-88f08b36438a: addNew group-961C3D32D481:[075fa85b-703c-4900-807d-88f08b36438a:192.168.36.99:38301] returns group-961C3D32D481:java.util.concurrent.CompletableFuture@5d6300d6[Not completed]
2019-09-20 10:25:21,406 [pool-357-thread-1] INFO  impl.RaftServerImpl (RaftServerImpl.java:<init>(93)) - 075fa85b-703c-4900-807d-88f08b36438a: new RaftServerImpl for group-961C3D32D481:[075fa85b-703c-4900-807d-88f08b36438a:192.168.36.99:38301] with ContainerStateMachine:uninitialized
2019-09-20 10:25:21,406 [pool-357-thread-1] INFO  server.RaftServerConfigKeys (ConfUtils.java:logGet(43)) - raft.server.rpc.timeout.min = 5s (custom)
2019-09-20 10:25:21,406 [pool-357-thread-1] INFO  server.RaftServerConfigKeys (ConfUtils.java:logGet(43)) - raft.server.rpc.timeout.max = 5200ms (custom)
2019-09-20 10:25:21,406 [pool-357-thread-1] INFO  server.RaftServerConfigKeys (ConfUtils.java:logGet(43)) - raft.server.rpcslowness.timeout = 120s (custom)
2019-09-20 10:25:21,406 [pool-357-thread-1] INFO  server.RaftServerConfigKeys (ConfUtils.java:logGet(43)) - raft.server.sleep.deviation.threshold = 300 (default)
2019-09-20 10:25:21,407 [pool-357-thread-1] INFO  server.RaftServerConfigKeys (ConfUtils.java:logGet(43)) - raft.server.log.appender.install.snapshot.enabled = false (custom)
2019-09-20 10:25:21,407 [pool-357-thread-1] INFO  impl.RaftServerImpl (ServerState.java:<init>(105)) - 075fa85b-703c-4900-807d-88f08b36438a:group-961C3D32D481 ConfigurationManager, init=-1: [075fa85b-703c-4900-807d-88f08b36438a:192.168.36.99:38301], old=null, confs=<EMPTY_MAP>
2019-09-20 10:25:21,407 [pool-357-thread-1] INFO  server.RaftServerConfigKeys (ConfUtils.java:logGet(43)) - raft.server.storage.dir = [/workdir/hadoop-ozone/integration-test/target/test-dir/MiniOzoneClusterImpl-280c06ed-bcb5-4979-9226-67616719d9ed/datanode-4/data/ratis] (custom)
2019-09-20 10:25:21,407 [pool-357-thread-1] INFO  storage.RaftStorageDirectory (RaftStorageDirectory.java:analyzeStorage(246)) - The storage directory /workdir/hadoop-ozone/integration-test/target/test-dir/MiniOzoneClusterImpl-280c06ed-bcb5-4979-9226-67616719d9ed/datanode-4/data/ratis/b9b9c599-30f0-4162-b00a-961c3d32d481 does not exist. Creating ...
2019-09-20 10:25:21,432 [pool-357-thread-1] INFO  storage.RaftStorageDirectory (RaftStorageDirectory.java:tryLock(328)) - Lock on /workdir/hadoop-ozone/integration-test/target/test-dir/MiniOzoneClusterImpl-280c06ed-bcb5-4979-9226-67616719d9ed/datanode-4/data/ratis/b9b9c599-30f0-4162-b00a-961c3d32d481/in_use.lock acquired by nodename 28506@pr-hdds-1569-p5fx8-1226042367
2019-09-20 10:25:21,450 [pool-357-thread-1] INFO  storage.RaftStorage (RaftStorage.java:format(72)) - Storage directory /workdir/hadoop-ozone/integration-test/target/test-dir/MiniOzoneClusterImpl-280c06ed-bcb5-4979-9226-67616719d9ed/datanode-4/data/ratis/b9b9c599-30f0-4162-b00a-961c3d32d481 has been successfully formatted.
2019-09-20 10:25:21,450 [pool-357-thread-1] INFO  ratis.ContainerStateMachine (ContainerStateMachine.java:loadSnapshot(226)) - group-961C3D32D481: The snapshot info is null. Setting the last applied indexto:(t:0, i:~)
2019-09-20 10:25:21,451 [pool-357-thread-1] INFO  server.RaftServerConfigKeys (ConfUtils.java:logGet(43)) - raft.server.leader.election.timeout = 120s (custom)
2019-09-20 10:25:21,451 [pool-357-thread-1] INFO  server.RaftServerConfigKeys (ConfUtils.java:logGet(43)) - raft.server.log.use.memory = false (default)
2019-09-20 10:25:21,451 [pool-357-thread-1] INFO  server.RaftServerConfigKeys (ConfUtils.java:logGet(43)) - raft.server.log.purge.gap = 1000000 (custom)
2019-09-20 10:25:21,451 [pool-357-thread-1] INFO  server.RaftServerConfigKeys (ConfUtils.java:logGet(43)) - raft.server.log.appender.buffer.byte-limit = 33554432 (custom)
2019-09-20 10:25:21,451 [pool-357-thread-1] INFO  server.RaftServerConfigKeys (ConfUtils.java:logGet(43)) - raft.server.log.segment.size.max = 1048576 (custom)
2019-09-20 10:25:21,451 [pool-357-thread-1] INFO  server.RaftServerConfigKeys (ConfUtils.java:logGet(43)) - raft.server.log.segment.cache.num.max = 2 (custom)
2019-09-20 10:25:21,451 [pool-357-thread-1] INFO  segmented.SegmentedRaftLogWorker (SegmentedRaftLogWorker.java:<init>(172)) - new 075fa85b-703c-4900-807d-88f08b36438a-SegmentedRaftLogWorker:Storage Directory /workdir/hadoop-ozone/integration-test/target/test-dir/MiniOzoneClusterImpl-280c06ed-bcb5-4979-9226-67616719d9ed/datanode-4/data/ratis/b9b9c599-30f0-4162-b00a-961c3d32d481 for RaftStorage:Storage Directory /workdir/hadoop-ozone/integration-test/target/test-dir/MiniOzoneClusterImpl-280c06ed-bcb5-4979-9226-67616719d9ed/datanode-4/data/ratis/b9b9c599-30f0-4162-b00a-961c3d32d481
2019-09-20 10:25:21,452 [pool-357-thread-1] INFO  server.RaftServerConfigKeys (ConfUtils.java:logGet(43)) - raft.server.log.queue.byte-limit = 2147483647 (custom)
2019-09-20 10:25:21,452 [pool-357-thread-1] INFO  server.RaftServerConfigKeys (ConfUtils.java:logGet(43)) - raft.server.log.queue.element-limit = 1024 (custom)
2019-09-20 10:25:21,452 [pool-357-thread-1] INFO  server.RaftServerConfigKeys (ConfUtils.java:logGet(43)) - raft.server.log.segment.size.max = 1048576 (custom)
2019-09-20 10:25:21,452 [pool-357-thread-1] INFO  server.RaftServerConfigKeys (ConfUtils.java:logGet(43)) - raft.server.log.preallocated.size = 16384 (custom)
2019-09-20 10:25:21,452 [pool-357-thread-1] INFO  server.RaftServerConfigKeys (ConfUtils.java:logGet(43)) - raft.server.log.write.buffer.size = 33554432 (custom)
2019-09-20 10:25:21,452 [pool-357-thread-1] INFO  server.RaftServerConfigKeys (ConfUtils.java:logGet(43)) - raft.server.log.force.sync.num = 128 (default)
2019-09-20 10:25:21,453 [pool-357-thread-1] INFO  server.RaftServerConfigKeys (ConfUtils.java:logGet(43)) - raft.server.log.statemachine.data.sync = true (default)
2019-09-20 10:25:21,453 [pool-357-thread-1] INFO  server.RaftServerConfigKeys (ConfUtils.java:logGet(43)) - raft.server.log.statemachine.data.sync.timeout = 10s (default)
2019-09-20 10:25:21,453 [pool-357-thread-1] INFO  server.RaftServerConfigKeys (ConfUtils.java:logGet(43)) - raft.server.log.statemachine.data.sync.timeout.retry = -1 (default)
2019-09-20 10:25:21,453 [pool-357-thread-1] INFO  server.RaftServerConfigKeys (ConfUtils.java:logGet(43)) - raft.server.log.statemachine.data.caching.enabled = true (custom)
2019-09-20 10:25:21,453 [pool-357-thread-1] INFO  segmented.SegmentedRaftLogWorker (SegmentedRaftLogWorker.java:lambda$new$0(132)) - 075fa85b-703c-4900-807d-88f08b36438a-SegmentedRaftLogWorker:Storage Directory /workdir/hadoop-ozone/integration-test/target/test-dir/MiniOzoneClusterImpl-280c06ed-bcb5-4979-9226-67616719d9ed/datanode-4/data/ratis/b9b9c599-30f0-4162-b00a-961c3d32d481: flushIndex: setUnconditionally 0 -> -1
2019-09-20 10:25:21,454 [pool-357-thread-1] INFO  server.RaftServerConfigKeys (ConfUtils.java:logGet(43)) - raft.server.snapshot.auto.trigger.enabled = true (custom)
2019-09-20 10:25:21,454 [pool-357-thread-1] INFO  server.RaftServerConfigKeys (ConfUtils.java:logGet(43)) - raft.server.snapshot.auto.trigger.threshold = 10000 (custom)
2019-09-20 10:25:21,454 [pool-357-thread-1] INFO  server.RaftServerConfigKeys (ConfUtils.java:logGet(43)) - raft.server.retrycache.expirytime = 600000ms (custom)
2019-09-20 10:25:21,454 [pool-357-thread-1] INFO  impl.RaftServerImpl (RaftServerImpl.java:start(180)) - 075fa85b-703c-4900-807d-88f08b36438a: start group-961C3D32D481
2019-09-20 10:25:21,454 [pool-357-thread-1] INFO  impl.RaftServerImpl (RaftServerImpl.java:setRole(171)) - 075fa85b-703c-4900-807d-88f08b36438a:group-961C3D32D481 changes role from null to FOLLOWER at term 0 for startAsFollower
2019-09-20 10:25:21,455 [pool-357-thread-1] INFO  impl.RoleInfo (RoleInfo.java:updateAndGet(143)) - 075fa85b-703c-4900-807d-88f08b36438a: start FollowerState
2019-09-20 10:25:21,455 [pool-357-thread-1] INFO  util.JmxRegister (JmxRegister.java:tryRegister(44)) - Successfully registered JMX Bean with object name Ratis:service=RaftServer,group=group-961C3D32D481,id=075fa85b-703c-4900-807d-88f08b36438a
2019-09-20 10:25:21,458 [RatisPipelineUtilsThread] INFO  pipeline.PipelineStateManager (PipelineStateManager.java:addPipeline(56)) - Created pipeline Pipeline[ Id: b9b9c599-30f0-4162-b00a-961c3d32d481, Nodes: 075fa85b-703c-4900-807d-88f08b36438a{ip: 192.168.36.99, host: pr-hdds-1569-p5fx8-1226042367, networkLocation: /default-rack, certSerialId: null}, Type:RATIS, Factor:ONE, State:OPEN]
2019-09-20 10:25:21,458 [RatisPipelineUtilsThread] INFO  pipeline.PipelinePlacementPolicy (PipelinePlacementPolicy.java:meetCriteria(91)) - Pipeline Placement: Doesn't meet the criteria to be viable node： 1bfb6844-04ed-4104-839b-60e510b6bb68 Heaviness: 6 limit: 5
2019-09-20 10:25:21,459 [RatisPipelineUtilsThread] INFO  pipeline.PipelinePlacementPolicy (PipelinePlacementPolicy.java:meetCriteria(91)) - Pipeline Placement: Doesn't meet the criteria to be viable node： 99153be1-ba81-4c7b-b6ab-4442760615cb Heaviness: 6 limit: 5
2019-09-20 10:25:21,459 [RatisPipelineUtilsThread] INFO  pipeline.PipelinePlacementPolicy (PipelinePlacementPolicy.java:meetCriteria(91)) - Pipeline Placement: Doesn't meet the criteria to be viable node： e29464ab-17d7-4a4e-ab54-c178fccc723c Heaviness: 6 limit: 5
2019-09-20 10:25:21,459 [RatisPipelineUtilsThread] INFO  pipeline.PipelinePlacementPolicy (PipelinePlacementPolicy.java:meetCriteria(91)) - Pipeline Placement: Doesn't meet the criteria to be viable node： fac63c4b-287e-453e-9ac7-8c8c283fdab7 Heaviness: 6 limit: 5
2019-09-20 10:25:21,464 [grpc-default-executor-4] INFO  impl.RaftServerProxy (RaftServerProxy.java:addNew(89)) - 075fa85b-703c-4900-807d-88f08b36438a: addNew group-C6760B479523:[075fa85b-703c-4900-807d-88f08b36438a:192.168.36.99:38301] returns group-C6760B479523:java.util.concurrent.CompletableFuture@45928c37[Not completed]
2019-09-20 10:25:21,465 [pool-357-thread-1] INFO  impl.RaftServerImpl (RaftServerImpl.java:<init>(93)) - 075fa85b-703c-4900-807d-88f08b36438a: new RaftServerImpl for group-C6760B479523:[075fa85b-703c-4900-807d-88f08b36438a:192.168.36.99:38301] with ContainerStateMachine:uninitialized
2019-09-20 10:25:21,465 [pool-357-thread-1] INFO  server.RaftServerConfigKeys (ConfUtils.java:logGet(43)) - raft.server.rpc.timeout.min = 5s (custom)
2019-09-20 10:25:21,465 [pool-357-thread-1] INFO  server.RaftServerConfigKeys (ConfUtils.java:logGet(43)) - raft.server.rpc.timeout.max = 5200ms (custom)
2019-09-20 10:25:21,466 [pool-357-thread-1] INFO  server.RaftServerConfigKeys (ConfUtils.java:logGet(43)) - raft.server.rpcslowness.timeout = 120s (custom)
2019-09-20 10:25:21,466 [pool-357-thread-1] INFO  server.RaftServerConfigKeys (ConfUtils.java:logGet(43)) - raft.server.sleep.deviation.threshold = 300 (default)
2019-09-20 10:25:21,466 [pool-357-thread-1] INFO  server.RaftServerConfigKeys (ConfUtils.java:logGet(43)) - raft.server.log.appender.install.snapshot.enabled = false (custom)
2019-09-20 10:25:21,466 [pool-357-thread-1] INFO  impl.RaftServerImpl (ServerState.java:<init>(105)) - 075fa85b-703c-4900-807d-88f08b36438a:group-C6760B479523 ConfigurationManager, init=-1: [075fa85b-703c-4900-807d-88f08b36438a:192.168.36.99:38301], old=null, confs=<EMPTY_MAP>
2019-09-20 10:25:21,466 [pool-357-thread-1] INFO  server.RaftServerConfigKeys (ConfUtils.java:logGet(43)) - raft.server.storage.dir = [/workdir/hadoop-ozone/integration-test/target/test-dir/MiniOzoneClusterImpl-280c06ed-bcb5-4979-9226-67616719d9ed/datanode-4/data/ratis] (custom)
2019-09-20 10:25:21,467 [pool-357-thread-1] INFO  storage.RaftStorageDirectory (RaftStorageDirectory.java:analyzeStorage(246)) - The storage directory /workdir/hadoop-ozone/integration-test/target/test-dir/MiniOzoneClusterImpl-280c06ed-bcb5-4979-9226-67616719d9ed/datanode-4/data/ratis/ebbe3e41-bf36-45ce-9bb6-c6760b479523 does not exist. Creating ...
2019-09-20 10:25:21,492 [pool-357-thread-1] INFO  storage.RaftStorageDirectory (RaftStorageDirectory.java:tryLock(328)) - Lock on /workdir/hadoop-ozone/integration-test/target/test-dir/MiniOzoneClusterImpl-280c06ed-bcb5-4979-9226-67616719d9ed/datanode-4/data/ratis/ebbe3e41-bf36-45ce-9bb6-c6760b479523/in_use.lock acquired by nodename 28506@pr-hdds-1569-p5fx8-1226042367
2019-09-20 10:25:21,517 [pool-357-thread-1] INFO  storage.RaftStorage (RaftStorage.java:format(72)) - Storage directory /workdir/hadoop-ozone/integration-test/target/test-dir/MiniOzoneClusterImpl-280c06ed-bcb5-4979-9226-67616719d9ed/datanode-4/data/ratis/ebbe3e41-bf36-45ce-9bb6-c6760b479523 has been successfully formatted.
2019-09-20 10:25:21,518 [pool-357-thread-1] INFO  ratis.ContainerStateMachine (ContainerStateMachine.java:loadSnapshot(226)) - group-C6760B479523: The snapshot info is null. Setting the last applied indexto:(t:0, i:~)
2019-09-20 10:25:21,518 [pool-357-thread-1] INFO  server.RaftServerConfigKeys (ConfUtils.java:logGet(43)) - raft.server.leader.election.timeout = 120s (custom)
2019-09-20 10:25:21,518 [pool-357-thread-1] INFO  server.RaftServerConfigKeys (ConfUtils.java:logGet(43)) - raft.server.log.use.memory = false (default)
2019-09-20 10:25:21,518 [pool-357-thread-1] INFO  server.RaftServerConfigKeys (ConfUtils.java:logGet(43)) - raft.server.log.purge.gap = 1000000 (custom)
2019-09-20 10:25:21,518 [pool-357-thread-1] INFO  server.RaftServerConfigKeys (ConfUtils.java:logGet(43)) - raft.server.log.appender.buffer.byte-limit = 33554432 (custom)
2019-09-20 10:25:21,518 [pool-357-thread-1] INFO  server.RaftServerConfigKeys (ConfUtils.java:logGet(43)) - raft.server.log.segment.size.max = 1048576 (custom)
2019-09-20 10:25:21,518 [pool-357-thread-1] INFO  server.RaftServerConfigKeys (ConfUtils.java:logGet(43)) - raft.server.log.segment.cache.num.max = 2 (custom)
2019-09-20 10:25:21,519 [pool-357-thread-1] INFO  segmented.SegmentedRaftLogWorker (SegmentedRaftLogWorker.java:<init>(172)) - new 075fa85b-703c-4900-807d-88f08b36438a-SegmentedRaftLogWorker:Storage Directory /workdir/hadoop-ozone/integration-test/target/test-dir/MiniOzoneClusterImpl-280c06ed-bcb5-4979-9226-67616719d9ed/datanode-4/data/ratis/ebbe3e41-bf36-45ce-9bb6-c6760b479523 for RaftStorage:Storage Directory /workdir/hadoop-ozone/integration-test/target/test-dir/MiniOzoneClusterImpl-280c06ed-bcb5-4979-9226-67616719d9ed/datanode-4/data/ratis/ebbe3e41-bf36-45ce-9bb6-c6760b479523
2019-09-20 10:25:21,519 [pool-357-thread-1] INFO  server.RaftServerConfigKeys (ConfUtils.java:logGet(43)) - raft.server.log.queue.byte-limit = 2147483647 (custom)
2019-09-20 10:25:21,519 [pool-357-thread-1] INFO  server.RaftServerConfigKeys (ConfUtils.java:logGet(43)) - raft.server.log.queue.element-limit = 1024 (custom)
2019-09-20 10:25:21,519 [pool-357-thread-1] INFO  server.RaftServerConfigKeys (ConfUtils.java:logGet(43)) - raft.server.log.segment.size.max = 1048576 (custom)
2019-09-20 10:25:21,519 [pool-357-thread-1] INFO  server.RaftServerConfigKeys (ConfUtils.java:logGet(43)) - raft.server.log.preallocated.size = 16384 (custom)
2019-09-20 10:25:21,519 [pool-357-thread-1] INFO  server.RaftServerConfigKeys (ConfUtils.java:logGet(43)) - raft.server.log.write.buffer.size = 33554432 (custom)
2019-09-20 10:25:21,519 [pool-357-thread-1] INFO  server.RaftServerConfigKeys (ConfUtils.java:logGet(43)) - raft.server.log.force.sync.num = 128 (default)
2019-09-20 10:25:21,520 [pool-357-thread-1] INFO  server.RaftServerConfigKeys (ConfUtils.java:logGet(43)) - raft.server.log.statemachine.data.sync = true (default)
2019-09-20 10:25:21,520 [pool-357-thread-1] INFO  server.RaftServerConfigKeys (ConfUtils.java:logGet(43)) - raft.server.log.statemachine.data.sync.timeout = 10s (default)
2019-09-20 10:25:21,520 [pool-357-thread-1] INFO  server.RaftServerConfigKeys (ConfUtils.java:logGet(43)) - raft.server.log.statemachine.data.sync.timeout.retry = -1 (default)
2019-09-20 10:25:21,520 [pool-357-thread-1] INFO  server.RaftServerConfigKeys (ConfUtils.java:logGet(43)) - raft.server.log.statemachine.data.caching.enabled = true (custom)
2019-09-20 10:25:21,520 [pool-357-thread-1] INFO  segmented.SegmentedRaftLogWorker (SegmentedRaftLogWorker.java:lambda$new$0(132)) - 075fa85b-703c-4900-807d-88f08b36438a-SegmentedRaftLogWorker:Storage Directory /workdir/hadoop-ozone/integration-test/target/test-dir/MiniOzoneClusterImpl-280c06ed-bcb5-4979-9226-67616719d9ed/datanode-4/data/ratis/ebbe3e41-bf36-45ce-9bb6-c6760b479523: flushIndex: setUnconditionally 0 -> -1
2019-09-20 10:25:21,521 [pool-357-thread-1] INFO  server.RaftServerConfigKeys (ConfUtils.java:logGet(43)) - raft.server.snapshot.auto.trigger.enabled = true (custom)
2019-09-20 10:25:21,521 [pool-357-thread-1] INFO  server.RaftServerConfigKeys (ConfUtils.java:logGet(43)) - raft.server.snapshot.auto.trigger.threshold = 10000 (custom)
2019-09-20 10:25:21,521 [pool-357-thread-1] INFO  server.RaftServerConfigKeys (ConfUtils.java:logGet(43)) - raft.server.retrycache.expirytime = 600000ms (custom)
2019-09-20 10:25:21,521 [pool-357-thread-1] INFO  impl.RaftServerImpl (RaftServerImpl.java:start(180)) - 075fa85b-703c-4900-807d-88f08b36438a: start group-C6760B479523
2019-09-20 10:25:21,521 [pool-357-thread-1] INFO  impl.RaftServerImpl (RaftServerImpl.java:setRole(171)) - 075fa85b-703c-4900-807d-88f08b36438a:group-C6760B479523 changes role from null to FOLLOWER at term 0 for startAsFollower
2019-09-20 10:25:21,521 [pool-357-thread-1] INFO  impl.RoleInfo (RoleInfo.java:updateAndGet(143)) - 075fa85b-703c-4900-807d-88f08b36438a: start FollowerState
2019-09-20 10:25:21,522 [pool-357-thread-1] INFO  util.JmxRegister (JmxRegister.java:tryRegister(44)) - Successfully registered JMX Bean with object name Ratis:service=RaftServer,group=group-C6760B479523,id=075fa85b-703c-4900-807d-88f08b36438a
2019-09-20 10:25:21,525 [RatisPipelineUtilsThread] INFO  pipeline.PipelineStateManager (PipelineStateManager.java:addPipeline(56)) - Created pipeline Pipeline[ Id: ebbe3e41-bf36-45ce-9bb6-c6760b479523, Nodes: 075fa85b-703c-4900-807d-88f08b36438a{ip: 192.168.36.99, host: pr-hdds-1569-p5fx8-1226042367, networkLocation: /default-rack, certSerialId: null}, Type:RATIS, Factor:ONE, State:OPEN]
2019-09-20 10:25:21,525 [RatisPipelineUtilsThread] INFO  pipeline.PipelinePlacementPolicy (PipelinePlacementPolicy.java:meetCriteria(91)) - Pipeline Placement: Doesn't meet the criteria to be viable node： 1bfb6844-04ed-4104-839b-60e510b6bb68 Heaviness: 6 limit: 5
2019-09-20 10:25:21,526 [RatisPipelineUtilsThread] INFO  pipeline.PipelinePlacementPolicy (PipelinePlacementPolicy.java:meetCriteria(91)) - Pipeline Placement: Doesn't meet the criteria to be viable node： 99153be1-ba81-4c7b-b6ab-4442760615cb Heaviness: 6 limit: 5
2019-09-20 10:25:21,526 [RatisPipelineUtilsThread] INFO  pipeline.PipelinePlacementPolicy (PipelinePlacementPolicy.java:meetCriteria(91)) - Pipeline Placement: Doesn't meet the criteria to be viable node： e29464ab-17d7-4a4e-ab54-c178fccc723c Heaviness: 6 limit: 5
2019-09-20 10:25:21,526 [RatisPipelineUtilsThread] INFO  pipeline.PipelinePlacementPolicy (PipelinePlacementPolicy.java:meetCriteria(91)) - Pipeline Placement: Doesn't meet the criteria to be viable node： fac63c4b-287e-453e-9ac7-8c8c283fdab7 Heaviness: 6 limit: 5
2019-09-20 10:25:21,531 [grpc-default-executor-4] INFO  impl.RaftServerProxy (RaftServerProxy.java:addNew(89)) - 075fa85b-703c-4900-807d-88f08b36438a: addNew group-D8127BE90FD8:[075fa85b-703c-4900-807d-88f08b36438a:192.168.36.99:38301] returns group-D8127BE90FD8:java.util.concurrent.CompletableFuture@4966040a[Not completed]
2019-09-20 10:25:21,532 [pool-357-thread-1] INFO  impl.RaftServerImpl (RaftServerImpl.java:<init>(93)) - 075fa85b-703c-4900-807d-88f08b36438a: new RaftServerImpl for group-D8127BE90FD8:[075fa85b-703c-4900-807d-88f08b36438a:192.168.36.99:38301] with ContainerStateMachine:uninitialized
2019-09-20 10:25:21,532 [pool-357-thread-1] INFO  server.RaftServerConfigKeys (ConfUtils.java:logGet(43)) - raft.server.rpc.timeout.min = 5s (custom)
2019-09-20 10:25:21,533 [pool-357-thread-1] INFO  server.RaftServerConfigKeys (ConfUtils.java:logGet(43)) - raft.server.rpc.timeout.max = 5200ms (custom)
2019-09-20 10:25:21,533 [pool-357-thread-1] INFO  server.RaftServerConfigKeys (ConfUtils.java:logGet(43)) - raft.server.rpcslowness.timeout = 120s (custom)
2019-09-20 10:25:21,533 [pool-357-thread-1] INFO  server.RaftServerConfigKeys (ConfUtils.java:logGet(43)) - raft.server.sleep.deviation.threshold = 300 (default)
2019-09-20 10:25:21,533 [pool-357-thread-1] INFO  server.RaftServerConfigKeys (ConfUtils.java:logGet(43)) - raft.server.log.appender.install.snapshot.enabled = false (custom)
2019-09-20 10:25:21,533 [pool-357-thread-1] INFO  impl.RaftServerImpl (ServerState.java:<init>(105)) - 075fa85b-703c-4900-807d-88f08b36438a:group-D8127BE90FD8 ConfigurationManager, init=-1: [075fa85b-703c-4900-807d-88f08b36438a:192.168.36.99:38301], old=null, confs=<EMPTY_MAP>
2019-09-20 10:25:21,533 [pool-357-thread-1] INFO  server.RaftServerConfigKeys (ConfUtils.java:logGet(43)) - raft.server.storage.dir = [/workdir/hadoop-ozone/integration-test/target/test-dir/MiniOzoneClusterImpl-280c06ed-bcb5-4979-9226-67616719d9ed/datanode-4/data/ratis] (custom)
2019-09-20 10:25:21,534 [pool-357-thread-1] INFO  storage.RaftStorageDirectory (RaftStorageDirectory.java:analyzeStorage(246)) - The storage directory /workdir/hadoop-ozone/integration-test/target/test-dir/MiniOzoneClusterImpl-280c06ed-bcb5-4979-9226-67616719d9ed/datanode-4/data/ratis/f1e051e5-bd96-4311-9bb0-d8127be90fd8 does not exist. Creating ...
2019-09-20 10:25:21,568 [pool-357-thread-1] INFO  storage.RaftStorageDirectory (RaftStorageDirectory.java:tryLock(328)) - Lock on /workdir/hadoop-ozone/integration-test/target/test-dir/MiniOzoneClusterImpl-280c06ed-bcb5-4979-9226-67616719d9ed/datanode-4/data/ratis/f1e051e5-bd96-4311-9bb0-d8127be90fd8/in_use.lock acquired by nodename 28506@pr-hdds-1569-p5fx8-1226042367
2019-09-20 10:25:21,601 [pool-357-thread-1] INFO  storage.RaftStorage (RaftStorage.java:format(72)) - Storage directory /workdir/hadoop-ozone/integration-test/target/test-dir/MiniOzoneClusterImpl-280c06ed-bcb5-4979-9226-67616719d9ed/datanode-4/data/ratis/f1e051e5-bd96-4311-9bb0-d8127be90fd8 has been successfully formatted.
2019-09-20 10:25:21,602 [pool-357-thread-1] INFO  ratis.ContainerStateMachine (ContainerStateMachine.java:loadSnapshot(226)) - group-D8127BE90FD8: The snapshot info is null. Setting the last applied indexto:(t:0, i:~)
2019-09-20 10:25:21,602 [pool-357-thread-1] INFO  server.RaftServerConfigKeys (ConfUtils.java:logGet(43)) - raft.server.leader.election.timeout = 120s (custom)
2019-09-20 10:25:21,602 [pool-357-thread-1] INFO  server.RaftServerConfigKeys (ConfUtils.java:logGet(43)) - raft.server.log.use.memory = false (default)
2019-09-20 10:25:21,602 [pool-357-thread-1] INFO  server.RaftServerConfigKeys (ConfUtils.java:logGet(43)) - raft.server.log.purge.gap = 1000000 (custom)
2019-09-20 10:25:21,602 [pool-357-thread-1] INFO  server.RaftServerConfigKeys (ConfUtils.java:logGet(43)) - raft.server.log.appender.buffer.byte-limit = 33554432 (custom)
2019-09-20 10:25:21,603 [pool-357-thread-1] INFO  server.RaftServerConfigKeys (ConfUtils.java:logGet(43)) - raft.server.log.segment.size.max = 1048576 (custom)
2019-09-20 10:25:21,603 [pool-357-thread-1] INFO  server.RaftServerConfigKeys (ConfUtils.java:logGet(43)) - raft.server.log.segment.cache.num.max = 2 (custom)
2019-09-20 10:25:21,603 [pool-357-thread-1] INFO  segmented.SegmentedRaftLogWorker (SegmentedRaftLogWorker.java:<init>(172)) - new 075fa85b-703c-4900-807d-88f08b36438a-SegmentedRaftLogWorker:Storage Directory /workdir/hadoop-ozone/integration-test/target/test-dir/MiniOzoneClusterImpl-280c06ed-bcb5-4979-9226-67616719d9ed/datanode-4/data/ratis/f1e051e5-bd96-4311-9bb0-d8127be90fd8 for RaftStorage:Storage Directory /workdir/hadoop-ozone/integration-test/target/test-dir/MiniOzoneClusterImpl-280c06ed-bcb5-4979-9226-67616719d9ed/datanode-4/data/ratis/f1e051e5-bd96-4311-9bb0-d8127be90fd8
2019-09-20 10:25:21,603 [pool-357-thread-1] INFO  server.RaftServerConfigKeys (ConfUtils.java:logGet(43)) - raft.server.log.queue.byte-limit = 2147483647 (custom)
2019-09-20 10:25:21,603 [pool-357-thread-1] INFO  server.RaftServerConfigKeys (ConfUtils.java:logGet(43)) - raft.server.log.queue.element-limit = 1024 (custom)
2019-09-20 10:25:21,603 [pool-357-thread-1] INFO  server.RaftServerConfigKeys (ConfUtils.java:logGet(43)) - raft.server.log.segment.size.max = 1048576 (custom)
2019-09-20 10:25:21,604 [pool-357-thread-1] INFO  server.RaftServerConfigKeys (ConfUtils.java:logGet(43)) - raft.server.log.preallocated.size = 16384 (custom)
2019-09-20 10:25:21,604 [pool-357-thread-1] INFO  server.RaftServerConfigKeys (ConfUtils.java:logGet(43)) - raft.server.log.write.buffer.size = 33554432 (custom)
2019-09-20 10:25:21,604 [pool-357-thread-1] INFO  server.RaftServerConfigKeys (ConfUtils.java:logGet(43)) - raft.server.log.force.sync.num = 128 (default)
2019-09-20 10:25:21,604 [pool-357-thread-1] INFO  server.RaftServerConfigKeys (ConfUtils.java:logGet(43)) - raft.server.log.statemachine.data.sync = true (default)
2019-09-20 10:25:21,604 [pool-357-thread-1] INFO  server.RaftServerConfigKeys (ConfUtils.java:logGet(43)) - raft.server.log.statemachine.data.sync.timeout = 10s (default)
2019-09-20 10:25:21,604 [pool-357-thread-1] INFO  server.RaftServerConfigKeys (ConfUtils.java:logGet(43)) - raft.server.log.statemachine.data.sync.timeout.retry = -1 (default)
2019-09-20 10:25:21,604 [pool-357-thread-1] INFO  server.RaftServerConfigKeys (ConfUtils.java:logGet(43)) - raft.server.log.statemachine.data.caching.enabled = true (custom)
2019-09-20 10:25:21,605 [pool-357-thread-1] INFO  segmented.SegmentedRaftLogWorker (SegmentedRaftLogWorker.java:lambda$new$0(132)) - 075fa85b-703c-4900-807d-88f08b36438a-SegmentedRaftLogWorker:Storage Directory /workdir/hadoop-ozone/integration-test/target/test-dir/MiniOzoneClusterImpl-280c06ed-bcb5-4979-9226-67616719d9ed/datanode-4/data/ratis/f1e051e5-bd96-4311-9bb0-d8127be90fd8: flushIndex: setUnconditionally 0 -> -1
2019-09-20 10:25:21,605 [pool-357-thread-1] INFO  server.RaftServerConfigKeys (ConfUtils.java:logGet(43)) - raft.server.snapshot.auto.trigger.enabled = true (custom)
2019-09-20 10:25:21,605 [pool-357-thread-1] INFO  server.RaftServerConfigKeys (ConfUtils.java:logGet(43)) - raft.server.snapshot.auto.trigger.threshold = 10000 (custom)
2019-09-20 10:25:21,605 [pool-357-thread-1] INFO  server.RaftServerConfigKeys (ConfUtils.java:logGet(43)) - raft.server.retrycache.expirytime = 600000ms (custom)
2019-09-20 10:25:21,606 [pool-357-thread-1] INFO  impl.RaftServerImpl (RaftServerImpl.java:start(180)) - 075fa85b-703c-4900-807d-88f08b36438a: start group-D8127BE90FD8
2019-09-20 10:25:21,606 [pool-357-thread-1] INFO  impl.RaftServerImpl (RaftServerImpl.java:setRole(171)) - 075fa85b-703c-4900-807d-88f08b36438a:group-D8127BE90FD8 changes role from null to FOLLOWER at term 0 for startAsFollower
2019-09-20 10:25:21,606 [pool-357-thread-1] INFO  impl.RoleInfo (RoleInfo.java:updateAndGet(143)) - 075fa85b-703c-4900-807d-88f08b36438a: start FollowerState
2019-09-20 10:25:21,606 [pool-357-thread-1] INFO  util.JmxRegister (JmxRegister.java:tryRegister(44)) - Successfully registered JMX Bean with object name Ratis:service=RaftServer,group=group-D8127BE90FD8,id=075fa85b-703c-4900-807d-88f08b36438a
2019-09-20 10:25:21,609 [RatisPipelineUtilsThread] INFO  pipeline.PipelineStateManager (PipelineStateManager.java:addPipeline(56)) - Created pipeline Pipeline[ Id: f1e051e5-bd96-4311-9bb0-d8127be90fd8, Nodes: 075fa85b-703c-4900-807d-88f08b36438a{ip: 192.168.36.99, host: pr-hdds-1569-p5fx8-1226042367, networkLocation: /default-rack, certSerialId: null}, Type:RATIS, Factor:ONE, State:OPEN]
2019-09-20 10:25:21,610 [RatisPipelineUtilsThread] INFO  pipeline.PipelinePlacementPolicy (PipelinePlacementPolicy.java:meetCriteria(91)) - Pipeline Placement: Doesn't meet the criteria to be viable node： 1bfb6844-04ed-4104-839b-60e510b6bb68 Heaviness: 6 limit: 5
2019-09-20 10:25:21,610 [RatisPipelineUtilsThread] INFO  pipeline.PipelinePlacementPolicy (PipelinePlacementPolicy.java:meetCriteria(91)) - Pipeline Placement: Doesn't meet the criteria to be viable node： 99153be1-ba81-4c7b-b6ab-4442760615cb Heaviness: 6 limit: 5
2019-09-20 10:25:21,610 [RatisPipelineUtilsThread] INFO  pipeline.PipelinePlacementPolicy (PipelinePlacementPolicy.java:meetCriteria(91)) - Pipeline Placement: Doesn't meet the criteria to be viable node： e29464ab-17d7-4a4e-ab54-c178fccc723c Heaviness: 6 limit: 5
2019-09-20 10:25:21,610 [RatisPipelineUtilsThread] INFO  pipeline.PipelinePlacementPolicy (PipelinePlacementPolicy.java:meetCriteria(91)) - Pipeline Placement: Doesn't meet the criteria to be viable node： fac63c4b-287e-453e-9ac7-8c8c283fdab7 Heaviness: 6 limit: 5
2019-09-20 10:25:21,616 [grpc-default-executor-4] INFO  impl.RaftServerProxy (RaftServerProxy.java:addNew(89)) - 075fa85b-703c-4900-807d-88f08b36438a: addNew group-91196F455865:[075fa85b-703c-4900-807d-88f08b36438a:192.168.36.99:38301] returns group-91196F455865:java.util.concurrent.CompletableFuture@49db908e[Not completed]
2019-09-20 10:25:21,617 [pool-357-thread-1] INFO  impl.RaftServerImpl (RaftServerImpl.java:<init>(93)) - 075fa85b-703c-4900-807d-88f08b36438a: new RaftServerImpl for group-91196F455865:[075fa85b-703c-4900-807d-88f08b36438a:192.168.36.99:38301] with ContainerStateMachine:uninitialized
2019-09-20 10:25:21,617 [pool-357-thread-1] INFO  server.RaftServerConfigKeys (ConfUtils.java:logGet(43)) - raft.server.rpc.timeout.min = 5s (custom)
2019-09-20 10:25:21,617 [pool-357-thread-1] INFO  server.RaftServerConfigKeys (ConfUtils.java:logGet(43)) - raft.server.rpc.timeout.max = 5200ms (custom)
2019-09-20 10:25:21,617 [pool-357-thread-1] INFO  server.RaftServerConfigKeys (ConfUtils.java:logGet(43)) - raft.server.rpcslowness.timeout = 120s (custom)
2019-09-20 10:25:21,617 [pool-357-thread-1] INFO  server.RaftServerConfigKeys (ConfUtils.java:logGet(43)) - raft.server.sleep.deviation.threshold = 300 (default)
2019-09-20 10:25:21,618 [pool-357-thread-1] INFO  server.RaftServerConfigKeys (ConfUtils.java:logGet(43)) - raft.server.log.appender.install.snapshot.enabled = false (custom)
2019-09-20 10:25:21,618 [pool-357-thread-1] INFO  impl.RaftServerImpl (ServerState.java:<init>(105)) - 075fa85b-703c-4900-807d-88f08b36438a:group-91196F455865 ConfigurationManager, init=-1: [075fa85b-703c-4900-807d-88f08b36438a:192.168.36.99:38301], old=null, confs=<EMPTY_MAP>
2019-09-20 10:25:21,618 [pool-357-thread-1] INFO  server.RaftServerConfigKeys (ConfUtils.java:logGet(43)) - raft.server.storage.dir = [/workdir/hadoop-ozone/integration-test/target/test-dir/MiniOzoneClusterImpl-280c06ed-bcb5-4979-9226-67616719d9ed/datanode-4/data/ratis] (custom)
2019-09-20 10:25:21,618 [pool-357-thread-1] INFO  storage.RaftStorageDirectory (RaftStorageDirectory.java:analyzeStorage(246)) - The storage directory /workdir/hadoop-ozone/integration-test/target/test-dir/MiniOzoneClusterImpl-280c06ed-bcb5-4979-9226-67616719d9ed/datanode-4/data/ratis/89bc7c67-7411-4769-8c88-91196f455865 does not exist. Creating ...
2019-09-20 10:25:21,623 [IPC Server handler 16 on 33175] INFO  net.NetworkTopology (NetworkTopologyImpl.java:add(110)) - Added a new node: /default-rack/7f6418e1-cc7a-441a-8f41-c73576b5a1c5
2019-09-20 10:25:21,624 [IPC Server handler 16 on 33175] INFO  node.SCMNodeManager (SCMNodeManager.java:register(273)) - Registered Data node : 7f6418e1-cc7a-441a-8f41-c73576b5a1c5{ip: 192.168.36.99, host: pr-hdds-1569-p5fx8-1226042367, networkLocation: /default-rack, certSerialId: null}
2019-09-20 10:25:21,624 | INFO  | SCMAudit | user=jenkins1000 | ip=192.168.36.99 | op=REGISTER {datanodeDetails=7f6418e1-cc7a-441a-8f41-c73576b5a1c5{ip: 192.168.36.99, host: pr-hdds-1569-p5fx8-1226042367, networkLocation: /default-rack, certSerialId: null}} | ret=SUCCESS |  
2019-09-20 10:25:21,643 [pool-357-thread-1] INFO  storage.RaftStorageDirectory (RaftStorageDirectory.java:tryLock(328)) - Lock on /workdir/hadoop-ozone/integration-test/target/test-dir/MiniOzoneClusterImpl-280c06ed-bcb5-4979-9226-67616719d9ed/datanode-4/data/ratis/89bc7c67-7411-4769-8c88-91196f455865/in_use.lock acquired by nodename 28506@pr-hdds-1569-p5fx8-1226042367
2019-09-20 10:25:21,669 [pool-357-thread-1] INFO  storage.RaftStorage (RaftStorage.java:format(72)) - Storage directory /workdir/hadoop-ozone/integration-test/target/test-dir/MiniOzoneClusterImpl-280c06ed-bcb5-4979-9226-67616719d9ed/datanode-4/data/ratis/89bc7c67-7411-4769-8c88-91196f455865 has been successfully formatted.
2019-09-20 10:25:21,669 [pool-357-thread-1] INFO  ratis.ContainerStateMachine (ContainerStateMachine.java:loadSnapshot(226)) - group-91196F455865: The snapshot info is null. Setting the last applied indexto:(t:0, i:~)
2019-09-20 10:25:21,669 [pool-357-thread-1] INFO  server.RaftServerConfigKeys (ConfUtils.java:logGet(43)) - raft.server.leader.election.timeout = 120s (custom)
2019-09-20 10:25:21,669 [pool-357-thread-1] INFO  server.RaftServerConfigKeys (ConfUtils.java:logGet(43)) - raft.server.log.use.memory = false (default)
2019-09-20 10:25:21,670 [pool-357-thread-1] INFO  server.RaftServerConfigKeys (ConfUtils.java:logGet(43)) - raft.server.log.purge.gap = 1000000 (custom)
2019-09-20 10:25:21,670 [pool-357-thread-1] INFO  server.RaftServerConfigKeys (ConfUtils.java:logGet(43)) - raft.server.log.appender.buffer.byte-limit = 33554432 (custom)
2019-09-20 10:25:21,670 [pool-357-thread-1] INFO  server.RaftServerConfigKeys (ConfUtils.java:logGet(43)) - raft.server.log.segment.size.max = 1048576 (custom)
2019-09-20 10:25:21,670 [pool-357-thread-1] INFO  server.RaftServerConfigKeys (ConfUtils.java:logGet(43)) - raft.server.log.segment.cache.num.max = 2 (custom)
2019-09-20 10:25:21,670 [pool-357-thread-1] INFO  segmented.SegmentedRaftLogWorker (SegmentedRaftLogWorker.java:<init>(172)) - new 075fa85b-703c-4900-807d-88f08b36438a-SegmentedRaftLogWorker:Storage Directory /workdir/hadoop-ozone/integration-test/target/test-dir/MiniOzoneClusterImpl-280c06ed-bcb5-4979-9226-67616719d9ed/datanode-4/data/ratis/89bc7c67-7411-4769-8c88-91196f455865 for RaftStorage:Storage Directory /workdir/hadoop-ozone/integration-test/target/test-dir/MiniOzoneClusterImpl-280c06ed-bcb5-4979-9226-67616719d9ed/datanode-4/data/ratis/89bc7c67-7411-4769-8c88-91196f455865
2019-09-20 10:25:21,670 [pool-357-thread-1] INFO  server.RaftServerConfigKeys (ConfUtils.java:logGet(43)) - raft.server.log.queue.byte-limit = 2147483647 (custom)
2019-09-20 10:25:21,670 [pool-357-thread-1] INFO  server.RaftServerConfigKeys (ConfUtils.java:logGet(43)) - raft.server.log.queue.element-limit = 1024 (custom)
2019-09-20 10:25:21,671 [pool-357-thread-1] INFO  server.RaftServerConfigKeys (ConfUtils.java:logGet(43)) - raft.server.log.segment.size.max = 1048576 (custom)
2019-09-20 10:25:21,671 [pool-357-thread-1] INFO  server.RaftServerConfigKeys (ConfUtils.java:logGet(43)) - raft.server.log.preallocated.size = 16384 (custom)
2019-09-20 10:25:21,671 [pool-357-thread-1] INFO  server.RaftServerConfigKeys (ConfUtils.java:logGet(43)) - raft.server.log.write.buffer.size = 33554432 (custom)
2019-09-20 10:25:21,671 [pool-357-thread-1] INFO  server.RaftServerConfigKeys (ConfUtils.java:logGet(43)) - raft.server.log.force.sync.num = 128 (default)
2019-09-20 10:25:21,671 [pool-357-thread-1] INFO  server.RaftServerConfigKeys (ConfUtils.java:logGet(43)) - raft.server.log.statemachine.data.sync = true (default)
2019-09-20 10:25:21,671 [pool-357-thread-1] INFO  server.RaftServerConfigKeys (ConfUtils.java:logGet(43)) - raft.server.log.statemachine.data.sync.timeout = 10s (default)
2019-09-20 10:25:21,671 [pool-357-thread-1] INFO  server.RaftServerConfigKeys (ConfUtils.java:logGet(43)) - raft.server.log.statemachine.data.sync.timeout.retry = -1 (default)
2019-09-20 10:25:21,672 [pool-357-thread-1] INFO  server.RaftServerConfigKeys (ConfUtils.java:logGet(43)) - raft.server.log.statemachine.data.caching.enabled = true (custom)
2019-09-20 10:25:21,672 [pool-357-thread-1] INFO  segmented.SegmentedRaftLogWorker (SegmentedRaftLogWorker.java:lambda$new$0(132)) - 075fa85b-703c-4900-807d-88f08b36438a-SegmentedRaftLogWorker:Storage Directory /workdir/hadoop-ozone/integration-test/target/test-dir/MiniOzoneClusterImpl-280c06ed-bcb5-4979-9226-67616719d9ed/datanode-4/data/ratis/89bc7c67-7411-4769-8c88-91196f455865: flushIndex: setUnconditionally 0 -> -1
2019-09-20 10:25:21,672 [pool-357-thread-1] INFO  server.RaftServerConfigKeys (ConfUtils.java:logGet(43)) - raft.server.snapshot.auto.trigger.enabled = true (custom)
2019-09-20 10:25:21,672 [pool-357-thread-1] INFO  server.RaftServerConfigKeys (ConfUtils.java:logGet(43)) - raft.server.snapshot.auto.trigger.threshold = 10000 (custom)
2019-09-20 10:25:21,673 [pool-357-thread-1] INFO  server.RaftServerConfigKeys (ConfUtils.java:logGet(43)) - raft.server.retrycache.expirytime = 600000ms (custom)
2019-09-20 10:25:21,673 [pool-357-thread-1] INFO  impl.RaftServerImpl (RaftServerImpl.java:start(180)) - 075fa85b-703c-4900-807d-88f08b36438a: start group-91196F455865
2019-09-20 10:25:21,673 [pool-357-thread-1] INFO  impl.RaftServerImpl (RaftServerImpl.java:setRole(171)) - 075fa85b-703c-4900-807d-88f08b36438a:group-91196F455865 changes role from null to FOLLOWER at term 0 for startAsFollower
2019-09-20 10:25:21,673 [pool-357-thread-1] INFO  impl.RoleInfo (RoleInfo.java:updateAndGet(143)) - 075fa85b-703c-4900-807d-88f08b36438a: start FollowerState
2019-09-20 10:25:21,673 [pool-357-thread-1] INFO  util.JmxRegister (JmxRegister.java:tryRegister(44)) - Successfully registered JMX Bean with object name Ratis:service=RaftServer,group=group-91196F455865,id=075fa85b-703c-4900-807d-88f08b36438a
2019-09-20 10:25:21,676 [RatisPipelineUtilsThread] INFO  pipeline.PipelineStateManager (PipelineStateManager.java:addPipeline(56)) - Created pipeline Pipeline[ Id: 89bc7c67-7411-4769-8c88-91196f455865, Nodes: 075fa85b-703c-4900-807d-88f08b36438a{ip: 192.168.36.99, host: pr-hdds-1569-p5fx8-1226042367, networkLocation: /default-rack, certSerialId: null}, Type:RATIS, Factor:ONE, State:OPEN]
2019-09-20 10:25:21,677 [RatisPipelineUtilsThread] INFO  pipeline.PipelinePlacementPolicy (PipelinePlacementPolicy.java:meetCriteria(91)) - Pipeline Placement: Doesn't meet the criteria to be viable node： 1bfb6844-04ed-4104-839b-60e510b6bb68 Heaviness: 6 limit: 5
2019-09-20 10:25:21,677 [RatisPipelineUtilsThread] INFO  pipeline.PipelinePlacementPolicy (PipelinePlacementPolicy.java:meetCriteria(91)) - Pipeline Placement: Doesn't meet the criteria to be viable node： 99153be1-ba81-4c7b-b6ab-4442760615cb Heaviness: 6 limit: 5
2019-09-20 10:25:21,677 [RatisPipelineUtilsThread] INFO  pipeline.PipelinePlacementPolicy (PipelinePlacementPolicy.java:meetCriteria(91)) - Pipeline Placement: Doesn't meet the criteria to be viable node： e29464ab-17d7-4a4e-ab54-c178fccc723c Heaviness: 6 limit: 5
2019-09-20 10:25:21,677 [RatisPipelineUtilsThread] INFO  pipeline.PipelinePlacementPolicy (PipelinePlacementPolicy.java:meetCriteria(91)) - Pipeline Placement: Doesn't meet the criteria to be viable node： fac63c4b-287e-453e-9ac7-8c8c283fdab7 Heaviness: 6 limit: 5
2019-09-20 10:25:21,683 [grpc-default-executor-4] INFO  impl.RaftServerProxy (RaftServerProxy.java:addNew(89)) - 075fa85b-703c-4900-807d-88f08b36438a: addNew group-F3EA30D046C0:[075fa85b-703c-4900-807d-88f08b36438a:192.168.36.99:38301] returns group-F3EA30D046C0:java.util.concurrent.CompletableFuture@a1fb41b[Not completed]
2019-09-20 10:25:21,684 [pool-357-thread-1] INFO  impl.RaftServerImpl (RaftServerImpl.java:<init>(93)) - 075fa85b-703c-4900-807d-88f08b36438a: new RaftServerImpl for group-F3EA30D046C0:[075fa85b-703c-4900-807d-88f08b36438a:192.168.36.99:38301] with ContainerStateMachine:uninitialized
2019-09-20 10:25:21,684 [pool-357-thread-1] INFO  server.RaftServerConfigKeys (ConfUtils.java:logGet(43)) - raft.server.rpc.timeout.min = 5s (custom)
2019-09-20 10:25:21,684 [pool-357-thread-1] INFO  server.RaftServerConfigKeys (ConfUtils.java:logGet(43)) - raft.server.rpc.timeout.max = 5200ms (custom)
2019-09-20 10:25:21,684 [pool-357-thread-1] INFO  server.RaftServerConfigKeys (ConfUtils.java:logGet(43)) - raft.server.rpcslowness.timeout = 120s (custom)
2019-09-20 10:25:21,684 [pool-357-thread-1] INFO  server.RaftServerConfigKeys (ConfUtils.java:logGet(43)) - raft.server.sleep.deviation.threshold = 300 (default)
2019-09-20 10:25:21,684 [pool-357-thread-1] INFO  server.RaftServerConfigKeys (ConfUtils.java:logGet(43)) - raft.server.log.appender.install.snapshot.enabled = false (custom)
2019-09-20 10:25:21,685 [pool-357-thread-1] INFO  impl.RaftServerImpl (ServerState.java:<init>(105)) - 075fa85b-703c-4900-807d-88f08b36438a:group-F3EA30D046C0 ConfigurationManager, init=-1: [075fa85b-703c-4900-807d-88f08b36438a:192.168.36.99:38301], old=null, confs=<EMPTY_MAP>
2019-09-20 10:25:21,685 [pool-357-thread-1] INFO  server.RaftServerConfigKeys (ConfUtils.java:logGet(43)) - raft.server.storage.dir = [/workdir/hadoop-ozone/integration-test/target/test-dir/MiniOzoneClusterImpl-280c06ed-bcb5-4979-9226-67616719d9ed/datanode-4/data/ratis] (custom)
2019-09-20 10:25:21,685 [pool-357-thread-1] INFO  storage.RaftStorageDirectory (RaftStorageDirectory.java:analyzeStorage(246)) - The storage directory /workdir/hadoop-ozone/integration-test/target/test-dir/MiniOzoneClusterImpl-280c06ed-bcb5-4979-9226-67616719d9ed/datanode-4/data/ratis/b19d2aa1-f5ab-4278-ae4d-f3ea30d046c0 does not exist. Creating ...
2019-09-20 10:25:21,711 [pool-357-thread-1] INFO  storage.RaftStorageDirectory (RaftStorageDirectory.java:tryLock(328)) - Lock on /workdir/hadoop-ozone/integration-test/target/test-dir/MiniOzoneClusterImpl-280c06ed-bcb5-4979-9226-67616719d9ed/datanode-4/data/ratis/b19d2aa1-f5ab-4278-ae4d-f3ea30d046c0/in_use.lock acquired by nodename 28506@pr-hdds-1569-p5fx8-1226042367
2019-09-20 10:25:21,736 [pool-357-thread-1] INFO  storage.RaftStorage (RaftStorage.java:format(72)) - Storage directory /workdir/hadoop-ozone/integration-test/target/test-dir/MiniOzoneClusterImpl-280c06ed-bcb5-4979-9226-67616719d9ed/datanode-4/data/ratis/b19d2aa1-f5ab-4278-ae4d-f3ea30d046c0 has been successfully formatted.
2019-09-20 10:25:21,737 [pool-357-thread-1] INFO  ratis.ContainerStateMachine (ContainerStateMachine.java:loadSnapshot(226)) - group-F3EA30D046C0: The snapshot info is null. Setting the last applied indexto:(t:0, i:~)
2019-09-20 10:25:21,737 [pool-357-thread-1] INFO  server.RaftServerConfigKeys (ConfUtils.java:logGet(43)) - raft.server.leader.election.timeout = 120s (custom)
2019-09-20 10:25:21,737 [pool-357-thread-1] INFO  server.RaftServerConfigKeys (ConfUtils.java:logGet(43)) - raft.server.log.use.memory = false (default)
2019-09-20 10:25:21,737 [pool-357-thread-1] INFO  server.RaftServerConfigKeys (ConfUtils.java:logGet(43)) - raft.server.log.purge.gap = 1000000 (custom)
2019-09-20 10:25:21,737 [pool-357-thread-1] INFO  server.RaftServerConfigKeys (ConfUtils.java:logGet(43)) - raft.server.log.appender.buffer.byte-limit = 33554432 (custom)
2019-09-20 10:25:21,738 [pool-357-thread-1] INFO  server.RaftServerConfigKeys (ConfUtils.java:logGet(43)) - raft.server.log.segment.size.max = 1048576 (custom)
2019-09-20 10:25:21,738 [pool-357-thread-1] INFO  server.RaftServerConfigKeys (ConfUtils.java:logGet(43)) - raft.server.log.segment.cache.num.max = 2 (custom)
2019-09-20 10:25:21,738 [pool-357-thread-1] INFO  segmented.SegmentedRaftLogWorker (SegmentedRaftLogWorker.java:<init>(172)) - new 075fa85b-703c-4900-807d-88f08b36438a-SegmentedRaftLogWorker:Storage Directory /workdir/hadoop-ozone/integration-test/target/test-dir/MiniOzoneClusterImpl-280c06ed-bcb5-4979-9226-67616719d9ed/datanode-4/data/ratis/b19d2aa1-f5ab-4278-ae4d-f3ea30d046c0 for RaftStorage:Storage Directory /workdir/hadoop-ozone/integration-test/target/test-dir/MiniOzoneClusterImpl-280c06ed-bcb5-4979-9226-67616719d9ed/datanode-4/data/ratis/b19d2aa1-f5ab-4278-ae4d-f3ea30d046c0
2019-09-20 10:25:21,738 [pool-357-thread-1] INFO  server.RaftServerConfigKeys (ConfUtils.java:logGet(43)) - raft.server.log.queue.byte-limit = 2147483647 (custom)
2019-09-20 10:25:21,738 [pool-357-thread-1] INFO  server.RaftServerConfigKeys (ConfUtils.java:logGet(43)) - raft.server.log.queue.element-limit = 1024 (custom)
2019-09-20 10:25:21,738 [pool-357-thread-1] INFO  server.RaftServerConfigKeys (ConfUtils.java:logGet(43)) - raft.server.log.segment.size.max = 1048576 (custom)
2019-09-20 10:25:21,739 [pool-357-thread-1] INFO  server.RaftServerConfigKeys (ConfUtils.java:logGet(43)) - raft.server.log.preallocated.size = 16384 (custom)
2019-09-20 10:25:21,739 [pool-357-thread-1] INFO  server.RaftServerConfigKeys (ConfUtils.java:logGet(43)) - raft.server.log.write.buffer.size = 33554432 (custom)
2019-09-20 10:25:21,739 [pool-357-thread-1] INFO  server.RaftServerConfigKeys (ConfUtils.java:logGet(43)) - raft.server.log.force.sync.num = 128 (default)
2019-09-20 10:25:21,739 [pool-357-thread-1] INFO  server.RaftServerConfigKeys (ConfUtils.java:logGet(43)) - raft.server.log.statemachine.data.sync = true (default)
2019-09-20 10:25:21,739 [pool-357-thread-1] INFO  server.RaftServerConfigKeys (ConfUtils.java:logGet(43)) - raft.server.log.statemachine.data.sync.timeout = 10s (default)
2019-09-20 10:25:21,739 [pool-357-thread-1] INFO  server.RaftServerConfigKeys (ConfUtils.java:logGet(43)) - raft.server.log.statemachine.data.sync.timeout.retry = -1 (default)
2019-09-20 10:25:21,740 [pool-357-thread-1] INFO  server.RaftServerConfigKeys (ConfUtils.java:logGet(43)) - raft.server.log.statemachine.data.caching.enabled = true (custom)
2019-09-20 10:25:21,740 [pool-357-thread-1] INFO  segmented.SegmentedRaftLogWorker (SegmentedRaftLogWorker.java:lambda$new$0(132)) - 075fa85b-703c-4900-807d-88f08b36438a-SegmentedRaftLogWorker:Storage Directory /workdir/hadoop-ozone/integration-test/target/test-dir/MiniOzoneClusterImpl-280c06ed-bcb5-4979-9226-67616719d9ed/datanode-4/data/ratis/b19d2aa1-f5ab-4278-ae4d-f3ea30d046c0: flushIndex: setUnconditionally 0 -> -1
2019-09-20 10:25:21,740 [pool-357-thread-1] INFO  server.RaftServerConfigKeys (ConfUtils.java:logGet(43)) - raft.server.snapshot.auto.trigger.enabled = true (custom)
2019-09-20 10:25:21,740 [pool-357-thread-1] INFO  server.RaftServerConfigKeys (ConfUtils.java:logGet(43)) - raft.server.snapshot.auto.trigger.threshold = 10000 (custom)
2019-09-20 10:25:21,741 [pool-357-thread-1] INFO  server.RaftServerConfigKeys (ConfUtils.java:logGet(43)) - raft.server.retrycache.expirytime = 600000ms (custom)
2019-09-20 10:25:21,741 [pool-357-thread-1] INFO  impl.RaftServerImpl (RaftServerImpl.java:start(180)) - 075fa85b-703c-4900-807d-88f08b36438a: start group-F3EA30D046C0
2019-09-20 10:25:21,741 [pool-357-thread-1] INFO  impl.RaftServerImpl (RaftServerImpl.java:setRole(171)) - 075fa85b-703c-4900-807d-88f08b36438a:group-F3EA30D046C0 changes role from null to FOLLOWER at term 0 for startAsFollower
2019-09-20 10:25:21,741 [pool-357-thread-1] INFO  impl.RoleInfo (RoleInfo.java:updateAndGet(143)) - 075fa85b-703c-4900-807d-88f08b36438a: start FollowerState
2019-09-20 10:25:21,742 [pool-357-thread-1] INFO  util.JmxRegister (JmxRegister.java:tryRegister(44)) - Successfully registered JMX Bean with object name Ratis:service=RaftServer,group=group-F3EA30D046C0,id=075fa85b-703c-4900-807d-88f08b36438a
2019-09-20 10:25:21,745 [RatisPipelineUtilsThread] INFO  pipeline.PipelineStateManager (PipelineStateManager.java:addPipeline(56)) - Created pipeline Pipeline[ Id: b19d2aa1-f5ab-4278-ae4d-f3ea30d046c0, Nodes: 075fa85b-703c-4900-807d-88f08b36438a{ip: 192.168.36.99, host: pr-hdds-1569-p5fx8-1226042367, networkLocation: /default-rack, certSerialId: null}, Type:RATIS, Factor:ONE, State:OPEN]
2019-09-20 10:25:21,745 [RatisPipelineUtilsThread] INFO  pipeline.PipelinePlacementPolicy (PipelinePlacementPolicy.java:meetCriteria(91)) - Pipeline Placement: Doesn't meet the criteria to be viable node： 1bfb6844-04ed-4104-839b-60e510b6bb68 Heaviness: 6 limit: 5
2019-09-20 10:25:21,746 [RatisPipelineUtilsThread] INFO  pipeline.PipelinePlacementPolicy (PipelinePlacementPolicy.java:meetCriteria(91)) - Pipeline Placement: Doesn't meet the criteria to be viable node： 075fa85b-703c-4900-807d-88f08b36438a Heaviness: 6 limit: 5
2019-09-20 10:25:21,746 [RatisPipelineUtilsThread] INFO  pipeline.PipelinePlacementPolicy (PipelinePlacementPolicy.java:meetCriteria(91)) - Pipeline Placement: Doesn't meet the criteria to be viable node： 99153be1-ba81-4c7b-b6ab-4442760615cb Heaviness: 6 limit: 5
2019-09-20 10:25:21,746 [RatisPipelineUtilsThread] INFO  pipeline.PipelinePlacementPolicy (PipelinePlacementPolicy.java:meetCriteria(91)) - Pipeline Placement: Doesn't meet the criteria to be viable node： e29464ab-17d7-4a4e-ab54-c178fccc723c Heaviness: 6 limit: 5
2019-09-20 10:25:21,746 [RatisPipelineUtilsThread] INFO  pipeline.PipelinePlacementPolicy (PipelinePlacementPolicy.java:meetCriteria(91)) - Pipeline Placement: Doesn't meet the criteria to be viable node： fac63c4b-287e-453e-9ac7-8c8c283fdab7 Heaviness: 6 limit: 5
2019-09-20 10:25:21,750 | INFO  | SCMAudit | user=jenkins1000 | ip=192.168.36.99 | op=SEND_HEARTBEAT {datanodeUUID=61649f92-8c0f-475a-818d-1064548aeef6, command=[]} | ret=SUCCESS |  
2019-09-20 10:25:21,763 [grpc-default-executor-4] INFO  impl.RaftServerProxy (RaftServerProxy.java:addNew(89)) - 7f6418e1-cc7a-441a-8f41-c73576b5a1c5: addNew group-78AA40479DD8:[7f6418e1-cc7a-441a-8f41-c73576b5a1c5:192.168.36.99:40506] returns group-78AA40479DD8:java.util.concurrent.CompletableFuture@3bcdc0d8[Not completed]
2019-09-20 10:25:21,765 [pool-368-thread-1] INFO  impl.RaftServerImpl (RaftServerImpl.java:<init>(93)) - 7f6418e1-cc7a-441a-8f41-c73576b5a1c5: new RaftServerImpl for group-78AA40479DD8:[7f6418e1-cc7a-441a-8f41-c73576b5a1c5:192.168.36.99:40506] with ContainerStateMachine:uninitialized
2019-09-20 10:25:21,766 [pool-368-thread-1] INFO  server.RaftServerConfigKeys (ConfUtils.java:logGet(43)) - raft.server.rpc.timeout.min = 5s (custom)
2019-09-20 10:25:21,766 [pool-368-thread-1] INFO  server.RaftServerConfigKeys (ConfUtils.java:logGet(43)) - raft.server.rpc.timeout.max = 5200ms (custom)
2019-09-20 10:25:21,766 [pool-368-thread-1] INFO  server.RaftServerConfigKeys (ConfUtils.java:logGet(43)) - raft.server.rpcslowness.timeout = 120s (custom)
2019-09-20 10:25:21,766 [pool-368-thread-1] INFO  server.RaftServerConfigKeys (ConfUtils.java:logGet(43)) - raft.server.sleep.deviation.threshold = 300 (default)
2019-09-20 10:25:21,766 [pool-368-thread-1] INFO  server.RaftServerConfigKeys (ConfUtils.java:logGet(43)) - raft.server.log.appender.install.snapshot.enabled = false (custom)
2019-09-20 10:25:21,766 [pool-368-thread-1] INFO  impl.RaftServerImpl (ServerState.java:<init>(105)) - 7f6418e1-cc7a-441a-8f41-c73576b5a1c5:group-78AA40479DD8 ConfigurationManager, init=-1: [7f6418e1-cc7a-441a-8f41-c73576b5a1c5:192.168.36.99:40506], old=null, confs=<EMPTY_MAP>
2019-09-20 10:25:21,767 [pool-368-thread-1] INFO  server.RaftServerConfigKeys (ConfUtils.java:logGet(43)) - raft.server.storage.dir = [/workdir/hadoop-ozone/integration-test/target/test-dir/MiniOzoneClusterImpl-280c06ed-bcb5-4979-9226-67616719d9ed/datanode-5/data/ratis] (custom)
2019-09-20 10:25:21,767 [pool-368-thread-1] INFO  storage.RaftStorageDirectory (RaftStorageDirectory.java:analyzeStorage(246)) - The storage directory /workdir/hadoop-ozone/integration-test/target/test-dir/MiniOzoneClusterImpl-280c06ed-bcb5-4979-9226-67616719d9ed/datanode-5/data/ratis/111c82a6-d1fa-4f1e-a624-78aa40479dd8 does not exist. Creating ...
2019-09-20 10:25:21,769 | INFO  | SCMAudit | user=jenkins1000 | ip=192.168.36.99 | op=SEND_HEARTBEAT {datanodeUUID=e8013689-2f13-4aaf-8a03-99f419c430ec, command=[]} | ret=SUCCESS |  
2019-09-20 10:25:21,769 | INFO  | SCMAudit | user=jenkins1000 | ip=192.168.36.99 | op=SEND_HEARTBEAT {datanodeUUID=bb8f5112-316d-4974-a5a6-f698f3fbb5be, command=[]} | ret=SUCCESS |  
2019-09-20 10:25:21,769 | INFO  | SCMAudit | user=jenkins1000 | ip=192.168.36.99 | op=SEND_HEARTBEAT {datanodeUUID=99e70dd4-d763-4473-944c-c5628506dcf8, command=[]} | ret=SUCCESS |  
2019-09-20 10:25:21,769 | INFO  | SCMAudit | user=jenkins1000 | ip=192.168.36.99 | op=SEND_HEARTBEAT {datanodeUUID=b5962e8e-c9f1-48aa-8eb4-d8f74b8afdbe, command=[]} | ret=SUCCESS |  
2019-09-20 10:25:21,769 | INFO  | SCMAudit | user=jenkins1000 | ip=192.168.36.99 | op=SEND_HEARTBEAT {datanodeUUID=136f1953-bb94-4097-a2d4-422a6782bee0, command=[]} | ret=SUCCESS |  
2019-09-20 10:25:21,770 | INFO  | SCMAudit | user=jenkins1000 | ip=192.168.36.99 | op=SEND_HEARTBEAT {datanodeUUID=cff8bf6b-8d20-4327-9f29-08a3c2b49247, command=[]} | ret=SUCCESS |  
2019-09-20 10:25:21,770 | INFO  | SCMAudit | user=jenkins1000 | ip=192.168.36.99 | op=SEND_HEARTBEAT {datanodeUUID=60260ec1-e192-4b95-89c8-d924d16a77a9, command=[]} | ret=SUCCESS |  
2019-09-20 10:25:21,770 | INFO  | SCMAudit | user=jenkins1000 | ip=192.168.36.99 | op=SEND_HEARTBEAT {datanodeUUID=c3e532f8-1a8e-44f3-b56b-d765aee893af, command=[]} | ret=SUCCESS |  
2019-09-20 10:25:21,770 | INFO  | SCMAudit | user=jenkins1000 | ip=192.168.36.99 | op=SEND_HEARTBEAT {datanodeUUID=4d972e91-cb6b-45de-8bd2-c18af7abe58b, command=[]} | ret=SUCCESS |  
2019-09-20 10:25:21,770 | INFO  | SCMAudit | user=jenkins1000 | ip=192.168.36.99 | op=SEND_HEARTBEAT {datanodeUUID=66416d0b-a71c-4af1-ae3a-62ca63b880a3, command=[]} | ret=SUCCESS |  
2019-09-20 10:25:21,770 | INFO  | SCMAudit | user=jenkins1000 | ip=192.168.36.99 | op=SEND_HEARTBEAT {datanodeUUID=7af711bd-b5ae-4a73-a8be-b970cae6c2d1, command=[]} | ret=SUCCESS |  
2019-09-20 10:25:21,770 | INFO  | SCMAudit | user=jenkins1000 | ip=192.168.36.99 | op=SEND_HEARTBEAT {datanodeUUID=468be06f-55e9-4831-ba6b-3db017451a79, command=[]} | ret=SUCCESS |  
2019-09-20 10:25:21,770 | INFO  | SCMAudit | user=jenkins1000 | ip=192.168.36.99 | op=SEND_HEARTBEAT {datanodeUUID=d2ed2d9b-7ac7-460e-84f6-6d9d6066f76d, command=[]} | ret=SUCCESS |  
2019-09-20 10:25:21,771 | INFO  | SCMAudit | user=jenkins1000 | ip=192.168.36.99 | op=SEND_HEARTBEAT {datanodeUUID=9e03ffa9-cf79-407a-a150-4c035e5aec5e, command=[]} | ret=SUCCESS |  
2019-09-20 10:25:21,771 | INFO  | SCMAudit | user=jenkins1000 | ip=192.168.36.99 | op=SEND_HEARTBEAT {datanodeUUID=17e2ba94-38a1-40e7-84e0-f6802901db84, command=[]} | ret=SUCCESS |  
2019-09-20 10:25:21,771 | INFO  | SCMAudit | user=jenkins1000 | ip=192.168.36.99 | op=SEND_HEARTBEAT {datanodeUUID=6491c372-a595-4104-b3e9-c4f3293baafa, command=[]} | ret=SUCCESS |  
2019-09-20 10:25:21,771 | INFO  | SCMAudit | user=jenkins1000 | ip=192.168.36.99 | op=SEND_HEARTBEAT {datanodeUUID=3d6f3241-e73c-473a-ad0b-c7be2f7e1dda, command=[]} | ret=SUCCESS |  
2019-09-20 10:25:21,771 | INFO  | SCMAudit | user=jenkins1000 | ip=192.168.36.99 | op=SEND_HEARTBEAT {datanodeUUID=1ab786b9-c79c-4265-88a1-5b3344c6beda, command=[]} | ret=SUCCESS |  
2019-09-20 10:25:21,771 | INFO  | SCMAudit | user=jenkins1000 | ip=192.168.36.99 | op=SEND_HEARTBEAT {datanodeUUID=19fb8383-7c99-4449-b95c-a26e71717844, command=[]} | ret=SUCCESS |  
2019-09-20 10:25:21,770 | INFO  | SCMAudit | user=jenkins1000 | ip=192.168.36.99 | op=SEND_HEARTBEAT {datanodeUUID=54207fe5-d92c-4c2e-b058-fbae630dabef, command=[]} | ret=SUCCESS |  
2019-09-20 10:25:21,795 [pool-368-thread-1] INFO  storage.RaftStorageDirectory (RaftStorageDirectory.java:tryLock(328)) - Lock on /workdir/hadoop-ozone/integration-test/target/test-dir/MiniOzoneClusterImpl-280c06ed-bcb5-4979-9226-67616719d9ed/datanode-5/data/ratis/111c82a6-d1fa-4f1e-a624-78aa40479dd8/in_use.lock acquired by nodename 28506@pr-hdds-1569-p5fx8-1226042367
2019-09-20 10:25:21,812 [pool-368-thread-1] INFO  storage.RaftStorage (RaftStorage.java:format(72)) - Storage directory /workdir/hadoop-ozone/integration-test/target/test-dir/MiniOzoneClusterImpl-280c06ed-bcb5-4979-9226-67616719d9ed/datanode-5/data/ratis/111c82a6-d1fa-4f1e-a624-78aa40479dd8 has been successfully formatted.
2019-09-20 10:25:21,812 [pool-368-thread-1] INFO  ratis.ContainerStateMachine (ContainerStateMachine.java:loadSnapshot(226)) - group-78AA40479DD8: The snapshot info is null. Setting the last applied indexto:(t:0, i:~)
2019-09-20 10:25:21,812 [pool-368-thread-1] INFO  server.RaftServerConfigKeys (ConfUtils.java:logGet(43)) - raft.server.leader.election.timeout = 120s (custom)
2019-09-20 10:25:21,813 [pool-368-thread-1] INFO  server.RaftServerConfigKeys (ConfUtils.java:logGet(43)) - raft.server.log.use.memory = false (default)
2019-09-20 10:25:21,813 [pool-368-thread-1] INFO  server.RaftServerConfigKeys (ConfUtils.java:logGet(43)) - raft.server.log.purge.gap = 1000000 (custom)
2019-09-20 10:25:21,813 [pool-368-thread-1] INFO  server.RaftServerConfigKeys (ConfUtils.java:logGet(43)) - raft.server.log.appender.buffer.byte-limit = 33554432 (custom)
2019-09-20 10:25:21,813 [pool-368-thread-1] INFO  server.RaftServerConfigKeys (ConfUtils.java:logGet(43)) - raft.server.log.segment.size.max = 1048576 (custom)
2019-09-20 10:25:21,813 [pool-368-thread-1] INFO  server.RaftServerConfigKeys (ConfUtils.java:logGet(43)) - raft.server.log.segment.cache.num.max = 2 (custom)
2019-09-20 10:25:21,813 [pool-368-thread-1] INFO  segmented.SegmentedRaftLogWorker (SegmentedRaftLogWorker.java:<init>(172)) - new 7f6418e1-cc7a-441a-8f41-c73576b5a1c5-SegmentedRaftLogWorker:Storage Directory /workdir/hadoop-ozone/integration-test/target/test-dir/MiniOzoneClusterImpl-280c06ed-bcb5-4979-9226-67616719d9ed/datanode-5/data/ratis/111c82a6-d1fa-4f1e-a624-78aa40479dd8 for RaftStorage:Storage Directory /workdir/hadoop-ozone/integration-test/target/test-dir/MiniOzoneClusterImpl-280c06ed-bcb5-4979-9226-67616719d9ed/datanode-5/data/ratis/111c82a6-d1fa-4f1e-a624-78aa40479dd8
2019-09-20 10:25:21,813 [pool-368-thread-1] INFO  server.RaftServerConfigKeys (ConfUtils.java:logGet(43)) - raft.server.log.queue.byte-limit = 2147483647 (custom)
2019-09-20 10:25:21,814 [pool-368-thread-1] INFO  server.RaftServerConfigKeys (ConfUtils.java:logGet(43)) - raft.server.log.queue.element-limit = 1024 (custom)
2019-09-20 10:25:21,814 [pool-368-thread-1] INFO  server.RaftServerConfigKeys (ConfUtils.java:logGet(43)) - raft.server.log.segment.size.max = 1048576 (custom)
2019-09-20 10:25:21,814 [pool-368-thread-1] INFO  server.RaftServerConfigKeys (ConfUtils.java:logGet(43)) - raft.server.log.preallocated.size = 16384 (custom)
2019-09-20 10:25:21,814 [pool-368-thread-1] INFO  server.RaftServerConfigKeys (ConfUtils.java:logGet(43)) - raft.server.log.write.buffer.size = 33554432 (custom)
2019-09-20 10:25:21,814 [pool-368-thread-1] INFO  server.RaftServerConfigKeys (ConfUtils.java:logGet(43)) - raft.server.log.force.sync.num = 128 (default)
2019-09-20 10:25:21,814 [pool-368-thread-1] INFO  server.RaftServerConfigKeys (ConfUtils.java:logGet(43)) - raft.server.log.statemachine.data.sync = true (default)
2019-09-20 10:25:21,814 [pool-368-thread-1] INFO  server.RaftServerConfigKeys (ConfUtils.java:logGet(43)) - raft.server.log.statemachine.data.sync.timeout = 10s (default)
2019-09-20 10:25:21,814 [pool-368-thread-1] INFO  server.RaftServerConfigKeys (ConfUtils.java:logGet(43)) - raft.server.log.statemachine.data.sync.timeout.retry = -1 (default)
2019-09-20 10:25:21,815 [pool-368-thread-1] INFO  server.RaftServerConfigKeys (ConfUtils.java:logGet(43)) - raft.server.log.statemachine.data.caching.enabled = true (custom)
2019-09-20 10:25:21,815 [pool-368-thread-1] INFO  segmented.SegmentedRaftLogWorker (SegmentedRaftLogWorker.java:lambda$new$0(132)) - 7f6418e1-cc7a-441a-8f41-c73576b5a1c5-SegmentedRaftLogWorker:Storage Directory /workdir/hadoop-ozone/integration-test/target/test-dir/MiniOzoneClusterImpl-280c06ed-bcb5-4979-9226-67616719d9ed/datanode-5/data/ratis/111c82a6-d1fa-4f1e-a624-78aa40479dd8: flushIndex: setUnconditionally 0 -> -1
2019-09-20 10:25:21,815 [pool-368-thread-1] INFO  server.RaftServerConfigKeys (ConfUtils.java:logGet(43)) - raft.server.snapshot.auto.trigger.enabled = true (custom)
2019-09-20 10:25:21,815 [pool-368-thread-1] INFO  server.RaftServerConfigKeys (ConfUtils.java:logGet(43)) - raft.server.snapshot.auto.trigger.threshold = 10000 (custom)
2019-09-20 10:25:21,816 [pool-368-thread-1] INFO  server.RaftServerConfigKeys (ConfUtils.java:logGet(43)) - raft.server.retrycache.expirytime = 600000ms (custom)
2019-09-20 10:25:21,816 [pool-368-thread-1] INFO  impl.RaftServerImpl (RaftServerImpl.java:start(180)) - 7f6418e1-cc7a-441a-8f41-c73576b5a1c5: start group-78AA40479DD8
2019-09-20 10:25:21,816 [pool-368-thread-1] INFO  impl.RaftServerImpl (RaftServerImpl.java:setRole(171)) - 7f6418e1-cc7a-441a-8f41-c73576b5a1c5:group-78AA40479DD8 changes role from null to FOLLOWER at term 0 for startAsFollower
2019-09-20 10:25:21,816 [pool-368-thread-1] INFO  impl.RoleInfo (RoleInfo.java:updateAndGet(143)) - 7f6418e1-cc7a-441a-8f41-c73576b5a1c5: start FollowerState
2019-09-20 10:25:21,816 [pool-368-thread-1] INFO  util.JmxRegister (JmxRegister.java:tryRegister(44)) - Successfully registered JMX Bean with object name Ratis:service=RaftServer,group=group-78AA40479DD8,id=7f6418e1-cc7a-441a-8f41-c73576b5a1c5
2019-09-20 10:25:21,819 [RatisPipelineUtilsThread] INFO  pipeline.PipelineStateManager (PipelineStateManager.java:addPipeline(56)) - Created pipeline Pipeline[ Id: 111c82a6-d1fa-4f1e-a624-78aa40479dd8, Nodes: 7f6418e1-cc7a-441a-8f41-c73576b5a1c5{ip: 192.168.36.99, host: pr-hdds-1569-p5fx8-1226042367, networkLocation: /default-rack, certSerialId: null}, Type:RATIS, Factor:ONE, State:OPEN]
2019-09-20 10:25:21,819 [RatisPipelineUtilsThread] INFO  pipeline.PipelinePlacementPolicy (PipelinePlacementPolicy.java:meetCriteria(91)) - Pipeline Placement: Doesn't meet the criteria to be viable node： 1bfb6844-04ed-4104-839b-60e510b6bb68 Heaviness: 6 limit: 5
2019-09-20 10:25:21,820 [RatisPipelineUtilsThread] INFO  pipeline.PipelinePlacementPolicy (PipelinePlacementPolicy.java:meetCriteria(91)) - Pipeline Placement: Doesn't meet the criteria to be viable node： 075fa85b-703c-4900-807d-88f08b36438a Heaviness: 6 limit: 5
2019-09-20 10:25:21,820 [RatisPipelineUtilsThread] INFO  pipeline.PipelinePlacementPolicy (PipelinePlacementPolicy.java:meetCriteria(91)) - Pipeline Placement: Doesn't meet the criteria to be viable node： 99153be1-ba81-4c7b-b6ab-4442760615cb Heaviness: 6 limit: 5
2019-09-20 10:25:21,820 [RatisPipelineUtilsThread] INFO  pipeline.PipelinePlacementPolicy (PipelinePlacementPolicy.java:meetCriteria(91)) - Pipeline Placement: Doesn't meet the criteria to be viable node： e29464ab-17d7-4a4e-ab54-c178fccc723c Heaviness: 6 limit: 5
2019-09-20 10:25:21,820 [RatisPipelineUtilsThread] INFO  pipeline.PipelinePlacementPolicy (PipelinePlacementPolicy.java:meetCriteria(91)) - Pipeline Placement: Doesn't meet the criteria to be viable node： fac63c4b-287e-453e-9ac7-8c8c283fdab7 Heaviness: 6 limit: 5
2019-09-20 10:25:21,825 [grpc-default-executor-4] INFO  impl.RaftServerProxy (RaftServerProxy.java:addNew(89)) - 7f6418e1-cc7a-441a-8f41-c73576b5a1c5: addNew group-E502266162A0:[7f6418e1-cc7a-441a-8f41-c73576b5a1c5:192.168.36.99:40506] returns group-E502266162A0:java.util.concurrent.CompletableFuture@11a8b114[Not completed]
2019-09-20 10:25:21,826 [pool-368-thread-1] INFO  impl.RaftServerImpl (RaftServerImpl.java:<init>(93)) - 7f6418e1-cc7a-441a-8f41-c73576b5a1c5: new RaftServerImpl for group-E502266162A0:[7f6418e1-cc7a-441a-8f41-c73576b5a1c5:192.168.36.99:40506] with ContainerStateMachine:uninitialized
2019-09-20 10:25:21,826 [pool-368-thread-1] INFO  server.RaftServerConfigKeys (ConfUtils.java:logGet(43)) - raft.server.rpc.timeout.min = 5s (custom)
2019-09-20 10:25:21,826 [pool-368-thread-1] INFO  server.RaftServerConfigKeys (ConfUtils.java:logGet(43)) - raft.server.rpc.timeout.max = 5200ms (custom)
2019-09-20 10:25:21,826 [pool-368-thread-1] INFO  server.RaftServerConfigKeys (ConfUtils.java:logGet(43)) - raft.server.rpcslowness.timeout = 120s (custom)
2019-09-20 10:25:21,827 [pool-368-thread-1] INFO  server.RaftServerConfigKeys (ConfUtils.java:logGet(43)) - raft.server.sleep.deviation.threshold = 300 (default)
2019-09-20 10:25:21,827 [pool-368-thread-1] INFO  server.RaftServerConfigKeys (ConfUtils.java:logGet(43)) - raft.server.log.appender.install.snapshot.enabled = false (custom)
2019-09-20 10:25:21,827 [pool-368-thread-1] INFO  impl.RaftServerImpl (ServerState.java:<init>(105)) - 7f6418e1-cc7a-441a-8f41-c73576b5a1c5:group-E502266162A0 ConfigurationManager, init=-1: [7f6418e1-cc7a-441a-8f41-c73576b5a1c5:192.168.36.99:40506], old=null, confs=<EMPTY_MAP>
2019-09-20 10:25:21,827 [pool-368-thread-1] INFO  server.RaftServerConfigKeys (ConfUtils.java:logGet(43)) - raft.server.storage.dir = [/workdir/hadoop-ozone/integration-test/target/test-dir/MiniOzoneClusterImpl-280c06ed-bcb5-4979-9226-67616719d9ed/datanode-5/data/ratis] (custom)
2019-09-20 10:25:21,827 [pool-368-thread-1] INFO  storage.RaftStorageDirectory (RaftStorageDirectory.java:analyzeStorage(246)) - The storage directory /workdir/hadoop-ozone/integration-test/target/test-dir/MiniOzoneClusterImpl-280c06ed-bcb5-4979-9226-67616719d9ed/datanode-5/data/ratis/fc84d5ff-ee7f-44b3-97f2-e502266162a0 does not exist. Creating ...
2019-09-20 10:25:21,862 [pool-368-thread-1] INFO  storage.RaftStorageDirectory (RaftStorageDirectory.java:tryLock(328)) - Lock on /workdir/hadoop-ozone/integration-test/target/test-dir/MiniOzoneClusterImpl-280c06ed-bcb5-4979-9226-67616719d9ed/datanode-5/data/ratis/fc84d5ff-ee7f-44b3-97f2-e502266162a0/in_use.lock acquired by nodename 28506@pr-hdds-1569-p5fx8-1226042367
2019-09-20 10:25:21,888 [pool-368-thread-1] INFO  storage.RaftStorage (RaftStorage.java:format(72)) - Storage directory /workdir/hadoop-ozone/integration-test/target/test-dir/MiniOzoneClusterImpl-280c06ed-bcb5-4979-9226-67616719d9ed/datanode-5/data/ratis/fc84d5ff-ee7f-44b3-97f2-e502266162a0 has been successfully formatted.
2019-09-20 10:25:21,888 [pool-368-thread-1] INFO  ratis.ContainerStateMachine (ContainerStateMachine.java:loadSnapshot(226)) - group-E502266162A0: The snapshot info is null. Setting the last applied indexto:(t:0, i:~)
2019-09-20 10:25:21,888 [pool-368-thread-1] INFO  server.RaftServerConfigKeys (ConfUtils.java:logGet(43)) - raft.server.leader.election.timeout = 120s (custom)
2019-09-20 10:25:21,888 [pool-368-thread-1] INFO  server.RaftServerConfigKeys (ConfUtils.java:logGet(43)) - raft.server.log.use.memory = false (default)
2019-09-20 10:25:21,889 [pool-368-thread-1] INFO  server.RaftServerConfigKeys (ConfUtils.java:logGet(43)) - raft.server.log.purge.gap = 1000000 (custom)
2019-09-20 10:25:21,889 [pool-368-thread-1] INFO  server.RaftServerConfigKeys (ConfUtils.java:logGet(43)) - raft.server.log.appender.buffer.byte-limit = 33554432 (custom)
2019-09-20 10:25:21,889 [pool-368-thread-1] INFO  server.RaftServerConfigKeys (ConfUtils.java:logGet(43)) - raft.server.log.segment.size.max = 1048576 (custom)
2019-09-20 10:25:21,889 [pool-368-thread-1] INFO  server.RaftServerConfigKeys (ConfUtils.java:logGet(43)) - raft.server.log.segment.cache.num.max = 2 (custom)
2019-09-20 10:25:21,889 [pool-368-thread-1] INFO  segmented.SegmentedRaftLogWorker (SegmentedRaftLogWorker.java:<init>(172)) - new 7f6418e1-cc7a-441a-8f41-c73576b5a1c5-SegmentedRaftLogWorker:Storage Directory /workdir/hadoop-ozone/integration-test/target/test-dir/MiniOzoneClusterImpl-280c06ed-bcb5-4979-9226-67616719d9ed/datanode-5/data/ratis/fc84d5ff-ee7f-44b3-97f2-e502266162a0 for RaftStorage:Storage Directory /workdir/hadoop-ozone/integration-test/target/test-dir/MiniOzoneClusterImpl-280c06ed-bcb5-4979-9226-67616719d9ed/datanode-5/data/ratis/fc84d5ff-ee7f-44b3-97f2-e502266162a0
2019-09-20 10:25:21,889 [pool-368-thread-1] INFO  server.RaftServerConfigKeys (ConfUtils.java:logGet(43)) - raft.server.log.queue.byte-limit = 2147483647 (custom)
2019-09-20 10:25:21,890 [pool-368-thread-1] INFO  server.RaftServerConfigKeys (ConfUtils.java:logGet(43)) - raft.server.log.queue.element-limit = 1024 (custom)
2019-09-20 10:25:21,890 [pool-368-thread-1] INFO  server.RaftServerConfigKeys (ConfUtils.java:logGet(43)) - raft.server.log.segment.size.max = 1048576 (custom)
2019-09-20 10:25:21,890 [pool-368-thread-1] INFO  server.RaftServerConfigKeys (ConfUtils.java:logGet(43)) - raft.server.log.preallocated.size = 16384 (custom)
2019-09-20 10:25:21,890 [pool-368-thread-1] INFO  server.RaftServerConfigKeys (ConfUtils.java:logGet(43)) - raft.server.log.write.buffer.size = 33554432 (custom)
2019-09-20 10:25:21,890 [pool-368-thread-1] INFO  server.RaftServerConfigKeys (ConfUtils.java:logGet(43)) - raft.server.log.force.sync.num = 128 (default)
2019-09-20 10:25:21,890 [pool-368-thread-1] INFO  server.RaftServerConfigKeys (ConfUtils.java:logGet(43)) - raft.server.log.statemachine.data.sync = true (default)
2019-09-20 10:25:21,891 [pool-368-thread-1] INFO  server.RaftServerConfigKeys (ConfUtils.java:logGet(43)) - raft.server.log.statemachine.data.sync.timeout = 10s (default)
2019-09-20 10:25:21,891 [pool-368-thread-1] INFO  server.RaftServerConfigKeys (ConfUtils.java:logGet(43)) - raft.server.log.statemachine.data.sync.timeout.retry = -1 (default)
2019-09-20 10:25:21,891 [pool-368-thread-1] INFO  server.RaftServerConfigKeys (ConfUtils.java:logGet(43)) - raft.server.log.statemachine.data.caching.enabled = true (custom)
2019-09-20 10:25:21,891 [pool-368-thread-1] INFO  segmented.SegmentedRaftLogWorker (SegmentedRaftLogWorker.java:lambda$new$0(132)) - 7f6418e1-cc7a-441a-8f41-c73576b5a1c5-SegmentedRaftLogWorker:Storage Directory /workdir/hadoop-ozone/integration-test/target/test-dir/MiniOzoneClusterImpl-280c06ed-bcb5-4979-9226-67616719d9ed/datanode-5/data/ratis/fc84d5ff-ee7f-44b3-97f2-e502266162a0: flushIndex: setUnconditionally 0 -> -1
2019-09-20 10:25:21,892 [pool-368-thread-1] INFO  server.RaftServerConfigKeys (ConfUtils.java:logGet(43)) - raft.server.snapshot.auto.trigger.enabled = true (custom)
2019-09-20 10:25:21,892 [pool-368-thread-1] INFO  server.RaftServerConfigKeys (ConfUtils.java:logGet(43)) - raft.server.snapshot.auto.trigger.threshold = 10000 (custom)
2019-09-20 10:25:21,892 [pool-368-thread-1] INFO  server.RaftServerConfigKeys (ConfUtils.java:logGet(43)) - raft.server.retrycache.expirytime = 600000ms (custom)
2019-09-20 10:25:21,892 [pool-368-thread-1] INFO  impl.RaftServerImpl (RaftServerImpl.java:start(180)) - 7f6418e1-cc7a-441a-8f41-c73576b5a1c5: start group-E502266162A0
2019-09-20 10:25:21,892 [pool-368-thread-1] INFO  impl.RaftServerImpl (RaftServerImpl.java:setRole(171)) - 7f6418e1-cc7a-441a-8f41-c73576b5a1c5:group-E502266162A0 changes role from null to FOLLOWER at term 0 for startAsFollower
2019-09-20 10:25:21,893 [pool-368-thread-1] INFO  impl.RoleInfo (RoleInfo.java:updateAndGet(143)) - 7f6418e1-cc7a-441a-8f41-c73576b5a1c5: start FollowerState
2019-09-20 10:25:21,893 [pool-368-thread-1] INFO  util.JmxRegister (JmxRegister.java:tryRegister(44)) - Successfully registered JMX Bean with object name Ratis:service=RaftServer,group=group-E502266162A0,id=7f6418e1-cc7a-441a-8f41-c73576b5a1c5
2019-09-20 10:25:21,896 [RatisPipelineUtilsThread] INFO  pipeline.PipelineStateManager (PipelineStateManager.java:addPipeline(56)) - Created pipeline Pipeline[ Id: fc84d5ff-ee7f-44b3-97f2-e502266162a0, Nodes: 7f6418e1-cc7a-441a-8f41-c73576b5a1c5{ip: 192.168.36.99, host: pr-hdds-1569-p5fx8-1226042367, networkLocation: /default-rack, certSerialId: null}, Type:RATIS, Factor:ONE, State:OPEN]
2019-09-20 10:25:21,897 [RatisPipelineUtilsThread] INFO  pipeline.PipelinePlacementPolicy (PipelinePlacementPolicy.java:meetCriteria(91)) - Pipeline Placement: Doesn't meet the criteria to be viable node： 1bfb6844-04ed-4104-839b-60e510b6bb68 Heaviness: 6 limit: 5
2019-09-20 10:25:21,897 [RatisPipelineUtilsThread] INFO  pipeline.PipelinePlacementPolicy (PipelinePlacementPolicy.java:meetCriteria(91)) - Pipeline Placement: Doesn't meet the criteria to be viable node： 075fa85b-703c-4900-807d-88f08b36438a Heaviness: 6 limit: 5
2019-09-20 10:25:21,897 [RatisPipelineUtilsThread] INFO  pipeline.PipelinePlacementPolicy (PipelinePlacementPolicy.java:meetCriteria(91)) - Pipeline Placement: Doesn't meet the criteria to be viable node： 99153be1-ba81-4c7b-b6ab-4442760615cb Heaviness: 6 limit: 5
2019-09-20 10:25:21,897 [RatisPipelineUtilsThread] INFO  pipeline.PipelinePlacementPolicy (PipelinePlacementPolicy.java:meetCriteria(91)) - Pipeline Placement: Doesn't meet the criteria to be viable node： e29464ab-17d7-4a4e-ab54-c178fccc723c Heaviness: 6 limit: 5
2019-09-20 10:25:21,897 [RatisPipelineUtilsThread] INFO  pipeline.PipelinePlacementPolicy (PipelinePlacementPolicy.java:meetCriteria(91)) - Pipeline Placement: Doesn't meet the criteria to be viable node： fac63c4b-287e-453e-9ac7-8c8c283fdab7 Heaviness: 6 limit: 5
2019-09-20 10:25:21,903 [grpc-default-executor-4] INFO  impl.RaftServerProxy (RaftServerProxy.java:addNew(89)) - 7f6418e1-cc7a-441a-8f41-c73576b5a1c5: addNew group-1A1FC4652671:[7f6418e1-cc7a-441a-8f41-c73576b5a1c5:192.168.36.99:40506] returns group-1A1FC4652671:java.util.concurrent.CompletableFuture@59b26806[Not completed]
2019-09-20 10:25:21,904 [pool-368-thread-1] INFO  impl.RaftServerImpl (RaftServerImpl.java:<init>(93)) - 7f6418e1-cc7a-441a-8f41-c73576b5a1c5: new RaftServerImpl for group-1A1FC4652671:[7f6418e1-cc7a-441a-8f41-c73576b5a1c5:192.168.36.99:40506] with ContainerStateMachine:uninitialized
2019-09-20 10:25:21,904 [pool-368-thread-1] INFO  server.RaftServerConfigKeys (ConfUtils.java:logGet(43)) - raft.server.rpc.timeout.min = 5s (custom)
2019-09-20 10:25:21,904 [pool-368-thread-1] INFO  server.RaftServerConfigKeys (ConfUtils.java:logGet(43)) - raft.server.rpc.timeout.max = 5200ms (custom)
2019-09-20 10:25:21,904 [pool-368-thread-1] INFO  server.RaftServerConfigKeys (ConfUtils.java:logGet(43)) - raft.server.rpcslowness.timeout = 120s (custom)
2019-09-20 10:25:21,905 [pool-368-thread-1] INFO  server.RaftServerConfigKeys (ConfUtils.java:logGet(43)) - raft.server.sleep.deviation.threshold = 300 (default)
2019-09-20 10:25:21,905 [pool-368-thread-1] INFO  server.RaftServerConfigKeys (ConfUtils.java:logGet(43)) - raft.server.log.appender.install.snapshot.enabled = false (custom)
2019-09-20 10:25:21,905 [pool-368-thread-1] INFO  impl.RaftServerImpl (ServerState.java:<init>(105)) - 7f6418e1-cc7a-441a-8f41-c73576b5a1c5:group-1A1FC4652671 ConfigurationManager, init=-1: [7f6418e1-cc7a-441a-8f41-c73576b5a1c5:192.168.36.99:40506], old=null, confs=<EMPTY_MAP>
2019-09-20 10:25:21,905 [pool-368-thread-1] INFO  server.RaftServerConfigKeys (ConfUtils.java:logGet(43)) - raft.server.storage.dir = [/workdir/hadoop-ozone/integration-test/target/test-dir/MiniOzoneClusterImpl-280c06ed-bcb5-4979-9226-67616719d9ed/datanode-5/data/ratis] (custom)
2019-09-20 10:25:21,905 [pool-368-thread-1] INFO  storage.RaftStorageDirectory (RaftStorageDirectory.java:analyzeStorage(246)) - The storage directory /workdir/hadoop-ozone/integration-test/target/test-dir/MiniOzoneClusterImpl-280c06ed-bcb5-4979-9226-67616719d9ed/datanode-5/data/ratis/b686b836-dc5f-4c38-94bb-1a1fc4652671 does not exist. Creating ...
2019-09-20 10:25:21,946 [pool-368-thread-1] INFO  storage.RaftStorageDirectory (RaftStorageDirectory.java:tryLock(328)) - Lock on /workdir/hadoop-ozone/integration-test/target/test-dir/MiniOzoneClusterImpl-280c06ed-bcb5-4979-9226-67616719d9ed/datanode-5/data/ratis/b686b836-dc5f-4c38-94bb-1a1fc4652671/in_use.lock acquired by nodename 28506@pr-hdds-1569-p5fx8-1226042367
2019-09-20 10:25:21,970 [pool-368-thread-1] INFO  storage.RaftStorage (RaftStorage.java:format(72)) - Storage directory /workdir/hadoop-ozone/integration-test/target/test-dir/MiniOzoneClusterImpl-280c06ed-bcb5-4979-9226-67616719d9ed/datanode-5/data/ratis/b686b836-dc5f-4c38-94bb-1a1fc4652671 has been successfully formatted.
2019-09-20 10:25:21,971 [pool-368-thread-1] INFO  ratis.ContainerStateMachine (ContainerStateMachine.java:loadSnapshot(226)) - group-1A1FC4652671: The snapshot info is null. Setting the last applied indexto:(t:0, i:~)
2019-09-20 10:25:21,971 [pool-368-thread-1] INFO  server.RaftServerConfigKeys (ConfUtils.java:logGet(43)) - raft.server.leader.election.timeout = 120s (custom)
2019-09-20 10:25:21,971 [pool-368-thread-1] INFO  server.RaftServerConfigKeys (ConfUtils.java:logGet(43)) - raft.server.log.use.memory = false (default)
2019-09-20 10:25:21,971 [pool-368-thread-1] INFO  server.RaftServerConfigKeys (ConfUtils.java:logGet(43)) - raft.server.log.purge.gap = 1000000 (custom)
2019-09-20 10:25:21,971 [pool-368-thread-1] INFO  server.RaftServerConfigKeys (ConfUtils.java:logGet(43)) - raft.server.log.appender.buffer.byte-limit = 33554432 (custom)
2019-09-20 10:25:21,972 [pool-368-thread-1] INFO  server.RaftServerConfigKeys (ConfUtils.java:logGet(43)) - raft.server.log.segment.size.max = 1048576 (custom)
2019-09-20 10:25:21,972 [pool-368-thread-1] INFO  server.RaftServerConfigKeys (ConfUtils.java:logGet(43)) - raft.server.log.segment.cache.num.max = 2 (custom)
2019-09-20 10:25:21,972 [pool-368-thread-1] INFO  segmented.SegmentedRaftLogWorker (SegmentedRaftLogWorker.java:<init>(172)) - new 7f6418e1-cc7a-441a-8f41-c73576b5a1c5-SegmentedRaftLogWorker:Storage Directory /workdir/hadoop-ozone/integration-test/target/test-dir/MiniOzoneClusterImpl-280c06ed-bcb5-4979-9226-67616719d9ed/datanode-5/data/ratis/b686b836-dc5f-4c38-94bb-1a1fc4652671 for RaftStorage:Storage Directory /workdir/hadoop-ozone/integration-test/target/test-dir/MiniOzoneClusterImpl-280c06ed-bcb5-4979-9226-67616719d9ed/datanode-5/data/ratis/b686b836-dc5f-4c38-94bb-1a1fc4652671
2019-09-20 10:25:21,972 [pool-368-thread-1] INFO  server.RaftServerConfigKeys (ConfUtils.java:logGet(43)) - raft.server.log.queue.byte-limit = 2147483647 (custom)
2019-09-20 10:25:21,972 [pool-368-thread-1] INFO  server.RaftServerConfigKeys (ConfUtils.java:logGet(43)) - raft.server.log.queue.element-limit = 1024 (custom)
2019-09-20 10:25:21,972 [pool-368-thread-1] INFO  server.RaftServerConfigKeys (ConfUtils.java:logGet(43)) - raft.server.log.segment.size.max = 1048576 (custom)
2019-09-20 10:25:21,973 [pool-368-thread-1] INFO  server.RaftServerConfigKeys (ConfUtils.java:logGet(43)) - raft.server.log.preallocated.size = 16384 (custom)
2019-09-20 10:25:21,973 [pool-368-thread-1] INFO  server.RaftServerConfigKeys (ConfUtils.java:logGet(43)) - raft.server.log.write.buffer.size = 33554432 (custom)
2019-09-20 10:25:21,973 [pool-368-thread-1] INFO  server.RaftServerConfigKeys (ConfUtils.java:logGet(43)) - raft.server.log.force.sync.num = 128 (default)
2019-09-20 10:25:21,973 [pool-368-thread-1] INFO  server.RaftServerConfigKeys (ConfUtils.java:logGet(43)) - raft.server.log.statemachine.data.sync = true (default)
2019-09-20 10:25:21,973 [pool-368-thread-1] INFO  server.RaftServerConfigKeys (ConfUtils.java:logGet(43)) - raft.server.log.statemachine.data.sync.timeout = 10s (default)
2019-09-20 10:25:21,973 [pool-368-thread-1] INFO  server.RaftServerConfigKeys (ConfUtils.java:logGet(43)) - raft.server.log.statemachine.data.sync.timeout.retry = -1 (default)
2019-09-20 10:25:21,974 [pool-368-thread-1] INFO  server.RaftServerConfigKeys (ConfUtils.java:logGet(43)) - raft.server.log.statemachine.data.caching.enabled = true (custom)
2019-09-20 10:25:21,974 [pool-368-thread-1] INFO  segmented.SegmentedRaftLogWorker (SegmentedRaftLogWorker.java:lambda$new$0(132)) - 7f6418e1-cc7a-441a-8f41-c73576b5a1c5-SegmentedRaftLogWorker:Storage Directory /workdir/hadoop-ozone/integration-test/target/test-dir/MiniOzoneClusterImpl-280c06ed-bcb5-4979-9226-67616719d9ed/datanode-5/data/ratis/b686b836-dc5f-4c38-94bb-1a1fc4652671: flushIndex: setUnconditionally 0 -> -1
2019-09-20 10:25:21,974 [pool-368-thread-1] INFO  server.RaftServerConfigKeys (ConfUtils.java:logGet(43)) - raft.server.snapshot.auto.trigger.enabled = true (custom)
2019-09-20 10:25:21,975 [pool-368-thread-1] INFO  server.RaftServerConfigKeys (ConfUtils.java:logGet(43)) - raft.server.snapshot.auto.trigger.threshold = 10000 (custom)
2019-09-20 10:25:21,975 [pool-368-thread-1] INFO  server.RaftServerConfigKeys (ConfUtils.java:logGet(43)) - raft.server.retrycache.expirytime = 600000ms (custom)
2019-09-20 10:25:21,975 [pool-368-thread-1] INFO  impl.RaftServerImpl (RaftServerImpl.java:start(180)) - 7f6418e1-cc7a-441a-8f41-c73576b5a1c5: start group-1A1FC4652671
2019-09-20 10:25:21,975 [pool-368-thread-1] INFO  impl.RaftServerImpl (RaftServerImpl.java:setRole(171)) - 7f6418e1-cc7a-441a-8f41-c73576b5a1c5:group-1A1FC4652671 changes role from null to FOLLOWER at term 0 for startAsFollower
2019-09-20 10:25:21,975 [pool-368-thread-1] INFO  impl.RoleInfo (RoleInfo.java:updateAndGet(143)) - 7f6418e1-cc7a-441a-8f41-c73576b5a1c5: start FollowerState
2019-09-20 10:25:21,976 [pool-368-thread-1] INFO  util.JmxRegister (JmxRegister.java:tryRegister(44)) - Successfully registered JMX Bean with object name Ratis:service=RaftServer,group=group-1A1FC4652671,id=7f6418e1-cc7a-441a-8f41-c73576b5a1c5
2019-09-20 10:25:21,979 [RatisPipelineUtilsThread] INFO  pipeline.PipelineStateManager (PipelineStateManager.java:addPipeline(56)) - Created pipeline Pipeline[ Id: b686b836-dc5f-4c38-94bb-1a1fc4652671, Nodes: 7f6418e1-cc7a-441a-8f41-c73576b5a1c5{ip: 192.168.36.99, host: pr-hdds-1569-p5fx8-1226042367, networkLocation: /default-rack, certSerialId: null}, Type:RATIS, Factor:ONE, State:OPEN]
2019-09-20 10:25:21,979 [RatisPipelineUtilsThread] INFO  pipeline.PipelinePlacementPolicy (PipelinePlacementPolicy.java:meetCriteria(91)) - Pipeline Placement: Doesn't meet the criteria to be viable node： 1bfb6844-04ed-4104-839b-60e510b6bb68 Heaviness: 6 limit: 5
2019-09-20 10:25:21,979 [RatisPipelineUtilsThread] INFO  pipeline.PipelinePlacementPolicy (PipelinePlacementPolicy.java:meetCriteria(91)) - Pipeline Placement: Doesn't meet the criteria to be viable node： 075fa85b-703c-4900-807d-88f08b36438a Heaviness: 6 limit: 5
2019-09-20 10:25:21,980 [RatisPipelineUtilsThread] INFO  pipeline.PipelinePlacementPolicy (PipelinePlacementPolicy.java:meetCriteria(91)) - Pipeline Placement: Doesn't meet the criteria to be viable node： 99153be1-ba81-4c7b-b6ab-4442760615cb Heaviness: 6 limit: 5
2019-09-20 10:25:21,980 [RatisPipelineUtilsThread] INFO  pipeline.PipelinePlacementPolicy (PipelinePlacementPolicy.java:meetCriteria(91)) - Pipeline Placement: Doesn't meet the criteria to be viable node： e29464ab-17d7-4a4e-ab54-c178fccc723c Heaviness: 6 limit: 5
2019-09-20 10:25:21,980 [RatisPipelineUtilsThread] INFO  pipeline.PipelinePlacementPolicy (PipelinePlacementPolicy.java:meetCriteria(91)) - Pipeline Placement: Doesn't meet the criteria to be viable node： fac63c4b-287e-453e-9ac7-8c8c283fdab7 Heaviness: 6 limit: 5
2019-09-20 10:25:21,985 [grpc-default-executor-4] INFO  impl.RaftServerProxy (RaftServerProxy.java:addNew(89)) - 7f6418e1-cc7a-441a-8f41-c73576b5a1c5: addNew group-011E1CC6F6B5:[7f6418e1-cc7a-441a-8f41-c73576b5a1c5:192.168.36.99:40506] returns group-011E1CC6F6B5:java.util.concurrent.CompletableFuture@690152e9[Not completed]
2019-09-20 10:25:21,985 | INFO  | SCMAudit | user=jenkins1000 | ip=192.168.36.99 | op=SEND_HEARTBEAT {datanodeUUID=99153be1-ba81-4c7b-b6ab-4442760615cb, command=[]} | ret=SUCCESS |  
2019-09-20 10:25:21,986 [pool-368-thread-1] INFO  impl.RaftServerImpl (RaftServerImpl.java:<init>(93)) - 7f6418e1-cc7a-441a-8f41-c73576b5a1c5: new RaftServerImpl for group-011E1CC6F6B5:[7f6418e1-cc7a-441a-8f41-c73576b5a1c5:192.168.36.99:40506] with ContainerStateMachine:uninitialized
2019-09-20 10:25:21,986 [pool-368-thread-1] INFO  server.RaftServerConfigKeys (ConfUtils.java:logGet(43)) - raft.server.rpc.timeout.min = 5s (custom)
2019-09-20 10:25:21,986 [pool-368-thread-1] INFO  server.RaftServerConfigKeys (ConfUtils.java:logGet(43)) - raft.server.rpc.timeout.max = 5200ms (custom)
2019-09-20 10:25:21,987 [pool-368-thread-1] INFO  server.RaftServerConfigKeys (ConfUtils.java:logGet(43)) - raft.server.rpcslowness.timeout = 120s (custom)
2019-09-20 10:25:21,987 [pool-368-thread-1] INFO  server.RaftServerConfigKeys (ConfUtils.java:logGet(43)) - raft.server.sleep.deviation.threshold = 300 (default)
2019-09-20 10:25:21,987 [pool-368-thread-1] INFO  server.RaftServerConfigKeys (ConfUtils.java:logGet(43)) - raft.server.log.appender.install.snapshot.enabled = false (custom)
2019-09-20 10:25:21,987 [pool-368-thread-1] INFO  impl.RaftServerImpl (ServerState.java:<init>(105)) - 7f6418e1-cc7a-441a-8f41-c73576b5a1c5:group-011E1CC6F6B5 ConfigurationManager, init=-1: [7f6418e1-cc7a-441a-8f41-c73576b5a1c5:192.168.36.99:40506], old=null, confs=<EMPTY_MAP>
2019-09-20 10:25:21,987 [pool-368-thread-1] INFO  server.RaftServerConfigKeys (ConfUtils.java:logGet(43)) - raft.server.storage.dir = [/workdir/hadoop-ozone/integration-test/target/test-dir/MiniOzoneClusterImpl-280c06ed-bcb5-4979-9226-67616719d9ed/datanode-5/data/ratis] (custom)
2019-09-20 10:25:21,988 [pool-368-thread-1] INFO  storage.RaftStorageDirectory (RaftStorageDirectory.java:analyzeStorage(246)) - The storage directory /workdir/hadoop-ozone/integration-test/target/test-dir/MiniOzoneClusterImpl-280c06ed-bcb5-4979-9226-67616719d9ed/datanode-5/data/ratis/f01d5e1b-730a-40c4-be2f-011e1cc6f6b5 does not exist. Creating ...
2019-09-20 10:25:22,010 [pool-368-thread-1] INFO  storage.RaftStorageDirectory (RaftStorageDirectory.java:tryLock(328)) - Lock on /workdir/hadoop-ozone/integration-test/target/test-dir/MiniOzoneClusterImpl-280c06ed-bcb5-4979-9226-67616719d9ed/datanode-5/data/ratis/f01d5e1b-730a-40c4-be2f-011e1cc6f6b5/in_use.lock acquired by nodename 28506@pr-hdds-1569-p5fx8-1226042367
2019-09-20 10:25:22,034 [pool-368-thread-1] INFO  storage.RaftStorage (RaftStorage.java:format(72)) - Storage directory /workdir/hadoop-ozone/integration-test/target/test-dir/MiniOzoneClusterImpl-280c06ed-bcb5-4979-9226-67616719d9ed/datanode-5/data/ratis/f01d5e1b-730a-40c4-be2f-011e1cc6f6b5 has been successfully formatted.
2019-09-20 10:25:22,034 [pool-368-thread-1] INFO  ratis.ContainerStateMachine (ContainerStateMachine.java:loadSnapshot(226)) - group-011E1CC6F6B5: The snapshot info is null. Setting the last applied indexto:(t:0, i:~)
2019-09-20 10:25:22,035 [pool-368-thread-1] INFO  server.RaftServerConfigKeys (ConfUtils.java:logGet(43)) - raft.server.leader.election.timeout = 120s (custom)
2019-09-20 10:25:22,035 [pool-368-thread-1] INFO  server.RaftServerConfigKeys (ConfUtils.java:logGet(43)) - raft.server.log.use.memory = false (default)
2019-09-20 10:25:22,035 [pool-368-thread-1] INFO  server.RaftServerConfigKeys (ConfUtils.java:logGet(43)) - raft.server.log.purge.gap = 1000000 (custom)
2019-09-20 10:25:22,035 [pool-368-thread-1] INFO  server.RaftServerConfigKeys (ConfUtils.java:logGet(43)) - raft.server.log.appender.buffer.byte-limit = 33554432 (custom)
2019-09-20 10:25:22,035 [pool-368-thread-1] INFO  server.RaftServerConfigKeys (ConfUtils.java:logGet(43)) - raft.server.log.segment.size.max = 1048576 (custom)
2019-09-20 10:25:22,035 [pool-368-thread-1] INFO  server.RaftServerConfigKeys (ConfUtils.java:logGet(43)) - raft.server.log.segment.cache.num.max = 2 (custom)
2019-09-20 10:25:22,035 [pool-368-thread-1] INFO  segmented.SegmentedRaftLogWorker (SegmentedRaftLogWorker.java:<init>(172)) - new 7f6418e1-cc7a-441a-8f41-c73576b5a1c5-SegmentedRaftLogWorker:Storage Directory /workdir/hadoop-ozone/integration-test/target/test-dir/MiniOzoneClusterImpl-280c06ed-bcb5-4979-9226-67616719d9ed/datanode-5/data/ratis/f01d5e1b-730a-40c4-be2f-011e1cc6f6b5 for RaftStorage:Storage Directory /workdir/hadoop-ozone/integration-test/target/test-dir/MiniOzoneClusterImpl-280c06ed-bcb5-4979-9226-67616719d9ed/datanode-5/data/ratis/f01d5e1b-730a-40c4-be2f-011e1cc6f6b5
2019-09-20 10:25:22,036 [pool-368-thread-1] INFO  server.RaftServerConfigKeys (ConfUtils.java:logGet(43)) - raft.server.log.queue.byte-limit = 2147483647 (custom)
2019-09-20 10:25:22,036 [pool-368-thread-1] INFO  server.RaftServerConfigKeys (ConfUtils.java:logGet(43)) - raft.server.log.queue.element-limit = 1024 (custom)
2019-09-20 10:25:22,036 [pool-368-thread-1] INFO  server.RaftServerConfigKeys (ConfUtils.java:logGet(43)) - raft.server.log.segment.size.max = 1048576 (custom)
2019-09-20 10:25:22,036 [pool-368-thread-1] INFO  server.RaftServerConfigKeys (ConfUtils.java:logGet(43)) - raft.server.log.preallocated.size = 16384 (custom)
2019-09-20 10:25:22,036 [pool-368-thread-1] INFO  server.RaftServerConfigKeys (ConfUtils.java:logGet(43)) - raft.server.log.write.buffer.size = 33554432 (custom)
2019-09-20 10:25:22,036 [pool-368-thread-1] INFO  server.RaftServerConfigKeys (ConfUtils.java:logGet(43)) - raft.server.log.force.sync.num = 128 (default)
2019-09-20 10:25:22,036 [pool-368-thread-1] INFO  server.RaftServerConfigKeys (ConfUtils.java:logGet(43)) - raft.server.log.statemachine.data.sync = true (default)
2019-09-20 10:25:22,037 [pool-368-thread-1] INFO  server.RaftServerConfigKeys (ConfUtils.java:logGet(43)) - raft.server.log.statemachine.data.sync.timeout = 10s (default)
2019-09-20 10:25:22,037 [pool-368-thread-1] INFO  server.RaftServerConfigKeys (ConfUtils.java:logGet(43)) - raft.server.log.statemachine.data.sync.timeout.retry = -1 (default)
2019-09-20 10:25:22,037 [pool-368-thread-1] INFO  server.RaftServerConfigKeys (ConfUtils.java:logGet(43)) - raft.server.log.statemachine.data.caching.enabled = true (custom)
2019-09-20 10:25:22,037 [pool-368-thread-1] INFO  segmented.SegmentedRaftLogWorker (SegmentedRaftLogWorker.java:lambda$new$0(132)) - 7f6418e1-cc7a-441a-8f41-c73576b5a1c5-SegmentedRaftLogWorker:Storage Directory /workdir/hadoop-ozone/integration-test/target/test-dir/MiniOzoneClusterImpl-280c06ed-bcb5-4979-9226-67616719d9ed/datanode-5/data/ratis/f01d5e1b-730a-40c4-be2f-011e1cc6f6b5: flushIndex: setUnconditionally 0 -> -1
2019-09-20 10:25:22,038 [pool-368-thread-1] INFO  server.RaftServerConfigKeys (ConfUtils.java:logGet(43)) - raft.server.snapshot.auto.trigger.enabled = true (custom)
2019-09-20 10:25:22,038 [pool-368-thread-1] INFO  server.RaftServerConfigKeys (ConfUtils.java:logGet(43)) - raft.server.snapshot.auto.trigger.threshold = 10000 (custom)
2019-09-20 10:25:22,038 [pool-368-thread-1] INFO  server.RaftServerConfigKeys (ConfUtils.java:logGet(43)) - raft.server.retrycache.expirytime = 600000ms (custom)
2019-09-20 10:25:22,038 [pool-368-thread-1] INFO  impl.RaftServerImpl (RaftServerImpl.java:start(180)) - 7f6418e1-cc7a-441a-8f41-c73576b5a1c5: start group-011E1CC6F6B5
2019-09-20 10:25:22,038 [pool-368-thread-1] INFO  impl.RaftServerImpl (RaftServerImpl.java:setRole(171)) - 7f6418e1-cc7a-441a-8f41-c73576b5a1c5:group-011E1CC6F6B5 changes role from null to FOLLOWER at term 0 for startAsFollower
2019-09-20 10:25:22,039 [pool-368-thread-1] INFO  impl.RoleInfo (RoleInfo.java:updateAndGet(143)) - 7f6418e1-cc7a-441a-8f41-c73576b5a1c5: start FollowerState
2019-09-20 10:25:22,039 [pool-368-thread-1] INFO  util.JmxRegister (JmxRegister.java:tryRegister(44)) - Successfully registered JMX Bean with object name Ratis:service=RaftServer,group=group-011E1CC6F6B5,id=7f6418e1-cc7a-441a-8f41-c73576b5a1c5
2019-09-20 10:25:22,042 [RatisPipelineUtilsThread] INFO  pipeline.PipelineStateManager (PipelineStateManager.java:addPipeline(56)) - Created pipeline Pipeline[ Id: f01d5e1b-730a-40c4-be2f-011e1cc6f6b5, Nodes: 7f6418e1-cc7a-441a-8f41-c73576b5a1c5{ip: 192.168.36.99, host: pr-hdds-1569-p5fx8-1226042367, networkLocation: /default-rack, certSerialId: null}, Type:RATIS, Factor:ONE, State:OPEN]
2019-09-20 10:25:22,043 [RatisPipelineUtilsThread] INFO  pipeline.PipelinePlacementPolicy (PipelinePlacementPolicy.java:meetCriteria(91)) - Pipeline Placement: Doesn't meet the criteria to be viable node： 1bfb6844-04ed-4104-839b-60e510b6bb68 Heaviness: 6 limit: 5
2019-09-20 10:25:22,043 [RatisPipelineUtilsThread] INFO  pipeline.PipelinePlacementPolicy (PipelinePlacementPolicy.java:meetCriteria(91)) - Pipeline Placement: Doesn't meet the criteria to be viable node： 075fa85b-703c-4900-807d-88f08b36438a Heaviness: 6 limit: 5
2019-09-20 10:25:22,043 [RatisPipelineUtilsThread] INFO  pipeline.PipelinePlacementPolicy (PipelinePlacementPolicy.java:meetCriteria(91)) - Pipeline Placement: Doesn't meet the criteria to be viable node： 99153be1-ba81-4c7b-b6ab-4442760615cb Heaviness: 6 limit: 5
2019-09-20 10:25:22,043 [RatisPipelineUtilsThread] INFO  pipeline.PipelinePlacementPolicy (PipelinePlacementPolicy.java:meetCriteria(91)) - Pipeline Placement: Doesn't meet the criteria to be viable node： e29464ab-17d7-4a4e-ab54-c178fccc723c Heaviness: 6 limit: 5
2019-09-20 10:25:22,043 [RatisPipelineUtilsThread] INFO  pipeline.PipelinePlacementPolicy (PipelinePlacementPolicy.java:meetCriteria(91)) - Pipeline Placement: Doesn't meet the criteria to be viable node： fac63c4b-287e-453e-9ac7-8c8c283fdab7 Heaviness: 6 limit: 5
2019-09-20 10:25:22,044 [main] INFO  ozone.MiniOzoneClusterImpl (MiniOzoneClusterImpl.java:lambda$waitForClusterToBeReady$0(142)) - Waiting for cluster to be ready. Got 6 of 7 DN Heartbeats.
2019-09-20 10:25:22,045 [IPC Server handler 9 on 33175] INFO  net.NetworkTopology (NetworkTopologyImpl.java:add(110)) - Added a new node: /default-rack/ece458fc-6687-4915-9be7-f98d86977b7d
2019-09-20 10:25:22,046 [IPC Server handler 9 on 33175] INFO  node.SCMNodeManager (SCMNodeManager.java:register(273)) - Registered Data node : ece458fc-6687-4915-9be7-f98d86977b7d{ip: 192.168.36.99, host: pr-hdds-1569-p5fx8-1226042367, networkLocation: /default-rack, certSerialId: null}
2019-09-20 10:25:22,046 | INFO  | SCMAudit | user=jenkins1000 | ip=192.168.36.99 | op=REGISTER {datanodeDetails=ece458fc-6687-4915-9be7-f98d86977b7d{ip: 192.168.36.99, host: pr-hdds-1569-p5fx8-1226042367, networkLocation: /default-rack, certSerialId: null}} | ret=SUCCESS |  
2019-09-20 10:25:22,049 [grpc-default-executor-4] INFO  impl.RaftServerProxy (RaftServerProxy.java:addNew(89)) - 7f6418e1-cc7a-441a-8f41-c73576b5a1c5: addNew group-E5BFBB287E2C:[7f6418e1-cc7a-441a-8f41-c73576b5a1c5:192.168.36.99:40506] returns group-E5BFBB287E2C:java.util.concurrent.CompletableFuture@4aee31ac[Not completed]
2019-09-20 10:25:22,050 [pool-368-thread-1] INFO  impl.RaftServerImpl (RaftServerImpl.java:<init>(93)) - 7f6418e1-cc7a-441a-8f41-c73576b5a1c5: new RaftServerImpl for group-E5BFBB287E2C:[7f6418e1-cc7a-441a-8f41-c73576b5a1c5:192.168.36.99:40506] with ContainerStateMachine:uninitialized
2019-09-20 10:25:22,050 [pool-368-thread-1] INFO  server.RaftServerConfigKeys (ConfUtils.java:logGet(43)) - raft.server.rpc.timeout.min = 5s (custom)
2019-09-20 10:25:22,050 [pool-368-thread-1] INFO  server.RaftServerConfigKeys (ConfUtils.java:logGet(43)) - raft.server.rpc.timeout.max = 5200ms (custom)
2019-09-20 10:25:22,050 [pool-368-thread-1] INFO  server.RaftServerConfigKeys (ConfUtils.java:logGet(43)) - raft.server.rpcslowness.timeout = 120s (custom)
2019-09-20 10:25:22,050 [pool-368-thread-1] INFO  server.RaftServerConfigKeys (ConfUtils.java:logGet(43)) - raft.server.sleep.deviation.threshold = 300 (default)
2019-09-20 10:25:22,050 [pool-368-thread-1] INFO  server.RaftServerConfigKeys (ConfUtils.java:logGet(43)) - raft.server.log.appender.install.snapshot.enabled = false (custom)
2019-09-20 10:25:22,051 [pool-368-thread-1] INFO  impl.RaftServerImpl (ServerState.java:<init>(105)) - 7f6418e1-cc7a-441a-8f41-c73576b5a1c5:group-E5BFBB287E2C ConfigurationManager, init=-1: [7f6418e1-cc7a-441a-8f41-c73576b5a1c5:192.168.36.99:40506], old=null, confs=<EMPTY_MAP>
2019-09-20 10:25:22,051 [pool-368-thread-1] INFO  server.RaftServerConfigKeys (ConfUtils.java:logGet(43)) - raft.server.storage.dir = [/workdir/hadoop-ozone/integration-test/target/test-dir/MiniOzoneClusterImpl-280c06ed-bcb5-4979-9226-67616719d9ed/datanode-5/data/ratis] (custom)
2019-09-20 10:25:22,051 [pool-368-thread-1] INFO  storage.RaftStorageDirectory (RaftStorageDirectory.java:analyzeStorage(246)) - The storage directory /workdir/hadoop-ozone/integration-test/target/test-dir/MiniOzoneClusterImpl-280c06ed-bcb5-4979-9226-67616719d9ed/datanode-5/data/ratis/45cbc64e-87d0-4c77-98c3-e5bfbb287e2c does not exist. Creating ...
2019-09-20 10:25:22,074 [pool-368-thread-1] INFO  storage.RaftStorageDirectory (RaftStorageDirectory.java:tryLock(328)) - Lock on /workdir/hadoop-ozone/integration-test/target/test-dir/MiniOzoneClusterImpl-280c06ed-bcb5-4979-9226-67616719d9ed/datanode-5/data/ratis/45cbc64e-87d0-4c77-98c3-e5bfbb287e2c/in_use.lock acquired by nodename 28506@pr-hdds-1569-p5fx8-1226042367
2019-09-20 10:25:22,098 [pool-368-thread-1] INFO  storage.RaftStorage (RaftStorage.java:format(72)) - Storage directory /workdir/hadoop-ozone/integration-test/target/test-dir/MiniOzoneClusterImpl-280c06ed-bcb5-4979-9226-67616719d9ed/datanode-5/data/ratis/45cbc64e-87d0-4c77-98c3-e5bfbb287e2c has been successfully formatted.
2019-09-20 10:25:22,099 [pool-368-thread-1] INFO  ratis.ContainerStateMachine (ContainerStateMachine.java:loadSnapshot(226)) - group-E5BFBB287E2C: The snapshot info is null. Setting the last applied indexto:(t:0, i:~)
2019-09-20 10:25:22,099 [pool-368-thread-1] INFO  server.RaftServerConfigKeys (ConfUtils.java:logGet(43)) - raft.server.leader.election.timeout = 120s (custom)
2019-09-20 10:25:22,099 [pool-368-thread-1] INFO  server.RaftServerConfigKeys (ConfUtils.java:logGet(43)) - raft.server.log.use.memory = false (default)
2019-09-20 10:25:22,099 [pool-368-thread-1] INFO  server.RaftServerConfigKeys (ConfUtils.java:logGet(43)) - raft.server.log.purge.gap = 1000000 (custom)
2019-09-20 10:25:22,099 [pool-368-thread-1] INFO  server.RaftServerConfigKeys (ConfUtils.java:logGet(43)) - raft.server.log.appender.buffer.byte-limit = 33554432 (custom)
2019-09-20 10:25:22,100 [pool-368-thread-1] INFO  server.RaftServerConfigKeys (ConfUtils.java:logGet(43)) - raft.server.log.segment.size.max = 1048576 (custom)
2019-09-20 10:25:22,100 [pool-368-thread-1] INFO  server.RaftServerConfigKeys (ConfUtils.java:logGet(43)) - raft.server.log.segment.cache.num.max = 2 (custom)
2019-09-20 10:25:22,100 [pool-368-thread-1] INFO  segmented.SegmentedRaftLogWorker (SegmentedRaftLogWorker.java:<init>(172)) - new 7f6418e1-cc7a-441a-8f41-c73576b5a1c5-SegmentedRaftLogWorker:Storage Directory /workdir/hadoop-ozone/integration-test/target/test-dir/MiniOzoneClusterImpl-280c06ed-bcb5-4979-9226-67616719d9ed/datanode-5/data/ratis/45cbc64e-87d0-4c77-98c3-e5bfbb287e2c for RaftStorage:Storage Directory /workdir/hadoop-ozone/integration-test/target/test-dir/MiniOzoneClusterImpl-280c06ed-bcb5-4979-9226-67616719d9ed/datanode-5/data/ratis/45cbc64e-87d0-4c77-98c3-e5bfbb287e2c
2019-09-20 10:25:22,100 [pool-368-thread-1] INFO  server.RaftServerConfigKeys (ConfUtils.java:logGet(43)) - raft.server.log.queue.byte-limit = 2147483647 (custom)
2019-09-20 10:25:22,100 [pool-368-thread-1] INFO  server.RaftServerConfigKeys (ConfUtils.java:logGet(43)) - raft.server.log.queue.element-limit = 1024 (custom)
2019-09-20 10:25:22,100 [pool-368-thread-1] INFO  server.RaftServerConfigKeys (ConfUtils.java:logGet(43)) - raft.server.log.segment.size.max = 1048576 (custom)
2019-09-20 10:25:22,100 [pool-368-thread-1] INFO  server.RaftServerConfigKeys (ConfUtils.java:logGet(43)) - raft.server.log.preallocated.size = 16384 (custom)
2019-09-20 10:25:22,100 [pool-368-thread-1] INFO  server.RaftServerConfigKeys (ConfUtils.java:logGet(43)) - raft.server.log.write.buffer.size = 33554432 (custom)
2019-09-20 10:25:22,101 [pool-368-thread-1] INFO  server.RaftServerConfigKeys (ConfUtils.java:logGet(43)) - raft.server.log.force.sync.num = 128 (default)
2019-09-20 10:25:22,101 [pool-368-thread-1] INFO  server.RaftServerConfigKeys (ConfUtils.java:logGet(43)) - raft.server.log.statemachine.data.sync = true (default)
2019-09-20 10:25:22,101 [pool-368-thread-1] INFO  server.RaftServerConfigKeys (ConfUtils.java:logGet(43)) - raft.server.log.statemachine.data.sync.timeout = 10s (default)
2019-09-20 10:25:22,101 [pool-368-thread-1] INFO  server.RaftServerConfigKeys (ConfUtils.java:logGet(43)) - raft.server.log.statemachine.data.sync.timeout.retry = -1 (default)
2019-09-20 10:25:22,101 [pool-368-thread-1] INFO  server.RaftServerConfigKeys (ConfUtils.java:logGet(43)) - raft.server.log.statemachine.data.caching.enabled = true (custom)
2019-09-20 10:25:22,101 [pool-368-thread-1] INFO  segmented.SegmentedRaftLogWorker (SegmentedRaftLogWorker.java:lambda$new$0(132)) - 7f6418e1-cc7a-441a-8f41-c73576b5a1c5-SegmentedRaftLogWorker:Storage Directory /workdir/hadoop-ozone/integration-test/target/test-dir/MiniOzoneClusterImpl-280c06ed-bcb5-4979-9226-67616719d9ed/datanode-5/data/ratis/45cbc64e-87d0-4c77-98c3-e5bfbb287e2c: flushIndex: setUnconditionally 0 -> -1
2019-09-20 10:25:22,102 [pool-368-thread-1] INFO  server.RaftServerConfigKeys (ConfUtils.java:logGet(43)) - raft.server.snapshot.auto.trigger.enabled = true (custom)
2019-09-20 10:25:22,102 [pool-368-thread-1] INFO  server.RaftServerConfigKeys (ConfUtils.java:logGet(43)) - raft.server.snapshot.auto.trigger.threshold = 10000 (custom)
2019-09-20 10:25:22,102 [pool-368-thread-1] INFO  server.RaftServerConfigKeys (ConfUtils.java:logGet(43)) - raft.server.retrycache.expirytime = 600000ms (custom)
2019-09-20 10:25:22,102 [pool-368-thread-1] INFO  impl.RaftServerImpl (RaftServerImpl.java:start(180)) - 7f6418e1-cc7a-441a-8f41-c73576b5a1c5: start group-E5BFBB287E2C
2019-09-20 10:25:22,102 [pool-368-thread-1] INFO  impl.RaftServerImpl (RaftServerImpl.java:setRole(171)) - 7f6418e1-cc7a-441a-8f41-c73576b5a1c5:group-E5BFBB287E2C changes role from null to FOLLOWER at term 0 for startAsFollower
2019-09-20 10:25:22,102 [pool-368-thread-1] INFO  impl.RoleInfo (RoleInfo.java:updateAndGet(143)) - 7f6418e1-cc7a-441a-8f41-c73576b5a1c5: start FollowerState
2019-09-20 10:25:22,103 [pool-368-thread-1] INFO  util.JmxRegister (JmxRegister.java:tryRegister(44)) - Successfully registered JMX Bean with object name Ratis:service=RaftServer,group=group-E5BFBB287E2C,id=7f6418e1-cc7a-441a-8f41-c73576b5a1c5
2019-09-20 10:25:22,106 [RatisPipelineUtilsThread] INFO  pipeline.PipelineStateManager (PipelineStateManager.java:addPipeline(56)) - Created pipeline Pipeline[ Id: 45cbc64e-87d0-4c77-98c3-e5bfbb287e2c, Nodes: 7f6418e1-cc7a-441a-8f41-c73576b5a1c5{ip: 192.168.36.99, host: pr-hdds-1569-p5fx8-1226042367, networkLocation: /default-rack, certSerialId: null}, Type:RATIS, Factor:ONE, State:OPEN]
2019-09-20 10:25:22,106 [RatisPipelineUtilsThread] INFO  pipeline.PipelinePlacementPolicy (PipelinePlacementPolicy.java:meetCriteria(91)) - Pipeline Placement: Doesn't meet the criteria to be viable node： 1bfb6844-04ed-4104-839b-60e510b6bb68 Heaviness: 6 limit: 5
2019-09-20 10:25:22,107 [RatisPipelineUtilsThread] INFO  pipeline.PipelinePlacementPolicy (PipelinePlacementPolicy.java:meetCriteria(91)) - Pipeline Placement: Doesn't meet the criteria to be viable node： 075fa85b-703c-4900-807d-88f08b36438a Heaviness: 6 limit: 5
2019-09-20 10:25:22,107 [RatisPipelineUtilsThread] INFO  pipeline.PipelinePlacementPolicy (PipelinePlacementPolicy.java:meetCriteria(91)) - Pipeline Placement: Doesn't meet the criteria to be viable node： 99153be1-ba81-4c7b-b6ab-4442760615cb Heaviness: 6 limit: 5
2019-09-20 10:25:22,107 [RatisPipelineUtilsThread] INFO  pipeline.PipelinePlacementPolicy (PipelinePlacementPolicy.java:meetCriteria(91)) - Pipeline Placement: Doesn't meet the criteria to be viable node： e29464ab-17d7-4a4e-ab54-c178fccc723c Heaviness: 6 limit: 5
2019-09-20 10:25:22,107 [RatisPipelineUtilsThread] INFO  pipeline.PipelinePlacementPolicy (PipelinePlacementPolicy.java:meetCriteria(91)) - Pipeline Placement: Doesn't meet the criteria to be viable node： fac63c4b-287e-453e-9ac7-8c8c283fdab7 Heaviness: 6 limit: 5
2019-09-20 10:25:22,112 [grpc-default-executor-4] INFO  impl.RaftServerProxy (RaftServerProxy.java:addNew(89)) - 7f6418e1-cc7a-441a-8f41-c73576b5a1c5: addNew group-0F27DB31D2D6:[7f6418e1-cc7a-441a-8f41-c73576b5a1c5:192.168.36.99:40506] returns group-0F27DB31D2D6:java.util.concurrent.CompletableFuture@3f5a0ca1[Not completed]
2019-09-20 10:25:22,113 [pool-368-thread-1] INFO  impl.RaftServerImpl (RaftServerImpl.java:<init>(93)) - 7f6418e1-cc7a-441a-8f41-c73576b5a1c5: new RaftServerImpl for group-0F27DB31D2D6:[7f6418e1-cc7a-441a-8f41-c73576b5a1c5:192.168.36.99:40506] with ContainerStateMachine:uninitialized
2019-09-20 10:25:22,113 [pool-368-thread-1] INFO  server.RaftServerConfigKeys (ConfUtils.java:logGet(43)) - raft.server.rpc.timeout.min = 5s (custom)
2019-09-20 10:25:22,113 [pool-368-thread-1] INFO  server.RaftServerConfigKeys (ConfUtils.java:logGet(43)) - raft.server.rpc.timeout.max = 5200ms (custom)
2019-09-20 10:25:22,113 [pool-368-thread-1] INFO  server.RaftServerConfigKeys (ConfUtils.java:logGet(43)) - raft.server.rpcslowness.timeout = 120s (custom)
2019-09-20 10:25:22,114 [pool-368-thread-1] INFO  server.RaftServerConfigKeys (ConfUtils.java:logGet(43)) - raft.server.sleep.deviation.threshold = 300 (default)
2019-09-20 10:25:22,114 [pool-368-thread-1] INFO  server.RaftServerConfigKeys (ConfUtils.java:logGet(43)) - raft.server.log.appender.install.snapshot.enabled = false (custom)
2019-09-20 10:25:22,114 [pool-368-thread-1] INFO  impl.RaftServerImpl (ServerState.java:<init>(105)) - 7f6418e1-cc7a-441a-8f41-c73576b5a1c5:group-0F27DB31D2D6 ConfigurationManager, init=-1: [7f6418e1-cc7a-441a-8f41-c73576b5a1c5:192.168.36.99:40506], old=null, confs=<EMPTY_MAP>
2019-09-20 10:25:22,114 [pool-368-thread-1] INFO  server.RaftServerConfigKeys (ConfUtils.java:logGet(43)) - raft.server.storage.dir = [/workdir/hadoop-ozone/integration-test/target/test-dir/MiniOzoneClusterImpl-280c06ed-bcb5-4979-9226-67616719d9ed/datanode-5/data/ratis] (custom)
2019-09-20 10:25:22,114 [pool-368-thread-1] INFO  storage.RaftStorageDirectory (RaftStorageDirectory.java:analyzeStorage(246)) - The storage directory /workdir/hadoop-ozone/integration-test/target/test-dir/MiniOzoneClusterImpl-280c06ed-bcb5-4979-9226-67616719d9ed/datanode-5/data/ratis/dc64b9dd-2896-4082-b892-0f27db31d2d6 does not exist. Creating ...
2019-09-20 10:25:22,132 [pool-368-thread-1] INFO  storage.RaftStorageDirectory (RaftStorageDirectory.java:tryLock(328)) - Lock on /workdir/hadoop-ozone/integration-test/target/test-dir/MiniOzoneClusterImpl-280c06ed-bcb5-4979-9226-67616719d9ed/datanode-5/data/ratis/dc64b9dd-2896-4082-b892-0f27db31d2d6/in_use.lock acquired by nodename 28506@pr-hdds-1569-p5fx8-1226042367
2019-09-20 10:25:22,151 [pool-368-thread-1] INFO  storage.RaftStorage (RaftStorage.java:format(72)) - Storage directory /workdir/hadoop-ozone/integration-test/target/test-dir/MiniOzoneClusterImpl-280c06ed-bcb5-4979-9226-67616719d9ed/datanode-5/data/ratis/dc64b9dd-2896-4082-b892-0f27db31d2d6 has been successfully formatted.
2019-09-20 10:25:22,151 [pool-368-thread-1] INFO  ratis.ContainerStateMachine (ContainerStateMachine.java:loadSnapshot(226)) - group-0F27DB31D2D6: The snapshot info is null. Setting the last applied indexto:(t:0, i:~)
2019-09-20 10:25:22,151 [pool-368-thread-1] INFO  server.RaftServerConfigKeys (ConfUtils.java:logGet(43)) - raft.server.leader.election.timeout = 120s (custom)
2019-09-20 10:25:22,151 [pool-368-thread-1] INFO  server.RaftServerConfigKeys (ConfUtils.java:logGet(43)) - raft.server.log.use.memory = false (default)
2019-09-20 10:25:22,151 [pool-368-thread-1] INFO  server.RaftServerConfigKeys (ConfUtils.java:logGet(43)) - raft.server.log.purge.gap = 1000000 (custom)
2019-09-20 10:25:22,151 [pool-368-thread-1] INFO  server.RaftServerConfigKeys (ConfUtils.java:logGet(43)) - raft.server.log.appender.buffer.byte-limit = 33554432 (custom)
2019-09-20 10:25:22,152 [pool-368-thread-1] INFO  server.RaftServerConfigKeys (ConfUtils.java:logGet(43)) - raft.server.log.segment.size.max = 1048576 (custom)
2019-09-20 10:25:22,152 [pool-368-thread-1] INFO  server.RaftServerConfigKeys (ConfUtils.java:logGet(43)) - raft.server.log.segment.cache.num.max = 2 (custom)
2019-09-20 10:25:22,152 [pool-368-thread-1] INFO  segmented.SegmentedRaftLogWorker (SegmentedRaftLogWorker.java:<init>(172)) - new 7f6418e1-cc7a-441a-8f41-c73576b5a1c5-SegmentedRaftLogWorker:Storage Directory /workdir/hadoop-ozone/integration-test/target/test-dir/MiniOzoneClusterImpl-280c06ed-bcb5-4979-9226-67616719d9ed/datanode-5/data/ratis/dc64b9dd-2896-4082-b892-0f27db31d2d6 for RaftStorage:Storage Directory /workdir/hadoop-ozone/integration-test/target/test-dir/MiniOzoneClusterImpl-280c06ed-bcb5-4979-9226-67616719d9ed/datanode-5/data/ratis/dc64b9dd-2896-4082-b892-0f27db31d2d6
2019-09-20 10:25:22,152 [pool-368-thread-1] INFO  server.RaftServerConfigKeys (ConfUtils.java:logGet(43)) - raft.server.log.queue.byte-limit = 2147483647 (custom)
2019-09-20 10:25:22,152 [pool-368-thread-1] INFO  server.RaftServerConfigKeys (ConfUtils.java:logGet(43)) - raft.server.log.queue.element-limit = 1024 (custom)
2019-09-20 10:25:22,152 [pool-368-thread-1] INFO  server.RaftServerConfigKeys (ConfUtils.java:logGet(43)) - raft.server.log.segment.size.max = 1048576 (custom)
2019-09-20 10:25:22,152 [pool-368-thread-1] INFO  server.RaftServerConfigKeys (ConfUtils.java:logGet(43)) - raft.server.log.preallocated.size = 16384 (custom)
2019-09-20 10:25:22,152 [pool-368-thread-1] INFO  server.RaftServerConfigKeys (ConfUtils.java:logGet(43)) - raft.server.log.write.buffer.size = 33554432 (custom)
2019-09-20 10:25:22,152 [pool-368-thread-1] INFO  server.RaftServerConfigKeys (ConfUtils.java:logGet(43)) - raft.server.log.force.sync.num = 128 (default)
2019-09-20 10:25:22,152 [pool-368-thread-1] INFO  server.RaftServerConfigKeys (ConfUtils.java:logGet(43)) - raft.server.log.statemachine.data.sync = true (default)
2019-09-20 10:25:22,153 [pool-368-thread-1] INFO  server.RaftServerConfigKeys (ConfUtils.java:logGet(43)) - raft.server.log.statemachine.data.sync.timeout = 10s (default)
2019-09-20 10:25:22,153 [pool-368-thread-1] INFO  server.RaftServerConfigKeys (ConfUtils.java:logGet(43)) - raft.server.log.statemachine.data.sync.timeout.retry = -1 (default)
2019-09-20 10:25:22,153 [pool-368-thread-1] INFO  server.RaftServerConfigKeys (ConfUtils.java:logGet(43)) - raft.server.log.statemachine.data.caching.enabled = true (custom)
2019-09-20 10:25:22,153 [pool-368-thread-1] INFO  segmented.SegmentedRaftLogWorker (SegmentedRaftLogWorker.java:lambda$new$0(132)) - 7f6418e1-cc7a-441a-8f41-c73576b5a1c5-SegmentedRaftLogWorker:Storage Directory /workdir/hadoop-ozone/integration-test/target/test-dir/MiniOzoneClusterImpl-280c06ed-bcb5-4979-9226-67616719d9ed/datanode-5/data/ratis/dc64b9dd-2896-4082-b892-0f27db31d2d6: flushIndex: setUnconditionally 0 -> -1
2019-09-20 10:25:22,153 [pool-368-thread-1] INFO  server.RaftServerConfigKeys (ConfUtils.java:logGet(43)) - raft.server.snapshot.auto.trigger.enabled = true (custom)
2019-09-20 10:25:22,153 [pool-368-thread-1] INFO  server.RaftServerConfigKeys (ConfUtils.java:logGet(43)) - raft.server.snapshot.auto.trigger.threshold = 10000 (custom)
2019-09-20 10:25:22,154 [pool-368-thread-1] INFO  server.RaftServerConfigKeys (ConfUtils.java:logGet(43)) - raft.server.retrycache.expirytime = 600000ms (custom)
2019-09-20 10:25:22,154 [pool-368-thread-1] INFO  impl.RaftServerImpl (RaftServerImpl.java:start(180)) - 7f6418e1-cc7a-441a-8f41-c73576b5a1c5: start group-0F27DB31D2D6
2019-09-20 10:25:22,154 [pool-368-thread-1] INFO  impl.RaftServerImpl (RaftServerImpl.java:setRole(171)) - 7f6418e1-cc7a-441a-8f41-c73576b5a1c5:group-0F27DB31D2D6 changes role from null to FOLLOWER at term 0 for startAsFollower
2019-09-20 10:25:22,154 [pool-368-thread-1] INFO  impl.RoleInfo (RoleInfo.java:updateAndGet(143)) - 7f6418e1-cc7a-441a-8f41-c73576b5a1c5: start FollowerState
2019-09-20 10:25:22,154 [pool-368-thread-1] INFO  util.JmxRegister (JmxRegister.java:tryRegister(44)) - Successfully registered JMX Bean with object name Ratis:service=RaftServer,group=group-0F27DB31D2D6,id=7f6418e1-cc7a-441a-8f41-c73576b5a1c5
2019-09-20 10:25:22,158 [RatisPipelineUtilsThread] INFO  pipeline.PipelineStateManager (PipelineStateManager.java:addPipeline(56)) - Created pipeline Pipeline[ Id: dc64b9dd-2896-4082-b892-0f27db31d2d6, Nodes: 7f6418e1-cc7a-441a-8f41-c73576b5a1c5{ip: 192.168.36.99, host: pr-hdds-1569-p5fx8-1226042367, networkLocation: /default-rack, certSerialId: null}, Type:RATIS, Factor:ONE, State:OPEN]
2019-09-20 10:25:22,158 [RatisPipelineUtilsThread] INFO  pipeline.PipelinePlacementPolicy (PipelinePlacementPolicy.java:meetCriteria(91)) - Pipeline Placement: Doesn't meet the criteria to be viable node： 7f6418e1-cc7a-441a-8f41-c73576b5a1c5 Heaviness: 6 limit: 5
2019-09-20 10:25:22,158 [RatisPipelineUtilsThread] INFO  pipeline.PipelinePlacementPolicy (PipelinePlacementPolicy.java:meetCriteria(91)) - Pipeline Placement: Doesn't meet the criteria to be viable node： 1bfb6844-04ed-4104-839b-60e510b6bb68 Heaviness: 6 limit: 5
2019-09-20 10:25:22,158 [RatisPipelineUtilsThread] INFO  pipeline.PipelinePlacementPolicy (PipelinePlacementPolicy.java:meetCriteria(91)) - Pipeline Placement: Doesn't meet the criteria to be viable node： 075fa85b-703c-4900-807d-88f08b36438a Heaviness: 6 limit: 5
2019-09-20 10:25:22,158 [RatisPipelineUtilsThread] INFO  pipeline.PipelinePlacementPolicy (PipelinePlacementPolicy.java:meetCriteria(91)) - Pipeline Placement: Doesn't meet the criteria to be viable node： 99153be1-ba81-4c7b-b6ab-4442760615cb Heaviness: 6 limit: 5
2019-09-20 10:25:22,158 [RatisPipelineUtilsThread] INFO  pipeline.PipelinePlacementPolicy (PipelinePlacementPolicy.java:meetCriteria(91)) - Pipeline Placement: Doesn't meet the criteria to be viable node： e29464ab-17d7-4a4e-ab54-c178fccc723c Heaviness: 6 limit: 5
2019-09-20 10:25:22,158 [RatisPipelineUtilsThread] INFO  pipeline.PipelinePlacementPolicy (PipelinePlacementPolicy.java:meetCriteria(91)) - Pipeline Placement: Doesn't meet the criteria to be viable node： fac63c4b-287e-453e-9ac7-8c8c283fdab7 Heaviness: 6 limit: 5
2019-09-20 10:25:22,176 [grpc-default-executor-4] INFO  impl.RaftServerProxy (RaftServerProxy.java:addNew(89)) - ece458fc-6687-4915-9be7-f98d86977b7d: addNew group-AD8E4000A9B3:[ece458fc-6687-4915-9be7-f98d86977b7d:192.168.36.99:40344] returns group-AD8E4000A9B3:java.util.concurrent.CompletableFuture@106ebe9b[Not completed]
2019-09-20 10:25:22,178 [pool-379-thread-1] INFO  impl.RaftServerImpl (RaftServerImpl.java:<init>(93)) - ece458fc-6687-4915-9be7-f98d86977b7d: new RaftServerImpl for group-AD8E4000A9B3:[ece458fc-6687-4915-9be7-f98d86977b7d:192.168.36.99:40344] with ContainerStateMachine:uninitialized
2019-09-20 10:25:22,178 [pool-379-thread-1] INFO  server.RaftServerConfigKeys (ConfUtils.java:logGet(43)) - raft.server.rpc.timeout.min = 5s (custom)
2019-09-20 10:25:22,178 [pool-379-thread-1] INFO  server.RaftServerConfigKeys (ConfUtils.java:logGet(43)) - raft.server.rpc.timeout.max = 5200ms (custom)
2019-09-20 10:25:22,178 [pool-379-thread-1] INFO  server.RaftServerConfigKeys (ConfUtils.java:logGet(43)) - raft.server.rpcslowness.timeout = 120s (custom)
2019-09-20 10:25:22,178 [pool-379-thread-1] INFO  server.RaftServerConfigKeys (ConfUtils.java:logGet(43)) - raft.server.sleep.deviation.threshold = 300 (default)
2019-09-20 10:25:22,178 [pool-379-thread-1] INFO  server.RaftServerConfigKeys (ConfUtils.java:logGet(43)) - raft.server.log.appender.install.snapshot.enabled = false (custom)
2019-09-20 10:25:22,178 [pool-379-thread-1] INFO  impl.RaftServerImpl (ServerState.java:<init>(105)) - ece458fc-6687-4915-9be7-f98d86977b7d:group-AD8E4000A9B3 ConfigurationManager, init=-1: [ece458fc-6687-4915-9be7-f98d86977b7d:192.168.36.99:40344], old=null, confs=<EMPTY_MAP>
2019-09-20 10:25:22,179 [pool-379-thread-1] INFO  server.RaftServerConfigKeys (ConfUtils.java:logGet(43)) - raft.server.storage.dir = [/workdir/hadoop-ozone/integration-test/target/test-dir/MiniOzoneClusterImpl-280c06ed-bcb5-4979-9226-67616719d9ed/datanode-6/data/ratis] (custom)
2019-09-20 10:25:22,179 [pool-379-thread-1] INFO  storage.RaftStorageDirectory (RaftStorageDirectory.java:analyzeStorage(246)) - The storage directory /workdir/hadoop-ozone/integration-test/target/test-dir/MiniOzoneClusterImpl-280c06ed-bcb5-4979-9226-67616719d9ed/datanode-6/data/ratis/68bc71a6-a345-4545-ab66-ad8e4000a9b3 does not exist. Creating ...
2019-09-20 10:25:22,208 [pool-379-thread-1] INFO  storage.RaftStorageDirectory (RaftStorageDirectory.java:tryLock(328)) - Lock on /workdir/hadoop-ozone/integration-test/target/test-dir/MiniOzoneClusterImpl-280c06ed-bcb5-4979-9226-67616719d9ed/datanode-6/data/ratis/68bc71a6-a345-4545-ab66-ad8e4000a9b3/in_use.lock acquired by nodename 28506@pr-hdds-1569-p5fx8-1226042367
2019-09-20 10:25:22,225 [pool-379-thread-1] INFO  storage.RaftStorage (RaftStorage.java:format(72)) - Storage directory /workdir/hadoop-ozone/integration-test/target/test-dir/MiniOzoneClusterImpl-280c06ed-bcb5-4979-9226-67616719d9ed/datanode-6/data/ratis/68bc71a6-a345-4545-ab66-ad8e4000a9b3 has been successfully formatted.
2019-09-20 10:25:22,225 [pool-379-thread-1] INFO  ratis.ContainerStateMachine (ContainerStateMachine.java:loadSnapshot(226)) - group-AD8E4000A9B3: The snapshot info is null. Setting the last applied indexto:(t:0, i:~)
2019-09-20 10:25:22,225 [pool-379-thread-1] INFO  server.RaftServerConfigKeys (ConfUtils.java:logGet(43)) - raft.server.leader.election.timeout = 120s (custom)
2019-09-20 10:25:22,225 [pool-379-thread-1] INFO  server.RaftServerConfigKeys (ConfUtils.java:logGet(43)) - raft.server.log.use.memory = false (default)
2019-09-20 10:25:22,226 [pool-379-thread-1] INFO  server.RaftServerConfigKeys (ConfUtils.java:logGet(43)) - raft.server.log.purge.gap = 1000000 (custom)
2019-09-20 10:25:22,226 [pool-379-thread-1] INFO  server.RaftServerConfigKeys (ConfUtils.java:logGet(43)) - raft.server.log.appender.buffer.byte-limit = 33554432 (custom)
2019-09-20 10:25:22,226 [pool-379-thread-1] INFO  server.RaftServerConfigKeys (ConfUtils.java:logGet(43)) - raft.server.log.segment.size.max = 1048576 (custom)
2019-09-20 10:25:22,226 [pool-379-thread-1] INFO  server.RaftServerConfigKeys (ConfUtils.java:logGet(43)) - raft.server.log.segment.cache.num.max = 2 (custom)
2019-09-20 10:25:22,226 [pool-379-thread-1] INFO  segmented.SegmentedRaftLogWorker (SegmentedRaftLogWorker.java:<init>(172)) - new ece458fc-6687-4915-9be7-f98d86977b7d-SegmentedRaftLogWorker:Storage Directory /workdir/hadoop-ozone/integration-test/target/test-dir/MiniOzoneClusterImpl-280c06ed-bcb5-4979-9226-67616719d9ed/datanode-6/data/ratis/68bc71a6-a345-4545-ab66-ad8e4000a9b3 for RaftStorage:Storage Directory /workdir/hadoop-ozone/integration-test/target/test-dir/MiniOzoneClusterImpl-280c06ed-bcb5-4979-9226-67616719d9ed/datanode-6/data/ratis/68bc71a6-a345-4545-ab66-ad8e4000a9b3
2019-09-20 10:25:22,226 [pool-379-thread-1] INFO  server.RaftServerConfigKeys (ConfUtils.java:logGet(43)) - raft.server.log.queue.byte-limit = 2147483647 (custom)
2019-09-20 10:25:22,226 [pool-379-thread-1] INFO  server.RaftServerConfigKeys (ConfUtils.java:logGet(43)) - raft.server.log.queue.element-limit = 1024 (custom)
2019-09-20 10:25:22,227 [pool-379-thread-1] INFO  server.RaftServerConfigKeys (ConfUtils.java:logGet(43)) - raft.server.log.segment.size.max = 1048576 (custom)
2019-09-20 10:25:22,227 [pool-379-thread-1] INFO  server.RaftServerConfigKeys (ConfUtils.java:logGet(43)) - raft.server.log.preallocated.size = 16384 (custom)
2019-09-20 10:25:22,227 [pool-379-thread-1] INFO  server.RaftServerConfigKeys (ConfUtils.java:logGet(43)) - raft.server.log.write.buffer.size = 33554432 (custom)
2019-09-20 10:25:22,227 [pool-379-thread-1] INFO  server.RaftServerConfigKeys (ConfUtils.java:logGet(43)) - raft.server.log.force.sync.num = 128 (default)
2019-09-20 10:25:22,227 [pool-379-thread-1] INFO  server.RaftServerConfigKeys (ConfUtils.java:logGet(43)) - raft.server.log.statemachine.data.sync = true (default)
2019-09-20 10:25:22,227 [pool-379-thread-1] INFO  server.RaftServerConfigKeys (ConfUtils.java:logGet(43)) - raft.server.log.statemachine.data.sync.timeout = 10s (default)
2019-09-20 10:25:22,228 [pool-379-thread-1] INFO  server.RaftServerConfigKeys (ConfUtils.java:logGet(43)) - raft.server.log.statemachine.data.sync.timeout.retry = -1 (default)
2019-09-20 10:25:22,228 [pool-379-thread-1] INFO  server.RaftServerConfigKeys (ConfUtils.java:logGet(43)) - raft.server.log.statemachine.data.caching.enabled = true (custom)
2019-09-20 10:25:22,228 [pool-379-thread-1] INFO  segmented.SegmentedRaftLogWorker (SegmentedRaftLogWorker.java:lambda$new$0(132)) - ece458fc-6687-4915-9be7-f98d86977b7d-SegmentedRaftLogWorker:Storage Directory /workdir/hadoop-ozone/integration-test/target/test-dir/MiniOzoneClusterImpl-280c06ed-bcb5-4979-9226-67616719d9ed/datanode-6/data/ratis/68bc71a6-a345-4545-ab66-ad8e4000a9b3: flushIndex: setUnconditionally 0 -> -1
2019-09-20 10:25:22,229 [pool-379-thread-1] INFO  server.RaftServerConfigKeys (ConfUtils.java:logGet(43)) - raft.server.snapshot.auto.trigger.enabled = true (custom)
2019-09-20 10:25:22,229 [pool-379-thread-1] INFO  server.RaftServerConfigKeys (ConfUtils.java:logGet(43)) - raft.server.snapshot.auto.trigger.threshold = 10000 (custom)
2019-09-20 10:25:22,229 [pool-379-thread-1] INFO  server.RaftServerConfigKeys (ConfUtils.java:logGet(43)) - raft.server.retrycache.expirytime = 600000ms (custom)
2019-09-20 10:25:22,229 [pool-379-thread-1] INFO  impl.RaftServerImpl (RaftServerImpl.java:start(180)) - ece458fc-6687-4915-9be7-f98d86977b7d: start group-AD8E4000A9B3
2019-09-20 10:25:22,229 [pool-379-thread-1] INFO  impl.RaftServerImpl (RaftServerImpl.java:setRole(171)) - ece458fc-6687-4915-9be7-f98d86977b7d:group-AD8E4000A9B3 changes role from null to FOLLOWER at term 0 for startAsFollower
2019-09-20 10:25:22,229 [pool-379-thread-1] INFO  impl.RoleInfo (RoleInfo.java:updateAndGet(143)) - ece458fc-6687-4915-9be7-f98d86977b7d: start FollowerState
2019-09-20 10:25:22,230 [pool-379-thread-1] INFO  util.JmxRegister (JmxRegister.java:tryRegister(44)) - Successfully registered JMX Bean with object name Ratis:service=RaftServer,group=group-AD8E4000A9B3,id=ece458fc-6687-4915-9be7-f98d86977b7d
2019-09-20 10:25:22,232 [RatisPipelineUtilsThread] INFO  pipeline.PipelineStateManager (PipelineStateManager.java:addPipeline(56)) - Created pipeline Pipeline[ Id: 68bc71a6-a345-4545-ab66-ad8e4000a9b3, Nodes: ece458fc-6687-4915-9be7-f98d86977b7d{ip: 192.168.36.99, host: pr-hdds-1569-p5fx8-1226042367, networkLocation: /default-rack, certSerialId: null}, Type:RATIS, Factor:ONE, State:OPEN]
2019-09-20 10:25:22,233 [RatisPipelineUtilsThread] INFO  pipeline.PipelinePlacementPolicy (PipelinePlacementPolicy.java:meetCriteria(91)) - Pipeline Placement: Doesn't meet the criteria to be viable node： 7f6418e1-cc7a-441a-8f41-c73576b5a1c5 Heaviness: 6 limit: 5
2019-09-20 10:25:22,233 [RatisPipelineUtilsThread] INFO  pipeline.PipelinePlacementPolicy (PipelinePlacementPolicy.java:meetCriteria(91)) - Pipeline Placement: Doesn't meet the criteria to be viable node： 1bfb6844-04ed-4104-839b-60e510b6bb68 Heaviness: 6 limit: 5
2019-09-20 10:25:22,233 [RatisPipelineUtilsThread] INFO  pipeline.PipelinePlacementPolicy (PipelinePlacementPolicy.java:meetCriteria(91)) - Pipeline Placement: Doesn't meet the criteria to be viable node： 075fa85b-703c-4900-807d-88f08b36438a Heaviness: 6 limit: 5
2019-09-20 10:25:22,233 [RatisPipelineUtilsThread] INFO  pipeline.PipelinePlacementPolicy (PipelinePlacementPolicy.java:meetCriteria(91)) - Pipeline Placement: Doesn't meet the criteria to be viable node： 99153be1-ba81-4c7b-b6ab-4442760615cb Heaviness: 6 limit: 5
2019-09-20 10:25:22,233 [RatisPipelineUtilsThread] INFO  pipeline.PipelinePlacementPolicy (PipelinePlacementPolicy.java:meetCriteria(91)) - Pipeline Placement: Doesn't meet the criteria to be viable node： e29464ab-17d7-4a4e-ab54-c178fccc723c Heaviness: 6 limit: 5
2019-09-20 10:25:22,234 [RatisPipelineUtilsThread] INFO  pipeline.PipelinePlacementPolicy (PipelinePlacementPolicy.java:meetCriteria(91)) - Pipeline Placement: Doesn't meet the criteria to be viable node： fac63c4b-287e-453e-9ac7-8c8c283fdab7 Heaviness: 6 limit: 5
2019-09-20 10:25:22,238 [grpc-default-executor-4] INFO  impl.RaftServerProxy (RaftServerProxy.java:addNew(89)) - ece458fc-6687-4915-9be7-f98d86977b7d: addNew group-4F82A1B4FB91:[ece458fc-6687-4915-9be7-f98d86977b7d:192.168.36.99:40344] returns group-4F82A1B4FB91:java.util.concurrent.CompletableFuture@4a2321bc[Not completed]
2019-09-20 10:25:22,239 [pool-379-thread-1] INFO  impl.RaftServerImpl (RaftServerImpl.java:<init>(93)) - ece458fc-6687-4915-9be7-f98d86977b7d: new RaftServerImpl for group-4F82A1B4FB91:[ece458fc-6687-4915-9be7-f98d86977b7d:192.168.36.99:40344] with ContainerStateMachine:uninitialized
2019-09-20 10:25:22,239 [pool-379-thread-1] INFO  server.RaftServerConfigKeys (ConfUtils.java:logGet(43)) - raft.server.rpc.timeout.min = 5s (custom)
2019-09-20 10:25:22,240 [pool-379-thread-1] INFO  server.RaftServerConfigKeys (ConfUtils.java:logGet(43)) - raft.server.rpc.timeout.max = 5200ms (custom)
2019-09-20 10:25:22,240 [pool-379-thread-1] INFO  server.RaftServerConfigKeys (ConfUtils.java:logGet(43)) - raft.server.rpcslowness.timeout = 120s (custom)
2019-09-20 10:25:22,240 [pool-379-thread-1] INFO  server.RaftServerConfigKeys (ConfUtils.java:logGet(43)) - raft.server.sleep.deviation.threshold = 300 (default)
2019-09-20 10:25:22,240 [pool-379-thread-1] INFO  server.RaftServerConfigKeys (ConfUtils.java:logGet(43)) - raft.server.log.appender.install.snapshot.enabled = false (custom)
2019-09-20 10:25:22,240 [pool-379-thread-1] INFO  impl.RaftServerImpl (ServerState.java:<init>(105)) - ece458fc-6687-4915-9be7-f98d86977b7d:group-4F82A1B4FB91 ConfigurationManager, init=-1: [ece458fc-6687-4915-9be7-f98d86977b7d:192.168.36.99:40344], old=null, confs=<EMPTY_MAP>
2019-09-20 10:25:22,240 [pool-379-thread-1] INFO  server.RaftServerConfigKeys (ConfUtils.java:logGet(43)) - raft.server.storage.dir = [/workdir/hadoop-ozone/integration-test/target/test-dir/MiniOzoneClusterImpl-280c06ed-bcb5-4979-9226-67616719d9ed/datanode-6/data/ratis] (custom)
2019-09-20 10:25:22,241 [pool-379-thread-1] INFO  storage.RaftStorageDirectory (RaftStorageDirectory.java:analyzeStorage(246)) - The storage directory /workdir/hadoop-ozone/integration-test/target/test-dir/MiniOzoneClusterImpl-280c06ed-bcb5-4979-9226-67616719d9ed/datanode-6/data/ratis/89a0177b-8465-4cd9-9a3d-4f82a1b4fb91 does not exist. Creating ...
2019-09-20 10:25:22,276 [pool-379-thread-1] INFO  storage.RaftStorageDirectory (RaftStorageDirectory.java:tryLock(328)) - Lock on /workdir/hadoop-ozone/integration-test/target/test-dir/MiniOzoneClusterImpl-280c06ed-bcb5-4979-9226-67616719d9ed/datanode-6/data/ratis/89a0177b-8465-4cd9-9a3d-4f82a1b4fb91/in_use.lock acquired by nodename 28506@pr-hdds-1569-p5fx8-1226042367
2019-09-20 10:25:22,284 | INFO  | SCMAudit | user=jenkins1000 | ip=192.168.36.99 | op=SEND_HEARTBEAT {datanodeUUID=e29464ab-17d7-4a4e-ab54-c178fccc723c, command=[]} | ret=SUCCESS |  
2019-09-20 10:25:22,302 [pool-379-thread-1] INFO  storage.RaftStorage (RaftStorage.java:format(72)) - Storage directory /workdir/hadoop-ozone/integration-test/target/test-dir/MiniOzoneClusterImpl-280c06ed-bcb5-4979-9226-67616719d9ed/datanode-6/data/ratis/89a0177b-8465-4cd9-9a3d-4f82a1b4fb91 has been successfully formatted.
2019-09-20 10:25:22,302 [pool-379-thread-1] INFO  ratis.ContainerStateMachine (ContainerStateMachine.java:loadSnapshot(226)) - group-4F82A1B4FB91: The snapshot info is null. Setting the last applied indexto:(t:0, i:~)
2019-09-20 10:25:22,302 [pool-379-thread-1] INFO  server.RaftServerConfigKeys (ConfUtils.java:logGet(43)) - raft.server.leader.election.timeout = 120s (custom)
2019-09-20 10:25:22,303 [pool-379-thread-1] INFO  server.RaftServerConfigKeys (ConfUtils.java:logGet(43)) - raft.server.log.use.memory = false (default)
2019-09-20 10:25:22,303 [pool-379-thread-1] INFO  server.RaftServerConfigKeys (ConfUtils.java:logGet(43)) - raft.server.log.purge.gap = 1000000 (custom)
2019-09-20 10:25:22,303 [pool-379-thread-1] INFO  server.RaftServerConfigKeys (ConfUtils.java:logGet(43)) - raft.server.log.appender.buffer.byte-limit = 33554432 (custom)
2019-09-20 10:25:22,303 [pool-379-thread-1] INFO  server.RaftServerConfigKeys (ConfUtils.java:logGet(43)) - raft.server.log.segment.size.max = 1048576 (custom)
2019-09-20 10:25:22,303 [pool-379-thread-1] INFO  server.RaftServerConfigKeys (ConfUtils.java:logGet(43)) - raft.server.log.segment.cache.num.max = 2 (custom)
2019-09-20 10:25:22,304 [pool-379-thread-1] INFO  segmented.SegmentedRaftLogWorker (SegmentedRaftLogWorker.java:<init>(172)) - new ece458fc-6687-4915-9be7-f98d86977b7d-SegmentedRaftLogWorker:Storage Directory /workdir/hadoop-ozone/integration-test/target/test-dir/MiniOzoneClusterImpl-280c06ed-bcb5-4979-9226-67616719d9ed/datanode-6/data/ratis/89a0177b-8465-4cd9-9a3d-4f82a1b4fb91 for RaftStorage:Storage Directory /workdir/hadoop-ozone/integration-test/target/test-dir/MiniOzoneClusterImpl-280c06ed-bcb5-4979-9226-67616719d9ed/datanode-6/data/ratis/89a0177b-8465-4cd9-9a3d-4f82a1b4fb91
2019-09-20 10:25:22,304 [pool-379-thread-1] INFO  server.RaftServerConfigKeys (ConfUtils.java:logGet(43)) - raft.server.log.queue.byte-limit = 2147483647 (custom)
2019-09-20 10:25:22,304 [pool-379-thread-1] INFO  server.RaftServerConfigKeys (ConfUtils.java:logGet(43)) - raft.server.log.queue.element-limit = 1024 (custom)
2019-09-20 10:25:22,304 [pool-379-thread-1] INFO  server.RaftServerConfigKeys (ConfUtils.java:logGet(43)) - raft.server.log.segment.size.max = 1048576 (custom)
2019-09-20 10:25:22,305 [pool-379-thread-1] INFO  server.RaftServerConfigKeys (ConfUtils.java:logGet(43)) - raft.server.log.preallocated.size = 16384 (custom)
2019-09-20 10:25:22,305 [pool-379-thread-1] INFO  server.RaftServerConfigKeys (ConfUtils.java:logGet(43)) - raft.server.log.write.buffer.size = 33554432 (custom)
2019-09-20 10:25:22,305 [pool-379-thread-1] INFO  server.RaftServerConfigKeys (ConfUtils.java:logGet(43)) - raft.server.log.force.sync.num = 128 (default)
2019-09-20 10:25:22,305 [pool-379-thread-1] INFO  server.RaftServerConfigKeys (ConfUtils.java:logGet(43)) - raft.server.log.statemachine.data.sync = true (default)
2019-09-20 10:25:22,305 [pool-379-thread-1] INFO  server.RaftServerConfigKeys (ConfUtils.java:logGet(43)) - raft.server.log.statemachine.data.sync.timeout = 10s (default)
2019-09-20 10:25:22,306 [pool-379-thread-1] INFO  server.RaftServerConfigKeys (ConfUtils.java:logGet(43)) - raft.server.log.statemachine.data.sync.timeout.retry = -1 (default)
2019-09-20 10:25:22,306 [pool-379-thread-1] INFO  server.RaftServerConfigKeys (ConfUtils.java:logGet(43)) - raft.server.log.statemachine.data.caching.enabled = true (custom)
2019-09-20 10:25:22,306 [pool-379-thread-1] INFO  segmented.SegmentedRaftLogWorker (SegmentedRaftLogWorker.java:lambda$new$0(132)) - ece458fc-6687-4915-9be7-f98d86977b7d-SegmentedRaftLogWorker:Storage Directory /workdir/hadoop-ozone/integration-test/target/test-dir/MiniOzoneClusterImpl-280c06ed-bcb5-4979-9226-67616719d9ed/datanode-6/data/ratis/89a0177b-8465-4cd9-9a3d-4f82a1b4fb91: flushIndex: setUnconditionally 0 -> -1
2019-09-20 10:25:22,307 [pool-379-thread-1] INFO  server.RaftServerConfigKeys (ConfUtils.java:logGet(43)) - raft.server.snapshot.auto.trigger.enabled = true (custom)
2019-09-20 10:25:22,307 [pool-379-thread-1] INFO  server.RaftServerConfigKeys (ConfUtils.java:logGet(43)) - raft.server.snapshot.auto.trigger.threshold = 10000 (custom)
2019-09-20 10:25:22,307 [pool-379-thread-1] INFO  server.RaftServerConfigKeys (ConfUtils.java:logGet(43)) - raft.server.retrycache.expirytime = 600000ms (custom)
2019-09-20 10:25:22,308 [pool-379-thread-1] INFO  impl.RaftServerImpl (RaftServerImpl.java:start(180)) - ece458fc-6687-4915-9be7-f98d86977b7d: start group-4F82A1B4FB91
2019-09-20 10:25:22,308 [pool-379-thread-1] INFO  impl.RaftServerImpl (RaftServerImpl.java:setRole(171)) - ece458fc-6687-4915-9be7-f98d86977b7d:group-4F82A1B4FB91 changes role from null to FOLLOWER at term 0 for startAsFollower
2019-09-20 10:25:22,308 [pool-379-thread-1] INFO  impl.RoleInfo (RoleInfo.java:updateAndGet(143)) - ece458fc-6687-4915-9be7-f98d86977b7d: start FollowerState
2019-09-20 10:25:22,309 [pool-379-thread-1] INFO  util.JmxRegister (JmxRegister.java:tryRegister(44)) - Successfully registered JMX Bean with object name Ratis:service=RaftServer,group=group-4F82A1B4FB91,id=ece458fc-6687-4915-9be7-f98d86977b7d
2019-09-20 10:25:22,313 [RatisPipelineUtilsThread] INFO  pipeline.PipelineStateManager (PipelineStateManager.java:addPipeline(56)) - Created pipeline Pipeline[ Id: 89a0177b-8465-4cd9-9a3d-4f82a1b4fb91, Nodes: ece458fc-6687-4915-9be7-f98d86977b7d{ip: 192.168.36.99, host: pr-hdds-1569-p5fx8-1226042367, networkLocation: /default-rack, certSerialId: null}, Type:RATIS, Factor:ONE, State:OPEN]
2019-09-20 10:25:22,314 [RatisPipelineUtilsThread] INFO  pipeline.PipelinePlacementPolicy (PipelinePlacementPolicy.java:meetCriteria(91)) - Pipeline Placement: Doesn't meet the criteria to be viable node： 7f6418e1-cc7a-441a-8f41-c73576b5a1c5 Heaviness: 6 limit: 5
2019-09-20 10:25:22,314 [RatisPipelineUtilsThread] INFO  pipeline.PipelinePlacementPolicy (PipelinePlacementPolicy.java:meetCriteria(91)) - Pipeline Placement: Doesn't meet the criteria to be viable node： 1bfb6844-04ed-4104-839b-60e510b6bb68 Heaviness: 6 limit: 5
2019-09-20 10:25:22,314 [RatisPipelineUtilsThread] INFO  pipeline.PipelinePlacementPolicy (PipelinePlacementPolicy.java:meetCriteria(91)) - Pipeline Placement: Doesn't meet the criteria to be viable node： 075fa85b-703c-4900-807d-88f08b36438a Heaviness: 6 limit: 5
2019-09-20 10:25:22,314 [RatisPipelineUtilsThread] INFO  pipeline.PipelinePlacementPolicy (PipelinePlacementPolicy.java:meetCriteria(91)) - Pipeline Placement: Doesn't meet the criteria to be viable node： 99153be1-ba81-4c7b-b6ab-4442760615cb Heaviness: 6 limit: 5
2019-09-20 10:25:22,315 [RatisPipelineUtilsThread] INFO  pipeline.PipelinePlacementPolicy (PipelinePlacementPolicy.java:meetCriteria(91)) - Pipeline Placement: Doesn't meet the criteria to be viable node： e29464ab-17d7-4a4e-ab54-c178fccc723c Heaviness: 6 limit: 5
2019-09-20 10:25:22,315 [RatisPipelineUtilsThread] INFO  pipeline.PipelinePlacementPolicy (PipelinePlacementPolicy.java:meetCriteria(91)) - Pipeline Placement: Doesn't meet the criteria to be viable node： fac63c4b-287e-453e-9ac7-8c8c283fdab7 Heaviness: 6 limit: 5
2019-09-20 10:25:22,321 [grpc-default-executor-4] INFO  impl.RaftServerProxy (RaftServerProxy.java:addNew(89)) - ece458fc-6687-4915-9be7-f98d86977b7d: addNew group-253EBBA5E522:[ece458fc-6687-4915-9be7-f98d86977b7d:192.168.36.99:40344] returns group-253EBBA5E522:java.util.concurrent.CompletableFuture@60ff12e7[Not completed]
2019-09-20 10:25:22,322 [pool-379-thread-1] INFO  impl.RaftServerImpl (RaftServerImpl.java:<init>(93)) - ece458fc-6687-4915-9be7-f98d86977b7d: new RaftServerImpl for group-253EBBA5E522:[ece458fc-6687-4915-9be7-f98d86977b7d:192.168.36.99:40344] with ContainerStateMachine:uninitialized
2019-09-20 10:25:22,323 [pool-379-thread-1] INFO  server.RaftServerConfigKeys (ConfUtils.java:logGet(43)) - raft.server.rpc.timeout.min = 5s (custom)
2019-09-20 10:25:22,323 [pool-379-thread-1] INFO  server.RaftServerConfigKeys (ConfUtils.java:logGet(43)) - raft.server.rpc.timeout.max = 5200ms (custom)
2019-09-20 10:25:22,323 [pool-379-thread-1] INFO  server.RaftServerConfigKeys (ConfUtils.java:logGet(43)) - raft.server.rpcslowness.timeout = 120s (custom)
2019-09-20 10:25:22,323 [pool-379-thread-1] INFO  server.RaftServerConfigKeys (ConfUtils.java:logGet(43)) - raft.server.sleep.deviation.threshold = 300 (default)
2019-09-20 10:25:22,323 [pool-379-thread-1] INFO  server.RaftServerConfigKeys (ConfUtils.java:logGet(43)) - raft.server.log.appender.install.snapshot.enabled = false (custom)
2019-09-20 10:25:22,324 [pool-379-thread-1] INFO  impl.RaftServerImpl (ServerState.java:<init>(105)) - ece458fc-6687-4915-9be7-f98d86977b7d:group-253EBBA5E522 ConfigurationManager, init=-1: [ece458fc-6687-4915-9be7-f98d86977b7d:192.168.36.99:40344], old=null, confs=<EMPTY_MAP>
2019-09-20 10:25:22,324 [pool-379-thread-1] INFO  server.RaftServerConfigKeys (ConfUtils.java:logGet(43)) - raft.server.storage.dir = [/workdir/hadoop-ozone/integration-test/target/test-dir/MiniOzoneClusterImpl-280c06ed-bcb5-4979-9226-67616719d9ed/datanode-6/data/ratis] (custom)
2019-09-20 10:25:22,324 [pool-379-thread-1] INFO  storage.RaftStorageDirectory (RaftStorageDirectory.java:analyzeStorage(246)) - The storage directory /workdir/hadoop-ozone/integration-test/target/test-dir/MiniOzoneClusterImpl-280c06ed-bcb5-4979-9226-67616719d9ed/datanode-6/data/ratis/b6b70daa-c1b4-4ea1-9090-253ebba5e522 does not exist. Creating ...
2019-09-20 10:25:22,352 [pool-379-thread-1] INFO  storage.RaftStorageDirectory (RaftStorageDirectory.java:tryLock(328)) - Lock on /workdir/hadoop-ozone/integration-test/target/test-dir/MiniOzoneClusterImpl-280c06ed-bcb5-4979-9226-67616719d9ed/datanode-6/data/ratis/b6b70daa-c1b4-4ea1-9090-253ebba5e522/in_use.lock acquired by nodename 28506@pr-hdds-1569-p5fx8-1226042367
2019-09-20 10:25:22,368 | INFO  | SCMAudit | user=jenkins1000 | ip=192.168.36.99 | op=SEND_HEARTBEAT {datanodeUUID=fac63c4b-287e-453e-9ac7-8c8c283fdab7, command=[]} | ret=SUCCESS |  
2019-09-20 10:25:22,394 [pool-379-thread-1] INFO  storage.RaftStorage (RaftStorage.java:format(72)) - Storage directory /workdir/hadoop-ozone/integration-test/target/test-dir/MiniOzoneClusterImpl-280c06ed-bcb5-4979-9226-67616719d9ed/datanode-6/data/ratis/b6b70daa-c1b4-4ea1-9090-253ebba5e522 has been successfully formatted.
2019-09-20 10:25:22,394 [pool-379-thread-1] INFO  ratis.ContainerStateMachine (ContainerStateMachine.java:loadSnapshot(226)) - group-253EBBA5E522: The snapshot info is null. Setting the last applied indexto:(t:0, i:~)
2019-09-20 10:25:22,394 [pool-379-thread-1] INFO  server.RaftServerConfigKeys (ConfUtils.java:logGet(43)) - raft.server.leader.election.timeout = 120s (custom)
2019-09-20 10:25:22,395 [pool-379-thread-1] INFO  server.RaftServerConfigKeys (ConfUtils.java:logGet(43)) - raft.server.log.use.memory = false (default)
2019-09-20 10:25:22,395 [pool-379-thread-1] INFO  server.RaftServerConfigKeys (ConfUtils.java:logGet(43)) - raft.server.log.purge.gap = 1000000 (custom)
2019-09-20 10:25:22,395 [pool-379-thread-1] INFO  server.RaftServerConfigKeys (ConfUtils.java:logGet(43)) - raft.server.log.appender.buffer.byte-limit = 33554432 (custom)
2019-09-20 10:25:22,395 [pool-379-thread-1] INFO  server.RaftServerConfigKeys (ConfUtils.java:logGet(43)) - raft.server.log.segment.size.max = 1048576 (custom)
2019-09-20 10:25:22,395 [pool-379-thread-1] INFO  server.RaftServerConfigKeys (ConfUtils.java:logGet(43)) - raft.server.log.segment.cache.num.max = 2 (custom)
2019-09-20 10:25:22,395 [pool-379-thread-1] INFO  segmented.SegmentedRaftLogWorker (SegmentedRaftLogWorker.java:<init>(172)) - new ece458fc-6687-4915-9be7-f98d86977b7d-SegmentedRaftLogWorker:Storage Directory /workdir/hadoop-ozone/integration-test/target/test-dir/MiniOzoneClusterImpl-280c06ed-bcb5-4979-9226-67616719d9ed/datanode-6/data/ratis/b6b70daa-c1b4-4ea1-9090-253ebba5e522 for RaftStorage:Storage Directory /workdir/hadoop-ozone/integration-test/target/test-dir/MiniOzoneClusterImpl-280c06ed-bcb5-4979-9226-67616719d9ed/datanode-6/data/ratis/b6b70daa-c1b4-4ea1-9090-253ebba5e522
2019-09-20 10:25:22,395 [pool-379-thread-1] INFO  server.RaftServerConfigKeys (ConfUtils.java:logGet(43)) - raft.server.log.queue.byte-limit = 2147483647 (custom)
2019-09-20 10:25:22,395 [pool-379-thread-1] INFO  server.RaftServerConfigKeys (ConfUtils.java:logGet(43)) - raft.server.log.queue.element-limit = 1024 (custom)
2019-09-20 10:25:22,395 [pool-379-thread-1] INFO  server.RaftServerConfigKeys (ConfUtils.java:logGet(43)) - raft.server.log.segment.size.max = 1048576 (custom)
2019-09-20 10:25:22,395 [pool-379-thread-1] INFO  server.RaftServerConfigKeys (ConfUtils.java:logGet(43)) - raft.server.log.preallocated.size = 16384 (custom)
2019-09-20 10:25:22,396 [pool-379-thread-1] INFO  server.RaftServerConfigKeys (ConfUtils.java:logGet(43)) - raft.server.log.write.buffer.size = 33554432 (custom)
2019-09-20 10:25:22,396 [pool-379-thread-1] INFO  server.RaftServerConfigKeys (ConfUtils.java:logGet(43)) - raft.server.log.force.sync.num = 128 (default)
2019-09-20 10:25:22,396 [pool-379-thread-1] INFO  server.RaftServerConfigKeys (ConfUtils.java:logGet(43)) - raft.server.log.statemachine.data.sync = true (default)
2019-09-20 10:25:22,396 [pool-379-thread-1] INFO  server.RaftServerConfigKeys (ConfUtils.java:logGet(43)) - raft.server.log.statemachine.data.sync.timeout = 10s (default)
2019-09-20 10:25:22,396 [pool-379-thread-1] INFO  server.RaftServerConfigKeys (ConfUtils.java:logGet(43)) - raft.server.log.statemachine.data.sync.timeout.retry = -1 (default)
2019-09-20 10:25:22,396 [pool-379-thread-1] INFO  server.RaftServerConfigKeys (ConfUtils.java:logGet(43)) - raft.server.log.statemachine.data.caching.enabled = true (custom)
2019-09-20 10:25:22,396 [pool-379-thread-1] INFO  segmented.SegmentedRaftLogWorker (SegmentedRaftLogWorker.java:lambda$new$0(132)) - ece458fc-6687-4915-9be7-f98d86977b7d-SegmentedRaftLogWorker:Storage Directory /workdir/hadoop-ozone/integration-test/target/test-dir/MiniOzoneClusterImpl-280c06ed-bcb5-4979-9226-67616719d9ed/datanode-6/data/ratis/b6b70daa-c1b4-4ea1-9090-253ebba5e522: flushIndex: setUnconditionally 0 -> -1
2019-09-20 10:25:22,397 [pool-379-thread-1] INFO  server.RaftServerConfigKeys (ConfUtils.java:logGet(43)) - raft.server.snapshot.auto.trigger.enabled = true (custom)
2019-09-20 10:25:22,397 [pool-379-thread-1] INFO  server.RaftServerConfigKeys (ConfUtils.java:logGet(43)) - raft.server.snapshot.auto.trigger.threshold = 10000 (custom)
2019-09-20 10:25:22,397 [pool-379-thread-1] INFO  server.RaftServerConfigKeys (ConfUtils.java:logGet(43)) - raft.server.retrycache.expirytime = 600000ms (custom)
2019-09-20 10:25:22,397 [pool-379-thread-1] INFO  impl.RaftServerImpl (RaftServerImpl.java:start(180)) - ece458fc-6687-4915-9be7-f98d86977b7d: start group-253EBBA5E522
2019-09-20 10:25:22,397 [pool-379-thread-1] INFO  impl.RaftServerImpl (RaftServerImpl.java:setRole(171)) - ece458fc-6687-4915-9be7-f98d86977b7d:group-253EBBA5E522 changes role from null to FOLLOWER at term 0 for startAsFollower
2019-09-20 10:25:22,397 [pool-379-thread-1] INFO  impl.RoleInfo (RoleInfo.java:updateAndGet(143)) - ece458fc-6687-4915-9be7-f98d86977b7d: start FollowerState
2019-09-20 10:25:22,397 [pool-379-thread-1] INFO  util.JmxRegister (JmxRegister.java:tryRegister(44)) - Successfully registered JMX Bean with object name Ratis:service=RaftServer,group=group-253EBBA5E522,id=ece458fc-6687-4915-9be7-f98d86977b7d
2019-09-20 10:25:22,400 [RatisPipelineUtilsThread] INFO  pipeline.PipelineStateManager (PipelineStateManager.java:addPipeline(56)) - Created pipeline Pipeline[ Id: b6b70daa-c1b4-4ea1-9090-253ebba5e522, Nodes: ece458fc-6687-4915-9be7-f98d86977b7d{ip: 192.168.36.99, host: pr-hdds-1569-p5fx8-1226042367, networkLocation: /default-rack, certSerialId: null}, Type:RATIS, Factor:ONE, State:OPEN]
2019-09-20 10:25:22,400 [RatisPipelineUtilsThread] INFO  pipeline.PipelinePlacementPolicy (PipelinePlacementPolicy.java:meetCriteria(91)) - Pipeline Placement: Doesn't meet the criteria to be viable node： 7f6418e1-cc7a-441a-8f41-c73576b5a1c5 Heaviness: 6 limit: 5
2019-09-20 10:25:22,400 [RatisPipelineUtilsThread] INFO  pipeline.PipelinePlacementPolicy (PipelinePlacementPolicy.java:meetCriteria(91)) - Pipeline Placement: Doesn't meet the criteria to be viable node： 1bfb6844-04ed-4104-839b-60e510b6bb68 Heaviness: 6 limit: 5
2019-09-20 10:25:22,401 [RatisPipelineUtilsThread] INFO  pipeline.PipelinePlacementPolicy (PipelinePlacementPolicy.java:meetCriteria(91)) - Pipeline Placement: Doesn't meet the criteria to be viable node： 075fa85b-703c-4900-807d-88f08b36438a Heaviness: 6 limit: 5
2019-09-20 10:25:22,401 [RatisPipelineUtilsThread] INFO  pipeline.PipelinePlacementPolicy (PipelinePlacementPolicy.java:meetCriteria(91)) - Pipeline Placement: Doesn't meet the criteria to be viable node： 99153be1-ba81-4c7b-b6ab-4442760615cb Heaviness: 6 limit: 5
2019-09-20 10:25:22,401 [Thread-1673] INFO  container.ReplicationManager (ReplicationManager.java:start(151)) - Starting Replication Monitor Thread.
2019-09-20 10:25:22,401 [RatisPipelineUtilsThread] INFO  pipeline.PipelinePlacementPolicy (PipelinePlacementPolicy.java:meetCriteria(91)) - Pipeline Placement: Doesn't meet the criteria to be viable node： e29464ab-17d7-4a4e-ab54-c178fccc723c Heaviness: 6 limit: 5
2019-09-20 10:25:22,401 [RatisPipelineUtilsThread] INFO  pipeline.PipelinePlacementPolicy (PipelinePlacementPolicy.java:meetCriteria(91)) - Pipeline Placement: Doesn't meet the criteria to be viable node： fac63c4b-287e-453e-9ac7-8c8c283fdab7 Heaviness: 6 limit: 5
2019-09-20 10:25:22,411 [ReplicationMonitor] INFO  container.ReplicationManager (ReplicationManager.java:run(214)) - Replication Monitor Thread took 0 milliseconds for processing 0 containers.
2019-09-20 10:25:22,416 [grpc-default-executor-4] INFO  impl.RaftServerProxy (RaftServerProxy.java:addNew(89)) - ece458fc-6687-4915-9be7-f98d86977b7d: addNew group-12B45CD6ECF8:[ece458fc-6687-4915-9be7-f98d86977b7d:192.168.36.99:40344] returns group-12B45CD6ECF8:java.util.concurrent.CompletableFuture@380ef4c7[Not completed]
2019-09-20 10:25:22,416 [pool-379-thread-1] INFO  impl.RaftServerImpl (RaftServerImpl.java:<init>(93)) - ece458fc-6687-4915-9be7-f98d86977b7d: new RaftServerImpl for group-12B45CD6ECF8:[ece458fc-6687-4915-9be7-f98d86977b7d:192.168.36.99:40344] with ContainerStateMachine:uninitialized
2019-09-20 10:25:22,417 [pool-379-thread-1] INFO  server.RaftServerConfigKeys (ConfUtils.java:logGet(43)) - raft.server.rpc.timeout.min = 5s (custom)
2019-09-20 10:25:22,417 [pool-379-thread-1] INFO  server.RaftServerConfigKeys (ConfUtils.java:logGet(43)) - raft.server.rpc.timeout.max = 5200ms (custom)
2019-09-20 10:25:22,417 [pool-379-thread-1] INFO  server.RaftServerConfigKeys (ConfUtils.java:logGet(43)) - raft.server.rpcslowness.timeout = 120s (custom)
2019-09-20 10:25:22,417 [pool-379-thread-1] INFO  server.RaftServerConfigKeys (ConfUtils.java:logGet(43)) - raft.server.sleep.deviation.threshold = 300 (default)
2019-09-20 10:25:22,417 [pool-379-thread-1] INFO  server.RaftServerConfigKeys (ConfUtils.java:logGet(43)) - raft.server.log.appender.install.snapshot.enabled = false (custom)
2019-09-20 10:25:22,417 [pool-379-thread-1] INFO  impl.RaftServerImpl (ServerState.java:<init>(105)) - ece458fc-6687-4915-9be7-f98d86977b7d:group-12B45CD6ECF8 ConfigurationManager, init=-1: [ece458fc-6687-4915-9be7-f98d86977b7d:192.168.36.99:40344], old=null, confs=<EMPTY_MAP>
2019-09-20 10:25:22,417 [pool-379-thread-1] INFO  server.RaftServerConfigKeys (ConfUtils.java:logGet(43)) - raft.server.storage.dir = [/workdir/hadoop-ozone/integration-test/target/test-dir/MiniOzoneClusterImpl-280c06ed-bcb5-4979-9226-67616719d9ed/datanode-6/data/ratis] (custom)
2019-09-20 10:25:22,417 [pool-379-thread-1] INFO  storage.RaftStorageDirectory (RaftStorageDirectory.java:analyzeStorage(246)) - The storage directory /workdir/hadoop-ozone/integration-test/target/test-dir/MiniOzoneClusterImpl-280c06ed-bcb5-4979-9226-67616719d9ed/datanode-6/data/ratis/7430b3f9-67ba-48a8-be44-12b45cd6ecf8 does not exist. Creating ...
2019-09-20 10:25:22,461 [pool-379-thread-1] INFO  storage.RaftStorageDirectory (RaftStorageDirectory.java:tryLock(328)) - Lock on /workdir/hadoop-ozone/integration-test/target/test-dir/MiniOzoneClusterImpl-280c06ed-bcb5-4979-9226-67616719d9ed/datanode-6/data/ratis/7430b3f9-67ba-48a8-be44-12b45cd6ecf8/in_use.lock acquired by nodename 28506@pr-hdds-1569-p5fx8-1226042367
2019-09-20 10:25:22,486 [pool-379-thread-1] INFO  storage.RaftStorage (RaftStorage.java:format(72)) - Storage directory /workdir/hadoop-ozone/integration-test/target/test-dir/MiniOzoneClusterImpl-280c06ed-bcb5-4979-9226-67616719d9ed/datanode-6/data/ratis/7430b3f9-67ba-48a8-be44-12b45cd6ecf8 has been successfully formatted.
2019-09-20 10:25:22,487 [pool-379-thread-1] INFO  ratis.ContainerStateMachine (ContainerStateMachine.java:loadSnapshot(226)) - group-12B45CD6ECF8: The snapshot info is null. Setting the last applied indexto:(t:0, i:~)
2019-09-20 10:25:22,487 [pool-379-thread-1] INFO  server.RaftServerConfigKeys (ConfUtils.java:logGet(43)) - raft.server.leader.election.timeout = 120s (custom)
2019-09-20 10:25:22,487 [pool-379-thread-1] INFO  server.RaftServerConfigKeys (ConfUtils.java:logGet(43)) - raft.server.log.use.memory = false (default)
2019-09-20 10:25:22,487 [pool-379-thread-1] INFO  server.RaftServerConfigKeys (ConfUtils.java:logGet(43)) - raft.server.log.purge.gap = 1000000 (custom)
2019-09-20 10:25:22,487 [pool-379-thread-1] INFO  server.RaftServerConfigKeys (ConfUtils.java:logGet(43)) - raft.server.log.appender.buffer.byte-limit = 33554432 (custom)
2019-09-20 10:25:22,487 [pool-379-thread-1] INFO  server.RaftServerConfigKeys (ConfUtils.java:logGet(43)) - raft.server.log.segment.size.max = 1048576 (custom)
2019-09-20 10:25:22,487 [pool-379-thread-1] INFO  server.RaftServerConfigKeys (ConfUtils.java:logGet(43)) - raft.server.log.segment.cache.num.max = 2 (custom)
2019-09-20 10:25:22,487 [pool-379-thread-1] INFO  segmented.SegmentedRaftLogWorker (SegmentedRaftLogWorker.java:<init>(172)) - new ece458fc-6687-4915-9be7-f98d86977b7d-SegmentedRaftLogWorker:Storage Directory /workdir/hadoop-ozone/integration-test/target/test-dir/MiniOzoneClusterImpl-280c06ed-bcb5-4979-9226-67616719d9ed/datanode-6/data/ratis/7430b3f9-67ba-48a8-be44-12b45cd6ecf8 for RaftStorage:Storage Directory /workdir/hadoop-ozone/integration-test/target/test-dir/MiniOzoneClusterImpl-280c06ed-bcb5-4979-9226-67616719d9ed/datanode-6/data/ratis/7430b3f9-67ba-48a8-be44-12b45cd6ecf8
2019-09-20 10:25:22,488 [pool-379-thread-1] INFO  server.RaftServerConfigKeys (ConfUtils.java:logGet(43)) - raft.server.log.queue.byte-limit = 2147483647 (custom)
2019-09-20 10:25:22,488 [pool-379-thread-1] INFO  server.RaftServerConfigKeys (ConfUtils.java:logGet(43)) - raft.server.log.queue.element-limit = 1024 (custom)
2019-09-20 10:25:22,488 [pool-379-thread-1] INFO  server.RaftServerConfigKeys (ConfUtils.java:logGet(43)) - raft.server.log.segment.size.max = 1048576 (custom)
2019-09-20 10:25:22,488 [pool-379-thread-1] INFO  server.RaftServerConfigKeys (ConfUtils.java:logGet(43)) - raft.server.log.preallocated.size = 16384 (custom)
2019-09-20 10:25:22,488 [pool-379-thread-1] INFO  server.RaftServerConfigKeys (ConfUtils.java:logGet(43)) - raft.server.log.write.buffer.size = 33554432 (custom)
2019-09-20 10:25:22,488 [pool-379-thread-1] INFO  server.RaftServerConfigKeys (ConfUtils.java:logGet(43)) - raft.server.log.force.sync.num = 128 (default)
2019-09-20 10:25:22,488 [pool-379-thread-1] INFO  server.RaftServerConfigKeys (ConfUtils.java:logGet(43)) - raft.server.log.statemachine.data.sync = true (default)
2019-09-20 10:25:22,488 [pool-379-thread-1] INFO  server.RaftServerConfigKeys (ConfUtils.java:logGet(43)) - raft.server.log.statemachine.data.sync.timeout = 10s (default)
2019-09-20 10:25:22,489 [pool-379-thread-1] INFO  server.RaftServerConfigKeys (ConfUtils.java:logGet(43)) - raft.server.log.statemachine.data.sync.timeout.retry = -1 (default)
2019-09-20 10:25:22,489 [pool-379-thread-1] INFO  server.RaftServerConfigKeys (ConfUtils.java:logGet(43)) - raft.server.log.statemachine.data.caching.enabled = true (custom)
2019-09-20 10:25:22,489 [pool-379-thread-1] INFO  segmented.SegmentedRaftLogWorker (SegmentedRaftLogWorker.java:lambda$new$0(132)) - ece458fc-6687-4915-9be7-f98d86977b7d-SegmentedRaftLogWorker:Storage Directory /workdir/hadoop-ozone/integration-test/target/test-dir/MiniOzoneClusterImpl-280c06ed-bcb5-4979-9226-67616719d9ed/datanode-6/data/ratis/7430b3f9-67ba-48a8-be44-12b45cd6ecf8: flushIndex: setUnconditionally 0 -> -1
2019-09-20 10:25:22,489 [pool-379-thread-1] INFO  server.RaftServerConfigKeys (ConfUtils.java:logGet(43)) - raft.server.snapshot.auto.trigger.enabled = true (custom)
2019-09-20 10:25:22,490 [pool-379-thread-1] INFO  server.RaftServerConfigKeys (ConfUtils.java:logGet(43)) - raft.server.snapshot.auto.trigger.threshold = 10000 (custom)
2019-09-20 10:25:22,490 [pool-379-thread-1] INFO  server.RaftServerConfigKeys (ConfUtils.java:logGet(43)) - raft.server.retrycache.expirytime = 600000ms (custom)
2019-09-20 10:25:22,490 [pool-379-thread-1] INFO  impl.RaftServerImpl (RaftServerImpl.java:start(180)) - ece458fc-6687-4915-9be7-f98d86977b7d: start group-12B45CD6ECF8
2019-09-20 10:25:22,490 [pool-379-thread-1] INFO  impl.RaftServerImpl (RaftServerImpl.java:setRole(171)) - ece458fc-6687-4915-9be7-f98d86977b7d:group-12B45CD6ECF8 changes role from null to FOLLOWER at term 0 for startAsFollower
2019-09-20 10:25:22,490 [pool-379-thread-1] INFO  impl.RoleInfo (RoleInfo.java:updateAndGet(143)) - ece458fc-6687-4915-9be7-f98d86977b7d: start FollowerState
2019-09-20 10:25:22,491 [pool-379-thread-1] INFO  util.JmxRegister (JmxRegister.java:tryRegister(44)) - Successfully registered JMX Bean with object name Ratis:service=RaftServer,group=group-12B45CD6ECF8,id=ece458fc-6687-4915-9be7-f98d86977b7d
2019-09-20 10:25:22,494 [RatisPipelineUtilsThread] INFO  pipeline.PipelineStateManager (PipelineStateManager.java:addPipeline(56)) - Created pipeline Pipeline[ Id: 7430b3f9-67ba-48a8-be44-12b45cd6ecf8, Nodes: ece458fc-6687-4915-9be7-f98d86977b7d{ip: 192.168.36.99, host: pr-hdds-1569-p5fx8-1226042367, networkLocation: /default-rack, certSerialId: null}, Type:RATIS, Factor:ONE, State:OPEN]
2019-09-20 10:25:22,494 [RatisPipelineUtilsThread] INFO  pipeline.PipelinePlacementPolicy (PipelinePlacementPolicy.java:meetCriteria(91)) - Pipeline Placement: Doesn't meet the criteria to be viable node： 7f6418e1-cc7a-441a-8f41-c73576b5a1c5 Heaviness: 6 limit: 5
2019-09-20 10:25:22,494 [RatisPipelineUtilsThread] INFO  pipeline.PipelinePlacementPolicy (PipelinePlacementPolicy.java:meetCriteria(91)) - Pipeline Placement: Doesn't meet the criteria to be viable node： 1bfb6844-04ed-4104-839b-60e510b6bb68 Heaviness: 6 limit: 5
2019-09-20 10:25:22,494 [RatisPipelineUtilsThread] INFO  pipeline.PipelinePlacementPolicy (PipelinePlacementPolicy.java:meetCriteria(91)) - Pipeline Placement: Doesn't meet the criteria to be viable node： 075fa85b-703c-4900-807d-88f08b36438a Heaviness: 6 limit: 5
2019-09-20 10:25:22,494 [RatisPipelineUtilsThread] INFO  pipeline.PipelinePlacementPolicy (PipelinePlacementPolicy.java:meetCriteria(91)) - Pipeline Placement: Doesn't meet the criteria to be viable node： 99153be1-ba81-4c7b-b6ab-4442760615cb Heaviness: 6 limit: 5
2019-09-20 10:25:22,494 [RatisPipelineUtilsThread] INFO  pipeline.PipelinePlacementPolicy (PipelinePlacementPolicy.java:meetCriteria(91)) - Pipeline Placement: Doesn't meet the criteria to be viable node： e29464ab-17d7-4a4e-ab54-c178fccc723c Heaviness: 6 limit: 5
2019-09-20 10:25:22,494 [RatisPipelineUtilsThread] INFO  pipeline.PipelinePlacementPolicy (PipelinePlacementPolicy.java:meetCriteria(91)) - Pipeline Placement: Doesn't meet the criteria to be viable node： fac63c4b-287e-453e-9ac7-8c8c283fdab7 Heaviness: 6 limit: 5
2019-09-20 10:25:22,500 [grpc-default-executor-4] INFO  impl.RaftServerProxy (RaftServerProxy.java:addNew(89)) - ece458fc-6687-4915-9be7-f98d86977b7d: addNew group-3251D984BB60:[ece458fc-6687-4915-9be7-f98d86977b7d:192.168.36.99:40344] returns group-3251D984BB60:java.util.concurrent.CompletableFuture@22097dd0[Not completed]
2019-09-20 10:25:22,501 [pool-379-thread-1] INFO  impl.RaftServerImpl (RaftServerImpl.java:<init>(93)) - ece458fc-6687-4915-9be7-f98d86977b7d: new RaftServerImpl for group-3251D984BB60:[ece458fc-6687-4915-9be7-f98d86977b7d:192.168.36.99:40344] with ContainerStateMachine:uninitialized
2019-09-20 10:25:22,501 [pool-379-thread-1] INFO  server.RaftServerConfigKeys (ConfUtils.java:logGet(43)) - raft.server.rpc.timeout.min = 5s (custom)
2019-09-20 10:25:22,501 [pool-379-thread-1] INFO  server.RaftServerConfigKeys (ConfUtils.java:logGet(43)) - raft.server.rpc.timeout.max = 5200ms (custom)
2019-09-20 10:25:22,501 [pool-379-thread-1] INFO  server.RaftServerConfigKeys (ConfUtils.java:logGet(43)) - raft.server.rpcslowness.timeout = 120s (custom)
2019-09-20 10:25:22,501 [pool-379-thread-1] INFO  server.RaftServerConfigKeys (ConfUtils.java:logGet(43)) - raft.server.sleep.deviation.threshold = 300 (default)
2019-09-20 10:25:22,501 [pool-379-thread-1] INFO  server.RaftServerConfigKeys (ConfUtils.java:logGet(43)) - raft.server.log.appender.install.snapshot.enabled = false (custom)
2019-09-20 10:25:22,501 [pool-379-thread-1] INFO  impl.RaftServerImpl (ServerState.java:<init>(105)) - ece458fc-6687-4915-9be7-f98d86977b7d:group-3251D984BB60 ConfigurationManager, init=-1: [ece458fc-6687-4915-9be7-f98d86977b7d:192.168.36.99:40344], old=null, confs=<EMPTY_MAP>
2019-09-20 10:25:22,502 [pool-379-thread-1] INFO  server.RaftServerConfigKeys (ConfUtils.java:logGet(43)) - raft.server.storage.dir = [/workdir/hadoop-ozone/integration-test/target/test-dir/MiniOzoneClusterImpl-280c06ed-bcb5-4979-9226-67616719d9ed/datanode-6/data/ratis] (custom)
2019-09-20 10:25:22,502 [pool-379-thread-1] INFO  storage.RaftStorageDirectory (RaftStorageDirectory.java:analyzeStorage(246)) - The storage directory /workdir/hadoop-ozone/integration-test/target/test-dir/MiniOzoneClusterImpl-280c06ed-bcb5-4979-9226-67616719d9ed/datanode-6/data/ratis/ba1af02f-e937-49b2-abaf-3251d984bb60 does not exist. Creating ...
2019-09-20 10:25:22,537 [pool-379-thread-1] INFO  storage.RaftStorageDirectory (RaftStorageDirectory.java:tryLock(328)) - Lock on /workdir/hadoop-ozone/integration-test/target/test-dir/MiniOzoneClusterImpl-280c06ed-bcb5-4979-9226-67616719d9ed/datanode-6/data/ratis/ba1af02f-e937-49b2-abaf-3251d984bb60/in_use.lock acquired by nodename 28506@pr-hdds-1569-p5fx8-1226042367
2019-09-20 10:25:22,554 [pool-379-thread-1] INFO  storage.RaftStorage (RaftStorage.java:format(72)) - Storage directory /workdir/hadoop-ozone/integration-test/target/test-dir/MiniOzoneClusterImpl-280c06ed-bcb5-4979-9226-67616719d9ed/datanode-6/data/ratis/ba1af02f-e937-49b2-abaf-3251d984bb60 has been successfully formatted.
2019-09-20 10:25:22,554 [pool-379-thread-1] INFO  ratis.ContainerStateMachine (ContainerStateMachine.java:loadSnapshot(226)) - group-3251D984BB60: The snapshot info is null. Setting the last applied indexto:(t:0, i:~)
2019-09-20 10:25:22,554 [pool-379-thread-1] INFO  server.RaftServerConfigKeys (ConfUtils.java:logGet(43)) - raft.server.leader.election.timeout = 120s (custom)
2019-09-20 10:25:22,554 [pool-379-thread-1] INFO  server.RaftServerConfigKeys (ConfUtils.java:logGet(43)) - raft.server.log.use.memory = false (default)
2019-09-20 10:25:22,554 [pool-379-thread-1] INFO  server.RaftServerConfigKeys (ConfUtils.java:logGet(43)) - raft.server.log.purge.gap = 1000000 (custom)
2019-09-20 10:25:22,555 [pool-379-thread-1] INFO  server.RaftServerConfigKeys (ConfUtils.java:logGet(43)) - raft.server.log.appender.buffer.byte-limit = 33554432 (custom)
2019-09-20 10:25:22,555 [pool-379-thread-1] INFO  server.RaftServerConfigKeys (ConfUtils.java:logGet(43)) - raft.server.log.segment.size.max = 1048576 (custom)
2019-09-20 10:25:22,555 [pool-379-thread-1] INFO  server.RaftServerConfigKeys (ConfUtils.java:logGet(43)) - raft.server.log.segment.cache.num.max = 2 (custom)
2019-09-20 10:25:22,555 [pool-379-thread-1] INFO  segmented.SegmentedRaftLogWorker (SegmentedRaftLogWorker.java:<init>(172)) - new ece458fc-6687-4915-9be7-f98d86977b7d-SegmentedRaftLogWorker:Storage Directory /workdir/hadoop-ozone/integration-test/target/test-dir/MiniOzoneClusterImpl-280c06ed-bcb5-4979-9226-67616719d9ed/datanode-6/data/ratis/ba1af02f-e937-49b2-abaf-3251d984bb60 for RaftStorage:Storage Directory /workdir/hadoop-ozone/integration-test/target/test-dir/MiniOzoneClusterImpl-280c06ed-bcb5-4979-9226-67616719d9ed/datanode-6/data/ratis/ba1af02f-e937-49b2-abaf-3251d984bb60
2019-09-20 10:25:22,555 [pool-379-thread-1] INFO  server.RaftServerConfigKeys (ConfUtils.java:logGet(43)) - raft.server.log.queue.byte-limit = 2147483647 (custom)
2019-09-20 10:25:22,555 [pool-379-thread-1] INFO  server.RaftServerConfigKeys (ConfUtils.java:logGet(43)) - raft.server.log.queue.element-limit = 1024 (custom)
2019-09-20 10:25:22,556 [pool-379-thread-1] INFO  server.RaftServerConfigKeys (ConfUtils.java:logGet(43)) - raft.server.log.segment.size.max = 1048576 (custom)
2019-09-20 10:25:22,556 [pool-379-thread-1] INFO  server.RaftServerConfigKeys (ConfUtils.java:logGet(43)) - raft.server.log.preallocated.size = 16384 (custom)
2019-09-20 10:25:22,556 [pool-379-thread-1] INFO  server.RaftServerConfigKeys (ConfUtils.java:logGet(43)) - raft.server.log.write.buffer.size = 33554432 (custom)
2019-09-20 10:25:22,556 [pool-379-thread-1] INFO  server.RaftServerConfigKeys (ConfUtils.java:logGet(43)) - raft.server.log.force.sync.num = 128 (default)
2019-09-20 10:25:22,556 [pool-379-thread-1] INFO  server.RaftServerConfigKeys (ConfUtils.java:logGet(43)) - raft.server.log.statemachine.data.sync = true (default)
2019-09-20 10:25:22,556 [pool-379-thread-1] INFO  server.RaftServerConfigKeys (ConfUtils.java:logGet(43)) - raft.server.log.statemachine.data.sync.timeout = 10s (default)
2019-09-20 10:25:22,556 [pool-379-thread-1] INFO  server.RaftServerConfigKeys (ConfUtils.java:logGet(43)) - raft.server.log.statemachine.data.sync.timeout.retry = -1 (default)
2019-09-20 10:25:22,557 [pool-379-thread-1] INFO  server.RaftServerConfigKeys (ConfUtils.java:logGet(43)) - raft.server.log.statemachine.data.caching.enabled = true (custom)
2019-09-20 10:25:22,557 [pool-379-thread-1] INFO  segmented.SegmentedRaftLogWorker (SegmentedRaftLogWorker.java:lambda$new$0(132)) - ece458fc-6687-4915-9be7-f98d86977b7d-SegmentedRaftLogWorker:Storage Directory /workdir/hadoop-ozone/integration-test/target/test-dir/MiniOzoneClusterImpl-280c06ed-bcb5-4979-9226-67616719d9ed/datanode-6/data/ratis/ba1af02f-e937-49b2-abaf-3251d984bb60: flushIndex: setUnconditionally 0 -> -1
2019-09-20 10:25:22,557 [pool-379-thread-1] INFO  server.RaftServerConfigKeys (ConfUtils.java:logGet(43)) - raft.server.snapshot.auto.trigger.enabled = true (custom)
2019-09-20 10:25:22,557 [pool-379-thread-1] INFO  server.RaftServerConfigKeys (ConfUtils.java:logGet(43)) - raft.server.snapshot.auto.trigger.threshold = 10000 (custom)
2019-09-20 10:25:22,558 [pool-379-thread-1] INFO  server.RaftServerConfigKeys (ConfUtils.java:logGet(43)) - raft.server.retrycache.expirytime = 600000ms (custom)
2019-09-20 10:25:22,558 [pool-379-thread-1] INFO  impl.RaftServerImpl (RaftServerImpl.java:start(180)) - ece458fc-6687-4915-9be7-f98d86977b7d: start group-3251D984BB60
2019-09-20 10:25:22,558 [pool-379-thread-1] INFO  impl.RaftServerImpl (RaftServerImpl.java:setRole(171)) - ece458fc-6687-4915-9be7-f98d86977b7d:group-3251D984BB60 changes role from null to FOLLOWER at term 0 for startAsFollower
2019-09-20 10:25:22,558 [pool-379-thread-1] INFO  impl.RoleInfo (RoleInfo.java:updateAndGet(143)) - ece458fc-6687-4915-9be7-f98d86977b7d: start FollowerState
2019-09-20 10:25:22,558 [pool-379-thread-1] INFO  util.JmxRegister (JmxRegister.java:tryRegister(44)) - Successfully registered JMX Bean with object name Ratis:service=RaftServer,group=group-3251D984BB60,id=ece458fc-6687-4915-9be7-f98d86977b7d
2019-09-20 10:25:22,561 [RatisPipelineUtilsThread] INFO  pipeline.PipelineStateManager (PipelineStateManager.java:addPipeline(56)) - Created pipeline Pipeline[ Id: ba1af02f-e937-49b2-abaf-3251d984bb60, Nodes: ece458fc-6687-4915-9be7-f98d86977b7d{ip: 192.168.36.99, host: pr-hdds-1569-p5fx8-1226042367, networkLocation: /default-rack, certSerialId: null}, Type:RATIS, Factor:ONE, State:OPEN]
2019-09-20 10:25:22,561 [RatisPipelineUtilsThread] INFO  pipeline.PipelinePlacementPolicy (PipelinePlacementPolicy.java:meetCriteria(91)) - Pipeline Placement: Doesn't meet the criteria to be viable node： 7f6418e1-cc7a-441a-8f41-c73576b5a1c5 Heaviness: 6 limit: 5
2019-09-20 10:25:22,561 [RatisPipelineUtilsThread] INFO  pipeline.PipelinePlacementPolicy (PipelinePlacementPolicy.java:meetCriteria(91)) - Pipeline Placement: Doesn't meet the criteria to be viable node： 1bfb6844-04ed-4104-839b-60e510b6bb68 Heaviness: 6 limit: 5
2019-09-20 10:25:22,562 [RatisPipelineUtilsThread] INFO  pipeline.PipelinePlacementPolicy (PipelinePlacementPolicy.java:meetCriteria(91)) - Pipeline Placement: Doesn't meet the criteria to be viable node： 075fa85b-703c-4900-807d-88f08b36438a Heaviness: 6 limit: 5
2019-09-20 10:25:22,562 [RatisPipelineUtilsThread] INFO  pipeline.PipelinePlacementPolicy (PipelinePlacementPolicy.java:meetCriteria(91)) - Pipeline Placement: Doesn't meet the criteria to be viable node： 99153be1-ba81-4c7b-b6ab-4442760615cb Heaviness: 6 limit: 5
2019-09-20 10:25:22,562 [RatisPipelineUtilsThread] INFO  pipeline.PipelinePlacementPolicy (PipelinePlacementPolicy.java:meetCriteria(91)) - Pipeline Placement: Doesn't meet the criteria to be viable node： e29464ab-17d7-4a4e-ab54-c178fccc723c Heaviness: 6 limit: 5
2019-09-20 10:25:22,562 [RatisPipelineUtilsThread] INFO  pipeline.PipelinePlacementPolicy (PipelinePlacementPolicy.java:meetCriteria(91)) - Pipeline Placement: Doesn't meet the criteria to be viable node： fac63c4b-287e-453e-9ac7-8c8c283fdab7 Heaviness: 6 limit: 5
2019-09-20 10:25:22,567 [grpc-default-executor-4] INFO  impl.RaftServerProxy (RaftServerProxy.java:addNew(89)) - ece458fc-6687-4915-9be7-f98d86977b7d: addNew group-CE7DA6203BE1:[ece458fc-6687-4915-9be7-f98d86977b7d:192.168.36.99:40344] returns group-CE7DA6203BE1:java.util.concurrent.CompletableFuture@1ed874df[Not completed]
2019-09-20 10:25:22,568 [pool-379-thread-1] INFO  impl.RaftServerImpl (RaftServerImpl.java:<init>(93)) - ece458fc-6687-4915-9be7-f98d86977b7d: new RaftServerImpl for group-CE7DA6203BE1:[ece458fc-6687-4915-9be7-f98d86977b7d:192.168.36.99:40344] with ContainerStateMachine:uninitialized
2019-09-20 10:25:22,568 [pool-379-thread-1] INFO  server.RaftServerConfigKeys (ConfUtils.java:logGet(43)) - raft.server.rpc.timeout.min = 5s (custom)
2019-09-20 10:25:22,569 [pool-379-thread-1] INFO  server.RaftServerConfigKeys (ConfUtils.java:logGet(43)) - raft.server.rpc.timeout.max = 5200ms (custom)
2019-09-20 10:25:22,569 [pool-379-thread-1] INFO  server.RaftServerConfigKeys (ConfUtils.java:logGet(43)) - raft.server.rpcslowness.timeout = 120s (custom)
2019-09-20 10:25:22,569 [pool-379-thread-1] INFO  server.RaftServerConfigKeys (ConfUtils.java:logGet(43)) - raft.server.sleep.deviation.threshold = 300 (default)
2019-09-20 10:25:22,569 [pool-379-thread-1] INFO  server.RaftServerConfigKeys (ConfUtils.java:logGet(43)) - raft.server.log.appender.install.snapshot.enabled = false (custom)
2019-09-20 10:25:22,569 [pool-379-thread-1] INFO  impl.RaftServerImpl (ServerState.java:<init>(105)) - ece458fc-6687-4915-9be7-f98d86977b7d:group-CE7DA6203BE1 ConfigurationManager, init=-1: [ece458fc-6687-4915-9be7-f98d86977b7d:192.168.36.99:40344], old=null, confs=<EMPTY_MAP>
2019-09-20 10:25:22,569 [pool-379-thread-1] INFO  server.RaftServerConfigKeys (ConfUtils.java:logGet(43)) - raft.server.storage.dir = [/workdir/hadoop-ozone/integration-test/target/test-dir/MiniOzoneClusterImpl-280c06ed-bcb5-4979-9226-67616719d9ed/datanode-6/data/ratis] (custom)
2019-09-20 10:25:22,570 [pool-379-thread-1] INFO  storage.RaftStorageDirectory (RaftStorageDirectory.java:analyzeStorage(246)) - The storage directory /workdir/hadoop-ozone/integration-test/target/test-dir/MiniOzoneClusterImpl-280c06ed-bcb5-4979-9226-67616719d9ed/datanode-6/data/ratis/460759a0-ea14-496d-ac0f-ce7da6203be1 does not exist. Creating ...
2019-09-20 10:25:22,587 [pool-379-thread-1] INFO  storage.RaftStorageDirectory (RaftStorageDirectory.java:tryLock(328)) - Lock on /workdir/hadoop-ozone/integration-test/target/test-dir/MiniOzoneClusterImpl-280c06ed-bcb5-4979-9226-67616719d9ed/datanode-6/data/ratis/460759a0-ea14-496d-ac0f-ce7da6203be1/in_use.lock acquired by nodename 28506@pr-hdds-1569-p5fx8-1226042367
2019-09-20 10:25:22,605 [pool-379-thread-1] INFO  storage.RaftStorage (RaftStorage.java:format(72)) - Storage directory /workdir/hadoop-ozone/integration-test/target/test-dir/MiniOzoneClusterImpl-280c06ed-bcb5-4979-9226-67616719d9ed/datanode-6/data/ratis/460759a0-ea14-496d-ac0f-ce7da6203be1 has been successfully formatted.
2019-09-20 10:25:22,605 [pool-379-thread-1] INFO  ratis.ContainerStateMachine (ContainerStateMachine.java:loadSnapshot(226)) - group-CE7DA6203BE1: The snapshot info is null. Setting the last applied indexto:(t:0, i:~)
2019-09-20 10:25:22,605 [pool-379-thread-1] INFO  server.RaftServerConfigKeys (ConfUtils.java:logGet(43)) - raft.server.leader.election.timeout = 120s (custom)
2019-09-20 10:25:22,605 [pool-379-thread-1] INFO  server.RaftServerConfigKeys (ConfUtils.java:logGet(43)) - raft.server.log.use.memory = false (default)
2019-09-20 10:25:22,605 [pool-379-thread-1] INFO  server.RaftServerConfigKeys (ConfUtils.java:logGet(43)) - raft.server.log.purge.gap = 1000000 (custom)
2019-09-20 10:25:22,605 [pool-379-thread-1] INFO  server.RaftServerConfigKeys (ConfUtils.java:logGet(43)) - raft.server.log.appender.buffer.byte-limit = 33554432 (custom)
2019-09-20 10:25:22,605 [pool-379-thread-1] INFO  server.RaftServerConfigKeys (ConfUtils.java:logGet(43)) - raft.server.log.segment.size.max = 1048576 (custom)
2019-09-20 10:25:22,606 [pool-379-thread-1] INFO  server.RaftServerConfigKeys (ConfUtils.java:logGet(43)) - raft.server.log.segment.cache.num.max = 2 (custom)
2019-09-20 10:25:22,606 [pool-379-thread-1] INFO  segmented.SegmentedRaftLogWorker (SegmentedRaftLogWorker.java:<init>(172)) - new ece458fc-6687-4915-9be7-f98d86977b7d-SegmentedRaftLogWorker:Storage Directory /workdir/hadoop-ozone/integration-test/target/test-dir/MiniOzoneClusterImpl-280c06ed-bcb5-4979-9226-67616719d9ed/datanode-6/data/ratis/460759a0-ea14-496d-ac0f-ce7da6203be1 for RaftStorage:Storage Directory /workdir/hadoop-ozone/integration-test/target/test-dir/MiniOzoneClusterImpl-280c06ed-bcb5-4979-9226-67616719d9ed/datanode-6/data/ratis/460759a0-ea14-496d-ac0f-ce7da6203be1
2019-09-20 10:25:22,606 [pool-379-thread-1] INFO  server.RaftServerConfigKeys (ConfUtils.java:logGet(43)) - raft.server.log.queue.byte-limit = 2147483647 (custom)
2019-09-20 10:25:22,606 [pool-379-thread-1] INFO  server.RaftServerConfigKeys (ConfUtils.java:logGet(43)) - raft.server.log.queue.element-limit = 1024 (custom)
2019-09-20 10:25:22,606 [pool-379-thread-1] INFO  server.RaftServerConfigKeys (ConfUtils.java:logGet(43)) - raft.server.log.segment.size.max = 1048576 (custom)
2019-09-20 10:25:22,606 [pool-379-thread-1] INFO  server.RaftServerConfigKeys (ConfUtils.java:logGet(43)) - raft.server.log.preallocated.size = 16384 (custom)
2019-09-20 10:25:22,606 [pool-379-thread-1] INFO  server.RaftServerConfigKeys (ConfUtils.java:logGet(43)) - raft.server.log.write.buffer.size = 33554432 (custom)
2019-09-20 10:25:22,606 [pool-379-thread-1] INFO  server.RaftServerConfigKeys (ConfUtils.java:logGet(43)) - raft.server.log.force.sync.num = 128 (default)
2019-09-20 10:25:22,607 [pool-379-thread-1] INFO  server.RaftServerConfigKeys (ConfUtils.java:logGet(43)) - raft.server.log.statemachine.data.sync = true (default)
2019-09-20 10:25:22,607 [pool-379-thread-1] INFO  server.RaftServerConfigKeys (ConfUtils.java:logGet(43)) - raft.server.log.statemachine.data.sync.timeout = 10s (default)
2019-09-20 10:25:22,607 [pool-379-thread-1] INFO  server.RaftServerConfigKeys (ConfUtils.java:logGet(43)) - raft.server.log.statemachine.data.sync.timeout.retry = -1 (default)
2019-09-20 10:25:22,607 [pool-379-thread-1] INFO  server.RaftServerConfigKeys (ConfUtils.java:logGet(43)) - raft.server.log.statemachine.data.caching.enabled = true (custom)
2019-09-20 10:25:22,607 [pool-379-thread-1] INFO  segmented.SegmentedRaftLogWorker (SegmentedRaftLogWorker.java:lambda$new$0(132)) - ece458fc-6687-4915-9be7-f98d86977b7d-SegmentedRaftLogWorker:Storage Directory /workdir/hadoop-ozone/integration-test/target/test-dir/MiniOzoneClusterImpl-280c06ed-bcb5-4979-9226-67616719d9ed/datanode-6/data/ratis/460759a0-ea14-496d-ac0f-ce7da6203be1: flushIndex: setUnconditionally 0 -> -1
2019-09-20 10:25:22,608 [pool-379-thread-1] INFO  server.RaftServerConfigKeys (ConfUtils.java:logGet(43)) - raft.server.snapshot.auto.trigger.enabled = true (custom)
2019-09-20 10:25:22,608 [pool-379-thread-1] INFO  server.RaftServerConfigKeys (ConfUtils.java:logGet(43)) - raft.server.snapshot.auto.trigger.threshold = 10000 (custom)
2019-09-20 10:25:22,608 [pool-379-thread-1] INFO  server.RaftServerConfigKeys (ConfUtils.java:logGet(43)) - raft.server.retrycache.expirytime = 600000ms (custom)
2019-09-20 10:25:22,608 [pool-379-thread-1] INFO  impl.RaftServerImpl (RaftServerImpl.java:start(180)) - ece458fc-6687-4915-9be7-f98d86977b7d: start group-CE7DA6203BE1
2019-09-20 10:25:22,608 [pool-379-thread-1] INFO  impl.RaftServerImpl (RaftServerImpl.java:setRole(171)) - ece458fc-6687-4915-9be7-f98d86977b7d:group-CE7DA6203BE1 changes role from null to FOLLOWER at term 0 for startAsFollower
2019-09-20 10:25:22,608 [pool-379-thread-1] INFO  impl.RoleInfo (RoleInfo.java:updateAndGet(143)) - ece458fc-6687-4915-9be7-f98d86977b7d: start FollowerState
2019-09-20 10:25:22,609 [pool-379-thread-1] INFO  util.JmxRegister (JmxRegister.java:tryRegister(44)) - Successfully registered JMX Bean with object name Ratis:service=RaftServer,group=group-CE7DA6203BE1,id=ece458fc-6687-4915-9be7-f98d86977b7d
2019-09-20 10:25:22,611 [RatisPipelineUtilsThread] INFO  pipeline.PipelineStateManager (PipelineStateManager.java:addPipeline(56)) - Created pipeline Pipeline[ Id: 460759a0-ea14-496d-ac0f-ce7da6203be1, Nodes: ece458fc-6687-4915-9be7-f98d86977b7d{ip: 192.168.36.99, host: pr-hdds-1569-p5fx8-1226042367, networkLocation: /default-rack, certSerialId: null}, Type:RATIS, Factor:ONE, State:OPEN]
2019-09-20 10:25:22,611 [RatisPipelineUtilsThread] INFO  pipeline.PipelinePlacementPolicy (PipelinePlacementPolicy.java:meetCriteria(91)) - Pipeline Placement: Doesn't meet the criteria to be viable node： 7f6418e1-cc7a-441a-8f41-c73576b5a1c5 Heaviness: 6 limit: 5
2019-09-20 10:25:22,612 [RatisPipelineUtilsThread] INFO  pipeline.PipelinePlacementPolicy (PipelinePlacementPolicy.java:meetCriteria(91)) - Pipeline Placement: Doesn't meet the criteria to be viable node： 1bfb6844-04ed-4104-839b-60e510b6bb68 Heaviness: 6 limit: 5
2019-09-20 10:25:22,612 [RatisPipelineUtilsThread] INFO  pipeline.PipelinePlacementPolicy (PipelinePlacementPolicy.java:meetCriteria(91)) - Pipeline Placement: Doesn't meet the criteria to be viable node： 075fa85b-703c-4900-807d-88f08b36438a Heaviness: 6 limit: 5
2019-09-20 10:25:22,612 [RatisPipelineUtilsThread] INFO  pipeline.PipelinePlacementPolicy (PipelinePlacementPolicy.java:meetCriteria(91)) - Pipeline Placement: Doesn't meet the criteria to be viable node： 99153be1-ba81-4c7b-b6ab-4442760615cb Heaviness: 6 limit: 5
2019-09-20 10:25:22,612 [RatisPipelineUtilsThread] INFO  pipeline.PipelinePlacementPolicy (PipelinePlacementPolicy.java:meetCriteria(91)) - Pipeline Placement: Doesn't meet the criteria to be viable node： e29464ab-17d7-4a4e-ab54-c178fccc723c Heaviness: 6 limit: 5
2019-09-20 10:25:22,612 [RatisPipelineUtilsThread] INFO  pipeline.PipelinePlacementPolicy (PipelinePlacementPolicy.java:meetCriteria(91)) - Pipeline Placement: Doesn't meet the criteria to be viable node： ece458fc-6687-4915-9be7-f98d86977b7d Heaviness: 6 limit: 5
2019-09-20 10:25:22,612 [RatisPipelineUtilsThread] INFO  pipeline.PipelinePlacementPolicy (PipelinePlacementPolicy.java:meetCriteria(91)) - Pipeline Placement: Doesn't meet the criteria to be viable node： fac63c4b-287e-453e-9ac7-8c8c283fdab7 Heaviness: 6 limit: 5
2019-09-20 10:25:22,613 [RatisPipelineUtilsThread] ERROR pipeline.PipelinePlacementPolicy (PipelinePlacementPolicy.java:filterViableNodes(148)) - Unable to find enough nodes that meet the criteria that cannot engage in more than 5 pipelines. Nodes required: 1 Found: 0, healthy nodes count inNodeManager: 7.
2019-09-20 10:25:22,613 [RatisPipelineUtilsThread] ERROR pipeline.SCMPipelineManager (SCMPipelineManager.java:createPipeline(161)) - Pipeline creation failed due to exception: Unable to find enough nodes that meet the criteria that cannot engage in more than 5 pipelines. Nodes required: 1 Found: 0, healthy nodes count inNodeManager: 7.
2019-09-20 10:25:22,613 [RatisPipelineUtilsThread] INFO  pipeline.PipelinePlacementPolicy (PipelinePlacementPolicy.java:meetCriteria(91)) - Pipeline Placement: Doesn't meet the criteria to be viable node： 7f6418e1-cc7a-441a-8f41-c73576b5a1c5 Heaviness: 6 limit: 5
2019-09-20 10:25:22,613 [RatisPipelineUtilsThread] INFO  pipeline.PipelinePlacementPolicy (PipelinePlacementPolicy.java:meetCriteria(91)) - Pipeline Placement: Doesn't meet the criteria to be viable node： 1bfb6844-04ed-4104-839b-60e510b6bb68 Heaviness: 6 limit: 5
2019-09-20 10:25:22,613 [RatisPipelineUtilsThread] INFO  pipeline.PipelinePlacementPolicy (PipelinePlacementPolicy.java:meetCriteria(91)) - Pipeline Placement: Doesn't meet the criteria to be viable node： 075fa85b-703c-4900-807d-88f08b36438a Heaviness: 6 limit: 5
2019-09-20 10:25:22,613 [RatisPipelineUtilsThread] INFO  pipeline.PipelinePlacementPolicy (PipelinePlacementPolicy.java:meetCriteria(91)) - Pipeline Placement: Doesn't meet the criteria to be viable node： 99153be1-ba81-4c7b-b6ab-4442760615cb Heaviness: 6 limit: 5
2019-09-20 10:25:22,613 [RatisPipelineUtilsThread] INFO  pipeline.PipelinePlacementPolicy (PipelinePlacementPolicy.java:meetCriteria(91)) - Pipeline Placement: Doesn't meet the criteria to be viable node： e29464ab-17d7-4a4e-ab54-c178fccc723c Heaviness: 6 limit: 5
2019-09-20 10:25:22,614 [RatisPipelineUtilsThread] INFO  pipeline.PipelinePlacementPolicy (PipelinePlacementPolicy.java:meetCriteria(91)) - Pipeline Placement: Doesn't meet the criteria to be viable node： ece458fc-6687-4915-9be7-f98d86977b7d Heaviness: 6 limit: 5
2019-09-20 10:25:22,614 [RatisPipelineUtilsThread] INFO  pipeline.PipelinePlacementPolicy (PipelinePlacementPolicy.java:meetCriteria(91)) - Pipeline Placement: Doesn't meet the criteria to be viable node： fac63c4b-287e-453e-9ac7-8c8c283fdab7 Heaviness: 6 limit: 5
2019-09-20 10:25:22,614 [RatisPipelineUtilsThread] ERROR pipeline.PipelinePlacementPolicy (PipelinePlacementPolicy.java:filterViableNodes(148)) - Unable to find enough nodes that meet the criteria that cannot engage in more than 5 pipelines. Nodes required: 3 Found: 0, healthy nodes count inNodeManager: 7.
2019-09-20 10:25:22,614 [RatisPipelineUtilsThread] ERROR pipeline.SCMPipelineManager (SCMPipelineManager.java:createPipeline(161)) - Pipeline creation failed due to exception: Unable to find enough nodes that meet the criteria that cannot engage in more than 5 pipelines. Nodes required: 3 Found: 0, healthy nodes count inNodeManager: 7.
2019-09-20 10:25:22,749 | INFO  | SCMAudit | user=jenkins1000 | ip=192.168.36.99 | op=SEND_HEARTBEAT {datanodeUUID=61649f92-8c0f-475a-818d-1064548aeef6, command=[]} | ret=SUCCESS |  
2019-09-20 10:25:22,764 | INFO  | SCMAudit | user=jenkins1000 | ip=192.168.36.99 | op=SEND_HEARTBEAT {datanodeUUID=e8013689-2f13-4aaf-8a03-99f419c430ec, command=[]} | ret=SUCCESS |  
2019-09-20 10:25:22,765 | INFO  | SCMAudit | user=jenkins1000 | ip=192.168.36.99 | op=SEND_HEARTBEAT {datanodeUUID=bb8f5112-316d-4974-a5a6-f698f3fbb5be, command=[]} | ret=SUCCESS |  
2019-09-20 10:25:22,765 | INFO  | SCMAudit | user=jenkins1000 | ip=192.168.36.99 | op=SEND_HEARTBEAT {datanodeUUID=c3e532f8-1a8e-44f3-b56b-d765aee893af, command=[]} | ret=SUCCESS |  
2019-09-20 10:25:22,765 | INFO  | SCMAudit | user=jenkins1000 | ip=192.168.36.99 | op=SEND_HEARTBEAT {datanodeUUID=136f1953-bb94-4097-a2d4-422a6782bee0, command=[]} | ret=SUCCESS |  
2019-09-20 10:25:22,766 | INFO  | SCMAudit | user=jenkins1000 | ip=192.168.36.99 | op=SEND_HEARTBEAT {datanodeUUID=b5962e8e-c9f1-48aa-8eb4-d8f74b8afdbe, command=[]} | ret=SUCCESS |  
2019-09-20 10:25:22,766 | INFO  | SCMAudit | user=jenkins1000 | ip=192.168.36.99 | op=SEND_HEARTBEAT {datanodeUUID=99e70dd4-d763-4473-944c-c5628506dcf8, command=[]} | ret=SUCCESS |  
2019-09-20 10:25:22,767 | INFO  | SCMAudit | user=jenkins1000 | ip=192.168.36.99 | op=SEND_HEARTBEAT {datanodeUUID=7af711bd-b5ae-4a73-a8be-b970cae6c2d1, command=[]} | ret=SUCCESS |  
2019-09-20 10:25:22,767 | INFO  | SCMAudit | user=jenkins1000 | ip=192.168.36.99 | op=SEND_HEARTBEAT {datanodeUUID=9e03ffa9-cf79-407a-a150-4c035e5aec5e, command=[]} | ret=SUCCESS |  
2019-09-20 10:25:22,768 | INFO  | SCMAudit | user=jenkins1000 | ip=192.168.36.99 | op=SEND_HEARTBEAT {datanodeUUID=54207fe5-d92c-4c2e-b058-fbae630dabef, command=[]} | ret=SUCCESS |  
2019-09-20 10:25:22,768 | INFO  | SCMAudit | user=jenkins1000 | ip=192.168.36.99 | op=SEND_HEARTBEAT {datanodeUUID=468be06f-55e9-4831-ba6b-3db017451a79, command=[]} | ret=SUCCESS |  
2019-09-20 10:25:22,769 | INFO  | SCMAudit | user=jenkins1000 | ip=192.168.36.99 | op=SEND_HEARTBEAT {datanodeUUID=60260ec1-e192-4b95-89c8-d924d16a77a9, command=[]} | ret=SUCCESS |  
2019-09-20 10:25:22,769 | INFO  | SCMAudit | user=jenkins1000 | ip=192.168.36.99 | op=SEND_HEARTBEAT {datanodeUUID=4d972e91-cb6b-45de-8bd2-c18af7abe58b, command=[]} | ret=SUCCESS |  
2019-09-20 10:25:22,769 | INFO  | SCMAudit | user=jenkins1000 | ip=192.168.36.99 | op=SEND_HEARTBEAT {datanodeUUID=d2ed2d9b-7ac7-460e-84f6-6d9d6066f76d, command=[]} | ret=SUCCESS |  
2019-09-20 10:25:22,770 | INFO  | SCMAudit | user=jenkins1000 | ip=192.168.36.99 | op=SEND_HEARTBEAT {datanodeUUID=17e2ba94-38a1-40e7-84e0-f6802901db84, command=[]} | ret=SUCCESS |  
2019-09-20 10:25:22,770 | INFO  | SCMAudit | user=jenkins1000 | ip=192.168.36.99 | op=SEND_HEARTBEAT {datanodeUUID=66416d0b-a71c-4af1-ae3a-62ca63b880a3, command=[]} | ret=SUCCESS |  
2019-09-20 10:25:22,770 | INFO  | SCMAudit | user=jenkins1000 | ip=192.168.36.99 | op=SEND_HEARTBEAT {datanodeUUID=6491c372-a595-4104-b3e9-c4f3293baafa, command=[]} | ret=SUCCESS |  
2019-09-20 10:25:22,770 | INFO  | SCMAudit | user=jenkins1000 | ip=192.168.36.99 | op=SEND_HEARTBEAT {datanodeUUID=3d6f3241-e73c-473a-ad0b-c7be2f7e1dda, command=[]} | ret=SUCCESS |  
2019-09-20 10:25:22,771 | INFO  | SCMAudit | user=jenkins1000 | ip=192.168.36.99 | op=SEND_HEARTBEAT {datanodeUUID=1ab786b9-c79c-4265-88a1-5b3344c6beda, command=[]} | ret=SUCCESS |  
2019-09-20 10:25:22,771 | INFO  | SCMAudit | user=jenkins1000 | ip=192.168.36.99 | op=SEND_HEARTBEAT {datanodeUUID=19fb8383-7c99-4449-b95c-a26e71717844, command=[]} | ret=SUCCESS |  
2019-09-20 10:25:22,771 | INFO  | SCMAudit | user=jenkins1000 | ip=192.168.36.99 | op=SEND_HEARTBEAT {datanodeUUID=cff8bf6b-8d20-4327-9f29-08a3c2b49247, command=[]} | ret=SUCCESS |  
2019-09-20 10:25:22,877 | INFO  | SCMAudit | user=jenkins1000 | ip=192.168.36.99 | op=SEND_HEARTBEAT {datanodeUUID=1bfb6844-04ed-4104-839b-60e510b6bb68, command=[]} | ret=SUCCESS |  
2019-09-20 10:25:22,986 | INFO  | SCMAudit | user=jenkins1000 | ip=192.168.36.99 | op=SEND_HEARTBEAT {datanodeUUID=99153be1-ba81-4c7b-b6ab-4442760615cb, command=[]} | ret=SUCCESS |  
2019-09-20 10:25:23,045 [main] INFO  ozone.MiniOzoneClusterImpl (MiniOzoneClusterImpl.java:lambda$waitForClusterToBeReady$0(142)) - Cluster is ready. Got 7 of 7 DN Heartbeats.
2019-09-20 10:25:23,114 [main] INFO  rpc.RpcClient (RpcClient.java:createVolume(293)) - Creating Volume: watchforcommithandlingtest, with jenkins1000 as owner.
2019-09-20 10:25:23,120 | INFO  | SCMAudit | user=jenkins1000 | ip=192.168.36.99 | op=SEND_HEARTBEAT {datanodeUUID=075fa85b-703c-4900-807d-88f08b36438a, command=[]} | ret=SUCCESS |  
2019-09-20 10:25:23,188 | INFO  | OMAudit | user=jenkins1000 | ip=127.0.0.1 | op=CREATE_VOLUME {admin=jenkins1000, owner=jenkins1000, volume=watchforcommithandlingtest, creationTime=1568975123116, quotaInBytes=1152921504606846976} | ret=SUCCESS |  
2019-09-20 10:25:23,221 | INFO  | OMAudit | user=jenkins1000 | ip=127.0.0.1 | op=READ_VOLUME {volume=watchforcommithandlingtest} | ret=SUCCESS |  
2019-09-20 10:25:23,222 [main] INFO  rpc.RpcClient (RpcClient.java:createBucket(432)) - Creating Bucket: watchforcommithandlingtest/watchforcommithandlingtest, with Versioning false and Storage Type set to DISK and Encryption set to false 
2019-09-20 10:25:23,230 | INFO  | OMAudit | user=jenkins1000 | ip=127.0.0.1 | op=CREATE_BUCKET {volume=watchforcommithandlingtest, bucket=watchforcommithandlingtest, acls=[user:jenkins1000:a[ACCESS], group:default:a[ACCESS]], isVersionEnabled=false, storageType=DISK, creationTime=0} | ret=SUCCESS |  
2019-09-20 10:25:23,231 [main] INFO  ozone.MiniOzoneClusterImpl (MiniOzoneClusterImpl.java:getStorageContainerLocationClient(241)) - Creating StorageContainerLocationProtocol RPC client with address /0.0.0.0:44276
2019-09-20 10:25:23,234 [IPC Server handler 8 on 44276] INFO  pipeline.PipelinePlacementPolicy (PipelinePlacementPolicy.java:meetCriteria(91)) - Pipeline Placement: Doesn't meet the criteria to be viable node： 7f6418e1-cc7a-441a-8f41-c73576b5a1c5 Heaviness: 6 limit: 5
2019-09-20 10:25:23,234 [IPC Server handler 8 on 44276] INFO  pipeline.PipelinePlacementPolicy (PipelinePlacementPolicy.java:meetCriteria(91)) - Pipeline Placement: Doesn't meet the criteria to be viable node： 1bfb6844-04ed-4104-839b-60e510b6bb68 Heaviness: 6 limit: 5
2019-09-20 10:25:23,234 [IPC Server handler 8 on 44276] INFO  pipeline.PipelinePlacementPolicy (PipelinePlacementPolicy.java:meetCriteria(91)) - Pipeline Placement: Doesn't meet the criteria to be viable node： 075fa85b-703c-4900-807d-88f08b36438a Heaviness: 6 limit: 5
2019-09-20 10:25:23,234 [IPC Server handler 8 on 44276] INFO  pipeline.PipelinePlacementPolicy (PipelinePlacementPolicy.java:meetCriteria(91)) - Pipeline Placement: Doesn't meet the criteria to be viable node： 99153be1-ba81-4c7b-b6ab-4442760615cb Heaviness: 6 limit: 5
2019-09-20 10:25:23,235 [IPC Server handler 8 on 44276] INFO  pipeline.PipelinePlacementPolicy (PipelinePlacementPolicy.java:meetCriteria(91)) - Pipeline Placement: Doesn't meet the criteria to be viable node： e29464ab-17d7-4a4e-ab54-c178fccc723c Heaviness: 6 limit: 5
2019-09-20 10:25:23,235 [IPC Server handler 8 on 44276] INFO  pipeline.PipelinePlacementPolicy (PipelinePlacementPolicy.java:meetCriteria(91)) - Pipeline Placement: Doesn't meet the criteria to be viable node： ece458fc-6687-4915-9be7-f98d86977b7d Heaviness: 6 limit: 5
2019-09-20 10:25:23,235 [IPC Server handler 8 on 44276] INFO  pipeline.PipelinePlacementPolicy (PipelinePlacementPolicy.java:meetCriteria(91)) - Pipeline Placement: Doesn't meet the criteria to be viable node： fac63c4b-287e-453e-9ac7-8c8c283fdab7 Heaviness: 6 limit: 5
2019-09-20 10:25:23,235 [IPC Server handler 8 on 44276] ERROR pipeline.PipelinePlacementPolicy (PipelinePlacementPolicy.java:filterViableNodes(148)) - Unable to find enough nodes that meet the criteria that cannot engage in more than 5 pipelines. Nodes required: 3 Found: 0, healthy nodes count inNodeManager: 7.
2019-09-20 10:25:23,236 [IPC Server handler 8 on 44276] ERROR pipeline.SCMPipelineManager (SCMPipelineManager.java:createPipeline(161)) - Pipeline creation failed due to exception: Unable to find enough nodes that meet the criteria that cannot engage in more than 5 pipelines. Nodes required: 3 Found: 0, healthy nodes count inNodeManager: 7.
2019-09-20 10:25:23,247 [IPC Server handler 8 on 44276] INFO  ipc.Server (Server.java:logException(2726)) - IPC Server handler 8 on 44276, call Call#1102 Retry#0 org.apache.hadoop.hdds.scm.protocol.StorageContainerLocationProtocol.allocateContainer from 192.168.36.99:35690
java.io.IOException: Could not allocate container. Cannot get any matching pipeline for Type:RATIS, Factor:THREE, State:PipelineState.OPEN
	at org.apache.hadoop.hdds.scm.container.ContainerStateManager.allocateContainer(ContainerStateManager.java:260)
	at org.apache.hadoop.hdds.scm.container.SCMContainerManager.allocateContainer(SCMContainerManager.java:247)
	at org.apache.hadoop.hdds.scm.server.SCMClientProtocolServer.allocateContainer(SCMClientProtocolServer.java:186)
	at org.apache.hadoop.ozone.protocolPB.StorageContainerLocationProtocolServerSideTranslatorPB.allocateContainer(StorageContainerLocationProtocolServerSideTranslatorPB.java:115)
	at org.apache.hadoop.hdds.protocol.proto.StorageContainerLocationProtocolProtos$StorageContainerLocationProtocolService$2.callBlockingMethod(StorageContainerLocationProtocolProtos.java:19079)
	at org.apache.hadoop.ipc.ProtobufRpcEngine$Server$ProtoBufRpcInvoker.call(ProtobufRpcEngine.java:524)
	at org.apache.hadoop.ipc.RPC$Server.call(RPC.java:1025)
	at org.apache.hadoop.ipc.Server$RpcCall.run(Server.java:876)
	at org.apache.hadoop.ipc.Server$RpcCall.run(Server.java:822)
	at java.security.AccessController.doPrivileged(Native Method)
	at javax.security.auth.Subject.doAs(Subject.java:422)
	at org.apache.hadoop.security.UserGroupInformation.doAs(UserGroupInformation.java:1730)
	at org.apache.hadoop.ipc.Server$Handler.run(Server.java:2682)
]]></system-out>
    <system-err><![CDATA[Sep 20, 2019 10:25:15 AM com.sun.jersey.server.impl.application.WebApplicationImpl _initiate
INFO: Initiating Jersey application, version 'Jersey: 1.19 02/11/2015 03:25 AM'
Sep 20, 2019 10:25:15 AM com.sun.jersey.server.impl.application.WebApplicationImpl _initiate
INFO: Initiating Jersey application, version 'Jersey: 1.19 02/11/2015 03:25 AM'
Sep 20, 2019 10:25:16 AM com.sun.jersey.server.impl.application.WebApplicationImpl _initiate
INFO: Initiating Jersey application, version 'Jersey: 1.19 02/11/2015 03:25 AM'
Sep 20, 2019 10:25:16 AM com.sun.jersey.server.impl.application.WebApplicationImpl _initiate
INFO: Initiating Jersey application, version 'Jersey: 1.19 02/11/2015 03:25 AM'
Sep 20, 2019 10:25:16 AM com.sun.jersey.server.impl.application.WebApplicationImpl _initiate
INFO: Initiating Jersey application, version 'Jersey: 1.19 02/11/2015 03:25 AM'
Sep 20, 2019 10:25:17 AM com.sun.jersey.server.impl.application.WebApplicationImpl _initiate
INFO: Initiating Jersey application, version 'Jersey: 1.19 02/11/2015 03:25 AM'
Sep 20, 2019 10:25:17 AM com.sun.jersey.server.impl.application.WebApplicationImpl _initiate
INFO: Initiating Jersey application, version 'Jersey: 1.19 02/11/2015 03:25 AM'
Sep 20, 2019 10:25:19 AM org.apache.ratis.thirdparty.io.grpc.internal.ManagedChannelOrphanWrapper$ManagedChannelReference cleanQueue
SEVERE: *~*~*~ Channel ManagedChannelImpl{logId=625, target=192.168.36.99:41491} was not shutdown properly!!! ~*~*~*
    Make sure to call shutdown()/shutdownNow() and wait until awaitTermination() returns true.
java.lang.RuntimeException: ManagedChannel allocation site
	at org.apache.ratis.thirdparty.io.grpc.internal.ManagedChannelOrphanWrapper$ManagedChannelReference.<init>(ManagedChannelOrphanWrapper.java:103)
	at org.apache.ratis.thirdparty.io.grpc.internal.ManagedChannelOrphanWrapper.<init>(ManagedChannelOrphanWrapper.java:53)
	at org.apache.ratis.thirdparty.io.grpc.internal.ManagedChannelOrphanWrapper.<init>(ManagedChannelOrphanWrapper.java:44)
	at org.apache.ratis.thirdparty.io.grpc.internal.AbstractManagedChannelImplBuilder.build(AbstractManagedChannelImplBuilder.java:411)
	at org.apache.ratis.grpc.client.GrpcClientProtocolClient.<init>(GrpcClientProtocolClient.java:119)
	at org.apache.ratis.grpc.client.GrpcClientRpc.lambda$new$0(GrpcClientRpc.java:55)
	at org.apache.ratis.util.PeerProxyMap$PeerAndProxy.lambda$getProxy$0(PeerProxyMap.java:61)
	at org.apache.ratis.util.LifeCycle.startAndTransition(LifeCycle.java:202)
	at org.apache.ratis.util.PeerProxyMap$PeerAndProxy.getProxy(PeerProxyMap.java:60)
	at org.apache.ratis.util.PeerProxyMap.getProxy(PeerProxyMap.java:107)
	at org.apache.ratis.grpc.client.GrpcClientRpc.sendRequestAsync(GrpcClientRpc.java:66)
	at org.apache.ratis.client.impl.OrderedAsync.sendRequest(OrderedAsync.java:208)
	at org.apache.ratis.client.impl.OrderedAsync.sendRequestWithRetry(OrderedAsync.java:169)
	at org.apache.ratis.util.SlidingWindow$Client.sendOrDelayRequest(SlidingWindow.java:278)
	at org.apache.ratis.util.SlidingWindow$Client.retry(SlidingWindow.java:294)
	at org.apache.ratis.client.impl.OrderedAsync.lambda$scheduleWithTimeout$7(OrderedAsync.java:195)
	at org.apache.ratis.util.TimeoutScheduler.lambda$onTimeout$0(TimeoutScheduler.java:85)
	at org.apache.ratis.util.TimeoutScheduler.lambda$onTimeout$1(TimeoutScheduler.java:104)
	at org.apache.ratis.util.LogUtils.runAndLog(LogUtils.java:50)
	at org.apache.ratis.util.LogUtils$1.run(LogUtils.java:91)
	at java.util.concurrent.Executors$RunnableAdapter.call(Executors.java:511)
	at java.util.concurrent.FutureTask.run(FutureTask.java:266)
	at java.util.concurrent.ScheduledThreadPoolExecutor$ScheduledFutureTask.access$201(ScheduledThreadPoolExecutor.java:180)
	at java.util.concurrent.ScheduledThreadPoolExecutor$ScheduledFutureTask.run(ScheduledThreadPoolExecutor.java:293)
	at java.util.concurrent.ThreadPoolExecutor.runWorker(ThreadPoolExecutor.java:1149)
	at java.util.concurrent.ThreadPoolExecutor$Worker.run(ThreadPoolExecutor.java:624)
	at java.lang.Thread.run(Thread.java:748)

]]></system-err>
  </testcase>
  <testcase name="test2WayCommitForTimeoutException" classname="org.apache.hadoop.ozone.client.rpc.TestWatchForCommit" time="26.79">
    <error message="Could not allocate container. Cannot get any matching pipeline for Type:RATIS, Factor:THREE, State:PipelineState.OPEN&#10;	at org.apache.hadoop.hdds.scm.container.ContainerStateManager.allocateContainer(ContainerStateManager.java:260)&#10;	at org.apache.hadoop.hdds.scm.container.SCMContainerManager.allocateContainer(SCMContainerManager.java:247)&#10;	at org.apache.hadoop.hdds.scm.server.SCMClientProtocolServer.allocateContainer(SCMClientProtocolServer.java:186)&#10;	at org.apache.hadoop.ozone.protocolPB.StorageContainerLocationProtocolServerSideTranslatorPB.allocateContainer(StorageContainerLocationProtocolServerSideTranslatorPB.java:115)&#10;	at org.apache.hadoop.hdds.protocol.proto.StorageContainerLocationProtocolProtos$StorageContainerLocationProtocolService$2.callBlockingMethod(StorageContainerLocationProtocolProtos.java:19079)&#10;	at org.apache.hadoop.ipc.ProtobufRpcEngine$Server$ProtoBufRpcInvoker.call(ProtobufRpcEngine.java:524)&#10;	at org.apache.hadoop.ipc.RPC$Server.call(RPC.java:1025)&#10;	at org.apache.hadoop.ipc.Server$RpcCall.run(Server.java:876)&#10;	at org.apache.hadoop.ipc.Server$RpcCall.run(Server.java:822)&#10;	at java.security.AccessController.doPrivileged(Native Method)&#10;	at javax.security.auth.Subject.doAs(Subject.java:422)&#10;	at org.apache.hadoop.security.UserGroupInformation.doAs(UserGroupInformation.java:1730)&#10;	at org.apache.hadoop.ipc.Server$Handler.run(Server.java:2682)&#10;" type="org.apache.hadoop.ipc.RemoteException(java.io.IOException)">org.apache.hadoop.ipc.RemoteException(java.io.IOException): Could not allocate container. Cannot get any matching pipeline for Type:RATIS, Factor:THREE, State:PipelineState.OPEN
	at org.apache.hadoop.hdds.scm.container.ContainerStateManager.allocateContainer(ContainerStateManager.java:260)
	at org.apache.hadoop.hdds.scm.container.SCMContainerManager.allocateContainer(SCMContainerManager.java:247)
	at org.apache.hadoop.hdds.scm.server.SCMClientProtocolServer.allocateContainer(SCMClientProtocolServer.java:186)
	at org.apache.hadoop.ozone.protocolPB.StorageContainerLocationProtocolServerSideTranslatorPB.allocateContainer(StorageContainerLocationProtocolServerSideTranslatorPB.java:115)
	at org.apache.hadoop.hdds.protocol.proto.StorageContainerLocationProtocolProtos$StorageContainerLocationProtocolService$2.callBlockingMethod(StorageContainerLocationProtocolProtos.java:19079)
	at org.apache.hadoop.ipc.ProtobufRpcEngine$Server$ProtoBufRpcInvoker.call(ProtobufRpcEngine.java:524)
	at org.apache.hadoop.ipc.RPC$Server.call(RPC.java:1025)
	at org.apache.hadoop.ipc.Server$RpcCall.run(Server.java:876)
	at org.apache.hadoop.ipc.Server$RpcCall.run(Server.java:822)
	at java.security.AccessController.doPrivileged(Native Method)
	at javax.security.auth.Subject.doAs(Subject.java:422)
	at org.apache.hadoop.security.UserGroupInformation.doAs(UserGroupInformation.java:1730)
	at org.apache.hadoop.ipc.Server$Handler.run(Server.java:2682)

	at org.apache.hadoop.ipc.Client.getRpcResponse(Client.java:1511)
	at org.apache.hadoop.ipc.Client.call(Client.java:1457)
	at org.apache.hadoop.ipc.Client.call(Client.java:1367)
	at org.apache.hadoop.ipc.ProtobufRpcEngine$Invoker.invoke(ProtobufRpcEngine.java:228)
	at org.apache.hadoop.ipc.ProtobufRpcEngine$Invoker.invoke(ProtobufRpcEngine.java:116)
	at com.sun.proxy.$Proxy34.allocateContainer(Unknown Source)
	at org.apache.hadoop.hdds.scm.protocolPB.StorageContainerLocationProtocolClientSideTranslatorPB.allocateContainer(StorageContainerLocationProtocolClientSideTranslatorPB.java:125)
	at org.apache.hadoop.ozone.client.rpc.TestWatchForCommit.test2WayCommitForTimeoutException(TestWatchForCommit.java:371)
	at sun.reflect.NativeMethodAccessorImpl.invoke0(Native Method)
	at sun.reflect.NativeMethodAccessorImpl.invoke(NativeMethodAccessorImpl.java:62)
	at sun.reflect.DelegatingMethodAccessorImpl.invoke(DelegatingMethodAccessorImpl.java:43)
	at java.lang.reflect.Method.invoke(Method.java:498)
	at org.junit.runners.model.FrameworkMethod$1.runReflectiveCall(FrameworkMethod.java:47)
	at org.junit.internal.runners.model.ReflectiveCallable.run(ReflectiveCallable.java:12)
	at org.junit.runners.model.FrameworkMethod.invokeExplosively(FrameworkMethod.java:44)
	at org.junit.internal.runners.statements.InvokeMethod.evaluate(InvokeMethod.java:17)
	at org.junit.runners.ParentRunner.runLeaf(ParentRunner.java:271)
	at org.junit.runners.BlockJUnit4ClassRunner.runChild(BlockJUnit4ClassRunner.java:70)
	at org.junit.runners.BlockJUnit4ClassRunner.runChild(BlockJUnit4ClassRunner.java:50)
	at org.junit.runners.ParentRunner$3.run(ParentRunner.java:238)
	at org.junit.runners.ParentRunner$1.schedule(ParentRunner.java:63)
	at org.junit.runners.ParentRunner.runChildren(ParentRunner.java:236)
	at org.junit.runners.ParentRunner.access$000(ParentRunner.java:53)
	at org.junit.runners.ParentRunner$2.evaluate(ParentRunner.java:229)
	at org.junit.runners.ParentRunner.run(ParentRunner.java:309)
	at org.apache.maven.surefire.junit4.JUnit4Provider.execute(JUnit4Provider.java:365)
	at org.apache.maven.surefire.junit4.JUnit4Provider.executeWithRerun(JUnit4Provider.java:273)
	at org.apache.maven.surefire.junit4.JUnit4Provider.executeTestSet(JUnit4Provider.java:238)
	at org.apache.maven.surefire.junit4.JUnit4Provider.invoke(JUnit4Provider.java:159)
	at org.apache.maven.surefire.booter.ForkedBooter.invokeProviderInSameClassLoader(ForkedBooter.java:384)
	at org.apache.maven.surefire.booter.ForkedBooter.runSuitesInProcess(ForkedBooter.java:345)
	at org.apache.maven.surefire.booter.ForkedBooter.execute(ForkedBooter.java:126)
	at org.apache.maven.surefire.booter.ForkedBooter.main(ForkedBooter.java:418)
</error>
    <system-out><![CDATA[2019-09-20 10:25:23,273 [main] WARN  server.ServerUtils (ServerUtils.java:getScmDbDir(145)) - ozone.scm.db.dirs is not configured. We recommend adding this setting. Falling back to ozone.metadata.dirs instead.
2019-09-20 10:25:23,284 | INFO  | SCMAudit | user=jenkins1000 | ip=192.168.36.99 | op=SEND_HEARTBEAT {datanodeUUID=e29464ab-17d7-4a4e-ab54-c178fccc723c, command=[]} | ret=SUCCESS |  
2019-09-20 10:25:23,298 [main] WARN  server.ServerUtils (ServerUtils.java:getScmDbDir(145)) - ozone.scm.db.dirs is not configured. We recommend adding this setting. Falling back to ozone.metadata.dirs instead.
2019-09-20 10:25:23,298 [main] WARN  server.ServerUtils (ServerUtils.java:getScmDbDir(145)) - ozone.scm.db.dirs is not configured. We recommend adding this setting. Falling back to ozone.metadata.dirs instead.
2019-09-20 10:25:23,298 [main] INFO  db.DBStoreBuilder (DBStoreBuilder.java:addTable(110)) - using custom profile for table: deletedBlocks
2019-09-20 10:25:23,299 [main] INFO  db.DBStoreBuilder (DBStoreBuilder.java:processTables(161)) - Using default column profile:DBProfile.DISK for Table:deletedBlocks
2019-09-20 10:25:23,299 [main] INFO  db.DBStoreBuilder (DBStoreBuilder.java:addTable(110)) - using custom profile for table: validCerts
2019-09-20 10:25:23,299 [main] INFO  db.DBStoreBuilder (DBStoreBuilder.java:processTables(161)) - Using default column profile:DBProfile.DISK for Table:validCerts
2019-09-20 10:25:23,300 [main] INFO  db.DBStoreBuilder (DBStoreBuilder.java:addTable(110)) - using custom profile for table: revokedCerts
2019-09-20 10:25:23,300 [main] INFO  db.DBStoreBuilder (DBStoreBuilder.java:processTables(161)) - Using default column profile:DBProfile.DISK for Table:revokedCerts
2019-09-20 10:25:23,300 [main] INFO  db.DBStoreBuilder (DBStoreBuilder.java:addTable(110)) - using custom profile for table: default
2019-09-20 10:25:23,303 [main] INFO  db.DBStoreBuilder (DBStoreBuilder.java:processTables(167)) - Using default column profile:DBProfile.DISK for Table:default
2019-09-20 10:25:23,303 [main] INFO  db.DBStoreBuilder (DBStoreBuilder.java:getDbProfile(198)) - Using default options. DBProfile.DISK
2019-09-20 10:25:23,369 | INFO  | SCMAudit | user=jenkins1000 | ip=192.168.36.99 | op=SEND_HEARTBEAT {datanodeUUID=fac63c4b-287e-453e-9ac7-8c8c283fdab7, command=[]} | ret=SUCCESS |  
2019-09-20 10:25:23,624 | INFO  | SCMAudit | user=jenkins1000 | ip=192.168.36.99 | op=SEND_HEARTBEAT {datanodeUUID=7f6418e1-cc7a-441a-8f41-c73576b5a1c5, command=[]} | ret=SUCCESS |  
2019-09-20 10:25:23,647 [main] INFO  net.NodeSchemaLoader (NodeSchemaLoader.java:loadSchemaFromFile(125)) - Loading file from sun.misc.CompoundEnumeration@7c0ecdbf
2019-09-20 10:25:23,648 [main] INFO  net.NodeSchemaLoader (NodeSchemaLoader.java:loadSchema(171)) - Loading network topology layer schema file
2019-09-20 10:25:23,656 [main] WARN  server.ServerUtils (ServerUtils.java:sanitizeUserArgs(70)) - ozone.scm.stale.node.interval value = 300000 is larger than max = 100000 based on the key value of ozone.scm.heartbeat.thread.interval, reset to the max value 100000.
2019-09-20 10:25:23,656 [main] WARN  server.ServerUtils (ServerUtils.java:sanitizeUserArgs(70)) - ozone.scm.stale.node.interval value = 300000 is larger than max = 100000 based on the key value of ozone.scm.heartbeat.thread.interval, reset to the max value 100000.
2019-09-20 10:25:23,657 [main] INFO  node.SCMNodeManager (SCMNodeManager.java:<init>(121)) - Entering startup safe mode.
2019-09-20 10:25:23,658 [main] INFO  algorithms.ContainerPlacementPolicyFactory (ContainerPlacementPolicyFactory.java:getPolicy(56)) - Create container placement policy of type org.apache.hadoop.hdds.scm.container.placement.algorithms.SCMContainerPlacementRandom
2019-09-20 10:25:23,659 [main] WARN  server.ServerUtils (ServerUtils.java:getScmDbDir(145)) - ozone.scm.db.dirs is not configured. We recommend adding this setting. Falling back to ozone.metadata.dirs instead.
2019-09-20 10:25:23,750 | INFO  | SCMAudit | user=jenkins1000 | ip=192.168.36.99 | op=SEND_HEARTBEAT {datanodeUUID=61649f92-8c0f-475a-818d-1064548aeef6, command=[]} | ret=SUCCESS |  
2019-09-20 10:25:23,763 | INFO  | SCMAudit | user=jenkins1000 | ip=192.168.36.99 | op=SEND_HEARTBEAT {datanodeUUID=e8013689-2f13-4aaf-8a03-99f419c430ec, command=[]} | ret=SUCCESS |  
2019-09-20 10:25:23,765 | INFO  | SCMAudit | user=jenkins1000 | ip=192.168.36.99 | op=SEND_HEARTBEAT {datanodeUUID=bb8f5112-316d-4974-a5a6-f698f3fbb5be, command=[]} | ret=SUCCESS |  
2019-09-20 10:25:23,765 | INFO  | SCMAudit | user=jenkins1000 | ip=192.168.36.99 | op=SEND_HEARTBEAT {datanodeUUID=c3e532f8-1a8e-44f3-b56b-d765aee893af, command=[]} | ret=SUCCESS |  
2019-09-20 10:25:23,766 | INFO  | SCMAudit | user=jenkins1000 | ip=192.168.36.99 | op=SEND_HEARTBEAT {datanodeUUID=136f1953-bb94-4097-a2d4-422a6782bee0, command=[]} | ret=SUCCESS |  
2019-09-20 10:25:23,766 | INFO  | SCMAudit | user=jenkins1000 | ip=192.168.36.99 | op=SEND_HEARTBEAT {datanodeUUID=b5962e8e-c9f1-48aa-8eb4-d8f74b8afdbe, command=[]} | ret=SUCCESS |  
2019-09-20 10:25:23,767 | INFO  | SCMAudit | user=jenkins1000 | ip=192.168.36.99 | op=SEND_HEARTBEAT {datanodeUUID=7af711bd-b5ae-4a73-a8be-b970cae6c2d1, command=[]} | ret=SUCCESS |  
2019-09-20 10:25:23,767 | INFO  | SCMAudit | user=jenkins1000 | ip=192.168.36.99 | op=SEND_HEARTBEAT {datanodeUUID=99e70dd4-d763-4473-944c-c5628506dcf8, command=[]} | ret=SUCCESS |  
2019-09-20 10:25:23,768 | INFO  | SCMAudit | user=jenkins1000 | ip=192.168.36.99 | op=SEND_HEARTBEAT {datanodeUUID=54207fe5-d92c-4c2e-b058-fbae630dabef, command=[]} | ret=SUCCESS |  
2019-09-20 10:25:23,768 | INFO  | SCMAudit | user=jenkins1000 | ip=192.168.36.99 | op=SEND_HEARTBEAT {datanodeUUID=9e03ffa9-cf79-407a-a150-4c035e5aec5e, command=[]} | ret=SUCCESS |  
2019-09-20 10:25:23,768 | INFO  | SCMAudit | user=jenkins1000 | ip=192.168.36.99 | op=SEND_HEARTBEAT {datanodeUUID=468be06f-55e9-4831-ba6b-3db017451a79, command=[]} | ret=SUCCESS |  
2019-09-20 10:25:23,769 | INFO  | SCMAudit | user=jenkins1000 | ip=192.168.36.99 | op=SEND_HEARTBEAT {datanodeUUID=60260ec1-e192-4b95-89c8-d924d16a77a9, command=[]} | ret=SUCCESS |  
2019-09-20 10:25:23,770 | INFO  | SCMAudit | user=jenkins1000 | ip=192.168.36.99 | op=SEND_HEARTBEAT {datanodeUUID=4d972e91-cb6b-45de-8bd2-c18af7abe58b, command=[]} | ret=SUCCESS |  
2019-09-20 10:25:23,770 | INFO  | SCMAudit | user=jenkins1000 | ip=192.168.36.99 | op=SEND_HEARTBEAT {datanodeUUID=d2ed2d9b-7ac7-460e-84f6-6d9d6066f76d, command=[]} | ret=SUCCESS |  
2019-09-20 10:25:23,770 | INFO  | SCMAudit | user=jenkins1000 | ip=192.168.36.99 | op=SEND_HEARTBEAT {datanodeUUID=17e2ba94-38a1-40e7-84e0-f6802901db84, command=[]} | ret=SUCCESS |  
2019-09-20 10:25:23,771 | INFO  | SCMAudit | user=jenkins1000 | ip=192.168.36.99 | op=SEND_HEARTBEAT {datanodeUUID=66416d0b-a71c-4af1-ae3a-62ca63b880a3, command=[]} | ret=SUCCESS |  
2019-09-20 10:25:23,771 | INFO  | SCMAudit | user=jenkins1000 | ip=192.168.36.99 | op=SEND_HEARTBEAT {datanodeUUID=6491c372-a595-4104-b3e9-c4f3293baafa, command=[]} | ret=SUCCESS |  
2019-09-20 10:25:23,771 | INFO  | SCMAudit | user=jenkins1000 | ip=192.168.36.99 | op=SEND_HEARTBEAT {datanodeUUID=1ab786b9-c79c-4265-88a1-5b3344c6beda, command=[]} | ret=SUCCESS |  
2019-09-20 10:25:23,771 | INFO  | SCMAudit | user=jenkins1000 | ip=192.168.36.99 | op=SEND_HEARTBEAT {datanodeUUID=3d6f3241-e73c-473a-ad0b-c7be2f7e1dda, command=[]} | ret=SUCCESS |  
2019-09-20 10:25:23,771 | INFO  | SCMAudit | user=jenkins1000 | ip=192.168.36.99 | op=SEND_HEARTBEAT {datanodeUUID=19fb8383-7c99-4449-b95c-a26e71717844, command=[]} | ret=SUCCESS |  
2019-09-20 10:25:23,772 | INFO  | SCMAudit | user=jenkins1000 | ip=192.168.36.99 | op=SEND_HEARTBEAT {datanodeUUID=cff8bf6b-8d20-4327-9f29-08a3c2b49247, command=[]} | ret=SUCCESS |  
2019-09-20 10:25:23,780 [main] INFO  pipeline.SCMPipelineManager (SCMPipelineManager.java:initializePipelineState(126)) - No pipeline exists in current db
2019-09-20 10:25:23,781 [main] WARN  server.ServerUtils (ServerUtils.java:getScmDbDir(145)) - ozone.scm.db.dirs is not configured. We recommend adding this setting. Falling back to ozone.metadata.dirs instead.
2019-09-20 10:25:23,878 | INFO  | SCMAudit | user=jenkins1000 | ip=192.168.36.99 | op=SEND_HEARTBEAT {datanodeUUID=1bfb6844-04ed-4104-839b-60e510b6bb68, command=[]} | ret=SUCCESS |  
2019-09-20 10:25:23,901 [main] WARN  events.EventQueue (EventQueue.java:fireEvent(175)) - No event handler registered for event TypedEvent{payloadType=SafeModeStatus, name='SafeModeStatus'}
2019-09-20 10:25:23,903 [main] INFO  ipc.CallQueueManager (CallQueueManager.java:<init>(84)) - Using callQueue: class java.util.concurrent.LinkedBlockingQueue, queueCapacity: 2000, scheduler: class org.apache.hadoop.ipc.DefaultRpcScheduler, ipcBackoff: false.
2019-09-20 10:25:23,905 [Socket Reader #1 for port 35622] INFO  ipc.Server (Server.java:run(1074)) - Starting Socket Reader #1 for port 35622
2019-09-20 10:25:23,957 [main] INFO  ipc.CallQueueManager (CallQueueManager.java:<init>(84)) - Using callQueue: class java.util.concurrent.LinkedBlockingQueue, queueCapacity: 2000, scheduler: class org.apache.hadoop.ipc.DefaultRpcScheduler, ipcBackoff: false.
2019-09-20 10:25:23,959 [Socket Reader #1 for port 43225] INFO  ipc.Server (Server.java:run(1074)) - Starting Socket Reader #1 for port 43225
2019-09-20 10:25:23,972 [main] INFO  ipc.CallQueueManager (CallQueueManager.java:<init>(84)) - Using callQueue: class java.util.concurrent.LinkedBlockingQueue, queueCapacity: 2000, scheduler: class org.apache.hadoop.ipc.DefaultRpcScheduler, ipcBackoff: false.
2019-09-20 10:25:23,973 [Socket Reader #1 for port 44018] INFO  ipc.Server (Server.java:run(1074)) - Starting Socket Reader #1 for port 44018
2019-09-20 10:25:23,985 | INFO  | SCMAudit | user=jenkins1000 | ip=192.168.36.99 | op=SEND_HEARTBEAT {datanodeUUID=99153be1-ba81-4c7b-b6ab-4442760615cb, command=[]} | ret=SUCCESS |  
2019-09-20 10:25:23,985 [main] INFO  hdfs.DFSUtil (DFSUtil.java:httpServerTemplateForNNAndJN(1641)) - Starting Web-server for scm at: http://0.0.0.0:0
2019-09-20 10:25:23,987 [main] INFO  server.AuthenticationFilter (AuthenticationFilter.java:constructSecretProvider(240)) - Unable to initialize FileSignerSecretProvider, falling back to use random secrets.
2019-09-20 10:25:23,988 [main] WARN  http.HttpRequestLog (HttpRequestLog.java:getRequestLog(97)) - Jetty request log can only be enabled using Log4j
2019-09-20 10:25:23,990 [main] INFO  http.HttpServer2 (HttpServer2.java:addGlobalFilter(975)) - Added global filter 'safety' (class=org.apache.hadoop.http.HttpServer2$QuotingInputFilter)
2019-09-20 10:25:23,990 [main] INFO  http.HttpServer2 (HttpServer2.java:addFilter(948)) - Added filter static_user_filter (class=org.apache.hadoop.http.lib.StaticUserWebFilter$StaticUserFilter) to context scm
2019-09-20 10:25:23,991 [main] INFO  http.HttpServer2 (HttpServer2.java:addFilter(958)) - Added filter static_user_filter (class=org.apache.hadoop.http.lib.StaticUserWebFilter$StaticUserFilter) to context logs
2019-09-20 10:25:23,991 [main] INFO  http.HttpServer2 (HttpServer2.java:addFilter(958)) - Added filter static_user_filter (class=org.apache.hadoop.http.lib.StaticUserWebFilter$StaticUserFilter) to context static
2019-09-20 10:25:23,996 [main] INFO  server.StorageContainerManager (StorageContainerManager.java:start(759)) - StorageContainerLocationProtocol RPC server is listening at /0.0.0.0:44018
2019-09-20 10:25:23,996 [main] INFO  impl.MetricsSystemImpl (MetricsSystemImpl.java:init(158)) - StorageContainerManager metrics system started (again)
2019-09-20 10:25:24,044 | INFO  | SCMAudit | user=jenkins1000 | ip=192.168.36.99 | op=SEND_HEARTBEAT {datanodeUUID=ece458fc-6687-4915-9be7-f98d86977b7d, command=[]} | ret=SUCCESS |  
2019-09-20 10:25:24,119 | INFO  | SCMAudit | user=jenkins1000 | ip=192.168.36.99 | op=SEND_HEARTBEAT {datanodeUUID=075fa85b-703c-4900-807d-88f08b36438a, command=[]} | ret=SUCCESS |  
2019-09-20 10:25:24,236 [main] INFO  server.SCMClientProtocolServer (SCMClientProtocolServer.java:start(151)) - RPC server for Client  is listening at /0.0.0.0:44018
2019-09-20 10:25:24,237 [IPC Server Responder] INFO  ipc.Server (Server.java:run(1314)) - IPC Server Responder: starting
2019-09-20 10:25:24,237 [IPC Server listener on 44018] INFO  ipc.Server (Server.java:run(1153)) - IPC Server listener on 44018: starting
2019-09-20 10:25:24,261 [main] INFO  server.StorageContainerManager (StorageContainerManager.java:start(769)) - ScmBlockLocationProtocol RPC server is listening at /0.0.0.0:43225
2019-09-20 10:25:24,261 [main] INFO  server.SCMBlockProtocolServer (SCMBlockProtocolServer.java:start(140)) - RPC server for Block Protocol is listening at /0.0.0.0:43225
2019-09-20 10:25:24,262 [IPC Server Responder] INFO  ipc.Server (Server.java:run(1314)) - IPC Server Responder: starting
2019-09-20 10:25:24,262 [IPC Server listener on 43225] INFO  ipc.Server (Server.java:run(1153)) - IPC Server listener on 43225: starting
2019-09-20 10:25:24,286 | INFO  | SCMAudit | user=jenkins1000 | ip=192.168.36.99 | op=SEND_HEARTBEAT {datanodeUUID=e29464ab-17d7-4a4e-ab54-c178fccc723c, command=[]} | ret=SUCCESS |  
2019-09-20 10:25:24,288 [main] INFO  server.StorageContainerManager (StorageContainerManager.java:start(773)) - ScmDatanodeProtocl RPC server is listening at /0.0.0.0:35622
2019-09-20 10:25:24,288 [main] INFO  server.SCMDatanodeProtocolServer (SCMDatanodeProtocolServer.java:start(191)) - RPC server for DataNodes is listening at /0.0.0.0:35622
2019-09-20 10:25:24,289 [IPC Server Responder] INFO  ipc.Server (Server.java:run(1314)) - IPC Server Responder: starting
2019-09-20 10:25:24,289 [IPC Server listener on 35622] INFO  ipc.Server (Server.java:run(1153)) - IPC Server listener on 35622: starting
2019-09-20 10:25:24,312 [main] INFO  http.HttpServer2 (HttpServer2.java:bindListener(1191)) - Jetty bound to port 33235
2019-09-20 10:25:24,313 [main] INFO  server.Server (Server.java:doStart(351)) - jetty-9.3.24.v20180605, build timestamp: 2018-06-05T17:11:56Z, git hash: 84205aa28f11a4f31f2a3b86d1bba2cc8ab69827
2019-09-20 10:25:24,315 [main] INFO  handler.ContextHandler (ContextHandler.java:doStart(781)) - Started o.e.j.s.ServletContextHandler@16a78700{/logs,file:///workdir/hadoop-ozone/integration-test/target/log,AVAILABLE}
2019-09-20 10:25:24,316 [main] INFO  handler.ContextHandler (ContextHandler.java:doStart(781)) - Started o.e.j.s.ServletContextHandler@3ad80206{/static,file:///workdir/hadoop-ozone/integration-test/target/test-classes/webapps/static,AVAILABLE}
2019-09-20 10:25:24,321 [main] INFO  handler.ContextHandler (ContextHandler.java:doStart(781)) - Started o.e.j.w.WebAppContext@7057d9f4{/,file:///workdir/hadoop-ozone/integration-test/target/test-classes/webapps/scm/,AVAILABLE}{/scm}
2019-09-20 10:25:24,321 [main] INFO  server.AbstractConnector (AbstractConnector.java:doStart(278)) - Started ServerConnector@37c49a55{HTTP/1.1,[http/1.1]}{0.0.0.0:33235}
2019-09-20 10:25:24,329 [main] INFO  server.Server (Server.java:doStart(419)) - Started @85697ms
2019-09-20 10:25:24,331 [main] INFO  server.BaseHttpServer (BaseHttpServer.java:updateConnectorAddress(213)) - HTTP server of SCM is listening at http://0.0.0.0:33235
2019-09-20 10:25:24,331 [main] WARN  server.ServerUtils (ServerUtils.java:getDBPath(222)) - ozone.om.db.dirs is not configured. We recommend adding this setting. Falling back to ozone.metadata.dirs instead.
2019-09-20 10:25:24,338 [org.apache.hadoop.util.JvmPauseMonitor$Monitor@4f5d7091] INFO  util.JvmPauseMonitor (JvmPauseMonitor.java:run(188)) - Starting JVM pause monitor
2019-09-20 10:25:24,364 [main] WARN  server.ServerUtils (ServerUtils.java:getDBPath(222)) - ozone.om.db.dirs is not configured. We recommend adding this setting. Falling back to ozone.metadata.dirs instead.
2019-09-20 10:25:24,364 [main] WARN  server.ServerUtils (ServerUtils.java:getDBPath(222)) - ozone.om.db.dirs is not configured. We recommend adding this setting. Falling back to ozone.metadata.dirs instead.
2019-09-20 10:25:24,365 [main] INFO  om.OzoneManager (OzoneManager.java:setOMNodeDetails(645)) - OM Service ID is not set. Setting it to the default ID: omServiceIdDefault
2019-09-20 10:25:24,365 [main] INFO  om.OzoneManager (OzoneManager.java:setOMNodeDetails(651)) - OM Node ID is not set. Setting it to the OmStorage's OmID: c32e8e6a-427c-48b8-95c6-86312e78c109
2019-09-20 10:25:24,365 [main] INFO  om.OzoneManager (OzoneManager.java:loadOMHAConfigs(602)) - Found matching OM address with OMServiceId: null, OMNodeId: null, RPC Address: localhost:0 and Ratis port: 9872
2019-09-20 10:25:24,385 | INFO  | SCMAudit | user=jenkins1000 | ip=192.168.36.99 | op=GET_SCM_INFO null | ret=SUCCESS |  
2019-09-20 10:25:24,399 | INFO  | SCMAudit | user=jenkins1000 | ip=192.168.36.99 | op=SEND_HEARTBEAT {datanodeUUID=fac63c4b-287e-453e-9ac7-8c8c283fdab7, command=[]} | ret=SUCCESS |  
2019-09-20 10:25:24,408 [main] WARN  server.ServerUtils (ServerUtils.java:getDBPath(222)) - ozone.om.db.dirs is not configured. We recommend adding this setting. Falling back to ozone.metadata.dirs instead.
2019-09-20 10:25:24,408 [main] INFO  db.DBStoreBuilder (DBStoreBuilder.java:addTable(110)) - using custom profile for table: userTable
2019-09-20 10:25:24,409 [main] INFO  db.DBStoreBuilder (DBStoreBuilder.java:processTables(161)) - Using default column profile:DBProfile.DISK for Table:userTable
2019-09-20 10:25:24,409 [main] INFO  db.DBStoreBuilder (DBStoreBuilder.java:addTable(110)) - using custom profile for table: volumeTable
2019-09-20 10:25:24,409 [main] INFO  db.DBStoreBuilder (DBStoreBuilder.java:processTables(161)) - Using default column profile:DBProfile.DISK for Table:volumeTable
2019-09-20 10:25:24,410 [main] INFO  db.DBStoreBuilder (DBStoreBuilder.java:addTable(110)) - using custom profile for table: bucketTable
2019-09-20 10:25:24,410 [main] INFO  db.DBStoreBuilder (DBStoreBuilder.java:processTables(161)) - Using default column profile:DBProfile.DISK for Table:bucketTable
2019-09-20 10:25:24,410 [main] INFO  db.DBStoreBuilder (DBStoreBuilder.java:addTable(110)) - using custom profile for table: keyTable
2019-09-20 10:25:24,411 [main] INFO  db.DBStoreBuilder (DBStoreBuilder.java:processTables(161)) - Using default column profile:DBProfile.DISK for Table:keyTable
2019-09-20 10:25:24,411 [main] INFO  db.DBStoreBuilder (DBStoreBuilder.java:addTable(110)) - using custom profile for table: deletedTable
2019-09-20 10:25:24,411 [main] INFO  db.DBStoreBuilder (DBStoreBuilder.java:processTables(161)) - Using default column profile:DBProfile.DISK for Table:deletedTable
2019-09-20 10:25:24,412 [main] INFO  db.DBStoreBuilder (DBStoreBuilder.java:addTable(110)) - using custom profile for table: openKeyTable
2019-09-20 10:25:24,412 [main] INFO  db.DBStoreBuilder (DBStoreBuilder.java:processTables(161)) - Using default column profile:DBProfile.DISK for Table:openKeyTable
2019-09-20 10:25:24,412 [main] INFO  db.DBStoreBuilder (DBStoreBuilder.java:addTable(110)) - using custom profile for table: s3Table
2019-09-20 10:25:24,412 [main] INFO  db.DBStoreBuilder (DBStoreBuilder.java:processTables(161)) - Using default column profile:DBProfile.DISK for Table:s3Table
2019-09-20 10:25:24,413 [main] INFO  db.DBStoreBuilder (DBStoreBuilder.java:addTable(110)) - using custom profile for table: multipartInfoTable
2019-09-20 10:25:24,413 [main] INFO  db.DBStoreBuilder (DBStoreBuilder.java:processTables(161)) - Using default column profile:DBProfile.DISK for Table:multipartInfoTable
2019-09-20 10:25:24,413 [main] INFO  db.DBStoreBuilder (DBStoreBuilder.java:addTable(110)) - using custom profile for table: dTokenTable
2019-09-20 10:25:24,414 [main] INFO  db.DBStoreBuilder (DBStoreBuilder.java:processTables(161)) - Using default column profile:DBProfile.DISK for Table:dTokenTable
2019-09-20 10:25:24,414 [main] INFO  db.DBStoreBuilder (DBStoreBuilder.java:addTable(110)) - using custom profile for table: s3SecretTable
2019-09-20 10:25:24,414 [main] INFO  db.DBStoreBuilder (DBStoreBuilder.java:processTables(161)) - Using default column profile:DBProfile.DISK for Table:s3SecretTable
2019-09-20 10:25:24,415 [main] INFO  db.DBStoreBuilder (DBStoreBuilder.java:addTable(110)) - using custom profile for table: prefixTable
2019-09-20 10:25:24,415 [main] INFO  db.DBStoreBuilder (DBStoreBuilder.java:processTables(161)) - Using default column profile:DBProfile.DISK for Table:prefixTable
2019-09-20 10:25:24,415 [main] INFO  db.DBStoreBuilder (DBStoreBuilder.java:addTable(110)) - using custom profile for table: default
2019-09-20 10:25:24,416 [main] INFO  db.DBStoreBuilder (DBStoreBuilder.java:processTables(167)) - Using default column profile:DBProfile.DISK for Table:default
2019-09-20 10:25:24,416 [main] INFO  db.DBStoreBuilder (DBStoreBuilder.java:getDbProfile(198)) - Using default options. DBProfile.DISK
2019-09-20 10:25:24,624 | INFO  | SCMAudit | user=jenkins1000 | ip=192.168.36.99 | op=SEND_HEARTBEAT {datanodeUUID=7f6418e1-cc7a-441a-8f41-c73576b5a1c5, command=[]} | ret=SUCCESS |  
2019-09-20 10:25:24,638 [Thread-1675] INFO  impl.FollowerState (FollowerState.java:run(106)) - fac63c4b-287e-453e-9ac7-8c8c283fdab7:group-23C9435A8786 changes to CANDIDATE, lastRpcTime:5144, electionTimeout:5144ms
2019-09-20 10:25:24,638 [Thread-1675] INFO  impl.RoleInfo (RoleInfo.java:shutdownFollowerState(121)) - fac63c4b-287e-453e-9ac7-8c8c283fdab7: shutdown FollowerState
2019-09-20 10:25:24,638 [Thread-1675] INFO  impl.RaftServerImpl (RaftServerImpl.java:setRole(171)) - fac63c4b-287e-453e-9ac7-8c8c283fdab7:group-23C9435A8786 changes role from FOLLOWER to CANDIDATE at term 0 for changeToCandidate
2019-09-20 10:25:24,639 [Thread-1675] INFO  impl.RoleInfo (RoleInfo.java:updateAndGet(143)) - fac63c4b-287e-453e-9ac7-8c8c283fdab7: start LeaderElection
2019-09-20 10:25:24,658 [fac63c4b-287e-453e-9ac7-8c8c283fdab7:group-23C9435A8786:LeaderElection132] INFO  impl.LeaderElection (LeaderElection.java:askForVotes(181)) - fac63c4b-287e-453e-9ac7-8c8c283fdab7:group-23C9435A8786:LeaderElection132: begin an election at term 1 for -1: [fac63c4b-287e-453e-9ac7-8c8c283fdab7:192.168.36.99:38258], old=null
2019-09-20 10:25:24,659 [fac63c4b-287e-453e-9ac7-8c8c283fdab7:group-23C9435A8786:LeaderElection132] INFO  impl.RoleInfo (RoleInfo.java:shutdownLeaderElection(134)) - fac63c4b-287e-453e-9ac7-8c8c283fdab7: shutdown LeaderElection
2019-09-20 10:25:24,659 [fac63c4b-287e-453e-9ac7-8c8c283fdab7:group-23C9435A8786:LeaderElection132] INFO  impl.RaftServerImpl (RaftServerImpl.java:setRole(171)) - fac63c4b-287e-453e-9ac7-8c8c283fdab7:group-23C9435A8786 changes role from CANDIDATE to LEADER at term 1 for changeToLeader
2019-09-20 10:25:24,659 [fac63c4b-287e-453e-9ac7-8c8c283fdab7:group-23C9435A8786:LeaderElection132] INFO  impl.RaftServerImpl (ServerState.java:setLeader(263)) - fac63c4b-287e-453e-9ac7-8c8c283fdab7:group-23C9435A8786 change Leader from null to fac63c4b-287e-453e-9ac7-8c8c283fdab7 at term 1 for becomeLeader, leader elected after 5171ms
2019-09-20 10:25:24,659 [fac63c4b-287e-453e-9ac7-8c8c283fdab7:group-23C9435A8786:LeaderElection132] INFO  server.RaftServerConfigKeys (ConfUtils.java:logGet(43)) - raft.server.staging.catchup.gap = 1000 (default)
2019-09-20 10:25:24,660 [fac63c4b-287e-453e-9ac7-8c8c283fdab7:group-23C9435A8786:LeaderElection132] INFO  server.RaftServerConfigKeys (ConfUtils.java:logGet(43)) - raft.server.rpc.sleep.time = 25ms (default)
2019-09-20 10:25:24,660 [fac63c4b-287e-453e-9ac7-8c8c283fdab7:group-23C9435A8786:LeaderElection132] INFO  server.RaftServerConfigKeys (ConfUtils.java:logGet(43)) - raft.server.write.element-limit = 4096 (default)
2019-09-20 10:25:24,660 [fac63c4b-287e-453e-9ac7-8c8c283fdab7:group-23C9435A8786:LeaderElection132] INFO  server.RaftServerConfigKeys (ConfUtils.java:logGet(43)) - raft.server.watch.timeout = 10s (default)
2019-09-20 10:25:24,660 [fac63c4b-287e-453e-9ac7-8c8c283fdab7:group-23C9435A8786:LeaderElection132] INFO  server.RaftServerConfigKeys (ConfUtils.java:logGet(43)) - raft.server.watch.timeout.denomination = 1s (default)
2019-09-20 10:25:24,660 [fac63c4b-287e-453e-9ac7-8c8c283fdab7:group-23C9435A8786:LeaderElection132] INFO  server.RaftServerConfigKeys (ConfUtils.java:logGet(43)) - raft.server.watch.element-limit = 65536 (default)
2019-09-20 10:25:24,661 [fac63c4b-287e-453e-9ac7-8c8c283fdab7:group-23C9435A8786:LeaderElection132] INFO  impl.RoleInfo (RoleInfo.java:updateAndGet(143)) - fac63c4b-287e-453e-9ac7-8c8c283fdab7: start LeaderState
2019-09-20 10:25:24,661 [fac63c4b-287e-453e-9ac7-8c8c283fdab7:group-23C9435A8786:LeaderElection132] INFO  segmented.SegmentedRaftLogWorker (SegmentedRaftLogWorker.java:startLogSegment(380)) - fac63c4b-287e-453e-9ac7-8c8c283fdab7-SegmentedRaftLogWorker:Storage Directory /workdir/hadoop-ozone/integration-test/target/test-dir/MiniOzoneClusterImpl-280c06ed-bcb5-4979-9226-67616719d9ed/datanode-0/data/ratis/ecd7b46d-b01b-4d07-8997-23c9435a8786: Starting segment from index:0
2019-09-20 10:25:24,662 [fac63c4b-287e-453e-9ac7-8c8c283fdab7:group-23C9435A8786:LeaderElection132] INFO  impl.RaftServerImpl (ServerState.java:setRaftConf(361)) - fac63c4b-287e-453e-9ac7-8c8c283fdab7:group-23C9435A8786 set configuration 0: [fac63c4b-287e-453e-9ac7-8c8c283fdab7:192.168.36.99:38258], old=null at 0
2019-09-20 10:25:25,432 | INFO  | SCMAudit | user=jenkins1000 | ip=192.168.36.99 | op=SEND_HEARTBEAT {datanodeUUID=e29464ab-17d7-4a4e-ab54-c178fccc723c, command=[]} | ret=SUCCESS |  
2019-09-20 10:25:25,432 | INFO  | SCMAudit | user=jenkins1000 | ip=192.168.36.99 | op=SEND_HEARTBEAT {datanodeUUID=075fa85b-703c-4900-807d-88f08b36438a, command=[]} | ret=SUCCESS |  
2019-09-20 10:25:25,435 | INFO  | SCMAudit | user=jenkins1000 | ip=192.168.36.99 | op=SEND_HEARTBEAT {datanodeUUID=61649f92-8c0f-475a-818d-1064548aeef6, command=[]} | ret=SUCCESS |  
2019-09-20 10:25:25,435 | INFO  | SCMAudit | user=jenkins1000 | ip=192.168.36.99 | op=SEND_HEARTBEAT {datanodeUUID=d2ed2d9b-7ac7-460e-84f6-6d9d6066f76d, command=[]} | ret=SUCCESS |  
2019-09-20 10:25:25,435 | INFO  | SCMAudit | user=jenkins1000 | ip=192.168.36.99 | op=SEND_HEARTBEAT {datanodeUUID=60260ec1-e192-4b95-89c8-d924d16a77a9, command=[]} | ret=SUCCESS |  
2019-09-20 10:25:25,435 | INFO  | SCMAudit | user=jenkins1000 | ip=192.168.36.99 | op=SEND_HEARTBEAT {datanodeUUID=468be06f-55e9-4831-ba6b-3db017451a79, command=[]} | ret=SUCCESS |  
2019-09-20 10:25:25,435 [Thread-1679] WARN  util.JavaUtils (JavaUtils.java:sleep(250)) - Unexpected long sleep: sleep(5113ms) actually took 5850ms which is over the threshold 300ms
2019-09-20 10:25:25,435 | INFO  | SCMAudit | user=jenkins1000 | ip=192.168.36.99 | op=SEND_HEARTBEAT {datanodeUUID=e8013689-2f13-4aaf-8a03-99f419c430ec, command=[]} | ret=SUCCESS |  
2019-09-20 10:25:25,435 | INFO  | SCMAudit | user=jenkins1000 | ip=192.168.36.99 | op=SEND_HEARTBEAT {datanodeUUID=bb8f5112-316d-4974-a5a6-f698f3fbb5be, command=[]} | ret=SUCCESS |  
2019-09-20 10:25:25,435 | INFO  | SCMAudit | user=jenkins1000 | ip=192.168.36.99 | op=SEND_HEARTBEAT {datanodeUUID=b5962e8e-c9f1-48aa-8eb4-d8f74b8afdbe, command=[]} | ret=SUCCESS |  
2019-09-20 10:25:25,395 [Thread-1685] WARN  util.JavaUtils (JavaUtils.java:sleep(250)) - Unexpected long sleep: sleep(5105ms) actually took 5701ms which is over the threshold 300ms
2019-09-20 10:25:25,435 | INFO  | SCMAudit | user=jenkins1000 | ip=192.168.36.99 | op=SEND_HEARTBEAT {datanodeUUID=136f1953-bb94-4097-a2d4-422a6782bee0, command=[]} | ret=SUCCESS |  
2019-09-20 10:25:25,435 | INFO  | SCMAudit | user=jenkins1000 | ip=192.168.36.99 | op=SEND_HEARTBEAT {datanodeUUID=c3e532f8-1a8e-44f3-b56b-d765aee893af, command=[]} | ret=SUCCESS |  
2019-09-20 10:25:25,435 | INFO  | SCMAudit | user=jenkins1000 | ip=192.168.36.99 | op=SEND_HEARTBEAT {datanodeUUID=6491c372-a595-4104-b3e9-c4f3293baafa, command=[]} | ret=SUCCESS |  
2019-09-20 10:25:25,435 | INFO  | SCMAudit | user=jenkins1000 | ip=192.168.36.99 | op=SEND_HEARTBEAT {datanodeUUID=19fb8383-7c99-4449-b95c-a26e71717844, command=[]} | ret=SUCCESS |  
2019-09-20 10:25:25,435 [Thread-1682] WARN  util.JavaUtils (JavaUtils.java:sleep(250)) - Unexpected long sleep: sleep(5060ms) actually took 5799ms which is over the threshold 300ms
2019-09-20 10:25:25,434 | INFO  | SCMAudit | user=jenkins1000 | ip=192.168.36.99 | op=SEND_HEARTBEAT {datanodeUUID=99e70dd4-d763-4473-944c-c5628506dcf8, command=[]} | ret=SUCCESS |  
2019-09-20 10:25:25,434 | INFO  | SCMAudit | user=jenkins1000 | ip=192.168.36.99 | op=SEND_HEARTBEAT {datanodeUUID=66416d0b-a71c-4af1-ae3a-62ca63b880a3, command=[]} | ret=SUCCESS |  
2019-09-20 10:25:25,434 | INFO  | SCMAudit | user=jenkins1000 | ip=192.168.36.99 | op=SEND_HEARTBEAT {datanodeUUID=cff8bf6b-8d20-4327-9f29-08a3c2b49247, command=[]} | ret=SUCCESS |  
2019-09-20 10:25:25,395 [Thread-1689] WARN  util.JavaUtils (JavaUtils.java:sleep(250)) - Unexpected long sleep: sleep(5050ms) actually took 5632ms which is over the threshold 300ms
2019-09-20 10:25:25,434 | INFO  | SCMAudit | user=jenkins1000 | ip=192.168.36.99 | op=SEND_HEARTBEAT {datanodeUUID=7af711bd-b5ae-4a73-a8be-b970cae6c2d1, command=[]} | ret=SUCCESS |  
2019-09-20 10:25:25,434 | INFO  | SCMAudit | user=jenkins1000 | ip=192.168.36.99 | op=SEND_HEARTBEAT {datanodeUUID=4d972e91-cb6b-45de-8bd2-c18af7abe58b, command=[]} | ret=SUCCESS |  
2019-09-20 10:25:25,434 | INFO  | SCMAudit | user=jenkins1000 | ip=192.168.36.99 | op=SEND_HEARTBEAT {datanodeUUID=17e2ba94-38a1-40e7-84e0-f6802901db84, command=[]} | ret=SUCCESS |  
2019-09-20 10:25:25,368 [Thread-1693] WARN  util.JavaUtils (JavaUtils.java:sleep(250)) - Unexpected long sleep: sleep(5102ms) actually took 5547ms which is over the threshold 300ms
2019-09-20 10:25:25,434 | INFO  | SCMAudit | user=jenkins1000 | ip=192.168.36.99 | op=SEND_HEARTBEAT {datanodeUUID=1ab786b9-c79c-4265-88a1-5b3344c6beda, command=[]} | ret=SUCCESS |  
2019-09-20 10:25:25,434 | INFO  | SCMAudit | user=jenkins1000 | ip=192.168.36.99 | op=SEND_HEARTBEAT {datanodeUUID=3d6f3241-e73c-473a-ad0b-c7be2f7e1dda, command=[]} | ret=SUCCESS |  
2019-09-20 10:25:25,481 | INFO  | SCMAudit | user=jenkins1000 | ip=192.168.36.99 | op=SEND_HEARTBEAT {datanodeUUID=1bfb6844-04ed-4104-839b-60e510b6bb68, command=[]} | ret=SUCCESS |  
2019-09-20 10:25:25,432 | INFO  | SCMAudit | user=jenkins1000 | ip=192.168.36.99 | op=SEND_HEARTBEAT {datanodeUUID=ece458fc-6687-4915-9be7-f98d86977b7d, command=[]} | ret=SUCCESS |  
2019-09-20 10:25:25,432 | INFO  | SCMAudit | user=jenkins1000 | ip=192.168.36.99 | op=SEND_HEARTBEAT {datanodeUUID=99153be1-ba81-4c7b-b6ab-4442760615cb, command=[]} | ret=SUCCESS |  
2019-09-20 10:25:25,368 [Thread-1696] WARN  util.JavaUtils (JavaUtils.java:sleep(250)) - Unexpected long sleep: sleep(5020ms) actually took 5322ms which is over the threshold 300ms
2019-09-20 10:25:25,432 | INFO  | SCMAudit | user=jenkins1000 | ip=192.168.36.99 | op=SEND_HEARTBEAT {datanodeUUID=fac63c4b-287e-453e-9ac7-8c8c283fdab7, command=[]} | ret=SUCCESS |  
2019-09-20 10:25:25,435 | INFO  | SCMAudit | user=jenkins1000 | ip=192.168.36.99 | op=SEND_HEARTBEAT {datanodeUUID=9e03ffa9-cf79-407a-a150-4c035e5aec5e, command=[]} | ret=SUCCESS |  
2019-09-20 10:25:25,368 [Thread-1703] INFO  impl.FollowerState (FollowerState.java:run(106)) - 99153be1-ba81-4c7b-b6ab-4442760615cb:group-2C82EAA67AE4 changes to CANDIDATE, lastRpcTime:5216, electionTimeout:5066ms
2019-09-20 10:25:25,435 | INFO  | SCMAudit | user=jenkins1000 | ip=192.168.36.99 | op=SEND_HEARTBEAT {datanodeUUID=54207fe5-d92c-4c2e-b058-fbae630dabef, command=[]} | ret=SUCCESS |  
2019-09-20 10:25:25,367 [Thread-1700] INFO  impl.FollowerState (FollowerState.java:run(106)) - 99153be1-ba81-4c7b-b6ab-4442760615cb:group-19027D6FD54F changes to CANDIDATE, lastRpcTime:5271, electionTimeout:5155ms
2019-09-20 10:25:25,509 [Thread-1703] INFO  impl.RoleInfo (RoleInfo.java:shutdownFollowerState(121)) - 99153be1-ba81-4c7b-b6ab-4442760615cb: shutdown FollowerState
2019-09-20 10:25:25,435 [Thread-1706] INFO  impl.FollowerState (FollowerState.java:run(106)) - 99153be1-ba81-4c7b-b6ab-4442760615cb:group-685DC754E815 changes to CANDIDATE, lastRpcTime:5193, electionTimeout:5158ms
2019-09-20 10:25:25,509 [Thread-1703] INFO  impl.RaftServerImpl (RaftServerImpl.java:setRole(171)) - 99153be1-ba81-4c7b-b6ab-4442760615cb:group-2C82EAA67AE4 changes role from FOLLOWER to CANDIDATE at term 0 for changeToCandidate
2019-09-20 10:25:25,509 [Thread-1700] INFO  impl.RoleInfo (RoleInfo.java:shutdownFollowerState(121)) - 99153be1-ba81-4c7b-b6ab-4442760615cb: shutdown FollowerState
2019-09-20 10:25:25,510 [Thread-1703] INFO  impl.RoleInfo (RoleInfo.java:updateAndGet(143)) - 99153be1-ba81-4c7b-b6ab-4442760615cb: start LeaderElection
2019-09-20 10:25:25,510 [Thread-1706] INFO  impl.RoleInfo (RoleInfo.java:shutdownFollowerState(121)) - 99153be1-ba81-4c7b-b6ab-4442760615cb: shutdown FollowerState
2019-09-20 10:25:25,510 [Thread-1700] INFO  impl.RaftServerImpl (RaftServerImpl.java:setRole(171)) - 99153be1-ba81-4c7b-b6ab-4442760615cb:group-19027D6FD54F changes role from FOLLOWER to CANDIDATE at term 0 for changeToCandidate
2019-09-20 10:25:25,510 [Thread-1706] INFO  impl.RaftServerImpl (RaftServerImpl.java:setRole(171)) - 99153be1-ba81-4c7b-b6ab-4442760615cb:group-685DC754E815 changes role from FOLLOWER to CANDIDATE at term 0 for changeToCandidate
2019-09-20 10:25:25,510 [Thread-1700] INFO  impl.RoleInfo (RoleInfo.java:updateAndGet(143)) - 99153be1-ba81-4c7b-b6ab-4442760615cb: start LeaderElection
2019-09-20 10:25:25,511 [Thread-1706] INFO  impl.RoleInfo (RoleInfo.java:updateAndGet(143)) - 99153be1-ba81-4c7b-b6ab-4442760615cb: start LeaderElection
2019-09-20 10:25:25,511 [main] INFO  ipc.CallQueueManager (CallQueueManager.java:<init>(84)) - Using callQueue: class java.util.concurrent.LinkedBlockingQueue, queueCapacity: 2000, scheduler: class org.apache.hadoop.ipc.DefaultRpcScheduler, ipcBackoff: false.
2019-09-20 10:25:25,512 [Socket Reader #1 for port 34213] INFO  ipc.Server (Server.java:run(1074)) - Starting Socket Reader #1 for port 34213
2019-09-20 10:25:25,520 [Thread-1709] INFO  impl.FollowerState (FollowerState.java:run(106)) - 99153be1-ba81-4c7b-b6ab-4442760615cb:group-D8066A925F3E changes to CANDIDATE, lastRpcTime:5186, electionTimeout:5184ms
2019-09-20 10:25:25,520 [Thread-1709] INFO  impl.RoleInfo (RoleInfo.java:shutdownFollowerState(121)) - 99153be1-ba81-4c7b-b6ab-4442760615cb: shutdown FollowerState
2019-09-20 10:25:25,520 [Thread-1709] INFO  impl.RaftServerImpl (RaftServerImpl.java:setRole(171)) - 99153be1-ba81-4c7b-b6ab-4442760615cb:group-D8066A925F3E changes role from FOLLOWER to CANDIDATE at term 0 for changeToCandidate
2019-09-20 10:25:25,520 [Thread-1709] INFO  impl.RoleInfo (RoleInfo.java:updateAndGet(143)) - 99153be1-ba81-4c7b-b6ab-4442760615cb: start LeaderElection
2019-09-20 10:25:25,536 [main] INFO  om.OzoneManager (OzoneManager.java:start(1256)) - OzoneManager RPC server is listening at localhost/127.0.0.1:34213
2019-09-20 10:25:25,537 [main] INFO  impl.MetricsSystemImpl (MetricsSystemImpl.java:init(158)) - OzoneManager metrics system started (again)
2019-09-20 10:25:25,538 [IPC Server Responder] INFO  ipc.Server (Server.java:run(1314)) - IPC Server Responder: starting
2019-09-20 10:25:25,538 [IPC Server listener on 34213] INFO  ipc.Server (Server.java:run(1153)) - IPC Server listener on 34213: starting
2019-09-20 10:25:25,546 [99153be1-ba81-4c7b-b6ab-4442760615cb:group-2C82EAA67AE4:LeaderElection133] INFO  impl.LeaderElection (LeaderElection.java:askForVotes(181)) - 99153be1-ba81-4c7b-b6ab-4442760615cb:group-2C82EAA67AE4:LeaderElection133: begin an election at term 1 for -1: [99153be1-ba81-4c7b-b6ab-4442760615cb:192.168.36.99:42693], old=null
2019-09-20 10:25:25,554 [99153be1-ba81-4c7b-b6ab-4442760615cb:group-19027D6FD54F:LeaderElection134] INFO  impl.LeaderElection (LeaderElection.java:askForVotes(181)) - 99153be1-ba81-4c7b-b6ab-4442760615cb:group-19027D6FD54F:LeaderElection134: begin an election at term 1 for -1: [99153be1-ba81-4c7b-b6ab-4442760615cb:192.168.36.99:42693], old=null
2019-09-20 10:25:25,554 [99153be1-ba81-4c7b-b6ab-4442760615cb:group-2C82EAA67AE4:LeaderElection133] INFO  impl.RoleInfo (RoleInfo.java:shutdownLeaderElection(134)) - 99153be1-ba81-4c7b-b6ab-4442760615cb: shutdown LeaderElection
2019-09-20 10:25:25,553 [99153be1-ba81-4c7b-b6ab-4442760615cb:group-D8066A925F3E:LeaderElection136] INFO  impl.LeaderElection (LeaderElection.java:askForVotes(181)) - 99153be1-ba81-4c7b-b6ab-4442760615cb:group-D8066A925F3E:LeaderElection136: begin an election at term 1 for -1: [99153be1-ba81-4c7b-b6ab-4442760615cb:192.168.36.99:42693], old=null
2019-09-20 10:25:25,546 [99153be1-ba81-4c7b-b6ab-4442760615cb:group-685DC754E815:LeaderElection135] INFO  impl.LeaderElection (LeaderElection.java:askForVotes(181)) - 99153be1-ba81-4c7b-b6ab-4442760615cb:group-685DC754E815:LeaderElection135: begin an election at term 1 for -1: [99153be1-ba81-4c7b-b6ab-4442760615cb:192.168.36.99:42693], old=null
2019-09-20 10:25:25,554 [99153be1-ba81-4c7b-b6ab-4442760615cb:group-D8066A925F3E:LeaderElection136] INFO  impl.RoleInfo (RoleInfo.java:shutdownLeaderElection(134)) - 99153be1-ba81-4c7b-b6ab-4442760615cb: shutdown LeaderElection
2019-09-20 10:25:25,554 [99153be1-ba81-4c7b-b6ab-4442760615cb:group-2C82EAA67AE4:LeaderElection133] INFO  impl.RaftServerImpl (RaftServerImpl.java:setRole(171)) - 99153be1-ba81-4c7b-b6ab-4442760615cb:group-2C82EAA67AE4 changes role from CANDIDATE to LEADER at term 1 for changeToLeader
2019-09-20 10:25:25,555 [99153be1-ba81-4c7b-b6ab-4442760615cb:group-2C82EAA67AE4:LeaderElection133] INFO  impl.RaftServerImpl (ServerState.java:setLeader(263)) - 99153be1-ba81-4c7b-b6ab-4442760615cb:group-2C82EAA67AE4 change Leader from null to 99153be1-ba81-4c7b-b6ab-4442760615cb at term 1 for becomeLeader, leader elected after 5408ms
2019-09-20 10:25:25,554 [99153be1-ba81-4c7b-b6ab-4442760615cb:group-19027D6FD54F:LeaderElection134] INFO  impl.RoleInfo (RoleInfo.java:shutdownLeaderElection(134)) - 99153be1-ba81-4c7b-b6ab-4442760615cb: shutdown LeaderElection
2019-09-20 10:25:25,555 [99153be1-ba81-4c7b-b6ab-4442760615cb:group-2C82EAA67AE4:LeaderElection133] INFO  server.RaftServerConfigKeys (ConfUtils.java:logGet(43)) - raft.server.staging.catchup.gap = 1000 (default)
2019-09-20 10:25:25,555 [99153be1-ba81-4c7b-b6ab-4442760615cb:group-D8066A925F3E:LeaderElection136] INFO  impl.RaftServerImpl (RaftServerImpl.java:setRole(171)) - 99153be1-ba81-4c7b-b6ab-4442760615cb:group-D8066A925F3E changes role from CANDIDATE to LEADER at term 1 for changeToLeader
2019-09-20 10:25:25,555 [99153be1-ba81-4c7b-b6ab-4442760615cb:group-685DC754E815:LeaderElection135] INFO  impl.RoleInfo (RoleInfo.java:shutdownLeaderElection(134)) - 99153be1-ba81-4c7b-b6ab-4442760615cb: shutdown LeaderElection
2019-09-20 10:25:25,555 [99153be1-ba81-4c7b-b6ab-4442760615cb:group-D8066A925F3E:LeaderElection136] INFO  impl.RaftServerImpl (ServerState.java:setLeader(263)) - 99153be1-ba81-4c7b-b6ab-4442760615cb:group-D8066A925F3E change Leader from null to 99153be1-ba81-4c7b-b6ab-4442760615cb at term 1 for becomeLeader, leader elected after 5226ms
2019-09-20 10:25:25,555 [99153be1-ba81-4c7b-b6ab-4442760615cb:group-2C82EAA67AE4:LeaderElection133] INFO  server.RaftServerConfigKeys (ConfUtils.java:logGet(43)) - raft.server.rpc.sleep.time = 25ms (default)
2019-09-20 10:25:25,555 [99153be1-ba81-4c7b-b6ab-4442760615cb:group-19027D6FD54F:LeaderElection134] INFO  impl.RaftServerImpl (RaftServerImpl.java:setRole(171)) - 99153be1-ba81-4c7b-b6ab-4442760615cb:group-19027D6FD54F changes role from CANDIDATE to LEADER at term 1 for changeToLeader
2019-09-20 10:25:25,556 [99153be1-ba81-4c7b-b6ab-4442760615cb:group-2C82EAA67AE4:LeaderElection133] INFO  server.RaftServerConfigKeys (ConfUtils.java:logGet(43)) - raft.server.write.element-limit = 4096 (default)
2019-09-20 10:25:25,556 [99153be1-ba81-4c7b-b6ab-4442760615cb:group-D8066A925F3E:LeaderElection136] INFO  server.RaftServerConfigKeys (ConfUtils.java:logGet(43)) - raft.server.staging.catchup.gap = 1000 (default)
2019-09-20 10:25:25,555 [99153be1-ba81-4c7b-b6ab-4442760615cb:group-685DC754E815:LeaderElection135] INFO  impl.RaftServerImpl (RaftServerImpl.java:setRole(171)) - 99153be1-ba81-4c7b-b6ab-4442760615cb:group-685DC754E815 changes role from CANDIDATE to LEADER at term 1 for changeToLeader
2019-09-20 10:25:25,556 [main] INFO  hdfs.DFSUtil (DFSUtil.java:httpServerTemplateForNNAndJN(1641)) - Starting Web-server for ozoneManager at: http://0.0.0.0:0
2019-09-20 10:25:25,556 [99153be1-ba81-4c7b-b6ab-4442760615cb:group-D8066A925F3E:LeaderElection136] INFO  server.RaftServerConfigKeys (ConfUtils.java:logGet(43)) - raft.server.rpc.sleep.time = 25ms (default)
2019-09-20 10:25:25,556 [99153be1-ba81-4c7b-b6ab-4442760615cb:group-2C82EAA67AE4:LeaderElection133] INFO  server.RaftServerConfigKeys (ConfUtils.java:logGet(43)) - raft.server.watch.timeout = 10s (default)
2019-09-20 10:25:25,557 [99153be1-ba81-4c7b-b6ab-4442760615cb:group-2C82EAA67AE4:LeaderElection133] INFO  server.RaftServerConfigKeys (ConfUtils.java:logGet(43)) - raft.server.watch.timeout.denomination = 1s (default)
2019-09-20 10:25:25,556 [99153be1-ba81-4c7b-b6ab-4442760615cb:group-19027D6FD54F:LeaderElection134] INFO  impl.RaftServerImpl (ServerState.java:setLeader(263)) - 99153be1-ba81-4c7b-b6ab-4442760615cb:group-19027D6FD54F change Leader from null to 99153be1-ba81-4c7b-b6ab-4442760615cb at term 1 for becomeLeader, leader elected after 5463ms
2019-09-20 10:25:25,557 [99153be1-ba81-4c7b-b6ab-4442760615cb:group-2C82EAA67AE4:LeaderElection133] INFO  server.RaftServerConfigKeys (ConfUtils.java:logGet(43)) - raft.server.watch.element-limit = 65536 (default)
2019-09-20 10:25:25,557 [99153be1-ba81-4c7b-b6ab-4442760615cb:group-D8066A925F3E:LeaderElection136] INFO  server.RaftServerConfigKeys (ConfUtils.java:logGet(43)) - raft.server.write.element-limit = 4096 (default)
2019-09-20 10:25:25,556 [99153be1-ba81-4c7b-b6ab-4442760615cb:group-685DC754E815:LeaderElection135] INFO  impl.RaftServerImpl (ServerState.java:setLeader(263)) - 99153be1-ba81-4c7b-b6ab-4442760615cb:group-685DC754E815 change Leader from null to 99153be1-ba81-4c7b-b6ab-4442760615cb at term 1 for becomeLeader, leader elected after 5319ms
2019-09-20 10:25:25,558 [99153be1-ba81-4c7b-b6ab-4442760615cb:group-D8066A925F3E:LeaderElection136] INFO  server.RaftServerConfigKeys (ConfUtils.java:logGet(43)) - raft.server.watch.timeout = 10s (default)
2019-09-20 10:25:25,557 [99153be1-ba81-4c7b-b6ab-4442760615cb:group-2C82EAA67AE4:LeaderElection133] INFO  impl.RoleInfo (RoleInfo.java:updateAndGet(143)) - 99153be1-ba81-4c7b-b6ab-4442760615cb: start LeaderState
2019-09-20 10:25:25,558 [main] INFO  server.AuthenticationFilter (AuthenticationFilter.java:constructSecretProvider(240)) - Unable to initialize FileSignerSecretProvider, falling back to use random secrets.
2019-09-20 10:25:25,557 [99153be1-ba81-4c7b-b6ab-4442760615cb:group-19027D6FD54F:LeaderElection134] INFO  server.RaftServerConfigKeys (ConfUtils.java:logGet(43)) - raft.server.staging.catchup.gap = 1000 (default)
2019-09-20 10:25:25,558 [99153be1-ba81-4c7b-b6ab-4442760615cb:group-2C82EAA67AE4:LeaderElection133] INFO  segmented.SegmentedRaftLogWorker (SegmentedRaftLogWorker.java:startLogSegment(380)) - 99153be1-ba81-4c7b-b6ab-4442760615cb-SegmentedRaftLogWorker:Storage Directory /workdir/hadoop-ozone/integration-test/target/test-dir/MiniOzoneClusterImpl-280c06ed-bcb5-4979-9226-67616719d9ed/datanode-1/data/ratis/22746fd9-6933-4e25-ad88-2c82eaa67ae4: Starting segment from index:0
2019-09-20 10:25:25,558 [99153be1-ba81-4c7b-b6ab-4442760615cb:group-D8066A925F3E:LeaderElection136] INFO  server.RaftServerConfigKeys (ConfUtils.java:logGet(43)) - raft.server.watch.timeout.denomination = 1s (default)
2019-09-20 10:25:25,558 [99153be1-ba81-4c7b-b6ab-4442760615cb:group-685DC754E815:LeaderElection135] INFO  server.RaftServerConfigKeys (ConfUtils.java:logGet(43)) - raft.server.staging.catchup.gap = 1000 (default)
2019-09-20 10:25:26,097 | INFO  | SCMAudit | user=jenkins1000 | ip=192.168.36.99 | op=SEND_HEARTBEAT {datanodeUUID=7f6418e1-cc7a-441a-8f41-c73576b5a1c5, command=[]} | ret=SUCCESS |  
2019-09-20 10:25:25,559 [99153be1-ba81-4c7b-b6ab-4442760615cb:group-D8066A925F3E:LeaderElection136] INFO  server.RaftServerConfigKeys (ConfUtils.java:logGet(43)) - raft.server.watch.element-limit = 65536 (default)
2019-09-20 10:25:25,558 [main] WARN  http.HttpRequestLog (HttpRequestLog.java:getRequestLog(97)) - Jetty request log can only be enabled using Log4j
2019-09-20 10:25:25,558 [99153be1-ba81-4c7b-b6ab-4442760615cb:group-19027D6FD54F:LeaderElection134] INFO  server.RaftServerConfigKeys (ConfUtils.java:logGet(43)) - raft.server.rpc.sleep.time = 25ms (default)
2019-09-20 10:25:26,098 [99153be1-ba81-4c7b-b6ab-4442760615cb:group-D8066A925F3E:LeaderElection136] INFO  impl.RoleInfo (RoleInfo.java:updateAndGet(143)) - 99153be1-ba81-4c7b-b6ab-4442760615cb: start LeaderState
2019-09-20 10:25:26,098 [Thread-1712] WARN  util.JavaUtils (JavaUtils.java:sleep(250)) - Unexpected long sleep: sleep(5129ms) actually took 5662ms which is over the threshold 300ms
2019-09-20 10:25:26,096 [Thread-1722] WARN  util.JavaUtils (JavaUtils.java:sleep(250)) - Unexpected long sleep: sleep(5002ms) actually took 5424ms which is over the threshold 300ms
2019-09-20 10:25:26,096 [Thread-1719] WARN  util.JavaUtils (JavaUtils.java:sleep(250)) - Unexpected long sleep: sleep(5146ms) actually took 5501ms which is over the threshold 300ms
2019-09-20 10:25:26,096 [Thread-1716] WARN  util.JavaUtils (JavaUtils.java:sleep(250)) - Unexpected long sleep: sleep(5190ms) actually took 5569ms which is over the threshold 300ms
2019-09-20 10:25:26,095 [Thread-1725] INFO  impl.FollowerState (FollowerState.java:run(106)) - e29464ab-17d7-4a4e-ab54-c178fccc723c:group-A41042AF4D51 changes to CANDIDATE, lastRpcTime:5331, electionTimeout:5132ms
2019-09-20 10:25:26,095 [Thread-1728] INFO  impl.FollowerState (FollowerState.java:run(106)) - e29464ab-17d7-4a4e-ab54-c178fccc723c:group-57ACA9389BDB changes to CANDIDATE, lastRpcTime:5273, electionTimeout:5078ms
2019-09-20 10:25:26,094 [Thread-1731] INFO  impl.FollowerState (FollowerState.java:run(106)) - e29464ab-17d7-4a4e-ab54-c178fccc723c:group-487D388BDFAD changes to CANDIDATE, lastRpcTime:5204, electionTimeout:5065ms
2019-09-20 10:25:26,094 [Thread-1734] INFO  impl.FollowerState (FollowerState.java:run(106)) - 1bfb6844-04ed-4104-839b-60e510b6bb68:group-6AA3DDC6C181 changes to CANDIDATE, lastRpcTime:5127, electionTimeout:5081ms
2019-09-20 10:25:26,094 [Thread-1737] INFO  impl.FollowerState (FollowerState.java:run(106)) - 1bfb6844-04ed-4104-839b-60e510b6bb68:group-F0FD01D7A7AA changes to CANDIDATE, lastRpcTime:5061, electionTimeout:5050ms
2019-09-20 10:25:25,559 [99153be1-ba81-4c7b-b6ab-4442760615cb:group-2C82EAA67AE4:LeaderElection133] INFO  impl.RaftServerImpl (ServerState.java:setRaftConf(361)) - 99153be1-ba81-4c7b-b6ab-4442760615cb:group-2C82EAA67AE4 set configuration 0: [99153be1-ba81-4c7b-b6ab-4442760615cb:192.168.36.99:42693], old=null at 0
2019-09-20 10:25:25,559 [99153be1-ba81-4c7b-b6ab-4442760615cb:group-685DC754E815:LeaderElection135] INFO  server.RaftServerConfigKeys (ConfUtils.java:logGet(43)) - raft.server.rpc.sleep.time = 25ms (default)
2019-09-20 10:25:26,100 [main] INFO  http.HttpServer2 (HttpServer2.java:addGlobalFilter(975)) - Added global filter 'safety' (class=org.apache.hadoop.http.HttpServer2$QuotingInputFilter)
2019-09-20 10:25:26,100 [Thread-1737] INFO  impl.RoleInfo (RoleInfo.java:shutdownFollowerState(121)) - 1bfb6844-04ed-4104-839b-60e510b6bb68: shutdown FollowerState
2019-09-20 10:25:26,100 [99153be1-ba81-4c7b-b6ab-4442760615cb:group-685DC754E815:LeaderElection135] INFO  server.RaftServerConfigKeys (ConfUtils.java:logGet(43)) - raft.server.write.element-limit = 4096 (default)
2019-09-20 10:25:26,099 [Thread-1734] INFO  impl.RoleInfo (RoleInfo.java:shutdownFollowerState(121)) - 1bfb6844-04ed-4104-839b-60e510b6bb68: shutdown FollowerState
2019-09-20 10:25:26,099 [Thread-1731] INFO  impl.RoleInfo (RoleInfo.java:shutdownFollowerState(121)) - e29464ab-17d7-4a4e-ab54-c178fccc723c: shutdown FollowerState
2019-09-20 10:25:26,101 [Thread-1731] INFO  impl.RaftServerImpl (RaftServerImpl.java:setRole(171)) - e29464ab-17d7-4a4e-ab54-c178fccc723c:group-487D388BDFAD changes role from FOLLOWER to CANDIDATE at term 0 for changeToCandidate
2019-09-20 10:25:26,099 [Thread-1728] INFO  impl.RoleInfo (RoleInfo.java:shutdownFollowerState(121)) - e29464ab-17d7-4a4e-ab54-c178fccc723c: shutdown FollowerState
2019-09-20 10:25:26,099 [Thread-1725] INFO  impl.RoleInfo (RoleInfo.java:shutdownFollowerState(121)) - e29464ab-17d7-4a4e-ab54-c178fccc723c: shutdown FollowerState
2019-09-20 10:25:26,101 [Thread-1725] INFO  impl.RaftServerImpl (RaftServerImpl.java:setRole(171)) - e29464ab-17d7-4a4e-ab54-c178fccc723c:group-A41042AF4D51 changes role from FOLLOWER to CANDIDATE at term 0 for changeToCandidate
2019-09-20 10:25:26,099 [99153be1-ba81-4c7b-b6ab-4442760615cb:group-D8066A925F3E:LeaderElection136] INFO  segmented.SegmentedRaftLogWorker (SegmentedRaftLogWorker.java:startLogSegment(380)) - 99153be1-ba81-4c7b-b6ab-4442760615cb-SegmentedRaftLogWorker:Storage Directory /workdir/hadoop-ozone/integration-test/target/test-dir/MiniOzoneClusterImpl-280c06ed-bcb5-4979-9226-67616719d9ed/datanode-1/data/ratis/66d2ec1c-a7d3-4855-b686-d8066a925f3e: Starting segment from index:0
2019-09-20 10:25:26,098 [99153be1-ba81-4c7b-b6ab-4442760615cb:group-19027D6FD54F:LeaderElection134] INFO  server.RaftServerConfigKeys (ConfUtils.java:logGet(43)) - raft.server.write.element-limit = 4096 (default)
2019-09-20 10:25:26,101 [Thread-1725] INFO  impl.RoleInfo (RoleInfo.java:updateAndGet(143)) - e29464ab-17d7-4a4e-ab54-c178fccc723c: start LeaderElection
2019-09-20 10:25:26,101 [Thread-1728] INFO  impl.RaftServerImpl (RaftServerImpl.java:setRole(171)) - e29464ab-17d7-4a4e-ab54-c178fccc723c:group-57ACA9389BDB changes role from FOLLOWER to CANDIDATE at term 0 for changeToCandidate
2019-09-20 10:25:26,101 [Thread-1731] INFO  impl.RoleInfo (RoleInfo.java:updateAndGet(143)) - e29464ab-17d7-4a4e-ab54-c178fccc723c: start LeaderElection
2019-09-20 10:25:26,100 [Thread-1734] INFO  impl.RaftServerImpl (RaftServerImpl.java:setRole(171)) - 1bfb6844-04ed-4104-839b-60e510b6bb68:group-6AA3DDC6C181 changes role from FOLLOWER to CANDIDATE at term 0 for changeToCandidate
2019-09-20 10:25:26,100 [main] INFO  http.HttpServer2 (HttpServer2.java:addFilter(948)) - Added filter static_user_filter (class=org.apache.hadoop.http.lib.StaticUserWebFilter$StaticUserFilter) to context ozoneManager
2019-09-20 10:25:26,488 | INFO  | SCMAudit | user=jenkins1000 | ip=192.168.36.99 | op=SEND_HEARTBEAT {datanodeUUID=e29464ab-17d7-4a4e-ab54-c178fccc723c, command=[]} | ret=SUCCESS |  
2019-09-20 10:25:26,495 | INFO  | SCMAudit | user=jenkins1000 | ip=192.168.36.99 | op=SEND_HEARTBEAT {datanodeUUID=e8013689-2f13-4aaf-8a03-99f419c430ec, command=[]} | ret=SUCCESS |  
2019-09-20 10:25:26,495 | INFO  | SCMAudit | user=jenkins1000 | ip=192.168.36.99 | op=SEND_HEARTBEAT {datanodeUUID=54207fe5-d92c-4c2e-b058-fbae630dabef, command=[]} | ret=SUCCESS |  
2019-09-20 10:25:26,495 | INFO  | SCMAudit | user=jenkins1000 | ip=192.168.36.99 | op=SEND_HEARTBEAT {datanodeUUID=468be06f-55e9-4831-ba6b-3db017451a79, command=[]} | ret=SUCCESS |  
2019-09-20 10:25:26,495 | INFO  | SCMAudit | user=jenkins1000 | ip=192.168.36.99 | op=SEND_HEARTBEAT {datanodeUUID=d2ed2d9b-7ac7-460e-84f6-6d9d6066f76d, command=[]} | ret=SUCCESS |  
2019-09-20 10:25:26,495 | INFO  | SCMAudit | user=jenkins1000 | ip=192.168.36.99 | op=SEND_HEARTBEAT {datanodeUUID=19fb8383-7c99-4449-b95c-a26e71717844, command=[]} | ret=SUCCESS |  
2019-09-20 10:25:26,495 | INFO  | SCMAudit | user=jenkins1000 | ip=192.168.36.99 | op=SEND_HEARTBEAT {datanodeUUID=bb8f5112-316d-4974-a5a6-f698f3fbb5be, command=[]} | ret=SUCCESS |  
2019-09-20 10:25:26,495 | INFO  | SCMAudit | user=jenkins1000 | ip=192.168.36.99 | op=SEND_HEARTBEAT {datanodeUUID=9e03ffa9-cf79-407a-a150-4c035e5aec5e, command=[]} | ret=SUCCESS |  
2019-09-20 10:25:26,495 | INFO  | SCMAudit | user=jenkins1000 | ip=192.168.36.99 | op=SEND_HEARTBEAT {datanodeUUID=61649f92-8c0f-475a-818d-1064548aeef6, command=[]} | ret=SUCCESS |  
2019-09-20 10:25:26,495 | INFO  | SCMAudit | user=jenkins1000 | ip=192.168.36.99 | op=SEND_HEARTBEAT {datanodeUUID=6491c372-a595-4104-b3e9-c4f3293baafa, command=[]} | ret=SUCCESS |  
2019-09-20 10:25:26,495 | INFO  | SCMAudit | user=jenkins1000 | ip=192.168.36.99 | op=SEND_HEARTBEAT {datanodeUUID=b5962e8e-c9f1-48aa-8eb4-d8f74b8afdbe, command=[]} | ret=SUCCESS |  
2019-09-20 10:25:26,495 | INFO  | SCMAudit | user=jenkins1000 | ip=192.168.36.99 | op=SEND_HEARTBEAT {datanodeUUID=99e70dd4-d763-4473-944c-c5628506dcf8, command=[]} | ret=SUCCESS |  
2019-09-20 10:25:26,495 | INFO  | SCMAudit | user=jenkins1000 | ip=192.168.36.99 | op=SEND_HEARTBEAT {datanodeUUID=136f1953-bb94-4097-a2d4-422a6782bee0, command=[]} | ret=SUCCESS |  
2019-09-20 10:25:26,495 | INFO  | SCMAudit | user=jenkins1000 | ip=192.168.36.99 | op=SEND_HEARTBEAT {datanodeUUID=cff8bf6b-8d20-4327-9f29-08a3c2b49247, command=[]} | ret=SUCCESS |  
2019-09-20 10:25:26,496 | INFO  | SCMAudit | user=jenkins1000 | ip=192.168.36.99 | op=SEND_HEARTBEAT {datanodeUUID=60260ec1-e192-4b95-89c8-d924d16a77a9, command=[]} | ret=SUCCESS |  
2019-09-20 10:25:26,497 | INFO  | SCMAudit | user=jenkins1000 | ip=192.168.36.99 | op=SEND_HEARTBEAT {datanodeUUID=075fa85b-703c-4900-807d-88f08b36438a, command=[]} | ret=SUCCESS |  
2019-09-20 10:25:26,497 | INFO  | SCMAudit | user=jenkins1000 | ip=192.168.36.99 | op=SEND_HEARTBEAT {datanodeUUID=1bfb6844-04ed-4104-839b-60e510b6bb68, command=[]} | ret=SUCCESS |  
2019-09-20 10:25:26,497 | INFO  | SCMAudit | user=jenkins1000 | ip=192.168.36.99 | op=SEND_HEARTBEAT {datanodeUUID=99153be1-ba81-4c7b-b6ab-4442760615cb, command=[]} | ret=SUCCESS |  
2019-09-20 10:25:26,497 | INFO  | SCMAudit | user=jenkins1000 | ip=192.168.36.99 | op=SEND_HEARTBEAT {datanodeUUID=ece458fc-6687-4915-9be7-f98d86977b7d, command=[]} | ret=SUCCESS |  
2019-09-20 10:25:26,498 | INFO  | SCMAudit | user=jenkins1000 | ip=192.168.36.99 | op=SEND_HEARTBEAT {datanodeUUID=fac63c4b-287e-453e-9ac7-8c8c283fdab7, command=[]} | ret=SUCCESS |  
2019-09-20 10:25:26,100 [99153be1-ba81-4c7b-b6ab-4442760615cb:group-685DC754E815:LeaderElection135] INFO  server.RaftServerConfigKeys (ConfUtils.java:logGet(43)) - raft.server.watch.timeout = 10s (default)
2019-09-20 10:25:26,100 [Thread-1737] INFO  impl.RaftServerImpl (RaftServerImpl.java:setRole(171)) - 1bfb6844-04ed-4104-839b-60e510b6bb68:group-F0FD01D7A7AA changes role from FOLLOWER to CANDIDATE at term 0 for changeToCandidate
2019-09-20 10:25:26,498 | INFO  | SCMAudit | user=jenkins1000 | ip=192.168.36.99 | op=SEND_HEARTBEAT {datanodeUUID=c3e532f8-1a8e-44f3-b56b-d765aee893af, command=[]} | ret=SUCCESS |  
2019-09-20 10:25:26,498 [99153be1-ba81-4c7b-b6ab-4442760615cb:group-685DC754E815:LeaderElection135] INFO  server.RaftServerConfigKeys (ConfUtils.java:logGet(43)) - raft.server.watch.timeout.denomination = 1s (default)
2019-09-20 10:25:26,498 | INFO  | SCMAudit | user=jenkins1000 | ip=192.168.36.99 | op=SEND_HEARTBEAT {datanodeUUID=3d6f3241-e73c-473a-ad0b-c7be2f7e1dda, command=[]} | ret=SUCCESS |  
2019-09-20 10:25:26,498 [Thread-1734] INFO  impl.RoleInfo (RoleInfo.java:updateAndGet(143)) - 1bfb6844-04ed-4104-839b-60e510b6bb68: start LeaderElection
2019-09-20 10:25:26,498 | INFO  | SCMAudit | user=jenkins1000 | ip=192.168.36.99 | op=SEND_HEARTBEAT {datanodeUUID=1ab786b9-c79c-4265-88a1-5b3344c6beda, command=[]} | ret=SUCCESS |  
2019-09-20 10:25:26,498 | INFO  | SCMAudit | user=jenkins1000 | ip=192.168.36.99 | op=SEND_HEARTBEAT {datanodeUUID=4d972e91-cb6b-45de-8bd2-c18af7abe58b, command=[]} | ret=SUCCESS |  
2019-09-20 10:25:26,499 | INFO  | SCMAudit | user=jenkins1000 | ip=192.168.36.99 | op=SEND_HEARTBEAT {datanodeUUID=66416d0b-a71c-4af1-ae3a-62ca63b880a3, command=[]} | ret=SUCCESS |  
2019-09-20 10:25:26,499 | INFO  | SCMAudit | user=jenkins1000 | ip=192.168.36.99 | op=SEND_HEARTBEAT {datanodeUUID=17e2ba94-38a1-40e7-84e0-f6802901db84, command=[]} | ret=SUCCESS |  
2019-09-20 10:25:26,498 [main] INFO  http.HttpServer2 (HttpServer2.java:addFilter(958)) - Added filter static_user_filter (class=org.apache.hadoop.http.lib.StaticUserWebFilter$StaticUserFilter) to context logs
2019-09-20 10:25:26,499 | INFO  | SCMAudit | user=jenkins1000 | ip=192.168.36.99 | op=SEND_HEARTBEAT {datanodeUUID=7af711bd-b5ae-4a73-a8be-b970cae6c2d1, command=[]} | ret=SUCCESS |  
2019-09-20 10:25:26,498 [Thread-1740] WARN  util.JavaUtils (JavaUtils.java:sleep(250)) - Unexpected long sleep: sleep(5034ms) actually took 5396ms which is over the threshold 300ms
2019-09-20 10:25:26,497 [Thread-1743] INFO  impl.FollowerState (FollowerState.java:run(106)) - 1bfb6844-04ed-4104-839b-60e510b6bb68:group-9C7B24CF797E changes to CANDIDATE, lastRpcTime:5329, electionTimeout:5068ms
2019-09-20 10:25:26,497 [Thread-1746] INFO  impl.FollowerState (FollowerState.java:run(106)) - 1bfb6844-04ed-4104-839b-60e510b6bb68:group-127086B3354F changes to CANDIDATE, lastRpcTime:5253, electionTimeout:5013ms
2019-09-20 10:25:26,497 [Thread-1749] INFO  impl.FollowerState (FollowerState.java:run(106)) - 1bfb6844-04ed-4104-839b-60e510b6bb68:group-55F61A620423 changes to CANDIDATE, lastRpcTime:5186, electionTimeout:5001ms
2019-09-20 10:25:26,495 [Thread-1752] INFO  impl.FollowerState (FollowerState.java:run(106)) - 075fa85b-703c-4900-807d-88f08b36438a:group-B0B958123A92 changes to CANDIDATE, lastRpcTime:5100, electionTimeout:5013ms
2019-09-20 10:25:26,102 [Thread-1728] INFO  impl.RoleInfo (RoleInfo.java:updateAndGet(143)) - e29464ab-17d7-4a4e-ab54-c178fccc723c: start LeaderElection
2019-09-20 10:25:26,101 [99153be1-ba81-4c7b-b6ab-4442760615cb:group-D8066A925F3E:LeaderElection136] INFO  impl.RaftServerImpl (ServerState.java:setRaftConf(361)) - 99153be1-ba81-4c7b-b6ab-4442760615cb:group-D8066A925F3E set configuration 0: [99153be1-ba81-4c7b-b6ab-4442760615cb:192.168.36.99:42693], old=null at 0
2019-09-20 10:25:26,101 [99153be1-ba81-4c7b-b6ab-4442760615cb:group-19027D6FD54F:LeaderElection134] INFO  server.RaftServerConfigKeys (ConfUtils.java:logGet(43)) - raft.server.watch.timeout = 10s (default)
2019-09-20 10:25:26,499 [Thread-1752] INFO  impl.RoleInfo (RoleInfo.java:shutdownFollowerState(121)) - 075fa85b-703c-4900-807d-88f08b36438a: shutdown FollowerState
2019-09-20 10:25:26,500 [Thread-1752] INFO  impl.RaftServerImpl (RaftServerImpl.java:setRole(171)) - 075fa85b-703c-4900-807d-88f08b36438a:group-B0B958123A92 changes role from FOLLOWER to CANDIDATE at term 0 for changeToCandidate
2019-09-20 10:25:26,499 [Thread-1749] INFO  impl.RoleInfo (RoleInfo.java:shutdownFollowerState(121)) - 1bfb6844-04ed-4104-839b-60e510b6bb68: shutdown FollowerState
2019-09-20 10:25:26,499 [Thread-1746] INFO  impl.RoleInfo (RoleInfo.java:shutdownFollowerState(121)) - 1bfb6844-04ed-4104-839b-60e510b6bb68: shutdown FollowerState
2019-09-20 10:25:26,499 [Thread-1743] INFO  impl.RoleInfo (RoleInfo.java:shutdownFollowerState(121)) - 1bfb6844-04ed-4104-839b-60e510b6bb68: shutdown FollowerState
2019-09-20 10:25:26,499 [main] INFO  http.HttpServer2 (HttpServer2.java:addFilter(958)) - Added filter static_user_filter (class=org.apache.hadoop.http.lib.StaticUserWebFilter$StaticUserFilter) to context static
2019-09-20 10:25:26,498 [99153be1-ba81-4c7b-b6ab-4442760615cb:group-685DC754E815:LeaderElection135] INFO  server.RaftServerConfigKeys (ConfUtils.java:logGet(43)) - raft.server.watch.element-limit = 65536 (default)
2019-09-20 10:25:26,498 [Thread-1737] INFO  impl.RoleInfo (RoleInfo.java:updateAndGet(143)) - 1bfb6844-04ed-4104-839b-60e510b6bb68: start LeaderElection
2019-09-20 10:25:26,501 [99153be1-ba81-4c7b-b6ab-4442760615cb:group-685DC754E815:LeaderElection135] INFO  impl.RoleInfo (RoleInfo.java:updateAndGet(143)) - 99153be1-ba81-4c7b-b6ab-4442760615cb: start LeaderState
2019-09-20 10:25:26,500 [Thread-1743] INFO  impl.RaftServerImpl (RaftServerImpl.java:setRole(171)) - 1bfb6844-04ed-4104-839b-60e510b6bb68:group-9C7B24CF797E changes role from FOLLOWER to CANDIDATE at term 0 for changeToCandidate
2019-09-20 10:25:26,500 [Thread-1746] INFO  impl.RaftServerImpl (RaftServerImpl.java:setRole(171)) - 1bfb6844-04ed-4104-839b-60e510b6bb68:group-127086B3354F changes role from FOLLOWER to CANDIDATE at term 0 for changeToCandidate
2019-09-20 10:25:26,501 [99153be1-ba81-4c7b-b6ab-4442760615cb:group-685DC754E815:LeaderElection135] INFO  segmented.SegmentedRaftLogWorker (SegmentedRaftLogWorker.java:startLogSegment(380)) - 99153be1-ba81-4c7b-b6ab-4442760615cb-SegmentedRaftLogWorker:Storage Directory /workdir/hadoop-ozone/integration-test/target/test-dir/MiniOzoneClusterImpl-280c06ed-bcb5-4979-9226-67616719d9ed/datanode-1/data/ratis/349b8c6b-61a6-425a-80f9-685dc754e815: Starting segment from index:0
2019-09-20 10:25:26,500 [Thread-1749] INFO  impl.RaftServerImpl (RaftServerImpl.java:setRole(171)) - 1bfb6844-04ed-4104-839b-60e510b6bb68:group-55F61A620423 changes role from FOLLOWER to CANDIDATE at term 0 for changeToCandidate
2019-09-20 10:25:26,500 [Thread-1752] INFO  impl.RoleInfo (RoleInfo.java:updateAndGet(143)) - 075fa85b-703c-4900-807d-88f08b36438a: start LeaderElection
2019-09-20 10:25:26,500 [99153be1-ba81-4c7b-b6ab-4442760615cb:group-19027D6FD54F:LeaderElection134] INFO  server.RaftServerConfigKeys (ConfUtils.java:logGet(43)) - raft.server.watch.timeout.denomination = 1s (default)
2019-09-20 10:25:26,502 [main] INFO  http.HttpServer2 (HttpServer2.java:bindListener(1191)) - Jetty bound to port 38979
2019-09-20 10:25:26,502 [Thread-1749] INFO  impl.RoleInfo (RoleInfo.java:updateAndGet(143)) - 1bfb6844-04ed-4104-839b-60e510b6bb68: start LeaderElection
2019-09-20 10:25:26,501 [Thread-1746] INFO  impl.RoleInfo (RoleInfo.java:updateAndGet(143)) - 1bfb6844-04ed-4104-839b-60e510b6bb68: start LeaderElection
2019-09-20 10:25:26,501 [Thread-1743] INFO  impl.RoleInfo (RoleInfo.java:updateAndGet(143)) - 1bfb6844-04ed-4104-839b-60e510b6bb68: start LeaderElection
2019-09-20 10:25:26,972 [main] INFO  server.Server (Server.java:doStart(351)) - jetty-9.3.24.v20180605, build timestamp: 2018-06-05T17:11:56Z, git hash: 84205aa28f11a4f31f2a3b86d1bba2cc8ab69827
2019-09-20 10:25:26,971 [e29464ab-17d7-4a4e-ab54-c178fccc723c:group-57ACA9389BDB:LeaderElection139] INFO  impl.LeaderElection (LeaderElection.java:askForVotes(181)) - e29464ab-17d7-4a4e-ab54-c178fccc723c:group-57ACA9389BDB:LeaderElection139: begin an election at term 1 for -1: [e29464ab-17d7-4a4e-ab54-c178fccc723c:192.168.36.99:36623], old=null
2019-09-20 10:25:26,971 [e29464ab-17d7-4a4e-ab54-c178fccc723c:group-A41042AF4D51:LeaderElection138] INFO  impl.LeaderElection (LeaderElection.java:askForVotes(181)) - e29464ab-17d7-4a4e-ab54-c178fccc723c:group-A41042AF4D51:LeaderElection138: begin an election at term 1 for -1: [e29464ab-17d7-4a4e-ab54-c178fccc723c:192.168.36.99:36623], old=null
2019-09-20 10:25:26,971 [1bfb6844-04ed-4104-839b-60e510b6bb68:group-F0FD01D7A7AA:LeaderElection141] INFO  impl.LeaderElection (LeaderElection.java:askForVotes(181)) - 1bfb6844-04ed-4104-839b-60e510b6bb68:group-F0FD01D7A7AA:LeaderElection141: begin an election at term 1 for -1: [1bfb6844-04ed-4104-839b-60e510b6bb68:192.168.36.99:44647], old=null
2019-09-20 10:25:26,971 [1bfb6844-04ed-4104-839b-60e510b6bb68:group-6AA3DDC6C181:LeaderElection140] INFO  impl.LeaderElection (LeaderElection.java:askForVotes(181)) - 1bfb6844-04ed-4104-839b-60e510b6bb68:group-6AA3DDC6C181:LeaderElection140: begin an election at term 1 for -1: [1bfb6844-04ed-4104-839b-60e510b6bb68:192.168.36.99:44647], old=null
2019-09-20 10:25:26,971 [e29464ab-17d7-4a4e-ab54-c178fccc723c:group-487D388BDFAD:LeaderElection137] INFO  impl.LeaderElection (LeaderElection.java:askForVotes(181)) - e29464ab-17d7-4a4e-ab54-c178fccc723c:group-487D388BDFAD:LeaderElection137: begin an election at term 1 for -1: [e29464ab-17d7-4a4e-ab54-c178fccc723c:192.168.36.99:36623], old=null
2019-09-20 10:25:26,969 [Thread-1755] WARN  util.JavaUtils (JavaUtils.java:sleep(250)) - Unexpected long sleep: sleep(5160ms) actually took 5514ms which is over the threshold 300ms
2019-09-20 10:25:26,969 [Thread-1758] INFO  impl.FollowerState (FollowerState.java:run(106)) - 075fa85b-703c-4900-807d-88f08b36438a:group-C6760B479523 changes to CANDIDATE, lastRpcTime:5447, electionTimeout:5182ms
2019-09-20 10:25:26,969 [Thread-1764] INFO  impl.FollowerState (FollowerState.java:run(106)) - 075fa85b-703c-4900-807d-88f08b36438a:group-91196F455865 changes to CANDIDATE, lastRpcTime:5296, electionTimeout:5062ms
2019-09-20 10:25:26,969 [Thread-1761] INFO  impl.FollowerState (FollowerState.java:run(106)) - 075fa85b-703c-4900-807d-88f08b36438a:group-D8127BE90FD8 changes to CANDIDATE, lastRpcTime:5363, electionTimeout:5186ms
2019-09-20 10:25:26,969 [Thread-1767] INFO  impl.FollowerState (FollowerState.java:run(106)) - 075fa85b-703c-4900-807d-88f08b36438a:group-F3EA30D046C0 changes to CANDIDATE, lastRpcTime:5227, electionTimeout:5130ms
2019-09-20 10:25:26,969 [Thread-1770] INFO  impl.FollowerState (FollowerState.java:run(106)) - 7f6418e1-cc7a-441a-8f41-c73576b5a1c5:group-78AA40479DD8 changes to CANDIDATE, lastRpcTime:5152, electionTimeout:5116ms
2019-09-20 10:25:26,969 [Thread-1773] INFO  impl.FollowerState (FollowerState.java:run(106)) - 7f6418e1-cc7a-441a-8f41-c73576b5a1c5:group-E502266162A0 changes to CANDIDATE, lastRpcTime:5076, electionTimeout:5069ms
2019-09-20 10:25:26,502 [99153be1-ba81-4c7b-b6ab-4442760615cb:group-19027D6FD54F:LeaderElection134] INFO  server.RaftServerConfigKeys (ConfUtils.java:logGet(43)) - raft.server.watch.element-limit = 65536 (default)
2019-09-20 10:25:26,502 [99153be1-ba81-4c7b-b6ab-4442760615cb:group-685DC754E815:LeaderElection135] INFO  impl.RaftServerImpl (ServerState.java:setRaftConf(361)) - 99153be1-ba81-4c7b-b6ab-4442760615cb:group-685DC754E815 set configuration 0: [99153be1-ba81-4c7b-b6ab-4442760615cb:192.168.36.99:42693], old=null at 0
2019-09-20 10:25:26,975 [Thread-1773] INFO  impl.RoleInfo (RoleInfo.java:shutdownFollowerState(121)) - 7f6418e1-cc7a-441a-8f41-c73576b5a1c5: shutdown FollowerState
2019-09-20 10:25:26,975 [main] INFO  handler.ContextHandler (ContextHandler.java:doStart(781)) - Started o.e.j.s.ServletContextHandler@56728f48{/logs,file:///workdir/hadoop-ozone/integration-test/target/log,AVAILABLE}
2019-09-20 10:25:26,974 [Thread-1770] INFO  impl.RoleInfo (RoleInfo.java:shutdownFollowerState(121)) - 7f6418e1-cc7a-441a-8f41-c73576b5a1c5: shutdown FollowerState
2019-09-20 10:25:26,974 [Thread-1767] INFO  impl.RoleInfo (RoleInfo.java:shutdownFollowerState(121)) - 075fa85b-703c-4900-807d-88f08b36438a: shutdown FollowerState
2019-09-20 10:25:26,974 [Thread-1761] INFO  impl.RoleInfo (RoleInfo.java:shutdownFollowerState(121)) - 075fa85b-703c-4900-807d-88f08b36438a: shutdown FollowerState
2019-09-20 10:25:26,976 [Thread-1761] INFO  impl.RaftServerImpl (RaftServerImpl.java:setRole(171)) - 075fa85b-703c-4900-807d-88f08b36438a:group-D8127BE90FD8 changes role from FOLLOWER to CANDIDATE at term 0 for changeToCandidate
2019-09-20 10:25:26,974 [Thread-1764] INFO  impl.RoleInfo (RoleInfo.java:shutdownFollowerState(121)) - 075fa85b-703c-4900-807d-88f08b36438a: shutdown FollowerState
2019-09-20 10:25:26,974 [Thread-1758] INFO  impl.RoleInfo (RoleInfo.java:shutdownFollowerState(121)) - 075fa85b-703c-4900-807d-88f08b36438a: shutdown FollowerState
2019-09-20 10:25:26,973 [e29464ab-17d7-4a4e-ab54-c178fccc723c:group-487D388BDFAD:LeaderElection137] INFO  impl.RoleInfo (RoleInfo.java:shutdownLeaderElection(134)) - e29464ab-17d7-4a4e-ab54-c178fccc723c: shutdown LeaderElection
2019-09-20 10:25:26,973 [1bfb6844-04ed-4104-839b-60e510b6bb68:group-6AA3DDC6C181:LeaderElection140] INFO  impl.RoleInfo (RoleInfo.java:shutdownLeaderElection(134)) - 1bfb6844-04ed-4104-839b-60e510b6bb68: shutdown LeaderElection
2019-09-20 10:25:26,976 [1bfb6844-04ed-4104-839b-60e510b6bb68:group-6AA3DDC6C181:LeaderElection140] INFO  impl.RaftServerImpl (RaftServerImpl.java:setRole(171)) - 1bfb6844-04ed-4104-839b-60e510b6bb68:group-6AA3DDC6C181 changes role from CANDIDATE to LEADER at term 1 for changeToLeader
2019-09-20 10:25:26,973 [1bfb6844-04ed-4104-839b-60e510b6bb68:group-F0FD01D7A7AA:LeaderElection141] INFO  impl.RoleInfo (RoleInfo.java:shutdownLeaderElection(134)) - 1bfb6844-04ed-4104-839b-60e510b6bb68: shutdown LeaderElection
2019-09-20 10:25:26,973 [e29464ab-17d7-4a4e-ab54-c178fccc723c:group-A41042AF4D51:LeaderElection138] INFO  impl.RoleInfo (RoleInfo.java:shutdownLeaderElection(134)) - e29464ab-17d7-4a4e-ab54-c178fccc723c: shutdown LeaderElection
2019-09-20 10:25:26,977 [e29464ab-17d7-4a4e-ab54-c178fccc723c:group-A41042AF4D51:LeaderElection138] INFO  impl.RaftServerImpl (RaftServerImpl.java:setRole(171)) - e29464ab-17d7-4a4e-ab54-c178fccc723c:group-A41042AF4D51 changes role from CANDIDATE to LEADER at term 1 for changeToLeader
2019-09-20 10:25:26,977 [e29464ab-17d7-4a4e-ab54-c178fccc723c:group-A41042AF4D51:LeaderElection138] INFO  impl.RaftServerImpl (ServerState.java:setLeader(263)) - e29464ab-17d7-4a4e-ab54-c178fccc723c:group-A41042AF4D51 change Leader from null to e29464ab-17d7-4a4e-ab54-c178fccc723c at term 1 for becomeLeader, leader elected after 6218ms
2019-09-20 10:25:26,973 [e29464ab-17d7-4a4e-ab54-c178fccc723c:group-57ACA9389BDB:LeaderElection139] INFO  impl.RoleInfo (RoleInfo.java:shutdownLeaderElection(134)) - e29464ab-17d7-4a4e-ab54-c178fccc723c: shutdown LeaderElection
2019-09-20 10:25:26,977 [e29464ab-17d7-4a4e-ab54-c178fccc723c:group-A41042AF4D51:LeaderElection138] INFO  server.RaftServerConfigKeys (ConfUtils.java:logGet(43)) - raft.server.staging.catchup.gap = 1000 (default)
2019-09-20 10:25:26,976 [1bfb6844-04ed-4104-839b-60e510b6bb68:group-F0FD01D7A7AA:LeaderElection141] INFO  impl.RaftServerImpl (RaftServerImpl.java:setRole(171)) - 1bfb6844-04ed-4104-839b-60e510b6bb68:group-F0FD01D7A7AA changes role from CANDIDATE to LEADER at term 1 for changeToLeader
2019-09-20 10:25:26,976 [1bfb6844-04ed-4104-839b-60e510b6bb68:group-6AA3DDC6C181:LeaderElection140] INFO  impl.RaftServerImpl (ServerState.java:setLeader(263)) - 1bfb6844-04ed-4104-839b-60e510b6bb68:group-6AA3DDC6C181 change Leader from null to 1bfb6844-04ed-4104-839b-60e510b6bb68 at term 1 for becomeLeader, leader elected after 6015ms
2019-09-20 10:25:26,976 [e29464ab-17d7-4a4e-ab54-c178fccc723c:group-487D388BDFAD:LeaderElection137] INFO  impl.RaftServerImpl (RaftServerImpl.java:setRole(171)) - e29464ab-17d7-4a4e-ab54-c178fccc723c:group-487D388BDFAD changes role from CANDIDATE to LEADER at term 1 for changeToLeader
2019-09-20 10:25:26,978 [e29464ab-17d7-4a4e-ab54-c178fccc723c:group-487D388BDFAD:LeaderElection137] INFO  impl.RaftServerImpl (ServerState.java:setLeader(263)) - e29464ab-17d7-4a4e-ab54-c178fccc723c:group-487D388BDFAD change Leader from null to e29464ab-17d7-4a4e-ab54-c178fccc723c at term 1 for becomeLeader, leader elected after 6092ms
2019-09-20 10:25:26,976 [Thread-1758] INFO  impl.RaftServerImpl (RaftServerImpl.java:setRole(171)) - 075fa85b-703c-4900-807d-88f08b36438a:group-C6760B479523 changes role from FOLLOWER to CANDIDATE at term 0 for changeToCandidate
2019-09-20 10:25:26,976 [Thread-1764] INFO  impl.RaftServerImpl (RaftServerImpl.java:setRole(171)) - 075fa85b-703c-4900-807d-88f08b36438a:group-91196F455865 changes role from FOLLOWER to CANDIDATE at term 0 for changeToCandidate
2019-09-20 10:25:26,976 [Thread-1761] INFO  impl.RoleInfo (RoleInfo.java:updateAndGet(143)) - 075fa85b-703c-4900-807d-88f08b36438a: start LeaderElection
2019-09-20 10:25:26,976 [main] INFO  handler.ContextHandler (ContextHandler.java:doStart(781)) - Started o.e.j.s.ServletContextHandler@fdfd984{/static,file:///workdir/hadoop-ozone/integration-test/target/test-classes/webapps/static,AVAILABLE}
2019-09-20 10:25:26,975 [Thread-1767] INFO  impl.RaftServerImpl (RaftServerImpl.java:setRole(171)) - 075fa85b-703c-4900-807d-88f08b36438a:group-F3EA30D046C0 changes role from FOLLOWER to CANDIDATE at term 0 for changeToCandidate
2019-09-20 10:25:26,975 [Thread-1770] INFO  impl.RaftServerImpl (RaftServerImpl.java:setRole(171)) - 7f6418e1-cc7a-441a-8f41-c73576b5a1c5:group-78AA40479DD8 changes role from FOLLOWER to CANDIDATE at term 0 for changeToCandidate
2019-09-20 10:25:26,975 [Thread-1773] INFO  impl.RaftServerImpl (RaftServerImpl.java:setRole(171)) - 7f6418e1-cc7a-441a-8f41-c73576b5a1c5:group-E502266162A0 changes role from FOLLOWER to CANDIDATE at term 0 for changeToCandidate
2019-09-20 10:25:26,975 [99153be1-ba81-4c7b-b6ab-4442760615cb:group-19027D6FD54F:LeaderElection134] INFO  impl.RoleInfo (RoleInfo.java:updateAndGet(143)) - 99153be1-ba81-4c7b-b6ab-4442760615cb: start LeaderState
2019-09-20 10:25:26,979 [Thread-1773] INFO  impl.RoleInfo (RoleInfo.java:updateAndGet(143)) - 7f6418e1-cc7a-441a-8f41-c73576b5a1c5: start LeaderElection
2019-09-20 10:25:26,979 [Thread-1770] INFO  impl.RoleInfo (RoleInfo.java:updateAndGet(143)) - 7f6418e1-cc7a-441a-8f41-c73576b5a1c5: start LeaderElection
2019-09-20 10:25:26,979 [Thread-1767] INFO  impl.RoleInfo (RoleInfo.java:updateAndGet(143)) - 075fa85b-703c-4900-807d-88f08b36438a: start LeaderElection
2019-09-20 10:25:26,978 [Thread-1764] INFO  impl.RoleInfo (RoleInfo.java:updateAndGet(143)) - 075fa85b-703c-4900-807d-88f08b36438a: start LeaderElection
2019-09-20 10:25:26,978 [Thread-1758] INFO  impl.RoleInfo (RoleInfo.java:updateAndGet(143)) - 075fa85b-703c-4900-807d-88f08b36438a: start LeaderElection
2019-09-20 10:25:26,978 [e29464ab-17d7-4a4e-ab54-c178fccc723c:group-487D388BDFAD:LeaderElection137] INFO  server.RaftServerConfigKeys (ConfUtils.java:logGet(43)) - raft.server.staging.catchup.gap = 1000 (default)
2019-09-20 10:25:26,977 [1bfb6844-04ed-4104-839b-60e510b6bb68:group-6AA3DDC6C181:LeaderElection140] INFO  server.RaftServerConfigKeys (ConfUtils.java:logGet(43)) - raft.server.staging.catchup.gap = 1000 (default)
2019-09-20 10:25:26,977 [1bfb6844-04ed-4104-839b-60e510b6bb68:group-F0FD01D7A7AA:LeaderElection141] INFO  impl.RaftServerImpl (ServerState.java:setLeader(263)) - 1bfb6844-04ed-4104-839b-60e510b6bb68:group-F0FD01D7A7AA change Leader from null to 1bfb6844-04ed-4104-839b-60e510b6bb68 at term 1 for becomeLeader, leader elected after 5948ms
2019-09-20 10:25:26,977 [e29464ab-17d7-4a4e-ab54-c178fccc723c:group-A41042AF4D51:LeaderElection138] INFO  server.RaftServerConfigKeys (ConfUtils.java:logGet(43)) - raft.server.rpc.sleep.time = 25ms (default)
2019-09-20 10:25:26,977 [e29464ab-17d7-4a4e-ab54-c178fccc723c:group-57ACA9389BDB:LeaderElection139] INFO  impl.RaftServerImpl (RaftServerImpl.java:setRole(171)) - e29464ab-17d7-4a4e-ab54-c178fccc723c:group-57ACA9389BDB changes role from CANDIDATE to LEADER at term 1 for changeToLeader
2019-09-20 10:25:26,980 [e29464ab-17d7-4a4e-ab54-c178fccc723c:group-A41042AF4D51:LeaderElection138] INFO  server.RaftServerConfigKeys (ConfUtils.java:logGet(43)) - raft.server.write.element-limit = 4096 (default)
2019-09-20 10:25:26,980 [1bfb6844-04ed-4104-839b-60e510b6bb68:group-F0FD01D7A7AA:LeaderElection141] INFO  server.RaftServerConfigKeys (ConfUtils.java:logGet(43)) - raft.server.staging.catchup.gap = 1000 (default)
2019-09-20 10:25:26,980 [1bfb6844-04ed-4104-839b-60e510b6bb68:group-6AA3DDC6C181:LeaderElection140] INFO  server.RaftServerConfigKeys (ConfUtils.java:logGet(43)) - raft.server.rpc.sleep.time = 25ms (default)
2019-09-20 10:25:26,980 [e29464ab-17d7-4a4e-ab54-c178fccc723c:group-487D388BDFAD:LeaderElection137] INFO  server.RaftServerConfigKeys (ConfUtils.java:logGet(43)) - raft.server.rpc.sleep.time = 25ms (default)
2019-09-20 10:25:26,979 [99153be1-ba81-4c7b-b6ab-4442760615cb:group-19027D6FD54F:LeaderElection134] INFO  segmented.SegmentedRaftLogWorker (SegmentedRaftLogWorker.java:startLogSegment(380)) - 99153be1-ba81-4c7b-b6ab-4442760615cb-SegmentedRaftLogWorker:Storage Directory /workdir/hadoop-ozone/integration-test/target/test-dir/MiniOzoneClusterImpl-280c06ed-bcb5-4979-9226-67616719d9ed/datanode-1/data/ratis/ac254c74-aa75-4afc-9c99-19027d6fd54f: Starting segment from index:0
2019-09-20 10:25:26,981 [e29464ab-17d7-4a4e-ab54-c178fccc723c:group-487D388BDFAD:LeaderElection137] INFO  server.RaftServerConfigKeys (ConfUtils.java:logGet(43)) - raft.server.write.element-limit = 4096 (default)
2019-09-20 10:25:26,981 [1bfb6844-04ed-4104-839b-60e510b6bb68:group-6AA3DDC6C181:LeaderElection140] INFO  server.RaftServerConfigKeys (ConfUtils.java:logGet(43)) - raft.server.write.element-limit = 4096 (default)
2019-09-20 10:25:26,981 [1bfb6844-04ed-4104-839b-60e510b6bb68:group-F0FD01D7A7AA:LeaderElection141] INFO  server.RaftServerConfigKeys (ConfUtils.java:logGet(43)) - raft.server.rpc.sleep.time = 25ms (default)
2019-09-20 10:25:26,982 [99153be1-ba81-4c7b-b6ab-4442760615cb:group-19027D6FD54F:LeaderElection134] INFO  impl.RaftServerImpl (ServerState.java:setRaftConf(361)) - 99153be1-ba81-4c7b-b6ab-4442760615cb:group-19027D6FD54F set configuration 0: [99153be1-ba81-4c7b-b6ab-4442760615cb:192.168.36.99:42693], old=null at 0
2019-09-20 10:25:26,981 [e29464ab-17d7-4a4e-ab54-c178fccc723c:group-A41042AF4D51:LeaderElection138] INFO  server.RaftServerConfigKeys (ConfUtils.java:logGet(43)) - raft.server.watch.timeout = 10s (default)
2019-09-20 10:25:26,981 [e29464ab-17d7-4a4e-ab54-c178fccc723c:group-57ACA9389BDB:LeaderElection139] INFO  impl.RaftServerImpl (ServerState.java:setLeader(263)) - e29464ab-17d7-4a4e-ab54-c178fccc723c:group-57ACA9389BDB change Leader from null to e29464ab-17d7-4a4e-ab54-c178fccc723c at term 1 for becomeLeader, leader elected after 6163ms
2019-09-20 10:25:26,982 [e29464ab-17d7-4a4e-ab54-c178fccc723c:group-A41042AF4D51:LeaderElection138] INFO  server.RaftServerConfigKeys (ConfUtils.java:logGet(43)) - raft.server.watch.timeout.denomination = 1s (default)
2019-09-20 10:25:26,982 [1bfb6844-04ed-4104-839b-60e510b6bb68:group-F0FD01D7A7AA:LeaderElection141] INFO  server.RaftServerConfigKeys (ConfUtils.java:logGet(43)) - raft.server.write.element-limit = 4096 (default)
2019-09-20 10:25:26,982 [1bfb6844-04ed-4104-839b-60e510b6bb68:group-6AA3DDC6C181:LeaderElection140] INFO  server.RaftServerConfigKeys (ConfUtils.java:logGet(43)) - raft.server.watch.timeout = 10s (default)
2019-09-20 10:25:26,982 [e29464ab-17d7-4a4e-ab54-c178fccc723c:group-487D388BDFAD:LeaderElection137] INFO  server.RaftServerConfigKeys (ConfUtils.java:logGet(43)) - raft.server.watch.timeout = 10s (default)
2019-09-20 10:25:26,983 [1bfb6844-04ed-4104-839b-60e510b6bb68:group-6AA3DDC6C181:LeaderElection140] INFO  server.RaftServerConfigKeys (ConfUtils.java:logGet(43)) - raft.server.watch.timeout.denomination = 1s (default)
2019-09-20 10:25:26,983 [main] INFO  handler.ContextHandler (ContextHandler.java:doStart(781)) - Started o.e.j.w.WebAppContext@65013d71{/,file:///workdir/hadoop-ozone/integration-test/target/test-classes/webapps/ozoneManager/,AVAILABLE}{/ozoneManager}
2019-09-20 10:25:26,983 [1bfb6844-04ed-4104-839b-60e510b6bb68:group-F0FD01D7A7AA:LeaderElection141] INFO  server.RaftServerConfigKeys (ConfUtils.java:logGet(43)) - raft.server.watch.timeout = 10s (default)
2019-09-20 10:25:26,983 [e29464ab-17d7-4a4e-ab54-c178fccc723c:group-A41042AF4D51:LeaderElection138] INFO  server.RaftServerConfigKeys (ConfUtils.java:logGet(43)) - raft.server.watch.element-limit = 65536 (default)
2019-09-20 10:25:26,982 [e29464ab-17d7-4a4e-ab54-c178fccc723c:group-57ACA9389BDB:LeaderElection139] INFO  server.RaftServerConfigKeys (ConfUtils.java:logGet(43)) - raft.server.staging.catchup.gap = 1000 (default)
2019-09-20 10:25:27,343 [e29464ab-17d7-4a4e-ab54-c178fccc723c:group-A41042AF4D51:LeaderElection138] INFO  impl.RoleInfo (RoleInfo.java:updateAndGet(143)) - e29464ab-17d7-4a4e-ab54-c178fccc723c: start LeaderState
2019-09-20 10:25:26,983 [main] INFO  server.AbstractConnector (AbstractConnector.java:doStart(278)) - Started ServerConnector@30a99b85{HTTP/1.1,[http/1.1]}{0.0.0.0:38979}
2019-09-20 10:25:26,983 [1bfb6844-04ed-4104-839b-60e510b6bb68:group-F0FD01D7A7AA:LeaderElection141] INFO  server.RaftServerConfigKeys (ConfUtils.java:logGet(43)) - raft.server.watch.timeout.denomination = 1s (default)
2019-09-20 10:25:26,983 [1bfb6844-04ed-4104-839b-60e510b6bb68:group-6AA3DDC6C181:LeaderElection140] INFO  server.RaftServerConfigKeys (ConfUtils.java:logGet(43)) - raft.server.watch.element-limit = 65536 (default)
2019-09-20 10:25:26,983 [e29464ab-17d7-4a4e-ab54-c178fccc723c:group-487D388BDFAD:LeaderElection137] INFO  server.RaftServerConfigKeys (ConfUtils.java:logGet(43)) - raft.server.watch.timeout.denomination = 1s (default)
2019-09-20 10:25:27,345 [Thread-1788] INFO  impl.FollowerState (FollowerState.java:run(106)) - ece458fc-6687-4915-9be7-f98d86977b7d:group-AD8E4000A9B3 changes to CANDIDATE, lastRpcTime:5115, electionTimeout:5045ms
2019-09-20 10:25:27,345 [Thread-1779] INFO  impl.FollowerState (FollowerState.java:run(106)) - 7f6418e1-cc7a-441a-8f41-c73576b5a1c5:group-011E1CC6F6B5 changes to CANDIDATE, lastRpcTime:5306, electionTimeout:5117ms
2019-09-20 10:25:27,345 [Thread-1776] INFO  impl.FollowerState (FollowerState.java:run(106)) - 7f6418e1-cc7a-441a-8f41-c73576b5a1c5:group-1A1FC4652671 changes to CANDIDATE, lastRpcTime:5369, electionTimeout:5186ms
2019-09-20 10:25:27,345 [1bfb6844-04ed-4104-839b-60e510b6bb68:group-6AA3DDC6C181:LeaderElection140] INFO  impl.RoleInfo (RoleInfo.java:updateAndGet(143)) - 1bfb6844-04ed-4104-839b-60e510b6bb68: start LeaderState
2019-09-20 10:25:27,345 [e29464ab-17d7-4a4e-ab54-c178fccc723c:group-487D388BDFAD:LeaderElection137] INFO  server.RaftServerConfigKeys (ConfUtils.java:logGet(43)) - raft.server.watch.element-limit = 65536 (default)
2019-09-20 10:25:27,345 [Thread-1782] INFO  impl.FollowerState (FollowerState.java:run(106)) - 7f6418e1-cc7a-441a-8f41-c73576b5a1c5:group-E5BFBB287E2C changes to CANDIDATE, lastRpcTime:5242, electionTimeout:5180ms
2019-09-20 10:25:27,345 [1bfb6844-04ed-4104-839b-60e510b6bb68:group-F0FD01D7A7AA:LeaderElection141] INFO  server.RaftServerConfigKeys (ConfUtils.java:logGet(43)) - raft.server.watch.element-limit = 65536 (default)
2019-09-20 10:25:27,345 [main] INFO  server.Server (Server.java:doStart(419)) - Started @88713ms
2019-09-20 10:25:27,344 [e29464ab-17d7-4a4e-ab54-c178fccc723c:group-A41042AF4D51:LeaderElection138] INFO  segmented.SegmentedRaftLogWorker (SegmentedRaftLogWorker.java:startLogSegment(380)) - e29464ab-17d7-4a4e-ab54-c178fccc723c-SegmentedRaftLogWorker:Storage Directory /workdir/hadoop-ozone/integration-test/target/test-dir/MiniOzoneClusterImpl-280c06ed-bcb5-4979-9226-67616719d9ed/datanode-2/data/ratis/0c8d45d9-620a-4b74-93e7-a41042af4d51: Starting segment from index:0
2019-09-20 10:25:27,346 | INFO  | SCMAudit | user=jenkins1000 | ip=192.168.36.99 | op=SEND_HEARTBEAT {datanodeUUID=7f6418e1-cc7a-441a-8f41-c73576b5a1c5, command=[]} | ret=SUCCESS |  
2019-09-20 10:25:27,344 [e29464ab-17d7-4a4e-ab54-c178fccc723c:group-57ACA9389BDB:LeaderElection139] INFO  server.RaftServerConfigKeys (ConfUtils.java:logGet(43)) - raft.server.rpc.sleep.time = 25ms (default)
2019-09-20 10:25:27,344 [Thread-1785] INFO  impl.FollowerState (FollowerState.java:run(106)) - 7f6418e1-cc7a-441a-8f41-c73576b5a1c5:group-0F27DB31D2D6 changes to CANDIDATE, lastRpcTime:5189, electionTimeout:5147ms
2019-09-20 10:25:27,696 | INFO  | SCMAudit | user=jenkins1000 | ip=192.168.36.99 | op=SEND_HEARTBEAT {datanodeUUID=1ab786b9-c79c-4265-88a1-5b3344c6beda, command=[]} | ret=SUCCESS |  
2019-09-20 10:25:27,696 | INFO  | SCMAudit | user=jenkins1000 | ip=192.168.36.99 | op=SEND_HEARTBEAT {datanodeUUID=3d6f3241-e73c-473a-ad0b-c7be2f7e1dda, command=[]} | ret=SUCCESS |  
2019-09-20 10:25:27,696 | INFO  | SCMAudit | user=jenkins1000 | ip=192.168.36.99 | op=SEND_HEARTBEAT {datanodeUUID=4d972e91-cb6b-45de-8bd2-c18af7abe58b, command=[]} | ret=SUCCESS |  
2019-09-20 10:25:27,697 | INFO  | SCMAudit | user=jenkins1000 | ip=192.168.36.99 | op=SEND_HEARTBEAT {datanodeUUID=e29464ab-17d7-4a4e-ab54-c178fccc723c, command=[]} | ret=SUCCESS |  
2019-09-20 10:25:27,696 | INFO  | SCMAudit | user=jenkins1000 | ip=192.168.36.99 | op=SEND_HEARTBEAT {datanodeUUID=61649f92-8c0f-475a-818d-1064548aeef6, command=[]} | ret=SUCCESS |  
2019-09-20 10:25:27,696 | INFO  | SCMAudit | user=jenkins1000 | ip=192.168.36.99 | op=SEND_HEARTBEAT {datanodeUUID=b5962e8e-c9f1-48aa-8eb4-d8f74b8afdbe, command=[]} | ret=SUCCESS |  
2019-09-20 10:25:27,696 | INFO  | SCMAudit | user=jenkins1000 | ip=192.168.36.99 | op=SEND_HEARTBEAT {datanodeUUID=468be06f-55e9-4831-ba6b-3db017451a79, command=[]} | ret=SUCCESS |  
2019-09-20 10:25:27,696 | INFO  | SCMAudit | user=jenkins1000 | ip=192.168.36.99 | op=SEND_HEARTBEAT {datanodeUUID=bb8f5112-316d-4974-a5a6-f698f3fbb5be, command=[]} | ret=SUCCESS |  
2019-09-20 10:25:27,698 [e29464ab-17d7-4a4e-ab54-c178fccc723c:group-A41042AF4D51:LeaderElection138] INFO  impl.RaftServerImpl (ServerState.java:setRaftConf(361)) - e29464ab-17d7-4a4e-ab54-c178fccc723c:group-A41042AF4D51 set configuration 0: [e29464ab-17d7-4a4e-ab54-c178fccc723c:192.168.36.99:36623], old=null at 0
2019-09-20 10:25:27,696 | INFO  | SCMAudit | user=jenkins1000 | ip=192.168.36.99 | op=SEND_HEARTBEAT {datanodeUUID=54207fe5-d92c-4c2e-b058-fbae630dabef, command=[]} | ret=SUCCESS |  
2019-09-20 10:25:27,696 | INFO  | SCMAudit | user=jenkins1000 | ip=192.168.36.99 | op=SEND_HEARTBEAT {datanodeUUID=e8013689-2f13-4aaf-8a03-99f419c430ec, command=[]} | ret=SUCCESS |  
2019-09-20 10:25:27,696 | INFO  | SCMAudit | user=jenkins1000 | ip=192.168.36.99 | op=SEND_HEARTBEAT {datanodeUUID=9e03ffa9-cf79-407a-a150-4c035e5aec5e, command=[]} | ret=SUCCESS |  
2019-09-20 10:25:27,698 [075fa85b-703c-4900-807d-88f08b36438a:group-F3EA30D046C0:LeaderElection149] INFO  impl.LeaderElection (LeaderElection.java:askForVotes(181)) - 075fa85b-703c-4900-807d-88f08b36438a:group-F3EA30D046C0:LeaderElection149: begin an election at term 1 for -1: [075fa85b-703c-4900-807d-88f08b36438a:192.168.36.99:38301], old=null
2019-09-20 10:25:27,696 | INFO  | SCMAudit | user=jenkins1000 | ip=192.168.36.99 | op=SEND_HEARTBEAT {datanodeUUID=d2ed2d9b-7ac7-460e-84f6-6d9d6066f76d, command=[]} | ret=SUCCESS |  
2019-09-20 10:25:27,696 | INFO  | SCMAudit | user=jenkins1000 | ip=192.168.36.99 | op=SEND_HEARTBEAT {datanodeUUID=19fb8383-7c99-4449-b95c-a26e71717844, command=[]} | ret=SUCCESS |  
2019-09-20 10:25:27,696 | INFO  | SCMAudit | user=jenkins1000 | ip=192.168.36.99 | op=SEND_HEARTBEAT {datanodeUUID=cff8bf6b-8d20-4327-9f29-08a3c2b49247, command=[]} | ret=SUCCESS |  
2019-09-20 10:25:27,698 [075fa85b-703c-4900-807d-88f08b36438a:group-91196F455865:LeaderElection148] INFO  impl.LeaderElection (LeaderElection.java:askForVotes(181)) - 075fa85b-703c-4900-807d-88f08b36438a:group-91196F455865:LeaderElection148: begin an election at term 1 for -1: [075fa85b-703c-4900-807d-88f08b36438a:192.168.36.99:38301], old=null
2019-09-20 10:25:27,696 | INFO  | SCMAudit | user=jenkins1000 | ip=192.168.36.99 | op=SEND_HEARTBEAT {datanodeUUID=136f1953-bb94-4097-a2d4-422a6782bee0, command=[]} | ret=SUCCESS |  
2019-09-20 10:25:27,696 | INFO  | SCMAudit | user=jenkins1000 | ip=192.168.36.99 | op=SEND_HEARTBEAT {datanodeUUID=60260ec1-e192-4b95-89c8-d924d16a77a9, command=[]} | ret=SUCCESS |  
2019-09-20 10:25:27,696 | INFO  | SCMAudit | user=jenkins1000 | ip=192.168.36.99 | op=SEND_HEARTBEAT {datanodeUUID=99e70dd4-d763-4473-944c-c5628506dcf8, command=[]} | ret=SUCCESS |  
2019-09-20 10:25:27,698 [075fa85b-703c-4900-807d-88f08b36438a:group-D8127BE90FD8:LeaderElection146] INFO  impl.LeaderElection (LeaderElection.java:askForVotes(181)) - 075fa85b-703c-4900-807d-88f08b36438a:group-D8127BE90FD8:LeaderElection146: begin an election at term 1 for -1: [075fa85b-703c-4900-807d-88f08b36438a:192.168.36.99:38301], old=null
2019-09-20 10:25:27,696 | INFO  | SCMAudit | user=jenkins1000 | ip=192.168.36.99 | op=SEND_HEARTBEAT {datanodeUUID=6491c372-a595-4104-b3e9-c4f3293baafa, command=[]} | ret=SUCCESS |  
2019-09-20 10:25:27,696 | INFO  | SCMAudit | user=jenkins1000 | ip=192.168.36.99 | op=SEND_HEARTBEAT {datanodeUUID=99153be1-ba81-4c7b-b6ab-4442760615cb, command=[]} | ret=SUCCESS |  
2019-09-20 10:25:27,698 [075fa85b-703c-4900-807d-88f08b36438a:group-C6760B479523:LeaderElection147] INFO  impl.LeaderElection (LeaderElection.java:askForVotes(181)) - 075fa85b-703c-4900-807d-88f08b36438a:group-C6760B479523:LeaderElection147: begin an election at term 1 for -1: [075fa85b-703c-4900-807d-88f08b36438a:192.168.36.99:38301], old=null
2019-09-20 10:25:27,696 | INFO  | SCMAudit | user=jenkins1000 | ip=192.168.36.99 | op=SEND_HEARTBEAT {datanodeUUID=075fa85b-703c-4900-807d-88f08b36438a, command=[]} | ret=SUCCESS |  
2019-09-20 10:25:27,696 | INFO  | SCMAudit | user=jenkins1000 | ip=192.168.36.99 | op=SEND_HEARTBEAT {datanodeUUID=ece458fc-6687-4915-9be7-f98d86977b7d, command=[]} | ret=SUCCESS |  
2019-09-20 10:25:27,698 [7f6418e1-cc7a-441a-8f41-c73576b5a1c5:group-E502266162A0:LeaderElection151] INFO  impl.LeaderElection (LeaderElection.java:askForVotes(181)) - 7f6418e1-cc7a-441a-8f41-c73576b5a1c5:group-E502266162A0:LeaderElection151: begin an election at term 1 for -1: [7f6418e1-cc7a-441a-8f41-c73576b5a1c5:192.168.36.99:40506], old=null
2019-09-20 10:25:27,696 | INFO  | SCMAudit | user=jenkins1000 | ip=192.168.36.99 | op=SEND_HEARTBEAT {datanodeUUID=7af711bd-b5ae-4a73-a8be-b970cae6c2d1, command=[]} | ret=SUCCESS |  
2019-09-20 10:25:27,696 | INFO  | SCMAudit | user=jenkins1000 | ip=192.168.36.99 | op=SEND_HEARTBEAT {datanodeUUID=fac63c4b-287e-453e-9ac7-8c8c283fdab7, command=[]} | ret=SUCCESS |  
2019-09-20 10:25:27,696 | INFO  | SCMAudit | user=jenkins1000 | ip=192.168.36.99 | op=SEND_HEARTBEAT {datanodeUUID=66416d0b-a71c-4af1-ae3a-62ca63b880a3, command=[]} | ret=SUCCESS |  
2019-09-20 10:25:27,698 [Thread-1791] WARN  util.JavaUtils (JavaUtils.java:sleep(250)) - Unexpected long sleep: sleep(5041ms) actually took 5388ms which is over the threshold 300ms
2019-09-20 10:25:27,696 | INFO  | SCMAudit | user=jenkins1000 | ip=192.168.36.99 | op=SEND_HEARTBEAT {datanodeUUID=17e2ba94-38a1-40e7-84e0-f6802901db84, command=[]} | ret=SUCCESS |  
2019-09-20 10:25:27,696 | INFO  | SCMAudit | user=jenkins1000 | ip=192.168.36.99 | op=SEND_HEARTBEAT {datanodeUUID=1bfb6844-04ed-4104-839b-60e510b6bb68, command=[]} | ret=SUCCESS |  
2019-09-20 10:25:27,698 [7f6418e1-cc7a-441a-8f41-c73576b5a1c5:group-78AA40479DD8:LeaderElection150] INFO  impl.LeaderElection (LeaderElection.java:askForVotes(181)) - 7f6418e1-cc7a-441a-8f41-c73576b5a1c5:group-78AA40479DD8:LeaderElection150: begin an election at term 1 for -1: [7f6418e1-cc7a-441a-8f41-c73576b5a1c5:192.168.36.99:40506], old=null
2019-09-20 10:25:27,696 | INFO  | SCMAudit | user=jenkins1000 | ip=192.168.36.99 | op=SEND_HEARTBEAT {datanodeUUID=c3e532f8-1a8e-44f3-b56b-d765aee893af, command=[]} | ret=SUCCESS |  
2019-09-20 10:25:27,347 [e29464ab-17d7-4a4e-ab54-c178fccc723c:group-57ACA9389BDB:LeaderElection139] INFO  server.RaftServerConfigKeys (ConfUtils.java:logGet(43)) - raft.server.write.element-limit = 4096 (default)
2019-09-20 10:25:27,697 [Thread-1794] INFO  impl.FollowerState (FollowerState.java:run(106)) - ece458fc-6687-4915-9be7-f98d86977b7d:group-253EBBA5E522 changes to CANDIDATE, lastRpcTime:5300, electionTimeout:5023ms
2019-09-20 10:25:27,692 [Thread-1804] INFO  impl.FollowerState (FollowerState.java:run(106)) - ece458fc-6687-4915-9be7-f98d86977b7d:group-CE7DA6203BE1 changes to CANDIDATE, lastRpcTime:5083, electionTimeout:5083ms
2019-09-20 10:25:27,684 [Thread-1801] INFO  impl.FollowerState (FollowerState.java:run(106)) - ece458fc-6687-4915-9be7-f98d86977b7d:group-3251D984BB60 changes to CANDIDATE, lastRpcTime:5126, electionTimeout:5019ms
2019-09-20 10:25:27,684 [Thread-1798] INFO  impl.FollowerState (FollowerState.java:run(106)) - ece458fc-6687-4915-9be7-f98d86977b7d:group-12B45CD6ECF8 changes to CANDIDATE, lastRpcTime:5194, electionTimeout:5192ms
2019-09-20 10:25:27,346 [1bfb6844-04ed-4104-839b-60e510b6bb68:group-F0FD01D7A7AA:LeaderElection141] INFO  impl.RoleInfo (RoleInfo.java:updateAndGet(143)) - 1bfb6844-04ed-4104-839b-60e510b6bb68: start LeaderState
2019-09-20 10:25:27,346 [1bfb6844-04ed-4104-839b-60e510b6bb68:group-127086B3354F:LeaderElection144] INFO  impl.LeaderElection (LeaderElection.java:askForVotes(181)) - 1bfb6844-04ed-4104-839b-60e510b6bb68:group-127086B3354F:LeaderElection144: begin an election at term 1 for -1: [1bfb6844-04ed-4104-839b-60e510b6bb68:192.168.36.99:44647], old=null
2019-09-20 10:25:27,346 [075fa85b-703c-4900-807d-88f08b36438a:group-B0B958123A92:LeaderElection142] INFO  impl.LeaderElection (LeaderElection.java:askForVotes(181)) - 075fa85b-703c-4900-807d-88f08b36438a:group-B0B958123A92:LeaderElection142: begin an election at term 1 for -1: [075fa85b-703c-4900-807d-88f08b36438a:192.168.36.99:38301], old=null
2019-09-20 10:25:27,346 [Thread-1782] INFO  impl.RoleInfo (RoleInfo.java:shutdownFollowerState(121)) - 7f6418e1-cc7a-441a-8f41-c73576b5a1c5: shutdown FollowerState
2019-09-20 10:25:27,346 [e29464ab-17d7-4a4e-ab54-c178fccc723c:group-487D388BDFAD:LeaderElection137] INFO  impl.RoleInfo (RoleInfo.java:updateAndGet(143)) - e29464ab-17d7-4a4e-ab54-c178fccc723c: start LeaderState
2019-09-20 10:25:26,995 [1bfb6844-04ed-4104-839b-60e510b6bb68:group-55F61A620423:LeaderElection145] INFO  impl.LeaderElection (LeaderElection.java:askForVotes(181)) - 1bfb6844-04ed-4104-839b-60e510b6bb68:group-55F61A620423:LeaderElection145: begin an election at term 1 for -1: [1bfb6844-04ed-4104-839b-60e510b6bb68:192.168.36.99:44647], old=null
2019-09-20 10:25:26,996 [1bfb6844-04ed-4104-839b-60e510b6bb68:group-9C7B24CF797E:LeaderElection143] INFO  impl.LeaderElection (LeaderElection.java:askForVotes(181)) - 1bfb6844-04ed-4104-839b-60e510b6bb68:group-9C7B24CF797E:LeaderElection143: begin an election at term 1 for -1: [1bfb6844-04ed-4104-839b-60e510b6bb68:192.168.36.99:44647], old=null
2019-09-20 10:25:27,346 [1bfb6844-04ed-4104-839b-60e510b6bb68:group-6AA3DDC6C181:LeaderElection140] INFO  segmented.SegmentedRaftLogWorker (SegmentedRaftLogWorker.java:startLogSegment(380)) - 1bfb6844-04ed-4104-839b-60e510b6bb68-SegmentedRaftLogWorker:Storage Directory /workdir/hadoop-ozone/integration-test/target/test-dir/MiniOzoneClusterImpl-280c06ed-bcb5-4979-9226-67616719d9ed/datanode-3/data/ratis/cf0edf38-4f7d-443f-a3f6-6aa3ddc6c181: Starting segment from index:0
2019-09-20 10:25:27,345 [Thread-1776] INFO  impl.RoleInfo (RoleInfo.java:shutdownFollowerState(121)) - 7f6418e1-cc7a-441a-8f41-c73576b5a1c5: shutdown FollowerState
2019-09-20 10:25:27,345 [Thread-1779] INFO  impl.RoleInfo (RoleInfo.java:shutdownFollowerState(121)) - 7f6418e1-cc7a-441a-8f41-c73576b5a1c5: shutdown FollowerState
2019-09-20 10:25:27,701 [Thread-1779] INFO  impl.RaftServerImpl (RaftServerImpl.java:setRole(171)) - 7f6418e1-cc7a-441a-8f41-c73576b5a1c5:group-011E1CC6F6B5 changes role from FOLLOWER to CANDIDATE at term 0 for changeToCandidate
2019-09-20 10:25:27,345 [fac63c4b-287e-453e-9ac7-8c8c283fdab7-SegmentedRaftLogWorker:Storage Directory /workdir/hadoop-ozone/integration-test/target/test-dir/MiniOzoneClusterImpl-280c06ed-bcb5-4979-9226-67616719d9ed/datanode-0/data/ratis/ecd7b46d-b01b-4d07-8997-23c9435a8786] ERROR segmented.SegmentedRaftLogWorker (SegmentedRaftLogWorker.java:run(323)) - fac63c4b-287e-453e-9ac7-8c8c283fdab7-SegmentedRaftLogWorker:Storage Directory /workdir/hadoop-ozone/integration-test/target/test-dir/MiniOzoneClusterImpl-280c06ed-bcb5-4979-9226-67616719d9ed/datanode-0/data/ratis/ecd7b46d-b01b-4d07-8997-23c9435a8786 hit exception
java.lang.OutOfMemoryError: Direct buffer memory
	at java.nio.Bits.reserveMemory(Bits.java:666)
	at java.nio.DirectByteBuffer.<init>(DirectByteBuffer.java:123)
	at java.nio.ByteBuffer.allocateDirect(ByteBuffer.java:311)
	at org.apache.ratis.server.raftlog.segmented.BufferedWriteChannel.<init>(BufferedWriteChannel.java:41)
	at org.apache.ratis.server.raftlog.segmented.SegmentedRaftLogOutputStream.<init>(SegmentedRaftLogOutputStream.java:72)
	at org.apache.ratis.server.raftlog.segmented.SegmentedRaftLogWorker$StartLogSegment.execute(SegmentedRaftLogWorker.java:566)
	at org.apache.ratis.server.raftlog.segmented.SegmentedRaftLogWorker.run(SegmentedRaftLogWorker.java:289)
	at java.lang.Thread.run(Thread.java:748)
2019-09-20 10:25:27,345 [Thread-1788] INFO  impl.RoleInfo (RoleInfo.java:shutdownFollowerState(121)) - ece458fc-6687-4915-9be7-f98d86977b7d: shutdown FollowerState
2019-09-20 10:25:28,108 [fac63c4b-287e-453e-9ac7-8c8c283fdab7-SegmentedRaftLogWorker:Storage Directory /workdir/hadoop-ozone/integration-test/target/test-dir/MiniOzoneClusterImpl-280c06ed-bcb5-4979-9226-67616719d9ed/datanode-0/data/ratis/ecd7b46d-b01b-4d07-8997-23c9435a8786] INFO  impl.RaftServerImpl (RaftServerImpl.java:lambda$shutdown$3(245)) - fac63c4b-287e-453e-9ac7-8c8c283fdab7: shutdown group-23C9435A8786
2019-09-20 10:25:27,701 [Thread-1779] INFO  impl.RoleInfo (RoleInfo.java:updateAndGet(143)) - 7f6418e1-cc7a-441a-8f41-c73576b5a1c5: start LeaderElection
2019-09-20 10:25:27,701 [1bfb6844-04ed-4104-839b-60e510b6bb68:group-6AA3DDC6C181:LeaderElection140] INFO  impl.RaftServerImpl (ServerState.java:setRaftConf(361)) - 1bfb6844-04ed-4104-839b-60e510b6bb68:group-6AA3DDC6C181 set configuration 0: [1bfb6844-04ed-4104-839b-60e510b6bb68:192.168.36.99:44647], old=null at 0
2019-09-20 10:25:27,701 [Thread-1776] INFO  impl.RaftServerImpl (RaftServerImpl.java:setRole(171)) - 7f6418e1-cc7a-441a-8f41-c73576b5a1c5:group-1A1FC4652671 changes role from FOLLOWER to CANDIDATE at term 0 for changeToCandidate
2019-09-20 10:25:27,700 [1bfb6844-04ed-4104-839b-60e510b6bb68:group-9C7B24CF797E:LeaderElection143] INFO  impl.RoleInfo (RoleInfo.java:shutdownLeaderElection(134)) - 1bfb6844-04ed-4104-839b-60e510b6bb68: shutdown LeaderElection
2019-09-20 10:25:28,109 [1bfb6844-04ed-4104-839b-60e510b6bb68:group-9C7B24CF797E:LeaderElection143] INFO  impl.RaftServerImpl (RaftServerImpl.java:setRole(171)) - 1bfb6844-04ed-4104-839b-60e510b6bb68:group-9C7B24CF797E changes role from CANDIDATE to LEADER at term 1 for changeToLeader
2019-09-20 10:25:27,700 [1bfb6844-04ed-4104-839b-60e510b6bb68:group-55F61A620423:LeaderElection145] INFO  impl.RoleInfo (RoleInfo.java:shutdownLeaderElection(134)) - 1bfb6844-04ed-4104-839b-60e510b6bb68: shutdown LeaderElection
2019-09-20 10:25:27,700 [e29464ab-17d7-4a4e-ab54-c178fccc723c:group-487D388BDFAD:LeaderElection137] INFO  segmented.SegmentedRaftLogWorker (SegmentedRaftLogWorker.java:startLogSegment(380)) - e29464ab-17d7-4a4e-ab54-c178fccc723c-SegmentedRaftLogWorker:Storage Directory /workdir/hadoop-ozone/integration-test/target/test-dir/MiniOzoneClusterImpl-280c06ed-bcb5-4979-9226-67616719d9ed/datanode-2/data/ratis/7496f4b4-b2c4-4381-83be-487d388bdfad: Starting segment from index:0
2019-09-20 10:25:27,700 [Thread-1782] INFO  impl.RaftServerImpl (RaftServerImpl.java:setRole(171)) - 7f6418e1-cc7a-441a-8f41-c73576b5a1c5:group-E5BFBB287E2C changes role from FOLLOWER to CANDIDATE at term 0 for changeToCandidate
2019-09-20 10:25:27,700 [075fa85b-703c-4900-807d-88f08b36438a:group-B0B958123A92:LeaderElection142] INFO  impl.RoleInfo (RoleInfo.java:shutdownLeaderElection(134)) - 075fa85b-703c-4900-807d-88f08b36438a: shutdown LeaderElection
2019-09-20 10:25:27,700 [1bfb6844-04ed-4104-839b-60e510b6bb68:group-127086B3354F:LeaderElection144] INFO  impl.RoleInfo (RoleInfo.java:shutdownLeaderElection(134)) - 1bfb6844-04ed-4104-839b-60e510b6bb68: shutdown LeaderElection
2019-09-20 10:25:28,110 [1bfb6844-04ed-4104-839b-60e510b6bb68:group-127086B3354F:LeaderElection144] INFO  impl.RaftServerImpl (RaftServerImpl.java:setRole(171)) - 1bfb6844-04ed-4104-839b-60e510b6bb68:group-127086B3354F changes role from CANDIDATE to LEADER at term 1 for changeToLeader
2019-09-20 10:25:28,488 | INFO  | SCMAudit | user=jenkins1000 | ip=192.168.36.99 | op=SEND_HEARTBEAT {datanodeUUID=7f6418e1-cc7a-441a-8f41-c73576b5a1c5, command=[]} | ret=SUCCESS |  
2019-09-20 10:25:27,700 [1bfb6844-04ed-4104-839b-60e510b6bb68:group-F0FD01D7A7AA:LeaderElection141] INFO  segmented.SegmentedRaftLogWorker (SegmentedRaftLogWorker.java:startLogSegment(380)) - 1bfb6844-04ed-4104-839b-60e510b6bb68-SegmentedRaftLogWorker:Storage Directory /workdir/hadoop-ozone/integration-test/target/test-dir/MiniOzoneClusterImpl-280c06ed-bcb5-4979-9226-67616719d9ed/datanode-3/data/ratis/cb47917b-0b43-40d6-b53f-f0fd01d7a7aa: Starting segment from index:0
2019-09-20 10:25:27,700 [Thread-1798] INFO  impl.RoleInfo (RoleInfo.java:shutdownFollowerState(121)) - ece458fc-6687-4915-9be7-f98d86977b7d: shutdown FollowerState
2019-09-20 10:25:28,489 [Thread-1798] INFO  impl.RaftServerImpl (RaftServerImpl.java:setRole(171)) - ece458fc-6687-4915-9be7-f98d86977b7d:group-12B45CD6ECF8 changes role from FOLLOWER to CANDIDATE at term 0 for changeToCandidate
2019-09-20 10:25:27,700 [Thread-1801] INFO  impl.RoleInfo (RoleInfo.java:shutdownFollowerState(121)) - ece458fc-6687-4915-9be7-f98d86977b7d: shutdown FollowerState
2019-09-20 10:25:28,853 | INFO  | SCMAudit | user=jenkins1000 | ip=192.168.36.99 | op=SEND_HEARTBEAT {datanodeUUID=bb8f5112-316d-4974-a5a6-f698f3fbb5be, command=[]} | ret=SUCCESS |  
2019-09-20 10:25:28,853 | INFO  | SCMAudit | user=jenkins1000 | ip=192.168.36.99 | op=SEND_HEARTBEAT {datanodeUUID=9e03ffa9-cf79-407a-a150-4c035e5aec5e, command=[]} | ret=SUCCESS |  
2019-09-20 10:25:28,853 | INFO  | SCMAudit | user=jenkins1000 | ip=192.168.36.99 | op=SEND_HEARTBEAT {datanodeUUID=61649f92-8c0f-475a-818d-1064548aeef6, command=[]} | ret=SUCCESS |  
2019-09-20 10:25:28,853 | INFO  | SCMAudit | user=jenkins1000 | ip=192.168.36.99 | op=SEND_HEARTBEAT {datanodeUUID=e8013689-2f13-4aaf-8a03-99f419c430ec, command=[]} | ret=SUCCESS |  
2019-09-20 10:25:28,853 | INFO  | SCMAudit | user=jenkins1000 | ip=192.168.36.99 | op=SEND_HEARTBEAT {datanodeUUID=54207fe5-d92c-4c2e-b058-fbae630dabef, command=[]} | ret=SUCCESS |  
2019-09-20 10:25:28,853 | INFO  | SCMAudit | user=jenkins1000 | ip=192.168.36.99 | op=SEND_HEARTBEAT {datanodeUUID=b5962e8e-c9f1-48aa-8eb4-d8f74b8afdbe, command=[]} | ret=SUCCESS |  
2019-09-20 10:25:28,853 | INFO  | SCMAudit | user=jenkins1000 | ip=192.168.36.99 | op=SEND_HEARTBEAT {datanodeUUID=468be06f-55e9-4831-ba6b-3db017451a79, command=[]} | ret=SUCCESS |  
2019-09-20 10:25:28,853 | INFO  | SCMAudit | user=jenkins1000 | ip=192.168.36.99 | op=SEND_HEARTBEAT {datanodeUUID=d2ed2d9b-7ac7-460e-84f6-6d9d6066f76d, command=[]} | ret=SUCCESS |  
2019-09-20 10:25:28,853 | INFO  | SCMAudit | user=jenkins1000 | ip=192.168.36.99 | op=SEND_HEARTBEAT {datanodeUUID=60260ec1-e192-4b95-89c8-d924d16a77a9, command=[]} | ret=SUCCESS |  
2019-09-20 10:25:28,853 | INFO  | SCMAudit | user=jenkins1000 | ip=192.168.36.99 | op=SEND_HEARTBEAT {datanodeUUID=6491c372-a595-4104-b3e9-c4f3293baafa, command=[]} | ret=SUCCESS |  
2019-09-20 10:25:28,853 | INFO  | SCMAudit | user=jenkins1000 | ip=192.168.36.99 | op=SEND_HEARTBEAT {datanodeUUID=19fb8383-7c99-4449-b95c-a26e71717844, command=[]} | ret=SUCCESS |  
2019-09-20 10:25:28,853 | INFO  | SCMAudit | user=jenkins1000 | ip=192.168.36.99 | op=SEND_HEARTBEAT {datanodeUUID=cff8bf6b-8d20-4327-9f29-08a3c2b49247, command=[]} | ret=SUCCESS |  
2019-09-20 10:25:28,853 | INFO  | SCMAudit | user=jenkins1000 | ip=192.168.36.99 | op=SEND_HEARTBEAT {datanodeUUID=136f1953-bb94-4097-a2d4-422a6782bee0, command=[]} | ret=SUCCESS |  
2019-09-20 10:25:28,853 | INFO  | SCMAudit | user=jenkins1000 | ip=192.168.36.99 | op=SEND_HEARTBEAT {datanodeUUID=99e70dd4-d763-4473-944c-c5628506dcf8, command=[]} | ret=SUCCESS |  
2019-09-20 10:25:28,854 | INFO  | SCMAudit | user=jenkins1000 | ip=192.168.36.99 | op=SEND_HEARTBEAT {datanodeUUID=e29464ab-17d7-4a4e-ab54-c178fccc723c, command=[]} | ret=SUCCESS |  
2019-09-20 10:25:28,854 | INFO  | SCMAudit | user=jenkins1000 | ip=192.168.36.99 | op=SEND_HEARTBEAT {datanodeUUID=ece458fc-6687-4915-9be7-f98d86977b7d, command=[]} | ret=SUCCESS |  
2019-09-20 10:25:28,854 | INFO  | SCMAudit | user=jenkins1000 | ip=192.168.36.99 | op=SEND_HEARTBEAT {datanodeUUID=1bfb6844-04ed-4104-839b-60e510b6bb68, command=[]} | ret=SUCCESS |  
2019-09-20 10:25:28,854 | INFO  | SCMAudit | user=jenkins1000 | ip=192.168.36.99 | op=SEND_HEARTBEAT {datanodeUUID=99153be1-ba81-4c7b-b6ab-4442760615cb, command=[]} | ret=SUCCESS |  
2019-09-20 10:25:28,854 | INFO  | SCMAudit | user=jenkins1000 | ip=192.168.36.99 | op=SEND_HEARTBEAT {datanodeUUID=075fa85b-703c-4900-807d-88f08b36438a, command=[]} | ret=SUCCESS |  
2019-09-20 10:25:28,855 | INFO  | SCMAudit | user=jenkins1000 | ip=192.168.36.99 | op=SEND_HEARTBEAT {datanodeUUID=fac63c4b-287e-453e-9ac7-8c8c283fdab7, command=[]} | ret=SUCCESS |  
2019-09-20 10:25:28,855 | INFO  | SCMAudit | user=jenkins1000 | ip=192.168.36.99 | op=SEND_HEARTBEAT {datanodeUUID=7af711bd-b5ae-4a73-a8be-b970cae6c2d1, command=[]} | ret=SUCCESS |  
2019-09-20 10:25:28,855 | INFO  | SCMAudit | user=jenkins1000 | ip=192.168.36.99 | op=SEND_HEARTBEAT {datanodeUUID=4d972e91-cb6b-45de-8bd2-c18af7abe58b, command=[]} | ret=SUCCESS |  
2019-09-20 10:25:28,855 | INFO  | SCMAudit | user=jenkins1000 | ip=192.168.36.99 | op=SEND_HEARTBEAT {datanodeUUID=c3e532f8-1a8e-44f3-b56b-d765aee893af, command=[]} | ret=SUCCESS |  
2019-09-20 10:25:28,855 | INFO  | SCMAudit | user=jenkins1000 | ip=192.168.36.99 | op=SEND_HEARTBEAT {datanodeUUID=66416d0b-a71c-4af1-ae3a-62ca63b880a3, command=[]} | ret=SUCCESS |  
2019-09-20 10:25:27,699 [Thread-1804] INFO  impl.RoleInfo (RoleInfo.java:shutdownFollowerState(121)) - ece458fc-6687-4915-9be7-f98d86977b7d: shutdown FollowerState
2019-09-20 10:25:28,855 | INFO  | SCMAudit | user=jenkins1000 | ip=192.168.36.99 | op=SEND_HEARTBEAT {datanodeUUID=17e2ba94-38a1-40e7-84e0-f6802901db84, command=[]} | ret=SUCCESS |  
2019-09-20 10:25:28,867 | INFO  | SCMAudit | user=jenkins1000 | ip=192.168.36.99 | op=SEND_HEARTBEAT {datanodeUUID=3d6f3241-e73c-473a-ad0b-c7be2f7e1dda, command=[]} | ret=SUCCESS |  
2019-09-20 10:25:27,699 [Thread-1794] INFO  impl.RoleInfo (RoleInfo.java:shutdownFollowerState(121)) - ece458fc-6687-4915-9be7-f98d86977b7d: shutdown FollowerState
2019-09-20 10:25:28,855 | INFO  | SCMAudit | user=jenkins1000 | ip=192.168.36.99 | op=SEND_HEARTBEAT {datanodeUUID=1ab786b9-c79c-4265-88a1-5b3344c6beda, command=[]} | ret=SUCCESS |  
2019-09-20 10:25:27,699 [e29464ab-17d7-4a4e-ab54-c178fccc723c:group-57ACA9389BDB:LeaderElection139] INFO  server.RaftServerConfigKeys (ConfUtils.java:logGet(43)) - raft.server.watch.timeout = 10s (default)
2019-09-20 10:25:27,699 [7f6418e1-cc7a-441a-8f41-c73576b5a1c5:group-78AA40479DD8:LeaderElection150] INFO  impl.RoleInfo (RoleInfo.java:shutdownLeaderElection(134)) - 7f6418e1-cc7a-441a-8f41-c73576b5a1c5: shutdown LeaderElection
2019-09-20 10:25:27,699 [7f6418e1-cc7a-441a-8f41-c73576b5a1c5:group-E502266162A0:LeaderElection151] INFO  impl.RoleInfo (RoleInfo.java:shutdownLeaderElection(134)) - 7f6418e1-cc7a-441a-8f41-c73576b5a1c5: shutdown LeaderElection
2019-09-20 10:25:27,699 [075fa85b-703c-4900-807d-88f08b36438a:group-C6760B479523:LeaderElection147] INFO  impl.RoleInfo (RoleInfo.java:shutdownLeaderElection(134)) - 075fa85b-703c-4900-807d-88f08b36438a: shutdown LeaderElection
2019-09-20 10:25:27,699 [075fa85b-703c-4900-807d-88f08b36438a:group-D8127BE90FD8:LeaderElection146] INFO  impl.RoleInfo (RoleInfo.java:shutdownLeaderElection(134)) - 075fa85b-703c-4900-807d-88f08b36438a: shutdown LeaderElection
2019-09-20 10:25:28,868 [075fa85b-703c-4900-807d-88f08b36438a:group-D8127BE90FD8:LeaderElection146] INFO  impl.RaftServerImpl (RaftServerImpl.java:setRole(171)) - 075fa85b-703c-4900-807d-88f08b36438a:group-D8127BE90FD8 changes role from CANDIDATE to LEADER at term 1 for changeToLeader
2019-09-20 10:25:27,698 [075fa85b-703c-4900-807d-88f08b36438a:group-91196F455865:LeaderElection148] INFO  impl.RoleInfo (RoleInfo.java:shutdownLeaderElection(134)) - 075fa85b-703c-4900-807d-88f08b36438a: shutdown LeaderElection
2019-09-20 10:25:27,698 [075fa85b-703c-4900-807d-88f08b36438a:group-F3EA30D046C0:LeaderElection149] INFO  impl.RoleInfo (RoleInfo.java:shutdownLeaderElection(134)) - 075fa85b-703c-4900-807d-88f08b36438a: shutdown LeaderElection
2019-09-20 10:25:28,869 [075fa85b-703c-4900-807d-88f08b36438a:group-F3EA30D046C0:LeaderElection149] INFO  impl.RaftServerImpl (RaftServerImpl.java:setRole(171)) - 075fa85b-703c-4900-807d-88f08b36438a:group-F3EA30D046C0 changes role from CANDIDATE to LEADER at term 1 for changeToLeader
2019-09-20 10:25:27,698 [main] INFO  server.BaseHttpServer (BaseHttpServer.java:updateConnectorAddress(213)) - HTTP server of OZONEMANAGER is listening at http://0.0.0.0:38979
2019-09-20 10:25:27,698 [Thread-1785] INFO  impl.RoleInfo (RoleInfo.java:shutdownFollowerState(121)) - 7f6418e1-cc7a-441a-8f41-c73576b5a1c5: shutdown FollowerState
2019-09-20 10:25:28,869 [075fa85b-703c-4900-807d-88f08b36438a:group-F3EA30D046C0:LeaderElection149] INFO  impl.RaftServerImpl (ServerState.java:setLeader(263)) - 075fa85b-703c-4900-807d-88f08b36438a:group-F3EA30D046C0 change Leader from null to 075fa85b-703c-4900-807d-88f08b36438a at term 1 for becomeLeader, leader elected after 7132ms
2019-09-20 10:25:28,869 [075fa85b-703c-4900-807d-88f08b36438a:group-91196F455865:LeaderElection148] INFO  impl.RaftServerImpl (RaftServerImpl.java:setRole(171)) - 075fa85b-703c-4900-807d-88f08b36438a:group-91196F455865 changes role from CANDIDATE to LEADER at term 1 for changeToLeader
2019-09-20 10:25:28,870 [075fa85b-703c-4900-807d-88f08b36438a:group-91196F455865:LeaderElection148] INFO  impl.RaftServerImpl (ServerState.java:setLeader(263)) - 075fa85b-703c-4900-807d-88f08b36438a:group-91196F455865 change Leader from null to 075fa85b-703c-4900-807d-88f08b36438a at term 1 for becomeLeader, leader elected after 7200ms
2019-09-20 10:25:28,869 [075fa85b-703c-4900-807d-88f08b36438a:group-D8127BE90FD8:LeaderElection146] INFO  impl.RaftServerImpl (ServerState.java:setLeader(263)) - 075fa85b-703c-4900-807d-88f08b36438a:group-D8127BE90FD8 change Leader from null to 075fa85b-703c-4900-807d-88f08b36438a at term 1 for becomeLeader, leader elected after 7266ms
2019-09-20 10:25:28,868 [075fa85b-703c-4900-807d-88f08b36438a:group-C6760B479523:LeaderElection147] INFO  impl.RaftServerImpl (RaftServerImpl.java:setRole(171)) - 075fa85b-703c-4900-807d-88f08b36438a:group-C6760B479523 changes role from CANDIDATE to LEADER at term 1 for changeToLeader
2019-09-20 10:25:28,870 [075fa85b-703c-4900-807d-88f08b36438a:group-C6760B479523:LeaderElection147] INFO  impl.RaftServerImpl (ServerState.java:setLeader(263)) - 075fa85b-703c-4900-807d-88f08b36438a:group-C6760B479523 change Leader from null to 075fa85b-703c-4900-807d-88f08b36438a at term 1 for becomeLeader, leader elected after 7352ms
2019-09-20 10:25:28,868 [7f6418e1-cc7a-441a-8f41-c73576b5a1c5:group-E502266162A0:LeaderElection151] INFO  impl.RaftServerImpl (RaftServerImpl.java:setRole(171)) - 7f6418e1-cc7a-441a-8f41-c73576b5a1c5:group-E502266162A0 changes role from CANDIDATE to LEADER at term 1 for changeToLeader
2019-09-20 10:25:28,870 [7f6418e1-cc7a-441a-8f41-c73576b5a1c5:group-E502266162A0:LeaderElection151] INFO  impl.RaftServerImpl (ServerState.java:setLeader(263)) - 7f6418e1-cc7a-441a-8f41-c73576b5a1c5:group-E502266162A0 change Leader from null to 7f6418e1-cc7a-441a-8f41-c73576b5a1c5 at term 1 for becomeLeader, leader elected after 6982ms
2019-09-20 10:25:28,868 [7f6418e1-cc7a-441a-8f41-c73576b5a1c5:group-78AA40479DD8:LeaderElection150] INFO  impl.RaftServerImpl (RaftServerImpl.java:setRole(171)) - 7f6418e1-cc7a-441a-8f41-c73576b5a1c5:group-78AA40479DD8 changes role from CANDIDATE to LEADER at term 1 for changeToLeader
2019-09-20 10:25:28,868 [e29464ab-17d7-4a4e-ab54-c178fccc723c:group-57ACA9389BDB:LeaderElection139] INFO  server.RaftServerConfigKeys (ConfUtils.java:logGet(43)) - raft.server.watch.timeout.denomination = 1s (default)
2019-09-20 10:25:28,868 [Thread-1794] INFO  impl.RaftServerImpl (RaftServerImpl.java:setRole(171)) - ece458fc-6687-4915-9be7-f98d86977b7d:group-253EBBA5E522 changes role from FOLLOWER to CANDIDATE at term 0 for changeToCandidate
2019-09-20 10:25:28,868 [Thread-1804] INFO  impl.RaftServerImpl (RaftServerImpl.java:setRole(171)) - ece458fc-6687-4915-9be7-f98d86977b7d:group-CE7DA6203BE1 changes role from FOLLOWER to CANDIDATE at term 0 for changeToCandidate
2019-09-20 10:25:28,867 [Thread-1801] INFO  impl.RaftServerImpl (RaftServerImpl.java:setRole(171)) - ece458fc-6687-4915-9be7-f98d86977b7d:group-3251D984BB60 changes role from FOLLOWER to CANDIDATE at term 0 for changeToCandidate
2019-09-20 10:25:28,867 [1bfb6844-04ed-4104-839b-60e510b6bb68:group-F0FD01D7A7AA:LeaderElection141] INFO  impl.RaftServerImpl (ServerState.java:setRaftConf(361)) - 1bfb6844-04ed-4104-839b-60e510b6bb68:group-F0FD01D7A7AA set configuration 0: [1bfb6844-04ed-4104-839b-60e510b6bb68:192.168.36.99:44647], old=null at 0
2019-09-20 10:25:28,489 [Thread-1798] INFO  impl.RoleInfo (RoleInfo.java:updateAndGet(143)) - ece458fc-6687-4915-9be7-f98d86977b7d: start LeaderElection
2019-09-20 10:25:28,488 [7f6418e1-cc7a-441a-8f41-c73576b5a1c5:group-011E1CC6F6B5:LeaderElection152] INFO  impl.LeaderElection (LeaderElection.java:askForVotes(181)) - 7f6418e1-cc7a-441a-8f41-c73576b5a1c5:group-011E1CC6F6B5:LeaderElection152: begin an election at term 1 for -1: [7f6418e1-cc7a-441a-8f41-c73576b5a1c5:192.168.36.99:40506], old=null
2019-09-20 10:25:28,487 [99153be1-ba81-4c7b-b6ab-4442760615cb-SegmentedRaftLogWorker:Storage Directory /workdir/hadoop-ozone/integration-test/target/test-dir/MiniOzoneClusterImpl-280c06ed-bcb5-4979-9226-67616719d9ed/datanode-1/data/ratis/66d2ec1c-a7d3-4855-b686-d8066a925f3e] ERROR segmented.SegmentedRaftLogWorker (SegmentedRaftLogWorker.java:run(323)) - 99153be1-ba81-4c7b-b6ab-4442760615cb-SegmentedRaftLogWorker:Storage Directory /workdir/hadoop-ozone/integration-test/target/test-dir/MiniOzoneClusterImpl-280c06ed-bcb5-4979-9226-67616719d9ed/datanode-1/data/ratis/66d2ec1c-a7d3-4855-b686-d8066a925f3e hit exception
java.lang.OutOfMemoryError: Direct buffer memory
	at java.nio.Bits.reserveMemory(Bits.java:666)
	at java.nio.DirectByteBuffer.<init>(DirectByteBuffer.java:123)
	at java.nio.ByteBuffer.allocateDirect(ByteBuffer.java:311)
	at org.apache.ratis.server.raftlog.segmented.BufferedWriteChannel.<init>(BufferedWriteChannel.java:41)
	at org.apache.ratis.server.raftlog.segmented.SegmentedRaftLogOutputStream.<init>(SegmentedRaftLogOutputStream.java:72)
	at org.apache.ratis.server.raftlog.segmented.SegmentedRaftLogWorker$StartLogSegment.execute(SegmentedRaftLogWorker.java:566)
	at org.apache.ratis.server.raftlog.segmented.SegmentedRaftLogWorker.run(SegmentedRaftLogWorker.java:289)
	at java.lang.Thread.run(Thread.java:748)
2019-09-20 10:25:28,872 [99153be1-ba81-4c7b-b6ab-4442760615cb-SegmentedRaftLogWorker:Storage Directory /workdir/hadoop-ozone/integration-test/target/test-dir/MiniOzoneClusterImpl-280c06ed-bcb5-4979-9226-67616719d9ed/datanode-1/data/ratis/66d2ec1c-a7d3-4855-b686-d8066a925f3e] INFO  impl.RaftServerImpl (RaftServerImpl.java:lambda$shutdown$3(245)) - 99153be1-ba81-4c7b-b6ab-4442760615cb: shutdown group-D8066A925F3E
2019-09-20 10:25:28,487 [99153be1-ba81-4c7b-b6ab-4442760615cb-SegmentedRaftLogWorker:Storage Directory /workdir/hadoop-ozone/integration-test/target/test-dir/MiniOzoneClusterImpl-280c06ed-bcb5-4979-9226-67616719d9ed/datanode-1/data/ratis/22746fd9-6933-4e25-ad88-2c82eaa67ae4] ERROR segmented.SegmentedRaftLogWorker (SegmentedRaftLogWorker.java:run(323)) - 99153be1-ba81-4c7b-b6ab-4442760615cb-SegmentedRaftLogWorker:Storage Directory /workdir/hadoop-ozone/integration-test/target/test-dir/MiniOzoneClusterImpl-280c06ed-bcb5-4979-9226-67616719d9ed/datanode-1/data/ratis/22746fd9-6933-4e25-ad88-2c82eaa67ae4 hit exception
java.lang.OutOfMemoryError: Direct buffer memory
	at java.nio.Bits.reserveMemory(Bits.java:666)
	at java.nio.DirectByteBuffer.<init>(DirectByteBuffer.java:123)
	at java.nio.ByteBuffer.allocateDirect(ByteBuffer.java:311)
	at org.apache.ratis.server.raftlog.segmented.BufferedWriteChannel.<init>(BufferedWriteChannel.java:41)
	at org.apache.ratis.server.raftlog.segmented.SegmentedRaftLogOutputStream.<init>(SegmentedRaftLogOutputStream.java:72)
	at org.apache.ratis.server.raftlog.segmented.SegmentedRaftLogWorker$StartLogSegment.execute(SegmentedRaftLogWorker.java:566)
	at org.apache.ratis.server.raftlog.segmented.SegmentedRaftLogWorker.run(SegmentedRaftLogWorker.java:289)
	at java.lang.Thread.run(Thread.java:748)
2019-09-20 10:25:28,110 [1bfb6844-04ed-4104-839b-60e510b6bb68:group-127086B3354F:LeaderElection144] INFO  impl.RaftServerImpl (ServerState.java:setLeader(263)) - 1bfb6844-04ed-4104-839b-60e510b6bb68:group-127086B3354F change Leader from null to 1bfb6844-04ed-4104-839b-60e510b6bb68 at term 1 for becomeLeader, leader elected after 6871ms
2019-09-20 10:25:28,110 [e29464ab-17d7-4a4e-ab54-c178fccc723c:group-487D388BDFAD:LeaderElection137] INFO  impl.RaftServerImpl (ServerState.java:setRaftConf(361)) - e29464ab-17d7-4a4e-ab54-c178fccc723c:group-487D388BDFAD set configuration 0: [e29464ab-17d7-4a4e-ab54-c178fccc723c:192.168.36.99:36623], old=null at 0
2019-09-20 10:25:28,110 [075fa85b-703c-4900-807d-88f08b36438a:group-B0B958123A92:LeaderElection142] INFO  impl.RaftServerImpl (RaftServerImpl.java:setRole(171)) - 075fa85b-703c-4900-807d-88f08b36438a:group-B0B958123A92 changes role from CANDIDATE to LEADER at term 1 for changeToLeader
2019-09-20 10:25:28,110 [Thread-1782] INFO  impl.RoleInfo (RoleInfo.java:updateAndGet(143)) - 7f6418e1-cc7a-441a-8f41-c73576b5a1c5: start LeaderElection
2019-09-20 10:25:28,110 [1bfb6844-04ed-4104-839b-60e510b6bb68:group-55F61A620423:LeaderElection145] INFO  impl.RaftServerImpl (RaftServerImpl.java:setRole(171)) - 1bfb6844-04ed-4104-839b-60e510b6bb68:group-55F61A620423 changes role from CANDIDATE to LEADER at term 1 for changeToLeader
2019-09-20 10:25:28,873 [1bfb6844-04ed-4104-839b-60e510b6bb68:group-55F61A620423:LeaderElection145] INFO  impl.RaftServerImpl (ServerState.java:setLeader(263)) - 1bfb6844-04ed-4104-839b-60e510b6bb68:group-55F61A620423 change Leader from null to 1bfb6844-04ed-4104-839b-60e510b6bb68 at term 1 for becomeLeader, leader elected after 7566ms
2019-09-20 10:25:28,110 [1bfb6844-04ed-4104-839b-60e510b6bb68:group-9C7B24CF797E:LeaderElection143] INFO  impl.RaftServerImpl (ServerState.java:setLeader(263)) - 1bfb6844-04ed-4104-839b-60e510b6bb68:group-9C7B24CF797E change Leader from null to 1bfb6844-04ed-4104-839b-60e510b6bb68 at term 1 for becomeLeader, leader elected after 6946ms
2019-09-20 10:25:28,109 [Thread-1776] INFO  impl.RoleInfo (RoleInfo.java:updateAndGet(143)) - 7f6418e1-cc7a-441a-8f41-c73576b5a1c5: start LeaderElection
2019-09-20 10:25:28,109 [fac63c4b-287e-453e-9ac7-8c8c283fdab7-SegmentedRaftLogWorker:Storage Directory /workdir/hadoop-ozone/integration-test/target/test-dir/MiniOzoneClusterImpl-280c06ed-bcb5-4979-9226-67616719d9ed/datanode-0/data/ratis/ecd7b46d-b01b-4d07-8997-23c9435a8786] INFO  util.JmxRegister (JmxRegister.java:unregister(73)) - Successfully un-registered JMX Bean with object name Ratis:service=RaftServer,group=group-23C9435A8786,id=fac63c4b-287e-453e-9ac7-8c8c283fdab7
2019-09-20 10:25:28,108 [Thread-1788] INFO  impl.RaftServerImpl (RaftServerImpl.java:setRole(171)) - ece458fc-6687-4915-9be7-f98d86977b7d:group-AD8E4000A9B3 changes role from FOLLOWER to CANDIDATE at term 0 for changeToCandidate
2019-09-20 10:25:28,874 [fac63c4b-287e-453e-9ac7-8c8c283fdab7-SegmentedRaftLogWorker:Storage Directory /workdir/hadoop-ozone/integration-test/target/test-dir/MiniOzoneClusterImpl-280c06ed-bcb5-4979-9226-67616719d9ed/datanode-0/data/ratis/ecd7b46d-b01b-4d07-8997-23c9435a8786] INFO  impl.RoleInfo (RoleInfo.java:shutdownLeaderState(104)) - fac63c4b-287e-453e-9ac7-8c8c283fdab7: shutdown LeaderState
2019-09-20 10:25:28,873 [1bfb6844-04ed-4104-839b-60e510b6bb68:group-9C7B24CF797E:LeaderElection143] INFO  server.RaftServerConfigKeys (ConfUtils.java:logGet(43)) - raft.server.staging.catchup.gap = 1000 (default)
2019-09-20 10:25:28,873 [1bfb6844-04ed-4104-839b-60e510b6bb68:group-55F61A620423:LeaderElection145] INFO  server.RaftServerConfigKeys (ConfUtils.java:logGet(43)) - raft.server.staging.catchup.gap = 1000 (default)
2019-09-20 10:25:28,873 [075fa85b-703c-4900-807d-88f08b36438a:group-B0B958123A92:LeaderElection142] INFO  impl.RaftServerImpl (ServerState.java:setLeader(263)) - 075fa85b-703c-4900-807d-88f08b36438a:group-B0B958123A92 change Leader from null to 075fa85b-703c-4900-807d-88f08b36438a at term 1 for becomeLeader, leader elected after 7482ms
2019-09-20 10:25:28,873 [1bfb6844-04ed-4104-839b-60e510b6bb68:group-127086B3354F:LeaderElection144] INFO  server.RaftServerConfigKeys (ConfUtils.java:logGet(43)) - raft.server.staging.catchup.gap = 1000 (default)
2019-09-20 10:25:28,874 [1bfb6844-04ed-4104-839b-60e510b6bb68:group-127086B3354F:LeaderElection144] INFO  server.RaftServerConfigKeys (ConfUtils.java:logGet(43)) - raft.server.rpc.sleep.time = 25ms (default)
2019-09-20 10:25:28,872 [99153be1-ba81-4c7b-b6ab-4442760615cb-SegmentedRaftLogWorker:Storage Directory /workdir/hadoop-ozone/integration-test/target/test-dir/MiniOzoneClusterImpl-280c06ed-bcb5-4979-9226-67616719d9ed/datanode-1/data/ratis/22746fd9-6933-4e25-ad88-2c82eaa67ae4] INFO  impl.RaftServerImpl (RaftServerImpl.java:lambda$shutdown$3(245)) - 99153be1-ba81-4c7b-b6ab-4442760615cb: shutdown group-2C82EAA67AE4
2019-09-20 10:25:28,872 [99153be1-ba81-4c7b-b6ab-4442760615cb-SegmentedRaftLogWorker:Storage Directory /workdir/hadoop-ozone/integration-test/target/test-dir/MiniOzoneClusterImpl-280c06ed-bcb5-4979-9226-67616719d9ed/datanode-1/data/ratis/66d2ec1c-a7d3-4855-b686-d8066a925f3e] INFO  util.JmxRegister (JmxRegister.java:unregister(73)) - Successfully un-registered JMX Bean with object name Ratis:service=RaftServer,group=group-D8066A925F3E,id=99153be1-ba81-4c7b-b6ab-4442760615cb
2019-09-20 10:25:28,872 [7f6418e1-cc7a-441a-8f41-c73576b5a1c5:group-011E1CC6F6B5:LeaderElection152] INFO  impl.RoleInfo (RoleInfo.java:shutdownLeaderElection(134)) - 7f6418e1-cc7a-441a-8f41-c73576b5a1c5: shutdown LeaderElection
2019-09-20 10:25:28,871 [Thread-1801] INFO  impl.RoleInfo (RoleInfo.java:updateAndGet(143)) - ece458fc-6687-4915-9be7-f98d86977b7d: start LeaderElection
2019-09-20 10:25:28,871 [Thread-1804] INFO  impl.RoleInfo (RoleInfo.java:updateAndGet(143)) - ece458fc-6687-4915-9be7-f98d86977b7d: start LeaderElection
2019-09-20 10:25:28,871 [Thread-1794] INFO  impl.RoleInfo (RoleInfo.java:updateAndGet(143)) - ece458fc-6687-4915-9be7-f98d86977b7d: start LeaderElection
2019-09-20 10:25:28,871 [e29464ab-17d7-4a4e-ab54-c178fccc723c:group-57ACA9389BDB:LeaderElection139] INFO  server.RaftServerConfigKeys (ConfUtils.java:logGet(43)) - raft.server.watch.element-limit = 65536 (default)
2019-09-20 10:25:28,871 [7f6418e1-cc7a-441a-8f41-c73576b5a1c5:group-78AA40479DD8:LeaderElection150] INFO  impl.RaftServerImpl (ServerState.java:setLeader(263)) - 7f6418e1-cc7a-441a-8f41-c73576b5a1c5:group-78AA40479DD8 change Leader from null to 7f6418e1-cc7a-441a-8f41-c73576b5a1c5 at term 1 for becomeLeader, leader elected after 7058ms
2019-09-20 10:25:28,871 [7f6418e1-cc7a-441a-8f41-c73576b5a1c5:group-E502266162A0:LeaderElection151] INFO  server.RaftServerConfigKeys (ConfUtils.java:logGet(43)) - raft.server.staging.catchup.gap = 1000 (default)
2019-09-20 10:25:28,876 [7f6418e1-cc7a-441a-8f41-c73576b5a1c5:group-E502266162A0:LeaderElection151] INFO  server.RaftServerConfigKeys (ConfUtils.java:logGet(43)) - raft.server.rpc.sleep.time = 25ms (default)
2019-09-20 10:25:28,870 [075fa85b-703c-4900-807d-88f08b36438a:group-C6760B479523:LeaderElection147] INFO  server.RaftServerConfigKeys (ConfUtils.java:logGet(43)) - raft.server.staging.catchup.gap = 1000 (default)
2019-09-20 10:25:28,870 [075fa85b-703c-4900-807d-88f08b36438a:group-D8127BE90FD8:LeaderElection146] INFO  server.RaftServerConfigKeys (ConfUtils.java:logGet(43)) - raft.server.staging.catchup.gap = 1000 (default)
2019-09-20 10:25:28,870 [075fa85b-703c-4900-807d-88f08b36438a:group-91196F455865:LeaderElection148] INFO  server.RaftServerConfigKeys (ConfUtils.java:logGet(43)) - raft.server.staging.catchup.gap = 1000 (default)
2019-09-20 10:25:28,870 [075fa85b-703c-4900-807d-88f08b36438a:group-F3EA30D046C0:LeaderElection149] INFO  server.RaftServerConfigKeys (ConfUtils.java:logGet(43)) - raft.server.staging.catchup.gap = 1000 (default)
2019-09-20 10:25:28,877 [075fa85b-703c-4900-807d-88f08b36438a:group-F3EA30D046C0:LeaderElection149] INFO  server.RaftServerConfigKeys (ConfUtils.java:logGet(43)) - raft.server.rpc.sleep.time = 25ms (default)
2019-09-20 10:25:28,870 [Thread-1785] INFO  impl.RaftServerImpl (RaftServerImpl.java:setRole(171)) - 7f6418e1-cc7a-441a-8f41-c73576b5a1c5:group-0F27DB31D2D6 changes role from FOLLOWER to CANDIDATE at term 0 for changeToCandidate
2019-09-20 10:25:28,877 [075fa85b-703c-4900-807d-88f08b36438a:group-F3EA30D046C0:LeaderElection149] INFO  server.RaftServerConfigKeys (ConfUtils.java:logGet(43)) - raft.server.write.element-limit = 4096 (default)
2019-09-20 10:25:28,876 [075fa85b-703c-4900-807d-88f08b36438a:group-91196F455865:LeaderElection148] INFO  server.RaftServerConfigKeys (ConfUtils.java:logGet(43)) - raft.server.rpc.sleep.time = 25ms (default)
2019-09-20 10:25:28,876 [075fa85b-703c-4900-807d-88f08b36438a:group-D8127BE90FD8:LeaderElection146] INFO  server.RaftServerConfigKeys (ConfUtils.java:logGet(43)) - raft.server.rpc.sleep.time = 25ms (default)
2019-09-20 10:25:28,876 [075fa85b-703c-4900-807d-88f08b36438a:group-C6760B479523:LeaderElection147] INFO  server.RaftServerConfigKeys (ConfUtils.java:logGet(43)) - raft.server.rpc.sleep.time = 25ms (default)
2019-09-20 10:25:28,876 [7f6418e1-cc7a-441a-8f41-c73576b5a1c5:group-E502266162A0:LeaderElection151] INFO  server.RaftServerConfigKeys (ConfUtils.java:logGet(43)) - raft.server.write.element-limit = 4096 (default)
2019-09-20 10:25:28,876 [e29464ab-17d7-4a4e-ab54-c178fccc723c:group-57ACA9389BDB:LeaderElection139] INFO  impl.RoleInfo (RoleInfo.java:updateAndGet(143)) - e29464ab-17d7-4a4e-ab54-c178fccc723c: start LeaderState
2019-09-20 10:25:28,876 [7f6418e1-cc7a-441a-8f41-c73576b5a1c5:group-78AA40479DD8:LeaderElection150] INFO  server.RaftServerConfigKeys (ConfUtils.java:logGet(43)) - raft.server.staging.catchup.gap = 1000 (default)
2019-09-20 10:25:28,875 [7f6418e1-cc7a-441a-8f41-c73576b5a1c5:group-011E1CC6F6B5:LeaderElection152] INFO  impl.RaftServerImpl (RaftServerImpl.java:setRole(171)) - 7f6418e1-cc7a-441a-8f41-c73576b5a1c5:group-011E1CC6F6B5 changes role from CANDIDATE to LEADER at term 1 for changeToLeader
2019-09-20 10:25:28,878 [7f6418e1-cc7a-441a-8f41-c73576b5a1c5:group-011E1CC6F6B5:LeaderElection152] INFO  impl.RaftServerImpl (ServerState.java:setLeader(263)) - 7f6418e1-cc7a-441a-8f41-c73576b5a1c5:group-011E1CC6F6B5 change Leader from null to 7f6418e1-cc7a-441a-8f41-c73576b5a1c5 at term 1 for becomeLeader, leader elected after 6843ms
2019-09-20 10:25:28,875 [99153be1-ba81-4c7b-b6ab-4442760615cb-SegmentedRaftLogWorker:Storage Directory /workdir/hadoop-ozone/integration-test/target/test-dir/MiniOzoneClusterImpl-280c06ed-bcb5-4979-9226-67616719d9ed/datanode-1/data/ratis/66d2ec1c-a7d3-4855-b686-d8066a925f3e] INFO  impl.RoleInfo (RoleInfo.java:shutdownLeaderState(104)) - 99153be1-ba81-4c7b-b6ab-4442760615cb: shutdown LeaderState
2019-09-20 10:25:28,875 [99153be1-ba81-4c7b-b6ab-4442760615cb-SegmentedRaftLogWorker:Storage Directory /workdir/hadoop-ozone/integration-test/target/test-dir/MiniOzoneClusterImpl-280c06ed-bcb5-4979-9226-67616719d9ed/datanode-1/data/ratis/22746fd9-6933-4e25-ad88-2c82eaa67ae4] INFO  util.JmxRegister (JmxRegister.java:unregister(73)) - Successfully un-registered JMX Bean with object name Ratis:service=RaftServer,group=group-2C82EAA67AE4,id=99153be1-ba81-4c7b-b6ab-4442760615cb
2019-09-20 10:25:28,878 [99153be1-ba81-4c7b-b6ab-4442760615cb-SegmentedRaftLogWorker:Storage Directory /workdir/hadoop-ozone/integration-test/target/test-dir/MiniOzoneClusterImpl-280c06ed-bcb5-4979-9226-67616719d9ed/datanode-1/data/ratis/22746fd9-6933-4e25-ad88-2c82eaa67ae4] INFO  impl.RoleInfo (RoleInfo.java:shutdownLeaderState(104)) - 99153be1-ba81-4c7b-b6ab-4442760615cb: shutdown LeaderState
2019-09-20 10:25:28,875 [1bfb6844-04ed-4104-839b-60e510b6bb68:group-127086B3354F:LeaderElection144] INFO  server.RaftServerConfigKeys (ConfUtils.java:logGet(43)) - raft.server.write.element-limit = 4096 (default)
2019-09-20 10:25:28,874 [075fa85b-703c-4900-807d-88f08b36438a:group-B0B958123A92:LeaderElection142] INFO  server.RaftServerConfigKeys (ConfUtils.java:logGet(43)) - raft.server.staging.catchup.gap = 1000 (default)
2019-09-20 10:25:28,874 [1bfb6844-04ed-4104-839b-60e510b6bb68:group-55F61A620423:LeaderElection145] INFO  server.RaftServerConfigKeys (ConfUtils.java:logGet(43)) - raft.server.rpc.sleep.time = 25ms (default)
2019-09-20 10:25:28,874 [1bfb6844-04ed-4104-839b-60e510b6bb68:group-9C7B24CF797E:LeaderElection143] INFO  server.RaftServerConfigKeys (ConfUtils.java:logGet(43)) - raft.server.rpc.sleep.time = 25ms (default)
2019-09-20 10:25:28,874 [fac63c4b-287e-453e-9ac7-8c8c283fdab7-SegmentedRaftLogWorker:Storage Directory /workdir/hadoop-ozone/integration-test/target/test-dir/MiniOzoneClusterImpl-280c06ed-bcb5-4979-9226-67616719d9ed/datanode-0/data/ratis/ecd7b46d-b01b-4d07-8997-23c9435a8786] INFO  impl.PendingRequests (PendingRequests.java:sendNotLeaderResponses(202)) - fac63c4b-287e-453e-9ac7-8c8c283fdab7-PendingRequests: sendNotLeaderResponses
2019-09-20 10:25:28,874 [Thread-1788] INFO  impl.RoleInfo (RoleInfo.java:updateAndGet(143)) - ece458fc-6687-4915-9be7-f98d86977b7d: start LeaderElection
2019-09-20 10:25:28,879 [1bfb6844-04ed-4104-839b-60e510b6bb68:group-9C7B24CF797E:LeaderElection143] INFO  server.RaftServerConfigKeys (ConfUtils.java:logGet(43)) - raft.server.write.element-limit = 4096 (default)
2019-09-20 10:25:28,879 [1bfb6844-04ed-4104-839b-60e510b6bb68:group-9C7B24CF797E:LeaderElection143] INFO  server.RaftServerConfigKeys (ConfUtils.java:logGet(43)) - raft.server.watch.timeout = 10s (default)
2019-09-20 10:25:28,879 [1bfb6844-04ed-4104-839b-60e510b6bb68:group-55F61A620423:LeaderElection145] INFO  server.RaftServerConfigKeys (ConfUtils.java:logGet(43)) - raft.server.write.element-limit = 4096 (default)
2019-09-20 10:25:28,878 [075fa85b-703c-4900-807d-88f08b36438a:group-B0B958123A92:LeaderElection142] INFO  server.RaftServerConfigKeys (ConfUtils.java:logGet(43)) - raft.server.rpc.sleep.time = 25ms (default)
2019-09-20 10:25:28,878 [1bfb6844-04ed-4104-839b-60e510b6bb68:group-127086B3354F:LeaderElection144] INFO  server.RaftServerConfigKeys (ConfUtils.java:logGet(43)) - raft.server.watch.timeout = 10s (default)
2019-09-20 10:25:28,880 [1bfb6844-04ed-4104-839b-60e510b6bb68:group-127086B3354F:LeaderElection144] INFO  server.RaftServerConfigKeys (ConfUtils.java:logGet(43)) - raft.server.watch.timeout.denomination = 1s (default)
2019-09-20 10:25:28,878 [99153be1-ba81-4c7b-b6ab-4442760615cb-SegmentedRaftLogWorker:Storage Directory /workdir/hadoop-ozone/integration-test/target/test-dir/MiniOzoneClusterImpl-280c06ed-bcb5-4979-9226-67616719d9ed/datanode-1/data/ratis/22746fd9-6933-4e25-ad88-2c82eaa67ae4] INFO  impl.PendingRequests (PendingRequests.java:sendNotLeaderResponses(202)) - 99153be1-ba81-4c7b-b6ab-4442760615cb-PendingRequests: sendNotLeaderResponses
2019-09-20 10:25:28,878 [99153be1-ba81-4c7b-b6ab-4442760615cb-SegmentedRaftLogWorker:Storage Directory /workdir/hadoop-ozone/integration-test/target/test-dir/MiniOzoneClusterImpl-280c06ed-bcb5-4979-9226-67616719d9ed/datanode-1/data/ratis/66d2ec1c-a7d3-4855-b686-d8066a925f3e] INFO  impl.PendingRequests (PendingRequests.java:sendNotLeaderResponses(202)) - 99153be1-ba81-4c7b-b6ab-4442760615cb-PendingRequests: sendNotLeaderResponses
2019-09-20 10:25:28,878 [7f6418e1-cc7a-441a-8f41-c73576b5a1c5:group-011E1CC6F6B5:LeaderElection152] INFO  server.RaftServerConfigKeys (ConfUtils.java:logGet(43)) - raft.server.staging.catchup.gap = 1000 (default)
2019-09-20 10:25:28,878 [e29464ab-17d7-4a4e-ab54-c178fccc723c:group-57ACA9389BDB:LeaderElection139] INFO  segmented.SegmentedRaftLogWorker (SegmentedRaftLogWorker.java:startLogSegment(380)) - e29464ab-17d7-4a4e-ab54-c178fccc723c-SegmentedRaftLogWorker:Storage Directory /workdir/hadoop-ozone/integration-test/target/test-dir/MiniOzoneClusterImpl-280c06ed-bcb5-4979-9226-67616719d9ed/datanode-2/data/ratis/0c561c41-421b-4d47-a6d5-57aca9389bdb: Starting segment from index:0
2019-09-20 10:25:28,878 [7f6418e1-cc7a-441a-8f41-c73576b5a1c5:group-78AA40479DD8:LeaderElection150] INFO  server.RaftServerConfigKeys (ConfUtils.java:logGet(43)) - raft.server.rpc.sleep.time = 25ms (default)
2019-09-20 10:25:28,878 [7f6418e1-cc7a-441a-8f41-c73576b5a1c5:group-E502266162A0:LeaderElection151] INFO  server.RaftServerConfigKeys (ConfUtils.java:logGet(43)) - raft.server.watch.timeout = 10s (default)
2019-09-20 10:25:28,880 [7f6418e1-cc7a-441a-8f41-c73576b5a1c5:group-78AA40479DD8:LeaderElection150] INFO  server.RaftServerConfigKeys (ConfUtils.java:logGet(43)) - raft.server.write.element-limit = 4096 (default)
2019-09-20 10:25:28,877 [075fa85b-703c-4900-807d-88f08b36438a:group-C6760B479523:LeaderElection147] INFO  server.RaftServerConfigKeys (ConfUtils.java:logGet(43)) - raft.server.write.element-limit = 4096 (default)
2019-09-20 10:25:28,877 [075fa85b-703c-4900-807d-88f08b36438a:group-D8127BE90FD8:LeaderElection146] INFO  server.RaftServerConfigKeys (ConfUtils.java:logGet(43)) - raft.server.write.element-limit = 4096 (default)
2019-09-20 10:25:28,877 [075fa85b-703c-4900-807d-88f08b36438a:group-91196F455865:LeaderElection148] INFO  server.RaftServerConfigKeys (ConfUtils.java:logGet(43)) - raft.server.write.element-limit = 4096 (default)
2019-09-20 10:25:28,877 [075fa85b-703c-4900-807d-88f08b36438a:group-F3EA30D046C0:LeaderElection149] INFO  server.RaftServerConfigKeys (ConfUtils.java:logGet(43)) - raft.server.watch.timeout = 10s (default)
2019-09-20 10:25:28,877 [Thread-1785] INFO  impl.RoleInfo (RoleInfo.java:updateAndGet(143)) - 7f6418e1-cc7a-441a-8f41-c73576b5a1c5: start LeaderElection
2019-09-20 10:25:28,881 [075fa85b-703c-4900-807d-88f08b36438a:group-F3EA30D046C0:LeaderElection149] INFO  server.RaftServerConfigKeys (ConfUtils.java:logGet(43)) - raft.server.watch.timeout.denomination = 1s (default)
2019-09-20 10:25:28,881 [075fa85b-703c-4900-807d-88f08b36438a:group-91196F455865:LeaderElection148] INFO  server.RaftServerConfigKeys (ConfUtils.java:logGet(43)) - raft.server.watch.timeout = 10s (default)
2019-09-20 10:25:28,881 [075fa85b-703c-4900-807d-88f08b36438a:group-D8127BE90FD8:LeaderElection146] INFO  server.RaftServerConfigKeys (ConfUtils.java:logGet(43)) - raft.server.watch.timeout = 10s (default)
2019-09-20 10:25:28,882 [075fa85b-703c-4900-807d-88f08b36438a:group-D8127BE90FD8:LeaderElection146] INFO  server.RaftServerConfigKeys (ConfUtils.java:logGet(43)) - raft.server.watch.timeout.denomination = 1s (default)
2019-09-20 10:25:28,881 [075fa85b-703c-4900-807d-88f08b36438a:group-C6760B479523:LeaderElection147] INFO  server.RaftServerConfigKeys (ConfUtils.java:logGet(43)) - raft.server.watch.timeout = 10s (default)
2019-09-20 10:25:28,880 [7f6418e1-cc7a-441a-8f41-c73576b5a1c5:group-78AA40479DD8:LeaderElection150] INFO  server.RaftServerConfigKeys (ConfUtils.java:logGet(43)) - raft.server.watch.timeout = 10s (default)
2019-09-20 10:25:28,880 [e29464ab-17d7-4a4e-ab54-c178fccc723c:group-57ACA9389BDB:LeaderElection139] INFO  impl.RaftServerImpl (ServerState.java:setRaftConf(361)) - e29464ab-17d7-4a4e-ab54-c178fccc723c:group-57ACA9389BDB set configuration 0: [e29464ab-17d7-4a4e-ab54-c178fccc723c:192.168.36.99:36623], old=null at 0
2019-09-20 10:25:28,880 [7f6418e1-cc7a-441a-8f41-c73576b5a1c5:group-E502266162A0:LeaderElection151] INFO  server.RaftServerConfigKeys (ConfUtils.java:logGet(43)) - raft.server.watch.timeout.denomination = 1s (default)
2019-09-20 10:25:28,880 [7f6418e1-cc7a-441a-8f41-c73576b5a1c5:group-011E1CC6F6B5:LeaderElection152] INFO  server.RaftServerConfigKeys (ConfUtils.java:logGet(43)) - raft.server.rpc.sleep.time = 25ms (default)
2019-09-20 10:25:28,880 [99153be1-ba81-4c7b-b6ab-4442760615cb-SegmentedRaftLogWorker:Storage Directory /workdir/hadoop-ozone/integration-test/target/test-dir/MiniOzoneClusterImpl-280c06ed-bcb5-4979-9226-67616719d9ed/datanode-1/data/ratis/66d2ec1c-a7d3-4855-b686-d8066a925f3e] INFO  impl.StateMachineUpdater (StateMachineUpdater.java:stopAndJoin(115)) - StateMachineUpdater:99153be1-ba81-4c7b-b6ab-4442760615cb:group-D8066A925F3E: set stopIndex = -1
2019-09-20 10:25:28,880 [99153be1-ba81-4c7b-b6ab-4442760615cb-SegmentedRaftLogWorker:Storage Directory /workdir/hadoop-ozone/integration-test/target/test-dir/MiniOzoneClusterImpl-280c06ed-bcb5-4979-9226-67616719d9ed/datanode-1/data/ratis/22746fd9-6933-4e25-ad88-2c82eaa67ae4] INFO  impl.StateMachineUpdater (StateMachineUpdater.java:stopAndJoin(115)) - StateMachineUpdater:99153be1-ba81-4c7b-b6ab-4442760615cb:group-2C82EAA67AE4: set stopIndex = -1
2019-09-20 10:25:28,880 [1bfb6844-04ed-4104-839b-60e510b6bb68:group-127086B3354F:LeaderElection144] INFO  server.RaftServerConfigKeys (ConfUtils.java:logGet(43)) - raft.server.watch.element-limit = 65536 (default)
2019-09-20 10:25:28,879 [075fa85b-703c-4900-807d-88f08b36438a:group-B0B958123A92:LeaderElection142] INFO  server.RaftServerConfigKeys (ConfUtils.java:logGet(43)) - raft.server.write.element-limit = 4096 (default)
2019-09-20 10:25:28,879 [1bfb6844-04ed-4104-839b-60e510b6bb68:group-55F61A620423:LeaderElection145] INFO  server.RaftServerConfigKeys (ConfUtils.java:logGet(43)) - raft.server.watch.timeout = 10s (default)
2019-09-20 10:25:28,879 [1bfb6844-04ed-4104-839b-60e510b6bb68:group-9C7B24CF797E:LeaderElection143] INFO  server.RaftServerConfigKeys (ConfUtils.java:logGet(43)) - raft.server.watch.timeout.denomination = 1s (default)
2019-09-20 10:25:28,879 [fac63c4b-287e-453e-9ac7-8c8c283fdab7-SegmentedRaftLogWorker:Storage Directory /workdir/hadoop-ozone/integration-test/target/test-dir/MiniOzoneClusterImpl-280c06ed-bcb5-4979-9226-67616719d9ed/datanode-0/data/ratis/ecd7b46d-b01b-4d07-8997-23c9435a8786] INFO  impl.StateMachineUpdater (StateMachineUpdater.java:stopAndJoin(115)) - StateMachineUpdater:fac63c4b-287e-453e-9ac7-8c8c283fdab7:group-23C9435A8786: set stopIndex = -1
2019-09-20 10:25:28,883 [1bfb6844-04ed-4104-839b-60e510b6bb68:group-9C7B24CF797E:LeaderElection143] INFO  server.RaftServerConfigKeys (ConfUtils.java:logGet(43)) - raft.server.watch.element-limit = 65536 (default)
2019-09-20 10:25:28,883 [1bfb6844-04ed-4104-839b-60e510b6bb68:group-55F61A620423:LeaderElection145] INFO  server.RaftServerConfigKeys (ConfUtils.java:logGet(43)) - raft.server.watch.timeout.denomination = 1s (default)
2019-09-20 10:25:28,883 [075fa85b-703c-4900-807d-88f08b36438a:group-B0B958123A92:LeaderElection142] INFO  server.RaftServerConfigKeys (ConfUtils.java:logGet(43)) - raft.server.watch.timeout = 10s (default)
2019-09-20 10:25:28,883 [1bfb6844-04ed-4104-839b-60e510b6bb68:group-127086B3354F:LeaderElection144] INFO  impl.RoleInfo (RoleInfo.java:updateAndGet(143)) - 1bfb6844-04ed-4104-839b-60e510b6bb68: start LeaderState
2019-09-20 10:25:28,882 [99153be1-ba81-4c7b-b6ab-4442760615cb-SegmentedRaftLogWorker:Storage Directory /workdir/hadoop-ozone/integration-test/target/test-dir/MiniOzoneClusterImpl-280c06ed-bcb5-4979-9226-67616719d9ed/datanode-1/data/ratis/22746fd9-6933-4e25-ad88-2c82eaa67ae4] INFO  impl.RaftServerImpl (ServerState.java:close(394)) - 99153be1-ba81-4c7b-b6ab-4442760615cb:group-2C82EAA67AE4 closes. The last applied log index is -1
2019-09-20 10:25:28,884 [1bfb6844-04ed-4104-839b-60e510b6bb68:group-127086B3354F:LeaderElection144] INFO  segmented.SegmentedRaftLogWorker (SegmentedRaftLogWorker.java:startLogSegment(380)) - 1bfb6844-04ed-4104-839b-60e510b6bb68-SegmentedRaftLogWorker:Storage Directory /workdir/hadoop-ozone/integration-test/target/test-dir/MiniOzoneClusterImpl-280c06ed-bcb5-4979-9226-67616719d9ed/datanode-3/data/ratis/a7d1308a-1383-4265-9797-127086b3354f: Starting segment from index:0
2019-09-20 10:25:28,882 [99153be1-ba81-4c7b-b6ab-4442760615cb-SegmentedRaftLogWorker:Storage Directory /workdir/hadoop-ozone/integration-test/target/test-dir/MiniOzoneClusterImpl-280c06ed-bcb5-4979-9226-67616719d9ed/datanode-1/data/ratis/66d2ec1c-a7d3-4855-b686-d8066a925f3e] INFO  impl.RaftServerImpl (ServerState.java:close(394)) - 99153be1-ba81-4c7b-b6ab-4442760615cb:group-D8066A925F3E closes. The last applied log index is -1
2019-09-20 10:25:28,882 [7f6418e1-cc7a-441a-8f41-c73576b5a1c5:group-011E1CC6F6B5:LeaderElection152] INFO  server.RaftServerConfigKeys (ConfUtils.java:logGet(43)) - raft.server.write.element-limit = 4096 (default)
2019-09-20 10:25:28,884 [99153be1-ba81-4c7b-b6ab-4442760615cb-SegmentedRaftLogWorker:Storage Directory /workdir/hadoop-ozone/integration-test/target/test-dir/MiniOzoneClusterImpl-280c06ed-bcb5-4979-9226-67616719d9ed/datanode-1/data/ratis/22746fd9-6933-4e25-ad88-2c82eaa67ae4] INFO  segmented.SegmentedRaftLogWorker (SegmentedRaftLogWorker.java:close(228)) - 99153be1-ba81-4c7b-b6ab-4442760615cb-SegmentedRaftLogWorker:Storage Directory /workdir/hadoop-ozone/integration-test/target/test-dir/MiniOzoneClusterImpl-280c06ed-bcb5-4979-9226-67616719d9ed/datanode-1/data/ratis/22746fd9-6933-4e25-ad88-2c82eaa67ae4 close()
2019-09-20 10:25:28,882 [7f6418e1-cc7a-441a-8f41-c73576b5a1c5:group-E502266162A0:LeaderElection151] INFO  server.RaftServerConfigKeys (ConfUtils.java:logGet(43)) - raft.server.watch.element-limit = 65536 (default)
2019-09-20 10:25:28,882 [7f6418e1-cc7a-441a-8f41-c73576b5a1c5:group-78AA40479DD8:LeaderElection150] INFO  server.RaftServerConfigKeys (ConfUtils.java:logGet(43)) - raft.server.watch.timeout.denomination = 1s (default)
2019-09-20 10:25:28,882 [075fa85b-703c-4900-807d-88f08b36438a:group-C6760B479523:LeaderElection147] INFO  server.RaftServerConfigKeys (ConfUtils.java:logGet(43)) - raft.server.watch.timeout.denomination = 1s (default)
2019-09-20 10:25:29,620 | INFO  | SCMAudit | user=jenkins1000 | ip=192.168.36.99 | op=SEND_HEARTBEAT {datanodeUUID=7f6418e1-cc7a-441a-8f41-c73576b5a1c5, command=[]} | ret=SUCCESS |  
2019-09-20 10:25:28,882 [075fa85b-703c-4900-807d-88f08b36438a:group-D8127BE90FD8:LeaderElection146] INFO  server.RaftServerConfigKeys (ConfUtils.java:logGet(43)) - raft.server.watch.element-limit = 65536 (default)
2019-09-20 10:25:28,881 [075fa85b-703c-4900-807d-88f08b36438a:group-91196F455865:LeaderElection148] INFO  server.RaftServerConfigKeys (ConfUtils.java:logGet(43)) - raft.server.watch.timeout.denomination = 1s (default)
2019-09-20 10:25:28,881 [075fa85b-703c-4900-807d-88f08b36438a:group-F3EA30D046C0:LeaderElection149] INFO  server.RaftServerConfigKeys (ConfUtils.java:logGet(43)) - raft.server.watch.element-limit = 65536 (default)
2019-09-20 10:25:29,621 [075fa85b-703c-4900-807d-88f08b36438a:group-91196F455865:LeaderElection148] INFO  server.RaftServerConfigKeys (ConfUtils.java:logGet(43)) - raft.server.watch.element-limit = 65536 (default)
2019-09-20 10:25:29,621 [075fa85b-703c-4900-807d-88f08b36438a:group-D8127BE90FD8:LeaderElection146] INFO  impl.RoleInfo (RoleInfo.java:updateAndGet(143)) - 075fa85b-703c-4900-807d-88f08b36438a: start LeaderState
2019-09-20 10:25:29,620 [075fa85b-703c-4900-807d-88f08b36438a:group-C6760B479523:LeaderElection147] INFO  server.RaftServerConfigKeys (ConfUtils.java:logGet(43)) - raft.server.watch.element-limit = 65536 (default)
2019-09-20 10:25:29,620 [7f6418e1-cc7a-441a-8f41-c73576b5a1c5:group-78AA40479DD8:LeaderElection150] INFO  server.RaftServerConfigKeys (ConfUtils.java:logGet(43)) - raft.server.watch.element-limit = 65536 (default)
2019-09-20 10:25:29,620 [ece458fc-6687-4915-9be7-f98d86977b7d:group-AD8E4000A9B3:LeaderElection159] INFO  impl.LeaderElection (LeaderElection.java:askForVotes(181)) - ece458fc-6687-4915-9be7-f98d86977b7d:group-AD8E4000A9B3:LeaderElection159: begin an election at term 1 for -1: [ece458fc-6687-4915-9be7-f98d86977b7d:192.168.36.99:40344], old=null
2019-09-20 10:25:29,619 [e29464ab-17d7-4a4e-ab54-c178fccc723c-SegmentedRaftLogWorker:Storage Directory /workdir/hadoop-ozone/integration-test/target/test-dir/MiniOzoneClusterImpl-280c06ed-bcb5-4979-9226-67616719d9ed/datanode-2/data/ratis/0c8d45d9-620a-4b74-93e7-a41042af4d51] ERROR segmented.SegmentedRaftLogWorker (SegmentedRaftLogWorker.java:run(323)) - e29464ab-17d7-4a4e-ab54-c178fccc723c-SegmentedRaftLogWorker:Storage Directory /workdir/hadoop-ozone/integration-test/target/test-dir/MiniOzoneClusterImpl-280c06ed-bcb5-4979-9226-67616719d9ed/datanode-2/data/ratis/0c8d45d9-620a-4b74-93e7-a41042af4d51 hit exception
java.lang.OutOfMemoryError: Direct buffer memory
	at java.nio.Bits.reserveMemory(Bits.java:666)
	at java.nio.DirectByteBuffer.<init>(DirectByteBuffer.java:123)
	at java.nio.ByteBuffer.allocateDirect(ByteBuffer.java:311)
	at org.apache.ratis.server.raftlog.segmented.BufferedWriteChannel.<init>(BufferedWriteChannel.java:41)
	at org.apache.ratis.server.raftlog.segmented.SegmentedRaftLogOutputStream.<init>(SegmentedRaftLogOutputStream.java:72)
	at org.apache.ratis.server.raftlog.segmented.SegmentedRaftLogWorker$StartLogSegment.execute(SegmentedRaftLogWorker.java:566)
	at org.apache.ratis.server.raftlog.segmented.SegmentedRaftLogWorker.run(SegmentedRaftLogWorker.java:289)
	at java.lang.Thread.run(Thread.java:748)
2019-09-20 10:25:29,278 [7f6418e1-cc7a-441a-8f41-c73576b5a1c5:group-E502266162A0:LeaderElection151] INFO  impl.RoleInfo (RoleInfo.java:updateAndGet(143)) - 7f6418e1-cc7a-441a-8f41-c73576b5a1c5: start LeaderState
2019-09-20 10:25:29,278 [7f6418e1-cc7a-441a-8f41-c73576b5a1c5:group-1A1FC4652671:LeaderElection153] INFO  impl.LeaderElection (LeaderElection.java:askForVotes(181)) - 7f6418e1-cc7a-441a-8f41-c73576b5a1c5:group-1A1FC4652671:LeaderElection153: begin an election at term 1 for -1: [7f6418e1-cc7a-441a-8f41-c73576b5a1c5:192.168.36.99:40506], old=null
2019-09-20 10:25:29,278 [7f6418e1-cc7a-441a-8f41-c73576b5a1c5:group-E5BFBB287E2C:LeaderElection154] INFO  impl.LeaderElection (LeaderElection.java:askForVotes(181)) - 7f6418e1-cc7a-441a-8f41-c73576b5a1c5:group-E5BFBB287E2C:LeaderElection154: begin an election at term 1 for -1: [7f6418e1-cc7a-441a-8f41-c73576b5a1c5:192.168.36.99:40506], old=null
2019-09-20 10:25:29,623 [7f6418e1-cc7a-441a-8f41-c73576b5a1c5:group-E5BFBB287E2C:LeaderElection154] INFO  impl.RoleInfo (RoleInfo.java:shutdownLeaderElection(134)) - 7f6418e1-cc7a-441a-8f41-c73576b5a1c5: shutdown LeaderElection
2019-09-20 10:25:29,278 [ece458fc-6687-4915-9be7-f98d86977b7d:group-12B45CD6ECF8:LeaderElection155] INFO  impl.LeaderElection (LeaderElection.java:askForVotes(181)) - ece458fc-6687-4915-9be7-f98d86977b7d:group-12B45CD6ECF8:LeaderElection155: begin an election at term 1 for -1: [ece458fc-6687-4915-9be7-f98d86977b7d:192.168.36.99:40344], old=null
2019-09-20 10:25:29,278 [ece458fc-6687-4915-9be7-f98d86977b7d:group-3251D984BB60:LeaderElection158] INFO  impl.LeaderElection (LeaderElection.java:askForVotes(181)) - ece458fc-6687-4915-9be7-f98d86977b7d:group-3251D984BB60:LeaderElection158: begin an election at term 1 for -1: [ece458fc-6687-4915-9be7-f98d86977b7d:192.168.36.99:40344], old=null
2019-09-20 10:25:29,278 [ece458fc-6687-4915-9be7-f98d86977b7d:group-CE7DA6203BE1:LeaderElection157] INFO  impl.LeaderElection (LeaderElection.java:askForVotes(181)) - ece458fc-6687-4915-9be7-f98d86977b7d:group-CE7DA6203BE1:LeaderElection157: begin an election at term 1 for -1: [ece458fc-6687-4915-9be7-f98d86977b7d:192.168.36.99:40344], old=null
2019-09-20 10:25:29,274 [99153be1-ba81-4c7b-b6ab-4442760615cb-SegmentedRaftLogWorker:Storage Directory /workdir/hadoop-ozone/integration-test/target/test-dir/MiniOzoneClusterImpl-280c06ed-bcb5-4979-9226-67616719d9ed/datanode-1/data/ratis/349b8c6b-61a6-425a-80f9-685dc754e815] ERROR segmented.SegmentedRaftLogWorker (SegmentedRaftLogWorker.java:run(323)) - 99153be1-ba81-4c7b-b6ab-4442760615cb-SegmentedRaftLogWorker:Storage Directory /workdir/hadoop-ozone/integration-test/target/test-dir/MiniOzoneClusterImpl-280c06ed-bcb5-4979-9226-67616719d9ed/datanode-1/data/ratis/349b8c6b-61a6-425a-80f9-685dc754e815 hit exception
java.lang.OutOfMemoryError: Direct buffer memory
	at java.nio.Bits.reserveMemory(Bits.java:666)
	at java.nio.DirectByteBuffer.<init>(DirectByteBuffer.java:123)
	at java.nio.ByteBuffer.allocateDirect(ByteBuffer.java:311)
	at org.apache.ratis.server.raftlog.segmented.BufferedWriteChannel.<init>(BufferedWriteChannel.java:41)
	at org.apache.ratis.server.raftlog.segmented.SegmentedRaftLogOutputStream.<init>(SegmentedRaftLogOutputStream.java:72)
	at org.apache.ratis.server.raftlog.segmented.SegmentedRaftLogWorker$StartLogSegment.execute(SegmentedRaftLogWorker.java:566)
	at org.apache.ratis.server.raftlog.segmented.SegmentedRaftLogWorker.run(SegmentedRaftLogWorker.java:289)
	at java.lang.Thread.run(Thread.java:748)
2019-09-20 10:25:29,624 [99153be1-ba81-4c7b-b6ab-4442760615cb-SegmentedRaftLogWorker:Storage Directory /workdir/hadoop-ozone/integration-test/target/test-dir/MiniOzoneClusterImpl-280c06ed-bcb5-4979-9226-67616719d9ed/datanode-1/data/ratis/349b8c6b-61a6-425a-80f9-685dc754e815] INFO  impl.RaftServerImpl (RaftServerImpl.java:lambda$shutdown$3(245)) - 99153be1-ba81-4c7b-b6ab-4442760615cb: shutdown group-685DC754E815
2019-09-20 10:25:28,884 [1bfb6844-04ed-4104-839b-60e510b6bb68:group-127086B3354F:LeaderElection144] INFO  impl.RaftServerImpl (ServerState.java:setRaftConf(361)) - 1bfb6844-04ed-4104-839b-60e510b6bb68:group-127086B3354F set configuration 0: [1bfb6844-04ed-4104-839b-60e510b6bb68:192.168.36.99:44647], old=null at 0
2019-09-20 10:25:28,884 [7f6418e1-cc7a-441a-8f41-c73576b5a1c5:group-011E1CC6F6B5:LeaderElection152] INFO  server.RaftServerConfigKeys (ConfUtils.java:logGet(43)) - raft.server.watch.timeout = 10s (default)
2019-09-20 10:25:28,884 [99153be1-ba81-4c7b-b6ab-4442760615cb-SegmentedRaftLogWorker:Storage Directory /workdir/hadoop-ozone/integration-test/target/test-dir/MiniOzoneClusterImpl-280c06ed-bcb5-4979-9226-67616719d9ed/datanode-1/data/ratis/66d2ec1c-a7d3-4855-b686-d8066a925f3e] INFO  segmented.SegmentedRaftLogWorker (SegmentedRaftLogWorker.java:close(228)) - 99153be1-ba81-4c7b-b6ab-4442760615cb-SegmentedRaftLogWorker:Storage Directory /workdir/hadoop-ozone/integration-test/target/test-dir/MiniOzoneClusterImpl-280c06ed-bcb5-4979-9226-67616719d9ed/datanode-1/data/ratis/66d2ec1c-a7d3-4855-b686-d8066a925f3e close()
2019-09-20 10:25:28,883 [075fa85b-703c-4900-807d-88f08b36438a:group-B0B958123A92:LeaderElection142] INFO  server.RaftServerConfigKeys (ConfUtils.java:logGet(43)) - raft.server.watch.timeout.denomination = 1s (default)
2019-09-20 10:25:28,883 [1bfb6844-04ed-4104-839b-60e510b6bb68:group-55F61A620423:LeaderElection145] INFO  server.RaftServerConfigKeys (ConfUtils.java:logGet(43)) - raft.server.watch.element-limit = 65536 (default)
2019-09-20 10:25:29,643 [ece458fc-6687-4915-9be7-f98d86977b7d:group-253EBBA5E522:LeaderElection156] INFO  impl.LeaderElection (LeaderElection.java:askForVotes(181)) - ece458fc-6687-4915-9be7-f98d86977b7d:group-253EBBA5E522:LeaderElection156: begin an election at term 1 for -1: [ece458fc-6687-4915-9be7-f98d86977b7d:192.168.36.99:40344], old=null
2019-09-20 10:25:28,883 [1bfb6844-04ed-4104-839b-60e510b6bb68:group-9C7B24CF797E:LeaderElection143] INFO  impl.RoleInfo (RoleInfo.java:updateAndGet(143)) - 1bfb6844-04ed-4104-839b-60e510b6bb68: start LeaderState
2019-09-20 10:25:28,883 [fac63c4b-287e-453e-9ac7-8c8c283fdab7-SegmentedRaftLogWorker:Storage Directory /workdir/hadoop-ozone/integration-test/target/test-dir/MiniOzoneClusterImpl-280c06ed-bcb5-4979-9226-67616719d9ed/datanode-0/data/ratis/ecd7b46d-b01b-4d07-8997-23c9435a8786] INFO  impl.RaftServerImpl (ServerState.java:close(394)) - fac63c4b-287e-453e-9ac7-8c8c283fdab7:group-23C9435A8786 closes. The last applied log index is -1
2019-09-20 10:25:29,643 [ece458fc-6687-4915-9be7-f98d86977b7d:group-253EBBA5E522:LeaderElection156] INFO  impl.RoleInfo (RoleInfo.java:shutdownLeaderElection(134)) - ece458fc-6687-4915-9be7-f98d86977b7d: shutdown LeaderElection
2019-09-20 10:25:29,643 [ece458fc-6687-4915-9be7-f98d86977b7d:group-253EBBA5E522:LeaderElection156] INFO  impl.RaftServerImpl (RaftServerImpl.java:setRole(171)) - ece458fc-6687-4915-9be7-f98d86977b7d:group-253EBBA5E522 changes role from CANDIDATE to LEADER at term 1 for changeToLeader
2019-09-20 10:25:29,643 [1bfb6844-04ed-4104-839b-60e510b6bb68:group-55F61A620423:LeaderElection145] INFO  impl.RoleInfo (RoleInfo.java:updateAndGet(143)) - 1bfb6844-04ed-4104-839b-60e510b6bb68: start LeaderState
2019-09-20 10:25:29,643 [7f6418e1-cc7a-441a-8f41-c73576b5a1c5:group-0F27DB31D2D6:LeaderElection160] INFO  impl.LeaderElection (LeaderElection.java:askForVotes(181)) - 7f6418e1-cc7a-441a-8f41-c73576b5a1c5:group-0F27DB31D2D6:LeaderElection160: begin an election at term 1 for -1: [7f6418e1-cc7a-441a-8f41-c73576b5a1c5:192.168.36.99:40506], old=null
2019-09-20 10:25:29,644 [1bfb6844-04ed-4104-839b-60e510b6bb68:group-55F61A620423:LeaderElection145] INFO  segmented.SegmentedRaftLogWorker (SegmentedRaftLogWorker.java:startLogSegment(380)) - 1bfb6844-04ed-4104-839b-60e510b6bb68-SegmentedRaftLogWorker:Storage Directory /workdir/hadoop-ozone/integration-test/target/test-dir/MiniOzoneClusterImpl-280c06ed-bcb5-4979-9226-67616719d9ed/datanode-3/data/ratis/21ff9a42-4cf2-4e40-bc10-55f61a620423: Starting segment from index:0
2019-09-20 10:25:29,642 [075fa85b-703c-4900-807d-88f08b36438a:group-B0B958123A92:LeaderElection142] INFO  server.RaftServerConfigKeys (ConfUtils.java:logGet(43)) - raft.server.watch.element-limit = 65536 (default)
2019-09-20 10:25:29,624 [7f6418e1-cc7a-441a-8f41-c73576b5a1c5:group-011E1CC6F6B5:LeaderElection152] INFO  server.RaftServerConfigKeys (ConfUtils.java:logGet(43)) - raft.server.watch.timeout.denomination = 1s (default)
2019-09-20 10:25:30,007 | INFO  | SCMAudit | user=jenkins1000 | ip=192.168.36.99 | op=SEND_HEARTBEAT {datanodeUUID=19fb8383-7c99-4449-b95c-a26e71717844, command=[]} | ret=SUCCESS |  
2019-09-20 10:25:30,007 | INFO  | SCMAudit | user=jenkins1000 | ip=192.168.36.99 | op=SEND_HEARTBEAT {datanodeUUID=d2ed2d9b-7ac7-460e-84f6-6d9d6066f76d, command=[]} | ret=SUCCESS |  
2019-09-20 10:25:30,007 | INFO  | SCMAudit | user=jenkins1000 | ip=192.168.36.99 | op=SEND_HEARTBEAT {datanodeUUID=e8013689-2f13-4aaf-8a03-99f419c430ec, command=[]} | ret=SUCCESS |  
2019-09-20 10:25:30,007 | INFO  | SCMAudit | user=jenkins1000 | ip=192.168.36.99 | op=SEND_HEARTBEAT {datanodeUUID=54207fe5-d92c-4c2e-b058-fbae630dabef, command=[]} | ret=SUCCESS |  
2019-09-20 10:25:30,007 | INFO  | SCMAudit | user=jenkins1000 | ip=192.168.36.99 | op=SEND_HEARTBEAT {datanodeUUID=b5962e8e-c9f1-48aa-8eb4-d8f74b8afdbe, command=[]} | ret=SUCCESS |  
2019-09-20 10:25:30,007 | INFO  | SCMAudit | user=jenkins1000 | ip=192.168.36.99 | op=SEND_HEARTBEAT {datanodeUUID=bb8f5112-316d-4974-a5a6-f698f3fbb5be, command=[]} | ret=SUCCESS |  
2019-09-20 10:25:30,007 | INFO  | SCMAudit | user=jenkins1000 | ip=192.168.36.99 | op=SEND_HEARTBEAT {datanodeUUID=fac63c4b-287e-453e-9ac7-8c8c283fdab7, command=[]} | ret=SUCCESS |  
2019-09-20 10:25:30,007 | INFO  | SCMAudit | user=jenkins1000 | ip=192.168.36.99 | op=SEND_HEARTBEAT {datanodeUUID=136f1953-bb94-4097-a2d4-422a6782bee0, command=[]} | ret=SUCCESS |  
2019-09-20 10:25:30,007 | INFO  | SCMAudit | user=jenkins1000 | ip=192.168.36.99 | op=SEND_HEARTBEAT {datanodeUUID=9e03ffa9-cf79-407a-a150-4c035e5aec5e, command=[]} | ret=SUCCESS |  
2019-09-20 10:25:30,007 | INFO  | SCMAudit | user=jenkins1000 | ip=192.168.36.99 | op=SEND_HEARTBEAT {datanodeUUID=99153be1-ba81-4c7b-b6ab-4442760615cb, command=[]} | ret=SUCCESS |  
2019-09-20 10:25:30,008 | INFO  | SCMAudit | user=jenkins1000 | ip=192.168.36.99 | op=SEND_HEARTBEAT {datanodeUUID=ece458fc-6687-4915-9be7-f98d86977b7d, command=[]} | ret=SUCCESS |  
2019-09-20 10:25:30,008 | INFO  | SCMAudit | user=jenkins1000 | ip=192.168.36.99 | op=SEND_HEARTBEAT {datanodeUUID=66416d0b-a71c-4af1-ae3a-62ca63b880a3, command=[]} | ret=SUCCESS |  
2019-09-20 10:25:30,008 | INFO  | SCMAudit | user=jenkins1000 | ip=192.168.36.99 | op=SEND_HEARTBEAT {datanodeUUID=e29464ab-17d7-4a4e-ab54-c178fccc723c, command=[]} | ret=SUCCESS |  
2019-09-20 10:25:30,008 | INFO  | SCMAudit | user=jenkins1000 | ip=192.168.36.99 | op=SEND_HEARTBEAT {datanodeUUID=7af711bd-b5ae-4a73-a8be-b970cae6c2d1, command=[]} | ret=SUCCESS |  
2019-09-20 10:25:30,008 | INFO  | SCMAudit | user=jenkins1000 | ip=192.168.36.99 | op=SEND_HEARTBEAT {datanodeUUID=4d972e91-cb6b-45de-8bd2-c18af7abe58b, command=[]} | ret=SUCCESS |  
2019-09-20 10:25:30,008 | INFO  | SCMAudit | user=jenkins1000 | ip=192.168.36.99 | op=SEND_HEARTBEAT {datanodeUUID=c3e532f8-1a8e-44f3-b56b-d765aee893af, command=[]} | ret=SUCCESS |  
2019-09-20 10:25:30,008 | INFO  | SCMAudit | user=jenkins1000 | ip=192.168.36.99 | op=SEND_HEARTBEAT {datanodeUUID=61649f92-8c0f-475a-818d-1064548aeef6, command=[]} | ret=SUCCESS |  
2019-09-20 10:25:30,008 | INFO  | SCMAudit | user=jenkins1000 | ip=192.168.36.99 | op=SEND_HEARTBEAT {datanodeUUID=075fa85b-703c-4900-807d-88f08b36438a, command=[]} | ret=SUCCESS |  
2019-09-20 10:25:30,007 | INFO  | SCMAudit | user=jenkins1000 | ip=192.168.36.99 | op=SEND_HEARTBEAT {datanodeUUID=60260ec1-e192-4b95-89c8-d924d16a77a9, command=[]} | ret=SUCCESS |  
2019-09-20 10:25:30,007 | INFO  | SCMAudit | user=jenkins1000 | ip=192.168.36.99 | op=SEND_HEARTBEAT {datanodeUUID=6491c372-a595-4104-b3e9-c4f3293baafa, command=[]} | ret=SUCCESS |  
2019-09-20 10:25:30,007 | INFO  | SCMAudit | user=jenkins1000 | ip=192.168.36.99 | op=SEND_HEARTBEAT {datanodeUUID=cff8bf6b-8d20-4327-9f29-08a3c2b49247, command=[]} | ret=SUCCESS |  
2019-09-20 10:25:30,007 | INFO  | SCMAudit | user=jenkins1000 | ip=192.168.36.99 | op=SEND_HEARTBEAT {datanodeUUID=99e70dd4-d763-4473-944c-c5628506dcf8, command=[]} | ret=SUCCESS |  
2019-09-20 10:25:30,008 | INFO  | SCMAudit | user=jenkins1000 | ip=192.168.36.99 | op=SEND_HEARTBEAT {datanodeUUID=17e2ba94-38a1-40e7-84e0-f6802901db84, command=[]} | ret=SUCCESS |  
2019-09-20 10:25:30,007 | INFO  | SCMAudit | user=jenkins1000 | ip=192.168.36.99 | op=SEND_HEARTBEAT {datanodeUUID=1bfb6844-04ed-4104-839b-60e510b6bb68, command=[]} | ret=SUCCESS |  
2019-09-20 10:25:30,007 | INFO  | SCMAudit | user=jenkins1000 | ip=192.168.36.99 | op=SEND_HEARTBEAT {datanodeUUID=3d6f3241-e73c-473a-ad0b-c7be2f7e1dda, command=[]} | ret=SUCCESS |  
2019-09-20 10:25:30,007 | INFO  | SCMAudit | user=jenkins1000 | ip=192.168.36.99 | op=SEND_HEARTBEAT {datanodeUUID=1ab786b9-c79c-4265-88a1-5b3344c6beda, command=[]} | ret=SUCCESS |  
2019-09-20 10:25:30,007 | INFO  | SCMAudit | user=jenkins1000 | ip=192.168.36.99 | op=SEND_HEARTBEAT {datanodeUUID=468be06f-55e9-4831-ba6b-3db017451a79, command=[]} | ret=SUCCESS |  
2019-09-20 10:25:29,624 [99153be1-ba81-4c7b-b6ab-4442760615cb-SegmentedRaftLogWorker:Storage Directory /workdir/hadoop-ozone/integration-test/target/test-dir/MiniOzoneClusterImpl-280c06ed-bcb5-4979-9226-67616719d9ed/datanode-1/data/ratis/349b8c6b-61a6-425a-80f9-685dc754e815] INFO  util.JmxRegister (JmxRegister.java:unregister(73)) - Successfully un-registered JMX Bean with object name Ratis:service=RaftServer,group=group-685DC754E815,id=99153be1-ba81-4c7b-b6ab-4442760615cb
2019-09-20 10:25:29,623 [ece458fc-6687-4915-9be7-f98d86977b7d:group-CE7DA6203BE1:LeaderElection157] INFO  impl.RoleInfo (RoleInfo.java:shutdownLeaderElection(134)) - ece458fc-6687-4915-9be7-f98d86977b7d: shutdown LeaderElection
2019-09-20 10:25:29,623 [ece458fc-6687-4915-9be7-f98d86977b7d:group-3251D984BB60:LeaderElection158] INFO  impl.RoleInfo (RoleInfo.java:shutdownLeaderElection(134)) - ece458fc-6687-4915-9be7-f98d86977b7d: shutdown LeaderElection
2019-09-20 10:25:29,623 [ece458fc-6687-4915-9be7-f98d86977b7d:group-12B45CD6ECF8:LeaderElection155] INFO  impl.RoleInfo (RoleInfo.java:shutdownLeaderElection(134)) - ece458fc-6687-4915-9be7-f98d86977b7d: shutdown LeaderElection
2019-09-20 10:25:29,623 [7f6418e1-cc7a-441a-8f41-c73576b5a1c5:group-E5BFBB287E2C:LeaderElection154] INFO  impl.RaftServerImpl (RaftServerImpl.java:setRole(171)) - 7f6418e1-cc7a-441a-8f41-c73576b5a1c5:group-E5BFBB287E2C changes role from CANDIDATE to LEADER at term 1 for changeToLeader
2019-09-20 10:25:30,010 [7f6418e1-cc7a-441a-8f41-c73576b5a1c5:group-E5BFBB287E2C:LeaderElection154] INFO  impl.RaftServerImpl (ServerState.java:setLeader(263)) - 7f6418e1-cc7a-441a-8f41-c73576b5a1c5:group-E5BFBB287E2C change Leader from null to 7f6418e1-cc7a-441a-8f41-c73576b5a1c5 at term 1 for becomeLeader, leader elected after 7910ms
2019-09-20 10:25:29,623 [7f6418e1-cc7a-441a-8f41-c73576b5a1c5:group-1A1FC4652671:LeaderElection153] INFO  impl.RoleInfo (RoleInfo.java:shutdownLeaderElection(134)) - 7f6418e1-cc7a-441a-8f41-c73576b5a1c5: shutdown LeaderElection
2019-09-20 10:25:29,623 [7f6418e1-cc7a-441a-8f41-c73576b5a1c5:group-E502266162A0:LeaderElection151] INFO  segmented.SegmentedRaftLogWorker (SegmentedRaftLogWorker.java:startLogSegment(380)) - 7f6418e1-cc7a-441a-8f41-c73576b5a1c5-SegmentedRaftLogWorker:Storage Directory /workdir/hadoop-ozone/integration-test/target/test-dir/MiniOzoneClusterImpl-280c06ed-bcb5-4979-9226-67616719d9ed/datanode-5/data/ratis/fc84d5ff-ee7f-44b3-97f2-e502266162a0: Starting segment from index:0
2019-09-20 10:25:29,622 [e29464ab-17d7-4a4e-ab54-c178fccc723c-SegmentedRaftLogWorker:Storage Directory /workdir/hadoop-ozone/integration-test/target/test-dir/MiniOzoneClusterImpl-280c06ed-bcb5-4979-9226-67616719d9ed/datanode-2/data/ratis/0c8d45d9-620a-4b74-93e7-a41042af4d51] INFO  impl.RaftServerImpl (RaftServerImpl.java:lambda$shutdown$3(245)) - e29464ab-17d7-4a4e-ab54-c178fccc723c: shutdown group-A41042AF4D51
2019-09-20 10:25:29,622 [ece458fc-6687-4915-9be7-f98d86977b7d:group-AD8E4000A9B3:LeaderElection159] INFO  impl.RoleInfo (RoleInfo.java:shutdownLeaderElection(134)) - ece458fc-6687-4915-9be7-f98d86977b7d: shutdown LeaderElection
2019-09-20 10:25:30,010 [ece458fc-6687-4915-9be7-f98d86977b7d:group-AD8E4000A9B3:LeaderElection159] INFO  impl.RaftServerImpl (RaftServerImpl.java:setRole(171)) - ece458fc-6687-4915-9be7-f98d86977b7d:group-AD8E4000A9B3 changes role from CANDIDATE to LEADER at term 1 for changeToLeader
2019-09-20 10:25:30,423 [ece458fc-6687-4915-9be7-f98d86977b7d:group-AD8E4000A9B3:LeaderElection159] INFO  impl.RaftServerImpl (ServerState.java:setLeader(263)) - ece458fc-6687-4915-9be7-f98d86977b7d:group-AD8E4000A9B3 change Leader from null to ece458fc-6687-4915-9be7-f98d86977b7d at term 1 for becomeLeader, leader elected after 8198ms
2019-09-20 10:25:29,622 [7f6418e1-cc7a-441a-8f41-c73576b5a1c5:group-78AA40479DD8:LeaderElection150] INFO  impl.RoleInfo (RoleInfo.java:updateAndGet(143)) - 7f6418e1-cc7a-441a-8f41-c73576b5a1c5: start LeaderState
2019-09-20 10:25:29,621 [075fa85b-703c-4900-807d-88f08b36438a:group-C6760B479523:LeaderElection147] INFO  impl.RoleInfo (RoleInfo.java:updateAndGet(143)) - 075fa85b-703c-4900-807d-88f08b36438a: start LeaderState
2019-09-20 10:25:30,424 [7f6418e1-cc7a-441a-8f41-c73576b5a1c5:group-78AA40479DD8:LeaderElection150] INFO  segmented.SegmentedRaftLogWorker (SegmentedRaftLogWorker.java:startLogSegment(380)) - 7f6418e1-cc7a-441a-8f41-c73576b5a1c5-SegmentedRaftLogWorker:Storage Directory /workdir/hadoop-ozone/integration-test/target/test-dir/MiniOzoneClusterImpl-280c06ed-bcb5-4979-9226-67616719d9ed/datanode-5/data/ratis/111c82a6-d1fa-4f1e-a624-78aa40479dd8: Starting segment from index:0
2019-09-20 10:25:30,424 [075fa85b-703c-4900-807d-88f08b36438a:group-C6760B479523:LeaderElection147] INFO  segmented.SegmentedRaftLogWorker (SegmentedRaftLogWorker.java:startLogSegment(380)) - 075fa85b-703c-4900-807d-88f08b36438a-SegmentedRaftLogWorker:Storage Directory /workdir/hadoop-ozone/integration-test/target/test-dir/MiniOzoneClusterImpl-280c06ed-bcb5-4979-9226-67616719d9ed/datanode-4/data/ratis/ebbe3e41-bf36-45ce-9bb6-c6760b479523: Starting segment from index:0
2019-09-20 10:25:29,621 [075fa85b-703c-4900-807d-88f08b36438a:group-D8127BE90FD8:LeaderElection146] INFO  segmented.SegmentedRaftLogWorker (SegmentedRaftLogWorker.java:startLogSegment(380)) - 075fa85b-703c-4900-807d-88f08b36438a-SegmentedRaftLogWorker:Storage Directory /workdir/hadoop-ozone/integration-test/target/test-dir/MiniOzoneClusterImpl-280c06ed-bcb5-4979-9226-67616719d9ed/datanode-4/data/ratis/f1e051e5-bd96-4311-9bb0-d8127be90fd8: Starting segment from index:0
2019-09-20 10:25:29,621 [075fa85b-703c-4900-807d-88f08b36438a:group-91196F455865:LeaderElection148] INFO  impl.RoleInfo (RoleInfo.java:updateAndGet(143)) - 075fa85b-703c-4900-807d-88f08b36438a: start LeaderState
2019-09-20 10:25:30,822 | INFO  | SCMAudit | user=jenkins1000 | ip=192.168.36.99 | op=SEND_HEARTBEAT {datanodeUUID=7f6418e1-cc7a-441a-8f41-c73576b5a1c5, command=[]} | ret=SUCCESS |  
2019-09-20 10:25:29,621 [075fa85b-703c-4900-807d-88f08b36438a:group-F3EA30D046C0:LeaderElection149] INFO  impl.RoleInfo (RoleInfo.java:updateAndGet(143)) - 075fa85b-703c-4900-807d-88f08b36438a: start LeaderState
2019-09-20 10:25:31,580 | INFO  | SCMAudit | user=jenkins1000 | ip=192.168.36.99 | op=SEND_HEARTBEAT {datanodeUUID=e8013689-2f13-4aaf-8a03-99f419c430ec, command=[]} | ret=SUCCESS |  
2019-09-20 10:25:31,580 | INFO  | SCMAudit | user=jenkins1000 | ip=192.168.36.99 | op=SEND_HEARTBEAT {datanodeUUID=b5962e8e-c9f1-48aa-8eb4-d8f74b8afdbe, command=[]} | ret=SUCCESS |  
2019-09-20 10:25:31,581 | INFO  | SCMAudit | user=jenkins1000 | ip=192.168.36.99 | op=SEND_HEARTBEAT {datanodeUUID=468be06f-55e9-4831-ba6b-3db017451a79, command=[]} | ret=SUCCESS |  
2019-09-20 10:25:31,580 | INFO  | SCMAudit | user=jenkins1000 | ip=192.168.36.99 | op=SEND_HEARTBEAT {datanodeUUID=19fb8383-7c99-4449-b95c-a26e71717844, command=[]} | ret=SUCCESS |  
2019-09-20 10:25:31,580 | INFO  | SCMAudit | user=jenkins1000 | ip=192.168.36.99 | op=SEND_HEARTBEAT {datanodeUUID=bb8f5112-316d-4974-a5a6-f698f3fbb5be, command=[]} | ret=SUCCESS |  
2019-09-20 10:25:31,580 | INFO  | SCMAudit | user=jenkins1000 | ip=192.168.36.99 | op=SEND_HEARTBEAT {datanodeUUID=9e03ffa9-cf79-407a-a150-4c035e5aec5e, command=[]} | ret=SUCCESS |  
2019-09-20 10:25:31,580 | INFO  | SCMAudit | user=jenkins1000 | ip=192.168.36.99 | op=SEND_HEARTBEAT {datanodeUUID=61649f92-8c0f-475a-818d-1064548aeef6, command=[]} | ret=SUCCESS |  
2019-09-20 10:25:31,581 | INFO  | SCMAudit | user=jenkins1000 | ip=192.168.36.99 | op=SEND_HEARTBEAT {datanodeUUID=60260ec1-e192-4b95-89c8-d924d16a77a9, command=[]} | ret=SUCCESS |  
2019-09-20 10:25:31,581 | INFO  | SCMAudit | user=jenkins1000 | ip=192.168.36.99 | op=SEND_HEARTBEAT {datanodeUUID=d2ed2d9b-7ac7-460e-84f6-6d9d6066f76d, command=[]} | ret=SUCCESS |  
2019-09-20 10:25:31,581 | INFO  | SCMAudit | user=jenkins1000 | ip=192.168.36.99 | op=SEND_HEARTBEAT {datanodeUUID=6491c372-a595-4104-b3e9-c4f3293baafa, command=[]} | ret=SUCCESS |  
2019-09-20 10:25:31,580 | INFO  | SCMAudit | user=jenkins1000 | ip=192.168.36.99 | op=SEND_HEARTBEAT {datanodeUUID=54207fe5-d92c-4c2e-b058-fbae630dabef, command=[]} | ret=SUCCESS |  
2019-09-20 10:25:31,581 | INFO  | SCMAudit | user=jenkins1000 | ip=192.168.36.99 | op=SEND_HEARTBEAT {datanodeUUID=99e70dd4-d763-4473-944c-c5628506dcf8, command=[]} | ret=SUCCESS |  
2019-09-20 10:25:31,581 | INFO  | SCMAudit | user=jenkins1000 | ip=192.168.36.99 | op=SEND_HEARTBEAT {datanodeUUID=136f1953-bb94-4097-a2d4-422a6782bee0, command=[]} | ret=SUCCESS |  
2019-09-20 10:25:31,581 | INFO  | SCMAudit | user=jenkins1000 | ip=192.168.36.99 | op=SEND_HEARTBEAT {datanodeUUID=cff8bf6b-8d20-4327-9f29-08a3c2b49247, command=[]} | ret=SUCCESS |  
2019-09-20 10:25:31,582 | INFO  | SCMAudit | user=jenkins1000 | ip=192.168.36.99 | op=SEND_HEARTBEAT {datanodeUUID=e29464ab-17d7-4a4e-ab54-c178fccc723c, command=[]} | ret=SUCCESS |  
2019-09-20 10:25:31,582 | INFO  | SCMAudit | user=jenkins1000 | ip=192.168.36.99 | op=SEND_HEARTBEAT {datanodeUUID=ece458fc-6687-4915-9be7-f98d86977b7d, command=[]} | ret=SUCCESS |  
2019-09-20 10:25:31,582 | INFO  | SCMAudit | user=jenkins1000 | ip=192.168.36.99 | op=SEND_HEARTBEAT {datanodeUUID=fac63c4b-287e-453e-9ac7-8c8c283fdab7, command=[]} | ret=SUCCESS |  
2019-09-20 10:25:31,582 | INFO  | SCMAudit | user=jenkins1000 | ip=192.168.36.99 | op=SEND_HEARTBEAT {datanodeUUID=99153be1-ba81-4c7b-b6ab-4442760615cb, command=[]} | ret=SUCCESS |  
2019-09-20 10:25:31,582 | INFO  | SCMAudit | user=jenkins1000 | ip=192.168.36.99 | op=SEND_HEARTBEAT {datanodeUUID=17e2ba94-38a1-40e7-84e0-f6802901db84, command=[]} | ret=SUCCESS |  
2019-09-20 10:25:31,582 | INFO  | SCMAudit | user=jenkins1000 | ip=192.168.36.99 | op=SEND_HEARTBEAT {datanodeUUID=c3e532f8-1a8e-44f3-b56b-d765aee893af, command=[]} | ret=SUCCESS |  
2019-09-20 10:25:31,582 | INFO  | SCMAudit | user=jenkins1000 | ip=192.168.36.99 | op=SEND_HEARTBEAT {datanodeUUID=7af711bd-b5ae-4a73-a8be-b970cae6c2d1, command=[]} | ret=SUCCESS |  
2019-09-20 10:25:31,582 | INFO  | SCMAudit | user=jenkins1000 | ip=192.168.36.99 | op=SEND_HEARTBEAT {datanodeUUID=1bfb6844-04ed-4104-839b-60e510b6bb68, command=[]} | ret=SUCCESS |  
2019-09-20 10:25:31,583 | INFO  | SCMAudit | user=jenkins1000 | ip=192.168.36.99 | op=SEND_HEARTBEAT {datanodeUUID=66416d0b-a71c-4af1-ae3a-62ca63b880a3, command=[]} | ret=SUCCESS |  
2019-09-20 10:25:31,583 | INFO  | SCMAudit | user=jenkins1000 | ip=192.168.36.99 | op=SEND_HEARTBEAT {datanodeUUID=3d6f3241-e73c-473a-ad0b-c7be2f7e1dda, command=[]} | ret=SUCCESS |  
2019-09-20 10:25:31,582 | INFO  | SCMAudit | user=jenkins1000 | ip=192.168.36.99 | op=SEND_HEARTBEAT {datanodeUUID=4d972e91-cb6b-45de-8bd2-c18af7abe58b, command=[]} | ret=SUCCESS |  
2019-09-20 10:25:31,583 | INFO  | SCMAudit | user=jenkins1000 | ip=192.168.36.99 | op=SEND_HEARTBEAT {datanodeUUID=075fa85b-703c-4900-807d-88f08b36438a, command=[]} | ret=SUCCESS |  
2019-09-20 10:25:31,583 | INFO  | SCMAudit | user=jenkins1000 | ip=192.168.36.99 | op=SEND_HEARTBEAT {datanodeUUID=1ab786b9-c79c-4265-88a1-5b3344c6beda, command=[]} | ret=SUCCESS |  
2019-09-20 10:25:30,822 [075fa85b-703c-4900-807d-88f08b36438a:group-C6760B479523:LeaderElection147] INFO  impl.RaftServerImpl (ServerState.java:setRaftConf(361)) - 075fa85b-703c-4900-807d-88f08b36438a:group-C6760B479523 set configuration 0: [075fa85b-703c-4900-807d-88f08b36438a:192.168.36.99:38301], old=null at 0
2019-09-20 10:25:30,821 [Thread-1679] WARN  util.JavaUtils (JavaUtils.java:sleep(250)) - Unexpected long sleep: sleep(5078ms) actually took 5386ms which is over the threshold 300ms
2019-09-20 10:25:30,821 [Thread-1689] INFO  impl.FollowerState (FollowerState.java:run(106)) - fac63c4b-287e-453e-9ac7-8c8c283fdab7:group-39F7007D2871 changes to CANDIDATE, lastRpcTime:11058, electionTimeout:5027ms
2019-09-20 10:25:30,821 [Thread-1685] INFO  impl.FollowerState (FollowerState.java:run(106)) - fac63c4b-287e-453e-9ac7-8c8c283fdab7:group-92B61ACBDA5D changes to CANDIDATE, lastRpcTime:11127, electionTimeout:5134ms
2019-09-20 10:25:30,809 [075fa85b-703c-4900-807d-88f08b36438a:group-D8127BE90FD8:LeaderElection146] INFO  impl.RaftServerImpl (ServerState.java:setRaftConf(361)) - 075fa85b-703c-4900-807d-88f08b36438a:group-D8127BE90FD8 set configuration 0: [075fa85b-703c-4900-807d-88f08b36438a:192.168.36.99:38301], old=null at 0
2019-09-20 10:25:30,809 [Thread-1696] INFO  impl.FollowerState (FollowerState.java:run(106)) - 99153be1-ba81-4c7b-b6ab-4442760615cb:group-9EC3DCF23BFA changes to CANDIDATE, lastRpcTime:10764, electionTimeout:5141ms
2019-09-20 10:25:30,809 [Thread-1682] INFO  impl.FollowerState (FollowerState.java:run(106)) - fac63c4b-287e-453e-9ac7-8c8c283fdab7:group-A60E90D6B906 changes to CANDIDATE, lastRpcTime:11174, electionTimeout:5150ms
2019-09-20 10:25:30,809 [e29464ab-17d7-4a4e-ab54-c178fccc723c-SegmentedRaftLogWorker:Storage Directory /workdir/hadoop-ozone/integration-test/target/test-dir/MiniOzoneClusterImpl-280c06ed-bcb5-4979-9226-67616719d9ed/datanode-2/data/ratis/7496f4b4-b2c4-4381-83be-487d388bdfad] ERROR segmented.SegmentedRaftLogWorker (SegmentedRaftLogWorker.java:run(323)) - e29464ab-17d7-4a4e-ab54-c178fccc723c-SegmentedRaftLogWorker:Storage Directory /workdir/hadoop-ozone/integration-test/target/test-dir/MiniOzoneClusterImpl-280c06ed-bcb5-4979-9226-67616719d9ed/datanode-2/data/ratis/7496f4b4-b2c4-4381-83be-487d388bdfad hit exception
java.lang.OutOfMemoryError: Direct buffer memory
	at java.nio.Bits.reserveMemory(Bits.java:666)
	at java.nio.DirectByteBuffer.<init>(DirectByteBuffer.java:123)
	at java.nio.ByteBuffer.allocateDirect(ByteBuffer.java:311)
	at org.apache.ratis.server.raftlog.segmented.BufferedWriteChannel.<init>(BufferedWriteChannel.java:41)
	at org.apache.ratis.server.raftlog.segmented.SegmentedRaftLogOutputStream.<init>(SegmentedRaftLogOutputStream.java:72)
	at org.apache.ratis.server.raftlog.segmented.SegmentedRaftLogWorker$StartLogSegment.execute(SegmentedRaftLogWorker.java:566)
	at org.apache.ratis.server.raftlog.segmented.SegmentedRaftLogWorker.run(SegmentedRaftLogWorker.java:289)
	at java.lang.Thread.run(Thread.java:748)
2019-09-20 10:25:31,593 [e29464ab-17d7-4a4e-ab54-c178fccc723c-SegmentedRaftLogWorker:Storage Directory /workdir/hadoop-ozone/integration-test/target/test-dir/MiniOzoneClusterImpl-280c06ed-bcb5-4979-9226-67616719d9ed/datanode-2/data/ratis/7496f4b4-b2c4-4381-83be-487d388bdfad] INFO  impl.RaftServerImpl (RaftServerImpl.java:lambda$shutdown$3(245)) - e29464ab-17d7-4a4e-ab54-c178fccc723c: shutdown group-487D388BDFAD
2019-09-20 10:25:30,425 [7f6418e1-cc7a-441a-8f41-c73576b5a1c5:group-78AA40479DD8:LeaderElection150] INFO  impl.RaftServerImpl (ServerState.java:setRaftConf(361)) - 7f6418e1-cc7a-441a-8f41-c73576b5a1c5:group-78AA40479DD8 set configuration 0: [7f6418e1-cc7a-441a-8f41-c73576b5a1c5:192.168.36.99:40506], old=null at 0
2019-09-20 10:25:30,424 [ece458fc-6687-4915-9be7-f98d86977b7d:group-AD8E4000A9B3:LeaderElection159] INFO  server.RaftServerConfigKeys (ConfUtils.java:logGet(43)) - raft.server.staging.catchup.gap = 1000 (default)
2019-09-20 10:25:30,423 [7f6418e1-cc7a-441a-8f41-c73576b5a1c5:group-E502266162A0:LeaderElection151] INFO  impl.RaftServerImpl (ServerState.java:setRaftConf(361)) - 7f6418e1-cc7a-441a-8f41-c73576b5a1c5:group-E502266162A0 set configuration 0: [7f6418e1-cc7a-441a-8f41-c73576b5a1c5:192.168.36.99:40506], old=null at 0
2019-09-20 10:25:30,421 [1bfb6844-04ed-4104-839b-60e510b6bb68-SegmentedRaftLogWorker:Storage Directory /workdir/hadoop-ozone/integration-test/target/test-dir/MiniOzoneClusterImpl-280c06ed-bcb5-4979-9226-67616719d9ed/datanode-3/data/ratis/cf0edf38-4f7d-443f-a3f6-6aa3ddc6c181] ERROR segmented.SegmentedRaftLogWorker (SegmentedRaftLogWorker.java:run(323)) - 1bfb6844-04ed-4104-839b-60e510b6bb68-SegmentedRaftLogWorker:Storage Directory /workdir/hadoop-ozone/integration-test/target/test-dir/MiniOzoneClusterImpl-280c06ed-bcb5-4979-9226-67616719d9ed/datanode-3/data/ratis/cf0edf38-4f7d-443f-a3f6-6aa3ddc6c181 hit exception
java.lang.OutOfMemoryError: Direct buffer memory
	at java.nio.Bits.reserveMemory(Bits.java:666)
	at java.nio.DirectByteBuffer.<init>(DirectByteBuffer.java:123)
	at java.nio.ByteBuffer.allocateDirect(ByteBuffer.java:311)
	at org.apache.ratis.server.raftlog.segmented.BufferedWriteChannel.<init>(BufferedWriteChannel.java:41)
	at org.apache.ratis.server.raftlog.segmented.SegmentedRaftLogOutputStream.<init>(SegmentedRaftLogOutputStream.java:72)
	at org.apache.ratis.server.raftlog.segmented.SegmentedRaftLogWorker$StartLogSegment.execute(SegmentedRaftLogWorker.java:566)
	at org.apache.ratis.server.raftlog.segmented.SegmentedRaftLogWorker.run(SegmentedRaftLogWorker.java:289)
	at java.lang.Thread.run(Thread.java:748)
2019-09-20 10:25:31,593 [1bfb6844-04ed-4104-839b-60e510b6bb68-SegmentedRaftLogWorker:Storage Directory /workdir/hadoop-ozone/integration-test/target/test-dir/MiniOzoneClusterImpl-280c06ed-bcb5-4979-9226-67616719d9ed/datanode-3/data/ratis/cf0edf38-4f7d-443f-a3f6-6aa3ddc6c181] INFO  impl.RaftServerImpl (RaftServerImpl.java:lambda$shutdown$3(245)) - 1bfb6844-04ed-4104-839b-60e510b6bb68: shutdown group-6AA3DDC6C181
2019-09-20 10:25:30,421 [1bfb6844-04ed-4104-839b-60e510b6bb68-SegmentedRaftLogWorker:Storage Directory /workdir/hadoop-ozone/integration-test/target/test-dir/MiniOzoneClusterImpl-280c06ed-bcb5-4979-9226-67616719d9ed/datanode-3/data/ratis/cb47917b-0b43-40d6-b53f-f0fd01d7a7aa] ERROR segmented.SegmentedRaftLogWorker (SegmentedRaftLogWorker.java:run(323)) - 1bfb6844-04ed-4104-839b-60e510b6bb68-SegmentedRaftLogWorker:Storage Directory /workdir/hadoop-ozone/integration-test/target/test-dir/MiniOzoneClusterImpl-280c06ed-bcb5-4979-9226-67616719d9ed/datanode-3/data/ratis/cb47917b-0b43-40d6-b53f-f0fd01d7a7aa hit exception
java.lang.OutOfMemoryError: Direct buffer memory
	at java.nio.Bits.reserveMemory(Bits.java:666)
	at java.nio.DirectByteBuffer.<init>(DirectByteBuffer.java:123)
	at java.nio.ByteBuffer.allocateDirect(ByteBuffer.java:311)
	at org.apache.ratis.server.raftlog.segmented.BufferedWriteChannel.<init>(BufferedWriteChannel.java:41)
	at org.apache.ratis.server.raftlog.segmented.SegmentedRaftLogOutputStream.<init>(SegmentedRaftLogOutputStream.java:72)
	at org.apache.ratis.server.raftlog.segmented.SegmentedRaftLogWorker$StartLogSegment.execute(SegmentedRaftLogWorker.java:566)
	at org.apache.ratis.server.raftlog.segmented.SegmentedRaftLogWorker.run(SegmentedRaftLogWorker.java:289)
	at java.lang.Thread.run(Thread.java:748)
2019-09-20 10:25:30,010 [e29464ab-17d7-4a4e-ab54-c178fccc723c-SegmentedRaftLogWorker:Storage Directory /workdir/hadoop-ozone/integration-test/target/test-dir/MiniOzoneClusterImpl-280c06ed-bcb5-4979-9226-67616719d9ed/datanode-2/data/ratis/0c8d45d9-620a-4b74-93e7-a41042af4d51] INFO  util.JmxRegister (JmxRegister.java:unregister(73)) - Successfully un-registered JMX Bean with object name Ratis:service=RaftServer,group=group-A41042AF4D51,id=e29464ab-17d7-4a4e-ab54-c178fccc723c
2019-09-20 10:25:30,010 [7f6418e1-cc7a-441a-8f41-c73576b5a1c5:group-1A1FC4652671:LeaderElection153] INFO  impl.RaftServerImpl (RaftServerImpl.java:setRole(171)) - 7f6418e1-cc7a-441a-8f41-c73576b5a1c5:group-1A1FC4652671 changes role from CANDIDATE to LEADER at term 1 for changeToLeader
2019-09-20 10:25:30,010 [7f6418e1-cc7a-441a-8f41-c73576b5a1c5:group-E5BFBB287E2C:LeaderElection154] INFO  server.RaftServerConfigKeys (ConfUtils.java:logGet(43)) - raft.server.staging.catchup.gap = 1000 (default)
2019-09-20 10:25:30,009 [ece458fc-6687-4915-9be7-f98d86977b7d:group-12B45CD6ECF8:LeaderElection155] INFO  impl.RaftServerImpl (RaftServerImpl.java:setRole(171)) - ece458fc-6687-4915-9be7-f98d86977b7d:group-12B45CD6ECF8 changes role from CANDIDATE to LEADER at term 1 for changeToLeader
2019-09-20 10:25:30,009 [ece458fc-6687-4915-9be7-f98d86977b7d:group-3251D984BB60:LeaderElection158] INFO  impl.RaftServerImpl (RaftServerImpl.java:setRole(171)) - ece458fc-6687-4915-9be7-f98d86977b7d:group-3251D984BB60 changes role from CANDIDATE to LEADER at term 1 for changeToLeader
2019-09-20 10:25:31,642 [ece458fc-6687-4915-9be7-f98d86977b7d:group-3251D984BB60:LeaderElection158] INFO  impl.RaftServerImpl (ServerState.java:setLeader(263)) - ece458fc-6687-4915-9be7-f98d86977b7d:group-3251D984BB60 change Leader from null to ece458fc-6687-4915-9be7-f98d86977b7d at term 1 for becomeLeader, leader elected after 9087ms
2019-09-20 10:25:30,009 [ece458fc-6687-4915-9be7-f98d86977b7d:group-CE7DA6203BE1:LeaderElection157] INFO  impl.RaftServerImpl (RaftServerImpl.java:setRole(171)) - ece458fc-6687-4915-9be7-f98d86977b7d:group-CE7DA6203BE1 changes role from CANDIDATE to LEADER at term 1 for changeToLeader
2019-09-20 10:25:30,009 [99153be1-ba81-4c7b-b6ab-4442760615cb-SegmentedRaftLogWorker:Storage Directory /workdir/hadoop-ozone/integration-test/target/test-dir/MiniOzoneClusterImpl-280c06ed-bcb5-4979-9226-67616719d9ed/datanode-1/data/ratis/349b8c6b-61a6-425a-80f9-685dc754e815] INFO  impl.RoleInfo (RoleInfo.java:shutdownLeaderState(104)) - 99153be1-ba81-4c7b-b6ab-4442760615cb: shutdown LeaderState
2019-09-20 10:25:30,009 [1bfb6844-04ed-4104-839b-60e510b6bb68:group-55F61A620423:LeaderElection145] INFO  impl.RaftServerImpl (ServerState.java:setRaftConf(361)) - 1bfb6844-04ed-4104-839b-60e510b6bb68:group-55F61A620423 set configuration 0: [1bfb6844-04ed-4104-839b-60e510b6bb68:192.168.36.99:44647], old=null at 0
2019-09-20 10:25:29,994 [99153be1-ba81-4c7b-b6ab-4442760615cb-SegmentedRaftLogWorker:Storage Directory /workdir/hadoop-ozone/integration-test/target/test-dir/MiniOzoneClusterImpl-280c06ed-bcb5-4979-9226-67616719d9ed/datanode-1/data/ratis/ac254c74-aa75-4afc-9c99-19027d6fd54f] ERROR segmented.SegmentedRaftLogWorker (SegmentedRaftLogWorker.java:run(323)) - 99153be1-ba81-4c7b-b6ab-4442760615cb-SegmentedRaftLogWorker:Storage Directory /workdir/hadoop-ozone/integration-test/target/test-dir/MiniOzoneClusterImpl-280c06ed-bcb5-4979-9226-67616719d9ed/datanode-1/data/ratis/ac254c74-aa75-4afc-9c99-19027d6fd54f hit exception
java.lang.OutOfMemoryError: Direct buffer memory
	at java.nio.Bits.reserveMemory(Bits.java:666)
	at java.nio.DirectByteBuffer.<init>(DirectByteBuffer.java:123)
	at java.nio.ByteBuffer.allocateDirect(ByteBuffer.java:311)
	at org.apache.ratis.server.raftlog.segmented.BufferedWriteChannel.<init>(BufferedWriteChannel.java:41)
	at org.apache.ratis.server.raftlog.segmented.SegmentedRaftLogOutputStream.<init>(SegmentedRaftLogOutputStream.java:72)
	at org.apache.ratis.server.raftlog.segmented.SegmentedRaftLogWorker$StartLogSegment.execute(SegmentedRaftLogWorker.java:566)
	at org.apache.ratis.server.raftlog.segmented.SegmentedRaftLogWorker.run(SegmentedRaftLogWorker.java:289)
	at java.lang.Thread.run(Thread.java:748)
2019-09-20 10:25:31,643 [99153be1-ba81-4c7b-b6ab-4442760615cb-SegmentedRaftLogWorker:Storage Directory /workdir/hadoop-ozone/integration-test/target/test-dir/MiniOzoneClusterImpl-280c06ed-bcb5-4979-9226-67616719d9ed/datanode-1/data/ratis/ac254c74-aa75-4afc-9c99-19027d6fd54f] INFO  impl.RaftServerImpl (RaftServerImpl.java:lambda$shutdown$3(245)) - 99153be1-ba81-4c7b-b6ab-4442760615cb: shutdown group-19027D6FD54F
2019-09-20 10:25:29,644 [7f6418e1-cc7a-441a-8f41-c73576b5a1c5:group-011E1CC6F6B5:LeaderElection152] INFO  server.RaftServerConfigKeys (ConfUtils.java:logGet(43)) - raft.server.watch.element-limit = 65536 (default)
2019-09-20 10:25:29,644 [075fa85b-703c-4900-807d-88f08b36438a:group-B0B958123A92:LeaderElection142] INFO  impl.RoleInfo (RoleInfo.java:updateAndGet(143)) - 075fa85b-703c-4900-807d-88f08b36438a: start LeaderState
2019-09-20 10:25:29,644 [7f6418e1-cc7a-441a-8f41-c73576b5a1c5:group-0F27DB31D2D6:LeaderElection160] INFO  impl.RoleInfo (RoleInfo.java:shutdownLeaderElection(134)) - 7f6418e1-cc7a-441a-8f41-c73576b5a1c5: shutdown LeaderElection
2019-09-20 10:25:29,643 [ece458fc-6687-4915-9be7-f98d86977b7d:group-253EBBA5E522:LeaderElection156] INFO  impl.RaftServerImpl (ServerState.java:setLeader(263)) - ece458fc-6687-4915-9be7-f98d86977b7d:group-253EBBA5E522 change Leader from null to ece458fc-6687-4915-9be7-f98d86977b7d at term 1 for becomeLeader, leader elected after 7248ms
2019-09-20 10:25:29,643 [fac63c4b-287e-453e-9ac7-8c8c283fdab7-SegmentedRaftLogWorker:Storage Directory /workdir/hadoop-ozone/integration-test/target/test-dir/MiniOzoneClusterImpl-280c06ed-bcb5-4979-9226-67616719d9ed/datanode-0/data/ratis/ecd7b46d-b01b-4d07-8997-23c9435a8786] INFO  segmented.SegmentedRaftLogWorker (SegmentedRaftLogWorker.java:close(228)) - fac63c4b-287e-453e-9ac7-8c8c283fdab7-SegmentedRaftLogWorker:Storage Directory /workdir/hadoop-ozone/integration-test/target/test-dir/MiniOzoneClusterImpl-280c06ed-bcb5-4979-9226-67616719d9ed/datanode-0/data/ratis/ecd7b46d-b01b-4d07-8997-23c9435a8786 close()
2019-09-20 10:25:29,643 [1bfb6844-04ed-4104-839b-60e510b6bb68:group-9C7B24CF797E:LeaderElection143] INFO  segmented.SegmentedRaftLogWorker (SegmentedRaftLogWorker.java:startLogSegment(380)) - 1bfb6844-04ed-4104-839b-60e510b6bb68-SegmentedRaftLogWorker:Storage Directory /workdir/hadoop-ozone/integration-test/target/test-dir/MiniOzoneClusterImpl-280c06ed-bcb5-4979-9226-67616719d9ed/datanode-3/data/ratis/114a629f-cda6-4987-82ab-9c7b24cf797e: Starting segment from index:0
2019-09-20 10:25:31,643 [ece458fc-6687-4915-9be7-f98d86977b7d:group-253EBBA5E522:LeaderElection156] INFO  server.RaftServerConfigKeys (ConfUtils.java:logGet(43)) - raft.server.staging.catchup.gap = 1000 (default)
2019-09-20 10:25:31,643 [075fa85b-703c-4900-807d-88f08b36438a:group-B0B958123A92:LeaderElection142] INFO  segmented.SegmentedRaftLogWorker (SegmentedRaftLogWorker.java:startLogSegment(380)) - 075fa85b-703c-4900-807d-88f08b36438a-SegmentedRaftLogWorker:Storage Directory /workdir/hadoop-ozone/integration-test/target/test-dir/MiniOzoneClusterImpl-280c06ed-bcb5-4979-9226-67616719d9ed/datanode-4/data/ratis/3f9e5201-15ad-42ac-83f2-b0b958123a92: Starting segment from index:0
2019-09-20 10:25:31,657 [1bfb6844-04ed-4104-839b-60e510b6bb68:group-9C7B24CF797E:LeaderElection143] INFO  impl.RaftServerImpl (ServerState.java:setRaftConf(361)) - 1bfb6844-04ed-4104-839b-60e510b6bb68:group-9C7B24CF797E set configuration 0: [1bfb6844-04ed-4104-839b-60e510b6bb68:192.168.36.99:44647], old=null at 0
2019-09-20 10:25:31,643 [7f6418e1-cc7a-441a-8f41-c73576b5a1c5:group-0F27DB31D2D6:LeaderElection160] INFO  impl.RaftServerImpl (RaftServerImpl.java:setRole(171)) - 7f6418e1-cc7a-441a-8f41-c73576b5a1c5:group-0F27DB31D2D6 changes role from CANDIDATE to LEADER at term 1 for changeToLeader
2019-09-20 10:25:31,643 [7f6418e1-cc7a-441a-8f41-c73576b5a1c5:group-011E1CC6F6B5:LeaderElection152] INFO  impl.RoleInfo (RoleInfo.java:updateAndGet(143)) - 7f6418e1-cc7a-441a-8f41-c73576b5a1c5: start LeaderState
2019-09-20 10:25:31,643 [99153be1-ba81-4c7b-b6ab-4442760615cb-SegmentedRaftLogWorker:Storage Directory /workdir/hadoop-ozone/integration-test/target/test-dir/MiniOzoneClusterImpl-280c06ed-bcb5-4979-9226-67616719d9ed/datanode-1/data/ratis/ac254c74-aa75-4afc-9c99-19027d6fd54f] INFO  util.JmxRegister (JmxRegister.java:unregister(73)) - Successfully un-registered JMX Bean with object name Ratis:service=RaftServer,group=group-19027D6FD54F,id=99153be1-ba81-4c7b-b6ab-4442760615cb
2019-09-20 10:25:31,642 [99153be1-ba81-4c7b-b6ab-4442760615cb-SegmentedRaftLogWorker:Storage Directory /workdir/hadoop-ozone/integration-test/target/test-dir/MiniOzoneClusterImpl-280c06ed-bcb5-4979-9226-67616719d9ed/datanode-1/data/ratis/349b8c6b-61a6-425a-80f9-685dc754e815] INFO  impl.PendingRequests (PendingRequests.java:sendNotLeaderResponses(202)) - 99153be1-ba81-4c7b-b6ab-4442760615cb-PendingRequests: sendNotLeaderResponses
2019-09-20 10:25:32,474 | INFO  | SCMAudit | user=jenkins1000 | ip=192.168.36.99 | op=SEND_HEARTBEAT {datanodeUUID=7f6418e1-cc7a-441a-8f41-c73576b5a1c5, command=[]} | ret=SUCCESS |  
2019-09-20 10:25:31,642 [ece458fc-6687-4915-9be7-f98d86977b7d:group-CE7DA6203BE1:LeaderElection157] INFO  impl.RaftServerImpl (ServerState.java:setLeader(263)) - ece458fc-6687-4915-9be7-f98d86977b7d:group-CE7DA6203BE1 change Leader from null to ece458fc-6687-4915-9be7-f98d86977b7d at term 1 for becomeLeader, leader elected after 9037ms
2019-09-20 10:25:31,642 [ece458fc-6687-4915-9be7-f98d86977b7d:group-3251D984BB60:LeaderElection158] INFO  server.RaftServerConfigKeys (ConfUtils.java:logGet(43)) - raft.server.staging.catchup.gap = 1000 (default)
2019-09-20 10:25:32,475 [ece458fc-6687-4915-9be7-f98d86977b7d:group-3251D984BB60:LeaderElection158] INFO  server.RaftServerConfigKeys (ConfUtils.java:logGet(43)) - raft.server.rpc.sleep.time = 25ms (default)
2019-09-20 10:25:31,642 [Thread-1740] INFO  impl.FollowerState (FollowerState.java:run(106)) - 1bfb6844-04ed-4104-839b-60e510b6bb68:group-22A2006E1636 changes to CANDIDATE, lastRpcTime:10541, electionTimeout:5122ms
2019-09-20 10:25:32,475 [Thread-1740] INFO  impl.RoleInfo (RoleInfo.java:shutdownFollowerState(121)) - 1bfb6844-04ed-4104-839b-60e510b6bb68: shutdown FollowerState
2019-09-20 10:25:32,475 [Thread-1740] INFO  impl.RaftServerImpl (RaftServerImpl.java:setRole(171)) - 1bfb6844-04ed-4104-839b-60e510b6bb68:group-22A2006E1636 changes role from FOLLOWER to CANDIDATE at term 0 for changeToCandidate
2019-09-20 10:25:31,642 [ece458fc-6687-4915-9be7-f98d86977b7d:group-12B45CD6ECF8:LeaderElection155] INFO  impl.RaftServerImpl (ServerState.java:setLeader(263)) - ece458fc-6687-4915-9be7-f98d86977b7d:group-12B45CD6ECF8 change Leader from null to ece458fc-6687-4915-9be7-f98d86977b7d at term 1 for becomeLeader, leader elected after 9154ms
2019-09-20 10:25:32,476 [main] INFO  impl.MetricsSystemImpl (MetricsSystemImpl.java:init(158)) - HddsDatanode metrics system started (again)
2019-09-20 10:25:31,642 [7f6418e1-cc7a-441a-8f41-c73576b5a1c5:group-E5BFBB287E2C:LeaderElection154] INFO  server.RaftServerConfigKeys (ConfUtils.java:logGet(43)) - raft.server.rpc.sleep.time = 25ms (default)
2019-09-20 10:25:31,641 [7f6418e1-cc7a-441a-8f41-c73576b5a1c5:group-1A1FC4652671:LeaderElection153] INFO  impl.RaftServerImpl (ServerState.java:setLeader(263)) - 7f6418e1-cc7a-441a-8f41-c73576b5a1c5:group-1A1FC4652671 change Leader from null to 7f6418e1-cc7a-441a-8f41-c73576b5a1c5 at term 1 for becomeLeader, leader elected after 9670ms
2019-09-20 10:25:31,641 [e29464ab-17d7-4a4e-ab54-c178fccc723c-SegmentedRaftLogWorker:Storage Directory /workdir/hadoop-ozone/integration-test/target/test-dir/MiniOzoneClusterImpl-280c06ed-bcb5-4979-9226-67616719d9ed/datanode-2/data/ratis/0c8d45d9-620a-4b74-93e7-a41042af4d51] INFO  impl.RoleInfo (RoleInfo.java:shutdownLeaderState(104)) - e29464ab-17d7-4a4e-ab54-c178fccc723c: shutdown LeaderState
2019-09-20 10:25:31,641 [1bfb6844-04ed-4104-839b-60e510b6bb68-SegmentedRaftLogWorker:Storage Directory /workdir/hadoop-ozone/integration-test/target/test-dir/MiniOzoneClusterImpl-280c06ed-bcb5-4979-9226-67616719d9ed/datanode-3/data/ratis/cb47917b-0b43-40d6-b53f-f0fd01d7a7aa] INFO  impl.RaftServerImpl (RaftServerImpl.java:lambda$shutdown$3(245)) - 1bfb6844-04ed-4104-839b-60e510b6bb68: shutdown group-F0FD01D7A7AA
2019-09-20 10:25:31,594 [1bfb6844-04ed-4104-839b-60e510b6bb68-SegmentedRaftLogWorker:Storage Directory /workdir/hadoop-ozone/integration-test/target/test-dir/MiniOzoneClusterImpl-280c06ed-bcb5-4979-9226-67616719d9ed/datanode-3/data/ratis/cf0edf38-4f7d-443f-a3f6-6aa3ddc6c181] INFO  util.JmxRegister (JmxRegister.java:unregister(73)) - Successfully un-registered JMX Bean with object name Ratis:service=RaftServer,group=group-6AA3DDC6C181,id=1bfb6844-04ed-4104-839b-60e510b6bb68
2019-09-20 10:25:31,593 [ece458fc-6687-4915-9be7-f98d86977b7d:group-AD8E4000A9B3:LeaderElection159] INFO  server.RaftServerConfigKeys (ConfUtils.java:logGet(43)) - raft.server.rpc.sleep.time = 25ms (default)
2019-09-20 10:25:31,593 [e29464ab-17d7-4a4e-ab54-c178fccc723c-SegmentedRaftLogWorker:Storage Directory /workdir/hadoop-ozone/integration-test/target/test-dir/MiniOzoneClusterImpl-280c06ed-bcb5-4979-9226-67616719d9ed/datanode-2/data/ratis/7496f4b4-b2c4-4381-83be-487d388bdfad] INFO  util.JmxRegister (JmxRegister.java:unregister(73)) - Successfully un-registered JMX Bean with object name Ratis:service=RaftServer,group=group-487D388BDFAD,id=e29464ab-17d7-4a4e-ab54-c178fccc723c
2019-09-20 10:25:31,584 [Thread-1712] INFO  impl.FollowerState (FollowerState.java:run(106)) - 99153be1-ba81-4c7b-b6ab-4442760615cb:group-08C92995A0B5 changes to CANDIDATE, lastRpcTime:11149, electionTimeout:5186ms
2019-09-20 10:25:31,592 [Thread-1716] WARN  util.JavaUtils (JavaUtils.java:sleep(250)) - Unexpected long sleep: sleep(5161ms) actually took 5493ms which is over the threshold 300ms
2019-09-20 10:25:31,584 [Thread-1719] INFO  impl.FollowerState (FollowerState.java:run(106)) - e29464ab-17d7-4a4e-ab54-c178fccc723c:group-21276ECFD8C5 changes to CANDIDATE, lastRpcTime:10990, electionTimeout:5188ms
2019-09-20 10:25:32,478 [Thread-1719] INFO  impl.RoleInfo (RoleInfo.java:shutdownFollowerState(121)) - e29464ab-17d7-4a4e-ab54-c178fccc723c: shutdown FollowerState
2019-09-20 10:25:31,584 [Thread-1682] INFO  impl.RoleInfo (RoleInfo.java:shutdownFollowerState(121)) - fac63c4b-287e-453e-9ac7-8c8c283fdab7: shutdown FollowerState
2019-09-20 10:25:32,478 [Thread-1682] INFO  impl.RaftServerImpl (RaftServerImpl.java:setRole(171)) - fac63c4b-287e-453e-9ac7-8c8c283fdab7:group-A60E90D6B906 changes role from FOLLOWER to CANDIDATE at term 0 for changeToCandidate
2019-09-20 10:25:31,584 [Thread-1696] INFO  impl.RoleInfo (RoleInfo.java:shutdownFollowerState(121)) - 99153be1-ba81-4c7b-b6ab-4442760615cb: shutdown FollowerState
2019-09-20 10:25:31,584 [Thread-1685] INFO  impl.RoleInfo (RoleInfo.java:shutdownFollowerState(121)) - fac63c4b-287e-453e-9ac7-8c8c283fdab7: shutdown FollowerState
2019-09-20 10:25:32,478 [Thread-1685] INFO  impl.RaftServerImpl (RaftServerImpl.java:setRole(171)) - fac63c4b-287e-453e-9ac7-8c8c283fdab7:group-92B61ACBDA5D changes role from FOLLOWER to CANDIDATE at term 0 for changeToCandidate
2019-09-20 10:25:31,584 [Thread-1689] INFO  impl.RoleInfo (RoleInfo.java:shutdownFollowerState(121)) - fac63c4b-287e-453e-9ac7-8c8c283fdab7: shutdown FollowerState
2019-09-20 10:25:32,479 [Thread-1689] INFO  impl.RaftServerImpl (RaftServerImpl.java:setRole(171)) - fac63c4b-287e-453e-9ac7-8c8c283fdab7:group-39F7007D2871 changes role from FOLLOWER to CANDIDATE at term 0 for changeToCandidate
2019-09-20 10:25:31,583 [075fa85b-703c-4900-807d-88f08b36438a:group-F3EA30D046C0:LeaderElection149] INFO  segmented.SegmentedRaftLogWorker (SegmentedRaftLogWorker.java:startLogSegment(380)) - 075fa85b-703c-4900-807d-88f08b36438a-SegmentedRaftLogWorker:Storage Directory /workdir/hadoop-ozone/integration-test/target/test-dir/MiniOzoneClusterImpl-280c06ed-bcb5-4979-9226-67616719d9ed/datanode-4/data/ratis/b19d2aa1-f5ab-4278-ae4d-f3ea30d046c0: Starting segment from index:0
2019-09-20 10:25:31,583 [Thread-1693] INFO  impl.FollowerState (FollowerState.java:run(106)) - fac63c4b-287e-453e-9ac7-8c8c283fdab7:group-AF75374769B9 changes to CANDIDATE, lastRpcTime:11762, electionTimeout:5117ms
2019-09-20 10:25:31,232 [075fa85b-703c-4900-807d-88f08b36438a:group-91196F455865:LeaderElection148] INFO  segmented.SegmentedRaftLogWorker (SegmentedRaftLogWorker.java:startLogSegment(380)) - 075fa85b-703c-4900-807d-88f08b36438a-SegmentedRaftLogWorker:Storage Directory /workdir/hadoop-ozone/integration-test/target/test-dir/MiniOzoneClusterImpl-280c06ed-bcb5-4979-9226-67616719d9ed/datanode-4/data/ratis/89bc7c67-7411-4769-8c88-91196f455865: Starting segment from index:0
2019-09-20 10:25:31,232 [Thread-1722] INFO  impl.FollowerState (FollowerState.java:run(106)) - e29464ab-17d7-4a4e-ab54-c178fccc723c:group-E026FD1C3C19 changes to CANDIDATE, lastRpcTime:10560, electionTimeout:5066ms
2019-09-20 10:25:32,479 [Thread-1693] INFO  impl.RoleInfo (RoleInfo.java:shutdownFollowerState(121)) - fac63c4b-287e-453e-9ac7-8c8c283fdab7: shutdown FollowerState
2019-09-20 10:25:32,478 [Thread-1696] INFO  impl.RaftServerImpl (RaftServerImpl.java:setRole(171)) - 99153be1-ba81-4c7b-b6ab-4442760615cb:group-9EC3DCF23BFA changes role from FOLLOWER to CANDIDATE at term 0 for changeToCandidate
2019-09-20 10:25:32,478 [Thread-1719] INFO  impl.RaftServerImpl (RaftServerImpl.java:setRole(171)) - e29464ab-17d7-4a4e-ab54-c178fccc723c:group-21276ECFD8C5 changes role from FOLLOWER to CANDIDATE at term 0 for changeToCandidate
2019-09-20 10:25:32,478 [Thread-1712] INFO  impl.RoleInfo (RoleInfo.java:shutdownFollowerState(121)) - 99153be1-ba81-4c7b-b6ab-4442760615cb: shutdown FollowerState
2019-09-20 10:25:32,477 [e29464ab-17d7-4a4e-ab54-c178fccc723c-SegmentedRaftLogWorker:Storage Directory /workdir/hadoop-ozone/integration-test/target/test-dir/MiniOzoneClusterImpl-280c06ed-bcb5-4979-9226-67616719d9ed/datanode-2/data/ratis/7496f4b4-b2c4-4381-83be-487d388bdfad] INFO  impl.RoleInfo (RoleInfo.java:shutdownLeaderState(104)) - e29464ab-17d7-4a4e-ab54-c178fccc723c: shutdown LeaderState
2019-09-20 10:25:32,477 [ece458fc-6687-4915-9be7-f98d86977b7d:group-AD8E4000A9B3:LeaderElection159] INFO  server.RaftServerConfigKeys (ConfUtils.java:logGet(43)) - raft.server.write.element-limit = 4096 (default)
2019-09-20 10:25:32,477 [1bfb6844-04ed-4104-839b-60e510b6bb68-SegmentedRaftLogWorker:Storage Directory /workdir/hadoop-ozone/integration-test/target/test-dir/MiniOzoneClusterImpl-280c06ed-bcb5-4979-9226-67616719d9ed/datanode-3/data/ratis/cf0edf38-4f7d-443f-a3f6-6aa3ddc6c181] INFO  impl.RoleInfo (RoleInfo.java:shutdownLeaderState(104)) - 1bfb6844-04ed-4104-839b-60e510b6bb68: shutdown LeaderState
2019-09-20 10:25:32,477 [1bfb6844-04ed-4104-839b-60e510b6bb68-SegmentedRaftLogWorker:Storage Directory /workdir/hadoop-ozone/integration-test/target/test-dir/MiniOzoneClusterImpl-280c06ed-bcb5-4979-9226-67616719d9ed/datanode-3/data/ratis/cb47917b-0b43-40d6-b53f-f0fd01d7a7aa] INFO  util.JmxRegister (JmxRegister.java:unregister(73)) - Successfully un-registered JMX Bean with object name Ratis:service=RaftServer,group=group-F0FD01D7A7AA,id=1bfb6844-04ed-4104-839b-60e510b6bb68
2019-09-20 10:25:32,481 [1bfb6844-04ed-4104-839b-60e510b6bb68-SegmentedRaftLogWorker:Storage Directory /workdir/hadoop-ozone/integration-test/target/test-dir/MiniOzoneClusterImpl-280c06ed-bcb5-4979-9226-67616719d9ed/datanode-3/data/ratis/cb47917b-0b43-40d6-b53f-f0fd01d7a7aa] INFO  impl.RoleInfo (RoleInfo.java:shutdownLeaderState(104)) - 1bfb6844-04ed-4104-839b-60e510b6bb68: shutdown LeaderState
2019-09-20 10:25:32,477 [e29464ab-17d7-4a4e-ab54-c178fccc723c-SegmentedRaftLogWorker:Storage Directory /workdir/hadoop-ozone/integration-test/target/test-dir/MiniOzoneClusterImpl-280c06ed-bcb5-4979-9226-67616719d9ed/datanode-2/data/ratis/0c8d45d9-620a-4b74-93e7-a41042af4d51] INFO  impl.PendingRequests (PendingRequests.java:sendNotLeaderResponses(202)) - e29464ab-17d7-4a4e-ab54-c178fccc723c-PendingRequests: sendNotLeaderResponses
2019-09-20 10:25:32,477 [7f6418e1-cc7a-441a-8f41-c73576b5a1c5:group-1A1FC4652671:LeaderElection153] INFO  server.RaftServerConfigKeys (ConfUtils.java:logGet(43)) - raft.server.staging.catchup.gap = 1000 (default)
2019-09-20 10:25:32,476 [7f6418e1-cc7a-441a-8f41-c73576b5a1c5:group-E5BFBB287E2C:LeaderElection154] INFO  server.RaftServerConfigKeys (ConfUtils.java:logGet(43)) - raft.server.write.element-limit = 4096 (default)
2019-09-20 10:25:32,476 [ece458fc-6687-4915-9be7-f98d86977b7d:group-12B45CD6ECF8:LeaderElection155] INFO  server.RaftServerConfigKeys (ConfUtils.java:logGet(43)) - raft.server.staging.catchup.gap = 1000 (default)
2019-09-20 10:25:32,476 [Thread-1740] INFO  impl.RoleInfo (RoleInfo.java:updateAndGet(143)) - 1bfb6844-04ed-4104-839b-60e510b6bb68: start LeaderElection
2019-09-20 10:25:32,475 [ece458fc-6687-4915-9be7-f98d86977b7d:group-3251D984BB60:LeaderElection158] INFO  server.RaftServerConfigKeys (ConfUtils.java:logGet(43)) - raft.server.write.element-limit = 4096 (default)
2019-09-20 10:25:32,475 [99153be1-ba81-4c7b-b6ab-4442760615cb-SegmentedRaftLogWorker:Storage Directory /workdir/hadoop-ozone/integration-test/target/test-dir/MiniOzoneClusterImpl-280c06ed-bcb5-4979-9226-67616719d9ed/datanode-1/data/ratis/349b8c6b-61a6-425a-80f9-685dc754e815] INFO  impl.StateMachineUpdater (StateMachineUpdater.java:stopAndJoin(115)) - StateMachineUpdater:99153be1-ba81-4c7b-b6ab-4442760615cb:group-685DC754E815: set stopIndex = -1
2019-09-20 10:25:32,482 [99153be1-ba81-4c7b-b6ab-4442760615cb-SegmentedRaftLogWorker:Storage Directory /workdir/hadoop-ozone/integration-test/target/test-dir/MiniOzoneClusterImpl-280c06ed-bcb5-4979-9226-67616719d9ed/datanode-1/data/ratis/349b8c6b-61a6-425a-80f9-685dc754e815] INFO  impl.RaftServerImpl (ServerState.java:close(394)) - 99153be1-ba81-4c7b-b6ab-4442760615cb:group-685DC754E815 closes. The last applied log index is -1
2019-09-20 10:25:32,475 [ece458fc-6687-4915-9be7-f98d86977b7d:group-CE7DA6203BE1:LeaderElection157] INFO  server.RaftServerConfigKeys (ConfUtils.java:logGet(43)) - raft.server.staging.catchup.gap = 1000 (default)
2019-09-20 10:25:32,038 [7f6418e1-cc7a-441a-8f41-c73576b5a1c5:group-011E1CC6F6B5:LeaderElection152] INFO  segmented.SegmentedRaftLogWorker (SegmentedRaftLogWorker.java:startLogSegment(380)) - 7f6418e1-cc7a-441a-8f41-c73576b5a1c5-SegmentedRaftLogWorker:Storage Directory /workdir/hadoop-ozone/integration-test/target/test-dir/MiniOzoneClusterImpl-280c06ed-bcb5-4979-9226-67616719d9ed/datanode-5/data/ratis/f01d5e1b-730a-40c4-be2f-011e1cc6f6b5: Starting segment from index:0
2019-09-20 10:25:32,472 [Thread-1755] WARN  util.JavaUtils (JavaUtils.java:sleep(250)) - Unexpected long sleep: sleep(5170ms) actually took 5498ms which is over the threshold 300ms
2019-09-20 10:25:32,463 [1bfb6844-04ed-4104-839b-60e510b6bb68-SegmentedRaftLogWorker:Storage Directory /workdir/hadoop-ozone/integration-test/target/test-dir/MiniOzoneClusterImpl-280c06ed-bcb5-4979-9226-67616719d9ed/datanode-3/data/ratis/21ff9a42-4cf2-4e40-bc10-55f61a620423] ERROR segmented.SegmentedRaftLogWorker (SegmentedRaftLogWorker.java:run(323)) - 1bfb6844-04ed-4104-839b-60e510b6bb68-SegmentedRaftLogWorker:Storage Directory /workdir/hadoop-ozone/integration-test/target/test-dir/MiniOzoneClusterImpl-280c06ed-bcb5-4979-9226-67616719d9ed/datanode-3/data/ratis/21ff9a42-4cf2-4e40-bc10-55f61a620423 hit exception
java.lang.OutOfMemoryError: Direct buffer memory
	at java.nio.Bits.reserveMemory(Bits.java:666)
	at java.nio.DirectByteBuffer.<init>(DirectByteBuffer.java:123)
	at java.nio.ByteBuffer.allocateDirect(ByteBuffer.java:311)
	at org.apache.ratis.server.raftlog.segmented.BufferedWriteChannel.<init>(BufferedWriteChannel.java:41)
	at org.apache.ratis.server.raftlog.segmented.SegmentedRaftLogOutputStream.<init>(SegmentedRaftLogOutputStream.java:72)
	at org.apache.ratis.server.raftlog.segmented.SegmentedRaftLogWorker$StartLogSegment.execute(SegmentedRaftLogWorker.java:566)
	at org.apache.ratis.server.raftlog.segmented.SegmentedRaftLogWorker.run(SegmentedRaftLogWorker.java:289)
	at java.lang.Thread.run(Thread.java:748)
2019-09-20 10:25:32,483 [1bfb6844-04ed-4104-839b-60e510b6bb68-SegmentedRaftLogWorker:Storage Directory /workdir/hadoop-ozone/integration-test/target/test-dir/MiniOzoneClusterImpl-280c06ed-bcb5-4979-9226-67616719d9ed/datanode-3/data/ratis/21ff9a42-4cf2-4e40-bc10-55f61a620423] INFO  impl.RaftServerImpl (RaftServerImpl.java:lambda$shutdown$3(245)) - 1bfb6844-04ed-4104-839b-60e510b6bb68: shutdown group-55F61A620423
2019-09-20 10:25:32,463 [1bfb6844-04ed-4104-839b-60e510b6bb68-SegmentedRaftLogWorker:Storage Directory /workdir/hadoop-ozone/integration-test/target/test-dir/MiniOzoneClusterImpl-280c06ed-bcb5-4979-9226-67616719d9ed/datanode-3/data/ratis/a7d1308a-1383-4265-9797-127086b3354f] ERROR segmented.SegmentedRaftLogWorker (SegmentedRaftLogWorker.java:run(323)) - 1bfb6844-04ed-4104-839b-60e510b6bb68-SegmentedRaftLogWorker:Storage Directory /workdir/hadoop-ozone/integration-test/target/test-dir/MiniOzoneClusterImpl-280c06ed-bcb5-4979-9226-67616719d9ed/datanode-3/data/ratis/a7d1308a-1383-4265-9797-127086b3354f hit exception
java.lang.OutOfMemoryError: Direct buffer memory
	at java.nio.Bits.reserveMemory(Bits.java:666)
	at java.nio.DirectByteBuffer.<init>(DirectByteBuffer.java:123)
	at java.nio.ByteBuffer.allocateDirect(ByteBuffer.java:311)
	at org.apache.ratis.server.raftlog.segmented.BufferedWriteChannel.<init>(BufferedWriteChannel.java:41)
	at org.apache.ratis.server.raftlog.segmented.SegmentedRaftLogOutputStream.<init>(SegmentedRaftLogOutputStream.java:72)
	at org.apache.ratis.server.raftlog.segmented.SegmentedRaftLogWorker$StartLogSegment.execute(SegmentedRaftLogWorker.java:566)
	at org.apache.ratis.server.raftlog.segmented.SegmentedRaftLogWorker.run(SegmentedRaftLogWorker.java:289)
	at java.lang.Thread.run(Thread.java:748)
2019-09-20 10:25:32,483 [1bfb6844-04ed-4104-839b-60e510b6bb68-SegmentedRaftLogWorker:Storage Directory /workdir/hadoop-ozone/integration-test/target/test-dir/MiniOzoneClusterImpl-280c06ed-bcb5-4979-9226-67616719d9ed/datanode-3/data/ratis/a7d1308a-1383-4265-9797-127086b3354f] INFO  impl.RaftServerImpl (RaftServerImpl.java:lambda$shutdown$3(245)) - 1bfb6844-04ed-4104-839b-60e510b6bb68: shutdown group-127086B3354F
2019-09-20 10:25:32,038 [99153be1-ba81-4c7b-b6ab-4442760615cb-SegmentedRaftLogWorker:Storage Directory /workdir/hadoop-ozone/integration-test/target/test-dir/MiniOzoneClusterImpl-280c06ed-bcb5-4979-9226-67616719d9ed/datanode-1/data/ratis/ac254c74-aa75-4afc-9c99-19027d6fd54f] INFO  impl.RoleInfo (RoleInfo.java:shutdownLeaderState(104)) - 99153be1-ba81-4c7b-b6ab-4442760615cb: shutdown LeaderState
2019-09-20 10:25:32,038 [075fa85b-703c-4900-807d-88f08b36438a:group-B0B958123A92:LeaderElection142] INFO  impl.RaftServerImpl (ServerState.java:setRaftConf(361)) - 075fa85b-703c-4900-807d-88f08b36438a:group-B0B958123A92 set configuration 0: [075fa85b-703c-4900-807d-88f08b36438a:192.168.36.99:38301], old=null at 0
2019-09-20 10:25:32,027 [e29464ab-17d7-4a4e-ab54-c178fccc723c-SegmentedRaftLogWorker:Storage Directory /workdir/hadoop-ozone/integration-test/target/test-dir/MiniOzoneClusterImpl-280c06ed-bcb5-4979-9226-67616719d9ed/datanode-2/data/ratis/0c561c41-421b-4d47-a6d5-57aca9389bdb] ERROR segmented.SegmentedRaftLogWorker (SegmentedRaftLogWorker.java:run(323)) - e29464ab-17d7-4a4e-ab54-c178fccc723c-SegmentedRaftLogWorker:Storage Directory /workdir/hadoop-ozone/integration-test/target/test-dir/MiniOzoneClusterImpl-280c06ed-bcb5-4979-9226-67616719d9ed/datanode-2/data/ratis/0c561c41-421b-4d47-a6d5-57aca9389bdb hit exception
java.lang.OutOfMemoryError: Direct buffer memory
	at java.nio.Bits.reserveMemory(Bits.java:666)
	at java.nio.DirectByteBuffer.<init>(DirectByteBuffer.java:123)
	at java.nio.ByteBuffer.allocateDirect(ByteBuffer.java:311)
	at org.apache.ratis.server.raftlog.segmented.BufferedWriteChannel.<init>(BufferedWriteChannel.java:41)
	at org.apache.ratis.server.raftlog.segmented.SegmentedRaftLogOutputStream.<init>(SegmentedRaftLogOutputStream.java:72)
	at org.apache.ratis.server.raftlog.segmented.SegmentedRaftLogWorker$StartLogSegment.execute(SegmentedRaftLogWorker.java:566)
	at org.apache.ratis.server.raftlog.segmented.SegmentedRaftLogWorker.run(SegmentedRaftLogWorker.java:289)
	at java.lang.Thread.run(Thread.java:748)
2019-09-20 10:25:32,484 [e29464ab-17d7-4a4e-ab54-c178fccc723c-SegmentedRaftLogWorker:Storage Directory /workdir/hadoop-ozone/integration-test/target/test-dir/MiniOzoneClusterImpl-280c06ed-bcb5-4979-9226-67616719d9ed/datanode-2/data/ratis/0c561c41-421b-4d47-a6d5-57aca9389bdb] INFO  impl.RaftServerImpl (RaftServerImpl.java:lambda$shutdown$3(245)) - e29464ab-17d7-4a4e-ab54-c178fccc723c: shutdown group-57ACA9389BDB
2019-09-20 10:25:31,657 [7f6418e1-cc7a-441a-8f41-c73576b5a1c5:group-0F27DB31D2D6:LeaderElection160] INFO  impl.RaftServerImpl (ServerState.java:setLeader(263)) - 7f6418e1-cc7a-441a-8f41-c73576b5a1c5:group-0F27DB31D2D6 change Leader from null to 7f6418e1-cc7a-441a-8f41-c73576b5a1c5 at term 1 for becomeLeader, leader elected after 9506ms
2019-09-20 10:25:32,484 [7f6418e1-cc7a-441a-8f41-c73576b5a1c5:group-0F27DB31D2D6:LeaderElection160] INFO  server.RaftServerConfigKeys (ConfUtils.java:logGet(43)) - raft.server.staging.catchup.gap = 1000 (default)
2019-09-20 10:25:31,657 [ece458fc-6687-4915-9be7-f98d86977b7d:group-253EBBA5E522:LeaderElection156] INFO  server.RaftServerConfigKeys (ConfUtils.java:logGet(43)) - raft.server.rpc.sleep.time = 25ms (default)
2019-09-20 10:25:32,484 [7f6418e1-cc7a-441a-8f41-c73576b5a1c5:group-0F27DB31D2D6:LeaderElection160] INFO  server.RaftServerConfigKeys (ConfUtils.java:logGet(43)) - raft.server.rpc.sleep.time = 25ms (default)
2019-09-20 10:25:32,484 [e29464ab-17d7-4a4e-ab54-c178fccc723c-SegmentedRaftLogWorker:Storage Directory /workdir/hadoop-ozone/integration-test/target/test-dir/MiniOzoneClusterImpl-280c06ed-bcb5-4979-9226-67616719d9ed/datanode-2/data/ratis/0c561c41-421b-4d47-a6d5-57aca9389bdb] INFO  util.JmxRegister (JmxRegister.java:unregister(73)) - Successfully un-registered JMX Bean with object name Ratis:service=RaftServer,group=group-57ACA9389BDB,id=e29464ab-17d7-4a4e-ab54-c178fccc723c
2019-09-20 10:25:32,485 [e29464ab-17d7-4a4e-ab54-c178fccc723c-SegmentedRaftLogWorker:Storage Directory /workdir/hadoop-ozone/integration-test/target/test-dir/MiniOzoneClusterImpl-280c06ed-bcb5-4979-9226-67616719d9ed/datanode-2/data/ratis/0c561c41-421b-4d47-a6d5-57aca9389bdb] INFO  impl.RoleInfo (RoleInfo.java:shutdownLeaderState(104)) - e29464ab-17d7-4a4e-ab54-c178fccc723c: shutdown LeaderState
2019-09-20 10:25:32,484 [99153be1-ba81-4c7b-b6ab-4442760615cb-SegmentedRaftLogWorker:Storage Directory /workdir/hadoop-ozone/integration-test/target/test-dir/MiniOzoneClusterImpl-280c06ed-bcb5-4979-9226-67616719d9ed/datanode-1/data/ratis/ac254c74-aa75-4afc-9c99-19027d6fd54f] INFO  impl.PendingRequests (PendingRequests.java:sendNotLeaderResponses(202)) - 99153be1-ba81-4c7b-b6ab-4442760615cb-PendingRequests: sendNotLeaderResponses
2019-09-20 10:25:32,483 [1bfb6844-04ed-4104-839b-60e510b6bb68-SegmentedRaftLogWorker:Storage Directory /workdir/hadoop-ozone/integration-test/target/test-dir/MiniOzoneClusterImpl-280c06ed-bcb5-4979-9226-67616719d9ed/datanode-3/data/ratis/a7d1308a-1383-4265-9797-127086b3354f] INFO  util.JmxRegister (JmxRegister.java:unregister(73)) - Successfully un-registered JMX Bean with object name Ratis:service=RaftServer,group=group-127086B3354F,id=1bfb6844-04ed-4104-839b-60e510b6bb68
2019-09-20 10:25:32,485 [1bfb6844-04ed-4104-839b-60e510b6bb68-SegmentedRaftLogWorker:Storage Directory /workdir/hadoop-ozone/integration-test/target/test-dir/MiniOzoneClusterImpl-280c06ed-bcb5-4979-9226-67616719d9ed/datanode-3/data/ratis/a7d1308a-1383-4265-9797-127086b3354f] INFO  impl.RoleInfo (RoleInfo.java:shutdownLeaderState(104)) - 1bfb6844-04ed-4104-839b-60e510b6bb68: shutdown LeaderState
2019-09-20 10:25:32,483 [1bfb6844-04ed-4104-839b-60e510b6bb68-SegmentedRaftLogWorker:Storage Directory /workdir/hadoop-ozone/integration-test/target/test-dir/MiniOzoneClusterImpl-280c06ed-bcb5-4979-9226-67616719d9ed/datanode-3/data/ratis/21ff9a42-4cf2-4e40-bc10-55f61a620423] INFO  util.JmxRegister (JmxRegister.java:unregister(73)) - Successfully un-registered JMX Bean with object name Ratis:service=RaftServer,group=group-55F61A620423,id=1bfb6844-04ed-4104-839b-60e510b6bb68
2019-09-20 10:25:32,486 [1bfb6844-04ed-4104-839b-60e510b6bb68-SegmentedRaftLogWorker:Storage Directory /workdir/hadoop-ozone/integration-test/target/test-dir/MiniOzoneClusterImpl-280c06ed-bcb5-4979-9226-67616719d9ed/datanode-3/data/ratis/21ff9a42-4cf2-4e40-bc10-55f61a620423] INFO  impl.RoleInfo (RoleInfo.java:shutdownLeaderState(104)) - 1bfb6844-04ed-4104-839b-60e510b6bb68: shutdown LeaderState
2019-09-20 10:25:32,482 [ece458fc-6687-4915-9be7-f98d86977b7d:group-CE7DA6203BE1:LeaderElection157] INFO  server.RaftServerConfigKeys (ConfUtils.java:logGet(43)) - raft.server.rpc.sleep.time = 25ms (default)
2019-09-20 10:25:32,482 [99153be1-ba81-4c7b-b6ab-4442760615cb-SegmentedRaftLogWorker:Storage Directory /workdir/hadoop-ozone/integration-test/target/test-dir/MiniOzoneClusterImpl-280c06ed-bcb5-4979-9226-67616719d9ed/datanode-1/data/ratis/349b8c6b-61a6-425a-80f9-685dc754e815] INFO  segmented.SegmentedRaftLogWorker (SegmentedRaftLogWorker.java:close(228)) - 99153be1-ba81-4c7b-b6ab-4442760615cb-SegmentedRaftLogWorker:Storage Directory /workdir/hadoop-ozone/integration-test/target/test-dir/MiniOzoneClusterImpl-280c06ed-bcb5-4979-9226-67616719d9ed/datanode-1/data/ratis/349b8c6b-61a6-425a-80f9-685dc754e815 close()
2019-09-20 10:25:32,482 [ece458fc-6687-4915-9be7-f98d86977b7d:group-3251D984BB60:LeaderElection158] INFO  server.RaftServerConfigKeys (ConfUtils.java:logGet(43)) - raft.server.watch.timeout = 10s (default)
2019-09-20 10:25:32,481 [ece458fc-6687-4915-9be7-f98d86977b7d:group-12B45CD6ECF8:LeaderElection155] INFO  server.RaftServerConfigKeys (ConfUtils.java:logGet(43)) - raft.server.rpc.sleep.time = 25ms (default)
2019-09-20 10:25:32,481 [7f6418e1-cc7a-441a-8f41-c73576b5a1c5:group-E5BFBB287E2C:LeaderElection154] INFO  server.RaftServerConfigKeys (ConfUtils.java:logGet(43)) - raft.server.watch.timeout = 10s (default)
2019-09-20 10:25:32,481 [7f6418e1-cc7a-441a-8f41-c73576b5a1c5:group-1A1FC4652671:LeaderElection153] INFO  server.RaftServerConfigKeys (ConfUtils.java:logGet(43)) - raft.server.rpc.sleep.time = 25ms (default)
2019-09-20 10:25:32,481 [e29464ab-17d7-4a4e-ab54-c178fccc723c-SegmentedRaftLogWorker:Storage Directory /workdir/hadoop-ozone/integration-test/target/test-dir/MiniOzoneClusterImpl-280c06ed-bcb5-4979-9226-67616719d9ed/datanode-2/data/ratis/0c8d45d9-620a-4b74-93e7-a41042af4d51] INFO  impl.StateMachineUpdater (StateMachineUpdater.java:stopAndJoin(115)) - StateMachineUpdater:e29464ab-17d7-4a4e-ab54-c178fccc723c:group-A41042AF4D51: set stopIndex = -1
2019-09-20 10:25:32,487 [e29464ab-17d7-4a4e-ab54-c178fccc723c-SegmentedRaftLogWorker:Storage Directory /workdir/hadoop-ozone/integration-test/target/test-dir/MiniOzoneClusterImpl-280c06ed-bcb5-4979-9226-67616719d9ed/datanode-2/data/ratis/0c8d45d9-620a-4b74-93e7-a41042af4d51] INFO  impl.RaftServerImpl (ServerState.java:close(394)) - e29464ab-17d7-4a4e-ab54-c178fccc723c:group-A41042AF4D51 closes. The last applied log index is -1
2019-09-20 10:25:32,481 [1bfb6844-04ed-4104-839b-60e510b6bb68-SegmentedRaftLogWorker:Storage Directory /workdir/hadoop-ozone/integration-test/target/test-dir/MiniOzoneClusterImpl-280c06ed-bcb5-4979-9226-67616719d9ed/datanode-3/data/ratis/cb47917b-0b43-40d6-b53f-f0fd01d7a7aa] INFO  impl.PendingRequests (PendingRequests.java:sendNotLeaderResponses(202)) - 1bfb6844-04ed-4104-839b-60e510b6bb68-PendingRequests: sendNotLeaderResponses
2019-09-20 10:25:32,480 [1bfb6844-04ed-4104-839b-60e510b6bb68-SegmentedRaftLogWorker:Storage Directory /workdir/hadoop-ozone/integration-test/target/test-dir/MiniOzoneClusterImpl-280c06ed-bcb5-4979-9226-67616719d9ed/datanode-3/data/ratis/cf0edf38-4f7d-443f-a3f6-6aa3ddc6c181] INFO  impl.PendingRequests (PendingRequests.java:sendNotLeaderResponses(202)) - 1bfb6844-04ed-4104-839b-60e510b6bb68-PendingRequests: sendNotLeaderResponses
2019-09-20 10:25:32,480 [ece458fc-6687-4915-9be7-f98d86977b7d:group-AD8E4000A9B3:LeaderElection159] INFO  server.RaftServerConfigKeys (ConfUtils.java:logGet(43)) - raft.server.watch.timeout = 10s (default)
2019-09-20 10:25:32,480 [e29464ab-17d7-4a4e-ab54-c178fccc723c-SegmentedRaftLogWorker:Storage Directory /workdir/hadoop-ozone/integration-test/target/test-dir/MiniOzoneClusterImpl-280c06ed-bcb5-4979-9226-67616719d9ed/datanode-2/data/ratis/7496f4b4-b2c4-4381-83be-487d388bdfad] INFO  impl.PendingRequests (PendingRequests.java:sendNotLeaderResponses(202)) - e29464ab-17d7-4a4e-ab54-c178fccc723c-PendingRequests: sendNotLeaderResponses
2019-09-20 10:25:32,480 [Thread-1712] INFO  impl.RaftServerImpl (RaftServerImpl.java:setRole(171)) - 99153be1-ba81-4c7b-b6ab-4442760615cb:group-08C92995A0B5 changes role from FOLLOWER to CANDIDATE at term 0 for changeToCandidate
2019-09-20 10:25:32,480 [Thread-1693] INFO  impl.RaftServerImpl (RaftServerImpl.java:setRole(171)) - fac63c4b-287e-453e-9ac7-8c8c283fdab7:group-AF75374769B9 changes role from FOLLOWER to CANDIDATE at term 0 for changeToCandidate
2019-09-20 10:25:32,479 [Thread-1722] INFO  impl.RoleInfo (RoleInfo.java:shutdownFollowerState(121)) - e29464ab-17d7-4a4e-ab54-c178fccc723c: shutdown FollowerState
2019-09-20 10:25:32,488 [e29464ab-17d7-4a4e-ab54-c178fccc723c-SegmentedRaftLogWorker:Storage Directory /workdir/hadoop-ozone/integration-test/target/test-dir/MiniOzoneClusterImpl-280c06ed-bcb5-4979-9226-67616719d9ed/datanode-2/data/ratis/7496f4b4-b2c4-4381-83be-487d388bdfad] INFO  impl.StateMachineUpdater (StateMachineUpdater.java:stopAndJoin(115)) - StateMachineUpdater:e29464ab-17d7-4a4e-ab54-c178fccc723c:group-487D388BDFAD: set stopIndex = -1
2019-09-20 10:25:32,488 [e29464ab-17d7-4a4e-ab54-c178fccc723c-SegmentedRaftLogWorker:Storage Directory /workdir/hadoop-ozone/integration-test/target/test-dir/MiniOzoneClusterImpl-280c06ed-bcb5-4979-9226-67616719d9ed/datanode-2/data/ratis/7496f4b4-b2c4-4381-83be-487d388bdfad] INFO  impl.RaftServerImpl (ServerState.java:close(394)) - e29464ab-17d7-4a4e-ab54-c178fccc723c:group-487D388BDFAD closes. The last applied log index is -1
2019-09-20 10:25:32,488 [ece458fc-6687-4915-9be7-f98d86977b7d:group-AD8E4000A9B3:LeaderElection159] INFO  server.RaftServerConfigKeys (ConfUtils.java:logGet(43)) - raft.server.watch.timeout.denomination = 1s (default)
2019-09-20 10:25:32,488 [1bfb6844-04ed-4104-839b-60e510b6bb68-SegmentedRaftLogWorker:Storage Directory /workdir/hadoop-ozone/integration-test/target/test-dir/MiniOzoneClusterImpl-280c06ed-bcb5-4979-9226-67616719d9ed/datanode-3/data/ratis/cf0edf38-4f7d-443f-a3f6-6aa3ddc6c181] INFO  impl.StateMachineUpdater (StateMachineUpdater.java:stopAndJoin(115)) - StateMachineUpdater:1bfb6844-04ed-4104-839b-60e510b6bb68:group-6AA3DDC6C181: set stopIndex = -1
2019-09-20 10:25:32,487 [1bfb6844-04ed-4104-839b-60e510b6bb68-SegmentedRaftLogWorker:Storage Directory /workdir/hadoop-ozone/integration-test/target/test-dir/MiniOzoneClusterImpl-280c06ed-bcb5-4979-9226-67616719d9ed/datanode-3/data/ratis/cb47917b-0b43-40d6-b53f-f0fd01d7a7aa] INFO  impl.StateMachineUpdater (StateMachineUpdater.java:stopAndJoin(115)) - StateMachineUpdater:1bfb6844-04ed-4104-839b-60e510b6bb68:group-F0FD01D7A7AA: set stopIndex = -1
2019-09-20 10:25:32,487 [e29464ab-17d7-4a4e-ab54-c178fccc723c-SegmentedRaftLogWorker:Storage Directory /workdir/hadoop-ozone/integration-test/target/test-dir/MiniOzoneClusterImpl-280c06ed-bcb5-4979-9226-67616719d9ed/datanode-2/data/ratis/0c8d45d9-620a-4b74-93e7-a41042af4d51] INFO  segmented.SegmentedRaftLogWorker (SegmentedRaftLogWorker.java:close(228)) - e29464ab-17d7-4a4e-ab54-c178fccc723c-SegmentedRaftLogWorker:Storage Directory /workdir/hadoop-ozone/integration-test/target/test-dir/MiniOzoneClusterImpl-280c06ed-bcb5-4979-9226-67616719d9ed/datanode-2/data/ratis/0c8d45d9-620a-4b74-93e7-a41042af4d51 close()
2019-09-20 10:25:32,487 [7f6418e1-cc7a-441a-8f41-c73576b5a1c5:group-E5BFBB287E2C:LeaderElection154] INFO  server.RaftServerConfigKeys (ConfUtils.java:logGet(43)) - raft.server.watch.timeout.denomination = 1s (default)
2019-09-20 10:25:32,486 [ece458fc-6687-4915-9be7-f98d86977b7d:group-3251D984BB60:LeaderElection158] INFO  server.RaftServerConfigKeys (ConfUtils.java:logGet(43)) - raft.server.watch.timeout.denomination = 1s (default)
2019-09-20 10:25:32,489 [ece458fc-6687-4915-9be7-f98d86977b7d:group-3251D984BB60:LeaderElection158] INFO  server.RaftServerConfigKeys (ConfUtils.java:logGet(43)) - raft.server.watch.element-limit = 65536 (default)
2019-09-20 10:25:32,486 [1bfb6844-04ed-4104-839b-60e510b6bb68-SegmentedRaftLogWorker:Storage Directory /workdir/hadoop-ozone/integration-test/target/test-dir/MiniOzoneClusterImpl-280c06ed-bcb5-4979-9226-67616719d9ed/datanode-3/data/ratis/21ff9a42-4cf2-4e40-bc10-55f61a620423] INFO  impl.PendingRequests (PendingRequests.java:sendNotLeaderResponses(202)) - 1bfb6844-04ed-4104-839b-60e510b6bb68-PendingRequests: sendNotLeaderResponses
2019-09-20 10:25:32,486 [1bfb6844-04ed-4104-839b-60e510b6bb68-SegmentedRaftLogWorker:Storage Directory /workdir/hadoop-ozone/integration-test/target/test-dir/MiniOzoneClusterImpl-280c06ed-bcb5-4979-9226-67616719d9ed/datanode-3/data/ratis/a7d1308a-1383-4265-9797-127086b3354f] INFO  impl.PendingRequests (PendingRequests.java:sendNotLeaderResponses(202)) - 1bfb6844-04ed-4104-839b-60e510b6bb68-PendingRequests: sendNotLeaderResponses
2019-09-20 10:25:32,485 [99153be1-ba81-4c7b-b6ab-4442760615cb-SegmentedRaftLogWorker:Storage Directory /workdir/hadoop-ozone/integration-test/target/test-dir/MiniOzoneClusterImpl-280c06ed-bcb5-4979-9226-67616719d9ed/datanode-1/data/ratis/ac254c74-aa75-4afc-9c99-19027d6fd54f] INFO  impl.StateMachineUpdater (StateMachineUpdater.java:stopAndJoin(115)) - StateMachineUpdater:99153be1-ba81-4c7b-b6ab-4442760615cb:group-19027D6FD54F: set stopIndex = -1
2019-09-20 10:25:32,485 [e29464ab-17d7-4a4e-ab54-c178fccc723c-SegmentedRaftLogWorker:Storage Directory /workdir/hadoop-ozone/integration-test/target/test-dir/MiniOzoneClusterImpl-280c06ed-bcb5-4979-9226-67616719d9ed/datanode-2/data/ratis/0c561c41-421b-4d47-a6d5-57aca9389bdb] INFO  impl.PendingRequests (PendingRequests.java:sendNotLeaderResponses(202)) - e29464ab-17d7-4a4e-ab54-c178fccc723c-PendingRequests: sendNotLeaderResponses
2019-09-20 10:25:32,490 [99153be1-ba81-4c7b-b6ab-4442760615cb-SegmentedRaftLogWorker:Storage Directory /workdir/hadoop-ozone/integration-test/target/test-dir/MiniOzoneClusterImpl-280c06ed-bcb5-4979-9226-67616719d9ed/datanode-1/data/ratis/ac254c74-aa75-4afc-9c99-19027d6fd54f] INFO  impl.RaftServerImpl (ServerState.java:close(394)) - 99153be1-ba81-4c7b-b6ab-4442760615cb:group-19027D6FD54F closes. The last applied log index is -1
2019-09-20 10:25:32,490 [1bfb6844-04ed-4104-839b-60e510b6bb68-SegmentedRaftLogWorker:Storage Directory /workdir/hadoop-ozone/integration-test/target/test-dir/MiniOzoneClusterImpl-280c06ed-bcb5-4979-9226-67616719d9ed/datanode-3/data/ratis/a7d1308a-1383-4265-9797-127086b3354f] INFO  impl.StateMachineUpdater (StateMachineUpdater.java:stopAndJoin(115)) - StateMachineUpdater:1bfb6844-04ed-4104-839b-60e510b6bb68:group-127086B3354F: set stopIndex = -1
2019-09-20 10:25:32,491 [1bfb6844-04ed-4104-839b-60e510b6bb68-SegmentedRaftLogWorker:Storage Directory /workdir/hadoop-ozone/integration-test/target/test-dir/MiniOzoneClusterImpl-280c06ed-bcb5-4979-9226-67616719d9ed/datanode-3/data/ratis/a7d1308a-1383-4265-9797-127086b3354f] INFO  impl.RaftServerImpl (ServerState.java:close(394)) - 1bfb6844-04ed-4104-839b-60e510b6bb68:group-127086B3354F closes. The last applied log index is -1
2019-09-20 10:25:32,490 [1bfb6844-04ed-4104-839b-60e510b6bb68-SegmentedRaftLogWorker:Storage Directory /workdir/hadoop-ozone/integration-test/target/test-dir/MiniOzoneClusterImpl-280c06ed-bcb5-4979-9226-67616719d9ed/datanode-3/data/ratis/21ff9a42-4cf2-4e40-bc10-55f61a620423] INFO  impl.StateMachineUpdater (StateMachineUpdater.java:stopAndJoin(115)) - StateMachineUpdater:1bfb6844-04ed-4104-839b-60e510b6bb68:group-55F61A620423: set stopIndex = -1
2019-09-20 10:25:32,491 [1bfb6844-04ed-4104-839b-60e510b6bb68-SegmentedRaftLogWorker:Storage Directory /workdir/hadoop-ozone/integration-test/target/test-dir/MiniOzoneClusterImpl-280c06ed-bcb5-4979-9226-67616719d9ed/datanode-3/data/ratis/21ff9a42-4cf2-4e40-bc10-55f61a620423] INFO  impl.RaftServerImpl (ServerState.java:close(394)) - 1bfb6844-04ed-4104-839b-60e510b6bb68:group-55F61A620423 closes. The last applied log index is -1
2019-09-20 10:25:32,490 [ece458fc-6687-4915-9be7-f98d86977b7d:group-3251D984BB60:LeaderElection158] INFO  impl.RoleInfo (RoleInfo.java:updateAndGet(143)) - ece458fc-6687-4915-9be7-f98d86977b7d: start LeaderState
2019-09-20 10:25:32,489 [7f6418e1-cc7a-441a-8f41-c73576b5a1c5:group-E5BFBB287E2C:LeaderElection154] INFO  server.RaftServerConfigKeys (ConfUtils.java:logGet(43)) - raft.server.watch.element-limit = 65536 (default)
2019-09-20 10:25:32,491 [ece458fc-6687-4915-9be7-f98d86977b7d:group-3251D984BB60:LeaderElection158] INFO  segmented.SegmentedRaftLogWorker (SegmentedRaftLogWorker.java:startLogSegment(380)) - ece458fc-6687-4915-9be7-f98d86977b7d-SegmentedRaftLogWorker:Storage Directory /workdir/hadoop-ozone/integration-test/target/test-dir/MiniOzoneClusterImpl-280c06ed-bcb5-4979-9226-67616719d9ed/datanode-6/data/ratis/ba1af02f-e937-49b2-abaf-3251d984bb60: Starting segment from index:0
2019-09-20 10:25:32,489 [1bfb6844-04ed-4104-839b-60e510b6bb68-SegmentedRaftLogWorker:Storage Directory /workdir/hadoop-ozone/integration-test/target/test-dir/MiniOzoneClusterImpl-280c06ed-bcb5-4979-9226-67616719d9ed/datanode-3/data/ratis/cb47917b-0b43-40d6-b53f-f0fd01d7a7aa] INFO  impl.RaftServerImpl (ServerState.java:close(394)) - 1bfb6844-04ed-4104-839b-60e510b6bb68:group-F0FD01D7A7AA closes. The last applied log index is -1
2019-09-20 10:25:32,489 [1bfb6844-04ed-4104-839b-60e510b6bb68-SegmentedRaftLogWorker:Storage Directory /workdir/hadoop-ozone/integration-test/target/test-dir/MiniOzoneClusterImpl-280c06ed-bcb5-4979-9226-67616719d9ed/datanode-3/data/ratis/cf0edf38-4f7d-443f-a3f6-6aa3ddc6c181] INFO  impl.RaftServerImpl (ServerState.java:close(394)) - 1bfb6844-04ed-4104-839b-60e510b6bb68:group-6AA3DDC6C181 closes. The last applied log index is -1
2019-09-20 10:25:32,489 [ece458fc-6687-4915-9be7-f98d86977b7d:group-AD8E4000A9B3:LeaderElection159] INFO  server.RaftServerConfigKeys (ConfUtils.java:logGet(43)) - raft.server.watch.element-limit = 65536 (default)
2019-09-20 10:25:32,492 [1bfb6844-04ed-4104-839b-60e510b6bb68-SegmentedRaftLogWorker:Storage Directory /workdir/hadoop-ozone/integration-test/target/test-dir/MiniOzoneClusterImpl-280c06ed-bcb5-4979-9226-67616719d9ed/datanode-3/data/ratis/cf0edf38-4f7d-443f-a3f6-6aa3ddc6c181] INFO  segmented.SegmentedRaftLogWorker (SegmentedRaftLogWorker.java:close(228)) - 1bfb6844-04ed-4104-839b-60e510b6bb68-SegmentedRaftLogWorker:Storage Directory /workdir/hadoop-ozone/integration-test/target/test-dir/MiniOzoneClusterImpl-280c06ed-bcb5-4979-9226-67616719d9ed/datanode-3/data/ratis/cf0edf38-4f7d-443f-a3f6-6aa3ddc6c181 close()
2019-09-20 10:25:32,489 [e29464ab-17d7-4a4e-ab54-c178fccc723c-SegmentedRaftLogWorker:Storage Directory /workdir/hadoop-ozone/integration-test/target/test-dir/MiniOzoneClusterImpl-280c06ed-bcb5-4979-9226-67616719d9ed/datanode-2/data/ratis/7496f4b4-b2c4-4381-83be-487d388bdfad] INFO  segmented.SegmentedRaftLogWorker (SegmentedRaftLogWorker.java:close(228)) - e29464ab-17d7-4a4e-ab54-c178fccc723c-SegmentedRaftLogWorker:Storage Directory /workdir/hadoop-ozone/integration-test/target/test-dir/MiniOzoneClusterImpl-280c06ed-bcb5-4979-9226-67616719d9ed/datanode-2/data/ratis/7496f4b4-b2c4-4381-83be-487d388bdfad close()
2019-09-20 10:25:32,488 [Thread-1722] INFO  impl.RaftServerImpl (RaftServerImpl.java:setRole(171)) - e29464ab-17d7-4a4e-ab54-c178fccc723c:group-E026FD1C3C19 changes role from FOLLOWER to CANDIDATE at term 0 for changeToCandidate
2019-09-20 10:25:32,492 [ece458fc-6687-4915-9be7-f98d86977b7d:group-AD8E4000A9B3:LeaderElection159] INFO  impl.RoleInfo (RoleInfo.java:updateAndGet(143)) - ece458fc-6687-4915-9be7-f98d86977b7d: start LeaderState
2019-09-20 10:25:32,492 [1bfb6844-04ed-4104-839b-60e510b6bb68-SegmentedRaftLogWorker:Storage Directory /workdir/hadoop-ozone/integration-test/target/test-dir/MiniOzoneClusterImpl-280c06ed-bcb5-4979-9226-67616719d9ed/datanode-3/data/ratis/cb47917b-0b43-40d6-b53f-f0fd01d7a7aa] INFO  segmented.SegmentedRaftLogWorker (SegmentedRaftLogWorker.java:close(228)) - 1bfb6844-04ed-4104-839b-60e510b6bb68-SegmentedRaftLogWorker:Storage Directory /workdir/hadoop-ozone/integration-test/target/test-dir/MiniOzoneClusterImpl-280c06ed-bcb5-4979-9226-67616719d9ed/datanode-3/data/ratis/cb47917b-0b43-40d6-b53f-f0fd01d7a7aa close()
2019-09-20 10:25:32,491 [7f6418e1-cc7a-441a-8f41-c73576b5a1c5:group-E5BFBB287E2C:LeaderElection154] INFO  impl.RoleInfo (RoleInfo.java:updateAndGet(143)) - 7f6418e1-cc7a-441a-8f41-c73576b5a1c5: start LeaderState
2019-09-20 10:25:32,491 [1bfb6844-04ed-4104-839b-60e510b6bb68-SegmentedRaftLogWorker:Storage Directory /workdir/hadoop-ozone/integration-test/target/test-dir/MiniOzoneClusterImpl-280c06ed-bcb5-4979-9226-67616719d9ed/datanode-3/data/ratis/21ff9a42-4cf2-4e40-bc10-55f61a620423] INFO  segmented.SegmentedRaftLogWorker (SegmentedRaftLogWorker.java:close(228)) - 1bfb6844-04ed-4104-839b-60e510b6bb68-SegmentedRaftLogWorker:Storage Directory /workdir/hadoop-ozone/integration-test/target/test-dir/MiniOzoneClusterImpl-280c06ed-bcb5-4979-9226-67616719d9ed/datanode-3/data/ratis/21ff9a42-4cf2-4e40-bc10-55f61a620423 close()
2019-09-20 10:25:32,491 [1bfb6844-04ed-4104-839b-60e510b6bb68-SegmentedRaftLogWorker:Storage Directory /workdir/hadoop-ozone/integration-test/target/test-dir/MiniOzoneClusterImpl-280c06ed-bcb5-4979-9226-67616719d9ed/datanode-3/data/ratis/a7d1308a-1383-4265-9797-127086b3354f] INFO  segmented.SegmentedRaftLogWorker (SegmentedRaftLogWorker.java:close(228)) - 1bfb6844-04ed-4104-839b-60e510b6bb68-SegmentedRaftLogWorker:Storage Directory /workdir/hadoop-ozone/integration-test/target/test-dir/MiniOzoneClusterImpl-280c06ed-bcb5-4979-9226-67616719d9ed/datanode-3/data/ratis/a7d1308a-1383-4265-9797-127086b3354f close()
2019-09-20 10:25:32,491 [99153be1-ba81-4c7b-b6ab-4442760615cb-SegmentedRaftLogWorker:Storage Directory /workdir/hadoop-ozone/integration-test/target/test-dir/MiniOzoneClusterImpl-280c06ed-bcb5-4979-9226-67616719d9ed/datanode-1/data/ratis/ac254c74-aa75-4afc-9c99-19027d6fd54f] INFO  segmented.SegmentedRaftLogWorker (SegmentedRaftLogWorker.java:close(228)) - 99153be1-ba81-4c7b-b6ab-4442760615cb-SegmentedRaftLogWorker:Storage Directory /workdir/hadoop-ozone/integration-test/target/test-dir/MiniOzoneClusterImpl-280c06ed-bcb5-4979-9226-67616719d9ed/datanode-1/data/ratis/ac254c74-aa75-4afc-9c99-19027d6fd54f close()
2019-09-20 10:25:32,490 [e29464ab-17d7-4a4e-ab54-c178fccc723c-SegmentedRaftLogWorker:Storage Directory /workdir/hadoop-ozone/integration-test/target/test-dir/MiniOzoneClusterImpl-280c06ed-bcb5-4979-9226-67616719d9ed/datanode-2/data/ratis/0c561c41-421b-4d47-a6d5-57aca9389bdb] INFO  impl.StateMachineUpdater (StateMachineUpdater.java:stopAndJoin(115)) - StateMachineUpdater:e29464ab-17d7-4a4e-ab54-c178fccc723c:group-57ACA9389BDB: set stopIndex = -1
2019-09-20 10:25:32,493 [e29464ab-17d7-4a4e-ab54-c178fccc723c-SegmentedRaftLogWorker:Storage Directory /workdir/hadoop-ozone/integration-test/target/test-dir/MiniOzoneClusterImpl-280c06ed-bcb5-4979-9226-67616719d9ed/datanode-2/data/ratis/0c561c41-421b-4d47-a6d5-57aca9389bdb] INFO  impl.RaftServerImpl (ServerState.java:close(394)) - e29464ab-17d7-4a4e-ab54-c178fccc723c:group-57ACA9389BDB closes. The last applied log index is -1
2019-09-20 10:25:32,493 [7f6418e1-cc7a-441a-8f41-c73576b5a1c5:group-E5BFBB287E2C:LeaderElection154] INFO  segmented.SegmentedRaftLogWorker (SegmentedRaftLogWorker.java:startLogSegment(380)) - 7f6418e1-cc7a-441a-8f41-c73576b5a1c5-SegmentedRaftLogWorker:Storage Directory /workdir/hadoop-ozone/integration-test/target/test-dir/MiniOzoneClusterImpl-280c06ed-bcb5-4979-9226-67616719d9ed/datanode-5/data/ratis/45cbc64e-87d0-4c77-98c3-e5bfbb287e2c: Starting segment from index:0
2019-09-20 10:25:32,493 [ece458fc-6687-4915-9be7-f98d86977b7d:group-AD8E4000A9B3:LeaderElection159] INFO  segmented.SegmentedRaftLogWorker (SegmentedRaftLogWorker.java:startLogSegment(380)) - ece458fc-6687-4915-9be7-f98d86977b7d-SegmentedRaftLogWorker:Storage Directory /workdir/hadoop-ozone/integration-test/target/test-dir/MiniOzoneClusterImpl-280c06ed-bcb5-4979-9226-67616719d9ed/datanode-6/data/ratis/68bc71a6-a345-4545-ab66-ad8e4000a9b3: Starting segment from index:0
2019-09-20 10:25:32,494 [e29464ab-17d7-4a4e-ab54-c178fccc723c-SegmentedRaftLogWorker:Storage Directory /workdir/hadoop-ozone/integration-test/target/test-dir/MiniOzoneClusterImpl-280c06ed-bcb5-4979-9226-67616719d9ed/datanode-2/data/ratis/0c561c41-421b-4d47-a6d5-57aca9389bdb] INFO  segmented.SegmentedRaftLogWorker (SegmentedRaftLogWorker.java:close(228)) - e29464ab-17d7-4a4e-ab54-c178fccc723c-SegmentedRaftLogWorker:Storage Directory /workdir/hadoop-ozone/integration-test/target/test-dir/MiniOzoneClusterImpl-280c06ed-bcb5-4979-9226-67616719d9ed/datanode-2/data/ratis/0c561c41-421b-4d47-a6d5-57aca9389bdb close()
2019-09-20 10:25:32,573 | INFO  | SCMAudit | user=jenkins1000 | ip=192.168.36.99 | op=SEND_HEARTBEAT {datanodeUUID=e29464ab-17d7-4a4e-ab54-c178fccc723c, command=[]} | ret=SUCCESS |  
2019-09-20 10:25:32,573 | INFO  | SCMAudit | user=jenkins1000 | ip=192.168.36.99 | op=SEND_HEARTBEAT {datanodeUUID=61649f92-8c0f-475a-818d-1064548aeef6, command=[]} | ret=SUCCESS |  
2019-09-20 10:25:32,573 | INFO  | SCMAudit | user=jenkins1000 | ip=192.168.36.99 | op=SEND_HEARTBEAT {datanodeUUID=c3e532f8-1a8e-44f3-b56b-d765aee893af, command=[]} | ret=SUCCESS |  
2019-09-20 10:25:32,573 | INFO  | SCMAudit | user=jenkins1000 | ip=192.168.36.99 | op=SEND_HEARTBEAT {datanodeUUID=b5962e8e-c9f1-48aa-8eb4-d8f74b8afdbe, command=[]} | ret=SUCCESS |  
2019-09-20 10:25:32,573 | INFO  | SCMAudit | user=jenkins1000 | ip=192.168.36.99 | op=SEND_HEARTBEAT {datanodeUUID=e8013689-2f13-4aaf-8a03-99f419c430ec, command=[]} | ret=SUCCESS |  
2019-09-20 10:25:32,574 | INFO  | SCMAudit | user=jenkins1000 | ip=192.168.36.99 | op=SEND_HEARTBEAT {datanodeUUID=bb8f5112-316d-4974-a5a6-f698f3fbb5be, command=[]} | ret=SUCCESS |  
2019-09-20 10:25:32,574 | INFO  | SCMAudit | user=jenkins1000 | ip=192.168.36.99 | op=SEND_HEARTBEAT {datanodeUUID=136f1953-bb94-4097-a2d4-422a6782bee0, command=[]} | ret=SUCCESS |  
2019-09-20 10:25:32,575 | INFO  | SCMAudit | user=jenkins1000 | ip=192.168.36.99 | op=SEND_HEARTBEAT {datanodeUUID=7af711bd-b5ae-4a73-a8be-b970cae6c2d1, command=[]} | ret=SUCCESS |  
2019-09-20 10:25:32,577 | INFO  | SCMAudit | user=jenkins1000 | ip=192.168.36.99 | op=SEND_HEARTBEAT {datanodeUUID=54207fe5-d92c-4c2e-b058-fbae630dabef, command=[]} | ret=SUCCESS |  
2019-09-20 10:25:32,577 | INFO  | SCMAudit | user=jenkins1000 | ip=192.168.36.99 | op=SEND_HEARTBEAT {datanodeUUID=99e70dd4-d763-4473-944c-c5628506dcf8, command=[]} | ret=SUCCESS |  
2019-09-20 10:25:32,577 | INFO  | SCMAudit | user=jenkins1000 | ip=192.168.36.99 | op=SEND_HEARTBEAT {datanodeUUID=9e03ffa9-cf79-407a-a150-4c035e5aec5e, command=[]} | ret=SUCCESS |  
2019-09-20 10:25:32,578 | INFO  | SCMAudit | user=jenkins1000 | ip=192.168.36.99 | op=SEND_HEARTBEAT {datanodeUUID=17e2ba94-38a1-40e7-84e0-f6802901db84, command=[]} | ret=SUCCESS |  
2019-09-20 10:25:32,578 | INFO  | SCMAudit | user=jenkins1000 | ip=192.168.36.99 | op=SEND_HEARTBEAT {datanodeUUID=468be06f-55e9-4831-ba6b-3db017451a79, command=[]} | ret=SUCCESS |  
2019-09-20 10:25:32,579 | INFO  | SCMAudit | user=jenkins1000 | ip=192.168.36.99 | op=SEND_HEARTBEAT {datanodeUUID=d2ed2d9b-7ac7-460e-84f6-6d9d6066f76d, command=[]} | ret=SUCCESS |  
2019-09-20 10:25:32,579 | INFO  | SCMAudit | user=jenkins1000 | ip=192.168.36.99 | op=SEND_HEARTBEAT {datanodeUUID=19fb8383-7c99-4449-b95c-a26e71717844, command=[]} | ret=SUCCESS |  
2019-09-20 10:25:32,579 | INFO  | SCMAudit | user=jenkins1000 | ip=192.168.36.99 | op=SEND_HEARTBEAT {datanodeUUID=3d6f3241-e73c-473a-ad0b-c7be2f7e1dda, command=[]} | ret=SUCCESS |  
2019-09-20 10:25:32,579 | INFO  | SCMAudit | user=jenkins1000 | ip=192.168.36.99 | op=SEND_HEARTBEAT {datanodeUUID=1ab786b9-c79c-4265-88a1-5b3344c6beda, command=[]} | ret=SUCCESS |  
2019-09-20 10:25:32,579 | INFO  | SCMAudit | user=jenkins1000 | ip=192.168.36.99 | op=SEND_HEARTBEAT {datanodeUUID=66416d0b-a71c-4af1-ae3a-62ca63b880a3, command=[]} | ret=SUCCESS |  
2019-09-20 10:25:32,580 | INFO  | SCMAudit | user=jenkins1000 | ip=192.168.36.99 | op=SEND_HEARTBEAT {datanodeUUID=60260ec1-e192-4b95-89c8-d924d16a77a9, command=[]} | ret=SUCCESS |  
2019-09-20 10:25:32,580 | INFO  | SCMAudit | user=jenkins1000 | ip=192.168.36.99 | op=SEND_HEARTBEAT {datanodeUUID=4d972e91-cb6b-45de-8bd2-c18af7abe58b, command=[]} | ret=SUCCESS |  
2019-09-20 10:25:32,580 | INFO  | SCMAudit | user=jenkins1000 | ip=192.168.36.99 | op=SEND_HEARTBEAT {datanodeUUID=cff8bf6b-8d20-4327-9f29-08a3c2b49247, command=[]} | ret=SUCCESS |  
2019-09-20 10:25:32,580 | INFO  | SCMAudit | user=jenkins1000 | ip=192.168.36.99 | op=SEND_HEARTBEAT {datanodeUUID=ece458fc-6687-4915-9be7-f98d86977b7d, command=[]} | ret=SUCCESS |  
2019-09-20 10:25:32,580 | INFO  | SCMAudit | user=jenkins1000 | ip=192.168.36.99 | op=SEND_HEARTBEAT {datanodeUUID=6491c372-a595-4104-b3e9-c4f3293baafa, command=[]} | ret=SUCCESS |  
2019-09-20 10:25:32,581 | INFO  | SCMAudit | user=jenkins1000 | ip=192.168.36.99 | op=SEND_HEARTBEAT {datanodeUUID=fac63c4b-287e-453e-9ac7-8c8c283fdab7, command=[]} | ret=SUCCESS |  
2019-09-20 10:25:32,581 | INFO  | SCMAudit | user=jenkins1000 | ip=192.168.36.99 | op=SEND_HEARTBEAT {datanodeUUID=1bfb6844-04ed-4104-839b-60e510b6bb68, command=[]} | ret=SUCCESS |  
2019-09-20 10:25:32,581 | INFO  | SCMAudit | user=jenkins1000 | ip=192.168.36.99 | op=SEND_HEARTBEAT {datanodeUUID=99153be1-ba81-4c7b-b6ab-4442760615cb, command=[]} | ret=SUCCESS |  
2019-09-20 10:25:32,581 | INFO  | SCMAudit | user=jenkins1000 | ip=192.168.36.99 | op=SEND_HEARTBEAT {datanodeUUID=075fa85b-703c-4900-807d-88f08b36438a, command=[]} | ret=SUCCESS |  
2019-09-20 10:25:32,721 [Thread-1791] INFO  impl.FollowerState (FollowerState.java:run(106)) - ece458fc-6687-4915-9be7-f98d86977b7d:group-4F82A1B4FB91 changes to CANDIDATE, lastRpcTime:10412, electionTimeout:5022ms
2019-09-20 10:25:32,721 [Thread-1791] INFO  impl.RoleInfo (RoleInfo.java:shutdownFollowerState(121)) - ece458fc-6687-4915-9be7-f98d86977b7d: shutdown FollowerState
2019-09-20 10:25:32,721 [Thread-1791] INFO  impl.RaftServerImpl (RaftServerImpl.java:setRole(171)) - ece458fc-6687-4915-9be7-f98d86977b7d:group-4F82A1B4FB91 changes role from FOLLOWER to CANDIDATE at term 0 for changeToCandidate
2019-09-20 10:25:32,726 [Thread-1791] INFO  impl.RoleInfo (RoleInfo.java:updateAndGet(143)) - ece458fc-6687-4915-9be7-f98d86977b7d: start LeaderElection
2019-09-20 10:25:32,726 [Thread-1722] INFO  impl.RoleInfo (RoleInfo.java:updateAndGet(143)) - e29464ab-17d7-4a4e-ab54-c178fccc723c: start LeaderElection
2019-09-20 10:25:32,727 [ece458fc-6687-4915-9be7-f98d86977b7d:group-AD8E4000A9B3:LeaderElection159] INFO  impl.RaftServerImpl (ServerState.java:setRaftConf(361)) - ece458fc-6687-4915-9be7-f98d86977b7d:group-AD8E4000A9B3 set configuration 0: [ece458fc-6687-4915-9be7-f98d86977b7d:192.168.36.99:40344], old=null at 0
2019-09-20 10:25:32,727 [Thread-1712] INFO  impl.RoleInfo (RoleInfo.java:updateAndGet(143)) - 99153be1-ba81-4c7b-b6ab-4442760615cb: start LeaderElection
2019-09-20 10:25:33,192 | INFO  | SCMAudit | user=jenkins1000 | ip=192.168.36.99 | op=SEND_HEARTBEAT {datanodeUUID=7f6418e1-cc7a-441a-8f41-c73576b5a1c5, command=[]} | ret=SUCCESS |  
2019-09-20 10:25:32,727 [Thread-1693] INFO  impl.RoleInfo (RoleInfo.java:updateAndGet(143)) - fac63c4b-287e-453e-9ac7-8c8c283fdab7: start LeaderElection
2019-09-20 10:25:33,194 [ece458fc-6687-4915-9be7-f98d86977b7d:group-12B45CD6ECF8:LeaderElection155] INFO  server.RaftServerConfigKeys (ConfUtils.java:logGet(43)) - raft.server.write.element-limit = 4096 (default)
2019-09-20 10:25:33,181 [ece458fc-6687-4915-9be7-f98d86977b7d:group-CE7DA6203BE1:LeaderElection157] INFO  server.RaftServerConfigKeys (ConfUtils.java:logGet(43)) - raft.server.write.element-limit = 4096 (default)
2019-09-20 10:25:33,181 [7f6418e1-cc7a-441a-8f41-c73576b5a1c5:group-011E1CC6F6B5:LeaderElection152] INFO  impl.RaftServerImpl (ServerState.java:setRaftConf(361)) - 7f6418e1-cc7a-441a-8f41-c73576b5a1c5:group-011E1CC6F6B5 set configuration 0: [7f6418e1-cc7a-441a-8f41-c73576b5a1c5:192.168.36.99:40506], old=null at 0
2019-09-20 10:25:33,181 [075fa85b-703c-4900-807d-88f08b36438a:group-91196F455865:LeaderElection148] INFO  impl.RaftServerImpl (ServerState.java:setRaftConf(361)) - 075fa85b-703c-4900-807d-88f08b36438a:group-91196F455865 set configuration 0: [075fa85b-703c-4900-807d-88f08b36438a:192.168.36.99:38301], old=null at 0
2019-09-20 10:25:33,180 [Thread-1682] INFO  impl.RoleInfo (RoleInfo.java:updateAndGet(143)) - fac63c4b-287e-453e-9ac7-8c8c283fdab7: start LeaderElection
2019-09-20 10:25:33,180 [075fa85b-703c-4900-807d-88f08b36438a:group-F3EA30D046C0:LeaderElection149] INFO  impl.RaftServerImpl (ServerState.java:setRaftConf(361)) - 075fa85b-703c-4900-807d-88f08b36438a:group-F3EA30D046C0 set configuration 0: [075fa85b-703c-4900-807d-88f08b36438a:192.168.36.99:38301], old=null at 0
2019-09-20 10:25:33,180 [Thread-1685] INFO  impl.RoleInfo (RoleInfo.java:updateAndGet(143)) - fac63c4b-287e-453e-9ac7-8c8c283fdab7: start LeaderElection
2019-09-20 10:25:33,180 [Thread-1689] INFO  impl.RoleInfo (RoleInfo.java:updateAndGet(143)) - fac63c4b-287e-453e-9ac7-8c8c283fdab7: start LeaderElection
2019-09-20 10:25:33,180 [Thread-1696] INFO  impl.RoleInfo (RoleInfo.java:updateAndGet(143)) - 99153be1-ba81-4c7b-b6ab-4442760615cb: start LeaderElection
2019-09-20 10:25:33,180 [Thread-1719] INFO  impl.RoleInfo (RoleInfo.java:updateAndGet(143)) - e29464ab-17d7-4a4e-ab54-c178fccc723c: start LeaderElection
2019-09-20 10:25:33,180 [ece458fc-6687-4915-9be7-f98d86977b7d:group-253EBBA5E522:LeaderElection156] INFO  server.RaftServerConfigKeys (ConfUtils.java:logGet(43)) - raft.server.write.element-limit = 4096 (default)
2019-09-20 10:25:33,180 [7f6418e1-cc7a-441a-8f41-c73576b5a1c5:group-0F27DB31D2D6:LeaderElection160] INFO  server.RaftServerConfigKeys (ConfUtils.java:logGet(43)) - raft.server.write.element-limit = 4096 (default)
2019-09-20 10:25:32,727 [7f6418e1-cc7a-441a-8f41-c73576b5a1c5:group-1A1FC4652671:LeaderElection153] INFO  server.RaftServerConfigKeys (ConfUtils.java:logGet(43)) - raft.server.write.element-limit = 4096 (default)
2019-09-20 10:25:33,196 [7f6418e1-cc7a-441a-8f41-c73576b5a1c5:group-0F27DB31D2D6:LeaderElection160] INFO  server.RaftServerConfigKeys (ConfUtils.java:logGet(43)) - raft.server.watch.timeout = 10s (default)
2019-09-20 10:25:33,197 [7f6418e1-cc7a-441a-8f41-c73576b5a1c5:group-0F27DB31D2D6:LeaderElection160] INFO  server.RaftServerConfigKeys (ConfUtils.java:logGet(43)) - raft.server.watch.timeout.denomination = 1s (default)
2019-09-20 10:25:33,196 [ece458fc-6687-4915-9be7-f98d86977b7d:group-253EBBA5E522:LeaderElection156] INFO  server.RaftServerConfigKeys (ConfUtils.java:logGet(43)) - raft.server.watch.timeout = 10s (default)
2019-09-20 10:25:33,195 [ece458fc-6687-4915-9be7-f98d86977b7d:group-CE7DA6203BE1:LeaderElection157] INFO  server.RaftServerConfigKeys (ConfUtils.java:logGet(43)) - raft.server.watch.timeout = 10s (default)
2019-09-20 10:25:33,195 [7f6418e1-cc7a-441a-8f41-c73576b5a1c5:group-E5BFBB287E2C:LeaderElection154] INFO  impl.RaftServerImpl (ServerState.java:setRaftConf(361)) - 7f6418e1-cc7a-441a-8f41-c73576b5a1c5:group-E5BFBB287E2C set configuration 0: [7f6418e1-cc7a-441a-8f41-c73576b5a1c5:192.168.36.99:40506], old=null at 0
2019-09-20 10:25:33,195 [ece458fc-6687-4915-9be7-f98d86977b7d:group-3251D984BB60:LeaderElection158] INFO  impl.RaftServerImpl (ServerState.java:setRaftConf(361)) - ece458fc-6687-4915-9be7-f98d86977b7d:group-3251D984BB60 set configuration 0: [ece458fc-6687-4915-9be7-f98d86977b7d:192.168.36.99:40344], old=null at 0
2019-09-20 10:25:33,195 [ece458fc-6687-4915-9be7-f98d86977b7d:group-12B45CD6ECF8:LeaderElection155] INFO  server.RaftServerConfigKeys (ConfUtils.java:logGet(43)) - raft.server.watch.timeout = 10s (default)
2019-09-20 10:25:35,039 | INFO  | SCMAudit | user=jenkins1000 | ip=192.168.36.99 | op=SEND_HEARTBEAT {datanodeUUID=99e70dd4-d763-4473-944c-c5628506dcf8, command=[]} | ret=SUCCESS |  
2019-09-20 10:25:35,039 | INFO  | SCMAudit | user=jenkins1000 | ip=192.168.36.99 | op=SEND_HEARTBEAT {datanodeUUID=e8013689-2f13-4aaf-8a03-99f419c430ec, command=[]} | ret=SUCCESS |  
2019-09-20 10:25:35,039 | INFO  | SCMAudit | user=jenkins1000 | ip=192.168.36.99 | op=SEND_HEARTBEAT {datanodeUUID=cff8bf6b-8d20-4327-9f29-08a3c2b49247, command=[]} | ret=SUCCESS |  
2019-09-20 10:25:35,039 | INFO  | SCMAudit | user=jenkins1000 | ip=192.168.36.99 | op=SEND_HEARTBEAT {datanodeUUID=9e03ffa9-cf79-407a-a150-4c035e5aec5e, command=[]} | ret=SUCCESS |  
2019-09-20 10:25:35,039 | INFO  | SCMAudit | user=jenkins1000 | ip=192.168.36.99 | op=SEND_HEARTBEAT {datanodeUUID=468be06f-55e9-4831-ba6b-3db017451a79, command=[]} | ret=SUCCESS |  
2019-09-20 10:25:35,039 | INFO  | SCMAudit | user=jenkins1000 | ip=192.168.36.99 | op=SEND_HEARTBEAT {datanodeUUID=54207fe5-d92c-4c2e-b058-fbae630dabef, command=[]} | ret=SUCCESS |  
2019-09-20 10:25:35,039 | INFO  | SCMAudit | user=jenkins1000 | ip=192.168.36.99 | op=SEND_HEARTBEAT {datanodeUUID=61649f92-8c0f-475a-818d-1064548aeef6, command=[]} | ret=SUCCESS |  
2019-09-20 10:25:35,039 | INFO  | SCMAudit | user=jenkins1000 | ip=192.168.36.99 | op=SEND_HEARTBEAT {datanodeUUID=1ab786b9-c79c-4265-88a1-5b3344c6beda, command=[]} | ret=SUCCESS |  
2019-09-20 10:25:35,039 | INFO  | SCMAudit | user=jenkins1000 | ip=192.168.36.99 | op=SEND_HEARTBEAT {datanodeUUID=3d6f3241-e73c-473a-ad0b-c7be2f7e1dda, command=[]} | ret=SUCCESS |  
2019-09-20 10:25:35,039 | INFO  | SCMAudit | user=jenkins1000 | ip=192.168.36.99 | op=SEND_HEARTBEAT {datanodeUUID=d2ed2d9b-7ac7-460e-84f6-6d9d6066f76d, command=[]} | ret=SUCCESS |  
2019-09-20 10:25:35,039 | INFO  | SCMAudit | user=jenkins1000 | ip=192.168.36.99 | op=SEND_HEARTBEAT {datanodeUUID=b5962e8e-c9f1-48aa-8eb4-d8f74b8afdbe, command=[]} | ret=SUCCESS |  
2019-09-20 10:25:35,039 | INFO  | SCMAudit | user=jenkins1000 | ip=192.168.36.99 | op=SEND_HEARTBEAT {datanodeUUID=66416d0b-a71c-4af1-ae3a-62ca63b880a3, command=[]} | ret=SUCCESS |  
2019-09-20 10:25:33,197 [ece458fc-6687-4915-9be7-f98d86977b7d:group-CE7DA6203BE1:LeaderElection157] INFO  server.RaftServerConfigKeys (ConfUtils.java:logGet(43)) - raft.server.watch.timeout.denomination = 1s (default)
2019-09-20 10:25:35,051 [ece458fc-6687-4915-9be7-f98d86977b7d:group-4F82A1B4FB91:LeaderElection170] INFO  impl.LeaderElection (LeaderElection.java:askForVotes(181)) - ece458fc-6687-4915-9be7-f98d86977b7d:group-4F82A1B4FB91:LeaderElection170: begin an election at term 1 for -1: [ece458fc-6687-4915-9be7-f98d86977b7d:192.168.36.99:40344], old=null
2019-09-20 10:25:35,039 | INFO  | SCMAudit | user=jenkins1000 | ip=192.168.36.99 | op=SEND_HEARTBEAT {datanodeUUID=bb8f5112-316d-4974-a5a6-f698f3fbb5be, command=[]} | ret=SUCCESS |  
2019-09-20 10:25:35,039 | INFO  | SCMAudit | user=jenkins1000 | ip=192.168.36.99 | op=SEND_HEARTBEAT {datanodeUUID=4d972e91-cb6b-45de-8bd2-c18af7abe58b, command=[]} | ret=SUCCESS |  
2019-09-20 10:25:35,039 | INFO  | SCMAudit | user=jenkins1000 | ip=192.168.36.99 | op=SEND_HEARTBEAT {datanodeUUID=6491c372-a595-4104-b3e9-c4f3293baafa, command=[]} | ret=SUCCESS |  
2019-09-20 10:25:33,197 [ece458fc-6687-4915-9be7-f98d86977b7d:group-253EBBA5E522:LeaderElection156] INFO  server.RaftServerConfigKeys (ConfUtils.java:logGet(43)) - raft.server.watch.timeout.denomination = 1s (default)
2019-09-20 10:25:35,039 | INFO  | SCMAudit | user=jenkins1000 | ip=192.168.36.99 | op=SEND_HEARTBEAT {datanodeUUID=60260ec1-e192-4b95-89c8-d924d16a77a9, command=[]} | ret=SUCCESS |  
2019-09-20 10:25:35,039 | INFO  | SCMAudit | user=jenkins1000 | ip=192.168.36.99 | op=SEND_HEARTBEAT {datanodeUUID=19fb8383-7c99-4449-b95c-a26e71717844, command=[]} | ret=SUCCESS |  
2019-09-20 10:25:33,197 [7f6418e1-cc7a-441a-8f41-c73576b5a1c5:group-0F27DB31D2D6:LeaderElection160] INFO  server.RaftServerConfigKeys (ConfUtils.java:logGet(43)) - raft.server.watch.element-limit = 65536 (default)
2019-09-20 10:25:35,039 | INFO  | SCMAudit | user=jenkins1000 | ip=192.168.36.99 | op=SEND_HEARTBEAT {datanodeUUID=136f1953-bb94-4097-a2d4-422a6782bee0, command=[]} | ret=SUCCESS |  
2019-09-20 10:25:35,039 | INFO  | SCMAudit | user=jenkins1000 | ip=192.168.36.99 | op=SEND_HEARTBEAT {datanodeUUID=17e2ba94-38a1-40e7-84e0-f6802901db84, command=[]} | ret=SUCCESS |  
2019-09-20 10:25:33,196 [7f6418e1-cc7a-441a-8f41-c73576b5a1c5:group-1A1FC4652671:LeaderElection153] INFO  server.RaftServerConfigKeys (ConfUtils.java:logGet(43)) - raft.server.watch.timeout = 10s (default)
2019-09-20 10:25:35,039 | INFO  | SCMAudit | user=jenkins1000 | ip=192.168.36.99 | op=SEND_HEARTBEAT {datanodeUUID=c3e532f8-1a8e-44f3-b56b-d765aee893af, command=[]} | ret=SUCCESS |  
2019-09-20 10:25:35,039 | INFO  | SCMAudit | user=jenkins1000 | ip=192.168.36.99 | op=SEND_HEARTBEAT {datanodeUUID=7af711bd-b5ae-4a73-a8be-b970cae6c2d1, command=[]} | ret=SUCCESS |  
2019-09-20 10:25:35,052 [ece458fc-6687-4915-9be7-f98d86977b7d:group-253EBBA5E522:LeaderElection156] INFO  server.RaftServerConfigKeys (ConfUtils.java:logGet(43)) - raft.server.watch.element-limit = 65536 (default)
2019-09-20 10:25:35,052 [ece458fc-6687-4915-9be7-f98d86977b7d:group-4F82A1B4FB91:LeaderElection170] INFO  impl.RoleInfo (RoleInfo.java:shutdownLeaderElection(134)) - ece458fc-6687-4915-9be7-f98d86977b7d: shutdown LeaderElection
2019-09-20 10:25:35,052 [ece458fc-6687-4915-9be7-f98d86977b7d:group-CE7DA6203BE1:LeaderElection157] INFO  server.RaftServerConfigKeys (ConfUtils.java:logGet(43)) - raft.server.watch.element-limit = 65536 (default)
2019-09-20 10:25:35,051 [99153be1-ba81-4c7b-b6ab-4442760615cb:group-08C92995A0B5:LeaderElection167] INFO  impl.LeaderElection (LeaderElection.java:askForVotes(181)) - 99153be1-ba81-4c7b-b6ab-4442760615cb:group-08C92995A0B5:LeaderElection167: begin an election at term 1 for -1: [99153be1-ba81-4c7b-b6ab-4442760615cb:192.168.36.99:42693], old=null
2019-09-20 10:25:35,051 [fac63c4b-287e-453e-9ac7-8c8c283fdab7:group-A60E90D6B906:LeaderElection162] INFO  impl.LeaderElection (LeaderElection.java:askForVotes(181)) - fac63c4b-287e-453e-9ac7-8c8c283fdab7:group-A60E90D6B906:LeaderElection162: begin an election at term 1 for -1: [fac63c4b-287e-453e-9ac7-8c8c283fdab7:192.168.36.99:38258], old=null
2019-09-20 10:25:35,063 [fac63c4b-287e-453e-9ac7-8c8c283fdab7:group-A60E90D6B906:LeaderElection162] INFO  impl.RoleInfo (RoleInfo.java:shutdownLeaderElection(134)) - fac63c4b-287e-453e-9ac7-8c8c283fdab7: shutdown LeaderElection
2019-09-20 10:25:35,051 [e29464ab-17d7-4a4e-ab54-c178fccc723c:group-E026FD1C3C19:LeaderElection169] INFO  impl.LeaderElection (LeaderElection.java:askForVotes(181)) - e29464ab-17d7-4a4e-ab54-c178fccc723c:group-E026FD1C3C19:LeaderElection169: begin an election at term 1 for -1: [e29464ab-17d7-4a4e-ab54-c178fccc723c:192.168.36.99:36623], old=null
2019-09-20 10:25:35,063 | INFO  | SCMAudit | user=jenkins1000 | ip=192.168.36.99 | op=SEND_HEARTBEAT {datanodeUUID=7f6418e1-cc7a-441a-8f41-c73576b5a1c5, command=[]} | ret=SUCCESS |  
2019-09-20 10:25:35,063 | INFO  | SCMAudit | user=jenkins1000 | ip=192.168.36.99 | op=SEND_HEARTBEAT {datanodeUUID=e29464ab-17d7-4a4e-ab54-c178fccc723c, command=[]} | ret=SUCCESS |  
2019-09-20 10:25:35,063 | INFO  | SCMAudit | user=jenkins1000 | ip=192.168.36.99 | op=SEND_HEARTBEAT {datanodeUUID=ece458fc-6687-4915-9be7-f98d86977b7d, command=[]} | ret=SUCCESS |  
2019-09-20 10:25:35,051 [1bfb6844-04ed-4104-839b-60e510b6bb68:group-22A2006E1636:LeaderElection161] INFO  impl.LeaderElection (LeaderElection.java:askForVotes(181)) - 1bfb6844-04ed-4104-839b-60e510b6bb68:group-22A2006E1636:LeaderElection161: begin an election at term 1 for -1: [1bfb6844-04ed-4104-839b-60e510b6bb68:192.168.36.99:44647], old=null
2019-09-20 10:25:35,063 | INFO  | SCMAudit | user=jenkins1000 | ip=192.168.36.99 | op=SEND_HEARTBEAT {datanodeUUID=99153be1-ba81-4c7b-b6ab-4442760615cb, command=[]} | ret=SUCCESS |  
2019-09-20 10:25:35,063 | INFO  | SCMAudit | user=jenkins1000 | ip=192.168.36.99 | op=SEND_HEARTBEAT {datanodeUUID=fac63c4b-287e-453e-9ac7-8c8c283fdab7, command=[]} | ret=SUCCESS |  
2019-09-20 10:25:33,197 [ece458fc-6687-4915-9be7-f98d86977b7d:group-12B45CD6ECF8:LeaderElection155] INFO  server.RaftServerConfigKeys (ConfUtils.java:logGet(43)) - raft.server.watch.timeout.denomination = 1s (default)
2019-09-20 10:25:35,063 | INFO  | SCMAudit | user=jenkins1000 | ip=192.168.36.99 | op=SEND_HEARTBEAT {datanodeUUID=075fa85b-703c-4900-807d-88f08b36438a, command=[]} | ret=SUCCESS |  
2019-09-20 10:25:35,063 | INFO  | SCMAudit | user=jenkins1000 | ip=192.168.36.99 | op=SEND_HEARTBEAT {datanodeUUID=1bfb6844-04ed-4104-839b-60e510b6bb68, command=[]} | ret=SUCCESS |  
2019-09-20 10:25:35,039 [075fa85b-703c-4900-807d-88f08b36438a-SegmentedRaftLogWorker:Storage Directory /workdir/hadoop-ozone/integration-test/target/test-dir/MiniOzoneClusterImpl-280c06ed-bcb5-4979-9226-67616719d9ed/datanode-4/data/ratis/ebbe3e41-bf36-45ce-9bb6-c6760b479523] ERROR segmented.SegmentedRaftLogWorker (SegmentedRaftLogWorker.java:run(323)) - 075fa85b-703c-4900-807d-88f08b36438a-SegmentedRaftLogWorker:Storage Directory /workdir/hadoop-ozone/integration-test/target/test-dir/MiniOzoneClusterImpl-280c06ed-bcb5-4979-9226-67616719d9ed/datanode-4/data/ratis/ebbe3e41-bf36-45ce-9bb6-c6760b479523 hit exception
java.lang.OutOfMemoryError: Direct buffer memory
	at java.nio.Bits.reserveMemory(Bits.java:666)
	at java.nio.DirectByteBuffer.<init>(DirectByteBuffer.java:123)
	at java.nio.ByteBuffer.allocateDirect(ByteBuffer.java:311)
	at org.apache.ratis.server.raftlog.segmented.BufferedWriteChannel.<init>(BufferedWriteChannel.java:41)
	at org.apache.ratis.server.raftlog.segmented.SegmentedRaftLogOutputStream.<init>(SegmentedRaftLogOutputStream.java:72)
	at org.apache.ratis.server.raftlog.segmented.SegmentedRaftLogWorker$StartLogSegment.execute(SegmentedRaftLogWorker.java:566)
	at org.apache.ratis.server.raftlog.segmented.SegmentedRaftLogWorker.run(SegmentedRaftLogWorker.java:289)
	at java.lang.Thread.run(Thread.java:748)
2019-09-20 10:25:35,039 [7f6418e1-cc7a-441a-8f41-c73576b5a1c5-SegmentedRaftLogWorker:Storage Directory /workdir/hadoop-ozone/integration-test/target/test-dir/MiniOzoneClusterImpl-280c06ed-bcb5-4979-9226-67616719d9ed/datanode-5/data/ratis/fc84d5ff-ee7f-44b3-97f2-e502266162a0] ERROR segmented.SegmentedRaftLogWorker (SegmentedRaftLogWorker.java:run(323)) - 7f6418e1-cc7a-441a-8f41-c73576b5a1c5-SegmentedRaftLogWorker:Storage Directory /workdir/hadoop-ozone/integration-test/target/test-dir/MiniOzoneClusterImpl-280c06ed-bcb5-4979-9226-67616719d9ed/datanode-5/data/ratis/fc84d5ff-ee7f-44b3-97f2-e502266162a0 hit exception
java.lang.OutOfMemoryError: Direct buffer memory
	at java.nio.Bits.reserveMemory(Bits.java:666)
	at java.nio.DirectByteBuffer.<init>(DirectByteBuffer.java:123)
	at java.nio.ByteBuffer.allocateDirect(ByteBuffer.java:311)
	at org.apache.ratis.server.raftlog.segmented.BufferedWriteChannel.<init>(BufferedWriteChannel.java:41)
	at org.apache.ratis.server.raftlog.segmented.SegmentedRaftLogOutputStream.<init>(SegmentedRaftLogOutputStream.java:72)
	at org.apache.ratis.server.raftlog.segmented.SegmentedRaftLogWorker$StartLogSegment.execute(SegmentedRaftLogWorker.java:566)
	at org.apache.ratis.server.raftlog.segmented.SegmentedRaftLogWorker.run(SegmentedRaftLogWorker.java:289)
	at java.lang.Thread.run(Thread.java:748)
2019-09-20 10:25:35,039 [7f6418e1-cc7a-441a-8f41-c73576b5a1c5-SegmentedRaftLogWorker:Storage Directory /workdir/hadoop-ozone/integration-test/target/test-dir/MiniOzoneClusterImpl-280c06ed-bcb5-4979-9226-67616719d9ed/datanode-5/data/ratis/111c82a6-d1fa-4f1e-a624-78aa40479dd8] ERROR segmented.SegmentedRaftLogWorker (SegmentedRaftLogWorker.java:run(323)) - 7f6418e1-cc7a-441a-8f41-c73576b5a1c5-SegmentedRaftLogWorker:Storage Directory /workdir/hadoop-ozone/integration-test/target/test-dir/MiniOzoneClusterImpl-280c06ed-bcb5-4979-9226-67616719d9ed/datanode-5/data/ratis/111c82a6-d1fa-4f1e-a624-78aa40479dd8 hit exception
java.lang.OutOfMemoryError: Direct buffer memory
	at java.nio.Bits.reserveMemory(Bits.java:666)
	at java.nio.DirectByteBuffer.<init>(DirectByteBuffer.java:123)
	at java.nio.ByteBuffer.allocateDirect(ByteBuffer.java:311)
	at org.apache.ratis.server.raftlog.segmented.BufferedWriteChannel.<init>(BufferedWriteChannel.java:41)
	at org.apache.ratis.server.raftlog.segmented.SegmentedRaftLogOutputStream.<init>(SegmentedRaftLogOutputStream.java:72)
	at org.apache.ratis.server.raftlog.segmented.SegmentedRaftLogWorker$StartLogSegment.execute(SegmentedRaftLogWorker.java:566)
	at org.apache.ratis.server.raftlog.segmented.SegmentedRaftLogWorker.run(SegmentedRaftLogWorker.java:289)
	at java.lang.Thread.run(Thread.java:748)
2019-09-20 10:25:35,039 [075fa85b-703c-4900-807d-88f08b36438a-SegmentedRaftLogWorker:Storage Directory /workdir/hadoop-ozone/integration-test/target/test-dir/MiniOzoneClusterImpl-280c06ed-bcb5-4979-9226-67616719d9ed/datanode-4/data/ratis/f1e051e5-bd96-4311-9bb0-d8127be90fd8] ERROR segmented.SegmentedRaftLogWorker (SegmentedRaftLogWorker.java:run(323)) - 075fa85b-703c-4900-807d-88f08b36438a-SegmentedRaftLogWorker:Storage Directory /workdir/hadoop-ozone/integration-test/target/test-dir/MiniOzoneClusterImpl-280c06ed-bcb5-4979-9226-67616719d9ed/datanode-4/data/ratis/f1e051e5-bd96-4311-9bb0-d8127be90fd8 hit exception
java.lang.OutOfMemoryError: Direct buffer memory
	at java.nio.Bits.reserveMemory(Bits.java:666)
	at java.nio.DirectByteBuffer.<init>(DirectByteBuffer.java:123)
	at java.nio.ByteBuffer.allocateDirect(ByteBuffer.java:311)
	at org.apache.ratis.server.raftlog.segmented.BufferedWriteChannel.<init>(BufferedWriteChannel.java:41)
	at org.apache.ratis.server.raftlog.segmented.SegmentedRaftLogOutputStream.<init>(SegmentedRaftLogOutputStream.java:72)
	at org.apache.ratis.server.raftlog.segmented.SegmentedRaftLogWorker$StartLogSegment.execute(SegmentedRaftLogWorker.java:566)
	at org.apache.ratis.server.raftlog.segmented.SegmentedRaftLogWorker.run(SegmentedRaftLogWorker.java:289)
	at java.lang.Thread.run(Thread.java:748)
2019-09-20 10:25:35,064 [075fa85b-703c-4900-807d-88f08b36438a-SegmentedRaftLogWorker:Storage Directory /workdir/hadoop-ozone/integration-test/target/test-dir/MiniOzoneClusterImpl-280c06ed-bcb5-4979-9226-67616719d9ed/datanode-4/data/ratis/f1e051e5-bd96-4311-9bb0-d8127be90fd8] INFO  impl.RaftServerImpl (RaftServerImpl.java:lambda$shutdown$3(245)) - 075fa85b-703c-4900-807d-88f08b36438a: shutdown group-D8127BE90FD8
2019-09-20 10:25:35,028 [org.apache.hadoop.util.JvmPauseMonitor$Monitor@42da320] INFO  util.JvmPauseMonitor (JvmPauseMonitor.java:run(205)) - Detected pause in JVM or host machine (eg GC): pause of approximately 1335ms
GC pool 'PS MarkSweep' had collection(s): count=5 time=1681ms
GC pool 'PS Scavenge' had collection(s): count=5 time=81ms
2019-09-20 10:25:35,028 [org.apache.hadoop.util.JvmPauseMonitor$Monitor@24d8454f] INFO  util.JvmPauseMonitor (JvmPauseMonitor.java:run(205)) - Detected pause in JVM or host machine (eg GC): pause of approximately 1336ms
GC pool 'PS MarkSweep' had collection(s): count=5 time=1681ms
GC pool 'PS Scavenge' had collection(s): count=5 time=81ms
2019-09-20 10:25:35,028 [org.apache.hadoop.util.JvmPauseMonitor$Monitor@15a6e791] INFO  util.JvmPauseMonitor (JvmPauseMonitor.java:run(205)) - Detected pause in JVM or host machine (eg GC): pause of approximately 1334ms
GC pool 'PS MarkSweep' had collection(s): count=5 time=1681ms
GC pool 'PS Scavenge' had collection(s): count=5 time=81ms
2019-09-20 10:25:35,028 [org.apache.hadoop.util.JvmPauseMonitor$Monitor@35ce277d] INFO  util.JvmPauseMonitor (JvmPauseMonitor.java:run(205)) - Detected pause in JVM or host machine (eg GC): pause of approximately 1335ms
GC pool 'PS MarkSweep' had collection(s): count=5 time=1681ms
GC pool 'PS Scavenge' had collection(s): count=5 time=81ms
2019-09-20 10:25:35,028 [org.apache.hadoop.util.JvmPauseMonitor$Monitor@4f5d7091] INFO  util.JvmPauseMonitor (JvmPauseMonitor.java:run(205)) - Detected pause in JVM or host machine (eg GC): pause of approximately 1335ms
GC pool 'PS MarkSweep' had collection(s): count=5 time=1681ms
GC pool 'PS Scavenge' had collection(s): count=5 time=81ms
2019-09-20 10:25:35,028 [org.apache.hadoop.util.JvmPauseMonitor$Monitor@687f65cc] INFO  util.JvmPauseMonitor (JvmPauseMonitor.java:run(205)) - Detected pause in JVM or host machine (eg GC): pause of approximately 1335ms
GC pool 'PS MarkSweep' had collection(s): count=5 time=1681ms
GC pool 'PS Scavenge' had collection(s): count=5 time=81ms
2019-09-20 10:25:35,028 [org.apache.hadoop.util.JvmPauseMonitor$Monitor@2cab750b] INFO  util.JvmPauseMonitor (JvmPauseMonitor.java:run(205)) - Detected pause in JVM or host machine (eg GC): pause of approximately 1335ms
GC pool 'PS MarkSweep' had collection(s): count=5 time=1681ms
GC pool 'PS Scavenge' had collection(s): count=5 time=81ms
2019-09-20 10:25:35,028 [org.apache.hadoop.util.JvmPauseMonitor$Monitor@47bb7530] INFO  util.JvmPauseMonitor (JvmPauseMonitor.java:run(205)) - Detected pause in JVM or host machine (eg GC): pause of approximately 1335ms
GC pool 'PS MarkSweep' had collection(s): count=5 time=1681ms
GC pool 'PS Scavenge' had collection(s): count=5 time=81ms
2019-09-20 10:25:35,028 [org.apache.hadoop.util.JvmPauseMonitor$Monitor@4d760638] INFO  util.JvmPauseMonitor (JvmPauseMonitor.java:run(205)) - Detected pause in JVM or host machine (eg GC): pause of approximately 1335ms
GC pool 'PS MarkSweep' had collection(s): count=5 time=1681ms
GC pool 'PS Scavenge' had collection(s): count=5 time=81ms
2019-09-20 10:25:35,027 [org.apache.hadoop.util.JvmPauseMonitor$Monitor@86595ed] INFO  util.JvmPauseMonitor (JvmPauseMonitor.java:run(205)) - Detected pause in JVM or host machine (eg GC): pause of approximately 1335ms
GC pool 'PS MarkSweep' had collection(s): count=5 time=1681ms
GC pool 'PS Scavenge' had collection(s): count=5 time=81ms
2019-09-20 10:25:35,027 [org.apache.hadoop.util.JvmPauseMonitor$Monitor@6a5a6268] INFO  util.JvmPauseMonitor (JvmPauseMonitor.java:run(205)) - Detected pause in JVM or host machine (eg GC): pause of approximately 1334ms
GC pool 'PS MarkSweep' had collection(s): count=5 time=1681ms
GC pool 'PS Scavenge' had collection(s): count=5 time=81ms
2019-09-20 10:25:35,027 [org.apache.hadoop.util.JvmPauseMonitor$Monitor@751d99f6] INFO  util.JvmPauseMonitor (JvmPauseMonitor.java:run(205)) - Detected pause in JVM or host machine (eg GC): pause of approximately 1334ms
GC pool 'PS MarkSweep' had collection(s): count=5 time=1681ms
GC pool 'PS Scavenge' had collection(s): count=5 time=81ms
2019-09-20 10:25:35,027 [org.apache.hadoop.util.JvmPauseMonitor$Monitor@5a4bef8] INFO  util.JvmPauseMonitor (JvmPauseMonitor.java:run(205)) - Detected pause in JVM or host machine (eg GC): pause of approximately 1334ms
GC pool 'PS MarkSweep' had collection(s): count=5 time=1681ms
GC pool 'PS Scavenge' had collection(s): count=5 time=81ms
2019-09-20 10:25:35,027 [org.apache.hadoop.util.JvmPauseMonitor$Monitor@122dfeae] INFO  util.JvmPauseMonitor (JvmPauseMonitor.java:run(205)) - Detected pause in JVM or host machine (eg GC): pause of approximately 1334ms
GC pool 'PS MarkSweep' had collection(s): count=5 time=1681ms
GC pool 'PS Scavenge' had collection(s): count=5 time=81ms
2019-09-20 10:25:35,027 [org.apache.hadoop.util.JvmPauseMonitor$Monitor@11dba388] INFO  util.JvmPauseMonitor (JvmPauseMonitor.java:run(205)) - Detected pause in JVM or host machine (eg GC): pause of approximately 1334ms
GC pool 'PS MarkSweep' had collection(s): count=5 time=1681ms
GC pool 'PS Scavenge' had collection(s): count=5 time=81ms
2019-09-20 10:25:35,027 [org.apache.hadoop.util.JvmPauseMonitor$Monitor@458a4fee] INFO  util.JvmPauseMonitor (JvmPauseMonitor.java:run(205)) - Detected pause in JVM or host machine (eg GC): pause of approximately 1334ms
GC pool 'PS MarkSweep' had collection(s): count=5 time=1681ms
GC pool 'PS Scavenge' had collection(s): count=5 time=81ms
2019-09-20 10:25:35,027 [org.apache.hadoop.util.JvmPauseMonitor$Monitor@35e02ef] INFO  util.JvmPauseMonitor (JvmPauseMonitor.java:run(205)) - Detected pause in JVM or host machine (eg GC): pause of approximately 1334ms
GC pool 'PS MarkSweep' had collection(s): count=5 time=1681ms
GC pool 'PS Scavenge' had collection(s): count=5 time=81ms
2019-09-20 10:25:35,027 [org.apache.hadoop.util.JvmPauseMonitor$Monitor@76ef1abe] INFO  util.JvmPauseMonitor (JvmPauseMonitor.java:run(205)) - Detected pause in JVM or host machine (eg GC): pause of approximately 1334ms
GC pool 'PS MarkSweep' had collection(s): count=5 time=1681ms
GC pool 'PS Scavenge' had collection(s): count=5 time=81ms
2019-09-20 10:25:35,027 [org.apache.hadoop.util.JvmPauseMonitor$Monitor@67b5e090] INFO  util.JvmPauseMonitor (JvmPauseMonitor.java:run(205)) - Detected pause in JVM or host machine (eg GC): pause of approximately 1334ms
GC pool 'PS MarkSweep' had collection(s): count=5 time=1681ms
GC pool 'PS Scavenge' had collection(s): count=5 time=81ms
2019-09-20 10:25:35,027 [org.apache.hadoop.util.JvmPauseMonitor$Monitor@5f477064] INFO  util.JvmPauseMonitor (JvmPauseMonitor.java:run(205)) - Detected pause in JVM or host machine (eg GC): pause of approximately 1333ms
GC pool 'PS MarkSweep' had collection(s): count=5 time=1681ms
GC pool 'PS Scavenge' had collection(s): count=5 time=81ms
2019-09-20 10:25:35,027 [org.apache.hadoop.util.JvmPauseMonitor$Monitor@3ece3d1c] INFO  util.JvmPauseMonitor (JvmPauseMonitor.java:run(205)) - Detected pause in JVM or host machine (eg GC): pause of approximately 1333ms
GC pool 'PS MarkSweep' had collection(s): count=5 time=1681ms
GC pool 'PS Scavenge' had collection(s): count=5 time=81ms
2019-09-20 10:25:35,027 [org.apache.hadoop.util.JvmPauseMonitor$Monitor@558aab] INFO  util.JvmPauseMonitor (JvmPauseMonitor.java:run(205)) - Detected pause in JVM or host machine (eg GC): pause of approximately 1333ms
GC pool 'PS MarkSweep' had collection(s): count=5 time=1681ms
GC pool 'PS Scavenge' had collection(s): count=5 time=81ms
2019-09-20 10:25:35,027 [org.apache.hadoop.util.JvmPauseMonitor$Monitor@6bba239f] INFO  util.JvmPauseMonitor (JvmPauseMonitor.java:run(205)) - Detected pause in JVM or host machine (eg GC): pause of approximately 1334ms
GC pool 'PS MarkSweep' had collection(s): count=5 time=1681ms
GC pool 'PS Scavenge' had collection(s): count=5 time=81ms
2019-09-20 10:25:35,027 [org.apache.hadoop.util.JvmPauseMonitor$Monitor@5a3b1718] INFO  util.JvmPauseMonitor (JvmPauseMonitor.java:run(205)) - Detected pause in JVM or host machine (eg GC): pause of approximately 1334ms
GC pool 'PS MarkSweep' had collection(s): count=5 time=1681ms
GC pool 'PS Scavenge' had collection(s): count=5 time=81ms
2019-09-20 10:25:35,027 [org.apache.hadoop.util.JvmPauseMonitor$Monitor@4c71f289] INFO  util.JvmPauseMonitor (JvmPauseMonitor.java:run(205)) - Detected pause in JVM or host machine (eg GC): pause of approximately 1334ms
GC pool 'PS MarkSweep' had collection(s): count=5 time=1681ms
GC pool 'PS Scavenge' had collection(s): count=5 time=81ms
2019-09-20 10:25:35,027 [org.apache.hadoop.util.JvmPauseMonitor$Monitor@15f36422] INFO  util.JvmPauseMonitor (JvmPauseMonitor.java:run(205)) - Detected pause in JVM or host machine (eg GC): pause of approximately 1333ms
GC pool 'PS MarkSweep' had collection(s): count=5 time=1681ms
GC pool 'PS Scavenge' had collection(s): count=5 time=81ms
2019-09-20 10:25:35,027 [org.apache.hadoop.util.JvmPauseMonitor$Monitor@4b4bc73d] INFO  util.JvmPauseMonitor (JvmPauseMonitor.java:run(205)) - Detected pause in JVM or host machine (eg GC): pause of approximately 1333ms
GC pool 'PS MarkSweep' had collection(s): count=5 time=1681ms
GC pool 'PS Scavenge' had collection(s): count=5 time=81ms
2019-09-20 10:25:35,027 [org.apache.hadoop.util.JvmPauseMonitor$Monitor@5e910d54] INFO  util.JvmPauseMonitor (JvmPauseMonitor.java:run(205)) - Detected pause in JVM or host machine (eg GC): pause of approximately 1333ms
GC pool 'PS MarkSweep' had collection(s): count=5 time=1681ms
GC pool 'PS Scavenge' had collection(s): count=5 time=81ms
2019-09-20 10:25:35,027 [org.apache.hadoop.util.JvmPauseMonitor$Monitor@cdbe995] INFO  util.JvmPauseMonitor (JvmPauseMonitor.java:run(205)) - Detected pause in JVM or host machine (eg GC): pause of approximately 1333ms
GC pool 'PS MarkSweep' had collection(s): count=5 time=1681ms
GC pool 'PS Scavenge' had collection(s): count=5 time=81ms
2019-09-20 10:25:35,027 [org.apache.hadoop.util.JvmPauseMonitor$Monitor@3ef4b08f] INFO  util.JvmPauseMonitor (JvmPauseMonitor.java:run(205)) - Detected pause in JVM or host machine (eg GC): pause of approximately 1333ms
GC pool 'PS MarkSweep' had collection(s): count=5 time=1681ms
GC pool 'PS Scavenge' had collection(s): count=5 time=81ms
2019-09-20 10:25:35,027 [org.apache.hadoop.util.JvmPauseMonitor$Monitor@499d699e] INFO  util.JvmPauseMonitor (JvmPauseMonitor.java:run(205)) - Detected pause in JVM or host machine (eg GC): pause of approximately 1332ms
GC pool 'PS MarkSweep' had collection(s): count=5 time=1681ms
GC pool 'PS Scavenge' had collection(s): count=5 time=81ms
2019-09-20 10:25:35,027 [org.apache.hadoop.util.JvmPauseMonitor$Monitor@731279c2] INFO  util.JvmPauseMonitor (JvmPauseMonitor.java:run(205)) - Detected pause in JVM or host machine (eg GC): pause of approximately 1333ms
GC pool 'PS MarkSweep' had collection(s): count=5 time=1681ms
GC pool 'PS Scavenge' had collection(s): count=5 time=81ms
2019-09-20 10:25:35,027 [org.apache.hadoop.util.JvmPauseMonitor$Monitor@66716959] INFO  util.JvmPauseMonitor (JvmPauseMonitor.java:run(205)) - Detected pause in JVM or host machine (eg GC): pause of approximately 1333ms
GC pool 'PS MarkSweep' had collection(s): count=5 time=1681ms
GC pool 'PS Scavenge' had collection(s): count=5 time=81ms
2019-09-20 10:25:35,064 [075fa85b-703c-4900-807d-88f08b36438a-SegmentedRaftLogWorker:Storage Directory /workdir/hadoop-ozone/integration-test/target/test-dir/MiniOzoneClusterImpl-280c06ed-bcb5-4979-9226-67616719d9ed/datanode-4/data/ratis/f1e051e5-bd96-4311-9bb0-d8127be90fd8] INFO  util.JmxRegister (JmxRegister.java:unregister(73)) - Successfully un-registered JMX Bean with object name Ratis:service=RaftServer,group=group-D8127BE90FD8,id=075fa85b-703c-4900-807d-88f08b36438a
2019-09-20 10:25:35,064 [7f6418e1-cc7a-441a-8f41-c73576b5a1c5-SegmentedRaftLogWorker:Storage Directory /workdir/hadoop-ozone/integration-test/target/test-dir/MiniOzoneClusterImpl-280c06ed-bcb5-4979-9226-67616719d9ed/datanode-5/data/ratis/111c82a6-d1fa-4f1e-a624-78aa40479dd8] INFO  impl.RaftServerImpl (RaftServerImpl.java:lambda$shutdown$3(245)) - 7f6418e1-cc7a-441a-8f41-c73576b5a1c5: shutdown group-78AA40479DD8
2019-09-20 10:25:35,064 [7f6418e1-cc7a-441a-8f41-c73576b5a1c5-SegmentedRaftLogWorker:Storage Directory /workdir/hadoop-ozone/integration-test/target/test-dir/MiniOzoneClusterImpl-280c06ed-bcb5-4979-9226-67616719d9ed/datanode-5/data/ratis/fc84d5ff-ee7f-44b3-97f2-e502266162a0] INFO  impl.RaftServerImpl (RaftServerImpl.java:lambda$shutdown$3(245)) - 7f6418e1-cc7a-441a-8f41-c73576b5a1c5: shutdown group-E502266162A0
2019-09-20 10:25:35,063 [main] INFO  ozone.HddsDatanodeService (HddsDatanodeService.java:start(184)) - HddsDatanodeService host:pr-hdds-1569-p5fx8-1226042367 ip:192.168.36.99
2019-09-20 10:25:35,063 [075fa85b-703c-4900-807d-88f08b36438a-SegmentedRaftLogWorker:Storage Directory /workdir/hadoop-ozone/integration-test/target/test-dir/MiniOzoneClusterImpl-280c06ed-bcb5-4979-9226-67616719d9ed/datanode-4/data/ratis/ebbe3e41-bf36-45ce-9bb6-c6760b479523] INFO  impl.RaftServerImpl (RaftServerImpl.java:lambda$shutdown$3(245)) - 075fa85b-703c-4900-807d-88f08b36438a: shutdown group-C6760B479523
2019-09-20 10:25:35,063 [ece458fc-6687-4915-9be7-f98d86977b7d:group-12B45CD6ECF8:LeaderElection155] INFO  server.RaftServerConfigKeys (ConfUtils.java:logGet(43)) - raft.server.watch.element-limit = 65536 (default)
2019-09-20 10:25:35,063 [1bfb6844-04ed-4104-839b-60e510b6bb68:group-22A2006E1636:LeaderElection161] INFO  impl.RoleInfo (RoleInfo.java:shutdownLeaderElection(134)) - 1bfb6844-04ed-4104-839b-60e510b6bb68: shutdown LeaderElection
2019-09-20 10:25:35,068 [1bfb6844-04ed-4104-839b-60e510b6bb68:group-22A2006E1636:LeaderElection161] INFO  impl.RaftServerImpl (RaftServerImpl.java:setRole(171)) - 1bfb6844-04ed-4104-839b-60e510b6bb68:group-22A2006E1636 changes role from CANDIDATE to LEADER at term 1 for changeToLeader
2019-09-20 10:25:35,063 [e29464ab-17d7-4a4e-ab54-c178fccc723c:group-E026FD1C3C19:LeaderElection169] INFO  impl.RoleInfo (RoleInfo.java:shutdownLeaderElection(134)) - e29464ab-17d7-4a4e-ab54-c178fccc723c: shutdown LeaderElection
2019-09-20 10:25:35,069 [e29464ab-17d7-4a4e-ab54-c178fccc723c:group-E026FD1C3C19:LeaderElection169] INFO  impl.RaftServerImpl (RaftServerImpl.java:setRole(171)) - e29464ab-17d7-4a4e-ab54-c178fccc723c:group-E026FD1C3C19 changes role from CANDIDATE to LEADER at term 1 for changeToLeader
2019-09-20 10:25:35,063 [fac63c4b-287e-453e-9ac7-8c8c283fdab7:group-A60E90D6B906:LeaderElection162] INFO  impl.RaftServerImpl (RaftServerImpl.java:setRole(171)) - fac63c4b-287e-453e-9ac7-8c8c283fdab7:group-A60E90D6B906 changes role from CANDIDATE to LEADER at term 1 for changeToLeader
2019-09-20 10:25:35,069 [fac63c4b-287e-453e-9ac7-8c8c283fdab7:group-A60E90D6B906:LeaderElection162] INFO  impl.RaftServerImpl (ServerState.java:setLeader(263)) - fac63c4b-287e-453e-9ac7-8c8c283fdab7:group-A60E90D6B906 change Leader from null to fac63c4b-287e-453e-9ac7-8c8c283fdab7 at term 1 for becomeLeader, leader elected after 15439ms
2019-09-20 10:25:35,063 [99153be1-ba81-4c7b-b6ab-4442760615cb:group-08C92995A0B5:LeaderElection167] INFO  impl.RoleInfo (RoleInfo.java:shutdownLeaderElection(134)) - 99153be1-ba81-4c7b-b6ab-4442760615cb: shutdown LeaderElection
2019-09-20 10:25:35,069 [99153be1-ba81-4c7b-b6ab-4442760615cb:group-08C92995A0B5:LeaderElection167] INFO  impl.RaftServerImpl (RaftServerImpl.java:setRole(171)) - 99153be1-ba81-4c7b-b6ab-4442760615cb:group-08C92995A0B5 changes role from CANDIDATE to LEADER at term 1 for changeToLeader
2019-09-20 10:25:35,063 [ece458fc-6687-4915-9be7-f98d86977b7d:group-CE7DA6203BE1:LeaderElection157] INFO  impl.RoleInfo (RoleInfo.java:updateAndGet(143)) - ece458fc-6687-4915-9be7-f98d86977b7d: start LeaderState
2019-09-20 10:25:35,052 [ece458fc-6687-4915-9be7-f98d86977b7d:group-253EBBA5E522:LeaderElection156] INFO  impl.RoleInfo (RoleInfo.java:updateAndGet(143)) - ece458fc-6687-4915-9be7-f98d86977b7d: start LeaderState
2019-09-20 10:25:35,052 [ece458fc-6687-4915-9be7-f98d86977b7d:group-4F82A1B4FB91:LeaderElection170] INFO  impl.RaftServerImpl (RaftServerImpl.java:setRole(171)) - ece458fc-6687-4915-9be7-f98d86977b7d:group-4F82A1B4FB91 changes role from CANDIDATE to LEADER at term 1 for changeToLeader
2019-09-20 10:25:35,069 [ece458fc-6687-4915-9be7-f98d86977b7d:group-253EBBA5E522:LeaderElection156] INFO  segmented.SegmentedRaftLogWorker (SegmentedRaftLogWorker.java:startLogSegment(380)) - ece458fc-6687-4915-9be7-f98d86977b7d-SegmentedRaftLogWorker:Storage Directory /workdir/hadoop-ozone/integration-test/target/test-dir/MiniOzoneClusterImpl-280c06ed-bcb5-4979-9226-67616719d9ed/datanode-6/data/ratis/b6b70daa-c1b4-4ea1-9090-253ebba5e522: Starting segment from index:0
2019-09-20 10:25:35,052 [7f6418e1-cc7a-441a-8f41-c73576b5a1c5:group-1A1FC4652671:LeaderElection153] INFO  server.RaftServerConfigKeys (ConfUtils.java:logGet(43)) - raft.server.watch.timeout.denomination = 1s (default)
2019-09-20 10:25:35,052 [7f6418e1-cc7a-441a-8f41-c73576b5a1c5:group-0F27DB31D2D6:LeaderElection160] INFO  impl.RoleInfo (RoleInfo.java:updateAndGet(143)) - 7f6418e1-cc7a-441a-8f41-c73576b5a1c5: start LeaderState
2019-09-20 10:25:35,070 [7f6418e1-cc7a-441a-8f41-c73576b5a1c5:group-1A1FC4652671:LeaderElection153] INFO  server.RaftServerConfigKeys (ConfUtils.java:logGet(43)) - raft.server.watch.element-limit = 65536 (default)
2019-09-20 10:25:35,070 [fac63c4b-287e-453e-9ac7-8c8c283fdab7:group-92B61ACBDA5D:LeaderElection163] INFO  impl.LeaderElection (LeaderElection.java:askForVotes(181)) - fac63c4b-287e-453e-9ac7-8c8c283fdab7:group-92B61ACBDA5D:LeaderElection163: begin an election at term 1 for -1: [fac63c4b-287e-453e-9ac7-8c8c283fdab7:192.168.36.99:38258], old=null
2019-09-20 10:25:35,069 [ece458fc-6687-4915-9be7-f98d86977b7d:group-4F82A1B4FB91:LeaderElection170] INFO  impl.RaftServerImpl (ServerState.java:setLeader(263)) - ece458fc-6687-4915-9be7-f98d86977b7d:group-4F82A1B4FB91 change Leader from null to ece458fc-6687-4915-9be7-f98d86977b7d at term 1 for becomeLeader, leader elected after 12766ms
2019-09-20 10:25:35,069 [ece458fc-6687-4915-9be7-f98d86977b7d:group-CE7DA6203BE1:LeaderElection157] INFO  segmented.SegmentedRaftLogWorker (SegmentedRaftLogWorker.java:startLogSegment(380)) - ece458fc-6687-4915-9be7-f98d86977b7d-SegmentedRaftLogWorker:Storage Directory /workdir/hadoop-ozone/integration-test/target/test-dir/MiniOzoneClusterImpl-280c06ed-bcb5-4979-9226-67616719d9ed/datanode-6/data/ratis/460759a0-ea14-496d-ac0f-ce7da6203be1: Starting segment from index:0
2019-09-20 10:25:35,069 [99153be1-ba81-4c7b-b6ab-4442760615cb:group-08C92995A0B5:LeaderElection167] INFO  impl.RaftServerImpl (ServerState.java:setLeader(263)) - 99153be1-ba81-4c7b-b6ab-4442760615cb:group-08C92995A0B5 change Leader from null to 99153be1-ba81-4c7b-b6ab-4442760615cb at term 1 for becomeLeader, leader elected after 14639ms
2019-09-20 10:25:35,069 [fac63c4b-287e-453e-9ac7-8c8c283fdab7:group-A60E90D6B906:LeaderElection162] INFO  server.RaftServerConfigKeys (ConfUtils.java:logGet(43)) - raft.server.staging.catchup.gap = 1000 (default)
2019-09-20 10:25:35,548 [fac63c4b-287e-453e-9ac7-8c8c283fdab7:group-A60E90D6B906:LeaderElection162] INFO  server.RaftServerConfigKeys (ConfUtils.java:logGet(43)) - raft.server.rpc.sleep.time = 25ms (default)
2019-09-20 10:25:35,069 [e29464ab-17d7-4a4e-ab54-c178fccc723c:group-E026FD1C3C19:LeaderElection169] INFO  impl.RaftServerImpl (ServerState.java:setLeader(263)) - e29464ab-17d7-4a4e-ab54-c178fccc723c:group-E026FD1C3C19 change Leader from null to e29464ab-17d7-4a4e-ab54-c178fccc723c at term 1 for becomeLeader, leader elected after 14402ms
2019-09-20 10:25:35,069 [1bfb6844-04ed-4104-839b-60e510b6bb68:group-22A2006E1636:LeaderElection161] INFO  impl.RaftServerImpl (ServerState.java:setLeader(263)) - 1bfb6844-04ed-4104-839b-60e510b6bb68:group-22A2006E1636 change Leader from null to 1bfb6844-04ed-4104-839b-60e510b6bb68 at term 1 for becomeLeader, leader elected after 13972ms
2019-09-20 10:25:35,068 [ece458fc-6687-4915-9be7-f98d86977b7d:group-12B45CD6ECF8:LeaderElection155] INFO  impl.RoleInfo (RoleInfo.java:updateAndGet(143)) - ece458fc-6687-4915-9be7-f98d86977b7d: start LeaderState
2019-09-20 10:25:35,068 [075fa85b-703c-4900-807d-88f08b36438a-SegmentedRaftLogWorker:Storage Directory /workdir/hadoop-ozone/integration-test/target/test-dir/MiniOzoneClusterImpl-280c06ed-bcb5-4979-9226-67616719d9ed/datanode-4/data/ratis/ebbe3e41-bf36-45ce-9bb6-c6760b479523] INFO  util.JmxRegister (JmxRegister.java:unregister(73)) - Successfully un-registered JMX Bean with object name Ratis:service=RaftServer,group=group-C6760B479523,id=075fa85b-703c-4900-807d-88f08b36438a
2019-09-20 10:25:35,068 [7f6418e1-cc7a-441a-8f41-c73576b5a1c5-SegmentedRaftLogWorker:Storage Directory /workdir/hadoop-ozone/integration-test/target/test-dir/MiniOzoneClusterImpl-280c06ed-bcb5-4979-9226-67616719d9ed/datanode-5/data/ratis/fc84d5ff-ee7f-44b3-97f2-e502266162a0] INFO  util.JmxRegister (JmxRegister.java:unregister(73)) - Successfully un-registered JMX Bean with object name Ratis:service=RaftServer,group=group-E502266162A0,id=7f6418e1-cc7a-441a-8f41-c73576b5a1c5
2019-09-20 10:25:35,068 [7f6418e1-cc7a-441a-8f41-c73576b5a1c5-SegmentedRaftLogWorker:Storage Directory /workdir/hadoop-ozone/integration-test/target/test-dir/MiniOzoneClusterImpl-280c06ed-bcb5-4979-9226-67616719d9ed/datanode-5/data/ratis/111c82a6-d1fa-4f1e-a624-78aa40479dd8] INFO  util.JmxRegister (JmxRegister.java:unregister(73)) - Successfully un-registered JMX Bean with object name Ratis:service=RaftServer,group=group-78AA40479DD8,id=7f6418e1-cc7a-441a-8f41-c73576b5a1c5
2019-09-20 10:25:35,983 [7f6418e1-cc7a-441a-8f41-c73576b5a1c5-SegmentedRaftLogWorker:Storage Directory /workdir/hadoop-ozone/integration-test/target/test-dir/MiniOzoneClusterImpl-280c06ed-bcb5-4979-9226-67616719d9ed/datanode-5/data/ratis/111c82a6-d1fa-4f1e-a624-78aa40479dd8] INFO  impl.RoleInfo (RoleInfo.java:shutdownLeaderState(104)) - 7f6418e1-cc7a-441a-8f41-c73576b5a1c5: shutdown LeaderState
2019-09-20 10:25:35,068 [075fa85b-703c-4900-807d-88f08b36438a-SegmentedRaftLogWorker:Storage Directory /workdir/hadoop-ozone/integration-test/target/test-dir/MiniOzoneClusterImpl-280c06ed-bcb5-4979-9226-67616719d9ed/datanode-4/data/ratis/f1e051e5-bd96-4311-9bb0-d8127be90fd8] INFO  impl.RoleInfo (RoleInfo.java:shutdownLeaderState(104)) - 075fa85b-703c-4900-807d-88f08b36438a: shutdown LeaderState
2019-09-20 10:25:35,983 [7f6418e1-cc7a-441a-8f41-c73576b5a1c5-SegmentedRaftLogWorker:Storage Directory /workdir/hadoop-ozone/integration-test/target/test-dir/MiniOzoneClusterImpl-280c06ed-bcb5-4979-9226-67616719d9ed/datanode-5/data/ratis/111c82a6-d1fa-4f1e-a624-78aa40479dd8] INFO  impl.PendingRequests (PendingRequests.java:sendNotLeaderResponses(202)) - 7f6418e1-cc7a-441a-8f41-c73576b5a1c5-PendingRequests: sendNotLeaderResponses
2019-09-20 10:25:35,983 [ece458fc-6687-4915-9be7-f98d86977b7d:group-CE7DA6203BE1:LeaderElection157] INFO  impl.RaftServerImpl (ServerState.java:setRaftConf(361)) - ece458fc-6687-4915-9be7-f98d86977b7d:group-CE7DA6203BE1 set configuration 0: [ece458fc-6687-4915-9be7-f98d86977b7d:192.168.36.99:40344], old=null at 0
2019-09-20 10:25:35,983 [7f6418e1-cc7a-441a-8f41-c73576b5a1c5-SegmentedRaftLogWorker:Storage Directory /workdir/hadoop-ozone/integration-test/target/test-dir/MiniOzoneClusterImpl-280c06ed-bcb5-4979-9226-67616719d9ed/datanode-5/data/ratis/fc84d5ff-ee7f-44b3-97f2-e502266162a0] INFO  impl.RoleInfo (RoleInfo.java:shutdownLeaderState(104)) - 7f6418e1-cc7a-441a-8f41-c73576b5a1c5: shutdown LeaderState
2019-09-20 10:25:35,983 [075fa85b-703c-4900-807d-88f08b36438a-SegmentedRaftLogWorker:Storage Directory /workdir/hadoop-ozone/integration-test/target/test-dir/MiniOzoneClusterImpl-280c06ed-bcb5-4979-9226-67616719d9ed/datanode-4/data/ratis/ebbe3e41-bf36-45ce-9bb6-c6760b479523] INFO  impl.RoleInfo (RoleInfo.java:shutdownLeaderState(104)) - 075fa85b-703c-4900-807d-88f08b36438a: shutdown LeaderState
2019-09-20 10:25:35,984 [075fa85b-703c-4900-807d-88f08b36438a-SegmentedRaftLogWorker:Storage Directory /workdir/hadoop-ozone/integration-test/target/test-dir/MiniOzoneClusterImpl-280c06ed-bcb5-4979-9226-67616719d9ed/datanode-4/data/ratis/ebbe3e41-bf36-45ce-9bb6-c6760b479523] INFO  impl.PendingRequests (PendingRequests.java:sendNotLeaderResponses(202)) - 075fa85b-703c-4900-807d-88f08b36438a-PendingRequests: sendNotLeaderResponses
2019-09-20 10:25:35,983 [ece458fc-6687-4915-9be7-f98d86977b7d:group-12B45CD6ECF8:LeaderElection155] INFO  segmented.SegmentedRaftLogWorker (SegmentedRaftLogWorker.java:startLogSegment(380)) - ece458fc-6687-4915-9be7-f98d86977b7d-SegmentedRaftLogWorker:Storage Directory /workdir/hadoop-ozone/integration-test/target/test-dir/MiniOzoneClusterImpl-280c06ed-bcb5-4979-9226-67616719d9ed/datanode-6/data/ratis/7430b3f9-67ba-48a8-be44-12b45cd6ecf8: Starting segment from index:0
2019-09-20 10:25:35,982 [1bfb6844-04ed-4104-839b-60e510b6bb68:group-22A2006E1636:LeaderElection161] INFO  server.RaftServerConfigKeys (ConfUtils.java:logGet(43)) - raft.server.staging.catchup.gap = 1000 (default)
2019-09-20 10:25:35,985 [1bfb6844-04ed-4104-839b-60e510b6bb68:group-22A2006E1636:LeaderElection161] INFO  server.RaftServerConfigKeys (ConfUtils.java:logGet(43)) - raft.server.rpc.sleep.time = 25ms (default)
2019-09-20 10:25:36,357 | INFO  | SCMAudit | user=jenkins1000 | ip=192.168.36.99 | op=SEND_HEARTBEAT {datanodeUUID=e29464ab-17d7-4a4e-ab54-c178fccc723c, command=[]} | ret=SUCCESS |  
2019-09-20 10:25:36,366 | INFO  | SCMAudit | user=jenkins1000 | ip=192.168.36.99 | op=SEND_HEARTBEAT {datanodeUUID=ece458fc-6687-4915-9be7-f98d86977b7d, command=[]} | ret=SUCCESS |  
2019-09-20 10:25:36,367 | INFO  | SCMAudit | user=jenkins1000 | ip=192.168.36.99 | op=SEND_HEARTBEAT {datanodeUUID=99153be1-ba81-4c7b-b6ab-4442760615cb, command=[]} | ret=SUCCESS |  
2019-09-20 10:25:36,367 | INFO  | SCMAudit | user=jenkins1000 | ip=192.168.36.99 | op=SEND_HEARTBEAT {datanodeUUID=fac63c4b-287e-453e-9ac7-8c8c283fdab7, command=[]} | ret=SUCCESS |  
2019-09-20 10:25:36,367 | INFO  | SCMAudit | user=jenkins1000 | ip=192.168.36.99 | op=SEND_HEARTBEAT {datanodeUUID=1bfb6844-04ed-4104-839b-60e510b6bb68, command=[]} | ret=SUCCESS |  
2019-09-20 10:25:36,367 | INFO  | SCMAudit | user=jenkins1000 | ip=192.168.36.99 | op=SEND_HEARTBEAT {datanodeUUID=075fa85b-703c-4900-807d-88f08b36438a, command=[]} | ret=SUCCESS |  
2019-09-20 10:25:36,368 | INFO  | SCMAudit | user=jenkins1000 | ip=192.168.36.99 | op=SEND_HEARTBEAT {datanodeUUID=7af711bd-b5ae-4a73-a8be-b970cae6c2d1, command=[]} | ret=SUCCESS |  
2019-09-20 10:25:36,368 | INFO  | SCMAudit | user=jenkins1000 | ip=192.168.36.99 | op=SEND_HEARTBEAT {datanodeUUID=c3e532f8-1a8e-44f3-b56b-d765aee893af, command=[]} | ret=SUCCESS |  
2019-09-20 10:25:36,368 | INFO  | SCMAudit | user=jenkins1000 | ip=192.168.36.99 | op=SEND_HEARTBEAT {datanodeUUID=66416d0b-a71c-4af1-ae3a-62ca63b880a3, command=[]} | ret=SUCCESS |  
2019-09-20 10:25:36,368 | INFO  | SCMAudit | user=jenkins1000 | ip=192.168.36.99 | op=SEND_HEARTBEAT {datanodeUUID=4d972e91-cb6b-45de-8bd2-c18af7abe58b, command=[]} | ret=SUCCESS |  
2019-09-20 10:25:36,368 | INFO  | SCMAudit | user=jenkins1000 | ip=192.168.36.99 | op=SEND_HEARTBEAT {datanodeUUID=17e2ba94-38a1-40e7-84e0-f6802901db84, command=[]} | ret=SUCCESS |  
2019-09-20 10:25:36,368 | INFO  | SCMAudit | user=jenkins1000 | ip=192.168.36.99 | op=SEND_HEARTBEAT {datanodeUUID=3d6f3241-e73c-473a-ad0b-c7be2f7e1dda, command=[]} | ret=SUCCESS |  
2019-09-20 10:25:36,368 | INFO  | SCMAudit | user=jenkins1000 | ip=192.168.36.99 | op=SEND_HEARTBEAT {datanodeUUID=1ab786b9-c79c-4265-88a1-5b3344c6beda, command=[]} | ret=SUCCESS |  
2019-09-20 10:25:36,368 | INFO  | SCMAudit | user=jenkins1000 | ip=192.168.36.99 | op=SEND_HEARTBEAT {datanodeUUID=468be06f-55e9-4831-ba6b-3db017451a79, command=[]} | ret=SUCCESS |  
2019-09-20 10:25:36,368 | INFO  | SCMAudit | user=jenkins1000 | ip=192.168.36.99 | op=SEND_HEARTBEAT {datanodeUUID=54207fe5-d92c-4c2e-b058-fbae630dabef, command=[]} | ret=SUCCESS |  
2019-09-20 10:25:36,368 | INFO  | SCMAudit | user=jenkins1000 | ip=192.168.36.99 | op=SEND_HEARTBEAT {datanodeUUID=bb8f5112-316d-4974-a5a6-f698f3fbb5be, command=[]} | ret=SUCCESS |  
2019-09-20 10:25:36,368 | INFO  | SCMAudit | user=jenkins1000 | ip=192.168.36.99 | op=SEND_HEARTBEAT {datanodeUUID=9e03ffa9-cf79-407a-a150-4c035e5aec5e, command=[]} | ret=SUCCESS |  
2019-09-20 10:25:36,369 | INFO  | SCMAudit | user=jenkins1000 | ip=192.168.36.99 | op=SEND_HEARTBEAT {datanodeUUID=60260ec1-e192-4b95-89c8-d924d16a77a9, command=[]} | ret=SUCCESS |  
2019-09-20 10:25:36,369 | INFO  | SCMAudit | user=jenkins1000 | ip=192.168.36.99 | op=SEND_HEARTBEAT {datanodeUUID=136f1953-bb94-4097-a2d4-422a6782bee0, command=[]} | ret=SUCCESS |  
2019-09-20 10:25:36,369 | INFO  | SCMAudit | user=jenkins1000 | ip=192.168.36.99 | op=SEND_HEARTBEAT {datanodeUUID=e8013689-2f13-4aaf-8a03-99f419c430ec, command=[]} | ret=SUCCESS |  
2019-09-20 10:25:36,369 | INFO  | SCMAudit | user=jenkins1000 | ip=192.168.36.99 | op=SEND_HEARTBEAT {datanodeUUID=99e70dd4-d763-4473-944c-c5628506dcf8, command=[]} | ret=SUCCESS |  
2019-09-20 10:25:36,369 | INFO  | SCMAudit | user=jenkins1000 | ip=192.168.36.99 | op=SEND_HEARTBEAT {datanodeUUID=19fb8383-7c99-4449-b95c-a26e71717844, command=[]} | ret=SUCCESS |  
2019-09-20 10:25:36,369 | INFO  | SCMAudit | user=jenkins1000 | ip=192.168.36.99 | op=SEND_HEARTBEAT {datanodeUUID=cff8bf6b-8d20-4327-9f29-08a3c2b49247, command=[]} | ret=SUCCESS |  
2019-09-20 10:25:36,368 | INFO  | SCMAudit | user=jenkins1000 | ip=192.168.36.99 | op=SEND_HEARTBEAT {datanodeUUID=61649f92-8c0f-475a-818d-1064548aeef6, command=[]} | ret=SUCCESS |  
2019-09-20 10:25:36,369 | INFO  | SCMAudit | user=jenkins1000 | ip=192.168.36.99 | op=SEND_HEARTBEAT {datanodeUUID=6491c372-a595-4104-b3e9-c4f3293baafa, command=[]} | ret=SUCCESS |  
2019-09-20 10:25:36,369 | INFO  | SCMAudit | user=jenkins1000 | ip=192.168.36.99 | op=SEND_HEARTBEAT {datanodeUUID=7f6418e1-cc7a-441a-8f41-c73576b5a1c5, command=[]} | ret=SUCCESS |  
2019-09-20 10:25:36,369 | INFO  | SCMAudit | user=jenkins1000 | ip=192.168.36.99 | op=SEND_HEARTBEAT {datanodeUUID=d2ed2d9b-7ac7-460e-84f6-6d9d6066f76d, command=[]} | ret=SUCCESS |  
2019-09-20 10:25:35,985 [ece458fc-6687-4915-9be7-f98d86977b7d:group-12B45CD6ECF8:LeaderElection155] INFO  impl.RaftServerImpl (ServerState.java:setRaftConf(361)) - ece458fc-6687-4915-9be7-f98d86977b7d:group-12B45CD6ECF8 set configuration 0: [ece458fc-6687-4915-9be7-f98d86977b7d:192.168.36.99:40344], old=null at 0
2019-09-20 10:25:36,368 | INFO  | SCMAudit | user=jenkins1000 | ip=192.168.36.99 | op=SEND_HEARTBEAT {datanodeUUID=b5962e8e-c9f1-48aa-8eb4-d8f74b8afdbe, command=[]} | ret=SUCCESS |  
2019-09-20 10:25:35,982 [e29464ab-17d7-4a4e-ab54-c178fccc723c:group-E026FD1C3C19:LeaderElection169] INFO  server.RaftServerConfigKeys (ConfUtils.java:logGet(43)) - raft.server.staging.catchup.gap = 1000 (default)
2019-09-20 10:25:35,982 [fac63c4b-287e-453e-9ac7-8c8c283fdab7:group-A60E90D6B906:LeaderElection162] INFO  server.RaftServerConfigKeys (ConfUtils.java:logGet(43)) - raft.server.write.element-limit = 4096 (default)
2019-09-20 10:25:35,566 [main] INFO  volume.HddsVolume (HddsVolume.java:<init>(176)) - Creating Volume: /workdir/hadoop-ozone/integration-test/target/test-dir/MiniOzoneClusterImpl-023400ba-597c-4990-9952-187ab727187d/datanode-0/data/containers/hdds of  storage type : DISK and capacity : 1482555576320
2019-09-20 10:25:35,548 [99153be1-ba81-4c7b-b6ab-4442760615cb:group-08C92995A0B5:LeaderElection167] INFO  server.RaftServerConfigKeys (ConfUtils.java:logGet(43)) - raft.server.staging.catchup.gap = 1000 (default)
2019-09-20 10:25:35,547 [ece458fc-6687-4915-9be7-f98d86977b7d:group-4F82A1B4FB91:LeaderElection170] INFO  server.RaftServerConfigKeys (ConfUtils.java:logGet(43)) - raft.server.staging.catchup.gap = 1000 (default)
2019-09-20 10:25:35,547 [075fa85b-703c-4900-807d-88f08b36438a-SegmentedRaftLogWorker:Storage Directory /workdir/hadoop-ozone/integration-test/target/test-dir/MiniOzoneClusterImpl-280c06ed-bcb5-4979-9226-67616719d9ed/datanode-4/data/ratis/3f9e5201-15ad-42ac-83f2-b0b958123a92] ERROR segmented.SegmentedRaftLogWorker (SegmentedRaftLogWorker.java:run(323)) - 075fa85b-703c-4900-807d-88f08b36438a-SegmentedRaftLogWorker:Storage Directory /workdir/hadoop-ozone/integration-test/target/test-dir/MiniOzoneClusterImpl-280c06ed-bcb5-4979-9226-67616719d9ed/datanode-4/data/ratis/3f9e5201-15ad-42ac-83f2-b0b958123a92 hit exception
java.lang.OutOfMemoryError: Direct buffer memory
	at java.nio.Bits.reserveMemory(Bits.java:666)
	at java.nio.DirectByteBuffer.<init>(DirectByteBuffer.java:123)
	at java.nio.ByteBuffer.allocateDirect(ByteBuffer.java:311)
	at org.apache.ratis.server.raftlog.segmented.BufferedWriteChannel.<init>(BufferedWriteChannel.java:41)
	at org.apache.ratis.server.raftlog.segmented.SegmentedRaftLogOutputStream.<init>(SegmentedRaftLogOutputStream.java:72)
	at org.apache.ratis.server.raftlog.segmented.SegmentedRaftLogWorker$StartLogSegment.execute(SegmentedRaftLogWorker.java:566)
	at org.apache.ratis.server.raftlog.segmented.SegmentedRaftLogWorker.run(SegmentedRaftLogWorker.java:289)
	at java.lang.Thread.run(Thread.java:748)
2019-09-20 10:25:35,547 [1bfb6844-04ed-4104-839b-60e510b6bb68-SegmentedRaftLogWorker:Storage Directory /workdir/hadoop-ozone/integration-test/target/test-dir/MiniOzoneClusterImpl-280c06ed-bcb5-4979-9226-67616719d9ed/datanode-3/data/ratis/114a629f-cda6-4987-82ab-9c7b24cf797e] ERROR segmented.SegmentedRaftLogWorker (SegmentedRaftLogWorker.java:run(323)) - 1bfb6844-04ed-4104-839b-60e510b6bb68-SegmentedRaftLogWorker:Storage Directory /workdir/hadoop-ozone/integration-test/target/test-dir/MiniOzoneClusterImpl-280c06ed-bcb5-4979-9226-67616719d9ed/datanode-3/data/ratis/114a629f-cda6-4987-82ab-9c7b24cf797e hit exception
java.lang.OutOfMemoryError: Direct buffer memory
	at java.nio.Bits.reserveMemory(Bits.java:666)
	at java.nio.DirectByteBuffer.<init>(DirectByteBuffer.java:123)
	at java.nio.ByteBuffer.allocateDirect(ByteBuffer.java:311)
	at org.apache.ratis.server.raftlog.segmented.BufferedWriteChannel.<init>(BufferedWriteChannel.java:41)
	at org.apache.ratis.server.raftlog.segmented.SegmentedRaftLogOutputStream.<init>(SegmentedRaftLogOutputStream.java:72)
	at org.apache.ratis.server.raftlog.segmented.SegmentedRaftLogWorker$StartLogSegment.execute(SegmentedRaftLogWorker.java:566)
	at org.apache.ratis.server.raftlog.segmented.SegmentedRaftLogWorker.run(SegmentedRaftLogWorker.java:289)
	at java.lang.Thread.run(Thread.java:748)
2019-09-20 10:25:36,371 [1bfb6844-04ed-4104-839b-60e510b6bb68-SegmentedRaftLogWorker:Storage Directory /workdir/hadoop-ozone/integration-test/target/test-dir/MiniOzoneClusterImpl-280c06ed-bcb5-4979-9226-67616719d9ed/datanode-3/data/ratis/114a629f-cda6-4987-82ab-9c7b24cf797e] INFO  impl.RaftServerImpl (RaftServerImpl.java:lambda$shutdown$3(245)) - 1bfb6844-04ed-4104-839b-60e510b6bb68: shutdown group-9C7B24CF797E
2019-09-20 10:25:35,070 [ece458fc-6687-4915-9be7-f98d86977b7d:group-253EBBA5E522:LeaderElection156] INFO  impl.RaftServerImpl (ServerState.java:setRaftConf(361)) - ece458fc-6687-4915-9be7-f98d86977b7d:group-253EBBA5E522 set configuration 0: [ece458fc-6687-4915-9be7-f98d86977b7d:192.168.36.99:40344], old=null at 0
2019-09-20 10:25:35,070 [fac63c4b-287e-453e-9ac7-8c8c283fdab7:group-92B61ACBDA5D:LeaderElection163] INFO  impl.RoleInfo (RoleInfo.java:shutdownLeaderElection(134)) - fac63c4b-287e-453e-9ac7-8c8c283fdab7: shutdown LeaderElection
2019-09-20 10:25:35,070 [7f6418e1-cc7a-441a-8f41-c73576b5a1c5:group-0F27DB31D2D6:LeaderElection160] INFO  segmented.SegmentedRaftLogWorker (SegmentedRaftLogWorker.java:startLogSegment(380)) - 7f6418e1-cc7a-441a-8f41-c73576b5a1c5-SegmentedRaftLogWorker:Storage Directory /workdir/hadoop-ozone/integration-test/target/test-dir/MiniOzoneClusterImpl-280c06ed-bcb5-4979-9226-67616719d9ed/datanode-5/data/ratis/dc64b9dd-2896-4082-b892-0f27db31d2d6: Starting segment from index:0
2019-09-20 10:25:35,070 [7f6418e1-cc7a-441a-8f41-c73576b5a1c5:group-1A1FC4652671:LeaderElection153] INFO  impl.RoleInfo (RoleInfo.java:updateAndGet(143)) - 7f6418e1-cc7a-441a-8f41-c73576b5a1c5: start LeaderState
2019-09-20 10:25:35,070 [fac63c4b-287e-453e-9ac7-8c8c283fdab7:group-AF75374769B9:LeaderElection168] INFO  impl.LeaderElection (LeaderElection.java:askForVotes(181)) - fac63c4b-287e-453e-9ac7-8c8c283fdab7:group-AF75374769B9:LeaderElection168: begin an election at term 1 for -1: [fac63c4b-287e-453e-9ac7-8c8c283fdab7:192.168.36.99:38258], old=null
2019-09-20 10:25:36,372 [7f6418e1-cc7a-441a-8f41-c73576b5a1c5:group-1A1FC4652671:LeaderElection153] INFO  segmented.SegmentedRaftLogWorker (SegmentedRaftLogWorker.java:startLogSegment(380)) - 7f6418e1-cc7a-441a-8f41-c73576b5a1c5-SegmentedRaftLogWorker:Storage Directory /workdir/hadoop-ozone/integration-test/target/test-dir/MiniOzoneClusterImpl-280c06ed-bcb5-4979-9226-67616719d9ed/datanode-5/data/ratis/b686b836-dc5f-4c38-94bb-1a1fc4652671: Starting segment from index:0
2019-09-20 10:25:35,070 [99153be1-ba81-4c7b-b6ab-4442760615cb:group-9EC3DCF23BFA:LeaderElection165] INFO  impl.LeaderElection (LeaderElection.java:askForVotes(181)) - 99153be1-ba81-4c7b-b6ab-4442760615cb:group-9EC3DCF23BFA:LeaderElection165: begin an election at term 1 for -1: [99153be1-ba81-4c7b-b6ab-4442760615cb:192.168.36.99:42693], old=null
2019-09-20 10:25:35,070 [e29464ab-17d7-4a4e-ab54-c178fccc723c:group-21276ECFD8C5:LeaderElection166] INFO  impl.LeaderElection (LeaderElection.java:askForVotes(181)) - e29464ab-17d7-4a4e-ab54-c178fccc723c:group-21276ECFD8C5:LeaderElection166: begin an election at term 1 for -1: [e29464ab-17d7-4a4e-ab54-c178fccc723c:192.168.36.99:36623], old=null
2019-09-20 10:25:35,070 [fac63c4b-287e-453e-9ac7-8c8c283fdab7:group-39F7007D2871:LeaderElection164] INFO  impl.LeaderElection (LeaderElection.java:askForVotes(181)) - fac63c4b-287e-453e-9ac7-8c8c283fdab7:group-39F7007D2871:LeaderElection164: begin an election at term 1 for -1: [fac63c4b-287e-453e-9ac7-8c8c283fdab7:192.168.36.99:38258], old=null
2019-09-20 10:25:36,769 [7f6418e1-cc7a-441a-8f41-c73576b5a1c5:group-1A1FC4652671:LeaderElection153] INFO  impl.RaftServerImpl (ServerState.java:setRaftConf(361)) - 7f6418e1-cc7a-441a-8f41-c73576b5a1c5:group-1A1FC4652671 set configuration 0: [7f6418e1-cc7a-441a-8f41-c73576b5a1c5:192.168.36.99:40506], old=null at 0
2019-09-20 10:25:36,769 [e29464ab-17d7-4a4e-ab54-c178fccc723c:group-21276ECFD8C5:LeaderElection166] INFO  impl.RoleInfo (RoleInfo.java:shutdownLeaderElection(134)) - e29464ab-17d7-4a4e-ab54-c178fccc723c: shutdown LeaderElection
2019-09-20 10:25:37,172 [e29464ab-17d7-4a4e-ab54-c178fccc723c:group-21276ECFD8C5:LeaderElection166] INFO  impl.RaftServerImpl (RaftServerImpl.java:setRole(171)) - e29464ab-17d7-4a4e-ab54-c178fccc723c:group-21276ECFD8C5 changes role from CANDIDATE to LEADER at term 1 for changeToLeader
2019-09-20 10:25:36,769 [99153be1-ba81-4c7b-b6ab-4442760615cb:group-9EC3DCF23BFA:LeaderElection165] INFO  impl.RoleInfo (RoleInfo.java:shutdownLeaderElection(134)) - 99153be1-ba81-4c7b-b6ab-4442760615cb: shutdown LeaderElection
2019-09-20 10:25:36,767 [ece458fc-6687-4915-9be7-f98d86977b7d-SegmentedRaftLogWorker:Storage Directory /workdir/hadoop-ozone/integration-test/target/test-dir/MiniOzoneClusterImpl-280c06ed-bcb5-4979-9226-67616719d9ed/datanode-6/data/ratis/ba1af02f-e937-49b2-abaf-3251d984bb60] ERROR segmented.SegmentedRaftLogWorker (SegmentedRaftLogWorker.java:run(323)) - ece458fc-6687-4915-9be7-f98d86977b7d-SegmentedRaftLogWorker:Storage Directory /workdir/hadoop-ozone/integration-test/target/test-dir/MiniOzoneClusterImpl-280c06ed-bcb5-4979-9226-67616719d9ed/datanode-6/data/ratis/ba1af02f-e937-49b2-abaf-3251d984bb60 hit exception
java.lang.OutOfMemoryError: Direct buffer memory
	at java.nio.Bits.reserveMemory(Bits.java:666)
	at java.nio.DirectByteBuffer.<init>(DirectByteBuffer.java:123)
	at java.nio.ByteBuffer.allocateDirect(ByteBuffer.java:311)
	at org.apache.ratis.server.raftlog.segmented.BufferedWriteChannel.<init>(BufferedWriteChannel.java:41)
	at org.apache.ratis.server.raftlog.segmented.SegmentedRaftLogOutputStream.<init>(SegmentedRaftLogOutputStream.java:72)
	at org.apache.ratis.server.raftlog.segmented.SegmentedRaftLogWorker$StartLogSegment.execute(SegmentedRaftLogWorker.java:566)
	at org.apache.ratis.server.raftlog.segmented.SegmentedRaftLogWorker.run(SegmentedRaftLogWorker.java:289)
	at java.lang.Thread.run(Thread.java:748)
2019-09-20 10:25:37,173 [ece458fc-6687-4915-9be7-f98d86977b7d-SegmentedRaftLogWorker:Storage Directory /workdir/hadoop-ozone/integration-test/target/test-dir/MiniOzoneClusterImpl-280c06ed-bcb5-4979-9226-67616719d9ed/datanode-6/data/ratis/ba1af02f-e937-49b2-abaf-3251d984bb60] INFO  impl.RaftServerImpl (RaftServerImpl.java:lambda$shutdown$3(245)) - ece458fc-6687-4915-9be7-f98d86977b7d: shutdown group-3251D984BB60
2019-09-20 10:25:36,767 [Thread-1679] INFO  impl.FollowerState (FollowerState.java:run(106)) - fac63c4b-287e-453e-9ac7-8c8c283fdab7:group-D756FC2324CD changes to CANDIDATE, lastRpcTime:17183, electionTimeout:5033ms
2019-09-20 10:25:37,173 [ece458fc-6687-4915-9be7-f98d86977b7d-SegmentedRaftLogWorker:Storage Directory /workdir/hadoop-ozone/integration-test/target/test-dir/MiniOzoneClusterImpl-280c06ed-bcb5-4979-9226-67616719d9ed/datanode-6/data/ratis/ba1af02f-e937-49b2-abaf-3251d984bb60] INFO  util.JmxRegister (JmxRegister.java:unregister(73)) - Successfully un-registered JMX Bean with object name Ratis:service=RaftServer,group=group-3251D984BB60,id=ece458fc-6687-4915-9be7-f98d86977b7d
2019-09-20 10:25:36,372 [7f6418e1-cc7a-441a-8f41-c73576b5a1c5:group-0F27DB31D2D6:LeaderElection160] INFO  impl.RaftServerImpl (ServerState.java:setRaftConf(361)) - 7f6418e1-cc7a-441a-8f41-c73576b5a1c5:group-0F27DB31D2D6 set configuration 0: [7f6418e1-cc7a-441a-8f41-c73576b5a1c5:192.168.36.99:40506], old=null at 0
2019-09-20 10:25:36,372 [fac63c4b-287e-453e-9ac7-8c8c283fdab7:group-AF75374769B9:LeaderElection168] INFO  impl.RoleInfo (RoleInfo.java:shutdownLeaderElection(134)) - fac63c4b-287e-453e-9ac7-8c8c283fdab7: shutdown LeaderElection
2019-09-20 10:25:37,174 [fac63c4b-287e-453e-9ac7-8c8c283fdab7:group-AF75374769B9:LeaderElection168] INFO  impl.RaftServerImpl (RaftServerImpl.java:setRole(171)) - fac63c4b-287e-453e-9ac7-8c8c283fdab7:group-AF75374769B9 changes role from CANDIDATE to LEADER at term 1 for changeToLeader
2019-09-20 10:25:36,371 [fac63c4b-287e-453e-9ac7-8c8c283fdab7:group-92B61ACBDA5D:LeaderElection163] INFO  impl.RaftServerImpl (RaftServerImpl.java:setRole(171)) - fac63c4b-287e-453e-9ac7-8c8c283fdab7:group-92B61ACBDA5D changes role from CANDIDATE to LEADER at term 1 for changeToLeader
2019-09-20 10:25:36,371 [1bfb6844-04ed-4104-839b-60e510b6bb68-SegmentedRaftLogWorker:Storage Directory /workdir/hadoop-ozone/integration-test/target/test-dir/MiniOzoneClusterImpl-280c06ed-bcb5-4979-9226-67616719d9ed/datanode-3/data/ratis/114a629f-cda6-4987-82ab-9c7b24cf797e] INFO  util.JmxRegister (JmxRegister.java:unregister(73)) - Successfully un-registered JMX Bean with object name Ratis:service=RaftServer,group=group-9C7B24CF797E,id=1bfb6844-04ed-4104-839b-60e510b6bb68
2019-09-20 10:25:37,174 [1bfb6844-04ed-4104-839b-60e510b6bb68-SegmentedRaftLogWorker:Storage Directory /workdir/hadoop-ozone/integration-test/target/test-dir/MiniOzoneClusterImpl-280c06ed-bcb5-4979-9226-67616719d9ed/datanode-3/data/ratis/114a629f-cda6-4987-82ab-9c7b24cf797e] INFO  impl.RoleInfo (RoleInfo.java:shutdownLeaderState(104)) - 1bfb6844-04ed-4104-839b-60e510b6bb68: shutdown LeaderState
2019-09-20 10:25:36,370 [075fa85b-703c-4900-807d-88f08b36438a-SegmentedRaftLogWorker:Storage Directory /workdir/hadoop-ozone/integration-test/target/test-dir/MiniOzoneClusterImpl-280c06ed-bcb5-4979-9226-67616719d9ed/datanode-4/data/ratis/3f9e5201-15ad-42ac-83f2-b0b958123a92] INFO  impl.RaftServerImpl (RaftServerImpl.java:lambda$shutdown$3(245)) - 075fa85b-703c-4900-807d-88f08b36438a: shutdown group-B0B958123A92
2019-09-20 10:25:36,370 [ece458fc-6687-4915-9be7-f98d86977b7d:group-4F82A1B4FB91:LeaderElection170] INFO  server.RaftServerConfigKeys (ConfUtils.java:logGet(43)) - raft.server.rpc.sleep.time = 25ms (default)
2019-09-20 10:25:36,370 [99153be1-ba81-4c7b-b6ab-4442760615cb:group-08C92995A0B5:LeaderElection167] INFO  server.RaftServerConfigKeys (ConfUtils.java:logGet(43)) - raft.server.rpc.sleep.time = 25ms (default)
2019-09-20 10:25:36,370 [main] INFO  volume.VolumeSet (VolumeSet.java:initializeVolumeSet(170)) - Added Volume : /workdir/hadoop-ozone/integration-test/target/test-dir/MiniOzoneClusterImpl-023400ba-597c-4990-9952-187ab727187d/datanode-0/data/containers/hdds to VolumeSet
2019-09-20 10:25:36,369 [fac63c4b-287e-453e-9ac7-8c8c283fdab7:group-A60E90D6B906:LeaderElection162] INFO  server.RaftServerConfigKeys (ConfUtils.java:logGet(43)) - raft.server.watch.timeout = 10s (default)
2019-09-20 10:25:36,369 [e29464ab-17d7-4a4e-ab54-c178fccc723c:group-E026FD1C3C19:LeaderElection169] INFO  server.RaftServerConfigKeys (ConfUtils.java:logGet(43)) - raft.server.rpc.sleep.time = 25ms (default)
2019-09-20 10:25:36,369 [1bfb6844-04ed-4104-839b-60e510b6bb68:group-22A2006E1636:LeaderElection161] INFO  server.RaftServerConfigKeys (ConfUtils.java:logGet(43)) - raft.server.write.element-limit = 4096 (default)
2019-09-20 10:25:35,984 [075fa85b-703c-4900-807d-88f08b36438a-SegmentedRaftLogWorker:Storage Directory /workdir/hadoop-ozone/integration-test/target/test-dir/MiniOzoneClusterImpl-280c06ed-bcb5-4979-9226-67616719d9ed/datanode-4/data/ratis/ebbe3e41-bf36-45ce-9bb6-c6760b479523] INFO  impl.StateMachineUpdater (StateMachineUpdater.java:stopAndJoin(115)) - StateMachineUpdater:075fa85b-703c-4900-807d-88f08b36438a:group-C6760B479523: set stopIndex = -1
2019-09-20 10:25:35,984 [7f6418e1-cc7a-441a-8f41-c73576b5a1c5-SegmentedRaftLogWorker:Storage Directory /workdir/hadoop-ozone/integration-test/target/test-dir/MiniOzoneClusterImpl-280c06ed-bcb5-4979-9226-67616719d9ed/datanode-5/data/ratis/fc84d5ff-ee7f-44b3-97f2-e502266162a0] INFO  impl.PendingRequests (PendingRequests.java:sendNotLeaderResponses(202)) - 7f6418e1-cc7a-441a-8f41-c73576b5a1c5-PendingRequests: sendNotLeaderResponses
2019-09-20 10:25:35,984 [7f6418e1-cc7a-441a-8f41-c73576b5a1c5-SegmentedRaftLogWorker:Storage Directory /workdir/hadoop-ozone/integration-test/target/test-dir/MiniOzoneClusterImpl-280c06ed-bcb5-4979-9226-67616719d9ed/datanode-5/data/ratis/111c82a6-d1fa-4f1e-a624-78aa40479dd8] INFO  impl.StateMachineUpdater (StateMachineUpdater.java:stopAndJoin(115)) - StateMachineUpdater:7f6418e1-cc7a-441a-8f41-c73576b5a1c5:group-78AA40479DD8: set stopIndex = -1
2019-09-20 10:25:37,176 [7f6418e1-cc7a-441a-8f41-c73576b5a1c5-SegmentedRaftLogWorker:Storage Directory /workdir/hadoop-ozone/integration-test/target/test-dir/MiniOzoneClusterImpl-280c06ed-bcb5-4979-9226-67616719d9ed/datanode-5/data/ratis/111c82a6-d1fa-4f1e-a624-78aa40479dd8] INFO  impl.RaftServerImpl (ServerState.java:close(394)) - 7f6418e1-cc7a-441a-8f41-c73576b5a1c5:group-78AA40479DD8 closes. The last applied log index is -1
2019-09-20 10:25:35,983 [075fa85b-703c-4900-807d-88f08b36438a-SegmentedRaftLogWorker:Storage Directory /workdir/hadoop-ozone/integration-test/target/test-dir/MiniOzoneClusterImpl-280c06ed-bcb5-4979-9226-67616719d9ed/datanode-4/data/ratis/f1e051e5-bd96-4311-9bb0-d8127be90fd8] INFO  impl.PendingRequests (PendingRequests.java:sendNotLeaderResponses(202)) - 075fa85b-703c-4900-807d-88f08b36438a-PendingRequests: sendNotLeaderResponses
2019-09-20 10:25:37,177 [7f6418e1-cc7a-441a-8f41-c73576b5a1c5-SegmentedRaftLogWorker:Storage Directory /workdir/hadoop-ozone/integration-test/target/test-dir/MiniOzoneClusterImpl-280c06ed-bcb5-4979-9226-67616719d9ed/datanode-5/data/ratis/111c82a6-d1fa-4f1e-a624-78aa40479dd8] INFO  segmented.SegmentedRaftLogWorker (SegmentedRaftLogWorker.java:close(228)) - 7f6418e1-cc7a-441a-8f41-c73576b5a1c5-SegmentedRaftLogWorker:Storage Directory /workdir/hadoop-ozone/integration-test/target/test-dir/MiniOzoneClusterImpl-280c06ed-bcb5-4979-9226-67616719d9ed/datanode-5/data/ratis/111c82a6-d1fa-4f1e-a624-78aa40479dd8 close()
2019-09-20 10:25:37,176 [7f6418e1-cc7a-441a-8f41-c73576b5a1c5-SegmentedRaftLogWorker:Storage Directory /workdir/hadoop-ozone/integration-test/target/test-dir/MiniOzoneClusterImpl-280c06ed-bcb5-4979-9226-67616719d9ed/datanode-5/data/ratis/fc84d5ff-ee7f-44b3-97f2-e502266162a0] INFO  impl.StateMachineUpdater (StateMachineUpdater.java:stopAndJoin(115)) - StateMachineUpdater:7f6418e1-cc7a-441a-8f41-c73576b5a1c5:group-E502266162A0: set stopIndex = -1
2019-09-20 10:25:37,194 [7f6418e1-cc7a-441a-8f41-c73576b5a1c5-SegmentedRaftLogWorker:Storage Directory /workdir/hadoop-ozone/integration-test/target/test-dir/MiniOzoneClusterImpl-280c06ed-bcb5-4979-9226-67616719d9ed/datanode-5/data/ratis/fc84d5ff-ee7f-44b3-97f2-e502266162a0] INFO  impl.RaftServerImpl (ServerState.java:close(394)) - 7f6418e1-cc7a-441a-8f41-c73576b5a1c5:group-E502266162A0 closes. The last applied log index is -1
2019-09-20 10:25:37,176 [075fa85b-703c-4900-807d-88f08b36438a-SegmentedRaftLogWorker:Storage Directory /workdir/hadoop-ozone/integration-test/target/test-dir/MiniOzoneClusterImpl-280c06ed-bcb5-4979-9226-67616719d9ed/datanode-4/data/ratis/ebbe3e41-bf36-45ce-9bb6-c6760b479523] INFO  impl.RaftServerImpl (ServerState.java:close(394)) - 075fa85b-703c-4900-807d-88f08b36438a:group-C6760B479523 closes. The last applied log index is -1
2019-09-20 10:25:37,176 [1bfb6844-04ed-4104-839b-60e510b6bb68:group-22A2006E1636:LeaderElection161] INFO  server.RaftServerConfigKeys (ConfUtils.java:logGet(43)) - raft.server.watch.timeout = 10s (default)
2019-09-20 10:25:37,195 [1bfb6844-04ed-4104-839b-60e510b6bb68:group-22A2006E1636:LeaderElection161] INFO  server.RaftServerConfigKeys (ConfUtils.java:logGet(43)) - raft.server.watch.timeout.denomination = 1s (default)
2019-09-20 10:25:37,176 [e29464ab-17d7-4a4e-ab54-c178fccc723c:group-E026FD1C3C19:LeaderElection169] INFO  server.RaftServerConfigKeys (ConfUtils.java:logGet(43)) - raft.server.write.element-limit = 4096 (default)
2019-09-20 10:25:37,175 [fac63c4b-287e-453e-9ac7-8c8c283fdab7:group-A60E90D6B906:LeaderElection162] INFO  server.RaftServerConfigKeys (ConfUtils.java:logGet(43)) - raft.server.watch.timeout.denomination = 1s (default)
2019-09-20 10:25:37,175 [main] INFO  volume.ThrottledAsyncChecker (ThrottledAsyncChecker.java:schedule(140)) - Scheduling a check for org.apache.hadoop.ozone.container.common.volume.HddsVolume@76685ab0
2019-09-20 10:25:37,175 [99153be1-ba81-4c7b-b6ab-4442760615cb:group-08C92995A0B5:LeaderElection167] INFO  server.RaftServerConfigKeys (ConfUtils.java:logGet(43)) - raft.server.write.element-limit = 4096 (default)
2019-09-20 10:25:37,196 [99153be1-ba81-4c7b-b6ab-4442760615cb:group-08C92995A0B5:LeaderElection167] INFO  server.RaftServerConfigKeys (ConfUtils.java:logGet(43)) - raft.server.watch.timeout = 10s (default)
2019-09-20 10:25:37,175 [ece458fc-6687-4915-9be7-f98d86977b7d:group-4F82A1B4FB91:LeaderElection170] INFO  server.RaftServerConfigKeys (ConfUtils.java:logGet(43)) - raft.server.write.element-limit = 4096 (default)
2019-09-20 10:25:37,175 [075fa85b-703c-4900-807d-88f08b36438a-SegmentedRaftLogWorker:Storage Directory /workdir/hadoop-ozone/integration-test/target/test-dir/MiniOzoneClusterImpl-280c06ed-bcb5-4979-9226-67616719d9ed/datanode-4/data/ratis/3f9e5201-15ad-42ac-83f2-b0b958123a92] INFO  util.JmxRegister (JmxRegister.java:unregister(73)) - Successfully un-registered JMX Bean with object name Ratis:service=RaftServer,group=group-B0B958123A92,id=075fa85b-703c-4900-807d-88f08b36438a
2019-09-20 10:25:37,196 [075fa85b-703c-4900-807d-88f08b36438a-SegmentedRaftLogWorker:Storage Directory /workdir/hadoop-ozone/integration-test/target/test-dir/MiniOzoneClusterImpl-280c06ed-bcb5-4979-9226-67616719d9ed/datanode-4/data/ratis/3f9e5201-15ad-42ac-83f2-b0b958123a92] INFO  impl.RoleInfo (RoleInfo.java:shutdownLeaderState(104)) - 075fa85b-703c-4900-807d-88f08b36438a: shutdown LeaderState
2019-09-20 10:25:37,174 [1bfb6844-04ed-4104-839b-60e510b6bb68-SegmentedRaftLogWorker:Storage Directory /workdir/hadoop-ozone/integration-test/target/test-dir/MiniOzoneClusterImpl-280c06ed-bcb5-4979-9226-67616719d9ed/datanode-3/data/ratis/114a629f-cda6-4987-82ab-9c7b24cf797e] INFO  impl.PendingRequests (PendingRequests.java:sendNotLeaderResponses(202)) - 1bfb6844-04ed-4104-839b-60e510b6bb68-PendingRequests: sendNotLeaderResponses
2019-09-20 10:25:37,174 [fac63c4b-287e-453e-9ac7-8c8c283fdab7:group-92B61ACBDA5D:LeaderElection163] INFO  impl.RaftServerImpl (ServerState.java:setLeader(263)) - fac63c4b-287e-453e-9ac7-8c8c283fdab7:group-92B61ACBDA5D change Leader from null to fac63c4b-287e-453e-9ac7-8c8c283fdab7 at term 1 for becomeLeader, leader elected after 17485ms
2019-09-20 10:25:37,174 [fac63c4b-287e-453e-9ac7-8c8c283fdab7:group-AF75374769B9:LeaderElection168] INFO  impl.RaftServerImpl (ServerState.java:setLeader(263)) - fac63c4b-287e-453e-9ac7-8c8c283fdab7:group-AF75374769B9 change Leader from null to fac63c4b-287e-453e-9ac7-8c8c283fdab7 at term 1 for becomeLeader, leader elected after 17357ms
2019-09-20 10:25:37,173 [ece458fc-6687-4915-9be7-f98d86977b7d-SegmentedRaftLogWorker:Storage Directory /workdir/hadoop-ozone/integration-test/target/test-dir/MiniOzoneClusterImpl-280c06ed-bcb5-4979-9226-67616719d9ed/datanode-6/data/ratis/ba1af02f-e937-49b2-abaf-3251d984bb60] INFO  impl.RoleInfo (RoleInfo.java:shutdownLeaderState(104)) - ece458fc-6687-4915-9be7-f98d86977b7d: shutdown LeaderState
2019-09-20 10:25:37,197 [ece458fc-6687-4915-9be7-f98d86977b7d-SegmentedRaftLogWorker:Storage Directory /workdir/hadoop-ozone/integration-test/target/test-dir/MiniOzoneClusterImpl-280c06ed-bcb5-4979-9226-67616719d9ed/datanode-6/data/ratis/ba1af02f-e937-49b2-abaf-3251d984bb60] INFO  impl.PendingRequests (PendingRequests.java:sendNotLeaderResponses(202)) - ece458fc-6687-4915-9be7-f98d86977b7d-PendingRequests: sendNotLeaderResponses
2019-09-20 10:25:37,173 [Thread-1679] INFO  impl.RoleInfo (RoleInfo.java:shutdownFollowerState(121)) - fac63c4b-287e-453e-9ac7-8c8c283fdab7: shutdown FollowerState
2019-09-20 10:25:37,197 [Thread-1679] INFO  impl.RaftServerImpl (RaftServerImpl.java:setRole(171)) - fac63c4b-287e-453e-9ac7-8c8c283fdab7:group-D756FC2324CD changes role from FOLLOWER to CANDIDATE at term 0 for changeToCandidate
2019-09-20 10:25:37,173 [99153be1-ba81-4c7b-b6ab-4442760615cb:group-9EC3DCF23BFA:LeaderElection165] INFO  impl.RaftServerImpl (RaftServerImpl.java:setRole(171)) - 99153be1-ba81-4c7b-b6ab-4442760615cb:group-9EC3DCF23BFA changes role from CANDIDATE to LEADER at term 1 for changeToLeader
2019-09-20 10:25:37,172 [e29464ab-17d7-4a4e-ab54-c178fccc723c:group-21276ECFD8C5:LeaderElection166] INFO  impl.RaftServerImpl (ServerState.java:setLeader(263)) - e29464ab-17d7-4a4e-ab54-c178fccc723c:group-21276ECFD8C5 change Leader from null to e29464ab-17d7-4a4e-ab54-c178fccc723c at term 1 for becomeLeader, leader elected after 16582ms
2019-09-20 10:25:37,172 [fac63c4b-287e-453e-9ac7-8c8c283fdab7:group-39F7007D2871:LeaderElection164] INFO  impl.RoleInfo (RoleInfo.java:shutdownLeaderElection(134)) - fac63c4b-287e-453e-9ac7-8c8c283fdab7: shutdown LeaderElection
2019-09-20 10:25:37,147 [7f6418e1-cc7a-441a-8f41-c73576b5a1c5-SegmentedRaftLogWorker:Storage Directory /workdir/hadoop-ozone/integration-test/target/test-dir/MiniOzoneClusterImpl-280c06ed-bcb5-4979-9226-67616719d9ed/datanode-5/data/ratis/45cbc64e-87d0-4c77-98c3-e5bfbb287e2c] ERROR segmented.SegmentedRaftLogWorker (SegmentedRaftLogWorker.java:run(323)) - 7f6418e1-cc7a-441a-8f41-c73576b5a1c5-SegmentedRaftLogWorker:Storage Directory /workdir/hadoop-ozone/integration-test/target/test-dir/MiniOzoneClusterImpl-280c06ed-bcb5-4979-9226-67616719d9ed/datanode-5/data/ratis/45cbc64e-87d0-4c77-98c3-e5bfbb287e2c hit exception
java.lang.OutOfMemoryError: Direct buffer memory
	at java.nio.Bits.reserveMemory(Bits.java:666)
	at java.nio.DirectByteBuffer.<init>(DirectByteBuffer.java:123)
	at java.nio.ByteBuffer.allocateDirect(ByteBuffer.java:311)
	at org.apache.ratis.server.raftlog.segmented.BufferedWriteChannel.<init>(BufferedWriteChannel.java:41)
	at org.apache.ratis.server.raftlog.segmented.SegmentedRaftLogOutputStream.<init>(SegmentedRaftLogOutputStream.java:72)
	at org.apache.ratis.server.raftlog.segmented.SegmentedRaftLogWorker$StartLogSegment.execute(SegmentedRaftLogWorker.java:566)
	at org.apache.ratis.server.raftlog.segmented.SegmentedRaftLogWorker.run(SegmentedRaftLogWorker.java:289)
	at java.lang.Thread.run(Thread.java:748)
2019-09-20 10:25:37,198 [7f6418e1-cc7a-441a-8f41-c73576b5a1c5-SegmentedRaftLogWorker:Storage Directory /workdir/hadoop-ozone/integration-test/target/test-dir/MiniOzoneClusterImpl-280c06ed-bcb5-4979-9226-67616719d9ed/datanode-5/data/ratis/45cbc64e-87d0-4c77-98c3-e5bfbb287e2c] INFO  impl.RaftServerImpl (RaftServerImpl.java:lambda$shutdown$3(245)) - 7f6418e1-cc7a-441a-8f41-c73576b5a1c5: shutdown group-E5BFBB287E2C
2019-09-20 10:25:37,147 [7f6418e1-cc7a-441a-8f41-c73576b5a1c5-SegmentedRaftLogWorker:Storage Directory /workdir/hadoop-ozone/integration-test/target/test-dir/MiniOzoneClusterImpl-280c06ed-bcb5-4979-9226-67616719d9ed/datanode-5/data/ratis/f01d5e1b-730a-40c4-be2f-011e1cc6f6b5] ERROR segmented.SegmentedRaftLogWorker (SegmentedRaftLogWorker.java:run(323)) - 7f6418e1-cc7a-441a-8f41-c73576b5a1c5-SegmentedRaftLogWorker:Storage Directory /workdir/hadoop-ozone/integration-test/target/test-dir/MiniOzoneClusterImpl-280c06ed-bcb5-4979-9226-67616719d9ed/datanode-5/data/ratis/f01d5e1b-730a-40c4-be2f-011e1cc6f6b5 hit exception
java.lang.OutOfMemoryError: Direct buffer memory
	at java.nio.Bits.reserveMemory(Bits.java:666)
	at java.nio.DirectByteBuffer.<init>(DirectByteBuffer.java:123)
	at java.nio.ByteBuffer.allocateDirect(ByteBuffer.java:311)
	at org.apache.ratis.server.raftlog.segmented.BufferedWriteChannel.<init>(BufferedWriteChannel.java:41)
	at org.apache.ratis.server.raftlog.segmented.SegmentedRaftLogOutputStream.<init>(SegmentedRaftLogOutputStream.java:72)
	at org.apache.ratis.server.raftlog.segmented.SegmentedRaftLogWorker$StartLogSegment.execute(SegmentedRaftLogWorker.java:566)
	at org.apache.ratis.server.raftlog.segmented.SegmentedRaftLogWorker.run(SegmentedRaftLogWorker.java:289)
	at java.lang.Thread.run(Thread.java:748)
2019-09-20 10:25:37,198 [7f6418e1-cc7a-441a-8f41-c73576b5a1c5-SegmentedRaftLogWorker:Storage Directory /workdir/hadoop-ozone/integration-test/target/test-dir/MiniOzoneClusterImpl-280c06ed-bcb5-4979-9226-67616719d9ed/datanode-5/data/ratis/f01d5e1b-730a-40c4-be2f-011e1cc6f6b5] INFO  impl.RaftServerImpl (RaftServerImpl.java:lambda$shutdown$3(245)) - 7f6418e1-cc7a-441a-8f41-c73576b5a1c5: shutdown group-011E1CC6F6B5
2019-09-20 10:25:37,147 [075fa85b-703c-4900-807d-88f08b36438a-SegmentedRaftLogWorker:Storage Directory /workdir/hadoop-ozone/integration-test/target/test-dir/MiniOzoneClusterImpl-280c06ed-bcb5-4979-9226-67616719d9ed/datanode-4/data/ratis/89bc7c67-7411-4769-8c88-91196f455865] ERROR segmented.SegmentedRaftLogWorker (SegmentedRaftLogWorker.java:run(323)) - 075fa85b-703c-4900-807d-88f08b36438a-SegmentedRaftLogWorker:Storage Directory /workdir/hadoop-ozone/integration-test/target/test-dir/MiniOzoneClusterImpl-280c06ed-bcb5-4979-9226-67616719d9ed/datanode-4/data/ratis/89bc7c67-7411-4769-8c88-91196f455865 hit exception
java.lang.OutOfMemoryError: Direct buffer memory
	at java.nio.Bits.reserveMemory(Bits.java:666)
	at java.nio.DirectByteBuffer.<init>(DirectByteBuffer.java:123)
	at java.nio.ByteBuffer.allocateDirect(ByteBuffer.java:311)
	at org.apache.ratis.server.raftlog.segmented.BufferedWriteChannel.<init>(BufferedWriteChannel.java:41)
	at org.apache.ratis.server.raftlog.segmented.SegmentedRaftLogOutputStream.<init>(SegmentedRaftLogOutputStream.java:72)
	at org.apache.ratis.server.raftlog.segmented.SegmentedRaftLogWorker$StartLogSegment.execute(SegmentedRaftLogWorker.java:566)
	at org.apache.ratis.server.raftlog.segmented.SegmentedRaftLogWorker.run(SegmentedRaftLogWorker.java:289)
	at java.lang.Thread.run(Thread.java:748)
2019-09-20 10:25:37,199 [075fa85b-703c-4900-807d-88f08b36438a-SegmentedRaftLogWorker:Storage Directory /workdir/hadoop-ozone/integration-test/target/test-dir/MiniOzoneClusterImpl-280c06ed-bcb5-4979-9226-67616719d9ed/datanode-4/data/ratis/89bc7c67-7411-4769-8c88-91196f455865] INFO  impl.RaftServerImpl (RaftServerImpl.java:lambda$shutdown$3(245)) - 075fa85b-703c-4900-807d-88f08b36438a: shutdown group-91196F455865
2019-09-20 10:25:37,147 [075fa85b-703c-4900-807d-88f08b36438a-SegmentedRaftLogWorker:Storage Directory /workdir/hadoop-ozone/integration-test/target/test-dir/MiniOzoneClusterImpl-280c06ed-bcb5-4979-9226-67616719d9ed/datanode-4/data/ratis/b19d2aa1-f5ab-4278-ae4d-f3ea30d046c0] ERROR segmented.SegmentedRaftLogWorker (SegmentedRaftLogWorker.java:run(323)) - 075fa85b-703c-4900-807d-88f08b36438a-SegmentedRaftLogWorker:Storage Directory /workdir/hadoop-ozone/integration-test/target/test-dir/MiniOzoneClusterImpl-280c06ed-bcb5-4979-9226-67616719d9ed/datanode-4/data/ratis/b19d2aa1-f5ab-4278-ae4d-f3ea30d046c0 hit exception
java.lang.OutOfMemoryError: Direct buffer memory
	at java.nio.Bits.reserveMemory(Bits.java:666)
	at java.nio.DirectByteBuffer.<init>(DirectByteBuffer.java:123)
	at java.nio.ByteBuffer.allocateDirect(ByteBuffer.java:311)
	at org.apache.ratis.server.raftlog.segmented.BufferedWriteChannel.<init>(BufferedWriteChannel.java:41)
	at org.apache.ratis.server.raftlog.segmented.SegmentedRaftLogOutputStream.<init>(SegmentedRaftLogOutputStream.java:72)
	at org.apache.ratis.server.raftlog.segmented.SegmentedRaftLogWorker$StartLogSegment.execute(SegmentedRaftLogWorker.java:566)
	at org.apache.ratis.server.raftlog.segmented.SegmentedRaftLogWorker.run(SegmentedRaftLogWorker.java:289)
	at java.lang.Thread.run(Thread.java:748)
2019-09-20 10:25:37,199 [075fa85b-703c-4900-807d-88f08b36438a-SegmentedRaftLogWorker:Storage Directory /workdir/hadoop-ozone/integration-test/target/test-dir/MiniOzoneClusterImpl-280c06ed-bcb5-4979-9226-67616719d9ed/datanode-4/data/ratis/b19d2aa1-f5ab-4278-ae4d-f3ea30d046c0] INFO  impl.RaftServerImpl (RaftServerImpl.java:lambda$shutdown$3(245)) - 075fa85b-703c-4900-807d-88f08b36438a: shutdown group-F3EA30D046C0
2019-09-20 10:25:37,147 [ece458fc-6687-4915-9be7-f98d86977b7d-SegmentedRaftLogWorker:Storage Directory /workdir/hadoop-ozone/integration-test/target/test-dir/MiniOzoneClusterImpl-280c06ed-bcb5-4979-9226-67616719d9ed/datanode-6/data/ratis/68bc71a6-a345-4545-ab66-ad8e4000a9b3] ERROR segmented.SegmentedRaftLogWorker (SegmentedRaftLogWorker.java:run(323)) - ece458fc-6687-4915-9be7-f98d86977b7d-SegmentedRaftLogWorker:Storage Directory /workdir/hadoop-ozone/integration-test/target/test-dir/MiniOzoneClusterImpl-280c06ed-bcb5-4979-9226-67616719d9ed/datanode-6/data/ratis/68bc71a6-a345-4545-ab66-ad8e4000a9b3 hit exception
java.lang.OutOfMemoryError: Direct buffer memory
	at java.nio.Bits.reserveMemory(Bits.java:666)
	at java.nio.DirectByteBuffer.<init>(DirectByteBuffer.java:123)
	at java.nio.ByteBuffer.allocateDirect(ByteBuffer.java:311)
	at org.apache.ratis.server.raftlog.segmented.BufferedWriteChannel.<init>(BufferedWriteChannel.java:41)
	at org.apache.ratis.server.raftlog.segmented.SegmentedRaftLogOutputStream.<init>(SegmentedRaftLogOutputStream.java:72)
	at org.apache.ratis.server.raftlog.segmented.SegmentedRaftLogWorker$StartLogSegment.execute(SegmentedRaftLogWorker.java:566)
	at org.apache.ratis.server.raftlog.segmented.SegmentedRaftLogWorker.run(SegmentedRaftLogWorker.java:289)
	at java.lang.Thread.run(Thread.java:748)
2019-09-20 10:25:37,199 [075fa85b-703c-4900-807d-88f08b36438a-SegmentedRaftLogWorker:Storage Directory /workdir/hadoop-ozone/integration-test/target/test-dir/MiniOzoneClusterImpl-280c06ed-bcb5-4979-9226-67616719d9ed/datanode-4/data/ratis/b19d2aa1-f5ab-4278-ae4d-f3ea30d046c0] INFO  util.JmxRegister (JmxRegister.java:unregister(73)) - Successfully un-registered JMX Bean with object name Ratis:service=RaftServer,group=group-F3EA30D046C0,id=075fa85b-703c-4900-807d-88f08b36438a
2019-09-20 10:25:37,200 [075fa85b-703c-4900-807d-88f08b36438a-SegmentedRaftLogWorker:Storage Directory /workdir/hadoop-ozone/integration-test/target/test-dir/MiniOzoneClusterImpl-280c06ed-bcb5-4979-9226-67616719d9ed/datanode-4/data/ratis/b19d2aa1-f5ab-4278-ae4d-f3ea30d046c0] INFO  impl.RoleInfo (RoleInfo.java:shutdownLeaderState(104)) - 075fa85b-703c-4900-807d-88f08b36438a: shutdown LeaderState
2019-09-20 10:25:37,199 [075fa85b-703c-4900-807d-88f08b36438a-SegmentedRaftLogWorker:Storage Directory /workdir/hadoop-ozone/integration-test/target/test-dir/MiniOzoneClusterImpl-280c06ed-bcb5-4979-9226-67616719d9ed/datanode-4/data/ratis/89bc7c67-7411-4769-8c88-91196f455865] INFO  util.JmxRegister (JmxRegister.java:unregister(73)) - Successfully un-registered JMX Bean with object name Ratis:service=RaftServer,group=group-91196F455865,id=075fa85b-703c-4900-807d-88f08b36438a
2019-09-20 10:25:37,199 [7f6418e1-cc7a-441a-8f41-c73576b5a1c5-SegmentedRaftLogWorker:Storage Directory /workdir/hadoop-ozone/integration-test/target/test-dir/MiniOzoneClusterImpl-280c06ed-bcb5-4979-9226-67616719d9ed/datanode-5/data/ratis/f01d5e1b-730a-40c4-be2f-011e1cc6f6b5] INFO  util.JmxRegister (JmxRegister.java:unregister(73)) - Successfully un-registered JMX Bean with object name Ratis:service=RaftServer,group=group-011E1CC6F6B5,id=7f6418e1-cc7a-441a-8f41-c73576b5a1c5
2019-09-20 10:25:37,200 [7f6418e1-cc7a-441a-8f41-c73576b5a1c5-SegmentedRaftLogWorker:Storage Directory /workdir/hadoop-ozone/integration-test/target/test-dir/MiniOzoneClusterImpl-280c06ed-bcb5-4979-9226-67616719d9ed/datanode-5/data/ratis/f01d5e1b-730a-40c4-be2f-011e1cc6f6b5] INFO  impl.RoleInfo (RoleInfo.java:shutdownLeaderState(104)) - 7f6418e1-cc7a-441a-8f41-c73576b5a1c5: shutdown LeaderState
2019-09-20 10:25:37,198 [7f6418e1-cc7a-441a-8f41-c73576b5a1c5-SegmentedRaftLogWorker:Storage Directory /workdir/hadoop-ozone/integration-test/target/test-dir/MiniOzoneClusterImpl-280c06ed-bcb5-4979-9226-67616719d9ed/datanode-5/data/ratis/45cbc64e-87d0-4c77-98c3-e5bfbb287e2c] INFO  util.JmxRegister (JmxRegister.java:unregister(73)) - Successfully un-registered JMX Bean with object name Ratis:service=RaftServer,group=group-E5BFBB287E2C,id=7f6418e1-cc7a-441a-8f41-c73576b5a1c5
2019-09-20 10:25:37,201 [7f6418e1-cc7a-441a-8f41-c73576b5a1c5-SegmentedRaftLogWorker:Storage Directory /workdir/hadoop-ozone/integration-test/target/test-dir/MiniOzoneClusterImpl-280c06ed-bcb5-4979-9226-67616719d9ed/datanode-5/data/ratis/45cbc64e-87d0-4c77-98c3-e5bfbb287e2c] INFO  impl.RoleInfo (RoleInfo.java:shutdownLeaderState(104)) - 7f6418e1-cc7a-441a-8f41-c73576b5a1c5: shutdown LeaderState
2019-09-20 10:25:37,198 [fac63c4b-287e-453e-9ac7-8c8c283fdab7:group-39F7007D2871:LeaderElection164] INFO  impl.RaftServerImpl (RaftServerImpl.java:setRole(171)) - fac63c4b-287e-453e-9ac7-8c8c283fdab7:group-39F7007D2871 changes role from CANDIDATE to LEADER at term 1 for changeToLeader
2019-09-20 10:25:37,198 [e29464ab-17d7-4a4e-ab54-c178fccc723c:group-21276ECFD8C5:LeaderElection166] INFO  server.RaftServerConfigKeys (ConfUtils.java:logGet(43)) - raft.server.staging.catchup.gap = 1000 (default)
2019-09-20 10:25:37,197 [99153be1-ba81-4c7b-b6ab-4442760615cb:group-9EC3DCF23BFA:LeaderElection165] INFO  impl.RaftServerImpl (ServerState.java:setLeader(263)) - 99153be1-ba81-4c7b-b6ab-4442760615cb:group-9EC3DCF23BFA change Leader from null to 99153be1-ba81-4c7b-b6ab-4442760615cb at term 1 for becomeLeader, leader elected after 17157ms
2019-09-20 10:25:37,197 [Thread-1679] INFO  impl.RoleInfo (RoleInfo.java:updateAndGet(143)) - fac63c4b-287e-453e-9ac7-8c8c283fdab7: start LeaderElection
2019-09-20 10:25:37,197 [ece458fc-6687-4915-9be7-f98d86977b7d-SegmentedRaftLogWorker:Storage Directory /workdir/hadoop-ozone/integration-test/target/test-dir/MiniOzoneClusterImpl-280c06ed-bcb5-4979-9226-67616719d9ed/datanode-6/data/ratis/ba1af02f-e937-49b2-abaf-3251d984bb60] INFO  impl.StateMachineUpdater (StateMachineUpdater.java:stopAndJoin(115)) - StateMachineUpdater:ece458fc-6687-4915-9be7-f98d86977b7d:group-3251D984BB60: set stopIndex = -1
2019-09-20 10:25:37,201 [ece458fc-6687-4915-9be7-f98d86977b7d-SegmentedRaftLogWorker:Storage Directory /workdir/hadoop-ozone/integration-test/target/test-dir/MiniOzoneClusterImpl-280c06ed-bcb5-4979-9226-67616719d9ed/datanode-6/data/ratis/ba1af02f-e937-49b2-abaf-3251d984bb60] INFO  impl.RaftServerImpl (ServerState.java:close(394)) - ece458fc-6687-4915-9be7-f98d86977b7d:group-3251D984BB60 closes. The last applied log index is -1
2019-09-20 10:25:37,197 [fac63c4b-287e-453e-9ac7-8c8c283fdab7:group-AF75374769B9:LeaderElection168] INFO  server.RaftServerConfigKeys (ConfUtils.java:logGet(43)) - raft.server.staging.catchup.gap = 1000 (default)
2019-09-20 10:25:37,202 [fac63c4b-287e-453e-9ac7-8c8c283fdab7:group-AF75374769B9:LeaderElection168] INFO  server.RaftServerConfigKeys (ConfUtils.java:logGet(43)) - raft.server.rpc.sleep.time = 25ms (default)
2019-09-20 10:25:37,197 [fac63c4b-287e-453e-9ac7-8c8c283fdab7:group-92B61ACBDA5D:LeaderElection163] INFO  server.RaftServerConfigKeys (ConfUtils.java:logGet(43)) - raft.server.staging.catchup.gap = 1000 (default)
2019-09-20 10:25:37,202 [fac63c4b-287e-453e-9ac7-8c8c283fdab7:group-92B61ACBDA5D:LeaderElection163] INFO  server.RaftServerConfigKeys (ConfUtils.java:logGet(43)) - raft.server.rpc.sleep.time = 25ms (default)
2019-09-20 10:25:37,196 [1bfb6844-04ed-4104-839b-60e510b6bb68-SegmentedRaftLogWorker:Storage Directory /workdir/hadoop-ozone/integration-test/target/test-dir/MiniOzoneClusterImpl-280c06ed-bcb5-4979-9226-67616719d9ed/datanode-3/data/ratis/114a629f-cda6-4987-82ab-9c7b24cf797e] INFO  impl.StateMachineUpdater (StateMachineUpdater.java:stopAndJoin(115)) - StateMachineUpdater:1bfb6844-04ed-4104-839b-60e510b6bb68:group-9C7B24CF797E: set stopIndex = -1
2019-09-20 10:25:37,196 [075fa85b-703c-4900-807d-88f08b36438a-SegmentedRaftLogWorker:Storage Directory /workdir/hadoop-ozone/integration-test/target/test-dir/MiniOzoneClusterImpl-280c06ed-bcb5-4979-9226-67616719d9ed/datanode-4/data/ratis/3f9e5201-15ad-42ac-83f2-b0b958123a92] INFO  impl.PendingRequests (PendingRequests.java:sendNotLeaderResponses(202)) - 075fa85b-703c-4900-807d-88f08b36438a-PendingRequests: sendNotLeaderResponses
2019-09-20 10:25:37,196 [ece458fc-6687-4915-9be7-f98d86977b7d:group-4F82A1B4FB91:LeaderElection170] INFO  server.RaftServerConfigKeys (ConfUtils.java:logGet(43)) - raft.server.watch.timeout = 10s (default)
2019-09-20 10:25:37,196 [main] INFO  volume.HddsVolumeChecker (HddsVolumeChecker.java:checkAllVolumes(203)) - Scheduled health check for volume org.apache.hadoop.ozone.container.common.volume.HddsVolume@76685ab0
2019-09-20 10:25:37,196 [99153be1-ba81-4c7b-b6ab-4442760615cb:group-08C92995A0B5:LeaderElection167] INFO  server.RaftServerConfigKeys (ConfUtils.java:logGet(43)) - raft.server.watch.timeout.denomination = 1s (default)
2019-09-20 10:25:37,195 [fac63c4b-287e-453e-9ac7-8c8c283fdab7:group-A60E90D6B906:LeaderElection162] INFO  server.RaftServerConfigKeys (ConfUtils.java:logGet(43)) - raft.server.watch.element-limit = 65536 (default)
2019-09-20 10:25:37,195 [e29464ab-17d7-4a4e-ab54-c178fccc723c:group-E026FD1C3C19:LeaderElection169] INFO  server.RaftServerConfigKeys (ConfUtils.java:logGet(43)) - raft.server.watch.timeout = 10s (default)
2019-09-20 10:25:37,203 [e29464ab-17d7-4a4e-ab54-c178fccc723c:group-E026FD1C3C19:LeaderElection169] INFO  server.RaftServerConfigKeys (ConfUtils.java:logGet(43)) - raft.server.watch.timeout.denomination = 1s (default)
2019-09-20 10:25:37,195 [1bfb6844-04ed-4104-839b-60e510b6bb68:group-22A2006E1636:LeaderElection161] INFO  server.RaftServerConfigKeys (ConfUtils.java:logGet(43)) - raft.server.watch.element-limit = 65536 (default)
2019-09-20 10:25:37,195 [075fa85b-703c-4900-807d-88f08b36438a-SegmentedRaftLogWorker:Storage Directory /workdir/hadoop-ozone/integration-test/target/test-dir/MiniOzoneClusterImpl-280c06ed-bcb5-4979-9226-67616719d9ed/datanode-4/data/ratis/ebbe3e41-bf36-45ce-9bb6-c6760b479523] INFO  segmented.SegmentedRaftLogWorker (SegmentedRaftLogWorker.java:close(228)) - 075fa85b-703c-4900-807d-88f08b36438a-SegmentedRaftLogWorker:Storage Directory /workdir/hadoop-ozone/integration-test/target/test-dir/MiniOzoneClusterImpl-280c06ed-bcb5-4979-9226-67616719d9ed/datanode-4/data/ratis/ebbe3e41-bf36-45ce-9bb6-c6760b479523 close()
2019-09-20 10:25:37,195 [7f6418e1-cc7a-441a-8f41-c73576b5a1c5-SegmentedRaftLogWorker:Storage Directory /workdir/hadoop-ozone/integration-test/target/test-dir/MiniOzoneClusterImpl-280c06ed-bcb5-4979-9226-67616719d9ed/datanode-5/data/ratis/fc84d5ff-ee7f-44b3-97f2-e502266162a0] INFO  segmented.SegmentedRaftLogWorker (SegmentedRaftLogWorker.java:close(228)) - 7f6418e1-cc7a-441a-8f41-c73576b5a1c5-SegmentedRaftLogWorker:Storage Directory /workdir/hadoop-ozone/integration-test/target/test-dir/MiniOzoneClusterImpl-280c06ed-bcb5-4979-9226-67616719d9ed/datanode-5/data/ratis/fc84d5ff-ee7f-44b3-97f2-e502266162a0 close()
2019-09-20 10:25:37,177 [075fa85b-703c-4900-807d-88f08b36438a-SegmentedRaftLogWorker:Storage Directory /workdir/hadoop-ozone/integration-test/target/test-dir/MiniOzoneClusterImpl-280c06ed-bcb5-4979-9226-67616719d9ed/datanode-4/data/ratis/f1e051e5-bd96-4311-9bb0-d8127be90fd8] INFO  impl.StateMachineUpdater (StateMachineUpdater.java:stopAndJoin(115)) - StateMachineUpdater:075fa85b-703c-4900-807d-88f08b36438a:group-D8127BE90FD8: set stopIndex = -1
2019-09-20 10:25:37,221 [fac63c4b-287e-453e-9ac7-8c8c283fdab7:group-D756FC2324CD:LeaderElection171] INFO  impl.LeaderElection (LeaderElection.java:askForVotes(181)) - fac63c4b-287e-453e-9ac7-8c8c283fdab7:group-D756FC2324CD:LeaderElection171: begin an election at term 1 for -1: [fac63c4b-287e-453e-9ac7-8c8c283fdab7:192.168.36.99:38258], old=null
2019-09-20 10:25:37,204 [1bfb6844-04ed-4104-839b-60e510b6bb68:group-22A2006E1636:LeaderElection161] INFO  impl.RoleInfo (RoleInfo.java:updateAndGet(143)) - 1bfb6844-04ed-4104-839b-60e510b6bb68: start LeaderState
2019-09-20 10:25:37,237 [fac63c4b-287e-453e-9ac7-8c8c283fdab7:group-D756FC2324CD:LeaderElection171] INFO  impl.RoleInfo (RoleInfo.java:shutdownLeaderElection(134)) - fac63c4b-287e-453e-9ac7-8c8c283fdab7: shutdown LeaderElection
2019-09-20 10:25:37,238 [1bfb6844-04ed-4104-839b-60e510b6bb68:group-22A2006E1636:LeaderElection161] INFO  segmented.SegmentedRaftLogWorker (SegmentedRaftLogWorker.java:startLogSegment(380)) - 1bfb6844-04ed-4104-839b-60e510b6bb68-SegmentedRaftLogWorker:Storage Directory /workdir/hadoop-ozone/integration-test/target/test-dir/MiniOzoneClusterImpl-280c06ed-bcb5-4979-9226-67616719d9ed/datanode-3/data/ratis/cb92b45f-c7c4-47c4-880a-22a2006e1636: Starting segment from index:0
2019-09-20 10:25:37,203 [e29464ab-17d7-4a4e-ab54-c178fccc723c:group-E026FD1C3C19:LeaderElection169] INFO  server.RaftServerConfigKeys (ConfUtils.java:logGet(43)) - raft.server.watch.element-limit = 65536 (default)
2019-09-20 10:25:37,203 [fac63c4b-287e-453e-9ac7-8c8c283fdab7:group-A60E90D6B906:LeaderElection162] INFO  impl.RoleInfo (RoleInfo.java:updateAndGet(143)) - fac63c4b-287e-453e-9ac7-8c8c283fdab7: start LeaderState
2019-09-20 10:25:37,203 [99153be1-ba81-4c7b-b6ab-4442760615cb:group-08C92995A0B5:LeaderElection167] INFO  server.RaftServerConfigKeys (ConfUtils.java:logGet(43)) - raft.server.watch.element-limit = 65536 (default)
2019-09-20 10:25:37,618 | INFO  | SCMAudit | user=jenkins1000 | ip=192.168.36.99 | op=SEND_HEARTBEAT {datanodeUUID=cff8bf6b-8d20-4327-9f29-08a3c2b49247, command=[]} | ret=SUCCESS |  
2019-09-20 10:25:37,618 | INFO  | SCMAudit | user=jenkins1000 | ip=192.168.36.99 | op=SEND_HEARTBEAT {datanodeUUID=99e70dd4-d763-4473-944c-c5628506dcf8, command=[]} | ret=SUCCESS |  
2019-09-20 10:25:37,618 | INFO  | SCMAudit | user=jenkins1000 | ip=192.168.36.99 | op=SEND_HEARTBEAT {datanodeUUID=136f1953-bb94-4097-a2d4-422a6782bee0, command=[]} | ret=SUCCESS |  
2019-09-20 10:25:37,618 | INFO  | SCMAudit | user=jenkins1000 | ip=192.168.36.99 | op=SEND_HEARTBEAT {datanodeUUID=b5962e8e-c9f1-48aa-8eb4-d8f74b8afdbe, command=[]} | ret=SUCCESS |  
2019-09-20 10:25:37,618 | INFO  | SCMAudit | user=jenkins1000 | ip=192.168.36.99 | op=SEND_HEARTBEAT {datanodeUUID=e8013689-2f13-4aaf-8a03-99f419c430ec, command=[]} | ret=SUCCESS |  
2019-09-20 10:25:37,619 | INFO  | SCMAudit | user=jenkins1000 | ip=192.168.36.99 | op=SEND_HEARTBEAT {datanodeUUID=7f6418e1-cc7a-441a-8f41-c73576b5a1c5, command=[]} | ret=SUCCESS |  
2019-09-20 10:25:37,619 | INFO  | SCMAudit | user=jenkins1000 | ip=192.168.36.99 | op=SEND_HEARTBEAT {datanodeUUID=4d972e91-cb6b-45de-8bd2-c18af7abe58b, command=[]} | ret=SUCCESS |  
2019-09-20 10:25:37,619 | INFO  | SCMAudit | user=jenkins1000 | ip=192.168.36.99 | op=SEND_HEARTBEAT {datanodeUUID=3d6f3241-e73c-473a-ad0b-c7be2f7e1dda, command=[]} | ret=SUCCESS |  
2019-09-20 10:25:37,619 | INFO  | SCMAudit | user=jenkins1000 | ip=192.168.36.99 | op=SEND_HEARTBEAT {datanodeUUID=1bfb6844-04ed-4104-839b-60e510b6bb68, command=[]} | ret=SUCCESS |  
2019-09-20 10:25:37,619 | INFO  | SCMAudit | user=jenkins1000 | ip=192.168.36.99 | op=SEND_HEARTBEAT {datanodeUUID=c3e532f8-1a8e-44f3-b56b-d765aee893af, command=[]} | ret=SUCCESS |  
2019-09-20 10:25:37,618 | INFO  | SCMAudit | user=jenkins1000 | ip=192.168.36.99 | op=SEND_HEARTBEAT {datanodeUUID=6491c372-a595-4104-b3e9-c4f3293baafa, command=[]} | ret=SUCCESS |  
2019-09-20 10:25:37,619 | INFO  | SCMAudit | user=jenkins1000 | ip=192.168.36.99 | op=SEND_HEARTBEAT {datanodeUUID=17e2ba94-38a1-40e7-84e0-f6802901db84, command=[]} | ret=SUCCESS |  
2019-09-20 10:25:37,619 | INFO  | SCMAudit | user=jenkins1000 | ip=192.168.36.99 | op=SEND_HEARTBEAT {datanodeUUID=7af711bd-b5ae-4a73-a8be-b970cae6c2d1, command=[]} | ret=SUCCESS |  
2019-09-20 10:25:37,619 | INFO  | SCMAudit | user=jenkins1000 | ip=192.168.36.99 | op=SEND_HEARTBEAT {datanodeUUID=ece458fc-6687-4915-9be7-f98d86977b7d, command=[]} | ret=SUCCESS |  
2019-09-20 10:25:37,619 | INFO  | SCMAudit | user=jenkins1000 | ip=192.168.36.99 | op=SEND_HEARTBEAT {datanodeUUID=19fb8383-7c99-4449-b95c-a26e71717844, command=[]} | ret=SUCCESS |  
2019-09-20 10:25:37,618 | INFO  | SCMAudit | user=jenkins1000 | ip=192.168.36.99 | op=SEND_HEARTBEAT {datanodeUUID=9e03ffa9-cf79-407a-a150-4c035e5aec5e, command=[]} | ret=SUCCESS |  
2019-09-20 10:25:37,618 | INFO  | SCMAudit | user=jenkins1000 | ip=192.168.36.99 | op=SEND_HEARTBEAT {datanodeUUID=61649f92-8c0f-475a-818d-1064548aeef6, command=[]} | ret=SUCCESS |  
2019-09-20 10:25:37,618 | INFO  | SCMAudit | user=jenkins1000 | ip=192.168.36.99 | op=SEND_HEARTBEAT {datanodeUUID=d2ed2d9b-7ac7-460e-84f6-6d9d6066f76d, command=[]} | ret=SUCCESS |  
2019-09-20 10:25:37,619 | INFO  | SCMAudit | user=jenkins1000 | ip=192.168.36.99 | op=SEND_HEARTBEAT {datanodeUUID=60260ec1-e192-4b95-89c8-d924d16a77a9, command=[]} | ret=SUCCESS |  
2019-09-20 10:25:37,618 | INFO  | SCMAudit | user=jenkins1000 | ip=192.168.36.99 | op=SEND_HEARTBEAT {datanodeUUID=bb8f5112-316d-4974-a5a6-f698f3fbb5be, command=[]} | ret=SUCCESS |  
2019-09-20 10:25:37,619 | INFO  | SCMAudit | user=jenkins1000 | ip=192.168.36.99 | op=SEND_HEARTBEAT {datanodeUUID=54207fe5-d92c-4c2e-b058-fbae630dabef, command=[]} | ret=SUCCESS |  
2019-09-20 10:25:37,619 | INFO  | SCMAudit | user=jenkins1000 | ip=192.168.36.99 | op=SEND_HEARTBEAT {datanodeUUID=468be06f-55e9-4831-ba6b-3db017451a79, command=[]} | ret=SUCCESS |  
2019-09-20 10:25:37,619 | INFO  | SCMAudit | user=jenkins1000 | ip=192.168.36.99 | op=SEND_HEARTBEAT {datanodeUUID=e29464ab-17d7-4a4e-ab54-c178fccc723c, command=[]} | ret=SUCCESS |  
2019-09-20 10:25:37,619 | INFO  | SCMAudit | user=jenkins1000 | ip=192.168.36.99 | op=SEND_HEARTBEAT {datanodeUUID=99153be1-ba81-4c7b-b6ab-4442760615cb, command=[]} | ret=SUCCESS |  
2019-09-20 10:25:37,619 | INFO  | SCMAudit | user=jenkins1000 | ip=192.168.36.99 | op=SEND_HEARTBEAT {datanodeUUID=075fa85b-703c-4900-807d-88f08b36438a, command=[]} | ret=SUCCESS |  
2019-09-20 10:25:37,619 | INFO  | SCMAudit | user=jenkins1000 | ip=192.168.36.99 | op=SEND_HEARTBEAT {datanodeUUID=fac63c4b-287e-453e-9ac7-8c8c283fdab7, command=[]} | ret=SUCCESS |  
2019-09-20 10:25:37,619 | INFO  | SCMAudit | user=jenkins1000 | ip=192.168.36.99 | op=SEND_HEARTBEAT {datanodeUUID=66416d0b-a71c-4af1-ae3a-62ca63b880a3, command=[]} | ret=SUCCESS |  
2019-09-20 10:25:37,619 | INFO  | SCMAudit | user=jenkins1000 | ip=192.168.36.99 | op=SEND_HEARTBEAT {datanodeUUID=1ab786b9-c79c-4265-88a1-5b3344c6beda, command=[]} | ret=SUCCESS |  
2019-09-20 10:25:37,202 [ece458fc-6687-4915-9be7-f98d86977b7d:group-4F82A1B4FB91:LeaderElection170] INFO  server.RaftServerConfigKeys (ConfUtils.java:logGet(43)) - raft.server.watch.timeout.denomination = 1s (default)
2019-09-20 10:25:37,202 [075fa85b-703c-4900-807d-88f08b36438a-SegmentedRaftLogWorker:Storage Directory /workdir/hadoop-ozone/integration-test/target/test-dir/MiniOzoneClusterImpl-280c06ed-bcb5-4979-9226-67616719d9ed/datanode-4/data/ratis/3f9e5201-15ad-42ac-83f2-b0b958123a92] INFO  impl.StateMachineUpdater (StateMachineUpdater.java:stopAndJoin(115)) - StateMachineUpdater:075fa85b-703c-4900-807d-88f08b36438a:group-B0B958123A92: set stopIndex = -1
2019-09-20 10:25:37,202 [1bfb6844-04ed-4104-839b-60e510b6bb68-SegmentedRaftLogWorker:Storage Directory /workdir/hadoop-ozone/integration-test/target/test-dir/MiniOzoneClusterImpl-280c06ed-bcb5-4979-9226-67616719d9ed/datanode-3/data/ratis/114a629f-cda6-4987-82ab-9c7b24cf797e] INFO  impl.RaftServerImpl (ServerState.java:close(394)) - 1bfb6844-04ed-4104-839b-60e510b6bb68:group-9C7B24CF797E closes. The last applied log index is -1
2019-09-20 10:25:37,202 [fac63c4b-287e-453e-9ac7-8c8c283fdab7:group-92B61ACBDA5D:LeaderElection163] INFO  server.RaftServerConfigKeys (ConfUtils.java:logGet(43)) - raft.server.write.element-limit = 4096 (default)
2019-09-20 10:25:37,202 [fac63c4b-287e-453e-9ac7-8c8c283fdab7:group-AF75374769B9:LeaderElection168] INFO  server.RaftServerConfigKeys (ConfUtils.java:logGet(43)) - raft.server.write.element-limit = 4096 (default)
2019-09-20 10:25:37,201 [ece458fc-6687-4915-9be7-f98d86977b7d-SegmentedRaftLogWorker:Storage Directory /workdir/hadoop-ozone/integration-test/target/test-dir/MiniOzoneClusterImpl-280c06ed-bcb5-4979-9226-67616719d9ed/datanode-6/data/ratis/ba1af02f-e937-49b2-abaf-3251d984bb60] INFO  segmented.SegmentedRaftLogWorker (SegmentedRaftLogWorker.java:close(228)) - ece458fc-6687-4915-9be7-f98d86977b7d-SegmentedRaftLogWorker:Storage Directory /workdir/hadoop-ozone/integration-test/target/test-dir/MiniOzoneClusterImpl-280c06ed-bcb5-4979-9226-67616719d9ed/datanode-6/data/ratis/ba1af02f-e937-49b2-abaf-3251d984bb60 close()
2019-09-20 10:25:37,201 [99153be1-ba81-4c7b-b6ab-4442760615cb:group-9EC3DCF23BFA:LeaderElection165] INFO  server.RaftServerConfigKeys (ConfUtils.java:logGet(43)) - raft.server.staging.catchup.gap = 1000 (default)
2019-09-20 10:25:37,201 [e29464ab-17d7-4a4e-ab54-c178fccc723c:group-21276ECFD8C5:LeaderElection166] INFO  server.RaftServerConfigKeys (ConfUtils.java:logGet(43)) - raft.server.rpc.sleep.time = 25ms (default)
2019-09-20 10:25:37,201 [fac63c4b-287e-453e-9ac7-8c8c283fdab7:group-39F7007D2871:LeaderElection164] INFO  impl.RaftServerImpl (ServerState.java:setLeader(263)) - fac63c4b-287e-453e-9ac7-8c8c283fdab7:group-39F7007D2871 change Leader from null to fac63c4b-287e-453e-9ac7-8c8c283fdab7 at term 1 for becomeLeader, leader elected after 17443ms
2019-09-20 10:25:37,644 [e29464ab-17d7-4a4e-ab54-c178fccc723c:group-21276ECFD8C5:LeaderElection166] INFO  server.RaftServerConfigKeys (ConfUtils.java:logGet(43)) - raft.server.write.element-limit = 4096 (default)
2019-09-20 10:25:37,644 [fac63c4b-287e-453e-9ac7-8c8c283fdab7:group-39F7007D2871:LeaderElection164] INFO  server.RaftServerConfigKeys (ConfUtils.java:logGet(43)) - raft.server.staging.catchup.gap = 1000 (default)
2019-09-20 10:25:37,201 [7f6418e1-cc7a-441a-8f41-c73576b5a1c5-SegmentedRaftLogWorker:Storage Directory /workdir/hadoop-ozone/integration-test/target/test-dir/MiniOzoneClusterImpl-280c06ed-bcb5-4979-9226-67616719d9ed/datanode-5/data/ratis/45cbc64e-87d0-4c77-98c3-e5bfbb287e2c] INFO  impl.PendingRequests (PendingRequests.java:sendNotLeaderResponses(202)) - 7f6418e1-cc7a-441a-8f41-c73576b5a1c5-PendingRequests: sendNotLeaderResponses
2019-09-20 10:25:37,200 [7f6418e1-cc7a-441a-8f41-c73576b5a1c5-SegmentedRaftLogWorker:Storage Directory /workdir/hadoop-ozone/integration-test/target/test-dir/MiniOzoneClusterImpl-280c06ed-bcb5-4979-9226-67616719d9ed/datanode-5/data/ratis/f01d5e1b-730a-40c4-be2f-011e1cc6f6b5] INFO  impl.PendingRequests (PendingRequests.java:sendNotLeaderResponses(202)) - 7f6418e1-cc7a-441a-8f41-c73576b5a1c5-PendingRequests: sendNotLeaderResponses
2019-09-20 10:25:37,200 [075fa85b-703c-4900-807d-88f08b36438a-SegmentedRaftLogWorker:Storage Directory /workdir/hadoop-ozone/integration-test/target/test-dir/MiniOzoneClusterImpl-280c06ed-bcb5-4979-9226-67616719d9ed/datanode-4/data/ratis/89bc7c67-7411-4769-8c88-91196f455865] INFO  impl.RoleInfo (RoleInfo.java:shutdownLeaderState(104)) - 075fa85b-703c-4900-807d-88f08b36438a: shutdown LeaderState
2019-09-20 10:25:37,200 [075fa85b-703c-4900-807d-88f08b36438a-SegmentedRaftLogWorker:Storage Directory /workdir/hadoop-ozone/integration-test/target/test-dir/MiniOzoneClusterImpl-280c06ed-bcb5-4979-9226-67616719d9ed/datanode-4/data/ratis/b19d2aa1-f5ab-4278-ae4d-f3ea30d046c0] INFO  impl.PendingRequests (PendingRequests.java:sendNotLeaderResponses(202)) - 075fa85b-703c-4900-807d-88f08b36438a-PendingRequests: sendNotLeaderResponses
2019-09-20 10:25:37,200 [ece458fc-6687-4915-9be7-f98d86977b7d-SegmentedRaftLogWorker:Storage Directory /workdir/hadoop-ozone/integration-test/target/test-dir/MiniOzoneClusterImpl-280c06ed-bcb5-4979-9226-67616719d9ed/datanode-6/data/ratis/68bc71a6-a345-4545-ab66-ad8e4000a9b3] INFO  impl.RaftServerImpl (RaftServerImpl.java:lambda$shutdown$3(245)) - ece458fc-6687-4915-9be7-f98d86977b7d: shutdown group-AD8E4000A9B3
2019-09-20 10:25:37,645 [075fa85b-703c-4900-807d-88f08b36438a-SegmentedRaftLogWorker:Storage Directory /workdir/hadoop-ozone/integration-test/target/test-dir/MiniOzoneClusterImpl-280c06ed-bcb5-4979-9226-67616719d9ed/datanode-4/data/ratis/b19d2aa1-f5ab-4278-ae4d-f3ea30d046c0] INFO  impl.StateMachineUpdater (StateMachineUpdater.java:stopAndJoin(115)) - StateMachineUpdater:075fa85b-703c-4900-807d-88f08b36438a:group-F3EA30D046C0: set stopIndex = -1
2019-09-20 10:25:37,644 [075fa85b-703c-4900-807d-88f08b36438a-SegmentedRaftLogWorker:Storage Directory /workdir/hadoop-ozone/integration-test/target/test-dir/MiniOzoneClusterImpl-280c06ed-bcb5-4979-9226-67616719d9ed/datanode-4/data/ratis/89bc7c67-7411-4769-8c88-91196f455865] INFO  impl.PendingRequests (PendingRequests.java:sendNotLeaderResponses(202)) - 075fa85b-703c-4900-807d-88f08b36438a-PendingRequests: sendNotLeaderResponses
2019-09-20 10:25:37,644 [7f6418e1-cc7a-441a-8f41-c73576b5a1c5-SegmentedRaftLogWorker:Storage Directory /workdir/hadoop-ozone/integration-test/target/test-dir/MiniOzoneClusterImpl-280c06ed-bcb5-4979-9226-67616719d9ed/datanode-5/data/ratis/f01d5e1b-730a-40c4-be2f-011e1cc6f6b5] INFO  impl.StateMachineUpdater (StateMachineUpdater.java:stopAndJoin(115)) - StateMachineUpdater:7f6418e1-cc7a-441a-8f41-c73576b5a1c5:group-011E1CC6F6B5: set stopIndex = -1
2019-09-20 10:25:37,644 [7f6418e1-cc7a-441a-8f41-c73576b5a1c5-SegmentedRaftLogWorker:Storage Directory /workdir/hadoop-ozone/integration-test/target/test-dir/MiniOzoneClusterImpl-280c06ed-bcb5-4979-9226-67616719d9ed/datanode-5/data/ratis/45cbc64e-87d0-4c77-98c3-e5bfbb287e2c] INFO  impl.StateMachineUpdater (StateMachineUpdater.java:stopAndJoin(115)) - StateMachineUpdater:7f6418e1-cc7a-441a-8f41-c73576b5a1c5:group-E5BFBB287E2C: set stopIndex = -1
2019-09-20 10:25:37,645 [7f6418e1-cc7a-441a-8f41-c73576b5a1c5-SegmentedRaftLogWorker:Storage Directory /workdir/hadoop-ozone/integration-test/target/test-dir/MiniOzoneClusterImpl-280c06ed-bcb5-4979-9226-67616719d9ed/datanode-5/data/ratis/45cbc64e-87d0-4c77-98c3-e5bfbb287e2c] INFO  impl.RaftServerImpl (ServerState.java:close(394)) - 7f6418e1-cc7a-441a-8f41-c73576b5a1c5:group-E5BFBB287E2C closes. The last applied log index is -1
2019-09-20 10:25:37,644 [fac63c4b-287e-453e-9ac7-8c8c283fdab7:group-39F7007D2871:LeaderElection164] INFO  server.RaftServerConfigKeys (ConfUtils.java:logGet(43)) - raft.server.rpc.sleep.time = 25ms (default)
2019-09-20 10:25:37,644 [e29464ab-17d7-4a4e-ab54-c178fccc723c:group-21276ECFD8C5:LeaderElection166] INFO  server.RaftServerConfigKeys (ConfUtils.java:logGet(43)) - raft.server.watch.timeout = 10s (default)
2019-09-20 10:25:37,643 [99153be1-ba81-4c7b-b6ab-4442760615cb:group-9EC3DCF23BFA:LeaderElection165] INFO  server.RaftServerConfigKeys (ConfUtils.java:logGet(43)) - raft.server.rpc.sleep.time = 25ms (default)
2019-09-20 10:25:37,621 [fac63c4b-287e-453e-9ac7-8c8c283fdab7:group-AF75374769B9:LeaderElection168] INFO  server.RaftServerConfigKeys (ConfUtils.java:logGet(43)) - raft.server.watch.timeout = 10s (default)
2019-09-20 10:25:37,620 [fac63c4b-287e-453e-9ac7-8c8c283fdab7:group-92B61ACBDA5D:LeaderElection163] INFO  server.RaftServerConfigKeys (ConfUtils.java:logGet(43)) - raft.server.watch.timeout = 10s (default)
2019-09-20 10:25:37,620 [1bfb6844-04ed-4104-839b-60e510b6bb68-SegmentedRaftLogWorker:Storage Directory /workdir/hadoop-ozone/integration-test/target/test-dir/MiniOzoneClusterImpl-280c06ed-bcb5-4979-9226-67616719d9ed/datanode-3/data/ratis/114a629f-cda6-4987-82ab-9c7b24cf797e] INFO  segmented.SegmentedRaftLogWorker (SegmentedRaftLogWorker.java:close(228)) - 1bfb6844-04ed-4104-839b-60e510b6bb68-SegmentedRaftLogWorker:Storage Directory /workdir/hadoop-ozone/integration-test/target/test-dir/MiniOzoneClusterImpl-280c06ed-bcb5-4979-9226-67616719d9ed/datanode-3/data/ratis/114a629f-cda6-4987-82ab-9c7b24cf797e close()
2019-09-20 10:25:37,620 [075fa85b-703c-4900-807d-88f08b36438a-SegmentedRaftLogWorker:Storage Directory /workdir/hadoop-ozone/integration-test/target/test-dir/MiniOzoneClusterImpl-280c06ed-bcb5-4979-9226-67616719d9ed/datanode-4/data/ratis/3f9e5201-15ad-42ac-83f2-b0b958123a92] INFO  impl.RaftServerImpl (ServerState.java:close(394)) - 075fa85b-703c-4900-807d-88f08b36438a:group-B0B958123A92 closes. The last applied log index is -1
2019-09-20 10:25:37,620 [ece458fc-6687-4915-9be7-f98d86977b7d:group-4F82A1B4FB91:LeaderElection170] INFO  server.RaftServerConfigKeys (ConfUtils.java:logGet(43)) - raft.server.watch.element-limit = 65536 (default)
2019-09-20 10:25:37,663 [075fa85b-703c-4900-807d-88f08b36438a-SegmentedRaftLogWorker:Storage Directory /workdir/hadoop-ozone/integration-test/target/test-dir/MiniOzoneClusterImpl-280c06ed-bcb5-4979-9226-67616719d9ed/datanode-4/data/ratis/3f9e5201-15ad-42ac-83f2-b0b958123a92] INFO  segmented.SegmentedRaftLogWorker (SegmentedRaftLogWorker.java:close(228)) - 075fa85b-703c-4900-807d-88f08b36438a-SegmentedRaftLogWorker:Storage Directory /workdir/hadoop-ozone/integration-test/target/test-dir/MiniOzoneClusterImpl-280c06ed-bcb5-4979-9226-67616719d9ed/datanode-4/data/ratis/3f9e5201-15ad-42ac-83f2-b0b958123a92 close()
2019-09-20 10:25:37,619 [99153be1-ba81-4c7b-b6ab-4442760615cb:group-08C92995A0B5:LeaderElection167] INFO  impl.RoleInfo (RoleInfo.java:updateAndGet(143)) - 99153be1-ba81-4c7b-b6ab-4442760615cb: start LeaderState
2019-09-20 10:25:37,609 [Thread-1716] INFO  impl.FollowerState (FollowerState.java:run(106)) - e29464ab-17d7-4a4e-ab54-c178fccc723c:group-9DD029744A42 changes to CANDIDATE, lastRpcTime:17082, electionTimeout:5043ms
2019-09-20 10:25:37,608 [Thread-1755] INFO  impl.FollowerState (FollowerState.java:run(106)) - 075fa85b-703c-4900-807d-88f08b36438a:group-961C3D32D481 changes to CANDIDATE, lastRpcTime:16153, electionTimeout:5117ms
2019-09-20 10:25:37,238 [fac63c4b-287e-453e-9ac7-8c8c283fdab7:group-A60E90D6B906:LeaderElection162] INFO  segmented.SegmentedRaftLogWorker (SegmentedRaftLogWorker.java:startLogSegment(380)) - fac63c4b-287e-453e-9ac7-8c8c283fdab7-SegmentedRaftLogWorker:Storage Directory /workdir/hadoop-ozone/integration-test/target/test-dir/MiniOzoneClusterImpl-280c06ed-bcb5-4979-9226-67616719d9ed/datanode-0/data/ratis/ba5ac46e-e91a-4737-8e5f-a60e90d6b906: Starting segment from index:0
2019-09-20 10:25:37,238 [1bfb6844-04ed-4104-839b-60e510b6bb68:group-22A2006E1636:LeaderElection161] INFO  impl.RaftServerImpl (ServerState.java:setRaftConf(361)) - 1bfb6844-04ed-4104-839b-60e510b6bb68:group-22A2006E1636 set configuration 0: [1bfb6844-04ed-4104-839b-60e510b6bb68:192.168.36.99:44647], old=null at 0
2019-09-20 10:25:37,238 [e29464ab-17d7-4a4e-ab54-c178fccc723c:group-E026FD1C3C19:LeaderElection169] INFO  impl.RoleInfo (RoleInfo.java:updateAndGet(143)) - e29464ab-17d7-4a4e-ab54-c178fccc723c: start LeaderState
2019-09-20 10:25:37,238 [fac63c4b-287e-453e-9ac7-8c8c283fdab7:group-D756FC2324CD:LeaderElection171] INFO  impl.RaftServerImpl (RaftServerImpl.java:setRole(171)) - fac63c4b-287e-453e-9ac7-8c8c283fdab7:group-D756FC2324CD changes role from CANDIDATE to LEADER at term 1 for changeToLeader
2019-09-20 10:25:37,694 [e29464ab-17d7-4a4e-ab54-c178fccc723c:group-E026FD1C3C19:LeaderElection169] INFO  segmented.SegmentedRaftLogWorker (SegmentedRaftLogWorker.java:startLogSegment(380)) - e29464ab-17d7-4a4e-ab54-c178fccc723c-SegmentedRaftLogWorker:Storage Directory /workdir/hadoop-ozone/integration-test/target/test-dir/MiniOzoneClusterImpl-280c06ed-bcb5-4979-9226-67616719d9ed/datanode-2/data/ratis/01a9749c-d41e-4ed4-9506-e026fd1c3c19: Starting segment from index:0
2019-09-20 10:25:37,237 [075fa85b-703c-4900-807d-88f08b36438a-SegmentedRaftLogWorker:Storage Directory /workdir/hadoop-ozone/integration-test/target/test-dir/MiniOzoneClusterImpl-280c06ed-bcb5-4979-9226-67616719d9ed/datanode-4/data/ratis/f1e051e5-bd96-4311-9bb0-d8127be90fd8] INFO  impl.RaftServerImpl (ServerState.java:close(394)) - 075fa85b-703c-4900-807d-88f08b36438a:group-D8127BE90FD8 closes. The last applied log index is -1
2019-09-20 10:25:38,088 [ece458fc-6687-4915-9be7-f98d86977b7d-SegmentedRaftLogWorker:Storage Directory /workdir/hadoop-ozone/integration-test/target/test-dir/MiniOzoneClusterImpl-280c06ed-bcb5-4979-9226-67616719d9ed/datanode-6/data/ratis/7430b3f9-67ba-48a8-be44-12b45cd6ecf8] ERROR segmented.SegmentedRaftLogWorker (SegmentedRaftLogWorker.java:run(323)) - ece458fc-6687-4915-9be7-f98d86977b7d-SegmentedRaftLogWorker:Storage Directory /workdir/hadoop-ozone/integration-test/target/test-dir/MiniOzoneClusterImpl-280c06ed-bcb5-4979-9226-67616719d9ed/datanode-6/data/ratis/7430b3f9-67ba-48a8-be44-12b45cd6ecf8 hit exception
java.lang.OutOfMemoryError: Direct buffer memory
	at java.nio.Bits.reserveMemory(Bits.java:666)
	at java.nio.DirectByteBuffer.<init>(DirectByteBuffer.java:123)
	at java.nio.ByteBuffer.allocateDirect(ByteBuffer.java:311)
	at org.apache.ratis.server.raftlog.segmented.BufferedWriteChannel.<init>(BufferedWriteChannel.java:41)
	at org.apache.ratis.server.raftlog.segmented.SegmentedRaftLogOutputStream.<init>(SegmentedRaftLogOutputStream.java:72)
	at org.apache.ratis.server.raftlog.segmented.SegmentedRaftLogWorker$StartLogSegment.execute(SegmentedRaftLogWorker.java:566)
	at org.apache.ratis.server.raftlog.segmented.SegmentedRaftLogWorker.run(SegmentedRaftLogWorker.java:289)
	at java.lang.Thread.run(Thread.java:748)
2019-09-20 10:25:38,089 [ece458fc-6687-4915-9be7-f98d86977b7d-SegmentedRaftLogWorker:Storage Directory /workdir/hadoop-ozone/integration-test/target/test-dir/MiniOzoneClusterImpl-280c06ed-bcb5-4979-9226-67616719d9ed/datanode-6/data/ratis/7430b3f9-67ba-48a8-be44-12b45cd6ecf8] INFO  impl.RaftServerImpl (RaftServerImpl.java:lambda$shutdown$3(245)) - ece458fc-6687-4915-9be7-f98d86977b7d: shutdown group-12B45CD6ECF8
2019-09-20 10:25:38,088 [ece458fc-6687-4915-9be7-f98d86977b7d-SegmentedRaftLogWorker:Storage Directory /workdir/hadoop-ozone/integration-test/target/test-dir/MiniOzoneClusterImpl-280c06ed-bcb5-4979-9226-67616719d9ed/datanode-6/data/ratis/b6b70daa-c1b4-4ea1-9090-253ebba5e522] ERROR segmented.SegmentedRaftLogWorker (SegmentedRaftLogWorker.java:run(323)) - ece458fc-6687-4915-9be7-f98d86977b7d-SegmentedRaftLogWorker:Storage Directory /workdir/hadoop-ozone/integration-test/target/test-dir/MiniOzoneClusterImpl-280c06ed-bcb5-4979-9226-67616719d9ed/datanode-6/data/ratis/b6b70daa-c1b4-4ea1-9090-253ebba5e522 hit exception
java.lang.OutOfMemoryError: Direct buffer memory
	at java.nio.Bits.reserveMemory(Bits.java:666)
	at java.nio.DirectByteBuffer.<init>(DirectByteBuffer.java:123)
	at java.nio.ByteBuffer.allocateDirect(ByteBuffer.java:311)
	at org.apache.ratis.server.raftlog.segmented.BufferedWriteChannel.<init>(BufferedWriteChannel.java:41)
	at org.apache.ratis.server.raftlog.segmented.SegmentedRaftLogOutputStream.<init>(SegmentedRaftLogOutputStream.java:72)
	at org.apache.ratis.server.raftlog.segmented.SegmentedRaftLogWorker$StartLogSegment.execute(SegmentedRaftLogWorker.java:566)
	at org.apache.ratis.server.raftlog.segmented.SegmentedRaftLogWorker.run(SegmentedRaftLogWorker.java:289)
	at java.lang.Thread.run(Thread.java:748)
2019-09-20 10:25:38,121 [ece458fc-6687-4915-9be7-f98d86977b7d-SegmentedRaftLogWorker:Storage Directory /workdir/hadoop-ozone/integration-test/target/test-dir/MiniOzoneClusterImpl-280c06ed-bcb5-4979-9226-67616719d9ed/datanode-6/data/ratis/b6b70daa-c1b4-4ea1-9090-253ebba5e522] INFO  impl.RaftServerImpl (RaftServerImpl.java:lambda$shutdown$3(245)) - ece458fc-6687-4915-9be7-f98d86977b7d: shutdown group-253EBBA5E522
2019-09-20 10:25:37,694 [fac63c4b-287e-453e-9ac7-8c8c283fdab7:group-A60E90D6B906:LeaderElection162] INFO  impl.RaftServerImpl (ServerState.java:setRaftConf(361)) - fac63c4b-287e-453e-9ac7-8c8c283fdab7:group-A60E90D6B906 set configuration 0: [fac63c4b-287e-453e-9ac7-8c8c283fdab7:192.168.36.99:38258], old=null at 0
2019-09-20 10:25:37,694 [fac63c4b-287e-453e-9ac7-8c8c283fdab7:group-D756FC2324CD:LeaderElection171] INFO  impl.RaftServerImpl (ServerState.java:setLeader(263)) - fac63c4b-287e-453e-9ac7-8c8c283fdab7:group-D756FC2324CD change Leader from null to fac63c4b-287e-453e-9ac7-8c8c283fdab7 at term 1 for becomeLeader, leader elected after 18115ms
2019-09-20 10:25:37,693 [Thread-1755] INFO  impl.RoleInfo (RoleInfo.java:shutdownFollowerState(121)) - 075fa85b-703c-4900-807d-88f08b36438a: shutdown FollowerState
2019-09-20 10:25:37,693 [99153be1-ba81-4c7b-b6ab-4442760615cb:group-08C92995A0B5:LeaderElection167] INFO  segmented.SegmentedRaftLogWorker (SegmentedRaftLogWorker.java:startLogSegment(380)) - 99153be1-ba81-4c7b-b6ab-4442760615cb-SegmentedRaftLogWorker:Storage Directory /workdir/hadoop-ozone/integration-test/target/test-dir/MiniOzoneClusterImpl-280c06ed-bcb5-4979-9226-67616719d9ed/datanode-1/data/ratis/edfe5b5c-c529-44ab-b92f-08c92995a0b5: Starting segment from index:0
2019-09-20 10:25:37,693 [Thread-1716] INFO  impl.RoleInfo (RoleInfo.java:shutdownFollowerState(121)) - e29464ab-17d7-4a4e-ab54-c178fccc723c: shutdown FollowerState
2019-09-20 10:25:37,663 [ece458fc-6687-4915-9be7-f98d86977b7d:group-4F82A1B4FB91:LeaderElection170] INFO  impl.RoleInfo (RoleInfo.java:updateAndGet(143)) - ece458fc-6687-4915-9be7-f98d86977b7d: start LeaderState
2019-09-20 10:25:37,646 [fac63c4b-287e-453e-9ac7-8c8c283fdab7:group-92B61ACBDA5D:LeaderElection163] INFO  server.RaftServerConfigKeys (ConfUtils.java:logGet(43)) - raft.server.watch.timeout.denomination = 1s (default)
2019-09-20 10:25:37,646 [fac63c4b-287e-453e-9ac7-8c8c283fdab7:group-AF75374769B9:LeaderElection168] INFO  server.RaftServerConfigKeys (ConfUtils.java:logGet(43)) - raft.server.watch.timeout.denomination = 1s (default)
2019-09-20 10:25:37,646 [99153be1-ba81-4c7b-b6ab-4442760615cb:group-9EC3DCF23BFA:LeaderElection165] INFO  server.RaftServerConfigKeys (ConfUtils.java:logGet(43)) - raft.server.write.element-limit = 4096 (default)
2019-09-20 10:25:37,646 [e29464ab-17d7-4a4e-ab54-c178fccc723c:group-21276ECFD8C5:LeaderElection166] INFO  server.RaftServerConfigKeys (ConfUtils.java:logGet(43)) - raft.server.watch.timeout.denomination = 1s (default)
2019-09-20 10:25:37,646 [fac63c4b-287e-453e-9ac7-8c8c283fdab7:group-39F7007D2871:LeaderElection164] INFO  server.RaftServerConfigKeys (ConfUtils.java:logGet(43)) - raft.server.write.element-limit = 4096 (default)
2019-09-20 10:25:37,646 [7f6418e1-cc7a-441a-8f41-c73576b5a1c5-SegmentedRaftLogWorker:Storage Directory /workdir/hadoop-ozone/integration-test/target/test-dir/MiniOzoneClusterImpl-280c06ed-bcb5-4979-9226-67616719d9ed/datanode-5/data/ratis/45cbc64e-87d0-4c77-98c3-e5bfbb287e2c] INFO  segmented.SegmentedRaftLogWorker (SegmentedRaftLogWorker.java:close(228)) - 7f6418e1-cc7a-441a-8f41-c73576b5a1c5-SegmentedRaftLogWorker:Storage Directory /workdir/hadoop-ozone/integration-test/target/test-dir/MiniOzoneClusterImpl-280c06ed-bcb5-4979-9226-67616719d9ed/datanode-5/data/ratis/45cbc64e-87d0-4c77-98c3-e5bfbb287e2c close()
2019-09-20 10:25:37,645 [7f6418e1-cc7a-441a-8f41-c73576b5a1c5-SegmentedRaftLogWorker:Storage Directory /workdir/hadoop-ozone/integration-test/target/test-dir/MiniOzoneClusterImpl-280c06ed-bcb5-4979-9226-67616719d9ed/datanode-5/data/ratis/f01d5e1b-730a-40c4-be2f-011e1cc6f6b5] INFO  impl.RaftServerImpl (ServerState.java:close(394)) - 7f6418e1-cc7a-441a-8f41-c73576b5a1c5:group-011E1CC6F6B5 closes. The last applied log index is -1
2019-09-20 10:25:37,645 [075fa85b-703c-4900-807d-88f08b36438a-SegmentedRaftLogWorker:Storage Directory /workdir/hadoop-ozone/integration-test/target/test-dir/MiniOzoneClusterImpl-280c06ed-bcb5-4979-9226-67616719d9ed/datanode-4/data/ratis/89bc7c67-7411-4769-8c88-91196f455865] INFO  impl.StateMachineUpdater (StateMachineUpdater.java:stopAndJoin(115)) - StateMachineUpdater:075fa85b-703c-4900-807d-88f08b36438a:group-91196F455865: set stopIndex = -1
2019-09-20 10:25:38,491 [075fa85b-703c-4900-807d-88f08b36438a-SegmentedRaftLogWorker:Storage Directory /workdir/hadoop-ozone/integration-test/target/test-dir/MiniOzoneClusterImpl-280c06ed-bcb5-4979-9226-67616719d9ed/datanode-4/data/ratis/89bc7c67-7411-4769-8c88-91196f455865] INFO  impl.RaftServerImpl (ServerState.java:close(394)) - 075fa85b-703c-4900-807d-88f08b36438a:group-91196F455865 closes. The last applied log index is -1
2019-09-20 10:25:37,645 [075fa85b-703c-4900-807d-88f08b36438a-SegmentedRaftLogWorker:Storage Directory /workdir/hadoop-ozone/integration-test/target/test-dir/MiniOzoneClusterImpl-280c06ed-bcb5-4979-9226-67616719d9ed/datanode-4/data/ratis/b19d2aa1-f5ab-4278-ae4d-f3ea30d046c0] INFO  impl.RaftServerImpl (ServerState.java:close(394)) - 075fa85b-703c-4900-807d-88f08b36438a:group-F3EA30D046C0 closes. The last applied log index is -1
2019-09-20 10:25:37,645 [ece458fc-6687-4915-9be7-f98d86977b7d-SegmentedRaftLogWorker:Storage Directory /workdir/hadoop-ozone/integration-test/target/test-dir/MiniOzoneClusterImpl-280c06ed-bcb5-4979-9226-67616719d9ed/datanode-6/data/ratis/68bc71a6-a345-4545-ab66-ad8e4000a9b3] INFO  util.JmxRegister (JmxRegister.java:unregister(73)) - Successfully un-registered JMX Bean with object name Ratis:service=RaftServer,group=group-AD8E4000A9B3,id=ece458fc-6687-4915-9be7-f98d86977b7d
2019-09-20 10:25:38,491 [075fa85b-703c-4900-807d-88f08b36438a-SegmentedRaftLogWorker:Storage Directory /workdir/hadoop-ozone/integration-test/target/test-dir/MiniOzoneClusterImpl-280c06ed-bcb5-4979-9226-67616719d9ed/datanode-4/data/ratis/b19d2aa1-f5ab-4278-ae4d-f3ea30d046c0] INFO  segmented.SegmentedRaftLogWorker (SegmentedRaftLogWorker.java:close(228)) - 075fa85b-703c-4900-807d-88f08b36438a-SegmentedRaftLogWorker:Storage Directory /workdir/hadoop-ozone/integration-test/target/test-dir/MiniOzoneClusterImpl-280c06ed-bcb5-4979-9226-67616719d9ed/datanode-4/data/ratis/b19d2aa1-f5ab-4278-ae4d-f3ea30d046c0 close()
2019-09-20 10:25:38,491 [075fa85b-703c-4900-807d-88f08b36438a-SegmentedRaftLogWorker:Storage Directory /workdir/hadoop-ozone/integration-test/target/test-dir/MiniOzoneClusterImpl-280c06ed-bcb5-4979-9226-67616719d9ed/datanode-4/data/ratis/89bc7c67-7411-4769-8c88-91196f455865] INFO  segmented.SegmentedRaftLogWorker (SegmentedRaftLogWorker.java:close(228)) - 075fa85b-703c-4900-807d-88f08b36438a-SegmentedRaftLogWorker:Storage Directory /workdir/hadoop-ozone/integration-test/target/test-dir/MiniOzoneClusterImpl-280c06ed-bcb5-4979-9226-67616719d9ed/datanode-4/data/ratis/89bc7c67-7411-4769-8c88-91196f455865 close()
2019-09-20 10:25:38,491 [7f6418e1-cc7a-441a-8f41-c73576b5a1c5-SegmentedRaftLogWorker:Storage Directory /workdir/hadoop-ozone/integration-test/target/test-dir/MiniOzoneClusterImpl-280c06ed-bcb5-4979-9226-67616719d9ed/datanode-5/data/ratis/f01d5e1b-730a-40c4-be2f-011e1cc6f6b5] INFO  segmented.SegmentedRaftLogWorker (SegmentedRaftLogWorker.java:close(228)) - 7f6418e1-cc7a-441a-8f41-c73576b5a1c5-SegmentedRaftLogWorker:Storage Directory /workdir/hadoop-ozone/integration-test/target/test-dir/MiniOzoneClusterImpl-280c06ed-bcb5-4979-9226-67616719d9ed/datanode-5/data/ratis/f01d5e1b-730a-40c4-be2f-011e1cc6f6b5 close()
2019-09-20 10:25:38,475 [fac63c4b-287e-453e-9ac7-8c8c283fdab7:group-39F7007D2871:LeaderElection164] INFO  server.RaftServerConfigKeys (ConfUtils.java:logGet(43)) - raft.server.watch.timeout = 10s (default)
2019-09-20 10:25:38,475 [e29464ab-17d7-4a4e-ab54-c178fccc723c:group-21276ECFD8C5:LeaderElection166] INFO  server.RaftServerConfigKeys (ConfUtils.java:logGet(43)) - raft.server.watch.element-limit = 65536 (default)
2019-09-20 10:25:38,475 [99153be1-ba81-4c7b-b6ab-4442760615cb:group-9EC3DCF23BFA:LeaderElection165] INFO  server.RaftServerConfigKeys (ConfUtils.java:logGet(43)) - raft.server.watch.timeout = 10s (default)
2019-09-20 10:25:38,474 [fac63c4b-287e-453e-9ac7-8c8c283fdab7:group-AF75374769B9:LeaderElection168] INFO  server.RaftServerConfigKeys (ConfUtils.java:logGet(43)) - raft.server.watch.element-limit = 65536 (default)
2019-09-20 10:25:38,474 [fac63c4b-287e-453e-9ac7-8c8c283fdab7:group-92B61ACBDA5D:LeaderElection163] INFO  server.RaftServerConfigKeys (ConfUtils.java:logGet(43)) - raft.server.watch.element-limit = 65536 (default)
2019-09-20 10:25:38,474 [ece458fc-6687-4915-9be7-f98d86977b7d:group-4F82A1B4FB91:LeaderElection170] INFO  segmented.SegmentedRaftLogWorker (SegmentedRaftLogWorker.java:startLogSegment(380)) - ece458fc-6687-4915-9be7-f98d86977b7d-SegmentedRaftLogWorker:Storage Directory /workdir/hadoop-ozone/integration-test/target/test-dir/MiniOzoneClusterImpl-280c06ed-bcb5-4979-9226-67616719d9ed/datanode-6/data/ratis/89a0177b-8465-4cd9-9a3d-4f82a1b4fb91: Starting segment from index:0
2019-09-20 10:25:38,473 [7f6418e1-cc7a-441a-8f41-c73576b5a1c5-SegmentedRaftLogWorker:Storage Directory /workdir/hadoop-ozone/integration-test/target/test-dir/MiniOzoneClusterImpl-280c06ed-bcb5-4979-9226-67616719d9ed/datanode-5/data/ratis/dc64b9dd-2896-4082-b892-0f27db31d2d6] ERROR segmented.SegmentedRaftLogWorker (SegmentedRaftLogWorker.java:run(323)) - 7f6418e1-cc7a-441a-8f41-c73576b5a1c5-SegmentedRaftLogWorker:Storage Directory /workdir/hadoop-ozone/integration-test/target/test-dir/MiniOzoneClusterImpl-280c06ed-bcb5-4979-9226-67616719d9ed/datanode-5/data/ratis/dc64b9dd-2896-4082-b892-0f27db31d2d6 hit exception
java.lang.OutOfMemoryError: Direct buffer memory
	at java.nio.Bits.reserveMemory(Bits.java:666)
	at java.nio.DirectByteBuffer.<init>(DirectByteBuffer.java:123)
	at java.nio.ByteBuffer.allocateDirect(ByteBuffer.java:311)
	at org.apache.ratis.server.raftlog.segmented.BufferedWriteChannel.<init>(BufferedWriteChannel.java:41)
	at org.apache.ratis.server.raftlog.segmented.SegmentedRaftLogOutputStream.<init>(SegmentedRaftLogOutputStream.java:72)
	at org.apache.ratis.server.raftlog.segmented.SegmentedRaftLogWorker$StartLogSegment.execute(SegmentedRaftLogWorker.java:566)
	at org.apache.ratis.server.raftlog.segmented.SegmentedRaftLogWorker.run(SegmentedRaftLogWorker.java:289)
	at java.lang.Thread.run(Thread.java:748)
2019-09-20 10:25:38,473 [7f6418e1-cc7a-441a-8f41-c73576b5a1c5-SegmentedRaftLogWorker:Storage Directory /workdir/hadoop-ozone/integration-test/target/test-dir/MiniOzoneClusterImpl-280c06ed-bcb5-4979-9226-67616719d9ed/datanode-5/data/ratis/b686b836-dc5f-4c38-94bb-1a1fc4652671] ERROR segmented.SegmentedRaftLogWorker (SegmentedRaftLogWorker.java:run(323)) - 7f6418e1-cc7a-441a-8f41-c73576b5a1c5-SegmentedRaftLogWorker:Storage Directory /workdir/hadoop-ozone/integration-test/target/test-dir/MiniOzoneClusterImpl-280c06ed-bcb5-4979-9226-67616719d9ed/datanode-5/data/ratis/b686b836-dc5f-4c38-94bb-1a1fc4652671 hit exception
java.lang.OutOfMemoryError: Direct buffer memory
	at java.nio.Bits.reserveMemory(Bits.java:666)
	at java.nio.DirectByteBuffer.<init>(DirectByteBuffer.java:123)
	at java.nio.ByteBuffer.allocateDirect(ByteBuffer.java:311)
	at org.apache.ratis.server.raftlog.segmented.BufferedWriteChannel.<init>(BufferedWriteChannel.java:41)
	at org.apache.ratis.server.raftlog.segmented.SegmentedRaftLogOutputStream.<init>(SegmentedRaftLogOutputStream.java:72)
	at org.apache.ratis.server.raftlog.segmented.SegmentedRaftLogWorker$StartLogSegment.execute(SegmentedRaftLogWorker.java:566)
	at org.apache.ratis.server.raftlog.segmented.SegmentedRaftLogWorker.run(SegmentedRaftLogWorker.java:289)
	at java.lang.Thread.run(Thread.java:748)
2019-09-20 10:25:38,894 | INFO  | SCMAudit | user=jenkins1000 | ip=192.168.36.99 | op=SEND_HEARTBEAT {datanodeUUID=17e2ba94-38a1-40e7-84e0-f6802901db84, command=[]} | ret=SUCCESS |  
2019-09-20 10:25:38,894 | INFO  | SCMAudit | user=jenkins1000 | ip=192.168.36.99 | op=SEND_HEARTBEAT {datanodeUUID=66416d0b-a71c-4af1-ae3a-62ca63b880a3, command=[]} | ret=SUCCESS |  
2019-09-20 10:25:38,894 | INFO  | SCMAudit | user=jenkins1000 | ip=192.168.36.99 | op=SEND_HEARTBEAT {datanodeUUID=7af711bd-b5ae-4a73-a8be-b970cae6c2d1, command=[]} | ret=SUCCESS |  
2019-09-20 10:25:38,894 | INFO  | SCMAudit | user=jenkins1000 | ip=192.168.36.99 | op=SEND_HEARTBEAT {datanodeUUID=9e03ffa9-cf79-407a-a150-4c035e5aec5e, command=[]} | ret=SUCCESS |  
2019-09-20 10:25:38,894 | INFO  | SCMAudit | user=jenkins1000 | ip=192.168.36.99 | op=SEND_HEARTBEAT {datanodeUUID=b5962e8e-c9f1-48aa-8eb4-d8f74b8afdbe, command=[]} | ret=SUCCESS |  
2019-09-20 10:25:38,894 | INFO  | SCMAudit | user=jenkins1000 | ip=192.168.36.99 | op=SEND_HEARTBEAT {datanodeUUID=61649f92-8c0f-475a-818d-1064548aeef6, command=[]} | ret=SUCCESS |  
2019-09-20 10:25:38,894 | INFO  | SCMAudit | user=jenkins1000 | ip=192.168.36.99 | op=SEND_HEARTBEAT {datanodeUUID=468be06f-55e9-4831-ba6b-3db017451a79, command=[]} | ret=SUCCESS |  
2019-09-20 10:25:38,894 | INFO  | SCMAudit | user=jenkins1000 | ip=192.168.36.99 | op=SEND_HEARTBEAT {datanodeUUID=bb8f5112-316d-4974-a5a6-f698f3fbb5be, command=[]} | ret=SUCCESS |  
2019-09-20 10:25:38,894 | INFO  | SCMAudit | user=jenkins1000 | ip=192.168.36.99 | op=SEND_HEARTBEAT {datanodeUUID=3d6f3241-e73c-473a-ad0b-c7be2f7e1dda, command=[]} | ret=SUCCESS |  
2019-09-20 10:25:38,894 | INFO  | SCMAudit | user=jenkins1000 | ip=192.168.36.99 | op=SEND_HEARTBEAT {datanodeUUID=54207fe5-d92c-4c2e-b058-fbae630dabef, command=[]} | ret=SUCCESS |  
2019-09-20 10:25:38,894 | INFO  | SCMAudit | user=jenkins1000 | ip=192.168.36.99 | op=SEND_HEARTBEAT {datanodeUUID=1bfb6844-04ed-4104-839b-60e510b6bb68, command=[]} | ret=SUCCESS |  
2019-09-20 10:25:38,894 | INFO  | SCMAudit | user=jenkins1000 | ip=192.168.36.99 | op=SEND_HEARTBEAT {datanodeUUID=075fa85b-703c-4900-807d-88f08b36438a, command=[]} | ret=SUCCESS |  
2019-09-20 10:25:38,894 | INFO  | SCMAudit | user=jenkins1000 | ip=192.168.36.99 | op=SEND_HEARTBEAT {datanodeUUID=6491c372-a595-4104-b3e9-c4f3293baafa, command=[]} | ret=SUCCESS |  
2019-09-20 10:25:38,894 | INFO  | SCMAudit | user=jenkins1000 | ip=192.168.36.99 | op=SEND_HEARTBEAT {datanodeUUID=136f1953-bb94-4097-a2d4-422a6782bee0, command=[]} | ret=SUCCESS |  
2019-09-20 10:25:38,894 | INFO  | SCMAudit | user=jenkins1000 | ip=192.168.36.99 | op=SEND_HEARTBEAT {datanodeUUID=4d972e91-cb6b-45de-8bd2-c18af7abe58b, command=[]} | ret=SUCCESS |  
2019-09-20 10:25:38,894 | INFO  | SCMAudit | user=jenkins1000 | ip=192.168.36.99 | op=SEND_HEARTBEAT {datanodeUUID=c3e532f8-1a8e-44f3-b56b-d765aee893af, command=[]} | ret=SUCCESS |  
2019-09-20 10:25:38,894 | INFO  | SCMAudit | user=jenkins1000 | ip=192.168.36.99 | op=SEND_HEARTBEAT {datanodeUUID=99e70dd4-d763-4473-944c-c5628506dcf8, command=[]} | ret=SUCCESS |  
2019-09-20 10:25:38,894 | INFO  | SCMAudit | user=jenkins1000 | ip=192.168.36.99 | op=SEND_HEARTBEAT {datanodeUUID=7f6418e1-cc7a-441a-8f41-c73576b5a1c5, command=[]} | ret=SUCCESS |  
2019-09-20 10:25:38,894 | INFO  | SCMAudit | user=jenkins1000 | ip=192.168.36.99 | op=SEND_HEARTBEAT {datanodeUUID=1ab786b9-c79c-4265-88a1-5b3344c6beda, command=[]} | ret=SUCCESS |  
2019-09-20 10:25:38,894 | INFO  | SCMAudit | user=jenkins1000 | ip=192.168.36.99 | op=SEND_HEARTBEAT {datanodeUUID=cff8bf6b-8d20-4327-9f29-08a3c2b49247, command=[]} | ret=SUCCESS |  
2019-09-20 10:25:38,894 | INFO  | SCMAudit | user=jenkins1000 | ip=192.168.36.99 | op=SEND_HEARTBEAT {datanodeUUID=e8013689-2f13-4aaf-8a03-99f419c430ec, command=[]} | ret=SUCCESS |  
2019-09-20 10:25:38,894 | INFO  | SCMAudit | user=jenkins1000 | ip=192.168.36.99 | op=SEND_HEARTBEAT {datanodeUUID=d2ed2d9b-7ac7-460e-84f6-6d9d6066f76d, command=[]} | ret=SUCCESS |  
2019-09-20 10:25:38,894 | INFO  | SCMAudit | user=jenkins1000 | ip=192.168.36.99 | op=SEND_HEARTBEAT {datanodeUUID=99153be1-ba81-4c7b-b6ab-4442760615cb, command=[]} | ret=SUCCESS |  
2019-09-20 10:25:38,473 [ece458fc-6687-4915-9be7-f98d86977b7d-SegmentedRaftLogWorker:Storage Directory /workdir/hadoop-ozone/integration-test/target/test-dir/MiniOzoneClusterImpl-280c06ed-bcb5-4979-9226-67616719d9ed/datanode-6/data/ratis/460759a0-ea14-496d-ac0f-ce7da6203be1] ERROR segmented.SegmentedRaftLogWorker (SegmentedRaftLogWorker.java:run(323)) - ece458fc-6687-4915-9be7-f98d86977b7d-SegmentedRaftLogWorker:Storage Directory /workdir/hadoop-ozone/integration-test/target/test-dir/MiniOzoneClusterImpl-280c06ed-bcb5-4979-9226-67616719d9ed/datanode-6/data/ratis/460759a0-ea14-496d-ac0f-ce7da6203be1 hit exception
java.lang.OutOfMemoryError: Direct buffer memory
	at java.nio.Bits.reserveMemory(Bits.java:666)
	at java.nio.DirectByteBuffer.<init>(DirectByteBuffer.java:123)
	at java.nio.ByteBuffer.allocateDirect(ByteBuffer.java:311)
	at org.apache.ratis.server.raftlog.segmented.BufferedWriteChannel.<init>(BufferedWriteChannel.java:41)
	at org.apache.ratis.server.raftlog.segmented.SegmentedRaftLogOutputStream.<init>(SegmentedRaftLogOutputStream.java:72)
	at org.apache.ratis.server.raftlog.segmented.SegmentedRaftLogWorker$StartLogSegment.execute(SegmentedRaftLogWorker.java:566)
	at org.apache.ratis.server.raftlog.segmented.SegmentedRaftLogWorker.run(SegmentedRaftLogWorker.java:289)
	at java.lang.Thread.run(Thread.java:748)
2019-09-20 10:25:38,894 | INFO  | SCMAudit | user=jenkins1000 | ip=192.168.36.99 | op=SEND_HEARTBEAT {datanodeUUID=fac63c4b-287e-453e-9ac7-8c8c283fdab7, command=[]} | ret=SUCCESS |  
2019-09-20 10:25:38,894 | INFO  | SCMAudit | user=jenkins1000 | ip=192.168.36.99 | op=SEND_HEARTBEAT {datanodeUUID=e29464ab-17d7-4a4e-ab54-c178fccc723c, command=[]} | ret=SUCCESS |  
2019-09-20 10:25:38,894 | INFO  | SCMAudit | user=jenkins1000 | ip=192.168.36.99 | op=SEND_HEARTBEAT {datanodeUUID=ece458fc-6687-4915-9be7-f98d86977b7d, command=[]} | ret=SUCCESS |  
2019-09-20 10:25:38,894 | INFO  | SCMAudit | user=jenkins1000 | ip=192.168.36.99 | op=SEND_HEARTBEAT {datanodeUUID=19fb8383-7c99-4449-b95c-a26e71717844, command=[]} | ret=SUCCESS |  
2019-09-20 10:25:38,894 | INFO  | SCMAudit | user=jenkins1000 | ip=192.168.36.99 | op=SEND_HEARTBEAT {datanodeUUID=60260ec1-e192-4b95-89c8-d924d16a77a9, command=[]} | ret=SUCCESS |  
2019-09-20 10:25:38,122 [99153be1-ba81-4c7b-b6ab-4442760615cb:group-08C92995A0B5:LeaderElection167] INFO  impl.RaftServerImpl (ServerState.java:setRaftConf(361)) - 99153be1-ba81-4c7b-b6ab-4442760615cb:group-08C92995A0B5 set configuration 0: [99153be1-ba81-4c7b-b6ab-4442760615cb:192.168.36.99:42693], old=null at 0
2019-09-20 10:25:38,122 [Thread-1716] INFO  impl.RaftServerImpl (RaftServerImpl.java:setRole(171)) - e29464ab-17d7-4a4e-ab54-c178fccc723c:group-9DD029744A42 changes role from FOLLOWER to CANDIDATE at term 0 for changeToCandidate
2019-09-20 10:25:38,122 [Thread-1755] INFO  impl.RaftServerImpl (RaftServerImpl.java:setRole(171)) - 075fa85b-703c-4900-807d-88f08b36438a:group-961C3D32D481 changes role from FOLLOWER to CANDIDATE at term 0 for changeToCandidate
2019-09-20 10:25:38,121 [fac63c4b-287e-453e-9ac7-8c8c283fdab7:group-D756FC2324CD:LeaderElection171] INFO  server.RaftServerConfigKeys (ConfUtils.java:logGet(43)) - raft.server.staging.catchup.gap = 1000 (default)
2019-09-20 10:25:38,121 [ece458fc-6687-4915-9be7-f98d86977b7d-SegmentedRaftLogWorker:Storage Directory /workdir/hadoop-ozone/integration-test/target/test-dir/MiniOzoneClusterImpl-280c06ed-bcb5-4979-9226-67616719d9ed/datanode-6/data/ratis/b6b70daa-c1b4-4ea1-9090-253ebba5e522] INFO  util.JmxRegister (JmxRegister.java:unregister(73)) - Successfully un-registered JMX Bean with object name Ratis:service=RaftServer,group=group-253EBBA5E522,id=ece458fc-6687-4915-9be7-f98d86977b7d
2019-09-20 10:25:38,121 [ece458fc-6687-4915-9be7-f98d86977b7d-SegmentedRaftLogWorker:Storage Directory /workdir/hadoop-ozone/integration-test/target/test-dir/MiniOzoneClusterImpl-280c06ed-bcb5-4979-9226-67616719d9ed/datanode-6/data/ratis/7430b3f9-67ba-48a8-be44-12b45cd6ecf8] INFO  util.JmxRegister (JmxRegister.java:unregister(73)) - Successfully un-registered JMX Bean with object name Ratis:service=RaftServer,group=group-12B45CD6ECF8,id=ece458fc-6687-4915-9be7-f98d86977b7d
2019-09-20 10:25:38,089 [e29464ab-17d7-4a4e-ab54-c178fccc723c:group-E026FD1C3C19:LeaderElection169] INFO  impl.RaftServerImpl (ServerState.java:setRaftConf(361)) - e29464ab-17d7-4a4e-ab54-c178fccc723c:group-E026FD1C3C19 set configuration 0: [e29464ab-17d7-4a4e-ab54-c178fccc723c:192.168.36.99:36623], old=null at 0
2019-09-20 10:25:38,089 [075fa85b-703c-4900-807d-88f08b36438a-SegmentedRaftLogWorker:Storage Directory /workdir/hadoop-ozone/integration-test/target/test-dir/MiniOzoneClusterImpl-280c06ed-bcb5-4979-9226-67616719d9ed/datanode-4/data/ratis/f1e051e5-bd96-4311-9bb0-d8127be90fd8] INFO  segmented.SegmentedRaftLogWorker (SegmentedRaftLogWorker.java:close(228)) - 075fa85b-703c-4900-807d-88f08b36438a-SegmentedRaftLogWorker:Storage Directory /workdir/hadoop-ozone/integration-test/target/test-dir/MiniOzoneClusterImpl-280c06ed-bcb5-4979-9226-67616719d9ed/datanode-4/data/ratis/f1e051e5-bd96-4311-9bb0-d8127be90fd8 close()
2019-09-20 10:25:38,895 [ece458fc-6687-4915-9be7-f98d86977b7d-SegmentedRaftLogWorker:Storage Directory /workdir/hadoop-ozone/integration-test/target/test-dir/MiniOzoneClusterImpl-280c06ed-bcb5-4979-9226-67616719d9ed/datanode-6/data/ratis/7430b3f9-67ba-48a8-be44-12b45cd6ecf8] INFO  impl.RoleInfo (RoleInfo.java:shutdownLeaderState(104)) - ece458fc-6687-4915-9be7-f98d86977b7d: shutdown LeaderState
2019-09-20 10:25:38,895 [ece458fc-6687-4915-9be7-f98d86977b7d-SegmentedRaftLogWorker:Storage Directory /workdir/hadoop-ozone/integration-test/target/test-dir/MiniOzoneClusterImpl-280c06ed-bcb5-4979-9226-67616719d9ed/datanode-6/data/ratis/b6b70daa-c1b4-4ea1-9090-253ebba5e522] INFO  impl.RoleInfo (RoleInfo.java:shutdownLeaderState(104)) - ece458fc-6687-4915-9be7-f98d86977b7d: shutdown LeaderState
2019-09-20 10:25:38,895 [fac63c4b-287e-453e-9ac7-8c8c283fdab7:group-D756FC2324CD:LeaderElection171] INFO  server.RaftServerConfigKeys (ConfUtils.java:logGet(43)) - raft.server.rpc.sleep.time = 25ms (default)
2019-09-20 10:25:38,895 [Thread-1755] INFO  impl.RoleInfo (RoleInfo.java:updateAndGet(143)) - 075fa85b-703c-4900-807d-88f08b36438a: start LeaderElection
2019-09-20 10:25:38,895 [Thread-1716] INFO  impl.RoleInfo (RoleInfo.java:updateAndGet(143)) - e29464ab-17d7-4a4e-ab54-c178fccc723c: start LeaderElection
2019-09-20 10:25:38,895 [ece458fc-6687-4915-9be7-f98d86977b7d-SegmentedRaftLogWorker:Storage Directory /workdir/hadoop-ozone/integration-test/target/test-dir/MiniOzoneClusterImpl-280c06ed-bcb5-4979-9226-67616719d9ed/datanode-6/data/ratis/460759a0-ea14-496d-ac0f-ce7da6203be1] INFO  impl.RaftServerImpl (RaftServerImpl.java:lambda$shutdown$3(245)) - ece458fc-6687-4915-9be7-f98d86977b7d: shutdown group-CE7DA6203BE1
2019-09-20 10:25:38,557 [7f6418e1-cc7a-441a-8f41-c73576b5a1c5-SegmentedRaftLogWorker:Storage Directory /workdir/hadoop-ozone/integration-test/target/test-dir/MiniOzoneClusterImpl-280c06ed-bcb5-4979-9226-67616719d9ed/datanode-5/data/ratis/b686b836-dc5f-4c38-94bb-1a1fc4652671] INFO  impl.RaftServerImpl (RaftServerImpl.java:lambda$shutdown$3(245)) - 7f6418e1-cc7a-441a-8f41-c73576b5a1c5: shutdown group-1A1FC4652671
2019-09-20 10:25:38,556 [ece458fc-6687-4915-9be7-f98d86977b7d:group-4F82A1B4FB91:LeaderElection170] INFO  impl.RaftServerImpl (ServerState.java:setRaftConf(361)) - ece458fc-6687-4915-9be7-f98d86977b7d:group-4F82A1B4FB91 set configuration 0: [ece458fc-6687-4915-9be7-f98d86977b7d:192.168.36.99:40344], old=null at 0
2019-09-20 10:25:38,556 [7f6418e1-cc7a-441a-8f41-c73576b5a1c5-SegmentedRaftLogWorker:Storage Directory /workdir/hadoop-ozone/integration-test/target/test-dir/MiniOzoneClusterImpl-280c06ed-bcb5-4979-9226-67616719d9ed/datanode-5/data/ratis/dc64b9dd-2896-4082-b892-0f27db31d2d6] INFO  impl.RaftServerImpl (RaftServerImpl.java:lambda$shutdown$3(245)) - 7f6418e1-cc7a-441a-8f41-c73576b5a1c5: shutdown group-0F27DB31D2D6
2019-09-20 10:25:38,556 [fac63c4b-287e-453e-9ac7-8c8c283fdab7:group-92B61ACBDA5D:LeaderElection163] INFO  impl.RoleInfo (RoleInfo.java:updateAndGet(143)) - fac63c4b-287e-453e-9ac7-8c8c283fdab7: start LeaderState
2019-09-20 10:25:38,556 [fac63c4b-287e-453e-9ac7-8c8c283fdab7:group-AF75374769B9:LeaderElection168] INFO  impl.RoleInfo (RoleInfo.java:updateAndGet(143)) - fac63c4b-287e-453e-9ac7-8c8c283fdab7: start LeaderState
2019-09-20 10:25:38,556 [main] INFO  impl.RaftServerProxy (ConfUtils.java:logGet(43)) - raft.rpc.type = GRPC (default)
2019-09-20 10:25:38,556 [99153be1-ba81-4c7b-b6ab-4442760615cb:group-9EC3DCF23BFA:LeaderElection165] INFO  server.RaftServerConfigKeys (ConfUtils.java:logGet(43)) - raft.server.watch.timeout.denomination = 1s (default)
2019-09-20 10:25:38,556 [e29464ab-17d7-4a4e-ab54-c178fccc723c:group-21276ECFD8C5:LeaderElection166] INFO  impl.RoleInfo (RoleInfo.java:updateAndGet(143)) - e29464ab-17d7-4a4e-ab54-c178fccc723c: start LeaderState
2019-09-20 10:25:38,547 [fac63c4b-287e-453e-9ac7-8c8c283fdab7:group-39F7007D2871:LeaderElection164] INFO  server.RaftServerConfigKeys (ConfUtils.java:logGet(43)) - raft.server.watch.timeout.denomination = 1s (default)
2019-09-20 10:25:38,491 [ece458fc-6687-4915-9be7-f98d86977b7d-SegmentedRaftLogWorker:Storage Directory /workdir/hadoop-ozone/integration-test/target/test-dir/MiniOzoneClusterImpl-280c06ed-bcb5-4979-9226-67616719d9ed/datanode-6/data/ratis/68bc71a6-a345-4545-ab66-ad8e4000a9b3] INFO  impl.RoleInfo (RoleInfo.java:shutdownLeaderState(104)) - ece458fc-6687-4915-9be7-f98d86977b7d: shutdown LeaderState
2019-09-20 10:25:38,898 [fac63c4b-287e-453e-9ac7-8c8c283fdab7:group-39F7007D2871:LeaderElection164] INFO  server.RaftServerConfigKeys (ConfUtils.java:logGet(43)) - raft.server.watch.element-limit = 65536 (default)
2019-09-20 10:25:38,898 [e29464ab-17d7-4a4e-ab54-c178fccc723c:group-21276ECFD8C5:LeaderElection166] INFO  segmented.SegmentedRaftLogWorker (SegmentedRaftLogWorker.java:startLogSegment(380)) - e29464ab-17d7-4a4e-ab54-c178fccc723c-SegmentedRaftLogWorker:Storage Directory /workdir/hadoop-ozone/integration-test/target/test-dir/MiniOzoneClusterImpl-280c06ed-bcb5-4979-9226-67616719d9ed/datanode-2/data/ratis/577052bf-06ec-4cd8-932a-21276ecfd8c5: Starting segment from index:0
2019-09-20 10:25:38,898 [99153be1-ba81-4c7b-b6ab-4442760615cb:group-9EC3DCF23BFA:LeaderElection165] INFO  server.RaftServerConfigKeys (ConfUtils.java:logGet(43)) - raft.server.watch.element-limit = 65536 (default)
2019-09-20 10:25:38,898 [main] INFO  grpc.GrpcFactory (GrpcFactory.java:checkPooledByteBufAllocatorUseCacheForAllThreads(45)) - PERFORMANCE WARNING: useCacheForAllThreads is true that may cause Netty to create a lot garbage objects and, as a result, trigger GC.
	It is recommended to disable useCacheForAllThreads by setting -Dorg.apache.ratis.thirdparty.io.netty.allocator.useCacheForAllThreads=false in command line.
2019-09-20 10:25:38,897 [fac63c4b-287e-453e-9ac7-8c8c283fdab7:group-AF75374769B9:LeaderElection168] INFO  segmented.SegmentedRaftLogWorker (SegmentedRaftLogWorker.java:startLogSegment(380)) - fac63c4b-287e-453e-9ac7-8c8c283fdab7-SegmentedRaftLogWorker:Storage Directory /workdir/hadoop-ozone/integration-test/target/test-dir/MiniOzoneClusterImpl-280c06ed-bcb5-4979-9226-67616719d9ed/datanode-0/data/ratis/d435cf88-1db5-4cd5-9c6a-af75374769b9: Starting segment from index:0
2019-09-20 10:25:38,897 [fac63c4b-287e-453e-9ac7-8c8c283fdab7:group-92B61ACBDA5D:LeaderElection163] INFO  segmented.SegmentedRaftLogWorker (SegmentedRaftLogWorker.java:startLogSegment(380)) - fac63c4b-287e-453e-9ac7-8c8c283fdab7-SegmentedRaftLogWorker:Storage Directory /workdir/hadoop-ozone/integration-test/target/test-dir/MiniOzoneClusterImpl-280c06ed-bcb5-4979-9226-67616719d9ed/datanode-0/data/ratis/bbe12489-1cc2-49b2-ade0-92b61acbda5d: Starting segment from index:0
2019-09-20 10:25:38,897 [7f6418e1-cc7a-441a-8f41-c73576b5a1c5-SegmentedRaftLogWorker:Storage Directory /workdir/hadoop-ozone/integration-test/target/test-dir/MiniOzoneClusterImpl-280c06ed-bcb5-4979-9226-67616719d9ed/datanode-5/data/ratis/dc64b9dd-2896-4082-b892-0f27db31d2d6] INFO  util.JmxRegister (JmxRegister.java:unregister(73)) - Successfully un-registered JMX Bean with object name Ratis:service=RaftServer,group=group-0F27DB31D2D6,id=7f6418e1-cc7a-441a-8f41-c73576b5a1c5
2019-09-20 10:25:39,235 [7f6418e1-cc7a-441a-8f41-c73576b5a1c5-SegmentedRaftLogWorker:Storage Directory /workdir/hadoop-ozone/integration-test/target/test-dir/MiniOzoneClusterImpl-280c06ed-bcb5-4979-9226-67616719d9ed/datanode-5/data/ratis/dc64b9dd-2896-4082-b892-0f27db31d2d6] INFO  impl.RoleInfo (RoleInfo.java:shutdownLeaderState(104)) - 7f6418e1-cc7a-441a-8f41-c73576b5a1c5: shutdown LeaderState
2019-09-20 10:25:38,897 [7f6418e1-cc7a-441a-8f41-c73576b5a1c5-SegmentedRaftLogWorker:Storage Directory /workdir/hadoop-ozone/integration-test/target/test-dir/MiniOzoneClusterImpl-280c06ed-bcb5-4979-9226-67616719d9ed/datanode-5/data/ratis/b686b836-dc5f-4c38-94bb-1a1fc4652671] INFO  util.JmxRegister (JmxRegister.java:unregister(73)) - Successfully un-registered JMX Bean with object name Ratis:service=RaftServer,group=group-1A1FC4652671,id=7f6418e1-cc7a-441a-8f41-c73576b5a1c5
2019-09-20 10:25:38,897 [ece458fc-6687-4915-9be7-f98d86977b7d-SegmentedRaftLogWorker:Storage Directory /workdir/hadoop-ozone/integration-test/target/test-dir/MiniOzoneClusterImpl-280c06ed-bcb5-4979-9226-67616719d9ed/datanode-6/data/ratis/460759a0-ea14-496d-ac0f-ce7da6203be1] INFO  util.JmxRegister (JmxRegister.java:unregister(73)) - Successfully un-registered JMX Bean with object name Ratis:service=RaftServer,group=group-CE7DA6203BE1,id=ece458fc-6687-4915-9be7-f98d86977b7d
2019-09-20 10:25:38,896 [fac63c4b-287e-453e-9ac7-8c8c283fdab7:group-D756FC2324CD:LeaderElection171] INFO  server.RaftServerConfigKeys (ConfUtils.java:logGet(43)) - raft.server.write.element-limit = 4096 (default)
2019-09-20 10:25:38,896 [ece458fc-6687-4915-9be7-f98d86977b7d-SegmentedRaftLogWorker:Storage Directory /workdir/hadoop-ozone/integration-test/target/test-dir/MiniOzoneClusterImpl-280c06ed-bcb5-4979-9226-67616719d9ed/datanode-6/data/ratis/b6b70daa-c1b4-4ea1-9090-253ebba5e522] INFO  impl.PendingRequests (PendingRequests.java:sendNotLeaderResponses(202)) - ece458fc-6687-4915-9be7-f98d86977b7d-PendingRequests: sendNotLeaderResponses
2019-09-20 10:25:38,896 [ece458fc-6687-4915-9be7-f98d86977b7d-SegmentedRaftLogWorker:Storage Directory /workdir/hadoop-ozone/integration-test/target/test-dir/MiniOzoneClusterImpl-280c06ed-bcb5-4979-9226-67616719d9ed/datanode-6/data/ratis/7430b3f9-67ba-48a8-be44-12b45cd6ecf8] INFO  impl.PendingRequests (PendingRequests.java:sendNotLeaderResponses(202)) - ece458fc-6687-4915-9be7-f98d86977b7d-PendingRequests: sendNotLeaderResponses
2019-09-20 10:25:39,626 [ece458fc-6687-4915-9be7-f98d86977b7d-SegmentedRaftLogWorker:Storage Directory /workdir/hadoop-ozone/integration-test/target/test-dir/MiniOzoneClusterImpl-280c06ed-bcb5-4979-9226-67616719d9ed/datanode-6/data/ratis/b6b70daa-c1b4-4ea1-9090-253ebba5e522] INFO  impl.StateMachineUpdater (StateMachineUpdater.java:stopAndJoin(115)) - StateMachineUpdater:ece458fc-6687-4915-9be7-f98d86977b7d:group-253EBBA5E522: set stopIndex = -1
2019-09-20 10:25:39,625 [fac63c4b-287e-453e-9ac7-8c8c283fdab7:group-D756FC2324CD:LeaderElection171] INFO  server.RaftServerConfigKeys (ConfUtils.java:logGet(43)) - raft.server.watch.timeout = 10s (default)
2019-09-20 10:25:39,625 [fac63c4b-287e-453e-9ac7-8c8c283fdab7:group-92B61ACBDA5D:LeaderElection163] INFO  impl.RaftServerImpl (ServerState.java:setRaftConf(361)) - fac63c4b-287e-453e-9ac7-8c8c283fdab7:group-92B61ACBDA5D set configuration 0: [fac63c4b-287e-453e-9ac7-8c8c283fdab7:192.168.36.99:38258], old=null at 0
2019-09-20 10:25:39,624 [fac63c4b-287e-453e-9ac7-8c8c283fdab7-SegmentedRaftLogWorker:Storage Directory /workdir/hadoop-ozone/integration-test/target/test-dir/MiniOzoneClusterImpl-280c06ed-bcb5-4979-9226-67616719d9ed/datanode-0/data/ratis/ba5ac46e-e91a-4737-8e5f-a60e90d6b906] ERROR segmented.SegmentedRaftLogWorker (SegmentedRaftLogWorker.java:run(323)) - fac63c4b-287e-453e-9ac7-8c8c283fdab7-SegmentedRaftLogWorker:Storage Directory /workdir/hadoop-ozone/integration-test/target/test-dir/MiniOzoneClusterImpl-280c06ed-bcb5-4979-9226-67616719d9ed/datanode-0/data/ratis/ba5ac46e-e91a-4737-8e5f-a60e90d6b906 hit exception
java.lang.OutOfMemoryError: Direct buffer memory
	at java.nio.Bits.reserveMemory(Bits.java:666)
	at java.nio.DirectByteBuffer.<init>(DirectByteBuffer.java:123)
	at java.nio.ByteBuffer.allocateDirect(ByteBuffer.java:311)
	at org.apache.ratis.server.raftlog.segmented.BufferedWriteChannel.<init>(BufferedWriteChannel.java:41)
	at org.apache.ratis.server.raftlog.segmented.SegmentedRaftLogOutputStream.<init>(SegmentedRaftLogOutputStream.java:72)
	at org.apache.ratis.server.raftlog.segmented.SegmentedRaftLogWorker$StartLogSegment.execute(SegmentedRaftLogWorker.java:566)
	at org.apache.ratis.server.raftlog.segmented.SegmentedRaftLogWorker.run(SegmentedRaftLogWorker.java:289)
	at java.lang.Thread.run(Thread.java:748)
2019-09-20 10:25:39,627 [fac63c4b-287e-453e-9ac7-8c8c283fdab7-SegmentedRaftLogWorker:Storage Directory /workdir/hadoop-ozone/integration-test/target/test-dir/MiniOzoneClusterImpl-280c06ed-bcb5-4979-9226-67616719d9ed/datanode-0/data/ratis/ba5ac46e-e91a-4737-8e5f-a60e90d6b906] INFO  impl.RaftServerImpl (RaftServerImpl.java:lambda$shutdown$3(245)) - fac63c4b-287e-453e-9ac7-8c8c283fdab7: shutdown group-A60E90D6B906
2019-09-20 10:25:39,236 [fac63c4b-287e-453e-9ac7-8c8c283fdab7:group-AF75374769B9:LeaderElection168] INFO  impl.RaftServerImpl (ServerState.java:setRaftConf(361)) - fac63c4b-287e-453e-9ac7-8c8c283fdab7:group-AF75374769B9 set configuration 0: [fac63c4b-287e-453e-9ac7-8c8c283fdab7:192.168.36.99:38258], old=null at 0
2019-09-20 10:25:39,236 [ece458fc-6687-4915-9be7-f98d86977b7d-SegmentedRaftLogWorker:Storage Directory /workdir/hadoop-ozone/integration-test/target/test-dir/MiniOzoneClusterImpl-280c06ed-bcb5-4979-9226-67616719d9ed/datanode-6/data/ratis/460759a0-ea14-496d-ac0f-ce7da6203be1] INFO  impl.RoleInfo (RoleInfo.java:shutdownLeaderState(104)) - ece458fc-6687-4915-9be7-f98d86977b7d: shutdown LeaderState
2019-09-20 10:25:39,235 [7f6418e1-cc7a-441a-8f41-c73576b5a1c5-SegmentedRaftLogWorker:Storage Directory /workdir/hadoop-ozone/integration-test/target/test-dir/MiniOzoneClusterImpl-280c06ed-bcb5-4979-9226-67616719d9ed/datanode-5/data/ratis/b686b836-dc5f-4c38-94bb-1a1fc4652671] INFO  impl.RoleInfo (RoleInfo.java:shutdownLeaderState(104)) - 7f6418e1-cc7a-441a-8f41-c73576b5a1c5: shutdown LeaderState
2019-09-20 10:25:39,235 [7f6418e1-cc7a-441a-8f41-c73576b5a1c5-SegmentedRaftLogWorker:Storage Directory /workdir/hadoop-ozone/integration-test/target/test-dir/MiniOzoneClusterImpl-280c06ed-bcb5-4979-9226-67616719d9ed/datanode-5/data/ratis/dc64b9dd-2896-4082-b892-0f27db31d2d6] INFO  impl.PendingRequests (PendingRequests.java:sendNotLeaderResponses(202)) - 7f6418e1-cc7a-441a-8f41-c73576b5a1c5-PendingRequests: sendNotLeaderResponses
2019-09-20 10:25:39,234 [main] INFO  grpc.GrpcConfigKeys$Server (ConfUtils.java:logGet(43)) - raft.grpc.server.port = 0 (default)
2019-09-20 10:25:39,234 [075fa85b-703c-4900-807d-88f08b36438a:group-961C3D32D481:LeaderElection173] INFO  impl.LeaderElection (LeaderElection.java:askForVotes(181)) - 075fa85b-703c-4900-807d-88f08b36438a:group-961C3D32D481:LeaderElection173: begin an election at term 1 for -1: [075fa85b-703c-4900-807d-88f08b36438a:192.168.36.99:38301], old=null
2019-09-20 10:25:39,234 [e29464ab-17d7-4a4e-ab54-c178fccc723c:group-9DD029744A42:LeaderElection172] INFO  impl.LeaderElection (LeaderElection.java:askForVotes(181)) - e29464ab-17d7-4a4e-ab54-c178fccc723c:group-9DD029744A42:LeaderElection172: begin an election at term 1 for -1: [e29464ab-17d7-4a4e-ab54-c178fccc723c:192.168.36.99:36623], old=null
2019-09-20 10:25:39,233 [1bfb6844-04ed-4104-839b-60e510b6bb68-SegmentedRaftLogWorker:Storage Directory /workdir/hadoop-ozone/integration-test/target/test-dir/MiniOzoneClusterImpl-280c06ed-bcb5-4979-9226-67616719d9ed/datanode-3/data/ratis/cb92b45f-c7c4-47c4-880a-22a2006e1636] ERROR segmented.SegmentedRaftLogWorker (SegmentedRaftLogWorker.java:run(323)) - 1bfb6844-04ed-4104-839b-60e510b6bb68-SegmentedRaftLogWorker:Storage Directory /workdir/hadoop-ozone/integration-test/target/test-dir/MiniOzoneClusterImpl-280c06ed-bcb5-4979-9226-67616719d9ed/datanode-3/data/ratis/cb92b45f-c7c4-47c4-880a-22a2006e1636 hit exception
java.lang.OutOfMemoryError: Direct buffer memory
	at java.nio.Bits.reserveMemory(Bits.java:666)
	at java.nio.DirectByteBuffer.<init>(DirectByteBuffer.java:123)
	at java.nio.ByteBuffer.allocateDirect(ByteBuffer.java:311)
	at org.apache.ratis.server.raftlog.segmented.BufferedWriteChannel.<init>(BufferedWriteChannel.java:41)
	at org.apache.ratis.server.raftlog.segmented.SegmentedRaftLogOutputStream.<init>(SegmentedRaftLogOutputStream.java:72)
	at org.apache.ratis.server.raftlog.segmented.SegmentedRaftLogWorker$StartLogSegment.execute(SegmentedRaftLogWorker.java:566)
	at org.apache.ratis.server.raftlog.segmented.SegmentedRaftLogWorker.run(SegmentedRaftLogWorker.java:289)
	at java.lang.Thread.run(Thread.java:748)
2019-09-20 10:25:38,899 [e29464ab-17d7-4a4e-ab54-c178fccc723c:group-21276ECFD8C5:LeaderElection166] INFO  impl.RaftServerImpl (ServerState.java:setRaftConf(361)) - e29464ab-17d7-4a4e-ab54-c178fccc723c:group-21276ECFD8C5 set configuration 0: [e29464ab-17d7-4a4e-ab54-c178fccc723c:192.168.36.99:36623], old=null at 0
2019-09-20 10:25:38,898 [99153be1-ba81-4c7b-b6ab-4442760615cb:group-9EC3DCF23BFA:LeaderElection165] INFO  impl.RoleInfo (RoleInfo.java:updateAndGet(143)) - 99153be1-ba81-4c7b-b6ab-4442760615cb: start LeaderState
2019-09-20 10:25:38,898 [fac63c4b-287e-453e-9ac7-8c8c283fdab7:group-39F7007D2871:LeaderElection164] INFO  impl.RoleInfo (RoleInfo.java:updateAndGet(143)) - fac63c4b-287e-453e-9ac7-8c8c283fdab7: start LeaderState
2019-09-20 10:25:39,629 [99153be1-ba81-4c7b-b6ab-4442760615cb:group-9EC3DCF23BFA:LeaderElection165] INFO  segmented.SegmentedRaftLogWorker (SegmentedRaftLogWorker.java:startLogSegment(380)) - 99153be1-ba81-4c7b-b6ab-4442760615cb-SegmentedRaftLogWorker:Storage Directory /workdir/hadoop-ozone/integration-test/target/test-dir/MiniOzoneClusterImpl-280c06ed-bcb5-4979-9226-67616719d9ed/datanode-1/data/ratis/95e159f1-0cc1-40e4-94b3-9ec3dcf23bfa: Starting segment from index:0
2019-09-20 10:25:38,898 [ece458fc-6687-4915-9be7-f98d86977b7d-SegmentedRaftLogWorker:Storage Directory /workdir/hadoop-ozone/integration-test/target/test-dir/MiniOzoneClusterImpl-280c06ed-bcb5-4979-9226-67616719d9ed/datanode-6/data/ratis/68bc71a6-a345-4545-ab66-ad8e4000a9b3] INFO  impl.PendingRequests (PendingRequests.java:sendNotLeaderResponses(202)) - ece458fc-6687-4915-9be7-f98d86977b7d-PendingRequests: sendNotLeaderResponses
2019-09-20 10:25:39,629 [fac63c4b-287e-453e-9ac7-8c8c283fdab7:group-39F7007D2871:LeaderElection164] INFO  segmented.SegmentedRaftLogWorker (SegmentedRaftLogWorker.java:startLogSegment(380)) - fac63c4b-287e-453e-9ac7-8c8c283fdab7-SegmentedRaftLogWorker:Storage Directory /workdir/hadoop-ozone/integration-test/target/test-dir/MiniOzoneClusterImpl-280c06ed-bcb5-4979-9226-67616719d9ed/datanode-0/data/ratis/8a742697-a86b-4b2c-9d92-39f7007d2871: Starting segment from index:0
2019-09-20 10:25:39,629 [1bfb6844-04ed-4104-839b-60e510b6bb68-SegmentedRaftLogWorker:Storage Directory /workdir/hadoop-ozone/integration-test/target/test-dir/MiniOzoneClusterImpl-280c06ed-bcb5-4979-9226-67616719d9ed/datanode-3/data/ratis/cb92b45f-c7c4-47c4-880a-22a2006e1636] INFO  impl.RaftServerImpl (RaftServerImpl.java:lambda$shutdown$3(245)) - 1bfb6844-04ed-4104-839b-60e510b6bb68: shutdown group-22A2006E1636
2019-09-20 10:25:40,065 | INFO  | SCMAudit | user=jenkins1000 | ip=192.168.36.99 | op=SEND_HEARTBEAT {datanodeUUID=bb8f5112-316d-4974-a5a6-f698f3fbb5be, command=[]} | ret=SUCCESS |  
2019-09-20 10:25:40,065 | INFO  | SCMAudit | user=jenkins1000 | ip=192.168.36.99 | op=SEND_HEARTBEAT {datanodeUUID=e8013689-2f13-4aaf-8a03-99f419c430ec, command=[]} | ret=SUCCESS |  
2019-09-20 10:25:40,065 | INFO  | SCMAudit | user=jenkins1000 | ip=192.168.36.99 | op=SEND_HEARTBEAT {datanodeUUID=7f6418e1-cc7a-441a-8f41-c73576b5a1c5, command=[]} | ret=SUCCESS |  
2019-09-20 10:25:40,065 | INFO  | SCMAudit | user=jenkins1000 | ip=192.168.36.99 | op=SEND_HEARTBEAT {datanodeUUID=cff8bf6b-8d20-4327-9f29-08a3c2b49247, command=[]} | ret=SUCCESS |  
2019-09-20 10:25:40,065 | INFO  | SCMAudit | user=jenkins1000 | ip=192.168.36.99 | op=SEND_HEARTBEAT {datanodeUUID=61649f92-8c0f-475a-818d-1064548aeef6, command=[]} | ret=SUCCESS |  
2019-09-20 10:25:40,065 | INFO  | SCMAudit | user=jenkins1000 | ip=192.168.36.99 | op=SEND_HEARTBEAT {datanodeUUID=136f1953-bb94-4097-a2d4-422a6782bee0, command=[]} | ret=SUCCESS |  
2019-09-20 10:25:40,066 | INFO  | SCMAudit | user=jenkins1000 | ip=192.168.36.99 | op=SEND_HEARTBEAT {datanodeUUID=54207fe5-d92c-4c2e-b058-fbae630dabef, command=[]} | ret=SUCCESS |  
2019-09-20 10:25:40,066 | INFO  | SCMAudit | user=jenkins1000 | ip=192.168.36.99 | op=SEND_HEARTBEAT {datanodeUUID=468be06f-55e9-4831-ba6b-3db017451a79, command=[]} | ret=SUCCESS |  
2019-09-20 10:25:40,066 | INFO  | SCMAudit | user=jenkins1000 | ip=192.168.36.99 | op=SEND_HEARTBEAT {datanodeUUID=6491c372-a595-4104-b3e9-c4f3293baafa, command=[]} | ret=SUCCESS |  
2019-09-20 10:25:40,065 | INFO  | SCMAudit | user=jenkins1000 | ip=192.168.36.99 | op=SEND_HEARTBEAT {datanodeUUID=b5962e8e-c9f1-48aa-8eb4-d8f74b8afdbe, command=[]} | ret=SUCCESS |  
2019-09-20 10:25:40,065 | INFO  | SCMAudit | user=jenkins1000 | ip=192.168.36.99 | op=SEND_HEARTBEAT {datanodeUUID=1bfb6844-04ed-4104-839b-60e510b6bb68, command=[]} | ret=SUCCESS |  
2019-09-20 10:25:40,066 | INFO  | SCMAudit | user=jenkins1000 | ip=192.168.36.99 | op=SEND_HEARTBEAT {datanodeUUID=66416d0b-a71c-4af1-ae3a-62ca63b880a3, command=[]} | ret=SUCCESS |  
2019-09-20 10:25:40,065 | INFO  | SCMAudit | user=jenkins1000 | ip=192.168.36.99 | op=SEND_HEARTBEAT {datanodeUUID=99153be1-ba81-4c7b-b6ab-4442760615cb, command=[]} | ret=SUCCESS |  
2019-09-20 10:25:40,065 | INFO  | SCMAudit | user=jenkins1000 | ip=192.168.36.99 | op=SEND_HEARTBEAT {datanodeUUID=ece458fc-6687-4915-9be7-f98d86977b7d, command=[]} | ret=SUCCESS |  
2019-09-20 10:25:40,065 | INFO  | SCMAudit | user=jenkins1000 | ip=192.168.36.99 | op=SEND_HEARTBEAT {datanodeUUID=e29464ab-17d7-4a4e-ab54-c178fccc723c, command=[]} | ret=SUCCESS |  
2019-09-20 10:25:40,066 | INFO  | SCMAudit | user=jenkins1000 | ip=192.168.36.99 | op=SEND_HEARTBEAT {datanodeUUID=99e70dd4-d763-4473-944c-c5628506dcf8, command=[]} | ret=SUCCESS |  
2019-09-20 10:25:40,066 | INFO  | SCMAudit | user=jenkins1000 | ip=192.168.36.99 | op=SEND_HEARTBEAT {datanodeUUID=c3e532f8-1a8e-44f3-b56b-d765aee893af, command=[]} | ret=SUCCESS |  
2019-09-20 10:25:40,065 | INFO  | SCMAudit | user=jenkins1000 | ip=192.168.36.99 | op=SEND_HEARTBEAT {datanodeUUID=075fa85b-703c-4900-807d-88f08b36438a, command=[]} | ret=SUCCESS |  
2019-09-20 10:25:40,065 | INFO  | SCMAudit | user=jenkins1000 | ip=192.168.36.99 | op=SEND_HEARTBEAT {datanodeUUID=fac63c4b-287e-453e-9ac7-8c8c283fdab7, command=[]} | ret=SUCCESS |  
2019-09-20 10:25:40,066 | INFO  | SCMAudit | user=jenkins1000 | ip=192.168.36.99 | op=SEND_HEARTBEAT {datanodeUUID=7af711bd-b5ae-4a73-a8be-b970cae6c2d1, command=[]} | ret=SUCCESS |  
2019-09-20 10:25:40,066 | INFO  | SCMAudit | user=jenkins1000 | ip=192.168.36.99 | op=SEND_HEARTBEAT {datanodeUUID=3d6f3241-e73c-473a-ad0b-c7be2f7e1dda, command=[]} | ret=SUCCESS |  
2019-09-20 10:25:40,066 | INFO  | SCMAudit | user=jenkins1000 | ip=192.168.36.99 | op=SEND_HEARTBEAT {datanodeUUID=4d972e91-cb6b-45de-8bd2-c18af7abe58b, command=[]} | ret=SUCCESS |  
2019-09-20 10:25:40,066 | INFO  | SCMAudit | user=jenkins1000 | ip=192.168.36.99 | op=SEND_HEARTBEAT {datanodeUUID=9e03ffa9-cf79-407a-a150-4c035e5aec5e, command=[]} | ret=SUCCESS |  
2019-09-20 10:25:40,066 | INFO  | SCMAudit | user=jenkins1000 | ip=192.168.36.99 | op=SEND_HEARTBEAT {datanodeUUID=17e2ba94-38a1-40e7-84e0-f6802901db84, command=[]} | ret=SUCCESS |  
2019-09-20 10:25:40,066 | INFO  | SCMAudit | user=jenkins1000 | ip=192.168.36.99 | op=SEND_HEARTBEAT {datanodeUUID=1ab786b9-c79c-4265-88a1-5b3344c6beda, command=[]} | ret=SUCCESS |  
2019-09-20 10:25:40,066 | INFO  | SCMAudit | user=jenkins1000 | ip=192.168.36.99 | op=SEND_HEARTBEAT {datanodeUUID=60260ec1-e192-4b95-89c8-d924d16a77a9, command=[]} | ret=SUCCESS |  
2019-09-20 10:25:40,066 | INFO  | SCMAudit | user=jenkins1000 | ip=192.168.36.99 | op=SEND_HEARTBEAT {datanodeUUID=d2ed2d9b-7ac7-460e-84f6-6d9d6066f76d, command=[]} | ret=SUCCESS |  
2019-09-20 10:25:40,066 | INFO  | SCMAudit | user=jenkins1000 | ip=192.168.36.99 | op=SEND_HEARTBEAT {datanodeUUID=19fb8383-7c99-4449-b95c-a26e71717844, command=[]} | ret=SUCCESS |  
2019-09-20 10:25:39,629 [e29464ab-17d7-4a4e-ab54-c178fccc723c:group-9DD029744A42:LeaderElection172] INFO  impl.RoleInfo (RoleInfo.java:shutdownLeaderElection(134)) - e29464ab-17d7-4a4e-ab54-c178fccc723c: shutdown LeaderElection
2019-09-20 10:25:39,628 [075fa85b-703c-4900-807d-88f08b36438a:group-961C3D32D481:LeaderElection173] INFO  impl.RoleInfo (RoleInfo.java:shutdownLeaderElection(134)) - 075fa85b-703c-4900-807d-88f08b36438a: shutdown LeaderElection
2019-09-20 10:25:40,376 [075fa85b-703c-4900-807d-88f08b36438a:group-961C3D32D481:LeaderElection173] INFO  impl.RaftServerImpl (RaftServerImpl.java:setRole(171)) - 075fa85b-703c-4900-807d-88f08b36438a:group-961C3D32D481 changes role from CANDIDATE to LEADER at term 1 for changeToLeader
2019-09-20 10:25:40,376 [075fa85b-703c-4900-807d-88f08b36438a:group-961C3D32D481:LeaderElection173] INFO  impl.RaftServerImpl (ServerState.java:setLeader(263)) - 075fa85b-703c-4900-807d-88f08b36438a:group-961C3D32D481 change Leader from null to 075fa85b-703c-4900-807d-88f08b36438a at term 1 for becomeLeader, leader elected after 18925ms
2019-09-20 10:25:39,628 [main] INFO  server.GrpcService (ConfUtils.java:logGet(43)) - raft.grpc.message.size.max = 33570816 (custom)
2019-09-20 10:25:39,628 [7f6418e1-cc7a-441a-8f41-c73576b5a1c5-SegmentedRaftLogWorker:Storage Directory /workdir/hadoop-ozone/integration-test/target/test-dir/MiniOzoneClusterImpl-280c06ed-bcb5-4979-9226-67616719d9ed/datanode-5/data/ratis/dc64b9dd-2896-4082-b892-0f27db31d2d6] INFO  impl.StateMachineUpdater (StateMachineUpdater.java:stopAndJoin(115)) - StateMachineUpdater:7f6418e1-cc7a-441a-8f41-c73576b5a1c5:group-0F27DB31D2D6: set stopIndex = -1
2019-09-20 10:25:40,377 [7f6418e1-cc7a-441a-8f41-c73576b5a1c5-SegmentedRaftLogWorker:Storage Directory /workdir/hadoop-ozone/integration-test/target/test-dir/MiniOzoneClusterImpl-280c06ed-bcb5-4979-9226-67616719d9ed/datanode-5/data/ratis/dc64b9dd-2896-4082-b892-0f27db31d2d6] INFO  impl.RaftServerImpl (ServerState.java:close(394)) - 7f6418e1-cc7a-441a-8f41-c73576b5a1c5:group-0F27DB31D2D6 closes. The last applied log index is -1
2019-09-20 10:25:39,628 [7f6418e1-cc7a-441a-8f41-c73576b5a1c5-SegmentedRaftLogWorker:Storage Directory /workdir/hadoop-ozone/integration-test/target/test-dir/MiniOzoneClusterImpl-280c06ed-bcb5-4979-9226-67616719d9ed/datanode-5/data/ratis/b686b836-dc5f-4c38-94bb-1a1fc4652671] INFO  impl.PendingRequests (PendingRequests.java:sendNotLeaderResponses(202)) - 7f6418e1-cc7a-441a-8f41-c73576b5a1c5-PendingRequests: sendNotLeaderResponses
2019-09-20 10:25:39,627 [ece458fc-6687-4915-9be7-f98d86977b7d-SegmentedRaftLogWorker:Storage Directory /workdir/hadoop-ozone/integration-test/target/test-dir/MiniOzoneClusterImpl-280c06ed-bcb5-4979-9226-67616719d9ed/datanode-6/data/ratis/460759a0-ea14-496d-ac0f-ce7da6203be1] INFO  impl.PendingRequests (PendingRequests.java:sendNotLeaderResponses(202)) - ece458fc-6687-4915-9be7-f98d86977b7d-PendingRequests: sendNotLeaderResponses
2019-09-20 10:25:39,627 [fac63c4b-287e-453e-9ac7-8c8c283fdab7-SegmentedRaftLogWorker:Storage Directory /workdir/hadoop-ozone/integration-test/target/test-dir/MiniOzoneClusterImpl-280c06ed-bcb5-4979-9226-67616719d9ed/datanode-0/data/ratis/ba5ac46e-e91a-4737-8e5f-a60e90d6b906] INFO  util.JmxRegister (JmxRegister.java:unregister(73)) - Successfully un-registered JMX Bean with object name Ratis:service=RaftServer,group=group-A60E90D6B906,id=fac63c4b-287e-453e-9ac7-8c8c283fdab7
2019-09-20 10:25:40,377 [ece458fc-6687-4915-9be7-f98d86977b7d-SegmentedRaftLogWorker:Storage Directory /workdir/hadoop-ozone/integration-test/target/test-dir/MiniOzoneClusterImpl-280c06ed-bcb5-4979-9226-67616719d9ed/datanode-6/data/ratis/460759a0-ea14-496d-ac0f-ce7da6203be1] INFO  impl.StateMachineUpdater (StateMachineUpdater.java:stopAndJoin(115)) - StateMachineUpdater:ece458fc-6687-4915-9be7-f98d86977b7d:group-CE7DA6203BE1: set stopIndex = -1
2019-09-20 10:25:39,626 [fac63c4b-287e-453e-9ac7-8c8c283fdab7:group-D756FC2324CD:LeaderElection171] INFO  server.RaftServerConfigKeys (ConfUtils.java:logGet(43)) - raft.server.watch.timeout.denomination = 1s (default)
2019-09-20 10:25:39,626 [ece458fc-6687-4915-9be7-f98d86977b7d-SegmentedRaftLogWorker:Storage Directory /workdir/hadoop-ozone/integration-test/target/test-dir/MiniOzoneClusterImpl-280c06ed-bcb5-4979-9226-67616719d9ed/datanode-6/data/ratis/b6b70daa-c1b4-4ea1-9090-253ebba5e522] INFO  impl.RaftServerImpl (ServerState.java:close(394)) - ece458fc-6687-4915-9be7-f98d86977b7d:group-253EBBA5E522 closes. The last applied log index is -1
2019-09-20 10:25:39,626 [ece458fc-6687-4915-9be7-f98d86977b7d-SegmentedRaftLogWorker:Storage Directory /workdir/hadoop-ozone/integration-test/target/test-dir/MiniOzoneClusterImpl-280c06ed-bcb5-4979-9226-67616719d9ed/datanode-6/data/ratis/7430b3f9-67ba-48a8-be44-12b45cd6ecf8] INFO  impl.StateMachineUpdater (StateMachineUpdater.java:stopAndJoin(115)) - StateMachineUpdater:ece458fc-6687-4915-9be7-f98d86977b7d:group-12B45CD6ECF8: set stopIndex = -1
2019-09-20 10:25:40,378 [ece458fc-6687-4915-9be7-f98d86977b7d-SegmentedRaftLogWorker:Storage Directory /workdir/hadoop-ozone/integration-test/target/test-dir/MiniOzoneClusterImpl-280c06ed-bcb5-4979-9226-67616719d9ed/datanode-6/data/ratis/b6b70daa-c1b4-4ea1-9090-253ebba5e522] INFO  segmented.SegmentedRaftLogWorker (SegmentedRaftLogWorker.java:close(228)) - ece458fc-6687-4915-9be7-f98d86977b7d-SegmentedRaftLogWorker:Storage Directory /workdir/hadoop-ozone/integration-test/target/test-dir/MiniOzoneClusterImpl-280c06ed-bcb5-4979-9226-67616719d9ed/datanode-6/data/ratis/b6b70daa-c1b4-4ea1-9090-253ebba5e522 close()
2019-09-20 10:25:40,378 [fac63c4b-287e-453e-9ac7-8c8c283fdab7:group-D756FC2324CD:LeaderElection171] INFO  server.RaftServerConfigKeys (ConfUtils.java:logGet(43)) - raft.server.watch.element-limit = 65536 (default)
2019-09-20 10:25:40,378 [ece458fc-6687-4915-9be7-f98d86977b7d-SegmentedRaftLogWorker:Storage Directory /workdir/hadoop-ozone/integration-test/target/test-dir/MiniOzoneClusterImpl-280c06ed-bcb5-4979-9226-67616719d9ed/datanode-6/data/ratis/460759a0-ea14-496d-ac0f-ce7da6203be1] INFO  impl.RaftServerImpl (ServerState.java:close(394)) - ece458fc-6687-4915-9be7-f98d86977b7d:group-CE7DA6203BE1 closes. The last applied log index is -1
2019-09-20 10:25:40,377 [fac63c4b-287e-453e-9ac7-8c8c283fdab7-SegmentedRaftLogWorker:Storage Directory /workdir/hadoop-ozone/integration-test/target/test-dir/MiniOzoneClusterImpl-280c06ed-bcb5-4979-9226-67616719d9ed/datanode-0/data/ratis/ba5ac46e-e91a-4737-8e5f-a60e90d6b906] INFO  impl.RoleInfo (RoleInfo.java:shutdownLeaderState(104)) - fac63c4b-287e-453e-9ac7-8c8c283fdab7: shutdown LeaderState
2019-09-20 10:25:40,377 [7f6418e1-cc7a-441a-8f41-c73576b5a1c5-SegmentedRaftLogWorker:Storage Directory /workdir/hadoop-ozone/integration-test/target/test-dir/MiniOzoneClusterImpl-280c06ed-bcb5-4979-9226-67616719d9ed/datanode-5/data/ratis/b686b836-dc5f-4c38-94bb-1a1fc4652671] INFO  impl.StateMachineUpdater (StateMachineUpdater.java:stopAndJoin(115)) - StateMachineUpdater:7f6418e1-cc7a-441a-8f41-c73576b5a1c5:group-1A1FC4652671: set stopIndex = -1
2019-09-20 10:25:40,377 [7f6418e1-cc7a-441a-8f41-c73576b5a1c5-SegmentedRaftLogWorker:Storage Directory /workdir/hadoop-ozone/integration-test/target/test-dir/MiniOzoneClusterImpl-280c06ed-bcb5-4979-9226-67616719d9ed/datanode-5/data/ratis/dc64b9dd-2896-4082-b892-0f27db31d2d6] INFO  segmented.SegmentedRaftLogWorker (SegmentedRaftLogWorker.java:close(228)) - 7f6418e1-cc7a-441a-8f41-c73576b5a1c5-SegmentedRaftLogWorker:Storage Directory /workdir/hadoop-ozone/integration-test/target/test-dir/MiniOzoneClusterImpl-280c06ed-bcb5-4979-9226-67616719d9ed/datanode-5/data/ratis/dc64b9dd-2896-4082-b892-0f27db31d2d6 close()
2019-09-20 10:25:40,377 [main] INFO  server.RaftServerConfigKeys (ConfUtils.java:logGet(43)) - raft.server.log.appender.buffer.byte-limit = 33554432 (custom)
2019-09-20 10:25:40,379 [main] INFO  server.GrpcService (ConfUtils.java:logGet(43)) - raft.grpc.flow.control.window = 1MB (=1048576) (default)
2019-09-20 10:25:40,376 [075fa85b-703c-4900-807d-88f08b36438a:group-961C3D32D481:LeaderElection173] INFO  server.RaftServerConfigKeys (ConfUtils.java:logGet(43)) - raft.server.staging.catchup.gap = 1000 (default)
2019-09-20 10:25:40,380 [075fa85b-703c-4900-807d-88f08b36438a:group-961C3D32D481:LeaderElection173] INFO  server.RaftServerConfigKeys (ConfUtils.java:logGet(43)) - raft.server.rpc.sleep.time = 25ms (default)
2019-09-20 10:25:40,376 [e29464ab-17d7-4a4e-ab54-c178fccc723c:group-9DD029744A42:LeaderElection172] INFO  impl.RaftServerImpl (RaftServerImpl.java:setRole(171)) - e29464ab-17d7-4a4e-ab54-c178fccc723c:group-9DD029744A42 changes role from CANDIDATE to LEADER at term 1 for changeToLeader
2019-09-20 10:25:40,373 [e29464ab-17d7-4a4e-ab54-c178fccc723c-SegmentedRaftLogWorker:Storage Directory /workdir/hadoop-ozone/integration-test/target/test-dir/MiniOzoneClusterImpl-280c06ed-bcb5-4979-9226-67616719d9ed/datanode-2/data/ratis/01a9749c-d41e-4ed4-9506-e026fd1c3c19] ERROR segmented.SegmentedRaftLogWorker (SegmentedRaftLogWorker.java:run(323)) - e29464ab-17d7-4a4e-ab54-c178fccc723c-SegmentedRaftLogWorker:Storage Directory /workdir/hadoop-ozone/integration-test/target/test-dir/MiniOzoneClusterImpl-280c06ed-bcb5-4979-9226-67616719d9ed/datanode-2/data/ratis/01a9749c-d41e-4ed4-9506-e026fd1c3c19 hit exception
java.lang.OutOfMemoryError: Direct buffer memory
	at java.nio.Bits.reserveMemory(Bits.java:666)
	at java.nio.DirectByteBuffer.<init>(DirectByteBuffer.java:123)
	at java.nio.ByteBuffer.allocateDirect(ByteBuffer.java:311)
	at org.apache.ratis.server.raftlog.segmented.BufferedWriteChannel.<init>(BufferedWriteChannel.java:41)
	at org.apache.ratis.server.raftlog.segmented.SegmentedRaftLogOutputStream.<init>(SegmentedRaftLogOutputStream.java:72)
	at org.apache.ratis.server.raftlog.segmented.SegmentedRaftLogWorker$StartLogSegment.execute(SegmentedRaftLogWorker.java:566)
	at org.apache.ratis.server.raftlog.segmented.SegmentedRaftLogWorker.run(SegmentedRaftLogWorker.java:289)
	at java.lang.Thread.run(Thread.java:748)
2019-09-20 10:25:40,373 [99153be1-ba81-4c7b-b6ab-4442760615cb-SegmentedRaftLogWorker:Storage Directory /workdir/hadoop-ozone/integration-test/target/test-dir/MiniOzoneClusterImpl-280c06ed-bcb5-4979-9226-67616719d9ed/datanode-1/data/ratis/edfe5b5c-c529-44ab-b92f-08c92995a0b5] ERROR segmented.SegmentedRaftLogWorker (SegmentedRaftLogWorker.java:run(323)) - 99153be1-ba81-4c7b-b6ab-4442760615cb-SegmentedRaftLogWorker:Storage Directory /workdir/hadoop-ozone/integration-test/target/test-dir/MiniOzoneClusterImpl-280c06ed-bcb5-4979-9226-67616719d9ed/datanode-1/data/ratis/edfe5b5c-c529-44ab-b92f-08c92995a0b5 hit exception
java.lang.OutOfMemoryError: Direct buffer memory
	at java.nio.Bits.reserveMemory(Bits.java:666)
	at java.nio.DirectByteBuffer.<init>(DirectByteBuffer.java:123)
	at java.nio.ByteBuffer.allocateDirect(ByteBuffer.java:311)
	at org.apache.ratis.server.raftlog.segmented.BufferedWriteChannel.<init>(BufferedWriteChannel.java:41)
	at org.apache.ratis.server.raftlog.segmented.SegmentedRaftLogOutputStream.<init>(SegmentedRaftLogOutputStream.java:72)
	at org.apache.ratis.server.raftlog.segmented.SegmentedRaftLogWorker$StartLogSegment.execute(SegmentedRaftLogWorker.java:566)
	at org.apache.ratis.server.raftlog.segmented.SegmentedRaftLogWorker.run(SegmentedRaftLogWorker.java:289)
	at java.lang.Thread.run(Thread.java:748)
2019-09-20 10:25:40,380 [99153be1-ba81-4c7b-b6ab-4442760615cb-SegmentedRaftLogWorker:Storage Directory /workdir/hadoop-ozone/integration-test/target/test-dir/MiniOzoneClusterImpl-280c06ed-bcb5-4979-9226-67616719d9ed/datanode-1/data/ratis/edfe5b5c-c529-44ab-b92f-08c92995a0b5] INFO  impl.RaftServerImpl (RaftServerImpl.java:lambda$shutdown$3(245)) - 99153be1-ba81-4c7b-b6ab-4442760615cb: shutdown group-08C92995A0B5
2019-09-20 10:25:40,066 [1bfb6844-04ed-4104-839b-60e510b6bb68-SegmentedRaftLogWorker:Storage Directory /workdir/hadoop-ozone/integration-test/target/test-dir/MiniOzoneClusterImpl-280c06ed-bcb5-4979-9226-67616719d9ed/datanode-3/data/ratis/cb92b45f-c7c4-47c4-880a-22a2006e1636] INFO  util.JmxRegister (JmxRegister.java:unregister(73)) - Successfully un-registered JMX Bean with object name Ratis:service=RaftServer,group=group-22A2006E1636,id=1bfb6844-04ed-4104-839b-60e510b6bb68
2019-09-20 10:25:40,066 [fac63c4b-287e-453e-9ac7-8c8c283fdab7:group-39F7007D2871:LeaderElection164] INFO  impl.RaftServerImpl (ServerState.java:setRaftConf(361)) - fac63c4b-287e-453e-9ac7-8c8c283fdab7:group-39F7007D2871 set configuration 0: [fac63c4b-287e-453e-9ac7-8c8c283fdab7:192.168.36.99:38258], old=null at 0
2019-09-20 10:25:39,630 [99153be1-ba81-4c7b-b6ab-4442760615cb:group-9EC3DCF23BFA:LeaderElection165] INFO  impl.RaftServerImpl (ServerState.java:setRaftConf(361)) - 99153be1-ba81-4c7b-b6ab-4442760615cb:group-9EC3DCF23BFA set configuration 0: [99153be1-ba81-4c7b-b6ab-4442760615cb:192.168.36.99:42693], old=null at 0
2019-09-20 10:25:39,630 [ece458fc-6687-4915-9be7-f98d86977b7d-SegmentedRaftLogWorker:Storage Directory /workdir/hadoop-ozone/integration-test/target/test-dir/MiniOzoneClusterImpl-280c06ed-bcb5-4979-9226-67616719d9ed/datanode-6/data/ratis/68bc71a6-a345-4545-ab66-ad8e4000a9b3] INFO  impl.StateMachineUpdater (StateMachineUpdater.java:stopAndJoin(115)) - StateMachineUpdater:ece458fc-6687-4915-9be7-f98d86977b7d:group-AD8E4000A9B3: set stopIndex = -1
2019-09-20 10:25:40,381 [ece458fc-6687-4915-9be7-f98d86977b7d-SegmentedRaftLogWorker:Storage Directory /workdir/hadoop-ozone/integration-test/target/test-dir/MiniOzoneClusterImpl-280c06ed-bcb5-4979-9226-67616719d9ed/datanode-6/data/ratis/68bc71a6-a345-4545-ab66-ad8e4000a9b3] INFO  impl.RaftServerImpl (ServerState.java:close(394)) - ece458fc-6687-4915-9be7-f98d86977b7d:group-AD8E4000A9B3 closes. The last applied log index is -1
2019-09-20 10:25:40,381 [1bfb6844-04ed-4104-839b-60e510b6bb68-SegmentedRaftLogWorker:Storage Directory /workdir/hadoop-ozone/integration-test/target/test-dir/MiniOzoneClusterImpl-280c06ed-bcb5-4979-9226-67616719d9ed/datanode-3/data/ratis/cb92b45f-c7c4-47c4-880a-22a2006e1636] INFO  impl.RoleInfo (RoleInfo.java:shutdownLeaderState(104)) - 1bfb6844-04ed-4104-839b-60e510b6bb68: shutdown LeaderState
2019-09-20 10:25:40,381 [99153be1-ba81-4c7b-b6ab-4442760615cb-SegmentedRaftLogWorker:Storage Directory /workdir/hadoop-ozone/integration-test/target/test-dir/MiniOzoneClusterImpl-280c06ed-bcb5-4979-9226-67616719d9ed/datanode-1/data/ratis/edfe5b5c-c529-44ab-b92f-08c92995a0b5] INFO  util.JmxRegister (JmxRegister.java:unregister(73)) - Successfully un-registered JMX Bean with object name Ratis:service=RaftServer,group=group-08C92995A0B5,id=99153be1-ba81-4c7b-b6ab-4442760615cb
2019-09-20 10:25:40,381 [99153be1-ba81-4c7b-b6ab-4442760615cb-SegmentedRaftLogWorker:Storage Directory /workdir/hadoop-ozone/integration-test/target/test-dir/MiniOzoneClusterImpl-280c06ed-bcb5-4979-9226-67616719d9ed/datanode-1/data/ratis/edfe5b5c-c529-44ab-b92f-08c92995a0b5] INFO  impl.RoleInfo (RoleInfo.java:shutdownLeaderState(104)) - 99153be1-ba81-4c7b-b6ab-4442760615cb: shutdown LeaderState
2019-09-20 10:25:40,380 [e29464ab-17d7-4a4e-ab54-c178fccc723c-SegmentedRaftLogWorker:Storage Directory /workdir/hadoop-ozone/integration-test/target/test-dir/MiniOzoneClusterImpl-280c06ed-bcb5-4979-9226-67616719d9ed/datanode-2/data/ratis/01a9749c-d41e-4ed4-9506-e026fd1c3c19] INFO  impl.RaftServerImpl (RaftServerImpl.java:lambda$shutdown$3(245)) - e29464ab-17d7-4a4e-ab54-c178fccc723c: shutdown group-E026FD1C3C19
2019-09-20 10:25:40,380 [e29464ab-17d7-4a4e-ab54-c178fccc723c:group-9DD029744A42:LeaderElection172] INFO  impl.RaftServerImpl (ServerState.java:setLeader(263)) - e29464ab-17d7-4a4e-ab54-c178fccc723c:group-9DD029744A42 change Leader from null to e29464ab-17d7-4a4e-ab54-c178fccc723c at term 1 for becomeLeader, leader elected after 19857ms
2019-09-20 10:25:40,380 [075fa85b-703c-4900-807d-88f08b36438a:group-961C3D32D481:LeaderElection173] INFO  server.RaftServerConfigKeys (ConfUtils.java:logGet(43)) - raft.server.write.element-limit = 4096 (default)
2019-09-20 10:25:40,379 [main] INFO  server.RaftServerConfigKeys (ConfUtils.java:logGet(43)) - raft.server.rpc.request.timeout = 3000ms (default)
2019-09-20 10:25:40,379 [7f6418e1-cc7a-441a-8f41-c73576b5a1c5-SegmentedRaftLogWorker:Storage Directory /workdir/hadoop-ozone/integration-test/target/test-dir/MiniOzoneClusterImpl-280c06ed-bcb5-4979-9226-67616719d9ed/datanode-5/data/ratis/b686b836-dc5f-4c38-94bb-1a1fc4652671] INFO  impl.RaftServerImpl (ServerState.java:close(394)) - 7f6418e1-cc7a-441a-8f41-c73576b5a1c5:group-1A1FC4652671 closes. The last applied log index is -1
2019-09-20 10:25:40,379 [fac63c4b-287e-453e-9ac7-8c8c283fdab7-SegmentedRaftLogWorker:Storage Directory /workdir/hadoop-ozone/integration-test/target/test-dir/MiniOzoneClusterImpl-280c06ed-bcb5-4979-9226-67616719d9ed/datanode-0/data/ratis/ba5ac46e-e91a-4737-8e5f-a60e90d6b906] INFO  impl.PendingRequests (PendingRequests.java:sendNotLeaderResponses(202)) - fac63c4b-287e-453e-9ac7-8c8c283fdab7-PendingRequests: sendNotLeaderResponses
2019-09-20 10:25:40,379 [ece458fc-6687-4915-9be7-f98d86977b7d-SegmentedRaftLogWorker:Storage Directory /workdir/hadoop-ozone/integration-test/target/test-dir/MiniOzoneClusterImpl-280c06ed-bcb5-4979-9226-67616719d9ed/datanode-6/data/ratis/460759a0-ea14-496d-ac0f-ce7da6203be1] INFO  segmented.SegmentedRaftLogWorker (SegmentedRaftLogWorker.java:close(228)) - ece458fc-6687-4915-9be7-f98d86977b7d-SegmentedRaftLogWorker:Storage Directory /workdir/hadoop-ozone/integration-test/target/test-dir/MiniOzoneClusterImpl-280c06ed-bcb5-4979-9226-67616719d9ed/datanode-6/data/ratis/460759a0-ea14-496d-ac0f-ce7da6203be1 close()
2019-09-20 10:25:40,379 [fac63c4b-287e-453e-9ac7-8c8c283fdab7:group-D756FC2324CD:LeaderElection171] INFO  impl.RoleInfo (RoleInfo.java:updateAndGet(143)) - fac63c4b-287e-453e-9ac7-8c8c283fdab7: start LeaderState
2019-09-20 10:25:40,378 [ece458fc-6687-4915-9be7-f98d86977b7d-SegmentedRaftLogWorker:Storage Directory /workdir/hadoop-ozone/integration-test/target/test-dir/MiniOzoneClusterImpl-280c06ed-bcb5-4979-9226-67616719d9ed/datanode-6/data/ratis/7430b3f9-67ba-48a8-be44-12b45cd6ecf8] INFO  impl.RaftServerImpl (ServerState.java:close(394)) - ece458fc-6687-4915-9be7-f98d86977b7d:group-12B45CD6ECF8 closes. The last applied log index is -1
2019-09-20 10:25:40,383 [fac63c4b-287e-453e-9ac7-8c8c283fdab7-SegmentedRaftLogWorker:Storage Directory /workdir/hadoop-ozone/integration-test/target/test-dir/MiniOzoneClusterImpl-280c06ed-bcb5-4979-9226-67616719d9ed/datanode-0/data/ratis/ba5ac46e-e91a-4737-8e5f-a60e90d6b906] INFO  impl.StateMachineUpdater (StateMachineUpdater.java:stopAndJoin(115)) - StateMachineUpdater:fac63c4b-287e-453e-9ac7-8c8c283fdab7:group-A60E90D6B906: set stopIndex = -1
2019-09-20 10:25:40,383 [main] INFO  server.RaftServerConfigKeys (ConfUtils.java:logGet(43)) - raft.server.storage.dir = [/workdir/hadoop-ozone/integration-test/target/test-dir/MiniOzoneClusterImpl-023400ba-597c-4990-9952-187ab727187d/datanode-0/data/ratis] (custom)
2019-09-20 10:25:40,382 [7f6418e1-cc7a-441a-8f41-c73576b5a1c5-SegmentedRaftLogWorker:Storage Directory /workdir/hadoop-ozone/integration-test/target/test-dir/MiniOzoneClusterImpl-280c06ed-bcb5-4979-9226-67616719d9ed/datanode-5/data/ratis/b686b836-dc5f-4c38-94bb-1a1fc4652671] INFO  segmented.SegmentedRaftLogWorker (SegmentedRaftLogWorker.java:close(228)) - 7f6418e1-cc7a-441a-8f41-c73576b5a1c5-SegmentedRaftLogWorker:Storage Directory /workdir/hadoop-ozone/integration-test/target/test-dir/MiniOzoneClusterImpl-280c06ed-bcb5-4979-9226-67616719d9ed/datanode-5/data/ratis/b686b836-dc5f-4c38-94bb-1a1fc4652671 close()
2019-09-20 10:25:40,382 [075fa85b-703c-4900-807d-88f08b36438a:group-961C3D32D481:LeaderElection173] INFO  server.RaftServerConfigKeys (ConfUtils.java:logGet(43)) - raft.server.watch.timeout = 10s (default)
2019-09-20 10:25:40,384 [075fa85b-703c-4900-807d-88f08b36438a:group-961C3D32D481:LeaderElection173] INFO  server.RaftServerConfigKeys (ConfUtils.java:logGet(43)) - raft.server.watch.timeout.denomination = 1s (default)
2019-09-20 10:25:40,382 [e29464ab-17d7-4a4e-ab54-c178fccc723c:group-9DD029744A42:LeaderElection172] INFO  server.RaftServerConfigKeys (ConfUtils.java:logGet(43)) - raft.server.staging.catchup.gap = 1000 (default)
2019-09-20 10:25:40,382 [e29464ab-17d7-4a4e-ab54-c178fccc723c-SegmentedRaftLogWorker:Storage Directory /workdir/hadoop-ozone/integration-test/target/test-dir/MiniOzoneClusterImpl-280c06ed-bcb5-4979-9226-67616719d9ed/datanode-2/data/ratis/01a9749c-d41e-4ed4-9506-e026fd1c3c19] INFO  util.JmxRegister (JmxRegister.java:unregister(73)) - Successfully un-registered JMX Bean with object name Ratis:service=RaftServer,group=group-E026FD1C3C19,id=e29464ab-17d7-4a4e-ab54-c178fccc723c
2019-09-20 10:25:40,382 [99153be1-ba81-4c7b-b6ab-4442760615cb-SegmentedRaftLogWorker:Storage Directory /workdir/hadoop-ozone/integration-test/target/test-dir/MiniOzoneClusterImpl-280c06ed-bcb5-4979-9226-67616719d9ed/datanode-1/data/ratis/edfe5b5c-c529-44ab-b92f-08c92995a0b5] INFO  impl.PendingRequests (PendingRequests.java:sendNotLeaderResponses(202)) - 99153be1-ba81-4c7b-b6ab-4442760615cb-PendingRequests: sendNotLeaderResponses
2019-09-20 10:25:40,381 [1bfb6844-04ed-4104-839b-60e510b6bb68-SegmentedRaftLogWorker:Storage Directory /workdir/hadoop-ozone/integration-test/target/test-dir/MiniOzoneClusterImpl-280c06ed-bcb5-4979-9226-67616719d9ed/datanode-3/data/ratis/cb92b45f-c7c4-47c4-880a-22a2006e1636] INFO  impl.PendingRequests (PendingRequests.java:sendNotLeaderResponses(202)) - 1bfb6844-04ed-4104-839b-60e510b6bb68-PendingRequests: sendNotLeaderResponses
2019-09-20 10:25:40,381 [ece458fc-6687-4915-9be7-f98d86977b7d-SegmentedRaftLogWorker:Storage Directory /workdir/hadoop-ozone/integration-test/target/test-dir/MiniOzoneClusterImpl-280c06ed-bcb5-4979-9226-67616719d9ed/datanode-6/data/ratis/68bc71a6-a345-4545-ab66-ad8e4000a9b3] INFO  segmented.SegmentedRaftLogWorker (SegmentedRaftLogWorker.java:close(228)) - ece458fc-6687-4915-9be7-f98d86977b7d-SegmentedRaftLogWorker:Storage Directory /workdir/hadoop-ozone/integration-test/target/test-dir/MiniOzoneClusterImpl-280c06ed-bcb5-4979-9226-67616719d9ed/datanode-6/data/ratis/68bc71a6-a345-4545-ab66-ad8e4000a9b3 close()
2019-09-20 10:25:40,385 [1bfb6844-04ed-4104-839b-60e510b6bb68-SegmentedRaftLogWorker:Storage Directory /workdir/hadoop-ozone/integration-test/target/test-dir/MiniOzoneClusterImpl-280c06ed-bcb5-4979-9226-67616719d9ed/datanode-3/data/ratis/cb92b45f-c7c4-47c4-880a-22a2006e1636] INFO  impl.StateMachineUpdater (StateMachineUpdater.java:stopAndJoin(115)) - StateMachineUpdater:1bfb6844-04ed-4104-839b-60e510b6bb68:group-22A2006E1636: set stopIndex = -1
2019-09-20 10:25:40,385 [99153be1-ba81-4c7b-b6ab-4442760615cb-SegmentedRaftLogWorker:Storage Directory /workdir/hadoop-ozone/integration-test/target/test-dir/MiniOzoneClusterImpl-280c06ed-bcb5-4979-9226-67616719d9ed/datanode-1/data/ratis/edfe5b5c-c529-44ab-b92f-08c92995a0b5] INFO  impl.StateMachineUpdater (StateMachineUpdater.java:stopAndJoin(115)) - StateMachineUpdater:99153be1-ba81-4c7b-b6ab-4442760615cb:group-08C92995A0B5: set stopIndex = -1
2019-09-20 10:25:40,384 [e29464ab-17d7-4a4e-ab54-c178fccc723c-SegmentedRaftLogWorker:Storage Directory /workdir/hadoop-ozone/integration-test/target/test-dir/MiniOzoneClusterImpl-280c06ed-bcb5-4979-9226-67616719d9ed/datanode-2/data/ratis/01a9749c-d41e-4ed4-9506-e026fd1c3c19] INFO  impl.RoleInfo (RoleInfo.java:shutdownLeaderState(104)) - e29464ab-17d7-4a4e-ab54-c178fccc723c: shutdown LeaderState
2019-09-20 10:25:40,384 [e29464ab-17d7-4a4e-ab54-c178fccc723c:group-9DD029744A42:LeaderElection172] INFO  server.RaftServerConfigKeys (ConfUtils.java:logGet(43)) - raft.server.rpc.sleep.time = 25ms (default)
2019-09-20 10:25:40,384 [075fa85b-703c-4900-807d-88f08b36438a:group-961C3D32D481:LeaderElection173] INFO  server.RaftServerConfigKeys (ConfUtils.java:logGet(43)) - raft.server.watch.element-limit = 65536 (default)
2019-09-20 10:25:40,384 [main] INFO  replication.SimpleContainerDownloader (SimpleContainerDownloader.java:<init>(72)) - Starting container downloader service to copy containers to replicate.
2019-09-20 10:25:40,383 [fac63c4b-287e-453e-9ac7-8c8c283fdab7:group-D756FC2324CD:LeaderElection171] INFO  segmented.SegmentedRaftLogWorker (SegmentedRaftLogWorker.java:startLogSegment(380)) - fac63c4b-287e-453e-9ac7-8c8c283fdab7-SegmentedRaftLogWorker:Storage Directory /workdir/hadoop-ozone/integration-test/target/test-dir/MiniOzoneClusterImpl-280c06ed-bcb5-4979-9226-67616719d9ed/datanode-0/data/ratis/a0afef71-4a96-42e1-97f9-d756fc2324cd: Starting segment from index:0
2019-09-20 10:25:40,383 [fac63c4b-287e-453e-9ac7-8c8c283fdab7-SegmentedRaftLogWorker:Storage Directory /workdir/hadoop-ozone/integration-test/target/test-dir/MiniOzoneClusterImpl-280c06ed-bcb5-4979-9226-67616719d9ed/datanode-0/data/ratis/ba5ac46e-e91a-4737-8e5f-a60e90d6b906] INFO  impl.RaftServerImpl (ServerState.java:close(394)) - fac63c4b-287e-453e-9ac7-8c8c283fdab7:group-A60E90D6B906 closes. The last applied log index is -1
2019-09-20 10:25:40,383 [ece458fc-6687-4915-9be7-f98d86977b7d-SegmentedRaftLogWorker:Storage Directory /workdir/hadoop-ozone/integration-test/target/test-dir/MiniOzoneClusterImpl-280c06ed-bcb5-4979-9226-67616719d9ed/datanode-6/data/ratis/7430b3f9-67ba-48a8-be44-12b45cd6ecf8] INFO  segmented.SegmentedRaftLogWorker (SegmentedRaftLogWorker.java:close(228)) - ece458fc-6687-4915-9be7-f98d86977b7d-SegmentedRaftLogWorker:Storage Directory /workdir/hadoop-ozone/integration-test/target/test-dir/MiniOzoneClusterImpl-280c06ed-bcb5-4979-9226-67616719d9ed/datanode-6/data/ratis/7430b3f9-67ba-48a8-be44-12b45cd6ecf8 close()
2019-09-20 10:25:40,386 [fac63c4b-287e-453e-9ac7-8c8c283fdab7:group-D756FC2324CD:LeaderElection171] INFO  impl.RaftServerImpl (ServerState.java:setRaftConf(361)) - fac63c4b-287e-453e-9ac7-8c8c283fdab7:group-D756FC2324CD set configuration 0: [fac63c4b-287e-453e-9ac7-8c8c283fdab7:192.168.36.99:38258], old=null at 0
2019-09-20 10:25:40,386 [fac63c4b-287e-453e-9ac7-8c8c283fdab7-SegmentedRaftLogWorker:Storage Directory /workdir/hadoop-ozone/integration-test/target/test-dir/MiniOzoneClusterImpl-280c06ed-bcb5-4979-9226-67616719d9ed/datanode-0/data/ratis/ba5ac46e-e91a-4737-8e5f-a60e90d6b906] INFO  segmented.SegmentedRaftLogWorker (SegmentedRaftLogWorker.java:close(228)) - fac63c4b-287e-453e-9ac7-8c8c283fdab7-SegmentedRaftLogWorker:Storage Directory /workdir/hadoop-ozone/integration-test/target/test-dir/MiniOzoneClusterImpl-280c06ed-bcb5-4979-9226-67616719d9ed/datanode-0/data/ratis/ba5ac46e-e91a-4737-8e5f-a60e90d6b906 close()
2019-09-20 10:25:40,386 [075fa85b-703c-4900-807d-88f08b36438a:group-961C3D32D481:LeaderElection173] INFO  impl.RoleInfo (RoleInfo.java:updateAndGet(143)) - 075fa85b-703c-4900-807d-88f08b36438a: start LeaderState
2019-09-20 10:25:40,386 [e29464ab-17d7-4a4e-ab54-c178fccc723c:group-9DD029744A42:LeaderElection172] INFO  server.RaftServerConfigKeys (ConfUtils.java:logGet(43)) - raft.server.write.element-limit = 4096 (default)
2019-09-20 10:25:40,385 [e29464ab-17d7-4a4e-ab54-c178fccc723c-SegmentedRaftLogWorker:Storage Directory /workdir/hadoop-ozone/integration-test/target/test-dir/MiniOzoneClusterImpl-280c06ed-bcb5-4979-9226-67616719d9ed/datanode-2/data/ratis/01a9749c-d41e-4ed4-9506-e026fd1c3c19] INFO  impl.PendingRequests (PendingRequests.java:sendNotLeaderResponses(202)) - e29464ab-17d7-4a4e-ab54-c178fccc723c-PendingRequests: sendNotLeaderResponses
2019-09-20 10:25:40,385 [99153be1-ba81-4c7b-b6ab-4442760615cb-SegmentedRaftLogWorker:Storage Directory /workdir/hadoop-ozone/integration-test/target/test-dir/MiniOzoneClusterImpl-280c06ed-bcb5-4979-9226-67616719d9ed/datanode-1/data/ratis/edfe5b5c-c529-44ab-b92f-08c92995a0b5] INFO  impl.RaftServerImpl (ServerState.java:close(394)) - 99153be1-ba81-4c7b-b6ab-4442760615cb:group-08C92995A0B5 closes. The last applied log index is -1
2019-09-20 10:25:40,751 [e29464ab-17d7-4a4e-ab54-c178fccc723c-SegmentedRaftLogWorker:Storage Directory /workdir/hadoop-ozone/integration-test/target/test-dir/MiniOzoneClusterImpl-280c06ed-bcb5-4979-9226-67616719d9ed/datanode-2/data/ratis/01a9749c-d41e-4ed4-9506-e026fd1c3c19] INFO  impl.StateMachineUpdater (StateMachineUpdater.java:stopAndJoin(115)) - StateMachineUpdater:e29464ab-17d7-4a4e-ab54-c178fccc723c:group-E026FD1C3C19: set stopIndex = -1
2019-09-20 10:25:40,751 [99153be1-ba81-4c7b-b6ab-4442760615cb-SegmentedRaftLogWorker:Storage Directory /workdir/hadoop-ozone/integration-test/target/test-dir/MiniOzoneClusterImpl-280c06ed-bcb5-4979-9226-67616719d9ed/datanode-1/data/ratis/edfe5b5c-c529-44ab-b92f-08c92995a0b5] INFO  segmented.SegmentedRaftLogWorker (SegmentedRaftLogWorker.java:close(228)) - 99153be1-ba81-4c7b-b6ab-4442760615cb-SegmentedRaftLogWorker:Storage Directory /workdir/hadoop-ozone/integration-test/target/test-dir/MiniOzoneClusterImpl-280c06ed-bcb5-4979-9226-67616719d9ed/datanode-1/data/ratis/edfe5b5c-c529-44ab-b92f-08c92995a0b5 close()
2019-09-20 10:25:40,385 [1bfb6844-04ed-4104-839b-60e510b6bb68-SegmentedRaftLogWorker:Storage Directory /workdir/hadoop-ozone/integration-test/target/test-dir/MiniOzoneClusterImpl-280c06ed-bcb5-4979-9226-67616719d9ed/datanode-3/data/ratis/cb92b45f-c7c4-47c4-880a-22a2006e1636] INFO  impl.RaftServerImpl (ServerState.java:close(394)) - 1bfb6844-04ed-4104-839b-60e510b6bb68:group-22A2006E1636 closes. The last applied log index is -1
2019-09-20 10:25:40,752 [075fa85b-703c-4900-807d-88f08b36438a:group-961C3D32D481:LeaderElection173] INFO  segmented.SegmentedRaftLogWorker (SegmentedRaftLogWorker.java:startLogSegment(380)) - 075fa85b-703c-4900-807d-88f08b36438a-SegmentedRaftLogWorker:Storage Directory /workdir/hadoop-ozone/integration-test/target/test-dir/MiniOzoneClusterImpl-280c06ed-bcb5-4979-9226-67616719d9ed/datanode-4/data/ratis/b9b9c599-30f0-4162-b00a-961c3d32d481: Starting segment from index:0
2019-09-20 10:25:40,752 [e29464ab-17d7-4a4e-ab54-c178fccc723c-SegmentedRaftLogWorker:Storage Directory /workdir/hadoop-ozone/integration-test/target/test-dir/MiniOzoneClusterImpl-280c06ed-bcb5-4979-9226-67616719d9ed/datanode-2/data/ratis/01a9749c-d41e-4ed4-9506-e026fd1c3c19] INFO  impl.RaftServerImpl (ServerState.java:close(394)) - e29464ab-17d7-4a4e-ab54-c178fccc723c:group-E026FD1C3C19 closes. The last applied log index is -1
2019-09-20 10:25:40,751 [e29464ab-17d7-4a4e-ab54-c178fccc723c:group-9DD029744A42:LeaderElection172] INFO  server.RaftServerConfigKeys (ConfUtils.java:logGet(43)) - raft.server.watch.timeout = 10s (default)
2019-09-20 10:25:41,144 | INFO  | SCMAudit | user=jenkins1000 | ip=192.168.36.99 | op=SEND_HEARTBEAT {datanodeUUID=c3e532f8-1a8e-44f3-b56b-d765aee893af, command=[]} | ret=SUCCESS |  
2019-09-20 10:25:41,144 | INFO  | SCMAudit | user=jenkins1000 | ip=192.168.36.99 | op=SEND_HEARTBEAT {datanodeUUID=e29464ab-17d7-4a4e-ab54-c178fccc723c, command=[]} | ret=SUCCESS |  
2019-09-20 10:25:41,144 | INFO  | SCMAudit | user=jenkins1000 | ip=192.168.36.99 | op=SEND_HEARTBEAT {datanodeUUID=e8013689-2f13-4aaf-8a03-99f419c430ec, command=[]} | ret=SUCCESS |  
2019-09-20 10:25:41,144 | INFO  | SCMAudit | user=jenkins1000 | ip=192.168.36.99 | op=SEND_HEARTBEAT {datanodeUUID=4d972e91-cb6b-45de-8bd2-c18af7abe58b, command=[]} | ret=SUCCESS |  
2019-09-20 10:25:41,144 | INFO  | SCMAudit | user=jenkins1000 | ip=192.168.36.99 | op=SEND_HEARTBEAT {datanodeUUID=136f1953-bb94-4097-a2d4-422a6782bee0, command=[]} | ret=SUCCESS |  
2019-09-20 10:25:41,144 | INFO  | SCMAudit | user=jenkins1000 | ip=192.168.36.99 | op=SEND_HEARTBEAT {datanodeUUID=99e70dd4-d763-4473-944c-c5628506dcf8, command=[]} | ret=SUCCESS |  
2019-09-20 10:25:41,144 | INFO  | SCMAudit | user=jenkins1000 | ip=192.168.36.99 | op=SEND_HEARTBEAT {datanodeUUID=b5962e8e-c9f1-48aa-8eb4-d8f74b8afdbe, command=[]} | ret=SUCCESS |  
2019-09-20 10:25:41,144 | INFO  | SCMAudit | user=jenkins1000 | ip=192.168.36.99 | op=SEND_HEARTBEAT {datanodeUUID=cff8bf6b-8d20-4327-9f29-08a3c2b49247, command=[]} | ret=SUCCESS |  
2019-09-20 10:25:41,144 | INFO  | SCMAudit | user=jenkins1000 | ip=192.168.36.99 | op=SEND_HEARTBEAT {datanodeUUID=9e03ffa9-cf79-407a-a150-4c035e5aec5e, command=[]} | ret=SUCCESS |  
2019-09-20 10:25:41,144 | INFO  | SCMAudit | user=jenkins1000 | ip=192.168.36.99 | op=SEND_HEARTBEAT {datanodeUUID=468be06f-55e9-4831-ba6b-3db017451a79, command=[]} | ret=SUCCESS |  
2019-09-20 10:25:41,144 | INFO  | SCMAudit | user=jenkins1000 | ip=192.168.36.99 | op=SEND_HEARTBEAT {datanodeUUID=54207fe5-d92c-4c2e-b058-fbae630dabef, command=[]} | ret=SUCCESS |  
2019-09-20 10:25:41,144 | INFO  | SCMAudit | user=jenkins1000 | ip=192.168.36.99 | op=SEND_HEARTBEAT {datanodeUUID=7af711bd-b5ae-4a73-a8be-b970cae6c2d1, command=[]} | ret=SUCCESS |  
2019-09-20 10:25:41,144 | INFO  | SCMAudit | user=jenkins1000 | ip=192.168.36.99 | op=SEND_HEARTBEAT {datanodeUUID=60260ec1-e192-4b95-89c8-d924d16a77a9, command=[]} | ret=SUCCESS |  
2019-09-20 10:25:41,144 | INFO  | SCMAudit | user=jenkins1000 | ip=192.168.36.99 | op=SEND_HEARTBEAT {datanodeUUID=17e2ba94-38a1-40e7-84e0-f6802901db84, command=[]} | ret=SUCCESS |  
2019-09-20 10:25:41,144 | INFO  | SCMAudit | user=jenkins1000 | ip=192.168.36.99 | op=SEND_HEARTBEAT {datanodeUUID=61649f92-8c0f-475a-818d-1064548aeef6, command=[]} | ret=SUCCESS |  
2019-09-20 10:25:41,144 | INFO  | SCMAudit | user=jenkins1000 | ip=192.168.36.99 | op=SEND_HEARTBEAT {datanodeUUID=6491c372-a595-4104-b3e9-c4f3293baafa, command=[]} | ret=SUCCESS |  
2019-09-20 10:25:41,144 | INFO  | SCMAudit | user=jenkins1000 | ip=192.168.36.99 | op=SEND_HEARTBEAT {datanodeUUID=99153be1-ba81-4c7b-b6ab-4442760615cb, command=[]} | ret=SUCCESS |  
2019-09-20 10:25:41,144 | INFO  | SCMAudit | user=jenkins1000 | ip=192.168.36.99 | op=SEND_HEARTBEAT {datanodeUUID=075fa85b-703c-4900-807d-88f08b36438a, command=[]} | ret=SUCCESS |  
2019-09-20 10:25:41,144 | INFO  | SCMAudit | user=jenkins1000 | ip=192.168.36.99 | op=SEND_HEARTBEAT {datanodeUUID=1bfb6844-04ed-4104-839b-60e510b6bb68, command=[]} | ret=SUCCESS |  
2019-09-20 10:25:41,144 | INFO  | SCMAudit | user=jenkins1000 | ip=192.168.36.99 | op=SEND_HEARTBEAT {datanodeUUID=fac63c4b-287e-453e-9ac7-8c8c283fdab7, command=[]} | ret=SUCCESS |  
2019-09-20 10:25:41,144 | INFO  | SCMAudit | user=jenkins1000 | ip=192.168.36.99 | op=SEND_HEARTBEAT {datanodeUUID=7f6418e1-cc7a-441a-8f41-c73576b5a1c5, command=[]} | ret=SUCCESS |  
2019-09-20 10:25:41,144 | INFO  | SCMAudit | user=jenkins1000 | ip=192.168.36.99 | op=SEND_HEARTBEAT {datanodeUUID=bb8f5112-316d-4974-a5a6-f698f3fbb5be, command=[]} | ret=SUCCESS |  
2019-09-20 10:25:41,144 | INFO  | SCMAudit | user=jenkins1000 | ip=192.168.36.99 | op=SEND_HEARTBEAT {datanodeUUID=1ab786b9-c79c-4265-88a1-5b3344c6beda, command=[]} | ret=SUCCESS |  
2019-09-20 10:25:41,144 | INFO  | SCMAudit | user=jenkins1000 | ip=192.168.36.99 | op=SEND_HEARTBEAT {datanodeUUID=66416d0b-a71c-4af1-ae3a-62ca63b880a3, command=[]} | ret=SUCCESS |  
2019-09-20 10:25:41,144 | INFO  | SCMAudit | user=jenkins1000 | ip=192.168.36.99 | op=SEND_HEARTBEAT {datanodeUUID=3d6f3241-e73c-473a-ad0b-c7be2f7e1dda, command=[]} | ret=SUCCESS |  
2019-09-20 10:25:41,144 | INFO  | SCMAudit | user=jenkins1000 | ip=192.168.36.99 | op=SEND_HEARTBEAT {datanodeUUID=ece458fc-6687-4915-9be7-f98d86977b7d, command=[]} | ret=SUCCESS |  
2019-09-20 10:25:41,144 | INFO  | SCMAudit | user=jenkins1000 | ip=192.168.36.99 | op=SEND_HEARTBEAT {datanodeUUID=19fb8383-7c99-4449-b95c-a26e71717844, command=[]} | ret=SUCCESS |  
2019-09-20 10:25:41,144 | INFO  | SCMAudit | user=jenkins1000 | ip=192.168.36.99 | op=SEND_HEARTBEAT {datanodeUUID=d2ed2d9b-7ac7-460e-84f6-6d9d6066f76d, command=[]} | ret=SUCCESS |  
2019-09-20 10:25:40,750 [main] INFO  hdfs.DFSUtil (DFSUtil.java:httpServerTemplateForNNAndJN(1641)) - Starting Web-server for hddsDatanode at: http://0.0.0.0:0
2019-09-20 10:25:41,146 [075fa85b-703c-4900-807d-88f08b36438a:group-961C3D32D481:LeaderElection173] INFO  impl.RaftServerImpl (ServerState.java:setRaftConf(361)) - 075fa85b-703c-4900-807d-88f08b36438a:group-961C3D32D481 set configuration 0: [075fa85b-703c-4900-807d-88f08b36438a:192.168.36.99:38301], old=null at 0
2019-09-20 10:25:41,144 [ece458fc-6687-4915-9be7-f98d86977b7d-SegmentedRaftLogWorker:Storage Directory /workdir/hadoop-ozone/integration-test/target/test-dir/MiniOzoneClusterImpl-280c06ed-bcb5-4979-9226-67616719d9ed/datanode-6/data/ratis/89a0177b-8465-4cd9-9a3d-4f82a1b4fb91] ERROR segmented.SegmentedRaftLogWorker (SegmentedRaftLogWorker.java:run(323)) - ece458fc-6687-4915-9be7-f98d86977b7d-SegmentedRaftLogWorker:Storage Directory /workdir/hadoop-ozone/integration-test/target/test-dir/MiniOzoneClusterImpl-280c06ed-bcb5-4979-9226-67616719d9ed/datanode-6/data/ratis/89a0177b-8465-4cd9-9a3d-4f82a1b4fb91 hit exception
java.lang.OutOfMemoryError: Direct buffer memory
	at java.nio.Bits.reserveMemory(Bits.java:666)
	at java.nio.DirectByteBuffer.<init>(DirectByteBuffer.java:123)
	at java.nio.ByteBuffer.allocateDirect(ByteBuffer.java:311)
	at org.apache.ratis.server.raftlog.segmented.BufferedWriteChannel.<init>(BufferedWriteChannel.java:41)
	at org.apache.ratis.server.raftlog.segmented.SegmentedRaftLogOutputStream.<init>(SegmentedRaftLogOutputStream.java:72)
	at org.apache.ratis.server.raftlog.segmented.SegmentedRaftLogWorker$StartLogSegment.execute(SegmentedRaftLogWorker.java:566)
	at org.apache.ratis.server.raftlog.segmented.SegmentedRaftLogWorker.run(SegmentedRaftLogWorker.java:289)
	at java.lang.Thread.run(Thread.java:748)
2019-09-20 10:25:41,146 [ece458fc-6687-4915-9be7-f98d86977b7d-SegmentedRaftLogWorker:Storage Directory /workdir/hadoop-ozone/integration-test/target/test-dir/MiniOzoneClusterImpl-280c06ed-bcb5-4979-9226-67616719d9ed/datanode-6/data/ratis/89a0177b-8465-4cd9-9a3d-4f82a1b4fb91] INFO  impl.RaftServerImpl (RaftServerImpl.java:lambda$shutdown$3(245)) - ece458fc-6687-4915-9be7-f98d86977b7d: shutdown group-4F82A1B4FB91
2019-09-20 10:25:40,752 [e29464ab-17d7-4a4e-ab54-c178fccc723c:group-9DD029744A42:LeaderElection172] INFO  server.RaftServerConfigKeys (ConfUtils.java:logGet(43)) - raft.server.watch.timeout.denomination = 1s (default)
2019-09-20 10:25:40,752 [e29464ab-17d7-4a4e-ab54-c178fccc723c-SegmentedRaftLogWorker:Storage Directory /workdir/hadoop-ozone/integration-test/target/test-dir/MiniOzoneClusterImpl-280c06ed-bcb5-4979-9226-67616719d9ed/datanode-2/data/ratis/01a9749c-d41e-4ed4-9506-e026fd1c3c19] INFO  segmented.SegmentedRaftLogWorker (SegmentedRaftLogWorker.java:close(228)) - e29464ab-17d7-4a4e-ab54-c178fccc723c-SegmentedRaftLogWorker:Storage Directory /workdir/hadoop-ozone/integration-test/target/test-dir/MiniOzoneClusterImpl-280c06ed-bcb5-4979-9226-67616719d9ed/datanode-2/data/ratis/01a9749c-d41e-4ed4-9506-e026fd1c3c19 close()
2019-09-20 10:25:40,752 [1bfb6844-04ed-4104-839b-60e510b6bb68-SegmentedRaftLogWorker:Storage Directory /workdir/hadoop-ozone/integration-test/target/test-dir/MiniOzoneClusterImpl-280c06ed-bcb5-4979-9226-67616719d9ed/datanode-3/data/ratis/cb92b45f-c7c4-47c4-880a-22a2006e1636] INFO  segmented.SegmentedRaftLogWorker (SegmentedRaftLogWorker.java:close(228)) - 1bfb6844-04ed-4104-839b-60e510b6bb68-SegmentedRaftLogWorker:Storage Directory /workdir/hadoop-ozone/integration-test/target/test-dir/MiniOzoneClusterImpl-280c06ed-bcb5-4979-9226-67616719d9ed/datanode-3/data/ratis/cb92b45f-c7c4-47c4-880a-22a2006e1636 close()
2019-09-20 10:25:41,147 [e29464ab-17d7-4a4e-ab54-c178fccc723c:group-9DD029744A42:LeaderElection172] INFO  server.RaftServerConfigKeys (ConfUtils.java:logGet(43)) - raft.server.watch.element-limit = 65536 (default)
2019-09-20 10:25:41,147 [ece458fc-6687-4915-9be7-f98d86977b7d-SegmentedRaftLogWorker:Storage Directory /workdir/hadoop-ozone/integration-test/target/test-dir/MiniOzoneClusterImpl-280c06ed-bcb5-4979-9226-67616719d9ed/datanode-6/data/ratis/89a0177b-8465-4cd9-9a3d-4f82a1b4fb91] INFO  util.JmxRegister (JmxRegister.java:unregister(73)) - Successfully un-registered JMX Bean with object name Ratis:service=RaftServer,group=group-4F82A1B4FB91,id=ece458fc-6687-4915-9be7-f98d86977b7d
2019-09-20 10:25:41,148 [e29464ab-17d7-4a4e-ab54-c178fccc723c:group-9DD029744A42:LeaderElection172] INFO  impl.RoleInfo (RoleInfo.java:updateAndGet(143)) - e29464ab-17d7-4a4e-ab54-c178fccc723c: start LeaderState
2019-09-20 10:25:41,148 [main] INFO  server.AuthenticationFilter (AuthenticationFilter.java:constructSecretProvider(240)) - Unable to initialize FileSignerSecretProvider, falling back to use random secrets.
2019-09-20 10:25:41,148 [ece458fc-6687-4915-9be7-f98d86977b7d-SegmentedRaftLogWorker:Storage Directory /workdir/hadoop-ozone/integration-test/target/test-dir/MiniOzoneClusterImpl-280c06ed-bcb5-4979-9226-67616719d9ed/datanode-6/data/ratis/89a0177b-8465-4cd9-9a3d-4f82a1b4fb91] INFO  impl.RoleInfo (RoleInfo.java:shutdownLeaderState(104)) - ece458fc-6687-4915-9be7-f98d86977b7d: shutdown LeaderState
2019-09-20 10:25:41,148 [e29464ab-17d7-4a4e-ab54-c178fccc723c:group-9DD029744A42:LeaderElection172] INFO  segmented.SegmentedRaftLogWorker (SegmentedRaftLogWorker.java:startLogSegment(380)) - e29464ab-17d7-4a4e-ab54-c178fccc723c-SegmentedRaftLogWorker:Storage Directory /workdir/hadoop-ozone/integration-test/target/test-dir/MiniOzoneClusterImpl-280c06ed-bcb5-4979-9226-67616719d9ed/datanode-2/data/ratis/382c3d44-f644-42c4-a242-9dd029744a42: Starting segment from index:0
2019-09-20 10:25:41,148 [ece458fc-6687-4915-9be7-f98d86977b7d-SegmentedRaftLogWorker:Storage Directory /workdir/hadoop-ozone/integration-test/target/test-dir/MiniOzoneClusterImpl-280c06ed-bcb5-4979-9226-67616719d9ed/datanode-6/data/ratis/89a0177b-8465-4cd9-9a3d-4f82a1b4fb91] INFO  impl.PendingRequests (PendingRequests.java:sendNotLeaderResponses(202)) - ece458fc-6687-4915-9be7-f98d86977b7d-PendingRequests: sendNotLeaderResponses
2019-09-20 10:25:41,148 [main] WARN  http.HttpRequestLog (HttpRequestLog.java:getRequestLog(97)) - Jetty request log can only be enabled using Log4j
2019-09-20 10:25:41,149 [ece458fc-6687-4915-9be7-f98d86977b7d-SegmentedRaftLogWorker:Storage Directory /workdir/hadoop-ozone/integration-test/target/test-dir/MiniOzoneClusterImpl-280c06ed-bcb5-4979-9226-67616719d9ed/datanode-6/data/ratis/89a0177b-8465-4cd9-9a3d-4f82a1b4fb91] INFO  impl.StateMachineUpdater (StateMachineUpdater.java:stopAndJoin(115)) - StateMachineUpdater:ece458fc-6687-4915-9be7-f98d86977b7d:group-4F82A1B4FB91: set stopIndex = -1
2019-09-20 10:25:41,149 [e29464ab-17d7-4a4e-ab54-c178fccc723c:group-9DD029744A42:LeaderElection172] INFO  impl.RaftServerImpl (ServerState.java:setRaftConf(361)) - e29464ab-17d7-4a4e-ab54-c178fccc723c:group-9DD029744A42 set configuration 0: [e29464ab-17d7-4a4e-ab54-c178fccc723c:192.168.36.99:36623], old=null at 0
2019-09-20 10:25:41,149 [ece458fc-6687-4915-9be7-f98d86977b7d-SegmentedRaftLogWorker:Storage Directory /workdir/hadoop-ozone/integration-test/target/test-dir/MiniOzoneClusterImpl-280c06ed-bcb5-4979-9226-67616719d9ed/datanode-6/data/ratis/89a0177b-8465-4cd9-9a3d-4f82a1b4fb91] INFO  impl.RaftServerImpl (ServerState.java:close(394)) - ece458fc-6687-4915-9be7-f98d86977b7d:group-4F82A1B4FB91 closes. The last applied log index is -1
2019-09-20 10:25:41,530 [ece458fc-6687-4915-9be7-f98d86977b7d-SegmentedRaftLogWorker:Storage Directory /workdir/hadoop-ozone/integration-test/target/test-dir/MiniOzoneClusterImpl-280c06ed-bcb5-4979-9226-67616719d9ed/datanode-6/data/ratis/89a0177b-8465-4cd9-9a3d-4f82a1b4fb91] INFO  segmented.SegmentedRaftLogWorker (SegmentedRaftLogWorker.java:close(228)) - ece458fc-6687-4915-9be7-f98d86977b7d-SegmentedRaftLogWorker:Storage Directory /workdir/hadoop-ozone/integration-test/target/test-dir/MiniOzoneClusterImpl-280c06ed-bcb5-4979-9226-67616719d9ed/datanode-6/data/ratis/89a0177b-8465-4cd9-9a3d-4f82a1b4fb91 close()
2019-09-20 10:25:41,531 [main] INFO  http.HttpServer2 (HttpServer2.java:addGlobalFilter(975)) - Added global filter 'safety' (class=org.apache.hadoop.http.HttpServer2$QuotingInputFilter)
2019-09-20 10:25:41,531 [main] INFO  http.HttpServer2 (HttpServer2.java:addFilter(948)) - Added filter static_user_filter (class=org.apache.hadoop.http.lib.StaticUserWebFilter$StaticUserFilter) to context hddsDatanode
2019-09-20 10:25:41,532 [main] INFO  http.HttpServer2 (HttpServer2.java:addFilter(958)) - Added filter static_user_filter (class=org.apache.hadoop.http.lib.StaticUserWebFilter$StaticUserFilter) to context static
2019-09-20 10:25:41,532 [main] INFO  http.HttpServer2 (HttpServer2.java:addFilter(958)) - Added filter static_user_filter (class=org.apache.hadoop.http.lib.StaticUserWebFilter$StaticUserFilter) to context logs
2019-09-20 10:25:41,533 [main] INFO  http.HttpServer2 (HttpServer2.java:bindListener(1191)) - Jetty bound to port 38224
2019-09-20 10:25:41,533 [main] INFO  server.Server (Server.java:doStart(351)) - jetty-9.3.24.v20180605, build timestamp: 2018-06-05T17:11:56Z, git hash: 84205aa28f11a4f31f2a3b86d1bba2cc8ab69827
2019-09-20 10:25:41,535 [main] INFO  handler.ContextHandler (ContextHandler.java:doStart(781)) - Started o.e.j.s.ServletContextHandler@403b7be3{/logs,file:///workdir/hadoop-ozone/integration-test/target/log,AVAILABLE}
2019-09-20 10:25:41,535 [main] INFO  handler.ContextHandler (ContextHandler.java:doStart(781)) - Started o.e.j.s.ServletContextHandler@39e91bda{/static,jar:file:/home/user/.m2/repository/org/apache/hadoop/hadoop-hdds-container-service/0.5.0-SNAPSHOT/hadoop-hdds-container-service-0.5.0-SNAPSHOT.jar!/webapps/static,AVAILABLE}
2019-09-20 10:25:41,562 [main] INFO  handler.ContextHandler (ContextHandler.java:doStart(781)) - Started o.e.j.w.WebAppContext@672549f3{/,file:///tmp/jetty-0.0.0.0-38224-hddsDatanode-_-any-9001337478737130562.dir/webapp/,AVAILABLE}{/hddsDatanode}
2019-09-20 10:25:41,562 [main] INFO  server.AbstractConnector (AbstractConnector.java:doStart(278)) - Started ServerConnector@4791d904{HTTP/1.1,[http/1.1]}{0.0.0.0:38224}
2019-09-20 10:25:41,574 [main] INFO  server.Server (Server.java:doStart(419)) - Started @102942ms
2019-09-20 10:25:41,575 [main] INFO  server.BaseHttpServer (BaseHttpServer.java:updateConnectorAddress(213)) - HTTP server of HDDSDATANODE is listening at http://0.0.0.0:38224
2019-09-20 10:25:41,687 | INFO  | ObjectStoreRestHttpServer | Listening HDDS REST traffic on /0.0.0.0:32980 |  
2019-09-20 10:25:41,687 [main] INFO  ozone.HddsDatanodeService (HddsDatanodeService.java:startPlugins(395)) - Started plug-in org.apache.hadoop.ozone.web.OzoneHddsDatanodeService@493ed8e6
2019-09-20 10:25:41,688 [main] INFO  impl.MetricsSystemImpl (MetricsSystemImpl.java:init(158)) - HddsDatanode metrics system started (again)
2019-09-20 10:25:41,784 [e29464ab-17d7-4a4e-ab54-c178fccc723c-SegmentedRaftLogWorker:Storage Directory /workdir/hadoop-ozone/integration-test/target/test-dir/MiniOzoneClusterImpl-280c06ed-bcb5-4979-9226-67616719d9ed/datanode-2/data/ratis/577052bf-06ec-4cd8-932a-21276ecfd8c5] ERROR segmented.SegmentedRaftLogWorker (SegmentedRaftLogWorker.java:run(323)) - e29464ab-17d7-4a4e-ab54-c178fccc723c-SegmentedRaftLogWorker:Storage Directory /workdir/hadoop-ozone/integration-test/target/test-dir/MiniOzoneClusterImpl-280c06ed-bcb5-4979-9226-67616719d9ed/datanode-2/data/ratis/577052bf-06ec-4cd8-932a-21276ecfd8c5 hit exception
java.lang.OutOfMemoryError: Direct buffer memory
	at java.nio.Bits.reserveMemory(Bits.java:666)
	at java.nio.DirectByteBuffer.<init>(DirectByteBuffer.java:123)
	at java.nio.ByteBuffer.allocateDirect(ByteBuffer.java:311)
	at org.apache.ratis.server.raftlog.segmented.BufferedWriteChannel.<init>(BufferedWriteChannel.java:41)
	at org.apache.ratis.server.raftlog.segmented.SegmentedRaftLogOutputStream.<init>(SegmentedRaftLogOutputStream.java:72)
	at org.apache.ratis.server.raftlog.segmented.SegmentedRaftLogWorker$StartLogSegment.execute(SegmentedRaftLogWorker.java:566)
	at org.apache.ratis.server.raftlog.segmented.SegmentedRaftLogWorker.run(SegmentedRaftLogWorker.java:289)
	at java.lang.Thread.run(Thread.java:748)
2019-09-20 10:25:41,784 [e29464ab-17d7-4a4e-ab54-c178fccc723c-SegmentedRaftLogWorker:Storage Directory /workdir/hadoop-ozone/integration-test/target/test-dir/MiniOzoneClusterImpl-280c06ed-bcb5-4979-9226-67616719d9ed/datanode-2/data/ratis/577052bf-06ec-4cd8-932a-21276ecfd8c5] INFO  impl.RaftServerImpl (RaftServerImpl.java:lambda$shutdown$3(245)) - e29464ab-17d7-4a4e-ab54-c178fccc723c: shutdown group-21276ECFD8C5
2019-09-20 10:25:41,784 [e29464ab-17d7-4a4e-ab54-c178fccc723c-SegmentedRaftLogWorker:Storage Directory /workdir/hadoop-ozone/integration-test/target/test-dir/MiniOzoneClusterImpl-280c06ed-bcb5-4979-9226-67616719d9ed/datanode-2/data/ratis/577052bf-06ec-4cd8-932a-21276ecfd8c5] INFO  util.JmxRegister (JmxRegister.java:unregister(73)) - Successfully un-registered JMX Bean with object name Ratis:service=RaftServer,group=group-21276ECFD8C5,id=e29464ab-17d7-4a4e-ab54-c178fccc723c
2019-09-20 10:25:41,784 [e29464ab-17d7-4a4e-ab54-c178fccc723c-SegmentedRaftLogWorker:Storage Directory /workdir/hadoop-ozone/integration-test/target/test-dir/MiniOzoneClusterImpl-280c06ed-bcb5-4979-9226-67616719d9ed/datanode-2/data/ratis/577052bf-06ec-4cd8-932a-21276ecfd8c5] INFO  impl.RoleInfo (RoleInfo.java:shutdownLeaderState(104)) - e29464ab-17d7-4a4e-ab54-c178fccc723c: shutdown LeaderState
2019-09-20 10:25:41,785 [e29464ab-17d7-4a4e-ab54-c178fccc723c-SegmentedRaftLogWorker:Storage Directory /workdir/hadoop-ozone/integration-test/target/test-dir/MiniOzoneClusterImpl-280c06ed-bcb5-4979-9226-67616719d9ed/datanode-2/data/ratis/577052bf-06ec-4cd8-932a-21276ecfd8c5] INFO  impl.PendingRequests (PendingRequests.java:sendNotLeaderResponses(202)) - e29464ab-17d7-4a4e-ab54-c178fccc723c-PendingRequests: sendNotLeaderResponses
2019-09-20 10:25:41,785 [e29464ab-17d7-4a4e-ab54-c178fccc723c-SegmentedRaftLogWorker:Storage Directory /workdir/hadoop-ozone/integration-test/target/test-dir/MiniOzoneClusterImpl-280c06ed-bcb5-4979-9226-67616719d9ed/datanode-2/data/ratis/577052bf-06ec-4cd8-932a-21276ecfd8c5] INFO  impl.StateMachineUpdater (StateMachineUpdater.java:stopAndJoin(115)) - StateMachineUpdater:e29464ab-17d7-4a4e-ab54-c178fccc723c:group-21276ECFD8C5: set stopIndex = -1
2019-09-20 10:25:41,785 [e29464ab-17d7-4a4e-ab54-c178fccc723c-SegmentedRaftLogWorker:Storage Directory /workdir/hadoop-ozone/integration-test/target/test-dir/MiniOzoneClusterImpl-280c06ed-bcb5-4979-9226-67616719d9ed/datanode-2/data/ratis/577052bf-06ec-4cd8-932a-21276ecfd8c5] INFO  impl.RaftServerImpl (ServerState.java:close(394)) - e29464ab-17d7-4a4e-ab54-c178fccc723c:group-21276ECFD8C5 closes. The last applied log index is -1
2019-09-20 10:25:41,785 [e29464ab-17d7-4a4e-ab54-c178fccc723c-SegmentedRaftLogWorker:Storage Directory /workdir/hadoop-ozone/integration-test/target/test-dir/MiniOzoneClusterImpl-280c06ed-bcb5-4979-9226-67616719d9ed/datanode-2/data/ratis/577052bf-06ec-4cd8-932a-21276ecfd8c5] INFO  segmented.SegmentedRaftLogWorker (SegmentedRaftLogWorker.java:close(228)) - e29464ab-17d7-4a4e-ab54-c178fccc723c-SegmentedRaftLogWorker:Storage Directory /workdir/hadoop-ozone/integration-test/target/test-dir/MiniOzoneClusterImpl-280c06ed-bcb5-4979-9226-67616719d9ed/datanode-2/data/ratis/577052bf-06ec-4cd8-932a-21276ecfd8c5 close()
2019-09-20 10:25:41,906 [org.apache.hadoop.util.JvmPauseMonitor$Monitor@60ee9d4] INFO  util.JvmPauseMonitor (JvmPauseMonitor.java:run(188)) - Starting JVM pause monitor
2019-09-20 10:25:41,908 [Datanode State Machine Thread - 0] INFO  datanode.InitDatanodeState (InitDatanodeState.java:persistContainerDatanodeDetails(140)) - DatanodeDetails is persisted to /workdir/hadoop-ozone/integration-test/target/test-dir/MiniOzoneClusterImpl-023400ba-597c-4990-9952-187ab727187d/datanode-0/meta/datanode.id
2019-09-20 10:25:41,910 [main] INFO  ozone.HddsDatanodeService (HddsDatanodeService.java:start(184)) - HddsDatanodeService host:pr-hdds-1569-p5fx8-1226042367 ip:192.168.36.99
2019-09-20 10:25:41,913 [99153be1-ba81-4c7b-b6ab-4442760615cb-SegmentedRaftLogWorker:Storage Directory /workdir/hadoop-ozone/integration-test/target/test-dir/MiniOzoneClusterImpl-280c06ed-bcb5-4979-9226-67616719d9ed/datanode-1/data/ratis/95e159f1-0cc1-40e4-94b3-9ec3dcf23bfa] ERROR segmented.SegmentedRaftLogWorker (SegmentedRaftLogWorker.java:run(323)) - 99153be1-ba81-4c7b-b6ab-4442760615cb-SegmentedRaftLogWorker:Storage Directory /workdir/hadoop-ozone/integration-test/target/test-dir/MiniOzoneClusterImpl-280c06ed-bcb5-4979-9226-67616719d9ed/datanode-1/data/ratis/95e159f1-0cc1-40e4-94b3-9ec3dcf23bfa hit exception
java.lang.OutOfMemoryError: Direct buffer memory
	at java.nio.Bits.reserveMemory(Bits.java:666)
	at java.nio.DirectByteBuffer.<init>(DirectByteBuffer.java:123)
	at java.nio.ByteBuffer.allocateDirect(ByteBuffer.java:311)
	at org.apache.ratis.server.raftlog.segmented.BufferedWriteChannel.<init>(BufferedWriteChannel.java:41)
	at org.apache.ratis.server.raftlog.segmented.SegmentedRaftLogOutputStream.<init>(SegmentedRaftLogOutputStream.java:72)
	at org.apache.ratis.server.raftlog.segmented.SegmentedRaftLogWorker$StartLogSegment.execute(SegmentedRaftLogWorker.java:566)
	at org.apache.ratis.server.raftlog.segmented.SegmentedRaftLogWorker.run(SegmentedRaftLogWorker.java:289)
	at java.lang.Thread.run(Thread.java:748)
2019-09-20 10:25:41,913 [fac63c4b-287e-453e-9ac7-8c8c283fdab7-SegmentedRaftLogWorker:Storage Directory /workdir/hadoop-ozone/integration-test/target/test-dir/MiniOzoneClusterImpl-280c06ed-bcb5-4979-9226-67616719d9ed/datanode-0/data/ratis/d435cf88-1db5-4cd5-9c6a-af75374769b9] ERROR segmented.SegmentedRaftLogWorker (SegmentedRaftLogWorker.java:run(323)) - fac63c4b-287e-453e-9ac7-8c8c283fdab7-SegmentedRaftLogWorker:Storage Directory /workdir/hadoop-ozone/integration-test/target/test-dir/MiniOzoneClusterImpl-280c06ed-bcb5-4979-9226-67616719d9ed/datanode-0/data/ratis/d435cf88-1db5-4cd5-9c6a-af75374769b9 hit exception
java.lang.OutOfMemoryError: Direct buffer memory
	at java.nio.Bits.reserveMemory(Bits.java:666)
	at java.nio.DirectByteBuffer.<init>(DirectByteBuffer.java:123)
	at java.nio.ByteBuffer.allocateDirect(ByteBuffer.java:311)
	at org.apache.ratis.server.raftlog.segmented.BufferedWriteChannel.<init>(BufferedWriteChannel.java:41)
	at org.apache.ratis.server.raftlog.segmented.SegmentedRaftLogOutputStream.<init>(SegmentedRaftLogOutputStream.java:72)
	at org.apache.ratis.server.raftlog.segmented.SegmentedRaftLogWorker$StartLogSegment.execute(SegmentedRaftLogWorker.java:566)
	at org.apache.ratis.server.raftlog.segmented.SegmentedRaftLogWorker.run(SegmentedRaftLogWorker.java:289)
	at java.lang.Thread.run(Thread.java:748)
2019-09-20 10:25:41,914 [fac63c4b-287e-453e-9ac7-8c8c283fdab7-SegmentedRaftLogWorker:Storage Directory /workdir/hadoop-ozone/integration-test/target/test-dir/MiniOzoneClusterImpl-280c06ed-bcb5-4979-9226-67616719d9ed/datanode-0/data/ratis/d435cf88-1db5-4cd5-9c6a-af75374769b9] INFO  impl.RaftServerImpl (RaftServerImpl.java:lambda$shutdown$3(245)) - fac63c4b-287e-453e-9ac7-8c8c283fdab7: shutdown group-AF75374769B9
2019-09-20 10:25:41,913 [fac63c4b-287e-453e-9ac7-8c8c283fdab7-SegmentedRaftLogWorker:Storage Directory /workdir/hadoop-ozone/integration-test/target/test-dir/MiniOzoneClusterImpl-280c06ed-bcb5-4979-9226-67616719d9ed/datanode-0/data/ratis/bbe12489-1cc2-49b2-ade0-92b61acbda5d] ERROR segmented.SegmentedRaftLogWorker (SegmentedRaftLogWorker.java:run(323)) - fac63c4b-287e-453e-9ac7-8c8c283fdab7-SegmentedRaftLogWorker:Storage Directory /workdir/hadoop-ozone/integration-test/target/test-dir/MiniOzoneClusterImpl-280c06ed-bcb5-4979-9226-67616719d9ed/datanode-0/data/ratis/bbe12489-1cc2-49b2-ade0-92b61acbda5d hit exception
java.lang.OutOfMemoryError: Direct buffer memory
	at java.nio.Bits.reserveMemory(Bits.java:666)
	at java.nio.DirectByteBuffer.<init>(DirectByteBuffer.java:123)
	at java.nio.ByteBuffer.allocateDirect(ByteBuffer.java:311)
	at org.apache.ratis.server.raftlog.segmented.BufferedWriteChannel.<init>(BufferedWriteChannel.java:41)
	at org.apache.ratis.server.raftlog.segmented.SegmentedRaftLogOutputStream.<init>(SegmentedRaftLogOutputStream.java:72)
	at org.apache.ratis.server.raftlog.segmented.SegmentedRaftLogWorker$StartLogSegment.execute(SegmentedRaftLogWorker.java:566)
	at org.apache.ratis.server.raftlog.segmented.SegmentedRaftLogWorker.run(SegmentedRaftLogWorker.java:289)
	at java.lang.Thread.run(Thread.java:748)
2019-09-20 10:25:41,914 [fac63c4b-287e-453e-9ac7-8c8c283fdab7-SegmentedRaftLogWorker:Storage Directory /workdir/hadoop-ozone/integration-test/target/test-dir/MiniOzoneClusterImpl-280c06ed-bcb5-4979-9226-67616719d9ed/datanode-0/data/ratis/d435cf88-1db5-4cd5-9c6a-af75374769b9] INFO  util.JmxRegister (JmxRegister.java:unregister(73)) - Successfully un-registered JMX Bean with object name Ratis:service=RaftServer,group=group-AF75374769B9,id=fac63c4b-287e-453e-9ac7-8c8c283fdab7
2019-09-20 10:25:41,914 [fac63c4b-287e-453e-9ac7-8c8c283fdab7-SegmentedRaftLogWorker:Storage Directory /workdir/hadoop-ozone/integration-test/target/test-dir/MiniOzoneClusterImpl-280c06ed-bcb5-4979-9226-67616719d9ed/datanode-0/data/ratis/d435cf88-1db5-4cd5-9c6a-af75374769b9] INFO  impl.RoleInfo (RoleInfo.java:shutdownLeaderState(104)) - fac63c4b-287e-453e-9ac7-8c8c283fdab7: shutdown LeaderState
2019-09-20 10:25:41,913 [99153be1-ba81-4c7b-b6ab-4442760615cb-SegmentedRaftLogWorker:Storage Directory /workdir/hadoop-ozone/integration-test/target/test-dir/MiniOzoneClusterImpl-280c06ed-bcb5-4979-9226-67616719d9ed/datanode-1/data/ratis/95e159f1-0cc1-40e4-94b3-9ec3dcf23bfa] INFO  impl.RaftServerImpl (RaftServerImpl.java:lambda$shutdown$3(245)) - 99153be1-ba81-4c7b-b6ab-4442760615cb: shutdown group-9EC3DCF23BFA
2019-09-20 10:25:41,914 [fac63c4b-287e-453e-9ac7-8c8c283fdab7-SegmentedRaftLogWorker:Storage Directory /workdir/hadoop-ozone/integration-test/target/test-dir/MiniOzoneClusterImpl-280c06ed-bcb5-4979-9226-67616719d9ed/datanode-0/data/ratis/d435cf88-1db5-4cd5-9c6a-af75374769b9] INFO  impl.PendingRequests (PendingRequests.java:sendNotLeaderResponses(202)) - fac63c4b-287e-453e-9ac7-8c8c283fdab7-PendingRequests: sendNotLeaderResponses
2019-09-20 10:25:41,914 [fac63c4b-287e-453e-9ac7-8c8c283fdab7-SegmentedRaftLogWorker:Storage Directory /workdir/hadoop-ozone/integration-test/target/test-dir/MiniOzoneClusterImpl-280c06ed-bcb5-4979-9226-67616719d9ed/datanode-0/data/ratis/bbe12489-1cc2-49b2-ade0-92b61acbda5d] INFO  impl.RaftServerImpl (RaftServerImpl.java:lambda$shutdown$3(245)) - fac63c4b-287e-453e-9ac7-8c8c283fdab7: shutdown group-92B61ACBDA5D
2019-09-20 10:25:41,915 [fac63c4b-287e-453e-9ac7-8c8c283fdab7-SegmentedRaftLogWorker:Storage Directory /workdir/hadoop-ozone/integration-test/target/test-dir/MiniOzoneClusterImpl-280c06ed-bcb5-4979-9226-67616719d9ed/datanode-0/data/ratis/d435cf88-1db5-4cd5-9c6a-af75374769b9] INFO  impl.StateMachineUpdater (StateMachineUpdater.java:stopAndJoin(115)) - StateMachineUpdater:fac63c4b-287e-453e-9ac7-8c8c283fdab7:group-AF75374769B9: set stopIndex = -1
2019-09-20 10:25:41,915 [fac63c4b-287e-453e-9ac7-8c8c283fdab7-SegmentedRaftLogWorker:Storage Directory /workdir/hadoop-ozone/integration-test/target/test-dir/MiniOzoneClusterImpl-280c06ed-bcb5-4979-9226-67616719d9ed/datanode-0/data/ratis/d435cf88-1db5-4cd5-9c6a-af75374769b9] INFO  impl.RaftServerImpl (ServerState.java:close(394)) - fac63c4b-287e-453e-9ac7-8c8c283fdab7:group-AF75374769B9 closes. The last applied log index is -1
2019-09-20 10:25:41,914 [99153be1-ba81-4c7b-b6ab-4442760615cb-SegmentedRaftLogWorker:Storage Directory /workdir/hadoop-ozone/integration-test/target/test-dir/MiniOzoneClusterImpl-280c06ed-bcb5-4979-9226-67616719d9ed/datanode-1/data/ratis/95e159f1-0cc1-40e4-94b3-9ec3dcf23bfa] INFO  util.JmxRegister (JmxRegister.java:unregister(73)) - Successfully un-registered JMX Bean with object name Ratis:service=RaftServer,group=group-9EC3DCF23BFA,id=99153be1-ba81-4c7b-b6ab-4442760615cb
2019-09-20 10:25:41,915 [fac63c4b-287e-453e-9ac7-8c8c283fdab7-SegmentedRaftLogWorker:Storage Directory /workdir/hadoop-ozone/integration-test/target/test-dir/MiniOzoneClusterImpl-280c06ed-bcb5-4979-9226-67616719d9ed/datanode-0/data/ratis/d435cf88-1db5-4cd5-9c6a-af75374769b9] INFO  segmented.SegmentedRaftLogWorker (SegmentedRaftLogWorker.java:close(228)) - fac63c4b-287e-453e-9ac7-8c8c283fdab7-SegmentedRaftLogWorker:Storage Directory /workdir/hadoop-ozone/integration-test/target/test-dir/MiniOzoneClusterImpl-280c06ed-bcb5-4979-9226-67616719d9ed/datanode-0/data/ratis/d435cf88-1db5-4cd5-9c6a-af75374769b9 close()
2019-09-20 10:25:41,915 [fac63c4b-287e-453e-9ac7-8c8c283fdab7-SegmentedRaftLogWorker:Storage Directory /workdir/hadoop-ozone/integration-test/target/test-dir/MiniOzoneClusterImpl-280c06ed-bcb5-4979-9226-67616719d9ed/datanode-0/data/ratis/bbe12489-1cc2-49b2-ade0-92b61acbda5d] INFO  util.JmxRegister (JmxRegister.java:unregister(73)) - Successfully un-registered JMX Bean with object name Ratis:service=RaftServer,group=group-92B61ACBDA5D,id=fac63c4b-287e-453e-9ac7-8c8c283fdab7
2019-09-20 10:25:41,915 [99153be1-ba81-4c7b-b6ab-4442760615cb-SegmentedRaftLogWorker:Storage Directory /workdir/hadoop-ozone/integration-test/target/test-dir/MiniOzoneClusterImpl-280c06ed-bcb5-4979-9226-67616719d9ed/datanode-1/data/ratis/95e159f1-0cc1-40e4-94b3-9ec3dcf23bfa] INFO  impl.RoleInfo (RoleInfo.java:shutdownLeaderState(104)) - 99153be1-ba81-4c7b-b6ab-4442760615cb: shutdown LeaderState
2019-09-20 10:25:41,915 [fac63c4b-287e-453e-9ac7-8c8c283fdab7-SegmentedRaftLogWorker:Storage Directory /workdir/hadoop-ozone/integration-test/target/test-dir/MiniOzoneClusterImpl-280c06ed-bcb5-4979-9226-67616719d9ed/datanode-0/data/ratis/bbe12489-1cc2-49b2-ade0-92b61acbda5d] INFO  impl.RoleInfo (RoleInfo.java:shutdownLeaderState(104)) - fac63c4b-287e-453e-9ac7-8c8c283fdab7: shutdown LeaderState
2019-09-20 10:25:41,915 [99153be1-ba81-4c7b-b6ab-4442760615cb-SegmentedRaftLogWorker:Storage Directory /workdir/hadoop-ozone/integration-test/target/test-dir/MiniOzoneClusterImpl-280c06ed-bcb5-4979-9226-67616719d9ed/datanode-1/data/ratis/95e159f1-0cc1-40e4-94b3-9ec3dcf23bfa] INFO  impl.PendingRequests (PendingRequests.java:sendNotLeaderResponses(202)) - 99153be1-ba81-4c7b-b6ab-4442760615cb-PendingRequests: sendNotLeaderResponses
2019-09-20 10:25:41,916 [fac63c4b-287e-453e-9ac7-8c8c283fdab7-SegmentedRaftLogWorker:Storage Directory /workdir/hadoop-ozone/integration-test/target/test-dir/MiniOzoneClusterImpl-280c06ed-bcb5-4979-9226-67616719d9ed/datanode-0/data/ratis/bbe12489-1cc2-49b2-ade0-92b61acbda5d] INFO  impl.PendingRequests (PendingRequests.java:sendNotLeaderResponses(202)) - fac63c4b-287e-453e-9ac7-8c8c283fdab7-PendingRequests: sendNotLeaderResponses
2019-09-20 10:25:41,916 [99153be1-ba81-4c7b-b6ab-4442760615cb-SegmentedRaftLogWorker:Storage Directory /workdir/hadoop-ozone/integration-test/target/test-dir/MiniOzoneClusterImpl-280c06ed-bcb5-4979-9226-67616719d9ed/datanode-1/data/ratis/95e159f1-0cc1-40e4-94b3-9ec3dcf23bfa] INFO  impl.StateMachineUpdater (StateMachineUpdater.java:stopAndJoin(115)) - StateMachineUpdater:99153be1-ba81-4c7b-b6ab-4442760615cb:group-9EC3DCF23BFA: set stopIndex = -1
2019-09-20 10:25:41,916 [fac63c4b-287e-453e-9ac7-8c8c283fdab7-SegmentedRaftLogWorker:Storage Directory /workdir/hadoop-ozone/integration-test/target/test-dir/MiniOzoneClusterImpl-280c06ed-bcb5-4979-9226-67616719d9ed/datanode-0/data/ratis/bbe12489-1cc2-49b2-ade0-92b61acbda5d] INFO  impl.StateMachineUpdater (StateMachineUpdater.java:stopAndJoin(115)) - StateMachineUpdater:fac63c4b-287e-453e-9ac7-8c8c283fdab7:group-92B61ACBDA5D: set stopIndex = -1
2019-09-20 10:25:41,916 [99153be1-ba81-4c7b-b6ab-4442760615cb-SegmentedRaftLogWorker:Storage Directory /workdir/hadoop-ozone/integration-test/target/test-dir/MiniOzoneClusterImpl-280c06ed-bcb5-4979-9226-67616719d9ed/datanode-1/data/ratis/95e159f1-0cc1-40e4-94b3-9ec3dcf23bfa] INFO  impl.RaftServerImpl (ServerState.java:close(394)) - 99153be1-ba81-4c7b-b6ab-4442760615cb:group-9EC3DCF23BFA closes. The last applied log index is -1
2019-09-20 10:25:41,916 [fac63c4b-287e-453e-9ac7-8c8c283fdab7-SegmentedRaftLogWorker:Storage Directory /workdir/hadoop-ozone/integration-test/target/test-dir/MiniOzoneClusterImpl-280c06ed-bcb5-4979-9226-67616719d9ed/datanode-0/data/ratis/bbe12489-1cc2-49b2-ade0-92b61acbda5d] INFO  impl.RaftServerImpl (ServerState.java:close(394)) - fac63c4b-287e-453e-9ac7-8c8c283fdab7:group-92B61ACBDA5D closes. The last applied log index is -1
2019-09-20 10:25:41,916 [99153be1-ba81-4c7b-b6ab-4442760615cb-SegmentedRaftLogWorker:Storage Directory /workdir/hadoop-ozone/integration-test/target/test-dir/MiniOzoneClusterImpl-280c06ed-bcb5-4979-9226-67616719d9ed/datanode-1/data/ratis/95e159f1-0cc1-40e4-94b3-9ec3dcf23bfa] INFO  segmented.SegmentedRaftLogWorker (SegmentedRaftLogWorker.java:close(228)) - 99153be1-ba81-4c7b-b6ab-4442760615cb-SegmentedRaftLogWorker:Storage Directory /workdir/hadoop-ozone/integration-test/target/test-dir/MiniOzoneClusterImpl-280c06ed-bcb5-4979-9226-67616719d9ed/datanode-1/data/ratis/95e159f1-0cc1-40e4-94b3-9ec3dcf23bfa close()
2019-09-20 10:25:41,916 [fac63c4b-287e-453e-9ac7-8c8c283fdab7-SegmentedRaftLogWorker:Storage Directory /workdir/hadoop-ozone/integration-test/target/test-dir/MiniOzoneClusterImpl-280c06ed-bcb5-4979-9226-67616719d9ed/datanode-0/data/ratis/bbe12489-1cc2-49b2-ade0-92b61acbda5d] INFO  segmented.SegmentedRaftLogWorker (SegmentedRaftLogWorker.java:close(228)) - fac63c4b-287e-453e-9ac7-8c8c283fdab7-SegmentedRaftLogWorker:Storage Directory /workdir/hadoop-ozone/integration-test/target/test-dir/MiniOzoneClusterImpl-280c06ed-bcb5-4979-9226-67616719d9ed/datanode-0/data/ratis/bbe12489-1cc2-49b2-ade0-92b61acbda5d close()
2019-09-20 10:25:41,941 [main] INFO  volume.HddsVolume (HddsVolume.java:<init>(176)) - Creating Volume: /workdir/hadoop-ozone/integration-test/target/test-dir/MiniOzoneClusterImpl-023400ba-597c-4990-9952-187ab727187d/datanode-1/data/containers/hdds of  storage type : DISK and capacity : 1482555576320
2019-09-20 10:25:41,941 [main] INFO  volume.VolumeSet (VolumeSet.java:initializeVolumeSet(170)) - Added Volume : /workdir/hadoop-ozone/integration-test/target/test-dir/MiniOzoneClusterImpl-023400ba-597c-4990-9952-187ab727187d/datanode-1/data/containers/hdds to VolumeSet
2019-09-20 10:25:41,941 [main] INFO  volume.ThrottledAsyncChecker (ThrottledAsyncChecker.java:schedule(140)) - Scheduling a check for org.apache.hadoop.ozone.container.common.volume.HddsVolume@522221e1
2019-09-20 10:25:41,942 [main] INFO  volume.HddsVolumeChecker (HddsVolumeChecker.java:checkAllVolumes(203)) - Scheduled health check for volume org.apache.hadoop.ozone.container.common.volume.HddsVolume@522221e1
2019-09-20 10:25:41,960 [main] INFO  impl.RaftServerProxy (ConfUtils.java:logGet(43)) - raft.rpc.type = GRPC (default)
2019-09-20 10:25:41,960 [main] INFO  grpc.GrpcFactory (GrpcFactory.java:checkPooledByteBufAllocatorUseCacheForAllThreads(45)) - PERFORMANCE WARNING: useCacheForAllThreads is true that may cause Netty to create a lot garbage objects and, as a result, trigger GC.
	It is recommended to disable useCacheForAllThreads by setting -Dorg.apache.ratis.thirdparty.io.netty.allocator.useCacheForAllThreads=false in command line.
2019-09-20 10:25:41,960 [main] INFO  grpc.GrpcConfigKeys$Server (ConfUtils.java:logGet(43)) - raft.grpc.server.port = 0 (default)
2019-09-20 10:25:41,960 [main] INFO  server.GrpcService (ConfUtils.java:logGet(43)) - raft.grpc.message.size.max = 33570816 (custom)
2019-09-20 10:25:41,960 [main] INFO  server.RaftServerConfigKeys (ConfUtils.java:logGet(43)) - raft.server.log.appender.buffer.byte-limit = 33554432 (custom)
2019-09-20 10:25:41,960 [main] INFO  server.GrpcService (ConfUtils.java:logGet(43)) - raft.grpc.flow.control.window = 1MB (=1048576) (default)
2019-09-20 10:25:41,961 [main] INFO  server.RaftServerConfigKeys (ConfUtils.java:logGet(43)) - raft.server.rpc.request.timeout = 3000ms (default)
2019-09-20 10:25:41,961 [main] INFO  server.RaftServerConfigKeys (ConfUtils.java:logGet(43)) - raft.server.storage.dir = [/workdir/hadoop-ozone/integration-test/target/test-dir/MiniOzoneClusterImpl-023400ba-597c-4990-9952-187ab727187d/datanode-1/data/ratis] (custom)
2019-09-20 10:25:41,961 [main] INFO  replication.SimpleContainerDownloader (SimpleContainerDownloader.java:<init>(72)) - Starting container downloader service to copy containers to replicate.
2019-09-20 10:25:41,962 [main] INFO  hdfs.DFSUtil (DFSUtil.java:httpServerTemplateForNNAndJN(1641)) - Starting Web-server for hddsDatanode at: http://0.0.0.0:0
2019-09-20 10:25:41,964 [main] INFO  server.AuthenticationFilter (AuthenticationFilter.java:constructSecretProvider(240)) - Unable to initialize FileSignerSecretProvider, falling back to use random secrets.
2019-09-20 10:25:41,965 [main] WARN  http.HttpRequestLog (HttpRequestLog.java:getRequestLog(97)) - Jetty request log can only be enabled using Log4j
2019-09-20 10:25:41,966 [main] INFO  http.HttpServer2 (HttpServer2.java:addGlobalFilter(975)) - Added global filter 'safety' (class=org.apache.hadoop.http.HttpServer2$QuotingInputFilter)
2019-09-20 10:25:41,967 [main] INFO  http.HttpServer2 (HttpServer2.java:addFilter(948)) - Added filter static_user_filter (class=org.apache.hadoop.http.lib.StaticUserWebFilter$StaticUserFilter) to context hddsDatanode
2019-09-20 10:25:41,967 [main] INFO  http.HttpServer2 (HttpServer2.java:addFilter(958)) - Added filter static_user_filter (class=org.apache.hadoop.http.lib.StaticUserWebFilter$StaticUserFilter) to context static
2019-09-20 10:25:41,967 [main] INFO  http.HttpServer2 (HttpServer2.java:addFilter(958)) - Added filter static_user_filter (class=org.apache.hadoop.http.lib.StaticUserWebFilter$StaticUserFilter) to context logs
2019-09-20 10:25:41,968 [main] INFO  http.HttpServer2 (HttpServer2.java:bindListener(1191)) - Jetty bound to port 43531
2019-09-20 10:25:41,968 [main] INFO  server.Server (Server.java:doStart(351)) - jetty-9.3.24.v20180605, build timestamp: 2018-06-05T17:11:56Z, git hash: 84205aa28f11a4f31f2a3b86d1bba2cc8ab69827
2019-09-20 10:25:41,970 [main] INFO  handler.ContextHandler (ContextHandler.java:doStart(781)) - Started o.e.j.s.ServletContextHandler@6c2a7c73{/logs,file:///workdir/hadoop-ozone/integration-test/target/log,AVAILABLE}
2019-09-20 10:25:41,971 [main] INFO  handler.ContextHandler (ContextHandler.java:doStart(781)) - Started o.e.j.s.ServletContextHandler@193710c3{/static,jar:file:/home/user/.m2/repository/org/apache/hadoop/hadoop-hdds-container-service/0.5.0-SNAPSHOT/hadoop-hdds-container-service-0.5.0-SNAPSHOT.jar!/webapps/static,AVAILABLE}
2019-09-20 10:25:41,977 [fac63c4b-287e-453e-9ac7-8c8c283fdab7-SegmentedRaftLogWorker:Storage Directory /workdir/hadoop-ozone/integration-test/target/test-dir/MiniOzoneClusterImpl-280c06ed-bcb5-4979-9226-67616719d9ed/datanode-0/data/ratis/8a742697-a86b-4b2c-9d92-39f7007d2871] ERROR segmented.SegmentedRaftLogWorker (SegmentedRaftLogWorker.java:run(323)) - fac63c4b-287e-453e-9ac7-8c8c283fdab7-SegmentedRaftLogWorker:Storage Directory /workdir/hadoop-ozone/integration-test/target/test-dir/MiniOzoneClusterImpl-280c06ed-bcb5-4979-9226-67616719d9ed/datanode-0/data/ratis/8a742697-a86b-4b2c-9d92-39f7007d2871 hit exception
java.lang.OutOfMemoryError: Direct buffer memory
	at java.nio.Bits.reserveMemory(Bits.java:666)
	at java.nio.DirectByteBuffer.<init>(DirectByteBuffer.java:123)
	at java.nio.ByteBuffer.allocateDirect(ByteBuffer.java:311)
	at org.apache.ratis.server.raftlog.segmented.BufferedWriteChannel.<init>(BufferedWriteChannel.java:41)
	at org.apache.ratis.server.raftlog.segmented.SegmentedRaftLogOutputStream.<init>(SegmentedRaftLogOutputStream.java:72)
	at org.apache.ratis.server.raftlog.segmented.SegmentedRaftLogWorker$StartLogSegment.execute(SegmentedRaftLogWorker.java:566)
	at org.apache.ratis.server.raftlog.segmented.SegmentedRaftLogWorker.run(SegmentedRaftLogWorker.java:289)
	at java.lang.Thread.run(Thread.java:748)
2019-09-20 10:25:41,978 [fac63c4b-287e-453e-9ac7-8c8c283fdab7-SegmentedRaftLogWorker:Storage Directory /workdir/hadoop-ozone/integration-test/target/test-dir/MiniOzoneClusterImpl-280c06ed-bcb5-4979-9226-67616719d9ed/datanode-0/data/ratis/8a742697-a86b-4b2c-9d92-39f7007d2871] INFO  impl.RaftServerImpl (RaftServerImpl.java:lambda$shutdown$3(245)) - fac63c4b-287e-453e-9ac7-8c8c283fdab7: shutdown group-39F7007D2871
2019-09-20 10:25:41,978 [fac63c4b-287e-453e-9ac7-8c8c283fdab7-SegmentedRaftLogWorker:Storage Directory /workdir/hadoop-ozone/integration-test/target/test-dir/MiniOzoneClusterImpl-280c06ed-bcb5-4979-9226-67616719d9ed/datanode-0/data/ratis/8a742697-a86b-4b2c-9d92-39f7007d2871] INFO  util.JmxRegister (JmxRegister.java:unregister(73)) - Successfully un-registered JMX Bean with object name Ratis:service=RaftServer,group=group-39F7007D2871,id=fac63c4b-287e-453e-9ac7-8c8c283fdab7
2019-09-20 10:25:41,978 [fac63c4b-287e-453e-9ac7-8c8c283fdab7-SegmentedRaftLogWorker:Storage Directory /workdir/hadoop-ozone/integration-test/target/test-dir/MiniOzoneClusterImpl-280c06ed-bcb5-4979-9226-67616719d9ed/datanode-0/data/ratis/8a742697-a86b-4b2c-9d92-39f7007d2871] INFO  impl.RoleInfo (RoleInfo.java:shutdownLeaderState(104)) - fac63c4b-287e-453e-9ac7-8c8c283fdab7: shutdown LeaderState
2019-09-20 10:25:41,978 [fac63c4b-287e-453e-9ac7-8c8c283fdab7-SegmentedRaftLogWorker:Storage Directory /workdir/hadoop-ozone/integration-test/target/test-dir/MiniOzoneClusterImpl-280c06ed-bcb5-4979-9226-67616719d9ed/datanode-0/data/ratis/8a742697-a86b-4b2c-9d92-39f7007d2871] INFO  impl.PendingRequests (PendingRequests.java:sendNotLeaderResponses(202)) - fac63c4b-287e-453e-9ac7-8c8c283fdab7-PendingRequests: sendNotLeaderResponses
2019-09-20 10:25:41,978 [fac63c4b-287e-453e-9ac7-8c8c283fdab7-SegmentedRaftLogWorker:Storage Directory /workdir/hadoop-ozone/integration-test/target/test-dir/MiniOzoneClusterImpl-280c06ed-bcb5-4979-9226-67616719d9ed/datanode-0/data/ratis/8a742697-a86b-4b2c-9d92-39f7007d2871] INFO  impl.StateMachineUpdater (StateMachineUpdater.java:stopAndJoin(115)) - StateMachineUpdater:fac63c4b-287e-453e-9ac7-8c8c283fdab7:group-39F7007D2871: set stopIndex = -1
2019-09-20 10:25:41,978 [fac63c4b-287e-453e-9ac7-8c8c283fdab7-SegmentedRaftLogWorker:Storage Directory /workdir/hadoop-ozone/integration-test/target/test-dir/MiniOzoneClusterImpl-280c06ed-bcb5-4979-9226-67616719d9ed/datanode-0/data/ratis/8a742697-a86b-4b2c-9d92-39f7007d2871] INFO  impl.RaftServerImpl (ServerState.java:close(394)) - fac63c4b-287e-453e-9ac7-8c8c283fdab7:group-39F7007D2871 closes. The last applied log index is -1
2019-09-20 10:25:41,979 [fac63c4b-287e-453e-9ac7-8c8c283fdab7-SegmentedRaftLogWorker:Storage Directory /workdir/hadoop-ozone/integration-test/target/test-dir/MiniOzoneClusterImpl-280c06ed-bcb5-4979-9226-67616719d9ed/datanode-0/data/ratis/8a742697-a86b-4b2c-9d92-39f7007d2871] INFO  segmented.SegmentedRaftLogWorker (SegmentedRaftLogWorker.java:close(228)) - fac63c4b-287e-453e-9ac7-8c8c283fdab7-SegmentedRaftLogWorker:Storage Directory /workdir/hadoop-ozone/integration-test/target/test-dir/MiniOzoneClusterImpl-280c06ed-bcb5-4979-9226-67616719d9ed/datanode-0/data/ratis/8a742697-a86b-4b2c-9d92-39f7007d2871 close()
2019-09-20 10:25:42,009 [075fa85b-703c-4900-807d-88f08b36438a-SegmentedRaftLogWorker:Storage Directory /workdir/hadoop-ozone/integration-test/target/test-dir/MiniOzoneClusterImpl-280c06ed-bcb5-4979-9226-67616719d9ed/datanode-4/data/ratis/b9b9c599-30f0-4162-b00a-961c3d32d481] ERROR segmented.SegmentedRaftLogWorker (SegmentedRaftLogWorker.java:run(323)) - 075fa85b-703c-4900-807d-88f08b36438a-SegmentedRaftLogWorker:Storage Directory /workdir/hadoop-ozone/integration-test/target/test-dir/MiniOzoneClusterImpl-280c06ed-bcb5-4979-9226-67616719d9ed/datanode-4/data/ratis/b9b9c599-30f0-4162-b00a-961c3d32d481 hit exception
java.lang.OutOfMemoryError: Direct buffer memory
	at java.nio.Bits.reserveMemory(Bits.java:666)
	at java.nio.DirectByteBuffer.<init>(DirectByteBuffer.java:123)
	at java.nio.ByteBuffer.allocateDirect(ByteBuffer.java:311)
	at org.apache.ratis.server.raftlog.segmented.BufferedWriteChannel.<init>(BufferedWriteChannel.java:41)
	at org.apache.ratis.server.raftlog.segmented.SegmentedRaftLogOutputStream.<init>(SegmentedRaftLogOutputStream.java:72)
	at org.apache.ratis.server.raftlog.segmented.SegmentedRaftLogWorker$StartLogSegment.execute(SegmentedRaftLogWorker.java:566)
	at org.apache.ratis.server.raftlog.segmented.SegmentedRaftLogWorker.run(SegmentedRaftLogWorker.java:289)
	at java.lang.Thread.run(Thread.java:748)
2019-09-20 10:25:42,010 [075fa85b-703c-4900-807d-88f08b36438a-SegmentedRaftLogWorker:Storage Directory /workdir/hadoop-ozone/integration-test/target/test-dir/MiniOzoneClusterImpl-280c06ed-bcb5-4979-9226-67616719d9ed/datanode-4/data/ratis/b9b9c599-30f0-4162-b00a-961c3d32d481] INFO  impl.RaftServerImpl (RaftServerImpl.java:lambda$shutdown$3(245)) - 075fa85b-703c-4900-807d-88f08b36438a: shutdown group-961C3D32D481
2019-09-20 10:25:42,010 [main] INFO  handler.ContextHandler (ContextHandler.java:doStart(781)) - Started o.e.j.w.WebAppContext@6aaed880{/,file:///tmp/jetty-0.0.0.0-43531-hddsDatanode-_-any-9057989940218132810.dir/webapp/,AVAILABLE}{/hddsDatanode}
2019-09-20 10:25:42,010 [075fa85b-703c-4900-807d-88f08b36438a-SegmentedRaftLogWorker:Storage Directory /workdir/hadoop-ozone/integration-test/target/test-dir/MiniOzoneClusterImpl-280c06ed-bcb5-4979-9226-67616719d9ed/datanode-4/data/ratis/b9b9c599-30f0-4162-b00a-961c3d32d481] INFO  util.JmxRegister (JmxRegister.java:unregister(73)) - Successfully un-registered JMX Bean with object name Ratis:service=RaftServer,group=group-961C3D32D481,id=075fa85b-703c-4900-807d-88f08b36438a
2019-09-20 10:25:42,010 [075fa85b-703c-4900-807d-88f08b36438a-SegmentedRaftLogWorker:Storage Directory /workdir/hadoop-ozone/integration-test/target/test-dir/MiniOzoneClusterImpl-280c06ed-bcb5-4979-9226-67616719d9ed/datanode-4/data/ratis/b9b9c599-30f0-4162-b00a-961c3d32d481] INFO  impl.RoleInfo (RoleInfo.java:shutdownLeaderState(104)) - 075fa85b-703c-4900-807d-88f08b36438a: shutdown LeaderState
2019-09-20 10:25:42,010 [main] INFO  server.AbstractConnector (AbstractConnector.java:doStart(278)) - Started ServerConnector@9bd477c{HTTP/1.1,[http/1.1]}{0.0.0.0:43531}
2019-09-20 10:25:42,022 [075fa85b-703c-4900-807d-88f08b36438a-SegmentedRaftLogWorker:Storage Directory /workdir/hadoop-ozone/integration-test/target/test-dir/MiniOzoneClusterImpl-280c06ed-bcb5-4979-9226-67616719d9ed/datanode-4/data/ratis/b9b9c599-30f0-4162-b00a-961c3d32d481] INFO  impl.PendingRequests (PendingRequests.java:sendNotLeaderResponses(202)) - 075fa85b-703c-4900-807d-88f08b36438a-PendingRequests: sendNotLeaderResponses
2019-09-20 10:25:42,022 [main] INFO  server.Server (Server.java:doStart(419)) - Started @103390ms
2019-09-20 10:25:42,022 [075fa85b-703c-4900-807d-88f08b36438a-SegmentedRaftLogWorker:Storage Directory /workdir/hadoop-ozone/integration-test/target/test-dir/MiniOzoneClusterImpl-280c06ed-bcb5-4979-9226-67616719d9ed/datanode-4/data/ratis/b9b9c599-30f0-4162-b00a-961c3d32d481] INFO  impl.StateMachineUpdater (StateMachineUpdater.java:stopAndJoin(115)) - StateMachineUpdater:075fa85b-703c-4900-807d-88f08b36438a:group-961C3D32D481: set stopIndex = -1
2019-09-20 10:25:42,023 [075fa85b-703c-4900-807d-88f08b36438a-SegmentedRaftLogWorker:Storage Directory /workdir/hadoop-ozone/integration-test/target/test-dir/MiniOzoneClusterImpl-280c06ed-bcb5-4979-9226-67616719d9ed/datanode-4/data/ratis/b9b9c599-30f0-4162-b00a-961c3d32d481] INFO  impl.RaftServerImpl (ServerState.java:close(394)) - 075fa85b-703c-4900-807d-88f08b36438a:group-961C3D32D481 closes. The last applied log index is -1
2019-09-20 10:25:42,023 [075fa85b-703c-4900-807d-88f08b36438a-SegmentedRaftLogWorker:Storage Directory /workdir/hadoop-ozone/integration-test/target/test-dir/MiniOzoneClusterImpl-280c06ed-bcb5-4979-9226-67616719d9ed/datanode-4/data/ratis/b9b9c599-30f0-4162-b00a-961c3d32d481] INFO  segmented.SegmentedRaftLogWorker (SegmentedRaftLogWorker.java:close(228)) - 075fa85b-703c-4900-807d-88f08b36438a-SegmentedRaftLogWorker:Storage Directory /workdir/hadoop-ozone/integration-test/target/test-dir/MiniOzoneClusterImpl-280c06ed-bcb5-4979-9226-67616719d9ed/datanode-4/data/ratis/b9b9c599-30f0-4162-b00a-961c3d32d481 close()
2019-09-20 10:25:42,023 [main] INFO  server.BaseHttpServer (BaseHttpServer.java:updateConnectorAddress(213)) - HTTP server of HDDSDATANODE is listening at http://0.0.0.0:43531
2019-09-20 10:25:42,026 [fac63c4b-287e-453e-9ac7-8c8c283fdab7-SegmentedRaftLogWorker:Storage Directory /workdir/hadoop-ozone/integration-test/target/test-dir/MiniOzoneClusterImpl-280c06ed-bcb5-4979-9226-67616719d9ed/datanode-0/data/ratis/a0afef71-4a96-42e1-97f9-d756fc2324cd] ERROR segmented.SegmentedRaftLogWorker (SegmentedRaftLogWorker.java:run(323)) - fac63c4b-287e-453e-9ac7-8c8c283fdab7-SegmentedRaftLogWorker:Storage Directory /workdir/hadoop-ozone/integration-test/target/test-dir/MiniOzoneClusterImpl-280c06ed-bcb5-4979-9226-67616719d9ed/datanode-0/data/ratis/a0afef71-4a96-42e1-97f9-d756fc2324cd hit exception
java.lang.OutOfMemoryError: Direct buffer memory
	at java.nio.Bits.reserveMemory(Bits.java:666)
	at java.nio.DirectByteBuffer.<init>(DirectByteBuffer.java:123)
	at java.nio.ByteBuffer.allocateDirect(ByteBuffer.java:311)
	at org.apache.ratis.server.raftlog.segmented.BufferedWriteChannel.<init>(BufferedWriteChannel.java:41)
	at org.apache.ratis.server.raftlog.segmented.SegmentedRaftLogOutputStream.<init>(SegmentedRaftLogOutputStream.java:72)
	at org.apache.ratis.server.raftlog.segmented.SegmentedRaftLogWorker$StartLogSegment.execute(SegmentedRaftLogWorker.java:566)
	at org.apache.ratis.server.raftlog.segmented.SegmentedRaftLogWorker.run(SegmentedRaftLogWorker.java:289)
	at java.lang.Thread.run(Thread.java:748)
2019-09-20 10:25:42,026 [fac63c4b-287e-453e-9ac7-8c8c283fdab7-SegmentedRaftLogWorker:Storage Directory /workdir/hadoop-ozone/integration-test/target/test-dir/MiniOzoneClusterImpl-280c06ed-bcb5-4979-9226-67616719d9ed/datanode-0/data/ratis/a0afef71-4a96-42e1-97f9-d756fc2324cd] INFO  impl.RaftServerImpl (RaftServerImpl.java:lambda$shutdown$3(245)) - fac63c4b-287e-453e-9ac7-8c8c283fdab7: shutdown group-D756FC2324CD
2019-09-20 10:25:42,026 [fac63c4b-287e-453e-9ac7-8c8c283fdab7-SegmentedRaftLogWorker:Storage Directory /workdir/hadoop-ozone/integration-test/target/test-dir/MiniOzoneClusterImpl-280c06ed-bcb5-4979-9226-67616719d9ed/datanode-0/data/ratis/a0afef71-4a96-42e1-97f9-d756fc2324cd] INFO  util.JmxRegister (JmxRegister.java:unregister(73)) - Successfully un-registered JMX Bean with object name Ratis:service=RaftServer,group=group-D756FC2324CD,id=fac63c4b-287e-453e-9ac7-8c8c283fdab7
2019-09-20 10:25:42,026 [fac63c4b-287e-453e-9ac7-8c8c283fdab7-SegmentedRaftLogWorker:Storage Directory /workdir/hadoop-ozone/integration-test/target/test-dir/MiniOzoneClusterImpl-280c06ed-bcb5-4979-9226-67616719d9ed/datanode-0/data/ratis/a0afef71-4a96-42e1-97f9-d756fc2324cd] INFO  impl.RoleInfo (RoleInfo.java:shutdownLeaderState(104)) - fac63c4b-287e-453e-9ac7-8c8c283fdab7: shutdown LeaderState
2019-09-20 10:25:42,026 [fac63c4b-287e-453e-9ac7-8c8c283fdab7-SegmentedRaftLogWorker:Storage Directory /workdir/hadoop-ozone/integration-test/target/test-dir/MiniOzoneClusterImpl-280c06ed-bcb5-4979-9226-67616719d9ed/datanode-0/data/ratis/a0afef71-4a96-42e1-97f9-d756fc2324cd] INFO  impl.PendingRequests (PendingRequests.java:sendNotLeaderResponses(202)) - fac63c4b-287e-453e-9ac7-8c8c283fdab7-PendingRequests: sendNotLeaderResponses
2019-09-20 10:25:42,026 [fac63c4b-287e-453e-9ac7-8c8c283fdab7-SegmentedRaftLogWorker:Storage Directory /workdir/hadoop-ozone/integration-test/target/test-dir/MiniOzoneClusterImpl-280c06ed-bcb5-4979-9226-67616719d9ed/datanode-0/data/ratis/a0afef71-4a96-42e1-97f9-d756fc2324cd] INFO  impl.StateMachineUpdater (StateMachineUpdater.java:stopAndJoin(115)) - StateMachineUpdater:fac63c4b-287e-453e-9ac7-8c8c283fdab7:group-D756FC2324CD: set stopIndex = -1
2019-09-20 10:25:42,027 [fac63c4b-287e-453e-9ac7-8c8c283fdab7-SegmentedRaftLogWorker:Storage Directory /workdir/hadoop-ozone/integration-test/target/test-dir/MiniOzoneClusterImpl-280c06ed-bcb5-4979-9226-67616719d9ed/datanode-0/data/ratis/a0afef71-4a96-42e1-97f9-d756fc2324cd] INFO  impl.RaftServerImpl (ServerState.java:close(394)) - fac63c4b-287e-453e-9ac7-8c8c283fdab7:group-D756FC2324CD closes. The last applied log index is -1
2019-09-20 10:25:42,027 [fac63c4b-287e-453e-9ac7-8c8c283fdab7-SegmentedRaftLogWorker:Storage Directory /workdir/hadoop-ozone/integration-test/target/test-dir/MiniOzoneClusterImpl-280c06ed-bcb5-4979-9226-67616719d9ed/datanode-0/data/ratis/a0afef71-4a96-42e1-97f9-d756fc2324cd] INFO  segmented.SegmentedRaftLogWorker (SegmentedRaftLogWorker.java:close(228)) - fac63c4b-287e-453e-9ac7-8c8c283fdab7-SegmentedRaftLogWorker:Storage Directory /workdir/hadoop-ozone/integration-test/target/test-dir/MiniOzoneClusterImpl-280c06ed-bcb5-4979-9226-67616719d9ed/datanode-0/data/ratis/a0afef71-4a96-42e1-97f9-d756fc2324cd close()
2019-09-20 10:25:42,039 [e29464ab-17d7-4a4e-ab54-c178fccc723c-SegmentedRaftLogWorker:Storage Directory /workdir/hadoop-ozone/integration-test/target/test-dir/MiniOzoneClusterImpl-280c06ed-bcb5-4979-9226-67616719d9ed/datanode-2/data/ratis/382c3d44-f644-42c4-a242-9dd029744a42] ERROR segmented.SegmentedRaftLogWorker (SegmentedRaftLogWorker.java:run(323)) - e29464ab-17d7-4a4e-ab54-c178fccc723c-SegmentedRaftLogWorker:Storage Directory /workdir/hadoop-ozone/integration-test/target/test-dir/MiniOzoneClusterImpl-280c06ed-bcb5-4979-9226-67616719d9ed/datanode-2/data/ratis/382c3d44-f644-42c4-a242-9dd029744a42 hit exception
java.lang.OutOfMemoryError: Direct buffer memory
	at java.nio.Bits.reserveMemory(Bits.java:666)
	at java.nio.DirectByteBuffer.<init>(DirectByteBuffer.java:123)
	at java.nio.ByteBuffer.allocateDirect(ByteBuffer.java:311)
	at org.apache.ratis.server.raftlog.segmented.BufferedWriteChannel.<init>(BufferedWriteChannel.java:41)
	at org.apache.ratis.server.raftlog.segmented.SegmentedRaftLogOutputStream.<init>(SegmentedRaftLogOutputStream.java:72)
	at org.apache.ratis.server.raftlog.segmented.SegmentedRaftLogWorker$StartLogSegment.execute(SegmentedRaftLogWorker.java:566)
	at org.apache.ratis.server.raftlog.segmented.SegmentedRaftLogWorker.run(SegmentedRaftLogWorker.java:289)
	at java.lang.Thread.run(Thread.java:748)
2019-09-20 10:25:42,040 [e29464ab-17d7-4a4e-ab54-c178fccc723c-SegmentedRaftLogWorker:Storage Directory /workdir/hadoop-ozone/integration-test/target/test-dir/MiniOzoneClusterImpl-280c06ed-bcb5-4979-9226-67616719d9ed/datanode-2/data/ratis/382c3d44-f644-42c4-a242-9dd029744a42] INFO  impl.RaftServerImpl (RaftServerImpl.java:lambda$shutdown$3(245)) - e29464ab-17d7-4a4e-ab54-c178fccc723c: shutdown group-9DD029744A42
2019-09-20 10:25:42,040 [e29464ab-17d7-4a4e-ab54-c178fccc723c-SegmentedRaftLogWorker:Storage Directory /workdir/hadoop-ozone/integration-test/target/test-dir/MiniOzoneClusterImpl-280c06ed-bcb5-4979-9226-67616719d9ed/datanode-2/data/ratis/382c3d44-f644-42c4-a242-9dd029744a42] INFO  util.JmxRegister (JmxRegister.java:unregister(73)) - Successfully un-registered JMX Bean with object name Ratis:service=RaftServer,group=group-9DD029744A42,id=e29464ab-17d7-4a4e-ab54-c178fccc723c
2019-09-20 10:25:42,040 [e29464ab-17d7-4a4e-ab54-c178fccc723c-SegmentedRaftLogWorker:Storage Directory /workdir/hadoop-ozone/integration-test/target/test-dir/MiniOzoneClusterImpl-280c06ed-bcb5-4979-9226-67616719d9ed/datanode-2/data/ratis/382c3d44-f644-42c4-a242-9dd029744a42] INFO  impl.RoleInfo (RoleInfo.java:shutdownLeaderState(104)) - e29464ab-17d7-4a4e-ab54-c178fccc723c: shutdown LeaderState
2019-09-20 10:25:42,040 [e29464ab-17d7-4a4e-ab54-c178fccc723c-SegmentedRaftLogWorker:Storage Directory /workdir/hadoop-ozone/integration-test/target/test-dir/MiniOzoneClusterImpl-280c06ed-bcb5-4979-9226-67616719d9ed/datanode-2/data/ratis/382c3d44-f644-42c4-a242-9dd029744a42] INFO  impl.PendingRequests (PendingRequests.java:sendNotLeaderResponses(202)) - e29464ab-17d7-4a4e-ab54-c178fccc723c-PendingRequests: sendNotLeaderResponses
2019-09-20 10:25:42,040 [e29464ab-17d7-4a4e-ab54-c178fccc723c-SegmentedRaftLogWorker:Storage Directory /workdir/hadoop-ozone/integration-test/target/test-dir/MiniOzoneClusterImpl-280c06ed-bcb5-4979-9226-67616719d9ed/datanode-2/data/ratis/382c3d44-f644-42c4-a242-9dd029744a42] INFO  impl.StateMachineUpdater (StateMachineUpdater.java:stopAndJoin(115)) - StateMachineUpdater:e29464ab-17d7-4a4e-ab54-c178fccc723c:group-9DD029744A42: set stopIndex = -1
2019-09-20 10:25:42,040 [e29464ab-17d7-4a4e-ab54-c178fccc723c-SegmentedRaftLogWorker:Storage Directory /workdir/hadoop-ozone/integration-test/target/test-dir/MiniOzoneClusterImpl-280c06ed-bcb5-4979-9226-67616719d9ed/datanode-2/data/ratis/382c3d44-f644-42c4-a242-9dd029744a42] INFO  impl.RaftServerImpl (ServerState.java:close(394)) - e29464ab-17d7-4a4e-ab54-c178fccc723c:group-9DD029744A42 closes. The last applied log index is -1
2019-09-20 10:25:42,041 [e29464ab-17d7-4a4e-ab54-c178fccc723c-SegmentedRaftLogWorker:Storage Directory /workdir/hadoop-ozone/integration-test/target/test-dir/MiniOzoneClusterImpl-280c06ed-bcb5-4979-9226-67616719d9ed/datanode-2/data/ratis/382c3d44-f644-42c4-a242-9dd029744a42] INFO  segmented.SegmentedRaftLogWorker (SegmentedRaftLogWorker.java:close(228)) - e29464ab-17d7-4a4e-ab54-c178fccc723c-SegmentedRaftLogWorker:Storage Directory /workdir/hadoop-ozone/integration-test/target/test-dir/MiniOzoneClusterImpl-280c06ed-bcb5-4979-9226-67616719d9ed/datanode-2/data/ratis/382c3d44-f644-42c4-a242-9dd029744a42 close()
2019-09-20 10:25:42,134 | INFO  | SCMAudit | user=jenkins1000 | ip=192.168.36.99 | op=SEND_HEARTBEAT {datanodeUUID=e29464ab-17d7-4a4e-ab54-c178fccc723c, command=[]} | ret=SUCCESS |  
2019-09-20 10:25:42,134 | INFO  | SCMAudit | user=jenkins1000 | ip=192.168.36.99 | op=SEND_HEARTBEAT {datanodeUUID=bb8f5112-316d-4974-a5a6-f698f3fbb5be, command=[]} | ret=SUCCESS |  
2019-09-20 10:25:42,134 | INFO  | SCMAudit | user=jenkins1000 | ip=192.168.36.99 | op=SEND_HEARTBEAT {datanodeUUID=b5962e8e-c9f1-48aa-8eb4-d8f74b8afdbe, command=[]} | ret=SUCCESS |  
2019-09-20 10:25:42,134 | INFO  | SCMAudit | user=jenkins1000 | ip=192.168.36.99 | op=SEND_HEARTBEAT {datanodeUUID=c3e532f8-1a8e-44f3-b56b-d765aee893af, command=[]} | ret=SUCCESS |  
2019-09-20 10:25:42,134 | INFO  | SCMAudit | user=jenkins1000 | ip=192.168.36.99 | op=SEND_HEARTBEAT {datanodeUUID=61649f92-8c0f-475a-818d-1064548aeef6, command=[]} | ret=SUCCESS |  
2019-09-20 10:25:42,136 | INFO  | SCMAudit | user=jenkins1000 | ip=192.168.36.99 | op=SEND_HEARTBEAT {datanodeUUID=e8013689-2f13-4aaf-8a03-99f419c430ec, command=[]} | ret=SUCCESS |  
2019-09-20 10:25:42,137 | INFO  | SCMAudit | user=jenkins1000 | ip=192.168.36.99 | op=SEND_HEARTBEAT {datanodeUUID=136f1953-bb94-4097-a2d4-422a6782bee0, command=[]} | ret=SUCCESS |  
2019-09-20 10:25:42,137 | INFO  | SCMAudit | user=jenkins1000 | ip=192.168.36.99 | op=SEND_HEARTBEAT {datanodeUUID=9e03ffa9-cf79-407a-a150-4c035e5aec5e, command=[]} | ret=SUCCESS |  
2019-09-20 10:25:42,137 | INFO  | SCMAudit | user=jenkins1000 | ip=192.168.36.99 | op=SEND_HEARTBEAT {datanodeUUID=4d972e91-cb6b-45de-8bd2-c18af7abe58b, command=[]} | ret=SUCCESS |  
2019-09-20 10:25:42,138 | INFO  | SCMAudit | user=jenkins1000 | ip=192.168.36.99 | op=SEND_HEARTBEAT {datanodeUUID=60260ec1-e192-4b95-89c8-d924d16a77a9, command=[]} | ret=SUCCESS |  
2019-09-20 10:25:42,138 | INFO  | SCMAudit | user=jenkins1000 | ip=192.168.36.99 | op=SEND_HEARTBEAT {datanodeUUID=99e70dd4-d763-4473-944c-c5628506dcf8, command=[]} | ret=SUCCESS |  
2019-09-20 10:25:42,138 | INFO  | SCMAudit | user=jenkins1000 | ip=192.168.36.99 | op=SEND_HEARTBEAT {datanodeUUID=66416d0b-a71c-4af1-ae3a-62ca63b880a3, command=[]} | ret=SUCCESS |  
2019-09-20 10:25:42,139 | INFO  | SCMAudit | user=jenkins1000 | ip=192.168.36.99 | op=SEND_HEARTBEAT {datanodeUUID=7af711bd-b5ae-4a73-a8be-b970cae6c2d1, command=[]} | ret=SUCCESS |  
2019-09-20 10:25:42,139 | INFO  | SCMAudit | user=jenkins1000 | ip=192.168.36.99 | op=SEND_HEARTBEAT {datanodeUUID=6491c372-a595-4104-b3e9-c4f3293baafa, command=[]} | ret=SUCCESS |  
2019-09-20 10:25:42,139 | INFO  | SCMAudit | user=jenkins1000 | ip=192.168.36.99 | op=SEND_HEARTBEAT {datanodeUUID=54207fe5-d92c-4c2e-b058-fbae630dabef, command=[]} | ret=SUCCESS |  
2019-09-20 10:25:42,140 | INFO  | SCMAudit | user=jenkins1000 | ip=192.168.36.99 | op=SEND_HEARTBEAT {datanodeUUID=468be06f-55e9-4831-ba6b-3db017451a79, command=[]} | ret=SUCCESS |  
2019-09-20 10:25:42,140 | INFO  | SCMAudit | user=jenkins1000 | ip=192.168.36.99 | op=SEND_HEARTBEAT {datanodeUUID=ece458fc-6687-4915-9be7-f98d86977b7d, command=[]} | ret=SUCCESS |  
2019-09-20 10:25:42,140 | INFO  | SCMAudit | user=jenkins1000 | ip=192.168.36.99 | op=SEND_HEARTBEAT {datanodeUUID=d2ed2d9b-7ac7-460e-84f6-6d9d6066f76d, command=[]} | ret=SUCCESS |  
2019-09-20 10:25:42,140 | INFO  | SCMAudit | user=jenkins1000 | ip=192.168.36.99 | op=SEND_HEARTBEAT {datanodeUUID=3d6f3241-e73c-473a-ad0b-c7be2f7e1dda, command=[]} | ret=SUCCESS |  
2019-09-20 10:25:42,141 | INFO  | SCMAudit | user=jenkins1000 | ip=192.168.36.99 | op=SEND_HEARTBEAT {datanodeUUID=cff8bf6b-8d20-4327-9f29-08a3c2b49247, command=[]} | ret=SUCCESS |  
2019-09-20 10:25:42,141 | INFO  | SCMAudit | user=jenkins1000 | ip=192.168.36.99 | op=SEND_HEARTBEAT {datanodeUUID=17e2ba94-38a1-40e7-84e0-f6802901db84, command=[]} | ret=SUCCESS |  
2019-09-20 10:25:42,141 | INFO  | SCMAudit | user=jenkins1000 | ip=192.168.36.99 | op=SEND_HEARTBEAT {datanodeUUID=99153be1-ba81-4c7b-b6ab-4442760615cb, command=[]} | ret=SUCCESS |  
2019-09-20 10:25:42,141 | INFO  | SCMAudit | user=jenkins1000 | ip=192.168.36.99 | op=SEND_HEARTBEAT {datanodeUUID=19fb8383-7c99-4449-b95c-a26e71717844, command=[]} | ret=SUCCESS |  
2019-09-20 10:25:42,142 | INFO  | SCMAudit | user=jenkins1000 | ip=192.168.36.99 | op=SEND_HEARTBEAT {datanodeUUID=1bfb6844-04ed-4104-839b-60e510b6bb68, command=[]} | ret=SUCCESS |  
2019-09-20 10:25:42,142 | INFO  | SCMAudit | user=jenkins1000 | ip=192.168.36.99 | op=SEND_HEARTBEAT {datanodeUUID=fac63c4b-287e-453e-9ac7-8c8c283fdab7, command=[]} | ret=SUCCESS |  
2019-09-20 10:25:42,142 | INFO  | SCMAudit | user=jenkins1000 | ip=192.168.36.99 | op=SEND_HEARTBEAT {datanodeUUID=1ab786b9-c79c-4265-88a1-5b3344c6beda, command=[]} | ret=SUCCESS |  
2019-09-20 10:25:42,163 | INFO  | ObjectStoreRestHttpServer | Listening HDDS REST traffic on /0.0.0.0:45461 |  
2019-09-20 10:25:42,163 [main] INFO  ozone.HddsDatanodeService (HddsDatanodeService.java:startPlugins(395)) - Started plug-in org.apache.hadoop.ozone.web.OzoneHddsDatanodeService@37d50217
2019-09-20 10:25:42,164 [main] INFO  impl.MetricsSystemImpl (MetricsSystemImpl.java:init(158)) - HddsDatanode metrics system started (again)
2019-09-20 10:25:42,165 | INFO  | SCMAudit | user=jenkins1000 | ip=192.168.36.99 | op=SEND_HEARTBEAT {datanodeUUID=7f6418e1-cc7a-441a-8f41-c73576b5a1c5, command=[]} | ret=SUCCESS |  
2019-09-20 10:25:42,165 | INFO  | SCMAudit | user=jenkins1000 | ip=192.168.36.99 | op=SEND_HEARTBEAT {datanodeUUID=075fa85b-703c-4900-807d-88f08b36438a, command=[]} | ret=SUCCESS |  
2019-09-20 10:25:42,387 [org.apache.hadoop.util.JvmPauseMonitor$Monitor@724774ed] INFO  util.JvmPauseMonitor (JvmPauseMonitor.java:run(188)) - Starting JVM pause monitor
2019-09-20 10:25:42,391 [Datanode State Machine Thread - 0] INFO  datanode.InitDatanodeState (InitDatanodeState.java:persistContainerDatanodeDetails(140)) - DatanodeDetails is persisted to /workdir/hadoop-ozone/integration-test/target/test-dir/MiniOzoneClusterImpl-023400ba-597c-4990-9952-187ab727187d/datanode-1/meta/datanode.id
2019-09-20 10:25:42,397 [main] INFO  ozone.HddsDatanodeService (HddsDatanodeService.java:start(184)) - HddsDatanodeService host:pr-hdds-1569-p5fx8-1226042367 ip:192.168.36.99
2019-09-20 10:25:42,425 [main] INFO  volume.HddsVolume (HddsVolume.java:<init>(176)) - Creating Volume: /workdir/hadoop-ozone/integration-test/target/test-dir/MiniOzoneClusterImpl-023400ba-597c-4990-9952-187ab727187d/datanode-2/data/containers/hdds of  storage type : DISK and capacity : 1482555576320
2019-09-20 10:25:42,426 [main] INFO  volume.VolumeSet (VolumeSet.java:initializeVolumeSet(170)) - Added Volume : /workdir/hadoop-ozone/integration-test/target/test-dir/MiniOzoneClusterImpl-023400ba-597c-4990-9952-187ab727187d/datanode-2/data/containers/hdds to VolumeSet
2019-09-20 10:25:42,426 [main] INFO  volume.ThrottledAsyncChecker (ThrottledAsyncChecker.java:schedule(140)) - Scheduling a check for org.apache.hadoop.ozone.container.common.volume.HddsVolume@11703cc8
2019-09-20 10:25:42,427 [main] INFO  volume.HddsVolumeChecker (HddsVolumeChecker.java:checkAllVolumes(203)) - Scheduled health check for volume org.apache.hadoop.ozone.container.common.volume.HddsVolume@11703cc8
2019-09-20 10:25:42,445 [main] INFO  impl.RaftServerProxy (ConfUtils.java:logGet(43)) - raft.rpc.type = GRPC (default)
2019-09-20 10:25:42,445 [main] INFO  grpc.GrpcFactory (GrpcFactory.java:checkPooledByteBufAllocatorUseCacheForAllThreads(45)) - PERFORMANCE WARNING: useCacheForAllThreads is true that may cause Netty to create a lot garbage objects and, as a result, trigger GC.
	It is recommended to disable useCacheForAllThreads by setting -Dorg.apache.ratis.thirdparty.io.netty.allocator.useCacheForAllThreads=false in command line.
2019-09-20 10:25:42,445 [main] INFO  grpc.GrpcConfigKeys$Server (ConfUtils.java:logGet(43)) - raft.grpc.server.port = 0 (default)
2019-09-20 10:25:42,445 [main] INFO  server.GrpcService (ConfUtils.java:logGet(43)) - raft.grpc.message.size.max = 33570816 (custom)
2019-09-20 10:25:42,445 [main] INFO  server.RaftServerConfigKeys (ConfUtils.java:logGet(43)) - raft.server.log.appender.buffer.byte-limit = 33554432 (custom)
2019-09-20 10:25:42,446 [main] INFO  server.GrpcService (ConfUtils.java:logGet(43)) - raft.grpc.flow.control.window = 1MB (=1048576) (default)
2019-09-20 10:25:42,446 [main] INFO  server.RaftServerConfigKeys (ConfUtils.java:logGet(43)) - raft.server.rpc.request.timeout = 3000ms (default)
2019-09-20 10:25:42,446 [main] INFO  server.RaftServerConfigKeys (ConfUtils.java:logGet(43)) - raft.server.storage.dir = [/workdir/hadoop-ozone/integration-test/target/test-dir/MiniOzoneClusterImpl-023400ba-597c-4990-9952-187ab727187d/datanode-2/data/ratis] (custom)
2019-09-20 10:25:42,447 [main] INFO  replication.SimpleContainerDownloader (SimpleContainerDownloader.java:<init>(72)) - Starting container downloader service to copy containers to replicate.
2019-09-20 10:25:42,448 [main] INFO  hdfs.DFSUtil (DFSUtil.java:httpServerTemplateForNNAndJN(1641)) - Starting Web-server for hddsDatanode at: http://0.0.0.0:0
2019-09-20 10:25:42,450 [main] INFO  server.AuthenticationFilter (AuthenticationFilter.java:constructSecretProvider(240)) - Unable to initialize FileSignerSecretProvider, falling back to use random secrets.
2019-09-20 10:25:42,451 [main] WARN  http.HttpRequestLog (HttpRequestLog.java:getRequestLog(97)) - Jetty request log can only be enabled using Log4j
2019-09-20 10:25:42,453 [main] INFO  http.HttpServer2 (HttpServer2.java:addGlobalFilter(975)) - Added global filter 'safety' (class=org.apache.hadoop.http.HttpServer2$QuotingInputFilter)
2019-09-20 10:25:42,454 [main] INFO  http.HttpServer2 (HttpServer2.java:addFilter(948)) - Added filter static_user_filter (class=org.apache.hadoop.http.lib.StaticUserWebFilter$StaticUserFilter) to context hddsDatanode
2019-09-20 10:25:42,454 [main] INFO  http.HttpServer2 (HttpServer2.java:addFilter(958)) - Added filter static_user_filter (class=org.apache.hadoop.http.lib.StaticUserWebFilter$StaticUserFilter) to context static
2019-09-20 10:25:42,455 [main] INFO  http.HttpServer2 (HttpServer2.java:addFilter(958)) - Added filter static_user_filter (class=org.apache.hadoop.http.lib.StaticUserWebFilter$StaticUserFilter) to context logs
2019-09-20 10:25:42,456 [main] INFO  http.HttpServer2 (HttpServer2.java:bindListener(1191)) - Jetty bound to port 42161
2019-09-20 10:25:42,456 [main] INFO  server.Server (Server.java:doStart(351)) - jetty-9.3.24.v20180605, build timestamp: 2018-06-05T17:11:56Z, git hash: 84205aa28f11a4f31f2a3b86d1bba2cc8ab69827
2019-09-20 10:25:42,458 [main] INFO  handler.ContextHandler (ContextHandler.java:doStart(781)) - Started o.e.j.s.ServletContextHandler@7212d3df{/logs,file:///workdir/hadoop-ozone/integration-test/target/log,AVAILABLE}
2019-09-20 10:25:42,459 [main] INFO  handler.ContextHandler (ContextHandler.java:doStart(781)) - Started o.e.j.s.ServletContextHandler@6ff05f85{/static,jar:file:/home/user/.m2/repository/org/apache/hadoop/hadoop-hdds-container-service/0.5.0-SNAPSHOT/hadoop-hdds-container-service-0.5.0-SNAPSHOT.jar!/webapps/static,AVAILABLE}
2019-09-20 10:25:42,503 [main] INFO  handler.ContextHandler (ContextHandler.java:doStart(781)) - Started o.e.j.w.WebAppContext@221961f2{/,file:///tmp/jetty-0.0.0.0-42161-hddsDatanode-_-any-4021263595947667582.dir/webapp/,AVAILABLE}{/hddsDatanode}
2019-09-20 10:25:42,504 [main] INFO  server.AbstractConnector (AbstractConnector.java:doStart(278)) - Started ServerConnector@541d8a9e{HTTP/1.1,[http/1.1]}{0.0.0.0:42161}
2019-09-20 10:25:42,515 [main] INFO  server.Server (Server.java:doStart(419)) - Started @103883ms
2019-09-20 10:25:42,516 [main] INFO  server.BaseHttpServer (BaseHttpServer.java:updateConnectorAddress(213)) - HTTP server of HDDSDATANODE is listening at http://0.0.0.0:42161
2019-09-20 10:25:42,662 | INFO  | ObjectStoreRestHttpServer | Listening HDDS REST traffic on /0.0.0.0:36699 |  
2019-09-20 10:25:42,662 [main] INFO  ozone.HddsDatanodeService (HddsDatanodeService.java:startPlugins(395)) - Started plug-in org.apache.hadoop.ozone.web.OzoneHddsDatanodeService@1455a374
2019-09-20 10:25:42,663 [main] INFO  impl.MetricsSystemImpl (MetricsSystemImpl.java:init(158)) - HddsDatanode metrics system started (again)
2019-09-20 10:25:42,916 [org.apache.hadoop.util.JvmPauseMonitor$Monitor@278153c6] INFO  util.JvmPauseMonitor (JvmPauseMonitor.java:run(188)) - Starting JVM pause monitor
2019-09-20 10:25:42,918 [Datanode State Machine Thread - 0] INFO  datanode.InitDatanodeState (InitDatanodeState.java:persistContainerDatanodeDetails(140)) - DatanodeDetails is persisted to /workdir/hadoop-ozone/integration-test/target/test-dir/MiniOzoneClusterImpl-023400ba-597c-4990-9952-187ab727187d/datanode-2/meta/datanode.id
2019-09-20 10:25:42,920 [main] INFO  ozone.HddsDatanodeService (HddsDatanodeService.java:start(184)) - HddsDatanodeService host:pr-hdds-1569-p5fx8-1226042367 ip:192.168.36.99
2019-09-20 10:25:42,950 [main] INFO  volume.HddsVolume (HddsVolume.java:<init>(176)) - Creating Volume: /workdir/hadoop-ozone/integration-test/target/test-dir/MiniOzoneClusterImpl-023400ba-597c-4990-9952-187ab727187d/datanode-3/data/containers/hdds of  storage type : DISK and capacity : 1482555576320
2019-09-20 10:25:42,951 [main] INFO  volume.VolumeSet (VolumeSet.java:initializeVolumeSet(170)) - Added Volume : /workdir/hadoop-ozone/integration-test/target/test-dir/MiniOzoneClusterImpl-023400ba-597c-4990-9952-187ab727187d/datanode-3/data/containers/hdds to VolumeSet
2019-09-20 10:25:42,951 [main] INFO  volume.ThrottledAsyncChecker (ThrottledAsyncChecker.java:schedule(140)) - Scheduling a check for org.apache.hadoop.ozone.container.common.volume.HddsVolume@63b85d97
2019-09-20 10:25:42,951 [main] INFO  volume.HddsVolumeChecker (HddsVolumeChecker.java:checkAllVolumes(203)) - Scheduled health check for volume org.apache.hadoop.ozone.container.common.volume.HddsVolume@63b85d97
2019-09-20 10:25:42,980 [main] INFO  impl.RaftServerProxy (ConfUtils.java:logGet(43)) - raft.rpc.type = GRPC (default)
2019-09-20 10:25:42,980 [main] INFO  grpc.GrpcFactory (GrpcFactory.java:checkPooledByteBufAllocatorUseCacheForAllThreads(45)) - PERFORMANCE WARNING: useCacheForAllThreads is true that may cause Netty to create a lot garbage objects and, as a result, trigger GC.
	It is recommended to disable useCacheForAllThreads by setting -Dorg.apache.ratis.thirdparty.io.netty.allocator.useCacheForAllThreads=false in command line.
2019-09-20 10:25:42,981 [main] INFO  grpc.GrpcConfigKeys$Server (ConfUtils.java:logGet(43)) - raft.grpc.server.port = 0 (default)
2019-09-20 10:25:42,981 [main] INFO  server.GrpcService (ConfUtils.java:logGet(43)) - raft.grpc.message.size.max = 33570816 (custom)
2019-09-20 10:25:42,981 [main] INFO  server.RaftServerConfigKeys (ConfUtils.java:logGet(43)) - raft.server.log.appender.buffer.byte-limit = 33554432 (custom)
2019-09-20 10:25:42,981 [main] INFO  server.GrpcService (ConfUtils.java:logGet(43)) - raft.grpc.flow.control.window = 1MB (=1048576) (default)
2019-09-20 10:25:42,981 [main] INFO  server.RaftServerConfigKeys (ConfUtils.java:logGet(43)) - raft.server.rpc.request.timeout = 3000ms (default)
2019-09-20 10:25:42,982 [main] INFO  server.RaftServerConfigKeys (ConfUtils.java:logGet(43)) - raft.server.storage.dir = [/workdir/hadoop-ozone/integration-test/target/test-dir/MiniOzoneClusterImpl-023400ba-597c-4990-9952-187ab727187d/datanode-3/data/ratis] (custom)
2019-09-20 10:25:42,982 [main] INFO  replication.SimpleContainerDownloader (SimpleContainerDownloader.java:<init>(72)) - Starting container downloader service to copy containers to replicate.
2019-09-20 10:25:42,983 [main] INFO  hdfs.DFSUtil (DFSUtil.java:httpServerTemplateForNNAndJN(1641)) - Starting Web-server for hddsDatanode at: http://0.0.0.0:0
2019-09-20 10:25:42,984 [main] INFO  server.AuthenticationFilter (AuthenticationFilter.java:constructSecretProvider(240)) - Unable to initialize FileSignerSecretProvider, falling back to use random secrets.
2019-09-20 10:25:42,985 [main] WARN  http.HttpRequestLog (HttpRequestLog.java:getRequestLog(97)) - Jetty request log can only be enabled using Log4j
2019-09-20 10:25:42,986 [main] INFO  http.HttpServer2 (HttpServer2.java:addGlobalFilter(975)) - Added global filter 'safety' (class=org.apache.hadoop.http.HttpServer2$QuotingInputFilter)
2019-09-20 10:25:42,986 [main] INFO  http.HttpServer2 (HttpServer2.java:addFilter(948)) - Added filter static_user_filter (class=org.apache.hadoop.http.lib.StaticUserWebFilter$StaticUserFilter) to context hddsDatanode
2019-09-20 10:25:42,986 [main] INFO  http.HttpServer2 (HttpServer2.java:addFilter(958)) - Added filter static_user_filter (class=org.apache.hadoop.http.lib.StaticUserWebFilter$StaticUserFilter) to context logs
2019-09-20 10:25:42,987 [main] INFO  http.HttpServer2 (HttpServer2.java:addFilter(958)) - Added filter static_user_filter (class=org.apache.hadoop.http.lib.StaticUserWebFilter$StaticUserFilter) to context static
2019-09-20 10:25:42,987 [main] INFO  http.HttpServer2 (HttpServer2.java:bindListener(1191)) - Jetty bound to port 35499
2019-09-20 10:25:42,987 [main] INFO  server.Server (Server.java:doStart(351)) - jetty-9.3.24.v20180605, build timestamp: 2018-06-05T17:11:56Z, git hash: 84205aa28f11a4f31f2a3b86d1bba2cc8ab69827
2019-09-20 10:25:42,989 [main] INFO  handler.ContextHandler (ContextHandler.java:doStart(781)) - Started o.e.j.s.ServletContextHandler@72fc6b5e{/logs,file:///workdir/hadoop-ozone/integration-test/target/log,AVAILABLE}
2019-09-20 10:25:42,989 [main] INFO  handler.ContextHandler (ContextHandler.java:doStart(781)) - Started o.e.j.s.ServletContextHandler@9214725{/static,jar:file:/home/user/.m2/repository/org/apache/hadoop/hadoop-hdds-container-service/0.5.0-SNAPSHOT/hadoop-hdds-container-service-0.5.0-SNAPSHOT.jar!/webapps/static,AVAILABLE}
2019-09-20 10:25:43,016 [main] INFO  handler.ContextHandler (ContextHandler.java:doStart(781)) - Started o.e.j.w.WebAppContext@2297c8bf{/,file:///tmp/jetty-0.0.0.0-35499-hddsDatanode-_-any-7891074262851892468.dir/webapp/,AVAILABLE}{/hddsDatanode}
2019-09-20 10:25:43,017 [main] INFO  server.AbstractConnector (AbstractConnector.java:doStart(278)) - Started ServerConnector@154fcedd{HTTP/1.1,[http/1.1]}{0.0.0.0:35499}
2019-09-20 10:25:43,017 [main] INFO  server.Server (Server.java:doStart(419)) - Started @104385ms
2019-09-20 10:25:43,030 [main] INFO  server.BaseHttpServer (BaseHttpServer.java:updateConnectorAddress(213)) - HTTP server of HDDSDATANODE is listening at http://0.0.0.0:35499
2019-09-20 10:25:43,134 | INFO  | SCMAudit | user=jenkins1000 | ip=192.168.36.99 | op=SEND_HEARTBEAT {datanodeUUID=bb8f5112-316d-4974-a5a6-f698f3fbb5be, command=[]} | ret=SUCCESS |  
2019-09-20 10:25:43,134 | INFO  | SCMAudit | user=jenkins1000 | ip=192.168.36.99 | op=SEND_HEARTBEAT {datanodeUUID=b5962e8e-c9f1-48aa-8eb4-d8f74b8afdbe, command=[]} | ret=SUCCESS |  
2019-09-20 10:25:43,134 | INFO  | SCMAudit | user=jenkins1000 | ip=192.168.36.99 | op=SEND_HEARTBEAT {datanodeUUID=e29464ab-17d7-4a4e-ab54-c178fccc723c, command=[]} | ret=SUCCESS |  
2019-09-20 10:25:43,134 | INFO  | SCMAudit | user=jenkins1000 | ip=192.168.36.99 | op=SEND_HEARTBEAT {datanodeUUID=61649f92-8c0f-475a-818d-1064548aeef6, command=[]} | ret=SUCCESS |  
2019-09-20 10:25:43,134 | INFO  | SCMAudit | user=jenkins1000 | ip=192.168.36.99 | op=SEND_HEARTBEAT {datanodeUUID=c3e532f8-1a8e-44f3-b56b-d765aee893af, command=[]} | ret=SUCCESS |  
2019-09-20 10:25:43,137 | INFO  | SCMAudit | user=jenkins1000 | ip=192.168.36.99 | op=SEND_HEARTBEAT {datanodeUUID=e8013689-2f13-4aaf-8a03-99f419c430ec, command=[]} | ret=SUCCESS |  
2019-09-20 10:25:43,137 | INFO  | SCMAudit | user=jenkins1000 | ip=192.168.36.99 | op=SEND_HEARTBEAT {datanodeUUID=136f1953-bb94-4097-a2d4-422a6782bee0, command=[]} | ret=SUCCESS |  
2019-09-20 10:25:43,137 | INFO  | SCMAudit | user=jenkins1000 | ip=192.168.36.99 | op=SEND_HEARTBEAT {datanodeUUID=4d972e91-cb6b-45de-8bd2-c18af7abe58b, command=[]} | ret=SUCCESS |  
2019-09-20 10:25:43,137 | INFO  | SCMAudit | user=jenkins1000 | ip=192.168.36.99 | op=SEND_HEARTBEAT {datanodeUUID=9e03ffa9-cf79-407a-a150-4c035e5aec5e, command=[]} | ret=SUCCESS |  
2019-09-20 10:25:43,138 | INFO  | SCMAudit | user=jenkins1000 | ip=192.168.36.99 | op=SEND_HEARTBEAT {datanodeUUID=60260ec1-e192-4b95-89c8-d924d16a77a9, command=[]} | ret=SUCCESS |  
2019-09-20 10:25:43,138 | INFO  | SCMAudit | user=jenkins1000 | ip=192.168.36.99 | op=SEND_HEARTBEAT {datanodeUUID=99e70dd4-d763-4473-944c-c5628506dcf8, command=[]} | ret=SUCCESS |  
2019-09-20 10:25:43,138 | INFO  | SCMAudit | user=jenkins1000 | ip=192.168.36.99 | op=SEND_HEARTBEAT {datanodeUUID=7af711bd-b5ae-4a73-a8be-b970cae6c2d1, command=[]} | ret=SUCCESS |  
2019-09-20 10:25:43,138 | INFO  | SCMAudit | user=jenkins1000 | ip=192.168.36.99 | op=SEND_HEARTBEAT {datanodeUUID=66416d0b-a71c-4af1-ae3a-62ca63b880a3, command=[]} | ret=SUCCESS |  
2019-09-20 10:25:43,139 | INFO  | SCMAudit | user=jenkins1000 | ip=192.168.36.99 | op=SEND_HEARTBEAT {datanodeUUID=6491c372-a595-4104-b3e9-c4f3293baafa, command=[]} | ret=SUCCESS |  
2019-09-20 10:25:43,139 | INFO  | SCMAudit | user=jenkins1000 | ip=192.168.36.99 | op=SEND_HEARTBEAT {datanodeUUID=54207fe5-d92c-4c2e-b058-fbae630dabef, command=[]} | ret=SUCCESS |  
2019-09-20 10:25:43,139 | INFO  | SCMAudit | user=jenkins1000 | ip=192.168.36.99 | op=SEND_HEARTBEAT {datanodeUUID=468be06f-55e9-4831-ba6b-3db017451a79, command=[]} | ret=SUCCESS |  
2019-09-20 10:25:43,140 | INFO  | SCMAudit | user=jenkins1000 | ip=192.168.36.99 | op=SEND_HEARTBEAT {datanodeUUID=ece458fc-6687-4915-9be7-f98d86977b7d, command=[]} | ret=SUCCESS |  
2019-09-20 10:25:43,140 | INFO  | SCMAudit | user=jenkins1000 | ip=192.168.36.99 | op=SEND_HEARTBEAT {datanodeUUID=3d6f3241-e73c-473a-ad0b-c7be2f7e1dda, command=[]} | ret=SUCCESS |  
2019-09-20 10:25:43,140 | INFO  | SCMAudit | user=jenkins1000 | ip=192.168.36.99 | op=SEND_HEARTBEAT {datanodeUUID=cff8bf6b-8d20-4327-9f29-08a3c2b49247, command=[]} | ret=SUCCESS |  
2019-09-20 10:25:43,141 | INFO  | SCMAudit | user=jenkins1000 | ip=192.168.36.99 | op=SEND_HEARTBEAT {datanodeUUID=d2ed2d9b-7ac7-460e-84f6-6d9d6066f76d, command=[]} | ret=SUCCESS |  
2019-09-20 10:25:43,141 | INFO  | SCMAudit | user=jenkins1000 | ip=192.168.36.99 | op=SEND_HEARTBEAT {datanodeUUID=99153be1-ba81-4c7b-b6ab-4442760615cb, command=[]} | ret=SUCCESS |  
2019-09-20 10:25:43,141 | INFO  | SCMAudit | user=jenkins1000 | ip=192.168.36.99 | op=SEND_HEARTBEAT {datanodeUUID=19fb8383-7c99-4449-b95c-a26e71717844, command=[]} | ret=SUCCESS |  
2019-09-20 10:25:43,142 | INFO  | SCMAudit | user=jenkins1000 | ip=192.168.36.99 | op=SEND_HEARTBEAT {datanodeUUID=17e2ba94-38a1-40e7-84e0-f6802901db84, command=[]} | ret=SUCCESS |  
2019-09-20 10:25:43,142 | INFO  | SCMAudit | user=jenkins1000 | ip=192.168.36.99 | op=SEND_HEARTBEAT {datanodeUUID=1bfb6844-04ed-4104-839b-60e510b6bb68, command=[]} | ret=SUCCESS |  
2019-09-20 10:25:43,142 | INFO  | SCMAudit | user=jenkins1000 | ip=192.168.36.99 | op=SEND_HEARTBEAT {datanodeUUID=fac63c4b-287e-453e-9ac7-8c8c283fdab7, command=[]} | ret=SUCCESS |  
2019-09-20 10:25:43,142 | INFO  | SCMAudit | user=jenkins1000 | ip=192.168.36.99 | op=SEND_HEARTBEAT {datanodeUUID=1ab786b9-c79c-4265-88a1-5b3344c6beda, command=[]} | ret=SUCCESS |  
2019-09-20 10:25:43,143 | INFO  | SCMAudit | user=jenkins1000 | ip=192.168.36.99 | op=SEND_HEARTBEAT {datanodeUUID=7f6418e1-cc7a-441a-8f41-c73576b5a1c5, command=[]} | ret=SUCCESS |  
2019-09-20 10:25:43,143 | INFO  | SCMAudit | user=jenkins1000 | ip=192.168.36.99 | op=SEND_HEARTBEAT {datanodeUUID=075fa85b-703c-4900-807d-88f08b36438a, command=[]} | ret=SUCCESS |  
2019-09-20 10:25:43,194 | INFO  | ObjectStoreRestHttpServer | Listening HDDS REST traffic on /0.0.0.0:42733 |  
2019-09-20 10:25:43,194 [main] INFO  ozone.HddsDatanodeService (HddsDatanodeService.java:startPlugins(395)) - Started plug-in org.apache.hadoop.ozone.web.OzoneHddsDatanodeService@50c99398
2019-09-20 10:25:43,195 [main] INFO  impl.MetricsSystemImpl (MetricsSystemImpl.java:init(158)) - HddsDatanode metrics system started (again)
2019-09-20 10:25:43,430 [org.apache.hadoop.util.JvmPauseMonitor$Monitor@6d5d0f78] INFO  util.JvmPauseMonitor (JvmPauseMonitor.java:run(188)) - Starting JVM pause monitor
2019-09-20 10:25:43,432 [Datanode State Machine Thread - 0] INFO  datanode.InitDatanodeState (InitDatanodeState.java:persistContainerDatanodeDetails(140)) - DatanodeDetails is persisted to /workdir/hadoop-ozone/integration-test/target/test-dir/MiniOzoneClusterImpl-023400ba-597c-4990-9952-187ab727187d/datanode-3/meta/datanode.id
2019-09-20 10:25:43,433 [main] INFO  ozone.HddsDatanodeService (HddsDatanodeService.java:start(184)) - HddsDatanodeService host:pr-hdds-1569-p5fx8-1226042367 ip:192.168.36.99
2019-09-20 10:25:43,467 [main] INFO  volume.HddsVolume (HddsVolume.java:<init>(176)) - Creating Volume: /workdir/hadoop-ozone/integration-test/target/test-dir/MiniOzoneClusterImpl-023400ba-597c-4990-9952-187ab727187d/datanode-4/data/containers/hdds of  storage type : DISK and capacity : 1482555576320
2019-09-20 10:25:43,467 [main] INFO  volume.VolumeSet (VolumeSet.java:initializeVolumeSet(170)) - Added Volume : /workdir/hadoop-ozone/integration-test/target/test-dir/MiniOzoneClusterImpl-023400ba-597c-4990-9952-187ab727187d/datanode-4/data/containers/hdds to VolumeSet
2019-09-20 10:25:43,468 [main] INFO  volume.ThrottledAsyncChecker (ThrottledAsyncChecker.java:schedule(140)) - Scheduling a check for org.apache.hadoop.ozone.container.common.volume.HddsVolume@4700db93
2019-09-20 10:25:43,468 [main] INFO  volume.HddsVolumeChecker (HddsVolumeChecker.java:checkAllVolumes(203)) - Scheduled health check for volume org.apache.hadoop.ozone.container.common.volume.HddsVolume@4700db93
2019-09-20 10:25:43,479 [main] INFO  impl.RaftServerProxy (ConfUtils.java:logGet(43)) - raft.rpc.type = GRPC (default)
2019-09-20 10:25:43,489 [main] INFO  grpc.GrpcFactory (GrpcFactory.java:checkPooledByteBufAllocatorUseCacheForAllThreads(45)) - PERFORMANCE WARNING: useCacheForAllThreads is true that may cause Netty to create a lot garbage objects and, as a result, trigger GC.
	It is recommended to disable useCacheForAllThreads by setting -Dorg.apache.ratis.thirdparty.io.netty.allocator.useCacheForAllThreads=false in command line.
2019-09-20 10:25:43,489 [main] INFO  grpc.GrpcConfigKeys$Server (ConfUtils.java:logGet(43)) - raft.grpc.server.port = 0 (default)
2019-09-20 10:25:43,489 [main] INFO  server.GrpcService (ConfUtils.java:logGet(43)) - raft.grpc.message.size.max = 33570816 (custom)
2019-09-20 10:25:43,490 [main] INFO  server.RaftServerConfigKeys (ConfUtils.java:logGet(43)) - raft.server.log.appender.buffer.byte-limit = 33554432 (custom)
2019-09-20 10:25:43,490 [main] INFO  server.GrpcService (ConfUtils.java:logGet(43)) - raft.grpc.flow.control.window = 1MB (=1048576) (default)
2019-09-20 10:25:43,490 [main] INFO  server.RaftServerConfigKeys (ConfUtils.java:logGet(43)) - raft.server.rpc.request.timeout = 3000ms (default)
2019-09-20 10:25:43,490 [main] INFO  server.RaftServerConfigKeys (ConfUtils.java:logGet(43)) - raft.server.storage.dir = [/workdir/hadoop-ozone/integration-test/target/test-dir/MiniOzoneClusterImpl-023400ba-597c-4990-9952-187ab727187d/datanode-4/data/ratis] (custom)
2019-09-20 10:25:43,491 [main] INFO  replication.SimpleContainerDownloader (SimpleContainerDownloader.java:<init>(72)) - Starting container downloader service to copy containers to replicate.
2019-09-20 10:25:43,492 [main] INFO  hdfs.DFSUtil (DFSUtil.java:httpServerTemplateForNNAndJN(1641)) - Starting Web-server for hddsDatanode at: http://0.0.0.0:0
2019-09-20 10:25:43,494 [main] INFO  server.AuthenticationFilter (AuthenticationFilter.java:constructSecretProvider(240)) - Unable to initialize FileSignerSecretProvider, falling back to use random secrets.
2019-09-20 10:25:43,495 [main] WARN  http.HttpRequestLog (HttpRequestLog.java:getRequestLog(97)) - Jetty request log can only be enabled using Log4j
2019-09-20 10:25:43,497 [main] INFO  http.HttpServer2 (HttpServer2.java:addGlobalFilter(975)) - Added global filter 'safety' (class=org.apache.hadoop.http.HttpServer2$QuotingInputFilter)
2019-09-20 10:25:43,498 [main] INFO  http.HttpServer2 (HttpServer2.java:addFilter(948)) - Added filter static_user_filter (class=org.apache.hadoop.http.lib.StaticUserWebFilter$StaticUserFilter) to context hddsDatanode
2019-09-20 10:25:43,498 [main] INFO  http.HttpServer2 (HttpServer2.java:addFilter(958)) - Added filter static_user_filter (class=org.apache.hadoop.http.lib.StaticUserWebFilter$StaticUserFilter) to context static
2019-09-20 10:25:43,499 [main] INFO  http.HttpServer2 (HttpServer2.java:addFilter(958)) - Added filter static_user_filter (class=org.apache.hadoop.http.lib.StaticUserWebFilter$StaticUserFilter) to context logs
2019-09-20 10:25:43,500 [main] INFO  http.HttpServer2 (HttpServer2.java:bindListener(1191)) - Jetty bound to port 32810
2019-09-20 10:25:43,500 [main] INFO  server.Server (Server.java:doStart(351)) - jetty-9.3.24.v20180605, build timestamp: 2018-06-05T17:11:56Z, git hash: 84205aa28f11a4f31f2a3b86d1bba2cc8ab69827
2019-09-20 10:25:43,502 [main] INFO  handler.ContextHandler (ContextHandler.java:doStart(781)) - Started o.e.j.s.ServletContextHandler@6ccd3cf1{/logs,file:///workdir/hadoop-ozone/integration-test/target/log,AVAILABLE}
2019-09-20 10:25:43,503 [main] INFO  handler.ContextHandler (ContextHandler.java:doStart(781)) - Started o.e.j.s.ServletContextHandler@1ae69abe{/static,jar:file:/home/user/.m2/repository/org/apache/hadoop/hadoop-hdds-container-service/0.5.0-SNAPSHOT/hadoop-hdds-container-service-0.5.0-SNAPSHOT.jar!/webapps/static,AVAILABLE}
2019-09-20 10:25:43,546 [main] INFO  handler.ContextHandler (ContextHandler.java:doStart(781)) - Started o.e.j.w.WebAppContext@ef1080d{/,file:///tmp/jetty-0.0.0.0-32810-hddsDatanode-_-any-4973368897130756733.dir/webapp/,AVAILABLE}{/hddsDatanode}
2019-09-20 10:25:43,546 [main] INFO  server.AbstractConnector (AbstractConnector.java:doStart(278)) - Started ServerConnector@723aa04{HTTP/1.1,[http/1.1]}{0.0.0.0:32810}
2019-09-20 10:25:43,559 [main] INFO  server.Server (Server.java:doStart(419)) - Started @104927ms
2019-09-20 10:25:43,560 [main] INFO  server.BaseHttpServer (BaseHttpServer.java:updateConnectorAddress(213)) - HTTP server of HDDSDATANODE is listening at http://0.0.0.0:32810
2019-09-20 10:25:43,701 | INFO  | ObjectStoreRestHttpServer | Listening HDDS REST traffic on /0.0.0.0:44001 |  
2019-09-20 10:25:43,702 [main] INFO  ozone.HddsDatanodeService (HddsDatanodeService.java:startPlugins(395)) - Started plug-in org.apache.hadoop.ozone.web.OzoneHddsDatanodeService@6ae1d5f1
2019-09-20 10:25:43,702 [main] INFO  impl.MetricsSystemImpl (MetricsSystemImpl.java:init(158)) - HddsDatanode metrics system started (again)
2019-09-20 10:25:43,704 [org.apache.hadoop.util.JvmPauseMonitor$Monitor@19875216] INFO  util.JvmPauseMonitor (JvmPauseMonitor.java:run(188)) - Starting JVM pause monitor
2019-09-20 10:25:43,706 [Datanode State Machine Thread - 0] INFO  datanode.InitDatanodeState (InitDatanodeState.java:persistContainerDatanodeDetails(140)) - DatanodeDetails is persisted to /workdir/hadoop-ozone/integration-test/target/test-dir/MiniOzoneClusterImpl-023400ba-597c-4990-9952-187ab727187d/datanode-4/meta/datanode.id
2019-09-20 10:25:43,984 | INFO  | SCMAudit | user=jenkins1000 | ip=192.168.36.99 | op=GET_VERSION null | ret=SUCCESS |  
2019-09-20 10:25:44,003 [main] INFO  ozone.HddsDatanodeService (HddsDatanodeService.java:start(184)) - HddsDatanodeService host:pr-hdds-1569-p5fx8-1226042367 ip:192.168.36.99
2019-09-20 10:25:44,036 [main] INFO  volume.HddsVolume (HddsVolume.java:<init>(176)) - Creating Volume: /workdir/hadoop-ozone/integration-test/target/test-dir/MiniOzoneClusterImpl-023400ba-597c-4990-9952-187ab727187d/datanode-5/data/containers/hdds of  storage type : DISK and capacity : 1482555576320
2019-09-20 10:25:44,036 [Datanode State Machine Thread - 0] INFO  ozoneimpl.OzoneContainer (OzoneContainer.java:start(186)) - Attempting to start container services.
2019-09-20 10:25:44,036 [main] INFO  volume.VolumeSet (VolumeSet.java:initializeVolumeSet(170)) - Added Volume : /workdir/hadoop-ozone/integration-test/target/test-dir/MiniOzoneClusterImpl-023400ba-597c-4990-9952-187ab727187d/datanode-5/data/containers/hdds to VolumeSet
2019-09-20 10:25:44,036 [Datanode State Machine Thread - 0] INFO  ozoneimpl.OzoneContainer (OzoneContainer.java:startContainerScrub(160)) - Background container scrubber has been disabled by hdds.containerscrub.enabled
2019-09-20 10:25:44,037 [main] INFO  volume.ThrottledAsyncChecker (ThrottledAsyncChecker.java:schedule(140)) - Scheduling a check for org.apache.hadoop.ozone.container.common.volume.HddsVolume@2dbfcbe4
2019-09-20 10:25:44,037 [Datanode State Machine Thread - 0] INFO  ratis.XceiverServerRatis (XceiverServerRatis.java:start(404)) - Starting XceiverServerRatis 6f3631be-ef72-40c3-a17d-cb6a2edd0adf at port 0
2019-09-20 10:25:44,038 [main] INFO  volume.HddsVolumeChecker (HddsVolumeChecker.java:checkAllVolumes(203)) - Scheduled health check for volume org.apache.hadoop.ozone.container.common.volume.HddsVolume@2dbfcbe4
2019-09-20 10:25:44,042 [Datanode State Machine Thread - 0] INFO  impl.RaftServerProxy (RaftServerProxy.java:lambda$start$3(299)) - 6f3631be-ef72-40c3-a17d-cb6a2edd0adf: start RPC server
2019-09-20 10:25:44,053 [Datanode State Machine Thread - 0] INFO  server.GrpcService (GrpcService.java:startImpl(149)) - 6f3631be-ef72-40c3-a17d-cb6a2edd0adf: GrpcService started, listening on 0.0.0.0/0.0.0.0:34642
2019-09-20 10:25:44,053 [Datanode State Machine Thread - 0] INFO  ratis.XceiverServerRatis (XceiverServerRatis.java:start(414)) - XceiverServerRatis 6f3631be-ef72-40c3-a17d-cb6a2edd0adf is started using port 34642
2019-09-20 10:25:44,054 [Datanode State Machine Thread - 0] INFO  server.XceiverServerGrpc (XceiverServerGrpc.java:start(163)) - XceiverServerGrpc 6f3631be-ef72-40c3-a17d-cb6a2edd0adf is started using port 44016
2019-09-20 10:25:44,074 [main] INFO  impl.RaftServerProxy (ConfUtils.java:logGet(43)) - raft.rpc.type = GRPC (default)
2019-09-20 10:25:44,074 [main] INFO  grpc.GrpcFactory (GrpcFactory.java:checkPooledByteBufAllocatorUseCacheForAllThreads(45)) - PERFORMANCE WARNING: useCacheForAllThreads is true that may cause Netty to create a lot garbage objects and, as a result, trigger GC.
	It is recommended to disable useCacheForAllThreads by setting -Dorg.apache.ratis.thirdparty.io.netty.allocator.useCacheForAllThreads=false in command line.
2019-09-20 10:25:44,074 [main] INFO  grpc.GrpcConfigKeys$Server (ConfUtils.java:logGet(43)) - raft.grpc.server.port = 0 (default)
2019-09-20 10:25:44,075 [main] INFO  server.GrpcService (ConfUtils.java:logGet(43)) - raft.grpc.message.size.max = 33570816 (custom)
2019-09-20 10:25:44,075 [main] INFO  server.RaftServerConfigKeys (ConfUtils.java:logGet(43)) - raft.server.log.appender.buffer.byte-limit = 33554432 (custom)
2019-09-20 10:25:44,075 [main] INFO  server.GrpcService (ConfUtils.java:logGet(43)) - raft.grpc.flow.control.window = 1MB (=1048576) (default)
2019-09-20 10:25:44,075 [main] INFO  server.RaftServerConfigKeys (ConfUtils.java:logGet(43)) - raft.server.rpc.request.timeout = 3000ms (default)
2019-09-20 10:25:44,076 [main] INFO  server.RaftServerConfigKeys (ConfUtils.java:logGet(43)) - raft.server.storage.dir = [/workdir/hadoop-ozone/integration-test/target/test-dir/MiniOzoneClusterImpl-023400ba-597c-4990-9952-187ab727187d/datanode-5/data/ratis] (custom)
2019-09-20 10:25:44,076 [main] INFO  replication.SimpleContainerDownloader (SimpleContainerDownloader.java:<init>(72)) - Starting container downloader service to copy containers to replicate.
2019-09-20 10:25:44,077 [main] INFO  hdfs.DFSUtil (DFSUtil.java:httpServerTemplateForNNAndJN(1641)) - Starting Web-server for hddsDatanode at: http://0.0.0.0:0
2019-09-20 10:25:44,078 [main] INFO  server.AuthenticationFilter (AuthenticationFilter.java:constructSecretProvider(240)) - Unable to initialize FileSignerSecretProvider, falling back to use random secrets.
2019-09-20 10:25:44,079 [main] WARN  http.HttpRequestLog (HttpRequestLog.java:getRequestLog(97)) - Jetty request log can only be enabled using Log4j
2019-09-20 10:25:44,080 [main] INFO  http.HttpServer2 (HttpServer2.java:addGlobalFilter(975)) - Added global filter 'safety' (class=org.apache.hadoop.http.HttpServer2$QuotingInputFilter)
2019-09-20 10:25:44,080 [main] INFO  http.HttpServer2 (HttpServer2.java:addFilter(948)) - Added filter static_user_filter (class=org.apache.hadoop.http.lib.StaticUserWebFilter$StaticUserFilter) to context hddsDatanode
2019-09-20 10:25:44,080 [main] INFO  http.HttpServer2 (HttpServer2.java:addFilter(958)) - Added filter static_user_filter (class=org.apache.hadoop.http.lib.StaticUserWebFilter$StaticUserFilter) to context logs
2019-09-20 10:25:44,081 [main] INFO  http.HttpServer2 (HttpServer2.java:addFilter(958)) - Added filter static_user_filter (class=org.apache.hadoop.http.lib.StaticUserWebFilter$StaticUserFilter) to context static
2019-09-20 10:25:44,081 [main] INFO  http.HttpServer2 (HttpServer2.java:bindListener(1191)) - Jetty bound to port 40975
2019-09-20 10:25:44,081 [main] INFO  server.Server (Server.java:doStart(351)) - jetty-9.3.24.v20180605, build timestamp: 2018-06-05T17:11:56Z, git hash: 84205aa28f11a4f31f2a3b86d1bba2cc8ab69827
2019-09-20 10:25:44,083 [main] INFO  handler.ContextHandler (ContextHandler.java:doStart(781)) - Started o.e.j.s.ServletContextHandler@240a717d{/logs,file:///workdir/hadoop-ozone/integration-test/target/log,AVAILABLE}
2019-09-20 10:25:44,083 [main] INFO  handler.ContextHandler (ContextHandler.java:doStart(781)) - Started o.e.j.s.ServletContextHandler@1eff74f2{/static,jar:file:/home/user/.m2/repository/org/apache/hadoop/hadoop-hdds-container-service/0.5.0-SNAPSHOT/hadoop-hdds-container-service-0.5.0-SNAPSHOT.jar!/webapps/static,AVAILABLE}
2019-09-20 10:25:44,108 [main] INFO  handler.ContextHandler (ContextHandler.java:doStart(781)) - Started o.e.j.w.WebAppContext@5dfaa2f0{/,file:///tmp/jetty-0.0.0.0-40975-hddsDatanode-_-any-5303306218098679594.dir/webapp/,AVAILABLE}{/hddsDatanode}
2019-09-20 10:25:44,108 [main] INFO  server.AbstractConnector (AbstractConnector.java:doStart(278)) - Started ServerConnector@672ba9cc{HTTP/1.1,[http/1.1]}{0.0.0.0:40975}
2019-09-20 10:25:44,118 [main] INFO  server.Server (Server.java:doStart(419)) - Started @105486ms
2019-09-20 10:25:44,119 [main] INFO  server.BaseHttpServer (BaseHttpServer.java:updateConnectorAddress(213)) - HTTP server of HDDSDATANODE is listening at http://0.0.0.0:40975
2019-09-20 10:25:44,134 | INFO  | SCMAudit | user=jenkins1000 | ip=192.168.36.99 | op=SEND_HEARTBEAT {datanodeUUID=bb8f5112-316d-4974-a5a6-f698f3fbb5be, command=[]} | ret=SUCCESS |  
2019-09-20 10:25:44,134 | INFO  | SCMAudit | user=jenkins1000 | ip=192.168.36.99 | op=SEND_HEARTBEAT {datanodeUUID=b5962e8e-c9f1-48aa-8eb4-d8f74b8afdbe, command=[]} | ret=SUCCESS |  
2019-09-20 10:25:44,134 | INFO  | SCMAudit | user=jenkins1000 | ip=192.168.36.99 | op=SEND_HEARTBEAT {datanodeUUID=61649f92-8c0f-475a-818d-1064548aeef6, command=[]} | ret=SUCCESS |  
2019-09-20 10:25:44,134 | INFO  | SCMAudit | user=jenkins1000 | ip=192.168.36.99 | op=SEND_HEARTBEAT {datanodeUUID=e29464ab-17d7-4a4e-ab54-c178fccc723c, command=[]} | ret=SUCCESS |  
2019-09-20 10:25:44,134 | INFO  | SCMAudit | user=jenkins1000 | ip=192.168.36.99 | op=SEND_HEARTBEAT {datanodeUUID=c3e532f8-1a8e-44f3-b56b-d765aee893af, command=[]} | ret=SUCCESS |  
2019-09-20 10:25:44,136 | INFO  | SCMAudit | user=jenkins1000 | ip=192.168.36.99 | op=SEND_HEARTBEAT {datanodeUUID=e8013689-2f13-4aaf-8a03-99f419c430ec, command=[]} | ret=SUCCESS |  
2019-09-20 10:25:44,137 | INFO  | SCMAudit | user=jenkins1000 | ip=192.168.36.99 | op=SEND_HEARTBEAT {datanodeUUID=9e03ffa9-cf79-407a-a150-4c035e5aec5e, command=[]} | ret=SUCCESS |  
2019-09-20 10:25:44,137 | INFO  | SCMAudit | user=jenkins1000 | ip=192.168.36.99 | op=SEND_HEARTBEAT {datanodeUUID=136f1953-bb94-4097-a2d4-422a6782bee0, command=[]} | ret=SUCCESS |  
2019-09-20 10:25:44,138 | INFO  | SCMAudit | user=jenkins1000 | ip=192.168.36.99 | op=SEND_HEARTBEAT {datanodeUUID=4d972e91-cb6b-45de-8bd2-c18af7abe58b, command=[]} | ret=SUCCESS |  
2019-09-20 10:25:44,138 | INFO  | SCMAudit | user=jenkins1000 | ip=192.168.36.99 | op=SEND_HEARTBEAT {datanodeUUID=7af711bd-b5ae-4a73-a8be-b970cae6c2d1, command=[]} | ret=SUCCESS |  
2019-09-20 10:25:44,138 | INFO  | SCMAudit | user=jenkins1000 | ip=192.168.36.99 | op=SEND_HEARTBEAT {datanodeUUID=66416d0b-a71c-4af1-ae3a-62ca63b880a3, command=[]} | ret=SUCCESS |  
2019-09-20 10:25:44,138 | INFO  | SCMAudit | user=jenkins1000 | ip=192.168.36.99 | op=SEND_HEARTBEAT {datanodeUUID=60260ec1-e192-4b95-89c8-d924d16a77a9, command=[]} | ret=SUCCESS |  
2019-09-20 10:25:44,139 | INFO  | SCMAudit | user=jenkins1000 | ip=192.168.36.99 | op=SEND_HEARTBEAT {datanodeUUID=99e70dd4-d763-4473-944c-c5628506dcf8, command=[]} | ret=SUCCESS |  
2019-09-20 10:25:44,139 | INFO  | SCMAudit | user=jenkins1000 | ip=192.168.36.99 | op=SEND_HEARTBEAT {datanodeUUID=6491c372-a595-4104-b3e9-c4f3293baafa, command=[]} | ret=SUCCESS |  
2019-09-20 10:25:44,139 | INFO  | SCMAudit | user=jenkins1000 | ip=192.168.36.99 | op=SEND_HEARTBEAT {datanodeUUID=468be06f-55e9-4831-ba6b-3db017451a79, command=[]} | ret=SUCCESS |  
2019-09-20 10:25:44,139 | INFO  | SCMAudit | user=jenkins1000 | ip=192.168.36.99 | op=SEND_HEARTBEAT {datanodeUUID=54207fe5-d92c-4c2e-b058-fbae630dabef, command=[]} | ret=SUCCESS |  
2019-09-20 10:25:44,139 | INFO  | SCMAudit | user=jenkins1000 | ip=192.168.36.99 | op=SEND_HEARTBEAT {datanodeUUID=ece458fc-6687-4915-9be7-f98d86977b7d, command=[]} | ret=SUCCESS |  
2019-09-20 10:25:44,140 | INFO  | SCMAudit | user=jenkins1000 | ip=192.168.36.99 | op=SEND_HEARTBEAT {datanodeUUID=3d6f3241-e73c-473a-ad0b-c7be2f7e1dda, command=[]} | ret=SUCCESS |  
2019-09-20 10:25:44,140 | INFO  | SCMAudit | user=jenkins1000 | ip=192.168.36.99 | op=SEND_HEARTBEAT {datanodeUUID=cff8bf6b-8d20-4327-9f29-08a3c2b49247, command=[]} | ret=SUCCESS |  
2019-09-20 10:25:44,140 | INFO  | SCMAudit | user=jenkins1000 | ip=192.168.36.99 | op=SEND_HEARTBEAT {datanodeUUID=d2ed2d9b-7ac7-460e-84f6-6d9d6066f76d, command=[]} | ret=SUCCESS |  
2019-09-20 10:25:44,141 | INFO  | SCMAudit | user=jenkins1000 | ip=192.168.36.99 | op=SEND_HEARTBEAT {datanodeUUID=19fb8383-7c99-4449-b95c-a26e71717844, command=[]} | ret=SUCCESS |  
2019-09-20 10:25:44,141 | INFO  | SCMAudit | user=jenkins1000 | ip=192.168.36.99 | op=SEND_HEARTBEAT {datanodeUUID=99153be1-ba81-4c7b-b6ab-4442760615cb, command=[]} | ret=SUCCESS |  
2019-09-20 10:25:44,142 | INFO  | SCMAudit | user=jenkins1000 | ip=192.168.36.99 | op=SEND_HEARTBEAT {datanodeUUID=fac63c4b-287e-453e-9ac7-8c8c283fdab7, command=[]} | ret=SUCCESS |  
2019-09-20 10:25:44,142 | INFO  | SCMAudit | user=jenkins1000 | ip=192.168.36.99 | op=SEND_HEARTBEAT {datanodeUUID=1ab786b9-c79c-4265-88a1-5b3344c6beda, command=[]} | ret=SUCCESS |  
2019-09-20 10:25:44,142 | INFO  | SCMAudit | user=jenkins1000 | ip=192.168.36.99 | op=SEND_HEARTBEAT {datanodeUUID=17e2ba94-38a1-40e7-84e0-f6802901db84, command=[]} | ret=SUCCESS |  
2019-09-20 10:25:44,143 | INFO  | SCMAudit | user=jenkins1000 | ip=192.168.36.99 | op=SEND_HEARTBEAT {datanodeUUID=1bfb6844-04ed-4104-839b-60e510b6bb68, command=[]} | ret=SUCCESS |  
2019-09-20 10:25:44,143 | INFO  | SCMAudit | user=jenkins1000 | ip=192.168.36.99 | op=SEND_HEARTBEAT {datanodeUUID=7f6418e1-cc7a-441a-8f41-c73576b5a1c5, command=[]} | ret=SUCCESS |  
2019-09-20 10:25:44,144 | INFO  | SCMAudit | user=jenkins1000 | ip=192.168.36.99 | op=SEND_HEARTBEAT {datanodeUUID=075fa85b-703c-4900-807d-88f08b36438a, command=[]} | ret=SUCCESS |  
2019-09-20 10:25:44,243 | INFO  | ObjectStoreRestHttpServer | Listening HDDS REST traffic on /0.0.0.0:42664 |  
2019-09-20 10:25:44,243 [main] INFO  ozone.HddsDatanodeService (HddsDatanodeService.java:startPlugins(395)) - Started plug-in org.apache.hadoop.ozone.web.OzoneHddsDatanodeService@47897093
2019-09-20 10:25:44,244 [main] INFO  impl.MetricsSystemImpl (MetricsSystemImpl.java:init(158)) - HddsDatanode metrics system started (again)
2019-09-20 10:25:44,247 [Datanode State Machine Thread - 0] INFO  datanode.InitDatanodeState (InitDatanodeState.java:persistContainerDatanodeDetails(140)) - DatanodeDetails is persisted to /workdir/hadoop-ozone/integration-test/target/test-dir/MiniOzoneClusterImpl-023400ba-597c-4990-9952-187ab727187d/datanode-5/meta/datanode.id
2019-09-20 10:25:44,248 [org.apache.hadoop.util.JvmPauseMonitor$Monitor@c7d9271] INFO  util.JvmPauseMonitor (JvmPauseMonitor.java:run(188)) - Starting JVM pause monitor
2019-09-20 10:25:44,460 | INFO  | SCMAudit | user=jenkins1000 | ip=192.168.36.99 | op=GET_VERSION null | ret=SUCCESS |  
2019-09-20 10:25:44,463 [main] INFO  ozone.HddsDatanodeService (HddsDatanodeService.java:start(184)) - HddsDatanodeService host:pr-hdds-1569-p5fx8-1226042367 ip:192.168.36.99
2019-09-20 10:25:44,503 [main] INFO  volume.HddsVolume (HddsVolume.java:<init>(176)) - Creating Volume: /workdir/hadoop-ozone/integration-test/target/test-dir/MiniOzoneClusterImpl-023400ba-597c-4990-9952-187ab727187d/datanode-6/data/containers/hdds of  storage type : DISK and capacity : 1482555576320
2019-09-20 10:25:44,504 [Datanode State Machine Thread - 0] INFO  ozoneimpl.OzoneContainer (OzoneContainer.java:start(186)) - Attempting to start container services.
2019-09-20 10:25:44,504 [Datanode State Machine Thread - 0] INFO  ozoneimpl.OzoneContainer (OzoneContainer.java:startContainerScrub(160)) - Background container scrubber has been disabled by hdds.containerscrub.enabled
2019-09-20 10:25:44,504 [Datanode State Machine Thread - 0] INFO  ratis.XceiverServerRatis (XceiverServerRatis.java:start(404)) - Starting XceiverServerRatis 0d89bd5b-f1f0-4d05-b956-8c5f0ef5931a at port 0
2019-09-20 10:25:44,504 [main] INFO  volume.VolumeSet (VolumeSet.java:initializeVolumeSet(170)) - Added Volume : /workdir/hadoop-ozone/integration-test/target/test-dir/MiniOzoneClusterImpl-023400ba-597c-4990-9952-187ab727187d/datanode-6/data/containers/hdds to VolumeSet
2019-09-20 10:25:44,505 [main] INFO  volume.ThrottledAsyncChecker (ThrottledAsyncChecker.java:schedule(140)) - Scheduling a check for org.apache.hadoop.ozone.container.common.volume.HddsVolume@16c3e494
2019-09-20 10:25:44,505 [main] INFO  volume.HddsVolumeChecker (HddsVolumeChecker.java:checkAllVolumes(203)) - Scheduled health check for volume org.apache.hadoop.ozone.container.common.volume.HddsVolume@16c3e494
2019-09-20 10:25:44,511 [Datanode State Machine Thread - 0] INFO  impl.RaftServerProxy (RaftServerProxy.java:lambda$start$3(299)) - 0d89bd5b-f1f0-4d05-b956-8c5f0ef5931a: start RPC server
2019-09-20 10:25:44,511 [Datanode State Machine Thread - 0] INFO  server.GrpcService (GrpcService.java:startImpl(149)) - 0d89bd5b-f1f0-4d05-b956-8c5f0ef5931a: GrpcService started, listening on 0.0.0.0/0.0.0.0:35767
2019-09-20 10:25:44,511 [Datanode State Machine Thread - 0] INFO  ratis.XceiverServerRatis (XceiverServerRatis.java:start(414)) - XceiverServerRatis 0d89bd5b-f1f0-4d05-b956-8c5f0ef5931a is started using port 35767
2019-09-20 10:25:44,512 [Datanode State Machine Thread - 0] INFO  server.XceiverServerGrpc (XceiverServerGrpc.java:start(163)) - XceiverServerGrpc 0d89bd5b-f1f0-4d05-b956-8c5f0ef5931a is started using port 44266
2019-09-20 10:25:44,531 [main] INFO  impl.RaftServerProxy (ConfUtils.java:logGet(43)) - raft.rpc.type = GRPC (default)
2019-09-20 10:25:44,531 [main] INFO  grpc.GrpcFactory (GrpcFactory.java:checkPooledByteBufAllocatorUseCacheForAllThreads(45)) - PERFORMANCE WARNING: useCacheForAllThreads is true that may cause Netty to create a lot garbage objects and, as a result, trigger GC.
	It is recommended to disable useCacheForAllThreads by setting -Dorg.apache.ratis.thirdparty.io.netty.allocator.useCacheForAllThreads=false in command line.
2019-09-20 10:25:44,531 [main] INFO  grpc.GrpcConfigKeys$Server (ConfUtils.java:logGet(43)) - raft.grpc.server.port = 0 (default)
2019-09-20 10:25:44,532 [main] INFO  server.GrpcService (ConfUtils.java:logGet(43)) - raft.grpc.message.size.max = 33570816 (custom)
2019-09-20 10:25:44,532 [main] INFO  server.RaftServerConfigKeys (ConfUtils.java:logGet(43)) - raft.server.log.appender.buffer.byte-limit = 33554432 (custom)
2019-09-20 10:25:44,532 [main] INFO  server.GrpcService (ConfUtils.java:logGet(43)) - raft.grpc.flow.control.window = 1MB (=1048576) (default)
2019-09-20 10:25:44,532 [main] INFO  server.RaftServerConfigKeys (ConfUtils.java:logGet(43)) - raft.server.rpc.request.timeout = 3000ms (default)
2019-09-20 10:25:44,533 [main] INFO  server.RaftServerConfigKeys (ConfUtils.java:logGet(43)) - raft.server.storage.dir = [/workdir/hadoop-ozone/integration-test/target/test-dir/MiniOzoneClusterImpl-023400ba-597c-4990-9952-187ab727187d/datanode-6/data/ratis] (custom)
2019-09-20 10:25:44,533 [main] INFO  replication.SimpleContainerDownloader (SimpleContainerDownloader.java:<init>(72)) - Starting container downloader service to copy containers to replicate.
2019-09-20 10:25:44,535 [main] INFO  hdfs.DFSUtil (DFSUtil.java:httpServerTemplateForNNAndJN(1641)) - Starting Web-server for hddsDatanode at: http://0.0.0.0:0
2019-09-20 10:25:44,536 [main] INFO  server.AuthenticationFilter (AuthenticationFilter.java:constructSecretProvider(240)) - Unable to initialize FileSignerSecretProvider, falling back to use random secrets.
2019-09-20 10:25:44,537 [main] WARN  http.HttpRequestLog (HttpRequestLog.java:getRequestLog(97)) - Jetty request log can only be enabled using Log4j
2019-09-20 10:25:44,538 [main] INFO  http.HttpServer2 (HttpServer2.java:addGlobalFilter(975)) - Added global filter 'safety' (class=org.apache.hadoop.http.HttpServer2$QuotingInputFilter)
2019-09-20 10:25:44,539 [main] INFO  http.HttpServer2 (HttpServer2.java:addFilter(948)) - Added filter static_user_filter (class=org.apache.hadoop.http.lib.StaticUserWebFilter$StaticUserFilter) to context hddsDatanode
2019-09-20 10:25:44,539 [main] INFO  http.HttpServer2 (HttpServer2.java:addFilter(958)) - Added filter static_user_filter (class=org.apache.hadoop.http.lib.StaticUserWebFilter$StaticUserFilter) to context logs
2019-09-20 10:25:44,539 [main] INFO  http.HttpServer2 (HttpServer2.java:addFilter(958)) - Added filter static_user_filter (class=org.apache.hadoop.http.lib.StaticUserWebFilter$StaticUserFilter) to context static
2019-09-20 10:25:44,540 [main] INFO  http.HttpServer2 (HttpServer2.java:bindListener(1191)) - Jetty bound to port 34594
2019-09-20 10:25:44,540 [main] INFO  server.Server (Server.java:doStart(351)) - jetty-9.3.24.v20180605, build timestamp: 2018-06-05T17:11:56Z, git hash: 84205aa28f11a4f31f2a3b86d1bba2cc8ab69827
2019-09-20 10:25:44,542 [main] INFO  handler.ContextHandler (ContextHandler.java:doStart(781)) - Started o.e.j.s.ServletContextHandler@4d609cc3{/logs,file:///workdir/hadoop-ozone/integration-test/target/log,AVAILABLE}
2019-09-20 10:25:44,542 [main] INFO  handler.ContextHandler (ContextHandler.java:doStart(781)) - Started o.e.j.s.ServletContextHandler@7a7d25ca{/static,jar:file:/home/user/.m2/repository/org/apache/hadoop/hadoop-hdds-container-service/0.5.0-SNAPSHOT/hadoop-hdds-container-service-0.5.0-SNAPSHOT.jar!/webapps/static,AVAILABLE}
2019-09-20 10:25:44,570 [main] INFO  handler.ContextHandler (ContextHandler.java:doStart(781)) - Started o.e.j.w.WebAppContext@795ce9b5{/,file:///tmp/jetty-0.0.0.0-34594-hddsDatanode-_-any-2143748754552961667.dir/webapp/,AVAILABLE}{/hddsDatanode}
2019-09-20 10:25:44,570 [main] INFO  server.AbstractConnector (AbstractConnector.java:doStart(278)) - Started ServerConnector@280cb0b4{HTTP/1.1,[http/1.1]}{0.0.0.0:34594}
2019-09-20 10:25:44,579 [main] INFO  server.Server (Server.java:doStart(419)) - Started @105948ms
2019-09-20 10:25:44,580 [main] INFO  server.BaseHttpServer (BaseHttpServer.java:updateConnectorAddress(213)) - HTTP server of HDDSDATANODE is listening at http://0.0.0.0:34594
2019-09-20 10:25:44,699 | INFO  | ObjectStoreRestHttpServer | Listening HDDS REST traffic on /0.0.0.0:36343 |  
2019-09-20 10:25:44,699 [main] INFO  ozone.HddsDatanodeService (HddsDatanodeService.java:startPlugins(395)) - Started plug-in org.apache.hadoop.ozone.web.OzoneHddsDatanodeService@7c98bac0
2019-09-20 10:25:44,700 [main] INFO  ozone.MiniOzoneClusterImpl (MiniOzoneClusterImpl.java:lambda$waitForClusterToBeReady$0(142)) - Waiting for cluster to be ready. Got 0 of 7 DN Heartbeats.
2019-09-20 10:25:44,701 [org.apache.hadoop.util.JvmPauseMonitor$Monitor@7a5cc37e] INFO  util.JvmPauseMonitor (JvmPauseMonitor.java:run(188)) - Starting JVM pause monitor
2019-09-20 10:25:44,703 [Datanode State Machine Thread - 0] INFO  datanode.InitDatanodeState (InitDatanodeState.java:persistContainerDatanodeDetails(140)) - DatanodeDetails is persisted to /workdir/hadoop-ozone/integration-test/target/test-dir/MiniOzoneClusterImpl-023400ba-597c-4990-9952-187ab727187d/datanode-6/meta/datanode.id
2019-09-20 10:25:44,917 | INFO  | SCMAudit | user=jenkins1000 | ip=192.168.36.99 | op=GET_VERSION null | ret=SUCCESS |  
2019-09-20 10:25:44,935 [Datanode State Machine Thread - 0] INFO  ozoneimpl.OzoneContainer (OzoneContainer.java:start(186)) - Attempting to start container services.
2019-09-20 10:25:44,935 [Datanode State Machine Thread - 0] INFO  ozoneimpl.OzoneContainer (OzoneContainer.java:startContainerScrub(160)) - Background container scrubber has been disabled by hdds.containerscrub.enabled
2019-09-20 10:25:44,935 [Datanode State Machine Thread - 0] INFO  ratis.XceiverServerRatis (XceiverServerRatis.java:start(404)) - Starting XceiverServerRatis e238300f-1c21-4f37-b50e-3ecfb3791348 at port 0
2019-09-20 10:25:44,942 [Datanode State Machine Thread - 0] INFO  impl.RaftServerProxy (RaftServerProxy.java:lambda$start$3(299)) - e238300f-1c21-4f37-b50e-3ecfb3791348: start RPC server
2019-09-20 10:25:44,958 [Datanode State Machine Thread - 0] INFO  server.GrpcService (GrpcService.java:startImpl(149)) - e238300f-1c21-4f37-b50e-3ecfb3791348: GrpcService started, listening on 0.0.0.0/0.0.0.0:41864
2019-09-20 10:25:44,958 [Datanode State Machine Thread - 0] INFO  ratis.XceiverServerRatis (XceiverServerRatis.java:start(414)) - XceiverServerRatis e238300f-1c21-4f37-b50e-3ecfb3791348 is started using port 41864
2019-09-20 10:25:44,958 [Datanode State Machine Thread - 0] INFO  server.XceiverServerGrpc (XceiverServerGrpc.java:start(163)) - XceiverServerGrpc e238300f-1c21-4f37-b50e-3ecfb3791348 is started using port 39794
2019-09-20 10:25:45,134 | INFO  | SCMAudit | user=jenkins1000 | ip=192.168.36.99 | op=SEND_HEARTBEAT {datanodeUUID=e29464ab-17d7-4a4e-ab54-c178fccc723c, command=[]} | ret=SUCCESS |  
2019-09-20 10:25:45,134 | INFO  | SCMAudit | user=jenkins1000 | ip=192.168.36.99 | op=SEND_HEARTBEAT {datanodeUUID=61649f92-8c0f-475a-818d-1064548aeef6, command=[]} | ret=SUCCESS |  
2019-09-20 10:25:45,134 | INFO  | SCMAudit | user=jenkins1000 | ip=192.168.36.99 | op=SEND_HEARTBEAT {datanodeUUID=b5962e8e-c9f1-48aa-8eb4-d8f74b8afdbe, command=[]} | ret=SUCCESS |  
2019-09-20 10:25:45,135 | INFO  | SCMAudit | user=jenkins1000 | ip=192.168.36.99 | op=SEND_HEARTBEAT {datanodeUUID=c3e532f8-1a8e-44f3-b56b-d765aee893af, command=[]} | ret=SUCCESS |  
2019-09-20 10:25:45,134 | INFO  | SCMAudit | user=jenkins1000 | ip=192.168.36.99 | op=SEND_HEARTBEAT {datanodeUUID=bb8f5112-316d-4974-a5a6-f698f3fbb5be, command=[]} | ret=SUCCESS |  
2019-09-20 10:25:45,136 | INFO  | SCMAudit | user=jenkins1000 | ip=192.168.36.99 | op=SEND_HEARTBEAT {datanodeUUID=e8013689-2f13-4aaf-8a03-99f419c430ec, command=[]} | ret=SUCCESS |  
2019-09-20 10:25:45,137 | INFO  | SCMAudit | user=jenkins1000 | ip=192.168.36.99 | op=SEND_HEARTBEAT {datanodeUUID=136f1953-bb94-4097-a2d4-422a6782bee0, command=[]} | ret=SUCCESS |  
2019-09-20 10:25:45,137 | INFO  | SCMAudit | user=jenkins1000 | ip=192.168.36.99 | op=SEND_HEARTBEAT {datanodeUUID=9e03ffa9-cf79-407a-a150-4c035e5aec5e, command=[]} | ret=SUCCESS |  
2019-09-20 10:25:45,138 | INFO  | SCMAudit | user=jenkins1000 | ip=192.168.36.99 | op=SEND_HEARTBEAT {datanodeUUID=7af711bd-b5ae-4a73-a8be-b970cae6c2d1, command=[]} | ret=SUCCESS |  
2019-09-20 10:25:45,138 | INFO  | SCMAudit | user=jenkins1000 | ip=192.168.36.99 | op=SEND_HEARTBEAT {datanodeUUID=66416d0b-a71c-4af1-ae3a-62ca63b880a3, command=[]} | ret=SUCCESS |  
2019-09-20 10:25:45,138 | INFO  | SCMAudit | user=jenkins1000 | ip=192.168.36.99 | op=SEND_HEARTBEAT {datanodeUUID=60260ec1-e192-4b95-89c8-d924d16a77a9, command=[]} | ret=SUCCESS |  
2019-09-20 10:25:45,138 | INFO  | SCMAudit | user=jenkins1000 | ip=192.168.36.99 | op=SEND_HEARTBEAT {datanodeUUID=99e70dd4-d763-4473-944c-c5628506dcf8, command=[]} | ret=SUCCESS |  
2019-09-20 10:25:45,138 | INFO  | SCMAudit | user=jenkins1000 | ip=192.168.36.99 | op=SEND_HEARTBEAT {datanodeUUID=4d972e91-cb6b-45de-8bd2-c18af7abe58b, command=[]} | ret=SUCCESS |  
2019-09-20 10:25:45,139 | INFO  | SCMAudit | user=jenkins1000 | ip=192.168.36.99 | op=SEND_HEARTBEAT {datanodeUUID=ece458fc-6687-4915-9be7-f98d86977b7d, command=[]} | ret=SUCCESS |  
2019-09-20 10:25:45,140 | INFO  | SCMAudit | user=jenkins1000 | ip=192.168.36.99 | op=SEND_HEARTBEAT {datanodeUUID=6491c372-a595-4104-b3e9-c4f3293baafa, command=[]} | ret=SUCCESS |  
2019-09-20 10:25:45,140 | INFO  | SCMAudit | user=jenkins1000 | ip=192.168.36.99 | op=SEND_HEARTBEAT {datanodeUUID=54207fe5-d92c-4c2e-b058-fbae630dabef, command=[]} | ret=SUCCESS |  
2019-09-20 10:25:45,140 | INFO  | SCMAudit | user=jenkins1000 | ip=192.168.36.99 | op=SEND_HEARTBEAT {datanodeUUID=468be06f-55e9-4831-ba6b-3db017451a79, command=[]} | ret=SUCCESS |  
2019-09-20 10:25:45,140 | INFO  | SCMAudit | user=jenkins1000 | ip=192.168.36.99 | op=SEND_HEARTBEAT {datanodeUUID=d2ed2d9b-7ac7-460e-84f6-6d9d6066f76d, command=[]} | ret=SUCCESS |  
2019-09-20 10:25:45,140 | INFO  | SCMAudit | user=jenkins1000 | ip=192.168.36.99 | op=SEND_HEARTBEAT {datanodeUUID=3d6f3241-e73c-473a-ad0b-c7be2f7e1dda, command=[]} | ret=SUCCESS |  
2019-09-20 10:25:45,141 | INFO  | SCMAudit | user=jenkins1000 | ip=192.168.36.99 | op=SEND_HEARTBEAT {datanodeUUID=cff8bf6b-8d20-4327-9f29-08a3c2b49247, command=[]} | ret=SUCCESS |  
2019-09-20 10:25:45,141 | INFO  | SCMAudit | user=jenkins1000 | ip=192.168.36.99 | op=SEND_HEARTBEAT {datanodeUUID=99153be1-ba81-4c7b-b6ab-4442760615cb, command=[]} | ret=SUCCESS |  
2019-09-20 10:25:45,141 | INFO  | SCMAudit | user=jenkins1000 | ip=192.168.36.99 | op=SEND_HEARTBEAT {datanodeUUID=19fb8383-7c99-4449-b95c-a26e71717844, command=[]} | ret=SUCCESS |  
2019-09-20 10:25:45,142 | INFO  | SCMAudit | user=jenkins1000 | ip=192.168.36.99 | op=SEND_HEARTBEAT {datanodeUUID=17e2ba94-38a1-40e7-84e0-f6802901db84, command=[]} | ret=SUCCESS |  
2019-09-20 10:25:45,142 | INFO  | SCMAudit | user=jenkins1000 | ip=192.168.36.99 | op=SEND_HEARTBEAT {datanodeUUID=fac63c4b-287e-453e-9ac7-8c8c283fdab7, command=[]} | ret=SUCCESS |  
2019-09-20 10:25:45,142 | INFO  | SCMAudit | user=jenkins1000 | ip=192.168.36.99 | op=SEND_HEARTBEAT {datanodeUUID=1ab786b9-c79c-4265-88a1-5b3344c6beda, command=[]} | ret=SUCCESS |  
2019-09-20 10:25:45,143 | INFO  | SCMAudit | user=jenkins1000 | ip=192.168.36.99 | op=SEND_HEARTBEAT {datanodeUUID=7f6418e1-cc7a-441a-8f41-c73576b5a1c5, command=[]} | ret=SUCCESS |  
2019-09-20 10:25:45,143 | INFO  | SCMAudit | user=jenkins1000 | ip=192.168.36.99 | op=SEND_HEARTBEAT {datanodeUUID=1bfb6844-04ed-4104-839b-60e510b6bb68, command=[]} | ret=SUCCESS |  
2019-09-20 10:25:45,144 | INFO  | SCMAudit | user=jenkins1000 | ip=192.168.36.99 | op=SEND_HEARTBEAT {datanodeUUID=075fa85b-703c-4900-807d-88f08b36438a, command=[]} | ret=SUCCESS |  
2019-09-20 10:25:45,431 | INFO  | SCMAudit | user=jenkins1000 | ip=192.168.36.99 | op=GET_VERSION null | ret=SUCCESS |  
2019-09-20 10:25:45,450 [Datanode State Machine Thread - 0] INFO  ozoneimpl.OzoneContainer (OzoneContainer.java:start(186)) - Attempting to start container services.
2019-09-20 10:25:45,450 [Datanode State Machine Thread - 0] INFO  ozoneimpl.OzoneContainer (OzoneContainer.java:startContainerScrub(160)) - Background container scrubber has been disabled by hdds.containerscrub.enabled
2019-09-20 10:25:45,450 [Datanode State Machine Thread - 0] INFO  ratis.XceiverServerRatis (XceiverServerRatis.java:start(404)) - Starting XceiverServerRatis a3551cd1-78f2-43f6-afc0-6c6852e9cef9 at port 0
2019-09-20 10:25:45,457 [Datanode State Machine Thread - 0] INFO  impl.RaftServerProxy (RaftServerProxy.java:lambda$start$3(299)) - a3551cd1-78f2-43f6-afc0-6c6852e9cef9: start RPC server
2019-09-20 10:25:45,459 [Datanode State Machine Thread - 0] INFO  server.GrpcService (GrpcService.java:startImpl(149)) - a3551cd1-78f2-43f6-afc0-6c6852e9cef9: GrpcService started, listening on 0.0.0.0/0.0.0.0:44444
2019-09-20 10:25:45,459 [Datanode State Machine Thread - 0] INFO  ratis.XceiverServerRatis (XceiverServerRatis.java:start(414)) - XceiverServerRatis a3551cd1-78f2-43f6-afc0-6c6852e9cef9 is started using port 44444
2019-09-20 10:25:45,474 [Datanode State Machine Thread - 0] INFO  server.XceiverServerGrpc (XceiverServerGrpc.java:start(163)) - XceiverServerGrpc a3551cd1-78f2-43f6-afc0-6c6852e9cef9 is started using port 42063
2019-09-20 10:25:45,700 [main] INFO  ozone.MiniOzoneClusterImpl (MiniOzoneClusterImpl.java:lambda$waitForClusterToBeReady$0(142)) - Waiting for cluster to be ready. Got 0 of 7 DN Heartbeats.
2019-09-20 10:25:45,704 | INFO  | SCMAudit | user=jenkins1000 | ip=192.168.36.99 | op=GET_VERSION null | ret=SUCCESS |  
2019-09-20 10:25:45,751 [Datanode State Machine Thread - 0] INFO  ozoneimpl.OzoneContainer (OzoneContainer.java:start(186)) - Attempting to start container services.
2019-09-20 10:25:45,751 [Datanode State Machine Thread - 0] INFO  ozoneimpl.OzoneContainer (OzoneContainer.java:startContainerScrub(160)) - Background container scrubber has been disabled by hdds.containerscrub.enabled
2019-09-20 10:25:45,751 [Datanode State Machine Thread - 0] INFO  ratis.XceiverServerRatis (XceiverServerRatis.java:start(404)) - Starting XceiverServerRatis 206c8d3c-b23c-44eb-904e-8a117dc81c96 at port 0
2019-09-20 10:25:45,760 [Datanode State Machine Thread - 0] INFO  impl.RaftServerProxy (RaftServerProxy.java:lambda$start$3(299)) - 206c8d3c-b23c-44eb-904e-8a117dc81c96: start RPC server
2019-09-20 10:25:45,761 [Datanode State Machine Thread - 0] INFO  server.GrpcService (GrpcService.java:startImpl(149)) - 206c8d3c-b23c-44eb-904e-8a117dc81c96: GrpcService started, listening on 0.0.0.0/0.0.0.0:34926
2019-09-20 10:25:45,761 [Datanode State Machine Thread - 0] INFO  ratis.XceiverServerRatis (XceiverServerRatis.java:start(414)) - XceiverServerRatis 206c8d3c-b23c-44eb-904e-8a117dc81c96 is started using port 34926
2019-09-20 10:25:45,762 [Datanode State Machine Thread - 0] INFO  server.XceiverServerGrpc (XceiverServerGrpc.java:start(163)) - XceiverServerGrpc 206c8d3c-b23c-44eb-904e-8a117dc81c96 is started using port 44083
2019-09-20 10:25:45,924 [IPC Server handler 0 on 35622] INFO  net.NetworkTopology (NetworkTopologyImpl.java:add(110)) - Added a new node: /default-rack/6f3631be-ef72-40c3-a17d-cb6a2edd0adf
2019-09-20 10:25:45,941 [IPC Server handler 0 on 35622] INFO  node.SCMNodeManager (SCMNodeManager.java:register(273)) - Registered Data node : 6f3631be-ef72-40c3-a17d-cb6a2edd0adf{ip: 192.168.36.99, host: pr-hdds-1569-p5fx8-1226042367, networkLocation: /default-rack, certSerialId: null}
2019-09-20 10:25:45,942 [EventQueue-NodeRegistrationContainerReportForDataNodeSafeModeRule] INFO  safemode.SCMSafeModeManager (DataNodeSafeModeRule.java:process(71)) - SCM in safe mode. 1 DataNodes registered, 1 required.
2019-09-20 10:25:45,942 | INFO  | SCMAudit | user=jenkins1000 | ip=192.168.36.99 | op=REGISTER {datanodeDetails=6f3631be-ef72-40c3-a17d-cb6a2edd0adf{ip: 192.168.36.99, host: pr-hdds-1569-p5fx8-1226042367, networkLocation: /default-rack, certSerialId: null}} | ret=SUCCESS |  
2019-09-20 10:25:45,953 [EventQueue-NodeRegistrationContainerReportForContainerSafeModeRule] INFO  safemode.SCMSafeModeManager (SCMSafeModeManager.java:validateSafeModeExitRules(177)) - ScmSafeModeManager, all rules are successfully validated
2019-09-20 10:25:45,954 [EventQueue-NodeRegistrationContainerReportForContainerSafeModeRule] INFO  safemode.SCMSafeModeManager (SCMSafeModeManager.java:exitSafeMode(193)) - SCM exiting safe mode.
2019-09-20 10:25:45,972 [grpc-default-executor-4] INFO  impl.RaftServerProxy (RaftServerProxy.java:addNew(89)) - 6f3631be-ef72-40c3-a17d-cb6a2edd0adf: addNew group-B1814A328589:[6f3631be-ef72-40c3-a17d-cb6a2edd0adf:192.168.36.99:34642] returns group-B1814A328589:java.util.concurrent.CompletableFuture@2ddf9993[Not completed]
2019-09-20 10:25:45,974 [pool-408-thread-1] INFO  impl.RaftServerImpl (RaftServerImpl.java:<init>(93)) - 6f3631be-ef72-40c3-a17d-cb6a2edd0adf: new RaftServerImpl for group-B1814A328589:[6f3631be-ef72-40c3-a17d-cb6a2edd0adf:192.168.36.99:34642] with ContainerStateMachine:uninitialized
2019-09-20 10:25:45,974 [pool-408-thread-1] INFO  server.RaftServerConfigKeys (ConfUtils.java:logGet(43)) - raft.server.rpc.timeout.min = 5s (custom)
2019-09-20 10:25:45,974 [pool-408-thread-1] INFO  server.RaftServerConfigKeys (ConfUtils.java:logGet(43)) - raft.server.rpc.timeout.max = 5200ms (custom)
2019-09-20 10:25:45,974 [pool-408-thread-1] INFO  server.RaftServerConfigKeys (ConfUtils.java:logGet(43)) - raft.server.rpcslowness.timeout = 120s (custom)
2019-09-20 10:25:45,974 [pool-408-thread-1] INFO  server.RaftServerConfigKeys (ConfUtils.java:logGet(43)) - raft.server.sleep.deviation.threshold = 300 (default)
2019-09-20 10:25:45,974 [pool-408-thread-1] INFO  server.RaftServerConfigKeys (ConfUtils.java:logGet(43)) - raft.server.log.appender.install.snapshot.enabled = false (custom)
2019-09-20 10:25:45,975 [pool-408-thread-1] INFO  impl.RaftServerImpl (ServerState.java:<init>(105)) - 6f3631be-ef72-40c3-a17d-cb6a2edd0adf:group-B1814A328589 ConfigurationManager, init=-1: [6f3631be-ef72-40c3-a17d-cb6a2edd0adf:192.168.36.99:34642], old=null, confs=<EMPTY_MAP>
2019-09-20 10:25:45,975 [pool-408-thread-1] INFO  server.RaftServerConfigKeys (ConfUtils.java:logGet(43)) - raft.server.storage.dir = [/workdir/hadoop-ozone/integration-test/target/test-dir/MiniOzoneClusterImpl-023400ba-597c-4990-9952-187ab727187d/datanode-0/data/ratis] (custom)
2019-09-20 10:25:45,975 [pool-408-thread-1] INFO  storage.RaftStorageDirectory (RaftStorageDirectory.java:analyzeStorage(246)) - The storage directory /workdir/hadoop-ozone/integration-test/target/test-dir/MiniOzoneClusterImpl-023400ba-597c-4990-9952-187ab727187d/datanode-0/data/ratis/0526441d-4144-48b2-b1ef-b1814a328589 does not exist. Creating ...
2019-09-20 10:25:45,990 [pool-408-thread-1] INFO  storage.RaftStorageDirectory (RaftStorageDirectory.java:tryLock(328)) - Lock on /workdir/hadoop-ozone/integration-test/target/test-dir/MiniOzoneClusterImpl-023400ba-597c-4990-9952-187ab727187d/datanode-0/data/ratis/0526441d-4144-48b2-b1ef-b1814a328589/in_use.lock acquired by nodename 28506@pr-hdds-1569-p5fx8-1226042367
2019-09-20 10:25:46,008 [pool-408-thread-1] INFO  storage.RaftStorage (RaftStorage.java:format(72)) - Storage directory /workdir/hadoop-ozone/integration-test/target/test-dir/MiniOzoneClusterImpl-023400ba-597c-4990-9952-187ab727187d/datanode-0/data/ratis/0526441d-4144-48b2-b1ef-b1814a328589 has been successfully formatted.
2019-09-20 10:25:46,008 [pool-408-thread-1] INFO  ratis.ContainerStateMachine (ContainerStateMachine.java:loadSnapshot(226)) - group-B1814A328589: The snapshot info is null. Setting the last applied indexto:(t:0, i:~)
2019-09-20 10:25:46,009 [pool-408-thread-1] INFO  server.RaftServerConfigKeys (ConfUtils.java:logGet(43)) - raft.server.leader.election.timeout = 120s (custom)
2019-09-20 10:25:46,009 [pool-408-thread-1] INFO  server.RaftServerConfigKeys (ConfUtils.java:logGet(43)) - raft.server.log.use.memory = false (default)
2019-09-20 10:25:46,009 [pool-408-thread-1] INFO  server.RaftServerConfigKeys (ConfUtils.java:logGet(43)) - raft.server.log.purge.gap = 1000000 (custom)
2019-09-20 10:25:46,009 [pool-408-thread-1] INFO  server.RaftServerConfigKeys (ConfUtils.java:logGet(43)) - raft.server.log.appender.buffer.byte-limit = 33554432 (custom)
2019-09-20 10:25:46,009 [pool-408-thread-1] INFO  server.RaftServerConfigKeys (ConfUtils.java:logGet(43)) - raft.server.log.segment.size.max = 1048576 (custom)
2019-09-20 10:25:46,009 [pool-408-thread-1] INFO  server.RaftServerConfigKeys (ConfUtils.java:logGet(43)) - raft.server.log.segment.cache.num.max = 2 (custom)
2019-09-20 10:25:46,010 [pool-408-thread-1] INFO  segmented.SegmentedRaftLogWorker (SegmentedRaftLogWorker.java:<init>(172)) - new 6f3631be-ef72-40c3-a17d-cb6a2edd0adf-SegmentedRaftLogWorker:Storage Directory /workdir/hadoop-ozone/integration-test/target/test-dir/MiniOzoneClusterImpl-023400ba-597c-4990-9952-187ab727187d/datanode-0/data/ratis/0526441d-4144-48b2-b1ef-b1814a328589 for RaftStorage:Storage Directory /workdir/hadoop-ozone/integration-test/target/test-dir/MiniOzoneClusterImpl-023400ba-597c-4990-9952-187ab727187d/datanode-0/data/ratis/0526441d-4144-48b2-b1ef-b1814a328589
2019-09-20 10:25:46,010 [pool-408-thread-1] INFO  server.RaftServerConfigKeys (ConfUtils.java:logGet(43)) - raft.server.log.queue.byte-limit = 2147483647 (custom)
2019-09-20 10:25:46,010 [pool-408-thread-1] INFO  server.RaftServerConfigKeys (ConfUtils.java:logGet(43)) - raft.server.log.queue.element-limit = 1024 (custom)
2019-09-20 10:25:46,010 [pool-408-thread-1] INFO  server.RaftServerConfigKeys (ConfUtils.java:logGet(43)) - raft.server.log.segment.size.max = 1048576 (custom)
2019-09-20 10:25:46,010 [pool-408-thread-1] INFO  server.RaftServerConfigKeys (ConfUtils.java:logGet(43)) - raft.server.log.preallocated.size = 16384 (custom)
2019-09-20 10:25:46,011 [pool-408-thread-1] INFO  server.RaftServerConfigKeys (ConfUtils.java:logGet(43)) - raft.server.log.write.buffer.size = 33554432 (custom)
2019-09-20 10:25:46,011 [pool-408-thread-1] INFO  server.RaftServerConfigKeys (ConfUtils.java:logGet(43)) - raft.server.log.force.sync.num = 128 (default)
2019-09-20 10:25:46,011 [pool-408-thread-1] INFO  server.RaftServerConfigKeys (ConfUtils.java:logGet(43)) - raft.server.log.statemachine.data.sync = true (default)
2019-09-20 10:25:46,011 [pool-408-thread-1] INFO  server.RaftServerConfigKeys (ConfUtils.java:logGet(43)) - raft.server.log.statemachine.data.sync.timeout = 10s (default)
2019-09-20 10:25:46,011 [pool-408-thread-1] INFO  server.RaftServerConfigKeys (ConfUtils.java:logGet(43)) - raft.server.log.statemachine.data.sync.timeout.retry = -1 (default)
2019-09-20 10:25:46,011 [pool-408-thread-1] INFO  server.RaftServerConfigKeys (ConfUtils.java:logGet(43)) - raft.server.log.statemachine.data.caching.enabled = true (custom)
2019-09-20 10:25:46,012 [pool-408-thread-1] INFO  segmented.SegmentedRaftLogWorker (SegmentedRaftLogWorker.java:lambda$new$0(132)) - 6f3631be-ef72-40c3-a17d-cb6a2edd0adf-SegmentedRaftLogWorker:Storage Directory /workdir/hadoop-ozone/integration-test/target/test-dir/MiniOzoneClusterImpl-023400ba-597c-4990-9952-187ab727187d/datanode-0/data/ratis/0526441d-4144-48b2-b1ef-b1814a328589: flushIndex: setUnconditionally 0 -> -1
2019-09-20 10:25:46,012 [pool-408-thread-1] INFO  server.RaftServerConfigKeys (ConfUtils.java:logGet(43)) - raft.server.snapshot.auto.trigger.enabled = true (custom)
2019-09-20 10:25:46,012 [pool-408-thread-1] INFO  server.RaftServerConfigKeys (ConfUtils.java:logGet(43)) - raft.server.snapshot.auto.trigger.threshold = 10000 (custom)
2019-09-20 10:25:46,012 [pool-408-thread-1] INFO  server.RaftServerConfigKeys (ConfUtils.java:logGet(43)) - raft.server.retrycache.expirytime = 600000ms (custom)
2019-09-20 10:25:46,013 [pool-408-thread-1] INFO  impl.RaftServerImpl (RaftServerImpl.java:start(180)) - 6f3631be-ef72-40c3-a17d-cb6a2edd0adf: start group-B1814A328589
2019-09-20 10:25:46,013 [pool-408-thread-1] INFO  impl.RaftServerImpl (RaftServerImpl.java:setRole(171)) - 6f3631be-ef72-40c3-a17d-cb6a2edd0adf:group-B1814A328589 changes role from null to FOLLOWER at term 0 for startAsFollower
2019-09-20 10:25:46,013 [pool-408-thread-1] INFO  impl.RoleInfo (RoleInfo.java:updateAndGet(143)) - 6f3631be-ef72-40c3-a17d-cb6a2edd0adf: start FollowerState
2019-09-20 10:25:46,013 [pool-408-thread-1] INFO  util.JmxRegister (JmxRegister.java:tryRegister(44)) - Successfully registered JMX Bean with object name Ratis:service=RaftServer,group=group-B1814A328589,id=6f3631be-ef72-40c3-a17d-cb6a2edd0adf
2019-09-20 10:25:46,063 [RatisPipelineUtilsThread] INFO  pipeline.PipelineStateManager (PipelineStateManager.java:addPipeline(56)) - Created pipeline Pipeline[ Id: 0526441d-4144-48b2-b1ef-b1814a328589, Nodes: 6f3631be-ef72-40c3-a17d-cb6a2edd0adf{ip: 192.168.36.99, host: pr-hdds-1569-p5fx8-1226042367, networkLocation: /default-rack, certSerialId: null}, Type:RATIS, Factor:ONE, State:OPEN]
2019-09-20 10:25:46,068 [grpc-default-executor-4] INFO  impl.RaftServerProxy (RaftServerProxy.java:addNew(89)) - 6f3631be-ef72-40c3-a17d-cb6a2edd0adf: addNew group-5B19F0904240:[6f3631be-ef72-40c3-a17d-cb6a2edd0adf:192.168.36.99:34642] returns group-5B19F0904240:java.util.concurrent.CompletableFuture@1aa1c31e[Not completed]
2019-09-20 10:25:46,069 [pool-408-thread-1] INFO  impl.RaftServerImpl (RaftServerImpl.java:<init>(93)) - 6f3631be-ef72-40c3-a17d-cb6a2edd0adf: new RaftServerImpl for group-5B19F0904240:[6f3631be-ef72-40c3-a17d-cb6a2edd0adf:192.168.36.99:34642] with ContainerStateMachine:uninitialized
2019-09-20 10:25:46,070 [pool-408-thread-1] INFO  server.RaftServerConfigKeys (ConfUtils.java:logGet(43)) - raft.server.rpc.timeout.min = 5s (custom)
2019-09-20 10:25:46,070 [pool-408-thread-1] INFO  server.RaftServerConfigKeys (ConfUtils.java:logGet(43)) - raft.server.rpc.timeout.max = 5200ms (custom)
2019-09-20 10:25:46,070 [pool-408-thread-1] INFO  server.RaftServerConfigKeys (ConfUtils.java:logGet(43)) - raft.server.rpcslowness.timeout = 120s (custom)
2019-09-20 10:25:46,070 [pool-408-thread-1] INFO  server.RaftServerConfigKeys (ConfUtils.java:logGet(43)) - raft.server.sleep.deviation.threshold = 300 (default)
2019-09-20 10:25:46,070 [pool-408-thread-1] INFO  server.RaftServerConfigKeys (ConfUtils.java:logGet(43)) - raft.server.log.appender.install.snapshot.enabled = false (custom)
2019-09-20 10:25:46,070 [pool-408-thread-1] INFO  impl.RaftServerImpl (ServerState.java:<init>(105)) - 6f3631be-ef72-40c3-a17d-cb6a2edd0adf:group-5B19F0904240 ConfigurationManager, init=-1: [6f3631be-ef72-40c3-a17d-cb6a2edd0adf:192.168.36.99:34642], old=null, confs=<EMPTY_MAP>
2019-09-20 10:25:46,070 [pool-408-thread-1] INFO  server.RaftServerConfigKeys (ConfUtils.java:logGet(43)) - raft.server.storage.dir = [/workdir/hadoop-ozone/integration-test/target/test-dir/MiniOzoneClusterImpl-023400ba-597c-4990-9952-187ab727187d/datanode-0/data/ratis] (custom)
2019-09-20 10:25:46,071 [pool-408-thread-1] INFO  storage.RaftStorageDirectory (RaftStorageDirectory.java:analyzeStorage(246)) - The storage directory /workdir/hadoop-ozone/integration-test/target/test-dir/MiniOzoneClusterImpl-023400ba-597c-4990-9952-187ab727187d/datanode-0/data/ratis/e7e0fd99-9078-4a6c-a84d-5b19f0904240 does not exist. Creating ...
2019-09-20 10:25:46,110 [pool-408-thread-1] INFO  storage.RaftStorageDirectory (RaftStorageDirectory.java:tryLock(328)) - Lock on /workdir/hadoop-ozone/integration-test/target/test-dir/MiniOzoneClusterImpl-023400ba-597c-4990-9952-187ab727187d/datanode-0/data/ratis/e7e0fd99-9078-4a6c-a84d-5b19f0904240/in_use.lock acquired by nodename 28506@pr-hdds-1569-p5fx8-1226042367
2019-09-20 10:25:46,135 | INFO  | SCMAudit | user=jenkins1000 | ip=192.168.36.99 | op=SEND_HEARTBEAT {datanodeUUID=b5962e8e-c9f1-48aa-8eb4-d8f74b8afdbe, command=[]} | ret=SUCCESS |  
2019-09-20 10:25:46,135 | INFO  | SCMAudit | user=jenkins1000 | ip=192.168.36.99 | op=SEND_HEARTBEAT {datanodeUUID=c3e532f8-1a8e-44f3-b56b-d765aee893af, command=[]} | ret=SUCCESS |  
2019-09-20 10:25:46,135 | INFO  | SCMAudit | user=jenkins1000 | ip=192.168.36.99 | op=SEND_HEARTBEAT {datanodeUUID=bb8f5112-316d-4974-a5a6-f698f3fbb5be, command=[]} | ret=SUCCESS |  
2019-09-20 10:25:46,135 | INFO  | SCMAudit | user=jenkins1000 | ip=192.168.36.99 | op=SEND_HEARTBEAT {datanodeUUID=e29464ab-17d7-4a4e-ab54-c178fccc723c, command=[]} | ret=SUCCESS |  
2019-09-20 10:25:46,135 | INFO  | SCMAudit | user=jenkins1000 | ip=192.168.36.99 | op=SEND_HEARTBEAT {datanodeUUID=61649f92-8c0f-475a-818d-1064548aeef6, command=[]} | ret=SUCCESS |  
2019-09-20 10:25:46,135 [pool-408-thread-1] INFO  storage.RaftStorage (RaftStorage.java:format(72)) - Storage directory /workdir/hadoop-ozone/integration-test/target/test-dir/MiniOzoneClusterImpl-023400ba-597c-4990-9952-187ab727187d/datanode-0/data/ratis/e7e0fd99-9078-4a6c-a84d-5b19f0904240 has been successfully formatted.
2019-09-20 10:25:46,135 [pool-408-thread-1] INFO  ratis.ContainerStateMachine (ContainerStateMachine.java:loadSnapshot(226)) - group-5B19F0904240: The snapshot info is null. Setting the last applied indexto:(t:0, i:~)
2019-09-20 10:25:46,136 [pool-408-thread-1] INFO  server.RaftServerConfigKeys (ConfUtils.java:logGet(43)) - raft.server.leader.election.timeout = 120s (custom)
2019-09-20 10:25:46,136 [pool-408-thread-1] INFO  server.RaftServerConfigKeys (ConfUtils.java:logGet(43)) - raft.server.log.use.memory = false (default)
2019-09-20 10:25:46,136 [pool-408-thread-1] INFO  server.RaftServerConfigKeys (ConfUtils.java:logGet(43)) - raft.server.log.purge.gap = 1000000 (custom)
2019-09-20 10:25:46,136 | INFO  | SCMAudit | user=jenkins1000 | ip=192.168.36.99 | op=SEND_HEARTBEAT {datanodeUUID=e8013689-2f13-4aaf-8a03-99f419c430ec, command=[]} | ret=SUCCESS |  
2019-09-20 10:25:46,136 [pool-408-thread-1] INFO  server.RaftServerConfigKeys (ConfUtils.java:logGet(43)) - raft.server.log.appender.buffer.byte-limit = 33554432 (custom)
2019-09-20 10:25:46,136 [pool-408-thread-1] INFO  server.RaftServerConfigKeys (ConfUtils.java:logGet(43)) - raft.server.log.segment.size.max = 1048576 (custom)
2019-09-20 10:25:46,136 [pool-408-thread-1] INFO  server.RaftServerConfigKeys (ConfUtils.java:logGet(43)) - raft.server.log.segment.cache.num.max = 2 (custom)
2019-09-20 10:25:46,137 [pool-408-thread-1] INFO  segmented.SegmentedRaftLogWorker (SegmentedRaftLogWorker.java:<init>(172)) - new 6f3631be-ef72-40c3-a17d-cb6a2edd0adf-SegmentedRaftLogWorker:Storage Directory /workdir/hadoop-ozone/integration-test/target/test-dir/MiniOzoneClusterImpl-023400ba-597c-4990-9952-187ab727187d/datanode-0/data/ratis/e7e0fd99-9078-4a6c-a84d-5b19f0904240 for RaftStorage:Storage Directory /workdir/hadoop-ozone/integration-test/target/test-dir/MiniOzoneClusterImpl-023400ba-597c-4990-9952-187ab727187d/datanode-0/data/ratis/e7e0fd99-9078-4a6c-a84d-5b19f0904240
2019-09-20 10:25:46,137 [pool-408-thread-1] INFO  server.RaftServerConfigKeys (ConfUtils.java:logGet(43)) - raft.server.log.queue.byte-limit = 2147483647 (custom)
2019-09-20 10:25:46,137 [pool-408-thread-1] INFO  server.RaftServerConfigKeys (ConfUtils.java:logGet(43)) - raft.server.log.queue.element-limit = 1024 (custom)
2019-09-20 10:25:46,137 | INFO  | SCMAudit | user=jenkins1000 | ip=192.168.36.99 | op=SEND_HEARTBEAT {datanodeUUID=136f1953-bb94-4097-a2d4-422a6782bee0, command=[]} | ret=SUCCESS |  
2019-09-20 10:25:46,137 [pool-408-thread-1] INFO  server.RaftServerConfigKeys (ConfUtils.java:logGet(43)) - raft.server.log.segment.size.max = 1048576 (custom)
2019-09-20 10:25:46,137 | INFO  | SCMAudit | user=jenkins1000 | ip=192.168.36.99 | op=SEND_HEARTBEAT {datanodeUUID=9e03ffa9-cf79-407a-a150-4c035e5aec5e, command=[]} | ret=SUCCESS |  
2019-09-20 10:25:46,137 [pool-408-thread-1] INFO  server.RaftServerConfigKeys (ConfUtils.java:logGet(43)) - raft.server.log.preallocated.size = 16384 (custom)
2019-09-20 10:25:46,138 [pool-408-thread-1] INFO  server.RaftServerConfigKeys (ConfUtils.java:logGet(43)) - raft.server.log.write.buffer.size = 33554432 (custom)
2019-09-20 10:25:46,138 [pool-408-thread-1] INFO  server.RaftServerConfigKeys (ConfUtils.java:logGet(43)) - raft.server.log.force.sync.num = 128 (default)
2019-09-20 10:25:46,138 [pool-408-thread-1] INFO  server.RaftServerConfigKeys (ConfUtils.java:logGet(43)) - raft.server.log.statemachine.data.sync = true (default)
2019-09-20 10:25:46,138 | INFO  | SCMAudit | user=jenkins1000 | ip=192.168.36.99 | op=SEND_HEARTBEAT {datanodeUUID=66416d0b-a71c-4af1-ae3a-62ca63b880a3, command=[]} | ret=SUCCESS |  
2019-09-20 10:25:46,138 | INFO  | SCMAudit | user=jenkins1000 | ip=192.168.36.99 | op=SEND_HEARTBEAT {datanodeUUID=60260ec1-e192-4b95-89c8-d924d16a77a9, command=[]} | ret=SUCCESS |  
2019-09-20 10:25:46,138 [pool-408-thread-1] INFO  server.RaftServerConfigKeys (ConfUtils.java:logGet(43)) - raft.server.log.statemachine.data.sync.timeout = 10s (default)
2019-09-20 10:25:46,138 | INFO  | SCMAudit | user=jenkins1000 | ip=192.168.36.99 | op=SEND_HEARTBEAT {datanodeUUID=4d972e91-cb6b-45de-8bd2-c18af7abe58b, command=[]} | ret=SUCCESS |  
2019-09-20 10:25:46,138 | INFO  | SCMAudit | user=jenkins1000 | ip=192.168.36.99 | op=SEND_HEARTBEAT {datanodeUUID=99e70dd4-d763-4473-944c-c5628506dcf8, command=[]} | ret=SUCCESS |  
2019-09-20 10:25:46,138 [pool-408-thread-1] INFO  server.RaftServerConfigKeys (ConfUtils.java:logGet(43)) - raft.server.log.statemachine.data.sync.timeout.retry = -1 (default)
2019-09-20 10:25:46,138 [pool-408-thread-1] INFO  server.RaftServerConfigKeys (ConfUtils.java:logGet(43)) - raft.server.log.statemachine.data.caching.enabled = true (custom)
2019-09-20 10:25:46,139 | INFO  | SCMAudit | user=jenkins1000 | ip=192.168.36.99 | op=SEND_HEARTBEAT {datanodeUUID=7af711bd-b5ae-4a73-a8be-b970cae6c2d1, command=[]} | ret=SUCCESS |  
2019-09-20 10:25:46,139 [pool-408-thread-1] INFO  segmented.SegmentedRaftLogWorker (SegmentedRaftLogWorker.java:lambda$new$0(132)) - 6f3631be-ef72-40c3-a17d-cb6a2edd0adf-SegmentedRaftLogWorker:Storage Directory /workdir/hadoop-ozone/integration-test/target/test-dir/MiniOzoneClusterImpl-023400ba-597c-4990-9952-187ab727187d/datanode-0/data/ratis/e7e0fd99-9078-4a6c-a84d-5b19f0904240: flushIndex: setUnconditionally 0 -> -1
2019-09-20 10:25:46,139 | INFO  | SCMAudit | user=jenkins1000 | ip=192.168.36.99 | op=SEND_HEARTBEAT {datanodeUUID=ece458fc-6687-4915-9be7-f98d86977b7d, command=[]} | ret=SUCCESS |  
2019-09-20 10:25:46,139 | INFO  | SCMAudit | user=jenkins1000 | ip=192.168.36.99 | op=SEND_HEARTBEAT {datanodeUUID=6491c372-a595-4104-b3e9-c4f3293baafa, command=[]} | ret=SUCCESS |  
2019-09-20 10:25:46,139 | INFO  | SCMAudit | user=jenkins1000 | ip=192.168.36.99 | op=SEND_HEARTBEAT {datanodeUUID=468be06f-55e9-4831-ba6b-3db017451a79, command=[]} | ret=SUCCESS |  
2019-09-20 10:25:46,139 [pool-408-thread-1] INFO  server.RaftServerConfigKeys (ConfUtils.java:logGet(43)) - raft.server.snapshot.auto.trigger.enabled = true (custom)
2019-09-20 10:25:46,140 | INFO  | SCMAudit | user=jenkins1000 | ip=192.168.36.99 | op=SEND_HEARTBEAT {datanodeUUID=54207fe5-d92c-4c2e-b058-fbae630dabef, command=[]} | ret=SUCCESS |  
2019-09-20 10:25:46,140 [pool-408-thread-1] INFO  server.RaftServerConfigKeys (ConfUtils.java:logGet(43)) - raft.server.snapshot.auto.trigger.threshold = 10000 (custom)
2019-09-20 10:25:46,140 [pool-408-thread-1] INFO  server.RaftServerConfigKeys (ConfUtils.java:logGet(43)) - raft.server.retrycache.expirytime = 600000ms (custom)
2019-09-20 10:25:46,140 | INFO  | SCMAudit | user=jenkins1000 | ip=192.168.36.99 | op=SEND_HEARTBEAT {datanodeUUID=3d6f3241-e73c-473a-ad0b-c7be2f7e1dda, command=[]} | ret=SUCCESS |  
2019-09-20 10:25:46,140 [pool-408-thread-1] INFO  impl.RaftServerImpl (RaftServerImpl.java:start(180)) - 6f3631be-ef72-40c3-a17d-cb6a2edd0adf: start group-5B19F0904240
2019-09-20 10:25:46,140 | INFO  | SCMAudit | user=jenkins1000 | ip=192.168.36.99 | op=SEND_HEARTBEAT {datanodeUUID=cff8bf6b-8d20-4327-9f29-08a3c2b49247, command=[]} | ret=SUCCESS |  
2019-09-20 10:25:46,140 [pool-408-thread-1] INFO  impl.RaftServerImpl (RaftServerImpl.java:setRole(171)) - 6f3631be-ef72-40c3-a17d-cb6a2edd0adf:group-5B19F0904240 changes role from null to FOLLOWER at term 0 for startAsFollower
2019-09-20 10:25:46,141 [pool-408-thread-1] INFO  impl.RoleInfo (RoleInfo.java:updateAndGet(143)) - 6f3631be-ef72-40c3-a17d-cb6a2edd0adf: start FollowerState
2019-09-20 10:25:46,141 | INFO  | SCMAudit | user=jenkins1000 | ip=192.168.36.99 | op=SEND_HEARTBEAT {datanodeUUID=d2ed2d9b-7ac7-460e-84f6-6d9d6066f76d, command=[]} | ret=SUCCESS |  
2019-09-20 10:25:46,141 | INFO  | SCMAudit | user=jenkins1000 | ip=192.168.36.99 | op=SEND_HEARTBEAT {datanodeUUID=99153be1-ba81-4c7b-b6ab-4442760615cb, command=[]} | ret=SUCCESS |  
2019-09-20 10:25:46,141 | INFO  | SCMAudit | user=jenkins1000 | ip=192.168.36.99 | op=SEND_HEARTBEAT {datanodeUUID=19fb8383-7c99-4449-b95c-a26e71717844, command=[]} | ret=SUCCESS |  
2019-09-20 10:25:46,141 [pool-408-thread-1] INFO  util.JmxRegister (JmxRegister.java:tryRegister(44)) - Successfully registered JMX Bean with object name Ratis:service=RaftServer,group=group-5B19F0904240,id=6f3631be-ef72-40c3-a17d-cb6a2edd0adf
2019-09-20 10:25:46,142 | INFO  | SCMAudit | user=jenkins1000 | ip=192.168.36.99 | op=SEND_HEARTBEAT {datanodeUUID=fac63c4b-287e-453e-9ac7-8c8c283fdab7, command=[]} | ret=SUCCESS |  
2019-09-20 10:25:46,142 | INFO  | SCMAudit | user=jenkins1000 | ip=192.168.36.99 | op=SEND_HEARTBEAT {datanodeUUID=1ab786b9-c79c-4265-88a1-5b3344c6beda, command=[]} | ret=SUCCESS |  
2019-09-20 10:25:46,142 | INFO  | SCMAudit | user=jenkins1000 | ip=192.168.36.99 | op=SEND_HEARTBEAT {datanodeUUID=17e2ba94-38a1-40e7-84e0-f6802901db84, command=[]} | ret=SUCCESS |  
2019-09-20 10:25:46,143 | INFO  | SCMAudit | user=jenkins1000 | ip=192.168.36.99 | op=SEND_HEARTBEAT {datanodeUUID=7f6418e1-cc7a-441a-8f41-c73576b5a1c5, command=[]} | ret=SUCCESS |  
2019-09-20 10:25:46,143 | INFO  | SCMAudit | user=jenkins1000 | ip=192.168.36.99 | op=SEND_HEARTBEAT {datanodeUUID=1bfb6844-04ed-4104-839b-60e510b6bb68, command=[]} | ret=SUCCESS |  
2019-09-20 10:25:46,144 [RatisPipelineUtilsThread] INFO  pipeline.PipelineStateManager (PipelineStateManager.java:addPipeline(56)) - Created pipeline Pipeline[ Id: e7e0fd99-9078-4a6c-a84d-5b19f0904240, Nodes: 6f3631be-ef72-40c3-a17d-cb6a2edd0adf{ip: 192.168.36.99, host: pr-hdds-1569-p5fx8-1226042367, networkLocation: /default-rack, certSerialId: null}, Type:RATIS, Factor:ONE, State:OPEN]
2019-09-20 10:25:46,144 | INFO  | SCMAudit | user=jenkins1000 | ip=192.168.36.99 | op=SEND_HEARTBEAT {datanodeUUID=075fa85b-703c-4900-807d-88f08b36438a, command=[]} | ret=SUCCESS |  
2019-09-20 10:25:46,149 [grpc-default-executor-4] INFO  impl.RaftServerProxy (RaftServerProxy.java:addNew(89)) - 6f3631be-ef72-40c3-a17d-cb6a2edd0adf: addNew group-674679C1E08A:[6f3631be-ef72-40c3-a17d-cb6a2edd0adf:192.168.36.99:34642] returns group-674679C1E08A:java.util.concurrent.CompletableFuture@389531e8[Not completed]
2019-09-20 10:25:46,151 [pool-408-thread-1] INFO  impl.RaftServerImpl (RaftServerImpl.java:<init>(93)) - 6f3631be-ef72-40c3-a17d-cb6a2edd0adf: new RaftServerImpl for group-674679C1E08A:[6f3631be-ef72-40c3-a17d-cb6a2edd0adf:192.168.36.99:34642] with ContainerStateMachine:uninitialized
2019-09-20 10:25:46,151 [pool-408-thread-1] INFO  server.RaftServerConfigKeys (ConfUtils.java:logGet(43)) - raft.server.rpc.timeout.min = 5s (custom)
2019-09-20 10:25:46,151 [pool-408-thread-1] INFO  server.RaftServerConfigKeys (ConfUtils.java:logGet(43)) - raft.server.rpc.timeout.max = 5200ms (custom)
2019-09-20 10:25:46,151 [pool-408-thread-1] INFO  server.RaftServerConfigKeys (ConfUtils.java:logGet(43)) - raft.server.rpcslowness.timeout = 120s (custom)
2019-09-20 10:25:46,151 [pool-408-thread-1] INFO  server.RaftServerConfigKeys (ConfUtils.java:logGet(43)) - raft.server.sleep.deviation.threshold = 300 (default)
2019-09-20 10:25:46,152 [pool-408-thread-1] INFO  server.RaftServerConfigKeys (ConfUtils.java:logGet(43)) - raft.server.log.appender.install.snapshot.enabled = false (custom)
2019-09-20 10:25:46,152 [pool-408-thread-1] INFO  impl.RaftServerImpl (ServerState.java:<init>(105)) - 6f3631be-ef72-40c3-a17d-cb6a2edd0adf:group-674679C1E08A ConfigurationManager, init=-1: [6f3631be-ef72-40c3-a17d-cb6a2edd0adf:192.168.36.99:34642], old=null, confs=<EMPTY_MAP>
2019-09-20 10:25:46,152 [pool-408-thread-1] INFO  server.RaftServerConfigKeys (ConfUtils.java:logGet(43)) - raft.server.storage.dir = [/workdir/hadoop-ozone/integration-test/target/test-dir/MiniOzoneClusterImpl-023400ba-597c-4990-9952-187ab727187d/datanode-0/data/ratis] (custom)
2019-09-20 10:25:46,152 [pool-408-thread-1] INFO  storage.RaftStorageDirectory (RaftStorageDirectory.java:analyzeStorage(246)) - The storage directory /workdir/hadoop-ozone/integration-test/target/test-dir/MiniOzoneClusterImpl-023400ba-597c-4990-9952-187ab727187d/datanode-0/data/ratis/02e6a501-601c-4e80-91aa-674679c1e08a does not exist. Creating ...
2019-09-20 10:25:46,177 [pool-408-thread-1] INFO  storage.RaftStorageDirectory (RaftStorageDirectory.java:tryLock(328)) - Lock on /workdir/hadoop-ozone/integration-test/target/test-dir/MiniOzoneClusterImpl-023400ba-597c-4990-9952-187ab727187d/datanode-0/data/ratis/02e6a501-601c-4e80-91aa-674679c1e08a/in_use.lock acquired by nodename 28506@pr-hdds-1569-p5fx8-1226042367
2019-09-20 10:25:46,203 [pool-408-thread-1] INFO  storage.RaftStorage (RaftStorage.java:format(72)) - Storage directory /workdir/hadoop-ozone/integration-test/target/test-dir/MiniOzoneClusterImpl-023400ba-597c-4990-9952-187ab727187d/datanode-0/data/ratis/02e6a501-601c-4e80-91aa-674679c1e08a has been successfully formatted.
2019-09-20 10:25:46,203 [pool-408-thread-1] INFO  ratis.ContainerStateMachine (ContainerStateMachine.java:loadSnapshot(226)) - group-674679C1E08A: The snapshot info is null. Setting the last applied indexto:(t:0, i:~)
2019-09-20 10:25:46,203 [pool-408-thread-1] INFO  server.RaftServerConfigKeys (ConfUtils.java:logGet(43)) - raft.server.leader.election.timeout = 120s (custom)
2019-09-20 10:25:46,203 [pool-408-thread-1] INFO  server.RaftServerConfigKeys (ConfUtils.java:logGet(43)) - raft.server.log.use.memory = false (default)
2019-09-20 10:25:46,203 [pool-408-thread-1] INFO  server.RaftServerConfigKeys (ConfUtils.java:logGet(43)) - raft.server.log.purge.gap = 1000000 (custom)
2019-09-20 10:25:46,203 [pool-408-thread-1] INFO  server.RaftServerConfigKeys (ConfUtils.java:logGet(43)) - raft.server.log.appender.buffer.byte-limit = 33554432 (custom)
2019-09-20 10:25:46,204 [pool-408-thread-1] INFO  server.RaftServerConfigKeys (ConfUtils.java:logGet(43)) - raft.server.log.segment.size.max = 1048576 (custom)
2019-09-20 10:25:46,204 [pool-408-thread-1] INFO  server.RaftServerConfigKeys (ConfUtils.java:logGet(43)) - raft.server.log.segment.cache.num.max = 2 (custom)
2019-09-20 10:25:46,204 [pool-408-thread-1] INFO  segmented.SegmentedRaftLogWorker (SegmentedRaftLogWorker.java:<init>(172)) - new 6f3631be-ef72-40c3-a17d-cb6a2edd0adf-SegmentedRaftLogWorker:Storage Directory /workdir/hadoop-ozone/integration-test/target/test-dir/MiniOzoneClusterImpl-023400ba-597c-4990-9952-187ab727187d/datanode-0/data/ratis/02e6a501-601c-4e80-91aa-674679c1e08a for RaftStorage:Storage Directory /workdir/hadoop-ozone/integration-test/target/test-dir/MiniOzoneClusterImpl-023400ba-597c-4990-9952-187ab727187d/datanode-0/data/ratis/02e6a501-601c-4e80-91aa-674679c1e08a
2019-09-20 10:25:46,204 [pool-408-thread-1] INFO  server.RaftServerConfigKeys (ConfUtils.java:logGet(43)) - raft.server.log.queue.byte-limit = 2147483647 (custom)
2019-09-20 10:25:46,204 [pool-408-thread-1] INFO  server.RaftServerConfigKeys (ConfUtils.java:logGet(43)) - raft.server.log.queue.element-limit = 1024 (custom)
2019-09-20 10:25:46,204 [pool-408-thread-1] INFO  server.RaftServerConfigKeys (ConfUtils.java:logGet(43)) - raft.server.log.segment.size.max = 1048576 (custom)
2019-09-20 10:25:46,205 [pool-408-thread-1] INFO  server.RaftServerConfigKeys (ConfUtils.java:logGet(43)) - raft.server.log.preallocated.size = 16384 (custom)
2019-09-20 10:25:46,205 [pool-408-thread-1] INFO  server.RaftServerConfigKeys (ConfUtils.java:logGet(43)) - raft.server.log.write.buffer.size = 33554432 (custom)
2019-09-20 10:25:46,205 [pool-408-thread-1] INFO  server.RaftServerConfigKeys (ConfUtils.java:logGet(43)) - raft.server.log.force.sync.num = 128 (default)
2019-09-20 10:25:46,205 [pool-408-thread-1] INFO  server.RaftServerConfigKeys (ConfUtils.java:logGet(43)) - raft.server.log.statemachine.data.sync = true (default)
2019-09-20 10:25:46,205 [pool-408-thread-1] INFO  server.RaftServerConfigKeys (ConfUtils.java:logGet(43)) - raft.server.log.statemachine.data.sync.timeout = 10s (default)
2019-09-20 10:25:46,205 [pool-408-thread-1] INFO  server.RaftServerConfigKeys (ConfUtils.java:logGet(43)) - raft.server.log.statemachine.data.sync.timeout.retry = -1 (default)
2019-09-20 10:25:46,205 [pool-408-thread-1] INFO  server.RaftServerConfigKeys (ConfUtils.java:logGet(43)) - raft.server.log.statemachine.data.caching.enabled = true (custom)
2019-09-20 10:25:46,206 [pool-408-thread-1] INFO  segmented.SegmentedRaftLogWorker (SegmentedRaftLogWorker.java:lambda$new$0(132)) - 6f3631be-ef72-40c3-a17d-cb6a2edd0adf-SegmentedRaftLogWorker:Storage Directory /workdir/hadoop-ozone/integration-test/target/test-dir/MiniOzoneClusterImpl-023400ba-597c-4990-9952-187ab727187d/datanode-0/data/ratis/02e6a501-601c-4e80-91aa-674679c1e08a: flushIndex: setUnconditionally 0 -> -1
2019-09-20 10:25:46,206 [pool-408-thread-1] INFO  server.RaftServerConfigKeys (ConfUtils.java:logGet(43)) - raft.server.snapshot.auto.trigger.enabled = true (custom)
2019-09-20 10:25:46,206 [pool-408-thread-1] INFO  server.RaftServerConfigKeys (ConfUtils.java:logGet(43)) - raft.server.snapshot.auto.trigger.threshold = 10000 (custom)
2019-09-20 10:25:46,206 [pool-408-thread-1] INFO  server.RaftServerConfigKeys (ConfUtils.java:logGet(43)) - raft.server.retrycache.expirytime = 600000ms (custom)
2019-09-20 10:25:46,207 [pool-408-thread-1] INFO  impl.RaftServerImpl (RaftServerImpl.java:start(180)) - 6f3631be-ef72-40c3-a17d-cb6a2edd0adf: start group-674679C1E08A
2019-09-20 10:25:46,207 [pool-408-thread-1] INFO  impl.RaftServerImpl (RaftServerImpl.java:setRole(171)) - 6f3631be-ef72-40c3-a17d-cb6a2edd0adf:group-674679C1E08A changes role from null to FOLLOWER at term 0 for startAsFollower
2019-09-20 10:25:46,207 [pool-408-thread-1] INFO  impl.RoleInfo (RoleInfo.java:updateAndGet(143)) - 6f3631be-ef72-40c3-a17d-cb6a2edd0adf: start FollowerState
2019-09-20 10:25:46,207 [pool-408-thread-1] INFO  util.JmxRegister (JmxRegister.java:tryRegister(44)) - Successfully registered JMX Bean with object name Ratis:service=RaftServer,group=group-674679C1E08A,id=6f3631be-ef72-40c3-a17d-cb6a2edd0adf
2019-09-20 10:25:46,210 [RatisPipelineUtilsThread] INFO  pipeline.PipelineStateManager (PipelineStateManager.java:addPipeline(56)) - Created pipeline Pipeline[ Id: 02e6a501-601c-4e80-91aa-674679c1e08a, Nodes: 6f3631be-ef72-40c3-a17d-cb6a2edd0adf{ip: 192.168.36.99, host: pr-hdds-1569-p5fx8-1226042367, networkLocation: /default-rack, certSerialId: null}, Type:RATIS, Factor:ONE, State:OPEN]
2019-09-20 10:25:46,214 [grpc-default-executor-4] INFO  impl.RaftServerProxy (RaftServerProxy.java:addNew(89)) - 6f3631be-ef72-40c3-a17d-cb6a2edd0adf: addNew group-3E2D796441B9:[6f3631be-ef72-40c3-a17d-cb6a2edd0adf:192.168.36.99:34642] returns group-3E2D796441B9:java.util.concurrent.CompletableFuture@3f24006b[Not completed]
2019-09-20 10:25:46,215 [pool-408-thread-1] INFO  impl.RaftServerImpl (RaftServerImpl.java:<init>(93)) - 6f3631be-ef72-40c3-a17d-cb6a2edd0adf: new RaftServerImpl for group-3E2D796441B9:[6f3631be-ef72-40c3-a17d-cb6a2edd0adf:192.168.36.99:34642] with ContainerStateMachine:uninitialized
2019-09-20 10:25:46,216 [pool-408-thread-1] INFO  server.RaftServerConfigKeys (ConfUtils.java:logGet(43)) - raft.server.rpc.timeout.min = 5s (custom)
2019-09-20 10:25:46,216 [pool-408-thread-1] INFO  server.RaftServerConfigKeys (ConfUtils.java:logGet(43)) - raft.server.rpc.timeout.max = 5200ms (custom)
2019-09-20 10:25:46,216 [pool-408-thread-1] INFO  server.RaftServerConfigKeys (ConfUtils.java:logGet(43)) - raft.server.rpcslowness.timeout = 120s (custom)
2019-09-20 10:25:46,216 [pool-408-thread-1] INFO  server.RaftServerConfigKeys (ConfUtils.java:logGet(43)) - raft.server.sleep.deviation.threshold = 300 (default)
2019-09-20 10:25:46,216 [pool-408-thread-1] INFO  server.RaftServerConfigKeys (ConfUtils.java:logGet(43)) - raft.server.log.appender.install.snapshot.enabled = false (custom)
2019-09-20 10:25:46,216 [pool-408-thread-1] INFO  impl.RaftServerImpl (ServerState.java:<init>(105)) - 6f3631be-ef72-40c3-a17d-cb6a2edd0adf:group-3E2D796441B9 ConfigurationManager, init=-1: [6f3631be-ef72-40c3-a17d-cb6a2edd0adf:192.168.36.99:34642], old=null, confs=<EMPTY_MAP>
2019-09-20 10:25:46,216 [pool-408-thread-1] INFO  server.RaftServerConfigKeys (ConfUtils.java:logGet(43)) - raft.server.storage.dir = [/workdir/hadoop-ozone/integration-test/target/test-dir/MiniOzoneClusterImpl-023400ba-597c-4990-9952-187ab727187d/datanode-0/data/ratis] (custom)
2019-09-20 10:25:46,217 [pool-408-thread-1] INFO  storage.RaftStorageDirectory (RaftStorageDirectory.java:analyzeStorage(246)) - The storage directory /workdir/hadoop-ozone/integration-test/target/test-dir/MiniOzoneClusterImpl-023400ba-597c-4990-9952-187ab727187d/datanode-0/data/ratis/2546d880-321f-4c0a-a435-3e2d796441b9 does not exist. Creating ...
2019-09-20 10:25:46,245 [pool-408-thread-1] INFO  storage.RaftStorageDirectory (RaftStorageDirectory.java:tryLock(328)) - Lock on /workdir/hadoop-ozone/integration-test/target/test-dir/MiniOzoneClusterImpl-023400ba-597c-4990-9952-187ab727187d/datanode-0/data/ratis/2546d880-321f-4c0a-a435-3e2d796441b9/in_use.lock acquired by nodename 28506@pr-hdds-1569-p5fx8-1226042367
2019-09-20 10:25:46,246 | INFO  | SCMAudit | user=jenkins1000 | ip=192.168.36.99 | op=GET_VERSION null | ret=SUCCESS |  
2019-09-20 10:25:46,262 [pool-408-thread-1] INFO  storage.RaftStorage (RaftStorage.java:format(72)) - Storage directory /workdir/hadoop-ozone/integration-test/target/test-dir/MiniOzoneClusterImpl-023400ba-597c-4990-9952-187ab727187d/datanode-0/data/ratis/2546d880-321f-4c0a-a435-3e2d796441b9 has been successfully formatted.
2019-09-20 10:25:46,262 [Datanode State Machine Thread - 0] INFO  ozoneimpl.OzoneContainer (OzoneContainer.java:start(186)) - Attempting to start container services.
2019-09-20 10:25:46,262 [pool-408-thread-1] INFO  ratis.ContainerStateMachine (ContainerStateMachine.java:loadSnapshot(226)) - group-3E2D796441B9: The snapshot info is null. Setting the last applied indexto:(t:0, i:~)
2019-09-20 10:25:46,262 [Datanode State Machine Thread - 0] INFO  ozoneimpl.OzoneContainer (OzoneContainer.java:startContainerScrub(160)) - Background container scrubber has been disabled by hdds.containerscrub.enabled
2019-09-20 10:25:46,262 [pool-408-thread-1] INFO  server.RaftServerConfigKeys (ConfUtils.java:logGet(43)) - raft.server.leader.election.timeout = 120s (custom)
2019-09-20 10:25:46,262 [Datanode State Machine Thread - 0] INFO  ratis.XceiverServerRatis (XceiverServerRatis.java:start(404)) - Starting XceiverServerRatis ab9a4c63-343a-4b7c-89c7-d536c40c06d3 at port 0
2019-09-20 10:25:46,262 [pool-408-thread-1] INFO  server.RaftServerConfigKeys (ConfUtils.java:logGet(43)) - raft.server.log.use.memory = false (default)
2019-09-20 10:25:46,263 [pool-408-thread-1] INFO  server.RaftServerConfigKeys (ConfUtils.java:logGet(43)) - raft.server.log.purge.gap = 1000000 (custom)
2019-09-20 10:25:46,263 [pool-408-thread-1] INFO  server.RaftServerConfigKeys (ConfUtils.java:logGet(43)) - raft.server.log.appender.buffer.byte-limit = 33554432 (custom)
2019-09-20 10:25:46,263 [pool-408-thread-1] INFO  server.RaftServerConfigKeys (ConfUtils.java:logGet(43)) - raft.server.log.segment.size.max = 1048576 (custom)
2019-09-20 10:25:46,263 [pool-408-thread-1] INFO  server.RaftServerConfigKeys (ConfUtils.java:logGet(43)) - raft.server.log.segment.cache.num.max = 2 (custom)
2019-09-20 10:25:46,263 [pool-408-thread-1] INFO  segmented.SegmentedRaftLogWorker (SegmentedRaftLogWorker.java:<init>(172)) - new 6f3631be-ef72-40c3-a17d-cb6a2edd0adf-SegmentedRaftLogWorker:Storage Directory /workdir/hadoop-ozone/integration-test/target/test-dir/MiniOzoneClusterImpl-023400ba-597c-4990-9952-187ab727187d/datanode-0/data/ratis/2546d880-321f-4c0a-a435-3e2d796441b9 for RaftStorage:Storage Directory /workdir/hadoop-ozone/integration-test/target/test-dir/MiniOzoneClusterImpl-023400ba-597c-4990-9952-187ab727187d/datanode-0/data/ratis/2546d880-321f-4c0a-a435-3e2d796441b9
2019-09-20 10:25:46,263 [pool-408-thread-1] INFO  server.RaftServerConfigKeys (ConfUtils.java:logGet(43)) - raft.server.log.queue.byte-limit = 2147483647 (custom)
2019-09-20 10:25:46,264 [pool-408-thread-1] INFO  server.RaftServerConfigKeys (ConfUtils.java:logGet(43)) - raft.server.log.queue.element-limit = 1024 (custom)
2019-09-20 10:25:46,264 [pool-408-thread-1] INFO  server.RaftServerConfigKeys (ConfUtils.java:logGet(43)) - raft.server.log.segment.size.max = 1048576 (custom)
2019-09-20 10:25:46,264 [pool-408-thread-1] INFO  server.RaftServerConfigKeys (ConfUtils.java:logGet(43)) - raft.server.log.preallocated.size = 16384 (custom)
2019-09-20 10:25:46,264 [pool-408-thread-1] INFO  server.RaftServerConfigKeys (ConfUtils.java:logGet(43)) - raft.server.log.write.buffer.size = 33554432 (custom)
2019-09-20 10:25:46,264 [pool-408-thread-1] INFO  server.RaftServerConfigKeys (ConfUtils.java:logGet(43)) - raft.server.log.force.sync.num = 128 (default)
2019-09-20 10:25:46,264 [pool-408-thread-1] INFO  server.RaftServerConfigKeys (ConfUtils.java:logGet(43)) - raft.server.log.statemachine.data.sync = true (default)
2019-09-20 10:25:46,264 [pool-408-thread-1] INFO  server.RaftServerConfigKeys (ConfUtils.java:logGet(43)) - raft.server.log.statemachine.data.sync.timeout = 10s (default)
2019-09-20 10:25:46,265 [pool-408-thread-1] INFO  server.RaftServerConfigKeys (ConfUtils.java:logGet(43)) - raft.server.log.statemachine.data.sync.timeout.retry = -1 (default)
2019-09-20 10:25:46,265 [pool-408-thread-1] INFO  server.RaftServerConfigKeys (ConfUtils.java:logGet(43)) - raft.server.log.statemachine.data.caching.enabled = true (custom)
2019-09-20 10:25:46,265 [pool-408-thread-1] INFO  segmented.SegmentedRaftLogWorker (SegmentedRaftLogWorker.java:lambda$new$0(132)) - 6f3631be-ef72-40c3-a17d-cb6a2edd0adf-SegmentedRaftLogWorker:Storage Directory /workdir/hadoop-ozone/integration-test/target/test-dir/MiniOzoneClusterImpl-023400ba-597c-4990-9952-187ab727187d/datanode-0/data/ratis/2546d880-321f-4c0a-a435-3e2d796441b9: flushIndex: setUnconditionally 0 -> -1
2019-09-20 10:25:46,266 [pool-408-thread-1] INFO  server.RaftServerConfigKeys (ConfUtils.java:logGet(43)) - raft.server.snapshot.auto.trigger.enabled = true (custom)
2019-09-20 10:25:46,266 [pool-408-thread-1] INFO  server.RaftServerConfigKeys (ConfUtils.java:logGet(43)) - raft.server.snapshot.auto.trigger.threshold = 10000 (custom)
2019-09-20 10:25:46,266 [pool-408-thread-1] INFO  server.RaftServerConfigKeys (ConfUtils.java:logGet(43)) - raft.server.retrycache.expirytime = 600000ms (custom)
2019-09-20 10:25:46,266 [pool-408-thread-1] INFO  impl.RaftServerImpl (RaftServerImpl.java:start(180)) - 6f3631be-ef72-40c3-a17d-cb6a2edd0adf: start group-3E2D796441B9
2019-09-20 10:25:46,267 [pool-408-thread-1] INFO  impl.RaftServerImpl (RaftServerImpl.java:setRole(171)) - 6f3631be-ef72-40c3-a17d-cb6a2edd0adf:group-3E2D796441B9 changes role from null to FOLLOWER at term 0 for startAsFollower
2019-09-20 10:25:46,267 [pool-408-thread-1] INFO  impl.RoleInfo (RoleInfo.java:updateAndGet(143)) - 6f3631be-ef72-40c3-a17d-cb6a2edd0adf: start FollowerState
2019-09-20 10:25:46,267 [pool-408-thread-1] INFO  util.JmxRegister (JmxRegister.java:tryRegister(44)) - Successfully registered JMX Bean with object name Ratis:service=RaftServer,group=group-3E2D796441B9,id=6f3631be-ef72-40c3-a17d-cb6a2edd0adf
2019-09-20 10:25:46,272 [RatisPipelineUtilsThread] INFO  pipeline.PipelineStateManager (PipelineStateManager.java:addPipeline(56)) - Created pipeline Pipeline[ Id: 2546d880-321f-4c0a-a435-3e2d796441b9, Nodes: 6f3631be-ef72-40c3-a17d-cb6a2edd0adf{ip: 192.168.36.99, host: pr-hdds-1569-p5fx8-1226042367, networkLocation: /default-rack, certSerialId: null}, Type:RATIS, Factor:ONE, State:OPEN]
2019-09-20 10:25:46,273 [Datanode State Machine Thread - 0] INFO  impl.RaftServerProxy (RaftServerProxy.java:lambda$start$3(299)) - ab9a4c63-343a-4b7c-89c7-d536c40c06d3: start RPC server
2019-09-20 10:25:46,274 [Datanode State Machine Thread - 0] INFO  server.GrpcService (GrpcService.java:startImpl(149)) - ab9a4c63-343a-4b7c-89c7-d536c40c06d3: GrpcService started, listening on 0.0.0.0/0.0.0.0:42550
2019-09-20 10:25:46,274 [Datanode State Machine Thread - 0] INFO  ratis.XceiverServerRatis (XceiverServerRatis.java:start(414)) - XceiverServerRatis ab9a4c63-343a-4b7c-89c7-d536c40c06d3 is started using port 42550
2019-09-20 10:25:46,275 [Datanode State Machine Thread - 0] INFO  server.XceiverServerGrpc (XceiverServerGrpc.java:start(163)) - XceiverServerGrpc ab9a4c63-343a-4b7c-89c7-d536c40c06d3 is started using port 41307
2019-09-20 10:25:46,277 [grpc-default-executor-4] INFO  impl.RaftServerProxy (RaftServerProxy.java:addNew(89)) - 6f3631be-ef72-40c3-a17d-cb6a2edd0adf: addNew group-A7D10B7ECC51:[6f3631be-ef72-40c3-a17d-cb6a2edd0adf:192.168.36.99:34642] returns group-A7D10B7ECC51:java.util.concurrent.CompletableFuture@7edafa12[Not completed]
2019-09-20 10:25:46,278 [pool-408-thread-1] INFO  impl.RaftServerImpl (RaftServerImpl.java:<init>(93)) - 6f3631be-ef72-40c3-a17d-cb6a2edd0adf: new RaftServerImpl for group-A7D10B7ECC51:[6f3631be-ef72-40c3-a17d-cb6a2edd0adf:192.168.36.99:34642] with ContainerStateMachine:uninitialized
2019-09-20 10:25:46,278 [pool-408-thread-1] INFO  server.RaftServerConfigKeys (ConfUtils.java:logGet(43)) - raft.server.rpc.timeout.min = 5s (custom)
2019-09-20 10:25:46,279 [pool-408-thread-1] INFO  server.RaftServerConfigKeys (ConfUtils.java:logGet(43)) - raft.server.rpc.timeout.max = 5200ms (custom)
2019-09-20 10:25:46,279 [pool-408-thread-1] INFO  server.RaftServerConfigKeys (ConfUtils.java:logGet(43)) - raft.server.rpcslowness.timeout = 120s (custom)
2019-09-20 10:25:46,279 [pool-408-thread-1] INFO  server.RaftServerConfigKeys (ConfUtils.java:logGet(43)) - raft.server.sleep.deviation.threshold = 300 (default)
2019-09-20 10:25:46,279 [pool-408-thread-1] INFO  server.RaftServerConfigKeys (ConfUtils.java:logGet(43)) - raft.server.log.appender.install.snapshot.enabled = false (custom)
2019-09-20 10:25:46,279 [pool-408-thread-1] INFO  impl.RaftServerImpl (ServerState.java:<init>(105)) - 6f3631be-ef72-40c3-a17d-cb6a2edd0adf:group-A7D10B7ECC51 ConfigurationManager, init=-1: [6f3631be-ef72-40c3-a17d-cb6a2edd0adf:192.168.36.99:34642], old=null, confs=<EMPTY_MAP>
2019-09-20 10:25:46,279 [pool-408-thread-1] INFO  server.RaftServerConfigKeys (ConfUtils.java:logGet(43)) - raft.server.storage.dir = [/workdir/hadoop-ozone/integration-test/target/test-dir/MiniOzoneClusterImpl-023400ba-597c-4990-9952-187ab727187d/datanode-0/data/ratis] (custom)
2019-09-20 10:25:46,279 [pool-408-thread-1] INFO  storage.RaftStorageDirectory (RaftStorageDirectory.java:analyzeStorage(246)) - The storage directory /workdir/hadoop-ozone/integration-test/target/test-dir/MiniOzoneClusterImpl-023400ba-597c-4990-9952-187ab727187d/datanode-0/data/ratis/a851861b-74d3-4bd9-8750-a7d10b7ecc51 does not exist. Creating ...
2019-09-20 10:25:46,312 [pool-408-thread-1] INFO  storage.RaftStorageDirectory (RaftStorageDirectory.java:tryLock(328)) - Lock on /workdir/hadoop-ozone/integration-test/target/test-dir/MiniOzoneClusterImpl-023400ba-597c-4990-9952-187ab727187d/datanode-0/data/ratis/a851861b-74d3-4bd9-8750-a7d10b7ecc51/in_use.lock acquired by nodename 28506@pr-hdds-1569-p5fx8-1226042367
2019-09-20 10:25:46,354 [pool-408-thread-1] INFO  storage.RaftStorage (RaftStorage.java:format(72)) - Storage directory /workdir/hadoop-ozone/integration-test/target/test-dir/MiniOzoneClusterImpl-023400ba-597c-4990-9952-187ab727187d/datanode-0/data/ratis/a851861b-74d3-4bd9-8750-a7d10b7ecc51 has been successfully formatted.
2019-09-20 10:25:46,354 [pool-408-thread-1] INFO  ratis.ContainerStateMachine (ContainerStateMachine.java:loadSnapshot(226)) - group-A7D10B7ECC51: The snapshot info is null. Setting the last applied indexto:(t:0, i:~)
2019-09-20 10:25:46,355 [pool-408-thread-1] INFO  server.RaftServerConfigKeys (ConfUtils.java:logGet(43)) - raft.server.leader.election.timeout = 120s (custom)
2019-09-20 10:25:46,355 [pool-408-thread-1] INFO  server.RaftServerConfigKeys (ConfUtils.java:logGet(43)) - raft.server.log.use.memory = false (default)
2019-09-20 10:25:46,355 [pool-408-thread-1] INFO  server.RaftServerConfigKeys (ConfUtils.java:logGet(43)) - raft.server.log.purge.gap = 1000000 (custom)
2019-09-20 10:25:46,355 [pool-408-thread-1] INFO  server.RaftServerConfigKeys (ConfUtils.java:logGet(43)) - raft.server.log.appender.buffer.byte-limit = 33554432 (custom)
2019-09-20 10:25:46,355 [pool-408-thread-1] INFO  server.RaftServerConfigKeys (ConfUtils.java:logGet(43)) - raft.server.log.segment.size.max = 1048576 (custom)
2019-09-20 10:25:46,355 [pool-408-thread-1] INFO  server.RaftServerConfigKeys (ConfUtils.java:logGet(43)) - raft.server.log.segment.cache.num.max = 2 (custom)
2019-09-20 10:25:46,356 [pool-408-thread-1] INFO  segmented.SegmentedRaftLogWorker (SegmentedRaftLogWorker.java:<init>(172)) - new 6f3631be-ef72-40c3-a17d-cb6a2edd0adf-SegmentedRaftLogWorker:Storage Directory /workdir/hadoop-ozone/integration-test/target/test-dir/MiniOzoneClusterImpl-023400ba-597c-4990-9952-187ab727187d/datanode-0/data/ratis/a851861b-74d3-4bd9-8750-a7d10b7ecc51 for RaftStorage:Storage Directory /workdir/hadoop-ozone/integration-test/target/test-dir/MiniOzoneClusterImpl-023400ba-597c-4990-9952-187ab727187d/datanode-0/data/ratis/a851861b-74d3-4bd9-8750-a7d10b7ecc51
2019-09-20 10:25:46,356 [pool-408-thread-1] INFO  server.RaftServerConfigKeys (ConfUtils.java:logGet(43)) - raft.server.log.queue.byte-limit = 2147483647 (custom)
2019-09-20 10:25:46,356 [pool-408-thread-1] INFO  server.RaftServerConfigKeys (ConfUtils.java:logGet(43)) - raft.server.log.queue.element-limit = 1024 (custom)
2019-09-20 10:25:46,356 [pool-408-thread-1] INFO  server.RaftServerConfigKeys (ConfUtils.java:logGet(43)) - raft.server.log.segment.size.max = 1048576 (custom)
2019-09-20 10:25:46,356 [pool-408-thread-1] INFO  server.RaftServerConfigKeys (ConfUtils.java:logGet(43)) - raft.server.log.preallocated.size = 16384 (custom)
2019-09-20 10:25:46,356 [pool-408-thread-1] INFO  server.RaftServerConfigKeys (ConfUtils.java:logGet(43)) - raft.server.log.write.buffer.size = 33554432 (custom)
2019-09-20 10:25:46,356 [pool-408-thread-1] INFO  server.RaftServerConfigKeys (ConfUtils.java:logGet(43)) - raft.server.log.force.sync.num = 128 (default)
2019-09-20 10:25:46,357 [pool-408-thread-1] INFO  server.RaftServerConfigKeys (ConfUtils.java:logGet(43)) - raft.server.log.statemachine.data.sync = true (default)
2019-09-20 10:25:46,357 [pool-408-thread-1] INFO  server.RaftServerConfigKeys (ConfUtils.java:logGet(43)) - raft.server.log.statemachine.data.sync.timeout = 10s (default)
2019-09-20 10:25:46,357 [pool-408-thread-1] INFO  server.RaftServerConfigKeys (ConfUtils.java:logGet(43)) - raft.server.log.statemachine.data.sync.timeout.retry = -1 (default)
2019-09-20 10:25:46,357 [pool-408-thread-1] INFO  server.RaftServerConfigKeys (ConfUtils.java:logGet(43)) - raft.server.log.statemachine.data.caching.enabled = true (custom)
2019-09-20 10:25:46,357 [pool-408-thread-1] INFO  segmented.SegmentedRaftLogWorker (SegmentedRaftLogWorker.java:lambda$new$0(132)) - 6f3631be-ef72-40c3-a17d-cb6a2edd0adf-SegmentedRaftLogWorker:Storage Directory /workdir/hadoop-ozone/integration-test/target/test-dir/MiniOzoneClusterImpl-023400ba-597c-4990-9952-187ab727187d/datanode-0/data/ratis/a851861b-74d3-4bd9-8750-a7d10b7ecc51: flushIndex: setUnconditionally 0 -> -1
2019-09-20 10:25:46,358 [pool-408-thread-1] INFO  server.RaftServerConfigKeys (ConfUtils.java:logGet(43)) - raft.server.snapshot.auto.trigger.enabled = true (custom)
2019-09-20 10:25:46,358 [pool-408-thread-1] INFO  server.RaftServerConfigKeys (ConfUtils.java:logGet(43)) - raft.server.snapshot.auto.trigger.threshold = 10000 (custom)
2019-09-20 10:25:46,358 [pool-408-thread-1] INFO  server.RaftServerConfigKeys (ConfUtils.java:logGet(43)) - raft.server.retrycache.expirytime = 600000ms (custom)
2019-09-20 10:25:46,358 [pool-408-thread-1] INFO  impl.RaftServerImpl (RaftServerImpl.java:start(180)) - 6f3631be-ef72-40c3-a17d-cb6a2edd0adf: start group-A7D10B7ECC51
2019-09-20 10:25:46,358 [pool-408-thread-1] INFO  impl.RaftServerImpl (RaftServerImpl.java:setRole(171)) - 6f3631be-ef72-40c3-a17d-cb6a2edd0adf:group-A7D10B7ECC51 changes role from null to FOLLOWER at term 0 for startAsFollower
2019-09-20 10:25:46,358 [pool-408-thread-1] INFO  impl.RoleInfo (RoleInfo.java:updateAndGet(143)) - 6f3631be-ef72-40c3-a17d-cb6a2edd0adf: start FollowerState
2019-09-20 10:25:46,359 [pool-408-thread-1] INFO  util.JmxRegister (JmxRegister.java:tryRegister(44)) - Successfully registered JMX Bean with object name Ratis:service=RaftServer,group=group-A7D10B7ECC51,id=6f3631be-ef72-40c3-a17d-cb6a2edd0adf
2019-09-20 10:25:46,362 [RatisPipelineUtilsThread] INFO  pipeline.PipelineStateManager (PipelineStateManager.java:addPipeline(56)) - Created pipeline Pipeline[ Id: a851861b-74d3-4bd9-8750-a7d10b7ecc51, Nodes: 6f3631be-ef72-40c3-a17d-cb6a2edd0adf{ip: 192.168.36.99, host: pr-hdds-1569-p5fx8-1226042367, networkLocation: /default-rack, certSerialId: null}, Type:RATIS, Factor:ONE, State:OPEN]
2019-09-20 10:25:46,366 [grpc-default-executor-4] INFO  impl.RaftServerProxy (RaftServerProxy.java:addNew(89)) - 6f3631be-ef72-40c3-a17d-cb6a2edd0adf: addNew group-E9E2AA05445E:[6f3631be-ef72-40c3-a17d-cb6a2edd0adf:192.168.36.99:34642] returns group-E9E2AA05445E:java.util.concurrent.CompletableFuture@6f5cec3[Not completed]
2019-09-20 10:25:46,367 [pool-408-thread-1] INFO  impl.RaftServerImpl (RaftServerImpl.java:<init>(93)) - 6f3631be-ef72-40c3-a17d-cb6a2edd0adf: new RaftServerImpl for group-E9E2AA05445E:[6f3631be-ef72-40c3-a17d-cb6a2edd0adf:192.168.36.99:34642] with ContainerStateMachine:uninitialized
2019-09-20 10:25:46,367 [pool-408-thread-1] INFO  server.RaftServerConfigKeys (ConfUtils.java:logGet(43)) - raft.server.rpc.timeout.min = 5s (custom)
2019-09-20 10:25:46,368 [pool-408-thread-1] INFO  server.RaftServerConfigKeys (ConfUtils.java:logGet(43)) - raft.server.rpc.timeout.max = 5200ms (custom)
2019-09-20 10:25:46,368 [pool-408-thread-1] INFO  server.RaftServerConfigKeys (ConfUtils.java:logGet(43)) - raft.server.rpcslowness.timeout = 120s (custom)
2019-09-20 10:25:46,368 [pool-408-thread-1] INFO  server.RaftServerConfigKeys (ConfUtils.java:logGet(43)) - raft.server.sleep.deviation.threshold = 300 (default)
2019-09-20 10:25:46,368 [pool-408-thread-1] INFO  server.RaftServerConfigKeys (ConfUtils.java:logGet(43)) - raft.server.log.appender.install.snapshot.enabled = false (custom)
2019-09-20 10:25:46,368 [pool-408-thread-1] INFO  impl.RaftServerImpl (ServerState.java:<init>(105)) - 6f3631be-ef72-40c3-a17d-cb6a2edd0adf:group-E9E2AA05445E ConfigurationManager, init=-1: [6f3631be-ef72-40c3-a17d-cb6a2edd0adf:192.168.36.99:34642], old=null, confs=<EMPTY_MAP>
2019-09-20 10:25:46,368 [pool-408-thread-1] INFO  server.RaftServerConfigKeys (ConfUtils.java:logGet(43)) - raft.server.storage.dir = [/workdir/hadoop-ozone/integration-test/target/test-dir/MiniOzoneClusterImpl-023400ba-597c-4990-9952-187ab727187d/datanode-0/data/ratis] (custom)
2019-09-20 10:25:46,369 [pool-408-thread-1] INFO  storage.RaftStorageDirectory (RaftStorageDirectory.java:analyzeStorage(246)) - The storage directory /workdir/hadoop-ozone/integration-test/target/test-dir/MiniOzoneClusterImpl-023400ba-597c-4990-9952-187ab727187d/datanode-0/data/ratis/c13a0586-8035-48a0-b19f-e9e2aa05445e does not exist. Creating ...
2019-09-20 10:25:46,387 [IPC Server handler 8 on 35622] INFO  net.NetworkTopology (NetworkTopologyImpl.java:add(110)) - Added a new node: /default-rack/0d89bd5b-f1f0-4d05-b956-8c5f0ef5931a
2019-09-20 10:25:46,387 [IPC Server handler 8 on 35622] INFO  node.SCMNodeManager (SCMNodeManager.java:register(273)) - Registered Data node : 0d89bd5b-f1f0-4d05-b956-8c5f0ef5931a{ip: 192.168.36.99, host: pr-hdds-1569-p5fx8-1226042367, networkLocation: /default-rack, certSerialId: null}
2019-09-20 10:25:46,388 | INFO  | SCMAudit | user=jenkins1000 | ip=192.168.36.99 | op=REGISTER {datanodeDetails=0d89bd5b-f1f0-4d05-b956-8c5f0ef5931a{ip: 192.168.36.99, host: pr-hdds-1569-p5fx8-1226042367, networkLocation: /default-rack, certSerialId: null}} | ret=SUCCESS |  
2019-09-20 10:25:46,389 [pool-408-thread-1] INFO  storage.RaftStorageDirectory (RaftStorageDirectory.java:tryLock(328)) - Lock on /workdir/hadoop-ozone/integration-test/target/test-dir/MiniOzoneClusterImpl-023400ba-597c-4990-9952-187ab727187d/datanode-0/data/ratis/c13a0586-8035-48a0-b19f-e9e2aa05445e/in_use.lock acquired by nodename 28506@pr-hdds-1569-p5fx8-1226042367
2019-09-20 10:25:46,406 [pool-408-thread-1] INFO  storage.RaftStorage (RaftStorage.java:format(72)) - Storage directory /workdir/hadoop-ozone/integration-test/target/test-dir/MiniOzoneClusterImpl-023400ba-597c-4990-9952-187ab727187d/datanode-0/data/ratis/c13a0586-8035-48a0-b19f-e9e2aa05445e has been successfully formatted.
2019-09-20 10:25:46,406 [pool-408-thread-1] INFO  ratis.ContainerStateMachine (ContainerStateMachine.java:loadSnapshot(226)) - group-E9E2AA05445E: The snapshot info is null. Setting the last applied indexto:(t:0, i:~)
2019-09-20 10:25:46,406 [pool-408-thread-1] INFO  server.RaftServerConfigKeys (ConfUtils.java:logGet(43)) - raft.server.leader.election.timeout = 120s (custom)
2019-09-20 10:25:46,406 [pool-408-thread-1] INFO  server.RaftServerConfigKeys (ConfUtils.java:logGet(43)) - raft.server.log.use.memory = false (default)
2019-09-20 10:25:46,407 [pool-408-thread-1] INFO  server.RaftServerConfigKeys (ConfUtils.java:logGet(43)) - raft.server.log.purge.gap = 1000000 (custom)
2019-09-20 10:25:46,407 [pool-408-thread-1] INFO  server.RaftServerConfigKeys (ConfUtils.java:logGet(43)) - raft.server.log.appender.buffer.byte-limit = 33554432 (custom)
2019-09-20 10:25:46,407 [pool-408-thread-1] INFO  server.RaftServerConfigKeys (ConfUtils.java:logGet(43)) - raft.server.log.segment.size.max = 1048576 (custom)
2019-09-20 10:25:46,407 [pool-408-thread-1] INFO  server.RaftServerConfigKeys (ConfUtils.java:logGet(43)) - raft.server.log.segment.cache.num.max = 2 (custom)
2019-09-20 10:25:46,407 [pool-408-thread-1] INFO  segmented.SegmentedRaftLogWorker (SegmentedRaftLogWorker.java:<init>(172)) - new 6f3631be-ef72-40c3-a17d-cb6a2edd0adf-SegmentedRaftLogWorker:Storage Directory /workdir/hadoop-ozone/integration-test/target/test-dir/MiniOzoneClusterImpl-023400ba-597c-4990-9952-187ab727187d/datanode-0/data/ratis/c13a0586-8035-48a0-b19f-e9e2aa05445e for RaftStorage:Storage Directory /workdir/hadoop-ozone/integration-test/target/test-dir/MiniOzoneClusterImpl-023400ba-597c-4990-9952-187ab727187d/datanode-0/data/ratis/c13a0586-8035-48a0-b19f-e9e2aa05445e
2019-09-20 10:25:46,407 [pool-408-thread-1] INFO  server.RaftServerConfigKeys (ConfUtils.java:logGet(43)) - raft.server.log.queue.byte-limit = 2147483647 (custom)
2019-09-20 10:25:46,407 [pool-408-thread-1] INFO  server.RaftServerConfigKeys (ConfUtils.java:logGet(43)) - raft.server.log.queue.element-limit = 1024 (custom)
2019-09-20 10:25:46,408 [pool-408-thread-1] INFO  server.RaftServerConfigKeys (ConfUtils.java:logGet(43)) - raft.server.log.segment.size.max = 1048576 (custom)
2019-09-20 10:25:46,408 [pool-408-thread-1] INFO  server.RaftServerConfigKeys (ConfUtils.java:logGet(43)) - raft.server.log.preallocated.size = 16384 (custom)
2019-09-20 10:25:46,408 [pool-408-thread-1] INFO  server.RaftServerConfigKeys (ConfUtils.java:logGet(43)) - raft.server.log.write.buffer.size = 33554432 (custom)
2019-09-20 10:25:46,408 [pool-408-thread-1] INFO  server.RaftServerConfigKeys (ConfUtils.java:logGet(43)) - raft.server.log.force.sync.num = 128 (default)
2019-09-20 10:25:46,408 [pool-408-thread-1] INFO  server.RaftServerConfigKeys (ConfUtils.java:logGet(43)) - raft.server.log.statemachine.data.sync = true (default)
2019-09-20 10:25:46,408 [pool-408-thread-1] INFO  server.RaftServerConfigKeys (ConfUtils.java:logGet(43)) - raft.server.log.statemachine.data.sync.timeout = 10s (default)
2019-09-20 10:25:46,408 [pool-408-thread-1] INFO  server.RaftServerConfigKeys (ConfUtils.java:logGet(43)) - raft.server.log.statemachine.data.sync.timeout.retry = -1 (default)
2019-09-20 10:25:46,409 [pool-408-thread-1] INFO  server.RaftServerConfigKeys (ConfUtils.java:logGet(43)) - raft.server.log.statemachine.data.caching.enabled = true (custom)
2019-09-20 10:25:46,409 [pool-408-thread-1] INFO  segmented.SegmentedRaftLogWorker (SegmentedRaftLogWorker.java:lambda$new$0(132)) - 6f3631be-ef72-40c3-a17d-cb6a2edd0adf-SegmentedRaftLogWorker:Storage Directory /workdir/hadoop-ozone/integration-test/target/test-dir/MiniOzoneClusterImpl-023400ba-597c-4990-9952-187ab727187d/datanode-0/data/ratis/c13a0586-8035-48a0-b19f-e9e2aa05445e: flushIndex: setUnconditionally 0 -> -1
2019-09-20 10:25:46,409 [pool-408-thread-1] INFO  server.RaftServerConfigKeys (ConfUtils.java:logGet(43)) - raft.server.snapshot.auto.trigger.enabled = true (custom)
2019-09-20 10:25:46,409 [pool-408-thread-1] INFO  server.RaftServerConfigKeys (ConfUtils.java:logGet(43)) - raft.server.snapshot.auto.trigger.threshold = 10000 (custom)
2019-09-20 10:25:46,409 [pool-408-thread-1] INFO  server.RaftServerConfigKeys (ConfUtils.java:logGet(43)) - raft.server.retrycache.expirytime = 600000ms (custom)
2019-09-20 10:25:46,410 [pool-408-thread-1] INFO  impl.RaftServerImpl (RaftServerImpl.java:start(180)) - 6f3631be-ef72-40c3-a17d-cb6a2edd0adf: start group-E9E2AA05445E
2019-09-20 10:25:46,410 [pool-408-thread-1] INFO  impl.RaftServerImpl (RaftServerImpl.java:setRole(171)) - 6f3631be-ef72-40c3-a17d-cb6a2edd0adf:group-E9E2AA05445E changes role from null to FOLLOWER at term 0 for startAsFollower
2019-09-20 10:25:46,410 [pool-408-thread-1] INFO  impl.RoleInfo (RoleInfo.java:updateAndGet(143)) - 6f3631be-ef72-40c3-a17d-cb6a2edd0adf: start FollowerState
2019-09-20 10:25:46,410 [pool-408-thread-1] INFO  util.JmxRegister (JmxRegister.java:tryRegister(44)) - Successfully registered JMX Bean with object name Ratis:service=RaftServer,group=group-E9E2AA05445E,id=6f3631be-ef72-40c3-a17d-cb6a2edd0adf
2019-09-20 10:25:46,413 [RatisPipelineUtilsThread] INFO  pipeline.PipelineStateManager (PipelineStateManager.java:addPipeline(56)) - Created pipeline Pipeline[ Id: c13a0586-8035-48a0-b19f-e9e2aa05445e, Nodes: 6f3631be-ef72-40c3-a17d-cb6a2edd0adf{ip: 192.168.36.99, host: pr-hdds-1569-p5fx8-1226042367, networkLocation: /default-rack, certSerialId: null}, Type:RATIS, Factor:ONE, State:OPEN]
2019-09-20 10:25:46,413 [RatisPipelineUtilsThread] INFO  pipeline.PipelinePlacementPolicy (PipelinePlacementPolicy.java:meetCriteria(91)) - Pipeline Placement: Doesn't meet the criteria to be viable node： 6f3631be-ef72-40c3-a17d-cb6a2edd0adf Heaviness: 6 limit: 5
2019-09-20 10:25:46,434 [grpc-default-executor-4] INFO  impl.RaftServerProxy (RaftServerProxy.java:addNew(89)) - 0d89bd5b-f1f0-4d05-b956-8c5f0ef5931a: addNew group-E21CD784F204:[0d89bd5b-f1f0-4d05-b956-8c5f0ef5931a:192.168.36.99:35767] returns group-E21CD784F204:java.util.concurrent.CompletableFuture@3828ac87[Not completed]
2019-09-20 10:25:46,435 [pool-419-thread-1] INFO  impl.RaftServerImpl (RaftServerImpl.java:<init>(93)) - 0d89bd5b-f1f0-4d05-b956-8c5f0ef5931a: new RaftServerImpl for group-E21CD784F204:[0d89bd5b-f1f0-4d05-b956-8c5f0ef5931a:192.168.36.99:35767] with ContainerStateMachine:uninitialized
2019-09-20 10:25:46,436 [pool-419-thread-1] INFO  server.RaftServerConfigKeys (ConfUtils.java:logGet(43)) - raft.server.rpc.timeout.min = 5s (custom)
2019-09-20 10:25:46,436 [pool-419-thread-1] INFO  server.RaftServerConfigKeys (ConfUtils.java:logGet(43)) - raft.server.rpc.timeout.max = 5200ms (custom)
2019-09-20 10:25:46,436 [pool-419-thread-1] INFO  server.RaftServerConfigKeys (ConfUtils.java:logGet(43)) - raft.server.rpcslowness.timeout = 120s (custom)
2019-09-20 10:25:46,436 [pool-419-thread-1] INFO  server.RaftServerConfigKeys (ConfUtils.java:logGet(43)) - raft.server.sleep.deviation.threshold = 300 (default)
2019-09-20 10:25:46,436 [pool-419-thread-1] INFO  server.RaftServerConfigKeys (ConfUtils.java:logGet(43)) - raft.server.log.appender.install.snapshot.enabled = false (custom)
2019-09-20 10:25:46,436 [pool-419-thread-1] INFO  impl.RaftServerImpl (ServerState.java:<init>(105)) - 0d89bd5b-f1f0-4d05-b956-8c5f0ef5931a:group-E21CD784F204 ConfigurationManager, init=-1: [0d89bd5b-f1f0-4d05-b956-8c5f0ef5931a:192.168.36.99:35767], old=null, confs=<EMPTY_MAP>
2019-09-20 10:25:46,437 [pool-419-thread-1] INFO  server.RaftServerConfigKeys (ConfUtils.java:logGet(43)) - raft.server.storage.dir = [/workdir/hadoop-ozone/integration-test/target/test-dir/MiniOzoneClusterImpl-023400ba-597c-4990-9952-187ab727187d/datanode-1/data/ratis] (custom)
2019-09-20 10:25:46,437 [pool-419-thread-1] INFO  storage.RaftStorageDirectory (RaftStorageDirectory.java:analyzeStorage(246)) - The storage directory /workdir/hadoop-ozone/integration-test/target/test-dir/MiniOzoneClusterImpl-023400ba-597c-4990-9952-187ab727187d/datanode-1/data/ratis/ede84a57-bcdc-4183-a45a-e21cd784f204 does not exist. Creating ...
2019-09-20 10:25:46,456 [pool-419-thread-1] INFO  storage.RaftStorageDirectory (RaftStorageDirectory.java:tryLock(328)) - Lock on /workdir/hadoop-ozone/integration-test/target/test-dir/MiniOzoneClusterImpl-023400ba-597c-4990-9952-187ab727187d/datanode-1/data/ratis/ede84a57-bcdc-4183-a45a-e21cd784f204/in_use.lock acquired by nodename 28506@pr-hdds-1569-p5fx8-1226042367
2019-09-20 10:25:46,482 [pool-419-thread-1] INFO  storage.RaftStorage (RaftStorage.java:format(72)) - Storage directory /workdir/hadoop-ozone/integration-test/target/test-dir/MiniOzoneClusterImpl-023400ba-597c-4990-9952-187ab727187d/datanode-1/data/ratis/ede84a57-bcdc-4183-a45a-e21cd784f204 has been successfully formatted.
2019-09-20 10:25:46,482 [pool-419-thread-1] INFO  ratis.ContainerStateMachine (ContainerStateMachine.java:loadSnapshot(226)) - group-E21CD784F204: The snapshot info is null. Setting the last applied indexto:(t:0, i:~)
2019-09-20 10:25:46,482 [pool-419-thread-1] INFO  server.RaftServerConfigKeys (ConfUtils.java:logGet(43)) - raft.server.leader.election.timeout = 120s (custom)
2019-09-20 10:25:46,482 [pool-419-thread-1] INFO  server.RaftServerConfigKeys (ConfUtils.java:logGet(43)) - raft.server.log.use.memory = false (default)
2019-09-20 10:25:46,482 [pool-419-thread-1] INFO  server.RaftServerConfigKeys (ConfUtils.java:logGet(43)) - raft.server.log.purge.gap = 1000000 (custom)
2019-09-20 10:25:46,482 [pool-419-thread-1] INFO  server.RaftServerConfigKeys (ConfUtils.java:logGet(43)) - raft.server.log.appender.buffer.byte-limit = 33554432 (custom)
2019-09-20 10:25:46,483 [pool-419-thread-1] INFO  server.RaftServerConfigKeys (ConfUtils.java:logGet(43)) - raft.server.log.segment.size.max = 1048576 (custom)
2019-09-20 10:25:46,483 [pool-419-thread-1] INFO  server.RaftServerConfigKeys (ConfUtils.java:logGet(43)) - raft.server.log.segment.cache.num.max = 2 (custom)
2019-09-20 10:25:46,483 [pool-419-thread-1] INFO  segmented.SegmentedRaftLogWorker (SegmentedRaftLogWorker.java:<init>(172)) - new 0d89bd5b-f1f0-4d05-b956-8c5f0ef5931a-SegmentedRaftLogWorker:Storage Directory /workdir/hadoop-ozone/integration-test/target/test-dir/MiniOzoneClusterImpl-023400ba-597c-4990-9952-187ab727187d/datanode-1/data/ratis/ede84a57-bcdc-4183-a45a-e21cd784f204 for RaftStorage:Storage Directory /workdir/hadoop-ozone/integration-test/target/test-dir/MiniOzoneClusterImpl-023400ba-597c-4990-9952-187ab727187d/datanode-1/data/ratis/ede84a57-bcdc-4183-a45a-e21cd784f204
2019-09-20 10:25:46,483 [pool-419-thread-1] INFO  server.RaftServerConfigKeys (ConfUtils.java:logGet(43)) - raft.server.log.queue.byte-limit = 2147483647 (custom)
2019-09-20 10:25:46,483 [pool-419-thread-1] INFO  server.RaftServerConfigKeys (ConfUtils.java:logGet(43)) - raft.server.log.queue.element-limit = 1024 (custom)
2019-09-20 10:25:46,484 [pool-419-thread-1] INFO  server.RaftServerConfigKeys (ConfUtils.java:logGet(43)) - raft.server.log.segment.size.max = 1048576 (custom)
2019-09-20 10:25:46,484 [pool-419-thread-1] INFO  server.RaftServerConfigKeys (ConfUtils.java:logGet(43)) - raft.server.log.preallocated.size = 16384 (custom)
2019-09-20 10:25:46,484 [pool-419-thread-1] INFO  server.RaftServerConfigKeys (ConfUtils.java:logGet(43)) - raft.server.log.write.buffer.size = 33554432 (custom)
2019-09-20 10:25:46,484 [pool-419-thread-1] INFO  server.RaftServerConfigKeys (ConfUtils.java:logGet(43)) - raft.server.log.force.sync.num = 128 (default)
2019-09-20 10:25:46,484 [pool-419-thread-1] INFO  server.RaftServerConfigKeys (ConfUtils.java:logGet(43)) - raft.server.log.statemachine.data.sync = true (default)
2019-09-20 10:25:46,484 [pool-419-thread-1] INFO  server.RaftServerConfigKeys (ConfUtils.java:logGet(43)) - raft.server.log.statemachine.data.sync.timeout = 10s (default)
2019-09-20 10:25:46,484 [pool-419-thread-1] INFO  server.RaftServerConfigKeys (ConfUtils.java:logGet(43)) - raft.server.log.statemachine.data.sync.timeout.retry = -1 (default)
2019-09-20 10:25:46,485 [pool-419-thread-1] INFO  server.RaftServerConfigKeys (ConfUtils.java:logGet(43)) - raft.server.log.statemachine.data.caching.enabled = true (custom)
2019-09-20 10:25:46,485 [pool-419-thread-1] INFO  segmented.SegmentedRaftLogWorker (SegmentedRaftLogWorker.java:lambda$new$0(132)) - 0d89bd5b-f1f0-4d05-b956-8c5f0ef5931a-SegmentedRaftLogWorker:Storage Directory /workdir/hadoop-ozone/integration-test/target/test-dir/MiniOzoneClusterImpl-023400ba-597c-4990-9952-187ab727187d/datanode-1/data/ratis/ede84a57-bcdc-4183-a45a-e21cd784f204: flushIndex: setUnconditionally 0 -> -1
2019-09-20 10:25:46,485 [pool-419-thread-1] INFO  server.RaftServerConfigKeys (ConfUtils.java:logGet(43)) - raft.server.snapshot.auto.trigger.enabled = true (custom)
2019-09-20 10:25:46,486 [pool-419-thread-1] INFO  server.RaftServerConfigKeys (ConfUtils.java:logGet(43)) - raft.server.snapshot.auto.trigger.threshold = 10000 (custom)
2019-09-20 10:25:46,486 [pool-419-thread-1] INFO  server.RaftServerConfigKeys (ConfUtils.java:logGet(43)) - raft.server.retrycache.expirytime = 600000ms (custom)
2019-09-20 10:25:46,486 [pool-419-thread-1] INFO  impl.RaftServerImpl (RaftServerImpl.java:start(180)) - 0d89bd5b-f1f0-4d05-b956-8c5f0ef5931a: start group-E21CD784F204
2019-09-20 10:25:46,486 [pool-419-thread-1] INFO  impl.RaftServerImpl (RaftServerImpl.java:setRole(171)) - 0d89bd5b-f1f0-4d05-b956-8c5f0ef5931a:group-E21CD784F204 changes role from null to FOLLOWER at term 0 for startAsFollower
2019-09-20 10:25:46,486 [pool-419-thread-1] INFO  impl.RoleInfo (RoleInfo.java:updateAndGet(143)) - 0d89bd5b-f1f0-4d05-b956-8c5f0ef5931a: start FollowerState
2019-09-20 10:25:46,487 [pool-419-thread-1] INFO  util.JmxRegister (JmxRegister.java:tryRegister(44)) - Successfully registered JMX Bean with object name Ratis:service=RaftServer,group=group-E21CD784F204,id=0d89bd5b-f1f0-4d05-b956-8c5f0ef5931a
2019-09-20 10:25:46,489 [RatisPipelineUtilsThread] INFO  pipeline.PipelineStateManager (PipelineStateManager.java:addPipeline(56)) - Created pipeline Pipeline[ Id: ede84a57-bcdc-4183-a45a-e21cd784f204, Nodes: 0d89bd5b-f1f0-4d05-b956-8c5f0ef5931a{ip: 192.168.36.99, host: pr-hdds-1569-p5fx8-1226042367, networkLocation: /default-rack, certSerialId: null}, Type:RATIS, Factor:ONE, State:OPEN]
2019-09-20 10:25:46,490 [RatisPipelineUtilsThread] INFO  pipeline.PipelinePlacementPolicy (PipelinePlacementPolicy.java:meetCriteria(91)) - Pipeline Placement: Doesn't meet the criteria to be viable node： 6f3631be-ef72-40c3-a17d-cb6a2edd0adf Heaviness: 6 limit: 5
2019-09-20 10:25:46,495 [grpc-default-executor-4] INFO  impl.RaftServerProxy (RaftServerProxy.java:addNew(89)) - 0d89bd5b-f1f0-4d05-b956-8c5f0ef5931a: addNew group-C1C6A1534B89:[0d89bd5b-f1f0-4d05-b956-8c5f0ef5931a:192.168.36.99:35767] returns group-C1C6A1534B89:java.util.concurrent.CompletableFuture@52a6a3c7[Not completed]
2019-09-20 10:25:46,496 [pool-419-thread-1] INFO  impl.RaftServerImpl (RaftServerImpl.java:<init>(93)) - 0d89bd5b-f1f0-4d05-b956-8c5f0ef5931a: new RaftServerImpl for group-C1C6A1534B89:[0d89bd5b-f1f0-4d05-b956-8c5f0ef5931a:192.168.36.99:35767] with ContainerStateMachine:uninitialized
2019-09-20 10:25:46,496 [pool-419-thread-1] INFO  server.RaftServerConfigKeys (ConfUtils.java:logGet(43)) - raft.server.rpc.timeout.min = 5s (custom)
2019-09-20 10:25:46,496 [pool-419-thread-1] INFO  server.RaftServerConfigKeys (ConfUtils.java:logGet(43)) - raft.server.rpc.timeout.max = 5200ms (custom)
2019-09-20 10:25:46,496 [pool-419-thread-1] INFO  server.RaftServerConfigKeys (ConfUtils.java:logGet(43)) - raft.server.rpcslowness.timeout = 120s (custom)
2019-09-20 10:25:46,496 [pool-419-thread-1] INFO  server.RaftServerConfigKeys (ConfUtils.java:logGet(43)) - raft.server.sleep.deviation.threshold = 300 (default)
2019-09-20 10:25:46,496 [pool-419-thread-1] INFO  server.RaftServerConfigKeys (ConfUtils.java:logGet(43)) - raft.server.log.appender.install.snapshot.enabled = false (custom)
2019-09-20 10:25:46,496 [pool-419-thread-1] INFO  impl.RaftServerImpl (ServerState.java:<init>(105)) - 0d89bd5b-f1f0-4d05-b956-8c5f0ef5931a:group-C1C6A1534B89 ConfigurationManager, init=-1: [0d89bd5b-f1f0-4d05-b956-8c5f0ef5931a:192.168.36.99:35767], old=null, confs=<EMPTY_MAP>
2019-09-20 10:25:46,497 [pool-419-thread-1] INFO  server.RaftServerConfigKeys (ConfUtils.java:logGet(43)) - raft.server.storage.dir = [/workdir/hadoop-ozone/integration-test/target/test-dir/MiniOzoneClusterImpl-023400ba-597c-4990-9952-187ab727187d/datanode-1/data/ratis] (custom)
2019-09-20 10:25:46,497 [pool-419-thread-1] INFO  storage.RaftStorageDirectory (RaftStorageDirectory.java:analyzeStorage(246)) - The storage directory /workdir/hadoop-ozone/integration-test/target/test-dir/MiniOzoneClusterImpl-023400ba-597c-4990-9952-187ab727187d/datanode-1/data/ratis/d360b0ee-6dbb-4f2b-886a-c1c6a1534b89 does not exist. Creating ...
2019-09-20 10:25:46,515 [pool-419-thread-1] INFO  storage.RaftStorageDirectory (RaftStorageDirectory.java:tryLock(328)) - Lock on /workdir/hadoop-ozone/integration-test/target/test-dir/MiniOzoneClusterImpl-023400ba-597c-4990-9952-187ab727187d/datanode-1/data/ratis/d360b0ee-6dbb-4f2b-886a-c1c6a1534b89/in_use.lock acquired by nodename 28506@pr-hdds-1569-p5fx8-1226042367
2019-09-20 10:25:46,557 [pool-419-thread-1] INFO  storage.RaftStorage (RaftStorage.java:format(72)) - Storage directory /workdir/hadoop-ozone/integration-test/target/test-dir/MiniOzoneClusterImpl-023400ba-597c-4990-9952-187ab727187d/datanode-1/data/ratis/d360b0ee-6dbb-4f2b-886a-c1c6a1534b89 has been successfully formatted.
2019-09-20 10:25:46,558 [pool-419-thread-1] INFO  ratis.ContainerStateMachine (ContainerStateMachine.java:loadSnapshot(226)) - group-C1C6A1534B89: The snapshot info is null. Setting the last applied indexto:(t:0, i:~)
2019-09-20 10:25:46,558 [pool-419-thread-1] INFO  server.RaftServerConfigKeys (ConfUtils.java:logGet(43)) - raft.server.leader.election.timeout = 120s (custom)
2019-09-20 10:25:46,558 [pool-419-thread-1] INFO  server.RaftServerConfigKeys (ConfUtils.java:logGet(43)) - raft.server.log.use.memory = false (default)
2019-09-20 10:25:46,558 [pool-419-thread-1] INFO  server.RaftServerConfigKeys (ConfUtils.java:logGet(43)) - raft.server.log.purge.gap = 1000000 (custom)
2019-09-20 10:25:46,558 [pool-419-thread-1] INFO  server.RaftServerConfigKeys (ConfUtils.java:logGet(43)) - raft.server.log.appender.buffer.byte-limit = 33554432 (custom)
2019-09-20 10:25:46,558 [pool-419-thread-1] INFO  server.RaftServerConfigKeys (ConfUtils.java:logGet(43)) - raft.server.log.segment.size.max = 1048576 (custom)
2019-09-20 10:25:46,559 [pool-419-thread-1] INFO  server.RaftServerConfigKeys (ConfUtils.java:logGet(43)) - raft.server.log.segment.cache.num.max = 2 (custom)
2019-09-20 10:25:46,559 [pool-419-thread-1] INFO  segmented.SegmentedRaftLogWorker (SegmentedRaftLogWorker.java:<init>(172)) - new 0d89bd5b-f1f0-4d05-b956-8c5f0ef5931a-SegmentedRaftLogWorker:Storage Directory /workdir/hadoop-ozone/integration-test/target/test-dir/MiniOzoneClusterImpl-023400ba-597c-4990-9952-187ab727187d/datanode-1/data/ratis/d360b0ee-6dbb-4f2b-886a-c1c6a1534b89 for RaftStorage:Storage Directory /workdir/hadoop-ozone/integration-test/target/test-dir/MiniOzoneClusterImpl-023400ba-597c-4990-9952-187ab727187d/datanode-1/data/ratis/d360b0ee-6dbb-4f2b-886a-c1c6a1534b89
2019-09-20 10:25:46,559 [pool-419-thread-1] INFO  server.RaftServerConfigKeys (ConfUtils.java:logGet(43)) - raft.server.log.queue.byte-limit = 2147483647 (custom)
2019-09-20 10:25:46,559 [pool-419-thread-1] INFO  server.RaftServerConfigKeys (ConfUtils.java:logGet(43)) - raft.server.log.queue.element-limit = 1024 (custom)
2019-09-20 10:25:46,559 [pool-419-thread-1] INFO  server.RaftServerConfigKeys (ConfUtils.java:logGet(43)) - raft.server.log.segment.size.max = 1048576 (custom)
2019-09-20 10:25:46,559 [pool-419-thread-1] INFO  server.RaftServerConfigKeys (ConfUtils.java:logGet(43)) - raft.server.log.preallocated.size = 16384 (custom)
2019-09-20 10:25:46,559 [pool-419-thread-1] INFO  server.RaftServerConfigKeys (ConfUtils.java:logGet(43)) - raft.server.log.write.buffer.size = 33554432 (custom)
2019-09-20 10:25:46,560 [pool-419-thread-1] INFO  server.RaftServerConfigKeys (ConfUtils.java:logGet(43)) - raft.server.log.force.sync.num = 128 (default)
2019-09-20 10:25:46,560 [pool-419-thread-1] INFO  server.RaftServerConfigKeys (ConfUtils.java:logGet(43)) - raft.server.log.statemachine.data.sync = true (default)
2019-09-20 10:25:46,560 [pool-419-thread-1] INFO  server.RaftServerConfigKeys (ConfUtils.java:logGet(43)) - raft.server.log.statemachine.data.sync.timeout = 10s (default)
2019-09-20 10:25:46,560 [pool-419-thread-1] INFO  server.RaftServerConfigKeys (ConfUtils.java:logGet(43)) - raft.server.log.statemachine.data.sync.timeout.retry = -1 (default)
2019-09-20 10:25:46,560 [pool-419-thread-1] INFO  server.RaftServerConfigKeys (ConfUtils.java:logGet(43)) - raft.server.log.statemachine.data.caching.enabled = true (custom)
2019-09-20 10:25:46,560 [pool-419-thread-1] INFO  segmented.SegmentedRaftLogWorker (SegmentedRaftLogWorker.java:lambda$new$0(132)) - 0d89bd5b-f1f0-4d05-b956-8c5f0ef5931a-SegmentedRaftLogWorker:Storage Directory /workdir/hadoop-ozone/integration-test/target/test-dir/MiniOzoneClusterImpl-023400ba-597c-4990-9952-187ab727187d/datanode-1/data/ratis/d360b0ee-6dbb-4f2b-886a-c1c6a1534b89: flushIndex: setUnconditionally 0 -> -1
2019-09-20 10:25:46,561 [pool-419-thread-1] INFO  server.RaftServerConfigKeys (ConfUtils.java:logGet(43)) - raft.server.snapshot.auto.trigger.enabled = true (custom)
2019-09-20 10:25:46,561 [pool-419-thread-1] INFO  server.RaftServerConfigKeys (ConfUtils.java:logGet(43)) - raft.server.snapshot.auto.trigger.threshold = 10000 (custom)
2019-09-20 10:25:46,561 [pool-419-thread-1] INFO  server.RaftServerConfigKeys (ConfUtils.java:logGet(43)) - raft.server.retrycache.expirytime = 600000ms (custom)
2019-09-20 10:25:46,561 [pool-419-thread-1] INFO  impl.RaftServerImpl (RaftServerImpl.java:start(180)) - 0d89bd5b-f1f0-4d05-b956-8c5f0ef5931a: start group-C1C6A1534B89
2019-09-20 10:25:46,561 [pool-419-thread-1] INFO  impl.RaftServerImpl (RaftServerImpl.java:setRole(171)) - 0d89bd5b-f1f0-4d05-b956-8c5f0ef5931a:group-C1C6A1534B89 changes role from null to FOLLOWER at term 0 for startAsFollower
2019-09-20 10:25:46,562 [pool-419-thread-1] INFO  impl.RoleInfo (RoleInfo.java:updateAndGet(143)) - 0d89bd5b-f1f0-4d05-b956-8c5f0ef5931a: start FollowerState
2019-09-20 10:25:46,562 [pool-419-thread-1] INFO  util.JmxRegister (JmxRegister.java:tryRegister(44)) - Successfully registered JMX Bean with object name Ratis:service=RaftServer,group=group-C1C6A1534B89,id=0d89bd5b-f1f0-4d05-b956-8c5f0ef5931a
2019-09-20 10:25:46,564 [RatisPipelineUtilsThread] INFO  pipeline.PipelineStateManager (PipelineStateManager.java:addPipeline(56)) - Created pipeline Pipeline[ Id: d360b0ee-6dbb-4f2b-886a-c1c6a1534b89, Nodes: 0d89bd5b-f1f0-4d05-b956-8c5f0ef5931a{ip: 192.168.36.99, host: pr-hdds-1569-p5fx8-1226042367, networkLocation: /default-rack, certSerialId: null}, Type:RATIS, Factor:ONE, State:OPEN]
2019-09-20 10:25:46,565 [RatisPipelineUtilsThread] INFO  pipeline.PipelinePlacementPolicy (PipelinePlacementPolicy.java:meetCriteria(91)) - Pipeline Placement: Doesn't meet the criteria to be viable node： 6f3631be-ef72-40c3-a17d-cb6a2edd0adf Heaviness: 6 limit: 5
2019-09-20 10:25:46,570 [grpc-default-executor-4] INFO  impl.RaftServerProxy (RaftServerProxy.java:addNew(89)) - 0d89bd5b-f1f0-4d05-b956-8c5f0ef5931a: addNew group-0C1843321C71:[0d89bd5b-f1f0-4d05-b956-8c5f0ef5931a:192.168.36.99:35767] returns group-0C1843321C71:java.util.concurrent.CompletableFuture@5f45e3ce[Not completed]
2019-09-20 10:25:46,570 [pool-419-thread-1] INFO  impl.RaftServerImpl (RaftServerImpl.java:<init>(93)) - 0d89bd5b-f1f0-4d05-b956-8c5f0ef5931a: new RaftServerImpl for group-0C1843321C71:[0d89bd5b-f1f0-4d05-b956-8c5f0ef5931a:192.168.36.99:35767] with ContainerStateMachine:uninitialized
2019-09-20 10:25:46,571 [pool-419-thread-1] INFO  server.RaftServerConfigKeys (ConfUtils.java:logGet(43)) - raft.server.rpc.timeout.min = 5s (custom)
2019-09-20 10:25:46,571 [pool-419-thread-1] INFO  server.RaftServerConfigKeys (ConfUtils.java:logGet(43)) - raft.server.rpc.timeout.max = 5200ms (custom)
2019-09-20 10:25:46,571 [pool-419-thread-1] INFO  server.RaftServerConfigKeys (ConfUtils.java:logGet(43)) - raft.server.rpcslowness.timeout = 120s (custom)
2019-09-20 10:25:46,571 [pool-419-thread-1] INFO  server.RaftServerConfigKeys (ConfUtils.java:logGet(43)) - raft.server.sleep.deviation.threshold = 300 (default)
2019-09-20 10:25:46,571 [pool-419-thread-1] INFO  server.RaftServerConfigKeys (ConfUtils.java:logGet(43)) - raft.server.log.appender.install.snapshot.enabled = false (custom)
2019-09-20 10:25:46,571 [pool-419-thread-1] INFO  impl.RaftServerImpl (ServerState.java:<init>(105)) - 0d89bd5b-f1f0-4d05-b956-8c5f0ef5931a:group-0C1843321C71 ConfigurationManager, init=-1: [0d89bd5b-f1f0-4d05-b956-8c5f0ef5931a:192.168.36.99:35767], old=null, confs=<EMPTY_MAP>
2019-09-20 10:25:46,571 [pool-419-thread-1] INFO  server.RaftServerConfigKeys (ConfUtils.java:logGet(43)) - raft.server.storage.dir = [/workdir/hadoop-ozone/integration-test/target/test-dir/MiniOzoneClusterImpl-023400ba-597c-4990-9952-187ab727187d/datanode-1/data/ratis] (custom)
2019-09-20 10:25:46,572 [pool-419-thread-1] INFO  storage.RaftStorageDirectory (RaftStorageDirectory.java:analyzeStorage(246)) - The storage directory /workdir/hadoop-ozone/integration-test/target/test-dir/MiniOzoneClusterImpl-023400ba-597c-4990-9952-187ab727187d/datanode-1/data/ratis/22f56ee0-0796-4f85-9342-0c1843321c71 does not exist. Creating ...
2019-09-20 10:25:46,591 [pool-419-thread-1] INFO  storage.RaftStorageDirectory (RaftStorageDirectory.java:tryLock(328)) - Lock on /workdir/hadoop-ozone/integration-test/target/test-dir/MiniOzoneClusterImpl-023400ba-597c-4990-9952-187ab727187d/datanode-1/data/ratis/22f56ee0-0796-4f85-9342-0c1843321c71/in_use.lock acquired by nodename 28506@pr-hdds-1569-p5fx8-1226042367
2019-09-20 10:25:46,616 [pool-419-thread-1] INFO  storage.RaftStorage (RaftStorage.java:format(72)) - Storage directory /workdir/hadoop-ozone/integration-test/target/test-dir/MiniOzoneClusterImpl-023400ba-597c-4990-9952-187ab727187d/datanode-1/data/ratis/22f56ee0-0796-4f85-9342-0c1843321c71 has been successfully formatted.
2019-09-20 10:25:46,617 [pool-419-thread-1] INFO  ratis.ContainerStateMachine (ContainerStateMachine.java:loadSnapshot(226)) - group-0C1843321C71: The snapshot info is null. Setting the last applied indexto:(t:0, i:~)
2019-09-20 10:25:46,617 [pool-419-thread-1] INFO  server.RaftServerConfigKeys (ConfUtils.java:logGet(43)) - raft.server.leader.election.timeout = 120s (custom)
2019-09-20 10:25:46,617 [pool-419-thread-1] INFO  server.RaftServerConfigKeys (ConfUtils.java:logGet(43)) - raft.server.log.use.memory = false (default)
2019-09-20 10:25:46,617 [pool-419-thread-1] INFO  server.RaftServerConfigKeys (ConfUtils.java:logGet(43)) - raft.server.log.purge.gap = 1000000 (custom)
2019-09-20 10:25:46,617 [pool-419-thread-1] INFO  server.RaftServerConfigKeys (ConfUtils.java:logGet(43)) - raft.server.log.appender.buffer.byte-limit = 33554432 (custom)
2019-09-20 10:25:46,618 [pool-419-thread-1] INFO  server.RaftServerConfigKeys (ConfUtils.java:logGet(43)) - raft.server.log.segment.size.max = 1048576 (custom)
2019-09-20 10:25:46,618 [pool-419-thread-1] INFO  server.RaftServerConfigKeys (ConfUtils.java:logGet(43)) - raft.server.log.segment.cache.num.max = 2 (custom)
2019-09-20 10:25:46,618 [pool-419-thread-1] INFO  segmented.SegmentedRaftLogWorker (SegmentedRaftLogWorker.java:<init>(172)) - new 0d89bd5b-f1f0-4d05-b956-8c5f0ef5931a-SegmentedRaftLogWorker:Storage Directory /workdir/hadoop-ozone/integration-test/target/test-dir/MiniOzoneClusterImpl-023400ba-597c-4990-9952-187ab727187d/datanode-1/data/ratis/22f56ee0-0796-4f85-9342-0c1843321c71 for RaftStorage:Storage Directory /workdir/hadoop-ozone/integration-test/target/test-dir/MiniOzoneClusterImpl-023400ba-597c-4990-9952-187ab727187d/datanode-1/data/ratis/22f56ee0-0796-4f85-9342-0c1843321c71
2019-09-20 10:25:46,618 [pool-419-thread-1] INFO  server.RaftServerConfigKeys (ConfUtils.java:logGet(43)) - raft.server.log.queue.byte-limit = 2147483647 (custom)
2019-09-20 10:25:46,618 [pool-419-thread-1] INFO  server.RaftServerConfigKeys (ConfUtils.java:logGet(43)) - raft.server.log.queue.element-limit = 1024 (custom)
2019-09-20 10:25:46,618 [pool-419-thread-1] INFO  server.RaftServerConfigKeys (ConfUtils.java:logGet(43)) - raft.server.log.segment.size.max = 1048576 (custom)
2019-09-20 10:25:46,618 [pool-419-thread-1] INFO  server.RaftServerConfigKeys (ConfUtils.java:logGet(43)) - raft.server.log.preallocated.size = 16384 (custom)
2019-09-20 10:25:46,619 [pool-419-thread-1] INFO  server.RaftServerConfigKeys (ConfUtils.java:logGet(43)) - raft.server.log.write.buffer.size = 33554432 (custom)
2019-09-20 10:25:46,619 [pool-419-thread-1] INFO  server.RaftServerConfigKeys (ConfUtils.java:logGet(43)) - raft.server.log.force.sync.num = 128 (default)
2019-09-20 10:25:46,619 [pool-419-thread-1] INFO  server.RaftServerConfigKeys (ConfUtils.java:logGet(43)) - raft.server.log.statemachine.data.sync = true (default)
2019-09-20 10:25:46,619 [pool-419-thread-1] INFO  server.RaftServerConfigKeys (ConfUtils.java:logGet(43)) - raft.server.log.statemachine.data.sync.timeout = 10s (default)
2019-09-20 10:25:46,619 [pool-419-thread-1] INFO  server.RaftServerConfigKeys (ConfUtils.java:logGet(43)) - raft.server.log.statemachine.data.sync.timeout.retry = -1 (default)
2019-09-20 10:25:46,619 [pool-419-thread-1] INFO  server.RaftServerConfigKeys (ConfUtils.java:logGet(43)) - raft.server.log.statemachine.data.caching.enabled = true (custom)
2019-09-20 10:25:46,620 [pool-419-thread-1] INFO  segmented.SegmentedRaftLogWorker (SegmentedRaftLogWorker.java:lambda$new$0(132)) - 0d89bd5b-f1f0-4d05-b956-8c5f0ef5931a-SegmentedRaftLogWorker:Storage Directory /workdir/hadoop-ozone/integration-test/target/test-dir/MiniOzoneClusterImpl-023400ba-597c-4990-9952-187ab727187d/datanode-1/data/ratis/22f56ee0-0796-4f85-9342-0c1843321c71: flushIndex: setUnconditionally 0 -> -1
2019-09-20 10:25:46,620 [pool-419-thread-1] INFO  server.RaftServerConfigKeys (ConfUtils.java:logGet(43)) - raft.server.snapshot.auto.trigger.enabled = true (custom)
2019-09-20 10:25:46,620 [pool-419-thread-1] INFO  server.RaftServerConfigKeys (ConfUtils.java:logGet(43)) - raft.server.snapshot.auto.trigger.threshold = 10000 (custom)
2019-09-20 10:25:46,620 [pool-419-thread-1] INFO  server.RaftServerConfigKeys (ConfUtils.java:logGet(43)) - raft.server.retrycache.expirytime = 600000ms (custom)
2019-09-20 10:25:46,621 [pool-419-thread-1] INFO  impl.RaftServerImpl (RaftServerImpl.java:start(180)) - 0d89bd5b-f1f0-4d05-b956-8c5f0ef5931a: start group-0C1843321C71
2019-09-20 10:25:46,621 [pool-419-thread-1] INFO  impl.RaftServerImpl (RaftServerImpl.java:setRole(171)) - 0d89bd5b-f1f0-4d05-b956-8c5f0ef5931a:group-0C1843321C71 changes role from null to FOLLOWER at term 0 for startAsFollower
2019-09-20 10:25:46,621 [pool-419-thread-1] INFO  impl.RoleInfo (RoleInfo.java:updateAndGet(143)) - 0d89bd5b-f1f0-4d05-b956-8c5f0ef5931a: start FollowerState
2019-09-20 10:25:46,621 [pool-419-thread-1] INFO  util.JmxRegister (JmxRegister.java:tryRegister(44)) - Successfully registered JMX Bean with object name Ratis:service=RaftServer,group=group-0C1843321C71,id=0d89bd5b-f1f0-4d05-b956-8c5f0ef5931a
2019-09-20 10:25:46,625 [RatisPipelineUtilsThread] INFO  pipeline.PipelineStateManager (PipelineStateManager.java:addPipeline(56)) - Created pipeline Pipeline[ Id: 22f56ee0-0796-4f85-9342-0c1843321c71, Nodes: 0d89bd5b-f1f0-4d05-b956-8c5f0ef5931a{ip: 192.168.36.99, host: pr-hdds-1569-p5fx8-1226042367, networkLocation: /default-rack, certSerialId: null}, Type:RATIS, Factor:ONE, State:OPEN]
2019-09-20 10:25:46,625 [RatisPipelineUtilsThread] INFO  pipeline.PipelinePlacementPolicy (PipelinePlacementPolicy.java:meetCriteria(91)) - Pipeline Placement: Doesn't meet the criteria to be viable node： 6f3631be-ef72-40c3-a17d-cb6a2edd0adf Heaviness: 6 limit: 5
2019-09-20 10:25:46,630 [grpc-default-executor-4] INFO  impl.RaftServerProxy (RaftServerProxy.java:addNew(89)) - 0d89bd5b-f1f0-4d05-b956-8c5f0ef5931a: addNew group-08B9E8E3B9D8:[0d89bd5b-f1f0-4d05-b956-8c5f0ef5931a:192.168.36.99:35767] returns group-08B9E8E3B9D8:java.util.concurrent.CompletableFuture@3762e0bc[Not completed]
2019-09-20 10:25:46,631 [pool-419-thread-1] INFO  impl.RaftServerImpl (RaftServerImpl.java:<init>(93)) - 0d89bd5b-f1f0-4d05-b956-8c5f0ef5931a: new RaftServerImpl for group-08B9E8E3B9D8:[0d89bd5b-f1f0-4d05-b956-8c5f0ef5931a:192.168.36.99:35767] with ContainerStateMachine:uninitialized
2019-09-20 10:25:46,631 [pool-419-thread-1] INFO  server.RaftServerConfigKeys (ConfUtils.java:logGet(43)) - raft.server.rpc.timeout.min = 5s (custom)
2019-09-20 10:25:46,631 [pool-419-thread-1] INFO  server.RaftServerConfigKeys (ConfUtils.java:logGet(43)) - raft.server.rpc.timeout.max = 5200ms (custom)
2019-09-20 10:25:46,631 [pool-419-thread-1] INFO  server.RaftServerConfigKeys (ConfUtils.java:logGet(43)) - raft.server.rpcslowness.timeout = 120s (custom)
2019-09-20 10:25:46,631 [pool-419-thread-1] INFO  server.RaftServerConfigKeys (ConfUtils.java:logGet(43)) - raft.server.sleep.deviation.threshold = 300 (default)
2019-09-20 10:25:46,632 [pool-419-thread-1] INFO  server.RaftServerConfigKeys (ConfUtils.java:logGet(43)) - raft.server.log.appender.install.snapshot.enabled = false (custom)
2019-09-20 10:25:46,632 [pool-419-thread-1] INFO  impl.RaftServerImpl (ServerState.java:<init>(105)) - 0d89bd5b-f1f0-4d05-b956-8c5f0ef5931a:group-08B9E8E3B9D8 ConfigurationManager, init=-1: [0d89bd5b-f1f0-4d05-b956-8c5f0ef5931a:192.168.36.99:35767], old=null, confs=<EMPTY_MAP>
2019-09-20 10:25:46,632 [pool-419-thread-1] INFO  server.RaftServerConfigKeys (ConfUtils.java:logGet(43)) - raft.server.storage.dir = [/workdir/hadoop-ozone/integration-test/target/test-dir/MiniOzoneClusterImpl-023400ba-597c-4990-9952-187ab727187d/datanode-1/data/ratis] (custom)
2019-09-20 10:25:46,632 [pool-419-thread-1] INFO  storage.RaftStorageDirectory (RaftStorageDirectory.java:analyzeStorage(246)) - The storage directory /workdir/hadoop-ozone/integration-test/target/test-dir/MiniOzoneClusterImpl-023400ba-597c-4990-9952-187ab727187d/datanode-1/data/ratis/5ef56669-c932-4392-be7f-08b9e8e3b9d8 does not exist. Creating ...
2019-09-20 10:25:46,658 [pool-419-thread-1] INFO  storage.RaftStorageDirectory (RaftStorageDirectory.java:tryLock(328)) - Lock on /workdir/hadoop-ozone/integration-test/target/test-dir/MiniOzoneClusterImpl-023400ba-597c-4990-9952-187ab727187d/datanode-1/data/ratis/5ef56669-c932-4392-be7f-08b9e8e3b9d8/in_use.lock acquired by nodename 28506@pr-hdds-1569-p5fx8-1226042367
2019-09-20 10:25:46,684 [pool-419-thread-1] INFO  storage.RaftStorage (RaftStorage.java:format(72)) - Storage directory /workdir/hadoop-ozone/integration-test/target/test-dir/MiniOzoneClusterImpl-023400ba-597c-4990-9952-187ab727187d/datanode-1/data/ratis/5ef56669-c932-4392-be7f-08b9e8e3b9d8 has been successfully formatted.
2019-09-20 10:25:46,684 [pool-419-thread-1] INFO  ratis.ContainerStateMachine (ContainerStateMachine.java:loadSnapshot(226)) - group-08B9E8E3B9D8: The snapshot info is null. Setting the last applied indexto:(t:0, i:~)
2019-09-20 10:25:46,684 [pool-419-thread-1] INFO  server.RaftServerConfigKeys (ConfUtils.java:logGet(43)) - raft.server.leader.election.timeout = 120s (custom)
2019-09-20 10:25:46,685 [pool-419-thread-1] INFO  server.RaftServerConfigKeys (ConfUtils.java:logGet(43)) - raft.server.log.use.memory = false (default)
2019-09-20 10:25:46,685 [pool-419-thread-1] INFO  server.RaftServerConfigKeys (ConfUtils.java:logGet(43)) - raft.server.log.purge.gap = 1000000 (custom)
2019-09-20 10:25:46,685 [pool-419-thread-1] INFO  server.RaftServerConfigKeys (ConfUtils.java:logGet(43)) - raft.server.log.appender.buffer.byte-limit = 33554432 (custom)
2019-09-20 10:25:46,685 [pool-419-thread-1] INFO  server.RaftServerConfigKeys (ConfUtils.java:logGet(43)) - raft.server.log.segment.size.max = 1048576 (custom)
2019-09-20 10:25:46,685 [pool-419-thread-1] INFO  server.RaftServerConfigKeys (ConfUtils.java:logGet(43)) - raft.server.log.segment.cache.num.max = 2 (custom)
2019-09-20 10:25:46,685 [pool-419-thread-1] INFO  segmented.SegmentedRaftLogWorker (SegmentedRaftLogWorker.java:<init>(172)) - new 0d89bd5b-f1f0-4d05-b956-8c5f0ef5931a-SegmentedRaftLogWorker:Storage Directory /workdir/hadoop-ozone/integration-test/target/test-dir/MiniOzoneClusterImpl-023400ba-597c-4990-9952-187ab727187d/datanode-1/data/ratis/5ef56669-c932-4392-be7f-08b9e8e3b9d8 for RaftStorage:Storage Directory /workdir/hadoop-ozone/integration-test/target/test-dir/MiniOzoneClusterImpl-023400ba-597c-4990-9952-187ab727187d/datanode-1/data/ratis/5ef56669-c932-4392-be7f-08b9e8e3b9d8
2019-09-20 10:25:46,686 [pool-419-thread-1] INFO  server.RaftServerConfigKeys (ConfUtils.java:logGet(43)) - raft.server.log.queue.byte-limit = 2147483647 (custom)
2019-09-20 10:25:46,686 [pool-419-thread-1] INFO  server.RaftServerConfigKeys (ConfUtils.java:logGet(43)) - raft.server.log.queue.element-limit = 1024 (custom)
2019-09-20 10:25:46,686 [pool-419-thread-1] INFO  server.RaftServerConfigKeys (ConfUtils.java:logGet(43)) - raft.server.log.segment.size.max = 1048576 (custom)
2019-09-20 10:25:46,686 [pool-419-thread-1] INFO  server.RaftServerConfigKeys (ConfUtils.java:logGet(43)) - raft.server.log.preallocated.size = 16384 (custom)
2019-09-20 10:25:46,686 [pool-419-thread-1] INFO  server.RaftServerConfigKeys (ConfUtils.java:logGet(43)) - raft.server.log.write.buffer.size = 33554432 (custom)
2019-09-20 10:25:46,686 [pool-419-thread-1] INFO  server.RaftServerConfigKeys (ConfUtils.java:logGet(43)) - raft.server.log.force.sync.num = 128 (default)
2019-09-20 10:25:46,686 [pool-419-thread-1] INFO  server.RaftServerConfigKeys (ConfUtils.java:logGet(43)) - raft.server.log.statemachine.data.sync = true (default)
2019-09-20 10:25:46,687 [pool-419-thread-1] INFO  server.RaftServerConfigKeys (ConfUtils.java:logGet(43)) - raft.server.log.statemachine.data.sync.timeout = 10s (default)
2019-09-20 10:25:46,687 [pool-419-thread-1] INFO  server.RaftServerConfigKeys (ConfUtils.java:logGet(43)) - raft.server.log.statemachine.data.sync.timeout.retry = -1 (default)
2019-09-20 10:25:46,687 [pool-419-thread-1] INFO  server.RaftServerConfigKeys (ConfUtils.java:logGet(43)) - raft.server.log.statemachine.data.caching.enabled = true (custom)
2019-09-20 10:25:46,687 [pool-419-thread-1] INFO  segmented.SegmentedRaftLogWorker (SegmentedRaftLogWorker.java:lambda$new$0(132)) - 0d89bd5b-f1f0-4d05-b956-8c5f0ef5931a-SegmentedRaftLogWorker:Storage Directory /workdir/hadoop-ozone/integration-test/target/test-dir/MiniOzoneClusterImpl-023400ba-597c-4990-9952-187ab727187d/datanode-1/data/ratis/5ef56669-c932-4392-be7f-08b9e8e3b9d8: flushIndex: setUnconditionally 0 -> -1
2019-09-20 10:25:46,688 [pool-419-thread-1] INFO  server.RaftServerConfigKeys (ConfUtils.java:logGet(43)) - raft.server.snapshot.auto.trigger.enabled = true (custom)
2019-09-20 10:25:46,688 [pool-419-thread-1] INFO  server.RaftServerConfigKeys (ConfUtils.java:logGet(43)) - raft.server.snapshot.auto.trigger.threshold = 10000 (custom)
2019-09-20 10:25:46,688 [pool-419-thread-1] INFO  server.RaftServerConfigKeys (ConfUtils.java:logGet(43)) - raft.server.retrycache.expirytime = 600000ms (custom)
2019-09-20 10:25:46,688 [pool-419-thread-1] INFO  impl.RaftServerImpl (RaftServerImpl.java:start(180)) - 0d89bd5b-f1f0-4d05-b956-8c5f0ef5931a: start group-08B9E8E3B9D8
2019-09-20 10:25:46,688 [pool-419-thread-1] INFO  impl.RaftServerImpl (RaftServerImpl.java:setRole(171)) - 0d89bd5b-f1f0-4d05-b956-8c5f0ef5931a:group-08B9E8E3B9D8 changes role from null to FOLLOWER at term 0 for startAsFollower
2019-09-20 10:25:46,689 [pool-419-thread-1] INFO  impl.RoleInfo (RoleInfo.java:updateAndGet(143)) - 0d89bd5b-f1f0-4d05-b956-8c5f0ef5931a: start FollowerState
2019-09-20 10:25:46,689 [pool-419-thread-1] INFO  util.JmxRegister (JmxRegister.java:tryRegister(44)) - Successfully registered JMX Bean with object name Ratis:service=RaftServer,group=group-08B9E8E3B9D8,id=0d89bd5b-f1f0-4d05-b956-8c5f0ef5931a
2019-09-20 10:25:46,691 [RatisPipelineUtilsThread] INFO  pipeline.PipelineStateManager (PipelineStateManager.java:addPipeline(56)) - Created pipeline Pipeline[ Id: 5ef56669-c932-4392-be7f-08b9e8e3b9d8, Nodes: 0d89bd5b-f1f0-4d05-b956-8c5f0ef5931a{ip: 192.168.36.99, host: pr-hdds-1569-p5fx8-1226042367, networkLocation: /default-rack, certSerialId: null}, Type:RATIS, Factor:ONE, State:OPEN]
2019-09-20 10:25:46,691 [RatisPipelineUtilsThread] INFO  pipeline.PipelinePlacementPolicy (PipelinePlacementPolicy.java:meetCriteria(91)) - Pipeline Placement: Doesn't meet the criteria to be viable node： 6f3631be-ef72-40c3-a17d-cb6a2edd0adf Heaviness: 6 limit: 5
2019-09-20 10:25:46,696 [grpc-default-executor-4] INFO  impl.RaftServerProxy (RaftServerProxy.java:addNew(89)) - 0d89bd5b-f1f0-4d05-b956-8c5f0ef5931a: addNew group-72031C585BF5:[0d89bd5b-f1f0-4d05-b956-8c5f0ef5931a:192.168.36.99:35767] returns group-72031C585BF5:java.util.concurrent.CompletableFuture@44c29724[Not completed]
2019-09-20 10:25:46,697 [pool-419-thread-1] INFO  impl.RaftServerImpl (RaftServerImpl.java:<init>(93)) - 0d89bd5b-f1f0-4d05-b956-8c5f0ef5931a: new RaftServerImpl for group-72031C585BF5:[0d89bd5b-f1f0-4d05-b956-8c5f0ef5931a:192.168.36.99:35767] with ContainerStateMachine:uninitialized
2019-09-20 10:25:46,697 [pool-419-thread-1] INFO  server.RaftServerConfigKeys (ConfUtils.java:logGet(43)) - raft.server.rpc.timeout.min = 5s (custom)
2019-09-20 10:25:46,697 [pool-419-thread-1] INFO  server.RaftServerConfigKeys (ConfUtils.java:logGet(43)) - raft.server.rpc.timeout.max = 5200ms (custom)
2019-09-20 10:25:46,697 [pool-419-thread-1] INFO  server.RaftServerConfigKeys (ConfUtils.java:logGet(43)) - raft.server.rpcslowness.timeout = 120s (custom)
2019-09-20 10:25:46,697 [pool-419-thread-1] INFO  server.RaftServerConfigKeys (ConfUtils.java:logGet(43)) - raft.server.sleep.deviation.threshold = 300 (default)
2019-09-20 10:25:46,697 [pool-419-thread-1] INFO  server.RaftServerConfigKeys (ConfUtils.java:logGet(43)) - raft.server.log.appender.install.snapshot.enabled = false (custom)
2019-09-20 10:25:46,698 [pool-419-thread-1] INFO  impl.RaftServerImpl (ServerState.java:<init>(105)) - 0d89bd5b-f1f0-4d05-b956-8c5f0ef5931a:group-72031C585BF5 ConfigurationManager, init=-1: [0d89bd5b-f1f0-4d05-b956-8c5f0ef5931a:192.168.36.99:35767], old=null, confs=<EMPTY_MAP>
2019-09-20 10:25:46,698 [pool-419-thread-1] INFO  server.RaftServerConfigKeys (ConfUtils.java:logGet(43)) - raft.server.storage.dir = [/workdir/hadoop-ozone/integration-test/target/test-dir/MiniOzoneClusterImpl-023400ba-597c-4990-9952-187ab727187d/datanode-1/data/ratis] (custom)
2019-09-20 10:25:46,698 [pool-419-thread-1] INFO  storage.RaftStorageDirectory (RaftStorageDirectory.java:analyzeStorage(246)) - The storage directory /workdir/hadoop-ozone/integration-test/target/test-dir/MiniOzoneClusterImpl-023400ba-597c-4990-9952-187ab727187d/datanode-1/data/ratis/4fbf0463-2d41-47d9-8366-72031c585bf5 does not exist. Creating ...
2019-09-20 10:25:46,700 [main] INFO  ozone.MiniOzoneClusterImpl (MiniOzoneClusterImpl.java:lambda$waitForClusterToBeReady$0(142)) - Waiting for cluster to be ready. Got 2 of 7 DN Heartbeats.
2019-09-20 10:25:46,702 | INFO  | SCMAudit | user=jenkins1000 | ip=192.168.36.99 | op=GET_VERSION null | ret=SUCCESS |  
2019-09-20 10:25:46,718 [pool-419-thread-1] INFO  storage.RaftStorageDirectory (RaftStorageDirectory.java:tryLock(328)) - Lock on /workdir/hadoop-ozone/integration-test/target/test-dir/MiniOzoneClusterImpl-023400ba-597c-4990-9952-187ab727187d/datanode-1/data/ratis/4fbf0463-2d41-47d9-8366-72031c585bf5/in_use.lock acquired by nodename 28506@pr-hdds-1569-p5fx8-1226042367
2019-09-20 10:25:46,718 [Datanode State Machine Thread - 0] INFO  ozoneimpl.OzoneContainer (OzoneContainer.java:start(186)) - Attempting to start container services.
2019-09-20 10:25:46,718 [Datanode State Machine Thread - 0] INFO  ozoneimpl.OzoneContainer (OzoneContainer.java:startContainerScrub(160)) - Background container scrubber has been disabled by hdds.containerscrub.enabled
2019-09-20 10:25:46,718 [Datanode State Machine Thread - 0] INFO  ratis.XceiverServerRatis (XceiverServerRatis.java:start(404)) - Starting XceiverServerRatis a6d30058-a720-446f-9c7b-24e660d27087 at port 0
2019-09-20 10:25:46,726 [Datanode State Machine Thread - 0] INFO  impl.RaftServerProxy (RaftServerProxy.java:lambda$start$3(299)) - a6d30058-a720-446f-9c7b-24e660d27087: start RPC server
2019-09-20 10:25:46,727 [Datanode State Machine Thread - 0] INFO  server.GrpcService (GrpcService.java:startImpl(149)) - a6d30058-a720-446f-9c7b-24e660d27087: GrpcService started, listening on 0.0.0.0/0.0.0.0:33555
2019-09-20 10:25:46,727 [Datanode State Machine Thread - 0] INFO  ratis.XceiverServerRatis (XceiverServerRatis.java:start(414)) - XceiverServerRatis a6d30058-a720-446f-9c7b-24e660d27087 is started using port 33555
2019-09-20 10:25:46,728 [Datanode State Machine Thread - 0] INFO  server.XceiverServerGrpc (XceiverServerGrpc.java:start(163)) - XceiverServerGrpc a6d30058-a720-446f-9c7b-24e660d27087 is started using port 36570
2019-09-20 10:25:46,735 [pool-419-thread-1] INFO  storage.RaftStorage (RaftStorage.java:format(72)) - Storage directory /workdir/hadoop-ozone/integration-test/target/test-dir/MiniOzoneClusterImpl-023400ba-597c-4990-9952-187ab727187d/datanode-1/data/ratis/4fbf0463-2d41-47d9-8366-72031c585bf5 has been successfully formatted.
2019-09-20 10:25:46,735 [pool-419-thread-1] INFO  ratis.ContainerStateMachine (ContainerStateMachine.java:loadSnapshot(226)) - group-72031C585BF5: The snapshot info is null. Setting the last applied indexto:(t:0, i:~)
2019-09-20 10:25:46,735 [pool-419-thread-1] INFO  server.RaftServerConfigKeys (ConfUtils.java:logGet(43)) - raft.server.leader.election.timeout = 120s (custom)
2019-09-20 10:25:46,735 [pool-419-thread-1] INFO  server.RaftServerConfigKeys (ConfUtils.java:logGet(43)) - raft.server.log.use.memory = false (default)
2019-09-20 10:25:46,736 [pool-419-thread-1] INFO  server.RaftServerConfigKeys (ConfUtils.java:logGet(43)) - raft.server.log.purge.gap = 1000000 (custom)
2019-09-20 10:25:46,736 [pool-419-thread-1] INFO  server.RaftServerConfigKeys (ConfUtils.java:logGet(43)) - raft.server.log.appender.buffer.byte-limit = 33554432 (custom)
2019-09-20 10:25:46,736 [pool-419-thread-1] INFO  server.RaftServerConfigKeys (ConfUtils.java:logGet(43)) - raft.server.log.segment.size.max = 1048576 (custom)
2019-09-20 10:25:46,736 [pool-419-thread-1] INFO  server.RaftServerConfigKeys (ConfUtils.java:logGet(43)) - raft.server.log.segment.cache.num.max = 2 (custom)
2019-09-20 10:25:46,736 [pool-419-thread-1] INFO  segmented.SegmentedRaftLogWorker (SegmentedRaftLogWorker.java:<init>(172)) - new 0d89bd5b-f1f0-4d05-b956-8c5f0ef5931a-SegmentedRaftLogWorker:Storage Directory /workdir/hadoop-ozone/integration-test/target/test-dir/MiniOzoneClusterImpl-023400ba-597c-4990-9952-187ab727187d/datanode-1/data/ratis/4fbf0463-2d41-47d9-8366-72031c585bf5 for RaftStorage:Storage Directory /workdir/hadoop-ozone/integration-test/target/test-dir/MiniOzoneClusterImpl-023400ba-597c-4990-9952-187ab727187d/datanode-1/data/ratis/4fbf0463-2d41-47d9-8366-72031c585bf5
2019-09-20 10:25:46,736 [pool-419-thread-1] INFO  server.RaftServerConfigKeys (ConfUtils.java:logGet(43)) - raft.server.log.queue.byte-limit = 2147483647 (custom)
2019-09-20 10:25:46,736 [pool-419-thread-1] INFO  server.RaftServerConfigKeys (ConfUtils.java:logGet(43)) - raft.server.log.queue.element-limit = 1024 (custom)
2019-09-20 10:25:46,737 [pool-419-thread-1] INFO  server.RaftServerConfigKeys (ConfUtils.java:logGet(43)) - raft.server.log.segment.size.max = 1048576 (custom)
2019-09-20 10:25:46,737 [pool-419-thread-1] INFO  server.RaftServerConfigKeys (ConfUtils.java:logGet(43)) - raft.server.log.preallocated.size = 16384 (custom)
2019-09-20 10:25:46,737 [pool-419-thread-1] INFO  server.RaftServerConfigKeys (ConfUtils.java:logGet(43)) - raft.server.log.write.buffer.size = 33554432 (custom)
2019-09-20 10:25:46,737 [pool-419-thread-1] INFO  server.RaftServerConfigKeys (ConfUtils.java:logGet(43)) - raft.server.log.force.sync.num = 128 (default)
2019-09-20 10:25:46,737 [pool-419-thread-1] INFO  server.RaftServerConfigKeys (ConfUtils.java:logGet(43)) - raft.server.log.statemachine.data.sync = true (default)
2019-09-20 10:25:46,737 [pool-419-thread-1] INFO  server.RaftServerConfigKeys (ConfUtils.java:logGet(43)) - raft.server.log.statemachine.data.sync.timeout = 10s (default)
2019-09-20 10:25:46,738 [pool-419-thread-1] INFO  server.RaftServerConfigKeys (ConfUtils.java:logGet(43)) - raft.server.log.statemachine.data.sync.timeout.retry = -1 (default)
2019-09-20 10:25:46,738 [pool-419-thread-1] INFO  server.RaftServerConfigKeys (ConfUtils.java:logGet(43)) - raft.server.log.statemachine.data.caching.enabled = true (custom)
2019-09-20 10:25:46,738 [pool-419-thread-1] INFO  segmented.SegmentedRaftLogWorker (SegmentedRaftLogWorker.java:lambda$new$0(132)) - 0d89bd5b-f1f0-4d05-b956-8c5f0ef5931a-SegmentedRaftLogWorker:Storage Directory /workdir/hadoop-ozone/integration-test/target/test-dir/MiniOzoneClusterImpl-023400ba-597c-4990-9952-187ab727187d/datanode-1/data/ratis/4fbf0463-2d41-47d9-8366-72031c585bf5: flushIndex: setUnconditionally 0 -> -1
2019-09-20 10:25:46,738 [pool-419-thread-1] INFO  server.RaftServerConfigKeys (ConfUtils.java:logGet(43)) - raft.server.snapshot.auto.trigger.enabled = true (custom)
2019-09-20 10:25:46,738 [pool-419-thread-1] INFO  server.RaftServerConfigKeys (ConfUtils.java:logGet(43)) - raft.server.snapshot.auto.trigger.threshold = 10000 (custom)
2019-09-20 10:25:46,739 [pool-419-thread-1] INFO  server.RaftServerConfigKeys (ConfUtils.java:logGet(43)) - raft.server.retrycache.expirytime = 600000ms (custom)
2019-09-20 10:25:46,739 [pool-419-thread-1] INFO  impl.RaftServerImpl (RaftServerImpl.java:start(180)) - 0d89bd5b-f1f0-4d05-b956-8c5f0ef5931a: start group-72031C585BF5
2019-09-20 10:25:46,739 [pool-419-thread-1] INFO  impl.RaftServerImpl (RaftServerImpl.java:setRole(171)) - 0d89bd5b-f1f0-4d05-b956-8c5f0ef5931a:group-72031C585BF5 changes role from null to FOLLOWER at term 0 for startAsFollower
2019-09-20 10:25:46,739 [pool-419-thread-1] INFO  impl.RoleInfo (RoleInfo.java:updateAndGet(143)) - 0d89bd5b-f1f0-4d05-b956-8c5f0ef5931a: start FollowerState
2019-09-20 10:25:46,739 [pool-419-thread-1] INFO  util.JmxRegister (JmxRegister.java:tryRegister(44)) - Successfully registered JMX Bean with object name Ratis:service=RaftServer,group=group-72031C585BF5,id=0d89bd5b-f1f0-4d05-b956-8c5f0ef5931a
2019-09-20 10:25:46,742 [RatisPipelineUtilsThread] INFO  pipeline.PipelineStateManager (PipelineStateManager.java:addPipeline(56)) - Created pipeline Pipeline[ Id: 4fbf0463-2d41-47d9-8366-72031c585bf5, Nodes: 0d89bd5b-f1f0-4d05-b956-8c5f0ef5931a{ip: 192.168.36.99, host: pr-hdds-1569-p5fx8-1226042367, networkLocation: /default-rack, certSerialId: null}, Type:RATIS, Factor:ONE, State:OPEN]
2019-09-20 10:25:46,742 [RatisPipelineUtilsThread] INFO  pipeline.PipelinePlacementPolicy (PipelinePlacementPolicy.java:meetCriteria(91)) - Pipeline Placement: Doesn't meet the criteria to be viable node： 6f3631be-ef72-40c3-a17d-cb6a2edd0adf Heaviness: 6 limit: 5
2019-09-20 10:25:46,746 [grpc-default-executor-4] INFO  impl.RaftServerProxy (RaftServerProxy.java:addNew(89)) - 0d89bd5b-f1f0-4d05-b956-8c5f0ef5931a: addNew group-B59F4D35FD01:[0d89bd5b-f1f0-4d05-b956-8c5f0ef5931a:192.168.36.99:35767] returns group-B59F4D35FD01:java.util.concurrent.CompletableFuture@5ac96457[Not completed]
2019-09-20 10:25:46,747 [pool-419-thread-1] INFO  impl.RaftServerImpl (RaftServerImpl.java:<init>(93)) - 0d89bd5b-f1f0-4d05-b956-8c5f0ef5931a: new RaftServerImpl for group-B59F4D35FD01:[0d89bd5b-f1f0-4d05-b956-8c5f0ef5931a:192.168.36.99:35767] with ContainerStateMachine:uninitialized
2019-09-20 10:25:46,747 [pool-419-thread-1] INFO  server.RaftServerConfigKeys (ConfUtils.java:logGet(43)) - raft.server.rpc.timeout.min = 5s (custom)
2019-09-20 10:25:46,748 [pool-419-thread-1] INFO  server.RaftServerConfigKeys (ConfUtils.java:logGet(43)) - raft.server.rpc.timeout.max = 5200ms (custom)
2019-09-20 10:25:46,748 [pool-419-thread-1] INFO  server.RaftServerConfigKeys (ConfUtils.java:logGet(43)) - raft.server.rpcslowness.timeout = 120s (custom)
2019-09-20 10:25:46,748 [pool-419-thread-1] INFO  server.RaftServerConfigKeys (ConfUtils.java:logGet(43)) - raft.server.sleep.deviation.threshold = 300 (default)
2019-09-20 10:25:46,748 [pool-419-thread-1] INFO  server.RaftServerConfigKeys (ConfUtils.java:logGet(43)) - raft.server.log.appender.install.snapshot.enabled = false (custom)
2019-09-20 10:25:46,748 [pool-419-thread-1] INFO  impl.RaftServerImpl (ServerState.java:<init>(105)) - 0d89bd5b-f1f0-4d05-b956-8c5f0ef5931a:group-B59F4D35FD01 ConfigurationManager, init=-1: [0d89bd5b-f1f0-4d05-b956-8c5f0ef5931a:192.168.36.99:35767], old=null, confs=<EMPTY_MAP>
2019-09-20 10:25:46,748 [pool-419-thread-1] INFO  server.RaftServerConfigKeys (ConfUtils.java:logGet(43)) - raft.server.storage.dir = [/workdir/hadoop-ozone/integration-test/target/test-dir/MiniOzoneClusterImpl-023400ba-597c-4990-9952-187ab727187d/datanode-1/data/ratis] (custom)
2019-09-20 10:25:46,749 [pool-419-thread-1] INFO  storage.RaftStorageDirectory (RaftStorageDirectory.java:analyzeStorage(246)) - The storage directory /workdir/hadoop-ozone/integration-test/target/test-dir/MiniOzoneClusterImpl-023400ba-597c-4990-9952-187ab727187d/datanode-1/data/ratis/d0f601ad-1ec6-4b64-b087-b59f4d35fd01 does not exist. Creating ...
2019-09-20 10:25:46,768 [pool-419-thread-1] INFO  storage.RaftStorageDirectory (RaftStorageDirectory.java:tryLock(328)) - Lock on /workdir/hadoop-ozone/integration-test/target/test-dir/MiniOzoneClusterImpl-023400ba-597c-4990-9952-187ab727187d/datanode-1/data/ratis/d0f601ad-1ec6-4b64-b087-b59f4d35fd01/in_use.lock acquired by nodename 28506@pr-hdds-1569-p5fx8-1226042367
2019-09-20 10:25:46,802 [pool-419-thread-1] INFO  storage.RaftStorage (RaftStorage.java:format(72)) - Storage directory /workdir/hadoop-ozone/integration-test/target/test-dir/MiniOzoneClusterImpl-023400ba-597c-4990-9952-187ab727187d/datanode-1/data/ratis/d0f601ad-1ec6-4b64-b087-b59f4d35fd01 has been successfully formatted.
2019-09-20 10:25:46,803 [pool-419-thread-1] INFO  ratis.ContainerStateMachine (ContainerStateMachine.java:loadSnapshot(226)) - group-B59F4D35FD01: The snapshot info is null. Setting the last applied indexto:(t:0, i:~)
2019-09-20 10:25:46,803 [pool-419-thread-1] INFO  server.RaftServerConfigKeys (ConfUtils.java:logGet(43)) - raft.server.leader.election.timeout = 120s (custom)
2019-09-20 10:25:46,803 [pool-419-thread-1] INFO  server.RaftServerConfigKeys (ConfUtils.java:logGet(43)) - raft.server.log.use.memory = false (default)
2019-09-20 10:25:46,803 [pool-419-thread-1] INFO  server.RaftServerConfigKeys (ConfUtils.java:logGet(43)) - raft.server.log.purge.gap = 1000000 (custom)
2019-09-20 10:25:46,803 [pool-419-thread-1] INFO  server.RaftServerConfigKeys (ConfUtils.java:logGet(43)) - raft.server.log.appender.buffer.byte-limit = 33554432 (custom)
2019-09-20 10:25:46,803 [pool-419-thread-1] INFO  server.RaftServerConfigKeys (ConfUtils.java:logGet(43)) - raft.server.log.segment.size.max = 1048576 (custom)
2019-09-20 10:25:46,804 [pool-419-thread-1] INFO  server.RaftServerConfigKeys (ConfUtils.java:logGet(43)) - raft.server.log.segment.cache.num.max = 2 (custom)
2019-09-20 10:25:46,804 [pool-419-thread-1] INFO  segmented.SegmentedRaftLogWorker (SegmentedRaftLogWorker.java:<init>(172)) - new 0d89bd5b-f1f0-4d05-b956-8c5f0ef5931a-SegmentedRaftLogWorker:Storage Directory /workdir/hadoop-ozone/integration-test/target/test-dir/MiniOzoneClusterImpl-023400ba-597c-4990-9952-187ab727187d/datanode-1/data/ratis/d0f601ad-1ec6-4b64-b087-b59f4d35fd01 for RaftStorage:Storage Directory /workdir/hadoop-ozone/integration-test/target/test-dir/MiniOzoneClusterImpl-023400ba-597c-4990-9952-187ab727187d/datanode-1/data/ratis/d0f601ad-1ec6-4b64-b087-b59f4d35fd01
2019-09-20 10:25:46,804 [pool-419-thread-1] INFO  server.RaftServerConfigKeys (ConfUtils.java:logGet(43)) - raft.server.log.queue.byte-limit = 2147483647 (custom)
2019-09-20 10:25:46,804 [pool-419-thread-1] INFO  server.RaftServerConfigKeys (ConfUtils.java:logGet(43)) - raft.server.log.queue.element-limit = 1024 (custom)
2019-09-20 10:25:46,804 [pool-419-thread-1] INFO  server.RaftServerConfigKeys (ConfUtils.java:logGet(43)) - raft.server.log.segment.size.max = 1048576 (custom)
2019-09-20 10:25:46,804 [pool-419-thread-1] INFO  server.RaftServerConfigKeys (ConfUtils.java:logGet(43)) - raft.server.log.preallocated.size = 16384 (custom)
2019-09-20 10:25:46,804 [pool-419-thread-1] INFO  server.RaftServerConfigKeys (ConfUtils.java:logGet(43)) - raft.server.log.write.buffer.size = 33554432 (custom)
2019-09-20 10:25:46,805 [pool-419-thread-1] INFO  server.RaftServerConfigKeys (ConfUtils.java:logGet(43)) - raft.server.log.force.sync.num = 128 (default)
2019-09-20 10:25:46,805 [pool-419-thread-1] INFO  server.RaftServerConfigKeys (ConfUtils.java:logGet(43)) - raft.server.log.statemachine.data.sync = true (default)
2019-09-20 10:25:46,805 [pool-419-thread-1] INFO  server.RaftServerConfigKeys (ConfUtils.java:logGet(43)) - raft.server.log.statemachine.data.sync.timeout = 10s (default)
2019-09-20 10:25:46,805 [pool-419-thread-1] INFO  server.RaftServerConfigKeys (ConfUtils.java:logGet(43)) - raft.server.log.statemachine.data.sync.timeout.retry = -1 (default)
2019-09-20 10:25:46,805 [pool-419-thread-1] INFO  server.RaftServerConfigKeys (ConfUtils.java:logGet(43)) - raft.server.log.statemachine.data.caching.enabled = true (custom)
2019-09-20 10:25:46,806 [pool-419-thread-1] INFO  segmented.SegmentedRaftLogWorker (SegmentedRaftLogWorker.java:lambda$new$0(132)) - 0d89bd5b-f1f0-4d05-b956-8c5f0ef5931a-SegmentedRaftLogWorker:Storage Directory /workdir/hadoop-ozone/integration-test/target/test-dir/MiniOzoneClusterImpl-023400ba-597c-4990-9952-187ab727187d/datanode-1/data/ratis/d0f601ad-1ec6-4b64-b087-b59f4d35fd01: flushIndex: setUnconditionally 0 -> -1
2019-09-20 10:25:46,806 [pool-419-thread-1] INFO  server.RaftServerConfigKeys (ConfUtils.java:logGet(43)) - raft.server.snapshot.auto.trigger.enabled = true (custom)
2019-09-20 10:25:46,806 [pool-419-thread-1] INFO  server.RaftServerConfigKeys (ConfUtils.java:logGet(43)) - raft.server.snapshot.auto.trigger.threshold = 10000 (custom)
2019-09-20 10:25:46,806 [pool-419-thread-1] INFO  server.RaftServerConfigKeys (ConfUtils.java:logGet(43)) - raft.server.retrycache.expirytime = 600000ms (custom)
2019-09-20 10:25:46,807 [pool-419-thread-1] INFO  impl.RaftServerImpl (RaftServerImpl.java:start(180)) - 0d89bd5b-f1f0-4d05-b956-8c5f0ef5931a: start group-B59F4D35FD01
2019-09-20 10:25:46,807 [pool-419-thread-1] INFO  impl.RaftServerImpl (RaftServerImpl.java:setRole(171)) - 0d89bd5b-f1f0-4d05-b956-8c5f0ef5931a:group-B59F4D35FD01 changes role from null to FOLLOWER at term 0 for startAsFollower
2019-09-20 10:25:46,807 [pool-419-thread-1] INFO  impl.RoleInfo (RoleInfo.java:updateAndGet(143)) - 0d89bd5b-f1f0-4d05-b956-8c5f0ef5931a: start FollowerState
2019-09-20 10:25:46,807 [pool-419-thread-1] INFO  util.JmxRegister (JmxRegister.java:tryRegister(44)) - Successfully registered JMX Bean with object name Ratis:service=RaftServer,group=group-B59F4D35FD01,id=0d89bd5b-f1f0-4d05-b956-8c5f0ef5931a
2019-09-20 10:25:46,810 [RatisPipelineUtilsThread] INFO  pipeline.PipelineStateManager (PipelineStateManager.java:addPipeline(56)) - Created pipeline Pipeline[ Id: d0f601ad-1ec6-4b64-b087-b59f4d35fd01, Nodes: 0d89bd5b-f1f0-4d05-b956-8c5f0ef5931a{ip: 192.168.36.99, host: pr-hdds-1569-p5fx8-1226042367, networkLocation: /default-rack, certSerialId: null}, Type:RATIS, Factor:ONE, State:OPEN]
2019-09-20 10:25:46,810 [RatisPipelineUtilsThread] INFO  pipeline.PipelinePlacementPolicy (PipelinePlacementPolicy.java:meetCriteria(91)) - Pipeline Placement: Doesn't meet the criteria to be viable node： 0d89bd5b-f1f0-4d05-b956-8c5f0ef5931a Heaviness: 6 limit: 5
2019-09-20 10:25:46,810 [RatisPipelineUtilsThread] INFO  pipeline.PipelinePlacementPolicy (PipelinePlacementPolicy.java:meetCriteria(91)) - Pipeline Placement: Doesn't meet the criteria to be viable node： 6f3631be-ef72-40c3-a17d-cb6a2edd0adf Heaviness: 6 limit: 5
2019-09-20 10:25:46,811 [RatisPipelineUtilsThread] ERROR pipeline.PipelinePlacementPolicy (PipelinePlacementPolicy.java:filterViableNodes(148)) - Unable to find enough nodes that meet the criteria that cannot engage in more than 5 pipelines. Nodes required: 1 Found: 0, healthy nodes count inNodeManager: 2.
2019-09-20 10:25:46,811 [RatisPipelineUtilsThread] ERROR pipeline.SCMPipelineManager (SCMPipelineManager.java:createPipeline(161)) - Pipeline creation failed due to exception: Unable to find enough nodes that meet the criteria that cannot engage in more than 5 pipelines. Nodes required: 1 Found: 0, healthy nodes count inNodeManager: 2.
2019-09-20 10:25:46,811 [RatisPipelineUtilsThread] ERROR pipeline.PipelinePlacementPolicy (PipelinePlacementPolicy.java:filterViableNodes(131)) - Not enough healthy nodes to allocate pipeline. 3  datanodes required. Found 2
2019-09-20 10:25:46,811 [RatisPipelineUtilsThread] ERROR pipeline.SCMPipelineManager (SCMPipelineManager.java:createPipeline(161)) - Pipeline creation failed due to exception: Not enough healthy nodes to allocate pipeline. 3  datanodes required. Found 2
2019-09-20 10:25:46,811 [RatisPipelineUtilsThread] INFO  pipeline.PipelinePlacementPolicy (PipelinePlacementPolicy.java:meetCriteria(91)) - Pipeline Placement: Doesn't meet the criteria to be viable node： 0d89bd5b-f1f0-4d05-b956-8c5f0ef5931a Heaviness: 6 limit: 5
2019-09-20 10:25:46,811 [RatisPipelineUtilsThread] INFO  pipeline.PipelinePlacementPolicy (PipelinePlacementPolicy.java:meetCriteria(91)) - Pipeline Placement: Doesn't meet the criteria to be viable node： 6f3631be-ef72-40c3-a17d-cb6a2edd0adf Heaviness: 6 limit: 5
2019-09-20 10:25:46,812 [RatisPipelineUtilsThread] ERROR pipeline.PipelinePlacementPolicy (PipelinePlacementPolicy.java:filterViableNodes(148)) - Unable to find enough nodes that meet the criteria that cannot engage in more than 5 pipelines. Nodes required: 1 Found: 0, healthy nodes count inNodeManager: 2.
2019-09-20 10:25:46,812 [RatisPipelineUtilsThread] ERROR pipeline.SCMPipelineManager (SCMPipelineManager.java:createPipeline(161)) - Pipeline creation failed due to exception: Unable to find enough nodes that meet the criteria that cannot engage in more than 5 pipelines. Nodes required: 1 Found: 0, healthy nodes count inNodeManager: 2.
2019-09-20 10:25:46,812 [RatisPipelineUtilsThread] ERROR pipeline.PipelinePlacementPolicy (PipelinePlacementPolicy.java:filterViableNodes(131)) - Not enough healthy nodes to allocate pipeline. 3  datanodes required. Found 2
2019-09-20 10:25:46,812 [RatisPipelineUtilsThread] ERROR pipeline.SCMPipelineManager (SCMPipelineManager.java:createPipeline(161)) - Pipeline creation failed due to exception: Not enough healthy nodes to allocate pipeline. 3  datanodes required. Found 2
2019-09-20 10:25:46,917 [IPC Server handler 9 on 35622] INFO  net.NetworkTopology (NetworkTopologyImpl.java:add(110)) - Added a new node: /default-rack/e238300f-1c21-4f37-b50e-3ecfb3791348
2019-09-20 10:25:46,917 [RatisPipelineUtilsThread] INFO  pipeline.PipelinePlacementPolicy (PipelinePlacementPolicy.java:meetCriteria(91)) - Pipeline Placement: Doesn't meet the criteria to be viable node： 0d89bd5b-f1f0-4d05-b956-8c5f0ef5931a Heaviness: 6 limit: 5
2019-09-20 10:25:46,917 [IPC Server handler 9 on 35622] INFO  node.SCMNodeManager (SCMNodeManager.java:register(273)) - Registered Data node : e238300f-1c21-4f37-b50e-3ecfb3791348{ip: 192.168.36.99, host: pr-hdds-1569-p5fx8-1226042367, networkLocation: /default-rack, certSerialId: null}
2019-09-20 10:25:46,918 [RatisPipelineUtilsThread] INFO  pipeline.PipelinePlacementPolicy (PipelinePlacementPolicy.java:meetCriteria(91)) - Pipeline Placement: Doesn't meet the criteria to be viable node： 6f3631be-ef72-40c3-a17d-cb6a2edd0adf Heaviness: 6 limit: 5
2019-09-20 10:25:46,918 | INFO  | SCMAudit | user=jenkins1000 | ip=192.168.36.99 | op=REGISTER {datanodeDetails=e238300f-1c21-4f37-b50e-3ecfb3791348{ip: 192.168.36.99, host: pr-hdds-1569-p5fx8-1226042367, networkLocation: /default-rack, certSerialId: null}} | ret=SUCCESS |  
2019-09-20 10:25:46,940 [grpc-default-executor-4] INFO  impl.RaftServerProxy (RaftServerProxy.java:addNew(89)) - e238300f-1c21-4f37-b50e-3ecfb3791348: addNew group-A7C671DDD952:[e238300f-1c21-4f37-b50e-3ecfb3791348:192.168.36.99:41864] returns group-A7C671DDD952:java.util.concurrent.CompletableFuture@7e5b51f3[Not completed]
2019-09-20 10:25:46,941 [pool-430-thread-1] INFO  impl.RaftServerImpl (RaftServerImpl.java:<init>(93)) - e238300f-1c21-4f37-b50e-3ecfb3791348: new RaftServerImpl for group-A7C671DDD952:[e238300f-1c21-4f37-b50e-3ecfb3791348:192.168.36.99:41864] with ContainerStateMachine:uninitialized
2019-09-20 10:25:46,941 [pool-430-thread-1] INFO  server.RaftServerConfigKeys (ConfUtils.java:logGet(43)) - raft.server.rpc.timeout.min = 5s (custom)
2019-09-20 10:25:46,941 [pool-430-thread-1] INFO  server.RaftServerConfigKeys (ConfUtils.java:logGet(43)) - raft.server.rpc.timeout.max = 5200ms (custom)
2019-09-20 10:25:46,942 [pool-430-thread-1] INFO  server.RaftServerConfigKeys (ConfUtils.java:logGet(43)) - raft.server.rpcslowness.timeout = 120s (custom)
2019-09-20 10:25:46,942 [pool-430-thread-1] INFO  server.RaftServerConfigKeys (ConfUtils.java:logGet(43)) - raft.server.sleep.deviation.threshold = 300 (default)
2019-09-20 10:25:46,942 [pool-430-thread-1] INFO  server.RaftServerConfigKeys (ConfUtils.java:logGet(43)) - raft.server.log.appender.install.snapshot.enabled = false (custom)
2019-09-20 10:25:46,942 [pool-430-thread-1] INFO  impl.RaftServerImpl (ServerState.java:<init>(105)) - e238300f-1c21-4f37-b50e-3ecfb3791348:group-A7C671DDD952 ConfigurationManager, init=-1: [e238300f-1c21-4f37-b50e-3ecfb3791348:192.168.36.99:41864], old=null, confs=<EMPTY_MAP>
2019-09-20 10:25:46,942 [pool-430-thread-1] INFO  server.RaftServerConfigKeys (ConfUtils.java:logGet(43)) - raft.server.storage.dir = [/workdir/hadoop-ozone/integration-test/target/test-dir/MiniOzoneClusterImpl-023400ba-597c-4990-9952-187ab727187d/datanode-2/data/ratis] (custom)
2019-09-20 10:25:46,943 [pool-430-thread-1] INFO  storage.RaftStorageDirectory (RaftStorageDirectory.java:analyzeStorage(246)) - The storage directory /workdir/hadoop-ozone/integration-test/target/test-dir/MiniOzoneClusterImpl-023400ba-597c-4990-9952-187ab727187d/datanode-2/data/ratis/78c772ac-02f2-4c49-b232-a7c671ddd952 does not exist. Creating ...
2019-09-20 10:25:46,961 [pool-430-thread-1] INFO  storage.RaftStorageDirectory (RaftStorageDirectory.java:tryLock(328)) - Lock on /workdir/hadoop-ozone/integration-test/target/test-dir/MiniOzoneClusterImpl-023400ba-597c-4990-9952-187ab727187d/datanode-2/data/ratis/78c772ac-02f2-4c49-b232-a7c671ddd952/in_use.lock acquired by nodename 28506@pr-hdds-1569-p5fx8-1226042367
2019-09-20 10:25:46,978 [pool-430-thread-1] INFO  storage.RaftStorage (RaftStorage.java:format(72)) - Storage directory /workdir/hadoop-ozone/integration-test/target/test-dir/MiniOzoneClusterImpl-023400ba-597c-4990-9952-187ab727187d/datanode-2/data/ratis/78c772ac-02f2-4c49-b232-a7c671ddd952 has been successfully formatted.
2019-09-20 10:25:46,978 [pool-430-thread-1] INFO  ratis.ContainerStateMachine (ContainerStateMachine.java:loadSnapshot(226)) - group-A7C671DDD952: The snapshot info is null. Setting the last applied indexto:(t:0, i:~)
2019-09-20 10:25:46,979 [pool-430-thread-1] INFO  server.RaftServerConfigKeys (ConfUtils.java:logGet(43)) - raft.server.leader.election.timeout = 120s (custom)
2019-09-20 10:25:46,979 [pool-430-thread-1] INFO  server.RaftServerConfigKeys (ConfUtils.java:logGet(43)) - raft.server.log.use.memory = false (default)
2019-09-20 10:25:46,979 [pool-430-thread-1] INFO  server.RaftServerConfigKeys (ConfUtils.java:logGet(43)) - raft.server.log.purge.gap = 1000000 (custom)
2019-09-20 10:25:46,979 [pool-430-thread-1] INFO  server.RaftServerConfigKeys (ConfUtils.java:logGet(43)) - raft.server.log.appender.buffer.byte-limit = 33554432 (custom)
2019-09-20 10:25:46,979 [pool-430-thread-1] INFO  server.RaftServerConfigKeys (ConfUtils.java:logGet(43)) - raft.server.log.segment.size.max = 1048576 (custom)
2019-09-20 10:25:46,979 [pool-430-thread-1] INFO  server.RaftServerConfigKeys (ConfUtils.java:logGet(43)) - raft.server.log.segment.cache.num.max = 2 (custom)
2019-09-20 10:25:46,980 [pool-430-thread-1] INFO  segmented.SegmentedRaftLogWorker (SegmentedRaftLogWorker.java:<init>(172)) - new e238300f-1c21-4f37-b50e-3ecfb3791348-SegmentedRaftLogWorker:Storage Directory /workdir/hadoop-ozone/integration-test/target/test-dir/MiniOzoneClusterImpl-023400ba-597c-4990-9952-187ab727187d/datanode-2/data/ratis/78c772ac-02f2-4c49-b232-a7c671ddd952 for RaftStorage:Storage Directory /workdir/hadoop-ozone/integration-test/target/test-dir/MiniOzoneClusterImpl-023400ba-597c-4990-9952-187ab727187d/datanode-2/data/ratis/78c772ac-02f2-4c49-b232-a7c671ddd952
2019-09-20 10:25:46,980 [pool-430-thread-1] INFO  server.RaftServerConfigKeys (ConfUtils.java:logGet(43)) - raft.server.log.queue.byte-limit = 2147483647 (custom)
2019-09-20 10:25:46,980 [pool-430-thread-1] INFO  server.RaftServerConfigKeys (ConfUtils.java:logGet(43)) - raft.server.log.queue.element-limit = 1024 (custom)
2019-09-20 10:25:46,980 [pool-430-thread-1] INFO  server.RaftServerConfigKeys (ConfUtils.java:logGet(43)) - raft.server.log.segment.size.max = 1048576 (custom)
2019-09-20 10:25:46,980 [pool-430-thread-1] INFO  server.RaftServerConfigKeys (ConfUtils.java:logGet(43)) - raft.server.log.preallocated.size = 16384 (custom)
2019-09-20 10:25:46,981 [pool-430-thread-1] INFO  server.RaftServerConfigKeys (ConfUtils.java:logGet(43)) - raft.server.log.write.buffer.size = 33554432 (custom)
2019-09-20 10:25:46,981 [pool-430-thread-1] INFO  server.RaftServerConfigKeys (ConfUtils.java:logGet(43)) - raft.server.log.force.sync.num = 128 (default)
2019-09-20 10:25:46,981 [pool-430-thread-1] INFO  server.RaftServerConfigKeys (ConfUtils.java:logGet(43)) - raft.server.log.statemachine.data.sync = true (default)
2019-09-20 10:25:46,981 [pool-430-thread-1] INFO  server.RaftServerConfigKeys (ConfUtils.java:logGet(43)) - raft.server.log.statemachine.data.sync.timeout = 10s (default)
2019-09-20 10:25:46,981 [pool-430-thread-1] INFO  server.RaftServerConfigKeys (ConfUtils.java:logGet(43)) - raft.server.log.statemachine.data.sync.timeout.retry = -1 (default)
2019-09-20 10:25:46,982 [pool-430-thread-1] INFO  server.RaftServerConfigKeys (ConfUtils.java:logGet(43)) - raft.server.log.statemachine.data.caching.enabled = true (custom)
2019-09-20 10:25:46,982 [pool-430-thread-1] INFO  segmented.SegmentedRaftLogWorker (SegmentedRaftLogWorker.java:lambda$new$0(132)) - e238300f-1c21-4f37-b50e-3ecfb3791348-SegmentedRaftLogWorker:Storage Directory /workdir/hadoop-ozone/integration-test/target/test-dir/MiniOzoneClusterImpl-023400ba-597c-4990-9952-187ab727187d/datanode-2/data/ratis/78c772ac-02f2-4c49-b232-a7c671ddd952: flushIndex: setUnconditionally 0 -> -1
2019-09-20 10:25:46,982 [pool-430-thread-1] INFO  server.RaftServerConfigKeys (ConfUtils.java:logGet(43)) - raft.server.snapshot.auto.trigger.enabled = true (custom)
2019-09-20 10:25:46,983 [pool-430-thread-1] INFO  server.RaftServerConfigKeys (ConfUtils.java:logGet(43)) - raft.server.snapshot.auto.trigger.threshold = 10000 (custom)
2019-09-20 10:25:46,983 [pool-430-thread-1] INFO  server.RaftServerConfigKeys (ConfUtils.java:logGet(43)) - raft.server.retrycache.expirytime = 600000ms (custom)
2019-09-20 10:25:46,983 [pool-430-thread-1] INFO  impl.RaftServerImpl (RaftServerImpl.java:start(180)) - e238300f-1c21-4f37-b50e-3ecfb3791348: start group-A7C671DDD952
2019-09-20 10:25:46,983 [pool-430-thread-1] INFO  impl.RaftServerImpl (RaftServerImpl.java:setRole(171)) - e238300f-1c21-4f37-b50e-3ecfb3791348:group-A7C671DDD952 changes role from null to FOLLOWER at term 0 for startAsFollower
2019-09-20 10:25:46,983 [pool-430-thread-1] INFO  impl.RoleInfo (RoleInfo.java:updateAndGet(143)) - e238300f-1c21-4f37-b50e-3ecfb3791348: start FollowerState
2019-09-20 10:25:46,984 [pool-430-thread-1] INFO  util.JmxRegister (JmxRegister.java:tryRegister(44)) - Successfully registered JMX Bean with object name Ratis:service=RaftServer,group=group-A7C671DDD952,id=e238300f-1c21-4f37-b50e-3ecfb3791348
2019-09-20 10:25:46,987 [RatisPipelineUtilsThread] INFO  pipeline.PipelineStateManager (PipelineStateManager.java:addPipeline(56)) - Created pipeline Pipeline[ Id: 78c772ac-02f2-4c49-b232-a7c671ddd952, Nodes: e238300f-1c21-4f37-b50e-3ecfb3791348{ip: 192.168.36.99, host: pr-hdds-1569-p5fx8-1226042367, networkLocation: /default-rack, certSerialId: null}, Type:RATIS, Factor:ONE, State:OPEN]
2019-09-20 10:25:46,987 [RatisPipelineUtilsThread] INFO  pipeline.PipelinePlacementPolicy (PipelinePlacementPolicy.java:meetCriteria(91)) - Pipeline Placement: Doesn't meet the criteria to be viable node： 0d89bd5b-f1f0-4d05-b956-8c5f0ef5931a Heaviness: 6 limit: 5
2019-09-20 10:25:46,987 [RatisPipelineUtilsThread] INFO  pipeline.PipelinePlacementPolicy (PipelinePlacementPolicy.java:meetCriteria(91)) - Pipeline Placement: Doesn't meet the criteria to be viable node： 6f3631be-ef72-40c3-a17d-cb6a2edd0adf Heaviness: 6 limit: 5
2019-09-20 10:25:46,993 [grpc-default-executor-4] INFO  impl.RaftServerProxy (RaftServerProxy.java:addNew(89)) - e238300f-1c21-4f37-b50e-3ecfb3791348: addNew group-AE038357FC65:[e238300f-1c21-4f37-b50e-3ecfb3791348:192.168.36.99:41864] returns group-AE038357FC65:java.util.concurrent.CompletableFuture@469dc97c[Not completed]
2019-09-20 10:25:46,993 [pool-430-thread-1] INFO  impl.RaftServerImpl (RaftServerImpl.java:<init>(93)) - e238300f-1c21-4f37-b50e-3ecfb3791348: new RaftServerImpl for group-AE038357FC65:[e238300f-1c21-4f37-b50e-3ecfb3791348:192.168.36.99:41864] with ContainerStateMachine:uninitialized
2019-09-20 10:25:46,993 [pool-430-thread-1] INFO  server.RaftServerConfigKeys (ConfUtils.java:logGet(43)) - raft.server.rpc.timeout.min = 5s (custom)
2019-09-20 10:25:46,994 [pool-430-thread-1] INFO  server.RaftServerConfigKeys (ConfUtils.java:logGet(43)) - raft.server.rpc.timeout.max = 5200ms (custom)
2019-09-20 10:25:46,994 [pool-430-thread-1] INFO  server.RaftServerConfigKeys (ConfUtils.java:logGet(43)) - raft.server.rpcslowness.timeout = 120s (custom)
2019-09-20 10:25:46,994 [pool-430-thread-1] INFO  server.RaftServerConfigKeys (ConfUtils.java:logGet(43)) - raft.server.sleep.deviation.threshold = 300 (default)
2019-09-20 10:25:46,994 [pool-430-thread-1] INFO  server.RaftServerConfigKeys (ConfUtils.java:logGet(43)) - raft.server.log.appender.install.snapshot.enabled = false (custom)
2019-09-20 10:25:46,994 [pool-430-thread-1] INFO  impl.RaftServerImpl (ServerState.java:<init>(105)) - e238300f-1c21-4f37-b50e-3ecfb3791348:group-AE038357FC65 ConfigurationManager, init=-1: [e238300f-1c21-4f37-b50e-3ecfb3791348:192.168.36.99:41864], old=null, confs=<EMPTY_MAP>
2019-09-20 10:25:46,994 [pool-430-thread-1] INFO  server.RaftServerConfigKeys (ConfUtils.java:logGet(43)) - raft.server.storage.dir = [/workdir/hadoop-ozone/integration-test/target/test-dir/MiniOzoneClusterImpl-023400ba-597c-4990-9952-187ab727187d/datanode-2/data/ratis] (custom)
2019-09-20 10:25:46,995 [pool-430-thread-1] INFO  storage.RaftStorageDirectory (RaftStorageDirectory.java:analyzeStorage(246)) - The storage directory /workdir/hadoop-ozone/integration-test/target/test-dir/MiniOzoneClusterImpl-023400ba-597c-4990-9952-187ab727187d/datanode-2/data/ratis/f822409a-0967-4ae3-ae55-ae038357fc65 does not exist. Creating ...
2019-09-20 10:25:47,025 [pool-430-thread-1] INFO  storage.RaftStorageDirectory (RaftStorageDirectory.java:tryLock(328)) - Lock on /workdir/hadoop-ozone/integration-test/target/test-dir/MiniOzoneClusterImpl-023400ba-597c-4990-9952-187ab727187d/datanode-2/data/ratis/f822409a-0967-4ae3-ae55-ae038357fc65/in_use.lock acquired by nodename 28506@pr-hdds-1569-p5fx8-1226042367
2019-09-20 10:25:47,066 [pool-430-thread-1] INFO  storage.RaftStorage (RaftStorage.java:format(72)) - Storage directory /workdir/hadoop-ozone/integration-test/target/test-dir/MiniOzoneClusterImpl-023400ba-597c-4990-9952-187ab727187d/datanode-2/data/ratis/f822409a-0967-4ae3-ae55-ae038357fc65 has been successfully formatted.
2019-09-20 10:25:47,067 [pool-430-thread-1] INFO  ratis.ContainerStateMachine (ContainerStateMachine.java:loadSnapshot(226)) - group-AE038357FC65: The snapshot info is null. Setting the last applied indexto:(t:0, i:~)
2019-09-20 10:25:47,067 [pool-430-thread-1] INFO  server.RaftServerConfigKeys (ConfUtils.java:logGet(43)) - raft.server.leader.election.timeout = 120s (custom)
2019-09-20 10:25:47,067 [pool-430-thread-1] INFO  server.RaftServerConfigKeys (ConfUtils.java:logGet(43)) - raft.server.log.use.memory = false (default)
2019-09-20 10:25:47,067 [pool-430-thread-1] INFO  server.RaftServerConfigKeys (ConfUtils.java:logGet(43)) - raft.server.log.purge.gap = 1000000 (custom)
2019-09-20 10:25:47,068 [pool-430-thread-1] INFO  server.RaftServerConfigKeys (ConfUtils.java:logGet(43)) - raft.server.log.appender.buffer.byte-limit = 33554432 (custom)
2019-09-20 10:25:47,068 [pool-430-thread-1] INFO  server.RaftServerConfigKeys (ConfUtils.java:logGet(43)) - raft.server.log.segment.size.max = 1048576 (custom)
2019-09-20 10:25:47,068 [pool-430-thread-1] INFO  server.RaftServerConfigKeys (ConfUtils.java:logGet(43)) - raft.server.log.segment.cache.num.max = 2 (custom)
2019-09-20 10:25:47,068 [pool-430-thread-1] INFO  segmented.SegmentedRaftLogWorker (SegmentedRaftLogWorker.java:<init>(172)) - new e238300f-1c21-4f37-b50e-3ecfb3791348-SegmentedRaftLogWorker:Storage Directory /workdir/hadoop-ozone/integration-test/target/test-dir/MiniOzoneClusterImpl-023400ba-597c-4990-9952-187ab727187d/datanode-2/data/ratis/f822409a-0967-4ae3-ae55-ae038357fc65 for RaftStorage:Storage Directory /workdir/hadoop-ozone/integration-test/target/test-dir/MiniOzoneClusterImpl-023400ba-597c-4990-9952-187ab727187d/datanode-2/data/ratis/f822409a-0967-4ae3-ae55-ae038357fc65
2019-09-20 10:25:47,068 [pool-430-thread-1] INFO  server.RaftServerConfigKeys (ConfUtils.java:logGet(43)) - raft.server.log.queue.byte-limit = 2147483647 (custom)
2019-09-20 10:25:47,068 [pool-430-thread-1] INFO  server.RaftServerConfigKeys (ConfUtils.java:logGet(43)) - raft.server.log.queue.element-limit = 1024 (custom)
2019-09-20 10:25:47,069 [pool-430-thread-1] INFO  server.RaftServerConfigKeys (ConfUtils.java:logGet(43)) - raft.server.log.segment.size.max = 1048576 (custom)
2019-09-20 10:25:47,069 [pool-430-thread-1] INFO  server.RaftServerConfigKeys (ConfUtils.java:logGet(43)) - raft.server.log.preallocated.size = 16384 (custom)
2019-09-20 10:25:47,069 [pool-430-thread-1] INFO  server.RaftServerConfigKeys (ConfUtils.java:logGet(43)) - raft.server.log.write.buffer.size = 33554432 (custom)
2019-09-20 10:25:47,069 [pool-430-thread-1] INFO  server.RaftServerConfigKeys (ConfUtils.java:logGet(43)) - raft.server.log.force.sync.num = 128 (default)
2019-09-20 10:25:47,069 [pool-430-thread-1] INFO  server.RaftServerConfigKeys (ConfUtils.java:logGet(43)) - raft.server.log.statemachine.data.sync = true (default)
2019-09-20 10:25:47,069 [pool-430-thread-1] INFO  server.RaftServerConfigKeys (ConfUtils.java:logGet(43)) - raft.server.log.statemachine.data.sync.timeout = 10s (default)
2019-09-20 10:25:47,069 [pool-430-thread-1] INFO  server.RaftServerConfigKeys (ConfUtils.java:logGet(43)) - raft.server.log.statemachine.data.sync.timeout.retry = -1 (default)
2019-09-20 10:25:47,070 [pool-430-thread-1] INFO  server.RaftServerConfigKeys (ConfUtils.java:logGet(43)) - raft.server.log.statemachine.data.caching.enabled = true (custom)
2019-09-20 10:25:47,070 [pool-430-thread-1] INFO  segmented.SegmentedRaftLogWorker (SegmentedRaftLogWorker.java:lambda$new$0(132)) - e238300f-1c21-4f37-b50e-3ecfb3791348-SegmentedRaftLogWorker:Storage Directory /workdir/hadoop-ozone/integration-test/target/test-dir/MiniOzoneClusterImpl-023400ba-597c-4990-9952-187ab727187d/datanode-2/data/ratis/f822409a-0967-4ae3-ae55-ae038357fc65: flushIndex: setUnconditionally 0 -> -1
2019-09-20 10:25:47,070 [pool-430-thread-1] INFO  server.RaftServerConfigKeys (ConfUtils.java:logGet(43)) - raft.server.snapshot.auto.trigger.enabled = true (custom)
2019-09-20 10:25:47,070 [pool-430-thread-1] INFO  server.RaftServerConfigKeys (ConfUtils.java:logGet(43)) - raft.server.snapshot.auto.trigger.threshold = 10000 (custom)
2019-09-20 10:25:47,071 [pool-430-thread-1] INFO  server.RaftServerConfigKeys (ConfUtils.java:logGet(43)) - raft.server.retrycache.expirytime = 600000ms (custom)
2019-09-20 10:25:47,071 [pool-430-thread-1] INFO  impl.RaftServerImpl (RaftServerImpl.java:start(180)) - e238300f-1c21-4f37-b50e-3ecfb3791348: start group-AE038357FC65
2019-09-20 10:25:47,071 [pool-430-thread-1] INFO  impl.RaftServerImpl (RaftServerImpl.java:setRole(171)) - e238300f-1c21-4f37-b50e-3ecfb3791348:group-AE038357FC65 changes role from null to FOLLOWER at term 0 for startAsFollower
2019-09-20 10:25:47,071 [pool-430-thread-1] INFO  impl.RoleInfo (RoleInfo.java:updateAndGet(143)) - e238300f-1c21-4f37-b50e-3ecfb3791348: start FollowerState
2019-09-20 10:25:47,072 [pool-430-thread-1] INFO  util.JmxRegister (JmxRegister.java:tryRegister(44)) - Successfully registered JMX Bean with object name Ratis:service=RaftServer,group=group-AE038357FC65,id=e238300f-1c21-4f37-b50e-3ecfb3791348
2019-09-20 10:25:47,075 [RatisPipelineUtilsThread] INFO  pipeline.PipelineStateManager (PipelineStateManager.java:addPipeline(56)) - Created pipeline Pipeline[ Id: f822409a-0967-4ae3-ae55-ae038357fc65, Nodes: e238300f-1c21-4f37-b50e-3ecfb3791348{ip: 192.168.36.99, host: pr-hdds-1569-p5fx8-1226042367, networkLocation: /default-rack, certSerialId: null}, Type:RATIS, Factor:ONE, State:OPEN]
2019-09-20 10:25:47,075 [RatisPipelineUtilsThread] INFO  pipeline.PipelinePlacementPolicy (PipelinePlacementPolicy.java:meetCriteria(91)) - Pipeline Placement: Doesn't meet the criteria to be viable node： 0d89bd5b-f1f0-4d05-b956-8c5f0ef5931a Heaviness: 6 limit: 5
2019-09-20 10:25:47,075 [RatisPipelineUtilsThread] INFO  pipeline.PipelinePlacementPolicy (PipelinePlacementPolicy.java:meetCriteria(91)) - Pipeline Placement: Doesn't meet the criteria to be viable node： 6f3631be-ef72-40c3-a17d-cb6a2edd0adf Heaviness: 6 limit: 5
2019-09-20 10:25:47,080 [grpc-default-executor-4] INFO  impl.RaftServerProxy (RaftServerProxy.java:addNew(89)) - e238300f-1c21-4f37-b50e-3ecfb3791348: addNew group-27B757BE6343:[e238300f-1c21-4f37-b50e-3ecfb3791348:192.168.36.99:41864] returns group-27B757BE6343:java.util.concurrent.CompletableFuture@45b44657[Not completed]
2019-09-20 10:25:47,081 [pool-430-thread-1] INFO  impl.RaftServerImpl (RaftServerImpl.java:<init>(93)) - e238300f-1c21-4f37-b50e-3ecfb3791348: new RaftServerImpl for group-27B757BE6343:[e238300f-1c21-4f37-b50e-3ecfb3791348:192.168.36.99:41864] with ContainerStateMachine:uninitialized
2019-09-20 10:25:47,082 [pool-430-thread-1] INFO  server.RaftServerConfigKeys (ConfUtils.java:logGet(43)) - raft.server.rpc.timeout.min = 5s (custom)
2019-09-20 10:25:47,082 [pool-430-thread-1] INFO  server.RaftServerConfigKeys (ConfUtils.java:logGet(43)) - raft.server.rpc.timeout.max = 5200ms (custom)
2019-09-20 10:25:47,082 [pool-430-thread-1] INFO  server.RaftServerConfigKeys (ConfUtils.java:logGet(43)) - raft.server.rpcslowness.timeout = 120s (custom)
2019-09-20 10:25:47,082 [pool-430-thread-1] INFO  server.RaftServerConfigKeys (ConfUtils.java:logGet(43)) - raft.server.sleep.deviation.threshold = 300 (default)
2019-09-20 10:25:47,082 [pool-430-thread-1] INFO  server.RaftServerConfigKeys (ConfUtils.java:logGet(43)) - raft.server.log.appender.install.snapshot.enabled = false (custom)
2019-09-20 10:25:47,082 [pool-430-thread-1] INFO  impl.RaftServerImpl (ServerState.java:<init>(105)) - e238300f-1c21-4f37-b50e-3ecfb3791348:group-27B757BE6343 ConfigurationManager, init=-1: [e238300f-1c21-4f37-b50e-3ecfb3791348:192.168.36.99:41864], old=null, confs=<EMPTY_MAP>
2019-09-20 10:25:47,082 [pool-430-thread-1] INFO  server.RaftServerConfigKeys (ConfUtils.java:logGet(43)) - raft.server.storage.dir = [/workdir/hadoop-ozone/integration-test/target/test-dir/MiniOzoneClusterImpl-023400ba-597c-4990-9952-187ab727187d/datanode-2/data/ratis] (custom)
2019-09-20 10:25:47,083 [pool-430-thread-1] INFO  storage.RaftStorageDirectory (RaftStorageDirectory.java:analyzeStorage(246)) - The storage directory /workdir/hadoop-ozone/integration-test/target/test-dir/MiniOzoneClusterImpl-023400ba-597c-4990-9952-187ab727187d/datanode-2/data/ratis/62df44aa-03ee-4bac-b8ca-27b757be6343 does not exist. Creating ...
2019-09-20 10:25:47,096 [pool-430-thread-1] INFO  storage.RaftStorageDirectory (RaftStorageDirectory.java:tryLock(328)) - Lock on /workdir/hadoop-ozone/integration-test/target/test-dir/MiniOzoneClusterImpl-023400ba-597c-4990-9952-187ab727187d/datanode-2/data/ratis/62df44aa-03ee-4bac-b8ca-27b757be6343/in_use.lock acquired by nodename 28506@pr-hdds-1569-p5fx8-1226042367
2019-09-20 10:25:47,110 [pool-430-thread-1] INFO  storage.RaftStorage (RaftStorage.java:format(72)) - Storage directory /workdir/hadoop-ozone/integration-test/target/test-dir/MiniOzoneClusterImpl-023400ba-597c-4990-9952-187ab727187d/datanode-2/data/ratis/62df44aa-03ee-4bac-b8ca-27b757be6343 has been successfully formatted.
2019-09-20 10:25:47,110 [pool-430-thread-1] INFO  ratis.ContainerStateMachine (ContainerStateMachine.java:loadSnapshot(226)) - group-27B757BE6343: The snapshot info is null. Setting the last applied indexto:(t:0, i:~)
2019-09-20 10:25:47,110 [pool-430-thread-1] INFO  server.RaftServerConfigKeys (ConfUtils.java:logGet(43)) - raft.server.leader.election.timeout = 120s (custom)
2019-09-20 10:25:47,111 [pool-430-thread-1] INFO  server.RaftServerConfigKeys (ConfUtils.java:logGet(43)) - raft.server.log.use.memory = false (default)
2019-09-20 10:25:47,111 [pool-430-thread-1] INFO  server.RaftServerConfigKeys (ConfUtils.java:logGet(43)) - raft.server.log.purge.gap = 1000000 (custom)
2019-09-20 10:25:47,111 [pool-430-thread-1] INFO  server.RaftServerConfigKeys (ConfUtils.java:logGet(43)) - raft.server.log.appender.buffer.byte-limit = 33554432 (custom)
2019-09-20 10:25:47,111 [pool-430-thread-1] INFO  server.RaftServerConfigKeys (ConfUtils.java:logGet(43)) - raft.server.log.segment.size.max = 1048576 (custom)
2019-09-20 10:25:47,111 [pool-430-thread-1] INFO  server.RaftServerConfigKeys (ConfUtils.java:logGet(43)) - raft.server.log.segment.cache.num.max = 2 (custom)
2019-09-20 10:25:47,112 [pool-430-thread-1] INFO  segmented.SegmentedRaftLogWorker (SegmentedRaftLogWorker.java:<init>(172)) - new e238300f-1c21-4f37-b50e-3ecfb3791348-SegmentedRaftLogWorker:Storage Directory /workdir/hadoop-ozone/integration-test/target/test-dir/MiniOzoneClusterImpl-023400ba-597c-4990-9952-187ab727187d/datanode-2/data/ratis/62df44aa-03ee-4bac-b8ca-27b757be6343 for RaftStorage:Storage Directory /workdir/hadoop-ozone/integration-test/target/test-dir/MiniOzoneClusterImpl-023400ba-597c-4990-9952-187ab727187d/datanode-2/data/ratis/62df44aa-03ee-4bac-b8ca-27b757be6343
2019-09-20 10:25:47,112 [pool-430-thread-1] INFO  server.RaftServerConfigKeys (ConfUtils.java:logGet(43)) - raft.server.log.queue.byte-limit = 2147483647 (custom)
2019-09-20 10:25:47,112 [pool-430-thread-1] INFO  server.RaftServerConfigKeys (ConfUtils.java:logGet(43)) - raft.server.log.queue.element-limit = 1024 (custom)
2019-09-20 10:25:47,112 [pool-430-thread-1] INFO  server.RaftServerConfigKeys (ConfUtils.java:logGet(43)) - raft.server.log.segment.size.max = 1048576 (custom)
2019-09-20 10:25:47,112 [pool-430-thread-1] INFO  server.RaftServerConfigKeys (ConfUtils.java:logGet(43)) - raft.server.log.preallocated.size = 16384 (custom)
2019-09-20 10:25:47,112 [pool-430-thread-1] INFO  server.RaftServerConfigKeys (ConfUtils.java:logGet(43)) - raft.server.log.write.buffer.size = 33554432 (custom)
2019-09-20 10:25:47,113 [pool-430-thread-1] INFO  server.RaftServerConfigKeys (ConfUtils.java:logGet(43)) - raft.server.log.force.sync.num = 128 (default)
2019-09-20 10:25:47,113 [pool-430-thread-1] INFO  server.RaftServerConfigKeys (ConfUtils.java:logGet(43)) - raft.server.log.statemachine.data.sync = true (default)
2019-09-20 10:25:47,113 [pool-430-thread-1] INFO  server.RaftServerConfigKeys (ConfUtils.java:logGet(43)) - raft.server.log.statemachine.data.sync.timeout = 10s (default)
2019-09-20 10:25:47,113 [pool-430-thread-1] INFO  server.RaftServerConfigKeys (ConfUtils.java:logGet(43)) - raft.server.log.statemachine.data.sync.timeout.retry = -1 (default)
2019-09-20 10:25:47,113 [pool-430-thread-1] INFO  server.RaftServerConfigKeys (ConfUtils.java:logGet(43)) - raft.server.log.statemachine.data.caching.enabled = true (custom)
2019-09-20 10:25:47,114 [pool-430-thread-1] INFO  segmented.SegmentedRaftLogWorker (SegmentedRaftLogWorker.java:lambda$new$0(132)) - e238300f-1c21-4f37-b50e-3ecfb3791348-SegmentedRaftLogWorker:Storage Directory /workdir/hadoop-ozone/integration-test/target/test-dir/MiniOzoneClusterImpl-023400ba-597c-4990-9952-187ab727187d/datanode-2/data/ratis/62df44aa-03ee-4bac-b8ca-27b757be6343: flushIndex: setUnconditionally 0 -> -1
2019-09-20 10:25:47,114 [pool-430-thread-1] INFO  server.RaftServerConfigKeys (ConfUtils.java:logGet(43)) - raft.server.snapshot.auto.trigger.enabled = true (custom)
2019-09-20 10:25:47,114 [pool-430-thread-1] INFO  server.RaftServerConfigKeys (ConfUtils.java:logGet(43)) - raft.server.snapshot.auto.trigger.threshold = 10000 (custom)
2019-09-20 10:25:47,114 [pool-430-thread-1] INFO  server.RaftServerConfigKeys (ConfUtils.java:logGet(43)) - raft.server.retrycache.expirytime = 600000ms (custom)
2019-09-20 10:25:47,115 [pool-430-thread-1] INFO  impl.RaftServerImpl (RaftServerImpl.java:start(180)) - e238300f-1c21-4f37-b50e-3ecfb3791348: start group-27B757BE6343
2019-09-20 10:25:47,115 [pool-430-thread-1] INFO  impl.RaftServerImpl (RaftServerImpl.java:setRole(171)) - e238300f-1c21-4f37-b50e-3ecfb3791348:group-27B757BE6343 changes role from null to FOLLOWER at term 0 for startAsFollower
2019-09-20 10:25:47,115 [pool-430-thread-1] INFO  impl.RoleInfo (RoleInfo.java:updateAndGet(143)) - e238300f-1c21-4f37-b50e-3ecfb3791348: start FollowerState
2019-09-20 10:25:47,116 [pool-430-thread-1] INFO  util.JmxRegister (JmxRegister.java:tryRegister(44)) - Successfully registered JMX Bean with object name Ratis:service=RaftServer,group=group-27B757BE6343,id=e238300f-1c21-4f37-b50e-3ecfb3791348
2019-09-20 10:25:47,118 [RatisPipelineUtilsThread] INFO  pipeline.PipelineStateManager (PipelineStateManager.java:addPipeline(56)) - Created pipeline Pipeline[ Id: 62df44aa-03ee-4bac-b8ca-27b757be6343, Nodes: e238300f-1c21-4f37-b50e-3ecfb3791348{ip: 192.168.36.99, host: pr-hdds-1569-p5fx8-1226042367, networkLocation: /default-rack, certSerialId: null}, Type:RATIS, Factor:ONE, State:OPEN]
2019-09-20 10:25:47,118 [RatisPipelineUtilsThread] INFO  pipeline.PipelinePlacementPolicy (PipelinePlacementPolicy.java:meetCriteria(91)) - Pipeline Placement: Doesn't meet the criteria to be viable node： 0d89bd5b-f1f0-4d05-b956-8c5f0ef5931a Heaviness: 6 limit: 5
2019-09-20 10:25:47,118 [RatisPipelineUtilsThread] INFO  pipeline.PipelinePlacementPolicy (PipelinePlacementPolicy.java:meetCriteria(91)) - Pipeline Placement: Doesn't meet the criteria to be viable node： 6f3631be-ef72-40c3-a17d-cb6a2edd0adf Heaviness: 6 limit: 5
2019-09-20 10:25:47,123 [grpc-default-executor-4] INFO  impl.RaftServerProxy (RaftServerProxy.java:addNew(89)) - e238300f-1c21-4f37-b50e-3ecfb3791348: addNew group-106446F9AE19:[e238300f-1c21-4f37-b50e-3ecfb3791348:192.168.36.99:41864] returns group-106446F9AE19:java.util.concurrent.CompletableFuture@9c2b8c1[Not completed]
2019-09-20 10:25:47,124 [pool-430-thread-1] INFO  impl.RaftServerImpl (RaftServerImpl.java:<init>(93)) - e238300f-1c21-4f37-b50e-3ecfb3791348: new RaftServerImpl for group-106446F9AE19:[e238300f-1c21-4f37-b50e-3ecfb3791348:192.168.36.99:41864] with ContainerStateMachine:uninitialized
2019-09-20 10:25:47,124 [pool-430-thread-1] INFO  server.RaftServerConfigKeys (ConfUtils.java:logGet(43)) - raft.server.rpc.timeout.min = 5s (custom)
2019-09-20 10:25:47,124 [pool-430-thread-1] INFO  server.RaftServerConfigKeys (ConfUtils.java:logGet(43)) - raft.server.rpc.timeout.max = 5200ms (custom)
2019-09-20 10:25:47,124 [pool-430-thread-1] INFO  server.RaftServerConfigKeys (ConfUtils.java:logGet(43)) - raft.server.rpcslowness.timeout = 120s (custom)
2019-09-20 10:25:47,124 [pool-430-thread-1] INFO  server.RaftServerConfigKeys (ConfUtils.java:logGet(43)) - raft.server.sleep.deviation.threshold = 300 (default)
2019-09-20 10:25:47,125 [pool-430-thread-1] INFO  server.RaftServerConfigKeys (ConfUtils.java:logGet(43)) - raft.server.log.appender.install.snapshot.enabled = false (custom)
2019-09-20 10:25:47,125 [pool-430-thread-1] INFO  impl.RaftServerImpl (ServerState.java:<init>(105)) - e238300f-1c21-4f37-b50e-3ecfb3791348:group-106446F9AE19 ConfigurationManager, init=-1: [e238300f-1c21-4f37-b50e-3ecfb3791348:192.168.36.99:41864], old=null, confs=<EMPTY_MAP>
2019-09-20 10:25:47,125 [pool-430-thread-1] INFO  server.RaftServerConfigKeys (ConfUtils.java:logGet(43)) - raft.server.storage.dir = [/workdir/hadoop-ozone/integration-test/target/test-dir/MiniOzoneClusterImpl-023400ba-597c-4990-9952-187ab727187d/datanode-2/data/ratis] (custom)
2019-09-20 10:25:47,125 [pool-430-thread-1] INFO  storage.RaftStorageDirectory (RaftStorageDirectory.java:analyzeStorage(246)) - The storage directory /workdir/hadoop-ozone/integration-test/target/test-dir/MiniOzoneClusterImpl-023400ba-597c-4990-9952-187ab727187d/datanode-2/data/ratis/9f7c2f32-ccc9-4fde-aed1-106446f9ae19 does not exist. Creating ...
2019-09-20 10:25:47,135 | INFO  | SCMAudit | user=jenkins1000 | ip=192.168.36.99 | op=SEND_HEARTBEAT {datanodeUUID=61649f92-8c0f-475a-818d-1064548aeef6, command=[]} | ret=SUCCESS |  
2019-09-20 10:25:47,135 | INFO  | SCMAudit | user=jenkins1000 | ip=192.168.36.99 | op=SEND_HEARTBEAT {datanodeUUID=e29464ab-17d7-4a4e-ab54-c178fccc723c, command=[]} | ret=SUCCESS |  
2019-09-20 10:25:47,135 | INFO  | SCMAudit | user=jenkins1000 | ip=192.168.36.99 | op=SEND_HEARTBEAT {datanodeUUID=c3e532f8-1a8e-44f3-b56b-d765aee893af, command=[]} | ret=SUCCESS |  
2019-09-20 10:25:47,135 | INFO  | SCMAudit | user=jenkins1000 | ip=192.168.36.99 | op=SEND_HEARTBEAT {datanodeUUID=b5962e8e-c9f1-48aa-8eb4-d8f74b8afdbe, command=[]} | ret=SUCCESS |  
2019-09-20 10:25:47,135 | INFO  | SCMAudit | user=jenkins1000 | ip=192.168.36.99 | op=SEND_HEARTBEAT {datanodeUUID=bb8f5112-316d-4974-a5a6-f698f3fbb5be, command=[]} | ret=SUCCESS |  
2019-09-20 10:25:47,136 | INFO  | SCMAudit | user=jenkins1000 | ip=192.168.36.99 | op=SEND_HEARTBEAT {datanodeUUID=e8013689-2f13-4aaf-8a03-99f419c430ec, command=[]} | ret=SUCCESS |  
2019-09-20 10:25:47,137 | INFO  | SCMAudit | user=jenkins1000 | ip=192.168.36.99 | op=SEND_HEARTBEAT {datanodeUUID=136f1953-bb94-4097-a2d4-422a6782bee0, command=[]} | ret=SUCCESS |  
2019-09-20 10:25:47,137 | INFO  | SCMAudit | user=jenkins1000 | ip=192.168.36.99 | op=SEND_HEARTBEAT {datanodeUUID=9e03ffa9-cf79-407a-a150-4c035e5aec5e, command=[]} | ret=SUCCESS |  
2019-09-20 10:25:47,138 | INFO  | SCMAudit | user=jenkins1000 | ip=192.168.36.99 | op=SEND_HEARTBEAT {datanodeUUID=60260ec1-e192-4b95-89c8-d924d16a77a9, command=[]} | ret=SUCCESS |  
2019-09-20 10:25:47,138 | INFO  | SCMAudit | user=jenkins1000 | ip=192.168.36.99 | op=SEND_HEARTBEAT {datanodeUUID=99e70dd4-d763-4473-944c-c5628506dcf8, command=[]} | ret=SUCCESS |  
2019-09-20 10:25:47,138 | INFO  | SCMAudit | user=jenkins1000 | ip=192.168.36.99 | op=SEND_HEARTBEAT {datanodeUUID=4d972e91-cb6b-45de-8bd2-c18af7abe58b, command=[]} | ret=SUCCESS |  
2019-09-20 10:25:47,139 | INFO  | SCMAudit | user=jenkins1000 | ip=192.168.36.99 | op=SEND_HEARTBEAT {datanodeUUID=66416d0b-a71c-4af1-ae3a-62ca63b880a3, command=[]} | ret=SUCCESS |  
2019-09-20 10:25:47,139 | INFO  | SCMAudit | user=jenkins1000 | ip=192.168.36.99 | op=SEND_HEARTBEAT {datanodeUUID=ece458fc-6687-4915-9be7-f98d86977b7d, command=[]} | ret=SUCCESS |  
2019-09-20 10:25:47,139 | INFO  | SCMAudit | user=jenkins1000 | ip=192.168.36.99 | op=SEND_HEARTBEAT {datanodeUUID=6491c372-a595-4104-b3e9-c4f3293baafa, command=[]} | ret=SUCCESS |  
2019-09-20 10:25:47,140 | INFO  | SCMAudit | user=jenkins1000 | ip=192.168.36.99 | op=SEND_HEARTBEAT {datanodeUUID=468be06f-55e9-4831-ba6b-3db017451a79, command=[]} | ret=SUCCESS |  
2019-09-20 10:25:47,140 | INFO  | SCMAudit | user=jenkins1000 | ip=192.168.36.99 | op=SEND_HEARTBEAT {datanodeUUID=7af711bd-b5ae-4a73-a8be-b970cae6c2d1, command=[]} | ret=SUCCESS |  
2019-09-20 10:25:47,140 | INFO  | SCMAudit | user=jenkins1000 | ip=192.168.36.99 | op=SEND_HEARTBEAT {datanodeUUID=54207fe5-d92c-4c2e-b058-fbae630dabef, command=[]} | ret=SUCCESS |  
2019-09-20 10:25:47,140 | INFO  | SCMAudit | user=jenkins1000 | ip=192.168.36.99 | op=SEND_HEARTBEAT {datanodeUUID=d2ed2d9b-7ac7-460e-84f6-6d9d6066f76d, command=[]} | ret=SUCCESS |  
2019-09-20 10:25:47,140 | INFO  | SCMAudit | user=jenkins1000 | ip=192.168.36.99 | op=SEND_HEARTBEAT {datanodeUUID=3d6f3241-e73c-473a-ad0b-c7be2f7e1dda, command=[]} | ret=SUCCESS |  
2019-09-20 10:25:47,140 | INFO  | SCMAudit | user=jenkins1000 | ip=192.168.36.99 | op=SEND_HEARTBEAT {datanodeUUID=cff8bf6b-8d20-4327-9f29-08a3c2b49247, command=[]} | ret=SUCCESS |  
2019-09-20 10:25:47,141 | INFO  | SCMAudit | user=jenkins1000 | ip=192.168.36.99 | op=SEND_HEARTBEAT {datanodeUUID=19fb8383-7c99-4449-b95c-a26e71717844, command=[]} | ret=SUCCESS |  
2019-09-20 10:25:47,142 | INFO  | SCMAudit | user=jenkins1000 | ip=192.168.36.99 | op=SEND_HEARTBEAT {datanodeUUID=99153be1-ba81-4c7b-b6ab-4442760615cb, command=[]} | ret=SUCCESS |  
2019-09-20 10:25:47,142 | INFO  | SCMAudit | user=jenkins1000 | ip=192.168.36.99 | op=SEND_HEARTBEAT {datanodeUUID=fac63c4b-287e-453e-9ac7-8c8c283fdab7, command=[]} | ret=SUCCESS |  
2019-09-20 10:25:47,142 | INFO  | SCMAudit | user=jenkins1000 | ip=192.168.36.99 | op=SEND_HEARTBEAT {datanodeUUID=17e2ba94-38a1-40e7-84e0-f6802901db84, command=[]} | ret=SUCCESS |  
2019-09-20 10:25:47,142 | INFO  | SCMAudit | user=jenkins1000 | ip=192.168.36.99 | op=SEND_HEARTBEAT {datanodeUUID=1ab786b9-c79c-4265-88a1-5b3344c6beda, command=[]} | ret=SUCCESS |  
2019-09-20 10:25:47,143 | INFO  | SCMAudit | user=jenkins1000 | ip=192.168.36.99 | op=SEND_HEARTBEAT {datanodeUUID=1bfb6844-04ed-4104-839b-60e510b6bb68, command=[]} | ret=SUCCESS |  
2019-09-20 10:25:47,144 | INFO  | SCMAudit | user=jenkins1000 | ip=192.168.36.99 | op=SEND_HEARTBEAT {datanodeUUID=7f6418e1-cc7a-441a-8f41-c73576b5a1c5, command=[]} | ret=SUCCESS |  
2019-09-20 10:25:47,144 | INFO  | SCMAudit | user=jenkins1000 | ip=192.168.36.99 | op=SEND_HEARTBEAT {datanodeUUID=075fa85b-703c-4900-807d-88f08b36438a, command=[]} | ret=SUCCESS |  
2019-09-20 10:25:47,151 [pool-430-thread-1] INFO  storage.RaftStorageDirectory (RaftStorageDirectory.java:tryLock(328)) - Lock on /workdir/hadoop-ozone/integration-test/target/test-dir/MiniOzoneClusterImpl-023400ba-597c-4990-9952-187ab727187d/datanode-2/data/ratis/9f7c2f32-ccc9-4fde-aed1-106446f9ae19/in_use.lock acquired by nodename 28506@pr-hdds-1569-p5fx8-1226042367
2019-09-20 10:25:47,162 [pool-430-thread-1] INFO  storage.RaftStorage (RaftStorage.java:format(72)) - Storage directory /workdir/hadoop-ozone/integration-test/target/test-dir/MiniOzoneClusterImpl-023400ba-597c-4990-9952-187ab727187d/datanode-2/data/ratis/9f7c2f32-ccc9-4fde-aed1-106446f9ae19 has been successfully formatted.
2019-09-20 10:25:47,162 [pool-430-thread-1] INFO  ratis.ContainerStateMachine (ContainerStateMachine.java:loadSnapshot(226)) - group-106446F9AE19: The snapshot info is null. Setting the last applied indexto:(t:0, i:~)
2019-09-20 10:25:47,163 [pool-430-thread-1] INFO  server.RaftServerConfigKeys (ConfUtils.java:logGet(43)) - raft.server.leader.election.timeout = 120s (custom)
2019-09-20 10:25:47,163 [pool-430-thread-1] INFO  server.RaftServerConfigKeys (ConfUtils.java:logGet(43)) - raft.server.log.use.memory = false (default)
2019-09-20 10:25:47,163 [pool-430-thread-1] INFO  server.RaftServerConfigKeys (ConfUtils.java:logGet(43)) - raft.server.log.purge.gap = 1000000 (custom)
2019-09-20 10:25:47,163 [pool-430-thread-1] INFO  server.RaftServerConfigKeys (ConfUtils.java:logGet(43)) - raft.server.log.appender.buffer.byte-limit = 33554432 (custom)
2019-09-20 10:25:47,163 [pool-430-thread-1] INFO  server.RaftServerConfigKeys (ConfUtils.java:logGet(43)) - raft.server.log.segment.size.max = 1048576 (custom)
2019-09-20 10:25:47,163 [pool-430-thread-1] INFO  server.RaftServerConfigKeys (ConfUtils.java:logGet(43)) - raft.server.log.segment.cache.num.max = 2 (custom)
2019-09-20 10:25:47,163 [pool-430-thread-1] INFO  segmented.SegmentedRaftLogWorker (SegmentedRaftLogWorker.java:<init>(172)) - new e238300f-1c21-4f37-b50e-3ecfb3791348-SegmentedRaftLogWorker:Storage Directory /workdir/hadoop-ozone/integration-test/target/test-dir/MiniOzoneClusterImpl-023400ba-597c-4990-9952-187ab727187d/datanode-2/data/ratis/9f7c2f32-ccc9-4fde-aed1-106446f9ae19 for RaftStorage:Storage Directory /workdir/hadoop-ozone/integration-test/target/test-dir/MiniOzoneClusterImpl-023400ba-597c-4990-9952-187ab727187d/datanode-2/data/ratis/9f7c2f32-ccc9-4fde-aed1-106446f9ae19
2019-09-20 10:25:47,164 [pool-430-thread-1] INFO  server.RaftServerConfigKeys (ConfUtils.java:logGet(43)) - raft.server.log.queue.byte-limit = 2147483647 (custom)
2019-09-20 10:25:47,164 [pool-430-thread-1] INFO  server.RaftServerConfigKeys (ConfUtils.java:logGet(43)) - raft.server.log.queue.element-limit = 1024 (custom)
2019-09-20 10:25:47,164 [pool-430-thread-1] INFO  server.RaftServerConfigKeys (ConfUtils.java:logGet(43)) - raft.server.log.segment.size.max = 1048576 (custom)
2019-09-20 10:25:47,164 [pool-430-thread-1] INFO  server.RaftServerConfigKeys (ConfUtils.java:logGet(43)) - raft.server.log.preallocated.size = 16384 (custom)
2019-09-20 10:25:47,164 [pool-430-thread-1] INFO  server.RaftServerConfigKeys (ConfUtils.java:logGet(43)) - raft.server.log.write.buffer.size = 33554432 (custom)
2019-09-20 10:25:47,164 [pool-430-thread-1] INFO  server.RaftServerConfigKeys (ConfUtils.java:logGet(43)) - raft.server.log.force.sync.num = 128 (default)
2019-09-20 10:25:47,164 [pool-430-thread-1] INFO  server.RaftServerConfigKeys (ConfUtils.java:logGet(43)) - raft.server.log.statemachine.data.sync = true (default)
2019-09-20 10:25:47,165 [pool-430-thread-1] INFO  server.RaftServerConfigKeys (ConfUtils.java:logGet(43)) - raft.server.log.statemachine.data.sync.timeout = 10s (default)
2019-09-20 10:25:47,165 [pool-430-thread-1] INFO  server.RaftServerConfigKeys (ConfUtils.java:logGet(43)) - raft.server.log.statemachine.data.sync.timeout.retry = -1 (default)
2019-09-20 10:25:47,165 [pool-430-thread-1] INFO  server.RaftServerConfigKeys (ConfUtils.java:logGet(43)) - raft.server.log.statemachine.data.caching.enabled = true (custom)
2019-09-20 10:25:47,165 [pool-430-thread-1] INFO  segmented.SegmentedRaftLogWorker (SegmentedRaftLogWorker.java:lambda$new$0(132)) - e238300f-1c21-4f37-b50e-3ecfb3791348-SegmentedRaftLogWorker:Storage Directory /workdir/hadoop-ozone/integration-test/target/test-dir/MiniOzoneClusterImpl-023400ba-597c-4990-9952-187ab727187d/datanode-2/data/ratis/9f7c2f32-ccc9-4fde-aed1-106446f9ae19: flushIndex: setUnconditionally 0 -> -1
2019-09-20 10:25:47,166 [pool-430-thread-1] INFO  server.RaftServerConfigKeys (ConfUtils.java:logGet(43)) - raft.server.snapshot.auto.trigger.enabled = true (custom)
2019-09-20 10:25:47,166 [pool-430-thread-1] INFO  server.RaftServerConfigKeys (ConfUtils.java:logGet(43)) - raft.server.snapshot.auto.trigger.threshold = 10000 (custom)
2019-09-20 10:25:47,166 [pool-430-thread-1] INFO  server.RaftServerConfigKeys (ConfUtils.java:logGet(43)) - raft.server.retrycache.expirytime = 600000ms (custom)
2019-09-20 10:25:47,166 [pool-430-thread-1] INFO  impl.RaftServerImpl (RaftServerImpl.java:start(180)) - e238300f-1c21-4f37-b50e-3ecfb3791348: start group-106446F9AE19
2019-09-20 10:25:47,166 [pool-430-thread-1] INFO  impl.RaftServerImpl (RaftServerImpl.java:setRole(171)) - e238300f-1c21-4f37-b50e-3ecfb3791348:group-106446F9AE19 changes role from null to FOLLOWER at term 0 for startAsFollower
2019-09-20 10:25:47,166 [pool-430-thread-1] INFO  impl.RoleInfo (RoleInfo.java:updateAndGet(143)) - e238300f-1c21-4f37-b50e-3ecfb3791348: start FollowerState
2019-09-20 10:25:47,167 [pool-430-thread-1] INFO  util.JmxRegister (JmxRegister.java:tryRegister(44)) - Successfully registered JMX Bean with object name Ratis:service=RaftServer,group=group-106446F9AE19,id=e238300f-1c21-4f37-b50e-3ecfb3791348
2019-09-20 10:25:47,169 [RatisPipelineUtilsThread] INFO  pipeline.PipelineStateManager (PipelineStateManager.java:addPipeline(56)) - Created pipeline Pipeline[ Id: 9f7c2f32-ccc9-4fde-aed1-106446f9ae19, Nodes: e238300f-1c21-4f37-b50e-3ecfb3791348{ip: 192.168.36.99, host: pr-hdds-1569-p5fx8-1226042367, networkLocation: /default-rack, certSerialId: null}, Type:RATIS, Factor:ONE, State:OPEN]
2019-09-20 10:25:47,170 [RatisPipelineUtilsThread] INFO  pipeline.PipelinePlacementPolicy (PipelinePlacementPolicy.java:meetCriteria(91)) - Pipeline Placement: Doesn't meet the criteria to be viable node： 0d89bd5b-f1f0-4d05-b956-8c5f0ef5931a Heaviness: 6 limit: 5
2019-09-20 10:25:47,170 [RatisPipelineUtilsThread] INFO  pipeline.PipelinePlacementPolicy (PipelinePlacementPolicy.java:meetCriteria(91)) - Pipeline Placement: Doesn't meet the criteria to be viable node： 6f3631be-ef72-40c3-a17d-cb6a2edd0adf Heaviness: 6 limit: 5
2019-09-20 10:25:47,175 [grpc-default-executor-4] INFO  impl.RaftServerProxy (RaftServerProxy.java:addNew(89)) - e238300f-1c21-4f37-b50e-3ecfb3791348: addNew group-170B642BA3D2:[e238300f-1c21-4f37-b50e-3ecfb3791348:192.168.36.99:41864] returns group-170B642BA3D2:java.util.concurrent.CompletableFuture@2d9ec935[Not completed]
2019-09-20 10:25:47,176 [pool-430-thread-1] INFO  impl.RaftServerImpl (RaftServerImpl.java:<init>(93)) - e238300f-1c21-4f37-b50e-3ecfb3791348: new RaftServerImpl for group-170B642BA3D2:[e238300f-1c21-4f37-b50e-3ecfb3791348:192.168.36.99:41864] with ContainerStateMachine:uninitialized
2019-09-20 10:25:47,176 [pool-430-thread-1] INFO  server.RaftServerConfigKeys (ConfUtils.java:logGet(43)) - raft.server.rpc.timeout.min = 5s (custom)
2019-09-20 10:25:47,176 [pool-430-thread-1] INFO  server.RaftServerConfigKeys (ConfUtils.java:logGet(43)) - raft.server.rpc.timeout.max = 5200ms (custom)
2019-09-20 10:25:47,176 [pool-430-thread-1] INFO  server.RaftServerConfigKeys (ConfUtils.java:logGet(43)) - raft.server.rpcslowness.timeout = 120s (custom)
2019-09-20 10:25:47,176 [pool-430-thread-1] INFO  server.RaftServerConfigKeys (ConfUtils.java:logGet(43)) - raft.server.sleep.deviation.threshold = 300 (default)
2019-09-20 10:25:47,176 [pool-430-thread-1] INFO  server.RaftServerConfigKeys (ConfUtils.java:logGet(43)) - raft.server.log.appender.install.snapshot.enabled = false (custom)
2019-09-20 10:25:47,176 [pool-430-thread-1] INFO  impl.RaftServerImpl (ServerState.java:<init>(105)) - e238300f-1c21-4f37-b50e-3ecfb3791348:group-170B642BA3D2 ConfigurationManager, init=-1: [e238300f-1c21-4f37-b50e-3ecfb3791348:192.168.36.99:41864], old=null, confs=<EMPTY_MAP>
2019-09-20 10:25:47,177 [pool-430-thread-1] INFO  server.RaftServerConfigKeys (ConfUtils.java:logGet(43)) - raft.server.storage.dir = [/workdir/hadoop-ozone/integration-test/target/test-dir/MiniOzoneClusterImpl-023400ba-597c-4990-9952-187ab727187d/datanode-2/data/ratis] (custom)
2019-09-20 10:25:47,177 [pool-430-thread-1] INFO  storage.RaftStorageDirectory (RaftStorageDirectory.java:analyzeStorage(246)) - The storage directory /workdir/hadoop-ozone/integration-test/target/test-dir/MiniOzoneClusterImpl-023400ba-597c-4990-9952-187ab727187d/datanode-2/data/ratis/edbb6ab3-aacc-4f45-9abb-170b642ba3d2 does not exist. Creating ...
2019-09-20 10:25:47,184 [pool-430-thread-1] INFO  storage.RaftStorageDirectory (RaftStorageDirectory.java:tryLock(328)) - Lock on /workdir/hadoop-ozone/integration-test/target/test-dir/MiniOzoneClusterImpl-023400ba-597c-4990-9952-187ab727187d/datanode-2/data/ratis/edbb6ab3-aacc-4f45-9abb-170b642ba3d2/in_use.lock acquired by nodename 28506@pr-hdds-1569-p5fx8-1226042367
2019-09-20 10:25:47,206 [pool-430-thread-1] INFO  storage.RaftStorage (RaftStorage.java:format(72)) - Storage directory /workdir/hadoop-ozone/integration-test/target/test-dir/MiniOzoneClusterImpl-023400ba-597c-4990-9952-187ab727187d/datanode-2/data/ratis/edbb6ab3-aacc-4f45-9abb-170b642ba3d2 has been successfully formatted.
2019-09-20 10:25:47,206 [pool-430-thread-1] INFO  ratis.ContainerStateMachine (ContainerStateMachine.java:loadSnapshot(226)) - group-170B642BA3D2: The snapshot info is null. Setting the last applied indexto:(t:0, i:~)
2019-09-20 10:25:47,206 [pool-430-thread-1] INFO  server.RaftServerConfigKeys (ConfUtils.java:logGet(43)) - raft.server.leader.election.timeout = 120s (custom)
2019-09-20 10:25:47,206 [pool-430-thread-1] INFO  server.RaftServerConfigKeys (ConfUtils.java:logGet(43)) - raft.server.log.use.memory = false (default)
2019-09-20 10:25:47,206 [pool-430-thread-1] INFO  server.RaftServerConfigKeys (ConfUtils.java:logGet(43)) - raft.server.log.purge.gap = 1000000 (custom)
2019-09-20 10:25:47,206 [pool-430-thread-1] INFO  server.RaftServerConfigKeys (ConfUtils.java:logGet(43)) - raft.server.log.appender.buffer.byte-limit = 33554432 (custom)
2019-09-20 10:25:47,207 [pool-430-thread-1] INFO  server.RaftServerConfigKeys (ConfUtils.java:logGet(43)) - raft.server.log.segment.size.max = 1048576 (custom)
2019-09-20 10:25:47,207 [pool-430-thread-1] INFO  server.RaftServerConfigKeys (ConfUtils.java:logGet(43)) - raft.server.log.segment.cache.num.max = 2 (custom)
2019-09-20 10:25:47,207 [pool-430-thread-1] INFO  segmented.SegmentedRaftLogWorker (SegmentedRaftLogWorker.java:<init>(172)) - new e238300f-1c21-4f37-b50e-3ecfb3791348-SegmentedRaftLogWorker:Storage Directory /workdir/hadoop-ozone/integration-test/target/test-dir/MiniOzoneClusterImpl-023400ba-597c-4990-9952-187ab727187d/datanode-2/data/ratis/edbb6ab3-aacc-4f45-9abb-170b642ba3d2 for RaftStorage:Storage Directory /workdir/hadoop-ozone/integration-test/target/test-dir/MiniOzoneClusterImpl-023400ba-597c-4990-9952-187ab727187d/datanode-2/data/ratis/edbb6ab3-aacc-4f45-9abb-170b642ba3d2
2019-09-20 10:25:47,207 [pool-430-thread-1] INFO  server.RaftServerConfigKeys (ConfUtils.java:logGet(43)) - raft.server.log.queue.byte-limit = 2147483647 (custom)
2019-09-20 10:25:47,207 [pool-430-thread-1] INFO  server.RaftServerConfigKeys (ConfUtils.java:logGet(43)) - raft.server.log.queue.element-limit = 1024 (custom)
2019-09-20 10:25:47,207 [pool-430-thread-1] INFO  server.RaftServerConfigKeys (ConfUtils.java:logGet(43)) - raft.server.log.segment.size.max = 1048576 (custom)
2019-09-20 10:25:47,207 [pool-430-thread-1] INFO  server.RaftServerConfigKeys (ConfUtils.java:logGet(43)) - raft.server.log.preallocated.size = 16384 (custom)
2019-09-20 10:25:47,207 [pool-430-thread-1] INFO  server.RaftServerConfigKeys (ConfUtils.java:logGet(43)) - raft.server.log.write.buffer.size = 33554432 (custom)
2019-09-20 10:25:47,208 [pool-430-thread-1] INFO  server.RaftServerConfigKeys (ConfUtils.java:logGet(43)) - raft.server.log.force.sync.num = 128 (default)
2019-09-20 10:25:47,208 [pool-430-thread-1] INFO  server.RaftServerConfigKeys (ConfUtils.java:logGet(43)) - raft.server.log.statemachine.data.sync = true (default)
2019-09-20 10:25:47,208 [pool-430-thread-1] INFO  server.RaftServerConfigKeys (ConfUtils.java:logGet(43)) - raft.server.log.statemachine.data.sync.timeout = 10s (default)
2019-09-20 10:25:47,208 [pool-430-thread-1] INFO  server.RaftServerConfigKeys (ConfUtils.java:logGet(43)) - raft.server.log.statemachine.data.sync.timeout.retry = -1 (default)
2019-09-20 10:25:47,208 [pool-430-thread-1] INFO  server.RaftServerConfigKeys (ConfUtils.java:logGet(43)) - raft.server.log.statemachine.data.caching.enabled = true (custom)
2019-09-20 10:25:47,208 [pool-430-thread-1] INFO  segmented.SegmentedRaftLogWorker (SegmentedRaftLogWorker.java:lambda$new$0(132)) - e238300f-1c21-4f37-b50e-3ecfb3791348-SegmentedRaftLogWorker:Storage Directory /workdir/hadoop-ozone/integration-test/target/test-dir/MiniOzoneClusterImpl-023400ba-597c-4990-9952-187ab727187d/datanode-2/data/ratis/edbb6ab3-aacc-4f45-9abb-170b642ba3d2: flushIndex: setUnconditionally 0 -> -1
2019-09-20 10:25:47,209 [pool-430-thread-1] INFO  server.RaftServerConfigKeys (ConfUtils.java:logGet(43)) - raft.server.snapshot.auto.trigger.enabled = true (custom)
2019-09-20 10:25:47,209 [pool-430-thread-1] INFO  server.RaftServerConfigKeys (ConfUtils.java:logGet(43)) - raft.server.snapshot.auto.trigger.threshold = 10000 (custom)
2019-09-20 10:25:47,209 [pool-430-thread-1] INFO  server.RaftServerConfigKeys (ConfUtils.java:logGet(43)) - raft.server.retrycache.expirytime = 600000ms (custom)
2019-09-20 10:25:47,209 [pool-430-thread-1] INFO  impl.RaftServerImpl (RaftServerImpl.java:start(180)) - e238300f-1c21-4f37-b50e-3ecfb3791348: start group-170B642BA3D2
2019-09-20 10:25:47,209 [pool-430-thread-1] INFO  impl.RaftServerImpl (RaftServerImpl.java:setRole(171)) - e238300f-1c21-4f37-b50e-3ecfb3791348:group-170B642BA3D2 changes role from null to FOLLOWER at term 0 for startAsFollower
2019-09-20 10:25:47,209 [pool-430-thread-1] INFO  impl.RoleInfo (RoleInfo.java:updateAndGet(143)) - e238300f-1c21-4f37-b50e-3ecfb3791348: start FollowerState
2019-09-20 10:25:47,210 [pool-430-thread-1] INFO  util.JmxRegister (JmxRegister.java:tryRegister(44)) - Successfully registered JMX Bean with object name Ratis:service=RaftServer,group=group-170B642BA3D2,id=e238300f-1c21-4f37-b50e-3ecfb3791348
2019-09-20 10:25:47,212 [RatisPipelineUtilsThread] INFO  pipeline.PipelineStateManager (PipelineStateManager.java:addPipeline(56)) - Created pipeline Pipeline[ Id: edbb6ab3-aacc-4f45-9abb-170b642ba3d2, Nodes: e238300f-1c21-4f37-b50e-3ecfb3791348{ip: 192.168.36.99, host: pr-hdds-1569-p5fx8-1226042367, networkLocation: /default-rack, certSerialId: null}, Type:RATIS, Factor:ONE, State:OPEN]
2019-09-20 10:25:47,212 [RatisPipelineUtilsThread] INFO  pipeline.PipelinePlacementPolicy (PipelinePlacementPolicy.java:meetCriteria(91)) - Pipeline Placement: Doesn't meet the criteria to be viable node： 0d89bd5b-f1f0-4d05-b956-8c5f0ef5931a Heaviness: 6 limit: 5
2019-09-20 10:25:47,212 [RatisPipelineUtilsThread] INFO  pipeline.PipelinePlacementPolicy (PipelinePlacementPolicy.java:meetCriteria(91)) - Pipeline Placement: Doesn't meet the criteria to be viable node： 6f3631be-ef72-40c3-a17d-cb6a2edd0adf Heaviness: 6 limit: 5
2019-09-20 10:25:47,217 [grpc-default-executor-4] INFO  impl.RaftServerProxy (RaftServerProxy.java:addNew(89)) - e238300f-1c21-4f37-b50e-3ecfb3791348: addNew group-A848AD38FAE0:[e238300f-1c21-4f37-b50e-3ecfb3791348:192.168.36.99:41864] returns group-A848AD38FAE0:java.util.concurrent.CompletableFuture@72e41f40[Not completed]
2019-09-20 10:25:47,218 [pool-430-thread-1] INFO  impl.RaftServerImpl (RaftServerImpl.java:<init>(93)) - e238300f-1c21-4f37-b50e-3ecfb3791348: new RaftServerImpl for group-A848AD38FAE0:[e238300f-1c21-4f37-b50e-3ecfb3791348:192.168.36.99:41864] with ContainerStateMachine:uninitialized
2019-09-20 10:25:47,218 [pool-430-thread-1] INFO  server.RaftServerConfigKeys (ConfUtils.java:logGet(43)) - raft.server.rpc.timeout.min = 5s (custom)
2019-09-20 10:25:47,218 [pool-430-thread-1] INFO  server.RaftServerConfigKeys (ConfUtils.java:logGet(43)) - raft.server.rpc.timeout.max = 5200ms (custom)
2019-09-20 10:25:47,218 [pool-430-thread-1] INFO  server.RaftServerConfigKeys (ConfUtils.java:logGet(43)) - raft.server.rpcslowness.timeout = 120s (custom)
2019-09-20 10:25:47,218 [pool-430-thread-1] INFO  server.RaftServerConfigKeys (ConfUtils.java:logGet(43)) - raft.server.sleep.deviation.threshold = 300 (default)
2019-09-20 10:25:47,219 [pool-430-thread-1] INFO  server.RaftServerConfigKeys (ConfUtils.java:logGet(43)) - raft.server.log.appender.install.snapshot.enabled = false (custom)
2019-09-20 10:25:47,219 [pool-430-thread-1] INFO  impl.RaftServerImpl (ServerState.java:<init>(105)) - e238300f-1c21-4f37-b50e-3ecfb3791348:group-A848AD38FAE0 ConfigurationManager, init=-1: [e238300f-1c21-4f37-b50e-3ecfb3791348:192.168.36.99:41864], old=null, confs=<EMPTY_MAP>
2019-09-20 10:25:47,219 [pool-430-thread-1] INFO  server.RaftServerConfigKeys (ConfUtils.java:logGet(43)) - raft.server.storage.dir = [/workdir/hadoop-ozone/integration-test/target/test-dir/MiniOzoneClusterImpl-023400ba-597c-4990-9952-187ab727187d/datanode-2/data/ratis] (custom)
2019-09-20 10:25:47,219 [pool-430-thread-1] INFO  storage.RaftStorageDirectory (RaftStorageDirectory.java:analyzeStorage(246)) - The storage directory /workdir/hadoop-ozone/integration-test/target/test-dir/MiniOzoneClusterImpl-023400ba-597c-4990-9952-187ab727187d/datanode-2/data/ratis/f54b09a1-494a-4ba1-9dc0-a848ad38fae0 does not exist. Creating ...
2019-09-20 10:25:47,249 [pool-430-thread-1] INFO  storage.RaftStorageDirectory (RaftStorageDirectory.java:tryLock(328)) - Lock on /workdir/hadoop-ozone/integration-test/target/test-dir/MiniOzoneClusterImpl-023400ba-597c-4990-9952-187ab727187d/datanode-2/data/ratis/f54b09a1-494a-4ba1-9dc0-a848ad38fae0/in_use.lock acquired by nodename 28506@pr-hdds-1569-p5fx8-1226042367
2019-09-20 10:25:47,266 [pool-430-thread-1] INFO  storage.RaftStorage (RaftStorage.java:format(72)) - Storage directory /workdir/hadoop-ozone/integration-test/target/test-dir/MiniOzoneClusterImpl-023400ba-597c-4990-9952-187ab727187d/datanode-2/data/ratis/f54b09a1-494a-4ba1-9dc0-a848ad38fae0 has been successfully formatted.
2019-09-20 10:25:47,266 [pool-430-thread-1] INFO  ratis.ContainerStateMachine (ContainerStateMachine.java:loadSnapshot(226)) - group-A848AD38FAE0: The snapshot info is null. Setting the last applied indexto:(t:0, i:~)
2019-09-20 10:25:47,266 [pool-430-thread-1] INFO  server.RaftServerConfigKeys (ConfUtils.java:logGet(43)) - raft.server.leader.election.timeout = 120s (custom)
2019-09-20 10:25:47,266 [pool-430-thread-1] INFO  server.RaftServerConfigKeys (ConfUtils.java:logGet(43)) - raft.server.log.use.memory = false (default)
2019-09-20 10:25:47,267 [pool-430-thread-1] INFO  server.RaftServerConfigKeys (ConfUtils.java:logGet(43)) - raft.server.log.purge.gap = 1000000 (custom)
2019-09-20 10:25:47,267 [pool-430-thread-1] INFO  server.RaftServerConfigKeys (ConfUtils.java:logGet(43)) - raft.server.log.appender.buffer.byte-limit = 33554432 (custom)
2019-09-20 10:25:47,267 [pool-430-thread-1] INFO  server.RaftServerConfigKeys (ConfUtils.java:logGet(43)) - raft.server.log.segment.size.max = 1048576 (custom)
2019-09-20 10:25:47,267 [pool-430-thread-1] INFO  server.RaftServerConfigKeys (ConfUtils.java:logGet(43)) - raft.server.log.segment.cache.num.max = 2 (custom)
2019-09-20 10:25:47,267 [pool-430-thread-1] INFO  segmented.SegmentedRaftLogWorker (SegmentedRaftLogWorker.java:<init>(172)) - new e238300f-1c21-4f37-b50e-3ecfb3791348-SegmentedRaftLogWorker:Storage Directory /workdir/hadoop-ozone/integration-test/target/test-dir/MiniOzoneClusterImpl-023400ba-597c-4990-9952-187ab727187d/datanode-2/data/ratis/f54b09a1-494a-4ba1-9dc0-a848ad38fae0 for RaftStorage:Storage Directory /workdir/hadoop-ozone/integration-test/target/test-dir/MiniOzoneClusterImpl-023400ba-597c-4990-9952-187ab727187d/datanode-2/data/ratis/f54b09a1-494a-4ba1-9dc0-a848ad38fae0
2019-09-20 10:25:47,267 [pool-430-thread-1] INFO  server.RaftServerConfigKeys (ConfUtils.java:logGet(43)) - raft.server.log.queue.byte-limit = 2147483647 (custom)
2019-09-20 10:25:47,267 [pool-430-thread-1] INFO  server.RaftServerConfigKeys (ConfUtils.java:logGet(43)) - raft.server.log.queue.element-limit = 1024 (custom)
2019-09-20 10:25:47,267 [pool-430-thread-1] INFO  server.RaftServerConfigKeys (ConfUtils.java:logGet(43)) - raft.server.log.segment.size.max = 1048576 (custom)
2019-09-20 10:25:47,268 [pool-430-thread-1] INFO  server.RaftServerConfigKeys (ConfUtils.java:logGet(43)) - raft.server.log.preallocated.size = 16384 (custom)
2019-09-20 10:25:47,268 [pool-430-thread-1] INFO  server.RaftServerConfigKeys (ConfUtils.java:logGet(43)) - raft.server.log.write.buffer.size = 33554432 (custom)
2019-09-20 10:25:47,268 [pool-430-thread-1] INFO  server.RaftServerConfigKeys (ConfUtils.java:logGet(43)) - raft.server.log.force.sync.num = 128 (default)
2019-09-20 10:25:47,268 [pool-430-thread-1] INFO  server.RaftServerConfigKeys (ConfUtils.java:logGet(43)) - raft.server.log.statemachine.data.sync = true (default)
2019-09-20 10:25:47,268 [pool-430-thread-1] INFO  server.RaftServerConfigKeys (ConfUtils.java:logGet(43)) - raft.server.log.statemachine.data.sync.timeout = 10s (default)
2019-09-20 10:25:47,268 [pool-430-thread-1] INFO  server.RaftServerConfigKeys (ConfUtils.java:logGet(43)) - raft.server.log.statemachine.data.sync.timeout.retry = -1 (default)
2019-09-20 10:25:47,268 [pool-430-thread-1] INFO  server.RaftServerConfigKeys (ConfUtils.java:logGet(43)) - raft.server.log.statemachine.data.caching.enabled = true (custom)
2019-09-20 10:25:47,269 [pool-430-thread-1] INFO  segmented.SegmentedRaftLogWorker (SegmentedRaftLogWorker.java:lambda$new$0(132)) - e238300f-1c21-4f37-b50e-3ecfb3791348-SegmentedRaftLogWorker:Storage Directory /workdir/hadoop-ozone/integration-test/target/test-dir/MiniOzoneClusterImpl-023400ba-597c-4990-9952-187ab727187d/datanode-2/data/ratis/f54b09a1-494a-4ba1-9dc0-a848ad38fae0: flushIndex: setUnconditionally 0 -> -1
2019-09-20 10:25:47,269 [pool-430-thread-1] INFO  server.RaftServerConfigKeys (ConfUtils.java:logGet(43)) - raft.server.snapshot.auto.trigger.enabled = true (custom)
2019-09-20 10:25:47,269 [pool-430-thread-1] INFO  server.RaftServerConfigKeys (ConfUtils.java:logGet(43)) - raft.server.snapshot.auto.trigger.threshold = 10000 (custom)
2019-09-20 10:25:47,269 [pool-430-thread-1] INFO  server.RaftServerConfigKeys (ConfUtils.java:logGet(43)) - raft.server.retrycache.expirytime = 600000ms (custom)
2019-09-20 10:25:47,269 [pool-430-thread-1] INFO  impl.RaftServerImpl (RaftServerImpl.java:start(180)) - e238300f-1c21-4f37-b50e-3ecfb3791348: start group-A848AD38FAE0
2019-09-20 10:25:47,269 [pool-430-thread-1] INFO  impl.RaftServerImpl (RaftServerImpl.java:setRole(171)) - e238300f-1c21-4f37-b50e-3ecfb3791348:group-A848AD38FAE0 changes role from null to FOLLOWER at term 0 for startAsFollower
2019-09-20 10:25:47,269 [pool-430-thread-1] INFO  impl.RoleInfo (RoleInfo.java:updateAndGet(143)) - e238300f-1c21-4f37-b50e-3ecfb3791348: start FollowerState
2019-09-20 10:25:47,270 [pool-430-thread-1] INFO  util.JmxRegister (JmxRegister.java:tryRegister(44)) - Successfully registered JMX Bean with object name Ratis:service=RaftServer,group=group-A848AD38FAE0,id=e238300f-1c21-4f37-b50e-3ecfb3791348
2019-09-20 10:25:47,272 [RatisPipelineUtilsThread] INFO  pipeline.PipelineStateManager (PipelineStateManager.java:addPipeline(56)) - Created pipeline Pipeline[ Id: f54b09a1-494a-4ba1-9dc0-a848ad38fae0, Nodes: e238300f-1c21-4f37-b50e-3ecfb3791348{ip: 192.168.36.99, host: pr-hdds-1569-p5fx8-1226042367, networkLocation: /default-rack, certSerialId: null}, Type:RATIS, Factor:ONE, State:OPEN]
2019-09-20 10:25:47,272 [RatisPipelineUtilsThread] INFO  pipeline.PipelinePlacementPolicy (PipelinePlacementPolicy.java:meetCriteria(91)) - Pipeline Placement: Doesn't meet the criteria to be viable node： 0d89bd5b-f1f0-4d05-b956-8c5f0ef5931a Heaviness: 6 limit: 5
2019-09-20 10:25:47,273 [RatisPipelineUtilsThread] INFO  pipeline.PipelinePlacementPolicy (PipelinePlacementPolicy.java:meetCriteria(91)) - Pipeline Placement: Doesn't meet the criteria to be viable node： e238300f-1c21-4f37-b50e-3ecfb3791348 Heaviness: 6 limit: 5
2019-09-20 10:25:47,273 [RatisPipelineUtilsThread] INFO  pipeline.PipelinePlacementPolicy (PipelinePlacementPolicy.java:meetCriteria(91)) - Pipeline Placement: Doesn't meet the criteria to be viable node： 6f3631be-ef72-40c3-a17d-cb6a2edd0adf Heaviness: 6 limit: 5
2019-09-20 10:25:47,273 [RatisPipelineUtilsThread] ERROR pipeline.PipelinePlacementPolicy (PipelinePlacementPolicy.java:filterViableNodes(148)) - Unable to find enough nodes that meet the criteria that cannot engage in more than 5 pipelines. Nodes required: 1 Found: 0, healthy nodes count inNodeManager: 3.
2019-09-20 10:25:47,273 [RatisPipelineUtilsThread] ERROR pipeline.SCMPipelineManager (SCMPipelineManager.java:createPipeline(161)) - Pipeline creation failed due to exception: Unable to find enough nodes that meet the criteria that cannot engage in more than 5 pipelines. Nodes required: 1 Found: 0, healthy nodes count inNodeManager: 3.
2019-09-20 10:25:47,273 [RatisPipelineUtilsThread] INFO  pipeline.PipelinePlacementPolicy (PipelinePlacementPolicy.java:meetCriteria(91)) - Pipeline Placement: Doesn't meet the criteria to be viable node： 0d89bd5b-f1f0-4d05-b956-8c5f0ef5931a Heaviness: 6 limit: 5
2019-09-20 10:25:47,274 [RatisPipelineUtilsThread] INFO  pipeline.PipelinePlacementPolicy (PipelinePlacementPolicy.java:meetCriteria(91)) - Pipeline Placement: Doesn't meet the criteria to be viable node： e238300f-1c21-4f37-b50e-3ecfb3791348 Heaviness: 6 limit: 5
2019-09-20 10:25:47,274 [RatisPipelineUtilsThread] INFO  pipeline.PipelinePlacementPolicy (PipelinePlacementPolicy.java:meetCriteria(91)) - Pipeline Placement: Doesn't meet the criteria to be viable node： 6f3631be-ef72-40c3-a17d-cb6a2edd0adf Heaviness: 6 limit: 5
2019-09-20 10:25:47,274 [RatisPipelineUtilsThread] ERROR pipeline.PipelinePlacementPolicy (PipelinePlacementPolicy.java:filterViableNodes(148)) - Unable to find enough nodes that meet the criteria that cannot engage in more than 5 pipelines. Nodes required: 3 Found: 0, healthy nodes count inNodeManager: 3.
2019-09-20 10:25:47,274 [RatisPipelineUtilsThread] ERROR pipeline.SCMPipelineManager (SCMPipelineManager.java:createPipeline(161)) - Pipeline creation failed due to exception: Unable to find enough nodes that meet the criteria that cannot engage in more than 5 pipelines. Nodes required: 3 Found: 0, healthy nodes count inNodeManager: 3.
2019-09-20 10:25:47,433 [IPC Server handler 0 on 35622] INFO  net.NetworkTopology (NetworkTopologyImpl.java:add(110)) - Added a new node: /default-rack/a3551cd1-78f2-43f6-afc0-6c6852e9cef9
2019-09-20 10:25:47,433 [RatisPipelineUtilsThread] INFO  pipeline.PipelinePlacementPolicy (PipelinePlacementPolicy.java:meetCriteria(91)) - Pipeline Placement: Doesn't meet the criteria to be viable node： 0d89bd5b-f1f0-4d05-b956-8c5f0ef5931a Heaviness: 6 limit: 5
2019-09-20 10:25:47,433 [RatisPipelineUtilsThread] INFO  pipeline.PipelinePlacementPolicy (PipelinePlacementPolicy.java:meetCriteria(91)) - Pipeline Placement: Doesn't meet the criteria to be viable node： e238300f-1c21-4f37-b50e-3ecfb3791348 Heaviness: 6 limit: 5
2019-09-20 10:25:47,433 [RatisPipelineUtilsThread] INFO  pipeline.PipelinePlacementPolicy (PipelinePlacementPolicy.java:meetCriteria(91)) - Pipeline Placement: Doesn't meet the criteria to be viable node： 6f3631be-ef72-40c3-a17d-cb6a2edd0adf Heaviness: 6 limit: 5
2019-09-20 10:25:47,433 [IPC Server handler 0 on 35622] INFO  node.SCMNodeManager (SCMNodeManager.java:register(273)) - Registered Data node : a3551cd1-78f2-43f6-afc0-6c6852e9cef9{ip: 192.168.36.99, host: pr-hdds-1569-p5fx8-1226042367, networkLocation: /default-rack, certSerialId: null}
2019-09-20 10:25:47,434 | INFO  | SCMAudit | user=jenkins1000 | ip=192.168.36.99 | op=REGISTER {datanodeDetails=a3551cd1-78f2-43f6-afc0-6c6852e9cef9{ip: 192.168.36.99, host: pr-hdds-1569-p5fx8-1226042367, networkLocation: /default-rack, certSerialId: null}} | ret=SUCCESS |  
2019-09-20 10:25:47,456 [grpc-default-executor-4] INFO  impl.RaftServerProxy (RaftServerProxy.java:addNew(89)) - a3551cd1-78f2-43f6-afc0-6c6852e9cef9: addNew group-8850B4DE4774:[a3551cd1-78f2-43f6-afc0-6c6852e9cef9:192.168.36.99:44444] returns group-8850B4DE4774:java.util.concurrent.CompletableFuture@15262872[Not completed]
2019-09-20 10:25:47,457 [pool-441-thread-1] INFO  impl.RaftServerImpl (RaftServerImpl.java:<init>(93)) - a3551cd1-78f2-43f6-afc0-6c6852e9cef9: new RaftServerImpl for group-8850B4DE4774:[a3551cd1-78f2-43f6-afc0-6c6852e9cef9:192.168.36.99:44444] with ContainerStateMachine:uninitialized
2019-09-20 10:25:47,457 [pool-441-thread-1] INFO  server.RaftServerConfigKeys (ConfUtils.java:logGet(43)) - raft.server.rpc.timeout.min = 5s (custom)
2019-09-20 10:25:47,457 [pool-441-thread-1] INFO  server.RaftServerConfigKeys (ConfUtils.java:logGet(43)) - raft.server.rpc.timeout.max = 5200ms (custom)
2019-09-20 10:25:47,457 [pool-441-thread-1] INFO  server.RaftServerConfigKeys (ConfUtils.java:logGet(43)) - raft.server.rpcslowness.timeout = 120s (custom)
2019-09-20 10:25:47,457 [pool-441-thread-1] INFO  server.RaftServerConfigKeys (ConfUtils.java:logGet(43)) - raft.server.sleep.deviation.threshold = 300 (default)
2019-09-20 10:25:47,457 [pool-441-thread-1] INFO  server.RaftServerConfigKeys (ConfUtils.java:logGet(43)) - raft.server.log.appender.install.snapshot.enabled = false (custom)
2019-09-20 10:25:47,458 [pool-441-thread-1] INFO  impl.RaftServerImpl (ServerState.java:<init>(105)) - a3551cd1-78f2-43f6-afc0-6c6852e9cef9:group-8850B4DE4774 ConfigurationManager, init=-1: [a3551cd1-78f2-43f6-afc0-6c6852e9cef9:192.168.36.99:44444], old=null, confs=<EMPTY_MAP>
2019-09-20 10:25:47,458 [pool-441-thread-1] INFO  server.RaftServerConfigKeys (ConfUtils.java:logGet(43)) - raft.server.storage.dir = [/workdir/hadoop-ozone/integration-test/target/test-dir/MiniOzoneClusterImpl-023400ba-597c-4990-9952-187ab727187d/datanode-3/data/ratis] (custom)
2019-09-20 10:25:47,458 [pool-441-thread-1] INFO  storage.RaftStorageDirectory (RaftStorageDirectory.java:analyzeStorage(246)) - The storage directory /workdir/hadoop-ozone/integration-test/target/test-dir/MiniOzoneClusterImpl-023400ba-597c-4990-9952-187ab727187d/datanode-3/data/ratis/b62395ad-7f87-44ea-a9f0-8850b4de4774 does not exist. Creating ...
2019-09-20 10:25:47,491 [pool-441-thread-1] INFO  storage.RaftStorageDirectory (RaftStorageDirectory.java:tryLock(328)) - Lock on /workdir/hadoop-ozone/integration-test/target/test-dir/MiniOzoneClusterImpl-023400ba-597c-4990-9952-187ab727187d/datanode-3/data/ratis/b62395ad-7f87-44ea-a9f0-8850b4de4774/in_use.lock acquired by nodename 28506@pr-hdds-1569-p5fx8-1226042367
2019-09-20 10:25:47,508 [pool-441-thread-1] INFO  storage.RaftStorage (RaftStorage.java:format(72)) - Storage directory /workdir/hadoop-ozone/integration-test/target/test-dir/MiniOzoneClusterImpl-023400ba-597c-4990-9952-187ab727187d/datanode-3/data/ratis/b62395ad-7f87-44ea-a9f0-8850b4de4774 has been successfully formatted.
2019-09-20 10:25:47,508 [pool-441-thread-1] INFO  ratis.ContainerStateMachine (ContainerStateMachine.java:loadSnapshot(226)) - group-8850B4DE4774: The snapshot info is null. Setting the last applied indexto:(t:0, i:~)
2019-09-20 10:25:47,508 [pool-441-thread-1] INFO  server.RaftServerConfigKeys (ConfUtils.java:logGet(43)) - raft.server.leader.election.timeout = 120s (custom)
2019-09-20 10:25:47,508 [pool-441-thread-1] INFO  server.RaftServerConfigKeys (ConfUtils.java:logGet(43)) - raft.server.log.use.memory = false (default)
2019-09-20 10:25:47,509 [pool-441-thread-1] INFO  server.RaftServerConfigKeys (ConfUtils.java:logGet(43)) - raft.server.log.purge.gap = 1000000 (custom)
2019-09-20 10:25:47,509 [pool-441-thread-1] INFO  server.RaftServerConfigKeys (ConfUtils.java:logGet(43)) - raft.server.log.appender.buffer.byte-limit = 33554432 (custom)
2019-09-20 10:25:47,509 [pool-441-thread-1] INFO  server.RaftServerConfigKeys (ConfUtils.java:logGet(43)) - raft.server.log.segment.size.max = 1048576 (custom)
2019-09-20 10:25:47,509 [pool-441-thread-1] INFO  server.RaftServerConfigKeys (ConfUtils.java:logGet(43)) - raft.server.log.segment.cache.num.max = 2 (custom)
2019-09-20 10:25:47,509 [pool-441-thread-1] INFO  segmented.SegmentedRaftLogWorker (SegmentedRaftLogWorker.java:<init>(172)) - new a3551cd1-78f2-43f6-afc0-6c6852e9cef9-SegmentedRaftLogWorker:Storage Directory /workdir/hadoop-ozone/integration-test/target/test-dir/MiniOzoneClusterImpl-023400ba-597c-4990-9952-187ab727187d/datanode-3/data/ratis/b62395ad-7f87-44ea-a9f0-8850b4de4774 for RaftStorage:Storage Directory /workdir/hadoop-ozone/integration-test/target/test-dir/MiniOzoneClusterImpl-023400ba-597c-4990-9952-187ab727187d/datanode-3/data/ratis/b62395ad-7f87-44ea-a9f0-8850b4de4774
2019-09-20 10:25:47,509 [pool-441-thread-1] INFO  server.RaftServerConfigKeys (ConfUtils.java:logGet(43)) - raft.server.log.queue.byte-limit = 2147483647 (custom)
2019-09-20 10:25:47,509 [pool-441-thread-1] INFO  server.RaftServerConfigKeys (ConfUtils.java:logGet(43)) - raft.server.log.queue.element-limit = 1024 (custom)
2019-09-20 10:25:47,510 [pool-441-thread-1] INFO  server.RaftServerConfigKeys (ConfUtils.java:logGet(43)) - raft.server.log.segment.size.max = 1048576 (custom)
2019-09-20 10:25:47,510 [pool-441-thread-1] INFO  server.RaftServerConfigKeys (ConfUtils.java:logGet(43)) - raft.server.log.preallocated.size = 16384 (custom)
2019-09-20 10:25:47,510 [pool-441-thread-1] INFO  server.RaftServerConfigKeys (ConfUtils.java:logGet(43)) - raft.server.log.write.buffer.size = 33554432 (custom)
2019-09-20 10:25:47,510 [pool-441-thread-1] INFO  server.RaftServerConfigKeys (ConfUtils.java:logGet(43)) - raft.server.log.force.sync.num = 128 (default)
2019-09-20 10:25:47,510 [pool-441-thread-1] INFO  server.RaftServerConfigKeys (ConfUtils.java:logGet(43)) - raft.server.log.statemachine.data.sync = true (default)
2019-09-20 10:25:47,510 [pool-441-thread-1] INFO  server.RaftServerConfigKeys (ConfUtils.java:logGet(43)) - raft.server.log.statemachine.data.sync.timeout = 10s (default)
2019-09-20 10:25:47,510 [pool-441-thread-1] INFO  server.RaftServerConfigKeys (ConfUtils.java:logGet(43)) - raft.server.log.statemachine.data.sync.timeout.retry = -1 (default)
2019-09-20 10:25:47,511 [pool-441-thread-1] INFO  server.RaftServerConfigKeys (ConfUtils.java:logGet(43)) - raft.server.log.statemachine.data.caching.enabled = true (custom)
2019-09-20 10:25:47,511 [pool-441-thread-1] INFO  segmented.SegmentedRaftLogWorker (SegmentedRaftLogWorker.java:lambda$new$0(132)) - a3551cd1-78f2-43f6-afc0-6c6852e9cef9-SegmentedRaftLogWorker:Storage Directory /workdir/hadoop-ozone/integration-test/target/test-dir/MiniOzoneClusterImpl-023400ba-597c-4990-9952-187ab727187d/datanode-3/data/ratis/b62395ad-7f87-44ea-a9f0-8850b4de4774: flushIndex: setUnconditionally 0 -> -1
2019-09-20 10:25:47,511 [pool-441-thread-1] INFO  server.RaftServerConfigKeys (ConfUtils.java:logGet(43)) - raft.server.snapshot.auto.trigger.enabled = true (custom)
2019-09-20 10:25:47,511 [pool-441-thread-1] INFO  server.RaftServerConfigKeys (ConfUtils.java:logGet(43)) - raft.server.snapshot.auto.trigger.threshold = 10000 (custom)
2019-09-20 10:25:47,512 [pool-441-thread-1] INFO  server.RaftServerConfigKeys (ConfUtils.java:logGet(43)) - raft.server.retrycache.expirytime = 600000ms (custom)
2019-09-20 10:25:47,512 [pool-441-thread-1] INFO  impl.RaftServerImpl (RaftServerImpl.java:start(180)) - a3551cd1-78f2-43f6-afc0-6c6852e9cef9: start group-8850B4DE4774
2019-09-20 10:25:47,512 [pool-441-thread-1] INFO  impl.RaftServerImpl (RaftServerImpl.java:setRole(171)) - a3551cd1-78f2-43f6-afc0-6c6852e9cef9:group-8850B4DE4774 changes role from null to FOLLOWER at term 0 for startAsFollower
2019-09-20 10:25:47,512 [pool-441-thread-1] INFO  impl.RoleInfo (RoleInfo.java:updateAndGet(143)) - a3551cd1-78f2-43f6-afc0-6c6852e9cef9: start FollowerState
2019-09-20 10:25:47,512 [pool-441-thread-1] INFO  util.JmxRegister (JmxRegister.java:tryRegister(44)) - Successfully registered JMX Bean with object name Ratis:service=RaftServer,group=group-8850B4DE4774,id=a3551cd1-78f2-43f6-afc0-6c6852e9cef9
2019-09-20 10:25:47,515 [RatisPipelineUtilsThread] INFO  pipeline.PipelineStateManager (PipelineStateManager.java:addPipeline(56)) - Created pipeline Pipeline[ Id: b62395ad-7f87-44ea-a9f0-8850b4de4774, Nodes: a3551cd1-78f2-43f6-afc0-6c6852e9cef9{ip: 192.168.36.99, host: pr-hdds-1569-p5fx8-1226042367, networkLocation: /default-rack, certSerialId: null}, Type:RATIS, Factor:ONE, State:OPEN]
2019-09-20 10:25:47,516 [RatisPipelineUtilsThread] INFO  pipeline.PipelinePlacementPolicy (PipelinePlacementPolicy.java:meetCriteria(91)) - Pipeline Placement: Doesn't meet the criteria to be viable node： 0d89bd5b-f1f0-4d05-b956-8c5f0ef5931a Heaviness: 6 limit: 5
2019-09-20 10:25:47,516 [RatisPipelineUtilsThread] INFO  pipeline.PipelinePlacementPolicy (PipelinePlacementPolicy.java:meetCriteria(91)) - Pipeline Placement: Doesn't meet the criteria to be viable node： e238300f-1c21-4f37-b50e-3ecfb3791348 Heaviness: 6 limit: 5
2019-09-20 10:25:47,516 [RatisPipelineUtilsThread] INFO  pipeline.PipelinePlacementPolicy (PipelinePlacementPolicy.java:meetCriteria(91)) - Pipeline Placement: Doesn't meet the criteria to be viable node： 6f3631be-ef72-40c3-a17d-cb6a2edd0adf Heaviness: 6 limit: 5
2019-09-20 10:25:47,521 [grpc-default-executor-4] INFO  impl.RaftServerProxy (RaftServerProxy.java:addNew(89)) - a3551cd1-78f2-43f6-afc0-6c6852e9cef9: addNew group-81270EDE2151:[a3551cd1-78f2-43f6-afc0-6c6852e9cef9:192.168.36.99:44444] returns group-81270EDE2151:java.util.concurrent.CompletableFuture@56d6fe7b[Not completed]
2019-09-20 10:25:47,522 [pool-441-thread-1] INFO  impl.RaftServerImpl (RaftServerImpl.java:<init>(93)) - a3551cd1-78f2-43f6-afc0-6c6852e9cef9: new RaftServerImpl for group-81270EDE2151:[a3551cd1-78f2-43f6-afc0-6c6852e9cef9:192.168.36.99:44444] with ContainerStateMachine:uninitialized
2019-09-20 10:25:47,522 [pool-441-thread-1] INFO  server.RaftServerConfigKeys (ConfUtils.java:logGet(43)) - raft.server.rpc.timeout.min = 5s (custom)
2019-09-20 10:25:47,522 [pool-441-thread-1] INFO  server.RaftServerConfigKeys (ConfUtils.java:logGet(43)) - raft.server.rpc.timeout.max = 5200ms (custom)
2019-09-20 10:25:47,522 [pool-441-thread-1] INFO  server.RaftServerConfigKeys (ConfUtils.java:logGet(43)) - raft.server.rpcslowness.timeout = 120s (custom)
2019-09-20 10:25:47,523 [pool-441-thread-1] INFO  server.RaftServerConfigKeys (ConfUtils.java:logGet(43)) - raft.server.sleep.deviation.threshold = 300 (default)
2019-09-20 10:25:47,523 [pool-441-thread-1] INFO  server.RaftServerConfigKeys (ConfUtils.java:logGet(43)) - raft.server.log.appender.install.snapshot.enabled = false (custom)
2019-09-20 10:25:47,523 [pool-441-thread-1] INFO  impl.RaftServerImpl (ServerState.java:<init>(105)) - a3551cd1-78f2-43f6-afc0-6c6852e9cef9:group-81270EDE2151 ConfigurationManager, init=-1: [a3551cd1-78f2-43f6-afc0-6c6852e9cef9:192.168.36.99:44444], old=null, confs=<EMPTY_MAP>
2019-09-20 10:25:47,523 [pool-441-thread-1] INFO  server.RaftServerConfigKeys (ConfUtils.java:logGet(43)) - raft.server.storage.dir = [/workdir/hadoop-ozone/integration-test/target/test-dir/MiniOzoneClusterImpl-023400ba-597c-4990-9952-187ab727187d/datanode-3/data/ratis] (custom)
2019-09-20 10:25:47,523 [pool-441-thread-1] INFO  storage.RaftStorageDirectory (RaftStorageDirectory.java:analyzeStorage(246)) - The storage directory /workdir/hadoop-ozone/integration-test/target/test-dir/MiniOzoneClusterImpl-023400ba-597c-4990-9952-187ab727187d/datanode-3/data/ratis/aa9cb027-a215-46f4-96b7-81270ede2151 does not exist. Creating ...
2019-09-20 10:25:47,560 [pool-441-thread-1] INFO  storage.RaftStorageDirectory (RaftStorageDirectory.java:tryLock(328)) - Lock on /workdir/hadoop-ozone/integration-test/target/test-dir/MiniOzoneClusterImpl-023400ba-597c-4990-9952-187ab727187d/datanode-3/data/ratis/aa9cb027-a215-46f4-96b7-81270ede2151/in_use.lock acquired by nodename 28506@pr-hdds-1569-p5fx8-1226042367
2019-09-20 10:25:47,578 [pool-441-thread-1] INFO  storage.RaftStorage (RaftStorage.java:format(72)) - Storage directory /workdir/hadoop-ozone/integration-test/target/test-dir/MiniOzoneClusterImpl-023400ba-597c-4990-9952-187ab727187d/datanode-3/data/ratis/aa9cb027-a215-46f4-96b7-81270ede2151 has been successfully formatted.
2019-09-20 10:25:47,578 [pool-441-thread-1] INFO  ratis.ContainerStateMachine (ContainerStateMachine.java:loadSnapshot(226)) - group-81270EDE2151: The snapshot info is null. Setting the last applied indexto:(t:0, i:~)
2019-09-20 10:25:47,578 [pool-441-thread-1] INFO  server.RaftServerConfigKeys (ConfUtils.java:logGet(43)) - raft.server.leader.election.timeout = 120s (custom)
2019-09-20 10:25:47,579 [pool-441-thread-1] INFO  server.RaftServerConfigKeys (ConfUtils.java:logGet(43)) - raft.server.log.use.memory = false (default)
2019-09-20 10:25:47,579 [pool-441-thread-1] INFO  server.RaftServerConfigKeys (ConfUtils.java:logGet(43)) - raft.server.log.purge.gap = 1000000 (custom)
2019-09-20 10:25:47,579 [pool-441-thread-1] INFO  server.RaftServerConfigKeys (ConfUtils.java:logGet(43)) - raft.server.log.appender.buffer.byte-limit = 33554432 (custom)
2019-09-20 10:25:47,579 [pool-441-thread-1] INFO  server.RaftServerConfigKeys (ConfUtils.java:logGet(43)) - raft.server.log.segment.size.max = 1048576 (custom)
2019-09-20 10:25:47,579 [pool-441-thread-1] INFO  server.RaftServerConfigKeys (ConfUtils.java:logGet(43)) - raft.server.log.segment.cache.num.max = 2 (custom)
2019-09-20 10:25:47,579 [pool-441-thread-1] INFO  segmented.SegmentedRaftLogWorker (SegmentedRaftLogWorker.java:<init>(172)) - new a3551cd1-78f2-43f6-afc0-6c6852e9cef9-SegmentedRaftLogWorker:Storage Directory /workdir/hadoop-ozone/integration-test/target/test-dir/MiniOzoneClusterImpl-023400ba-597c-4990-9952-187ab727187d/datanode-3/data/ratis/aa9cb027-a215-46f4-96b7-81270ede2151 for RaftStorage:Storage Directory /workdir/hadoop-ozone/integration-test/target/test-dir/MiniOzoneClusterImpl-023400ba-597c-4990-9952-187ab727187d/datanode-3/data/ratis/aa9cb027-a215-46f4-96b7-81270ede2151
2019-09-20 10:25:47,579 [pool-441-thread-1] INFO  server.RaftServerConfigKeys (ConfUtils.java:logGet(43)) - raft.server.log.queue.byte-limit = 2147483647 (custom)
2019-09-20 10:25:47,580 [pool-441-thread-1] INFO  server.RaftServerConfigKeys (ConfUtils.java:logGet(43)) - raft.server.log.queue.element-limit = 1024 (custom)
2019-09-20 10:25:47,580 [pool-441-thread-1] INFO  server.RaftServerConfigKeys (ConfUtils.java:logGet(43)) - raft.server.log.segment.size.max = 1048576 (custom)
2019-09-20 10:25:47,580 [pool-441-thread-1] INFO  server.RaftServerConfigKeys (ConfUtils.java:logGet(43)) - raft.server.log.preallocated.size = 16384 (custom)
2019-09-20 10:25:47,580 [pool-441-thread-1] INFO  server.RaftServerConfigKeys (ConfUtils.java:logGet(43)) - raft.server.log.write.buffer.size = 33554432 (custom)
2019-09-20 10:25:47,580 [pool-441-thread-1] INFO  server.RaftServerConfigKeys (ConfUtils.java:logGet(43)) - raft.server.log.force.sync.num = 128 (default)
2019-09-20 10:25:47,580 [pool-441-thread-1] INFO  server.RaftServerConfigKeys (ConfUtils.java:logGet(43)) - raft.server.log.statemachine.data.sync = true (default)
2019-09-20 10:25:47,580 [pool-441-thread-1] INFO  server.RaftServerConfigKeys (ConfUtils.java:logGet(43)) - raft.server.log.statemachine.data.sync.timeout = 10s (default)
2019-09-20 10:25:47,580 [pool-441-thread-1] INFO  server.RaftServerConfigKeys (ConfUtils.java:logGet(43)) - raft.server.log.statemachine.data.sync.timeout.retry = -1 (default)
2019-09-20 10:25:47,581 [pool-441-thread-1] INFO  server.RaftServerConfigKeys (ConfUtils.java:logGet(43)) - raft.server.log.statemachine.data.caching.enabled = true (custom)
2019-09-20 10:25:47,581 [pool-441-thread-1] INFO  segmented.SegmentedRaftLogWorker (SegmentedRaftLogWorker.java:lambda$new$0(132)) - a3551cd1-78f2-43f6-afc0-6c6852e9cef9-SegmentedRaftLogWorker:Storage Directory /workdir/hadoop-ozone/integration-test/target/test-dir/MiniOzoneClusterImpl-023400ba-597c-4990-9952-187ab727187d/datanode-3/data/ratis/aa9cb027-a215-46f4-96b7-81270ede2151: flushIndex: setUnconditionally 0 -> -1
2019-09-20 10:25:47,581 [pool-441-thread-1] INFO  server.RaftServerConfigKeys (ConfUtils.java:logGet(43)) - raft.server.snapshot.auto.trigger.enabled = true (custom)
2019-09-20 10:25:47,581 [pool-441-thread-1] INFO  server.RaftServerConfigKeys (ConfUtils.java:logGet(43)) - raft.server.snapshot.auto.trigger.threshold = 10000 (custom)
2019-09-20 10:25:47,582 [pool-441-thread-1] INFO  server.RaftServerConfigKeys (ConfUtils.java:logGet(43)) - raft.server.retrycache.expirytime = 600000ms (custom)
2019-09-20 10:25:47,582 [pool-441-thread-1] INFO  impl.RaftServerImpl (RaftServerImpl.java:start(180)) - a3551cd1-78f2-43f6-afc0-6c6852e9cef9: start group-81270EDE2151
2019-09-20 10:25:47,582 [pool-441-thread-1] INFO  impl.RaftServerImpl (RaftServerImpl.java:setRole(171)) - a3551cd1-78f2-43f6-afc0-6c6852e9cef9:group-81270EDE2151 changes role from null to FOLLOWER at term 0 for startAsFollower
2019-09-20 10:25:47,582 [pool-441-thread-1] INFO  impl.RoleInfo (RoleInfo.java:updateAndGet(143)) - a3551cd1-78f2-43f6-afc0-6c6852e9cef9: start FollowerState
2019-09-20 10:25:47,582 [pool-441-thread-1] INFO  util.JmxRegister (JmxRegister.java:tryRegister(44)) - Successfully registered JMX Bean with object name Ratis:service=RaftServer,group=group-81270EDE2151,id=a3551cd1-78f2-43f6-afc0-6c6852e9cef9
2019-09-20 10:25:47,585 [RatisPipelineUtilsThread] INFO  pipeline.PipelineStateManager (PipelineStateManager.java:addPipeline(56)) - Created pipeline Pipeline[ Id: aa9cb027-a215-46f4-96b7-81270ede2151, Nodes: a3551cd1-78f2-43f6-afc0-6c6852e9cef9{ip: 192.168.36.99, host: pr-hdds-1569-p5fx8-1226042367, networkLocation: /default-rack, certSerialId: null}, Type:RATIS, Factor:ONE, State:OPEN]
2019-09-20 10:25:47,585 [RatisPipelineUtilsThread] INFO  pipeline.PipelinePlacementPolicy (PipelinePlacementPolicy.java:meetCriteria(91)) - Pipeline Placement: Doesn't meet the criteria to be viable node： 0d89bd5b-f1f0-4d05-b956-8c5f0ef5931a Heaviness: 6 limit: 5
2019-09-20 10:25:47,585 [RatisPipelineUtilsThread] INFO  pipeline.PipelinePlacementPolicy (PipelinePlacementPolicy.java:meetCriteria(91)) - Pipeline Placement: Doesn't meet the criteria to be viable node： e238300f-1c21-4f37-b50e-3ecfb3791348 Heaviness: 6 limit: 5
2019-09-20 10:25:47,586 [RatisPipelineUtilsThread] INFO  pipeline.PipelinePlacementPolicy (PipelinePlacementPolicy.java:meetCriteria(91)) - Pipeline Placement: Doesn't meet the criteria to be viable node： 6f3631be-ef72-40c3-a17d-cb6a2edd0adf Heaviness: 6 limit: 5
2019-09-20 10:25:47,590 [grpc-default-executor-4] INFO  impl.RaftServerProxy (RaftServerProxy.java:addNew(89)) - a3551cd1-78f2-43f6-afc0-6c6852e9cef9: addNew group-9847A26FDCC8:[a3551cd1-78f2-43f6-afc0-6c6852e9cef9:192.168.36.99:44444] returns group-9847A26FDCC8:java.util.concurrent.CompletableFuture@5deef64e[Not completed]
2019-09-20 10:25:47,591 [pool-441-thread-1] INFO  impl.RaftServerImpl (RaftServerImpl.java:<init>(93)) - a3551cd1-78f2-43f6-afc0-6c6852e9cef9: new RaftServerImpl for group-9847A26FDCC8:[a3551cd1-78f2-43f6-afc0-6c6852e9cef9:192.168.36.99:44444] with ContainerStateMachine:uninitialized
2019-09-20 10:25:47,591 [pool-441-thread-1] INFO  server.RaftServerConfigKeys (ConfUtils.java:logGet(43)) - raft.server.rpc.timeout.min = 5s (custom)
2019-09-20 10:25:47,591 [pool-441-thread-1] INFO  server.RaftServerConfigKeys (ConfUtils.java:logGet(43)) - raft.server.rpc.timeout.max = 5200ms (custom)
2019-09-20 10:25:47,592 [pool-441-thread-1] INFO  server.RaftServerConfigKeys (ConfUtils.java:logGet(43)) - raft.server.rpcslowness.timeout = 120s (custom)
2019-09-20 10:25:47,592 [pool-441-thread-1] INFO  server.RaftServerConfigKeys (ConfUtils.java:logGet(43)) - raft.server.sleep.deviation.threshold = 300 (default)
2019-09-20 10:25:47,592 [pool-441-thread-1] INFO  server.RaftServerConfigKeys (ConfUtils.java:logGet(43)) - raft.server.log.appender.install.snapshot.enabled = false (custom)
2019-09-20 10:25:47,592 [pool-441-thread-1] INFO  impl.RaftServerImpl (ServerState.java:<init>(105)) - a3551cd1-78f2-43f6-afc0-6c6852e9cef9:group-9847A26FDCC8 ConfigurationManager, init=-1: [a3551cd1-78f2-43f6-afc0-6c6852e9cef9:192.168.36.99:44444], old=null, confs=<EMPTY_MAP>
2019-09-20 10:25:47,592 [pool-441-thread-1] INFO  server.RaftServerConfigKeys (ConfUtils.java:logGet(43)) - raft.server.storage.dir = [/workdir/hadoop-ozone/integration-test/target/test-dir/MiniOzoneClusterImpl-023400ba-597c-4990-9952-187ab727187d/datanode-3/data/ratis] (custom)
2019-09-20 10:25:47,592 [pool-441-thread-1] INFO  storage.RaftStorageDirectory (RaftStorageDirectory.java:analyzeStorage(246)) - The storage directory /workdir/hadoop-ozone/integration-test/target/test-dir/MiniOzoneClusterImpl-023400ba-597c-4990-9952-187ab727187d/datanode-3/data/ratis/85f206f4-d392-4c8a-8e8a-9847a26fdcc8 does not exist. Creating ...
2019-09-20 10:25:47,618 [pool-441-thread-1] INFO  storage.RaftStorageDirectory (RaftStorageDirectory.java:tryLock(328)) - Lock on /workdir/hadoop-ozone/integration-test/target/test-dir/MiniOzoneClusterImpl-023400ba-597c-4990-9952-187ab727187d/datanode-3/data/ratis/85f206f4-d392-4c8a-8e8a-9847a26fdcc8/in_use.lock acquired by nodename 28506@pr-hdds-1569-p5fx8-1226042367
2019-09-20 10:25:47,642 [pool-441-thread-1] INFO  storage.RaftStorage (RaftStorage.java:format(72)) - Storage directory /workdir/hadoop-ozone/integration-test/target/test-dir/MiniOzoneClusterImpl-023400ba-597c-4990-9952-187ab727187d/datanode-3/data/ratis/85f206f4-d392-4c8a-8e8a-9847a26fdcc8 has been successfully formatted.
2019-09-20 10:25:47,642 [pool-441-thread-1] INFO  ratis.ContainerStateMachine (ContainerStateMachine.java:loadSnapshot(226)) - group-9847A26FDCC8: The snapshot info is null. Setting the last applied indexto:(t:0, i:~)
2019-09-20 10:25:47,642 [pool-441-thread-1] INFO  server.RaftServerConfigKeys (ConfUtils.java:logGet(43)) - raft.server.leader.election.timeout = 120s (custom)
2019-09-20 10:25:47,643 [pool-441-thread-1] INFO  server.RaftServerConfigKeys (ConfUtils.java:logGet(43)) - raft.server.log.use.memory = false (default)
2019-09-20 10:25:47,643 [pool-441-thread-1] INFO  server.RaftServerConfigKeys (ConfUtils.java:logGet(43)) - raft.server.log.purge.gap = 1000000 (custom)
2019-09-20 10:25:47,643 [pool-441-thread-1] INFO  server.RaftServerConfigKeys (ConfUtils.java:logGet(43)) - raft.server.log.appender.buffer.byte-limit = 33554432 (custom)
2019-09-20 10:25:47,643 [pool-441-thread-1] INFO  server.RaftServerConfigKeys (ConfUtils.java:logGet(43)) - raft.server.log.segment.size.max = 1048576 (custom)
2019-09-20 10:25:47,643 [pool-441-thread-1] INFO  server.RaftServerConfigKeys (ConfUtils.java:logGet(43)) - raft.server.log.segment.cache.num.max = 2 (custom)
2019-09-20 10:25:47,643 [pool-441-thread-1] INFO  segmented.SegmentedRaftLogWorker (SegmentedRaftLogWorker.java:<init>(172)) - new a3551cd1-78f2-43f6-afc0-6c6852e9cef9-SegmentedRaftLogWorker:Storage Directory /workdir/hadoop-ozone/integration-test/target/test-dir/MiniOzoneClusterImpl-023400ba-597c-4990-9952-187ab727187d/datanode-3/data/ratis/85f206f4-d392-4c8a-8e8a-9847a26fdcc8 for RaftStorage:Storage Directory /workdir/hadoop-ozone/integration-test/target/test-dir/MiniOzoneClusterImpl-023400ba-597c-4990-9952-187ab727187d/datanode-3/data/ratis/85f206f4-d392-4c8a-8e8a-9847a26fdcc8
2019-09-20 10:25:47,643 [pool-441-thread-1] INFO  server.RaftServerConfigKeys (ConfUtils.java:logGet(43)) - raft.server.log.queue.byte-limit = 2147483647 (custom)
2019-09-20 10:25:47,643 [pool-441-thread-1] INFO  server.RaftServerConfigKeys (ConfUtils.java:logGet(43)) - raft.server.log.queue.element-limit = 1024 (custom)
2019-09-20 10:25:47,643 [pool-441-thread-1] INFO  server.RaftServerConfigKeys (ConfUtils.java:logGet(43)) - raft.server.log.segment.size.max = 1048576 (custom)
2019-09-20 10:25:47,644 [pool-441-thread-1] INFO  server.RaftServerConfigKeys (ConfUtils.java:logGet(43)) - raft.server.log.preallocated.size = 16384 (custom)
2019-09-20 10:25:47,644 [pool-441-thread-1] INFO  server.RaftServerConfigKeys (ConfUtils.java:logGet(43)) - raft.server.log.write.buffer.size = 33554432 (custom)
2019-09-20 10:25:47,644 [pool-441-thread-1] INFO  server.RaftServerConfigKeys (ConfUtils.java:logGet(43)) - raft.server.log.force.sync.num = 128 (default)
2019-09-20 10:25:47,644 [pool-441-thread-1] INFO  server.RaftServerConfigKeys (ConfUtils.java:logGet(43)) - raft.server.log.statemachine.data.sync = true (default)
2019-09-20 10:25:47,644 [pool-441-thread-1] INFO  server.RaftServerConfigKeys (ConfUtils.java:logGet(43)) - raft.server.log.statemachine.data.sync.timeout = 10s (default)
2019-09-20 10:25:47,644 [pool-441-thread-1] INFO  server.RaftServerConfigKeys (ConfUtils.java:logGet(43)) - raft.server.log.statemachine.data.sync.timeout.retry = -1 (default)
2019-09-20 10:25:47,644 [pool-441-thread-1] INFO  server.RaftServerConfigKeys (ConfUtils.java:logGet(43)) - raft.server.log.statemachine.data.caching.enabled = true (custom)
2019-09-20 10:25:47,644 [pool-441-thread-1] INFO  segmented.SegmentedRaftLogWorker (SegmentedRaftLogWorker.java:lambda$new$0(132)) - a3551cd1-78f2-43f6-afc0-6c6852e9cef9-SegmentedRaftLogWorker:Storage Directory /workdir/hadoop-ozone/integration-test/target/test-dir/MiniOzoneClusterImpl-023400ba-597c-4990-9952-187ab727187d/datanode-3/data/ratis/85f206f4-d392-4c8a-8e8a-9847a26fdcc8: flushIndex: setUnconditionally 0 -> -1
2019-09-20 10:25:47,645 [pool-441-thread-1] INFO  server.RaftServerConfigKeys (ConfUtils.java:logGet(43)) - raft.server.snapshot.auto.trigger.enabled = true (custom)
2019-09-20 10:25:47,645 [pool-441-thread-1] INFO  server.RaftServerConfigKeys (ConfUtils.java:logGet(43)) - raft.server.snapshot.auto.trigger.threshold = 10000 (custom)
2019-09-20 10:25:47,645 [pool-441-thread-1] INFO  server.RaftServerConfigKeys (ConfUtils.java:logGet(43)) - raft.server.retrycache.expirytime = 600000ms (custom)
2019-09-20 10:25:47,645 [pool-441-thread-1] INFO  impl.RaftServerImpl (RaftServerImpl.java:start(180)) - a3551cd1-78f2-43f6-afc0-6c6852e9cef9: start group-9847A26FDCC8
2019-09-20 10:25:47,645 [pool-441-thread-1] INFO  impl.RaftServerImpl (RaftServerImpl.java:setRole(171)) - a3551cd1-78f2-43f6-afc0-6c6852e9cef9:group-9847A26FDCC8 changes role from null to FOLLOWER at term 0 for startAsFollower
2019-09-20 10:25:47,645 [pool-441-thread-1] INFO  impl.RoleInfo (RoleInfo.java:updateAndGet(143)) - a3551cd1-78f2-43f6-afc0-6c6852e9cef9: start FollowerState
2019-09-20 10:25:47,646 [pool-441-thread-1] INFO  util.JmxRegister (JmxRegister.java:tryRegister(44)) - Successfully registered JMX Bean with object name Ratis:service=RaftServer,group=group-9847A26FDCC8,id=a3551cd1-78f2-43f6-afc0-6c6852e9cef9
2019-09-20 10:25:47,650 [RatisPipelineUtilsThread] INFO  pipeline.PipelineStateManager (PipelineStateManager.java:addPipeline(56)) - Created pipeline Pipeline[ Id: 85f206f4-d392-4c8a-8e8a-9847a26fdcc8, Nodes: a3551cd1-78f2-43f6-afc0-6c6852e9cef9{ip: 192.168.36.99, host: pr-hdds-1569-p5fx8-1226042367, networkLocation: /default-rack, certSerialId: null}, Type:RATIS, Factor:ONE, State:OPEN]
2019-09-20 10:25:47,650 [RatisPipelineUtilsThread] INFO  pipeline.PipelinePlacementPolicy (PipelinePlacementPolicy.java:meetCriteria(91)) - Pipeline Placement: Doesn't meet the criteria to be viable node： 0d89bd5b-f1f0-4d05-b956-8c5f0ef5931a Heaviness: 6 limit: 5
2019-09-20 10:25:47,650 [RatisPipelineUtilsThread] INFO  pipeline.PipelinePlacementPolicy (PipelinePlacementPolicy.java:meetCriteria(91)) - Pipeline Placement: Doesn't meet the criteria to be viable node： e238300f-1c21-4f37-b50e-3ecfb3791348 Heaviness: 6 limit: 5
2019-09-20 10:25:47,650 [RatisPipelineUtilsThread] INFO  pipeline.PipelinePlacementPolicy (PipelinePlacementPolicy.java:meetCriteria(91)) - Pipeline Placement: Doesn't meet the criteria to be viable node： 6f3631be-ef72-40c3-a17d-cb6a2edd0adf Heaviness: 6 limit: 5
2019-09-20 10:25:47,655 [grpc-default-executor-4] INFO  impl.RaftServerProxy (RaftServerProxy.java:addNew(89)) - a3551cd1-78f2-43f6-afc0-6c6852e9cef9: addNew group-10DFA546C8C6:[a3551cd1-78f2-43f6-afc0-6c6852e9cef9:192.168.36.99:44444] returns group-10DFA546C8C6:java.util.concurrent.CompletableFuture@2a8a323d[Not completed]
2019-09-20 10:25:47,656 [pool-441-thread-1] INFO  impl.RaftServerImpl (RaftServerImpl.java:<init>(93)) - a3551cd1-78f2-43f6-afc0-6c6852e9cef9: new RaftServerImpl for group-10DFA546C8C6:[a3551cd1-78f2-43f6-afc0-6c6852e9cef9:192.168.36.99:44444] with ContainerStateMachine:uninitialized
2019-09-20 10:25:47,656 [pool-441-thread-1] INFO  server.RaftServerConfigKeys (ConfUtils.java:logGet(43)) - raft.server.rpc.timeout.min = 5s (custom)
2019-09-20 10:25:47,656 [pool-441-thread-1] INFO  server.RaftServerConfigKeys (ConfUtils.java:logGet(43)) - raft.server.rpc.timeout.max = 5200ms (custom)
2019-09-20 10:25:47,656 [pool-441-thread-1] INFO  server.RaftServerConfigKeys (ConfUtils.java:logGet(43)) - raft.server.rpcslowness.timeout = 120s (custom)
2019-09-20 10:25:47,656 [pool-441-thread-1] INFO  server.RaftServerConfigKeys (ConfUtils.java:logGet(43)) - raft.server.sleep.deviation.threshold = 300 (default)
2019-09-20 10:25:47,656 [pool-441-thread-1] INFO  server.RaftServerConfigKeys (ConfUtils.java:logGet(43)) - raft.server.log.appender.install.snapshot.enabled = false (custom)
2019-09-20 10:25:47,656 [pool-441-thread-1] INFO  impl.RaftServerImpl (ServerState.java:<init>(105)) - a3551cd1-78f2-43f6-afc0-6c6852e9cef9:group-10DFA546C8C6 ConfigurationManager, init=-1: [a3551cd1-78f2-43f6-afc0-6c6852e9cef9:192.168.36.99:44444], old=null, confs=<EMPTY_MAP>
2019-09-20 10:25:47,656 [pool-441-thread-1] INFO  server.RaftServerConfigKeys (ConfUtils.java:logGet(43)) - raft.server.storage.dir = [/workdir/hadoop-ozone/integration-test/target/test-dir/MiniOzoneClusterImpl-023400ba-597c-4990-9952-187ab727187d/datanode-3/data/ratis] (custom)
2019-09-20 10:25:47,657 [pool-441-thread-1] INFO  storage.RaftStorageDirectory (RaftStorageDirectory.java:analyzeStorage(246)) - The storage directory /workdir/hadoop-ozone/integration-test/target/test-dir/MiniOzoneClusterImpl-023400ba-597c-4990-9952-187ab727187d/datanode-3/data/ratis/1f368964-e4c6-493c-a01f-10dfa546c8c6 does not exist. Creating ...
2019-09-20 10:25:47,676 [pool-441-thread-1] INFO  storage.RaftStorageDirectory (RaftStorageDirectory.java:tryLock(328)) - Lock on /workdir/hadoop-ozone/integration-test/target/test-dir/MiniOzoneClusterImpl-023400ba-597c-4990-9952-187ab727187d/datanode-3/data/ratis/1f368964-e4c6-493c-a01f-10dfa546c8c6/in_use.lock acquired by nodename 28506@pr-hdds-1569-p5fx8-1226042367
2019-09-20 10:25:47,697 [pool-441-thread-1] INFO  storage.RaftStorage (RaftStorage.java:format(72)) - Storage directory /workdir/hadoop-ozone/integration-test/target/test-dir/MiniOzoneClusterImpl-023400ba-597c-4990-9952-187ab727187d/datanode-3/data/ratis/1f368964-e4c6-493c-a01f-10dfa546c8c6 has been successfully formatted.
2019-09-20 10:25:47,697 [pool-441-thread-1] INFO  ratis.ContainerStateMachine (ContainerStateMachine.java:loadSnapshot(226)) - group-10DFA546C8C6: The snapshot info is null. Setting the last applied indexto:(t:0, i:~)
2019-09-20 10:25:47,697 [pool-441-thread-1] INFO  server.RaftServerConfigKeys (ConfUtils.java:logGet(43)) - raft.server.leader.election.timeout = 120s (custom)
2019-09-20 10:25:47,698 [pool-441-thread-1] INFO  server.RaftServerConfigKeys (ConfUtils.java:logGet(43)) - raft.server.log.use.memory = false (default)
2019-09-20 10:25:47,698 [pool-441-thread-1] INFO  server.RaftServerConfigKeys (ConfUtils.java:logGet(43)) - raft.server.log.purge.gap = 1000000 (custom)
2019-09-20 10:25:47,698 [pool-441-thread-1] INFO  server.RaftServerConfigKeys (ConfUtils.java:logGet(43)) - raft.server.log.appender.buffer.byte-limit = 33554432 (custom)
2019-09-20 10:25:47,698 [pool-441-thread-1] INFO  server.RaftServerConfigKeys (ConfUtils.java:logGet(43)) - raft.server.log.segment.size.max = 1048576 (custom)
2019-09-20 10:25:47,698 [pool-441-thread-1] INFO  server.RaftServerConfigKeys (ConfUtils.java:logGet(43)) - raft.server.log.segment.cache.num.max = 2 (custom)
2019-09-20 10:25:47,698 [pool-441-thread-1] INFO  segmented.SegmentedRaftLogWorker (SegmentedRaftLogWorker.java:<init>(172)) - new a3551cd1-78f2-43f6-afc0-6c6852e9cef9-SegmentedRaftLogWorker:Storage Directory /workdir/hadoop-ozone/integration-test/target/test-dir/MiniOzoneClusterImpl-023400ba-597c-4990-9952-187ab727187d/datanode-3/data/ratis/1f368964-e4c6-493c-a01f-10dfa546c8c6 for RaftStorage:Storage Directory /workdir/hadoop-ozone/integration-test/target/test-dir/MiniOzoneClusterImpl-023400ba-597c-4990-9952-187ab727187d/datanode-3/data/ratis/1f368964-e4c6-493c-a01f-10dfa546c8c6
2019-09-20 10:25:47,698 [pool-441-thread-1] INFO  server.RaftServerConfigKeys (ConfUtils.java:logGet(43)) - raft.server.log.queue.byte-limit = 2147483647 (custom)
2019-09-20 10:25:47,698 [pool-441-thread-1] INFO  server.RaftServerConfigKeys (ConfUtils.java:logGet(43)) - raft.server.log.queue.element-limit = 1024 (custom)
2019-09-20 10:25:47,699 [pool-441-thread-1] INFO  server.RaftServerConfigKeys (ConfUtils.java:logGet(43)) - raft.server.log.segment.size.max = 1048576 (custom)
2019-09-20 10:25:47,699 [pool-441-thread-1] INFO  server.RaftServerConfigKeys (ConfUtils.java:logGet(43)) - raft.server.log.preallocated.size = 16384 (custom)
2019-09-20 10:25:47,699 [pool-441-thread-1] INFO  server.RaftServerConfigKeys (ConfUtils.java:logGet(43)) - raft.server.log.write.buffer.size = 33554432 (custom)
2019-09-20 10:25:47,699 [pool-441-thread-1] INFO  server.RaftServerConfigKeys (ConfUtils.java:logGet(43)) - raft.server.log.force.sync.num = 128 (default)
2019-09-20 10:25:47,699 [pool-441-thread-1] INFO  server.RaftServerConfigKeys (ConfUtils.java:logGet(43)) - raft.server.log.statemachine.data.sync = true (default)
2019-09-20 10:25:47,699 [pool-441-thread-1] INFO  server.RaftServerConfigKeys (ConfUtils.java:logGet(43)) - raft.server.log.statemachine.data.sync.timeout = 10s (default)
2019-09-20 10:25:47,699 [pool-441-thread-1] INFO  server.RaftServerConfigKeys (ConfUtils.java:logGet(43)) - raft.server.log.statemachine.data.sync.timeout.retry = -1 (default)
2019-09-20 10:25:47,700 [pool-441-thread-1] INFO  server.RaftServerConfigKeys (ConfUtils.java:logGet(43)) - raft.server.log.statemachine.data.caching.enabled = true (custom)
2019-09-20 10:25:47,700 [pool-441-thread-1] INFO  segmented.SegmentedRaftLogWorker (SegmentedRaftLogWorker.java:lambda$new$0(132)) - a3551cd1-78f2-43f6-afc0-6c6852e9cef9-SegmentedRaftLogWorker:Storage Directory /workdir/hadoop-ozone/integration-test/target/test-dir/MiniOzoneClusterImpl-023400ba-597c-4990-9952-187ab727187d/datanode-3/data/ratis/1f368964-e4c6-493c-a01f-10dfa546c8c6: flushIndex: setUnconditionally 0 -> -1
2019-09-20 10:25:47,700 [pool-441-thread-1] INFO  server.RaftServerConfigKeys (ConfUtils.java:logGet(43)) - raft.server.snapshot.auto.trigger.enabled = true (custom)
2019-09-20 10:25:47,700 [pool-441-thread-1] INFO  server.RaftServerConfigKeys (ConfUtils.java:logGet(43)) - raft.server.snapshot.auto.trigger.threshold = 10000 (custom)
2019-09-20 10:25:47,700 [pool-441-thread-1] INFO  server.RaftServerConfigKeys (ConfUtils.java:logGet(43)) - raft.server.retrycache.expirytime = 600000ms (custom)
2019-09-20 10:25:47,701 [pool-441-thread-1] INFO  impl.RaftServerImpl (RaftServerImpl.java:start(180)) - a3551cd1-78f2-43f6-afc0-6c6852e9cef9: start group-10DFA546C8C6
2019-09-20 10:25:47,701 [pool-441-thread-1] INFO  impl.RaftServerImpl (RaftServerImpl.java:setRole(171)) - a3551cd1-78f2-43f6-afc0-6c6852e9cef9:group-10DFA546C8C6 changes role from null to FOLLOWER at term 0 for startAsFollower
2019-09-20 10:25:47,701 [main] INFO  ozone.MiniOzoneClusterImpl (MiniOzoneClusterImpl.java:lambda$waitForClusterToBeReady$0(142)) - Waiting for cluster to be ready. Got 4 of 7 DN Heartbeats.
2019-09-20 10:25:47,701 [pool-441-thread-1] INFO  impl.RoleInfo (RoleInfo.java:updateAndGet(143)) - a3551cd1-78f2-43f6-afc0-6c6852e9cef9: start FollowerState
2019-09-20 10:25:47,702 [pool-441-thread-1] INFO  util.JmxRegister (JmxRegister.java:tryRegister(44)) - Successfully registered JMX Bean with object name Ratis:service=RaftServer,group=group-10DFA546C8C6,id=a3551cd1-78f2-43f6-afc0-6c6852e9cef9
2019-09-20 10:25:47,704 [RatisPipelineUtilsThread] INFO  pipeline.PipelineStateManager (PipelineStateManager.java:addPipeline(56)) - Created pipeline Pipeline[ Id: 1f368964-e4c6-493c-a01f-10dfa546c8c6, Nodes: a3551cd1-78f2-43f6-afc0-6c6852e9cef9{ip: 192.168.36.99, host: pr-hdds-1569-p5fx8-1226042367, networkLocation: /default-rack, certSerialId: null}, Type:RATIS, Factor:ONE, State:OPEN]
2019-09-20 10:25:47,704 [RatisPipelineUtilsThread] INFO  pipeline.PipelinePlacementPolicy (PipelinePlacementPolicy.java:meetCriteria(91)) - Pipeline Placement: Doesn't meet the criteria to be viable node： 0d89bd5b-f1f0-4d05-b956-8c5f0ef5931a Heaviness: 6 limit: 5
2019-09-20 10:25:47,705 [RatisPipelineUtilsThread] INFO  pipeline.PipelinePlacementPolicy (PipelinePlacementPolicy.java:meetCriteria(91)) - Pipeline Placement: Doesn't meet the criteria to be viable node： e238300f-1c21-4f37-b50e-3ecfb3791348 Heaviness: 6 limit: 5
2019-09-20 10:25:47,705 [RatisPipelineUtilsThread] INFO  pipeline.PipelinePlacementPolicy (PipelinePlacementPolicy.java:meetCriteria(91)) - Pipeline Placement: Doesn't meet the criteria to be viable node： 6f3631be-ef72-40c3-a17d-cb6a2edd0adf Heaviness: 6 limit: 5
2019-09-20 10:25:47,706 [IPC Server handler 9 on 35622] INFO  net.NetworkTopology (NetworkTopologyImpl.java:add(110)) - Added a new node: /default-rack/206c8d3c-b23c-44eb-904e-8a117dc81c96
2019-09-20 10:25:47,706 [IPC Server handler 9 on 35622] INFO  node.SCMNodeManager (SCMNodeManager.java:register(273)) - Registered Data node : 206c8d3c-b23c-44eb-904e-8a117dc81c96{ip: 192.168.36.99, host: pr-hdds-1569-p5fx8-1226042367, networkLocation: /default-rack, certSerialId: null}
2019-09-20 10:25:47,706 | INFO  | SCMAudit | user=jenkins1000 | ip=192.168.36.99 | op=REGISTER {datanodeDetails=206c8d3c-b23c-44eb-904e-8a117dc81c96{ip: 192.168.36.99, host: pr-hdds-1569-p5fx8-1226042367, networkLocation: /default-rack, certSerialId: null}} | ret=SUCCESS |  
2019-09-20 10:25:47,709 [grpc-default-executor-4] INFO  impl.RaftServerProxy (RaftServerProxy.java:addNew(89)) - a3551cd1-78f2-43f6-afc0-6c6852e9cef9: addNew group-CB581D667CB9:[a3551cd1-78f2-43f6-afc0-6c6852e9cef9:192.168.36.99:44444] returns group-CB581D667CB9:java.util.concurrent.CompletableFuture@76cef9[Not completed]
2019-09-20 10:25:47,710 [pool-441-thread-1] INFO  impl.RaftServerImpl (RaftServerImpl.java:<init>(93)) - a3551cd1-78f2-43f6-afc0-6c6852e9cef9: new RaftServerImpl for group-CB581D667CB9:[a3551cd1-78f2-43f6-afc0-6c6852e9cef9:192.168.36.99:44444] with ContainerStateMachine:uninitialized
2019-09-20 10:25:47,710 [pool-441-thread-1] INFO  server.RaftServerConfigKeys (ConfUtils.java:logGet(43)) - raft.server.rpc.timeout.min = 5s (custom)
2019-09-20 10:25:47,711 [pool-441-thread-1] INFO  server.RaftServerConfigKeys (ConfUtils.java:logGet(43)) - raft.server.rpc.timeout.max = 5200ms (custom)
2019-09-20 10:25:47,711 [pool-441-thread-1] INFO  server.RaftServerConfigKeys (ConfUtils.java:logGet(43)) - raft.server.rpcslowness.timeout = 120s (custom)
2019-09-20 10:25:47,711 [pool-441-thread-1] INFO  server.RaftServerConfigKeys (ConfUtils.java:logGet(43)) - raft.server.sleep.deviation.threshold = 300 (default)
2019-09-20 10:25:47,711 [pool-441-thread-1] INFO  server.RaftServerConfigKeys (ConfUtils.java:logGet(43)) - raft.server.log.appender.install.snapshot.enabled = false (custom)
2019-09-20 10:25:47,711 [pool-441-thread-1] INFO  impl.RaftServerImpl (ServerState.java:<init>(105)) - a3551cd1-78f2-43f6-afc0-6c6852e9cef9:group-CB581D667CB9 ConfigurationManager, init=-1: [a3551cd1-78f2-43f6-afc0-6c6852e9cef9:192.168.36.99:44444], old=null, confs=<EMPTY_MAP>
2019-09-20 10:25:47,711 [pool-441-thread-1] INFO  server.RaftServerConfigKeys (ConfUtils.java:logGet(43)) - raft.server.storage.dir = [/workdir/hadoop-ozone/integration-test/target/test-dir/MiniOzoneClusterImpl-023400ba-597c-4990-9952-187ab727187d/datanode-3/data/ratis] (custom)
2019-09-20 10:25:47,711 [pool-441-thread-1] INFO  storage.RaftStorageDirectory (RaftStorageDirectory.java:analyzeStorage(246)) - The storage directory /workdir/hadoop-ozone/integration-test/target/test-dir/MiniOzoneClusterImpl-023400ba-597c-4990-9952-187ab727187d/datanode-3/data/ratis/d446d111-6423-43d5-a764-cb581d667cb9 does not exist. Creating ...
2019-09-20 10:25:47,744 [pool-441-thread-1] INFO  storage.RaftStorageDirectory (RaftStorageDirectory.java:tryLock(328)) - Lock on /workdir/hadoop-ozone/integration-test/target/test-dir/MiniOzoneClusterImpl-023400ba-597c-4990-9952-187ab727187d/datanode-3/data/ratis/d446d111-6423-43d5-a764-cb581d667cb9/in_use.lock acquired by nodename 28506@pr-hdds-1569-p5fx8-1226042367
2019-09-20 10:25:47,770 [pool-441-thread-1] INFO  storage.RaftStorage (RaftStorage.java:format(72)) - Storage directory /workdir/hadoop-ozone/integration-test/target/test-dir/MiniOzoneClusterImpl-023400ba-597c-4990-9952-187ab727187d/datanode-3/data/ratis/d446d111-6423-43d5-a764-cb581d667cb9 has been successfully formatted.
2019-09-20 10:25:47,770 [pool-441-thread-1] INFO  ratis.ContainerStateMachine (ContainerStateMachine.java:loadSnapshot(226)) - group-CB581D667CB9: The snapshot info is null. Setting the last applied indexto:(t:0, i:~)
2019-09-20 10:25:47,770 [pool-441-thread-1] INFO  server.RaftServerConfigKeys (ConfUtils.java:logGet(43)) - raft.server.leader.election.timeout = 120s (custom)
2019-09-20 10:25:47,770 [pool-441-thread-1] INFO  server.RaftServerConfigKeys (ConfUtils.java:logGet(43)) - raft.server.log.use.memory = false (default)
2019-09-20 10:25:47,771 [pool-441-thread-1] INFO  server.RaftServerConfigKeys (ConfUtils.java:logGet(43)) - raft.server.log.purge.gap = 1000000 (custom)
2019-09-20 10:25:47,771 [pool-441-thread-1] INFO  server.RaftServerConfigKeys (ConfUtils.java:logGet(43)) - raft.server.log.appender.buffer.byte-limit = 33554432 (custom)
2019-09-20 10:25:47,771 [pool-441-thread-1] INFO  server.RaftServerConfigKeys (ConfUtils.java:logGet(43)) - raft.server.log.segment.size.max = 1048576 (custom)
2019-09-20 10:25:47,771 [pool-441-thread-1] INFO  server.RaftServerConfigKeys (ConfUtils.java:logGet(43)) - raft.server.log.segment.cache.num.max = 2 (custom)
2019-09-20 10:25:47,771 [pool-441-thread-1] INFO  segmented.SegmentedRaftLogWorker (SegmentedRaftLogWorker.java:<init>(172)) - new a3551cd1-78f2-43f6-afc0-6c6852e9cef9-SegmentedRaftLogWorker:Storage Directory /workdir/hadoop-ozone/integration-test/target/test-dir/MiniOzoneClusterImpl-023400ba-597c-4990-9952-187ab727187d/datanode-3/data/ratis/d446d111-6423-43d5-a764-cb581d667cb9 for RaftStorage:Storage Directory /workdir/hadoop-ozone/integration-test/target/test-dir/MiniOzoneClusterImpl-023400ba-597c-4990-9952-187ab727187d/datanode-3/data/ratis/d446d111-6423-43d5-a764-cb581d667cb9
2019-09-20 10:25:47,771 [pool-441-thread-1] INFO  server.RaftServerConfigKeys (ConfUtils.java:logGet(43)) - raft.server.log.queue.byte-limit = 2147483647 (custom)
2019-09-20 10:25:47,772 [pool-441-thread-1] INFO  server.RaftServerConfigKeys (ConfUtils.java:logGet(43)) - raft.server.log.queue.element-limit = 1024 (custom)
2019-09-20 10:25:47,772 [pool-441-thread-1] INFO  server.RaftServerConfigKeys (ConfUtils.java:logGet(43)) - raft.server.log.segment.size.max = 1048576 (custom)
2019-09-20 10:25:47,772 [pool-441-thread-1] INFO  server.RaftServerConfigKeys (ConfUtils.java:logGet(43)) - raft.server.log.preallocated.size = 16384 (custom)
2019-09-20 10:25:47,772 [pool-441-thread-1] INFO  server.RaftServerConfigKeys (ConfUtils.java:logGet(43)) - raft.server.log.write.buffer.size = 33554432 (custom)
2019-09-20 10:25:47,772 [pool-441-thread-1] INFO  server.RaftServerConfigKeys (ConfUtils.java:logGet(43)) - raft.server.log.force.sync.num = 128 (default)
2019-09-20 10:25:47,772 [pool-441-thread-1] INFO  server.RaftServerConfigKeys (ConfUtils.java:logGet(43)) - raft.server.log.statemachine.data.sync = true (default)
2019-09-20 10:25:47,773 [pool-441-thread-1] INFO  server.RaftServerConfigKeys (ConfUtils.java:logGet(43)) - raft.server.log.statemachine.data.sync.timeout = 10s (default)
2019-09-20 10:25:47,773 [pool-441-thread-1] INFO  server.RaftServerConfigKeys (ConfUtils.java:logGet(43)) - raft.server.log.statemachine.data.sync.timeout.retry = -1 (default)
2019-09-20 10:25:47,773 [pool-441-thread-1] INFO  server.RaftServerConfigKeys (ConfUtils.java:logGet(43)) - raft.server.log.statemachine.data.caching.enabled = true (custom)
2019-09-20 10:25:47,773 [pool-441-thread-1] INFO  segmented.SegmentedRaftLogWorker (SegmentedRaftLogWorker.java:lambda$new$0(132)) - a3551cd1-78f2-43f6-afc0-6c6852e9cef9-SegmentedRaftLogWorker:Storage Directory /workdir/hadoop-ozone/integration-test/target/test-dir/MiniOzoneClusterImpl-023400ba-597c-4990-9952-187ab727187d/datanode-3/data/ratis/d446d111-6423-43d5-a764-cb581d667cb9: flushIndex: setUnconditionally 0 -> -1
2019-09-20 10:25:47,774 [pool-441-thread-1] INFO  server.RaftServerConfigKeys (ConfUtils.java:logGet(43)) - raft.server.snapshot.auto.trigger.enabled = true (custom)
2019-09-20 10:25:47,774 [pool-441-thread-1] INFO  server.RaftServerConfigKeys (ConfUtils.java:logGet(43)) - raft.server.snapshot.auto.trigger.threshold = 10000 (custom)
2019-09-20 10:25:47,774 [pool-441-thread-1] INFO  server.RaftServerConfigKeys (ConfUtils.java:logGet(43)) - raft.server.retrycache.expirytime = 600000ms (custom)
2019-09-20 10:25:47,774 [pool-441-thread-1] INFO  impl.RaftServerImpl (RaftServerImpl.java:start(180)) - a3551cd1-78f2-43f6-afc0-6c6852e9cef9: start group-CB581D667CB9
2019-09-20 10:25:47,774 [pool-441-thread-1] INFO  impl.RaftServerImpl (RaftServerImpl.java:setRole(171)) - a3551cd1-78f2-43f6-afc0-6c6852e9cef9:group-CB581D667CB9 changes role from null to FOLLOWER at term 0 for startAsFollower
2019-09-20 10:25:47,775 [pool-441-thread-1] INFO  impl.RoleInfo (RoleInfo.java:updateAndGet(143)) - a3551cd1-78f2-43f6-afc0-6c6852e9cef9: start FollowerState
2019-09-20 10:25:47,775 [pool-441-thread-1] INFO  util.JmxRegister (JmxRegister.java:tryRegister(44)) - Successfully registered JMX Bean with object name Ratis:service=RaftServer,group=group-CB581D667CB9,id=a3551cd1-78f2-43f6-afc0-6c6852e9cef9
2019-09-20 10:25:47,778 [RatisPipelineUtilsThread] INFO  pipeline.PipelineStateManager (PipelineStateManager.java:addPipeline(56)) - Created pipeline Pipeline[ Id: d446d111-6423-43d5-a764-cb581d667cb9, Nodes: a3551cd1-78f2-43f6-afc0-6c6852e9cef9{ip: 192.168.36.99, host: pr-hdds-1569-p5fx8-1226042367, networkLocation: /default-rack, certSerialId: null}, Type:RATIS, Factor:ONE, State:OPEN]
2019-09-20 10:25:47,778 [RatisPipelineUtilsThread] INFO  pipeline.PipelinePlacementPolicy (PipelinePlacementPolicy.java:meetCriteria(91)) - Pipeline Placement: Doesn't meet the criteria to be viable node： 0d89bd5b-f1f0-4d05-b956-8c5f0ef5931a Heaviness: 6 limit: 5
2019-09-20 10:25:47,778 [RatisPipelineUtilsThread] INFO  pipeline.PipelinePlacementPolicy (PipelinePlacementPolicy.java:meetCriteria(91)) - Pipeline Placement: Doesn't meet the criteria to be viable node： e238300f-1c21-4f37-b50e-3ecfb3791348 Heaviness: 6 limit: 5
2019-09-20 10:25:47,778 [RatisPipelineUtilsThread] INFO  pipeline.PipelinePlacementPolicy (PipelinePlacementPolicy.java:meetCriteria(91)) - Pipeline Placement: Doesn't meet the criteria to be viable node： 6f3631be-ef72-40c3-a17d-cb6a2edd0adf Heaviness: 6 limit: 5
2019-09-20 10:25:47,783 [grpc-default-executor-4] INFO  impl.RaftServerProxy (RaftServerProxy.java:addNew(89)) - a3551cd1-78f2-43f6-afc0-6c6852e9cef9: addNew group-75DB76A25B01:[a3551cd1-78f2-43f6-afc0-6c6852e9cef9:192.168.36.99:44444] returns group-75DB76A25B01:java.util.concurrent.CompletableFuture@41a276a1[Not completed]
2019-09-20 10:25:47,784 [pool-441-thread-1] INFO  impl.RaftServerImpl (RaftServerImpl.java:<init>(93)) - a3551cd1-78f2-43f6-afc0-6c6852e9cef9: new RaftServerImpl for group-75DB76A25B01:[a3551cd1-78f2-43f6-afc0-6c6852e9cef9:192.168.36.99:44444] with ContainerStateMachine:uninitialized
2019-09-20 10:25:47,784 [pool-441-thread-1] INFO  server.RaftServerConfigKeys (ConfUtils.java:logGet(43)) - raft.server.rpc.timeout.min = 5s (custom)
2019-09-20 10:25:47,785 [pool-441-thread-1] INFO  server.RaftServerConfigKeys (ConfUtils.java:logGet(43)) - raft.server.rpc.timeout.max = 5200ms (custom)
2019-09-20 10:25:47,785 [pool-441-thread-1] INFO  server.RaftServerConfigKeys (ConfUtils.java:logGet(43)) - raft.server.rpcslowness.timeout = 120s (custom)
2019-09-20 10:25:47,785 [pool-441-thread-1] INFO  server.RaftServerConfigKeys (ConfUtils.java:logGet(43)) - raft.server.sleep.deviation.threshold = 300 (default)
2019-09-20 10:25:47,785 [pool-441-thread-1] INFO  server.RaftServerConfigKeys (ConfUtils.java:logGet(43)) - raft.server.log.appender.install.snapshot.enabled = false (custom)
2019-09-20 10:25:47,785 [pool-441-thread-1] INFO  impl.RaftServerImpl (ServerState.java:<init>(105)) - a3551cd1-78f2-43f6-afc0-6c6852e9cef9:group-75DB76A25B01 ConfigurationManager, init=-1: [a3551cd1-78f2-43f6-afc0-6c6852e9cef9:192.168.36.99:44444], old=null, confs=<EMPTY_MAP>
2019-09-20 10:25:47,785 [pool-441-thread-1] INFO  server.RaftServerConfigKeys (ConfUtils.java:logGet(43)) - raft.server.storage.dir = [/workdir/hadoop-ozone/integration-test/target/test-dir/MiniOzoneClusterImpl-023400ba-597c-4990-9952-187ab727187d/datanode-3/data/ratis] (custom)
2019-09-20 10:25:47,786 [pool-441-thread-1] INFO  storage.RaftStorageDirectory (RaftStorageDirectory.java:analyzeStorage(246)) - The storage directory /workdir/hadoop-ozone/integration-test/target/test-dir/MiniOzoneClusterImpl-023400ba-597c-4990-9952-187ab727187d/datanode-3/data/ratis/7593b335-b424-49fc-be74-75db76a25b01 does not exist. Creating ...
2019-09-20 10:25:47,812 [pool-441-thread-1] INFO  storage.RaftStorageDirectory (RaftStorageDirectory.java:tryLock(328)) - Lock on /workdir/hadoop-ozone/integration-test/target/test-dir/MiniOzoneClusterImpl-023400ba-597c-4990-9952-187ab727187d/datanode-3/data/ratis/7593b335-b424-49fc-be74-75db76a25b01/in_use.lock acquired by nodename 28506@pr-hdds-1569-p5fx8-1226042367
2019-09-20 10:25:47,854 [pool-441-thread-1] INFO  storage.RaftStorage (RaftStorage.java:format(72)) - Storage directory /workdir/hadoop-ozone/integration-test/target/test-dir/MiniOzoneClusterImpl-023400ba-597c-4990-9952-187ab727187d/datanode-3/data/ratis/7593b335-b424-49fc-be74-75db76a25b01 has been successfully formatted.
2019-09-20 10:25:47,855 [pool-441-thread-1] INFO  ratis.ContainerStateMachine (ContainerStateMachine.java:loadSnapshot(226)) - group-75DB76A25B01: The snapshot info is null. Setting the last applied indexto:(t:0, i:~)
2019-09-20 10:25:47,855 [pool-441-thread-1] INFO  server.RaftServerConfigKeys (ConfUtils.java:logGet(43)) - raft.server.leader.election.timeout = 120s (custom)
2019-09-20 10:25:47,856 [pool-441-thread-1] INFO  server.RaftServerConfigKeys (ConfUtils.java:logGet(43)) - raft.server.log.use.memory = false (default)
2019-09-20 10:25:47,856 [pool-441-thread-1] INFO  server.RaftServerConfigKeys (ConfUtils.java:logGet(43)) - raft.server.log.purge.gap = 1000000 (custom)
2019-09-20 10:25:47,856 [pool-441-thread-1] INFO  server.RaftServerConfigKeys (ConfUtils.java:logGet(43)) - raft.server.log.appender.buffer.byte-limit = 33554432 (custom)
2019-09-20 10:25:47,856 [pool-441-thread-1] INFO  server.RaftServerConfigKeys (ConfUtils.java:logGet(43)) - raft.server.log.segment.size.max = 1048576 (custom)
2019-09-20 10:25:47,856 [pool-441-thread-1] INFO  server.RaftServerConfigKeys (ConfUtils.java:logGet(43)) - raft.server.log.segment.cache.num.max = 2 (custom)
2019-09-20 10:25:47,856 [pool-441-thread-1] INFO  segmented.SegmentedRaftLogWorker (SegmentedRaftLogWorker.java:<init>(172)) - new a3551cd1-78f2-43f6-afc0-6c6852e9cef9-SegmentedRaftLogWorker:Storage Directory /workdir/hadoop-ozone/integration-test/target/test-dir/MiniOzoneClusterImpl-023400ba-597c-4990-9952-187ab727187d/datanode-3/data/ratis/7593b335-b424-49fc-be74-75db76a25b01 for RaftStorage:Storage Directory /workdir/hadoop-ozone/integration-test/target/test-dir/MiniOzoneClusterImpl-023400ba-597c-4990-9952-187ab727187d/datanode-3/data/ratis/7593b335-b424-49fc-be74-75db76a25b01
2019-09-20 10:25:47,856 [pool-441-thread-1] INFO  server.RaftServerConfigKeys (ConfUtils.java:logGet(43)) - raft.server.log.queue.byte-limit = 2147483647 (custom)
2019-09-20 10:25:47,857 [pool-441-thread-1] INFO  server.RaftServerConfigKeys (ConfUtils.java:logGet(43)) - raft.server.log.queue.element-limit = 1024 (custom)
2019-09-20 10:25:47,857 [pool-441-thread-1] INFO  server.RaftServerConfigKeys (ConfUtils.java:logGet(43)) - raft.server.log.segment.size.max = 1048576 (custom)
2019-09-20 10:25:47,857 [pool-441-thread-1] INFO  server.RaftServerConfigKeys (ConfUtils.java:logGet(43)) - raft.server.log.preallocated.size = 16384 (custom)
2019-09-20 10:25:47,857 [pool-441-thread-1] INFO  server.RaftServerConfigKeys (ConfUtils.java:logGet(43)) - raft.server.log.write.buffer.size = 33554432 (custom)
2019-09-20 10:25:47,857 [pool-441-thread-1] INFO  server.RaftServerConfigKeys (ConfUtils.java:logGet(43)) - raft.server.log.force.sync.num = 128 (default)
2019-09-20 10:25:47,857 [pool-441-thread-1] INFO  server.RaftServerConfigKeys (ConfUtils.java:logGet(43)) - raft.server.log.statemachine.data.sync = true (default)
2019-09-20 10:25:47,857 [pool-441-thread-1] INFO  server.RaftServerConfigKeys (ConfUtils.java:logGet(43)) - raft.server.log.statemachine.data.sync.timeout = 10s (default)
2019-09-20 10:25:47,858 [pool-441-thread-1] INFO  server.RaftServerConfigKeys (ConfUtils.java:logGet(43)) - raft.server.log.statemachine.data.sync.timeout.retry = -1 (default)
2019-09-20 10:25:47,858 [pool-441-thread-1] INFO  server.RaftServerConfigKeys (ConfUtils.java:logGet(43)) - raft.server.log.statemachine.data.caching.enabled = true (custom)
2019-09-20 10:25:47,858 [pool-441-thread-1] INFO  segmented.SegmentedRaftLogWorker (SegmentedRaftLogWorker.java:lambda$new$0(132)) - a3551cd1-78f2-43f6-afc0-6c6852e9cef9-SegmentedRaftLogWorker:Storage Directory /workdir/hadoop-ozone/integration-test/target/test-dir/MiniOzoneClusterImpl-023400ba-597c-4990-9952-187ab727187d/datanode-3/data/ratis/7593b335-b424-49fc-be74-75db76a25b01: flushIndex: setUnconditionally 0 -> -1
2019-09-20 10:25:47,859 [pool-441-thread-1] INFO  server.RaftServerConfigKeys (ConfUtils.java:logGet(43)) - raft.server.snapshot.auto.trigger.enabled = true (custom)
2019-09-20 10:25:47,859 [pool-441-thread-1] INFO  server.RaftServerConfigKeys (ConfUtils.java:logGet(43)) - raft.server.snapshot.auto.trigger.threshold = 10000 (custom)
2019-09-20 10:25:47,859 [pool-441-thread-1] INFO  server.RaftServerConfigKeys (ConfUtils.java:logGet(43)) - raft.server.retrycache.expirytime = 600000ms (custom)
2019-09-20 10:25:47,859 [pool-441-thread-1] INFO  impl.RaftServerImpl (RaftServerImpl.java:start(180)) - a3551cd1-78f2-43f6-afc0-6c6852e9cef9: start group-75DB76A25B01
2019-09-20 10:25:47,859 [pool-441-thread-1] INFO  impl.RaftServerImpl (RaftServerImpl.java:setRole(171)) - a3551cd1-78f2-43f6-afc0-6c6852e9cef9:group-75DB76A25B01 changes role from null to FOLLOWER at term 0 for startAsFollower
2019-09-20 10:25:47,859 [pool-441-thread-1] INFO  impl.RoleInfo (RoleInfo.java:updateAndGet(143)) - a3551cd1-78f2-43f6-afc0-6c6852e9cef9: start FollowerState
2019-09-20 10:25:47,860 [pool-441-thread-1] INFO  util.JmxRegister (JmxRegister.java:tryRegister(44)) - Successfully registered JMX Bean with object name Ratis:service=RaftServer,group=group-75DB76A25B01,id=a3551cd1-78f2-43f6-afc0-6c6852e9cef9
2019-09-20 10:25:47,862 [RatisPipelineUtilsThread] INFO  pipeline.PipelineStateManager (PipelineStateManager.java:addPipeline(56)) - Created pipeline Pipeline[ Id: 7593b335-b424-49fc-be74-75db76a25b01, Nodes: a3551cd1-78f2-43f6-afc0-6c6852e9cef9{ip: 192.168.36.99, host: pr-hdds-1569-p5fx8-1226042367, networkLocation: /default-rack, certSerialId: null}, Type:RATIS, Factor:ONE, State:OPEN]
2019-09-20 10:25:47,863 [RatisPipelineUtilsThread] INFO  pipeline.PipelinePlacementPolicy (PipelinePlacementPolicy.java:meetCriteria(91)) - Pipeline Placement: Doesn't meet the criteria to be viable node： 0d89bd5b-f1f0-4d05-b956-8c5f0ef5931a Heaviness: 6 limit: 5
2019-09-20 10:25:47,863 [RatisPipelineUtilsThread] INFO  pipeline.PipelinePlacementPolicy (PipelinePlacementPolicy.java:meetCriteria(91)) - Pipeline Placement: Doesn't meet the criteria to be viable node： e238300f-1c21-4f37-b50e-3ecfb3791348 Heaviness: 6 limit: 5
2019-09-20 10:25:47,863 [RatisPipelineUtilsThread] INFO  pipeline.PipelinePlacementPolicy (PipelinePlacementPolicy.java:meetCriteria(91)) - Pipeline Placement: Doesn't meet the criteria to be viable node： a3551cd1-78f2-43f6-afc0-6c6852e9cef9 Heaviness: 6 limit: 5
2019-09-20 10:25:47,863 [RatisPipelineUtilsThread] INFO  pipeline.PipelinePlacementPolicy (PipelinePlacementPolicy.java:meetCriteria(91)) - Pipeline Placement: Doesn't meet the criteria to be viable node： 6f3631be-ef72-40c3-a17d-cb6a2edd0adf Heaviness: 6 limit: 5
2019-09-20 10:25:47,885 [grpc-default-executor-4] INFO  impl.RaftServerProxy (RaftServerProxy.java:addNew(89)) - 206c8d3c-b23c-44eb-904e-8a117dc81c96: addNew group-93EF6C9B83F2:[206c8d3c-b23c-44eb-904e-8a117dc81c96:192.168.36.99:34926] returns group-93EF6C9B83F2:java.util.concurrent.CompletableFuture@72d9ef9a[Not completed]
2019-09-20 10:25:47,886 [pool-452-thread-1] INFO  impl.RaftServerImpl (RaftServerImpl.java:<init>(93)) - 206c8d3c-b23c-44eb-904e-8a117dc81c96: new RaftServerImpl for group-93EF6C9B83F2:[206c8d3c-b23c-44eb-904e-8a117dc81c96:192.168.36.99:34926] with ContainerStateMachine:uninitialized
2019-09-20 10:25:47,886 [pool-452-thread-1] INFO  server.RaftServerConfigKeys (ConfUtils.java:logGet(43)) - raft.server.rpc.timeout.min = 5s (custom)
2019-09-20 10:25:47,887 [pool-452-thread-1] INFO  server.RaftServerConfigKeys (ConfUtils.java:logGet(43)) - raft.server.rpc.timeout.max = 5200ms (custom)
2019-09-20 10:25:47,887 [pool-452-thread-1] INFO  server.RaftServerConfigKeys (ConfUtils.java:logGet(43)) - raft.server.rpcslowness.timeout = 120s (custom)
2019-09-20 10:25:47,887 [pool-452-thread-1] INFO  server.RaftServerConfigKeys (ConfUtils.java:logGet(43)) - raft.server.sleep.deviation.threshold = 300 (default)
2019-09-20 10:25:47,887 [pool-452-thread-1] INFO  server.RaftServerConfigKeys (ConfUtils.java:logGet(43)) - raft.server.log.appender.install.snapshot.enabled = false (custom)
2019-09-20 10:25:47,887 [pool-452-thread-1] INFO  impl.RaftServerImpl (ServerState.java:<init>(105)) - 206c8d3c-b23c-44eb-904e-8a117dc81c96:group-93EF6C9B83F2 ConfigurationManager, init=-1: [206c8d3c-b23c-44eb-904e-8a117dc81c96:192.168.36.99:34926], old=null, confs=<EMPTY_MAP>
2019-09-20 10:25:47,887 [pool-452-thread-1] INFO  server.RaftServerConfigKeys (ConfUtils.java:logGet(43)) - raft.server.storage.dir = [/workdir/hadoop-ozone/integration-test/target/test-dir/MiniOzoneClusterImpl-023400ba-597c-4990-9952-187ab727187d/datanode-4/data/ratis] (custom)
2019-09-20 10:25:47,888 [pool-452-thread-1] INFO  storage.RaftStorageDirectory (RaftStorageDirectory.java:analyzeStorage(246)) - The storage directory /workdir/hadoop-ozone/integration-test/target/test-dir/MiniOzoneClusterImpl-023400ba-597c-4990-9952-187ab727187d/datanode-4/data/ratis/9f4767c9-51ac-4020-a75c-93ef6c9b83f2 does not exist. Creating ...
2019-09-20 10:25:47,908 | INFO  | SCMAudit | user=jenkins1000 | ip=192.168.36.99 | op=SEND_HEARTBEAT {datanodeUUID=6f3631be-ef72-40c3-a17d-cb6a2edd0adf, command=[]} | ret=SUCCESS |  
2019-09-20 10:25:47,921 [pool-452-thread-1] INFO  storage.RaftStorageDirectory (RaftStorageDirectory.java:tryLock(328)) - Lock on /workdir/hadoop-ozone/integration-test/target/test-dir/MiniOzoneClusterImpl-023400ba-597c-4990-9952-187ab727187d/datanode-4/data/ratis/9f4767c9-51ac-4020-a75c-93ef6c9b83f2/in_use.lock acquired by nodename 28506@pr-hdds-1569-p5fx8-1226042367
2019-09-20 10:25:47,963 [pool-452-thread-1] INFO  storage.RaftStorage (RaftStorage.java:format(72)) - Storage directory /workdir/hadoop-ozone/integration-test/target/test-dir/MiniOzoneClusterImpl-023400ba-597c-4990-9952-187ab727187d/datanode-4/data/ratis/9f4767c9-51ac-4020-a75c-93ef6c9b83f2 has been successfully formatted.
2019-09-20 10:25:47,963 [pool-452-thread-1] INFO  ratis.ContainerStateMachine (ContainerStateMachine.java:loadSnapshot(226)) - group-93EF6C9B83F2: The snapshot info is null. Setting the last applied indexto:(t:0, i:~)
2019-09-20 10:25:47,964 [pool-452-thread-1] INFO  server.RaftServerConfigKeys (ConfUtils.java:logGet(43)) - raft.server.leader.election.timeout = 120s (custom)
2019-09-20 10:25:47,964 [pool-452-thread-1] INFO  server.RaftServerConfigKeys (ConfUtils.java:logGet(43)) - raft.server.log.use.memory = false (default)
2019-09-20 10:25:47,964 [pool-452-thread-1] INFO  server.RaftServerConfigKeys (ConfUtils.java:logGet(43)) - raft.server.log.purge.gap = 1000000 (custom)
2019-09-20 10:25:47,964 [pool-452-thread-1] INFO  server.RaftServerConfigKeys (ConfUtils.java:logGet(43)) - raft.server.log.appender.buffer.byte-limit = 33554432 (custom)
2019-09-20 10:25:47,964 [pool-452-thread-1] INFO  server.RaftServerConfigKeys (ConfUtils.java:logGet(43)) - raft.server.log.segment.size.max = 1048576 (custom)
2019-09-20 10:25:47,964 [pool-452-thread-1] INFO  server.RaftServerConfigKeys (ConfUtils.java:logGet(43)) - raft.server.log.segment.cache.num.max = 2 (custom)
2019-09-20 10:25:47,964 [pool-452-thread-1] INFO  segmented.SegmentedRaftLogWorker (SegmentedRaftLogWorker.java:<init>(172)) - new 206c8d3c-b23c-44eb-904e-8a117dc81c96-SegmentedRaftLogWorker:Storage Directory /workdir/hadoop-ozone/integration-test/target/test-dir/MiniOzoneClusterImpl-023400ba-597c-4990-9952-187ab727187d/datanode-4/data/ratis/9f4767c9-51ac-4020-a75c-93ef6c9b83f2 for RaftStorage:Storage Directory /workdir/hadoop-ozone/integration-test/target/test-dir/MiniOzoneClusterImpl-023400ba-597c-4990-9952-187ab727187d/datanode-4/data/ratis/9f4767c9-51ac-4020-a75c-93ef6c9b83f2
2019-09-20 10:25:47,965 [pool-452-thread-1] INFO  server.RaftServerConfigKeys (ConfUtils.java:logGet(43)) - raft.server.log.queue.byte-limit = 2147483647 (custom)
2019-09-20 10:25:47,965 [pool-452-thread-1] INFO  server.RaftServerConfigKeys (ConfUtils.java:logGet(43)) - raft.server.log.queue.element-limit = 1024 (custom)
2019-09-20 10:25:47,965 [pool-452-thread-1] INFO  server.RaftServerConfigKeys (ConfUtils.java:logGet(43)) - raft.server.log.segment.size.max = 1048576 (custom)
2019-09-20 10:25:47,965 [pool-452-thread-1] INFO  server.RaftServerConfigKeys (ConfUtils.java:logGet(43)) - raft.server.log.preallocated.size = 16384 (custom)
2019-09-20 10:25:47,965 [pool-452-thread-1] INFO  server.RaftServerConfigKeys (ConfUtils.java:logGet(43)) - raft.server.log.write.buffer.size = 33554432 (custom)
2019-09-20 10:25:47,965 [pool-452-thread-1] INFO  server.RaftServerConfigKeys (ConfUtils.java:logGet(43)) - raft.server.log.force.sync.num = 128 (default)
2019-09-20 10:25:47,966 [pool-452-thread-1] INFO  server.RaftServerConfigKeys (ConfUtils.java:logGet(43)) - raft.server.log.statemachine.data.sync = true (default)
2019-09-20 10:25:47,966 [pool-452-thread-1] INFO  server.RaftServerConfigKeys (ConfUtils.java:logGet(43)) - raft.server.log.statemachine.data.sync.timeout = 10s (default)
2019-09-20 10:25:47,966 [pool-452-thread-1] INFO  server.RaftServerConfigKeys (ConfUtils.java:logGet(43)) - raft.server.log.statemachine.data.sync.timeout.retry = -1 (default)
2019-09-20 10:25:47,966 [pool-452-thread-1] INFO  server.RaftServerConfigKeys (ConfUtils.java:logGet(43)) - raft.server.log.statemachine.data.caching.enabled = true (custom)
2019-09-20 10:25:47,967 [pool-452-thread-1] INFO  segmented.SegmentedRaftLogWorker (SegmentedRaftLogWorker.java:lambda$new$0(132)) - 206c8d3c-b23c-44eb-904e-8a117dc81c96-SegmentedRaftLogWorker:Storage Directory /workdir/hadoop-ozone/integration-test/target/test-dir/MiniOzoneClusterImpl-023400ba-597c-4990-9952-187ab727187d/datanode-4/data/ratis/9f4767c9-51ac-4020-a75c-93ef6c9b83f2: flushIndex: setUnconditionally 0 -> -1
2019-09-20 10:25:47,967 [pool-452-thread-1] INFO  server.RaftServerConfigKeys (ConfUtils.java:logGet(43)) - raft.server.snapshot.auto.trigger.enabled = true (custom)
2019-09-20 10:25:47,967 [pool-452-thread-1] INFO  server.RaftServerConfigKeys (ConfUtils.java:logGet(43)) - raft.server.snapshot.auto.trigger.threshold = 10000 (custom)
2019-09-20 10:25:47,967 [pool-452-thread-1] INFO  server.RaftServerConfigKeys (ConfUtils.java:logGet(43)) - raft.server.retrycache.expirytime = 600000ms (custom)
2019-09-20 10:25:47,967 [pool-452-thread-1] INFO  impl.RaftServerImpl (RaftServerImpl.java:start(180)) - 206c8d3c-b23c-44eb-904e-8a117dc81c96: start group-93EF6C9B83F2
2019-09-20 10:25:47,968 [pool-452-thread-1] INFO  impl.RaftServerImpl (RaftServerImpl.java:setRole(171)) - 206c8d3c-b23c-44eb-904e-8a117dc81c96:group-93EF6C9B83F2 changes role from null to FOLLOWER at term 0 for startAsFollower
2019-09-20 10:25:47,968 [pool-452-thread-1] INFO  impl.RoleInfo (RoleInfo.java:updateAndGet(143)) - 206c8d3c-b23c-44eb-904e-8a117dc81c96: start FollowerState
2019-09-20 10:25:47,968 [pool-452-thread-1] INFO  util.JmxRegister (JmxRegister.java:tryRegister(44)) - Successfully registered JMX Bean with object name Ratis:service=RaftServer,group=group-93EF6C9B83F2,id=206c8d3c-b23c-44eb-904e-8a117dc81c96
2019-09-20 10:25:47,971 [RatisPipelineUtilsThread] INFO  pipeline.PipelineStateManager (PipelineStateManager.java:addPipeline(56)) - Created pipeline Pipeline[ Id: 9f4767c9-51ac-4020-a75c-93ef6c9b83f2, Nodes: 206c8d3c-b23c-44eb-904e-8a117dc81c96{ip: 192.168.36.99, host: pr-hdds-1569-p5fx8-1226042367, networkLocation: /default-rack, certSerialId: null}, Type:RATIS, Factor:ONE, State:OPEN]
2019-09-20 10:25:47,971 [RatisPipelineUtilsThread] INFO  pipeline.PipelinePlacementPolicy (PipelinePlacementPolicy.java:meetCriteria(91)) - Pipeline Placement: Doesn't meet the criteria to be viable node： 0d89bd5b-f1f0-4d05-b956-8c5f0ef5931a Heaviness: 6 limit: 5
2019-09-20 10:25:47,971 [RatisPipelineUtilsThread] INFO  pipeline.PipelinePlacementPolicy (PipelinePlacementPolicy.java:meetCriteria(91)) - Pipeline Placement: Doesn't meet the criteria to be viable node： e238300f-1c21-4f37-b50e-3ecfb3791348 Heaviness: 6 limit: 5
2019-09-20 10:25:47,971 [RatisPipelineUtilsThread] INFO  pipeline.PipelinePlacementPolicy (PipelinePlacementPolicy.java:meetCriteria(91)) - Pipeline Placement: Doesn't meet the criteria to be viable node： a3551cd1-78f2-43f6-afc0-6c6852e9cef9 Heaviness: 6 limit: 5
2019-09-20 10:25:47,971 [RatisPipelineUtilsThread] INFO  pipeline.PipelinePlacementPolicy (PipelinePlacementPolicy.java:meetCriteria(91)) - Pipeline Placement: Doesn't meet the criteria to be viable node： 6f3631be-ef72-40c3-a17d-cb6a2edd0adf Heaviness: 6 limit: 5
2019-09-20 10:25:47,976 [grpc-default-executor-4] INFO  impl.RaftServerProxy (RaftServerProxy.java:addNew(89)) - 206c8d3c-b23c-44eb-904e-8a117dc81c96: addNew group-99EDDCE4AA43:[206c8d3c-b23c-44eb-904e-8a117dc81c96:192.168.36.99:34926] returns group-99EDDCE4AA43:java.util.concurrent.CompletableFuture@540878f4[Not completed]
2019-09-20 10:25:47,977 [pool-452-thread-1] INFO  impl.RaftServerImpl (RaftServerImpl.java:<init>(93)) - 206c8d3c-b23c-44eb-904e-8a117dc81c96: new RaftServerImpl for group-99EDDCE4AA43:[206c8d3c-b23c-44eb-904e-8a117dc81c96:192.168.36.99:34926] with ContainerStateMachine:uninitialized
2019-09-20 10:25:47,977 [pool-452-thread-1] INFO  server.RaftServerConfigKeys (ConfUtils.java:logGet(43)) - raft.server.rpc.timeout.min = 5s (custom)
2019-09-20 10:25:47,977 [pool-452-thread-1] INFO  server.RaftServerConfigKeys (ConfUtils.java:logGet(43)) - raft.server.rpc.timeout.max = 5200ms (custom)
2019-09-20 10:25:47,977 [pool-452-thread-1] INFO  server.RaftServerConfigKeys (ConfUtils.java:logGet(43)) - raft.server.rpcslowness.timeout = 120s (custom)
2019-09-20 10:25:47,977 [pool-452-thread-1] INFO  server.RaftServerConfigKeys (ConfUtils.java:logGet(43)) - raft.server.sleep.deviation.threshold = 300 (default)
2019-09-20 10:25:47,978 [pool-452-thread-1] INFO  server.RaftServerConfigKeys (ConfUtils.java:logGet(43)) - raft.server.log.appender.install.snapshot.enabled = false (custom)
2019-09-20 10:25:47,978 [pool-452-thread-1] INFO  impl.RaftServerImpl (ServerState.java:<init>(105)) - 206c8d3c-b23c-44eb-904e-8a117dc81c96:group-99EDDCE4AA43 ConfigurationManager, init=-1: [206c8d3c-b23c-44eb-904e-8a117dc81c96:192.168.36.99:34926], old=null, confs=<EMPTY_MAP>
2019-09-20 10:25:47,978 [pool-452-thread-1] INFO  server.RaftServerConfigKeys (ConfUtils.java:logGet(43)) - raft.server.storage.dir = [/workdir/hadoop-ozone/integration-test/target/test-dir/MiniOzoneClusterImpl-023400ba-597c-4990-9952-187ab727187d/datanode-4/data/ratis] (custom)
2019-09-20 10:25:47,978 [pool-452-thread-1] INFO  storage.RaftStorageDirectory (RaftStorageDirectory.java:analyzeStorage(246)) - The storage directory /workdir/hadoop-ozone/integration-test/target/test-dir/MiniOzoneClusterImpl-023400ba-597c-4990-9952-187ab727187d/datanode-4/data/ratis/9d5731f3-ea34-479c-85ad-99eddce4aa43 does not exist. Creating ...
2019-09-20 10:25:47,997 [pool-452-thread-1] INFO  storage.RaftStorageDirectory (RaftStorageDirectory.java:tryLock(328)) - Lock on /workdir/hadoop-ozone/integration-test/target/test-dir/MiniOzoneClusterImpl-023400ba-597c-4990-9952-187ab727187d/datanode-4/data/ratis/9d5731f3-ea34-479c-85ad-99eddce4aa43/in_use.lock acquired by nodename 28506@pr-hdds-1569-p5fx8-1226042367
2019-09-20 10:25:48,014 [pool-452-thread-1] INFO  storage.RaftStorage (RaftStorage.java:format(72)) - Storage directory /workdir/hadoop-ozone/integration-test/target/test-dir/MiniOzoneClusterImpl-023400ba-597c-4990-9952-187ab727187d/datanode-4/data/ratis/9d5731f3-ea34-479c-85ad-99eddce4aa43 has been successfully formatted.
2019-09-20 10:25:48,014 [pool-452-thread-1] INFO  ratis.ContainerStateMachine (ContainerStateMachine.java:loadSnapshot(226)) - group-99EDDCE4AA43: The snapshot info is null. Setting the last applied indexto:(t:0, i:~)
2019-09-20 10:25:48,014 [pool-452-thread-1] INFO  server.RaftServerConfigKeys (ConfUtils.java:logGet(43)) - raft.server.leader.election.timeout = 120s (custom)
2019-09-20 10:25:48,014 [pool-452-thread-1] INFO  server.RaftServerConfigKeys (ConfUtils.java:logGet(43)) - raft.server.log.use.memory = false (default)
2019-09-20 10:25:48,014 [pool-452-thread-1] INFO  server.RaftServerConfigKeys (ConfUtils.java:logGet(43)) - raft.server.log.purge.gap = 1000000 (custom)
2019-09-20 10:25:48,015 [pool-452-thread-1] INFO  server.RaftServerConfigKeys (ConfUtils.java:logGet(43)) - raft.server.log.appender.buffer.byte-limit = 33554432 (custom)
2019-09-20 10:25:48,015 [pool-452-thread-1] INFO  server.RaftServerConfigKeys (ConfUtils.java:logGet(43)) - raft.server.log.segment.size.max = 1048576 (custom)
2019-09-20 10:25:48,015 [pool-452-thread-1] INFO  server.RaftServerConfigKeys (ConfUtils.java:logGet(43)) - raft.server.log.segment.cache.num.max = 2 (custom)
2019-09-20 10:25:48,015 [pool-452-thread-1] INFO  segmented.SegmentedRaftLogWorker (SegmentedRaftLogWorker.java:<init>(172)) - new 206c8d3c-b23c-44eb-904e-8a117dc81c96-SegmentedRaftLogWorker:Storage Directory /workdir/hadoop-ozone/integration-test/target/test-dir/MiniOzoneClusterImpl-023400ba-597c-4990-9952-187ab727187d/datanode-4/data/ratis/9d5731f3-ea34-479c-85ad-99eddce4aa43 for RaftStorage:Storage Directory /workdir/hadoop-ozone/integration-test/target/test-dir/MiniOzoneClusterImpl-023400ba-597c-4990-9952-187ab727187d/datanode-4/data/ratis/9d5731f3-ea34-479c-85ad-99eddce4aa43
2019-09-20 10:25:48,015 [pool-452-thread-1] INFO  server.RaftServerConfigKeys (ConfUtils.java:logGet(43)) - raft.server.log.queue.byte-limit = 2147483647 (custom)
2019-09-20 10:25:48,015 [pool-452-thread-1] INFO  server.RaftServerConfigKeys (ConfUtils.java:logGet(43)) - raft.server.log.queue.element-limit = 1024 (custom)
2019-09-20 10:25:48,015 [pool-452-thread-1] INFO  server.RaftServerConfigKeys (ConfUtils.java:logGet(43)) - raft.server.log.segment.size.max = 1048576 (custom)
2019-09-20 10:25:48,016 [pool-452-thread-1] INFO  server.RaftServerConfigKeys (ConfUtils.java:logGet(43)) - raft.server.log.preallocated.size = 16384 (custom)
2019-09-20 10:25:48,016 [pool-452-thread-1] INFO  server.RaftServerConfigKeys (ConfUtils.java:logGet(43)) - raft.server.log.write.buffer.size = 33554432 (custom)
2019-09-20 10:25:48,016 [pool-452-thread-1] INFO  server.RaftServerConfigKeys (ConfUtils.java:logGet(43)) - raft.server.log.force.sync.num = 128 (default)
2019-09-20 10:25:48,016 [pool-452-thread-1] INFO  server.RaftServerConfigKeys (ConfUtils.java:logGet(43)) - raft.server.log.statemachine.data.sync = true (default)
2019-09-20 10:25:48,016 [pool-452-thread-1] INFO  server.RaftServerConfigKeys (ConfUtils.java:logGet(43)) - raft.server.log.statemachine.data.sync.timeout = 10s (default)
2019-09-20 10:25:48,016 [pool-452-thread-1] INFO  server.RaftServerConfigKeys (ConfUtils.java:logGet(43)) - raft.server.log.statemachine.data.sync.timeout.retry = -1 (default)
2019-09-20 10:25:48,016 [pool-452-thread-1] INFO  server.RaftServerConfigKeys (ConfUtils.java:logGet(43)) - raft.server.log.statemachine.data.caching.enabled = true (custom)
2019-09-20 10:25:48,017 [pool-452-thread-1] INFO  segmented.SegmentedRaftLogWorker (SegmentedRaftLogWorker.java:lambda$new$0(132)) - 206c8d3c-b23c-44eb-904e-8a117dc81c96-SegmentedRaftLogWorker:Storage Directory /workdir/hadoop-ozone/integration-test/target/test-dir/MiniOzoneClusterImpl-023400ba-597c-4990-9952-187ab727187d/datanode-4/data/ratis/9d5731f3-ea34-479c-85ad-99eddce4aa43: flushIndex: setUnconditionally 0 -> -1
2019-09-20 10:25:48,017 [pool-452-thread-1] INFO  server.RaftServerConfigKeys (ConfUtils.java:logGet(43)) - raft.server.snapshot.auto.trigger.enabled = true (custom)
2019-09-20 10:25:48,017 [pool-452-thread-1] INFO  server.RaftServerConfigKeys (ConfUtils.java:logGet(43)) - raft.server.snapshot.auto.trigger.threshold = 10000 (custom)
2019-09-20 10:25:48,017 [pool-452-thread-1] INFO  server.RaftServerConfigKeys (ConfUtils.java:logGet(43)) - raft.server.retrycache.expirytime = 600000ms (custom)
2019-09-20 10:25:48,018 [pool-452-thread-1] INFO  impl.RaftServerImpl (RaftServerImpl.java:start(180)) - 206c8d3c-b23c-44eb-904e-8a117dc81c96: start group-99EDDCE4AA43
2019-09-20 10:25:48,018 [pool-452-thread-1] INFO  impl.RaftServerImpl (RaftServerImpl.java:setRole(171)) - 206c8d3c-b23c-44eb-904e-8a117dc81c96:group-99EDDCE4AA43 changes role from null to FOLLOWER at term 0 for startAsFollower
2019-09-20 10:25:48,018 [pool-452-thread-1] INFO  impl.RoleInfo (RoleInfo.java:updateAndGet(143)) - 206c8d3c-b23c-44eb-904e-8a117dc81c96: start FollowerState
2019-09-20 10:25:48,018 [pool-452-thread-1] INFO  util.JmxRegister (JmxRegister.java:tryRegister(44)) - Successfully registered JMX Bean with object name Ratis:service=RaftServer,group=group-99EDDCE4AA43,id=206c8d3c-b23c-44eb-904e-8a117dc81c96
2019-09-20 10:25:48,020 [RatisPipelineUtilsThread] INFO  pipeline.PipelineStateManager (PipelineStateManager.java:addPipeline(56)) - Created pipeline Pipeline[ Id: 9d5731f3-ea34-479c-85ad-99eddce4aa43, Nodes: 206c8d3c-b23c-44eb-904e-8a117dc81c96{ip: 192.168.36.99, host: pr-hdds-1569-p5fx8-1226042367, networkLocation: /default-rack, certSerialId: null}, Type:RATIS, Factor:ONE, State:OPEN]
2019-09-20 10:25:48,021 [RatisPipelineUtilsThread] INFO  pipeline.PipelinePlacementPolicy (PipelinePlacementPolicy.java:meetCriteria(91)) - Pipeline Placement: Doesn't meet the criteria to be viable node： 0d89bd5b-f1f0-4d05-b956-8c5f0ef5931a Heaviness: 6 limit: 5
2019-09-20 10:25:48,021 [RatisPipelineUtilsThread] INFO  pipeline.PipelinePlacementPolicy (PipelinePlacementPolicy.java:meetCriteria(91)) - Pipeline Placement: Doesn't meet the criteria to be viable node： e238300f-1c21-4f37-b50e-3ecfb3791348 Heaviness: 6 limit: 5
2019-09-20 10:25:48,021 [RatisPipelineUtilsThread] INFO  pipeline.PipelinePlacementPolicy (PipelinePlacementPolicy.java:meetCriteria(91)) - Pipeline Placement: Doesn't meet the criteria to be viable node： a3551cd1-78f2-43f6-afc0-6c6852e9cef9 Heaviness: 6 limit: 5
2019-09-20 10:25:48,021 [RatisPipelineUtilsThread] INFO  pipeline.PipelinePlacementPolicy (PipelinePlacementPolicy.java:meetCriteria(91)) - Pipeline Placement: Doesn't meet the criteria to be viable node： 6f3631be-ef72-40c3-a17d-cb6a2edd0adf Heaviness: 6 limit: 5
2019-09-20 10:25:48,025 [grpc-default-executor-4] INFO  impl.RaftServerProxy (RaftServerProxy.java:addNew(89)) - 206c8d3c-b23c-44eb-904e-8a117dc81c96: addNew group-7DE30394748D:[206c8d3c-b23c-44eb-904e-8a117dc81c96:192.168.36.99:34926] returns group-7DE30394748D:java.util.concurrent.CompletableFuture@13e9888a[Not completed]
2019-09-20 10:25:48,026 [pool-452-thread-1] INFO  impl.RaftServerImpl (RaftServerImpl.java:<init>(93)) - 206c8d3c-b23c-44eb-904e-8a117dc81c96: new RaftServerImpl for group-7DE30394748D:[206c8d3c-b23c-44eb-904e-8a117dc81c96:192.168.36.99:34926] with ContainerStateMachine:uninitialized
2019-09-20 10:25:48,027 [pool-452-thread-1] INFO  server.RaftServerConfigKeys (ConfUtils.java:logGet(43)) - raft.server.rpc.timeout.min = 5s (custom)
2019-09-20 10:25:48,027 [pool-452-thread-1] INFO  server.RaftServerConfigKeys (ConfUtils.java:logGet(43)) - raft.server.rpc.timeout.max = 5200ms (custom)
2019-09-20 10:25:48,027 [pool-452-thread-1] INFO  server.RaftServerConfigKeys (ConfUtils.java:logGet(43)) - raft.server.rpcslowness.timeout = 120s (custom)
2019-09-20 10:25:48,027 [pool-452-thread-1] INFO  server.RaftServerConfigKeys (ConfUtils.java:logGet(43)) - raft.server.sleep.deviation.threshold = 300 (default)
2019-09-20 10:25:48,027 [pool-452-thread-1] INFO  server.RaftServerConfigKeys (ConfUtils.java:logGet(43)) - raft.server.log.appender.install.snapshot.enabled = false (custom)
2019-09-20 10:25:48,027 [pool-452-thread-1] INFO  impl.RaftServerImpl (ServerState.java:<init>(105)) - 206c8d3c-b23c-44eb-904e-8a117dc81c96:group-7DE30394748D ConfigurationManager, init=-1: [206c8d3c-b23c-44eb-904e-8a117dc81c96:192.168.36.99:34926], old=null, confs=<EMPTY_MAP>
2019-09-20 10:25:48,027 [pool-452-thread-1] INFO  server.RaftServerConfigKeys (ConfUtils.java:logGet(43)) - raft.server.storage.dir = [/workdir/hadoop-ozone/integration-test/target/test-dir/MiniOzoneClusterImpl-023400ba-597c-4990-9952-187ab727187d/datanode-4/data/ratis] (custom)
2019-09-20 10:25:48,028 [pool-452-thread-1] INFO  storage.RaftStorageDirectory (RaftStorageDirectory.java:analyzeStorage(246)) - The storage directory /workdir/hadoop-ozone/integration-test/target/test-dir/MiniOzoneClusterImpl-023400ba-597c-4990-9952-187ab727187d/datanode-4/data/ratis/c39d23ff-4353-4b41-b2a9-7de30394748d does not exist. Creating ...
2019-09-20 10:25:48,072 [pool-452-thread-1] INFO  storage.RaftStorageDirectory (RaftStorageDirectory.java:tryLock(328)) - Lock on /workdir/hadoop-ozone/integration-test/target/test-dir/MiniOzoneClusterImpl-023400ba-597c-4990-9952-187ab727187d/datanode-4/data/ratis/c39d23ff-4353-4b41-b2a9-7de30394748d/in_use.lock acquired by nodename 28506@pr-hdds-1569-p5fx8-1226042367
2019-09-20 10:25:48,131 [pool-452-thread-1] INFO  storage.RaftStorage (RaftStorage.java:format(72)) - Storage directory /workdir/hadoop-ozone/integration-test/target/test-dir/MiniOzoneClusterImpl-023400ba-597c-4990-9952-187ab727187d/datanode-4/data/ratis/c39d23ff-4353-4b41-b2a9-7de30394748d has been successfully formatted.
2019-09-20 10:25:48,132 [pool-452-thread-1] INFO  ratis.ContainerStateMachine (ContainerStateMachine.java:loadSnapshot(226)) - group-7DE30394748D: The snapshot info is null. Setting the last applied indexto:(t:0, i:~)
2019-09-20 10:25:48,132 [pool-452-thread-1] INFO  server.RaftServerConfigKeys (ConfUtils.java:logGet(43)) - raft.server.leader.election.timeout = 120s (custom)
2019-09-20 10:25:48,132 [pool-452-thread-1] INFO  server.RaftServerConfigKeys (ConfUtils.java:logGet(43)) - raft.server.log.use.memory = false (default)
2019-09-20 10:25:48,132 [pool-452-thread-1] INFO  server.RaftServerConfigKeys (ConfUtils.java:logGet(43)) - raft.server.log.purge.gap = 1000000 (custom)
2019-09-20 10:25:48,132 [pool-452-thread-1] INFO  server.RaftServerConfigKeys (ConfUtils.java:logGet(43)) - raft.server.log.appender.buffer.byte-limit = 33554432 (custom)
2019-09-20 10:25:48,132 [pool-452-thread-1] INFO  server.RaftServerConfigKeys (ConfUtils.java:logGet(43)) - raft.server.log.segment.size.max = 1048576 (custom)
2019-09-20 10:25:48,132 [pool-452-thread-1] INFO  server.RaftServerConfigKeys (ConfUtils.java:logGet(43)) - raft.server.log.segment.cache.num.max = 2 (custom)
2019-09-20 10:25:48,133 [pool-452-thread-1] INFO  segmented.SegmentedRaftLogWorker (SegmentedRaftLogWorker.java:<init>(172)) - new 206c8d3c-b23c-44eb-904e-8a117dc81c96-SegmentedRaftLogWorker:Storage Directory /workdir/hadoop-ozone/integration-test/target/test-dir/MiniOzoneClusterImpl-023400ba-597c-4990-9952-187ab727187d/datanode-4/data/ratis/c39d23ff-4353-4b41-b2a9-7de30394748d for RaftStorage:Storage Directory /workdir/hadoop-ozone/integration-test/target/test-dir/MiniOzoneClusterImpl-023400ba-597c-4990-9952-187ab727187d/datanode-4/data/ratis/c39d23ff-4353-4b41-b2a9-7de30394748d
2019-09-20 10:25:48,133 [pool-452-thread-1] INFO  server.RaftServerConfigKeys (ConfUtils.java:logGet(43)) - raft.server.log.queue.byte-limit = 2147483647 (custom)
2019-09-20 10:25:48,133 [pool-452-thread-1] INFO  server.RaftServerConfigKeys (ConfUtils.java:logGet(43)) - raft.server.log.queue.element-limit = 1024 (custom)
2019-09-20 10:25:48,133 [pool-452-thread-1] INFO  server.RaftServerConfigKeys (ConfUtils.java:logGet(43)) - raft.server.log.segment.size.max = 1048576 (custom)
2019-09-20 10:25:48,133 [pool-452-thread-1] INFO  server.RaftServerConfigKeys (ConfUtils.java:logGet(43)) - raft.server.log.preallocated.size = 16384 (custom)
2019-09-20 10:25:48,133 [pool-452-thread-1] INFO  server.RaftServerConfigKeys (ConfUtils.java:logGet(43)) - raft.server.log.write.buffer.size = 33554432 (custom)
2019-09-20 10:25:48,134 [pool-452-thread-1] INFO  server.RaftServerConfigKeys (ConfUtils.java:logGet(43)) - raft.server.log.force.sync.num = 128 (default)
2019-09-20 10:25:48,134 [pool-452-thread-1] INFO  server.RaftServerConfigKeys (ConfUtils.java:logGet(43)) - raft.server.log.statemachine.data.sync = true (default)
2019-09-20 10:25:48,134 [pool-452-thread-1] INFO  server.RaftServerConfigKeys (ConfUtils.java:logGet(43)) - raft.server.log.statemachine.data.sync.timeout = 10s (default)
2019-09-20 10:25:48,134 [pool-452-thread-1] INFO  server.RaftServerConfigKeys (ConfUtils.java:logGet(43)) - raft.server.log.statemachine.data.sync.timeout.retry = -1 (default)
2019-09-20 10:25:48,134 | INFO  | SCMAudit | user=jenkins1000 | ip=192.168.36.99 | op=SEND_HEARTBEAT {datanodeUUID=b5962e8e-c9f1-48aa-8eb4-d8f74b8afdbe, command=[]} | ret=SUCCESS |  
2019-09-20 10:25:48,134 | INFO  | SCMAudit | user=jenkins1000 | ip=192.168.36.99 | op=SEND_HEARTBEAT {datanodeUUID=c3e532f8-1a8e-44f3-b56b-d765aee893af, command=[]} | ret=SUCCESS |  
2019-09-20 10:25:48,134 | INFO  | SCMAudit | user=jenkins1000 | ip=192.168.36.99 | op=SEND_HEARTBEAT {datanodeUUID=bb8f5112-316d-4974-a5a6-f698f3fbb5be, command=[]} | ret=SUCCESS |  
2019-09-20 10:25:48,134 [pool-452-thread-1] INFO  server.RaftServerConfigKeys (ConfUtils.java:logGet(43)) - raft.server.log.statemachine.data.caching.enabled = true (custom)
2019-09-20 10:25:48,135 [pool-452-thread-1] INFO  segmented.SegmentedRaftLogWorker (SegmentedRaftLogWorker.java:lambda$new$0(132)) - 206c8d3c-b23c-44eb-904e-8a117dc81c96-SegmentedRaftLogWorker:Storage Directory /workdir/hadoop-ozone/integration-test/target/test-dir/MiniOzoneClusterImpl-023400ba-597c-4990-9952-187ab727187d/datanode-4/data/ratis/c39d23ff-4353-4b41-b2a9-7de30394748d: flushIndex: setUnconditionally 0 -> -1
2019-09-20 10:25:48,135 | INFO  | SCMAudit | user=jenkins1000 | ip=192.168.36.99 | op=SEND_HEARTBEAT {datanodeUUID=61649f92-8c0f-475a-818d-1064548aeef6, command=[]} | ret=SUCCESS |  
2019-09-20 10:25:48,135 | INFO  | SCMAudit | user=jenkins1000 | ip=192.168.36.99 | op=SEND_HEARTBEAT {datanodeUUID=e29464ab-17d7-4a4e-ab54-c178fccc723c, command=[]} | ret=SUCCESS |  
2019-09-20 10:25:48,135 [pool-452-thread-1] INFO  server.RaftServerConfigKeys (ConfUtils.java:logGet(43)) - raft.server.snapshot.auto.trigger.enabled = true (custom)
2019-09-20 10:25:48,135 [pool-452-thread-1] INFO  server.RaftServerConfigKeys (ConfUtils.java:logGet(43)) - raft.server.snapshot.auto.trigger.threshold = 10000 (custom)
2019-09-20 10:25:48,135 [pool-452-thread-1] INFO  server.RaftServerConfigKeys (ConfUtils.java:logGet(43)) - raft.server.retrycache.expirytime = 600000ms (custom)
2019-09-20 10:25:48,136 [pool-452-thread-1] INFO  impl.RaftServerImpl (RaftServerImpl.java:start(180)) - 206c8d3c-b23c-44eb-904e-8a117dc81c96: start group-7DE30394748D
2019-09-20 10:25:48,136 [pool-452-thread-1] INFO  impl.RaftServerImpl (RaftServerImpl.java:setRole(171)) - 206c8d3c-b23c-44eb-904e-8a117dc81c96:group-7DE30394748D changes role from null to FOLLOWER at term 0 for startAsFollower
2019-09-20 10:25:48,136 [pool-452-thread-1] INFO  impl.RoleInfo (RoleInfo.java:updateAndGet(143)) - 206c8d3c-b23c-44eb-904e-8a117dc81c96: start FollowerState
2019-09-20 10:25:48,136 [pool-452-thread-1] INFO  util.JmxRegister (JmxRegister.java:tryRegister(44)) - Successfully registered JMX Bean with object name Ratis:service=RaftServer,group=group-7DE30394748D,id=206c8d3c-b23c-44eb-904e-8a117dc81c96
2019-09-20 10:25:48,137 | INFO  | SCMAudit | user=jenkins1000 | ip=192.168.36.99 | op=SEND_HEARTBEAT {datanodeUUID=e8013689-2f13-4aaf-8a03-99f419c430ec, command=[]} | ret=SUCCESS |  
2019-09-20 10:25:48,137 | INFO  | SCMAudit | user=jenkins1000 | ip=192.168.36.99 | op=SEND_HEARTBEAT {datanodeUUID=136f1953-bb94-4097-a2d4-422a6782bee0, command=[]} | ret=SUCCESS |  
2019-09-20 10:25:48,137 | INFO  | SCMAudit | user=jenkins1000 | ip=192.168.36.99 | op=SEND_HEARTBEAT {datanodeUUID=9e03ffa9-cf79-407a-a150-4c035e5aec5e, command=[]} | ret=SUCCESS |  
2019-09-20 10:25:48,138 | INFO  | SCMAudit | user=jenkins1000 | ip=192.168.36.99 | op=SEND_HEARTBEAT {datanodeUUID=99e70dd4-d763-4473-944c-c5628506dcf8, command=[]} | ret=SUCCESS |  
2019-09-20 10:25:48,138 | INFO  | SCMAudit | user=jenkins1000 | ip=192.168.36.99 | op=SEND_HEARTBEAT {datanodeUUID=4d972e91-cb6b-45de-8bd2-c18af7abe58b, command=[]} | ret=SUCCESS |  
2019-09-20 10:25:48,139 | INFO  | SCMAudit | user=jenkins1000 | ip=192.168.36.99 | op=SEND_HEARTBEAT {datanodeUUID=60260ec1-e192-4b95-89c8-d924d16a77a9, command=[]} | ret=SUCCESS |  
2019-09-20 10:25:48,139 | INFO  | SCMAudit | user=jenkins1000 | ip=192.168.36.99 | op=SEND_HEARTBEAT {datanodeUUID=ece458fc-6687-4915-9be7-f98d86977b7d, command=[]} | ret=SUCCESS |  
2019-09-20 10:25:48,139 [RatisPipelineUtilsThread] INFO  pipeline.PipelineStateManager (PipelineStateManager.java:addPipeline(56)) - Created pipeline Pipeline[ Id: c39d23ff-4353-4b41-b2a9-7de30394748d, Nodes: 206c8d3c-b23c-44eb-904e-8a117dc81c96{ip: 192.168.36.99, host: pr-hdds-1569-p5fx8-1226042367, networkLocation: /default-rack, certSerialId: null}, Type:RATIS, Factor:ONE, State:OPEN]
2019-09-20 10:25:48,139 | INFO  | SCMAudit | user=jenkins1000 | ip=192.168.36.99 | op=SEND_HEARTBEAT {datanodeUUID=6491c372-a595-4104-b3e9-c4f3293baafa, command=[]} | ret=SUCCESS |  
2019-09-20 10:25:48,139 [RatisPipelineUtilsThread] INFO  pipeline.PipelinePlacementPolicy (PipelinePlacementPolicy.java:meetCriteria(91)) - Pipeline Placement: Doesn't meet the criteria to be viable node： 0d89bd5b-f1f0-4d05-b956-8c5f0ef5931a Heaviness: 6 limit: 5
2019-09-20 10:25:48,139 [RatisPipelineUtilsThread] INFO  pipeline.PipelinePlacementPolicy (PipelinePlacementPolicy.java:meetCriteria(91)) - Pipeline Placement: Doesn't meet the criteria to be viable node： e238300f-1c21-4f37-b50e-3ecfb3791348 Heaviness: 6 limit: 5
2019-09-20 10:25:48,140 | INFO  | SCMAudit | user=jenkins1000 | ip=192.168.36.99 | op=SEND_HEARTBEAT {datanodeUUID=468be06f-55e9-4831-ba6b-3db017451a79, command=[]} | ret=SUCCESS |  
2019-09-20 10:25:48,140 | INFO  | SCMAudit | user=jenkins1000 | ip=192.168.36.99 | op=SEND_HEARTBEAT {datanodeUUID=54207fe5-d92c-4c2e-b058-fbae630dabef, command=[]} | ret=SUCCESS |  
2019-09-20 10:25:48,140 [RatisPipelineUtilsThread] INFO  pipeline.PipelinePlacementPolicy (PipelinePlacementPolicy.java:meetCriteria(91)) - Pipeline Placement: Doesn't meet the criteria to be viable node： a3551cd1-78f2-43f6-afc0-6c6852e9cef9 Heaviness: 6 limit: 5
2019-09-20 10:25:48,140 | INFO  | SCMAudit | user=jenkins1000 | ip=192.168.36.99 | op=SEND_HEARTBEAT {datanodeUUID=66416d0b-a71c-4af1-ae3a-62ca63b880a3, command=[]} | ret=SUCCESS |  
2019-09-20 10:25:48,140 | INFO  | SCMAudit | user=jenkins1000 | ip=192.168.36.99 | op=SEND_HEARTBEAT {datanodeUUID=3d6f3241-e73c-473a-ad0b-c7be2f7e1dda, command=[]} | ret=SUCCESS |  
2019-09-20 10:25:48,140 [RatisPipelineUtilsThread] INFO  pipeline.PipelinePlacementPolicy (PipelinePlacementPolicy.java:meetCriteria(91)) - Pipeline Placement: Doesn't meet the criteria to be viable node： 6f3631be-ef72-40c3-a17d-cb6a2edd0adf Heaviness: 6 limit: 5
2019-09-20 10:25:48,140 | INFO  | SCMAudit | user=jenkins1000 | ip=192.168.36.99 | op=SEND_HEARTBEAT {datanodeUUID=cff8bf6b-8d20-4327-9f29-08a3c2b49247, command=[]} | ret=SUCCESS |  
2019-09-20 10:25:48,141 | INFO  | SCMAudit | user=jenkins1000 | ip=192.168.36.99 | op=SEND_HEARTBEAT {datanodeUUID=7af711bd-b5ae-4a73-a8be-b970cae6c2d1, command=[]} | ret=SUCCESS |  
2019-09-20 10:25:48,141 | INFO  | SCMAudit | user=jenkins1000 | ip=192.168.36.99 | op=SEND_HEARTBEAT {datanodeUUID=d2ed2d9b-7ac7-460e-84f6-6d9d6066f76d, command=[]} | ret=SUCCESS |  
2019-09-20 10:25:48,141 | INFO  | SCMAudit | user=jenkins1000 | ip=192.168.36.99 | op=SEND_HEARTBEAT {datanodeUUID=19fb8383-7c99-4449-b95c-a26e71717844, command=[]} | ret=SUCCESS |  
2019-09-20 10:25:48,142 | INFO  | SCMAudit | user=jenkins1000 | ip=192.168.36.99 | op=SEND_HEARTBEAT {datanodeUUID=fac63c4b-287e-453e-9ac7-8c8c283fdab7, command=[]} | ret=SUCCESS |  
2019-09-20 10:25:48,142 | INFO  | SCMAudit | user=jenkins1000 | ip=192.168.36.99 | op=SEND_HEARTBEAT {datanodeUUID=17e2ba94-38a1-40e7-84e0-f6802901db84, command=[]} | ret=SUCCESS |  
2019-09-20 10:25:48,142 | INFO  | SCMAudit | user=jenkins1000 | ip=192.168.36.99 | op=SEND_HEARTBEAT {datanodeUUID=1ab786b9-c79c-4265-88a1-5b3344c6beda, command=[]} | ret=SUCCESS |  
2019-09-20 10:25:48,142 | INFO  | SCMAudit | user=jenkins1000 | ip=192.168.36.99 | op=SEND_HEARTBEAT {datanodeUUID=99153be1-ba81-4c7b-b6ab-4442760615cb, command=[]} | ret=SUCCESS |  
2019-09-20 10:25:48,144 | INFO  | SCMAudit | user=jenkins1000 | ip=192.168.36.99 | op=SEND_HEARTBEAT {datanodeUUID=1bfb6844-04ed-4104-839b-60e510b6bb68, command=[]} | ret=SUCCESS |  
2019-09-20 10:25:48,144 | INFO  | SCMAudit | user=jenkins1000 | ip=192.168.36.99 | op=SEND_HEARTBEAT {datanodeUUID=075fa85b-703c-4900-807d-88f08b36438a, command=[]} | ret=SUCCESS |  
2019-09-20 10:25:48,145 | INFO  | SCMAudit | user=jenkins1000 | ip=192.168.36.99 | op=SEND_HEARTBEAT {datanodeUUID=7f6418e1-cc7a-441a-8f41-c73576b5a1c5, command=[]} | ret=SUCCESS |  
2019-09-20 10:25:48,145 [grpc-default-executor-4] INFO  impl.RaftServerProxy (RaftServerProxy.java:addNew(89)) - 206c8d3c-b23c-44eb-904e-8a117dc81c96: addNew group-0DA687F0115C:[206c8d3c-b23c-44eb-904e-8a117dc81c96:192.168.36.99:34926] returns group-0DA687F0115C:java.util.concurrent.CompletableFuture@40a9b343[Not completed]
2019-09-20 10:25:48,146 [pool-452-thread-1] INFO  impl.RaftServerImpl (RaftServerImpl.java:<init>(93)) - 206c8d3c-b23c-44eb-904e-8a117dc81c96: new RaftServerImpl for group-0DA687F0115C:[206c8d3c-b23c-44eb-904e-8a117dc81c96:192.168.36.99:34926] with ContainerStateMachine:uninitialized
2019-09-20 10:25:48,146 [pool-452-thread-1] INFO  server.RaftServerConfigKeys (ConfUtils.java:logGet(43)) - raft.server.rpc.timeout.min = 5s (custom)
2019-09-20 10:25:48,146 [pool-452-thread-1] INFO  server.RaftServerConfigKeys (ConfUtils.java:logGet(43)) - raft.server.rpc.timeout.max = 5200ms (custom)
2019-09-20 10:25:48,146 [pool-452-thread-1] INFO  server.RaftServerConfigKeys (ConfUtils.java:logGet(43)) - raft.server.rpcslowness.timeout = 120s (custom)
2019-09-20 10:25:48,146 [pool-452-thread-1] INFO  server.RaftServerConfigKeys (ConfUtils.java:logGet(43)) - raft.server.sleep.deviation.threshold = 300 (default)
2019-09-20 10:25:48,146 [pool-452-thread-1] INFO  server.RaftServerConfigKeys (ConfUtils.java:logGet(43)) - raft.server.log.appender.install.snapshot.enabled = false (custom)
2019-09-20 10:25:48,147 [pool-452-thread-1] INFO  impl.RaftServerImpl (ServerState.java:<init>(105)) - 206c8d3c-b23c-44eb-904e-8a117dc81c96:group-0DA687F0115C ConfigurationManager, init=-1: [206c8d3c-b23c-44eb-904e-8a117dc81c96:192.168.36.99:34926], old=null, confs=<EMPTY_MAP>
2019-09-20 10:25:48,147 [pool-452-thread-1] INFO  server.RaftServerConfigKeys (ConfUtils.java:logGet(43)) - raft.server.storage.dir = [/workdir/hadoop-ozone/integration-test/target/test-dir/MiniOzoneClusterImpl-023400ba-597c-4990-9952-187ab727187d/datanode-4/data/ratis] (custom)
2019-09-20 10:25:48,147 [pool-452-thread-1] INFO  storage.RaftStorageDirectory (RaftStorageDirectory.java:analyzeStorage(246)) - The storage directory /workdir/hadoop-ozone/integration-test/target/test-dir/MiniOzoneClusterImpl-023400ba-597c-4990-9952-187ab727187d/datanode-4/data/ratis/ed413409-5f97-4878-8626-0da687f0115c does not exist. Creating ...
2019-09-20 10:25:48,191 [pool-452-thread-1] INFO  storage.RaftStorageDirectory (RaftStorageDirectory.java:tryLock(328)) - Lock on /workdir/hadoop-ozone/integration-test/target/test-dir/MiniOzoneClusterImpl-023400ba-597c-4990-9952-187ab727187d/datanode-4/data/ratis/ed413409-5f97-4878-8626-0da687f0115c/in_use.lock acquired by nodename 28506@pr-hdds-1569-p5fx8-1226042367
2019-09-20 10:25:48,216 [pool-452-thread-1] INFO  storage.RaftStorage (RaftStorage.java:format(72)) - Storage directory /workdir/hadoop-ozone/integration-test/target/test-dir/MiniOzoneClusterImpl-023400ba-597c-4990-9952-187ab727187d/datanode-4/data/ratis/ed413409-5f97-4878-8626-0da687f0115c has been successfully formatted.
2019-09-20 10:25:48,216 [pool-452-thread-1] INFO  ratis.ContainerStateMachine (ContainerStateMachine.java:loadSnapshot(226)) - group-0DA687F0115C: The snapshot info is null. Setting the last applied indexto:(t:0, i:~)
2019-09-20 10:25:48,217 [pool-452-thread-1] INFO  server.RaftServerConfigKeys (ConfUtils.java:logGet(43)) - raft.server.leader.election.timeout = 120s (custom)
2019-09-20 10:25:48,217 [pool-452-thread-1] INFO  server.RaftServerConfigKeys (ConfUtils.java:logGet(43)) - raft.server.log.use.memory = false (default)
2019-09-20 10:25:48,217 [pool-452-thread-1] INFO  server.RaftServerConfigKeys (ConfUtils.java:logGet(43)) - raft.server.log.purge.gap = 1000000 (custom)
2019-09-20 10:25:48,217 [pool-452-thread-1] INFO  server.RaftServerConfigKeys (ConfUtils.java:logGet(43)) - raft.server.log.appender.buffer.byte-limit = 33554432 (custom)
2019-09-20 10:25:48,217 [pool-452-thread-1] INFO  server.RaftServerConfigKeys (ConfUtils.java:logGet(43)) - raft.server.log.segment.size.max = 1048576 (custom)
2019-09-20 10:25:48,217 [pool-452-thread-1] INFO  server.RaftServerConfigKeys (ConfUtils.java:logGet(43)) - raft.server.log.segment.cache.num.max = 2 (custom)
2019-09-20 10:25:48,217 [pool-452-thread-1] INFO  segmented.SegmentedRaftLogWorker (SegmentedRaftLogWorker.java:<init>(172)) - new 206c8d3c-b23c-44eb-904e-8a117dc81c96-SegmentedRaftLogWorker:Storage Directory /workdir/hadoop-ozone/integration-test/target/test-dir/MiniOzoneClusterImpl-023400ba-597c-4990-9952-187ab727187d/datanode-4/data/ratis/ed413409-5f97-4878-8626-0da687f0115c for RaftStorage:Storage Directory /workdir/hadoop-ozone/integration-test/target/test-dir/MiniOzoneClusterImpl-023400ba-597c-4990-9952-187ab727187d/datanode-4/data/ratis/ed413409-5f97-4878-8626-0da687f0115c
2019-09-20 10:25:48,218 [pool-452-thread-1] INFO  server.RaftServerConfigKeys (ConfUtils.java:logGet(43)) - raft.server.log.queue.byte-limit = 2147483647 (custom)
2019-09-20 10:25:48,218 [pool-452-thread-1] INFO  server.RaftServerConfigKeys (ConfUtils.java:logGet(43)) - raft.server.log.queue.element-limit = 1024 (custom)
2019-09-20 10:25:48,218 [pool-452-thread-1] INFO  server.RaftServerConfigKeys (ConfUtils.java:logGet(43)) - raft.server.log.segment.size.max = 1048576 (custom)
2019-09-20 10:25:48,218 [pool-452-thread-1] INFO  server.RaftServerConfigKeys (ConfUtils.java:logGet(43)) - raft.server.log.preallocated.size = 16384 (custom)
2019-09-20 10:25:48,218 [pool-452-thread-1] INFO  server.RaftServerConfigKeys (ConfUtils.java:logGet(43)) - raft.server.log.write.buffer.size = 33554432 (custom)
2019-09-20 10:25:48,218 [pool-452-thread-1] INFO  server.RaftServerConfigKeys (ConfUtils.java:logGet(43)) - raft.server.log.force.sync.num = 128 (default)
2019-09-20 10:25:48,218 [pool-452-thread-1] INFO  server.RaftServerConfigKeys (ConfUtils.java:logGet(43)) - raft.server.log.statemachine.data.sync = true (default)
2019-09-20 10:25:48,218 [pool-452-thread-1] INFO  server.RaftServerConfigKeys (ConfUtils.java:logGet(43)) - raft.server.log.statemachine.data.sync.timeout = 10s (default)
2019-09-20 10:25:48,219 [pool-452-thread-1] INFO  server.RaftServerConfigKeys (ConfUtils.java:logGet(43)) - raft.server.log.statemachine.data.sync.timeout.retry = -1 (default)
2019-09-20 10:25:48,219 [pool-452-thread-1] INFO  server.RaftServerConfigKeys (ConfUtils.java:logGet(43)) - raft.server.log.statemachine.data.caching.enabled = true (custom)
2019-09-20 10:25:48,219 [pool-452-thread-1] INFO  segmented.SegmentedRaftLogWorker (SegmentedRaftLogWorker.java:lambda$new$0(132)) - 206c8d3c-b23c-44eb-904e-8a117dc81c96-SegmentedRaftLogWorker:Storage Directory /workdir/hadoop-ozone/integration-test/target/test-dir/MiniOzoneClusterImpl-023400ba-597c-4990-9952-187ab727187d/datanode-4/data/ratis/ed413409-5f97-4878-8626-0da687f0115c: flushIndex: setUnconditionally 0 -> -1
2019-09-20 10:25:48,219 [pool-452-thread-1] INFO  server.RaftServerConfigKeys (ConfUtils.java:logGet(43)) - raft.server.snapshot.auto.trigger.enabled = true (custom)
2019-09-20 10:25:48,220 [pool-452-thread-1] INFO  server.RaftServerConfigKeys (ConfUtils.java:logGet(43)) - raft.server.snapshot.auto.trigger.threshold = 10000 (custom)
2019-09-20 10:25:48,220 [pool-452-thread-1] INFO  server.RaftServerConfigKeys (ConfUtils.java:logGet(43)) - raft.server.retrycache.expirytime = 600000ms (custom)
2019-09-20 10:25:48,220 [pool-452-thread-1] INFO  impl.RaftServerImpl (RaftServerImpl.java:start(180)) - 206c8d3c-b23c-44eb-904e-8a117dc81c96: start group-0DA687F0115C
2019-09-20 10:25:48,220 [pool-452-thread-1] INFO  impl.RaftServerImpl (RaftServerImpl.java:setRole(171)) - 206c8d3c-b23c-44eb-904e-8a117dc81c96:group-0DA687F0115C changes role from null to FOLLOWER at term 0 for startAsFollower
2019-09-20 10:25:48,220 [pool-452-thread-1] INFO  impl.RoleInfo (RoleInfo.java:updateAndGet(143)) - 206c8d3c-b23c-44eb-904e-8a117dc81c96: start FollowerState
2019-09-20 10:25:48,220 [pool-452-thread-1] INFO  util.JmxRegister (JmxRegister.java:tryRegister(44)) - Successfully registered JMX Bean with object name Ratis:service=RaftServer,group=group-0DA687F0115C,id=206c8d3c-b23c-44eb-904e-8a117dc81c96
2019-09-20 10:25:48,223 [RatisPipelineUtilsThread] INFO  pipeline.PipelineStateManager (PipelineStateManager.java:addPipeline(56)) - Created pipeline Pipeline[ Id: ed413409-5f97-4878-8626-0da687f0115c, Nodes: 206c8d3c-b23c-44eb-904e-8a117dc81c96{ip: 192.168.36.99, host: pr-hdds-1569-p5fx8-1226042367, networkLocation: /default-rack, certSerialId: null}, Type:RATIS, Factor:ONE, State:OPEN]
2019-09-20 10:25:48,224 [RatisPipelineUtilsThread] INFO  pipeline.PipelinePlacementPolicy (PipelinePlacementPolicy.java:meetCriteria(91)) - Pipeline Placement: Doesn't meet the criteria to be viable node： 0d89bd5b-f1f0-4d05-b956-8c5f0ef5931a Heaviness: 6 limit: 5
2019-09-20 10:25:48,224 [RatisPipelineUtilsThread] INFO  pipeline.PipelinePlacementPolicy (PipelinePlacementPolicy.java:meetCriteria(91)) - Pipeline Placement: Doesn't meet the criteria to be viable node： e238300f-1c21-4f37-b50e-3ecfb3791348 Heaviness: 6 limit: 5
2019-09-20 10:25:48,224 [RatisPipelineUtilsThread] INFO  pipeline.PipelinePlacementPolicy (PipelinePlacementPolicy.java:meetCriteria(91)) - Pipeline Placement: Doesn't meet the criteria to be viable node： a3551cd1-78f2-43f6-afc0-6c6852e9cef9 Heaviness: 6 limit: 5
2019-09-20 10:25:48,224 [RatisPipelineUtilsThread] INFO  pipeline.PipelinePlacementPolicy (PipelinePlacementPolicy.java:meetCriteria(91)) - Pipeline Placement: Doesn't meet the criteria to be viable node： 6f3631be-ef72-40c3-a17d-cb6a2edd0adf Heaviness: 6 limit: 5
2019-09-20 10:25:48,229 [grpc-default-executor-4] INFO  impl.RaftServerProxy (RaftServerProxy.java:addNew(89)) - 206c8d3c-b23c-44eb-904e-8a117dc81c96: addNew group-1A7A7E9DE118:[206c8d3c-b23c-44eb-904e-8a117dc81c96:192.168.36.99:34926] returns group-1A7A7E9DE118:java.util.concurrent.CompletableFuture@393303a2[Not completed]
2019-09-20 10:25:48,230 [pool-452-thread-1] INFO  impl.RaftServerImpl (RaftServerImpl.java:<init>(93)) - 206c8d3c-b23c-44eb-904e-8a117dc81c96: new RaftServerImpl for group-1A7A7E9DE118:[206c8d3c-b23c-44eb-904e-8a117dc81c96:192.168.36.99:34926] with ContainerStateMachine:uninitialized
2019-09-20 10:25:48,230 [pool-452-thread-1] INFO  server.RaftServerConfigKeys (ConfUtils.java:logGet(43)) - raft.server.rpc.timeout.min = 5s (custom)
2019-09-20 10:25:48,230 [pool-452-thread-1] INFO  server.RaftServerConfigKeys (ConfUtils.java:logGet(43)) - raft.server.rpc.timeout.max = 5200ms (custom)
2019-09-20 10:25:48,231 [pool-452-thread-1] INFO  server.RaftServerConfigKeys (ConfUtils.java:logGet(43)) - raft.server.rpcslowness.timeout = 120s (custom)
2019-09-20 10:25:48,231 [pool-452-thread-1] INFO  server.RaftServerConfigKeys (ConfUtils.java:logGet(43)) - raft.server.sleep.deviation.threshold = 300 (default)
2019-09-20 10:25:48,231 [pool-452-thread-1] INFO  server.RaftServerConfigKeys (ConfUtils.java:logGet(43)) - raft.server.log.appender.install.snapshot.enabled = false (custom)
2019-09-20 10:25:48,231 [pool-452-thread-1] INFO  impl.RaftServerImpl (ServerState.java:<init>(105)) - 206c8d3c-b23c-44eb-904e-8a117dc81c96:group-1A7A7E9DE118 ConfigurationManager, init=-1: [206c8d3c-b23c-44eb-904e-8a117dc81c96:192.168.36.99:34926], old=null, confs=<EMPTY_MAP>
2019-09-20 10:25:48,231 [pool-452-thread-1] INFO  server.RaftServerConfigKeys (ConfUtils.java:logGet(43)) - raft.server.storage.dir = [/workdir/hadoop-ozone/integration-test/target/test-dir/MiniOzoneClusterImpl-023400ba-597c-4990-9952-187ab727187d/datanode-4/data/ratis] (custom)
2019-09-20 10:25:48,231 [pool-452-thread-1] INFO  storage.RaftStorageDirectory (RaftStorageDirectory.java:analyzeStorage(246)) - The storage directory /workdir/hadoop-ozone/integration-test/target/test-dir/MiniOzoneClusterImpl-023400ba-597c-4990-9952-187ab727187d/datanode-4/data/ratis/49e6528b-0c4b-4294-9e16-1a7a7e9de118 does not exist. Creating ...
2019-09-20 10:25:48,246 [IPC Server handler 7 on 35622] INFO  net.NetworkTopology (NetworkTopologyImpl.java:add(110)) - Added a new node: /default-rack/ab9a4c63-343a-4b7c-89c7-d536c40c06d3
2019-09-20 10:25:48,247 [IPC Server handler 7 on 35622] INFO  node.SCMNodeManager (SCMNodeManager.java:register(273)) - Registered Data node : ab9a4c63-343a-4b7c-89c7-d536c40c06d3{ip: 192.168.36.99, host: pr-hdds-1569-p5fx8-1226042367, networkLocation: /default-rack, certSerialId: null}
2019-09-20 10:25:48,247 | INFO  | SCMAudit | user=jenkins1000 | ip=192.168.36.99 | op=REGISTER {datanodeDetails=ab9a4c63-343a-4b7c-89c7-d536c40c06d3{ip: 192.168.36.99, host: pr-hdds-1569-p5fx8-1226042367, networkLocation: /default-rack, certSerialId: null}} | ret=SUCCESS |  
2019-09-20 10:25:48,250 [pool-452-thread-1] INFO  storage.RaftStorageDirectory (RaftStorageDirectory.java:tryLock(328)) - Lock on /workdir/hadoop-ozone/integration-test/target/test-dir/MiniOzoneClusterImpl-023400ba-597c-4990-9952-187ab727187d/datanode-4/data/ratis/49e6528b-0c4b-4294-9e16-1a7a7e9de118/in_use.lock acquired by nodename 28506@pr-hdds-1569-p5fx8-1226042367
2019-09-20 10:25:48,267 [pool-452-thread-1] INFO  storage.RaftStorage (RaftStorage.java:format(72)) - Storage directory /workdir/hadoop-ozone/integration-test/target/test-dir/MiniOzoneClusterImpl-023400ba-597c-4990-9952-187ab727187d/datanode-4/data/ratis/49e6528b-0c4b-4294-9e16-1a7a7e9de118 has been successfully formatted.
2019-09-20 10:25:48,267 [pool-452-thread-1] INFO  ratis.ContainerStateMachine (ContainerStateMachine.java:loadSnapshot(226)) - group-1A7A7E9DE118: The snapshot info is null. Setting the last applied indexto:(t:0, i:~)
2019-09-20 10:25:48,267 [pool-452-thread-1] INFO  server.RaftServerConfigKeys (ConfUtils.java:logGet(43)) - raft.server.leader.election.timeout = 120s (custom)
2019-09-20 10:25:48,268 [pool-452-thread-1] INFO  server.RaftServerConfigKeys (ConfUtils.java:logGet(43)) - raft.server.log.use.memory = false (default)
2019-09-20 10:25:48,268 [pool-452-thread-1] INFO  server.RaftServerConfigKeys (ConfUtils.java:logGet(43)) - raft.server.log.purge.gap = 1000000 (custom)
2019-09-20 10:25:48,268 [pool-452-thread-1] INFO  server.RaftServerConfigKeys (ConfUtils.java:logGet(43)) - raft.server.log.appender.buffer.byte-limit = 33554432 (custom)
2019-09-20 10:25:48,268 [pool-452-thread-1] INFO  server.RaftServerConfigKeys (ConfUtils.java:logGet(43)) - raft.server.log.segment.size.max = 1048576 (custom)
2019-09-20 10:25:48,268 [pool-452-thread-1] INFO  server.RaftServerConfigKeys (ConfUtils.java:logGet(43)) - raft.server.log.segment.cache.num.max = 2 (custom)
2019-09-20 10:25:48,268 [pool-452-thread-1] INFO  segmented.SegmentedRaftLogWorker (SegmentedRaftLogWorker.java:<init>(172)) - new 206c8d3c-b23c-44eb-904e-8a117dc81c96-SegmentedRaftLogWorker:Storage Directory /workdir/hadoop-ozone/integration-test/target/test-dir/MiniOzoneClusterImpl-023400ba-597c-4990-9952-187ab727187d/datanode-4/data/ratis/49e6528b-0c4b-4294-9e16-1a7a7e9de118 for RaftStorage:Storage Directory /workdir/hadoop-ozone/integration-test/target/test-dir/MiniOzoneClusterImpl-023400ba-597c-4990-9952-187ab727187d/datanode-4/data/ratis/49e6528b-0c4b-4294-9e16-1a7a7e9de118
2019-09-20 10:25:48,268 [pool-452-thread-1] INFO  server.RaftServerConfigKeys (ConfUtils.java:logGet(43)) - raft.server.log.queue.byte-limit = 2147483647 (custom)
2019-09-20 10:25:48,269 [pool-452-thread-1] INFO  server.RaftServerConfigKeys (ConfUtils.java:logGet(43)) - raft.server.log.queue.element-limit = 1024 (custom)
2019-09-20 10:25:48,269 [pool-452-thread-1] INFO  server.RaftServerConfigKeys (ConfUtils.java:logGet(43)) - raft.server.log.segment.size.max = 1048576 (custom)
2019-09-20 10:25:48,269 [pool-452-thread-1] INFO  server.RaftServerConfigKeys (ConfUtils.java:logGet(43)) - raft.server.log.preallocated.size = 16384 (custom)
2019-09-20 10:25:48,269 [pool-452-thread-1] INFO  server.RaftServerConfigKeys (ConfUtils.java:logGet(43)) - raft.server.log.write.buffer.size = 33554432 (custom)
2019-09-20 10:25:48,269 [pool-452-thread-1] INFO  server.RaftServerConfigKeys (ConfUtils.java:logGet(43)) - raft.server.log.force.sync.num = 128 (default)
2019-09-20 10:25:48,269 [pool-452-thread-1] INFO  server.RaftServerConfigKeys (ConfUtils.java:logGet(43)) - raft.server.log.statemachine.data.sync = true (default)
2019-09-20 10:25:48,269 [pool-452-thread-1] INFO  server.RaftServerConfigKeys (ConfUtils.java:logGet(43)) - raft.server.log.statemachine.data.sync.timeout = 10s (default)
2019-09-20 10:25:48,270 [pool-452-thread-1] INFO  server.RaftServerConfigKeys (ConfUtils.java:logGet(43)) - raft.server.log.statemachine.data.sync.timeout.retry = -1 (default)
2019-09-20 10:25:48,270 [pool-452-thread-1] INFO  server.RaftServerConfigKeys (ConfUtils.java:logGet(43)) - raft.server.log.statemachine.data.caching.enabled = true (custom)
2019-09-20 10:25:48,270 [pool-452-thread-1] INFO  segmented.SegmentedRaftLogWorker (SegmentedRaftLogWorker.java:lambda$new$0(132)) - 206c8d3c-b23c-44eb-904e-8a117dc81c96-SegmentedRaftLogWorker:Storage Directory /workdir/hadoop-ozone/integration-test/target/test-dir/MiniOzoneClusterImpl-023400ba-597c-4990-9952-187ab727187d/datanode-4/data/ratis/49e6528b-0c4b-4294-9e16-1a7a7e9de118: flushIndex: setUnconditionally 0 -> -1
2019-09-20 10:25:48,270 [pool-452-thread-1] INFO  server.RaftServerConfigKeys (ConfUtils.java:logGet(43)) - raft.server.snapshot.auto.trigger.enabled = true (custom)
2019-09-20 10:25:48,271 [pool-452-thread-1] INFO  server.RaftServerConfigKeys (ConfUtils.java:logGet(43)) - raft.server.snapshot.auto.trigger.threshold = 10000 (custom)
2019-09-20 10:25:48,271 [pool-452-thread-1] INFO  server.RaftServerConfigKeys (ConfUtils.java:logGet(43)) - raft.server.retrycache.expirytime = 600000ms (custom)
2019-09-20 10:25:48,271 [pool-452-thread-1] INFO  impl.RaftServerImpl (RaftServerImpl.java:start(180)) - 206c8d3c-b23c-44eb-904e-8a117dc81c96: start group-1A7A7E9DE118
2019-09-20 10:25:48,271 [pool-452-thread-1] INFO  impl.RaftServerImpl (RaftServerImpl.java:setRole(171)) - 206c8d3c-b23c-44eb-904e-8a117dc81c96:group-1A7A7E9DE118 changes role from null to FOLLOWER at term 0 for startAsFollower
2019-09-20 10:25:48,271 [pool-452-thread-1] INFO  impl.RoleInfo (RoleInfo.java:updateAndGet(143)) - 206c8d3c-b23c-44eb-904e-8a117dc81c96: start FollowerState
2019-09-20 10:25:48,272 [pool-452-thread-1] INFO  util.JmxRegister (JmxRegister.java:tryRegister(44)) - Successfully registered JMX Bean with object name Ratis:service=RaftServer,group=group-1A7A7E9DE118,id=206c8d3c-b23c-44eb-904e-8a117dc81c96
2019-09-20 10:25:48,274 [RatisPipelineUtilsThread] INFO  pipeline.PipelineStateManager (PipelineStateManager.java:addPipeline(56)) - Created pipeline Pipeline[ Id: 49e6528b-0c4b-4294-9e16-1a7a7e9de118, Nodes: 206c8d3c-b23c-44eb-904e-8a117dc81c96{ip: 192.168.36.99, host: pr-hdds-1569-p5fx8-1226042367, networkLocation: /default-rack, certSerialId: null}, Type:RATIS, Factor:ONE, State:OPEN]
2019-09-20 10:25:48,274 [RatisPipelineUtilsThread] INFO  pipeline.PipelinePlacementPolicy (PipelinePlacementPolicy.java:meetCriteria(91)) - Pipeline Placement: Doesn't meet the criteria to be viable node： 0d89bd5b-f1f0-4d05-b956-8c5f0ef5931a Heaviness: 6 limit: 5
2019-09-20 10:25:48,274 [RatisPipelineUtilsThread] INFO  pipeline.PipelinePlacementPolicy (PipelinePlacementPolicy.java:meetCriteria(91)) - Pipeline Placement: Doesn't meet the criteria to be viable node： e238300f-1c21-4f37-b50e-3ecfb3791348 Heaviness: 6 limit: 5
2019-09-20 10:25:48,274 [RatisPipelineUtilsThread] INFO  pipeline.PipelinePlacementPolicy (PipelinePlacementPolicy.java:meetCriteria(91)) - Pipeline Placement: Doesn't meet the criteria to be viable node： a3551cd1-78f2-43f6-afc0-6c6852e9cef9 Heaviness: 6 limit: 5
2019-09-20 10:25:48,275 [RatisPipelineUtilsThread] INFO  pipeline.PipelinePlacementPolicy (PipelinePlacementPolicy.java:meetCriteria(91)) - Pipeline Placement: Doesn't meet the criteria to be viable node： 6f3631be-ef72-40c3-a17d-cb6a2edd0adf Heaviness: 6 limit: 5
2019-09-20 10:25:48,279 [grpc-default-executor-4] INFO  impl.RaftServerProxy (RaftServerProxy.java:addNew(89)) - 206c8d3c-b23c-44eb-904e-8a117dc81c96: addNew group-15C594546676:[206c8d3c-b23c-44eb-904e-8a117dc81c96:192.168.36.99:34926] returns group-15C594546676:java.util.concurrent.CompletableFuture@6e52a3a6[Not completed]
2019-09-20 10:25:48,280 [pool-452-thread-1] INFO  impl.RaftServerImpl (RaftServerImpl.java:<init>(93)) - 206c8d3c-b23c-44eb-904e-8a117dc81c96: new RaftServerImpl for group-15C594546676:[206c8d3c-b23c-44eb-904e-8a117dc81c96:192.168.36.99:34926] with ContainerStateMachine:uninitialized
2019-09-20 10:25:48,280 [pool-452-thread-1] INFO  server.RaftServerConfigKeys (ConfUtils.java:logGet(43)) - raft.server.rpc.timeout.min = 5s (custom)
2019-09-20 10:25:48,280 [pool-452-thread-1] INFO  server.RaftServerConfigKeys (ConfUtils.java:logGet(43)) - raft.server.rpc.timeout.max = 5200ms (custom)
2019-09-20 10:25:48,280 [pool-452-thread-1] INFO  server.RaftServerConfigKeys (ConfUtils.java:logGet(43)) - raft.server.rpcslowness.timeout = 120s (custom)
2019-09-20 10:25:48,280 [pool-452-thread-1] INFO  server.RaftServerConfigKeys (ConfUtils.java:logGet(43)) - raft.server.sleep.deviation.threshold = 300 (default)
2019-09-20 10:25:48,280 [pool-452-thread-1] INFO  server.RaftServerConfigKeys (ConfUtils.java:logGet(43)) - raft.server.log.appender.install.snapshot.enabled = false (custom)
2019-09-20 10:25:48,280 [pool-452-thread-1] INFO  impl.RaftServerImpl (ServerState.java:<init>(105)) - 206c8d3c-b23c-44eb-904e-8a117dc81c96:group-15C594546676 ConfigurationManager, init=-1: [206c8d3c-b23c-44eb-904e-8a117dc81c96:192.168.36.99:34926], old=null, confs=<EMPTY_MAP>
2019-09-20 10:25:48,281 [pool-452-thread-1] INFO  server.RaftServerConfigKeys (ConfUtils.java:logGet(43)) - raft.server.storage.dir = [/workdir/hadoop-ozone/integration-test/target/test-dir/MiniOzoneClusterImpl-023400ba-597c-4990-9952-187ab727187d/datanode-4/data/ratis] (custom)
2019-09-20 10:25:48,281 [pool-452-thread-1] INFO  storage.RaftStorageDirectory (RaftStorageDirectory.java:analyzeStorage(246)) - The storage directory /workdir/hadoop-ozone/integration-test/target/test-dir/MiniOzoneClusterImpl-023400ba-597c-4990-9952-187ab727187d/datanode-4/data/ratis/17f3eedb-1e86-47cc-8ee7-15c594546676 does not exist. Creating ...
2019-09-20 10:25:48,334 [pool-452-thread-1] INFO  storage.RaftStorageDirectory (RaftStorageDirectory.java:tryLock(328)) - Lock on /workdir/hadoop-ozone/integration-test/target/test-dir/MiniOzoneClusterImpl-023400ba-597c-4990-9952-187ab727187d/datanode-4/data/ratis/17f3eedb-1e86-47cc-8ee7-15c594546676/in_use.lock acquired by nodename 28506@pr-hdds-1569-p5fx8-1226042367
2019-09-20 10:25:48,359 [pool-452-thread-1] INFO  storage.RaftStorage (RaftStorage.java:format(72)) - Storage directory /workdir/hadoop-ozone/integration-test/target/test-dir/MiniOzoneClusterImpl-023400ba-597c-4990-9952-187ab727187d/datanode-4/data/ratis/17f3eedb-1e86-47cc-8ee7-15c594546676 has been successfully formatted.
2019-09-20 10:25:48,360 [pool-452-thread-1] INFO  ratis.ContainerStateMachine (ContainerStateMachine.java:loadSnapshot(226)) - group-15C594546676: The snapshot info is null. Setting the last applied indexto:(t:0, i:~)
2019-09-20 10:25:48,360 [pool-452-thread-1] INFO  server.RaftServerConfigKeys (ConfUtils.java:logGet(43)) - raft.server.leader.election.timeout = 120s (custom)
2019-09-20 10:25:48,360 [pool-452-thread-1] INFO  server.RaftServerConfigKeys (ConfUtils.java:logGet(43)) - raft.server.log.use.memory = false (default)
2019-09-20 10:25:48,360 [pool-452-thread-1] INFO  server.RaftServerConfigKeys (ConfUtils.java:logGet(43)) - raft.server.log.purge.gap = 1000000 (custom)
2019-09-20 10:25:48,360 [pool-452-thread-1] INFO  server.RaftServerConfigKeys (ConfUtils.java:logGet(43)) - raft.server.log.appender.buffer.byte-limit = 33554432 (custom)
2019-09-20 10:25:48,361 [pool-452-thread-1] INFO  server.RaftServerConfigKeys (ConfUtils.java:logGet(43)) - raft.server.log.segment.size.max = 1048576 (custom)
2019-09-20 10:25:48,361 [pool-452-thread-1] INFO  server.RaftServerConfigKeys (ConfUtils.java:logGet(43)) - raft.server.log.segment.cache.num.max = 2 (custom)
2019-09-20 10:25:48,361 [pool-452-thread-1] INFO  segmented.SegmentedRaftLogWorker (SegmentedRaftLogWorker.java:<init>(172)) - new 206c8d3c-b23c-44eb-904e-8a117dc81c96-SegmentedRaftLogWorker:Storage Directory /workdir/hadoop-ozone/integration-test/target/test-dir/MiniOzoneClusterImpl-023400ba-597c-4990-9952-187ab727187d/datanode-4/data/ratis/17f3eedb-1e86-47cc-8ee7-15c594546676 for RaftStorage:Storage Directory /workdir/hadoop-ozone/integration-test/target/test-dir/MiniOzoneClusterImpl-023400ba-597c-4990-9952-187ab727187d/datanode-4/data/ratis/17f3eedb-1e86-47cc-8ee7-15c594546676
2019-09-20 10:25:48,361 [pool-452-thread-1] INFO  server.RaftServerConfigKeys (ConfUtils.java:logGet(43)) - raft.server.log.queue.byte-limit = 2147483647 (custom)
2019-09-20 10:25:48,361 [pool-452-thread-1] INFO  server.RaftServerConfigKeys (ConfUtils.java:logGet(43)) - raft.server.log.queue.element-limit = 1024 (custom)
2019-09-20 10:25:48,361 [pool-452-thread-1] INFO  server.RaftServerConfigKeys (ConfUtils.java:logGet(43)) - raft.server.log.segment.size.max = 1048576 (custom)
2019-09-20 10:25:48,361 [pool-452-thread-1] INFO  server.RaftServerConfigKeys (ConfUtils.java:logGet(43)) - raft.server.log.preallocated.size = 16384 (custom)
2019-09-20 10:25:48,362 [pool-452-thread-1] INFO  server.RaftServerConfigKeys (ConfUtils.java:logGet(43)) - raft.server.log.write.buffer.size = 33554432 (custom)
2019-09-20 10:25:48,362 [pool-452-thread-1] INFO  server.RaftServerConfigKeys (ConfUtils.java:logGet(43)) - raft.server.log.force.sync.num = 128 (default)
2019-09-20 10:25:48,362 [pool-452-thread-1] INFO  server.RaftServerConfigKeys (ConfUtils.java:logGet(43)) - raft.server.log.statemachine.data.sync = true (default)
2019-09-20 10:25:48,362 [pool-452-thread-1] INFO  server.RaftServerConfigKeys (ConfUtils.java:logGet(43)) - raft.server.log.statemachine.data.sync.timeout = 10s (default)
2019-09-20 10:25:48,362 [pool-452-thread-1] INFO  server.RaftServerConfigKeys (ConfUtils.java:logGet(43)) - raft.server.log.statemachine.data.sync.timeout.retry = -1 (default)
2019-09-20 10:25:48,362 [pool-452-thread-1] INFO  server.RaftServerConfigKeys (ConfUtils.java:logGet(43)) - raft.server.log.statemachine.data.caching.enabled = true (custom)
2019-09-20 10:25:48,363 [pool-452-thread-1] INFO  segmented.SegmentedRaftLogWorker (SegmentedRaftLogWorker.java:lambda$new$0(132)) - 206c8d3c-b23c-44eb-904e-8a117dc81c96-SegmentedRaftLogWorker:Storage Directory /workdir/hadoop-ozone/integration-test/target/test-dir/MiniOzoneClusterImpl-023400ba-597c-4990-9952-187ab727187d/datanode-4/data/ratis/17f3eedb-1e86-47cc-8ee7-15c594546676: flushIndex: setUnconditionally 0 -> -1
2019-09-20 10:25:48,363 [pool-452-thread-1] INFO  server.RaftServerConfigKeys (ConfUtils.java:logGet(43)) - raft.server.snapshot.auto.trigger.enabled = true (custom)
2019-09-20 10:25:48,363 [pool-452-thread-1] INFO  server.RaftServerConfigKeys (ConfUtils.java:logGet(43)) - raft.server.snapshot.auto.trigger.threshold = 10000 (custom)
2019-09-20 10:25:48,363 [pool-452-thread-1] INFO  server.RaftServerConfigKeys (ConfUtils.java:logGet(43)) - raft.server.retrycache.expirytime = 600000ms (custom)
2019-09-20 10:25:48,364 [pool-452-thread-1] INFO  impl.RaftServerImpl (RaftServerImpl.java:start(180)) - 206c8d3c-b23c-44eb-904e-8a117dc81c96: start group-15C594546676
2019-09-20 10:25:48,364 [pool-452-thread-1] INFO  impl.RaftServerImpl (RaftServerImpl.java:setRole(171)) - 206c8d3c-b23c-44eb-904e-8a117dc81c96:group-15C594546676 changes role from null to FOLLOWER at term 0 for startAsFollower
2019-09-20 10:25:48,364 [pool-452-thread-1] INFO  impl.RoleInfo (RoleInfo.java:updateAndGet(143)) - 206c8d3c-b23c-44eb-904e-8a117dc81c96: start FollowerState
2019-09-20 10:25:48,364 [pool-452-thread-1] INFO  util.JmxRegister (JmxRegister.java:tryRegister(44)) - Successfully registered JMX Bean with object name Ratis:service=RaftServer,group=group-15C594546676,id=206c8d3c-b23c-44eb-904e-8a117dc81c96
2019-09-20 10:25:48,367 [RatisPipelineUtilsThread] INFO  pipeline.PipelineStateManager (PipelineStateManager.java:addPipeline(56)) - Created pipeline Pipeline[ Id: 17f3eedb-1e86-47cc-8ee7-15c594546676, Nodes: 206c8d3c-b23c-44eb-904e-8a117dc81c96{ip: 192.168.36.99, host: pr-hdds-1569-p5fx8-1226042367, networkLocation: /default-rack, certSerialId: null}, Type:RATIS, Factor:ONE, State:OPEN]
2019-09-20 10:25:48,367 [RatisPipelineUtilsThread] INFO  pipeline.PipelinePlacementPolicy (PipelinePlacementPolicy.java:meetCriteria(91)) - Pipeline Placement: Doesn't meet the criteria to be viable node： 0d89bd5b-f1f0-4d05-b956-8c5f0ef5931a Heaviness: 6 limit: 5
2019-09-20 10:25:48,368 [RatisPipelineUtilsThread] INFO  pipeline.PipelinePlacementPolicy (PipelinePlacementPolicy.java:meetCriteria(91)) - Pipeline Placement: Doesn't meet the criteria to be viable node： e238300f-1c21-4f37-b50e-3ecfb3791348 Heaviness: 6 limit: 5
2019-09-20 10:25:48,368 [RatisPipelineUtilsThread] INFO  pipeline.PipelinePlacementPolicy (PipelinePlacementPolicy.java:meetCriteria(91)) - Pipeline Placement: Doesn't meet the criteria to be viable node： 206c8d3c-b23c-44eb-904e-8a117dc81c96 Heaviness: 6 limit: 5
2019-09-20 10:25:48,368 [RatisPipelineUtilsThread] INFO  pipeline.PipelinePlacementPolicy (PipelinePlacementPolicy.java:meetCriteria(91)) - Pipeline Placement: Doesn't meet the criteria to be viable node： a3551cd1-78f2-43f6-afc0-6c6852e9cef9 Heaviness: 6 limit: 5
2019-09-20 10:25:48,368 [RatisPipelineUtilsThread] INFO  pipeline.PipelinePlacementPolicy (PipelinePlacementPolicy.java:meetCriteria(91)) - Pipeline Placement: Doesn't meet the criteria to be viable node： 6f3631be-ef72-40c3-a17d-cb6a2edd0adf Heaviness: 6 limit: 5
2019-09-20 10:25:48,389 [grpc-default-executor-4] INFO  impl.RaftServerProxy (RaftServerProxy.java:addNew(89)) - ab9a4c63-343a-4b7c-89c7-d536c40c06d3: addNew group-C7C9E8270EE9:[ab9a4c63-343a-4b7c-89c7-d536c40c06d3:192.168.36.99:42550] returns group-C7C9E8270EE9:java.util.concurrent.CompletableFuture@20f7c772[Not completed]
2019-09-20 10:25:48,390 | INFO  | SCMAudit | user=jenkins1000 | ip=192.168.36.99 | op=SEND_HEARTBEAT {datanodeUUID=0d89bd5b-f1f0-4d05-b956-8c5f0ef5931a, command=[]} | ret=SUCCESS |  
2019-09-20 10:25:48,391 [pool-463-thread-1] INFO  impl.RaftServerImpl (RaftServerImpl.java:<init>(93)) - ab9a4c63-343a-4b7c-89c7-d536c40c06d3: new RaftServerImpl for group-C7C9E8270EE9:[ab9a4c63-343a-4b7c-89c7-d536c40c06d3:192.168.36.99:42550] with ContainerStateMachine:uninitialized
2019-09-20 10:25:48,391 [pool-463-thread-1] INFO  server.RaftServerConfigKeys (ConfUtils.java:logGet(43)) - raft.server.rpc.timeout.min = 5s (custom)
2019-09-20 10:25:48,391 [pool-463-thread-1] INFO  server.RaftServerConfigKeys (ConfUtils.java:logGet(43)) - raft.server.rpc.timeout.max = 5200ms (custom)
2019-09-20 10:25:48,391 [pool-463-thread-1] INFO  server.RaftServerConfigKeys (ConfUtils.java:logGet(43)) - raft.server.rpcslowness.timeout = 120s (custom)
2019-09-20 10:25:48,391 [pool-463-thread-1] INFO  server.RaftServerConfigKeys (ConfUtils.java:logGet(43)) - raft.server.sleep.deviation.threshold = 300 (default)
2019-09-20 10:25:48,391 [pool-463-thread-1] INFO  server.RaftServerConfigKeys (ConfUtils.java:logGet(43)) - raft.server.log.appender.install.snapshot.enabled = false (custom)
2019-09-20 10:25:48,391 [pool-463-thread-1] INFO  impl.RaftServerImpl (ServerState.java:<init>(105)) - ab9a4c63-343a-4b7c-89c7-d536c40c06d3:group-C7C9E8270EE9 ConfigurationManager, init=-1: [ab9a4c63-343a-4b7c-89c7-d536c40c06d3:192.168.36.99:42550], old=null, confs=<EMPTY_MAP>
2019-09-20 10:25:48,392 [pool-463-thread-1] INFO  server.RaftServerConfigKeys (ConfUtils.java:logGet(43)) - raft.server.storage.dir = [/workdir/hadoop-ozone/integration-test/target/test-dir/MiniOzoneClusterImpl-023400ba-597c-4990-9952-187ab727187d/datanode-5/data/ratis] (custom)
2019-09-20 10:25:48,392 [pool-463-thread-1] INFO  storage.RaftStorageDirectory (RaftStorageDirectory.java:analyzeStorage(246)) - The storage directory /workdir/hadoop-ozone/integration-test/target/test-dir/MiniOzoneClusterImpl-023400ba-597c-4990-9952-187ab727187d/datanode-5/data/ratis/25c38470-f842-44f8-8c72-c7c9e8270ee9 does not exist. Creating ...
2019-09-20 10:25:48,418 [pool-463-thread-1] INFO  storage.RaftStorageDirectory (RaftStorageDirectory.java:tryLock(328)) - Lock on /workdir/hadoop-ozone/integration-test/target/test-dir/MiniOzoneClusterImpl-023400ba-597c-4990-9952-187ab727187d/datanode-5/data/ratis/25c38470-f842-44f8-8c72-c7c9e8270ee9/in_use.lock acquired by nodename 28506@pr-hdds-1569-p5fx8-1226042367
2019-09-20 10:25:48,469 [pool-463-thread-1] INFO  storage.RaftStorage (RaftStorage.java:format(72)) - Storage directory /workdir/hadoop-ozone/integration-test/target/test-dir/MiniOzoneClusterImpl-023400ba-597c-4990-9952-187ab727187d/datanode-5/data/ratis/25c38470-f842-44f8-8c72-c7c9e8270ee9 has been successfully formatted.
2019-09-20 10:25:48,469 [pool-463-thread-1] INFO  ratis.ContainerStateMachine (ContainerStateMachine.java:loadSnapshot(226)) - group-C7C9E8270EE9: The snapshot info is null. Setting the last applied indexto:(t:0, i:~)
2019-09-20 10:25:48,469 [pool-463-thread-1] INFO  server.RaftServerConfigKeys (ConfUtils.java:logGet(43)) - raft.server.leader.election.timeout = 120s (custom)
2019-09-20 10:25:48,469 [pool-463-thread-1] INFO  server.RaftServerConfigKeys (ConfUtils.java:logGet(43)) - raft.server.log.use.memory = false (default)
2019-09-20 10:25:48,469 [pool-463-thread-1] INFO  server.RaftServerConfigKeys (ConfUtils.java:logGet(43)) - raft.server.log.purge.gap = 1000000 (custom)
2019-09-20 10:25:48,470 [pool-463-thread-1] INFO  server.RaftServerConfigKeys (ConfUtils.java:logGet(43)) - raft.server.log.appender.buffer.byte-limit = 33554432 (custom)
2019-09-20 10:25:48,470 [pool-463-thread-1] INFO  server.RaftServerConfigKeys (ConfUtils.java:logGet(43)) - raft.server.log.segment.size.max = 1048576 (custom)
2019-09-20 10:25:48,470 [pool-463-thread-1] INFO  server.RaftServerConfigKeys (ConfUtils.java:logGet(43)) - raft.server.log.segment.cache.num.max = 2 (custom)
2019-09-20 10:25:48,470 [pool-463-thread-1] INFO  segmented.SegmentedRaftLogWorker (SegmentedRaftLogWorker.java:<init>(172)) - new ab9a4c63-343a-4b7c-89c7-d536c40c06d3-SegmentedRaftLogWorker:Storage Directory /workdir/hadoop-ozone/integration-test/target/test-dir/MiniOzoneClusterImpl-023400ba-597c-4990-9952-187ab727187d/datanode-5/data/ratis/25c38470-f842-44f8-8c72-c7c9e8270ee9 for RaftStorage:Storage Directory /workdir/hadoop-ozone/integration-test/target/test-dir/MiniOzoneClusterImpl-023400ba-597c-4990-9952-187ab727187d/datanode-5/data/ratis/25c38470-f842-44f8-8c72-c7c9e8270ee9
2019-09-20 10:25:48,470 [pool-463-thread-1] INFO  server.RaftServerConfigKeys (ConfUtils.java:logGet(43)) - raft.server.log.queue.byte-limit = 2147483647 (custom)
2019-09-20 10:25:48,470 [pool-463-thread-1] INFO  server.RaftServerConfigKeys (ConfUtils.java:logGet(43)) - raft.server.log.queue.element-limit = 1024 (custom)
2019-09-20 10:25:48,471 [pool-463-thread-1] INFO  server.RaftServerConfigKeys (ConfUtils.java:logGet(43)) - raft.server.log.segment.size.max = 1048576 (custom)
2019-09-20 10:25:48,471 [pool-463-thread-1] INFO  server.RaftServerConfigKeys (ConfUtils.java:logGet(43)) - raft.server.log.preallocated.size = 16384 (custom)
2019-09-20 10:25:48,471 [pool-463-thread-1] INFO  server.RaftServerConfigKeys (ConfUtils.java:logGet(43)) - raft.server.log.write.buffer.size = 33554432 (custom)
2019-09-20 10:25:48,471 [pool-463-thread-1] INFO  server.RaftServerConfigKeys (ConfUtils.java:logGet(43)) - raft.server.log.force.sync.num = 128 (default)
2019-09-20 10:25:48,471 [pool-463-thread-1] INFO  server.RaftServerConfigKeys (ConfUtils.java:logGet(43)) - raft.server.log.statemachine.data.sync = true (default)
2019-09-20 10:25:48,472 [pool-463-thread-1] INFO  server.RaftServerConfigKeys (ConfUtils.java:logGet(43)) - raft.server.log.statemachine.data.sync.timeout = 10s (default)
2019-09-20 10:25:48,472 [pool-463-thread-1] INFO  server.RaftServerConfigKeys (ConfUtils.java:logGet(43)) - raft.server.log.statemachine.data.sync.timeout.retry = -1 (default)
2019-09-20 10:25:48,472 [pool-463-thread-1] INFO  server.RaftServerConfigKeys (ConfUtils.java:logGet(43)) - raft.server.log.statemachine.data.caching.enabled = true (custom)
2019-09-20 10:25:48,472 [pool-463-thread-1] INFO  segmented.SegmentedRaftLogWorker (SegmentedRaftLogWorker.java:lambda$new$0(132)) - ab9a4c63-343a-4b7c-89c7-d536c40c06d3-SegmentedRaftLogWorker:Storage Directory /workdir/hadoop-ozone/integration-test/target/test-dir/MiniOzoneClusterImpl-023400ba-597c-4990-9952-187ab727187d/datanode-5/data/ratis/25c38470-f842-44f8-8c72-c7c9e8270ee9: flushIndex: setUnconditionally 0 -> -1
2019-09-20 10:25:48,473 [pool-463-thread-1] INFO  server.RaftServerConfigKeys (ConfUtils.java:logGet(43)) - raft.server.snapshot.auto.trigger.enabled = true (custom)
2019-09-20 10:25:48,473 [pool-463-thread-1] INFO  server.RaftServerConfigKeys (ConfUtils.java:logGet(43)) - raft.server.snapshot.auto.trigger.threshold = 10000 (custom)
2019-09-20 10:25:48,473 [pool-463-thread-1] INFO  server.RaftServerConfigKeys (ConfUtils.java:logGet(43)) - raft.server.retrycache.expirytime = 600000ms (custom)
2019-09-20 10:25:48,473 [pool-463-thread-1] INFO  impl.RaftServerImpl (RaftServerImpl.java:start(180)) - ab9a4c63-343a-4b7c-89c7-d536c40c06d3: start group-C7C9E8270EE9
2019-09-20 10:25:48,474 [pool-463-thread-1] INFO  impl.RaftServerImpl (RaftServerImpl.java:setRole(171)) - ab9a4c63-343a-4b7c-89c7-d536c40c06d3:group-C7C9E8270EE9 changes role from null to FOLLOWER at term 0 for startAsFollower
2019-09-20 10:25:48,474 [pool-463-thread-1] INFO  impl.RoleInfo (RoleInfo.java:updateAndGet(143)) - ab9a4c63-343a-4b7c-89c7-d536c40c06d3: start FollowerState
2019-09-20 10:25:48,474 [pool-463-thread-1] INFO  util.JmxRegister (JmxRegister.java:tryRegister(44)) - Successfully registered JMX Bean with object name Ratis:service=RaftServer,group=group-C7C9E8270EE9,id=ab9a4c63-343a-4b7c-89c7-d536c40c06d3
2019-09-20 10:25:48,477 [RatisPipelineUtilsThread] INFO  pipeline.PipelineStateManager (PipelineStateManager.java:addPipeline(56)) - Created pipeline Pipeline[ Id: 25c38470-f842-44f8-8c72-c7c9e8270ee9, Nodes: ab9a4c63-343a-4b7c-89c7-d536c40c06d3{ip: 192.168.36.99, host: pr-hdds-1569-p5fx8-1226042367, networkLocation: /default-rack, certSerialId: null}, Type:RATIS, Factor:ONE, State:OPEN]
2019-09-20 10:25:48,477 [RatisPipelineUtilsThread] INFO  pipeline.PipelinePlacementPolicy (PipelinePlacementPolicy.java:meetCriteria(91)) - Pipeline Placement: Doesn't meet the criteria to be viable node： 0d89bd5b-f1f0-4d05-b956-8c5f0ef5931a Heaviness: 6 limit: 5
2019-09-20 10:25:48,477 [RatisPipelineUtilsThread] INFO  pipeline.PipelinePlacementPolicy (PipelinePlacementPolicy.java:meetCriteria(91)) - Pipeline Placement: Doesn't meet the criteria to be viable node： e238300f-1c21-4f37-b50e-3ecfb3791348 Heaviness: 6 limit: 5
2019-09-20 10:25:48,478 [RatisPipelineUtilsThread] INFO  pipeline.PipelinePlacementPolicy (PipelinePlacementPolicy.java:meetCriteria(91)) - Pipeline Placement: Doesn't meet the criteria to be viable node： 206c8d3c-b23c-44eb-904e-8a117dc81c96 Heaviness: 6 limit: 5
2019-09-20 10:25:48,478 [RatisPipelineUtilsThread] INFO  pipeline.PipelinePlacementPolicy (PipelinePlacementPolicy.java:meetCriteria(91)) - Pipeline Placement: Doesn't meet the criteria to be viable node： a3551cd1-78f2-43f6-afc0-6c6852e9cef9 Heaviness: 6 limit: 5
2019-09-20 10:25:48,478 [RatisPipelineUtilsThread] INFO  pipeline.PipelinePlacementPolicy (PipelinePlacementPolicy.java:meetCriteria(91)) - Pipeline Placement: Doesn't meet the criteria to be viable node： 6f3631be-ef72-40c3-a17d-cb6a2edd0adf Heaviness: 6 limit: 5
2019-09-20 10:25:48,483 [grpc-default-executor-4] INFO  impl.RaftServerProxy (RaftServerProxy.java:addNew(89)) - ab9a4c63-343a-4b7c-89c7-d536c40c06d3: addNew group-928B6A29FA07:[ab9a4c63-343a-4b7c-89c7-d536c40c06d3:192.168.36.99:42550] returns group-928B6A29FA07:java.util.concurrent.CompletableFuture@20b0e82b[Not completed]
2019-09-20 10:25:48,484 [pool-463-thread-1] INFO  impl.RaftServerImpl (RaftServerImpl.java:<init>(93)) - ab9a4c63-343a-4b7c-89c7-d536c40c06d3: new RaftServerImpl for group-928B6A29FA07:[ab9a4c63-343a-4b7c-89c7-d536c40c06d3:192.168.36.99:42550] with ContainerStateMachine:uninitialized
2019-09-20 10:25:48,484 [pool-463-thread-1] INFO  server.RaftServerConfigKeys (ConfUtils.java:logGet(43)) - raft.server.rpc.timeout.min = 5s (custom)
2019-09-20 10:25:48,485 [pool-463-thread-1] INFO  server.RaftServerConfigKeys (ConfUtils.java:logGet(43)) - raft.server.rpc.timeout.max = 5200ms (custom)
2019-09-20 10:25:48,485 [pool-463-thread-1] INFO  server.RaftServerConfigKeys (ConfUtils.java:logGet(43)) - raft.server.rpcslowness.timeout = 120s (custom)
2019-09-20 10:25:48,485 [pool-463-thread-1] INFO  server.RaftServerConfigKeys (ConfUtils.java:logGet(43)) - raft.server.sleep.deviation.threshold = 300 (default)
2019-09-20 10:25:48,485 [pool-463-thread-1] INFO  server.RaftServerConfigKeys (ConfUtils.java:logGet(43)) - raft.server.log.appender.install.snapshot.enabled = false (custom)
2019-09-20 10:25:48,485 [pool-463-thread-1] INFO  impl.RaftServerImpl (ServerState.java:<init>(105)) - ab9a4c63-343a-4b7c-89c7-d536c40c06d3:group-928B6A29FA07 ConfigurationManager, init=-1: [ab9a4c63-343a-4b7c-89c7-d536c40c06d3:192.168.36.99:42550], old=null, confs=<EMPTY_MAP>
2019-09-20 10:25:48,485 [pool-463-thread-1] INFO  server.RaftServerConfigKeys (ConfUtils.java:logGet(43)) - raft.server.storage.dir = [/workdir/hadoop-ozone/integration-test/target/test-dir/MiniOzoneClusterImpl-023400ba-597c-4990-9952-187ab727187d/datanode-5/data/ratis] (custom)
2019-09-20 10:25:48,486 [pool-463-thread-1] INFO  storage.RaftStorageDirectory (RaftStorageDirectory.java:analyzeStorage(246)) - The storage directory /workdir/hadoop-ozone/integration-test/target/test-dir/MiniOzoneClusterImpl-023400ba-597c-4990-9952-187ab727187d/datanode-5/data/ratis/0bc12eb0-7fbd-46f1-a5d2-928b6a29fa07 does not exist. Creating ...
2019-09-20 10:25:48,502 [pool-463-thread-1] INFO  storage.RaftStorageDirectory (RaftStorageDirectory.java:tryLock(328)) - Lock on /workdir/hadoop-ozone/integration-test/target/test-dir/MiniOzoneClusterImpl-023400ba-597c-4990-9952-187ab727187d/datanode-5/data/ratis/0bc12eb0-7fbd-46f1-a5d2-928b6a29fa07/in_use.lock acquired by nodename 28506@pr-hdds-1569-p5fx8-1226042367
2019-09-20 10:25:48,528 [pool-463-thread-1] INFO  storage.RaftStorage (RaftStorage.java:format(72)) - Storage directory /workdir/hadoop-ozone/integration-test/target/test-dir/MiniOzoneClusterImpl-023400ba-597c-4990-9952-187ab727187d/datanode-5/data/ratis/0bc12eb0-7fbd-46f1-a5d2-928b6a29fa07 has been successfully formatted.
2019-09-20 10:25:48,528 [pool-463-thread-1] INFO  ratis.ContainerStateMachine (ContainerStateMachine.java:loadSnapshot(226)) - group-928B6A29FA07: The snapshot info is null. Setting the last applied indexto:(t:0, i:~)
2019-09-20 10:25:48,528 [pool-463-thread-1] INFO  server.RaftServerConfigKeys (ConfUtils.java:logGet(43)) - raft.server.leader.election.timeout = 120s (custom)
2019-09-20 10:25:48,528 [pool-463-thread-1] INFO  server.RaftServerConfigKeys (ConfUtils.java:logGet(43)) - raft.server.log.use.memory = false (default)
2019-09-20 10:25:48,528 [pool-463-thread-1] INFO  server.RaftServerConfigKeys (ConfUtils.java:logGet(43)) - raft.server.log.purge.gap = 1000000 (custom)
2019-09-20 10:25:48,528 [pool-463-thread-1] INFO  server.RaftServerConfigKeys (ConfUtils.java:logGet(43)) - raft.server.log.appender.buffer.byte-limit = 33554432 (custom)
2019-09-20 10:25:48,529 [pool-463-thread-1] INFO  server.RaftServerConfigKeys (ConfUtils.java:logGet(43)) - raft.server.log.segment.size.max = 1048576 (custom)
2019-09-20 10:25:48,529 [pool-463-thread-1] INFO  server.RaftServerConfigKeys (ConfUtils.java:logGet(43)) - raft.server.log.segment.cache.num.max = 2 (custom)
2019-09-20 10:25:48,529 [pool-463-thread-1] INFO  segmented.SegmentedRaftLogWorker (SegmentedRaftLogWorker.java:<init>(172)) - new ab9a4c63-343a-4b7c-89c7-d536c40c06d3-SegmentedRaftLogWorker:Storage Directory /workdir/hadoop-ozone/integration-test/target/test-dir/MiniOzoneClusterImpl-023400ba-597c-4990-9952-187ab727187d/datanode-5/data/ratis/0bc12eb0-7fbd-46f1-a5d2-928b6a29fa07 for RaftStorage:Storage Directory /workdir/hadoop-ozone/integration-test/target/test-dir/MiniOzoneClusterImpl-023400ba-597c-4990-9952-187ab727187d/datanode-5/data/ratis/0bc12eb0-7fbd-46f1-a5d2-928b6a29fa07
2019-09-20 10:25:48,529 [pool-463-thread-1] INFO  server.RaftServerConfigKeys (ConfUtils.java:logGet(43)) - raft.server.log.queue.byte-limit = 2147483647 (custom)
2019-09-20 10:25:48,529 [pool-463-thread-1] INFO  server.RaftServerConfigKeys (ConfUtils.java:logGet(43)) - raft.server.log.queue.element-limit = 1024 (custom)
2019-09-20 10:25:48,529 [pool-463-thread-1] INFO  server.RaftServerConfigKeys (ConfUtils.java:logGet(43)) - raft.server.log.segment.size.max = 1048576 (custom)
2019-09-20 10:25:48,529 [pool-463-thread-1] INFO  server.RaftServerConfigKeys (ConfUtils.java:logGet(43)) - raft.server.log.preallocated.size = 16384 (custom)
2019-09-20 10:25:48,530 [pool-463-thread-1] INFO  server.RaftServerConfigKeys (ConfUtils.java:logGet(43)) - raft.server.log.write.buffer.size = 33554432 (custom)
2019-09-20 10:25:48,530 [pool-463-thread-1] INFO  server.RaftServerConfigKeys (ConfUtils.java:logGet(43)) - raft.server.log.force.sync.num = 128 (default)
2019-09-20 10:25:48,530 [pool-463-thread-1] INFO  server.RaftServerConfigKeys (ConfUtils.java:logGet(43)) - raft.server.log.statemachine.data.sync = true (default)
2019-09-20 10:25:48,530 [pool-463-thread-1] INFO  server.RaftServerConfigKeys (ConfUtils.java:logGet(43)) - raft.server.log.statemachine.data.sync.timeout = 10s (default)
2019-09-20 10:25:48,530 [pool-463-thread-1] INFO  server.RaftServerConfigKeys (ConfUtils.java:logGet(43)) - raft.server.log.statemachine.data.sync.timeout.retry = -1 (default)
2019-09-20 10:25:48,530 [pool-463-thread-1] INFO  server.RaftServerConfigKeys (ConfUtils.java:logGet(43)) - raft.server.log.statemachine.data.caching.enabled = true (custom)
2019-09-20 10:25:48,531 [pool-463-thread-1] INFO  segmented.SegmentedRaftLogWorker (SegmentedRaftLogWorker.java:lambda$new$0(132)) - ab9a4c63-343a-4b7c-89c7-d536c40c06d3-SegmentedRaftLogWorker:Storage Directory /workdir/hadoop-ozone/integration-test/target/test-dir/MiniOzoneClusterImpl-023400ba-597c-4990-9952-187ab727187d/datanode-5/data/ratis/0bc12eb0-7fbd-46f1-a5d2-928b6a29fa07: flushIndex: setUnconditionally 0 -> -1
2019-09-20 10:25:48,531 [pool-463-thread-1] INFO  server.RaftServerConfigKeys (ConfUtils.java:logGet(43)) - raft.server.snapshot.auto.trigger.enabled = true (custom)
2019-09-20 10:25:48,531 [pool-463-thread-1] INFO  server.RaftServerConfigKeys (ConfUtils.java:logGet(43)) - raft.server.snapshot.auto.trigger.threshold = 10000 (custom)
2019-09-20 10:25:48,531 [pool-463-thread-1] INFO  server.RaftServerConfigKeys (ConfUtils.java:logGet(43)) - raft.server.retrycache.expirytime = 600000ms (custom)
2019-09-20 10:25:48,531 [pool-463-thread-1] INFO  impl.RaftServerImpl (RaftServerImpl.java:start(180)) - ab9a4c63-343a-4b7c-89c7-d536c40c06d3: start group-928B6A29FA07
2019-09-20 10:25:48,532 [pool-463-thread-1] INFO  impl.RaftServerImpl (RaftServerImpl.java:setRole(171)) - ab9a4c63-343a-4b7c-89c7-d536c40c06d3:group-928B6A29FA07 changes role from null to FOLLOWER at term 0 for startAsFollower
2019-09-20 10:25:48,532 [pool-463-thread-1] INFO  impl.RoleInfo (RoleInfo.java:updateAndGet(143)) - ab9a4c63-343a-4b7c-89c7-d536c40c06d3: start FollowerState
2019-09-20 10:25:48,532 [pool-463-thread-1] INFO  util.JmxRegister (JmxRegister.java:tryRegister(44)) - Successfully registered JMX Bean with object name Ratis:service=RaftServer,group=group-928B6A29FA07,id=ab9a4c63-343a-4b7c-89c7-d536c40c06d3
2019-09-20 10:25:48,535 [RatisPipelineUtilsThread] INFO  pipeline.PipelineStateManager (PipelineStateManager.java:addPipeline(56)) - Created pipeline Pipeline[ Id: 0bc12eb0-7fbd-46f1-a5d2-928b6a29fa07, Nodes: ab9a4c63-343a-4b7c-89c7-d536c40c06d3{ip: 192.168.36.99, host: pr-hdds-1569-p5fx8-1226042367, networkLocation: /default-rack, certSerialId: null}, Type:RATIS, Factor:ONE, State:OPEN]
2019-09-20 10:25:48,535 [RatisPipelineUtilsThread] INFO  pipeline.PipelinePlacementPolicy (PipelinePlacementPolicy.java:meetCriteria(91)) - Pipeline Placement: Doesn't meet the criteria to be viable node： 0d89bd5b-f1f0-4d05-b956-8c5f0ef5931a Heaviness: 6 limit: 5
2019-09-20 10:25:48,536 [RatisPipelineUtilsThread] INFO  pipeline.PipelinePlacementPolicy (PipelinePlacementPolicy.java:meetCriteria(91)) - Pipeline Placement: Doesn't meet the criteria to be viable node： e238300f-1c21-4f37-b50e-3ecfb3791348 Heaviness: 6 limit: 5
2019-09-20 10:25:48,536 [RatisPipelineUtilsThread] INFO  pipeline.PipelinePlacementPolicy (PipelinePlacementPolicy.java:meetCriteria(91)) - Pipeline Placement: Doesn't meet the criteria to be viable node： 206c8d3c-b23c-44eb-904e-8a117dc81c96 Heaviness: 6 limit: 5
2019-09-20 10:25:48,536 [RatisPipelineUtilsThread] INFO  pipeline.PipelinePlacementPolicy (PipelinePlacementPolicy.java:meetCriteria(91)) - Pipeline Placement: Doesn't meet the criteria to be viable node： a3551cd1-78f2-43f6-afc0-6c6852e9cef9 Heaviness: 6 limit: 5
2019-09-20 10:25:48,536 [RatisPipelineUtilsThread] INFO  pipeline.PipelinePlacementPolicy (PipelinePlacementPolicy.java:meetCriteria(91)) - Pipeline Placement: Doesn't meet the criteria to be viable node： 6f3631be-ef72-40c3-a17d-cb6a2edd0adf Heaviness: 6 limit: 5
2019-09-20 10:25:48,545 [grpc-default-executor-4] INFO  impl.RaftServerProxy (RaftServerProxy.java:addNew(89)) - ab9a4c63-343a-4b7c-89c7-d536c40c06d3: addNew group-CED1CFB8B5FD:[ab9a4c63-343a-4b7c-89c7-d536c40c06d3:192.168.36.99:42550] returns group-CED1CFB8B5FD:java.util.concurrent.CompletableFuture@1d2877a4[Not completed]
2019-09-20 10:25:48,546 [pool-463-thread-1] INFO  impl.RaftServerImpl (RaftServerImpl.java:<init>(93)) - ab9a4c63-343a-4b7c-89c7-d536c40c06d3: new RaftServerImpl for group-CED1CFB8B5FD:[ab9a4c63-343a-4b7c-89c7-d536c40c06d3:192.168.36.99:42550] with ContainerStateMachine:uninitialized
2019-09-20 10:25:48,547 [pool-463-thread-1] INFO  server.RaftServerConfigKeys (ConfUtils.java:logGet(43)) - raft.server.rpc.timeout.min = 5s (custom)
2019-09-20 10:25:48,547 [pool-463-thread-1] INFO  server.RaftServerConfigKeys (ConfUtils.java:logGet(43)) - raft.server.rpc.timeout.max = 5200ms (custom)
2019-09-20 10:25:48,547 [pool-463-thread-1] INFO  server.RaftServerConfigKeys (ConfUtils.java:logGet(43)) - raft.server.rpcslowness.timeout = 120s (custom)
2019-09-20 10:25:48,547 [pool-463-thread-1] INFO  server.RaftServerConfigKeys (ConfUtils.java:logGet(43)) - raft.server.sleep.deviation.threshold = 300 (default)
2019-09-20 10:25:48,547 [pool-463-thread-1] INFO  server.RaftServerConfigKeys (ConfUtils.java:logGet(43)) - raft.server.log.appender.install.snapshot.enabled = false (custom)
2019-09-20 10:25:48,547 [pool-463-thread-1] INFO  impl.RaftServerImpl (ServerState.java:<init>(105)) - ab9a4c63-343a-4b7c-89c7-d536c40c06d3:group-CED1CFB8B5FD ConfigurationManager, init=-1: [ab9a4c63-343a-4b7c-89c7-d536c40c06d3:192.168.36.99:42550], old=null, confs=<EMPTY_MAP>
2019-09-20 10:25:48,547 [pool-463-thread-1] INFO  server.RaftServerConfigKeys (ConfUtils.java:logGet(43)) - raft.server.storage.dir = [/workdir/hadoop-ozone/integration-test/target/test-dir/MiniOzoneClusterImpl-023400ba-597c-4990-9952-187ab727187d/datanode-5/data/ratis] (custom)
2019-09-20 10:25:48,548 [pool-463-thread-1] INFO  storage.RaftStorageDirectory (RaftStorageDirectory.java:analyzeStorage(246)) - The storage directory /workdir/hadoop-ozone/integration-test/target/test-dir/MiniOzoneClusterImpl-023400ba-597c-4990-9952-187ab727187d/datanode-5/data/ratis/e5078e4d-d84c-4fbf-a389-ced1cfb8b5fd does not exist. Creating ...
2019-09-20 10:25:48,578 [pool-463-thread-1] INFO  storage.RaftStorageDirectory (RaftStorageDirectory.java:tryLock(328)) - Lock on /workdir/hadoop-ozone/integration-test/target/test-dir/MiniOzoneClusterImpl-023400ba-597c-4990-9952-187ab727187d/datanode-5/data/ratis/e5078e4d-d84c-4fbf-a389-ced1cfb8b5fd/in_use.lock acquired by nodename 28506@pr-hdds-1569-p5fx8-1226042367
2019-09-20 10:25:48,603 [pool-463-thread-1] INFO  storage.RaftStorage (RaftStorage.java:format(72)) - Storage directory /workdir/hadoop-ozone/integration-test/target/test-dir/MiniOzoneClusterImpl-023400ba-597c-4990-9952-187ab727187d/datanode-5/data/ratis/e5078e4d-d84c-4fbf-a389-ced1cfb8b5fd has been successfully formatted.
2019-09-20 10:25:48,604 [pool-463-thread-1] INFO  ratis.ContainerStateMachine (ContainerStateMachine.java:loadSnapshot(226)) - group-CED1CFB8B5FD: The snapshot info is null. Setting the last applied indexto:(t:0, i:~)
2019-09-20 10:25:48,604 [pool-463-thread-1] INFO  server.RaftServerConfigKeys (ConfUtils.java:logGet(43)) - raft.server.leader.election.timeout = 120s (custom)
2019-09-20 10:25:48,604 [pool-463-thread-1] INFO  server.RaftServerConfigKeys (ConfUtils.java:logGet(43)) - raft.server.log.use.memory = false (default)
2019-09-20 10:25:48,604 [pool-463-thread-1] INFO  server.RaftServerConfigKeys (ConfUtils.java:logGet(43)) - raft.server.log.purge.gap = 1000000 (custom)
2019-09-20 10:25:48,605 [pool-463-thread-1] INFO  server.RaftServerConfigKeys (ConfUtils.java:logGet(43)) - raft.server.log.appender.buffer.byte-limit = 33554432 (custom)
2019-09-20 10:25:48,605 [pool-463-thread-1] INFO  server.RaftServerConfigKeys (ConfUtils.java:logGet(43)) - raft.server.log.segment.size.max = 1048576 (custom)
2019-09-20 10:25:48,605 [pool-463-thread-1] INFO  server.RaftServerConfigKeys (ConfUtils.java:logGet(43)) - raft.server.log.segment.cache.num.max = 2 (custom)
2019-09-20 10:25:48,605 [pool-463-thread-1] INFO  segmented.SegmentedRaftLogWorker (SegmentedRaftLogWorker.java:<init>(172)) - new ab9a4c63-343a-4b7c-89c7-d536c40c06d3-SegmentedRaftLogWorker:Storage Directory /workdir/hadoop-ozone/integration-test/target/test-dir/MiniOzoneClusterImpl-023400ba-597c-4990-9952-187ab727187d/datanode-5/data/ratis/e5078e4d-d84c-4fbf-a389-ced1cfb8b5fd for RaftStorage:Storage Directory /workdir/hadoop-ozone/integration-test/target/test-dir/MiniOzoneClusterImpl-023400ba-597c-4990-9952-187ab727187d/datanode-5/data/ratis/e5078e4d-d84c-4fbf-a389-ced1cfb8b5fd
2019-09-20 10:25:48,605 [pool-463-thread-1] INFO  server.RaftServerConfigKeys (ConfUtils.java:logGet(43)) - raft.server.log.queue.byte-limit = 2147483647 (custom)
2019-09-20 10:25:48,605 [pool-463-thread-1] INFO  server.RaftServerConfigKeys (ConfUtils.java:logGet(43)) - raft.server.log.queue.element-limit = 1024 (custom)
2019-09-20 10:25:48,606 [pool-463-thread-1] INFO  server.RaftServerConfigKeys (ConfUtils.java:logGet(43)) - raft.server.log.segment.size.max = 1048576 (custom)
2019-09-20 10:25:48,606 [pool-463-thread-1] INFO  server.RaftServerConfigKeys (ConfUtils.java:logGet(43)) - raft.server.log.preallocated.size = 16384 (custom)
2019-09-20 10:25:48,606 [pool-463-thread-1] INFO  server.RaftServerConfigKeys (ConfUtils.java:logGet(43)) - raft.server.log.write.buffer.size = 33554432 (custom)
2019-09-20 10:25:48,606 [pool-463-thread-1] INFO  server.RaftServerConfigKeys (ConfUtils.java:logGet(43)) - raft.server.log.force.sync.num = 128 (default)
2019-09-20 10:25:48,606 [pool-463-thread-1] INFO  server.RaftServerConfigKeys (ConfUtils.java:logGet(43)) - raft.server.log.statemachine.data.sync = true (default)
2019-09-20 10:25:48,606 [pool-463-thread-1] INFO  server.RaftServerConfigKeys (ConfUtils.java:logGet(43)) - raft.server.log.statemachine.data.sync.timeout = 10s (default)
2019-09-20 10:25:48,607 [pool-463-thread-1] INFO  server.RaftServerConfigKeys (ConfUtils.java:logGet(43)) - raft.server.log.statemachine.data.sync.timeout.retry = -1 (default)
2019-09-20 10:25:48,607 [pool-463-thread-1] INFO  server.RaftServerConfigKeys (ConfUtils.java:logGet(43)) - raft.server.log.statemachine.data.caching.enabled = true (custom)
2019-09-20 10:25:48,607 [pool-463-thread-1] INFO  segmented.SegmentedRaftLogWorker (SegmentedRaftLogWorker.java:lambda$new$0(132)) - ab9a4c63-343a-4b7c-89c7-d536c40c06d3-SegmentedRaftLogWorker:Storage Directory /workdir/hadoop-ozone/integration-test/target/test-dir/MiniOzoneClusterImpl-023400ba-597c-4990-9952-187ab727187d/datanode-5/data/ratis/e5078e4d-d84c-4fbf-a389-ced1cfb8b5fd: flushIndex: setUnconditionally 0 -> -1
2019-09-20 10:25:48,608 [pool-463-thread-1] INFO  server.RaftServerConfigKeys (ConfUtils.java:logGet(43)) - raft.server.snapshot.auto.trigger.enabled = true (custom)
2019-09-20 10:25:48,608 [pool-463-thread-1] INFO  server.RaftServerConfigKeys (ConfUtils.java:logGet(43)) - raft.server.snapshot.auto.trigger.threshold = 10000 (custom)
2019-09-20 10:25:48,608 [pool-463-thread-1] INFO  server.RaftServerConfigKeys (ConfUtils.java:logGet(43)) - raft.server.retrycache.expirytime = 600000ms (custom)
2019-09-20 10:25:48,608 [pool-463-thread-1] INFO  impl.RaftServerImpl (RaftServerImpl.java:start(180)) - ab9a4c63-343a-4b7c-89c7-d536c40c06d3: start group-CED1CFB8B5FD
2019-09-20 10:25:48,608 [pool-463-thread-1] INFO  impl.RaftServerImpl (RaftServerImpl.java:setRole(171)) - ab9a4c63-343a-4b7c-89c7-d536c40c06d3:group-CED1CFB8B5FD changes role from null to FOLLOWER at term 0 for startAsFollower
2019-09-20 10:25:48,608 [pool-463-thread-1] INFO  impl.RoleInfo (RoleInfo.java:updateAndGet(143)) - ab9a4c63-343a-4b7c-89c7-d536c40c06d3: start FollowerState
2019-09-20 10:25:48,609 [pool-463-thread-1] INFO  util.JmxRegister (JmxRegister.java:tryRegister(44)) - Successfully registered JMX Bean with object name Ratis:service=RaftServer,group=group-CED1CFB8B5FD,id=ab9a4c63-343a-4b7c-89c7-d536c40c06d3
2019-09-20 10:25:48,612 [RatisPipelineUtilsThread] INFO  pipeline.PipelineStateManager (PipelineStateManager.java:addPipeline(56)) - Created pipeline Pipeline[ Id: e5078e4d-d84c-4fbf-a389-ced1cfb8b5fd, Nodes: ab9a4c63-343a-4b7c-89c7-d536c40c06d3{ip: 192.168.36.99, host: pr-hdds-1569-p5fx8-1226042367, networkLocation: /default-rack, certSerialId: null}, Type:RATIS, Factor:ONE, State:OPEN]
2019-09-20 10:25:48,612 [RatisPipelineUtilsThread] INFO  pipeline.PipelinePlacementPolicy (PipelinePlacementPolicy.java:meetCriteria(91)) - Pipeline Placement: Doesn't meet the criteria to be viable node： 0d89bd5b-f1f0-4d05-b956-8c5f0ef5931a Heaviness: 6 limit: 5
2019-09-20 10:25:48,613 [RatisPipelineUtilsThread] INFO  pipeline.PipelinePlacementPolicy (PipelinePlacementPolicy.java:meetCriteria(91)) - Pipeline Placement: Doesn't meet the criteria to be viable node： e238300f-1c21-4f37-b50e-3ecfb3791348 Heaviness: 6 limit: 5
2019-09-20 10:25:48,613 [RatisPipelineUtilsThread] INFO  pipeline.PipelinePlacementPolicy (PipelinePlacementPolicy.java:meetCriteria(91)) - Pipeline Placement: Doesn't meet the criteria to be viable node： 206c8d3c-b23c-44eb-904e-8a117dc81c96 Heaviness: 6 limit: 5
2019-09-20 10:25:48,613 [RatisPipelineUtilsThread] INFO  pipeline.PipelinePlacementPolicy (PipelinePlacementPolicy.java:meetCriteria(91)) - Pipeline Placement: Doesn't meet the criteria to be viable node： a3551cd1-78f2-43f6-afc0-6c6852e9cef9 Heaviness: 6 limit: 5
2019-09-20 10:25:48,613 [RatisPipelineUtilsThread] INFO  pipeline.PipelinePlacementPolicy (PipelinePlacementPolicy.java:meetCriteria(91)) - Pipeline Placement: Doesn't meet the criteria to be viable node： 6f3631be-ef72-40c3-a17d-cb6a2edd0adf Heaviness: 6 limit: 5
2019-09-20 10:25:48,619 [grpc-default-executor-4] INFO  impl.RaftServerProxy (RaftServerProxy.java:addNew(89)) - ab9a4c63-343a-4b7c-89c7-d536c40c06d3: addNew group-55EDFD1EE511:[ab9a4c63-343a-4b7c-89c7-d536c40c06d3:192.168.36.99:42550] returns group-55EDFD1EE511:java.util.concurrent.CompletableFuture@790440de[Not completed]
2019-09-20 10:25:48,620 [pool-463-thread-1] INFO  impl.RaftServerImpl (RaftServerImpl.java:<init>(93)) - ab9a4c63-343a-4b7c-89c7-d536c40c06d3: new RaftServerImpl for group-55EDFD1EE511:[ab9a4c63-343a-4b7c-89c7-d536c40c06d3:192.168.36.99:42550] with ContainerStateMachine:uninitialized
2019-09-20 10:25:48,620 [pool-463-thread-1] INFO  server.RaftServerConfigKeys (ConfUtils.java:logGet(43)) - raft.server.rpc.timeout.min = 5s (custom)
2019-09-20 10:25:48,620 [pool-463-thread-1] INFO  server.RaftServerConfigKeys (ConfUtils.java:logGet(43)) - raft.server.rpc.timeout.max = 5200ms (custom)
2019-09-20 10:25:48,620 [pool-463-thread-1] INFO  server.RaftServerConfigKeys (ConfUtils.java:logGet(43)) - raft.server.rpcslowness.timeout = 120s (custom)
2019-09-20 10:25:48,620 [pool-463-thread-1] INFO  server.RaftServerConfigKeys (ConfUtils.java:logGet(43)) - raft.server.sleep.deviation.threshold = 300 (default)
2019-09-20 10:25:48,620 [pool-463-thread-1] INFO  server.RaftServerConfigKeys (ConfUtils.java:logGet(43)) - raft.server.log.appender.install.snapshot.enabled = false (custom)
2019-09-20 10:25:48,620 [pool-463-thread-1] INFO  impl.RaftServerImpl (ServerState.java:<init>(105)) - ab9a4c63-343a-4b7c-89c7-d536c40c06d3:group-55EDFD1EE511 ConfigurationManager, init=-1: [ab9a4c63-343a-4b7c-89c7-d536c40c06d3:192.168.36.99:42550], old=null, confs=<EMPTY_MAP>
2019-09-20 10:25:48,621 [pool-463-thread-1] INFO  server.RaftServerConfigKeys (ConfUtils.java:logGet(43)) - raft.server.storage.dir = [/workdir/hadoop-ozone/integration-test/target/test-dir/MiniOzoneClusterImpl-023400ba-597c-4990-9952-187ab727187d/datanode-5/data/ratis] (custom)
2019-09-20 10:25:48,621 [pool-463-thread-1] INFO  storage.RaftStorageDirectory (RaftStorageDirectory.java:analyzeStorage(246)) - The storage directory /workdir/hadoop-ozone/integration-test/target/test-dir/MiniOzoneClusterImpl-023400ba-597c-4990-9952-187ab727187d/datanode-5/data/ratis/cab468e2-5431-4db5-b55a-55edfd1ee511 does not exist. Creating ...
2019-09-20 10:25:48,645 [pool-463-thread-1] INFO  storage.RaftStorageDirectory (RaftStorageDirectory.java:tryLock(328)) - Lock on /workdir/hadoop-ozone/integration-test/target/test-dir/MiniOzoneClusterImpl-023400ba-597c-4990-9952-187ab727187d/datanode-5/data/ratis/cab468e2-5431-4db5-b55a-55edfd1ee511/in_use.lock acquired by nodename 28506@pr-hdds-1569-p5fx8-1226042367
2019-09-20 10:25:48,662 [pool-463-thread-1] INFO  storage.RaftStorage (RaftStorage.java:format(72)) - Storage directory /workdir/hadoop-ozone/integration-test/target/test-dir/MiniOzoneClusterImpl-023400ba-597c-4990-9952-187ab727187d/datanode-5/data/ratis/cab468e2-5431-4db5-b55a-55edfd1ee511 has been successfully formatted.
2019-09-20 10:25:48,663 [pool-463-thread-1] INFO  ratis.ContainerStateMachine (ContainerStateMachine.java:loadSnapshot(226)) - group-55EDFD1EE511: The snapshot info is null. Setting the last applied indexto:(t:0, i:~)
2019-09-20 10:25:48,663 [pool-463-thread-1] INFO  server.RaftServerConfigKeys (ConfUtils.java:logGet(43)) - raft.server.leader.election.timeout = 120s (custom)
2019-09-20 10:25:48,663 [pool-463-thread-1] INFO  server.RaftServerConfigKeys (ConfUtils.java:logGet(43)) - raft.server.log.use.memory = false (default)
2019-09-20 10:25:48,663 [pool-463-thread-1] INFO  server.RaftServerConfigKeys (ConfUtils.java:logGet(43)) - raft.server.log.purge.gap = 1000000 (custom)
2019-09-20 10:25:48,663 [pool-463-thread-1] INFO  server.RaftServerConfigKeys (ConfUtils.java:logGet(43)) - raft.server.log.appender.buffer.byte-limit = 33554432 (custom)
2019-09-20 10:25:48,664 [pool-463-thread-1] INFO  server.RaftServerConfigKeys (ConfUtils.java:logGet(43)) - raft.server.log.segment.size.max = 1048576 (custom)
2019-09-20 10:25:48,664 [pool-463-thread-1] INFO  server.RaftServerConfigKeys (ConfUtils.java:logGet(43)) - raft.server.log.segment.cache.num.max = 2 (custom)
2019-09-20 10:25:48,664 [pool-463-thread-1] INFO  segmented.SegmentedRaftLogWorker (SegmentedRaftLogWorker.java:<init>(172)) - new ab9a4c63-343a-4b7c-89c7-d536c40c06d3-SegmentedRaftLogWorker:Storage Directory /workdir/hadoop-ozone/integration-test/target/test-dir/MiniOzoneClusterImpl-023400ba-597c-4990-9952-187ab727187d/datanode-5/data/ratis/cab468e2-5431-4db5-b55a-55edfd1ee511 for RaftStorage:Storage Directory /workdir/hadoop-ozone/integration-test/target/test-dir/MiniOzoneClusterImpl-023400ba-597c-4990-9952-187ab727187d/datanode-5/data/ratis/cab468e2-5431-4db5-b55a-55edfd1ee511
2019-09-20 10:25:48,664 [pool-463-thread-1] INFO  server.RaftServerConfigKeys (ConfUtils.java:logGet(43)) - raft.server.log.queue.byte-limit = 2147483647 (custom)
2019-09-20 10:25:48,664 [pool-463-thread-1] INFO  server.RaftServerConfigKeys (ConfUtils.java:logGet(43)) - raft.server.log.queue.element-limit = 1024 (custom)
2019-09-20 10:25:48,664 [pool-463-thread-1] INFO  server.RaftServerConfigKeys (ConfUtils.java:logGet(43)) - raft.server.log.segment.size.max = 1048576 (custom)
2019-09-20 10:25:48,664 [pool-463-thread-1] INFO  server.RaftServerConfigKeys (ConfUtils.java:logGet(43)) - raft.server.log.preallocated.size = 16384 (custom)
2019-09-20 10:25:48,664 [pool-463-thread-1] INFO  server.RaftServerConfigKeys (ConfUtils.java:logGet(43)) - raft.server.log.write.buffer.size = 33554432 (custom)
2019-09-20 10:25:48,665 [pool-463-thread-1] INFO  server.RaftServerConfigKeys (ConfUtils.java:logGet(43)) - raft.server.log.force.sync.num = 128 (default)
2019-09-20 10:25:48,665 [pool-463-thread-1] INFO  server.RaftServerConfigKeys (ConfUtils.java:logGet(43)) - raft.server.log.statemachine.data.sync = true (default)
2019-09-20 10:25:48,665 [pool-463-thread-1] INFO  server.RaftServerConfigKeys (ConfUtils.java:logGet(43)) - raft.server.log.statemachine.data.sync.timeout = 10s (default)
2019-09-20 10:25:48,665 [pool-463-thread-1] INFO  server.RaftServerConfigKeys (ConfUtils.java:logGet(43)) - raft.server.log.statemachine.data.sync.timeout.retry = -1 (default)
2019-09-20 10:25:48,665 [pool-463-thread-1] INFO  server.RaftServerConfigKeys (ConfUtils.java:logGet(43)) - raft.server.log.statemachine.data.caching.enabled = true (custom)
2019-09-20 10:25:48,666 [pool-463-thread-1] INFO  segmented.SegmentedRaftLogWorker (SegmentedRaftLogWorker.java:lambda$new$0(132)) - ab9a4c63-343a-4b7c-89c7-d536c40c06d3-SegmentedRaftLogWorker:Storage Directory /workdir/hadoop-ozone/integration-test/target/test-dir/MiniOzoneClusterImpl-023400ba-597c-4990-9952-187ab727187d/datanode-5/data/ratis/cab468e2-5431-4db5-b55a-55edfd1ee511: flushIndex: setUnconditionally 0 -> -1
2019-09-20 10:25:48,666 [pool-463-thread-1] INFO  server.RaftServerConfigKeys (ConfUtils.java:logGet(43)) - raft.server.snapshot.auto.trigger.enabled = true (custom)
2019-09-20 10:25:48,666 [pool-463-thread-1] INFO  server.RaftServerConfigKeys (ConfUtils.java:logGet(43)) - raft.server.snapshot.auto.trigger.threshold = 10000 (custom)
2019-09-20 10:25:48,666 [pool-463-thread-1] INFO  server.RaftServerConfigKeys (ConfUtils.java:logGet(43)) - raft.server.retrycache.expirytime = 600000ms (custom)
2019-09-20 10:25:48,666 [pool-463-thread-1] INFO  impl.RaftServerImpl (RaftServerImpl.java:start(180)) - ab9a4c63-343a-4b7c-89c7-d536c40c06d3: start group-55EDFD1EE511
2019-09-20 10:25:48,667 [pool-463-thread-1] INFO  impl.RaftServerImpl (RaftServerImpl.java:setRole(171)) - ab9a4c63-343a-4b7c-89c7-d536c40c06d3:group-55EDFD1EE511 changes role from null to FOLLOWER at term 0 for startAsFollower
2019-09-20 10:25:48,667 [pool-463-thread-1] INFO  impl.RoleInfo (RoleInfo.java:updateAndGet(143)) - ab9a4c63-343a-4b7c-89c7-d536c40c06d3: start FollowerState
2019-09-20 10:25:48,667 [pool-463-thread-1] INFO  util.JmxRegister (JmxRegister.java:tryRegister(44)) - Successfully registered JMX Bean with object name Ratis:service=RaftServer,group=group-55EDFD1EE511,id=ab9a4c63-343a-4b7c-89c7-d536c40c06d3
2019-09-20 10:25:48,669 [RatisPipelineUtilsThread] INFO  pipeline.PipelineStateManager (PipelineStateManager.java:addPipeline(56)) - Created pipeline Pipeline[ Id: cab468e2-5431-4db5-b55a-55edfd1ee511, Nodes: ab9a4c63-343a-4b7c-89c7-d536c40c06d3{ip: 192.168.36.99, host: pr-hdds-1569-p5fx8-1226042367, networkLocation: /default-rack, certSerialId: null}, Type:RATIS, Factor:ONE, State:OPEN]
2019-09-20 10:25:48,670 [RatisPipelineUtilsThread] INFO  pipeline.PipelinePlacementPolicy (PipelinePlacementPolicy.java:meetCriteria(91)) - Pipeline Placement: Doesn't meet the criteria to be viable node： 0d89bd5b-f1f0-4d05-b956-8c5f0ef5931a Heaviness: 6 limit: 5
2019-09-20 10:25:48,670 [RatisPipelineUtilsThread] INFO  pipeline.PipelinePlacementPolicy (PipelinePlacementPolicy.java:meetCriteria(91)) - Pipeline Placement: Doesn't meet the criteria to be viable node： e238300f-1c21-4f37-b50e-3ecfb3791348 Heaviness: 6 limit: 5
2019-09-20 10:25:48,670 [RatisPipelineUtilsThread] INFO  pipeline.PipelinePlacementPolicy (PipelinePlacementPolicy.java:meetCriteria(91)) - Pipeline Placement: Doesn't meet the criteria to be viable node： 206c8d3c-b23c-44eb-904e-8a117dc81c96 Heaviness: 6 limit: 5
2019-09-20 10:25:48,670 [RatisPipelineUtilsThread] INFO  pipeline.PipelinePlacementPolicy (PipelinePlacementPolicy.java:meetCriteria(91)) - Pipeline Placement: Doesn't meet the criteria to be viable node： a3551cd1-78f2-43f6-afc0-6c6852e9cef9 Heaviness: 6 limit: 5
2019-09-20 10:25:48,670 [RatisPipelineUtilsThread] INFO  pipeline.PipelinePlacementPolicy (PipelinePlacementPolicy.java:meetCriteria(91)) - Pipeline Placement: Doesn't meet the criteria to be viable node： 6f3631be-ef72-40c3-a17d-cb6a2edd0adf Heaviness: 6 limit: 5
2019-09-20 10:25:48,674 [grpc-default-executor-4] INFO  impl.RaftServerProxy (RaftServerProxy.java:addNew(89)) - ab9a4c63-343a-4b7c-89c7-d536c40c06d3: addNew group-C4F8E994DE4C:[ab9a4c63-343a-4b7c-89c7-d536c40c06d3:192.168.36.99:42550] returns group-C4F8E994DE4C:java.util.concurrent.CompletableFuture@738619c6[Not completed]
2019-09-20 10:25:48,675 [pool-463-thread-1] INFO  impl.RaftServerImpl (RaftServerImpl.java:<init>(93)) - ab9a4c63-343a-4b7c-89c7-d536c40c06d3: new RaftServerImpl for group-C4F8E994DE4C:[ab9a4c63-343a-4b7c-89c7-d536c40c06d3:192.168.36.99:42550] with ContainerStateMachine:uninitialized
2019-09-20 10:25:48,675 [pool-463-thread-1] INFO  server.RaftServerConfigKeys (ConfUtils.java:logGet(43)) - raft.server.rpc.timeout.min = 5s (custom)
2019-09-20 10:25:48,675 [pool-463-thread-1] INFO  server.RaftServerConfigKeys (ConfUtils.java:logGet(43)) - raft.server.rpc.timeout.max = 5200ms (custom)
2019-09-20 10:25:48,675 [pool-463-thread-1] INFO  server.RaftServerConfigKeys (ConfUtils.java:logGet(43)) - raft.server.rpcslowness.timeout = 120s (custom)
2019-09-20 10:25:48,675 [pool-463-thread-1] INFO  server.RaftServerConfigKeys (ConfUtils.java:logGet(43)) - raft.server.sleep.deviation.threshold = 300 (default)
2019-09-20 10:25:48,676 [pool-463-thread-1] INFO  server.RaftServerConfigKeys (ConfUtils.java:logGet(43)) - raft.server.log.appender.install.snapshot.enabled = false (custom)
2019-09-20 10:25:48,676 [pool-463-thread-1] INFO  impl.RaftServerImpl (ServerState.java:<init>(105)) - ab9a4c63-343a-4b7c-89c7-d536c40c06d3:group-C4F8E994DE4C ConfigurationManager, init=-1: [ab9a4c63-343a-4b7c-89c7-d536c40c06d3:192.168.36.99:42550], old=null, confs=<EMPTY_MAP>
2019-09-20 10:25:48,676 [pool-463-thread-1] INFO  server.RaftServerConfigKeys (ConfUtils.java:logGet(43)) - raft.server.storage.dir = [/workdir/hadoop-ozone/integration-test/target/test-dir/MiniOzoneClusterImpl-023400ba-597c-4990-9952-187ab727187d/datanode-5/data/ratis] (custom)
2019-09-20 10:25:48,676 [pool-463-thread-1] INFO  storage.RaftStorageDirectory (RaftStorageDirectory.java:analyzeStorage(246)) - The storage directory /workdir/hadoop-ozone/integration-test/target/test-dir/MiniOzoneClusterImpl-023400ba-597c-4990-9952-187ab727187d/datanode-5/data/ratis/65033d87-c1a0-4441-bada-c4f8e994de4c does not exist. Creating ...
2019-09-20 10:25:48,701 [main] INFO  ozone.MiniOzoneClusterImpl (MiniOzoneClusterImpl.java:lambda$waitForClusterToBeReady$0(142)) - Waiting for cluster to be ready. Got 6 of 7 DN Heartbeats.
2019-09-20 10:25:48,702 [IPC Server handler 9 on 35622] INFO  net.NetworkTopology (NetworkTopologyImpl.java:add(110)) - Added a new node: /default-rack/a6d30058-a720-446f-9c7b-24e660d27087
2019-09-20 10:25:48,702 [IPC Server handler 9 on 35622] INFO  node.SCMNodeManager (SCMNodeManager.java:register(273)) - Registered Data node : a6d30058-a720-446f-9c7b-24e660d27087{ip: 192.168.36.99, host: pr-hdds-1569-p5fx8-1226042367, networkLocation: /default-rack, certSerialId: null}
2019-09-20 10:25:48,703 | INFO  | SCMAudit | user=jenkins1000 | ip=192.168.36.99 | op=REGISTER {datanodeDetails=a6d30058-a720-446f-9c7b-24e660d27087{ip: 192.168.36.99, host: pr-hdds-1569-p5fx8-1226042367, networkLocation: /default-rack, certSerialId: null}} | ret=SUCCESS |  
2019-09-20 10:25:48,704 [pool-463-thread-1] INFO  storage.RaftStorageDirectory (RaftStorageDirectory.java:tryLock(328)) - Lock on /workdir/hadoop-ozone/integration-test/target/test-dir/MiniOzoneClusterImpl-023400ba-597c-4990-9952-187ab727187d/datanode-5/data/ratis/65033d87-c1a0-4441-bada-c4f8e994de4c/in_use.lock acquired by nodename 28506@pr-hdds-1569-p5fx8-1226042367
2019-09-20 10:25:48,721 [pool-463-thread-1] INFO  storage.RaftStorage (RaftStorage.java:format(72)) - Storage directory /workdir/hadoop-ozone/integration-test/target/test-dir/MiniOzoneClusterImpl-023400ba-597c-4990-9952-187ab727187d/datanode-5/data/ratis/65033d87-c1a0-4441-bada-c4f8e994de4c has been successfully formatted.
2019-09-20 10:25:48,722 [pool-463-thread-1] INFO  ratis.ContainerStateMachine (ContainerStateMachine.java:loadSnapshot(226)) - group-C4F8E994DE4C: The snapshot info is null. Setting the last applied indexto:(t:0, i:~)
2019-09-20 10:25:48,722 [pool-463-thread-1] INFO  server.RaftServerConfigKeys (ConfUtils.java:logGet(43)) - raft.server.leader.election.timeout = 120s (custom)
2019-09-20 10:25:48,722 [pool-463-thread-1] INFO  server.RaftServerConfigKeys (ConfUtils.java:logGet(43)) - raft.server.log.use.memory = false (default)
2019-09-20 10:25:48,722 [pool-463-thread-1] INFO  server.RaftServerConfigKeys (ConfUtils.java:logGet(43)) - raft.server.log.purge.gap = 1000000 (custom)
2019-09-20 10:25:48,722 [pool-463-thread-1] INFO  server.RaftServerConfigKeys (ConfUtils.java:logGet(43)) - raft.server.log.appender.buffer.byte-limit = 33554432 (custom)
2019-09-20 10:25:48,722 [pool-463-thread-1] INFO  server.RaftServerConfigKeys (ConfUtils.java:logGet(43)) - raft.server.log.segment.size.max = 1048576 (custom)
2019-09-20 10:25:48,723 [pool-463-thread-1] INFO  server.RaftServerConfigKeys (ConfUtils.java:logGet(43)) - raft.server.log.segment.cache.num.max = 2 (custom)
2019-09-20 10:25:48,723 [pool-463-thread-1] INFO  segmented.SegmentedRaftLogWorker (SegmentedRaftLogWorker.java:<init>(172)) - new ab9a4c63-343a-4b7c-89c7-d536c40c06d3-SegmentedRaftLogWorker:Storage Directory /workdir/hadoop-ozone/integration-test/target/test-dir/MiniOzoneClusterImpl-023400ba-597c-4990-9952-187ab727187d/datanode-5/data/ratis/65033d87-c1a0-4441-bada-c4f8e994de4c for RaftStorage:Storage Directory /workdir/hadoop-ozone/integration-test/target/test-dir/MiniOzoneClusterImpl-023400ba-597c-4990-9952-187ab727187d/datanode-5/data/ratis/65033d87-c1a0-4441-bada-c4f8e994de4c
2019-09-20 10:25:48,723 [pool-463-thread-1] INFO  server.RaftServerConfigKeys (ConfUtils.java:logGet(43)) - raft.server.log.queue.byte-limit = 2147483647 (custom)
2019-09-20 10:25:48,723 [pool-463-thread-1] INFO  server.RaftServerConfigKeys (ConfUtils.java:logGet(43)) - raft.server.log.queue.element-limit = 1024 (custom)
2019-09-20 10:25:48,723 [pool-463-thread-1] INFO  server.RaftServerConfigKeys (ConfUtils.java:logGet(43)) - raft.server.log.segment.size.max = 1048576 (custom)
2019-09-20 10:25:48,723 [pool-463-thread-1] INFO  server.RaftServerConfigKeys (ConfUtils.java:logGet(43)) - raft.server.log.preallocated.size = 16384 (custom)
2019-09-20 10:25:48,724 [pool-463-thread-1] INFO  server.RaftServerConfigKeys (ConfUtils.java:logGet(43)) - raft.server.log.write.buffer.size = 33554432 (custom)
2019-09-20 10:25:48,724 [pool-463-thread-1] INFO  server.RaftServerConfigKeys (ConfUtils.java:logGet(43)) - raft.server.log.force.sync.num = 128 (default)
2019-09-20 10:25:48,724 [pool-463-thread-1] INFO  server.RaftServerConfigKeys (ConfUtils.java:logGet(43)) - raft.server.log.statemachine.data.sync = true (default)
2019-09-20 10:25:48,724 [pool-463-thread-1] INFO  server.RaftServerConfigKeys (ConfUtils.java:logGet(43)) - raft.server.log.statemachine.data.sync.timeout = 10s (default)
2019-09-20 10:25:48,724 [pool-463-thread-1] INFO  server.RaftServerConfigKeys (ConfUtils.java:logGet(43)) - raft.server.log.statemachine.data.sync.timeout.retry = -1 (default)
2019-09-20 10:25:48,724 [pool-463-thread-1] INFO  server.RaftServerConfigKeys (ConfUtils.java:logGet(43)) - raft.server.log.statemachine.data.caching.enabled = true (custom)
2019-09-20 10:25:48,725 [pool-463-thread-1] INFO  segmented.SegmentedRaftLogWorker (SegmentedRaftLogWorker.java:lambda$new$0(132)) - ab9a4c63-343a-4b7c-89c7-d536c40c06d3-SegmentedRaftLogWorker:Storage Directory /workdir/hadoop-ozone/integration-test/target/test-dir/MiniOzoneClusterImpl-023400ba-597c-4990-9952-187ab727187d/datanode-5/data/ratis/65033d87-c1a0-4441-bada-c4f8e994de4c: flushIndex: setUnconditionally 0 -> -1
2019-09-20 10:25:48,725 [pool-463-thread-1] INFO  server.RaftServerConfigKeys (ConfUtils.java:logGet(43)) - raft.server.snapshot.auto.trigger.enabled = true (custom)
2019-09-20 10:25:48,725 [pool-463-thread-1] INFO  server.RaftServerConfigKeys (ConfUtils.java:logGet(43)) - raft.server.snapshot.auto.trigger.threshold = 10000 (custom)
2019-09-20 10:25:48,725 [pool-463-thread-1] INFO  server.RaftServerConfigKeys (ConfUtils.java:logGet(43)) - raft.server.retrycache.expirytime = 600000ms (custom)
2019-09-20 10:25:48,725 [pool-463-thread-1] INFO  impl.RaftServerImpl (RaftServerImpl.java:start(180)) - ab9a4c63-343a-4b7c-89c7-d536c40c06d3: start group-C4F8E994DE4C
2019-09-20 10:25:48,726 [pool-463-thread-1] INFO  impl.RaftServerImpl (RaftServerImpl.java:setRole(171)) - ab9a4c63-343a-4b7c-89c7-d536c40c06d3:group-C4F8E994DE4C changes role from null to FOLLOWER at term 0 for startAsFollower
2019-09-20 10:25:48,726 [pool-463-thread-1] INFO  impl.RoleInfo (RoleInfo.java:updateAndGet(143)) - ab9a4c63-343a-4b7c-89c7-d536c40c06d3: start FollowerState
2019-09-20 10:25:48,726 [pool-463-thread-1] INFO  util.JmxRegister (JmxRegister.java:tryRegister(44)) - Successfully registered JMX Bean with object name Ratis:service=RaftServer,group=group-C4F8E994DE4C,id=ab9a4c63-343a-4b7c-89c7-d536c40c06d3
2019-09-20 10:25:48,728 [RatisPipelineUtilsThread] INFO  pipeline.PipelineStateManager (PipelineStateManager.java:addPipeline(56)) - Created pipeline Pipeline[ Id: 65033d87-c1a0-4441-bada-c4f8e994de4c, Nodes: ab9a4c63-343a-4b7c-89c7-d536c40c06d3{ip: 192.168.36.99, host: pr-hdds-1569-p5fx8-1226042367, networkLocation: /default-rack, certSerialId: null}, Type:RATIS, Factor:ONE, State:OPEN]
2019-09-20 10:25:48,729 [RatisPipelineUtilsThread] INFO  pipeline.PipelinePlacementPolicy (PipelinePlacementPolicy.java:meetCriteria(91)) - Pipeline Placement: Doesn't meet the criteria to be viable node： 0d89bd5b-f1f0-4d05-b956-8c5f0ef5931a Heaviness: 6 limit: 5
2019-09-20 10:25:48,729 [RatisPipelineUtilsThread] INFO  pipeline.PipelinePlacementPolicy (PipelinePlacementPolicy.java:meetCriteria(91)) - Pipeline Placement: Doesn't meet the criteria to be viable node： e238300f-1c21-4f37-b50e-3ecfb3791348 Heaviness: 6 limit: 5
2019-09-20 10:25:48,729 [RatisPipelineUtilsThread] INFO  pipeline.PipelinePlacementPolicy (PipelinePlacementPolicy.java:meetCriteria(91)) - Pipeline Placement: Doesn't meet the criteria to be viable node： 206c8d3c-b23c-44eb-904e-8a117dc81c96 Heaviness: 6 limit: 5
2019-09-20 10:25:48,729 [RatisPipelineUtilsThread] INFO  pipeline.PipelinePlacementPolicy (PipelinePlacementPolicy.java:meetCriteria(91)) - Pipeline Placement: Doesn't meet the criteria to be viable node： a3551cd1-78f2-43f6-afc0-6c6852e9cef9 Heaviness: 6 limit: 5
2019-09-20 10:25:48,729 [RatisPipelineUtilsThread] INFO  pipeline.PipelinePlacementPolicy (PipelinePlacementPolicy.java:meetCriteria(91)) - Pipeline Placement: Doesn't meet the criteria to be viable node： 6f3631be-ef72-40c3-a17d-cb6a2edd0adf Heaviness: 6 limit: 5
2019-09-20 10:25:48,733 [grpc-default-executor-4] INFO  impl.RaftServerProxy (RaftServerProxy.java:addNew(89)) - ab9a4c63-343a-4b7c-89c7-d536c40c06d3: addNew group-20F82FC4E275:[ab9a4c63-343a-4b7c-89c7-d536c40c06d3:192.168.36.99:42550] returns group-20F82FC4E275:java.util.concurrent.CompletableFuture@6697c68c[Not completed]
2019-09-20 10:25:48,734 [pool-463-thread-1] INFO  impl.RaftServerImpl (RaftServerImpl.java:<init>(93)) - ab9a4c63-343a-4b7c-89c7-d536c40c06d3: new RaftServerImpl for group-20F82FC4E275:[ab9a4c63-343a-4b7c-89c7-d536c40c06d3:192.168.36.99:42550] with ContainerStateMachine:uninitialized
2019-09-20 10:25:48,734 [pool-463-thread-1] INFO  server.RaftServerConfigKeys (ConfUtils.java:logGet(43)) - raft.server.rpc.timeout.min = 5s (custom)
2019-09-20 10:25:48,734 [pool-463-thread-1] INFO  server.RaftServerConfigKeys (ConfUtils.java:logGet(43)) - raft.server.rpc.timeout.max = 5200ms (custom)
2019-09-20 10:25:48,735 [pool-463-thread-1] INFO  server.RaftServerConfigKeys (ConfUtils.java:logGet(43)) - raft.server.rpcslowness.timeout = 120s (custom)
2019-09-20 10:25:48,735 [pool-463-thread-1] INFO  server.RaftServerConfigKeys (ConfUtils.java:logGet(43)) - raft.server.sleep.deviation.threshold = 300 (default)
2019-09-20 10:25:48,735 [pool-463-thread-1] INFO  server.RaftServerConfigKeys (ConfUtils.java:logGet(43)) - raft.server.log.appender.install.snapshot.enabled = false (custom)
2019-09-20 10:25:48,735 [pool-463-thread-1] INFO  impl.RaftServerImpl (ServerState.java:<init>(105)) - ab9a4c63-343a-4b7c-89c7-d536c40c06d3:group-20F82FC4E275 ConfigurationManager, init=-1: [ab9a4c63-343a-4b7c-89c7-d536c40c06d3:192.168.36.99:42550], old=null, confs=<EMPTY_MAP>
2019-09-20 10:25:48,735 [pool-463-thread-1] INFO  server.RaftServerConfigKeys (ConfUtils.java:logGet(43)) - raft.server.storage.dir = [/workdir/hadoop-ozone/integration-test/target/test-dir/MiniOzoneClusterImpl-023400ba-597c-4990-9952-187ab727187d/datanode-5/data/ratis] (custom)
2019-09-20 10:25:48,735 [pool-463-thread-1] INFO  storage.RaftStorageDirectory (RaftStorageDirectory.java:analyzeStorage(246)) - The storage directory /workdir/hadoop-ozone/integration-test/target/test-dir/MiniOzoneClusterImpl-023400ba-597c-4990-9952-187ab727187d/datanode-5/data/ratis/e71dc7d9-440f-4015-9d59-20f82fc4e275 does not exist. Creating ...
2019-09-20 10:25:48,755 [pool-463-thread-1] INFO  storage.RaftStorageDirectory (RaftStorageDirectory.java:tryLock(328)) - Lock on /workdir/hadoop-ozone/integration-test/target/test-dir/MiniOzoneClusterImpl-023400ba-597c-4990-9952-187ab727187d/datanode-5/data/ratis/e71dc7d9-440f-4015-9d59-20f82fc4e275/in_use.lock acquired by nodename 28506@pr-hdds-1569-p5fx8-1226042367
2019-09-20 10:25:48,772 [pool-463-thread-1] INFO  storage.RaftStorage (RaftStorage.java:format(72)) - Storage directory /workdir/hadoop-ozone/integration-test/target/test-dir/MiniOzoneClusterImpl-023400ba-597c-4990-9952-187ab727187d/datanode-5/data/ratis/e71dc7d9-440f-4015-9d59-20f82fc4e275 has been successfully formatted.
2019-09-20 10:25:48,772 [pool-463-thread-1] INFO  ratis.ContainerStateMachine (ContainerStateMachine.java:loadSnapshot(226)) - group-20F82FC4E275: The snapshot info is null. Setting the last applied indexto:(t:0, i:~)
2019-09-20 10:25:48,773 [pool-463-thread-1] INFO  server.RaftServerConfigKeys (ConfUtils.java:logGet(43)) - raft.server.leader.election.timeout = 120s (custom)
2019-09-20 10:25:48,773 [pool-463-thread-1] INFO  server.RaftServerConfigKeys (ConfUtils.java:logGet(43)) - raft.server.log.use.memory = false (default)
2019-09-20 10:25:48,773 [pool-463-thread-1] INFO  server.RaftServerConfigKeys (ConfUtils.java:logGet(43)) - raft.server.log.purge.gap = 1000000 (custom)
2019-09-20 10:25:48,773 [pool-463-thread-1] INFO  server.RaftServerConfigKeys (ConfUtils.java:logGet(43)) - raft.server.log.appender.buffer.byte-limit = 33554432 (custom)
2019-09-20 10:25:48,773 [pool-463-thread-1] INFO  server.RaftServerConfigKeys (ConfUtils.java:logGet(43)) - raft.server.log.segment.size.max = 1048576 (custom)
2019-09-20 10:25:48,773 [pool-463-thread-1] INFO  server.RaftServerConfigKeys (ConfUtils.java:logGet(43)) - raft.server.log.segment.cache.num.max = 2 (custom)
2019-09-20 10:25:48,773 [pool-463-thread-1] INFO  segmented.SegmentedRaftLogWorker (SegmentedRaftLogWorker.java:<init>(172)) - new ab9a4c63-343a-4b7c-89c7-d536c40c06d3-SegmentedRaftLogWorker:Storage Directory /workdir/hadoop-ozone/integration-test/target/test-dir/MiniOzoneClusterImpl-023400ba-597c-4990-9952-187ab727187d/datanode-5/data/ratis/e71dc7d9-440f-4015-9d59-20f82fc4e275 for RaftStorage:Storage Directory /workdir/hadoop-ozone/integration-test/target/test-dir/MiniOzoneClusterImpl-023400ba-597c-4990-9952-187ab727187d/datanode-5/data/ratis/e71dc7d9-440f-4015-9d59-20f82fc4e275
2019-09-20 10:25:48,773 [pool-463-thread-1] INFO  server.RaftServerConfigKeys (ConfUtils.java:logGet(43)) - raft.server.log.queue.byte-limit = 2147483647 (custom)
2019-09-20 10:25:48,774 [pool-463-thread-1] INFO  server.RaftServerConfigKeys (ConfUtils.java:logGet(43)) - raft.server.log.queue.element-limit = 1024 (custom)
2019-09-20 10:25:48,774 [pool-463-thread-1] INFO  server.RaftServerConfigKeys (ConfUtils.java:logGet(43)) - raft.server.log.segment.size.max = 1048576 (custom)
2019-09-20 10:25:48,774 [pool-463-thread-1] INFO  server.RaftServerConfigKeys (ConfUtils.java:logGet(43)) - raft.server.log.preallocated.size = 16384 (custom)
2019-09-20 10:25:48,774 [pool-463-thread-1] INFO  server.RaftServerConfigKeys (ConfUtils.java:logGet(43)) - raft.server.log.write.buffer.size = 33554432 (custom)
2019-09-20 10:25:48,774 [pool-463-thread-1] INFO  server.RaftServerConfigKeys (ConfUtils.java:logGet(43)) - raft.server.log.force.sync.num = 128 (default)
2019-09-20 10:25:48,774 [pool-463-thread-1] INFO  server.RaftServerConfigKeys (ConfUtils.java:logGet(43)) - raft.server.log.statemachine.data.sync = true (default)
2019-09-20 10:25:48,774 [pool-463-thread-1] INFO  server.RaftServerConfigKeys (ConfUtils.java:logGet(43)) - raft.server.log.statemachine.data.sync.timeout = 10s (default)
2019-09-20 10:25:48,774 [pool-463-thread-1] INFO  server.RaftServerConfigKeys (ConfUtils.java:logGet(43)) - raft.server.log.statemachine.data.sync.timeout.retry = -1 (default)
2019-09-20 10:25:48,774 [pool-463-thread-1] INFO  server.RaftServerConfigKeys (ConfUtils.java:logGet(43)) - raft.server.log.statemachine.data.caching.enabled = true (custom)
2019-09-20 10:25:48,775 [pool-463-thread-1] INFO  segmented.SegmentedRaftLogWorker (SegmentedRaftLogWorker.java:lambda$new$0(132)) - ab9a4c63-343a-4b7c-89c7-d536c40c06d3-SegmentedRaftLogWorker:Storage Directory /workdir/hadoop-ozone/integration-test/target/test-dir/MiniOzoneClusterImpl-023400ba-597c-4990-9952-187ab727187d/datanode-5/data/ratis/e71dc7d9-440f-4015-9d59-20f82fc4e275: flushIndex: setUnconditionally 0 -> -1
2019-09-20 10:25:48,775 [pool-463-thread-1] INFO  server.RaftServerConfigKeys (ConfUtils.java:logGet(43)) - raft.server.snapshot.auto.trigger.enabled = true (custom)
2019-09-20 10:25:48,775 [pool-463-thread-1] INFO  server.RaftServerConfigKeys (ConfUtils.java:logGet(43)) - raft.server.snapshot.auto.trigger.threshold = 10000 (custom)
2019-09-20 10:25:48,775 [pool-463-thread-1] INFO  server.RaftServerConfigKeys (ConfUtils.java:logGet(43)) - raft.server.retrycache.expirytime = 600000ms (custom)
2019-09-20 10:25:48,776 [pool-463-thread-1] INFO  impl.RaftServerImpl (RaftServerImpl.java:start(180)) - ab9a4c63-343a-4b7c-89c7-d536c40c06d3: start group-20F82FC4E275
2019-09-20 10:25:48,776 [pool-463-thread-1] INFO  impl.RaftServerImpl (RaftServerImpl.java:setRole(171)) - ab9a4c63-343a-4b7c-89c7-d536c40c06d3:group-20F82FC4E275 changes role from null to FOLLOWER at term 0 for startAsFollower
2019-09-20 10:25:48,776 [pool-463-thread-1] INFO  impl.RoleInfo (RoleInfo.java:updateAndGet(143)) - ab9a4c63-343a-4b7c-89c7-d536c40c06d3: start FollowerState
2019-09-20 10:25:48,776 [pool-463-thread-1] INFO  util.JmxRegister (JmxRegister.java:tryRegister(44)) - Successfully registered JMX Bean with object name Ratis:service=RaftServer,group=group-20F82FC4E275,id=ab9a4c63-343a-4b7c-89c7-d536c40c06d3
2019-09-20 10:25:48,778 [RatisPipelineUtilsThread] INFO  pipeline.PipelineStateManager (PipelineStateManager.java:addPipeline(56)) - Created pipeline Pipeline[ Id: e71dc7d9-440f-4015-9d59-20f82fc4e275, Nodes: ab9a4c63-343a-4b7c-89c7-d536c40c06d3{ip: 192.168.36.99, host: pr-hdds-1569-p5fx8-1226042367, networkLocation: /default-rack, certSerialId: null}, Type:RATIS, Factor:ONE, State:OPEN]
2019-09-20 10:25:48,779 [RatisPipelineUtilsThread] INFO  pipeline.PipelinePlacementPolicy (PipelinePlacementPolicy.java:meetCriteria(91)) - Pipeline Placement: Doesn't meet the criteria to be viable node： 0d89bd5b-f1f0-4d05-b956-8c5f0ef5931a Heaviness: 6 limit: 5
2019-09-20 10:25:48,779 [RatisPipelineUtilsThread] INFO  pipeline.PipelinePlacementPolicy (PipelinePlacementPolicy.java:meetCriteria(91)) - Pipeline Placement: Doesn't meet the criteria to be viable node： e238300f-1c21-4f37-b50e-3ecfb3791348 Heaviness: 6 limit: 5
2019-09-20 10:25:48,779 [RatisPipelineUtilsThread] INFO  pipeline.PipelinePlacementPolicy (PipelinePlacementPolicy.java:meetCriteria(91)) - Pipeline Placement: Doesn't meet the criteria to be viable node： ab9a4c63-343a-4b7c-89c7-d536c40c06d3 Heaviness: 6 limit: 5
2019-09-20 10:25:48,779 [RatisPipelineUtilsThread] INFO  pipeline.PipelinePlacementPolicy (PipelinePlacementPolicy.java:meetCriteria(91)) - Pipeline Placement: Doesn't meet the criteria to be viable node： 206c8d3c-b23c-44eb-904e-8a117dc81c96 Heaviness: 6 limit: 5
2019-09-20 10:25:48,779 [RatisPipelineUtilsThread] INFO  pipeline.PipelinePlacementPolicy (PipelinePlacementPolicy.java:meetCriteria(91)) - Pipeline Placement: Doesn't meet the criteria to be viable node： a3551cd1-78f2-43f6-afc0-6c6852e9cef9 Heaviness: 6 limit: 5
2019-09-20 10:25:48,780 [RatisPipelineUtilsThread] INFO  pipeline.PipelinePlacementPolicy (PipelinePlacementPolicy.java:meetCriteria(91)) - Pipeline Placement: Doesn't meet the criteria to be viable node： 6f3631be-ef72-40c3-a17d-cb6a2edd0adf Heaviness: 6 limit: 5
2019-09-20 10:25:48,799 [grpc-default-executor-4] INFO  impl.RaftServerProxy (RaftServerProxy.java:addNew(89)) - a6d30058-a720-446f-9c7b-24e660d27087: addNew group-F07B2E16DF0F:[a6d30058-a720-446f-9c7b-24e660d27087:192.168.36.99:33555] returns group-F07B2E16DF0F:java.util.concurrent.CompletableFuture@28fcdb92[Not completed]
2019-09-20 10:25:48,800 [pool-474-thread-1] INFO  impl.RaftServerImpl (RaftServerImpl.java:<init>(93)) - a6d30058-a720-446f-9c7b-24e660d27087: new RaftServerImpl for group-F07B2E16DF0F:[a6d30058-a720-446f-9c7b-24e660d27087:192.168.36.99:33555] with ContainerStateMachine:uninitialized
2019-09-20 10:25:48,800 [pool-474-thread-1] INFO  server.RaftServerConfigKeys (ConfUtils.java:logGet(43)) - raft.server.rpc.timeout.min = 5s (custom)
2019-09-20 10:25:48,800 [pool-474-thread-1] INFO  server.RaftServerConfigKeys (ConfUtils.java:logGet(43)) - raft.server.rpc.timeout.max = 5200ms (custom)
2019-09-20 10:25:48,800 [pool-474-thread-1] INFO  server.RaftServerConfigKeys (ConfUtils.java:logGet(43)) - raft.server.rpcslowness.timeout = 120s (custom)
2019-09-20 10:25:48,800 [pool-474-thread-1] INFO  server.RaftServerConfigKeys (ConfUtils.java:logGet(43)) - raft.server.sleep.deviation.threshold = 300 (default)
2019-09-20 10:25:48,800 [pool-474-thread-1] INFO  server.RaftServerConfigKeys (ConfUtils.java:logGet(43)) - raft.server.log.appender.install.snapshot.enabled = false (custom)
2019-09-20 10:25:48,800 [pool-474-thread-1] INFO  impl.RaftServerImpl (ServerState.java:<init>(105)) - a6d30058-a720-446f-9c7b-24e660d27087:group-F07B2E16DF0F ConfigurationManager, init=-1: [a6d30058-a720-446f-9c7b-24e660d27087:192.168.36.99:33555], old=null, confs=<EMPTY_MAP>
2019-09-20 10:25:48,800 [pool-474-thread-1] INFO  server.RaftServerConfigKeys (ConfUtils.java:logGet(43)) - raft.server.storage.dir = [/workdir/hadoop-ozone/integration-test/target/test-dir/MiniOzoneClusterImpl-023400ba-597c-4990-9952-187ab727187d/datanode-6/data/ratis] (custom)
2019-09-20 10:25:48,801 [pool-474-thread-1] INFO  storage.RaftStorageDirectory (RaftStorageDirectory.java:analyzeStorage(246)) - The storage directory /workdir/hadoop-ozone/integration-test/target/test-dir/MiniOzoneClusterImpl-023400ba-597c-4990-9952-187ab727187d/datanode-6/data/ratis/c668dc7c-50a4-4606-b37d-f07b2e16df0f does not exist. Creating ...
2019-09-20 10:25:48,822 [pool-474-thread-1] INFO  storage.RaftStorageDirectory (RaftStorageDirectory.java:tryLock(328)) - Lock on /workdir/hadoop-ozone/integration-test/target/test-dir/MiniOzoneClusterImpl-023400ba-597c-4990-9952-187ab727187d/datanode-6/data/ratis/c668dc7c-50a4-4606-b37d-f07b2e16df0f/in_use.lock acquired by nodename 28506@pr-hdds-1569-p5fx8-1226042367
2019-09-20 10:25:48,865 [pool-474-thread-1] INFO  storage.RaftStorage (RaftStorage.java:format(72)) - Storage directory /workdir/hadoop-ozone/integration-test/target/test-dir/MiniOzoneClusterImpl-023400ba-597c-4990-9952-187ab727187d/datanode-6/data/ratis/c668dc7c-50a4-4606-b37d-f07b2e16df0f has been successfully formatted.
2019-09-20 10:25:48,865 [pool-474-thread-1] INFO  ratis.ContainerStateMachine (ContainerStateMachine.java:loadSnapshot(226)) - group-F07B2E16DF0F: The snapshot info is null. Setting the last applied indexto:(t:0, i:~)
2019-09-20 10:25:48,865 [pool-474-thread-1] INFO  server.RaftServerConfigKeys (ConfUtils.java:logGet(43)) - raft.server.leader.election.timeout = 120s (custom)
2019-09-20 10:25:48,865 [pool-474-thread-1] INFO  server.RaftServerConfigKeys (ConfUtils.java:logGet(43)) - raft.server.log.use.memory = false (default)
2019-09-20 10:25:48,865 [pool-474-thread-1] INFO  server.RaftServerConfigKeys (ConfUtils.java:logGet(43)) - raft.server.log.purge.gap = 1000000 (custom)
2019-09-20 10:25:48,866 [pool-474-thread-1] INFO  server.RaftServerConfigKeys (ConfUtils.java:logGet(43)) - raft.server.log.appender.buffer.byte-limit = 33554432 (custom)
2019-09-20 10:25:48,866 [pool-474-thread-1] INFO  server.RaftServerConfigKeys (ConfUtils.java:logGet(43)) - raft.server.log.segment.size.max = 1048576 (custom)
2019-09-20 10:25:48,866 [pool-474-thread-1] INFO  server.RaftServerConfigKeys (ConfUtils.java:logGet(43)) - raft.server.log.segment.cache.num.max = 2 (custom)
2019-09-20 10:25:48,866 [pool-474-thread-1] INFO  segmented.SegmentedRaftLogWorker (SegmentedRaftLogWorker.java:<init>(172)) - new a6d30058-a720-446f-9c7b-24e660d27087-SegmentedRaftLogWorker:Storage Directory /workdir/hadoop-ozone/integration-test/target/test-dir/MiniOzoneClusterImpl-023400ba-597c-4990-9952-187ab727187d/datanode-6/data/ratis/c668dc7c-50a4-4606-b37d-f07b2e16df0f for RaftStorage:Storage Directory /workdir/hadoop-ozone/integration-test/target/test-dir/MiniOzoneClusterImpl-023400ba-597c-4990-9952-187ab727187d/datanode-6/data/ratis/c668dc7c-50a4-4606-b37d-f07b2e16df0f
2019-09-20 10:25:48,866 [pool-474-thread-1] INFO  server.RaftServerConfigKeys (ConfUtils.java:logGet(43)) - raft.server.log.queue.byte-limit = 2147483647 (custom)
2019-09-20 10:25:48,866 [pool-474-thread-1] INFO  server.RaftServerConfigKeys (ConfUtils.java:logGet(43)) - raft.server.log.queue.element-limit = 1024 (custom)
2019-09-20 10:25:48,867 [pool-474-thread-1] INFO  server.RaftServerConfigKeys (ConfUtils.java:logGet(43)) - raft.server.log.segment.size.max = 1048576 (custom)
2019-09-20 10:25:48,867 [pool-474-thread-1] INFO  server.RaftServerConfigKeys (ConfUtils.java:logGet(43)) - raft.server.log.preallocated.size = 16384 (custom)
2019-09-20 10:25:48,867 [pool-474-thread-1] INFO  server.RaftServerConfigKeys (ConfUtils.java:logGet(43)) - raft.server.log.write.buffer.size = 33554432 (custom)
2019-09-20 10:25:48,867 [pool-474-thread-1] INFO  server.RaftServerConfigKeys (ConfUtils.java:logGet(43)) - raft.server.log.force.sync.num = 128 (default)
2019-09-20 10:25:48,867 [pool-474-thread-1] INFO  server.RaftServerConfigKeys (ConfUtils.java:logGet(43)) - raft.server.log.statemachine.data.sync = true (default)
2019-09-20 10:25:48,867 [pool-474-thread-1] INFO  server.RaftServerConfigKeys (ConfUtils.java:logGet(43)) - raft.server.log.statemachine.data.sync.timeout = 10s (default)
2019-09-20 10:25:48,867 [pool-474-thread-1] INFO  server.RaftServerConfigKeys (ConfUtils.java:logGet(43)) - raft.server.log.statemachine.data.sync.timeout.retry = -1 (default)
2019-09-20 10:25:48,868 [pool-474-thread-1] INFO  server.RaftServerConfigKeys (ConfUtils.java:logGet(43)) - raft.server.log.statemachine.data.caching.enabled = true (custom)
2019-09-20 10:25:48,868 [pool-474-thread-1] INFO  segmented.SegmentedRaftLogWorker (SegmentedRaftLogWorker.java:lambda$new$0(132)) - a6d30058-a720-446f-9c7b-24e660d27087-SegmentedRaftLogWorker:Storage Directory /workdir/hadoop-ozone/integration-test/target/test-dir/MiniOzoneClusterImpl-023400ba-597c-4990-9952-187ab727187d/datanode-6/data/ratis/c668dc7c-50a4-4606-b37d-f07b2e16df0f: flushIndex: setUnconditionally 0 -> -1
2019-09-20 10:25:48,868 [pool-474-thread-1] INFO  server.RaftServerConfigKeys (ConfUtils.java:logGet(43)) - raft.server.snapshot.auto.trigger.enabled = true (custom)
2019-09-20 10:25:48,868 [pool-474-thread-1] INFO  server.RaftServerConfigKeys (ConfUtils.java:logGet(43)) - raft.server.snapshot.auto.trigger.threshold = 10000 (custom)
2019-09-20 10:25:48,868 [pool-474-thread-1] INFO  server.RaftServerConfigKeys (ConfUtils.java:logGet(43)) - raft.server.retrycache.expirytime = 600000ms (custom)
2019-09-20 10:25:48,869 [pool-474-thread-1] INFO  impl.RaftServerImpl (RaftServerImpl.java:start(180)) - a6d30058-a720-446f-9c7b-24e660d27087: start group-F07B2E16DF0F
2019-09-20 10:25:48,869 [pool-474-thread-1] INFO  impl.RaftServerImpl (RaftServerImpl.java:setRole(171)) - a6d30058-a720-446f-9c7b-24e660d27087:group-F07B2E16DF0F changes role from null to FOLLOWER at term 0 for startAsFollower
2019-09-20 10:25:48,869 [pool-474-thread-1] INFO  impl.RoleInfo (RoleInfo.java:updateAndGet(143)) - a6d30058-a720-446f-9c7b-24e660d27087: start FollowerState
2019-09-20 10:25:48,869 [pool-474-thread-1] INFO  util.JmxRegister (JmxRegister.java:tryRegister(44)) - Successfully registered JMX Bean with object name Ratis:service=RaftServer,group=group-F07B2E16DF0F,id=a6d30058-a720-446f-9c7b-24e660d27087
2019-09-20 10:25:48,872 [RatisPipelineUtilsThread] INFO  pipeline.PipelineStateManager (PipelineStateManager.java:addPipeline(56)) - Created pipeline Pipeline[ Id: c668dc7c-50a4-4606-b37d-f07b2e16df0f, Nodes: a6d30058-a720-446f-9c7b-24e660d27087{ip: 192.168.36.99, host: pr-hdds-1569-p5fx8-1226042367, networkLocation: /default-rack, certSerialId: null}, Type:RATIS, Factor:ONE, State:OPEN]
2019-09-20 10:25:48,872 [RatisPipelineUtilsThread] INFO  pipeline.PipelinePlacementPolicy (PipelinePlacementPolicy.java:meetCriteria(91)) - Pipeline Placement: Doesn't meet the criteria to be viable node： 0d89bd5b-f1f0-4d05-b956-8c5f0ef5931a Heaviness: 6 limit: 5
2019-09-20 10:25:48,873 [RatisPipelineUtilsThread] INFO  pipeline.PipelinePlacementPolicy (PipelinePlacementPolicy.java:meetCriteria(91)) - Pipeline Placement: Doesn't meet the criteria to be viable node： e238300f-1c21-4f37-b50e-3ecfb3791348 Heaviness: 6 limit: 5
2019-09-20 10:25:48,873 [RatisPipelineUtilsThread] INFO  pipeline.PipelinePlacementPolicy (PipelinePlacementPolicy.java:meetCriteria(91)) - Pipeline Placement: Doesn't meet the criteria to be viable node： ab9a4c63-343a-4b7c-89c7-d536c40c06d3 Heaviness: 6 limit: 5
2019-09-20 10:25:48,873 [RatisPipelineUtilsThread] INFO  pipeline.PipelinePlacementPolicy (PipelinePlacementPolicy.java:meetCriteria(91)) - Pipeline Placement: Doesn't meet the criteria to be viable node： 206c8d3c-b23c-44eb-904e-8a117dc81c96 Heaviness: 6 limit: 5
2019-09-20 10:25:48,873 [RatisPipelineUtilsThread] INFO  pipeline.PipelinePlacementPolicy (PipelinePlacementPolicy.java:meetCriteria(91)) - Pipeline Placement: Doesn't meet the criteria to be viable node： a3551cd1-78f2-43f6-afc0-6c6852e9cef9 Heaviness: 6 limit: 5
2019-09-20 10:25:48,873 [RatisPipelineUtilsThread] INFO  pipeline.PipelinePlacementPolicy (PipelinePlacementPolicy.java:meetCriteria(91)) - Pipeline Placement: Doesn't meet the criteria to be viable node： 6f3631be-ef72-40c3-a17d-cb6a2edd0adf Heaviness: 6 limit: 5
2019-09-20 10:25:48,879 [grpc-default-executor-4] INFO  impl.RaftServerProxy (RaftServerProxy.java:addNew(89)) - a6d30058-a720-446f-9c7b-24e660d27087: addNew group-B67BF9929442:[a6d30058-a720-446f-9c7b-24e660d27087:192.168.36.99:33555] returns group-B67BF9929442:java.util.concurrent.CompletableFuture@3fceeef6[Not completed]
2019-09-20 10:25:48,880 [pool-474-thread-1] INFO  impl.RaftServerImpl (RaftServerImpl.java:<init>(93)) - a6d30058-a720-446f-9c7b-24e660d27087: new RaftServerImpl for group-B67BF9929442:[a6d30058-a720-446f-9c7b-24e660d27087:192.168.36.99:33555] with ContainerStateMachine:uninitialized
2019-09-20 10:25:48,880 [pool-474-thread-1] INFO  server.RaftServerConfigKeys (ConfUtils.java:logGet(43)) - raft.server.rpc.timeout.min = 5s (custom)
2019-09-20 10:25:48,880 [pool-474-thread-1] INFO  server.RaftServerConfigKeys (ConfUtils.java:logGet(43)) - raft.server.rpc.timeout.max = 5200ms (custom)
2019-09-20 10:25:48,880 [pool-474-thread-1] INFO  server.RaftServerConfigKeys (ConfUtils.java:logGet(43)) - raft.server.rpcslowness.timeout = 120s (custom)
2019-09-20 10:25:48,880 [pool-474-thread-1] INFO  server.RaftServerConfigKeys (ConfUtils.java:logGet(43)) - raft.server.sleep.deviation.threshold = 300 (default)
2019-09-20 10:25:48,880 [pool-474-thread-1] INFO  server.RaftServerConfigKeys (ConfUtils.java:logGet(43)) - raft.server.log.appender.install.snapshot.enabled = false (custom)
2019-09-20 10:25:48,880 [pool-474-thread-1] INFO  impl.RaftServerImpl (ServerState.java:<init>(105)) - a6d30058-a720-446f-9c7b-24e660d27087:group-B67BF9929442 ConfigurationManager, init=-1: [a6d30058-a720-446f-9c7b-24e660d27087:192.168.36.99:33555], old=null, confs=<EMPTY_MAP>
2019-09-20 10:25:48,880 [pool-474-thread-1] INFO  server.RaftServerConfigKeys (ConfUtils.java:logGet(43)) - raft.server.storage.dir = [/workdir/hadoop-ozone/integration-test/target/test-dir/MiniOzoneClusterImpl-023400ba-597c-4990-9952-187ab727187d/datanode-6/data/ratis] (custom)
2019-09-20 10:25:48,881 [pool-474-thread-1] INFO  storage.RaftStorageDirectory (RaftStorageDirectory.java:analyzeStorage(246)) - The storage directory /workdir/hadoop-ozone/integration-test/target/test-dir/MiniOzoneClusterImpl-023400ba-597c-4990-9952-187ab727187d/datanode-6/data/ratis/33ec02e3-6f0d-48ba-98ba-b67bf9929442 does not exist. Creating ...
2019-09-20 10:25:48,907 [pool-474-thread-1] INFO  storage.RaftStorageDirectory (RaftStorageDirectory.java:tryLock(328)) - Lock on /workdir/hadoop-ozone/integration-test/target/test-dir/MiniOzoneClusterImpl-023400ba-597c-4990-9952-187ab727187d/datanode-6/data/ratis/33ec02e3-6f0d-48ba-98ba-b67bf9929442/in_use.lock acquired by nodename 28506@pr-hdds-1569-p5fx8-1226042367
2019-09-20 10:25:48,909 | INFO  | SCMAudit | user=jenkins1000 | ip=192.168.36.99 | op=SEND_HEARTBEAT {datanodeUUID=6f3631be-ef72-40c3-a17d-cb6a2edd0adf, command=[]} | ret=SUCCESS |  
2019-09-20 10:25:48,916 | INFO  | SCMAudit | user=jenkins1000 | ip=192.168.36.99 | op=SEND_HEARTBEAT {datanodeUUID=e238300f-1c21-4f37-b50e-3ecfb3791348, command=[]} | ret=SUCCESS |  
2019-09-20 10:25:48,954 [Thread-2122] INFO  container.ReplicationManager (ReplicationManager.java:start(151)) - Starting Replication Monitor Thread.
2019-09-20 10:25:48,970 [ReplicationMonitor] INFO  container.ReplicationManager (ReplicationManager.java:run(214)) - Replication Monitor Thread took 0 milliseconds for processing 0 containers.
2019-09-20 10:25:48,970 [pool-474-thread-1] INFO  storage.RaftStorage (RaftStorage.java:format(72)) - Storage directory /workdir/hadoop-ozone/integration-test/target/test-dir/MiniOzoneClusterImpl-023400ba-597c-4990-9952-187ab727187d/datanode-6/data/ratis/33ec02e3-6f0d-48ba-98ba-b67bf9929442 has been successfully formatted.
2019-09-20 10:25:48,970 [pool-474-thread-1] INFO  ratis.ContainerStateMachine (ContainerStateMachine.java:loadSnapshot(226)) - group-B67BF9929442: The snapshot info is null. Setting the last applied indexto:(t:0, i:~)
2019-09-20 10:25:48,970 [pool-474-thread-1] INFO  server.RaftServerConfigKeys (ConfUtils.java:logGet(43)) - raft.server.leader.election.timeout = 120s (custom)
2019-09-20 10:25:48,970 [pool-474-thread-1] INFO  server.RaftServerConfigKeys (ConfUtils.java:logGet(43)) - raft.server.log.use.memory = false (default)
2019-09-20 10:25:48,971 [pool-474-thread-1] INFO  server.RaftServerConfigKeys (ConfUtils.java:logGet(43)) - raft.server.log.purge.gap = 1000000 (custom)
2019-09-20 10:25:48,971 [pool-474-thread-1] INFO  server.RaftServerConfigKeys (ConfUtils.java:logGet(43)) - raft.server.log.appender.buffer.byte-limit = 33554432 (custom)
2019-09-20 10:25:48,971 [pool-474-thread-1] INFO  server.RaftServerConfigKeys (ConfUtils.java:logGet(43)) - raft.server.log.segment.size.max = 1048576 (custom)
2019-09-20 10:25:48,971 [pool-474-thread-1] INFO  server.RaftServerConfigKeys (ConfUtils.java:logGet(43)) - raft.server.log.segment.cache.num.max = 2 (custom)
2019-09-20 10:25:48,971 [pool-474-thread-1] INFO  segmented.SegmentedRaftLogWorker (SegmentedRaftLogWorker.java:<init>(172)) - new a6d30058-a720-446f-9c7b-24e660d27087-SegmentedRaftLogWorker:Storage Directory /workdir/hadoop-ozone/integration-test/target/test-dir/MiniOzoneClusterImpl-023400ba-597c-4990-9952-187ab727187d/datanode-6/data/ratis/33ec02e3-6f0d-48ba-98ba-b67bf9929442 for RaftStorage:Storage Directory /workdir/hadoop-ozone/integration-test/target/test-dir/MiniOzoneClusterImpl-023400ba-597c-4990-9952-187ab727187d/datanode-6/data/ratis/33ec02e3-6f0d-48ba-98ba-b67bf9929442
2019-09-20 10:25:48,971 [pool-474-thread-1] INFO  server.RaftServerConfigKeys (ConfUtils.java:logGet(43)) - raft.server.log.queue.byte-limit = 2147483647 (custom)
2019-09-20 10:25:48,972 [pool-474-thread-1] INFO  server.RaftServerConfigKeys (ConfUtils.java:logGet(43)) - raft.server.log.queue.element-limit = 1024 (custom)
2019-09-20 10:25:48,972 [pool-474-thread-1] INFO  server.RaftServerConfigKeys (ConfUtils.java:logGet(43)) - raft.server.log.segment.size.max = 1048576 (custom)
2019-09-20 10:25:48,972 [pool-474-thread-1] INFO  server.RaftServerConfigKeys (ConfUtils.java:logGet(43)) - raft.server.log.preallocated.size = 16384 (custom)
2019-09-20 10:25:48,972 [pool-474-thread-1] INFO  server.RaftServerConfigKeys (ConfUtils.java:logGet(43)) - raft.server.log.write.buffer.size = 33554432 (custom)
2019-09-20 10:25:48,972 [pool-474-thread-1] INFO  server.RaftServerConfigKeys (ConfUtils.java:logGet(43)) - raft.server.log.force.sync.num = 128 (default)
2019-09-20 10:25:48,972 [pool-474-thread-1] INFO  server.RaftServerConfigKeys (ConfUtils.java:logGet(43)) - raft.server.log.statemachine.data.sync = true (default)
2019-09-20 10:25:48,972 [pool-474-thread-1] INFO  server.RaftServerConfigKeys (ConfUtils.java:logGet(43)) - raft.server.log.statemachine.data.sync.timeout = 10s (default)
2019-09-20 10:25:48,973 [pool-474-thread-1] INFO  server.RaftServerConfigKeys (ConfUtils.java:logGet(43)) - raft.server.log.statemachine.data.sync.timeout.retry = -1 (default)
2019-09-20 10:25:48,973 [pool-474-thread-1] INFO  server.RaftServerConfigKeys (ConfUtils.java:logGet(43)) - raft.server.log.statemachine.data.caching.enabled = true (custom)
2019-09-20 10:25:48,973 [pool-474-thread-1] INFO  segmented.SegmentedRaftLogWorker (SegmentedRaftLogWorker.java:lambda$new$0(132)) - a6d30058-a720-446f-9c7b-24e660d27087-SegmentedRaftLogWorker:Storage Directory /workdir/hadoop-ozone/integration-test/target/test-dir/MiniOzoneClusterImpl-023400ba-597c-4990-9952-187ab727187d/datanode-6/data/ratis/33ec02e3-6f0d-48ba-98ba-b67bf9929442: flushIndex: setUnconditionally 0 -> -1
2019-09-20 10:25:48,973 [pool-474-thread-1] INFO  server.RaftServerConfigKeys (ConfUtils.java:logGet(43)) - raft.server.snapshot.auto.trigger.enabled = true (custom)
2019-09-20 10:25:48,974 [pool-474-thread-1] INFO  server.RaftServerConfigKeys (ConfUtils.java:logGet(43)) - raft.server.snapshot.auto.trigger.threshold = 10000 (custom)
2019-09-20 10:25:48,974 [pool-474-thread-1] INFO  server.RaftServerConfigKeys (ConfUtils.java:logGet(43)) - raft.server.retrycache.expirytime = 600000ms (custom)
2019-09-20 10:25:48,974 [pool-474-thread-1] INFO  impl.RaftServerImpl (RaftServerImpl.java:start(180)) - a6d30058-a720-446f-9c7b-24e660d27087: start group-B67BF9929442
2019-09-20 10:25:48,974 [pool-474-thread-1] INFO  impl.RaftServerImpl (RaftServerImpl.java:setRole(171)) - a6d30058-a720-446f-9c7b-24e660d27087:group-B67BF9929442 changes role from null to FOLLOWER at term 0 for startAsFollower
2019-09-20 10:25:48,974 [pool-474-thread-1] INFO  impl.RoleInfo (RoleInfo.java:updateAndGet(143)) - a6d30058-a720-446f-9c7b-24e660d27087: start FollowerState
2019-09-20 10:25:48,975 [pool-474-thread-1] INFO  util.JmxRegister (JmxRegister.java:tryRegister(44)) - Successfully registered JMX Bean with object name Ratis:service=RaftServer,group=group-B67BF9929442,id=a6d30058-a720-446f-9c7b-24e660d27087
2019-09-20 10:25:48,977 [RatisPipelineUtilsThread] INFO  pipeline.PipelineStateManager (PipelineStateManager.java:addPipeline(56)) - Created pipeline Pipeline[ Id: 33ec02e3-6f0d-48ba-98ba-b67bf9929442, Nodes: a6d30058-a720-446f-9c7b-24e660d27087{ip: 192.168.36.99, host: pr-hdds-1569-p5fx8-1226042367, networkLocation: /default-rack, certSerialId: null}, Type:RATIS, Factor:ONE, State:OPEN]
2019-09-20 10:25:48,978 [RatisPipelineUtilsThread] INFO  pipeline.PipelinePlacementPolicy (PipelinePlacementPolicy.java:meetCriteria(91)) - Pipeline Placement: Doesn't meet the criteria to be viable node： 0d89bd5b-f1f0-4d05-b956-8c5f0ef5931a Heaviness: 6 limit: 5
2019-09-20 10:25:48,978 [RatisPipelineUtilsThread] INFO  pipeline.PipelinePlacementPolicy (PipelinePlacementPolicy.java:meetCriteria(91)) - Pipeline Placement: Doesn't meet the criteria to be viable node： e238300f-1c21-4f37-b50e-3ecfb3791348 Heaviness: 6 limit: 5
2019-09-20 10:25:48,978 [RatisPipelineUtilsThread] INFO  pipeline.PipelinePlacementPolicy (PipelinePlacementPolicy.java:meetCriteria(91)) - Pipeline Placement: Doesn't meet the criteria to be viable node： ab9a4c63-343a-4b7c-89c7-d536c40c06d3 Heaviness: 6 limit: 5
2019-09-20 10:25:48,978 [RatisPipelineUtilsThread] INFO  pipeline.PipelinePlacementPolicy (PipelinePlacementPolicy.java:meetCriteria(91)) - Pipeline Placement: Doesn't meet the criteria to be viable node： 206c8d3c-b23c-44eb-904e-8a117dc81c96 Heaviness: 6 limit: 5
2019-09-20 10:25:48,978 [RatisPipelineUtilsThread] INFO  pipeline.PipelinePlacementPolicy (PipelinePlacementPolicy.java:meetCriteria(91)) - Pipeline Placement: Doesn't meet the criteria to be viable node： a3551cd1-78f2-43f6-afc0-6c6852e9cef9 Heaviness: 6 limit: 5
2019-09-20 10:25:48,978 [RatisPipelineUtilsThread] INFO  pipeline.PipelinePlacementPolicy (PipelinePlacementPolicy.java:meetCriteria(91)) - Pipeline Placement: Doesn't meet the criteria to be viable node： 6f3631be-ef72-40c3-a17d-cb6a2edd0adf Heaviness: 6 limit: 5
2019-09-20 10:25:48,983 [grpc-default-executor-4] INFO  impl.RaftServerProxy (RaftServerProxy.java:addNew(89)) - a6d30058-a720-446f-9c7b-24e660d27087: addNew group-C15E122C2DCB:[a6d30058-a720-446f-9c7b-24e660d27087:192.168.36.99:33555] returns group-C15E122C2DCB:java.util.concurrent.CompletableFuture@26507027[Not completed]
2019-09-20 10:25:48,984 [pool-474-thread-1] INFO  impl.RaftServerImpl (RaftServerImpl.java:<init>(93)) - a6d30058-a720-446f-9c7b-24e660d27087: new RaftServerImpl for group-C15E122C2DCB:[a6d30058-a720-446f-9c7b-24e660d27087:192.168.36.99:33555] with ContainerStateMachine:uninitialized
2019-09-20 10:25:48,984 [pool-474-thread-1] INFO  server.RaftServerConfigKeys (ConfUtils.java:logGet(43)) - raft.server.rpc.timeout.min = 5s (custom)
2019-09-20 10:25:48,984 [pool-474-thread-1] INFO  server.RaftServerConfigKeys (ConfUtils.java:logGet(43)) - raft.server.rpc.timeout.max = 5200ms (custom)
2019-09-20 10:25:48,984 [pool-474-thread-1] INFO  server.RaftServerConfigKeys (ConfUtils.java:logGet(43)) - raft.server.rpcslowness.timeout = 120s (custom)
2019-09-20 10:25:48,985 [pool-474-thread-1] INFO  server.RaftServerConfigKeys (ConfUtils.java:logGet(43)) - raft.server.sleep.deviation.threshold = 300 (default)
2019-09-20 10:25:48,985 [pool-474-thread-1] INFO  server.RaftServerConfigKeys (ConfUtils.java:logGet(43)) - raft.server.log.appender.install.snapshot.enabled = false (custom)
2019-09-20 10:25:48,985 [pool-474-thread-1] INFO  impl.RaftServerImpl (ServerState.java:<init>(105)) - a6d30058-a720-446f-9c7b-24e660d27087:group-C15E122C2DCB ConfigurationManager, init=-1: [a6d30058-a720-446f-9c7b-24e660d27087:192.168.36.99:33555], old=null, confs=<EMPTY_MAP>
2019-09-20 10:25:48,985 [pool-474-thread-1] INFO  server.RaftServerConfigKeys (ConfUtils.java:logGet(43)) - raft.server.storage.dir = [/workdir/hadoop-ozone/integration-test/target/test-dir/MiniOzoneClusterImpl-023400ba-597c-4990-9952-187ab727187d/datanode-6/data/ratis] (custom)
2019-09-20 10:25:48,985 [pool-474-thread-1] INFO  storage.RaftStorageDirectory (RaftStorageDirectory.java:analyzeStorage(246)) - The storage directory /workdir/hadoop-ozone/integration-test/target/test-dir/MiniOzoneClusterImpl-023400ba-597c-4990-9952-187ab727187d/datanode-6/data/ratis/c188403d-bff8-4918-9faf-c15e122c2dcb does not exist. Creating ...
2019-09-20 10:25:49,008 [pool-474-thread-1] INFO  storage.RaftStorageDirectory (RaftStorageDirectory.java:tryLock(328)) - Lock on /workdir/hadoop-ozone/integration-test/target/test-dir/MiniOzoneClusterImpl-023400ba-597c-4990-9952-187ab727187d/datanode-6/data/ratis/c188403d-bff8-4918-9faf-c15e122c2dcb/in_use.lock acquired by nodename 28506@pr-hdds-1569-p5fx8-1226042367
2019-09-20 10:25:49,034 [pool-474-thread-1] INFO  storage.RaftStorage (RaftStorage.java:format(72)) - Storage directory /workdir/hadoop-ozone/integration-test/target/test-dir/MiniOzoneClusterImpl-023400ba-597c-4990-9952-187ab727187d/datanode-6/data/ratis/c188403d-bff8-4918-9faf-c15e122c2dcb has been successfully formatted.
2019-09-20 10:25:49,034 [pool-474-thread-1] INFO  ratis.ContainerStateMachine (ContainerStateMachine.java:loadSnapshot(226)) - group-C15E122C2DCB: The snapshot info is null. Setting the last applied indexto:(t:0, i:~)
2019-09-20 10:25:49,034 [pool-474-thread-1] INFO  server.RaftServerConfigKeys (ConfUtils.java:logGet(43)) - raft.server.leader.election.timeout = 120s (custom)
2019-09-20 10:25:49,034 [pool-474-thread-1] INFO  server.RaftServerConfigKeys (ConfUtils.java:logGet(43)) - raft.server.log.use.memory = false (default)
2019-09-20 10:25:49,034 [pool-474-thread-1] INFO  server.RaftServerConfigKeys (ConfUtils.java:logGet(43)) - raft.server.log.purge.gap = 1000000 (custom)
2019-09-20 10:25:49,035 [pool-474-thread-1] INFO  server.RaftServerConfigKeys (ConfUtils.java:logGet(43)) - raft.server.log.appender.buffer.byte-limit = 33554432 (custom)
2019-09-20 10:25:49,035 [pool-474-thread-1] INFO  server.RaftServerConfigKeys (ConfUtils.java:logGet(43)) - raft.server.log.segment.size.max = 1048576 (custom)
2019-09-20 10:25:49,035 [pool-474-thread-1] INFO  server.RaftServerConfigKeys (ConfUtils.java:logGet(43)) - raft.server.log.segment.cache.num.max = 2 (custom)
2019-09-20 10:25:49,035 [pool-474-thread-1] INFO  segmented.SegmentedRaftLogWorker (SegmentedRaftLogWorker.java:<init>(172)) - new a6d30058-a720-446f-9c7b-24e660d27087-SegmentedRaftLogWorker:Storage Directory /workdir/hadoop-ozone/integration-test/target/test-dir/MiniOzoneClusterImpl-023400ba-597c-4990-9952-187ab727187d/datanode-6/data/ratis/c188403d-bff8-4918-9faf-c15e122c2dcb for RaftStorage:Storage Directory /workdir/hadoop-ozone/integration-test/target/test-dir/MiniOzoneClusterImpl-023400ba-597c-4990-9952-187ab727187d/datanode-6/data/ratis/c188403d-bff8-4918-9faf-c15e122c2dcb
2019-09-20 10:25:49,035 [pool-474-thread-1] INFO  server.RaftServerConfigKeys (ConfUtils.java:logGet(43)) - raft.server.log.queue.byte-limit = 2147483647 (custom)
2019-09-20 10:25:49,035 [pool-474-thread-1] INFO  server.RaftServerConfigKeys (ConfUtils.java:logGet(43)) - raft.server.log.queue.element-limit = 1024 (custom)
2019-09-20 10:25:49,035 [pool-474-thread-1] INFO  server.RaftServerConfigKeys (ConfUtils.java:logGet(43)) - raft.server.log.segment.size.max = 1048576 (custom)
2019-09-20 10:25:49,036 [pool-474-thread-1] INFO  server.RaftServerConfigKeys (ConfUtils.java:logGet(43)) - raft.server.log.preallocated.size = 16384 (custom)
2019-09-20 10:25:49,036 [pool-474-thread-1] INFO  server.RaftServerConfigKeys (ConfUtils.java:logGet(43)) - raft.server.log.write.buffer.size = 33554432 (custom)
2019-09-20 10:25:49,036 [pool-474-thread-1] INFO  server.RaftServerConfigKeys (ConfUtils.java:logGet(43)) - raft.server.log.force.sync.num = 128 (default)
2019-09-20 10:25:49,036 [pool-474-thread-1] INFO  server.RaftServerConfigKeys (ConfUtils.java:logGet(43)) - raft.server.log.statemachine.data.sync = true (default)
2019-09-20 10:25:49,036 [pool-474-thread-1] INFO  server.RaftServerConfigKeys (ConfUtils.java:logGet(43)) - raft.server.log.statemachine.data.sync.timeout = 10s (default)
2019-09-20 10:25:49,036 [pool-474-thread-1] INFO  server.RaftServerConfigKeys (ConfUtils.java:logGet(43)) - raft.server.log.statemachine.data.sync.timeout.retry = -1 (default)
2019-09-20 10:25:49,037 [pool-474-thread-1] INFO  server.RaftServerConfigKeys (ConfUtils.java:logGet(43)) - raft.server.log.statemachine.data.caching.enabled = true (custom)
2019-09-20 10:25:49,037 [pool-474-thread-1] INFO  segmented.SegmentedRaftLogWorker (SegmentedRaftLogWorker.java:lambda$new$0(132)) - a6d30058-a720-446f-9c7b-24e660d27087-SegmentedRaftLogWorker:Storage Directory /workdir/hadoop-ozone/integration-test/target/test-dir/MiniOzoneClusterImpl-023400ba-597c-4990-9952-187ab727187d/datanode-6/data/ratis/c188403d-bff8-4918-9faf-c15e122c2dcb: flushIndex: setUnconditionally 0 -> -1
2019-09-20 10:25:49,037 [pool-474-thread-1] INFO  server.RaftServerConfigKeys (ConfUtils.java:logGet(43)) - raft.server.snapshot.auto.trigger.enabled = true (custom)
2019-09-20 10:25:49,037 [pool-474-thread-1] INFO  server.RaftServerConfigKeys (ConfUtils.java:logGet(43)) - raft.server.snapshot.auto.trigger.threshold = 10000 (custom)
2019-09-20 10:25:49,038 [pool-474-thread-1] INFO  server.RaftServerConfigKeys (ConfUtils.java:logGet(43)) - raft.server.retrycache.expirytime = 600000ms (custom)
2019-09-20 10:25:49,038 [pool-474-thread-1] INFO  impl.RaftServerImpl (RaftServerImpl.java:start(180)) - a6d30058-a720-446f-9c7b-24e660d27087: start group-C15E122C2DCB
2019-09-20 10:25:49,038 [pool-474-thread-1] INFO  impl.RaftServerImpl (RaftServerImpl.java:setRole(171)) - a6d30058-a720-446f-9c7b-24e660d27087:group-C15E122C2DCB changes role from null to FOLLOWER at term 0 for startAsFollower
2019-09-20 10:25:49,038 [pool-474-thread-1] INFO  impl.RoleInfo (RoleInfo.java:updateAndGet(143)) - a6d30058-a720-446f-9c7b-24e660d27087: start FollowerState
2019-09-20 10:25:49,038 [pool-474-thread-1] INFO  util.JmxRegister (JmxRegister.java:tryRegister(44)) - Successfully registered JMX Bean with object name Ratis:service=RaftServer,group=group-C15E122C2DCB,id=a6d30058-a720-446f-9c7b-24e660d27087
2019-09-20 10:25:49,041 [RatisPipelineUtilsThread] INFO  pipeline.PipelineStateManager (PipelineStateManager.java:addPipeline(56)) - Created pipeline Pipeline[ Id: c188403d-bff8-4918-9faf-c15e122c2dcb, Nodes: a6d30058-a720-446f-9c7b-24e660d27087{ip: 192.168.36.99, host: pr-hdds-1569-p5fx8-1226042367, networkLocation: /default-rack, certSerialId: null}, Type:RATIS, Factor:ONE, State:OPEN]
2019-09-20 10:25:49,041 [RatisPipelineUtilsThread] INFO  pipeline.PipelinePlacementPolicy (PipelinePlacementPolicy.java:meetCriteria(91)) - Pipeline Placement: Doesn't meet the criteria to be viable node： 0d89bd5b-f1f0-4d05-b956-8c5f0ef5931a Heaviness: 6 limit: 5
2019-09-20 10:25:49,041 [RatisPipelineUtilsThread] INFO  pipeline.PipelinePlacementPolicy (PipelinePlacementPolicy.java:meetCriteria(91)) - Pipeline Placement: Doesn't meet the criteria to be viable node： e238300f-1c21-4f37-b50e-3ecfb3791348 Heaviness: 6 limit: 5
2019-09-20 10:25:49,042 [RatisPipelineUtilsThread] INFO  pipeline.PipelinePlacementPolicy (PipelinePlacementPolicy.java:meetCriteria(91)) - Pipeline Placement: Doesn't meet the criteria to be viable node： ab9a4c63-343a-4b7c-89c7-d536c40c06d3 Heaviness: 6 limit: 5
2019-09-20 10:25:49,042 [RatisPipelineUtilsThread] INFO  pipeline.PipelinePlacementPolicy (PipelinePlacementPolicy.java:meetCriteria(91)) - Pipeline Placement: Doesn't meet the criteria to be viable node： 206c8d3c-b23c-44eb-904e-8a117dc81c96 Heaviness: 6 limit: 5
2019-09-20 10:25:49,042 [RatisPipelineUtilsThread] INFO  pipeline.PipelinePlacementPolicy (PipelinePlacementPolicy.java:meetCriteria(91)) - Pipeline Placement: Doesn't meet the criteria to be viable node： a3551cd1-78f2-43f6-afc0-6c6852e9cef9 Heaviness: 6 limit: 5
2019-09-20 10:25:49,042 [RatisPipelineUtilsThread] INFO  pipeline.PipelinePlacementPolicy (PipelinePlacementPolicy.java:meetCriteria(91)) - Pipeline Placement: Doesn't meet the criteria to be viable node： 6f3631be-ef72-40c3-a17d-cb6a2edd0adf Heaviness: 6 limit: 5
2019-09-20 10:25:49,047 [grpc-default-executor-4] INFO  impl.RaftServerProxy (RaftServerProxy.java:addNew(89)) - a6d30058-a720-446f-9c7b-24e660d27087: addNew group-7D571CF7A579:[a6d30058-a720-446f-9c7b-24e660d27087:192.168.36.99:33555] returns group-7D571CF7A579:java.util.concurrent.CompletableFuture@20b5a719[Not completed]
2019-09-20 10:25:49,048 [pool-474-thread-1] INFO  impl.RaftServerImpl (RaftServerImpl.java:<init>(93)) - a6d30058-a720-446f-9c7b-24e660d27087: new RaftServerImpl for group-7D571CF7A579:[a6d30058-a720-446f-9c7b-24e660d27087:192.168.36.99:33555] with ContainerStateMachine:uninitialized
2019-09-20 10:25:49,048 [pool-474-thread-1] INFO  server.RaftServerConfigKeys (ConfUtils.java:logGet(43)) - raft.server.rpc.timeout.min = 5s (custom)
2019-09-20 10:25:49,048 [pool-474-thread-1] INFO  server.RaftServerConfigKeys (ConfUtils.java:logGet(43)) - raft.server.rpc.timeout.max = 5200ms (custom)
2019-09-20 10:25:49,048 [pool-474-thread-1] INFO  server.RaftServerConfigKeys (ConfUtils.java:logGet(43)) - raft.server.rpcslowness.timeout = 120s (custom)
2019-09-20 10:25:49,049 [pool-474-thread-1] INFO  server.RaftServerConfigKeys (ConfUtils.java:logGet(43)) - raft.server.sleep.deviation.threshold = 300 (default)
2019-09-20 10:25:49,049 [pool-474-thread-1] INFO  server.RaftServerConfigKeys (ConfUtils.java:logGet(43)) - raft.server.log.appender.install.snapshot.enabled = false (custom)
2019-09-20 10:25:49,049 [pool-474-thread-1] INFO  impl.RaftServerImpl (ServerState.java:<init>(105)) - a6d30058-a720-446f-9c7b-24e660d27087:group-7D571CF7A579 ConfigurationManager, init=-1: [a6d30058-a720-446f-9c7b-24e660d27087:192.168.36.99:33555], old=null, confs=<EMPTY_MAP>
2019-09-20 10:25:49,049 [pool-474-thread-1] INFO  server.RaftServerConfigKeys (ConfUtils.java:logGet(43)) - raft.server.storage.dir = [/workdir/hadoop-ozone/integration-test/target/test-dir/MiniOzoneClusterImpl-023400ba-597c-4990-9952-187ab727187d/datanode-6/data/ratis] (custom)
2019-09-20 10:25:49,049 [pool-474-thread-1] INFO  storage.RaftStorageDirectory (RaftStorageDirectory.java:analyzeStorage(246)) - The storage directory /workdir/hadoop-ozone/integration-test/target/test-dir/MiniOzoneClusterImpl-023400ba-597c-4990-9952-187ab727187d/datanode-6/data/ratis/f8496ad9-9148-4ef2-9df4-7d571cf7a579 does not exist. Creating ...
2019-09-20 10:25:49,076 [pool-474-thread-1] INFO  storage.RaftStorageDirectory (RaftStorageDirectory.java:tryLock(328)) - Lock on /workdir/hadoop-ozone/integration-test/target/test-dir/MiniOzoneClusterImpl-023400ba-597c-4990-9952-187ab727187d/datanode-6/data/ratis/f8496ad9-9148-4ef2-9df4-7d571cf7a579/in_use.lock acquired by nodename 28506@pr-hdds-1569-p5fx8-1226042367
2019-09-20 10:25:49,101 [pool-474-thread-1] INFO  storage.RaftStorage (RaftStorage.java:format(72)) - Storage directory /workdir/hadoop-ozone/integration-test/target/test-dir/MiniOzoneClusterImpl-023400ba-597c-4990-9952-187ab727187d/datanode-6/data/ratis/f8496ad9-9148-4ef2-9df4-7d571cf7a579 has been successfully formatted.
2019-09-20 10:25:49,102 [pool-474-thread-1] INFO  ratis.ContainerStateMachine (ContainerStateMachine.java:loadSnapshot(226)) - group-7D571CF7A579: The snapshot info is null. Setting the last applied indexto:(t:0, i:~)
2019-09-20 10:25:49,102 [pool-474-thread-1] INFO  server.RaftServerConfigKeys (ConfUtils.java:logGet(43)) - raft.server.leader.election.timeout = 120s (custom)
2019-09-20 10:25:49,102 [pool-474-thread-1] INFO  server.RaftServerConfigKeys (ConfUtils.java:logGet(43)) - raft.server.log.use.memory = false (default)
2019-09-20 10:25:49,102 [pool-474-thread-1] INFO  server.RaftServerConfigKeys (ConfUtils.java:logGet(43)) - raft.server.log.purge.gap = 1000000 (custom)
2019-09-20 10:25:49,102 [pool-474-thread-1] INFO  server.RaftServerConfigKeys (ConfUtils.java:logGet(43)) - raft.server.log.appender.buffer.byte-limit = 33554432 (custom)
2019-09-20 10:25:49,102 [pool-474-thread-1] INFO  server.RaftServerConfigKeys (ConfUtils.java:logGet(43)) - raft.server.log.segment.size.max = 1048576 (custom)
2019-09-20 10:25:49,103 [pool-474-thread-1] INFO  server.RaftServerConfigKeys (ConfUtils.java:logGet(43)) - raft.server.log.segment.cache.num.max = 2 (custom)
2019-09-20 10:25:49,103 [pool-474-thread-1] INFO  segmented.SegmentedRaftLogWorker (SegmentedRaftLogWorker.java:<init>(172)) - new a6d30058-a720-446f-9c7b-24e660d27087-SegmentedRaftLogWorker:Storage Directory /workdir/hadoop-ozone/integration-test/target/test-dir/MiniOzoneClusterImpl-023400ba-597c-4990-9952-187ab727187d/datanode-6/data/ratis/f8496ad9-9148-4ef2-9df4-7d571cf7a579 for RaftStorage:Storage Directory /workdir/hadoop-ozone/integration-test/target/test-dir/MiniOzoneClusterImpl-023400ba-597c-4990-9952-187ab727187d/datanode-6/data/ratis/f8496ad9-9148-4ef2-9df4-7d571cf7a579
2019-09-20 10:25:49,103 [pool-474-thread-1] INFO  server.RaftServerConfigKeys (ConfUtils.java:logGet(43)) - raft.server.log.queue.byte-limit = 2147483647 (custom)
2019-09-20 10:25:49,103 [pool-474-thread-1] INFO  server.RaftServerConfigKeys (ConfUtils.java:logGet(43)) - raft.server.log.queue.element-limit = 1024 (custom)
2019-09-20 10:25:49,103 [pool-474-thread-1] INFO  server.RaftServerConfigKeys (ConfUtils.java:logGet(43)) - raft.server.log.segment.size.max = 1048576 (custom)
2019-09-20 10:25:49,104 [pool-474-thread-1] INFO  server.RaftServerConfigKeys (ConfUtils.java:logGet(43)) - raft.server.log.preallocated.size = 16384 (custom)
2019-09-20 10:25:49,104 [pool-474-thread-1] INFO  server.RaftServerConfigKeys (ConfUtils.java:logGet(43)) - raft.server.log.write.buffer.size = 33554432 (custom)
2019-09-20 10:25:49,104 [pool-474-thread-1] INFO  server.RaftServerConfigKeys (ConfUtils.java:logGet(43)) - raft.server.log.force.sync.num = 128 (default)
2019-09-20 10:25:49,104 [pool-474-thread-1] INFO  server.RaftServerConfigKeys (ConfUtils.java:logGet(43)) - raft.server.log.statemachine.data.sync = true (default)
2019-09-20 10:25:49,104 [pool-474-thread-1] INFO  server.RaftServerConfigKeys (ConfUtils.java:logGet(43)) - raft.server.log.statemachine.data.sync.timeout = 10s (default)
2019-09-20 10:25:49,104 [pool-474-thread-1] INFO  server.RaftServerConfigKeys (ConfUtils.java:logGet(43)) - raft.server.log.statemachine.data.sync.timeout.retry = -1 (default)
2019-09-20 10:25:49,104 [pool-474-thread-1] INFO  server.RaftServerConfigKeys (ConfUtils.java:logGet(43)) - raft.server.log.statemachine.data.caching.enabled = true (custom)
2019-09-20 10:25:49,105 [pool-474-thread-1] INFO  segmented.SegmentedRaftLogWorker (SegmentedRaftLogWorker.java:lambda$new$0(132)) - a6d30058-a720-446f-9c7b-24e660d27087-SegmentedRaftLogWorker:Storage Directory /workdir/hadoop-ozone/integration-test/target/test-dir/MiniOzoneClusterImpl-023400ba-597c-4990-9952-187ab727187d/datanode-6/data/ratis/f8496ad9-9148-4ef2-9df4-7d571cf7a579: flushIndex: setUnconditionally 0 -> -1
2019-09-20 10:25:49,105 [pool-474-thread-1] INFO  server.RaftServerConfigKeys (ConfUtils.java:logGet(43)) - raft.server.snapshot.auto.trigger.enabled = true (custom)
2019-09-20 10:25:49,105 [pool-474-thread-1] INFO  server.RaftServerConfigKeys (ConfUtils.java:logGet(43)) - raft.server.snapshot.auto.trigger.threshold = 10000 (custom)
2019-09-20 10:25:49,106 [pool-474-thread-1] INFO  server.RaftServerConfigKeys (ConfUtils.java:logGet(43)) - raft.server.retrycache.expirytime = 600000ms (custom)
2019-09-20 10:25:49,106 [pool-474-thread-1] INFO  impl.RaftServerImpl (RaftServerImpl.java:start(180)) - a6d30058-a720-446f-9c7b-24e660d27087: start group-7D571CF7A579
2019-09-20 10:25:49,106 [pool-474-thread-1] INFO  impl.RaftServerImpl (RaftServerImpl.java:setRole(171)) - a6d30058-a720-446f-9c7b-24e660d27087:group-7D571CF7A579 changes role from null to FOLLOWER at term 0 for startAsFollower
2019-09-20 10:25:49,106 [pool-474-thread-1] INFO  impl.RoleInfo (RoleInfo.java:updateAndGet(143)) - a6d30058-a720-446f-9c7b-24e660d27087: start FollowerState
2019-09-20 10:25:49,107 [pool-474-thread-1] INFO  util.JmxRegister (JmxRegister.java:tryRegister(44)) - Successfully registered JMX Bean with object name Ratis:service=RaftServer,group=group-7D571CF7A579,id=a6d30058-a720-446f-9c7b-24e660d27087
2019-09-20 10:25:49,109 [RatisPipelineUtilsThread] INFO  pipeline.PipelineStateManager (PipelineStateManager.java:addPipeline(56)) - Created pipeline Pipeline[ Id: f8496ad9-9148-4ef2-9df4-7d571cf7a579, Nodes: a6d30058-a720-446f-9c7b-24e660d27087{ip: 192.168.36.99, host: pr-hdds-1569-p5fx8-1226042367, networkLocation: /default-rack, certSerialId: null}, Type:RATIS, Factor:ONE, State:OPEN]
2019-09-20 10:25:49,109 [RatisPipelineUtilsThread] INFO  pipeline.PipelinePlacementPolicy (PipelinePlacementPolicy.java:meetCriteria(91)) - Pipeline Placement: Doesn't meet the criteria to be viable node： 0d89bd5b-f1f0-4d05-b956-8c5f0ef5931a Heaviness: 6 limit: 5
2019-09-20 10:25:49,110 [RatisPipelineUtilsThread] INFO  pipeline.PipelinePlacementPolicy (PipelinePlacementPolicy.java:meetCriteria(91)) - Pipeline Placement: Doesn't meet the criteria to be viable node： e238300f-1c21-4f37-b50e-3ecfb3791348 Heaviness: 6 limit: 5
2019-09-20 10:25:49,110 [RatisPipelineUtilsThread] INFO  pipeline.PipelinePlacementPolicy (PipelinePlacementPolicy.java:meetCriteria(91)) - Pipeline Placement: Doesn't meet the criteria to be viable node： ab9a4c63-343a-4b7c-89c7-d536c40c06d3 Heaviness: 6 limit: 5
2019-09-20 10:25:49,110 [RatisPipelineUtilsThread] INFO  pipeline.PipelinePlacementPolicy (PipelinePlacementPolicy.java:meetCriteria(91)) - Pipeline Placement: Doesn't meet the criteria to be viable node： 206c8d3c-b23c-44eb-904e-8a117dc81c96 Heaviness: 6 limit: 5
2019-09-20 10:25:49,110 [RatisPipelineUtilsThread] INFO  pipeline.PipelinePlacementPolicy (PipelinePlacementPolicy.java:meetCriteria(91)) - Pipeline Placement: Doesn't meet the criteria to be viable node： a3551cd1-78f2-43f6-afc0-6c6852e9cef9 Heaviness: 6 limit: 5
2019-09-20 10:25:49,110 [RatisPipelineUtilsThread] INFO  pipeline.PipelinePlacementPolicy (PipelinePlacementPolicy.java:meetCriteria(91)) - Pipeline Placement: Doesn't meet the criteria to be viable node： 6f3631be-ef72-40c3-a17d-cb6a2edd0adf Heaviness: 6 limit: 5
2019-09-20 10:25:49,114 [grpc-default-executor-4] INFO  impl.RaftServerProxy (RaftServerProxy.java:addNew(89)) - a6d30058-a720-446f-9c7b-24e660d27087: addNew group-D0B43C8AABA0:[a6d30058-a720-446f-9c7b-24e660d27087:192.168.36.99:33555] returns group-D0B43C8AABA0:java.util.concurrent.CompletableFuture@1d50fac3[Not completed]
2019-09-20 10:25:49,115 [pool-474-thread-1] INFO  impl.RaftServerImpl (RaftServerImpl.java:<init>(93)) - a6d30058-a720-446f-9c7b-24e660d27087: new RaftServerImpl for group-D0B43C8AABA0:[a6d30058-a720-446f-9c7b-24e660d27087:192.168.36.99:33555] with ContainerStateMachine:uninitialized
2019-09-20 10:25:49,115 [pool-474-thread-1] INFO  server.RaftServerConfigKeys (ConfUtils.java:logGet(43)) - raft.server.rpc.timeout.min = 5s (custom)
2019-09-20 10:25:49,115 [pool-474-thread-1] INFO  server.RaftServerConfigKeys (ConfUtils.java:logGet(43)) - raft.server.rpc.timeout.max = 5200ms (custom)
2019-09-20 10:25:49,116 [pool-474-thread-1] INFO  server.RaftServerConfigKeys (ConfUtils.java:logGet(43)) - raft.server.rpcslowness.timeout = 120s (custom)
2019-09-20 10:25:49,116 [pool-474-thread-1] INFO  server.RaftServerConfigKeys (ConfUtils.java:logGet(43)) - raft.server.sleep.deviation.threshold = 300 (default)
2019-09-20 10:25:49,116 [pool-474-thread-1] INFO  server.RaftServerConfigKeys (ConfUtils.java:logGet(43)) - raft.server.log.appender.install.snapshot.enabled = false (custom)
2019-09-20 10:25:49,116 [pool-474-thread-1] INFO  impl.RaftServerImpl (ServerState.java:<init>(105)) - a6d30058-a720-446f-9c7b-24e660d27087:group-D0B43C8AABA0 ConfigurationManager, init=-1: [a6d30058-a720-446f-9c7b-24e660d27087:192.168.36.99:33555], old=null, confs=<EMPTY_MAP>
2019-09-20 10:25:49,116 [pool-474-thread-1] INFO  server.RaftServerConfigKeys (ConfUtils.java:logGet(43)) - raft.server.storage.dir = [/workdir/hadoop-ozone/integration-test/target/test-dir/MiniOzoneClusterImpl-023400ba-597c-4990-9952-187ab727187d/datanode-6/data/ratis] (custom)
2019-09-20 10:25:49,117 [pool-474-thread-1] INFO  storage.RaftStorageDirectory (RaftStorageDirectory.java:analyzeStorage(246)) - The storage directory /workdir/hadoop-ozone/integration-test/target/test-dir/MiniOzoneClusterImpl-023400ba-597c-4990-9952-187ab727187d/datanode-6/data/ratis/ac324826-a5a9-48c4-8d64-d0b43c8aaba0 does not exist. Creating ...
2019-09-20 10:25:49,135 | INFO  | SCMAudit | user=jenkins1000 | ip=192.168.36.99 | op=SEND_HEARTBEAT {datanodeUUID=bb8f5112-316d-4974-a5a6-f698f3fbb5be, command=[]} | ret=SUCCESS |  
2019-09-20 10:25:49,135 | INFO  | SCMAudit | user=jenkins1000 | ip=192.168.36.99 | op=SEND_HEARTBEAT {datanodeUUID=b5962e8e-c9f1-48aa-8eb4-d8f74b8afdbe, command=[]} | ret=SUCCESS |  
2019-09-20 10:25:49,135 | INFO  | SCMAudit | user=jenkins1000 | ip=192.168.36.99 | op=SEND_HEARTBEAT {datanodeUUID=c3e532f8-1a8e-44f3-b56b-d765aee893af, command=[]} | ret=SUCCESS |  
2019-09-20 10:25:49,135 | INFO  | SCMAudit | user=jenkins1000 | ip=192.168.36.99 | op=SEND_HEARTBEAT {datanodeUUID=61649f92-8c0f-475a-818d-1064548aeef6, command=[]} | ret=SUCCESS |  
2019-09-20 10:25:49,135 [pool-474-thread-1] INFO  storage.RaftStorageDirectory (RaftStorageDirectory.java:tryLock(328)) - Lock on /workdir/hadoop-ozone/integration-test/target/test-dir/MiniOzoneClusterImpl-023400ba-597c-4990-9952-187ab727187d/datanode-6/data/ratis/ac324826-a5a9-48c4-8d64-d0b43c8aaba0/in_use.lock acquired by nodename 28506@pr-hdds-1569-p5fx8-1226042367
2019-09-20 10:25:49,135 | INFO  | SCMAudit | user=jenkins1000 | ip=192.168.36.99 | op=SEND_HEARTBEAT {datanodeUUID=e29464ab-17d7-4a4e-ab54-c178fccc723c, command=[]} | ret=SUCCESS |  
2019-09-20 10:25:49,137 | INFO  | SCMAudit | user=jenkins1000 | ip=192.168.36.99 | op=SEND_HEARTBEAT {datanodeUUID=136f1953-bb94-4097-a2d4-422a6782bee0, command=[]} | ret=SUCCESS |  
2019-09-20 10:25:49,137 | INFO  | SCMAudit | user=jenkins1000 | ip=192.168.36.99 | op=SEND_HEARTBEAT {datanodeUUID=9e03ffa9-cf79-407a-a150-4c035e5aec5e, command=[]} | ret=SUCCESS |  
2019-09-20 10:25:49,138 | INFO  | SCMAudit | user=jenkins1000 | ip=192.168.36.99 | op=SEND_HEARTBEAT {datanodeUUID=e8013689-2f13-4aaf-8a03-99f419c430ec, command=[]} | ret=SUCCESS |  
2019-09-20 10:25:49,138 | INFO  | SCMAudit | user=jenkins1000 | ip=192.168.36.99 | op=SEND_HEARTBEAT {datanodeUUID=99e70dd4-d763-4473-944c-c5628506dcf8, command=[]} | ret=SUCCESS |  
2019-09-20 10:25:49,138 | INFO  | SCMAudit | user=jenkins1000 | ip=192.168.36.99 | op=SEND_HEARTBEAT {datanodeUUID=4d972e91-cb6b-45de-8bd2-c18af7abe58b, command=[]} | ret=SUCCESS |  
2019-09-20 10:25:49,139 | INFO  | SCMAudit | user=jenkins1000 | ip=192.168.36.99 | op=SEND_HEARTBEAT {datanodeUUID=60260ec1-e192-4b95-89c8-d924d16a77a9, command=[]} | ret=SUCCESS |  
2019-09-20 10:25:49,139 | INFO  | SCMAudit | user=jenkins1000 | ip=192.168.36.99 | op=SEND_HEARTBEAT {datanodeUUID=ece458fc-6687-4915-9be7-f98d86977b7d, command=[]} | ret=SUCCESS |  
2019-09-20 10:25:49,139 | INFO  | SCMAudit | user=jenkins1000 | ip=192.168.36.99 | op=SEND_HEARTBEAT {datanodeUUID=6491c372-a595-4104-b3e9-c4f3293baafa, command=[]} | ret=SUCCESS |  
2019-09-20 10:25:49,139 | INFO  | SCMAudit | user=jenkins1000 | ip=192.168.36.99 | op=SEND_HEARTBEAT {datanodeUUID=468be06f-55e9-4831-ba6b-3db017451a79, command=[]} | ret=SUCCESS |  
2019-09-20 10:25:49,140 | INFO  | SCMAudit | user=jenkins1000 | ip=192.168.36.99 | op=SEND_HEARTBEAT {datanodeUUID=54207fe5-d92c-4c2e-b058-fbae630dabef, command=[]} | ret=SUCCESS |  
2019-09-20 10:25:49,140 | INFO  | SCMAudit | user=jenkins1000 | ip=192.168.36.99 | op=SEND_HEARTBEAT {datanodeUUID=66416d0b-a71c-4af1-ae3a-62ca63b880a3, command=[]} | ret=SUCCESS |  
2019-09-20 10:25:49,140 | INFO  | SCMAudit | user=jenkins1000 | ip=192.168.36.99 | op=SEND_HEARTBEAT {datanodeUUID=cff8bf6b-8d20-4327-9f29-08a3c2b49247, command=[]} | ret=SUCCESS |  
2019-09-20 10:25:49,140 | INFO  | SCMAudit | user=jenkins1000 | ip=192.168.36.99 | op=SEND_HEARTBEAT {datanodeUUID=7af711bd-b5ae-4a73-a8be-b970cae6c2d1, command=[]} | ret=SUCCESS |  
2019-09-20 10:25:49,141 | INFO  | SCMAudit | user=jenkins1000 | ip=192.168.36.99 | op=SEND_HEARTBEAT {datanodeUUID=3d6f3241-e73c-473a-ad0b-c7be2f7e1dda, command=[]} | ret=SUCCESS |  
2019-09-20 10:25:49,142 | INFO  | SCMAudit | user=jenkins1000 | ip=192.168.36.99 | op=SEND_HEARTBEAT {datanodeUUID=d2ed2d9b-7ac7-460e-84f6-6d9d6066f76d, command=[]} | ret=SUCCESS |  
2019-09-20 10:25:49,142 | INFO  | SCMAudit | user=jenkins1000 | ip=192.168.36.99 | op=SEND_HEARTBEAT {datanodeUUID=fac63c4b-287e-453e-9ac7-8c8c283fdab7, command=[]} | ret=SUCCESS |  
2019-09-20 10:25:49,142 | INFO  | SCMAudit | user=jenkins1000 | ip=192.168.36.99 | op=SEND_HEARTBEAT {datanodeUUID=17e2ba94-38a1-40e7-84e0-f6802901db84, command=[]} | ret=SUCCESS |  
2019-09-20 10:25:49,142 | INFO  | SCMAudit | user=jenkins1000 | ip=192.168.36.99 | op=SEND_HEARTBEAT {datanodeUUID=19fb8383-7c99-4449-b95c-a26e71717844, command=[]} | ret=SUCCESS |  
2019-09-20 10:25:49,142 | INFO  | SCMAudit | user=jenkins1000 | ip=192.168.36.99 | op=SEND_HEARTBEAT {datanodeUUID=1ab786b9-c79c-4265-88a1-5b3344c6beda, command=[]} | ret=SUCCESS |  
2019-09-20 10:25:49,142 | INFO  | SCMAudit | user=jenkins1000 | ip=192.168.36.99 | op=SEND_HEARTBEAT {datanodeUUID=99153be1-ba81-4c7b-b6ab-4442760615cb, command=[]} | ret=SUCCESS |  
2019-09-20 10:25:49,144 | INFO  | SCMAudit | user=jenkins1000 | ip=192.168.36.99 | op=SEND_HEARTBEAT {datanodeUUID=075fa85b-703c-4900-807d-88f08b36438a, command=[]} | ret=SUCCESS |  
2019-09-20 10:25:49,145 | INFO  | SCMAudit | user=jenkins1000 | ip=192.168.36.99 | op=SEND_HEARTBEAT {datanodeUUID=1bfb6844-04ed-4104-839b-60e510b6bb68, command=[]} | ret=SUCCESS |  
2019-09-20 10:25:49,145 | INFO  | SCMAudit | user=jenkins1000 | ip=192.168.36.99 | op=SEND_HEARTBEAT {datanodeUUID=7f6418e1-cc7a-441a-8f41-c73576b5a1c5, command=[]} | ret=SUCCESS |  
2019-09-20 10:25:49,160 [pool-474-thread-1] INFO  storage.RaftStorage (RaftStorage.java:format(72)) - Storage directory /workdir/hadoop-ozone/integration-test/target/test-dir/MiniOzoneClusterImpl-023400ba-597c-4990-9952-187ab727187d/datanode-6/data/ratis/ac324826-a5a9-48c4-8d64-d0b43c8aaba0 has been successfully formatted.
2019-09-20 10:25:49,161 [pool-474-thread-1] INFO  ratis.ContainerStateMachine (ContainerStateMachine.java:loadSnapshot(226)) - group-D0B43C8AABA0: The snapshot info is null. Setting the last applied indexto:(t:0, i:~)
2019-09-20 10:25:49,161 [pool-474-thread-1] INFO  server.RaftServerConfigKeys (ConfUtils.java:logGet(43)) - raft.server.leader.election.timeout = 120s (custom)
2019-09-20 10:25:49,161 [pool-474-thread-1] INFO  server.RaftServerConfigKeys (ConfUtils.java:logGet(43)) - raft.server.log.use.memory = false (default)
2019-09-20 10:25:49,161 [pool-474-thread-1] INFO  server.RaftServerConfigKeys (ConfUtils.java:logGet(43)) - raft.server.log.purge.gap = 1000000 (custom)
2019-09-20 10:25:49,161 [pool-474-thread-1] INFO  server.RaftServerConfigKeys (ConfUtils.java:logGet(43)) - raft.server.log.appender.buffer.byte-limit = 33554432 (custom)
2019-09-20 10:25:49,161 [pool-474-thread-1] INFO  server.RaftServerConfigKeys (ConfUtils.java:logGet(43)) - raft.server.log.segment.size.max = 1048576 (custom)
2019-09-20 10:25:49,162 [pool-474-thread-1] INFO  server.RaftServerConfigKeys (ConfUtils.java:logGet(43)) - raft.server.log.segment.cache.num.max = 2 (custom)
2019-09-20 10:25:49,162 [pool-474-thread-1] INFO  segmented.SegmentedRaftLogWorker (SegmentedRaftLogWorker.java:<init>(172)) - new a6d30058-a720-446f-9c7b-24e660d27087-SegmentedRaftLogWorker:Storage Directory /workdir/hadoop-ozone/integration-test/target/test-dir/MiniOzoneClusterImpl-023400ba-597c-4990-9952-187ab727187d/datanode-6/data/ratis/ac324826-a5a9-48c4-8d64-d0b43c8aaba0 for RaftStorage:Storage Directory /workdir/hadoop-ozone/integration-test/target/test-dir/MiniOzoneClusterImpl-023400ba-597c-4990-9952-187ab727187d/datanode-6/data/ratis/ac324826-a5a9-48c4-8d64-d0b43c8aaba0
2019-09-20 10:25:49,162 [pool-474-thread-1] INFO  server.RaftServerConfigKeys (ConfUtils.java:logGet(43)) - raft.server.log.queue.byte-limit = 2147483647 (custom)
2019-09-20 10:25:49,162 [pool-474-thread-1] INFO  server.RaftServerConfigKeys (ConfUtils.java:logGet(43)) - raft.server.log.queue.element-limit = 1024 (custom)
2019-09-20 10:25:49,162 [pool-474-thread-1] INFO  server.RaftServerConfigKeys (ConfUtils.java:logGet(43)) - raft.server.log.segment.size.max = 1048576 (custom)
2019-09-20 10:25:49,162 [pool-474-thread-1] INFO  server.RaftServerConfigKeys (ConfUtils.java:logGet(43)) - raft.server.log.preallocated.size = 16384 (custom)
2019-09-20 10:25:49,162 [pool-474-thread-1] INFO  server.RaftServerConfigKeys (ConfUtils.java:logGet(43)) - raft.server.log.write.buffer.size = 33554432 (custom)
2019-09-20 10:25:49,163 [pool-474-thread-1] INFO  server.RaftServerConfigKeys (ConfUtils.java:logGet(43)) - raft.server.log.force.sync.num = 128 (default)
2019-09-20 10:25:49,163 [pool-474-thread-1] INFO  server.RaftServerConfigKeys (ConfUtils.java:logGet(43)) - raft.server.log.statemachine.data.sync = true (default)
2019-09-20 10:25:49,163 [pool-474-thread-1] INFO  server.RaftServerConfigKeys (ConfUtils.java:logGet(43)) - raft.server.log.statemachine.data.sync.timeout = 10s (default)
2019-09-20 10:25:49,163 [pool-474-thread-1] INFO  server.RaftServerConfigKeys (ConfUtils.java:logGet(43)) - raft.server.log.statemachine.data.sync.timeout.retry = -1 (default)
2019-09-20 10:25:49,163 [pool-474-thread-1] INFO  server.RaftServerConfigKeys (ConfUtils.java:logGet(43)) - raft.server.log.statemachine.data.caching.enabled = true (custom)
2019-09-20 10:25:49,163 [pool-474-thread-1] INFO  segmented.SegmentedRaftLogWorker (SegmentedRaftLogWorker.java:lambda$new$0(132)) - a6d30058-a720-446f-9c7b-24e660d27087-SegmentedRaftLogWorker:Storage Directory /workdir/hadoop-ozone/integration-test/target/test-dir/MiniOzoneClusterImpl-023400ba-597c-4990-9952-187ab727187d/datanode-6/data/ratis/ac324826-a5a9-48c4-8d64-d0b43c8aaba0: flushIndex: setUnconditionally 0 -> -1
2019-09-20 10:25:49,164 [pool-474-thread-1] INFO  server.RaftServerConfigKeys (ConfUtils.java:logGet(43)) - raft.server.snapshot.auto.trigger.enabled = true (custom)
2019-09-20 10:25:49,164 [pool-474-thread-1] INFO  server.RaftServerConfigKeys (ConfUtils.java:logGet(43)) - raft.server.snapshot.auto.trigger.threshold = 10000 (custom)
2019-09-20 10:25:49,164 [pool-474-thread-1] INFO  server.RaftServerConfigKeys (ConfUtils.java:logGet(43)) - raft.server.retrycache.expirytime = 600000ms (custom)
2019-09-20 10:25:49,164 [pool-474-thread-1] INFO  impl.RaftServerImpl (RaftServerImpl.java:start(180)) - a6d30058-a720-446f-9c7b-24e660d27087: start group-D0B43C8AABA0
2019-09-20 10:25:49,165 [pool-474-thread-1] INFO  impl.RaftServerImpl (RaftServerImpl.java:setRole(171)) - a6d30058-a720-446f-9c7b-24e660d27087:group-D0B43C8AABA0 changes role from null to FOLLOWER at term 0 for startAsFollower
2019-09-20 10:25:49,165 [pool-474-thread-1] INFO  impl.RoleInfo (RoleInfo.java:updateAndGet(143)) - a6d30058-a720-446f-9c7b-24e660d27087: start FollowerState
2019-09-20 10:25:49,165 [pool-474-thread-1] INFO  util.JmxRegister (JmxRegister.java:tryRegister(44)) - Successfully registered JMX Bean with object name Ratis:service=RaftServer,group=group-D0B43C8AABA0,id=a6d30058-a720-446f-9c7b-24e660d27087
2019-09-20 10:25:49,168 [RatisPipelineUtilsThread] INFO  pipeline.PipelineStateManager (PipelineStateManager.java:addPipeline(56)) - Created pipeline Pipeline[ Id: ac324826-a5a9-48c4-8d64-d0b43c8aaba0, Nodes: a6d30058-a720-446f-9c7b-24e660d27087{ip: 192.168.36.99, host: pr-hdds-1569-p5fx8-1226042367, networkLocation: /default-rack, certSerialId: null}, Type:RATIS, Factor:ONE, State:OPEN]
2019-09-20 10:25:49,168 [RatisPipelineUtilsThread] INFO  pipeline.PipelinePlacementPolicy (PipelinePlacementPolicy.java:meetCriteria(91)) - Pipeline Placement: Doesn't meet the criteria to be viable node： 0d89bd5b-f1f0-4d05-b956-8c5f0ef5931a Heaviness: 6 limit: 5
2019-09-20 10:25:49,168 [RatisPipelineUtilsThread] INFO  pipeline.PipelinePlacementPolicy (PipelinePlacementPolicy.java:meetCriteria(91)) - Pipeline Placement: Doesn't meet the criteria to be viable node： e238300f-1c21-4f37-b50e-3ecfb3791348 Heaviness: 6 limit: 5
2019-09-20 10:25:49,168 [RatisPipelineUtilsThread] INFO  pipeline.PipelinePlacementPolicy (PipelinePlacementPolicy.java:meetCriteria(91)) - Pipeline Placement: Doesn't meet the criteria to be viable node： ab9a4c63-343a-4b7c-89c7-d536c40c06d3 Heaviness: 6 limit: 5
2019-09-20 10:25:49,169 [RatisPipelineUtilsThread] INFO  pipeline.PipelinePlacementPolicy (PipelinePlacementPolicy.java:meetCriteria(91)) - Pipeline Placement: Doesn't meet the criteria to be viable node： 206c8d3c-b23c-44eb-904e-8a117dc81c96 Heaviness: 6 limit: 5
2019-09-20 10:25:49,169 [RatisPipelineUtilsThread] INFO  pipeline.PipelinePlacementPolicy (PipelinePlacementPolicy.java:meetCriteria(91)) - Pipeline Placement: Doesn't meet the criteria to be viable node： a3551cd1-78f2-43f6-afc0-6c6852e9cef9 Heaviness: 6 limit: 5
2019-09-20 10:25:49,169 [RatisPipelineUtilsThread] INFO  pipeline.PipelinePlacementPolicy (PipelinePlacementPolicy.java:meetCriteria(91)) - Pipeline Placement: Doesn't meet the criteria to be viable node： 6f3631be-ef72-40c3-a17d-cb6a2edd0adf Heaviness: 6 limit: 5
2019-09-20 10:25:49,173 [grpc-default-executor-4] INFO  impl.RaftServerProxy (RaftServerProxy.java:addNew(89)) - a6d30058-a720-446f-9c7b-24e660d27087: addNew group-F7A4C6E5AF2B:[a6d30058-a720-446f-9c7b-24e660d27087:192.168.36.99:33555] returns group-F7A4C6E5AF2B:java.util.concurrent.CompletableFuture@5a33bd45[Not completed]
2019-09-20 10:25:49,174 [pool-474-thread-1] INFO  impl.RaftServerImpl (RaftServerImpl.java:<init>(93)) - a6d30058-a720-446f-9c7b-24e660d27087: new RaftServerImpl for group-F7A4C6E5AF2B:[a6d30058-a720-446f-9c7b-24e660d27087:192.168.36.99:33555] with ContainerStateMachine:uninitialized
2019-09-20 10:25:49,174 [pool-474-thread-1] INFO  server.RaftServerConfigKeys (ConfUtils.java:logGet(43)) - raft.server.rpc.timeout.min = 5s (custom)
2019-09-20 10:25:49,174 [pool-474-thread-1] INFO  server.RaftServerConfigKeys (ConfUtils.java:logGet(43)) - raft.server.rpc.timeout.max = 5200ms (custom)
2019-09-20 10:25:49,174 [pool-474-thread-1] INFO  server.RaftServerConfigKeys (ConfUtils.java:logGet(43)) - raft.server.rpcslowness.timeout = 120s (custom)
2019-09-20 10:25:49,174 [pool-474-thread-1] INFO  server.RaftServerConfigKeys (ConfUtils.java:logGet(43)) - raft.server.sleep.deviation.threshold = 300 (default)
2019-09-20 10:25:49,174 [pool-474-thread-1] INFO  server.RaftServerConfigKeys (ConfUtils.java:logGet(43)) - raft.server.log.appender.install.snapshot.enabled = false (custom)
2019-09-20 10:25:49,175 [pool-474-thread-1] INFO  impl.RaftServerImpl (ServerState.java:<init>(105)) - a6d30058-a720-446f-9c7b-24e660d27087:group-F7A4C6E5AF2B ConfigurationManager, init=-1: [a6d30058-a720-446f-9c7b-24e660d27087:192.168.36.99:33555], old=null, confs=<EMPTY_MAP>
2019-09-20 10:25:49,175 [pool-474-thread-1] INFO  server.RaftServerConfigKeys (ConfUtils.java:logGet(43)) - raft.server.storage.dir = [/workdir/hadoop-ozone/integration-test/target/test-dir/MiniOzoneClusterImpl-023400ba-597c-4990-9952-187ab727187d/datanode-6/data/ratis] (custom)
2019-09-20 10:25:49,175 [pool-474-thread-1] INFO  storage.RaftStorageDirectory (RaftStorageDirectory.java:analyzeStorage(246)) - The storage directory /workdir/hadoop-ozone/integration-test/target/test-dir/MiniOzoneClusterImpl-023400ba-597c-4990-9952-187ab727187d/datanode-6/data/ratis/01afc651-f4f3-4e71-b5ef-f7a4c6e5af2b does not exist. Creating ...
2019-09-20 10:25:49,211 [pool-474-thread-1] INFO  storage.RaftStorageDirectory (RaftStorageDirectory.java:tryLock(328)) - Lock on /workdir/hadoop-ozone/integration-test/target/test-dir/MiniOzoneClusterImpl-023400ba-597c-4990-9952-187ab727187d/datanode-6/data/ratis/01afc651-f4f3-4e71-b5ef-f7a4c6e5af2b/in_use.lock acquired by nodename 28506@pr-hdds-1569-p5fx8-1226042367
2019-09-20 10:25:49,236 [pool-474-thread-1] INFO  storage.RaftStorage (RaftStorage.java:format(72)) - Storage directory /workdir/hadoop-ozone/integration-test/target/test-dir/MiniOzoneClusterImpl-023400ba-597c-4990-9952-187ab727187d/datanode-6/data/ratis/01afc651-f4f3-4e71-b5ef-f7a4c6e5af2b has been successfully formatted.
2019-09-20 10:25:49,236 [pool-474-thread-1] INFO  ratis.ContainerStateMachine (ContainerStateMachine.java:loadSnapshot(226)) - group-F7A4C6E5AF2B: The snapshot info is null. Setting the last applied indexto:(t:0, i:~)
2019-09-20 10:25:49,237 [pool-474-thread-1] INFO  server.RaftServerConfigKeys (ConfUtils.java:logGet(43)) - raft.server.leader.election.timeout = 120s (custom)
2019-09-20 10:25:49,237 [pool-474-thread-1] INFO  server.RaftServerConfigKeys (ConfUtils.java:logGet(43)) - raft.server.log.use.memory = false (default)
2019-09-20 10:25:49,237 [pool-474-thread-1] INFO  server.RaftServerConfigKeys (ConfUtils.java:logGet(43)) - raft.server.log.purge.gap = 1000000 (custom)
2019-09-20 10:25:49,237 [pool-474-thread-1] INFO  server.RaftServerConfigKeys (ConfUtils.java:logGet(43)) - raft.server.log.appender.buffer.byte-limit = 33554432 (custom)
2019-09-20 10:25:49,237 [pool-474-thread-1] INFO  server.RaftServerConfigKeys (ConfUtils.java:logGet(43)) - raft.server.log.segment.size.max = 1048576 (custom)
2019-09-20 10:25:49,237 [pool-474-thread-1] INFO  server.RaftServerConfigKeys (ConfUtils.java:logGet(43)) - raft.server.log.segment.cache.num.max = 2 (custom)
2019-09-20 10:25:49,237 [pool-474-thread-1] INFO  segmented.SegmentedRaftLogWorker (SegmentedRaftLogWorker.java:<init>(172)) - new a6d30058-a720-446f-9c7b-24e660d27087-SegmentedRaftLogWorker:Storage Directory /workdir/hadoop-ozone/integration-test/target/test-dir/MiniOzoneClusterImpl-023400ba-597c-4990-9952-187ab727187d/datanode-6/data/ratis/01afc651-f4f3-4e71-b5ef-f7a4c6e5af2b for RaftStorage:Storage Directory /workdir/hadoop-ozone/integration-test/target/test-dir/MiniOzoneClusterImpl-023400ba-597c-4990-9952-187ab727187d/datanode-6/data/ratis/01afc651-f4f3-4e71-b5ef-f7a4c6e5af2b
2019-09-20 10:25:49,238 [pool-474-thread-1] INFO  server.RaftServerConfigKeys (ConfUtils.java:logGet(43)) - raft.server.log.queue.byte-limit = 2147483647 (custom)
2019-09-20 10:25:49,238 [pool-474-thread-1] INFO  server.RaftServerConfigKeys (ConfUtils.java:logGet(43)) - raft.server.log.queue.element-limit = 1024 (custom)
2019-09-20 10:25:49,238 [pool-474-thread-1] INFO  server.RaftServerConfigKeys (ConfUtils.java:logGet(43)) - raft.server.log.segment.size.max = 1048576 (custom)
2019-09-20 10:25:49,238 [pool-474-thread-1] INFO  server.RaftServerConfigKeys (ConfUtils.java:logGet(43)) - raft.server.log.preallocated.size = 16384 (custom)
2019-09-20 10:25:49,238 [pool-474-thread-1] INFO  server.RaftServerConfigKeys (ConfUtils.java:logGet(43)) - raft.server.log.write.buffer.size = 33554432 (custom)
2019-09-20 10:25:49,238 [pool-474-thread-1] INFO  server.RaftServerConfigKeys (ConfUtils.java:logGet(43)) - raft.server.log.force.sync.num = 128 (default)
2019-09-20 10:25:49,238 [pool-474-thread-1] INFO  server.RaftServerConfigKeys (ConfUtils.java:logGet(43)) - raft.server.log.statemachine.data.sync = true (default)
2019-09-20 10:25:49,238 [pool-474-thread-1] INFO  server.RaftServerConfigKeys (ConfUtils.java:logGet(43)) - raft.server.log.statemachine.data.sync.timeout = 10s (default)
2019-09-20 10:25:49,239 [pool-474-thread-1] INFO  server.RaftServerConfigKeys (ConfUtils.java:logGet(43)) - raft.server.log.statemachine.data.sync.timeout.retry = -1 (default)
2019-09-20 10:25:49,239 [pool-474-thread-1] INFO  server.RaftServerConfigKeys (ConfUtils.java:logGet(43)) - raft.server.log.statemachine.data.caching.enabled = true (custom)
2019-09-20 10:25:49,239 [pool-474-thread-1] INFO  segmented.SegmentedRaftLogWorker (SegmentedRaftLogWorker.java:lambda$new$0(132)) - a6d30058-a720-446f-9c7b-24e660d27087-SegmentedRaftLogWorker:Storage Directory /workdir/hadoop-ozone/integration-test/target/test-dir/MiniOzoneClusterImpl-023400ba-597c-4990-9952-187ab727187d/datanode-6/data/ratis/01afc651-f4f3-4e71-b5ef-f7a4c6e5af2b: flushIndex: setUnconditionally 0 -> -1
2019-09-20 10:25:49,239 [pool-474-thread-1] INFO  server.RaftServerConfigKeys (ConfUtils.java:logGet(43)) - raft.server.snapshot.auto.trigger.enabled = true (custom)
2019-09-20 10:25:49,240 [pool-474-thread-1] INFO  server.RaftServerConfigKeys (ConfUtils.java:logGet(43)) - raft.server.snapshot.auto.trigger.threshold = 10000 (custom)
2019-09-20 10:25:49,240 [pool-474-thread-1] INFO  server.RaftServerConfigKeys (ConfUtils.java:logGet(43)) - raft.server.retrycache.expirytime = 600000ms (custom)
2019-09-20 10:25:49,240 [pool-474-thread-1] INFO  impl.RaftServerImpl (RaftServerImpl.java:start(180)) - a6d30058-a720-446f-9c7b-24e660d27087: start group-F7A4C6E5AF2B
2019-09-20 10:25:49,240 [pool-474-thread-1] INFO  impl.RaftServerImpl (RaftServerImpl.java:setRole(171)) - a6d30058-a720-446f-9c7b-24e660d27087:group-F7A4C6E5AF2B changes role from null to FOLLOWER at term 0 for startAsFollower
2019-09-20 10:25:49,240 [pool-474-thread-1] INFO  impl.RoleInfo (RoleInfo.java:updateAndGet(143)) - a6d30058-a720-446f-9c7b-24e660d27087: start FollowerState
2019-09-20 10:25:49,241 [pool-474-thread-1] INFO  util.JmxRegister (JmxRegister.java:tryRegister(44)) - Successfully registered JMX Bean with object name Ratis:service=RaftServer,group=group-F7A4C6E5AF2B,id=a6d30058-a720-446f-9c7b-24e660d27087
2019-09-20 10:25:49,243 [RatisPipelineUtilsThread] INFO  pipeline.PipelineStateManager (PipelineStateManager.java:addPipeline(56)) - Created pipeline Pipeline[ Id: 01afc651-f4f3-4e71-b5ef-f7a4c6e5af2b, Nodes: a6d30058-a720-446f-9c7b-24e660d27087{ip: 192.168.36.99, host: pr-hdds-1569-p5fx8-1226042367, networkLocation: /default-rack, certSerialId: null}, Type:RATIS, Factor:ONE, State:OPEN]
2019-09-20 10:25:49,244 [RatisPipelineUtilsThread] INFO  pipeline.PipelinePlacementPolicy (PipelinePlacementPolicy.java:meetCriteria(91)) - Pipeline Placement: Doesn't meet the criteria to be viable node： 0d89bd5b-f1f0-4d05-b956-8c5f0ef5931a Heaviness: 6 limit: 5
2019-09-20 10:25:49,244 [RatisPipelineUtilsThread] INFO  pipeline.PipelinePlacementPolicy (PipelinePlacementPolicy.java:meetCriteria(91)) - Pipeline Placement: Doesn't meet the criteria to be viable node： e238300f-1c21-4f37-b50e-3ecfb3791348 Heaviness: 6 limit: 5
2019-09-20 10:25:49,244 [RatisPipelineUtilsThread] INFO  pipeline.PipelinePlacementPolicy (PipelinePlacementPolicy.java:meetCriteria(91)) - Pipeline Placement: Doesn't meet the criteria to be viable node： ab9a4c63-343a-4b7c-89c7-d536c40c06d3 Heaviness: 6 limit: 5
2019-09-20 10:25:49,244 [RatisPipelineUtilsThread] INFO  pipeline.PipelinePlacementPolicy (PipelinePlacementPolicy.java:meetCriteria(91)) - Pipeline Placement: Doesn't meet the criteria to be viable node： 206c8d3c-b23c-44eb-904e-8a117dc81c96 Heaviness: 6 limit: 5
2019-09-20 10:25:49,245 [RatisPipelineUtilsThread] INFO  pipeline.PipelinePlacementPolicy (PipelinePlacementPolicy.java:meetCriteria(91)) - Pipeline Placement: Doesn't meet the criteria to be viable node： a3551cd1-78f2-43f6-afc0-6c6852e9cef9 Heaviness: 6 limit: 5
2019-09-20 10:25:49,245 [RatisPipelineUtilsThread] INFO  pipeline.PipelinePlacementPolicy (PipelinePlacementPolicy.java:meetCriteria(91)) - Pipeline Placement: Doesn't meet the criteria to be viable node： 6f3631be-ef72-40c3-a17d-cb6a2edd0adf Heaviness: 6 limit: 5
2019-09-20 10:25:49,245 [RatisPipelineUtilsThread] INFO  pipeline.PipelinePlacementPolicy (PipelinePlacementPolicy.java:meetCriteria(91)) - Pipeline Placement: Doesn't meet the criteria to be viable node： a6d30058-a720-446f-9c7b-24e660d27087 Heaviness: 6 limit: 5
2019-09-20 10:25:49,245 [RatisPipelineUtilsThread] ERROR pipeline.PipelinePlacementPolicy (PipelinePlacementPolicy.java:filterViableNodes(148)) - Unable to find enough nodes that meet the criteria that cannot engage in more than 5 pipelines. Nodes required: 1 Found: 0, healthy nodes count inNodeManager: 7.
2019-09-20 10:25:49,245 [RatisPipelineUtilsThread] ERROR pipeline.SCMPipelineManager (SCMPipelineManager.java:createPipeline(161)) - Pipeline creation failed due to exception: Unable to find enough nodes that meet the criteria that cannot engage in more than 5 pipelines. Nodes required: 1 Found: 0, healthy nodes count inNodeManager: 7.
2019-09-20 10:25:49,245 [RatisPipelineUtilsThread] INFO  pipeline.PipelinePlacementPolicy (PipelinePlacementPolicy.java:meetCriteria(91)) - Pipeline Placement: Doesn't meet the criteria to be viable node： 0d89bd5b-f1f0-4d05-b956-8c5f0ef5931a Heaviness: 6 limit: 5
2019-09-20 10:25:49,246 [RatisPipelineUtilsThread] INFO  pipeline.PipelinePlacementPolicy (PipelinePlacementPolicy.java:meetCriteria(91)) - Pipeline Placement: Doesn't meet the criteria to be viable node： e238300f-1c21-4f37-b50e-3ecfb3791348 Heaviness: 6 limit: 5
2019-09-20 10:25:49,246 [RatisPipelineUtilsThread] INFO  pipeline.PipelinePlacementPolicy (PipelinePlacementPolicy.java:meetCriteria(91)) - Pipeline Placement: Doesn't meet the criteria to be viable node： ab9a4c63-343a-4b7c-89c7-d536c40c06d3 Heaviness: 6 limit: 5
2019-09-20 10:25:49,246 [RatisPipelineUtilsThread] INFO  pipeline.PipelinePlacementPolicy (PipelinePlacementPolicy.java:meetCriteria(91)) - Pipeline Placement: Doesn't meet the criteria to be viable node： 206c8d3c-b23c-44eb-904e-8a117dc81c96 Heaviness: 6 limit: 5
2019-09-20 10:25:49,246 [RatisPipelineUtilsThread] INFO  pipeline.PipelinePlacementPolicy (PipelinePlacementPolicy.java:meetCriteria(91)) - Pipeline Placement: Doesn't meet the criteria to be viable node： a3551cd1-78f2-43f6-afc0-6c6852e9cef9 Heaviness: 6 limit: 5
2019-09-20 10:25:49,246 [RatisPipelineUtilsThread] INFO  pipeline.PipelinePlacementPolicy (PipelinePlacementPolicy.java:meetCriteria(91)) - Pipeline Placement: Doesn't meet the criteria to be viable node： 6f3631be-ef72-40c3-a17d-cb6a2edd0adf Heaviness: 6 limit: 5
2019-09-20 10:25:49,246 [RatisPipelineUtilsThread] INFO  pipeline.PipelinePlacementPolicy (PipelinePlacementPolicy.java:meetCriteria(91)) - Pipeline Placement: Doesn't meet the criteria to be viable node： a6d30058-a720-446f-9c7b-24e660d27087 Heaviness: 6 limit: 5
2019-09-20 10:25:49,247 [RatisPipelineUtilsThread] ERROR pipeline.PipelinePlacementPolicy (PipelinePlacementPolicy.java:filterViableNodes(148)) - Unable to find enough nodes that meet the criteria that cannot engage in more than 5 pipelines. Nodes required: 3 Found: 0, healthy nodes count inNodeManager: 7.
2019-09-20 10:25:49,247 [RatisPipelineUtilsThread] ERROR pipeline.SCMPipelineManager (SCMPipelineManager.java:createPipeline(161)) - Pipeline creation failed due to exception: Unable to find enough nodes that meet the criteria that cannot engage in more than 5 pipelines. Nodes required: 3 Found: 0, healthy nodes count inNodeManager: 7.
2019-09-20 10:25:49,389 | INFO  | SCMAudit | user=jenkins1000 | ip=192.168.36.99 | op=SEND_HEARTBEAT {datanodeUUID=0d89bd5b-f1f0-4d05-b956-8c5f0ef5931a, command=[]} | ret=SUCCESS |  
2019-09-20 10:25:49,432 | INFO  | SCMAudit | user=jenkins1000 | ip=192.168.36.99 | op=SEND_HEARTBEAT {datanodeUUID=a3551cd1-78f2-43f6-afc0-6c6852e9cef9, command=[]} | ret=SUCCESS |  
2019-09-20 10:25:49,702 [main] INFO  ozone.MiniOzoneClusterImpl (MiniOzoneClusterImpl.java:lambda$waitForClusterToBeReady$0(142)) - Cluster is ready. Got 7 of 7 DN Heartbeats.
2019-09-20 10:25:49,736 | INFO  | SCMAudit | user=jenkins1000 | ip=192.168.36.99 | op=SEND_HEARTBEAT {datanodeUUID=206c8d3c-b23c-44eb-904e-8a117dc81c96, command=[]} | ret=SUCCESS |  
2019-09-20 10:25:49,920 | INFO  | SCMAudit | user=jenkins1000 | ip=192.168.36.99 | op=SEND_HEARTBEAT {datanodeUUID=6f3631be-ef72-40c3-a17d-cb6a2edd0adf, command=[]} | ret=SUCCESS |  
2019-09-20 10:25:49,920 | INFO  | SCMAudit | user=jenkins1000 | ip=192.168.36.99 | op=SEND_HEARTBEAT {datanodeUUID=e238300f-1c21-4f37-b50e-3ecfb3791348, command=[]} | ret=SUCCESS |  
2019-09-20 10:25:49,964 [main] INFO  rpc.RpcClient (RpcClient.java:createVolume(293)) - Creating Volume: watchforcommithandlingtest, with jenkins1000 as owner.
2019-09-20 10:25:49,980 | INFO  | OMAudit | user=jenkins1000 | ip=127.0.0.1 | op=CREATE_VOLUME {admin=jenkins1000, owner=jenkins1000, volume=watchforcommithandlingtest, creationTime=1568975149966, quotaInBytes=1152921504606846976} | ret=SUCCESS |  
2019-09-20 10:25:50,015 | INFO  | OMAudit | user=jenkins1000 | ip=127.0.0.1 | op=READ_VOLUME {volume=watchforcommithandlingtest} | ret=SUCCESS |  
2019-09-20 10:25:50,016 [main] INFO  rpc.RpcClient (RpcClient.java:createBucket(432)) - Creating Bucket: watchforcommithandlingtest/watchforcommithandlingtest, with Versioning false and Storage Type set to DISK and Encryption set to false 
2019-09-20 10:25:50,026 | INFO  | OMAudit | user=jenkins1000 | ip=127.0.0.1 | op=CREATE_BUCKET {volume=watchforcommithandlingtest, bucket=watchforcommithandlingtest, acls=[user:jenkins1000:a[ACCESS], group:default:a[ACCESS]], isVersionEnabled=false, storageType=DISK, creationTime=0} | ret=SUCCESS |  
2019-09-20 10:25:50,026 [main] INFO  ozone.MiniOzoneClusterImpl (MiniOzoneClusterImpl.java:getStorageContainerLocationClient(241)) - Creating StorageContainerLocationProtocol RPC client with address /0.0.0.0:44018
2019-09-20 10:25:50,035 [IPC Server handler 0 on 44018] INFO  pipeline.PipelinePlacementPolicy (PipelinePlacementPolicy.java:meetCriteria(91)) - Pipeline Placement: Doesn't meet the criteria to be viable node： 0d89bd5b-f1f0-4d05-b956-8c5f0ef5931a Heaviness: 6 limit: 5
2019-09-20 10:25:50,035 [IPC Server handler 0 on 44018] INFO  pipeline.PipelinePlacementPolicy (PipelinePlacementPolicy.java:meetCriteria(91)) - Pipeline Placement: Doesn't meet the criteria to be viable node： e238300f-1c21-4f37-b50e-3ecfb3791348 Heaviness: 6 limit: 5
2019-09-20 10:25:50,035 [IPC Server handler 0 on 44018] INFO  pipeline.PipelinePlacementPolicy (PipelinePlacementPolicy.java:meetCriteria(91)) - Pipeline Placement: Doesn't meet the criteria to be viable node： ab9a4c63-343a-4b7c-89c7-d536c40c06d3 Heaviness: 6 limit: 5
2019-09-20 10:25:50,035 [IPC Server handler 0 on 44018] INFO  pipeline.PipelinePlacementPolicy (PipelinePlacementPolicy.java:meetCriteria(91)) - Pipeline Placement: Doesn't meet the criteria to be viable node： 206c8d3c-b23c-44eb-904e-8a117dc81c96 Heaviness: 6 limit: 5
2019-09-20 10:25:50,036 [IPC Server handler 0 on 44018] INFO  pipeline.PipelinePlacementPolicy (PipelinePlacementPolicy.java:meetCriteria(91)) - Pipeline Placement: Doesn't meet the criteria to be viable node： a3551cd1-78f2-43f6-afc0-6c6852e9cef9 Heaviness: 6 limit: 5
2019-09-20 10:25:50,036 [IPC Server handler 0 on 44018] INFO  pipeline.PipelinePlacementPolicy (PipelinePlacementPolicy.java:meetCriteria(91)) - Pipeline Placement: Doesn't meet the criteria to be viable node： 6f3631be-ef72-40c3-a17d-cb6a2edd0adf Heaviness: 6 limit: 5
2019-09-20 10:25:50,036 [IPC Server handler 0 on 44018] INFO  pipeline.PipelinePlacementPolicy (PipelinePlacementPolicy.java:meetCriteria(91)) - Pipeline Placement: Doesn't meet the criteria to be viable node： a6d30058-a720-446f-9c7b-24e660d27087 Heaviness: 6 limit: 5
2019-09-20 10:25:50,036 [IPC Server handler 0 on 44018] ERROR pipeline.PipelinePlacementPolicy (PipelinePlacementPolicy.java:filterViableNodes(148)) - Unable to find enough nodes that meet the criteria that cannot engage in more than 5 pipelines. Nodes required: 3 Found: 0, healthy nodes count inNodeManager: 7.
2019-09-20 10:25:50,036 [IPC Server handler 0 on 44018] ERROR pipeline.SCMPipelineManager (SCMPipelineManager.java:createPipeline(161)) - Pipeline creation failed due to exception: Unable to find enough nodes that meet the criteria that cannot engage in more than 5 pipelines. Nodes required: 3 Found: 0, healthy nodes count inNodeManager: 7.
2019-09-20 10:25:50,037 [IPC Server handler 0 on 44018] INFO  ipc.Server (Server.java:logException(2726)) - IPC Server handler 0 on 44018, call Call#1751 Retry#0 org.apache.hadoop.hdds.scm.protocol.StorageContainerLocationProtocol.allocateContainer from 192.168.36.99:38716
java.io.IOException: Could not allocate container. Cannot get any matching pipeline for Type:RATIS, Factor:THREE, State:PipelineState.OPEN
	at org.apache.hadoop.hdds.scm.container.ContainerStateManager.allocateContainer(ContainerStateManager.java:260)
	at org.apache.hadoop.hdds.scm.container.SCMContainerManager.allocateContainer(SCMContainerManager.java:247)
	at org.apache.hadoop.hdds.scm.server.SCMClientProtocolServer.allocateContainer(SCMClientProtocolServer.java:186)
	at org.apache.hadoop.ozone.protocolPB.StorageContainerLocationProtocolServerSideTranslatorPB.allocateContainer(StorageContainerLocationProtocolServerSideTranslatorPB.java:115)
	at org.apache.hadoop.hdds.protocol.proto.StorageContainerLocationProtocolProtos$StorageContainerLocationProtocolService$2.callBlockingMethod(StorageContainerLocationProtocolProtos.java:19079)
	at org.apache.hadoop.ipc.ProtobufRpcEngine$Server$ProtoBufRpcInvoker.call(ProtobufRpcEngine.java:524)
	at org.apache.hadoop.ipc.RPC$Server.call(RPC.java:1025)
	at org.apache.hadoop.ipc.Server$RpcCall.run(Server.java:876)
	at org.apache.hadoop.ipc.Server$RpcCall.run(Server.java:822)
	at java.security.AccessController.doPrivileged(Native Method)
	at javax.security.auth.Subject.doAs(Subject.java:422)
	at org.apache.hadoop.security.UserGroupInformation.doAs(UserGroupInformation.java:1730)
	at org.apache.hadoop.ipc.Server$Handler.run(Server.java:2682)
]]></system-out>
    <system-err><![CDATA[Sep 20, 2019 10:25:41 AM com.sun.jersey.server.impl.application.WebApplicationImpl _initiate
INFO: Initiating Jersey application, version 'Jersey: 1.19 02/11/2015 03:25 AM'
Sep 20, 2019 10:25:42 AM com.sun.jersey.server.impl.application.WebApplicationImpl _initiate
INFO: Initiating Jersey application, version 'Jersey: 1.19 02/11/2015 03:25 AM'
Sep 20, 2019 10:25:42 AM com.sun.jersey.server.impl.application.WebApplicationImpl _initiate
INFO: Initiating Jersey application, version 'Jersey: 1.19 02/11/2015 03:25 AM'
Sep 20, 2019 10:25:43 AM com.sun.jersey.server.impl.application.WebApplicationImpl _initiate
INFO: Initiating Jersey application, version 'Jersey: 1.19 02/11/2015 03:25 AM'
Sep 20, 2019 10:25:43 AM com.sun.jersey.server.impl.application.WebApplicationImpl _initiate
INFO: Initiating Jersey application, version 'Jersey: 1.19 02/11/2015 03:25 AM'
Sep 20, 2019 10:25:44 AM com.sun.jersey.server.impl.application.WebApplicationImpl _initiate
INFO: Initiating Jersey application, version 'Jersey: 1.19 02/11/2015 03:25 AM'
Sep 20, 2019 10:25:44 AM com.sun.jersey.server.impl.application.WebApplicationImpl _initiate
INFO: Initiating Jersey application, version 'Jersey: 1.19 02/11/2015 03:25 AM'
]]></system-err>
  </testcase>
</testsuite>